<?xml version="1.0" encoding="UTF-8"?>
<testsuite xmlns:xsi="http://www.w3.org/2001/XMLSchema-instance" xsi:noNamespaceSchemaLocation="https://maven.apache.org/surefire/maven-surefire-plugin/xsd/surefire-test-report.xsd" name="org.apache.hadoop.ozone.client.rpc.TestBlockOutputStreamWithFailures" time="786.057" tests="8" errors="0" skipped="0" failures="2">
  <properties>
    <property name="awt.toolkit" value="sun.awt.X11.XToolkit"/>
    <property name="file.encoding.pkg" value="sun.io"/>
    <property name="java.specification.version" value="1.8"/>
    <property name="sun.cpu.isalist" value=""/>
    <property name="sun.jnu.encoding" value="UTF-8"/>
    <property name="java.class.path" value="/workdir/hadoop-ozone/integration-test/target/test-classes:/workdir/hadoop-ozone/integration-test/target/classes:/home/user/.m2/repository/org/apache/hadoop/hadoop-ozone-common/0.5.0-SNAPSHOT/hadoop-ozone-common-0.5.0-SNAPSHOT.jar:/home/user/.m2/repository/org/apache/commons/commons-compress/1.4.1/commons-compress-1.4.1.jar:/home/user/.m2/repository/org/tukaani/xz/1.0/xz-1.0.jar:/home/user/.m2/repository/org/apache/hadoop/hadoop-common/3.2.0/hadoop-common-3.2.0.jar:/home/user/.m2/repository/org/apache/hadoop/hadoop-hdfs/3.2.0/hadoop-hdfs-3.2.0.jar:/home/user/.m2/repository/org/apache/hadoop/hadoop-hdfs-client/3.2.0/hadoop-hdfs-client-3.2.0.jar:/home/user/.m2/repository/com/fasterxml/jackson/core/jackson-annotations/2.9.9/jackson-annotations-2.9.9.jar:/home/user/.m2/repository/org/apache/hadoop/hadoop-hdds-common/0.5.0-SNAPSHOT/hadoop-hdds-common-0.5.0-SNAPSHOT.jar:/home/user/.m2/repository/javax/annotation/javax.annotation-api/1.2/javax.annotation-api-1.2.jar:/home/user/.m2/repository/org/apache/ratis/ratis-server/0.4.0/ratis-server-0.4.0.jar:/home/user/.m2/repository/org/apache/ratis/ratis-thirdparty-misc/0.2.0/ratis-thirdparty-misc-0.2.0.jar:/home/user/.m2/repository/org/apache/ratis/ratis-proto/0.4.0/ratis-proto-0.4.0.jar:/home/user/.m2/repository/org/apache/ratis/ratis-common/0.4.0/ratis-common-0.4.0.jar:/home/user/.m2/repository/org/apache/ratis/ratis-client/0.4.0/ratis-client-0.4.0.jar:/home/user/.m2/repository/org/apache/ratis/ratis-metrics/0.4.0/ratis-metrics-0.4.0.jar:/home/user/.m2/repository/com/github/joshelser/dropwizard-metrics-hadoop-metrics2-reporter/0.1.2/dropwizard-metrics-hadoop-metrics2-reporter-0.1.2.jar:/home/user/.m2/repository/io/dropwizard/metrics/metrics-jvm/3.2.5/metrics-jvm-3.2.5.jar:/home/user/.m2/repository/io/dropwizard/metrics/metrics-ganglia/3.2.5/metrics-ganglia-3.2.5.jar:/home/user/.m2/repository/info/ganglia/gmetric4j/gmetric4j/1.0.7/gmetric4j-1.0.7.jar:/home/user/.m2/repository/org/apache/ratis/ratis-netty/0.4.0/ratis-netty-0.4.0.jar:/home/user/.m2/repository/org/apache/ratis/ratis-grpc/0.4.0/ratis-grpc-0.4.0.jar:/home/user/.m2/repository/org/rocksdb/rocksdbjni/6.0.1/rocksdbjni-6.0.1.jar:/home/user/.m2/repository/org/apache/logging/log4j/log4j-api/2.11.0/log4j-api-2.11.0.jar:/home/user/.m2/repository/org/apache/logging/log4j/log4j-core/2.11.0/log4j-core-2.11.0.jar:/home/user/.m2/repository/com/lmax/disruptor/3.4.2/disruptor-3.4.2.jar:/home/user/.m2/repository/org/apache/commons/commons-pool2/2.6.0/commons-pool2-2.6.0.jar:/home/user/.m2/repository/org/bouncycastle/bcpkix-jdk15on/1.60/bcpkix-jdk15on-1.60.jar:/home/user/.m2/repository/commons-validator/commons-validator/1.6/commons-validator-1.6.jar:/home/user/.m2/repository/commons-digester/commons-digester/1.8.1/commons-digester-1.8.1.jar:/home/user/.m2/repository/io/jaegertracing/jaeger-client/0.34.0/jaeger-client-0.34.0.jar:/home/user/.m2/repository/io/jaegertracing/jaeger-thrift/0.34.0/jaeger-thrift-0.34.0.jar:/home/user/.m2/repository/org/apache/thrift/libthrift/0.12.0/libthrift-0.12.0.jar:/home/user/.m2/repository/com/squareup/okhttp3/okhttp/3.9.0/okhttp-3.9.0.jar:/home/user/.m2/repository/com/squareup/okio/okio/1.13.0/okio-1.13.0.jar:/home/user/.m2/repository/io/jaegertracing/jaeger-core/0.34.0/jaeger-core-0.34.0.jar:/home/user/.m2/repository/io/jaegertracing/jaeger-tracerresolver/0.34.0/jaeger-tracerresolver-0.34.0.jar:/home/user/.m2/repository/io/opentracing/contrib/opentracing-tracerresolver/0.1.5/opentracing-tracerresolver-0.1.5.jar:/home/user/.m2/repository/io/opentracing/opentracing-util/0.31.0/opentracing-util-0.31.0.jar:/home/user/.m2/repository/io/opentracing/opentracing-api/0.31.0/opentracing-api-0.31.0.jar:/home/user/.m2/repository/io/opentracing/opentracing-noop/0.31.0/opentracing-noop-0.31.0.jar:/home/user/.m2/repository/org/apache/hadoop/hadoop-hdds-server-framework/0.5.0-SNAPSHOT/hadoop-hdds-server-framework-0.5.0-SNAPSHOT.jar:/home/user/.m2/repository/org/apache/hadoop/hadoop-hdds-container-service/0.5.0-SNAPSHOT/hadoop-hdds-container-service-0.5.0-SNAPSHOT.jar:/home/user/.m2/repository/org/apache/hadoop/hadoop-hdds-client/0.5.0-SNAPSHOT/hadoop-hdds-client-0.5.0-SNAPSHOT.jar:/home/user/.m2/repository/org/apache/hadoop/hadoop-hdds-tools/0.5.0-SNAPSHOT/hadoop-hdds-tools-0.5.0-SNAPSHOT.jar:/home/user/.m2/repository/org/apache/hadoop/hadoop-hdds-server-scm/0.5.0-SNAPSHOT/hadoop-hdds-server-scm-0.5.0-SNAPSHOT.jar:/home/user/.m2/repository/org/apache/hadoop/hadoop-hdds-docs/0.5.0-SNAPSHOT/hadoop-hdds-docs-0.5.0-SNAPSHOT.jar:/home/user/.m2/repository/io/dropwizard/metrics/metrics-core/3.2.4/metrics-core-3.2.4.jar:/home/user/.m2/repository/org/hamcrest/hamcrest-all/1.3/hamcrest-all-1.3.jar:/home/user/.m2/repository/org/bouncycastle/bcprov-jdk15on/1.60/bcprov-jdk15on-1.60.jar:/home/user/.m2/repository/info/picocli/picocli/3.9.6/picocli-3.9.6.jar:/home/user/.m2/repository/com/google/protobuf/protobuf-java/2.5.0/protobuf-java-2.5.0.jar:/home/user/.m2/repository/com/google/guava/guava/11.0.2/guava-11.0.2.jar:/home/user/.m2/repository/org/apache/hadoop/hadoop-ozone-ozone-manager/0.5.0-SNAPSHOT/hadoop-ozone-ozone-manager-0.5.0-SNAPSHOT.jar:/home/user/.m2/repository/org/apache/hadoop/hadoop-minikdc/3.2.0/hadoop-minikdc-3.2.0.jar:/home/user/.m2/repository/commons-io/commons-io/2.5/commons-io-2.5.jar:/home/user/.m2/repository/org/apache/kerby/kerb-simplekdc/1.0.1/kerb-simplekdc-1.0.1.jar:/home/user/.m2/repository/org/apache/kerby/kerb-client/1.0.1/kerb-client-1.0.1.jar:/home/user/.m2/repository/org/apache/kerby/kerby-config/1.0.1/kerby-config-1.0.1.jar:/home/user/.m2/repository/org/apache/kerby/kerb-core/1.0.1/kerb-core-1.0.1.jar:/home/user/.m2/repository/org/apache/kerby/kerby-pkix/1.0.1/kerby-pkix-1.0.1.jar:/home/user/.m2/repository/org/apache/kerby/kerby-asn1/1.0.1/kerby-asn1-1.0.1.jar:/home/user/.m2/repository/org/apache/kerby/kerby-util/1.0.1/kerby-util-1.0.1.jar:/home/user/.m2/repository/org/apache/kerby/kerb-common/1.0.1/kerb-common-1.0.1.jar:/home/user/.m2/repository/org/apache/kerby/kerb-crypto/1.0.1/kerb-crypto-1.0.1.jar:/home/user/.m2/repository/org/apache/kerby/kerb-util/1.0.1/kerb-util-1.0.1.jar:/home/user/.m2/repository/org/apache/kerby/token-provider/1.0.1/token-provider-1.0.1.jar:/home/user/.m2/repository/org/apache/kerby/kerb-admin/1.0.1/kerb-admin-1.0.1.jar:/home/user/.m2/repository/org/apache/kerby/kerb-server/1.0.1/kerb-server-1.0.1.jar:/home/user/.m2/repository/org/apache/kerby/kerb-identity/1.0.1/kerb-identity-1.0.1.jar:/home/user/.m2/repository/org/apache/kerby/kerby-xdr/1.0.1/kerby-xdr-1.0.1.jar:/home/user/.m2/repository/org/slf4j/slf4j-log4j12/1.7.25/slf4j-log4j12-1.7.25.jar:/home/user/.m2/repository/org/apache/hadoop/hadoop-ozone-s3gateway/0.5.0-SNAPSHOT/hadoop-ozone-s3gateway-0.5.0-SNAPSHOT.jar:/home/user/.m2/repository/org/jboss/weld/servlet/weld-servlet/2.4.7.Final/weld-servlet-2.4.7.Final.jar:/home/user/.m2/repository/org/glassfish/jersey/containers/jersey-container-servlet-core/2.27/jersey-container-servlet-core-2.27.jar:/home/user/.m2/repository/org/glassfish/hk2/external/javax.inject/2.5.0-b42/javax.inject-2.5.0-b42.jar:/home/user/.m2/repository/org/glassfish/jersey/core/jersey-common/2.27/jersey-common-2.27.jar:/home/user/.m2/repository/org/glassfish/hk2/osgi-resource-locator/1.0.1/osgi-resource-locator-1.0.1.jar:/home/user/.m2/repository/javax/ws/rs/javax.ws.rs-api/2.1/javax.ws.rs-api-2.1.jar:/home/user/.m2/repository/org/glassfish/jersey/ext/cdi/jersey-cdi1x/2.27/jersey-cdi1x-2.27.jar:/home/user/.m2/repository/org/glassfish/jersey/inject/jersey-hk2/2.27/jersey-hk2-2.27.jar:/home/user/.m2/repository/org/glassfish/hk2/hk2-locator/2.5.0-b42/hk2-locator-2.5.0-b42.jar:/home/user/.m2/repository/org/javassist/javassist/3.22.0-CR2/javassist-3.22.0-CR2.jar:/home/user/.m2/repository/org/glassfish/hk2/hk2-api/2.5.0/hk2-api-2.5.0.jar:/home/user/.m2/repository/org/glassfish/hk2/external/jakarta.inject/2.5.0/jakarta.inject-2.5.0.jar:/home/user/.m2/repository/org/glassfish/hk2/hk2-utils/2.5.0/hk2-utils-2.5.0.jar:/home/user/.m2/repository/jakarta/annotation/jakarta.annotation-api/1.3.4/jakarta.annotation-api-1.3.4.jar:/home/user/.m2/repository/org/glassfish/hk2/external/aopalliance-repackaged/2.5.0/aopalliance-repackaged-2.5.0.jar:/home/user/.m2/repository/com/fasterxml/jackson/dataformat/jackson-dataformat-xml/2.9.0/jackson-dataformat-xml-2.9.0.jar:/home/user/.m2/repository/com/fasterxml/jackson/core/jackson-core/2.9.9/jackson-core-2.9.9.jar:/home/user/.m2/repository/com/fasterxml/jackson/module/jackson-module-jaxb-annotations/2.9.9/jackson-module-jaxb-annotations-2.9.9.jar:/home/user/.m2/repository/javax/enterprise/cdi-api/1.2/cdi-api-1.2.jar:/home/user/.m2/repository/javax/el/javax.el-api/3.0.0/javax.el-api-3.0.0.jar:/home/user/.m2/repository/javax/interceptor/javax.interceptor-api/1.2/javax.interceptor-api-1.2.jar:/home/user/.m2/repository/javax/inject/javax.inject/1/javax.inject-1.jar:/home/user/.m2/repository/com/sun/xml/bind/jaxb-impl/2.3.0.1/jaxb-impl-2.3.0.1.jar:/home/user/.m2/repository/com/sun/xml/bind/jaxb-core/2.3.0.1/jaxb-core-2.3.0.1.jar:/home/user/.m2/repository/javax/xml/bind/jaxb-api/2.3.0/jaxb-api-2.3.0.jar:/home/user/.m2/repository/javax/activation/activation/1.1.1/activation-1.1.1.jar:/home/user/.m2/repository/org/apache/hadoop/hadoop-ozone-csi/0.5.0-SNAPSHOT/hadoop-ozone-csi-0.5.0-SNAPSHOT.jar:/home/user/.m2/repository/com/google/protobuf/protobuf-java-util/3.5.1/protobuf-java-util-3.5.1.jar:/home/user/.m2/repository/org/apache/hadoop/hadoop-hdds-config/0.5.0-SNAPSHOT/hadoop-hdds-config-0.5.0-SNAPSHOT.jar:/home/user/.m2/repository/io/grpc/grpc-netty/1.17.1/grpc-netty-1.17.1.jar:/home/user/.m2/repository/io/grpc/grpc-core/1.17.1/grpc-core-1.17.1.jar:/home/user/.m2/repository/io/grpc/grpc-context/1.17.1/grpc-context-1.17.1.jar:/home/user/.m2/repository/com/google/errorprone/error_prone_annotations/2.2.0/error_prone_annotations-2.2.0.jar:/home/user/.m2/repository/org/codehaus/mojo/animal-sniffer-annotations/1.17/animal-sniffer-annotations-1.17.jar:/home/user/.m2/repository/io/opencensus/opencensus-api/0.17.0/opencensus-api-0.17.0.jar:/home/user/.m2/repository/io/opencensus/opencensus-contrib-grpc-metrics/0.17.0/opencensus-contrib-grpc-metrics-0.17.0.jar:/home/user/.m2/repository/io/netty/netty-codec-http2/4.1.30.Final/netty-codec-http2-4.1.30.Final.jar:/home/user/.m2/repository/io/netty/netty-codec-http/4.1.30.Final/netty-codec-http-4.1.30.Final.jar:/home/user/.m2/repository/io/netty/netty-codec/4.1.30.Final/netty-codec-4.1.30.Final.jar:/home/user/.m2/repository/io/netty/netty-handler/4.1.30.Final/netty-handler-4.1.30.Final.jar:/home/user/.m2/repository/io/netty/netty-handler-proxy/4.1.30.Final/netty-handler-proxy-4.1.30.Final.jar:/home/user/.m2/repository/io/netty/netty-codec-socks/4.1.30.Final/netty-codec-socks-4.1.30.Final.jar:/home/user/.m2/repository/io/netty/netty-transport-native-epoll/4.1.30.Final/netty-transport-native-epoll-4.1.30.Final.jar:/home/user/.m2/repository/io/netty/netty-common/4.1.30.Final/netty-common-4.1.30.Final.jar:/home/user/.m2/repository/io/netty/netty-buffer/4.1.30.Final/netty-buffer-4.1.30.Final.jar:/home/user/.m2/repository/io/netty/netty-transport/4.1.30.Final/netty-transport-4.1.30.Final.jar:/home/user/.m2/repository/io/netty/netty-resolver/4.1.30.Final/netty-resolver-4.1.30.Final.jar:/home/user/.m2/repository/io/netty/netty-transport-native-unix-common/4.1.30.Final/netty-transport-native-unix-common-4.1.30.Final.jar:/home/user/.m2/repository/io/grpc/grpc-protobuf/1.17.1/grpc-protobuf-1.17.1.jar:/home/user/.m2/repository/com/google/api/grpc/proto-google-common-protos/1.0.0/proto-google-common-protos-1.0.0.jar:/home/user/.m2/repository/io/grpc/grpc-protobuf-lite/1.17.1/grpc-protobuf-lite-1.17.1.jar:/home/user/.m2/repository/io/grpc/grpc-stub/1.17.1/grpc-stub-1.17.1.jar:/home/user/.m2/repository/org/apache/hadoop/hadoop-ozone-recon/0.5.0-SNAPSHOT/hadoop-ozone-recon-0.5.0-SNAPSHOT.jar:/home/user/.m2/repository/org/apache/hadoop/hadoop-ozone-reconcodegen/0.5.0-SNAPSHOT/hadoop-ozone-reconcodegen-0.5.0-SNAPSHOT.jar:/home/user/.m2/repository/com/google/inject/extensions/guice-multibindings/4.0/guice-multibindings-4.0.jar:/home/user/.m2/repository/com/google/inject/guice/4.0/guice-4.0.jar:/home/user/.m2/repository/aopalliance/aopalliance/1.0/aopalliance-1.0.jar:/home/user/.m2/repository/com/google/inject/extensions/guice-servlet/4.0/guice-servlet-4.0.jar:/home/user/.m2/repository/org/glassfish/jersey/containers/jersey-container-servlet/2.27/jersey-container-servlet-2.27.jar:/home/user/.m2/repository/org/glassfish/hk2/guice-bridge/2.5.0/guice-bridge-2.5.0.jar:/home/user/.m2/repository/org/glassfish/jersey/core/jersey-server/2.27/jersey-server-2.27.jar:/home/user/.m2/repository/org/glassfish/jersey/core/jersey-client/2.27/jersey-client-2.27.jar:/home/user/.m2/repository/org/glassfish/jersey/media/jersey-media-jaxb/2.27/jersey-media-jaxb-2.27.jar:/home/user/.m2/repository/javax/validation/validation-api/1.1.0.Final/validation-api-1.1.0.Final.jar:/home/user/.m2/repository/org/glassfish/jersey/media/jersey-media-json-jackson/2.27/jersey-media-json-jackson-2.27.jar:/home/user/.m2/repository/org/glassfish/jersey/ext/jersey-entity-filtering/2.27/jersey-entity-filtering-2.27.jar:/home/user/.m2/repository/com/google/inject/extensions/guice-assistedinject/4.0/guice-assistedinject-4.0.jar:/home/user/.m2/repository/org/jooq/jooq/3.11.10/jooq-3.11.10.jar:/home/user/.m2/repository/org/jooq/jooq-meta/3.11.10/jooq-meta-3.11.10.jar:/home/user/.m2/repository/org/jooq/jooq-codegen/3.11.10/jooq-codegen-3.11.10.jar:/home/user/.m2/repository/com/jolbox/bonecp/0.8.0.RELEASE/bonecp-0.8.0.RELEASE.jar:/home/user/.m2/repository/org/xerial/sqlite-jdbc/3.25.2/sqlite-jdbc-3.25.2.jar:/home/user/.m2/repository/org/springframework/spring-jdbc/5.1.3.RELEASE/spring-jdbc-5.1.3.RELEASE.jar:/home/user/.m2/repository/org/springframework/spring-beans/5.1.3.RELEASE/spring-beans-5.1.3.RELEASE.jar:/home/user/.m2/repository/org/springframework/spring-core/5.1.3.RELEASE/spring-core-5.1.3.RELEASE.jar:/home/user/.m2/repository/org/springframework/spring-jcl/5.1.3.RELEASE/spring-jcl-5.1.3.RELEASE.jar:/home/user/.m2/repository/org/springframework/spring-tx/5.1.3.RELEASE/spring-tx-5.1.3.RELEASE.jar:/home/user/.m2/repository/org/apache/hadoop/hadoop-ozone-client/0.5.0-SNAPSHOT/hadoop-ozone-client-0.5.0-SNAPSHOT.jar:/home/user/.m2/repository/commons-lang/commons-lang/2.6/commons-lang-2.6.jar:/home/user/.m2/repository/org/apache/hadoop/hadoop-ozone-ozone-manager/0.5.0-SNAPSHOT/hadoop-ozone-ozone-manager-0.5.0-SNAPSHOT-tests.jar:/home/user/.m2/repository/junit/junit/4.11/junit-4.11.jar:/home/user/.m2/repository/org/hamcrest/hamcrest-core/1.3/hamcrest-core-1.3.jar:/home/user/.m2/repository/org/openjdk/jmh/jmh-core/1.19/jmh-core-1.19.jar:/home/user/.m2/repository/net/sf/jopt-simple/jopt-simple/4.6/jopt-simple-4.6.jar:/home/user/.m2/repository/org/apache/commons/commons-math3/3.1.1/commons-math3-3.1.1.jar:/home/user/.m2/repository/org/openjdk/jmh/jmh-generator-annprocess/1.19/jmh-generator-annprocess-1.19.jar:/home/user/.m2/repository/org/mockito/mockito-all/1.8.5/mockito-all-1.8.5.jar:/home/user/.m2/repository/org/apache/hadoop/hadoop-kms/3.2.0/hadoop-kms-3.2.0.jar:/home/user/.m2/repository/org/apache/hadoop/hadoop-auth/3.2.0/hadoop-auth-3.2.0.jar:/home/user/.m2/repository/com/nimbusds/nimbus-jose-jwt/4.41.1/nimbus-jose-jwt-4.41.1.jar:/home/user/.m2/repository/com/github/stephenc/jcip/jcip-annotations/1.0-1/jcip-annotations-1.0-1.jar:/home/user/.m2/repository/net/minidev/json-smart/2.3/json-smart-2.3.jar:/home/user/.m2/repository/net/minidev/accessors-smart/1.2/accessors-smart-1.2.jar:/home/user/.m2/repository/org/ow2/asm/asm/5.0.4/asm-5.0.4.jar:/home/user/.m2/repository/org/apache/curator/curator-framework/2.12.0/curator-framework-2.12.0.jar:/home/user/.m2/repository/com/sun/jersey/jersey-core/1.19/jersey-core-1.19.jar:/home/user/.m2/repository/javax/ws/rs/jsr311-api/1.1.1/jsr311-api-1.1.1.jar:/home/user/.m2/repository/com/sun/jersey/jersey-server/1.19/jersey-server-1.19.jar:/home/user/.m2/repository/javax/servlet/javax.servlet-api/3.1.0/javax.servlet-api-3.1.0.jar:/home/user/.m2/repository/org/eclipse/jetty/jetty-server/9.3.25.v20180904/jetty-server-9.3.25.v20180904.jar:/home/user/.m2/repository/org/eclipse/jetty/jetty-http/9.3.25.v20180904/jetty-http-9.3.25.v20180904.jar:/home/user/.m2/repository/org/eclipse/jetty/jetty-io/9.3.25.v20180904/jetty-io-9.3.25.v20180904.jar:/home/user/.m2/repository/org/eclipse/jetty/jetty-webapp/9.3.25.v20180904/jetty-webapp-9.3.25.v20180904.jar:/home/user/.m2/repository/org/eclipse/jetty/jetty-xml/9.3.25.v20180904/jetty-xml-9.3.25.v20180904.jar:/home/user/.m2/repository/log4j/log4j/1.2.17/log4j-1.2.17.jar:/home/user/.m2/repository/org/slf4j/slf4j-api/1.7.25/slf4j-api-1.7.25.jar:/home/user/.m2/repository/org/slf4j/jul-to-slf4j/1.7.25/jul-to-slf4j-1.7.25.jar:/home/user/.m2/repository/org/eclipse/jetty/jetty-util/9.3.25.v20180904/jetty-util-9.3.25.v20180904.jar:/home/user/.m2/repository/com/fasterxml/jackson/core/jackson-databind/2.9.9/jackson-databind-2.9.9.jar:/home/user/.m2/repository/org/apache/hadoop/hadoop-kms/3.2.0/hadoop-kms-3.2.0-tests.jar:/home/user/.m2/repository/org/apache/hadoop/hadoop-hdds-server-scm/0.5.0-SNAPSHOT/hadoop-hdds-server-scm-0.5.0-SNAPSHOT-tests.jar:/home/user/.m2/repository/org/apache/hadoop/hadoop-hdds-container-service/0.5.0-SNAPSHOT/hadoop-hdds-container-service-0.5.0-SNAPSHOT-tests.jar:/home/user/.m2/repository/org/yaml/snakeyaml/1.16/snakeyaml-1.16.jar:/home/user/.m2/repository/org/apache/hadoop/hadoop-common/3.2.0/hadoop-common-3.2.0-tests.jar:/home/user/.m2/repository/org/apache/hadoop/hadoop-annotations/3.2.0/hadoop-annotations-3.2.0.jar:/usr/lib/jvm/java-1.8-openjdk/jre/../lib/tools.jar:/home/user/.m2/repository/commons-cli/commons-cli/1.2/commons-cli-1.2.jar:/home/user/.m2/repository/org/apache/httpcomponents/httpclient/4.5.2/httpclient-4.5.2.jar:/home/user/.m2/repository/org/apache/httpcomponents/httpcore/4.4.4/httpcore-4.4.4.jar:/home/user/.m2/repository/commons-codec/commons-codec/1.11/commons-codec-1.11.jar:/home/user/.m2/repository/commons-net/commons-net/3.6/commons-net-3.6.jar:/home/user/.m2/repository/commons-collections/commons-collections/3.2.2/commons-collections-3.2.2.jar:/home/user/.m2/repository/org/eclipse/jetty/jetty-servlet/9.3.25.v20180904/jetty-servlet-9.3.25.v20180904.jar:/home/user/.m2/repository/org/eclipse/jetty/jetty-security/9.3.25.v20180904/jetty-security-9.3.25.v20180904.jar:/home/user/.m2/repository/javax/servlet/jsp/jsp-api/2.1/jsp-api-2.1.jar:/home/user/.m2/repository/com/sun/jersey/jersey-servlet/1.19/jersey-servlet-1.19.jar:/home/user/.m2/repository/com/sun/jersey/jersey-json/1.19/jersey-json-1.19.jar:/home/user/.m2/repository/org/codehaus/jettison/jettison/1.1/jettison-1.1.jar:/home/user/.m2/repository/org/codehaus/jackson/jackson-core-asl/1.9.13/jackson-core-asl-1.9.13.jar:/home/user/.m2/repository/org/codehaus/jackson/jackson-mapper-asl/1.9.13/jackson-mapper-asl-1.9.13.jar:/home/user/.m2/repository/org/codehaus/jackson/jackson-jaxrs/1.9.13/jackson-jaxrs-1.9.13.jar:/home/user/.m2/repository/org/codehaus/jackson/jackson-xc/1.9.13/jackson-xc-1.9.13.jar:/home/user/.m2/repository/commons-logging/commons-logging/1.1.3/commons-logging-1.1.3.jar:/home/user/.m2/repository/commons-beanutils/commons-beanutils/1.9.4/commons-beanutils-1.9.4.jar:/home/user/.m2/repository/org/apache/commons/commons-configuration2/2.1.1/commons-configuration2-2.1.1.jar:/home/user/.m2/repository/org/apache/commons/commons-lang3/3.7/commons-lang3-3.7.jar:/home/user/.m2/repository/org/apache/commons/commons-text/1.4/commons-text-1.4.jar:/home/user/.m2/repository/org/apache/avro/avro/1.7.7/avro-1.7.7.jar:/home/user/.m2/repository/com/thoughtworks/paranamer/paranamer/2.3/paranamer-2.3.jar:/home/user/.m2/repository/org/xerial/snappy/snappy-java/1.0.5/snappy-java-1.0.5.jar:/home/user/.m2/repository/com/google/re2j/re2j/1.1/re2j-1.1.jar:/home/user/.m2/repository/com/google/code/gson/gson/2.2.4/gson-2.2.4.jar:/home/user/.m2/repository/com/jcraft/jsch/0.1.54/jsch-0.1.54.jar:/home/user/.m2/repository/org/apache/curator/curator-client/2.12.0/curator-client-2.12.0.jar:/home/user/.m2/repository/org/apache/curator/curator-recipes/2.12.0/curator-recipes-2.12.0.jar:/home/user/.m2/repository/com/google/code/findbugs/jsr305/3.0.0/jsr305-3.0.0.jar:/home/user/.m2/repository/org/apache/htrace/htrace-core4/4.1.0-incubating/htrace-core4-4.1.0-incubating.jar:/home/user/.m2/repository/org/apache/zookeeper/zookeeper/3.4.13/zookeeper-3.4.13.jar:/home/user/.m2/repository/jline/jline/0.9.94/jline-0.9.94.jar:/home/user/.m2/repository/org/apache/yetus/audience-annotations/0.5.0/audience-annotations-0.5.0.jar:/home/user/.m2/repository/org/codehaus/woodstox/stax2-api/3.1.4/stax2-api-3.1.4.jar:/home/user/.m2/repository/com/fasterxml/woodstox/woodstox-core/5.0.3/woodstox-core-5.0.3.jar:/home/user/.m2/repository/dnsjava/dnsjava/2.1.7/dnsjava-2.1.7.jar:/home/user/.m2/repository/org/apache/hadoop/hadoop-hdfs/3.2.0/hadoop-hdfs-3.2.0-tests.jar:/home/user/.m2/repository/org/eclipse/jetty/jetty-util-ajax/9.3.25.v20180904/jetty-util-ajax-9.3.25.v20180904.jar:/home/user/.m2/repository/commons-daemon/commons-daemon/1.0.13/commons-daemon-1.0.13.jar:/home/user/.m2/repository/io/netty/netty/3.10.5.Final/netty-3.10.5.Final.jar:/home/user/.m2/repository/io/netty/netty-all/4.0.52.Final/netty-all-4.0.52.Final.jar:/home/user/.m2/repository/org/fusesource/leveldbjni/leveldbjni-all/1.8/leveldbjni-all-1.8.jar:"/>
    <property name="java.vm.vendor" value="IcedTea"/>
    <property name="sun.arch.data.model" value="64"/>
    <property name="test.build.dir" value="/workdir/hadoop-ozone/integration-test/target/test-dir"/>
    <property name="test.cache.data" value=""/>
    <property name="java.vendor.url" value="https://icedtea.classpath.org"/>
    <property name="user.timezone" value=""/>
    <property name="java.vm.specification.version" value="1.8"/>
    <property name="os.name" value="Linux"/>
    <property name="test.build.data" value="/workdir/hadoop-ozone/integration-test/target/test-dir"/>
    <property name="user.country" value="US"/>
    <property name="sun.java.launcher" value="SUN_STANDARD"/>
    <property name="sun.boot.library.path" value="/usr/lib/jvm/java-1.8-openjdk/jre/lib/amd64"/>
    <property name="sun.java.command" value="/workdir/hadoop-ozone/integration-test/target/surefire/surefirebooter981704843061365104.jar /workdir/hadoop-ozone/integration-test/target/surefire 2019-10-09T12-42-22_618-jvmRun1 surefire1382717205548208659tmp surefire_222554576816722527899tmp"/>
    <property name="test" value="!TestMiniChaosOzoneCluster"/>
    <property name="surefire.test.class.path" value="/workdir/hadoop-ozone/integration-test/target/test-classes:/workdir/hadoop-ozone/integration-test/target/classes:/home/user/.m2/repository/org/apache/hadoop/hadoop-ozone-common/0.5.0-SNAPSHOT/hadoop-ozone-common-0.5.0-SNAPSHOT.jar:/home/user/.m2/repository/org/apache/commons/commons-compress/1.4.1/commons-compress-1.4.1.jar:/home/user/.m2/repository/org/tukaani/xz/1.0/xz-1.0.jar:/home/user/.m2/repository/org/apache/hadoop/hadoop-common/3.2.0/hadoop-common-3.2.0.jar:/home/user/.m2/repository/org/apache/hadoop/hadoop-hdfs/3.2.0/hadoop-hdfs-3.2.0.jar:/home/user/.m2/repository/org/apache/hadoop/hadoop-hdfs-client/3.2.0/hadoop-hdfs-client-3.2.0.jar:/home/user/.m2/repository/com/fasterxml/jackson/core/jackson-annotations/2.9.9/jackson-annotations-2.9.9.jar:/home/user/.m2/repository/org/apache/hadoop/hadoop-hdds-common/0.5.0-SNAPSHOT/hadoop-hdds-common-0.5.0-SNAPSHOT.jar:/home/user/.m2/repository/javax/annotation/javax.annotation-api/1.2/javax.annotation-api-1.2.jar:/home/user/.m2/repository/org/apache/ratis/ratis-server/0.4.0/ratis-server-0.4.0.jar:/home/user/.m2/repository/org/apache/ratis/ratis-thirdparty-misc/0.2.0/ratis-thirdparty-misc-0.2.0.jar:/home/user/.m2/repository/org/apache/ratis/ratis-proto/0.4.0/ratis-proto-0.4.0.jar:/home/user/.m2/repository/org/apache/ratis/ratis-common/0.4.0/ratis-common-0.4.0.jar:/home/user/.m2/repository/org/apache/ratis/ratis-client/0.4.0/ratis-client-0.4.0.jar:/home/user/.m2/repository/org/apache/ratis/ratis-metrics/0.4.0/ratis-metrics-0.4.0.jar:/home/user/.m2/repository/com/github/joshelser/dropwizard-metrics-hadoop-metrics2-reporter/0.1.2/dropwizard-metrics-hadoop-metrics2-reporter-0.1.2.jar:/home/user/.m2/repository/io/dropwizard/metrics/metrics-jvm/3.2.5/metrics-jvm-3.2.5.jar:/home/user/.m2/repository/io/dropwizard/metrics/metrics-ganglia/3.2.5/metrics-ganglia-3.2.5.jar:/home/user/.m2/repository/info/ganglia/gmetric4j/gmetric4j/1.0.7/gmetric4j-1.0.7.jar:/home/user/.m2/repository/org/apache/ratis/ratis-netty/0.4.0/ratis-netty-0.4.0.jar:/home/user/.m2/repository/org/apache/ratis/ratis-grpc/0.4.0/ratis-grpc-0.4.0.jar:/home/user/.m2/repository/org/rocksdb/rocksdbjni/6.0.1/rocksdbjni-6.0.1.jar:/home/user/.m2/repository/org/apache/logging/log4j/log4j-api/2.11.0/log4j-api-2.11.0.jar:/home/user/.m2/repository/org/apache/logging/log4j/log4j-core/2.11.0/log4j-core-2.11.0.jar:/home/user/.m2/repository/com/lmax/disruptor/3.4.2/disruptor-3.4.2.jar:/home/user/.m2/repository/org/apache/commons/commons-pool2/2.6.0/commons-pool2-2.6.0.jar:/home/user/.m2/repository/org/bouncycastle/bcpkix-jdk15on/1.60/bcpkix-jdk15on-1.60.jar:/home/user/.m2/repository/commons-validator/commons-validator/1.6/commons-validator-1.6.jar:/home/user/.m2/repository/commons-digester/commons-digester/1.8.1/commons-digester-1.8.1.jar:/home/user/.m2/repository/io/jaegertracing/jaeger-client/0.34.0/jaeger-client-0.34.0.jar:/home/user/.m2/repository/io/jaegertracing/jaeger-thrift/0.34.0/jaeger-thrift-0.34.0.jar:/home/user/.m2/repository/org/apache/thrift/libthrift/0.12.0/libthrift-0.12.0.jar:/home/user/.m2/repository/com/squareup/okhttp3/okhttp/3.9.0/okhttp-3.9.0.jar:/home/user/.m2/repository/com/squareup/okio/okio/1.13.0/okio-1.13.0.jar:/home/user/.m2/repository/io/jaegertracing/jaeger-core/0.34.0/jaeger-core-0.34.0.jar:/home/user/.m2/repository/io/jaegertracing/jaeger-tracerresolver/0.34.0/jaeger-tracerresolver-0.34.0.jar:/home/user/.m2/repository/io/opentracing/contrib/opentracing-tracerresolver/0.1.5/opentracing-tracerresolver-0.1.5.jar:/home/user/.m2/repository/io/opentracing/opentracing-util/0.31.0/opentracing-util-0.31.0.jar:/home/user/.m2/repository/io/opentracing/opentracing-api/0.31.0/opentracing-api-0.31.0.jar:/home/user/.m2/repository/io/opentracing/opentracing-noop/0.31.0/opentracing-noop-0.31.0.jar:/home/user/.m2/repository/org/apache/hadoop/hadoop-hdds-server-framework/0.5.0-SNAPSHOT/hadoop-hdds-server-framework-0.5.0-SNAPSHOT.jar:/home/user/.m2/repository/org/apache/hadoop/hadoop-hdds-container-service/0.5.0-SNAPSHOT/hadoop-hdds-container-service-0.5.0-SNAPSHOT.jar:/home/user/.m2/repository/org/apache/hadoop/hadoop-hdds-client/0.5.0-SNAPSHOT/hadoop-hdds-client-0.5.0-SNAPSHOT.jar:/home/user/.m2/repository/org/apache/hadoop/hadoop-hdds-tools/0.5.0-SNAPSHOT/hadoop-hdds-tools-0.5.0-SNAPSHOT.jar:/home/user/.m2/repository/org/apache/hadoop/hadoop-hdds-server-scm/0.5.0-SNAPSHOT/hadoop-hdds-server-scm-0.5.0-SNAPSHOT.jar:/home/user/.m2/repository/org/apache/hadoop/hadoop-hdds-docs/0.5.0-SNAPSHOT/hadoop-hdds-docs-0.5.0-SNAPSHOT.jar:/home/user/.m2/repository/io/dropwizard/metrics/metrics-core/3.2.4/metrics-core-3.2.4.jar:/home/user/.m2/repository/org/hamcrest/hamcrest-all/1.3/hamcrest-all-1.3.jar:/home/user/.m2/repository/org/bouncycastle/bcprov-jdk15on/1.60/bcprov-jdk15on-1.60.jar:/home/user/.m2/repository/info/picocli/picocli/3.9.6/picocli-3.9.6.jar:/home/user/.m2/repository/com/google/protobuf/protobuf-java/2.5.0/protobuf-java-2.5.0.jar:/home/user/.m2/repository/com/google/guava/guava/11.0.2/guava-11.0.2.jar:/home/user/.m2/repository/org/apache/hadoop/hadoop-ozone-ozone-manager/0.5.0-SNAPSHOT/hadoop-ozone-ozone-manager-0.5.0-SNAPSHOT.jar:/home/user/.m2/repository/org/apache/hadoop/hadoop-minikdc/3.2.0/hadoop-minikdc-3.2.0.jar:/home/user/.m2/repository/commons-io/commons-io/2.5/commons-io-2.5.jar:/home/user/.m2/repository/org/apache/kerby/kerb-simplekdc/1.0.1/kerb-simplekdc-1.0.1.jar:/home/user/.m2/repository/org/apache/kerby/kerb-client/1.0.1/kerb-client-1.0.1.jar:/home/user/.m2/repository/org/apache/kerby/kerby-config/1.0.1/kerby-config-1.0.1.jar:/home/user/.m2/repository/org/apache/kerby/kerb-core/1.0.1/kerb-core-1.0.1.jar:/home/user/.m2/repository/org/apache/kerby/kerby-pkix/1.0.1/kerby-pkix-1.0.1.jar:/home/user/.m2/repository/org/apache/kerby/kerby-asn1/1.0.1/kerby-asn1-1.0.1.jar:/home/user/.m2/repository/org/apache/kerby/kerby-util/1.0.1/kerby-util-1.0.1.jar:/home/user/.m2/repository/org/apache/kerby/kerb-common/1.0.1/kerb-common-1.0.1.jar:/home/user/.m2/repository/org/apache/kerby/kerb-crypto/1.0.1/kerb-crypto-1.0.1.jar:/home/user/.m2/repository/org/apache/kerby/kerb-util/1.0.1/kerb-util-1.0.1.jar:/home/user/.m2/repository/org/apache/kerby/token-provider/1.0.1/token-provider-1.0.1.jar:/home/user/.m2/repository/org/apache/kerby/kerb-admin/1.0.1/kerb-admin-1.0.1.jar:/home/user/.m2/repository/org/apache/kerby/kerb-server/1.0.1/kerb-server-1.0.1.jar:/home/user/.m2/repository/org/apache/kerby/kerb-identity/1.0.1/kerb-identity-1.0.1.jar:/home/user/.m2/repository/org/apache/kerby/kerby-xdr/1.0.1/kerby-xdr-1.0.1.jar:/home/user/.m2/repository/org/slf4j/slf4j-log4j12/1.7.25/slf4j-log4j12-1.7.25.jar:/home/user/.m2/repository/org/apache/hadoop/hadoop-ozone-s3gateway/0.5.0-SNAPSHOT/hadoop-ozone-s3gateway-0.5.0-SNAPSHOT.jar:/home/user/.m2/repository/org/jboss/weld/servlet/weld-servlet/2.4.7.Final/weld-servlet-2.4.7.Final.jar:/home/user/.m2/repository/org/glassfish/jersey/containers/jersey-container-servlet-core/2.27/jersey-container-servlet-core-2.27.jar:/home/user/.m2/repository/org/glassfish/hk2/external/javax.inject/2.5.0-b42/javax.inject-2.5.0-b42.jar:/home/user/.m2/repository/org/glassfish/jersey/core/jersey-common/2.27/jersey-common-2.27.jar:/home/user/.m2/repository/org/glassfish/hk2/osgi-resource-locator/1.0.1/osgi-resource-locator-1.0.1.jar:/home/user/.m2/repository/javax/ws/rs/javax.ws.rs-api/2.1/javax.ws.rs-api-2.1.jar:/home/user/.m2/repository/org/glassfish/jersey/ext/cdi/jersey-cdi1x/2.27/jersey-cdi1x-2.27.jar:/home/user/.m2/repository/org/glassfish/jersey/inject/jersey-hk2/2.27/jersey-hk2-2.27.jar:/home/user/.m2/repository/org/glassfish/hk2/hk2-locator/2.5.0-b42/hk2-locator-2.5.0-b42.jar:/home/user/.m2/repository/org/javassist/javassist/3.22.0-CR2/javassist-3.22.0-CR2.jar:/home/user/.m2/repository/org/glassfish/hk2/hk2-api/2.5.0/hk2-api-2.5.0.jar:/home/user/.m2/repository/org/glassfish/hk2/external/jakarta.inject/2.5.0/jakarta.inject-2.5.0.jar:/home/user/.m2/repository/org/glassfish/hk2/hk2-utils/2.5.0/hk2-utils-2.5.0.jar:/home/user/.m2/repository/jakarta/annotation/jakarta.annotation-api/1.3.4/jakarta.annotation-api-1.3.4.jar:/home/user/.m2/repository/org/glassfish/hk2/external/aopalliance-repackaged/2.5.0/aopalliance-repackaged-2.5.0.jar:/home/user/.m2/repository/com/fasterxml/jackson/dataformat/jackson-dataformat-xml/2.9.0/jackson-dataformat-xml-2.9.0.jar:/home/user/.m2/repository/com/fasterxml/jackson/core/jackson-core/2.9.9/jackson-core-2.9.9.jar:/home/user/.m2/repository/com/fasterxml/jackson/module/jackson-module-jaxb-annotations/2.9.9/jackson-module-jaxb-annotations-2.9.9.jar:/home/user/.m2/repository/javax/enterprise/cdi-api/1.2/cdi-api-1.2.jar:/home/user/.m2/repository/javax/el/javax.el-api/3.0.0/javax.el-api-3.0.0.jar:/home/user/.m2/repository/javax/interceptor/javax.interceptor-api/1.2/javax.interceptor-api-1.2.jar:/home/user/.m2/repository/javax/inject/javax.inject/1/javax.inject-1.jar:/home/user/.m2/repository/com/sun/xml/bind/jaxb-impl/2.3.0.1/jaxb-impl-2.3.0.1.jar:/home/user/.m2/repository/com/sun/xml/bind/jaxb-core/2.3.0.1/jaxb-core-2.3.0.1.jar:/home/user/.m2/repository/javax/xml/bind/jaxb-api/2.3.0/jaxb-api-2.3.0.jar:/home/user/.m2/repository/javax/activation/activation/1.1.1/activation-1.1.1.jar:/home/user/.m2/repository/org/apache/hadoop/hadoop-ozone-csi/0.5.0-SNAPSHOT/hadoop-ozone-csi-0.5.0-SNAPSHOT.jar:/home/user/.m2/repository/com/google/protobuf/protobuf-java-util/3.5.1/protobuf-java-util-3.5.1.jar:/home/user/.m2/repository/org/apache/hadoop/hadoop-hdds-config/0.5.0-SNAPSHOT/hadoop-hdds-config-0.5.0-SNAPSHOT.jar:/home/user/.m2/repository/io/grpc/grpc-netty/1.17.1/grpc-netty-1.17.1.jar:/home/user/.m2/repository/io/grpc/grpc-core/1.17.1/grpc-core-1.17.1.jar:/home/user/.m2/repository/io/grpc/grpc-context/1.17.1/grpc-context-1.17.1.jar:/home/user/.m2/repository/com/google/errorprone/error_prone_annotations/2.2.0/error_prone_annotations-2.2.0.jar:/home/user/.m2/repository/org/codehaus/mojo/animal-sniffer-annotations/1.17/animal-sniffer-annotations-1.17.jar:/home/user/.m2/repository/io/opencensus/opencensus-api/0.17.0/opencensus-api-0.17.0.jar:/home/user/.m2/repository/io/opencensus/opencensus-contrib-grpc-metrics/0.17.0/opencensus-contrib-grpc-metrics-0.17.0.jar:/home/user/.m2/repository/io/netty/netty-codec-http2/4.1.30.Final/netty-codec-http2-4.1.30.Final.jar:/home/user/.m2/repository/io/netty/netty-codec-http/4.1.30.Final/netty-codec-http-4.1.30.Final.jar:/home/user/.m2/repository/io/netty/netty-codec/4.1.30.Final/netty-codec-4.1.30.Final.jar:/home/user/.m2/repository/io/netty/netty-handler/4.1.30.Final/netty-handler-4.1.30.Final.jar:/home/user/.m2/repository/io/netty/netty-handler-proxy/4.1.30.Final/netty-handler-proxy-4.1.30.Final.jar:/home/user/.m2/repository/io/netty/netty-codec-socks/4.1.30.Final/netty-codec-socks-4.1.30.Final.jar:/home/user/.m2/repository/io/netty/netty-transport-native-epoll/4.1.30.Final/netty-transport-native-epoll-4.1.30.Final.jar:/home/user/.m2/repository/io/netty/netty-common/4.1.30.Final/netty-common-4.1.30.Final.jar:/home/user/.m2/repository/io/netty/netty-buffer/4.1.30.Final/netty-buffer-4.1.30.Final.jar:/home/user/.m2/repository/io/netty/netty-transport/4.1.30.Final/netty-transport-4.1.30.Final.jar:/home/user/.m2/repository/io/netty/netty-resolver/4.1.30.Final/netty-resolver-4.1.30.Final.jar:/home/user/.m2/repository/io/netty/netty-transport-native-unix-common/4.1.30.Final/netty-transport-native-unix-common-4.1.30.Final.jar:/home/user/.m2/repository/io/grpc/grpc-protobuf/1.17.1/grpc-protobuf-1.17.1.jar:/home/user/.m2/repository/com/google/api/grpc/proto-google-common-protos/1.0.0/proto-google-common-protos-1.0.0.jar:/home/user/.m2/repository/io/grpc/grpc-protobuf-lite/1.17.1/grpc-protobuf-lite-1.17.1.jar:/home/user/.m2/repository/io/grpc/grpc-stub/1.17.1/grpc-stub-1.17.1.jar:/home/user/.m2/repository/org/apache/hadoop/hadoop-ozone-recon/0.5.0-SNAPSHOT/hadoop-ozone-recon-0.5.0-SNAPSHOT.jar:/home/user/.m2/repository/org/apache/hadoop/hadoop-ozone-reconcodegen/0.5.0-SNAPSHOT/hadoop-ozone-reconcodegen-0.5.0-SNAPSHOT.jar:/home/user/.m2/repository/com/google/inject/extensions/guice-multibindings/4.0/guice-multibindings-4.0.jar:/home/user/.m2/repository/com/google/inject/guice/4.0/guice-4.0.jar:/home/user/.m2/repository/aopalliance/aopalliance/1.0/aopalliance-1.0.jar:/home/user/.m2/repository/com/google/inject/extensions/guice-servlet/4.0/guice-servlet-4.0.jar:/home/user/.m2/repository/org/glassfish/jersey/containers/jersey-container-servlet/2.27/jersey-container-servlet-2.27.jar:/home/user/.m2/repository/org/glassfish/hk2/guice-bridge/2.5.0/guice-bridge-2.5.0.jar:/home/user/.m2/repository/org/glassfish/jersey/core/jersey-server/2.27/jersey-server-2.27.jar:/home/user/.m2/repository/org/glassfish/jersey/core/jersey-client/2.27/jersey-client-2.27.jar:/home/user/.m2/repository/org/glassfish/jersey/media/jersey-media-jaxb/2.27/jersey-media-jaxb-2.27.jar:/home/user/.m2/repository/javax/validation/validation-api/1.1.0.Final/validation-api-1.1.0.Final.jar:/home/user/.m2/repository/org/glassfish/jersey/media/jersey-media-json-jackson/2.27/jersey-media-json-jackson-2.27.jar:/home/user/.m2/repository/org/glassfish/jersey/ext/jersey-entity-filtering/2.27/jersey-entity-filtering-2.27.jar:/home/user/.m2/repository/com/google/inject/extensions/guice-assistedinject/4.0/guice-assistedinject-4.0.jar:/home/user/.m2/repository/org/jooq/jooq/3.11.10/jooq-3.11.10.jar:/home/user/.m2/repository/org/jooq/jooq-meta/3.11.10/jooq-meta-3.11.10.jar:/home/user/.m2/repository/org/jooq/jooq-codegen/3.11.10/jooq-codegen-3.11.10.jar:/home/user/.m2/repository/com/jolbox/bonecp/0.8.0.RELEASE/bonecp-0.8.0.RELEASE.jar:/home/user/.m2/repository/org/xerial/sqlite-jdbc/3.25.2/sqlite-jdbc-3.25.2.jar:/home/user/.m2/repository/org/springframework/spring-jdbc/5.1.3.RELEASE/spring-jdbc-5.1.3.RELEASE.jar:/home/user/.m2/repository/org/springframework/spring-beans/5.1.3.RELEASE/spring-beans-5.1.3.RELEASE.jar:/home/user/.m2/repository/org/springframework/spring-core/5.1.3.RELEASE/spring-core-5.1.3.RELEASE.jar:/home/user/.m2/repository/org/springframework/spring-jcl/5.1.3.RELEASE/spring-jcl-5.1.3.RELEASE.jar:/home/user/.m2/repository/org/springframework/spring-tx/5.1.3.RELEASE/spring-tx-5.1.3.RELEASE.jar:/home/user/.m2/repository/org/apache/hadoop/hadoop-ozone-client/0.5.0-SNAPSHOT/hadoop-ozone-client-0.5.0-SNAPSHOT.jar:/home/user/.m2/repository/commons-lang/commons-lang/2.6/commons-lang-2.6.jar:/home/user/.m2/repository/org/apache/hadoop/hadoop-ozone-ozone-manager/0.5.0-SNAPSHOT/hadoop-ozone-ozone-manager-0.5.0-SNAPSHOT-tests.jar:/home/user/.m2/repository/junit/junit/4.11/junit-4.11.jar:/home/user/.m2/repository/org/hamcrest/hamcrest-core/1.3/hamcrest-core-1.3.jar:/home/user/.m2/repository/org/openjdk/jmh/jmh-core/1.19/jmh-core-1.19.jar:/home/user/.m2/repository/net/sf/jopt-simple/jopt-simple/4.6/jopt-simple-4.6.jar:/home/user/.m2/repository/org/apache/commons/commons-math3/3.1.1/commons-math3-3.1.1.jar:/home/user/.m2/repository/org/openjdk/jmh/jmh-generator-annprocess/1.19/jmh-generator-annprocess-1.19.jar:/home/user/.m2/repository/org/mockito/mockito-all/1.8.5/mockito-all-1.8.5.jar:/home/user/.m2/repository/org/apache/hadoop/hadoop-kms/3.2.0/hadoop-kms-3.2.0.jar:/home/user/.m2/repository/org/apache/hadoop/hadoop-auth/3.2.0/hadoop-auth-3.2.0.jar:/home/user/.m2/repository/com/nimbusds/nimbus-jose-jwt/4.41.1/nimbus-jose-jwt-4.41.1.jar:/home/user/.m2/repository/com/github/stephenc/jcip/jcip-annotations/1.0-1/jcip-annotations-1.0-1.jar:/home/user/.m2/repository/net/minidev/json-smart/2.3/json-smart-2.3.jar:/home/user/.m2/repository/net/minidev/accessors-smart/1.2/accessors-smart-1.2.jar:/home/user/.m2/repository/org/ow2/asm/asm/5.0.4/asm-5.0.4.jar:/home/user/.m2/repository/org/apache/curator/curator-framework/2.12.0/curator-framework-2.12.0.jar:/home/user/.m2/repository/com/sun/jersey/jersey-core/1.19/jersey-core-1.19.jar:/home/user/.m2/repository/javax/ws/rs/jsr311-api/1.1.1/jsr311-api-1.1.1.jar:/home/user/.m2/repository/com/sun/jersey/jersey-server/1.19/jersey-server-1.19.jar:/home/user/.m2/repository/javax/servlet/javax.servlet-api/3.1.0/javax.servlet-api-3.1.0.jar:/home/user/.m2/repository/org/eclipse/jetty/jetty-server/9.3.25.v20180904/jetty-server-9.3.25.v20180904.jar:/home/user/.m2/repository/org/eclipse/jetty/jetty-http/9.3.25.v20180904/jetty-http-9.3.25.v20180904.jar:/home/user/.m2/repository/org/eclipse/jetty/jetty-io/9.3.25.v20180904/jetty-io-9.3.25.v20180904.jar:/home/user/.m2/repository/org/eclipse/jetty/jetty-webapp/9.3.25.v20180904/jetty-webapp-9.3.25.v20180904.jar:/home/user/.m2/repository/org/eclipse/jetty/jetty-xml/9.3.25.v20180904/jetty-xml-9.3.25.v20180904.jar:/home/user/.m2/repository/log4j/log4j/1.2.17/log4j-1.2.17.jar:/home/user/.m2/repository/org/slf4j/slf4j-api/1.7.25/slf4j-api-1.7.25.jar:/home/user/.m2/repository/org/slf4j/jul-to-slf4j/1.7.25/jul-to-slf4j-1.7.25.jar:/home/user/.m2/repository/org/eclipse/jetty/jetty-util/9.3.25.v20180904/jetty-util-9.3.25.v20180904.jar:/home/user/.m2/repository/com/fasterxml/jackson/core/jackson-databind/2.9.9/jackson-databind-2.9.9.jar:/home/user/.m2/repository/org/apache/hadoop/hadoop-kms/3.2.0/hadoop-kms-3.2.0-tests.jar:/home/user/.m2/repository/org/apache/hadoop/hadoop-hdds-server-scm/0.5.0-SNAPSHOT/hadoop-hdds-server-scm-0.5.0-SNAPSHOT-tests.jar:/home/user/.m2/repository/org/apache/hadoop/hadoop-hdds-container-service/0.5.0-SNAPSHOT/hadoop-hdds-container-service-0.5.0-SNAPSHOT-tests.jar:/home/user/.m2/repository/org/yaml/snakeyaml/1.16/snakeyaml-1.16.jar:/home/user/.m2/repository/org/apache/hadoop/hadoop-common/3.2.0/hadoop-common-3.2.0-tests.jar:/home/user/.m2/repository/org/apache/hadoop/hadoop-annotations/3.2.0/hadoop-annotations-3.2.0.jar:/usr/lib/jvm/java-1.8-openjdk/jre/../lib/tools.jar:/home/user/.m2/repository/commons-cli/commons-cli/1.2/commons-cli-1.2.jar:/home/user/.m2/repository/org/apache/httpcomponents/httpclient/4.5.2/httpclient-4.5.2.jar:/home/user/.m2/repository/org/apache/httpcomponents/httpcore/4.4.4/httpcore-4.4.4.jar:/home/user/.m2/repository/commons-codec/commons-codec/1.11/commons-codec-1.11.jar:/home/user/.m2/repository/commons-net/commons-net/3.6/commons-net-3.6.jar:/home/user/.m2/repository/commons-collections/commons-collections/3.2.2/commons-collections-3.2.2.jar:/home/user/.m2/repository/org/eclipse/jetty/jetty-servlet/9.3.25.v20180904/jetty-servlet-9.3.25.v20180904.jar:/home/user/.m2/repository/org/eclipse/jetty/jetty-security/9.3.25.v20180904/jetty-security-9.3.25.v20180904.jar:/home/user/.m2/repository/javax/servlet/jsp/jsp-api/2.1/jsp-api-2.1.jar:/home/user/.m2/repository/com/sun/jersey/jersey-servlet/1.19/jersey-servlet-1.19.jar:/home/user/.m2/repository/com/sun/jersey/jersey-json/1.19/jersey-json-1.19.jar:/home/user/.m2/repository/org/codehaus/jettison/jettison/1.1/jettison-1.1.jar:/home/user/.m2/repository/org/codehaus/jackson/jackson-core-asl/1.9.13/jackson-core-asl-1.9.13.jar:/home/user/.m2/repository/org/codehaus/jackson/jackson-mapper-asl/1.9.13/jackson-mapper-asl-1.9.13.jar:/home/user/.m2/repository/org/codehaus/jackson/jackson-jaxrs/1.9.13/jackson-jaxrs-1.9.13.jar:/home/user/.m2/repository/org/codehaus/jackson/jackson-xc/1.9.13/jackson-xc-1.9.13.jar:/home/user/.m2/repository/commons-logging/commons-logging/1.1.3/commons-logging-1.1.3.jar:/home/user/.m2/repository/commons-beanutils/commons-beanutils/1.9.4/commons-beanutils-1.9.4.jar:/home/user/.m2/repository/org/apache/commons/commons-configuration2/2.1.1/commons-configuration2-2.1.1.jar:/home/user/.m2/repository/org/apache/commons/commons-lang3/3.7/commons-lang3-3.7.jar:/home/user/.m2/repository/org/apache/commons/commons-text/1.4/commons-text-1.4.jar:/home/user/.m2/repository/org/apache/avro/avro/1.7.7/avro-1.7.7.jar:/home/user/.m2/repository/com/thoughtworks/paranamer/paranamer/2.3/paranamer-2.3.jar:/home/user/.m2/repository/org/xerial/snappy/snappy-java/1.0.5/snappy-java-1.0.5.jar:/home/user/.m2/repository/com/google/re2j/re2j/1.1/re2j-1.1.jar:/home/user/.m2/repository/com/google/code/gson/gson/2.2.4/gson-2.2.4.jar:/home/user/.m2/repository/com/jcraft/jsch/0.1.54/jsch-0.1.54.jar:/home/user/.m2/repository/org/apache/curator/curator-client/2.12.0/curator-client-2.12.0.jar:/home/user/.m2/repository/org/apache/curator/curator-recipes/2.12.0/curator-recipes-2.12.0.jar:/home/user/.m2/repository/com/google/code/findbugs/jsr305/3.0.0/jsr305-3.0.0.jar:/home/user/.m2/repository/org/apache/htrace/htrace-core4/4.1.0-incubating/htrace-core4-4.1.0-incubating.jar:/home/user/.m2/repository/org/apache/zookeeper/zookeeper/3.4.13/zookeeper-3.4.13.jar:/home/user/.m2/repository/jline/jline/0.9.94/jline-0.9.94.jar:/home/user/.m2/repository/org/apache/yetus/audience-annotations/0.5.0/audience-annotations-0.5.0.jar:/home/user/.m2/repository/org/codehaus/woodstox/stax2-api/3.1.4/stax2-api-3.1.4.jar:/home/user/.m2/repository/com/fasterxml/woodstox/woodstox-core/5.0.3/woodstox-core-5.0.3.jar:/home/user/.m2/repository/dnsjava/dnsjava/2.1.7/dnsjava-2.1.7.jar:/home/user/.m2/repository/org/apache/hadoop/hadoop-hdfs/3.2.0/hadoop-hdfs-3.2.0-tests.jar:/home/user/.m2/repository/org/eclipse/jetty/jetty-util-ajax/9.3.25.v20180904/jetty-util-ajax-9.3.25.v20180904.jar:/home/user/.m2/repository/commons-daemon/commons-daemon/1.0.13/commons-daemon-1.0.13.jar:/home/user/.m2/repository/io/netty/netty/3.10.5.Final/netty-3.10.5.Final.jar:/home/user/.m2/repository/io/netty/netty-all/4.0.52.Final/netty-all-4.0.52.Final.jar:/home/user/.m2/repository/org/fusesource/leveldbjni/leveldbjni-all/1.8/leveldbjni-all-1.8.jar:"/>
    <property name="sun.cpu.endian" value="little"/>
    <property name="user.home" value="/home/user"/>
    <property name="user.language" value="en"/>
    <property name="java.specification.vendor" value="Oracle Corporation"/>
    <property name="java.home" value="/usr/lib/jvm/java-1.8-openjdk/jre"/>
    <property name="java.security.krb5.conf" value="/workdir/hadoop-ozone/integration-test/target/test-classes/krb5.conf"/>
    <property name="basedir" value="/workdir/hadoop-ozone/integration-test"/>
    <property name="file.separator" value="/"/>
    <property name="line.separator" value="&#10;"/>
    <property name="java.vm.specification.vendor" value="Oracle Corporation"/>
    <property name="java.specification.name" value="Java Platform API Specification"/>
    <property name="java.awt.graphicsenv" value="sun.awt.X11GraphicsEnvironment"/>
    <property name="surefire.real.class.path" value="/workdir/hadoop-ozone/integration-test/target/surefire/surefirebooter981704843061365104.jar"/>
    <property name="hadoop.log.dir" value="/workdir/hadoop-ozone/integration-test/target/log"/>
    <property name="sun.boot.class.path" value="/usr/lib/jvm/java-1.8-openjdk/jre/lib/resources.jar:/usr/lib/jvm/java-1.8-openjdk/jre/lib/rt.jar:/usr/lib/jvm/java-1.8-openjdk/jre/lib/sunrsasign.jar:/usr/lib/jvm/java-1.8-openjdk/jre/lib/jsse.jar:/usr/lib/jvm/java-1.8-openjdk/jre/lib/jce.jar:/usr/lib/jvm/java-1.8-openjdk/jre/lib/charsets.jar:/usr/lib/jvm/java-1.8-openjdk/jre/lib/jfr.jar:/usr/lib/jvm/java-1.8-openjdk/jre/classes"/>
    <property name="sun.management.compiler" value="HotSpot 64-Bit Tiered Compilers"/>
    <property name="java.runtime.version" value="1.8.0_212-b04"/>
    <property name="java.net.preferIPv4Stack" value="true"/>
    <property name="user.name" value="jenkins1000"/>
    <property name="path.separator" value=":"/>
    <property name="java.security.egd" value="file:///dev/urandom"/>
    <property name="os.version" value="3.10.0-957.12.2.el7.x86_64"/>
    <property name="java.endorsed.dirs" value="/usr/lib/jvm/java-1.8-openjdk/jre/lib/endorsed"/>
    <property name="java.runtime.name" value="OpenJDK Runtime Environment"/>
    <property name="file.encoding" value="UTF-8"/>
    <property name="java.vm.name" value="OpenJDK 64-Bit Server VM"/>
    <property name="test.build.webapps" value=""/>
    <property name="localRepository" value="/home/user/.m2/repository"/>
    <property name="java.vendor.url.bug" value="https://icedtea.classpath.org/bugzilla"/>
    <property name="java.io.tmpdir" value="/tmp"/>
    <property name="require.test.libhadoop" value=""/>
    <property name="java.version" value="1.8.0_212"/>
    <property name="user.dir" value="/workdir/hadoop-ozone/integration-test"/>
    <property name="os.arch" value="amd64"/>
    <property name="java.vm.specification.name" value="Java Virtual Machine Specification"/>
    <property name="test.build.classes" value="/workdir/hadoop-ozone/integration-test/target/test-classes"/>
    <property name="java.awt.printerjob" value="sun.print.PSPrinterJob"/>
    <property name="sun.os.patch.level" value="unknown"/>
    <property name="hadoop.tmp.dir" value="/workdir/hadoop-ozone/integration-test/target/tmp"/>
    <property name="java.library.path" value="/usr/lib/jvm/java-1.8-openjdk/jre/lib/amd64/server:/usr/lib/jvm/java-1.8-openjdk/jre/lib/amd64:/usr/lib/jvm/java-1.8-openjdk/jre/../lib/amd64:/workdir/hadoop-ozone/integration-test/target/native/target/usr/local/lib:/workdir/hadoop-ozone/integration-test/../../hadoop-common-project/hadoop-common/target/native/target/usr/local/lib:/usr/java/packages/lib/amd64:/usr/lib64:/lib64:/lib:/usr/lib"/>
    <property name="java.vm.info" value="mixed mode"/>
    <property name="java.vendor" value="IcedTea"/>
    <property name="java.vm.version" value="25.212-b04"/>
    <property name="java.ext.dirs" value="/usr/lib/jvm/java-1.8-openjdk/jre/lib/ext:/usr/java/packages/lib/ext"/>
    <property name="sun.io.unicode.encoding" value="UnicodeLittle"/>
    <property name="java.class.version" value="52.0"/>
  </properties>
  <testcase name="test2DatanodesFailure" classname="org.apache.hadoop.ozone.client.rpc.TestBlockOutputStreamWithFailures" time="118.96">
    <failure message="expected:&lt;2&gt; but was:&lt;3&gt;" type="java.lang.AssertionError"><![CDATA[java.lang.AssertionError: expected:<2> but was:<3>
	at org.junit.Assert.fail(Assert.java:88)
	at org.junit.Assert.failNotEquals(Assert.java:743)
	at org.junit.Assert.assertEquals(Assert.java:118)
	at org.junit.Assert.assertEquals(Assert.java:555)
	at org.junit.Assert.assertEquals(Assert.java:542)
	at org.apache.hadoop.ozone.client.rpc.TestBlockOutputStreamWithFailures.test2DatanodesFailure(TestBlockOutputStreamWithFailures.java:520)
	at sun.reflect.NativeMethodAccessorImpl.invoke0(Native Method)
	at sun.reflect.NativeMethodAccessorImpl.invoke(NativeMethodAccessorImpl.java:62)
	at sun.reflect.DelegatingMethodAccessorImpl.invoke(DelegatingMethodAccessorImpl.java:43)
	at java.lang.reflect.Method.invoke(Method.java:498)
	at org.junit.runners.model.FrameworkMethod$1.runReflectiveCall(FrameworkMethod.java:47)
	at org.junit.internal.runners.model.ReflectiveCallable.run(ReflectiveCallable.java:12)
	at org.junit.runners.model.FrameworkMethod.invokeExplosively(FrameworkMethod.java:44)
	at org.junit.internal.runners.statements.InvokeMethod.evaluate(InvokeMethod.java:17)
	at org.junit.internal.runners.statements.RunBefores.evaluate(RunBefores.java:26)
	at org.junit.internal.runners.statements.RunAfters.evaluate(RunAfters.java:27)
	at org.junit.runners.ParentRunner.runLeaf(ParentRunner.java:271)
	at org.junit.runners.BlockJUnit4ClassRunner.runChild(BlockJUnit4ClassRunner.java:70)
	at org.junit.runners.BlockJUnit4ClassRunner.runChild(BlockJUnit4ClassRunner.java:50)
	at org.junit.runners.ParentRunner$3.run(ParentRunner.java:238)
	at org.junit.runners.ParentRunner$1.schedule(ParentRunner.java:63)
	at org.junit.runners.ParentRunner.runChildren(ParentRunner.java:236)
	at org.junit.runners.ParentRunner.access$000(ParentRunner.java:53)
	at org.junit.runners.ParentRunner$2.evaluate(ParentRunner.java:229)
	at org.junit.runners.ParentRunner.run(ParentRunner.java:309)
	at org.apache.maven.surefire.junit4.JUnit4Provider.execute(JUnit4Provider.java:365)
	at org.apache.maven.surefire.junit4.JUnit4Provider.executeWithRerun(JUnit4Provider.java:273)
	at org.apache.maven.surefire.junit4.JUnit4Provider.executeTestSet(JUnit4Provider.java:238)
	at org.apache.maven.surefire.junit4.JUnit4Provider.invoke(JUnit4Provider.java:159)
	at org.apache.maven.surefire.booter.ForkedBooter.invokeProviderInSameClassLoader(ForkedBooter.java:384)
	at org.apache.maven.surefire.booter.ForkedBooter.runSuitesInProcess(ForkedBooter.java:345)
	at org.apache.maven.surefire.booter.ForkedBooter.execute(ForkedBooter.java:126)
	at org.apache.maven.surefire.booter.ForkedBooter.main(ForkedBooter.java:418)
]]></failure>
    <system-out><![CDATA[2019-10-09 13:03:35,504 [main] WARN  server.ServerUtils (ServerUtils.java:getScmDbDir(145)) - ozone.scm.db.dirs is not configured. We recommend adding this setting. Falling back to ozone.metadata.dirs instead.
2019-10-09 13:03:35,633 [main] WARN  server.ServerUtils (ServerUtils.java:getScmDbDir(145)) - ozone.scm.db.dirs is not configured. We recommend adding this setting. Falling back to ozone.metadata.dirs instead.
2019-10-09 13:03:35,636 [main] WARN  server.ServerUtils (ServerUtils.java:getScmDbDir(145)) - ozone.scm.db.dirs is not configured. We recommend adding this setting. Falling back to ozone.metadata.dirs instead.
2019-10-09 13:03:35,654 [main] INFO  util.log (Log.java:initialized(192)) - Logging initialized @945ms
2019-10-09 13:03:35,776 [main] INFO  db.DBStoreBuilder (DBStoreBuilder.java:addTable(110)) - using custom profile for table: deletedBlocks
2019-10-09 13:03:35,777 [main] INFO  db.DBStoreBuilder (DBStoreBuilder.java:processTables(161)) - Using default column profile:DBProfile.DISK for Table:deletedBlocks
2019-10-09 13:03:35,777 [main] INFO  db.DBStoreBuilder (DBStoreBuilder.java:addTable(110)) - using custom profile for table: validCerts
2019-10-09 13:03:35,778 [main] INFO  db.DBStoreBuilder (DBStoreBuilder.java:processTables(161)) - Using default column profile:DBProfile.DISK for Table:validCerts
2019-10-09 13:03:35,778 [main] INFO  db.DBStoreBuilder (DBStoreBuilder.java:addTable(110)) - using custom profile for table: revokedCerts
2019-10-09 13:03:35,778 [main] INFO  db.DBStoreBuilder (DBStoreBuilder.java:processTables(161)) - Using default column profile:DBProfile.DISK for Table:revokedCerts
2019-10-09 13:03:35,791 [main] INFO  db.DBStoreBuilder (DBStoreBuilder.java:addTable(110)) - using custom profile for table: default
2019-10-09 13:03:35,791 [main] INFO  db.DBStoreBuilder (DBStoreBuilder.java:processTables(167)) - Using default column profile:DBProfile.DISK for Table:default
2019-10-09 13:03:35,793 [main] INFO  db.DBStoreBuilder (DBStoreBuilder.java:getDbProfile(198)) - Using default options. DBProfile.DISK
2019-10-09 13:03:36,062 [main] INFO  net.NodeSchemaLoader (NodeSchemaLoader.java:loadSchemaFromFile(125)) - Loading file from sun.misc.CompoundEnumeration@71d44a3
2019-10-09 13:03:36,064 [main] INFO  net.NodeSchemaLoader (NodeSchemaLoader.java:loadSchema(171)) - Loading network topology layer schema file
2019-10-09 13:03:36,137 [main] INFO  node.SCMNodeManager (SCMNodeManager.java:<init>(114)) - Entering startup safe mode.
2019-10-09 13:03:36,222 [main] INFO  algorithms.ContainerPlacementPolicyFactory (ContainerPlacementPolicyFactory.java:getPolicy(59)) - Create container placement policy of type org.apache.hadoop.hdds.scm.container.placement.algorithms.SCMContainerPlacementRandom
2019-10-09 13:03:36,239 [main] WARN  server.ServerUtils (ServerUtils.java:getScmDbDir(145)) - ozone.scm.db.dirs is not configured. We recommend adding this setting. Falling back to ozone.metadata.dirs instead.
2019-10-09 13:03:36,318 [main] INFO  pipeline.SCMPipelineManager (SCMPipelineManager.java:initializePipelineState(137)) - No pipeline exists in current db
2019-10-09 13:03:36,320 [main] WARN  server.ServerUtils (ServerUtils.java:getScmDbDir(145)) - ozone.scm.db.dirs is not configured. We recommend adding this setting. Falling back to ozone.metadata.dirs instead.
2019-10-09 13:03:36,449 [main] WARN  events.EventQueue (EventQueue.java:fireEvent(183)) - No event handler registered for event TypedEvent{payloadType=SafeModeStatus, name='SafeModeStatus'}
2019-10-09 13:03:36,826 [main] INFO  ipc.CallQueueManager (CallQueueManager.java:<init>(84)) - Using callQueue: class java.util.concurrent.LinkedBlockingQueue, queueCapacity: 2000, scheduler: class org.apache.hadoop.ipc.DefaultRpcScheduler, ipcBackoff: false.
2019-10-09 13:03:36,857 [Socket Reader #1 for port 36093] INFO  ipc.Server (Server.java:run(1074)) - Starting Socket Reader #1 for port 36093
2019-10-09 13:03:37,012 [main] INFO  ipc.CallQueueManager (CallQueueManager.java:<init>(84)) - Using callQueue: class java.util.concurrent.LinkedBlockingQueue, queueCapacity: 2000, scheduler: class org.apache.hadoop.ipc.DefaultRpcScheduler, ipcBackoff: false.
2019-10-09 13:03:37,013 [Socket Reader #1 for port 39522] INFO  ipc.Server (Server.java:run(1074)) - Starting Socket Reader #1 for port 39522
2019-10-09 13:03:37,021 [main] INFO  ipc.CallQueueManager (CallQueueManager.java:<init>(84)) - Using callQueue: class java.util.concurrent.LinkedBlockingQueue, queueCapacity: 2000, scheduler: class org.apache.hadoop.ipc.DefaultRpcScheduler, ipcBackoff: false.
2019-10-09 13:03:37,022 [Socket Reader #1 for port 40888] INFO  ipc.Server (Server.java:run(1074)) - Starting Socket Reader #1 for port 40888
2019-10-09 13:03:37,044 [main] INFO  hdfs.DFSUtil (DFSUtil.java:httpServerTemplateForNNAndJN(1641)) - Starting Web-server for scm at: http://0.0.0.0:0
2019-10-09 13:03:37,186 [main] INFO  server.AuthenticationFilter (AuthenticationFilter.java:constructSecretProvider(240)) - Unable to initialize FileSignerSecretProvider, falling back to use random secrets.
2019-10-09 13:03:37,193 [main] WARN  http.HttpRequestLog (HttpRequestLog.java:getRequestLog(97)) - Jetty request log can only be enabled using Log4j
2019-10-09 13:03:37,200 [main] INFO  http.HttpServer2 (HttpServer2.java:addGlobalFilter(975)) - Added global filter 'safety' (class=org.apache.hadoop.http.HttpServer2$QuotingInputFilter)
2019-10-09 13:03:37,203 [main] INFO  http.HttpServer2 (HttpServer2.java:addFilter(948)) - Added filter static_user_filter (class=org.apache.hadoop.http.lib.StaticUserWebFilter$StaticUserFilter) to context scm
2019-10-09 13:03:37,203 [main] INFO  http.HttpServer2 (HttpServer2.java:addFilter(958)) - Added filter static_user_filter (class=org.apache.hadoop.http.lib.StaticUserWebFilter$StaticUserFilter) to context logs
2019-10-09 13:03:37,203 [main] INFO  http.HttpServer2 (HttpServer2.java:addFilter(958)) - Added filter static_user_filter (class=org.apache.hadoop.http.lib.StaticUserWebFilter$StaticUserFilter) to context static
2019-10-09 13:03:37,229 [main] INFO  server.StorageContainerManager (StorageContainerManager.java:start(770)) - StorageContainerLocationProtocol RPC server is listening at /0.0.0.0:40888
2019-10-09 13:03:37,280 [main] WARN  impl.MetricsConfig (MetricsConfig.java:loadFirst(134)) - Cannot locate configuration: tried hadoop-metrics2-storagecontainermanager.properties,hadoop-metrics2.properties
2019-10-09 13:03:37,291 [main] INFO  impl.MetricsSystemImpl (MetricsSystemImpl.java:startTimer(374)) - Scheduled Metric snapshot period at 10 second(s).
2019-10-09 13:03:37,291 [main] INFO  impl.MetricsSystemImpl (MetricsSystemImpl.java:start(191)) - StorageContainerManager metrics system started
2019-10-09 13:03:37,479 [main] INFO  server.SCMClientProtocolServer (SCMClientProtocolServer.java:start(151)) - RPC server for Client  is listening at /0.0.0.0:40888
2019-10-09 13:03:37,480 [IPC Server Responder] INFO  ipc.Server (Server.java:run(1314)) - IPC Server Responder: starting
2019-10-09 13:03:37,480 [IPC Server listener on 40888] INFO  ipc.Server (Server.java:run(1153)) - IPC Server listener on 40888: starting
2019-10-09 13:03:37,482 [main] INFO  server.StorageContainerManager (StorageContainerManager.java:start(780)) - ScmBlockLocationProtocol RPC server is listening at /0.0.0.0:39522
2019-10-09 13:03:37,483 [main] INFO  server.SCMBlockProtocolServer (SCMBlockProtocolServer.java:start(146)) - RPC server for Block Protocol is listening at /0.0.0.0:39522
2019-10-09 13:03:37,484 [IPC Server Responder] INFO  ipc.Server (Server.java:run(1314)) - IPC Server Responder: starting
2019-10-09 13:03:37,484 [IPC Server listener on 39522] INFO  ipc.Server (Server.java:run(1153)) - IPC Server listener on 39522: starting
2019-10-09 13:03:37,486 [main] INFO  server.StorageContainerManager (StorageContainerManager.java:start(784)) - ScmDatanodeProtocl RPC server is listening at /0.0.0.0:36093
2019-10-09 13:03:37,486 [main] INFO  server.SCMDatanodeProtocolServer (SCMDatanodeProtocolServer.java:start(191)) - RPC server for DataNodes is listening at /0.0.0.0:36093
2019-10-09 13:03:37,487 [IPC Server Responder] INFO  ipc.Server (Server.java:run(1314)) - IPC Server Responder: starting
2019-10-09 13:03:37,487 [IPC Server listener on 36093] INFO  ipc.Server (Server.java:run(1153)) - IPC Server listener on 36093: starting
2019-10-09 13:03:37,490 [main] INFO  http.HttpServer2 (HttpServer2.java:bindListener(1191)) - Jetty bound to port 32825
2019-10-09 13:03:37,492 [main] INFO  server.Server (Server.java:doStart(351)) - jetty-9.3.25.v20180904, build timestamp: 2018-09-04T21:11:46Z, git hash: 3ce520221d0240229c862b122d2b06c12a625732
2019-10-09 13:03:37,528 [main] INFO  handler.ContextHandler (ContextHandler.java:doStart(781)) - Started o.e.j.s.ServletContextHandler@4fce136b{/logs,file:///workdir/hadoop-ozone/integration-test/target/log,AVAILABLE}
2019-10-09 13:03:37,528 [main] INFO  handler.ContextHandler (ContextHandler.java:doStart(781)) - Started o.e.j.s.ServletContextHandler@43b6123e{/static,file:///workdir/hadoop-ozone/integration-test/target/test-classes/webapps/static,AVAILABLE}
2019-10-09 13:03:37,557 [main] INFO  handler.ContextHandler (ContextHandler.java:doStart(781)) - Started o.e.j.w.WebAppContext@6db66836{/,file:///workdir/hadoop-ozone/integration-test/target/test-classes/webapps/scm/,AVAILABLE}{/scm}
2019-10-09 13:03:37,562 [main] INFO  server.AbstractConnector (AbstractConnector.java:doStart(278)) - Started ServerConnector@1ee4730{HTTP/1.1,[http/1.1]}{0.0.0.0:32825}
2019-10-09 13:03:37,562 [main] INFO  server.Server (Server.java:doStart(419)) - Started @2853ms
2019-10-09 13:03:37,564 [main] INFO  impl.MetricsSinkAdapter (MetricsSinkAdapter.java:start(204)) - Sink prometheus started
2019-10-09 13:03:37,564 [main] INFO  impl.MetricsSystemImpl (MetricsSystemImpl.java:registerSink(301)) - Registered sink prometheus
2019-10-09 13:03:37,565 [main] INFO  server.BaseHttpServer (BaseHttpServer.java:updateConnectorAddress(215)) - HTTP server of SCM is listening at http://0.0.0.0:32825
2019-10-09 13:03:37,570 [org.apache.hadoop.util.JvmPauseMonitor$Monitor@51f49060] INFO  util.JvmPauseMonitor (JvmPauseMonitor.java:run(188)) - Starting JVM pause monitor
2019-10-09 13:03:37,572 [main] WARN  server.ServerUtils (ServerUtils.java:getDBPath(222)) - ozone.om.db.dirs is not configured. We recommend adding this setting. Falling back to ozone.metadata.dirs instead.
2019-10-09 13:03:37,657 [main] WARN  server.ServerUtils (ServerUtils.java:getDBPath(222)) - ozone.om.db.dirs is not configured. We recommend adding this setting. Falling back to ozone.metadata.dirs instead.
2019-10-09 13:03:37,658 [main] WARN  server.ServerUtils (ServerUtils.java:getDBPath(222)) - ozone.om.db.dirs is not configured. We recommend adding this setting. Falling back to ozone.metadata.dirs instead.
2019-10-09 13:03:37,659 [main] INFO  om.OzoneManager (OzoneManager.java:setOMNodeDetails(652)) - OM Service ID is not set. Setting it to the default ID: omServiceIdDefault
2019-10-09 13:03:37,659 [main] INFO  om.OzoneManager (OzoneManager.java:setOMNodeDetails(658)) - OM Node ID is not set. Setting it to the OmStorage's OmID: a5202b56-96fc-4a3f-a1e2-dcb15a5eb327
2019-10-09 13:03:37,660 [main] INFO  om.OzoneManager (OzoneManager.java:loadOMHAConfigs(609)) - Found matching OM address with OMServiceId: null, OMNodeId: null, RPC Address: localhost:0 and Ratis port: 9872
2019-10-09 13:03:38,473 [main] WARN  server.ServerUtils (ServerUtils.java:getDBPath(222)) - ozone.om.db.dirs is not configured. We recommend adding this setting. Falling back to ozone.metadata.dirs instead.
2019-10-09 13:03:38,485 [main] INFO  db.DBStoreBuilder (DBStoreBuilder.java:addTable(110)) - using custom profile for table: userTable
2019-10-09 13:03:38,485 [main] INFO  db.DBStoreBuilder (DBStoreBuilder.java:processTables(161)) - Using default column profile:DBProfile.DISK for Table:userTable
2019-10-09 13:03:38,485 [main] INFO  db.DBStoreBuilder (DBStoreBuilder.java:addTable(110)) - using custom profile for table: volumeTable
2019-10-09 13:03:38,486 [main] INFO  db.DBStoreBuilder (DBStoreBuilder.java:processTables(161)) - Using default column profile:DBProfile.DISK for Table:volumeTable
2019-10-09 13:03:38,486 [main] INFO  db.DBStoreBuilder (DBStoreBuilder.java:addTable(110)) - using custom profile for table: bucketTable
2019-10-09 13:03:38,487 [main] INFO  db.DBStoreBuilder (DBStoreBuilder.java:processTables(161)) - Using default column profile:DBProfile.DISK for Table:bucketTable
2019-10-09 13:03:38,487 [main] INFO  db.DBStoreBuilder (DBStoreBuilder.java:addTable(110)) - using custom profile for table: keyTable
2019-10-09 13:03:38,487 [main] INFO  db.DBStoreBuilder (DBStoreBuilder.java:processTables(161)) - Using default column profile:DBProfile.DISK for Table:keyTable
2019-10-09 13:03:38,488 [main] INFO  db.DBStoreBuilder (DBStoreBuilder.java:addTable(110)) - using custom profile for table: deletedTable
2019-10-09 13:03:38,488 [main] INFO  db.DBStoreBuilder (DBStoreBuilder.java:processTables(161)) - Using default column profile:DBProfile.DISK for Table:deletedTable
2019-10-09 13:03:38,489 [main] INFO  db.DBStoreBuilder (DBStoreBuilder.java:addTable(110)) - using custom profile for table: openKeyTable
2019-10-09 13:03:38,489 [main] INFO  db.DBStoreBuilder (DBStoreBuilder.java:processTables(161)) - Using default column profile:DBProfile.DISK for Table:openKeyTable
2019-10-09 13:03:38,489 [main] INFO  db.DBStoreBuilder (DBStoreBuilder.java:addTable(110)) - using custom profile for table: s3Table
2019-10-09 13:03:38,490 [main] INFO  db.DBStoreBuilder (DBStoreBuilder.java:processTables(161)) - Using default column profile:DBProfile.DISK for Table:s3Table
2019-10-09 13:03:38,490 [main] INFO  db.DBStoreBuilder (DBStoreBuilder.java:addTable(110)) - using custom profile for table: multipartInfoTable
2019-10-09 13:03:38,491 [main] INFO  db.DBStoreBuilder (DBStoreBuilder.java:processTables(161)) - Using default column profile:DBProfile.DISK for Table:multipartInfoTable
2019-10-09 13:03:38,491 [main] INFO  db.DBStoreBuilder (DBStoreBuilder.java:addTable(110)) - using custom profile for table: dTokenTable
2019-10-09 13:03:38,491 [main] INFO  db.DBStoreBuilder (DBStoreBuilder.java:processTables(161)) - Using default column profile:DBProfile.DISK for Table:dTokenTable
2019-10-09 13:03:38,492 [main] INFO  db.DBStoreBuilder (DBStoreBuilder.java:addTable(110)) - using custom profile for table: s3SecretTable
2019-10-09 13:03:38,492 [main] INFO  db.DBStoreBuilder (DBStoreBuilder.java:processTables(161)) - Using default column profile:DBProfile.DISK for Table:s3SecretTable
2019-10-09 13:03:38,493 [main] INFO  db.DBStoreBuilder (DBStoreBuilder.java:addTable(110)) - using custom profile for table: prefixTable
2019-10-09 13:03:38,493 [main] INFO  db.DBStoreBuilder (DBStoreBuilder.java:processTables(161)) - Using default column profile:DBProfile.DISK for Table:prefixTable
2019-10-09 13:03:38,493 [main] INFO  db.DBStoreBuilder (DBStoreBuilder.java:addTable(110)) - using custom profile for table: default
2019-10-09 13:03:38,494 [main] INFO  db.DBStoreBuilder (DBStoreBuilder.java:processTables(167)) - Using default column profile:DBProfile.DISK for Table:default
2019-10-09 13:03:38,494 [main] INFO  db.DBStoreBuilder (DBStoreBuilder.java:getDbProfile(198)) - Using default options. DBProfile.DISK
2019-10-09 13:03:39,086 [main] INFO  ipc.CallQueueManager (CallQueueManager.java:<init>(84)) - Using callQueue: class java.util.concurrent.LinkedBlockingQueue, queueCapacity: 2000, scheduler: class org.apache.hadoop.ipc.DefaultRpcScheduler, ipcBackoff: false.
2019-10-09 13:03:39,087 [Socket Reader #1 for port 33695] INFO  ipc.Server (Server.java:run(1074)) - Starting Socket Reader #1 for port 33695
2019-10-09 13:03:39,108 [main] INFO  om.OzoneManager (OzoneManager.java:start(1243)) - OzoneManager RPC server is listening at localhost/127.0.0.1:33695
2019-10-09 13:03:39,109 [main] INFO  impl.MetricsSystemImpl (MetricsSystemImpl.java:init(158)) - OzoneManager metrics system started (again)
2019-10-09 13:03:39,110 [IPC Server Responder] INFO  ipc.Server (Server.java:run(1314)) - IPC Server Responder: starting
2019-10-09 13:03:39,110 [IPC Server listener on 33695] INFO  ipc.Server (Server.java:run(1153)) - IPC Server listener on 33695: starting
2019-10-09 13:03:39,117 [main] INFO  hdfs.DFSUtil (DFSUtil.java:httpServerTemplateForNNAndJN(1641)) - Starting Web-server for ozoneManager at: http://0.0.0.0:0
2019-10-09 13:03:39,119 [main] INFO  server.AuthenticationFilter (AuthenticationFilter.java:constructSecretProvider(240)) - Unable to initialize FileSignerSecretProvider, falling back to use random secrets.
2019-10-09 13:03:39,119 [main] WARN  http.HttpRequestLog (HttpRequestLog.java:getRequestLog(97)) - Jetty request log can only be enabled using Log4j
2019-10-09 13:03:39,122 [main] INFO  http.HttpServer2 (HttpServer2.java:addGlobalFilter(975)) - Added global filter 'safety' (class=org.apache.hadoop.http.HttpServer2$QuotingInputFilter)
2019-10-09 13:03:39,122 [main] INFO  http.HttpServer2 (HttpServer2.java:addFilter(948)) - Added filter static_user_filter (class=org.apache.hadoop.http.lib.StaticUserWebFilter$StaticUserFilter) to context ozoneManager
2019-10-09 13:03:39,123 [main] INFO  http.HttpServer2 (HttpServer2.java:addFilter(958)) - Added filter static_user_filter (class=org.apache.hadoop.http.lib.StaticUserWebFilter$StaticUserFilter) to context static
2019-10-09 13:03:39,123 [main] INFO  http.HttpServer2 (HttpServer2.java:addFilter(958)) - Added filter static_user_filter (class=org.apache.hadoop.http.lib.StaticUserWebFilter$StaticUserFilter) to context logs
2019-10-09 13:03:39,125 [main] INFO  http.HttpServer2 (HttpServer2.java:bindListener(1191)) - Jetty bound to port 39763
2019-10-09 13:03:39,125 [main] INFO  server.Server (Server.java:doStart(351)) - jetty-9.3.25.v20180904, build timestamp: 2018-09-04T21:11:46Z, git hash: 3ce520221d0240229c862b122d2b06c12a625732
2019-10-09 13:03:39,127 [main] INFO  handler.ContextHandler (ContextHandler.java:doStart(781)) - Started o.e.j.s.ServletContextHandler@20ed3303{/logs,file:///workdir/hadoop-ozone/integration-test/target/log,AVAILABLE}
2019-10-09 13:03:39,128 [main] INFO  handler.ContextHandler (ContextHandler.java:doStart(781)) - Started o.e.j.s.ServletContextHandler@3a627c80{/static,file:///workdir/hadoop-ozone/integration-test/target/test-classes/webapps/static,AVAILABLE}
2019-10-09 13:03:39,133 [main] INFO  handler.ContextHandler (ContextHandler.java:doStart(781)) - Started o.e.j.w.WebAppContext@415156bf{/,file:///workdir/hadoop-ozone/integration-test/target/test-classes/webapps/ozoneManager/,AVAILABLE}{/ozoneManager}
2019-10-09 13:03:39,134 [main] INFO  server.AbstractConnector (AbstractConnector.java:doStart(278)) - Started ServerConnector@393881f0{HTTP/1.1,[http/1.1]}{0.0.0.0:39763}
2019-10-09 13:03:39,135 [main] INFO  server.Server (Server.java:doStart(419)) - Started @4426ms
2019-10-09 13:03:39,135 [main] WARN  impl.MetricsSystemImpl (MetricsSystemImpl.java:register(276)) - Sink prometheus already exists!
2019-10-09 13:03:39,136 [main] INFO  server.BaseHttpServer (BaseHttpServer.java:updateConnectorAddress(215)) - HTTP server of OZONEMANAGER is listening at http://0.0.0.0:39763
2019-10-09 13:03:39,481 [main] INFO  impl.MetricsSystemImpl (MetricsSystemImpl.java:init(158)) - HddsDatanode metrics system started (again)
2019-10-09 13:03:39,558 [main] INFO  ozone.HddsDatanodeService (HddsDatanodeService.java:start(184)) - HddsDatanodeService host:pr-hdds-1569-mfl88-1504498049 ip:192.168.5.175
2019-10-09 13:03:39,600 [main] INFO  volume.HddsVolume (HddsVolume.java:<init>(176)) - Creating Volume: /workdir/hadoop-ozone/integration-test/target/test-dir/MiniOzoneClusterImpl-92c4d179-1d16-4416-8bce-4538b25b782c/datanode-0/data/containers/hdds of  storage type : DISK and capacity : 1482555576320
2019-10-09 13:03:39,602 [main] INFO  volume.VolumeSet (VolumeSet.java:initializeVolumeSet(170)) - Added Volume : /workdir/hadoop-ozone/integration-test/target/test-dir/MiniOzoneClusterImpl-92c4d179-1d16-4416-8bce-4538b25b782c/datanode-0/data/containers/hdds to VolumeSet
2019-10-09 13:03:39,612 [main] INFO  volume.ThrottledAsyncChecker (ThrottledAsyncChecker.java:schedule(139)) - Scheduling a check for org.apache.hadoop.ozone.container.common.volume.HddsVolume@59496961
2019-10-09 13:03:39,641 [main] INFO  volume.HddsVolumeChecker (HddsVolumeChecker.java:checkAllVolumes(202)) - Scheduled health check for volume org.apache.hadoop.ozone.container.common.volume.HddsVolume@59496961
2019-10-09 13:03:39,764 [main] INFO  impl.RaftServerProxy (ConfUtils.java:logGet(43)) - raft.rpc.type = GRPC (default)
2019-10-09 13:03:39,828 [main] INFO  grpc.GrpcFactory (GrpcFactory.java:checkPooledByteBufAllocatorUseCacheForAllThreads(45)) - PERFORMANCE WARNING: useCacheForAllThreads is true that may cause Netty to create a lot garbage objects and, as a result, trigger GC.
	It is recommended to disable useCacheForAllThreads by setting -Dorg.apache.ratis.thirdparty.io.netty.allocator.useCacheForAllThreads=false in command line.
2019-10-09 13:03:39,833 [main] INFO  grpc.GrpcConfigKeys$Server (ConfUtils.java:logGet(43)) - raft.grpc.server.port = 0 (default)
2019-10-09 13:03:39,834 [main] INFO  server.GrpcService (ConfUtils.java:logGet(43)) - raft.grpc.message.size.max = 33570816 (custom)
2019-10-09 13:03:39,836 [main] INFO  server.RaftServerConfigKeys (ConfUtils.java:logGet(43)) - raft.server.log.appender.buffer.byte-limit = 33554432 (custom)
2019-10-09 13:03:39,836 [main] INFO  server.GrpcService (ConfUtils.java:logGet(43)) - raft.grpc.flow.control.window = 1MB (=1048576) (default)
2019-10-09 13:03:39,837 [main] INFO  server.RaftServerConfigKeys (ConfUtils.java:logGet(43)) - raft.server.rpc.request.timeout = 3000ms (default)
2019-10-09 13:03:40,032 [main] INFO  server.RaftServerConfigKeys (ConfUtils.java:logGet(43)) - raft.server.storage.dir = [/workdir/hadoop-ozone/integration-test/target/test-dir/MiniOzoneClusterImpl-92c4d179-1d16-4416-8bce-4538b25b782c/datanode-0/data/ratis] (custom)
2019-10-09 13:03:40,089 [main] INFO  hdfs.DFSUtil (DFSUtil.java:httpServerTemplateForNNAndJN(1641)) - Starting Web-server for hddsDatanode at: http://0.0.0.0:0
2019-10-09 13:03:40,091 [main] INFO  server.AuthenticationFilter (AuthenticationFilter.java:constructSecretProvider(240)) - Unable to initialize FileSignerSecretProvider, falling back to use random secrets.
2019-10-09 13:03:40,092 [main] WARN  http.HttpRequestLog (HttpRequestLog.java:getRequestLog(97)) - Jetty request log can only be enabled using Log4j
2019-10-09 13:03:40,094 [main] INFO  http.HttpServer2 (HttpServer2.java:addGlobalFilter(975)) - Added global filter 'safety' (class=org.apache.hadoop.http.HttpServer2$QuotingInputFilter)
2019-10-09 13:03:40,095 [main] INFO  http.HttpServer2 (HttpServer2.java:addFilter(948)) - Added filter static_user_filter (class=org.apache.hadoop.http.lib.StaticUserWebFilter$StaticUserFilter) to context hddsDatanode
2019-10-09 13:03:40,095 [main] INFO  http.HttpServer2 (HttpServer2.java:addFilter(958)) - Added filter static_user_filter (class=org.apache.hadoop.http.lib.StaticUserWebFilter$StaticUserFilter) to context logs
2019-10-09 13:03:40,095 [main] INFO  http.HttpServer2 (HttpServer2.java:addFilter(958)) - Added filter static_user_filter (class=org.apache.hadoop.http.lib.StaticUserWebFilter$StaticUserFilter) to context static
2019-10-09 13:03:40,097 [main] INFO  http.HttpServer2 (HttpServer2.java:bindListener(1191)) - Jetty bound to port 35759
2019-10-09 13:03:40,097 [main] INFO  server.Server (Server.java:doStart(351)) - jetty-9.3.25.v20180904, build timestamp: 2018-09-04T21:11:46Z, git hash: 3ce520221d0240229c862b122d2b06c12a625732
2019-10-09 13:03:40,099 [main] INFO  handler.ContextHandler (ContextHandler.java:doStart(781)) - Started o.e.j.s.ServletContextHandler@43045f9f{/logs,file:///workdir/hadoop-ozone/integration-test/target/log,AVAILABLE}
2019-10-09 13:03:40,100 [main] INFO  handler.ContextHandler (ContextHandler.java:doStart(781)) - Started o.e.j.s.ServletContextHandler@6403e24c{/static,jar:file:/home/user/.m2/repository/org/apache/hadoop/hadoop-hdds-container-service/0.5.0-SNAPSHOT/hadoop-hdds-container-service-0.5.0-SNAPSHOT.jar!/webapps/static,AVAILABLE}
2019-10-09 13:03:40,146 [main] INFO  handler.ContextHandler (ContextHandler.java:doStart(781)) - Started o.e.j.w.WebAppContext@5df778c3{/,file:///tmp/jetty-0.0.0.0-35759-hddsDatanode-_-any-2209182177419546226.dir/webapp/,AVAILABLE}{/hddsDatanode}
2019-10-09 13:03:40,147 [main] INFO  server.AbstractConnector (AbstractConnector.java:doStart(278)) - Started ServerConnector@895416d{HTTP/1.1,[http/1.1]}{0.0.0.0:35759}
2019-10-09 13:03:40,148 [main] INFO  server.Server (Server.java:doStart(419)) - Started @5439ms
2019-10-09 13:03:40,149 [main] WARN  impl.MetricsSystemImpl (MetricsSystemImpl.java:register(276)) - Sink prometheus already exists!
2019-10-09 13:03:40,150 [main] INFO  server.BaseHttpServer (BaseHttpServer.java:updateConnectorAddress(215)) - HTTP server of HDDSDATANODE is listening at http://0.0.0.0:35759
2019-10-09 13:03:40,151 [main] INFO  impl.MetricsSystemImpl (MetricsSystemImpl.java:init(158)) - HddsDatanode metrics system started (again)
2019-10-09 13:03:40,155 [main] INFO  ozone.HddsDatanodeService (HddsDatanodeService.java:start(184)) - HddsDatanodeService host:pr-hdds-1569-mfl88-1504498049 ip:192.168.5.175
2019-10-09 13:03:40,158 [org.apache.hadoop.util.JvmPauseMonitor$Monitor@37fadc07] INFO  util.JvmPauseMonitor (JvmPauseMonitor.java:run(188)) - Starting JVM pause monitor
2019-10-09 13:03:40,167 [main] INFO  volume.HddsVolume (HddsVolume.java:<init>(176)) - Creating Volume: /workdir/hadoop-ozone/integration-test/target/test-dir/MiniOzoneClusterImpl-92c4d179-1d16-4416-8bce-4538b25b782c/datanode-1/data/containers/hdds of  storage type : DISK and capacity : 1482555576320
2019-10-09 13:03:40,168 [main] INFO  volume.VolumeSet (VolumeSet.java:initializeVolumeSet(170)) - Added Volume : /workdir/hadoop-ozone/integration-test/target/test-dir/MiniOzoneClusterImpl-92c4d179-1d16-4416-8bce-4538b25b782c/datanode-1/data/containers/hdds to VolumeSet
2019-10-09 13:03:40,168 [main] INFO  volume.ThrottledAsyncChecker (ThrottledAsyncChecker.java:schedule(139)) - Scheduling a check for org.apache.hadoop.ozone.container.common.volume.HddsVolume@55e42449
2019-10-09 13:03:40,170 [main] INFO  volume.HddsVolumeChecker (HddsVolumeChecker.java:checkAllVolumes(202)) - Scheduled health check for volume org.apache.hadoop.ozone.container.common.volume.HddsVolume@55e42449
2019-10-09 13:03:40,190 [main] INFO  impl.RaftServerProxy (ConfUtils.java:logGet(43)) - raft.rpc.type = GRPC (default)
2019-10-09 13:03:40,190 [main] INFO  grpc.GrpcFactory (GrpcFactory.java:checkPooledByteBufAllocatorUseCacheForAllThreads(45)) - PERFORMANCE WARNING: useCacheForAllThreads is true that may cause Netty to create a lot garbage objects and, as a result, trigger GC.
	It is recommended to disable useCacheForAllThreads by setting -Dorg.apache.ratis.thirdparty.io.netty.allocator.useCacheForAllThreads=false in command line.
2019-10-09 13:03:40,190 [main] INFO  grpc.GrpcConfigKeys$Server (ConfUtils.java:logGet(43)) - raft.grpc.server.port = 0 (default)
2019-10-09 13:03:40,191 [main] INFO  server.GrpcService (ConfUtils.java:logGet(43)) - raft.grpc.message.size.max = 33570816 (custom)
2019-10-09 13:03:40,192 [main] INFO  server.RaftServerConfigKeys (ConfUtils.java:logGet(43)) - raft.server.log.appender.buffer.byte-limit = 33554432 (custom)
2019-10-09 13:03:40,192 [main] INFO  server.GrpcService (ConfUtils.java:logGet(43)) - raft.grpc.flow.control.window = 1MB (=1048576) (default)
2019-10-09 13:03:40,192 [main] INFO  server.RaftServerConfigKeys (ConfUtils.java:logGet(43)) - raft.server.rpc.request.timeout = 3000ms (default)
2019-10-09 13:03:40,193 [main] INFO  server.RaftServerConfigKeys (ConfUtils.java:logGet(43)) - raft.server.storage.dir = [/workdir/hadoop-ozone/integration-test/target/test-dir/MiniOzoneClusterImpl-92c4d179-1d16-4416-8bce-4538b25b782c/datanode-1/data/ratis] (custom)
2019-10-09 13:03:40,195 [main] INFO  hdfs.DFSUtil (DFSUtil.java:httpServerTemplateForNNAndJN(1641)) - Starting Web-server for hddsDatanode at: http://0.0.0.0:0
2019-10-09 13:03:40,198 [main] INFO  server.AuthenticationFilter (AuthenticationFilter.java:constructSecretProvider(240)) - Unable to initialize FileSignerSecretProvider, falling back to use random secrets.
2019-10-09 13:03:40,199 [main] WARN  http.HttpRequestLog (HttpRequestLog.java:getRequestLog(97)) - Jetty request log can only be enabled using Log4j
2019-10-09 13:03:40,202 [main] INFO  http.HttpServer2 (HttpServer2.java:addGlobalFilter(975)) - Added global filter 'safety' (class=org.apache.hadoop.http.HttpServer2$QuotingInputFilter)
2019-10-09 13:03:40,203 [main] INFO  http.HttpServer2 (HttpServer2.java:addFilter(948)) - Added filter static_user_filter (class=org.apache.hadoop.http.lib.StaticUserWebFilter$StaticUserFilter) to context hddsDatanode
2019-10-09 13:03:40,204 [main] INFO  http.HttpServer2 (HttpServer2.java:addFilter(958)) - Added filter static_user_filter (class=org.apache.hadoop.http.lib.StaticUserWebFilter$StaticUserFilter) to context logs
2019-10-09 13:03:40,204 [main] INFO  http.HttpServer2 (HttpServer2.java:addFilter(958)) - Added filter static_user_filter (class=org.apache.hadoop.http.lib.StaticUserWebFilter$StaticUserFilter) to context static
2019-10-09 13:03:40,206 [main] INFO  http.HttpServer2 (HttpServer2.java:bindListener(1191)) - Jetty bound to port 42801
2019-10-09 13:03:40,206 [main] INFO  server.Server (Server.java:doStart(351)) - jetty-9.3.25.v20180904, build timestamp: 2018-09-04T21:11:46Z, git hash: 3ce520221d0240229c862b122d2b06c12a625732
2019-10-09 13:03:40,211 [main] INFO  handler.ContextHandler (ContextHandler.java:doStart(781)) - Started o.e.j.s.ServletContextHandler@c27a3a2{/logs,file:///workdir/hadoop-ozone/integration-test/target/log,AVAILABLE}
2019-10-09 13:03:40,212 [main] INFO  handler.ContextHandler (ContextHandler.java:doStart(781)) - Started o.e.j.s.ServletContextHandler@1a2bcd56{/static,jar:file:/home/user/.m2/repository/org/apache/hadoop/hadoop-hdds-container-service/0.5.0-SNAPSHOT/hadoop-hdds-container-service-0.5.0-SNAPSHOT.jar!/webapps/static,AVAILABLE}
2019-10-09 13:03:40,258 [main] INFO  handler.ContextHandler (ContextHandler.java:doStart(781)) - Started o.e.j.w.WebAppContext@52d97ab6{/,file:///tmp/jetty-0.0.0.0-42801-hddsDatanode-_-any-8746539600831923841.dir/webapp/,AVAILABLE}{/hddsDatanode}
2019-10-09 13:03:40,260 [main] INFO  server.AbstractConnector (AbstractConnector.java:doStart(278)) - Started ServerConnector@4da6d664{HTTP/1.1,[http/1.1]}{0.0.0.0:42801}
2019-10-09 13:03:40,263 [main] INFO  server.Server (Server.java:doStart(419)) - Started @5554ms
2019-10-09 13:03:40,263 [main] WARN  impl.MetricsSystemImpl (MetricsSystemImpl.java:register(276)) - Sink prometheus already exists!
2019-10-09 13:03:40,264 [main] INFO  server.BaseHttpServer (BaseHttpServer.java:updateConnectorAddress(215)) - HTTP server of HDDSDATANODE is listening at http://0.0.0.0:42801
2019-10-09 13:03:40,265 [main] INFO  impl.MetricsSystemImpl (MetricsSystemImpl.java:init(158)) - HddsDatanode metrics system started (again)
2019-10-09 13:03:40,269 [org.apache.hadoop.util.JvmPauseMonitor$Monitor@79c952c3] INFO  util.JvmPauseMonitor (JvmPauseMonitor.java:run(188)) - Starting JVM pause monitor
2019-10-09 13:03:40,269 [main] INFO  ozone.HddsDatanodeService (HddsDatanodeService.java:start(184)) - HddsDatanodeService host:pr-hdds-1569-mfl88-1504498049 ip:192.168.5.175
2019-10-09 13:03:40,280 [main] INFO  volume.HddsVolume (HddsVolume.java:<init>(176)) - Creating Volume: /workdir/hadoop-ozone/integration-test/target/test-dir/MiniOzoneClusterImpl-92c4d179-1d16-4416-8bce-4538b25b782c/datanode-2/data/containers/hdds of  storage type : DISK and capacity : 1482555576320
2019-10-09 13:03:40,281 [main] INFO  volume.VolumeSet (VolumeSet.java:initializeVolumeSet(170)) - Added Volume : /workdir/hadoop-ozone/integration-test/target/test-dir/MiniOzoneClusterImpl-92c4d179-1d16-4416-8bce-4538b25b782c/datanode-2/data/containers/hdds to VolumeSet
2019-10-09 13:03:40,281 [main] INFO  volume.ThrottledAsyncChecker (ThrottledAsyncChecker.java:schedule(139)) - Scheduling a check for org.apache.hadoop.ozone.container.common.volume.HddsVolume@65e21ce3
2019-10-09 13:03:40,281 [Datanode State Machine Thread - 0] INFO  datanode.InitDatanodeState (InitDatanodeState.java:persistContainerDatanodeDetails(140)) - DatanodeDetails is persisted to /workdir/hadoop-ozone/integration-test/target/test-dir/MiniOzoneClusterImpl-92c4d179-1d16-4416-8bce-4538b25b782c/datanode-0/meta/datanode.id
2019-10-09 13:03:40,282 [main] INFO  volume.HddsVolumeChecker (HddsVolumeChecker.java:checkAllVolumes(202)) - Scheduled health check for volume org.apache.hadoop.ozone.container.common.volume.HddsVolume@65e21ce3
2019-10-09 13:03:40,285 [Datanode State Machine Thread - 0] INFO  datanode.InitDatanodeState (InitDatanodeState.java:persistContainerDatanodeDetails(140)) - DatanodeDetails is persisted to /workdir/hadoop-ozone/integration-test/target/test-dir/MiniOzoneClusterImpl-92c4d179-1d16-4416-8bce-4538b25b782c/datanode-1/meta/datanode.id
2019-10-09 13:03:40,303 [main] INFO  impl.RaftServerProxy (ConfUtils.java:logGet(43)) - raft.rpc.type = GRPC (default)
2019-10-09 13:03:40,303 [main] INFO  grpc.GrpcFactory (GrpcFactory.java:checkPooledByteBufAllocatorUseCacheForAllThreads(45)) - PERFORMANCE WARNING: useCacheForAllThreads is true that may cause Netty to create a lot garbage objects and, as a result, trigger GC.
	It is recommended to disable useCacheForAllThreads by setting -Dorg.apache.ratis.thirdparty.io.netty.allocator.useCacheForAllThreads=false in command line.
2019-10-09 13:03:40,304 [main] INFO  grpc.GrpcConfigKeys$Server (ConfUtils.java:logGet(43)) - raft.grpc.server.port = 0 (default)
2019-10-09 13:03:40,304 [main] INFO  server.GrpcService (ConfUtils.java:logGet(43)) - raft.grpc.message.size.max = 33570816 (custom)
2019-10-09 13:03:40,304 [main] INFO  server.RaftServerConfigKeys (ConfUtils.java:logGet(43)) - raft.server.log.appender.buffer.byte-limit = 33554432 (custom)
2019-10-09 13:03:40,305 [main] INFO  server.GrpcService (ConfUtils.java:logGet(43)) - raft.grpc.flow.control.window = 1MB (=1048576) (default)
2019-10-09 13:03:40,305 [main] INFO  server.RaftServerConfigKeys (ConfUtils.java:logGet(43)) - raft.server.rpc.request.timeout = 3000ms (default)
2019-10-09 13:03:40,306 [main] INFO  server.RaftServerConfigKeys (ConfUtils.java:logGet(43)) - raft.server.storage.dir = [/workdir/hadoop-ozone/integration-test/target/test-dir/MiniOzoneClusterImpl-92c4d179-1d16-4416-8bce-4538b25b782c/datanode-2/data/ratis] (custom)
2019-10-09 13:03:40,309 [main] INFO  hdfs.DFSUtil (DFSUtil.java:httpServerTemplateForNNAndJN(1641)) - Starting Web-server for hddsDatanode at: http://0.0.0.0:0
2019-10-09 13:03:40,310 [main] INFO  server.AuthenticationFilter (AuthenticationFilter.java:constructSecretProvider(240)) - Unable to initialize FileSignerSecretProvider, falling back to use random secrets.
2019-10-09 13:03:40,311 [main] WARN  http.HttpRequestLog (HttpRequestLog.java:getRequestLog(97)) - Jetty request log can only be enabled using Log4j
2019-10-09 13:03:40,313 [main] INFO  http.HttpServer2 (HttpServer2.java:addGlobalFilter(975)) - Added global filter 'safety' (class=org.apache.hadoop.http.HttpServer2$QuotingInputFilter)
2019-10-09 13:03:40,313 [main] INFO  http.HttpServer2 (HttpServer2.java:addFilter(948)) - Added filter static_user_filter (class=org.apache.hadoop.http.lib.StaticUserWebFilter$StaticUserFilter) to context hddsDatanode
2019-10-09 13:03:40,314 [main] INFO  http.HttpServer2 (HttpServer2.java:addFilter(958)) - Added filter static_user_filter (class=org.apache.hadoop.http.lib.StaticUserWebFilter$StaticUserFilter) to context static
2019-10-09 13:03:40,314 [main] INFO  http.HttpServer2 (HttpServer2.java:addFilter(958)) - Added filter static_user_filter (class=org.apache.hadoop.http.lib.StaticUserWebFilter$StaticUserFilter) to context logs
2019-10-09 13:03:40,315 [main] INFO  http.HttpServer2 (HttpServer2.java:bindListener(1191)) - Jetty bound to port 35961
2019-10-09 13:03:40,315 [main] INFO  server.Server (Server.java:doStart(351)) - jetty-9.3.25.v20180904, build timestamp: 2018-09-04T21:11:46Z, git hash: 3ce520221d0240229c862b122d2b06c12a625732
2019-10-09 13:03:40,317 [main] INFO  handler.ContextHandler (ContextHandler.java:doStart(781)) - Started o.e.j.s.ServletContextHandler@7100dea{/logs,file:///workdir/hadoop-ozone/integration-test/target/log,AVAILABLE}
2019-10-09 13:03:40,318 [main] INFO  handler.ContextHandler (ContextHandler.java:doStart(781)) - Started o.e.j.s.ServletContextHandler@32e54a9d{/static,jar:file:/home/user/.m2/repository/org/apache/hadoop/hadoop-hdds-container-service/0.5.0-SNAPSHOT/hadoop-hdds-container-service-0.5.0-SNAPSHOT.jar!/webapps/static,AVAILABLE}
2019-10-09 13:03:40,348 [main] INFO  handler.ContextHandler (ContextHandler.java:doStart(781)) - Started o.e.j.w.WebAppContext@588f63c{/,file:///tmp/jetty-0.0.0.0-35961-hddsDatanode-_-any-8190507035616618480.dir/webapp/,AVAILABLE}{/hddsDatanode}
2019-10-09 13:03:40,348 [main] INFO  server.AbstractConnector (AbstractConnector.java:doStart(278)) - Started ServerConnector@5a6fa56e{HTTP/1.1,[http/1.1]}{0.0.0.0:35961}
2019-10-09 13:03:40,350 [main] INFO  server.Server (Server.java:doStart(419)) - Started @5642ms
2019-10-09 13:03:40,351 [main] WARN  impl.MetricsSystemImpl (MetricsSystemImpl.java:register(276)) - Sink prometheus already exists!
2019-10-09 13:03:40,351 [main] INFO  server.BaseHttpServer (BaseHttpServer.java:updateConnectorAddress(215)) - HTTP server of HDDSDATANODE is listening at http://0.0.0.0:35961
2019-10-09 13:03:40,352 [main] INFO  impl.MetricsSystemImpl (MetricsSystemImpl.java:init(158)) - HddsDatanode metrics system started (again)
2019-10-09 13:03:40,357 [org.apache.hadoop.util.JvmPauseMonitor$Monitor@4a4d22d4] INFO  util.JvmPauseMonitor (JvmPauseMonitor.java:run(188)) - Starting JVM pause monitor
2019-10-09 13:03:40,357 [main] INFO  ozone.HddsDatanodeService (HddsDatanodeService.java:start(184)) - HddsDatanodeService host:pr-hdds-1569-mfl88-1504498049 ip:192.168.5.175
2019-10-09 13:03:40,361 [Datanode State Machine Thread - 0] INFO  datanode.InitDatanodeState (InitDatanodeState.java:persistContainerDatanodeDetails(140)) - DatanodeDetails is persisted to /workdir/hadoop-ozone/integration-test/target/test-dir/MiniOzoneClusterImpl-92c4d179-1d16-4416-8bce-4538b25b782c/datanode-2/meta/datanode.id
2019-10-09 13:03:40,364 [main] INFO  volume.HddsVolume (HddsVolume.java:<init>(176)) - Creating Volume: /workdir/hadoop-ozone/integration-test/target/test-dir/MiniOzoneClusterImpl-92c4d179-1d16-4416-8bce-4538b25b782c/datanode-3/data/containers/hdds of  storage type : DISK and capacity : 1482555576320
2019-10-09 13:03:40,365 [main] INFO  volume.VolumeSet (VolumeSet.java:initializeVolumeSet(170)) - Added Volume : /workdir/hadoop-ozone/integration-test/target/test-dir/MiniOzoneClusterImpl-92c4d179-1d16-4416-8bce-4538b25b782c/datanode-3/data/containers/hdds to VolumeSet
2019-10-09 13:03:40,366 [main] INFO  volume.ThrottledAsyncChecker (ThrottledAsyncChecker.java:schedule(139)) - Scheduling a check for org.apache.hadoop.ozone.container.common.volume.HddsVolume@7efb53af
2019-10-09 13:03:40,366 [main] INFO  volume.HddsVolumeChecker (HddsVolumeChecker.java:checkAllVolumes(202)) - Scheduled health check for volume org.apache.hadoop.ozone.container.common.volume.HddsVolume@7efb53af
2019-10-09 13:03:40,385 [main] INFO  impl.RaftServerProxy (ConfUtils.java:logGet(43)) - raft.rpc.type = GRPC (default)
2019-10-09 13:03:40,386 [main] INFO  grpc.GrpcFactory (GrpcFactory.java:checkPooledByteBufAllocatorUseCacheForAllThreads(45)) - PERFORMANCE WARNING: useCacheForAllThreads is true that may cause Netty to create a lot garbage objects and, as a result, trigger GC.
	It is recommended to disable useCacheForAllThreads by setting -Dorg.apache.ratis.thirdparty.io.netty.allocator.useCacheForAllThreads=false in command line.
2019-10-09 13:03:40,386 [main] INFO  grpc.GrpcConfigKeys$Server (ConfUtils.java:logGet(43)) - raft.grpc.server.port = 0 (default)
2019-10-09 13:03:40,387 [main] INFO  server.GrpcService (ConfUtils.java:logGet(43)) - raft.grpc.message.size.max = 33570816 (custom)
2019-10-09 13:03:40,387 [main] INFO  server.RaftServerConfigKeys (ConfUtils.java:logGet(43)) - raft.server.log.appender.buffer.byte-limit = 33554432 (custom)
2019-10-09 13:03:40,387 [main] INFO  server.GrpcService (ConfUtils.java:logGet(43)) - raft.grpc.flow.control.window = 1MB (=1048576) (default)
2019-10-09 13:03:40,388 [main] INFO  server.RaftServerConfigKeys (ConfUtils.java:logGet(43)) - raft.server.rpc.request.timeout = 3000ms (default)
2019-10-09 13:03:40,389 [main] INFO  server.RaftServerConfigKeys (ConfUtils.java:logGet(43)) - raft.server.storage.dir = [/workdir/hadoop-ozone/integration-test/target/test-dir/MiniOzoneClusterImpl-92c4d179-1d16-4416-8bce-4538b25b782c/datanode-3/data/ratis] (custom)
2019-10-09 13:03:40,391 [main] INFO  hdfs.DFSUtil (DFSUtil.java:httpServerTemplateForNNAndJN(1641)) - Starting Web-server for hddsDatanode at: http://0.0.0.0:0
2019-10-09 13:03:40,392 [main] INFO  server.AuthenticationFilter (AuthenticationFilter.java:constructSecretProvider(240)) - Unable to initialize FileSignerSecretProvider, falling back to use random secrets.
2019-10-09 13:03:40,393 [main] WARN  http.HttpRequestLog (HttpRequestLog.java:getRequestLog(97)) - Jetty request log can only be enabled using Log4j
2019-10-09 13:03:40,395 [main] INFO  http.HttpServer2 (HttpServer2.java:addGlobalFilter(975)) - Added global filter 'safety' (class=org.apache.hadoop.http.HttpServer2$QuotingInputFilter)
2019-10-09 13:03:40,395 [main] INFO  http.HttpServer2 (HttpServer2.java:addFilter(948)) - Added filter static_user_filter (class=org.apache.hadoop.http.lib.StaticUserWebFilter$StaticUserFilter) to context hddsDatanode
2019-10-09 13:03:40,395 [main] INFO  http.HttpServer2 (HttpServer2.java:addFilter(958)) - Added filter static_user_filter (class=org.apache.hadoop.http.lib.StaticUserWebFilter$StaticUserFilter) to context logs
2019-10-09 13:03:40,396 [main] INFO  http.HttpServer2 (HttpServer2.java:addFilter(958)) - Added filter static_user_filter (class=org.apache.hadoop.http.lib.StaticUserWebFilter$StaticUserFilter) to context static
2019-10-09 13:03:40,396 [main] INFO  http.HttpServer2 (HttpServer2.java:bindListener(1191)) - Jetty bound to port 39660
2019-10-09 13:03:40,397 [main] INFO  server.Server (Server.java:doStart(351)) - jetty-9.3.25.v20180904, build timestamp: 2018-09-04T21:11:46Z, git hash: 3ce520221d0240229c862b122d2b06c12a625732
2019-10-09 13:03:40,402 [main] INFO  handler.ContextHandler (ContextHandler.java:doStart(781)) - Started o.e.j.s.ServletContextHandler@72f9f27c{/logs,file:///workdir/hadoop-ozone/integration-test/target/log,AVAILABLE}
2019-10-09 13:03:40,403 [main] INFO  handler.ContextHandler (ContextHandler.java:doStart(781)) - Started o.e.j.s.ServletContextHandler@762637be{/static,jar:file:/home/user/.m2/repository/org/apache/hadoop/hadoop-hdds-container-service/0.5.0-SNAPSHOT/hadoop-hdds-container-service-0.5.0-SNAPSHOT.jar!/webapps/static,AVAILABLE}
2019-10-09 13:03:40,432 [main] INFO  handler.ContextHandler (ContextHandler.java:doStart(781)) - Started o.e.j.w.WebAppContext@715b886f{/,file:///tmp/jetty-0.0.0.0-39660-hddsDatanode-_-any-8123173092975503030.dir/webapp/,AVAILABLE}{/hddsDatanode}
2019-10-09 13:03:40,433 [main] INFO  server.AbstractConnector (AbstractConnector.java:doStart(278)) - Started ServerConnector@7fb29ca9{HTTP/1.1,[http/1.1]}{0.0.0.0:39660}
2019-10-09 13:03:40,434 [main] INFO  server.Server (Server.java:doStart(419)) - Started @5725ms
2019-10-09 13:03:40,435 [main] WARN  impl.MetricsSystemImpl (MetricsSystemImpl.java:register(276)) - Sink prometheus already exists!
2019-10-09 13:03:40,436 [main] INFO  server.BaseHttpServer (BaseHttpServer.java:updateConnectorAddress(215)) - HTTP server of HDDSDATANODE is listening at http://0.0.0.0:39660
2019-10-09 13:03:40,437 [main] INFO  impl.MetricsSystemImpl (MetricsSystemImpl.java:init(158)) - HddsDatanode metrics system started (again)
2019-10-09 13:03:40,441 [org.apache.hadoop.util.JvmPauseMonitor$Monitor@8d46ee9] INFO  util.JvmPauseMonitor (JvmPauseMonitor.java:run(188)) - Starting JVM pause monitor
2019-10-09 13:03:40,441 [main] INFO  ozone.HddsDatanodeService (HddsDatanodeService.java:start(184)) - HddsDatanodeService host:pr-hdds-1569-mfl88-1504498049 ip:192.168.5.175
2019-10-09 13:03:40,444 [Datanode State Machine Thread - 0] INFO  datanode.InitDatanodeState (InitDatanodeState.java:persistContainerDatanodeDetails(140)) - DatanodeDetails is persisted to /workdir/hadoop-ozone/integration-test/target/test-dir/MiniOzoneClusterImpl-92c4d179-1d16-4416-8bce-4538b25b782c/datanode-3/meta/datanode.id
2019-10-09 13:03:40,450 [main] INFO  volume.HddsVolume (HddsVolume.java:<init>(176)) - Creating Volume: /workdir/hadoop-ozone/integration-test/target/test-dir/MiniOzoneClusterImpl-92c4d179-1d16-4416-8bce-4538b25b782c/datanode-4/data/containers/hdds of  storage type : DISK and capacity : 1482555576320
2019-10-09 13:03:40,450 [main] INFO  volume.VolumeSet (VolumeSet.java:initializeVolumeSet(170)) - Added Volume : /workdir/hadoop-ozone/integration-test/target/test-dir/MiniOzoneClusterImpl-92c4d179-1d16-4416-8bce-4538b25b782c/datanode-4/data/containers/hdds to VolumeSet
2019-10-09 13:03:40,451 [main] INFO  volume.ThrottledAsyncChecker (ThrottledAsyncChecker.java:schedule(139)) - Scheduling a check for org.apache.hadoop.ozone.container.common.volume.HddsVolume@5d2828c9
2019-10-09 13:03:40,451 [main] INFO  volume.HddsVolumeChecker (HddsVolumeChecker.java:checkAllVolumes(202)) - Scheduled health check for volume org.apache.hadoop.ozone.container.common.volume.HddsVolume@5d2828c9
2019-10-09 13:03:40,472 [main] INFO  impl.RaftServerProxy (ConfUtils.java:logGet(43)) - raft.rpc.type = GRPC (default)
2019-10-09 13:03:40,473 [main] INFO  grpc.GrpcFactory (GrpcFactory.java:checkPooledByteBufAllocatorUseCacheForAllThreads(45)) - PERFORMANCE WARNING: useCacheForAllThreads is true that may cause Netty to create a lot garbage objects and, as a result, trigger GC.
	It is recommended to disable useCacheForAllThreads by setting -Dorg.apache.ratis.thirdparty.io.netty.allocator.useCacheForAllThreads=false in command line.
2019-10-09 13:03:40,473 [main] INFO  grpc.GrpcConfigKeys$Server (ConfUtils.java:logGet(43)) - raft.grpc.server.port = 0 (default)
2019-10-09 13:03:40,473 [main] INFO  server.GrpcService (ConfUtils.java:logGet(43)) - raft.grpc.message.size.max = 33570816 (custom)
2019-10-09 13:03:40,474 [main] INFO  server.RaftServerConfigKeys (ConfUtils.java:logGet(43)) - raft.server.log.appender.buffer.byte-limit = 33554432 (custom)
2019-10-09 13:03:40,474 [main] INFO  server.GrpcService (ConfUtils.java:logGet(43)) - raft.grpc.flow.control.window = 1MB (=1048576) (default)
2019-10-09 13:03:40,474 [main] INFO  server.RaftServerConfigKeys (ConfUtils.java:logGet(43)) - raft.server.rpc.request.timeout = 3000ms (default)
2019-10-09 13:03:40,475 [main] INFO  server.RaftServerConfigKeys (ConfUtils.java:logGet(43)) - raft.server.storage.dir = [/workdir/hadoop-ozone/integration-test/target/test-dir/MiniOzoneClusterImpl-92c4d179-1d16-4416-8bce-4538b25b782c/datanode-4/data/ratis] (custom)
2019-10-09 13:03:40,477 [main] INFO  hdfs.DFSUtil (DFSUtil.java:httpServerTemplateForNNAndJN(1641)) - Starting Web-server for hddsDatanode at: http://0.0.0.0:0
2019-10-09 13:03:40,479 [main] INFO  server.AuthenticationFilter (AuthenticationFilter.java:constructSecretProvider(240)) - Unable to initialize FileSignerSecretProvider, falling back to use random secrets.
2019-10-09 13:03:40,480 [main] WARN  http.HttpRequestLog (HttpRequestLog.java:getRequestLog(97)) - Jetty request log can only be enabled using Log4j
2019-10-09 13:03:40,481 [main] INFO  http.HttpServer2 (HttpServer2.java:addGlobalFilter(975)) - Added global filter 'safety' (class=org.apache.hadoop.http.HttpServer2$QuotingInputFilter)
2019-10-09 13:03:40,482 [main] INFO  http.HttpServer2 (HttpServer2.java:addFilter(948)) - Added filter static_user_filter (class=org.apache.hadoop.http.lib.StaticUserWebFilter$StaticUserFilter) to context hddsDatanode
2019-10-09 13:03:40,482 [main] INFO  http.HttpServer2 (HttpServer2.java:addFilter(958)) - Added filter static_user_filter (class=org.apache.hadoop.http.lib.StaticUserWebFilter$StaticUserFilter) to context static
2019-10-09 13:03:40,483 [main] INFO  http.HttpServer2 (HttpServer2.java:addFilter(958)) - Added filter static_user_filter (class=org.apache.hadoop.http.lib.StaticUserWebFilter$StaticUserFilter) to context logs
2019-10-09 13:03:40,483 [main] INFO  http.HttpServer2 (HttpServer2.java:bindListener(1191)) - Jetty bound to port 35750
2019-10-09 13:03:40,484 [main] INFO  server.Server (Server.java:doStart(351)) - jetty-9.3.25.v20180904, build timestamp: 2018-09-04T21:11:46Z, git hash: 3ce520221d0240229c862b122d2b06c12a625732
2019-10-09 13:03:40,486 [main] INFO  handler.ContextHandler (ContextHandler.java:doStart(781)) - Started o.e.j.s.ServletContextHandler@6f94fb9d{/logs,file:///workdir/hadoop-ozone/integration-test/target/log,AVAILABLE}
2019-10-09 13:03:40,487 [main] INFO  handler.ContextHandler (ContextHandler.java:doStart(781)) - Started o.e.j.s.ServletContextHandler@4228bf58{/static,jar:file:/home/user/.m2/repository/org/apache/hadoop/hadoop-hdds-container-service/0.5.0-SNAPSHOT/hadoop-hdds-container-service-0.5.0-SNAPSHOT.jar!/webapps/static,AVAILABLE}
2019-10-09 13:03:40,517 [main] INFO  handler.ContextHandler (ContextHandler.java:doStart(781)) - Started o.e.j.w.WebAppContext@2630dbc4{/,file:///tmp/jetty-0.0.0.0-35750-hddsDatanode-_-any-5864641795569795973.dir/webapp/,AVAILABLE}{/hddsDatanode}
2019-10-09 13:03:40,517 [main] INFO  server.AbstractConnector (AbstractConnector.java:doStart(278)) - Started ServerConnector@5ea4300e{HTTP/1.1,[http/1.1]}{0.0.0.0:35750}
2019-10-09 13:03:40,519 [main] INFO  server.Server (Server.java:doStart(419)) - Started @5810ms
2019-10-09 13:03:40,524 [main] WARN  impl.MetricsSystemImpl (MetricsSystemImpl.java:register(276)) - Sink prometheus already exists!
2019-10-09 13:03:40,525 [main] INFO  server.BaseHttpServer (BaseHttpServer.java:updateConnectorAddress(215)) - HTTP server of HDDSDATANODE is listening at http://0.0.0.0:35750
2019-10-09 13:03:40,525 [main] INFO  impl.MetricsSystemImpl (MetricsSystemImpl.java:init(158)) - HddsDatanode metrics system started (again)
2019-10-09 13:03:40,529 [main] INFO  ozone.HddsDatanodeService (HddsDatanodeService.java:start(184)) - HddsDatanodeService host:pr-hdds-1569-mfl88-1504498049 ip:192.168.5.175
2019-10-09 13:03:40,529 [org.apache.hadoop.util.JvmPauseMonitor$Monitor@7c8dafd9] INFO  util.JvmPauseMonitor (JvmPauseMonitor.java:run(188)) - Starting JVM pause monitor
2019-10-09 13:03:40,532 [Datanode State Machine Thread - 0] INFO  datanode.InitDatanodeState (InitDatanodeState.java:persistContainerDatanodeDetails(140)) - DatanodeDetails is persisted to /workdir/hadoop-ozone/integration-test/target/test-dir/MiniOzoneClusterImpl-92c4d179-1d16-4416-8bce-4538b25b782c/datanode-4/meta/datanode.id
2019-10-09 13:03:40,539 [main] INFO  volume.HddsVolume (HddsVolume.java:<init>(176)) - Creating Volume: /workdir/hadoop-ozone/integration-test/target/test-dir/MiniOzoneClusterImpl-92c4d179-1d16-4416-8bce-4538b25b782c/datanode-5/data/containers/hdds of  storage type : DISK and capacity : 1482555576320
2019-10-09 13:03:40,539 [main] INFO  volume.VolumeSet (VolumeSet.java:initializeVolumeSet(170)) - Added Volume : /workdir/hadoop-ozone/integration-test/target/test-dir/MiniOzoneClusterImpl-92c4d179-1d16-4416-8bce-4538b25b782c/datanode-5/data/containers/hdds to VolumeSet
2019-10-09 13:03:40,539 [main] INFO  volume.ThrottledAsyncChecker (ThrottledAsyncChecker.java:schedule(139)) - Scheduling a check for org.apache.hadoop.ozone.container.common.volume.HddsVolume@4821aa9f
2019-10-09 13:03:40,540 [main] INFO  volume.HddsVolumeChecker (HddsVolumeChecker.java:checkAllVolumes(202)) - Scheduled health check for volume org.apache.hadoop.ozone.container.common.volume.HddsVolume@4821aa9f
2019-10-09 13:03:40,560 [main] INFO  impl.RaftServerProxy (ConfUtils.java:logGet(43)) - raft.rpc.type = GRPC (default)
2019-10-09 13:03:40,560 [main] INFO  grpc.GrpcFactory (GrpcFactory.java:checkPooledByteBufAllocatorUseCacheForAllThreads(45)) - PERFORMANCE WARNING: useCacheForAllThreads is true that may cause Netty to create a lot garbage objects and, as a result, trigger GC.
	It is recommended to disable useCacheForAllThreads by setting -Dorg.apache.ratis.thirdparty.io.netty.allocator.useCacheForAllThreads=false in command line.
2019-10-09 13:03:40,561 [main] INFO  grpc.GrpcConfigKeys$Server (ConfUtils.java:logGet(43)) - raft.grpc.server.port = 0 (default)
2019-10-09 13:03:40,561 [main] INFO  server.GrpcService (ConfUtils.java:logGet(43)) - raft.grpc.message.size.max = 33570816 (custom)
2019-10-09 13:03:40,561 [main] INFO  server.RaftServerConfigKeys (ConfUtils.java:logGet(43)) - raft.server.log.appender.buffer.byte-limit = 33554432 (custom)
2019-10-09 13:03:40,561 [main] INFO  server.GrpcService (ConfUtils.java:logGet(43)) - raft.grpc.flow.control.window = 1MB (=1048576) (default)
2019-10-09 13:03:40,562 [main] INFO  server.RaftServerConfigKeys (ConfUtils.java:logGet(43)) - raft.server.rpc.request.timeout = 3000ms (default)
2019-10-09 13:03:40,562 [main] INFO  server.RaftServerConfigKeys (ConfUtils.java:logGet(43)) - raft.server.storage.dir = [/workdir/hadoop-ozone/integration-test/target/test-dir/MiniOzoneClusterImpl-92c4d179-1d16-4416-8bce-4538b25b782c/datanode-5/data/ratis] (custom)
2019-10-09 13:03:40,564 [main] INFO  hdfs.DFSUtil (DFSUtil.java:httpServerTemplateForNNAndJN(1641)) - Starting Web-server for hddsDatanode at: http://0.0.0.0:0
2019-10-09 13:03:40,565 [main] INFO  server.AuthenticationFilter (AuthenticationFilter.java:constructSecretProvider(240)) - Unable to initialize FileSignerSecretProvider, falling back to use random secrets.
2019-10-09 13:03:40,566 [main] WARN  http.HttpRequestLog (HttpRequestLog.java:getRequestLog(97)) - Jetty request log can only be enabled using Log4j
2019-10-09 13:03:40,567 [main] INFO  http.HttpServer2 (HttpServer2.java:addGlobalFilter(975)) - Added global filter 'safety' (class=org.apache.hadoop.http.HttpServer2$QuotingInputFilter)
2019-10-09 13:03:40,568 [main] INFO  http.HttpServer2 (HttpServer2.java:addFilter(948)) - Added filter static_user_filter (class=org.apache.hadoop.http.lib.StaticUserWebFilter$StaticUserFilter) to context hddsDatanode
2019-10-09 13:03:40,568 [main] INFO  http.HttpServer2 (HttpServer2.java:addFilter(958)) - Added filter static_user_filter (class=org.apache.hadoop.http.lib.StaticUserWebFilter$StaticUserFilter) to context logs
2019-10-09 13:03:40,568 [main] INFO  http.HttpServer2 (HttpServer2.java:addFilter(958)) - Added filter static_user_filter (class=org.apache.hadoop.http.lib.StaticUserWebFilter$StaticUserFilter) to context static
2019-10-09 13:03:40,569 [main] INFO  http.HttpServer2 (HttpServer2.java:bindListener(1191)) - Jetty bound to port 35601
2019-10-09 13:03:40,569 [main] INFO  server.Server (Server.java:doStart(351)) - jetty-9.3.25.v20180904, build timestamp: 2018-09-04T21:11:46Z, git hash: 3ce520221d0240229c862b122d2b06c12a625732
2019-10-09 13:03:40,571 [main] INFO  handler.ContextHandler (ContextHandler.java:doStart(781)) - Started o.e.j.s.ServletContextHandler@12eedfee{/logs,file:///workdir/hadoop-ozone/integration-test/target/log,AVAILABLE}
2019-10-09 13:03:40,572 [main] INFO  handler.ContextHandler (ContextHandler.java:doStart(781)) - Started o.e.j.s.ServletContextHandler@1352434e{/static,jar:file:/home/user/.m2/repository/org/apache/hadoop/hadoop-hdds-container-service/0.5.0-SNAPSHOT/hadoop-hdds-container-service-0.5.0-SNAPSHOT.jar!/webapps/static,AVAILABLE}
2019-10-09 13:03:40,602 [main] INFO  handler.ContextHandler (ContextHandler.java:doStart(781)) - Started o.e.j.w.WebAppContext@64d4f7c7{/,file:///tmp/jetty-0.0.0.0-35601-hddsDatanode-_-any-2198287871881619032.dir/webapp/,AVAILABLE}{/hddsDatanode}
2019-10-09 13:03:40,604 [main] INFO  server.AbstractConnector (AbstractConnector.java:doStart(278)) - Started ServerConnector@54e02f6a{HTTP/1.1,[http/1.1]}{0.0.0.0:35601}
2019-10-09 13:03:40,605 [main] INFO  server.Server (Server.java:doStart(419)) - Started @5896ms
2019-10-09 13:03:40,605 [main] WARN  impl.MetricsSystemImpl (MetricsSystemImpl.java:register(276)) - Sink prometheus already exists!
2019-10-09 13:03:40,605 [main] INFO  server.BaseHttpServer (BaseHttpServer.java:updateConnectorAddress(215)) - HTTP server of HDDSDATANODE is listening at http://0.0.0.0:35601
2019-10-09 13:03:40,606 [main] INFO  impl.MetricsSystemImpl (MetricsSystemImpl.java:init(158)) - HddsDatanode metrics system started (again)
2019-10-09 13:03:40,610 [org.apache.hadoop.util.JvmPauseMonitor$Monitor@1ff372de] INFO  util.JvmPauseMonitor (JvmPauseMonitor.java:run(188)) - Starting JVM pause monitor
2019-10-09 13:03:40,610 [main] INFO  ozone.HddsDatanodeService (HddsDatanodeService.java:start(184)) - HddsDatanodeService host:pr-hdds-1569-mfl88-1504498049 ip:192.168.5.175
2019-10-09 13:03:40,613 [Datanode State Machine Thread - 0] INFO  datanode.InitDatanodeState (InitDatanodeState.java:persistContainerDatanodeDetails(140)) - DatanodeDetails is persisted to /workdir/hadoop-ozone/integration-test/target/test-dir/MiniOzoneClusterImpl-92c4d179-1d16-4416-8bce-4538b25b782c/datanode-5/meta/datanode.id
2019-10-09 13:03:40,620 [main] INFO  volume.HddsVolume (HddsVolume.java:<init>(176)) - Creating Volume: /workdir/hadoop-ozone/integration-test/target/test-dir/MiniOzoneClusterImpl-92c4d179-1d16-4416-8bce-4538b25b782c/datanode-6/data/containers/hdds of  storage type : DISK and capacity : 1482555576320
2019-10-09 13:03:40,620 [main] INFO  volume.VolumeSet (VolumeSet.java:initializeVolumeSet(170)) - Added Volume : /workdir/hadoop-ozone/integration-test/target/test-dir/MiniOzoneClusterImpl-92c4d179-1d16-4416-8bce-4538b25b782c/datanode-6/data/containers/hdds to VolumeSet
2019-10-09 13:03:40,620 [main] INFO  volume.ThrottledAsyncChecker (ThrottledAsyncChecker.java:schedule(139)) - Scheduling a check for org.apache.hadoop.ozone.container.common.volume.HddsVolume@524270b8
2019-10-09 13:03:40,621 [main] INFO  volume.HddsVolumeChecker (HddsVolumeChecker.java:checkAllVolumes(202)) - Scheduled health check for volume org.apache.hadoop.ozone.container.common.volume.HddsVolume@524270b8
2019-10-09 13:03:40,640 [main] INFO  impl.RaftServerProxy (ConfUtils.java:logGet(43)) - raft.rpc.type = GRPC (default)
2019-10-09 13:03:40,640 [main] INFO  grpc.GrpcFactory (GrpcFactory.java:checkPooledByteBufAllocatorUseCacheForAllThreads(45)) - PERFORMANCE WARNING: useCacheForAllThreads is true that may cause Netty to create a lot garbage objects and, as a result, trigger GC.
	It is recommended to disable useCacheForAllThreads by setting -Dorg.apache.ratis.thirdparty.io.netty.allocator.useCacheForAllThreads=false in command line.
2019-10-09 13:03:40,641 [main] INFO  grpc.GrpcConfigKeys$Server (ConfUtils.java:logGet(43)) - raft.grpc.server.port = 0 (default)
2019-10-09 13:03:40,641 [main] INFO  server.GrpcService (ConfUtils.java:logGet(43)) - raft.grpc.message.size.max = 33570816 (custom)
2019-10-09 13:03:40,641 [main] INFO  server.RaftServerConfigKeys (ConfUtils.java:logGet(43)) - raft.server.log.appender.buffer.byte-limit = 33554432 (custom)
2019-10-09 13:03:40,641 [main] INFO  server.GrpcService (ConfUtils.java:logGet(43)) - raft.grpc.flow.control.window = 1MB (=1048576) (default)
2019-10-09 13:03:40,642 [main] INFO  server.RaftServerConfigKeys (ConfUtils.java:logGet(43)) - raft.server.rpc.request.timeout = 3000ms (default)
2019-10-09 13:03:40,642 [main] INFO  server.RaftServerConfigKeys (ConfUtils.java:logGet(43)) - raft.server.storage.dir = [/workdir/hadoop-ozone/integration-test/target/test-dir/MiniOzoneClusterImpl-92c4d179-1d16-4416-8bce-4538b25b782c/datanode-6/data/ratis] (custom)
2019-10-09 13:03:40,644 [main] INFO  hdfs.DFSUtil (DFSUtil.java:httpServerTemplateForNNAndJN(1641)) - Starting Web-server for hddsDatanode at: http://0.0.0.0:0
2019-10-09 13:03:40,646 [main] INFO  server.AuthenticationFilter (AuthenticationFilter.java:constructSecretProvider(240)) - Unable to initialize FileSignerSecretProvider, falling back to use random secrets.
2019-10-09 13:03:40,646 [main] WARN  http.HttpRequestLog (HttpRequestLog.java:getRequestLog(97)) - Jetty request log can only be enabled using Log4j
2019-10-09 13:03:40,648 [main] INFO  http.HttpServer2 (HttpServer2.java:addGlobalFilter(975)) - Added global filter 'safety' (class=org.apache.hadoop.http.HttpServer2$QuotingInputFilter)
2019-10-09 13:03:40,649 [main] INFO  http.HttpServer2 (HttpServer2.java:addFilter(948)) - Added filter static_user_filter (class=org.apache.hadoop.http.lib.StaticUserWebFilter$StaticUserFilter) to context hddsDatanode
2019-10-09 13:03:40,649 [main] INFO  http.HttpServer2 (HttpServer2.java:addFilter(958)) - Added filter static_user_filter (class=org.apache.hadoop.http.lib.StaticUserWebFilter$StaticUserFilter) to context static
2019-10-09 13:03:40,649 [main] INFO  http.HttpServer2 (HttpServer2.java:addFilter(958)) - Added filter static_user_filter (class=org.apache.hadoop.http.lib.StaticUserWebFilter$StaticUserFilter) to context logs
2019-10-09 13:03:40,650 [main] INFO  http.HttpServer2 (HttpServer2.java:bindListener(1191)) - Jetty bound to port 33130
2019-10-09 13:03:40,650 [main] INFO  server.Server (Server.java:doStart(351)) - jetty-9.3.25.v20180904, build timestamp: 2018-09-04T21:11:46Z, git hash: 3ce520221d0240229c862b122d2b06c12a625732
2019-10-09 13:03:40,652 [main] INFO  handler.ContextHandler (ContextHandler.java:doStart(781)) - Started o.e.j.s.ServletContextHandler@66b59b7d{/logs,file:///workdir/hadoop-ozone/integration-test/target/log,AVAILABLE}
2019-10-09 13:03:40,652 [main] INFO  handler.ContextHandler (ContextHandler.java:doStart(781)) - Started o.e.j.s.ServletContextHandler@4437ac07{/static,jar:file:/home/user/.m2/repository/org/apache/hadoop/hadoop-hdds-container-service/0.5.0-SNAPSHOT/hadoop-hdds-container-service-0.5.0-SNAPSHOT.jar!/webapps/static,AVAILABLE}
2019-10-09 13:03:40,681 [main] INFO  handler.ContextHandler (ContextHandler.java:doStart(781)) - Started o.e.j.w.WebAppContext@648d0e6d{/,file:///tmp/jetty-0.0.0.0-33130-hddsDatanode-_-any-5708969921334491074.dir/webapp/,AVAILABLE}{/hddsDatanode}
2019-10-09 13:03:40,682 [main] INFO  server.AbstractConnector (AbstractConnector.java:doStart(278)) - Started ServerConnector@79e66b2f{HTTP/1.1,[http/1.1]}{0.0.0.0:33130}
2019-10-09 13:03:40,683 [main] INFO  server.Server (Server.java:doStart(419)) - Started @5974ms
2019-10-09 13:03:40,683 [main] WARN  impl.MetricsSystemImpl (MetricsSystemImpl.java:register(276)) - Sink prometheus already exists!
2019-10-09 13:03:40,684 [main] INFO  server.BaseHttpServer (BaseHttpServer.java:updateConnectorAddress(215)) - HTTP server of HDDSDATANODE is listening at http://0.0.0.0:33130
2019-10-09 13:03:40,687 [main] INFO  ozone.MiniOzoneClusterImpl (MiniOzoneClusterImpl.java:lambda$waitForClusterToBeReady$0(147)) - Waiting for cluster to be ready. Got 0 of 7 DN Heartbeats.
2019-10-09 13:03:40,688 [org.apache.hadoop.util.JvmPauseMonitor$Monitor@7248cb0f] INFO  util.JvmPauseMonitor (JvmPauseMonitor.java:run(188)) - Starting JVM pause monitor
2019-10-09 13:03:40,691 [Datanode State Machine Thread - 0] INFO  datanode.InitDatanodeState (InitDatanodeState.java:persistContainerDatanodeDetails(140)) - DatanodeDetails is persisted to /workdir/hadoop-ozone/integration-test/target/test-dir/MiniOzoneClusterImpl-92c4d179-1d16-4416-8bce-4538b25b782c/datanode-6/meta/datanode.id
2019-10-09 13:03:41,687 [main] INFO  ozone.MiniOzoneClusterImpl (MiniOzoneClusterImpl.java:lambda$waitForClusterToBeReady$0(147)) - Waiting for cluster to be ready. Got 0 of 7 DN Heartbeats.
2019-10-09 13:03:42,263 [Datanode State Machine Thread - 0] INFO  ozoneimpl.OzoneContainer (OzoneContainer.java:start(217)) - Attempting to start container services.
2019-10-09 13:03:42,267 [Datanode State Machine Thread - 0] INFO  ozoneimpl.OzoneContainer (OzoneContainer.java:startContainerScrub(179)) - Background container scanner has been disabled.
2019-10-09 13:03:42,268 [Datanode State Machine Thread - 0] INFO  ratis.XceiverServerRatis (XceiverServerRatis.java:start(411)) - Starting XceiverServerRatis f0cb1a3f-6ac7-4eb8-9514-6a797ff8471f at port 0
2019-10-09 13:03:42,288 [Datanode State Machine Thread - 0] INFO  ozoneimpl.OzoneContainer (OzoneContainer.java:start(217)) - Attempting to start container services.
2019-10-09 13:03:42,297 [Datanode State Machine Thread - 0] INFO  ozoneimpl.OzoneContainer (OzoneContainer.java:startContainerScrub(179)) - Background container scanner has been disabled.
2019-10-09 13:03:42,297 [Datanode State Machine Thread - 0] INFO  ratis.XceiverServerRatis (XceiverServerRatis.java:start(411)) - Starting XceiverServerRatis 037d843d-d447-45fa-b1c7-b719ecfa6684 at port 0
2019-10-09 13:03:42,311 [Datanode State Machine Thread - 0] INFO  impl.RaftServerProxy (RaftServerProxy.java:lambda$start$3(299)) - f0cb1a3f-6ac7-4eb8-9514-6a797ff8471f: start RPC server
2019-10-09 13:03:42,313 [Datanode State Machine Thread - 0] INFO  impl.RaftServerProxy (RaftServerProxy.java:lambda$start$3(299)) - 037d843d-d447-45fa-b1c7-b719ecfa6684: start RPC server
2019-10-09 13:03:42,373 [Datanode State Machine Thread - 0] INFO  ozoneimpl.OzoneContainer (OzoneContainer.java:start(217)) - Attempting to start container services.
2019-10-09 13:03:42,380 [Datanode State Machine Thread - 0] INFO  ozoneimpl.OzoneContainer (OzoneContainer.java:startContainerScrub(179)) - Background container scanner has been disabled.
2019-10-09 13:03:42,382 [Datanode State Machine Thread - 0] INFO  ratis.XceiverServerRatis (XceiverServerRatis.java:start(411)) - Starting XceiverServerRatis 4f75c367-51e4-41c9-9287-4e8dd97f5c38 at port 0
2019-10-09 13:03:42,393 [Datanode State Machine Thread - 0] INFO  impl.RaftServerProxy (RaftServerProxy.java:lambda$start$3(299)) - 4f75c367-51e4-41c9-9287-4e8dd97f5c38: start RPC server
2019-10-09 13:03:42,462 [Datanode State Machine Thread - 0] INFO  ozoneimpl.OzoneContainer (OzoneContainer.java:start(217)) - Attempting to start container services.
2019-10-09 13:03:42,462 [Datanode State Machine Thread - 0] INFO  ozoneimpl.OzoneContainer (OzoneContainer.java:startContainerScrub(179)) - Background container scanner has been disabled.
2019-10-09 13:03:42,462 [Datanode State Machine Thread - 0] INFO  ratis.XceiverServerRatis (XceiverServerRatis.java:start(411)) - Starting XceiverServerRatis 194018c8-bd25-415f-9941-0e401fd1a71b at port 0
2019-10-09 13:03:42,474 [Datanode State Machine Thread - 0] INFO  impl.RaftServerProxy (RaftServerProxy.java:lambda$start$3(299)) - 194018c8-bd25-415f-9941-0e401fd1a71b: start RPC server
2019-10-09 13:03:42,516 [Datanode State Machine Thread - 0] INFO  server.GrpcService (GrpcService.java:startImpl(158)) - 194018c8-bd25-415f-9941-0e401fd1a71b: GrpcService started, listening on 0.0.0.0/0.0.0.0:36608
2019-10-09 13:03:42,516 [Datanode State Machine Thread - 0] INFO  server.GrpcService (GrpcService.java:startImpl(158)) - f0cb1a3f-6ac7-4eb8-9514-6a797ff8471f: GrpcService started, listening on 0.0.0.0/0.0.0.0:39769
2019-10-09 13:03:42,516 [Datanode State Machine Thread - 0] INFO  server.GrpcService (GrpcService.java:startImpl(158)) - 4f75c367-51e4-41c9-9287-4e8dd97f5c38: GrpcService started, listening on 0.0.0.0/0.0.0.0:40325
2019-10-09 13:03:42,516 [Datanode State Machine Thread - 0] INFO  server.GrpcService (GrpcService.java:startImpl(158)) - 037d843d-d447-45fa-b1c7-b719ecfa6684: GrpcService started, listening on 0.0.0.0/0.0.0.0:39866
2019-10-09 13:03:42,518 [Datanode State Machine Thread - 0] INFO  ratis.XceiverServerRatis (XceiverServerRatis.java:start(421)) - XceiverServerRatis 4f75c367-51e4-41c9-9287-4e8dd97f5c38 is started using port 40325
2019-10-09 13:03:42,517 [Datanode State Machine Thread - 0] INFO  ratis.XceiverServerRatis (XceiverServerRatis.java:start(421)) - XceiverServerRatis f0cb1a3f-6ac7-4eb8-9514-6a797ff8471f is started using port 39769
2019-10-09 13:03:42,517 [Datanode State Machine Thread - 0] INFO  ratis.XceiverServerRatis (XceiverServerRatis.java:start(421)) - XceiverServerRatis 194018c8-bd25-415f-9941-0e401fd1a71b is started using port 36608
2019-10-09 13:03:42,518 [Datanode State Machine Thread - 0] INFO  ratis.XceiverServerRatis (XceiverServerRatis.java:start(421)) - XceiverServerRatis 037d843d-d447-45fa-b1c7-b719ecfa6684 is started using port 39866
2019-10-09 13:03:42,528 [Datanode State Machine Thread - 0] INFO  server.XceiverServerGrpc (XceiverServerGrpc.java:start(149)) - XceiverServerGrpc 037d843d-d447-45fa-b1c7-b719ecfa6684 is started using port 44743
2019-10-09 13:03:42,529 [Datanode State Machine Thread - 0] INFO  server.XceiverServerGrpc (XceiverServerGrpc.java:start(149)) - XceiverServerGrpc f0cb1a3f-6ac7-4eb8-9514-6a797ff8471f is started using port 42238
2019-10-09 13:03:42,528 [Datanode State Machine Thread - 0] INFO  server.XceiverServerGrpc (XceiverServerGrpc.java:start(149)) - XceiverServerGrpc 4f75c367-51e4-41c9-9287-4e8dd97f5c38 is started using port 44924
2019-10-09 13:03:42,528 [Datanode State Machine Thread - 0] INFO  server.XceiverServerGrpc (XceiverServerGrpc.java:start(149)) - XceiverServerGrpc 194018c8-bd25-415f-9941-0e401fd1a71b is started using port 41572
2019-10-09 13:03:42,554 [Datanode State Machine Thread - 0] INFO  ozoneimpl.OzoneContainer (OzoneContainer.java:start(217)) - Attempting to start container services.
2019-10-09 13:03:42,554 [Datanode State Machine Thread - 0] INFO  ozoneimpl.OzoneContainer (OzoneContainer.java:startContainerScrub(179)) - Background container scanner has been disabled.
2019-10-09 13:03:42,554 [Datanode State Machine Thread - 0] INFO  ratis.XceiverServerRatis (XceiverServerRatis.java:start(411)) - Starting XceiverServerRatis 3eeab9a4-47d5-4980-9c6e-5102901e869a at port 0
2019-10-09 13:03:42,562 [Datanode State Machine Thread - 0] INFO  impl.RaftServerProxy (RaftServerProxy.java:lambda$start$3(299)) - 3eeab9a4-47d5-4980-9c6e-5102901e869a: start RPC server
2019-10-09 13:03:42,566 [Datanode State Machine Thread - 0] INFO  server.GrpcService (GrpcService.java:startImpl(158)) - 3eeab9a4-47d5-4980-9c6e-5102901e869a: GrpcService started, listening on 0.0.0.0/0.0.0.0:43254
2019-10-09 13:03:42,566 [Datanode State Machine Thread - 0] INFO  ratis.XceiverServerRatis (XceiverServerRatis.java:start(421)) - XceiverServerRatis 3eeab9a4-47d5-4980-9c6e-5102901e869a is started using port 43254
2019-10-09 13:03:42,568 [Datanode State Machine Thread - 0] INFO  server.XceiverServerGrpc (XceiverServerGrpc.java:start(149)) - XceiverServerGrpc 3eeab9a4-47d5-4980-9c6e-5102901e869a is started using port 39878
2019-10-09 13:03:42,636 [Datanode State Machine Thread - 0] INFO  ozoneimpl.OzoneContainer (OzoneContainer.java:start(217)) - Attempting to start container services.
2019-10-09 13:03:42,636 [Datanode State Machine Thread - 0] INFO  ozoneimpl.OzoneContainer (OzoneContainer.java:startContainerScrub(179)) - Background container scanner has been disabled.
2019-10-09 13:03:42,636 [Datanode State Machine Thread - 0] INFO  ratis.XceiverServerRatis (XceiverServerRatis.java:start(411)) - Starting XceiverServerRatis a951a5ca-0ab5-470b-9716-44f820a131a6 at port 0
2019-10-09 13:03:42,646 [Datanode State Machine Thread - 0] INFO  impl.RaftServerProxy (RaftServerProxy.java:lambda$start$3(299)) - a951a5ca-0ab5-470b-9716-44f820a131a6: start RPC server
2019-10-09 13:03:42,650 [Datanode State Machine Thread - 0] INFO  server.GrpcService (GrpcService.java:startImpl(158)) - a951a5ca-0ab5-470b-9716-44f820a131a6: GrpcService started, listening on 0.0.0.0/0.0.0.0:37446
2019-10-09 13:03:42,651 [Datanode State Machine Thread - 0] INFO  ratis.XceiverServerRatis (XceiverServerRatis.java:start(421)) - XceiverServerRatis a951a5ca-0ab5-470b-9716-44f820a131a6 is started using port 37446
2019-10-09 13:03:42,655 [Datanode State Machine Thread - 0] INFO  server.XceiverServerGrpc (XceiverServerGrpc.java:start(149)) - XceiverServerGrpc a951a5ca-0ab5-470b-9716-44f820a131a6 is started using port 40232
2019-10-09 13:03:42,690 [main] INFO  ozone.MiniOzoneClusterImpl (MiniOzoneClusterImpl.java:lambda$waitForClusterToBeReady$0(147)) - Waiting for cluster to be ready. Got 0 of 7 DN Heartbeats.
2019-10-09 13:03:42,704 [Datanode State Machine Thread - 0] INFO  ozoneimpl.OzoneContainer (OzoneContainer.java:start(217)) - Attempting to start container services.
2019-10-09 13:03:42,705 [Datanode State Machine Thread - 0] INFO  ozoneimpl.OzoneContainer (OzoneContainer.java:startContainerScrub(179)) - Background container scanner has been disabled.
2019-10-09 13:03:42,705 [Datanode State Machine Thread - 0] INFO  ratis.XceiverServerRatis (XceiverServerRatis.java:start(411)) - Starting XceiverServerRatis eb04c9d2-6a3f-4a25-83d0-e343d353d182 at port 0
2019-10-09 13:03:42,716 [Datanode State Machine Thread - 0] INFO  impl.RaftServerProxy (RaftServerProxy.java:lambda$start$3(299)) - eb04c9d2-6a3f-4a25-83d0-e343d353d182: start RPC server
2019-10-09 13:03:42,721 [Datanode State Machine Thread - 0] INFO  server.GrpcService (GrpcService.java:startImpl(158)) - eb04c9d2-6a3f-4a25-83d0-e343d353d182: GrpcService started, listening on 0.0.0.0/0.0.0.0:38949
2019-10-09 13:03:42,721 [Datanode State Machine Thread - 0] INFO  ratis.XceiverServerRatis (XceiverServerRatis.java:start(421)) - XceiverServerRatis eb04c9d2-6a3f-4a25-83d0-e343d353d182 is started using port 38949
2019-10-09 13:03:42,725 [Datanode State Machine Thread - 0] INFO  server.XceiverServerGrpc (XceiverServerGrpc.java:start(149)) - XceiverServerGrpc eb04c9d2-6a3f-4a25-83d0-e343d353d182 is started using port 33702
2019-10-09 13:03:43,690 [main] INFO  ozone.MiniOzoneClusterImpl (MiniOzoneClusterImpl.java:lambda$waitForClusterToBeReady$0(147)) - Waiting for cluster to be ready. Got 0 of 7 DN Heartbeats.
2019-10-09 13:03:44,204 [IPC Server handler 1 on 36093] INFO  net.NetworkTopology (NetworkTopologyImpl.java:add(111)) - Added a new node: /default-rack/f0cb1a3f-6ac7-4eb8-9514-6a797ff8471f
2019-10-09 13:03:44,204 [IPC Server handler 1 on 36093] INFO  node.SCMNodeManager (SCMNodeManager.java:register(266)) - Registered Data node : f0cb1a3f-6ac7-4eb8-9514-6a797ff8471f{ip: 192.168.5.175, host: pr-hdds-1569-mfl88-1504498049, networkLocation: /default-rack, certSerialId: null}
2019-10-09 13:03:44,208 [EventQueue-NodeRegistrationContainerReportForDataNodeSafeModeRule] INFO  safemode.SCMSafeModeManager (DataNodeSafeModeRule.java:process(71)) - SCM in safe mode. 1 DataNodes registered, 1 required.
2019-10-09 13:03:44,208 [EventQueue-NodeRegistrationContainerReportForDataNodeSafeModeRule] INFO  safemode.SCMSafeModeManager (SCMSafeModeManager.java:validateSafeModeExitRules(177)) - ScmSafeModeManager, all rules are successfully validated
2019-10-09 13:03:44,209 [EventQueue-NodeRegistrationContainerReportForDataNodeSafeModeRule] INFO  safemode.SCMSafeModeManager (SCMSafeModeManager.java:exitSafeMode(193)) - SCM exiting safe mode.
2019-10-09 13:03:44,273 [IPC Server handler 6 on 36093] INFO  net.NetworkTopology (NetworkTopologyImpl.java:add(111)) - Added a new node: /default-rack/037d843d-d447-45fa-b1c7-b719ecfa6684
2019-10-09 13:03:44,273 [IPC Server handler 6 on 36093] INFO  node.SCMNodeManager (SCMNodeManager.java:register(266)) - Registered Data node : 037d843d-d447-45fa-b1c7-b719ecfa6684{ip: 192.168.5.175, host: pr-hdds-1569-mfl88-1504498049, networkLocation: /default-rack, certSerialId: null}
2019-10-09 13:03:44,361 [IPC Server handler 4 on 36093] INFO  net.NetworkTopology (NetworkTopologyImpl.java:add(111)) - Added a new node: /default-rack/4f75c367-51e4-41c9-9287-4e8dd97f5c38
2019-10-09 13:03:44,362 [IPC Server handler 4 on 36093] INFO  node.SCMNodeManager (SCMNodeManager.java:register(266)) - Registered Data node : 4f75c367-51e4-41c9-9287-4e8dd97f5c38{ip: 192.168.5.175, host: pr-hdds-1569-mfl88-1504498049, networkLocation: /default-rack, certSerialId: null}
2019-10-09 13:03:44,445 [IPC Server handler 5 on 36093] INFO  net.NetworkTopology (NetworkTopologyImpl.java:add(111)) - Added a new node: /default-rack/194018c8-bd25-415f-9941-0e401fd1a71b
2019-10-09 13:03:44,445 [IPC Server handler 5 on 36093] INFO  node.SCMNodeManager (SCMNodeManager.java:register(266)) - Registered Data node : 194018c8-bd25-415f-9941-0e401fd1a71b{ip: 192.168.5.175, host: pr-hdds-1569-mfl88-1504498049, networkLocation: /default-rack, certSerialId: null}
2019-10-09 13:03:44,533 [IPC Server handler 2 on 36093] INFO  net.NetworkTopology (NetworkTopologyImpl.java:add(111)) - Added a new node: /default-rack/3eeab9a4-47d5-4980-9c6e-5102901e869a
2019-10-09 13:03:44,533 [IPC Server handler 2 on 36093] INFO  node.SCMNodeManager (SCMNodeManager.java:register(266)) - Registered Data node : 3eeab9a4-47d5-4980-9c6e-5102901e869a{ip: 192.168.5.175, host: pr-hdds-1569-mfl88-1504498049, networkLocation: /default-rack, certSerialId: null}
2019-10-09 13:03:44,614 [IPC Server handler 3 on 36093] INFO  net.NetworkTopology (NetworkTopologyImpl.java:add(111)) - Added a new node: /default-rack/a951a5ca-0ab5-470b-9716-44f820a131a6
2019-10-09 13:03:44,614 [IPC Server handler 3 on 36093] INFO  node.SCMNodeManager (SCMNodeManager.java:register(266)) - Registered Data node : a951a5ca-0ab5-470b-9716-44f820a131a6{ip: 192.168.5.175, host: pr-hdds-1569-mfl88-1504498049, networkLocation: /default-rack, certSerialId: null}
2019-10-09 13:03:44,691 [main] INFO  ozone.MiniOzoneClusterImpl (MiniOzoneClusterImpl.java:lambda$waitForClusterToBeReady$0(147)) - Waiting for cluster to be ready. Got 6 of 7 DN Heartbeats.
2019-10-09 13:03:44,692 [IPC Server handler 1 on 36093] INFO  net.NetworkTopology (NetworkTopologyImpl.java:add(111)) - Added a new node: /default-rack/eb04c9d2-6a3f-4a25-83d0-e343d353d182
2019-10-09 13:03:44,692 [IPC Server handler 1 on 36093] INFO  node.SCMNodeManager (SCMNodeManager.java:register(266)) - Registered Data node : eb04c9d2-6a3f-4a25-83d0-e343d353d182{ip: 192.168.5.175, host: pr-hdds-1569-mfl88-1504498049, networkLocation: /default-rack, certSerialId: null}
2019-10-09 13:03:44,741 [grpc-default-executor-0] INFO  impl.RaftServerProxy (RaftServerProxy.java:addNew(89)) - f0cb1a3f-6ac7-4eb8-9514-6a797ff8471f: addNew group-48B2E64647AF:[f0cb1a3f-6ac7-4eb8-9514-6a797ff8471f:192.168.5.175:39769] returns group-48B2E64647AF:java.util.concurrent.CompletableFuture@4105af49[Not completed]
2019-10-09 13:03:44,764 [pool-27-thread-1] INFO  impl.RaftServerImpl (RaftServerImpl.java:<init>(95)) - f0cb1a3f-6ac7-4eb8-9514-6a797ff8471f: new RaftServerImpl for group-48B2E64647AF:[f0cb1a3f-6ac7-4eb8-9514-6a797ff8471f:192.168.5.175:39769] with ContainerStateMachine:uninitialized
2019-10-09 13:03:44,766 [pool-27-thread-1] INFO  server.RaftServerConfigKeys (ConfUtils.java:logGet(43)) - raft.server.rpc.timeout.min = 5s (custom)
2019-10-09 13:03:44,768 [pool-27-thread-1] INFO  server.RaftServerConfigKeys (ConfUtils.java:logGet(43)) - raft.server.rpc.timeout.max = 5200ms (custom)
2019-10-09 13:03:44,768 [pool-27-thread-1] INFO  server.RaftServerConfigKeys (ConfUtils.java:logGet(43)) - raft.server.rpcslowness.timeout = 120s (custom)
2019-10-09 13:03:44,769 [pool-27-thread-1] INFO  server.RaftServerConfigKeys (ConfUtils.java:logGet(43)) - raft.server.sleep.deviation.threshold = 300 (default)
2019-10-09 13:03:44,770 [pool-27-thread-1] INFO  server.RaftServerConfigKeys (ConfUtils.java:logGet(43)) - raft.server.log.appender.install.snapshot.enabled = false (custom)
2019-10-09 13:03:44,780 [pool-27-thread-1] INFO  impl.RaftServerImpl (ServerState.java:<init>(103)) - f0cb1a3f-6ac7-4eb8-9514-6a797ff8471f@group-48B2E64647AF: ConfigurationManager, init=-1: [f0cb1a3f-6ac7-4eb8-9514-6a797ff8471f:192.168.5.175:39769], old=null, confs=<EMPTY_MAP>
2019-10-09 13:03:44,781 [pool-27-thread-1] INFO  server.RaftServerConfigKeys (ConfUtils.java:logGet(43)) - raft.server.storage.dir = [/workdir/hadoop-ozone/integration-test/target/test-dir/MiniOzoneClusterImpl-92c4d179-1d16-4416-8bce-4538b25b782c/datanode-0/data/ratis] (custom)
2019-10-09 13:03:44,790 [pool-27-thread-1] INFO  storage.RaftStorageDirectory (RaftStorageDirectory.java:analyzeStorage(246)) - The storage directory /workdir/hadoop-ozone/integration-test/target/test-dir/MiniOzoneClusterImpl-92c4d179-1d16-4416-8bce-4538b25b782c/datanode-0/data/ratis/b33d5b73-3ede-4f2e-bc85-48b2e64647af does not exist. Creating ...
2019-10-09 13:03:44,809 [pool-27-thread-1] INFO  storage.RaftStorageDirectory (RaftStorageDirectory.java:tryLock(328)) - Lock on /workdir/hadoop-ozone/integration-test/target/test-dir/MiniOzoneClusterImpl-92c4d179-1d16-4416-8bce-4538b25b782c/datanode-0/data/ratis/b33d5b73-3ede-4f2e-bc85-48b2e64647af/in_use.lock acquired by nodename 6401@pr-hdds-1569-mfl88-1504498049
2019-10-09 13:03:44,825 [pool-27-thread-1] INFO  storage.RaftStorage (RaftStorage.java:format(72)) - Storage directory /workdir/hadoop-ozone/integration-test/target/test-dir/MiniOzoneClusterImpl-92c4d179-1d16-4416-8bce-4538b25b782c/datanode-0/data/ratis/b33d5b73-3ede-4f2e-bc85-48b2e64647af has been successfully formatted.
2019-10-09 13:03:44,827 [pool-27-thread-1] INFO  ratis.ContainerStateMachine (ContainerStateMachine.java:loadSnapshot(230)) - group-48B2E64647AF: The snapshot info is null. Setting the last applied indexto:(t:0, i:~)
2019-10-09 13:03:44,828 [pool-27-thread-1] INFO  server.RaftServerConfigKeys (ConfUtils.java:logGet(43)) - raft.server.notification.no-leader.timeout = 120s (custom)
2019-10-09 13:03:44,830 [pool-27-thread-1] INFO  server.RaftServerConfigKeys (ConfUtils.java:logGet(43)) - raft.server.log.use.memory = false (default)
2019-10-09 13:03:44,836 [pool-27-thread-1] INFO  server.RaftServerConfigKeys (ConfUtils.java:logGet(43)) - raft.server.log.purge.gap = 1000000 (custom)
2019-10-09 13:03:44,837 [pool-27-thread-1] INFO  server.RaftServerConfigKeys (ConfUtils.java:logGet(43)) - raft.server.log.appender.buffer.byte-limit = 33554432 (custom)
2019-10-09 13:03:44,839 [pool-27-thread-1] INFO  server.RaftServerConfigKeys (ConfUtils.java:logGet(43)) - raft.server.log.segment.size.max = 1048576 (custom)
2019-10-09 13:03:44,845 [pool-27-thread-1] INFO  server.RaftServerConfigKeys (ConfUtils.java:logGet(43)) - raft.server.log.segment.cache.num.max = 2 (custom)
2019-10-09 13:03:44,851 [pool-27-thread-1] INFO  segmented.SegmentedRaftLogWorker (SegmentedRaftLogWorker.java:<init>(172)) - new f0cb1a3f-6ac7-4eb8-9514-6a797ff8471f@group-48B2E64647AF-SegmentedRaftLogWorker for RaftStorage:Storage Directory /workdir/hadoop-ozone/integration-test/target/test-dir/MiniOzoneClusterImpl-92c4d179-1d16-4416-8bce-4538b25b782c/datanode-0/data/ratis/b33d5b73-3ede-4f2e-bc85-48b2e64647af
2019-10-09 13:03:44,853 [pool-27-thread-1] INFO  impl.MetricsSystemImpl (MetricsSystemImpl.java:init(158)) - ratis metrics system started (again)
2019-10-09 13:03:44,860 [pool-27-thread-1] INFO  metrics.MetricRegistries (MetricRegistriesLoader.java:load(64)) - Loaded MetricRegistries class org.apache.ratis.metrics.impl.MetricRegistriesImpl
2019-10-09 13:03:44,891 [pool-27-thread-1] INFO  server.RaftServerConfigKeys (ConfUtils.java:logGet(43)) - raft.server.log.queue.byte-limit = 2147483647 (custom)
2019-10-09 13:03:44,892 [pool-27-thread-1] INFO  server.RaftServerConfigKeys (ConfUtils.java:logGet(43)) - raft.server.log.queue.element-limit = 1024 (custom)
2019-10-09 13:03:44,895 [pool-27-thread-1] INFO  server.RaftServerConfigKeys (ConfUtils.java:logGet(43)) - raft.server.log.segment.size.max = 1048576 (custom)
2019-10-09 13:03:44,895 [pool-27-thread-1] INFO  server.RaftServerConfigKeys (ConfUtils.java:logGet(43)) - raft.server.log.preallocated.size = 16384 (custom)
2019-10-09 13:03:44,896 [pool-27-thread-1] INFO  server.RaftServerConfigKeys (ConfUtils.java:logGet(43)) - raft.server.log.write.buffer.size = 33554432 (custom)
2019-10-09 13:03:44,896 [pool-27-thread-1] INFO  server.RaftServerConfigKeys (ConfUtils.java:logGet(43)) - raft.server.log.force.sync.num = 128 (default)
2019-10-09 13:03:44,897 [pool-27-thread-1] INFO  server.RaftServerConfigKeys (ConfUtils.java:logGet(43)) - raft.server.log.statemachine.data.sync = true (default)
2019-10-09 13:03:44,897 [pool-27-thread-1] INFO  server.RaftServerConfigKeys (ConfUtils.java:logGet(43)) - raft.server.log.statemachine.data.sync.timeout = 10s (default)
2019-10-09 13:03:44,898 [pool-27-thread-1] INFO  server.RaftServerConfigKeys (ConfUtils.java:logGet(43)) - raft.server.log.statemachine.data.sync.timeout.retry = -1 (default)
2019-10-09 13:03:44,907 [pool-27-thread-1] INFO  server.RaftServerConfigKeys (ConfUtils.java:logGet(43)) - raft.server.log.statemachine.data.caching.enabled = true (custom)
2019-10-09 13:03:44,911 [pool-27-thread-1] INFO  segmented.SegmentedRaftLogWorker (SegmentedRaftLogWorker.java:lambda$new$0(132)) - f0cb1a3f-6ac7-4eb8-9514-6a797ff8471f@group-48B2E64647AF-SegmentedRaftLogWorker: flushIndex: setUnconditionally 0 -> -1
2019-10-09 13:03:44,915 [pool-27-thread-1] INFO  server.RaftServerConfigKeys (ConfUtils.java:logGet(43)) - raft.server.snapshot.auto.trigger.enabled = true (custom)
2019-10-09 13:03:44,916 [pool-27-thread-1] INFO  server.RaftServerConfigKeys (ConfUtils.java:logGet(43)) - raft.server.snapshot.auto.trigger.threshold = 10000 (custom)
2019-10-09 13:03:44,917 [pool-27-thread-1] INFO  server.RaftServerConfigKeys (ConfUtils.java:logGet(43)) - raft.server.snapshot.retention.num.files = 5 (custom)
2019-10-09 13:03:44,917 [pool-27-thread-1] INFO  server.RaftServerConfigKeys (ConfUtils.java:logGet(43)) - raft.server.retrycache.expirytime = 600000ms (custom)
2019-10-09 13:03:44,947 [pool-27-thread-1] INFO  impl.RaftServerImpl (RaftServerImpl.java:start(185)) - f0cb1a3f-6ac7-4eb8-9514-6a797ff8471f@group-48B2E64647AF: start as a follower, conf=-1: [f0cb1a3f-6ac7-4eb8-9514-6a797ff8471f:192.168.5.175:39769], old=null
2019-10-09 13:03:44,948 [pool-27-thread-1] INFO  impl.RaftServerImpl (RaftServerImpl.java:setRole(174)) - f0cb1a3f-6ac7-4eb8-9514-6a797ff8471f@group-48B2E64647AF: changes role from      null to FOLLOWER at term 0 for startAsFollower
2019-10-09 13:03:44,949 [pool-27-thread-1] INFO  impl.RoleInfo (RoleInfo.java:updateAndGet(143)) - f0cb1a3f-6ac7-4eb8-9514-6a797ff8471f: start FollowerState
2019-10-09 13:03:44,951 [pool-27-thread-1] INFO  util.JmxRegister (JmxRegister.java:tryRegister(44)) - Successfully registered JMX Bean with object name Ratis:service=RaftServer,group=group-48B2E64647AF,id=f0cb1a3f-6ac7-4eb8-9514-6a797ff8471f
2019-10-09 13:03:45,029 [RatisPipelineUtilsThread] INFO  pipeline.PipelineStateManager (PipelineStateManager.java:addPipeline(56)) - Created pipeline Pipeline[ Id: b33d5b73-3ede-4f2e-bc85-48b2e64647af, Nodes: f0cb1a3f-6ac7-4eb8-9514-6a797ff8471f{ip: 192.168.5.175, host: pr-hdds-1569-mfl88-1504498049, networkLocation: /default-rack, certSerialId: null}, Type:RATIS, Factor:ONE, State:OPEN]
2019-10-09 13:03:45,063 [grpc-default-executor-0] INFO  impl.RaftServerProxy (RaftServerProxy.java:addNew(89)) - 4f75c367-51e4-41c9-9287-4e8dd97f5c38: addNew group-692C1A1A7FB0:[4f75c367-51e4-41c9-9287-4e8dd97f5c38:192.168.5.175:40325] returns group-692C1A1A7FB0:java.util.concurrent.CompletableFuture@6796c5ec[Not completed]
2019-10-09 13:03:45,106 [pool-47-thread-1] INFO  impl.RaftServerImpl (RaftServerImpl.java:<init>(95)) - 4f75c367-51e4-41c9-9287-4e8dd97f5c38: new RaftServerImpl for group-692C1A1A7FB0:[4f75c367-51e4-41c9-9287-4e8dd97f5c38:192.168.5.175:40325] with ContainerStateMachine:uninitialized
2019-10-09 13:03:45,107 [pool-47-thread-1] INFO  server.RaftServerConfigKeys (ConfUtils.java:logGet(43)) - raft.server.rpc.timeout.min = 5s (custom)
2019-10-09 13:03:45,108 [pool-47-thread-1] INFO  server.RaftServerConfigKeys (ConfUtils.java:logGet(43)) - raft.server.rpc.timeout.max = 5200ms (custom)
2019-10-09 13:03:45,108 [pool-47-thread-1] INFO  server.RaftServerConfigKeys (ConfUtils.java:logGet(43)) - raft.server.rpcslowness.timeout = 120s (custom)
2019-10-09 13:03:45,108 [pool-47-thread-1] INFO  server.RaftServerConfigKeys (ConfUtils.java:logGet(43)) - raft.server.sleep.deviation.threshold = 300 (default)
2019-10-09 13:03:45,108 [pool-47-thread-1] INFO  server.RaftServerConfigKeys (ConfUtils.java:logGet(43)) - raft.server.log.appender.install.snapshot.enabled = false (custom)
2019-10-09 13:03:45,108 [pool-47-thread-1] INFO  impl.RaftServerImpl (ServerState.java:<init>(103)) - 4f75c367-51e4-41c9-9287-4e8dd97f5c38@group-692C1A1A7FB0: ConfigurationManager, init=-1: [4f75c367-51e4-41c9-9287-4e8dd97f5c38:192.168.5.175:40325], old=null, confs=<EMPTY_MAP>
2019-10-09 13:03:45,108 [pool-47-thread-1] INFO  server.RaftServerConfigKeys (ConfUtils.java:logGet(43)) - raft.server.storage.dir = [/workdir/hadoop-ozone/integration-test/target/test-dir/MiniOzoneClusterImpl-92c4d179-1d16-4416-8bce-4538b25b782c/datanode-2/data/ratis] (custom)
2019-10-09 13:03:45,109 [pool-47-thread-1] INFO  storage.RaftStorageDirectory (RaftStorageDirectory.java:analyzeStorage(246)) - The storage directory /workdir/hadoop-ozone/integration-test/target/test-dir/MiniOzoneClusterImpl-92c4d179-1d16-4416-8bce-4538b25b782c/datanode-2/data/ratis/24892c10-72a5-47b6-85e0-692c1a1a7fb0 does not exist. Creating ...
2019-10-09 13:03:45,147 [pool-47-thread-1] INFO  storage.RaftStorageDirectory (RaftStorageDirectory.java:tryLock(328)) - Lock on /workdir/hadoop-ozone/integration-test/target/test-dir/MiniOzoneClusterImpl-92c4d179-1d16-4416-8bce-4538b25b782c/datanode-2/data/ratis/24892c10-72a5-47b6-85e0-692c1a1a7fb0/in_use.lock acquired by nodename 6401@pr-hdds-1569-mfl88-1504498049
2019-10-09 13:03:45,160 [pool-47-thread-1] INFO  storage.RaftStorage (RaftStorage.java:format(72)) - Storage directory /workdir/hadoop-ozone/integration-test/target/test-dir/MiniOzoneClusterImpl-92c4d179-1d16-4416-8bce-4538b25b782c/datanode-2/data/ratis/24892c10-72a5-47b6-85e0-692c1a1a7fb0 has been successfully formatted.
2019-10-09 13:03:45,162 [pool-47-thread-1] INFO  ratis.ContainerStateMachine (ContainerStateMachine.java:loadSnapshot(230)) - group-692C1A1A7FB0: The snapshot info is null. Setting the last applied indexto:(t:0, i:~)
2019-10-09 13:03:45,163 [pool-47-thread-1] INFO  server.RaftServerConfigKeys (ConfUtils.java:logGet(43)) - raft.server.notification.no-leader.timeout = 120s (custom)
2019-10-09 13:03:45,163 [pool-47-thread-1] INFO  server.RaftServerConfigKeys (ConfUtils.java:logGet(43)) - raft.server.log.use.memory = false (default)
2019-10-09 13:03:45,163 [pool-47-thread-1] INFO  server.RaftServerConfigKeys (ConfUtils.java:logGet(43)) - raft.server.log.purge.gap = 1000000 (custom)
2019-10-09 13:03:45,163 [pool-47-thread-1] INFO  server.RaftServerConfigKeys (ConfUtils.java:logGet(43)) - raft.server.log.appender.buffer.byte-limit = 33554432 (custom)
2019-10-09 13:03:45,163 [pool-47-thread-1] INFO  server.RaftServerConfigKeys (ConfUtils.java:logGet(43)) - raft.server.log.segment.size.max = 1048576 (custom)
2019-10-09 13:03:45,163 [pool-47-thread-1] INFO  server.RaftServerConfigKeys (ConfUtils.java:logGet(43)) - raft.server.log.segment.cache.num.max = 2 (custom)
2019-10-09 13:03:45,164 [pool-47-thread-1] INFO  segmented.SegmentedRaftLogWorker (SegmentedRaftLogWorker.java:<init>(172)) - new 4f75c367-51e4-41c9-9287-4e8dd97f5c38@group-692C1A1A7FB0-SegmentedRaftLogWorker for RaftStorage:Storage Directory /workdir/hadoop-ozone/integration-test/target/test-dir/MiniOzoneClusterImpl-92c4d179-1d16-4416-8bce-4538b25b782c/datanode-2/data/ratis/24892c10-72a5-47b6-85e0-692c1a1a7fb0
2019-10-09 13:03:45,170 [pool-47-thread-1] INFO  server.RaftServerConfigKeys (ConfUtils.java:logGet(43)) - raft.server.log.queue.byte-limit = 2147483647 (custom)
2019-10-09 13:03:45,170 [pool-47-thread-1] INFO  server.RaftServerConfigKeys (ConfUtils.java:logGet(43)) - raft.server.log.queue.element-limit = 1024 (custom)
2019-10-09 13:03:45,170 [pool-47-thread-1] INFO  server.RaftServerConfigKeys (ConfUtils.java:logGet(43)) - raft.server.log.segment.size.max = 1048576 (custom)
2019-10-09 13:03:45,170 [pool-47-thread-1] INFO  server.RaftServerConfigKeys (ConfUtils.java:logGet(43)) - raft.server.log.preallocated.size = 16384 (custom)
2019-10-09 13:03:45,170 [pool-47-thread-1] INFO  server.RaftServerConfigKeys (ConfUtils.java:logGet(43)) - raft.server.log.write.buffer.size = 33554432 (custom)
2019-10-09 13:03:45,170 [pool-47-thread-1] INFO  server.RaftServerConfigKeys (ConfUtils.java:logGet(43)) - raft.server.log.force.sync.num = 128 (default)
2019-10-09 13:03:45,171 [pool-47-thread-1] INFO  server.RaftServerConfigKeys (ConfUtils.java:logGet(43)) - raft.server.log.statemachine.data.sync = true (default)
2019-10-09 13:03:45,171 [pool-47-thread-1] INFO  server.RaftServerConfigKeys (ConfUtils.java:logGet(43)) - raft.server.log.statemachine.data.sync.timeout = 10s (default)
2019-10-09 13:03:45,171 [pool-47-thread-1] INFO  server.RaftServerConfigKeys (ConfUtils.java:logGet(43)) - raft.server.log.statemachine.data.sync.timeout.retry = -1 (default)
2019-10-09 13:03:45,171 [pool-47-thread-1] INFO  server.RaftServerConfigKeys (ConfUtils.java:logGet(43)) - raft.server.log.statemachine.data.caching.enabled = true (custom)
2019-10-09 13:03:45,171 [pool-47-thread-1] INFO  segmented.SegmentedRaftLogWorker (SegmentedRaftLogWorker.java:lambda$new$0(132)) - 4f75c367-51e4-41c9-9287-4e8dd97f5c38@group-692C1A1A7FB0-SegmentedRaftLogWorker: flushIndex: setUnconditionally 0 -> -1
2019-10-09 13:03:45,172 [pool-47-thread-1] INFO  server.RaftServerConfigKeys (ConfUtils.java:logGet(43)) - raft.server.snapshot.auto.trigger.enabled = true (custom)
2019-10-09 13:03:45,172 [pool-47-thread-1] INFO  server.RaftServerConfigKeys (ConfUtils.java:logGet(43)) - raft.server.snapshot.auto.trigger.threshold = 10000 (custom)
2019-10-09 13:03:45,172 [pool-47-thread-1] INFO  server.RaftServerConfigKeys (ConfUtils.java:logGet(43)) - raft.server.snapshot.retention.num.files = 5 (custom)
2019-10-09 13:03:45,172 [pool-47-thread-1] INFO  server.RaftServerConfigKeys (ConfUtils.java:logGet(43)) - raft.server.retrycache.expirytime = 600000ms (custom)
2019-10-09 13:03:45,176 [pool-47-thread-1] INFO  impl.RaftServerImpl (RaftServerImpl.java:start(185)) - 4f75c367-51e4-41c9-9287-4e8dd97f5c38@group-692C1A1A7FB0: start as a follower, conf=-1: [4f75c367-51e4-41c9-9287-4e8dd97f5c38:192.168.5.175:40325], old=null
2019-10-09 13:03:45,176 [pool-47-thread-1] INFO  impl.RaftServerImpl (RaftServerImpl.java:setRole(174)) - 4f75c367-51e4-41c9-9287-4e8dd97f5c38@group-692C1A1A7FB0: changes role from      null to FOLLOWER at term 0 for startAsFollower
2019-10-09 13:03:45,177 [pool-47-thread-1] INFO  impl.RoleInfo (RoleInfo.java:updateAndGet(143)) - 4f75c367-51e4-41c9-9287-4e8dd97f5c38: start FollowerState
2019-10-09 13:03:45,178 [pool-47-thread-1] INFO  util.JmxRegister (JmxRegister.java:tryRegister(44)) - Successfully registered JMX Bean with object name Ratis:service=RaftServer,group=group-692C1A1A7FB0,id=4f75c367-51e4-41c9-9287-4e8dd97f5c38
2019-10-09 13:03:45,192 [RatisPipelineUtilsThread] INFO  pipeline.PipelineStateManager (PipelineStateManager.java:addPipeline(56)) - Created pipeline Pipeline[ Id: 24892c10-72a5-47b6-85e0-692c1a1a7fb0, Nodes: 4f75c367-51e4-41c9-9287-4e8dd97f5c38{ip: 192.168.5.175, host: pr-hdds-1569-mfl88-1504498049, networkLocation: /default-rack, certSerialId: null}, Type:RATIS, Factor:ONE, State:OPEN]
2019-10-09 13:03:45,216 [grpc-default-executor-0] INFO  impl.RaftServerProxy (RaftServerProxy.java:addNew(89)) - 3eeab9a4-47d5-4980-9c6e-5102901e869a: addNew group-0E7B0A816CCB:[3eeab9a4-47d5-4980-9c6e-5102901e869a:192.168.5.175:43254] returns group-0E7B0A816CCB:java.util.concurrent.CompletableFuture@2edab43[Not completed]
2019-10-09 13:03:45,242 [pool-67-thread-1] INFO  impl.RaftServerImpl (RaftServerImpl.java:<init>(95)) - 3eeab9a4-47d5-4980-9c6e-5102901e869a: new RaftServerImpl for group-0E7B0A816CCB:[3eeab9a4-47d5-4980-9c6e-5102901e869a:192.168.5.175:43254] with ContainerStateMachine:uninitialized
2019-10-09 13:03:45,242 [pool-67-thread-1] INFO  server.RaftServerConfigKeys (ConfUtils.java:logGet(43)) - raft.server.rpc.timeout.min = 5s (custom)
2019-10-09 13:03:45,243 [pool-67-thread-1] INFO  server.RaftServerConfigKeys (ConfUtils.java:logGet(43)) - raft.server.rpc.timeout.max = 5200ms (custom)
2019-10-09 13:03:45,243 [pool-67-thread-1] INFO  server.RaftServerConfigKeys (ConfUtils.java:logGet(43)) - raft.server.rpcslowness.timeout = 120s (custom)
2019-10-09 13:03:45,243 [pool-67-thread-1] INFO  server.RaftServerConfigKeys (ConfUtils.java:logGet(43)) - raft.server.sleep.deviation.threshold = 300 (default)
2019-10-09 13:03:45,243 [pool-67-thread-1] INFO  server.RaftServerConfigKeys (ConfUtils.java:logGet(43)) - raft.server.log.appender.install.snapshot.enabled = false (custom)
2019-10-09 13:03:45,243 [pool-67-thread-1] INFO  impl.RaftServerImpl (ServerState.java:<init>(103)) - 3eeab9a4-47d5-4980-9c6e-5102901e869a@group-0E7B0A816CCB: ConfigurationManager, init=-1: [3eeab9a4-47d5-4980-9c6e-5102901e869a:192.168.5.175:43254], old=null, confs=<EMPTY_MAP>
2019-10-09 13:03:45,243 [pool-67-thread-1] INFO  server.RaftServerConfigKeys (ConfUtils.java:logGet(43)) - raft.server.storage.dir = [/workdir/hadoop-ozone/integration-test/target/test-dir/MiniOzoneClusterImpl-92c4d179-1d16-4416-8bce-4538b25b782c/datanode-4/data/ratis] (custom)
2019-10-09 13:03:45,244 [pool-67-thread-1] INFO  storage.RaftStorageDirectory (RaftStorageDirectory.java:analyzeStorage(246)) - The storage directory /workdir/hadoop-ozone/integration-test/target/test-dir/MiniOzoneClusterImpl-92c4d179-1d16-4416-8bce-4538b25b782c/datanode-4/data/ratis/31f3c08f-cd97-41c5-b7ef-0e7b0a816ccb does not exist. Creating ...
2019-10-09 13:03:45,264 [pool-67-thread-1] INFO  storage.RaftStorageDirectory (RaftStorageDirectory.java:tryLock(328)) - Lock on /workdir/hadoop-ozone/integration-test/target/test-dir/MiniOzoneClusterImpl-92c4d179-1d16-4416-8bce-4538b25b782c/datanode-4/data/ratis/31f3c08f-cd97-41c5-b7ef-0e7b0a816ccb/in_use.lock acquired by nodename 6401@pr-hdds-1569-mfl88-1504498049
2019-10-09 13:03:45,277 [pool-67-thread-1] INFO  storage.RaftStorage (RaftStorage.java:format(72)) - Storage directory /workdir/hadoop-ozone/integration-test/target/test-dir/MiniOzoneClusterImpl-92c4d179-1d16-4416-8bce-4538b25b782c/datanode-4/data/ratis/31f3c08f-cd97-41c5-b7ef-0e7b0a816ccb has been successfully formatted.
2019-10-09 13:03:45,277 [pool-67-thread-1] INFO  ratis.ContainerStateMachine (ContainerStateMachine.java:loadSnapshot(230)) - group-0E7B0A816CCB: The snapshot info is null. Setting the last applied indexto:(t:0, i:~)
2019-10-09 13:03:45,278 [pool-67-thread-1] INFO  server.RaftServerConfigKeys (ConfUtils.java:logGet(43)) - raft.server.notification.no-leader.timeout = 120s (custom)
2019-10-09 13:03:45,278 [pool-67-thread-1] INFO  server.RaftServerConfigKeys (ConfUtils.java:logGet(43)) - raft.server.log.use.memory = false (default)
2019-10-09 13:03:45,278 [pool-67-thread-1] INFO  server.RaftServerConfigKeys (ConfUtils.java:logGet(43)) - raft.server.log.purge.gap = 1000000 (custom)
2019-10-09 13:03:45,278 [pool-67-thread-1] INFO  server.RaftServerConfigKeys (ConfUtils.java:logGet(43)) - raft.server.log.appender.buffer.byte-limit = 33554432 (custom)
2019-10-09 13:03:45,278 [pool-67-thread-1] INFO  server.RaftServerConfigKeys (ConfUtils.java:logGet(43)) - raft.server.log.segment.size.max = 1048576 (custom)
2019-10-09 13:03:45,278 [pool-67-thread-1] INFO  server.RaftServerConfigKeys (ConfUtils.java:logGet(43)) - raft.server.log.segment.cache.num.max = 2 (custom)
2019-10-09 13:03:45,279 [pool-67-thread-1] INFO  segmented.SegmentedRaftLogWorker (SegmentedRaftLogWorker.java:<init>(172)) - new 3eeab9a4-47d5-4980-9c6e-5102901e869a@group-0E7B0A816CCB-SegmentedRaftLogWorker for RaftStorage:Storage Directory /workdir/hadoop-ozone/integration-test/target/test-dir/MiniOzoneClusterImpl-92c4d179-1d16-4416-8bce-4538b25b782c/datanode-4/data/ratis/31f3c08f-cd97-41c5-b7ef-0e7b0a816ccb
2019-10-09 13:03:45,326 [pool-67-thread-1] INFO  server.RaftServerConfigKeys (ConfUtils.java:logGet(43)) - raft.server.log.queue.byte-limit = 2147483647 (custom)
2019-10-09 13:03:45,326 [pool-67-thread-1] INFO  server.RaftServerConfigKeys (ConfUtils.java:logGet(43)) - raft.server.log.queue.element-limit = 1024 (custom)
2019-10-09 13:03:45,326 [pool-67-thread-1] INFO  server.RaftServerConfigKeys (ConfUtils.java:logGet(43)) - raft.server.log.segment.size.max = 1048576 (custom)
2019-10-09 13:03:45,327 [pool-67-thread-1] INFO  server.RaftServerConfigKeys (ConfUtils.java:logGet(43)) - raft.server.log.preallocated.size = 16384 (custom)
2019-10-09 13:03:45,327 [pool-67-thread-1] INFO  server.RaftServerConfigKeys (ConfUtils.java:logGet(43)) - raft.server.log.write.buffer.size = 33554432 (custom)
2019-10-09 13:03:45,327 [pool-67-thread-1] INFO  server.RaftServerConfigKeys (ConfUtils.java:logGet(43)) - raft.server.log.force.sync.num = 128 (default)
2019-10-09 13:03:45,327 [pool-67-thread-1] INFO  server.RaftServerConfigKeys (ConfUtils.java:logGet(43)) - raft.server.log.statemachine.data.sync = true (default)
2019-10-09 13:03:45,327 [pool-67-thread-1] INFO  server.RaftServerConfigKeys (ConfUtils.java:logGet(43)) - raft.server.log.statemachine.data.sync.timeout = 10s (default)
2019-10-09 13:03:45,327 [pool-67-thread-1] INFO  server.RaftServerConfigKeys (ConfUtils.java:logGet(43)) - raft.server.log.statemachine.data.sync.timeout.retry = -1 (default)
2019-10-09 13:03:45,328 [pool-67-thread-1] INFO  server.RaftServerConfigKeys (ConfUtils.java:logGet(43)) - raft.server.log.statemachine.data.caching.enabled = true (custom)
2019-10-09 13:03:45,328 [pool-67-thread-1] INFO  segmented.SegmentedRaftLogWorker (SegmentedRaftLogWorker.java:lambda$new$0(132)) - 3eeab9a4-47d5-4980-9c6e-5102901e869a@group-0E7B0A816CCB-SegmentedRaftLogWorker: flushIndex: setUnconditionally 0 -> -1
2019-10-09 13:03:45,328 [pool-67-thread-1] INFO  server.RaftServerConfigKeys (ConfUtils.java:logGet(43)) - raft.server.snapshot.auto.trigger.enabled = true (custom)
2019-10-09 13:03:45,329 [pool-67-thread-1] INFO  server.RaftServerConfigKeys (ConfUtils.java:logGet(43)) - raft.server.snapshot.auto.trigger.threshold = 10000 (custom)
2019-10-09 13:03:45,329 [pool-67-thread-1] INFO  server.RaftServerConfigKeys (ConfUtils.java:logGet(43)) - raft.server.snapshot.retention.num.files = 5 (custom)
2019-10-09 13:03:45,329 [pool-67-thread-1] INFO  server.RaftServerConfigKeys (ConfUtils.java:logGet(43)) - raft.server.retrycache.expirytime = 600000ms (custom)
2019-10-09 13:03:45,334 [pool-67-thread-1] INFO  impl.RaftServerImpl (RaftServerImpl.java:start(185)) - 3eeab9a4-47d5-4980-9c6e-5102901e869a@group-0E7B0A816CCB: start as a follower, conf=-1: [3eeab9a4-47d5-4980-9c6e-5102901e869a:192.168.5.175:43254], old=null
2019-10-09 13:03:45,334 [pool-67-thread-1] INFO  impl.RaftServerImpl (RaftServerImpl.java:setRole(174)) - 3eeab9a4-47d5-4980-9c6e-5102901e869a@group-0E7B0A816CCB: changes role from      null to FOLLOWER at term 0 for startAsFollower
2019-10-09 13:03:45,334 [pool-67-thread-1] INFO  impl.RoleInfo (RoleInfo.java:updateAndGet(143)) - 3eeab9a4-47d5-4980-9c6e-5102901e869a: start FollowerState
2019-10-09 13:03:45,335 [pool-67-thread-1] INFO  util.JmxRegister (JmxRegister.java:tryRegister(44)) - Successfully registered JMX Bean with object name Ratis:service=RaftServer,group=group-0E7B0A816CCB,id=3eeab9a4-47d5-4980-9c6e-5102901e869a
2019-10-09 13:03:45,349 [RatisPipelineUtilsThread] INFO  pipeline.PipelineStateManager (PipelineStateManager.java:addPipeline(56)) - Created pipeline Pipeline[ Id: 31f3c08f-cd97-41c5-b7ef-0e7b0a816ccb, Nodes: 3eeab9a4-47d5-4980-9c6e-5102901e869a{ip: 192.168.5.175, host: pr-hdds-1569-mfl88-1504498049, networkLocation: /default-rack, certSerialId: null}, Type:RATIS, Factor:ONE, State:OPEN]
2019-10-09 13:03:45,376 [grpc-default-executor-0] INFO  impl.RaftServerProxy (RaftServerProxy.java:addNew(89)) - 194018c8-bd25-415f-9941-0e401fd1a71b: addNew group-84D1AE6A7D99:[194018c8-bd25-415f-9941-0e401fd1a71b:192.168.5.175:36608] returns group-84D1AE6A7D99:java.util.concurrent.CompletableFuture@947bb6[Not completed]
2019-10-09 13:03:45,381 [pool-57-thread-1] INFO  impl.RaftServerImpl (RaftServerImpl.java:<init>(95)) - 194018c8-bd25-415f-9941-0e401fd1a71b: new RaftServerImpl for group-84D1AE6A7D99:[194018c8-bd25-415f-9941-0e401fd1a71b:192.168.5.175:36608] with ContainerStateMachine:uninitialized
2019-10-09 13:03:45,382 [pool-57-thread-1] INFO  server.RaftServerConfigKeys (ConfUtils.java:logGet(43)) - raft.server.rpc.timeout.min = 5s (custom)
2019-10-09 13:03:45,382 [pool-57-thread-1] INFO  server.RaftServerConfigKeys (ConfUtils.java:logGet(43)) - raft.server.rpc.timeout.max = 5200ms (custom)
2019-10-09 13:03:45,382 [pool-57-thread-1] INFO  server.RaftServerConfigKeys (ConfUtils.java:logGet(43)) - raft.server.rpcslowness.timeout = 120s (custom)
2019-10-09 13:03:45,382 [pool-57-thread-1] INFO  server.RaftServerConfigKeys (ConfUtils.java:logGet(43)) - raft.server.sleep.deviation.threshold = 300 (default)
2019-10-09 13:03:45,382 [pool-57-thread-1] INFO  server.RaftServerConfigKeys (ConfUtils.java:logGet(43)) - raft.server.log.appender.install.snapshot.enabled = false (custom)
2019-10-09 13:03:45,382 [pool-57-thread-1] INFO  impl.RaftServerImpl (ServerState.java:<init>(103)) - 194018c8-bd25-415f-9941-0e401fd1a71b@group-84D1AE6A7D99: ConfigurationManager, init=-1: [194018c8-bd25-415f-9941-0e401fd1a71b:192.168.5.175:36608], old=null, confs=<EMPTY_MAP>
2019-10-09 13:03:45,382 [pool-57-thread-1] INFO  server.RaftServerConfigKeys (ConfUtils.java:logGet(43)) - raft.server.storage.dir = [/workdir/hadoop-ozone/integration-test/target/test-dir/MiniOzoneClusterImpl-92c4d179-1d16-4416-8bce-4538b25b782c/datanode-3/data/ratis] (custom)
2019-10-09 13:03:45,383 [pool-57-thread-1] INFO  storage.RaftStorageDirectory (RaftStorageDirectory.java:analyzeStorage(246)) - The storage directory /workdir/hadoop-ozone/integration-test/target/test-dir/MiniOzoneClusterImpl-92c4d179-1d16-4416-8bce-4538b25b782c/datanode-3/data/ratis/141f926b-b7be-46fa-b46a-84d1ae6a7d99 does not exist. Creating ...
2019-10-09 13:03:45,396 [pool-57-thread-1] INFO  storage.RaftStorageDirectory (RaftStorageDirectory.java:tryLock(328)) - Lock on /workdir/hadoop-ozone/integration-test/target/test-dir/MiniOzoneClusterImpl-92c4d179-1d16-4416-8bce-4538b25b782c/datanode-3/data/ratis/141f926b-b7be-46fa-b46a-84d1ae6a7d99/in_use.lock acquired by nodename 6401@pr-hdds-1569-mfl88-1504498049
2019-10-09 13:03:45,412 [pool-57-thread-1] INFO  storage.RaftStorage (RaftStorage.java:format(72)) - Storage directory /workdir/hadoop-ozone/integration-test/target/test-dir/MiniOzoneClusterImpl-92c4d179-1d16-4416-8bce-4538b25b782c/datanode-3/data/ratis/141f926b-b7be-46fa-b46a-84d1ae6a7d99 has been successfully formatted.
2019-10-09 13:03:45,412 [pool-57-thread-1] INFO  ratis.ContainerStateMachine (ContainerStateMachine.java:loadSnapshot(230)) - group-84D1AE6A7D99: The snapshot info is null. Setting the last applied indexto:(t:0, i:~)
2019-10-09 13:03:45,412 [pool-57-thread-1] INFO  server.RaftServerConfigKeys (ConfUtils.java:logGet(43)) - raft.server.notification.no-leader.timeout = 120s (custom)
2019-10-09 13:03:45,412 [pool-57-thread-1] INFO  server.RaftServerConfigKeys (ConfUtils.java:logGet(43)) - raft.server.log.use.memory = false (default)
2019-10-09 13:03:45,412 [pool-57-thread-1] INFO  server.RaftServerConfigKeys (ConfUtils.java:logGet(43)) - raft.server.log.purge.gap = 1000000 (custom)
2019-10-09 13:03:45,412 [pool-57-thread-1] INFO  server.RaftServerConfigKeys (ConfUtils.java:logGet(43)) - raft.server.log.appender.buffer.byte-limit = 33554432 (custom)
2019-10-09 13:03:45,413 [pool-57-thread-1] INFO  server.RaftServerConfigKeys (ConfUtils.java:logGet(43)) - raft.server.log.segment.size.max = 1048576 (custom)
2019-10-09 13:03:45,413 [pool-57-thread-1] INFO  server.RaftServerConfigKeys (ConfUtils.java:logGet(43)) - raft.server.log.segment.cache.num.max = 2 (custom)
2019-10-09 13:03:45,413 [pool-57-thread-1] INFO  segmented.SegmentedRaftLogWorker (SegmentedRaftLogWorker.java:<init>(172)) - new 194018c8-bd25-415f-9941-0e401fd1a71b@group-84D1AE6A7D99-SegmentedRaftLogWorker for RaftStorage:Storage Directory /workdir/hadoop-ozone/integration-test/target/test-dir/MiniOzoneClusterImpl-92c4d179-1d16-4416-8bce-4538b25b782c/datanode-3/data/ratis/141f926b-b7be-46fa-b46a-84d1ae6a7d99
2019-10-09 13:03:45,417 [pool-57-thread-1] INFO  server.RaftServerConfigKeys (ConfUtils.java:logGet(43)) - raft.server.log.queue.byte-limit = 2147483647 (custom)
2019-10-09 13:03:45,419 [pool-57-thread-1] INFO  server.RaftServerConfigKeys (ConfUtils.java:logGet(43)) - raft.server.log.queue.element-limit = 1024 (custom)
2019-10-09 13:03:45,425 [pool-57-thread-1] INFO  server.RaftServerConfigKeys (ConfUtils.java:logGet(43)) - raft.server.log.segment.size.max = 1048576 (custom)
2019-10-09 13:03:45,425 [pool-57-thread-1] INFO  server.RaftServerConfigKeys (ConfUtils.java:logGet(43)) - raft.server.log.preallocated.size = 16384 (custom)
2019-10-09 13:03:45,425 [pool-57-thread-1] INFO  server.RaftServerConfigKeys (ConfUtils.java:logGet(43)) - raft.server.log.write.buffer.size = 33554432 (custom)
2019-10-09 13:03:45,426 [pool-57-thread-1] INFO  server.RaftServerConfigKeys (ConfUtils.java:logGet(43)) - raft.server.log.force.sync.num = 128 (default)
2019-10-09 13:03:45,426 [pool-57-thread-1] INFO  server.RaftServerConfigKeys (ConfUtils.java:logGet(43)) - raft.server.log.statemachine.data.sync = true (default)
2019-10-09 13:03:45,426 [pool-57-thread-1] INFO  server.RaftServerConfigKeys (ConfUtils.java:logGet(43)) - raft.server.log.statemachine.data.sync.timeout = 10s (default)
2019-10-09 13:03:45,426 [pool-57-thread-1] INFO  server.RaftServerConfigKeys (ConfUtils.java:logGet(43)) - raft.server.log.statemachine.data.sync.timeout.retry = -1 (default)
2019-10-09 13:03:45,426 [pool-57-thread-1] INFO  server.RaftServerConfigKeys (ConfUtils.java:logGet(43)) - raft.server.log.statemachine.data.caching.enabled = true (custom)
2019-10-09 13:03:45,426 [pool-57-thread-1] INFO  segmented.SegmentedRaftLogWorker (SegmentedRaftLogWorker.java:lambda$new$0(132)) - 194018c8-bd25-415f-9941-0e401fd1a71b@group-84D1AE6A7D99-SegmentedRaftLogWorker: flushIndex: setUnconditionally 0 -> -1
2019-10-09 13:03:45,427 [pool-57-thread-1] INFO  server.RaftServerConfigKeys (ConfUtils.java:logGet(43)) - raft.server.snapshot.auto.trigger.enabled = true (custom)
2019-10-09 13:03:45,427 [pool-57-thread-1] INFO  server.RaftServerConfigKeys (ConfUtils.java:logGet(43)) - raft.server.snapshot.auto.trigger.threshold = 10000 (custom)
2019-10-09 13:03:45,427 [pool-57-thread-1] INFO  server.RaftServerConfigKeys (ConfUtils.java:logGet(43)) - raft.server.snapshot.retention.num.files = 5 (custom)
2019-10-09 13:03:45,427 [pool-57-thread-1] INFO  server.RaftServerConfigKeys (ConfUtils.java:logGet(43)) - raft.server.retrycache.expirytime = 600000ms (custom)
2019-10-09 13:03:45,431 [pool-57-thread-1] INFO  impl.RaftServerImpl (RaftServerImpl.java:start(185)) - 194018c8-bd25-415f-9941-0e401fd1a71b@group-84D1AE6A7D99: start as a follower, conf=-1: [194018c8-bd25-415f-9941-0e401fd1a71b:192.168.5.175:36608], old=null
2019-10-09 13:03:45,432 [pool-57-thread-1] INFO  impl.RaftServerImpl (RaftServerImpl.java:setRole(174)) - 194018c8-bd25-415f-9941-0e401fd1a71b@group-84D1AE6A7D99: changes role from      null to FOLLOWER at term 0 for startAsFollower
2019-10-09 13:03:45,432 [pool-57-thread-1] INFO  impl.RoleInfo (RoleInfo.java:updateAndGet(143)) - 194018c8-bd25-415f-9941-0e401fd1a71b: start FollowerState
2019-10-09 13:03:45,432 [pool-57-thread-1] INFO  util.JmxRegister (JmxRegister.java:tryRegister(44)) - Successfully registered JMX Bean with object name Ratis:service=RaftServer,group=group-84D1AE6A7D99,id=194018c8-bd25-415f-9941-0e401fd1a71b
2019-10-09 13:03:45,449 [RatisPipelineUtilsThread] INFO  pipeline.PipelineStateManager (PipelineStateManager.java:addPipeline(56)) - Created pipeline Pipeline[ Id: 141f926b-b7be-46fa-b46a-84d1ae6a7d99, Nodes: 194018c8-bd25-415f-9941-0e401fd1a71b{ip: 192.168.5.175, host: pr-hdds-1569-mfl88-1504498049, networkLocation: /default-rack, certSerialId: null}, Type:RATIS, Factor:ONE, State:OPEN]
2019-10-09 13:03:45,474 [grpc-default-executor-0] INFO  impl.RaftServerProxy (RaftServerProxy.java:addNew(89)) - a951a5ca-0ab5-470b-9716-44f820a131a6: addNew group-52841DBED9C5:[a951a5ca-0ab5-470b-9716-44f820a131a6:192.168.5.175:37446] returns group-52841DBED9C5:java.util.concurrent.CompletableFuture@6845b6d7[Not completed]
2019-10-09 13:03:45,480 [pool-77-thread-1] INFO  impl.RaftServerImpl (RaftServerImpl.java:<init>(95)) - a951a5ca-0ab5-470b-9716-44f820a131a6: new RaftServerImpl for group-52841DBED9C5:[a951a5ca-0ab5-470b-9716-44f820a131a6:192.168.5.175:37446] with ContainerStateMachine:uninitialized
2019-10-09 13:03:45,480 [pool-77-thread-1] INFO  server.RaftServerConfigKeys (ConfUtils.java:logGet(43)) - raft.server.rpc.timeout.min = 5s (custom)
2019-10-09 13:03:45,480 [pool-77-thread-1] INFO  server.RaftServerConfigKeys (ConfUtils.java:logGet(43)) - raft.server.rpc.timeout.max = 5200ms (custom)
2019-10-09 13:03:45,481 [pool-77-thread-1] INFO  server.RaftServerConfigKeys (ConfUtils.java:logGet(43)) - raft.server.rpcslowness.timeout = 120s (custom)
2019-10-09 13:03:45,481 [pool-77-thread-1] INFO  server.RaftServerConfigKeys (ConfUtils.java:logGet(43)) - raft.server.sleep.deviation.threshold = 300 (default)
2019-10-09 13:03:45,481 [pool-77-thread-1] INFO  server.RaftServerConfigKeys (ConfUtils.java:logGet(43)) - raft.server.log.appender.install.snapshot.enabled = false (custom)
2019-10-09 13:03:45,481 [pool-77-thread-1] INFO  impl.RaftServerImpl (ServerState.java:<init>(103)) - a951a5ca-0ab5-470b-9716-44f820a131a6@group-52841DBED9C5: ConfigurationManager, init=-1: [a951a5ca-0ab5-470b-9716-44f820a131a6:192.168.5.175:37446], old=null, confs=<EMPTY_MAP>
2019-10-09 13:03:45,481 [pool-77-thread-1] INFO  server.RaftServerConfigKeys (ConfUtils.java:logGet(43)) - raft.server.storage.dir = [/workdir/hadoop-ozone/integration-test/target/test-dir/MiniOzoneClusterImpl-92c4d179-1d16-4416-8bce-4538b25b782c/datanode-5/data/ratis] (custom)
2019-10-09 13:03:45,482 [pool-77-thread-1] INFO  storage.RaftStorageDirectory (RaftStorageDirectory.java:analyzeStorage(246)) - The storage directory /workdir/hadoop-ozone/integration-test/target/test-dir/MiniOzoneClusterImpl-92c4d179-1d16-4416-8bce-4538b25b782c/datanode-5/data/ratis/fa2dc125-e3cc-4ac5-85fd-52841dbed9c5 does not exist. Creating ...
2019-10-09 13:03:45,495 [pool-77-thread-1] INFO  storage.RaftStorageDirectory (RaftStorageDirectory.java:tryLock(328)) - Lock on /workdir/hadoop-ozone/integration-test/target/test-dir/MiniOzoneClusterImpl-92c4d179-1d16-4416-8bce-4538b25b782c/datanode-5/data/ratis/fa2dc125-e3cc-4ac5-85fd-52841dbed9c5/in_use.lock acquired by nodename 6401@pr-hdds-1569-mfl88-1504498049
2019-10-09 13:03:45,509 [pool-77-thread-1] INFO  storage.RaftStorage (RaftStorage.java:format(72)) - Storage directory /workdir/hadoop-ozone/integration-test/target/test-dir/MiniOzoneClusterImpl-92c4d179-1d16-4416-8bce-4538b25b782c/datanode-5/data/ratis/fa2dc125-e3cc-4ac5-85fd-52841dbed9c5 has been successfully formatted.
2019-10-09 13:03:45,509 [pool-77-thread-1] INFO  ratis.ContainerStateMachine (ContainerStateMachine.java:loadSnapshot(230)) - group-52841DBED9C5: The snapshot info is null. Setting the last applied indexto:(t:0, i:~)
2019-10-09 13:03:45,509 [pool-77-thread-1] INFO  server.RaftServerConfigKeys (ConfUtils.java:logGet(43)) - raft.server.notification.no-leader.timeout = 120s (custom)
2019-10-09 13:03:45,510 [pool-77-thread-1] INFO  server.RaftServerConfigKeys (ConfUtils.java:logGet(43)) - raft.server.log.use.memory = false (default)
2019-10-09 13:03:45,510 [pool-77-thread-1] INFO  server.RaftServerConfigKeys (ConfUtils.java:logGet(43)) - raft.server.log.purge.gap = 1000000 (custom)
2019-10-09 13:03:45,510 [pool-77-thread-1] INFO  server.RaftServerConfigKeys (ConfUtils.java:logGet(43)) - raft.server.log.appender.buffer.byte-limit = 33554432 (custom)
2019-10-09 13:03:45,510 [pool-77-thread-1] INFO  server.RaftServerConfigKeys (ConfUtils.java:logGet(43)) - raft.server.log.segment.size.max = 1048576 (custom)
2019-10-09 13:03:45,510 [pool-77-thread-1] INFO  server.RaftServerConfigKeys (ConfUtils.java:logGet(43)) - raft.server.log.segment.cache.num.max = 2 (custom)
2019-10-09 13:03:45,511 [pool-77-thread-1] INFO  segmented.SegmentedRaftLogWorker (SegmentedRaftLogWorker.java:<init>(172)) - new a951a5ca-0ab5-470b-9716-44f820a131a6@group-52841DBED9C5-SegmentedRaftLogWorker for RaftStorage:Storage Directory /workdir/hadoop-ozone/integration-test/target/test-dir/MiniOzoneClusterImpl-92c4d179-1d16-4416-8bce-4538b25b782c/datanode-5/data/ratis/fa2dc125-e3cc-4ac5-85fd-52841dbed9c5
2019-10-09 13:03:45,516 [pool-77-thread-1] INFO  server.RaftServerConfigKeys (ConfUtils.java:logGet(43)) - raft.server.log.queue.byte-limit = 2147483647 (custom)
2019-10-09 13:03:45,516 [pool-77-thread-1] INFO  server.RaftServerConfigKeys (ConfUtils.java:logGet(43)) - raft.server.log.queue.element-limit = 1024 (custom)
2019-10-09 13:03:45,516 [pool-77-thread-1] INFO  server.RaftServerConfigKeys (ConfUtils.java:logGet(43)) - raft.server.log.segment.size.max = 1048576 (custom)
2019-10-09 13:03:45,516 [pool-77-thread-1] INFO  server.RaftServerConfigKeys (ConfUtils.java:logGet(43)) - raft.server.log.preallocated.size = 16384 (custom)
2019-10-09 13:03:45,517 [pool-77-thread-1] INFO  server.RaftServerConfigKeys (ConfUtils.java:logGet(43)) - raft.server.log.write.buffer.size = 33554432 (custom)
2019-10-09 13:03:45,517 [pool-77-thread-1] INFO  server.RaftServerConfigKeys (ConfUtils.java:logGet(43)) - raft.server.log.force.sync.num = 128 (default)
2019-10-09 13:03:45,517 [pool-77-thread-1] INFO  server.RaftServerConfigKeys (ConfUtils.java:logGet(43)) - raft.server.log.statemachine.data.sync = true (default)
2019-10-09 13:03:45,517 [pool-77-thread-1] INFO  server.RaftServerConfigKeys (ConfUtils.java:logGet(43)) - raft.server.log.statemachine.data.sync.timeout = 10s (default)
2019-10-09 13:03:45,517 [pool-77-thread-1] INFO  server.RaftServerConfigKeys (ConfUtils.java:logGet(43)) - raft.server.log.statemachine.data.sync.timeout.retry = -1 (default)
2019-10-09 13:03:45,518 [pool-77-thread-1] INFO  server.RaftServerConfigKeys (ConfUtils.java:logGet(43)) - raft.server.log.statemachine.data.caching.enabled = true (custom)
2019-10-09 13:03:45,518 [pool-77-thread-1] INFO  segmented.SegmentedRaftLogWorker (SegmentedRaftLogWorker.java:lambda$new$0(132)) - a951a5ca-0ab5-470b-9716-44f820a131a6@group-52841DBED9C5-SegmentedRaftLogWorker: flushIndex: setUnconditionally 0 -> -1
2019-10-09 13:03:45,519 [pool-77-thread-1] INFO  server.RaftServerConfigKeys (ConfUtils.java:logGet(43)) - raft.server.snapshot.auto.trigger.enabled = true (custom)
2019-10-09 13:03:45,519 [pool-77-thread-1] INFO  server.RaftServerConfigKeys (ConfUtils.java:logGet(43)) - raft.server.snapshot.auto.trigger.threshold = 10000 (custom)
2019-10-09 13:03:45,519 [pool-77-thread-1] INFO  server.RaftServerConfigKeys (ConfUtils.java:logGet(43)) - raft.server.snapshot.retention.num.files = 5 (custom)
2019-10-09 13:03:45,519 [pool-77-thread-1] INFO  server.RaftServerConfigKeys (ConfUtils.java:logGet(43)) - raft.server.retrycache.expirytime = 600000ms (custom)
2019-10-09 13:03:45,524 [pool-77-thread-1] INFO  impl.RaftServerImpl (RaftServerImpl.java:start(185)) - a951a5ca-0ab5-470b-9716-44f820a131a6@group-52841DBED9C5: start as a follower, conf=-1: [a951a5ca-0ab5-470b-9716-44f820a131a6:192.168.5.175:37446], old=null
2019-10-09 13:03:45,524 [pool-77-thread-1] INFO  impl.RaftServerImpl (RaftServerImpl.java:setRole(174)) - a951a5ca-0ab5-470b-9716-44f820a131a6@group-52841DBED9C5: changes role from      null to FOLLOWER at term 0 for startAsFollower
2019-10-09 13:03:45,524 [pool-77-thread-1] INFO  impl.RoleInfo (RoleInfo.java:updateAndGet(143)) - a951a5ca-0ab5-470b-9716-44f820a131a6: start FollowerState
2019-10-09 13:03:45,525 [pool-77-thread-1] INFO  util.JmxRegister (JmxRegister.java:tryRegister(44)) - Successfully registered JMX Bean with object name Ratis:service=RaftServer,group=group-52841DBED9C5,id=a951a5ca-0ab5-470b-9716-44f820a131a6
2019-10-09 13:03:45,538 [RatisPipelineUtilsThread] INFO  pipeline.PipelineStateManager (PipelineStateManager.java:addPipeline(56)) - Created pipeline Pipeline[ Id: fa2dc125-e3cc-4ac5-85fd-52841dbed9c5, Nodes: a951a5ca-0ab5-470b-9716-44f820a131a6{ip: 192.168.5.175, host: pr-hdds-1569-mfl88-1504498049, networkLocation: /default-rack, certSerialId: null}, Type:RATIS, Factor:ONE, State:OPEN]
2019-10-09 13:03:45,558 [grpc-default-executor-0] INFO  impl.RaftServerProxy (RaftServerProxy.java:addNew(89)) - 037d843d-d447-45fa-b1c7-b719ecfa6684: addNew group-9F0695E48DBC:[037d843d-d447-45fa-b1c7-b719ecfa6684:192.168.5.175:39866] returns group-9F0695E48DBC:java.util.concurrent.CompletableFuture@38f0b1a1[Not completed]
2019-10-09 13:03:45,561 [pool-37-thread-1] INFO  impl.RaftServerImpl (RaftServerImpl.java:<init>(95)) - 037d843d-d447-45fa-b1c7-b719ecfa6684: new RaftServerImpl for group-9F0695E48DBC:[037d843d-d447-45fa-b1c7-b719ecfa6684:192.168.5.175:39866] with ContainerStateMachine:uninitialized
2019-10-09 13:03:45,561 [pool-37-thread-1] INFO  server.RaftServerConfigKeys (ConfUtils.java:logGet(43)) - raft.server.rpc.timeout.min = 5s (custom)
2019-10-09 13:03:45,561 [pool-37-thread-1] INFO  server.RaftServerConfigKeys (ConfUtils.java:logGet(43)) - raft.server.rpc.timeout.max = 5200ms (custom)
2019-10-09 13:03:45,561 [pool-37-thread-1] INFO  server.RaftServerConfigKeys (ConfUtils.java:logGet(43)) - raft.server.rpcslowness.timeout = 120s (custom)
2019-10-09 13:03:45,561 [pool-37-thread-1] INFO  server.RaftServerConfigKeys (ConfUtils.java:logGet(43)) - raft.server.sleep.deviation.threshold = 300 (default)
2019-10-09 13:03:45,561 [pool-37-thread-1] INFO  server.RaftServerConfigKeys (ConfUtils.java:logGet(43)) - raft.server.log.appender.install.snapshot.enabled = false (custom)
2019-10-09 13:03:45,562 [pool-37-thread-1] INFO  impl.RaftServerImpl (ServerState.java:<init>(103)) - 037d843d-d447-45fa-b1c7-b719ecfa6684@group-9F0695E48DBC: ConfigurationManager, init=-1: [037d843d-d447-45fa-b1c7-b719ecfa6684:192.168.5.175:39866], old=null, confs=<EMPTY_MAP>
2019-10-09 13:03:45,562 [pool-37-thread-1] INFO  server.RaftServerConfigKeys (ConfUtils.java:logGet(43)) - raft.server.storage.dir = [/workdir/hadoop-ozone/integration-test/target/test-dir/MiniOzoneClusterImpl-92c4d179-1d16-4416-8bce-4538b25b782c/datanode-1/data/ratis] (custom)
2019-10-09 13:03:45,562 [pool-37-thread-1] INFO  storage.RaftStorageDirectory (RaftStorageDirectory.java:analyzeStorage(246)) - The storage directory /workdir/hadoop-ozone/integration-test/target/test-dir/MiniOzoneClusterImpl-92c4d179-1d16-4416-8bce-4538b25b782c/datanode-1/data/ratis/182d1a2c-c69c-4570-b387-9f0695e48dbc does not exist. Creating ...
2019-10-09 13:03:45,575 [pool-37-thread-1] INFO  storage.RaftStorageDirectory (RaftStorageDirectory.java:tryLock(328)) - Lock on /workdir/hadoop-ozone/integration-test/target/test-dir/MiniOzoneClusterImpl-92c4d179-1d16-4416-8bce-4538b25b782c/datanode-1/data/ratis/182d1a2c-c69c-4570-b387-9f0695e48dbc/in_use.lock acquired by nodename 6401@pr-hdds-1569-mfl88-1504498049
2019-10-09 13:03:45,587 [pool-37-thread-1] INFO  storage.RaftStorage (RaftStorage.java:format(72)) - Storage directory /workdir/hadoop-ozone/integration-test/target/test-dir/MiniOzoneClusterImpl-92c4d179-1d16-4416-8bce-4538b25b782c/datanode-1/data/ratis/182d1a2c-c69c-4570-b387-9f0695e48dbc has been successfully formatted.
2019-10-09 13:03:45,588 [pool-37-thread-1] INFO  ratis.ContainerStateMachine (ContainerStateMachine.java:loadSnapshot(230)) - group-9F0695E48DBC: The snapshot info is null. Setting the last applied indexto:(t:0, i:~)
2019-10-09 13:03:45,588 [pool-37-thread-1] INFO  server.RaftServerConfigKeys (ConfUtils.java:logGet(43)) - raft.server.notification.no-leader.timeout = 120s (custom)
2019-10-09 13:03:45,588 [pool-37-thread-1] INFO  server.RaftServerConfigKeys (ConfUtils.java:logGet(43)) - raft.server.log.use.memory = false (default)
2019-10-09 13:03:45,588 [pool-37-thread-1] INFO  server.RaftServerConfigKeys (ConfUtils.java:logGet(43)) - raft.server.log.purge.gap = 1000000 (custom)
2019-10-09 13:03:45,589 [pool-37-thread-1] INFO  server.RaftServerConfigKeys (ConfUtils.java:logGet(43)) - raft.server.log.appender.buffer.byte-limit = 33554432 (custom)
2019-10-09 13:03:45,589 [pool-37-thread-1] INFO  server.RaftServerConfigKeys (ConfUtils.java:logGet(43)) - raft.server.log.segment.size.max = 1048576 (custom)
2019-10-09 13:03:45,589 [pool-37-thread-1] INFO  server.RaftServerConfigKeys (ConfUtils.java:logGet(43)) - raft.server.log.segment.cache.num.max = 2 (custom)
2019-10-09 13:03:45,589 [pool-37-thread-1] INFO  segmented.SegmentedRaftLogWorker (SegmentedRaftLogWorker.java:<init>(172)) - new 037d843d-d447-45fa-b1c7-b719ecfa6684@group-9F0695E48DBC-SegmentedRaftLogWorker for RaftStorage:Storage Directory /workdir/hadoop-ozone/integration-test/target/test-dir/MiniOzoneClusterImpl-92c4d179-1d16-4416-8bce-4538b25b782c/datanode-1/data/ratis/182d1a2c-c69c-4570-b387-9f0695e48dbc
2019-10-09 13:03:45,593 [pool-37-thread-1] INFO  server.RaftServerConfigKeys (ConfUtils.java:logGet(43)) - raft.server.log.queue.byte-limit = 2147483647 (custom)
2019-10-09 13:03:45,593 [pool-37-thread-1] INFO  server.RaftServerConfigKeys (ConfUtils.java:logGet(43)) - raft.server.log.queue.element-limit = 1024 (custom)
2019-10-09 13:03:45,594 [pool-37-thread-1] INFO  server.RaftServerConfigKeys (ConfUtils.java:logGet(43)) - raft.server.log.segment.size.max = 1048576 (custom)
2019-10-09 13:03:45,594 [pool-37-thread-1] INFO  server.RaftServerConfigKeys (ConfUtils.java:logGet(43)) - raft.server.log.preallocated.size = 16384 (custom)
2019-10-09 13:03:45,594 [pool-37-thread-1] INFO  server.RaftServerConfigKeys (ConfUtils.java:logGet(43)) - raft.server.log.write.buffer.size = 33554432 (custom)
2019-10-09 13:03:45,594 [pool-37-thread-1] INFO  server.RaftServerConfigKeys (ConfUtils.java:logGet(43)) - raft.server.log.force.sync.num = 128 (default)
2019-10-09 13:03:45,594 [pool-37-thread-1] INFO  server.RaftServerConfigKeys (ConfUtils.java:logGet(43)) - raft.server.log.statemachine.data.sync = true (default)
2019-10-09 13:03:45,595 [pool-37-thread-1] INFO  server.RaftServerConfigKeys (ConfUtils.java:logGet(43)) - raft.server.log.statemachine.data.sync.timeout = 10s (default)
2019-10-09 13:03:45,595 [pool-37-thread-1] INFO  server.RaftServerConfigKeys (ConfUtils.java:logGet(43)) - raft.server.log.statemachine.data.sync.timeout.retry = -1 (default)
2019-10-09 13:03:45,595 [pool-37-thread-1] INFO  server.RaftServerConfigKeys (ConfUtils.java:logGet(43)) - raft.server.log.statemachine.data.caching.enabled = true (custom)
2019-10-09 13:03:45,596 [pool-37-thread-1] INFO  segmented.SegmentedRaftLogWorker (SegmentedRaftLogWorker.java:lambda$new$0(132)) - 037d843d-d447-45fa-b1c7-b719ecfa6684@group-9F0695E48DBC-SegmentedRaftLogWorker: flushIndex: setUnconditionally 0 -> -1
2019-10-09 13:03:45,596 [pool-37-thread-1] INFO  server.RaftServerConfigKeys (ConfUtils.java:logGet(43)) - raft.server.snapshot.auto.trigger.enabled = true (custom)
2019-10-09 13:03:45,596 [pool-37-thread-1] INFO  server.RaftServerConfigKeys (ConfUtils.java:logGet(43)) - raft.server.snapshot.auto.trigger.threshold = 10000 (custom)
2019-10-09 13:03:45,596 [pool-37-thread-1] INFO  server.RaftServerConfigKeys (ConfUtils.java:logGet(43)) - raft.server.snapshot.retention.num.files = 5 (custom)
2019-10-09 13:03:45,597 [pool-37-thread-1] INFO  server.RaftServerConfigKeys (ConfUtils.java:logGet(43)) - raft.server.retrycache.expirytime = 600000ms (custom)
2019-10-09 13:03:45,600 [pool-37-thread-1] INFO  impl.RaftServerImpl (RaftServerImpl.java:start(185)) - 037d843d-d447-45fa-b1c7-b719ecfa6684@group-9F0695E48DBC: start as a follower, conf=-1: [037d843d-d447-45fa-b1c7-b719ecfa6684:192.168.5.175:39866], old=null
2019-10-09 13:03:45,601 [pool-37-thread-1] INFO  impl.RaftServerImpl (RaftServerImpl.java:setRole(174)) - 037d843d-d447-45fa-b1c7-b719ecfa6684@group-9F0695E48DBC: changes role from      null to FOLLOWER at term 0 for startAsFollower
2019-10-09 13:03:45,601 [pool-37-thread-1] INFO  impl.RoleInfo (RoleInfo.java:updateAndGet(143)) - 037d843d-d447-45fa-b1c7-b719ecfa6684: start FollowerState
2019-10-09 13:03:45,601 [pool-37-thread-1] INFO  util.JmxRegister (JmxRegister.java:tryRegister(44)) - Successfully registered JMX Bean with object name Ratis:service=RaftServer,group=group-9F0695E48DBC,id=037d843d-d447-45fa-b1c7-b719ecfa6684
2019-10-09 13:03:45,613 [RatisPipelineUtilsThread] INFO  pipeline.PipelineStateManager (PipelineStateManager.java:addPipeline(56)) - Created pipeline Pipeline[ Id: 182d1a2c-c69c-4570-b387-9f0695e48dbc, Nodes: 037d843d-d447-45fa-b1c7-b719ecfa6684{ip: 192.168.5.175, host: pr-hdds-1569-mfl88-1504498049, networkLocation: /default-rack, certSerialId: null}, Type:RATIS, Factor:ONE, State:OPEN]
2019-10-09 13:03:45,626 [grpc-default-executor-0] INFO  impl.RaftServerProxy (RaftServerProxy.java:addNew(89)) - eb04c9d2-6a3f-4a25-83d0-e343d353d182: addNew group-2988B8AEF951:[eb04c9d2-6a3f-4a25-83d0-e343d353d182:192.168.5.175:38949] returns group-2988B8AEF951:java.util.concurrent.CompletableFuture@2620e0d2[Not completed]
2019-10-09 13:03:45,630 [pool-87-thread-1] INFO  impl.RaftServerImpl (RaftServerImpl.java:<init>(95)) - eb04c9d2-6a3f-4a25-83d0-e343d353d182: new RaftServerImpl for group-2988B8AEF951:[eb04c9d2-6a3f-4a25-83d0-e343d353d182:192.168.5.175:38949] with ContainerStateMachine:uninitialized
2019-10-09 13:03:45,631 [pool-87-thread-1] INFO  server.RaftServerConfigKeys (ConfUtils.java:logGet(43)) - raft.server.rpc.timeout.min = 5s (custom)
2019-10-09 13:03:45,631 [pool-87-thread-1] INFO  server.RaftServerConfigKeys (ConfUtils.java:logGet(43)) - raft.server.rpc.timeout.max = 5200ms (custom)
2019-10-09 13:03:45,631 [pool-87-thread-1] INFO  server.RaftServerConfigKeys (ConfUtils.java:logGet(43)) - raft.server.rpcslowness.timeout = 120s (custom)
2019-10-09 13:03:45,631 [pool-87-thread-1] INFO  server.RaftServerConfigKeys (ConfUtils.java:logGet(43)) - raft.server.sleep.deviation.threshold = 300 (default)
2019-10-09 13:03:45,631 [pool-87-thread-1] INFO  server.RaftServerConfigKeys (ConfUtils.java:logGet(43)) - raft.server.log.appender.install.snapshot.enabled = false (custom)
2019-10-09 13:03:45,631 [pool-87-thread-1] INFO  impl.RaftServerImpl (ServerState.java:<init>(103)) - eb04c9d2-6a3f-4a25-83d0-e343d353d182@group-2988B8AEF951: ConfigurationManager, init=-1: [eb04c9d2-6a3f-4a25-83d0-e343d353d182:192.168.5.175:38949], old=null, confs=<EMPTY_MAP>
2019-10-09 13:03:45,632 [pool-87-thread-1] INFO  server.RaftServerConfigKeys (ConfUtils.java:logGet(43)) - raft.server.storage.dir = [/workdir/hadoop-ozone/integration-test/target/test-dir/MiniOzoneClusterImpl-92c4d179-1d16-4416-8bce-4538b25b782c/datanode-6/data/ratis] (custom)
2019-10-09 13:03:45,632 [pool-87-thread-1] INFO  storage.RaftStorageDirectory (RaftStorageDirectory.java:analyzeStorage(246)) - The storage directory /workdir/hadoop-ozone/integration-test/target/test-dir/MiniOzoneClusterImpl-92c4d179-1d16-4416-8bce-4538b25b782c/datanode-6/data/ratis/e0f3a325-518f-4cbd-b38c-2988b8aef951 does not exist. Creating ...
2019-10-09 13:03:45,644 [pool-87-thread-1] INFO  storage.RaftStorageDirectory (RaftStorageDirectory.java:tryLock(328)) - Lock on /workdir/hadoop-ozone/integration-test/target/test-dir/MiniOzoneClusterImpl-92c4d179-1d16-4416-8bce-4538b25b782c/datanode-6/data/ratis/e0f3a325-518f-4cbd-b38c-2988b8aef951/in_use.lock acquired by nodename 6401@pr-hdds-1569-mfl88-1504498049
2019-10-09 13:03:45,657 [pool-87-thread-1] INFO  storage.RaftStorage (RaftStorage.java:format(72)) - Storage directory /workdir/hadoop-ozone/integration-test/target/test-dir/MiniOzoneClusterImpl-92c4d179-1d16-4416-8bce-4538b25b782c/datanode-6/data/ratis/e0f3a325-518f-4cbd-b38c-2988b8aef951 has been successfully formatted.
2019-10-09 13:03:45,657 [pool-87-thread-1] INFO  ratis.ContainerStateMachine (ContainerStateMachine.java:loadSnapshot(230)) - group-2988B8AEF951: The snapshot info is null. Setting the last applied indexto:(t:0, i:~)
2019-10-09 13:03:45,658 [pool-87-thread-1] INFO  server.RaftServerConfigKeys (ConfUtils.java:logGet(43)) - raft.server.notification.no-leader.timeout = 120s (custom)
2019-10-09 13:03:45,658 [pool-87-thread-1] INFO  server.RaftServerConfigKeys (ConfUtils.java:logGet(43)) - raft.server.log.use.memory = false (default)
2019-10-09 13:03:45,658 [pool-87-thread-1] INFO  server.RaftServerConfigKeys (ConfUtils.java:logGet(43)) - raft.server.log.purge.gap = 1000000 (custom)
2019-10-09 13:03:45,658 [pool-87-thread-1] INFO  server.RaftServerConfigKeys (ConfUtils.java:logGet(43)) - raft.server.log.appender.buffer.byte-limit = 33554432 (custom)
2019-10-09 13:03:45,658 [pool-87-thread-1] INFO  server.RaftServerConfigKeys (ConfUtils.java:logGet(43)) - raft.server.log.segment.size.max = 1048576 (custom)
2019-10-09 13:03:45,658 [pool-87-thread-1] INFO  server.RaftServerConfigKeys (ConfUtils.java:logGet(43)) - raft.server.log.segment.cache.num.max = 2 (custom)
2019-10-09 13:03:45,659 [pool-87-thread-1] INFO  segmented.SegmentedRaftLogWorker (SegmentedRaftLogWorker.java:<init>(172)) - new eb04c9d2-6a3f-4a25-83d0-e343d353d182@group-2988B8AEF951-SegmentedRaftLogWorker for RaftStorage:Storage Directory /workdir/hadoop-ozone/integration-test/target/test-dir/MiniOzoneClusterImpl-92c4d179-1d16-4416-8bce-4538b25b782c/datanode-6/data/ratis/e0f3a325-518f-4cbd-b38c-2988b8aef951
2019-10-09 13:03:45,661 [pool-87-thread-1] INFO  server.RaftServerConfigKeys (ConfUtils.java:logGet(43)) - raft.server.log.queue.byte-limit = 2147483647 (custom)
2019-10-09 13:03:45,662 [pool-87-thread-1] INFO  server.RaftServerConfigKeys (ConfUtils.java:logGet(43)) - raft.server.log.queue.element-limit = 1024 (custom)
2019-10-09 13:03:45,662 [pool-87-thread-1] INFO  server.RaftServerConfigKeys (ConfUtils.java:logGet(43)) - raft.server.log.segment.size.max = 1048576 (custom)
2019-10-09 13:03:45,662 [pool-87-thread-1] INFO  server.RaftServerConfigKeys (ConfUtils.java:logGet(43)) - raft.server.log.preallocated.size = 16384 (custom)
2019-10-09 13:03:45,662 [pool-87-thread-1] INFO  server.RaftServerConfigKeys (ConfUtils.java:logGet(43)) - raft.server.log.write.buffer.size = 33554432 (custom)
2019-10-09 13:03:45,662 [pool-87-thread-1] INFO  server.RaftServerConfigKeys (ConfUtils.java:logGet(43)) - raft.server.log.force.sync.num = 128 (default)
2019-10-09 13:03:45,662 [pool-87-thread-1] INFO  server.RaftServerConfigKeys (ConfUtils.java:logGet(43)) - raft.server.log.statemachine.data.sync = true (default)
2019-10-09 13:03:45,663 [pool-87-thread-1] INFO  server.RaftServerConfigKeys (ConfUtils.java:logGet(43)) - raft.server.log.statemachine.data.sync.timeout = 10s (default)
2019-10-09 13:03:45,663 [pool-87-thread-1] INFO  server.RaftServerConfigKeys (ConfUtils.java:logGet(43)) - raft.server.log.statemachine.data.sync.timeout.retry = -1 (default)
2019-10-09 13:03:45,663 [pool-87-thread-1] INFO  server.RaftServerConfigKeys (ConfUtils.java:logGet(43)) - raft.server.log.statemachine.data.caching.enabled = true (custom)
2019-10-09 13:03:45,663 [pool-87-thread-1] INFO  segmented.SegmentedRaftLogWorker (SegmentedRaftLogWorker.java:lambda$new$0(132)) - eb04c9d2-6a3f-4a25-83d0-e343d353d182@group-2988B8AEF951-SegmentedRaftLogWorker: flushIndex: setUnconditionally 0 -> -1
2019-10-09 13:03:45,664 [pool-87-thread-1] INFO  server.RaftServerConfigKeys (ConfUtils.java:logGet(43)) - raft.server.snapshot.auto.trigger.enabled = true (custom)
2019-10-09 13:03:45,664 [pool-87-thread-1] INFO  server.RaftServerConfigKeys (ConfUtils.java:logGet(43)) - raft.server.snapshot.auto.trigger.threshold = 10000 (custom)
2019-10-09 13:03:45,664 [pool-87-thread-1] INFO  server.RaftServerConfigKeys (ConfUtils.java:logGet(43)) - raft.server.snapshot.retention.num.files = 5 (custom)
2019-10-09 13:03:45,664 [pool-87-thread-1] INFO  server.RaftServerConfigKeys (ConfUtils.java:logGet(43)) - raft.server.retrycache.expirytime = 600000ms (custom)
2019-10-09 13:03:45,670 [pool-87-thread-1] INFO  impl.RaftServerImpl (RaftServerImpl.java:start(185)) - eb04c9d2-6a3f-4a25-83d0-e343d353d182@group-2988B8AEF951: start as a follower, conf=-1: [eb04c9d2-6a3f-4a25-83d0-e343d353d182:192.168.5.175:38949], old=null
2019-10-09 13:03:45,670 [pool-87-thread-1] INFO  impl.RaftServerImpl (RaftServerImpl.java:setRole(174)) - eb04c9d2-6a3f-4a25-83d0-e343d353d182@group-2988B8AEF951: changes role from      null to FOLLOWER at term 0 for startAsFollower
2019-10-09 13:03:45,671 [pool-87-thread-1] INFO  impl.RoleInfo (RoleInfo.java:updateAndGet(143)) - eb04c9d2-6a3f-4a25-83d0-e343d353d182: start FollowerState
2019-10-09 13:03:45,671 [pool-87-thread-1] INFO  util.JmxRegister (JmxRegister.java:tryRegister(44)) - Successfully registered JMX Bean with object name Ratis:service=RaftServer,group=group-2988B8AEF951,id=eb04c9d2-6a3f-4a25-83d0-e343d353d182
2019-10-09 13:03:45,691 [main] INFO  ozone.MiniOzoneClusterImpl (MiniOzoneClusterImpl.java:lambda$waitForClusterToBeReady$0(147)) - Cluster is ready. Got 7 of 7 DN Heartbeats.
2019-10-09 13:03:45,692 [RatisPipelineUtilsThread] INFO  pipeline.PipelineStateManager (PipelineStateManager.java:addPipeline(56)) - Created pipeline Pipeline[ Id: e0f3a325-518f-4cbd-b38c-2988b8aef951, Nodes: eb04c9d2-6a3f-4a25-83d0-e343d353d182{ip: 192.168.5.175, host: pr-hdds-1569-mfl88-1504498049, networkLocation: /default-rack, certSerialId: null}, Type:RATIS, Factor:ONE, State:OPEN]
2019-10-09 13:03:45,697 [RatisPipelineUtilsThread] ERROR pipeline.SCMPipelineManager (SCMPipelineManager.java:createPipeline(193)) - Pipeline creation failed.
org.apache.hadoop.hdds.scm.exceptions.SCMException: Cannot create pipeline of factor 1 using 0 nodes. Used 7 nodes.
	at org.apache.hadoop.hdds.scm.pipeline.RatisPipelineProvider.pickNodesNeverUsed(RatisPipelineProvider.java:115)
	at org.apache.hadoop.hdds.scm.pipeline.RatisPipelineProvider.create(RatisPipelineProvider.java:127)
	at org.apache.hadoop.hdds.scm.pipeline.PipelineFactory.create(PipelineFactory.java:58)
	at org.apache.hadoop.hdds.scm.pipeline.SCMPipelineManager.createPipeline(SCMPipelineManager.java:183)
	at org.apache.hadoop.hdds.scm.pipeline.BackgroundPipelineCreator.createPipelines(BackgroundPipelineCreator.java:100)
	at java.util.concurrent.Executors$RunnableAdapter.call(Executors.java:511)
	at java.util.concurrent.FutureTask.run(FutureTask.java:266)
	at java.util.concurrent.ScheduledThreadPoolExecutor$ScheduledFutureTask.access$201(ScheduledThreadPoolExecutor.java:180)
	at java.util.concurrent.ScheduledThreadPoolExecutor$ScheduledFutureTask.run(ScheduledThreadPoolExecutor.java:293)
	at java.util.concurrent.ThreadPoolExecutor.runWorker(ThreadPoolExecutor.java:1149)
	at java.util.concurrent.ThreadPoolExecutor$Worker.run(ThreadPoolExecutor.java:624)
	at java.lang.Thread.run(Thread.java:748)
2019-10-09 13:03:45,741 [grpc-default-executor-1] INFO  impl.RaftServerProxy (RaftServerProxy.java:addNew(89)) - f0cb1a3f-6ac7-4eb8-9514-6a797ff8471f: addNew group-6247FF3E413E:[4f75c367-51e4-41c9-9287-4e8dd97f5c38:192.168.5.175:40325, 3eeab9a4-47d5-4980-9c6e-5102901e869a:192.168.5.175:43254, f0cb1a3f-6ac7-4eb8-9514-6a797ff8471f:192.168.5.175:39769] returns group-6247FF3E413E:java.util.concurrent.CompletableFuture@266edae7[Not completed]
2019-10-09 13:03:45,744 [grpc-default-executor-1] INFO  impl.RaftServerProxy (RaftServerProxy.java:addNew(89)) - 4f75c367-51e4-41c9-9287-4e8dd97f5c38: addNew group-6247FF3E413E:[4f75c367-51e4-41c9-9287-4e8dd97f5c38:192.168.5.175:40325, 3eeab9a4-47d5-4980-9c6e-5102901e869a:192.168.5.175:43254, f0cb1a3f-6ac7-4eb8-9514-6a797ff8471f:192.168.5.175:39769] returns group-6247FF3E413E:java.util.concurrent.CompletableFuture@22515af2[Not completed]
2019-10-09 13:03:45,744 [pool-27-thread-1] INFO  impl.RaftServerImpl (RaftServerImpl.java:<init>(95)) - f0cb1a3f-6ac7-4eb8-9514-6a797ff8471f: new RaftServerImpl for group-6247FF3E413E:[4f75c367-51e4-41c9-9287-4e8dd97f5c38:192.168.5.175:40325, 3eeab9a4-47d5-4980-9c6e-5102901e869a:192.168.5.175:43254, f0cb1a3f-6ac7-4eb8-9514-6a797ff8471f:192.168.5.175:39769] with ContainerStateMachine:uninitialized
2019-10-09 13:03:45,745 [pool-27-thread-1] INFO  server.RaftServerConfigKeys (ConfUtils.java:logGet(43)) - raft.server.rpc.timeout.min = 5s (custom)
2019-10-09 13:03:45,745 [pool-27-thread-1] INFO  server.RaftServerConfigKeys (ConfUtils.java:logGet(43)) - raft.server.rpc.timeout.max = 5200ms (custom)
2019-10-09 13:03:45,745 [pool-27-thread-1] INFO  server.RaftServerConfigKeys (ConfUtils.java:logGet(43)) - raft.server.rpcslowness.timeout = 120s (custom)
2019-10-09 13:03:45,745 [pool-27-thread-1] INFO  server.RaftServerConfigKeys (ConfUtils.java:logGet(43)) - raft.server.sleep.deviation.threshold = 300 (default)
2019-10-09 13:03:45,745 [pool-27-thread-1] INFO  server.RaftServerConfigKeys (ConfUtils.java:logGet(43)) - raft.server.log.appender.install.snapshot.enabled = false (custom)
2019-10-09 13:03:45,745 [pool-27-thread-1] INFO  impl.RaftServerImpl (ServerState.java:<init>(103)) - f0cb1a3f-6ac7-4eb8-9514-6a797ff8471f@group-6247FF3E413E: ConfigurationManager, init=-1: [4f75c367-51e4-41c9-9287-4e8dd97f5c38:192.168.5.175:40325, 3eeab9a4-47d5-4980-9c6e-5102901e869a:192.168.5.175:43254, f0cb1a3f-6ac7-4eb8-9514-6a797ff8471f:192.168.5.175:39769], old=null, confs=<EMPTY_MAP>
2019-10-09 13:03:45,746 [pool-27-thread-1] INFO  server.RaftServerConfigKeys (ConfUtils.java:logGet(43)) - raft.server.storage.dir = [/workdir/hadoop-ozone/integration-test/target/test-dir/MiniOzoneClusterImpl-92c4d179-1d16-4416-8bce-4538b25b782c/datanode-0/data/ratis] (custom)
2019-10-09 13:03:45,746 [pool-27-thread-1] INFO  storage.RaftStorageDirectory (RaftStorageDirectory.java:analyzeStorage(246)) - The storage directory /workdir/hadoop-ozone/integration-test/target/test-dir/MiniOzoneClusterImpl-92c4d179-1d16-4416-8bce-4538b25b782c/datanode-0/data/ratis/b78709e8-1a0a-42c2-b8a0-6247ff3e413e does not exist. Creating ...
2019-10-09 13:03:45,746 [pool-47-thread-1] INFO  impl.RaftServerImpl (RaftServerImpl.java:<init>(95)) - 4f75c367-51e4-41c9-9287-4e8dd97f5c38: new RaftServerImpl for group-6247FF3E413E:[4f75c367-51e4-41c9-9287-4e8dd97f5c38:192.168.5.175:40325, 3eeab9a4-47d5-4980-9c6e-5102901e869a:192.168.5.175:43254, f0cb1a3f-6ac7-4eb8-9514-6a797ff8471f:192.168.5.175:39769] with ContainerStateMachine:uninitialized
2019-10-09 13:03:45,747 [pool-47-thread-1] INFO  server.RaftServerConfigKeys (ConfUtils.java:logGet(43)) - raft.server.rpc.timeout.min = 5s (custom)
2019-10-09 13:03:45,748 [pool-47-thread-1] INFO  server.RaftServerConfigKeys (ConfUtils.java:logGet(43)) - raft.server.rpc.timeout.max = 5200ms (custom)
2019-10-09 13:03:45,749 [pool-47-thread-1] INFO  server.RaftServerConfigKeys (ConfUtils.java:logGet(43)) - raft.server.rpcslowness.timeout = 120s (custom)
2019-10-09 13:03:45,749 [pool-47-thread-1] INFO  server.RaftServerConfigKeys (ConfUtils.java:logGet(43)) - raft.server.sleep.deviation.threshold = 300 (default)
2019-10-09 13:03:45,749 [grpc-default-executor-1] INFO  impl.RaftServerProxy (RaftServerProxy.java:addNew(89)) - 3eeab9a4-47d5-4980-9c6e-5102901e869a: addNew group-6247FF3E413E:[4f75c367-51e4-41c9-9287-4e8dd97f5c38:192.168.5.175:40325, 3eeab9a4-47d5-4980-9c6e-5102901e869a:192.168.5.175:43254, f0cb1a3f-6ac7-4eb8-9514-6a797ff8471f:192.168.5.175:39769] returns group-6247FF3E413E:java.util.concurrent.CompletableFuture@697d895[Not completed]
2019-10-09 13:03:45,749 [pool-47-thread-1] INFO  server.RaftServerConfigKeys (ConfUtils.java:logGet(43)) - raft.server.log.appender.install.snapshot.enabled = false (custom)
2019-10-09 13:03:45,749 [pool-47-thread-1] INFO  impl.RaftServerImpl (ServerState.java:<init>(103)) - 4f75c367-51e4-41c9-9287-4e8dd97f5c38@group-6247FF3E413E: ConfigurationManager, init=-1: [4f75c367-51e4-41c9-9287-4e8dd97f5c38:192.168.5.175:40325, 3eeab9a4-47d5-4980-9c6e-5102901e869a:192.168.5.175:43254, f0cb1a3f-6ac7-4eb8-9514-6a797ff8471f:192.168.5.175:39769], old=null, confs=<EMPTY_MAP>
2019-10-09 13:03:45,750 [pool-47-thread-1] INFO  server.RaftServerConfigKeys (ConfUtils.java:logGet(43)) - raft.server.storage.dir = [/workdir/hadoop-ozone/integration-test/target/test-dir/MiniOzoneClusterImpl-92c4d179-1d16-4416-8bce-4538b25b782c/datanode-2/data/ratis] (custom)
2019-10-09 13:03:45,750 [pool-47-thread-1] INFO  storage.RaftStorageDirectory (RaftStorageDirectory.java:analyzeStorage(246)) - The storage directory /workdir/hadoop-ozone/integration-test/target/test-dir/MiniOzoneClusterImpl-92c4d179-1d16-4416-8bce-4538b25b782c/datanode-2/data/ratis/b78709e8-1a0a-42c2-b8a0-6247ff3e413e does not exist. Creating ...
2019-10-09 13:03:45,751 [pool-67-thread-1] INFO  impl.RaftServerImpl (RaftServerImpl.java:<init>(95)) - 3eeab9a4-47d5-4980-9c6e-5102901e869a: new RaftServerImpl for group-6247FF3E413E:[4f75c367-51e4-41c9-9287-4e8dd97f5c38:192.168.5.175:40325, 3eeab9a4-47d5-4980-9c6e-5102901e869a:192.168.5.175:43254, f0cb1a3f-6ac7-4eb8-9514-6a797ff8471f:192.168.5.175:39769] with ContainerStateMachine:uninitialized
2019-10-09 13:03:45,751 [pool-67-thread-1] INFO  server.RaftServerConfigKeys (ConfUtils.java:logGet(43)) - raft.server.rpc.timeout.min = 5s (custom)
2019-10-09 13:03:45,751 [pool-67-thread-1] INFO  server.RaftServerConfigKeys (ConfUtils.java:logGet(43)) - raft.server.rpc.timeout.max = 5200ms (custom)
2019-10-09 13:03:45,751 [pool-67-thread-1] INFO  server.RaftServerConfigKeys (ConfUtils.java:logGet(43)) - raft.server.rpcslowness.timeout = 120s (custom)
2019-10-09 13:03:45,751 [pool-67-thread-1] INFO  server.RaftServerConfigKeys (ConfUtils.java:logGet(43)) - raft.server.sleep.deviation.threshold = 300 (default)
2019-10-09 13:03:45,752 [pool-67-thread-1] INFO  server.RaftServerConfigKeys (ConfUtils.java:logGet(43)) - raft.server.log.appender.install.snapshot.enabled = false (custom)
2019-10-09 13:03:45,752 [pool-67-thread-1] INFO  impl.RaftServerImpl (ServerState.java:<init>(103)) - 3eeab9a4-47d5-4980-9c6e-5102901e869a@group-6247FF3E413E: ConfigurationManager, init=-1: [4f75c367-51e4-41c9-9287-4e8dd97f5c38:192.168.5.175:40325, 3eeab9a4-47d5-4980-9c6e-5102901e869a:192.168.5.175:43254, f0cb1a3f-6ac7-4eb8-9514-6a797ff8471f:192.168.5.175:39769], old=null, confs=<EMPTY_MAP>
2019-10-09 13:03:45,752 [pool-67-thread-1] INFO  server.RaftServerConfigKeys (ConfUtils.java:logGet(43)) - raft.server.storage.dir = [/workdir/hadoop-ozone/integration-test/target/test-dir/MiniOzoneClusterImpl-92c4d179-1d16-4416-8bce-4538b25b782c/datanode-4/data/ratis] (custom)
2019-10-09 13:03:45,752 [pool-67-thread-1] INFO  storage.RaftStorageDirectory (RaftStorageDirectory.java:analyzeStorage(246)) - The storage directory /workdir/hadoop-ozone/integration-test/target/test-dir/MiniOzoneClusterImpl-92c4d179-1d16-4416-8bce-4538b25b782c/datanode-4/data/ratis/b78709e8-1a0a-42c2-b8a0-6247ff3e413e does not exist. Creating ...
2019-10-09 13:03:45,768 [pool-47-thread-1] INFO  storage.RaftStorageDirectory (RaftStorageDirectory.java:tryLock(328)) - Lock on /workdir/hadoop-ozone/integration-test/target/test-dir/MiniOzoneClusterImpl-92c4d179-1d16-4416-8bce-4538b25b782c/datanode-2/data/ratis/b78709e8-1a0a-42c2-b8a0-6247ff3e413e/in_use.lock acquired by nodename 6401@pr-hdds-1569-mfl88-1504498049
2019-10-09 13:03:45,768 [pool-67-thread-1] INFO  storage.RaftStorageDirectory (RaftStorageDirectory.java:tryLock(328)) - Lock on /workdir/hadoop-ozone/integration-test/target/test-dir/MiniOzoneClusterImpl-92c4d179-1d16-4416-8bce-4538b25b782c/datanode-4/data/ratis/b78709e8-1a0a-42c2-b8a0-6247ff3e413e/in_use.lock acquired by nodename 6401@pr-hdds-1569-mfl88-1504498049
2019-10-09 13:03:45,768 [pool-27-thread-1] INFO  storage.RaftStorageDirectory (RaftStorageDirectory.java:tryLock(328)) - Lock on /workdir/hadoop-ozone/integration-test/target/test-dir/MiniOzoneClusterImpl-92c4d179-1d16-4416-8bce-4538b25b782c/datanode-0/data/ratis/b78709e8-1a0a-42c2-b8a0-6247ff3e413e/in_use.lock acquired by nodename 6401@pr-hdds-1569-mfl88-1504498049
2019-10-09 13:03:45,782 [pool-27-thread-1] INFO  storage.RaftStorage (RaftStorage.java:format(72)) - Storage directory /workdir/hadoop-ozone/integration-test/target/test-dir/MiniOzoneClusterImpl-92c4d179-1d16-4416-8bce-4538b25b782c/datanode-0/data/ratis/b78709e8-1a0a-42c2-b8a0-6247ff3e413e has been successfully formatted.
2019-10-09 13:03:45,782 [pool-47-thread-1] INFO  storage.RaftStorage (RaftStorage.java:format(72)) - Storage directory /workdir/hadoop-ozone/integration-test/target/test-dir/MiniOzoneClusterImpl-92c4d179-1d16-4416-8bce-4538b25b782c/datanode-2/data/ratis/b78709e8-1a0a-42c2-b8a0-6247ff3e413e has been successfully formatted.
2019-10-09 13:03:45,782 [pool-67-thread-1] INFO  storage.RaftStorage (RaftStorage.java:format(72)) - Storage directory /workdir/hadoop-ozone/integration-test/target/test-dir/MiniOzoneClusterImpl-92c4d179-1d16-4416-8bce-4538b25b782c/datanode-4/data/ratis/b78709e8-1a0a-42c2-b8a0-6247ff3e413e has been successfully formatted.
2019-10-09 13:03:45,783 [pool-27-thread-1] INFO  ratis.ContainerStateMachine (ContainerStateMachine.java:loadSnapshot(230)) - group-6247FF3E413E: The snapshot info is null. Setting the last applied indexto:(t:0, i:~)
2019-10-09 13:03:45,783 [pool-47-thread-1] INFO  ratis.ContainerStateMachine (ContainerStateMachine.java:loadSnapshot(230)) - group-6247FF3E413E: The snapshot info is null. Setting the last applied indexto:(t:0, i:~)
2019-10-09 13:03:45,783 [pool-27-thread-1] INFO  server.RaftServerConfigKeys (ConfUtils.java:logGet(43)) - raft.server.notification.no-leader.timeout = 120s (custom)
2019-10-09 13:03:45,783 [pool-67-thread-1] INFO  ratis.ContainerStateMachine (ContainerStateMachine.java:loadSnapshot(230)) - group-6247FF3E413E: The snapshot info is null. Setting the last applied indexto:(t:0, i:~)
2019-10-09 13:03:45,783 [pool-27-thread-1] INFO  server.RaftServerConfigKeys (ConfUtils.java:logGet(43)) - raft.server.log.use.memory = false (default)
2019-10-09 13:03:45,783 [pool-47-thread-1] INFO  server.RaftServerConfigKeys (ConfUtils.java:logGet(43)) - raft.server.notification.no-leader.timeout = 120s (custom)
2019-10-09 13:03:45,783 [pool-27-thread-1] INFO  server.RaftServerConfigKeys (ConfUtils.java:logGet(43)) - raft.server.log.purge.gap = 1000000 (custom)
2019-10-09 13:03:45,783 [pool-67-thread-1] INFO  server.RaftServerConfigKeys (ConfUtils.java:logGet(43)) - raft.server.notification.no-leader.timeout = 120s (custom)
2019-10-09 13:03:45,784 [pool-27-thread-1] INFO  server.RaftServerConfigKeys (ConfUtils.java:logGet(43)) - raft.server.log.appender.buffer.byte-limit = 33554432 (custom)
2019-10-09 13:03:45,783 [pool-47-thread-1] INFO  server.RaftServerConfigKeys (ConfUtils.java:logGet(43)) - raft.server.log.use.memory = false (default)
2019-10-09 13:03:45,784 [pool-27-thread-1] INFO  server.RaftServerConfigKeys (ConfUtils.java:logGet(43)) - raft.server.log.segment.size.max = 1048576 (custom)
2019-10-09 13:03:45,784 [pool-67-thread-1] INFO  server.RaftServerConfigKeys (ConfUtils.java:logGet(43)) - raft.server.log.use.memory = false (default)
2019-10-09 13:03:45,784 [pool-27-thread-1] INFO  server.RaftServerConfigKeys (ConfUtils.java:logGet(43)) - raft.server.log.segment.cache.num.max = 2 (custom)
2019-10-09 13:03:45,784 [pool-47-thread-1] INFO  server.RaftServerConfigKeys (ConfUtils.java:logGet(43)) - raft.server.log.purge.gap = 1000000 (custom)
2019-10-09 13:03:45,784 [pool-27-thread-1] INFO  segmented.SegmentedRaftLogWorker (SegmentedRaftLogWorker.java:<init>(172)) - new f0cb1a3f-6ac7-4eb8-9514-6a797ff8471f@group-6247FF3E413E-SegmentedRaftLogWorker for RaftStorage:Storage Directory /workdir/hadoop-ozone/integration-test/target/test-dir/MiniOzoneClusterImpl-92c4d179-1d16-4416-8bce-4538b25b782c/datanode-0/data/ratis/b78709e8-1a0a-42c2-b8a0-6247ff3e413e
2019-10-09 13:03:45,784 [pool-67-thread-1] INFO  server.RaftServerConfigKeys (ConfUtils.java:logGet(43)) - raft.server.log.purge.gap = 1000000 (custom)
2019-10-09 13:03:45,785 [pool-27-thread-1] INFO  server.RaftServerConfigKeys (ConfUtils.java:logGet(43)) - raft.server.log.queue.byte-limit = 2147483647 (custom)
2019-10-09 13:03:45,784 [pool-47-thread-1] INFO  server.RaftServerConfigKeys (ConfUtils.java:logGet(43)) - raft.server.log.appender.buffer.byte-limit = 33554432 (custom)
2019-10-09 13:03:45,785 [pool-27-thread-1] INFO  server.RaftServerConfigKeys (ConfUtils.java:logGet(43)) - raft.server.log.queue.element-limit = 1024 (custom)
2019-10-09 13:03:45,785 [pool-67-thread-1] INFO  server.RaftServerConfigKeys (ConfUtils.java:logGet(43)) - raft.server.log.appender.buffer.byte-limit = 33554432 (custom)
2019-10-09 13:03:45,785 [pool-27-thread-1] INFO  server.RaftServerConfigKeys (ConfUtils.java:logGet(43)) - raft.server.log.segment.size.max = 1048576 (custom)
2019-10-09 13:03:45,785 [pool-47-thread-1] INFO  server.RaftServerConfigKeys (ConfUtils.java:logGet(43)) - raft.server.log.segment.size.max = 1048576 (custom)
2019-10-09 13:03:45,785 [pool-27-thread-1] INFO  server.RaftServerConfigKeys (ConfUtils.java:logGet(43)) - raft.server.log.preallocated.size = 16384 (custom)
2019-10-09 13:03:45,785 [pool-67-thread-1] INFO  server.RaftServerConfigKeys (ConfUtils.java:logGet(43)) - raft.server.log.segment.size.max = 1048576 (custom)
2019-10-09 13:03:45,786 [pool-27-thread-1] INFO  server.RaftServerConfigKeys (ConfUtils.java:logGet(43)) - raft.server.log.write.buffer.size = 33554432 (custom)
2019-10-09 13:03:45,786 [pool-47-thread-1] INFO  server.RaftServerConfigKeys (ConfUtils.java:logGet(43)) - raft.server.log.segment.cache.num.max = 2 (custom)
2019-10-09 13:03:45,786 [pool-27-thread-1] INFO  server.RaftServerConfigKeys (ConfUtils.java:logGet(43)) - raft.server.log.force.sync.num = 128 (default)
2019-10-09 13:03:45,786 [pool-67-thread-1] INFO  server.RaftServerConfigKeys (ConfUtils.java:logGet(43)) - raft.server.log.segment.cache.num.max = 2 (custom)
2019-10-09 13:03:45,786 [pool-27-thread-1] INFO  server.RaftServerConfigKeys (ConfUtils.java:logGet(43)) - raft.server.log.statemachine.data.sync = true (default)
2019-10-09 13:03:45,786 [pool-47-thread-1] INFO  segmented.SegmentedRaftLogWorker (SegmentedRaftLogWorker.java:<init>(172)) - new 4f75c367-51e4-41c9-9287-4e8dd97f5c38@group-6247FF3E413E-SegmentedRaftLogWorker for RaftStorage:Storage Directory /workdir/hadoop-ozone/integration-test/target/test-dir/MiniOzoneClusterImpl-92c4d179-1d16-4416-8bce-4538b25b782c/datanode-2/data/ratis/b78709e8-1a0a-42c2-b8a0-6247ff3e413e
2019-10-09 13:03:45,786 [pool-27-thread-1] INFO  server.RaftServerConfigKeys (ConfUtils.java:logGet(43)) - raft.server.log.statemachine.data.sync.timeout = 10s (default)
2019-10-09 13:03:45,786 [pool-67-thread-1] INFO  segmented.SegmentedRaftLogWorker (SegmentedRaftLogWorker.java:<init>(172)) - new 3eeab9a4-47d5-4980-9c6e-5102901e869a@group-6247FF3E413E-SegmentedRaftLogWorker for RaftStorage:Storage Directory /workdir/hadoop-ozone/integration-test/target/test-dir/MiniOzoneClusterImpl-92c4d179-1d16-4416-8bce-4538b25b782c/datanode-4/data/ratis/b78709e8-1a0a-42c2-b8a0-6247ff3e413e
2019-10-09 13:03:45,787 [pool-27-thread-1] INFO  server.RaftServerConfigKeys (ConfUtils.java:logGet(43)) - raft.server.log.statemachine.data.sync.timeout.retry = -1 (default)
2019-10-09 13:03:45,787 [pool-47-thread-1] INFO  server.RaftServerConfigKeys (ConfUtils.java:logGet(43)) - raft.server.log.queue.byte-limit = 2147483647 (custom)
2019-10-09 13:03:45,787 [pool-27-thread-1] INFO  server.RaftServerConfigKeys (ConfUtils.java:logGet(43)) - raft.server.log.statemachine.data.caching.enabled = true (custom)
2019-10-09 13:03:45,787 [pool-67-thread-1] INFO  server.RaftServerConfigKeys (ConfUtils.java:logGet(43)) - raft.server.log.queue.byte-limit = 2147483647 (custom)
2019-10-09 13:03:45,787 [pool-47-thread-1] INFO  server.RaftServerConfigKeys (ConfUtils.java:logGet(43)) - raft.server.log.queue.element-limit = 1024 (custom)
2019-10-09 13:03:45,787 [pool-27-thread-1] INFO  segmented.SegmentedRaftLogWorker (SegmentedRaftLogWorker.java:lambda$new$0(132)) - f0cb1a3f-6ac7-4eb8-9514-6a797ff8471f@group-6247FF3E413E-SegmentedRaftLogWorker: flushIndex: setUnconditionally 0 -> -1
2019-10-09 13:03:45,787 [pool-67-thread-1] INFO  server.RaftServerConfigKeys (ConfUtils.java:logGet(43)) - raft.server.log.queue.element-limit = 1024 (custom)
2019-10-09 13:03:45,788 [pool-47-thread-1] INFO  server.RaftServerConfigKeys (ConfUtils.java:logGet(43)) - raft.server.log.segment.size.max = 1048576 (custom)
2019-10-09 13:03:45,788 [pool-67-thread-1] INFO  server.RaftServerConfigKeys (ConfUtils.java:logGet(43)) - raft.server.log.segment.size.max = 1048576 (custom)
2019-10-09 13:03:45,788 [pool-27-thread-1] INFO  server.RaftServerConfigKeys (ConfUtils.java:logGet(43)) - raft.server.snapshot.auto.trigger.enabled = true (custom)
2019-10-09 13:03:45,788 [pool-67-thread-1] INFO  server.RaftServerConfigKeys (ConfUtils.java:logGet(43)) - raft.server.log.preallocated.size = 16384 (custom)
2019-10-09 13:03:45,788 [pool-67-thread-1] INFO  server.RaftServerConfigKeys (ConfUtils.java:logGet(43)) - raft.server.log.write.buffer.size = 33554432 (custom)
2019-10-09 13:03:45,788 [pool-47-thread-1] INFO  server.RaftServerConfigKeys (ConfUtils.java:logGet(43)) - raft.server.log.preallocated.size = 16384 (custom)
2019-10-09 13:03:45,789 [pool-67-thread-1] INFO  server.RaftServerConfigKeys (ConfUtils.java:logGet(43)) - raft.server.log.force.sync.num = 128 (default)
2019-10-09 13:03:45,788 [pool-27-thread-1] INFO  server.RaftServerConfigKeys (ConfUtils.java:logGet(43)) - raft.server.snapshot.auto.trigger.threshold = 10000 (custom)
2019-10-09 13:03:45,789 [pool-67-thread-1] INFO  server.RaftServerConfigKeys (ConfUtils.java:logGet(43)) - raft.server.log.statemachine.data.sync = true (default)
2019-10-09 13:03:45,789 [pool-47-thread-1] INFO  server.RaftServerConfigKeys (ConfUtils.java:logGet(43)) - raft.server.log.write.buffer.size = 33554432 (custom)
2019-10-09 13:03:45,789 [pool-67-thread-1] INFO  server.RaftServerConfigKeys (ConfUtils.java:logGet(43)) - raft.server.log.statemachine.data.sync.timeout = 10s (default)
2019-10-09 13:03:45,789 [pool-27-thread-1] INFO  server.RaftServerConfigKeys (ConfUtils.java:logGet(43)) - raft.server.snapshot.retention.num.files = 5 (custom)
2019-10-09 13:03:45,789 [pool-67-thread-1] INFO  server.RaftServerConfigKeys (ConfUtils.java:logGet(43)) - raft.server.log.statemachine.data.sync.timeout.retry = -1 (default)
2019-10-09 13:03:45,789 [pool-47-thread-1] INFO  server.RaftServerConfigKeys (ConfUtils.java:logGet(43)) - raft.server.log.force.sync.num = 128 (default)
2019-10-09 13:03:45,790 [pool-67-thread-1] INFO  server.RaftServerConfigKeys (ConfUtils.java:logGet(43)) - raft.server.log.statemachine.data.caching.enabled = true (custom)
2019-10-09 13:03:45,790 [pool-27-thread-1] INFO  server.RaftServerConfigKeys (ConfUtils.java:logGet(43)) - raft.server.retrycache.expirytime = 600000ms (custom)
2019-10-09 13:03:45,790 [pool-47-thread-1] INFO  server.RaftServerConfigKeys (ConfUtils.java:logGet(43)) - raft.server.log.statemachine.data.sync = true (default)
2019-10-09 13:03:45,790 [pool-67-thread-1] INFO  segmented.SegmentedRaftLogWorker (SegmentedRaftLogWorker.java:lambda$new$0(132)) - 3eeab9a4-47d5-4980-9c6e-5102901e869a@group-6247FF3E413E-SegmentedRaftLogWorker: flushIndex: setUnconditionally 0 -> -1
2019-10-09 13:03:45,790 [pool-47-thread-1] INFO  server.RaftServerConfigKeys (ConfUtils.java:logGet(43)) - raft.server.log.statemachine.data.sync.timeout = 10s (default)
2019-10-09 13:03:45,791 [pool-67-thread-1] INFO  server.RaftServerConfigKeys (ConfUtils.java:logGet(43)) - raft.server.snapshot.auto.trigger.enabled = true (custom)
2019-10-09 13:03:45,791 [pool-47-thread-1] INFO  server.RaftServerConfigKeys (ConfUtils.java:logGet(43)) - raft.server.log.statemachine.data.sync.timeout.retry = -1 (default)
2019-10-09 13:03:45,791 [pool-67-thread-1] INFO  server.RaftServerConfigKeys (ConfUtils.java:logGet(43)) - raft.server.snapshot.auto.trigger.threshold = 10000 (custom)
2019-10-09 13:03:45,791 [pool-47-thread-1] INFO  server.RaftServerConfigKeys (ConfUtils.java:logGet(43)) - raft.server.log.statemachine.data.caching.enabled = true (custom)
2019-10-09 13:03:45,791 [pool-67-thread-1] INFO  server.RaftServerConfigKeys (ConfUtils.java:logGet(43)) - raft.server.snapshot.retention.num.files = 5 (custom)
2019-10-09 13:03:45,792 [pool-67-thread-1] INFO  server.RaftServerConfigKeys (ConfUtils.java:logGet(43)) - raft.server.retrycache.expirytime = 600000ms (custom)
2019-10-09 13:03:45,792 [pool-47-thread-1] INFO  segmented.SegmentedRaftLogWorker (SegmentedRaftLogWorker.java:lambda$new$0(132)) - 4f75c367-51e4-41c9-9287-4e8dd97f5c38@group-6247FF3E413E-SegmentedRaftLogWorker: flushIndex: setUnconditionally 0 -> -1
2019-10-09 13:03:45,792 [pool-47-thread-1] INFO  server.RaftServerConfigKeys (ConfUtils.java:logGet(43)) - raft.server.snapshot.auto.trigger.enabled = true (custom)
2019-10-09 13:03:45,793 [pool-47-thread-1] INFO  server.RaftServerConfigKeys (ConfUtils.java:logGet(43)) - raft.server.snapshot.auto.trigger.threshold = 10000 (custom)
2019-10-09 13:03:45,793 [pool-47-thread-1] INFO  server.RaftServerConfigKeys (ConfUtils.java:logGet(43)) - raft.server.snapshot.retention.num.files = 5 (custom)
2019-10-09 13:03:45,793 [pool-47-thread-1] INFO  server.RaftServerConfigKeys (ConfUtils.java:logGet(43)) - raft.server.retrycache.expirytime = 600000ms (custom)
2019-10-09 13:03:45,794 [pool-27-thread-1] INFO  impl.RaftServerImpl (RaftServerImpl.java:start(185)) - f0cb1a3f-6ac7-4eb8-9514-6a797ff8471f@group-6247FF3E413E: start as a follower, conf=-1: [4f75c367-51e4-41c9-9287-4e8dd97f5c38:192.168.5.175:40325, 3eeab9a4-47d5-4980-9c6e-5102901e869a:192.168.5.175:43254, f0cb1a3f-6ac7-4eb8-9514-6a797ff8471f:192.168.5.175:39769], old=null
2019-10-09 13:03:45,794 [pool-27-thread-1] INFO  impl.RaftServerImpl (RaftServerImpl.java:setRole(174)) - f0cb1a3f-6ac7-4eb8-9514-6a797ff8471f@group-6247FF3E413E: changes role from      null to FOLLOWER at term 0 for startAsFollower
2019-10-09 13:03:45,795 [pool-27-thread-1] INFO  impl.RoleInfo (RoleInfo.java:updateAndGet(143)) - f0cb1a3f-6ac7-4eb8-9514-6a797ff8471f: start FollowerState
2019-10-09 13:03:45,795 [pool-27-thread-1] INFO  util.JmxRegister (JmxRegister.java:tryRegister(44)) - Successfully registered JMX Bean with object name Ratis:service=RaftServer,group=group-6247FF3E413E,id=f0cb1a3f-6ac7-4eb8-9514-6a797ff8471f
2019-10-09 13:03:45,796 [pool-67-thread-1] INFO  impl.RaftServerImpl (RaftServerImpl.java:start(185)) - 3eeab9a4-47d5-4980-9c6e-5102901e869a@group-6247FF3E413E: start as a follower, conf=-1: [4f75c367-51e4-41c9-9287-4e8dd97f5c38:192.168.5.175:40325, 3eeab9a4-47d5-4980-9c6e-5102901e869a:192.168.5.175:43254, f0cb1a3f-6ac7-4eb8-9514-6a797ff8471f:192.168.5.175:39769], old=null
2019-10-09 13:03:45,796 [pool-67-thread-1] INFO  impl.RaftServerImpl (RaftServerImpl.java:setRole(174)) - 3eeab9a4-47d5-4980-9c6e-5102901e869a@group-6247FF3E413E: changes role from      null to FOLLOWER at term 0 for startAsFollower
2019-10-09 13:03:45,796 [pool-67-thread-1] INFO  impl.RoleInfo (RoleInfo.java:updateAndGet(143)) - 3eeab9a4-47d5-4980-9c6e-5102901e869a: start FollowerState
2019-10-09 13:03:45,796 [pool-67-thread-1] INFO  util.JmxRegister (JmxRegister.java:tryRegister(44)) - Successfully registered JMX Bean with object name Ratis:service=RaftServer,group=group-6247FF3E413E,id=3eeab9a4-47d5-4980-9c6e-5102901e869a
2019-10-09 13:03:45,801 [pool-47-thread-1] INFO  impl.RaftServerImpl (RaftServerImpl.java:start(185)) - 4f75c367-51e4-41c9-9287-4e8dd97f5c38@group-6247FF3E413E: start as a follower, conf=-1: [4f75c367-51e4-41c9-9287-4e8dd97f5c38:192.168.5.175:40325, 3eeab9a4-47d5-4980-9c6e-5102901e869a:192.168.5.175:43254, f0cb1a3f-6ac7-4eb8-9514-6a797ff8471f:192.168.5.175:39769], old=null
2019-10-09 13:03:45,801 [pool-47-thread-1] INFO  impl.RaftServerImpl (RaftServerImpl.java:setRole(174)) - 4f75c367-51e4-41c9-9287-4e8dd97f5c38@group-6247FF3E413E: changes role from      null to FOLLOWER at term 0 for startAsFollower
2019-10-09 13:03:45,801 [pool-47-thread-1] INFO  impl.RoleInfo (RoleInfo.java:updateAndGet(143)) - 4f75c367-51e4-41c9-9287-4e8dd97f5c38: start FollowerState
2019-10-09 13:03:45,804 [pool-47-thread-1] INFO  util.JmxRegister (JmxRegister.java:tryRegister(44)) - Successfully registered JMX Bean with object name Ratis:service=RaftServer,group=group-6247FF3E413E,id=4f75c367-51e4-41c9-9287-4e8dd97f5c38
2019-10-09 13:03:45,826 [RatisPipelineUtilsThread] INFO  pipeline.PipelineStateManager (PipelineStateManager.java:addPipeline(56)) - Created pipeline Pipeline[ Id: b78709e8-1a0a-42c2-b8a0-6247ff3e413e, Nodes: 3eeab9a4-47d5-4980-9c6e-5102901e869a{ip: 192.168.5.175, host: pr-hdds-1569-mfl88-1504498049, networkLocation: /default-rack, certSerialId: null}f0cb1a3f-6ac7-4eb8-9514-6a797ff8471f{ip: 192.168.5.175, host: pr-hdds-1569-mfl88-1504498049, networkLocation: /default-rack, certSerialId: null}4f75c367-51e4-41c9-9287-4e8dd97f5c38{ip: 192.168.5.175, host: pr-hdds-1569-mfl88-1504498049, networkLocation: /default-rack, certSerialId: null}, Type:RATIS, Factor:THREE, State:OPEN]
2019-10-09 13:03:45,868 [grpc-default-executor-0] INFO  impl.RaftServerProxy (RaftServerProxy.java:addNew(89)) - 3eeab9a4-47d5-4980-9c6e-5102901e869a: addNew group-DDAC6CD64C05:[4f75c367-51e4-41c9-9287-4e8dd97f5c38:192.168.5.175:40325, 3eeab9a4-47d5-4980-9c6e-5102901e869a:192.168.5.175:43254, f0cb1a3f-6ac7-4eb8-9514-6a797ff8471f:192.168.5.175:39769] returns group-DDAC6CD64C05:java.util.concurrent.CompletableFuture@a26474d[Not completed]
2019-10-09 13:03:45,868 [grpc-default-executor-2] INFO  impl.RaftServerProxy (RaftServerProxy.java:addNew(89)) - f0cb1a3f-6ac7-4eb8-9514-6a797ff8471f: addNew group-DDAC6CD64C05:[4f75c367-51e4-41c9-9287-4e8dd97f5c38:192.168.5.175:40325, 3eeab9a4-47d5-4980-9c6e-5102901e869a:192.168.5.175:43254, f0cb1a3f-6ac7-4eb8-9514-6a797ff8471f:192.168.5.175:39769] returns group-DDAC6CD64C05:java.util.concurrent.CompletableFuture@7a23ada9[Not completed]
2019-10-09 13:03:45,868 [grpc-default-executor-1] INFO  impl.RaftServerProxy (RaftServerProxy.java:addNew(89)) - 4f75c367-51e4-41c9-9287-4e8dd97f5c38: addNew group-DDAC6CD64C05:[4f75c367-51e4-41c9-9287-4e8dd97f5c38:192.168.5.175:40325, 3eeab9a4-47d5-4980-9c6e-5102901e869a:192.168.5.175:43254, f0cb1a3f-6ac7-4eb8-9514-6a797ff8471f:192.168.5.175:39769] returns group-DDAC6CD64C05:java.util.concurrent.CompletableFuture@77c2f93[Not completed]
2019-10-09 13:03:45,871 [pool-27-thread-1] INFO  impl.RaftServerImpl (RaftServerImpl.java:<init>(95)) - f0cb1a3f-6ac7-4eb8-9514-6a797ff8471f: new RaftServerImpl for group-DDAC6CD64C05:[4f75c367-51e4-41c9-9287-4e8dd97f5c38:192.168.5.175:40325, 3eeab9a4-47d5-4980-9c6e-5102901e869a:192.168.5.175:43254, f0cb1a3f-6ac7-4eb8-9514-6a797ff8471f:192.168.5.175:39769] with ContainerStateMachine:uninitialized
2019-10-09 13:03:45,872 [pool-27-thread-1] INFO  server.RaftServerConfigKeys (ConfUtils.java:logGet(43)) - raft.server.rpc.timeout.min = 5s (custom)
2019-10-09 13:03:45,872 [pool-27-thread-1] INFO  server.RaftServerConfigKeys (ConfUtils.java:logGet(43)) - raft.server.rpc.timeout.max = 5200ms (custom)
2019-10-09 13:03:45,872 [pool-27-thread-1] INFO  server.RaftServerConfigKeys (ConfUtils.java:logGet(43)) - raft.server.rpcslowness.timeout = 120s (custom)
2019-10-09 13:03:45,872 [pool-27-thread-1] INFO  server.RaftServerConfigKeys (ConfUtils.java:logGet(43)) - raft.server.sleep.deviation.threshold = 300 (default)
2019-10-09 13:03:45,872 [pool-27-thread-1] INFO  server.RaftServerConfigKeys (ConfUtils.java:logGet(43)) - raft.server.log.appender.install.snapshot.enabled = false (custom)
2019-10-09 13:03:45,872 [pool-27-thread-1] INFO  impl.RaftServerImpl (ServerState.java:<init>(103)) - f0cb1a3f-6ac7-4eb8-9514-6a797ff8471f@group-DDAC6CD64C05: ConfigurationManager, init=-1: [4f75c367-51e4-41c9-9287-4e8dd97f5c38:192.168.5.175:40325, 3eeab9a4-47d5-4980-9c6e-5102901e869a:192.168.5.175:43254, f0cb1a3f-6ac7-4eb8-9514-6a797ff8471f:192.168.5.175:39769], old=null, confs=<EMPTY_MAP>
2019-10-09 13:03:45,872 [pool-27-thread-1] INFO  server.RaftServerConfigKeys (ConfUtils.java:logGet(43)) - raft.server.storage.dir = [/workdir/hadoop-ozone/integration-test/target/test-dir/MiniOzoneClusterImpl-92c4d179-1d16-4416-8bce-4538b25b782c/datanode-0/data/ratis] (custom)
2019-10-09 13:03:45,873 [pool-47-thread-1] INFO  impl.RaftServerImpl (RaftServerImpl.java:<init>(95)) - 4f75c367-51e4-41c9-9287-4e8dd97f5c38: new RaftServerImpl for group-DDAC6CD64C05:[4f75c367-51e4-41c9-9287-4e8dd97f5c38:192.168.5.175:40325, 3eeab9a4-47d5-4980-9c6e-5102901e869a:192.168.5.175:43254, f0cb1a3f-6ac7-4eb8-9514-6a797ff8471f:192.168.5.175:39769] with ContainerStateMachine:uninitialized
2019-10-09 13:03:45,873 [pool-47-thread-1] INFO  server.RaftServerConfigKeys (ConfUtils.java:logGet(43)) - raft.server.rpc.timeout.min = 5s (custom)
2019-10-09 13:03:45,873 [pool-27-thread-1] INFO  storage.RaftStorageDirectory (RaftStorageDirectory.java:analyzeStorage(246)) - The storage directory /workdir/hadoop-ozone/integration-test/target/test-dir/MiniOzoneClusterImpl-92c4d179-1d16-4416-8bce-4538b25b782c/datanode-0/data/ratis/600c02ec-5a9f-45c6-8688-ddac6cd64c05 does not exist. Creating ...
2019-10-09 13:03:45,873 [pool-47-thread-1] INFO  server.RaftServerConfigKeys (ConfUtils.java:logGet(43)) - raft.server.rpc.timeout.max = 5200ms (custom)
2019-10-09 13:03:45,874 [pool-47-thread-1] INFO  server.RaftServerConfigKeys (ConfUtils.java:logGet(43)) - raft.server.rpcslowness.timeout = 120s (custom)
2019-10-09 13:03:45,874 [pool-47-thread-1] INFO  server.RaftServerConfigKeys (ConfUtils.java:logGet(43)) - raft.server.sleep.deviation.threshold = 300 (default)
2019-10-09 13:03:45,874 [pool-47-thread-1] INFO  server.RaftServerConfigKeys (ConfUtils.java:logGet(43)) - raft.server.log.appender.install.snapshot.enabled = false (custom)
2019-10-09 13:03:45,874 [pool-67-thread-1] INFO  impl.RaftServerImpl (RaftServerImpl.java:<init>(95)) - 3eeab9a4-47d5-4980-9c6e-5102901e869a: new RaftServerImpl for group-DDAC6CD64C05:[4f75c367-51e4-41c9-9287-4e8dd97f5c38:192.168.5.175:40325, 3eeab9a4-47d5-4980-9c6e-5102901e869a:192.168.5.175:43254, f0cb1a3f-6ac7-4eb8-9514-6a797ff8471f:192.168.5.175:39769] with ContainerStateMachine:uninitialized
2019-10-09 13:03:45,874 [pool-47-thread-1] INFO  impl.RaftServerImpl (ServerState.java:<init>(103)) - 4f75c367-51e4-41c9-9287-4e8dd97f5c38@group-DDAC6CD64C05: ConfigurationManager, init=-1: [4f75c367-51e4-41c9-9287-4e8dd97f5c38:192.168.5.175:40325, 3eeab9a4-47d5-4980-9c6e-5102901e869a:192.168.5.175:43254, f0cb1a3f-6ac7-4eb8-9514-6a797ff8471f:192.168.5.175:39769], old=null, confs=<EMPTY_MAP>
2019-10-09 13:03:45,874 [pool-67-thread-1] INFO  server.RaftServerConfigKeys (ConfUtils.java:logGet(43)) - raft.server.rpc.timeout.min = 5s (custom)
2019-10-09 13:03:45,875 [pool-47-thread-1] INFO  server.RaftServerConfigKeys (ConfUtils.java:logGet(43)) - raft.server.storage.dir = [/workdir/hadoop-ozone/integration-test/target/test-dir/MiniOzoneClusterImpl-92c4d179-1d16-4416-8bce-4538b25b782c/datanode-2/data/ratis] (custom)
2019-10-09 13:03:45,875 [pool-67-thread-1] INFO  server.RaftServerConfigKeys (ConfUtils.java:logGet(43)) - raft.server.rpc.timeout.max = 5200ms (custom)
2019-10-09 13:03:45,875 [pool-67-thread-1] INFO  server.RaftServerConfigKeys (ConfUtils.java:logGet(43)) - raft.server.rpcslowness.timeout = 120s (custom)
2019-10-09 13:03:45,875 [pool-47-thread-1] INFO  storage.RaftStorageDirectory (RaftStorageDirectory.java:analyzeStorage(246)) - The storage directory /workdir/hadoop-ozone/integration-test/target/test-dir/MiniOzoneClusterImpl-92c4d179-1d16-4416-8bce-4538b25b782c/datanode-2/data/ratis/600c02ec-5a9f-45c6-8688-ddac6cd64c05 does not exist. Creating ...
2019-10-09 13:03:45,875 [pool-67-thread-1] INFO  server.RaftServerConfigKeys (ConfUtils.java:logGet(43)) - raft.server.sleep.deviation.threshold = 300 (default)
2019-10-09 13:03:45,875 [pool-67-thread-1] INFO  server.RaftServerConfigKeys (ConfUtils.java:logGet(43)) - raft.server.log.appender.install.snapshot.enabled = false (custom)
2019-10-09 13:03:45,876 [pool-67-thread-1] INFO  impl.RaftServerImpl (ServerState.java:<init>(103)) - 3eeab9a4-47d5-4980-9c6e-5102901e869a@group-DDAC6CD64C05: ConfigurationManager, init=-1: [4f75c367-51e4-41c9-9287-4e8dd97f5c38:192.168.5.175:40325, 3eeab9a4-47d5-4980-9c6e-5102901e869a:192.168.5.175:43254, f0cb1a3f-6ac7-4eb8-9514-6a797ff8471f:192.168.5.175:39769], old=null, confs=<EMPTY_MAP>
2019-10-09 13:03:45,876 [pool-67-thread-1] INFO  server.RaftServerConfigKeys (ConfUtils.java:logGet(43)) - raft.server.storage.dir = [/workdir/hadoop-ozone/integration-test/target/test-dir/MiniOzoneClusterImpl-92c4d179-1d16-4416-8bce-4538b25b782c/datanode-4/data/ratis] (custom)
2019-10-09 13:03:45,876 [pool-67-thread-1] INFO  storage.RaftStorageDirectory (RaftStorageDirectory.java:analyzeStorage(246)) - The storage directory /workdir/hadoop-ozone/integration-test/target/test-dir/MiniOzoneClusterImpl-92c4d179-1d16-4416-8bce-4538b25b782c/datanode-4/data/ratis/600c02ec-5a9f-45c6-8688-ddac6cd64c05 does not exist. Creating ...
2019-10-09 13:03:45,887 [pool-47-thread-1] INFO  storage.RaftStorageDirectory (RaftStorageDirectory.java:tryLock(328)) - Lock on /workdir/hadoop-ozone/integration-test/target/test-dir/MiniOzoneClusterImpl-92c4d179-1d16-4416-8bce-4538b25b782c/datanode-2/data/ratis/600c02ec-5a9f-45c6-8688-ddac6cd64c05/in_use.lock acquired by nodename 6401@pr-hdds-1569-mfl88-1504498049
2019-10-09 13:03:45,887 [pool-67-thread-1] INFO  storage.RaftStorageDirectory (RaftStorageDirectory.java:tryLock(328)) - Lock on /workdir/hadoop-ozone/integration-test/target/test-dir/MiniOzoneClusterImpl-92c4d179-1d16-4416-8bce-4538b25b782c/datanode-4/data/ratis/600c02ec-5a9f-45c6-8688-ddac6cd64c05/in_use.lock acquired by nodename 6401@pr-hdds-1569-mfl88-1504498049
2019-10-09 13:03:45,887 [pool-27-thread-1] INFO  storage.RaftStorageDirectory (RaftStorageDirectory.java:tryLock(328)) - Lock on /workdir/hadoop-ozone/integration-test/target/test-dir/MiniOzoneClusterImpl-92c4d179-1d16-4416-8bce-4538b25b782c/datanode-0/data/ratis/600c02ec-5a9f-45c6-8688-ddac6cd64c05/in_use.lock acquired by nodename 6401@pr-hdds-1569-mfl88-1504498049
2019-10-09 13:03:45,901 [pool-27-thread-1] INFO  storage.RaftStorage (RaftStorage.java:format(72)) - Storage directory /workdir/hadoop-ozone/integration-test/target/test-dir/MiniOzoneClusterImpl-92c4d179-1d16-4416-8bce-4538b25b782c/datanode-0/data/ratis/600c02ec-5a9f-45c6-8688-ddac6cd64c05 has been successfully formatted.
2019-10-09 13:03:45,901 [pool-47-thread-1] INFO  storage.RaftStorage (RaftStorage.java:format(72)) - Storage directory /workdir/hadoop-ozone/integration-test/target/test-dir/MiniOzoneClusterImpl-92c4d179-1d16-4416-8bce-4538b25b782c/datanode-2/data/ratis/600c02ec-5a9f-45c6-8688-ddac6cd64c05 has been successfully formatted.
2019-10-09 13:03:45,901 [pool-67-thread-1] INFO  storage.RaftStorage (RaftStorage.java:format(72)) - Storage directory /workdir/hadoop-ozone/integration-test/target/test-dir/MiniOzoneClusterImpl-92c4d179-1d16-4416-8bce-4538b25b782c/datanode-4/data/ratis/600c02ec-5a9f-45c6-8688-ddac6cd64c05 has been successfully formatted.
2019-10-09 13:03:45,902 [pool-47-thread-1] INFO  ratis.ContainerStateMachine (ContainerStateMachine.java:loadSnapshot(230)) - group-DDAC6CD64C05: The snapshot info is null. Setting the last applied indexto:(t:0, i:~)
2019-10-09 13:03:45,902 [pool-27-thread-1] INFO  ratis.ContainerStateMachine (ContainerStateMachine.java:loadSnapshot(230)) - group-DDAC6CD64C05: The snapshot info is null. Setting the last applied indexto:(t:0, i:~)
2019-10-09 13:03:45,902 [pool-67-thread-1] INFO  ratis.ContainerStateMachine (ContainerStateMachine.java:loadSnapshot(230)) - group-DDAC6CD64C05: The snapshot info is null. Setting the last applied indexto:(t:0, i:~)
2019-10-09 13:03:45,902 [pool-47-thread-1] INFO  server.RaftServerConfigKeys (ConfUtils.java:logGet(43)) - raft.server.notification.no-leader.timeout = 120s (custom)
2019-10-09 13:03:45,902 [pool-67-thread-1] INFO  server.RaftServerConfigKeys (ConfUtils.java:logGet(43)) - raft.server.notification.no-leader.timeout = 120s (custom)
2019-10-09 13:03:45,902 [pool-27-thread-1] INFO  server.RaftServerConfigKeys (ConfUtils.java:logGet(43)) - raft.server.notification.no-leader.timeout = 120s (custom)
2019-10-09 13:03:45,902 [pool-67-thread-1] INFO  server.RaftServerConfigKeys (ConfUtils.java:logGet(43)) - raft.server.log.use.memory = false (default)
2019-10-09 13:03:45,902 [pool-47-thread-1] INFO  server.RaftServerConfigKeys (ConfUtils.java:logGet(43)) - raft.server.log.use.memory = false (default)
2019-10-09 13:03:45,903 [pool-67-thread-1] INFO  server.RaftServerConfigKeys (ConfUtils.java:logGet(43)) - raft.server.log.purge.gap = 1000000 (custom)
2019-10-09 13:03:45,903 [pool-27-thread-1] INFO  server.RaftServerConfigKeys (ConfUtils.java:logGet(43)) - raft.server.log.use.memory = false (default)
2019-10-09 13:03:45,903 [pool-67-thread-1] INFO  server.RaftServerConfigKeys (ConfUtils.java:logGet(43)) - raft.server.log.appender.buffer.byte-limit = 33554432 (custom)
2019-10-09 13:03:45,903 [pool-47-thread-1] INFO  server.RaftServerConfigKeys (ConfUtils.java:logGet(43)) - raft.server.log.purge.gap = 1000000 (custom)
2019-10-09 13:03:45,903 [pool-67-thread-1] INFO  server.RaftServerConfigKeys (ConfUtils.java:logGet(43)) - raft.server.log.segment.size.max = 1048576 (custom)
2019-10-09 13:03:45,903 [pool-27-thread-1] INFO  server.RaftServerConfigKeys (ConfUtils.java:logGet(43)) - raft.server.log.purge.gap = 1000000 (custom)
2019-10-09 13:03:45,904 [pool-67-thread-1] INFO  server.RaftServerConfigKeys (ConfUtils.java:logGet(43)) - raft.server.log.segment.cache.num.max = 2 (custom)
2019-10-09 13:03:45,903 [pool-47-thread-1] INFO  server.RaftServerConfigKeys (ConfUtils.java:logGet(43)) - raft.server.log.appender.buffer.byte-limit = 33554432 (custom)
2019-10-09 13:03:45,904 [pool-67-thread-1] INFO  segmented.SegmentedRaftLogWorker (SegmentedRaftLogWorker.java:<init>(172)) - new 3eeab9a4-47d5-4980-9c6e-5102901e869a@group-DDAC6CD64C05-SegmentedRaftLogWorker for RaftStorage:Storage Directory /workdir/hadoop-ozone/integration-test/target/test-dir/MiniOzoneClusterImpl-92c4d179-1d16-4416-8bce-4538b25b782c/datanode-4/data/ratis/600c02ec-5a9f-45c6-8688-ddac6cd64c05
2019-10-09 13:03:45,904 [pool-27-thread-1] INFO  server.RaftServerConfigKeys (ConfUtils.java:logGet(43)) - raft.server.log.appender.buffer.byte-limit = 33554432 (custom)
2019-10-09 13:03:45,904 [pool-67-thread-1] INFO  server.RaftServerConfigKeys (ConfUtils.java:logGet(43)) - raft.server.log.queue.byte-limit = 2147483647 (custom)
2019-10-09 13:03:45,904 [pool-47-thread-1] INFO  server.RaftServerConfigKeys (ConfUtils.java:logGet(43)) - raft.server.log.segment.size.max = 1048576 (custom)
2019-10-09 13:03:45,904 [pool-67-thread-1] INFO  server.RaftServerConfigKeys (ConfUtils.java:logGet(43)) - raft.server.log.queue.element-limit = 1024 (custom)
2019-10-09 13:03:45,904 [pool-27-thread-1] INFO  server.RaftServerConfigKeys (ConfUtils.java:logGet(43)) - raft.server.log.segment.size.max = 1048576 (custom)
2019-10-09 13:03:45,905 [pool-67-thread-1] INFO  server.RaftServerConfigKeys (ConfUtils.java:logGet(43)) - raft.server.log.segment.size.max = 1048576 (custom)
2019-10-09 13:03:45,905 [pool-27-thread-1] INFO  server.RaftServerConfigKeys (ConfUtils.java:logGet(43)) - raft.server.log.segment.cache.num.max = 2 (custom)
2019-10-09 13:03:45,905 [pool-47-thread-1] INFO  server.RaftServerConfigKeys (ConfUtils.java:logGet(43)) - raft.server.log.segment.cache.num.max = 2 (custom)
2019-10-09 13:03:45,905 [pool-27-thread-1] INFO  segmented.SegmentedRaftLogWorker (SegmentedRaftLogWorker.java:<init>(172)) - new f0cb1a3f-6ac7-4eb8-9514-6a797ff8471f@group-DDAC6CD64C05-SegmentedRaftLogWorker for RaftStorage:Storage Directory /workdir/hadoop-ozone/integration-test/target/test-dir/MiniOzoneClusterImpl-92c4d179-1d16-4416-8bce-4538b25b782c/datanode-0/data/ratis/600c02ec-5a9f-45c6-8688-ddac6cd64c05
2019-10-09 13:03:45,905 [pool-67-thread-1] INFO  server.RaftServerConfigKeys (ConfUtils.java:logGet(43)) - raft.server.log.preallocated.size = 16384 (custom)
2019-10-09 13:03:45,905 [pool-27-thread-1] INFO  server.RaftServerConfigKeys (ConfUtils.java:logGet(43)) - raft.server.log.queue.byte-limit = 2147483647 (custom)
2019-10-09 13:03:45,905 [pool-47-thread-1] INFO  segmented.SegmentedRaftLogWorker (SegmentedRaftLogWorker.java:<init>(172)) - new 4f75c367-51e4-41c9-9287-4e8dd97f5c38@group-DDAC6CD64C05-SegmentedRaftLogWorker for RaftStorage:Storage Directory /workdir/hadoop-ozone/integration-test/target/test-dir/MiniOzoneClusterImpl-92c4d179-1d16-4416-8bce-4538b25b782c/datanode-2/data/ratis/600c02ec-5a9f-45c6-8688-ddac6cd64c05
2019-10-09 13:03:45,906 [pool-27-thread-1] INFO  server.RaftServerConfigKeys (ConfUtils.java:logGet(43)) - raft.server.log.queue.element-limit = 1024 (custom)
2019-10-09 13:03:45,906 [pool-67-thread-1] INFO  server.RaftServerConfigKeys (ConfUtils.java:logGet(43)) - raft.server.log.write.buffer.size = 33554432 (custom)
2019-10-09 13:03:45,906 [pool-27-thread-1] INFO  server.RaftServerConfigKeys (ConfUtils.java:logGet(43)) - raft.server.log.segment.size.max = 1048576 (custom)
2019-10-09 13:03:45,906 [pool-47-thread-1] INFO  server.RaftServerConfigKeys (ConfUtils.java:logGet(43)) - raft.server.log.queue.byte-limit = 2147483647 (custom)
2019-10-09 13:03:45,906 [pool-27-thread-1] INFO  server.RaftServerConfigKeys (ConfUtils.java:logGet(43)) - raft.server.log.preallocated.size = 16384 (custom)
2019-10-09 13:03:45,906 [pool-67-thread-1] INFO  server.RaftServerConfigKeys (ConfUtils.java:logGet(43)) - raft.server.log.force.sync.num = 128 (default)
2019-10-09 13:03:45,906 [pool-27-thread-1] INFO  server.RaftServerConfigKeys (ConfUtils.java:logGet(43)) - raft.server.log.write.buffer.size = 33554432 (custom)
2019-10-09 13:03:45,906 [pool-47-thread-1] INFO  server.RaftServerConfigKeys (ConfUtils.java:logGet(43)) - raft.server.log.queue.element-limit = 1024 (custom)
2019-10-09 13:03:45,907 [pool-27-thread-1] INFO  server.RaftServerConfigKeys (ConfUtils.java:logGet(43)) - raft.server.log.force.sync.num = 128 (default)
2019-10-09 13:03:45,907 [pool-67-thread-1] INFO  server.RaftServerConfigKeys (ConfUtils.java:logGet(43)) - raft.server.log.statemachine.data.sync = true (default)
2019-10-09 13:03:45,907 [pool-27-thread-1] INFO  server.RaftServerConfigKeys (ConfUtils.java:logGet(43)) - raft.server.log.statemachine.data.sync = true (default)
2019-10-09 13:03:45,907 [pool-47-thread-1] INFO  server.RaftServerConfigKeys (ConfUtils.java:logGet(43)) - raft.server.log.segment.size.max = 1048576 (custom)
2019-10-09 13:03:45,907 [pool-27-thread-1] INFO  server.RaftServerConfigKeys (ConfUtils.java:logGet(43)) - raft.server.log.statemachine.data.sync.timeout = 10s (default)
2019-10-09 13:03:45,907 [pool-67-thread-1] INFO  server.RaftServerConfigKeys (ConfUtils.java:logGet(43)) - raft.server.log.statemachine.data.sync.timeout = 10s (default)
2019-10-09 13:03:45,907 [pool-27-thread-1] INFO  server.RaftServerConfigKeys (ConfUtils.java:logGet(43)) - raft.server.log.statemachine.data.sync.timeout.retry = -1 (default)
2019-10-09 13:03:45,907 [pool-47-thread-1] INFO  server.RaftServerConfigKeys (ConfUtils.java:logGet(43)) - raft.server.log.preallocated.size = 16384 (custom)
2019-10-09 13:03:45,908 [pool-27-thread-1] INFO  server.RaftServerConfigKeys (ConfUtils.java:logGet(43)) - raft.server.log.statemachine.data.caching.enabled = true (custom)
2019-10-09 13:03:45,908 [pool-67-thread-1] INFO  server.RaftServerConfigKeys (ConfUtils.java:logGet(43)) - raft.server.log.statemachine.data.sync.timeout.retry = -1 (default)
2019-10-09 13:03:45,908 [pool-27-thread-1] INFO  segmented.SegmentedRaftLogWorker (SegmentedRaftLogWorker.java:lambda$new$0(132)) - f0cb1a3f-6ac7-4eb8-9514-6a797ff8471f@group-DDAC6CD64C05-SegmentedRaftLogWorker: flushIndex: setUnconditionally 0 -> -1
2019-10-09 13:03:45,908 [pool-47-thread-1] INFO  server.RaftServerConfigKeys (ConfUtils.java:logGet(43)) - raft.server.log.write.buffer.size = 33554432 (custom)
2019-10-09 13:03:45,908 [pool-67-thread-1] INFO  server.RaftServerConfigKeys (ConfUtils.java:logGet(43)) - raft.server.log.statemachine.data.caching.enabled = true (custom)
2019-10-09 13:03:45,908 [pool-27-thread-1] INFO  server.RaftServerConfigKeys (ConfUtils.java:logGet(43)) - raft.server.snapshot.auto.trigger.enabled = true (custom)
2019-10-09 13:03:45,908 [pool-47-thread-1] INFO  server.RaftServerConfigKeys (ConfUtils.java:logGet(43)) - raft.server.log.force.sync.num = 128 (default)
2019-10-09 13:03:45,909 [pool-27-thread-1] INFO  server.RaftServerConfigKeys (ConfUtils.java:logGet(43)) - raft.server.snapshot.auto.trigger.threshold = 10000 (custom)
2019-10-09 13:03:45,909 [pool-47-thread-1] INFO  server.RaftServerConfigKeys (ConfUtils.java:logGet(43)) - raft.server.log.statemachine.data.sync = true (default)
2019-10-09 13:03:45,909 [pool-67-thread-1] INFO  segmented.SegmentedRaftLogWorker (SegmentedRaftLogWorker.java:lambda$new$0(132)) - 3eeab9a4-47d5-4980-9c6e-5102901e869a@group-DDAC6CD64C05-SegmentedRaftLogWorker: flushIndex: setUnconditionally 0 -> -1
2019-10-09 13:03:45,909 [pool-47-thread-1] INFO  server.RaftServerConfigKeys (ConfUtils.java:logGet(43)) - raft.server.log.statemachine.data.sync.timeout = 10s (default)
2019-10-09 13:03:45,909 [pool-27-thread-1] INFO  server.RaftServerConfigKeys (ConfUtils.java:logGet(43)) - raft.server.snapshot.retention.num.files = 5 (custom)
2019-10-09 13:03:45,909 [pool-67-thread-1] INFO  server.RaftServerConfigKeys (ConfUtils.java:logGet(43)) - raft.server.snapshot.auto.trigger.enabled = true (custom)
2019-10-09 13:03:45,909 [pool-47-thread-1] INFO  server.RaftServerConfigKeys (ConfUtils.java:logGet(43)) - raft.server.log.statemachine.data.sync.timeout.retry = -1 (default)
2019-10-09 13:03:45,910 [pool-67-thread-1] INFO  server.RaftServerConfigKeys (ConfUtils.java:logGet(43)) - raft.server.snapshot.auto.trigger.threshold = 10000 (custom)
2019-10-09 13:03:45,909 [pool-27-thread-1] INFO  server.RaftServerConfigKeys (ConfUtils.java:logGet(43)) - raft.server.retrycache.expirytime = 600000ms (custom)
2019-10-09 13:03:45,910 [pool-67-thread-1] INFO  server.RaftServerConfigKeys (ConfUtils.java:logGet(43)) - raft.server.snapshot.retention.num.files = 5 (custom)
2019-10-09 13:03:45,910 [pool-47-thread-1] INFO  server.RaftServerConfigKeys (ConfUtils.java:logGet(43)) - raft.server.log.statemachine.data.caching.enabled = true (custom)
2019-10-09 13:03:45,910 [pool-67-thread-1] INFO  server.RaftServerConfigKeys (ConfUtils.java:logGet(43)) - raft.server.retrycache.expirytime = 600000ms (custom)
2019-10-09 13:03:45,910 [pool-47-thread-1] INFO  segmented.SegmentedRaftLogWorker (SegmentedRaftLogWorker.java:lambda$new$0(132)) - 4f75c367-51e4-41c9-9287-4e8dd97f5c38@group-DDAC6CD64C05-SegmentedRaftLogWorker: flushIndex: setUnconditionally 0 -> -1
2019-10-09 13:03:45,911 [pool-47-thread-1] INFO  server.RaftServerConfigKeys (ConfUtils.java:logGet(43)) - raft.server.snapshot.auto.trigger.enabled = true (custom)
2019-10-09 13:03:45,911 [pool-47-thread-1] INFO  server.RaftServerConfigKeys (ConfUtils.java:logGet(43)) - raft.server.snapshot.auto.trigger.threshold = 10000 (custom)
2019-10-09 13:03:45,911 [pool-47-thread-1] INFO  server.RaftServerConfigKeys (ConfUtils.java:logGet(43)) - raft.server.snapshot.retention.num.files = 5 (custom)
2019-10-09 13:03:45,911 [pool-47-thread-1] INFO  server.RaftServerConfigKeys (ConfUtils.java:logGet(43)) - raft.server.retrycache.expirytime = 600000ms (custom)
2019-10-09 13:03:45,916 [pool-27-thread-1] INFO  impl.RaftServerImpl (RaftServerImpl.java:start(185)) - f0cb1a3f-6ac7-4eb8-9514-6a797ff8471f@group-DDAC6CD64C05: start as a follower, conf=-1: [4f75c367-51e4-41c9-9287-4e8dd97f5c38:192.168.5.175:40325, 3eeab9a4-47d5-4980-9c6e-5102901e869a:192.168.5.175:43254, f0cb1a3f-6ac7-4eb8-9514-6a797ff8471f:192.168.5.175:39769], old=null
2019-10-09 13:03:45,916 [pool-27-thread-1] INFO  impl.RaftServerImpl (RaftServerImpl.java:setRole(174)) - f0cb1a3f-6ac7-4eb8-9514-6a797ff8471f@group-DDAC6CD64C05: changes role from      null to FOLLOWER at term 0 for startAsFollower
2019-10-09 13:03:45,916 [pool-27-thread-1] INFO  impl.RoleInfo (RoleInfo.java:updateAndGet(143)) - f0cb1a3f-6ac7-4eb8-9514-6a797ff8471f: start FollowerState
2019-10-09 13:03:45,916 [pool-27-thread-1] INFO  util.JmxRegister (JmxRegister.java:tryRegister(44)) - Successfully registered JMX Bean with object name Ratis:service=RaftServer,group=group-DDAC6CD64C05,id=f0cb1a3f-6ac7-4eb8-9514-6a797ff8471f
2019-10-09 13:03:45,917 [pool-67-thread-1] INFO  impl.RaftServerImpl (RaftServerImpl.java:start(185)) - 3eeab9a4-47d5-4980-9c6e-5102901e869a@group-DDAC6CD64C05: start as a follower, conf=-1: [4f75c367-51e4-41c9-9287-4e8dd97f5c38:192.168.5.175:40325, 3eeab9a4-47d5-4980-9c6e-5102901e869a:192.168.5.175:43254, f0cb1a3f-6ac7-4eb8-9514-6a797ff8471f:192.168.5.175:39769], old=null
2019-10-09 13:03:45,917 [pool-67-thread-1] INFO  impl.RaftServerImpl (RaftServerImpl.java:setRole(174)) - 3eeab9a4-47d5-4980-9c6e-5102901e869a@group-DDAC6CD64C05: changes role from      null to FOLLOWER at term 0 for startAsFollower
2019-10-09 13:03:45,917 [pool-47-thread-1] INFO  impl.RaftServerImpl (RaftServerImpl.java:start(185)) - 4f75c367-51e4-41c9-9287-4e8dd97f5c38@group-DDAC6CD64C05: start as a follower, conf=-1: [4f75c367-51e4-41c9-9287-4e8dd97f5c38:192.168.5.175:40325, 3eeab9a4-47d5-4980-9c6e-5102901e869a:192.168.5.175:43254, f0cb1a3f-6ac7-4eb8-9514-6a797ff8471f:192.168.5.175:39769], old=null
2019-10-09 13:03:45,917 [pool-67-thread-1] INFO  impl.RoleInfo (RoleInfo.java:updateAndGet(143)) - 3eeab9a4-47d5-4980-9c6e-5102901e869a: start FollowerState
2019-10-09 13:03:45,917 [pool-47-thread-1] INFO  impl.RaftServerImpl (RaftServerImpl.java:setRole(174)) - 4f75c367-51e4-41c9-9287-4e8dd97f5c38@group-DDAC6CD64C05: changes role from      null to FOLLOWER at term 0 for startAsFollower
2019-10-09 13:03:45,918 [pool-47-thread-1] INFO  impl.RoleInfo (RoleInfo.java:updateAndGet(143)) - 4f75c367-51e4-41c9-9287-4e8dd97f5c38: start FollowerState
2019-10-09 13:03:45,918 [pool-67-thread-1] INFO  util.JmxRegister (JmxRegister.java:tryRegister(44)) - Successfully registered JMX Bean with object name Ratis:service=RaftServer,group=group-DDAC6CD64C05,id=3eeab9a4-47d5-4980-9c6e-5102901e869a
2019-10-09 13:03:45,919 [pool-47-thread-1] INFO  util.JmxRegister (JmxRegister.java:tryRegister(44)) - Successfully registered JMX Bean with object name Ratis:service=RaftServer,group=group-DDAC6CD64C05,id=4f75c367-51e4-41c9-9287-4e8dd97f5c38
2019-10-09 13:03:45,939 [RatisPipelineUtilsThread] INFO  pipeline.PipelineStateManager (PipelineStateManager.java:addPipeline(56)) - Created pipeline Pipeline[ Id: 600c02ec-5a9f-45c6-8688-ddac6cd64c05, Nodes: 3eeab9a4-47d5-4980-9c6e-5102901e869a{ip: 192.168.5.175, host: pr-hdds-1569-mfl88-1504498049, networkLocation: /default-rack, certSerialId: null}f0cb1a3f-6ac7-4eb8-9514-6a797ff8471f{ip: 192.168.5.175, host: pr-hdds-1569-mfl88-1504498049, networkLocation: /default-rack, certSerialId: null}4f75c367-51e4-41c9-9287-4e8dd97f5c38{ip: 192.168.5.175, host: pr-hdds-1569-mfl88-1504498049, networkLocation: /default-rack, certSerialId: null}, Type:RATIS, Factor:THREE, State:OPEN]
2019-10-09 13:03:45,956 [grpc-default-executor-2] INFO  impl.RaftServerProxy (RaftServerProxy.java:addNew(89)) - 3eeab9a4-47d5-4980-9c6e-5102901e869a: addNew group-A483B260BC72:[4f75c367-51e4-41c9-9287-4e8dd97f5c38:192.168.5.175:40325, 3eeab9a4-47d5-4980-9c6e-5102901e869a:192.168.5.175:43254, f0cb1a3f-6ac7-4eb8-9514-6a797ff8471f:192.168.5.175:39769] returns group-A483B260BC72:java.util.concurrent.CompletableFuture@aef7d25[Not completed]
2019-10-09 13:03:45,957 [grpc-default-executor-1] INFO  impl.RaftServerProxy (RaftServerProxy.java:addNew(89)) - f0cb1a3f-6ac7-4eb8-9514-6a797ff8471f: addNew group-A483B260BC72:[4f75c367-51e4-41c9-9287-4e8dd97f5c38:192.168.5.175:40325, 3eeab9a4-47d5-4980-9c6e-5102901e869a:192.168.5.175:43254, f0cb1a3f-6ac7-4eb8-9514-6a797ff8471f:192.168.5.175:39769] returns group-A483B260BC72:java.util.concurrent.CompletableFuture@1dd16cba[Not completed]
2019-10-09 13:03:45,961 [grpc-default-executor-1] INFO  impl.RaftServerProxy (RaftServerProxy.java:addNew(89)) - 4f75c367-51e4-41c9-9287-4e8dd97f5c38: addNew group-A483B260BC72:[4f75c367-51e4-41c9-9287-4e8dd97f5c38:192.168.5.175:40325, 3eeab9a4-47d5-4980-9c6e-5102901e869a:192.168.5.175:43254, f0cb1a3f-6ac7-4eb8-9514-6a797ff8471f:192.168.5.175:39769] returns group-A483B260BC72:java.util.concurrent.CompletableFuture@65546fd8[Not completed]
2019-10-09 13:03:45,962 [pool-67-thread-1] INFO  impl.RaftServerImpl (RaftServerImpl.java:<init>(95)) - 3eeab9a4-47d5-4980-9c6e-5102901e869a: new RaftServerImpl for group-A483B260BC72:[4f75c367-51e4-41c9-9287-4e8dd97f5c38:192.168.5.175:40325, 3eeab9a4-47d5-4980-9c6e-5102901e869a:192.168.5.175:43254, f0cb1a3f-6ac7-4eb8-9514-6a797ff8471f:192.168.5.175:39769] with ContainerStateMachine:uninitialized
2019-10-09 13:03:45,962 [pool-67-thread-1] INFO  server.RaftServerConfigKeys (ConfUtils.java:logGet(43)) - raft.server.rpc.timeout.min = 5s (custom)
2019-10-09 13:03:45,962 [pool-67-thread-1] INFO  server.RaftServerConfigKeys (ConfUtils.java:logGet(43)) - raft.server.rpc.timeout.max = 5200ms (custom)
2019-10-09 13:03:45,962 [pool-67-thread-1] INFO  server.RaftServerConfigKeys (ConfUtils.java:logGet(43)) - raft.server.rpcslowness.timeout = 120s (custom)
2019-10-09 13:03:45,962 [pool-67-thread-1] INFO  server.RaftServerConfigKeys (ConfUtils.java:logGet(43)) - raft.server.sleep.deviation.threshold = 300 (default)
2019-10-09 13:03:45,962 [pool-67-thread-1] INFO  server.RaftServerConfigKeys (ConfUtils.java:logGet(43)) - raft.server.log.appender.install.snapshot.enabled = false (custom)
2019-10-09 13:03:45,963 [pool-67-thread-1] INFO  impl.RaftServerImpl (ServerState.java:<init>(103)) - 3eeab9a4-47d5-4980-9c6e-5102901e869a@group-A483B260BC72: ConfigurationManager, init=-1: [4f75c367-51e4-41c9-9287-4e8dd97f5c38:192.168.5.175:40325, 3eeab9a4-47d5-4980-9c6e-5102901e869a:192.168.5.175:43254, f0cb1a3f-6ac7-4eb8-9514-6a797ff8471f:192.168.5.175:39769], old=null, confs=<EMPTY_MAP>
2019-10-09 13:03:45,963 [pool-67-thread-1] INFO  server.RaftServerConfigKeys (ConfUtils.java:logGet(43)) - raft.server.storage.dir = [/workdir/hadoop-ozone/integration-test/target/test-dir/MiniOzoneClusterImpl-92c4d179-1d16-4416-8bce-4538b25b782c/datanode-4/data/ratis] (custom)
2019-10-09 13:03:45,963 [pool-27-thread-1] INFO  impl.RaftServerImpl (RaftServerImpl.java:<init>(95)) - f0cb1a3f-6ac7-4eb8-9514-6a797ff8471f: new RaftServerImpl for group-A483B260BC72:[4f75c367-51e4-41c9-9287-4e8dd97f5c38:192.168.5.175:40325, 3eeab9a4-47d5-4980-9c6e-5102901e869a:192.168.5.175:43254, f0cb1a3f-6ac7-4eb8-9514-6a797ff8471f:192.168.5.175:39769] with ContainerStateMachine:uninitialized
2019-10-09 13:03:45,963 [pool-27-thread-1] INFO  server.RaftServerConfigKeys (ConfUtils.java:logGet(43)) - raft.server.rpc.timeout.min = 5s (custom)
2019-10-09 13:03:45,963 [pool-67-thread-1] INFO  storage.RaftStorageDirectory (RaftStorageDirectory.java:analyzeStorage(246)) - The storage directory /workdir/hadoop-ozone/integration-test/target/test-dir/MiniOzoneClusterImpl-92c4d179-1d16-4416-8bce-4538b25b782c/datanode-4/data/ratis/8b67ea2b-8e0b-404b-87ee-a483b260bc72 does not exist. Creating ...
2019-10-09 13:03:45,964 [pool-27-thread-1] INFO  server.RaftServerConfigKeys (ConfUtils.java:logGet(43)) - raft.server.rpc.timeout.max = 5200ms (custom)
2019-10-09 13:03:45,964 [pool-47-thread-1] INFO  impl.RaftServerImpl (RaftServerImpl.java:<init>(95)) - 4f75c367-51e4-41c9-9287-4e8dd97f5c38: new RaftServerImpl for group-A483B260BC72:[4f75c367-51e4-41c9-9287-4e8dd97f5c38:192.168.5.175:40325, 3eeab9a4-47d5-4980-9c6e-5102901e869a:192.168.5.175:43254, f0cb1a3f-6ac7-4eb8-9514-6a797ff8471f:192.168.5.175:39769] with ContainerStateMachine:uninitialized
2019-10-09 13:03:45,964 [pool-27-thread-1] INFO  server.RaftServerConfigKeys (ConfUtils.java:logGet(43)) - raft.server.rpcslowness.timeout = 120s (custom)
2019-10-09 13:03:45,964 [pool-47-thread-1] INFO  server.RaftServerConfigKeys (ConfUtils.java:logGet(43)) - raft.server.rpc.timeout.min = 5s (custom)
2019-10-09 13:03:45,964 [pool-27-thread-1] INFO  server.RaftServerConfigKeys (ConfUtils.java:logGet(43)) - raft.server.sleep.deviation.threshold = 300 (default)
2019-10-09 13:03:45,964 [pool-47-thread-1] INFO  server.RaftServerConfigKeys (ConfUtils.java:logGet(43)) - raft.server.rpc.timeout.max = 5200ms (custom)
2019-10-09 13:03:45,964 [pool-27-thread-1] INFO  server.RaftServerConfigKeys (ConfUtils.java:logGet(43)) - raft.server.log.appender.install.snapshot.enabled = false (custom)
2019-10-09 13:03:45,964 [pool-47-thread-1] INFO  server.RaftServerConfigKeys (ConfUtils.java:logGet(43)) - raft.server.rpcslowness.timeout = 120s (custom)
2019-10-09 13:03:45,965 [pool-27-thread-1] INFO  impl.RaftServerImpl (ServerState.java:<init>(103)) - f0cb1a3f-6ac7-4eb8-9514-6a797ff8471f@group-A483B260BC72: ConfigurationManager, init=-1: [4f75c367-51e4-41c9-9287-4e8dd97f5c38:192.168.5.175:40325, 3eeab9a4-47d5-4980-9c6e-5102901e869a:192.168.5.175:43254, f0cb1a3f-6ac7-4eb8-9514-6a797ff8471f:192.168.5.175:39769], old=null, confs=<EMPTY_MAP>
2019-10-09 13:03:45,965 [pool-47-thread-1] INFO  server.RaftServerConfigKeys (ConfUtils.java:logGet(43)) - raft.server.sleep.deviation.threshold = 300 (default)
2019-10-09 13:03:45,965 [pool-47-thread-1] INFO  server.RaftServerConfigKeys (ConfUtils.java:logGet(43)) - raft.server.log.appender.install.snapshot.enabled = false (custom)
2019-10-09 13:03:45,965 [pool-27-thread-1] INFO  server.RaftServerConfigKeys (ConfUtils.java:logGet(43)) - raft.server.storage.dir = [/workdir/hadoop-ozone/integration-test/target/test-dir/MiniOzoneClusterImpl-92c4d179-1d16-4416-8bce-4538b25b782c/datanode-0/data/ratis] (custom)
2019-10-09 13:03:45,965 [pool-47-thread-1] INFO  impl.RaftServerImpl (ServerState.java:<init>(103)) - 4f75c367-51e4-41c9-9287-4e8dd97f5c38@group-A483B260BC72: ConfigurationManager, init=-1: [4f75c367-51e4-41c9-9287-4e8dd97f5c38:192.168.5.175:40325, 3eeab9a4-47d5-4980-9c6e-5102901e869a:192.168.5.175:43254, f0cb1a3f-6ac7-4eb8-9514-6a797ff8471f:192.168.5.175:39769], old=null, confs=<EMPTY_MAP>
2019-10-09 13:03:45,965 [pool-47-thread-1] INFO  server.RaftServerConfigKeys (ConfUtils.java:logGet(43)) - raft.server.storage.dir = [/workdir/hadoop-ozone/integration-test/target/test-dir/MiniOzoneClusterImpl-92c4d179-1d16-4416-8bce-4538b25b782c/datanode-2/data/ratis] (custom)
2019-10-09 13:03:45,966 [pool-27-thread-1] INFO  storage.RaftStorageDirectory (RaftStorageDirectory.java:analyzeStorage(246)) - The storage directory /workdir/hadoop-ozone/integration-test/target/test-dir/MiniOzoneClusterImpl-92c4d179-1d16-4416-8bce-4538b25b782c/datanode-0/data/ratis/8b67ea2b-8e0b-404b-87ee-a483b260bc72 does not exist. Creating ...
2019-10-09 13:03:45,966 [pool-47-thread-1] INFO  storage.RaftStorageDirectory (RaftStorageDirectory.java:analyzeStorage(246)) - The storage directory /workdir/hadoop-ozone/integration-test/target/test-dir/MiniOzoneClusterImpl-92c4d179-1d16-4416-8bce-4538b25b782c/datanode-2/data/ratis/8b67ea2b-8e0b-404b-87ee-a483b260bc72 does not exist. Creating ...
2019-10-09 13:03:45,989 [pool-67-thread-1] INFO  storage.RaftStorageDirectory (RaftStorageDirectory.java:tryLock(328)) - Lock on /workdir/hadoop-ozone/integration-test/target/test-dir/MiniOzoneClusterImpl-92c4d179-1d16-4416-8bce-4538b25b782c/datanode-4/data/ratis/8b67ea2b-8e0b-404b-87ee-a483b260bc72/in_use.lock acquired by nodename 6401@pr-hdds-1569-mfl88-1504498049
2019-10-09 13:03:45,989 [pool-47-thread-1] INFO  storage.RaftStorageDirectory (RaftStorageDirectory.java:tryLock(328)) - Lock on /workdir/hadoop-ozone/integration-test/target/test-dir/MiniOzoneClusterImpl-92c4d179-1d16-4416-8bce-4538b25b782c/datanode-2/data/ratis/8b67ea2b-8e0b-404b-87ee-a483b260bc72/in_use.lock acquired by nodename 6401@pr-hdds-1569-mfl88-1504498049
2019-10-09 13:03:45,989 [pool-27-thread-1] INFO  storage.RaftStorageDirectory (RaftStorageDirectory.java:tryLock(328)) - Lock on /workdir/hadoop-ozone/integration-test/target/test-dir/MiniOzoneClusterImpl-92c4d179-1d16-4416-8bce-4538b25b782c/datanode-0/data/ratis/8b67ea2b-8e0b-404b-87ee-a483b260bc72/in_use.lock acquired by nodename 6401@pr-hdds-1569-mfl88-1504498049
2019-10-09 13:03:46,003 [pool-47-thread-1] INFO  storage.RaftStorage (RaftStorage.java:format(72)) - Storage directory /workdir/hadoop-ozone/integration-test/target/test-dir/MiniOzoneClusterImpl-92c4d179-1d16-4416-8bce-4538b25b782c/datanode-2/data/ratis/8b67ea2b-8e0b-404b-87ee-a483b260bc72 has been successfully formatted.
2019-10-09 13:03:46,003 [pool-67-thread-1] INFO  storage.RaftStorage (RaftStorage.java:format(72)) - Storage directory /workdir/hadoop-ozone/integration-test/target/test-dir/MiniOzoneClusterImpl-92c4d179-1d16-4416-8bce-4538b25b782c/datanode-4/data/ratis/8b67ea2b-8e0b-404b-87ee-a483b260bc72 has been successfully formatted.
2019-10-09 13:03:46,003 [pool-27-thread-1] INFO  storage.RaftStorage (RaftStorage.java:format(72)) - Storage directory /workdir/hadoop-ozone/integration-test/target/test-dir/MiniOzoneClusterImpl-92c4d179-1d16-4416-8bce-4538b25b782c/datanode-0/data/ratis/8b67ea2b-8e0b-404b-87ee-a483b260bc72 has been successfully formatted.
2019-10-09 13:03:46,004 [pool-47-thread-1] INFO  ratis.ContainerStateMachine (ContainerStateMachine.java:loadSnapshot(230)) - group-A483B260BC72: The snapshot info is null. Setting the last applied indexto:(t:0, i:~)
2019-10-09 13:03:46,004 [pool-67-thread-1] INFO  ratis.ContainerStateMachine (ContainerStateMachine.java:loadSnapshot(230)) - group-A483B260BC72: The snapshot info is null. Setting the last applied indexto:(t:0, i:~)
2019-10-09 13:03:46,004 [pool-47-thread-1] INFO  server.RaftServerConfigKeys (ConfUtils.java:logGet(43)) - raft.server.notification.no-leader.timeout = 120s (custom)
2019-10-09 13:03:46,004 [pool-27-thread-1] INFO  ratis.ContainerStateMachine (ContainerStateMachine.java:loadSnapshot(230)) - group-A483B260BC72: The snapshot info is null. Setting the last applied indexto:(t:0, i:~)
2019-10-09 13:03:46,004 [pool-47-thread-1] INFO  server.RaftServerConfigKeys (ConfUtils.java:logGet(43)) - raft.server.log.use.memory = false (default)
2019-10-09 13:03:46,004 [pool-67-thread-1] INFO  server.RaftServerConfigKeys (ConfUtils.java:logGet(43)) - raft.server.notification.no-leader.timeout = 120s (custom)
2019-10-09 13:03:46,005 [pool-47-thread-1] INFO  server.RaftServerConfigKeys (ConfUtils.java:logGet(43)) - raft.server.log.purge.gap = 1000000 (custom)
2019-10-09 13:03:46,004 [pool-27-thread-1] INFO  server.RaftServerConfigKeys (ConfUtils.java:logGet(43)) - raft.server.notification.no-leader.timeout = 120s (custom)
2019-10-09 13:03:46,005 [pool-47-thread-1] INFO  server.RaftServerConfigKeys (ConfUtils.java:logGet(43)) - raft.server.log.appender.buffer.byte-limit = 33554432 (custom)
2019-10-09 13:03:46,005 [pool-67-thread-1] INFO  server.RaftServerConfigKeys (ConfUtils.java:logGet(43)) - raft.server.log.use.memory = false (default)
2019-10-09 13:03:46,005 [pool-47-thread-1] INFO  server.RaftServerConfigKeys (ConfUtils.java:logGet(43)) - raft.server.log.segment.size.max = 1048576 (custom)
2019-10-09 13:03:46,005 [pool-27-thread-1] INFO  server.RaftServerConfigKeys (ConfUtils.java:logGet(43)) - raft.server.log.use.memory = false (default)
2019-10-09 13:03:46,005 [pool-47-thread-1] INFO  server.RaftServerConfigKeys (ConfUtils.java:logGet(43)) - raft.server.log.segment.cache.num.max = 2 (custom)
2019-10-09 13:03:46,005 [pool-67-thread-1] INFO  server.RaftServerConfigKeys (ConfUtils.java:logGet(43)) - raft.server.log.purge.gap = 1000000 (custom)
2019-10-09 13:03:46,006 [pool-47-thread-1] INFO  segmented.SegmentedRaftLogWorker (SegmentedRaftLogWorker.java:<init>(172)) - new 4f75c367-51e4-41c9-9287-4e8dd97f5c38@group-A483B260BC72-SegmentedRaftLogWorker for RaftStorage:Storage Directory /workdir/hadoop-ozone/integration-test/target/test-dir/MiniOzoneClusterImpl-92c4d179-1d16-4416-8bce-4538b25b782c/datanode-2/data/ratis/8b67ea2b-8e0b-404b-87ee-a483b260bc72
2019-10-09 13:03:46,005 [pool-27-thread-1] INFO  server.RaftServerConfigKeys (ConfUtils.java:logGet(43)) - raft.server.log.purge.gap = 1000000 (custom)
2019-10-09 13:03:46,006 [pool-47-thread-1] INFO  server.RaftServerConfigKeys (ConfUtils.java:logGet(43)) - raft.server.log.queue.byte-limit = 2147483647 (custom)
2019-10-09 13:03:46,006 [pool-67-thread-1] INFO  server.RaftServerConfigKeys (ConfUtils.java:logGet(43)) - raft.server.log.appender.buffer.byte-limit = 33554432 (custom)
2019-10-09 13:03:46,006 [pool-47-thread-1] INFO  server.RaftServerConfigKeys (ConfUtils.java:logGet(43)) - raft.server.log.queue.element-limit = 1024 (custom)
2019-10-09 13:03:46,006 [pool-27-thread-1] INFO  server.RaftServerConfigKeys (ConfUtils.java:logGet(43)) - raft.server.log.appender.buffer.byte-limit = 33554432 (custom)
2019-10-09 13:03:46,006 [pool-47-thread-1] INFO  server.RaftServerConfigKeys (ConfUtils.java:logGet(43)) - raft.server.log.segment.size.max = 1048576 (custom)
2019-10-09 13:03:46,006 [pool-67-thread-1] INFO  server.RaftServerConfigKeys (ConfUtils.java:logGet(43)) - raft.server.log.segment.size.max = 1048576 (custom)
2019-10-09 13:03:46,007 [pool-47-thread-1] INFO  server.RaftServerConfigKeys (ConfUtils.java:logGet(43)) - raft.server.log.preallocated.size = 16384 (custom)
2019-10-09 13:03:46,007 [pool-27-thread-1] INFO  server.RaftServerConfigKeys (ConfUtils.java:logGet(43)) - raft.server.log.segment.size.max = 1048576 (custom)
2019-10-09 13:03:46,007 [pool-47-thread-1] INFO  server.RaftServerConfigKeys (ConfUtils.java:logGet(43)) - raft.server.log.write.buffer.size = 33554432 (custom)
2019-10-09 13:03:46,007 [pool-67-thread-1] INFO  server.RaftServerConfigKeys (ConfUtils.java:logGet(43)) - raft.server.log.segment.cache.num.max = 2 (custom)
2019-10-09 13:03:46,007 [pool-47-thread-1] INFO  server.RaftServerConfigKeys (ConfUtils.java:logGet(43)) - raft.server.log.force.sync.num = 128 (default)
2019-10-09 13:03:46,007 [pool-27-thread-1] INFO  server.RaftServerConfigKeys (ConfUtils.java:logGet(43)) - raft.server.log.segment.cache.num.max = 2 (custom)
2019-10-09 13:03:46,007 [pool-47-thread-1] INFO  server.RaftServerConfigKeys (ConfUtils.java:logGet(43)) - raft.server.log.statemachine.data.sync = true (default)
2019-10-09 13:03:46,007 [pool-67-thread-1] INFO  segmented.SegmentedRaftLogWorker (SegmentedRaftLogWorker.java:<init>(172)) - new 3eeab9a4-47d5-4980-9c6e-5102901e869a@group-A483B260BC72-SegmentedRaftLogWorker for RaftStorage:Storage Directory /workdir/hadoop-ozone/integration-test/target/test-dir/MiniOzoneClusterImpl-92c4d179-1d16-4416-8bce-4538b25b782c/datanode-4/data/ratis/8b67ea2b-8e0b-404b-87ee-a483b260bc72
2019-10-09 13:03:46,008 [pool-47-thread-1] INFO  server.RaftServerConfigKeys (ConfUtils.java:logGet(43)) - raft.server.log.statemachine.data.sync.timeout = 10s (default)
2019-10-09 13:03:46,008 [pool-27-thread-1] INFO  segmented.SegmentedRaftLogWorker (SegmentedRaftLogWorker.java:<init>(172)) - new f0cb1a3f-6ac7-4eb8-9514-6a797ff8471f@group-A483B260BC72-SegmentedRaftLogWorker for RaftStorage:Storage Directory /workdir/hadoop-ozone/integration-test/target/test-dir/MiniOzoneClusterImpl-92c4d179-1d16-4416-8bce-4538b25b782c/datanode-0/data/ratis/8b67ea2b-8e0b-404b-87ee-a483b260bc72
2019-10-09 13:03:46,008 [pool-47-thread-1] INFO  server.RaftServerConfigKeys (ConfUtils.java:logGet(43)) - raft.server.log.statemachine.data.sync.timeout.retry = -1 (default)
2019-10-09 13:03:46,008 [pool-67-thread-1] INFO  server.RaftServerConfigKeys (ConfUtils.java:logGet(43)) - raft.server.log.queue.byte-limit = 2147483647 (custom)
2019-10-09 13:03:46,008 [pool-47-thread-1] INFO  server.RaftServerConfigKeys (ConfUtils.java:logGet(43)) - raft.server.log.statemachine.data.caching.enabled = true (custom)
2019-10-09 13:03:46,008 [pool-27-thread-1] INFO  server.RaftServerConfigKeys (ConfUtils.java:logGet(43)) - raft.server.log.queue.byte-limit = 2147483647 (custom)
2019-10-09 13:03:46,008 [pool-67-thread-1] INFO  server.RaftServerConfigKeys (ConfUtils.java:logGet(43)) - raft.server.log.queue.element-limit = 1024 (custom)
2019-10-09 13:03:46,009 [pool-27-thread-1] INFO  server.RaftServerConfigKeys (ConfUtils.java:logGet(43)) - raft.server.log.queue.element-limit = 1024 (custom)
2019-10-09 13:03:46,009 [pool-47-thread-1] INFO  segmented.SegmentedRaftLogWorker (SegmentedRaftLogWorker.java:lambda$new$0(132)) - 4f75c367-51e4-41c9-9287-4e8dd97f5c38@group-A483B260BC72-SegmentedRaftLogWorker: flushIndex: setUnconditionally 0 -> -1
2019-10-09 13:03:46,009 [pool-27-thread-1] INFO  server.RaftServerConfigKeys (ConfUtils.java:logGet(43)) - raft.server.log.segment.size.max = 1048576 (custom)
2019-10-09 13:03:46,009 [pool-67-thread-1] INFO  server.RaftServerConfigKeys (ConfUtils.java:logGet(43)) - raft.server.log.segment.size.max = 1048576 (custom)
2019-10-09 13:03:46,009 [pool-47-thread-1] INFO  server.RaftServerConfigKeys (ConfUtils.java:logGet(43)) - raft.server.snapshot.auto.trigger.enabled = true (custom)
2019-10-09 13:03:46,009 [pool-27-thread-1] INFO  server.RaftServerConfigKeys (ConfUtils.java:logGet(43)) - raft.server.log.preallocated.size = 16384 (custom)
2019-10-09 13:03:46,009 [pool-47-thread-1] INFO  server.RaftServerConfigKeys (ConfUtils.java:logGet(43)) - raft.server.snapshot.auto.trigger.threshold = 10000 (custom)
2019-10-09 13:03:46,009 [pool-67-thread-1] INFO  server.RaftServerConfigKeys (ConfUtils.java:logGet(43)) - raft.server.log.preallocated.size = 16384 (custom)
2019-10-09 13:03:46,010 [pool-47-thread-1] INFO  server.RaftServerConfigKeys (ConfUtils.java:logGet(43)) - raft.server.snapshot.retention.num.files = 5 (custom)
2019-10-09 13:03:46,010 [pool-27-thread-1] INFO  server.RaftServerConfigKeys (ConfUtils.java:logGet(43)) - raft.server.log.write.buffer.size = 33554432 (custom)
2019-10-09 13:03:46,010 [pool-67-thread-1] INFO  server.RaftServerConfigKeys (ConfUtils.java:logGet(43)) - raft.server.log.write.buffer.size = 33554432 (custom)
2019-10-09 13:03:46,010 [pool-27-thread-1] INFO  server.RaftServerConfigKeys (ConfUtils.java:logGet(43)) - raft.server.log.force.sync.num = 128 (default)
2019-10-09 13:03:46,010 [pool-47-thread-1] INFO  server.RaftServerConfigKeys (ConfUtils.java:logGet(43)) - raft.server.retrycache.expirytime = 600000ms (custom)
2019-10-09 13:03:46,010 [pool-27-thread-1] INFO  server.RaftServerConfigKeys (ConfUtils.java:logGet(43)) - raft.server.log.statemachine.data.sync = true (default)
2019-10-09 13:03:46,010 [pool-67-thread-1] INFO  server.RaftServerConfigKeys (ConfUtils.java:logGet(43)) - raft.server.log.force.sync.num = 128 (default)
2019-10-09 13:03:46,015 [pool-27-thread-1] INFO  server.RaftServerConfigKeys (ConfUtils.java:logGet(43)) - raft.server.log.statemachine.data.sync.timeout = 10s (default)
2019-10-09 13:03:46,019 [pool-67-thread-1] INFO  server.RaftServerConfigKeys (ConfUtils.java:logGet(43)) - raft.server.log.statemachine.data.sync = true (default)
2019-10-09 13:03:46,019 [pool-27-thread-1] INFO  server.RaftServerConfigKeys (ConfUtils.java:logGet(43)) - raft.server.log.statemachine.data.sync.timeout.retry = -1 (default)
2019-10-09 13:03:46,019 [pool-67-thread-1] INFO  server.RaftServerConfigKeys (ConfUtils.java:logGet(43)) - raft.server.log.statemachine.data.sync.timeout = 10s (default)
2019-10-09 13:03:46,019 [pool-27-thread-1] INFO  server.RaftServerConfigKeys (ConfUtils.java:logGet(43)) - raft.server.log.statemachine.data.caching.enabled = true (custom)
2019-10-09 13:03:46,020 [pool-67-thread-1] INFO  server.RaftServerConfigKeys (ConfUtils.java:logGet(43)) - raft.server.log.statemachine.data.sync.timeout.retry = -1 (default)
2019-10-09 13:03:46,020 [pool-27-thread-1] INFO  segmented.SegmentedRaftLogWorker (SegmentedRaftLogWorker.java:lambda$new$0(132)) - f0cb1a3f-6ac7-4eb8-9514-6a797ff8471f@group-A483B260BC72-SegmentedRaftLogWorker: flushIndex: setUnconditionally 0 -> -1
2019-10-09 13:03:46,020 [pool-67-thread-1] INFO  server.RaftServerConfigKeys (ConfUtils.java:logGet(43)) - raft.server.log.statemachine.data.caching.enabled = true (custom)
2019-10-09 13:03:46,022 [pool-27-thread-1] INFO  server.RaftServerConfigKeys (ConfUtils.java:logGet(43)) - raft.server.snapshot.auto.trigger.enabled = true (custom)
2019-10-09 13:03:46,023 [pool-27-thread-1] INFO  server.RaftServerConfigKeys (ConfUtils.java:logGet(43)) - raft.server.snapshot.auto.trigger.threshold = 10000 (custom)
2019-10-09 13:03:46,023 [pool-67-thread-1] INFO  segmented.SegmentedRaftLogWorker (SegmentedRaftLogWorker.java:lambda$new$0(132)) - 3eeab9a4-47d5-4980-9c6e-5102901e869a@group-A483B260BC72-SegmentedRaftLogWorker: flushIndex: setUnconditionally 0 -> -1
2019-10-09 13:03:46,023 [pool-27-thread-1] INFO  server.RaftServerConfigKeys (ConfUtils.java:logGet(43)) - raft.server.snapshot.retention.num.files = 5 (custom)
2019-10-09 13:03:46,023 [pool-67-thread-1] INFO  server.RaftServerConfigKeys (ConfUtils.java:logGet(43)) - raft.server.snapshot.auto.trigger.enabled = true (custom)
2019-10-09 13:03:46,023 [pool-27-thread-1] INFO  server.RaftServerConfigKeys (ConfUtils.java:logGet(43)) - raft.server.retrycache.expirytime = 600000ms (custom)
2019-10-09 13:03:46,023 [pool-47-thread-1] INFO  impl.RaftServerImpl (RaftServerImpl.java:start(185)) - 4f75c367-51e4-41c9-9287-4e8dd97f5c38@group-A483B260BC72: start as a follower, conf=-1: [4f75c367-51e4-41c9-9287-4e8dd97f5c38:192.168.5.175:40325, 3eeab9a4-47d5-4980-9c6e-5102901e869a:192.168.5.175:43254, f0cb1a3f-6ac7-4eb8-9514-6a797ff8471f:192.168.5.175:39769], old=null
2019-10-09 13:03:46,023 [pool-67-thread-1] INFO  server.RaftServerConfigKeys (ConfUtils.java:logGet(43)) - raft.server.snapshot.auto.trigger.threshold = 10000 (custom)
2019-10-09 13:03:46,024 [pool-47-thread-1] INFO  impl.RaftServerImpl (RaftServerImpl.java:setRole(174)) - 4f75c367-51e4-41c9-9287-4e8dd97f5c38@group-A483B260BC72: changes role from      null to FOLLOWER at term 0 for startAsFollower
2019-10-09 13:03:46,024 [pool-67-thread-1] INFO  server.RaftServerConfigKeys (ConfUtils.java:logGet(43)) - raft.server.snapshot.retention.num.files = 5 (custom)
2019-10-09 13:03:46,024 [pool-47-thread-1] INFO  impl.RoleInfo (RoleInfo.java:updateAndGet(143)) - 4f75c367-51e4-41c9-9287-4e8dd97f5c38: start FollowerState
2019-10-09 13:03:46,024 [pool-67-thread-1] INFO  server.RaftServerConfigKeys (ConfUtils.java:logGet(43)) - raft.server.retrycache.expirytime = 600000ms (custom)
2019-10-09 13:03:46,024 [pool-47-thread-1] INFO  util.JmxRegister (JmxRegister.java:tryRegister(44)) - Successfully registered JMX Bean with object name Ratis:service=RaftServer,group=group-A483B260BC72,id=4f75c367-51e4-41c9-9287-4e8dd97f5c38
2019-10-09 13:03:46,030 [pool-27-thread-1] INFO  impl.RaftServerImpl (RaftServerImpl.java:start(185)) - f0cb1a3f-6ac7-4eb8-9514-6a797ff8471f@group-A483B260BC72: start as a follower, conf=-1: [4f75c367-51e4-41c9-9287-4e8dd97f5c38:192.168.5.175:40325, 3eeab9a4-47d5-4980-9c6e-5102901e869a:192.168.5.175:43254, f0cb1a3f-6ac7-4eb8-9514-6a797ff8471f:192.168.5.175:39769], old=null
2019-10-09 13:03:46,039 [pool-27-thread-1] INFO  impl.RaftServerImpl (RaftServerImpl.java:setRole(174)) - f0cb1a3f-6ac7-4eb8-9514-6a797ff8471f@group-A483B260BC72: changes role from      null to FOLLOWER at term 0 for startAsFollower
2019-10-09 13:03:46,040 [pool-27-thread-1] INFO  impl.RoleInfo (RoleInfo.java:updateAndGet(143)) - f0cb1a3f-6ac7-4eb8-9514-6a797ff8471f: start FollowerState
2019-10-09 13:03:46,040 [pool-27-thread-1] INFO  util.JmxRegister (JmxRegister.java:tryRegister(44)) - Successfully registered JMX Bean with object name Ratis:service=RaftServer,group=group-A483B260BC72,id=f0cb1a3f-6ac7-4eb8-9514-6a797ff8471f
2019-10-09 13:03:46,040 [pool-67-thread-1] INFO  impl.RaftServerImpl (RaftServerImpl.java:start(185)) - 3eeab9a4-47d5-4980-9c6e-5102901e869a@group-A483B260BC72: start as a follower, conf=-1: [4f75c367-51e4-41c9-9287-4e8dd97f5c38:192.168.5.175:40325, 3eeab9a4-47d5-4980-9c6e-5102901e869a:192.168.5.175:43254, f0cb1a3f-6ac7-4eb8-9514-6a797ff8471f:192.168.5.175:39769], old=null
2019-10-09 13:03:46,041 [pool-67-thread-1] INFO  impl.RaftServerImpl (RaftServerImpl.java:setRole(174)) - 3eeab9a4-47d5-4980-9c6e-5102901e869a@group-A483B260BC72: changes role from      null to FOLLOWER at term 0 for startAsFollower
2019-10-09 13:03:46,041 [pool-67-thread-1] INFO  impl.RoleInfo (RoleInfo.java:updateAndGet(143)) - 3eeab9a4-47d5-4980-9c6e-5102901e869a: start FollowerState
2019-10-09 13:03:46,041 [pool-67-thread-1] INFO  util.JmxRegister (JmxRegister.java:tryRegister(44)) - Successfully registered JMX Bean with object name Ratis:service=RaftServer,group=group-A483B260BC72,id=3eeab9a4-47d5-4980-9c6e-5102901e869a
2019-10-09 13:03:46,050 [RatisPipelineUtilsThread] INFO  pipeline.PipelineStateManager (PipelineStateManager.java:addPipeline(56)) - Created pipeline Pipeline[ Id: 8b67ea2b-8e0b-404b-87ee-a483b260bc72, Nodes: f0cb1a3f-6ac7-4eb8-9514-6a797ff8471f{ip: 192.168.5.175, host: pr-hdds-1569-mfl88-1504498049, networkLocation: /default-rack, certSerialId: null}3eeab9a4-47d5-4980-9c6e-5102901e869a{ip: 192.168.5.175, host: pr-hdds-1569-mfl88-1504498049, networkLocation: /default-rack, certSerialId: null}4f75c367-51e4-41c9-9287-4e8dd97f5c38{ip: 192.168.5.175, host: pr-hdds-1569-mfl88-1504498049, networkLocation: /default-rack, certSerialId: null}, Type:RATIS, Factor:THREE, State:OPEN]
2019-10-09 13:03:46,066 [grpc-default-executor-0] INFO  impl.RaftServerProxy (RaftServerProxy.java:addNew(89)) - 4f75c367-51e4-41c9-9287-4e8dd97f5c38: addNew group-75761DEE94FB:[4f75c367-51e4-41c9-9287-4e8dd97f5c38:192.168.5.175:40325, 3eeab9a4-47d5-4980-9c6e-5102901e869a:192.168.5.175:43254, f0cb1a3f-6ac7-4eb8-9514-6a797ff8471f:192.168.5.175:39769] returns group-75761DEE94FB:java.util.concurrent.CompletableFuture@75a51319[Not completed]
2019-10-09 13:03:46,071 [grpc-default-executor-2] INFO  impl.RaftServerProxy (RaftServerProxy.java:addNew(89)) - f0cb1a3f-6ac7-4eb8-9514-6a797ff8471f: addNew group-75761DEE94FB:[4f75c367-51e4-41c9-9287-4e8dd97f5c38:192.168.5.175:40325, 3eeab9a4-47d5-4980-9c6e-5102901e869a:192.168.5.175:43254, f0cb1a3f-6ac7-4eb8-9514-6a797ff8471f:192.168.5.175:39769] returns group-75761DEE94FB:java.util.concurrent.CompletableFuture@5b3158dd[Not completed]
2019-10-09 13:03:46,073 [grpc-default-executor-0] INFO  impl.RaftServerProxy (RaftServerProxy.java:addNew(89)) - 3eeab9a4-47d5-4980-9c6e-5102901e869a: addNew group-75761DEE94FB:[4f75c367-51e4-41c9-9287-4e8dd97f5c38:192.168.5.175:40325, 3eeab9a4-47d5-4980-9c6e-5102901e869a:192.168.5.175:43254, f0cb1a3f-6ac7-4eb8-9514-6a797ff8471f:192.168.5.175:39769] returns group-75761DEE94FB:java.util.concurrent.CompletableFuture@4d813ecf[Not completed]
2019-10-09 13:03:46,074 [pool-47-thread-1] INFO  impl.RaftServerImpl (RaftServerImpl.java:<init>(95)) - 4f75c367-51e4-41c9-9287-4e8dd97f5c38: new RaftServerImpl for group-75761DEE94FB:[4f75c367-51e4-41c9-9287-4e8dd97f5c38:192.168.5.175:40325, 3eeab9a4-47d5-4980-9c6e-5102901e869a:192.168.5.175:43254, f0cb1a3f-6ac7-4eb8-9514-6a797ff8471f:192.168.5.175:39769] with ContainerStateMachine:uninitialized
2019-10-09 13:03:46,074 [pool-47-thread-1] INFO  server.RaftServerConfigKeys (ConfUtils.java:logGet(43)) - raft.server.rpc.timeout.min = 5s (custom)
2019-10-09 13:03:46,074 [pool-47-thread-1] INFO  server.RaftServerConfigKeys (ConfUtils.java:logGet(43)) - raft.server.rpc.timeout.max = 5200ms (custom)
2019-10-09 13:03:46,074 [pool-47-thread-1] INFO  server.RaftServerConfigKeys (ConfUtils.java:logGet(43)) - raft.server.rpcslowness.timeout = 120s (custom)
2019-10-09 13:03:46,074 [pool-47-thread-1] INFO  server.RaftServerConfigKeys (ConfUtils.java:logGet(43)) - raft.server.sleep.deviation.threshold = 300 (default)
2019-10-09 13:03:46,075 [pool-47-thread-1] INFO  server.RaftServerConfigKeys (ConfUtils.java:logGet(43)) - raft.server.log.appender.install.snapshot.enabled = false (custom)
2019-10-09 13:03:46,075 [pool-47-thread-1] INFO  impl.RaftServerImpl (ServerState.java:<init>(103)) - 4f75c367-51e4-41c9-9287-4e8dd97f5c38@group-75761DEE94FB: ConfigurationManager, init=-1: [4f75c367-51e4-41c9-9287-4e8dd97f5c38:192.168.5.175:40325, 3eeab9a4-47d5-4980-9c6e-5102901e869a:192.168.5.175:43254, f0cb1a3f-6ac7-4eb8-9514-6a797ff8471f:192.168.5.175:39769], old=null, confs=<EMPTY_MAP>
2019-10-09 13:03:46,075 [pool-47-thread-1] INFO  server.RaftServerConfigKeys (ConfUtils.java:logGet(43)) - raft.server.storage.dir = [/workdir/hadoop-ozone/integration-test/target/test-dir/MiniOzoneClusterImpl-92c4d179-1d16-4416-8bce-4538b25b782c/datanode-2/data/ratis] (custom)
2019-10-09 13:03:46,075 [pool-27-thread-1] INFO  impl.RaftServerImpl (RaftServerImpl.java:<init>(95)) - f0cb1a3f-6ac7-4eb8-9514-6a797ff8471f: new RaftServerImpl for group-75761DEE94FB:[4f75c367-51e4-41c9-9287-4e8dd97f5c38:192.168.5.175:40325, 3eeab9a4-47d5-4980-9c6e-5102901e869a:192.168.5.175:43254, f0cb1a3f-6ac7-4eb8-9514-6a797ff8471f:192.168.5.175:39769] with ContainerStateMachine:uninitialized
2019-10-09 13:03:46,075 [pool-47-thread-1] INFO  storage.RaftStorageDirectory (RaftStorageDirectory.java:analyzeStorage(246)) - The storage directory /workdir/hadoop-ozone/integration-test/target/test-dir/MiniOzoneClusterImpl-92c4d179-1d16-4416-8bce-4538b25b782c/datanode-2/data/ratis/dc025f63-628d-4b31-b53d-75761dee94fb does not exist. Creating ...
2019-10-09 13:03:46,075 [pool-27-thread-1] INFO  server.RaftServerConfigKeys (ConfUtils.java:logGet(43)) - raft.server.rpc.timeout.min = 5s (custom)
2019-10-09 13:03:46,076 [pool-27-thread-1] INFO  server.RaftServerConfigKeys (ConfUtils.java:logGet(43)) - raft.server.rpc.timeout.max = 5200ms (custom)
2019-10-09 13:03:46,076 [pool-27-thread-1] INFO  server.RaftServerConfigKeys (ConfUtils.java:logGet(43)) - raft.server.rpcslowness.timeout = 120s (custom)
2019-10-09 13:03:46,076 [pool-27-thread-1] INFO  server.RaftServerConfigKeys (ConfUtils.java:logGet(43)) - raft.server.sleep.deviation.threshold = 300 (default)
2019-10-09 13:03:46,076 [pool-27-thread-1] INFO  server.RaftServerConfigKeys (ConfUtils.java:logGet(43)) - raft.server.log.appender.install.snapshot.enabled = false (custom)
2019-10-09 13:03:46,076 [pool-27-thread-1] INFO  impl.RaftServerImpl (ServerState.java:<init>(103)) - f0cb1a3f-6ac7-4eb8-9514-6a797ff8471f@group-75761DEE94FB: ConfigurationManager, init=-1: [4f75c367-51e4-41c9-9287-4e8dd97f5c38:192.168.5.175:40325, 3eeab9a4-47d5-4980-9c6e-5102901e869a:192.168.5.175:43254, f0cb1a3f-6ac7-4eb8-9514-6a797ff8471f:192.168.5.175:39769], old=null, confs=<EMPTY_MAP>
2019-10-09 13:03:46,076 [pool-67-thread-1] INFO  impl.RaftServerImpl (RaftServerImpl.java:<init>(95)) - 3eeab9a4-47d5-4980-9c6e-5102901e869a: new RaftServerImpl for group-75761DEE94FB:[4f75c367-51e4-41c9-9287-4e8dd97f5c38:192.168.5.175:40325, 3eeab9a4-47d5-4980-9c6e-5102901e869a:192.168.5.175:43254, f0cb1a3f-6ac7-4eb8-9514-6a797ff8471f:192.168.5.175:39769] with ContainerStateMachine:uninitialized
2019-10-09 13:03:46,076 [pool-27-thread-1] INFO  server.RaftServerConfigKeys (ConfUtils.java:logGet(43)) - raft.server.storage.dir = [/workdir/hadoop-ozone/integration-test/target/test-dir/MiniOzoneClusterImpl-92c4d179-1d16-4416-8bce-4538b25b782c/datanode-0/data/ratis] (custom)
2019-10-09 13:03:46,077 [pool-67-thread-1] INFO  server.RaftServerConfigKeys (ConfUtils.java:logGet(43)) - raft.server.rpc.timeout.min = 5s (custom)
2019-10-09 13:03:46,077 [pool-67-thread-1] INFO  server.RaftServerConfigKeys (ConfUtils.java:logGet(43)) - raft.server.rpc.timeout.max = 5200ms (custom)
2019-10-09 13:03:46,077 [pool-27-thread-1] INFO  storage.RaftStorageDirectory (RaftStorageDirectory.java:analyzeStorage(246)) - The storage directory /workdir/hadoop-ozone/integration-test/target/test-dir/MiniOzoneClusterImpl-92c4d179-1d16-4416-8bce-4538b25b782c/datanode-0/data/ratis/dc025f63-628d-4b31-b53d-75761dee94fb does not exist. Creating ...
2019-10-09 13:03:46,077 [pool-67-thread-1] INFO  server.RaftServerConfigKeys (ConfUtils.java:logGet(43)) - raft.server.rpcslowness.timeout = 120s (custom)
2019-10-09 13:03:46,077 [pool-67-thread-1] INFO  server.RaftServerConfigKeys (ConfUtils.java:logGet(43)) - raft.server.sleep.deviation.threshold = 300 (default)
2019-10-09 13:03:46,077 [pool-67-thread-1] INFO  server.RaftServerConfigKeys (ConfUtils.java:logGet(43)) - raft.server.log.appender.install.snapshot.enabled = false (custom)
2019-10-09 13:03:46,078 [pool-67-thread-1] INFO  impl.RaftServerImpl (ServerState.java:<init>(103)) - 3eeab9a4-47d5-4980-9c6e-5102901e869a@group-75761DEE94FB: ConfigurationManager, init=-1: [4f75c367-51e4-41c9-9287-4e8dd97f5c38:192.168.5.175:40325, 3eeab9a4-47d5-4980-9c6e-5102901e869a:192.168.5.175:43254, f0cb1a3f-6ac7-4eb8-9514-6a797ff8471f:192.168.5.175:39769], old=null, confs=<EMPTY_MAP>
2019-10-09 13:03:46,078 [pool-67-thread-1] INFO  server.RaftServerConfigKeys (ConfUtils.java:logGet(43)) - raft.server.storage.dir = [/workdir/hadoop-ozone/integration-test/target/test-dir/MiniOzoneClusterImpl-92c4d179-1d16-4416-8bce-4538b25b782c/datanode-4/data/ratis] (custom)
2019-10-09 13:03:46,078 [pool-67-thread-1] INFO  storage.RaftStorageDirectory (RaftStorageDirectory.java:analyzeStorage(246)) - The storage directory /workdir/hadoop-ozone/integration-test/target/test-dir/MiniOzoneClusterImpl-92c4d179-1d16-4416-8bce-4538b25b782c/datanode-4/data/ratis/dc025f63-628d-4b31-b53d-75761dee94fb does not exist. Creating ...
2019-10-09 13:03:46,101 [pool-47-thread-1] INFO  storage.RaftStorageDirectory (RaftStorageDirectory.java:tryLock(328)) - Lock on /workdir/hadoop-ozone/integration-test/target/test-dir/MiniOzoneClusterImpl-92c4d179-1d16-4416-8bce-4538b25b782c/datanode-2/data/ratis/dc025f63-628d-4b31-b53d-75761dee94fb/in_use.lock acquired by nodename 6401@pr-hdds-1569-mfl88-1504498049
2019-10-09 13:03:46,101 [pool-67-thread-1] INFO  storage.RaftStorageDirectory (RaftStorageDirectory.java:tryLock(328)) - Lock on /workdir/hadoop-ozone/integration-test/target/test-dir/MiniOzoneClusterImpl-92c4d179-1d16-4416-8bce-4538b25b782c/datanode-4/data/ratis/dc025f63-628d-4b31-b53d-75761dee94fb/in_use.lock acquired by nodename 6401@pr-hdds-1569-mfl88-1504498049
2019-10-09 13:03:46,101 [pool-27-thread-1] INFO  storage.RaftStorageDirectory (RaftStorageDirectory.java:tryLock(328)) - Lock on /workdir/hadoop-ozone/integration-test/target/test-dir/MiniOzoneClusterImpl-92c4d179-1d16-4416-8bce-4538b25b782c/datanode-0/data/ratis/dc025f63-628d-4b31-b53d-75761dee94fb/in_use.lock acquired by nodename 6401@pr-hdds-1569-mfl88-1504498049
2019-10-09 13:03:46,114 [pool-27-thread-1] INFO  storage.RaftStorage (RaftStorage.java:format(72)) - Storage directory /workdir/hadoop-ozone/integration-test/target/test-dir/MiniOzoneClusterImpl-92c4d179-1d16-4416-8bce-4538b25b782c/datanode-0/data/ratis/dc025f63-628d-4b31-b53d-75761dee94fb has been successfully formatted.
2019-10-09 13:03:46,114 [pool-67-thread-1] INFO  storage.RaftStorage (RaftStorage.java:format(72)) - Storage directory /workdir/hadoop-ozone/integration-test/target/test-dir/MiniOzoneClusterImpl-92c4d179-1d16-4416-8bce-4538b25b782c/datanode-4/data/ratis/dc025f63-628d-4b31-b53d-75761dee94fb has been successfully formatted.
2019-10-09 13:03:46,115 [pool-27-thread-1] INFO  ratis.ContainerStateMachine (ContainerStateMachine.java:loadSnapshot(230)) - group-75761DEE94FB: The snapshot info is null. Setting the last applied indexto:(t:0, i:~)
2019-10-09 13:03:46,114 [pool-47-thread-1] INFO  storage.RaftStorage (RaftStorage.java:format(72)) - Storage directory /workdir/hadoop-ozone/integration-test/target/test-dir/MiniOzoneClusterImpl-92c4d179-1d16-4416-8bce-4538b25b782c/datanode-2/data/ratis/dc025f63-628d-4b31-b53d-75761dee94fb has been successfully formatted.
2019-10-09 13:03:46,115 [pool-67-thread-1] INFO  ratis.ContainerStateMachine (ContainerStateMachine.java:loadSnapshot(230)) - group-75761DEE94FB: The snapshot info is null. Setting the last applied indexto:(t:0, i:~)
2019-10-09 13:03:46,115 [pool-27-thread-1] INFO  server.RaftServerConfigKeys (ConfUtils.java:logGet(43)) - raft.server.notification.no-leader.timeout = 120s (custom)
2019-10-09 13:03:46,115 [pool-67-thread-1] INFO  server.RaftServerConfigKeys (ConfUtils.java:logGet(43)) - raft.server.notification.no-leader.timeout = 120s (custom)
2019-10-09 13:03:46,115 [pool-47-thread-1] INFO  ratis.ContainerStateMachine (ContainerStateMachine.java:loadSnapshot(230)) - group-75761DEE94FB: The snapshot info is null. Setting the last applied indexto:(t:0, i:~)
2019-10-09 13:03:46,115 [pool-67-thread-1] INFO  server.RaftServerConfigKeys (ConfUtils.java:logGet(43)) - raft.server.log.use.memory = false (default)
2019-10-09 13:03:46,115 [pool-27-thread-1] INFO  server.RaftServerConfigKeys (ConfUtils.java:logGet(43)) - raft.server.log.use.memory = false (default)
2019-10-09 13:03:46,116 [pool-67-thread-1] INFO  server.RaftServerConfigKeys (ConfUtils.java:logGet(43)) - raft.server.log.purge.gap = 1000000 (custom)
2019-10-09 13:03:46,116 [pool-47-thread-1] INFO  server.RaftServerConfigKeys (ConfUtils.java:logGet(43)) - raft.server.notification.no-leader.timeout = 120s (custom)
2019-10-09 13:03:46,116 [pool-67-thread-1] INFO  server.RaftServerConfigKeys (ConfUtils.java:logGet(43)) - raft.server.log.appender.buffer.byte-limit = 33554432 (custom)
2019-10-09 13:03:46,116 [pool-27-thread-1] INFO  server.RaftServerConfigKeys (ConfUtils.java:logGet(43)) - raft.server.log.purge.gap = 1000000 (custom)
2019-10-09 13:03:46,116 [pool-67-thread-1] INFO  server.RaftServerConfigKeys (ConfUtils.java:logGet(43)) - raft.server.log.segment.size.max = 1048576 (custom)
2019-10-09 13:03:46,116 [pool-47-thread-1] INFO  server.RaftServerConfigKeys (ConfUtils.java:logGet(43)) - raft.server.log.use.memory = false (default)
2019-10-09 13:03:46,117 [pool-67-thread-1] INFO  server.RaftServerConfigKeys (ConfUtils.java:logGet(43)) - raft.server.log.segment.cache.num.max = 2 (custom)
2019-10-09 13:03:46,116 [pool-27-thread-1] INFO  server.RaftServerConfigKeys (ConfUtils.java:logGet(43)) - raft.server.log.appender.buffer.byte-limit = 33554432 (custom)
2019-10-09 13:03:46,117 [pool-67-thread-1] INFO  segmented.SegmentedRaftLogWorker (SegmentedRaftLogWorker.java:<init>(172)) - new 3eeab9a4-47d5-4980-9c6e-5102901e869a@group-75761DEE94FB-SegmentedRaftLogWorker for RaftStorage:Storage Directory /workdir/hadoop-ozone/integration-test/target/test-dir/MiniOzoneClusterImpl-92c4d179-1d16-4416-8bce-4538b25b782c/datanode-4/data/ratis/dc025f63-628d-4b31-b53d-75761dee94fb
2019-10-09 13:03:46,117 [pool-47-thread-1] INFO  server.RaftServerConfigKeys (ConfUtils.java:logGet(43)) - raft.server.log.purge.gap = 1000000 (custom)
2019-10-09 13:03:46,117 [pool-67-thread-1] INFO  server.RaftServerConfigKeys (ConfUtils.java:logGet(43)) - raft.server.log.queue.byte-limit = 2147483647 (custom)
2019-10-09 13:03:46,117 [pool-27-thread-1] INFO  server.RaftServerConfigKeys (ConfUtils.java:logGet(43)) - raft.server.log.segment.size.max = 1048576 (custom)
2019-10-09 13:03:46,117 [pool-67-thread-1] INFO  server.RaftServerConfigKeys (ConfUtils.java:logGet(43)) - raft.server.log.queue.element-limit = 1024 (custom)
2019-10-09 13:03:46,117 [pool-47-thread-1] INFO  server.RaftServerConfigKeys (ConfUtils.java:logGet(43)) - raft.server.log.appender.buffer.byte-limit = 33554432 (custom)
2019-10-09 13:03:46,118 [pool-67-thread-1] INFO  server.RaftServerConfigKeys (ConfUtils.java:logGet(43)) - raft.server.log.segment.size.max = 1048576 (custom)
2019-10-09 13:03:46,118 [pool-27-thread-1] INFO  server.RaftServerConfigKeys (ConfUtils.java:logGet(43)) - raft.server.log.segment.cache.num.max = 2 (custom)
2019-10-09 13:03:46,118 [pool-67-thread-1] INFO  server.RaftServerConfigKeys (ConfUtils.java:logGet(43)) - raft.server.log.preallocated.size = 16384 (custom)
2019-10-09 13:03:46,118 [pool-47-thread-1] INFO  server.RaftServerConfigKeys (ConfUtils.java:logGet(43)) - raft.server.log.segment.size.max = 1048576 (custom)
2019-10-09 13:03:46,118 [pool-67-thread-1] INFO  server.RaftServerConfigKeys (ConfUtils.java:logGet(43)) - raft.server.log.write.buffer.size = 33554432 (custom)
2019-10-09 13:03:46,118 [pool-27-thread-1] INFO  segmented.SegmentedRaftLogWorker (SegmentedRaftLogWorker.java:<init>(172)) - new f0cb1a3f-6ac7-4eb8-9514-6a797ff8471f@group-75761DEE94FB-SegmentedRaftLogWorker for RaftStorage:Storage Directory /workdir/hadoop-ozone/integration-test/target/test-dir/MiniOzoneClusterImpl-92c4d179-1d16-4416-8bce-4538b25b782c/datanode-0/data/ratis/dc025f63-628d-4b31-b53d-75761dee94fb
2019-10-09 13:03:46,119 [pool-67-thread-1] INFO  server.RaftServerConfigKeys (ConfUtils.java:logGet(43)) - raft.server.log.force.sync.num = 128 (default)
2019-10-09 13:03:46,119 [pool-47-thread-1] INFO  server.RaftServerConfigKeys (ConfUtils.java:logGet(43)) - raft.server.log.segment.cache.num.max = 2 (custom)
2019-10-09 13:03:46,119 [pool-67-thread-1] INFO  server.RaftServerConfigKeys (ConfUtils.java:logGet(43)) - raft.server.log.statemachine.data.sync = true (default)
2019-10-09 13:03:46,119 [pool-27-thread-1] INFO  server.RaftServerConfigKeys (ConfUtils.java:logGet(43)) - raft.server.log.queue.byte-limit = 2147483647 (custom)
2019-10-09 13:03:46,119 [pool-67-thread-1] INFO  server.RaftServerConfigKeys (ConfUtils.java:logGet(43)) - raft.server.log.statemachine.data.sync.timeout = 10s (default)
2019-10-09 13:03:46,119 [pool-47-thread-1] INFO  segmented.SegmentedRaftLogWorker (SegmentedRaftLogWorker.java:<init>(172)) - new 4f75c367-51e4-41c9-9287-4e8dd97f5c38@group-75761DEE94FB-SegmentedRaftLogWorker for RaftStorage:Storage Directory /workdir/hadoop-ozone/integration-test/target/test-dir/MiniOzoneClusterImpl-92c4d179-1d16-4416-8bce-4538b25b782c/datanode-2/data/ratis/dc025f63-628d-4b31-b53d-75761dee94fb
2019-10-09 13:03:46,120 [pool-67-thread-1] INFO  server.RaftServerConfigKeys (ConfUtils.java:logGet(43)) - raft.server.log.statemachine.data.sync.timeout.retry = -1 (default)
2019-10-09 13:03:46,120 [pool-27-thread-1] INFO  server.RaftServerConfigKeys (ConfUtils.java:logGet(43)) - raft.server.log.queue.element-limit = 1024 (custom)
2019-10-09 13:03:46,120 [pool-67-thread-1] INFO  server.RaftServerConfigKeys (ConfUtils.java:logGet(43)) - raft.server.log.statemachine.data.caching.enabled = true (custom)
2019-10-09 13:03:46,120 [pool-47-thread-1] INFO  server.RaftServerConfigKeys (ConfUtils.java:logGet(43)) - raft.server.log.queue.byte-limit = 2147483647 (custom)
2019-10-09 13:03:46,120 [pool-27-thread-1] INFO  server.RaftServerConfigKeys (ConfUtils.java:logGet(43)) - raft.server.log.segment.size.max = 1048576 (custom)
2019-10-09 13:03:46,120 [pool-47-thread-1] INFO  server.RaftServerConfigKeys (ConfUtils.java:logGet(43)) - raft.server.log.queue.element-limit = 1024 (custom)
2019-10-09 13:03:46,121 [pool-67-thread-1] INFO  segmented.SegmentedRaftLogWorker (SegmentedRaftLogWorker.java:lambda$new$0(132)) - 3eeab9a4-47d5-4980-9c6e-5102901e869a@group-75761DEE94FB-SegmentedRaftLogWorker: flushIndex: setUnconditionally 0 -> -1
2019-10-09 13:03:46,121 [pool-27-thread-1] INFO  server.RaftServerConfigKeys (ConfUtils.java:logGet(43)) - raft.server.log.preallocated.size = 16384 (custom)
2019-10-09 13:03:46,121 [pool-47-thread-1] INFO  server.RaftServerConfigKeys (ConfUtils.java:logGet(43)) - raft.server.log.segment.size.max = 1048576 (custom)
2019-10-09 13:03:46,121 [pool-67-thread-1] INFO  server.RaftServerConfigKeys (ConfUtils.java:logGet(43)) - raft.server.snapshot.auto.trigger.enabled = true (custom)
2019-10-09 13:03:46,121 [pool-27-thread-1] INFO  server.RaftServerConfigKeys (ConfUtils.java:logGet(43)) - raft.server.log.write.buffer.size = 33554432 (custom)
2019-10-09 13:03:46,121 [pool-67-thread-1] INFO  server.RaftServerConfigKeys (ConfUtils.java:logGet(43)) - raft.server.snapshot.auto.trigger.threshold = 10000 (custom)
2019-10-09 13:03:46,121 [pool-47-thread-1] INFO  server.RaftServerConfigKeys (ConfUtils.java:logGet(43)) - raft.server.log.preallocated.size = 16384 (custom)
2019-10-09 13:03:46,122 [pool-67-thread-1] INFO  server.RaftServerConfigKeys (ConfUtils.java:logGet(43)) - raft.server.snapshot.retention.num.files = 5 (custom)
2019-10-09 13:03:46,121 [pool-27-thread-1] INFO  server.RaftServerConfigKeys (ConfUtils.java:logGet(43)) - raft.server.log.force.sync.num = 128 (default)
2019-10-09 13:03:46,122 [pool-67-thread-1] INFO  server.RaftServerConfigKeys (ConfUtils.java:logGet(43)) - raft.server.retrycache.expirytime = 600000ms (custom)
2019-10-09 13:03:46,122 [pool-47-thread-1] INFO  server.RaftServerConfigKeys (ConfUtils.java:logGet(43)) - raft.server.log.write.buffer.size = 33554432 (custom)
2019-10-09 13:03:46,122 [pool-27-thread-1] INFO  server.RaftServerConfigKeys (ConfUtils.java:logGet(43)) - raft.server.log.statemachine.data.sync = true (default)
2019-10-09 13:03:46,122 [pool-47-thread-1] INFO  server.RaftServerConfigKeys (ConfUtils.java:logGet(43)) - raft.server.log.force.sync.num = 128 (default)
2019-10-09 13:03:46,123 [pool-27-thread-1] INFO  server.RaftServerConfigKeys (ConfUtils.java:logGet(43)) - raft.server.log.statemachine.data.sync.timeout = 10s (default)
2019-10-09 13:03:46,123 [pool-47-thread-1] INFO  server.RaftServerConfigKeys (ConfUtils.java:logGet(43)) - raft.server.log.statemachine.data.sync = true (default)
2019-10-09 13:03:46,123 [pool-27-thread-1] INFO  server.RaftServerConfigKeys (ConfUtils.java:logGet(43)) - raft.server.log.statemachine.data.sync.timeout.retry = -1 (default)
2019-10-09 13:03:46,123 [pool-47-thread-1] INFO  server.RaftServerConfigKeys (ConfUtils.java:logGet(43)) - raft.server.log.statemachine.data.sync.timeout = 10s (default)
2019-10-09 13:03:46,123 [pool-27-thread-1] INFO  server.RaftServerConfigKeys (ConfUtils.java:logGet(43)) - raft.server.log.statemachine.data.caching.enabled = true (custom)
2019-10-09 13:03:46,123 [pool-47-thread-1] INFO  server.RaftServerConfigKeys (ConfUtils.java:logGet(43)) - raft.server.log.statemachine.data.sync.timeout.retry = -1 (default)
2019-10-09 13:03:46,123 [pool-27-thread-1] INFO  segmented.SegmentedRaftLogWorker (SegmentedRaftLogWorker.java:lambda$new$0(132)) - f0cb1a3f-6ac7-4eb8-9514-6a797ff8471f@group-75761DEE94FB-SegmentedRaftLogWorker: flushIndex: setUnconditionally 0 -> -1
2019-10-09 13:03:46,124 [pool-47-thread-1] INFO  server.RaftServerConfigKeys (ConfUtils.java:logGet(43)) - raft.server.log.statemachine.data.caching.enabled = true (custom)
2019-10-09 13:03:46,124 [pool-27-thread-1] INFO  server.RaftServerConfigKeys (ConfUtils.java:logGet(43)) - raft.server.snapshot.auto.trigger.enabled = true (custom)
2019-10-09 13:03:46,124 [pool-27-thread-1] INFO  server.RaftServerConfigKeys (ConfUtils.java:logGet(43)) - raft.server.snapshot.auto.trigger.threshold = 10000 (custom)
2019-10-09 13:03:46,124 [pool-47-thread-1] INFO  segmented.SegmentedRaftLogWorker (SegmentedRaftLogWorker.java:lambda$new$0(132)) - 4f75c367-51e4-41c9-9287-4e8dd97f5c38@group-75761DEE94FB-SegmentedRaftLogWorker: flushIndex: setUnconditionally 0 -> -1
2019-10-09 13:03:46,124 [pool-27-thread-1] INFO  server.RaftServerConfigKeys (ConfUtils.java:logGet(43)) - raft.server.snapshot.retention.num.files = 5 (custom)
2019-10-09 13:03:46,124 [pool-27-thread-1] INFO  server.RaftServerConfigKeys (ConfUtils.java:logGet(43)) - raft.server.retrycache.expirytime = 600000ms (custom)
2019-10-09 13:03:46,124 [pool-47-thread-1] INFO  server.RaftServerConfigKeys (ConfUtils.java:logGet(43)) - raft.server.snapshot.auto.trigger.enabled = true (custom)
2019-10-09 13:03:46,125 [pool-47-thread-1] INFO  server.RaftServerConfigKeys (ConfUtils.java:logGet(43)) - raft.server.snapshot.auto.trigger.threshold = 10000 (custom)
2019-10-09 13:03:46,125 [pool-47-thread-1] INFO  server.RaftServerConfigKeys (ConfUtils.java:logGet(43)) - raft.server.snapshot.retention.num.files = 5 (custom)
2019-10-09 13:03:46,125 [pool-47-thread-1] INFO  server.RaftServerConfigKeys (ConfUtils.java:logGet(43)) - raft.server.retrycache.expirytime = 600000ms (custom)
2019-10-09 13:03:46,126 [pool-67-thread-1] INFO  impl.RaftServerImpl (RaftServerImpl.java:start(185)) - 3eeab9a4-47d5-4980-9c6e-5102901e869a@group-75761DEE94FB: start as a follower, conf=-1: [4f75c367-51e4-41c9-9287-4e8dd97f5c38:192.168.5.175:40325, 3eeab9a4-47d5-4980-9c6e-5102901e869a:192.168.5.175:43254, f0cb1a3f-6ac7-4eb8-9514-6a797ff8471f:192.168.5.175:39769], old=null
2019-10-09 13:03:46,126 [pool-67-thread-1] INFO  impl.RaftServerImpl (RaftServerImpl.java:setRole(174)) - 3eeab9a4-47d5-4980-9c6e-5102901e869a@group-75761DEE94FB: changes role from      null to FOLLOWER at term 0 for startAsFollower
2019-10-09 13:03:46,126 [pool-67-thread-1] INFO  impl.RoleInfo (RoleInfo.java:updateAndGet(143)) - 3eeab9a4-47d5-4980-9c6e-5102901e869a: start FollowerState
2019-10-09 13:03:46,127 [pool-67-thread-1] INFO  util.JmxRegister (JmxRegister.java:tryRegister(44)) - Successfully registered JMX Bean with object name Ratis:service=RaftServer,group=group-75761DEE94FB,id=3eeab9a4-47d5-4980-9c6e-5102901e869a
2019-10-09 13:03:46,128 [pool-27-thread-1] INFO  impl.RaftServerImpl (RaftServerImpl.java:start(185)) - f0cb1a3f-6ac7-4eb8-9514-6a797ff8471f@group-75761DEE94FB: start as a follower, conf=-1: [4f75c367-51e4-41c9-9287-4e8dd97f5c38:192.168.5.175:40325, 3eeab9a4-47d5-4980-9c6e-5102901e869a:192.168.5.175:43254, f0cb1a3f-6ac7-4eb8-9514-6a797ff8471f:192.168.5.175:39769], old=null
2019-10-09 13:03:46,128 [pool-27-thread-1] INFO  impl.RaftServerImpl (RaftServerImpl.java:setRole(174)) - f0cb1a3f-6ac7-4eb8-9514-6a797ff8471f@group-75761DEE94FB: changes role from      null to FOLLOWER at term 0 for startAsFollower
2019-10-09 13:03:46,128 [pool-27-thread-1] INFO  impl.RoleInfo (RoleInfo.java:updateAndGet(143)) - f0cb1a3f-6ac7-4eb8-9514-6a797ff8471f: start FollowerState
2019-10-09 13:03:46,128 [pool-47-thread-1] INFO  impl.RaftServerImpl (RaftServerImpl.java:start(185)) - 4f75c367-51e4-41c9-9287-4e8dd97f5c38@group-75761DEE94FB: start as a follower, conf=-1: [4f75c367-51e4-41c9-9287-4e8dd97f5c38:192.168.5.175:40325, 3eeab9a4-47d5-4980-9c6e-5102901e869a:192.168.5.175:43254, f0cb1a3f-6ac7-4eb8-9514-6a797ff8471f:192.168.5.175:39769], old=null
2019-10-09 13:03:46,129 [pool-27-thread-1] INFO  util.JmxRegister (JmxRegister.java:tryRegister(44)) - Successfully registered JMX Bean with object name Ratis:service=RaftServer,group=group-75761DEE94FB,id=f0cb1a3f-6ac7-4eb8-9514-6a797ff8471f
2019-10-09 13:03:46,129 [pool-47-thread-1] INFO  impl.RaftServerImpl (RaftServerImpl.java:setRole(174)) - 4f75c367-51e4-41c9-9287-4e8dd97f5c38@group-75761DEE94FB: changes role from      null to FOLLOWER at term 0 for startAsFollower
2019-10-09 13:03:46,129 [pool-47-thread-1] INFO  impl.RoleInfo (RoleInfo.java:updateAndGet(143)) - 4f75c367-51e4-41c9-9287-4e8dd97f5c38: start FollowerState
2019-10-09 13:03:46,129 [pool-47-thread-1] INFO  util.JmxRegister (JmxRegister.java:tryRegister(44)) - Successfully registered JMX Bean with object name Ratis:service=RaftServer,group=group-75761DEE94FB,id=4f75c367-51e4-41c9-9287-4e8dd97f5c38
2019-10-09 13:03:46,138 [RatisPipelineUtilsThread] INFO  pipeline.PipelineStateManager (PipelineStateManager.java:addPipeline(56)) - Created pipeline Pipeline[ Id: dc025f63-628d-4b31-b53d-75761dee94fb, Nodes: f0cb1a3f-6ac7-4eb8-9514-6a797ff8471f{ip: 192.168.5.175, host: pr-hdds-1569-mfl88-1504498049, networkLocation: /default-rack, certSerialId: null}4f75c367-51e4-41c9-9287-4e8dd97f5c38{ip: 192.168.5.175, host: pr-hdds-1569-mfl88-1504498049, networkLocation: /default-rack, certSerialId: null}3eeab9a4-47d5-4980-9c6e-5102901e869a{ip: 192.168.5.175, host: pr-hdds-1569-mfl88-1504498049, networkLocation: /default-rack, certSerialId: null}, Type:RATIS, Factor:THREE, State:OPEN]
2019-10-09 13:03:46,163 [grpc-default-executor-1] INFO  impl.RaftServerProxy (RaftServerProxy.java:addNew(89)) - 3eeab9a4-47d5-4980-9c6e-5102901e869a: addNew group-C24D4FE0C6F2:[4f75c367-51e4-41c9-9287-4e8dd97f5c38:192.168.5.175:40325, 3eeab9a4-47d5-4980-9c6e-5102901e869a:192.168.5.175:43254, f0cb1a3f-6ac7-4eb8-9514-6a797ff8471f:192.168.5.175:39769] returns group-C24D4FE0C6F2:java.util.concurrent.CompletableFuture@1264fbe3[Not completed]
2019-10-09 13:03:46,170 [grpc-default-executor-1] INFO  impl.RaftServerProxy (RaftServerProxy.java:addNew(89)) - 4f75c367-51e4-41c9-9287-4e8dd97f5c38: addNew group-C24D4FE0C6F2:[4f75c367-51e4-41c9-9287-4e8dd97f5c38:192.168.5.175:40325, 3eeab9a4-47d5-4980-9c6e-5102901e869a:192.168.5.175:43254, f0cb1a3f-6ac7-4eb8-9514-6a797ff8471f:192.168.5.175:39769] returns group-C24D4FE0C6F2:java.util.concurrent.CompletableFuture@54887cd8[Not completed]
2019-10-09 13:03:46,170 [pool-67-thread-1] INFO  impl.RaftServerImpl (RaftServerImpl.java:<init>(95)) - 3eeab9a4-47d5-4980-9c6e-5102901e869a: new RaftServerImpl for group-C24D4FE0C6F2:[4f75c367-51e4-41c9-9287-4e8dd97f5c38:192.168.5.175:40325, 3eeab9a4-47d5-4980-9c6e-5102901e869a:192.168.5.175:43254, f0cb1a3f-6ac7-4eb8-9514-6a797ff8471f:192.168.5.175:39769] with ContainerStateMachine:uninitialized
2019-10-09 13:03:46,172 [grpc-default-executor-2] INFO  impl.RaftServerProxy (RaftServerProxy.java:addNew(89)) - f0cb1a3f-6ac7-4eb8-9514-6a797ff8471f: addNew group-C24D4FE0C6F2:[4f75c367-51e4-41c9-9287-4e8dd97f5c38:192.168.5.175:40325, 3eeab9a4-47d5-4980-9c6e-5102901e869a:192.168.5.175:43254, f0cb1a3f-6ac7-4eb8-9514-6a797ff8471f:192.168.5.175:39769] returns group-C24D4FE0C6F2:java.util.concurrent.CompletableFuture@7185cbd7[Not completed]
2019-10-09 13:03:46,172 [pool-67-thread-1] INFO  server.RaftServerConfigKeys (ConfUtils.java:logGet(43)) - raft.server.rpc.timeout.min = 5s (custom)
2019-10-09 13:03:46,172 [pool-67-thread-1] INFO  server.RaftServerConfigKeys (ConfUtils.java:logGet(43)) - raft.server.rpc.timeout.max = 5200ms (custom)
2019-10-09 13:03:46,173 [pool-67-thread-1] INFO  server.RaftServerConfigKeys (ConfUtils.java:logGet(43)) - raft.server.rpcslowness.timeout = 120s (custom)
2019-10-09 13:03:46,173 [pool-67-thread-1] INFO  server.RaftServerConfigKeys (ConfUtils.java:logGet(43)) - raft.server.sleep.deviation.threshold = 300 (default)
2019-10-09 13:03:46,173 [pool-67-thread-1] INFO  server.RaftServerConfigKeys (ConfUtils.java:logGet(43)) - raft.server.log.appender.install.snapshot.enabled = false (custom)
2019-10-09 13:03:46,173 [pool-67-thread-1] INFO  impl.RaftServerImpl (ServerState.java:<init>(103)) - 3eeab9a4-47d5-4980-9c6e-5102901e869a@group-C24D4FE0C6F2: ConfigurationManager, init=-1: [4f75c367-51e4-41c9-9287-4e8dd97f5c38:192.168.5.175:40325, 3eeab9a4-47d5-4980-9c6e-5102901e869a:192.168.5.175:43254, f0cb1a3f-6ac7-4eb8-9514-6a797ff8471f:192.168.5.175:39769], old=null, confs=<EMPTY_MAP>
2019-10-09 13:03:46,173 [pool-67-thread-1] INFO  server.RaftServerConfigKeys (ConfUtils.java:logGet(43)) - raft.server.storage.dir = [/workdir/hadoop-ozone/integration-test/target/test-dir/MiniOzoneClusterImpl-92c4d179-1d16-4416-8bce-4538b25b782c/datanode-4/data/ratis] (custom)
2019-10-09 13:03:46,174 [pool-47-thread-1] INFO  impl.RaftServerImpl (RaftServerImpl.java:<init>(95)) - 4f75c367-51e4-41c9-9287-4e8dd97f5c38: new RaftServerImpl for group-C24D4FE0C6F2:[4f75c367-51e4-41c9-9287-4e8dd97f5c38:192.168.5.175:40325, 3eeab9a4-47d5-4980-9c6e-5102901e869a:192.168.5.175:43254, f0cb1a3f-6ac7-4eb8-9514-6a797ff8471f:192.168.5.175:39769] with ContainerStateMachine:uninitialized
2019-10-09 13:03:46,174 [pool-67-thread-1] INFO  storage.RaftStorageDirectory (RaftStorageDirectory.java:analyzeStorage(246)) - The storage directory /workdir/hadoop-ozone/integration-test/target/test-dir/MiniOzoneClusterImpl-92c4d179-1d16-4416-8bce-4538b25b782c/datanode-4/data/ratis/1c735ac8-e1e7-4625-9f7b-c24d4fe0c6f2 does not exist. Creating ...
2019-10-09 13:03:46,174 [pool-47-thread-1] INFO  server.RaftServerConfigKeys (ConfUtils.java:logGet(43)) - raft.server.rpc.timeout.min = 5s (custom)
2019-10-09 13:03:46,174 [pool-47-thread-1] INFO  server.RaftServerConfigKeys (ConfUtils.java:logGet(43)) - raft.server.rpc.timeout.max = 5200ms (custom)
2019-10-09 13:03:46,174 [pool-47-thread-1] INFO  server.RaftServerConfigKeys (ConfUtils.java:logGet(43)) - raft.server.rpcslowness.timeout = 120s (custom)
2019-10-09 13:03:46,174 [pool-47-thread-1] INFO  server.RaftServerConfigKeys (ConfUtils.java:logGet(43)) - raft.server.sleep.deviation.threshold = 300 (default)
2019-10-09 13:03:46,174 [pool-47-thread-1] INFO  server.RaftServerConfigKeys (ConfUtils.java:logGet(43)) - raft.server.log.appender.install.snapshot.enabled = false (custom)
2019-10-09 13:03:46,175 [pool-47-thread-1] INFO  impl.RaftServerImpl (ServerState.java:<init>(103)) - 4f75c367-51e4-41c9-9287-4e8dd97f5c38@group-C24D4FE0C6F2: ConfigurationManager, init=-1: [4f75c367-51e4-41c9-9287-4e8dd97f5c38:192.168.5.175:40325, 3eeab9a4-47d5-4980-9c6e-5102901e869a:192.168.5.175:43254, f0cb1a3f-6ac7-4eb8-9514-6a797ff8471f:192.168.5.175:39769], old=null, confs=<EMPTY_MAP>
2019-10-09 13:03:46,175 [pool-27-thread-1] INFO  impl.RaftServerImpl (RaftServerImpl.java:<init>(95)) - f0cb1a3f-6ac7-4eb8-9514-6a797ff8471f: new RaftServerImpl for group-C24D4FE0C6F2:[4f75c367-51e4-41c9-9287-4e8dd97f5c38:192.168.5.175:40325, 3eeab9a4-47d5-4980-9c6e-5102901e869a:192.168.5.175:43254, f0cb1a3f-6ac7-4eb8-9514-6a797ff8471f:192.168.5.175:39769] with ContainerStateMachine:uninitialized
2019-10-09 13:03:46,175 [pool-47-thread-1] INFO  server.RaftServerConfigKeys (ConfUtils.java:logGet(43)) - raft.server.storage.dir = [/workdir/hadoop-ozone/integration-test/target/test-dir/MiniOzoneClusterImpl-92c4d179-1d16-4416-8bce-4538b25b782c/datanode-2/data/ratis] (custom)
2019-10-09 13:03:46,175 [pool-27-thread-1] INFO  server.RaftServerConfigKeys (ConfUtils.java:logGet(43)) - raft.server.rpc.timeout.min = 5s (custom)
2019-10-09 13:03:46,175 [pool-27-thread-1] INFO  server.RaftServerConfigKeys (ConfUtils.java:logGet(43)) - raft.server.rpc.timeout.max = 5200ms (custom)
2019-10-09 13:03:46,175 [pool-27-thread-1] INFO  server.RaftServerConfigKeys (ConfUtils.java:logGet(43)) - raft.server.rpcslowness.timeout = 120s (custom)
2019-10-09 13:03:46,175 [pool-47-thread-1] INFO  storage.RaftStorageDirectory (RaftStorageDirectory.java:analyzeStorage(246)) - The storage directory /workdir/hadoop-ozone/integration-test/target/test-dir/MiniOzoneClusterImpl-92c4d179-1d16-4416-8bce-4538b25b782c/datanode-2/data/ratis/1c735ac8-e1e7-4625-9f7b-c24d4fe0c6f2 does not exist. Creating ...
2019-10-09 13:03:46,175 [pool-27-thread-1] INFO  server.RaftServerConfigKeys (ConfUtils.java:logGet(43)) - raft.server.sleep.deviation.threshold = 300 (default)
2019-10-09 13:03:46,176 [pool-27-thread-1] INFO  server.RaftServerConfigKeys (ConfUtils.java:logGet(43)) - raft.server.log.appender.install.snapshot.enabled = false (custom)
2019-10-09 13:03:46,176 [pool-27-thread-1] INFO  impl.RaftServerImpl (ServerState.java:<init>(103)) - f0cb1a3f-6ac7-4eb8-9514-6a797ff8471f@group-C24D4FE0C6F2: ConfigurationManager, init=-1: [4f75c367-51e4-41c9-9287-4e8dd97f5c38:192.168.5.175:40325, 3eeab9a4-47d5-4980-9c6e-5102901e869a:192.168.5.175:43254, f0cb1a3f-6ac7-4eb8-9514-6a797ff8471f:192.168.5.175:39769], old=null, confs=<EMPTY_MAP>
2019-10-09 13:03:46,176 [pool-27-thread-1] INFO  server.RaftServerConfigKeys (ConfUtils.java:logGet(43)) - raft.server.storage.dir = [/workdir/hadoop-ozone/integration-test/target/test-dir/MiniOzoneClusterImpl-92c4d179-1d16-4416-8bce-4538b25b782c/datanode-0/data/ratis] (custom)
2019-10-09 13:03:46,176 [pool-27-thread-1] INFO  storage.RaftStorageDirectory (RaftStorageDirectory.java:analyzeStorage(246)) - The storage directory /workdir/hadoop-ozone/integration-test/target/test-dir/MiniOzoneClusterImpl-92c4d179-1d16-4416-8bce-4538b25b782c/datanode-0/data/ratis/1c735ac8-e1e7-4625-9f7b-c24d4fe0c6f2 does not exist. Creating ...
2019-10-09 13:03:46,184 [pool-47-thread-1] INFO  storage.RaftStorageDirectory (RaftStorageDirectory.java:tryLock(328)) - Lock on /workdir/hadoop-ozone/integration-test/target/test-dir/MiniOzoneClusterImpl-92c4d179-1d16-4416-8bce-4538b25b782c/datanode-2/data/ratis/1c735ac8-e1e7-4625-9f7b-c24d4fe0c6f2/in_use.lock acquired by nodename 6401@pr-hdds-1569-mfl88-1504498049
2019-10-09 13:03:46,184 [pool-67-thread-1] INFO  storage.RaftStorageDirectory (RaftStorageDirectory.java:tryLock(328)) - Lock on /workdir/hadoop-ozone/integration-test/target/test-dir/MiniOzoneClusterImpl-92c4d179-1d16-4416-8bce-4538b25b782c/datanode-4/data/ratis/1c735ac8-e1e7-4625-9f7b-c24d4fe0c6f2/in_use.lock acquired by nodename 6401@pr-hdds-1569-mfl88-1504498049
2019-10-09 13:03:46,184 [pool-27-thread-1] INFO  storage.RaftStorageDirectory (RaftStorageDirectory.java:tryLock(328)) - Lock on /workdir/hadoop-ozone/integration-test/target/test-dir/MiniOzoneClusterImpl-92c4d179-1d16-4416-8bce-4538b25b782c/datanode-0/data/ratis/1c735ac8-e1e7-4625-9f7b-c24d4fe0c6f2/in_use.lock acquired by nodename 6401@pr-hdds-1569-mfl88-1504498049
2019-10-09 13:03:46,198 [pool-47-thread-1] INFO  storage.RaftStorage (RaftStorage.java:format(72)) - Storage directory /workdir/hadoop-ozone/integration-test/target/test-dir/MiniOzoneClusterImpl-92c4d179-1d16-4416-8bce-4538b25b782c/datanode-2/data/ratis/1c735ac8-e1e7-4625-9f7b-c24d4fe0c6f2 has been successfully formatted.
2019-10-09 13:03:46,198 [pool-27-thread-1] INFO  storage.RaftStorage (RaftStorage.java:format(72)) - Storage directory /workdir/hadoop-ozone/integration-test/target/test-dir/MiniOzoneClusterImpl-92c4d179-1d16-4416-8bce-4538b25b782c/datanode-0/data/ratis/1c735ac8-e1e7-4625-9f7b-c24d4fe0c6f2 has been successfully formatted.
2019-10-09 13:03:46,198 [pool-67-thread-1] INFO  storage.RaftStorage (RaftStorage.java:format(72)) - Storage directory /workdir/hadoop-ozone/integration-test/target/test-dir/MiniOzoneClusterImpl-92c4d179-1d16-4416-8bce-4538b25b782c/datanode-4/data/ratis/1c735ac8-e1e7-4625-9f7b-c24d4fe0c6f2 has been successfully formatted.
2019-10-09 13:03:46,198 [pool-27-thread-1] INFO  ratis.ContainerStateMachine (ContainerStateMachine.java:loadSnapshot(230)) - group-C24D4FE0C6F2: The snapshot info is null. Setting the last applied indexto:(t:0, i:~)
2019-10-09 13:03:46,198 [pool-47-thread-1] INFO  ratis.ContainerStateMachine (ContainerStateMachine.java:loadSnapshot(230)) - group-C24D4FE0C6F2: The snapshot info is null. Setting the last applied indexto:(t:0, i:~)
2019-10-09 13:03:46,199 [pool-27-thread-1] INFO  server.RaftServerConfigKeys (ConfUtils.java:logGet(43)) - raft.server.notification.no-leader.timeout = 120s (custom)
2019-10-09 13:03:46,199 [pool-67-thread-1] INFO  ratis.ContainerStateMachine (ContainerStateMachine.java:loadSnapshot(230)) - group-C24D4FE0C6F2: The snapshot info is null. Setting the last applied indexto:(t:0, i:~)
2019-10-09 13:03:46,199 [pool-27-thread-1] INFO  server.RaftServerConfigKeys (ConfUtils.java:logGet(43)) - raft.server.log.use.memory = false (default)
2019-10-09 13:03:46,199 [pool-47-thread-1] INFO  server.RaftServerConfigKeys (ConfUtils.java:logGet(43)) - raft.server.notification.no-leader.timeout = 120s (custom)
2019-10-09 13:03:46,199 [pool-27-thread-1] INFO  server.RaftServerConfigKeys (ConfUtils.java:logGet(43)) - raft.server.log.purge.gap = 1000000 (custom)
2019-10-09 13:03:46,199 [pool-67-thread-1] INFO  server.RaftServerConfigKeys (ConfUtils.java:logGet(43)) - raft.server.notification.no-leader.timeout = 120s (custom)
2019-10-09 13:03:46,199 [pool-27-thread-1] INFO  server.RaftServerConfigKeys (ConfUtils.java:logGet(43)) - raft.server.log.appender.buffer.byte-limit = 33554432 (custom)
2019-10-09 13:03:46,199 [pool-47-thread-1] INFO  server.RaftServerConfigKeys (ConfUtils.java:logGet(43)) - raft.server.log.use.memory = false (default)
2019-10-09 13:03:46,200 [pool-27-thread-1] INFO  server.RaftServerConfigKeys (ConfUtils.java:logGet(43)) - raft.server.log.segment.size.max = 1048576 (custom)
2019-10-09 13:03:46,200 [pool-67-thread-1] INFO  server.RaftServerConfigKeys (ConfUtils.java:logGet(43)) - raft.server.log.use.memory = false (default)
2019-10-09 13:03:46,200 [pool-27-thread-1] INFO  server.RaftServerConfigKeys (ConfUtils.java:logGet(43)) - raft.server.log.segment.cache.num.max = 2 (custom)
2019-10-09 13:03:46,200 [pool-47-thread-1] INFO  server.RaftServerConfigKeys (ConfUtils.java:logGet(43)) - raft.server.log.purge.gap = 1000000 (custom)
2019-10-09 13:03:46,200 [pool-27-thread-1] INFO  segmented.SegmentedRaftLogWorker (SegmentedRaftLogWorker.java:<init>(172)) - new f0cb1a3f-6ac7-4eb8-9514-6a797ff8471f@group-C24D4FE0C6F2-SegmentedRaftLogWorker for RaftStorage:Storage Directory /workdir/hadoop-ozone/integration-test/target/test-dir/MiniOzoneClusterImpl-92c4d179-1d16-4416-8bce-4538b25b782c/datanode-0/data/ratis/1c735ac8-e1e7-4625-9f7b-c24d4fe0c6f2
2019-10-09 13:03:46,200 [pool-67-thread-1] INFO  server.RaftServerConfigKeys (ConfUtils.java:logGet(43)) - raft.server.log.purge.gap = 1000000 (custom)
2019-10-09 13:03:46,201 [pool-27-thread-1] INFO  server.RaftServerConfigKeys (ConfUtils.java:logGet(43)) - raft.server.log.queue.byte-limit = 2147483647 (custom)
2019-10-09 13:03:46,200 [pool-47-thread-1] INFO  server.RaftServerConfigKeys (ConfUtils.java:logGet(43)) - raft.server.log.appender.buffer.byte-limit = 33554432 (custom)
2019-10-09 13:03:46,201 [pool-27-thread-1] INFO  server.RaftServerConfigKeys (ConfUtils.java:logGet(43)) - raft.server.log.queue.element-limit = 1024 (custom)
2019-10-09 13:03:46,201 [pool-67-thread-1] INFO  server.RaftServerConfigKeys (ConfUtils.java:logGet(43)) - raft.server.log.appender.buffer.byte-limit = 33554432 (custom)
2019-10-09 13:03:46,201 [pool-27-thread-1] INFO  server.RaftServerConfigKeys (ConfUtils.java:logGet(43)) - raft.server.log.segment.size.max = 1048576 (custom)
2019-10-09 13:03:46,201 [pool-47-thread-1] INFO  server.RaftServerConfigKeys (ConfUtils.java:logGet(43)) - raft.server.log.segment.size.max = 1048576 (custom)
2019-10-09 13:03:46,201 [pool-27-thread-1] INFO  server.RaftServerConfigKeys (ConfUtils.java:logGet(43)) - raft.server.log.preallocated.size = 16384 (custom)
2019-10-09 13:03:46,201 [pool-67-thread-1] INFO  server.RaftServerConfigKeys (ConfUtils.java:logGet(43)) - raft.server.log.segment.size.max = 1048576 (custom)
2019-10-09 13:03:46,202 [pool-27-thread-1] INFO  server.RaftServerConfigKeys (ConfUtils.java:logGet(43)) - raft.server.log.write.buffer.size = 33554432 (custom)
2019-10-09 13:03:46,202 [pool-47-thread-1] INFO  server.RaftServerConfigKeys (ConfUtils.java:logGet(43)) - raft.server.log.segment.cache.num.max = 2 (custom)
2019-10-09 13:03:46,202 [pool-27-thread-1] INFO  server.RaftServerConfigKeys (ConfUtils.java:logGet(43)) - raft.server.log.force.sync.num = 128 (default)
2019-10-09 13:03:46,202 [pool-67-thread-1] INFO  server.RaftServerConfigKeys (ConfUtils.java:logGet(43)) - raft.server.log.segment.cache.num.max = 2 (custom)
2019-10-09 13:03:46,202 [pool-27-thread-1] INFO  server.RaftServerConfigKeys (ConfUtils.java:logGet(43)) - raft.server.log.statemachine.data.sync = true (default)
2019-10-09 13:03:46,202 [pool-47-thread-1] INFO  segmented.SegmentedRaftLogWorker (SegmentedRaftLogWorker.java:<init>(172)) - new 4f75c367-51e4-41c9-9287-4e8dd97f5c38@group-C24D4FE0C6F2-SegmentedRaftLogWorker for RaftStorage:Storage Directory /workdir/hadoop-ozone/integration-test/target/test-dir/MiniOzoneClusterImpl-92c4d179-1d16-4416-8bce-4538b25b782c/datanode-2/data/ratis/1c735ac8-e1e7-4625-9f7b-c24d4fe0c6f2
2019-10-09 13:03:46,203 [pool-27-thread-1] INFO  server.RaftServerConfigKeys (ConfUtils.java:logGet(43)) - raft.server.log.statemachine.data.sync.timeout = 10s (default)
2019-10-09 13:03:46,202 [pool-67-thread-1] INFO  segmented.SegmentedRaftLogWorker (SegmentedRaftLogWorker.java:<init>(172)) - new 3eeab9a4-47d5-4980-9c6e-5102901e869a@group-C24D4FE0C6F2-SegmentedRaftLogWorker for RaftStorage:Storage Directory /workdir/hadoop-ozone/integration-test/target/test-dir/MiniOzoneClusterImpl-92c4d179-1d16-4416-8bce-4538b25b782c/datanode-4/data/ratis/1c735ac8-e1e7-4625-9f7b-c24d4fe0c6f2
2019-10-09 13:03:46,203 [pool-27-thread-1] INFO  server.RaftServerConfigKeys (ConfUtils.java:logGet(43)) - raft.server.log.statemachine.data.sync.timeout.retry = -1 (default)
2019-10-09 13:03:46,203 [pool-47-thread-1] INFO  server.RaftServerConfigKeys (ConfUtils.java:logGet(43)) - raft.server.log.queue.byte-limit = 2147483647 (custom)
2019-10-09 13:03:46,203 [pool-67-thread-1] INFO  server.RaftServerConfigKeys (ConfUtils.java:logGet(43)) - raft.server.log.queue.byte-limit = 2147483647 (custom)
2019-10-09 13:03:46,203 [pool-47-thread-1] INFO  server.RaftServerConfigKeys (ConfUtils.java:logGet(43)) - raft.server.log.queue.element-limit = 1024 (custom)
2019-10-09 13:03:46,203 [pool-27-thread-1] INFO  server.RaftServerConfigKeys (ConfUtils.java:logGet(43)) - raft.server.log.statemachine.data.caching.enabled = true (custom)
2019-10-09 13:03:46,203 [pool-47-thread-1] INFO  server.RaftServerConfigKeys (ConfUtils.java:logGet(43)) - raft.server.log.segment.size.max = 1048576 (custom)
2019-10-09 13:03:46,203 [pool-67-thread-1] INFO  server.RaftServerConfigKeys (ConfUtils.java:logGet(43)) - raft.server.log.queue.element-limit = 1024 (custom)
2019-10-09 13:03:46,204 [pool-47-thread-1] INFO  server.RaftServerConfigKeys (ConfUtils.java:logGet(43)) - raft.server.log.preallocated.size = 16384 (custom)
2019-10-09 13:03:46,204 [pool-67-thread-1] INFO  server.RaftServerConfigKeys (ConfUtils.java:logGet(43)) - raft.server.log.segment.size.max = 1048576 (custom)
2019-10-09 13:03:46,204 [pool-27-thread-1] INFO  segmented.SegmentedRaftLogWorker (SegmentedRaftLogWorker.java:lambda$new$0(132)) - f0cb1a3f-6ac7-4eb8-9514-6a797ff8471f@group-C24D4FE0C6F2-SegmentedRaftLogWorker: flushIndex: setUnconditionally 0 -> -1
2019-10-09 13:03:46,204 [pool-67-thread-1] INFO  server.RaftServerConfigKeys (ConfUtils.java:logGet(43)) - raft.server.log.preallocated.size = 16384 (custom)
2019-10-09 13:03:46,204 [pool-47-thread-1] INFO  server.RaftServerConfigKeys (ConfUtils.java:logGet(43)) - raft.server.log.write.buffer.size = 33554432 (custom)
2019-10-09 13:03:46,205 [pool-27-thread-1] INFO  server.RaftServerConfigKeys (ConfUtils.java:logGet(43)) - raft.server.snapshot.auto.trigger.enabled = true (custom)
2019-10-09 13:03:46,204 [pool-67-thread-1] INFO  server.RaftServerConfigKeys (ConfUtils.java:logGet(43)) - raft.server.log.write.buffer.size = 33554432 (custom)
2019-10-09 13:03:46,205 [pool-27-thread-1] INFO  server.RaftServerConfigKeys (ConfUtils.java:logGet(43)) - raft.server.snapshot.auto.trigger.threshold = 10000 (custom)
2019-10-09 13:03:46,205 [pool-47-thread-1] INFO  server.RaftServerConfigKeys (ConfUtils.java:logGet(43)) - raft.server.log.force.sync.num = 128 (default)
2019-10-09 13:03:46,205 [pool-27-thread-1] INFO  server.RaftServerConfigKeys (ConfUtils.java:logGet(43)) - raft.server.snapshot.retention.num.files = 5 (custom)
2019-10-09 13:03:46,205 [pool-67-thread-1] INFO  server.RaftServerConfigKeys (ConfUtils.java:logGet(43)) - raft.server.log.force.sync.num = 128 (default)
2019-10-09 13:03:46,205 [pool-27-thread-1] INFO  server.RaftServerConfigKeys (ConfUtils.java:logGet(43)) - raft.server.retrycache.expirytime = 600000ms (custom)
2019-10-09 13:03:46,205 [pool-47-thread-1] INFO  server.RaftServerConfigKeys (ConfUtils.java:logGet(43)) - raft.server.log.statemachine.data.sync = true (default)
2019-10-09 13:03:46,205 [pool-67-thread-1] INFO  server.RaftServerConfigKeys (ConfUtils.java:logGet(43)) - raft.server.log.statemachine.data.sync = true (default)
2019-10-09 13:03:46,206 [pool-47-thread-1] INFO  server.RaftServerConfigKeys (ConfUtils.java:logGet(43)) - raft.server.log.statemachine.data.sync.timeout = 10s (default)
2019-10-09 13:03:46,206 [pool-67-thread-1] INFO  server.RaftServerConfigKeys (ConfUtils.java:logGet(43)) - raft.server.log.statemachine.data.sync.timeout = 10s (default)
2019-10-09 13:03:46,206 [pool-47-thread-1] INFO  server.RaftServerConfigKeys (ConfUtils.java:logGet(43)) - raft.server.log.statemachine.data.sync.timeout.retry = -1 (default)
2019-10-09 13:03:46,206 [pool-67-thread-1] INFO  server.RaftServerConfigKeys (ConfUtils.java:logGet(43)) - raft.server.log.statemachine.data.sync.timeout.retry = -1 (default)
2019-10-09 13:03:46,206 [pool-47-thread-1] INFO  server.RaftServerConfigKeys (ConfUtils.java:logGet(43)) - raft.server.log.statemachine.data.caching.enabled = true (custom)
2019-10-09 13:03:46,206 [pool-67-thread-1] INFO  server.RaftServerConfigKeys (ConfUtils.java:logGet(43)) - raft.server.log.statemachine.data.caching.enabled = true (custom)
2019-10-09 13:03:46,206 [pool-47-thread-1] INFO  segmented.SegmentedRaftLogWorker (SegmentedRaftLogWorker.java:lambda$new$0(132)) - 4f75c367-51e4-41c9-9287-4e8dd97f5c38@group-C24D4FE0C6F2-SegmentedRaftLogWorker: flushIndex: setUnconditionally 0 -> -1
2019-10-09 13:03:46,207 [pool-67-thread-1] INFO  segmented.SegmentedRaftLogWorker (SegmentedRaftLogWorker.java:lambda$new$0(132)) - 3eeab9a4-47d5-4980-9c6e-5102901e869a@group-C24D4FE0C6F2-SegmentedRaftLogWorker: flushIndex: setUnconditionally 0 -> -1
2019-10-09 13:03:46,207 [pool-47-thread-1] INFO  server.RaftServerConfigKeys (ConfUtils.java:logGet(43)) - raft.server.snapshot.auto.trigger.enabled = true (custom)
2019-10-09 13:03:46,207 [pool-47-thread-1] INFO  server.RaftServerConfigKeys (ConfUtils.java:logGet(43)) - raft.server.snapshot.auto.trigger.threshold = 10000 (custom)
2019-10-09 13:03:46,207 [pool-67-thread-1] INFO  server.RaftServerConfigKeys (ConfUtils.java:logGet(43)) - raft.server.snapshot.auto.trigger.enabled = true (custom)
2019-10-09 13:03:46,207 [pool-47-thread-1] INFO  server.RaftServerConfigKeys (ConfUtils.java:logGet(43)) - raft.server.snapshot.retention.num.files = 5 (custom)
2019-10-09 13:03:46,207 [pool-67-thread-1] INFO  server.RaftServerConfigKeys (ConfUtils.java:logGet(43)) - raft.server.snapshot.auto.trigger.threshold = 10000 (custom)
2019-10-09 13:03:46,207 [pool-47-thread-1] INFO  server.RaftServerConfigKeys (ConfUtils.java:logGet(43)) - raft.server.retrycache.expirytime = 600000ms (custom)
2019-10-09 13:03:46,207 [pool-67-thread-1] INFO  server.RaftServerConfigKeys (ConfUtils.java:logGet(43)) - raft.server.snapshot.retention.num.files = 5 (custom)
2019-10-09 13:03:46,208 [pool-67-thread-1] INFO  server.RaftServerConfigKeys (ConfUtils.java:logGet(43)) - raft.server.retrycache.expirytime = 600000ms (custom)
2019-10-09 13:03:46,209 [pool-27-thread-1] INFO  impl.RaftServerImpl (RaftServerImpl.java:start(185)) - f0cb1a3f-6ac7-4eb8-9514-6a797ff8471f@group-C24D4FE0C6F2: start as a follower, conf=-1: [4f75c367-51e4-41c9-9287-4e8dd97f5c38:192.168.5.175:40325, 3eeab9a4-47d5-4980-9c6e-5102901e869a:192.168.5.175:43254, f0cb1a3f-6ac7-4eb8-9514-6a797ff8471f:192.168.5.175:39769], old=null
2019-10-09 13:03:46,210 [pool-27-thread-1] INFO  impl.RaftServerImpl (RaftServerImpl.java:setRole(174)) - f0cb1a3f-6ac7-4eb8-9514-6a797ff8471f@group-C24D4FE0C6F2: changes role from      null to FOLLOWER at term 0 for startAsFollower
2019-10-09 13:03:46,210 [pool-27-thread-1] INFO  impl.RoleInfo (RoleInfo.java:updateAndGet(143)) - f0cb1a3f-6ac7-4eb8-9514-6a797ff8471f: start FollowerState
2019-10-09 13:03:46,225 [pool-27-thread-1] INFO  util.JmxRegister (JmxRegister.java:tryRegister(44)) - Successfully registered JMX Bean with object name Ratis:service=RaftServer,group=group-C24D4FE0C6F2,id=f0cb1a3f-6ac7-4eb8-9514-6a797ff8471f
2019-10-09 13:03:46,232 [pool-47-thread-1] INFO  impl.RaftServerImpl (RaftServerImpl.java:start(185)) - 4f75c367-51e4-41c9-9287-4e8dd97f5c38@group-C24D4FE0C6F2: start as a follower, conf=-1: [4f75c367-51e4-41c9-9287-4e8dd97f5c38:192.168.5.175:40325, 3eeab9a4-47d5-4980-9c6e-5102901e869a:192.168.5.175:43254, f0cb1a3f-6ac7-4eb8-9514-6a797ff8471f:192.168.5.175:39769], old=null
2019-10-09 13:03:46,232 [pool-47-thread-1] INFO  impl.RaftServerImpl (RaftServerImpl.java:setRole(174)) - 4f75c367-51e4-41c9-9287-4e8dd97f5c38@group-C24D4FE0C6F2: changes role from      null to FOLLOWER at term 0 for startAsFollower
2019-10-09 13:03:46,233 [pool-47-thread-1] INFO  impl.RoleInfo (RoleInfo.java:updateAndGet(143)) - 4f75c367-51e4-41c9-9287-4e8dd97f5c38: start FollowerState
2019-10-09 13:03:46,233 [pool-47-thread-1] INFO  util.JmxRegister (JmxRegister.java:tryRegister(44)) - Successfully registered JMX Bean with object name Ratis:service=RaftServer,group=group-C24D4FE0C6F2,id=4f75c367-51e4-41c9-9287-4e8dd97f5c38
2019-10-09 13:03:46,233 [pool-67-thread-1] INFO  impl.RaftServerImpl (RaftServerImpl.java:start(185)) - 3eeab9a4-47d5-4980-9c6e-5102901e869a@group-C24D4FE0C6F2: start as a follower, conf=-1: [4f75c367-51e4-41c9-9287-4e8dd97f5c38:192.168.5.175:40325, 3eeab9a4-47d5-4980-9c6e-5102901e869a:192.168.5.175:43254, f0cb1a3f-6ac7-4eb8-9514-6a797ff8471f:192.168.5.175:39769], old=null
2019-10-09 13:03:46,233 [pool-67-thread-1] INFO  impl.RaftServerImpl (RaftServerImpl.java:setRole(174)) - 3eeab9a4-47d5-4980-9c6e-5102901e869a@group-C24D4FE0C6F2: changes role from      null to FOLLOWER at term 0 for startAsFollower
2019-10-09 13:03:46,233 [pool-67-thread-1] INFO  impl.RoleInfo (RoleInfo.java:updateAndGet(143)) - 3eeab9a4-47d5-4980-9c6e-5102901e869a: start FollowerState
2019-10-09 13:03:46,234 [pool-67-thread-1] INFO  util.JmxRegister (JmxRegister.java:tryRegister(44)) - Successfully registered JMX Bean with object name Ratis:service=RaftServer,group=group-C24D4FE0C6F2,id=3eeab9a4-47d5-4980-9c6e-5102901e869a
2019-10-09 13:03:46,249 [RatisPipelineUtilsThread] INFO  pipeline.PipelineStateManager (PipelineStateManager.java:addPipeline(56)) - Created pipeline Pipeline[ Id: 1c735ac8-e1e7-4625-9f7b-c24d4fe0c6f2, Nodes: f0cb1a3f-6ac7-4eb8-9514-6a797ff8471f{ip: 192.168.5.175, host: pr-hdds-1569-mfl88-1504498049, networkLocation: /default-rack, certSerialId: null}4f75c367-51e4-41c9-9287-4e8dd97f5c38{ip: 192.168.5.175, host: pr-hdds-1569-mfl88-1504498049, networkLocation: /default-rack, certSerialId: null}3eeab9a4-47d5-4980-9c6e-5102901e869a{ip: 192.168.5.175, host: pr-hdds-1569-mfl88-1504498049, networkLocation: /default-rack, certSerialId: null}, Type:RATIS, Factor:THREE, State:OPEN]
2019-10-09 13:03:46,265 [grpc-default-executor-0] INFO  impl.RaftServerProxy (RaftServerProxy.java:addNew(89)) - 3eeab9a4-47d5-4980-9c6e-5102901e869a: addNew group-F4DE2F4D7E72:[4f75c367-51e4-41c9-9287-4e8dd97f5c38:192.168.5.175:40325, 3eeab9a4-47d5-4980-9c6e-5102901e869a:192.168.5.175:43254, f0cb1a3f-6ac7-4eb8-9514-6a797ff8471f:192.168.5.175:39769] returns group-F4DE2F4D7E72:java.util.concurrent.CompletableFuture@2bb7cb13[Not completed]
2019-10-09 13:03:46,266 [grpc-default-executor-1] INFO  impl.RaftServerProxy (RaftServerProxy.java:addNew(89)) - f0cb1a3f-6ac7-4eb8-9514-6a797ff8471f: addNew group-F4DE2F4D7E72:[4f75c367-51e4-41c9-9287-4e8dd97f5c38:192.168.5.175:40325, 3eeab9a4-47d5-4980-9c6e-5102901e869a:192.168.5.175:43254, f0cb1a3f-6ac7-4eb8-9514-6a797ff8471f:192.168.5.175:39769] returns group-F4DE2F4D7E72:java.util.concurrent.CompletableFuture@72e3dc2c[Not completed]
2019-10-09 13:03:46,268 [grpc-default-executor-0] INFO  impl.RaftServerProxy (RaftServerProxy.java:addNew(89)) - 4f75c367-51e4-41c9-9287-4e8dd97f5c38: addNew group-F4DE2F4D7E72:[4f75c367-51e4-41c9-9287-4e8dd97f5c38:192.168.5.175:40325, 3eeab9a4-47d5-4980-9c6e-5102901e869a:192.168.5.175:43254, f0cb1a3f-6ac7-4eb8-9514-6a797ff8471f:192.168.5.175:39769] returns group-F4DE2F4D7E72:java.util.concurrent.CompletableFuture@6f04ffec[Not completed]
2019-10-09 13:03:46,269 [pool-67-thread-1] INFO  impl.RaftServerImpl (RaftServerImpl.java:<init>(95)) - 3eeab9a4-47d5-4980-9c6e-5102901e869a: new RaftServerImpl for group-F4DE2F4D7E72:[4f75c367-51e4-41c9-9287-4e8dd97f5c38:192.168.5.175:40325, 3eeab9a4-47d5-4980-9c6e-5102901e869a:192.168.5.175:43254, f0cb1a3f-6ac7-4eb8-9514-6a797ff8471f:192.168.5.175:39769] with ContainerStateMachine:uninitialized
2019-10-09 13:03:46,269 [pool-67-thread-1] INFO  server.RaftServerConfigKeys (ConfUtils.java:logGet(43)) - raft.server.rpc.timeout.min = 5s (custom)
2019-10-09 13:03:46,270 [pool-67-thread-1] INFO  server.RaftServerConfigKeys (ConfUtils.java:logGet(43)) - raft.server.rpc.timeout.max = 5200ms (custom)
2019-10-09 13:03:46,270 [pool-67-thread-1] INFO  server.RaftServerConfigKeys (ConfUtils.java:logGet(43)) - raft.server.rpcslowness.timeout = 120s (custom)
2019-10-09 13:03:46,270 [pool-67-thread-1] INFO  server.RaftServerConfigKeys (ConfUtils.java:logGet(43)) - raft.server.sleep.deviation.threshold = 300 (default)
2019-10-09 13:03:46,271 [pool-67-thread-1] INFO  server.RaftServerConfigKeys (ConfUtils.java:logGet(43)) - raft.server.log.appender.install.snapshot.enabled = false (custom)
2019-10-09 13:03:46,272 [pool-67-thread-1] INFO  impl.RaftServerImpl (ServerState.java:<init>(103)) - 3eeab9a4-47d5-4980-9c6e-5102901e869a@group-F4DE2F4D7E72: ConfigurationManager, init=-1: [4f75c367-51e4-41c9-9287-4e8dd97f5c38:192.168.5.175:40325, 3eeab9a4-47d5-4980-9c6e-5102901e869a:192.168.5.175:43254, f0cb1a3f-6ac7-4eb8-9514-6a797ff8471f:192.168.5.175:39769], old=null, confs=<EMPTY_MAP>
2019-10-09 13:03:46,272 [pool-67-thread-1] INFO  server.RaftServerConfigKeys (ConfUtils.java:logGet(43)) - raft.server.storage.dir = [/workdir/hadoop-ozone/integration-test/target/test-dir/MiniOzoneClusterImpl-92c4d179-1d16-4416-8bce-4538b25b782c/datanode-4/data/ratis] (custom)
2019-10-09 13:03:46,272 [pool-27-thread-1] INFO  impl.RaftServerImpl (RaftServerImpl.java:<init>(95)) - f0cb1a3f-6ac7-4eb8-9514-6a797ff8471f: new RaftServerImpl for group-F4DE2F4D7E72:[4f75c367-51e4-41c9-9287-4e8dd97f5c38:192.168.5.175:40325, 3eeab9a4-47d5-4980-9c6e-5102901e869a:192.168.5.175:43254, f0cb1a3f-6ac7-4eb8-9514-6a797ff8471f:192.168.5.175:39769] with ContainerStateMachine:uninitialized
2019-10-09 13:03:46,272 [pool-27-thread-1] INFO  server.RaftServerConfigKeys (ConfUtils.java:logGet(43)) - raft.server.rpc.timeout.min = 5s (custom)
2019-10-09 13:03:46,272 [pool-67-thread-1] INFO  storage.RaftStorageDirectory (RaftStorageDirectory.java:analyzeStorage(246)) - The storage directory /workdir/hadoop-ozone/integration-test/target/test-dir/MiniOzoneClusterImpl-92c4d179-1d16-4416-8bce-4538b25b782c/datanode-4/data/ratis/68a86807-51ce-4814-96be-f4de2f4d7e72 does not exist. Creating ...
2019-10-09 13:03:46,272 [pool-47-thread-1] INFO  impl.RaftServerImpl (RaftServerImpl.java:<init>(95)) - 4f75c367-51e4-41c9-9287-4e8dd97f5c38: new RaftServerImpl for group-F4DE2F4D7E72:[4f75c367-51e4-41c9-9287-4e8dd97f5c38:192.168.5.175:40325, 3eeab9a4-47d5-4980-9c6e-5102901e869a:192.168.5.175:43254, f0cb1a3f-6ac7-4eb8-9514-6a797ff8471f:192.168.5.175:39769] with ContainerStateMachine:uninitialized
2019-10-09 13:03:46,272 [pool-27-thread-1] INFO  server.RaftServerConfigKeys (ConfUtils.java:logGet(43)) - raft.server.rpc.timeout.max = 5200ms (custom)
2019-10-09 13:03:46,273 [pool-47-thread-1] INFO  server.RaftServerConfigKeys (ConfUtils.java:logGet(43)) - raft.server.rpc.timeout.min = 5s (custom)
2019-10-09 13:03:46,273 [pool-27-thread-1] INFO  server.RaftServerConfigKeys (ConfUtils.java:logGet(43)) - raft.server.rpcslowness.timeout = 120s (custom)
2019-10-09 13:03:46,273 [pool-47-thread-1] INFO  server.RaftServerConfigKeys (ConfUtils.java:logGet(43)) - raft.server.rpc.timeout.max = 5200ms (custom)
2019-10-09 13:03:46,273 [pool-27-thread-1] INFO  server.RaftServerConfigKeys (ConfUtils.java:logGet(43)) - raft.server.sleep.deviation.threshold = 300 (default)
2019-10-09 13:03:46,273 [pool-47-thread-1] INFO  server.RaftServerConfigKeys (ConfUtils.java:logGet(43)) - raft.server.rpcslowness.timeout = 120s (custom)
2019-10-09 13:03:46,273 [pool-27-thread-1] INFO  server.RaftServerConfigKeys (ConfUtils.java:logGet(43)) - raft.server.log.appender.install.snapshot.enabled = false (custom)
2019-10-09 13:03:46,273 [pool-47-thread-1] INFO  server.RaftServerConfigKeys (ConfUtils.java:logGet(43)) - raft.server.sleep.deviation.threshold = 300 (default)
2019-10-09 13:03:46,273 [pool-27-thread-1] INFO  impl.RaftServerImpl (ServerState.java:<init>(103)) - f0cb1a3f-6ac7-4eb8-9514-6a797ff8471f@group-F4DE2F4D7E72: ConfigurationManager, init=-1: [4f75c367-51e4-41c9-9287-4e8dd97f5c38:192.168.5.175:40325, 3eeab9a4-47d5-4980-9c6e-5102901e869a:192.168.5.175:43254, f0cb1a3f-6ac7-4eb8-9514-6a797ff8471f:192.168.5.175:39769], old=null, confs=<EMPTY_MAP>
2019-10-09 13:03:46,273 [pool-47-thread-1] INFO  server.RaftServerConfigKeys (ConfUtils.java:logGet(43)) - raft.server.log.appender.install.snapshot.enabled = false (custom)
2019-10-09 13:03:46,274 [pool-27-thread-1] INFO  server.RaftServerConfigKeys (ConfUtils.java:logGet(43)) - raft.server.storage.dir = [/workdir/hadoop-ozone/integration-test/target/test-dir/MiniOzoneClusterImpl-92c4d179-1d16-4416-8bce-4538b25b782c/datanode-0/data/ratis] (custom)
2019-10-09 13:03:46,274 [pool-47-thread-1] INFO  impl.RaftServerImpl (ServerState.java:<init>(103)) - 4f75c367-51e4-41c9-9287-4e8dd97f5c38@group-F4DE2F4D7E72: ConfigurationManager, init=-1: [4f75c367-51e4-41c9-9287-4e8dd97f5c38:192.168.5.175:40325, 3eeab9a4-47d5-4980-9c6e-5102901e869a:192.168.5.175:43254, f0cb1a3f-6ac7-4eb8-9514-6a797ff8471f:192.168.5.175:39769], old=null, confs=<EMPTY_MAP>
2019-10-09 13:03:46,274 [pool-47-thread-1] INFO  server.RaftServerConfigKeys (ConfUtils.java:logGet(43)) - raft.server.storage.dir = [/workdir/hadoop-ozone/integration-test/target/test-dir/MiniOzoneClusterImpl-92c4d179-1d16-4416-8bce-4538b25b782c/datanode-2/data/ratis] (custom)
2019-10-09 13:03:46,274 [pool-27-thread-1] INFO  storage.RaftStorageDirectory (RaftStorageDirectory.java:analyzeStorage(246)) - The storage directory /workdir/hadoop-ozone/integration-test/target/test-dir/MiniOzoneClusterImpl-92c4d179-1d16-4416-8bce-4538b25b782c/datanode-0/data/ratis/68a86807-51ce-4814-96be-f4de2f4d7e72 does not exist. Creating ...
2019-10-09 13:03:46,274 [pool-47-thread-1] INFO  storage.RaftStorageDirectory (RaftStorageDirectory.java:analyzeStorage(246)) - The storage directory /workdir/hadoop-ozone/integration-test/target/test-dir/MiniOzoneClusterImpl-92c4d179-1d16-4416-8bce-4538b25b782c/datanode-2/data/ratis/68a86807-51ce-4814-96be-f4de2f4d7e72 does not exist. Creating ...
2019-10-09 13:03:46,285 [pool-67-thread-1] INFO  storage.RaftStorageDirectory (RaftStorageDirectory.java:tryLock(328)) - Lock on /workdir/hadoop-ozone/integration-test/target/test-dir/MiniOzoneClusterImpl-92c4d179-1d16-4416-8bce-4538b25b782c/datanode-4/data/ratis/68a86807-51ce-4814-96be-f4de2f4d7e72/in_use.lock acquired by nodename 6401@pr-hdds-1569-mfl88-1504498049
2019-10-09 13:03:46,286 [pool-27-thread-1] INFO  storage.RaftStorageDirectory (RaftStorageDirectory.java:tryLock(328)) - Lock on /workdir/hadoop-ozone/integration-test/target/test-dir/MiniOzoneClusterImpl-92c4d179-1d16-4416-8bce-4538b25b782c/datanode-0/data/ratis/68a86807-51ce-4814-96be-f4de2f4d7e72/in_use.lock acquired by nodename 6401@pr-hdds-1569-mfl88-1504498049
2019-10-09 13:03:46,285 [pool-47-thread-1] INFO  storage.RaftStorageDirectory (RaftStorageDirectory.java:tryLock(328)) - Lock on /workdir/hadoop-ozone/integration-test/target/test-dir/MiniOzoneClusterImpl-92c4d179-1d16-4416-8bce-4538b25b782c/datanode-2/data/ratis/68a86807-51ce-4814-96be-f4de2f4d7e72/in_use.lock acquired by nodename 6401@pr-hdds-1569-mfl88-1504498049
2019-10-09 13:03:46,311 [pool-27-thread-1] INFO  storage.RaftStorage (RaftStorage.java:format(72)) - Storage directory /workdir/hadoop-ozone/integration-test/target/test-dir/MiniOzoneClusterImpl-92c4d179-1d16-4416-8bce-4538b25b782c/datanode-0/data/ratis/68a86807-51ce-4814-96be-f4de2f4d7e72 has been successfully formatted.
2019-10-09 13:03:46,311 [pool-67-thread-1] INFO  storage.RaftStorage (RaftStorage.java:format(72)) - Storage directory /workdir/hadoop-ozone/integration-test/target/test-dir/MiniOzoneClusterImpl-92c4d179-1d16-4416-8bce-4538b25b782c/datanode-4/data/ratis/68a86807-51ce-4814-96be-f4de2f4d7e72 has been successfully formatted.
2019-10-09 13:03:46,311 [pool-47-thread-1] INFO  storage.RaftStorage (RaftStorage.java:format(72)) - Storage directory /workdir/hadoop-ozone/integration-test/target/test-dir/MiniOzoneClusterImpl-92c4d179-1d16-4416-8bce-4538b25b782c/datanode-2/data/ratis/68a86807-51ce-4814-96be-f4de2f4d7e72 has been successfully formatted.
2019-10-09 13:03:46,311 [pool-27-thread-1] INFO  ratis.ContainerStateMachine (ContainerStateMachine.java:loadSnapshot(230)) - group-F4DE2F4D7E72: The snapshot info is null. Setting the last applied indexto:(t:0, i:~)
2019-10-09 13:03:46,311 [pool-67-thread-1] INFO  ratis.ContainerStateMachine (ContainerStateMachine.java:loadSnapshot(230)) - group-F4DE2F4D7E72: The snapshot info is null. Setting the last applied indexto:(t:0, i:~)
2019-10-09 13:03:46,311 [pool-47-thread-1] INFO  ratis.ContainerStateMachine (ContainerStateMachine.java:loadSnapshot(230)) - group-F4DE2F4D7E72: The snapshot info is null. Setting the last applied indexto:(t:0, i:~)
2019-10-09 13:03:46,311 [pool-27-thread-1] INFO  server.RaftServerConfigKeys (ConfUtils.java:logGet(43)) - raft.server.notification.no-leader.timeout = 120s (custom)
2019-10-09 13:03:46,312 [pool-47-thread-1] INFO  server.RaftServerConfigKeys (ConfUtils.java:logGet(43)) - raft.server.notification.no-leader.timeout = 120s (custom)
2019-10-09 13:03:46,311 [pool-67-thread-1] INFO  server.RaftServerConfigKeys (ConfUtils.java:logGet(43)) - raft.server.notification.no-leader.timeout = 120s (custom)
2019-10-09 13:03:46,312 [pool-47-thread-1] INFO  server.RaftServerConfigKeys (ConfUtils.java:logGet(43)) - raft.server.log.use.memory = false (default)
2019-10-09 13:03:46,312 [pool-27-thread-1] INFO  server.RaftServerConfigKeys (ConfUtils.java:logGet(43)) - raft.server.log.use.memory = false (default)
2019-10-09 13:03:46,312 [pool-47-thread-1] INFO  server.RaftServerConfigKeys (ConfUtils.java:logGet(43)) - raft.server.log.purge.gap = 1000000 (custom)
2019-10-09 13:03:46,312 [pool-67-thread-1] INFO  server.RaftServerConfigKeys (ConfUtils.java:logGet(43)) - raft.server.log.use.memory = false (default)
2019-10-09 13:03:46,312 [pool-47-thread-1] INFO  server.RaftServerConfigKeys (ConfUtils.java:logGet(43)) - raft.server.log.appender.buffer.byte-limit = 33554432 (custom)
2019-10-09 13:03:46,312 [pool-27-thread-1] INFO  server.RaftServerConfigKeys (ConfUtils.java:logGet(43)) - raft.server.log.purge.gap = 1000000 (custom)
2019-10-09 13:03:46,313 [pool-47-thread-1] INFO  server.RaftServerConfigKeys (ConfUtils.java:logGet(43)) - raft.server.log.segment.size.max = 1048576 (custom)
2019-10-09 13:03:46,313 [pool-67-thread-1] INFO  server.RaftServerConfigKeys (ConfUtils.java:logGet(43)) - raft.server.log.purge.gap = 1000000 (custom)
2019-10-09 13:03:46,313 [pool-47-thread-1] INFO  server.RaftServerConfigKeys (ConfUtils.java:logGet(43)) - raft.server.log.segment.cache.num.max = 2 (custom)
2019-10-09 13:03:46,313 [pool-27-thread-1] INFO  server.RaftServerConfigKeys (ConfUtils.java:logGet(43)) - raft.server.log.appender.buffer.byte-limit = 33554432 (custom)
2019-10-09 13:03:46,313 [pool-47-thread-1] INFO  segmented.SegmentedRaftLogWorker (SegmentedRaftLogWorker.java:<init>(172)) - new 4f75c367-51e4-41c9-9287-4e8dd97f5c38@group-F4DE2F4D7E72-SegmentedRaftLogWorker for RaftStorage:Storage Directory /workdir/hadoop-ozone/integration-test/target/test-dir/MiniOzoneClusterImpl-92c4d179-1d16-4416-8bce-4538b25b782c/datanode-2/data/ratis/68a86807-51ce-4814-96be-f4de2f4d7e72
2019-10-09 13:03:46,313 [pool-67-thread-1] INFO  server.RaftServerConfigKeys (ConfUtils.java:logGet(43)) - raft.server.log.appender.buffer.byte-limit = 33554432 (custom)
2019-10-09 13:03:46,313 [pool-47-thread-1] INFO  server.RaftServerConfigKeys (ConfUtils.java:logGet(43)) - raft.server.log.queue.byte-limit = 2147483647 (custom)
2019-10-09 13:03:46,313 [pool-27-thread-1] INFO  server.RaftServerConfigKeys (ConfUtils.java:logGet(43)) - raft.server.log.segment.size.max = 1048576 (custom)
2019-10-09 13:03:46,314 [pool-47-thread-1] INFO  server.RaftServerConfigKeys (ConfUtils.java:logGet(43)) - raft.server.log.queue.element-limit = 1024 (custom)
2019-10-09 13:03:46,314 [pool-67-thread-1] INFO  server.RaftServerConfigKeys (ConfUtils.java:logGet(43)) - raft.server.log.segment.size.max = 1048576 (custom)
2019-10-09 13:03:46,314 [pool-47-thread-1] INFO  server.RaftServerConfigKeys (ConfUtils.java:logGet(43)) - raft.server.log.segment.size.max = 1048576 (custom)
2019-10-09 13:03:46,314 [pool-27-thread-1] INFO  server.RaftServerConfigKeys (ConfUtils.java:logGet(43)) - raft.server.log.segment.cache.num.max = 2 (custom)
2019-10-09 13:03:46,314 [pool-47-thread-1] INFO  server.RaftServerConfigKeys (ConfUtils.java:logGet(43)) - raft.server.log.preallocated.size = 16384 (custom)
2019-10-09 13:03:46,314 [pool-67-thread-1] INFO  server.RaftServerConfigKeys (ConfUtils.java:logGet(43)) - raft.server.log.segment.cache.num.max = 2 (custom)
2019-10-09 13:03:46,314 [pool-47-thread-1] INFO  server.RaftServerConfigKeys (ConfUtils.java:logGet(43)) - raft.server.log.write.buffer.size = 33554432 (custom)
2019-10-09 13:03:46,314 [pool-27-thread-1] INFO  segmented.SegmentedRaftLogWorker (SegmentedRaftLogWorker.java:<init>(172)) - new f0cb1a3f-6ac7-4eb8-9514-6a797ff8471f@group-F4DE2F4D7E72-SegmentedRaftLogWorker for RaftStorage:Storage Directory /workdir/hadoop-ozone/integration-test/target/test-dir/MiniOzoneClusterImpl-92c4d179-1d16-4416-8bce-4538b25b782c/datanode-0/data/ratis/68a86807-51ce-4814-96be-f4de2f4d7e72
2019-10-09 13:03:46,315 [pool-47-thread-1] INFO  server.RaftServerConfigKeys (ConfUtils.java:logGet(43)) - raft.server.log.force.sync.num = 128 (default)
2019-10-09 13:03:46,315 [pool-47-thread-1] INFO  server.RaftServerConfigKeys (ConfUtils.java:logGet(43)) - raft.server.log.statemachine.data.sync = true (default)
2019-10-09 13:03:46,315 [pool-67-thread-1] INFO  segmented.SegmentedRaftLogWorker (SegmentedRaftLogWorker.java:<init>(172)) - new 3eeab9a4-47d5-4980-9c6e-5102901e869a@group-F4DE2F4D7E72-SegmentedRaftLogWorker for RaftStorage:Storage Directory /workdir/hadoop-ozone/integration-test/target/test-dir/MiniOzoneClusterImpl-92c4d179-1d16-4416-8bce-4538b25b782c/datanode-4/data/ratis/68a86807-51ce-4814-96be-f4de2f4d7e72
2019-10-09 13:03:46,315 [pool-47-thread-1] INFO  server.RaftServerConfigKeys (ConfUtils.java:logGet(43)) - raft.server.log.statemachine.data.sync.timeout = 10s (default)
2019-10-09 13:03:46,315 [pool-27-thread-1] INFO  server.RaftServerConfigKeys (ConfUtils.java:logGet(43)) - raft.server.log.queue.byte-limit = 2147483647 (custom)
2019-10-09 13:03:46,315 [pool-47-thread-1] INFO  server.RaftServerConfigKeys (ConfUtils.java:logGet(43)) - raft.server.log.statemachine.data.sync.timeout.retry = -1 (default)
2019-10-09 13:03:46,315 [pool-67-thread-1] INFO  server.RaftServerConfigKeys (ConfUtils.java:logGet(43)) - raft.server.log.queue.byte-limit = 2147483647 (custom)
2019-10-09 13:03:46,316 [pool-47-thread-1] INFO  server.RaftServerConfigKeys (ConfUtils.java:logGet(43)) - raft.server.log.statemachine.data.caching.enabled = true (custom)
2019-10-09 13:03:46,316 [pool-27-thread-1] INFO  server.RaftServerConfigKeys (ConfUtils.java:logGet(43)) - raft.server.log.queue.element-limit = 1024 (custom)
2019-10-09 13:03:46,316 [pool-67-thread-1] INFO  server.RaftServerConfigKeys (ConfUtils.java:logGet(43)) - raft.server.log.queue.element-limit = 1024 (custom)
2019-10-09 13:03:46,316 [pool-47-thread-1] INFO  segmented.SegmentedRaftLogWorker (SegmentedRaftLogWorker.java:lambda$new$0(132)) - 4f75c367-51e4-41c9-9287-4e8dd97f5c38@group-F4DE2F4D7E72-SegmentedRaftLogWorker: flushIndex: setUnconditionally 0 -> -1
2019-10-09 13:03:46,316 [pool-27-thread-1] INFO  server.RaftServerConfigKeys (ConfUtils.java:logGet(43)) - raft.server.log.segment.size.max = 1048576 (custom)
2019-10-09 13:03:46,316 [pool-67-thread-1] INFO  server.RaftServerConfigKeys (ConfUtils.java:logGet(43)) - raft.server.log.segment.size.max = 1048576 (custom)
2019-10-09 13:03:46,317 [pool-47-thread-1] INFO  server.RaftServerConfigKeys (ConfUtils.java:logGet(43)) - raft.server.snapshot.auto.trigger.enabled = true (custom)
2019-10-09 13:03:46,317 [pool-27-thread-1] INFO  server.RaftServerConfigKeys (ConfUtils.java:logGet(43)) - raft.server.log.preallocated.size = 16384 (custom)
2019-10-09 13:03:46,317 [pool-47-thread-1] INFO  server.RaftServerConfigKeys (ConfUtils.java:logGet(43)) - raft.server.snapshot.auto.trigger.threshold = 10000 (custom)
2019-10-09 13:03:46,317 [pool-47-thread-1] INFO  server.RaftServerConfigKeys (ConfUtils.java:logGet(43)) - raft.server.snapshot.retention.num.files = 5 (custom)
2019-10-09 13:03:46,317 [pool-67-thread-1] INFO  server.RaftServerConfigKeys (ConfUtils.java:logGet(43)) - raft.server.log.preallocated.size = 16384 (custom)
2019-10-09 13:03:46,317 [pool-47-thread-1] INFO  server.RaftServerConfigKeys (ConfUtils.java:logGet(43)) - raft.server.retrycache.expirytime = 600000ms (custom)
2019-10-09 13:03:46,317 [pool-27-thread-1] INFO  server.RaftServerConfigKeys (ConfUtils.java:logGet(43)) - raft.server.log.write.buffer.size = 33554432 (custom)
2019-10-09 13:03:46,318 [pool-67-thread-1] INFO  server.RaftServerConfigKeys (ConfUtils.java:logGet(43)) - raft.server.log.write.buffer.size = 33554432 (custom)
2019-10-09 13:03:46,318 [pool-27-thread-1] INFO  server.RaftServerConfigKeys (ConfUtils.java:logGet(43)) - raft.server.log.force.sync.num = 128 (default)
2019-10-09 13:03:46,318 [pool-67-thread-1] INFO  server.RaftServerConfigKeys (ConfUtils.java:logGet(43)) - raft.server.log.force.sync.num = 128 (default)
2019-10-09 13:03:46,318 [pool-27-thread-1] INFO  server.RaftServerConfigKeys (ConfUtils.java:logGet(43)) - raft.server.log.statemachine.data.sync = true (default)
2019-10-09 13:03:46,318 [pool-67-thread-1] INFO  server.RaftServerConfigKeys (ConfUtils.java:logGet(43)) - raft.server.log.statemachine.data.sync = true (default)
2019-10-09 13:03:46,319 [pool-27-thread-1] INFO  server.RaftServerConfigKeys (ConfUtils.java:logGet(43)) - raft.server.log.statemachine.data.sync.timeout = 10s (default)
2019-10-09 13:03:46,319 [pool-67-thread-1] INFO  server.RaftServerConfigKeys (ConfUtils.java:logGet(43)) - raft.server.log.statemachine.data.sync.timeout = 10s (default)
2019-10-09 13:03:46,319 [pool-27-thread-1] INFO  server.RaftServerConfigKeys (ConfUtils.java:logGet(43)) - raft.server.log.statemachine.data.sync.timeout.retry = -1 (default)
2019-10-09 13:03:46,319 [pool-67-thread-1] INFO  server.RaftServerConfigKeys (ConfUtils.java:logGet(43)) - raft.server.log.statemachine.data.sync.timeout.retry = -1 (default)
2019-10-09 13:03:46,319 [pool-27-thread-1] INFO  server.RaftServerConfigKeys (ConfUtils.java:logGet(43)) - raft.server.log.statemachine.data.caching.enabled = true (custom)
2019-10-09 13:03:46,319 [pool-67-thread-1] INFO  server.RaftServerConfigKeys (ConfUtils.java:logGet(43)) - raft.server.log.statemachine.data.caching.enabled = true (custom)
2019-10-09 13:03:46,320 [pool-27-thread-1] INFO  segmented.SegmentedRaftLogWorker (SegmentedRaftLogWorker.java:lambda$new$0(132)) - f0cb1a3f-6ac7-4eb8-9514-6a797ff8471f@group-F4DE2F4D7E72-SegmentedRaftLogWorker: flushIndex: setUnconditionally 0 -> -1
2019-10-09 13:03:46,320 [pool-27-thread-1] INFO  server.RaftServerConfigKeys (ConfUtils.java:logGet(43)) - raft.server.snapshot.auto.trigger.enabled = true (custom)
2019-10-09 13:03:46,320 [pool-67-thread-1] INFO  segmented.SegmentedRaftLogWorker (SegmentedRaftLogWorker.java:lambda$new$0(132)) - 3eeab9a4-47d5-4980-9c6e-5102901e869a@group-F4DE2F4D7E72-SegmentedRaftLogWorker: flushIndex: setUnconditionally 0 -> -1
2019-10-09 13:03:46,320 [pool-27-thread-1] INFO  server.RaftServerConfigKeys (ConfUtils.java:logGet(43)) - raft.server.snapshot.auto.trigger.threshold = 10000 (custom)
2019-10-09 13:03:46,320 [pool-27-thread-1] INFO  server.RaftServerConfigKeys (ConfUtils.java:logGet(43)) - raft.server.snapshot.retention.num.files = 5 (custom)
2019-10-09 13:03:46,320 [pool-67-thread-1] INFO  server.RaftServerConfigKeys (ConfUtils.java:logGet(43)) - raft.server.snapshot.auto.trigger.enabled = true (custom)
2019-10-09 13:03:46,320 [pool-27-thread-1] INFO  server.RaftServerConfigKeys (ConfUtils.java:logGet(43)) - raft.server.retrycache.expirytime = 600000ms (custom)
2019-10-09 13:03:46,321 [pool-67-thread-1] INFO  server.RaftServerConfigKeys (ConfUtils.java:logGet(43)) - raft.server.snapshot.auto.trigger.threshold = 10000 (custom)
2019-10-09 13:03:46,321 [pool-47-thread-1] INFO  impl.RaftServerImpl (RaftServerImpl.java:start(185)) - 4f75c367-51e4-41c9-9287-4e8dd97f5c38@group-F4DE2F4D7E72: start as a follower, conf=-1: [4f75c367-51e4-41c9-9287-4e8dd97f5c38:192.168.5.175:40325, 3eeab9a4-47d5-4980-9c6e-5102901e869a:192.168.5.175:43254, f0cb1a3f-6ac7-4eb8-9514-6a797ff8471f:192.168.5.175:39769], old=null
2019-10-09 13:03:46,321 [pool-67-thread-1] INFO  server.RaftServerConfigKeys (ConfUtils.java:logGet(43)) - raft.server.snapshot.retention.num.files = 5 (custom)
2019-10-09 13:03:46,321 [pool-47-thread-1] INFO  impl.RaftServerImpl (RaftServerImpl.java:setRole(174)) - 4f75c367-51e4-41c9-9287-4e8dd97f5c38@group-F4DE2F4D7E72: changes role from      null to FOLLOWER at term 0 for startAsFollower
2019-10-09 13:03:46,321 [pool-67-thread-1] INFO  server.RaftServerConfigKeys (ConfUtils.java:logGet(43)) - raft.server.retrycache.expirytime = 600000ms (custom)
2019-10-09 13:03:46,321 [pool-47-thread-1] INFO  impl.RoleInfo (RoleInfo.java:updateAndGet(143)) - 4f75c367-51e4-41c9-9287-4e8dd97f5c38: start FollowerState
2019-10-09 13:03:46,322 [pool-47-thread-1] INFO  util.JmxRegister (JmxRegister.java:tryRegister(44)) - Successfully registered JMX Bean with object name Ratis:service=RaftServer,group=group-F4DE2F4D7E72,id=4f75c367-51e4-41c9-9287-4e8dd97f5c38
2019-10-09 13:03:46,323 [pool-27-thread-1] INFO  impl.RaftServerImpl (RaftServerImpl.java:start(185)) - f0cb1a3f-6ac7-4eb8-9514-6a797ff8471f@group-F4DE2F4D7E72: start as a follower, conf=-1: [4f75c367-51e4-41c9-9287-4e8dd97f5c38:192.168.5.175:40325, 3eeab9a4-47d5-4980-9c6e-5102901e869a:192.168.5.175:43254, f0cb1a3f-6ac7-4eb8-9514-6a797ff8471f:192.168.5.175:39769], old=null
2019-10-09 13:03:46,323 [pool-27-thread-1] INFO  impl.RaftServerImpl (RaftServerImpl.java:setRole(174)) - f0cb1a3f-6ac7-4eb8-9514-6a797ff8471f@group-F4DE2F4D7E72: changes role from      null to FOLLOWER at term 0 for startAsFollower
2019-10-09 13:03:46,323 [pool-27-thread-1] INFO  impl.RoleInfo (RoleInfo.java:updateAndGet(143)) - f0cb1a3f-6ac7-4eb8-9514-6a797ff8471f: start FollowerState
2019-10-09 13:03:46,324 [pool-27-thread-1] INFO  util.JmxRegister (JmxRegister.java:tryRegister(44)) - Successfully registered JMX Bean with object name Ratis:service=RaftServer,group=group-F4DE2F4D7E72,id=f0cb1a3f-6ac7-4eb8-9514-6a797ff8471f
2019-10-09 13:03:46,327 [pool-67-thread-1] INFO  impl.RaftServerImpl (RaftServerImpl.java:start(185)) - 3eeab9a4-47d5-4980-9c6e-5102901e869a@group-F4DE2F4D7E72: start as a follower, conf=-1: [4f75c367-51e4-41c9-9287-4e8dd97f5c38:192.168.5.175:40325, 3eeab9a4-47d5-4980-9c6e-5102901e869a:192.168.5.175:43254, f0cb1a3f-6ac7-4eb8-9514-6a797ff8471f:192.168.5.175:39769], old=null
2019-10-09 13:03:46,328 [pool-67-thread-1] INFO  impl.RaftServerImpl (RaftServerImpl.java:setRole(174)) - 3eeab9a4-47d5-4980-9c6e-5102901e869a@group-F4DE2F4D7E72: changes role from      null to FOLLOWER at term 0 for startAsFollower
2019-10-09 13:03:46,329 [pool-67-thread-1] INFO  impl.RoleInfo (RoleInfo.java:updateAndGet(143)) - 3eeab9a4-47d5-4980-9c6e-5102901e869a: start FollowerState
2019-10-09 13:03:46,329 [pool-67-thread-1] INFO  util.JmxRegister (JmxRegister.java:tryRegister(44)) - Successfully registered JMX Bean with object name Ratis:service=RaftServer,group=group-F4DE2F4D7E72,id=3eeab9a4-47d5-4980-9c6e-5102901e869a
2019-10-09 13:03:46,337 [RatisPipelineUtilsThread] INFO  pipeline.PipelineStateManager (PipelineStateManager.java:addPipeline(56)) - Created pipeline Pipeline[ Id: 68a86807-51ce-4814-96be-f4de2f4d7e72, Nodes: 4f75c367-51e4-41c9-9287-4e8dd97f5c38{ip: 192.168.5.175, host: pr-hdds-1569-mfl88-1504498049, networkLocation: /default-rack, certSerialId: null}3eeab9a4-47d5-4980-9c6e-5102901e869a{ip: 192.168.5.175, host: pr-hdds-1569-mfl88-1504498049, networkLocation: /default-rack, certSerialId: null}f0cb1a3f-6ac7-4eb8-9514-6a797ff8471f{ip: 192.168.5.175, host: pr-hdds-1569-mfl88-1504498049, networkLocation: /default-rack, certSerialId: null}, Type:RATIS, Factor:THREE, State:OPEN]
2019-10-09 13:03:46,358 [grpc-default-executor-2] INFO  impl.RaftServerProxy (RaftServerProxy.java:addNew(89)) - f0cb1a3f-6ac7-4eb8-9514-6a797ff8471f: addNew group-153C1C6005E2:[4f75c367-51e4-41c9-9287-4e8dd97f5c38:192.168.5.175:40325, 3eeab9a4-47d5-4980-9c6e-5102901e869a:192.168.5.175:43254, f0cb1a3f-6ac7-4eb8-9514-6a797ff8471f:192.168.5.175:39769] returns group-153C1C6005E2:java.util.concurrent.CompletableFuture@4bdc8b53[Not completed]
2019-10-09 13:03:46,358 [grpc-default-executor-0] INFO  impl.RaftServerProxy (RaftServerProxy.java:addNew(89)) - 3eeab9a4-47d5-4980-9c6e-5102901e869a: addNew group-153C1C6005E2:[4f75c367-51e4-41c9-9287-4e8dd97f5c38:192.168.5.175:40325, 3eeab9a4-47d5-4980-9c6e-5102901e869a:192.168.5.175:43254, f0cb1a3f-6ac7-4eb8-9514-6a797ff8471f:192.168.5.175:39769] returns group-153C1C6005E2:java.util.concurrent.CompletableFuture@7ef95402[Not completed]
2019-10-09 13:03:46,376 [grpc-default-executor-0] INFO  impl.RaftServerProxy (RaftServerProxy.java:addNew(89)) - 4f75c367-51e4-41c9-9287-4e8dd97f5c38: addNew group-153C1C6005E2:[4f75c367-51e4-41c9-9287-4e8dd97f5c38:192.168.5.175:40325, 3eeab9a4-47d5-4980-9c6e-5102901e869a:192.168.5.175:43254, f0cb1a3f-6ac7-4eb8-9514-6a797ff8471f:192.168.5.175:39769] returns group-153C1C6005E2:java.util.concurrent.CompletableFuture@6b83e79d[Not completed]
2019-10-09 13:03:46,377 [pool-27-thread-1] INFO  impl.RaftServerImpl (RaftServerImpl.java:<init>(95)) - f0cb1a3f-6ac7-4eb8-9514-6a797ff8471f: new RaftServerImpl for group-153C1C6005E2:[4f75c367-51e4-41c9-9287-4e8dd97f5c38:192.168.5.175:40325, 3eeab9a4-47d5-4980-9c6e-5102901e869a:192.168.5.175:43254, f0cb1a3f-6ac7-4eb8-9514-6a797ff8471f:192.168.5.175:39769] with ContainerStateMachine:uninitialized
2019-10-09 13:03:46,377 [pool-27-thread-1] INFO  server.RaftServerConfigKeys (ConfUtils.java:logGet(43)) - raft.server.rpc.timeout.min = 5s (custom)
2019-10-09 13:03:46,377 [pool-27-thread-1] INFO  server.RaftServerConfigKeys (ConfUtils.java:logGet(43)) - raft.server.rpc.timeout.max = 5200ms (custom)
2019-10-09 13:03:46,377 [pool-27-thread-1] INFO  server.RaftServerConfigKeys (ConfUtils.java:logGet(43)) - raft.server.rpcslowness.timeout = 120s (custom)
2019-10-09 13:03:46,377 [pool-27-thread-1] INFO  server.RaftServerConfigKeys (ConfUtils.java:logGet(43)) - raft.server.sleep.deviation.threshold = 300 (default)
2019-10-09 13:03:46,377 [pool-27-thread-1] INFO  server.RaftServerConfigKeys (ConfUtils.java:logGet(43)) - raft.server.log.appender.install.snapshot.enabled = false (custom)
2019-10-09 13:03:46,378 [pool-27-thread-1] INFO  impl.RaftServerImpl (ServerState.java:<init>(103)) - f0cb1a3f-6ac7-4eb8-9514-6a797ff8471f@group-153C1C6005E2: ConfigurationManager, init=-1: [4f75c367-51e4-41c9-9287-4e8dd97f5c38:192.168.5.175:40325, 3eeab9a4-47d5-4980-9c6e-5102901e869a:192.168.5.175:43254, f0cb1a3f-6ac7-4eb8-9514-6a797ff8471f:192.168.5.175:39769], old=null, confs=<EMPTY_MAP>
2019-10-09 13:03:46,378 [pool-47-thread-1] INFO  impl.RaftServerImpl (RaftServerImpl.java:<init>(95)) - 4f75c367-51e4-41c9-9287-4e8dd97f5c38: new RaftServerImpl for group-153C1C6005E2:[4f75c367-51e4-41c9-9287-4e8dd97f5c38:192.168.5.175:40325, 3eeab9a4-47d5-4980-9c6e-5102901e869a:192.168.5.175:43254, f0cb1a3f-6ac7-4eb8-9514-6a797ff8471f:192.168.5.175:39769] with ContainerStateMachine:uninitialized
2019-10-09 13:03:46,378 [pool-27-thread-1] INFO  server.RaftServerConfigKeys (ConfUtils.java:logGet(43)) - raft.server.storage.dir = [/workdir/hadoop-ozone/integration-test/target/test-dir/MiniOzoneClusterImpl-92c4d179-1d16-4416-8bce-4538b25b782c/datanode-0/data/ratis] (custom)
2019-10-09 13:03:46,378 [pool-47-thread-1] INFO  server.RaftServerConfigKeys (ConfUtils.java:logGet(43)) - raft.server.rpc.timeout.min = 5s (custom)
2019-10-09 13:03:46,378 [pool-47-thread-1] INFO  server.RaftServerConfigKeys (ConfUtils.java:logGet(43)) - raft.server.rpc.timeout.max = 5200ms (custom)
2019-10-09 13:03:46,378 [pool-27-thread-1] INFO  storage.RaftStorageDirectory (RaftStorageDirectory.java:analyzeStorage(246)) - The storage directory /workdir/hadoop-ozone/integration-test/target/test-dir/MiniOzoneClusterImpl-92c4d179-1d16-4416-8bce-4538b25b782c/datanode-0/data/ratis/37c8a01b-3624-420c-8a61-153c1c6005e2 does not exist. Creating ...
2019-10-09 13:03:46,378 [pool-47-thread-1] INFO  server.RaftServerConfigKeys (ConfUtils.java:logGet(43)) - raft.server.rpcslowness.timeout = 120s (custom)
2019-10-09 13:03:46,379 [pool-47-thread-1] INFO  server.RaftServerConfigKeys (ConfUtils.java:logGet(43)) - raft.server.sleep.deviation.threshold = 300 (default)
2019-10-09 13:03:46,379 [pool-47-thread-1] INFO  server.RaftServerConfigKeys (ConfUtils.java:logGet(43)) - raft.server.log.appender.install.snapshot.enabled = false (custom)
2019-10-09 13:03:46,379 [pool-47-thread-1] INFO  impl.RaftServerImpl (ServerState.java:<init>(103)) - 4f75c367-51e4-41c9-9287-4e8dd97f5c38@group-153C1C6005E2: ConfigurationManager, init=-1: [4f75c367-51e4-41c9-9287-4e8dd97f5c38:192.168.5.175:40325, 3eeab9a4-47d5-4980-9c6e-5102901e869a:192.168.5.175:43254, f0cb1a3f-6ac7-4eb8-9514-6a797ff8471f:192.168.5.175:39769], old=null, confs=<EMPTY_MAP>
2019-10-09 13:03:46,379 [pool-67-thread-1] INFO  impl.RaftServerImpl (RaftServerImpl.java:<init>(95)) - 3eeab9a4-47d5-4980-9c6e-5102901e869a: new RaftServerImpl for group-153C1C6005E2:[4f75c367-51e4-41c9-9287-4e8dd97f5c38:192.168.5.175:40325, 3eeab9a4-47d5-4980-9c6e-5102901e869a:192.168.5.175:43254, f0cb1a3f-6ac7-4eb8-9514-6a797ff8471f:192.168.5.175:39769] with ContainerStateMachine:uninitialized
2019-10-09 13:03:46,379 [pool-67-thread-1] INFO  server.RaftServerConfigKeys (ConfUtils.java:logGet(43)) - raft.server.rpc.timeout.min = 5s (custom)
2019-10-09 13:03:46,379 [pool-47-thread-1] INFO  server.RaftServerConfigKeys (ConfUtils.java:logGet(43)) - raft.server.storage.dir = [/workdir/hadoop-ozone/integration-test/target/test-dir/MiniOzoneClusterImpl-92c4d179-1d16-4416-8bce-4538b25b782c/datanode-2/data/ratis] (custom)
2019-10-09 13:03:46,379 [pool-67-thread-1] INFO  server.RaftServerConfigKeys (ConfUtils.java:logGet(43)) - raft.server.rpc.timeout.max = 5200ms (custom)
2019-10-09 13:03:46,380 [pool-67-thread-1] INFO  server.RaftServerConfigKeys (ConfUtils.java:logGet(43)) - raft.server.rpcslowness.timeout = 120s (custom)
2019-10-09 13:03:46,380 [pool-67-thread-1] INFO  server.RaftServerConfigKeys (ConfUtils.java:logGet(43)) - raft.server.sleep.deviation.threshold = 300 (default)
2019-10-09 13:03:46,380 [pool-47-thread-1] INFO  storage.RaftStorageDirectory (RaftStorageDirectory.java:analyzeStorage(246)) - The storage directory /workdir/hadoop-ozone/integration-test/target/test-dir/MiniOzoneClusterImpl-92c4d179-1d16-4416-8bce-4538b25b782c/datanode-2/data/ratis/37c8a01b-3624-420c-8a61-153c1c6005e2 does not exist. Creating ...
2019-10-09 13:03:46,380 [pool-67-thread-1] INFO  server.RaftServerConfigKeys (ConfUtils.java:logGet(43)) - raft.server.log.appender.install.snapshot.enabled = false (custom)
2019-10-09 13:03:46,380 [pool-67-thread-1] INFO  impl.RaftServerImpl (ServerState.java:<init>(103)) - 3eeab9a4-47d5-4980-9c6e-5102901e869a@group-153C1C6005E2: ConfigurationManager, init=-1: [4f75c367-51e4-41c9-9287-4e8dd97f5c38:192.168.5.175:40325, 3eeab9a4-47d5-4980-9c6e-5102901e869a:192.168.5.175:43254, f0cb1a3f-6ac7-4eb8-9514-6a797ff8471f:192.168.5.175:39769], old=null, confs=<EMPTY_MAP>
2019-10-09 13:03:46,380 [pool-67-thread-1] INFO  server.RaftServerConfigKeys (ConfUtils.java:logGet(43)) - raft.server.storage.dir = [/workdir/hadoop-ozone/integration-test/target/test-dir/MiniOzoneClusterImpl-92c4d179-1d16-4416-8bce-4538b25b782c/datanode-4/data/ratis] (custom)
2019-10-09 13:03:46,381 [pool-67-thread-1] INFO  storage.RaftStorageDirectory (RaftStorageDirectory.java:analyzeStorage(246)) - The storage directory /workdir/hadoop-ozone/integration-test/target/test-dir/MiniOzoneClusterImpl-92c4d179-1d16-4416-8bce-4538b25b782c/datanode-4/data/ratis/37c8a01b-3624-420c-8a61-153c1c6005e2 does not exist. Creating ...
2019-10-09 13:03:46,403 [pool-27-thread-1] INFO  storage.RaftStorageDirectory (RaftStorageDirectory.java:tryLock(328)) - Lock on /workdir/hadoop-ozone/integration-test/target/test-dir/MiniOzoneClusterImpl-92c4d179-1d16-4416-8bce-4538b25b782c/datanode-0/data/ratis/37c8a01b-3624-420c-8a61-153c1c6005e2/in_use.lock acquired by nodename 6401@pr-hdds-1569-mfl88-1504498049
2019-10-09 13:03:46,403 [pool-47-thread-1] INFO  storage.RaftStorageDirectory (RaftStorageDirectory.java:tryLock(328)) - Lock on /workdir/hadoop-ozone/integration-test/target/test-dir/MiniOzoneClusterImpl-92c4d179-1d16-4416-8bce-4538b25b782c/datanode-2/data/ratis/37c8a01b-3624-420c-8a61-153c1c6005e2/in_use.lock acquired by nodename 6401@pr-hdds-1569-mfl88-1504498049
2019-10-09 13:03:46,403 [pool-67-thread-1] INFO  storage.RaftStorageDirectory (RaftStorageDirectory.java:tryLock(328)) - Lock on /workdir/hadoop-ozone/integration-test/target/test-dir/MiniOzoneClusterImpl-92c4d179-1d16-4416-8bce-4538b25b782c/datanode-4/data/ratis/37c8a01b-3624-420c-8a61-153c1c6005e2/in_use.lock acquired by nodename 6401@pr-hdds-1569-mfl88-1504498049
2019-10-09 13:03:46,427 [pool-47-thread-1] INFO  storage.RaftStorage (RaftStorage.java:format(72)) - Storage directory /workdir/hadoop-ozone/integration-test/target/test-dir/MiniOzoneClusterImpl-92c4d179-1d16-4416-8bce-4538b25b782c/datanode-2/data/ratis/37c8a01b-3624-420c-8a61-153c1c6005e2 has been successfully formatted.
2019-10-09 13:03:46,427 [pool-27-thread-1] INFO  storage.RaftStorage (RaftStorage.java:format(72)) - Storage directory /workdir/hadoop-ozone/integration-test/target/test-dir/MiniOzoneClusterImpl-92c4d179-1d16-4416-8bce-4538b25b782c/datanode-0/data/ratis/37c8a01b-3624-420c-8a61-153c1c6005e2 has been successfully formatted.
2019-10-09 13:03:46,427 [pool-67-thread-1] INFO  storage.RaftStorage (RaftStorage.java:format(72)) - Storage directory /workdir/hadoop-ozone/integration-test/target/test-dir/MiniOzoneClusterImpl-92c4d179-1d16-4416-8bce-4538b25b782c/datanode-4/data/ratis/37c8a01b-3624-420c-8a61-153c1c6005e2 has been successfully formatted.
2019-10-09 13:03:46,445 [pool-47-thread-1] INFO  ratis.ContainerStateMachine (ContainerStateMachine.java:loadSnapshot(230)) - group-153C1C6005E2: The snapshot info is null. Setting the last applied indexto:(t:0, i:~)
2019-10-09 13:03:46,452 [pool-27-thread-1] INFO  ratis.ContainerStateMachine (ContainerStateMachine.java:loadSnapshot(230)) - group-153C1C6005E2: The snapshot info is null. Setting the last applied indexto:(t:0, i:~)
2019-10-09 13:03:46,452 [pool-67-thread-1] INFO  ratis.ContainerStateMachine (ContainerStateMachine.java:loadSnapshot(230)) - group-153C1C6005E2: The snapshot info is null. Setting the last applied indexto:(t:0, i:~)
2019-10-09 13:03:46,452 [pool-47-thread-1] INFO  server.RaftServerConfigKeys (ConfUtils.java:logGet(43)) - raft.server.notification.no-leader.timeout = 120s (custom)
2019-10-09 13:03:46,452 [pool-67-thread-1] INFO  server.RaftServerConfigKeys (ConfUtils.java:logGet(43)) - raft.server.notification.no-leader.timeout = 120s (custom)
2019-10-09 13:03:46,452 [pool-27-thread-1] INFO  server.RaftServerConfigKeys (ConfUtils.java:logGet(43)) - raft.server.notification.no-leader.timeout = 120s (custom)
2019-10-09 13:03:46,452 [pool-67-thread-1] INFO  server.RaftServerConfigKeys (ConfUtils.java:logGet(43)) - raft.server.log.use.memory = false (default)
2019-10-09 13:03:46,452 [pool-47-thread-1] INFO  server.RaftServerConfigKeys (ConfUtils.java:logGet(43)) - raft.server.log.use.memory = false (default)
2019-10-09 13:03:46,453 [pool-67-thread-1] INFO  server.RaftServerConfigKeys (ConfUtils.java:logGet(43)) - raft.server.log.purge.gap = 1000000 (custom)
2019-10-09 13:03:46,453 [pool-67-thread-1] INFO  server.RaftServerConfigKeys (ConfUtils.java:logGet(43)) - raft.server.log.appender.buffer.byte-limit = 33554432 (custom)
2019-10-09 13:03:46,453 [pool-27-thread-1] INFO  server.RaftServerConfigKeys (ConfUtils.java:logGet(43)) - raft.server.log.use.memory = false (default)
2019-10-09 13:03:46,453 [pool-67-thread-1] INFO  server.RaftServerConfigKeys (ConfUtils.java:logGet(43)) - raft.server.log.segment.size.max = 1048576 (custom)
2019-10-09 13:03:46,453 [pool-47-thread-1] INFO  server.RaftServerConfigKeys (ConfUtils.java:logGet(43)) - raft.server.log.purge.gap = 1000000 (custom)
2019-10-09 13:03:46,453 [pool-67-thread-1] INFO  server.RaftServerConfigKeys (ConfUtils.java:logGet(43)) - raft.server.log.segment.cache.num.max = 2 (custom)
2019-10-09 13:03:46,453 [pool-27-thread-1] INFO  server.RaftServerConfigKeys (ConfUtils.java:logGet(43)) - raft.server.log.purge.gap = 1000000 (custom)
2019-10-09 13:03:46,454 [pool-67-thread-1] INFO  segmented.SegmentedRaftLogWorker (SegmentedRaftLogWorker.java:<init>(172)) - new 3eeab9a4-47d5-4980-9c6e-5102901e869a@group-153C1C6005E2-SegmentedRaftLogWorker for RaftStorage:Storage Directory /workdir/hadoop-ozone/integration-test/target/test-dir/MiniOzoneClusterImpl-92c4d179-1d16-4416-8bce-4538b25b782c/datanode-4/data/ratis/37c8a01b-3624-420c-8a61-153c1c6005e2
2019-10-09 13:03:46,454 [pool-47-thread-1] INFO  server.RaftServerConfigKeys (ConfUtils.java:logGet(43)) - raft.server.log.appender.buffer.byte-limit = 33554432 (custom)
2019-10-09 13:03:46,454 [pool-67-thread-1] INFO  server.RaftServerConfigKeys (ConfUtils.java:logGet(43)) - raft.server.log.queue.byte-limit = 2147483647 (custom)
2019-10-09 13:03:46,454 [pool-67-thread-1] INFO  server.RaftServerConfigKeys (ConfUtils.java:logGet(43)) - raft.server.log.queue.element-limit = 1024 (custom)
2019-10-09 13:03:46,454 [pool-27-thread-1] INFO  server.RaftServerConfigKeys (ConfUtils.java:logGet(43)) - raft.server.log.appender.buffer.byte-limit = 33554432 (custom)
2019-10-09 13:03:46,455 [pool-67-thread-1] INFO  server.RaftServerConfigKeys (ConfUtils.java:logGet(43)) - raft.server.log.segment.size.max = 1048576 (custom)
2019-10-09 13:03:46,454 [pool-47-thread-1] INFO  server.RaftServerConfigKeys (ConfUtils.java:logGet(43)) - raft.server.log.segment.size.max = 1048576 (custom)
2019-10-09 13:03:46,455 [pool-67-thread-1] INFO  server.RaftServerConfigKeys (ConfUtils.java:logGet(43)) - raft.server.log.preallocated.size = 16384 (custom)
2019-10-09 13:03:46,455 [pool-27-thread-1] INFO  server.RaftServerConfigKeys (ConfUtils.java:logGet(43)) - raft.server.log.segment.size.max = 1048576 (custom)
2019-10-09 13:03:46,455 [pool-67-thread-1] INFO  server.RaftServerConfigKeys (ConfUtils.java:logGet(43)) - raft.server.log.write.buffer.size = 33554432 (custom)
2019-10-09 13:03:46,455 [pool-67-thread-1] INFO  server.RaftServerConfigKeys (ConfUtils.java:logGet(43)) - raft.server.log.force.sync.num = 128 (default)
2019-10-09 13:03:46,455 [pool-47-thread-1] INFO  server.RaftServerConfigKeys (ConfUtils.java:logGet(43)) - raft.server.log.segment.cache.num.max = 2 (custom)
2019-10-09 13:03:46,456 [pool-67-thread-1] INFO  server.RaftServerConfigKeys (ConfUtils.java:logGet(43)) - raft.server.log.statemachine.data.sync = true (default)
2019-10-09 13:03:46,455 [pool-27-thread-1] INFO  server.RaftServerConfigKeys (ConfUtils.java:logGet(43)) - raft.server.log.segment.cache.num.max = 2 (custom)
2019-10-09 13:03:46,456 [pool-67-thread-1] INFO  server.RaftServerConfigKeys (ConfUtils.java:logGet(43)) - raft.server.log.statemachine.data.sync.timeout = 10s (default)
2019-10-09 13:03:46,456 [pool-47-thread-1] INFO  segmented.SegmentedRaftLogWorker (SegmentedRaftLogWorker.java:<init>(172)) - new 4f75c367-51e4-41c9-9287-4e8dd97f5c38@group-153C1C6005E2-SegmentedRaftLogWorker for RaftStorage:Storage Directory /workdir/hadoop-ozone/integration-test/target/test-dir/MiniOzoneClusterImpl-92c4d179-1d16-4416-8bce-4538b25b782c/datanode-2/data/ratis/37c8a01b-3624-420c-8a61-153c1c6005e2
2019-10-09 13:03:46,456 [pool-67-thread-1] INFO  server.RaftServerConfigKeys (ConfUtils.java:logGet(43)) - raft.server.log.statemachine.data.sync.timeout.retry = -1 (default)
2019-10-09 13:03:46,456 [pool-27-thread-1] INFO  segmented.SegmentedRaftLogWorker (SegmentedRaftLogWorker.java:<init>(172)) - new f0cb1a3f-6ac7-4eb8-9514-6a797ff8471f@group-153C1C6005E2-SegmentedRaftLogWorker for RaftStorage:Storage Directory /workdir/hadoop-ozone/integration-test/target/test-dir/MiniOzoneClusterImpl-92c4d179-1d16-4416-8bce-4538b25b782c/datanode-0/data/ratis/37c8a01b-3624-420c-8a61-153c1c6005e2
2019-10-09 13:03:46,457 [pool-67-thread-1] INFO  server.RaftServerConfigKeys (ConfUtils.java:logGet(43)) - raft.server.log.statemachine.data.caching.enabled = true (custom)
2019-10-09 13:03:46,456 [pool-47-thread-1] INFO  server.RaftServerConfigKeys (ConfUtils.java:logGet(43)) - raft.server.log.queue.byte-limit = 2147483647 (custom)
2019-10-09 13:03:46,457 [pool-27-thread-1] INFO  server.RaftServerConfigKeys (ConfUtils.java:logGet(43)) - raft.server.log.queue.byte-limit = 2147483647 (custom)
2019-10-09 13:03:46,457 [pool-67-thread-1] INFO  segmented.SegmentedRaftLogWorker (SegmentedRaftLogWorker.java:lambda$new$0(132)) - 3eeab9a4-47d5-4980-9c6e-5102901e869a@group-153C1C6005E2-SegmentedRaftLogWorker: flushIndex: setUnconditionally 0 -> -1
2019-10-09 13:03:46,457 [pool-47-thread-1] INFO  server.RaftServerConfigKeys (ConfUtils.java:logGet(43)) - raft.server.log.queue.element-limit = 1024 (custom)
2019-10-09 13:03:46,457 [pool-27-thread-1] INFO  server.RaftServerConfigKeys (ConfUtils.java:logGet(43)) - raft.server.log.queue.element-limit = 1024 (custom)
2019-10-09 13:03:46,458 [pool-67-thread-1] INFO  server.RaftServerConfigKeys (ConfUtils.java:logGet(43)) - raft.server.snapshot.auto.trigger.enabled = true (custom)
2019-10-09 13:03:46,457 [pool-47-thread-1] INFO  server.RaftServerConfigKeys (ConfUtils.java:logGet(43)) - raft.server.log.segment.size.max = 1048576 (custom)
2019-10-09 13:03:46,458 [pool-67-thread-1] INFO  server.RaftServerConfigKeys (ConfUtils.java:logGet(43)) - raft.server.snapshot.auto.trigger.threshold = 10000 (custom)
2019-10-09 13:03:46,458 [pool-27-thread-1] INFO  server.RaftServerConfigKeys (ConfUtils.java:logGet(43)) - raft.server.log.segment.size.max = 1048576 (custom)
2019-10-09 13:03:46,458 [pool-67-thread-1] INFO  server.RaftServerConfigKeys (ConfUtils.java:logGet(43)) - raft.server.snapshot.retention.num.files = 5 (custom)
2019-10-09 13:03:46,458 [pool-47-thread-1] INFO  server.RaftServerConfigKeys (ConfUtils.java:logGet(43)) - raft.server.log.preallocated.size = 16384 (custom)
2019-10-09 13:03:46,458 [pool-67-thread-1] INFO  server.RaftServerConfigKeys (ConfUtils.java:logGet(43)) - raft.server.retrycache.expirytime = 600000ms (custom)
2019-10-09 13:03:46,458 [pool-27-thread-1] INFO  server.RaftServerConfigKeys (ConfUtils.java:logGet(43)) - raft.server.log.preallocated.size = 16384 (custom)
2019-10-09 13:03:46,458 [pool-47-thread-1] INFO  server.RaftServerConfigKeys (ConfUtils.java:logGet(43)) - raft.server.log.write.buffer.size = 33554432 (custom)
2019-10-09 13:03:46,459 [pool-27-thread-1] INFO  server.RaftServerConfigKeys (ConfUtils.java:logGet(43)) - raft.server.log.write.buffer.size = 33554432 (custom)
2019-10-09 13:03:46,459 [main] INFO  rpc.RpcClient (RpcClient.java:createVolume(276)) - Creating Volume: testblockoutputstream, with jenkins1000 as owner.
2019-10-09 13:03:46,459 [pool-47-thread-1] INFO  server.RaftServerConfigKeys (ConfUtils.java:logGet(43)) - raft.server.log.force.sync.num = 128 (default)
2019-10-09 13:03:46,459 [pool-27-thread-1] INFO  server.RaftServerConfigKeys (ConfUtils.java:logGet(43)) - raft.server.log.force.sync.num = 128 (default)
2019-10-09 13:03:46,460 [pool-47-thread-1] INFO  server.RaftServerConfigKeys (ConfUtils.java:logGet(43)) - raft.server.log.statemachine.data.sync = true (default)
2019-10-09 13:03:46,460 [pool-27-thread-1] INFO  server.RaftServerConfigKeys (ConfUtils.java:logGet(43)) - raft.server.log.statemachine.data.sync = true (default)
2019-10-09 13:03:46,460 [pool-47-thread-1] INFO  server.RaftServerConfigKeys (ConfUtils.java:logGet(43)) - raft.server.log.statemachine.data.sync.timeout = 10s (default)
2019-10-09 13:03:46,460 [pool-27-thread-1] INFO  server.RaftServerConfigKeys (ConfUtils.java:logGet(43)) - raft.server.log.statemachine.data.sync.timeout = 10s (default)
2019-10-09 13:03:46,460 [pool-47-thread-1] INFO  server.RaftServerConfigKeys (ConfUtils.java:logGet(43)) - raft.server.log.statemachine.data.sync.timeout.retry = -1 (default)
2019-10-09 13:03:46,461 [pool-27-thread-1] INFO  server.RaftServerConfigKeys (ConfUtils.java:logGet(43)) - raft.server.log.statemachine.data.sync.timeout.retry = -1 (default)
2019-10-09 13:03:46,461 [pool-47-thread-1] INFO  server.RaftServerConfigKeys (ConfUtils.java:logGet(43)) - raft.server.log.statemachine.data.caching.enabled = true (custom)
2019-10-09 13:03:46,461 [pool-27-thread-1] INFO  server.RaftServerConfigKeys (ConfUtils.java:logGet(43)) - raft.server.log.statemachine.data.caching.enabled = true (custom)
2019-10-09 13:03:46,461 [pool-47-thread-1] INFO  segmented.SegmentedRaftLogWorker (SegmentedRaftLogWorker.java:lambda$new$0(132)) - 4f75c367-51e4-41c9-9287-4e8dd97f5c38@group-153C1C6005E2-SegmentedRaftLogWorker: flushIndex: setUnconditionally 0 -> -1
2019-10-09 13:03:46,462 [pool-67-thread-1] INFO  impl.RaftServerImpl (RaftServerImpl.java:start(185)) - 3eeab9a4-47d5-4980-9c6e-5102901e869a@group-153C1C6005E2: start as a follower, conf=-1: [4f75c367-51e4-41c9-9287-4e8dd97f5c38:192.168.5.175:40325, 3eeab9a4-47d5-4980-9c6e-5102901e869a:192.168.5.175:43254, f0cb1a3f-6ac7-4eb8-9514-6a797ff8471f:192.168.5.175:39769], old=null
2019-10-09 13:03:46,462 [pool-27-thread-1] INFO  segmented.SegmentedRaftLogWorker (SegmentedRaftLogWorker.java:lambda$new$0(132)) - f0cb1a3f-6ac7-4eb8-9514-6a797ff8471f@group-153C1C6005E2-SegmentedRaftLogWorker: flushIndex: setUnconditionally 0 -> -1
2019-10-09 13:03:46,462 [pool-47-thread-1] INFO  server.RaftServerConfigKeys (ConfUtils.java:logGet(43)) - raft.server.snapshot.auto.trigger.enabled = true (custom)
2019-10-09 13:03:46,462 [pool-67-thread-1] INFO  impl.RaftServerImpl (RaftServerImpl.java:setRole(174)) - 3eeab9a4-47d5-4980-9c6e-5102901e869a@group-153C1C6005E2: changes role from      null to FOLLOWER at term 0 for startAsFollower
2019-10-09 13:03:46,462 [pool-27-thread-1] INFO  server.RaftServerConfigKeys (ConfUtils.java:logGet(43)) - raft.server.snapshot.auto.trigger.enabled = true (custom)
2019-10-09 13:03:46,462 [pool-47-thread-1] INFO  server.RaftServerConfigKeys (ConfUtils.java:logGet(43)) - raft.server.snapshot.auto.trigger.threshold = 10000 (custom)
2019-10-09 13:03:46,463 [pool-27-thread-1] INFO  server.RaftServerConfigKeys (ConfUtils.java:logGet(43)) - raft.server.snapshot.auto.trigger.threshold = 10000 (custom)
2019-10-09 13:03:46,462 [pool-67-thread-1] INFO  impl.RoleInfo (RoleInfo.java:updateAndGet(143)) - 3eeab9a4-47d5-4980-9c6e-5102901e869a: start FollowerState
2019-10-09 13:03:46,463 [pool-27-thread-1] INFO  server.RaftServerConfigKeys (ConfUtils.java:logGet(43)) - raft.server.snapshot.retention.num.files = 5 (custom)
2019-10-09 13:03:46,463 [pool-47-thread-1] INFO  server.RaftServerConfigKeys (ConfUtils.java:logGet(43)) - raft.server.snapshot.retention.num.files = 5 (custom)
2019-10-09 13:03:46,463 [pool-27-thread-1] INFO  server.RaftServerConfigKeys (ConfUtils.java:logGet(43)) - raft.server.retrycache.expirytime = 600000ms (custom)
2019-10-09 13:03:46,463 [pool-47-thread-1] INFO  server.RaftServerConfigKeys (ConfUtils.java:logGet(43)) - raft.server.retrycache.expirytime = 600000ms (custom)
2019-10-09 13:03:46,463 [pool-67-thread-1] INFO  util.JmxRegister (JmxRegister.java:tryRegister(44)) - Successfully registered JMX Bean with object name Ratis:service=RaftServer,group=group-153C1C6005E2,id=3eeab9a4-47d5-4980-9c6e-5102901e869a
2019-10-09 13:03:46,559 [pool-27-thread-1] INFO  impl.RaftServerImpl (RaftServerImpl.java:start(185)) - f0cb1a3f-6ac7-4eb8-9514-6a797ff8471f@group-153C1C6005E2: start as a follower, conf=-1: [4f75c367-51e4-41c9-9287-4e8dd97f5c38:192.168.5.175:40325, 3eeab9a4-47d5-4980-9c6e-5102901e869a:192.168.5.175:43254, f0cb1a3f-6ac7-4eb8-9514-6a797ff8471f:192.168.5.175:39769], old=null
2019-10-09 13:03:46,559 [pool-27-thread-1] INFO  impl.RaftServerImpl (RaftServerImpl.java:setRole(174)) - f0cb1a3f-6ac7-4eb8-9514-6a797ff8471f@group-153C1C6005E2: changes role from      null to FOLLOWER at term 0 for startAsFollower
2019-10-09 13:03:46,559 [pool-27-thread-1] INFO  impl.RoleInfo (RoleInfo.java:updateAndGet(143)) - f0cb1a3f-6ac7-4eb8-9514-6a797ff8471f: start FollowerState
2019-10-09 13:03:46,559 [pool-47-thread-1] INFO  impl.RaftServerImpl (RaftServerImpl.java:start(185)) - 4f75c367-51e4-41c9-9287-4e8dd97f5c38@group-153C1C6005E2: start as a follower, conf=-1: [4f75c367-51e4-41c9-9287-4e8dd97f5c38:192.168.5.175:40325, 3eeab9a4-47d5-4980-9c6e-5102901e869a:192.168.5.175:43254, f0cb1a3f-6ac7-4eb8-9514-6a797ff8471f:192.168.5.175:39769], old=null
2019-10-09 13:03:46,559 [pool-47-thread-1] INFO  impl.RaftServerImpl (RaftServerImpl.java:setRole(174)) - 4f75c367-51e4-41c9-9287-4e8dd97f5c38@group-153C1C6005E2: changes role from      null to FOLLOWER at term 0 for startAsFollower
2019-10-09 13:03:46,559 [pool-27-thread-1] INFO  util.JmxRegister (JmxRegister.java:tryRegister(44)) - Successfully registered JMX Bean with object name Ratis:service=RaftServer,group=group-153C1C6005E2,id=f0cb1a3f-6ac7-4eb8-9514-6a797ff8471f
2019-10-09 13:03:46,560 [pool-47-thread-1] INFO  impl.RoleInfo (RoleInfo.java:updateAndGet(143)) - 4f75c367-51e4-41c9-9287-4e8dd97f5c38: start FollowerState
2019-10-09 13:03:46,562 [pool-47-thread-1] INFO  util.JmxRegister (JmxRegister.java:tryRegister(44)) - Successfully registered JMX Bean with object name Ratis:service=RaftServer,group=group-153C1C6005E2,id=4f75c367-51e4-41c9-9287-4e8dd97f5c38
2019-10-09 13:03:46,606 [RatisPipelineUtilsThread] INFO  pipeline.PipelineStateManager (PipelineStateManager.java:addPipeline(56)) - Created pipeline Pipeline[ Id: 37c8a01b-3624-420c-8a61-153c1c6005e2, Nodes: f0cb1a3f-6ac7-4eb8-9514-6a797ff8471f{ip: 192.168.5.175, host: pr-hdds-1569-mfl88-1504498049, networkLocation: /default-rack, certSerialId: null}3eeab9a4-47d5-4980-9c6e-5102901e869a{ip: 192.168.5.175, host: pr-hdds-1569-mfl88-1504498049, networkLocation: /default-rack, certSerialId: null}4f75c367-51e4-41c9-9287-4e8dd97f5c38{ip: 192.168.5.175, host: pr-hdds-1569-mfl88-1504498049, networkLocation: /default-rack, certSerialId: null}, Type:RATIS, Factor:THREE, State:OPEN]
2019-10-09 13:03:46,705 [IPC Server handler 1 on 33695] INFO  volume.OMVolumeCreateRequest (OMVolumeCreateRequest.java:validateAndUpdateCache(189)) - created volume:testblockoutputstream for user:jenkins1000
2019-10-09 13:03:46,734 [main] INFO  rpc.RpcClient (RpcClient.java:createBucket(415)) - Creating Bucket: testblockoutputstream/testblockoutputstream, with Versioning false and Storage Type set to DISK and Encryption set to false 
2019-10-09 13:03:47,078 [main] INFO  impl.MetricsSystemImpl (MetricsSystemImpl.java:init(158)) - XceiverClientMetrics metrics system started (again)
2019-10-09 13:03:47,216 [Thread-238] INFO  container.ReplicationManager (ReplicationManager.java:start(163)) - Starting Replication Monitor Thread.
2019-10-09 13:03:47,221 [ReplicationMonitor] INFO  container.ReplicationManager (ReplicationManager.java:run(226)) - Replication Monitor Thread took 4 milliseconds for processing 1 containers.
2019-10-09 13:03:50,018 [Thread-240] INFO  impl.FollowerState (FollowerState.java:run(106)) - f0cb1a3f-6ac7-4eb8-9514-6a797ff8471f:group-48B2E64647AF changes to CANDIDATE, lastRpcTime:5069, electionTimeout:5068ms
2019-10-09 13:03:50,024 [Thread-240] INFO  impl.RoleInfo (RoleInfo.java:shutdownFollowerState(121)) - f0cb1a3f-6ac7-4eb8-9514-6a797ff8471f: shutdown FollowerState
2019-10-09 13:03:50,024 [Thread-240] INFO  impl.RaftServerImpl (RaftServerImpl.java:setRole(174)) - f0cb1a3f-6ac7-4eb8-9514-6a797ff8471f@group-48B2E64647AF: changes role from  FOLLOWER to CANDIDATE at term 0 for changeToCandidate
2019-10-09 13:03:50,032 [Thread-240] INFO  impl.RoleInfo (RoleInfo.java:updateAndGet(143)) - f0cb1a3f-6ac7-4eb8-9514-6a797ff8471f: start LeaderElection
2019-10-09 13:03:50,053 [f0cb1a3f-6ac7-4eb8-9514-6a797ff8471f@group-48B2E64647AF:LeaderElection1] INFO  impl.LeaderElection (LeaderElection.java:askForVotes(182)) - f0cb1a3f-6ac7-4eb8-9514-6a797ff8471f@group-48B2E64647AF:LeaderElection1: begin an election at term 1 for -1: [f0cb1a3f-6ac7-4eb8-9514-6a797ff8471f:192.168.5.175:39769], old=null
2019-10-09 13:03:50,055 [f0cb1a3f-6ac7-4eb8-9514-6a797ff8471f@group-48B2E64647AF:LeaderElection1] INFO  impl.RoleInfo (RoleInfo.java:shutdownLeaderElection(134)) - f0cb1a3f-6ac7-4eb8-9514-6a797ff8471f: shutdown LeaderElection
2019-10-09 13:03:50,056 [f0cb1a3f-6ac7-4eb8-9514-6a797ff8471f@group-48B2E64647AF:LeaderElection1] INFO  impl.RaftServerImpl (RaftServerImpl.java:setRole(174)) - f0cb1a3f-6ac7-4eb8-9514-6a797ff8471f@group-48B2E64647AF: changes role from CANDIDATE to LEADER at term 1 for changeToLeader
2019-10-09 13:03:50,056 [f0cb1a3f-6ac7-4eb8-9514-6a797ff8471f@group-48B2E64647AF:LeaderElection1] INFO  impl.RaftServerImpl (ServerState.java:setLeader(253)) - f0cb1a3f-6ac7-4eb8-9514-6a797ff8471f@group-48B2E64647AF: change Leader from null to f0cb1a3f-6ac7-4eb8-9514-6a797ff8471f at term 1 for becomeLeader, leader elected after 5228ms
2019-10-09 13:03:50,066 [f0cb1a3f-6ac7-4eb8-9514-6a797ff8471f@group-48B2E64647AF:LeaderElection1] INFO  server.RaftServerConfigKeys (ConfUtils.java:logGet(43)) - raft.server.staging.catchup.gap = 1000 (default)
2019-10-09 13:03:50,066 [f0cb1a3f-6ac7-4eb8-9514-6a797ff8471f@group-48B2E64647AF:LeaderElection1] INFO  server.RaftServerConfigKeys (ConfUtils.java:logGet(43)) - raft.server.rpc.sleep.time = 25ms (default)
2019-10-09 13:03:50,070 [f0cb1a3f-6ac7-4eb8-9514-6a797ff8471f@group-48B2E64647AF:LeaderElection1] INFO  server.RaftServerConfigKeys (ConfUtils.java:logGet(43)) - raft.server.write.element-limit = 4096 (default)
2019-10-09 13:03:50,073 [f0cb1a3f-6ac7-4eb8-9514-6a797ff8471f@group-48B2E64647AF:LeaderElection1] INFO  server.RaftServerConfigKeys (ConfUtils.java:logGet(43)) - raft.server.watch.timeout = 10s (default)
2019-10-09 13:03:50,073 [f0cb1a3f-6ac7-4eb8-9514-6a797ff8471f@group-48B2E64647AF:LeaderElection1] INFO  server.RaftServerConfigKeys (ConfUtils.java:logGet(43)) - raft.server.watch.timeout.denomination = 1s (default)
2019-10-09 13:03:50,074 [f0cb1a3f-6ac7-4eb8-9514-6a797ff8471f@group-48B2E64647AF:LeaderElection1] INFO  server.RaftServerConfigKeys (ConfUtils.java:logGet(43)) - raft.server.watch.element-limit = 65536 (default)
2019-10-09 13:03:50,088 [f0cb1a3f-6ac7-4eb8-9514-6a797ff8471f@group-48B2E64647AF:LeaderElection1] INFO  impl.RoleInfo (RoleInfo.java:updateAndGet(143)) - f0cb1a3f-6ac7-4eb8-9514-6a797ff8471f: start LeaderState
2019-10-09 13:03:50,116 [f0cb1a3f-6ac7-4eb8-9514-6a797ff8471f@group-48B2E64647AF:LeaderElection1] INFO  segmented.SegmentedRaftLogWorker (SegmentedRaftLogWorker.java:startLogSegment(380)) - f0cb1a3f-6ac7-4eb8-9514-6a797ff8471f@group-48B2E64647AF-SegmentedRaftLogWorker: Starting segment from index:0
2019-10-09 13:03:50,129 [f0cb1a3f-6ac7-4eb8-9514-6a797ff8471f@group-48B2E64647AF:LeaderElection1] INFO  impl.RaftServerImpl (ServerState.java:setRaftConf(354)) - f0cb1a3f-6ac7-4eb8-9514-6a797ff8471f@group-48B2E64647AF: set configuration 0: [f0cb1a3f-6ac7-4eb8-9514-6a797ff8471f:192.168.5.175:39769], old=null at 0
2019-10-09 13:03:50,289 [f0cb1a3f-6ac7-4eb8-9514-6a797ff8471f@group-48B2E64647AF-SegmentedRaftLogWorker] INFO  segmented.SegmentedRaftLogWorker (SegmentedRaftLogWorker.java:execute(569)) - f0cb1a3f-6ac7-4eb8-9514-6a797ff8471f@group-48B2E64647AF-SegmentedRaftLogWorker: created new log segment /workdir/hadoop-ozone/integration-test/target/test-dir/MiniOzoneClusterImpl-92c4d179-1d16-4416-8bce-4538b25b782c/datanode-0/data/ratis/b33d5b73-3ede-4f2e-bc85-48b2e64647af/current/log_inprogress_0
2019-10-09 13:03:50,310 [Thread-243] INFO  impl.FollowerState (FollowerState.java:run(106)) - 4f75c367-51e4-41c9-9287-4e8dd97f5c38:group-692C1A1A7FB0 changes to CANDIDATE, lastRpcTime:5133, electionTimeout:5132ms
2019-10-09 13:03:50,314 [Thread-243] INFO  impl.RoleInfo (RoleInfo.java:shutdownFollowerState(121)) - 4f75c367-51e4-41c9-9287-4e8dd97f5c38: shutdown FollowerState
2019-10-09 13:03:50,314 [Thread-243] INFO  impl.RaftServerImpl (RaftServerImpl.java:setRole(174)) - 4f75c367-51e4-41c9-9287-4e8dd97f5c38@group-692C1A1A7FB0: changes role from  FOLLOWER to CANDIDATE at term 0 for changeToCandidate
2019-10-09 13:03:50,314 [Thread-243] INFO  impl.RoleInfo (RoleInfo.java:updateAndGet(143)) - 4f75c367-51e4-41c9-9287-4e8dd97f5c38: start LeaderElection
2019-10-09 13:03:50,334 [4f75c367-51e4-41c9-9287-4e8dd97f5c38@group-692C1A1A7FB0:LeaderElection2] INFO  impl.LeaderElection (LeaderElection.java:askForVotes(182)) - 4f75c367-51e4-41c9-9287-4e8dd97f5c38@group-692C1A1A7FB0:LeaderElection2: begin an election at term 1 for -1: [4f75c367-51e4-41c9-9287-4e8dd97f5c38:192.168.5.175:40325], old=null
2019-10-09 13:03:50,346 [4f75c367-51e4-41c9-9287-4e8dd97f5c38@group-692C1A1A7FB0:LeaderElection2] INFO  impl.RoleInfo (RoleInfo.java:shutdownLeaderElection(134)) - 4f75c367-51e4-41c9-9287-4e8dd97f5c38: shutdown LeaderElection
2019-10-09 13:03:50,347 [4f75c367-51e4-41c9-9287-4e8dd97f5c38@group-692C1A1A7FB0:LeaderElection2] INFO  impl.RaftServerImpl (RaftServerImpl.java:setRole(174)) - 4f75c367-51e4-41c9-9287-4e8dd97f5c38@group-692C1A1A7FB0: changes role from CANDIDATE to LEADER at term 1 for changeToLeader
2019-10-09 13:03:50,347 [4f75c367-51e4-41c9-9287-4e8dd97f5c38@group-692C1A1A7FB0:LeaderElection2] INFO  impl.RaftServerImpl (ServerState.java:setLeader(253)) - 4f75c367-51e4-41c9-9287-4e8dd97f5c38@group-692C1A1A7FB0: change Leader from null to 4f75c367-51e4-41c9-9287-4e8dd97f5c38 at term 1 for becomeLeader, leader elected after 5184ms
2019-10-09 13:03:50,349 [4f75c367-51e4-41c9-9287-4e8dd97f5c38@group-692C1A1A7FB0:LeaderElection2] INFO  server.RaftServerConfigKeys (ConfUtils.java:logGet(43)) - raft.server.staging.catchup.gap = 1000 (default)
2019-10-09 13:03:50,349 [4f75c367-51e4-41c9-9287-4e8dd97f5c38@group-692C1A1A7FB0:LeaderElection2] INFO  server.RaftServerConfigKeys (ConfUtils.java:logGet(43)) - raft.server.rpc.sleep.time = 25ms (default)
2019-10-09 13:03:50,349 [4f75c367-51e4-41c9-9287-4e8dd97f5c38@group-692C1A1A7FB0:LeaderElection2] INFO  server.RaftServerConfigKeys (ConfUtils.java:logGet(43)) - raft.server.write.element-limit = 4096 (default)
2019-10-09 13:03:50,350 [4f75c367-51e4-41c9-9287-4e8dd97f5c38@group-692C1A1A7FB0:LeaderElection2] INFO  server.RaftServerConfigKeys (ConfUtils.java:logGet(43)) - raft.server.watch.timeout = 10s (default)
2019-10-09 13:03:50,350 [4f75c367-51e4-41c9-9287-4e8dd97f5c38@group-692C1A1A7FB0:LeaderElection2] INFO  server.RaftServerConfigKeys (ConfUtils.java:logGet(43)) - raft.server.watch.timeout.denomination = 1s (default)
2019-10-09 13:03:50,350 [4f75c367-51e4-41c9-9287-4e8dd97f5c38@group-692C1A1A7FB0:LeaderElection2] INFO  server.RaftServerConfigKeys (ConfUtils.java:logGet(43)) - raft.server.watch.element-limit = 65536 (default)
2019-10-09 13:03:50,353 [4f75c367-51e4-41c9-9287-4e8dd97f5c38@group-692C1A1A7FB0:LeaderElection2] INFO  impl.RoleInfo (RoleInfo.java:updateAndGet(143)) - 4f75c367-51e4-41c9-9287-4e8dd97f5c38: start LeaderState
2019-10-09 13:03:50,353 [4f75c367-51e4-41c9-9287-4e8dd97f5c38@group-692C1A1A7FB0:LeaderElection2] INFO  segmented.SegmentedRaftLogWorker (SegmentedRaftLogWorker.java:startLogSegment(380)) - 4f75c367-51e4-41c9-9287-4e8dd97f5c38@group-692C1A1A7FB0-SegmentedRaftLogWorker: Starting segment from index:0
2019-10-09 13:03:50,354 [4f75c367-51e4-41c9-9287-4e8dd97f5c38@group-692C1A1A7FB0:LeaderElection2] INFO  impl.RaftServerImpl (ServerState.java:setRaftConf(354)) - 4f75c367-51e4-41c9-9287-4e8dd97f5c38@group-692C1A1A7FB0: set configuration 0: [4f75c367-51e4-41c9-9287-4e8dd97f5c38:192.168.5.175:40325], old=null at 0
2019-10-09 13:03:50,395 [Thread-246] INFO  impl.FollowerState (FollowerState.java:run(106)) - 3eeab9a4-47d5-4980-9c6e-5102901e869a:group-0E7B0A816CCB changes to CANDIDATE, lastRpcTime:5060, electionTimeout:5060ms
2019-10-09 13:03:50,395 [Thread-246] INFO  impl.RoleInfo (RoleInfo.java:shutdownFollowerState(121)) - 3eeab9a4-47d5-4980-9c6e-5102901e869a: shutdown FollowerState
2019-10-09 13:03:50,395 [Thread-246] INFO  impl.RaftServerImpl (RaftServerImpl.java:setRole(174)) - 3eeab9a4-47d5-4980-9c6e-5102901e869a@group-0E7B0A816CCB: changes role from  FOLLOWER to CANDIDATE at term 0 for changeToCandidate
2019-10-09 13:03:50,396 [Thread-246] INFO  impl.RoleInfo (RoleInfo.java:updateAndGet(143)) - 3eeab9a4-47d5-4980-9c6e-5102901e869a: start LeaderElection
2019-10-09 13:03:50,407 [4f75c367-51e4-41c9-9287-4e8dd97f5c38@group-692C1A1A7FB0-SegmentedRaftLogWorker] INFO  segmented.SegmentedRaftLogWorker (SegmentedRaftLogWorker.java:execute(569)) - 4f75c367-51e4-41c9-9287-4e8dd97f5c38@group-692C1A1A7FB0-SegmentedRaftLogWorker: created new log segment /workdir/hadoop-ozone/integration-test/target/test-dir/MiniOzoneClusterImpl-92c4d179-1d16-4416-8bce-4538b25b782c/datanode-2/data/ratis/24892c10-72a5-47b6-85e0-692c1a1a7fb0/current/log_inprogress_0
2019-10-09 13:03:50,408 [3eeab9a4-47d5-4980-9c6e-5102901e869a@group-0E7B0A816CCB:LeaderElection3] INFO  impl.LeaderElection (LeaderElection.java:askForVotes(182)) - 3eeab9a4-47d5-4980-9c6e-5102901e869a@group-0E7B0A816CCB:LeaderElection3: begin an election at term 1 for -1: [3eeab9a4-47d5-4980-9c6e-5102901e869a:192.168.5.175:43254], old=null
2019-10-09 13:03:50,408 [3eeab9a4-47d5-4980-9c6e-5102901e869a@group-0E7B0A816CCB:LeaderElection3] INFO  impl.RoleInfo (RoleInfo.java:shutdownLeaderElection(134)) - 3eeab9a4-47d5-4980-9c6e-5102901e869a: shutdown LeaderElection
2019-10-09 13:03:50,408 [3eeab9a4-47d5-4980-9c6e-5102901e869a@group-0E7B0A816CCB:LeaderElection3] INFO  impl.RaftServerImpl (RaftServerImpl.java:setRole(174)) - 3eeab9a4-47d5-4980-9c6e-5102901e869a@group-0E7B0A816CCB: changes role from CANDIDATE to LEADER at term 1 for changeToLeader
2019-10-09 13:03:50,408 [3eeab9a4-47d5-4980-9c6e-5102901e869a@group-0E7B0A816CCB:LeaderElection3] INFO  impl.RaftServerImpl (ServerState.java:setLeader(253)) - 3eeab9a4-47d5-4980-9c6e-5102901e869a@group-0E7B0A816CCB: change Leader from null to 3eeab9a4-47d5-4980-9c6e-5102901e869a at term 1 for becomeLeader, leader elected after 5130ms
2019-10-09 13:03:50,410 [3eeab9a4-47d5-4980-9c6e-5102901e869a@group-0E7B0A816CCB:LeaderElection3] INFO  server.RaftServerConfigKeys (ConfUtils.java:logGet(43)) - raft.server.staging.catchup.gap = 1000 (default)
2019-10-09 13:03:50,411 [3eeab9a4-47d5-4980-9c6e-5102901e869a@group-0E7B0A816CCB:LeaderElection3] INFO  server.RaftServerConfigKeys (ConfUtils.java:logGet(43)) - raft.server.rpc.sleep.time = 25ms (default)
2019-10-09 13:03:50,411 [3eeab9a4-47d5-4980-9c6e-5102901e869a@group-0E7B0A816CCB:LeaderElection3] INFO  server.RaftServerConfigKeys (ConfUtils.java:logGet(43)) - raft.server.write.element-limit = 4096 (default)
2019-10-09 13:03:50,411 [3eeab9a4-47d5-4980-9c6e-5102901e869a@group-0E7B0A816CCB:LeaderElection3] INFO  server.RaftServerConfigKeys (ConfUtils.java:logGet(43)) - raft.server.watch.timeout = 10s (default)
2019-10-09 13:03:50,411 [3eeab9a4-47d5-4980-9c6e-5102901e869a@group-0E7B0A816CCB:LeaderElection3] INFO  server.RaftServerConfigKeys (ConfUtils.java:logGet(43)) - raft.server.watch.timeout.denomination = 1s (default)
2019-10-09 13:03:50,412 [3eeab9a4-47d5-4980-9c6e-5102901e869a@group-0E7B0A816CCB:LeaderElection3] INFO  server.RaftServerConfigKeys (ConfUtils.java:logGet(43)) - raft.server.watch.element-limit = 65536 (default)
2019-10-09 13:03:50,415 [3eeab9a4-47d5-4980-9c6e-5102901e869a@group-0E7B0A816CCB:LeaderElection3] INFO  impl.RoleInfo (RoleInfo.java:updateAndGet(143)) - 3eeab9a4-47d5-4980-9c6e-5102901e869a: start LeaderState
2019-10-09 13:03:50,416 [3eeab9a4-47d5-4980-9c6e-5102901e869a@group-0E7B0A816CCB:LeaderElection3] INFO  segmented.SegmentedRaftLogWorker (SegmentedRaftLogWorker.java:startLogSegment(380)) - 3eeab9a4-47d5-4980-9c6e-5102901e869a@group-0E7B0A816CCB-SegmentedRaftLogWorker: Starting segment from index:0
2019-10-09 13:03:50,416 [3eeab9a4-47d5-4980-9c6e-5102901e869a@group-0E7B0A816CCB:LeaderElection3] INFO  impl.RaftServerImpl (ServerState.java:setRaftConf(354)) - 3eeab9a4-47d5-4980-9c6e-5102901e869a@group-0E7B0A816CCB: set configuration 0: [3eeab9a4-47d5-4980-9c6e-5102901e869a:192.168.5.175:43254], old=null at 0
2019-10-09 13:03:50,481 [3eeab9a4-47d5-4980-9c6e-5102901e869a@group-0E7B0A816CCB-SegmentedRaftLogWorker] INFO  segmented.SegmentedRaftLogWorker (SegmentedRaftLogWorker.java:execute(569)) - 3eeab9a4-47d5-4980-9c6e-5102901e869a@group-0E7B0A816CCB-SegmentedRaftLogWorker: created new log segment /workdir/hadoop-ozone/integration-test/target/test-dir/MiniOzoneClusterImpl-92c4d179-1d16-4416-8bce-4538b25b782c/datanode-4/data/ratis/31f3c08f-cd97-41c5-b7ef-0e7b0a816ccb/current/log_inprogress_0
2019-10-09 13:03:50,535 [Thread-249] INFO  impl.FollowerState (FollowerState.java:run(106)) - 194018c8-bd25-415f-9941-0e401fd1a71b:group-84D1AE6A7D99 changes to CANDIDATE, lastRpcTime:5103, electionTimeout:5103ms
2019-10-09 13:03:50,536 [Thread-249] INFO  impl.RoleInfo (RoleInfo.java:shutdownFollowerState(121)) - 194018c8-bd25-415f-9941-0e401fd1a71b: shutdown FollowerState
2019-10-09 13:03:50,536 [Thread-249] INFO  impl.RaftServerImpl (RaftServerImpl.java:setRole(174)) - 194018c8-bd25-415f-9941-0e401fd1a71b@group-84D1AE6A7D99: changes role from  FOLLOWER to CANDIDATE at term 0 for changeToCandidate
2019-10-09 13:03:50,536 [Thread-249] INFO  impl.RoleInfo (RoleInfo.java:updateAndGet(143)) - 194018c8-bd25-415f-9941-0e401fd1a71b: start LeaderElection
2019-10-09 13:03:50,555 [194018c8-bd25-415f-9941-0e401fd1a71b@group-84D1AE6A7D99:LeaderElection4] INFO  impl.LeaderElection (LeaderElection.java:askForVotes(182)) - 194018c8-bd25-415f-9941-0e401fd1a71b@group-84D1AE6A7D99:LeaderElection4: begin an election at term 1 for -1: [194018c8-bd25-415f-9941-0e401fd1a71b:192.168.5.175:36608], old=null
2019-10-09 13:03:50,557 [194018c8-bd25-415f-9941-0e401fd1a71b@group-84D1AE6A7D99:LeaderElection4] INFO  impl.RoleInfo (RoleInfo.java:shutdownLeaderElection(134)) - 194018c8-bd25-415f-9941-0e401fd1a71b: shutdown LeaderElection
2019-10-09 13:03:50,557 [194018c8-bd25-415f-9941-0e401fd1a71b@group-84D1AE6A7D99:LeaderElection4] INFO  impl.RaftServerImpl (RaftServerImpl.java:setRole(174)) - 194018c8-bd25-415f-9941-0e401fd1a71b@group-84D1AE6A7D99: changes role from CANDIDATE to LEADER at term 1 for changeToLeader
2019-10-09 13:03:50,557 [194018c8-bd25-415f-9941-0e401fd1a71b@group-84D1AE6A7D99:LeaderElection4] INFO  impl.RaftServerImpl (ServerState.java:setLeader(253)) - 194018c8-bd25-415f-9941-0e401fd1a71b@group-84D1AE6A7D99: change Leader from null to 194018c8-bd25-415f-9941-0e401fd1a71b at term 1 for becomeLeader, leader elected after 5145ms
2019-10-09 13:03:50,559 [194018c8-bd25-415f-9941-0e401fd1a71b@group-84D1AE6A7D99:LeaderElection4] INFO  server.RaftServerConfigKeys (ConfUtils.java:logGet(43)) - raft.server.staging.catchup.gap = 1000 (default)
2019-10-09 13:03:50,559 [194018c8-bd25-415f-9941-0e401fd1a71b@group-84D1AE6A7D99:LeaderElection4] INFO  server.RaftServerConfigKeys (ConfUtils.java:logGet(43)) - raft.server.rpc.sleep.time = 25ms (default)
2019-10-09 13:03:50,560 [194018c8-bd25-415f-9941-0e401fd1a71b@group-84D1AE6A7D99:LeaderElection4] INFO  server.RaftServerConfigKeys (ConfUtils.java:logGet(43)) - raft.server.write.element-limit = 4096 (default)
2019-10-09 13:03:50,560 [194018c8-bd25-415f-9941-0e401fd1a71b@group-84D1AE6A7D99:LeaderElection4] INFO  server.RaftServerConfigKeys (ConfUtils.java:logGet(43)) - raft.server.watch.timeout = 10s (default)
2019-10-09 13:03:50,560 [194018c8-bd25-415f-9941-0e401fd1a71b@group-84D1AE6A7D99:LeaderElection4] INFO  server.RaftServerConfigKeys (ConfUtils.java:logGet(43)) - raft.server.watch.timeout.denomination = 1s (default)
2019-10-09 13:03:50,560 [194018c8-bd25-415f-9941-0e401fd1a71b@group-84D1AE6A7D99:LeaderElection4] INFO  server.RaftServerConfigKeys (ConfUtils.java:logGet(43)) - raft.server.watch.element-limit = 65536 (default)
2019-10-09 13:03:50,563 [194018c8-bd25-415f-9941-0e401fd1a71b@group-84D1AE6A7D99:LeaderElection4] INFO  impl.RoleInfo (RoleInfo.java:updateAndGet(143)) - 194018c8-bd25-415f-9941-0e401fd1a71b: start LeaderState
2019-10-09 13:03:50,564 [194018c8-bd25-415f-9941-0e401fd1a71b@group-84D1AE6A7D99:LeaderElection4] INFO  segmented.SegmentedRaftLogWorker (SegmentedRaftLogWorker.java:startLogSegment(380)) - 194018c8-bd25-415f-9941-0e401fd1a71b@group-84D1AE6A7D99-SegmentedRaftLogWorker: Starting segment from index:0
2019-10-09 13:03:50,564 [194018c8-bd25-415f-9941-0e401fd1a71b@group-84D1AE6A7D99:LeaderElection4] INFO  impl.RaftServerImpl (ServerState.java:setRaftConf(354)) - 194018c8-bd25-415f-9941-0e401fd1a71b@group-84D1AE6A7D99: set configuration 0: [194018c8-bd25-415f-9941-0e401fd1a71b:192.168.5.175:36608], old=null at 0
2019-10-09 13:03:50,628 [194018c8-bd25-415f-9941-0e401fd1a71b@group-84D1AE6A7D99-SegmentedRaftLogWorker] INFO  segmented.SegmentedRaftLogWorker (SegmentedRaftLogWorker.java:execute(569)) - 194018c8-bd25-415f-9941-0e401fd1a71b@group-84D1AE6A7D99-SegmentedRaftLogWorker: created new log segment /workdir/hadoop-ozone/integration-test/target/test-dir/MiniOzoneClusterImpl-92c4d179-1d16-4416-8bce-4538b25b782c/datanode-3/data/ratis/141f926b-b7be-46fa-b46a-84d1ae6a7d99/current/log_inprogress_0
2019-10-09 13:03:50,630 [Thread-252] INFO  impl.FollowerState (FollowerState.java:run(106)) - a951a5ca-0ab5-470b-9716-44f820a131a6:group-52841DBED9C5 changes to CANDIDATE, lastRpcTime:5105, electionTimeout:5105ms
2019-10-09 13:03:50,630 [Thread-252] INFO  impl.RoleInfo (RoleInfo.java:shutdownFollowerState(121)) - a951a5ca-0ab5-470b-9716-44f820a131a6: shutdown FollowerState
2019-10-09 13:03:50,630 [Thread-252] INFO  impl.RaftServerImpl (RaftServerImpl.java:setRole(174)) - a951a5ca-0ab5-470b-9716-44f820a131a6@group-52841DBED9C5: changes role from  FOLLOWER to CANDIDATE at term 0 for changeToCandidate
2019-10-09 13:03:50,631 [Thread-252] INFO  impl.RoleInfo (RoleInfo.java:updateAndGet(143)) - a951a5ca-0ab5-470b-9716-44f820a131a6: start LeaderElection
2019-10-09 13:03:50,654 [a951a5ca-0ab5-470b-9716-44f820a131a6@group-52841DBED9C5:LeaderElection5] INFO  impl.LeaderElection (LeaderElection.java:askForVotes(182)) - a951a5ca-0ab5-470b-9716-44f820a131a6@group-52841DBED9C5:LeaderElection5: begin an election at term 1 for -1: [a951a5ca-0ab5-470b-9716-44f820a131a6:192.168.5.175:37446], old=null
2019-10-09 13:03:50,654 [a951a5ca-0ab5-470b-9716-44f820a131a6@group-52841DBED9C5:LeaderElection5] INFO  impl.RoleInfo (RoleInfo.java:shutdownLeaderElection(134)) - a951a5ca-0ab5-470b-9716-44f820a131a6: shutdown LeaderElection
2019-10-09 13:03:50,654 [a951a5ca-0ab5-470b-9716-44f820a131a6@group-52841DBED9C5:LeaderElection5] INFO  impl.RaftServerImpl (RaftServerImpl.java:setRole(174)) - a951a5ca-0ab5-470b-9716-44f820a131a6@group-52841DBED9C5: changes role from CANDIDATE to LEADER at term 1 for changeToLeader
2019-10-09 13:03:50,654 [a951a5ca-0ab5-470b-9716-44f820a131a6@group-52841DBED9C5:LeaderElection5] INFO  impl.RaftServerImpl (ServerState.java:setLeader(253)) - a951a5ca-0ab5-470b-9716-44f820a131a6@group-52841DBED9C5: change Leader from null to a951a5ca-0ab5-470b-9716-44f820a131a6 at term 1 for becomeLeader, leader elected after 5144ms
2019-10-09 13:03:50,656 [a951a5ca-0ab5-470b-9716-44f820a131a6@group-52841DBED9C5:LeaderElection5] INFO  server.RaftServerConfigKeys (ConfUtils.java:logGet(43)) - raft.server.staging.catchup.gap = 1000 (default)
2019-10-09 13:03:50,656 [a951a5ca-0ab5-470b-9716-44f820a131a6@group-52841DBED9C5:LeaderElection5] INFO  server.RaftServerConfigKeys (ConfUtils.java:logGet(43)) - raft.server.rpc.sleep.time = 25ms (default)
2019-10-09 13:03:50,656 [a951a5ca-0ab5-470b-9716-44f820a131a6@group-52841DBED9C5:LeaderElection5] INFO  server.RaftServerConfigKeys (ConfUtils.java:logGet(43)) - raft.server.write.element-limit = 4096 (default)
2019-10-09 13:03:50,657 [a951a5ca-0ab5-470b-9716-44f820a131a6@group-52841DBED9C5:LeaderElection5] INFO  server.RaftServerConfigKeys (ConfUtils.java:logGet(43)) - raft.server.watch.timeout = 10s (default)
2019-10-09 13:03:50,657 [a951a5ca-0ab5-470b-9716-44f820a131a6@group-52841DBED9C5:LeaderElection5] INFO  server.RaftServerConfigKeys (ConfUtils.java:logGet(43)) - raft.server.watch.timeout.denomination = 1s (default)
2019-10-09 13:03:50,657 [a951a5ca-0ab5-470b-9716-44f820a131a6@group-52841DBED9C5:LeaderElection5] INFO  server.RaftServerConfigKeys (ConfUtils.java:logGet(43)) - raft.server.watch.element-limit = 65536 (default)
2019-10-09 13:03:50,660 [a951a5ca-0ab5-470b-9716-44f820a131a6@group-52841DBED9C5:LeaderElection5] INFO  impl.RoleInfo (RoleInfo.java:updateAndGet(143)) - a951a5ca-0ab5-470b-9716-44f820a131a6: start LeaderState
2019-10-09 13:03:50,661 [a951a5ca-0ab5-470b-9716-44f820a131a6@group-52841DBED9C5:LeaderElection5] INFO  segmented.SegmentedRaftLogWorker (SegmentedRaftLogWorker.java:startLogSegment(380)) - a951a5ca-0ab5-470b-9716-44f820a131a6@group-52841DBED9C5-SegmentedRaftLogWorker: Starting segment from index:0
2019-10-09 13:03:50,661 [a951a5ca-0ab5-470b-9716-44f820a131a6@group-52841DBED9C5:LeaderElection5] INFO  impl.RaftServerImpl (ServerState.java:setRaftConf(354)) - a951a5ca-0ab5-470b-9716-44f820a131a6@group-52841DBED9C5: set configuration 0: [a951a5ca-0ab5-470b-9716-44f820a131a6:192.168.5.175:37446], old=null at 0
2019-10-09 13:03:50,718 [a951a5ca-0ab5-470b-9716-44f820a131a6@group-52841DBED9C5-SegmentedRaftLogWorker] INFO  segmented.SegmentedRaftLogWorker (SegmentedRaftLogWorker.java:execute(569)) - a951a5ca-0ab5-470b-9716-44f820a131a6@group-52841DBED9C5-SegmentedRaftLogWorker: created new log segment /workdir/hadoop-ozone/integration-test/target/test-dir/MiniOzoneClusterImpl-92c4d179-1d16-4416-8bce-4538b25b782c/datanode-5/data/ratis/fa2dc125-e3cc-4ac5-85fd-52841dbed9c5/current/log_inprogress_0
2019-10-09 13:03:50,733 [Thread-255] INFO  impl.FollowerState (FollowerState.java:run(106)) - 037d843d-d447-45fa-b1c7-b719ecfa6684:group-9F0695E48DBC changes to CANDIDATE, lastRpcTime:5131, electionTimeout:5130ms
2019-10-09 13:03:50,733 [Thread-255] INFO  impl.RoleInfo (RoleInfo.java:shutdownFollowerState(121)) - 037d843d-d447-45fa-b1c7-b719ecfa6684: shutdown FollowerState
2019-10-09 13:03:50,733 [Thread-255] INFO  impl.RaftServerImpl (RaftServerImpl.java:setRole(174)) - 037d843d-d447-45fa-b1c7-b719ecfa6684@group-9F0695E48DBC: changes role from  FOLLOWER to CANDIDATE at term 0 for changeToCandidate
2019-10-09 13:03:50,733 [Thread-255] INFO  impl.RoleInfo (RoleInfo.java:updateAndGet(143)) - 037d843d-d447-45fa-b1c7-b719ecfa6684: start LeaderElection
2019-10-09 13:03:50,763 [037d843d-d447-45fa-b1c7-b719ecfa6684@group-9F0695E48DBC:LeaderElection6] INFO  impl.LeaderElection (LeaderElection.java:askForVotes(182)) - 037d843d-d447-45fa-b1c7-b719ecfa6684@group-9F0695E48DBC:LeaderElection6: begin an election at term 1 for -1: [037d843d-d447-45fa-b1c7-b719ecfa6684:192.168.5.175:39866], old=null
2019-10-09 13:03:50,763 [037d843d-d447-45fa-b1c7-b719ecfa6684@group-9F0695E48DBC:LeaderElection6] INFO  impl.RoleInfo (RoleInfo.java:shutdownLeaderElection(134)) - 037d843d-d447-45fa-b1c7-b719ecfa6684: shutdown LeaderElection
2019-10-09 13:03:50,763 [037d843d-d447-45fa-b1c7-b719ecfa6684@group-9F0695E48DBC:LeaderElection6] INFO  impl.RaftServerImpl (RaftServerImpl.java:setRole(174)) - 037d843d-d447-45fa-b1c7-b719ecfa6684@group-9F0695E48DBC: changes role from CANDIDATE to LEADER at term 1 for changeToLeader
2019-10-09 13:03:50,763 [037d843d-d447-45fa-b1c7-b719ecfa6684@group-9F0695E48DBC:LeaderElection6] INFO  impl.RaftServerImpl (ServerState.java:setLeader(253)) - 037d843d-d447-45fa-b1c7-b719ecfa6684@group-9F0695E48DBC: change Leader from null to 037d843d-d447-45fa-b1c7-b719ecfa6684 at term 1 for becomeLeader, leader elected after 5175ms
2019-10-09 13:03:50,766 [037d843d-d447-45fa-b1c7-b719ecfa6684@group-9F0695E48DBC:LeaderElection6] INFO  server.RaftServerConfigKeys (ConfUtils.java:logGet(43)) - raft.server.staging.catchup.gap = 1000 (default)
2019-10-09 13:03:50,766 [037d843d-d447-45fa-b1c7-b719ecfa6684@group-9F0695E48DBC:LeaderElection6] INFO  server.RaftServerConfigKeys (ConfUtils.java:logGet(43)) - raft.server.rpc.sleep.time = 25ms (default)
2019-10-09 13:03:50,766 [037d843d-d447-45fa-b1c7-b719ecfa6684@group-9F0695E48DBC:LeaderElection6] INFO  server.RaftServerConfigKeys (ConfUtils.java:logGet(43)) - raft.server.write.element-limit = 4096 (default)
2019-10-09 13:03:50,766 [037d843d-d447-45fa-b1c7-b719ecfa6684@group-9F0695E48DBC:LeaderElection6] INFO  server.RaftServerConfigKeys (ConfUtils.java:logGet(43)) - raft.server.watch.timeout = 10s (default)
2019-10-09 13:03:50,766 [037d843d-d447-45fa-b1c7-b719ecfa6684@group-9F0695E48DBC:LeaderElection6] INFO  server.RaftServerConfigKeys (ConfUtils.java:logGet(43)) - raft.server.watch.timeout.denomination = 1s (default)
2019-10-09 13:03:50,767 [037d843d-d447-45fa-b1c7-b719ecfa6684@group-9F0695E48DBC:LeaderElection6] INFO  server.RaftServerConfigKeys (ConfUtils.java:logGet(43)) - raft.server.watch.element-limit = 65536 (default)
2019-10-09 13:03:50,770 [037d843d-d447-45fa-b1c7-b719ecfa6684@group-9F0695E48DBC:LeaderElection6] INFO  impl.RoleInfo (RoleInfo.java:updateAndGet(143)) - 037d843d-d447-45fa-b1c7-b719ecfa6684: start LeaderState
2019-10-09 13:03:50,770 [037d843d-d447-45fa-b1c7-b719ecfa6684@group-9F0695E48DBC:LeaderElection6] INFO  segmented.SegmentedRaftLogWorker (SegmentedRaftLogWorker.java:startLogSegment(380)) - 037d843d-d447-45fa-b1c7-b719ecfa6684@group-9F0695E48DBC-SegmentedRaftLogWorker: Starting segment from index:0
2019-10-09 13:03:50,771 [037d843d-d447-45fa-b1c7-b719ecfa6684@group-9F0695E48DBC:LeaderElection6] INFO  impl.RaftServerImpl (ServerState.java:setRaftConf(354)) - 037d843d-d447-45fa-b1c7-b719ecfa6684@group-9F0695E48DBC: set configuration 0: [037d843d-d447-45fa-b1c7-b719ecfa6684:192.168.5.175:39866], old=null at 0
2019-10-09 13:03:50,821 [037d843d-d447-45fa-b1c7-b719ecfa6684@group-9F0695E48DBC-SegmentedRaftLogWorker] INFO  segmented.SegmentedRaftLogWorker (SegmentedRaftLogWorker.java:execute(569)) - 037d843d-d447-45fa-b1c7-b719ecfa6684@group-9F0695E48DBC-SegmentedRaftLogWorker: created new log segment /workdir/hadoop-ozone/integration-test/target/test-dir/MiniOzoneClusterImpl-92c4d179-1d16-4416-8bce-4538b25b782c/datanode-1/data/ratis/182d1a2c-c69c-4570-b387-9f0695e48dbc/current/log_inprogress_0
2019-10-09 13:03:50,849 [Thread-258] INFO  impl.FollowerState (FollowerState.java:run(106)) - eb04c9d2-6a3f-4a25-83d0-e343d353d182:group-2988B8AEF951 changes to CANDIDATE, lastRpcTime:5178, electionTimeout:5178ms
2019-10-09 13:03:50,850 [Thread-258] INFO  impl.RoleInfo (RoleInfo.java:shutdownFollowerState(121)) - eb04c9d2-6a3f-4a25-83d0-e343d353d182: shutdown FollowerState
2019-10-09 13:03:50,850 [Thread-258] INFO  impl.RaftServerImpl (RaftServerImpl.java:setRole(174)) - eb04c9d2-6a3f-4a25-83d0-e343d353d182@group-2988B8AEF951: changes role from  FOLLOWER to CANDIDATE at term 0 for changeToCandidate
2019-10-09 13:03:50,850 [Thread-258] INFO  impl.RoleInfo (RoleInfo.java:updateAndGet(143)) - eb04c9d2-6a3f-4a25-83d0-e343d353d182: start LeaderElection
2019-10-09 13:03:50,860 [Thread-263] INFO  impl.FollowerState (FollowerState.java:run(106)) - f0cb1a3f-6ac7-4eb8-9514-6a797ff8471f:group-6247FF3E413E changes to CANDIDATE, lastRpcTime:5065, electionTimeout:5065ms
2019-10-09 13:03:50,860 [Thread-263] INFO  impl.RoleInfo (RoleInfo.java:shutdownFollowerState(121)) - f0cb1a3f-6ac7-4eb8-9514-6a797ff8471f: shutdown FollowerState
2019-10-09 13:03:50,861 [Thread-263] INFO  impl.RaftServerImpl (RaftServerImpl.java:setRole(174)) - f0cb1a3f-6ac7-4eb8-9514-6a797ff8471f@group-6247FF3E413E: changes role from  FOLLOWER to CANDIDATE at term 0 for changeToCandidate
2019-10-09 13:03:50,861 [Thread-263] INFO  impl.RoleInfo (RoleInfo.java:updateAndGet(143)) - f0cb1a3f-6ac7-4eb8-9514-6a797ff8471f: start LeaderElection
2019-10-09 13:03:50,883 [eb04c9d2-6a3f-4a25-83d0-e343d353d182@group-2988B8AEF951:LeaderElection7] INFO  impl.LeaderElection (LeaderElection.java:askForVotes(182)) - eb04c9d2-6a3f-4a25-83d0-e343d353d182@group-2988B8AEF951:LeaderElection7: begin an election at term 1 for -1: [eb04c9d2-6a3f-4a25-83d0-e343d353d182:192.168.5.175:38949], old=null
2019-10-09 13:03:50,883 [f0cb1a3f-6ac7-4eb8-9514-6a797ff8471f@group-6247FF3E413E:LeaderElection8] INFO  impl.LeaderElection (LeaderElection.java:askForVotes(182)) - f0cb1a3f-6ac7-4eb8-9514-6a797ff8471f@group-6247FF3E413E:LeaderElection8: begin an election at term 1 for -1: [4f75c367-51e4-41c9-9287-4e8dd97f5c38:192.168.5.175:40325, 3eeab9a4-47d5-4980-9c6e-5102901e869a:192.168.5.175:43254, f0cb1a3f-6ac7-4eb8-9514-6a797ff8471f:192.168.5.175:39769], old=null
2019-10-09 13:03:50,883 [eb04c9d2-6a3f-4a25-83d0-e343d353d182@group-2988B8AEF951:LeaderElection7] INFO  impl.RoleInfo (RoleInfo.java:shutdownLeaderElection(134)) - eb04c9d2-6a3f-4a25-83d0-e343d353d182: shutdown LeaderElection
2019-10-09 13:03:50,883 [eb04c9d2-6a3f-4a25-83d0-e343d353d182@group-2988B8AEF951:LeaderElection7] INFO  impl.RaftServerImpl (RaftServerImpl.java:setRole(174)) - eb04c9d2-6a3f-4a25-83d0-e343d353d182@group-2988B8AEF951: changes role from CANDIDATE to LEADER at term 1 for changeToLeader
2019-10-09 13:03:50,883 [eb04c9d2-6a3f-4a25-83d0-e343d353d182@group-2988B8AEF951:LeaderElection7] INFO  impl.RaftServerImpl (ServerState.java:setLeader(253)) - eb04c9d2-6a3f-4a25-83d0-e343d353d182@group-2988B8AEF951: change Leader from null to eb04c9d2-6a3f-4a25-83d0-e343d353d182 at term 1 for becomeLeader, leader elected after 5225ms
2019-10-09 13:03:50,885 [eb04c9d2-6a3f-4a25-83d0-e343d353d182@group-2988B8AEF951:LeaderElection7] INFO  server.RaftServerConfigKeys (ConfUtils.java:logGet(43)) - raft.server.staging.catchup.gap = 1000 (default)
2019-10-09 13:03:50,886 [eb04c9d2-6a3f-4a25-83d0-e343d353d182@group-2988B8AEF951:LeaderElection7] INFO  server.RaftServerConfigKeys (ConfUtils.java:logGet(43)) - raft.server.rpc.sleep.time = 25ms (default)
2019-10-09 13:03:50,886 [eb04c9d2-6a3f-4a25-83d0-e343d353d182@group-2988B8AEF951:LeaderElection7] INFO  server.RaftServerConfigKeys (ConfUtils.java:logGet(43)) - raft.server.write.element-limit = 4096 (default)
2019-10-09 13:03:50,886 [eb04c9d2-6a3f-4a25-83d0-e343d353d182@group-2988B8AEF951:LeaderElection7] INFO  server.RaftServerConfigKeys (ConfUtils.java:logGet(43)) - raft.server.watch.timeout = 10s (default)
2019-10-09 13:03:50,886 [eb04c9d2-6a3f-4a25-83d0-e343d353d182@group-2988B8AEF951:LeaderElection7] INFO  server.RaftServerConfigKeys (ConfUtils.java:logGet(43)) - raft.server.watch.timeout.denomination = 1s (default)
2019-10-09 13:03:50,887 [eb04c9d2-6a3f-4a25-83d0-e343d353d182@group-2988B8AEF951:LeaderElection7] INFO  server.RaftServerConfigKeys (ConfUtils.java:logGet(43)) - raft.server.watch.element-limit = 65536 (default)
2019-10-09 13:03:50,888 [Thread-265] INFO  impl.FollowerState (FollowerState.java:run(106)) - 3eeab9a4-47d5-4980-9c6e-5102901e869a:group-6247FF3E413E changes to CANDIDATE, lastRpcTime:5091, electionTimeout:5091ms
2019-10-09 13:03:50,888 [Thread-265] INFO  impl.RoleInfo (RoleInfo.java:shutdownFollowerState(121)) - 3eeab9a4-47d5-4980-9c6e-5102901e869a: shutdown FollowerState
2019-10-09 13:03:50,888 [Thread-265] INFO  impl.RaftServerImpl (RaftServerImpl.java:setRole(174)) - 3eeab9a4-47d5-4980-9c6e-5102901e869a@group-6247FF3E413E: changes role from  FOLLOWER to CANDIDATE at term 0 for changeToCandidate
2019-10-09 13:03:50,888 [Thread-265] INFO  impl.RoleInfo (RoleInfo.java:updateAndGet(143)) - 3eeab9a4-47d5-4980-9c6e-5102901e869a: start LeaderElection
2019-10-09 13:03:50,900 [eb04c9d2-6a3f-4a25-83d0-e343d353d182@group-2988B8AEF951:LeaderElection7] INFO  impl.RoleInfo (RoleInfo.java:updateAndGet(143)) - eb04c9d2-6a3f-4a25-83d0-e343d353d182: start LeaderState
2019-10-09 13:03:50,900 [eb04c9d2-6a3f-4a25-83d0-e343d353d182@group-2988B8AEF951:LeaderElection7] INFO  segmented.SegmentedRaftLogWorker (SegmentedRaftLogWorker.java:startLogSegment(380)) - eb04c9d2-6a3f-4a25-83d0-e343d353d182@group-2988B8AEF951-SegmentedRaftLogWorker: Starting segment from index:0
2019-10-09 13:03:50,901 [eb04c9d2-6a3f-4a25-83d0-e343d353d182@group-2988B8AEF951:LeaderElection7] INFO  impl.RaftServerImpl (ServerState.java:setRaftConf(354)) - eb04c9d2-6a3f-4a25-83d0-e343d353d182@group-2988B8AEF951: set configuration 0: [eb04c9d2-6a3f-4a25-83d0-e343d353d182:192.168.5.175:38949], old=null at 0
2019-10-09 13:03:50,945 [3eeab9a4-47d5-4980-9c6e-5102901e869a@group-6247FF3E413E:LeaderElection9] INFO  impl.LeaderElection (LeaderElection.java:askForVotes(182)) - 3eeab9a4-47d5-4980-9c6e-5102901e869a@group-6247FF3E413E:LeaderElection9: begin an election at term 1 for -1: [4f75c367-51e4-41c9-9287-4e8dd97f5c38:192.168.5.175:40325, 3eeab9a4-47d5-4980-9c6e-5102901e869a:192.168.5.175:43254, f0cb1a3f-6ac7-4eb8-9514-6a797ff8471f:192.168.5.175:39769], old=null
2019-10-09 13:03:50,964 [eb04c9d2-6a3f-4a25-83d0-e343d353d182@group-2988B8AEF951-SegmentedRaftLogWorker] INFO  segmented.SegmentedRaftLogWorker (SegmentedRaftLogWorker.java:execute(569)) - eb04c9d2-6a3f-4a25-83d0-e343d353d182@group-2988B8AEF951-SegmentedRaftLogWorker: created new log segment /workdir/hadoop-ozone/integration-test/target/test-dir/MiniOzoneClusterImpl-92c4d179-1d16-4416-8bce-4538b25b782c/datanode-6/data/ratis/e0f3a325-518f-4cbd-b38c-2988b8aef951/current/log_inprogress_0
2019-10-09 13:03:50,967 [grpc-default-executor-2] INFO  impl.RaftServerImpl (RaftServerImpl.java:setRole(174)) - 4f75c367-51e4-41c9-9287-4e8dd97f5c38@group-6247FF3E413E: changes role from  FOLLOWER to FOLLOWER at term 1 for recognizeCandidate:f0cb1a3f-6ac7-4eb8-9514-6a797ff8471f
2019-10-09 13:03:50,970 [grpc-default-executor-2] INFO  impl.RoleInfo (RoleInfo.java:shutdownFollowerState(121)) - 4f75c367-51e4-41c9-9287-4e8dd97f5c38: shutdown FollowerState
2019-10-09 13:03:50,970 [grpc-default-executor-2] INFO  impl.RoleInfo (RoleInfo.java:updateAndGet(143)) - 4f75c367-51e4-41c9-9287-4e8dd97f5c38: start FollowerState
2019-10-09 13:03:50,970 [Thread-267] INFO  impl.FollowerState (FollowerState.java:run(115)) - 4f75c367-51e4-41c9-9287-4e8dd97f5c38: FollowerState was interrupted: java.lang.InterruptedException: sleep interrupted
2019-10-09 13:03:51,000 [3eeab9a4-47d5-4980-9c6e-5102901e869a@group-6247FF3E413E:LeaderElection9] INFO  impl.LeaderElection (LeaderElection.java:logAndReturn(56)) - 3eeab9a4-47d5-4980-9c6e-5102901e869a@group-6247FF3E413E:LeaderElection9: Election REJECTED; received 2 response(s) [3eeab9a4-47d5-4980-9c6e-5102901e869a<-4f75c367-51e4-41c9-9287-4e8dd97f5c38#0:FAIL-t1, 3eeab9a4-47d5-4980-9c6e-5102901e869a<-f0cb1a3f-6ac7-4eb8-9514-6a797ff8471f#0:FAIL-t1] and 0 exception(s); 3eeab9a4-47d5-4980-9c6e-5102901e869a@group-6247FF3E413E:t1, leader=null, voted=3eeab9a4-47d5-4980-9c6e-5102901e869a, raftlog=3eeab9a4-47d5-4980-9c6e-5102901e869a@group-6247FF3E413E-SegmentedRaftLog:OPENED:c-1,f-1,i0, conf=-1: [4f75c367-51e4-41c9-9287-4e8dd97f5c38:192.168.5.175:40325, 3eeab9a4-47d5-4980-9c6e-5102901e869a:192.168.5.175:43254, f0cb1a3f-6ac7-4eb8-9514-6a797ff8471f:192.168.5.175:39769], old=null
2019-10-09 13:03:51,000 [f0cb1a3f-6ac7-4eb8-9514-6a797ff8471f@group-6247FF3E413E:LeaderElection8] INFO  impl.LeaderElection (LeaderElection.java:logAndReturn(56)) - f0cb1a3f-6ac7-4eb8-9514-6a797ff8471f@group-6247FF3E413E:LeaderElection8: Election PASSED; received 2 response(s) [f0cb1a3f-6ac7-4eb8-9514-6a797ff8471f<-4f75c367-51e4-41c9-9287-4e8dd97f5c38#0:OK-t1, f0cb1a3f-6ac7-4eb8-9514-6a797ff8471f<-3eeab9a4-47d5-4980-9c6e-5102901e869a#0:FAIL-t1] and 0 exception(s); f0cb1a3f-6ac7-4eb8-9514-6a797ff8471f@group-6247FF3E413E:t1, leader=null, voted=f0cb1a3f-6ac7-4eb8-9514-6a797ff8471f, raftlog=f0cb1a3f-6ac7-4eb8-9514-6a797ff8471f@group-6247FF3E413E-SegmentedRaftLog:OPENED:c-1,f-1,i0, conf=-1: [4f75c367-51e4-41c9-9287-4e8dd97f5c38:192.168.5.175:40325, 3eeab9a4-47d5-4980-9c6e-5102901e869a:192.168.5.175:43254, f0cb1a3f-6ac7-4eb8-9514-6a797ff8471f:192.168.5.175:39769], old=null
2019-10-09 13:03:51,000 [3eeab9a4-47d5-4980-9c6e-5102901e869a@group-6247FF3E413E:LeaderElection9] INFO  impl.RaftServerImpl (RaftServerImpl.java:setRole(174)) - 3eeab9a4-47d5-4980-9c6e-5102901e869a@group-6247FF3E413E: changes role from CANDIDATE to FOLLOWER at term 1 for DISCOVERED_A_NEW_TERM
2019-10-09 13:03:51,005 [3eeab9a4-47d5-4980-9c6e-5102901e869a@group-6247FF3E413E:LeaderElection9] INFO  impl.RoleInfo (RoleInfo.java:shutdownLeaderElection(134)) - 3eeab9a4-47d5-4980-9c6e-5102901e869a: shutdown LeaderElection
2019-10-09 13:03:51,005 [f0cb1a3f-6ac7-4eb8-9514-6a797ff8471f@group-6247FF3E413E:LeaderElection8] INFO  impl.RoleInfo (RoleInfo.java:shutdownLeaderElection(134)) - f0cb1a3f-6ac7-4eb8-9514-6a797ff8471f: shutdown LeaderElection
2019-10-09 13:03:51,009 [3eeab9a4-47d5-4980-9c6e-5102901e869a@group-6247FF3E413E:LeaderElection9] INFO  impl.RoleInfo (RoleInfo.java:updateAndGet(143)) - 3eeab9a4-47d5-4980-9c6e-5102901e869a: start FollowerState
2019-10-09 13:03:51,011 [f0cb1a3f-6ac7-4eb8-9514-6a797ff8471f@group-6247FF3E413E:LeaderElection8] INFO  impl.RaftServerImpl (RaftServerImpl.java:setRole(174)) - f0cb1a3f-6ac7-4eb8-9514-6a797ff8471f@group-6247FF3E413E: changes role from CANDIDATE to LEADER at term 1 for changeToLeader
2019-10-09 13:03:51,011 [f0cb1a3f-6ac7-4eb8-9514-6a797ff8471f@group-6247FF3E413E:LeaderElection8] INFO  impl.RaftServerImpl (ServerState.java:setLeader(253)) - f0cb1a3f-6ac7-4eb8-9514-6a797ff8471f@group-6247FF3E413E: change Leader from null to f0cb1a3f-6ac7-4eb8-9514-6a797ff8471f at term 1 for becomeLeader, leader elected after 5228ms
2019-10-09 13:03:51,013 [f0cb1a3f-6ac7-4eb8-9514-6a797ff8471f@group-6247FF3E413E:LeaderElection8] INFO  server.RaftServerConfigKeys (ConfUtils.java:logGet(43)) - raft.server.staging.catchup.gap = 1000 (default)
2019-10-09 13:03:51,014 [f0cb1a3f-6ac7-4eb8-9514-6a797ff8471f@group-6247FF3E413E:LeaderElection8] INFO  server.RaftServerConfigKeys (ConfUtils.java:logGet(43)) - raft.server.rpc.sleep.time = 25ms (default)
2019-10-09 13:03:51,014 [f0cb1a3f-6ac7-4eb8-9514-6a797ff8471f@group-6247FF3E413E:LeaderElection8] INFO  server.RaftServerConfigKeys (ConfUtils.java:logGet(43)) - raft.server.write.element-limit = 4096 (default)
2019-10-09 13:03:51,014 [f0cb1a3f-6ac7-4eb8-9514-6a797ff8471f@group-6247FF3E413E:LeaderElection8] INFO  server.RaftServerConfigKeys (ConfUtils.java:logGet(43)) - raft.server.watch.timeout = 10s (default)
2019-10-09 13:03:51,014 [f0cb1a3f-6ac7-4eb8-9514-6a797ff8471f@group-6247FF3E413E:LeaderElection8] INFO  server.RaftServerConfigKeys (ConfUtils.java:logGet(43)) - raft.server.watch.timeout.denomination = 1s (default)
2019-10-09 13:03:51,014 [f0cb1a3f-6ac7-4eb8-9514-6a797ff8471f@group-6247FF3E413E:LeaderElection8] INFO  server.RaftServerConfigKeys (ConfUtils.java:logGet(43)) - raft.server.watch.element-limit = 65536 (default)
2019-10-09 13:03:51,019 [f0cb1a3f-6ac7-4eb8-9514-6a797ff8471f@group-6247FF3E413E:LeaderElection8] INFO  server.RaftServerConfigKeys (ConfUtils.java:logGet(43)) - raft.server.log.appender.snapshot.chunk.size.max = 16MB (=16777216) (default)
2019-10-09 13:03:51,020 [f0cb1a3f-6ac7-4eb8-9514-6a797ff8471f@group-6247FF3E413E:LeaderElection8] INFO  server.RaftServerConfigKeys (ConfUtils.java:logGet(43)) - raft.server.log.appender.buffer.byte-limit = 33554432 (custom)
2019-10-09 13:03:51,021 [f0cb1a3f-6ac7-4eb8-9514-6a797ff8471f@group-6247FF3E413E:LeaderElection8] INFO  server.RaftServerConfigKeys (ConfUtils.java:logGet(43)) - raft.server.log.appender.buffer.element-limit = 1 (custom)
2019-10-09 13:03:51,024 [f0cb1a3f-6ac7-4eb8-9514-6a797ff8471f@group-6247FF3E413E:LeaderElection8] INFO  grpc.GrpcConfigKeys$Server (ConfUtils.java:logGet(43)) - raft.grpc.server.leader.outstanding.appends.max = 128 (default)
2019-10-09 13:03:51,025 [f0cb1a3f-6ac7-4eb8-9514-6a797ff8471f@group-6247FF3E413E:LeaderElection8] INFO  server.RaftServerConfigKeys (ConfUtils.java:logGet(43)) - raft.server.rpc.request.timeout = 3000ms (default)
2019-10-09 13:03:51,025 [f0cb1a3f-6ac7-4eb8-9514-6a797ff8471f@group-6247FF3E413E:LeaderElection8] INFO  server.RaftServerConfigKeys (ConfUtils.java:logGet(43)) - raft.server.log.appender.install.snapshot.enabled = false (custom)
2019-10-09 13:03:51,026 [f0cb1a3f-6ac7-4eb8-9514-6a797ff8471f@group-6247FF3E413E:LeaderElection8] INFO  server.RaftServerConfigKeys (ConfUtils.java:logGet(43)) - raft.server.log.appender.snapshot.chunk.size.max = 16MB (=16777216) (default)
2019-10-09 13:03:51,026 [f0cb1a3f-6ac7-4eb8-9514-6a797ff8471f@group-6247FF3E413E:LeaderElection8] INFO  server.RaftServerConfigKeys (ConfUtils.java:logGet(43)) - raft.server.log.appender.buffer.byte-limit = 33554432 (custom)
2019-10-09 13:03:51,027 [f0cb1a3f-6ac7-4eb8-9514-6a797ff8471f@group-6247FF3E413E:LeaderElection8] INFO  server.RaftServerConfigKeys (ConfUtils.java:logGet(43)) - raft.server.log.appender.buffer.element-limit = 1 (custom)
2019-10-09 13:03:51,027 [f0cb1a3f-6ac7-4eb8-9514-6a797ff8471f@group-6247FF3E413E:LeaderElection8] INFO  grpc.GrpcConfigKeys$Server (ConfUtils.java:logGet(43)) - raft.grpc.server.leader.outstanding.appends.max = 128 (default)
2019-10-09 13:03:51,027 [f0cb1a3f-6ac7-4eb8-9514-6a797ff8471f@group-6247FF3E413E:LeaderElection8] INFO  server.RaftServerConfigKeys (ConfUtils.java:logGet(43)) - raft.server.rpc.request.timeout = 3000ms (default)
2019-10-09 13:03:51,027 [f0cb1a3f-6ac7-4eb8-9514-6a797ff8471f@group-6247FF3E413E:LeaderElection8] INFO  server.RaftServerConfigKeys (ConfUtils.java:logGet(43)) - raft.server.log.appender.install.snapshot.enabled = false (custom)
2019-10-09 13:03:51,028 [Thread-281] INFO  impl.FollowerState (FollowerState.java:run(106)) - 4f75c367-51e4-41c9-9287-4e8dd97f5c38:group-A483B260BC72 changes to CANDIDATE, lastRpcTime:5004, electionTimeout:5004ms
2019-10-09 13:03:51,029 [f0cb1a3f-6ac7-4eb8-9514-6a797ff8471f@group-6247FF3E413E:LeaderElection8] INFO  impl.RoleInfo (RoleInfo.java:updateAndGet(143)) - f0cb1a3f-6ac7-4eb8-9514-6a797ff8471f: start LeaderState
2019-10-09 13:03:51,029 [Thread-281] INFO  impl.RoleInfo (RoleInfo.java:shutdownFollowerState(121)) - 4f75c367-51e4-41c9-9287-4e8dd97f5c38: shutdown FollowerState
2019-10-09 13:03:51,029 [Thread-281] INFO  impl.RaftServerImpl (RaftServerImpl.java:setRole(174)) - 4f75c367-51e4-41c9-9287-4e8dd97f5c38@group-A483B260BC72: changes role from  FOLLOWER to CANDIDATE at term 0 for changeToCandidate
2019-10-09 13:03:51,029 [f0cb1a3f-6ac7-4eb8-9514-6a797ff8471f@group-6247FF3E413E:LeaderElection8] INFO  segmented.SegmentedRaftLogWorker (SegmentedRaftLogWorker.java:startLogSegment(380)) - f0cb1a3f-6ac7-4eb8-9514-6a797ff8471f@group-6247FF3E413E-SegmentedRaftLogWorker: Starting segment from index:0
2019-10-09 13:03:51,029 [Thread-281] INFO  impl.RoleInfo (RoleInfo.java:updateAndGet(143)) - 4f75c367-51e4-41c9-9287-4e8dd97f5c38: start LeaderElection
2019-10-09 13:03:51,069 [Thread-275] INFO  impl.FollowerState (FollowerState.java:run(106)) - 4f75c367-51e4-41c9-9287-4e8dd97f5c38:group-DDAC6CD64C05 changes to CANDIDATE, lastRpcTime:5151, electionTimeout:5149ms
2019-10-09 13:03:51,079 [Thread-274] INFO  impl.FollowerState (FollowerState.java:run(106)) - 3eeab9a4-47d5-4980-9c6e-5102901e869a:group-DDAC6CD64C05 changes to CANDIDATE, lastRpcTime:5161, electionTimeout:5152ms
2019-10-09 13:03:51,079 [f0cb1a3f-6ac7-4eb8-9514-6a797ff8471f@group-6247FF3E413E:LeaderElection8] INFO  impl.RaftServerImpl (ServerState.java:setRaftConf(354)) - f0cb1a3f-6ac7-4eb8-9514-6a797ff8471f@group-6247FF3E413E: set configuration 0: [4f75c367-51e4-41c9-9287-4e8dd97f5c38:192.168.5.175:40325, 3eeab9a4-47d5-4980-9c6e-5102901e869a:192.168.5.175:43254, f0cb1a3f-6ac7-4eb8-9514-6a797ff8471f:192.168.5.175:39769], old=null at 0
2019-10-09 13:03:51,079 [Thread-274] INFO  impl.RoleInfo (RoleInfo.java:shutdownFollowerState(121)) - 3eeab9a4-47d5-4980-9c6e-5102901e869a: shutdown FollowerState
2019-10-09 13:03:51,079 [Thread-275] INFO  impl.RoleInfo (RoleInfo.java:shutdownFollowerState(121)) - 4f75c367-51e4-41c9-9287-4e8dd97f5c38: shutdown FollowerState
2019-10-09 13:03:51,082 [Thread-274] INFO  impl.RaftServerImpl (RaftServerImpl.java:setRole(174)) - 3eeab9a4-47d5-4980-9c6e-5102901e869a@group-DDAC6CD64C05: changes role from  FOLLOWER to CANDIDATE at term 0 for changeToCandidate
2019-10-09 13:03:51,082 [Thread-275] INFO  impl.RaftServerImpl (RaftServerImpl.java:setRole(174)) - 4f75c367-51e4-41c9-9287-4e8dd97f5c38@group-DDAC6CD64C05: changes role from  FOLLOWER to CANDIDATE at term 0 for changeToCandidate
2019-10-09 13:03:51,082 [Thread-274] INFO  impl.RoleInfo (RoleInfo.java:updateAndGet(143)) - 3eeab9a4-47d5-4980-9c6e-5102901e869a: start LeaderElection
2019-10-09 13:03:51,082 [Thread-275] INFO  impl.RoleInfo (RoleInfo.java:updateAndGet(143)) - 4f75c367-51e4-41c9-9287-4e8dd97f5c38: start LeaderElection
2019-10-09 13:03:51,092 [f0cb1a3f-6ac7-4eb8-9514-6a797ff8471f@group-6247FF3E413E-SegmentedRaftLogWorker] INFO  segmented.SegmentedRaftLogWorker (SegmentedRaftLogWorker.java:execute(569)) - f0cb1a3f-6ac7-4eb8-9514-6a797ff8471f@group-6247FF3E413E-SegmentedRaftLogWorker: created new log segment /workdir/hadoop-ozone/integration-test/target/test-dir/MiniOzoneClusterImpl-92c4d179-1d16-4416-8bce-4538b25b782c/datanode-0/data/ratis/b78709e8-1a0a-42c2-b8a0-6247ff3e413e/current/log_inprogress_0
2019-10-09 13:03:51,092 [4f75c367-51e4-41c9-9287-4e8dd97f5c38@group-A483B260BC72:LeaderElection10] INFO  impl.LeaderElection (LeaderElection.java:askForVotes(182)) - 4f75c367-51e4-41c9-9287-4e8dd97f5c38@group-A483B260BC72:LeaderElection10: begin an election at term 1 for -1: [4f75c367-51e4-41c9-9287-4e8dd97f5c38:192.168.5.175:40325, 3eeab9a4-47d5-4980-9c6e-5102901e869a:192.168.5.175:43254, f0cb1a3f-6ac7-4eb8-9514-6a797ff8471f:192.168.5.175:39769], old=null
2019-10-09 13:03:51,103 [Thread-272] INFO  impl.FollowerState (FollowerState.java:run(106)) - f0cb1a3f-6ac7-4eb8-9514-6a797ff8471f:group-DDAC6CD64C05 changes to CANDIDATE, lastRpcTime:5187, electionTimeout:5187ms
2019-10-09 13:03:51,104 [Thread-272] INFO  impl.RoleInfo (RoleInfo.java:shutdownFollowerState(121)) - f0cb1a3f-6ac7-4eb8-9514-6a797ff8471f: shutdown FollowerState
2019-10-09 13:03:51,104 [Thread-272] INFO  impl.RaftServerImpl (RaftServerImpl.java:setRole(174)) - f0cb1a3f-6ac7-4eb8-9514-6a797ff8471f@group-DDAC6CD64C05: changes role from  FOLLOWER to CANDIDATE at term 0 for changeToCandidate
2019-10-09 13:03:51,104 [Thread-272] INFO  impl.RoleInfo (RoleInfo.java:updateAndGet(143)) - f0cb1a3f-6ac7-4eb8-9514-6a797ff8471f: start LeaderElection
2019-10-09 13:03:51,111 [3eeab9a4-47d5-4980-9c6e-5102901e869a@group-DDAC6CD64C05:LeaderElection11] INFO  impl.LeaderElection (LeaderElection.java:askForVotes(182)) - 3eeab9a4-47d5-4980-9c6e-5102901e869a@group-DDAC6CD64C05:LeaderElection11: begin an election at term 1 for -1: [4f75c367-51e4-41c9-9287-4e8dd97f5c38:192.168.5.175:40325, 3eeab9a4-47d5-4980-9c6e-5102901e869a:192.168.5.175:43254, f0cb1a3f-6ac7-4eb8-9514-6a797ff8471f:192.168.5.175:39769], old=null
2019-10-09 13:03:51,111 [4f75c367-51e4-41c9-9287-4e8dd97f5c38@group-DDAC6CD64C05:LeaderElection12] INFO  impl.LeaderElection (LeaderElection.java:askForVotes(182)) - 4f75c367-51e4-41c9-9287-4e8dd97f5c38@group-DDAC6CD64C05:LeaderElection12: begin an election at term 1 for -1: [4f75c367-51e4-41c9-9287-4e8dd97f5c38:192.168.5.175:40325, 3eeab9a4-47d5-4980-9c6e-5102901e869a:192.168.5.175:43254, f0cb1a3f-6ac7-4eb8-9514-6a797ff8471f:192.168.5.175:39769], old=null
2019-10-09 13:03:51,134 [Thread-284] INFO  impl.FollowerState (FollowerState.java:run(106)) - f0cb1a3f-6ac7-4eb8-9514-6a797ff8471f:group-A483B260BC72 changes to CANDIDATE, lastRpcTime:5094, electionTimeout:5092ms
2019-10-09 13:03:51,135 [Thread-284] INFO  impl.RoleInfo (RoleInfo.java:shutdownFollowerState(121)) - f0cb1a3f-6ac7-4eb8-9514-6a797ff8471f: shutdown FollowerState
2019-10-09 13:03:51,137 [grpc-default-executor-0] INFO  impl.RaftServerImpl (RaftServerImpl.java:setRole(174)) - 3eeab9a4-47d5-4980-9c6e-5102901e869a@group-A483B260BC72: changes role from  FOLLOWER to FOLLOWER at term 1 for recognizeCandidate:4f75c367-51e4-41c9-9287-4e8dd97f5c38
2019-10-09 13:03:51,137 [Thread-284] INFO  impl.RaftServerImpl (RaftServerImpl.java:setRole(174)) - f0cb1a3f-6ac7-4eb8-9514-6a797ff8471f@group-A483B260BC72: changes role from  FOLLOWER to CANDIDATE at term 0 for changeToCandidate
2019-10-09 13:03:51,137 [grpc-default-executor-0] INFO  impl.RoleInfo (RoleInfo.java:shutdownFollowerState(121)) - 3eeab9a4-47d5-4980-9c6e-5102901e869a: shutdown FollowerState
2019-10-09 13:03:51,137 [Thread-284] INFO  impl.RoleInfo (RoleInfo.java:updateAndGet(143)) - f0cb1a3f-6ac7-4eb8-9514-6a797ff8471f: start LeaderElection
2019-10-09 13:03:51,137 [Thread-286] INFO  impl.FollowerState (FollowerState.java:run(115)) - 3eeab9a4-47d5-4980-9c6e-5102901e869a: FollowerState was interrupted: java.lang.InterruptedException: sleep interrupted
2019-10-09 13:03:51,137 [grpc-default-executor-0] INFO  impl.RoleInfo (RoleInfo.java:updateAndGet(143)) - 3eeab9a4-47d5-4980-9c6e-5102901e869a: start FollowerState
2019-10-09 13:03:51,147 [f0cb1a3f-6ac7-4eb8-9514-6a797ff8471f@group-DDAC6CD64C05:LeaderElection13] INFO  impl.LeaderElection (LeaderElection.java:askForVotes(182)) - f0cb1a3f-6ac7-4eb8-9514-6a797ff8471f@group-DDAC6CD64C05:LeaderElection13: begin an election at term 1 for -1: [4f75c367-51e4-41c9-9287-4e8dd97f5c38:192.168.5.175:40325, 3eeab9a4-47d5-4980-9c6e-5102901e869a:192.168.5.175:43254, f0cb1a3f-6ac7-4eb8-9514-6a797ff8471f:192.168.5.175:39769], old=null
2019-10-09 13:03:51,155 [3eeab9a4-47d5-4980-9c6e-5102901e869a@group-DDAC6CD64C05:LeaderElection11] INFO  impl.LeaderElection (LeaderElection.java:logAndReturn(56)) - 3eeab9a4-47d5-4980-9c6e-5102901e869a@group-DDAC6CD64C05:LeaderElection11: Election REJECTED; received 2 response(s) [3eeab9a4-47d5-4980-9c6e-5102901e869a<-4f75c367-51e4-41c9-9287-4e8dd97f5c38#0:FAIL-t1, 3eeab9a4-47d5-4980-9c6e-5102901e869a<-f0cb1a3f-6ac7-4eb8-9514-6a797ff8471f#0:FAIL-t1] and 0 exception(s); 3eeab9a4-47d5-4980-9c6e-5102901e869a@group-DDAC6CD64C05:t1, leader=null, voted=3eeab9a4-47d5-4980-9c6e-5102901e869a, raftlog=3eeab9a4-47d5-4980-9c6e-5102901e869a@group-DDAC6CD64C05-SegmentedRaftLog:OPENED:c-1,f-1,i0, conf=-1: [4f75c367-51e4-41c9-9287-4e8dd97f5c38:192.168.5.175:40325, 3eeab9a4-47d5-4980-9c6e-5102901e869a:192.168.5.175:43254, f0cb1a3f-6ac7-4eb8-9514-6a797ff8471f:192.168.5.175:39769], old=null
2019-10-09 13:03:51,155 [3eeab9a4-47d5-4980-9c6e-5102901e869a@group-DDAC6CD64C05:LeaderElection11] INFO  impl.RaftServerImpl (RaftServerImpl.java:setRole(174)) - 3eeab9a4-47d5-4980-9c6e-5102901e869a@group-DDAC6CD64C05: changes role from CANDIDATE to FOLLOWER at term 1 for DISCOVERED_A_NEW_TERM
2019-10-09 13:03:51,157 [grpc-default-executor-1] INFO  impl.RaftServerImpl (ServerState.java:setLeader(253)) - 4f75c367-51e4-41c9-9287-4e8dd97f5c38@group-6247FF3E413E: change Leader from null to f0cb1a3f-6ac7-4eb8-9514-6a797ff8471f at term 1 for appendEntries, leader elected after 5374ms
2019-10-09 13:03:51,157 [Thread-291] INFO  impl.FollowerState (FollowerState.java:run(106)) - 3eeab9a4-47d5-4980-9c6e-5102901e869a:group-75761DEE94FB changes to CANDIDATE, lastRpcTime:5031, electionTimeout:5030ms
2019-10-09 13:03:51,155 [grpc-default-executor-4] INFO  impl.RaftServerImpl (ServerState.java:setLeader(253)) - 3eeab9a4-47d5-4980-9c6e-5102901e869a@group-6247FF3E413E: change Leader from null to f0cb1a3f-6ac7-4eb8-9514-6a797ff8471f at term 1 for appendEntries, leader elected after 5372ms
2019-10-09 13:03:51,162 [Thread-291] INFO  impl.RoleInfo (RoleInfo.java:shutdownFollowerState(121)) - 3eeab9a4-47d5-4980-9c6e-5102901e869a: shutdown FollowerState
2019-10-09 13:03:51,158 [3eeab9a4-47d5-4980-9c6e-5102901e869a@group-DDAC6CD64C05:LeaderElection11] INFO  impl.RoleInfo (RoleInfo.java:shutdownLeaderElection(134)) - 3eeab9a4-47d5-4980-9c6e-5102901e869a: shutdown LeaderElection
2019-10-09 13:03:51,162 [Thread-291] INFO  impl.RaftServerImpl (RaftServerImpl.java:setRole(174)) - 3eeab9a4-47d5-4980-9c6e-5102901e869a@group-75761DEE94FB: changes role from  FOLLOWER to CANDIDATE at term 0 for changeToCandidate
2019-10-09 13:03:51,163 [3eeab9a4-47d5-4980-9c6e-5102901e869a@group-DDAC6CD64C05:LeaderElection11] INFO  impl.RoleInfo (RoleInfo.java:updateAndGet(143)) - 3eeab9a4-47d5-4980-9c6e-5102901e869a: start FollowerState
2019-10-09 13:03:51,163 [Thread-291] INFO  impl.RoleInfo (RoleInfo.java:updateAndGet(143)) - 3eeab9a4-47d5-4980-9c6e-5102901e869a: start LeaderElection
2019-10-09 13:03:51,163 [4f75c367-51e4-41c9-9287-4e8dd97f5c38@group-DDAC6CD64C05:LeaderElection12] INFO  impl.LeaderElection (LeaderElection.java:logAndReturn(56)) - 4f75c367-51e4-41c9-9287-4e8dd97f5c38@group-DDAC6CD64C05:LeaderElection12: Election REJECTED; received 2 response(s) [4f75c367-51e4-41c9-9287-4e8dd97f5c38<-3eeab9a4-47d5-4980-9c6e-5102901e869a#0:FAIL-t1, 4f75c367-51e4-41c9-9287-4e8dd97f5c38<-f0cb1a3f-6ac7-4eb8-9514-6a797ff8471f#0:FAIL-t1] and 0 exception(s); 4f75c367-51e4-41c9-9287-4e8dd97f5c38@group-DDAC6CD64C05:t1, leader=null, voted=4f75c367-51e4-41c9-9287-4e8dd97f5c38, raftlog=4f75c367-51e4-41c9-9287-4e8dd97f5c38@group-DDAC6CD64C05-SegmentedRaftLog:OPENED:c-1,f-1,i0, conf=-1: [4f75c367-51e4-41c9-9287-4e8dd97f5c38:192.168.5.175:40325, 3eeab9a4-47d5-4980-9c6e-5102901e869a:192.168.5.175:43254, f0cb1a3f-6ac7-4eb8-9514-6a797ff8471f:192.168.5.175:39769], old=null
2019-10-09 13:03:51,171 [f0cb1a3f-6ac7-4eb8-9514-6a797ff8471f@group-A483B260BC72:LeaderElection14] INFO  impl.LeaderElection (LeaderElection.java:askForVotes(182)) - f0cb1a3f-6ac7-4eb8-9514-6a797ff8471f@group-A483B260BC72:LeaderElection14: begin an election at term 1 for -1: [4f75c367-51e4-41c9-9287-4e8dd97f5c38:192.168.5.175:40325, 3eeab9a4-47d5-4980-9c6e-5102901e869a:192.168.5.175:43254, f0cb1a3f-6ac7-4eb8-9514-6a797ff8471f:192.168.5.175:39769], old=null
2019-10-09 13:03:51,173 [4f75c367-51e4-41c9-9287-4e8dd97f5c38@group-DDAC6CD64C05:LeaderElection12] INFO  impl.RaftServerImpl (RaftServerImpl.java:setRole(174)) - 4f75c367-51e4-41c9-9287-4e8dd97f5c38@group-DDAC6CD64C05: changes role from CANDIDATE to FOLLOWER at term 1 for DISCOVERED_A_NEW_TERM
2019-10-09 13:03:51,184 [4f75c367-51e4-41c9-9287-4e8dd97f5c38@group-DDAC6CD64C05:LeaderElection12] INFO  impl.RoleInfo (RoleInfo.java:shutdownLeaderElection(134)) - 4f75c367-51e4-41c9-9287-4e8dd97f5c38: shutdown LeaderElection
2019-10-09 13:03:51,184 [4f75c367-51e4-41c9-9287-4e8dd97f5c38@group-DDAC6CD64C05:LeaderElection12] INFO  impl.RoleInfo (RoleInfo.java:updateAndGet(143)) - 4f75c367-51e4-41c9-9287-4e8dd97f5c38: start FollowerState
2019-10-09 13:03:51,192 [4f75c367-51e4-41c9-9287-4e8dd97f5c38@group-A483B260BC72:LeaderElection10] INFO  impl.LeaderElection (LeaderElection.java:logAndReturn(56)) - 4f75c367-51e4-41c9-9287-4e8dd97f5c38@group-A483B260BC72:LeaderElection10: Election PASSED; received 2 response(s) [4f75c367-51e4-41c9-9287-4e8dd97f5c38<-3eeab9a4-47d5-4980-9c6e-5102901e869a#0:OK-t1, 4f75c367-51e4-41c9-9287-4e8dd97f5c38<-f0cb1a3f-6ac7-4eb8-9514-6a797ff8471f#0:FAIL-t1] and 0 exception(s); 4f75c367-51e4-41c9-9287-4e8dd97f5c38@group-A483B260BC72:t1, leader=null, voted=4f75c367-51e4-41c9-9287-4e8dd97f5c38, raftlog=4f75c367-51e4-41c9-9287-4e8dd97f5c38@group-A483B260BC72-SegmentedRaftLog:OPENED:c-1,f-1,i0, conf=-1: [4f75c367-51e4-41c9-9287-4e8dd97f5c38:192.168.5.175:40325, 3eeab9a4-47d5-4980-9c6e-5102901e869a:192.168.5.175:43254, f0cb1a3f-6ac7-4eb8-9514-6a797ff8471f:192.168.5.175:39769], old=null
2019-10-09 13:03:51,192 [4f75c367-51e4-41c9-9287-4e8dd97f5c38@group-A483B260BC72:LeaderElection10] INFO  impl.RoleInfo (RoleInfo.java:shutdownLeaderElection(134)) - 4f75c367-51e4-41c9-9287-4e8dd97f5c38: shutdown LeaderElection
2019-10-09 13:03:51,192 [4f75c367-51e4-41c9-9287-4e8dd97f5c38@group-A483B260BC72:LeaderElection10] INFO  impl.RaftServerImpl (RaftServerImpl.java:setRole(174)) - 4f75c367-51e4-41c9-9287-4e8dd97f5c38@group-A483B260BC72: changes role from CANDIDATE to LEADER at term 1 for changeToLeader
2019-10-09 13:03:51,192 [4f75c367-51e4-41c9-9287-4e8dd97f5c38@group-A483B260BC72:LeaderElection10] INFO  impl.RaftServerImpl (ServerState.java:setLeader(253)) - 4f75c367-51e4-41c9-9287-4e8dd97f5c38@group-A483B260BC72: change Leader from null to 4f75c367-51e4-41c9-9287-4e8dd97f5c38 at term 1 for becomeLeader, leader elected after 5188ms
2019-10-09 13:03:51,196 [4f75c367-51e4-41c9-9287-4e8dd97f5c38@group-A483B260BC72:LeaderElection10] INFO  server.RaftServerConfigKeys (ConfUtils.java:logGet(43)) - raft.server.staging.catchup.gap = 1000 (default)
2019-10-09 13:03:51,196 [4f75c367-51e4-41c9-9287-4e8dd97f5c38@group-A483B260BC72:LeaderElection10] INFO  server.RaftServerConfigKeys (ConfUtils.java:logGet(43)) - raft.server.rpc.sleep.time = 25ms (default)
2019-10-09 13:03:51,196 [4f75c367-51e4-41c9-9287-4e8dd97f5c38@group-A483B260BC72:LeaderElection10] INFO  server.RaftServerConfigKeys (ConfUtils.java:logGet(43)) - raft.server.write.element-limit = 4096 (default)
2019-10-09 13:03:51,198 [3eeab9a4-47d5-4980-9c6e-5102901e869a@group-75761DEE94FB:LeaderElection15] INFO  impl.LeaderElection (LeaderElection.java:askForVotes(182)) - 3eeab9a4-47d5-4980-9c6e-5102901e869a@group-75761DEE94FB:LeaderElection15: begin an election at term 1 for -1: [4f75c367-51e4-41c9-9287-4e8dd97f5c38:192.168.5.175:40325, 3eeab9a4-47d5-4980-9c6e-5102901e869a:192.168.5.175:43254, f0cb1a3f-6ac7-4eb8-9514-6a797ff8471f:192.168.5.175:39769], old=null
2019-10-09 13:03:51,200 [f0cb1a3f-6ac7-4eb8-9514-6a797ff8471f@group-DDAC6CD64C05:LeaderElection13] INFO  impl.LeaderElection (LeaderElection.java:logAndReturn(56)) - f0cb1a3f-6ac7-4eb8-9514-6a797ff8471f@group-DDAC6CD64C05:LeaderElection13: Election REJECTED; received 2 response(s) [f0cb1a3f-6ac7-4eb8-9514-6a797ff8471f<-4f75c367-51e4-41c9-9287-4e8dd97f5c38#0:FAIL-t1, f0cb1a3f-6ac7-4eb8-9514-6a797ff8471f<-3eeab9a4-47d5-4980-9c6e-5102901e869a#0:FAIL-t1] and 0 exception(s); f0cb1a3f-6ac7-4eb8-9514-6a797ff8471f@group-DDAC6CD64C05:t1, leader=null, voted=f0cb1a3f-6ac7-4eb8-9514-6a797ff8471f, raftlog=f0cb1a3f-6ac7-4eb8-9514-6a797ff8471f@group-DDAC6CD64C05-SegmentedRaftLog:OPENED:c-1,f-1,i0, conf=-1: [4f75c367-51e4-41c9-9287-4e8dd97f5c38:192.168.5.175:40325, 3eeab9a4-47d5-4980-9c6e-5102901e869a:192.168.5.175:43254, f0cb1a3f-6ac7-4eb8-9514-6a797ff8471f:192.168.5.175:39769], old=null
2019-10-09 13:03:51,200 [4f75c367-51e4-41c9-9287-4e8dd97f5c38@group-A483B260BC72:LeaderElection10] INFO  server.RaftServerConfigKeys (ConfUtils.java:logGet(43)) - raft.server.watch.timeout = 10s (default)
2019-10-09 13:03:51,200 [4f75c367-51e4-41c9-9287-4e8dd97f5c38@group-A483B260BC72:LeaderElection10] INFO  server.RaftServerConfigKeys (ConfUtils.java:logGet(43)) - raft.server.watch.timeout.denomination = 1s (default)
2019-10-09 13:03:51,200 [f0cb1a3f-6ac7-4eb8-9514-6a797ff8471f@group-DDAC6CD64C05:LeaderElection13] INFO  impl.RaftServerImpl (RaftServerImpl.java:setRole(174)) - f0cb1a3f-6ac7-4eb8-9514-6a797ff8471f@group-DDAC6CD64C05: changes role from CANDIDATE to FOLLOWER at term 1 for DISCOVERED_A_NEW_TERM
2019-10-09 13:03:51,203 [f0cb1a3f-6ac7-4eb8-9514-6a797ff8471f@group-DDAC6CD64C05:LeaderElection13] INFO  impl.RoleInfo (RoleInfo.java:shutdownLeaderElection(134)) - f0cb1a3f-6ac7-4eb8-9514-6a797ff8471f: shutdown LeaderElection
2019-10-09 13:03:51,200 [4f75c367-51e4-41c9-9287-4e8dd97f5c38@group-A483B260BC72:LeaderElection10] INFO  server.RaftServerConfigKeys (ConfUtils.java:logGet(43)) - raft.server.watch.element-limit = 65536 (default)
2019-10-09 13:03:51,203 [f0cb1a3f-6ac7-4eb8-9514-6a797ff8471f@group-DDAC6CD64C05:LeaderElection13] INFO  impl.RoleInfo (RoleInfo.java:updateAndGet(143)) - f0cb1a3f-6ac7-4eb8-9514-6a797ff8471f: start FollowerState
2019-10-09 13:03:51,205 [grpc-default-executor-5] INFO  impl.RaftServerImpl (RaftServerImpl.java:setRole(174)) - f0cb1a3f-6ac7-4eb8-9514-6a797ff8471f@group-75761DEE94FB: changes role from  FOLLOWER to FOLLOWER at term 1 for recognizeCandidate:3eeab9a4-47d5-4980-9c6e-5102901e869a
2019-10-09 13:03:51,205 [grpc-default-executor-2] INFO  impl.RaftServerImpl (RaftServerImpl.java:setRole(174)) - 4f75c367-51e4-41c9-9287-4e8dd97f5c38@group-75761DEE94FB: changes role from  FOLLOWER to FOLLOWER at term 1 for recognizeCandidate:3eeab9a4-47d5-4980-9c6e-5102901e869a
2019-10-09 13:03:51,205 [grpc-default-executor-5] INFO  impl.RoleInfo (RoleInfo.java:shutdownFollowerState(121)) - f0cb1a3f-6ac7-4eb8-9514-6a797ff8471f: shutdown FollowerState
2019-10-09 13:03:51,205 [grpc-default-executor-2] INFO  impl.RoleInfo (RoleInfo.java:shutdownFollowerState(121)) - 4f75c367-51e4-41c9-9287-4e8dd97f5c38: shutdown FollowerState
2019-10-09 13:03:51,205 [4f75c367-51e4-41c9-9287-4e8dd97f5c38@group-A483B260BC72:LeaderElection10] INFO  server.RaftServerConfigKeys (ConfUtils.java:logGet(43)) - raft.server.log.appender.snapshot.chunk.size.max = 16MB (=16777216) (default)
2019-10-09 13:03:51,205 [grpc-default-executor-5] INFO  impl.RoleInfo (RoleInfo.java:updateAndGet(143)) - f0cb1a3f-6ac7-4eb8-9514-6a797ff8471f: start FollowerState
2019-10-09 13:03:51,207 [4f75c367-51e4-41c9-9287-4e8dd97f5c38@group-A483B260BC72:LeaderElection10] INFO  server.RaftServerConfigKeys (ConfUtils.java:logGet(43)) - raft.server.log.appender.buffer.byte-limit = 33554432 (custom)
2019-10-09 13:03:51,207 [Thread-294] INFO  impl.FollowerState (FollowerState.java:run(115)) - 4f75c367-51e4-41c9-9287-4e8dd97f5c38: FollowerState was interrupted: java.lang.InterruptedException: sleep interrupted
2019-10-09 13:03:51,207 [grpc-default-executor-2] INFO  impl.RoleInfo (RoleInfo.java:updateAndGet(143)) - 4f75c367-51e4-41c9-9287-4e8dd97f5c38: start FollowerState
2019-10-09 13:03:51,207 [Thread-293] INFO  impl.FollowerState (FollowerState.java:run(115)) - f0cb1a3f-6ac7-4eb8-9514-6a797ff8471f: FollowerState was interrupted: java.lang.InterruptedException: sleep interrupted
2019-10-09 13:03:51,208 [4f75c367-51e4-41c9-9287-4e8dd97f5c38@group-A483B260BC72:LeaderElection10] INFO  server.RaftServerConfigKeys (ConfUtils.java:logGet(43)) - raft.server.log.appender.buffer.element-limit = 1 (custom)
2019-10-09 13:03:51,212 [4f75c367-51e4-41c9-9287-4e8dd97f5c38@group-A483B260BC72:LeaderElection10] INFO  grpc.GrpcConfigKeys$Server (ConfUtils.java:logGet(43)) - raft.grpc.server.leader.outstanding.appends.max = 128 (default)
2019-10-09 13:03:51,214 [4f75c367-51e4-41c9-9287-4e8dd97f5c38@group-A483B260BC72:LeaderElection10] INFO  server.RaftServerConfigKeys (ConfUtils.java:logGet(43)) - raft.server.rpc.request.timeout = 3000ms (default)
2019-10-09 13:03:51,214 [4f75c367-51e4-41c9-9287-4e8dd97f5c38@group-A483B260BC72:LeaderElection10] INFO  server.RaftServerConfigKeys (ConfUtils.java:logGet(43)) - raft.server.log.appender.install.snapshot.enabled = false (custom)
2019-10-09 13:03:51,214 [4f75c367-51e4-41c9-9287-4e8dd97f5c38@group-A483B260BC72:LeaderElection10] INFO  server.RaftServerConfigKeys (ConfUtils.java:logGet(43)) - raft.server.log.appender.snapshot.chunk.size.max = 16MB (=16777216) (default)
2019-10-09 13:03:51,215 [4f75c367-51e4-41c9-9287-4e8dd97f5c38@group-A483B260BC72:LeaderElection10] INFO  server.RaftServerConfigKeys (ConfUtils.java:logGet(43)) - raft.server.log.appender.buffer.byte-limit = 33554432 (custom)
2019-10-09 13:03:51,215 [4f75c367-51e4-41c9-9287-4e8dd97f5c38@group-A483B260BC72:LeaderElection10] INFO  server.RaftServerConfigKeys (ConfUtils.java:logGet(43)) - raft.server.log.appender.buffer.element-limit = 1 (custom)
2019-10-09 13:03:51,217 [4f75c367-51e4-41c9-9287-4e8dd97f5c38@group-A483B260BC72:LeaderElection10] INFO  grpc.GrpcConfigKeys$Server (ConfUtils.java:logGet(43)) - raft.grpc.server.leader.outstanding.appends.max = 128 (default)
2019-10-09 13:03:51,217 [4f75c367-51e4-41c9-9287-4e8dd97f5c38@group-A483B260BC72:LeaderElection10] INFO  server.RaftServerConfigKeys (ConfUtils.java:logGet(43)) - raft.server.rpc.request.timeout = 3000ms (default)
2019-10-09 13:03:51,217 [4f75c367-51e4-41c9-9287-4e8dd97f5c38@group-A483B260BC72:LeaderElection10] INFO  server.RaftServerConfigKeys (ConfUtils.java:logGet(43)) - raft.server.log.appender.install.snapshot.enabled = false (custom)
2019-10-09 13:03:51,217 [4f75c367-51e4-41c9-9287-4e8dd97f5c38@group-A483B260BC72:LeaderElection10] INFO  impl.RoleInfo (RoleInfo.java:updateAndGet(143)) - 4f75c367-51e4-41c9-9287-4e8dd97f5c38: start LeaderState
2019-10-09 13:03:51,221 [4f75c367-51e4-41c9-9287-4e8dd97f5c38@group-A483B260BC72:LeaderElection10] INFO  segmented.SegmentedRaftLogWorker (SegmentedRaftLogWorker.java:startLogSegment(380)) - 4f75c367-51e4-41c9-9287-4e8dd97f5c38@group-A483B260BC72-SegmentedRaftLogWorker: Starting segment from index:0
2019-10-09 13:03:51,222 [4f75c367-51e4-41c9-9287-4e8dd97f5c38@group-A483B260BC72:LeaderElection10] INFO  impl.RaftServerImpl (ServerState.java:setRaftConf(354)) - 4f75c367-51e4-41c9-9287-4e8dd97f5c38@group-A483B260BC72: set configuration 0: [4f75c367-51e4-41c9-9287-4e8dd97f5c38:192.168.5.175:40325, 3eeab9a4-47d5-4980-9c6e-5102901e869a:192.168.5.175:43254, f0cb1a3f-6ac7-4eb8-9514-6a797ff8471f:192.168.5.175:39769], old=null at 0
2019-10-09 13:03:51,222 [grpc-default-executor-0] INFO  impl.RaftServerImpl (RaftServerImpl.java:requestVote(758)) - 4f75c367-51e4-41c9-9287-4e8dd97f5c38@group-A483B260BC72-   LEADER: Withhold vote from candidate f0cb1a3f-6ac7-4eb8-9514-6a797ff8471f with term 1. State: leader=4f75c367-51e4-41c9-9287-4e8dd97f5c38, term=1, lastRpcElapsed=null
2019-10-09 13:03:51,224 [grpc-default-executor-0] INFO  impl.RaftServerImpl (ServerState.java:setLeader(253)) - 3eeab9a4-47d5-4980-9c6e-5102901e869a@group-A483B260BC72: change Leader from null to 4f75c367-51e4-41c9-9287-4e8dd97f5c38 at term 1 for appendEntries, leader elected after 5219ms
2019-10-09 13:03:51,224 [f0cb1a3f-6ac7-4eb8-9514-6a797ff8471f@group-A483B260BC72:LeaderElection14] INFO  impl.LeaderElection (LeaderElection.java:logAndReturn(56)) - f0cb1a3f-6ac7-4eb8-9514-6a797ff8471f@group-A483B260BC72:LeaderElection14: Election REJECTED; received 2 response(s) [f0cb1a3f-6ac7-4eb8-9514-6a797ff8471f<-4f75c367-51e4-41c9-9287-4e8dd97f5c38#0:FAIL-t1, f0cb1a3f-6ac7-4eb8-9514-6a797ff8471f<-3eeab9a4-47d5-4980-9c6e-5102901e869a#0:FAIL-t1] and 0 exception(s); f0cb1a3f-6ac7-4eb8-9514-6a797ff8471f@group-A483B260BC72:t1, leader=null, voted=f0cb1a3f-6ac7-4eb8-9514-6a797ff8471f, raftlog=f0cb1a3f-6ac7-4eb8-9514-6a797ff8471f@group-A483B260BC72-SegmentedRaftLog:OPENED:c-1,f-1,i0, conf=-1: [4f75c367-51e4-41c9-9287-4e8dd97f5c38:192.168.5.175:40325, 3eeab9a4-47d5-4980-9c6e-5102901e869a:192.168.5.175:43254, f0cb1a3f-6ac7-4eb8-9514-6a797ff8471f:192.168.5.175:39769], old=null
2019-10-09 13:03:51,224 [grpc-default-executor-1] INFO  impl.RaftServerImpl (RaftServerImpl.java:setRole(174)) - f0cb1a3f-6ac7-4eb8-9514-6a797ff8471f@group-A483B260BC72: changes role from CANDIDATE to FOLLOWER at term 1 for appendEntries
2019-10-09 13:03:51,248 [Thread-300] INFO  impl.FollowerState (FollowerState.java:run(106)) - f0cb1a3f-6ac7-4eb8-9514-6a797ff8471f:group-C24D4FE0C6F2 changes to CANDIDATE, lastRpcTime:5038, electionTimeout:5036ms
2019-10-09 13:03:51,249 [grpc-default-executor-1] INFO  impl.RoleInfo (RoleInfo.java:shutdownLeaderElection(134)) - f0cb1a3f-6ac7-4eb8-9514-6a797ff8471f: shutdown LeaderElection
2019-10-09 13:03:51,251 [Thread-300] INFO  impl.RoleInfo (RoleInfo.java:shutdownFollowerState(121)) - f0cb1a3f-6ac7-4eb8-9514-6a797ff8471f: shutdown FollowerState
2019-10-09 13:03:51,251 [grpc-default-executor-1] INFO  impl.RoleInfo (RoleInfo.java:updateAndGet(143)) - f0cb1a3f-6ac7-4eb8-9514-6a797ff8471f: start FollowerState
2019-10-09 13:03:51,251 [Thread-300] INFO  impl.RaftServerImpl (RaftServerImpl.java:setRole(174)) - f0cb1a3f-6ac7-4eb8-9514-6a797ff8471f@group-C24D4FE0C6F2: changes role from  FOLLOWER to CANDIDATE at term 0 for changeToCandidate
2019-10-09 13:03:51,251 [grpc-default-executor-1] INFO  impl.RaftServerImpl (ServerState.java:setLeader(253)) - f0cb1a3f-6ac7-4eb8-9514-6a797ff8471f@group-A483B260BC72: change Leader from null to 4f75c367-51e4-41c9-9287-4e8dd97f5c38 at term 1 for appendEntries, leader elected after 5246ms
2019-10-09 13:03:51,251 [Thread-300] INFO  impl.RoleInfo (RoleInfo.java:updateAndGet(143)) - f0cb1a3f-6ac7-4eb8-9514-6a797ff8471f: start LeaderElection
2019-10-09 13:03:51,258 [3eeab9a4-47d5-4980-9c6e-5102901e869a@group-75761DEE94FB:LeaderElection15] INFO  impl.LeaderElection (LeaderElection.java:logAndReturn(56)) - 3eeab9a4-47d5-4980-9c6e-5102901e869a@group-75761DEE94FB:LeaderElection15: Election PASSED; received 1 response(s) [3eeab9a4-47d5-4980-9c6e-5102901e869a<-f0cb1a3f-6ac7-4eb8-9514-6a797ff8471f#0:OK-t1] and 0 exception(s); 3eeab9a4-47d5-4980-9c6e-5102901e869a@group-75761DEE94FB:t1, leader=null, voted=3eeab9a4-47d5-4980-9c6e-5102901e869a, raftlog=3eeab9a4-47d5-4980-9c6e-5102901e869a@group-75761DEE94FB-SegmentedRaftLog:OPENED:c-1,f-1,i0, conf=-1: [4f75c367-51e4-41c9-9287-4e8dd97f5c38:192.168.5.175:40325, 3eeab9a4-47d5-4980-9c6e-5102901e869a:192.168.5.175:43254, f0cb1a3f-6ac7-4eb8-9514-6a797ff8471f:192.168.5.175:39769], old=null
2019-10-09 13:03:51,260 [3eeab9a4-47d5-4980-9c6e-5102901e869a@group-75761DEE94FB:LeaderElection15] INFO  impl.RoleInfo (RoleInfo.java:shutdownLeaderElection(134)) - 3eeab9a4-47d5-4980-9c6e-5102901e869a: shutdown LeaderElection
2019-10-09 13:03:51,263 [3eeab9a4-47d5-4980-9c6e-5102901e869a@group-75761DEE94FB:LeaderElection15] INFO  impl.RaftServerImpl (RaftServerImpl.java:setRole(174)) - 3eeab9a4-47d5-4980-9c6e-5102901e869a@group-75761DEE94FB: changes role from CANDIDATE to LEADER at term 1 for changeToLeader
2019-10-09 13:03:51,263 [3eeab9a4-47d5-4980-9c6e-5102901e869a@group-75761DEE94FB:LeaderElection15] INFO  impl.RaftServerImpl (ServerState.java:setLeader(253)) - 3eeab9a4-47d5-4980-9c6e-5102901e869a@group-75761DEE94FB: change Leader from null to 3eeab9a4-47d5-4980-9c6e-5102901e869a at term 1 for becomeLeader, leader elected after 5147ms
2019-10-09 13:03:51,263 [3eeab9a4-47d5-4980-9c6e-5102901e869a@group-75761DEE94FB:LeaderElection15] INFO  server.RaftServerConfigKeys (ConfUtils.java:logGet(43)) - raft.server.staging.catchup.gap = 1000 (default)
2019-10-09 13:03:51,264 [3eeab9a4-47d5-4980-9c6e-5102901e869a@group-75761DEE94FB:LeaderElection15] INFO  server.RaftServerConfigKeys (ConfUtils.java:logGet(43)) - raft.server.rpc.sleep.time = 25ms (default)
2019-10-09 13:03:51,265 [3eeab9a4-47d5-4980-9c6e-5102901e869a@group-75761DEE94FB:LeaderElection15] INFO  server.RaftServerConfigKeys (ConfUtils.java:logGet(43)) - raft.server.write.element-limit = 4096 (default)
2019-10-09 13:03:51,265 [3eeab9a4-47d5-4980-9c6e-5102901e869a@group-75761DEE94FB:LeaderElection15] INFO  server.RaftServerConfigKeys (ConfUtils.java:logGet(43)) - raft.server.watch.timeout = 10s (default)
2019-10-09 13:03:51,265 [3eeab9a4-47d5-4980-9c6e-5102901e869a@group-75761DEE94FB:LeaderElection15] INFO  server.RaftServerConfigKeys (ConfUtils.java:logGet(43)) - raft.server.watch.timeout.denomination = 1s (default)
2019-10-09 13:03:51,265 [Thread-304] INFO  impl.FollowerState (FollowerState.java:run(106)) - 3eeab9a4-47d5-4980-9c6e-5102901e869a:group-C24D4FE0C6F2 changes to CANDIDATE, lastRpcTime:5031, electionTimeout:5031ms
2019-10-09 13:03:51,267 [grpc-default-executor-0] INFO  impl.RaftServerImpl (ServerState.java:setRaftConf(354)) - 4f75c367-51e4-41c9-9287-4e8dd97f5c38@group-6247FF3E413E: set configuration 0: [4f75c367-51e4-41c9-9287-4e8dd97f5c38:192.168.5.175:40325, 3eeab9a4-47d5-4980-9c6e-5102901e869a:192.168.5.175:43254, f0cb1a3f-6ac7-4eb8-9514-6a797ff8471f:192.168.5.175:39769], old=null at 0
2019-10-09 13:03:51,265 [3eeab9a4-47d5-4980-9c6e-5102901e869a@group-75761DEE94FB:LeaderElection15] INFO  server.RaftServerConfigKeys (ConfUtils.java:logGet(43)) - raft.server.watch.element-limit = 65536 (default)
2019-10-09 13:03:51,267 [grpc-default-executor-0] INFO  segmented.SegmentedRaftLogWorker (SegmentedRaftLogWorker.java:startLogSegment(380)) - 4f75c367-51e4-41c9-9287-4e8dd97f5c38@group-6247FF3E413E-SegmentedRaftLogWorker: Starting segment from index:0
2019-10-09 13:03:51,267 [Thread-304] INFO  impl.RoleInfo (RoleInfo.java:shutdownFollowerState(121)) - 3eeab9a4-47d5-4980-9c6e-5102901e869a: shutdown FollowerState
2019-10-09 13:03:51,267 [grpc-default-executor-5] INFO  impl.RaftServerImpl (ServerState.java:setRaftConf(354)) - 3eeab9a4-47d5-4980-9c6e-5102901e869a@group-A483B260BC72: set configuration 0: [4f75c367-51e4-41c9-9287-4e8dd97f5c38:192.168.5.175:40325, 3eeab9a4-47d5-4980-9c6e-5102901e869a:192.168.5.175:43254, f0cb1a3f-6ac7-4eb8-9514-6a797ff8471f:192.168.5.175:39769], old=null at 0
2019-10-09 13:03:51,267 [grpc-default-executor-2] INFO  impl.RaftServerImpl (ServerState.java:setRaftConf(354)) - 3eeab9a4-47d5-4980-9c6e-5102901e869a@group-6247FF3E413E: set configuration 0: [4f75c367-51e4-41c9-9287-4e8dd97f5c38:192.168.5.175:40325, 3eeab9a4-47d5-4980-9c6e-5102901e869a:192.168.5.175:43254, f0cb1a3f-6ac7-4eb8-9514-6a797ff8471f:192.168.5.175:39769], old=null at 0
2019-10-09 13:03:51,268 [grpc-default-executor-1] INFO  impl.RaftServerImpl (ServerState.java:setRaftConf(354)) - f0cb1a3f-6ac7-4eb8-9514-6a797ff8471f@group-A483B260BC72: set configuration 0: [4f75c367-51e4-41c9-9287-4e8dd97f5c38:192.168.5.175:40325, 3eeab9a4-47d5-4980-9c6e-5102901e869a:192.168.5.175:43254, f0cb1a3f-6ac7-4eb8-9514-6a797ff8471f:192.168.5.175:39769], old=null at 0
2019-10-09 13:03:51,268 [grpc-default-executor-5] INFO  segmented.SegmentedRaftLogWorker (SegmentedRaftLogWorker.java:startLogSegment(380)) - 3eeab9a4-47d5-4980-9c6e-5102901e869a@group-A483B260BC72-SegmentedRaftLogWorker: Starting segment from index:0
2019-10-09 13:03:51,267 [Thread-304] INFO  impl.RaftServerImpl (RaftServerImpl.java:setRole(174)) - 3eeab9a4-47d5-4980-9c6e-5102901e869a@group-C24D4FE0C6F2: changes role from  FOLLOWER to CANDIDATE at term 0 for changeToCandidate
2019-10-09 13:03:51,268 [grpc-default-executor-1] INFO  segmented.SegmentedRaftLogWorker (SegmentedRaftLogWorker.java:startLogSegment(380)) - f0cb1a3f-6ac7-4eb8-9514-6a797ff8471f@group-A483B260BC72-SegmentedRaftLogWorker: Starting segment from index:0
2019-10-09 13:03:51,268 [grpc-default-executor-2] INFO  segmented.SegmentedRaftLogWorker (SegmentedRaftLogWorker.java:startLogSegment(380)) - 3eeab9a4-47d5-4980-9c6e-5102901e869a@group-6247FF3E413E-SegmentedRaftLogWorker: Starting segment from index:0
2019-10-09 13:03:51,268 [Thread-304] INFO  impl.RoleInfo (RoleInfo.java:updateAndGet(143)) - 3eeab9a4-47d5-4980-9c6e-5102901e869a: start LeaderElection
2019-10-09 13:03:51,308 [Thread-302] INFO  impl.FollowerState (FollowerState.java:run(106)) - 4f75c367-51e4-41c9-9287-4e8dd97f5c38:group-C24D4FE0C6F2 changes to CANDIDATE, lastRpcTime:5075, electionTimeout:5043ms
2019-10-09 13:03:51,308 [f0cb1a3f-6ac7-4eb8-9514-6a797ff8471f@group-C24D4FE0C6F2:LeaderElection16] INFO  impl.LeaderElection (LeaderElection.java:askForVotes(182)) - f0cb1a3f-6ac7-4eb8-9514-6a797ff8471f@group-C24D4FE0C6F2:LeaderElection16: begin an election at term 1 for -1: [4f75c367-51e4-41c9-9287-4e8dd97f5c38:192.168.5.175:40325, 3eeab9a4-47d5-4980-9c6e-5102901e869a:192.168.5.175:43254, f0cb1a3f-6ac7-4eb8-9514-6a797ff8471f:192.168.5.175:39769], old=null
2019-10-09 13:03:51,308 [Thread-302] INFO  impl.RoleInfo (RoleInfo.java:shutdownFollowerState(121)) - 4f75c367-51e4-41c9-9287-4e8dd97f5c38: shutdown FollowerState
2019-10-09 13:03:51,308 [4f75c367-51e4-41c9-9287-4e8dd97f5c38@group-A483B260BC72-SegmentedRaftLogWorker] INFO  segmented.SegmentedRaftLogWorker (SegmentedRaftLogWorker.java:execute(569)) - 4f75c367-51e4-41c9-9287-4e8dd97f5c38@group-A483B260BC72-SegmentedRaftLogWorker: created new log segment /workdir/hadoop-ozone/integration-test/target/test-dir/MiniOzoneClusterImpl-92c4d179-1d16-4416-8bce-4538b25b782c/datanode-2/data/ratis/8b67ea2b-8e0b-404b-87ee-a483b260bc72/current/log_inprogress_0
2019-10-09 13:03:51,309 [Thread-302] INFO  impl.RaftServerImpl (RaftServerImpl.java:setRole(174)) - 4f75c367-51e4-41c9-9287-4e8dd97f5c38@group-C24D4FE0C6F2: changes role from  FOLLOWER to CANDIDATE at term 0 for changeToCandidate
2019-10-09 13:03:51,309 [3eeab9a4-47d5-4980-9c6e-5102901e869a@group-75761DEE94FB:LeaderElection15] INFO  server.RaftServerConfigKeys (ConfUtils.java:logGet(43)) - raft.server.log.appender.snapshot.chunk.size.max = 16MB (=16777216) (default)
2019-10-09 13:03:51,309 [Thread-302] INFO  impl.RoleInfo (RoleInfo.java:updateAndGet(143)) - 4f75c367-51e4-41c9-9287-4e8dd97f5c38: start LeaderElection
2019-10-09 13:03:51,309 [3eeab9a4-47d5-4980-9c6e-5102901e869a@group-75761DEE94FB:LeaderElection15] INFO  server.RaftServerConfigKeys (ConfUtils.java:logGet(43)) - raft.server.log.appender.buffer.byte-limit = 33554432 (custom)
2019-10-09 13:03:51,310 [3eeab9a4-47d5-4980-9c6e-5102901e869a@group-75761DEE94FB:LeaderElection15] INFO  server.RaftServerConfigKeys (ConfUtils.java:logGet(43)) - raft.server.log.appender.buffer.element-limit = 1 (custom)
2019-10-09 13:03:51,316 [3eeab9a4-47d5-4980-9c6e-5102901e869a@group-75761DEE94FB:LeaderElection15] INFO  grpc.GrpcConfigKeys$Server (ConfUtils.java:logGet(43)) - raft.grpc.server.leader.outstanding.appends.max = 128 (default)
2019-10-09 13:03:51,317 [3eeab9a4-47d5-4980-9c6e-5102901e869a@group-75761DEE94FB:LeaderElection15] INFO  server.RaftServerConfigKeys (ConfUtils.java:logGet(43)) - raft.server.rpc.request.timeout = 3000ms (default)
2019-10-09 13:03:51,317 [3eeab9a4-47d5-4980-9c6e-5102901e869a@group-75761DEE94FB:LeaderElection15] INFO  server.RaftServerConfigKeys (ConfUtils.java:logGet(43)) - raft.server.log.appender.install.snapshot.enabled = false (custom)
2019-10-09 13:03:51,317 [3eeab9a4-47d5-4980-9c6e-5102901e869a@group-75761DEE94FB:LeaderElection15] INFO  server.RaftServerConfigKeys (ConfUtils.java:logGet(43)) - raft.server.log.appender.snapshot.chunk.size.max = 16MB (=16777216) (default)
2019-10-09 13:03:51,317 [3eeab9a4-47d5-4980-9c6e-5102901e869a@group-75761DEE94FB:LeaderElection15] INFO  server.RaftServerConfigKeys (ConfUtils.java:logGet(43)) - raft.server.log.appender.buffer.byte-limit = 33554432 (custom)
2019-10-09 13:03:51,318 [3eeab9a4-47d5-4980-9c6e-5102901e869a@group-75761DEE94FB:LeaderElection15] INFO  server.RaftServerConfigKeys (ConfUtils.java:logGet(43)) - raft.server.log.appender.buffer.element-limit = 1 (custom)
2019-10-09 13:03:51,318 [3eeab9a4-47d5-4980-9c6e-5102901e869a@group-75761DEE94FB:LeaderElection15] INFO  grpc.GrpcConfigKeys$Server (ConfUtils.java:logGet(43)) - raft.grpc.server.leader.outstanding.appends.max = 128 (default)
2019-10-09 13:03:51,318 [3eeab9a4-47d5-4980-9c6e-5102901e869a@group-75761DEE94FB:LeaderElection15] INFO  server.RaftServerConfigKeys (ConfUtils.java:logGet(43)) - raft.server.rpc.request.timeout = 3000ms (default)
2019-10-09 13:03:51,318 [3eeab9a4-47d5-4980-9c6e-5102901e869a@group-75761DEE94FB:LeaderElection15] INFO  server.RaftServerConfigKeys (ConfUtils.java:logGet(43)) - raft.server.log.appender.install.snapshot.enabled = false (custom)
2019-10-09 13:03:51,320 [3eeab9a4-47d5-4980-9c6e-5102901e869a@group-75761DEE94FB:LeaderElection15] INFO  impl.RoleInfo (RoleInfo.java:updateAndGet(143)) - 3eeab9a4-47d5-4980-9c6e-5102901e869a: start LeaderState
2019-10-09 13:03:51,321 [3eeab9a4-47d5-4980-9c6e-5102901e869a@group-75761DEE94FB:LeaderElection15] INFO  segmented.SegmentedRaftLogWorker (SegmentedRaftLogWorker.java:startLogSegment(380)) - 3eeab9a4-47d5-4980-9c6e-5102901e869a@group-75761DEE94FB-SegmentedRaftLogWorker: Starting segment from index:0
2019-10-09 13:03:51,321 [3eeab9a4-47d5-4980-9c6e-5102901e869a@group-A483B260BC72-SegmentedRaftLogWorker] INFO  segmented.SegmentedRaftLogWorker (SegmentedRaftLogWorker.java:execute(569)) - 3eeab9a4-47d5-4980-9c6e-5102901e869a@group-A483B260BC72-SegmentedRaftLogWorker: created new log segment /workdir/hadoop-ozone/integration-test/target/test-dir/MiniOzoneClusterImpl-92c4d179-1d16-4416-8bce-4538b25b782c/datanode-4/data/ratis/8b67ea2b-8e0b-404b-87ee-a483b260bc72/current/log_inprogress_0
2019-10-09 13:03:51,321 [4f75c367-51e4-41c9-9287-4e8dd97f5c38@group-6247FF3E413E-SegmentedRaftLogWorker] INFO  segmented.SegmentedRaftLogWorker (SegmentedRaftLogWorker.java:execute(569)) - 4f75c367-51e4-41c9-9287-4e8dd97f5c38@group-6247FF3E413E-SegmentedRaftLogWorker: created new log segment /workdir/hadoop-ozone/integration-test/target/test-dir/MiniOzoneClusterImpl-92c4d179-1d16-4416-8bce-4538b25b782c/datanode-2/data/ratis/b78709e8-1a0a-42c2-b8a0-6247ff3e413e/current/log_inprogress_0
2019-10-09 13:03:51,322 [4f75c367-51e4-41c9-9287-4e8dd97f5c38@group-C24D4FE0C6F2:LeaderElection18] INFO  impl.LeaderElection (LeaderElection.java:askForVotes(182)) - 4f75c367-51e4-41c9-9287-4e8dd97f5c38@group-C24D4FE0C6F2:LeaderElection18: begin an election at term 1 for -1: [4f75c367-51e4-41c9-9287-4e8dd97f5c38:192.168.5.175:40325, 3eeab9a4-47d5-4980-9c6e-5102901e869a:192.168.5.175:43254, f0cb1a3f-6ac7-4eb8-9514-6a797ff8471f:192.168.5.175:39769], old=null
2019-10-09 13:03:51,322 [3eeab9a4-47d5-4980-9c6e-5102901e869a@group-6247FF3E413E-SegmentedRaftLogWorker] INFO  segmented.SegmentedRaftLogWorker (SegmentedRaftLogWorker.java:execute(569)) - 3eeab9a4-47d5-4980-9c6e-5102901e869a@group-6247FF3E413E-SegmentedRaftLogWorker: created new log segment /workdir/hadoop-ozone/integration-test/target/test-dir/MiniOzoneClusterImpl-92c4d179-1d16-4416-8bce-4538b25b782c/datanode-4/data/ratis/b78709e8-1a0a-42c2-b8a0-6247ff3e413e/current/log_inprogress_0
2019-10-09 13:03:51,322 [3eeab9a4-47d5-4980-9c6e-5102901e869a@group-75761DEE94FB:LeaderElection15] INFO  impl.RaftServerImpl (ServerState.java:setRaftConf(354)) - 3eeab9a4-47d5-4980-9c6e-5102901e869a@group-75761DEE94FB: set configuration 0: [4f75c367-51e4-41c9-9287-4e8dd97f5c38:192.168.5.175:40325, 3eeab9a4-47d5-4980-9c6e-5102901e869a:192.168.5.175:43254, f0cb1a3f-6ac7-4eb8-9514-6a797ff8471f:192.168.5.175:39769], old=null at 0
2019-10-09 13:03:51,322 [3eeab9a4-47d5-4980-9c6e-5102901e869a@group-C24D4FE0C6F2:LeaderElection17] INFO  impl.LeaderElection (LeaderElection.java:askForVotes(182)) - 3eeab9a4-47d5-4980-9c6e-5102901e869a@group-C24D4FE0C6F2:LeaderElection17: begin an election at term 1 for -1: [4f75c367-51e4-41c9-9287-4e8dd97f5c38:192.168.5.175:40325, 3eeab9a4-47d5-4980-9c6e-5102901e869a:192.168.5.175:43254, f0cb1a3f-6ac7-4eb8-9514-6a797ff8471f:192.168.5.175:39769], old=null
2019-10-09 13:03:51,321 [f0cb1a3f-6ac7-4eb8-9514-6a797ff8471f@group-A483B260BC72-SegmentedRaftLogWorker] INFO  segmented.SegmentedRaftLogWorker (SegmentedRaftLogWorker.java:execute(569)) - f0cb1a3f-6ac7-4eb8-9514-6a797ff8471f@group-A483B260BC72-SegmentedRaftLogWorker: created new log segment /workdir/hadoop-ozone/integration-test/target/test-dir/MiniOzoneClusterImpl-92c4d179-1d16-4416-8bce-4538b25b782c/datanode-0/data/ratis/8b67ea2b-8e0b-404b-87ee-a483b260bc72/current/log_inprogress_0
2019-10-09 13:03:51,360 [grpc-default-executor-1] INFO  impl.RaftServerImpl (ServerState.java:setLeader(253)) - f0cb1a3f-6ac7-4eb8-9514-6a797ff8471f@group-75761DEE94FB: change Leader from null to 3eeab9a4-47d5-4980-9c6e-5102901e869a at term 1 for appendEntries, leader elected after 5245ms
2019-10-09 13:03:51,364 [grpc-default-executor-2] INFO  impl.RaftServerImpl (ServerState.java:setLeader(253)) - 4f75c367-51e4-41c9-9287-4e8dd97f5c38@group-75761DEE94FB: change Leader from null to 3eeab9a4-47d5-4980-9c6e-5102901e869a at term 1 for appendEntries, leader elected after 5248ms
2019-10-09 13:03:51,364 [f0cb1a3f-6ac7-4eb8-9514-6a797ff8471f@group-C24D4FE0C6F2:LeaderElection16] INFO  impl.LeaderElection (LeaderElection.java:logAndReturn(56)) - f0cb1a3f-6ac7-4eb8-9514-6a797ff8471f@group-C24D4FE0C6F2:LeaderElection16: Election REJECTED; received 2 response(s) [f0cb1a3f-6ac7-4eb8-9514-6a797ff8471f<-4f75c367-51e4-41c9-9287-4e8dd97f5c38#0:FAIL-t1, f0cb1a3f-6ac7-4eb8-9514-6a797ff8471f<-3eeab9a4-47d5-4980-9c6e-5102901e869a#0:FAIL-t1] and 0 exception(s); f0cb1a3f-6ac7-4eb8-9514-6a797ff8471f@group-C24D4FE0C6F2:t1, leader=null, voted=f0cb1a3f-6ac7-4eb8-9514-6a797ff8471f, raftlog=f0cb1a3f-6ac7-4eb8-9514-6a797ff8471f@group-C24D4FE0C6F2-SegmentedRaftLog:OPENED:c-1,f-1,i0, conf=-1: [4f75c367-51e4-41c9-9287-4e8dd97f5c38:192.168.5.175:40325, 3eeab9a4-47d5-4980-9c6e-5102901e869a:192.168.5.175:43254, f0cb1a3f-6ac7-4eb8-9514-6a797ff8471f:192.168.5.175:39769], old=null
2019-10-09 13:03:51,364 [f0cb1a3f-6ac7-4eb8-9514-6a797ff8471f@group-C24D4FE0C6F2:LeaderElection16] INFO  impl.RaftServerImpl (RaftServerImpl.java:setRole(174)) - f0cb1a3f-6ac7-4eb8-9514-6a797ff8471f@group-C24D4FE0C6F2: changes role from CANDIDATE to FOLLOWER at term 1 for DISCOVERED_A_NEW_TERM
2019-10-09 13:03:51,366 [f0cb1a3f-6ac7-4eb8-9514-6a797ff8471f@group-C24D4FE0C6F2:LeaderElection16] INFO  impl.RoleInfo (RoleInfo.java:shutdownLeaderElection(134)) - f0cb1a3f-6ac7-4eb8-9514-6a797ff8471f: shutdown LeaderElection
2019-10-09 13:03:51,368 [f0cb1a3f-6ac7-4eb8-9514-6a797ff8471f@group-C24D4FE0C6F2:LeaderElection16] INFO  impl.RoleInfo (RoleInfo.java:updateAndGet(143)) - f0cb1a3f-6ac7-4eb8-9514-6a797ff8471f: start FollowerState
2019-10-09 13:03:51,370 [3eeab9a4-47d5-4980-9c6e-5102901e869a@group-75761DEE94FB-SegmentedRaftLogWorker] INFO  segmented.SegmentedRaftLogWorker (SegmentedRaftLogWorker.java:execute(569)) - 3eeab9a4-47d5-4980-9c6e-5102901e869a@group-75761DEE94FB-SegmentedRaftLogWorker: created new log segment /workdir/hadoop-ozone/integration-test/target/test-dir/MiniOzoneClusterImpl-92c4d179-1d16-4416-8bce-4538b25b782c/datanode-4/data/ratis/dc025f63-628d-4b31-b53d-75761dee94fb/current/log_inprogress_0
2019-10-09 13:03:51,374 [4f75c367-51e4-41c9-9287-4e8dd97f5c38@group-C24D4FE0C6F2:LeaderElection18] INFO  impl.LeaderElection (LeaderElection.java:logAndReturn(56)) - 4f75c367-51e4-41c9-9287-4e8dd97f5c38@group-C24D4FE0C6F2:LeaderElection18: Election REJECTED; received 2 response(s) [4f75c367-51e4-41c9-9287-4e8dd97f5c38<-3eeab9a4-47d5-4980-9c6e-5102901e869a#0:FAIL-t1, 4f75c367-51e4-41c9-9287-4e8dd97f5c38<-f0cb1a3f-6ac7-4eb8-9514-6a797ff8471f#0:FAIL-t1] and 0 exception(s); 4f75c367-51e4-41c9-9287-4e8dd97f5c38@group-C24D4FE0C6F2:t1, leader=null, voted=4f75c367-51e4-41c9-9287-4e8dd97f5c38, raftlog=4f75c367-51e4-41c9-9287-4e8dd97f5c38@group-C24D4FE0C6F2-SegmentedRaftLog:OPENED:c-1,f-1,i0, conf=-1: [4f75c367-51e4-41c9-9287-4e8dd97f5c38:192.168.5.175:40325, 3eeab9a4-47d5-4980-9c6e-5102901e869a:192.168.5.175:43254, f0cb1a3f-6ac7-4eb8-9514-6a797ff8471f:192.168.5.175:39769], old=null
2019-10-09 13:03:51,374 [grpc-default-executor-5] INFO  impl.RaftServerImpl (ServerState.java:setRaftConf(354)) - f0cb1a3f-6ac7-4eb8-9514-6a797ff8471f@group-75761DEE94FB: set configuration 0: [4f75c367-51e4-41c9-9287-4e8dd97f5c38:192.168.5.175:40325, 3eeab9a4-47d5-4980-9c6e-5102901e869a:192.168.5.175:43254, f0cb1a3f-6ac7-4eb8-9514-6a797ff8471f:192.168.5.175:39769], old=null at 0
2019-10-09 13:03:51,377 [3eeab9a4-47d5-4980-9c6e-5102901e869a@group-C24D4FE0C6F2:LeaderElection17] INFO  impl.LeaderElection (LeaderElection.java:logAndReturn(56)) - 3eeab9a4-47d5-4980-9c6e-5102901e869a@group-C24D4FE0C6F2:LeaderElection17: Election REJECTED; received 2 response(s) [3eeab9a4-47d5-4980-9c6e-5102901e869a<-4f75c367-51e4-41c9-9287-4e8dd97f5c38#0:FAIL-t1, 3eeab9a4-47d5-4980-9c6e-5102901e869a<-f0cb1a3f-6ac7-4eb8-9514-6a797ff8471f#0:FAIL-t1] and 0 exception(s); 3eeab9a4-47d5-4980-9c6e-5102901e869a@group-C24D4FE0C6F2:t1, leader=null, voted=3eeab9a4-47d5-4980-9c6e-5102901e869a, raftlog=3eeab9a4-47d5-4980-9c6e-5102901e869a@group-C24D4FE0C6F2-SegmentedRaftLog:OPENED:c-1,f-1,i0, conf=-1: [4f75c367-51e4-41c9-9287-4e8dd97f5c38:192.168.5.175:40325, 3eeab9a4-47d5-4980-9c6e-5102901e869a:192.168.5.175:43254, f0cb1a3f-6ac7-4eb8-9514-6a797ff8471f:192.168.5.175:39769], old=null
2019-10-09 13:03:51,374 [4f75c367-51e4-41c9-9287-4e8dd97f5c38@group-C24D4FE0C6F2:LeaderElection18] INFO  impl.RaftServerImpl (RaftServerImpl.java:setRole(174)) - 4f75c367-51e4-41c9-9287-4e8dd97f5c38@group-C24D4FE0C6F2: changes role from CANDIDATE to FOLLOWER at term 1 for DISCOVERED_A_NEW_TERM
2019-10-09 13:03:51,381 [3eeab9a4-47d5-4980-9c6e-5102901e869a@group-C24D4FE0C6F2:LeaderElection17] INFO  impl.RaftServerImpl (RaftServerImpl.java:setRole(174)) - 3eeab9a4-47d5-4980-9c6e-5102901e869a@group-C24D4FE0C6F2: changes role from CANDIDATE to FOLLOWER at term 1 for DISCOVERED_A_NEW_TERM
2019-10-09 13:03:51,386 [3eeab9a4-47d5-4980-9c6e-5102901e869a@group-C24D4FE0C6F2:LeaderElection17] INFO  impl.RoleInfo (RoleInfo.java:shutdownLeaderElection(134)) - 3eeab9a4-47d5-4980-9c6e-5102901e869a: shutdown LeaderElection
2019-10-09 13:03:51,381 [grpc-default-executor-1] INFO  impl.RaftServerImpl (ServerState.java:setRaftConf(354)) - 4f75c367-51e4-41c9-9287-4e8dd97f5c38@group-75761DEE94FB: set configuration 0: [4f75c367-51e4-41c9-9287-4e8dd97f5c38:192.168.5.175:40325, 3eeab9a4-47d5-4980-9c6e-5102901e869a:192.168.5.175:43254, f0cb1a3f-6ac7-4eb8-9514-6a797ff8471f:192.168.5.175:39769], old=null at 0
2019-10-09 13:03:51,381 [grpc-default-executor-5] INFO  segmented.SegmentedRaftLogWorker (SegmentedRaftLogWorker.java:startLogSegment(380)) - f0cb1a3f-6ac7-4eb8-9514-6a797ff8471f@group-75761DEE94FB-SegmentedRaftLogWorker: Starting segment from index:0
2019-10-09 13:03:51,386 [grpc-default-executor-1] INFO  segmented.SegmentedRaftLogWorker (SegmentedRaftLogWorker.java:startLogSegment(380)) - 4f75c367-51e4-41c9-9287-4e8dd97f5c38@group-75761DEE94FB-SegmentedRaftLogWorker: Starting segment from index:0
2019-10-09 13:03:51,386 [3eeab9a4-47d5-4980-9c6e-5102901e869a@group-C24D4FE0C6F2:LeaderElection17] INFO  impl.RoleInfo (RoleInfo.java:updateAndGet(143)) - 3eeab9a4-47d5-4980-9c6e-5102901e869a: start FollowerState
2019-10-09 13:03:51,384 [4f75c367-51e4-41c9-9287-4e8dd97f5c38@group-C24D4FE0C6F2:LeaderElection18] INFO  impl.RoleInfo (RoleInfo.java:shutdownLeaderElection(134)) - 4f75c367-51e4-41c9-9287-4e8dd97f5c38: shutdown LeaderElection
2019-10-09 13:03:51,415 [Thread-312] INFO  impl.FollowerState (FollowerState.java:run(106)) - f0cb1a3f-6ac7-4eb8-9514-6a797ff8471f:group-F4DE2F4D7E72 changes to CANDIDATE, lastRpcTime:5092, electionTimeout:5072ms
2019-10-09 13:03:51,415 [Thread-314] INFO  impl.FollowerState (FollowerState.java:run(106)) - 3eeab9a4-47d5-4980-9c6e-5102901e869a:group-F4DE2F4D7E72 changes to CANDIDATE, lastRpcTime:5086, electionTimeout:5067ms
2019-10-09 13:03:51,416 [Thread-312] INFO  impl.RoleInfo (RoleInfo.java:shutdownFollowerState(121)) - f0cb1a3f-6ac7-4eb8-9514-6a797ff8471f: shutdown FollowerState
2019-10-09 13:03:51,416 [4f75c367-51e4-41c9-9287-4e8dd97f5c38@group-C24D4FE0C6F2:LeaderElection18] INFO  impl.RoleInfo (RoleInfo.java:updateAndGet(143)) - 4f75c367-51e4-41c9-9287-4e8dd97f5c38: start FollowerState
2019-10-09 13:03:51,416 [Thread-314] INFO  impl.RoleInfo (RoleInfo.java:shutdownFollowerState(121)) - 3eeab9a4-47d5-4980-9c6e-5102901e869a: shutdown FollowerState
2019-10-09 13:03:51,416 [Thread-312] INFO  impl.RaftServerImpl (RaftServerImpl.java:setRole(174)) - f0cb1a3f-6ac7-4eb8-9514-6a797ff8471f@group-F4DE2F4D7E72: changes role from  FOLLOWER to CANDIDATE at term 0 for changeToCandidate
2019-10-09 13:03:51,449 [Thread-314] INFO  impl.RaftServerImpl (RaftServerImpl.java:setRole(174)) - 3eeab9a4-47d5-4980-9c6e-5102901e869a@group-F4DE2F4D7E72: changes role from  FOLLOWER to CANDIDATE at term 0 for changeToCandidate
2019-10-09 13:03:51,449 [Thread-310] INFO  impl.FollowerState (FollowerState.java:run(106)) - 4f75c367-51e4-41c9-9287-4e8dd97f5c38:group-F4DE2F4D7E72 changes to CANDIDATE, lastRpcTime:5127, electionTimeout:5096ms
2019-10-09 13:03:51,449 [f0cb1a3f-6ac7-4eb8-9514-6a797ff8471f@group-75761DEE94FB-SegmentedRaftLogWorker] INFO  segmented.SegmentedRaftLogWorker (SegmentedRaftLogWorker.java:execute(569)) - f0cb1a3f-6ac7-4eb8-9514-6a797ff8471f@group-75761DEE94FB-SegmentedRaftLogWorker: created new log segment /workdir/hadoop-ozone/integration-test/target/test-dir/MiniOzoneClusterImpl-92c4d179-1d16-4416-8bce-4538b25b782c/datanode-0/data/ratis/dc025f63-628d-4b31-b53d-75761dee94fb/current/log_inprogress_0
2019-10-09 13:03:51,450 [Thread-310] INFO  impl.RoleInfo (RoleInfo.java:shutdownFollowerState(121)) - 4f75c367-51e4-41c9-9287-4e8dd97f5c38: shutdown FollowerState
2019-10-09 13:03:51,449 [Thread-314] INFO  impl.RoleInfo (RoleInfo.java:updateAndGet(143)) - 3eeab9a4-47d5-4980-9c6e-5102901e869a: start LeaderElection
2019-10-09 13:03:51,449 [Thread-312] INFO  impl.RoleInfo (RoleInfo.java:updateAndGet(143)) - f0cb1a3f-6ac7-4eb8-9514-6a797ff8471f: start LeaderElection
2019-10-09 13:03:51,450 [Thread-310] INFO  impl.RaftServerImpl (RaftServerImpl.java:setRole(174)) - 4f75c367-51e4-41c9-9287-4e8dd97f5c38@group-F4DE2F4D7E72: changes role from  FOLLOWER to CANDIDATE at term 0 for changeToCandidate
2019-10-09 13:03:51,450 [Thread-310] INFO  impl.RoleInfo (RoleInfo.java:updateAndGet(143)) - 4f75c367-51e4-41c9-9287-4e8dd97f5c38: start LeaderElection
2019-10-09 13:03:51,461 [4f75c367-51e4-41c9-9287-4e8dd97f5c38@group-75761DEE94FB-SegmentedRaftLogWorker] INFO  segmented.SegmentedRaftLogWorker (SegmentedRaftLogWorker.java:execute(569)) - 4f75c367-51e4-41c9-9287-4e8dd97f5c38@group-75761DEE94FB-SegmentedRaftLogWorker: created new log segment /workdir/hadoop-ozone/integration-test/target/test-dir/MiniOzoneClusterImpl-92c4d179-1d16-4416-8bce-4538b25b782c/datanode-2/data/ratis/dc025f63-628d-4b31-b53d-75761dee94fb/current/log_inprogress_0
2019-10-09 13:03:51,461 [f0cb1a3f-6ac7-4eb8-9514-6a797ff8471f@group-F4DE2F4D7E72:LeaderElection19] INFO  impl.LeaderElection (LeaderElection.java:askForVotes(182)) - f0cb1a3f-6ac7-4eb8-9514-6a797ff8471f@group-F4DE2F4D7E72:LeaderElection19: begin an election at term 1 for -1: [4f75c367-51e4-41c9-9287-4e8dd97f5c38:192.168.5.175:40325, 3eeab9a4-47d5-4980-9c6e-5102901e869a:192.168.5.175:43254, f0cb1a3f-6ac7-4eb8-9514-6a797ff8471f:192.168.5.175:39769], old=null
2019-10-09 13:03:51,461 [4f75c367-51e4-41c9-9287-4e8dd97f5c38@group-F4DE2F4D7E72:LeaderElection21] INFO  impl.LeaderElection (LeaderElection.java:askForVotes(182)) - 4f75c367-51e4-41c9-9287-4e8dd97f5c38@group-F4DE2F4D7E72:LeaderElection21: begin an election at term 1 for -1: [4f75c367-51e4-41c9-9287-4e8dd97f5c38:192.168.5.175:40325, 3eeab9a4-47d5-4980-9c6e-5102901e869a:192.168.5.175:43254, f0cb1a3f-6ac7-4eb8-9514-6a797ff8471f:192.168.5.175:39769], old=null
2019-10-09 13:03:51,461 [3eeab9a4-47d5-4980-9c6e-5102901e869a@group-F4DE2F4D7E72:LeaderElection20] INFO  impl.LeaderElection (LeaderElection.java:askForVotes(182)) - 3eeab9a4-47d5-4980-9c6e-5102901e869a@group-F4DE2F4D7E72:LeaderElection20: begin an election at term 1 for -1: [4f75c367-51e4-41c9-9287-4e8dd97f5c38:192.168.5.175:40325, 3eeab9a4-47d5-4980-9c6e-5102901e869a:192.168.5.175:43254, f0cb1a3f-6ac7-4eb8-9514-6a797ff8471f:192.168.5.175:39769], old=null
2019-10-09 13:03:51,469 [Thread-318] INFO  impl.FollowerState (FollowerState.java:run(106)) - 3eeab9a4-47d5-4980-9c6e-5102901e869a:group-153C1C6005E2 changes to CANDIDATE, lastRpcTime:5006, electionTimeout:5006ms
2019-10-09 13:03:51,470 [Thread-318] INFO  impl.RoleInfo (RoleInfo.java:shutdownFollowerState(121)) - 3eeab9a4-47d5-4980-9c6e-5102901e869a: shutdown FollowerState
2019-10-09 13:03:51,470 [Thread-318] INFO  impl.RaftServerImpl (RaftServerImpl.java:setRole(174)) - 3eeab9a4-47d5-4980-9c6e-5102901e869a@group-153C1C6005E2: changes role from  FOLLOWER to CANDIDATE at term 0 for changeToCandidate
2019-10-09 13:03:51,470 [Thread-318] INFO  impl.RoleInfo (RoleInfo.java:updateAndGet(143)) - 3eeab9a4-47d5-4980-9c6e-5102901e869a: start LeaderElection
2019-10-09 13:03:51,478 [4f75c367-51e4-41c9-9287-4e8dd97f5c38@group-F4DE2F4D7E72:LeaderElection21] INFO  impl.LeaderElection (LeaderElection.java:logAndReturn(56)) - 4f75c367-51e4-41c9-9287-4e8dd97f5c38@group-F4DE2F4D7E72:LeaderElection21: Election REJECTED; received 2 response(s) [4f75c367-51e4-41c9-9287-4e8dd97f5c38<-3eeab9a4-47d5-4980-9c6e-5102901e869a#0:FAIL-t1, 4f75c367-51e4-41c9-9287-4e8dd97f5c38<-f0cb1a3f-6ac7-4eb8-9514-6a797ff8471f#0:FAIL-t1] and 0 exception(s); 4f75c367-51e4-41c9-9287-4e8dd97f5c38@group-F4DE2F4D7E72:t1, leader=null, voted=4f75c367-51e4-41c9-9287-4e8dd97f5c38, raftlog=4f75c367-51e4-41c9-9287-4e8dd97f5c38@group-F4DE2F4D7E72-SegmentedRaftLog:OPENED:c-1,f-1,i0, conf=-1: [4f75c367-51e4-41c9-9287-4e8dd97f5c38:192.168.5.175:40325, 3eeab9a4-47d5-4980-9c6e-5102901e869a:192.168.5.175:43254, f0cb1a3f-6ac7-4eb8-9514-6a797ff8471f:192.168.5.175:39769], old=null
2019-10-09 13:03:51,478 [4f75c367-51e4-41c9-9287-4e8dd97f5c38@group-F4DE2F4D7E72:LeaderElection21] INFO  impl.RaftServerImpl (RaftServerImpl.java:setRole(174)) - 4f75c367-51e4-41c9-9287-4e8dd97f5c38@group-F4DE2F4D7E72: changes role from CANDIDATE to FOLLOWER at term 1 for DISCOVERED_A_NEW_TERM
2019-10-09 13:03:51,480 [4f75c367-51e4-41c9-9287-4e8dd97f5c38@group-F4DE2F4D7E72:LeaderElection21] INFO  impl.RoleInfo (RoleInfo.java:shutdownLeaderElection(134)) - 4f75c367-51e4-41c9-9287-4e8dd97f5c38: shutdown LeaderElection
2019-10-09 13:03:51,481 [4f75c367-51e4-41c9-9287-4e8dd97f5c38@group-F4DE2F4D7E72:LeaderElection21] INFO  impl.RoleInfo (RoleInfo.java:updateAndGet(143)) - 4f75c367-51e4-41c9-9287-4e8dd97f5c38: start FollowerState
2019-10-09 13:03:51,484 [3eeab9a4-47d5-4980-9c6e-5102901e869a@group-F4DE2F4D7E72:LeaderElection20] INFO  impl.LeaderElection (LeaderElection.java:logAndReturn(56)) - 3eeab9a4-47d5-4980-9c6e-5102901e869a@group-F4DE2F4D7E72:LeaderElection20: Election REJECTED; received 2 response(s) [3eeab9a4-47d5-4980-9c6e-5102901e869a<-4f75c367-51e4-41c9-9287-4e8dd97f5c38#0:FAIL-t1, 3eeab9a4-47d5-4980-9c6e-5102901e869a<-f0cb1a3f-6ac7-4eb8-9514-6a797ff8471f#0:FAIL-t1] and 0 exception(s); 3eeab9a4-47d5-4980-9c6e-5102901e869a@group-F4DE2F4D7E72:t1, leader=null, voted=3eeab9a4-47d5-4980-9c6e-5102901e869a, raftlog=3eeab9a4-47d5-4980-9c6e-5102901e869a@group-F4DE2F4D7E72-SegmentedRaftLog:OPENED:c-1,f-1,i0, conf=-1: [4f75c367-51e4-41c9-9287-4e8dd97f5c38:192.168.5.175:40325, 3eeab9a4-47d5-4980-9c6e-5102901e869a:192.168.5.175:43254, f0cb1a3f-6ac7-4eb8-9514-6a797ff8471f:192.168.5.175:39769], old=null
2019-10-09 13:03:51,486 [3eeab9a4-47d5-4980-9c6e-5102901e869a@group-F4DE2F4D7E72:LeaderElection20] INFO  impl.RaftServerImpl (RaftServerImpl.java:setRole(174)) - 3eeab9a4-47d5-4980-9c6e-5102901e869a@group-F4DE2F4D7E72: changes role from CANDIDATE to FOLLOWER at term 1 for DISCOVERED_A_NEW_TERM
2019-10-09 13:03:51,488 [f0cb1a3f-6ac7-4eb8-9514-6a797ff8471f@group-F4DE2F4D7E72:LeaderElection19] INFO  impl.LeaderElection (LeaderElection.java:logAndReturn(56)) - f0cb1a3f-6ac7-4eb8-9514-6a797ff8471f@group-F4DE2F4D7E72:LeaderElection19: Election REJECTED; received 2 response(s) [f0cb1a3f-6ac7-4eb8-9514-6a797ff8471f<-4f75c367-51e4-41c9-9287-4e8dd97f5c38#0:FAIL-t1, f0cb1a3f-6ac7-4eb8-9514-6a797ff8471f<-3eeab9a4-47d5-4980-9c6e-5102901e869a#0:FAIL-t1] and 0 exception(s); f0cb1a3f-6ac7-4eb8-9514-6a797ff8471f@group-F4DE2F4D7E72:t1, leader=null, voted=f0cb1a3f-6ac7-4eb8-9514-6a797ff8471f, raftlog=f0cb1a3f-6ac7-4eb8-9514-6a797ff8471f@group-F4DE2F4D7E72-SegmentedRaftLog:OPENED:c-1,f-1,i0, conf=-1: [4f75c367-51e4-41c9-9287-4e8dd97f5c38:192.168.5.175:40325, 3eeab9a4-47d5-4980-9c6e-5102901e869a:192.168.5.175:43254, f0cb1a3f-6ac7-4eb8-9514-6a797ff8471f:192.168.5.175:39769], old=null
2019-10-09 13:03:51,496 [3eeab9a4-47d5-4980-9c6e-5102901e869a@group-F4DE2F4D7E72:LeaderElection20] INFO  impl.RoleInfo (RoleInfo.java:shutdownLeaderElection(134)) - 3eeab9a4-47d5-4980-9c6e-5102901e869a: shutdown LeaderElection
2019-10-09 13:03:51,498 [f0cb1a3f-6ac7-4eb8-9514-6a797ff8471f@group-F4DE2F4D7E72:LeaderElection19] INFO  impl.RaftServerImpl (RaftServerImpl.java:setRole(174)) - f0cb1a3f-6ac7-4eb8-9514-6a797ff8471f@group-F4DE2F4D7E72: changes role from CANDIDATE to FOLLOWER at term 1 for DISCOVERED_A_NEW_TERM
2019-10-09 13:03:51,501 [f0cb1a3f-6ac7-4eb8-9514-6a797ff8471f@group-F4DE2F4D7E72:LeaderElection19] INFO  impl.RoleInfo (RoleInfo.java:shutdownLeaderElection(134)) - f0cb1a3f-6ac7-4eb8-9514-6a797ff8471f: shutdown LeaderElection
2019-10-09 13:03:51,496 [3eeab9a4-47d5-4980-9c6e-5102901e869a@group-153C1C6005E2:LeaderElection22] INFO  impl.LeaderElection (LeaderElection.java:askForVotes(182)) - 3eeab9a4-47d5-4980-9c6e-5102901e869a@group-153C1C6005E2:LeaderElection22: begin an election at term 1 for -1: [4f75c367-51e4-41c9-9287-4e8dd97f5c38:192.168.5.175:40325, 3eeab9a4-47d5-4980-9c6e-5102901e869a:192.168.5.175:43254, f0cb1a3f-6ac7-4eb8-9514-6a797ff8471f:192.168.5.175:39769], old=null
2019-10-09 13:03:51,506 [f0cb1a3f-6ac7-4eb8-9514-6a797ff8471f@group-F4DE2F4D7E72:LeaderElection19] INFO  impl.RoleInfo (RoleInfo.java:updateAndGet(143)) - f0cb1a3f-6ac7-4eb8-9514-6a797ff8471f: start FollowerState
2019-10-09 13:03:51,506 [3eeab9a4-47d5-4980-9c6e-5102901e869a@group-F4DE2F4D7E72:LeaderElection20] INFO  impl.RoleInfo (RoleInfo.java:updateAndGet(143)) - 3eeab9a4-47d5-4980-9c6e-5102901e869a: start FollowerState
2019-10-09 13:03:51,510 [grpc-default-executor-5] INFO  impl.RaftServerImpl (RaftServerImpl.java:setRole(174)) - 4f75c367-51e4-41c9-9287-4e8dd97f5c38@group-153C1C6005E2: changes role from  FOLLOWER to FOLLOWER at term 1 for recognizeCandidate:3eeab9a4-47d5-4980-9c6e-5102901e869a
2019-10-09 13:03:51,510 [grpc-default-executor-5] INFO  impl.RoleInfo (RoleInfo.java:shutdownFollowerState(121)) - 4f75c367-51e4-41c9-9287-4e8dd97f5c38: shutdown FollowerState
2019-10-09 13:03:51,510 [grpc-default-executor-5] INFO  impl.RoleInfo (RoleInfo.java:updateAndGet(143)) - 4f75c367-51e4-41c9-9287-4e8dd97f5c38: start FollowerState
2019-10-09 13:03:51,510 [Thread-323] INFO  impl.FollowerState (FollowerState.java:run(115)) - 4f75c367-51e4-41c9-9287-4e8dd97f5c38: FollowerState was interrupted: java.lang.InterruptedException: sleep interrupted
2019-10-09 13:03:51,510 [grpc-default-executor-1] INFO  impl.RaftServerImpl (RaftServerImpl.java:setRole(174)) - f0cb1a3f-6ac7-4eb8-9514-6a797ff8471f@group-153C1C6005E2: changes role from  FOLLOWER to FOLLOWER at term 1 for recognizeCandidate:3eeab9a4-47d5-4980-9c6e-5102901e869a
2019-10-09 13:03:51,510 [grpc-default-executor-1] INFO  impl.RoleInfo (RoleInfo.java:shutdownFollowerState(121)) - f0cb1a3f-6ac7-4eb8-9514-6a797ff8471f: shutdown FollowerState
2019-10-09 13:03:51,510 [grpc-default-executor-1] INFO  impl.RoleInfo (RoleInfo.java:updateAndGet(143)) - f0cb1a3f-6ac7-4eb8-9514-6a797ff8471f: start FollowerState
2019-10-09 13:03:51,511 [Thread-322] INFO  impl.FollowerState (FollowerState.java:run(115)) - f0cb1a3f-6ac7-4eb8-9514-6a797ff8471f: FollowerState was interrupted: java.lang.InterruptedException: sleep interrupted
2019-10-09 13:03:51,544 [3eeab9a4-47d5-4980-9c6e-5102901e869a@group-153C1C6005E2:LeaderElection22] INFO  impl.LeaderElection (LeaderElection.java:logAndReturn(56)) - 3eeab9a4-47d5-4980-9c6e-5102901e869a@group-153C1C6005E2:LeaderElection22: Election PASSED; received 1 response(s) [3eeab9a4-47d5-4980-9c6e-5102901e869a<-4f75c367-51e4-41c9-9287-4e8dd97f5c38#0:OK-t1] and 0 exception(s); 3eeab9a4-47d5-4980-9c6e-5102901e869a@group-153C1C6005E2:t1, leader=null, voted=3eeab9a4-47d5-4980-9c6e-5102901e869a, raftlog=3eeab9a4-47d5-4980-9c6e-5102901e869a@group-153C1C6005E2-SegmentedRaftLog:OPENED:c-1,f-1,i0, conf=-1: [4f75c367-51e4-41c9-9287-4e8dd97f5c38:192.168.5.175:40325, 3eeab9a4-47d5-4980-9c6e-5102901e869a:192.168.5.175:43254, f0cb1a3f-6ac7-4eb8-9514-6a797ff8471f:192.168.5.175:39769], old=null
2019-10-09 13:03:51,544 [3eeab9a4-47d5-4980-9c6e-5102901e869a@group-153C1C6005E2:LeaderElection22] INFO  impl.RoleInfo (RoleInfo.java:shutdownLeaderElection(134)) - 3eeab9a4-47d5-4980-9c6e-5102901e869a: shutdown LeaderElection
2019-10-09 13:03:51,545 [3eeab9a4-47d5-4980-9c6e-5102901e869a@group-153C1C6005E2:LeaderElection22] INFO  impl.RaftServerImpl (RaftServerImpl.java:setRole(174)) - 3eeab9a4-47d5-4980-9c6e-5102901e869a@group-153C1C6005E2: changes role from CANDIDATE to LEADER at term 1 for changeToLeader
2019-10-09 13:03:51,545 [3eeab9a4-47d5-4980-9c6e-5102901e869a@group-153C1C6005E2:LeaderElection22] INFO  impl.RaftServerImpl (ServerState.java:setLeader(253)) - 3eeab9a4-47d5-4980-9c6e-5102901e869a@group-153C1C6005E2: change Leader from null to 3eeab9a4-47d5-4980-9c6e-5102901e869a at term 1 for becomeLeader, leader elected after 5092ms
2019-10-09 13:03:51,545 [3eeab9a4-47d5-4980-9c6e-5102901e869a@group-153C1C6005E2:LeaderElection22] INFO  server.RaftServerConfigKeys (ConfUtils.java:logGet(43)) - raft.server.staging.catchup.gap = 1000 (default)
2019-10-09 13:03:51,545 [3eeab9a4-47d5-4980-9c6e-5102901e869a@group-153C1C6005E2:LeaderElection22] INFO  server.RaftServerConfigKeys (ConfUtils.java:logGet(43)) - raft.server.rpc.sleep.time = 25ms (default)
2019-10-09 13:03:51,545 [3eeab9a4-47d5-4980-9c6e-5102901e869a@group-153C1C6005E2:LeaderElection22] INFO  server.RaftServerConfigKeys (ConfUtils.java:logGet(43)) - raft.server.write.element-limit = 4096 (default)
2019-10-09 13:03:51,545 [3eeab9a4-47d5-4980-9c6e-5102901e869a@group-153C1C6005E2:LeaderElection22] INFO  server.RaftServerConfigKeys (ConfUtils.java:logGet(43)) - raft.server.watch.timeout = 10s (default)
2019-10-09 13:03:51,546 [3eeab9a4-47d5-4980-9c6e-5102901e869a@group-153C1C6005E2:LeaderElection22] INFO  server.RaftServerConfigKeys (ConfUtils.java:logGet(43)) - raft.server.watch.timeout.denomination = 1s (default)
2019-10-09 13:03:51,546 [3eeab9a4-47d5-4980-9c6e-5102901e869a@group-153C1C6005E2:LeaderElection22] INFO  server.RaftServerConfigKeys (ConfUtils.java:logGet(43)) - raft.server.watch.element-limit = 65536 (default)
2019-10-09 13:03:51,548 [3eeab9a4-47d5-4980-9c6e-5102901e869a@group-153C1C6005E2:LeaderElection22] INFO  server.RaftServerConfigKeys (ConfUtils.java:logGet(43)) - raft.server.log.appender.snapshot.chunk.size.max = 16MB (=16777216) (default)
2019-10-09 13:03:51,548 [3eeab9a4-47d5-4980-9c6e-5102901e869a@group-153C1C6005E2:LeaderElection22] INFO  server.RaftServerConfigKeys (ConfUtils.java:logGet(43)) - raft.server.log.appender.buffer.byte-limit = 33554432 (custom)
2019-10-09 13:03:51,548 [3eeab9a4-47d5-4980-9c6e-5102901e869a@group-153C1C6005E2:LeaderElection22] INFO  server.RaftServerConfigKeys (ConfUtils.java:logGet(43)) - raft.server.log.appender.buffer.element-limit = 1 (custom)
2019-10-09 13:03:51,548 [3eeab9a4-47d5-4980-9c6e-5102901e869a@group-153C1C6005E2:LeaderElection22] INFO  grpc.GrpcConfigKeys$Server (ConfUtils.java:logGet(43)) - raft.grpc.server.leader.outstanding.appends.max = 128 (default)
2019-10-09 13:03:51,549 [3eeab9a4-47d5-4980-9c6e-5102901e869a@group-153C1C6005E2:LeaderElection22] INFO  server.RaftServerConfigKeys (ConfUtils.java:logGet(43)) - raft.server.rpc.request.timeout = 3000ms (default)
2019-10-09 13:03:51,549 [3eeab9a4-47d5-4980-9c6e-5102901e869a@group-153C1C6005E2:LeaderElection22] INFO  server.RaftServerConfigKeys (ConfUtils.java:logGet(43)) - raft.server.log.appender.install.snapshot.enabled = false (custom)
2019-10-09 13:03:51,549 [3eeab9a4-47d5-4980-9c6e-5102901e869a@group-153C1C6005E2:LeaderElection22] INFO  server.RaftServerConfigKeys (ConfUtils.java:logGet(43)) - raft.server.log.appender.snapshot.chunk.size.max = 16MB (=16777216) (default)
2019-10-09 13:03:51,549 [3eeab9a4-47d5-4980-9c6e-5102901e869a@group-153C1C6005E2:LeaderElection22] INFO  server.RaftServerConfigKeys (ConfUtils.java:logGet(43)) - raft.server.log.appender.buffer.byte-limit = 33554432 (custom)
2019-10-09 13:03:51,549 [3eeab9a4-47d5-4980-9c6e-5102901e869a@group-153C1C6005E2:LeaderElection22] INFO  server.RaftServerConfigKeys (ConfUtils.java:logGet(43)) - raft.server.log.appender.buffer.element-limit = 1 (custom)
2019-10-09 13:03:51,549 [3eeab9a4-47d5-4980-9c6e-5102901e869a@group-153C1C6005E2:LeaderElection22] INFO  grpc.GrpcConfigKeys$Server (ConfUtils.java:logGet(43)) - raft.grpc.server.leader.outstanding.appends.max = 128 (default)
2019-10-09 13:03:51,550 [3eeab9a4-47d5-4980-9c6e-5102901e869a@group-153C1C6005E2:LeaderElection22] INFO  server.RaftServerConfigKeys (ConfUtils.java:logGet(43)) - raft.server.rpc.request.timeout = 3000ms (default)
2019-10-09 13:03:51,550 [3eeab9a4-47d5-4980-9c6e-5102901e869a@group-153C1C6005E2:LeaderElection22] INFO  server.RaftServerConfigKeys (ConfUtils.java:logGet(43)) - raft.server.log.appender.install.snapshot.enabled = false (custom)
2019-10-09 13:03:51,550 [3eeab9a4-47d5-4980-9c6e-5102901e869a@group-153C1C6005E2:LeaderElection22] INFO  impl.RoleInfo (RoleInfo.java:updateAndGet(143)) - 3eeab9a4-47d5-4980-9c6e-5102901e869a: start LeaderState
2019-10-09 13:03:51,550 [3eeab9a4-47d5-4980-9c6e-5102901e869a@group-153C1C6005E2:LeaderElection22] INFO  segmented.SegmentedRaftLogWorker (SegmentedRaftLogWorker.java:startLogSegment(380)) - 3eeab9a4-47d5-4980-9c6e-5102901e869a@group-153C1C6005E2-SegmentedRaftLogWorker: Starting segment from index:0
2019-10-09 13:03:51,551 [3eeab9a4-47d5-4980-9c6e-5102901e869a@group-153C1C6005E2:LeaderElection22] INFO  impl.RaftServerImpl (ServerState.java:setRaftConf(354)) - 3eeab9a4-47d5-4980-9c6e-5102901e869a@group-153C1C6005E2: set configuration 0: [4f75c367-51e4-41c9-9287-4e8dd97f5c38:192.168.5.175:40325, 3eeab9a4-47d5-4980-9c6e-5102901e869a:192.168.5.175:43254, f0cb1a3f-6ac7-4eb8-9514-6a797ff8471f:192.168.5.175:39769], old=null at 0
2019-10-09 13:03:51,595 [grpc-default-executor-5] INFO  impl.RaftServerImpl (ServerState.java:setLeader(253)) - f0cb1a3f-6ac7-4eb8-9514-6a797ff8471f@group-153C1C6005E2: change Leader from null to 3eeab9a4-47d5-4980-9c6e-5102901e869a at term 1 for appendEntries, leader elected after 5142ms
2019-10-09 13:03:51,595 [grpc-default-executor-1] INFO  impl.RaftServerImpl (ServerState.java:setLeader(253)) - 4f75c367-51e4-41c9-9287-4e8dd97f5c38@group-153C1C6005E2: change Leader from null to 3eeab9a4-47d5-4980-9c6e-5102901e869a at term 1 for appendEntries, leader elected after 5143ms
2019-10-09 13:03:51,602 [grpc-default-executor-5] INFO  impl.RaftServerImpl (ServerState.java:setRaftConf(354)) - f0cb1a3f-6ac7-4eb8-9514-6a797ff8471f@group-153C1C6005E2: set configuration 0: [4f75c367-51e4-41c9-9287-4e8dd97f5c38:192.168.5.175:40325, 3eeab9a4-47d5-4980-9c6e-5102901e869a:192.168.5.175:43254, f0cb1a3f-6ac7-4eb8-9514-6a797ff8471f:192.168.5.175:39769], old=null at 0
2019-10-09 13:03:51,602 [grpc-default-executor-5] INFO  segmented.SegmentedRaftLogWorker (SegmentedRaftLogWorker.java:startLogSegment(380)) - f0cb1a3f-6ac7-4eb8-9514-6a797ff8471f@group-153C1C6005E2-SegmentedRaftLogWorker: Starting segment from index:0
2019-10-09 13:03:51,604 [grpc-default-executor-1] INFO  impl.RaftServerImpl (ServerState.java:setRaftConf(354)) - 4f75c367-51e4-41c9-9287-4e8dd97f5c38@group-153C1C6005E2: set configuration 0: [4f75c367-51e4-41c9-9287-4e8dd97f5c38:192.168.5.175:40325, 3eeab9a4-47d5-4980-9c6e-5102901e869a:192.168.5.175:43254, f0cb1a3f-6ac7-4eb8-9514-6a797ff8471f:192.168.5.175:39769], old=null at 0
2019-10-09 13:03:51,605 [grpc-default-executor-1] INFO  segmented.SegmentedRaftLogWorker (SegmentedRaftLogWorker.java:startLogSegment(380)) - 4f75c367-51e4-41c9-9287-4e8dd97f5c38@group-153C1C6005E2-SegmentedRaftLogWorker: Starting segment from index:0
2019-10-09 13:03:51,610 [3eeab9a4-47d5-4980-9c6e-5102901e869a@group-153C1C6005E2-SegmentedRaftLogWorker] INFO  segmented.SegmentedRaftLogWorker (SegmentedRaftLogWorker.java:execute(569)) - 3eeab9a4-47d5-4980-9c6e-5102901e869a@group-153C1C6005E2-SegmentedRaftLogWorker: created new log segment /workdir/hadoop-ozone/integration-test/target/test-dir/MiniOzoneClusterImpl-92c4d179-1d16-4416-8bce-4538b25b782c/datanode-4/data/ratis/37c8a01b-3624-420c-8a61-153c1c6005e2/current/log_inprogress_0
2019-10-09 13:03:51,646 [f0cb1a3f-6ac7-4eb8-9514-6a797ff8471f@group-153C1C6005E2-SegmentedRaftLogWorker] INFO  segmented.SegmentedRaftLogWorker (SegmentedRaftLogWorker.java:execute(569)) - f0cb1a3f-6ac7-4eb8-9514-6a797ff8471f@group-153C1C6005E2-SegmentedRaftLogWorker: created new log segment /workdir/hadoop-ozone/integration-test/target/test-dir/MiniOzoneClusterImpl-92c4d179-1d16-4416-8bce-4538b25b782c/datanode-0/data/ratis/37c8a01b-3624-420c-8a61-153c1c6005e2/current/log_inprogress_0
2019-10-09 13:03:51,646 [4f75c367-51e4-41c9-9287-4e8dd97f5c38@group-153C1C6005E2-SegmentedRaftLogWorker] INFO  segmented.SegmentedRaftLogWorker (SegmentedRaftLogWorker.java:execute(569)) - 4f75c367-51e4-41c9-9287-4e8dd97f5c38@group-153C1C6005E2-SegmentedRaftLogWorker: created new log segment /workdir/hadoop-ozone/integration-test/target/test-dir/MiniOzoneClusterImpl-92c4d179-1d16-4416-8bce-4538b25b782c/datanode-2/data/ratis/37c8a01b-3624-420c-8a61-153c1c6005e2/current/log_inprogress_0
2019-10-09 13:03:56,192 [Thread-377] INFO  impl.FollowerState (FollowerState.java:run(106)) - 3eeab9a4-47d5-4980-9c6e-5102901e869a:group-DDAC6CD64C05 changes to CANDIDATE, lastRpcTime:5029, electionTimeout:5019ms
2019-10-09 13:03:56,193 [Thread-377] INFO  impl.RoleInfo (RoleInfo.java:shutdownFollowerState(121)) - 3eeab9a4-47d5-4980-9c6e-5102901e869a: shutdown FollowerState
2019-10-09 13:03:56,193 [Thread-377] INFO  impl.RaftServerImpl (RaftServerImpl.java:setRole(174)) - 3eeab9a4-47d5-4980-9c6e-5102901e869a@group-DDAC6CD64C05: changes role from  FOLLOWER to CANDIDATE at term 1 for changeToCandidate
2019-10-09 13:03:56,194 [Thread-377] INFO  impl.RoleInfo (RoleInfo.java:updateAndGet(143)) - 3eeab9a4-47d5-4980-9c6e-5102901e869a: start LeaderElection
2019-10-09 13:03:56,219 [3eeab9a4-47d5-4980-9c6e-5102901e869a@group-DDAC6CD64C05:LeaderElection23] INFO  impl.LeaderElection (LeaderElection.java:askForVotes(182)) - 3eeab9a4-47d5-4980-9c6e-5102901e869a@group-DDAC6CD64C05:LeaderElection23: begin an election at term 2 for -1: [4f75c367-51e4-41c9-9287-4e8dd97f5c38:192.168.5.175:40325, 3eeab9a4-47d5-4980-9c6e-5102901e869a:192.168.5.175:43254, f0cb1a3f-6ac7-4eb8-9514-6a797ff8471f:192.168.5.175:39769], old=null
2019-10-09 13:03:56,225 [grpc-default-executor-0] INFO  impl.RaftServerImpl (RaftServerImpl.java:setRole(174)) - f0cb1a3f-6ac7-4eb8-9514-6a797ff8471f@group-DDAC6CD64C05: changes role from  FOLLOWER to FOLLOWER at term 2 for recognizeCandidate:3eeab9a4-47d5-4980-9c6e-5102901e869a
2019-10-09 13:03:56,225 [grpc-default-executor-5] INFO  impl.RaftServerImpl (RaftServerImpl.java:setRole(174)) - 4f75c367-51e4-41c9-9287-4e8dd97f5c38@group-DDAC6CD64C05: changes role from  FOLLOWER to FOLLOWER at term 2 for recognizeCandidate:3eeab9a4-47d5-4980-9c6e-5102901e869a
2019-10-09 13:03:56,225 [grpc-default-executor-0] INFO  impl.RoleInfo (RoleInfo.java:shutdownFollowerState(121)) - f0cb1a3f-6ac7-4eb8-9514-6a797ff8471f: shutdown FollowerState
2019-10-09 13:03:56,226 [grpc-default-executor-5] INFO  impl.RoleInfo (RoleInfo.java:shutdownFollowerState(121)) - 4f75c367-51e4-41c9-9287-4e8dd97f5c38: shutdown FollowerState
2019-10-09 13:03:56,226 [Thread-387] INFO  impl.FollowerState (FollowerState.java:run(115)) - f0cb1a3f-6ac7-4eb8-9514-6a797ff8471f: FollowerState was interrupted: java.lang.InterruptedException: sleep interrupted
2019-10-09 13:03:56,226 [grpc-default-executor-5] INFO  impl.RoleInfo (RoleInfo.java:updateAndGet(143)) - 4f75c367-51e4-41c9-9287-4e8dd97f5c38: start FollowerState
2019-10-09 13:03:56,226 [grpc-default-executor-0] INFO  impl.RoleInfo (RoleInfo.java:updateAndGet(143)) - f0cb1a3f-6ac7-4eb8-9514-6a797ff8471f: start FollowerState
2019-10-09 13:03:56,226 [Thread-380] INFO  impl.FollowerState (FollowerState.java:run(115)) - 4f75c367-51e4-41c9-9287-4e8dd97f5c38: FollowerState was interrupted: java.lang.InterruptedException: sleep interrupted
2019-10-09 13:03:56,243 [3eeab9a4-47d5-4980-9c6e-5102901e869a@group-DDAC6CD64C05:LeaderElection23] INFO  impl.LeaderElection (LeaderElection.java:logAndReturn(56)) - 3eeab9a4-47d5-4980-9c6e-5102901e869a@group-DDAC6CD64C05:LeaderElection23: Election PASSED; received 1 response(s) [3eeab9a4-47d5-4980-9c6e-5102901e869a<-4f75c367-51e4-41c9-9287-4e8dd97f5c38#0:OK-t2] and 0 exception(s); 3eeab9a4-47d5-4980-9c6e-5102901e869a@group-DDAC6CD64C05:t2, leader=null, voted=3eeab9a4-47d5-4980-9c6e-5102901e869a, raftlog=3eeab9a4-47d5-4980-9c6e-5102901e869a@group-DDAC6CD64C05-SegmentedRaftLog:OPENED:c-1,f-1,i0, conf=-1: [4f75c367-51e4-41c9-9287-4e8dd97f5c38:192.168.5.175:40325, 3eeab9a4-47d5-4980-9c6e-5102901e869a:192.168.5.175:43254, f0cb1a3f-6ac7-4eb8-9514-6a797ff8471f:192.168.5.175:39769], old=null
2019-10-09 13:03:56,243 [3eeab9a4-47d5-4980-9c6e-5102901e869a@group-DDAC6CD64C05:LeaderElection23] INFO  impl.RoleInfo (RoleInfo.java:shutdownLeaderElection(134)) - 3eeab9a4-47d5-4980-9c6e-5102901e869a: shutdown LeaderElection
2019-10-09 13:03:56,243 [3eeab9a4-47d5-4980-9c6e-5102901e869a@group-DDAC6CD64C05:LeaderElection23] INFO  impl.RaftServerImpl (RaftServerImpl.java:setRole(174)) - 3eeab9a4-47d5-4980-9c6e-5102901e869a@group-DDAC6CD64C05: changes role from CANDIDATE to LEADER at term 2 for changeToLeader
2019-10-09 13:03:56,243 [3eeab9a4-47d5-4980-9c6e-5102901e869a@group-DDAC6CD64C05:LeaderElection23] INFO  impl.RaftServerImpl (ServerState.java:setLeader(253)) - 3eeab9a4-47d5-4980-9c6e-5102901e869a@group-DDAC6CD64C05: change Leader from null to 3eeab9a4-47d5-4980-9c6e-5102901e869a at term 2 for becomeLeader, leader elected after 10341ms
2019-10-09 13:03:56,244 [3eeab9a4-47d5-4980-9c6e-5102901e869a@group-DDAC6CD64C05:LeaderElection23] INFO  server.RaftServerConfigKeys (ConfUtils.java:logGet(43)) - raft.server.staging.catchup.gap = 1000 (default)
2019-10-09 13:03:56,244 [3eeab9a4-47d5-4980-9c6e-5102901e869a@group-DDAC6CD64C05:LeaderElection23] INFO  server.RaftServerConfigKeys (ConfUtils.java:logGet(43)) - raft.server.rpc.sleep.time = 25ms (default)
2019-10-09 13:03:56,244 [3eeab9a4-47d5-4980-9c6e-5102901e869a@group-DDAC6CD64C05:LeaderElection23] INFO  server.RaftServerConfigKeys (ConfUtils.java:logGet(43)) - raft.server.write.element-limit = 4096 (default)
2019-10-09 13:03:56,244 [3eeab9a4-47d5-4980-9c6e-5102901e869a@group-DDAC6CD64C05:LeaderElection23] INFO  server.RaftServerConfigKeys (ConfUtils.java:logGet(43)) - raft.server.watch.timeout = 10s (default)
2019-10-09 13:03:56,244 [3eeab9a4-47d5-4980-9c6e-5102901e869a@group-DDAC6CD64C05:LeaderElection23] INFO  server.RaftServerConfigKeys (ConfUtils.java:logGet(43)) - raft.server.watch.timeout.denomination = 1s (default)
2019-10-09 13:03:56,245 [3eeab9a4-47d5-4980-9c6e-5102901e869a@group-DDAC6CD64C05:LeaderElection23] INFO  server.RaftServerConfigKeys (ConfUtils.java:logGet(43)) - raft.server.watch.element-limit = 65536 (default)
2019-10-09 13:03:56,249 [3eeab9a4-47d5-4980-9c6e-5102901e869a@group-DDAC6CD64C05:LeaderElection23] INFO  server.RaftServerConfigKeys (ConfUtils.java:logGet(43)) - raft.server.log.appender.snapshot.chunk.size.max = 16MB (=16777216) (default)
2019-10-09 13:03:56,249 [3eeab9a4-47d5-4980-9c6e-5102901e869a@group-DDAC6CD64C05:LeaderElection23] INFO  server.RaftServerConfigKeys (ConfUtils.java:logGet(43)) - raft.server.log.appender.buffer.byte-limit = 33554432 (custom)
2019-10-09 13:03:56,249 [3eeab9a4-47d5-4980-9c6e-5102901e869a@group-DDAC6CD64C05:LeaderElection23] INFO  server.RaftServerConfigKeys (ConfUtils.java:logGet(43)) - raft.server.log.appender.buffer.element-limit = 1 (custom)
2019-10-09 13:03:56,249 [3eeab9a4-47d5-4980-9c6e-5102901e869a@group-DDAC6CD64C05:LeaderElection23] INFO  grpc.GrpcConfigKeys$Server (ConfUtils.java:logGet(43)) - raft.grpc.server.leader.outstanding.appends.max = 128 (default)
2019-10-09 13:03:56,250 [3eeab9a4-47d5-4980-9c6e-5102901e869a@group-DDAC6CD64C05:LeaderElection23] INFO  server.RaftServerConfigKeys (ConfUtils.java:logGet(43)) - raft.server.rpc.request.timeout = 3000ms (default)
2019-10-09 13:03:56,250 [3eeab9a4-47d5-4980-9c6e-5102901e869a@group-DDAC6CD64C05:LeaderElection23] INFO  server.RaftServerConfigKeys (ConfUtils.java:logGet(43)) - raft.server.log.appender.install.snapshot.enabled = false (custom)
2019-10-09 13:03:56,250 [3eeab9a4-47d5-4980-9c6e-5102901e869a@group-DDAC6CD64C05:LeaderElection23] INFO  server.RaftServerConfigKeys (ConfUtils.java:logGet(43)) - raft.server.log.appender.snapshot.chunk.size.max = 16MB (=16777216) (default)
2019-10-09 13:03:56,250 [3eeab9a4-47d5-4980-9c6e-5102901e869a@group-DDAC6CD64C05:LeaderElection23] INFO  server.RaftServerConfigKeys (ConfUtils.java:logGet(43)) - raft.server.log.appender.buffer.byte-limit = 33554432 (custom)
2019-10-09 13:03:56,251 [3eeab9a4-47d5-4980-9c6e-5102901e869a@group-DDAC6CD64C05:LeaderElection23] INFO  server.RaftServerConfigKeys (ConfUtils.java:logGet(43)) - raft.server.log.appender.buffer.element-limit = 1 (custom)
2019-10-09 13:03:56,251 [3eeab9a4-47d5-4980-9c6e-5102901e869a@group-DDAC6CD64C05:LeaderElection23] INFO  grpc.GrpcConfigKeys$Server (ConfUtils.java:logGet(43)) - raft.grpc.server.leader.outstanding.appends.max = 128 (default)
2019-10-09 13:03:56,251 [3eeab9a4-47d5-4980-9c6e-5102901e869a@group-DDAC6CD64C05:LeaderElection23] INFO  server.RaftServerConfigKeys (ConfUtils.java:logGet(43)) - raft.server.rpc.request.timeout = 3000ms (default)
2019-10-09 13:03:56,251 [3eeab9a4-47d5-4980-9c6e-5102901e869a@group-DDAC6CD64C05:LeaderElection23] INFO  server.RaftServerConfigKeys (ConfUtils.java:logGet(43)) - raft.server.log.appender.install.snapshot.enabled = false (custom)
2019-10-09 13:03:56,252 [3eeab9a4-47d5-4980-9c6e-5102901e869a@group-DDAC6CD64C05:LeaderElection23] INFO  impl.RoleInfo (RoleInfo.java:updateAndGet(143)) - 3eeab9a4-47d5-4980-9c6e-5102901e869a: start LeaderState
2019-10-09 13:03:56,252 [3eeab9a4-47d5-4980-9c6e-5102901e869a@group-DDAC6CD64C05:LeaderElection23] INFO  segmented.SegmentedRaftLogWorker (SegmentedRaftLogWorker.java:startLogSegment(380)) - 3eeab9a4-47d5-4980-9c6e-5102901e869a@group-DDAC6CD64C05-SegmentedRaftLogWorker: Starting segment from index:0
2019-10-09 13:03:56,253 [3eeab9a4-47d5-4980-9c6e-5102901e869a@group-DDAC6CD64C05:LeaderElection23] INFO  impl.RaftServerImpl (ServerState.java:setRaftConf(354)) - 3eeab9a4-47d5-4980-9c6e-5102901e869a@group-DDAC6CD64C05: set configuration 0: [4f75c367-51e4-41c9-9287-4e8dd97f5c38:192.168.5.175:40325, 3eeab9a4-47d5-4980-9c6e-5102901e869a:192.168.5.175:43254, f0cb1a3f-6ac7-4eb8-9514-6a797ff8471f:192.168.5.175:39769], old=null at 0
2019-10-09 13:03:56,294 [grpc-default-executor-5] INFO  impl.RaftServerImpl (ServerState.java:setLeader(253)) - f0cb1a3f-6ac7-4eb8-9514-6a797ff8471f@group-DDAC6CD64C05: change Leader from null to 3eeab9a4-47d5-4980-9c6e-5102901e869a at term 2 for appendEntries, leader elected after 10391ms
2019-10-09 13:03:56,294 [grpc-default-executor-0] INFO  impl.RaftServerImpl (ServerState.java:setLeader(253)) - 4f75c367-51e4-41c9-9287-4e8dd97f5c38@group-DDAC6CD64C05: change Leader from null to 3eeab9a4-47d5-4980-9c6e-5102901e869a at term 2 for appendEntries, leader elected after 10392ms
2019-10-09 13:03:56,301 [grpc-default-executor-0] INFO  impl.RaftServerImpl (ServerState.java:setRaftConf(354)) - f0cb1a3f-6ac7-4eb8-9514-6a797ff8471f@group-DDAC6CD64C05: set configuration 0: [4f75c367-51e4-41c9-9287-4e8dd97f5c38:192.168.5.175:40325, 3eeab9a4-47d5-4980-9c6e-5102901e869a:192.168.5.175:43254, f0cb1a3f-6ac7-4eb8-9514-6a797ff8471f:192.168.5.175:39769], old=null at 0
2019-10-09 13:03:56,302 [grpc-default-executor-0] INFO  segmented.SegmentedRaftLogWorker (SegmentedRaftLogWorker.java:startLogSegment(380)) - f0cb1a3f-6ac7-4eb8-9514-6a797ff8471f@group-DDAC6CD64C05-SegmentedRaftLogWorker: Starting segment from index:0
2019-10-09 13:03:56,302 [grpc-default-executor-5] INFO  impl.RaftServerImpl (ServerState.java:setRaftConf(354)) - 4f75c367-51e4-41c9-9287-4e8dd97f5c38@group-DDAC6CD64C05: set configuration 0: [4f75c367-51e4-41c9-9287-4e8dd97f5c38:192.168.5.175:40325, 3eeab9a4-47d5-4980-9c6e-5102901e869a:192.168.5.175:43254, f0cb1a3f-6ac7-4eb8-9514-6a797ff8471f:192.168.5.175:39769], old=null at 0
2019-10-09 13:03:56,303 [grpc-default-executor-5] INFO  segmented.SegmentedRaftLogWorker (SegmentedRaftLogWorker.java:startLogSegment(380)) - 4f75c367-51e4-41c9-9287-4e8dd97f5c38@group-DDAC6CD64C05-SegmentedRaftLogWorker: Starting segment from index:0
2019-10-09 13:03:56,304 [3eeab9a4-47d5-4980-9c6e-5102901e869a@group-DDAC6CD64C05-SegmentedRaftLogWorker] INFO  segmented.SegmentedRaftLogWorker (SegmentedRaftLogWorker.java:execute(569)) - 3eeab9a4-47d5-4980-9c6e-5102901e869a@group-DDAC6CD64C05-SegmentedRaftLogWorker: created new log segment /workdir/hadoop-ozone/integration-test/target/test-dir/MiniOzoneClusterImpl-92c4d179-1d16-4416-8bce-4538b25b782c/datanode-4/data/ratis/600c02ec-5a9f-45c6-8688-ddac6cd64c05/current/log_inprogress_0
2019-10-09 13:03:56,350 [f0cb1a3f-6ac7-4eb8-9514-6a797ff8471f@group-DDAC6CD64C05-SegmentedRaftLogWorker] INFO  segmented.SegmentedRaftLogWorker (SegmentedRaftLogWorker.java:execute(569)) - f0cb1a3f-6ac7-4eb8-9514-6a797ff8471f@group-DDAC6CD64C05-SegmentedRaftLogWorker: created new log segment /workdir/hadoop-ozone/integration-test/target/test-dir/MiniOzoneClusterImpl-92c4d179-1d16-4416-8bce-4538b25b782c/datanode-0/data/ratis/600c02ec-5a9f-45c6-8688-ddac6cd64c05/current/log_inprogress_0
2019-10-09 13:03:56,350 [4f75c367-51e4-41c9-9287-4e8dd97f5c38@group-DDAC6CD64C05-SegmentedRaftLogWorker] INFO  segmented.SegmentedRaftLogWorker (SegmentedRaftLogWorker.java:execute(569)) - 4f75c367-51e4-41c9-9287-4e8dd97f5c38@group-DDAC6CD64C05-SegmentedRaftLogWorker: created new log segment /workdir/hadoop-ozone/integration-test/target/test-dir/MiniOzoneClusterImpl-92c4d179-1d16-4416-8bce-4538b25b782c/datanode-2/data/ratis/600c02ec-5a9f-45c6-8688-ddac6cd64c05/current/log_inprogress_0
2019-10-09 13:03:56,382 [Thread-416] INFO  impl.FollowerState (FollowerState.java:run(106)) - f0cb1a3f-6ac7-4eb8-9514-6a797ff8471f:group-C24D4FE0C6F2 changes to CANDIDATE, lastRpcTime:5014, electionTimeout:5012ms
2019-10-09 13:03:56,383 [Thread-416] INFO  impl.RoleInfo (RoleInfo.java:shutdownFollowerState(121)) - f0cb1a3f-6ac7-4eb8-9514-6a797ff8471f: shutdown FollowerState
2019-10-09 13:03:56,383 [Thread-416] INFO  impl.RaftServerImpl (RaftServerImpl.java:setRole(174)) - f0cb1a3f-6ac7-4eb8-9514-6a797ff8471f@group-C24D4FE0C6F2: changes role from  FOLLOWER to CANDIDATE at term 1 for changeToCandidate
2019-10-09 13:03:56,383 [Thread-416] INFO  impl.RoleInfo (RoleInfo.java:updateAndGet(143)) - f0cb1a3f-6ac7-4eb8-9514-6a797ff8471f: start LeaderElection
2019-10-09 13:03:56,400 [f0cb1a3f-6ac7-4eb8-9514-6a797ff8471f@group-C24D4FE0C6F2:LeaderElection24] INFO  impl.LeaderElection (LeaderElection.java:askForVotes(182)) - f0cb1a3f-6ac7-4eb8-9514-6a797ff8471f@group-C24D4FE0C6F2:LeaderElection24: begin an election at term 2 for -1: [4f75c367-51e4-41c9-9287-4e8dd97f5c38:192.168.5.175:40325, 3eeab9a4-47d5-4980-9c6e-5102901e869a:192.168.5.175:43254, f0cb1a3f-6ac7-4eb8-9514-6a797ff8471f:192.168.5.175:39769], old=null
2019-10-09 13:03:56,403 [grpc-default-executor-1] INFO  impl.RaftServerImpl (RaftServerImpl.java:setRole(174)) - 3eeab9a4-47d5-4980-9c6e-5102901e869a@group-C24D4FE0C6F2: changes role from  FOLLOWER to FOLLOWER at term 2 for recognizeCandidate:f0cb1a3f-6ac7-4eb8-9514-6a797ff8471f
2019-10-09 13:03:56,403 [grpc-default-executor-0] INFO  impl.RaftServerImpl (RaftServerImpl.java:setRole(174)) - 4f75c367-51e4-41c9-9287-4e8dd97f5c38@group-C24D4FE0C6F2: changes role from  FOLLOWER to FOLLOWER at term 2 for recognizeCandidate:f0cb1a3f-6ac7-4eb8-9514-6a797ff8471f
2019-10-09 13:03:56,404 [grpc-default-executor-1] INFO  impl.RoleInfo (RoleInfo.java:shutdownFollowerState(121)) - 3eeab9a4-47d5-4980-9c6e-5102901e869a: shutdown FollowerState
2019-10-09 13:03:56,404 [grpc-default-executor-0] INFO  impl.RoleInfo (RoleInfo.java:shutdownFollowerState(121)) - 4f75c367-51e4-41c9-9287-4e8dd97f5c38: shutdown FollowerState
2019-10-09 13:03:56,404 [grpc-default-executor-1] INFO  impl.RoleInfo (RoleInfo.java:updateAndGet(143)) - 3eeab9a4-47d5-4980-9c6e-5102901e869a: start FollowerState
2019-10-09 13:03:56,404 [grpc-default-executor-0] INFO  impl.RoleInfo (RoleInfo.java:updateAndGet(143)) - 4f75c367-51e4-41c9-9287-4e8dd97f5c38: start FollowerState
2019-10-09 13:03:56,404 [Thread-418] INFO  impl.FollowerState (FollowerState.java:run(115)) - 3eeab9a4-47d5-4980-9c6e-5102901e869a: FollowerState was interrupted: java.lang.InterruptedException: sleep interrupted
2019-10-09 13:03:56,404 [Thread-419] INFO  impl.FollowerState (FollowerState.java:run(115)) - 4f75c367-51e4-41c9-9287-4e8dd97f5c38: FollowerState was interrupted: java.lang.InterruptedException: sleep interrupted
2019-10-09 13:03:56,435 [f0cb1a3f-6ac7-4eb8-9514-6a797ff8471f@group-C24D4FE0C6F2:LeaderElection24] INFO  impl.LeaderElection (LeaderElection.java:logAndReturn(56)) - f0cb1a3f-6ac7-4eb8-9514-6a797ff8471f@group-C24D4FE0C6F2:LeaderElection24: Election PASSED; received 1 response(s) [f0cb1a3f-6ac7-4eb8-9514-6a797ff8471f<-4f75c367-51e4-41c9-9287-4e8dd97f5c38#0:OK-t2] and 0 exception(s); f0cb1a3f-6ac7-4eb8-9514-6a797ff8471f@group-C24D4FE0C6F2:t2, leader=null, voted=f0cb1a3f-6ac7-4eb8-9514-6a797ff8471f, raftlog=f0cb1a3f-6ac7-4eb8-9514-6a797ff8471f@group-C24D4FE0C6F2-SegmentedRaftLog:OPENED:c-1,f-1,i0, conf=-1: [4f75c367-51e4-41c9-9287-4e8dd97f5c38:192.168.5.175:40325, 3eeab9a4-47d5-4980-9c6e-5102901e869a:192.168.5.175:43254, f0cb1a3f-6ac7-4eb8-9514-6a797ff8471f:192.168.5.175:39769], old=null
2019-10-09 13:03:56,436 [f0cb1a3f-6ac7-4eb8-9514-6a797ff8471f@group-C24D4FE0C6F2:LeaderElection24] INFO  impl.RoleInfo (RoleInfo.java:shutdownLeaderElection(134)) - f0cb1a3f-6ac7-4eb8-9514-6a797ff8471f: shutdown LeaderElection
2019-10-09 13:03:56,436 [f0cb1a3f-6ac7-4eb8-9514-6a797ff8471f@group-C24D4FE0C6F2:LeaderElection24] INFO  impl.RaftServerImpl (RaftServerImpl.java:setRole(174)) - f0cb1a3f-6ac7-4eb8-9514-6a797ff8471f@group-C24D4FE0C6F2: changes role from CANDIDATE to LEADER at term 2 for changeToLeader
2019-10-09 13:03:56,436 [f0cb1a3f-6ac7-4eb8-9514-6a797ff8471f@group-C24D4FE0C6F2:LeaderElection24] INFO  impl.RaftServerImpl (ServerState.java:setLeader(253)) - f0cb1a3f-6ac7-4eb8-9514-6a797ff8471f@group-C24D4FE0C6F2: change Leader from null to f0cb1a3f-6ac7-4eb8-9514-6a797ff8471f at term 2 for becomeLeader, leader elected after 10237ms
2019-10-09 13:03:56,436 [f0cb1a3f-6ac7-4eb8-9514-6a797ff8471f@group-C24D4FE0C6F2:LeaderElection24] INFO  server.RaftServerConfigKeys (ConfUtils.java:logGet(43)) - raft.server.staging.catchup.gap = 1000 (default)
2019-10-09 13:03:56,436 [f0cb1a3f-6ac7-4eb8-9514-6a797ff8471f@group-C24D4FE0C6F2:LeaderElection24] INFO  server.RaftServerConfigKeys (ConfUtils.java:logGet(43)) - raft.server.rpc.sleep.time = 25ms (default)
2019-10-09 13:03:56,436 [f0cb1a3f-6ac7-4eb8-9514-6a797ff8471f@group-C24D4FE0C6F2:LeaderElection24] INFO  server.RaftServerConfigKeys (ConfUtils.java:logGet(43)) - raft.server.write.element-limit = 4096 (default)
2019-10-09 13:03:56,436 [f0cb1a3f-6ac7-4eb8-9514-6a797ff8471f@group-C24D4FE0C6F2:LeaderElection24] INFO  server.RaftServerConfigKeys (ConfUtils.java:logGet(43)) - raft.server.watch.timeout = 10s (default)
2019-10-09 13:03:56,437 [f0cb1a3f-6ac7-4eb8-9514-6a797ff8471f@group-C24D4FE0C6F2:LeaderElection24] INFO  server.RaftServerConfigKeys (ConfUtils.java:logGet(43)) - raft.server.watch.timeout.denomination = 1s (default)
2019-10-09 13:03:56,437 [f0cb1a3f-6ac7-4eb8-9514-6a797ff8471f@group-C24D4FE0C6F2:LeaderElection24] INFO  server.RaftServerConfigKeys (ConfUtils.java:logGet(43)) - raft.server.watch.element-limit = 65536 (default)
2019-10-09 13:03:56,439 [f0cb1a3f-6ac7-4eb8-9514-6a797ff8471f@group-C24D4FE0C6F2:LeaderElection24] INFO  server.RaftServerConfigKeys (ConfUtils.java:logGet(43)) - raft.server.log.appender.snapshot.chunk.size.max = 16MB (=16777216) (default)
2019-10-09 13:03:56,439 [f0cb1a3f-6ac7-4eb8-9514-6a797ff8471f@group-C24D4FE0C6F2:LeaderElection24] INFO  server.RaftServerConfigKeys (ConfUtils.java:logGet(43)) - raft.server.log.appender.buffer.byte-limit = 33554432 (custom)
2019-10-09 13:03:56,440 [f0cb1a3f-6ac7-4eb8-9514-6a797ff8471f@group-C24D4FE0C6F2:LeaderElection24] INFO  server.RaftServerConfigKeys (ConfUtils.java:logGet(43)) - raft.server.log.appender.buffer.element-limit = 1 (custom)
2019-10-09 13:03:56,440 [f0cb1a3f-6ac7-4eb8-9514-6a797ff8471f@group-C24D4FE0C6F2:LeaderElection24] INFO  grpc.GrpcConfigKeys$Server (ConfUtils.java:logGet(43)) - raft.grpc.server.leader.outstanding.appends.max = 128 (default)
2019-10-09 13:03:56,440 [f0cb1a3f-6ac7-4eb8-9514-6a797ff8471f@group-C24D4FE0C6F2:LeaderElection24] INFO  server.RaftServerConfigKeys (ConfUtils.java:logGet(43)) - raft.server.rpc.request.timeout = 3000ms (default)
2019-10-09 13:03:56,440 [f0cb1a3f-6ac7-4eb8-9514-6a797ff8471f@group-C24D4FE0C6F2:LeaderElection24] INFO  server.RaftServerConfigKeys (ConfUtils.java:logGet(43)) - raft.server.log.appender.install.snapshot.enabled = false (custom)
2019-10-09 13:03:56,440 [f0cb1a3f-6ac7-4eb8-9514-6a797ff8471f@group-C24D4FE0C6F2:LeaderElection24] INFO  server.RaftServerConfigKeys (ConfUtils.java:logGet(43)) - raft.server.log.appender.snapshot.chunk.size.max = 16MB (=16777216) (default)
2019-10-09 13:03:56,440 [f0cb1a3f-6ac7-4eb8-9514-6a797ff8471f@group-C24D4FE0C6F2:LeaderElection24] INFO  server.RaftServerConfigKeys (ConfUtils.java:logGet(43)) - raft.server.log.appender.buffer.byte-limit = 33554432 (custom)
2019-10-09 13:03:56,441 [f0cb1a3f-6ac7-4eb8-9514-6a797ff8471f@group-C24D4FE0C6F2:LeaderElection24] INFO  server.RaftServerConfigKeys (ConfUtils.java:logGet(43)) - raft.server.log.appender.buffer.element-limit = 1 (custom)
2019-10-09 13:03:56,441 [f0cb1a3f-6ac7-4eb8-9514-6a797ff8471f@group-C24D4FE0C6F2:LeaderElection24] INFO  grpc.GrpcConfigKeys$Server (ConfUtils.java:logGet(43)) - raft.grpc.server.leader.outstanding.appends.max = 128 (default)
2019-10-09 13:03:56,441 [f0cb1a3f-6ac7-4eb8-9514-6a797ff8471f@group-C24D4FE0C6F2:LeaderElection24] INFO  server.RaftServerConfigKeys (ConfUtils.java:logGet(43)) - raft.server.rpc.request.timeout = 3000ms (default)
2019-10-09 13:03:56,441 [f0cb1a3f-6ac7-4eb8-9514-6a797ff8471f@group-C24D4FE0C6F2:LeaderElection24] INFO  server.RaftServerConfigKeys (ConfUtils.java:logGet(43)) - raft.server.log.appender.install.snapshot.enabled = false (custom)
2019-10-09 13:03:56,441 [f0cb1a3f-6ac7-4eb8-9514-6a797ff8471f@group-C24D4FE0C6F2:LeaderElection24] INFO  impl.RoleInfo (RoleInfo.java:updateAndGet(143)) - f0cb1a3f-6ac7-4eb8-9514-6a797ff8471f: start LeaderState
2019-10-09 13:03:56,442 [f0cb1a3f-6ac7-4eb8-9514-6a797ff8471f@group-C24D4FE0C6F2:LeaderElection24] INFO  segmented.SegmentedRaftLogWorker (SegmentedRaftLogWorker.java:startLogSegment(380)) - f0cb1a3f-6ac7-4eb8-9514-6a797ff8471f@group-C24D4FE0C6F2-SegmentedRaftLogWorker: Starting segment from index:0
2019-10-09 13:03:56,442 [f0cb1a3f-6ac7-4eb8-9514-6a797ff8471f@group-C24D4FE0C6F2:LeaderElection24] INFO  impl.RaftServerImpl (ServerState.java:setRaftConf(354)) - f0cb1a3f-6ac7-4eb8-9514-6a797ff8471f@group-C24D4FE0C6F2: set configuration 0: [4f75c367-51e4-41c9-9287-4e8dd97f5c38:192.168.5.175:40325, 3eeab9a4-47d5-4980-9c6e-5102901e869a:192.168.5.175:43254, f0cb1a3f-6ac7-4eb8-9514-6a797ff8471f:192.168.5.175:39769], old=null at 0
2019-10-09 13:03:56,444 [grpc-default-executor-1] INFO  impl.RaftServerImpl (ServerState.java:setLeader(253)) - 4f75c367-51e4-41c9-9287-4e8dd97f5c38@group-C24D4FE0C6F2: change Leader from null to f0cb1a3f-6ac7-4eb8-9514-6a797ff8471f at term 2 for appendEntries, leader elected after 10245ms
2019-10-09 13:03:56,476 [grpc-default-executor-0] INFO  impl.RaftServerImpl (ServerState.java:setLeader(253)) - 3eeab9a4-47d5-4980-9c6e-5102901e869a@group-C24D4FE0C6F2: change Leader from null to f0cb1a3f-6ac7-4eb8-9514-6a797ff8471f at term 2 for appendEntries, leader elected after 10277ms
2019-10-09 13:03:56,480 [grpc-default-executor-5] INFO  impl.RaftServerImpl (ServerState.java:setRaftConf(354)) - 4f75c367-51e4-41c9-9287-4e8dd97f5c38@group-C24D4FE0C6F2: set configuration 0: [4f75c367-51e4-41c9-9287-4e8dd97f5c38:192.168.5.175:40325, 3eeab9a4-47d5-4980-9c6e-5102901e869a:192.168.5.175:43254, f0cb1a3f-6ac7-4eb8-9514-6a797ff8471f:192.168.5.175:39769], old=null at 0
2019-10-09 13:03:56,480 [grpc-default-executor-1] INFO  impl.RaftServerImpl (ServerState.java:setRaftConf(354)) - 3eeab9a4-47d5-4980-9c6e-5102901e869a@group-C24D4FE0C6F2: set configuration 0: [4f75c367-51e4-41c9-9287-4e8dd97f5c38:192.168.5.175:40325, 3eeab9a4-47d5-4980-9c6e-5102901e869a:192.168.5.175:43254, f0cb1a3f-6ac7-4eb8-9514-6a797ff8471f:192.168.5.175:39769], old=null at 0
2019-10-09 13:03:56,480 [grpc-default-executor-5] INFO  segmented.SegmentedRaftLogWorker (SegmentedRaftLogWorker.java:startLogSegment(380)) - 4f75c367-51e4-41c9-9287-4e8dd97f5c38@group-C24D4FE0C6F2-SegmentedRaftLogWorker: Starting segment from index:0
2019-10-09 13:03:56,480 [grpc-default-executor-1] INFO  segmented.SegmentedRaftLogWorker (SegmentedRaftLogWorker.java:startLogSegment(380)) - 3eeab9a4-47d5-4980-9c6e-5102901e869a@group-C24D4FE0C6F2-SegmentedRaftLogWorker: Starting segment from index:0
2019-10-09 13:03:56,483 [f0cb1a3f-6ac7-4eb8-9514-6a797ff8471f@group-C24D4FE0C6F2-SegmentedRaftLogWorker] INFO  segmented.SegmentedRaftLogWorker (SegmentedRaftLogWorker.java:execute(569)) - f0cb1a3f-6ac7-4eb8-9514-6a797ff8471f@group-C24D4FE0C6F2-SegmentedRaftLogWorker: created new log segment /workdir/hadoop-ozone/integration-test/target/test-dir/MiniOzoneClusterImpl-92c4d179-1d16-4416-8bce-4538b25b782c/datanode-0/data/ratis/1c735ac8-e1e7-4625-9f7b-c24d4fe0c6f2/current/log_inprogress_0
2019-10-09 13:03:56,514 [Thread-432] INFO  impl.FollowerState (FollowerState.java:run(106)) - 4f75c367-51e4-41c9-9287-4e8dd97f5c38:group-F4DE2F4D7E72 changes to CANDIDATE, lastRpcTime:5033, electionTimeout:5031ms
2019-10-09 13:03:56,514 [Thread-432] INFO  impl.RoleInfo (RoleInfo.java:shutdownFollowerState(121)) - 4f75c367-51e4-41c9-9287-4e8dd97f5c38: shutdown FollowerState
2019-10-09 13:03:56,515 [Thread-432] INFO  impl.RaftServerImpl (RaftServerImpl.java:setRole(174)) - 4f75c367-51e4-41c9-9287-4e8dd97f5c38@group-F4DE2F4D7E72: changes role from  FOLLOWER to CANDIDATE at term 1 for changeToCandidate
2019-10-09 13:03:56,515 [Thread-432] INFO  impl.RoleInfo (RoleInfo.java:updateAndGet(143)) - 4f75c367-51e4-41c9-9287-4e8dd97f5c38: start LeaderElection
2019-10-09 13:03:56,531 [4f75c367-51e4-41c9-9287-4e8dd97f5c38@group-C24D4FE0C6F2-SegmentedRaftLogWorker] INFO  segmented.SegmentedRaftLogWorker (SegmentedRaftLogWorker.java:execute(569)) - 4f75c367-51e4-41c9-9287-4e8dd97f5c38@group-C24D4FE0C6F2-SegmentedRaftLogWorker: created new log segment /workdir/hadoop-ozone/integration-test/target/test-dir/MiniOzoneClusterImpl-92c4d179-1d16-4416-8bce-4538b25b782c/datanode-2/data/ratis/1c735ac8-e1e7-4625-9f7b-c24d4fe0c6f2/current/log_inprogress_0
2019-10-09 13:03:56,536 [3eeab9a4-47d5-4980-9c6e-5102901e869a@group-C24D4FE0C6F2-SegmentedRaftLogWorker] INFO  segmented.SegmentedRaftLogWorker (SegmentedRaftLogWorker.java:execute(569)) - 3eeab9a4-47d5-4980-9c6e-5102901e869a@group-C24D4FE0C6F2-SegmentedRaftLogWorker: created new log segment /workdir/hadoop-ozone/integration-test/target/test-dir/MiniOzoneClusterImpl-92c4d179-1d16-4416-8bce-4538b25b782c/datanode-4/data/ratis/1c735ac8-e1e7-4625-9f7b-c24d4fe0c6f2/current/log_inprogress_0
2019-10-09 13:03:56,536 [4f75c367-51e4-41c9-9287-4e8dd97f5c38@group-F4DE2F4D7E72:LeaderElection25] INFO  impl.LeaderElection (LeaderElection.java:askForVotes(182)) - 4f75c367-51e4-41c9-9287-4e8dd97f5c38@group-F4DE2F4D7E72:LeaderElection25: begin an election at term 2 for -1: [4f75c367-51e4-41c9-9287-4e8dd97f5c38:192.168.5.175:40325, 3eeab9a4-47d5-4980-9c6e-5102901e869a:192.168.5.175:43254, f0cb1a3f-6ac7-4eb8-9514-6a797ff8471f:192.168.5.175:39769], old=null
2019-10-09 13:03:56,537 [Thread-434] INFO  impl.FollowerState (FollowerState.java:run(106)) - f0cb1a3f-6ac7-4eb8-9514-6a797ff8471f:group-F4DE2F4D7E72 changes to CANDIDATE, lastRpcTime:5030, electionTimeout:5030ms
2019-10-09 13:03:56,537 [Thread-434] INFO  impl.RoleInfo (RoleInfo.java:shutdownFollowerState(121)) - f0cb1a3f-6ac7-4eb8-9514-6a797ff8471f: shutdown FollowerState
2019-10-09 13:03:56,537 [Thread-434] INFO  impl.RaftServerImpl (RaftServerImpl.java:setRole(174)) - f0cb1a3f-6ac7-4eb8-9514-6a797ff8471f@group-F4DE2F4D7E72: changes role from  FOLLOWER to CANDIDATE at term 1 for changeToCandidate
2019-10-09 13:03:56,537 [Thread-434] INFO  impl.RoleInfo (RoleInfo.java:updateAndGet(143)) - f0cb1a3f-6ac7-4eb8-9514-6a797ff8471f: start LeaderElection
2019-10-09 13:03:56,542 [grpc-default-executor-5] INFO  impl.RaftServerImpl (RaftServerImpl.java:setRole(174)) - 3eeab9a4-47d5-4980-9c6e-5102901e869a@group-F4DE2F4D7E72: changes role from  FOLLOWER to FOLLOWER at term 2 for recognizeCandidate:4f75c367-51e4-41c9-9287-4e8dd97f5c38
2019-10-09 13:03:56,542 [grpc-default-executor-5] INFO  impl.RoleInfo (RoleInfo.java:shutdownFollowerState(121)) - 3eeab9a4-47d5-4980-9c6e-5102901e869a: shutdown FollowerState
2019-10-09 13:03:56,543 [grpc-default-executor-5] INFO  impl.RoleInfo (RoleInfo.java:updateAndGet(143)) - 3eeab9a4-47d5-4980-9c6e-5102901e869a: start FollowerState
2019-10-09 13:03:56,543 [Thread-433] INFO  impl.FollowerState (FollowerState.java:run(115)) - 3eeab9a4-47d5-4980-9c6e-5102901e869a: FollowerState was interrupted: java.lang.InterruptedException: sleep interrupted
2019-10-09 13:03:56,561 [f0cb1a3f-6ac7-4eb8-9514-6a797ff8471f@group-F4DE2F4D7E72:LeaderElection26] INFO  impl.LeaderElection (LeaderElection.java:askForVotes(182)) - f0cb1a3f-6ac7-4eb8-9514-6a797ff8471f@group-F4DE2F4D7E72:LeaderElection26: begin an election at term 2 for -1: [4f75c367-51e4-41c9-9287-4e8dd97f5c38:192.168.5.175:40325, 3eeab9a4-47d5-4980-9c6e-5102901e869a:192.168.5.175:43254, f0cb1a3f-6ac7-4eb8-9514-6a797ff8471f:192.168.5.175:39769], old=null
2019-10-09 13:03:56,563 [4f75c367-51e4-41c9-9287-4e8dd97f5c38@group-F4DE2F4D7E72:LeaderElection25] INFO  impl.LeaderElection (LeaderElection.java:logAndReturn(56)) - 4f75c367-51e4-41c9-9287-4e8dd97f5c38@group-F4DE2F4D7E72:LeaderElection25: Election PASSED; received 2 response(s) [4f75c367-51e4-41c9-9287-4e8dd97f5c38<-3eeab9a4-47d5-4980-9c6e-5102901e869a#0:OK-t2, 4f75c367-51e4-41c9-9287-4e8dd97f5c38<-f0cb1a3f-6ac7-4eb8-9514-6a797ff8471f#0:FAIL-t2] and 0 exception(s); 4f75c367-51e4-41c9-9287-4e8dd97f5c38@group-F4DE2F4D7E72:t2, leader=null, voted=4f75c367-51e4-41c9-9287-4e8dd97f5c38, raftlog=4f75c367-51e4-41c9-9287-4e8dd97f5c38@group-F4DE2F4D7E72-SegmentedRaftLog:OPENED:c-1,f-1,i0, conf=-1: [4f75c367-51e4-41c9-9287-4e8dd97f5c38:192.168.5.175:40325, 3eeab9a4-47d5-4980-9c6e-5102901e869a:192.168.5.175:43254, f0cb1a3f-6ac7-4eb8-9514-6a797ff8471f:192.168.5.175:39769], old=null
2019-10-09 13:03:56,563 [4f75c367-51e4-41c9-9287-4e8dd97f5c38@group-F4DE2F4D7E72:LeaderElection25] INFO  impl.RoleInfo (RoleInfo.java:shutdownLeaderElection(134)) - 4f75c367-51e4-41c9-9287-4e8dd97f5c38: shutdown LeaderElection
2019-10-09 13:03:56,563 [4f75c367-51e4-41c9-9287-4e8dd97f5c38@group-F4DE2F4D7E72:LeaderElection25] INFO  impl.RaftServerImpl (RaftServerImpl.java:setRole(174)) - 4f75c367-51e4-41c9-9287-4e8dd97f5c38@group-F4DE2F4D7E72: changes role from CANDIDATE to LEADER at term 2 for changeToLeader
2019-10-09 13:03:56,563 [4f75c367-51e4-41c9-9287-4e8dd97f5c38@group-F4DE2F4D7E72:LeaderElection25] INFO  impl.RaftServerImpl (ServerState.java:setLeader(253)) - 4f75c367-51e4-41c9-9287-4e8dd97f5c38@group-F4DE2F4D7E72: change Leader from null to 4f75c367-51e4-41c9-9287-4e8dd97f5c38 at term 2 for becomeLeader, leader elected after 10251ms
2019-10-09 13:03:56,563 [4f75c367-51e4-41c9-9287-4e8dd97f5c38@group-F4DE2F4D7E72:LeaderElection25] INFO  server.RaftServerConfigKeys (ConfUtils.java:logGet(43)) - raft.server.staging.catchup.gap = 1000 (default)
2019-10-09 13:03:56,563 [4f75c367-51e4-41c9-9287-4e8dd97f5c38@group-F4DE2F4D7E72:LeaderElection25] INFO  server.RaftServerConfigKeys (ConfUtils.java:logGet(43)) - raft.server.rpc.sleep.time = 25ms (default)
2019-10-09 13:03:56,563 [4f75c367-51e4-41c9-9287-4e8dd97f5c38@group-F4DE2F4D7E72:LeaderElection25] INFO  server.RaftServerConfigKeys (ConfUtils.java:logGet(43)) - raft.server.write.element-limit = 4096 (default)
2019-10-09 13:03:56,564 [4f75c367-51e4-41c9-9287-4e8dd97f5c38@group-F4DE2F4D7E72:LeaderElection25] INFO  server.RaftServerConfigKeys (ConfUtils.java:logGet(43)) - raft.server.watch.timeout = 10s (default)
2019-10-09 13:03:56,564 [4f75c367-51e4-41c9-9287-4e8dd97f5c38@group-F4DE2F4D7E72:LeaderElection25] INFO  server.RaftServerConfigKeys (ConfUtils.java:logGet(43)) - raft.server.watch.timeout.denomination = 1s (default)
2019-10-09 13:03:56,564 [4f75c367-51e4-41c9-9287-4e8dd97f5c38@group-F4DE2F4D7E72:LeaderElection25] INFO  server.RaftServerConfigKeys (ConfUtils.java:logGet(43)) - raft.server.watch.element-limit = 65536 (default)
2019-10-09 13:03:56,566 [4f75c367-51e4-41c9-9287-4e8dd97f5c38@group-F4DE2F4D7E72:LeaderElection25] INFO  server.RaftServerConfigKeys (ConfUtils.java:logGet(43)) - raft.server.log.appender.snapshot.chunk.size.max = 16MB (=16777216) (default)
2019-10-09 13:03:56,566 [4f75c367-51e4-41c9-9287-4e8dd97f5c38@group-F4DE2F4D7E72:LeaderElection25] INFO  server.RaftServerConfigKeys (ConfUtils.java:logGet(43)) - raft.server.log.appender.buffer.byte-limit = 33554432 (custom)
2019-10-09 13:03:56,566 [4f75c367-51e4-41c9-9287-4e8dd97f5c38@group-F4DE2F4D7E72:LeaderElection25] INFO  server.RaftServerConfigKeys (ConfUtils.java:logGet(43)) - raft.server.log.appender.buffer.element-limit = 1 (custom)
2019-10-09 13:03:56,567 [4f75c367-51e4-41c9-9287-4e8dd97f5c38@group-F4DE2F4D7E72:LeaderElection25] INFO  grpc.GrpcConfigKeys$Server (ConfUtils.java:logGet(43)) - raft.grpc.server.leader.outstanding.appends.max = 128 (default)
2019-10-09 13:03:56,567 [4f75c367-51e4-41c9-9287-4e8dd97f5c38@group-F4DE2F4D7E72:LeaderElection25] INFO  server.RaftServerConfigKeys (ConfUtils.java:logGet(43)) - raft.server.rpc.request.timeout = 3000ms (default)
2019-10-09 13:03:56,567 [4f75c367-51e4-41c9-9287-4e8dd97f5c38@group-F4DE2F4D7E72:LeaderElection25] INFO  server.RaftServerConfigKeys (ConfUtils.java:logGet(43)) - raft.server.log.appender.install.snapshot.enabled = false (custom)
2019-10-09 13:03:56,567 [4f75c367-51e4-41c9-9287-4e8dd97f5c38@group-F4DE2F4D7E72:LeaderElection25] INFO  server.RaftServerConfigKeys (ConfUtils.java:logGet(43)) - raft.server.log.appender.snapshot.chunk.size.max = 16MB (=16777216) (default)
2019-10-09 13:03:56,567 [4f75c367-51e4-41c9-9287-4e8dd97f5c38@group-F4DE2F4D7E72:LeaderElection25] INFO  server.RaftServerConfigKeys (ConfUtils.java:logGet(43)) - raft.server.log.appender.buffer.byte-limit = 33554432 (custom)
2019-10-09 13:03:56,567 [4f75c367-51e4-41c9-9287-4e8dd97f5c38@group-F4DE2F4D7E72:LeaderElection25] INFO  server.RaftServerConfigKeys (ConfUtils.java:logGet(43)) - raft.server.log.appender.buffer.element-limit = 1 (custom)
2019-10-09 13:03:56,568 [4f75c367-51e4-41c9-9287-4e8dd97f5c38@group-F4DE2F4D7E72:LeaderElection25] INFO  grpc.GrpcConfigKeys$Server (ConfUtils.java:logGet(43)) - raft.grpc.server.leader.outstanding.appends.max = 128 (default)
2019-10-09 13:03:56,568 [4f75c367-51e4-41c9-9287-4e8dd97f5c38@group-F4DE2F4D7E72:LeaderElection25] INFO  server.RaftServerConfigKeys (ConfUtils.java:logGet(43)) - raft.server.rpc.request.timeout = 3000ms (default)
2019-10-09 13:03:56,568 [4f75c367-51e4-41c9-9287-4e8dd97f5c38@group-F4DE2F4D7E72:LeaderElection25] INFO  server.RaftServerConfigKeys (ConfUtils.java:logGet(43)) - raft.server.log.appender.install.snapshot.enabled = false (custom)
2019-10-09 13:03:56,568 [4f75c367-51e4-41c9-9287-4e8dd97f5c38@group-F4DE2F4D7E72:LeaderElection25] INFO  impl.RoleInfo (RoleInfo.java:updateAndGet(143)) - 4f75c367-51e4-41c9-9287-4e8dd97f5c38: start LeaderState
2019-10-09 13:03:56,568 [4f75c367-51e4-41c9-9287-4e8dd97f5c38@group-F4DE2F4D7E72:LeaderElection25] INFO  segmented.SegmentedRaftLogWorker (SegmentedRaftLogWorker.java:startLogSegment(380)) - 4f75c367-51e4-41c9-9287-4e8dd97f5c38@group-F4DE2F4D7E72-SegmentedRaftLogWorker: Starting segment from index:0
2019-10-09 13:03:56,569 [4f75c367-51e4-41c9-9287-4e8dd97f5c38@group-F4DE2F4D7E72:LeaderElection25] INFO  impl.RaftServerImpl (ServerState.java:setRaftConf(354)) - 4f75c367-51e4-41c9-9287-4e8dd97f5c38@group-F4DE2F4D7E72: set configuration 0: [4f75c367-51e4-41c9-9287-4e8dd97f5c38:192.168.5.175:40325, 3eeab9a4-47d5-4980-9c6e-5102901e869a:192.168.5.175:43254, f0cb1a3f-6ac7-4eb8-9514-6a797ff8471f:192.168.5.175:39769], old=null at 0
2019-10-09 13:03:56,569 [grpc-default-executor-5] INFO  impl.RaftServerImpl (RaftServerImpl.java:requestVote(758)) - 4f75c367-51e4-41c9-9287-4e8dd97f5c38@group-F4DE2F4D7E72-   LEADER: Withhold vote from candidate f0cb1a3f-6ac7-4eb8-9514-6a797ff8471f with term 2. State: leader=4f75c367-51e4-41c9-9287-4e8dd97f5c38, term=2, lastRpcElapsed=null
2019-10-09 13:03:56,601 [f0cb1a3f-6ac7-4eb8-9514-6a797ff8471f@group-F4DE2F4D7E72:LeaderElection26] INFO  impl.LeaderElection (LeaderElection.java:logAndReturn(56)) - f0cb1a3f-6ac7-4eb8-9514-6a797ff8471f@group-F4DE2F4D7E72:LeaderElection26: Election REJECTED; received 2 response(s) [f0cb1a3f-6ac7-4eb8-9514-6a797ff8471f<-4f75c367-51e4-41c9-9287-4e8dd97f5c38#0:FAIL-t2, f0cb1a3f-6ac7-4eb8-9514-6a797ff8471f<-3eeab9a4-47d5-4980-9c6e-5102901e869a#0:FAIL-t2] and 0 exception(s); f0cb1a3f-6ac7-4eb8-9514-6a797ff8471f@group-F4DE2F4D7E72:t2, leader=null, voted=f0cb1a3f-6ac7-4eb8-9514-6a797ff8471f, raftlog=f0cb1a3f-6ac7-4eb8-9514-6a797ff8471f@group-F4DE2F4D7E72-SegmentedRaftLog:OPENED:c-1,f-1,i0, conf=-1: [4f75c367-51e4-41c9-9287-4e8dd97f5c38:192.168.5.175:40325, 3eeab9a4-47d5-4980-9c6e-5102901e869a:192.168.5.175:43254, f0cb1a3f-6ac7-4eb8-9514-6a797ff8471f:192.168.5.175:39769], old=null
2019-10-09 13:03:56,601 [grpc-default-executor-5] INFO  impl.RaftServerImpl (ServerState.java:setLeader(253)) - 3eeab9a4-47d5-4980-9c6e-5102901e869a@group-F4DE2F4D7E72: change Leader from null to 4f75c367-51e4-41c9-9287-4e8dd97f5c38 at term 2 for appendEntries, leader elected after 10289ms
2019-10-09 13:03:56,601 [f0cb1a3f-6ac7-4eb8-9514-6a797ff8471f@group-F4DE2F4D7E72:LeaderElection26] INFO  impl.RaftServerImpl (RaftServerImpl.java:setRole(174)) - f0cb1a3f-6ac7-4eb8-9514-6a797ff8471f@group-F4DE2F4D7E72: changes role from CANDIDATE to FOLLOWER at term 2 for DISCOVERED_A_NEW_TERM
2019-10-09 13:03:56,603 [f0cb1a3f-6ac7-4eb8-9514-6a797ff8471f@group-F4DE2F4D7E72:LeaderElection26] INFO  impl.RoleInfo (RoleInfo.java:shutdownLeaderElection(134)) - f0cb1a3f-6ac7-4eb8-9514-6a797ff8471f: shutdown LeaderElection
2019-10-09 13:03:56,604 [f0cb1a3f-6ac7-4eb8-9514-6a797ff8471f@group-F4DE2F4D7E72:LeaderElection26] INFO  impl.RoleInfo (RoleInfo.java:updateAndGet(143)) - f0cb1a3f-6ac7-4eb8-9514-6a797ff8471f: start FollowerState
2019-10-09 13:03:56,604 [grpc-default-executor-0] INFO  impl.RaftServerImpl (ServerState.java:setLeader(253)) - f0cb1a3f-6ac7-4eb8-9514-6a797ff8471f@group-F4DE2F4D7E72: change Leader from null to 4f75c367-51e4-41c9-9287-4e8dd97f5c38 at term 2 for appendEntries, leader elected after 10292ms
2019-10-09 13:03:56,606 [grpc-default-executor-5] INFO  impl.RaftServerImpl (ServerState.java:setRaftConf(354)) - 3eeab9a4-47d5-4980-9c6e-5102901e869a@group-F4DE2F4D7E72: set configuration 0: [4f75c367-51e4-41c9-9287-4e8dd97f5c38:192.168.5.175:40325, 3eeab9a4-47d5-4980-9c6e-5102901e869a:192.168.5.175:43254, f0cb1a3f-6ac7-4eb8-9514-6a797ff8471f:192.168.5.175:39769], old=null at 0
2019-10-09 13:03:56,606 [grpc-default-executor-5] INFO  segmented.SegmentedRaftLogWorker (SegmentedRaftLogWorker.java:startLogSegment(380)) - 3eeab9a4-47d5-4980-9c6e-5102901e869a@group-F4DE2F4D7E72-SegmentedRaftLogWorker: Starting segment from index:0
2019-10-09 13:03:56,607 [grpc-default-executor-5] INFO  impl.RaftServerImpl (ServerState.java:setRaftConf(354)) - f0cb1a3f-6ac7-4eb8-9514-6a797ff8471f@group-F4DE2F4D7E72: set configuration 0: [4f75c367-51e4-41c9-9287-4e8dd97f5c38:192.168.5.175:40325, 3eeab9a4-47d5-4980-9c6e-5102901e869a:192.168.5.175:43254, f0cb1a3f-6ac7-4eb8-9514-6a797ff8471f:192.168.5.175:39769], old=null at 0
2019-10-09 13:03:56,607 [grpc-default-executor-5] INFO  segmented.SegmentedRaftLogWorker (SegmentedRaftLogWorker.java:startLogSegment(380)) - f0cb1a3f-6ac7-4eb8-9514-6a797ff8471f@group-F4DE2F4D7E72-SegmentedRaftLogWorker: Starting segment from index:0
2019-10-09 13:03:56,612 [4f75c367-51e4-41c9-9287-4e8dd97f5c38@group-F4DE2F4D7E72-SegmentedRaftLogWorker] INFO  segmented.SegmentedRaftLogWorker (SegmentedRaftLogWorker.java:execute(569)) - 4f75c367-51e4-41c9-9287-4e8dd97f5c38@group-F4DE2F4D7E72-SegmentedRaftLogWorker: created new log segment /workdir/hadoop-ozone/integration-test/target/test-dir/MiniOzoneClusterImpl-92c4d179-1d16-4416-8bce-4538b25b782c/datanode-2/data/ratis/68a86807-51ce-4814-96be-f4de2f4d7e72/current/log_inprogress_0
2019-10-09 13:03:56,673 [3eeab9a4-47d5-4980-9c6e-5102901e869a@group-F4DE2F4D7E72-SegmentedRaftLogWorker] INFO  segmented.SegmentedRaftLogWorker (SegmentedRaftLogWorker.java:execute(569)) - 3eeab9a4-47d5-4980-9c6e-5102901e869a@group-F4DE2F4D7E72-SegmentedRaftLogWorker: created new log segment /workdir/hadoop-ozone/integration-test/target/test-dir/MiniOzoneClusterImpl-92c4d179-1d16-4416-8bce-4538b25b782c/datanode-4/data/ratis/68a86807-51ce-4814-96be-f4de2f4d7e72/current/log_inprogress_0
2019-10-09 13:03:56,673 [f0cb1a3f-6ac7-4eb8-9514-6a797ff8471f@group-F4DE2F4D7E72-SegmentedRaftLogWorker] INFO  segmented.SegmentedRaftLogWorker (SegmentedRaftLogWorker.java:execute(569)) - f0cb1a3f-6ac7-4eb8-9514-6a797ff8471f@group-F4DE2F4D7E72-SegmentedRaftLogWorker: created new log segment /workdir/hadoop-ozone/integration-test/target/test-dir/MiniOzoneClusterImpl-92c4d179-1d16-4416-8bce-4538b25b782c/datanode-0/data/ratis/68a86807-51ce-4814-96be-f4de2f4d7e72/current/log_inprogress_0
2019-10-09 13:03:58,066 [Datanode State Machine Thread - 0] INFO  statemachine.DatanodeStateMachine (DatanodeStateMachine.java:lambda$startDaemon$0(350)) - Ozone container server started.
2019-10-09 13:04:02,165 [EventQueue-StaleNodeForStaleNodeHandler] INFO  node.StaleNodeHandler (StaleNodeHandler.java:onMessage(58)) - Datanode f0cb1a3f-6ac7-4eb8-9514-6a797ff8471f{ip: 192.168.5.175, host: pr-hdds-1569-mfl88-1504498049, networkLocation: /default-rack, certSerialId: null} moved to stale state. Finalizing its pipelines [PipelineID=b33d5b73-3ede-4f2e-bc85-48b2e64647af, PipelineID=b78709e8-1a0a-42c2-b8a0-6247ff3e413e, PipelineID=8b67ea2b-8e0b-404b-87ee-a483b260bc72, PipelineID=dc025f63-628d-4b31-b53d-75761dee94fb, PipelineID=37c8a01b-3624-420c-8a61-153c1c6005e2, PipelineID=68a86807-51ce-4814-96be-f4de2f4d7e72, PipelineID=1c735ac8-e1e7-4625-9f7b-c24d4fe0c6f2, PipelineID=600c02ec-5a9f-45c6-8688-ddac6cd64c05]
2019-10-09 13:04:02,166 [EventQueue-StaleNodeForStaleNodeHandler] INFO  pipeline.SCMPipelineManager (SCMPipelineManager.java:finalizeAndDestroyPipeline(342)) - destroying pipeline:Pipeline[ Id: b33d5b73-3ede-4f2e-bc85-48b2e64647af, Nodes: f0cb1a3f-6ac7-4eb8-9514-6a797ff8471f{ip: 192.168.5.175, host: pr-hdds-1569-mfl88-1504498049, networkLocation: /default-rack, certSerialId: null}, Type:RATIS, Factor:ONE, State:OPEN]
2019-10-09 13:04:02,168 [EventQueue-StaleNodeForStaleNodeHandler] INFO  pipeline.PipelineStateManager (PipelineStateManager.java:finalizePipeline(123)) - Pipeline Pipeline[ Id: b33d5b73-3ede-4f2e-bc85-48b2e64647af, Nodes: f0cb1a3f-6ac7-4eb8-9514-6a797ff8471f{ip: 192.168.5.175, host: pr-hdds-1569-mfl88-1504498049, networkLocation: /default-rack, certSerialId: null}, Type:RATIS, Factor:ONE, State:CLOSED] moved to CLOSED state
2019-10-09 13:04:02,170 [EventQueue-StaleNodeForStaleNodeHandler] INFO  pipeline.SCMPipelineManager (SCMPipelineManager.java:finalizeAndDestroyPipeline(342)) - destroying pipeline:Pipeline[ Id: b78709e8-1a0a-42c2-b8a0-6247ff3e413e, Nodes: 3eeab9a4-47d5-4980-9c6e-5102901e869a{ip: 192.168.5.175, host: pr-hdds-1569-mfl88-1504498049, networkLocation: /default-rack, certSerialId: null}f0cb1a3f-6ac7-4eb8-9514-6a797ff8471f{ip: 192.168.5.175, host: pr-hdds-1569-mfl88-1504498049, networkLocation: /default-rack, certSerialId: null}4f75c367-51e4-41c9-9287-4e8dd97f5c38{ip: 192.168.5.175, host: pr-hdds-1569-mfl88-1504498049, networkLocation: /default-rack, certSerialId: null}, Type:RATIS, Factor:THREE, State:OPEN]
2019-10-09 13:04:02,170 [EventQueue-StaleNodeForStaleNodeHandler] INFO  pipeline.PipelineStateManager (PipelineStateManager.java:finalizePipeline(123)) - Pipeline Pipeline[ Id: b78709e8-1a0a-42c2-b8a0-6247ff3e413e, Nodes: 3eeab9a4-47d5-4980-9c6e-5102901e869a{ip: 192.168.5.175, host: pr-hdds-1569-mfl88-1504498049, networkLocation: /default-rack, certSerialId: null}f0cb1a3f-6ac7-4eb8-9514-6a797ff8471f{ip: 192.168.5.175, host: pr-hdds-1569-mfl88-1504498049, networkLocation: /default-rack, certSerialId: null}4f75c367-51e4-41c9-9287-4e8dd97f5c38{ip: 192.168.5.175, host: pr-hdds-1569-mfl88-1504498049, networkLocation: /default-rack, certSerialId: null}, Type:RATIS, Factor:THREE, State:CLOSED] moved to CLOSED state
2019-10-09 13:04:02,170 [EventQueue-StaleNodeForStaleNodeHandler] INFO  pipeline.SCMPipelineManager (SCMPipelineManager.java:finalizeAndDestroyPipeline(342)) - destroying pipeline:Pipeline[ Id: 8b67ea2b-8e0b-404b-87ee-a483b260bc72, Nodes: f0cb1a3f-6ac7-4eb8-9514-6a797ff8471f{ip: 192.168.5.175, host: pr-hdds-1569-mfl88-1504498049, networkLocation: /default-rack, certSerialId: null}3eeab9a4-47d5-4980-9c6e-5102901e869a{ip: 192.168.5.175, host: pr-hdds-1569-mfl88-1504498049, networkLocation: /default-rack, certSerialId: null}4f75c367-51e4-41c9-9287-4e8dd97f5c38{ip: 192.168.5.175, host: pr-hdds-1569-mfl88-1504498049, networkLocation: /default-rack, certSerialId: null}, Type:RATIS, Factor:THREE, State:OPEN]
2019-10-09 13:04:02,171 [EventQueue-StaleNodeForStaleNodeHandler] INFO  pipeline.PipelineStateManager (PipelineStateManager.java:finalizePipeline(123)) - Pipeline Pipeline[ Id: 8b67ea2b-8e0b-404b-87ee-a483b260bc72, Nodes: f0cb1a3f-6ac7-4eb8-9514-6a797ff8471f{ip: 192.168.5.175, host: pr-hdds-1569-mfl88-1504498049, networkLocation: /default-rack, certSerialId: null}3eeab9a4-47d5-4980-9c6e-5102901e869a{ip: 192.168.5.175, host: pr-hdds-1569-mfl88-1504498049, networkLocation: /default-rack, certSerialId: null}4f75c367-51e4-41c9-9287-4e8dd97f5c38{ip: 192.168.5.175, host: pr-hdds-1569-mfl88-1504498049, networkLocation: /default-rack, certSerialId: null}, Type:RATIS, Factor:THREE, State:CLOSED] moved to CLOSED state
2019-10-09 13:04:02,171 [EventQueue-StaleNodeForStaleNodeHandler] INFO  pipeline.SCMPipelineManager (SCMPipelineManager.java:finalizeAndDestroyPipeline(342)) - destroying pipeline:Pipeline[ Id: dc025f63-628d-4b31-b53d-75761dee94fb, Nodes: f0cb1a3f-6ac7-4eb8-9514-6a797ff8471f{ip: 192.168.5.175, host: pr-hdds-1569-mfl88-1504498049, networkLocation: /default-rack, certSerialId: null}4f75c367-51e4-41c9-9287-4e8dd97f5c38{ip: 192.168.5.175, host: pr-hdds-1569-mfl88-1504498049, networkLocation: /default-rack, certSerialId: null}3eeab9a4-47d5-4980-9c6e-5102901e869a{ip: 192.168.5.175, host: pr-hdds-1569-mfl88-1504498049, networkLocation: /default-rack, certSerialId: null}, Type:RATIS, Factor:THREE, State:OPEN]
2019-10-09 13:04:02,171 [EventQueue-StaleNodeForStaleNodeHandler] INFO  pipeline.PipelineStateManager (PipelineStateManager.java:finalizePipeline(123)) - Pipeline Pipeline[ Id: dc025f63-628d-4b31-b53d-75761dee94fb, Nodes: f0cb1a3f-6ac7-4eb8-9514-6a797ff8471f{ip: 192.168.5.175, host: pr-hdds-1569-mfl88-1504498049, networkLocation: /default-rack, certSerialId: null}4f75c367-51e4-41c9-9287-4e8dd97f5c38{ip: 192.168.5.175, host: pr-hdds-1569-mfl88-1504498049, networkLocation: /default-rack, certSerialId: null}3eeab9a4-47d5-4980-9c6e-5102901e869a{ip: 192.168.5.175, host: pr-hdds-1569-mfl88-1504498049, networkLocation: /default-rack, certSerialId: null}, Type:RATIS, Factor:THREE, State:CLOSED] moved to CLOSED state
2019-10-09 13:04:02,172 [EventQueue-StaleNodeForStaleNodeHandler] INFO  pipeline.SCMPipelineManager (SCMPipelineManager.java:finalizeAndDestroyPipeline(342)) - destroying pipeline:Pipeline[ Id: 37c8a01b-3624-420c-8a61-153c1c6005e2, Nodes: f0cb1a3f-6ac7-4eb8-9514-6a797ff8471f{ip: 192.168.5.175, host: pr-hdds-1569-mfl88-1504498049, networkLocation: /default-rack, certSerialId: null}3eeab9a4-47d5-4980-9c6e-5102901e869a{ip: 192.168.5.175, host: pr-hdds-1569-mfl88-1504498049, networkLocation: /default-rack, certSerialId: null}4f75c367-51e4-41c9-9287-4e8dd97f5c38{ip: 192.168.5.175, host: pr-hdds-1569-mfl88-1504498049, networkLocation: /default-rack, certSerialId: null}, Type:RATIS, Factor:THREE, State:OPEN]
2019-10-09 13:04:02,172 [EventQueue-StaleNodeForStaleNodeHandler] INFO  pipeline.PipelineStateManager (PipelineStateManager.java:finalizePipeline(123)) - Pipeline Pipeline[ Id: 37c8a01b-3624-420c-8a61-153c1c6005e2, Nodes: f0cb1a3f-6ac7-4eb8-9514-6a797ff8471f{ip: 192.168.5.175, host: pr-hdds-1569-mfl88-1504498049, networkLocation: /default-rack, certSerialId: null}3eeab9a4-47d5-4980-9c6e-5102901e869a{ip: 192.168.5.175, host: pr-hdds-1569-mfl88-1504498049, networkLocation: /default-rack, certSerialId: null}4f75c367-51e4-41c9-9287-4e8dd97f5c38{ip: 192.168.5.175, host: pr-hdds-1569-mfl88-1504498049, networkLocation: /default-rack, certSerialId: null}, Type:RATIS, Factor:THREE, State:CLOSED] moved to CLOSED state
2019-10-09 13:04:02,172 [EventQueue-StaleNodeForStaleNodeHandler] INFO  pipeline.SCMPipelineManager (SCMPipelineManager.java:finalizeAndDestroyPipeline(342)) - destroying pipeline:Pipeline[ Id: 68a86807-51ce-4814-96be-f4de2f4d7e72, Nodes: 4f75c367-51e4-41c9-9287-4e8dd97f5c38{ip: 192.168.5.175, host: pr-hdds-1569-mfl88-1504498049, networkLocation: /default-rack, certSerialId: null}3eeab9a4-47d5-4980-9c6e-5102901e869a{ip: 192.168.5.175, host: pr-hdds-1569-mfl88-1504498049, networkLocation: /default-rack, certSerialId: null}f0cb1a3f-6ac7-4eb8-9514-6a797ff8471f{ip: 192.168.5.175, host: pr-hdds-1569-mfl88-1504498049, networkLocation: /default-rack, certSerialId: null}, Type:RATIS, Factor:THREE, State:OPEN]
2019-10-09 13:04:02,172 [EventQueue-StaleNodeForStaleNodeHandler] INFO  pipeline.PipelineStateManager (PipelineStateManager.java:finalizePipeline(123)) - Pipeline Pipeline[ Id: 68a86807-51ce-4814-96be-f4de2f4d7e72, Nodes: 4f75c367-51e4-41c9-9287-4e8dd97f5c38{ip: 192.168.5.175, host: pr-hdds-1569-mfl88-1504498049, networkLocation: /default-rack, certSerialId: null}3eeab9a4-47d5-4980-9c6e-5102901e869a{ip: 192.168.5.175, host: pr-hdds-1569-mfl88-1504498049, networkLocation: /default-rack, certSerialId: null}f0cb1a3f-6ac7-4eb8-9514-6a797ff8471f{ip: 192.168.5.175, host: pr-hdds-1569-mfl88-1504498049, networkLocation: /default-rack, certSerialId: null}, Type:RATIS, Factor:THREE, State:CLOSED] moved to CLOSED state
2019-10-09 13:04:02,173 [EventQueue-StaleNodeForStaleNodeHandler] INFO  pipeline.SCMPipelineManager (SCMPipelineManager.java:finalizeAndDestroyPipeline(342)) - destroying pipeline:Pipeline[ Id: 1c735ac8-e1e7-4625-9f7b-c24d4fe0c6f2, Nodes: f0cb1a3f-6ac7-4eb8-9514-6a797ff8471f{ip: 192.168.5.175, host: pr-hdds-1569-mfl88-1504498049, networkLocation: /default-rack, certSerialId: null}4f75c367-51e4-41c9-9287-4e8dd97f5c38{ip: 192.168.5.175, host: pr-hdds-1569-mfl88-1504498049, networkLocation: /default-rack, certSerialId: null}3eeab9a4-47d5-4980-9c6e-5102901e869a{ip: 192.168.5.175, host: pr-hdds-1569-mfl88-1504498049, networkLocation: /default-rack, certSerialId: null}, Type:RATIS, Factor:THREE, State:OPEN]
2019-10-09 13:04:02,173 [EventQueue-StaleNodeForStaleNodeHandler] INFO  pipeline.PipelineStateManager (PipelineStateManager.java:finalizePipeline(123)) - Pipeline Pipeline[ Id: 1c735ac8-e1e7-4625-9f7b-c24d4fe0c6f2, Nodes: f0cb1a3f-6ac7-4eb8-9514-6a797ff8471f{ip: 192.168.5.175, host: pr-hdds-1569-mfl88-1504498049, networkLocation: /default-rack, certSerialId: null}4f75c367-51e4-41c9-9287-4e8dd97f5c38{ip: 192.168.5.175, host: pr-hdds-1569-mfl88-1504498049, networkLocation: /default-rack, certSerialId: null}3eeab9a4-47d5-4980-9c6e-5102901e869a{ip: 192.168.5.175, host: pr-hdds-1569-mfl88-1504498049, networkLocation: /default-rack, certSerialId: null}, Type:RATIS, Factor:THREE, State:CLOSED] moved to CLOSED state
2019-10-09 13:04:02,173 [EventQueue-StaleNodeForStaleNodeHandler] INFO  pipeline.SCMPipelineManager (SCMPipelineManager.java:finalizeAndDestroyPipeline(342)) - destroying pipeline:Pipeline[ Id: 600c02ec-5a9f-45c6-8688-ddac6cd64c05, Nodes: 3eeab9a4-47d5-4980-9c6e-5102901e869a{ip: 192.168.5.175, host: pr-hdds-1569-mfl88-1504498049, networkLocation: /default-rack, certSerialId: null}f0cb1a3f-6ac7-4eb8-9514-6a797ff8471f{ip: 192.168.5.175, host: pr-hdds-1569-mfl88-1504498049, networkLocation: /default-rack, certSerialId: null}4f75c367-51e4-41c9-9287-4e8dd97f5c38{ip: 192.168.5.175, host: pr-hdds-1569-mfl88-1504498049, networkLocation: /default-rack, certSerialId: null}, Type:RATIS, Factor:THREE, State:OPEN]
2019-10-09 13:04:02,174 [EventQueue-CloseContainerForCloseContainerEventHandler] INFO  container.CloseContainerEventHandler (CloseContainerEventHandler.java:onMessage(61)) - Close container Event triggered for container : #1
2019-10-09 13:04:02,174 [EventQueue-StaleNodeForStaleNodeHandler] INFO  pipeline.PipelineStateManager (PipelineStateManager.java:finalizePipeline(123)) - Pipeline Pipeline[ Id: 600c02ec-5a9f-45c6-8688-ddac6cd64c05, Nodes: 3eeab9a4-47d5-4980-9c6e-5102901e869a{ip: 192.168.5.175, host: pr-hdds-1569-mfl88-1504498049, networkLocation: /default-rack, certSerialId: null}f0cb1a3f-6ac7-4eb8-9514-6a797ff8471f{ip: 192.168.5.175, host: pr-hdds-1569-mfl88-1504498049, networkLocation: /default-rack, certSerialId: null}4f75c367-51e4-41c9-9287-4e8dd97f5c38{ip: 192.168.5.175, host: pr-hdds-1569-mfl88-1504498049, networkLocation: /default-rack, certSerialId: null}, Type:RATIS, Factor:THREE, State:CLOSED] moved to CLOSED state
2019-10-09 13:04:02,479 [main] INFO  ozoneimpl.OzoneContainer (OzoneContainer.java:stop(231)) - Attempting to stop container services.
2019-10-09 13:04:02,480 [main] INFO  impl.RaftServerProxy (RaftServerProxy.java:lambda$close$4(314)) - f0cb1a3f-6ac7-4eb8-9514-6a797ff8471f: close
2019-10-09 13:04:02,482 [main] INFO  impl.RaftServerImpl (RaftServerImpl.java:lambda$shutdown$3(251)) - f0cb1a3f-6ac7-4eb8-9514-6a797ff8471f@group-153C1C6005E2: shutdown
2019-10-09 13:04:02,482 [ForkJoinPool.commonPool-worker-1] INFO  impl.RaftServerImpl (RaftServerImpl.java:lambda$shutdown$3(251)) - f0cb1a3f-6ac7-4eb8-9514-6a797ff8471f@group-F4DE2F4D7E72: shutdown
2019-10-09 13:04:02,485 [main] INFO  util.JmxRegister (JmxRegister.java:unregister(73)) - Successfully un-registered JMX Bean with object name Ratis:service=RaftServer,group=group-153C1C6005E2,id=f0cb1a3f-6ac7-4eb8-9514-6a797ff8471f
2019-10-09 13:04:02,486 [ForkJoinPool.commonPool-worker-1] INFO  util.JmxRegister (JmxRegister.java:unregister(73)) - Successfully un-registered JMX Bean with object name Ratis:service=RaftServer,group=group-F4DE2F4D7E72,id=f0cb1a3f-6ac7-4eb8-9514-6a797ff8471f
2019-10-09 13:04:02,486 [main] INFO  impl.RoleInfo (RoleInfo.java:shutdownFollowerState(121)) - f0cb1a3f-6ac7-4eb8-9514-6a797ff8471f: shutdown FollowerState
2019-10-09 13:04:02,486 [ForkJoinPool.commonPool-worker-1] INFO  impl.RoleInfo (RoleInfo.java:shutdownFollowerState(121)) - f0cb1a3f-6ac7-4eb8-9514-6a797ff8471f: shutdown FollowerState
2019-10-09 13:04:02,486 [main] INFO  impl.StateMachineUpdater (StateMachineUpdater.java:stopAndJoin(125)) - f0cb1a3f-6ac7-4eb8-9514-6a797ff8471f@group-153C1C6005E2-StateMachineUpdater: set stopIndex = 0
2019-10-09 13:04:02,486 [Thread-438] INFO  impl.FollowerState (FollowerState.java:run(115)) - f0cb1a3f-6ac7-4eb8-9514-6a797ff8471f: FollowerState was interrupted: java.lang.InterruptedException: sleep interrupted
2019-10-09 13:04:02,488 [Thread-513] INFO  impl.FollowerState (FollowerState.java:run(115)) - f0cb1a3f-6ac7-4eb8-9514-6a797ff8471f: FollowerState was interrupted: java.lang.InterruptedException: sleep interrupted
2019-10-09 13:04:02,487 [ForkJoinPool.commonPool-worker-1] INFO  impl.StateMachineUpdater (StateMachineUpdater.java:stopAndJoin(125)) - f0cb1a3f-6ac7-4eb8-9514-6a797ff8471f@group-F4DE2F4D7E72-StateMachineUpdater: set stopIndex = 0
2019-10-09 13:04:02,492 [ForkJoinPool.commonPool-worker-1] INFO  impl.RaftServerImpl (ServerState.java:close(385)) - f0cb1a3f-6ac7-4eb8-9514-6a797ff8471f@group-F4DE2F4D7E72: closes. applyIndex: 0
2019-10-09 13:04:02,492 [main] INFO  impl.RaftServerImpl (ServerState.java:close(385)) - f0cb1a3f-6ac7-4eb8-9514-6a797ff8471f@group-153C1C6005E2: closes. applyIndex: 0
2019-10-09 13:04:02,495 [f0cb1a3f-6ac7-4eb8-9514-6a797ff8471f@group-F4DE2F4D7E72-SegmentedRaftLogWorker] INFO  segmented.SegmentedRaftLogWorker (SegmentedRaftLogWorker.java:run(313)) - f0cb1a3f-6ac7-4eb8-9514-6a797ff8471f@group-F4DE2F4D7E72-SegmentedRaftLogWorker was interrupted, exiting. There are 0 tasks remaining in the queue.
2019-10-09 13:04:02,495 [f0cb1a3f-6ac7-4eb8-9514-6a797ff8471f@group-153C1C6005E2-SegmentedRaftLogWorker] INFO  segmented.SegmentedRaftLogWorker (SegmentedRaftLogWorker.java:run(313)) - f0cb1a3f-6ac7-4eb8-9514-6a797ff8471f@group-153C1C6005E2-SegmentedRaftLogWorker was interrupted, exiting. There are 0 tasks remaining in the queue.
2019-10-09 13:04:02,497 [main] INFO  segmented.SegmentedRaftLogWorker (SegmentedRaftLogWorker.java:close(228)) - f0cb1a3f-6ac7-4eb8-9514-6a797ff8471f@group-153C1C6005E2-SegmentedRaftLogWorker close()
2019-10-09 13:04:02,497 [ForkJoinPool.commonPool-worker-1] INFO  segmented.SegmentedRaftLogWorker (SegmentedRaftLogWorker.java:close(228)) - f0cb1a3f-6ac7-4eb8-9514-6a797ff8471f@group-F4DE2F4D7E72-SegmentedRaftLogWorker close()
2019-10-09 13:04:02,500 [main] INFO  impl.RaftServerImpl (RaftServerImpl.java:lambda$shutdown$3(251)) - f0cb1a3f-6ac7-4eb8-9514-6a797ff8471f@group-48B2E64647AF: shutdown
2019-10-09 13:04:02,502 [ForkJoinPool.commonPool-worker-1] INFO  impl.RaftServerImpl (RaftServerImpl.java:lambda$shutdown$3(251)) - f0cb1a3f-6ac7-4eb8-9514-6a797ff8471f@group-C24D4FE0C6F2: shutdown
2019-10-09 13:04:02,503 [main] INFO  util.JmxRegister (JmxRegister.java:unregister(73)) - Successfully un-registered JMX Bean with object name Ratis:service=RaftServer,group=group-48B2E64647AF,id=f0cb1a3f-6ac7-4eb8-9514-6a797ff8471f
2019-10-09 13:04:02,503 [ForkJoinPool.commonPool-worker-1] INFO  util.JmxRegister (JmxRegister.java:unregister(73)) - Successfully un-registered JMX Bean with object name Ratis:service=RaftServer,group=group-C24D4FE0C6F2,id=f0cb1a3f-6ac7-4eb8-9514-6a797ff8471f
2019-10-09 13:04:02,503 [main] INFO  impl.RoleInfo (RoleInfo.java:shutdownLeaderState(104)) - f0cb1a3f-6ac7-4eb8-9514-6a797ff8471f: shutdown LeaderState
2019-10-09 13:04:02,503 [ForkJoinPool.commonPool-worker-1] INFO  impl.RoleInfo (RoleInfo.java:shutdownLeaderState(104)) - f0cb1a3f-6ac7-4eb8-9514-6a797ff8471f: shutdown LeaderState
2019-10-09 13:04:02,505 [main] INFO  impl.PendingRequests (PendingRequests.java:sendNotLeaderResponses(202)) - f0cb1a3f-6ac7-4eb8-9514-6a797ff8471f-PendingRequests: sendNotLeaderResponses
2019-10-09 13:04:02,508 [org.apache.ratis.server.impl.LogAppender$AppenderDaemon$$Lambda$493/462031746@75cfc168] WARN  server.GrpcLogAppender (GrpcLogAppender.java:mayWait(143)) - f0cb1a3f-6ac7-4eb8-9514-6a797ff8471f@group-C24D4FE0C6F2->4f75c367-51e4-41c9-9287-4e8dd97f5c38-GrpcLogAppender: Wait interrupted by java.lang.InterruptedException
2019-10-09 13:04:02,508 [org.apache.ratis.server.impl.LogAppender$AppenderDaemon$$Lambda$493/462031746@66fae3be] WARN  server.GrpcLogAppender (GrpcLogAppender.java:mayWait(143)) - f0cb1a3f-6ac7-4eb8-9514-6a797ff8471f@group-C24D4FE0C6F2->3eeab9a4-47d5-4980-9c6e-5102901e869a-GrpcLogAppender: Wait interrupted by java.lang.InterruptedException
2019-10-09 13:04:02,506 [ForkJoinPool.commonPool-worker-1] INFO  impl.PendingRequests (PendingRequests.java:sendNotLeaderResponses(202)) - f0cb1a3f-6ac7-4eb8-9514-6a797ff8471f-PendingRequests: sendNotLeaderResponses
2019-10-09 13:04:02,512 [main] INFO  impl.StateMachineUpdater (StateMachineUpdater.java:stopAndJoin(125)) - f0cb1a3f-6ac7-4eb8-9514-6a797ff8471f@group-48B2E64647AF-StateMachineUpdater: set stopIndex = 0
2019-10-09 13:04:02,512 [main] INFO  impl.RaftServerImpl (ServerState.java:close(385)) - f0cb1a3f-6ac7-4eb8-9514-6a797ff8471f@group-48B2E64647AF: closes. applyIndex: 0
2019-10-09 13:04:02,513 [grpc-default-executor-1] INFO  server.GrpcServerProtocolService (GrpcServerProtocolService.java:onCompleted(113)) - 3eeab9a4-47d5-4980-9c6e-5102901e869a: Completed APPEND_ENTRIES, lastRequest: f0cb1a3f-6ac7-4eb8-9514-6a797ff8471f->3eeab9a4-47d5-4980-9c6e-5102901e869a#19-t2, previous=(t:2, i:16), leaderCommit=16, initializing? false, entries: <empty>
2019-10-09 13:04:02,513 [grpc-default-executor-5] INFO  server.GrpcServerProtocolService (GrpcServerProtocolService.java:onCompleted(113)) - 4f75c367-51e4-41c9-9287-4e8dd97f5c38: Completed APPEND_ENTRIES, lastRequest: f0cb1a3f-6ac7-4eb8-9514-6a797ff8471f->4f75c367-51e4-41c9-9287-4e8dd97f5c38#19-t2, previous=(t:2, i:16), leaderCommit=16, initializing? false, entries: <empty>
2019-10-09 13:04:02,515 [f0cb1a3f-6ac7-4eb8-9514-6a797ff8471f@group-48B2E64647AF-SegmentedRaftLogWorker] INFO  segmented.SegmentedRaftLogWorker (SegmentedRaftLogWorker.java:run(313)) - f0cb1a3f-6ac7-4eb8-9514-6a797ff8471f@group-48B2E64647AF-SegmentedRaftLogWorker was interrupted, exiting. There are 0 tasks remaining in the queue.
2019-10-09 13:04:02,517 [main] INFO  segmented.SegmentedRaftLogWorker (SegmentedRaftLogWorker.java:close(228)) - f0cb1a3f-6ac7-4eb8-9514-6a797ff8471f@group-48B2E64647AF-SegmentedRaftLogWorker close()
2019-10-09 13:04:02,518 [grpc-default-executor-5] INFO  server.GrpcLogAppender (GrpcLogAppender.java:onCompleted(293)) - f0cb1a3f-6ac7-4eb8-9514-6a797ff8471f@group-C24D4FE0C6F2->3eeab9a4-47d5-4980-9c6e-5102901e869a-AppendLogResponseHandler: follower responses appendEntries COMPLETED
2019-10-09 13:04:02,523 [grpc-default-executor-1] INFO  server.GrpcLogAppender (GrpcLogAppender.java:onCompleted(293)) - f0cb1a3f-6ac7-4eb8-9514-6a797ff8471f@group-C24D4FE0C6F2->4f75c367-51e4-41c9-9287-4e8dd97f5c38-AppendLogResponseHandler: follower responses appendEntries COMPLETED
2019-10-09 13:04:02,522 [main] INFO  impl.RaftServerImpl (RaftServerImpl.java:lambda$shutdown$3(251)) - f0cb1a3f-6ac7-4eb8-9514-6a797ff8471f@group-6247FF3E413E: shutdown
2019-10-09 13:04:02,528 [ForkJoinPool.commonPool-worker-1] INFO  impl.StateMachineUpdater (StateMachineUpdater.java:stopAndJoin(125)) - f0cb1a3f-6ac7-4eb8-9514-6a797ff8471f@group-C24D4FE0C6F2-StateMachineUpdater: set stopIndex = 16
2019-10-09 13:04:02,528 [main] INFO  util.JmxRegister (JmxRegister.java:unregister(73)) - Successfully un-registered JMX Bean with object name Ratis:service=RaftServer,group=group-6247FF3E413E,id=f0cb1a3f-6ac7-4eb8-9514-6a797ff8471f
2019-10-09 13:04:02,532 [f0cb1a3f-6ac7-4eb8-9514-6a797ff8471f@group-C24D4FE0C6F2-StateMachineUpdater] INFO  ratis.ContainerStateMachine (ContainerStateMachine.java:takeSnapshot(289)) - group-C24D4FE0C6F2: Taking a snapshot at:(t:2, i:15) file /workdir/hadoop-ozone/integration-test/target/test-dir/MiniOzoneClusterImpl-92c4d179-1d16-4416-8bce-4538b25b782c/datanode-0/data/ratis/1c735ac8-e1e7-4625-9f7b-c24d4fe0c6f2/sm/snapshot.2_15
2019-10-09 13:04:02,532 [grpc-default-executor-5] INFO  impl.FollowerInfo (FollowerInfo.java:lambda$new$0(51)) - f0cb1a3f-6ac7-4eb8-9514-6a797ff8471f@group-C24D4FE0C6F2->3eeab9a4-47d5-4980-9c6e-5102901e869a: nextIndex: updateUnconditionally 17 -> 16
2019-10-09 13:04:02,532 [grpc-default-executor-1] INFO  impl.FollowerInfo (FollowerInfo.java:lambda$new$0(51)) - f0cb1a3f-6ac7-4eb8-9514-6a797ff8471f@group-C24D4FE0C6F2->4f75c367-51e4-41c9-9287-4e8dd97f5c38: nextIndex: updateUnconditionally 17 -> 16
2019-10-09 13:04:02,532 [main] INFO  impl.RoleInfo (RoleInfo.java:shutdownLeaderState(104)) - f0cb1a3f-6ac7-4eb8-9514-6a797ff8471f: shutdown LeaderState
2019-10-09 13:04:02,534 [grpc-default-executor-0] WARN  server.GrpcLogAppender (LogUtils.java:warn(134)) - f0cb1a3f-6ac7-4eb8-9514-6a797ff8471f@group-6247FF3E413E->3eeab9a4-47d5-4980-9c6e-5102901e869a-AppendLogResponseHandler: Failed appendEntries: org.apache.ratis.thirdparty.io.grpc.StatusRuntimeException: UNAVAILABLE: Channel shutdownNow invoked
2019-10-09 13:04:02,539 [org.apache.ratis.server.impl.LogAppender$AppenderDaemon$$Lambda$493/462031746@22e9c855] WARN  server.GrpcLogAppender (GrpcLogAppender.java:mayWait(143)) - f0cb1a3f-6ac7-4eb8-9514-6a797ff8471f@group-6247FF3E413E->3eeab9a4-47d5-4980-9c6e-5102901e869a-GrpcLogAppender: Wait interrupted by java.lang.InterruptedException
2019-10-09 13:04:02,539 [main] INFO  impl.PendingRequests (PendingRequests.java:sendNotLeaderResponses(202)) - f0cb1a3f-6ac7-4eb8-9514-6a797ff8471f-PendingRequests: sendNotLeaderResponses
2019-10-09 13:04:02,540 [grpc-default-executor-0] INFO  impl.FollowerInfo (FollowerInfo.java:lambda$new$0(51)) - f0cb1a3f-6ac7-4eb8-9514-6a797ff8471f@group-6247FF3E413E->3eeab9a4-47d5-4980-9c6e-5102901e869a: nextIndex: updateUnconditionally 1 -> 0
2019-10-09 13:04:02,540 [grpc-default-executor-1] INFO  server.GrpcLogAppender (GrpcLogAppender.java:onError(282)) - f0cb1a3f-6ac7-4eb8-9514-6a797ff8471f@group-6247FF3E413E->4f75c367-51e4-41c9-9287-4e8dd97f5c38-GrpcLogAppender is stopped
2019-10-09 13:04:02,540 [org.apache.ratis.server.impl.LogAppender$AppenderDaemon$$Lambda$493/462031746@34450200] WARN  server.GrpcLogAppender (GrpcLogAppender.java:mayWait(143)) - f0cb1a3f-6ac7-4eb8-9514-6a797ff8471f@group-6247FF3E413E->4f75c367-51e4-41c9-9287-4e8dd97f5c38-GrpcLogAppender: Wait interrupted by java.lang.InterruptedException
2019-10-09 13:04:02,540 [grpc-default-executor-4] WARN  server.GrpcServerProtocolService (LogUtils.java:warn(134)) - 4f75c367-51e4-41c9-9287-4e8dd97f5c38: installSnapshot onError, lastRequest: f0cb1a3f-6ac7-4eb8-9514-6a797ff8471f->4f75c367-51e4-41c9-9287-4e8dd97f5c38#5-t1, previous=(t:1, i:0), leaderCommit=0, initializing? false, entries: <empty>: org.apache.ratis.thirdparty.io.grpc.StatusRuntimeException: CANCELLED: cancelled before receiving half close
2019-10-09 13:04:02,540 [grpc-default-executor-5] WARN  server.GrpcServerProtocolService (LogUtils.java:warn(134)) - 3eeab9a4-47d5-4980-9c6e-5102901e869a: installSnapshot onError, lastRequest: f0cb1a3f-6ac7-4eb8-9514-6a797ff8471f->3eeab9a4-47d5-4980-9c6e-5102901e869a#5-t1, previous=(t:1, i:0), leaderCommit=0, initializing? false, entries: <empty>: org.apache.ratis.thirdparty.io.grpc.StatusRuntimeException: CANCELLED: cancelled before receiving half close
2019-10-09 13:04:02,540 [main] INFO  impl.StateMachineUpdater (StateMachineUpdater.java:stopAndJoin(125)) - f0cb1a3f-6ac7-4eb8-9514-6a797ff8471f@group-6247FF3E413E-StateMachineUpdater: set stopIndex = 0
2019-10-09 13:04:02,541 [main] INFO  impl.RaftServerImpl (ServerState.java:close(385)) - f0cb1a3f-6ac7-4eb8-9514-6a797ff8471f@group-6247FF3E413E: closes. applyIndex: 0
2019-10-09 13:04:02,542 [f0cb1a3f-6ac7-4eb8-9514-6a797ff8471f@group-6247FF3E413E-SegmentedRaftLogWorker] INFO  segmented.SegmentedRaftLogWorker (SegmentedRaftLogWorker.java:run(313)) - f0cb1a3f-6ac7-4eb8-9514-6a797ff8471f@group-6247FF3E413E-SegmentedRaftLogWorker was interrupted, exiting. There are 0 tasks remaining in the queue.
2019-10-09 13:04:02,544 [main] INFO  segmented.SegmentedRaftLogWorker (SegmentedRaftLogWorker.java:close(228)) - f0cb1a3f-6ac7-4eb8-9514-6a797ff8471f@group-6247FF3E413E-SegmentedRaftLogWorker close()
2019-10-09 13:04:02,548 [main] INFO  impl.RaftServerImpl (RaftServerImpl.java:lambda$shutdown$3(251)) - f0cb1a3f-6ac7-4eb8-9514-6a797ff8471f@group-A483B260BC72: shutdown
2019-10-09 13:04:02,550 [main] INFO  util.JmxRegister (JmxRegister.java:unregister(73)) - Successfully un-registered JMX Bean with object name Ratis:service=RaftServer,group=group-A483B260BC72,id=f0cb1a3f-6ac7-4eb8-9514-6a797ff8471f
2019-10-09 13:04:02,550 [main] INFO  impl.RoleInfo (RoleInfo.java:shutdownFollowerState(121)) - f0cb1a3f-6ac7-4eb8-9514-6a797ff8471f: shutdown FollowerState
2019-10-09 13:04:02,550 [main] INFO  impl.StateMachineUpdater (StateMachineUpdater.java:stopAndJoin(125)) - f0cb1a3f-6ac7-4eb8-9514-6a797ff8471f@group-A483B260BC72-StateMachineUpdater: set stopIndex = 0
2019-10-09 13:04:02,550 [Thread-395] INFO  impl.FollowerState (FollowerState.java:run(115)) - f0cb1a3f-6ac7-4eb8-9514-6a797ff8471f: FollowerState was interrupted: java.lang.InterruptedException: sleep interrupted
2019-10-09 13:04:02,550 [main] INFO  impl.RaftServerImpl (ServerState.java:close(385)) - f0cb1a3f-6ac7-4eb8-9514-6a797ff8471f@group-A483B260BC72: closes. applyIndex: 0
2019-10-09 13:04:02,551 [f0cb1a3f-6ac7-4eb8-9514-6a797ff8471f@group-A483B260BC72-SegmentedRaftLogWorker] INFO  segmented.SegmentedRaftLogWorker (SegmentedRaftLogWorker.java:run(313)) - f0cb1a3f-6ac7-4eb8-9514-6a797ff8471f@group-A483B260BC72-SegmentedRaftLogWorker was interrupted, exiting. There are 0 tasks remaining in the queue.
2019-10-09 13:04:02,553 [main] INFO  segmented.SegmentedRaftLogWorker (SegmentedRaftLogWorker.java:close(228)) - f0cb1a3f-6ac7-4eb8-9514-6a797ff8471f@group-A483B260BC72-SegmentedRaftLogWorker close()
2019-10-09 13:04:02,558 [main] INFO  impl.RaftServerImpl (RaftServerImpl.java:lambda$shutdown$3(251)) - f0cb1a3f-6ac7-4eb8-9514-6a797ff8471f@group-75761DEE94FB: shutdown
2019-10-09 13:04:02,558 [main] INFO  util.JmxRegister (JmxRegister.java:unregister(73)) - Successfully un-registered JMX Bean with object name Ratis:service=RaftServer,group=group-75761DEE94FB,id=f0cb1a3f-6ac7-4eb8-9514-6a797ff8471f
2019-10-09 13:04:02,558 [main] INFO  impl.RoleInfo (RoleInfo.java:shutdownFollowerState(121)) - f0cb1a3f-6ac7-4eb8-9514-6a797ff8471f: shutdown FollowerState
2019-10-09 13:04:02,559 [main] INFO  impl.StateMachineUpdater (StateMachineUpdater.java:stopAndJoin(125)) - f0cb1a3f-6ac7-4eb8-9514-6a797ff8471f@group-75761DEE94FB-StateMachineUpdater: set stopIndex = 0
2019-10-09 13:04:02,559 [Thread-388] INFO  impl.FollowerState (FollowerState.java:run(115)) - f0cb1a3f-6ac7-4eb8-9514-6a797ff8471f: FollowerState was interrupted: java.lang.InterruptedException: sleep interrupted
2019-10-09 13:04:02,559 [main] INFO  impl.RaftServerImpl (ServerState.java:close(385)) - f0cb1a3f-6ac7-4eb8-9514-6a797ff8471f@group-75761DEE94FB: closes. applyIndex: 0
2019-10-09 13:04:02,560 [f0cb1a3f-6ac7-4eb8-9514-6a797ff8471f@group-75761DEE94FB-SegmentedRaftLogWorker] INFO  segmented.SegmentedRaftLogWorker (SegmentedRaftLogWorker.java:run(313)) - f0cb1a3f-6ac7-4eb8-9514-6a797ff8471f@group-75761DEE94FB-SegmentedRaftLogWorker was interrupted, exiting. There are 0 tasks remaining in the queue.
2019-10-09 13:04:02,561 [main] INFO  segmented.SegmentedRaftLogWorker (SegmentedRaftLogWorker.java:close(228)) - f0cb1a3f-6ac7-4eb8-9514-6a797ff8471f@group-75761DEE94FB-SegmentedRaftLogWorker close()
2019-10-09 13:04:02,596 [f0cb1a3f-6ac7-4eb8-9514-6a797ff8471f@group-C24D4FE0C6F2-StateMachineUpdater] INFO  ratis.ContainerStateMachine (ContainerStateMachine.java:takeSnapshot(300)) - group-C24D4FE0C6F2: Finished taking a snapshot at:(t:2, i:15) file:/workdir/hadoop-ozone/integration-test/target/test-dir/MiniOzoneClusterImpl-92c4d179-1d16-4416-8bce-4538b25b782c/datanode-0/data/ratis/1c735ac8-e1e7-4625-9f7b-c24d4fe0c6f2/sm/snapshot.2_15 time:64
2019-10-09 13:04:02,597 [f0cb1a3f-6ac7-4eb8-9514-6a797ff8471f@group-C24D4FE0C6F2-StateMachineUpdater] INFO  impl.StateMachineUpdater (StateMachineUpdater.java:takeSnapshot(258)) - f0cb1a3f-6ac7-4eb8-9514-6a797ff8471f@group-C24D4FE0C6F2-StateMachineUpdater: Took a snapshot at index 15
2019-10-09 13:04:02,598 [f0cb1a3f-6ac7-4eb8-9514-6a797ff8471f@group-C24D4FE0C6F2-StateMachineUpdater] INFO  impl.StateMachineUpdater (StateMachineUpdater.java:lambda$new$0(83)) - f0cb1a3f-6ac7-4eb8-9514-6a797ff8471f@group-C24D4FE0C6F2-StateMachineUpdater: snapshotIndex: updateIncreasingly -1 -> 15
2019-10-09 13:04:02,604 [f0cb1a3f-6ac7-4eb8-9514-6a797ff8471f@group-C24D4FE0C6F2-StateMachineUpdater] INFO  ratis.ContainerStateMachine (ContainerStateMachine.java:takeSnapshot(289)) - group-C24D4FE0C6F2: Taking a snapshot at:(t:2, i:15) file /workdir/hadoop-ozone/integration-test/target/test-dir/MiniOzoneClusterImpl-92c4d179-1d16-4416-8bce-4538b25b782c/datanode-0/data/ratis/1c735ac8-e1e7-4625-9f7b-c24d4fe0c6f2/sm/snapshot.2_15
2019-10-09 13:04:02,616 [f0cb1a3f-6ac7-4eb8-9514-6a797ff8471f@group-C24D4FE0C6F2-StateMachineUpdater] INFO  ratis.ContainerStateMachine (ContainerStateMachine.java:takeSnapshot(300)) - group-C24D4FE0C6F2: Finished taking a snapshot at:(t:2, i:15) file:/workdir/hadoop-ozone/integration-test/target/test-dir/MiniOzoneClusterImpl-92c4d179-1d16-4416-8bce-4538b25b782c/datanode-0/data/ratis/1c735ac8-e1e7-4625-9f7b-c24d4fe0c6f2/sm/snapshot.2_15 time:12
2019-10-09 13:04:02,616 [f0cb1a3f-6ac7-4eb8-9514-6a797ff8471f@group-C24D4FE0C6F2-StateMachineUpdater] INFO  impl.StateMachineUpdater (StateMachineUpdater.java:takeSnapshot(258)) - f0cb1a3f-6ac7-4eb8-9514-6a797ff8471f@group-C24D4FE0C6F2-StateMachineUpdater: Took a snapshot at index 15
2019-10-09 13:04:02,617 [f0cb1a3f-6ac7-4eb8-9514-6a797ff8471f@group-C24D4FE0C6F2-StateMachineUpdater] INFO  impl.StateMachineUpdater (StateMachineUpdater.java:lambda$new$0(83)) - f0cb1a3f-6ac7-4eb8-9514-6a797ff8471f@group-C24D4FE0C6F2-StateMachineUpdater: snapshotIndex: updateIncreasingly 15 -> 15
2019-10-09 13:04:02,617 [ForkJoinPool.commonPool-worker-1] INFO  impl.RaftServerImpl (ServerState.java:close(385)) - f0cb1a3f-6ac7-4eb8-9514-6a797ff8471f@group-C24D4FE0C6F2: closes. applyIndex: 16
2019-10-09 13:04:02,617 [f0cb1a3f-6ac7-4eb8-9514-6a797ff8471f@group-C24D4FE0C6F2-SegmentedRaftLogWorker] INFO  segmented.SegmentedRaftLogWorker (SegmentedRaftLogWorker.java:run(313)) - f0cb1a3f-6ac7-4eb8-9514-6a797ff8471f@group-C24D4FE0C6F2-SegmentedRaftLogWorker was interrupted, exiting. There are 0 tasks remaining in the queue.
2019-10-09 13:04:02,619 [ForkJoinPool.commonPool-worker-1] INFO  segmented.SegmentedRaftLogWorker (SegmentedRaftLogWorker.java:close(228)) - f0cb1a3f-6ac7-4eb8-9514-6a797ff8471f@group-C24D4FE0C6F2-SegmentedRaftLogWorker close()
2019-10-09 13:04:02,622 [ForkJoinPool.commonPool-worker-1] INFO  impl.RaftServerImpl (RaftServerImpl.java:lambda$shutdown$3(251)) - f0cb1a3f-6ac7-4eb8-9514-6a797ff8471f@group-DDAC6CD64C05: shutdown
2019-10-09 13:04:02,622 [ForkJoinPool.commonPool-worker-1] INFO  util.JmxRegister (JmxRegister.java:unregister(73)) - Successfully un-registered JMX Bean with object name Ratis:service=RaftServer,group=group-DDAC6CD64C05,id=f0cb1a3f-6ac7-4eb8-9514-6a797ff8471f
2019-10-09 13:04:02,622 [ForkJoinPool.commonPool-worker-1] INFO  impl.RoleInfo (RoleInfo.java:shutdownFollowerState(121)) - f0cb1a3f-6ac7-4eb8-9514-6a797ff8471f: shutdown FollowerState
2019-10-09 13:04:02,622 [ForkJoinPool.commonPool-worker-1] INFO  impl.StateMachineUpdater (StateMachineUpdater.java:stopAndJoin(125)) - f0cb1a3f-6ac7-4eb8-9514-6a797ff8471f@group-DDAC6CD64C05-StateMachineUpdater: set stopIndex = 0
2019-10-09 13:04:02,622 [Thread-469] INFO  impl.FollowerState (FollowerState.java:run(115)) - f0cb1a3f-6ac7-4eb8-9514-6a797ff8471f: FollowerState was interrupted: java.lang.InterruptedException: sleep interrupted
2019-10-09 13:04:02,624 [ForkJoinPool.commonPool-worker-1] INFO  impl.RaftServerImpl (ServerState.java:close(385)) - f0cb1a3f-6ac7-4eb8-9514-6a797ff8471f@group-DDAC6CD64C05: closes. applyIndex: 0
2019-10-09 13:04:02,624 [f0cb1a3f-6ac7-4eb8-9514-6a797ff8471f@group-DDAC6CD64C05-SegmentedRaftLogWorker] INFO  segmented.SegmentedRaftLogWorker (SegmentedRaftLogWorker.java:run(313)) - f0cb1a3f-6ac7-4eb8-9514-6a797ff8471f@group-DDAC6CD64C05-SegmentedRaftLogWorker was interrupted, exiting. There are 0 tasks remaining in the queue.
2019-10-09 13:04:02,626 [ForkJoinPool.commonPool-worker-1] INFO  segmented.SegmentedRaftLogWorker (SegmentedRaftLogWorker.java:close(228)) - f0cb1a3f-6ac7-4eb8-9514-6a797ff8471f@group-DDAC6CD64C05-SegmentedRaftLogWorker close()
2019-10-09 13:04:02,629 [main] INFO  server.GrpcService (GrpcService.java:closeImpl(164)) - f0cb1a3f-6ac7-4eb8-9514-6a797ff8471f: shutdown server with port 39769 now
2019-10-09 13:04:02,632 [grpc-default-executor-0] WARN  server.GrpcServerProtocolService (LogUtils.java:warn(134)) - f0cb1a3f-6ac7-4eb8-9514-6a797ff8471f: installSnapshot onError, lastRequest: 4f75c367-51e4-41c9-9287-4e8dd97f5c38->f0cb1a3f-6ac7-4eb8-9514-6a797ff8471f#5-t1, previous=(t:1, i:0), leaderCommit=0, initializing? false, entries: <empty>: org.apache.ratis.thirdparty.io.grpc.StatusRuntimeException: CANCELLED: cancelled before receiving half close
2019-10-09 13:04:02,632 [grpc-default-executor-1] WARN  server.GrpcServerProtocolService (LogUtils.java:warn(134)) - f0cb1a3f-6ac7-4eb8-9514-6a797ff8471f: installSnapshot onError, lastRequest: 4f75c367-51e4-41c9-9287-4e8dd97f5c38->f0cb1a3f-6ac7-4eb8-9514-6a797ff8471f#3-t2, previous=(t:2, i:0), leaderCommit=0, initializing? false, entries: <empty>: org.apache.ratis.thirdparty.io.grpc.StatusRuntimeException: CANCELLED: cancelled before receiving half close
2019-10-09 13:04:02,632 [grpc-default-executor-3] WARN  server.GrpcServerProtocolService (LogUtils.java:warn(134)) - f0cb1a3f-6ac7-4eb8-9514-6a797ff8471f: installSnapshot onError, lastRequest: 3eeab9a4-47d5-4980-9c6e-5102901e869a->f0cb1a3f-6ac7-4eb8-9514-6a797ff8471f#5-t1, previous=(t:1, i:0), leaderCommit=0, initializing? false, entries: <empty>: org.apache.ratis.thirdparty.io.grpc.StatusRuntimeException: CANCELLED: cancelled before receiving half close
2019-10-09 13:04:02,632 [grpc-default-executor-5] WARN  server.GrpcServerProtocolService (LogUtils.java:warn(134)) - f0cb1a3f-6ac7-4eb8-9514-6a797ff8471f: installSnapshot onError, lastRequest: 3eeab9a4-47d5-4980-9c6e-5102901e869a->f0cb1a3f-6ac7-4eb8-9514-6a797ff8471f#3-t2, previous=(t:2, i:0), leaderCommit=0, initializing? false, entries: <empty>: org.apache.ratis.thirdparty.io.grpc.StatusRuntimeException: CANCELLED: cancelled before receiving half close
2019-10-09 13:04:02,632 [grpc-default-executor-2] WARN  client.GrpcClientProtocolService (LogUtils.java:warn(134)) - 5-UnorderedRequestStreamObserver5: onError: org.apache.ratis.thirdparty.io.grpc.StatusRuntimeException: CANCELLED: cancelled before receiving half close
2019-10-09 13:04:02,632 [grpc-default-executor-6] WARN  server.GrpcServerProtocolService (LogUtils.java:warn(134)) - f0cb1a3f-6ac7-4eb8-9514-6a797ff8471f: installSnapshot onError, lastRequest: 3eeab9a4-47d5-4980-9c6e-5102901e869a->f0cb1a3f-6ac7-4eb8-9514-6a797ff8471f#5-t1, previous=(t:1, i:0), leaderCommit=0, initializing? false, entries: <empty>: org.apache.ratis.thirdparty.io.grpc.StatusRuntimeException: CANCELLED: cancelled before receiving half close
2019-10-09 13:04:02,632 [main] INFO  server.GrpcService (GrpcService.java:closeImpl(172)) - f0cb1a3f-6ac7-4eb8-9514-6a797ff8471f: shutdown server with port 39769 successfully
2019-10-09 13:04:02,633 [grpc-default-executor-2] WARN  server.GrpcLogAppender (LogUtils.java:warn(134)) - 4f75c367-51e4-41c9-9287-4e8dd97f5c38@group-A483B260BC72->f0cb1a3f-6ac7-4eb8-9514-6a797ff8471f-AppendLogResponseHandler: Failed appendEntries: org.apache.ratis.thirdparty.io.grpc.StatusRuntimeException: CANCELLED: HTTP/2 error code: CANCEL
Received Rst Stream
2019-10-09 13:04:02,633 [grpc-default-executor-4] WARN  server.GrpcLogAppender (LogUtils.java:warn(134)) - 4f75c367-51e4-41c9-9287-4e8dd97f5c38@group-F4DE2F4D7E72->f0cb1a3f-6ac7-4eb8-9514-6a797ff8471f-AppendLogResponseHandler: Failed appendEntries: org.apache.ratis.thirdparty.io.grpc.StatusRuntimeException: CANCELLED: HTTP/2 error code: CANCEL
Received Rst Stream
2019-10-09 13:04:02,636 [grpc-default-executor-7] WARN  server.GrpcLogAppender (LogUtils.java:warn(134)) - 3eeab9a4-47d5-4980-9c6e-5102901e869a@group-153C1C6005E2->f0cb1a3f-6ac7-4eb8-9514-6a797ff8471f-AppendLogResponseHandler: Failed appendEntries: org.apache.ratis.thirdparty.io.grpc.StatusRuntimeException: CANCELLED: HTTP/2 error code: CANCEL
Received Rst Stream
2019-10-09 13:04:02,636 [grpc-default-executor-5] WARN  server.GrpcLogAppender (LogUtils.java:warn(134)) - 3eeab9a4-47d5-4980-9c6e-5102901e869a@group-75761DEE94FB->f0cb1a3f-6ac7-4eb8-9514-6a797ff8471f-AppendLogResponseHandler: Failed appendEntries: org.apache.ratis.thirdparty.io.grpc.StatusRuntimeException: CANCELLED: HTTP/2 error code: CANCEL
Received Rst Stream
2019-10-09 13:04:02,636 [grpc-default-executor-2] INFO  impl.FollowerInfo (FollowerInfo.java:lambda$new$0(51)) - 4f75c367-51e4-41c9-9287-4e8dd97f5c38@group-A483B260BC72->f0cb1a3f-6ac7-4eb8-9514-6a797ff8471f: nextIndex: updateUnconditionally 1 -> 0
2019-10-09 13:04:02,639 [grpc-default-executor-5] INFO  impl.FollowerInfo (FollowerInfo.java:lambda$new$0(51)) - 3eeab9a4-47d5-4980-9c6e-5102901e869a@group-75761DEE94FB->f0cb1a3f-6ac7-4eb8-9514-6a797ff8471f: nextIndex: updateUnconditionally 1 -> 0
2019-10-09 13:04:02,639 [grpc-default-executor-7] INFO  impl.FollowerInfo (FollowerInfo.java:lambda$new$0(51)) - 3eeab9a4-47d5-4980-9c6e-5102901e869a@group-153C1C6005E2->f0cb1a3f-6ac7-4eb8-9514-6a797ff8471f: nextIndex: updateUnconditionally 1 -> 0
2019-10-09 13:04:02,636 [grpc-default-executor-4] INFO  impl.FollowerInfo (FollowerInfo.java:lambda$new$0(51)) - 4f75c367-51e4-41c9-9287-4e8dd97f5c38@group-F4DE2F4D7E72->f0cb1a3f-6ac7-4eb8-9514-6a797ff8471f: nextIndex: updateUnconditionally 1 -> 0
2019-10-09 13:04:02,640 [grpc-default-executor-9] WARN  server.GrpcLogAppender (LogUtils.java:warn(134)) - 3eeab9a4-47d5-4980-9c6e-5102901e869a@group-DDAC6CD64C05->f0cb1a3f-6ac7-4eb8-9514-6a797ff8471f-AppendLogResponseHandler: Failed appendEntries: org.apache.ratis.thirdparty.io.grpc.StatusRuntimeException: CANCELLED: HTTP/2 error code: CANCEL
Received Rst Stream
2019-10-09 13:04:02,642 [grpc-default-executor-9] INFO  impl.FollowerInfo (FollowerInfo.java:lambda$new$0(51)) - 3eeab9a4-47d5-4980-9c6e-5102901e869a@group-DDAC6CD64C05->f0cb1a3f-6ac7-4eb8-9514-6a797ff8471f: nextIndex: updateUnconditionally 1 -> 0
2019-10-09 13:04:02,643 [refreshUsed-/workdir/hadoop-ozone/integration-test/target/test-dir/MiniOzoneClusterImpl-92c4d179-1d16-4416-8bce-4538b25b782c/datanode-0/data/containers] WARN  fs.CachingGetSpaceUsed (CachingGetSpaceUsed.java:run(183)) - Thread Interrupted waiting to refresh disk information: sleep interrupted
2019-10-09 13:04:02,659 [main] INFO  utils.BackgroundService (BackgroundService.java:shutdown(148)) - Shutting down service BlockDeletingService
2019-10-09 13:04:02,663 [main] INFO  statemachine.DatanodeStateMachine (DatanodeStateMachine.java:stopDaemon(395)) - Ozone container server stopped.
2019-10-09 13:04:02,668 [main] INFO  handler.ContextHandler (ContextHandler.java:doStop(910)) - Stopped o.e.j.w.WebAppContext@5df778c3{/,null,UNAVAILABLE}{/hddsDatanode}
2019-10-09 13:04:02,673 [main] INFO  server.AbstractConnector (AbstractConnector.java:doStop(318)) - Stopped ServerConnector@895416d{HTTP/1.1,[http/1.1]}{0.0.0.0:0}
2019-10-09 13:04:02,673 [main] INFO  handler.ContextHandler (ContextHandler.java:doStop(910)) - Stopped o.e.j.s.ServletContextHandler@6403e24c{/static,jar:file:/home/user/.m2/repository/org/apache/hadoop/hadoop-hdds-container-service/0.5.0-SNAPSHOT/hadoop-hdds-container-service-0.5.0-SNAPSHOT.jar!/webapps/static,UNAVAILABLE}
2019-10-09 13:04:02,674 [main] INFO  handler.ContextHandler (ContextHandler.java:doStop(910)) - Stopped o.e.j.s.ServletContextHandler@43045f9f{/logs,file:///workdir/hadoop-ozone/integration-test/target/log,UNAVAILABLE}
2019-10-09 13:04:03,118 [Datanode State Machine Thread - 0] INFO  statemachine.DatanodeStateMachine (DatanodeStateMachine.java:lambda$startDaemon$0(350)) - Ozone container server started.
2019-10-09 13:04:03,890 [grpc-default-executor-6] WARN  server.GrpcLogAppender (LogUtils.java:warn(134)) - 3eeab9a4-47d5-4980-9c6e-5102901e869a@group-DDAC6CD64C05->f0cb1a3f-6ac7-4eb8-9514-6a797ff8471f-AppendLogResponseHandler: Failed appendEntries: org.apache.ratis.thirdparty.io.grpc.StatusRuntimeException: UNAVAILABLE: io exception
2019-10-09 13:04:03,894 [grpc-default-executor-6] INFO  impl.FollowerInfo (FollowerInfo.java:lambda$new$0(51)) - 3eeab9a4-47d5-4980-9c6e-5102901e869a@group-DDAC6CD64C05->f0cb1a3f-6ac7-4eb8-9514-6a797ff8471f: nextIndex: updateUnconditionally 0 -> 0
2019-10-09 13:04:03,899 [grpc-default-executor-1] WARN  server.GrpcLogAppender (LogUtils.java:warn(134)) - 4f75c367-51e4-41c9-9287-4e8dd97f5c38@group-A483B260BC72->f0cb1a3f-6ac7-4eb8-9514-6a797ff8471f-AppendLogResponseHandler: Failed appendEntries: org.apache.ratis.thirdparty.io.grpc.StatusRuntimeException: UNAVAILABLE: io exception
2019-10-09 13:04:03,901 [grpc-default-executor-1] INFO  impl.FollowerInfo (FollowerInfo.java:lambda$new$0(51)) - 4f75c367-51e4-41c9-9287-4e8dd97f5c38@group-A483B260BC72->f0cb1a3f-6ac7-4eb8-9514-6a797ff8471f: nextIndex: updateUnconditionally 0 -> 0
2019-10-09 13:04:03,989 [grpc-default-executor-6] WARN  server.GrpcLogAppender (LogUtils.java:warn(134)) - 3eeab9a4-47d5-4980-9c6e-5102901e869a@group-75761DEE94FB->f0cb1a3f-6ac7-4eb8-9514-6a797ff8471f-AppendLogResponseHandler: Failed appendEntries: org.apache.ratis.thirdparty.io.grpc.StatusRuntimeException: UNAVAILABLE: io exception
2019-10-09 13:04:03,992 [grpc-default-executor-6] INFO  impl.FollowerInfo (FollowerInfo.java:lambda$new$0(51)) - 3eeab9a4-47d5-4980-9c6e-5102901e869a@group-75761DEE94FB->f0cb1a3f-6ac7-4eb8-9514-6a797ff8471f: nextIndex: updateUnconditionally 0 -> 0
2019-10-09 13:04:04,178 [grpc-default-executor-1] WARN  server.GrpcLogAppender (LogUtils.java:warn(134)) - 3eeab9a4-47d5-4980-9c6e-5102901e869a@group-153C1C6005E2->f0cb1a3f-6ac7-4eb8-9514-6a797ff8471f-AppendLogResponseHandler: Failed appendEntries: org.apache.ratis.thirdparty.io.grpc.StatusRuntimeException: UNAVAILABLE: io exception
2019-10-09 13:04:04,181 [grpc-default-executor-1] INFO  impl.FollowerInfo (FollowerInfo.java:lambda$new$0(51)) - 3eeab9a4-47d5-4980-9c6e-5102901e869a@group-153C1C6005E2->f0cb1a3f-6ac7-4eb8-9514-6a797ff8471f: nextIndex: updateUnconditionally 0 -> 0
2019-10-09 13:04:04,201 [grpc-default-executor-9] WARN  server.GrpcLogAppender (LogUtils.java:warn(134)) - 4f75c367-51e4-41c9-9287-4e8dd97f5c38@group-F4DE2F4D7E72->f0cb1a3f-6ac7-4eb8-9514-6a797ff8471f-AppendLogResponseHandler: Failed appendEntries: org.apache.ratis.thirdparty.io.grpc.StatusRuntimeException: UNAVAILABLE: io exception
2019-10-09 13:04:04,203 [grpc-default-executor-9] INFO  impl.FollowerInfo (FollowerInfo.java:lambda$new$0(51)) - 4f75c367-51e4-41c9-9287-4e8dd97f5c38@group-F4DE2F4D7E72->f0cb1a3f-6ac7-4eb8-9514-6a797ff8471f: nextIndex: updateUnconditionally 0 -> 0
2019-10-09 13:04:06,388 [grpc-default-executor-9] WARN  server.GrpcLogAppender (LogUtils.java:warn(134)) - 3eeab9a4-47d5-4980-9c6e-5102901e869a@group-DDAC6CD64C05->f0cb1a3f-6ac7-4eb8-9514-6a797ff8471f-AppendLogResponseHandler: Failed appendEntries: org.apache.ratis.thirdparty.io.grpc.StatusRuntimeException: UNAVAILABLE: io exception
2019-10-09 13:04:06,395 [grpc-default-executor-9] INFO  impl.FollowerInfo (FollowerInfo.java:lambda$new$0(51)) - 3eeab9a4-47d5-4980-9c6e-5102901e869a@group-DDAC6CD64C05->f0cb1a3f-6ac7-4eb8-9514-6a797ff8471f: nextIndex: updateUnconditionally 0 -> 0
2019-10-09 13:04:06,400 [grpc-default-executor-1] WARN  server.GrpcLogAppender (LogUtils.java:warn(134)) - 4f75c367-51e4-41c9-9287-4e8dd97f5c38@group-A483B260BC72->f0cb1a3f-6ac7-4eb8-9514-6a797ff8471f-AppendLogResponseHandler: Failed appendEntries: org.apache.ratis.thirdparty.io.grpc.StatusRuntimeException: UNAVAILABLE: io exception
2019-10-09 13:04:06,416 [grpc-default-executor-1] INFO  impl.FollowerInfo (FollowerInfo.java:lambda$new$0(51)) - 4f75c367-51e4-41c9-9287-4e8dd97f5c38@group-A483B260BC72->f0cb1a3f-6ac7-4eb8-9514-6a797ff8471f: nextIndex: updateUnconditionally 0 -> 0
2019-10-09 13:04:06,493 [grpc-default-executor-9] WARN  server.GrpcLogAppender (LogUtils.java:warn(134)) - 3eeab9a4-47d5-4980-9c6e-5102901e869a@group-75761DEE94FB->f0cb1a3f-6ac7-4eb8-9514-6a797ff8471f-AppendLogResponseHandler: Failed appendEntries: org.apache.ratis.thirdparty.io.grpc.StatusRuntimeException: UNAVAILABLE: io exception
2019-10-09 13:04:06,498 [grpc-default-executor-9] INFO  impl.FollowerInfo (FollowerInfo.java:lambda$new$0(51)) - 3eeab9a4-47d5-4980-9c6e-5102901e869a@group-75761DEE94FB->f0cb1a3f-6ac7-4eb8-9514-6a797ff8471f: nextIndex: updateUnconditionally 0 -> 0
2019-10-09 13:04:06,680 [grpc-default-executor-1] WARN  server.GrpcLogAppender (LogUtils.java:warn(134)) - 3eeab9a4-47d5-4980-9c6e-5102901e869a@group-153C1C6005E2->f0cb1a3f-6ac7-4eb8-9514-6a797ff8471f-AppendLogResponseHandler: Failed appendEntries: org.apache.ratis.thirdparty.io.grpc.StatusRuntimeException: UNAVAILABLE: io exception
2019-10-09 13:04:06,684 [grpc-default-executor-1] INFO  impl.FollowerInfo (FollowerInfo.java:lambda$new$0(51)) - 3eeab9a4-47d5-4980-9c6e-5102901e869a@group-153C1C6005E2->f0cb1a3f-6ac7-4eb8-9514-6a797ff8471f: nextIndex: updateUnconditionally 0 -> 0
2019-10-09 13:04:06,703 [grpc-default-executor-9] WARN  server.GrpcLogAppender (LogUtils.java:warn(134)) - 4f75c367-51e4-41c9-9287-4e8dd97f5c38@group-F4DE2F4D7E72->f0cb1a3f-6ac7-4eb8-9514-6a797ff8471f-AppendLogResponseHandler: Failed appendEntries: org.apache.ratis.thirdparty.io.grpc.StatusRuntimeException: UNAVAILABLE: io exception
2019-10-09 13:04:06,705 [grpc-default-executor-9] INFO  impl.FollowerInfo (FollowerInfo.java:lambda$new$0(51)) - 4f75c367-51e4-41c9-9287-4e8dd97f5c38@group-F4DE2F4D7E72->f0cb1a3f-6ac7-4eb8-9514-6a797ff8471f: nextIndex: updateUnconditionally 0 -> 0
2019-10-09 13:04:07,178 [EventQueue-StaleNodeForStaleNodeHandler] INFO  node.StaleNodeHandler (StaleNodeHandler.java:onMessage(58)) - Datanode 4f75c367-51e4-41c9-9287-4e8dd97f5c38{ip: 192.168.5.175, host: pr-hdds-1569-mfl88-1504498049, networkLocation: /default-rack, certSerialId: null} moved to stale state. Finalizing its pipelines [PipelineID=b78709e8-1a0a-42c2-b8a0-6247ff3e413e, PipelineID=8b67ea2b-8e0b-404b-87ee-a483b260bc72, PipelineID=dc025f63-628d-4b31-b53d-75761dee94fb, PipelineID=37c8a01b-3624-420c-8a61-153c1c6005e2, PipelineID=68a86807-51ce-4814-96be-f4de2f4d7e72, PipelineID=24892c10-72a5-47b6-85e0-692c1a1a7fb0, PipelineID=1c735ac8-e1e7-4625-9f7b-c24d4fe0c6f2, PipelineID=600c02ec-5a9f-45c6-8688-ddac6cd64c05]
2019-10-09 13:04:07,179 [EventQueue-StaleNodeForStaleNodeHandler] INFO  pipeline.SCMPipelineManager (SCMPipelineManager.java:finalizeAndDestroyPipeline(342)) - destroying pipeline:Pipeline[ Id: b78709e8-1a0a-42c2-b8a0-6247ff3e413e, Nodes: 3eeab9a4-47d5-4980-9c6e-5102901e869a{ip: 192.168.5.175, host: pr-hdds-1569-mfl88-1504498049, networkLocation: /default-rack, certSerialId: null}f0cb1a3f-6ac7-4eb8-9514-6a797ff8471f{ip: 192.168.5.175, host: pr-hdds-1569-mfl88-1504498049, networkLocation: /default-rack, certSerialId: null}4f75c367-51e4-41c9-9287-4e8dd97f5c38{ip: 192.168.5.175, host: pr-hdds-1569-mfl88-1504498049, networkLocation: /default-rack, certSerialId: null}, Type:RATIS, Factor:THREE, State:CLOSED]
2019-10-09 13:04:07,179 [EventQueue-StaleNodeForStaleNodeHandler] INFO  pipeline.SCMPipelineManager (SCMPipelineManager.java:finalizeAndDestroyPipeline(342)) - destroying pipeline:Pipeline[ Id: 8b67ea2b-8e0b-404b-87ee-a483b260bc72, Nodes: f0cb1a3f-6ac7-4eb8-9514-6a797ff8471f{ip: 192.168.5.175, host: pr-hdds-1569-mfl88-1504498049, networkLocation: /default-rack, certSerialId: null}3eeab9a4-47d5-4980-9c6e-5102901e869a{ip: 192.168.5.175, host: pr-hdds-1569-mfl88-1504498049, networkLocation: /default-rack, certSerialId: null}4f75c367-51e4-41c9-9287-4e8dd97f5c38{ip: 192.168.5.175, host: pr-hdds-1569-mfl88-1504498049, networkLocation: /default-rack, certSerialId: null}, Type:RATIS, Factor:THREE, State:CLOSED]
2019-10-09 13:04:07,179 [EventQueue-StaleNodeForStaleNodeHandler] INFO  pipeline.SCMPipelineManager (SCMPipelineManager.java:finalizeAndDestroyPipeline(342)) - destroying pipeline:Pipeline[ Id: dc025f63-628d-4b31-b53d-75761dee94fb, Nodes: f0cb1a3f-6ac7-4eb8-9514-6a797ff8471f{ip: 192.168.5.175, host: pr-hdds-1569-mfl88-1504498049, networkLocation: /default-rack, certSerialId: null}4f75c367-51e4-41c9-9287-4e8dd97f5c38{ip: 192.168.5.175, host: pr-hdds-1569-mfl88-1504498049, networkLocation: /default-rack, certSerialId: null}3eeab9a4-47d5-4980-9c6e-5102901e869a{ip: 192.168.5.175, host: pr-hdds-1569-mfl88-1504498049, networkLocation: /default-rack, certSerialId: null}, Type:RATIS, Factor:THREE, State:CLOSED]
2019-10-09 13:04:07,180 [EventQueue-StaleNodeForStaleNodeHandler] INFO  pipeline.SCMPipelineManager (SCMPipelineManager.java:finalizeAndDestroyPipeline(342)) - destroying pipeline:Pipeline[ Id: 37c8a01b-3624-420c-8a61-153c1c6005e2, Nodes: f0cb1a3f-6ac7-4eb8-9514-6a797ff8471f{ip: 192.168.5.175, host: pr-hdds-1569-mfl88-1504498049, networkLocation: /default-rack, certSerialId: null}3eeab9a4-47d5-4980-9c6e-5102901e869a{ip: 192.168.5.175, host: pr-hdds-1569-mfl88-1504498049, networkLocation: /default-rack, certSerialId: null}4f75c367-51e4-41c9-9287-4e8dd97f5c38{ip: 192.168.5.175, host: pr-hdds-1569-mfl88-1504498049, networkLocation: /default-rack, certSerialId: null}, Type:RATIS, Factor:THREE, State:CLOSED]
2019-10-09 13:04:07,180 [EventQueue-StaleNodeForStaleNodeHandler] INFO  pipeline.SCMPipelineManager (SCMPipelineManager.java:finalizeAndDestroyPipeline(342)) - destroying pipeline:Pipeline[ Id: 68a86807-51ce-4814-96be-f4de2f4d7e72, Nodes: 4f75c367-51e4-41c9-9287-4e8dd97f5c38{ip: 192.168.5.175, host: pr-hdds-1569-mfl88-1504498049, networkLocation: /default-rack, certSerialId: null}3eeab9a4-47d5-4980-9c6e-5102901e869a{ip: 192.168.5.175, host: pr-hdds-1569-mfl88-1504498049, networkLocation: /default-rack, certSerialId: null}f0cb1a3f-6ac7-4eb8-9514-6a797ff8471f{ip: 192.168.5.175, host: pr-hdds-1569-mfl88-1504498049, networkLocation: /default-rack, certSerialId: null}, Type:RATIS, Factor:THREE, State:CLOSED]
2019-10-09 13:04:07,180 [EventQueue-StaleNodeForStaleNodeHandler] INFO  pipeline.SCMPipelineManager (SCMPipelineManager.java:finalizeAndDestroyPipeline(342)) - destroying pipeline:Pipeline[ Id: 24892c10-72a5-47b6-85e0-692c1a1a7fb0, Nodes: 4f75c367-51e4-41c9-9287-4e8dd97f5c38{ip: 192.168.5.175, host: pr-hdds-1569-mfl88-1504498049, networkLocation: /default-rack, certSerialId: null}, Type:RATIS, Factor:ONE, State:OPEN]
2019-10-09 13:04:07,180 [EventQueue-StaleNodeForStaleNodeHandler] INFO  pipeline.PipelineStateManager (PipelineStateManager.java:finalizePipeline(123)) - Pipeline Pipeline[ Id: 24892c10-72a5-47b6-85e0-692c1a1a7fb0, Nodes: 4f75c367-51e4-41c9-9287-4e8dd97f5c38{ip: 192.168.5.175, host: pr-hdds-1569-mfl88-1504498049, networkLocation: /default-rack, certSerialId: null}, Type:RATIS, Factor:ONE, State:CLOSED] moved to CLOSED state
2019-10-09 13:04:07,180 [EventQueue-StaleNodeForStaleNodeHandler] INFO  pipeline.SCMPipelineManager (SCMPipelineManager.java:finalizeAndDestroyPipeline(342)) - destroying pipeline:Pipeline[ Id: 1c735ac8-e1e7-4625-9f7b-c24d4fe0c6f2, Nodes: f0cb1a3f-6ac7-4eb8-9514-6a797ff8471f{ip: 192.168.5.175, host: pr-hdds-1569-mfl88-1504498049, networkLocation: /default-rack, certSerialId: null}4f75c367-51e4-41c9-9287-4e8dd97f5c38{ip: 192.168.5.175, host: pr-hdds-1569-mfl88-1504498049, networkLocation: /default-rack, certSerialId: null}3eeab9a4-47d5-4980-9c6e-5102901e869a{ip: 192.168.5.175, host: pr-hdds-1569-mfl88-1504498049, networkLocation: /default-rack, certSerialId: null}, Type:RATIS, Factor:THREE, State:CLOSED]
2019-10-09 13:04:07,180 [EventQueue-StaleNodeForStaleNodeHandler] INFO  pipeline.SCMPipelineManager (SCMPipelineManager.java:finalizeAndDestroyPipeline(342)) - destroying pipeline:Pipeline[ Id: 600c02ec-5a9f-45c6-8688-ddac6cd64c05, Nodes: 3eeab9a4-47d5-4980-9c6e-5102901e869a{ip: 192.168.5.175, host: pr-hdds-1569-mfl88-1504498049, networkLocation: /default-rack, certSerialId: null}f0cb1a3f-6ac7-4eb8-9514-6a797ff8471f{ip: 192.168.5.175, host: pr-hdds-1569-mfl88-1504498049, networkLocation: /default-rack, certSerialId: null}4f75c367-51e4-41c9-9287-4e8dd97f5c38{ip: 192.168.5.175, host: pr-hdds-1569-mfl88-1504498049, networkLocation: /default-rack, certSerialId: null}, Type:RATIS, Factor:THREE, State:CLOSED]
2019-10-09 13:04:07,678 [main] INFO  ozoneimpl.OzoneContainer (OzoneContainer.java:stop(231)) - Attempting to stop container services.
2019-10-09 13:04:07,683 [main] INFO  impl.RaftServerProxy (RaftServerProxy.java:lambda$close$4(314)) - 4f75c367-51e4-41c9-9287-4e8dd97f5c38: close
2019-10-09 13:04:07,684 [main] INFO  impl.RaftServerImpl (RaftServerImpl.java:lambda$shutdown$3(251)) - 4f75c367-51e4-41c9-9287-4e8dd97f5c38@group-153C1C6005E2: shutdown
2019-10-09 13:04:07,684 [ForkJoinPool.commonPool-worker-0] INFO  impl.RaftServerImpl (RaftServerImpl.java:lambda$shutdown$3(251)) - 4f75c367-51e4-41c9-9287-4e8dd97f5c38@group-F4DE2F4D7E72: shutdown
2019-10-09 13:04:07,687 [main] INFO  util.JmxRegister (JmxRegister.java:unregister(73)) - Successfully un-registered JMX Bean with object name Ratis:service=RaftServer,group=group-153C1C6005E2,id=4f75c367-51e4-41c9-9287-4e8dd97f5c38
2019-10-09 13:04:07,687 [ForkJoinPool.commonPool-worker-0] INFO  util.JmxRegister (JmxRegister.java:unregister(73)) - Successfully un-registered JMX Bean with object name Ratis:service=RaftServer,group=group-F4DE2F4D7E72,id=4f75c367-51e4-41c9-9287-4e8dd97f5c38
2019-10-09 13:04:07,687 [main] INFO  impl.RoleInfo (RoleInfo.java:shutdownFollowerState(121)) - 4f75c367-51e4-41c9-9287-4e8dd97f5c38: shutdown FollowerState
2019-10-09 13:04:07,687 [ForkJoinPool.commonPool-worker-0] INFO  impl.RoleInfo (RoleInfo.java:shutdownLeaderState(104)) - 4f75c367-51e4-41c9-9287-4e8dd97f5c38: shutdown LeaderState
2019-10-09 13:04:07,688 [Thread-437] INFO  impl.FollowerState (FollowerState.java:run(115)) - 4f75c367-51e4-41c9-9287-4e8dd97f5c38: FollowerState was interrupted: java.lang.InterruptedException: sleep interrupted
2019-10-09 13:04:07,688 [main] INFO  impl.StateMachineUpdater (StateMachineUpdater.java:stopAndJoin(125)) - 4f75c367-51e4-41c9-9287-4e8dd97f5c38@group-153C1C6005E2-StateMachineUpdater: set stopIndex = 0
2019-10-09 13:04:07,695 [org.apache.ratis.server.impl.LogAppender$AppenderDaemon$$Lambda$493/462031746@38d5f9f1] WARN  server.GrpcLogAppender (GrpcLogAppender.java:mayWait(143)) - 4f75c367-51e4-41c9-9287-4e8dd97f5c38@group-F4DE2F4D7E72->f0cb1a3f-6ac7-4eb8-9514-6a797ff8471f-GrpcLogAppender: Wait interrupted by java.lang.InterruptedException
2019-10-09 13:04:07,695 [ForkJoinPool.commonPool-worker-0] INFO  impl.PendingRequests (PendingRequests.java:sendNotLeaderResponses(202)) - 4f75c367-51e4-41c9-9287-4e8dd97f5c38-PendingRequests: sendNotLeaderResponses
2019-10-09 13:04:07,695 [org.apache.ratis.server.impl.LogAppender$AppenderDaemon$$Lambda$493/462031746@3d640f4c] WARN  server.GrpcLogAppender (GrpcLogAppender.java:mayWait(143)) - 4f75c367-51e4-41c9-9287-4e8dd97f5c38@group-F4DE2F4D7E72->3eeab9a4-47d5-4980-9c6e-5102901e869a-GrpcLogAppender: Wait interrupted by java.lang.InterruptedException
2019-10-09 13:04:07,695 [main] INFO  impl.RaftServerImpl (ServerState.java:close(385)) - 4f75c367-51e4-41c9-9287-4e8dd97f5c38@group-153C1C6005E2: closes. applyIndex: 0
2019-10-09 13:04:07,696 [ForkJoinPool.commonPool-worker-0] INFO  impl.StateMachineUpdater (StateMachineUpdater.java:stopAndJoin(125)) - 4f75c367-51e4-41c9-9287-4e8dd97f5c38@group-F4DE2F4D7E72-StateMachineUpdater: set stopIndex = 0
2019-10-09 13:04:07,696 [ForkJoinPool.commonPool-worker-0] INFO  impl.RaftServerImpl (ServerState.java:close(385)) - 4f75c367-51e4-41c9-9287-4e8dd97f5c38@group-F4DE2F4D7E72: closes. applyIndex: 0
2019-10-09 13:04:07,697 [4f75c367-51e4-41c9-9287-4e8dd97f5c38@group-153C1C6005E2-SegmentedRaftLogWorker] INFO  segmented.SegmentedRaftLogWorker (SegmentedRaftLogWorker.java:run(313)) - 4f75c367-51e4-41c9-9287-4e8dd97f5c38@group-153C1C6005E2-SegmentedRaftLogWorker was interrupted, exiting. There are 0 tasks remaining in the queue.
2019-10-09 13:04:07,697 [grpc-default-executor-9] INFO  server.GrpcServerProtocolService (GrpcServerProtocolService.java:onCompleted(113)) - 3eeab9a4-47d5-4980-9c6e-5102901e869a: Completed APPEND_ENTRIES, lastRequest: 4f75c367-51e4-41c9-9287-4e8dd97f5c38->3eeab9a4-47d5-4980-9c6e-5102901e869a#5-t2, previous=(t:2, i:0), leaderCommit=0, initializing? false, entries: <empty>
2019-10-09 13:04:07,697 [4f75c367-51e4-41c9-9287-4e8dd97f5c38@group-F4DE2F4D7E72-SegmentedRaftLogWorker] INFO  segmented.SegmentedRaftLogWorker (SegmentedRaftLogWorker.java:run(313)) - 4f75c367-51e4-41c9-9287-4e8dd97f5c38@group-F4DE2F4D7E72-SegmentedRaftLogWorker was interrupted, exiting. There are 0 tasks remaining in the queue.
2019-10-09 13:04:07,699 [main] INFO  segmented.SegmentedRaftLogWorker (SegmentedRaftLogWorker.java:close(228)) - 4f75c367-51e4-41c9-9287-4e8dd97f5c38@group-153C1C6005E2-SegmentedRaftLogWorker close()
2019-10-09 13:04:07,702 [ForkJoinPool.commonPool-worker-0] INFO  segmented.SegmentedRaftLogWorker (SegmentedRaftLogWorker.java:close(228)) - 4f75c367-51e4-41c9-9287-4e8dd97f5c38@group-F4DE2F4D7E72-SegmentedRaftLogWorker close()
2019-10-09 13:04:07,707 [grpc-default-executor-9] INFO  server.GrpcLogAppender (GrpcLogAppender.java:onCompleted(293)) - 4f75c367-51e4-41c9-9287-4e8dd97f5c38@group-F4DE2F4D7E72->3eeab9a4-47d5-4980-9c6e-5102901e869a-AppendLogResponseHandler: follower responses appendEntries COMPLETED
2019-10-09 13:04:07,707 [main] INFO  impl.RaftServerImpl (RaftServerImpl.java:lambda$shutdown$3(251)) - 4f75c367-51e4-41c9-9287-4e8dd97f5c38@group-6247FF3E413E: shutdown
2019-10-09 13:04:07,718 [grpc-default-executor-9] INFO  impl.FollowerInfo (FollowerInfo.java:lambda$new$0(51)) - 4f75c367-51e4-41c9-9287-4e8dd97f5c38@group-F4DE2F4D7E72->3eeab9a4-47d5-4980-9c6e-5102901e869a: nextIndex: updateUnconditionally 1 -> 0
2019-10-09 13:04:07,718 [ForkJoinPool.commonPool-worker-0] INFO  impl.RaftServerImpl (RaftServerImpl.java:lambda$shutdown$3(251)) - 4f75c367-51e4-41c9-9287-4e8dd97f5c38@group-692C1A1A7FB0: shutdown
2019-10-09 13:04:07,719 [grpc-default-executor-1] WARN  server.GrpcLogAppender (LogUtils.java:warn(134)) - 4f75c367-51e4-41c9-9287-4e8dd97f5c38@group-A483B260BC72->3eeab9a4-47d5-4980-9c6e-5102901e869a-AppendLogResponseHandler: Failed appendEntries: org.apache.ratis.thirdparty.io.grpc.StatusRuntimeException: UNAVAILABLE: Channel shutdownNow invoked
2019-10-09 13:04:07,719 [main] INFO  util.JmxRegister (JmxRegister.java:unregister(73)) - Successfully un-registered JMX Bean with object name Ratis:service=RaftServer,group=group-6247FF3E413E,id=4f75c367-51e4-41c9-9287-4e8dd97f5c38
2019-10-09 13:04:07,720 [grpc-default-executor-1] INFO  impl.FollowerInfo (FollowerInfo.java:lambda$new$0(51)) - 4f75c367-51e4-41c9-9287-4e8dd97f5c38@group-A483B260BC72->3eeab9a4-47d5-4980-9c6e-5102901e869a: nextIndex: updateUnconditionally 1 -> 0
2019-10-09 13:04:07,719 [ForkJoinPool.commonPool-worker-0] INFO  util.JmxRegister (JmxRegister.java:unregister(73)) - Successfully un-registered JMX Bean with object name Ratis:service=RaftServer,group=group-692C1A1A7FB0,id=4f75c367-51e4-41c9-9287-4e8dd97f5c38
2019-10-09 13:04:07,720 [ForkJoinPool.commonPool-worker-0] INFO  impl.RoleInfo (RoleInfo.java:shutdownLeaderState(104)) - 4f75c367-51e4-41c9-9287-4e8dd97f5c38: shutdown LeaderState
2019-10-09 13:04:07,719 [grpc-default-executor-6] WARN  server.GrpcServerProtocolService (LogUtils.java:warn(134)) - 3eeab9a4-47d5-4980-9c6e-5102901e869a: installSnapshot onError, lastRequest: 4f75c367-51e4-41c9-9287-4e8dd97f5c38->3eeab9a4-47d5-4980-9c6e-5102901e869a#7-t1, previous=(t:1, i:0), leaderCommit=0, initializing? false, entries: <empty>: org.apache.ratis.thirdparty.io.grpc.StatusRuntimeException: CANCELLED: cancelled before receiving half close
2019-10-09 13:04:07,721 [ForkJoinPool.commonPool-worker-0] INFO  impl.PendingRequests (PendingRequests.java:sendNotLeaderResponses(202)) - 4f75c367-51e4-41c9-9287-4e8dd97f5c38-PendingRequests: sendNotLeaderResponses
2019-10-09 13:04:07,720 [main] INFO  impl.RoleInfo (RoleInfo.java:shutdownFollowerState(121)) - 4f75c367-51e4-41c9-9287-4e8dd97f5c38: shutdown FollowerState
2019-10-09 13:04:07,721 [ForkJoinPool.commonPool-worker-0] INFO  impl.StateMachineUpdater (StateMachineUpdater.java:stopAndJoin(125)) - 4f75c367-51e4-41c9-9287-4e8dd97f5c38@group-692C1A1A7FB0-StateMachineUpdater: set stopIndex = 0
2019-10-09 13:04:07,722 [main] INFO  impl.StateMachineUpdater (StateMachineUpdater.java:stopAndJoin(125)) - 4f75c367-51e4-41c9-9287-4e8dd97f5c38@group-6247FF3E413E-StateMachineUpdater: set stopIndex = 0
2019-10-09 13:04:07,722 [Thread-356] INFO  impl.FollowerState (FollowerState.java:run(115)) - 4f75c367-51e4-41c9-9287-4e8dd97f5c38: FollowerState was interrupted: java.lang.InterruptedException: sleep interrupted
2019-10-09 13:04:07,722 [main] INFO  impl.RaftServerImpl (ServerState.java:close(385)) - 4f75c367-51e4-41c9-9287-4e8dd97f5c38@group-6247FF3E413E: closes. applyIndex: 0
2019-10-09 13:04:07,722 [ForkJoinPool.commonPool-worker-0] INFO  impl.RaftServerImpl (ServerState.java:close(385)) - 4f75c367-51e4-41c9-9287-4e8dd97f5c38@group-692C1A1A7FB0: closes. applyIndex: 0
2019-10-09 13:04:07,723 [4f75c367-51e4-41c9-9287-4e8dd97f5c38@group-6247FF3E413E-SegmentedRaftLogWorker] INFO  segmented.SegmentedRaftLogWorker (SegmentedRaftLogWorker.java:run(313)) - 4f75c367-51e4-41c9-9287-4e8dd97f5c38@group-6247FF3E413E-SegmentedRaftLogWorker was interrupted, exiting. There are 0 tasks remaining in the queue.
2019-10-09 13:04:07,723 [main] INFO  segmented.SegmentedRaftLogWorker (SegmentedRaftLogWorker.java:close(228)) - 4f75c367-51e4-41c9-9287-4e8dd97f5c38@group-6247FF3E413E-SegmentedRaftLogWorker close()
2019-10-09 13:04:07,724 [4f75c367-51e4-41c9-9287-4e8dd97f5c38@group-692C1A1A7FB0-SegmentedRaftLogWorker] INFO  segmented.SegmentedRaftLogWorker (SegmentedRaftLogWorker.java:run(313)) - 4f75c367-51e4-41c9-9287-4e8dd97f5c38@group-692C1A1A7FB0-SegmentedRaftLogWorker was interrupted, exiting. There are 0 tasks remaining in the queue.
2019-10-09 13:04:07,726 [main] INFO  impl.RaftServerImpl (RaftServerImpl.java:lambda$shutdown$3(251)) - 4f75c367-51e4-41c9-9287-4e8dd97f5c38@group-A483B260BC72: shutdown
2019-10-09 13:04:07,726 [ForkJoinPool.commonPool-worker-0] INFO  segmented.SegmentedRaftLogWorker (SegmentedRaftLogWorker.java:close(228)) - 4f75c367-51e4-41c9-9287-4e8dd97f5c38@group-692C1A1A7FB0-SegmentedRaftLogWorker close()
2019-10-09 13:04:07,726 [main] INFO  util.JmxRegister (JmxRegister.java:unregister(73)) - Successfully un-registered JMX Bean with object name Ratis:service=RaftServer,group=group-A483B260BC72,id=4f75c367-51e4-41c9-9287-4e8dd97f5c38
2019-10-09 13:04:07,729 [ForkJoinPool.commonPool-worker-0] INFO  impl.RaftServerImpl (RaftServerImpl.java:lambda$shutdown$3(251)) - 4f75c367-51e4-41c9-9287-4e8dd97f5c38@group-C24D4FE0C6F2: shutdown
2019-10-09 13:04:07,729 [main] INFO  impl.RoleInfo (RoleInfo.java:shutdownLeaderState(104)) - 4f75c367-51e4-41c9-9287-4e8dd97f5c38: shutdown LeaderState
2019-10-09 13:04:07,729 [ForkJoinPool.commonPool-worker-0] INFO  util.JmxRegister (JmxRegister.java:unregister(73)) - Successfully un-registered JMX Bean with object name Ratis:service=RaftServer,group=group-C24D4FE0C6F2,id=4f75c367-51e4-41c9-9287-4e8dd97f5c38
2019-10-09 13:04:07,734 [org.apache.ratis.server.impl.LogAppender$AppenderDaemon$$Lambda$493/462031746@90854a6] WARN  server.GrpcLogAppender (GrpcLogAppender.java:mayWait(143)) - 4f75c367-51e4-41c9-9287-4e8dd97f5c38@group-A483B260BC72->f0cb1a3f-6ac7-4eb8-9514-6a797ff8471f-GrpcLogAppender: Wait interrupted by java.lang.InterruptedException
2019-10-09 13:04:07,734 [main] INFO  impl.PendingRequests (PendingRequests.java:sendNotLeaderResponses(202)) - 4f75c367-51e4-41c9-9287-4e8dd97f5c38-PendingRequests: sendNotLeaderResponses
2019-10-09 13:04:07,734 [ForkJoinPool.commonPool-worker-0] INFO  impl.RoleInfo (RoleInfo.java:shutdownFollowerState(121)) - 4f75c367-51e4-41c9-9287-4e8dd97f5c38: shutdown FollowerState
2019-10-09 13:04:07,734 [org.apache.ratis.server.impl.LogAppender$AppenderDaemon$$Lambda$493/462031746@6a1222ce] WARN  server.GrpcLogAppender (GrpcLogAppender.java:mayWait(143)) - 4f75c367-51e4-41c9-9287-4e8dd97f5c38@group-A483B260BC72->3eeab9a4-47d5-4980-9c6e-5102901e869a-GrpcLogAppender: Wait interrupted by java.lang.InterruptedException
2019-10-09 13:04:07,735 [Thread-488] INFO  impl.FollowerState (FollowerState.java:run(115)) - 4f75c367-51e4-41c9-9287-4e8dd97f5c38: FollowerState was interrupted: java.lang.InterruptedException: sleep interrupted
2019-10-09 13:04:07,734 [ForkJoinPool.commonPool-worker-0] INFO  impl.StateMachineUpdater (StateMachineUpdater.java:stopAndJoin(125)) - 4f75c367-51e4-41c9-9287-4e8dd97f5c38@group-C24D4FE0C6F2-StateMachineUpdater: set stopIndex = 16
2019-10-09 13:04:07,734 [main] INFO  impl.StateMachineUpdater (StateMachineUpdater.java:stopAndJoin(125)) - 4f75c367-51e4-41c9-9287-4e8dd97f5c38@group-A483B260BC72-StateMachineUpdater: set stopIndex = 0
2019-10-09 13:04:07,737 [4f75c367-51e4-41c9-9287-4e8dd97f5c38@group-C24D4FE0C6F2-StateMachineUpdater] INFO  ratis.ContainerStateMachine (ContainerStateMachine.java:takeSnapshot(289)) - group-C24D4FE0C6F2: Taking a snapshot at:(t:2, i:14) file /workdir/hadoop-ozone/integration-test/target/test-dir/MiniOzoneClusterImpl-92c4d179-1d16-4416-8bce-4538b25b782c/datanode-2/data/ratis/1c735ac8-e1e7-4625-9f7b-c24d4fe0c6f2/sm/snapshot.2_14
2019-10-09 13:04:07,737 [main] INFO  impl.RaftServerImpl (ServerState.java:close(385)) - 4f75c367-51e4-41c9-9287-4e8dd97f5c38@group-A483B260BC72: closes. applyIndex: 0
2019-10-09 13:04:07,738 [4f75c367-51e4-41c9-9287-4e8dd97f5c38@group-A483B260BC72-SegmentedRaftLogWorker] INFO  segmented.SegmentedRaftLogWorker (SegmentedRaftLogWorker.java:run(313)) - 4f75c367-51e4-41c9-9287-4e8dd97f5c38@group-A483B260BC72-SegmentedRaftLogWorker was interrupted, exiting. There are 0 tasks remaining in the queue.
2019-10-09 13:04:07,738 [main] INFO  segmented.SegmentedRaftLogWorker (SegmentedRaftLogWorker.java:close(228)) - 4f75c367-51e4-41c9-9287-4e8dd97f5c38@group-A483B260BC72-SegmentedRaftLogWorker close()
2019-10-09 13:04:07,740 [main] INFO  impl.RaftServerImpl (RaftServerImpl.java:lambda$shutdown$3(251)) - 4f75c367-51e4-41c9-9287-4e8dd97f5c38@group-75761DEE94FB: shutdown
2019-10-09 13:04:07,741 [main] INFO  util.JmxRegister (JmxRegister.java:unregister(73)) - Successfully un-registered JMX Bean with object name Ratis:service=RaftServer,group=group-75761DEE94FB,id=4f75c367-51e4-41c9-9287-4e8dd97f5c38
2019-10-09 13:04:07,741 [main] INFO  impl.RoleInfo (RoleInfo.java:shutdownFollowerState(121)) - 4f75c367-51e4-41c9-9287-4e8dd97f5c38: shutdown FollowerState
2019-10-09 13:04:07,742 [main] INFO  impl.StateMachineUpdater (StateMachineUpdater.java:stopAndJoin(125)) - 4f75c367-51e4-41c9-9287-4e8dd97f5c38@group-75761DEE94FB-StateMachineUpdater: set stopIndex = 0
2019-10-09 13:04:07,742 [Thread-389] INFO  impl.FollowerState (FollowerState.java:run(115)) - 4f75c367-51e4-41c9-9287-4e8dd97f5c38: FollowerState was interrupted: java.lang.InterruptedException: sleep interrupted
2019-10-09 13:04:07,742 [main] INFO  impl.RaftServerImpl (ServerState.java:close(385)) - 4f75c367-51e4-41c9-9287-4e8dd97f5c38@group-75761DEE94FB: closes. applyIndex: 0
2019-10-09 13:04:07,743 [4f75c367-51e4-41c9-9287-4e8dd97f5c38@group-75761DEE94FB-SegmentedRaftLogWorker] INFO  segmented.SegmentedRaftLogWorker (SegmentedRaftLogWorker.java:run(313)) - 4f75c367-51e4-41c9-9287-4e8dd97f5c38@group-75761DEE94FB-SegmentedRaftLogWorker was interrupted, exiting. There are 0 tasks remaining in the queue.
2019-10-09 13:04:07,743 [main] INFO  segmented.SegmentedRaftLogWorker (SegmentedRaftLogWorker.java:close(228)) - 4f75c367-51e4-41c9-9287-4e8dd97f5c38@group-75761DEE94FB-SegmentedRaftLogWorker close()
2019-10-09 13:04:07,767 [4f75c367-51e4-41c9-9287-4e8dd97f5c38@group-C24D4FE0C6F2-StateMachineUpdater] INFO  ratis.ContainerStateMachine (ContainerStateMachine.java:takeSnapshot(300)) - group-C24D4FE0C6F2: Finished taking a snapshot at:(t:2, i:14) file:/workdir/hadoop-ozone/integration-test/target/test-dir/MiniOzoneClusterImpl-92c4d179-1d16-4416-8bce-4538b25b782c/datanode-2/data/ratis/1c735ac8-e1e7-4625-9f7b-c24d4fe0c6f2/sm/snapshot.2_14 time:33
2019-10-09 13:04:07,768 [4f75c367-51e4-41c9-9287-4e8dd97f5c38@group-C24D4FE0C6F2-StateMachineUpdater] INFO  impl.StateMachineUpdater (StateMachineUpdater.java:takeSnapshot(258)) - 4f75c367-51e4-41c9-9287-4e8dd97f5c38@group-C24D4FE0C6F2-StateMachineUpdater: Took a snapshot at index 14
2019-10-09 13:04:07,768 [4f75c367-51e4-41c9-9287-4e8dd97f5c38@group-C24D4FE0C6F2-StateMachineUpdater] INFO  impl.StateMachineUpdater (StateMachineUpdater.java:lambda$new$0(83)) - 4f75c367-51e4-41c9-9287-4e8dd97f5c38@group-C24D4FE0C6F2-StateMachineUpdater: snapshotIndex: updateIncreasingly -1 -> 14
2019-10-09 13:04:07,769 [4f75c367-51e4-41c9-9287-4e8dd97f5c38@group-C24D4FE0C6F2-StateMachineUpdater] INFO  ratis.ContainerStateMachine (ContainerStateMachine.java:takeSnapshot(289)) - group-C24D4FE0C6F2: Taking a snapshot at:(t:2, i:14) file /workdir/hadoop-ozone/integration-test/target/test-dir/MiniOzoneClusterImpl-92c4d179-1d16-4416-8bce-4538b25b782c/datanode-2/data/ratis/1c735ac8-e1e7-4625-9f7b-c24d4fe0c6f2/sm/snapshot.2_14
2019-10-09 13:04:07,781 [4f75c367-51e4-41c9-9287-4e8dd97f5c38@group-C24D4FE0C6F2-StateMachineUpdater] INFO  ratis.ContainerStateMachine (ContainerStateMachine.java:takeSnapshot(300)) - group-C24D4FE0C6F2: Finished taking a snapshot at:(t:2, i:14) file:/workdir/hadoop-ozone/integration-test/target/test-dir/MiniOzoneClusterImpl-92c4d179-1d16-4416-8bce-4538b25b782c/datanode-2/data/ratis/1c735ac8-e1e7-4625-9f7b-c24d4fe0c6f2/sm/snapshot.2_14 time:13
2019-10-09 13:04:07,781 [4f75c367-51e4-41c9-9287-4e8dd97f5c38@group-C24D4FE0C6F2-StateMachineUpdater] INFO  impl.StateMachineUpdater (StateMachineUpdater.java:takeSnapshot(258)) - 4f75c367-51e4-41c9-9287-4e8dd97f5c38@group-C24D4FE0C6F2-StateMachineUpdater: Took a snapshot at index 14
2019-10-09 13:04:07,781 [4f75c367-51e4-41c9-9287-4e8dd97f5c38@group-C24D4FE0C6F2-StateMachineUpdater] INFO  impl.StateMachineUpdater (StateMachineUpdater.java:lambda$new$0(83)) - 4f75c367-51e4-41c9-9287-4e8dd97f5c38@group-C24D4FE0C6F2-StateMachineUpdater: snapshotIndex: updateIncreasingly 14 -> 14
2019-10-09 13:04:07,782 [ForkJoinPool.commonPool-worker-0] INFO  impl.RaftServerImpl (ServerState.java:close(385)) - 4f75c367-51e4-41c9-9287-4e8dd97f5c38@group-C24D4FE0C6F2: closes. applyIndex: 16
2019-10-09 13:04:07,783 [4f75c367-51e4-41c9-9287-4e8dd97f5c38@group-C24D4FE0C6F2-SegmentedRaftLogWorker] INFO  segmented.SegmentedRaftLogWorker (SegmentedRaftLogWorker.java:run(313)) - 4f75c367-51e4-41c9-9287-4e8dd97f5c38@group-C24D4FE0C6F2-SegmentedRaftLogWorker was interrupted, exiting. There are 0 tasks remaining in the queue.
2019-10-09 13:04:07,783 [ForkJoinPool.commonPool-worker-0] INFO  segmented.SegmentedRaftLogWorker (SegmentedRaftLogWorker.java:close(228)) - 4f75c367-51e4-41c9-9287-4e8dd97f5c38@group-C24D4FE0C6F2-SegmentedRaftLogWorker close()
2019-10-09 13:04:07,785 [ForkJoinPool.commonPool-worker-0] INFO  impl.RaftServerImpl (RaftServerImpl.java:lambda$shutdown$3(251)) - 4f75c367-51e4-41c9-9287-4e8dd97f5c38@group-DDAC6CD64C05: shutdown
2019-10-09 13:04:07,785 [ForkJoinPool.commonPool-worker-0] INFO  util.JmxRegister (JmxRegister.java:unregister(73)) - Successfully un-registered JMX Bean with object name Ratis:service=RaftServer,group=group-DDAC6CD64C05,id=4f75c367-51e4-41c9-9287-4e8dd97f5c38
2019-10-09 13:04:07,785 [ForkJoinPool.commonPool-worker-0] INFO  impl.RoleInfo (RoleInfo.java:shutdownFollowerState(121)) - 4f75c367-51e4-41c9-9287-4e8dd97f5c38: shutdown FollowerState
2019-10-09 13:04:07,785 [ForkJoinPool.commonPool-worker-0] INFO  impl.StateMachineUpdater (StateMachineUpdater.java:stopAndJoin(125)) - 4f75c367-51e4-41c9-9287-4e8dd97f5c38@group-DDAC6CD64C05-StateMachineUpdater: set stopIndex = 0
2019-10-09 13:04:07,786 [Thread-470] INFO  impl.FollowerState (FollowerState.java:run(115)) - 4f75c367-51e4-41c9-9287-4e8dd97f5c38: FollowerState was interrupted: java.lang.InterruptedException: sleep interrupted
2019-10-09 13:04:07,787 [ForkJoinPool.commonPool-worker-0] INFO  impl.RaftServerImpl (ServerState.java:close(385)) - 4f75c367-51e4-41c9-9287-4e8dd97f5c38@group-DDAC6CD64C05: closes. applyIndex: 0
2019-10-09 13:04:07,788 [4f75c367-51e4-41c9-9287-4e8dd97f5c38@group-DDAC6CD64C05-SegmentedRaftLogWorker] INFO  segmented.SegmentedRaftLogWorker (SegmentedRaftLogWorker.java:run(313)) - 4f75c367-51e4-41c9-9287-4e8dd97f5c38@group-DDAC6CD64C05-SegmentedRaftLogWorker was interrupted, exiting. There are 0 tasks remaining in the queue.
2019-10-09 13:04:07,788 [ForkJoinPool.commonPool-worker-0] INFO  segmented.SegmentedRaftLogWorker (SegmentedRaftLogWorker.java:close(228)) - 4f75c367-51e4-41c9-9287-4e8dd97f5c38@group-DDAC6CD64C05-SegmentedRaftLogWorker close()
2019-10-09 13:04:07,790 [main] INFO  server.GrpcService (GrpcService.java:closeImpl(164)) - 4f75c367-51e4-41c9-9287-4e8dd97f5c38: shutdown server with port 40325 now
2019-10-09 13:04:07,791 [grpc-default-executor-1] WARN  server.GrpcServerProtocolService (LogUtils.java:warn(134)) - 4f75c367-51e4-41c9-9287-4e8dd97f5c38: installSnapshot onError, lastRequest: 3eeab9a4-47d5-4980-9c6e-5102901e869a->4f75c367-51e4-41c9-9287-4e8dd97f5c38#7-t1, previous=(t:1, i:0), leaderCommit=0, initializing? false, entries: <empty>: org.apache.ratis.thirdparty.io.grpc.StatusRuntimeException: CANCELLED: cancelled before receiving half close
2019-10-09 13:04:07,791 [grpc-default-executor-9] WARN  server.GrpcServerProtocolService (LogUtils.java:warn(134)) - 4f75c367-51e4-41c9-9287-4e8dd97f5c38: installSnapshot onError, lastRequest: 3eeab9a4-47d5-4980-9c6e-5102901e869a->4f75c367-51e4-41c9-9287-4e8dd97f5c38#7-t1, previous=(t:1, i:0), leaderCommit=0, initializing? false, entries: <empty>: org.apache.ratis.thirdparty.io.grpc.StatusRuntimeException: CANCELLED: cancelled before receiving half close
2019-10-09 13:04:07,792 [grpc-default-executor-4] WARN  server.GrpcServerProtocolService (LogUtils.java:warn(134)) - 4f75c367-51e4-41c9-9287-4e8dd97f5c38: installSnapshot onError, lastRequest: 3eeab9a4-47d5-4980-9c6e-5102901e869a->4f75c367-51e4-41c9-9287-4e8dd97f5c38#5-t2, previous=(t:2, i:0), leaderCommit=0, initializing? false, entries: <empty>: org.apache.ratis.thirdparty.io.grpc.StatusRuntimeException: CANCELLED: cancelled before receiving half close
2019-10-09 13:04:07,792 [grpc-default-executor-6] WARN  server.GrpcLogAppender (LogUtils.java:warn(134)) - 3eeab9a4-47d5-4980-9c6e-5102901e869a@group-75761DEE94FB->4f75c367-51e4-41c9-9287-4e8dd97f5c38-AppendLogResponseHandler: Failed appendEntries: org.apache.ratis.thirdparty.io.grpc.StatusRuntimeException: CANCELLED: HTTP/2 error code: CANCEL
Received Rst Stream
2019-10-09 13:04:07,792 [main] INFO  server.GrpcService (GrpcService.java:closeImpl(172)) - 4f75c367-51e4-41c9-9287-4e8dd97f5c38: shutdown server with port 40325 successfully
2019-10-09 13:04:07,792 [grpc-default-executor-3] WARN  server.GrpcLogAppender (LogUtils.java:warn(134)) - 3eeab9a4-47d5-4980-9c6e-5102901e869a@group-153C1C6005E2->4f75c367-51e4-41c9-9287-4e8dd97f5c38-AppendLogResponseHandler: Failed appendEntries: org.apache.ratis.thirdparty.io.grpc.StatusRuntimeException: CANCELLED: HTTP/2 error code: CANCEL
Received Rst Stream
2019-10-09 13:04:07,792 [grpc-default-executor-6] INFO  impl.FollowerInfo (FollowerInfo.java:lambda$new$0(51)) - 3eeab9a4-47d5-4980-9c6e-5102901e869a@group-75761DEE94FB->4f75c367-51e4-41c9-9287-4e8dd97f5c38: nextIndex: updateUnconditionally 1 -> 0
2019-10-09 13:04:07,793 [grpc-default-executor-3] INFO  impl.FollowerInfo (FollowerInfo.java:lambda$new$0(51)) - 3eeab9a4-47d5-4980-9c6e-5102901e869a@group-153C1C6005E2->4f75c367-51e4-41c9-9287-4e8dd97f5c38: nextIndex: updateUnconditionally 1 -> 0
2019-10-09 13:04:07,793 [grpc-default-executor-7] WARN  server.GrpcLogAppender (LogUtils.java:warn(134)) - 3eeab9a4-47d5-4980-9c6e-5102901e869a@group-DDAC6CD64C05->4f75c367-51e4-41c9-9287-4e8dd97f5c38-AppendLogResponseHandler: Failed appendEntries: org.apache.ratis.thirdparty.io.grpc.StatusRuntimeException: CANCELLED: HTTP/2 error code: CANCEL
Received Rst Stream
2019-10-09 13:04:07,794 [grpc-default-executor-7] INFO  impl.FollowerInfo (FollowerInfo.java:lambda$new$0(51)) - 3eeab9a4-47d5-4980-9c6e-5102901e869a@group-DDAC6CD64C05->4f75c367-51e4-41c9-9287-4e8dd97f5c38: nextIndex: updateUnconditionally 1 -> 0
2019-10-09 13:04:07,805 [refreshUsed-/workdir/hadoop-ozone/integration-test/target/test-dir/MiniOzoneClusterImpl-92c4d179-1d16-4416-8bce-4538b25b782c/datanode-2/data/containers] WARN  fs.CachingGetSpaceUsed (CachingGetSpaceUsed.java:run(183)) - Thread Interrupted waiting to refresh disk information: sleep interrupted
2019-10-09 13:04:07,829 [main] INFO  utils.BackgroundService (BackgroundService.java:shutdown(148)) - Shutting down service BlockDeletingService
2019-10-09 13:04:07,834 [main] INFO  statemachine.DatanodeStateMachine (DatanodeStateMachine.java:stopDaemon(395)) - Ozone container server stopped.
2019-10-09 13:04:07,836 [main] INFO  handler.ContextHandler (ContextHandler.java:doStop(910)) - Stopped o.e.j.w.WebAppContext@588f63c{/,null,UNAVAILABLE}{/hddsDatanode}
2019-10-09 13:04:07,837 [main] INFO  server.AbstractConnector (AbstractConnector.java:doStop(318)) - Stopped ServerConnector@5a6fa56e{HTTP/1.1,[http/1.1]}{0.0.0.0:0}
2019-10-09 13:04:07,838 [main] INFO  handler.ContextHandler (ContextHandler.java:doStop(910)) - Stopped o.e.j.s.ServletContextHandler@32e54a9d{/static,jar:file:/home/user/.m2/repository/org/apache/hadoop/hadoop-hdds-container-service/0.5.0-SNAPSHOT/hadoop-hdds-container-service-0.5.0-SNAPSHOT.jar!/webapps/static,UNAVAILABLE}
2019-10-09 13:04:07,838 [main] INFO  handler.ContextHandler (ContextHandler.java:doStop(910)) - Stopped o.e.j.s.ServletContextHandler@7100dea{/logs,file:///workdir/hadoop-ozone/integration-test/target/log,UNAVAILABLE}
2019-10-09 13:04:08,886 [grpc-default-executor-9] WARN  server.GrpcLogAppender (LogUtils.java:warn(134)) - 3eeab9a4-47d5-4980-9c6e-5102901e869a@group-DDAC6CD64C05->f0cb1a3f-6ac7-4eb8-9514-6a797ff8471f-AppendLogResponseHandler: Failed appendEntries: org.apache.ratis.thirdparty.io.grpc.StatusRuntimeException: UNAVAILABLE: io exception
2019-10-09 13:04:08,889 [grpc-default-executor-9] INFO  impl.FollowerInfo (FollowerInfo.java:lambda$new$0(51)) - 3eeab9a4-47d5-4980-9c6e-5102901e869a@group-DDAC6CD64C05->f0cb1a3f-6ac7-4eb8-9514-6a797ff8471f: nextIndex: updateUnconditionally 0 -> 0
2019-10-09 13:04:08,920 [grpc-default-executor-4] WARN  server.GrpcLogAppender (LogUtils.java:warn(134)) - 3eeab9a4-47d5-4980-9c6e-5102901e869a@group-DDAC6CD64C05->4f75c367-51e4-41c9-9287-4e8dd97f5c38-AppendLogResponseHandler: Failed appendEntries: org.apache.ratis.thirdparty.io.grpc.StatusRuntimeException: UNAVAILABLE: io exception
2019-10-09 13:04:08,922 [grpc-default-executor-4] INFO  impl.FollowerInfo (FollowerInfo.java:lambda$new$0(51)) - 3eeab9a4-47d5-4980-9c6e-5102901e869a@group-DDAC6CD64C05->4f75c367-51e4-41c9-9287-4e8dd97f5c38: nextIndex: updateUnconditionally 0 -> 0
2019-10-09 13:04:08,993 [grpc-default-executor-7] WARN  server.GrpcLogAppender (LogUtils.java:warn(134)) - 3eeab9a4-47d5-4980-9c6e-5102901e869a@group-75761DEE94FB->f0cb1a3f-6ac7-4eb8-9514-6a797ff8471f-AppendLogResponseHandler: Failed appendEntries: org.apache.ratis.thirdparty.io.grpc.StatusRuntimeException: UNAVAILABLE: io exception
2019-10-09 13:04:08,995 [grpc-default-executor-7] INFO  impl.FollowerInfo (FollowerInfo.java:lambda$new$0(51)) - 3eeab9a4-47d5-4980-9c6e-5102901e869a@group-75761DEE94FB->f0cb1a3f-6ac7-4eb8-9514-6a797ff8471f: nextIndex: updateUnconditionally 0 -> 0
2019-10-09 13:04:09,003 [grpc-default-executor-9] WARN  server.GrpcLogAppender (LogUtils.java:warn(134)) - 3eeab9a4-47d5-4980-9c6e-5102901e869a@group-75761DEE94FB->4f75c367-51e4-41c9-9287-4e8dd97f5c38-AppendLogResponseHandler: Failed appendEntries: org.apache.ratis.thirdparty.io.grpc.StatusRuntimeException: UNAVAILABLE: io exception
2019-10-09 13:04:09,005 [grpc-default-executor-9] INFO  impl.FollowerInfo (FollowerInfo.java:lambda$new$0(51)) - 3eeab9a4-47d5-4980-9c6e-5102901e869a@group-75761DEE94FB->4f75c367-51e4-41c9-9287-4e8dd97f5c38: nextIndex: updateUnconditionally 0 -> 0
2019-10-09 13:04:09,180 [grpc-default-executor-4] WARN  server.GrpcLogAppender (LogUtils.java:warn(134)) - 3eeab9a4-47d5-4980-9c6e-5102901e869a@group-153C1C6005E2->f0cb1a3f-6ac7-4eb8-9514-6a797ff8471f-AppendLogResponseHandler: Failed appendEntries: org.apache.ratis.thirdparty.io.grpc.StatusRuntimeException: UNAVAILABLE: io exception
2019-10-09 13:04:09,182 [grpc-default-executor-4] INFO  impl.FollowerInfo (FollowerInfo.java:lambda$new$0(51)) - 3eeab9a4-47d5-4980-9c6e-5102901e869a@group-153C1C6005E2->f0cb1a3f-6ac7-4eb8-9514-6a797ff8471f: nextIndex: updateUnconditionally 0 -> 0
2019-10-09 13:04:09,188 [grpc-default-executor-7] WARN  server.GrpcLogAppender (LogUtils.java:warn(134)) - 3eeab9a4-47d5-4980-9c6e-5102901e869a@group-153C1C6005E2->4f75c367-51e4-41c9-9287-4e8dd97f5c38-AppendLogResponseHandler: Failed appendEntries: org.apache.ratis.thirdparty.io.grpc.StatusRuntimeException: UNAVAILABLE: io exception
2019-10-09 13:04:09,190 [grpc-default-executor-7] INFO  impl.FollowerInfo (FollowerInfo.java:lambda$new$0(51)) - 3eeab9a4-47d5-4980-9c6e-5102901e869a@group-153C1C6005E2->4f75c367-51e4-41c9-9287-4e8dd97f5c38: nextIndex: updateUnconditionally 0 -> 0
2019-10-09 13:04:11,375 [Thread-357] INFO  impl.FollowerState (FollowerState.java:run(106)) - 3eeab9a4-47d5-4980-9c6e-5102901e869a:group-6247FF3E413E changes to CANDIDATE, lastRpcTime:9995, electionTimeout:5021ms
2019-10-09 13:04:11,376 [Thread-357] INFO  impl.RoleInfo (RoleInfo.java:shutdownFollowerState(121)) - 3eeab9a4-47d5-4980-9c6e-5102901e869a: shutdown FollowerState
2019-10-09 13:04:11,376 [Thread-357] INFO  impl.RaftServerImpl (RaftServerImpl.java:setRole(174)) - 3eeab9a4-47d5-4980-9c6e-5102901e869a@group-6247FF3E413E: changes role from  FOLLOWER to CANDIDATE at term 1 for changeToCandidate
2019-10-09 13:04:11,376 [Thread-357] INFO  impl.RoleInfo (RoleInfo.java:updateAndGet(143)) - 3eeab9a4-47d5-4980-9c6e-5102901e869a: start LeaderElection
2019-10-09 13:04:11,377 [3eeab9a4-47d5-4980-9c6e-5102901e869a@group-6247FF3E413E:LeaderElection27] INFO  impl.RaftServerImpl (ServerState.java:setLeader(253)) - 3eeab9a4-47d5-4980-9c6e-5102901e869a@group-6247FF3E413E: change Leader from f0cb1a3f-6ac7-4eb8-9514-6a797ff8471f to null at term 1 for initElection
2019-10-09 13:04:11,398 [grpc-default-executor-9] WARN  server.GrpcLogAppender (LogUtils.java:warn(134)) - 3eeab9a4-47d5-4980-9c6e-5102901e869a@group-DDAC6CD64C05->f0cb1a3f-6ac7-4eb8-9514-6a797ff8471f-AppendLogResponseHandler: Failed appendEntries: org.apache.ratis.thirdparty.io.grpc.StatusRuntimeException: UNAVAILABLE: io exception
2019-10-09 13:04:11,400 [grpc-default-executor-9] INFO  impl.FollowerInfo (FollowerInfo.java:lambda$new$0(51)) - 3eeab9a4-47d5-4980-9c6e-5102901e869a@group-DDAC6CD64C05->f0cb1a3f-6ac7-4eb8-9514-6a797ff8471f: nextIndex: updateUnconditionally 0 -> 0
2019-10-09 13:04:11,401 [3eeab9a4-47d5-4980-9c6e-5102901e869a@group-6247FF3E413E:LeaderElection27] INFO  impl.LeaderElection (LeaderElection.java:askForVotes(182)) - 3eeab9a4-47d5-4980-9c6e-5102901e869a@group-6247FF3E413E:LeaderElection27: begin an election at term 2 for 0: [4f75c367-51e4-41c9-9287-4e8dd97f5c38:192.168.5.175:40325, 3eeab9a4-47d5-4980-9c6e-5102901e869a:192.168.5.175:43254, f0cb1a3f-6ac7-4eb8-9514-6a797ff8471f:192.168.5.175:39769], old=null
2019-10-09 13:04:11,407 [3eeab9a4-47d5-4980-9c6e-5102901e869a@group-6247FF3E413E:LeaderElection27] INFO  impl.LeaderElection (LogUtils.java:infoOrTrace(149)) - 3eeab9a4-47d5-4980-9c6e-5102901e869a@group-6247FF3E413E:LeaderElection27 got exception when requesting votes: {}
java.util.concurrent.ExecutionException: org.apache.ratis.thirdparty.io.grpc.StatusRuntimeException: UNAVAILABLE: io exception
	at java.util.concurrent.FutureTask.report(FutureTask.java:122)
	at java.util.concurrent.FutureTask.get(FutureTask.java:192)
	at org.apache.ratis.server.impl.LeaderElection.waitForResults(LeaderElection.java:263)
	at org.apache.ratis.server.impl.LeaderElection.askForVotes(LeaderElection.java:201)
	at org.apache.ratis.server.impl.LeaderElection.run(LeaderElection.java:133)
	at java.lang.Thread.run(Thread.java:748)
Caused by: org.apache.ratis.thirdparty.io.grpc.StatusRuntimeException: UNAVAILABLE: io exception
	at org.apache.ratis.thirdparty.io.grpc.stub.ClientCalls.toStatusRuntimeException(ClientCalls.java:233)
	at org.apache.ratis.thirdparty.io.grpc.stub.ClientCalls.getUnchecked(ClientCalls.java:214)
	at org.apache.ratis.thirdparty.io.grpc.stub.ClientCalls.blockingUnaryCall(ClientCalls.java:139)
	at org.apache.ratis.proto.grpc.RaftServerProtocolServiceGrpc$RaftServerProtocolServiceBlockingStub.requestVote(RaftServerProtocolServiceGrpc.java:265)
	at org.apache.ratis.grpc.server.GrpcServerProtocolClient.requestVote(GrpcServerProtocolClient.java:90)
	at org.apache.ratis.grpc.server.GrpcService.requestVote(GrpcService.java:204)
	at org.apache.ratis.server.impl.LeaderElection.lambda$submitRequests$1(LeaderElection.java:238)
	at java.util.concurrent.FutureTask.run(FutureTask.java:266)
	at java.util.concurrent.Executors$RunnableAdapter.call(Executors.java:511)
	at java.util.concurrent.FutureTask.run(FutureTask.java:266)
	at java.util.concurrent.ThreadPoolExecutor.runWorker(ThreadPoolExecutor.java:1149)
	at java.util.concurrent.ThreadPoolExecutor$Worker.run(ThreadPoolExecutor.java:624)
	... 1 more
Caused by: org.apache.ratis.thirdparty.io.netty.channel.AbstractChannel$AnnotatedConnectException: Connection refused: /192.168.5.175:39769
	at sun.nio.ch.SocketChannelImpl.checkConnect(Native Method)
	at sun.nio.ch.SocketChannelImpl.finishConnect(SocketChannelImpl.java:717)
	at org.apache.ratis.thirdparty.io.netty.channel.socket.nio.NioSocketChannel.doFinishConnect(NioSocketChannel.java:327)
	at org.apache.ratis.thirdparty.io.netty.channel.nio.AbstractNioChannel$AbstractNioUnsafe.finishConnect(AbstractNioChannel.java:340)
	at org.apache.ratis.thirdparty.io.netty.channel.nio.NioEventLoop.processSelectedKey(NioEventLoop.java:632)
	at org.apache.ratis.thirdparty.io.netty.channel.nio.NioEventLoop.processSelectedKeysOptimized(NioEventLoop.java:579)
	at org.apache.ratis.thirdparty.io.netty.channel.nio.NioEventLoop.processSelectedKeys(NioEventLoop.java:496)
	at org.apache.ratis.thirdparty.io.netty.channel.nio.NioEventLoop.run(NioEventLoop.java:458)
	at org.apache.ratis.thirdparty.io.netty.util.concurrent.SingleThreadEventExecutor$5.run(SingleThreadEventExecutor.java:897)
	at org.apache.ratis.thirdparty.io.netty.util.concurrent.FastThreadLocalRunnable.run(FastThreadLocalRunnable.java:30)
	... 1 more
Caused by: java.net.ConnectException: Connection refused
	... 11 more
2019-10-09 13:04:11,410 [3eeab9a4-47d5-4980-9c6e-5102901e869a@group-6247FF3E413E:LeaderElection27] INFO  impl.LeaderElection (LogUtils.java:infoOrTrace(149)) - 3eeab9a4-47d5-4980-9c6e-5102901e869a@group-6247FF3E413E:LeaderElection27 got exception when requesting votes: {}
java.util.concurrent.ExecutionException: org.apache.ratis.thirdparty.io.grpc.StatusRuntimeException: UNAVAILABLE: io exception
	at java.util.concurrent.FutureTask.report(FutureTask.java:122)
	at java.util.concurrent.FutureTask.get(FutureTask.java:192)
	at org.apache.ratis.server.impl.LeaderElection.waitForResults(LeaderElection.java:263)
	at org.apache.ratis.server.impl.LeaderElection.askForVotes(LeaderElection.java:201)
	at org.apache.ratis.server.impl.LeaderElection.run(LeaderElection.java:133)
	at java.lang.Thread.run(Thread.java:748)
Caused by: org.apache.ratis.thirdparty.io.grpc.StatusRuntimeException: UNAVAILABLE: io exception
	at org.apache.ratis.thirdparty.io.grpc.stub.ClientCalls.toStatusRuntimeException(ClientCalls.java:233)
	at org.apache.ratis.thirdparty.io.grpc.stub.ClientCalls.getUnchecked(ClientCalls.java:214)
	at org.apache.ratis.thirdparty.io.grpc.stub.ClientCalls.blockingUnaryCall(ClientCalls.java:139)
	at org.apache.ratis.proto.grpc.RaftServerProtocolServiceGrpc$RaftServerProtocolServiceBlockingStub.requestVote(RaftServerProtocolServiceGrpc.java:265)
	at org.apache.ratis.grpc.server.GrpcServerProtocolClient.requestVote(GrpcServerProtocolClient.java:90)
	at org.apache.ratis.grpc.server.GrpcService.requestVote(GrpcService.java:204)
	at org.apache.ratis.server.impl.LeaderElection.lambda$submitRequests$1(LeaderElection.java:238)
	at java.util.concurrent.FutureTask.run(FutureTask.java:266)
	at java.util.concurrent.Executors$RunnableAdapter.call(Executors.java:511)
	at java.util.concurrent.FutureTask.run(FutureTask.java:266)
	at java.util.concurrent.ThreadPoolExecutor.runWorker(ThreadPoolExecutor.java:1149)
	at java.util.concurrent.ThreadPoolExecutor$Worker.run(ThreadPoolExecutor.java:624)
	... 1 more
Caused by: org.apache.ratis.thirdparty.io.netty.channel.AbstractChannel$AnnotatedConnectException: Connection refused: /192.168.5.175:40325
	at sun.nio.ch.SocketChannelImpl.checkConnect(Native Method)
	at sun.nio.ch.SocketChannelImpl.finishConnect(SocketChannelImpl.java:717)
	at org.apache.ratis.thirdparty.io.netty.channel.socket.nio.NioSocketChannel.doFinishConnect(NioSocketChannel.java:327)
	at org.apache.ratis.thirdparty.io.netty.channel.nio.AbstractNioChannel$AbstractNioUnsafe.finishConnect(AbstractNioChannel.java:340)
	at org.apache.ratis.thirdparty.io.netty.channel.nio.NioEventLoop.processSelectedKey(NioEventLoop.java:632)
	at org.apache.ratis.thirdparty.io.netty.channel.nio.NioEventLoop.processSelectedKeysOptimized(NioEventLoop.java:579)
	at org.apache.ratis.thirdparty.io.netty.channel.nio.NioEventLoop.processSelectedKeys(NioEventLoop.java:496)
	at org.apache.ratis.thirdparty.io.netty.channel.nio.NioEventLoop.run(NioEventLoop.java:458)
	at org.apache.ratis.thirdparty.io.netty.util.concurrent.SingleThreadEventExecutor$5.run(SingleThreadEventExecutor.java:897)
	at org.apache.ratis.thirdparty.io.netty.util.concurrent.FastThreadLocalRunnable.run(FastThreadLocalRunnable.java:30)
	... 1 more
Caused by: java.net.ConnectException: Connection refused
	... 11 more
2019-10-09 13:04:11,412 [3eeab9a4-47d5-4980-9c6e-5102901e869a@group-6247FF3E413E:LeaderElection27] INFO  impl.LeaderElection (LeaderElection.java:logAndReturn(56)) - 3eeab9a4-47d5-4980-9c6e-5102901e869a@group-6247FF3E413E:LeaderElection27: Election REJECTED; received 0 response(s) [] and 2 exception(s); 3eeab9a4-47d5-4980-9c6e-5102901e869a@group-6247FF3E413E:t2, leader=null, voted=3eeab9a4-47d5-4980-9c6e-5102901e869a, raftlog=3eeab9a4-47d5-4980-9c6e-5102901e869a@group-6247FF3E413E-SegmentedRaftLog:OPENED:c0,f0,i0, conf=0: [4f75c367-51e4-41c9-9287-4e8dd97f5c38:192.168.5.175:40325, 3eeab9a4-47d5-4980-9c6e-5102901e869a:192.168.5.175:43254, f0cb1a3f-6ac7-4eb8-9514-6a797ff8471f:192.168.5.175:39769], old=null
2019-10-09 13:04:11,412 [3eeab9a4-47d5-4980-9c6e-5102901e869a@group-6247FF3E413E:LeaderElection27] INFO  impl.LeaderElection (LogUtils.java:infoOrTrace(149)) -   Exception 0: {}
java.util.concurrent.ExecutionException: org.apache.ratis.thirdparty.io.grpc.StatusRuntimeException: UNAVAILABLE: io exception
	at java.util.concurrent.FutureTask.report(FutureTask.java:122)
	at java.util.concurrent.FutureTask.get(FutureTask.java:192)
	at org.apache.ratis.server.impl.LeaderElection.waitForResults(LeaderElection.java:263)
	at org.apache.ratis.server.impl.LeaderElection.askForVotes(LeaderElection.java:201)
	at org.apache.ratis.server.impl.LeaderElection.run(LeaderElection.java:133)
	at java.lang.Thread.run(Thread.java:748)
Caused by: org.apache.ratis.thirdparty.io.grpc.StatusRuntimeException: UNAVAILABLE: io exception
	at org.apache.ratis.thirdparty.io.grpc.stub.ClientCalls.toStatusRuntimeException(ClientCalls.java:233)
	at org.apache.ratis.thirdparty.io.grpc.stub.ClientCalls.getUnchecked(ClientCalls.java:214)
	at org.apache.ratis.thirdparty.io.grpc.stub.ClientCalls.blockingUnaryCall(ClientCalls.java:139)
	at org.apache.ratis.proto.grpc.RaftServerProtocolServiceGrpc$RaftServerProtocolServiceBlockingStub.requestVote(RaftServerProtocolServiceGrpc.java:265)
	at org.apache.ratis.grpc.server.GrpcServerProtocolClient.requestVote(GrpcServerProtocolClient.java:90)
	at org.apache.ratis.grpc.server.GrpcService.requestVote(GrpcService.java:204)
	at org.apache.ratis.server.impl.LeaderElection.lambda$submitRequests$1(LeaderElection.java:238)
	at java.util.concurrent.FutureTask.run(FutureTask.java:266)
	at java.util.concurrent.Executors$RunnableAdapter.call(Executors.java:511)
	at java.util.concurrent.FutureTask.run(FutureTask.java:266)
	at java.util.concurrent.ThreadPoolExecutor.runWorker(ThreadPoolExecutor.java:1149)
	at java.util.concurrent.ThreadPoolExecutor$Worker.run(ThreadPoolExecutor.java:624)
	... 1 more
Caused by: org.apache.ratis.thirdparty.io.netty.channel.AbstractChannel$AnnotatedConnectException: Connection refused: /192.168.5.175:39769
	at sun.nio.ch.SocketChannelImpl.checkConnect(Native Method)
	at sun.nio.ch.SocketChannelImpl.finishConnect(SocketChannelImpl.java:717)
	at org.apache.ratis.thirdparty.io.netty.channel.socket.nio.NioSocketChannel.doFinishConnect(NioSocketChannel.java:327)
	at org.apache.ratis.thirdparty.io.netty.channel.nio.AbstractNioChannel$AbstractNioUnsafe.finishConnect(AbstractNioChannel.java:340)
	at org.apache.ratis.thirdparty.io.netty.channel.nio.NioEventLoop.processSelectedKey(NioEventLoop.java:632)
	at org.apache.ratis.thirdparty.io.netty.channel.nio.NioEventLoop.processSelectedKeysOptimized(NioEventLoop.java:579)
	at org.apache.ratis.thirdparty.io.netty.channel.nio.NioEventLoop.processSelectedKeys(NioEventLoop.java:496)
	at org.apache.ratis.thirdparty.io.netty.channel.nio.NioEventLoop.run(NioEventLoop.java:458)
	at org.apache.ratis.thirdparty.io.netty.util.concurrent.SingleThreadEventExecutor$5.run(SingleThreadEventExecutor.java:897)
	at org.apache.ratis.thirdparty.io.netty.util.concurrent.FastThreadLocalRunnable.run(FastThreadLocalRunnable.java:30)
	... 1 more
Caused by: java.net.ConnectException: Connection refused
	... 11 more
2019-10-09 13:04:11,413 [3eeab9a4-47d5-4980-9c6e-5102901e869a@group-6247FF3E413E:LeaderElection27] INFO  impl.LeaderElection (LogUtils.java:infoOrTrace(149)) -   Exception 1: {}
java.util.concurrent.ExecutionException: org.apache.ratis.thirdparty.io.grpc.StatusRuntimeException: UNAVAILABLE: io exception
	at java.util.concurrent.FutureTask.report(FutureTask.java:122)
	at java.util.concurrent.FutureTask.get(FutureTask.java:192)
	at org.apache.ratis.server.impl.LeaderElection.waitForResults(LeaderElection.java:263)
	at org.apache.ratis.server.impl.LeaderElection.askForVotes(LeaderElection.java:201)
	at org.apache.ratis.server.impl.LeaderElection.run(LeaderElection.java:133)
	at java.lang.Thread.run(Thread.java:748)
Caused by: org.apache.ratis.thirdparty.io.grpc.StatusRuntimeException: UNAVAILABLE: io exception
	at org.apache.ratis.thirdparty.io.grpc.stub.ClientCalls.toStatusRuntimeException(ClientCalls.java:233)
	at org.apache.ratis.thirdparty.io.grpc.stub.ClientCalls.getUnchecked(ClientCalls.java:214)
	at org.apache.ratis.thirdparty.io.grpc.stub.ClientCalls.blockingUnaryCall(ClientCalls.java:139)
	at org.apache.ratis.proto.grpc.RaftServerProtocolServiceGrpc$RaftServerProtocolServiceBlockingStub.requestVote(RaftServerProtocolServiceGrpc.java:265)
	at org.apache.ratis.grpc.server.GrpcServerProtocolClient.requestVote(GrpcServerProtocolClient.java:90)
	at org.apache.ratis.grpc.server.GrpcService.requestVote(GrpcService.java:204)
	at org.apache.ratis.server.impl.LeaderElection.lambda$submitRequests$1(LeaderElection.java:238)
	at java.util.concurrent.FutureTask.run(FutureTask.java:266)
	at java.util.concurrent.Executors$RunnableAdapter.call(Executors.java:511)
	at java.util.concurrent.FutureTask.run(FutureTask.java:266)
	at java.util.concurrent.ThreadPoolExecutor.runWorker(ThreadPoolExecutor.java:1149)
	at java.util.concurrent.ThreadPoolExecutor$Worker.run(ThreadPoolExecutor.java:624)
	... 1 more
Caused by: org.apache.ratis.thirdparty.io.netty.channel.AbstractChannel$AnnotatedConnectException: Connection refused: /192.168.5.175:40325
	at sun.nio.ch.SocketChannelImpl.checkConnect(Native Method)
	at sun.nio.ch.SocketChannelImpl.finishConnect(SocketChannelImpl.java:717)
	at org.apache.ratis.thirdparty.io.netty.channel.socket.nio.NioSocketChannel.doFinishConnect(NioSocketChannel.java:327)
	at org.apache.ratis.thirdparty.io.netty.channel.nio.AbstractNioChannel$AbstractNioUnsafe.finishConnect(AbstractNioChannel.java:340)
	at org.apache.ratis.thirdparty.io.netty.channel.nio.NioEventLoop.processSelectedKey(NioEventLoop.java:632)
	at org.apache.ratis.thirdparty.io.netty.channel.nio.NioEventLoop.processSelectedKeysOptimized(NioEventLoop.java:579)
	at org.apache.ratis.thirdparty.io.netty.channel.nio.NioEventLoop.processSelectedKeys(NioEventLoop.java:496)
	at org.apache.ratis.thirdparty.io.netty.channel.nio.NioEventLoop.run(NioEventLoop.java:458)
	at org.apache.ratis.thirdparty.io.netty.util.concurrent.SingleThreadEventExecutor$5.run(SingleThreadEventExecutor.java:897)
	at org.apache.ratis.thirdparty.io.netty.util.concurrent.FastThreadLocalRunnable.run(FastThreadLocalRunnable.java:30)
	... 1 more
Caused by: java.net.ConnectException: Connection refused
	... 11 more
2019-10-09 13:04:11,413 [3eeab9a4-47d5-4980-9c6e-5102901e869a@group-6247FF3E413E:LeaderElection27] INFO  impl.RaftServerImpl (RaftServerImpl.java:setRole(174)) - 3eeab9a4-47d5-4980-9c6e-5102901e869a@group-6247FF3E413E: changes role from CANDIDATE to FOLLOWER at term 2 for DISCOVERED_A_NEW_TERM
2019-10-09 13:04:11,413 [3eeab9a4-47d5-4980-9c6e-5102901e869a@group-6247FF3E413E:LeaderElection27] INFO  impl.RoleInfo (RoleInfo.java:shutdownLeaderElection(134)) - 3eeab9a4-47d5-4980-9c6e-5102901e869a: shutdown LeaderElection
2019-10-09 13:04:11,414 [3eeab9a4-47d5-4980-9c6e-5102901e869a@group-6247FF3E413E:LeaderElection27] INFO  impl.RoleInfo (RoleInfo.java:updateAndGet(143)) - 3eeab9a4-47d5-4980-9c6e-5102901e869a: start FollowerState
2019-10-09 13:04:11,418 [grpc-default-executor-9] WARN  server.GrpcLogAppender (LogUtils.java:warn(134)) - 3eeab9a4-47d5-4980-9c6e-5102901e869a@group-DDAC6CD64C05->4f75c367-51e4-41c9-9287-4e8dd97f5c38-AppendLogResponseHandler: Failed appendEntries: org.apache.ratis.thirdparty.io.grpc.StatusRuntimeException: UNAVAILABLE: io exception
2019-10-09 13:04:11,421 [grpc-default-executor-9] INFO  impl.FollowerInfo (FollowerInfo.java:lambda$new$0(51)) - 3eeab9a4-47d5-4980-9c6e-5102901e869a@group-DDAC6CD64C05->4f75c367-51e4-41c9-9287-4e8dd97f5c38: nextIndex: updateUnconditionally 0 -> 0
2019-10-09 13:04:11,491 [grpc-default-executor-9] WARN  server.GrpcLogAppender (LogUtils.java:warn(134)) - 3eeab9a4-47d5-4980-9c6e-5102901e869a@group-75761DEE94FB->f0cb1a3f-6ac7-4eb8-9514-6a797ff8471f-AppendLogResponseHandler: Failed appendEntries: org.apache.ratis.thirdparty.io.grpc.StatusRuntimeException: UNAVAILABLE: io exception
2019-10-09 13:04:11,494 [grpc-default-executor-9] INFO  impl.FollowerInfo (FollowerInfo.java:lambda$new$0(51)) - 3eeab9a4-47d5-4980-9c6e-5102901e869a@group-75761DEE94FB->f0cb1a3f-6ac7-4eb8-9514-6a797ff8471f: nextIndex: updateUnconditionally 0 -> 0
2019-10-09 13:04:11,504 [grpc-default-executor-7] WARN  server.GrpcLogAppender (LogUtils.java:warn(134)) - 3eeab9a4-47d5-4980-9c6e-5102901e869a@group-75761DEE94FB->4f75c367-51e4-41c9-9287-4e8dd97f5c38-AppendLogResponseHandler: Failed appendEntries: org.apache.ratis.thirdparty.io.grpc.StatusRuntimeException: UNAVAILABLE: io exception
2019-10-09 13:04:11,506 [grpc-default-executor-7] INFO  impl.FollowerInfo (FollowerInfo.java:lambda$new$0(51)) - 3eeab9a4-47d5-4980-9c6e-5102901e869a@group-75761DEE94FB->4f75c367-51e4-41c9-9287-4e8dd97f5c38: nextIndex: updateUnconditionally 0 -> 0
2019-10-09 13:04:11,545 [Thread-374] INFO  impl.FollowerState (FollowerState.java:run(106)) - 3eeab9a4-47d5-4980-9c6e-5102901e869a:group-A483B260BC72 changes to CANDIDATE, lastRpcTime:5145, electionTimeout:5096ms
2019-10-09 13:04:11,545 [Thread-374] INFO  impl.RoleInfo (RoleInfo.java:shutdownFollowerState(121)) - 3eeab9a4-47d5-4980-9c6e-5102901e869a: shutdown FollowerState
2019-10-09 13:04:11,545 [Thread-374] INFO  impl.RaftServerImpl (RaftServerImpl.java:setRole(174)) - 3eeab9a4-47d5-4980-9c6e-5102901e869a@group-A483B260BC72: changes role from  FOLLOWER to CANDIDATE at term 1 for changeToCandidate
2019-10-09 13:04:11,545 [Thread-374] INFO  impl.RoleInfo (RoleInfo.java:updateAndGet(143)) - 3eeab9a4-47d5-4980-9c6e-5102901e869a: start LeaderElection
2019-10-09 13:04:11,546 [3eeab9a4-47d5-4980-9c6e-5102901e869a@group-A483B260BC72:LeaderElection28] INFO  impl.RaftServerImpl (ServerState.java:setLeader(253)) - 3eeab9a4-47d5-4980-9c6e-5102901e869a@group-A483B260BC72: change Leader from 4f75c367-51e4-41c9-9287-4e8dd97f5c38 to null at term 1 for initElection
2019-10-09 13:04:11,560 [3eeab9a4-47d5-4980-9c6e-5102901e869a@group-A483B260BC72:LeaderElection28] INFO  impl.LeaderElection (LeaderElection.java:askForVotes(182)) - 3eeab9a4-47d5-4980-9c6e-5102901e869a@group-A483B260BC72:LeaderElection28: begin an election at term 2 for 0: [4f75c367-51e4-41c9-9287-4e8dd97f5c38:192.168.5.175:40325, 3eeab9a4-47d5-4980-9c6e-5102901e869a:192.168.5.175:43254, f0cb1a3f-6ac7-4eb8-9514-6a797ff8471f:192.168.5.175:39769], old=null
2019-10-09 13:04:11,564 [3eeab9a4-47d5-4980-9c6e-5102901e869a@group-A483B260BC72:LeaderElection28] INFO  impl.LeaderElection (LogUtils.java:infoOrTrace(149)) - 3eeab9a4-47d5-4980-9c6e-5102901e869a@group-A483B260BC72:LeaderElection28 got exception when requesting votes: {}
java.util.concurrent.ExecutionException: org.apache.ratis.thirdparty.io.grpc.StatusRuntimeException: UNAVAILABLE: io exception
	at java.util.concurrent.FutureTask.report(FutureTask.java:122)
	at java.util.concurrent.FutureTask.get(FutureTask.java:192)
	at org.apache.ratis.server.impl.LeaderElection.waitForResults(LeaderElection.java:263)
	at org.apache.ratis.server.impl.LeaderElection.askForVotes(LeaderElection.java:201)
	at org.apache.ratis.server.impl.LeaderElection.run(LeaderElection.java:133)
	at java.lang.Thread.run(Thread.java:748)
Caused by: org.apache.ratis.thirdparty.io.grpc.StatusRuntimeException: UNAVAILABLE: io exception
	at org.apache.ratis.thirdparty.io.grpc.stub.ClientCalls.toStatusRuntimeException(ClientCalls.java:233)
	at org.apache.ratis.thirdparty.io.grpc.stub.ClientCalls.getUnchecked(ClientCalls.java:214)
	at org.apache.ratis.thirdparty.io.grpc.stub.ClientCalls.blockingUnaryCall(ClientCalls.java:139)
	at org.apache.ratis.proto.grpc.RaftServerProtocolServiceGrpc$RaftServerProtocolServiceBlockingStub.requestVote(RaftServerProtocolServiceGrpc.java:265)
	at org.apache.ratis.grpc.server.GrpcServerProtocolClient.requestVote(GrpcServerProtocolClient.java:90)
	at org.apache.ratis.grpc.server.GrpcService.requestVote(GrpcService.java:204)
	at org.apache.ratis.server.impl.LeaderElection.lambda$submitRequests$1(LeaderElection.java:238)
	at java.util.concurrent.FutureTask.run(FutureTask.java:266)
	at java.util.concurrent.Executors$RunnableAdapter.call(Executors.java:511)
	at java.util.concurrent.FutureTask.run(FutureTask.java:266)
	at java.util.concurrent.ThreadPoolExecutor.runWorker(ThreadPoolExecutor.java:1149)
	at java.util.concurrent.ThreadPoolExecutor$Worker.run(ThreadPoolExecutor.java:624)
	... 1 more
Caused by: org.apache.ratis.thirdparty.io.netty.channel.AbstractChannel$AnnotatedConnectException: Connection refused: /192.168.5.175:39769
	at sun.nio.ch.SocketChannelImpl.checkConnect(Native Method)
	at sun.nio.ch.SocketChannelImpl.finishConnect(SocketChannelImpl.java:717)
	at org.apache.ratis.thirdparty.io.netty.channel.socket.nio.NioSocketChannel.doFinishConnect(NioSocketChannel.java:327)
	at org.apache.ratis.thirdparty.io.netty.channel.nio.AbstractNioChannel$AbstractNioUnsafe.finishConnect(AbstractNioChannel.java:340)
	at org.apache.ratis.thirdparty.io.netty.channel.nio.NioEventLoop.processSelectedKey(NioEventLoop.java:632)
	at org.apache.ratis.thirdparty.io.netty.channel.nio.NioEventLoop.processSelectedKeysOptimized(NioEventLoop.java:579)
	at org.apache.ratis.thirdparty.io.netty.channel.nio.NioEventLoop.processSelectedKeys(NioEventLoop.java:496)
	at org.apache.ratis.thirdparty.io.netty.channel.nio.NioEventLoop.run(NioEventLoop.java:458)
	at org.apache.ratis.thirdparty.io.netty.util.concurrent.SingleThreadEventExecutor$5.run(SingleThreadEventExecutor.java:897)
	at org.apache.ratis.thirdparty.io.netty.util.concurrent.FastThreadLocalRunnable.run(FastThreadLocalRunnable.java:30)
	... 1 more
Caused by: java.net.ConnectException: Connection refused
	... 11 more
2019-10-09 13:04:11,568 [3eeab9a4-47d5-4980-9c6e-5102901e869a@group-A483B260BC72:LeaderElection28] INFO  impl.LeaderElection (LogUtils.java:infoOrTrace(149)) - 3eeab9a4-47d5-4980-9c6e-5102901e869a@group-A483B260BC72:LeaderElection28 got exception when requesting votes: {}
java.util.concurrent.ExecutionException: org.apache.ratis.thirdparty.io.grpc.StatusRuntimeException: UNAVAILABLE: io exception
	at java.util.concurrent.FutureTask.report(FutureTask.java:122)
	at java.util.concurrent.FutureTask.get(FutureTask.java:192)
	at org.apache.ratis.server.impl.LeaderElection.waitForResults(LeaderElection.java:263)
	at org.apache.ratis.server.impl.LeaderElection.askForVotes(LeaderElection.java:201)
	at org.apache.ratis.server.impl.LeaderElection.run(LeaderElection.java:133)
	at java.lang.Thread.run(Thread.java:748)
Caused by: org.apache.ratis.thirdparty.io.grpc.StatusRuntimeException: UNAVAILABLE: io exception
	at org.apache.ratis.thirdparty.io.grpc.stub.ClientCalls.toStatusRuntimeException(ClientCalls.java:233)
	at org.apache.ratis.thirdparty.io.grpc.stub.ClientCalls.getUnchecked(ClientCalls.java:214)
	at org.apache.ratis.thirdparty.io.grpc.stub.ClientCalls.blockingUnaryCall(ClientCalls.java:139)
	at org.apache.ratis.proto.grpc.RaftServerProtocolServiceGrpc$RaftServerProtocolServiceBlockingStub.requestVote(RaftServerProtocolServiceGrpc.java:265)
	at org.apache.ratis.grpc.server.GrpcServerProtocolClient.requestVote(GrpcServerProtocolClient.java:90)
	at org.apache.ratis.grpc.server.GrpcService.requestVote(GrpcService.java:204)
	at org.apache.ratis.server.impl.LeaderElection.lambda$submitRequests$1(LeaderElection.java:238)
	at java.util.concurrent.FutureTask.run(FutureTask.java:266)
	at java.util.concurrent.Executors$RunnableAdapter.call(Executors.java:511)
	at java.util.concurrent.FutureTask.run(FutureTask.java:266)
	at java.util.concurrent.ThreadPoolExecutor.runWorker(ThreadPoolExecutor.java:1149)
	at java.util.concurrent.ThreadPoolExecutor$Worker.run(ThreadPoolExecutor.java:624)
	... 1 more
Caused by: org.apache.ratis.thirdparty.io.netty.channel.AbstractChannel$AnnotatedConnectException: Connection refused: /192.168.5.175:40325
	at sun.nio.ch.SocketChannelImpl.checkConnect(Native Method)
	at sun.nio.ch.SocketChannelImpl.finishConnect(SocketChannelImpl.java:717)
	at org.apache.ratis.thirdparty.io.netty.channel.socket.nio.NioSocketChannel.doFinishConnect(NioSocketChannel.java:327)
	at org.apache.ratis.thirdparty.io.netty.channel.nio.AbstractNioChannel$AbstractNioUnsafe.finishConnect(AbstractNioChannel.java:340)
	at org.apache.ratis.thirdparty.io.netty.channel.nio.NioEventLoop.processSelectedKey(NioEventLoop.java:632)
	at org.apache.ratis.thirdparty.io.netty.channel.nio.NioEventLoop.processSelectedKeysOptimized(NioEventLoop.java:579)
	at org.apache.ratis.thirdparty.io.netty.channel.nio.NioEventLoop.processSelectedKeys(NioEventLoop.java:496)
	at org.apache.ratis.thirdparty.io.netty.channel.nio.NioEventLoop.run(NioEventLoop.java:458)
	at org.apache.ratis.thirdparty.io.netty.util.concurrent.SingleThreadEventExecutor$5.run(SingleThreadEventExecutor.java:897)
	at org.apache.ratis.thirdparty.io.netty.util.concurrent.FastThreadLocalRunnable.run(FastThreadLocalRunnable.java:30)
	... 1 more
Caused by: java.net.ConnectException: Connection refused
	... 11 more
2019-10-09 13:04:11,571 [3eeab9a4-47d5-4980-9c6e-5102901e869a@group-A483B260BC72:LeaderElection28] INFO  impl.LeaderElection (LeaderElection.java:logAndReturn(56)) - 3eeab9a4-47d5-4980-9c6e-5102901e869a@group-A483B260BC72:LeaderElection28: Election REJECTED; received 0 response(s) [] and 2 exception(s); 3eeab9a4-47d5-4980-9c6e-5102901e869a@group-A483B260BC72:t2, leader=null, voted=3eeab9a4-47d5-4980-9c6e-5102901e869a, raftlog=3eeab9a4-47d5-4980-9c6e-5102901e869a@group-A483B260BC72-SegmentedRaftLog:OPENED:c0,f0,i0, conf=0: [4f75c367-51e4-41c9-9287-4e8dd97f5c38:192.168.5.175:40325, 3eeab9a4-47d5-4980-9c6e-5102901e869a:192.168.5.175:43254, f0cb1a3f-6ac7-4eb8-9514-6a797ff8471f:192.168.5.175:39769], old=null
2019-10-09 13:04:11,571 [3eeab9a4-47d5-4980-9c6e-5102901e869a@group-A483B260BC72:LeaderElection28] INFO  impl.LeaderElection (LogUtils.java:infoOrTrace(149)) -   Exception 0: {}
java.util.concurrent.ExecutionException: org.apache.ratis.thirdparty.io.grpc.StatusRuntimeException: UNAVAILABLE: io exception
	at java.util.concurrent.FutureTask.report(FutureTask.java:122)
	at java.util.concurrent.FutureTask.get(FutureTask.java:192)
	at org.apache.ratis.server.impl.LeaderElection.waitForResults(LeaderElection.java:263)
	at org.apache.ratis.server.impl.LeaderElection.askForVotes(LeaderElection.java:201)
	at org.apache.ratis.server.impl.LeaderElection.run(LeaderElection.java:133)
	at java.lang.Thread.run(Thread.java:748)
Caused by: org.apache.ratis.thirdparty.io.grpc.StatusRuntimeException: UNAVAILABLE: io exception
	at org.apache.ratis.thirdparty.io.grpc.stub.ClientCalls.toStatusRuntimeException(ClientCalls.java:233)
	at org.apache.ratis.thirdparty.io.grpc.stub.ClientCalls.getUnchecked(ClientCalls.java:214)
	at org.apache.ratis.thirdparty.io.grpc.stub.ClientCalls.blockingUnaryCall(ClientCalls.java:139)
	at org.apache.ratis.proto.grpc.RaftServerProtocolServiceGrpc$RaftServerProtocolServiceBlockingStub.requestVote(RaftServerProtocolServiceGrpc.java:265)
	at org.apache.ratis.grpc.server.GrpcServerProtocolClient.requestVote(GrpcServerProtocolClient.java:90)
	at org.apache.ratis.grpc.server.GrpcService.requestVote(GrpcService.java:204)
	at org.apache.ratis.server.impl.LeaderElection.lambda$submitRequests$1(LeaderElection.java:238)
	at java.util.concurrent.FutureTask.run(FutureTask.java:266)
	at java.util.concurrent.Executors$RunnableAdapter.call(Executors.java:511)
	at java.util.concurrent.FutureTask.run(FutureTask.java:266)
	at java.util.concurrent.ThreadPoolExecutor.runWorker(ThreadPoolExecutor.java:1149)
	at java.util.concurrent.ThreadPoolExecutor$Worker.run(ThreadPoolExecutor.java:624)
	... 1 more
Caused by: org.apache.ratis.thirdparty.io.netty.channel.AbstractChannel$AnnotatedConnectException: Connection refused: /192.168.5.175:39769
	at sun.nio.ch.SocketChannelImpl.checkConnect(Native Method)
	at sun.nio.ch.SocketChannelImpl.finishConnect(SocketChannelImpl.java:717)
	at org.apache.ratis.thirdparty.io.netty.channel.socket.nio.NioSocketChannel.doFinishConnect(NioSocketChannel.java:327)
	at org.apache.ratis.thirdparty.io.netty.channel.nio.AbstractNioChannel$AbstractNioUnsafe.finishConnect(AbstractNioChannel.java:340)
	at org.apache.ratis.thirdparty.io.netty.channel.nio.NioEventLoop.processSelectedKey(NioEventLoop.java:632)
	at org.apache.ratis.thirdparty.io.netty.channel.nio.NioEventLoop.processSelectedKeysOptimized(NioEventLoop.java:579)
	at org.apache.ratis.thirdparty.io.netty.channel.nio.NioEventLoop.processSelectedKeys(NioEventLoop.java:496)
	at org.apache.ratis.thirdparty.io.netty.channel.nio.NioEventLoop.run(NioEventLoop.java:458)
	at org.apache.ratis.thirdparty.io.netty.util.concurrent.SingleThreadEventExecutor$5.run(SingleThreadEventExecutor.java:897)
	at org.apache.ratis.thirdparty.io.netty.util.concurrent.FastThreadLocalRunnable.run(FastThreadLocalRunnable.java:30)
	... 1 more
Caused by: java.net.ConnectException: Connection refused
	... 11 more
2019-10-09 13:04:11,572 [3eeab9a4-47d5-4980-9c6e-5102901e869a@group-A483B260BC72:LeaderElection28] INFO  impl.LeaderElection (LogUtils.java:infoOrTrace(149)) -   Exception 1: {}
java.util.concurrent.ExecutionException: org.apache.ratis.thirdparty.io.grpc.StatusRuntimeException: UNAVAILABLE: io exception
	at java.util.concurrent.FutureTask.report(FutureTask.java:122)
	at java.util.concurrent.FutureTask.get(FutureTask.java:192)
	at org.apache.ratis.server.impl.LeaderElection.waitForResults(LeaderElection.java:263)
	at org.apache.ratis.server.impl.LeaderElection.askForVotes(LeaderElection.java:201)
	at org.apache.ratis.server.impl.LeaderElection.run(LeaderElection.java:133)
	at java.lang.Thread.run(Thread.java:748)
Caused by: org.apache.ratis.thirdparty.io.grpc.StatusRuntimeException: UNAVAILABLE: io exception
	at org.apache.ratis.thirdparty.io.grpc.stub.ClientCalls.toStatusRuntimeException(ClientCalls.java:233)
	at org.apache.ratis.thirdparty.io.grpc.stub.ClientCalls.getUnchecked(ClientCalls.java:214)
	at org.apache.ratis.thirdparty.io.grpc.stub.ClientCalls.blockingUnaryCall(ClientCalls.java:139)
	at org.apache.ratis.proto.grpc.RaftServerProtocolServiceGrpc$RaftServerProtocolServiceBlockingStub.requestVote(RaftServerProtocolServiceGrpc.java:265)
	at org.apache.ratis.grpc.server.GrpcServerProtocolClient.requestVote(GrpcServerProtocolClient.java:90)
	at org.apache.ratis.grpc.server.GrpcService.requestVote(GrpcService.java:204)
	at org.apache.ratis.server.impl.LeaderElection.lambda$submitRequests$1(LeaderElection.java:238)
	at java.util.concurrent.FutureTask.run(FutureTask.java:266)
	at java.util.concurrent.Executors$RunnableAdapter.call(Executors.java:511)
	at java.util.concurrent.FutureTask.run(FutureTask.java:266)
	at java.util.concurrent.ThreadPoolExecutor.runWorker(ThreadPoolExecutor.java:1149)
	at java.util.concurrent.ThreadPoolExecutor$Worker.run(ThreadPoolExecutor.java:624)
	... 1 more
Caused by: org.apache.ratis.thirdparty.io.netty.channel.AbstractChannel$AnnotatedConnectException: Connection refused: /192.168.5.175:40325
	at sun.nio.ch.SocketChannelImpl.checkConnect(Native Method)
	at sun.nio.ch.SocketChannelImpl.finishConnect(SocketChannelImpl.java:717)
	at org.apache.ratis.thirdparty.io.netty.channel.socket.nio.NioSocketChannel.doFinishConnect(NioSocketChannel.java:327)
	at org.apache.ratis.thirdparty.io.netty.channel.nio.AbstractNioChannel$AbstractNioUnsafe.finishConnect(AbstractNioChannel.java:340)
	at org.apache.ratis.thirdparty.io.netty.channel.nio.NioEventLoop.processSelectedKey(NioEventLoop.java:632)
	at org.apache.ratis.thirdparty.io.netty.channel.nio.NioEventLoop.processSelectedKeysOptimized(NioEventLoop.java:579)
	at org.apache.ratis.thirdparty.io.netty.channel.nio.NioEventLoop.processSelectedKeys(NioEventLoop.java:496)
	at org.apache.ratis.thirdparty.io.netty.channel.nio.NioEventLoop.run(NioEventLoop.java:458)
	at org.apache.ratis.thirdparty.io.netty.util.concurrent.SingleThreadEventExecutor$5.run(SingleThreadEventExecutor.java:897)
	at org.apache.ratis.thirdparty.io.netty.util.concurrent.FastThreadLocalRunnable.run(FastThreadLocalRunnable.java:30)
	... 1 more
Caused by: java.net.ConnectException: Connection refused
	... 11 more
2019-10-09 13:04:11,572 [3eeab9a4-47d5-4980-9c6e-5102901e869a@group-A483B260BC72:LeaderElection28] INFO  impl.RaftServerImpl (RaftServerImpl.java:setRole(174)) - 3eeab9a4-47d5-4980-9c6e-5102901e869a@group-A483B260BC72: changes role from CANDIDATE to FOLLOWER at term 2 for DISCOVERED_A_NEW_TERM
2019-10-09 13:04:11,572 [3eeab9a4-47d5-4980-9c6e-5102901e869a@group-A483B260BC72:LeaderElection28] INFO  impl.RoleInfo (RoleInfo.java:shutdownLeaderElection(134)) - 3eeab9a4-47d5-4980-9c6e-5102901e869a: shutdown LeaderElection
2019-10-09 13:04:11,573 [3eeab9a4-47d5-4980-9c6e-5102901e869a@group-A483B260BC72:LeaderElection28] INFO  impl.RoleInfo (RoleInfo.java:updateAndGet(143)) - 3eeab9a4-47d5-4980-9c6e-5102901e869a: start FollowerState
2019-10-09 13:04:11,609 [Thread-487] INFO  impl.FollowerState (FollowerState.java:run(106)) - 3eeab9a4-47d5-4980-9c6e-5102901e869a:group-C24D4FE0C6F2 changes to CANDIDATE, lastRpcTime:9116, electionTimeout:5068ms
2019-10-09 13:04:11,612 [Thread-487] INFO  impl.RoleInfo (RoleInfo.java:shutdownFollowerState(121)) - 3eeab9a4-47d5-4980-9c6e-5102901e869a: shutdown FollowerState
2019-10-09 13:04:11,612 [Thread-487] INFO  impl.RaftServerImpl (RaftServerImpl.java:setRole(174)) - 3eeab9a4-47d5-4980-9c6e-5102901e869a@group-C24D4FE0C6F2: changes role from  FOLLOWER to CANDIDATE at term 2 for changeToCandidate
2019-10-09 13:04:11,613 [Thread-487] INFO  impl.RoleInfo (RoleInfo.java:updateAndGet(143)) - 3eeab9a4-47d5-4980-9c6e-5102901e869a: start LeaderElection
2019-10-09 13:04:11,615 [3eeab9a4-47d5-4980-9c6e-5102901e869a@group-C24D4FE0C6F2:LeaderElection29] INFO  impl.RaftServerImpl (ServerState.java:setLeader(253)) - 3eeab9a4-47d5-4980-9c6e-5102901e869a@group-C24D4FE0C6F2: change Leader from f0cb1a3f-6ac7-4eb8-9514-6a797ff8471f to null at term 2 for initElection
2019-10-09 13:04:11,630 [3eeab9a4-47d5-4980-9c6e-5102901e869a@group-C24D4FE0C6F2:LeaderElection29] INFO  impl.LeaderElection (LeaderElection.java:askForVotes(182)) - 3eeab9a4-47d5-4980-9c6e-5102901e869a@group-C24D4FE0C6F2:LeaderElection29: begin an election at term 3 for 0: [4f75c367-51e4-41c9-9287-4e8dd97f5c38:192.168.5.175:40325, 3eeab9a4-47d5-4980-9c6e-5102901e869a:192.168.5.175:43254, f0cb1a3f-6ac7-4eb8-9514-6a797ff8471f:192.168.5.175:39769], old=null
2019-10-09 13:04:11,632 [3eeab9a4-47d5-4980-9c6e-5102901e869a@group-C24D4FE0C6F2:LeaderElection29] INFO  impl.LeaderElection (LogUtils.java:infoOrTrace(149)) - 3eeab9a4-47d5-4980-9c6e-5102901e869a@group-C24D4FE0C6F2:LeaderElection29 got exception when requesting votes: {}
java.util.concurrent.ExecutionException: org.apache.ratis.thirdparty.io.grpc.StatusRuntimeException: UNAVAILABLE: io exception
	at java.util.concurrent.FutureTask.report(FutureTask.java:122)
	at java.util.concurrent.FutureTask.get(FutureTask.java:192)
	at org.apache.ratis.server.impl.LeaderElection.waitForResults(LeaderElection.java:263)
	at org.apache.ratis.server.impl.LeaderElection.askForVotes(LeaderElection.java:201)
	at org.apache.ratis.server.impl.LeaderElection.run(LeaderElection.java:133)
	at java.lang.Thread.run(Thread.java:748)
Caused by: org.apache.ratis.thirdparty.io.grpc.StatusRuntimeException: UNAVAILABLE: io exception
	at org.apache.ratis.thirdparty.io.grpc.stub.ClientCalls.toStatusRuntimeException(ClientCalls.java:233)
	at org.apache.ratis.thirdparty.io.grpc.stub.ClientCalls.getUnchecked(ClientCalls.java:214)
	at org.apache.ratis.thirdparty.io.grpc.stub.ClientCalls.blockingUnaryCall(ClientCalls.java:139)
	at org.apache.ratis.proto.grpc.RaftServerProtocolServiceGrpc$RaftServerProtocolServiceBlockingStub.requestVote(RaftServerProtocolServiceGrpc.java:265)
	at org.apache.ratis.grpc.server.GrpcServerProtocolClient.requestVote(GrpcServerProtocolClient.java:90)
	at org.apache.ratis.grpc.server.GrpcService.requestVote(GrpcService.java:204)
	at org.apache.ratis.server.impl.LeaderElection.lambda$submitRequests$1(LeaderElection.java:238)
	at java.util.concurrent.FutureTask.run(FutureTask.java:266)
	at java.util.concurrent.Executors$RunnableAdapter.call(Executors.java:511)
	at java.util.concurrent.FutureTask.run(FutureTask.java:266)
	at java.util.concurrent.ThreadPoolExecutor.runWorker(ThreadPoolExecutor.java:1149)
	at java.util.concurrent.ThreadPoolExecutor$Worker.run(ThreadPoolExecutor.java:624)
	... 1 more
Caused by: org.apache.ratis.thirdparty.io.netty.channel.AbstractChannel$AnnotatedConnectException: Connection refused: /192.168.5.175:40325
	at sun.nio.ch.SocketChannelImpl.checkConnect(Native Method)
	at sun.nio.ch.SocketChannelImpl.finishConnect(SocketChannelImpl.java:717)
	at org.apache.ratis.thirdparty.io.netty.channel.socket.nio.NioSocketChannel.doFinishConnect(NioSocketChannel.java:327)
	at org.apache.ratis.thirdparty.io.netty.channel.nio.AbstractNioChannel$AbstractNioUnsafe.finishConnect(AbstractNioChannel.java:340)
	at org.apache.ratis.thirdparty.io.netty.channel.nio.NioEventLoop.processSelectedKey(NioEventLoop.java:632)
	at org.apache.ratis.thirdparty.io.netty.channel.nio.NioEventLoop.processSelectedKeysOptimized(NioEventLoop.java:579)
	at org.apache.ratis.thirdparty.io.netty.channel.nio.NioEventLoop.processSelectedKeys(NioEventLoop.java:496)
	at org.apache.ratis.thirdparty.io.netty.channel.nio.NioEventLoop.run(NioEventLoop.java:458)
	at org.apache.ratis.thirdparty.io.netty.util.concurrent.SingleThreadEventExecutor$5.run(SingleThreadEventExecutor.java:897)
	at org.apache.ratis.thirdparty.io.netty.util.concurrent.FastThreadLocalRunnable.run(FastThreadLocalRunnable.java:30)
	... 1 more
Caused by: java.net.ConnectException: Connection refused
	... 11 more
2019-10-09 13:04:11,634 [3eeab9a4-47d5-4980-9c6e-5102901e869a@group-C24D4FE0C6F2:LeaderElection29] INFO  impl.LeaderElection (LogUtils.java:infoOrTrace(149)) - 3eeab9a4-47d5-4980-9c6e-5102901e869a@group-C24D4FE0C6F2:LeaderElection29 got exception when requesting votes: {}
java.util.concurrent.ExecutionException: org.apache.ratis.thirdparty.io.grpc.StatusRuntimeException: UNAVAILABLE: io exception
	at java.util.concurrent.FutureTask.report(FutureTask.java:122)
	at java.util.concurrent.FutureTask.get(FutureTask.java:192)
	at org.apache.ratis.server.impl.LeaderElection.waitForResults(LeaderElection.java:263)
	at org.apache.ratis.server.impl.LeaderElection.askForVotes(LeaderElection.java:201)
	at org.apache.ratis.server.impl.LeaderElection.run(LeaderElection.java:133)
	at java.lang.Thread.run(Thread.java:748)
Caused by: org.apache.ratis.thirdparty.io.grpc.StatusRuntimeException: UNAVAILABLE: io exception
	at org.apache.ratis.thirdparty.io.grpc.stub.ClientCalls.toStatusRuntimeException(ClientCalls.java:233)
	at org.apache.ratis.thirdparty.io.grpc.stub.ClientCalls.getUnchecked(ClientCalls.java:214)
	at org.apache.ratis.thirdparty.io.grpc.stub.ClientCalls.blockingUnaryCall(ClientCalls.java:139)
	at org.apache.ratis.proto.grpc.RaftServerProtocolServiceGrpc$RaftServerProtocolServiceBlockingStub.requestVote(RaftServerProtocolServiceGrpc.java:265)
	at org.apache.ratis.grpc.server.GrpcServerProtocolClient.requestVote(GrpcServerProtocolClient.java:90)
	at org.apache.ratis.grpc.server.GrpcService.requestVote(GrpcService.java:204)
	at org.apache.ratis.server.impl.LeaderElection.lambda$submitRequests$1(LeaderElection.java:238)
	at java.util.concurrent.FutureTask.run(FutureTask.java:266)
	at java.util.concurrent.Executors$RunnableAdapter.call(Executors.java:511)
	at java.util.concurrent.FutureTask.run(FutureTask.java:266)
	at java.util.concurrent.ThreadPoolExecutor.runWorker(ThreadPoolExecutor.java:1149)
	at java.util.concurrent.ThreadPoolExecutor$Worker.run(ThreadPoolExecutor.java:624)
	... 1 more
Caused by: org.apache.ratis.thirdparty.io.netty.channel.AbstractChannel$AnnotatedConnectException: Connection refused: /192.168.5.175:39769
	at sun.nio.ch.SocketChannelImpl.checkConnect(Native Method)
	at sun.nio.ch.SocketChannelImpl.finishConnect(SocketChannelImpl.java:717)
	at org.apache.ratis.thirdparty.io.netty.channel.socket.nio.NioSocketChannel.doFinishConnect(NioSocketChannel.java:327)
	at org.apache.ratis.thirdparty.io.netty.channel.nio.AbstractNioChannel$AbstractNioUnsafe.finishConnect(AbstractNioChannel.java:340)
	at org.apache.ratis.thirdparty.io.netty.channel.nio.NioEventLoop.processSelectedKey(NioEventLoop.java:632)
	at org.apache.ratis.thirdparty.io.netty.channel.nio.NioEventLoop.processSelectedKeysOptimized(NioEventLoop.java:579)
	at org.apache.ratis.thirdparty.io.netty.channel.nio.NioEventLoop.processSelectedKeys(NioEventLoop.java:496)
	at org.apache.ratis.thirdparty.io.netty.channel.nio.NioEventLoop.run(NioEventLoop.java:458)
	at org.apache.ratis.thirdparty.io.netty.util.concurrent.SingleThreadEventExecutor$5.run(SingleThreadEventExecutor.java:897)
	at org.apache.ratis.thirdparty.io.netty.util.concurrent.FastThreadLocalRunnable.run(FastThreadLocalRunnable.java:30)
	... 1 more
Caused by: java.net.ConnectException: Connection refused
	... 11 more
2019-10-09 13:04:11,639 [3eeab9a4-47d5-4980-9c6e-5102901e869a@group-C24D4FE0C6F2:LeaderElection29] INFO  impl.LeaderElection (LeaderElection.java:logAndReturn(56)) - 3eeab9a4-47d5-4980-9c6e-5102901e869a@group-C24D4FE0C6F2:LeaderElection29: Election REJECTED; received 0 response(s) [] and 2 exception(s); 3eeab9a4-47d5-4980-9c6e-5102901e869a@group-C24D4FE0C6F2:t3, leader=null, voted=3eeab9a4-47d5-4980-9c6e-5102901e869a, raftlog=3eeab9a4-47d5-4980-9c6e-5102901e869a@group-C24D4FE0C6F2-SegmentedRaftLog:OPENED:c16,f16,i16, conf=0: [4f75c367-51e4-41c9-9287-4e8dd97f5c38:192.168.5.175:40325, 3eeab9a4-47d5-4980-9c6e-5102901e869a:192.168.5.175:43254, f0cb1a3f-6ac7-4eb8-9514-6a797ff8471f:192.168.5.175:39769], old=null
2019-10-09 13:04:11,639 [3eeab9a4-47d5-4980-9c6e-5102901e869a@group-C24D4FE0C6F2:LeaderElection29] INFO  impl.LeaderElection (LogUtils.java:infoOrTrace(149)) -   Exception 0: {}
java.util.concurrent.ExecutionException: org.apache.ratis.thirdparty.io.grpc.StatusRuntimeException: UNAVAILABLE: io exception
	at java.util.concurrent.FutureTask.report(FutureTask.java:122)
	at java.util.concurrent.FutureTask.get(FutureTask.java:192)
	at org.apache.ratis.server.impl.LeaderElection.waitForResults(LeaderElection.java:263)
	at org.apache.ratis.server.impl.LeaderElection.askForVotes(LeaderElection.java:201)
	at org.apache.ratis.server.impl.LeaderElection.run(LeaderElection.java:133)
	at java.lang.Thread.run(Thread.java:748)
Caused by: org.apache.ratis.thirdparty.io.grpc.StatusRuntimeException: UNAVAILABLE: io exception
	at org.apache.ratis.thirdparty.io.grpc.stub.ClientCalls.toStatusRuntimeException(ClientCalls.java:233)
	at org.apache.ratis.thirdparty.io.grpc.stub.ClientCalls.getUnchecked(ClientCalls.java:214)
	at org.apache.ratis.thirdparty.io.grpc.stub.ClientCalls.blockingUnaryCall(ClientCalls.java:139)
	at org.apache.ratis.proto.grpc.RaftServerProtocolServiceGrpc$RaftServerProtocolServiceBlockingStub.requestVote(RaftServerProtocolServiceGrpc.java:265)
	at org.apache.ratis.grpc.server.GrpcServerProtocolClient.requestVote(GrpcServerProtocolClient.java:90)
	at org.apache.ratis.grpc.server.GrpcService.requestVote(GrpcService.java:204)
	at org.apache.ratis.server.impl.LeaderElection.lambda$submitRequests$1(LeaderElection.java:238)
	at java.util.concurrent.FutureTask.run(FutureTask.java:266)
	at java.util.concurrent.Executors$RunnableAdapter.call(Executors.java:511)
	at java.util.concurrent.FutureTask.run(FutureTask.java:266)
	at java.util.concurrent.ThreadPoolExecutor.runWorker(ThreadPoolExecutor.java:1149)
	at java.util.concurrent.ThreadPoolExecutor$Worker.run(ThreadPoolExecutor.java:624)
	... 1 more
Caused by: org.apache.ratis.thirdparty.io.netty.channel.AbstractChannel$AnnotatedConnectException: Connection refused: /192.168.5.175:40325
	at sun.nio.ch.SocketChannelImpl.checkConnect(Native Method)
	at sun.nio.ch.SocketChannelImpl.finishConnect(SocketChannelImpl.java:717)
	at org.apache.ratis.thirdparty.io.netty.channel.socket.nio.NioSocketChannel.doFinishConnect(NioSocketChannel.java:327)
	at org.apache.ratis.thirdparty.io.netty.channel.nio.AbstractNioChannel$AbstractNioUnsafe.finishConnect(AbstractNioChannel.java:340)
	at org.apache.ratis.thirdparty.io.netty.channel.nio.NioEventLoop.processSelectedKey(NioEventLoop.java:632)
	at org.apache.ratis.thirdparty.io.netty.channel.nio.NioEventLoop.processSelectedKeysOptimized(NioEventLoop.java:579)
	at org.apache.ratis.thirdparty.io.netty.channel.nio.NioEventLoop.processSelectedKeys(NioEventLoop.java:496)
	at org.apache.ratis.thirdparty.io.netty.channel.nio.NioEventLoop.run(NioEventLoop.java:458)
	at org.apache.ratis.thirdparty.io.netty.util.concurrent.SingleThreadEventExecutor$5.run(SingleThreadEventExecutor.java:897)
	at org.apache.ratis.thirdparty.io.netty.util.concurrent.FastThreadLocalRunnable.run(FastThreadLocalRunnable.java:30)
	... 1 more
Caused by: java.net.ConnectException: Connection refused
	... 11 more
2019-10-09 13:04:11,640 [3eeab9a4-47d5-4980-9c6e-5102901e869a@group-C24D4FE0C6F2:LeaderElection29] INFO  impl.LeaderElection (LogUtils.java:infoOrTrace(149)) -   Exception 1: {}
java.util.concurrent.ExecutionException: org.apache.ratis.thirdparty.io.grpc.StatusRuntimeException: UNAVAILABLE: io exception
	at java.util.concurrent.FutureTask.report(FutureTask.java:122)
	at java.util.concurrent.FutureTask.get(FutureTask.java:192)
	at org.apache.ratis.server.impl.LeaderElection.waitForResults(LeaderElection.java:263)
	at org.apache.ratis.server.impl.LeaderElection.askForVotes(LeaderElection.java:201)
	at org.apache.ratis.server.impl.LeaderElection.run(LeaderElection.java:133)
	at java.lang.Thread.run(Thread.java:748)
Caused by: org.apache.ratis.thirdparty.io.grpc.StatusRuntimeException: UNAVAILABLE: io exception
	at org.apache.ratis.thirdparty.io.grpc.stub.ClientCalls.toStatusRuntimeException(ClientCalls.java:233)
	at org.apache.ratis.thirdparty.io.grpc.stub.ClientCalls.getUnchecked(ClientCalls.java:214)
	at org.apache.ratis.thirdparty.io.grpc.stub.ClientCalls.blockingUnaryCall(ClientCalls.java:139)
	at org.apache.ratis.proto.grpc.RaftServerProtocolServiceGrpc$RaftServerProtocolServiceBlockingStub.requestVote(RaftServerProtocolServiceGrpc.java:265)
	at org.apache.ratis.grpc.server.GrpcServerProtocolClient.requestVote(GrpcServerProtocolClient.java:90)
	at org.apache.ratis.grpc.server.GrpcService.requestVote(GrpcService.java:204)
	at org.apache.ratis.server.impl.LeaderElection.lambda$submitRequests$1(LeaderElection.java:238)
	at java.util.concurrent.FutureTask.run(FutureTask.java:266)
	at java.util.concurrent.Executors$RunnableAdapter.call(Executors.java:511)
	at java.util.concurrent.FutureTask.run(FutureTask.java:266)
	at java.util.concurrent.ThreadPoolExecutor.runWorker(ThreadPoolExecutor.java:1149)
	at java.util.concurrent.ThreadPoolExecutor$Worker.run(ThreadPoolExecutor.java:624)
	... 1 more
Caused by: org.apache.ratis.thirdparty.io.netty.channel.AbstractChannel$AnnotatedConnectException: Connection refused: /192.168.5.175:39769
	at sun.nio.ch.SocketChannelImpl.checkConnect(Native Method)
	at sun.nio.ch.SocketChannelImpl.finishConnect(SocketChannelImpl.java:717)
	at org.apache.ratis.thirdparty.io.netty.channel.socket.nio.NioSocketChannel.doFinishConnect(NioSocketChannel.java:327)
	at org.apache.ratis.thirdparty.io.netty.channel.nio.AbstractNioChannel$AbstractNioUnsafe.finishConnect(AbstractNioChannel.java:340)
	at org.apache.ratis.thirdparty.io.netty.channel.nio.NioEventLoop.processSelectedKey(NioEventLoop.java:632)
	at org.apache.ratis.thirdparty.io.netty.channel.nio.NioEventLoop.processSelectedKeysOptimized(NioEventLoop.java:579)
	at org.apache.ratis.thirdparty.io.netty.channel.nio.NioEventLoop.processSelectedKeys(NioEventLoop.java:496)
	at org.apache.ratis.thirdparty.io.netty.channel.nio.NioEventLoop.run(NioEventLoop.java:458)
	at org.apache.ratis.thirdparty.io.netty.util.concurrent.SingleThreadEventExecutor$5.run(SingleThreadEventExecutor.java:897)
	at org.apache.ratis.thirdparty.io.netty.util.concurrent.FastThreadLocalRunnable.run(FastThreadLocalRunnable.java:30)
	... 1 more
Caused by: java.net.ConnectException: Connection refused
	... 11 more
2019-10-09 13:04:11,641 [3eeab9a4-47d5-4980-9c6e-5102901e869a@group-C24D4FE0C6F2:LeaderElection29] INFO  impl.RaftServerImpl (RaftServerImpl.java:setRole(174)) - 3eeab9a4-47d5-4980-9c6e-5102901e869a@group-C24D4FE0C6F2: changes role from CANDIDATE to FOLLOWER at term 3 for DISCOVERED_A_NEW_TERM
2019-10-09 13:04:11,641 [3eeab9a4-47d5-4980-9c6e-5102901e869a@group-C24D4FE0C6F2:LeaderElection29] INFO  impl.RoleInfo (RoleInfo.java:shutdownLeaderElection(134)) - 3eeab9a4-47d5-4980-9c6e-5102901e869a: shutdown LeaderElection
2019-10-09 13:04:11,641 [3eeab9a4-47d5-4980-9c6e-5102901e869a@group-C24D4FE0C6F2:LeaderElection29] INFO  impl.RoleInfo (RoleInfo.java:updateAndGet(143)) - 3eeab9a4-47d5-4980-9c6e-5102901e869a: start FollowerState
2019-10-09 13:04:11,678 [grpc-default-executor-9] WARN  server.GrpcLogAppender (LogUtils.java:warn(134)) - 3eeab9a4-47d5-4980-9c6e-5102901e869a@group-153C1C6005E2->f0cb1a3f-6ac7-4eb8-9514-6a797ff8471f-AppendLogResponseHandler: Failed appendEntries: org.apache.ratis.thirdparty.io.grpc.StatusRuntimeException: UNAVAILABLE: io exception
2019-10-09 13:04:11,683 [grpc-default-executor-9] INFO  impl.FollowerInfo (FollowerInfo.java:lambda$new$0(51)) - 3eeab9a4-47d5-4980-9c6e-5102901e869a@group-153C1C6005E2->f0cb1a3f-6ac7-4eb8-9514-6a797ff8471f: nextIndex: updateUnconditionally 0 -> 0
2019-10-09 13:04:11,686 [grpc-default-executor-9] WARN  server.GrpcLogAppender (LogUtils.java:warn(134)) - 3eeab9a4-47d5-4980-9c6e-5102901e869a@group-153C1C6005E2->4f75c367-51e4-41c9-9287-4e8dd97f5c38-AppendLogResponseHandler: Failed appendEntries: org.apache.ratis.thirdparty.io.grpc.StatusRuntimeException: UNAVAILABLE: io exception
2019-10-09 13:04:11,689 [grpc-default-executor-9] INFO  impl.FollowerInfo (FollowerInfo.java:lambda$new$0(51)) - 3eeab9a4-47d5-4980-9c6e-5102901e869a@group-153C1C6005E2->4f75c367-51e4-41c9-9287-4e8dd97f5c38: nextIndex: updateUnconditionally 0 -> 0
2019-10-09 13:04:13,891 [grpc-default-executor-9] WARN  server.GrpcLogAppender (LogUtils.java:warn(134)) - 3eeab9a4-47d5-4980-9c6e-5102901e869a@group-DDAC6CD64C05->f0cb1a3f-6ac7-4eb8-9514-6a797ff8471f-AppendLogResponseHandler: Failed appendEntries: org.apache.ratis.thirdparty.io.grpc.StatusRuntimeException: UNAVAILABLE: io exception
2019-10-09 13:04:13,892 [grpc-default-executor-9] INFO  impl.FollowerInfo (FollowerInfo.java:lambda$new$0(51)) - 3eeab9a4-47d5-4980-9c6e-5102901e869a@group-DDAC6CD64C05->f0cb1a3f-6ac7-4eb8-9514-6a797ff8471f: nextIndex: updateUnconditionally 0 -> 0
2019-10-09 13:04:13,921 [grpc-default-executor-4] WARN  server.GrpcLogAppender (LogUtils.java:warn(134)) - 3eeab9a4-47d5-4980-9c6e-5102901e869a@group-DDAC6CD64C05->4f75c367-51e4-41c9-9287-4e8dd97f5c38-AppendLogResponseHandler: Failed appendEntries: org.apache.ratis.thirdparty.io.grpc.StatusRuntimeException: UNAVAILABLE: io exception
2019-10-09 13:04:13,922 [grpc-default-executor-4] INFO  impl.FollowerInfo (FollowerInfo.java:lambda$new$0(51)) - 3eeab9a4-47d5-4980-9c6e-5102901e869a@group-DDAC6CD64C05->4f75c367-51e4-41c9-9287-4e8dd97f5c38: nextIndex: updateUnconditionally 0 -> 0
2019-10-09 13:04:13,994 [grpc-default-executor-9] WARN  server.GrpcLogAppender (LogUtils.java:warn(134)) - 3eeab9a4-47d5-4980-9c6e-5102901e869a@group-75761DEE94FB->f0cb1a3f-6ac7-4eb8-9514-6a797ff8471f-AppendLogResponseHandler: Failed appendEntries: org.apache.ratis.thirdparty.io.grpc.StatusRuntimeException: UNAVAILABLE: io exception
2019-10-09 13:04:13,994 [grpc-default-executor-9] INFO  impl.FollowerInfo (FollowerInfo.java:lambda$new$0(51)) - 3eeab9a4-47d5-4980-9c6e-5102901e869a@group-75761DEE94FB->f0cb1a3f-6ac7-4eb8-9514-6a797ff8471f: nextIndex: updateUnconditionally 0 -> 0
2019-10-09 13:04:14,004 [grpc-default-executor-4] WARN  server.GrpcLogAppender (LogUtils.java:warn(134)) - 3eeab9a4-47d5-4980-9c6e-5102901e869a@group-75761DEE94FB->4f75c367-51e4-41c9-9287-4e8dd97f5c38-AppendLogResponseHandler: Failed appendEntries: org.apache.ratis.thirdparty.io.grpc.StatusRuntimeException: UNAVAILABLE: io exception
2019-10-09 13:04:14,005 [grpc-default-executor-4] INFO  impl.FollowerInfo (FollowerInfo.java:lambda$new$0(51)) - 3eeab9a4-47d5-4980-9c6e-5102901e869a@group-75761DEE94FB->4f75c367-51e4-41c9-9287-4e8dd97f5c38: nextIndex: updateUnconditionally 0 -> 0
2019-10-09 13:04:14,183 [grpc-default-executor-7] WARN  server.GrpcLogAppender (LogUtils.java:warn(134)) - 3eeab9a4-47d5-4980-9c6e-5102901e869a@group-153C1C6005E2->f0cb1a3f-6ac7-4eb8-9514-6a797ff8471f-AppendLogResponseHandler: Failed appendEntries: org.apache.ratis.thirdparty.io.grpc.StatusRuntimeException: UNAVAILABLE: io exception
2019-10-09 13:04:14,183 [grpc-default-executor-7] INFO  impl.FollowerInfo (FollowerInfo.java:lambda$new$0(51)) - 3eeab9a4-47d5-4980-9c6e-5102901e869a@group-153C1C6005E2->f0cb1a3f-6ac7-4eb8-9514-6a797ff8471f: nextIndex: updateUnconditionally 0 -> 0
2019-10-09 13:04:14,189 [grpc-default-executor-4] WARN  server.GrpcLogAppender (LogUtils.java:warn(134)) - 3eeab9a4-47d5-4980-9c6e-5102901e869a@group-153C1C6005E2->4f75c367-51e4-41c9-9287-4e8dd97f5c38-AppendLogResponseHandler: Failed appendEntries: org.apache.ratis.thirdparty.io.grpc.StatusRuntimeException: UNAVAILABLE: io exception
2019-10-09 13:04:14,190 [grpc-default-executor-4] INFO  impl.FollowerInfo (FollowerInfo.java:lambda$new$0(51)) - 3eeab9a4-47d5-4980-9c6e-5102901e869a@group-153C1C6005E2->4f75c367-51e4-41c9-9287-4e8dd97f5c38: nextIndex: updateUnconditionally 0 -> 0
2019-10-09 13:04:16,392 [grpc-default-executor-4] WARN  server.GrpcLogAppender (LogUtils.java:warn(134)) - 3eeab9a4-47d5-4980-9c6e-5102901e869a@group-DDAC6CD64C05->f0cb1a3f-6ac7-4eb8-9514-6a797ff8471f-AppendLogResponseHandler: Failed appendEntries: org.apache.ratis.thirdparty.io.grpc.StatusRuntimeException: UNAVAILABLE: io exception
2019-10-09 13:04:16,393 [grpc-default-executor-4] INFO  impl.FollowerInfo (FollowerInfo.java:lambda$new$0(51)) - 3eeab9a4-47d5-4980-9c6e-5102901e869a@group-DDAC6CD64C05->f0cb1a3f-6ac7-4eb8-9514-6a797ff8471f: nextIndex: updateUnconditionally 0 -> 0
2019-10-09 13:04:16,422 [grpc-default-executor-9] WARN  server.GrpcLogAppender (LogUtils.java:warn(134)) - 3eeab9a4-47d5-4980-9c6e-5102901e869a@group-DDAC6CD64C05->4f75c367-51e4-41c9-9287-4e8dd97f5c38-AppendLogResponseHandler: Failed appendEntries: org.apache.ratis.thirdparty.io.grpc.StatusRuntimeException: UNAVAILABLE: io exception
2019-10-09 13:04:16,423 [grpc-default-executor-9] INFO  impl.FollowerInfo (FollowerInfo.java:lambda$new$0(51)) - 3eeab9a4-47d5-4980-9c6e-5102901e869a@group-DDAC6CD64C05->4f75c367-51e4-41c9-9287-4e8dd97f5c38: nextIndex: updateUnconditionally 0 -> 0
2019-10-09 13:04:16,496 [grpc-default-executor-7] WARN  server.GrpcLogAppender (LogUtils.java:warn(134)) - 3eeab9a4-47d5-4980-9c6e-5102901e869a@group-75761DEE94FB->f0cb1a3f-6ac7-4eb8-9514-6a797ff8471f-AppendLogResponseHandler: Failed appendEntries: org.apache.ratis.thirdparty.io.grpc.StatusRuntimeException: UNAVAILABLE: io exception
2019-10-09 13:04:16,496 [grpc-default-executor-7] INFO  impl.FollowerInfo (FollowerInfo.java:lambda$new$0(51)) - 3eeab9a4-47d5-4980-9c6e-5102901e869a@group-75761DEE94FB->f0cb1a3f-6ac7-4eb8-9514-6a797ff8471f: nextIndex: updateUnconditionally 0 -> 0
2019-10-09 13:04:16,506 [grpc-default-executor-4] WARN  server.GrpcLogAppender (LogUtils.java:warn(134)) - 3eeab9a4-47d5-4980-9c6e-5102901e869a@group-75761DEE94FB->4f75c367-51e4-41c9-9287-4e8dd97f5c38-AppendLogResponseHandler: Failed appendEntries: org.apache.ratis.thirdparty.io.grpc.StatusRuntimeException: UNAVAILABLE: io exception
2019-10-09 13:04:16,506 [grpc-default-executor-4] INFO  impl.FollowerInfo (FollowerInfo.java:lambda$new$0(51)) - 3eeab9a4-47d5-4980-9c6e-5102901e869a@group-75761DEE94FB->4f75c367-51e4-41c9-9287-4e8dd97f5c38: nextIndex: updateUnconditionally 0 -> 0
2019-10-09 13:04:16,542 [Thread-615] INFO  impl.FollowerState (FollowerState.java:run(106)) - 3eeab9a4-47d5-4980-9c6e-5102901e869a:group-6247FF3E413E changes to CANDIDATE, lastRpcTime:5128, electionTimeout:5128ms
2019-10-09 13:04:16,543 [Thread-615] INFO  impl.RoleInfo (RoleInfo.java:shutdownFollowerState(121)) - 3eeab9a4-47d5-4980-9c6e-5102901e869a: shutdown FollowerState
2019-10-09 13:04:16,543 [Thread-615] INFO  impl.RaftServerImpl (RaftServerImpl.java:setRole(174)) - 3eeab9a4-47d5-4980-9c6e-5102901e869a@group-6247FF3E413E: changes role from  FOLLOWER to CANDIDATE at term 2 for changeToCandidate
2019-10-09 13:04:16,543 [Thread-615] INFO  impl.RoleInfo (RoleInfo.java:updateAndGet(143)) - 3eeab9a4-47d5-4980-9c6e-5102901e869a: start LeaderElection
2019-10-09 13:04:16,568 [3eeab9a4-47d5-4980-9c6e-5102901e869a@group-6247FF3E413E:LeaderElection30] INFO  impl.LeaderElection (LeaderElection.java:askForVotes(182)) - 3eeab9a4-47d5-4980-9c6e-5102901e869a@group-6247FF3E413E:LeaderElection30: begin an election at term 3 for 0: [4f75c367-51e4-41c9-9287-4e8dd97f5c38:192.168.5.175:40325, 3eeab9a4-47d5-4980-9c6e-5102901e869a:192.168.5.175:43254, f0cb1a3f-6ac7-4eb8-9514-6a797ff8471f:192.168.5.175:39769], old=null
2019-10-09 13:04:16,587 [3eeab9a4-47d5-4980-9c6e-5102901e869a@group-6247FF3E413E:LeaderElection30] INFO  impl.LeaderElection (LogUtils.java:infoOrTrace(149)) - 3eeab9a4-47d5-4980-9c6e-5102901e869a@group-6247FF3E413E:LeaderElection30 got exception when requesting votes: {}
java.util.concurrent.ExecutionException: org.apache.ratis.thirdparty.io.grpc.StatusRuntimeException: UNAVAILABLE: io exception
	at java.util.concurrent.FutureTask.report(FutureTask.java:122)
	at java.util.concurrent.FutureTask.get(FutureTask.java:192)
	at org.apache.ratis.server.impl.LeaderElection.waitForResults(LeaderElection.java:263)
	at org.apache.ratis.server.impl.LeaderElection.askForVotes(LeaderElection.java:201)
	at org.apache.ratis.server.impl.LeaderElection.run(LeaderElection.java:133)
	at java.lang.Thread.run(Thread.java:748)
Caused by: org.apache.ratis.thirdparty.io.grpc.StatusRuntimeException: UNAVAILABLE: io exception
	at org.apache.ratis.thirdparty.io.grpc.stub.ClientCalls.toStatusRuntimeException(ClientCalls.java:233)
	at org.apache.ratis.thirdparty.io.grpc.stub.ClientCalls.getUnchecked(ClientCalls.java:214)
	at org.apache.ratis.thirdparty.io.grpc.stub.ClientCalls.blockingUnaryCall(ClientCalls.java:139)
	at org.apache.ratis.proto.grpc.RaftServerProtocolServiceGrpc$RaftServerProtocolServiceBlockingStub.requestVote(RaftServerProtocolServiceGrpc.java:265)
	at org.apache.ratis.grpc.server.GrpcServerProtocolClient.requestVote(GrpcServerProtocolClient.java:90)
	at org.apache.ratis.grpc.server.GrpcService.requestVote(GrpcService.java:204)
	at org.apache.ratis.server.impl.LeaderElection.lambda$submitRequests$1(LeaderElection.java:238)
	at java.util.concurrent.FutureTask.run(FutureTask.java:266)
	at java.util.concurrent.Executors$RunnableAdapter.call(Executors.java:511)
	at java.util.concurrent.FutureTask.run(FutureTask.java:266)
	at java.util.concurrent.ThreadPoolExecutor.runWorker(ThreadPoolExecutor.java:1149)
	at java.util.concurrent.ThreadPoolExecutor$Worker.run(ThreadPoolExecutor.java:624)
	... 1 more
Caused by: org.apache.ratis.thirdparty.io.netty.channel.AbstractChannel$AnnotatedConnectException: Connection refused: /192.168.5.175:40325
	at sun.nio.ch.SocketChannelImpl.checkConnect(Native Method)
	at sun.nio.ch.SocketChannelImpl.finishConnect(SocketChannelImpl.java:717)
	at org.apache.ratis.thirdparty.io.netty.channel.socket.nio.NioSocketChannel.doFinishConnect(NioSocketChannel.java:327)
	at org.apache.ratis.thirdparty.io.netty.channel.nio.AbstractNioChannel$AbstractNioUnsafe.finishConnect(AbstractNioChannel.java:340)
	at org.apache.ratis.thirdparty.io.netty.channel.nio.NioEventLoop.processSelectedKey(NioEventLoop.java:632)
	at org.apache.ratis.thirdparty.io.netty.channel.nio.NioEventLoop.processSelectedKeysOptimized(NioEventLoop.java:579)
	at org.apache.ratis.thirdparty.io.netty.channel.nio.NioEventLoop.processSelectedKeys(NioEventLoop.java:496)
	at org.apache.ratis.thirdparty.io.netty.channel.nio.NioEventLoop.run(NioEventLoop.java:458)
	at org.apache.ratis.thirdparty.io.netty.util.concurrent.SingleThreadEventExecutor$5.run(SingleThreadEventExecutor.java:897)
	at org.apache.ratis.thirdparty.io.netty.util.concurrent.FastThreadLocalRunnable.run(FastThreadLocalRunnable.java:30)
	... 1 more
Caused by: java.net.ConnectException: Connection refused
	... 11 more
2019-10-09 13:04:16,589 [3eeab9a4-47d5-4980-9c6e-5102901e869a@group-6247FF3E413E:LeaderElection30] INFO  impl.LeaderElection (LogUtils.java:infoOrTrace(149)) - 3eeab9a4-47d5-4980-9c6e-5102901e869a@group-6247FF3E413E:LeaderElection30 got exception when requesting votes: {}
java.util.concurrent.ExecutionException: org.apache.ratis.thirdparty.io.grpc.StatusRuntimeException: UNAVAILABLE: io exception
	at java.util.concurrent.FutureTask.report(FutureTask.java:122)
	at java.util.concurrent.FutureTask.get(FutureTask.java:192)
	at org.apache.ratis.server.impl.LeaderElection.waitForResults(LeaderElection.java:263)
	at org.apache.ratis.server.impl.LeaderElection.askForVotes(LeaderElection.java:201)
	at org.apache.ratis.server.impl.LeaderElection.run(LeaderElection.java:133)
	at java.lang.Thread.run(Thread.java:748)
Caused by: org.apache.ratis.thirdparty.io.grpc.StatusRuntimeException: UNAVAILABLE: io exception
	at org.apache.ratis.thirdparty.io.grpc.stub.ClientCalls.toStatusRuntimeException(ClientCalls.java:233)
	at org.apache.ratis.thirdparty.io.grpc.stub.ClientCalls.getUnchecked(ClientCalls.java:214)
	at org.apache.ratis.thirdparty.io.grpc.stub.ClientCalls.blockingUnaryCall(ClientCalls.java:139)
	at org.apache.ratis.proto.grpc.RaftServerProtocolServiceGrpc$RaftServerProtocolServiceBlockingStub.requestVote(RaftServerProtocolServiceGrpc.java:265)
	at org.apache.ratis.grpc.server.GrpcServerProtocolClient.requestVote(GrpcServerProtocolClient.java:90)
	at org.apache.ratis.grpc.server.GrpcService.requestVote(GrpcService.java:204)
	at org.apache.ratis.server.impl.LeaderElection.lambda$submitRequests$1(LeaderElection.java:238)
	at java.util.concurrent.FutureTask.run(FutureTask.java:266)
	at java.util.concurrent.Executors$RunnableAdapter.call(Executors.java:511)
	at java.util.concurrent.FutureTask.run(FutureTask.java:266)
	at java.util.concurrent.ThreadPoolExecutor.runWorker(ThreadPoolExecutor.java:1149)
	at java.util.concurrent.ThreadPoolExecutor$Worker.run(ThreadPoolExecutor.java:624)
	... 1 more
Caused by: org.apache.ratis.thirdparty.io.netty.channel.AbstractChannel$AnnotatedConnectException: Connection refused: /192.168.5.175:39769
	at sun.nio.ch.SocketChannelImpl.checkConnect(Native Method)
	at sun.nio.ch.SocketChannelImpl.finishConnect(SocketChannelImpl.java:717)
	at org.apache.ratis.thirdparty.io.netty.channel.socket.nio.NioSocketChannel.doFinishConnect(NioSocketChannel.java:327)
	at org.apache.ratis.thirdparty.io.netty.channel.nio.AbstractNioChannel$AbstractNioUnsafe.finishConnect(AbstractNioChannel.java:340)
	at org.apache.ratis.thirdparty.io.netty.channel.nio.NioEventLoop.processSelectedKey(NioEventLoop.java:632)
	at org.apache.ratis.thirdparty.io.netty.channel.nio.NioEventLoop.processSelectedKeysOptimized(NioEventLoop.java:579)
	at org.apache.ratis.thirdparty.io.netty.channel.nio.NioEventLoop.processSelectedKeys(NioEventLoop.java:496)
	at org.apache.ratis.thirdparty.io.netty.channel.nio.NioEventLoop.run(NioEventLoop.java:458)
	at org.apache.ratis.thirdparty.io.netty.util.concurrent.SingleThreadEventExecutor$5.run(SingleThreadEventExecutor.java:897)
	at org.apache.ratis.thirdparty.io.netty.util.concurrent.FastThreadLocalRunnable.run(FastThreadLocalRunnable.java:30)
	... 1 more
Caused by: java.net.ConnectException: Connection refused
	... 11 more
2019-10-09 13:04:16,591 [3eeab9a4-47d5-4980-9c6e-5102901e869a@group-6247FF3E413E:LeaderElection30] INFO  impl.LeaderElection (LeaderElection.java:logAndReturn(56)) - 3eeab9a4-47d5-4980-9c6e-5102901e869a@group-6247FF3E413E:LeaderElection30: Election REJECTED; received 0 response(s) [] and 2 exception(s); 3eeab9a4-47d5-4980-9c6e-5102901e869a@group-6247FF3E413E:t3, leader=null, voted=3eeab9a4-47d5-4980-9c6e-5102901e869a, raftlog=3eeab9a4-47d5-4980-9c6e-5102901e869a@group-6247FF3E413E-SegmentedRaftLog:OPENED:c0,f0,i0, conf=0: [4f75c367-51e4-41c9-9287-4e8dd97f5c38:192.168.5.175:40325, 3eeab9a4-47d5-4980-9c6e-5102901e869a:192.168.5.175:43254, f0cb1a3f-6ac7-4eb8-9514-6a797ff8471f:192.168.5.175:39769], old=null
2019-10-09 13:04:16,592 [3eeab9a4-47d5-4980-9c6e-5102901e869a@group-6247FF3E413E:LeaderElection30] INFO  impl.LeaderElection (LogUtils.java:infoOrTrace(149)) -   Exception 0: {}
java.util.concurrent.ExecutionException: org.apache.ratis.thirdparty.io.grpc.StatusRuntimeException: UNAVAILABLE: io exception
	at java.util.concurrent.FutureTask.report(FutureTask.java:122)
	at java.util.concurrent.FutureTask.get(FutureTask.java:192)
	at org.apache.ratis.server.impl.LeaderElection.waitForResults(LeaderElection.java:263)
	at org.apache.ratis.server.impl.LeaderElection.askForVotes(LeaderElection.java:201)
	at org.apache.ratis.server.impl.LeaderElection.run(LeaderElection.java:133)
	at java.lang.Thread.run(Thread.java:748)
Caused by: org.apache.ratis.thirdparty.io.grpc.StatusRuntimeException: UNAVAILABLE: io exception
	at org.apache.ratis.thirdparty.io.grpc.stub.ClientCalls.toStatusRuntimeException(ClientCalls.java:233)
	at org.apache.ratis.thirdparty.io.grpc.stub.ClientCalls.getUnchecked(ClientCalls.java:214)
	at org.apache.ratis.thirdparty.io.grpc.stub.ClientCalls.blockingUnaryCall(ClientCalls.java:139)
	at org.apache.ratis.proto.grpc.RaftServerProtocolServiceGrpc$RaftServerProtocolServiceBlockingStub.requestVote(RaftServerProtocolServiceGrpc.java:265)
	at org.apache.ratis.grpc.server.GrpcServerProtocolClient.requestVote(GrpcServerProtocolClient.java:90)
	at org.apache.ratis.grpc.server.GrpcService.requestVote(GrpcService.java:204)
	at org.apache.ratis.server.impl.LeaderElection.lambda$submitRequests$1(LeaderElection.java:238)
	at java.util.concurrent.FutureTask.run(FutureTask.java:266)
	at java.util.concurrent.Executors$RunnableAdapter.call(Executors.java:511)
	at java.util.concurrent.FutureTask.run(FutureTask.java:266)
	at java.util.concurrent.ThreadPoolExecutor.runWorker(ThreadPoolExecutor.java:1149)
	at java.util.concurrent.ThreadPoolExecutor$Worker.run(ThreadPoolExecutor.java:624)
	... 1 more
Caused by: org.apache.ratis.thirdparty.io.netty.channel.AbstractChannel$AnnotatedConnectException: Connection refused: /192.168.5.175:40325
	at sun.nio.ch.SocketChannelImpl.checkConnect(Native Method)
	at sun.nio.ch.SocketChannelImpl.finishConnect(SocketChannelImpl.java:717)
	at org.apache.ratis.thirdparty.io.netty.channel.socket.nio.NioSocketChannel.doFinishConnect(NioSocketChannel.java:327)
	at org.apache.ratis.thirdparty.io.netty.channel.nio.AbstractNioChannel$AbstractNioUnsafe.finishConnect(AbstractNioChannel.java:340)
	at org.apache.ratis.thirdparty.io.netty.channel.nio.NioEventLoop.processSelectedKey(NioEventLoop.java:632)
	at org.apache.ratis.thirdparty.io.netty.channel.nio.NioEventLoop.processSelectedKeysOptimized(NioEventLoop.java:579)
	at org.apache.ratis.thirdparty.io.netty.channel.nio.NioEventLoop.processSelectedKeys(NioEventLoop.java:496)
	at org.apache.ratis.thirdparty.io.netty.channel.nio.NioEventLoop.run(NioEventLoop.java:458)
	at org.apache.ratis.thirdparty.io.netty.util.concurrent.SingleThreadEventExecutor$5.run(SingleThreadEventExecutor.java:897)
	at org.apache.ratis.thirdparty.io.netty.util.concurrent.FastThreadLocalRunnable.run(FastThreadLocalRunnable.java:30)
	... 1 more
Caused by: java.net.ConnectException: Connection refused
	... 11 more
2019-10-09 13:04:16,592 [3eeab9a4-47d5-4980-9c6e-5102901e869a@group-6247FF3E413E:LeaderElection30] INFO  impl.LeaderElection (LogUtils.java:infoOrTrace(149)) -   Exception 1: {}
java.util.concurrent.ExecutionException: org.apache.ratis.thirdparty.io.grpc.StatusRuntimeException: UNAVAILABLE: io exception
	at java.util.concurrent.FutureTask.report(FutureTask.java:122)
	at java.util.concurrent.FutureTask.get(FutureTask.java:192)
	at org.apache.ratis.server.impl.LeaderElection.waitForResults(LeaderElection.java:263)
	at org.apache.ratis.server.impl.LeaderElection.askForVotes(LeaderElection.java:201)
	at org.apache.ratis.server.impl.LeaderElection.run(LeaderElection.java:133)
	at java.lang.Thread.run(Thread.java:748)
Caused by: org.apache.ratis.thirdparty.io.grpc.StatusRuntimeException: UNAVAILABLE: io exception
	at org.apache.ratis.thirdparty.io.grpc.stub.ClientCalls.toStatusRuntimeException(ClientCalls.java:233)
	at org.apache.ratis.thirdparty.io.grpc.stub.ClientCalls.getUnchecked(ClientCalls.java:214)
	at org.apache.ratis.thirdparty.io.grpc.stub.ClientCalls.blockingUnaryCall(ClientCalls.java:139)
	at org.apache.ratis.proto.grpc.RaftServerProtocolServiceGrpc$RaftServerProtocolServiceBlockingStub.requestVote(RaftServerProtocolServiceGrpc.java:265)
	at org.apache.ratis.grpc.server.GrpcServerProtocolClient.requestVote(GrpcServerProtocolClient.java:90)
	at org.apache.ratis.grpc.server.GrpcService.requestVote(GrpcService.java:204)
	at org.apache.ratis.server.impl.LeaderElection.lambda$submitRequests$1(LeaderElection.java:238)
	at java.util.concurrent.FutureTask.run(FutureTask.java:266)
	at java.util.concurrent.Executors$RunnableAdapter.call(Executors.java:511)
	at java.util.concurrent.FutureTask.run(FutureTask.java:266)
	at java.util.concurrent.ThreadPoolExecutor.runWorker(ThreadPoolExecutor.java:1149)
	at java.util.concurrent.ThreadPoolExecutor$Worker.run(ThreadPoolExecutor.java:624)
	... 1 more
Caused by: org.apache.ratis.thirdparty.io.netty.channel.AbstractChannel$AnnotatedConnectException: Connection refused: /192.168.5.175:39769
	at sun.nio.ch.SocketChannelImpl.checkConnect(Native Method)
	at sun.nio.ch.SocketChannelImpl.finishConnect(SocketChannelImpl.java:717)
	at org.apache.ratis.thirdparty.io.netty.channel.socket.nio.NioSocketChannel.doFinishConnect(NioSocketChannel.java:327)
	at org.apache.ratis.thirdparty.io.netty.channel.nio.AbstractNioChannel$AbstractNioUnsafe.finishConnect(AbstractNioChannel.java:340)
	at org.apache.ratis.thirdparty.io.netty.channel.nio.NioEventLoop.processSelectedKey(NioEventLoop.java:632)
	at org.apache.ratis.thirdparty.io.netty.channel.nio.NioEventLoop.processSelectedKeysOptimized(NioEventLoop.java:579)
	at org.apache.ratis.thirdparty.io.netty.channel.nio.NioEventLoop.processSelectedKeys(NioEventLoop.java:496)
	at org.apache.ratis.thirdparty.io.netty.channel.nio.NioEventLoop.run(NioEventLoop.java:458)
	at org.apache.ratis.thirdparty.io.netty.util.concurrent.SingleThreadEventExecutor$5.run(SingleThreadEventExecutor.java:897)
	at org.apache.ratis.thirdparty.io.netty.util.concurrent.FastThreadLocalRunnable.run(FastThreadLocalRunnable.java:30)
	... 1 more
Caused by: java.net.ConnectException: Connection refused
	... 11 more
2019-10-09 13:04:16,592 [3eeab9a4-47d5-4980-9c6e-5102901e869a@group-6247FF3E413E:LeaderElection30] INFO  impl.RaftServerImpl (RaftServerImpl.java:setRole(174)) - 3eeab9a4-47d5-4980-9c6e-5102901e869a@group-6247FF3E413E: changes role from CANDIDATE to FOLLOWER at term 3 for DISCOVERED_A_NEW_TERM
2019-10-09 13:04:16,593 [3eeab9a4-47d5-4980-9c6e-5102901e869a@group-6247FF3E413E:LeaderElection30] INFO  impl.RoleInfo (RoleInfo.java:shutdownLeaderElection(134)) - 3eeab9a4-47d5-4980-9c6e-5102901e869a: shutdown LeaderElection
2019-10-09 13:04:16,593 [3eeab9a4-47d5-4980-9c6e-5102901e869a@group-6247FF3E413E:LeaderElection30] INFO  impl.RoleInfo (RoleInfo.java:updateAndGet(143)) - 3eeab9a4-47d5-4980-9c6e-5102901e869a: start FollowerState
2019-10-09 13:04:16,681 [grpc-default-executor-4] WARN  server.GrpcLogAppender (LogUtils.java:warn(134)) - 3eeab9a4-47d5-4980-9c6e-5102901e869a@group-153C1C6005E2->f0cb1a3f-6ac7-4eb8-9514-6a797ff8471f-AppendLogResponseHandler: Failed appendEntries: org.apache.ratis.thirdparty.io.grpc.StatusRuntimeException: UNAVAILABLE: io exception
2019-10-09 13:04:16,687 [Thread-619] INFO  impl.FollowerState (FollowerState.java:run(106)) - 3eeab9a4-47d5-4980-9c6e-5102901e869a:group-A483B260BC72 changes to CANDIDATE, lastRpcTime:5114, electionTimeout:5110ms
2019-10-09 13:04:16,687 [Thread-619] INFO  impl.RoleInfo (RoleInfo.java:shutdownFollowerState(121)) - 3eeab9a4-47d5-4980-9c6e-5102901e869a: shutdown FollowerState
2019-10-09 13:04:16,687 [grpc-default-executor-4] INFO  impl.FollowerInfo (FollowerInfo.java:lambda$new$0(51)) - 3eeab9a4-47d5-4980-9c6e-5102901e869a@group-153C1C6005E2->f0cb1a3f-6ac7-4eb8-9514-6a797ff8471f: nextIndex: updateUnconditionally 0 -> 0
2019-10-09 13:04:16,687 [Thread-619] INFO  impl.RaftServerImpl (RaftServerImpl.java:setRole(174)) - 3eeab9a4-47d5-4980-9c6e-5102901e869a@group-A483B260BC72: changes role from  FOLLOWER to CANDIDATE at term 2 for changeToCandidate
2019-10-09 13:04:16,688 [Thread-619] INFO  impl.RoleInfo (RoleInfo.java:updateAndGet(143)) - 3eeab9a4-47d5-4980-9c6e-5102901e869a: start LeaderElection
2019-10-09 13:04:16,688 [grpc-default-executor-4] WARN  server.GrpcLogAppender (LogUtils.java:warn(134)) - 3eeab9a4-47d5-4980-9c6e-5102901e869a@group-153C1C6005E2->4f75c367-51e4-41c9-9287-4e8dd97f5c38-AppendLogResponseHandler: Failed appendEntries: org.apache.ratis.thirdparty.io.grpc.StatusRuntimeException: UNAVAILABLE: io exception
2019-10-09 13:04:16,690 [grpc-default-executor-4] INFO  impl.FollowerInfo (FollowerInfo.java:lambda$new$0(51)) - 3eeab9a4-47d5-4980-9c6e-5102901e869a@group-153C1C6005E2->4f75c367-51e4-41c9-9287-4e8dd97f5c38: nextIndex: updateUnconditionally 0 -> 0
2019-10-09 13:04:16,703 [3eeab9a4-47d5-4980-9c6e-5102901e869a@group-A483B260BC72:LeaderElection31] INFO  impl.LeaderElection (LeaderElection.java:askForVotes(182)) - 3eeab9a4-47d5-4980-9c6e-5102901e869a@group-A483B260BC72:LeaderElection31: begin an election at term 3 for 0: [4f75c367-51e4-41c9-9287-4e8dd97f5c38:192.168.5.175:40325, 3eeab9a4-47d5-4980-9c6e-5102901e869a:192.168.5.175:43254, f0cb1a3f-6ac7-4eb8-9514-6a797ff8471f:192.168.5.175:39769], old=null
2019-10-09 13:04:16,707 [3eeab9a4-47d5-4980-9c6e-5102901e869a@group-A483B260BC72:LeaderElection31] INFO  impl.LeaderElection (LogUtils.java:infoOrTrace(149)) - 3eeab9a4-47d5-4980-9c6e-5102901e869a@group-A483B260BC72:LeaderElection31 got exception when requesting votes: {}
java.util.concurrent.ExecutionException: org.apache.ratis.thirdparty.io.grpc.StatusRuntimeException: UNAVAILABLE: io exception
	at java.util.concurrent.FutureTask.report(FutureTask.java:122)
	at java.util.concurrent.FutureTask.get(FutureTask.java:192)
	at org.apache.ratis.server.impl.LeaderElection.waitForResults(LeaderElection.java:263)
	at org.apache.ratis.server.impl.LeaderElection.askForVotes(LeaderElection.java:201)
	at org.apache.ratis.server.impl.LeaderElection.run(LeaderElection.java:133)
	at java.lang.Thread.run(Thread.java:748)
Caused by: org.apache.ratis.thirdparty.io.grpc.StatusRuntimeException: UNAVAILABLE: io exception
	at org.apache.ratis.thirdparty.io.grpc.stub.ClientCalls.toStatusRuntimeException(ClientCalls.java:233)
	at org.apache.ratis.thirdparty.io.grpc.stub.ClientCalls.getUnchecked(ClientCalls.java:214)
	at org.apache.ratis.thirdparty.io.grpc.stub.ClientCalls.blockingUnaryCall(ClientCalls.java:139)
	at org.apache.ratis.proto.grpc.RaftServerProtocolServiceGrpc$RaftServerProtocolServiceBlockingStub.requestVote(RaftServerProtocolServiceGrpc.java:265)
	at org.apache.ratis.grpc.server.GrpcServerProtocolClient.requestVote(GrpcServerProtocolClient.java:90)
	at org.apache.ratis.grpc.server.GrpcService.requestVote(GrpcService.java:204)
	at org.apache.ratis.server.impl.LeaderElection.lambda$submitRequests$1(LeaderElection.java:238)
	at java.util.concurrent.FutureTask.run(FutureTask.java:266)
	at java.util.concurrent.Executors$RunnableAdapter.call(Executors.java:511)
	at java.util.concurrent.FutureTask.run(FutureTask.java:266)
	at java.util.concurrent.ThreadPoolExecutor.runWorker(ThreadPoolExecutor.java:1149)
	at java.util.concurrent.ThreadPoolExecutor$Worker.run(ThreadPoolExecutor.java:624)
	... 1 more
Caused by: org.apache.ratis.thirdparty.io.netty.channel.AbstractChannel$AnnotatedConnectException: Connection refused: /192.168.5.175:40325
	at sun.nio.ch.SocketChannelImpl.checkConnect(Native Method)
	at sun.nio.ch.SocketChannelImpl.finishConnect(SocketChannelImpl.java:717)
	at org.apache.ratis.thirdparty.io.netty.channel.socket.nio.NioSocketChannel.doFinishConnect(NioSocketChannel.java:327)
	at org.apache.ratis.thirdparty.io.netty.channel.nio.AbstractNioChannel$AbstractNioUnsafe.finishConnect(AbstractNioChannel.java:340)
	at org.apache.ratis.thirdparty.io.netty.channel.nio.NioEventLoop.processSelectedKey(NioEventLoop.java:632)
	at org.apache.ratis.thirdparty.io.netty.channel.nio.NioEventLoop.processSelectedKeysOptimized(NioEventLoop.java:579)
	at org.apache.ratis.thirdparty.io.netty.channel.nio.NioEventLoop.processSelectedKeys(NioEventLoop.java:496)
	at org.apache.ratis.thirdparty.io.netty.channel.nio.NioEventLoop.run(NioEventLoop.java:458)
	at org.apache.ratis.thirdparty.io.netty.util.concurrent.SingleThreadEventExecutor$5.run(SingleThreadEventExecutor.java:897)
	at org.apache.ratis.thirdparty.io.netty.util.concurrent.FastThreadLocalRunnable.run(FastThreadLocalRunnable.java:30)
	... 1 more
Caused by: java.net.ConnectException: Connection refused
	... 11 more
2019-10-09 13:04:16,719 [3eeab9a4-47d5-4980-9c6e-5102901e869a@group-A483B260BC72:LeaderElection31] INFO  impl.LeaderElection (LogUtils.java:infoOrTrace(149)) - 3eeab9a4-47d5-4980-9c6e-5102901e869a@group-A483B260BC72:LeaderElection31 got exception when requesting votes: {}
java.util.concurrent.ExecutionException: org.apache.ratis.thirdparty.io.grpc.StatusRuntimeException: UNAVAILABLE: io exception
	at java.util.concurrent.FutureTask.report(FutureTask.java:122)
	at java.util.concurrent.FutureTask.get(FutureTask.java:192)
	at org.apache.ratis.server.impl.LeaderElection.waitForResults(LeaderElection.java:263)
	at org.apache.ratis.server.impl.LeaderElection.askForVotes(LeaderElection.java:201)
	at org.apache.ratis.server.impl.LeaderElection.run(LeaderElection.java:133)
	at java.lang.Thread.run(Thread.java:748)
Caused by: org.apache.ratis.thirdparty.io.grpc.StatusRuntimeException: UNAVAILABLE: io exception
	at org.apache.ratis.thirdparty.io.grpc.stub.ClientCalls.toStatusRuntimeException(ClientCalls.java:233)
	at org.apache.ratis.thirdparty.io.grpc.stub.ClientCalls.getUnchecked(ClientCalls.java:214)
	at org.apache.ratis.thirdparty.io.grpc.stub.ClientCalls.blockingUnaryCall(ClientCalls.java:139)
	at org.apache.ratis.proto.grpc.RaftServerProtocolServiceGrpc$RaftServerProtocolServiceBlockingStub.requestVote(RaftServerProtocolServiceGrpc.java:265)
	at org.apache.ratis.grpc.server.GrpcServerProtocolClient.requestVote(GrpcServerProtocolClient.java:90)
	at org.apache.ratis.grpc.server.GrpcService.requestVote(GrpcService.java:204)
	at org.apache.ratis.server.impl.LeaderElection.lambda$submitRequests$1(LeaderElection.java:238)
	at java.util.concurrent.FutureTask.run(FutureTask.java:266)
	at java.util.concurrent.Executors$RunnableAdapter.call(Executors.java:511)
	at java.util.concurrent.FutureTask.run(FutureTask.java:266)
	at java.util.concurrent.ThreadPoolExecutor.runWorker(ThreadPoolExecutor.java:1149)
	at java.util.concurrent.ThreadPoolExecutor$Worker.run(ThreadPoolExecutor.java:624)
	... 1 more
Caused by: org.apache.ratis.thirdparty.io.netty.channel.AbstractChannel$AnnotatedConnectException: Connection refused: /192.168.5.175:39769
	at sun.nio.ch.SocketChannelImpl.checkConnect(Native Method)
	at sun.nio.ch.SocketChannelImpl.finishConnect(SocketChannelImpl.java:717)
	at org.apache.ratis.thirdparty.io.netty.channel.socket.nio.NioSocketChannel.doFinishConnect(NioSocketChannel.java:327)
	at org.apache.ratis.thirdparty.io.netty.channel.nio.AbstractNioChannel$AbstractNioUnsafe.finishConnect(AbstractNioChannel.java:340)
	at org.apache.ratis.thirdparty.io.netty.channel.nio.NioEventLoop.processSelectedKey(NioEventLoop.java:632)
	at org.apache.ratis.thirdparty.io.netty.channel.nio.NioEventLoop.processSelectedKeysOptimized(NioEventLoop.java:579)
	at org.apache.ratis.thirdparty.io.netty.channel.nio.NioEventLoop.processSelectedKeys(NioEventLoop.java:496)
	at org.apache.ratis.thirdparty.io.netty.channel.nio.NioEventLoop.run(NioEventLoop.java:458)
	at org.apache.ratis.thirdparty.io.netty.util.concurrent.SingleThreadEventExecutor$5.run(SingleThreadEventExecutor.java:897)
	at org.apache.ratis.thirdparty.io.netty.util.concurrent.FastThreadLocalRunnable.run(FastThreadLocalRunnable.java:30)
	... 1 more
Caused by: java.net.ConnectException: Connection refused
	... 11 more
2019-10-09 13:04:16,720 [3eeab9a4-47d5-4980-9c6e-5102901e869a@group-A483B260BC72:LeaderElection31] INFO  impl.LeaderElection (LeaderElection.java:logAndReturn(56)) - 3eeab9a4-47d5-4980-9c6e-5102901e869a@group-A483B260BC72:LeaderElection31: Election REJECTED; received 0 response(s) [] and 2 exception(s); 3eeab9a4-47d5-4980-9c6e-5102901e869a@group-A483B260BC72:t3, leader=null, voted=3eeab9a4-47d5-4980-9c6e-5102901e869a, raftlog=3eeab9a4-47d5-4980-9c6e-5102901e869a@group-A483B260BC72-SegmentedRaftLog:OPENED:c0,f0,i0, conf=0: [4f75c367-51e4-41c9-9287-4e8dd97f5c38:192.168.5.175:40325, 3eeab9a4-47d5-4980-9c6e-5102901e869a:192.168.5.175:43254, f0cb1a3f-6ac7-4eb8-9514-6a797ff8471f:192.168.5.175:39769], old=null
2019-10-09 13:04:16,720 [3eeab9a4-47d5-4980-9c6e-5102901e869a@group-A483B260BC72:LeaderElection31] INFO  impl.LeaderElection (LogUtils.java:infoOrTrace(149)) -   Exception 0: {}
java.util.concurrent.ExecutionException: org.apache.ratis.thirdparty.io.grpc.StatusRuntimeException: UNAVAILABLE: io exception
	at java.util.concurrent.FutureTask.report(FutureTask.java:122)
	at java.util.concurrent.FutureTask.get(FutureTask.java:192)
	at org.apache.ratis.server.impl.LeaderElection.waitForResults(LeaderElection.java:263)
	at org.apache.ratis.server.impl.LeaderElection.askForVotes(LeaderElection.java:201)
	at org.apache.ratis.server.impl.LeaderElection.run(LeaderElection.java:133)
	at java.lang.Thread.run(Thread.java:748)
Caused by: org.apache.ratis.thirdparty.io.grpc.StatusRuntimeException: UNAVAILABLE: io exception
	at org.apache.ratis.thirdparty.io.grpc.stub.ClientCalls.toStatusRuntimeException(ClientCalls.java:233)
	at org.apache.ratis.thirdparty.io.grpc.stub.ClientCalls.getUnchecked(ClientCalls.java:214)
	at org.apache.ratis.thirdparty.io.grpc.stub.ClientCalls.blockingUnaryCall(ClientCalls.java:139)
	at org.apache.ratis.proto.grpc.RaftServerProtocolServiceGrpc$RaftServerProtocolServiceBlockingStub.requestVote(RaftServerProtocolServiceGrpc.java:265)
	at org.apache.ratis.grpc.server.GrpcServerProtocolClient.requestVote(GrpcServerProtocolClient.java:90)
	at org.apache.ratis.grpc.server.GrpcService.requestVote(GrpcService.java:204)
	at org.apache.ratis.server.impl.LeaderElection.lambda$submitRequests$1(LeaderElection.java:238)
	at java.util.concurrent.FutureTask.run(FutureTask.java:266)
	at java.util.concurrent.Executors$RunnableAdapter.call(Executors.java:511)
	at java.util.concurrent.FutureTask.run(FutureTask.java:266)
	at java.util.concurrent.ThreadPoolExecutor.runWorker(ThreadPoolExecutor.java:1149)
	at java.util.concurrent.ThreadPoolExecutor$Worker.run(ThreadPoolExecutor.java:624)
	... 1 more
Caused by: org.apache.ratis.thirdparty.io.netty.channel.AbstractChannel$AnnotatedConnectException: Connection refused: /192.168.5.175:40325
	at sun.nio.ch.SocketChannelImpl.checkConnect(Native Method)
	at sun.nio.ch.SocketChannelImpl.finishConnect(SocketChannelImpl.java:717)
	at org.apache.ratis.thirdparty.io.netty.channel.socket.nio.NioSocketChannel.doFinishConnect(NioSocketChannel.java:327)
	at org.apache.ratis.thirdparty.io.netty.channel.nio.AbstractNioChannel$AbstractNioUnsafe.finishConnect(AbstractNioChannel.java:340)
	at org.apache.ratis.thirdparty.io.netty.channel.nio.NioEventLoop.processSelectedKey(NioEventLoop.java:632)
	at org.apache.ratis.thirdparty.io.netty.channel.nio.NioEventLoop.processSelectedKeysOptimized(NioEventLoop.java:579)
	at org.apache.ratis.thirdparty.io.netty.channel.nio.NioEventLoop.processSelectedKeys(NioEventLoop.java:496)
	at org.apache.ratis.thirdparty.io.netty.channel.nio.NioEventLoop.run(NioEventLoop.java:458)
	at org.apache.ratis.thirdparty.io.netty.util.concurrent.SingleThreadEventExecutor$5.run(SingleThreadEventExecutor.java:897)
	at org.apache.ratis.thirdparty.io.netty.util.concurrent.FastThreadLocalRunnable.run(FastThreadLocalRunnable.java:30)
	... 1 more
Caused by: java.net.ConnectException: Connection refused
	... 11 more
2019-10-09 13:04:16,720 [3eeab9a4-47d5-4980-9c6e-5102901e869a@group-A483B260BC72:LeaderElection31] INFO  impl.LeaderElection (LogUtils.java:infoOrTrace(149)) -   Exception 1: {}
java.util.concurrent.ExecutionException: org.apache.ratis.thirdparty.io.grpc.StatusRuntimeException: UNAVAILABLE: io exception
	at java.util.concurrent.FutureTask.report(FutureTask.java:122)
	at java.util.concurrent.FutureTask.get(FutureTask.java:192)
	at org.apache.ratis.server.impl.LeaderElection.waitForResults(LeaderElection.java:263)
	at org.apache.ratis.server.impl.LeaderElection.askForVotes(LeaderElection.java:201)
	at org.apache.ratis.server.impl.LeaderElection.run(LeaderElection.java:133)
	at java.lang.Thread.run(Thread.java:748)
Caused by: org.apache.ratis.thirdparty.io.grpc.StatusRuntimeException: UNAVAILABLE: io exception
	at org.apache.ratis.thirdparty.io.grpc.stub.ClientCalls.toStatusRuntimeException(ClientCalls.java:233)
	at org.apache.ratis.thirdparty.io.grpc.stub.ClientCalls.getUnchecked(ClientCalls.java:214)
	at org.apache.ratis.thirdparty.io.grpc.stub.ClientCalls.blockingUnaryCall(ClientCalls.java:139)
	at org.apache.ratis.proto.grpc.RaftServerProtocolServiceGrpc$RaftServerProtocolServiceBlockingStub.requestVote(RaftServerProtocolServiceGrpc.java:265)
	at org.apache.ratis.grpc.server.GrpcServerProtocolClient.requestVote(GrpcServerProtocolClient.java:90)
	at org.apache.ratis.grpc.server.GrpcService.requestVote(GrpcService.java:204)
	at org.apache.ratis.server.impl.LeaderElection.lambda$submitRequests$1(LeaderElection.java:238)
	at java.util.concurrent.FutureTask.run(FutureTask.java:266)
	at java.util.concurrent.Executors$RunnableAdapter.call(Executors.java:511)
	at java.util.concurrent.FutureTask.run(FutureTask.java:266)
	at java.util.concurrent.ThreadPoolExecutor.runWorker(ThreadPoolExecutor.java:1149)
	at java.util.concurrent.ThreadPoolExecutor$Worker.run(ThreadPoolExecutor.java:624)
	... 1 more
Caused by: org.apache.ratis.thirdparty.io.netty.channel.AbstractChannel$AnnotatedConnectException: Connection refused: /192.168.5.175:39769
	at sun.nio.ch.SocketChannelImpl.checkConnect(Native Method)
	at sun.nio.ch.SocketChannelImpl.finishConnect(SocketChannelImpl.java:717)
	at org.apache.ratis.thirdparty.io.netty.channel.socket.nio.NioSocketChannel.doFinishConnect(NioSocketChannel.java:327)
	at org.apache.ratis.thirdparty.io.netty.channel.nio.AbstractNioChannel$AbstractNioUnsafe.finishConnect(AbstractNioChannel.java:340)
	at org.apache.ratis.thirdparty.io.netty.channel.nio.NioEventLoop.processSelectedKey(NioEventLoop.java:632)
	at org.apache.ratis.thirdparty.io.netty.channel.nio.NioEventLoop.processSelectedKeysOptimized(NioEventLoop.java:579)
	at org.apache.ratis.thirdparty.io.netty.channel.nio.NioEventLoop.processSelectedKeys(NioEventLoop.java:496)
	at org.apache.ratis.thirdparty.io.netty.channel.nio.NioEventLoop.run(NioEventLoop.java:458)
	at org.apache.ratis.thirdparty.io.netty.util.concurrent.SingleThreadEventExecutor$5.run(SingleThreadEventExecutor.java:897)
	at org.apache.ratis.thirdparty.io.netty.util.concurrent.FastThreadLocalRunnable.run(FastThreadLocalRunnable.java:30)
	... 1 more
Caused by: java.net.ConnectException: Connection refused
	... 11 more
2019-10-09 13:04:16,721 [3eeab9a4-47d5-4980-9c6e-5102901e869a@group-A483B260BC72:LeaderElection31] INFO  impl.RaftServerImpl (RaftServerImpl.java:setRole(174)) - 3eeab9a4-47d5-4980-9c6e-5102901e869a@group-A483B260BC72: changes role from CANDIDATE to FOLLOWER at term 3 for DISCOVERED_A_NEW_TERM
2019-10-09 13:04:16,721 [3eeab9a4-47d5-4980-9c6e-5102901e869a@group-A483B260BC72:LeaderElection31] INFO  impl.RoleInfo (RoleInfo.java:shutdownLeaderElection(134)) - 3eeab9a4-47d5-4980-9c6e-5102901e869a: shutdown LeaderElection
2019-10-09 13:04:16,721 [3eeab9a4-47d5-4980-9c6e-5102901e869a@group-A483B260BC72:LeaderElection31] INFO  impl.RoleInfo (RoleInfo.java:updateAndGet(143)) - 3eeab9a4-47d5-4980-9c6e-5102901e869a: start FollowerState
2019-10-09 13:04:16,750 [Thread-623] INFO  impl.FollowerState (FollowerState.java:run(106)) - 3eeab9a4-47d5-4980-9c6e-5102901e869a:group-C24D4FE0C6F2 changes to CANDIDATE, lastRpcTime:5108, electionTimeout:5108ms
2019-10-09 13:04:16,753 [Thread-623] INFO  impl.RoleInfo (RoleInfo.java:shutdownFollowerState(121)) - 3eeab9a4-47d5-4980-9c6e-5102901e869a: shutdown FollowerState
2019-10-09 13:04:16,753 [Thread-623] INFO  impl.RaftServerImpl (RaftServerImpl.java:setRole(174)) - 3eeab9a4-47d5-4980-9c6e-5102901e869a@group-C24D4FE0C6F2: changes role from  FOLLOWER to CANDIDATE at term 3 for changeToCandidate
2019-10-09 13:04:16,753 [Thread-623] INFO  impl.RoleInfo (RoleInfo.java:updateAndGet(143)) - 3eeab9a4-47d5-4980-9c6e-5102901e869a: start LeaderElection
2019-10-09 13:04:16,781 [3eeab9a4-47d5-4980-9c6e-5102901e869a@group-C24D4FE0C6F2:LeaderElection32] INFO  impl.LeaderElection (LeaderElection.java:askForVotes(182)) - 3eeab9a4-47d5-4980-9c6e-5102901e869a@group-C24D4FE0C6F2:LeaderElection32: begin an election at term 4 for 0: [4f75c367-51e4-41c9-9287-4e8dd97f5c38:192.168.5.175:40325, 3eeab9a4-47d5-4980-9c6e-5102901e869a:192.168.5.175:43254, f0cb1a3f-6ac7-4eb8-9514-6a797ff8471f:192.168.5.175:39769], old=null
2019-10-09 13:04:16,782 [3eeab9a4-47d5-4980-9c6e-5102901e869a@group-C24D4FE0C6F2:LeaderElection32] INFO  impl.LeaderElection (LogUtils.java:infoOrTrace(149)) - 3eeab9a4-47d5-4980-9c6e-5102901e869a@group-C24D4FE0C6F2:LeaderElection32 got exception when requesting votes: {}
java.util.concurrent.ExecutionException: org.apache.ratis.thirdparty.io.grpc.StatusRuntimeException: UNAVAILABLE: io exception
	at java.util.concurrent.FutureTask.report(FutureTask.java:122)
	at java.util.concurrent.FutureTask.get(FutureTask.java:192)
	at org.apache.ratis.server.impl.LeaderElection.waitForResults(LeaderElection.java:263)
	at org.apache.ratis.server.impl.LeaderElection.askForVotes(LeaderElection.java:201)
	at org.apache.ratis.server.impl.LeaderElection.run(LeaderElection.java:133)
	at java.lang.Thread.run(Thread.java:748)
Caused by: org.apache.ratis.thirdparty.io.grpc.StatusRuntimeException: UNAVAILABLE: io exception
	at org.apache.ratis.thirdparty.io.grpc.stub.ClientCalls.toStatusRuntimeException(ClientCalls.java:233)
	at org.apache.ratis.thirdparty.io.grpc.stub.ClientCalls.getUnchecked(ClientCalls.java:214)
	at org.apache.ratis.thirdparty.io.grpc.stub.ClientCalls.blockingUnaryCall(ClientCalls.java:139)
	at org.apache.ratis.proto.grpc.RaftServerProtocolServiceGrpc$RaftServerProtocolServiceBlockingStub.requestVote(RaftServerProtocolServiceGrpc.java:265)
	at org.apache.ratis.grpc.server.GrpcServerProtocolClient.requestVote(GrpcServerProtocolClient.java:90)
	at org.apache.ratis.grpc.server.GrpcService.requestVote(GrpcService.java:204)
	at org.apache.ratis.server.impl.LeaderElection.lambda$submitRequests$1(LeaderElection.java:238)
	at java.util.concurrent.FutureTask.run(FutureTask.java:266)
	at java.util.concurrent.Executors$RunnableAdapter.call(Executors.java:511)
	at java.util.concurrent.FutureTask.run(FutureTask.java:266)
	at java.util.concurrent.ThreadPoolExecutor.runWorker(ThreadPoolExecutor.java:1149)
	at java.util.concurrent.ThreadPoolExecutor$Worker.run(ThreadPoolExecutor.java:624)
	... 1 more
Caused by: org.apache.ratis.thirdparty.io.netty.channel.AbstractChannel$AnnotatedConnectException: Connection refused: /192.168.5.175:40325
	at sun.nio.ch.SocketChannelImpl.checkConnect(Native Method)
	at sun.nio.ch.SocketChannelImpl.finishConnect(SocketChannelImpl.java:717)
	at org.apache.ratis.thirdparty.io.netty.channel.socket.nio.NioSocketChannel.doFinishConnect(NioSocketChannel.java:327)
	at org.apache.ratis.thirdparty.io.netty.channel.nio.AbstractNioChannel$AbstractNioUnsafe.finishConnect(AbstractNioChannel.java:340)
	at org.apache.ratis.thirdparty.io.netty.channel.nio.NioEventLoop.processSelectedKey(NioEventLoop.java:632)
	at org.apache.ratis.thirdparty.io.netty.channel.nio.NioEventLoop.processSelectedKeysOptimized(NioEventLoop.java:579)
	at org.apache.ratis.thirdparty.io.netty.channel.nio.NioEventLoop.processSelectedKeys(NioEventLoop.java:496)
	at org.apache.ratis.thirdparty.io.netty.channel.nio.NioEventLoop.run(NioEventLoop.java:458)
	at org.apache.ratis.thirdparty.io.netty.util.concurrent.SingleThreadEventExecutor$5.run(SingleThreadEventExecutor.java:897)
	at org.apache.ratis.thirdparty.io.netty.util.concurrent.FastThreadLocalRunnable.run(FastThreadLocalRunnable.java:30)
	... 1 more
Caused by: java.net.ConnectException: Connection refused
	... 11 more
2019-10-09 13:04:16,786 [3eeab9a4-47d5-4980-9c6e-5102901e869a@group-C24D4FE0C6F2:LeaderElection32] INFO  impl.LeaderElection (LogUtils.java:infoOrTrace(149)) - 3eeab9a4-47d5-4980-9c6e-5102901e869a@group-C24D4FE0C6F2:LeaderElection32 got exception when requesting votes: {}
java.util.concurrent.ExecutionException: org.apache.ratis.thirdparty.io.grpc.StatusRuntimeException: UNAVAILABLE: io exception
	at java.util.concurrent.FutureTask.report(FutureTask.java:122)
	at java.util.concurrent.FutureTask.get(FutureTask.java:192)
	at org.apache.ratis.server.impl.LeaderElection.waitForResults(LeaderElection.java:263)
	at org.apache.ratis.server.impl.LeaderElection.askForVotes(LeaderElection.java:201)
	at org.apache.ratis.server.impl.LeaderElection.run(LeaderElection.java:133)
	at java.lang.Thread.run(Thread.java:748)
Caused by: org.apache.ratis.thirdparty.io.grpc.StatusRuntimeException: UNAVAILABLE: io exception
	at org.apache.ratis.thirdparty.io.grpc.stub.ClientCalls.toStatusRuntimeException(ClientCalls.java:233)
	at org.apache.ratis.thirdparty.io.grpc.stub.ClientCalls.getUnchecked(ClientCalls.java:214)
	at org.apache.ratis.thirdparty.io.grpc.stub.ClientCalls.blockingUnaryCall(ClientCalls.java:139)
	at org.apache.ratis.proto.grpc.RaftServerProtocolServiceGrpc$RaftServerProtocolServiceBlockingStub.requestVote(RaftServerProtocolServiceGrpc.java:265)
	at org.apache.ratis.grpc.server.GrpcServerProtocolClient.requestVote(GrpcServerProtocolClient.java:90)
	at org.apache.ratis.grpc.server.GrpcService.requestVote(GrpcService.java:204)
	at org.apache.ratis.server.impl.LeaderElection.lambda$submitRequests$1(LeaderElection.java:238)
	at java.util.concurrent.FutureTask.run(FutureTask.java:266)
	at java.util.concurrent.Executors$RunnableAdapter.call(Executors.java:511)
	at java.util.concurrent.FutureTask.run(FutureTask.java:266)
	at java.util.concurrent.ThreadPoolExecutor.runWorker(ThreadPoolExecutor.java:1149)
	at java.util.concurrent.ThreadPoolExecutor$Worker.run(ThreadPoolExecutor.java:624)
	... 1 more
Caused by: org.apache.ratis.thirdparty.io.netty.channel.AbstractChannel$AnnotatedConnectException: Connection refused: /192.168.5.175:39769
	at sun.nio.ch.SocketChannelImpl.checkConnect(Native Method)
	at sun.nio.ch.SocketChannelImpl.finishConnect(SocketChannelImpl.java:717)
	at org.apache.ratis.thirdparty.io.netty.channel.socket.nio.NioSocketChannel.doFinishConnect(NioSocketChannel.java:327)
	at org.apache.ratis.thirdparty.io.netty.channel.nio.AbstractNioChannel$AbstractNioUnsafe.finishConnect(AbstractNioChannel.java:340)
	at org.apache.ratis.thirdparty.io.netty.channel.nio.NioEventLoop.processSelectedKey(NioEventLoop.java:632)
	at org.apache.ratis.thirdparty.io.netty.channel.nio.NioEventLoop.processSelectedKeysOptimized(NioEventLoop.java:579)
	at org.apache.ratis.thirdparty.io.netty.channel.nio.NioEventLoop.processSelectedKeys(NioEventLoop.java:496)
	at org.apache.ratis.thirdparty.io.netty.channel.nio.NioEventLoop.run(NioEventLoop.java:458)
	at org.apache.ratis.thirdparty.io.netty.util.concurrent.SingleThreadEventExecutor$5.run(SingleThreadEventExecutor.java:897)
	at org.apache.ratis.thirdparty.io.netty.util.concurrent.FastThreadLocalRunnable.run(FastThreadLocalRunnable.java:30)
	... 1 more
Caused by: java.net.ConnectException: Connection refused
	... 11 more
2019-10-09 13:04:16,788 [3eeab9a4-47d5-4980-9c6e-5102901e869a@group-C24D4FE0C6F2:LeaderElection32] INFO  impl.LeaderElection (LeaderElection.java:logAndReturn(56)) - 3eeab9a4-47d5-4980-9c6e-5102901e869a@group-C24D4FE0C6F2:LeaderElection32: Election REJECTED; received 0 response(s) [] and 2 exception(s); 3eeab9a4-47d5-4980-9c6e-5102901e869a@group-C24D4FE0C6F2:t4, leader=null, voted=3eeab9a4-47d5-4980-9c6e-5102901e869a, raftlog=3eeab9a4-47d5-4980-9c6e-5102901e869a@group-C24D4FE0C6F2-SegmentedRaftLog:OPENED:c16,f16,i16, conf=0: [4f75c367-51e4-41c9-9287-4e8dd97f5c38:192.168.5.175:40325, 3eeab9a4-47d5-4980-9c6e-5102901e869a:192.168.5.175:43254, f0cb1a3f-6ac7-4eb8-9514-6a797ff8471f:192.168.5.175:39769], old=null
2019-10-09 13:04:16,788 [3eeab9a4-47d5-4980-9c6e-5102901e869a@group-C24D4FE0C6F2:LeaderElection32] INFO  impl.LeaderElection (LogUtils.java:infoOrTrace(149)) -   Exception 0: {}
java.util.concurrent.ExecutionException: org.apache.ratis.thirdparty.io.grpc.StatusRuntimeException: UNAVAILABLE: io exception
	at java.util.concurrent.FutureTask.report(FutureTask.java:122)
	at java.util.concurrent.FutureTask.get(FutureTask.java:192)
	at org.apache.ratis.server.impl.LeaderElection.waitForResults(LeaderElection.java:263)
	at org.apache.ratis.server.impl.LeaderElection.askForVotes(LeaderElection.java:201)
	at org.apache.ratis.server.impl.LeaderElection.run(LeaderElection.java:133)
	at java.lang.Thread.run(Thread.java:748)
Caused by: org.apache.ratis.thirdparty.io.grpc.StatusRuntimeException: UNAVAILABLE: io exception
	at org.apache.ratis.thirdparty.io.grpc.stub.ClientCalls.toStatusRuntimeException(ClientCalls.java:233)
	at org.apache.ratis.thirdparty.io.grpc.stub.ClientCalls.getUnchecked(ClientCalls.java:214)
	at org.apache.ratis.thirdparty.io.grpc.stub.ClientCalls.blockingUnaryCall(ClientCalls.java:139)
	at org.apache.ratis.proto.grpc.RaftServerProtocolServiceGrpc$RaftServerProtocolServiceBlockingStub.requestVote(RaftServerProtocolServiceGrpc.java:265)
	at org.apache.ratis.grpc.server.GrpcServerProtocolClient.requestVote(GrpcServerProtocolClient.java:90)
	at org.apache.ratis.grpc.server.GrpcService.requestVote(GrpcService.java:204)
	at org.apache.ratis.server.impl.LeaderElection.lambda$submitRequests$1(LeaderElection.java:238)
	at java.util.concurrent.FutureTask.run(FutureTask.java:266)
	at java.util.concurrent.Executors$RunnableAdapter.call(Executors.java:511)
	at java.util.concurrent.FutureTask.run(FutureTask.java:266)
	at java.util.concurrent.ThreadPoolExecutor.runWorker(ThreadPoolExecutor.java:1149)
	at java.util.concurrent.ThreadPoolExecutor$Worker.run(ThreadPoolExecutor.java:624)
	... 1 more
Caused by: org.apache.ratis.thirdparty.io.netty.channel.AbstractChannel$AnnotatedConnectException: Connection refused: /192.168.5.175:40325
	at sun.nio.ch.SocketChannelImpl.checkConnect(Native Method)
	at sun.nio.ch.SocketChannelImpl.finishConnect(SocketChannelImpl.java:717)
	at org.apache.ratis.thirdparty.io.netty.channel.socket.nio.NioSocketChannel.doFinishConnect(NioSocketChannel.java:327)
	at org.apache.ratis.thirdparty.io.netty.channel.nio.AbstractNioChannel$AbstractNioUnsafe.finishConnect(AbstractNioChannel.java:340)
	at org.apache.ratis.thirdparty.io.netty.channel.nio.NioEventLoop.processSelectedKey(NioEventLoop.java:632)
	at org.apache.ratis.thirdparty.io.netty.channel.nio.NioEventLoop.processSelectedKeysOptimized(NioEventLoop.java:579)
	at org.apache.ratis.thirdparty.io.netty.channel.nio.NioEventLoop.processSelectedKeys(NioEventLoop.java:496)
	at org.apache.ratis.thirdparty.io.netty.channel.nio.NioEventLoop.run(NioEventLoop.java:458)
	at org.apache.ratis.thirdparty.io.netty.util.concurrent.SingleThreadEventExecutor$5.run(SingleThreadEventExecutor.java:897)
	at org.apache.ratis.thirdparty.io.netty.util.concurrent.FastThreadLocalRunnable.run(FastThreadLocalRunnable.java:30)
	... 1 more
Caused by: java.net.ConnectException: Connection refused
	... 11 more
2019-10-09 13:04:16,788 [3eeab9a4-47d5-4980-9c6e-5102901e869a@group-C24D4FE0C6F2:LeaderElection32] INFO  impl.LeaderElection (LogUtils.java:infoOrTrace(149)) -   Exception 1: {}
java.util.concurrent.ExecutionException: org.apache.ratis.thirdparty.io.grpc.StatusRuntimeException: UNAVAILABLE: io exception
	at java.util.concurrent.FutureTask.report(FutureTask.java:122)
	at java.util.concurrent.FutureTask.get(FutureTask.java:192)
	at org.apache.ratis.server.impl.LeaderElection.waitForResults(LeaderElection.java:263)
	at org.apache.ratis.server.impl.LeaderElection.askForVotes(LeaderElection.java:201)
	at org.apache.ratis.server.impl.LeaderElection.run(LeaderElection.java:133)
	at java.lang.Thread.run(Thread.java:748)
Caused by: org.apache.ratis.thirdparty.io.grpc.StatusRuntimeException: UNAVAILABLE: io exception
	at org.apache.ratis.thirdparty.io.grpc.stub.ClientCalls.toStatusRuntimeException(ClientCalls.java:233)
	at org.apache.ratis.thirdparty.io.grpc.stub.ClientCalls.getUnchecked(ClientCalls.java:214)
	at org.apache.ratis.thirdparty.io.grpc.stub.ClientCalls.blockingUnaryCall(ClientCalls.java:139)
	at org.apache.ratis.proto.grpc.RaftServerProtocolServiceGrpc$RaftServerProtocolServiceBlockingStub.requestVote(RaftServerProtocolServiceGrpc.java:265)
	at org.apache.ratis.grpc.server.GrpcServerProtocolClient.requestVote(GrpcServerProtocolClient.java:90)
	at org.apache.ratis.grpc.server.GrpcService.requestVote(GrpcService.java:204)
	at org.apache.ratis.server.impl.LeaderElection.lambda$submitRequests$1(LeaderElection.java:238)
	at java.util.concurrent.FutureTask.run(FutureTask.java:266)
	at java.util.concurrent.Executors$RunnableAdapter.call(Executors.java:511)
	at java.util.concurrent.FutureTask.run(FutureTask.java:266)
	at java.util.concurrent.ThreadPoolExecutor.runWorker(ThreadPoolExecutor.java:1149)
	at java.util.concurrent.ThreadPoolExecutor$Worker.run(ThreadPoolExecutor.java:624)
	... 1 more
Caused by: org.apache.ratis.thirdparty.io.netty.channel.AbstractChannel$AnnotatedConnectException: Connection refused: /192.168.5.175:39769
	at sun.nio.ch.SocketChannelImpl.checkConnect(Native Method)
	at sun.nio.ch.SocketChannelImpl.finishConnect(SocketChannelImpl.java:717)
	at org.apache.ratis.thirdparty.io.netty.channel.socket.nio.NioSocketChannel.doFinishConnect(NioSocketChannel.java:327)
	at org.apache.ratis.thirdparty.io.netty.channel.nio.AbstractNioChannel$AbstractNioUnsafe.finishConnect(AbstractNioChannel.java:340)
	at org.apache.ratis.thirdparty.io.netty.channel.nio.NioEventLoop.processSelectedKey(NioEventLoop.java:632)
	at org.apache.ratis.thirdparty.io.netty.channel.nio.NioEventLoop.processSelectedKeysOptimized(NioEventLoop.java:579)
	at org.apache.ratis.thirdparty.io.netty.channel.nio.NioEventLoop.processSelectedKeys(NioEventLoop.java:496)
	at org.apache.ratis.thirdparty.io.netty.channel.nio.NioEventLoop.run(NioEventLoop.java:458)
	at org.apache.ratis.thirdparty.io.netty.util.concurrent.SingleThreadEventExecutor$5.run(SingleThreadEventExecutor.java:897)
	at org.apache.ratis.thirdparty.io.netty.util.concurrent.FastThreadLocalRunnable.run(FastThreadLocalRunnable.java:30)
	... 1 more
Caused by: java.net.ConnectException: Connection refused
	... 11 more
2019-10-09 13:04:16,789 [3eeab9a4-47d5-4980-9c6e-5102901e869a@group-C24D4FE0C6F2:LeaderElection32] INFO  impl.RaftServerImpl (RaftServerImpl.java:setRole(174)) - 3eeab9a4-47d5-4980-9c6e-5102901e869a@group-C24D4FE0C6F2: changes role from CANDIDATE to FOLLOWER at term 4 for DISCOVERED_A_NEW_TERM
2019-10-09 13:04:16,789 [3eeab9a4-47d5-4980-9c6e-5102901e869a@group-C24D4FE0C6F2:LeaderElection32] INFO  impl.RoleInfo (RoleInfo.java:shutdownLeaderElection(134)) - 3eeab9a4-47d5-4980-9c6e-5102901e869a: shutdown LeaderElection
2019-10-09 13:04:16,789 [3eeab9a4-47d5-4980-9c6e-5102901e869a@group-C24D4FE0C6F2:LeaderElection32] INFO  impl.RoleInfo (RoleInfo.java:updateAndGet(143)) - 3eeab9a4-47d5-4980-9c6e-5102901e869a: start FollowerState
2019-10-09 13:04:16,910 [Thread-503] INFO  impl.FollowerState (FollowerState.java:run(106)) - 3eeab9a4-47d5-4980-9c6e-5102901e869a:group-F4DE2F4D7E72 changes to CANDIDATE, lastRpcTime:10202, electionTimeout:5180ms
2019-10-09 13:04:16,913 [Thread-503] INFO  impl.RoleInfo (RoleInfo.java:shutdownFollowerState(121)) - 3eeab9a4-47d5-4980-9c6e-5102901e869a: shutdown FollowerState
2019-10-09 13:04:16,913 [Thread-503] INFO  impl.RaftServerImpl (RaftServerImpl.java:setRole(174)) - 3eeab9a4-47d5-4980-9c6e-5102901e869a@group-F4DE2F4D7E72: changes role from  FOLLOWER to CANDIDATE at term 2 for changeToCandidate
2019-10-09 13:04:16,914 [Thread-503] INFO  impl.RoleInfo (RoleInfo.java:updateAndGet(143)) - 3eeab9a4-47d5-4980-9c6e-5102901e869a: start LeaderElection
2019-10-09 13:04:16,916 [3eeab9a4-47d5-4980-9c6e-5102901e869a@group-F4DE2F4D7E72:LeaderElection33] INFO  impl.RaftServerImpl (ServerState.java:setLeader(253)) - 3eeab9a4-47d5-4980-9c6e-5102901e869a@group-F4DE2F4D7E72: change Leader from 4f75c367-51e4-41c9-9287-4e8dd97f5c38 to null at term 2 for initElection
2019-10-09 13:04:16,941 [3eeab9a4-47d5-4980-9c6e-5102901e869a@group-F4DE2F4D7E72:LeaderElection33] INFO  impl.LeaderElection (LeaderElection.java:askForVotes(182)) - 3eeab9a4-47d5-4980-9c6e-5102901e869a@group-F4DE2F4D7E72:LeaderElection33: begin an election at term 3 for 0: [4f75c367-51e4-41c9-9287-4e8dd97f5c38:192.168.5.175:40325, 3eeab9a4-47d5-4980-9c6e-5102901e869a:192.168.5.175:43254, f0cb1a3f-6ac7-4eb8-9514-6a797ff8471f:192.168.5.175:39769], old=null
2019-10-09 13:04:16,942 [3eeab9a4-47d5-4980-9c6e-5102901e869a@group-F4DE2F4D7E72:LeaderElection33] INFO  impl.LeaderElection (LogUtils.java:infoOrTrace(149)) - 3eeab9a4-47d5-4980-9c6e-5102901e869a@group-F4DE2F4D7E72:LeaderElection33 got exception when requesting votes: {}
java.util.concurrent.ExecutionException: org.apache.ratis.thirdparty.io.grpc.StatusRuntimeException: UNAVAILABLE: io exception
	at java.util.concurrent.FutureTask.report(FutureTask.java:122)
	at java.util.concurrent.FutureTask.get(FutureTask.java:192)
	at org.apache.ratis.server.impl.LeaderElection.waitForResults(LeaderElection.java:263)
	at org.apache.ratis.server.impl.LeaderElection.askForVotes(LeaderElection.java:201)
	at org.apache.ratis.server.impl.LeaderElection.run(LeaderElection.java:133)
	at java.lang.Thread.run(Thread.java:748)
Caused by: org.apache.ratis.thirdparty.io.grpc.StatusRuntimeException: UNAVAILABLE: io exception
	at org.apache.ratis.thirdparty.io.grpc.stub.ClientCalls.toStatusRuntimeException(ClientCalls.java:233)
	at org.apache.ratis.thirdparty.io.grpc.stub.ClientCalls.getUnchecked(ClientCalls.java:214)
	at org.apache.ratis.thirdparty.io.grpc.stub.ClientCalls.blockingUnaryCall(ClientCalls.java:139)
	at org.apache.ratis.proto.grpc.RaftServerProtocolServiceGrpc$RaftServerProtocolServiceBlockingStub.requestVote(RaftServerProtocolServiceGrpc.java:265)
	at org.apache.ratis.grpc.server.GrpcServerProtocolClient.requestVote(GrpcServerProtocolClient.java:90)
	at org.apache.ratis.grpc.server.GrpcService.requestVote(GrpcService.java:204)
	at org.apache.ratis.server.impl.LeaderElection.lambda$submitRequests$1(LeaderElection.java:238)
	at java.util.concurrent.FutureTask.run(FutureTask.java:266)
	at java.util.concurrent.Executors$RunnableAdapter.call(Executors.java:511)
	at java.util.concurrent.FutureTask.run(FutureTask.java:266)
	at java.util.concurrent.ThreadPoolExecutor.runWorker(ThreadPoolExecutor.java:1149)
	at java.util.concurrent.ThreadPoolExecutor$Worker.run(ThreadPoolExecutor.java:624)
	... 1 more
Caused by: org.apache.ratis.thirdparty.io.netty.channel.AbstractChannel$AnnotatedConnectException: Connection refused: /192.168.5.175:39769
	at sun.nio.ch.SocketChannelImpl.checkConnect(Native Method)
	at sun.nio.ch.SocketChannelImpl.finishConnect(SocketChannelImpl.java:717)
	at org.apache.ratis.thirdparty.io.netty.channel.socket.nio.NioSocketChannel.doFinishConnect(NioSocketChannel.java:327)
	at org.apache.ratis.thirdparty.io.netty.channel.nio.AbstractNioChannel$AbstractNioUnsafe.finishConnect(AbstractNioChannel.java:340)
	at org.apache.ratis.thirdparty.io.netty.channel.nio.NioEventLoop.processSelectedKey(NioEventLoop.java:632)
	at org.apache.ratis.thirdparty.io.netty.channel.nio.NioEventLoop.processSelectedKeysOptimized(NioEventLoop.java:579)
	at org.apache.ratis.thirdparty.io.netty.channel.nio.NioEventLoop.processSelectedKeys(NioEventLoop.java:496)
	at org.apache.ratis.thirdparty.io.netty.channel.nio.NioEventLoop.run(NioEventLoop.java:458)
	at org.apache.ratis.thirdparty.io.netty.util.concurrent.SingleThreadEventExecutor$5.run(SingleThreadEventExecutor.java:897)
	at org.apache.ratis.thirdparty.io.netty.util.concurrent.FastThreadLocalRunnable.run(FastThreadLocalRunnable.java:30)
	... 1 more
Caused by: java.net.ConnectException: Connection refused
	... 11 more
2019-10-09 13:04:16,945 [3eeab9a4-47d5-4980-9c6e-5102901e869a@group-F4DE2F4D7E72:LeaderElection33] INFO  impl.LeaderElection (LogUtils.java:infoOrTrace(149)) - 3eeab9a4-47d5-4980-9c6e-5102901e869a@group-F4DE2F4D7E72:LeaderElection33 got exception when requesting votes: {}
java.util.concurrent.ExecutionException: org.apache.ratis.thirdparty.io.grpc.StatusRuntimeException: UNAVAILABLE: io exception
	at java.util.concurrent.FutureTask.report(FutureTask.java:122)
	at java.util.concurrent.FutureTask.get(FutureTask.java:192)
	at org.apache.ratis.server.impl.LeaderElection.waitForResults(LeaderElection.java:263)
	at org.apache.ratis.server.impl.LeaderElection.askForVotes(LeaderElection.java:201)
	at org.apache.ratis.server.impl.LeaderElection.run(LeaderElection.java:133)
	at java.lang.Thread.run(Thread.java:748)
Caused by: org.apache.ratis.thirdparty.io.grpc.StatusRuntimeException: UNAVAILABLE: io exception
	at org.apache.ratis.thirdparty.io.grpc.stub.ClientCalls.toStatusRuntimeException(ClientCalls.java:233)
	at org.apache.ratis.thirdparty.io.grpc.stub.ClientCalls.getUnchecked(ClientCalls.java:214)
	at org.apache.ratis.thirdparty.io.grpc.stub.ClientCalls.blockingUnaryCall(ClientCalls.java:139)
	at org.apache.ratis.proto.grpc.RaftServerProtocolServiceGrpc$RaftServerProtocolServiceBlockingStub.requestVote(RaftServerProtocolServiceGrpc.java:265)
	at org.apache.ratis.grpc.server.GrpcServerProtocolClient.requestVote(GrpcServerProtocolClient.java:90)
	at org.apache.ratis.grpc.server.GrpcService.requestVote(GrpcService.java:204)
	at org.apache.ratis.server.impl.LeaderElection.lambda$submitRequests$1(LeaderElection.java:238)
	at java.util.concurrent.FutureTask.run(FutureTask.java:266)
	at java.util.concurrent.Executors$RunnableAdapter.call(Executors.java:511)
	at java.util.concurrent.FutureTask.run(FutureTask.java:266)
	at java.util.concurrent.ThreadPoolExecutor.runWorker(ThreadPoolExecutor.java:1149)
	at java.util.concurrent.ThreadPoolExecutor$Worker.run(ThreadPoolExecutor.java:624)
	... 1 more
Caused by: org.apache.ratis.thirdparty.io.netty.channel.AbstractChannel$AnnotatedConnectException: Connection refused: /192.168.5.175:40325
	at sun.nio.ch.SocketChannelImpl.checkConnect(Native Method)
	at sun.nio.ch.SocketChannelImpl.finishConnect(SocketChannelImpl.java:717)
	at org.apache.ratis.thirdparty.io.netty.channel.socket.nio.NioSocketChannel.doFinishConnect(NioSocketChannel.java:327)
	at org.apache.ratis.thirdparty.io.netty.channel.nio.AbstractNioChannel$AbstractNioUnsafe.finishConnect(AbstractNioChannel.java:340)
	at org.apache.ratis.thirdparty.io.netty.channel.nio.NioEventLoop.processSelectedKey(NioEventLoop.java:632)
	at org.apache.ratis.thirdparty.io.netty.channel.nio.NioEventLoop.processSelectedKeysOptimized(NioEventLoop.java:579)
	at org.apache.ratis.thirdparty.io.netty.channel.nio.NioEventLoop.processSelectedKeys(NioEventLoop.java:496)
	at org.apache.ratis.thirdparty.io.netty.channel.nio.NioEventLoop.run(NioEventLoop.java:458)
	at org.apache.ratis.thirdparty.io.netty.util.concurrent.SingleThreadEventExecutor$5.run(SingleThreadEventExecutor.java:897)
	at org.apache.ratis.thirdparty.io.netty.util.concurrent.FastThreadLocalRunnable.run(FastThreadLocalRunnable.java:30)
	... 1 more
Caused by: java.net.ConnectException: Connection refused
	... 11 more
2019-10-09 13:04:16,947 [3eeab9a4-47d5-4980-9c6e-5102901e869a@group-F4DE2F4D7E72:LeaderElection33] INFO  impl.LeaderElection (LeaderElection.java:logAndReturn(56)) - 3eeab9a4-47d5-4980-9c6e-5102901e869a@group-F4DE2F4D7E72:LeaderElection33: Election REJECTED; received 0 response(s) [] and 2 exception(s); 3eeab9a4-47d5-4980-9c6e-5102901e869a@group-F4DE2F4D7E72:t3, leader=null, voted=3eeab9a4-47d5-4980-9c6e-5102901e869a, raftlog=3eeab9a4-47d5-4980-9c6e-5102901e869a@group-F4DE2F4D7E72-SegmentedRaftLog:OPENED:c0,f0,i0, conf=0: [4f75c367-51e4-41c9-9287-4e8dd97f5c38:192.168.5.175:40325, 3eeab9a4-47d5-4980-9c6e-5102901e869a:192.168.5.175:43254, f0cb1a3f-6ac7-4eb8-9514-6a797ff8471f:192.168.5.175:39769], old=null
2019-10-09 13:04:16,947 [3eeab9a4-47d5-4980-9c6e-5102901e869a@group-F4DE2F4D7E72:LeaderElection33] INFO  impl.LeaderElection (LogUtils.java:infoOrTrace(149)) -   Exception 0: {}
java.util.concurrent.ExecutionException: org.apache.ratis.thirdparty.io.grpc.StatusRuntimeException: UNAVAILABLE: io exception
	at java.util.concurrent.FutureTask.report(FutureTask.java:122)
	at java.util.concurrent.FutureTask.get(FutureTask.java:192)
	at org.apache.ratis.server.impl.LeaderElection.waitForResults(LeaderElection.java:263)
	at org.apache.ratis.server.impl.LeaderElection.askForVotes(LeaderElection.java:201)
	at org.apache.ratis.server.impl.LeaderElection.run(LeaderElection.java:133)
	at java.lang.Thread.run(Thread.java:748)
Caused by: org.apache.ratis.thirdparty.io.grpc.StatusRuntimeException: UNAVAILABLE: io exception
	at org.apache.ratis.thirdparty.io.grpc.stub.ClientCalls.toStatusRuntimeException(ClientCalls.java:233)
	at org.apache.ratis.thirdparty.io.grpc.stub.ClientCalls.getUnchecked(ClientCalls.java:214)
	at org.apache.ratis.thirdparty.io.grpc.stub.ClientCalls.blockingUnaryCall(ClientCalls.java:139)
	at org.apache.ratis.proto.grpc.RaftServerProtocolServiceGrpc$RaftServerProtocolServiceBlockingStub.requestVote(RaftServerProtocolServiceGrpc.java:265)
	at org.apache.ratis.grpc.server.GrpcServerProtocolClient.requestVote(GrpcServerProtocolClient.java:90)
	at org.apache.ratis.grpc.server.GrpcService.requestVote(GrpcService.java:204)
	at org.apache.ratis.server.impl.LeaderElection.lambda$submitRequests$1(LeaderElection.java:238)
	at java.util.concurrent.FutureTask.run(FutureTask.java:266)
	at java.util.concurrent.Executors$RunnableAdapter.call(Executors.java:511)
	at java.util.concurrent.FutureTask.run(FutureTask.java:266)
	at java.util.concurrent.ThreadPoolExecutor.runWorker(ThreadPoolExecutor.java:1149)
	at java.util.concurrent.ThreadPoolExecutor$Worker.run(ThreadPoolExecutor.java:624)
	... 1 more
Caused by: org.apache.ratis.thirdparty.io.netty.channel.AbstractChannel$AnnotatedConnectException: Connection refused: /192.168.5.175:39769
	at sun.nio.ch.SocketChannelImpl.checkConnect(Native Method)
	at sun.nio.ch.SocketChannelImpl.finishConnect(SocketChannelImpl.java:717)
	at org.apache.ratis.thirdparty.io.netty.channel.socket.nio.NioSocketChannel.doFinishConnect(NioSocketChannel.java:327)
	at org.apache.ratis.thirdparty.io.netty.channel.nio.AbstractNioChannel$AbstractNioUnsafe.finishConnect(AbstractNioChannel.java:340)
	at org.apache.ratis.thirdparty.io.netty.channel.nio.NioEventLoop.processSelectedKey(NioEventLoop.java:632)
	at org.apache.ratis.thirdparty.io.netty.channel.nio.NioEventLoop.processSelectedKeysOptimized(NioEventLoop.java:579)
	at org.apache.ratis.thirdparty.io.netty.channel.nio.NioEventLoop.processSelectedKeys(NioEventLoop.java:496)
	at org.apache.ratis.thirdparty.io.netty.channel.nio.NioEventLoop.run(NioEventLoop.java:458)
	at org.apache.ratis.thirdparty.io.netty.util.concurrent.SingleThreadEventExecutor$5.run(SingleThreadEventExecutor.java:897)
	at org.apache.ratis.thirdparty.io.netty.util.concurrent.FastThreadLocalRunnable.run(FastThreadLocalRunnable.java:30)
	... 1 more
Caused by: java.net.ConnectException: Connection refused
	... 11 more
2019-10-09 13:04:16,947 [3eeab9a4-47d5-4980-9c6e-5102901e869a@group-F4DE2F4D7E72:LeaderElection33] INFO  impl.LeaderElection (LogUtils.java:infoOrTrace(149)) -   Exception 1: {}
java.util.concurrent.ExecutionException: org.apache.ratis.thirdparty.io.grpc.StatusRuntimeException: UNAVAILABLE: io exception
	at java.util.concurrent.FutureTask.report(FutureTask.java:122)
	at java.util.concurrent.FutureTask.get(FutureTask.java:192)
	at org.apache.ratis.server.impl.LeaderElection.waitForResults(LeaderElection.java:263)
	at org.apache.ratis.server.impl.LeaderElection.askForVotes(LeaderElection.java:201)
	at org.apache.ratis.server.impl.LeaderElection.run(LeaderElection.java:133)
	at java.lang.Thread.run(Thread.java:748)
Caused by: org.apache.ratis.thirdparty.io.grpc.StatusRuntimeException: UNAVAILABLE: io exception
	at org.apache.ratis.thirdparty.io.grpc.stub.ClientCalls.toStatusRuntimeException(ClientCalls.java:233)
	at org.apache.ratis.thirdparty.io.grpc.stub.ClientCalls.getUnchecked(ClientCalls.java:214)
	at org.apache.ratis.thirdparty.io.grpc.stub.ClientCalls.blockingUnaryCall(ClientCalls.java:139)
	at org.apache.ratis.proto.grpc.RaftServerProtocolServiceGrpc$RaftServerProtocolServiceBlockingStub.requestVote(RaftServerProtocolServiceGrpc.java:265)
	at org.apache.ratis.grpc.server.GrpcServerProtocolClient.requestVote(GrpcServerProtocolClient.java:90)
	at org.apache.ratis.grpc.server.GrpcService.requestVote(GrpcService.java:204)
	at org.apache.ratis.server.impl.LeaderElection.lambda$submitRequests$1(LeaderElection.java:238)
	at java.util.concurrent.FutureTask.run(FutureTask.java:266)
	at java.util.concurrent.Executors$RunnableAdapter.call(Executors.java:511)
	at java.util.concurrent.FutureTask.run(FutureTask.java:266)
	at java.util.concurrent.ThreadPoolExecutor.runWorker(ThreadPoolExecutor.java:1149)
	at java.util.concurrent.ThreadPoolExecutor$Worker.run(ThreadPoolExecutor.java:624)
	... 1 more
Caused by: org.apache.ratis.thirdparty.io.netty.channel.AbstractChannel$AnnotatedConnectException: Connection refused: /192.168.5.175:40325
	at sun.nio.ch.SocketChannelImpl.checkConnect(Native Method)
	at sun.nio.ch.SocketChannelImpl.finishConnect(SocketChannelImpl.java:717)
	at org.apache.ratis.thirdparty.io.netty.channel.socket.nio.NioSocketChannel.doFinishConnect(NioSocketChannel.java:327)
	at org.apache.ratis.thirdparty.io.netty.channel.nio.AbstractNioChannel$AbstractNioUnsafe.finishConnect(AbstractNioChannel.java:340)
	at org.apache.ratis.thirdparty.io.netty.channel.nio.NioEventLoop.processSelectedKey(NioEventLoop.java:632)
	at org.apache.ratis.thirdparty.io.netty.channel.nio.NioEventLoop.processSelectedKeysOptimized(NioEventLoop.java:579)
	at org.apache.ratis.thirdparty.io.netty.channel.nio.NioEventLoop.processSelectedKeys(NioEventLoop.java:496)
	at org.apache.ratis.thirdparty.io.netty.channel.nio.NioEventLoop.run(NioEventLoop.java:458)
	at org.apache.ratis.thirdparty.io.netty.util.concurrent.SingleThreadEventExecutor$5.run(SingleThreadEventExecutor.java:897)
	at org.apache.ratis.thirdparty.io.netty.util.concurrent.FastThreadLocalRunnable.run(FastThreadLocalRunnable.java:30)
	... 1 more
Caused by: java.net.ConnectException: Connection refused
	... 11 more
2019-10-09 13:04:16,948 [3eeab9a4-47d5-4980-9c6e-5102901e869a@group-F4DE2F4D7E72:LeaderElection33] INFO  impl.RaftServerImpl (RaftServerImpl.java:setRole(174)) - 3eeab9a4-47d5-4980-9c6e-5102901e869a@group-F4DE2F4D7E72: changes role from CANDIDATE to FOLLOWER at term 3 for DISCOVERED_A_NEW_TERM
2019-10-09 13:04:16,948 [3eeab9a4-47d5-4980-9c6e-5102901e869a@group-F4DE2F4D7E72:LeaderElection33] INFO  impl.RoleInfo (RoleInfo.java:shutdownLeaderElection(134)) - 3eeab9a4-47d5-4980-9c6e-5102901e869a: shutdown LeaderElection
2019-10-09 13:04:16,948 [3eeab9a4-47d5-4980-9c6e-5102901e869a@group-F4DE2F4D7E72:LeaderElection33] INFO  impl.RoleInfo (RoleInfo.java:updateAndGet(143)) - 3eeab9a4-47d5-4980-9c6e-5102901e869a: start FollowerState
2019-10-09 13:04:18,892 [grpc-default-executor-7] WARN  server.GrpcLogAppender (LogUtils.java:warn(134)) - 3eeab9a4-47d5-4980-9c6e-5102901e869a@group-DDAC6CD64C05->f0cb1a3f-6ac7-4eb8-9514-6a797ff8471f-AppendLogResponseHandler: Failed appendEntries: org.apache.ratis.thirdparty.io.grpc.StatusRuntimeException: UNAVAILABLE: io exception
2019-10-09 13:04:18,899 [grpc-default-executor-7] INFO  impl.FollowerInfo (FollowerInfo.java:lambda$new$0(51)) - 3eeab9a4-47d5-4980-9c6e-5102901e869a@group-DDAC6CD64C05->f0cb1a3f-6ac7-4eb8-9514-6a797ff8471f: nextIndex: updateUnconditionally 0 -> 0
2019-10-09 13:04:18,921 [grpc-default-executor-7] WARN  server.GrpcLogAppender (LogUtils.java:warn(134)) - 3eeab9a4-47d5-4980-9c6e-5102901e869a@group-DDAC6CD64C05->4f75c367-51e4-41c9-9287-4e8dd97f5c38-AppendLogResponseHandler: Failed appendEntries: org.apache.ratis.thirdparty.io.grpc.StatusRuntimeException: UNAVAILABLE: io exception
2019-10-09 13:04:18,921 [grpc-default-executor-7] INFO  impl.FollowerInfo (FollowerInfo.java:lambda$new$0(51)) - 3eeab9a4-47d5-4980-9c6e-5102901e869a@group-DDAC6CD64C05->4f75c367-51e4-41c9-9287-4e8dd97f5c38: nextIndex: updateUnconditionally 0 -> 0
2019-10-09 13:04:18,999 [grpc-default-executor-9] WARN  server.GrpcLogAppender (LogUtils.java:warn(134)) - 3eeab9a4-47d5-4980-9c6e-5102901e869a@group-75761DEE94FB->f0cb1a3f-6ac7-4eb8-9514-6a797ff8471f-AppendLogResponseHandler: Failed appendEntries: org.apache.ratis.thirdparty.io.grpc.StatusRuntimeException: UNAVAILABLE: io exception
2019-10-09 13:04:19,000 [grpc-default-executor-9] INFO  impl.FollowerInfo (FollowerInfo.java:lambda$new$0(51)) - 3eeab9a4-47d5-4980-9c6e-5102901e869a@group-75761DEE94FB->f0cb1a3f-6ac7-4eb8-9514-6a797ff8471f: nextIndex: updateUnconditionally 0 -> 0
2019-10-09 13:04:19,006 [grpc-default-executor-4] WARN  server.GrpcLogAppender (LogUtils.java:warn(134)) - 3eeab9a4-47d5-4980-9c6e-5102901e869a@group-75761DEE94FB->4f75c367-51e4-41c9-9287-4e8dd97f5c38-AppendLogResponseHandler: Failed appendEntries: org.apache.ratis.thirdparty.io.grpc.StatusRuntimeException: UNAVAILABLE: io exception
2019-10-09 13:04:19,007 [grpc-default-executor-4] INFO  impl.FollowerInfo (FollowerInfo.java:lambda$new$0(51)) - 3eeab9a4-47d5-4980-9c6e-5102901e869a@group-75761DEE94FB->4f75c367-51e4-41c9-9287-4e8dd97f5c38: nextIndex: updateUnconditionally 0 -> 0
2019-10-09 13:04:19,184 [grpc-default-executor-7] WARN  server.GrpcLogAppender (LogUtils.java:warn(134)) - 3eeab9a4-47d5-4980-9c6e-5102901e869a@group-153C1C6005E2->f0cb1a3f-6ac7-4eb8-9514-6a797ff8471f-AppendLogResponseHandler: Failed appendEntries: org.apache.ratis.thirdparty.io.grpc.StatusRuntimeException: UNAVAILABLE: io exception
2019-10-09 13:04:19,184 [grpc-default-executor-7] INFO  impl.FollowerInfo (FollowerInfo.java:lambda$new$0(51)) - 3eeab9a4-47d5-4980-9c6e-5102901e869a@group-153C1C6005E2->f0cb1a3f-6ac7-4eb8-9514-6a797ff8471f: nextIndex: updateUnconditionally 0 -> 0
2019-10-09 13:04:19,191 [grpc-default-executor-9] WARN  server.GrpcLogAppender (LogUtils.java:warn(134)) - 3eeab9a4-47d5-4980-9c6e-5102901e869a@group-153C1C6005E2->4f75c367-51e4-41c9-9287-4e8dd97f5c38-AppendLogResponseHandler: Failed appendEntries: org.apache.ratis.thirdparty.io.grpc.StatusRuntimeException: UNAVAILABLE: io exception
2019-10-09 13:04:19,191 [grpc-default-executor-9] INFO  impl.FollowerInfo (FollowerInfo.java:lambda$new$0(51)) - 3eeab9a4-47d5-4980-9c6e-5102901e869a@group-153C1C6005E2->4f75c367-51e4-41c9-9287-4e8dd97f5c38: nextIndex: updateUnconditionally 0 -> 0
2019-10-09 13:04:21,395 [grpc-default-executor-7] WARN  server.GrpcLogAppender (LogUtils.java:warn(134)) - 3eeab9a4-47d5-4980-9c6e-5102901e869a@group-DDAC6CD64C05->f0cb1a3f-6ac7-4eb8-9514-6a797ff8471f-AppendLogResponseHandler: Failed appendEntries: org.apache.ratis.thirdparty.io.grpc.StatusRuntimeException: UNAVAILABLE: io exception
2019-10-09 13:04:21,396 [grpc-default-executor-7] INFO  impl.FollowerInfo (FollowerInfo.java:lambda$new$0(51)) - 3eeab9a4-47d5-4980-9c6e-5102901e869a@group-DDAC6CD64C05->f0cb1a3f-6ac7-4eb8-9514-6a797ff8471f: nextIndex: updateUnconditionally 0 -> 0
2019-10-09 13:04:21,423 [grpc-default-executor-9] WARN  server.GrpcLogAppender (LogUtils.java:warn(134)) - 3eeab9a4-47d5-4980-9c6e-5102901e869a@group-DDAC6CD64C05->4f75c367-51e4-41c9-9287-4e8dd97f5c38-AppendLogResponseHandler: Failed appendEntries: org.apache.ratis.thirdparty.io.grpc.StatusRuntimeException: UNAVAILABLE: io exception
2019-10-09 13:04:21,424 [grpc-default-executor-9] INFO  impl.FollowerInfo (FollowerInfo.java:lambda$new$0(51)) - 3eeab9a4-47d5-4980-9c6e-5102901e869a@group-DDAC6CD64C05->4f75c367-51e4-41c9-9287-4e8dd97f5c38: nextIndex: updateUnconditionally 0 -> 0
2019-10-09 13:04:21,497 [grpc-default-executor-4] WARN  server.GrpcLogAppender (LogUtils.java:warn(134)) - 3eeab9a4-47d5-4980-9c6e-5102901e869a@group-75761DEE94FB->f0cb1a3f-6ac7-4eb8-9514-6a797ff8471f-AppendLogResponseHandler: Failed appendEntries: org.apache.ratis.thirdparty.io.grpc.StatusRuntimeException: UNAVAILABLE: io exception
2019-10-09 13:04:21,498 [grpc-default-executor-4] INFO  impl.FollowerInfo (FollowerInfo.java:lambda$new$0(51)) - 3eeab9a4-47d5-4980-9c6e-5102901e869a@group-75761DEE94FB->f0cb1a3f-6ac7-4eb8-9514-6a797ff8471f: nextIndex: updateUnconditionally 0 -> 0
2019-10-09 13:04:21,507 [grpc-default-executor-7] WARN  server.GrpcLogAppender (LogUtils.java:warn(134)) - 3eeab9a4-47d5-4980-9c6e-5102901e869a@group-75761DEE94FB->4f75c367-51e4-41c9-9287-4e8dd97f5c38-AppendLogResponseHandler: Failed appendEntries: org.apache.ratis.thirdparty.io.grpc.StatusRuntimeException: UNAVAILABLE: io exception
2019-10-09 13:04:21,507 [grpc-default-executor-7] INFO  impl.FollowerInfo (FollowerInfo.java:lambda$new$0(51)) - 3eeab9a4-47d5-4980-9c6e-5102901e869a@group-75761DEE94FB->4f75c367-51e4-41c9-9287-4e8dd97f5c38: nextIndex: updateUnconditionally 0 -> 0
2019-10-09 13:04:21,638 [Thread-633] INFO  impl.FollowerState (FollowerState.java:run(106)) - 3eeab9a4-47d5-4980-9c6e-5102901e869a:group-6247FF3E413E changes to CANDIDATE, lastRpcTime:5045, electionTimeout:5045ms
2019-10-09 13:04:21,639 [Thread-633] INFO  impl.RoleInfo (RoleInfo.java:shutdownFollowerState(121)) - 3eeab9a4-47d5-4980-9c6e-5102901e869a: shutdown FollowerState
2019-10-09 13:04:21,639 [Thread-633] INFO  impl.RaftServerImpl (RaftServerImpl.java:setRole(174)) - 3eeab9a4-47d5-4980-9c6e-5102901e869a@group-6247FF3E413E: changes role from  FOLLOWER to CANDIDATE at term 3 for changeToCandidate
2019-10-09 13:04:21,639 [Thread-633] INFO  impl.RoleInfo (RoleInfo.java:updateAndGet(143)) - 3eeab9a4-47d5-4980-9c6e-5102901e869a: start LeaderElection
2019-10-09 13:04:21,657 [3eeab9a4-47d5-4980-9c6e-5102901e869a@group-6247FF3E413E:LeaderElection34] INFO  impl.LeaderElection (LeaderElection.java:askForVotes(182)) - 3eeab9a4-47d5-4980-9c6e-5102901e869a@group-6247FF3E413E:LeaderElection34: begin an election at term 4 for 0: [4f75c367-51e4-41c9-9287-4e8dd97f5c38:192.168.5.175:40325, 3eeab9a4-47d5-4980-9c6e-5102901e869a:192.168.5.175:43254, f0cb1a3f-6ac7-4eb8-9514-6a797ff8471f:192.168.5.175:39769], old=null
2019-10-09 13:04:21,662 [3eeab9a4-47d5-4980-9c6e-5102901e869a@group-6247FF3E413E:LeaderElection34] INFO  impl.LeaderElection (LogUtils.java:infoOrTrace(149)) - 3eeab9a4-47d5-4980-9c6e-5102901e869a@group-6247FF3E413E:LeaderElection34 got exception when requesting votes: {}
java.util.concurrent.ExecutionException: org.apache.ratis.thirdparty.io.grpc.StatusRuntimeException: UNAVAILABLE: io exception
	at java.util.concurrent.FutureTask.report(FutureTask.java:122)
	at java.util.concurrent.FutureTask.get(FutureTask.java:192)
	at org.apache.ratis.server.impl.LeaderElection.waitForResults(LeaderElection.java:263)
	at org.apache.ratis.server.impl.LeaderElection.askForVotes(LeaderElection.java:201)
	at org.apache.ratis.server.impl.LeaderElection.run(LeaderElection.java:133)
	at java.lang.Thread.run(Thread.java:748)
Caused by: org.apache.ratis.thirdparty.io.grpc.StatusRuntimeException: UNAVAILABLE: io exception
	at org.apache.ratis.thirdparty.io.grpc.stub.ClientCalls.toStatusRuntimeException(ClientCalls.java:233)
	at org.apache.ratis.thirdparty.io.grpc.stub.ClientCalls.getUnchecked(ClientCalls.java:214)
	at org.apache.ratis.thirdparty.io.grpc.stub.ClientCalls.blockingUnaryCall(ClientCalls.java:139)
	at org.apache.ratis.proto.grpc.RaftServerProtocolServiceGrpc$RaftServerProtocolServiceBlockingStub.requestVote(RaftServerProtocolServiceGrpc.java:265)
	at org.apache.ratis.grpc.server.GrpcServerProtocolClient.requestVote(GrpcServerProtocolClient.java:90)
	at org.apache.ratis.grpc.server.GrpcService.requestVote(GrpcService.java:204)
	at org.apache.ratis.server.impl.LeaderElection.lambda$submitRequests$1(LeaderElection.java:238)
	at java.util.concurrent.FutureTask.run(FutureTask.java:266)
	at java.util.concurrent.Executors$RunnableAdapter.call(Executors.java:511)
	at java.util.concurrent.FutureTask.run(FutureTask.java:266)
	at java.util.concurrent.ThreadPoolExecutor.runWorker(ThreadPoolExecutor.java:1149)
	at java.util.concurrent.ThreadPoolExecutor$Worker.run(ThreadPoolExecutor.java:624)
	... 1 more
Caused by: org.apache.ratis.thirdparty.io.netty.channel.AbstractChannel$AnnotatedConnectException: Connection refused: /192.168.5.175:40325
	at sun.nio.ch.SocketChannelImpl.checkConnect(Native Method)
	at sun.nio.ch.SocketChannelImpl.finishConnect(SocketChannelImpl.java:717)
	at org.apache.ratis.thirdparty.io.netty.channel.socket.nio.NioSocketChannel.doFinishConnect(NioSocketChannel.java:327)
	at org.apache.ratis.thirdparty.io.netty.channel.nio.AbstractNioChannel$AbstractNioUnsafe.finishConnect(AbstractNioChannel.java:340)
	at org.apache.ratis.thirdparty.io.netty.channel.nio.NioEventLoop.processSelectedKey(NioEventLoop.java:632)
	at org.apache.ratis.thirdparty.io.netty.channel.nio.NioEventLoop.processSelectedKeysOptimized(NioEventLoop.java:579)
	at org.apache.ratis.thirdparty.io.netty.channel.nio.NioEventLoop.processSelectedKeys(NioEventLoop.java:496)
	at org.apache.ratis.thirdparty.io.netty.channel.nio.NioEventLoop.run(NioEventLoop.java:458)
	at org.apache.ratis.thirdparty.io.netty.util.concurrent.SingleThreadEventExecutor$5.run(SingleThreadEventExecutor.java:897)
	at org.apache.ratis.thirdparty.io.netty.util.concurrent.FastThreadLocalRunnable.run(FastThreadLocalRunnable.java:30)
	... 1 more
Caused by: java.net.ConnectException: Connection refused
	... 11 more
2019-10-09 13:04:21,665 [3eeab9a4-47d5-4980-9c6e-5102901e869a@group-6247FF3E413E:LeaderElection34] INFO  impl.LeaderElection (LogUtils.java:infoOrTrace(149)) - 3eeab9a4-47d5-4980-9c6e-5102901e869a@group-6247FF3E413E:LeaderElection34 got exception when requesting votes: {}
java.util.concurrent.ExecutionException: org.apache.ratis.thirdparty.io.grpc.StatusRuntimeException: UNAVAILABLE: io exception
	at java.util.concurrent.FutureTask.report(FutureTask.java:122)
	at java.util.concurrent.FutureTask.get(FutureTask.java:192)
	at org.apache.ratis.server.impl.LeaderElection.waitForResults(LeaderElection.java:263)
	at org.apache.ratis.server.impl.LeaderElection.askForVotes(LeaderElection.java:201)
	at org.apache.ratis.server.impl.LeaderElection.run(LeaderElection.java:133)
	at java.lang.Thread.run(Thread.java:748)
Caused by: org.apache.ratis.thirdparty.io.grpc.StatusRuntimeException: UNAVAILABLE: io exception
	at org.apache.ratis.thirdparty.io.grpc.stub.ClientCalls.toStatusRuntimeException(ClientCalls.java:233)
	at org.apache.ratis.thirdparty.io.grpc.stub.ClientCalls.getUnchecked(ClientCalls.java:214)
	at org.apache.ratis.thirdparty.io.grpc.stub.ClientCalls.blockingUnaryCall(ClientCalls.java:139)
	at org.apache.ratis.proto.grpc.RaftServerProtocolServiceGrpc$RaftServerProtocolServiceBlockingStub.requestVote(RaftServerProtocolServiceGrpc.java:265)
	at org.apache.ratis.grpc.server.GrpcServerProtocolClient.requestVote(GrpcServerProtocolClient.java:90)
	at org.apache.ratis.grpc.server.GrpcService.requestVote(GrpcService.java:204)
	at org.apache.ratis.server.impl.LeaderElection.lambda$submitRequests$1(LeaderElection.java:238)
	at java.util.concurrent.FutureTask.run(FutureTask.java:266)
	at java.util.concurrent.Executors$RunnableAdapter.call(Executors.java:511)
	at java.util.concurrent.FutureTask.run(FutureTask.java:266)
	at java.util.concurrent.ThreadPoolExecutor.runWorker(ThreadPoolExecutor.java:1149)
	at java.util.concurrent.ThreadPoolExecutor$Worker.run(ThreadPoolExecutor.java:624)
	... 1 more
Caused by: org.apache.ratis.thirdparty.io.netty.channel.AbstractChannel$AnnotatedConnectException: Connection refused: /192.168.5.175:39769
	at sun.nio.ch.SocketChannelImpl.checkConnect(Native Method)
	at sun.nio.ch.SocketChannelImpl.finishConnect(SocketChannelImpl.java:717)
	at org.apache.ratis.thirdparty.io.netty.channel.socket.nio.NioSocketChannel.doFinishConnect(NioSocketChannel.java:327)
	at org.apache.ratis.thirdparty.io.netty.channel.nio.AbstractNioChannel$AbstractNioUnsafe.finishConnect(AbstractNioChannel.java:340)
	at org.apache.ratis.thirdparty.io.netty.channel.nio.NioEventLoop.processSelectedKey(NioEventLoop.java:632)
	at org.apache.ratis.thirdparty.io.netty.channel.nio.NioEventLoop.processSelectedKeysOptimized(NioEventLoop.java:579)
	at org.apache.ratis.thirdparty.io.netty.channel.nio.NioEventLoop.processSelectedKeys(NioEventLoop.java:496)
	at org.apache.ratis.thirdparty.io.netty.channel.nio.NioEventLoop.run(NioEventLoop.java:458)
	at org.apache.ratis.thirdparty.io.netty.util.concurrent.SingleThreadEventExecutor$5.run(SingleThreadEventExecutor.java:897)
	at org.apache.ratis.thirdparty.io.netty.util.concurrent.FastThreadLocalRunnable.run(FastThreadLocalRunnable.java:30)
	... 1 more
Caused by: java.net.ConnectException: Connection refused
	... 11 more
2019-10-09 13:04:21,668 [3eeab9a4-47d5-4980-9c6e-5102901e869a@group-6247FF3E413E:LeaderElection34] INFO  impl.LeaderElection (LeaderElection.java:logAndReturn(56)) - 3eeab9a4-47d5-4980-9c6e-5102901e869a@group-6247FF3E413E:LeaderElection34: Election REJECTED; received 0 response(s) [] and 2 exception(s); 3eeab9a4-47d5-4980-9c6e-5102901e869a@group-6247FF3E413E:t4, leader=null, voted=3eeab9a4-47d5-4980-9c6e-5102901e869a, raftlog=3eeab9a4-47d5-4980-9c6e-5102901e869a@group-6247FF3E413E-SegmentedRaftLog:OPENED:c0,f0,i0, conf=0: [4f75c367-51e4-41c9-9287-4e8dd97f5c38:192.168.5.175:40325, 3eeab9a4-47d5-4980-9c6e-5102901e869a:192.168.5.175:43254, f0cb1a3f-6ac7-4eb8-9514-6a797ff8471f:192.168.5.175:39769], old=null
2019-10-09 13:04:21,668 [3eeab9a4-47d5-4980-9c6e-5102901e869a@group-6247FF3E413E:LeaderElection34] INFO  impl.LeaderElection (LogUtils.java:infoOrTrace(149)) -   Exception 0: {}
java.util.concurrent.ExecutionException: org.apache.ratis.thirdparty.io.grpc.StatusRuntimeException: UNAVAILABLE: io exception
	at java.util.concurrent.FutureTask.report(FutureTask.java:122)
	at java.util.concurrent.FutureTask.get(FutureTask.java:192)
	at org.apache.ratis.server.impl.LeaderElection.waitForResults(LeaderElection.java:263)
	at org.apache.ratis.server.impl.LeaderElection.askForVotes(LeaderElection.java:201)
	at org.apache.ratis.server.impl.LeaderElection.run(LeaderElection.java:133)
	at java.lang.Thread.run(Thread.java:748)
Caused by: org.apache.ratis.thirdparty.io.grpc.StatusRuntimeException: UNAVAILABLE: io exception
	at org.apache.ratis.thirdparty.io.grpc.stub.ClientCalls.toStatusRuntimeException(ClientCalls.java:233)
	at org.apache.ratis.thirdparty.io.grpc.stub.ClientCalls.getUnchecked(ClientCalls.java:214)
	at org.apache.ratis.thirdparty.io.grpc.stub.ClientCalls.blockingUnaryCall(ClientCalls.java:139)
	at org.apache.ratis.proto.grpc.RaftServerProtocolServiceGrpc$RaftServerProtocolServiceBlockingStub.requestVote(RaftServerProtocolServiceGrpc.java:265)
	at org.apache.ratis.grpc.server.GrpcServerProtocolClient.requestVote(GrpcServerProtocolClient.java:90)
	at org.apache.ratis.grpc.server.GrpcService.requestVote(GrpcService.java:204)
	at org.apache.ratis.server.impl.LeaderElection.lambda$submitRequests$1(LeaderElection.java:238)
	at java.util.concurrent.FutureTask.run(FutureTask.java:266)
	at java.util.concurrent.Executors$RunnableAdapter.call(Executors.java:511)
	at java.util.concurrent.FutureTask.run(FutureTask.java:266)
	at java.util.concurrent.ThreadPoolExecutor.runWorker(ThreadPoolExecutor.java:1149)
	at java.util.concurrent.ThreadPoolExecutor$Worker.run(ThreadPoolExecutor.java:624)
	... 1 more
Caused by: org.apache.ratis.thirdparty.io.netty.channel.AbstractChannel$AnnotatedConnectException: Connection refused: /192.168.5.175:40325
	at sun.nio.ch.SocketChannelImpl.checkConnect(Native Method)
	at sun.nio.ch.SocketChannelImpl.finishConnect(SocketChannelImpl.java:717)
	at org.apache.ratis.thirdparty.io.netty.channel.socket.nio.NioSocketChannel.doFinishConnect(NioSocketChannel.java:327)
	at org.apache.ratis.thirdparty.io.netty.channel.nio.AbstractNioChannel$AbstractNioUnsafe.finishConnect(AbstractNioChannel.java:340)
	at org.apache.ratis.thirdparty.io.netty.channel.nio.NioEventLoop.processSelectedKey(NioEventLoop.java:632)
	at org.apache.ratis.thirdparty.io.netty.channel.nio.NioEventLoop.processSelectedKeysOptimized(NioEventLoop.java:579)
	at org.apache.ratis.thirdparty.io.netty.channel.nio.NioEventLoop.processSelectedKeys(NioEventLoop.java:496)
	at org.apache.ratis.thirdparty.io.netty.channel.nio.NioEventLoop.run(NioEventLoop.java:458)
	at org.apache.ratis.thirdparty.io.netty.util.concurrent.SingleThreadEventExecutor$5.run(SingleThreadEventExecutor.java:897)
	at org.apache.ratis.thirdparty.io.netty.util.concurrent.FastThreadLocalRunnable.run(FastThreadLocalRunnable.java:30)
	... 1 more
Caused by: java.net.ConnectException: Connection refused
	... 11 more
2019-10-09 13:04:21,669 [3eeab9a4-47d5-4980-9c6e-5102901e869a@group-6247FF3E413E:LeaderElection34] INFO  impl.LeaderElection (LogUtils.java:infoOrTrace(149)) -   Exception 1: {}
java.util.concurrent.ExecutionException: org.apache.ratis.thirdparty.io.grpc.StatusRuntimeException: UNAVAILABLE: io exception
	at java.util.concurrent.FutureTask.report(FutureTask.java:122)
	at java.util.concurrent.FutureTask.get(FutureTask.java:192)
	at org.apache.ratis.server.impl.LeaderElection.waitForResults(LeaderElection.java:263)
	at org.apache.ratis.server.impl.LeaderElection.askForVotes(LeaderElection.java:201)
	at org.apache.ratis.server.impl.LeaderElection.run(LeaderElection.java:133)
	at java.lang.Thread.run(Thread.java:748)
Caused by: org.apache.ratis.thirdparty.io.grpc.StatusRuntimeException: UNAVAILABLE: io exception
	at org.apache.ratis.thirdparty.io.grpc.stub.ClientCalls.toStatusRuntimeException(ClientCalls.java:233)
	at org.apache.ratis.thirdparty.io.grpc.stub.ClientCalls.getUnchecked(ClientCalls.java:214)
	at org.apache.ratis.thirdparty.io.grpc.stub.ClientCalls.blockingUnaryCall(ClientCalls.java:139)
	at org.apache.ratis.proto.grpc.RaftServerProtocolServiceGrpc$RaftServerProtocolServiceBlockingStub.requestVote(RaftServerProtocolServiceGrpc.java:265)
	at org.apache.ratis.grpc.server.GrpcServerProtocolClient.requestVote(GrpcServerProtocolClient.java:90)
	at org.apache.ratis.grpc.server.GrpcService.requestVote(GrpcService.java:204)
	at org.apache.ratis.server.impl.LeaderElection.lambda$submitRequests$1(LeaderElection.java:238)
	at java.util.concurrent.FutureTask.run(FutureTask.java:266)
	at java.util.concurrent.Executors$RunnableAdapter.call(Executors.java:511)
	at java.util.concurrent.FutureTask.run(FutureTask.java:266)
	at java.util.concurrent.ThreadPoolExecutor.runWorker(ThreadPoolExecutor.java:1149)
	at java.util.concurrent.ThreadPoolExecutor$Worker.run(ThreadPoolExecutor.java:624)
	... 1 more
Caused by: org.apache.ratis.thirdparty.io.netty.channel.AbstractChannel$AnnotatedConnectException: Connection refused: /192.168.5.175:39769
	at sun.nio.ch.SocketChannelImpl.checkConnect(Native Method)
	at sun.nio.ch.SocketChannelImpl.finishConnect(SocketChannelImpl.java:717)
	at org.apache.ratis.thirdparty.io.netty.channel.socket.nio.NioSocketChannel.doFinishConnect(NioSocketChannel.java:327)
	at org.apache.ratis.thirdparty.io.netty.channel.nio.AbstractNioChannel$AbstractNioUnsafe.finishConnect(AbstractNioChannel.java:340)
	at org.apache.ratis.thirdparty.io.netty.channel.nio.NioEventLoop.processSelectedKey(NioEventLoop.java:632)
	at org.apache.ratis.thirdparty.io.netty.channel.nio.NioEventLoop.processSelectedKeysOptimized(NioEventLoop.java:579)
	at org.apache.ratis.thirdparty.io.netty.channel.nio.NioEventLoop.processSelectedKeys(NioEventLoop.java:496)
	at org.apache.ratis.thirdparty.io.netty.channel.nio.NioEventLoop.run(NioEventLoop.java:458)
	at org.apache.ratis.thirdparty.io.netty.util.concurrent.SingleThreadEventExecutor$5.run(SingleThreadEventExecutor.java:897)
	at org.apache.ratis.thirdparty.io.netty.util.concurrent.FastThreadLocalRunnable.run(FastThreadLocalRunnable.java:30)
	... 1 more
Caused by: java.net.ConnectException: Connection refused
	... 11 more
2019-10-09 13:04:21,670 [3eeab9a4-47d5-4980-9c6e-5102901e869a@group-6247FF3E413E:LeaderElection34] INFO  impl.RaftServerImpl (RaftServerImpl.java:setRole(174)) - 3eeab9a4-47d5-4980-9c6e-5102901e869a@group-6247FF3E413E: changes role from CANDIDATE to FOLLOWER at term 4 for DISCOVERED_A_NEW_TERM
2019-10-09 13:04:21,670 [3eeab9a4-47d5-4980-9c6e-5102901e869a@group-6247FF3E413E:LeaderElection34] INFO  impl.RoleInfo (RoleInfo.java:shutdownLeaderElection(134)) - 3eeab9a4-47d5-4980-9c6e-5102901e869a: shutdown LeaderElection
2019-10-09 13:04:21,670 [3eeab9a4-47d5-4980-9c6e-5102901e869a@group-6247FF3E413E:LeaderElection34] INFO  impl.RoleInfo (RoleInfo.java:updateAndGet(143)) - 3eeab9a4-47d5-4980-9c6e-5102901e869a: start FollowerState
2019-10-09 13:04:21,683 [grpc-default-executor-4] WARN  server.GrpcLogAppender (LogUtils.java:warn(134)) - 3eeab9a4-47d5-4980-9c6e-5102901e869a@group-153C1C6005E2->f0cb1a3f-6ac7-4eb8-9514-6a797ff8471f-AppendLogResponseHandler: Failed appendEntries: org.apache.ratis.thirdparty.io.grpc.StatusRuntimeException: UNAVAILABLE: io exception
2019-10-09 13:04:21,685 [grpc-default-executor-4] INFO  impl.FollowerInfo (FollowerInfo.java:lambda$new$0(51)) - 3eeab9a4-47d5-4980-9c6e-5102901e869a@group-153C1C6005E2->f0cb1a3f-6ac7-4eb8-9514-6a797ff8471f: nextIndex: updateUnconditionally 0 -> 0
2019-10-09 13:04:21,690 [grpc-default-executor-4] WARN  server.GrpcLogAppender (LogUtils.java:warn(134)) - 3eeab9a4-47d5-4980-9c6e-5102901e869a@group-153C1C6005E2->4f75c367-51e4-41c9-9287-4e8dd97f5c38-AppendLogResponseHandler: Failed appendEntries: org.apache.ratis.thirdparty.io.grpc.StatusRuntimeException: UNAVAILABLE: io exception
2019-10-09 13:04:21,690 [grpc-default-executor-4] INFO  impl.FollowerInfo (FollowerInfo.java:lambda$new$0(51)) - 3eeab9a4-47d5-4980-9c6e-5102901e869a@group-153C1C6005E2->4f75c367-51e4-41c9-9287-4e8dd97f5c38: nextIndex: updateUnconditionally 0 -> 0
2019-10-09 13:04:21,887 [Thread-637] INFO  impl.FollowerState (FollowerState.java:run(106)) - 3eeab9a4-47d5-4980-9c6e-5102901e869a:group-A483B260BC72 changes to CANDIDATE, lastRpcTime:5165, electionTimeout:5165ms
2019-10-09 13:04:21,887 [Thread-637] INFO  impl.RoleInfo (RoleInfo.java:shutdownFollowerState(121)) - 3eeab9a4-47d5-4980-9c6e-5102901e869a: shutdown FollowerState
2019-10-09 13:04:21,887 [Thread-637] INFO  impl.RaftServerImpl (RaftServerImpl.java:setRole(174)) - 3eeab9a4-47d5-4980-9c6e-5102901e869a@group-A483B260BC72: changes role from  FOLLOWER to CANDIDATE at term 3 for changeToCandidate
2019-10-09 13:04:21,887 [Thread-637] INFO  impl.RoleInfo (RoleInfo.java:updateAndGet(143)) - 3eeab9a4-47d5-4980-9c6e-5102901e869a: start LeaderElection
2019-10-09 13:04:21,903 [3eeab9a4-47d5-4980-9c6e-5102901e869a@group-A483B260BC72:LeaderElection35] INFO  impl.LeaderElection (LeaderElection.java:askForVotes(182)) - 3eeab9a4-47d5-4980-9c6e-5102901e869a@group-A483B260BC72:LeaderElection35: begin an election at term 4 for 0: [4f75c367-51e4-41c9-9287-4e8dd97f5c38:192.168.5.175:40325, 3eeab9a4-47d5-4980-9c6e-5102901e869a:192.168.5.175:43254, f0cb1a3f-6ac7-4eb8-9514-6a797ff8471f:192.168.5.175:39769], old=null
2019-10-09 13:04:21,906 [3eeab9a4-47d5-4980-9c6e-5102901e869a@group-A483B260BC72:LeaderElection35] INFO  impl.LeaderElection (LogUtils.java:infoOrTrace(149)) - 3eeab9a4-47d5-4980-9c6e-5102901e869a@group-A483B260BC72:LeaderElection35 got exception when requesting votes: {}
java.util.concurrent.ExecutionException: org.apache.ratis.thirdparty.io.grpc.StatusRuntimeException: UNAVAILABLE: io exception
	at java.util.concurrent.FutureTask.report(FutureTask.java:122)
	at java.util.concurrent.FutureTask.get(FutureTask.java:192)
	at org.apache.ratis.server.impl.LeaderElection.waitForResults(LeaderElection.java:263)
	at org.apache.ratis.server.impl.LeaderElection.askForVotes(LeaderElection.java:201)
	at org.apache.ratis.server.impl.LeaderElection.run(LeaderElection.java:133)
	at java.lang.Thread.run(Thread.java:748)
Caused by: org.apache.ratis.thirdparty.io.grpc.StatusRuntimeException: UNAVAILABLE: io exception
	at org.apache.ratis.thirdparty.io.grpc.stub.ClientCalls.toStatusRuntimeException(ClientCalls.java:233)
	at org.apache.ratis.thirdparty.io.grpc.stub.ClientCalls.getUnchecked(ClientCalls.java:214)
	at org.apache.ratis.thirdparty.io.grpc.stub.ClientCalls.blockingUnaryCall(ClientCalls.java:139)
	at org.apache.ratis.proto.grpc.RaftServerProtocolServiceGrpc$RaftServerProtocolServiceBlockingStub.requestVote(RaftServerProtocolServiceGrpc.java:265)
	at org.apache.ratis.grpc.server.GrpcServerProtocolClient.requestVote(GrpcServerProtocolClient.java:90)
	at org.apache.ratis.grpc.server.GrpcService.requestVote(GrpcService.java:204)
	at org.apache.ratis.server.impl.LeaderElection.lambda$submitRequests$1(LeaderElection.java:238)
	at java.util.concurrent.FutureTask.run(FutureTask.java:266)
	at java.util.concurrent.Executors$RunnableAdapter.call(Executors.java:511)
	at java.util.concurrent.FutureTask.run(FutureTask.java:266)
	at java.util.concurrent.ThreadPoolExecutor.runWorker(ThreadPoolExecutor.java:1149)
	at java.util.concurrent.ThreadPoolExecutor$Worker.run(ThreadPoolExecutor.java:624)
	... 1 more
Caused by: org.apache.ratis.thirdparty.io.netty.channel.AbstractChannel$AnnotatedConnectException: Connection refused: /192.168.5.175:39769
	at sun.nio.ch.SocketChannelImpl.checkConnect(Native Method)
	at sun.nio.ch.SocketChannelImpl.finishConnect(SocketChannelImpl.java:717)
	at org.apache.ratis.thirdparty.io.netty.channel.socket.nio.NioSocketChannel.doFinishConnect(NioSocketChannel.java:327)
	at org.apache.ratis.thirdparty.io.netty.channel.nio.AbstractNioChannel$AbstractNioUnsafe.finishConnect(AbstractNioChannel.java:340)
	at org.apache.ratis.thirdparty.io.netty.channel.nio.NioEventLoop.processSelectedKey(NioEventLoop.java:632)
	at org.apache.ratis.thirdparty.io.netty.channel.nio.NioEventLoop.processSelectedKeysOptimized(NioEventLoop.java:579)
	at org.apache.ratis.thirdparty.io.netty.channel.nio.NioEventLoop.processSelectedKeys(NioEventLoop.java:496)
	at org.apache.ratis.thirdparty.io.netty.channel.nio.NioEventLoop.run(NioEventLoop.java:458)
	at org.apache.ratis.thirdparty.io.netty.util.concurrent.SingleThreadEventExecutor$5.run(SingleThreadEventExecutor.java:897)
	at org.apache.ratis.thirdparty.io.netty.util.concurrent.FastThreadLocalRunnable.run(FastThreadLocalRunnable.java:30)
	... 1 more
Caused by: java.net.ConnectException: Connection refused
	... 11 more
2019-10-09 13:04:21,909 [3eeab9a4-47d5-4980-9c6e-5102901e869a@group-A483B260BC72:LeaderElection35] INFO  impl.LeaderElection (LogUtils.java:infoOrTrace(149)) - 3eeab9a4-47d5-4980-9c6e-5102901e869a@group-A483B260BC72:LeaderElection35 got exception when requesting votes: {}
java.util.concurrent.ExecutionException: org.apache.ratis.thirdparty.io.grpc.StatusRuntimeException: UNAVAILABLE: io exception
	at java.util.concurrent.FutureTask.report(FutureTask.java:122)
	at java.util.concurrent.FutureTask.get(FutureTask.java:192)
	at org.apache.ratis.server.impl.LeaderElection.waitForResults(LeaderElection.java:263)
	at org.apache.ratis.server.impl.LeaderElection.askForVotes(LeaderElection.java:201)
	at org.apache.ratis.server.impl.LeaderElection.run(LeaderElection.java:133)
	at java.lang.Thread.run(Thread.java:748)
Caused by: org.apache.ratis.thirdparty.io.grpc.StatusRuntimeException: UNAVAILABLE: io exception
	at org.apache.ratis.thirdparty.io.grpc.stub.ClientCalls.toStatusRuntimeException(ClientCalls.java:233)
	at org.apache.ratis.thirdparty.io.grpc.stub.ClientCalls.getUnchecked(ClientCalls.java:214)
	at org.apache.ratis.thirdparty.io.grpc.stub.ClientCalls.blockingUnaryCall(ClientCalls.java:139)
	at org.apache.ratis.proto.grpc.RaftServerProtocolServiceGrpc$RaftServerProtocolServiceBlockingStub.requestVote(RaftServerProtocolServiceGrpc.java:265)
	at org.apache.ratis.grpc.server.GrpcServerProtocolClient.requestVote(GrpcServerProtocolClient.java:90)
	at org.apache.ratis.grpc.server.GrpcService.requestVote(GrpcService.java:204)
	at org.apache.ratis.server.impl.LeaderElection.lambda$submitRequests$1(LeaderElection.java:238)
	at java.util.concurrent.FutureTask.run(FutureTask.java:266)
	at java.util.concurrent.Executors$RunnableAdapter.call(Executors.java:511)
	at java.util.concurrent.FutureTask.run(FutureTask.java:266)
	at java.util.concurrent.ThreadPoolExecutor.runWorker(ThreadPoolExecutor.java:1149)
	at java.util.concurrent.ThreadPoolExecutor$Worker.run(ThreadPoolExecutor.java:624)
	... 1 more
Caused by: org.apache.ratis.thirdparty.io.netty.channel.AbstractChannel$AnnotatedConnectException: Connection refused: /192.168.5.175:40325
	at sun.nio.ch.SocketChannelImpl.checkConnect(Native Method)
	at sun.nio.ch.SocketChannelImpl.finishConnect(SocketChannelImpl.java:717)
	at org.apache.ratis.thirdparty.io.netty.channel.socket.nio.NioSocketChannel.doFinishConnect(NioSocketChannel.java:327)
	at org.apache.ratis.thirdparty.io.netty.channel.nio.AbstractNioChannel$AbstractNioUnsafe.finishConnect(AbstractNioChannel.java:340)
	at org.apache.ratis.thirdparty.io.netty.channel.nio.NioEventLoop.processSelectedKey(NioEventLoop.java:632)
	at org.apache.ratis.thirdparty.io.netty.channel.nio.NioEventLoop.processSelectedKeysOptimized(NioEventLoop.java:579)
	at org.apache.ratis.thirdparty.io.netty.channel.nio.NioEventLoop.processSelectedKeys(NioEventLoop.java:496)
	at org.apache.ratis.thirdparty.io.netty.channel.nio.NioEventLoop.run(NioEventLoop.java:458)
	at org.apache.ratis.thirdparty.io.netty.util.concurrent.SingleThreadEventExecutor$5.run(SingleThreadEventExecutor.java:897)
	at org.apache.ratis.thirdparty.io.netty.util.concurrent.FastThreadLocalRunnable.run(FastThreadLocalRunnable.java:30)
	... 1 more
Caused by: java.net.ConnectException: Connection refused
	... 11 more
2019-10-09 13:04:21,912 [3eeab9a4-47d5-4980-9c6e-5102901e869a@group-A483B260BC72:LeaderElection35] INFO  impl.LeaderElection (LeaderElection.java:logAndReturn(56)) - 3eeab9a4-47d5-4980-9c6e-5102901e869a@group-A483B260BC72:LeaderElection35: Election REJECTED; received 0 response(s) [] and 2 exception(s); 3eeab9a4-47d5-4980-9c6e-5102901e869a@group-A483B260BC72:t4, leader=null, voted=3eeab9a4-47d5-4980-9c6e-5102901e869a, raftlog=3eeab9a4-47d5-4980-9c6e-5102901e869a@group-A483B260BC72-SegmentedRaftLog:OPENED:c0,f0,i0, conf=0: [4f75c367-51e4-41c9-9287-4e8dd97f5c38:192.168.5.175:40325, 3eeab9a4-47d5-4980-9c6e-5102901e869a:192.168.5.175:43254, f0cb1a3f-6ac7-4eb8-9514-6a797ff8471f:192.168.5.175:39769], old=null
2019-10-09 13:04:21,912 [3eeab9a4-47d5-4980-9c6e-5102901e869a@group-A483B260BC72:LeaderElection35] INFO  impl.LeaderElection (LogUtils.java:infoOrTrace(149)) -   Exception 0: {}
java.util.concurrent.ExecutionException: org.apache.ratis.thirdparty.io.grpc.StatusRuntimeException: UNAVAILABLE: io exception
	at java.util.concurrent.FutureTask.report(FutureTask.java:122)
	at java.util.concurrent.FutureTask.get(FutureTask.java:192)
	at org.apache.ratis.server.impl.LeaderElection.waitForResults(LeaderElection.java:263)
	at org.apache.ratis.server.impl.LeaderElection.askForVotes(LeaderElection.java:201)
	at org.apache.ratis.server.impl.LeaderElection.run(LeaderElection.java:133)
	at java.lang.Thread.run(Thread.java:748)
Caused by: org.apache.ratis.thirdparty.io.grpc.StatusRuntimeException: UNAVAILABLE: io exception
	at org.apache.ratis.thirdparty.io.grpc.stub.ClientCalls.toStatusRuntimeException(ClientCalls.java:233)
	at org.apache.ratis.thirdparty.io.grpc.stub.ClientCalls.getUnchecked(ClientCalls.java:214)
	at org.apache.ratis.thirdparty.io.grpc.stub.ClientCalls.blockingUnaryCall(ClientCalls.java:139)
	at org.apache.ratis.proto.grpc.RaftServerProtocolServiceGrpc$RaftServerProtocolServiceBlockingStub.requestVote(RaftServerProtocolServiceGrpc.java:265)
	at org.apache.ratis.grpc.server.GrpcServerProtocolClient.requestVote(GrpcServerProtocolClient.java:90)
	at org.apache.ratis.grpc.server.GrpcService.requestVote(GrpcService.java:204)
	at org.apache.ratis.server.impl.LeaderElection.lambda$submitRequests$1(LeaderElection.java:238)
	at java.util.concurrent.FutureTask.run(FutureTask.java:266)
	at java.util.concurrent.Executors$RunnableAdapter.call(Executors.java:511)
	at java.util.concurrent.FutureTask.run(FutureTask.java:266)
	at java.util.concurrent.ThreadPoolExecutor.runWorker(ThreadPoolExecutor.java:1149)
	at java.util.concurrent.ThreadPoolExecutor$Worker.run(ThreadPoolExecutor.java:624)
	... 1 more
Caused by: org.apache.ratis.thirdparty.io.netty.channel.AbstractChannel$AnnotatedConnectException: Connection refused: /192.168.5.175:39769
	at sun.nio.ch.SocketChannelImpl.checkConnect(Native Method)
	at sun.nio.ch.SocketChannelImpl.finishConnect(SocketChannelImpl.java:717)
	at org.apache.ratis.thirdparty.io.netty.channel.socket.nio.NioSocketChannel.doFinishConnect(NioSocketChannel.java:327)
	at org.apache.ratis.thirdparty.io.netty.channel.nio.AbstractNioChannel$AbstractNioUnsafe.finishConnect(AbstractNioChannel.java:340)
	at org.apache.ratis.thirdparty.io.netty.channel.nio.NioEventLoop.processSelectedKey(NioEventLoop.java:632)
	at org.apache.ratis.thirdparty.io.netty.channel.nio.NioEventLoop.processSelectedKeysOptimized(NioEventLoop.java:579)
	at org.apache.ratis.thirdparty.io.netty.channel.nio.NioEventLoop.processSelectedKeys(NioEventLoop.java:496)
	at org.apache.ratis.thirdparty.io.netty.channel.nio.NioEventLoop.run(NioEventLoop.java:458)
	at org.apache.ratis.thirdparty.io.netty.util.concurrent.SingleThreadEventExecutor$5.run(SingleThreadEventExecutor.java:897)
	at org.apache.ratis.thirdparty.io.netty.util.concurrent.FastThreadLocalRunnable.run(FastThreadLocalRunnable.java:30)
	... 1 more
Caused by: java.net.ConnectException: Connection refused
	... 11 more
2019-10-09 13:04:21,913 [3eeab9a4-47d5-4980-9c6e-5102901e869a@group-A483B260BC72:LeaderElection35] INFO  impl.LeaderElection (LogUtils.java:infoOrTrace(149)) -   Exception 1: {}
java.util.concurrent.ExecutionException: org.apache.ratis.thirdparty.io.grpc.StatusRuntimeException: UNAVAILABLE: io exception
	at java.util.concurrent.FutureTask.report(FutureTask.java:122)
	at java.util.concurrent.FutureTask.get(FutureTask.java:192)
	at org.apache.ratis.server.impl.LeaderElection.waitForResults(LeaderElection.java:263)
	at org.apache.ratis.server.impl.LeaderElection.askForVotes(LeaderElection.java:201)
	at org.apache.ratis.server.impl.LeaderElection.run(LeaderElection.java:133)
	at java.lang.Thread.run(Thread.java:748)
Caused by: org.apache.ratis.thirdparty.io.grpc.StatusRuntimeException: UNAVAILABLE: io exception
	at org.apache.ratis.thirdparty.io.grpc.stub.ClientCalls.toStatusRuntimeException(ClientCalls.java:233)
	at org.apache.ratis.thirdparty.io.grpc.stub.ClientCalls.getUnchecked(ClientCalls.java:214)
	at org.apache.ratis.thirdparty.io.grpc.stub.ClientCalls.blockingUnaryCall(ClientCalls.java:139)
	at org.apache.ratis.proto.grpc.RaftServerProtocolServiceGrpc$RaftServerProtocolServiceBlockingStub.requestVote(RaftServerProtocolServiceGrpc.java:265)
	at org.apache.ratis.grpc.server.GrpcServerProtocolClient.requestVote(GrpcServerProtocolClient.java:90)
	at org.apache.ratis.grpc.server.GrpcService.requestVote(GrpcService.java:204)
	at org.apache.ratis.server.impl.LeaderElection.lambda$submitRequests$1(LeaderElection.java:238)
	at java.util.concurrent.FutureTask.run(FutureTask.java:266)
	at java.util.concurrent.Executors$RunnableAdapter.call(Executors.java:511)
	at java.util.concurrent.FutureTask.run(FutureTask.java:266)
	at java.util.concurrent.ThreadPoolExecutor.runWorker(ThreadPoolExecutor.java:1149)
	at java.util.concurrent.ThreadPoolExecutor$Worker.run(ThreadPoolExecutor.java:624)
	... 1 more
Caused by: org.apache.ratis.thirdparty.io.netty.channel.AbstractChannel$AnnotatedConnectException: Connection refused: /192.168.5.175:40325
	at sun.nio.ch.SocketChannelImpl.checkConnect(Native Method)
	at sun.nio.ch.SocketChannelImpl.finishConnect(SocketChannelImpl.java:717)
	at org.apache.ratis.thirdparty.io.netty.channel.socket.nio.NioSocketChannel.doFinishConnect(NioSocketChannel.java:327)
	at org.apache.ratis.thirdparty.io.netty.channel.nio.AbstractNioChannel$AbstractNioUnsafe.finishConnect(AbstractNioChannel.java:340)
	at org.apache.ratis.thirdparty.io.netty.channel.nio.NioEventLoop.processSelectedKey(NioEventLoop.java:632)
	at org.apache.ratis.thirdparty.io.netty.channel.nio.NioEventLoop.processSelectedKeysOptimized(NioEventLoop.java:579)
	at org.apache.ratis.thirdparty.io.netty.channel.nio.NioEventLoop.processSelectedKeys(NioEventLoop.java:496)
	at org.apache.ratis.thirdparty.io.netty.channel.nio.NioEventLoop.run(NioEventLoop.java:458)
	at org.apache.ratis.thirdparty.io.netty.util.concurrent.SingleThreadEventExecutor$5.run(SingleThreadEventExecutor.java:897)
	at org.apache.ratis.thirdparty.io.netty.util.concurrent.FastThreadLocalRunnable.run(FastThreadLocalRunnable.java:30)
	... 1 more
Caused by: java.net.ConnectException: Connection refused
	... 11 more
2019-10-09 13:04:21,914 [3eeab9a4-47d5-4980-9c6e-5102901e869a@group-A483B260BC72:LeaderElection35] INFO  impl.RaftServerImpl (RaftServerImpl.java:setRole(174)) - 3eeab9a4-47d5-4980-9c6e-5102901e869a@group-A483B260BC72: changes role from CANDIDATE to FOLLOWER at term 4 for DISCOVERED_A_NEW_TERM
2019-10-09 13:04:21,914 [3eeab9a4-47d5-4980-9c6e-5102901e869a@group-A483B260BC72:LeaderElection35] INFO  impl.RoleInfo (RoleInfo.java:shutdownLeaderElection(134)) - 3eeab9a4-47d5-4980-9c6e-5102901e869a: shutdown LeaderElection
2019-10-09 13:04:21,914 [3eeab9a4-47d5-4980-9c6e-5102901e869a@group-A483B260BC72:LeaderElection35] INFO  impl.RoleInfo (RoleInfo.java:updateAndGet(143)) - 3eeab9a4-47d5-4980-9c6e-5102901e869a: start FollowerState
2019-10-09 13:04:21,974 [Thread-641] INFO  impl.FollowerState (FollowerState.java:run(106)) - 3eeab9a4-47d5-4980-9c6e-5102901e869a:group-C24D4FE0C6F2 changes to CANDIDATE, lastRpcTime:5184, electionTimeout:5184ms
2019-10-09 13:04:21,976 [Thread-641] INFO  impl.RoleInfo (RoleInfo.java:shutdownFollowerState(121)) - 3eeab9a4-47d5-4980-9c6e-5102901e869a: shutdown FollowerState
2019-10-09 13:04:21,976 [Thread-641] INFO  impl.RaftServerImpl (RaftServerImpl.java:setRole(174)) - 3eeab9a4-47d5-4980-9c6e-5102901e869a@group-C24D4FE0C6F2: changes role from  FOLLOWER to CANDIDATE at term 4 for changeToCandidate
2019-10-09 13:04:21,977 [Thread-641] INFO  impl.RoleInfo (RoleInfo.java:updateAndGet(143)) - 3eeab9a4-47d5-4980-9c6e-5102901e869a: start LeaderElection
2019-10-09 13:04:22,001 [3eeab9a4-47d5-4980-9c6e-5102901e869a@group-C24D4FE0C6F2:LeaderElection36] INFO  impl.LeaderElection (LeaderElection.java:askForVotes(182)) - 3eeab9a4-47d5-4980-9c6e-5102901e869a@group-C24D4FE0C6F2:LeaderElection36: begin an election at term 5 for 0: [4f75c367-51e4-41c9-9287-4e8dd97f5c38:192.168.5.175:40325, 3eeab9a4-47d5-4980-9c6e-5102901e869a:192.168.5.175:43254, f0cb1a3f-6ac7-4eb8-9514-6a797ff8471f:192.168.5.175:39769], old=null
2019-10-09 13:04:22,002 [3eeab9a4-47d5-4980-9c6e-5102901e869a@group-C24D4FE0C6F2:LeaderElection36] INFO  impl.LeaderElection (LogUtils.java:infoOrTrace(149)) - 3eeab9a4-47d5-4980-9c6e-5102901e869a@group-C24D4FE0C6F2:LeaderElection36 got exception when requesting votes: {}
java.util.concurrent.ExecutionException: org.apache.ratis.thirdparty.io.grpc.StatusRuntimeException: UNAVAILABLE: io exception
	at java.util.concurrent.FutureTask.report(FutureTask.java:122)
	at java.util.concurrent.FutureTask.get(FutureTask.java:192)
	at org.apache.ratis.server.impl.LeaderElection.waitForResults(LeaderElection.java:263)
	at org.apache.ratis.server.impl.LeaderElection.askForVotes(LeaderElection.java:201)
	at org.apache.ratis.server.impl.LeaderElection.run(LeaderElection.java:133)
	at java.lang.Thread.run(Thread.java:748)
Caused by: org.apache.ratis.thirdparty.io.grpc.StatusRuntimeException: UNAVAILABLE: io exception
	at org.apache.ratis.thirdparty.io.grpc.stub.ClientCalls.toStatusRuntimeException(ClientCalls.java:233)
	at org.apache.ratis.thirdparty.io.grpc.stub.ClientCalls.getUnchecked(ClientCalls.java:214)
	at org.apache.ratis.thirdparty.io.grpc.stub.ClientCalls.blockingUnaryCall(ClientCalls.java:139)
	at org.apache.ratis.proto.grpc.RaftServerProtocolServiceGrpc$RaftServerProtocolServiceBlockingStub.requestVote(RaftServerProtocolServiceGrpc.java:265)
	at org.apache.ratis.grpc.server.GrpcServerProtocolClient.requestVote(GrpcServerProtocolClient.java:90)
	at org.apache.ratis.grpc.server.GrpcService.requestVote(GrpcService.java:204)
	at org.apache.ratis.server.impl.LeaderElection.lambda$submitRequests$1(LeaderElection.java:238)
	at java.util.concurrent.FutureTask.run(FutureTask.java:266)
	at java.util.concurrent.Executors$RunnableAdapter.call(Executors.java:511)
	at java.util.concurrent.FutureTask.run(FutureTask.java:266)
	at java.util.concurrent.ThreadPoolExecutor.runWorker(ThreadPoolExecutor.java:1149)
	at java.util.concurrent.ThreadPoolExecutor$Worker.run(ThreadPoolExecutor.java:624)
	... 1 more
Caused by: org.apache.ratis.thirdparty.io.netty.channel.AbstractChannel$AnnotatedConnectException: Connection refused: /192.168.5.175:40325
	at sun.nio.ch.SocketChannelImpl.checkConnect(Native Method)
	at sun.nio.ch.SocketChannelImpl.finishConnect(SocketChannelImpl.java:717)
	at org.apache.ratis.thirdparty.io.netty.channel.socket.nio.NioSocketChannel.doFinishConnect(NioSocketChannel.java:327)
	at org.apache.ratis.thirdparty.io.netty.channel.nio.AbstractNioChannel$AbstractNioUnsafe.finishConnect(AbstractNioChannel.java:340)
	at org.apache.ratis.thirdparty.io.netty.channel.nio.NioEventLoop.processSelectedKey(NioEventLoop.java:632)
	at org.apache.ratis.thirdparty.io.netty.channel.nio.NioEventLoop.processSelectedKeysOptimized(NioEventLoop.java:579)
	at org.apache.ratis.thirdparty.io.netty.channel.nio.NioEventLoop.processSelectedKeys(NioEventLoop.java:496)
	at org.apache.ratis.thirdparty.io.netty.channel.nio.NioEventLoop.run(NioEventLoop.java:458)
	at org.apache.ratis.thirdparty.io.netty.util.concurrent.SingleThreadEventExecutor$5.run(SingleThreadEventExecutor.java:897)
	at org.apache.ratis.thirdparty.io.netty.util.concurrent.FastThreadLocalRunnable.run(FastThreadLocalRunnable.java:30)
	... 1 more
Caused by: java.net.ConnectException: Connection refused
	... 11 more
2019-10-09 13:04:22,004 [3eeab9a4-47d5-4980-9c6e-5102901e869a@group-C24D4FE0C6F2:LeaderElection36] INFO  impl.LeaderElection (LogUtils.java:infoOrTrace(149)) - 3eeab9a4-47d5-4980-9c6e-5102901e869a@group-C24D4FE0C6F2:LeaderElection36 got exception when requesting votes: {}
java.util.concurrent.ExecutionException: org.apache.ratis.thirdparty.io.grpc.StatusRuntimeException: UNAVAILABLE: io exception
	at java.util.concurrent.FutureTask.report(FutureTask.java:122)
	at java.util.concurrent.FutureTask.get(FutureTask.java:192)
	at org.apache.ratis.server.impl.LeaderElection.waitForResults(LeaderElection.java:263)
	at org.apache.ratis.server.impl.LeaderElection.askForVotes(LeaderElection.java:201)
	at org.apache.ratis.server.impl.LeaderElection.run(LeaderElection.java:133)
	at java.lang.Thread.run(Thread.java:748)
Caused by: org.apache.ratis.thirdparty.io.grpc.StatusRuntimeException: UNAVAILABLE: io exception
	at org.apache.ratis.thirdparty.io.grpc.stub.ClientCalls.toStatusRuntimeException(ClientCalls.java:233)
	at org.apache.ratis.thirdparty.io.grpc.stub.ClientCalls.getUnchecked(ClientCalls.java:214)
	at org.apache.ratis.thirdparty.io.grpc.stub.ClientCalls.blockingUnaryCall(ClientCalls.java:139)
	at org.apache.ratis.proto.grpc.RaftServerProtocolServiceGrpc$RaftServerProtocolServiceBlockingStub.requestVote(RaftServerProtocolServiceGrpc.java:265)
	at org.apache.ratis.grpc.server.GrpcServerProtocolClient.requestVote(GrpcServerProtocolClient.java:90)
	at org.apache.ratis.grpc.server.GrpcService.requestVote(GrpcService.java:204)
	at org.apache.ratis.server.impl.LeaderElection.lambda$submitRequests$1(LeaderElection.java:238)
	at java.util.concurrent.FutureTask.run(FutureTask.java:266)
	at java.util.concurrent.Executors$RunnableAdapter.call(Executors.java:511)
	at java.util.concurrent.FutureTask.run(FutureTask.java:266)
	at java.util.concurrent.ThreadPoolExecutor.runWorker(ThreadPoolExecutor.java:1149)
	at java.util.concurrent.ThreadPoolExecutor$Worker.run(ThreadPoolExecutor.java:624)
	... 1 more
Caused by: org.apache.ratis.thirdparty.io.netty.channel.AbstractChannel$AnnotatedConnectException: Connection refused: /192.168.5.175:39769
	at sun.nio.ch.SocketChannelImpl.checkConnect(Native Method)
	at sun.nio.ch.SocketChannelImpl.finishConnect(SocketChannelImpl.java:717)
	at org.apache.ratis.thirdparty.io.netty.channel.socket.nio.NioSocketChannel.doFinishConnect(NioSocketChannel.java:327)
	at org.apache.ratis.thirdparty.io.netty.channel.nio.AbstractNioChannel$AbstractNioUnsafe.finishConnect(AbstractNioChannel.java:340)
	at org.apache.ratis.thirdparty.io.netty.channel.nio.NioEventLoop.processSelectedKey(NioEventLoop.java:632)
	at org.apache.ratis.thirdparty.io.netty.channel.nio.NioEventLoop.processSelectedKeysOptimized(NioEventLoop.java:579)
	at org.apache.ratis.thirdparty.io.netty.channel.nio.NioEventLoop.processSelectedKeys(NioEventLoop.java:496)
	at org.apache.ratis.thirdparty.io.netty.channel.nio.NioEventLoop.run(NioEventLoop.java:458)
	at org.apache.ratis.thirdparty.io.netty.util.concurrent.SingleThreadEventExecutor$5.run(SingleThreadEventExecutor.java:897)
	at org.apache.ratis.thirdparty.io.netty.util.concurrent.FastThreadLocalRunnable.run(FastThreadLocalRunnable.java:30)
	... 1 more
Caused by: java.net.ConnectException: Connection refused
	... 11 more
2019-10-09 13:04:22,014 [3eeab9a4-47d5-4980-9c6e-5102901e869a@group-C24D4FE0C6F2:LeaderElection36] INFO  impl.LeaderElection (LeaderElection.java:logAndReturn(56)) - 3eeab9a4-47d5-4980-9c6e-5102901e869a@group-C24D4FE0C6F2:LeaderElection36: Election REJECTED; received 0 response(s) [] and 2 exception(s); 3eeab9a4-47d5-4980-9c6e-5102901e869a@group-C24D4FE0C6F2:t5, leader=null, voted=3eeab9a4-47d5-4980-9c6e-5102901e869a, raftlog=3eeab9a4-47d5-4980-9c6e-5102901e869a@group-C24D4FE0C6F2-SegmentedRaftLog:OPENED:c16,f16,i16, conf=0: [4f75c367-51e4-41c9-9287-4e8dd97f5c38:192.168.5.175:40325, 3eeab9a4-47d5-4980-9c6e-5102901e869a:192.168.5.175:43254, f0cb1a3f-6ac7-4eb8-9514-6a797ff8471f:192.168.5.175:39769], old=null
2019-10-09 13:04:22,014 [3eeab9a4-47d5-4980-9c6e-5102901e869a@group-C24D4FE0C6F2:LeaderElection36] INFO  impl.LeaderElection (LogUtils.java:infoOrTrace(149)) -   Exception 0: {}
java.util.concurrent.ExecutionException: org.apache.ratis.thirdparty.io.grpc.StatusRuntimeException: UNAVAILABLE: io exception
	at java.util.concurrent.FutureTask.report(FutureTask.java:122)
	at java.util.concurrent.FutureTask.get(FutureTask.java:192)
	at org.apache.ratis.server.impl.LeaderElection.waitForResults(LeaderElection.java:263)
	at org.apache.ratis.server.impl.LeaderElection.askForVotes(LeaderElection.java:201)
	at org.apache.ratis.server.impl.LeaderElection.run(LeaderElection.java:133)
	at java.lang.Thread.run(Thread.java:748)
Caused by: org.apache.ratis.thirdparty.io.grpc.StatusRuntimeException: UNAVAILABLE: io exception
	at org.apache.ratis.thirdparty.io.grpc.stub.ClientCalls.toStatusRuntimeException(ClientCalls.java:233)
	at org.apache.ratis.thirdparty.io.grpc.stub.ClientCalls.getUnchecked(ClientCalls.java:214)
	at org.apache.ratis.thirdparty.io.grpc.stub.ClientCalls.blockingUnaryCall(ClientCalls.java:139)
	at org.apache.ratis.proto.grpc.RaftServerProtocolServiceGrpc$RaftServerProtocolServiceBlockingStub.requestVote(RaftServerProtocolServiceGrpc.java:265)
	at org.apache.ratis.grpc.server.GrpcServerProtocolClient.requestVote(GrpcServerProtocolClient.java:90)
	at org.apache.ratis.grpc.server.GrpcService.requestVote(GrpcService.java:204)
	at org.apache.ratis.server.impl.LeaderElection.lambda$submitRequests$1(LeaderElection.java:238)
	at java.util.concurrent.FutureTask.run(FutureTask.java:266)
	at java.util.concurrent.Executors$RunnableAdapter.call(Executors.java:511)
	at java.util.concurrent.FutureTask.run(FutureTask.java:266)
	at java.util.concurrent.ThreadPoolExecutor.runWorker(ThreadPoolExecutor.java:1149)
	at java.util.concurrent.ThreadPoolExecutor$Worker.run(ThreadPoolExecutor.java:624)
	... 1 more
Caused by: org.apache.ratis.thirdparty.io.netty.channel.AbstractChannel$AnnotatedConnectException: Connection refused: /192.168.5.175:40325
	at sun.nio.ch.SocketChannelImpl.checkConnect(Native Method)
	at sun.nio.ch.SocketChannelImpl.finishConnect(SocketChannelImpl.java:717)
	at org.apache.ratis.thirdparty.io.netty.channel.socket.nio.NioSocketChannel.doFinishConnect(NioSocketChannel.java:327)
	at org.apache.ratis.thirdparty.io.netty.channel.nio.AbstractNioChannel$AbstractNioUnsafe.finishConnect(AbstractNioChannel.java:340)
	at org.apache.ratis.thirdparty.io.netty.channel.nio.NioEventLoop.processSelectedKey(NioEventLoop.java:632)
	at org.apache.ratis.thirdparty.io.netty.channel.nio.NioEventLoop.processSelectedKeysOptimized(NioEventLoop.java:579)
	at org.apache.ratis.thirdparty.io.netty.channel.nio.NioEventLoop.processSelectedKeys(NioEventLoop.java:496)
	at org.apache.ratis.thirdparty.io.netty.channel.nio.NioEventLoop.run(NioEventLoop.java:458)
	at org.apache.ratis.thirdparty.io.netty.util.concurrent.SingleThreadEventExecutor$5.run(SingleThreadEventExecutor.java:897)
	at org.apache.ratis.thirdparty.io.netty.util.concurrent.FastThreadLocalRunnable.run(FastThreadLocalRunnable.java:30)
	... 1 more
Caused by: java.net.ConnectException: Connection refused
	... 11 more
2019-10-09 13:04:22,015 [3eeab9a4-47d5-4980-9c6e-5102901e869a@group-C24D4FE0C6F2:LeaderElection36] INFO  impl.LeaderElection (LogUtils.java:infoOrTrace(149)) -   Exception 1: {}
java.util.concurrent.ExecutionException: org.apache.ratis.thirdparty.io.grpc.StatusRuntimeException: UNAVAILABLE: io exception
	at java.util.concurrent.FutureTask.report(FutureTask.java:122)
	at java.util.concurrent.FutureTask.get(FutureTask.java:192)
	at org.apache.ratis.server.impl.LeaderElection.waitForResults(LeaderElection.java:263)
	at org.apache.ratis.server.impl.LeaderElection.askForVotes(LeaderElection.java:201)
	at org.apache.ratis.server.impl.LeaderElection.run(LeaderElection.java:133)
	at java.lang.Thread.run(Thread.java:748)
Caused by: org.apache.ratis.thirdparty.io.grpc.StatusRuntimeException: UNAVAILABLE: io exception
	at org.apache.ratis.thirdparty.io.grpc.stub.ClientCalls.toStatusRuntimeException(ClientCalls.java:233)
	at org.apache.ratis.thirdparty.io.grpc.stub.ClientCalls.getUnchecked(ClientCalls.java:214)
	at org.apache.ratis.thirdparty.io.grpc.stub.ClientCalls.blockingUnaryCall(ClientCalls.java:139)
	at org.apache.ratis.proto.grpc.RaftServerProtocolServiceGrpc$RaftServerProtocolServiceBlockingStub.requestVote(RaftServerProtocolServiceGrpc.java:265)
	at org.apache.ratis.grpc.server.GrpcServerProtocolClient.requestVote(GrpcServerProtocolClient.java:90)
	at org.apache.ratis.grpc.server.GrpcService.requestVote(GrpcService.java:204)
	at org.apache.ratis.server.impl.LeaderElection.lambda$submitRequests$1(LeaderElection.java:238)
	at java.util.concurrent.FutureTask.run(FutureTask.java:266)
	at java.util.concurrent.Executors$RunnableAdapter.call(Executors.java:511)
	at java.util.concurrent.FutureTask.run(FutureTask.java:266)
	at java.util.concurrent.ThreadPoolExecutor.runWorker(ThreadPoolExecutor.java:1149)
	at java.util.concurrent.ThreadPoolExecutor$Worker.run(ThreadPoolExecutor.java:624)
	... 1 more
Caused by: org.apache.ratis.thirdparty.io.netty.channel.AbstractChannel$AnnotatedConnectException: Connection refused: /192.168.5.175:39769
	at sun.nio.ch.SocketChannelImpl.checkConnect(Native Method)
	at sun.nio.ch.SocketChannelImpl.finishConnect(SocketChannelImpl.java:717)
	at org.apache.ratis.thirdparty.io.netty.channel.socket.nio.NioSocketChannel.doFinishConnect(NioSocketChannel.java:327)
	at org.apache.ratis.thirdparty.io.netty.channel.nio.AbstractNioChannel$AbstractNioUnsafe.finishConnect(AbstractNioChannel.java:340)
	at org.apache.ratis.thirdparty.io.netty.channel.nio.NioEventLoop.processSelectedKey(NioEventLoop.java:632)
	at org.apache.ratis.thirdparty.io.netty.channel.nio.NioEventLoop.processSelectedKeysOptimized(NioEventLoop.java:579)
	at org.apache.ratis.thirdparty.io.netty.channel.nio.NioEventLoop.processSelectedKeys(NioEventLoop.java:496)
	at org.apache.ratis.thirdparty.io.netty.channel.nio.NioEventLoop.run(NioEventLoop.java:458)
	at org.apache.ratis.thirdparty.io.netty.util.concurrent.SingleThreadEventExecutor$5.run(SingleThreadEventExecutor.java:897)
	at org.apache.ratis.thirdparty.io.netty.util.concurrent.FastThreadLocalRunnable.run(FastThreadLocalRunnable.java:30)
	... 1 more
Caused by: java.net.ConnectException: Connection refused
	... 11 more
2019-10-09 13:04:22,015 [3eeab9a4-47d5-4980-9c6e-5102901e869a@group-C24D4FE0C6F2:LeaderElection36] INFO  impl.RaftServerImpl (RaftServerImpl.java:setRole(174)) - 3eeab9a4-47d5-4980-9c6e-5102901e869a@group-C24D4FE0C6F2: changes role from CANDIDATE to FOLLOWER at term 5 for DISCOVERED_A_NEW_TERM
2019-10-09 13:04:22,016 [3eeab9a4-47d5-4980-9c6e-5102901e869a@group-C24D4FE0C6F2:LeaderElection36] INFO  impl.RoleInfo (RoleInfo.java:shutdownLeaderElection(134)) - 3eeab9a4-47d5-4980-9c6e-5102901e869a: shutdown LeaderElection
2019-10-09 13:04:22,016 [3eeab9a4-47d5-4980-9c6e-5102901e869a@group-C24D4FE0C6F2:LeaderElection36] INFO  impl.RoleInfo (RoleInfo.java:updateAndGet(143)) - 3eeab9a4-47d5-4980-9c6e-5102901e869a: start FollowerState
2019-10-09 13:04:22,051 [Thread-645] INFO  impl.FollowerState (FollowerState.java:run(106)) - 3eeab9a4-47d5-4980-9c6e-5102901e869a:group-F4DE2F4D7E72 changes to CANDIDATE, lastRpcTime:5102, electionTimeout:5102ms
2019-10-09 13:04:22,053 [Thread-645] INFO  impl.RoleInfo (RoleInfo.java:shutdownFollowerState(121)) - 3eeab9a4-47d5-4980-9c6e-5102901e869a: shutdown FollowerState
2019-10-09 13:04:22,053 [Thread-645] INFO  impl.RaftServerImpl (RaftServerImpl.java:setRole(174)) - 3eeab9a4-47d5-4980-9c6e-5102901e869a@group-F4DE2F4D7E72: changes role from  FOLLOWER to CANDIDATE at term 3 for changeToCandidate
2019-10-09 13:04:22,053 [Thread-645] INFO  impl.RoleInfo (RoleInfo.java:updateAndGet(143)) - 3eeab9a4-47d5-4980-9c6e-5102901e869a: start LeaderElection
2019-10-09 13:04:22,069 [3eeab9a4-47d5-4980-9c6e-5102901e869a@group-F4DE2F4D7E72:LeaderElection37] INFO  impl.LeaderElection (LeaderElection.java:askForVotes(182)) - 3eeab9a4-47d5-4980-9c6e-5102901e869a@group-F4DE2F4D7E72:LeaderElection37: begin an election at term 4 for 0: [4f75c367-51e4-41c9-9287-4e8dd97f5c38:192.168.5.175:40325, 3eeab9a4-47d5-4980-9c6e-5102901e869a:192.168.5.175:43254, f0cb1a3f-6ac7-4eb8-9514-6a797ff8471f:192.168.5.175:39769], old=null
2019-10-09 13:04:22,070 [3eeab9a4-47d5-4980-9c6e-5102901e869a@group-F4DE2F4D7E72:LeaderElection37] INFO  impl.LeaderElection (LogUtils.java:infoOrTrace(149)) - 3eeab9a4-47d5-4980-9c6e-5102901e869a@group-F4DE2F4D7E72:LeaderElection37 got exception when requesting votes: {}
java.util.concurrent.ExecutionException: org.apache.ratis.thirdparty.io.grpc.StatusRuntimeException: UNAVAILABLE: io exception
	at java.util.concurrent.FutureTask.report(FutureTask.java:122)
	at java.util.concurrent.FutureTask.get(FutureTask.java:192)
	at org.apache.ratis.server.impl.LeaderElection.waitForResults(LeaderElection.java:263)
	at org.apache.ratis.server.impl.LeaderElection.askForVotes(LeaderElection.java:201)
	at org.apache.ratis.server.impl.LeaderElection.run(LeaderElection.java:133)
	at java.lang.Thread.run(Thread.java:748)
Caused by: org.apache.ratis.thirdparty.io.grpc.StatusRuntimeException: UNAVAILABLE: io exception
	at org.apache.ratis.thirdparty.io.grpc.stub.ClientCalls.toStatusRuntimeException(ClientCalls.java:233)
	at org.apache.ratis.thirdparty.io.grpc.stub.ClientCalls.getUnchecked(ClientCalls.java:214)
	at org.apache.ratis.thirdparty.io.grpc.stub.ClientCalls.blockingUnaryCall(ClientCalls.java:139)
	at org.apache.ratis.proto.grpc.RaftServerProtocolServiceGrpc$RaftServerProtocolServiceBlockingStub.requestVote(RaftServerProtocolServiceGrpc.java:265)
	at org.apache.ratis.grpc.server.GrpcServerProtocolClient.requestVote(GrpcServerProtocolClient.java:90)
	at org.apache.ratis.grpc.server.GrpcService.requestVote(GrpcService.java:204)
	at org.apache.ratis.server.impl.LeaderElection.lambda$submitRequests$1(LeaderElection.java:238)
	at java.util.concurrent.FutureTask.run(FutureTask.java:266)
	at java.util.concurrent.Executors$RunnableAdapter.call(Executors.java:511)
	at java.util.concurrent.FutureTask.run(FutureTask.java:266)
	at java.util.concurrent.ThreadPoolExecutor.runWorker(ThreadPoolExecutor.java:1149)
	at java.util.concurrent.ThreadPoolExecutor$Worker.run(ThreadPoolExecutor.java:624)
	... 1 more
Caused by: org.apache.ratis.thirdparty.io.netty.channel.AbstractChannel$AnnotatedConnectException: Connection refused: /192.168.5.175:40325
	at sun.nio.ch.SocketChannelImpl.checkConnect(Native Method)
	at sun.nio.ch.SocketChannelImpl.finishConnect(SocketChannelImpl.java:717)
	at org.apache.ratis.thirdparty.io.netty.channel.socket.nio.NioSocketChannel.doFinishConnect(NioSocketChannel.java:327)
	at org.apache.ratis.thirdparty.io.netty.channel.nio.AbstractNioChannel$AbstractNioUnsafe.finishConnect(AbstractNioChannel.java:340)
	at org.apache.ratis.thirdparty.io.netty.channel.nio.NioEventLoop.processSelectedKey(NioEventLoop.java:632)
	at org.apache.ratis.thirdparty.io.netty.channel.nio.NioEventLoop.processSelectedKeysOptimized(NioEventLoop.java:579)
	at org.apache.ratis.thirdparty.io.netty.channel.nio.NioEventLoop.processSelectedKeys(NioEventLoop.java:496)
	at org.apache.ratis.thirdparty.io.netty.channel.nio.NioEventLoop.run(NioEventLoop.java:458)
	at org.apache.ratis.thirdparty.io.netty.util.concurrent.SingleThreadEventExecutor$5.run(SingleThreadEventExecutor.java:897)
	at org.apache.ratis.thirdparty.io.netty.util.concurrent.FastThreadLocalRunnable.run(FastThreadLocalRunnable.java:30)
	... 1 more
Caused by: java.net.ConnectException: Connection refused
	... 11 more
2019-10-09 13:04:22,073 [3eeab9a4-47d5-4980-9c6e-5102901e869a@group-F4DE2F4D7E72:LeaderElection37] INFO  impl.LeaderElection (LogUtils.java:infoOrTrace(149)) - 3eeab9a4-47d5-4980-9c6e-5102901e869a@group-F4DE2F4D7E72:LeaderElection37 got exception when requesting votes: {}
java.util.concurrent.ExecutionException: org.apache.ratis.thirdparty.io.grpc.StatusRuntimeException: UNAVAILABLE: io exception
	at java.util.concurrent.FutureTask.report(FutureTask.java:122)
	at java.util.concurrent.FutureTask.get(FutureTask.java:192)
	at org.apache.ratis.server.impl.LeaderElection.waitForResults(LeaderElection.java:263)
	at org.apache.ratis.server.impl.LeaderElection.askForVotes(LeaderElection.java:201)
	at org.apache.ratis.server.impl.LeaderElection.run(LeaderElection.java:133)
	at java.lang.Thread.run(Thread.java:748)
Caused by: org.apache.ratis.thirdparty.io.grpc.StatusRuntimeException: UNAVAILABLE: io exception
	at org.apache.ratis.thirdparty.io.grpc.stub.ClientCalls.toStatusRuntimeException(ClientCalls.java:233)
	at org.apache.ratis.thirdparty.io.grpc.stub.ClientCalls.getUnchecked(ClientCalls.java:214)
	at org.apache.ratis.thirdparty.io.grpc.stub.ClientCalls.blockingUnaryCall(ClientCalls.java:139)
	at org.apache.ratis.proto.grpc.RaftServerProtocolServiceGrpc$RaftServerProtocolServiceBlockingStub.requestVote(RaftServerProtocolServiceGrpc.java:265)
	at org.apache.ratis.grpc.server.GrpcServerProtocolClient.requestVote(GrpcServerProtocolClient.java:90)
	at org.apache.ratis.grpc.server.GrpcService.requestVote(GrpcService.java:204)
	at org.apache.ratis.server.impl.LeaderElection.lambda$submitRequests$1(LeaderElection.java:238)
	at java.util.concurrent.FutureTask.run(FutureTask.java:266)
	at java.util.concurrent.Executors$RunnableAdapter.call(Executors.java:511)
	at java.util.concurrent.FutureTask.run(FutureTask.java:266)
	at java.util.concurrent.ThreadPoolExecutor.runWorker(ThreadPoolExecutor.java:1149)
	at java.util.concurrent.ThreadPoolExecutor$Worker.run(ThreadPoolExecutor.java:624)
	... 1 more
Caused by: org.apache.ratis.thirdparty.io.netty.channel.AbstractChannel$AnnotatedConnectException: Connection refused: /192.168.5.175:39769
	at sun.nio.ch.SocketChannelImpl.checkConnect(Native Method)
	at sun.nio.ch.SocketChannelImpl.finishConnect(SocketChannelImpl.java:717)
	at org.apache.ratis.thirdparty.io.netty.channel.socket.nio.NioSocketChannel.doFinishConnect(NioSocketChannel.java:327)
	at org.apache.ratis.thirdparty.io.netty.channel.nio.AbstractNioChannel$AbstractNioUnsafe.finishConnect(AbstractNioChannel.java:340)
	at org.apache.ratis.thirdparty.io.netty.channel.nio.NioEventLoop.processSelectedKey(NioEventLoop.java:632)
	at org.apache.ratis.thirdparty.io.netty.channel.nio.NioEventLoop.processSelectedKeysOptimized(NioEventLoop.java:579)
	at org.apache.ratis.thirdparty.io.netty.channel.nio.NioEventLoop.processSelectedKeys(NioEventLoop.java:496)
	at org.apache.ratis.thirdparty.io.netty.channel.nio.NioEventLoop.run(NioEventLoop.java:458)
	at org.apache.ratis.thirdparty.io.netty.util.concurrent.SingleThreadEventExecutor$5.run(SingleThreadEventExecutor.java:897)
	at org.apache.ratis.thirdparty.io.netty.util.concurrent.FastThreadLocalRunnable.run(FastThreadLocalRunnable.java:30)
	... 1 more
Caused by: java.net.ConnectException: Connection refused
	... 11 more
2019-10-09 13:04:22,076 [3eeab9a4-47d5-4980-9c6e-5102901e869a@group-F4DE2F4D7E72:LeaderElection37] INFO  impl.LeaderElection (LeaderElection.java:logAndReturn(56)) - 3eeab9a4-47d5-4980-9c6e-5102901e869a@group-F4DE2F4D7E72:LeaderElection37: Election REJECTED; received 0 response(s) [] and 2 exception(s); 3eeab9a4-47d5-4980-9c6e-5102901e869a@group-F4DE2F4D7E72:t4, leader=null, voted=3eeab9a4-47d5-4980-9c6e-5102901e869a, raftlog=3eeab9a4-47d5-4980-9c6e-5102901e869a@group-F4DE2F4D7E72-SegmentedRaftLog:OPENED:c0,f0,i0, conf=0: [4f75c367-51e4-41c9-9287-4e8dd97f5c38:192.168.5.175:40325, 3eeab9a4-47d5-4980-9c6e-5102901e869a:192.168.5.175:43254, f0cb1a3f-6ac7-4eb8-9514-6a797ff8471f:192.168.5.175:39769], old=null
2019-10-09 13:04:22,076 [3eeab9a4-47d5-4980-9c6e-5102901e869a@group-F4DE2F4D7E72:LeaderElection37] INFO  impl.LeaderElection (LogUtils.java:infoOrTrace(149)) -   Exception 0: {}
java.util.concurrent.ExecutionException: org.apache.ratis.thirdparty.io.grpc.StatusRuntimeException: UNAVAILABLE: io exception
	at java.util.concurrent.FutureTask.report(FutureTask.java:122)
	at java.util.concurrent.FutureTask.get(FutureTask.java:192)
	at org.apache.ratis.server.impl.LeaderElection.waitForResults(LeaderElection.java:263)
	at org.apache.ratis.server.impl.LeaderElection.askForVotes(LeaderElection.java:201)
	at org.apache.ratis.server.impl.LeaderElection.run(LeaderElection.java:133)
	at java.lang.Thread.run(Thread.java:748)
Caused by: org.apache.ratis.thirdparty.io.grpc.StatusRuntimeException: UNAVAILABLE: io exception
	at org.apache.ratis.thirdparty.io.grpc.stub.ClientCalls.toStatusRuntimeException(ClientCalls.java:233)
	at org.apache.ratis.thirdparty.io.grpc.stub.ClientCalls.getUnchecked(ClientCalls.java:214)
	at org.apache.ratis.thirdparty.io.grpc.stub.ClientCalls.blockingUnaryCall(ClientCalls.java:139)
	at org.apache.ratis.proto.grpc.RaftServerProtocolServiceGrpc$RaftServerProtocolServiceBlockingStub.requestVote(RaftServerProtocolServiceGrpc.java:265)
	at org.apache.ratis.grpc.server.GrpcServerProtocolClient.requestVote(GrpcServerProtocolClient.java:90)
	at org.apache.ratis.grpc.server.GrpcService.requestVote(GrpcService.java:204)
	at org.apache.ratis.server.impl.LeaderElection.lambda$submitRequests$1(LeaderElection.java:238)
	at java.util.concurrent.FutureTask.run(FutureTask.java:266)
	at java.util.concurrent.Executors$RunnableAdapter.call(Executors.java:511)
	at java.util.concurrent.FutureTask.run(FutureTask.java:266)
	at java.util.concurrent.ThreadPoolExecutor.runWorker(ThreadPoolExecutor.java:1149)
	at java.util.concurrent.ThreadPoolExecutor$Worker.run(ThreadPoolExecutor.java:624)
	... 1 more
Caused by: org.apache.ratis.thirdparty.io.netty.channel.AbstractChannel$AnnotatedConnectException: Connection refused: /192.168.5.175:40325
	at sun.nio.ch.SocketChannelImpl.checkConnect(Native Method)
	at sun.nio.ch.SocketChannelImpl.finishConnect(SocketChannelImpl.java:717)
	at org.apache.ratis.thirdparty.io.netty.channel.socket.nio.NioSocketChannel.doFinishConnect(NioSocketChannel.java:327)
	at org.apache.ratis.thirdparty.io.netty.channel.nio.AbstractNioChannel$AbstractNioUnsafe.finishConnect(AbstractNioChannel.java:340)
	at org.apache.ratis.thirdparty.io.netty.channel.nio.NioEventLoop.processSelectedKey(NioEventLoop.java:632)
	at org.apache.ratis.thirdparty.io.netty.channel.nio.NioEventLoop.processSelectedKeysOptimized(NioEventLoop.java:579)
	at org.apache.ratis.thirdparty.io.netty.channel.nio.NioEventLoop.processSelectedKeys(NioEventLoop.java:496)
	at org.apache.ratis.thirdparty.io.netty.channel.nio.NioEventLoop.run(NioEventLoop.java:458)
	at org.apache.ratis.thirdparty.io.netty.util.concurrent.SingleThreadEventExecutor$5.run(SingleThreadEventExecutor.java:897)
	at org.apache.ratis.thirdparty.io.netty.util.concurrent.FastThreadLocalRunnable.run(FastThreadLocalRunnable.java:30)
	... 1 more
Caused by: java.net.ConnectException: Connection refused
	... 11 more
2019-10-09 13:04:22,077 [3eeab9a4-47d5-4980-9c6e-5102901e869a@group-F4DE2F4D7E72:LeaderElection37] INFO  impl.LeaderElection (LogUtils.java:infoOrTrace(149)) -   Exception 1: {}
java.util.concurrent.ExecutionException: org.apache.ratis.thirdparty.io.grpc.StatusRuntimeException: UNAVAILABLE: io exception
	at java.util.concurrent.FutureTask.report(FutureTask.java:122)
	at java.util.concurrent.FutureTask.get(FutureTask.java:192)
	at org.apache.ratis.server.impl.LeaderElection.waitForResults(LeaderElection.java:263)
	at org.apache.ratis.server.impl.LeaderElection.askForVotes(LeaderElection.java:201)
	at org.apache.ratis.server.impl.LeaderElection.run(LeaderElection.java:133)
	at java.lang.Thread.run(Thread.java:748)
Caused by: org.apache.ratis.thirdparty.io.grpc.StatusRuntimeException: UNAVAILABLE: io exception
	at org.apache.ratis.thirdparty.io.grpc.stub.ClientCalls.toStatusRuntimeException(ClientCalls.java:233)
	at org.apache.ratis.thirdparty.io.grpc.stub.ClientCalls.getUnchecked(ClientCalls.java:214)
	at org.apache.ratis.thirdparty.io.grpc.stub.ClientCalls.blockingUnaryCall(ClientCalls.java:139)
	at org.apache.ratis.proto.grpc.RaftServerProtocolServiceGrpc$RaftServerProtocolServiceBlockingStub.requestVote(RaftServerProtocolServiceGrpc.java:265)
	at org.apache.ratis.grpc.server.GrpcServerProtocolClient.requestVote(GrpcServerProtocolClient.java:90)
	at org.apache.ratis.grpc.server.GrpcService.requestVote(GrpcService.java:204)
	at org.apache.ratis.server.impl.LeaderElection.lambda$submitRequests$1(LeaderElection.java:238)
	at java.util.concurrent.FutureTask.run(FutureTask.java:266)
	at java.util.concurrent.Executors$RunnableAdapter.call(Executors.java:511)
	at java.util.concurrent.FutureTask.run(FutureTask.java:266)
	at java.util.concurrent.ThreadPoolExecutor.runWorker(ThreadPoolExecutor.java:1149)
	at java.util.concurrent.ThreadPoolExecutor$Worker.run(ThreadPoolExecutor.java:624)
	... 1 more
Caused by: org.apache.ratis.thirdparty.io.netty.channel.AbstractChannel$AnnotatedConnectException: Connection refused: /192.168.5.175:39769
	at sun.nio.ch.SocketChannelImpl.checkConnect(Native Method)
	at sun.nio.ch.SocketChannelImpl.finishConnect(SocketChannelImpl.java:717)
	at org.apache.ratis.thirdparty.io.netty.channel.socket.nio.NioSocketChannel.doFinishConnect(NioSocketChannel.java:327)
	at org.apache.ratis.thirdparty.io.netty.channel.nio.AbstractNioChannel$AbstractNioUnsafe.finishConnect(AbstractNioChannel.java:340)
	at org.apache.ratis.thirdparty.io.netty.channel.nio.NioEventLoop.processSelectedKey(NioEventLoop.java:632)
	at org.apache.ratis.thirdparty.io.netty.channel.nio.NioEventLoop.processSelectedKeysOptimized(NioEventLoop.java:579)
	at org.apache.ratis.thirdparty.io.netty.channel.nio.NioEventLoop.processSelectedKeys(NioEventLoop.java:496)
	at org.apache.ratis.thirdparty.io.netty.channel.nio.NioEventLoop.run(NioEventLoop.java:458)
	at org.apache.ratis.thirdparty.io.netty.util.concurrent.SingleThreadEventExecutor$5.run(SingleThreadEventExecutor.java:897)
	at org.apache.ratis.thirdparty.io.netty.util.concurrent.FastThreadLocalRunnable.run(FastThreadLocalRunnable.java:30)
	... 1 more
Caused by: java.net.ConnectException: Connection refused
	... 11 more
2019-10-09 13:04:22,078 [3eeab9a4-47d5-4980-9c6e-5102901e869a@group-F4DE2F4D7E72:LeaderElection37] INFO  impl.RaftServerImpl (RaftServerImpl.java:setRole(174)) - 3eeab9a4-47d5-4980-9c6e-5102901e869a@group-F4DE2F4D7E72: changes role from CANDIDATE to FOLLOWER at term 4 for DISCOVERED_A_NEW_TERM
2019-10-09 13:04:22,078 [3eeab9a4-47d5-4980-9c6e-5102901e869a@group-F4DE2F4D7E72:LeaderElection37] INFO  impl.RoleInfo (RoleInfo.java:shutdownLeaderElection(134)) - 3eeab9a4-47d5-4980-9c6e-5102901e869a: shutdown LeaderElection
2019-10-09 13:04:22,078 [3eeab9a4-47d5-4980-9c6e-5102901e869a@group-F4DE2F4D7E72:LeaderElection37] INFO  impl.RoleInfo (RoleInfo.java:updateAndGet(143)) - 3eeab9a4-47d5-4980-9c6e-5102901e869a: start FollowerState
2019-10-09 13:04:23,894 [grpc-default-executor-7] WARN  server.GrpcLogAppender (LogUtils.java:warn(134)) - 3eeab9a4-47d5-4980-9c6e-5102901e869a@group-DDAC6CD64C05->f0cb1a3f-6ac7-4eb8-9514-6a797ff8471f-AppendLogResponseHandler: Failed appendEntries: org.apache.ratis.thirdparty.io.grpc.StatusRuntimeException: UNAVAILABLE: io exception
2019-10-09 13:04:23,896 [grpc-default-executor-7] INFO  impl.FollowerInfo (FollowerInfo.java:lambda$new$0(51)) - 3eeab9a4-47d5-4980-9c6e-5102901e869a@group-DDAC6CD64C05->f0cb1a3f-6ac7-4eb8-9514-6a797ff8471f: nextIndex: updateUnconditionally 0 -> 0
2019-10-09 13:04:23,922 [grpc-default-executor-7] WARN  server.GrpcLogAppender (LogUtils.java:warn(134)) - 3eeab9a4-47d5-4980-9c6e-5102901e869a@group-DDAC6CD64C05->4f75c367-51e4-41c9-9287-4e8dd97f5c38-AppendLogResponseHandler: Failed appendEntries: org.apache.ratis.thirdparty.io.grpc.StatusRuntimeException: UNAVAILABLE: io exception
2019-10-09 13:04:23,923 [grpc-default-executor-7] INFO  impl.FollowerInfo (FollowerInfo.java:lambda$new$0(51)) - 3eeab9a4-47d5-4980-9c6e-5102901e869a@group-DDAC6CD64C05->4f75c367-51e4-41c9-9287-4e8dd97f5c38: nextIndex: updateUnconditionally 0 -> 0
2019-10-09 13:04:23,998 [grpc-default-executor-4] WARN  server.GrpcLogAppender (LogUtils.java:warn(134)) - 3eeab9a4-47d5-4980-9c6e-5102901e869a@group-75761DEE94FB->f0cb1a3f-6ac7-4eb8-9514-6a797ff8471f-AppendLogResponseHandler: Failed appendEntries: org.apache.ratis.thirdparty.io.grpc.StatusRuntimeException: UNAVAILABLE: io exception
2019-10-09 13:04:23,999 [grpc-default-executor-4] INFO  impl.FollowerInfo (FollowerInfo.java:lambda$new$0(51)) - 3eeab9a4-47d5-4980-9c6e-5102901e869a@group-75761DEE94FB->f0cb1a3f-6ac7-4eb8-9514-6a797ff8471f: nextIndex: updateUnconditionally 0 -> 0
2019-10-09 13:04:24,007 [grpc-default-executor-9] WARN  server.GrpcLogAppender (LogUtils.java:warn(134)) - 3eeab9a4-47d5-4980-9c6e-5102901e869a@group-75761DEE94FB->4f75c367-51e4-41c9-9287-4e8dd97f5c38-AppendLogResponseHandler: Failed appendEntries: org.apache.ratis.thirdparty.io.grpc.StatusRuntimeException: UNAVAILABLE: io exception
2019-10-09 13:04:24,008 [grpc-default-executor-9] INFO  impl.FollowerInfo (FollowerInfo.java:lambda$new$0(51)) - 3eeab9a4-47d5-4980-9c6e-5102901e869a@group-75761DEE94FB->4f75c367-51e4-41c9-9287-4e8dd97f5c38: nextIndex: updateUnconditionally 0 -> 0
2019-10-09 13:04:24,185 [grpc-default-executor-7] WARN  server.GrpcLogAppender (LogUtils.java:warn(134)) - 3eeab9a4-47d5-4980-9c6e-5102901e869a@group-153C1C6005E2->f0cb1a3f-6ac7-4eb8-9514-6a797ff8471f-AppendLogResponseHandler: Failed appendEntries: org.apache.ratis.thirdparty.io.grpc.StatusRuntimeException: UNAVAILABLE: io exception
2019-10-09 13:04:24,186 [grpc-default-executor-7] INFO  impl.FollowerInfo (FollowerInfo.java:lambda$new$0(51)) - 3eeab9a4-47d5-4980-9c6e-5102901e869a@group-153C1C6005E2->f0cb1a3f-6ac7-4eb8-9514-6a797ff8471f: nextIndex: updateUnconditionally 0 -> 0
2019-10-09 13:04:24,192 [grpc-default-executor-4] WARN  server.GrpcLogAppender (LogUtils.java:warn(134)) - 3eeab9a4-47d5-4980-9c6e-5102901e869a@group-153C1C6005E2->4f75c367-51e4-41c9-9287-4e8dd97f5c38-AppendLogResponseHandler: Failed appendEntries: org.apache.ratis.thirdparty.io.grpc.StatusRuntimeException: UNAVAILABLE: io exception
2019-10-09 13:04:24,193 [grpc-default-executor-4] INFO  impl.FollowerInfo (FollowerInfo.java:lambda$new$0(51)) - 3eeab9a4-47d5-4980-9c6e-5102901e869a@group-153C1C6005E2->4f75c367-51e4-41c9-9287-4e8dd97f5c38: nextIndex: updateUnconditionally 0 -> 0
2019-10-09 13:04:26,397 [grpc-default-executor-4] WARN  server.GrpcLogAppender (LogUtils.java:warn(134)) - 3eeab9a4-47d5-4980-9c6e-5102901e869a@group-DDAC6CD64C05->f0cb1a3f-6ac7-4eb8-9514-6a797ff8471f-AppendLogResponseHandler: Failed appendEntries: org.apache.ratis.thirdparty.io.grpc.StatusRuntimeException: UNAVAILABLE: io exception
2019-10-09 13:04:26,398 [grpc-default-executor-4] INFO  impl.FollowerInfo (FollowerInfo.java:lambda$new$0(51)) - 3eeab9a4-47d5-4980-9c6e-5102901e869a@group-DDAC6CD64C05->f0cb1a3f-6ac7-4eb8-9514-6a797ff8471f: nextIndex: updateUnconditionally 0 -> 0
2019-10-09 13:04:26,425 [grpc-default-executor-7] WARN  server.GrpcLogAppender (LogUtils.java:warn(134)) - 3eeab9a4-47d5-4980-9c6e-5102901e869a@group-DDAC6CD64C05->4f75c367-51e4-41c9-9287-4e8dd97f5c38-AppendLogResponseHandler: Failed appendEntries: org.apache.ratis.thirdparty.io.grpc.StatusRuntimeException: UNAVAILABLE: io exception
2019-10-09 13:04:26,425 [grpc-default-executor-7] INFO  impl.FollowerInfo (FollowerInfo.java:lambda$new$0(51)) - 3eeab9a4-47d5-4980-9c6e-5102901e869a@group-DDAC6CD64C05->4f75c367-51e4-41c9-9287-4e8dd97f5c38: nextIndex: updateUnconditionally 0 -> 0
2019-10-09 13:04:26,499 [grpc-default-executor-9] WARN  server.GrpcLogAppender (LogUtils.java:warn(134)) - 3eeab9a4-47d5-4980-9c6e-5102901e869a@group-75761DEE94FB->f0cb1a3f-6ac7-4eb8-9514-6a797ff8471f-AppendLogResponseHandler: Failed appendEntries: org.apache.ratis.thirdparty.io.grpc.StatusRuntimeException: UNAVAILABLE: io exception
2019-10-09 13:04:26,499 [grpc-default-executor-9] INFO  impl.FollowerInfo (FollowerInfo.java:lambda$new$0(51)) - 3eeab9a4-47d5-4980-9c6e-5102901e869a@group-75761DEE94FB->f0cb1a3f-6ac7-4eb8-9514-6a797ff8471f: nextIndex: updateUnconditionally 0 -> 0
2019-10-09 13:04:26,508 [grpc-default-executor-4] WARN  server.GrpcLogAppender (LogUtils.java:warn(134)) - 3eeab9a4-47d5-4980-9c6e-5102901e869a@group-75761DEE94FB->4f75c367-51e4-41c9-9287-4e8dd97f5c38-AppendLogResponseHandler: Failed appendEntries: org.apache.ratis.thirdparty.io.grpc.StatusRuntimeException: UNAVAILABLE: io exception
2019-10-09 13:04:26,508 [grpc-default-executor-4] INFO  impl.FollowerInfo (FollowerInfo.java:lambda$new$0(51)) - 3eeab9a4-47d5-4980-9c6e-5102901e869a@group-75761DEE94FB->4f75c367-51e4-41c9-9287-4e8dd97f5c38: nextIndex: updateUnconditionally 0 -> 0
2019-10-09 13:04:26,687 [grpc-default-executor-7] WARN  server.GrpcLogAppender (LogUtils.java:warn(134)) - 3eeab9a4-47d5-4980-9c6e-5102901e869a@group-153C1C6005E2->f0cb1a3f-6ac7-4eb8-9514-6a797ff8471f-AppendLogResponseHandler: Failed appendEntries: org.apache.ratis.thirdparty.io.grpc.StatusRuntimeException: UNAVAILABLE: io exception
2019-10-09 13:04:26,687 [grpc-default-executor-7] INFO  impl.FollowerInfo (FollowerInfo.java:lambda$new$0(51)) - 3eeab9a4-47d5-4980-9c6e-5102901e869a@group-153C1C6005E2->f0cb1a3f-6ac7-4eb8-9514-6a797ff8471f: nextIndex: updateUnconditionally 0 -> 0
2019-10-09 13:04:26,693 [grpc-default-executor-4] WARN  server.GrpcLogAppender (LogUtils.java:warn(134)) - 3eeab9a4-47d5-4980-9c6e-5102901e869a@group-153C1C6005E2->4f75c367-51e4-41c9-9287-4e8dd97f5c38-AppendLogResponseHandler: Failed appendEntries: org.apache.ratis.thirdparty.io.grpc.StatusRuntimeException: UNAVAILABLE: io exception
2019-10-09 13:04:26,694 [grpc-default-executor-4] INFO  impl.FollowerInfo (FollowerInfo.java:lambda$new$0(51)) - 3eeab9a4-47d5-4980-9c6e-5102901e869a@group-153C1C6005E2->4f75c367-51e4-41c9-9287-4e8dd97f5c38: nextIndex: updateUnconditionally 0 -> 0
2019-10-09 13:04:26,729 [Thread-657] INFO  impl.FollowerState (FollowerState.java:run(106)) - 3eeab9a4-47d5-4980-9c6e-5102901e869a:group-6247FF3E413E changes to CANDIDATE, lastRpcTime:5058, electionTimeout:5058ms
2019-10-09 13:04:26,729 [Thread-657] INFO  impl.RoleInfo (RoleInfo.java:shutdownFollowerState(121)) - 3eeab9a4-47d5-4980-9c6e-5102901e869a: shutdown FollowerState
2019-10-09 13:04:26,729 [Thread-657] INFO  impl.RaftServerImpl (RaftServerImpl.java:setRole(174)) - 3eeab9a4-47d5-4980-9c6e-5102901e869a@group-6247FF3E413E: changes role from  FOLLOWER to CANDIDATE at term 4 for changeToCandidate
2019-10-09 13:04:26,730 [Thread-657] INFO  impl.RoleInfo (RoleInfo.java:updateAndGet(143)) - 3eeab9a4-47d5-4980-9c6e-5102901e869a: start LeaderElection
2019-10-09 13:04:26,759 [3eeab9a4-47d5-4980-9c6e-5102901e869a@group-6247FF3E413E:LeaderElection38] INFO  impl.LeaderElection (LeaderElection.java:askForVotes(182)) - 3eeab9a4-47d5-4980-9c6e-5102901e869a@group-6247FF3E413E:LeaderElection38: begin an election at term 5 for 0: [4f75c367-51e4-41c9-9287-4e8dd97f5c38:192.168.5.175:40325, 3eeab9a4-47d5-4980-9c6e-5102901e869a:192.168.5.175:43254, f0cb1a3f-6ac7-4eb8-9514-6a797ff8471f:192.168.5.175:39769], old=null
2019-10-09 13:04:26,763 [3eeab9a4-47d5-4980-9c6e-5102901e869a@group-6247FF3E413E:LeaderElection38] INFO  impl.LeaderElection (LogUtils.java:infoOrTrace(149)) - 3eeab9a4-47d5-4980-9c6e-5102901e869a@group-6247FF3E413E:LeaderElection38 got exception when requesting votes: {}
java.util.concurrent.ExecutionException: org.apache.ratis.thirdparty.io.grpc.StatusRuntimeException: UNAVAILABLE: io exception
	at java.util.concurrent.FutureTask.report(FutureTask.java:122)
	at java.util.concurrent.FutureTask.get(FutureTask.java:192)
	at org.apache.ratis.server.impl.LeaderElection.waitForResults(LeaderElection.java:263)
	at org.apache.ratis.server.impl.LeaderElection.askForVotes(LeaderElection.java:201)
	at org.apache.ratis.server.impl.LeaderElection.run(LeaderElection.java:133)
	at java.lang.Thread.run(Thread.java:748)
Caused by: org.apache.ratis.thirdparty.io.grpc.StatusRuntimeException: UNAVAILABLE: io exception
	at org.apache.ratis.thirdparty.io.grpc.stub.ClientCalls.toStatusRuntimeException(ClientCalls.java:233)
	at org.apache.ratis.thirdparty.io.grpc.stub.ClientCalls.getUnchecked(ClientCalls.java:214)
	at org.apache.ratis.thirdparty.io.grpc.stub.ClientCalls.blockingUnaryCall(ClientCalls.java:139)
	at org.apache.ratis.proto.grpc.RaftServerProtocolServiceGrpc$RaftServerProtocolServiceBlockingStub.requestVote(RaftServerProtocolServiceGrpc.java:265)
	at org.apache.ratis.grpc.server.GrpcServerProtocolClient.requestVote(GrpcServerProtocolClient.java:90)
	at org.apache.ratis.grpc.server.GrpcService.requestVote(GrpcService.java:204)
	at org.apache.ratis.server.impl.LeaderElection.lambda$submitRequests$1(LeaderElection.java:238)
	at java.util.concurrent.FutureTask.run(FutureTask.java:266)
	at java.util.concurrent.Executors$RunnableAdapter.call(Executors.java:511)
	at java.util.concurrent.FutureTask.run(FutureTask.java:266)
	at java.util.concurrent.ThreadPoolExecutor.runWorker(ThreadPoolExecutor.java:1149)
	at java.util.concurrent.ThreadPoolExecutor$Worker.run(ThreadPoolExecutor.java:624)
	... 1 more
Caused by: org.apache.ratis.thirdparty.io.netty.channel.AbstractChannel$AnnotatedConnectException: Connection refused: /192.168.5.175:39769
	at sun.nio.ch.SocketChannelImpl.checkConnect(Native Method)
	at sun.nio.ch.SocketChannelImpl.finishConnect(SocketChannelImpl.java:717)
	at org.apache.ratis.thirdparty.io.netty.channel.socket.nio.NioSocketChannel.doFinishConnect(NioSocketChannel.java:327)
	at org.apache.ratis.thirdparty.io.netty.channel.nio.AbstractNioChannel$AbstractNioUnsafe.finishConnect(AbstractNioChannel.java:340)
	at org.apache.ratis.thirdparty.io.netty.channel.nio.NioEventLoop.processSelectedKey(NioEventLoop.java:632)
	at org.apache.ratis.thirdparty.io.netty.channel.nio.NioEventLoop.processSelectedKeysOptimized(NioEventLoop.java:579)
	at org.apache.ratis.thirdparty.io.netty.channel.nio.NioEventLoop.processSelectedKeys(NioEventLoop.java:496)
	at org.apache.ratis.thirdparty.io.netty.channel.nio.NioEventLoop.run(NioEventLoop.java:458)
	at org.apache.ratis.thirdparty.io.netty.util.concurrent.SingleThreadEventExecutor$5.run(SingleThreadEventExecutor.java:897)
	at org.apache.ratis.thirdparty.io.netty.util.concurrent.FastThreadLocalRunnable.run(FastThreadLocalRunnable.java:30)
	... 1 more
Caused by: java.net.ConnectException: Connection refused
	... 11 more
2019-10-09 13:04:26,766 [3eeab9a4-47d5-4980-9c6e-5102901e869a@group-6247FF3E413E:LeaderElection38] INFO  impl.LeaderElection (LogUtils.java:infoOrTrace(149)) - 3eeab9a4-47d5-4980-9c6e-5102901e869a@group-6247FF3E413E:LeaderElection38 got exception when requesting votes: {}
java.util.concurrent.ExecutionException: org.apache.ratis.thirdparty.io.grpc.StatusRuntimeException: UNAVAILABLE: io exception
	at java.util.concurrent.FutureTask.report(FutureTask.java:122)
	at java.util.concurrent.FutureTask.get(FutureTask.java:192)
	at org.apache.ratis.server.impl.LeaderElection.waitForResults(LeaderElection.java:263)
	at org.apache.ratis.server.impl.LeaderElection.askForVotes(LeaderElection.java:201)
	at org.apache.ratis.server.impl.LeaderElection.run(LeaderElection.java:133)
	at java.lang.Thread.run(Thread.java:748)
Caused by: org.apache.ratis.thirdparty.io.grpc.StatusRuntimeException: UNAVAILABLE: io exception
	at org.apache.ratis.thirdparty.io.grpc.stub.ClientCalls.toStatusRuntimeException(ClientCalls.java:233)
	at org.apache.ratis.thirdparty.io.grpc.stub.ClientCalls.getUnchecked(ClientCalls.java:214)
	at org.apache.ratis.thirdparty.io.grpc.stub.ClientCalls.blockingUnaryCall(ClientCalls.java:139)
	at org.apache.ratis.proto.grpc.RaftServerProtocolServiceGrpc$RaftServerProtocolServiceBlockingStub.requestVote(RaftServerProtocolServiceGrpc.java:265)
	at org.apache.ratis.grpc.server.GrpcServerProtocolClient.requestVote(GrpcServerProtocolClient.java:90)
	at org.apache.ratis.grpc.server.GrpcService.requestVote(GrpcService.java:204)
	at org.apache.ratis.server.impl.LeaderElection.lambda$submitRequests$1(LeaderElection.java:238)
	at java.util.concurrent.FutureTask.run(FutureTask.java:266)
	at java.util.concurrent.Executors$RunnableAdapter.call(Executors.java:511)
	at java.util.concurrent.FutureTask.run(FutureTask.java:266)
	at java.util.concurrent.ThreadPoolExecutor.runWorker(ThreadPoolExecutor.java:1149)
	at java.util.concurrent.ThreadPoolExecutor$Worker.run(ThreadPoolExecutor.java:624)
	... 1 more
Caused by: org.apache.ratis.thirdparty.io.netty.channel.AbstractChannel$AnnotatedConnectException: Connection refused: /192.168.5.175:40325
	at sun.nio.ch.SocketChannelImpl.checkConnect(Native Method)
	at sun.nio.ch.SocketChannelImpl.finishConnect(SocketChannelImpl.java:717)
	at org.apache.ratis.thirdparty.io.netty.channel.socket.nio.NioSocketChannel.doFinishConnect(NioSocketChannel.java:327)
	at org.apache.ratis.thirdparty.io.netty.channel.nio.AbstractNioChannel$AbstractNioUnsafe.finishConnect(AbstractNioChannel.java:340)
	at org.apache.ratis.thirdparty.io.netty.channel.nio.NioEventLoop.processSelectedKey(NioEventLoop.java:632)
	at org.apache.ratis.thirdparty.io.netty.channel.nio.NioEventLoop.processSelectedKeysOptimized(NioEventLoop.java:579)
	at org.apache.ratis.thirdparty.io.netty.channel.nio.NioEventLoop.processSelectedKeys(NioEventLoop.java:496)
	at org.apache.ratis.thirdparty.io.netty.channel.nio.NioEventLoop.run(NioEventLoop.java:458)
	at org.apache.ratis.thirdparty.io.netty.util.concurrent.SingleThreadEventExecutor$5.run(SingleThreadEventExecutor.java:897)
	at org.apache.ratis.thirdparty.io.netty.util.concurrent.FastThreadLocalRunnable.run(FastThreadLocalRunnable.java:30)
	... 1 more
Caused by: java.net.ConnectException: Connection refused
	... 11 more
2019-10-09 13:04:26,768 [3eeab9a4-47d5-4980-9c6e-5102901e869a@group-6247FF3E413E:LeaderElection38] INFO  impl.LeaderElection (LeaderElection.java:logAndReturn(56)) - 3eeab9a4-47d5-4980-9c6e-5102901e869a@group-6247FF3E413E:LeaderElection38: Election REJECTED; received 0 response(s) [] and 2 exception(s); 3eeab9a4-47d5-4980-9c6e-5102901e869a@group-6247FF3E413E:t5, leader=null, voted=3eeab9a4-47d5-4980-9c6e-5102901e869a, raftlog=3eeab9a4-47d5-4980-9c6e-5102901e869a@group-6247FF3E413E-SegmentedRaftLog:OPENED:c0,f0,i0, conf=0: [4f75c367-51e4-41c9-9287-4e8dd97f5c38:192.168.5.175:40325, 3eeab9a4-47d5-4980-9c6e-5102901e869a:192.168.5.175:43254, f0cb1a3f-6ac7-4eb8-9514-6a797ff8471f:192.168.5.175:39769], old=null
2019-10-09 13:04:26,769 [3eeab9a4-47d5-4980-9c6e-5102901e869a@group-6247FF3E413E:LeaderElection38] INFO  impl.LeaderElection (LogUtils.java:infoOrTrace(149)) -   Exception 0: {}
java.util.concurrent.ExecutionException: org.apache.ratis.thirdparty.io.grpc.StatusRuntimeException: UNAVAILABLE: io exception
	at java.util.concurrent.FutureTask.report(FutureTask.java:122)
	at java.util.concurrent.FutureTask.get(FutureTask.java:192)
	at org.apache.ratis.server.impl.LeaderElection.waitForResults(LeaderElection.java:263)
	at org.apache.ratis.server.impl.LeaderElection.askForVotes(LeaderElection.java:201)
	at org.apache.ratis.server.impl.LeaderElection.run(LeaderElection.java:133)
	at java.lang.Thread.run(Thread.java:748)
Caused by: org.apache.ratis.thirdparty.io.grpc.StatusRuntimeException: UNAVAILABLE: io exception
	at org.apache.ratis.thirdparty.io.grpc.stub.ClientCalls.toStatusRuntimeException(ClientCalls.java:233)
	at org.apache.ratis.thirdparty.io.grpc.stub.ClientCalls.getUnchecked(ClientCalls.java:214)
	at org.apache.ratis.thirdparty.io.grpc.stub.ClientCalls.blockingUnaryCall(ClientCalls.java:139)
	at org.apache.ratis.proto.grpc.RaftServerProtocolServiceGrpc$RaftServerProtocolServiceBlockingStub.requestVote(RaftServerProtocolServiceGrpc.java:265)
	at org.apache.ratis.grpc.server.GrpcServerProtocolClient.requestVote(GrpcServerProtocolClient.java:90)
	at org.apache.ratis.grpc.server.GrpcService.requestVote(GrpcService.java:204)
	at org.apache.ratis.server.impl.LeaderElection.lambda$submitRequests$1(LeaderElection.java:238)
	at java.util.concurrent.FutureTask.run(FutureTask.java:266)
	at java.util.concurrent.Executors$RunnableAdapter.call(Executors.java:511)
	at java.util.concurrent.FutureTask.run(FutureTask.java:266)
	at java.util.concurrent.ThreadPoolExecutor.runWorker(ThreadPoolExecutor.java:1149)
	at java.util.concurrent.ThreadPoolExecutor$Worker.run(ThreadPoolExecutor.java:624)
	... 1 more
Caused by: org.apache.ratis.thirdparty.io.netty.channel.AbstractChannel$AnnotatedConnectException: Connection refused: /192.168.5.175:39769
	at sun.nio.ch.SocketChannelImpl.checkConnect(Native Method)
	at sun.nio.ch.SocketChannelImpl.finishConnect(SocketChannelImpl.java:717)
	at org.apache.ratis.thirdparty.io.netty.channel.socket.nio.NioSocketChannel.doFinishConnect(NioSocketChannel.java:327)
	at org.apache.ratis.thirdparty.io.netty.channel.nio.AbstractNioChannel$AbstractNioUnsafe.finishConnect(AbstractNioChannel.java:340)
	at org.apache.ratis.thirdparty.io.netty.channel.nio.NioEventLoop.processSelectedKey(NioEventLoop.java:632)
	at org.apache.ratis.thirdparty.io.netty.channel.nio.NioEventLoop.processSelectedKeysOptimized(NioEventLoop.java:579)
	at org.apache.ratis.thirdparty.io.netty.channel.nio.NioEventLoop.processSelectedKeys(NioEventLoop.java:496)
	at org.apache.ratis.thirdparty.io.netty.channel.nio.NioEventLoop.run(NioEventLoop.java:458)
	at org.apache.ratis.thirdparty.io.netty.util.concurrent.SingleThreadEventExecutor$5.run(SingleThreadEventExecutor.java:897)
	at org.apache.ratis.thirdparty.io.netty.util.concurrent.FastThreadLocalRunnable.run(FastThreadLocalRunnable.java:30)
	... 1 more
Caused by: java.net.ConnectException: Connection refused
	... 11 more
2019-10-09 13:04:26,769 [3eeab9a4-47d5-4980-9c6e-5102901e869a@group-6247FF3E413E:LeaderElection38] INFO  impl.LeaderElection (LogUtils.java:infoOrTrace(149)) -   Exception 1: {}
java.util.concurrent.ExecutionException: org.apache.ratis.thirdparty.io.grpc.StatusRuntimeException: UNAVAILABLE: io exception
	at java.util.concurrent.FutureTask.report(FutureTask.java:122)
	at java.util.concurrent.FutureTask.get(FutureTask.java:192)
	at org.apache.ratis.server.impl.LeaderElection.waitForResults(LeaderElection.java:263)
	at org.apache.ratis.server.impl.LeaderElection.askForVotes(LeaderElection.java:201)
	at org.apache.ratis.server.impl.LeaderElection.run(LeaderElection.java:133)
	at java.lang.Thread.run(Thread.java:748)
Caused by: org.apache.ratis.thirdparty.io.grpc.StatusRuntimeException: UNAVAILABLE: io exception
	at org.apache.ratis.thirdparty.io.grpc.stub.ClientCalls.toStatusRuntimeException(ClientCalls.java:233)
	at org.apache.ratis.thirdparty.io.grpc.stub.ClientCalls.getUnchecked(ClientCalls.java:214)
	at org.apache.ratis.thirdparty.io.grpc.stub.ClientCalls.blockingUnaryCall(ClientCalls.java:139)
	at org.apache.ratis.proto.grpc.RaftServerProtocolServiceGrpc$RaftServerProtocolServiceBlockingStub.requestVote(RaftServerProtocolServiceGrpc.java:265)
	at org.apache.ratis.grpc.server.GrpcServerProtocolClient.requestVote(GrpcServerProtocolClient.java:90)
	at org.apache.ratis.grpc.server.GrpcService.requestVote(GrpcService.java:204)
	at org.apache.ratis.server.impl.LeaderElection.lambda$submitRequests$1(LeaderElection.java:238)
	at java.util.concurrent.FutureTask.run(FutureTask.java:266)
	at java.util.concurrent.Executors$RunnableAdapter.call(Executors.java:511)
	at java.util.concurrent.FutureTask.run(FutureTask.java:266)
	at java.util.concurrent.ThreadPoolExecutor.runWorker(ThreadPoolExecutor.java:1149)
	at java.util.concurrent.ThreadPoolExecutor$Worker.run(ThreadPoolExecutor.java:624)
	... 1 more
Caused by: org.apache.ratis.thirdparty.io.netty.channel.AbstractChannel$AnnotatedConnectException: Connection refused: /192.168.5.175:40325
	at sun.nio.ch.SocketChannelImpl.checkConnect(Native Method)
	at sun.nio.ch.SocketChannelImpl.finishConnect(SocketChannelImpl.java:717)
	at org.apache.ratis.thirdparty.io.netty.channel.socket.nio.NioSocketChannel.doFinishConnect(NioSocketChannel.java:327)
	at org.apache.ratis.thirdparty.io.netty.channel.nio.AbstractNioChannel$AbstractNioUnsafe.finishConnect(AbstractNioChannel.java:340)
	at org.apache.ratis.thirdparty.io.netty.channel.nio.NioEventLoop.processSelectedKey(NioEventLoop.java:632)
	at org.apache.ratis.thirdparty.io.netty.channel.nio.NioEventLoop.processSelectedKeysOptimized(NioEventLoop.java:579)
	at org.apache.ratis.thirdparty.io.netty.channel.nio.NioEventLoop.processSelectedKeys(NioEventLoop.java:496)
	at org.apache.ratis.thirdparty.io.netty.channel.nio.NioEventLoop.run(NioEventLoop.java:458)
	at org.apache.ratis.thirdparty.io.netty.util.concurrent.SingleThreadEventExecutor$5.run(SingleThreadEventExecutor.java:897)
	at org.apache.ratis.thirdparty.io.netty.util.concurrent.FastThreadLocalRunnable.run(FastThreadLocalRunnable.java:30)
	... 1 more
Caused by: java.net.ConnectException: Connection refused
	... 11 more
2019-10-09 13:04:26,770 [3eeab9a4-47d5-4980-9c6e-5102901e869a@group-6247FF3E413E:LeaderElection38] INFO  impl.RaftServerImpl (RaftServerImpl.java:setRole(174)) - 3eeab9a4-47d5-4980-9c6e-5102901e869a@group-6247FF3E413E: changes role from CANDIDATE to FOLLOWER at term 5 for DISCOVERED_A_NEW_TERM
2019-10-09 13:04:26,770 [3eeab9a4-47d5-4980-9c6e-5102901e869a@group-6247FF3E413E:LeaderElection38] INFO  impl.RoleInfo (RoleInfo.java:shutdownLeaderElection(134)) - 3eeab9a4-47d5-4980-9c6e-5102901e869a: shutdown LeaderElection
2019-10-09 13:04:26,771 [3eeab9a4-47d5-4980-9c6e-5102901e869a@group-6247FF3E413E:LeaderElection38] INFO  impl.RoleInfo (RoleInfo.java:updateAndGet(143)) - 3eeab9a4-47d5-4980-9c6e-5102901e869a: start FollowerState
2019-10-09 13:04:26,978 [Thread-661] INFO  impl.FollowerState (FollowerState.java:run(106)) - 3eeab9a4-47d5-4980-9c6e-5102901e869a:group-A483B260BC72 changes to CANDIDATE, lastRpcTime:5063, electionTimeout:5063ms
2019-10-09 13:04:26,980 [Thread-661] INFO  impl.RoleInfo (RoleInfo.java:shutdownFollowerState(121)) - 3eeab9a4-47d5-4980-9c6e-5102901e869a: shutdown FollowerState
2019-10-09 13:04:26,981 [Thread-661] INFO  impl.RaftServerImpl (RaftServerImpl.java:setRole(174)) - 3eeab9a4-47d5-4980-9c6e-5102901e869a@group-A483B260BC72: changes role from  FOLLOWER to CANDIDATE at term 4 for changeToCandidate
2019-10-09 13:04:26,981 [Thread-661] INFO  impl.RoleInfo (RoleInfo.java:updateAndGet(143)) - 3eeab9a4-47d5-4980-9c6e-5102901e869a: start LeaderElection
2019-10-09 13:04:26,998 [3eeab9a4-47d5-4980-9c6e-5102901e869a@group-A483B260BC72:LeaderElection39] INFO  impl.LeaderElection (LeaderElection.java:askForVotes(182)) - 3eeab9a4-47d5-4980-9c6e-5102901e869a@group-A483B260BC72:LeaderElection39: begin an election at term 5 for 0: [4f75c367-51e4-41c9-9287-4e8dd97f5c38:192.168.5.175:40325, 3eeab9a4-47d5-4980-9c6e-5102901e869a:192.168.5.175:43254, f0cb1a3f-6ac7-4eb8-9514-6a797ff8471f:192.168.5.175:39769], old=null
2019-10-09 13:04:26,999 [3eeab9a4-47d5-4980-9c6e-5102901e869a@group-A483B260BC72:LeaderElection39] INFO  impl.LeaderElection (LogUtils.java:infoOrTrace(149)) - 3eeab9a4-47d5-4980-9c6e-5102901e869a@group-A483B260BC72:LeaderElection39 got exception when requesting votes: {}
java.util.concurrent.ExecutionException: org.apache.ratis.thirdparty.io.grpc.StatusRuntimeException: UNAVAILABLE: io exception
	at java.util.concurrent.FutureTask.report(FutureTask.java:122)
	at java.util.concurrent.FutureTask.get(FutureTask.java:192)
	at org.apache.ratis.server.impl.LeaderElection.waitForResults(LeaderElection.java:263)
	at org.apache.ratis.server.impl.LeaderElection.askForVotes(LeaderElection.java:201)
	at org.apache.ratis.server.impl.LeaderElection.run(LeaderElection.java:133)
	at java.lang.Thread.run(Thread.java:748)
Caused by: org.apache.ratis.thirdparty.io.grpc.StatusRuntimeException: UNAVAILABLE: io exception
	at org.apache.ratis.thirdparty.io.grpc.stub.ClientCalls.toStatusRuntimeException(ClientCalls.java:233)
	at org.apache.ratis.thirdparty.io.grpc.stub.ClientCalls.getUnchecked(ClientCalls.java:214)
	at org.apache.ratis.thirdparty.io.grpc.stub.ClientCalls.blockingUnaryCall(ClientCalls.java:139)
	at org.apache.ratis.proto.grpc.RaftServerProtocolServiceGrpc$RaftServerProtocolServiceBlockingStub.requestVote(RaftServerProtocolServiceGrpc.java:265)
	at org.apache.ratis.grpc.server.GrpcServerProtocolClient.requestVote(GrpcServerProtocolClient.java:90)
	at org.apache.ratis.grpc.server.GrpcService.requestVote(GrpcService.java:204)
	at org.apache.ratis.server.impl.LeaderElection.lambda$submitRequests$1(LeaderElection.java:238)
	at java.util.concurrent.FutureTask.run(FutureTask.java:266)
	at java.util.concurrent.Executors$RunnableAdapter.call(Executors.java:511)
	at java.util.concurrent.FutureTask.run(FutureTask.java:266)
	at java.util.concurrent.ThreadPoolExecutor.runWorker(ThreadPoolExecutor.java:1149)
	at java.util.concurrent.ThreadPoolExecutor$Worker.run(ThreadPoolExecutor.java:624)
	... 1 more
Caused by: org.apache.ratis.thirdparty.io.netty.channel.AbstractChannel$AnnotatedConnectException: Connection refused: /192.168.5.175:39769
	at sun.nio.ch.SocketChannelImpl.checkConnect(Native Method)
	at sun.nio.ch.SocketChannelImpl.finishConnect(SocketChannelImpl.java:717)
	at org.apache.ratis.thirdparty.io.netty.channel.socket.nio.NioSocketChannel.doFinishConnect(NioSocketChannel.java:327)
	at org.apache.ratis.thirdparty.io.netty.channel.nio.AbstractNioChannel$AbstractNioUnsafe.finishConnect(AbstractNioChannel.java:340)
	at org.apache.ratis.thirdparty.io.netty.channel.nio.NioEventLoop.processSelectedKey(NioEventLoop.java:632)
	at org.apache.ratis.thirdparty.io.netty.channel.nio.NioEventLoop.processSelectedKeysOptimized(NioEventLoop.java:579)
	at org.apache.ratis.thirdparty.io.netty.channel.nio.NioEventLoop.processSelectedKeys(NioEventLoop.java:496)
	at org.apache.ratis.thirdparty.io.netty.channel.nio.NioEventLoop.run(NioEventLoop.java:458)
	at org.apache.ratis.thirdparty.io.netty.util.concurrent.SingleThreadEventExecutor$5.run(SingleThreadEventExecutor.java:897)
	at org.apache.ratis.thirdparty.io.netty.util.concurrent.FastThreadLocalRunnable.run(FastThreadLocalRunnable.java:30)
	... 1 more
Caused by: java.net.ConnectException: Connection refused
	... 11 more
2019-10-09 13:04:27,002 [3eeab9a4-47d5-4980-9c6e-5102901e869a@group-A483B260BC72:LeaderElection39] INFO  impl.LeaderElection (LogUtils.java:infoOrTrace(149)) - 3eeab9a4-47d5-4980-9c6e-5102901e869a@group-A483B260BC72:LeaderElection39 got exception when requesting votes: {}
java.util.concurrent.ExecutionException: org.apache.ratis.thirdparty.io.grpc.StatusRuntimeException: UNAVAILABLE: io exception
	at java.util.concurrent.FutureTask.report(FutureTask.java:122)
	at java.util.concurrent.FutureTask.get(FutureTask.java:192)
	at org.apache.ratis.server.impl.LeaderElection.waitForResults(LeaderElection.java:263)
	at org.apache.ratis.server.impl.LeaderElection.askForVotes(LeaderElection.java:201)
	at org.apache.ratis.server.impl.LeaderElection.run(LeaderElection.java:133)
	at java.lang.Thread.run(Thread.java:748)
Caused by: org.apache.ratis.thirdparty.io.grpc.StatusRuntimeException: UNAVAILABLE: io exception
	at org.apache.ratis.thirdparty.io.grpc.stub.ClientCalls.toStatusRuntimeException(ClientCalls.java:233)
	at org.apache.ratis.thirdparty.io.grpc.stub.ClientCalls.getUnchecked(ClientCalls.java:214)
	at org.apache.ratis.thirdparty.io.grpc.stub.ClientCalls.blockingUnaryCall(ClientCalls.java:139)
	at org.apache.ratis.proto.grpc.RaftServerProtocolServiceGrpc$RaftServerProtocolServiceBlockingStub.requestVote(RaftServerProtocolServiceGrpc.java:265)
	at org.apache.ratis.grpc.server.GrpcServerProtocolClient.requestVote(GrpcServerProtocolClient.java:90)
	at org.apache.ratis.grpc.server.GrpcService.requestVote(GrpcService.java:204)
	at org.apache.ratis.server.impl.LeaderElection.lambda$submitRequests$1(LeaderElection.java:238)
	at java.util.concurrent.FutureTask.run(FutureTask.java:266)
	at java.util.concurrent.Executors$RunnableAdapter.call(Executors.java:511)
	at java.util.concurrent.FutureTask.run(FutureTask.java:266)
	at java.util.concurrent.ThreadPoolExecutor.runWorker(ThreadPoolExecutor.java:1149)
	at java.util.concurrent.ThreadPoolExecutor$Worker.run(ThreadPoolExecutor.java:624)
	... 1 more
Caused by: org.apache.ratis.thirdparty.io.netty.channel.AbstractChannel$AnnotatedConnectException: Connection refused: /192.168.5.175:40325
	at sun.nio.ch.SocketChannelImpl.checkConnect(Native Method)
	at sun.nio.ch.SocketChannelImpl.finishConnect(SocketChannelImpl.java:717)
	at org.apache.ratis.thirdparty.io.netty.channel.socket.nio.NioSocketChannel.doFinishConnect(NioSocketChannel.java:327)
	at org.apache.ratis.thirdparty.io.netty.channel.nio.AbstractNioChannel$AbstractNioUnsafe.finishConnect(AbstractNioChannel.java:340)
	at org.apache.ratis.thirdparty.io.netty.channel.nio.NioEventLoop.processSelectedKey(NioEventLoop.java:632)
	at org.apache.ratis.thirdparty.io.netty.channel.nio.NioEventLoop.processSelectedKeysOptimized(NioEventLoop.java:579)
	at org.apache.ratis.thirdparty.io.netty.channel.nio.NioEventLoop.processSelectedKeys(NioEventLoop.java:496)
	at org.apache.ratis.thirdparty.io.netty.channel.nio.NioEventLoop.run(NioEventLoop.java:458)
	at org.apache.ratis.thirdparty.io.netty.util.concurrent.SingleThreadEventExecutor$5.run(SingleThreadEventExecutor.java:897)
	at org.apache.ratis.thirdparty.io.netty.util.concurrent.FastThreadLocalRunnable.run(FastThreadLocalRunnable.java:30)
	... 1 more
Caused by: java.net.ConnectException: Connection refused
	... 11 more
2019-10-09 13:04:27,005 [3eeab9a4-47d5-4980-9c6e-5102901e869a@group-A483B260BC72:LeaderElection39] INFO  impl.LeaderElection (LeaderElection.java:logAndReturn(56)) - 3eeab9a4-47d5-4980-9c6e-5102901e869a@group-A483B260BC72:LeaderElection39: Election REJECTED; received 0 response(s) [] and 2 exception(s); 3eeab9a4-47d5-4980-9c6e-5102901e869a@group-A483B260BC72:t5, leader=null, voted=3eeab9a4-47d5-4980-9c6e-5102901e869a, raftlog=3eeab9a4-47d5-4980-9c6e-5102901e869a@group-A483B260BC72-SegmentedRaftLog:OPENED:c0,f0,i0, conf=0: [4f75c367-51e4-41c9-9287-4e8dd97f5c38:192.168.5.175:40325, 3eeab9a4-47d5-4980-9c6e-5102901e869a:192.168.5.175:43254, f0cb1a3f-6ac7-4eb8-9514-6a797ff8471f:192.168.5.175:39769], old=null
2019-10-09 13:04:27,005 [3eeab9a4-47d5-4980-9c6e-5102901e869a@group-A483B260BC72:LeaderElection39] INFO  impl.LeaderElection (LogUtils.java:infoOrTrace(149)) -   Exception 0: {}
java.util.concurrent.ExecutionException: org.apache.ratis.thirdparty.io.grpc.StatusRuntimeException: UNAVAILABLE: io exception
	at java.util.concurrent.FutureTask.report(FutureTask.java:122)
	at java.util.concurrent.FutureTask.get(FutureTask.java:192)
	at org.apache.ratis.server.impl.LeaderElection.waitForResults(LeaderElection.java:263)
	at org.apache.ratis.server.impl.LeaderElection.askForVotes(LeaderElection.java:201)
	at org.apache.ratis.server.impl.LeaderElection.run(LeaderElection.java:133)
	at java.lang.Thread.run(Thread.java:748)
Caused by: org.apache.ratis.thirdparty.io.grpc.StatusRuntimeException: UNAVAILABLE: io exception
	at org.apache.ratis.thirdparty.io.grpc.stub.ClientCalls.toStatusRuntimeException(ClientCalls.java:233)
	at org.apache.ratis.thirdparty.io.grpc.stub.ClientCalls.getUnchecked(ClientCalls.java:214)
	at org.apache.ratis.thirdparty.io.grpc.stub.ClientCalls.blockingUnaryCall(ClientCalls.java:139)
	at org.apache.ratis.proto.grpc.RaftServerProtocolServiceGrpc$RaftServerProtocolServiceBlockingStub.requestVote(RaftServerProtocolServiceGrpc.java:265)
	at org.apache.ratis.grpc.server.GrpcServerProtocolClient.requestVote(GrpcServerProtocolClient.java:90)
	at org.apache.ratis.grpc.server.GrpcService.requestVote(GrpcService.java:204)
	at org.apache.ratis.server.impl.LeaderElection.lambda$submitRequests$1(LeaderElection.java:238)
	at java.util.concurrent.FutureTask.run(FutureTask.java:266)
	at java.util.concurrent.Executors$RunnableAdapter.call(Executors.java:511)
	at java.util.concurrent.FutureTask.run(FutureTask.java:266)
	at java.util.concurrent.ThreadPoolExecutor.runWorker(ThreadPoolExecutor.java:1149)
	at java.util.concurrent.ThreadPoolExecutor$Worker.run(ThreadPoolExecutor.java:624)
	... 1 more
Caused by: org.apache.ratis.thirdparty.io.netty.channel.AbstractChannel$AnnotatedConnectException: Connection refused: /192.168.5.175:39769
	at sun.nio.ch.SocketChannelImpl.checkConnect(Native Method)
	at sun.nio.ch.SocketChannelImpl.finishConnect(SocketChannelImpl.java:717)
	at org.apache.ratis.thirdparty.io.netty.channel.socket.nio.NioSocketChannel.doFinishConnect(NioSocketChannel.java:327)
	at org.apache.ratis.thirdparty.io.netty.channel.nio.AbstractNioChannel$AbstractNioUnsafe.finishConnect(AbstractNioChannel.java:340)
	at org.apache.ratis.thirdparty.io.netty.channel.nio.NioEventLoop.processSelectedKey(NioEventLoop.java:632)
	at org.apache.ratis.thirdparty.io.netty.channel.nio.NioEventLoop.processSelectedKeysOptimized(NioEventLoop.java:579)
	at org.apache.ratis.thirdparty.io.netty.channel.nio.NioEventLoop.processSelectedKeys(NioEventLoop.java:496)
	at org.apache.ratis.thirdparty.io.netty.channel.nio.NioEventLoop.run(NioEventLoop.java:458)
	at org.apache.ratis.thirdparty.io.netty.util.concurrent.SingleThreadEventExecutor$5.run(SingleThreadEventExecutor.java:897)
	at org.apache.ratis.thirdparty.io.netty.util.concurrent.FastThreadLocalRunnable.run(FastThreadLocalRunnable.java:30)
	... 1 more
Caused by: java.net.ConnectException: Connection refused
	... 11 more
2019-10-09 13:04:27,006 [3eeab9a4-47d5-4980-9c6e-5102901e869a@group-A483B260BC72:LeaderElection39] INFO  impl.LeaderElection (LogUtils.java:infoOrTrace(149)) -   Exception 1: {}
java.util.concurrent.ExecutionException: org.apache.ratis.thirdparty.io.grpc.StatusRuntimeException: UNAVAILABLE: io exception
	at java.util.concurrent.FutureTask.report(FutureTask.java:122)
	at java.util.concurrent.FutureTask.get(FutureTask.java:192)
	at org.apache.ratis.server.impl.LeaderElection.waitForResults(LeaderElection.java:263)
	at org.apache.ratis.server.impl.LeaderElection.askForVotes(LeaderElection.java:201)
	at org.apache.ratis.server.impl.LeaderElection.run(LeaderElection.java:133)
	at java.lang.Thread.run(Thread.java:748)
Caused by: org.apache.ratis.thirdparty.io.grpc.StatusRuntimeException: UNAVAILABLE: io exception
	at org.apache.ratis.thirdparty.io.grpc.stub.ClientCalls.toStatusRuntimeException(ClientCalls.java:233)
	at org.apache.ratis.thirdparty.io.grpc.stub.ClientCalls.getUnchecked(ClientCalls.java:214)
	at org.apache.ratis.thirdparty.io.grpc.stub.ClientCalls.blockingUnaryCall(ClientCalls.java:139)
	at org.apache.ratis.proto.grpc.RaftServerProtocolServiceGrpc$RaftServerProtocolServiceBlockingStub.requestVote(RaftServerProtocolServiceGrpc.java:265)
	at org.apache.ratis.grpc.server.GrpcServerProtocolClient.requestVote(GrpcServerProtocolClient.java:90)
	at org.apache.ratis.grpc.server.GrpcService.requestVote(GrpcService.java:204)
	at org.apache.ratis.server.impl.LeaderElection.lambda$submitRequests$1(LeaderElection.java:238)
	at java.util.concurrent.FutureTask.run(FutureTask.java:266)
	at java.util.concurrent.Executors$RunnableAdapter.call(Executors.java:511)
	at java.util.concurrent.FutureTask.run(FutureTask.java:266)
	at java.util.concurrent.ThreadPoolExecutor.runWorker(ThreadPoolExecutor.java:1149)
	at java.util.concurrent.ThreadPoolExecutor$Worker.run(ThreadPoolExecutor.java:624)
	... 1 more
Caused by: org.apache.ratis.thirdparty.io.netty.channel.AbstractChannel$AnnotatedConnectException: Connection refused: /192.168.5.175:40325
	at sun.nio.ch.SocketChannelImpl.checkConnect(Native Method)
	at sun.nio.ch.SocketChannelImpl.finishConnect(SocketChannelImpl.java:717)
	at org.apache.ratis.thirdparty.io.netty.channel.socket.nio.NioSocketChannel.doFinishConnect(NioSocketChannel.java:327)
	at org.apache.ratis.thirdparty.io.netty.channel.nio.AbstractNioChannel$AbstractNioUnsafe.finishConnect(AbstractNioChannel.java:340)
	at org.apache.ratis.thirdparty.io.netty.channel.nio.NioEventLoop.processSelectedKey(NioEventLoop.java:632)
	at org.apache.ratis.thirdparty.io.netty.channel.nio.NioEventLoop.processSelectedKeysOptimized(NioEventLoop.java:579)
	at org.apache.ratis.thirdparty.io.netty.channel.nio.NioEventLoop.processSelectedKeys(NioEventLoop.java:496)
	at org.apache.ratis.thirdparty.io.netty.channel.nio.NioEventLoop.run(NioEventLoop.java:458)
	at org.apache.ratis.thirdparty.io.netty.util.concurrent.SingleThreadEventExecutor$5.run(SingleThreadEventExecutor.java:897)
	at org.apache.ratis.thirdparty.io.netty.util.concurrent.FastThreadLocalRunnable.run(FastThreadLocalRunnable.java:30)
	... 1 more
Caused by: java.net.ConnectException: Connection refused
	... 11 more
2019-10-09 13:04:27,007 [3eeab9a4-47d5-4980-9c6e-5102901e869a@group-A483B260BC72:LeaderElection39] INFO  impl.RaftServerImpl (RaftServerImpl.java:setRole(174)) - 3eeab9a4-47d5-4980-9c6e-5102901e869a@group-A483B260BC72: changes role from CANDIDATE to FOLLOWER at term 5 for DISCOVERED_A_NEW_TERM
2019-10-09 13:04:27,007 [3eeab9a4-47d5-4980-9c6e-5102901e869a@group-A483B260BC72:LeaderElection39] INFO  impl.RoleInfo (RoleInfo.java:shutdownLeaderElection(134)) - 3eeab9a4-47d5-4980-9c6e-5102901e869a: shutdown LeaderElection
2019-10-09 13:04:27,007 [3eeab9a4-47d5-4980-9c6e-5102901e869a@group-A483B260BC72:LeaderElection39] INFO  impl.RoleInfo (RoleInfo.java:updateAndGet(143)) - 3eeab9a4-47d5-4980-9c6e-5102901e869a: start FollowerState
2019-10-09 13:04:27,124 [Thread-665] INFO  impl.FollowerState (FollowerState.java:run(106)) - 3eeab9a4-47d5-4980-9c6e-5102901e869a:group-C24D4FE0C6F2 changes to CANDIDATE, lastRpcTime:5108, electionTimeout:5108ms
2019-10-09 13:04:27,126 [Thread-665] INFO  impl.RoleInfo (RoleInfo.java:shutdownFollowerState(121)) - 3eeab9a4-47d5-4980-9c6e-5102901e869a: shutdown FollowerState
2019-10-09 13:04:27,127 [Thread-665] INFO  impl.RaftServerImpl (RaftServerImpl.java:setRole(174)) - 3eeab9a4-47d5-4980-9c6e-5102901e869a@group-C24D4FE0C6F2: changes role from  FOLLOWER to CANDIDATE at term 5 for changeToCandidate
2019-10-09 13:04:27,127 [Thread-665] INFO  impl.RoleInfo (RoleInfo.java:updateAndGet(143)) - 3eeab9a4-47d5-4980-9c6e-5102901e869a: start LeaderElection
2019-10-09 13:04:27,142 [3eeab9a4-47d5-4980-9c6e-5102901e869a@group-C24D4FE0C6F2:LeaderElection40] INFO  impl.LeaderElection (LeaderElection.java:askForVotes(182)) - 3eeab9a4-47d5-4980-9c6e-5102901e869a@group-C24D4FE0C6F2:LeaderElection40: begin an election at term 6 for 0: [4f75c367-51e4-41c9-9287-4e8dd97f5c38:192.168.5.175:40325, 3eeab9a4-47d5-4980-9c6e-5102901e869a:192.168.5.175:43254, f0cb1a3f-6ac7-4eb8-9514-6a797ff8471f:192.168.5.175:39769], old=null
2019-10-09 13:04:27,144 [3eeab9a4-47d5-4980-9c6e-5102901e869a@group-C24D4FE0C6F2:LeaderElection40] INFO  impl.LeaderElection (LogUtils.java:infoOrTrace(149)) - 3eeab9a4-47d5-4980-9c6e-5102901e869a@group-C24D4FE0C6F2:LeaderElection40 got exception when requesting votes: {}
java.util.concurrent.ExecutionException: org.apache.ratis.thirdparty.io.grpc.StatusRuntimeException: UNAVAILABLE: io exception
	at java.util.concurrent.FutureTask.report(FutureTask.java:122)
	at java.util.concurrent.FutureTask.get(FutureTask.java:192)
	at org.apache.ratis.server.impl.LeaderElection.waitForResults(LeaderElection.java:263)
	at org.apache.ratis.server.impl.LeaderElection.askForVotes(LeaderElection.java:201)
	at org.apache.ratis.server.impl.LeaderElection.run(LeaderElection.java:133)
	at java.lang.Thread.run(Thread.java:748)
Caused by: org.apache.ratis.thirdparty.io.grpc.StatusRuntimeException: UNAVAILABLE: io exception
	at org.apache.ratis.thirdparty.io.grpc.stub.ClientCalls.toStatusRuntimeException(ClientCalls.java:233)
	at org.apache.ratis.thirdparty.io.grpc.stub.ClientCalls.getUnchecked(ClientCalls.java:214)
	at org.apache.ratis.thirdparty.io.grpc.stub.ClientCalls.blockingUnaryCall(ClientCalls.java:139)
	at org.apache.ratis.proto.grpc.RaftServerProtocolServiceGrpc$RaftServerProtocolServiceBlockingStub.requestVote(RaftServerProtocolServiceGrpc.java:265)
	at org.apache.ratis.grpc.server.GrpcServerProtocolClient.requestVote(GrpcServerProtocolClient.java:90)
	at org.apache.ratis.grpc.server.GrpcService.requestVote(GrpcService.java:204)
	at org.apache.ratis.server.impl.LeaderElection.lambda$submitRequests$1(LeaderElection.java:238)
	at java.util.concurrent.FutureTask.run(FutureTask.java:266)
	at java.util.concurrent.Executors$RunnableAdapter.call(Executors.java:511)
	at java.util.concurrent.FutureTask.run(FutureTask.java:266)
	at java.util.concurrent.ThreadPoolExecutor.runWorker(ThreadPoolExecutor.java:1149)
	at java.util.concurrent.ThreadPoolExecutor$Worker.run(ThreadPoolExecutor.java:624)
	... 1 more
Caused by: org.apache.ratis.thirdparty.io.netty.channel.AbstractChannel$AnnotatedConnectException: Connection refused: /192.168.5.175:40325
	at sun.nio.ch.SocketChannelImpl.checkConnect(Native Method)
	at sun.nio.ch.SocketChannelImpl.finishConnect(SocketChannelImpl.java:717)
	at org.apache.ratis.thirdparty.io.netty.channel.socket.nio.NioSocketChannel.doFinishConnect(NioSocketChannel.java:327)
	at org.apache.ratis.thirdparty.io.netty.channel.nio.AbstractNioChannel$AbstractNioUnsafe.finishConnect(AbstractNioChannel.java:340)
	at org.apache.ratis.thirdparty.io.netty.channel.nio.NioEventLoop.processSelectedKey(NioEventLoop.java:632)
	at org.apache.ratis.thirdparty.io.netty.channel.nio.NioEventLoop.processSelectedKeysOptimized(NioEventLoop.java:579)
	at org.apache.ratis.thirdparty.io.netty.channel.nio.NioEventLoop.processSelectedKeys(NioEventLoop.java:496)
	at org.apache.ratis.thirdparty.io.netty.channel.nio.NioEventLoop.run(NioEventLoop.java:458)
	at org.apache.ratis.thirdparty.io.netty.util.concurrent.SingleThreadEventExecutor$5.run(SingleThreadEventExecutor.java:897)
	at org.apache.ratis.thirdparty.io.netty.util.concurrent.FastThreadLocalRunnable.run(FastThreadLocalRunnable.java:30)
	... 1 more
Caused by: java.net.ConnectException: Connection refused
	... 11 more
2019-10-09 13:04:27,146 [3eeab9a4-47d5-4980-9c6e-5102901e869a@group-C24D4FE0C6F2:LeaderElection40] INFO  impl.LeaderElection (LogUtils.java:infoOrTrace(149)) - 3eeab9a4-47d5-4980-9c6e-5102901e869a@group-C24D4FE0C6F2:LeaderElection40 got exception when requesting votes: {}
java.util.concurrent.ExecutionException: org.apache.ratis.thirdparty.io.grpc.StatusRuntimeException: UNAVAILABLE: io exception
	at java.util.concurrent.FutureTask.report(FutureTask.java:122)
	at java.util.concurrent.FutureTask.get(FutureTask.java:192)
	at org.apache.ratis.server.impl.LeaderElection.waitForResults(LeaderElection.java:263)
	at org.apache.ratis.server.impl.LeaderElection.askForVotes(LeaderElection.java:201)
	at org.apache.ratis.server.impl.LeaderElection.run(LeaderElection.java:133)
	at java.lang.Thread.run(Thread.java:748)
Caused by: org.apache.ratis.thirdparty.io.grpc.StatusRuntimeException: UNAVAILABLE: io exception
	at org.apache.ratis.thirdparty.io.grpc.stub.ClientCalls.toStatusRuntimeException(ClientCalls.java:233)
	at org.apache.ratis.thirdparty.io.grpc.stub.ClientCalls.getUnchecked(ClientCalls.java:214)
	at org.apache.ratis.thirdparty.io.grpc.stub.ClientCalls.blockingUnaryCall(ClientCalls.java:139)
	at org.apache.ratis.proto.grpc.RaftServerProtocolServiceGrpc$RaftServerProtocolServiceBlockingStub.requestVote(RaftServerProtocolServiceGrpc.java:265)
	at org.apache.ratis.grpc.server.GrpcServerProtocolClient.requestVote(GrpcServerProtocolClient.java:90)
	at org.apache.ratis.grpc.server.GrpcService.requestVote(GrpcService.java:204)
	at org.apache.ratis.server.impl.LeaderElection.lambda$submitRequests$1(LeaderElection.java:238)
	at java.util.concurrent.FutureTask.run(FutureTask.java:266)
	at java.util.concurrent.Executors$RunnableAdapter.call(Executors.java:511)
	at java.util.concurrent.FutureTask.run(FutureTask.java:266)
	at java.util.concurrent.ThreadPoolExecutor.runWorker(ThreadPoolExecutor.java:1149)
	at java.util.concurrent.ThreadPoolExecutor$Worker.run(ThreadPoolExecutor.java:624)
	... 1 more
Caused by: org.apache.ratis.thirdparty.io.netty.channel.AbstractChannel$AnnotatedConnectException: Connection refused: /192.168.5.175:39769
	at sun.nio.ch.SocketChannelImpl.checkConnect(Native Method)
	at sun.nio.ch.SocketChannelImpl.finishConnect(SocketChannelImpl.java:717)
	at org.apache.ratis.thirdparty.io.netty.channel.socket.nio.NioSocketChannel.doFinishConnect(NioSocketChannel.java:327)
	at org.apache.ratis.thirdparty.io.netty.channel.nio.AbstractNioChannel$AbstractNioUnsafe.finishConnect(AbstractNioChannel.java:340)
	at org.apache.ratis.thirdparty.io.netty.channel.nio.NioEventLoop.processSelectedKey(NioEventLoop.java:632)
	at org.apache.ratis.thirdparty.io.netty.channel.nio.NioEventLoop.processSelectedKeysOptimized(NioEventLoop.java:579)
	at org.apache.ratis.thirdparty.io.netty.channel.nio.NioEventLoop.processSelectedKeys(NioEventLoop.java:496)
	at org.apache.ratis.thirdparty.io.netty.channel.nio.NioEventLoop.run(NioEventLoop.java:458)
	at org.apache.ratis.thirdparty.io.netty.util.concurrent.SingleThreadEventExecutor$5.run(SingleThreadEventExecutor.java:897)
	at org.apache.ratis.thirdparty.io.netty.util.concurrent.FastThreadLocalRunnable.run(FastThreadLocalRunnable.java:30)
	... 1 more
Caused by: java.net.ConnectException: Connection refused
	... 11 more
2019-10-09 13:04:27,149 [3eeab9a4-47d5-4980-9c6e-5102901e869a@group-C24D4FE0C6F2:LeaderElection40] INFO  impl.LeaderElection (LeaderElection.java:logAndReturn(56)) - 3eeab9a4-47d5-4980-9c6e-5102901e869a@group-C24D4FE0C6F2:LeaderElection40: Election REJECTED; received 0 response(s) [] and 2 exception(s); 3eeab9a4-47d5-4980-9c6e-5102901e869a@group-C24D4FE0C6F2:t6, leader=null, voted=3eeab9a4-47d5-4980-9c6e-5102901e869a, raftlog=3eeab9a4-47d5-4980-9c6e-5102901e869a@group-C24D4FE0C6F2-SegmentedRaftLog:OPENED:c16,f16,i16, conf=0: [4f75c367-51e4-41c9-9287-4e8dd97f5c38:192.168.5.175:40325, 3eeab9a4-47d5-4980-9c6e-5102901e869a:192.168.5.175:43254, f0cb1a3f-6ac7-4eb8-9514-6a797ff8471f:192.168.5.175:39769], old=null
2019-10-09 13:04:27,149 [3eeab9a4-47d5-4980-9c6e-5102901e869a@group-C24D4FE0C6F2:LeaderElection40] INFO  impl.LeaderElection (LogUtils.java:infoOrTrace(149)) -   Exception 0: {}
java.util.concurrent.ExecutionException: org.apache.ratis.thirdparty.io.grpc.StatusRuntimeException: UNAVAILABLE: io exception
	at java.util.concurrent.FutureTask.report(FutureTask.java:122)
	at java.util.concurrent.FutureTask.get(FutureTask.java:192)
	at org.apache.ratis.server.impl.LeaderElection.waitForResults(LeaderElection.java:263)
	at org.apache.ratis.server.impl.LeaderElection.askForVotes(LeaderElection.java:201)
	at org.apache.ratis.server.impl.LeaderElection.run(LeaderElection.java:133)
	at java.lang.Thread.run(Thread.java:748)
Caused by: org.apache.ratis.thirdparty.io.grpc.StatusRuntimeException: UNAVAILABLE: io exception
	at org.apache.ratis.thirdparty.io.grpc.stub.ClientCalls.toStatusRuntimeException(ClientCalls.java:233)
	at org.apache.ratis.thirdparty.io.grpc.stub.ClientCalls.getUnchecked(ClientCalls.java:214)
	at org.apache.ratis.thirdparty.io.grpc.stub.ClientCalls.blockingUnaryCall(ClientCalls.java:139)
	at org.apache.ratis.proto.grpc.RaftServerProtocolServiceGrpc$RaftServerProtocolServiceBlockingStub.requestVote(RaftServerProtocolServiceGrpc.java:265)
	at org.apache.ratis.grpc.server.GrpcServerProtocolClient.requestVote(GrpcServerProtocolClient.java:90)
	at org.apache.ratis.grpc.server.GrpcService.requestVote(GrpcService.java:204)
	at org.apache.ratis.server.impl.LeaderElection.lambda$submitRequests$1(LeaderElection.java:238)
	at java.util.concurrent.FutureTask.run(FutureTask.java:266)
	at java.util.concurrent.Executors$RunnableAdapter.call(Executors.java:511)
	at java.util.concurrent.FutureTask.run(FutureTask.java:266)
	at java.util.concurrent.ThreadPoolExecutor.runWorker(ThreadPoolExecutor.java:1149)
	at java.util.concurrent.ThreadPoolExecutor$Worker.run(ThreadPoolExecutor.java:624)
	... 1 more
Caused by: org.apache.ratis.thirdparty.io.netty.channel.AbstractChannel$AnnotatedConnectException: Connection refused: /192.168.5.175:40325
	at sun.nio.ch.SocketChannelImpl.checkConnect(Native Method)
	at sun.nio.ch.SocketChannelImpl.finishConnect(SocketChannelImpl.java:717)
	at org.apache.ratis.thirdparty.io.netty.channel.socket.nio.NioSocketChannel.doFinishConnect(NioSocketChannel.java:327)
	at org.apache.ratis.thirdparty.io.netty.channel.nio.AbstractNioChannel$AbstractNioUnsafe.finishConnect(AbstractNioChannel.java:340)
	at org.apache.ratis.thirdparty.io.netty.channel.nio.NioEventLoop.processSelectedKey(NioEventLoop.java:632)
	at org.apache.ratis.thirdparty.io.netty.channel.nio.NioEventLoop.processSelectedKeysOptimized(NioEventLoop.java:579)
	at org.apache.ratis.thirdparty.io.netty.channel.nio.NioEventLoop.processSelectedKeys(NioEventLoop.java:496)
	at org.apache.ratis.thirdparty.io.netty.channel.nio.NioEventLoop.run(NioEventLoop.java:458)
	at org.apache.ratis.thirdparty.io.netty.util.concurrent.SingleThreadEventExecutor$5.run(SingleThreadEventExecutor.java:897)
	at org.apache.ratis.thirdparty.io.netty.util.concurrent.FastThreadLocalRunnable.run(FastThreadLocalRunnable.java:30)
	... 1 more
Caused by: java.net.ConnectException: Connection refused
	... 11 more
2019-10-09 13:04:27,150 [3eeab9a4-47d5-4980-9c6e-5102901e869a@group-C24D4FE0C6F2:LeaderElection40] INFO  impl.LeaderElection (LogUtils.java:infoOrTrace(149)) -   Exception 1: {}
java.util.concurrent.ExecutionException: org.apache.ratis.thirdparty.io.grpc.StatusRuntimeException: UNAVAILABLE: io exception
	at java.util.concurrent.FutureTask.report(FutureTask.java:122)
	at java.util.concurrent.FutureTask.get(FutureTask.java:192)
	at org.apache.ratis.server.impl.LeaderElection.waitForResults(LeaderElection.java:263)
	at org.apache.ratis.server.impl.LeaderElection.askForVotes(LeaderElection.java:201)
	at org.apache.ratis.server.impl.LeaderElection.run(LeaderElection.java:133)
	at java.lang.Thread.run(Thread.java:748)
Caused by: org.apache.ratis.thirdparty.io.grpc.StatusRuntimeException: UNAVAILABLE: io exception
	at org.apache.ratis.thirdparty.io.grpc.stub.ClientCalls.toStatusRuntimeException(ClientCalls.java:233)
	at org.apache.ratis.thirdparty.io.grpc.stub.ClientCalls.getUnchecked(ClientCalls.java:214)
	at org.apache.ratis.thirdparty.io.grpc.stub.ClientCalls.blockingUnaryCall(ClientCalls.java:139)
	at org.apache.ratis.proto.grpc.RaftServerProtocolServiceGrpc$RaftServerProtocolServiceBlockingStub.requestVote(RaftServerProtocolServiceGrpc.java:265)
	at org.apache.ratis.grpc.server.GrpcServerProtocolClient.requestVote(GrpcServerProtocolClient.java:90)
	at org.apache.ratis.grpc.server.GrpcService.requestVote(GrpcService.java:204)
	at org.apache.ratis.server.impl.LeaderElection.lambda$submitRequests$1(LeaderElection.java:238)
	at java.util.concurrent.FutureTask.run(FutureTask.java:266)
	at java.util.concurrent.Executors$RunnableAdapter.call(Executors.java:511)
	at java.util.concurrent.FutureTask.run(FutureTask.java:266)
	at java.util.concurrent.ThreadPoolExecutor.runWorker(ThreadPoolExecutor.java:1149)
	at java.util.concurrent.ThreadPoolExecutor$Worker.run(ThreadPoolExecutor.java:624)
	... 1 more
Caused by: org.apache.ratis.thirdparty.io.netty.channel.AbstractChannel$AnnotatedConnectException: Connection refused: /192.168.5.175:39769
	at sun.nio.ch.SocketChannelImpl.checkConnect(Native Method)
	at sun.nio.ch.SocketChannelImpl.finishConnect(SocketChannelImpl.java:717)
	at org.apache.ratis.thirdparty.io.netty.channel.socket.nio.NioSocketChannel.doFinishConnect(NioSocketChannel.java:327)
	at org.apache.ratis.thirdparty.io.netty.channel.nio.AbstractNioChannel$AbstractNioUnsafe.finishConnect(AbstractNioChannel.java:340)
	at org.apache.ratis.thirdparty.io.netty.channel.nio.NioEventLoop.processSelectedKey(NioEventLoop.java:632)
	at org.apache.ratis.thirdparty.io.netty.channel.nio.NioEventLoop.processSelectedKeysOptimized(NioEventLoop.java:579)
	at org.apache.ratis.thirdparty.io.netty.channel.nio.NioEventLoop.processSelectedKeys(NioEventLoop.java:496)
	at org.apache.ratis.thirdparty.io.netty.channel.nio.NioEventLoop.run(NioEventLoop.java:458)
	at org.apache.ratis.thirdparty.io.netty.util.concurrent.SingleThreadEventExecutor$5.run(SingleThreadEventExecutor.java:897)
	at org.apache.ratis.thirdparty.io.netty.util.concurrent.FastThreadLocalRunnable.run(FastThreadLocalRunnable.java:30)
	... 1 more
Caused by: java.net.ConnectException: Connection refused
	... 11 more
2019-10-09 13:04:27,153 [3eeab9a4-47d5-4980-9c6e-5102901e869a@group-C24D4FE0C6F2:LeaderElection40] INFO  impl.RaftServerImpl (RaftServerImpl.java:setRole(174)) - 3eeab9a4-47d5-4980-9c6e-5102901e869a@group-C24D4FE0C6F2: changes role from CANDIDATE to FOLLOWER at term 6 for DISCOVERED_A_NEW_TERM
2019-10-09 13:04:27,155 [3eeab9a4-47d5-4980-9c6e-5102901e869a@group-C24D4FE0C6F2:LeaderElection40] INFO  impl.RoleInfo (RoleInfo.java:shutdownLeaderElection(134)) - 3eeab9a4-47d5-4980-9c6e-5102901e869a: shutdown LeaderElection
2019-10-09 13:04:27,155 [3eeab9a4-47d5-4980-9c6e-5102901e869a@group-C24D4FE0C6F2:LeaderElection40] INFO  impl.RoleInfo (RoleInfo.java:updateAndGet(143)) - 3eeab9a4-47d5-4980-9c6e-5102901e869a: start FollowerState
2019-10-09 13:04:27,262 [Thread-669] INFO  impl.FollowerState (FollowerState.java:run(106)) - 3eeab9a4-47d5-4980-9c6e-5102901e869a:group-F4DE2F4D7E72 changes to CANDIDATE, lastRpcTime:5184, electionTimeout:5184ms
2019-10-09 13:04:27,264 [Thread-669] INFO  impl.RoleInfo (RoleInfo.java:shutdownFollowerState(121)) - 3eeab9a4-47d5-4980-9c6e-5102901e869a: shutdown FollowerState
2019-10-09 13:04:27,265 [Thread-669] INFO  impl.RaftServerImpl (RaftServerImpl.java:setRole(174)) - 3eeab9a4-47d5-4980-9c6e-5102901e869a@group-F4DE2F4D7E72: changes role from  FOLLOWER to CANDIDATE at term 4 for changeToCandidate
2019-10-09 13:04:27,265 [Thread-669] INFO  impl.RoleInfo (RoleInfo.java:updateAndGet(143)) - 3eeab9a4-47d5-4980-9c6e-5102901e869a: start LeaderElection
2019-10-09 13:04:27,280 [3eeab9a4-47d5-4980-9c6e-5102901e869a@group-F4DE2F4D7E72:LeaderElection41] INFO  impl.LeaderElection (LeaderElection.java:askForVotes(182)) - 3eeab9a4-47d5-4980-9c6e-5102901e869a@group-F4DE2F4D7E72:LeaderElection41: begin an election at term 5 for 0: [4f75c367-51e4-41c9-9287-4e8dd97f5c38:192.168.5.175:40325, 3eeab9a4-47d5-4980-9c6e-5102901e869a:192.168.5.175:43254, f0cb1a3f-6ac7-4eb8-9514-6a797ff8471f:192.168.5.175:39769], old=null
2019-10-09 13:04:27,281 [3eeab9a4-47d5-4980-9c6e-5102901e869a@group-F4DE2F4D7E72:LeaderElection41] INFO  impl.LeaderElection (LogUtils.java:infoOrTrace(149)) - 3eeab9a4-47d5-4980-9c6e-5102901e869a@group-F4DE2F4D7E72:LeaderElection41 got exception when requesting votes: {}
java.util.concurrent.ExecutionException: org.apache.ratis.thirdparty.io.grpc.StatusRuntimeException: UNAVAILABLE: io exception
	at java.util.concurrent.FutureTask.report(FutureTask.java:122)
	at java.util.concurrent.FutureTask.get(FutureTask.java:192)
	at org.apache.ratis.server.impl.LeaderElection.waitForResults(LeaderElection.java:263)
	at org.apache.ratis.server.impl.LeaderElection.askForVotes(LeaderElection.java:201)
	at org.apache.ratis.server.impl.LeaderElection.run(LeaderElection.java:133)
	at java.lang.Thread.run(Thread.java:748)
Caused by: org.apache.ratis.thirdparty.io.grpc.StatusRuntimeException: UNAVAILABLE: io exception
	at org.apache.ratis.thirdparty.io.grpc.stub.ClientCalls.toStatusRuntimeException(ClientCalls.java:233)
	at org.apache.ratis.thirdparty.io.grpc.stub.ClientCalls.getUnchecked(ClientCalls.java:214)
	at org.apache.ratis.thirdparty.io.grpc.stub.ClientCalls.blockingUnaryCall(ClientCalls.java:139)
	at org.apache.ratis.proto.grpc.RaftServerProtocolServiceGrpc$RaftServerProtocolServiceBlockingStub.requestVote(RaftServerProtocolServiceGrpc.java:265)
	at org.apache.ratis.grpc.server.GrpcServerProtocolClient.requestVote(GrpcServerProtocolClient.java:90)
	at org.apache.ratis.grpc.server.GrpcService.requestVote(GrpcService.java:204)
	at org.apache.ratis.server.impl.LeaderElection.lambda$submitRequests$1(LeaderElection.java:238)
	at java.util.concurrent.FutureTask.run(FutureTask.java:266)
	at java.util.concurrent.Executors$RunnableAdapter.call(Executors.java:511)
	at java.util.concurrent.FutureTask.run(FutureTask.java:266)
	at java.util.concurrent.ThreadPoolExecutor.runWorker(ThreadPoolExecutor.java:1149)
	at java.util.concurrent.ThreadPoolExecutor$Worker.run(ThreadPoolExecutor.java:624)
	... 1 more
Caused by: org.apache.ratis.thirdparty.io.netty.channel.AbstractChannel$AnnotatedConnectException: Connection refused: /192.168.5.175:40325
	at sun.nio.ch.SocketChannelImpl.checkConnect(Native Method)
	at sun.nio.ch.SocketChannelImpl.finishConnect(SocketChannelImpl.java:717)
	at org.apache.ratis.thirdparty.io.netty.channel.socket.nio.NioSocketChannel.doFinishConnect(NioSocketChannel.java:327)
	at org.apache.ratis.thirdparty.io.netty.channel.nio.AbstractNioChannel$AbstractNioUnsafe.finishConnect(AbstractNioChannel.java:340)
	at org.apache.ratis.thirdparty.io.netty.channel.nio.NioEventLoop.processSelectedKey(NioEventLoop.java:632)
	at org.apache.ratis.thirdparty.io.netty.channel.nio.NioEventLoop.processSelectedKeysOptimized(NioEventLoop.java:579)
	at org.apache.ratis.thirdparty.io.netty.channel.nio.NioEventLoop.processSelectedKeys(NioEventLoop.java:496)
	at org.apache.ratis.thirdparty.io.netty.channel.nio.NioEventLoop.run(NioEventLoop.java:458)
	at org.apache.ratis.thirdparty.io.netty.util.concurrent.SingleThreadEventExecutor$5.run(SingleThreadEventExecutor.java:897)
	at org.apache.ratis.thirdparty.io.netty.util.concurrent.FastThreadLocalRunnable.run(FastThreadLocalRunnable.java:30)
	... 1 more
Caused by: java.net.ConnectException: Connection refused
	... 11 more
2019-10-09 13:04:27,284 [3eeab9a4-47d5-4980-9c6e-5102901e869a@group-F4DE2F4D7E72:LeaderElection41] INFO  impl.LeaderElection (LogUtils.java:infoOrTrace(149)) - 3eeab9a4-47d5-4980-9c6e-5102901e869a@group-F4DE2F4D7E72:LeaderElection41 got exception when requesting votes: {}
java.util.concurrent.ExecutionException: org.apache.ratis.thirdparty.io.grpc.StatusRuntimeException: UNAVAILABLE: io exception
	at java.util.concurrent.FutureTask.report(FutureTask.java:122)
	at java.util.concurrent.FutureTask.get(FutureTask.java:192)
	at org.apache.ratis.server.impl.LeaderElection.waitForResults(LeaderElection.java:263)
	at org.apache.ratis.server.impl.LeaderElection.askForVotes(LeaderElection.java:201)
	at org.apache.ratis.server.impl.LeaderElection.run(LeaderElection.java:133)
	at java.lang.Thread.run(Thread.java:748)
Caused by: org.apache.ratis.thirdparty.io.grpc.StatusRuntimeException: UNAVAILABLE: io exception
	at org.apache.ratis.thirdparty.io.grpc.stub.ClientCalls.toStatusRuntimeException(ClientCalls.java:233)
	at org.apache.ratis.thirdparty.io.grpc.stub.ClientCalls.getUnchecked(ClientCalls.java:214)
	at org.apache.ratis.thirdparty.io.grpc.stub.ClientCalls.blockingUnaryCall(ClientCalls.java:139)
	at org.apache.ratis.proto.grpc.RaftServerProtocolServiceGrpc$RaftServerProtocolServiceBlockingStub.requestVote(RaftServerProtocolServiceGrpc.java:265)
	at org.apache.ratis.grpc.server.GrpcServerProtocolClient.requestVote(GrpcServerProtocolClient.java:90)
	at org.apache.ratis.grpc.server.GrpcService.requestVote(GrpcService.java:204)
	at org.apache.ratis.server.impl.LeaderElection.lambda$submitRequests$1(LeaderElection.java:238)
	at java.util.concurrent.FutureTask.run(FutureTask.java:266)
	at java.util.concurrent.Executors$RunnableAdapter.call(Executors.java:511)
	at java.util.concurrent.FutureTask.run(FutureTask.java:266)
	at java.util.concurrent.ThreadPoolExecutor.runWorker(ThreadPoolExecutor.java:1149)
	at java.util.concurrent.ThreadPoolExecutor$Worker.run(ThreadPoolExecutor.java:624)
	... 1 more
Caused by: org.apache.ratis.thirdparty.io.netty.channel.AbstractChannel$AnnotatedConnectException: Connection refused: /192.168.5.175:39769
	at sun.nio.ch.SocketChannelImpl.checkConnect(Native Method)
	at sun.nio.ch.SocketChannelImpl.finishConnect(SocketChannelImpl.java:717)
	at org.apache.ratis.thirdparty.io.netty.channel.socket.nio.NioSocketChannel.doFinishConnect(NioSocketChannel.java:327)
	at org.apache.ratis.thirdparty.io.netty.channel.nio.AbstractNioChannel$AbstractNioUnsafe.finishConnect(AbstractNioChannel.java:340)
	at org.apache.ratis.thirdparty.io.netty.channel.nio.NioEventLoop.processSelectedKey(NioEventLoop.java:632)
	at org.apache.ratis.thirdparty.io.netty.channel.nio.NioEventLoop.processSelectedKeysOptimized(NioEventLoop.java:579)
	at org.apache.ratis.thirdparty.io.netty.channel.nio.NioEventLoop.processSelectedKeys(NioEventLoop.java:496)
	at org.apache.ratis.thirdparty.io.netty.channel.nio.NioEventLoop.run(NioEventLoop.java:458)
	at org.apache.ratis.thirdparty.io.netty.util.concurrent.SingleThreadEventExecutor$5.run(SingleThreadEventExecutor.java:897)
	at org.apache.ratis.thirdparty.io.netty.util.concurrent.FastThreadLocalRunnable.run(FastThreadLocalRunnable.java:30)
	... 1 more
Caused by: java.net.ConnectException: Connection refused
	... 11 more
2019-10-09 13:04:27,295 [3eeab9a4-47d5-4980-9c6e-5102901e869a@group-F4DE2F4D7E72:LeaderElection41] INFO  impl.LeaderElection (LeaderElection.java:logAndReturn(56)) - 3eeab9a4-47d5-4980-9c6e-5102901e869a@group-F4DE2F4D7E72:LeaderElection41: Election REJECTED; received 0 response(s) [] and 2 exception(s); 3eeab9a4-47d5-4980-9c6e-5102901e869a@group-F4DE2F4D7E72:t5, leader=null, voted=3eeab9a4-47d5-4980-9c6e-5102901e869a, raftlog=3eeab9a4-47d5-4980-9c6e-5102901e869a@group-F4DE2F4D7E72-SegmentedRaftLog:OPENED:c0,f0,i0, conf=0: [4f75c367-51e4-41c9-9287-4e8dd97f5c38:192.168.5.175:40325, 3eeab9a4-47d5-4980-9c6e-5102901e869a:192.168.5.175:43254, f0cb1a3f-6ac7-4eb8-9514-6a797ff8471f:192.168.5.175:39769], old=null
2019-10-09 13:04:27,295 [3eeab9a4-47d5-4980-9c6e-5102901e869a@group-F4DE2F4D7E72:LeaderElection41] INFO  impl.LeaderElection (LogUtils.java:infoOrTrace(149)) -   Exception 0: {}
java.util.concurrent.ExecutionException: org.apache.ratis.thirdparty.io.grpc.StatusRuntimeException: UNAVAILABLE: io exception
	at java.util.concurrent.FutureTask.report(FutureTask.java:122)
	at java.util.concurrent.FutureTask.get(FutureTask.java:192)
	at org.apache.ratis.server.impl.LeaderElection.waitForResults(LeaderElection.java:263)
	at org.apache.ratis.server.impl.LeaderElection.askForVotes(LeaderElection.java:201)
	at org.apache.ratis.server.impl.LeaderElection.run(LeaderElection.java:133)
	at java.lang.Thread.run(Thread.java:748)
Caused by: org.apache.ratis.thirdparty.io.grpc.StatusRuntimeException: UNAVAILABLE: io exception
	at org.apache.ratis.thirdparty.io.grpc.stub.ClientCalls.toStatusRuntimeException(ClientCalls.java:233)
	at org.apache.ratis.thirdparty.io.grpc.stub.ClientCalls.getUnchecked(ClientCalls.java:214)
	at org.apache.ratis.thirdparty.io.grpc.stub.ClientCalls.blockingUnaryCall(ClientCalls.java:139)
	at org.apache.ratis.proto.grpc.RaftServerProtocolServiceGrpc$RaftServerProtocolServiceBlockingStub.requestVote(RaftServerProtocolServiceGrpc.java:265)
	at org.apache.ratis.grpc.server.GrpcServerProtocolClient.requestVote(GrpcServerProtocolClient.java:90)
	at org.apache.ratis.grpc.server.GrpcService.requestVote(GrpcService.java:204)
	at org.apache.ratis.server.impl.LeaderElection.lambda$submitRequests$1(LeaderElection.java:238)
	at java.util.concurrent.FutureTask.run(FutureTask.java:266)
	at java.util.concurrent.Executors$RunnableAdapter.call(Executors.java:511)
	at java.util.concurrent.FutureTask.run(FutureTask.java:266)
	at java.util.concurrent.ThreadPoolExecutor.runWorker(ThreadPoolExecutor.java:1149)
	at java.util.concurrent.ThreadPoolExecutor$Worker.run(ThreadPoolExecutor.java:624)
	... 1 more
Caused by: org.apache.ratis.thirdparty.io.netty.channel.AbstractChannel$AnnotatedConnectException: Connection refused: /192.168.5.175:40325
	at sun.nio.ch.SocketChannelImpl.checkConnect(Native Method)
	at sun.nio.ch.SocketChannelImpl.finishConnect(SocketChannelImpl.java:717)
	at org.apache.ratis.thirdparty.io.netty.channel.socket.nio.NioSocketChannel.doFinishConnect(NioSocketChannel.java:327)
	at org.apache.ratis.thirdparty.io.netty.channel.nio.AbstractNioChannel$AbstractNioUnsafe.finishConnect(AbstractNioChannel.java:340)
	at org.apache.ratis.thirdparty.io.netty.channel.nio.NioEventLoop.processSelectedKey(NioEventLoop.java:632)
	at org.apache.ratis.thirdparty.io.netty.channel.nio.NioEventLoop.processSelectedKeysOptimized(NioEventLoop.java:579)
	at org.apache.ratis.thirdparty.io.netty.channel.nio.NioEventLoop.processSelectedKeys(NioEventLoop.java:496)
	at org.apache.ratis.thirdparty.io.netty.channel.nio.NioEventLoop.run(NioEventLoop.java:458)
	at org.apache.ratis.thirdparty.io.netty.util.concurrent.SingleThreadEventExecutor$5.run(SingleThreadEventExecutor.java:897)
	at org.apache.ratis.thirdparty.io.netty.util.concurrent.FastThreadLocalRunnable.run(FastThreadLocalRunnable.java:30)
	... 1 more
Caused by: java.net.ConnectException: Connection refused
	... 11 more
2019-10-09 13:04:27,298 [3eeab9a4-47d5-4980-9c6e-5102901e869a@group-F4DE2F4D7E72:LeaderElection41] INFO  impl.LeaderElection (LogUtils.java:infoOrTrace(149)) -   Exception 1: {}
java.util.concurrent.ExecutionException: org.apache.ratis.thirdparty.io.grpc.StatusRuntimeException: UNAVAILABLE: io exception
	at java.util.concurrent.FutureTask.report(FutureTask.java:122)
	at java.util.concurrent.FutureTask.get(FutureTask.java:192)
	at org.apache.ratis.server.impl.LeaderElection.waitForResults(LeaderElection.java:263)
	at org.apache.ratis.server.impl.LeaderElection.askForVotes(LeaderElection.java:201)
	at org.apache.ratis.server.impl.LeaderElection.run(LeaderElection.java:133)
	at java.lang.Thread.run(Thread.java:748)
Caused by: org.apache.ratis.thirdparty.io.grpc.StatusRuntimeException: UNAVAILABLE: io exception
	at org.apache.ratis.thirdparty.io.grpc.stub.ClientCalls.toStatusRuntimeException(ClientCalls.java:233)
	at org.apache.ratis.thirdparty.io.grpc.stub.ClientCalls.getUnchecked(ClientCalls.java:214)
	at org.apache.ratis.thirdparty.io.grpc.stub.ClientCalls.blockingUnaryCall(ClientCalls.java:139)
	at org.apache.ratis.proto.grpc.RaftServerProtocolServiceGrpc$RaftServerProtocolServiceBlockingStub.requestVote(RaftServerProtocolServiceGrpc.java:265)
	at org.apache.ratis.grpc.server.GrpcServerProtocolClient.requestVote(GrpcServerProtocolClient.java:90)
	at org.apache.ratis.grpc.server.GrpcService.requestVote(GrpcService.java:204)
	at org.apache.ratis.server.impl.LeaderElection.lambda$submitRequests$1(LeaderElection.java:238)
	at java.util.concurrent.FutureTask.run(FutureTask.java:266)
	at java.util.concurrent.Executors$RunnableAdapter.call(Executors.java:511)
	at java.util.concurrent.FutureTask.run(FutureTask.java:266)
	at java.util.concurrent.ThreadPoolExecutor.runWorker(ThreadPoolExecutor.java:1149)
	at java.util.concurrent.ThreadPoolExecutor$Worker.run(ThreadPoolExecutor.java:624)
	... 1 more
Caused by: org.apache.ratis.thirdparty.io.netty.channel.AbstractChannel$AnnotatedConnectException: Connection refused: /192.168.5.175:39769
	at sun.nio.ch.SocketChannelImpl.checkConnect(Native Method)
	at sun.nio.ch.SocketChannelImpl.finishConnect(SocketChannelImpl.java:717)
	at org.apache.ratis.thirdparty.io.netty.channel.socket.nio.NioSocketChannel.doFinishConnect(NioSocketChannel.java:327)
	at org.apache.ratis.thirdparty.io.netty.channel.nio.AbstractNioChannel$AbstractNioUnsafe.finishConnect(AbstractNioChannel.java:340)
	at org.apache.ratis.thirdparty.io.netty.channel.nio.NioEventLoop.processSelectedKey(NioEventLoop.java:632)
	at org.apache.ratis.thirdparty.io.netty.channel.nio.NioEventLoop.processSelectedKeysOptimized(NioEventLoop.java:579)
	at org.apache.ratis.thirdparty.io.netty.channel.nio.NioEventLoop.processSelectedKeys(NioEventLoop.java:496)
	at org.apache.ratis.thirdparty.io.netty.channel.nio.NioEventLoop.run(NioEventLoop.java:458)
	at org.apache.ratis.thirdparty.io.netty.util.concurrent.SingleThreadEventExecutor$5.run(SingleThreadEventExecutor.java:897)
	at org.apache.ratis.thirdparty.io.netty.util.concurrent.FastThreadLocalRunnable.run(FastThreadLocalRunnable.java:30)
	... 1 more
Caused by: java.net.ConnectException: Connection refused
	... 11 more
2019-10-09 13:04:27,299 [3eeab9a4-47d5-4980-9c6e-5102901e869a@group-F4DE2F4D7E72:LeaderElection41] INFO  impl.RaftServerImpl (RaftServerImpl.java:setRole(174)) - 3eeab9a4-47d5-4980-9c6e-5102901e869a@group-F4DE2F4D7E72: changes role from CANDIDATE to FOLLOWER at term 5 for DISCOVERED_A_NEW_TERM
2019-10-09 13:04:27,299 [3eeab9a4-47d5-4980-9c6e-5102901e869a@group-F4DE2F4D7E72:LeaderElection41] INFO  impl.RoleInfo (RoleInfo.java:shutdownLeaderElection(134)) - 3eeab9a4-47d5-4980-9c6e-5102901e869a: shutdown LeaderElection
2019-10-09 13:04:27,299 [3eeab9a4-47d5-4980-9c6e-5102901e869a@group-F4DE2F4D7E72:LeaderElection41] INFO  impl.RoleInfo (RoleInfo.java:updateAndGet(143)) - 3eeab9a4-47d5-4980-9c6e-5102901e869a: start FollowerState
2019-10-09 13:04:28,896 [grpc-default-executor-4] WARN  server.GrpcLogAppender (LogUtils.java:warn(134)) - 3eeab9a4-47d5-4980-9c6e-5102901e869a@group-DDAC6CD64C05->f0cb1a3f-6ac7-4eb8-9514-6a797ff8471f-AppendLogResponseHandler: Failed appendEntries: org.apache.ratis.thirdparty.io.grpc.StatusRuntimeException: UNAVAILABLE: io exception
2019-10-09 13:04:28,899 [grpc-default-executor-4] INFO  impl.FollowerInfo (FollowerInfo.java:lambda$new$0(51)) - 3eeab9a4-47d5-4980-9c6e-5102901e869a@group-DDAC6CD64C05->f0cb1a3f-6ac7-4eb8-9514-6a797ff8471f: nextIndex: updateUnconditionally 0 -> 0
2019-10-09 13:04:28,924 [grpc-default-executor-4] WARN  server.GrpcLogAppender (LogUtils.java:warn(134)) - 3eeab9a4-47d5-4980-9c6e-5102901e869a@group-DDAC6CD64C05->4f75c367-51e4-41c9-9287-4e8dd97f5c38-AppendLogResponseHandler: Failed appendEntries: org.apache.ratis.thirdparty.io.grpc.StatusRuntimeException: UNAVAILABLE: io exception
2019-10-09 13:04:28,924 [grpc-default-executor-4] INFO  impl.FollowerInfo (FollowerInfo.java:lambda$new$0(51)) - 3eeab9a4-47d5-4980-9c6e-5102901e869a@group-DDAC6CD64C05->4f75c367-51e4-41c9-9287-4e8dd97f5c38: nextIndex: updateUnconditionally 0 -> 0
2019-10-09 13:04:29,001 [grpc-default-executor-7] WARN  server.GrpcLogAppender (LogUtils.java:warn(134)) - 3eeab9a4-47d5-4980-9c6e-5102901e869a@group-75761DEE94FB->f0cb1a3f-6ac7-4eb8-9514-6a797ff8471f-AppendLogResponseHandler: Failed appendEntries: org.apache.ratis.thirdparty.io.grpc.StatusRuntimeException: UNAVAILABLE: io exception
2019-10-09 13:04:29,001 [grpc-default-executor-7] INFO  impl.FollowerInfo (FollowerInfo.java:lambda$new$0(51)) - 3eeab9a4-47d5-4980-9c6e-5102901e869a@group-75761DEE94FB->f0cb1a3f-6ac7-4eb8-9514-6a797ff8471f: nextIndex: updateUnconditionally 0 -> 0
2019-10-09 13:04:29,009 [grpc-default-executor-7] WARN  server.GrpcLogAppender (LogUtils.java:warn(134)) - 3eeab9a4-47d5-4980-9c6e-5102901e869a@group-75761DEE94FB->4f75c367-51e4-41c9-9287-4e8dd97f5c38-AppendLogResponseHandler: Failed appendEntries: org.apache.ratis.thirdparty.io.grpc.StatusRuntimeException: UNAVAILABLE: io exception
2019-10-09 13:04:29,010 [grpc-default-executor-7] INFO  impl.FollowerInfo (FollowerInfo.java:lambda$new$0(51)) - 3eeab9a4-47d5-4980-9c6e-5102901e869a@group-75761DEE94FB->4f75c367-51e4-41c9-9287-4e8dd97f5c38: nextIndex: updateUnconditionally 0 -> 0
2019-10-09 13:04:29,188 [grpc-default-executor-4] WARN  server.GrpcLogAppender (LogUtils.java:warn(134)) - 3eeab9a4-47d5-4980-9c6e-5102901e869a@group-153C1C6005E2->f0cb1a3f-6ac7-4eb8-9514-6a797ff8471f-AppendLogResponseHandler: Failed appendEntries: org.apache.ratis.thirdparty.io.grpc.StatusRuntimeException: UNAVAILABLE: io exception
2019-10-09 13:04:29,188 [grpc-default-executor-4] INFO  impl.FollowerInfo (FollowerInfo.java:lambda$new$0(51)) - 3eeab9a4-47d5-4980-9c6e-5102901e869a@group-153C1C6005E2->f0cb1a3f-6ac7-4eb8-9514-6a797ff8471f: nextIndex: updateUnconditionally 0 -> 0
2019-10-09 13:04:29,194 [grpc-default-executor-7] WARN  server.GrpcLogAppender (LogUtils.java:warn(134)) - 3eeab9a4-47d5-4980-9c6e-5102901e869a@group-153C1C6005E2->4f75c367-51e4-41c9-9287-4e8dd97f5c38-AppendLogResponseHandler: Failed appendEntries: org.apache.ratis.thirdparty.io.grpc.StatusRuntimeException: UNAVAILABLE: io exception
2019-10-09 13:04:29,195 [grpc-default-executor-7] INFO  impl.FollowerInfo (FollowerInfo.java:lambda$new$0(51)) - 3eeab9a4-47d5-4980-9c6e-5102901e869a@group-153C1C6005E2->4f75c367-51e4-41c9-9287-4e8dd97f5c38: nextIndex: updateUnconditionally 0 -> 0
2019-10-09 13:04:31,398 [grpc-default-executor-4] WARN  server.GrpcLogAppender (LogUtils.java:warn(134)) - 3eeab9a4-47d5-4980-9c6e-5102901e869a@group-DDAC6CD64C05->f0cb1a3f-6ac7-4eb8-9514-6a797ff8471f-AppendLogResponseHandler: Failed appendEntries: org.apache.ratis.thirdparty.io.grpc.StatusRuntimeException: UNAVAILABLE: io exception
2019-10-09 13:04:31,399 [grpc-default-executor-4] INFO  impl.FollowerInfo (FollowerInfo.java:lambda$new$0(51)) - 3eeab9a4-47d5-4980-9c6e-5102901e869a@group-DDAC6CD64C05->f0cb1a3f-6ac7-4eb8-9514-6a797ff8471f: nextIndex: updateUnconditionally 0 -> 0
2019-10-09 13:04:31,426 [grpc-default-executor-9] WARN  server.GrpcLogAppender (LogUtils.java:warn(134)) - 3eeab9a4-47d5-4980-9c6e-5102901e869a@group-DDAC6CD64C05->4f75c367-51e4-41c9-9287-4e8dd97f5c38-AppendLogResponseHandler: Failed appendEntries: org.apache.ratis.thirdparty.io.grpc.StatusRuntimeException: UNAVAILABLE: io exception
2019-10-09 13:04:31,426 [grpc-default-executor-9] INFO  impl.FollowerInfo (FollowerInfo.java:lambda$new$0(51)) - 3eeab9a4-47d5-4980-9c6e-5102901e869a@group-DDAC6CD64C05->4f75c367-51e4-41c9-9287-4e8dd97f5c38: nextIndex: updateUnconditionally 0 -> 0
2019-10-09 13:04:31,501 [grpc-default-executor-7] WARN  server.GrpcLogAppender (LogUtils.java:warn(134)) - 3eeab9a4-47d5-4980-9c6e-5102901e869a@group-75761DEE94FB->f0cb1a3f-6ac7-4eb8-9514-6a797ff8471f-AppendLogResponseHandler: Failed appendEntries: org.apache.ratis.thirdparty.io.grpc.StatusRuntimeException: UNAVAILABLE: io exception
2019-10-09 13:04:31,501 [grpc-default-executor-7] INFO  impl.FollowerInfo (FollowerInfo.java:lambda$new$0(51)) - 3eeab9a4-47d5-4980-9c6e-5102901e869a@group-75761DEE94FB->f0cb1a3f-6ac7-4eb8-9514-6a797ff8471f: nextIndex: updateUnconditionally 0 -> 0
2019-10-09 13:04:31,510 [grpc-default-executor-4] WARN  server.GrpcLogAppender (LogUtils.java:warn(134)) - 3eeab9a4-47d5-4980-9c6e-5102901e869a@group-75761DEE94FB->4f75c367-51e4-41c9-9287-4e8dd97f5c38-AppendLogResponseHandler: Failed appendEntries: org.apache.ratis.thirdparty.io.grpc.StatusRuntimeException: UNAVAILABLE: io exception
2019-10-09 13:04:31,511 [grpc-default-executor-4] INFO  impl.FollowerInfo (FollowerInfo.java:lambda$new$0(51)) - 3eeab9a4-47d5-4980-9c6e-5102901e869a@group-75761DEE94FB->4f75c367-51e4-41c9-9287-4e8dd97f5c38: nextIndex: updateUnconditionally 0 -> 0
2019-10-09 13:04:31,690 [grpc-default-executor-9] WARN  server.GrpcLogAppender (LogUtils.java:warn(134)) - 3eeab9a4-47d5-4980-9c6e-5102901e869a@group-153C1C6005E2->f0cb1a3f-6ac7-4eb8-9514-6a797ff8471f-AppendLogResponseHandler: Failed appendEntries: org.apache.ratis.thirdparty.io.grpc.StatusRuntimeException: UNAVAILABLE: io exception
2019-10-09 13:04:31,691 [grpc-default-executor-9] INFO  impl.FollowerInfo (FollowerInfo.java:lambda$new$0(51)) - 3eeab9a4-47d5-4980-9c6e-5102901e869a@group-153C1C6005E2->f0cb1a3f-6ac7-4eb8-9514-6a797ff8471f: nextIndex: updateUnconditionally 0 -> 0
2019-10-09 13:04:31,695 [grpc-default-executor-7] WARN  server.GrpcLogAppender (LogUtils.java:warn(134)) - 3eeab9a4-47d5-4980-9c6e-5102901e869a@group-153C1C6005E2->4f75c367-51e4-41c9-9287-4e8dd97f5c38-AppendLogResponseHandler: Failed appendEntries: org.apache.ratis.thirdparty.io.grpc.StatusRuntimeException: UNAVAILABLE: io exception
2019-10-09 13:04:31,696 [grpc-default-executor-7] INFO  impl.FollowerInfo (FollowerInfo.java:lambda$new$0(51)) - 3eeab9a4-47d5-4980-9c6e-5102901e869a@group-153C1C6005E2->4f75c367-51e4-41c9-9287-4e8dd97f5c38: nextIndex: updateUnconditionally 0 -> 0
2019-10-09 13:04:31,957 [Thread-680] INFO  impl.FollowerState (FollowerState.java:run(106)) - 3eeab9a4-47d5-4980-9c6e-5102901e869a:group-6247FF3E413E changes to CANDIDATE, lastRpcTime:5186, electionTimeout:5186ms
2019-10-09 13:04:31,958 [Thread-680] INFO  impl.RoleInfo (RoleInfo.java:shutdownFollowerState(121)) - 3eeab9a4-47d5-4980-9c6e-5102901e869a: shutdown FollowerState
2019-10-09 13:04:31,958 [Thread-680] INFO  impl.RaftServerImpl (RaftServerImpl.java:setRole(174)) - 3eeab9a4-47d5-4980-9c6e-5102901e869a@group-6247FF3E413E: changes role from  FOLLOWER to CANDIDATE at term 5 for changeToCandidate
2019-10-09 13:04:31,959 [Thread-680] INFO  impl.RoleInfo (RoleInfo.java:updateAndGet(143)) - 3eeab9a4-47d5-4980-9c6e-5102901e869a: start LeaderElection
2019-10-09 13:04:31,988 [3eeab9a4-47d5-4980-9c6e-5102901e869a@group-6247FF3E413E:LeaderElection42] INFO  impl.LeaderElection (LeaderElection.java:askForVotes(182)) - 3eeab9a4-47d5-4980-9c6e-5102901e869a@group-6247FF3E413E:LeaderElection42: begin an election at term 6 for 0: [4f75c367-51e4-41c9-9287-4e8dd97f5c38:192.168.5.175:40325, 3eeab9a4-47d5-4980-9c6e-5102901e869a:192.168.5.175:43254, f0cb1a3f-6ac7-4eb8-9514-6a797ff8471f:192.168.5.175:39769], old=null
2019-10-09 13:04:31,993 [3eeab9a4-47d5-4980-9c6e-5102901e869a@group-6247FF3E413E:LeaderElection42] INFO  impl.LeaderElection (LogUtils.java:infoOrTrace(149)) - 3eeab9a4-47d5-4980-9c6e-5102901e869a@group-6247FF3E413E:LeaderElection42 got exception when requesting votes: {}
java.util.concurrent.ExecutionException: org.apache.ratis.thirdparty.io.grpc.StatusRuntimeException: UNAVAILABLE: io exception
	at java.util.concurrent.FutureTask.report(FutureTask.java:122)
	at java.util.concurrent.FutureTask.get(FutureTask.java:192)
	at org.apache.ratis.server.impl.LeaderElection.waitForResults(LeaderElection.java:263)
	at org.apache.ratis.server.impl.LeaderElection.askForVotes(LeaderElection.java:201)
	at org.apache.ratis.server.impl.LeaderElection.run(LeaderElection.java:133)
	at java.lang.Thread.run(Thread.java:748)
Caused by: org.apache.ratis.thirdparty.io.grpc.StatusRuntimeException: UNAVAILABLE: io exception
	at org.apache.ratis.thirdparty.io.grpc.stub.ClientCalls.toStatusRuntimeException(ClientCalls.java:233)
	at org.apache.ratis.thirdparty.io.grpc.stub.ClientCalls.getUnchecked(ClientCalls.java:214)
	at org.apache.ratis.thirdparty.io.grpc.stub.ClientCalls.blockingUnaryCall(ClientCalls.java:139)
	at org.apache.ratis.proto.grpc.RaftServerProtocolServiceGrpc$RaftServerProtocolServiceBlockingStub.requestVote(RaftServerProtocolServiceGrpc.java:265)
	at org.apache.ratis.grpc.server.GrpcServerProtocolClient.requestVote(GrpcServerProtocolClient.java:90)
	at org.apache.ratis.grpc.server.GrpcService.requestVote(GrpcService.java:204)
	at org.apache.ratis.server.impl.LeaderElection.lambda$submitRequests$1(LeaderElection.java:238)
	at java.util.concurrent.FutureTask.run(FutureTask.java:266)
	at java.util.concurrent.Executors$RunnableAdapter.call(Executors.java:511)
	at java.util.concurrent.FutureTask.run(FutureTask.java:266)
	at java.util.concurrent.ThreadPoolExecutor.runWorker(ThreadPoolExecutor.java:1149)
	at java.util.concurrent.ThreadPoolExecutor$Worker.run(ThreadPoolExecutor.java:624)
	... 1 more
Caused by: org.apache.ratis.thirdparty.io.netty.channel.AbstractChannel$AnnotatedConnectException: Connection refused: /192.168.5.175:40325
	at sun.nio.ch.SocketChannelImpl.checkConnect(Native Method)
	at sun.nio.ch.SocketChannelImpl.finishConnect(SocketChannelImpl.java:717)
	at org.apache.ratis.thirdparty.io.netty.channel.socket.nio.NioSocketChannel.doFinishConnect(NioSocketChannel.java:327)
	at org.apache.ratis.thirdparty.io.netty.channel.nio.AbstractNioChannel$AbstractNioUnsafe.finishConnect(AbstractNioChannel.java:340)
	at org.apache.ratis.thirdparty.io.netty.channel.nio.NioEventLoop.processSelectedKey(NioEventLoop.java:632)
	at org.apache.ratis.thirdparty.io.netty.channel.nio.NioEventLoop.processSelectedKeysOptimized(NioEventLoop.java:579)
	at org.apache.ratis.thirdparty.io.netty.channel.nio.NioEventLoop.processSelectedKeys(NioEventLoop.java:496)
	at org.apache.ratis.thirdparty.io.netty.channel.nio.NioEventLoop.run(NioEventLoop.java:458)
	at org.apache.ratis.thirdparty.io.netty.util.concurrent.SingleThreadEventExecutor$5.run(SingleThreadEventExecutor.java:897)
	at org.apache.ratis.thirdparty.io.netty.util.concurrent.FastThreadLocalRunnable.run(FastThreadLocalRunnable.java:30)
	... 1 more
Caused by: java.net.ConnectException: Connection refused
	... 11 more
2019-10-09 13:04:31,994 [3eeab9a4-47d5-4980-9c6e-5102901e869a@group-6247FF3E413E:LeaderElection42] INFO  impl.LeaderElection (LogUtils.java:infoOrTrace(149)) - 3eeab9a4-47d5-4980-9c6e-5102901e869a@group-6247FF3E413E:LeaderElection42 got exception when requesting votes: {}
java.util.concurrent.ExecutionException: org.apache.ratis.thirdparty.io.grpc.StatusRuntimeException: UNAVAILABLE: io exception
	at java.util.concurrent.FutureTask.report(FutureTask.java:122)
	at java.util.concurrent.FutureTask.get(FutureTask.java:192)
	at org.apache.ratis.server.impl.LeaderElection.waitForResults(LeaderElection.java:263)
	at org.apache.ratis.server.impl.LeaderElection.askForVotes(LeaderElection.java:201)
	at org.apache.ratis.server.impl.LeaderElection.run(LeaderElection.java:133)
	at java.lang.Thread.run(Thread.java:748)
Caused by: org.apache.ratis.thirdparty.io.grpc.StatusRuntimeException: UNAVAILABLE: io exception
	at org.apache.ratis.thirdparty.io.grpc.stub.ClientCalls.toStatusRuntimeException(ClientCalls.java:233)
	at org.apache.ratis.thirdparty.io.grpc.stub.ClientCalls.getUnchecked(ClientCalls.java:214)
	at org.apache.ratis.thirdparty.io.grpc.stub.ClientCalls.blockingUnaryCall(ClientCalls.java:139)
	at org.apache.ratis.proto.grpc.RaftServerProtocolServiceGrpc$RaftServerProtocolServiceBlockingStub.requestVote(RaftServerProtocolServiceGrpc.java:265)
	at org.apache.ratis.grpc.server.GrpcServerProtocolClient.requestVote(GrpcServerProtocolClient.java:90)
	at org.apache.ratis.grpc.server.GrpcService.requestVote(GrpcService.java:204)
	at org.apache.ratis.server.impl.LeaderElection.lambda$submitRequests$1(LeaderElection.java:238)
	at java.util.concurrent.FutureTask.run(FutureTask.java:266)
	at java.util.concurrent.Executors$RunnableAdapter.call(Executors.java:511)
	at java.util.concurrent.FutureTask.run(FutureTask.java:266)
	at java.util.concurrent.ThreadPoolExecutor.runWorker(ThreadPoolExecutor.java:1149)
	at java.util.concurrent.ThreadPoolExecutor$Worker.run(ThreadPoolExecutor.java:624)
	... 1 more
Caused by: org.apache.ratis.thirdparty.io.netty.channel.AbstractChannel$AnnotatedConnectException: Connection refused: /192.168.5.175:39769
	at sun.nio.ch.SocketChannelImpl.checkConnect(Native Method)
	at sun.nio.ch.SocketChannelImpl.finishConnect(SocketChannelImpl.java:717)
	at org.apache.ratis.thirdparty.io.netty.channel.socket.nio.NioSocketChannel.doFinishConnect(NioSocketChannel.java:327)
	at org.apache.ratis.thirdparty.io.netty.channel.nio.AbstractNioChannel$AbstractNioUnsafe.finishConnect(AbstractNioChannel.java:340)
	at org.apache.ratis.thirdparty.io.netty.channel.nio.NioEventLoop.processSelectedKey(NioEventLoop.java:632)
	at org.apache.ratis.thirdparty.io.netty.channel.nio.NioEventLoop.processSelectedKeysOptimized(NioEventLoop.java:579)
	at org.apache.ratis.thirdparty.io.netty.channel.nio.NioEventLoop.processSelectedKeys(NioEventLoop.java:496)
	at org.apache.ratis.thirdparty.io.netty.channel.nio.NioEventLoop.run(NioEventLoop.java:458)
	at org.apache.ratis.thirdparty.io.netty.util.concurrent.SingleThreadEventExecutor$5.run(SingleThreadEventExecutor.java:897)
	at org.apache.ratis.thirdparty.io.netty.util.concurrent.FastThreadLocalRunnable.run(FastThreadLocalRunnable.java:30)
	... 1 more
Caused by: java.net.ConnectException: Connection refused
	... 11 more
2019-10-09 13:04:31,995 [3eeab9a4-47d5-4980-9c6e-5102901e869a@group-6247FF3E413E:LeaderElection42] INFO  impl.LeaderElection (LeaderElection.java:logAndReturn(56)) - 3eeab9a4-47d5-4980-9c6e-5102901e869a@group-6247FF3E413E:LeaderElection42: Election REJECTED; received 0 response(s) [] and 2 exception(s); 3eeab9a4-47d5-4980-9c6e-5102901e869a@group-6247FF3E413E:t6, leader=null, voted=3eeab9a4-47d5-4980-9c6e-5102901e869a, raftlog=3eeab9a4-47d5-4980-9c6e-5102901e869a@group-6247FF3E413E-SegmentedRaftLog:OPENED:c0,f0,i0, conf=0: [4f75c367-51e4-41c9-9287-4e8dd97f5c38:192.168.5.175:40325, 3eeab9a4-47d5-4980-9c6e-5102901e869a:192.168.5.175:43254, f0cb1a3f-6ac7-4eb8-9514-6a797ff8471f:192.168.5.175:39769], old=null
2019-10-09 13:04:31,995 [3eeab9a4-47d5-4980-9c6e-5102901e869a@group-6247FF3E413E:LeaderElection42] INFO  impl.LeaderElection (LogUtils.java:infoOrTrace(149)) -   Exception 0: {}
java.util.concurrent.ExecutionException: org.apache.ratis.thirdparty.io.grpc.StatusRuntimeException: UNAVAILABLE: io exception
	at java.util.concurrent.FutureTask.report(FutureTask.java:122)
	at java.util.concurrent.FutureTask.get(FutureTask.java:192)
	at org.apache.ratis.server.impl.LeaderElection.waitForResults(LeaderElection.java:263)
	at org.apache.ratis.server.impl.LeaderElection.askForVotes(LeaderElection.java:201)
	at org.apache.ratis.server.impl.LeaderElection.run(LeaderElection.java:133)
	at java.lang.Thread.run(Thread.java:748)
Caused by: org.apache.ratis.thirdparty.io.grpc.StatusRuntimeException: UNAVAILABLE: io exception
	at org.apache.ratis.thirdparty.io.grpc.stub.ClientCalls.toStatusRuntimeException(ClientCalls.java:233)
	at org.apache.ratis.thirdparty.io.grpc.stub.ClientCalls.getUnchecked(ClientCalls.java:214)
	at org.apache.ratis.thirdparty.io.grpc.stub.ClientCalls.blockingUnaryCall(ClientCalls.java:139)
	at org.apache.ratis.proto.grpc.RaftServerProtocolServiceGrpc$RaftServerProtocolServiceBlockingStub.requestVote(RaftServerProtocolServiceGrpc.java:265)
	at org.apache.ratis.grpc.server.GrpcServerProtocolClient.requestVote(GrpcServerProtocolClient.java:90)
	at org.apache.ratis.grpc.server.GrpcService.requestVote(GrpcService.java:204)
	at org.apache.ratis.server.impl.LeaderElection.lambda$submitRequests$1(LeaderElection.java:238)
	at java.util.concurrent.FutureTask.run(FutureTask.java:266)
	at java.util.concurrent.Executors$RunnableAdapter.call(Executors.java:511)
	at java.util.concurrent.FutureTask.run(FutureTask.java:266)
	at java.util.concurrent.ThreadPoolExecutor.runWorker(ThreadPoolExecutor.java:1149)
	at java.util.concurrent.ThreadPoolExecutor$Worker.run(ThreadPoolExecutor.java:624)
	... 1 more
Caused by: org.apache.ratis.thirdparty.io.netty.channel.AbstractChannel$AnnotatedConnectException: Connection refused: /192.168.5.175:40325
	at sun.nio.ch.SocketChannelImpl.checkConnect(Native Method)
	at sun.nio.ch.SocketChannelImpl.finishConnect(SocketChannelImpl.java:717)
	at org.apache.ratis.thirdparty.io.netty.channel.socket.nio.NioSocketChannel.doFinishConnect(NioSocketChannel.java:327)
	at org.apache.ratis.thirdparty.io.netty.channel.nio.AbstractNioChannel$AbstractNioUnsafe.finishConnect(AbstractNioChannel.java:340)
	at org.apache.ratis.thirdparty.io.netty.channel.nio.NioEventLoop.processSelectedKey(NioEventLoop.java:632)
	at org.apache.ratis.thirdparty.io.netty.channel.nio.NioEventLoop.processSelectedKeysOptimized(NioEventLoop.java:579)
	at org.apache.ratis.thirdparty.io.netty.channel.nio.NioEventLoop.processSelectedKeys(NioEventLoop.java:496)
	at org.apache.ratis.thirdparty.io.netty.channel.nio.NioEventLoop.run(NioEventLoop.java:458)
	at org.apache.ratis.thirdparty.io.netty.util.concurrent.SingleThreadEventExecutor$5.run(SingleThreadEventExecutor.java:897)
	at org.apache.ratis.thirdparty.io.netty.util.concurrent.FastThreadLocalRunnable.run(FastThreadLocalRunnable.java:30)
	... 1 more
Caused by: java.net.ConnectException: Connection refused
	... 11 more
2019-10-09 13:04:31,996 [3eeab9a4-47d5-4980-9c6e-5102901e869a@group-6247FF3E413E:LeaderElection42] INFO  impl.LeaderElection (LogUtils.java:infoOrTrace(149)) -   Exception 1: {}
java.util.concurrent.ExecutionException: org.apache.ratis.thirdparty.io.grpc.StatusRuntimeException: UNAVAILABLE: io exception
	at java.util.concurrent.FutureTask.report(FutureTask.java:122)
	at java.util.concurrent.FutureTask.get(FutureTask.java:192)
	at org.apache.ratis.server.impl.LeaderElection.waitForResults(LeaderElection.java:263)
	at org.apache.ratis.server.impl.LeaderElection.askForVotes(LeaderElection.java:201)
	at org.apache.ratis.server.impl.LeaderElection.run(LeaderElection.java:133)
	at java.lang.Thread.run(Thread.java:748)
Caused by: org.apache.ratis.thirdparty.io.grpc.StatusRuntimeException: UNAVAILABLE: io exception
	at org.apache.ratis.thirdparty.io.grpc.stub.ClientCalls.toStatusRuntimeException(ClientCalls.java:233)
	at org.apache.ratis.thirdparty.io.grpc.stub.ClientCalls.getUnchecked(ClientCalls.java:214)
	at org.apache.ratis.thirdparty.io.grpc.stub.ClientCalls.blockingUnaryCall(ClientCalls.java:139)
	at org.apache.ratis.proto.grpc.RaftServerProtocolServiceGrpc$RaftServerProtocolServiceBlockingStub.requestVote(RaftServerProtocolServiceGrpc.java:265)
	at org.apache.ratis.grpc.server.GrpcServerProtocolClient.requestVote(GrpcServerProtocolClient.java:90)
	at org.apache.ratis.grpc.server.GrpcService.requestVote(GrpcService.java:204)
	at org.apache.ratis.server.impl.LeaderElection.lambda$submitRequests$1(LeaderElection.java:238)
	at java.util.concurrent.FutureTask.run(FutureTask.java:266)
	at java.util.concurrent.Executors$RunnableAdapter.call(Executors.java:511)
	at java.util.concurrent.FutureTask.run(FutureTask.java:266)
	at java.util.concurrent.ThreadPoolExecutor.runWorker(ThreadPoolExecutor.java:1149)
	at java.util.concurrent.ThreadPoolExecutor$Worker.run(ThreadPoolExecutor.java:624)
	... 1 more
Caused by: org.apache.ratis.thirdparty.io.netty.channel.AbstractChannel$AnnotatedConnectException: Connection refused: /192.168.5.175:39769
	at sun.nio.ch.SocketChannelImpl.checkConnect(Native Method)
	at sun.nio.ch.SocketChannelImpl.finishConnect(SocketChannelImpl.java:717)
	at org.apache.ratis.thirdparty.io.netty.channel.socket.nio.NioSocketChannel.doFinishConnect(NioSocketChannel.java:327)
	at org.apache.ratis.thirdparty.io.netty.channel.nio.AbstractNioChannel$AbstractNioUnsafe.finishConnect(AbstractNioChannel.java:340)
	at org.apache.ratis.thirdparty.io.netty.channel.nio.NioEventLoop.processSelectedKey(NioEventLoop.java:632)
	at org.apache.ratis.thirdparty.io.netty.channel.nio.NioEventLoop.processSelectedKeysOptimized(NioEventLoop.java:579)
	at org.apache.ratis.thirdparty.io.netty.channel.nio.NioEventLoop.processSelectedKeys(NioEventLoop.java:496)
	at org.apache.ratis.thirdparty.io.netty.channel.nio.NioEventLoop.run(NioEventLoop.java:458)
	at org.apache.ratis.thirdparty.io.netty.util.concurrent.SingleThreadEventExecutor$5.run(SingleThreadEventExecutor.java:897)
	at org.apache.ratis.thirdparty.io.netty.util.concurrent.FastThreadLocalRunnable.run(FastThreadLocalRunnable.java:30)
	... 1 more
Caused by: java.net.ConnectException: Connection refused
	... 11 more
2019-10-09 13:04:31,997 [3eeab9a4-47d5-4980-9c6e-5102901e869a@group-6247FF3E413E:LeaderElection42] INFO  impl.RaftServerImpl (RaftServerImpl.java:setRole(174)) - 3eeab9a4-47d5-4980-9c6e-5102901e869a@group-6247FF3E413E: changes role from CANDIDATE to FOLLOWER at term 6 for DISCOVERED_A_NEW_TERM
2019-10-09 13:04:31,997 [3eeab9a4-47d5-4980-9c6e-5102901e869a@group-6247FF3E413E:LeaderElection42] INFO  impl.RoleInfo (RoleInfo.java:shutdownLeaderElection(134)) - 3eeab9a4-47d5-4980-9c6e-5102901e869a: shutdown LeaderElection
2019-10-09 13:04:31,997 [3eeab9a4-47d5-4980-9c6e-5102901e869a@group-6247FF3E413E:LeaderElection42] INFO  impl.RoleInfo (RoleInfo.java:updateAndGet(143)) - 3eeab9a4-47d5-4980-9c6e-5102901e869a: start FollowerState
2019-10-09 13:04:32,166 [Thread-684] INFO  impl.FollowerState (FollowerState.java:run(106)) - 3eeab9a4-47d5-4980-9c6e-5102901e869a:group-A483B260BC72 changes to CANDIDATE, lastRpcTime:5158, electionTimeout:5158ms
2019-10-09 13:04:32,169 [Thread-684] INFO  impl.RoleInfo (RoleInfo.java:shutdownFollowerState(121)) - 3eeab9a4-47d5-4980-9c6e-5102901e869a: shutdown FollowerState
2019-10-09 13:04:32,170 [Thread-684] INFO  impl.RaftServerImpl (RaftServerImpl.java:setRole(174)) - 3eeab9a4-47d5-4980-9c6e-5102901e869a@group-A483B260BC72: changes role from  FOLLOWER to CANDIDATE at term 5 for changeToCandidate
2019-10-09 13:04:32,170 [Thread-684] INFO  impl.RoleInfo (RoleInfo.java:updateAndGet(143)) - 3eeab9a4-47d5-4980-9c6e-5102901e869a: start LeaderElection
2019-10-09 13:04:32,197 [3eeab9a4-47d5-4980-9c6e-5102901e869a@group-A483B260BC72:LeaderElection43] INFO  impl.LeaderElection (LeaderElection.java:askForVotes(182)) - 3eeab9a4-47d5-4980-9c6e-5102901e869a@group-A483B260BC72:LeaderElection43: begin an election at term 6 for 0: [4f75c367-51e4-41c9-9287-4e8dd97f5c38:192.168.5.175:40325, 3eeab9a4-47d5-4980-9c6e-5102901e869a:192.168.5.175:43254, f0cb1a3f-6ac7-4eb8-9514-6a797ff8471f:192.168.5.175:39769], old=null
2019-10-09 13:04:32,200 [3eeab9a4-47d5-4980-9c6e-5102901e869a@group-A483B260BC72:LeaderElection43] INFO  impl.LeaderElection (LogUtils.java:infoOrTrace(149)) - 3eeab9a4-47d5-4980-9c6e-5102901e869a@group-A483B260BC72:LeaderElection43 got exception when requesting votes: {}
java.util.concurrent.ExecutionException: org.apache.ratis.thirdparty.io.grpc.StatusRuntimeException: UNAVAILABLE: io exception
	at java.util.concurrent.FutureTask.report(FutureTask.java:122)
	at java.util.concurrent.FutureTask.get(FutureTask.java:192)
	at org.apache.ratis.server.impl.LeaderElection.waitForResults(LeaderElection.java:263)
	at org.apache.ratis.server.impl.LeaderElection.askForVotes(LeaderElection.java:201)
	at org.apache.ratis.server.impl.LeaderElection.run(LeaderElection.java:133)
	at java.lang.Thread.run(Thread.java:748)
Caused by: org.apache.ratis.thirdparty.io.grpc.StatusRuntimeException: UNAVAILABLE: io exception
	at org.apache.ratis.thirdparty.io.grpc.stub.ClientCalls.toStatusRuntimeException(ClientCalls.java:233)
	at org.apache.ratis.thirdparty.io.grpc.stub.ClientCalls.getUnchecked(ClientCalls.java:214)
	at org.apache.ratis.thirdparty.io.grpc.stub.ClientCalls.blockingUnaryCall(ClientCalls.java:139)
	at org.apache.ratis.proto.grpc.RaftServerProtocolServiceGrpc$RaftServerProtocolServiceBlockingStub.requestVote(RaftServerProtocolServiceGrpc.java:265)
	at org.apache.ratis.grpc.server.GrpcServerProtocolClient.requestVote(GrpcServerProtocolClient.java:90)
	at org.apache.ratis.grpc.server.GrpcService.requestVote(GrpcService.java:204)
	at org.apache.ratis.server.impl.LeaderElection.lambda$submitRequests$1(LeaderElection.java:238)
	at java.util.concurrent.FutureTask.run(FutureTask.java:266)
	at java.util.concurrent.Executors$RunnableAdapter.call(Executors.java:511)
	at java.util.concurrent.FutureTask.run(FutureTask.java:266)
	at java.util.concurrent.ThreadPoolExecutor.runWorker(ThreadPoolExecutor.java:1149)
	at java.util.concurrent.ThreadPoolExecutor$Worker.run(ThreadPoolExecutor.java:624)
	... 1 more
Caused by: org.apache.ratis.thirdparty.io.netty.channel.AbstractChannel$AnnotatedConnectException: Connection refused: /192.168.5.175:40325
	at sun.nio.ch.SocketChannelImpl.checkConnect(Native Method)
	at sun.nio.ch.SocketChannelImpl.finishConnect(SocketChannelImpl.java:717)
	at org.apache.ratis.thirdparty.io.netty.channel.socket.nio.NioSocketChannel.doFinishConnect(NioSocketChannel.java:327)
	at org.apache.ratis.thirdparty.io.netty.channel.nio.AbstractNioChannel$AbstractNioUnsafe.finishConnect(AbstractNioChannel.java:340)
	at org.apache.ratis.thirdparty.io.netty.channel.nio.NioEventLoop.processSelectedKey(NioEventLoop.java:632)
	at org.apache.ratis.thirdparty.io.netty.channel.nio.NioEventLoop.processSelectedKeysOptimized(NioEventLoop.java:579)
	at org.apache.ratis.thirdparty.io.netty.channel.nio.NioEventLoop.processSelectedKeys(NioEventLoop.java:496)
	at org.apache.ratis.thirdparty.io.netty.channel.nio.NioEventLoop.run(NioEventLoop.java:458)
	at org.apache.ratis.thirdparty.io.netty.util.concurrent.SingleThreadEventExecutor$5.run(SingleThreadEventExecutor.java:897)
	at org.apache.ratis.thirdparty.io.netty.util.concurrent.FastThreadLocalRunnable.run(FastThreadLocalRunnable.java:30)
	... 1 more
Caused by: java.net.ConnectException: Connection refused
	... 11 more
2019-10-09 13:04:32,200 [3eeab9a4-47d5-4980-9c6e-5102901e869a@group-A483B260BC72:LeaderElection43] INFO  impl.LeaderElection (LogUtils.java:infoOrTrace(149)) - 3eeab9a4-47d5-4980-9c6e-5102901e869a@group-A483B260BC72:LeaderElection43 got exception when requesting votes: {}
java.util.concurrent.ExecutionException: org.apache.ratis.thirdparty.io.grpc.StatusRuntimeException: UNAVAILABLE: io exception
	at java.util.concurrent.FutureTask.report(FutureTask.java:122)
	at java.util.concurrent.FutureTask.get(FutureTask.java:192)
	at org.apache.ratis.server.impl.LeaderElection.waitForResults(LeaderElection.java:263)
	at org.apache.ratis.server.impl.LeaderElection.askForVotes(LeaderElection.java:201)
	at org.apache.ratis.server.impl.LeaderElection.run(LeaderElection.java:133)
	at java.lang.Thread.run(Thread.java:748)
Caused by: org.apache.ratis.thirdparty.io.grpc.StatusRuntimeException: UNAVAILABLE: io exception
	at org.apache.ratis.thirdparty.io.grpc.stub.ClientCalls.toStatusRuntimeException(ClientCalls.java:233)
	at org.apache.ratis.thirdparty.io.grpc.stub.ClientCalls.getUnchecked(ClientCalls.java:214)
	at org.apache.ratis.thirdparty.io.grpc.stub.ClientCalls.blockingUnaryCall(ClientCalls.java:139)
	at org.apache.ratis.proto.grpc.RaftServerProtocolServiceGrpc$RaftServerProtocolServiceBlockingStub.requestVote(RaftServerProtocolServiceGrpc.java:265)
	at org.apache.ratis.grpc.server.GrpcServerProtocolClient.requestVote(GrpcServerProtocolClient.java:90)
	at org.apache.ratis.grpc.server.GrpcService.requestVote(GrpcService.java:204)
	at org.apache.ratis.server.impl.LeaderElection.lambda$submitRequests$1(LeaderElection.java:238)
	at java.util.concurrent.FutureTask.run(FutureTask.java:266)
	at java.util.concurrent.Executors$RunnableAdapter.call(Executors.java:511)
	at java.util.concurrent.FutureTask.run(FutureTask.java:266)
	at java.util.concurrent.ThreadPoolExecutor.runWorker(ThreadPoolExecutor.java:1149)
	at java.util.concurrent.ThreadPoolExecutor$Worker.run(ThreadPoolExecutor.java:624)
	... 1 more
Caused by: org.apache.ratis.thirdparty.io.netty.channel.AbstractChannel$AnnotatedConnectException: Connection refused: /192.168.5.175:39769
	at sun.nio.ch.SocketChannelImpl.checkConnect(Native Method)
	at sun.nio.ch.SocketChannelImpl.finishConnect(SocketChannelImpl.java:717)
	at org.apache.ratis.thirdparty.io.netty.channel.socket.nio.NioSocketChannel.doFinishConnect(NioSocketChannel.java:327)
	at org.apache.ratis.thirdparty.io.netty.channel.nio.AbstractNioChannel$AbstractNioUnsafe.finishConnect(AbstractNioChannel.java:340)
	at org.apache.ratis.thirdparty.io.netty.channel.nio.NioEventLoop.processSelectedKey(NioEventLoop.java:632)
	at org.apache.ratis.thirdparty.io.netty.channel.nio.NioEventLoop.processSelectedKeysOptimized(NioEventLoop.java:579)
	at org.apache.ratis.thirdparty.io.netty.channel.nio.NioEventLoop.processSelectedKeys(NioEventLoop.java:496)
	at org.apache.ratis.thirdparty.io.netty.channel.nio.NioEventLoop.run(NioEventLoop.java:458)
	at org.apache.ratis.thirdparty.io.netty.util.concurrent.SingleThreadEventExecutor$5.run(SingleThreadEventExecutor.java:897)
	at org.apache.ratis.thirdparty.io.netty.util.concurrent.FastThreadLocalRunnable.run(FastThreadLocalRunnable.java:30)
	... 1 more
Caused by: java.net.ConnectException: Connection refused
	... 11 more
2019-10-09 13:04:32,201 [3eeab9a4-47d5-4980-9c6e-5102901e869a@group-A483B260BC72:LeaderElection43] INFO  impl.LeaderElection (LeaderElection.java:logAndReturn(56)) - 3eeab9a4-47d5-4980-9c6e-5102901e869a@group-A483B260BC72:LeaderElection43: Election REJECTED; received 0 response(s) [] and 2 exception(s); 3eeab9a4-47d5-4980-9c6e-5102901e869a@group-A483B260BC72:t6, leader=null, voted=3eeab9a4-47d5-4980-9c6e-5102901e869a, raftlog=3eeab9a4-47d5-4980-9c6e-5102901e869a@group-A483B260BC72-SegmentedRaftLog:OPENED:c0,f0,i0, conf=0: [4f75c367-51e4-41c9-9287-4e8dd97f5c38:192.168.5.175:40325, 3eeab9a4-47d5-4980-9c6e-5102901e869a:192.168.5.175:43254, f0cb1a3f-6ac7-4eb8-9514-6a797ff8471f:192.168.5.175:39769], old=null
2019-10-09 13:04:32,201 [3eeab9a4-47d5-4980-9c6e-5102901e869a@group-A483B260BC72:LeaderElection43] INFO  impl.LeaderElection (LogUtils.java:infoOrTrace(149)) -   Exception 0: {}
java.util.concurrent.ExecutionException: org.apache.ratis.thirdparty.io.grpc.StatusRuntimeException: UNAVAILABLE: io exception
	at java.util.concurrent.FutureTask.report(FutureTask.java:122)
	at java.util.concurrent.FutureTask.get(FutureTask.java:192)
	at org.apache.ratis.server.impl.LeaderElection.waitForResults(LeaderElection.java:263)
	at org.apache.ratis.server.impl.LeaderElection.askForVotes(LeaderElection.java:201)
	at org.apache.ratis.server.impl.LeaderElection.run(LeaderElection.java:133)
	at java.lang.Thread.run(Thread.java:748)
Caused by: org.apache.ratis.thirdparty.io.grpc.StatusRuntimeException: UNAVAILABLE: io exception
	at org.apache.ratis.thirdparty.io.grpc.stub.ClientCalls.toStatusRuntimeException(ClientCalls.java:233)
	at org.apache.ratis.thirdparty.io.grpc.stub.ClientCalls.getUnchecked(ClientCalls.java:214)
	at org.apache.ratis.thirdparty.io.grpc.stub.ClientCalls.blockingUnaryCall(ClientCalls.java:139)
	at org.apache.ratis.proto.grpc.RaftServerProtocolServiceGrpc$RaftServerProtocolServiceBlockingStub.requestVote(RaftServerProtocolServiceGrpc.java:265)
	at org.apache.ratis.grpc.server.GrpcServerProtocolClient.requestVote(GrpcServerProtocolClient.java:90)
	at org.apache.ratis.grpc.server.GrpcService.requestVote(GrpcService.java:204)
	at org.apache.ratis.server.impl.LeaderElection.lambda$submitRequests$1(LeaderElection.java:238)
	at java.util.concurrent.FutureTask.run(FutureTask.java:266)
	at java.util.concurrent.Executors$RunnableAdapter.call(Executors.java:511)
	at java.util.concurrent.FutureTask.run(FutureTask.java:266)
	at java.util.concurrent.ThreadPoolExecutor.runWorker(ThreadPoolExecutor.java:1149)
	at java.util.concurrent.ThreadPoolExecutor$Worker.run(ThreadPoolExecutor.java:624)
	... 1 more
Caused by: org.apache.ratis.thirdparty.io.netty.channel.AbstractChannel$AnnotatedConnectException: Connection refused: /192.168.5.175:40325
	at sun.nio.ch.SocketChannelImpl.checkConnect(Native Method)
	at sun.nio.ch.SocketChannelImpl.finishConnect(SocketChannelImpl.java:717)
	at org.apache.ratis.thirdparty.io.netty.channel.socket.nio.NioSocketChannel.doFinishConnect(NioSocketChannel.java:327)
	at org.apache.ratis.thirdparty.io.netty.channel.nio.AbstractNioChannel$AbstractNioUnsafe.finishConnect(AbstractNioChannel.java:340)
	at org.apache.ratis.thirdparty.io.netty.channel.nio.NioEventLoop.processSelectedKey(NioEventLoop.java:632)
	at org.apache.ratis.thirdparty.io.netty.channel.nio.NioEventLoop.processSelectedKeysOptimized(NioEventLoop.java:579)
	at org.apache.ratis.thirdparty.io.netty.channel.nio.NioEventLoop.processSelectedKeys(NioEventLoop.java:496)
	at org.apache.ratis.thirdparty.io.netty.channel.nio.NioEventLoop.run(NioEventLoop.java:458)
	at org.apache.ratis.thirdparty.io.netty.util.concurrent.SingleThreadEventExecutor$5.run(SingleThreadEventExecutor.java:897)
	at org.apache.ratis.thirdparty.io.netty.util.concurrent.FastThreadLocalRunnable.run(FastThreadLocalRunnable.java:30)
	... 1 more
Caused by: java.net.ConnectException: Connection refused
	... 11 more
2019-10-09 13:04:32,201 [3eeab9a4-47d5-4980-9c6e-5102901e869a@group-A483B260BC72:LeaderElection43] INFO  impl.LeaderElection (LogUtils.java:infoOrTrace(149)) -   Exception 1: {}
java.util.concurrent.ExecutionException: org.apache.ratis.thirdparty.io.grpc.StatusRuntimeException: UNAVAILABLE: io exception
	at java.util.concurrent.FutureTask.report(FutureTask.java:122)
	at java.util.concurrent.FutureTask.get(FutureTask.java:192)
	at org.apache.ratis.server.impl.LeaderElection.waitForResults(LeaderElection.java:263)
	at org.apache.ratis.server.impl.LeaderElection.askForVotes(LeaderElection.java:201)
	at org.apache.ratis.server.impl.LeaderElection.run(LeaderElection.java:133)
	at java.lang.Thread.run(Thread.java:748)
Caused by: org.apache.ratis.thirdparty.io.grpc.StatusRuntimeException: UNAVAILABLE: io exception
	at org.apache.ratis.thirdparty.io.grpc.stub.ClientCalls.toStatusRuntimeException(ClientCalls.java:233)
	at org.apache.ratis.thirdparty.io.grpc.stub.ClientCalls.getUnchecked(ClientCalls.java:214)
	at org.apache.ratis.thirdparty.io.grpc.stub.ClientCalls.blockingUnaryCall(ClientCalls.java:139)
	at org.apache.ratis.proto.grpc.RaftServerProtocolServiceGrpc$RaftServerProtocolServiceBlockingStub.requestVote(RaftServerProtocolServiceGrpc.java:265)
	at org.apache.ratis.grpc.server.GrpcServerProtocolClient.requestVote(GrpcServerProtocolClient.java:90)
	at org.apache.ratis.grpc.server.GrpcService.requestVote(GrpcService.java:204)
	at org.apache.ratis.server.impl.LeaderElection.lambda$submitRequests$1(LeaderElection.java:238)
	at java.util.concurrent.FutureTask.run(FutureTask.java:266)
	at java.util.concurrent.Executors$RunnableAdapter.call(Executors.java:511)
	at java.util.concurrent.FutureTask.run(FutureTask.java:266)
	at java.util.concurrent.ThreadPoolExecutor.runWorker(ThreadPoolExecutor.java:1149)
	at java.util.concurrent.ThreadPoolExecutor$Worker.run(ThreadPoolExecutor.java:624)
	... 1 more
Caused by: org.apache.ratis.thirdparty.io.netty.channel.AbstractChannel$AnnotatedConnectException: Connection refused: /192.168.5.175:39769
	at sun.nio.ch.SocketChannelImpl.checkConnect(Native Method)
	at sun.nio.ch.SocketChannelImpl.finishConnect(SocketChannelImpl.java:717)
	at org.apache.ratis.thirdparty.io.netty.channel.socket.nio.NioSocketChannel.doFinishConnect(NioSocketChannel.java:327)
	at org.apache.ratis.thirdparty.io.netty.channel.nio.AbstractNioChannel$AbstractNioUnsafe.finishConnect(AbstractNioChannel.java:340)
	at org.apache.ratis.thirdparty.io.netty.channel.nio.NioEventLoop.processSelectedKey(NioEventLoop.java:632)
	at org.apache.ratis.thirdparty.io.netty.channel.nio.NioEventLoop.processSelectedKeysOptimized(NioEventLoop.java:579)
	at org.apache.ratis.thirdparty.io.netty.channel.nio.NioEventLoop.processSelectedKeys(NioEventLoop.java:496)
	at org.apache.ratis.thirdparty.io.netty.channel.nio.NioEventLoop.run(NioEventLoop.java:458)
	at org.apache.ratis.thirdparty.io.netty.util.concurrent.SingleThreadEventExecutor$5.run(SingleThreadEventExecutor.java:897)
	at org.apache.ratis.thirdparty.io.netty.util.concurrent.FastThreadLocalRunnable.run(FastThreadLocalRunnable.java:30)
	... 1 more
Caused by: java.net.ConnectException: Connection refused
	... 11 more
2019-10-09 13:04:32,202 [3eeab9a4-47d5-4980-9c6e-5102901e869a@group-A483B260BC72:LeaderElection43] INFO  impl.RaftServerImpl (RaftServerImpl.java:setRole(174)) - 3eeab9a4-47d5-4980-9c6e-5102901e869a@group-A483B260BC72: changes role from CANDIDATE to FOLLOWER at term 6 for DISCOVERED_A_NEW_TERM
2019-10-09 13:04:32,202 [3eeab9a4-47d5-4980-9c6e-5102901e869a@group-A483B260BC72:LeaderElection43] INFO  impl.RoleInfo (RoleInfo.java:shutdownLeaderElection(134)) - 3eeab9a4-47d5-4980-9c6e-5102901e869a: shutdown LeaderElection
2019-10-09 13:04:32,202 [3eeab9a4-47d5-4980-9c6e-5102901e869a@group-A483B260BC72:LeaderElection43] INFO  impl.RoleInfo (RoleInfo.java:updateAndGet(143)) - 3eeab9a4-47d5-4980-9c6e-5102901e869a: start FollowerState
2019-10-09 13:04:32,216 [Thread-689] INFO  impl.FollowerState (FollowerState.java:run(106)) - 3eeab9a4-47d5-4980-9c6e-5102901e869a:group-C24D4FE0C6F2 changes to CANDIDATE, lastRpcTime:5060, electionTimeout:5060ms
2019-10-09 13:04:32,218 [Thread-689] INFO  impl.RoleInfo (RoleInfo.java:shutdownFollowerState(121)) - 3eeab9a4-47d5-4980-9c6e-5102901e869a: shutdown FollowerState
2019-10-09 13:04:32,218 [Thread-689] INFO  impl.RaftServerImpl (RaftServerImpl.java:setRole(174)) - 3eeab9a4-47d5-4980-9c6e-5102901e869a@group-C24D4FE0C6F2: changes role from  FOLLOWER to CANDIDATE at term 6 for changeToCandidate
2019-10-09 13:04:32,218 [Thread-689] INFO  impl.RoleInfo (RoleInfo.java:updateAndGet(143)) - 3eeab9a4-47d5-4980-9c6e-5102901e869a: start LeaderElection
2019-10-09 13:04:32,269 [3eeab9a4-47d5-4980-9c6e-5102901e869a@group-C24D4FE0C6F2:LeaderElection44] INFO  impl.LeaderElection (LeaderElection.java:askForVotes(182)) - 3eeab9a4-47d5-4980-9c6e-5102901e869a@group-C24D4FE0C6F2:LeaderElection44: begin an election at term 7 for 0: [4f75c367-51e4-41c9-9287-4e8dd97f5c38:192.168.5.175:40325, 3eeab9a4-47d5-4980-9c6e-5102901e869a:192.168.5.175:43254, f0cb1a3f-6ac7-4eb8-9514-6a797ff8471f:192.168.5.175:39769], old=null
2019-10-09 13:04:32,270 [3eeab9a4-47d5-4980-9c6e-5102901e869a@group-C24D4FE0C6F2:LeaderElection44] INFO  impl.LeaderElection (LogUtils.java:infoOrTrace(149)) - 3eeab9a4-47d5-4980-9c6e-5102901e869a@group-C24D4FE0C6F2:LeaderElection44 got exception when requesting votes: {}
java.util.concurrent.ExecutionException: org.apache.ratis.thirdparty.io.grpc.StatusRuntimeException: UNAVAILABLE: io exception
	at java.util.concurrent.FutureTask.report(FutureTask.java:122)
	at java.util.concurrent.FutureTask.get(FutureTask.java:192)
	at org.apache.ratis.server.impl.LeaderElection.waitForResults(LeaderElection.java:263)
	at org.apache.ratis.server.impl.LeaderElection.askForVotes(LeaderElection.java:201)
	at org.apache.ratis.server.impl.LeaderElection.run(LeaderElection.java:133)
	at java.lang.Thread.run(Thread.java:748)
Caused by: org.apache.ratis.thirdparty.io.grpc.StatusRuntimeException: UNAVAILABLE: io exception
	at org.apache.ratis.thirdparty.io.grpc.stub.ClientCalls.toStatusRuntimeException(ClientCalls.java:233)
	at org.apache.ratis.thirdparty.io.grpc.stub.ClientCalls.getUnchecked(ClientCalls.java:214)
	at org.apache.ratis.thirdparty.io.grpc.stub.ClientCalls.blockingUnaryCall(ClientCalls.java:139)
	at org.apache.ratis.proto.grpc.RaftServerProtocolServiceGrpc$RaftServerProtocolServiceBlockingStub.requestVote(RaftServerProtocolServiceGrpc.java:265)
	at org.apache.ratis.grpc.server.GrpcServerProtocolClient.requestVote(GrpcServerProtocolClient.java:90)
	at org.apache.ratis.grpc.server.GrpcService.requestVote(GrpcService.java:204)
	at org.apache.ratis.server.impl.LeaderElection.lambda$submitRequests$1(LeaderElection.java:238)
	at java.util.concurrent.FutureTask.run(FutureTask.java:266)
	at java.util.concurrent.Executors$RunnableAdapter.call(Executors.java:511)
	at java.util.concurrent.FutureTask.run(FutureTask.java:266)
	at java.util.concurrent.ThreadPoolExecutor.runWorker(ThreadPoolExecutor.java:1149)
	at java.util.concurrent.ThreadPoolExecutor$Worker.run(ThreadPoolExecutor.java:624)
	... 1 more
Caused by: org.apache.ratis.thirdparty.io.netty.channel.AbstractChannel$AnnotatedConnectException: Connection refused: /192.168.5.175:40325
	at sun.nio.ch.SocketChannelImpl.checkConnect(Native Method)
	at sun.nio.ch.SocketChannelImpl.finishConnect(SocketChannelImpl.java:717)
	at org.apache.ratis.thirdparty.io.netty.channel.socket.nio.NioSocketChannel.doFinishConnect(NioSocketChannel.java:327)
	at org.apache.ratis.thirdparty.io.netty.channel.nio.AbstractNioChannel$AbstractNioUnsafe.finishConnect(AbstractNioChannel.java:340)
	at org.apache.ratis.thirdparty.io.netty.channel.nio.NioEventLoop.processSelectedKey(NioEventLoop.java:632)
	at org.apache.ratis.thirdparty.io.netty.channel.nio.NioEventLoop.processSelectedKeysOptimized(NioEventLoop.java:579)
	at org.apache.ratis.thirdparty.io.netty.channel.nio.NioEventLoop.processSelectedKeys(NioEventLoop.java:496)
	at org.apache.ratis.thirdparty.io.netty.channel.nio.NioEventLoop.run(NioEventLoop.java:458)
	at org.apache.ratis.thirdparty.io.netty.util.concurrent.SingleThreadEventExecutor$5.run(SingleThreadEventExecutor.java:897)
	at org.apache.ratis.thirdparty.io.netty.util.concurrent.FastThreadLocalRunnable.run(FastThreadLocalRunnable.java:30)
	... 1 more
Caused by: java.net.ConnectException: Connection refused
	... 11 more
2019-10-09 13:04:32,271 [3eeab9a4-47d5-4980-9c6e-5102901e869a@group-C24D4FE0C6F2:LeaderElection44] INFO  impl.LeaderElection (LogUtils.java:infoOrTrace(149)) - 3eeab9a4-47d5-4980-9c6e-5102901e869a@group-C24D4FE0C6F2:LeaderElection44 got exception when requesting votes: {}
java.util.concurrent.ExecutionException: org.apache.ratis.thirdparty.io.grpc.StatusRuntimeException: UNAVAILABLE: io exception
	at java.util.concurrent.FutureTask.report(FutureTask.java:122)
	at java.util.concurrent.FutureTask.get(FutureTask.java:192)
	at org.apache.ratis.server.impl.LeaderElection.waitForResults(LeaderElection.java:263)
	at org.apache.ratis.server.impl.LeaderElection.askForVotes(LeaderElection.java:201)
	at org.apache.ratis.server.impl.LeaderElection.run(LeaderElection.java:133)
	at java.lang.Thread.run(Thread.java:748)
Caused by: org.apache.ratis.thirdparty.io.grpc.StatusRuntimeException: UNAVAILABLE: io exception
	at org.apache.ratis.thirdparty.io.grpc.stub.ClientCalls.toStatusRuntimeException(ClientCalls.java:233)
	at org.apache.ratis.thirdparty.io.grpc.stub.ClientCalls.getUnchecked(ClientCalls.java:214)
	at org.apache.ratis.thirdparty.io.grpc.stub.ClientCalls.blockingUnaryCall(ClientCalls.java:139)
	at org.apache.ratis.proto.grpc.RaftServerProtocolServiceGrpc$RaftServerProtocolServiceBlockingStub.requestVote(RaftServerProtocolServiceGrpc.java:265)
	at org.apache.ratis.grpc.server.GrpcServerProtocolClient.requestVote(GrpcServerProtocolClient.java:90)
	at org.apache.ratis.grpc.server.GrpcService.requestVote(GrpcService.java:204)
	at org.apache.ratis.server.impl.LeaderElection.lambda$submitRequests$1(LeaderElection.java:238)
	at java.util.concurrent.FutureTask.run(FutureTask.java:266)
	at java.util.concurrent.Executors$RunnableAdapter.call(Executors.java:511)
	at java.util.concurrent.FutureTask.run(FutureTask.java:266)
	at java.util.concurrent.ThreadPoolExecutor.runWorker(ThreadPoolExecutor.java:1149)
	at java.util.concurrent.ThreadPoolExecutor$Worker.run(ThreadPoolExecutor.java:624)
	... 1 more
Caused by: org.apache.ratis.thirdparty.io.netty.channel.AbstractChannel$AnnotatedConnectException: Connection refused: /192.168.5.175:39769
	at sun.nio.ch.SocketChannelImpl.checkConnect(Native Method)
	at sun.nio.ch.SocketChannelImpl.finishConnect(SocketChannelImpl.java:717)
	at org.apache.ratis.thirdparty.io.netty.channel.socket.nio.NioSocketChannel.doFinishConnect(NioSocketChannel.java:327)
	at org.apache.ratis.thirdparty.io.netty.channel.nio.AbstractNioChannel$AbstractNioUnsafe.finishConnect(AbstractNioChannel.java:340)
	at org.apache.ratis.thirdparty.io.netty.channel.nio.NioEventLoop.processSelectedKey(NioEventLoop.java:632)
	at org.apache.ratis.thirdparty.io.netty.channel.nio.NioEventLoop.processSelectedKeysOptimized(NioEventLoop.java:579)
	at org.apache.ratis.thirdparty.io.netty.channel.nio.NioEventLoop.processSelectedKeys(NioEventLoop.java:496)
	at org.apache.ratis.thirdparty.io.netty.channel.nio.NioEventLoop.run(NioEventLoop.java:458)
	at org.apache.ratis.thirdparty.io.netty.util.concurrent.SingleThreadEventExecutor$5.run(SingleThreadEventExecutor.java:897)
	at org.apache.ratis.thirdparty.io.netty.util.concurrent.FastThreadLocalRunnable.run(FastThreadLocalRunnable.java:30)
	... 1 more
Caused by: java.net.ConnectException: Connection refused
	... 11 more
2019-10-09 13:04:32,272 [3eeab9a4-47d5-4980-9c6e-5102901e869a@group-C24D4FE0C6F2:LeaderElection44] INFO  impl.LeaderElection (LeaderElection.java:logAndReturn(56)) - 3eeab9a4-47d5-4980-9c6e-5102901e869a@group-C24D4FE0C6F2:LeaderElection44: Election REJECTED; received 0 response(s) [] and 2 exception(s); 3eeab9a4-47d5-4980-9c6e-5102901e869a@group-C24D4FE0C6F2:t7, leader=null, voted=3eeab9a4-47d5-4980-9c6e-5102901e869a, raftlog=3eeab9a4-47d5-4980-9c6e-5102901e869a@group-C24D4FE0C6F2-SegmentedRaftLog:OPENED:c16,f16,i16, conf=0: [4f75c367-51e4-41c9-9287-4e8dd97f5c38:192.168.5.175:40325, 3eeab9a4-47d5-4980-9c6e-5102901e869a:192.168.5.175:43254, f0cb1a3f-6ac7-4eb8-9514-6a797ff8471f:192.168.5.175:39769], old=null
2019-10-09 13:04:32,272 [3eeab9a4-47d5-4980-9c6e-5102901e869a@group-C24D4FE0C6F2:LeaderElection44] INFO  impl.LeaderElection (LogUtils.java:infoOrTrace(149)) -   Exception 0: {}
java.util.concurrent.ExecutionException: org.apache.ratis.thirdparty.io.grpc.StatusRuntimeException: UNAVAILABLE: io exception
	at java.util.concurrent.FutureTask.report(FutureTask.java:122)
	at java.util.concurrent.FutureTask.get(FutureTask.java:192)
	at org.apache.ratis.server.impl.LeaderElection.waitForResults(LeaderElection.java:263)
	at org.apache.ratis.server.impl.LeaderElection.askForVotes(LeaderElection.java:201)
	at org.apache.ratis.server.impl.LeaderElection.run(LeaderElection.java:133)
	at java.lang.Thread.run(Thread.java:748)
Caused by: org.apache.ratis.thirdparty.io.grpc.StatusRuntimeException: UNAVAILABLE: io exception
	at org.apache.ratis.thirdparty.io.grpc.stub.ClientCalls.toStatusRuntimeException(ClientCalls.java:233)
	at org.apache.ratis.thirdparty.io.grpc.stub.ClientCalls.getUnchecked(ClientCalls.java:214)
	at org.apache.ratis.thirdparty.io.grpc.stub.ClientCalls.blockingUnaryCall(ClientCalls.java:139)
	at org.apache.ratis.proto.grpc.RaftServerProtocolServiceGrpc$RaftServerProtocolServiceBlockingStub.requestVote(RaftServerProtocolServiceGrpc.java:265)
	at org.apache.ratis.grpc.server.GrpcServerProtocolClient.requestVote(GrpcServerProtocolClient.java:90)
	at org.apache.ratis.grpc.server.GrpcService.requestVote(GrpcService.java:204)
	at org.apache.ratis.server.impl.LeaderElection.lambda$submitRequests$1(LeaderElection.java:238)
	at java.util.concurrent.FutureTask.run(FutureTask.java:266)
	at java.util.concurrent.Executors$RunnableAdapter.call(Executors.java:511)
	at java.util.concurrent.FutureTask.run(FutureTask.java:266)
	at java.util.concurrent.ThreadPoolExecutor.runWorker(ThreadPoolExecutor.java:1149)
	at java.util.concurrent.ThreadPoolExecutor$Worker.run(ThreadPoolExecutor.java:624)
	... 1 more
Caused by: org.apache.ratis.thirdparty.io.netty.channel.AbstractChannel$AnnotatedConnectException: Connection refused: /192.168.5.175:40325
	at sun.nio.ch.SocketChannelImpl.checkConnect(Native Method)
	at sun.nio.ch.SocketChannelImpl.finishConnect(SocketChannelImpl.java:717)
	at org.apache.ratis.thirdparty.io.netty.channel.socket.nio.NioSocketChannel.doFinishConnect(NioSocketChannel.java:327)
	at org.apache.ratis.thirdparty.io.netty.channel.nio.AbstractNioChannel$AbstractNioUnsafe.finishConnect(AbstractNioChannel.java:340)
	at org.apache.ratis.thirdparty.io.netty.channel.nio.NioEventLoop.processSelectedKey(NioEventLoop.java:632)
	at org.apache.ratis.thirdparty.io.netty.channel.nio.NioEventLoop.processSelectedKeysOptimized(NioEventLoop.java:579)
	at org.apache.ratis.thirdparty.io.netty.channel.nio.NioEventLoop.processSelectedKeys(NioEventLoop.java:496)
	at org.apache.ratis.thirdparty.io.netty.channel.nio.NioEventLoop.run(NioEventLoop.java:458)
	at org.apache.ratis.thirdparty.io.netty.util.concurrent.SingleThreadEventExecutor$5.run(SingleThreadEventExecutor.java:897)
	at org.apache.ratis.thirdparty.io.netty.util.concurrent.FastThreadLocalRunnable.run(FastThreadLocalRunnable.java:30)
	... 1 more
Caused by: java.net.ConnectException: Connection refused
	... 11 more
2019-10-09 13:04:32,273 [3eeab9a4-47d5-4980-9c6e-5102901e869a@group-C24D4FE0C6F2:LeaderElection44] INFO  impl.LeaderElection (LogUtils.java:infoOrTrace(149)) -   Exception 1: {}
java.util.concurrent.ExecutionException: org.apache.ratis.thirdparty.io.grpc.StatusRuntimeException: UNAVAILABLE: io exception
	at java.util.concurrent.FutureTask.report(FutureTask.java:122)
	at java.util.concurrent.FutureTask.get(FutureTask.java:192)
	at org.apache.ratis.server.impl.LeaderElection.waitForResults(LeaderElection.java:263)
	at org.apache.ratis.server.impl.LeaderElection.askForVotes(LeaderElection.java:201)
	at org.apache.ratis.server.impl.LeaderElection.run(LeaderElection.java:133)
	at java.lang.Thread.run(Thread.java:748)
Caused by: org.apache.ratis.thirdparty.io.grpc.StatusRuntimeException: UNAVAILABLE: io exception
	at org.apache.ratis.thirdparty.io.grpc.stub.ClientCalls.toStatusRuntimeException(ClientCalls.java:233)
	at org.apache.ratis.thirdparty.io.grpc.stub.ClientCalls.getUnchecked(ClientCalls.java:214)
	at org.apache.ratis.thirdparty.io.grpc.stub.ClientCalls.blockingUnaryCall(ClientCalls.java:139)
	at org.apache.ratis.proto.grpc.RaftServerProtocolServiceGrpc$RaftServerProtocolServiceBlockingStub.requestVote(RaftServerProtocolServiceGrpc.java:265)
	at org.apache.ratis.grpc.server.GrpcServerProtocolClient.requestVote(GrpcServerProtocolClient.java:90)
	at org.apache.ratis.grpc.server.GrpcService.requestVote(GrpcService.java:204)
	at org.apache.ratis.server.impl.LeaderElection.lambda$submitRequests$1(LeaderElection.java:238)
	at java.util.concurrent.FutureTask.run(FutureTask.java:266)
	at java.util.concurrent.Executors$RunnableAdapter.call(Executors.java:511)
	at java.util.concurrent.FutureTask.run(FutureTask.java:266)
	at java.util.concurrent.ThreadPoolExecutor.runWorker(ThreadPoolExecutor.java:1149)
	at java.util.concurrent.ThreadPoolExecutor$Worker.run(ThreadPoolExecutor.java:624)
	... 1 more
Caused by: org.apache.ratis.thirdparty.io.netty.channel.AbstractChannel$AnnotatedConnectException: Connection refused: /192.168.5.175:39769
	at sun.nio.ch.SocketChannelImpl.checkConnect(Native Method)
	at sun.nio.ch.SocketChannelImpl.finishConnect(SocketChannelImpl.java:717)
	at org.apache.ratis.thirdparty.io.netty.channel.socket.nio.NioSocketChannel.doFinishConnect(NioSocketChannel.java:327)
	at org.apache.ratis.thirdparty.io.netty.channel.nio.AbstractNioChannel$AbstractNioUnsafe.finishConnect(AbstractNioChannel.java:340)
	at org.apache.ratis.thirdparty.io.netty.channel.nio.NioEventLoop.processSelectedKey(NioEventLoop.java:632)
	at org.apache.ratis.thirdparty.io.netty.channel.nio.NioEventLoop.processSelectedKeysOptimized(NioEventLoop.java:579)
	at org.apache.ratis.thirdparty.io.netty.channel.nio.NioEventLoop.processSelectedKeys(NioEventLoop.java:496)
	at org.apache.ratis.thirdparty.io.netty.channel.nio.NioEventLoop.run(NioEventLoop.java:458)
	at org.apache.ratis.thirdparty.io.netty.util.concurrent.SingleThreadEventExecutor$5.run(SingleThreadEventExecutor.java:897)
	at org.apache.ratis.thirdparty.io.netty.util.concurrent.FastThreadLocalRunnable.run(FastThreadLocalRunnable.java:30)
	... 1 more
Caused by: java.net.ConnectException: Connection refused
	... 11 more
2019-10-09 13:04:32,274 [3eeab9a4-47d5-4980-9c6e-5102901e869a@group-C24D4FE0C6F2:LeaderElection44] INFO  impl.RaftServerImpl (RaftServerImpl.java:setRole(174)) - 3eeab9a4-47d5-4980-9c6e-5102901e869a@group-C24D4FE0C6F2: changes role from CANDIDATE to FOLLOWER at term 7 for DISCOVERED_A_NEW_TERM
2019-10-09 13:04:32,274 [3eeab9a4-47d5-4980-9c6e-5102901e869a@group-C24D4FE0C6F2:LeaderElection44] INFO  impl.RoleInfo (RoleInfo.java:shutdownLeaderElection(134)) - 3eeab9a4-47d5-4980-9c6e-5102901e869a: shutdown LeaderElection
2019-10-09 13:04:32,274 [3eeab9a4-47d5-4980-9c6e-5102901e869a@group-C24D4FE0C6F2:LeaderElection44] INFO  impl.RoleInfo (RoleInfo.java:updateAndGet(143)) - 3eeab9a4-47d5-4980-9c6e-5102901e869a: start FollowerState
2019-10-09 13:04:32,388 [Thread-693] INFO  impl.FollowerState (FollowerState.java:run(106)) - 3eeab9a4-47d5-4980-9c6e-5102901e869a:group-F4DE2F4D7E72 changes to CANDIDATE, lastRpcTime:5088, electionTimeout:5088ms
2019-10-09 13:04:32,391 [Thread-693] INFO  impl.RoleInfo (RoleInfo.java:shutdownFollowerState(121)) - 3eeab9a4-47d5-4980-9c6e-5102901e869a: shutdown FollowerState
2019-10-09 13:04:32,391 [Thread-693] INFO  impl.RaftServerImpl (RaftServerImpl.java:setRole(174)) - 3eeab9a4-47d5-4980-9c6e-5102901e869a@group-F4DE2F4D7E72: changes role from  FOLLOWER to CANDIDATE at term 5 for changeToCandidate
2019-10-09 13:04:32,391 [Thread-693] INFO  impl.RoleInfo (RoleInfo.java:updateAndGet(143)) - 3eeab9a4-47d5-4980-9c6e-5102901e869a: start LeaderElection
2019-10-09 13:04:32,407 [3eeab9a4-47d5-4980-9c6e-5102901e869a@group-F4DE2F4D7E72:LeaderElection45] INFO  impl.LeaderElection (LeaderElection.java:askForVotes(182)) - 3eeab9a4-47d5-4980-9c6e-5102901e869a@group-F4DE2F4D7E72:LeaderElection45: begin an election at term 6 for 0: [4f75c367-51e4-41c9-9287-4e8dd97f5c38:192.168.5.175:40325, 3eeab9a4-47d5-4980-9c6e-5102901e869a:192.168.5.175:43254, f0cb1a3f-6ac7-4eb8-9514-6a797ff8471f:192.168.5.175:39769], old=null
2019-10-09 13:04:32,408 [3eeab9a4-47d5-4980-9c6e-5102901e869a@group-F4DE2F4D7E72:LeaderElection45] INFO  impl.LeaderElection (LogUtils.java:infoOrTrace(149)) - 3eeab9a4-47d5-4980-9c6e-5102901e869a@group-F4DE2F4D7E72:LeaderElection45 got exception when requesting votes: {}
java.util.concurrent.ExecutionException: org.apache.ratis.thirdparty.io.grpc.StatusRuntimeException: UNAVAILABLE: io exception
	at java.util.concurrent.FutureTask.report(FutureTask.java:122)
	at java.util.concurrent.FutureTask.get(FutureTask.java:192)
	at org.apache.ratis.server.impl.LeaderElection.waitForResults(LeaderElection.java:263)
	at org.apache.ratis.server.impl.LeaderElection.askForVotes(LeaderElection.java:201)
	at org.apache.ratis.server.impl.LeaderElection.run(LeaderElection.java:133)
	at java.lang.Thread.run(Thread.java:748)
Caused by: org.apache.ratis.thirdparty.io.grpc.StatusRuntimeException: UNAVAILABLE: io exception
	at org.apache.ratis.thirdparty.io.grpc.stub.ClientCalls.toStatusRuntimeException(ClientCalls.java:233)
	at org.apache.ratis.thirdparty.io.grpc.stub.ClientCalls.getUnchecked(ClientCalls.java:214)
	at org.apache.ratis.thirdparty.io.grpc.stub.ClientCalls.blockingUnaryCall(ClientCalls.java:139)
	at org.apache.ratis.proto.grpc.RaftServerProtocolServiceGrpc$RaftServerProtocolServiceBlockingStub.requestVote(RaftServerProtocolServiceGrpc.java:265)
	at org.apache.ratis.grpc.server.GrpcServerProtocolClient.requestVote(GrpcServerProtocolClient.java:90)
	at org.apache.ratis.grpc.server.GrpcService.requestVote(GrpcService.java:204)
	at org.apache.ratis.server.impl.LeaderElection.lambda$submitRequests$1(LeaderElection.java:238)
	at java.util.concurrent.FutureTask.run(FutureTask.java:266)
	at java.util.concurrent.Executors$RunnableAdapter.call(Executors.java:511)
	at java.util.concurrent.FutureTask.run(FutureTask.java:266)
	at java.util.concurrent.ThreadPoolExecutor.runWorker(ThreadPoolExecutor.java:1149)
	at java.util.concurrent.ThreadPoolExecutor$Worker.run(ThreadPoolExecutor.java:624)
	... 1 more
Caused by: org.apache.ratis.thirdparty.io.netty.channel.AbstractChannel$AnnotatedConnectException: Connection refused: /192.168.5.175:40325
	at sun.nio.ch.SocketChannelImpl.checkConnect(Native Method)
	at sun.nio.ch.SocketChannelImpl.finishConnect(SocketChannelImpl.java:717)
	at org.apache.ratis.thirdparty.io.netty.channel.socket.nio.NioSocketChannel.doFinishConnect(NioSocketChannel.java:327)
	at org.apache.ratis.thirdparty.io.netty.channel.nio.AbstractNioChannel$AbstractNioUnsafe.finishConnect(AbstractNioChannel.java:340)
	at org.apache.ratis.thirdparty.io.netty.channel.nio.NioEventLoop.processSelectedKey(NioEventLoop.java:632)
	at org.apache.ratis.thirdparty.io.netty.channel.nio.NioEventLoop.processSelectedKeysOptimized(NioEventLoop.java:579)
	at org.apache.ratis.thirdparty.io.netty.channel.nio.NioEventLoop.processSelectedKeys(NioEventLoop.java:496)
	at org.apache.ratis.thirdparty.io.netty.channel.nio.NioEventLoop.run(NioEventLoop.java:458)
	at org.apache.ratis.thirdparty.io.netty.util.concurrent.SingleThreadEventExecutor$5.run(SingleThreadEventExecutor.java:897)
	at org.apache.ratis.thirdparty.io.netty.util.concurrent.FastThreadLocalRunnable.run(FastThreadLocalRunnable.java:30)
	... 1 more
Caused by: java.net.ConnectException: Connection refused
	... 11 more
2019-10-09 13:04:32,408 [3eeab9a4-47d5-4980-9c6e-5102901e869a@group-F4DE2F4D7E72:LeaderElection45] INFO  impl.LeaderElection (LogUtils.java:infoOrTrace(149)) - 3eeab9a4-47d5-4980-9c6e-5102901e869a@group-F4DE2F4D7E72:LeaderElection45 got exception when requesting votes: {}
java.util.concurrent.ExecutionException: org.apache.ratis.thirdparty.io.grpc.StatusRuntimeException: UNAVAILABLE: io exception
	at java.util.concurrent.FutureTask.report(FutureTask.java:122)
	at java.util.concurrent.FutureTask.get(FutureTask.java:192)
	at org.apache.ratis.server.impl.LeaderElection.waitForResults(LeaderElection.java:263)
	at org.apache.ratis.server.impl.LeaderElection.askForVotes(LeaderElection.java:201)
	at org.apache.ratis.server.impl.LeaderElection.run(LeaderElection.java:133)
	at java.lang.Thread.run(Thread.java:748)
Caused by: org.apache.ratis.thirdparty.io.grpc.StatusRuntimeException: UNAVAILABLE: io exception
	at org.apache.ratis.thirdparty.io.grpc.stub.ClientCalls.toStatusRuntimeException(ClientCalls.java:233)
	at org.apache.ratis.thirdparty.io.grpc.stub.ClientCalls.getUnchecked(ClientCalls.java:214)
	at org.apache.ratis.thirdparty.io.grpc.stub.ClientCalls.blockingUnaryCall(ClientCalls.java:139)
	at org.apache.ratis.proto.grpc.RaftServerProtocolServiceGrpc$RaftServerProtocolServiceBlockingStub.requestVote(RaftServerProtocolServiceGrpc.java:265)
	at org.apache.ratis.grpc.server.GrpcServerProtocolClient.requestVote(GrpcServerProtocolClient.java:90)
	at org.apache.ratis.grpc.server.GrpcService.requestVote(GrpcService.java:204)
	at org.apache.ratis.server.impl.LeaderElection.lambda$submitRequests$1(LeaderElection.java:238)
	at java.util.concurrent.FutureTask.run(FutureTask.java:266)
	at java.util.concurrent.Executors$RunnableAdapter.call(Executors.java:511)
	at java.util.concurrent.FutureTask.run(FutureTask.java:266)
	at java.util.concurrent.ThreadPoolExecutor.runWorker(ThreadPoolExecutor.java:1149)
	at java.util.concurrent.ThreadPoolExecutor$Worker.run(ThreadPoolExecutor.java:624)
	... 1 more
Caused by: org.apache.ratis.thirdparty.io.netty.channel.AbstractChannel$AnnotatedConnectException: Connection refused: /192.168.5.175:39769
	at sun.nio.ch.SocketChannelImpl.checkConnect(Native Method)
	at sun.nio.ch.SocketChannelImpl.finishConnect(SocketChannelImpl.java:717)
	at org.apache.ratis.thirdparty.io.netty.channel.socket.nio.NioSocketChannel.doFinishConnect(NioSocketChannel.java:327)
	at org.apache.ratis.thirdparty.io.netty.channel.nio.AbstractNioChannel$AbstractNioUnsafe.finishConnect(AbstractNioChannel.java:340)
	at org.apache.ratis.thirdparty.io.netty.channel.nio.NioEventLoop.processSelectedKey(NioEventLoop.java:632)
	at org.apache.ratis.thirdparty.io.netty.channel.nio.NioEventLoop.processSelectedKeysOptimized(NioEventLoop.java:579)
	at org.apache.ratis.thirdparty.io.netty.channel.nio.NioEventLoop.processSelectedKeys(NioEventLoop.java:496)
	at org.apache.ratis.thirdparty.io.netty.channel.nio.NioEventLoop.run(NioEventLoop.java:458)
	at org.apache.ratis.thirdparty.io.netty.util.concurrent.SingleThreadEventExecutor$5.run(SingleThreadEventExecutor.java:897)
	at org.apache.ratis.thirdparty.io.netty.util.concurrent.FastThreadLocalRunnable.run(FastThreadLocalRunnable.java:30)
	... 1 more
Caused by: java.net.ConnectException: Connection refused
	... 11 more
2019-10-09 13:04:32,409 [3eeab9a4-47d5-4980-9c6e-5102901e869a@group-F4DE2F4D7E72:LeaderElection45] INFO  impl.LeaderElection (LeaderElection.java:logAndReturn(56)) - 3eeab9a4-47d5-4980-9c6e-5102901e869a@group-F4DE2F4D7E72:LeaderElection45: Election REJECTED; received 0 response(s) [] and 2 exception(s); 3eeab9a4-47d5-4980-9c6e-5102901e869a@group-F4DE2F4D7E72:t6, leader=null, voted=3eeab9a4-47d5-4980-9c6e-5102901e869a, raftlog=3eeab9a4-47d5-4980-9c6e-5102901e869a@group-F4DE2F4D7E72-SegmentedRaftLog:OPENED:c0,f0,i0, conf=0: [4f75c367-51e4-41c9-9287-4e8dd97f5c38:192.168.5.175:40325, 3eeab9a4-47d5-4980-9c6e-5102901e869a:192.168.5.175:43254, f0cb1a3f-6ac7-4eb8-9514-6a797ff8471f:192.168.5.175:39769], old=null
2019-10-09 13:04:32,409 [3eeab9a4-47d5-4980-9c6e-5102901e869a@group-F4DE2F4D7E72:LeaderElection45] INFO  impl.LeaderElection (LogUtils.java:infoOrTrace(149)) -   Exception 0: {}
java.util.concurrent.ExecutionException: org.apache.ratis.thirdparty.io.grpc.StatusRuntimeException: UNAVAILABLE: io exception
	at java.util.concurrent.FutureTask.report(FutureTask.java:122)
	at java.util.concurrent.FutureTask.get(FutureTask.java:192)
	at org.apache.ratis.server.impl.LeaderElection.waitForResults(LeaderElection.java:263)
	at org.apache.ratis.server.impl.LeaderElection.askForVotes(LeaderElection.java:201)
	at org.apache.ratis.server.impl.LeaderElection.run(LeaderElection.java:133)
	at java.lang.Thread.run(Thread.java:748)
Caused by: org.apache.ratis.thirdparty.io.grpc.StatusRuntimeException: UNAVAILABLE: io exception
	at org.apache.ratis.thirdparty.io.grpc.stub.ClientCalls.toStatusRuntimeException(ClientCalls.java:233)
	at org.apache.ratis.thirdparty.io.grpc.stub.ClientCalls.getUnchecked(ClientCalls.java:214)
	at org.apache.ratis.thirdparty.io.grpc.stub.ClientCalls.blockingUnaryCall(ClientCalls.java:139)
	at org.apache.ratis.proto.grpc.RaftServerProtocolServiceGrpc$RaftServerProtocolServiceBlockingStub.requestVote(RaftServerProtocolServiceGrpc.java:265)
	at org.apache.ratis.grpc.server.GrpcServerProtocolClient.requestVote(GrpcServerProtocolClient.java:90)
	at org.apache.ratis.grpc.server.GrpcService.requestVote(GrpcService.java:204)
	at org.apache.ratis.server.impl.LeaderElection.lambda$submitRequests$1(LeaderElection.java:238)
	at java.util.concurrent.FutureTask.run(FutureTask.java:266)
	at java.util.concurrent.Executors$RunnableAdapter.call(Executors.java:511)
	at java.util.concurrent.FutureTask.run(FutureTask.java:266)
	at java.util.concurrent.ThreadPoolExecutor.runWorker(ThreadPoolExecutor.java:1149)
	at java.util.concurrent.ThreadPoolExecutor$Worker.run(ThreadPoolExecutor.java:624)
	... 1 more
Caused by: org.apache.ratis.thirdparty.io.netty.channel.AbstractChannel$AnnotatedConnectException: Connection refused: /192.168.5.175:40325
	at sun.nio.ch.SocketChannelImpl.checkConnect(Native Method)
	at sun.nio.ch.SocketChannelImpl.finishConnect(SocketChannelImpl.java:717)
	at org.apache.ratis.thirdparty.io.netty.channel.socket.nio.NioSocketChannel.doFinishConnect(NioSocketChannel.java:327)
	at org.apache.ratis.thirdparty.io.netty.channel.nio.AbstractNioChannel$AbstractNioUnsafe.finishConnect(AbstractNioChannel.java:340)
	at org.apache.ratis.thirdparty.io.netty.channel.nio.NioEventLoop.processSelectedKey(NioEventLoop.java:632)
	at org.apache.ratis.thirdparty.io.netty.channel.nio.NioEventLoop.processSelectedKeysOptimized(NioEventLoop.java:579)
	at org.apache.ratis.thirdparty.io.netty.channel.nio.NioEventLoop.processSelectedKeys(NioEventLoop.java:496)
	at org.apache.ratis.thirdparty.io.netty.channel.nio.NioEventLoop.run(NioEventLoop.java:458)
	at org.apache.ratis.thirdparty.io.netty.util.concurrent.SingleThreadEventExecutor$5.run(SingleThreadEventExecutor.java:897)
	at org.apache.ratis.thirdparty.io.netty.util.concurrent.FastThreadLocalRunnable.run(FastThreadLocalRunnable.java:30)
	... 1 more
Caused by: java.net.ConnectException: Connection refused
	... 11 more
2019-10-09 13:04:32,410 [3eeab9a4-47d5-4980-9c6e-5102901e869a@group-F4DE2F4D7E72:LeaderElection45] INFO  impl.LeaderElection (LogUtils.java:infoOrTrace(149)) -   Exception 1: {}
java.util.concurrent.ExecutionException: org.apache.ratis.thirdparty.io.grpc.StatusRuntimeException: UNAVAILABLE: io exception
	at java.util.concurrent.FutureTask.report(FutureTask.java:122)
	at java.util.concurrent.FutureTask.get(FutureTask.java:192)
	at org.apache.ratis.server.impl.LeaderElection.waitForResults(LeaderElection.java:263)
	at org.apache.ratis.server.impl.LeaderElection.askForVotes(LeaderElection.java:201)
	at org.apache.ratis.server.impl.LeaderElection.run(LeaderElection.java:133)
	at java.lang.Thread.run(Thread.java:748)
Caused by: org.apache.ratis.thirdparty.io.grpc.StatusRuntimeException: UNAVAILABLE: io exception
	at org.apache.ratis.thirdparty.io.grpc.stub.ClientCalls.toStatusRuntimeException(ClientCalls.java:233)
	at org.apache.ratis.thirdparty.io.grpc.stub.ClientCalls.getUnchecked(ClientCalls.java:214)
	at org.apache.ratis.thirdparty.io.grpc.stub.ClientCalls.blockingUnaryCall(ClientCalls.java:139)
	at org.apache.ratis.proto.grpc.RaftServerProtocolServiceGrpc$RaftServerProtocolServiceBlockingStub.requestVote(RaftServerProtocolServiceGrpc.java:265)
	at org.apache.ratis.grpc.server.GrpcServerProtocolClient.requestVote(GrpcServerProtocolClient.java:90)
	at org.apache.ratis.grpc.server.GrpcService.requestVote(GrpcService.java:204)
	at org.apache.ratis.server.impl.LeaderElection.lambda$submitRequests$1(LeaderElection.java:238)
	at java.util.concurrent.FutureTask.run(FutureTask.java:266)
	at java.util.concurrent.Executors$RunnableAdapter.call(Executors.java:511)
	at java.util.concurrent.FutureTask.run(FutureTask.java:266)
	at java.util.concurrent.ThreadPoolExecutor.runWorker(ThreadPoolExecutor.java:1149)
	at java.util.concurrent.ThreadPoolExecutor$Worker.run(ThreadPoolExecutor.java:624)
	... 1 more
Caused by: org.apache.ratis.thirdparty.io.netty.channel.AbstractChannel$AnnotatedConnectException: Connection refused: /192.168.5.175:39769
	at sun.nio.ch.SocketChannelImpl.checkConnect(Native Method)
	at sun.nio.ch.SocketChannelImpl.finishConnect(SocketChannelImpl.java:717)
	at org.apache.ratis.thirdparty.io.netty.channel.socket.nio.NioSocketChannel.doFinishConnect(NioSocketChannel.java:327)
	at org.apache.ratis.thirdparty.io.netty.channel.nio.AbstractNioChannel$AbstractNioUnsafe.finishConnect(AbstractNioChannel.java:340)
	at org.apache.ratis.thirdparty.io.netty.channel.nio.NioEventLoop.processSelectedKey(NioEventLoop.java:632)
	at org.apache.ratis.thirdparty.io.netty.channel.nio.NioEventLoop.processSelectedKeysOptimized(NioEventLoop.java:579)
	at org.apache.ratis.thirdparty.io.netty.channel.nio.NioEventLoop.processSelectedKeys(NioEventLoop.java:496)
	at org.apache.ratis.thirdparty.io.netty.channel.nio.NioEventLoop.run(NioEventLoop.java:458)
	at org.apache.ratis.thirdparty.io.netty.util.concurrent.SingleThreadEventExecutor$5.run(SingleThreadEventExecutor.java:897)
	at org.apache.ratis.thirdparty.io.netty.util.concurrent.FastThreadLocalRunnable.run(FastThreadLocalRunnable.java:30)
	... 1 more
Caused by: java.net.ConnectException: Connection refused
	... 11 more
2019-10-09 13:04:32,411 [3eeab9a4-47d5-4980-9c6e-5102901e869a@group-F4DE2F4D7E72:LeaderElection45] INFO  impl.RaftServerImpl (RaftServerImpl.java:setRole(174)) - 3eeab9a4-47d5-4980-9c6e-5102901e869a@group-F4DE2F4D7E72: changes role from CANDIDATE to FOLLOWER at term 6 for DISCOVERED_A_NEW_TERM
2019-10-09 13:04:32,411 [3eeab9a4-47d5-4980-9c6e-5102901e869a@group-F4DE2F4D7E72:LeaderElection45] INFO  impl.RoleInfo (RoleInfo.java:shutdownLeaderElection(134)) - 3eeab9a4-47d5-4980-9c6e-5102901e869a: shutdown LeaderElection
2019-10-09 13:04:32,411 [3eeab9a4-47d5-4980-9c6e-5102901e869a@group-F4DE2F4D7E72:LeaderElection45] INFO  impl.RoleInfo (RoleInfo.java:updateAndGet(143)) - 3eeab9a4-47d5-4980-9c6e-5102901e869a: start FollowerState
2019-10-09 13:04:33,897 [grpc-default-executor-4] WARN  server.GrpcLogAppender (LogUtils.java:warn(134)) - 3eeab9a4-47d5-4980-9c6e-5102901e869a@group-DDAC6CD64C05->f0cb1a3f-6ac7-4eb8-9514-6a797ff8471f-AppendLogResponseHandler: Failed appendEntries: org.apache.ratis.thirdparty.io.grpc.StatusRuntimeException: UNAVAILABLE: io exception
2019-10-09 13:04:33,901 [grpc-default-executor-4] INFO  impl.FollowerInfo (FollowerInfo.java:lambda$new$0(51)) - 3eeab9a4-47d5-4980-9c6e-5102901e869a@group-DDAC6CD64C05->f0cb1a3f-6ac7-4eb8-9514-6a797ff8471f: nextIndex: updateUnconditionally 0 -> 0
2019-10-09 13:04:33,925 [grpc-default-executor-4] WARN  server.GrpcLogAppender (LogUtils.java:warn(134)) - 3eeab9a4-47d5-4980-9c6e-5102901e869a@group-DDAC6CD64C05->4f75c367-51e4-41c9-9287-4e8dd97f5c38-AppendLogResponseHandler: Failed appendEntries: org.apache.ratis.thirdparty.io.grpc.StatusRuntimeException: UNAVAILABLE: io exception
2019-10-09 13:04:33,925 [grpc-default-executor-4] INFO  impl.FollowerInfo (FollowerInfo.java:lambda$new$0(51)) - 3eeab9a4-47d5-4980-9c6e-5102901e869a@group-DDAC6CD64C05->4f75c367-51e4-41c9-9287-4e8dd97f5c38: nextIndex: updateUnconditionally 0 -> 0
2019-10-09 13:04:34,002 [grpc-default-executor-9] WARN  server.GrpcLogAppender (LogUtils.java:warn(134)) - 3eeab9a4-47d5-4980-9c6e-5102901e869a@group-75761DEE94FB->f0cb1a3f-6ac7-4eb8-9514-6a797ff8471f-AppendLogResponseHandler: Failed appendEntries: org.apache.ratis.thirdparty.io.grpc.StatusRuntimeException: UNAVAILABLE: io exception
2019-10-09 13:04:34,003 [grpc-default-executor-9] INFO  impl.FollowerInfo (FollowerInfo.java:lambda$new$0(51)) - 3eeab9a4-47d5-4980-9c6e-5102901e869a@group-75761DEE94FB->f0cb1a3f-6ac7-4eb8-9514-6a797ff8471f: nextIndex: updateUnconditionally 0 -> 0
2019-10-09 13:04:34,011 [grpc-default-executor-4] WARN  server.GrpcLogAppender (LogUtils.java:warn(134)) - 3eeab9a4-47d5-4980-9c6e-5102901e869a@group-75761DEE94FB->4f75c367-51e4-41c9-9287-4e8dd97f5c38-AppendLogResponseHandler: Failed appendEntries: org.apache.ratis.thirdparty.io.grpc.StatusRuntimeException: UNAVAILABLE: io exception
2019-10-09 13:04:34,011 [grpc-default-executor-4] INFO  impl.FollowerInfo (FollowerInfo.java:lambda$new$0(51)) - 3eeab9a4-47d5-4980-9c6e-5102901e869a@group-75761DEE94FB->4f75c367-51e4-41c9-9287-4e8dd97f5c38: nextIndex: updateUnconditionally 0 -> 0
2019-10-09 13:04:34,190 [grpc-default-executor-7] WARN  server.GrpcLogAppender (LogUtils.java:warn(134)) - 3eeab9a4-47d5-4980-9c6e-5102901e869a@group-153C1C6005E2->f0cb1a3f-6ac7-4eb8-9514-6a797ff8471f-AppendLogResponseHandler: Failed appendEntries: org.apache.ratis.thirdparty.io.grpc.StatusRuntimeException: UNAVAILABLE: io exception
2019-10-09 13:04:34,191 [grpc-default-executor-7] INFO  impl.FollowerInfo (FollowerInfo.java:lambda$new$0(51)) - 3eeab9a4-47d5-4980-9c6e-5102901e869a@group-153C1C6005E2->f0cb1a3f-6ac7-4eb8-9514-6a797ff8471f: nextIndex: updateUnconditionally 0 -> 0
2019-10-09 13:04:34,196 [grpc-default-executor-9] WARN  server.GrpcLogAppender (LogUtils.java:warn(134)) - 3eeab9a4-47d5-4980-9c6e-5102901e869a@group-153C1C6005E2->4f75c367-51e4-41c9-9287-4e8dd97f5c38-AppendLogResponseHandler: Failed appendEntries: org.apache.ratis.thirdparty.io.grpc.StatusRuntimeException: UNAVAILABLE: io exception
2019-10-09 13:04:34,197 [grpc-default-executor-9] INFO  impl.FollowerInfo (FollowerInfo.java:lambda$new$0(51)) - 3eeab9a4-47d5-4980-9c6e-5102901e869a@group-153C1C6005E2->4f75c367-51e4-41c9-9287-4e8dd97f5c38: nextIndex: updateUnconditionally 0 -> 0
2019-10-09 13:04:36,400 [grpc-default-executor-9] WARN  server.GrpcLogAppender (LogUtils.java:warn(134)) - 3eeab9a4-47d5-4980-9c6e-5102901e869a@group-DDAC6CD64C05->f0cb1a3f-6ac7-4eb8-9514-6a797ff8471f-AppendLogResponseHandler: Failed appendEntries: org.apache.ratis.thirdparty.io.grpc.StatusRuntimeException: UNAVAILABLE: io exception
2019-10-09 13:04:36,401 [grpc-default-executor-9] INFO  impl.FollowerInfo (FollowerInfo.java:lambda$new$0(51)) - 3eeab9a4-47d5-4980-9c6e-5102901e869a@group-DDAC6CD64C05->f0cb1a3f-6ac7-4eb8-9514-6a797ff8471f: nextIndex: updateUnconditionally 0 -> 0
2019-10-09 13:04:36,427 [grpc-default-executor-7] WARN  server.GrpcLogAppender (LogUtils.java:warn(134)) - 3eeab9a4-47d5-4980-9c6e-5102901e869a@group-DDAC6CD64C05->4f75c367-51e4-41c9-9287-4e8dd97f5c38-AppendLogResponseHandler: Failed appendEntries: org.apache.ratis.thirdparty.io.grpc.StatusRuntimeException: UNAVAILABLE: io exception
2019-10-09 13:04:36,428 [grpc-default-executor-7] INFO  impl.FollowerInfo (FollowerInfo.java:lambda$new$0(51)) - 3eeab9a4-47d5-4980-9c6e-5102901e869a@group-DDAC6CD64C05->4f75c367-51e4-41c9-9287-4e8dd97f5c38: nextIndex: updateUnconditionally 0 -> 0
2019-10-09 13:04:36,503 [grpc-default-executor-7] WARN  server.GrpcLogAppender (LogUtils.java:warn(134)) - 3eeab9a4-47d5-4980-9c6e-5102901e869a@group-75761DEE94FB->f0cb1a3f-6ac7-4eb8-9514-6a797ff8471f-AppendLogResponseHandler: Failed appendEntries: org.apache.ratis.thirdparty.io.grpc.StatusRuntimeException: UNAVAILABLE: io exception
2019-10-09 13:04:36,504 [grpc-default-executor-7] INFO  impl.FollowerInfo (FollowerInfo.java:lambda$new$0(51)) - 3eeab9a4-47d5-4980-9c6e-5102901e869a@group-75761DEE94FB->f0cb1a3f-6ac7-4eb8-9514-6a797ff8471f: nextIndex: updateUnconditionally 0 -> 0
2019-10-09 13:04:36,512 [grpc-default-executor-4] WARN  server.GrpcLogAppender (LogUtils.java:warn(134)) - 3eeab9a4-47d5-4980-9c6e-5102901e869a@group-75761DEE94FB->4f75c367-51e4-41c9-9287-4e8dd97f5c38-AppendLogResponseHandler: Failed appendEntries: org.apache.ratis.thirdparty.io.grpc.StatusRuntimeException: UNAVAILABLE: io exception
2019-10-09 13:04:36,512 [grpc-default-executor-4] INFO  impl.FollowerInfo (FollowerInfo.java:lambda$new$0(51)) - 3eeab9a4-47d5-4980-9c6e-5102901e869a@group-75761DEE94FB->4f75c367-51e4-41c9-9287-4e8dd97f5c38: nextIndex: updateUnconditionally 0 -> 0
2019-10-09 13:04:36,691 [grpc-default-executor-9] WARN  server.GrpcLogAppender (LogUtils.java:warn(134)) - 3eeab9a4-47d5-4980-9c6e-5102901e869a@group-153C1C6005E2->f0cb1a3f-6ac7-4eb8-9514-6a797ff8471f-AppendLogResponseHandler: Failed appendEntries: org.apache.ratis.thirdparty.io.grpc.StatusRuntimeException: UNAVAILABLE: io exception
2019-10-09 13:04:36,691 [grpc-default-executor-9] INFO  impl.FollowerInfo (FollowerInfo.java:lambda$new$0(51)) - 3eeab9a4-47d5-4980-9c6e-5102901e869a@group-153C1C6005E2->f0cb1a3f-6ac7-4eb8-9514-6a797ff8471f: nextIndex: updateUnconditionally 0 -> 0
2019-10-09 13:04:36,697 [grpc-default-executor-7] WARN  server.GrpcLogAppender (LogUtils.java:warn(134)) - 3eeab9a4-47d5-4980-9c6e-5102901e869a@group-153C1C6005E2->4f75c367-51e4-41c9-9287-4e8dd97f5c38-AppendLogResponseHandler: Failed appendEntries: org.apache.ratis.thirdparty.io.grpc.StatusRuntimeException: UNAVAILABLE: io exception
2019-10-09 13:04:36,698 [grpc-default-executor-7] INFO  impl.FollowerInfo (FollowerInfo.java:lambda$new$0(51)) - 3eeab9a4-47d5-4980-9c6e-5102901e869a@group-153C1C6005E2->4f75c367-51e4-41c9-9287-4e8dd97f5c38: nextIndex: updateUnconditionally 0 -> 0
2019-10-09 13:04:37,133 [Thread-703] INFO  impl.FollowerState (FollowerState.java:run(106)) - 3eeab9a4-47d5-4980-9c6e-5102901e869a:group-6247FF3E413E changes to CANDIDATE, lastRpcTime:5135, electionTimeout:5135ms
2019-10-09 13:04:37,133 [Thread-703] INFO  impl.RoleInfo (RoleInfo.java:shutdownFollowerState(121)) - 3eeab9a4-47d5-4980-9c6e-5102901e869a: shutdown FollowerState
2019-10-09 13:04:37,134 [Thread-703] INFO  impl.RaftServerImpl (RaftServerImpl.java:setRole(174)) - 3eeab9a4-47d5-4980-9c6e-5102901e869a@group-6247FF3E413E: changes role from  FOLLOWER to CANDIDATE at term 6 for changeToCandidate
2019-10-09 13:04:37,134 [Thread-703] INFO  impl.RoleInfo (RoleInfo.java:updateAndGet(143)) - 3eeab9a4-47d5-4980-9c6e-5102901e869a: start LeaderElection
2019-10-09 13:04:37,150 [3eeab9a4-47d5-4980-9c6e-5102901e869a@group-6247FF3E413E:LeaderElection46] INFO  impl.LeaderElection (LeaderElection.java:askForVotes(182)) - 3eeab9a4-47d5-4980-9c6e-5102901e869a@group-6247FF3E413E:LeaderElection46: begin an election at term 7 for 0: [4f75c367-51e4-41c9-9287-4e8dd97f5c38:192.168.5.175:40325, 3eeab9a4-47d5-4980-9c6e-5102901e869a:192.168.5.175:43254, f0cb1a3f-6ac7-4eb8-9514-6a797ff8471f:192.168.5.175:39769], old=null
2019-10-09 13:04:37,154 [3eeab9a4-47d5-4980-9c6e-5102901e869a@group-6247FF3E413E:LeaderElection46] INFO  impl.LeaderElection (LogUtils.java:infoOrTrace(149)) - 3eeab9a4-47d5-4980-9c6e-5102901e869a@group-6247FF3E413E:LeaderElection46 got exception when requesting votes: {}
java.util.concurrent.ExecutionException: org.apache.ratis.thirdparty.io.grpc.StatusRuntimeException: UNAVAILABLE: io exception
	at java.util.concurrent.FutureTask.report(FutureTask.java:122)
	at java.util.concurrent.FutureTask.get(FutureTask.java:192)
	at org.apache.ratis.server.impl.LeaderElection.waitForResults(LeaderElection.java:263)
	at org.apache.ratis.server.impl.LeaderElection.askForVotes(LeaderElection.java:201)
	at org.apache.ratis.server.impl.LeaderElection.run(LeaderElection.java:133)
	at java.lang.Thread.run(Thread.java:748)
Caused by: org.apache.ratis.thirdparty.io.grpc.StatusRuntimeException: UNAVAILABLE: io exception
	at org.apache.ratis.thirdparty.io.grpc.stub.ClientCalls.toStatusRuntimeException(ClientCalls.java:233)
	at org.apache.ratis.thirdparty.io.grpc.stub.ClientCalls.getUnchecked(ClientCalls.java:214)
	at org.apache.ratis.thirdparty.io.grpc.stub.ClientCalls.blockingUnaryCall(ClientCalls.java:139)
	at org.apache.ratis.proto.grpc.RaftServerProtocolServiceGrpc$RaftServerProtocolServiceBlockingStub.requestVote(RaftServerProtocolServiceGrpc.java:265)
	at org.apache.ratis.grpc.server.GrpcServerProtocolClient.requestVote(GrpcServerProtocolClient.java:90)
	at org.apache.ratis.grpc.server.GrpcService.requestVote(GrpcService.java:204)
	at org.apache.ratis.server.impl.LeaderElection.lambda$submitRequests$1(LeaderElection.java:238)
	at java.util.concurrent.FutureTask.run(FutureTask.java:266)
	at java.util.concurrent.Executors$RunnableAdapter.call(Executors.java:511)
	at java.util.concurrent.FutureTask.run(FutureTask.java:266)
	at java.util.concurrent.ThreadPoolExecutor.runWorker(ThreadPoolExecutor.java:1149)
	at java.util.concurrent.ThreadPoolExecutor$Worker.run(ThreadPoolExecutor.java:624)
	... 1 more
Caused by: org.apache.ratis.thirdparty.io.netty.channel.AbstractChannel$AnnotatedConnectException: Connection refused: /192.168.5.175:39769
	at sun.nio.ch.SocketChannelImpl.checkConnect(Native Method)
	at sun.nio.ch.SocketChannelImpl.finishConnect(SocketChannelImpl.java:717)
	at org.apache.ratis.thirdparty.io.netty.channel.socket.nio.NioSocketChannel.doFinishConnect(NioSocketChannel.java:327)
	at org.apache.ratis.thirdparty.io.netty.channel.nio.AbstractNioChannel$AbstractNioUnsafe.finishConnect(AbstractNioChannel.java:340)
	at org.apache.ratis.thirdparty.io.netty.channel.nio.NioEventLoop.processSelectedKey(NioEventLoop.java:632)
	at org.apache.ratis.thirdparty.io.netty.channel.nio.NioEventLoop.processSelectedKeysOptimized(NioEventLoop.java:579)
	at org.apache.ratis.thirdparty.io.netty.channel.nio.NioEventLoop.processSelectedKeys(NioEventLoop.java:496)
	at org.apache.ratis.thirdparty.io.netty.channel.nio.NioEventLoop.run(NioEventLoop.java:458)
	at org.apache.ratis.thirdparty.io.netty.util.concurrent.SingleThreadEventExecutor$5.run(SingleThreadEventExecutor.java:897)
	at org.apache.ratis.thirdparty.io.netty.util.concurrent.FastThreadLocalRunnable.run(FastThreadLocalRunnable.java:30)
	... 1 more
Caused by: java.net.ConnectException: Connection refused
	... 11 more
2019-10-09 13:04:37,155 [3eeab9a4-47d5-4980-9c6e-5102901e869a@group-6247FF3E413E:LeaderElection46] INFO  impl.LeaderElection (LogUtils.java:infoOrTrace(149)) - 3eeab9a4-47d5-4980-9c6e-5102901e869a@group-6247FF3E413E:LeaderElection46 got exception when requesting votes: {}
java.util.concurrent.ExecutionException: org.apache.ratis.thirdparty.io.grpc.StatusRuntimeException: UNAVAILABLE: io exception
	at java.util.concurrent.FutureTask.report(FutureTask.java:122)
	at java.util.concurrent.FutureTask.get(FutureTask.java:192)
	at org.apache.ratis.server.impl.LeaderElection.waitForResults(LeaderElection.java:263)
	at org.apache.ratis.server.impl.LeaderElection.askForVotes(LeaderElection.java:201)
	at org.apache.ratis.server.impl.LeaderElection.run(LeaderElection.java:133)
	at java.lang.Thread.run(Thread.java:748)
Caused by: org.apache.ratis.thirdparty.io.grpc.StatusRuntimeException: UNAVAILABLE: io exception
	at org.apache.ratis.thirdparty.io.grpc.stub.ClientCalls.toStatusRuntimeException(ClientCalls.java:233)
	at org.apache.ratis.thirdparty.io.grpc.stub.ClientCalls.getUnchecked(ClientCalls.java:214)
	at org.apache.ratis.thirdparty.io.grpc.stub.ClientCalls.blockingUnaryCall(ClientCalls.java:139)
	at org.apache.ratis.proto.grpc.RaftServerProtocolServiceGrpc$RaftServerProtocolServiceBlockingStub.requestVote(RaftServerProtocolServiceGrpc.java:265)
	at org.apache.ratis.grpc.server.GrpcServerProtocolClient.requestVote(GrpcServerProtocolClient.java:90)
	at org.apache.ratis.grpc.server.GrpcService.requestVote(GrpcService.java:204)
	at org.apache.ratis.server.impl.LeaderElection.lambda$submitRequests$1(LeaderElection.java:238)
	at java.util.concurrent.FutureTask.run(FutureTask.java:266)
	at java.util.concurrent.Executors$RunnableAdapter.call(Executors.java:511)
	at java.util.concurrent.FutureTask.run(FutureTask.java:266)
	at java.util.concurrent.ThreadPoolExecutor.runWorker(ThreadPoolExecutor.java:1149)
	at java.util.concurrent.ThreadPoolExecutor$Worker.run(ThreadPoolExecutor.java:624)
	... 1 more
Caused by: org.apache.ratis.thirdparty.io.netty.channel.AbstractChannel$AnnotatedConnectException: Connection refused: /192.168.5.175:40325
	at sun.nio.ch.SocketChannelImpl.checkConnect(Native Method)
	at sun.nio.ch.SocketChannelImpl.finishConnect(SocketChannelImpl.java:717)
	at org.apache.ratis.thirdparty.io.netty.channel.socket.nio.NioSocketChannel.doFinishConnect(NioSocketChannel.java:327)
	at org.apache.ratis.thirdparty.io.netty.channel.nio.AbstractNioChannel$AbstractNioUnsafe.finishConnect(AbstractNioChannel.java:340)
	at org.apache.ratis.thirdparty.io.netty.channel.nio.NioEventLoop.processSelectedKey(NioEventLoop.java:632)
	at org.apache.ratis.thirdparty.io.netty.channel.nio.NioEventLoop.processSelectedKeysOptimized(NioEventLoop.java:579)
	at org.apache.ratis.thirdparty.io.netty.channel.nio.NioEventLoop.processSelectedKeys(NioEventLoop.java:496)
	at org.apache.ratis.thirdparty.io.netty.channel.nio.NioEventLoop.run(NioEventLoop.java:458)
	at org.apache.ratis.thirdparty.io.netty.util.concurrent.SingleThreadEventExecutor$5.run(SingleThreadEventExecutor.java:897)
	at org.apache.ratis.thirdparty.io.netty.util.concurrent.FastThreadLocalRunnable.run(FastThreadLocalRunnable.java:30)
	... 1 more
Caused by: java.net.ConnectException: Connection refused
	... 11 more
2019-10-09 13:04:37,163 [3eeab9a4-47d5-4980-9c6e-5102901e869a@group-6247FF3E413E:LeaderElection46] INFO  impl.LeaderElection (LeaderElection.java:logAndReturn(56)) - 3eeab9a4-47d5-4980-9c6e-5102901e869a@group-6247FF3E413E:LeaderElection46: Election REJECTED; received 0 response(s) [] and 2 exception(s); 3eeab9a4-47d5-4980-9c6e-5102901e869a@group-6247FF3E413E:t7, leader=null, voted=3eeab9a4-47d5-4980-9c6e-5102901e869a, raftlog=3eeab9a4-47d5-4980-9c6e-5102901e869a@group-6247FF3E413E-SegmentedRaftLog:OPENED:c0,f0,i0, conf=0: [4f75c367-51e4-41c9-9287-4e8dd97f5c38:192.168.5.175:40325, 3eeab9a4-47d5-4980-9c6e-5102901e869a:192.168.5.175:43254, f0cb1a3f-6ac7-4eb8-9514-6a797ff8471f:192.168.5.175:39769], old=null
2019-10-09 13:04:37,163 [3eeab9a4-47d5-4980-9c6e-5102901e869a@group-6247FF3E413E:LeaderElection46] INFO  impl.LeaderElection (LogUtils.java:infoOrTrace(149)) -   Exception 0: {}
java.util.concurrent.ExecutionException: org.apache.ratis.thirdparty.io.grpc.StatusRuntimeException: UNAVAILABLE: io exception
	at java.util.concurrent.FutureTask.report(FutureTask.java:122)
	at java.util.concurrent.FutureTask.get(FutureTask.java:192)
	at org.apache.ratis.server.impl.LeaderElection.waitForResults(LeaderElection.java:263)
	at org.apache.ratis.server.impl.LeaderElection.askForVotes(LeaderElection.java:201)
	at org.apache.ratis.server.impl.LeaderElection.run(LeaderElection.java:133)
	at java.lang.Thread.run(Thread.java:748)
Caused by: org.apache.ratis.thirdparty.io.grpc.StatusRuntimeException: UNAVAILABLE: io exception
	at org.apache.ratis.thirdparty.io.grpc.stub.ClientCalls.toStatusRuntimeException(ClientCalls.java:233)
	at org.apache.ratis.thirdparty.io.grpc.stub.ClientCalls.getUnchecked(ClientCalls.java:214)
	at org.apache.ratis.thirdparty.io.grpc.stub.ClientCalls.blockingUnaryCall(ClientCalls.java:139)
	at org.apache.ratis.proto.grpc.RaftServerProtocolServiceGrpc$RaftServerProtocolServiceBlockingStub.requestVote(RaftServerProtocolServiceGrpc.java:265)
	at org.apache.ratis.grpc.server.GrpcServerProtocolClient.requestVote(GrpcServerProtocolClient.java:90)
	at org.apache.ratis.grpc.server.GrpcService.requestVote(GrpcService.java:204)
	at org.apache.ratis.server.impl.LeaderElection.lambda$submitRequests$1(LeaderElection.java:238)
	at java.util.concurrent.FutureTask.run(FutureTask.java:266)
	at java.util.concurrent.Executors$RunnableAdapter.call(Executors.java:511)
	at java.util.concurrent.FutureTask.run(FutureTask.java:266)
	at java.util.concurrent.ThreadPoolExecutor.runWorker(ThreadPoolExecutor.java:1149)
	at java.util.concurrent.ThreadPoolExecutor$Worker.run(ThreadPoolExecutor.java:624)
	... 1 more
Caused by: org.apache.ratis.thirdparty.io.netty.channel.AbstractChannel$AnnotatedConnectException: Connection refused: /192.168.5.175:39769
	at sun.nio.ch.SocketChannelImpl.checkConnect(Native Method)
	at sun.nio.ch.SocketChannelImpl.finishConnect(SocketChannelImpl.java:717)
	at org.apache.ratis.thirdparty.io.netty.channel.socket.nio.NioSocketChannel.doFinishConnect(NioSocketChannel.java:327)
	at org.apache.ratis.thirdparty.io.netty.channel.nio.AbstractNioChannel$AbstractNioUnsafe.finishConnect(AbstractNioChannel.java:340)
	at org.apache.ratis.thirdparty.io.netty.channel.nio.NioEventLoop.processSelectedKey(NioEventLoop.java:632)
	at org.apache.ratis.thirdparty.io.netty.channel.nio.NioEventLoop.processSelectedKeysOptimized(NioEventLoop.java:579)
	at org.apache.ratis.thirdparty.io.netty.channel.nio.NioEventLoop.processSelectedKeys(NioEventLoop.java:496)
	at org.apache.ratis.thirdparty.io.netty.channel.nio.NioEventLoop.run(NioEventLoop.java:458)
	at org.apache.ratis.thirdparty.io.netty.util.concurrent.SingleThreadEventExecutor$5.run(SingleThreadEventExecutor.java:897)
	at org.apache.ratis.thirdparty.io.netty.util.concurrent.FastThreadLocalRunnable.run(FastThreadLocalRunnable.java:30)
	... 1 more
Caused by: java.net.ConnectException: Connection refused
	... 11 more
2019-10-09 13:04:37,163 [3eeab9a4-47d5-4980-9c6e-5102901e869a@group-6247FF3E413E:LeaderElection46] INFO  impl.LeaderElection (LogUtils.java:infoOrTrace(149)) -   Exception 1: {}
java.util.concurrent.ExecutionException: org.apache.ratis.thirdparty.io.grpc.StatusRuntimeException: UNAVAILABLE: io exception
	at java.util.concurrent.FutureTask.report(FutureTask.java:122)
	at java.util.concurrent.FutureTask.get(FutureTask.java:192)
	at org.apache.ratis.server.impl.LeaderElection.waitForResults(LeaderElection.java:263)
	at org.apache.ratis.server.impl.LeaderElection.askForVotes(LeaderElection.java:201)
	at org.apache.ratis.server.impl.LeaderElection.run(LeaderElection.java:133)
	at java.lang.Thread.run(Thread.java:748)
Caused by: org.apache.ratis.thirdparty.io.grpc.StatusRuntimeException: UNAVAILABLE: io exception
	at org.apache.ratis.thirdparty.io.grpc.stub.ClientCalls.toStatusRuntimeException(ClientCalls.java:233)
	at org.apache.ratis.thirdparty.io.grpc.stub.ClientCalls.getUnchecked(ClientCalls.java:214)
	at org.apache.ratis.thirdparty.io.grpc.stub.ClientCalls.blockingUnaryCall(ClientCalls.java:139)
	at org.apache.ratis.proto.grpc.RaftServerProtocolServiceGrpc$RaftServerProtocolServiceBlockingStub.requestVote(RaftServerProtocolServiceGrpc.java:265)
	at org.apache.ratis.grpc.server.GrpcServerProtocolClient.requestVote(GrpcServerProtocolClient.java:90)
	at org.apache.ratis.grpc.server.GrpcService.requestVote(GrpcService.java:204)
	at org.apache.ratis.server.impl.LeaderElection.lambda$submitRequests$1(LeaderElection.java:238)
	at java.util.concurrent.FutureTask.run(FutureTask.java:266)
	at java.util.concurrent.Executors$RunnableAdapter.call(Executors.java:511)
	at java.util.concurrent.FutureTask.run(FutureTask.java:266)
	at java.util.concurrent.ThreadPoolExecutor.runWorker(ThreadPoolExecutor.java:1149)
	at java.util.concurrent.ThreadPoolExecutor$Worker.run(ThreadPoolExecutor.java:624)
	... 1 more
Caused by: org.apache.ratis.thirdparty.io.netty.channel.AbstractChannel$AnnotatedConnectException: Connection refused: /192.168.5.175:40325
	at sun.nio.ch.SocketChannelImpl.checkConnect(Native Method)
	at sun.nio.ch.SocketChannelImpl.finishConnect(SocketChannelImpl.java:717)
	at org.apache.ratis.thirdparty.io.netty.channel.socket.nio.NioSocketChannel.doFinishConnect(NioSocketChannel.java:327)
	at org.apache.ratis.thirdparty.io.netty.channel.nio.AbstractNioChannel$AbstractNioUnsafe.finishConnect(AbstractNioChannel.java:340)
	at org.apache.ratis.thirdparty.io.netty.channel.nio.NioEventLoop.processSelectedKey(NioEventLoop.java:632)
	at org.apache.ratis.thirdparty.io.netty.channel.nio.NioEventLoop.processSelectedKeysOptimized(NioEventLoop.java:579)
	at org.apache.ratis.thirdparty.io.netty.channel.nio.NioEventLoop.processSelectedKeys(NioEventLoop.java:496)
	at org.apache.ratis.thirdparty.io.netty.channel.nio.NioEventLoop.run(NioEventLoop.java:458)
	at org.apache.ratis.thirdparty.io.netty.util.concurrent.SingleThreadEventExecutor$5.run(SingleThreadEventExecutor.java:897)
	at org.apache.ratis.thirdparty.io.netty.util.concurrent.FastThreadLocalRunnable.run(FastThreadLocalRunnable.java:30)
	... 1 more
Caused by: java.net.ConnectException: Connection refused
	... 11 more
2019-10-09 13:04:37,164 [3eeab9a4-47d5-4980-9c6e-5102901e869a@group-6247FF3E413E:LeaderElection46] INFO  impl.RaftServerImpl (RaftServerImpl.java:setRole(174)) - 3eeab9a4-47d5-4980-9c6e-5102901e869a@group-6247FF3E413E: changes role from CANDIDATE to FOLLOWER at term 7 for DISCOVERED_A_NEW_TERM
2019-10-09 13:04:37,164 [3eeab9a4-47d5-4980-9c6e-5102901e869a@group-6247FF3E413E:LeaderElection46] INFO  impl.RoleInfo (RoleInfo.java:shutdownLeaderElection(134)) - 3eeab9a4-47d5-4980-9c6e-5102901e869a: shutdown LeaderElection
2019-10-09 13:04:37,165 [3eeab9a4-47d5-4980-9c6e-5102901e869a@group-6247FF3E413E:LeaderElection46] INFO  impl.RoleInfo (RoleInfo.java:updateAndGet(143)) - 3eeab9a4-47d5-4980-9c6e-5102901e869a: start FollowerState
2019-10-09 13:04:37,229 [Thread-707] INFO  impl.FollowerState (FollowerState.java:run(106)) - 3eeab9a4-47d5-4980-9c6e-5102901e869a:group-A483B260BC72 changes to CANDIDATE, lastRpcTime:5026, electionTimeout:5026ms
2019-10-09 13:04:37,231 [Thread-707] INFO  impl.RoleInfo (RoleInfo.java:shutdownFollowerState(121)) - 3eeab9a4-47d5-4980-9c6e-5102901e869a: shutdown FollowerState
2019-10-09 13:04:37,231 [Thread-707] INFO  impl.RaftServerImpl (RaftServerImpl.java:setRole(174)) - 3eeab9a4-47d5-4980-9c6e-5102901e869a@group-A483B260BC72: changes role from  FOLLOWER to CANDIDATE at term 6 for changeToCandidate
2019-10-09 13:04:37,231 [Thread-707] INFO  impl.RoleInfo (RoleInfo.java:updateAndGet(143)) - 3eeab9a4-47d5-4980-9c6e-5102901e869a: start LeaderElection
2019-10-09 13:04:37,250 [3eeab9a4-47d5-4980-9c6e-5102901e869a@group-A483B260BC72:LeaderElection47] INFO  impl.LeaderElection (LeaderElection.java:askForVotes(182)) - 3eeab9a4-47d5-4980-9c6e-5102901e869a@group-A483B260BC72:LeaderElection47: begin an election at term 7 for 0: [4f75c367-51e4-41c9-9287-4e8dd97f5c38:192.168.5.175:40325, 3eeab9a4-47d5-4980-9c6e-5102901e869a:192.168.5.175:43254, f0cb1a3f-6ac7-4eb8-9514-6a797ff8471f:192.168.5.175:39769], old=null
2019-10-09 13:04:37,252 [3eeab9a4-47d5-4980-9c6e-5102901e869a@group-A483B260BC72:LeaderElection47] INFO  impl.LeaderElection (LogUtils.java:infoOrTrace(149)) - 3eeab9a4-47d5-4980-9c6e-5102901e869a@group-A483B260BC72:LeaderElection47 got exception when requesting votes: {}
java.util.concurrent.ExecutionException: org.apache.ratis.thirdparty.io.grpc.StatusRuntimeException: UNAVAILABLE: io exception
	at java.util.concurrent.FutureTask.report(FutureTask.java:122)
	at java.util.concurrent.FutureTask.get(FutureTask.java:192)
	at org.apache.ratis.server.impl.LeaderElection.waitForResults(LeaderElection.java:263)
	at org.apache.ratis.server.impl.LeaderElection.askForVotes(LeaderElection.java:201)
	at org.apache.ratis.server.impl.LeaderElection.run(LeaderElection.java:133)
	at java.lang.Thread.run(Thread.java:748)
Caused by: org.apache.ratis.thirdparty.io.grpc.StatusRuntimeException: UNAVAILABLE: io exception
	at org.apache.ratis.thirdparty.io.grpc.stub.ClientCalls.toStatusRuntimeException(ClientCalls.java:233)
	at org.apache.ratis.thirdparty.io.grpc.stub.ClientCalls.getUnchecked(ClientCalls.java:214)
	at org.apache.ratis.thirdparty.io.grpc.stub.ClientCalls.blockingUnaryCall(ClientCalls.java:139)
	at org.apache.ratis.proto.grpc.RaftServerProtocolServiceGrpc$RaftServerProtocolServiceBlockingStub.requestVote(RaftServerProtocolServiceGrpc.java:265)
	at org.apache.ratis.grpc.server.GrpcServerProtocolClient.requestVote(GrpcServerProtocolClient.java:90)
	at org.apache.ratis.grpc.server.GrpcService.requestVote(GrpcService.java:204)
	at org.apache.ratis.server.impl.LeaderElection.lambda$submitRequests$1(LeaderElection.java:238)
	at java.util.concurrent.FutureTask.run(FutureTask.java:266)
	at java.util.concurrent.Executors$RunnableAdapter.call(Executors.java:511)
	at java.util.concurrent.FutureTask.run(FutureTask.java:266)
	at java.util.concurrent.ThreadPoolExecutor.runWorker(ThreadPoolExecutor.java:1149)
	at java.util.concurrent.ThreadPoolExecutor$Worker.run(ThreadPoolExecutor.java:624)
	... 1 more
Caused by: org.apache.ratis.thirdparty.io.netty.channel.AbstractChannel$AnnotatedConnectException: Connection refused: /192.168.5.175:39769
	at sun.nio.ch.SocketChannelImpl.checkConnect(Native Method)
	at sun.nio.ch.SocketChannelImpl.finishConnect(SocketChannelImpl.java:717)
	at org.apache.ratis.thirdparty.io.netty.channel.socket.nio.NioSocketChannel.doFinishConnect(NioSocketChannel.java:327)
	at org.apache.ratis.thirdparty.io.netty.channel.nio.AbstractNioChannel$AbstractNioUnsafe.finishConnect(AbstractNioChannel.java:340)
	at org.apache.ratis.thirdparty.io.netty.channel.nio.NioEventLoop.processSelectedKey(NioEventLoop.java:632)
	at org.apache.ratis.thirdparty.io.netty.channel.nio.NioEventLoop.processSelectedKeysOptimized(NioEventLoop.java:579)
	at org.apache.ratis.thirdparty.io.netty.channel.nio.NioEventLoop.processSelectedKeys(NioEventLoop.java:496)
	at org.apache.ratis.thirdparty.io.netty.channel.nio.NioEventLoop.run(NioEventLoop.java:458)
	at org.apache.ratis.thirdparty.io.netty.util.concurrent.SingleThreadEventExecutor$5.run(SingleThreadEventExecutor.java:897)
	at org.apache.ratis.thirdparty.io.netty.util.concurrent.FastThreadLocalRunnable.run(FastThreadLocalRunnable.java:30)
	... 1 more
Caused by: java.net.ConnectException: Connection refused
	... 11 more
2019-10-09 13:04:37,252 [3eeab9a4-47d5-4980-9c6e-5102901e869a@group-A483B260BC72:LeaderElection47] INFO  impl.LeaderElection (LogUtils.java:infoOrTrace(149)) - 3eeab9a4-47d5-4980-9c6e-5102901e869a@group-A483B260BC72:LeaderElection47 got exception when requesting votes: {}
java.util.concurrent.ExecutionException: org.apache.ratis.thirdparty.io.grpc.StatusRuntimeException: UNAVAILABLE: io exception
	at java.util.concurrent.FutureTask.report(FutureTask.java:122)
	at java.util.concurrent.FutureTask.get(FutureTask.java:192)
	at org.apache.ratis.server.impl.LeaderElection.waitForResults(LeaderElection.java:263)
	at org.apache.ratis.server.impl.LeaderElection.askForVotes(LeaderElection.java:201)
	at org.apache.ratis.server.impl.LeaderElection.run(LeaderElection.java:133)
	at java.lang.Thread.run(Thread.java:748)
Caused by: org.apache.ratis.thirdparty.io.grpc.StatusRuntimeException: UNAVAILABLE: io exception
	at org.apache.ratis.thirdparty.io.grpc.stub.ClientCalls.toStatusRuntimeException(ClientCalls.java:233)
	at org.apache.ratis.thirdparty.io.grpc.stub.ClientCalls.getUnchecked(ClientCalls.java:214)
	at org.apache.ratis.thirdparty.io.grpc.stub.ClientCalls.blockingUnaryCall(ClientCalls.java:139)
	at org.apache.ratis.proto.grpc.RaftServerProtocolServiceGrpc$RaftServerProtocolServiceBlockingStub.requestVote(RaftServerProtocolServiceGrpc.java:265)
	at org.apache.ratis.grpc.server.GrpcServerProtocolClient.requestVote(GrpcServerProtocolClient.java:90)
	at org.apache.ratis.grpc.server.GrpcService.requestVote(GrpcService.java:204)
	at org.apache.ratis.server.impl.LeaderElection.lambda$submitRequests$1(LeaderElection.java:238)
	at java.util.concurrent.FutureTask.run(FutureTask.java:266)
	at java.util.concurrent.Executors$RunnableAdapter.call(Executors.java:511)
	at java.util.concurrent.FutureTask.run(FutureTask.java:266)
	at java.util.concurrent.ThreadPoolExecutor.runWorker(ThreadPoolExecutor.java:1149)
	at java.util.concurrent.ThreadPoolExecutor$Worker.run(ThreadPoolExecutor.java:624)
	... 1 more
Caused by: org.apache.ratis.thirdparty.io.netty.channel.AbstractChannel$AnnotatedConnectException: Connection refused: /192.168.5.175:40325
	at sun.nio.ch.SocketChannelImpl.checkConnect(Native Method)
	at sun.nio.ch.SocketChannelImpl.finishConnect(SocketChannelImpl.java:717)
	at org.apache.ratis.thirdparty.io.netty.channel.socket.nio.NioSocketChannel.doFinishConnect(NioSocketChannel.java:327)
	at org.apache.ratis.thirdparty.io.netty.channel.nio.AbstractNioChannel$AbstractNioUnsafe.finishConnect(AbstractNioChannel.java:340)
	at org.apache.ratis.thirdparty.io.netty.channel.nio.NioEventLoop.processSelectedKey(NioEventLoop.java:632)
	at org.apache.ratis.thirdparty.io.netty.channel.nio.NioEventLoop.processSelectedKeysOptimized(NioEventLoop.java:579)
	at org.apache.ratis.thirdparty.io.netty.channel.nio.NioEventLoop.processSelectedKeys(NioEventLoop.java:496)
	at org.apache.ratis.thirdparty.io.netty.channel.nio.NioEventLoop.run(NioEventLoop.java:458)
	at org.apache.ratis.thirdparty.io.netty.util.concurrent.SingleThreadEventExecutor$5.run(SingleThreadEventExecutor.java:897)
	at org.apache.ratis.thirdparty.io.netty.util.concurrent.FastThreadLocalRunnable.run(FastThreadLocalRunnable.java:30)
	... 1 more
Caused by: java.net.ConnectException: Connection refused
	... 11 more
2019-10-09 13:04:37,252 [3eeab9a4-47d5-4980-9c6e-5102901e869a@group-A483B260BC72:LeaderElection47] INFO  impl.LeaderElection (LeaderElection.java:logAndReturn(56)) - 3eeab9a4-47d5-4980-9c6e-5102901e869a@group-A483B260BC72:LeaderElection47: Election REJECTED; received 0 response(s) [] and 2 exception(s); 3eeab9a4-47d5-4980-9c6e-5102901e869a@group-A483B260BC72:t7, leader=null, voted=3eeab9a4-47d5-4980-9c6e-5102901e869a, raftlog=3eeab9a4-47d5-4980-9c6e-5102901e869a@group-A483B260BC72-SegmentedRaftLog:OPENED:c0,f0,i0, conf=0: [4f75c367-51e4-41c9-9287-4e8dd97f5c38:192.168.5.175:40325, 3eeab9a4-47d5-4980-9c6e-5102901e869a:192.168.5.175:43254, f0cb1a3f-6ac7-4eb8-9514-6a797ff8471f:192.168.5.175:39769], old=null
2019-10-09 13:04:37,253 [3eeab9a4-47d5-4980-9c6e-5102901e869a@group-A483B260BC72:LeaderElection47] INFO  impl.LeaderElection (LogUtils.java:infoOrTrace(149)) -   Exception 0: {}
java.util.concurrent.ExecutionException: org.apache.ratis.thirdparty.io.grpc.StatusRuntimeException: UNAVAILABLE: io exception
	at java.util.concurrent.FutureTask.report(FutureTask.java:122)
	at java.util.concurrent.FutureTask.get(FutureTask.java:192)
	at org.apache.ratis.server.impl.LeaderElection.waitForResults(LeaderElection.java:263)
	at org.apache.ratis.server.impl.LeaderElection.askForVotes(LeaderElection.java:201)
	at org.apache.ratis.server.impl.LeaderElection.run(LeaderElection.java:133)
	at java.lang.Thread.run(Thread.java:748)
Caused by: org.apache.ratis.thirdparty.io.grpc.StatusRuntimeException: UNAVAILABLE: io exception
	at org.apache.ratis.thirdparty.io.grpc.stub.ClientCalls.toStatusRuntimeException(ClientCalls.java:233)
	at org.apache.ratis.thirdparty.io.grpc.stub.ClientCalls.getUnchecked(ClientCalls.java:214)
	at org.apache.ratis.thirdparty.io.grpc.stub.ClientCalls.blockingUnaryCall(ClientCalls.java:139)
	at org.apache.ratis.proto.grpc.RaftServerProtocolServiceGrpc$RaftServerProtocolServiceBlockingStub.requestVote(RaftServerProtocolServiceGrpc.java:265)
	at org.apache.ratis.grpc.server.GrpcServerProtocolClient.requestVote(GrpcServerProtocolClient.java:90)
	at org.apache.ratis.grpc.server.GrpcService.requestVote(GrpcService.java:204)
	at org.apache.ratis.server.impl.LeaderElection.lambda$submitRequests$1(LeaderElection.java:238)
	at java.util.concurrent.FutureTask.run(FutureTask.java:266)
	at java.util.concurrent.Executors$RunnableAdapter.call(Executors.java:511)
	at java.util.concurrent.FutureTask.run(FutureTask.java:266)
	at java.util.concurrent.ThreadPoolExecutor.runWorker(ThreadPoolExecutor.java:1149)
	at java.util.concurrent.ThreadPoolExecutor$Worker.run(ThreadPoolExecutor.java:624)
	... 1 more
Caused by: org.apache.ratis.thirdparty.io.netty.channel.AbstractChannel$AnnotatedConnectException: Connection refused: /192.168.5.175:39769
	at sun.nio.ch.SocketChannelImpl.checkConnect(Native Method)
	at sun.nio.ch.SocketChannelImpl.finishConnect(SocketChannelImpl.java:717)
	at org.apache.ratis.thirdparty.io.netty.channel.socket.nio.NioSocketChannel.doFinishConnect(NioSocketChannel.java:327)
	at org.apache.ratis.thirdparty.io.netty.channel.nio.AbstractNioChannel$AbstractNioUnsafe.finishConnect(AbstractNioChannel.java:340)
	at org.apache.ratis.thirdparty.io.netty.channel.nio.NioEventLoop.processSelectedKey(NioEventLoop.java:632)
	at org.apache.ratis.thirdparty.io.netty.channel.nio.NioEventLoop.processSelectedKeysOptimized(NioEventLoop.java:579)
	at org.apache.ratis.thirdparty.io.netty.channel.nio.NioEventLoop.processSelectedKeys(NioEventLoop.java:496)
	at org.apache.ratis.thirdparty.io.netty.channel.nio.NioEventLoop.run(NioEventLoop.java:458)
	at org.apache.ratis.thirdparty.io.netty.util.concurrent.SingleThreadEventExecutor$5.run(SingleThreadEventExecutor.java:897)
	at org.apache.ratis.thirdparty.io.netty.util.concurrent.FastThreadLocalRunnable.run(FastThreadLocalRunnable.java:30)
	... 1 more
Caused by: java.net.ConnectException: Connection refused
	... 11 more
2019-10-09 13:04:37,253 [3eeab9a4-47d5-4980-9c6e-5102901e869a@group-A483B260BC72:LeaderElection47] INFO  impl.LeaderElection (LogUtils.java:infoOrTrace(149)) -   Exception 1: {}
java.util.concurrent.ExecutionException: org.apache.ratis.thirdparty.io.grpc.StatusRuntimeException: UNAVAILABLE: io exception
	at java.util.concurrent.FutureTask.report(FutureTask.java:122)
	at java.util.concurrent.FutureTask.get(FutureTask.java:192)
	at org.apache.ratis.server.impl.LeaderElection.waitForResults(LeaderElection.java:263)
	at org.apache.ratis.server.impl.LeaderElection.askForVotes(LeaderElection.java:201)
	at org.apache.ratis.server.impl.LeaderElection.run(LeaderElection.java:133)
	at java.lang.Thread.run(Thread.java:748)
Caused by: org.apache.ratis.thirdparty.io.grpc.StatusRuntimeException: UNAVAILABLE: io exception
	at org.apache.ratis.thirdparty.io.grpc.stub.ClientCalls.toStatusRuntimeException(ClientCalls.java:233)
	at org.apache.ratis.thirdparty.io.grpc.stub.ClientCalls.getUnchecked(ClientCalls.java:214)
	at org.apache.ratis.thirdparty.io.grpc.stub.ClientCalls.blockingUnaryCall(ClientCalls.java:139)
	at org.apache.ratis.proto.grpc.RaftServerProtocolServiceGrpc$RaftServerProtocolServiceBlockingStub.requestVote(RaftServerProtocolServiceGrpc.java:265)
	at org.apache.ratis.grpc.server.GrpcServerProtocolClient.requestVote(GrpcServerProtocolClient.java:90)
	at org.apache.ratis.grpc.server.GrpcService.requestVote(GrpcService.java:204)
	at org.apache.ratis.server.impl.LeaderElection.lambda$submitRequests$1(LeaderElection.java:238)
	at java.util.concurrent.FutureTask.run(FutureTask.java:266)
	at java.util.concurrent.Executors$RunnableAdapter.call(Executors.java:511)
	at java.util.concurrent.FutureTask.run(FutureTask.java:266)
	at java.util.concurrent.ThreadPoolExecutor.runWorker(ThreadPoolExecutor.java:1149)
	at java.util.concurrent.ThreadPoolExecutor$Worker.run(ThreadPoolExecutor.java:624)
	... 1 more
Caused by: org.apache.ratis.thirdparty.io.netty.channel.AbstractChannel$AnnotatedConnectException: Connection refused: /192.168.5.175:40325
	at sun.nio.ch.SocketChannelImpl.checkConnect(Native Method)
	at sun.nio.ch.SocketChannelImpl.finishConnect(SocketChannelImpl.java:717)
	at org.apache.ratis.thirdparty.io.netty.channel.socket.nio.NioSocketChannel.doFinishConnect(NioSocketChannel.java:327)
	at org.apache.ratis.thirdparty.io.netty.channel.nio.AbstractNioChannel$AbstractNioUnsafe.finishConnect(AbstractNioChannel.java:340)
	at org.apache.ratis.thirdparty.io.netty.channel.nio.NioEventLoop.processSelectedKey(NioEventLoop.java:632)
	at org.apache.ratis.thirdparty.io.netty.channel.nio.NioEventLoop.processSelectedKeysOptimized(NioEventLoop.java:579)
	at org.apache.ratis.thirdparty.io.netty.channel.nio.NioEventLoop.processSelectedKeys(NioEventLoop.java:496)
	at org.apache.ratis.thirdparty.io.netty.channel.nio.NioEventLoop.run(NioEventLoop.java:458)
	at org.apache.ratis.thirdparty.io.netty.util.concurrent.SingleThreadEventExecutor$5.run(SingleThreadEventExecutor.java:897)
	at org.apache.ratis.thirdparty.io.netty.util.concurrent.FastThreadLocalRunnable.run(FastThreadLocalRunnable.java:30)
	... 1 more
Caused by: java.net.ConnectException: Connection refused
	... 11 more
2019-10-09 13:04:37,253 [3eeab9a4-47d5-4980-9c6e-5102901e869a@group-A483B260BC72:LeaderElection47] INFO  impl.RaftServerImpl (RaftServerImpl.java:setRole(174)) - 3eeab9a4-47d5-4980-9c6e-5102901e869a@group-A483B260BC72: changes role from CANDIDATE to FOLLOWER at term 7 for DISCOVERED_A_NEW_TERM
2019-10-09 13:04:37,253 [3eeab9a4-47d5-4980-9c6e-5102901e869a@group-A483B260BC72:LeaderElection47] INFO  impl.RoleInfo (RoleInfo.java:shutdownLeaderElection(134)) - 3eeab9a4-47d5-4980-9c6e-5102901e869a: shutdown LeaderElection
2019-10-09 13:04:37,253 [3eeab9a4-47d5-4980-9c6e-5102901e869a@group-A483B260BC72:LeaderElection47] INFO  impl.RoleInfo (RoleInfo.java:updateAndGet(143)) - 3eeab9a4-47d5-4980-9c6e-5102901e869a: start FollowerState
2019-10-09 13:04:37,432 [Thread-713] INFO  impl.FollowerState (FollowerState.java:run(106)) - 3eeab9a4-47d5-4980-9c6e-5102901e869a:group-C24D4FE0C6F2 changes to CANDIDATE, lastRpcTime:5157, electionTimeout:5157ms
2019-10-09 13:04:37,435 [Thread-713] INFO  impl.RoleInfo (RoleInfo.java:shutdownFollowerState(121)) - 3eeab9a4-47d5-4980-9c6e-5102901e869a: shutdown FollowerState
2019-10-09 13:04:37,436 [Thread-713] INFO  impl.RaftServerImpl (RaftServerImpl.java:setRole(174)) - 3eeab9a4-47d5-4980-9c6e-5102901e869a@group-C24D4FE0C6F2: changes role from  FOLLOWER to CANDIDATE at term 7 for changeToCandidate
2019-10-09 13:04:37,436 [Thread-713] INFO  impl.RoleInfo (RoleInfo.java:updateAndGet(143)) - 3eeab9a4-47d5-4980-9c6e-5102901e869a: start LeaderElection
2019-10-09 13:04:37,454 [3eeab9a4-47d5-4980-9c6e-5102901e869a@group-C24D4FE0C6F2:LeaderElection48] INFO  impl.LeaderElection (LeaderElection.java:askForVotes(182)) - 3eeab9a4-47d5-4980-9c6e-5102901e869a@group-C24D4FE0C6F2:LeaderElection48: begin an election at term 8 for 0: [4f75c367-51e4-41c9-9287-4e8dd97f5c38:192.168.5.175:40325, 3eeab9a4-47d5-4980-9c6e-5102901e869a:192.168.5.175:43254, f0cb1a3f-6ac7-4eb8-9514-6a797ff8471f:192.168.5.175:39769], old=null
2019-10-09 13:04:37,456 [3eeab9a4-47d5-4980-9c6e-5102901e869a@group-C24D4FE0C6F2:LeaderElection48] INFO  impl.LeaderElection (LogUtils.java:infoOrTrace(149)) - 3eeab9a4-47d5-4980-9c6e-5102901e869a@group-C24D4FE0C6F2:LeaderElection48 got exception when requesting votes: {}
java.util.concurrent.ExecutionException: org.apache.ratis.thirdparty.io.grpc.StatusRuntimeException: UNAVAILABLE: io exception
	at java.util.concurrent.FutureTask.report(FutureTask.java:122)
	at java.util.concurrent.FutureTask.get(FutureTask.java:192)
	at org.apache.ratis.server.impl.LeaderElection.waitForResults(LeaderElection.java:263)
	at org.apache.ratis.server.impl.LeaderElection.askForVotes(LeaderElection.java:201)
	at org.apache.ratis.server.impl.LeaderElection.run(LeaderElection.java:133)
	at java.lang.Thread.run(Thread.java:748)
Caused by: org.apache.ratis.thirdparty.io.grpc.StatusRuntimeException: UNAVAILABLE: io exception
	at org.apache.ratis.thirdparty.io.grpc.stub.ClientCalls.toStatusRuntimeException(ClientCalls.java:233)
	at org.apache.ratis.thirdparty.io.grpc.stub.ClientCalls.getUnchecked(ClientCalls.java:214)
	at org.apache.ratis.thirdparty.io.grpc.stub.ClientCalls.blockingUnaryCall(ClientCalls.java:139)
	at org.apache.ratis.proto.grpc.RaftServerProtocolServiceGrpc$RaftServerProtocolServiceBlockingStub.requestVote(RaftServerProtocolServiceGrpc.java:265)
	at org.apache.ratis.grpc.server.GrpcServerProtocolClient.requestVote(GrpcServerProtocolClient.java:90)
	at org.apache.ratis.grpc.server.GrpcService.requestVote(GrpcService.java:204)
	at org.apache.ratis.server.impl.LeaderElection.lambda$submitRequests$1(LeaderElection.java:238)
	at java.util.concurrent.FutureTask.run(FutureTask.java:266)
	at java.util.concurrent.Executors$RunnableAdapter.call(Executors.java:511)
	at java.util.concurrent.FutureTask.run(FutureTask.java:266)
	at java.util.concurrent.ThreadPoolExecutor.runWorker(ThreadPoolExecutor.java:1149)
	at java.util.concurrent.ThreadPoolExecutor$Worker.run(ThreadPoolExecutor.java:624)
	... 1 more
Caused by: org.apache.ratis.thirdparty.io.netty.channel.AbstractChannel$AnnotatedConnectException: Connection refused: /192.168.5.175:40325
	at sun.nio.ch.SocketChannelImpl.checkConnect(Native Method)
	at sun.nio.ch.SocketChannelImpl.finishConnect(SocketChannelImpl.java:717)
	at org.apache.ratis.thirdparty.io.netty.channel.socket.nio.NioSocketChannel.doFinishConnect(NioSocketChannel.java:327)
	at org.apache.ratis.thirdparty.io.netty.channel.nio.AbstractNioChannel$AbstractNioUnsafe.finishConnect(AbstractNioChannel.java:340)
	at org.apache.ratis.thirdparty.io.netty.channel.nio.NioEventLoop.processSelectedKey(NioEventLoop.java:632)
	at org.apache.ratis.thirdparty.io.netty.channel.nio.NioEventLoop.processSelectedKeysOptimized(NioEventLoop.java:579)
	at org.apache.ratis.thirdparty.io.netty.channel.nio.NioEventLoop.processSelectedKeys(NioEventLoop.java:496)
	at org.apache.ratis.thirdparty.io.netty.channel.nio.NioEventLoop.run(NioEventLoop.java:458)
	at org.apache.ratis.thirdparty.io.netty.util.concurrent.SingleThreadEventExecutor$5.run(SingleThreadEventExecutor.java:897)
	at org.apache.ratis.thirdparty.io.netty.util.concurrent.FastThreadLocalRunnable.run(FastThreadLocalRunnable.java:30)
	... 1 more
Caused by: java.net.ConnectException: Connection refused
	... 11 more
2019-10-09 13:04:37,457 [3eeab9a4-47d5-4980-9c6e-5102901e869a@group-C24D4FE0C6F2:LeaderElection48] INFO  impl.LeaderElection (LogUtils.java:infoOrTrace(149)) - 3eeab9a4-47d5-4980-9c6e-5102901e869a@group-C24D4FE0C6F2:LeaderElection48 got exception when requesting votes: {}
java.util.concurrent.ExecutionException: org.apache.ratis.thirdparty.io.grpc.StatusRuntimeException: UNAVAILABLE: io exception
	at java.util.concurrent.FutureTask.report(FutureTask.java:122)
	at java.util.concurrent.FutureTask.get(FutureTask.java:192)
	at org.apache.ratis.server.impl.LeaderElection.waitForResults(LeaderElection.java:263)
	at org.apache.ratis.server.impl.LeaderElection.askForVotes(LeaderElection.java:201)
	at org.apache.ratis.server.impl.LeaderElection.run(LeaderElection.java:133)
	at java.lang.Thread.run(Thread.java:748)
Caused by: org.apache.ratis.thirdparty.io.grpc.StatusRuntimeException: UNAVAILABLE: io exception
	at org.apache.ratis.thirdparty.io.grpc.stub.ClientCalls.toStatusRuntimeException(ClientCalls.java:233)
	at org.apache.ratis.thirdparty.io.grpc.stub.ClientCalls.getUnchecked(ClientCalls.java:214)
	at org.apache.ratis.thirdparty.io.grpc.stub.ClientCalls.blockingUnaryCall(ClientCalls.java:139)
	at org.apache.ratis.proto.grpc.RaftServerProtocolServiceGrpc$RaftServerProtocolServiceBlockingStub.requestVote(RaftServerProtocolServiceGrpc.java:265)
	at org.apache.ratis.grpc.server.GrpcServerProtocolClient.requestVote(GrpcServerProtocolClient.java:90)
	at org.apache.ratis.grpc.server.GrpcService.requestVote(GrpcService.java:204)
	at org.apache.ratis.server.impl.LeaderElection.lambda$submitRequests$1(LeaderElection.java:238)
	at java.util.concurrent.FutureTask.run(FutureTask.java:266)
	at java.util.concurrent.Executors$RunnableAdapter.call(Executors.java:511)
	at java.util.concurrent.FutureTask.run(FutureTask.java:266)
	at java.util.concurrent.ThreadPoolExecutor.runWorker(ThreadPoolExecutor.java:1149)
	at java.util.concurrent.ThreadPoolExecutor$Worker.run(ThreadPoolExecutor.java:624)
	... 1 more
Caused by: org.apache.ratis.thirdparty.io.netty.channel.AbstractChannel$AnnotatedConnectException: Connection refused: /192.168.5.175:39769
	at sun.nio.ch.SocketChannelImpl.checkConnect(Native Method)
	at sun.nio.ch.SocketChannelImpl.finishConnect(SocketChannelImpl.java:717)
	at org.apache.ratis.thirdparty.io.netty.channel.socket.nio.NioSocketChannel.doFinishConnect(NioSocketChannel.java:327)
	at org.apache.ratis.thirdparty.io.netty.channel.nio.AbstractNioChannel$AbstractNioUnsafe.finishConnect(AbstractNioChannel.java:340)
	at org.apache.ratis.thirdparty.io.netty.channel.nio.NioEventLoop.processSelectedKey(NioEventLoop.java:632)
	at org.apache.ratis.thirdparty.io.netty.channel.nio.NioEventLoop.processSelectedKeysOptimized(NioEventLoop.java:579)
	at org.apache.ratis.thirdparty.io.netty.channel.nio.NioEventLoop.processSelectedKeys(NioEventLoop.java:496)
	at org.apache.ratis.thirdparty.io.netty.channel.nio.NioEventLoop.run(NioEventLoop.java:458)
	at org.apache.ratis.thirdparty.io.netty.util.concurrent.SingleThreadEventExecutor$5.run(SingleThreadEventExecutor.java:897)
	at org.apache.ratis.thirdparty.io.netty.util.concurrent.FastThreadLocalRunnable.run(FastThreadLocalRunnable.java:30)
	... 1 more
Caused by: java.net.ConnectException: Connection refused
	... 11 more
2019-10-09 13:04:37,458 [3eeab9a4-47d5-4980-9c6e-5102901e869a@group-C24D4FE0C6F2:LeaderElection48] INFO  impl.LeaderElection (LeaderElection.java:logAndReturn(56)) - 3eeab9a4-47d5-4980-9c6e-5102901e869a@group-C24D4FE0C6F2:LeaderElection48: Election REJECTED; received 0 response(s) [] and 2 exception(s); 3eeab9a4-47d5-4980-9c6e-5102901e869a@group-C24D4FE0C6F2:t8, leader=null, voted=3eeab9a4-47d5-4980-9c6e-5102901e869a, raftlog=3eeab9a4-47d5-4980-9c6e-5102901e869a@group-C24D4FE0C6F2-SegmentedRaftLog:OPENED:c16,f16,i16, conf=0: [4f75c367-51e4-41c9-9287-4e8dd97f5c38:192.168.5.175:40325, 3eeab9a4-47d5-4980-9c6e-5102901e869a:192.168.5.175:43254, f0cb1a3f-6ac7-4eb8-9514-6a797ff8471f:192.168.5.175:39769], old=null
2019-10-09 13:04:37,458 [3eeab9a4-47d5-4980-9c6e-5102901e869a@group-C24D4FE0C6F2:LeaderElection48] INFO  impl.LeaderElection (LogUtils.java:infoOrTrace(149)) -   Exception 0: {}
java.util.concurrent.ExecutionException: org.apache.ratis.thirdparty.io.grpc.StatusRuntimeException: UNAVAILABLE: io exception
	at java.util.concurrent.FutureTask.report(FutureTask.java:122)
	at java.util.concurrent.FutureTask.get(FutureTask.java:192)
	at org.apache.ratis.server.impl.LeaderElection.waitForResults(LeaderElection.java:263)
	at org.apache.ratis.server.impl.LeaderElection.askForVotes(LeaderElection.java:201)
	at org.apache.ratis.server.impl.LeaderElection.run(LeaderElection.java:133)
	at java.lang.Thread.run(Thread.java:748)
Caused by: org.apache.ratis.thirdparty.io.grpc.StatusRuntimeException: UNAVAILABLE: io exception
	at org.apache.ratis.thirdparty.io.grpc.stub.ClientCalls.toStatusRuntimeException(ClientCalls.java:233)
	at org.apache.ratis.thirdparty.io.grpc.stub.ClientCalls.getUnchecked(ClientCalls.java:214)
	at org.apache.ratis.thirdparty.io.grpc.stub.ClientCalls.blockingUnaryCall(ClientCalls.java:139)
	at org.apache.ratis.proto.grpc.RaftServerProtocolServiceGrpc$RaftServerProtocolServiceBlockingStub.requestVote(RaftServerProtocolServiceGrpc.java:265)
	at org.apache.ratis.grpc.server.GrpcServerProtocolClient.requestVote(GrpcServerProtocolClient.java:90)
	at org.apache.ratis.grpc.server.GrpcService.requestVote(GrpcService.java:204)
	at org.apache.ratis.server.impl.LeaderElection.lambda$submitRequests$1(LeaderElection.java:238)
	at java.util.concurrent.FutureTask.run(FutureTask.java:266)
	at java.util.concurrent.Executors$RunnableAdapter.call(Executors.java:511)
	at java.util.concurrent.FutureTask.run(FutureTask.java:266)
	at java.util.concurrent.ThreadPoolExecutor.runWorker(ThreadPoolExecutor.java:1149)
	at java.util.concurrent.ThreadPoolExecutor$Worker.run(ThreadPoolExecutor.java:624)
	... 1 more
Caused by: org.apache.ratis.thirdparty.io.netty.channel.AbstractChannel$AnnotatedConnectException: Connection refused: /192.168.5.175:40325
	at sun.nio.ch.SocketChannelImpl.checkConnect(Native Method)
	at sun.nio.ch.SocketChannelImpl.finishConnect(SocketChannelImpl.java:717)
	at org.apache.ratis.thirdparty.io.netty.channel.socket.nio.NioSocketChannel.doFinishConnect(NioSocketChannel.java:327)
	at org.apache.ratis.thirdparty.io.netty.channel.nio.AbstractNioChannel$AbstractNioUnsafe.finishConnect(AbstractNioChannel.java:340)
	at org.apache.ratis.thirdparty.io.netty.channel.nio.NioEventLoop.processSelectedKey(NioEventLoop.java:632)
	at org.apache.ratis.thirdparty.io.netty.channel.nio.NioEventLoop.processSelectedKeysOptimized(NioEventLoop.java:579)
	at org.apache.ratis.thirdparty.io.netty.channel.nio.NioEventLoop.processSelectedKeys(NioEventLoop.java:496)
	at org.apache.ratis.thirdparty.io.netty.channel.nio.NioEventLoop.run(NioEventLoop.java:458)
	at org.apache.ratis.thirdparty.io.netty.util.concurrent.SingleThreadEventExecutor$5.run(SingleThreadEventExecutor.java:897)
	at org.apache.ratis.thirdparty.io.netty.util.concurrent.FastThreadLocalRunnable.run(FastThreadLocalRunnable.java:30)
	... 1 more
Caused by: java.net.ConnectException: Connection refused
	... 11 more
2019-10-09 13:04:37,459 [3eeab9a4-47d5-4980-9c6e-5102901e869a@group-C24D4FE0C6F2:LeaderElection48] INFO  impl.LeaderElection (LogUtils.java:infoOrTrace(149)) -   Exception 1: {}
java.util.concurrent.ExecutionException: org.apache.ratis.thirdparty.io.grpc.StatusRuntimeException: UNAVAILABLE: io exception
	at java.util.concurrent.FutureTask.report(FutureTask.java:122)
	at java.util.concurrent.FutureTask.get(FutureTask.java:192)
	at org.apache.ratis.server.impl.LeaderElection.waitForResults(LeaderElection.java:263)
	at org.apache.ratis.server.impl.LeaderElection.askForVotes(LeaderElection.java:201)
	at org.apache.ratis.server.impl.LeaderElection.run(LeaderElection.java:133)
	at java.lang.Thread.run(Thread.java:748)
Caused by: org.apache.ratis.thirdparty.io.grpc.StatusRuntimeException: UNAVAILABLE: io exception
	at org.apache.ratis.thirdparty.io.grpc.stub.ClientCalls.toStatusRuntimeException(ClientCalls.java:233)
	at org.apache.ratis.thirdparty.io.grpc.stub.ClientCalls.getUnchecked(ClientCalls.java:214)
	at org.apache.ratis.thirdparty.io.grpc.stub.ClientCalls.blockingUnaryCall(ClientCalls.java:139)
	at org.apache.ratis.proto.grpc.RaftServerProtocolServiceGrpc$RaftServerProtocolServiceBlockingStub.requestVote(RaftServerProtocolServiceGrpc.java:265)
	at org.apache.ratis.grpc.server.GrpcServerProtocolClient.requestVote(GrpcServerProtocolClient.java:90)
	at org.apache.ratis.grpc.server.GrpcService.requestVote(GrpcService.java:204)
	at org.apache.ratis.server.impl.LeaderElection.lambda$submitRequests$1(LeaderElection.java:238)
	at java.util.concurrent.FutureTask.run(FutureTask.java:266)
	at java.util.concurrent.Executors$RunnableAdapter.call(Executors.java:511)
	at java.util.concurrent.FutureTask.run(FutureTask.java:266)
	at java.util.concurrent.ThreadPoolExecutor.runWorker(ThreadPoolExecutor.java:1149)
	at java.util.concurrent.ThreadPoolExecutor$Worker.run(ThreadPoolExecutor.java:624)
	... 1 more
Caused by: org.apache.ratis.thirdparty.io.netty.channel.AbstractChannel$AnnotatedConnectException: Connection refused: /192.168.5.175:39769
	at sun.nio.ch.SocketChannelImpl.checkConnect(Native Method)
	at sun.nio.ch.SocketChannelImpl.finishConnect(SocketChannelImpl.java:717)
	at org.apache.ratis.thirdparty.io.netty.channel.socket.nio.NioSocketChannel.doFinishConnect(NioSocketChannel.java:327)
	at org.apache.ratis.thirdparty.io.netty.channel.nio.AbstractNioChannel$AbstractNioUnsafe.finishConnect(AbstractNioChannel.java:340)
	at org.apache.ratis.thirdparty.io.netty.channel.nio.NioEventLoop.processSelectedKey(NioEventLoop.java:632)
	at org.apache.ratis.thirdparty.io.netty.channel.nio.NioEventLoop.processSelectedKeysOptimized(NioEventLoop.java:579)
	at org.apache.ratis.thirdparty.io.netty.channel.nio.NioEventLoop.processSelectedKeys(NioEventLoop.java:496)
	at org.apache.ratis.thirdparty.io.netty.channel.nio.NioEventLoop.run(NioEventLoop.java:458)
	at org.apache.ratis.thirdparty.io.netty.util.concurrent.SingleThreadEventExecutor$5.run(SingleThreadEventExecutor.java:897)
	at org.apache.ratis.thirdparty.io.netty.util.concurrent.FastThreadLocalRunnable.run(FastThreadLocalRunnable.java:30)
	... 1 more
Caused by: java.net.ConnectException: Connection refused
	... 11 more
2019-10-09 13:04:37,460 [3eeab9a4-47d5-4980-9c6e-5102901e869a@group-C24D4FE0C6F2:LeaderElection48] INFO  impl.RaftServerImpl (RaftServerImpl.java:setRole(174)) - 3eeab9a4-47d5-4980-9c6e-5102901e869a@group-C24D4FE0C6F2: changes role from CANDIDATE to FOLLOWER at term 8 for DISCOVERED_A_NEW_TERM
2019-10-09 13:04:37,460 [3eeab9a4-47d5-4980-9c6e-5102901e869a@group-C24D4FE0C6F2:LeaderElection48] INFO  impl.RoleInfo (RoleInfo.java:shutdownLeaderElection(134)) - 3eeab9a4-47d5-4980-9c6e-5102901e869a: shutdown LeaderElection
2019-10-09 13:04:37,460 [3eeab9a4-47d5-4980-9c6e-5102901e869a@group-C24D4FE0C6F2:LeaderElection48] INFO  impl.RoleInfo (RoleInfo.java:updateAndGet(143)) - 3eeab9a4-47d5-4980-9c6e-5102901e869a: start FollowerState
2019-10-09 13:04:37,480 [Thread-717] INFO  impl.FollowerState (FollowerState.java:run(106)) - 3eeab9a4-47d5-4980-9c6e-5102901e869a:group-F4DE2F4D7E72 changes to CANDIDATE, lastRpcTime:5068, electionTimeout:5068ms
2019-10-09 13:04:37,482 [Thread-717] INFO  impl.RoleInfo (RoleInfo.java:shutdownFollowerState(121)) - 3eeab9a4-47d5-4980-9c6e-5102901e869a: shutdown FollowerState
2019-10-09 13:04:37,482 [Thread-717] INFO  impl.RaftServerImpl (RaftServerImpl.java:setRole(174)) - 3eeab9a4-47d5-4980-9c6e-5102901e869a@group-F4DE2F4D7E72: changes role from  FOLLOWER to CANDIDATE at term 6 for changeToCandidate
2019-10-09 13:04:37,482 [Thread-717] INFO  impl.RoleInfo (RoleInfo.java:updateAndGet(143)) - 3eeab9a4-47d5-4980-9c6e-5102901e869a: start LeaderElection
2019-10-09 13:04:37,502 [3eeab9a4-47d5-4980-9c6e-5102901e869a@group-F4DE2F4D7E72:LeaderElection49] INFO  impl.LeaderElection (LeaderElection.java:askForVotes(182)) - 3eeab9a4-47d5-4980-9c6e-5102901e869a@group-F4DE2F4D7E72:LeaderElection49: begin an election at term 7 for 0: [4f75c367-51e4-41c9-9287-4e8dd97f5c38:192.168.5.175:40325, 3eeab9a4-47d5-4980-9c6e-5102901e869a:192.168.5.175:43254, f0cb1a3f-6ac7-4eb8-9514-6a797ff8471f:192.168.5.175:39769], old=null
2019-10-09 13:04:37,503 [3eeab9a4-47d5-4980-9c6e-5102901e869a@group-F4DE2F4D7E72:LeaderElection49] INFO  impl.LeaderElection (LogUtils.java:infoOrTrace(149)) - 3eeab9a4-47d5-4980-9c6e-5102901e869a@group-F4DE2F4D7E72:LeaderElection49 got exception when requesting votes: {}
java.util.concurrent.ExecutionException: org.apache.ratis.thirdparty.io.grpc.StatusRuntimeException: UNAVAILABLE: io exception
	at java.util.concurrent.FutureTask.report(FutureTask.java:122)
	at java.util.concurrent.FutureTask.get(FutureTask.java:192)
	at org.apache.ratis.server.impl.LeaderElection.waitForResults(LeaderElection.java:263)
	at org.apache.ratis.server.impl.LeaderElection.askForVotes(LeaderElection.java:201)
	at org.apache.ratis.server.impl.LeaderElection.run(LeaderElection.java:133)
	at java.lang.Thread.run(Thread.java:748)
Caused by: org.apache.ratis.thirdparty.io.grpc.StatusRuntimeException: UNAVAILABLE: io exception
	at org.apache.ratis.thirdparty.io.grpc.stub.ClientCalls.toStatusRuntimeException(ClientCalls.java:233)
	at org.apache.ratis.thirdparty.io.grpc.stub.ClientCalls.getUnchecked(ClientCalls.java:214)
	at org.apache.ratis.thirdparty.io.grpc.stub.ClientCalls.blockingUnaryCall(ClientCalls.java:139)
	at org.apache.ratis.proto.grpc.RaftServerProtocolServiceGrpc$RaftServerProtocolServiceBlockingStub.requestVote(RaftServerProtocolServiceGrpc.java:265)
	at org.apache.ratis.grpc.server.GrpcServerProtocolClient.requestVote(GrpcServerProtocolClient.java:90)
	at org.apache.ratis.grpc.server.GrpcService.requestVote(GrpcService.java:204)
	at org.apache.ratis.server.impl.LeaderElection.lambda$submitRequests$1(LeaderElection.java:238)
	at java.util.concurrent.FutureTask.run(FutureTask.java:266)
	at java.util.concurrent.Executors$RunnableAdapter.call(Executors.java:511)
	at java.util.concurrent.FutureTask.run(FutureTask.java:266)
	at java.util.concurrent.ThreadPoolExecutor.runWorker(ThreadPoolExecutor.java:1149)
	at java.util.concurrent.ThreadPoolExecutor$Worker.run(ThreadPoolExecutor.java:624)
	... 1 more
Caused by: org.apache.ratis.thirdparty.io.netty.channel.AbstractChannel$AnnotatedConnectException: Connection refused: /192.168.5.175:40325
	at sun.nio.ch.SocketChannelImpl.checkConnect(Native Method)
	at sun.nio.ch.SocketChannelImpl.finishConnect(SocketChannelImpl.java:717)
	at org.apache.ratis.thirdparty.io.netty.channel.socket.nio.NioSocketChannel.doFinishConnect(NioSocketChannel.java:327)
	at org.apache.ratis.thirdparty.io.netty.channel.nio.AbstractNioChannel$AbstractNioUnsafe.finishConnect(AbstractNioChannel.java:340)
	at org.apache.ratis.thirdparty.io.netty.channel.nio.NioEventLoop.processSelectedKey(NioEventLoop.java:632)
	at org.apache.ratis.thirdparty.io.netty.channel.nio.NioEventLoop.processSelectedKeysOptimized(NioEventLoop.java:579)
	at org.apache.ratis.thirdparty.io.netty.channel.nio.NioEventLoop.processSelectedKeys(NioEventLoop.java:496)
	at org.apache.ratis.thirdparty.io.netty.channel.nio.NioEventLoop.run(NioEventLoop.java:458)
	at org.apache.ratis.thirdparty.io.netty.util.concurrent.SingleThreadEventExecutor$5.run(SingleThreadEventExecutor.java:897)
	at org.apache.ratis.thirdparty.io.netty.util.concurrent.FastThreadLocalRunnable.run(FastThreadLocalRunnable.java:30)
	... 1 more
Caused by: java.net.ConnectException: Connection refused
	... 11 more
2019-10-09 13:04:37,503 [3eeab9a4-47d5-4980-9c6e-5102901e869a@group-F4DE2F4D7E72:LeaderElection49] INFO  impl.LeaderElection (LogUtils.java:infoOrTrace(149)) - 3eeab9a4-47d5-4980-9c6e-5102901e869a@group-F4DE2F4D7E72:LeaderElection49 got exception when requesting votes: {}
java.util.concurrent.ExecutionException: org.apache.ratis.thirdparty.io.grpc.StatusRuntimeException: UNAVAILABLE: io exception
	at java.util.concurrent.FutureTask.report(FutureTask.java:122)
	at java.util.concurrent.FutureTask.get(FutureTask.java:192)
	at org.apache.ratis.server.impl.LeaderElection.waitForResults(LeaderElection.java:263)
	at org.apache.ratis.server.impl.LeaderElection.askForVotes(LeaderElection.java:201)
	at org.apache.ratis.server.impl.LeaderElection.run(LeaderElection.java:133)
	at java.lang.Thread.run(Thread.java:748)
Caused by: org.apache.ratis.thirdparty.io.grpc.StatusRuntimeException: UNAVAILABLE: io exception
	at org.apache.ratis.thirdparty.io.grpc.stub.ClientCalls.toStatusRuntimeException(ClientCalls.java:233)
	at org.apache.ratis.thirdparty.io.grpc.stub.ClientCalls.getUnchecked(ClientCalls.java:214)
	at org.apache.ratis.thirdparty.io.grpc.stub.ClientCalls.blockingUnaryCall(ClientCalls.java:139)
	at org.apache.ratis.proto.grpc.RaftServerProtocolServiceGrpc$RaftServerProtocolServiceBlockingStub.requestVote(RaftServerProtocolServiceGrpc.java:265)
	at org.apache.ratis.grpc.server.GrpcServerProtocolClient.requestVote(GrpcServerProtocolClient.java:90)
	at org.apache.ratis.grpc.server.GrpcService.requestVote(GrpcService.java:204)
	at org.apache.ratis.server.impl.LeaderElection.lambda$submitRequests$1(LeaderElection.java:238)
	at java.util.concurrent.FutureTask.run(FutureTask.java:266)
	at java.util.concurrent.Executors$RunnableAdapter.call(Executors.java:511)
	at java.util.concurrent.FutureTask.run(FutureTask.java:266)
	at java.util.concurrent.ThreadPoolExecutor.runWorker(ThreadPoolExecutor.java:1149)
	at java.util.concurrent.ThreadPoolExecutor$Worker.run(ThreadPoolExecutor.java:624)
	... 1 more
Caused by: org.apache.ratis.thirdparty.io.netty.channel.AbstractChannel$AnnotatedConnectException: Connection refused: /192.168.5.175:39769
	at sun.nio.ch.SocketChannelImpl.checkConnect(Native Method)
	at sun.nio.ch.SocketChannelImpl.finishConnect(SocketChannelImpl.java:717)
	at org.apache.ratis.thirdparty.io.netty.channel.socket.nio.NioSocketChannel.doFinishConnect(NioSocketChannel.java:327)
	at org.apache.ratis.thirdparty.io.netty.channel.nio.AbstractNioChannel$AbstractNioUnsafe.finishConnect(AbstractNioChannel.java:340)
	at org.apache.ratis.thirdparty.io.netty.channel.nio.NioEventLoop.processSelectedKey(NioEventLoop.java:632)
	at org.apache.ratis.thirdparty.io.netty.channel.nio.NioEventLoop.processSelectedKeysOptimized(NioEventLoop.java:579)
	at org.apache.ratis.thirdparty.io.netty.channel.nio.NioEventLoop.processSelectedKeys(NioEventLoop.java:496)
	at org.apache.ratis.thirdparty.io.netty.channel.nio.NioEventLoop.run(NioEventLoop.java:458)
	at org.apache.ratis.thirdparty.io.netty.util.concurrent.SingleThreadEventExecutor$5.run(SingleThreadEventExecutor.java:897)
	at org.apache.ratis.thirdparty.io.netty.util.concurrent.FastThreadLocalRunnable.run(FastThreadLocalRunnable.java:30)
	... 1 more
Caused by: java.net.ConnectException: Connection refused
	... 11 more
2019-10-09 13:04:37,504 [3eeab9a4-47d5-4980-9c6e-5102901e869a@group-F4DE2F4D7E72:LeaderElection49] INFO  impl.LeaderElection (LeaderElection.java:logAndReturn(56)) - 3eeab9a4-47d5-4980-9c6e-5102901e869a@group-F4DE2F4D7E72:LeaderElection49: Election REJECTED; received 0 response(s) [] and 2 exception(s); 3eeab9a4-47d5-4980-9c6e-5102901e869a@group-F4DE2F4D7E72:t7, leader=null, voted=3eeab9a4-47d5-4980-9c6e-5102901e869a, raftlog=3eeab9a4-47d5-4980-9c6e-5102901e869a@group-F4DE2F4D7E72-SegmentedRaftLog:OPENED:c0,f0,i0, conf=0: [4f75c367-51e4-41c9-9287-4e8dd97f5c38:192.168.5.175:40325, 3eeab9a4-47d5-4980-9c6e-5102901e869a:192.168.5.175:43254, f0cb1a3f-6ac7-4eb8-9514-6a797ff8471f:192.168.5.175:39769], old=null
2019-10-09 13:04:37,505 [3eeab9a4-47d5-4980-9c6e-5102901e869a@group-F4DE2F4D7E72:LeaderElection49] INFO  impl.LeaderElection (LogUtils.java:infoOrTrace(149)) -   Exception 0: {}
java.util.concurrent.ExecutionException: org.apache.ratis.thirdparty.io.grpc.StatusRuntimeException: UNAVAILABLE: io exception
	at java.util.concurrent.FutureTask.report(FutureTask.java:122)
	at java.util.concurrent.FutureTask.get(FutureTask.java:192)
	at org.apache.ratis.server.impl.LeaderElection.waitForResults(LeaderElection.java:263)
	at org.apache.ratis.server.impl.LeaderElection.askForVotes(LeaderElection.java:201)
	at org.apache.ratis.server.impl.LeaderElection.run(LeaderElection.java:133)
	at java.lang.Thread.run(Thread.java:748)
Caused by: org.apache.ratis.thirdparty.io.grpc.StatusRuntimeException: UNAVAILABLE: io exception
	at org.apache.ratis.thirdparty.io.grpc.stub.ClientCalls.toStatusRuntimeException(ClientCalls.java:233)
	at org.apache.ratis.thirdparty.io.grpc.stub.ClientCalls.getUnchecked(ClientCalls.java:214)
	at org.apache.ratis.thirdparty.io.grpc.stub.ClientCalls.blockingUnaryCall(ClientCalls.java:139)
	at org.apache.ratis.proto.grpc.RaftServerProtocolServiceGrpc$RaftServerProtocolServiceBlockingStub.requestVote(RaftServerProtocolServiceGrpc.java:265)
	at org.apache.ratis.grpc.server.GrpcServerProtocolClient.requestVote(GrpcServerProtocolClient.java:90)
	at org.apache.ratis.grpc.server.GrpcService.requestVote(GrpcService.java:204)
	at org.apache.ratis.server.impl.LeaderElection.lambda$submitRequests$1(LeaderElection.java:238)
	at java.util.concurrent.FutureTask.run(FutureTask.java:266)
	at java.util.concurrent.Executors$RunnableAdapter.call(Executors.java:511)
	at java.util.concurrent.FutureTask.run(FutureTask.java:266)
	at java.util.concurrent.ThreadPoolExecutor.runWorker(ThreadPoolExecutor.java:1149)
	at java.util.concurrent.ThreadPoolExecutor$Worker.run(ThreadPoolExecutor.java:624)
	... 1 more
Caused by: org.apache.ratis.thirdparty.io.netty.channel.AbstractChannel$AnnotatedConnectException: Connection refused: /192.168.5.175:40325
	at sun.nio.ch.SocketChannelImpl.checkConnect(Native Method)
	at sun.nio.ch.SocketChannelImpl.finishConnect(SocketChannelImpl.java:717)
	at org.apache.ratis.thirdparty.io.netty.channel.socket.nio.NioSocketChannel.doFinishConnect(NioSocketChannel.java:327)
	at org.apache.ratis.thirdparty.io.netty.channel.nio.AbstractNioChannel$AbstractNioUnsafe.finishConnect(AbstractNioChannel.java:340)
	at org.apache.ratis.thirdparty.io.netty.channel.nio.NioEventLoop.processSelectedKey(NioEventLoop.java:632)
	at org.apache.ratis.thirdparty.io.netty.channel.nio.NioEventLoop.processSelectedKeysOptimized(NioEventLoop.java:579)
	at org.apache.ratis.thirdparty.io.netty.channel.nio.NioEventLoop.processSelectedKeys(NioEventLoop.java:496)
	at org.apache.ratis.thirdparty.io.netty.channel.nio.NioEventLoop.run(NioEventLoop.java:458)
	at org.apache.ratis.thirdparty.io.netty.util.concurrent.SingleThreadEventExecutor$5.run(SingleThreadEventExecutor.java:897)
	at org.apache.ratis.thirdparty.io.netty.util.concurrent.FastThreadLocalRunnable.run(FastThreadLocalRunnable.java:30)
	... 1 more
Caused by: java.net.ConnectException: Connection refused
	... 11 more
2019-10-09 13:04:37,505 [3eeab9a4-47d5-4980-9c6e-5102901e869a@group-F4DE2F4D7E72:LeaderElection49] INFO  impl.LeaderElection (LogUtils.java:infoOrTrace(149)) -   Exception 1: {}
java.util.concurrent.ExecutionException: org.apache.ratis.thirdparty.io.grpc.StatusRuntimeException: UNAVAILABLE: io exception
	at java.util.concurrent.FutureTask.report(FutureTask.java:122)
	at java.util.concurrent.FutureTask.get(FutureTask.java:192)
	at org.apache.ratis.server.impl.LeaderElection.waitForResults(LeaderElection.java:263)
	at org.apache.ratis.server.impl.LeaderElection.askForVotes(LeaderElection.java:201)
	at org.apache.ratis.server.impl.LeaderElection.run(LeaderElection.java:133)
	at java.lang.Thread.run(Thread.java:748)
Caused by: org.apache.ratis.thirdparty.io.grpc.StatusRuntimeException: UNAVAILABLE: io exception
	at org.apache.ratis.thirdparty.io.grpc.stub.ClientCalls.toStatusRuntimeException(ClientCalls.java:233)
	at org.apache.ratis.thirdparty.io.grpc.stub.ClientCalls.getUnchecked(ClientCalls.java:214)
	at org.apache.ratis.thirdparty.io.grpc.stub.ClientCalls.blockingUnaryCall(ClientCalls.java:139)
	at org.apache.ratis.proto.grpc.RaftServerProtocolServiceGrpc$RaftServerProtocolServiceBlockingStub.requestVote(RaftServerProtocolServiceGrpc.java:265)
	at org.apache.ratis.grpc.server.GrpcServerProtocolClient.requestVote(GrpcServerProtocolClient.java:90)
	at org.apache.ratis.grpc.server.GrpcService.requestVote(GrpcService.java:204)
	at org.apache.ratis.server.impl.LeaderElection.lambda$submitRequests$1(LeaderElection.java:238)
	at java.util.concurrent.FutureTask.run(FutureTask.java:266)
	at java.util.concurrent.Executors$RunnableAdapter.call(Executors.java:511)
	at java.util.concurrent.FutureTask.run(FutureTask.java:266)
	at java.util.concurrent.ThreadPoolExecutor.runWorker(ThreadPoolExecutor.java:1149)
	at java.util.concurrent.ThreadPoolExecutor$Worker.run(ThreadPoolExecutor.java:624)
	... 1 more
Caused by: org.apache.ratis.thirdparty.io.netty.channel.AbstractChannel$AnnotatedConnectException: Connection refused: /192.168.5.175:39769
	at sun.nio.ch.SocketChannelImpl.checkConnect(Native Method)
	at sun.nio.ch.SocketChannelImpl.finishConnect(SocketChannelImpl.java:717)
	at org.apache.ratis.thirdparty.io.netty.channel.socket.nio.NioSocketChannel.doFinishConnect(NioSocketChannel.java:327)
	at org.apache.ratis.thirdparty.io.netty.channel.nio.AbstractNioChannel$AbstractNioUnsafe.finishConnect(AbstractNioChannel.java:340)
	at org.apache.ratis.thirdparty.io.netty.channel.nio.NioEventLoop.processSelectedKey(NioEventLoop.java:632)
	at org.apache.ratis.thirdparty.io.netty.channel.nio.NioEventLoop.processSelectedKeysOptimized(NioEventLoop.java:579)
	at org.apache.ratis.thirdparty.io.netty.channel.nio.NioEventLoop.processSelectedKeys(NioEventLoop.java:496)
	at org.apache.ratis.thirdparty.io.netty.channel.nio.NioEventLoop.run(NioEventLoop.java:458)
	at org.apache.ratis.thirdparty.io.netty.util.concurrent.SingleThreadEventExecutor$5.run(SingleThreadEventExecutor.java:897)
	at org.apache.ratis.thirdparty.io.netty.util.concurrent.FastThreadLocalRunnable.run(FastThreadLocalRunnable.java:30)
	... 1 more
Caused by: java.net.ConnectException: Connection refused
	... 11 more
2019-10-09 13:04:37,506 [3eeab9a4-47d5-4980-9c6e-5102901e869a@group-F4DE2F4D7E72:LeaderElection49] INFO  impl.RaftServerImpl (RaftServerImpl.java:setRole(174)) - 3eeab9a4-47d5-4980-9c6e-5102901e869a@group-F4DE2F4D7E72: changes role from CANDIDATE to FOLLOWER at term 7 for DISCOVERED_A_NEW_TERM
2019-10-09 13:04:37,506 [3eeab9a4-47d5-4980-9c6e-5102901e869a@group-F4DE2F4D7E72:LeaderElection49] INFO  impl.RoleInfo (RoleInfo.java:shutdownLeaderElection(134)) - 3eeab9a4-47d5-4980-9c6e-5102901e869a: shutdown LeaderElection
2019-10-09 13:04:37,506 [3eeab9a4-47d5-4980-9c6e-5102901e869a@group-F4DE2F4D7E72:LeaderElection49] INFO  impl.RoleInfo (RoleInfo.java:updateAndGet(143)) - 3eeab9a4-47d5-4980-9c6e-5102901e869a: start FollowerState
2019-10-09 13:04:38,899 [grpc-default-executor-7] WARN  server.GrpcLogAppender (LogUtils.java:warn(134)) - 3eeab9a4-47d5-4980-9c6e-5102901e869a@group-DDAC6CD64C05->f0cb1a3f-6ac7-4eb8-9514-6a797ff8471f-AppendLogResponseHandler: Failed appendEntries: org.apache.ratis.thirdparty.io.grpc.StatusRuntimeException: UNAVAILABLE: io exception
2019-10-09 13:04:38,907 [grpc-default-executor-7] INFO  impl.FollowerInfo (FollowerInfo.java:lambda$new$0(51)) - 3eeab9a4-47d5-4980-9c6e-5102901e869a@group-DDAC6CD64C05->f0cb1a3f-6ac7-4eb8-9514-6a797ff8471f: nextIndex: updateUnconditionally 0 -> 0
2019-10-09 13:04:38,926 [grpc-default-executor-7] WARN  server.GrpcLogAppender (LogUtils.java:warn(134)) - 3eeab9a4-47d5-4980-9c6e-5102901e869a@group-DDAC6CD64C05->4f75c367-51e4-41c9-9287-4e8dd97f5c38-AppendLogResponseHandler: Failed appendEntries: org.apache.ratis.thirdparty.io.grpc.StatusRuntimeException: UNAVAILABLE: io exception
2019-10-09 13:04:38,926 [grpc-default-executor-7] INFO  impl.FollowerInfo (FollowerInfo.java:lambda$new$0(51)) - 3eeab9a4-47d5-4980-9c6e-5102901e869a@group-DDAC6CD64C05->4f75c367-51e4-41c9-9287-4e8dd97f5c38: nextIndex: updateUnconditionally 0 -> 0
2019-10-09 13:04:39,004 [grpc-default-executor-4] WARN  server.GrpcLogAppender (LogUtils.java:warn(134)) - 3eeab9a4-47d5-4980-9c6e-5102901e869a@group-75761DEE94FB->f0cb1a3f-6ac7-4eb8-9514-6a797ff8471f-AppendLogResponseHandler: Failed appendEntries: org.apache.ratis.thirdparty.io.grpc.StatusRuntimeException: UNAVAILABLE: io exception
2019-10-09 13:04:39,006 [grpc-default-executor-4] INFO  impl.FollowerInfo (FollowerInfo.java:lambda$new$0(51)) - 3eeab9a4-47d5-4980-9c6e-5102901e869a@group-75761DEE94FB->f0cb1a3f-6ac7-4eb8-9514-6a797ff8471f: nextIndex: updateUnconditionally 0 -> 0
2019-10-09 13:04:39,012 [grpc-default-executor-7] WARN  server.GrpcLogAppender (LogUtils.java:warn(134)) - 3eeab9a4-47d5-4980-9c6e-5102901e869a@group-75761DEE94FB->4f75c367-51e4-41c9-9287-4e8dd97f5c38-AppendLogResponseHandler: Failed appendEntries: org.apache.ratis.thirdparty.io.grpc.StatusRuntimeException: UNAVAILABLE: io exception
2019-10-09 13:04:39,013 [grpc-default-executor-7] INFO  impl.FollowerInfo (FollowerInfo.java:lambda$new$0(51)) - 3eeab9a4-47d5-4980-9c6e-5102901e869a@group-75761DEE94FB->4f75c367-51e4-41c9-9287-4e8dd97f5c38: nextIndex: updateUnconditionally 0 -> 0
2019-10-09 13:04:39,191 [grpc-default-executor-9] WARN  server.GrpcLogAppender (LogUtils.java:warn(134)) - 3eeab9a4-47d5-4980-9c6e-5102901e869a@group-153C1C6005E2->f0cb1a3f-6ac7-4eb8-9514-6a797ff8471f-AppendLogResponseHandler: Failed appendEntries: org.apache.ratis.thirdparty.io.grpc.StatusRuntimeException: UNAVAILABLE: io exception
2019-10-09 13:04:39,192 [grpc-default-executor-9] INFO  impl.FollowerInfo (FollowerInfo.java:lambda$new$0(51)) - 3eeab9a4-47d5-4980-9c6e-5102901e869a@group-153C1C6005E2->f0cb1a3f-6ac7-4eb8-9514-6a797ff8471f: nextIndex: updateUnconditionally 0 -> 0
2019-10-09 13:04:39,199 [grpc-default-executor-4] WARN  server.GrpcLogAppender (LogUtils.java:warn(134)) - 3eeab9a4-47d5-4980-9c6e-5102901e869a@group-153C1C6005E2->4f75c367-51e4-41c9-9287-4e8dd97f5c38-AppendLogResponseHandler: Failed appendEntries: org.apache.ratis.thirdparty.io.grpc.StatusRuntimeException: UNAVAILABLE: io exception
2019-10-09 13:04:39,199 [grpc-default-executor-4] INFO  impl.FollowerInfo (FollowerInfo.java:lambda$new$0(51)) - 3eeab9a4-47d5-4980-9c6e-5102901e869a@group-153C1C6005E2->4f75c367-51e4-41c9-9287-4e8dd97f5c38: nextIndex: updateUnconditionally 0 -> 0
2019-10-09 13:04:41,401 [grpc-default-executor-9] WARN  server.GrpcLogAppender (LogUtils.java:warn(134)) - 3eeab9a4-47d5-4980-9c6e-5102901e869a@group-DDAC6CD64C05->f0cb1a3f-6ac7-4eb8-9514-6a797ff8471f-AppendLogResponseHandler: Failed appendEntries: org.apache.ratis.thirdparty.io.grpc.StatusRuntimeException: UNAVAILABLE: io exception
2019-10-09 13:04:41,401 [grpc-default-executor-9] INFO  impl.FollowerInfo (FollowerInfo.java:lambda$new$0(51)) - 3eeab9a4-47d5-4980-9c6e-5102901e869a@group-DDAC6CD64C05->f0cb1a3f-6ac7-4eb8-9514-6a797ff8471f: nextIndex: updateUnconditionally 0 -> 0
2019-10-09 13:04:41,428 [grpc-default-executor-4] WARN  server.GrpcLogAppender (LogUtils.java:warn(134)) - 3eeab9a4-47d5-4980-9c6e-5102901e869a@group-DDAC6CD64C05->4f75c367-51e4-41c9-9287-4e8dd97f5c38-AppendLogResponseHandler: Failed appendEntries: org.apache.ratis.thirdparty.io.grpc.StatusRuntimeException: UNAVAILABLE: io exception
2019-10-09 13:04:41,428 [grpc-default-executor-4] INFO  impl.FollowerInfo (FollowerInfo.java:lambda$new$0(51)) - 3eeab9a4-47d5-4980-9c6e-5102901e869a@group-DDAC6CD64C05->4f75c367-51e4-41c9-9287-4e8dd97f5c38: nextIndex: updateUnconditionally 0 -> 0
2019-10-09 13:04:41,504 [grpc-default-executor-4] WARN  server.GrpcLogAppender (LogUtils.java:warn(134)) - 3eeab9a4-47d5-4980-9c6e-5102901e869a@group-75761DEE94FB->f0cb1a3f-6ac7-4eb8-9514-6a797ff8471f-AppendLogResponseHandler: Failed appendEntries: org.apache.ratis.thirdparty.io.grpc.StatusRuntimeException: UNAVAILABLE: io exception
2019-10-09 13:04:41,505 [grpc-default-executor-4] INFO  impl.FollowerInfo (FollowerInfo.java:lambda$new$0(51)) - 3eeab9a4-47d5-4980-9c6e-5102901e869a@group-75761DEE94FB->f0cb1a3f-6ac7-4eb8-9514-6a797ff8471f: nextIndex: updateUnconditionally 0 -> 0
2019-10-09 13:04:41,512 [grpc-default-executor-7] WARN  server.GrpcLogAppender (LogUtils.java:warn(134)) - 3eeab9a4-47d5-4980-9c6e-5102901e869a@group-75761DEE94FB->4f75c367-51e4-41c9-9287-4e8dd97f5c38-AppendLogResponseHandler: Failed appendEntries: org.apache.ratis.thirdparty.io.grpc.StatusRuntimeException: UNAVAILABLE: io exception
2019-10-09 13:04:41,513 [grpc-default-executor-7] INFO  impl.FollowerInfo (FollowerInfo.java:lambda$new$0(51)) - 3eeab9a4-47d5-4980-9c6e-5102901e869a@group-75761DEE94FB->4f75c367-51e4-41c9-9287-4e8dd97f5c38: nextIndex: updateUnconditionally 0 -> 0
2019-10-09 13:04:41,694 [grpc-default-executor-7] WARN  server.GrpcLogAppender (LogUtils.java:warn(134)) - 3eeab9a4-47d5-4980-9c6e-5102901e869a@group-153C1C6005E2->f0cb1a3f-6ac7-4eb8-9514-6a797ff8471f-AppendLogResponseHandler: Failed appendEntries: org.apache.ratis.thirdparty.io.grpc.StatusRuntimeException: UNAVAILABLE: io exception
2019-10-09 13:04:41,694 [grpc-default-executor-7] INFO  impl.FollowerInfo (FollowerInfo.java:lambda$new$0(51)) - 3eeab9a4-47d5-4980-9c6e-5102901e869a@group-153C1C6005E2->f0cb1a3f-6ac7-4eb8-9514-6a797ff8471f: nextIndex: updateUnconditionally 0 -> 0
2019-10-09 13:04:41,699 [grpc-default-executor-7] WARN  server.GrpcLogAppender (LogUtils.java:warn(134)) - 3eeab9a4-47d5-4980-9c6e-5102901e869a@group-153C1C6005E2->4f75c367-51e4-41c9-9287-4e8dd97f5c38-AppendLogResponseHandler: Failed appendEntries: org.apache.ratis.thirdparty.io.grpc.StatusRuntimeException: UNAVAILABLE: io exception
2019-10-09 13:04:41,700 [grpc-default-executor-7] INFO  impl.FollowerInfo (FollowerInfo.java:lambda$new$0(51)) - 3eeab9a4-47d5-4980-9c6e-5102901e869a@group-153C1C6005E2->4f75c367-51e4-41c9-9287-4e8dd97f5c38: nextIndex: updateUnconditionally 0 -> 0
2019-10-09 13:04:42,250 [Thread-726] INFO  impl.FollowerState (FollowerState.java:run(106)) - 3eeab9a4-47d5-4980-9c6e-5102901e869a:group-6247FF3E413E changes to CANDIDATE, lastRpcTime:5085, electionTimeout:5085ms
2019-10-09 13:04:42,250 [Thread-726] INFO  impl.RoleInfo (RoleInfo.java:shutdownFollowerState(121)) - 3eeab9a4-47d5-4980-9c6e-5102901e869a: shutdown FollowerState
2019-10-09 13:04:42,251 [Thread-726] INFO  impl.RaftServerImpl (RaftServerImpl.java:setRole(174)) - 3eeab9a4-47d5-4980-9c6e-5102901e869a@group-6247FF3E413E: changes role from  FOLLOWER to CANDIDATE at term 7 for changeToCandidate
2019-10-09 13:04:42,251 [Thread-726] INFO  impl.RoleInfo (RoleInfo.java:updateAndGet(143)) - 3eeab9a4-47d5-4980-9c6e-5102901e869a: start LeaderElection
2019-10-09 13:04:42,277 [3eeab9a4-47d5-4980-9c6e-5102901e869a@group-6247FF3E413E:LeaderElection50] INFO  impl.LeaderElection (LeaderElection.java:askForVotes(182)) - 3eeab9a4-47d5-4980-9c6e-5102901e869a@group-6247FF3E413E:LeaderElection50: begin an election at term 8 for 0: [4f75c367-51e4-41c9-9287-4e8dd97f5c38:192.168.5.175:40325, 3eeab9a4-47d5-4980-9c6e-5102901e869a:192.168.5.175:43254, f0cb1a3f-6ac7-4eb8-9514-6a797ff8471f:192.168.5.175:39769], old=null
2019-10-09 13:04:42,280 [3eeab9a4-47d5-4980-9c6e-5102901e869a@group-6247FF3E413E:LeaderElection50] INFO  impl.LeaderElection (LogUtils.java:infoOrTrace(149)) - 3eeab9a4-47d5-4980-9c6e-5102901e869a@group-6247FF3E413E:LeaderElection50 got exception when requesting votes: {}
java.util.concurrent.ExecutionException: org.apache.ratis.thirdparty.io.grpc.StatusRuntimeException: UNAVAILABLE: io exception
	at java.util.concurrent.FutureTask.report(FutureTask.java:122)
	at java.util.concurrent.FutureTask.get(FutureTask.java:192)
	at org.apache.ratis.server.impl.LeaderElection.waitForResults(LeaderElection.java:263)
	at org.apache.ratis.server.impl.LeaderElection.askForVotes(LeaderElection.java:201)
	at org.apache.ratis.server.impl.LeaderElection.run(LeaderElection.java:133)
	at java.lang.Thread.run(Thread.java:748)
Caused by: org.apache.ratis.thirdparty.io.grpc.StatusRuntimeException: UNAVAILABLE: io exception
	at org.apache.ratis.thirdparty.io.grpc.stub.ClientCalls.toStatusRuntimeException(ClientCalls.java:233)
	at org.apache.ratis.thirdparty.io.grpc.stub.ClientCalls.getUnchecked(ClientCalls.java:214)
	at org.apache.ratis.thirdparty.io.grpc.stub.ClientCalls.blockingUnaryCall(ClientCalls.java:139)
	at org.apache.ratis.proto.grpc.RaftServerProtocolServiceGrpc$RaftServerProtocolServiceBlockingStub.requestVote(RaftServerProtocolServiceGrpc.java:265)
	at org.apache.ratis.grpc.server.GrpcServerProtocolClient.requestVote(GrpcServerProtocolClient.java:90)
	at org.apache.ratis.grpc.server.GrpcService.requestVote(GrpcService.java:204)
	at org.apache.ratis.server.impl.LeaderElection.lambda$submitRequests$1(LeaderElection.java:238)
	at java.util.concurrent.FutureTask.run(FutureTask.java:266)
	at java.util.concurrent.Executors$RunnableAdapter.call(Executors.java:511)
	at java.util.concurrent.FutureTask.run(FutureTask.java:266)
	at java.util.concurrent.ThreadPoolExecutor.runWorker(ThreadPoolExecutor.java:1149)
	at java.util.concurrent.ThreadPoolExecutor$Worker.run(ThreadPoolExecutor.java:624)
	... 1 more
Caused by: org.apache.ratis.thirdparty.io.netty.channel.AbstractChannel$AnnotatedConnectException: Connection refused: /192.168.5.175:39769
	at sun.nio.ch.SocketChannelImpl.checkConnect(Native Method)
	at sun.nio.ch.SocketChannelImpl.finishConnect(SocketChannelImpl.java:717)
	at org.apache.ratis.thirdparty.io.netty.channel.socket.nio.NioSocketChannel.doFinishConnect(NioSocketChannel.java:327)
	at org.apache.ratis.thirdparty.io.netty.channel.nio.AbstractNioChannel$AbstractNioUnsafe.finishConnect(AbstractNioChannel.java:340)
	at org.apache.ratis.thirdparty.io.netty.channel.nio.NioEventLoop.processSelectedKey(NioEventLoop.java:632)
	at org.apache.ratis.thirdparty.io.netty.channel.nio.NioEventLoop.processSelectedKeysOptimized(NioEventLoop.java:579)
	at org.apache.ratis.thirdparty.io.netty.channel.nio.NioEventLoop.processSelectedKeys(NioEventLoop.java:496)
	at org.apache.ratis.thirdparty.io.netty.channel.nio.NioEventLoop.run(NioEventLoop.java:458)
	at org.apache.ratis.thirdparty.io.netty.util.concurrent.SingleThreadEventExecutor$5.run(SingleThreadEventExecutor.java:897)
	at org.apache.ratis.thirdparty.io.netty.util.concurrent.FastThreadLocalRunnable.run(FastThreadLocalRunnable.java:30)
	... 1 more
Caused by: java.net.ConnectException: Connection refused
	... 11 more
2019-10-09 13:04:42,281 [3eeab9a4-47d5-4980-9c6e-5102901e869a@group-6247FF3E413E:LeaderElection50] INFO  impl.LeaderElection (LogUtils.java:infoOrTrace(149)) - 3eeab9a4-47d5-4980-9c6e-5102901e869a@group-6247FF3E413E:LeaderElection50 got exception when requesting votes: {}
java.util.concurrent.ExecutionException: org.apache.ratis.thirdparty.io.grpc.StatusRuntimeException: UNAVAILABLE: io exception
	at java.util.concurrent.FutureTask.report(FutureTask.java:122)
	at java.util.concurrent.FutureTask.get(FutureTask.java:192)
	at org.apache.ratis.server.impl.LeaderElection.waitForResults(LeaderElection.java:263)
	at org.apache.ratis.server.impl.LeaderElection.askForVotes(LeaderElection.java:201)
	at org.apache.ratis.server.impl.LeaderElection.run(LeaderElection.java:133)
	at java.lang.Thread.run(Thread.java:748)
Caused by: org.apache.ratis.thirdparty.io.grpc.StatusRuntimeException: UNAVAILABLE: io exception
	at org.apache.ratis.thirdparty.io.grpc.stub.ClientCalls.toStatusRuntimeException(ClientCalls.java:233)
	at org.apache.ratis.thirdparty.io.grpc.stub.ClientCalls.getUnchecked(ClientCalls.java:214)
	at org.apache.ratis.thirdparty.io.grpc.stub.ClientCalls.blockingUnaryCall(ClientCalls.java:139)
	at org.apache.ratis.proto.grpc.RaftServerProtocolServiceGrpc$RaftServerProtocolServiceBlockingStub.requestVote(RaftServerProtocolServiceGrpc.java:265)
	at org.apache.ratis.grpc.server.GrpcServerProtocolClient.requestVote(GrpcServerProtocolClient.java:90)
	at org.apache.ratis.grpc.server.GrpcService.requestVote(GrpcService.java:204)
	at org.apache.ratis.server.impl.LeaderElection.lambda$submitRequests$1(LeaderElection.java:238)
	at java.util.concurrent.FutureTask.run(FutureTask.java:266)
	at java.util.concurrent.Executors$RunnableAdapter.call(Executors.java:511)
	at java.util.concurrent.FutureTask.run(FutureTask.java:266)
	at java.util.concurrent.ThreadPoolExecutor.runWorker(ThreadPoolExecutor.java:1149)
	at java.util.concurrent.ThreadPoolExecutor$Worker.run(ThreadPoolExecutor.java:624)
	... 1 more
Caused by: org.apache.ratis.thirdparty.io.netty.channel.AbstractChannel$AnnotatedConnectException: Connection refused: /192.168.5.175:40325
	at sun.nio.ch.SocketChannelImpl.checkConnect(Native Method)
	at sun.nio.ch.SocketChannelImpl.finishConnect(SocketChannelImpl.java:717)
	at org.apache.ratis.thirdparty.io.netty.channel.socket.nio.NioSocketChannel.doFinishConnect(NioSocketChannel.java:327)
	at org.apache.ratis.thirdparty.io.netty.channel.nio.AbstractNioChannel$AbstractNioUnsafe.finishConnect(AbstractNioChannel.java:340)
	at org.apache.ratis.thirdparty.io.netty.channel.nio.NioEventLoop.processSelectedKey(NioEventLoop.java:632)
	at org.apache.ratis.thirdparty.io.netty.channel.nio.NioEventLoop.processSelectedKeysOptimized(NioEventLoop.java:579)
	at org.apache.ratis.thirdparty.io.netty.channel.nio.NioEventLoop.processSelectedKeys(NioEventLoop.java:496)
	at org.apache.ratis.thirdparty.io.netty.channel.nio.NioEventLoop.run(NioEventLoop.java:458)
	at org.apache.ratis.thirdparty.io.netty.util.concurrent.SingleThreadEventExecutor$5.run(SingleThreadEventExecutor.java:897)
	at org.apache.ratis.thirdparty.io.netty.util.concurrent.FastThreadLocalRunnable.run(FastThreadLocalRunnable.java:30)
	... 1 more
Caused by: java.net.ConnectException: Connection refused
	... 11 more
2019-10-09 13:04:42,281 [3eeab9a4-47d5-4980-9c6e-5102901e869a@group-6247FF3E413E:LeaderElection50] INFO  impl.LeaderElection (LeaderElection.java:logAndReturn(56)) - 3eeab9a4-47d5-4980-9c6e-5102901e869a@group-6247FF3E413E:LeaderElection50: Election REJECTED; received 0 response(s) [] and 2 exception(s); 3eeab9a4-47d5-4980-9c6e-5102901e869a@group-6247FF3E413E:t8, leader=null, voted=3eeab9a4-47d5-4980-9c6e-5102901e869a, raftlog=3eeab9a4-47d5-4980-9c6e-5102901e869a@group-6247FF3E413E-SegmentedRaftLog:OPENED:c0,f0,i0, conf=0: [4f75c367-51e4-41c9-9287-4e8dd97f5c38:192.168.5.175:40325, 3eeab9a4-47d5-4980-9c6e-5102901e869a:192.168.5.175:43254, f0cb1a3f-6ac7-4eb8-9514-6a797ff8471f:192.168.5.175:39769], old=null
2019-10-09 13:04:42,282 [3eeab9a4-47d5-4980-9c6e-5102901e869a@group-6247FF3E413E:LeaderElection50] INFO  impl.LeaderElection (LogUtils.java:infoOrTrace(149)) -   Exception 0: {}
java.util.concurrent.ExecutionException: org.apache.ratis.thirdparty.io.grpc.StatusRuntimeException: UNAVAILABLE: io exception
	at java.util.concurrent.FutureTask.report(FutureTask.java:122)
	at java.util.concurrent.FutureTask.get(FutureTask.java:192)
	at org.apache.ratis.server.impl.LeaderElection.waitForResults(LeaderElection.java:263)
	at org.apache.ratis.server.impl.LeaderElection.askForVotes(LeaderElection.java:201)
	at org.apache.ratis.server.impl.LeaderElection.run(LeaderElection.java:133)
	at java.lang.Thread.run(Thread.java:748)
Caused by: org.apache.ratis.thirdparty.io.grpc.StatusRuntimeException: UNAVAILABLE: io exception
	at org.apache.ratis.thirdparty.io.grpc.stub.ClientCalls.toStatusRuntimeException(ClientCalls.java:233)
	at org.apache.ratis.thirdparty.io.grpc.stub.ClientCalls.getUnchecked(ClientCalls.java:214)
	at org.apache.ratis.thirdparty.io.grpc.stub.ClientCalls.blockingUnaryCall(ClientCalls.java:139)
	at org.apache.ratis.proto.grpc.RaftServerProtocolServiceGrpc$RaftServerProtocolServiceBlockingStub.requestVote(RaftServerProtocolServiceGrpc.java:265)
	at org.apache.ratis.grpc.server.GrpcServerProtocolClient.requestVote(GrpcServerProtocolClient.java:90)
	at org.apache.ratis.grpc.server.GrpcService.requestVote(GrpcService.java:204)
	at org.apache.ratis.server.impl.LeaderElection.lambda$submitRequests$1(LeaderElection.java:238)
	at java.util.concurrent.FutureTask.run(FutureTask.java:266)
	at java.util.concurrent.Executors$RunnableAdapter.call(Executors.java:511)
	at java.util.concurrent.FutureTask.run(FutureTask.java:266)
	at java.util.concurrent.ThreadPoolExecutor.runWorker(ThreadPoolExecutor.java:1149)
	at java.util.concurrent.ThreadPoolExecutor$Worker.run(ThreadPoolExecutor.java:624)
	... 1 more
Caused by: org.apache.ratis.thirdparty.io.netty.channel.AbstractChannel$AnnotatedConnectException: Connection refused: /192.168.5.175:39769
	at sun.nio.ch.SocketChannelImpl.checkConnect(Native Method)
	at sun.nio.ch.SocketChannelImpl.finishConnect(SocketChannelImpl.java:717)
	at org.apache.ratis.thirdparty.io.netty.channel.socket.nio.NioSocketChannel.doFinishConnect(NioSocketChannel.java:327)
	at org.apache.ratis.thirdparty.io.netty.channel.nio.AbstractNioChannel$AbstractNioUnsafe.finishConnect(AbstractNioChannel.java:340)
	at org.apache.ratis.thirdparty.io.netty.channel.nio.NioEventLoop.processSelectedKey(NioEventLoop.java:632)
	at org.apache.ratis.thirdparty.io.netty.channel.nio.NioEventLoop.processSelectedKeysOptimized(NioEventLoop.java:579)
	at org.apache.ratis.thirdparty.io.netty.channel.nio.NioEventLoop.processSelectedKeys(NioEventLoop.java:496)
	at org.apache.ratis.thirdparty.io.netty.channel.nio.NioEventLoop.run(NioEventLoop.java:458)
	at org.apache.ratis.thirdparty.io.netty.util.concurrent.SingleThreadEventExecutor$5.run(SingleThreadEventExecutor.java:897)
	at org.apache.ratis.thirdparty.io.netty.util.concurrent.FastThreadLocalRunnable.run(FastThreadLocalRunnable.java:30)
	... 1 more
Caused by: java.net.ConnectException: Connection refused
	... 11 more
2019-10-09 13:04:42,282 [3eeab9a4-47d5-4980-9c6e-5102901e869a@group-6247FF3E413E:LeaderElection50] INFO  impl.LeaderElection (LogUtils.java:infoOrTrace(149)) -   Exception 1: {}
java.util.concurrent.ExecutionException: org.apache.ratis.thirdparty.io.grpc.StatusRuntimeException: UNAVAILABLE: io exception
	at java.util.concurrent.FutureTask.report(FutureTask.java:122)
	at java.util.concurrent.FutureTask.get(FutureTask.java:192)
	at org.apache.ratis.server.impl.LeaderElection.waitForResults(LeaderElection.java:263)
	at org.apache.ratis.server.impl.LeaderElection.askForVotes(LeaderElection.java:201)
	at org.apache.ratis.server.impl.LeaderElection.run(LeaderElection.java:133)
	at java.lang.Thread.run(Thread.java:748)
Caused by: org.apache.ratis.thirdparty.io.grpc.StatusRuntimeException: UNAVAILABLE: io exception
	at org.apache.ratis.thirdparty.io.grpc.stub.ClientCalls.toStatusRuntimeException(ClientCalls.java:233)
	at org.apache.ratis.thirdparty.io.grpc.stub.ClientCalls.getUnchecked(ClientCalls.java:214)
	at org.apache.ratis.thirdparty.io.grpc.stub.ClientCalls.blockingUnaryCall(ClientCalls.java:139)
	at org.apache.ratis.proto.grpc.RaftServerProtocolServiceGrpc$RaftServerProtocolServiceBlockingStub.requestVote(RaftServerProtocolServiceGrpc.java:265)
	at org.apache.ratis.grpc.server.GrpcServerProtocolClient.requestVote(GrpcServerProtocolClient.java:90)
	at org.apache.ratis.grpc.server.GrpcService.requestVote(GrpcService.java:204)
	at org.apache.ratis.server.impl.LeaderElection.lambda$submitRequests$1(LeaderElection.java:238)
	at java.util.concurrent.FutureTask.run(FutureTask.java:266)
	at java.util.concurrent.Executors$RunnableAdapter.call(Executors.java:511)
	at java.util.concurrent.FutureTask.run(FutureTask.java:266)
	at java.util.concurrent.ThreadPoolExecutor.runWorker(ThreadPoolExecutor.java:1149)
	at java.util.concurrent.ThreadPoolExecutor$Worker.run(ThreadPoolExecutor.java:624)
	... 1 more
Caused by: org.apache.ratis.thirdparty.io.netty.channel.AbstractChannel$AnnotatedConnectException: Connection refused: /192.168.5.175:40325
	at sun.nio.ch.SocketChannelImpl.checkConnect(Native Method)
	at sun.nio.ch.SocketChannelImpl.finishConnect(SocketChannelImpl.java:717)
	at org.apache.ratis.thirdparty.io.netty.channel.socket.nio.NioSocketChannel.doFinishConnect(NioSocketChannel.java:327)
	at org.apache.ratis.thirdparty.io.netty.channel.nio.AbstractNioChannel$AbstractNioUnsafe.finishConnect(AbstractNioChannel.java:340)
	at org.apache.ratis.thirdparty.io.netty.channel.nio.NioEventLoop.processSelectedKey(NioEventLoop.java:632)
	at org.apache.ratis.thirdparty.io.netty.channel.nio.NioEventLoop.processSelectedKeysOptimized(NioEventLoop.java:579)
	at org.apache.ratis.thirdparty.io.netty.channel.nio.NioEventLoop.processSelectedKeys(NioEventLoop.java:496)
	at org.apache.ratis.thirdparty.io.netty.channel.nio.NioEventLoop.run(NioEventLoop.java:458)
	at org.apache.ratis.thirdparty.io.netty.util.concurrent.SingleThreadEventExecutor$5.run(SingleThreadEventExecutor.java:897)
	at org.apache.ratis.thirdparty.io.netty.util.concurrent.FastThreadLocalRunnable.run(FastThreadLocalRunnable.java:30)
	... 1 more
Caused by: java.net.ConnectException: Connection refused
	... 11 more
2019-10-09 13:04:42,282 [3eeab9a4-47d5-4980-9c6e-5102901e869a@group-6247FF3E413E:LeaderElection50] INFO  impl.RaftServerImpl (RaftServerImpl.java:setRole(174)) - 3eeab9a4-47d5-4980-9c6e-5102901e869a@group-6247FF3E413E: changes role from CANDIDATE to FOLLOWER at term 8 for DISCOVERED_A_NEW_TERM
2019-10-09 13:04:42,283 [3eeab9a4-47d5-4980-9c6e-5102901e869a@group-6247FF3E413E:LeaderElection50] INFO  impl.RoleInfo (RoleInfo.java:shutdownLeaderElection(134)) - 3eeab9a4-47d5-4980-9c6e-5102901e869a: shutdown LeaderElection
2019-10-09 13:04:42,283 [3eeab9a4-47d5-4980-9c6e-5102901e869a@group-6247FF3E413E:LeaderElection50] INFO  impl.RoleInfo (RoleInfo.java:updateAndGet(143)) - 3eeab9a4-47d5-4980-9c6e-5102901e869a: start FollowerState
2019-10-09 13:04:42,302 [Thread-730] INFO  impl.FollowerState (FollowerState.java:run(106)) - 3eeab9a4-47d5-4980-9c6e-5102901e869a:group-A483B260BC72 changes to CANDIDATE, lastRpcTime:5048, electionTimeout:5048ms
2019-10-09 13:04:42,305 [Thread-730] INFO  impl.RoleInfo (RoleInfo.java:shutdownFollowerState(121)) - 3eeab9a4-47d5-4980-9c6e-5102901e869a: shutdown FollowerState
2019-10-09 13:04:42,305 [Thread-730] INFO  impl.RaftServerImpl (RaftServerImpl.java:setRole(174)) - 3eeab9a4-47d5-4980-9c6e-5102901e869a@group-A483B260BC72: changes role from  FOLLOWER to CANDIDATE at term 7 for changeToCandidate
2019-10-09 13:04:42,305 [Thread-730] INFO  impl.RoleInfo (RoleInfo.java:updateAndGet(143)) - 3eeab9a4-47d5-4980-9c6e-5102901e869a: start LeaderElection
2019-10-09 13:04:42,320 [3eeab9a4-47d5-4980-9c6e-5102901e869a@group-A483B260BC72:LeaderElection51] INFO  impl.LeaderElection (LeaderElection.java:askForVotes(182)) - 3eeab9a4-47d5-4980-9c6e-5102901e869a@group-A483B260BC72:LeaderElection51: begin an election at term 8 for 0: [4f75c367-51e4-41c9-9287-4e8dd97f5c38:192.168.5.175:40325, 3eeab9a4-47d5-4980-9c6e-5102901e869a:192.168.5.175:43254, f0cb1a3f-6ac7-4eb8-9514-6a797ff8471f:192.168.5.175:39769], old=null
2019-10-09 13:04:42,321 [3eeab9a4-47d5-4980-9c6e-5102901e869a@group-A483B260BC72:LeaderElection51] INFO  impl.LeaderElection (LogUtils.java:infoOrTrace(149)) - 3eeab9a4-47d5-4980-9c6e-5102901e869a@group-A483B260BC72:LeaderElection51 got exception when requesting votes: {}
java.util.concurrent.ExecutionException: org.apache.ratis.thirdparty.io.grpc.StatusRuntimeException: UNAVAILABLE: io exception
	at java.util.concurrent.FutureTask.report(FutureTask.java:122)
	at java.util.concurrent.FutureTask.get(FutureTask.java:192)
	at org.apache.ratis.server.impl.LeaderElection.waitForResults(LeaderElection.java:263)
	at org.apache.ratis.server.impl.LeaderElection.askForVotes(LeaderElection.java:201)
	at org.apache.ratis.server.impl.LeaderElection.run(LeaderElection.java:133)
	at java.lang.Thread.run(Thread.java:748)
Caused by: org.apache.ratis.thirdparty.io.grpc.StatusRuntimeException: UNAVAILABLE: io exception
	at org.apache.ratis.thirdparty.io.grpc.stub.ClientCalls.toStatusRuntimeException(ClientCalls.java:233)
	at org.apache.ratis.thirdparty.io.grpc.stub.ClientCalls.getUnchecked(ClientCalls.java:214)
	at org.apache.ratis.thirdparty.io.grpc.stub.ClientCalls.blockingUnaryCall(ClientCalls.java:139)
	at org.apache.ratis.proto.grpc.RaftServerProtocolServiceGrpc$RaftServerProtocolServiceBlockingStub.requestVote(RaftServerProtocolServiceGrpc.java:265)
	at org.apache.ratis.grpc.server.GrpcServerProtocolClient.requestVote(GrpcServerProtocolClient.java:90)
	at org.apache.ratis.grpc.server.GrpcService.requestVote(GrpcService.java:204)
	at org.apache.ratis.server.impl.LeaderElection.lambda$submitRequests$1(LeaderElection.java:238)
	at java.util.concurrent.FutureTask.run(FutureTask.java:266)
	at java.util.concurrent.Executors$RunnableAdapter.call(Executors.java:511)
	at java.util.concurrent.FutureTask.run(FutureTask.java:266)
	at java.util.concurrent.ThreadPoolExecutor.runWorker(ThreadPoolExecutor.java:1149)
	at java.util.concurrent.ThreadPoolExecutor$Worker.run(ThreadPoolExecutor.java:624)
	... 1 more
Caused by: org.apache.ratis.thirdparty.io.netty.channel.AbstractChannel$AnnotatedConnectException: Connection refused: /192.168.5.175:40325
	at sun.nio.ch.SocketChannelImpl.checkConnect(Native Method)
	at sun.nio.ch.SocketChannelImpl.finishConnect(SocketChannelImpl.java:717)
	at org.apache.ratis.thirdparty.io.netty.channel.socket.nio.NioSocketChannel.doFinishConnect(NioSocketChannel.java:327)
	at org.apache.ratis.thirdparty.io.netty.channel.nio.AbstractNioChannel$AbstractNioUnsafe.finishConnect(AbstractNioChannel.java:340)
	at org.apache.ratis.thirdparty.io.netty.channel.nio.NioEventLoop.processSelectedKey(NioEventLoop.java:632)
	at org.apache.ratis.thirdparty.io.netty.channel.nio.NioEventLoop.processSelectedKeysOptimized(NioEventLoop.java:579)
	at org.apache.ratis.thirdparty.io.netty.channel.nio.NioEventLoop.processSelectedKeys(NioEventLoop.java:496)
	at org.apache.ratis.thirdparty.io.netty.channel.nio.NioEventLoop.run(NioEventLoop.java:458)
	at org.apache.ratis.thirdparty.io.netty.util.concurrent.SingleThreadEventExecutor$5.run(SingleThreadEventExecutor.java:897)
	at org.apache.ratis.thirdparty.io.netty.util.concurrent.FastThreadLocalRunnable.run(FastThreadLocalRunnable.java:30)
	... 1 more
Caused by: java.net.ConnectException: Connection refused
	... 11 more
2019-10-09 13:04:42,322 [3eeab9a4-47d5-4980-9c6e-5102901e869a@group-A483B260BC72:LeaderElection51] INFO  impl.LeaderElection (LogUtils.java:infoOrTrace(149)) - 3eeab9a4-47d5-4980-9c6e-5102901e869a@group-A483B260BC72:LeaderElection51 got exception when requesting votes: {}
java.util.concurrent.ExecutionException: org.apache.ratis.thirdparty.io.grpc.StatusRuntimeException: UNAVAILABLE: io exception
	at java.util.concurrent.FutureTask.report(FutureTask.java:122)
	at java.util.concurrent.FutureTask.get(FutureTask.java:192)
	at org.apache.ratis.server.impl.LeaderElection.waitForResults(LeaderElection.java:263)
	at org.apache.ratis.server.impl.LeaderElection.askForVotes(LeaderElection.java:201)
	at org.apache.ratis.server.impl.LeaderElection.run(LeaderElection.java:133)
	at java.lang.Thread.run(Thread.java:748)
Caused by: org.apache.ratis.thirdparty.io.grpc.StatusRuntimeException: UNAVAILABLE: io exception
	at org.apache.ratis.thirdparty.io.grpc.stub.ClientCalls.toStatusRuntimeException(ClientCalls.java:233)
	at org.apache.ratis.thirdparty.io.grpc.stub.ClientCalls.getUnchecked(ClientCalls.java:214)
	at org.apache.ratis.thirdparty.io.grpc.stub.ClientCalls.blockingUnaryCall(ClientCalls.java:139)
	at org.apache.ratis.proto.grpc.RaftServerProtocolServiceGrpc$RaftServerProtocolServiceBlockingStub.requestVote(RaftServerProtocolServiceGrpc.java:265)
	at org.apache.ratis.grpc.server.GrpcServerProtocolClient.requestVote(GrpcServerProtocolClient.java:90)
	at org.apache.ratis.grpc.server.GrpcService.requestVote(GrpcService.java:204)
	at org.apache.ratis.server.impl.LeaderElection.lambda$submitRequests$1(LeaderElection.java:238)
	at java.util.concurrent.FutureTask.run(FutureTask.java:266)
	at java.util.concurrent.Executors$RunnableAdapter.call(Executors.java:511)
	at java.util.concurrent.FutureTask.run(FutureTask.java:266)
	at java.util.concurrent.ThreadPoolExecutor.runWorker(ThreadPoolExecutor.java:1149)
	at java.util.concurrent.ThreadPoolExecutor$Worker.run(ThreadPoolExecutor.java:624)
	... 1 more
Caused by: org.apache.ratis.thirdparty.io.netty.channel.AbstractChannel$AnnotatedConnectException: Connection refused: /192.168.5.175:39769
	at sun.nio.ch.SocketChannelImpl.checkConnect(Native Method)
	at sun.nio.ch.SocketChannelImpl.finishConnect(SocketChannelImpl.java:717)
	at org.apache.ratis.thirdparty.io.netty.channel.socket.nio.NioSocketChannel.doFinishConnect(NioSocketChannel.java:327)
	at org.apache.ratis.thirdparty.io.netty.channel.nio.AbstractNioChannel$AbstractNioUnsafe.finishConnect(AbstractNioChannel.java:340)
	at org.apache.ratis.thirdparty.io.netty.channel.nio.NioEventLoop.processSelectedKey(NioEventLoop.java:632)
	at org.apache.ratis.thirdparty.io.netty.channel.nio.NioEventLoop.processSelectedKeysOptimized(NioEventLoop.java:579)
	at org.apache.ratis.thirdparty.io.netty.channel.nio.NioEventLoop.processSelectedKeys(NioEventLoop.java:496)
	at org.apache.ratis.thirdparty.io.netty.channel.nio.NioEventLoop.run(NioEventLoop.java:458)
	at org.apache.ratis.thirdparty.io.netty.util.concurrent.SingleThreadEventExecutor$5.run(SingleThreadEventExecutor.java:897)
	at org.apache.ratis.thirdparty.io.netty.util.concurrent.FastThreadLocalRunnable.run(FastThreadLocalRunnable.java:30)
	... 1 more
Caused by: java.net.ConnectException: Connection refused
	... 11 more
2019-10-09 13:04:42,322 [3eeab9a4-47d5-4980-9c6e-5102901e869a@group-A483B260BC72:LeaderElection51] INFO  impl.LeaderElection (LeaderElection.java:logAndReturn(56)) - 3eeab9a4-47d5-4980-9c6e-5102901e869a@group-A483B260BC72:LeaderElection51: Election REJECTED; received 0 response(s) [] and 2 exception(s); 3eeab9a4-47d5-4980-9c6e-5102901e869a@group-A483B260BC72:t8, leader=null, voted=3eeab9a4-47d5-4980-9c6e-5102901e869a, raftlog=3eeab9a4-47d5-4980-9c6e-5102901e869a@group-A483B260BC72-SegmentedRaftLog:OPENED:c0,f0,i0, conf=0: [4f75c367-51e4-41c9-9287-4e8dd97f5c38:192.168.5.175:40325, 3eeab9a4-47d5-4980-9c6e-5102901e869a:192.168.5.175:43254, f0cb1a3f-6ac7-4eb8-9514-6a797ff8471f:192.168.5.175:39769], old=null
2019-10-09 13:04:42,322 [3eeab9a4-47d5-4980-9c6e-5102901e869a@group-A483B260BC72:LeaderElection51] INFO  impl.LeaderElection (LogUtils.java:infoOrTrace(149)) -   Exception 0: {}
java.util.concurrent.ExecutionException: org.apache.ratis.thirdparty.io.grpc.StatusRuntimeException: UNAVAILABLE: io exception
	at java.util.concurrent.FutureTask.report(FutureTask.java:122)
	at java.util.concurrent.FutureTask.get(FutureTask.java:192)
	at org.apache.ratis.server.impl.LeaderElection.waitForResults(LeaderElection.java:263)
	at org.apache.ratis.server.impl.LeaderElection.askForVotes(LeaderElection.java:201)
	at org.apache.ratis.server.impl.LeaderElection.run(LeaderElection.java:133)
	at java.lang.Thread.run(Thread.java:748)
Caused by: org.apache.ratis.thirdparty.io.grpc.StatusRuntimeException: UNAVAILABLE: io exception
	at org.apache.ratis.thirdparty.io.grpc.stub.ClientCalls.toStatusRuntimeException(ClientCalls.java:233)
	at org.apache.ratis.thirdparty.io.grpc.stub.ClientCalls.getUnchecked(ClientCalls.java:214)
	at org.apache.ratis.thirdparty.io.grpc.stub.ClientCalls.blockingUnaryCall(ClientCalls.java:139)
	at org.apache.ratis.proto.grpc.RaftServerProtocolServiceGrpc$RaftServerProtocolServiceBlockingStub.requestVote(RaftServerProtocolServiceGrpc.java:265)
	at org.apache.ratis.grpc.server.GrpcServerProtocolClient.requestVote(GrpcServerProtocolClient.java:90)
	at org.apache.ratis.grpc.server.GrpcService.requestVote(GrpcService.java:204)
	at org.apache.ratis.server.impl.LeaderElection.lambda$submitRequests$1(LeaderElection.java:238)
	at java.util.concurrent.FutureTask.run(FutureTask.java:266)
	at java.util.concurrent.Executors$RunnableAdapter.call(Executors.java:511)
	at java.util.concurrent.FutureTask.run(FutureTask.java:266)
	at java.util.concurrent.ThreadPoolExecutor.runWorker(ThreadPoolExecutor.java:1149)
	at java.util.concurrent.ThreadPoolExecutor$Worker.run(ThreadPoolExecutor.java:624)
	... 1 more
Caused by: org.apache.ratis.thirdparty.io.netty.channel.AbstractChannel$AnnotatedConnectException: Connection refused: /192.168.5.175:40325
	at sun.nio.ch.SocketChannelImpl.checkConnect(Native Method)
	at sun.nio.ch.SocketChannelImpl.finishConnect(SocketChannelImpl.java:717)
	at org.apache.ratis.thirdparty.io.netty.channel.socket.nio.NioSocketChannel.doFinishConnect(NioSocketChannel.java:327)
	at org.apache.ratis.thirdparty.io.netty.channel.nio.AbstractNioChannel$AbstractNioUnsafe.finishConnect(AbstractNioChannel.java:340)
	at org.apache.ratis.thirdparty.io.netty.channel.nio.NioEventLoop.processSelectedKey(NioEventLoop.java:632)
	at org.apache.ratis.thirdparty.io.netty.channel.nio.NioEventLoop.processSelectedKeysOptimized(NioEventLoop.java:579)
	at org.apache.ratis.thirdparty.io.netty.channel.nio.NioEventLoop.processSelectedKeys(NioEventLoop.java:496)
	at org.apache.ratis.thirdparty.io.netty.channel.nio.NioEventLoop.run(NioEventLoop.java:458)
	at org.apache.ratis.thirdparty.io.netty.util.concurrent.SingleThreadEventExecutor$5.run(SingleThreadEventExecutor.java:897)
	at org.apache.ratis.thirdparty.io.netty.util.concurrent.FastThreadLocalRunnable.run(FastThreadLocalRunnable.java:30)
	... 1 more
Caused by: java.net.ConnectException: Connection refused
	... 11 more
2019-10-09 13:04:42,323 [3eeab9a4-47d5-4980-9c6e-5102901e869a@group-A483B260BC72:LeaderElection51] INFO  impl.LeaderElection (LogUtils.java:infoOrTrace(149)) -   Exception 1: {}
java.util.concurrent.ExecutionException: org.apache.ratis.thirdparty.io.grpc.StatusRuntimeException: UNAVAILABLE: io exception
	at java.util.concurrent.FutureTask.report(FutureTask.java:122)
	at java.util.concurrent.FutureTask.get(FutureTask.java:192)
	at org.apache.ratis.server.impl.LeaderElection.waitForResults(LeaderElection.java:263)
	at org.apache.ratis.server.impl.LeaderElection.askForVotes(LeaderElection.java:201)
	at org.apache.ratis.server.impl.LeaderElection.run(LeaderElection.java:133)
	at java.lang.Thread.run(Thread.java:748)
Caused by: org.apache.ratis.thirdparty.io.grpc.StatusRuntimeException: UNAVAILABLE: io exception
	at org.apache.ratis.thirdparty.io.grpc.stub.ClientCalls.toStatusRuntimeException(ClientCalls.java:233)
	at org.apache.ratis.thirdparty.io.grpc.stub.ClientCalls.getUnchecked(ClientCalls.java:214)
	at org.apache.ratis.thirdparty.io.grpc.stub.ClientCalls.blockingUnaryCall(ClientCalls.java:139)
	at org.apache.ratis.proto.grpc.RaftServerProtocolServiceGrpc$RaftServerProtocolServiceBlockingStub.requestVote(RaftServerProtocolServiceGrpc.java:265)
	at org.apache.ratis.grpc.server.GrpcServerProtocolClient.requestVote(GrpcServerProtocolClient.java:90)
	at org.apache.ratis.grpc.server.GrpcService.requestVote(GrpcService.java:204)
	at org.apache.ratis.server.impl.LeaderElection.lambda$submitRequests$1(LeaderElection.java:238)
	at java.util.concurrent.FutureTask.run(FutureTask.java:266)
	at java.util.concurrent.Executors$RunnableAdapter.call(Executors.java:511)
	at java.util.concurrent.FutureTask.run(FutureTask.java:266)
	at java.util.concurrent.ThreadPoolExecutor.runWorker(ThreadPoolExecutor.java:1149)
	at java.util.concurrent.ThreadPoolExecutor$Worker.run(ThreadPoolExecutor.java:624)
	... 1 more
Caused by: org.apache.ratis.thirdparty.io.netty.channel.AbstractChannel$AnnotatedConnectException: Connection refused: /192.168.5.175:39769
	at sun.nio.ch.SocketChannelImpl.checkConnect(Native Method)
	at sun.nio.ch.SocketChannelImpl.finishConnect(SocketChannelImpl.java:717)
	at org.apache.ratis.thirdparty.io.netty.channel.socket.nio.NioSocketChannel.doFinishConnect(NioSocketChannel.java:327)
	at org.apache.ratis.thirdparty.io.netty.channel.nio.AbstractNioChannel$AbstractNioUnsafe.finishConnect(AbstractNioChannel.java:340)
	at org.apache.ratis.thirdparty.io.netty.channel.nio.NioEventLoop.processSelectedKey(NioEventLoop.java:632)
	at org.apache.ratis.thirdparty.io.netty.channel.nio.NioEventLoop.processSelectedKeysOptimized(NioEventLoop.java:579)
	at org.apache.ratis.thirdparty.io.netty.channel.nio.NioEventLoop.processSelectedKeys(NioEventLoop.java:496)
	at org.apache.ratis.thirdparty.io.netty.channel.nio.NioEventLoop.run(NioEventLoop.java:458)
	at org.apache.ratis.thirdparty.io.netty.util.concurrent.SingleThreadEventExecutor$5.run(SingleThreadEventExecutor.java:897)
	at org.apache.ratis.thirdparty.io.netty.util.concurrent.FastThreadLocalRunnable.run(FastThreadLocalRunnable.java:30)
	... 1 more
Caused by: java.net.ConnectException: Connection refused
	... 11 more
2019-10-09 13:04:42,323 [3eeab9a4-47d5-4980-9c6e-5102901e869a@group-A483B260BC72:LeaderElection51] INFO  impl.RaftServerImpl (RaftServerImpl.java:setRole(174)) - 3eeab9a4-47d5-4980-9c6e-5102901e869a@group-A483B260BC72: changes role from CANDIDATE to FOLLOWER at term 8 for DISCOVERED_A_NEW_TERM
2019-10-09 13:04:42,323 [3eeab9a4-47d5-4980-9c6e-5102901e869a@group-A483B260BC72:LeaderElection51] INFO  impl.RoleInfo (RoleInfo.java:shutdownLeaderElection(134)) - 3eeab9a4-47d5-4980-9c6e-5102901e869a: shutdown LeaderElection
2019-10-09 13:04:42,323 [3eeab9a4-47d5-4980-9c6e-5102901e869a@group-A483B260BC72:LeaderElection51] INFO  impl.RoleInfo (RoleInfo.java:updateAndGet(143)) - 3eeab9a4-47d5-4980-9c6e-5102901e869a: start FollowerState
2019-10-09 13:04:42,643 [Thread-735] INFO  impl.FollowerState (FollowerState.java:run(106)) - 3eeab9a4-47d5-4980-9c6e-5102901e869a:group-C24D4FE0C6F2 changes to CANDIDATE, lastRpcTime:5182, electionTimeout:5182ms
2019-10-09 13:04:42,646 [Thread-735] INFO  impl.RoleInfo (RoleInfo.java:shutdownFollowerState(121)) - 3eeab9a4-47d5-4980-9c6e-5102901e869a: shutdown FollowerState
2019-10-09 13:04:42,646 [Thread-735] INFO  impl.RaftServerImpl (RaftServerImpl.java:setRole(174)) - 3eeab9a4-47d5-4980-9c6e-5102901e869a@group-C24D4FE0C6F2: changes role from  FOLLOWER to CANDIDATE at term 8 for changeToCandidate
2019-10-09 13:04:42,646 [Thread-735] INFO  impl.RoleInfo (RoleInfo.java:updateAndGet(143)) - 3eeab9a4-47d5-4980-9c6e-5102901e869a: start LeaderElection
2019-10-09 13:04:42,669 [3eeab9a4-47d5-4980-9c6e-5102901e869a@group-C24D4FE0C6F2:LeaderElection52] INFO  impl.LeaderElection (LeaderElection.java:askForVotes(182)) - 3eeab9a4-47d5-4980-9c6e-5102901e869a@group-C24D4FE0C6F2:LeaderElection52: begin an election at term 9 for 0: [4f75c367-51e4-41c9-9287-4e8dd97f5c38:192.168.5.175:40325, 3eeab9a4-47d5-4980-9c6e-5102901e869a:192.168.5.175:43254, f0cb1a3f-6ac7-4eb8-9514-6a797ff8471f:192.168.5.175:39769], old=null
2019-10-09 13:04:42,670 [3eeab9a4-47d5-4980-9c6e-5102901e869a@group-C24D4FE0C6F2:LeaderElection52] INFO  impl.LeaderElection (LogUtils.java:infoOrTrace(149)) - 3eeab9a4-47d5-4980-9c6e-5102901e869a@group-C24D4FE0C6F2:LeaderElection52 got exception when requesting votes: {}
java.util.concurrent.ExecutionException: org.apache.ratis.thirdparty.io.grpc.StatusRuntimeException: UNAVAILABLE: io exception
	at java.util.concurrent.FutureTask.report(FutureTask.java:122)
	at java.util.concurrent.FutureTask.get(FutureTask.java:192)
	at org.apache.ratis.server.impl.LeaderElection.waitForResults(LeaderElection.java:263)
	at org.apache.ratis.server.impl.LeaderElection.askForVotes(LeaderElection.java:201)
	at org.apache.ratis.server.impl.LeaderElection.run(LeaderElection.java:133)
	at java.lang.Thread.run(Thread.java:748)
Caused by: org.apache.ratis.thirdparty.io.grpc.StatusRuntimeException: UNAVAILABLE: io exception
	at org.apache.ratis.thirdparty.io.grpc.stub.ClientCalls.toStatusRuntimeException(ClientCalls.java:233)
	at org.apache.ratis.thirdparty.io.grpc.stub.ClientCalls.getUnchecked(ClientCalls.java:214)
	at org.apache.ratis.thirdparty.io.grpc.stub.ClientCalls.blockingUnaryCall(ClientCalls.java:139)
	at org.apache.ratis.proto.grpc.RaftServerProtocolServiceGrpc$RaftServerProtocolServiceBlockingStub.requestVote(RaftServerProtocolServiceGrpc.java:265)
	at org.apache.ratis.grpc.server.GrpcServerProtocolClient.requestVote(GrpcServerProtocolClient.java:90)
	at org.apache.ratis.grpc.server.GrpcService.requestVote(GrpcService.java:204)
	at org.apache.ratis.server.impl.LeaderElection.lambda$submitRequests$1(LeaderElection.java:238)
	at java.util.concurrent.FutureTask.run(FutureTask.java:266)
	at java.util.concurrent.Executors$RunnableAdapter.call(Executors.java:511)
	at java.util.concurrent.FutureTask.run(FutureTask.java:266)
	at java.util.concurrent.ThreadPoolExecutor.runWorker(ThreadPoolExecutor.java:1149)
	at java.util.concurrent.ThreadPoolExecutor$Worker.run(ThreadPoolExecutor.java:624)
	... 1 more
Caused by: org.apache.ratis.thirdparty.io.netty.channel.AbstractChannel$AnnotatedConnectException: Connection refused: /192.168.5.175:40325
	at sun.nio.ch.SocketChannelImpl.checkConnect(Native Method)
	at sun.nio.ch.SocketChannelImpl.finishConnect(SocketChannelImpl.java:717)
	at org.apache.ratis.thirdparty.io.netty.channel.socket.nio.NioSocketChannel.doFinishConnect(NioSocketChannel.java:327)
	at org.apache.ratis.thirdparty.io.netty.channel.nio.AbstractNioChannel$AbstractNioUnsafe.finishConnect(AbstractNioChannel.java:340)
	at org.apache.ratis.thirdparty.io.netty.channel.nio.NioEventLoop.processSelectedKey(NioEventLoop.java:632)
	at org.apache.ratis.thirdparty.io.netty.channel.nio.NioEventLoop.processSelectedKeysOptimized(NioEventLoop.java:579)
	at org.apache.ratis.thirdparty.io.netty.channel.nio.NioEventLoop.processSelectedKeys(NioEventLoop.java:496)
	at org.apache.ratis.thirdparty.io.netty.channel.nio.NioEventLoop.run(NioEventLoop.java:458)
	at org.apache.ratis.thirdparty.io.netty.util.concurrent.SingleThreadEventExecutor$5.run(SingleThreadEventExecutor.java:897)
	at org.apache.ratis.thirdparty.io.netty.util.concurrent.FastThreadLocalRunnable.run(FastThreadLocalRunnable.java:30)
	... 1 more
Caused by: java.net.ConnectException: Connection refused
	... 11 more
2019-10-09 13:04:42,671 [3eeab9a4-47d5-4980-9c6e-5102901e869a@group-C24D4FE0C6F2:LeaderElection52] INFO  impl.LeaderElection (LogUtils.java:infoOrTrace(149)) - 3eeab9a4-47d5-4980-9c6e-5102901e869a@group-C24D4FE0C6F2:LeaderElection52 got exception when requesting votes: {}
java.util.concurrent.ExecutionException: org.apache.ratis.thirdparty.io.grpc.StatusRuntimeException: UNAVAILABLE: io exception
	at java.util.concurrent.FutureTask.report(FutureTask.java:122)
	at java.util.concurrent.FutureTask.get(FutureTask.java:192)
	at org.apache.ratis.server.impl.LeaderElection.waitForResults(LeaderElection.java:263)
	at org.apache.ratis.server.impl.LeaderElection.askForVotes(LeaderElection.java:201)
	at org.apache.ratis.server.impl.LeaderElection.run(LeaderElection.java:133)
	at java.lang.Thread.run(Thread.java:748)
Caused by: org.apache.ratis.thirdparty.io.grpc.StatusRuntimeException: UNAVAILABLE: io exception
	at org.apache.ratis.thirdparty.io.grpc.stub.ClientCalls.toStatusRuntimeException(ClientCalls.java:233)
	at org.apache.ratis.thirdparty.io.grpc.stub.ClientCalls.getUnchecked(ClientCalls.java:214)
	at org.apache.ratis.thirdparty.io.grpc.stub.ClientCalls.blockingUnaryCall(ClientCalls.java:139)
	at org.apache.ratis.proto.grpc.RaftServerProtocolServiceGrpc$RaftServerProtocolServiceBlockingStub.requestVote(RaftServerProtocolServiceGrpc.java:265)
	at org.apache.ratis.grpc.server.GrpcServerProtocolClient.requestVote(GrpcServerProtocolClient.java:90)
	at org.apache.ratis.grpc.server.GrpcService.requestVote(GrpcService.java:204)
	at org.apache.ratis.server.impl.LeaderElection.lambda$submitRequests$1(LeaderElection.java:238)
	at java.util.concurrent.FutureTask.run(FutureTask.java:266)
	at java.util.concurrent.Executors$RunnableAdapter.call(Executors.java:511)
	at java.util.concurrent.FutureTask.run(FutureTask.java:266)
	at java.util.concurrent.ThreadPoolExecutor.runWorker(ThreadPoolExecutor.java:1149)
	at java.util.concurrent.ThreadPoolExecutor$Worker.run(ThreadPoolExecutor.java:624)
	... 1 more
Caused by: org.apache.ratis.thirdparty.io.netty.channel.AbstractChannel$AnnotatedConnectException: Connection refused: /192.168.5.175:39769
	at sun.nio.ch.SocketChannelImpl.checkConnect(Native Method)
	at sun.nio.ch.SocketChannelImpl.finishConnect(SocketChannelImpl.java:717)
	at org.apache.ratis.thirdparty.io.netty.channel.socket.nio.NioSocketChannel.doFinishConnect(NioSocketChannel.java:327)
	at org.apache.ratis.thirdparty.io.netty.channel.nio.AbstractNioChannel$AbstractNioUnsafe.finishConnect(AbstractNioChannel.java:340)
	at org.apache.ratis.thirdparty.io.netty.channel.nio.NioEventLoop.processSelectedKey(NioEventLoop.java:632)
	at org.apache.ratis.thirdparty.io.netty.channel.nio.NioEventLoop.processSelectedKeysOptimized(NioEventLoop.java:579)
	at org.apache.ratis.thirdparty.io.netty.channel.nio.NioEventLoop.processSelectedKeys(NioEventLoop.java:496)
	at org.apache.ratis.thirdparty.io.netty.channel.nio.NioEventLoop.run(NioEventLoop.java:458)
	at org.apache.ratis.thirdparty.io.netty.util.concurrent.SingleThreadEventExecutor$5.run(SingleThreadEventExecutor.java:897)
	at org.apache.ratis.thirdparty.io.netty.util.concurrent.FastThreadLocalRunnable.run(FastThreadLocalRunnable.java:30)
	... 1 more
Caused by: java.net.ConnectException: Connection refused
	... 11 more
2019-10-09 13:04:42,672 [3eeab9a4-47d5-4980-9c6e-5102901e869a@group-C24D4FE0C6F2:LeaderElection52] INFO  impl.LeaderElection (LeaderElection.java:logAndReturn(56)) - 3eeab9a4-47d5-4980-9c6e-5102901e869a@group-C24D4FE0C6F2:LeaderElection52: Election REJECTED; received 0 response(s) [] and 2 exception(s); 3eeab9a4-47d5-4980-9c6e-5102901e869a@group-C24D4FE0C6F2:t9, leader=null, voted=3eeab9a4-47d5-4980-9c6e-5102901e869a, raftlog=3eeab9a4-47d5-4980-9c6e-5102901e869a@group-C24D4FE0C6F2-SegmentedRaftLog:OPENED:c16,f16,i16, conf=0: [4f75c367-51e4-41c9-9287-4e8dd97f5c38:192.168.5.175:40325, 3eeab9a4-47d5-4980-9c6e-5102901e869a:192.168.5.175:43254, f0cb1a3f-6ac7-4eb8-9514-6a797ff8471f:192.168.5.175:39769], old=null
2019-10-09 13:04:42,672 [3eeab9a4-47d5-4980-9c6e-5102901e869a@group-C24D4FE0C6F2:LeaderElection52] INFO  impl.LeaderElection (LogUtils.java:infoOrTrace(149)) -   Exception 0: {}
java.util.concurrent.ExecutionException: org.apache.ratis.thirdparty.io.grpc.StatusRuntimeException: UNAVAILABLE: io exception
	at java.util.concurrent.FutureTask.report(FutureTask.java:122)
	at java.util.concurrent.FutureTask.get(FutureTask.java:192)
	at org.apache.ratis.server.impl.LeaderElection.waitForResults(LeaderElection.java:263)
	at org.apache.ratis.server.impl.LeaderElection.askForVotes(LeaderElection.java:201)
	at org.apache.ratis.server.impl.LeaderElection.run(LeaderElection.java:133)
	at java.lang.Thread.run(Thread.java:748)
Caused by: org.apache.ratis.thirdparty.io.grpc.StatusRuntimeException: UNAVAILABLE: io exception
	at org.apache.ratis.thirdparty.io.grpc.stub.ClientCalls.toStatusRuntimeException(ClientCalls.java:233)
	at org.apache.ratis.thirdparty.io.grpc.stub.ClientCalls.getUnchecked(ClientCalls.java:214)
	at org.apache.ratis.thirdparty.io.grpc.stub.ClientCalls.blockingUnaryCall(ClientCalls.java:139)
	at org.apache.ratis.proto.grpc.RaftServerProtocolServiceGrpc$RaftServerProtocolServiceBlockingStub.requestVote(RaftServerProtocolServiceGrpc.java:265)
	at org.apache.ratis.grpc.server.GrpcServerProtocolClient.requestVote(GrpcServerProtocolClient.java:90)
	at org.apache.ratis.grpc.server.GrpcService.requestVote(GrpcService.java:204)
	at org.apache.ratis.server.impl.LeaderElection.lambda$submitRequests$1(LeaderElection.java:238)
	at java.util.concurrent.FutureTask.run(FutureTask.java:266)
	at java.util.concurrent.Executors$RunnableAdapter.call(Executors.java:511)
	at java.util.concurrent.FutureTask.run(FutureTask.java:266)
	at java.util.concurrent.ThreadPoolExecutor.runWorker(ThreadPoolExecutor.java:1149)
	at java.util.concurrent.ThreadPoolExecutor$Worker.run(ThreadPoolExecutor.java:624)
	... 1 more
Caused by: org.apache.ratis.thirdparty.io.netty.channel.AbstractChannel$AnnotatedConnectException: Connection refused: /192.168.5.175:40325
	at sun.nio.ch.SocketChannelImpl.checkConnect(Native Method)
	at sun.nio.ch.SocketChannelImpl.finishConnect(SocketChannelImpl.java:717)
	at org.apache.ratis.thirdparty.io.netty.channel.socket.nio.NioSocketChannel.doFinishConnect(NioSocketChannel.java:327)
	at org.apache.ratis.thirdparty.io.netty.channel.nio.AbstractNioChannel$AbstractNioUnsafe.finishConnect(AbstractNioChannel.java:340)
	at org.apache.ratis.thirdparty.io.netty.channel.nio.NioEventLoop.processSelectedKey(NioEventLoop.java:632)
	at org.apache.ratis.thirdparty.io.netty.channel.nio.NioEventLoop.processSelectedKeysOptimized(NioEventLoop.java:579)
	at org.apache.ratis.thirdparty.io.netty.channel.nio.NioEventLoop.processSelectedKeys(NioEventLoop.java:496)
	at org.apache.ratis.thirdparty.io.netty.channel.nio.NioEventLoop.run(NioEventLoop.java:458)
	at org.apache.ratis.thirdparty.io.netty.util.concurrent.SingleThreadEventExecutor$5.run(SingleThreadEventExecutor.java:897)
	at org.apache.ratis.thirdparty.io.netty.util.concurrent.FastThreadLocalRunnable.run(FastThreadLocalRunnable.java:30)
	... 1 more
Caused by: java.net.ConnectException: Connection refused
	... 11 more
2019-10-09 13:04:42,673 [3eeab9a4-47d5-4980-9c6e-5102901e869a@group-C24D4FE0C6F2:LeaderElection52] INFO  impl.LeaderElection (LogUtils.java:infoOrTrace(149)) -   Exception 1: {}
java.util.concurrent.ExecutionException: org.apache.ratis.thirdparty.io.grpc.StatusRuntimeException: UNAVAILABLE: io exception
	at java.util.concurrent.FutureTask.report(FutureTask.java:122)
	at java.util.concurrent.FutureTask.get(FutureTask.java:192)
	at org.apache.ratis.server.impl.LeaderElection.waitForResults(LeaderElection.java:263)
	at org.apache.ratis.server.impl.LeaderElection.askForVotes(LeaderElection.java:201)
	at org.apache.ratis.server.impl.LeaderElection.run(LeaderElection.java:133)
	at java.lang.Thread.run(Thread.java:748)
Caused by: org.apache.ratis.thirdparty.io.grpc.StatusRuntimeException: UNAVAILABLE: io exception
	at org.apache.ratis.thirdparty.io.grpc.stub.ClientCalls.toStatusRuntimeException(ClientCalls.java:233)
	at org.apache.ratis.thirdparty.io.grpc.stub.ClientCalls.getUnchecked(ClientCalls.java:214)
	at org.apache.ratis.thirdparty.io.grpc.stub.ClientCalls.blockingUnaryCall(ClientCalls.java:139)
	at org.apache.ratis.proto.grpc.RaftServerProtocolServiceGrpc$RaftServerProtocolServiceBlockingStub.requestVote(RaftServerProtocolServiceGrpc.java:265)
	at org.apache.ratis.grpc.server.GrpcServerProtocolClient.requestVote(GrpcServerProtocolClient.java:90)
	at org.apache.ratis.grpc.server.GrpcService.requestVote(GrpcService.java:204)
	at org.apache.ratis.server.impl.LeaderElection.lambda$submitRequests$1(LeaderElection.java:238)
	at java.util.concurrent.FutureTask.run(FutureTask.java:266)
	at java.util.concurrent.Executors$RunnableAdapter.call(Executors.java:511)
	at java.util.concurrent.FutureTask.run(FutureTask.java:266)
	at java.util.concurrent.ThreadPoolExecutor.runWorker(ThreadPoolExecutor.java:1149)
	at java.util.concurrent.ThreadPoolExecutor$Worker.run(ThreadPoolExecutor.java:624)
	... 1 more
Caused by: org.apache.ratis.thirdparty.io.netty.channel.AbstractChannel$AnnotatedConnectException: Connection refused: /192.168.5.175:39769
	at sun.nio.ch.SocketChannelImpl.checkConnect(Native Method)
	at sun.nio.ch.SocketChannelImpl.finishConnect(SocketChannelImpl.java:717)
	at org.apache.ratis.thirdparty.io.netty.channel.socket.nio.NioSocketChannel.doFinishConnect(NioSocketChannel.java:327)
	at org.apache.ratis.thirdparty.io.netty.channel.nio.AbstractNioChannel$AbstractNioUnsafe.finishConnect(AbstractNioChannel.java:340)
	at org.apache.ratis.thirdparty.io.netty.channel.nio.NioEventLoop.processSelectedKey(NioEventLoop.java:632)
	at org.apache.ratis.thirdparty.io.netty.channel.nio.NioEventLoop.processSelectedKeysOptimized(NioEventLoop.java:579)
	at org.apache.ratis.thirdparty.io.netty.channel.nio.NioEventLoop.processSelectedKeys(NioEventLoop.java:496)
	at org.apache.ratis.thirdparty.io.netty.channel.nio.NioEventLoop.run(NioEventLoop.java:458)
	at org.apache.ratis.thirdparty.io.netty.util.concurrent.SingleThreadEventExecutor$5.run(SingleThreadEventExecutor.java:897)
	at org.apache.ratis.thirdparty.io.netty.util.concurrent.FastThreadLocalRunnable.run(FastThreadLocalRunnable.java:30)
	... 1 more
Caused by: java.net.ConnectException: Connection refused
	... 11 more
2019-10-09 13:04:42,674 [3eeab9a4-47d5-4980-9c6e-5102901e869a@group-C24D4FE0C6F2:LeaderElection52] INFO  impl.RaftServerImpl (RaftServerImpl.java:setRole(174)) - 3eeab9a4-47d5-4980-9c6e-5102901e869a@group-C24D4FE0C6F2: changes role from CANDIDATE to FOLLOWER at term 9 for DISCOVERED_A_NEW_TERM
2019-10-09 13:04:42,674 [3eeab9a4-47d5-4980-9c6e-5102901e869a@group-C24D4FE0C6F2:LeaderElection52] INFO  impl.RoleInfo (RoleInfo.java:shutdownLeaderElection(134)) - 3eeab9a4-47d5-4980-9c6e-5102901e869a: shutdown LeaderElection
2019-10-09 13:04:42,674 [3eeab9a4-47d5-4980-9c6e-5102901e869a@group-C24D4FE0C6F2:LeaderElection52] INFO  impl.RoleInfo (RoleInfo.java:updateAndGet(143)) - 3eeab9a4-47d5-4980-9c6e-5102901e869a: start FollowerState
2019-10-09 13:04:42,700 [Thread-739] INFO  impl.FollowerState (FollowerState.java:run(106)) - 3eeab9a4-47d5-4980-9c6e-5102901e869a:group-F4DE2F4D7E72 changes to CANDIDATE, lastRpcTime:5193, electionTimeout:5193ms
2019-10-09 13:04:42,702 [Thread-739] INFO  impl.RoleInfo (RoleInfo.java:shutdownFollowerState(121)) - 3eeab9a4-47d5-4980-9c6e-5102901e869a: shutdown FollowerState
2019-10-09 13:04:42,702 [Thread-739] INFO  impl.RaftServerImpl (RaftServerImpl.java:setRole(174)) - 3eeab9a4-47d5-4980-9c6e-5102901e869a@group-F4DE2F4D7E72: changes role from  FOLLOWER to CANDIDATE at term 7 for changeToCandidate
2019-10-09 13:04:42,702 [Thread-739] INFO  impl.RoleInfo (RoleInfo.java:updateAndGet(143)) - 3eeab9a4-47d5-4980-9c6e-5102901e869a: start LeaderElection
2019-10-09 13:04:42,718 [3eeab9a4-47d5-4980-9c6e-5102901e869a@group-F4DE2F4D7E72:LeaderElection53] INFO  impl.LeaderElection (LeaderElection.java:askForVotes(182)) - 3eeab9a4-47d5-4980-9c6e-5102901e869a@group-F4DE2F4D7E72:LeaderElection53: begin an election at term 8 for 0: [4f75c367-51e4-41c9-9287-4e8dd97f5c38:192.168.5.175:40325, 3eeab9a4-47d5-4980-9c6e-5102901e869a:192.168.5.175:43254, f0cb1a3f-6ac7-4eb8-9514-6a797ff8471f:192.168.5.175:39769], old=null
2019-10-09 13:04:42,719 [3eeab9a4-47d5-4980-9c6e-5102901e869a@group-F4DE2F4D7E72:LeaderElection53] INFO  impl.LeaderElection (LogUtils.java:infoOrTrace(149)) - 3eeab9a4-47d5-4980-9c6e-5102901e869a@group-F4DE2F4D7E72:LeaderElection53 got exception when requesting votes: {}
java.util.concurrent.ExecutionException: org.apache.ratis.thirdparty.io.grpc.StatusRuntimeException: UNAVAILABLE: io exception
	at java.util.concurrent.FutureTask.report(FutureTask.java:122)
	at java.util.concurrent.FutureTask.get(FutureTask.java:192)
	at org.apache.ratis.server.impl.LeaderElection.waitForResults(LeaderElection.java:263)
	at org.apache.ratis.server.impl.LeaderElection.askForVotes(LeaderElection.java:201)
	at org.apache.ratis.server.impl.LeaderElection.run(LeaderElection.java:133)
	at java.lang.Thread.run(Thread.java:748)
Caused by: org.apache.ratis.thirdparty.io.grpc.StatusRuntimeException: UNAVAILABLE: io exception
	at org.apache.ratis.thirdparty.io.grpc.stub.ClientCalls.toStatusRuntimeException(ClientCalls.java:233)
	at org.apache.ratis.thirdparty.io.grpc.stub.ClientCalls.getUnchecked(ClientCalls.java:214)
	at org.apache.ratis.thirdparty.io.grpc.stub.ClientCalls.blockingUnaryCall(ClientCalls.java:139)
	at org.apache.ratis.proto.grpc.RaftServerProtocolServiceGrpc$RaftServerProtocolServiceBlockingStub.requestVote(RaftServerProtocolServiceGrpc.java:265)
	at org.apache.ratis.grpc.server.GrpcServerProtocolClient.requestVote(GrpcServerProtocolClient.java:90)
	at org.apache.ratis.grpc.server.GrpcService.requestVote(GrpcService.java:204)
	at org.apache.ratis.server.impl.LeaderElection.lambda$submitRequests$1(LeaderElection.java:238)
	at java.util.concurrent.FutureTask.run(FutureTask.java:266)
	at java.util.concurrent.Executors$RunnableAdapter.call(Executors.java:511)
	at java.util.concurrent.FutureTask.run(FutureTask.java:266)
	at java.util.concurrent.ThreadPoolExecutor.runWorker(ThreadPoolExecutor.java:1149)
	at java.util.concurrent.ThreadPoolExecutor$Worker.run(ThreadPoolExecutor.java:624)
	... 1 more
Caused by: org.apache.ratis.thirdparty.io.netty.channel.AbstractChannel$AnnotatedConnectException: Connection refused: /192.168.5.175:40325
	at sun.nio.ch.SocketChannelImpl.checkConnect(Native Method)
	at sun.nio.ch.SocketChannelImpl.finishConnect(SocketChannelImpl.java:717)
	at org.apache.ratis.thirdparty.io.netty.channel.socket.nio.NioSocketChannel.doFinishConnect(NioSocketChannel.java:327)
	at org.apache.ratis.thirdparty.io.netty.channel.nio.AbstractNioChannel$AbstractNioUnsafe.finishConnect(AbstractNioChannel.java:340)
	at org.apache.ratis.thirdparty.io.netty.channel.nio.NioEventLoop.processSelectedKey(NioEventLoop.java:632)
	at org.apache.ratis.thirdparty.io.netty.channel.nio.NioEventLoop.processSelectedKeysOptimized(NioEventLoop.java:579)
	at org.apache.ratis.thirdparty.io.netty.channel.nio.NioEventLoop.processSelectedKeys(NioEventLoop.java:496)
	at org.apache.ratis.thirdparty.io.netty.channel.nio.NioEventLoop.run(NioEventLoop.java:458)
	at org.apache.ratis.thirdparty.io.netty.util.concurrent.SingleThreadEventExecutor$5.run(SingleThreadEventExecutor.java:897)
	at org.apache.ratis.thirdparty.io.netty.util.concurrent.FastThreadLocalRunnable.run(FastThreadLocalRunnable.java:30)
	... 1 more
Caused by: java.net.ConnectException: Connection refused
	... 11 more
2019-10-09 13:04:42,720 [3eeab9a4-47d5-4980-9c6e-5102901e869a@group-F4DE2F4D7E72:LeaderElection53] INFO  impl.LeaderElection (LogUtils.java:infoOrTrace(149)) - 3eeab9a4-47d5-4980-9c6e-5102901e869a@group-F4DE2F4D7E72:LeaderElection53 got exception when requesting votes: {}
java.util.concurrent.ExecutionException: org.apache.ratis.thirdparty.io.grpc.StatusRuntimeException: UNAVAILABLE: io exception
	at java.util.concurrent.FutureTask.report(FutureTask.java:122)
	at java.util.concurrent.FutureTask.get(FutureTask.java:192)
	at org.apache.ratis.server.impl.LeaderElection.waitForResults(LeaderElection.java:263)
	at org.apache.ratis.server.impl.LeaderElection.askForVotes(LeaderElection.java:201)
	at org.apache.ratis.server.impl.LeaderElection.run(LeaderElection.java:133)
	at java.lang.Thread.run(Thread.java:748)
Caused by: org.apache.ratis.thirdparty.io.grpc.StatusRuntimeException: UNAVAILABLE: io exception
	at org.apache.ratis.thirdparty.io.grpc.stub.ClientCalls.toStatusRuntimeException(ClientCalls.java:233)
	at org.apache.ratis.thirdparty.io.grpc.stub.ClientCalls.getUnchecked(ClientCalls.java:214)
	at org.apache.ratis.thirdparty.io.grpc.stub.ClientCalls.blockingUnaryCall(ClientCalls.java:139)
	at org.apache.ratis.proto.grpc.RaftServerProtocolServiceGrpc$RaftServerProtocolServiceBlockingStub.requestVote(RaftServerProtocolServiceGrpc.java:265)
	at org.apache.ratis.grpc.server.GrpcServerProtocolClient.requestVote(GrpcServerProtocolClient.java:90)
	at org.apache.ratis.grpc.server.GrpcService.requestVote(GrpcService.java:204)
	at org.apache.ratis.server.impl.LeaderElection.lambda$submitRequests$1(LeaderElection.java:238)
	at java.util.concurrent.FutureTask.run(FutureTask.java:266)
	at java.util.concurrent.Executors$RunnableAdapter.call(Executors.java:511)
	at java.util.concurrent.FutureTask.run(FutureTask.java:266)
	at java.util.concurrent.ThreadPoolExecutor.runWorker(ThreadPoolExecutor.java:1149)
	at java.util.concurrent.ThreadPoolExecutor$Worker.run(ThreadPoolExecutor.java:624)
	... 1 more
Caused by: org.apache.ratis.thirdparty.io.netty.channel.AbstractChannel$AnnotatedConnectException: Connection refused: /192.168.5.175:39769
	at sun.nio.ch.SocketChannelImpl.checkConnect(Native Method)
	at sun.nio.ch.SocketChannelImpl.finishConnect(SocketChannelImpl.java:717)
	at org.apache.ratis.thirdparty.io.netty.channel.socket.nio.NioSocketChannel.doFinishConnect(NioSocketChannel.java:327)
	at org.apache.ratis.thirdparty.io.netty.channel.nio.AbstractNioChannel$AbstractNioUnsafe.finishConnect(AbstractNioChannel.java:340)
	at org.apache.ratis.thirdparty.io.netty.channel.nio.NioEventLoop.processSelectedKey(NioEventLoop.java:632)
	at org.apache.ratis.thirdparty.io.netty.channel.nio.NioEventLoop.processSelectedKeysOptimized(NioEventLoop.java:579)
	at org.apache.ratis.thirdparty.io.netty.channel.nio.NioEventLoop.processSelectedKeys(NioEventLoop.java:496)
	at org.apache.ratis.thirdparty.io.netty.channel.nio.NioEventLoop.run(NioEventLoop.java:458)
	at org.apache.ratis.thirdparty.io.netty.util.concurrent.SingleThreadEventExecutor$5.run(SingleThreadEventExecutor.java:897)
	at org.apache.ratis.thirdparty.io.netty.util.concurrent.FastThreadLocalRunnable.run(FastThreadLocalRunnable.java:30)
	... 1 more
Caused by: java.net.ConnectException: Connection refused
	... 11 more
2019-10-09 13:04:42,720 [3eeab9a4-47d5-4980-9c6e-5102901e869a@group-F4DE2F4D7E72:LeaderElection53] INFO  impl.LeaderElection (LeaderElection.java:logAndReturn(56)) - 3eeab9a4-47d5-4980-9c6e-5102901e869a@group-F4DE2F4D7E72:LeaderElection53: Election REJECTED; received 0 response(s) [] and 2 exception(s); 3eeab9a4-47d5-4980-9c6e-5102901e869a@group-F4DE2F4D7E72:t8, leader=null, voted=3eeab9a4-47d5-4980-9c6e-5102901e869a, raftlog=3eeab9a4-47d5-4980-9c6e-5102901e869a@group-F4DE2F4D7E72-SegmentedRaftLog:OPENED:c0,f0,i0, conf=0: [4f75c367-51e4-41c9-9287-4e8dd97f5c38:192.168.5.175:40325, 3eeab9a4-47d5-4980-9c6e-5102901e869a:192.168.5.175:43254, f0cb1a3f-6ac7-4eb8-9514-6a797ff8471f:192.168.5.175:39769], old=null
2019-10-09 13:04:42,721 [3eeab9a4-47d5-4980-9c6e-5102901e869a@group-F4DE2F4D7E72:LeaderElection53] INFO  impl.LeaderElection (LogUtils.java:infoOrTrace(149)) -   Exception 0: {}
java.util.concurrent.ExecutionException: org.apache.ratis.thirdparty.io.grpc.StatusRuntimeException: UNAVAILABLE: io exception
	at java.util.concurrent.FutureTask.report(FutureTask.java:122)
	at java.util.concurrent.FutureTask.get(FutureTask.java:192)
	at org.apache.ratis.server.impl.LeaderElection.waitForResults(LeaderElection.java:263)
	at org.apache.ratis.server.impl.LeaderElection.askForVotes(LeaderElection.java:201)
	at org.apache.ratis.server.impl.LeaderElection.run(LeaderElection.java:133)
	at java.lang.Thread.run(Thread.java:748)
Caused by: org.apache.ratis.thirdparty.io.grpc.StatusRuntimeException: UNAVAILABLE: io exception
	at org.apache.ratis.thirdparty.io.grpc.stub.ClientCalls.toStatusRuntimeException(ClientCalls.java:233)
	at org.apache.ratis.thirdparty.io.grpc.stub.ClientCalls.getUnchecked(ClientCalls.java:214)
	at org.apache.ratis.thirdparty.io.grpc.stub.ClientCalls.blockingUnaryCall(ClientCalls.java:139)
	at org.apache.ratis.proto.grpc.RaftServerProtocolServiceGrpc$RaftServerProtocolServiceBlockingStub.requestVote(RaftServerProtocolServiceGrpc.java:265)
	at org.apache.ratis.grpc.server.GrpcServerProtocolClient.requestVote(GrpcServerProtocolClient.java:90)
	at org.apache.ratis.grpc.server.GrpcService.requestVote(GrpcService.java:204)
	at org.apache.ratis.server.impl.LeaderElection.lambda$submitRequests$1(LeaderElection.java:238)
	at java.util.concurrent.FutureTask.run(FutureTask.java:266)
	at java.util.concurrent.Executors$RunnableAdapter.call(Executors.java:511)
	at java.util.concurrent.FutureTask.run(FutureTask.java:266)
	at java.util.concurrent.ThreadPoolExecutor.runWorker(ThreadPoolExecutor.java:1149)
	at java.util.concurrent.ThreadPoolExecutor$Worker.run(ThreadPoolExecutor.java:624)
	... 1 more
Caused by: org.apache.ratis.thirdparty.io.netty.channel.AbstractChannel$AnnotatedConnectException: Connection refused: /192.168.5.175:40325
	at sun.nio.ch.SocketChannelImpl.checkConnect(Native Method)
	at sun.nio.ch.SocketChannelImpl.finishConnect(SocketChannelImpl.java:717)
	at org.apache.ratis.thirdparty.io.netty.channel.socket.nio.NioSocketChannel.doFinishConnect(NioSocketChannel.java:327)
	at org.apache.ratis.thirdparty.io.netty.channel.nio.AbstractNioChannel$AbstractNioUnsafe.finishConnect(AbstractNioChannel.java:340)
	at org.apache.ratis.thirdparty.io.netty.channel.nio.NioEventLoop.processSelectedKey(NioEventLoop.java:632)
	at org.apache.ratis.thirdparty.io.netty.channel.nio.NioEventLoop.processSelectedKeysOptimized(NioEventLoop.java:579)
	at org.apache.ratis.thirdparty.io.netty.channel.nio.NioEventLoop.processSelectedKeys(NioEventLoop.java:496)
	at org.apache.ratis.thirdparty.io.netty.channel.nio.NioEventLoop.run(NioEventLoop.java:458)
	at org.apache.ratis.thirdparty.io.netty.util.concurrent.SingleThreadEventExecutor$5.run(SingleThreadEventExecutor.java:897)
	at org.apache.ratis.thirdparty.io.netty.util.concurrent.FastThreadLocalRunnable.run(FastThreadLocalRunnable.java:30)
	... 1 more
Caused by: java.net.ConnectException: Connection refused
	... 11 more
2019-10-09 13:04:42,721 [3eeab9a4-47d5-4980-9c6e-5102901e869a@group-F4DE2F4D7E72:LeaderElection53] INFO  impl.LeaderElection (LogUtils.java:infoOrTrace(149)) -   Exception 1: {}
java.util.concurrent.ExecutionException: org.apache.ratis.thirdparty.io.grpc.StatusRuntimeException: UNAVAILABLE: io exception
	at java.util.concurrent.FutureTask.report(FutureTask.java:122)
	at java.util.concurrent.FutureTask.get(FutureTask.java:192)
	at org.apache.ratis.server.impl.LeaderElection.waitForResults(LeaderElection.java:263)
	at org.apache.ratis.server.impl.LeaderElection.askForVotes(LeaderElection.java:201)
	at org.apache.ratis.server.impl.LeaderElection.run(LeaderElection.java:133)
	at java.lang.Thread.run(Thread.java:748)
Caused by: org.apache.ratis.thirdparty.io.grpc.StatusRuntimeException: UNAVAILABLE: io exception
	at org.apache.ratis.thirdparty.io.grpc.stub.ClientCalls.toStatusRuntimeException(ClientCalls.java:233)
	at org.apache.ratis.thirdparty.io.grpc.stub.ClientCalls.getUnchecked(ClientCalls.java:214)
	at org.apache.ratis.thirdparty.io.grpc.stub.ClientCalls.blockingUnaryCall(ClientCalls.java:139)
	at org.apache.ratis.proto.grpc.RaftServerProtocolServiceGrpc$RaftServerProtocolServiceBlockingStub.requestVote(RaftServerProtocolServiceGrpc.java:265)
	at org.apache.ratis.grpc.server.GrpcServerProtocolClient.requestVote(GrpcServerProtocolClient.java:90)
	at org.apache.ratis.grpc.server.GrpcService.requestVote(GrpcService.java:204)
	at org.apache.ratis.server.impl.LeaderElection.lambda$submitRequests$1(LeaderElection.java:238)
	at java.util.concurrent.FutureTask.run(FutureTask.java:266)
	at java.util.concurrent.Executors$RunnableAdapter.call(Executors.java:511)
	at java.util.concurrent.FutureTask.run(FutureTask.java:266)
	at java.util.concurrent.ThreadPoolExecutor.runWorker(ThreadPoolExecutor.java:1149)
	at java.util.concurrent.ThreadPoolExecutor$Worker.run(ThreadPoolExecutor.java:624)
	... 1 more
Caused by: org.apache.ratis.thirdparty.io.netty.channel.AbstractChannel$AnnotatedConnectException: Connection refused: /192.168.5.175:39769
	at sun.nio.ch.SocketChannelImpl.checkConnect(Native Method)
	at sun.nio.ch.SocketChannelImpl.finishConnect(SocketChannelImpl.java:717)
	at org.apache.ratis.thirdparty.io.netty.channel.socket.nio.NioSocketChannel.doFinishConnect(NioSocketChannel.java:327)
	at org.apache.ratis.thirdparty.io.netty.channel.nio.AbstractNioChannel$AbstractNioUnsafe.finishConnect(AbstractNioChannel.java:340)
	at org.apache.ratis.thirdparty.io.netty.channel.nio.NioEventLoop.processSelectedKey(NioEventLoop.java:632)
	at org.apache.ratis.thirdparty.io.netty.channel.nio.NioEventLoop.processSelectedKeysOptimized(NioEventLoop.java:579)
	at org.apache.ratis.thirdparty.io.netty.channel.nio.NioEventLoop.processSelectedKeys(NioEventLoop.java:496)
	at org.apache.ratis.thirdparty.io.netty.channel.nio.NioEventLoop.run(NioEventLoop.java:458)
	at org.apache.ratis.thirdparty.io.netty.util.concurrent.SingleThreadEventExecutor$5.run(SingleThreadEventExecutor.java:897)
	at org.apache.ratis.thirdparty.io.netty.util.concurrent.FastThreadLocalRunnable.run(FastThreadLocalRunnable.java:30)
	... 1 more
Caused by: java.net.ConnectException: Connection refused
	... 11 more
2019-10-09 13:04:42,722 [3eeab9a4-47d5-4980-9c6e-5102901e869a@group-F4DE2F4D7E72:LeaderElection53] INFO  impl.RaftServerImpl (RaftServerImpl.java:setRole(174)) - 3eeab9a4-47d5-4980-9c6e-5102901e869a@group-F4DE2F4D7E72: changes role from CANDIDATE to FOLLOWER at term 8 for DISCOVERED_A_NEW_TERM
2019-10-09 13:04:42,722 [3eeab9a4-47d5-4980-9c6e-5102901e869a@group-F4DE2F4D7E72:LeaderElection53] INFO  impl.RoleInfo (RoleInfo.java:shutdownLeaderElection(134)) - 3eeab9a4-47d5-4980-9c6e-5102901e869a: shutdown LeaderElection
2019-10-09 13:04:42,722 [3eeab9a4-47d5-4980-9c6e-5102901e869a@group-F4DE2F4D7E72:LeaderElection53] INFO  impl.RoleInfo (RoleInfo.java:updateAndGet(143)) - 3eeab9a4-47d5-4980-9c6e-5102901e869a: start FollowerState
2019-10-09 13:04:43,900 [grpc-default-executor-9] WARN  server.GrpcLogAppender (LogUtils.java:warn(134)) - 3eeab9a4-47d5-4980-9c6e-5102901e869a@group-DDAC6CD64C05->f0cb1a3f-6ac7-4eb8-9514-6a797ff8471f-AppendLogResponseHandler: Failed appendEntries: org.apache.ratis.thirdparty.io.grpc.StatusRuntimeException: UNAVAILABLE: io exception
2019-10-09 13:04:43,903 [grpc-default-executor-9] INFO  impl.FollowerInfo (FollowerInfo.java:lambda$new$0(51)) - 3eeab9a4-47d5-4980-9c6e-5102901e869a@group-DDAC6CD64C05->f0cb1a3f-6ac7-4eb8-9514-6a797ff8471f: nextIndex: updateUnconditionally 0 -> 0
2019-10-09 13:04:43,927 [grpc-default-executor-9] WARN  server.GrpcLogAppender (LogUtils.java:warn(134)) - 3eeab9a4-47d5-4980-9c6e-5102901e869a@group-DDAC6CD64C05->4f75c367-51e4-41c9-9287-4e8dd97f5c38-AppendLogResponseHandler: Failed appendEntries: org.apache.ratis.thirdparty.io.grpc.StatusRuntimeException: UNAVAILABLE: io exception
2019-10-09 13:04:43,927 [grpc-default-executor-9] INFO  impl.FollowerInfo (FollowerInfo.java:lambda$new$0(51)) - 3eeab9a4-47d5-4980-9c6e-5102901e869a@group-DDAC6CD64C05->4f75c367-51e4-41c9-9287-4e8dd97f5c38: nextIndex: updateUnconditionally 0 -> 0
2019-10-09 13:04:44,005 [grpc-default-executor-7] WARN  server.GrpcLogAppender (LogUtils.java:warn(134)) - 3eeab9a4-47d5-4980-9c6e-5102901e869a@group-75761DEE94FB->f0cb1a3f-6ac7-4eb8-9514-6a797ff8471f-AppendLogResponseHandler: Failed appendEntries: org.apache.ratis.thirdparty.io.grpc.StatusRuntimeException: UNAVAILABLE: io exception
2019-10-09 13:04:44,006 [grpc-default-executor-7] INFO  impl.FollowerInfo (FollowerInfo.java:lambda$new$0(51)) - 3eeab9a4-47d5-4980-9c6e-5102901e869a@group-75761DEE94FB->f0cb1a3f-6ac7-4eb8-9514-6a797ff8471f: nextIndex: updateUnconditionally 0 -> 0
2019-10-09 13:04:44,013 [grpc-default-executor-4] WARN  server.GrpcLogAppender (LogUtils.java:warn(134)) - 3eeab9a4-47d5-4980-9c6e-5102901e869a@group-75761DEE94FB->4f75c367-51e4-41c9-9287-4e8dd97f5c38-AppendLogResponseHandler: Failed appendEntries: org.apache.ratis.thirdparty.io.grpc.StatusRuntimeException: UNAVAILABLE: io exception
2019-10-09 13:04:44,013 [grpc-default-executor-4] INFO  impl.FollowerInfo (FollowerInfo.java:lambda$new$0(51)) - 3eeab9a4-47d5-4980-9c6e-5102901e869a@group-75761DEE94FB->4f75c367-51e4-41c9-9287-4e8dd97f5c38: nextIndex: updateUnconditionally 0 -> 0
2019-10-09 13:04:44,195 [grpc-default-executor-9] WARN  server.GrpcLogAppender (LogUtils.java:warn(134)) - 3eeab9a4-47d5-4980-9c6e-5102901e869a@group-153C1C6005E2->f0cb1a3f-6ac7-4eb8-9514-6a797ff8471f-AppendLogResponseHandler: Failed appendEntries: org.apache.ratis.thirdparty.io.grpc.StatusRuntimeException: UNAVAILABLE: io exception
2019-10-09 13:04:44,195 [grpc-default-executor-9] INFO  impl.FollowerInfo (FollowerInfo.java:lambda$new$0(51)) - 3eeab9a4-47d5-4980-9c6e-5102901e869a@group-153C1C6005E2->f0cb1a3f-6ac7-4eb8-9514-6a797ff8471f: nextIndex: updateUnconditionally 0 -> 0
2019-10-09 13:04:44,200 [grpc-default-executor-7] WARN  server.GrpcLogAppender (LogUtils.java:warn(134)) - 3eeab9a4-47d5-4980-9c6e-5102901e869a@group-153C1C6005E2->4f75c367-51e4-41c9-9287-4e8dd97f5c38-AppendLogResponseHandler: Failed appendEntries: org.apache.ratis.thirdparty.io.grpc.StatusRuntimeException: UNAVAILABLE: io exception
2019-10-09 13:04:44,201 [grpc-default-executor-7] INFO  impl.FollowerInfo (FollowerInfo.java:lambda$new$0(51)) - 3eeab9a4-47d5-4980-9c6e-5102901e869a@group-153C1C6005E2->4f75c367-51e4-41c9-9287-4e8dd97f5c38: nextIndex: updateUnconditionally 0 -> 0
2019-10-09 13:04:46,403 [grpc-default-executor-4] WARN  server.GrpcLogAppender (LogUtils.java:warn(134)) - 3eeab9a4-47d5-4980-9c6e-5102901e869a@group-DDAC6CD64C05->f0cb1a3f-6ac7-4eb8-9514-6a797ff8471f-AppendLogResponseHandler: Failed appendEntries: org.apache.ratis.thirdparty.io.grpc.StatusRuntimeException: UNAVAILABLE: io exception
2019-10-09 13:04:46,404 [grpc-default-executor-4] INFO  impl.FollowerInfo (FollowerInfo.java:lambda$new$0(51)) - 3eeab9a4-47d5-4980-9c6e-5102901e869a@group-DDAC6CD64C05->f0cb1a3f-6ac7-4eb8-9514-6a797ff8471f: nextIndex: updateUnconditionally 0 -> 0
2019-10-09 13:04:46,431 [grpc-default-executor-7] WARN  server.GrpcLogAppender (LogUtils.java:warn(134)) - 3eeab9a4-47d5-4980-9c6e-5102901e869a@group-DDAC6CD64C05->4f75c367-51e4-41c9-9287-4e8dd97f5c38-AppendLogResponseHandler: Failed appendEntries: org.apache.ratis.thirdparty.io.grpc.StatusRuntimeException: UNAVAILABLE: io exception
2019-10-09 13:04:46,431 [grpc-default-executor-7] INFO  impl.FollowerInfo (FollowerInfo.java:lambda$new$0(51)) - 3eeab9a4-47d5-4980-9c6e-5102901e869a@group-DDAC6CD64C05->4f75c367-51e4-41c9-9287-4e8dd97f5c38: nextIndex: updateUnconditionally 0 -> 0
2019-10-09 13:04:46,506 [grpc-default-executor-7] WARN  server.GrpcLogAppender (LogUtils.java:warn(134)) - 3eeab9a4-47d5-4980-9c6e-5102901e869a@group-75761DEE94FB->f0cb1a3f-6ac7-4eb8-9514-6a797ff8471f-AppendLogResponseHandler: Failed appendEntries: org.apache.ratis.thirdparty.io.grpc.StatusRuntimeException: UNAVAILABLE: io exception
2019-10-09 13:04:46,506 [grpc-default-executor-7] INFO  impl.FollowerInfo (FollowerInfo.java:lambda$new$0(51)) - 3eeab9a4-47d5-4980-9c6e-5102901e869a@group-75761DEE94FB->f0cb1a3f-6ac7-4eb8-9514-6a797ff8471f: nextIndex: updateUnconditionally 0 -> 0
2019-10-09 13:04:46,513 [grpc-default-executor-9] WARN  server.GrpcLogAppender (LogUtils.java:warn(134)) - 3eeab9a4-47d5-4980-9c6e-5102901e869a@group-75761DEE94FB->4f75c367-51e4-41c9-9287-4e8dd97f5c38-AppendLogResponseHandler: Failed appendEntries: org.apache.ratis.thirdparty.io.grpc.StatusRuntimeException: UNAVAILABLE: io exception
2019-10-09 13:04:46,514 [grpc-default-executor-9] INFO  impl.FollowerInfo (FollowerInfo.java:lambda$new$0(51)) - 3eeab9a4-47d5-4980-9c6e-5102901e869a@group-75761DEE94FB->4f75c367-51e4-41c9-9287-4e8dd97f5c38: nextIndex: updateUnconditionally 0 -> 0
2019-10-09 13:04:46,696 [grpc-default-executor-4] WARN  server.GrpcLogAppender (LogUtils.java:warn(134)) - 3eeab9a4-47d5-4980-9c6e-5102901e869a@group-153C1C6005E2->f0cb1a3f-6ac7-4eb8-9514-6a797ff8471f-AppendLogResponseHandler: Failed appendEntries: org.apache.ratis.thirdparty.io.grpc.StatusRuntimeException: UNAVAILABLE: io exception
2019-10-09 13:04:46,697 [grpc-default-executor-4] INFO  impl.FollowerInfo (FollowerInfo.java:lambda$new$0(51)) - 3eeab9a4-47d5-4980-9c6e-5102901e869a@group-153C1C6005E2->f0cb1a3f-6ac7-4eb8-9514-6a797ff8471f: nextIndex: updateUnconditionally 0 -> 0
2019-10-09 13:04:46,701 [grpc-default-executor-7] WARN  server.GrpcLogAppender (LogUtils.java:warn(134)) - 3eeab9a4-47d5-4980-9c6e-5102901e869a@group-153C1C6005E2->4f75c367-51e4-41c9-9287-4e8dd97f5c38-AppendLogResponseHandler: Failed appendEntries: org.apache.ratis.thirdparty.io.grpc.StatusRuntimeException: UNAVAILABLE: io exception
2019-10-09 13:04:46,702 [grpc-default-executor-7] INFO  impl.FollowerInfo (FollowerInfo.java:lambda$new$0(51)) - 3eeab9a4-47d5-4980-9c6e-5102901e869a@group-153C1C6005E2->4f75c367-51e4-41c9-9287-4e8dd97f5c38: nextIndex: updateUnconditionally 0 -> 0
2019-10-09 13:04:47,339 [Thread-753] INFO  impl.FollowerState (FollowerState.java:run(106)) - 3eeab9a4-47d5-4980-9c6e-5102901e869a:group-A483B260BC72 changes to CANDIDATE, lastRpcTime:5015, electionTimeout:5015ms
2019-10-09 13:04:47,340 [Thread-753] INFO  impl.RoleInfo (RoleInfo.java:shutdownFollowerState(121)) - 3eeab9a4-47d5-4980-9c6e-5102901e869a: shutdown FollowerState
2019-10-09 13:04:47,340 [Thread-753] INFO  impl.RaftServerImpl (RaftServerImpl.java:setRole(174)) - 3eeab9a4-47d5-4980-9c6e-5102901e869a@group-A483B260BC72: changes role from  FOLLOWER to CANDIDATE at term 8 for changeToCandidate
2019-10-09 13:04:47,341 [Thread-753] INFO  impl.RoleInfo (RoleInfo.java:updateAndGet(143)) - 3eeab9a4-47d5-4980-9c6e-5102901e869a: start LeaderElection
2019-10-09 13:04:47,359 [3eeab9a4-47d5-4980-9c6e-5102901e869a@group-A483B260BC72:LeaderElection54] INFO  impl.LeaderElection (LeaderElection.java:askForVotes(182)) - 3eeab9a4-47d5-4980-9c6e-5102901e869a@group-A483B260BC72:LeaderElection54: begin an election at term 9 for 0: [4f75c367-51e4-41c9-9287-4e8dd97f5c38:192.168.5.175:40325, 3eeab9a4-47d5-4980-9c6e-5102901e869a:192.168.5.175:43254, f0cb1a3f-6ac7-4eb8-9514-6a797ff8471f:192.168.5.175:39769], old=null
2019-10-09 13:04:47,373 [3eeab9a4-47d5-4980-9c6e-5102901e869a@group-A483B260BC72:LeaderElection54] INFO  impl.LeaderElection (LogUtils.java:infoOrTrace(149)) - 3eeab9a4-47d5-4980-9c6e-5102901e869a@group-A483B260BC72:LeaderElection54 got exception when requesting votes: {}
java.util.concurrent.ExecutionException: org.apache.ratis.thirdparty.io.grpc.StatusRuntimeException: UNAVAILABLE: io exception
	at java.util.concurrent.FutureTask.report(FutureTask.java:122)
	at java.util.concurrent.FutureTask.get(FutureTask.java:192)
	at org.apache.ratis.server.impl.LeaderElection.waitForResults(LeaderElection.java:263)
	at org.apache.ratis.server.impl.LeaderElection.askForVotes(LeaderElection.java:201)
	at org.apache.ratis.server.impl.LeaderElection.run(LeaderElection.java:133)
	at java.lang.Thread.run(Thread.java:748)
Caused by: org.apache.ratis.thirdparty.io.grpc.StatusRuntimeException: UNAVAILABLE: io exception
	at org.apache.ratis.thirdparty.io.grpc.stub.ClientCalls.toStatusRuntimeException(ClientCalls.java:233)
	at org.apache.ratis.thirdparty.io.grpc.stub.ClientCalls.getUnchecked(ClientCalls.java:214)
	at org.apache.ratis.thirdparty.io.grpc.stub.ClientCalls.blockingUnaryCall(ClientCalls.java:139)
	at org.apache.ratis.proto.grpc.RaftServerProtocolServiceGrpc$RaftServerProtocolServiceBlockingStub.requestVote(RaftServerProtocolServiceGrpc.java:265)
	at org.apache.ratis.grpc.server.GrpcServerProtocolClient.requestVote(GrpcServerProtocolClient.java:90)
	at org.apache.ratis.grpc.server.GrpcService.requestVote(GrpcService.java:204)
	at org.apache.ratis.server.impl.LeaderElection.lambda$submitRequests$1(LeaderElection.java:238)
	at java.util.concurrent.FutureTask.run(FutureTask.java:266)
	at java.util.concurrent.Executors$RunnableAdapter.call(Executors.java:511)
	at java.util.concurrent.FutureTask.run(FutureTask.java:266)
	at java.util.concurrent.ThreadPoolExecutor.runWorker(ThreadPoolExecutor.java:1149)
	at java.util.concurrent.ThreadPoolExecutor$Worker.run(ThreadPoolExecutor.java:624)
	... 1 more
Caused by: org.apache.ratis.thirdparty.io.netty.channel.AbstractChannel$AnnotatedConnectException: Connection refused: /192.168.5.175:39769
	at sun.nio.ch.SocketChannelImpl.checkConnect(Native Method)
	at sun.nio.ch.SocketChannelImpl.finishConnect(SocketChannelImpl.java:717)
	at org.apache.ratis.thirdparty.io.netty.channel.socket.nio.NioSocketChannel.doFinishConnect(NioSocketChannel.java:327)
	at org.apache.ratis.thirdparty.io.netty.channel.nio.AbstractNioChannel$AbstractNioUnsafe.finishConnect(AbstractNioChannel.java:340)
	at org.apache.ratis.thirdparty.io.netty.channel.nio.NioEventLoop.processSelectedKey(NioEventLoop.java:632)
	at org.apache.ratis.thirdparty.io.netty.channel.nio.NioEventLoop.processSelectedKeysOptimized(NioEventLoop.java:579)
	at org.apache.ratis.thirdparty.io.netty.channel.nio.NioEventLoop.processSelectedKeys(NioEventLoop.java:496)
	at org.apache.ratis.thirdparty.io.netty.channel.nio.NioEventLoop.run(NioEventLoop.java:458)
	at org.apache.ratis.thirdparty.io.netty.util.concurrent.SingleThreadEventExecutor$5.run(SingleThreadEventExecutor.java:897)
	at org.apache.ratis.thirdparty.io.netty.util.concurrent.FastThreadLocalRunnable.run(FastThreadLocalRunnable.java:30)
	... 1 more
Caused by: java.net.ConnectException: Connection refused
	... 11 more
2019-10-09 13:04:47,373 [3eeab9a4-47d5-4980-9c6e-5102901e869a@group-A483B260BC72:LeaderElection54] INFO  impl.LeaderElection (LogUtils.java:infoOrTrace(149)) - 3eeab9a4-47d5-4980-9c6e-5102901e869a@group-A483B260BC72:LeaderElection54 got exception when requesting votes: {}
java.util.concurrent.ExecutionException: org.apache.ratis.thirdparty.io.grpc.StatusRuntimeException: UNAVAILABLE: io exception
	at java.util.concurrent.FutureTask.report(FutureTask.java:122)
	at java.util.concurrent.FutureTask.get(FutureTask.java:192)
	at org.apache.ratis.server.impl.LeaderElection.waitForResults(LeaderElection.java:263)
	at org.apache.ratis.server.impl.LeaderElection.askForVotes(LeaderElection.java:201)
	at org.apache.ratis.server.impl.LeaderElection.run(LeaderElection.java:133)
	at java.lang.Thread.run(Thread.java:748)
Caused by: org.apache.ratis.thirdparty.io.grpc.StatusRuntimeException: UNAVAILABLE: io exception
	at org.apache.ratis.thirdparty.io.grpc.stub.ClientCalls.toStatusRuntimeException(ClientCalls.java:233)
	at org.apache.ratis.thirdparty.io.grpc.stub.ClientCalls.getUnchecked(ClientCalls.java:214)
	at org.apache.ratis.thirdparty.io.grpc.stub.ClientCalls.blockingUnaryCall(ClientCalls.java:139)
	at org.apache.ratis.proto.grpc.RaftServerProtocolServiceGrpc$RaftServerProtocolServiceBlockingStub.requestVote(RaftServerProtocolServiceGrpc.java:265)
	at org.apache.ratis.grpc.server.GrpcServerProtocolClient.requestVote(GrpcServerProtocolClient.java:90)
	at org.apache.ratis.grpc.server.GrpcService.requestVote(GrpcService.java:204)
	at org.apache.ratis.server.impl.LeaderElection.lambda$submitRequests$1(LeaderElection.java:238)
	at java.util.concurrent.FutureTask.run(FutureTask.java:266)
	at java.util.concurrent.Executors$RunnableAdapter.call(Executors.java:511)
	at java.util.concurrent.FutureTask.run(FutureTask.java:266)
	at java.util.concurrent.ThreadPoolExecutor.runWorker(ThreadPoolExecutor.java:1149)
	at java.util.concurrent.ThreadPoolExecutor$Worker.run(ThreadPoolExecutor.java:624)
	... 1 more
Caused by: org.apache.ratis.thirdparty.io.netty.channel.AbstractChannel$AnnotatedConnectException: Connection refused: /192.168.5.175:40325
	at sun.nio.ch.SocketChannelImpl.checkConnect(Native Method)
	at sun.nio.ch.SocketChannelImpl.finishConnect(SocketChannelImpl.java:717)
	at org.apache.ratis.thirdparty.io.netty.channel.socket.nio.NioSocketChannel.doFinishConnect(NioSocketChannel.java:327)
	at org.apache.ratis.thirdparty.io.netty.channel.nio.AbstractNioChannel$AbstractNioUnsafe.finishConnect(AbstractNioChannel.java:340)
	at org.apache.ratis.thirdparty.io.netty.channel.nio.NioEventLoop.processSelectedKey(NioEventLoop.java:632)
	at org.apache.ratis.thirdparty.io.netty.channel.nio.NioEventLoop.processSelectedKeysOptimized(NioEventLoop.java:579)
	at org.apache.ratis.thirdparty.io.netty.channel.nio.NioEventLoop.processSelectedKeys(NioEventLoop.java:496)
	at org.apache.ratis.thirdparty.io.netty.channel.nio.NioEventLoop.run(NioEventLoop.java:458)
	at org.apache.ratis.thirdparty.io.netty.util.concurrent.SingleThreadEventExecutor$5.run(SingleThreadEventExecutor.java:897)
	at org.apache.ratis.thirdparty.io.netty.util.concurrent.FastThreadLocalRunnable.run(FastThreadLocalRunnable.java:30)
	... 1 more
Caused by: java.net.ConnectException: Connection refused
	... 11 more
2019-10-09 13:04:47,374 [3eeab9a4-47d5-4980-9c6e-5102901e869a@group-A483B260BC72:LeaderElection54] INFO  impl.LeaderElection (LeaderElection.java:logAndReturn(56)) - 3eeab9a4-47d5-4980-9c6e-5102901e869a@group-A483B260BC72:LeaderElection54: Election REJECTED; received 0 response(s) [] and 2 exception(s); 3eeab9a4-47d5-4980-9c6e-5102901e869a@group-A483B260BC72:t9, leader=null, voted=3eeab9a4-47d5-4980-9c6e-5102901e869a, raftlog=3eeab9a4-47d5-4980-9c6e-5102901e869a@group-A483B260BC72-SegmentedRaftLog:OPENED:c0,f0,i0, conf=0: [4f75c367-51e4-41c9-9287-4e8dd97f5c38:192.168.5.175:40325, 3eeab9a4-47d5-4980-9c6e-5102901e869a:192.168.5.175:43254, f0cb1a3f-6ac7-4eb8-9514-6a797ff8471f:192.168.5.175:39769], old=null
2019-10-09 13:04:47,375 [3eeab9a4-47d5-4980-9c6e-5102901e869a@group-A483B260BC72:LeaderElection54] INFO  impl.LeaderElection (LogUtils.java:infoOrTrace(149)) -   Exception 0: {}
java.util.concurrent.ExecutionException: org.apache.ratis.thirdparty.io.grpc.StatusRuntimeException: UNAVAILABLE: io exception
	at java.util.concurrent.FutureTask.report(FutureTask.java:122)
	at java.util.concurrent.FutureTask.get(FutureTask.java:192)
	at org.apache.ratis.server.impl.LeaderElection.waitForResults(LeaderElection.java:263)
	at org.apache.ratis.server.impl.LeaderElection.askForVotes(LeaderElection.java:201)
	at org.apache.ratis.server.impl.LeaderElection.run(LeaderElection.java:133)
	at java.lang.Thread.run(Thread.java:748)
Caused by: org.apache.ratis.thirdparty.io.grpc.StatusRuntimeException: UNAVAILABLE: io exception
	at org.apache.ratis.thirdparty.io.grpc.stub.ClientCalls.toStatusRuntimeException(ClientCalls.java:233)
	at org.apache.ratis.thirdparty.io.grpc.stub.ClientCalls.getUnchecked(ClientCalls.java:214)
	at org.apache.ratis.thirdparty.io.grpc.stub.ClientCalls.blockingUnaryCall(ClientCalls.java:139)
	at org.apache.ratis.proto.grpc.RaftServerProtocolServiceGrpc$RaftServerProtocolServiceBlockingStub.requestVote(RaftServerProtocolServiceGrpc.java:265)
	at org.apache.ratis.grpc.server.GrpcServerProtocolClient.requestVote(GrpcServerProtocolClient.java:90)
	at org.apache.ratis.grpc.server.GrpcService.requestVote(GrpcService.java:204)
	at org.apache.ratis.server.impl.LeaderElection.lambda$submitRequests$1(LeaderElection.java:238)
	at java.util.concurrent.FutureTask.run(FutureTask.java:266)
	at java.util.concurrent.Executors$RunnableAdapter.call(Executors.java:511)
	at java.util.concurrent.FutureTask.run(FutureTask.java:266)
	at java.util.concurrent.ThreadPoolExecutor.runWorker(ThreadPoolExecutor.java:1149)
	at java.util.concurrent.ThreadPoolExecutor$Worker.run(ThreadPoolExecutor.java:624)
	... 1 more
Caused by: org.apache.ratis.thirdparty.io.netty.channel.AbstractChannel$AnnotatedConnectException: Connection refused: /192.168.5.175:39769
	at sun.nio.ch.SocketChannelImpl.checkConnect(Native Method)
	at sun.nio.ch.SocketChannelImpl.finishConnect(SocketChannelImpl.java:717)
	at org.apache.ratis.thirdparty.io.netty.channel.socket.nio.NioSocketChannel.doFinishConnect(NioSocketChannel.java:327)
	at org.apache.ratis.thirdparty.io.netty.channel.nio.AbstractNioChannel$AbstractNioUnsafe.finishConnect(AbstractNioChannel.java:340)
	at org.apache.ratis.thirdparty.io.netty.channel.nio.NioEventLoop.processSelectedKey(NioEventLoop.java:632)
	at org.apache.ratis.thirdparty.io.netty.channel.nio.NioEventLoop.processSelectedKeysOptimized(NioEventLoop.java:579)
	at org.apache.ratis.thirdparty.io.netty.channel.nio.NioEventLoop.processSelectedKeys(NioEventLoop.java:496)
	at org.apache.ratis.thirdparty.io.netty.channel.nio.NioEventLoop.run(NioEventLoop.java:458)
	at org.apache.ratis.thirdparty.io.netty.util.concurrent.SingleThreadEventExecutor$5.run(SingleThreadEventExecutor.java:897)
	at org.apache.ratis.thirdparty.io.netty.util.concurrent.FastThreadLocalRunnable.run(FastThreadLocalRunnable.java:30)
	... 1 more
Caused by: java.net.ConnectException: Connection refused
	... 11 more
2019-10-09 13:04:47,375 [3eeab9a4-47d5-4980-9c6e-5102901e869a@group-A483B260BC72:LeaderElection54] INFO  impl.LeaderElection (LogUtils.java:infoOrTrace(149)) -   Exception 1: {}
java.util.concurrent.ExecutionException: org.apache.ratis.thirdparty.io.grpc.StatusRuntimeException: UNAVAILABLE: io exception
	at java.util.concurrent.FutureTask.report(FutureTask.java:122)
	at java.util.concurrent.FutureTask.get(FutureTask.java:192)
	at org.apache.ratis.server.impl.LeaderElection.waitForResults(LeaderElection.java:263)
	at org.apache.ratis.server.impl.LeaderElection.askForVotes(LeaderElection.java:201)
	at org.apache.ratis.server.impl.LeaderElection.run(LeaderElection.java:133)
	at java.lang.Thread.run(Thread.java:748)
Caused by: org.apache.ratis.thirdparty.io.grpc.StatusRuntimeException: UNAVAILABLE: io exception
	at org.apache.ratis.thirdparty.io.grpc.stub.ClientCalls.toStatusRuntimeException(ClientCalls.java:233)
	at org.apache.ratis.thirdparty.io.grpc.stub.ClientCalls.getUnchecked(ClientCalls.java:214)
	at org.apache.ratis.thirdparty.io.grpc.stub.ClientCalls.blockingUnaryCall(ClientCalls.java:139)
	at org.apache.ratis.proto.grpc.RaftServerProtocolServiceGrpc$RaftServerProtocolServiceBlockingStub.requestVote(RaftServerProtocolServiceGrpc.java:265)
	at org.apache.ratis.grpc.server.GrpcServerProtocolClient.requestVote(GrpcServerProtocolClient.java:90)
	at org.apache.ratis.grpc.server.GrpcService.requestVote(GrpcService.java:204)
	at org.apache.ratis.server.impl.LeaderElection.lambda$submitRequests$1(LeaderElection.java:238)
	at java.util.concurrent.FutureTask.run(FutureTask.java:266)
	at java.util.concurrent.Executors$RunnableAdapter.call(Executors.java:511)
	at java.util.concurrent.FutureTask.run(FutureTask.java:266)
	at java.util.concurrent.ThreadPoolExecutor.runWorker(ThreadPoolExecutor.java:1149)
	at java.util.concurrent.ThreadPoolExecutor$Worker.run(ThreadPoolExecutor.java:624)
	... 1 more
Caused by: org.apache.ratis.thirdparty.io.netty.channel.AbstractChannel$AnnotatedConnectException: Connection refused: /192.168.5.175:40325
	at sun.nio.ch.SocketChannelImpl.checkConnect(Native Method)
	at sun.nio.ch.SocketChannelImpl.finishConnect(SocketChannelImpl.java:717)
	at org.apache.ratis.thirdparty.io.netty.channel.socket.nio.NioSocketChannel.doFinishConnect(NioSocketChannel.java:327)
	at org.apache.ratis.thirdparty.io.netty.channel.nio.AbstractNioChannel$AbstractNioUnsafe.finishConnect(AbstractNioChannel.java:340)
	at org.apache.ratis.thirdparty.io.netty.channel.nio.NioEventLoop.processSelectedKey(NioEventLoop.java:632)
	at org.apache.ratis.thirdparty.io.netty.channel.nio.NioEventLoop.processSelectedKeysOptimized(NioEventLoop.java:579)
	at org.apache.ratis.thirdparty.io.netty.channel.nio.NioEventLoop.processSelectedKeys(NioEventLoop.java:496)
	at org.apache.ratis.thirdparty.io.netty.channel.nio.NioEventLoop.run(NioEventLoop.java:458)
	at org.apache.ratis.thirdparty.io.netty.util.concurrent.SingleThreadEventExecutor$5.run(SingleThreadEventExecutor.java:897)
	at org.apache.ratis.thirdparty.io.netty.util.concurrent.FastThreadLocalRunnable.run(FastThreadLocalRunnable.java:30)
	... 1 more
Caused by: java.net.ConnectException: Connection refused
	... 11 more
2019-10-09 13:04:47,384 [3eeab9a4-47d5-4980-9c6e-5102901e869a@group-A483B260BC72:LeaderElection54] INFO  impl.RaftServerImpl (RaftServerImpl.java:setRole(174)) - 3eeab9a4-47d5-4980-9c6e-5102901e869a@group-A483B260BC72: changes role from CANDIDATE to FOLLOWER at term 9 for DISCOVERED_A_NEW_TERM
2019-10-09 13:04:47,384 [3eeab9a4-47d5-4980-9c6e-5102901e869a@group-A483B260BC72:LeaderElection54] INFO  impl.RoleInfo (RoleInfo.java:shutdownLeaderElection(134)) - 3eeab9a4-47d5-4980-9c6e-5102901e869a: shutdown LeaderElection
2019-10-09 13:04:47,385 [3eeab9a4-47d5-4980-9c6e-5102901e869a@group-A483B260BC72:LeaderElection54] INFO  impl.RoleInfo (RoleInfo.java:updateAndGet(143)) - 3eeab9a4-47d5-4980-9c6e-5102901e869a: start FollowerState
2019-10-09 13:04:47,451 [Thread-749] INFO  impl.FollowerState (FollowerState.java:run(106)) - 3eeab9a4-47d5-4980-9c6e-5102901e869a:group-6247FF3E413E changes to CANDIDATE, lastRpcTime:5168, electionTimeout:5168ms
2019-10-09 13:04:47,454 [Thread-749] INFO  impl.RoleInfo (RoleInfo.java:shutdownFollowerState(121)) - 3eeab9a4-47d5-4980-9c6e-5102901e869a: shutdown FollowerState
2019-10-09 13:04:47,455 [Thread-749] INFO  impl.RaftServerImpl (RaftServerImpl.java:setRole(174)) - 3eeab9a4-47d5-4980-9c6e-5102901e869a@group-6247FF3E413E: changes role from  FOLLOWER to CANDIDATE at term 8 for changeToCandidate
2019-10-09 13:04:47,455 [Thread-749] INFO  impl.RoleInfo (RoleInfo.java:updateAndGet(143)) - 3eeab9a4-47d5-4980-9c6e-5102901e869a: start LeaderElection
2019-10-09 13:04:47,471 [3eeab9a4-47d5-4980-9c6e-5102901e869a@group-6247FF3E413E:LeaderElection55] INFO  impl.LeaderElection (LeaderElection.java:askForVotes(182)) - 3eeab9a4-47d5-4980-9c6e-5102901e869a@group-6247FF3E413E:LeaderElection55: begin an election at term 9 for 0: [4f75c367-51e4-41c9-9287-4e8dd97f5c38:192.168.5.175:40325, 3eeab9a4-47d5-4980-9c6e-5102901e869a:192.168.5.175:43254, f0cb1a3f-6ac7-4eb8-9514-6a797ff8471f:192.168.5.175:39769], old=null
2019-10-09 13:04:47,472 [3eeab9a4-47d5-4980-9c6e-5102901e869a@group-6247FF3E413E:LeaderElection55] INFO  impl.LeaderElection (LogUtils.java:infoOrTrace(149)) - 3eeab9a4-47d5-4980-9c6e-5102901e869a@group-6247FF3E413E:LeaderElection55 got exception when requesting votes: {}
java.util.concurrent.ExecutionException: org.apache.ratis.thirdparty.io.grpc.StatusRuntimeException: UNAVAILABLE: io exception
	at java.util.concurrent.FutureTask.report(FutureTask.java:122)
	at java.util.concurrent.FutureTask.get(FutureTask.java:192)
	at org.apache.ratis.server.impl.LeaderElection.waitForResults(LeaderElection.java:263)
	at org.apache.ratis.server.impl.LeaderElection.askForVotes(LeaderElection.java:201)
	at org.apache.ratis.server.impl.LeaderElection.run(LeaderElection.java:133)
	at java.lang.Thread.run(Thread.java:748)
Caused by: org.apache.ratis.thirdparty.io.grpc.StatusRuntimeException: UNAVAILABLE: io exception
	at org.apache.ratis.thirdparty.io.grpc.stub.ClientCalls.toStatusRuntimeException(ClientCalls.java:233)
	at org.apache.ratis.thirdparty.io.grpc.stub.ClientCalls.getUnchecked(ClientCalls.java:214)
	at org.apache.ratis.thirdparty.io.grpc.stub.ClientCalls.blockingUnaryCall(ClientCalls.java:139)
	at org.apache.ratis.proto.grpc.RaftServerProtocolServiceGrpc$RaftServerProtocolServiceBlockingStub.requestVote(RaftServerProtocolServiceGrpc.java:265)
	at org.apache.ratis.grpc.server.GrpcServerProtocolClient.requestVote(GrpcServerProtocolClient.java:90)
	at org.apache.ratis.grpc.server.GrpcService.requestVote(GrpcService.java:204)
	at org.apache.ratis.server.impl.LeaderElection.lambda$submitRequests$1(LeaderElection.java:238)
	at java.util.concurrent.FutureTask.run(FutureTask.java:266)
	at java.util.concurrent.Executors$RunnableAdapter.call(Executors.java:511)
	at java.util.concurrent.FutureTask.run(FutureTask.java:266)
	at java.util.concurrent.ThreadPoolExecutor.runWorker(ThreadPoolExecutor.java:1149)
	at java.util.concurrent.ThreadPoolExecutor$Worker.run(ThreadPoolExecutor.java:624)
	... 1 more
Caused by: org.apache.ratis.thirdparty.io.netty.channel.AbstractChannel$AnnotatedConnectException: Connection refused: /192.168.5.175:40325
	at sun.nio.ch.SocketChannelImpl.checkConnect(Native Method)
	at sun.nio.ch.SocketChannelImpl.finishConnect(SocketChannelImpl.java:717)
	at org.apache.ratis.thirdparty.io.netty.channel.socket.nio.NioSocketChannel.doFinishConnect(NioSocketChannel.java:327)
	at org.apache.ratis.thirdparty.io.netty.channel.nio.AbstractNioChannel$AbstractNioUnsafe.finishConnect(AbstractNioChannel.java:340)
	at org.apache.ratis.thirdparty.io.netty.channel.nio.NioEventLoop.processSelectedKey(NioEventLoop.java:632)
	at org.apache.ratis.thirdparty.io.netty.channel.nio.NioEventLoop.processSelectedKeysOptimized(NioEventLoop.java:579)
	at org.apache.ratis.thirdparty.io.netty.channel.nio.NioEventLoop.processSelectedKeys(NioEventLoop.java:496)
	at org.apache.ratis.thirdparty.io.netty.channel.nio.NioEventLoop.run(NioEventLoop.java:458)
	at org.apache.ratis.thirdparty.io.netty.util.concurrent.SingleThreadEventExecutor$5.run(SingleThreadEventExecutor.java:897)
	at org.apache.ratis.thirdparty.io.netty.util.concurrent.FastThreadLocalRunnable.run(FastThreadLocalRunnable.java:30)
	... 1 more
Caused by: java.net.ConnectException: Connection refused
	... 11 more
2019-10-09 13:04:47,472 [3eeab9a4-47d5-4980-9c6e-5102901e869a@group-6247FF3E413E:LeaderElection55] INFO  impl.LeaderElection (LogUtils.java:infoOrTrace(149)) - 3eeab9a4-47d5-4980-9c6e-5102901e869a@group-6247FF3E413E:LeaderElection55 got exception when requesting votes: {}
java.util.concurrent.ExecutionException: org.apache.ratis.thirdparty.io.grpc.StatusRuntimeException: UNAVAILABLE: io exception
	at java.util.concurrent.FutureTask.report(FutureTask.java:122)
	at java.util.concurrent.FutureTask.get(FutureTask.java:192)
	at org.apache.ratis.server.impl.LeaderElection.waitForResults(LeaderElection.java:263)
	at org.apache.ratis.server.impl.LeaderElection.askForVotes(LeaderElection.java:201)
	at org.apache.ratis.server.impl.LeaderElection.run(LeaderElection.java:133)
	at java.lang.Thread.run(Thread.java:748)
Caused by: org.apache.ratis.thirdparty.io.grpc.StatusRuntimeException: UNAVAILABLE: io exception
	at org.apache.ratis.thirdparty.io.grpc.stub.ClientCalls.toStatusRuntimeException(ClientCalls.java:233)
	at org.apache.ratis.thirdparty.io.grpc.stub.ClientCalls.getUnchecked(ClientCalls.java:214)
	at org.apache.ratis.thirdparty.io.grpc.stub.ClientCalls.blockingUnaryCall(ClientCalls.java:139)
	at org.apache.ratis.proto.grpc.RaftServerProtocolServiceGrpc$RaftServerProtocolServiceBlockingStub.requestVote(RaftServerProtocolServiceGrpc.java:265)
	at org.apache.ratis.grpc.server.GrpcServerProtocolClient.requestVote(GrpcServerProtocolClient.java:90)
	at org.apache.ratis.grpc.server.GrpcService.requestVote(GrpcService.java:204)
	at org.apache.ratis.server.impl.LeaderElection.lambda$submitRequests$1(LeaderElection.java:238)
	at java.util.concurrent.FutureTask.run(FutureTask.java:266)
	at java.util.concurrent.Executors$RunnableAdapter.call(Executors.java:511)
	at java.util.concurrent.FutureTask.run(FutureTask.java:266)
	at java.util.concurrent.ThreadPoolExecutor.runWorker(ThreadPoolExecutor.java:1149)
	at java.util.concurrent.ThreadPoolExecutor$Worker.run(ThreadPoolExecutor.java:624)
	... 1 more
Caused by: org.apache.ratis.thirdparty.io.netty.channel.AbstractChannel$AnnotatedConnectException: Connection refused: /192.168.5.175:39769
	at sun.nio.ch.SocketChannelImpl.checkConnect(Native Method)
	at sun.nio.ch.SocketChannelImpl.finishConnect(SocketChannelImpl.java:717)
	at org.apache.ratis.thirdparty.io.netty.channel.socket.nio.NioSocketChannel.doFinishConnect(NioSocketChannel.java:327)
	at org.apache.ratis.thirdparty.io.netty.channel.nio.AbstractNioChannel$AbstractNioUnsafe.finishConnect(AbstractNioChannel.java:340)
	at org.apache.ratis.thirdparty.io.netty.channel.nio.NioEventLoop.processSelectedKey(NioEventLoop.java:632)
	at org.apache.ratis.thirdparty.io.netty.channel.nio.NioEventLoop.processSelectedKeysOptimized(NioEventLoop.java:579)
	at org.apache.ratis.thirdparty.io.netty.channel.nio.NioEventLoop.processSelectedKeys(NioEventLoop.java:496)
	at org.apache.ratis.thirdparty.io.netty.channel.nio.NioEventLoop.run(NioEventLoop.java:458)
	at org.apache.ratis.thirdparty.io.netty.util.concurrent.SingleThreadEventExecutor$5.run(SingleThreadEventExecutor.java:897)
	at org.apache.ratis.thirdparty.io.netty.util.concurrent.FastThreadLocalRunnable.run(FastThreadLocalRunnable.java:30)
	... 1 more
Caused by: java.net.ConnectException: Connection refused
	... 11 more
2019-10-09 13:04:47,473 [3eeab9a4-47d5-4980-9c6e-5102901e869a@group-6247FF3E413E:LeaderElection55] INFO  impl.LeaderElection (LeaderElection.java:logAndReturn(56)) - 3eeab9a4-47d5-4980-9c6e-5102901e869a@group-6247FF3E413E:LeaderElection55: Election REJECTED; received 0 response(s) [] and 2 exception(s); 3eeab9a4-47d5-4980-9c6e-5102901e869a@group-6247FF3E413E:t9, leader=null, voted=3eeab9a4-47d5-4980-9c6e-5102901e869a, raftlog=3eeab9a4-47d5-4980-9c6e-5102901e869a@group-6247FF3E413E-SegmentedRaftLog:OPENED:c0,f0,i0, conf=0: [4f75c367-51e4-41c9-9287-4e8dd97f5c38:192.168.5.175:40325, 3eeab9a4-47d5-4980-9c6e-5102901e869a:192.168.5.175:43254, f0cb1a3f-6ac7-4eb8-9514-6a797ff8471f:192.168.5.175:39769], old=null
2019-10-09 13:04:47,473 [3eeab9a4-47d5-4980-9c6e-5102901e869a@group-6247FF3E413E:LeaderElection55] INFO  impl.LeaderElection (LogUtils.java:infoOrTrace(149)) -   Exception 0: {}
java.util.concurrent.ExecutionException: org.apache.ratis.thirdparty.io.grpc.StatusRuntimeException: UNAVAILABLE: io exception
	at java.util.concurrent.FutureTask.report(FutureTask.java:122)
	at java.util.concurrent.FutureTask.get(FutureTask.java:192)
	at org.apache.ratis.server.impl.LeaderElection.waitForResults(LeaderElection.java:263)
	at org.apache.ratis.server.impl.LeaderElection.askForVotes(LeaderElection.java:201)
	at org.apache.ratis.server.impl.LeaderElection.run(LeaderElection.java:133)
	at java.lang.Thread.run(Thread.java:748)
Caused by: org.apache.ratis.thirdparty.io.grpc.StatusRuntimeException: UNAVAILABLE: io exception
	at org.apache.ratis.thirdparty.io.grpc.stub.ClientCalls.toStatusRuntimeException(ClientCalls.java:233)
	at org.apache.ratis.thirdparty.io.grpc.stub.ClientCalls.getUnchecked(ClientCalls.java:214)
	at org.apache.ratis.thirdparty.io.grpc.stub.ClientCalls.blockingUnaryCall(ClientCalls.java:139)
	at org.apache.ratis.proto.grpc.RaftServerProtocolServiceGrpc$RaftServerProtocolServiceBlockingStub.requestVote(RaftServerProtocolServiceGrpc.java:265)
	at org.apache.ratis.grpc.server.GrpcServerProtocolClient.requestVote(GrpcServerProtocolClient.java:90)
	at org.apache.ratis.grpc.server.GrpcService.requestVote(GrpcService.java:204)
	at org.apache.ratis.server.impl.LeaderElection.lambda$submitRequests$1(LeaderElection.java:238)
	at java.util.concurrent.FutureTask.run(FutureTask.java:266)
	at java.util.concurrent.Executors$RunnableAdapter.call(Executors.java:511)
	at java.util.concurrent.FutureTask.run(FutureTask.java:266)
	at java.util.concurrent.ThreadPoolExecutor.runWorker(ThreadPoolExecutor.java:1149)
	at java.util.concurrent.ThreadPoolExecutor$Worker.run(ThreadPoolExecutor.java:624)
	... 1 more
Caused by: org.apache.ratis.thirdparty.io.netty.channel.AbstractChannel$AnnotatedConnectException: Connection refused: /192.168.5.175:40325
	at sun.nio.ch.SocketChannelImpl.checkConnect(Native Method)
	at sun.nio.ch.SocketChannelImpl.finishConnect(SocketChannelImpl.java:717)
	at org.apache.ratis.thirdparty.io.netty.channel.socket.nio.NioSocketChannel.doFinishConnect(NioSocketChannel.java:327)
	at org.apache.ratis.thirdparty.io.netty.channel.nio.AbstractNioChannel$AbstractNioUnsafe.finishConnect(AbstractNioChannel.java:340)
	at org.apache.ratis.thirdparty.io.netty.channel.nio.NioEventLoop.processSelectedKey(NioEventLoop.java:632)
	at org.apache.ratis.thirdparty.io.netty.channel.nio.NioEventLoop.processSelectedKeysOptimized(NioEventLoop.java:579)
	at org.apache.ratis.thirdparty.io.netty.channel.nio.NioEventLoop.processSelectedKeys(NioEventLoop.java:496)
	at org.apache.ratis.thirdparty.io.netty.channel.nio.NioEventLoop.run(NioEventLoop.java:458)
	at org.apache.ratis.thirdparty.io.netty.util.concurrent.SingleThreadEventExecutor$5.run(SingleThreadEventExecutor.java:897)
	at org.apache.ratis.thirdparty.io.netty.util.concurrent.FastThreadLocalRunnable.run(FastThreadLocalRunnable.java:30)
	... 1 more
Caused by: java.net.ConnectException: Connection refused
	... 11 more
2019-10-09 13:04:47,474 [3eeab9a4-47d5-4980-9c6e-5102901e869a@group-6247FF3E413E:LeaderElection55] INFO  impl.LeaderElection (LogUtils.java:infoOrTrace(149)) -   Exception 1: {}
java.util.concurrent.ExecutionException: org.apache.ratis.thirdparty.io.grpc.StatusRuntimeException: UNAVAILABLE: io exception
	at java.util.concurrent.FutureTask.report(FutureTask.java:122)
	at java.util.concurrent.FutureTask.get(FutureTask.java:192)
	at org.apache.ratis.server.impl.LeaderElection.waitForResults(LeaderElection.java:263)
	at org.apache.ratis.server.impl.LeaderElection.askForVotes(LeaderElection.java:201)
	at org.apache.ratis.server.impl.LeaderElection.run(LeaderElection.java:133)
	at java.lang.Thread.run(Thread.java:748)
Caused by: org.apache.ratis.thirdparty.io.grpc.StatusRuntimeException: UNAVAILABLE: io exception
	at org.apache.ratis.thirdparty.io.grpc.stub.ClientCalls.toStatusRuntimeException(ClientCalls.java:233)
	at org.apache.ratis.thirdparty.io.grpc.stub.ClientCalls.getUnchecked(ClientCalls.java:214)
	at org.apache.ratis.thirdparty.io.grpc.stub.ClientCalls.blockingUnaryCall(ClientCalls.java:139)
	at org.apache.ratis.proto.grpc.RaftServerProtocolServiceGrpc$RaftServerProtocolServiceBlockingStub.requestVote(RaftServerProtocolServiceGrpc.java:265)
	at org.apache.ratis.grpc.server.GrpcServerProtocolClient.requestVote(GrpcServerProtocolClient.java:90)
	at org.apache.ratis.grpc.server.GrpcService.requestVote(GrpcService.java:204)
	at org.apache.ratis.server.impl.LeaderElection.lambda$submitRequests$1(LeaderElection.java:238)
	at java.util.concurrent.FutureTask.run(FutureTask.java:266)
	at java.util.concurrent.Executors$RunnableAdapter.call(Executors.java:511)
	at java.util.concurrent.FutureTask.run(FutureTask.java:266)
	at java.util.concurrent.ThreadPoolExecutor.runWorker(ThreadPoolExecutor.java:1149)
	at java.util.concurrent.ThreadPoolExecutor$Worker.run(ThreadPoolExecutor.java:624)
	... 1 more
Caused by: org.apache.ratis.thirdparty.io.netty.channel.AbstractChannel$AnnotatedConnectException: Connection refused: /192.168.5.175:39769
	at sun.nio.ch.SocketChannelImpl.checkConnect(Native Method)
	at sun.nio.ch.SocketChannelImpl.finishConnect(SocketChannelImpl.java:717)
	at org.apache.ratis.thirdparty.io.netty.channel.socket.nio.NioSocketChannel.doFinishConnect(NioSocketChannel.java:327)
	at org.apache.ratis.thirdparty.io.netty.channel.nio.AbstractNioChannel$AbstractNioUnsafe.finishConnect(AbstractNioChannel.java:340)
	at org.apache.ratis.thirdparty.io.netty.channel.nio.NioEventLoop.processSelectedKey(NioEventLoop.java:632)
	at org.apache.ratis.thirdparty.io.netty.channel.nio.NioEventLoop.processSelectedKeysOptimized(NioEventLoop.java:579)
	at org.apache.ratis.thirdparty.io.netty.channel.nio.NioEventLoop.processSelectedKeys(NioEventLoop.java:496)
	at org.apache.ratis.thirdparty.io.netty.channel.nio.NioEventLoop.run(NioEventLoop.java:458)
	at org.apache.ratis.thirdparty.io.netty.util.concurrent.SingleThreadEventExecutor$5.run(SingleThreadEventExecutor.java:897)
	at org.apache.ratis.thirdparty.io.netty.util.concurrent.FastThreadLocalRunnable.run(FastThreadLocalRunnable.java:30)
	... 1 more
Caused by: java.net.ConnectException: Connection refused
	... 11 more
2019-10-09 13:04:47,474 [3eeab9a4-47d5-4980-9c6e-5102901e869a@group-6247FF3E413E:LeaderElection55] INFO  impl.RaftServerImpl (RaftServerImpl.java:setRole(174)) - 3eeab9a4-47d5-4980-9c6e-5102901e869a@group-6247FF3E413E: changes role from CANDIDATE to FOLLOWER at term 9 for DISCOVERED_A_NEW_TERM
2019-10-09 13:04:47,475 [3eeab9a4-47d5-4980-9c6e-5102901e869a@group-6247FF3E413E:LeaderElection55] INFO  impl.RoleInfo (RoleInfo.java:shutdownLeaderElection(134)) - 3eeab9a4-47d5-4980-9c6e-5102901e869a: shutdown LeaderElection
2019-10-09 13:04:47,475 [3eeab9a4-47d5-4980-9c6e-5102901e869a@group-6247FF3E413E:LeaderElection55] INFO  impl.RoleInfo (RoleInfo.java:updateAndGet(143)) - 3eeab9a4-47d5-4980-9c6e-5102901e869a: start FollowerState
2019-10-09 13:04:47,815 [Thread-767] INFO  impl.FollowerState (FollowerState.java:run(106)) - 3eeab9a4-47d5-4980-9c6e-5102901e869a:group-F4DE2F4D7E72 changes to CANDIDATE, lastRpcTime:5092, electionTimeout:5092ms
2019-10-09 13:04:47,818 [Thread-767] INFO  impl.RoleInfo (RoleInfo.java:shutdownFollowerState(121)) - 3eeab9a4-47d5-4980-9c6e-5102901e869a: shutdown FollowerState
2019-10-09 13:04:47,818 [Thread-767] INFO  impl.RaftServerImpl (RaftServerImpl.java:setRole(174)) - 3eeab9a4-47d5-4980-9c6e-5102901e869a@group-F4DE2F4D7E72: changes role from  FOLLOWER to CANDIDATE at term 8 for changeToCandidate
2019-10-09 13:04:47,818 [Thread-767] INFO  impl.RoleInfo (RoleInfo.java:updateAndGet(143)) - 3eeab9a4-47d5-4980-9c6e-5102901e869a: start LeaderElection
2019-10-09 13:04:47,834 [3eeab9a4-47d5-4980-9c6e-5102901e869a@group-F4DE2F4D7E72:LeaderElection56] INFO  impl.LeaderElection (LeaderElection.java:askForVotes(182)) - 3eeab9a4-47d5-4980-9c6e-5102901e869a@group-F4DE2F4D7E72:LeaderElection56: begin an election at term 9 for 0: [4f75c367-51e4-41c9-9287-4e8dd97f5c38:192.168.5.175:40325, 3eeab9a4-47d5-4980-9c6e-5102901e869a:192.168.5.175:43254, f0cb1a3f-6ac7-4eb8-9514-6a797ff8471f:192.168.5.175:39769], old=null
2019-10-09 13:04:47,835 [3eeab9a4-47d5-4980-9c6e-5102901e869a@group-F4DE2F4D7E72:LeaderElection56] INFO  impl.LeaderElection (LogUtils.java:infoOrTrace(149)) - 3eeab9a4-47d5-4980-9c6e-5102901e869a@group-F4DE2F4D7E72:LeaderElection56 got exception when requesting votes: {}
java.util.concurrent.ExecutionException: org.apache.ratis.thirdparty.io.grpc.StatusRuntimeException: UNAVAILABLE: io exception
	at java.util.concurrent.FutureTask.report(FutureTask.java:122)
	at java.util.concurrent.FutureTask.get(FutureTask.java:192)
	at org.apache.ratis.server.impl.LeaderElection.waitForResults(LeaderElection.java:263)
	at org.apache.ratis.server.impl.LeaderElection.askForVotes(LeaderElection.java:201)
	at org.apache.ratis.server.impl.LeaderElection.run(LeaderElection.java:133)
	at java.lang.Thread.run(Thread.java:748)
Caused by: org.apache.ratis.thirdparty.io.grpc.StatusRuntimeException: UNAVAILABLE: io exception
	at org.apache.ratis.thirdparty.io.grpc.stub.ClientCalls.toStatusRuntimeException(ClientCalls.java:233)
	at org.apache.ratis.thirdparty.io.grpc.stub.ClientCalls.getUnchecked(ClientCalls.java:214)
	at org.apache.ratis.thirdparty.io.grpc.stub.ClientCalls.blockingUnaryCall(ClientCalls.java:139)
	at org.apache.ratis.proto.grpc.RaftServerProtocolServiceGrpc$RaftServerProtocolServiceBlockingStub.requestVote(RaftServerProtocolServiceGrpc.java:265)
	at org.apache.ratis.grpc.server.GrpcServerProtocolClient.requestVote(GrpcServerProtocolClient.java:90)
	at org.apache.ratis.grpc.server.GrpcService.requestVote(GrpcService.java:204)
	at org.apache.ratis.server.impl.LeaderElection.lambda$submitRequests$1(LeaderElection.java:238)
	at java.util.concurrent.FutureTask.run(FutureTask.java:266)
	at java.util.concurrent.Executors$RunnableAdapter.call(Executors.java:511)
	at java.util.concurrent.FutureTask.run(FutureTask.java:266)
	at java.util.concurrent.ThreadPoolExecutor.runWorker(ThreadPoolExecutor.java:1149)
	at java.util.concurrent.ThreadPoolExecutor$Worker.run(ThreadPoolExecutor.java:624)
	... 1 more
Caused by: org.apache.ratis.thirdparty.io.netty.channel.AbstractChannel$AnnotatedConnectException: Connection refused: /192.168.5.175:40325
	at sun.nio.ch.SocketChannelImpl.checkConnect(Native Method)
	at sun.nio.ch.SocketChannelImpl.finishConnect(SocketChannelImpl.java:717)
	at org.apache.ratis.thirdparty.io.netty.channel.socket.nio.NioSocketChannel.doFinishConnect(NioSocketChannel.java:327)
	at org.apache.ratis.thirdparty.io.netty.channel.nio.AbstractNioChannel$AbstractNioUnsafe.finishConnect(AbstractNioChannel.java:340)
	at org.apache.ratis.thirdparty.io.netty.channel.nio.NioEventLoop.processSelectedKey(NioEventLoop.java:632)
	at org.apache.ratis.thirdparty.io.netty.channel.nio.NioEventLoop.processSelectedKeysOptimized(NioEventLoop.java:579)
	at org.apache.ratis.thirdparty.io.netty.channel.nio.NioEventLoop.processSelectedKeys(NioEventLoop.java:496)
	at org.apache.ratis.thirdparty.io.netty.channel.nio.NioEventLoop.run(NioEventLoop.java:458)
	at org.apache.ratis.thirdparty.io.netty.util.concurrent.SingleThreadEventExecutor$5.run(SingleThreadEventExecutor.java:897)
	at org.apache.ratis.thirdparty.io.netty.util.concurrent.FastThreadLocalRunnable.run(FastThreadLocalRunnable.java:30)
	... 1 more
Caused by: java.net.ConnectException: Connection refused
	... 11 more
2019-10-09 13:04:47,836 [3eeab9a4-47d5-4980-9c6e-5102901e869a@group-F4DE2F4D7E72:LeaderElection56] INFO  impl.LeaderElection (LogUtils.java:infoOrTrace(149)) - 3eeab9a4-47d5-4980-9c6e-5102901e869a@group-F4DE2F4D7E72:LeaderElection56 got exception when requesting votes: {}
java.util.concurrent.ExecutionException: org.apache.ratis.thirdparty.io.grpc.StatusRuntimeException: UNAVAILABLE: io exception
	at java.util.concurrent.FutureTask.report(FutureTask.java:122)
	at java.util.concurrent.FutureTask.get(FutureTask.java:192)
	at org.apache.ratis.server.impl.LeaderElection.waitForResults(LeaderElection.java:263)
	at org.apache.ratis.server.impl.LeaderElection.askForVotes(LeaderElection.java:201)
	at org.apache.ratis.server.impl.LeaderElection.run(LeaderElection.java:133)
	at java.lang.Thread.run(Thread.java:748)
Caused by: org.apache.ratis.thirdparty.io.grpc.StatusRuntimeException: UNAVAILABLE: io exception
	at org.apache.ratis.thirdparty.io.grpc.stub.ClientCalls.toStatusRuntimeException(ClientCalls.java:233)
	at org.apache.ratis.thirdparty.io.grpc.stub.ClientCalls.getUnchecked(ClientCalls.java:214)
	at org.apache.ratis.thirdparty.io.grpc.stub.ClientCalls.blockingUnaryCall(ClientCalls.java:139)
	at org.apache.ratis.proto.grpc.RaftServerProtocolServiceGrpc$RaftServerProtocolServiceBlockingStub.requestVote(RaftServerProtocolServiceGrpc.java:265)
	at org.apache.ratis.grpc.server.GrpcServerProtocolClient.requestVote(GrpcServerProtocolClient.java:90)
	at org.apache.ratis.grpc.server.GrpcService.requestVote(GrpcService.java:204)
	at org.apache.ratis.server.impl.LeaderElection.lambda$submitRequests$1(LeaderElection.java:238)
	at java.util.concurrent.FutureTask.run(FutureTask.java:266)
	at java.util.concurrent.Executors$RunnableAdapter.call(Executors.java:511)
	at java.util.concurrent.FutureTask.run(FutureTask.java:266)
	at java.util.concurrent.ThreadPoolExecutor.runWorker(ThreadPoolExecutor.java:1149)
	at java.util.concurrent.ThreadPoolExecutor$Worker.run(ThreadPoolExecutor.java:624)
	... 1 more
Caused by: org.apache.ratis.thirdparty.io.netty.channel.AbstractChannel$AnnotatedConnectException: Connection refused: /192.168.5.175:39769
	at sun.nio.ch.SocketChannelImpl.checkConnect(Native Method)
	at sun.nio.ch.SocketChannelImpl.finishConnect(SocketChannelImpl.java:717)
	at org.apache.ratis.thirdparty.io.netty.channel.socket.nio.NioSocketChannel.doFinishConnect(NioSocketChannel.java:327)
	at org.apache.ratis.thirdparty.io.netty.channel.nio.AbstractNioChannel$AbstractNioUnsafe.finishConnect(AbstractNioChannel.java:340)
	at org.apache.ratis.thirdparty.io.netty.channel.nio.NioEventLoop.processSelectedKey(NioEventLoop.java:632)
	at org.apache.ratis.thirdparty.io.netty.channel.nio.NioEventLoop.processSelectedKeysOptimized(NioEventLoop.java:579)
	at org.apache.ratis.thirdparty.io.netty.channel.nio.NioEventLoop.processSelectedKeys(NioEventLoop.java:496)
	at org.apache.ratis.thirdparty.io.netty.channel.nio.NioEventLoop.run(NioEventLoop.java:458)
	at org.apache.ratis.thirdparty.io.netty.util.concurrent.SingleThreadEventExecutor$5.run(SingleThreadEventExecutor.java:897)
	at org.apache.ratis.thirdparty.io.netty.util.concurrent.FastThreadLocalRunnable.run(FastThreadLocalRunnable.java:30)
	... 1 more
Caused by: java.net.ConnectException: Connection refused
	... 11 more
2019-10-09 13:04:47,837 [3eeab9a4-47d5-4980-9c6e-5102901e869a@group-F4DE2F4D7E72:LeaderElection56] INFO  impl.LeaderElection (LeaderElection.java:logAndReturn(56)) - 3eeab9a4-47d5-4980-9c6e-5102901e869a@group-F4DE2F4D7E72:LeaderElection56: Election REJECTED; received 0 response(s) [] and 2 exception(s); 3eeab9a4-47d5-4980-9c6e-5102901e869a@group-F4DE2F4D7E72:t9, leader=null, voted=3eeab9a4-47d5-4980-9c6e-5102901e869a, raftlog=3eeab9a4-47d5-4980-9c6e-5102901e869a@group-F4DE2F4D7E72-SegmentedRaftLog:OPENED:c0,f0,i0, conf=0: [4f75c367-51e4-41c9-9287-4e8dd97f5c38:192.168.5.175:40325, 3eeab9a4-47d5-4980-9c6e-5102901e869a:192.168.5.175:43254, f0cb1a3f-6ac7-4eb8-9514-6a797ff8471f:192.168.5.175:39769], old=null
2019-10-09 13:04:47,837 [3eeab9a4-47d5-4980-9c6e-5102901e869a@group-F4DE2F4D7E72:LeaderElection56] INFO  impl.LeaderElection (LogUtils.java:infoOrTrace(149)) -   Exception 0: {}
java.util.concurrent.ExecutionException: org.apache.ratis.thirdparty.io.grpc.StatusRuntimeException: UNAVAILABLE: io exception
	at java.util.concurrent.FutureTask.report(FutureTask.java:122)
	at java.util.concurrent.FutureTask.get(FutureTask.java:192)
	at org.apache.ratis.server.impl.LeaderElection.waitForResults(LeaderElection.java:263)
	at org.apache.ratis.server.impl.LeaderElection.askForVotes(LeaderElection.java:201)
	at org.apache.ratis.server.impl.LeaderElection.run(LeaderElection.java:133)
	at java.lang.Thread.run(Thread.java:748)
Caused by: org.apache.ratis.thirdparty.io.grpc.StatusRuntimeException: UNAVAILABLE: io exception
	at org.apache.ratis.thirdparty.io.grpc.stub.ClientCalls.toStatusRuntimeException(ClientCalls.java:233)
	at org.apache.ratis.thirdparty.io.grpc.stub.ClientCalls.getUnchecked(ClientCalls.java:214)
	at org.apache.ratis.thirdparty.io.grpc.stub.ClientCalls.blockingUnaryCall(ClientCalls.java:139)
	at org.apache.ratis.proto.grpc.RaftServerProtocolServiceGrpc$RaftServerProtocolServiceBlockingStub.requestVote(RaftServerProtocolServiceGrpc.java:265)
	at org.apache.ratis.grpc.server.GrpcServerProtocolClient.requestVote(GrpcServerProtocolClient.java:90)
	at org.apache.ratis.grpc.server.GrpcService.requestVote(GrpcService.java:204)
	at org.apache.ratis.server.impl.LeaderElection.lambda$submitRequests$1(LeaderElection.java:238)
	at java.util.concurrent.FutureTask.run(FutureTask.java:266)
	at java.util.concurrent.Executors$RunnableAdapter.call(Executors.java:511)
	at java.util.concurrent.FutureTask.run(FutureTask.java:266)
	at java.util.concurrent.ThreadPoolExecutor.runWorker(ThreadPoolExecutor.java:1149)
	at java.util.concurrent.ThreadPoolExecutor$Worker.run(ThreadPoolExecutor.java:624)
	... 1 more
Caused by: org.apache.ratis.thirdparty.io.netty.channel.AbstractChannel$AnnotatedConnectException: Connection refused: /192.168.5.175:40325
	at sun.nio.ch.SocketChannelImpl.checkConnect(Native Method)
	at sun.nio.ch.SocketChannelImpl.finishConnect(SocketChannelImpl.java:717)
	at org.apache.ratis.thirdparty.io.netty.channel.socket.nio.NioSocketChannel.doFinishConnect(NioSocketChannel.java:327)
	at org.apache.ratis.thirdparty.io.netty.channel.nio.AbstractNioChannel$AbstractNioUnsafe.finishConnect(AbstractNioChannel.java:340)
	at org.apache.ratis.thirdparty.io.netty.channel.nio.NioEventLoop.processSelectedKey(NioEventLoop.java:632)
	at org.apache.ratis.thirdparty.io.netty.channel.nio.NioEventLoop.processSelectedKeysOptimized(NioEventLoop.java:579)
	at org.apache.ratis.thirdparty.io.netty.channel.nio.NioEventLoop.processSelectedKeys(NioEventLoop.java:496)
	at org.apache.ratis.thirdparty.io.netty.channel.nio.NioEventLoop.run(NioEventLoop.java:458)
	at org.apache.ratis.thirdparty.io.netty.util.concurrent.SingleThreadEventExecutor$5.run(SingleThreadEventExecutor.java:897)
	at org.apache.ratis.thirdparty.io.netty.util.concurrent.FastThreadLocalRunnable.run(FastThreadLocalRunnable.java:30)
	... 1 more
Caused by: java.net.ConnectException: Connection refused
	... 11 more
2019-10-09 13:04:47,837 [3eeab9a4-47d5-4980-9c6e-5102901e869a@group-F4DE2F4D7E72:LeaderElection56] INFO  impl.LeaderElection (LogUtils.java:infoOrTrace(149)) -   Exception 1: {}
java.util.concurrent.ExecutionException: org.apache.ratis.thirdparty.io.grpc.StatusRuntimeException: UNAVAILABLE: io exception
	at java.util.concurrent.FutureTask.report(FutureTask.java:122)
	at java.util.concurrent.FutureTask.get(FutureTask.java:192)
	at org.apache.ratis.server.impl.LeaderElection.waitForResults(LeaderElection.java:263)
	at org.apache.ratis.server.impl.LeaderElection.askForVotes(LeaderElection.java:201)
	at org.apache.ratis.server.impl.LeaderElection.run(LeaderElection.java:133)
	at java.lang.Thread.run(Thread.java:748)
Caused by: org.apache.ratis.thirdparty.io.grpc.StatusRuntimeException: UNAVAILABLE: io exception
	at org.apache.ratis.thirdparty.io.grpc.stub.ClientCalls.toStatusRuntimeException(ClientCalls.java:233)
	at org.apache.ratis.thirdparty.io.grpc.stub.ClientCalls.getUnchecked(ClientCalls.java:214)
	at org.apache.ratis.thirdparty.io.grpc.stub.ClientCalls.blockingUnaryCall(ClientCalls.java:139)
	at org.apache.ratis.proto.grpc.RaftServerProtocolServiceGrpc$RaftServerProtocolServiceBlockingStub.requestVote(RaftServerProtocolServiceGrpc.java:265)
	at org.apache.ratis.grpc.server.GrpcServerProtocolClient.requestVote(GrpcServerProtocolClient.java:90)
	at org.apache.ratis.grpc.server.GrpcService.requestVote(GrpcService.java:204)
	at org.apache.ratis.server.impl.LeaderElection.lambda$submitRequests$1(LeaderElection.java:238)
	at java.util.concurrent.FutureTask.run(FutureTask.java:266)
	at java.util.concurrent.Executors$RunnableAdapter.call(Executors.java:511)
	at java.util.concurrent.FutureTask.run(FutureTask.java:266)
	at java.util.concurrent.ThreadPoolExecutor.runWorker(ThreadPoolExecutor.java:1149)
	at java.util.concurrent.ThreadPoolExecutor$Worker.run(ThreadPoolExecutor.java:624)
	... 1 more
Caused by: org.apache.ratis.thirdparty.io.netty.channel.AbstractChannel$AnnotatedConnectException: Connection refused: /192.168.5.175:39769
	at sun.nio.ch.SocketChannelImpl.checkConnect(Native Method)
	at sun.nio.ch.SocketChannelImpl.finishConnect(SocketChannelImpl.java:717)
	at org.apache.ratis.thirdparty.io.netty.channel.socket.nio.NioSocketChannel.doFinishConnect(NioSocketChannel.java:327)
	at org.apache.ratis.thirdparty.io.netty.channel.nio.AbstractNioChannel$AbstractNioUnsafe.finishConnect(AbstractNioChannel.java:340)
	at org.apache.ratis.thirdparty.io.netty.channel.nio.NioEventLoop.processSelectedKey(NioEventLoop.java:632)
	at org.apache.ratis.thirdparty.io.netty.channel.nio.NioEventLoop.processSelectedKeysOptimized(NioEventLoop.java:579)
	at org.apache.ratis.thirdparty.io.netty.channel.nio.NioEventLoop.processSelectedKeys(NioEventLoop.java:496)
	at org.apache.ratis.thirdparty.io.netty.channel.nio.NioEventLoop.run(NioEventLoop.java:458)
	at org.apache.ratis.thirdparty.io.netty.util.concurrent.SingleThreadEventExecutor$5.run(SingleThreadEventExecutor.java:897)
	at org.apache.ratis.thirdparty.io.netty.util.concurrent.FastThreadLocalRunnable.run(FastThreadLocalRunnable.java:30)
	... 1 more
Caused by: java.net.ConnectException: Connection refused
	... 11 more
2019-10-09 13:04:47,838 [3eeab9a4-47d5-4980-9c6e-5102901e869a@group-F4DE2F4D7E72:LeaderElection56] INFO  impl.RaftServerImpl (RaftServerImpl.java:setRole(174)) - 3eeab9a4-47d5-4980-9c6e-5102901e869a@group-F4DE2F4D7E72: changes role from CANDIDATE to FOLLOWER at term 9 for DISCOVERED_A_NEW_TERM
2019-10-09 13:04:47,838 [3eeab9a4-47d5-4980-9c6e-5102901e869a@group-F4DE2F4D7E72:LeaderElection56] INFO  impl.RoleInfo (RoleInfo.java:shutdownLeaderElection(134)) - 3eeab9a4-47d5-4980-9c6e-5102901e869a: shutdown LeaderElection
2019-10-09 13:04:47,839 [3eeab9a4-47d5-4980-9c6e-5102901e869a@group-F4DE2F4D7E72:LeaderElection56] INFO  impl.RoleInfo (RoleInfo.java:updateAndGet(143)) - 3eeab9a4-47d5-4980-9c6e-5102901e869a: start FollowerState
2019-10-09 13:04:47,863 [Thread-763] INFO  impl.FollowerState (FollowerState.java:run(106)) - 3eeab9a4-47d5-4980-9c6e-5102901e869a:group-C24D4FE0C6F2 changes to CANDIDATE, lastRpcTime:5188, electionTimeout:5188ms
2019-10-09 13:04:47,865 [Thread-763] INFO  impl.RoleInfo (RoleInfo.java:shutdownFollowerState(121)) - 3eeab9a4-47d5-4980-9c6e-5102901e869a: shutdown FollowerState
2019-10-09 13:04:47,865 [Thread-763] INFO  impl.RaftServerImpl (RaftServerImpl.java:setRole(174)) - 3eeab9a4-47d5-4980-9c6e-5102901e869a@group-C24D4FE0C6F2: changes role from  FOLLOWER to CANDIDATE at term 9 for changeToCandidate
2019-10-09 13:04:47,865 [Thread-763] INFO  impl.RoleInfo (RoleInfo.java:updateAndGet(143)) - 3eeab9a4-47d5-4980-9c6e-5102901e869a: start LeaderElection
2019-10-09 13:04:47,880 [3eeab9a4-47d5-4980-9c6e-5102901e869a@group-C24D4FE0C6F2:LeaderElection57] INFO  impl.LeaderElection (LeaderElection.java:askForVotes(182)) - 3eeab9a4-47d5-4980-9c6e-5102901e869a@group-C24D4FE0C6F2:LeaderElection57: begin an election at term 10 for 0: [4f75c367-51e4-41c9-9287-4e8dd97f5c38:192.168.5.175:40325, 3eeab9a4-47d5-4980-9c6e-5102901e869a:192.168.5.175:43254, f0cb1a3f-6ac7-4eb8-9514-6a797ff8471f:192.168.5.175:39769], old=null
2019-10-09 13:04:47,881 [3eeab9a4-47d5-4980-9c6e-5102901e869a@group-C24D4FE0C6F2:LeaderElection57] INFO  impl.LeaderElection (LogUtils.java:infoOrTrace(149)) - 3eeab9a4-47d5-4980-9c6e-5102901e869a@group-C24D4FE0C6F2:LeaderElection57 got exception when requesting votes: {}
java.util.concurrent.ExecutionException: org.apache.ratis.thirdparty.io.grpc.StatusRuntimeException: UNAVAILABLE: io exception
	at java.util.concurrent.FutureTask.report(FutureTask.java:122)
	at java.util.concurrent.FutureTask.get(FutureTask.java:192)
	at org.apache.ratis.server.impl.LeaderElection.waitForResults(LeaderElection.java:263)
	at org.apache.ratis.server.impl.LeaderElection.askForVotes(LeaderElection.java:201)
	at org.apache.ratis.server.impl.LeaderElection.run(LeaderElection.java:133)
	at java.lang.Thread.run(Thread.java:748)
Caused by: org.apache.ratis.thirdparty.io.grpc.StatusRuntimeException: UNAVAILABLE: io exception
	at org.apache.ratis.thirdparty.io.grpc.stub.ClientCalls.toStatusRuntimeException(ClientCalls.java:233)
	at org.apache.ratis.thirdparty.io.grpc.stub.ClientCalls.getUnchecked(ClientCalls.java:214)
	at org.apache.ratis.thirdparty.io.grpc.stub.ClientCalls.blockingUnaryCall(ClientCalls.java:139)
	at org.apache.ratis.proto.grpc.RaftServerProtocolServiceGrpc$RaftServerProtocolServiceBlockingStub.requestVote(RaftServerProtocolServiceGrpc.java:265)
	at org.apache.ratis.grpc.server.GrpcServerProtocolClient.requestVote(GrpcServerProtocolClient.java:90)
	at org.apache.ratis.grpc.server.GrpcService.requestVote(GrpcService.java:204)
	at org.apache.ratis.server.impl.LeaderElection.lambda$submitRequests$1(LeaderElection.java:238)
	at java.util.concurrent.FutureTask.run(FutureTask.java:266)
	at java.util.concurrent.Executors$RunnableAdapter.call(Executors.java:511)
	at java.util.concurrent.FutureTask.run(FutureTask.java:266)
	at java.util.concurrent.ThreadPoolExecutor.runWorker(ThreadPoolExecutor.java:1149)
	at java.util.concurrent.ThreadPoolExecutor$Worker.run(ThreadPoolExecutor.java:624)
	... 1 more
Caused by: org.apache.ratis.thirdparty.io.netty.channel.AbstractChannel$AnnotatedConnectException: Connection refused: /192.168.5.175:40325
	at sun.nio.ch.SocketChannelImpl.checkConnect(Native Method)
	at sun.nio.ch.SocketChannelImpl.finishConnect(SocketChannelImpl.java:717)
	at org.apache.ratis.thirdparty.io.netty.channel.socket.nio.NioSocketChannel.doFinishConnect(NioSocketChannel.java:327)
	at org.apache.ratis.thirdparty.io.netty.channel.nio.AbstractNioChannel$AbstractNioUnsafe.finishConnect(AbstractNioChannel.java:340)
	at org.apache.ratis.thirdparty.io.netty.channel.nio.NioEventLoop.processSelectedKey(NioEventLoop.java:632)
	at org.apache.ratis.thirdparty.io.netty.channel.nio.NioEventLoop.processSelectedKeysOptimized(NioEventLoop.java:579)
	at org.apache.ratis.thirdparty.io.netty.channel.nio.NioEventLoop.processSelectedKeys(NioEventLoop.java:496)
	at org.apache.ratis.thirdparty.io.netty.channel.nio.NioEventLoop.run(NioEventLoop.java:458)
	at org.apache.ratis.thirdparty.io.netty.util.concurrent.SingleThreadEventExecutor$5.run(SingleThreadEventExecutor.java:897)
	at org.apache.ratis.thirdparty.io.netty.util.concurrent.FastThreadLocalRunnable.run(FastThreadLocalRunnable.java:30)
	... 1 more
Caused by: java.net.ConnectException: Connection refused
	... 11 more
2019-10-09 13:04:47,882 [3eeab9a4-47d5-4980-9c6e-5102901e869a@group-C24D4FE0C6F2:LeaderElection57] INFO  impl.LeaderElection (LogUtils.java:infoOrTrace(149)) - 3eeab9a4-47d5-4980-9c6e-5102901e869a@group-C24D4FE0C6F2:LeaderElection57 got exception when requesting votes: {}
java.util.concurrent.ExecutionException: org.apache.ratis.thirdparty.io.grpc.StatusRuntimeException: UNAVAILABLE: io exception
	at java.util.concurrent.FutureTask.report(FutureTask.java:122)
	at java.util.concurrent.FutureTask.get(FutureTask.java:192)
	at org.apache.ratis.server.impl.LeaderElection.waitForResults(LeaderElection.java:263)
	at org.apache.ratis.server.impl.LeaderElection.askForVotes(LeaderElection.java:201)
	at org.apache.ratis.server.impl.LeaderElection.run(LeaderElection.java:133)
	at java.lang.Thread.run(Thread.java:748)
Caused by: org.apache.ratis.thirdparty.io.grpc.StatusRuntimeException: UNAVAILABLE: io exception
	at org.apache.ratis.thirdparty.io.grpc.stub.ClientCalls.toStatusRuntimeException(ClientCalls.java:233)
	at org.apache.ratis.thirdparty.io.grpc.stub.ClientCalls.getUnchecked(ClientCalls.java:214)
	at org.apache.ratis.thirdparty.io.grpc.stub.ClientCalls.blockingUnaryCall(ClientCalls.java:139)
	at org.apache.ratis.proto.grpc.RaftServerProtocolServiceGrpc$RaftServerProtocolServiceBlockingStub.requestVote(RaftServerProtocolServiceGrpc.java:265)
	at org.apache.ratis.grpc.server.GrpcServerProtocolClient.requestVote(GrpcServerProtocolClient.java:90)
	at org.apache.ratis.grpc.server.GrpcService.requestVote(GrpcService.java:204)
	at org.apache.ratis.server.impl.LeaderElection.lambda$submitRequests$1(LeaderElection.java:238)
	at java.util.concurrent.FutureTask.run(FutureTask.java:266)
	at java.util.concurrent.Executors$RunnableAdapter.call(Executors.java:511)
	at java.util.concurrent.FutureTask.run(FutureTask.java:266)
	at java.util.concurrent.ThreadPoolExecutor.runWorker(ThreadPoolExecutor.java:1149)
	at java.util.concurrent.ThreadPoolExecutor$Worker.run(ThreadPoolExecutor.java:624)
	... 1 more
Caused by: org.apache.ratis.thirdparty.io.netty.channel.AbstractChannel$AnnotatedConnectException: Connection refused: /192.168.5.175:39769
	at sun.nio.ch.SocketChannelImpl.checkConnect(Native Method)
	at sun.nio.ch.SocketChannelImpl.finishConnect(SocketChannelImpl.java:717)
	at org.apache.ratis.thirdparty.io.netty.channel.socket.nio.NioSocketChannel.doFinishConnect(NioSocketChannel.java:327)
	at org.apache.ratis.thirdparty.io.netty.channel.nio.AbstractNioChannel$AbstractNioUnsafe.finishConnect(AbstractNioChannel.java:340)
	at org.apache.ratis.thirdparty.io.netty.channel.nio.NioEventLoop.processSelectedKey(NioEventLoop.java:632)
	at org.apache.ratis.thirdparty.io.netty.channel.nio.NioEventLoop.processSelectedKeysOptimized(NioEventLoop.java:579)
	at org.apache.ratis.thirdparty.io.netty.channel.nio.NioEventLoop.processSelectedKeys(NioEventLoop.java:496)
	at org.apache.ratis.thirdparty.io.netty.channel.nio.NioEventLoop.run(NioEventLoop.java:458)
	at org.apache.ratis.thirdparty.io.netty.util.concurrent.SingleThreadEventExecutor$5.run(SingleThreadEventExecutor.java:897)
	at org.apache.ratis.thirdparty.io.netty.util.concurrent.FastThreadLocalRunnable.run(FastThreadLocalRunnable.java:30)
	... 1 more
Caused by: java.net.ConnectException: Connection refused
	... 11 more
2019-10-09 13:04:47,883 [3eeab9a4-47d5-4980-9c6e-5102901e869a@group-C24D4FE0C6F2:LeaderElection57] INFO  impl.LeaderElection (LeaderElection.java:logAndReturn(56)) - 3eeab9a4-47d5-4980-9c6e-5102901e869a@group-C24D4FE0C6F2:LeaderElection57: Election REJECTED; received 0 response(s) [] and 2 exception(s); 3eeab9a4-47d5-4980-9c6e-5102901e869a@group-C24D4FE0C6F2:t10, leader=null, voted=3eeab9a4-47d5-4980-9c6e-5102901e869a, raftlog=3eeab9a4-47d5-4980-9c6e-5102901e869a@group-C24D4FE0C6F2-SegmentedRaftLog:OPENED:c16,f16,i16, conf=0: [4f75c367-51e4-41c9-9287-4e8dd97f5c38:192.168.5.175:40325, 3eeab9a4-47d5-4980-9c6e-5102901e869a:192.168.5.175:43254, f0cb1a3f-6ac7-4eb8-9514-6a797ff8471f:192.168.5.175:39769], old=null
2019-10-09 13:04:47,883 [3eeab9a4-47d5-4980-9c6e-5102901e869a@group-C24D4FE0C6F2:LeaderElection57] INFO  impl.LeaderElection (LogUtils.java:infoOrTrace(149)) -   Exception 0: {}
java.util.concurrent.ExecutionException: org.apache.ratis.thirdparty.io.grpc.StatusRuntimeException: UNAVAILABLE: io exception
	at java.util.concurrent.FutureTask.report(FutureTask.java:122)
	at java.util.concurrent.FutureTask.get(FutureTask.java:192)
	at org.apache.ratis.server.impl.LeaderElection.waitForResults(LeaderElection.java:263)
	at org.apache.ratis.server.impl.LeaderElection.askForVotes(LeaderElection.java:201)
	at org.apache.ratis.server.impl.LeaderElection.run(LeaderElection.java:133)
	at java.lang.Thread.run(Thread.java:748)
Caused by: org.apache.ratis.thirdparty.io.grpc.StatusRuntimeException: UNAVAILABLE: io exception
	at org.apache.ratis.thirdparty.io.grpc.stub.ClientCalls.toStatusRuntimeException(ClientCalls.java:233)
	at org.apache.ratis.thirdparty.io.grpc.stub.ClientCalls.getUnchecked(ClientCalls.java:214)
	at org.apache.ratis.thirdparty.io.grpc.stub.ClientCalls.blockingUnaryCall(ClientCalls.java:139)
	at org.apache.ratis.proto.grpc.RaftServerProtocolServiceGrpc$RaftServerProtocolServiceBlockingStub.requestVote(RaftServerProtocolServiceGrpc.java:265)
	at org.apache.ratis.grpc.server.GrpcServerProtocolClient.requestVote(GrpcServerProtocolClient.java:90)
	at org.apache.ratis.grpc.server.GrpcService.requestVote(GrpcService.java:204)
	at org.apache.ratis.server.impl.LeaderElection.lambda$submitRequests$1(LeaderElection.java:238)
	at java.util.concurrent.FutureTask.run(FutureTask.java:266)
	at java.util.concurrent.Executors$RunnableAdapter.call(Executors.java:511)
	at java.util.concurrent.FutureTask.run(FutureTask.java:266)
	at java.util.concurrent.ThreadPoolExecutor.runWorker(ThreadPoolExecutor.java:1149)
	at java.util.concurrent.ThreadPoolExecutor$Worker.run(ThreadPoolExecutor.java:624)
	... 1 more
Caused by: org.apache.ratis.thirdparty.io.netty.channel.AbstractChannel$AnnotatedConnectException: Connection refused: /192.168.5.175:40325
	at sun.nio.ch.SocketChannelImpl.checkConnect(Native Method)
	at sun.nio.ch.SocketChannelImpl.finishConnect(SocketChannelImpl.java:717)
	at org.apache.ratis.thirdparty.io.netty.channel.socket.nio.NioSocketChannel.doFinishConnect(NioSocketChannel.java:327)
	at org.apache.ratis.thirdparty.io.netty.channel.nio.AbstractNioChannel$AbstractNioUnsafe.finishConnect(AbstractNioChannel.java:340)
	at org.apache.ratis.thirdparty.io.netty.channel.nio.NioEventLoop.processSelectedKey(NioEventLoop.java:632)
	at org.apache.ratis.thirdparty.io.netty.channel.nio.NioEventLoop.processSelectedKeysOptimized(NioEventLoop.java:579)
	at org.apache.ratis.thirdparty.io.netty.channel.nio.NioEventLoop.processSelectedKeys(NioEventLoop.java:496)
	at org.apache.ratis.thirdparty.io.netty.channel.nio.NioEventLoop.run(NioEventLoop.java:458)
	at org.apache.ratis.thirdparty.io.netty.util.concurrent.SingleThreadEventExecutor$5.run(SingleThreadEventExecutor.java:897)
	at org.apache.ratis.thirdparty.io.netty.util.concurrent.FastThreadLocalRunnable.run(FastThreadLocalRunnable.java:30)
	... 1 more
Caused by: java.net.ConnectException: Connection refused
	... 11 more
2019-10-09 13:04:47,883 [3eeab9a4-47d5-4980-9c6e-5102901e869a@group-C24D4FE0C6F2:LeaderElection57] INFO  impl.LeaderElection (LogUtils.java:infoOrTrace(149)) -   Exception 1: {}
java.util.concurrent.ExecutionException: org.apache.ratis.thirdparty.io.grpc.StatusRuntimeException: UNAVAILABLE: io exception
	at java.util.concurrent.FutureTask.report(FutureTask.java:122)
	at java.util.concurrent.FutureTask.get(FutureTask.java:192)
	at org.apache.ratis.server.impl.LeaderElection.waitForResults(LeaderElection.java:263)
	at org.apache.ratis.server.impl.LeaderElection.askForVotes(LeaderElection.java:201)
	at org.apache.ratis.server.impl.LeaderElection.run(LeaderElection.java:133)
	at java.lang.Thread.run(Thread.java:748)
Caused by: org.apache.ratis.thirdparty.io.grpc.StatusRuntimeException: UNAVAILABLE: io exception
	at org.apache.ratis.thirdparty.io.grpc.stub.ClientCalls.toStatusRuntimeException(ClientCalls.java:233)
	at org.apache.ratis.thirdparty.io.grpc.stub.ClientCalls.getUnchecked(ClientCalls.java:214)
	at org.apache.ratis.thirdparty.io.grpc.stub.ClientCalls.blockingUnaryCall(ClientCalls.java:139)
	at org.apache.ratis.proto.grpc.RaftServerProtocolServiceGrpc$RaftServerProtocolServiceBlockingStub.requestVote(RaftServerProtocolServiceGrpc.java:265)
	at org.apache.ratis.grpc.server.GrpcServerProtocolClient.requestVote(GrpcServerProtocolClient.java:90)
	at org.apache.ratis.grpc.server.GrpcService.requestVote(GrpcService.java:204)
	at org.apache.ratis.server.impl.LeaderElection.lambda$submitRequests$1(LeaderElection.java:238)
	at java.util.concurrent.FutureTask.run(FutureTask.java:266)
	at java.util.concurrent.Executors$RunnableAdapter.call(Executors.java:511)
	at java.util.concurrent.FutureTask.run(FutureTask.java:266)
	at java.util.concurrent.ThreadPoolExecutor.runWorker(ThreadPoolExecutor.java:1149)
	at java.util.concurrent.ThreadPoolExecutor$Worker.run(ThreadPoolExecutor.java:624)
	... 1 more
Caused by: org.apache.ratis.thirdparty.io.netty.channel.AbstractChannel$AnnotatedConnectException: Connection refused: /192.168.5.175:39769
	at sun.nio.ch.SocketChannelImpl.checkConnect(Native Method)
	at sun.nio.ch.SocketChannelImpl.finishConnect(SocketChannelImpl.java:717)
	at org.apache.ratis.thirdparty.io.netty.channel.socket.nio.NioSocketChannel.doFinishConnect(NioSocketChannel.java:327)
	at org.apache.ratis.thirdparty.io.netty.channel.nio.AbstractNioChannel$AbstractNioUnsafe.finishConnect(AbstractNioChannel.java:340)
	at org.apache.ratis.thirdparty.io.netty.channel.nio.NioEventLoop.processSelectedKey(NioEventLoop.java:632)
	at org.apache.ratis.thirdparty.io.netty.channel.nio.NioEventLoop.processSelectedKeysOptimized(NioEventLoop.java:579)
	at org.apache.ratis.thirdparty.io.netty.channel.nio.NioEventLoop.processSelectedKeys(NioEventLoop.java:496)
	at org.apache.ratis.thirdparty.io.netty.channel.nio.NioEventLoop.run(NioEventLoop.java:458)
	at org.apache.ratis.thirdparty.io.netty.util.concurrent.SingleThreadEventExecutor$5.run(SingleThreadEventExecutor.java:897)
	at org.apache.ratis.thirdparty.io.netty.util.concurrent.FastThreadLocalRunnable.run(FastThreadLocalRunnable.java:30)
	... 1 more
Caused by: java.net.ConnectException: Connection refused
	... 11 more
2019-10-09 13:04:47,883 [3eeab9a4-47d5-4980-9c6e-5102901e869a@group-C24D4FE0C6F2:LeaderElection57] INFO  impl.RaftServerImpl (RaftServerImpl.java:setRole(174)) - 3eeab9a4-47d5-4980-9c6e-5102901e869a@group-C24D4FE0C6F2: changes role from CANDIDATE to FOLLOWER at term 10 for DISCOVERED_A_NEW_TERM
2019-10-09 13:04:47,884 [3eeab9a4-47d5-4980-9c6e-5102901e869a@group-C24D4FE0C6F2:LeaderElection57] INFO  impl.RoleInfo (RoleInfo.java:shutdownLeaderElection(134)) - 3eeab9a4-47d5-4980-9c6e-5102901e869a: shutdown LeaderElection
2019-10-09 13:04:47,884 [3eeab9a4-47d5-4980-9c6e-5102901e869a@group-C24D4FE0C6F2:LeaderElection57] INFO  impl.RoleInfo (RoleInfo.java:updateAndGet(143)) - 3eeab9a4-47d5-4980-9c6e-5102901e869a: start FollowerState
2019-10-09 13:04:48,902 [grpc-default-executor-4] WARN  server.GrpcLogAppender (LogUtils.java:warn(134)) - 3eeab9a4-47d5-4980-9c6e-5102901e869a@group-DDAC6CD64C05->f0cb1a3f-6ac7-4eb8-9514-6a797ff8471f-AppendLogResponseHandler: Failed appendEntries: org.apache.ratis.thirdparty.io.grpc.StatusRuntimeException: UNAVAILABLE: io exception
2019-10-09 13:04:48,905 [grpc-default-executor-4] INFO  impl.FollowerInfo (FollowerInfo.java:lambda$new$0(51)) - 3eeab9a4-47d5-4980-9c6e-5102901e869a@group-DDAC6CD64C05->f0cb1a3f-6ac7-4eb8-9514-6a797ff8471f: nextIndex: updateUnconditionally 0 -> 0
2019-10-09 13:04:48,929 [grpc-default-executor-4] WARN  server.GrpcLogAppender (LogUtils.java:warn(134)) - 3eeab9a4-47d5-4980-9c6e-5102901e869a@group-DDAC6CD64C05->4f75c367-51e4-41c9-9287-4e8dd97f5c38-AppendLogResponseHandler: Failed appendEntries: org.apache.ratis.thirdparty.io.grpc.StatusRuntimeException: UNAVAILABLE: io exception
2019-10-09 13:04:48,929 [grpc-default-executor-4] INFO  impl.FollowerInfo (FollowerInfo.java:lambda$new$0(51)) - 3eeab9a4-47d5-4980-9c6e-5102901e869a@group-DDAC6CD64C05->4f75c367-51e4-41c9-9287-4e8dd97f5c38: nextIndex: updateUnconditionally 0 -> 0
2019-10-09 13:04:49,007 [grpc-default-executor-7] WARN  server.GrpcLogAppender (LogUtils.java:warn(134)) - 3eeab9a4-47d5-4980-9c6e-5102901e869a@group-75761DEE94FB->f0cb1a3f-6ac7-4eb8-9514-6a797ff8471f-AppendLogResponseHandler: Failed appendEntries: org.apache.ratis.thirdparty.io.grpc.StatusRuntimeException: UNAVAILABLE: io exception
2019-10-09 13:04:49,008 [grpc-default-executor-7] INFO  impl.FollowerInfo (FollowerInfo.java:lambda$new$0(51)) - 3eeab9a4-47d5-4980-9c6e-5102901e869a@group-75761DEE94FB->f0cb1a3f-6ac7-4eb8-9514-6a797ff8471f: nextIndex: updateUnconditionally 0 -> 0
2019-10-09 13:04:49,014 [grpc-default-executor-9] WARN  server.GrpcLogAppender (LogUtils.java:warn(134)) - 3eeab9a4-47d5-4980-9c6e-5102901e869a@group-75761DEE94FB->4f75c367-51e4-41c9-9287-4e8dd97f5c38-AppendLogResponseHandler: Failed appendEntries: org.apache.ratis.thirdparty.io.grpc.StatusRuntimeException: UNAVAILABLE: io exception
2019-10-09 13:04:49,015 [grpc-default-executor-9] INFO  impl.FollowerInfo (FollowerInfo.java:lambda$new$0(51)) - 3eeab9a4-47d5-4980-9c6e-5102901e869a@group-75761DEE94FB->4f75c367-51e4-41c9-9287-4e8dd97f5c38: nextIndex: updateUnconditionally 0 -> 0
2019-10-09 13:04:49,197 [grpc-default-executor-4] WARN  server.GrpcLogAppender (LogUtils.java:warn(134)) - 3eeab9a4-47d5-4980-9c6e-5102901e869a@group-153C1C6005E2->f0cb1a3f-6ac7-4eb8-9514-6a797ff8471f-AppendLogResponseHandler: Failed appendEntries: org.apache.ratis.thirdparty.io.grpc.StatusRuntimeException: UNAVAILABLE: io exception
2019-10-09 13:04:49,197 [grpc-default-executor-4] INFO  impl.FollowerInfo (FollowerInfo.java:lambda$new$0(51)) - 3eeab9a4-47d5-4980-9c6e-5102901e869a@group-153C1C6005E2->f0cb1a3f-6ac7-4eb8-9514-6a797ff8471f: nextIndex: updateUnconditionally 0 -> 0
2019-10-09 13:04:49,202 [grpc-default-executor-7] WARN  server.GrpcLogAppender (LogUtils.java:warn(134)) - 3eeab9a4-47d5-4980-9c6e-5102901e869a@group-153C1C6005E2->4f75c367-51e4-41c9-9287-4e8dd97f5c38-AppendLogResponseHandler: Failed appendEntries: org.apache.ratis.thirdparty.io.grpc.StatusRuntimeException: UNAVAILABLE: io exception
2019-10-09 13:04:49,202 [grpc-default-executor-7] INFO  impl.FollowerInfo (FollowerInfo.java:lambda$new$0(51)) - 3eeab9a4-47d5-4980-9c6e-5102901e869a@group-153C1C6005E2->4f75c367-51e4-41c9-9287-4e8dd97f5c38: nextIndex: updateUnconditionally 0 -> 0
2019-10-09 13:04:51,404 [grpc-default-executor-4] WARN  server.GrpcLogAppender (LogUtils.java:warn(134)) - 3eeab9a4-47d5-4980-9c6e-5102901e869a@group-DDAC6CD64C05->f0cb1a3f-6ac7-4eb8-9514-6a797ff8471f-AppendLogResponseHandler: Failed appendEntries: org.apache.ratis.thirdparty.io.grpc.StatusRuntimeException: UNAVAILABLE: io exception
2019-10-09 13:04:51,404 [grpc-default-executor-4] INFO  impl.FollowerInfo (FollowerInfo.java:lambda$new$0(51)) - 3eeab9a4-47d5-4980-9c6e-5102901e869a@group-DDAC6CD64C05->f0cb1a3f-6ac7-4eb8-9514-6a797ff8471f: nextIndex: updateUnconditionally 0 -> 0
2019-10-09 13:04:51,431 [grpc-default-executor-9] WARN  server.GrpcLogAppender (LogUtils.java:warn(134)) - 3eeab9a4-47d5-4980-9c6e-5102901e869a@group-DDAC6CD64C05->4f75c367-51e4-41c9-9287-4e8dd97f5c38-AppendLogResponseHandler: Failed appendEntries: org.apache.ratis.thirdparty.io.grpc.StatusRuntimeException: UNAVAILABLE: io exception
2019-10-09 13:04:51,431 [grpc-default-executor-9] INFO  impl.FollowerInfo (FollowerInfo.java:lambda$new$0(51)) - 3eeab9a4-47d5-4980-9c6e-5102901e869a@group-DDAC6CD64C05->4f75c367-51e4-41c9-9287-4e8dd97f5c38: nextIndex: updateUnconditionally 0 -> 0
2019-10-09 13:04:51,507 [grpc-default-executor-7] WARN  server.GrpcLogAppender (LogUtils.java:warn(134)) - 3eeab9a4-47d5-4980-9c6e-5102901e869a@group-75761DEE94FB->f0cb1a3f-6ac7-4eb8-9514-6a797ff8471f-AppendLogResponseHandler: Failed appendEntries: org.apache.ratis.thirdparty.io.grpc.StatusRuntimeException: UNAVAILABLE: io exception
2019-10-09 13:04:51,508 [grpc-default-executor-7] INFO  impl.FollowerInfo (FollowerInfo.java:lambda$new$0(51)) - 3eeab9a4-47d5-4980-9c6e-5102901e869a@group-75761DEE94FB->f0cb1a3f-6ac7-4eb8-9514-6a797ff8471f: nextIndex: updateUnconditionally 0 -> 0
2019-10-09 13:04:51,515 [grpc-default-executor-4] WARN  server.GrpcLogAppender (LogUtils.java:warn(134)) - 3eeab9a4-47d5-4980-9c6e-5102901e869a@group-75761DEE94FB->4f75c367-51e4-41c9-9287-4e8dd97f5c38-AppendLogResponseHandler: Failed appendEntries: org.apache.ratis.thirdparty.io.grpc.StatusRuntimeException: UNAVAILABLE: io exception
2019-10-09 13:04:51,515 [grpc-default-executor-4] INFO  impl.FollowerInfo (FollowerInfo.java:lambda$new$0(51)) - 3eeab9a4-47d5-4980-9c6e-5102901e869a@group-75761DEE94FB->4f75c367-51e4-41c9-9287-4e8dd97f5c38: nextIndex: updateUnconditionally 0 -> 0
2019-10-09 13:04:51,699 [grpc-default-executor-4] WARN  server.GrpcLogAppender (LogUtils.java:warn(134)) - 3eeab9a4-47d5-4980-9c6e-5102901e869a@group-153C1C6005E2->f0cb1a3f-6ac7-4eb8-9514-6a797ff8471f-AppendLogResponseHandler: Failed appendEntries: org.apache.ratis.thirdparty.io.grpc.StatusRuntimeException: UNAVAILABLE: io exception
2019-10-09 13:04:51,699 [grpc-default-executor-4] INFO  impl.FollowerInfo (FollowerInfo.java:lambda$new$0(51)) - 3eeab9a4-47d5-4980-9c6e-5102901e869a@group-153C1C6005E2->f0cb1a3f-6ac7-4eb8-9514-6a797ff8471f: nextIndex: updateUnconditionally 0 -> 0
2019-10-09 13:04:51,703 [grpc-default-executor-9] WARN  server.GrpcLogAppender (LogUtils.java:warn(134)) - 3eeab9a4-47d5-4980-9c6e-5102901e869a@group-153C1C6005E2->4f75c367-51e4-41c9-9287-4e8dd97f5c38-AppendLogResponseHandler: Failed appendEntries: org.apache.ratis.thirdparty.io.grpc.StatusRuntimeException: UNAVAILABLE: io exception
2019-10-09 13:04:51,703 [grpc-default-executor-9] INFO  impl.FollowerInfo (FollowerInfo.java:lambda$new$0(51)) - 3eeab9a4-47d5-4980-9c6e-5102901e869a@group-153C1C6005E2->4f75c367-51e4-41c9-9287-4e8dd97f5c38: nextIndex: updateUnconditionally 0 -> 0
2019-10-09 13:04:52,401 [Thread-778] INFO  impl.FollowerState (FollowerState.java:run(106)) - 3eeab9a4-47d5-4980-9c6e-5102901e869a:group-A483B260BC72 changes to CANDIDATE, lastRpcTime:5016, electionTimeout:5016ms
2019-10-09 13:04:52,402 [Thread-778] INFO  impl.RoleInfo (RoleInfo.java:shutdownFollowerState(121)) - 3eeab9a4-47d5-4980-9c6e-5102901e869a: shutdown FollowerState
2019-10-09 13:04:52,403 [Thread-778] INFO  impl.RaftServerImpl (RaftServerImpl.java:setRole(174)) - 3eeab9a4-47d5-4980-9c6e-5102901e869a@group-A483B260BC72: changes role from  FOLLOWER to CANDIDATE at term 9 for changeToCandidate
2019-10-09 13:04:52,403 [Thread-778] INFO  impl.RoleInfo (RoleInfo.java:updateAndGet(143)) - 3eeab9a4-47d5-4980-9c6e-5102901e869a: start LeaderElection
2019-10-09 13:04:52,419 [3eeab9a4-47d5-4980-9c6e-5102901e869a@group-A483B260BC72:LeaderElection58] INFO  impl.LeaderElection (LeaderElection.java:askForVotes(182)) - 3eeab9a4-47d5-4980-9c6e-5102901e869a@group-A483B260BC72:LeaderElection58: begin an election at term 10 for 0: [4f75c367-51e4-41c9-9287-4e8dd97f5c38:192.168.5.175:40325, 3eeab9a4-47d5-4980-9c6e-5102901e869a:192.168.5.175:43254, f0cb1a3f-6ac7-4eb8-9514-6a797ff8471f:192.168.5.175:39769], old=null
2019-10-09 13:04:52,423 [3eeab9a4-47d5-4980-9c6e-5102901e869a@group-A483B260BC72:LeaderElection58] INFO  impl.LeaderElection (LogUtils.java:infoOrTrace(149)) - 3eeab9a4-47d5-4980-9c6e-5102901e869a@group-A483B260BC72:LeaderElection58 got exception when requesting votes: {}
java.util.concurrent.ExecutionException: org.apache.ratis.thirdparty.io.grpc.StatusRuntimeException: UNAVAILABLE: io exception
	at java.util.concurrent.FutureTask.report(FutureTask.java:122)
	at java.util.concurrent.FutureTask.get(FutureTask.java:192)
	at org.apache.ratis.server.impl.LeaderElection.waitForResults(LeaderElection.java:263)
	at org.apache.ratis.server.impl.LeaderElection.askForVotes(LeaderElection.java:201)
	at org.apache.ratis.server.impl.LeaderElection.run(LeaderElection.java:133)
	at java.lang.Thread.run(Thread.java:748)
Caused by: org.apache.ratis.thirdparty.io.grpc.StatusRuntimeException: UNAVAILABLE: io exception
	at org.apache.ratis.thirdparty.io.grpc.stub.ClientCalls.toStatusRuntimeException(ClientCalls.java:233)
	at org.apache.ratis.thirdparty.io.grpc.stub.ClientCalls.getUnchecked(ClientCalls.java:214)
	at org.apache.ratis.thirdparty.io.grpc.stub.ClientCalls.blockingUnaryCall(ClientCalls.java:139)
	at org.apache.ratis.proto.grpc.RaftServerProtocolServiceGrpc$RaftServerProtocolServiceBlockingStub.requestVote(RaftServerProtocolServiceGrpc.java:265)
	at org.apache.ratis.grpc.server.GrpcServerProtocolClient.requestVote(GrpcServerProtocolClient.java:90)
	at org.apache.ratis.grpc.server.GrpcService.requestVote(GrpcService.java:204)
	at org.apache.ratis.server.impl.LeaderElection.lambda$submitRequests$1(LeaderElection.java:238)
	at java.util.concurrent.FutureTask.run(FutureTask.java:266)
	at java.util.concurrent.Executors$RunnableAdapter.call(Executors.java:511)
	at java.util.concurrent.FutureTask.run(FutureTask.java:266)
	at java.util.concurrent.ThreadPoolExecutor.runWorker(ThreadPoolExecutor.java:1149)
	at java.util.concurrent.ThreadPoolExecutor$Worker.run(ThreadPoolExecutor.java:624)
	... 1 more
Caused by: org.apache.ratis.thirdparty.io.netty.channel.AbstractChannel$AnnotatedConnectException: Connection refused: /192.168.5.175:39769
	at sun.nio.ch.SocketChannelImpl.checkConnect(Native Method)
	at sun.nio.ch.SocketChannelImpl.finishConnect(SocketChannelImpl.java:717)
	at org.apache.ratis.thirdparty.io.netty.channel.socket.nio.NioSocketChannel.doFinishConnect(NioSocketChannel.java:327)
	at org.apache.ratis.thirdparty.io.netty.channel.nio.AbstractNioChannel$AbstractNioUnsafe.finishConnect(AbstractNioChannel.java:340)
	at org.apache.ratis.thirdparty.io.netty.channel.nio.NioEventLoop.processSelectedKey(NioEventLoop.java:632)
	at org.apache.ratis.thirdparty.io.netty.channel.nio.NioEventLoop.processSelectedKeysOptimized(NioEventLoop.java:579)
	at org.apache.ratis.thirdparty.io.netty.channel.nio.NioEventLoop.processSelectedKeys(NioEventLoop.java:496)
	at org.apache.ratis.thirdparty.io.netty.channel.nio.NioEventLoop.run(NioEventLoop.java:458)
	at org.apache.ratis.thirdparty.io.netty.util.concurrent.SingleThreadEventExecutor$5.run(SingleThreadEventExecutor.java:897)
	at org.apache.ratis.thirdparty.io.netty.util.concurrent.FastThreadLocalRunnable.run(FastThreadLocalRunnable.java:30)
	... 1 more
Caused by: java.net.ConnectException: Connection refused
	... 11 more
2019-10-09 13:04:52,423 [3eeab9a4-47d5-4980-9c6e-5102901e869a@group-A483B260BC72:LeaderElection58] INFO  impl.LeaderElection (LogUtils.java:infoOrTrace(149)) - 3eeab9a4-47d5-4980-9c6e-5102901e869a@group-A483B260BC72:LeaderElection58 got exception when requesting votes: {}
java.util.concurrent.ExecutionException: org.apache.ratis.thirdparty.io.grpc.StatusRuntimeException: UNAVAILABLE: io exception
	at java.util.concurrent.FutureTask.report(FutureTask.java:122)
	at java.util.concurrent.FutureTask.get(FutureTask.java:192)
	at org.apache.ratis.server.impl.LeaderElection.waitForResults(LeaderElection.java:263)
	at org.apache.ratis.server.impl.LeaderElection.askForVotes(LeaderElection.java:201)
	at org.apache.ratis.server.impl.LeaderElection.run(LeaderElection.java:133)
	at java.lang.Thread.run(Thread.java:748)
Caused by: org.apache.ratis.thirdparty.io.grpc.StatusRuntimeException: UNAVAILABLE: io exception
	at org.apache.ratis.thirdparty.io.grpc.stub.ClientCalls.toStatusRuntimeException(ClientCalls.java:233)
	at org.apache.ratis.thirdparty.io.grpc.stub.ClientCalls.getUnchecked(ClientCalls.java:214)
	at org.apache.ratis.thirdparty.io.grpc.stub.ClientCalls.blockingUnaryCall(ClientCalls.java:139)
	at org.apache.ratis.proto.grpc.RaftServerProtocolServiceGrpc$RaftServerProtocolServiceBlockingStub.requestVote(RaftServerProtocolServiceGrpc.java:265)
	at org.apache.ratis.grpc.server.GrpcServerProtocolClient.requestVote(GrpcServerProtocolClient.java:90)
	at org.apache.ratis.grpc.server.GrpcService.requestVote(GrpcService.java:204)
	at org.apache.ratis.server.impl.LeaderElection.lambda$submitRequests$1(LeaderElection.java:238)
	at java.util.concurrent.FutureTask.run(FutureTask.java:266)
	at java.util.concurrent.Executors$RunnableAdapter.call(Executors.java:511)
	at java.util.concurrent.FutureTask.run(FutureTask.java:266)
	at java.util.concurrent.ThreadPoolExecutor.runWorker(ThreadPoolExecutor.java:1149)
	at java.util.concurrent.ThreadPoolExecutor$Worker.run(ThreadPoolExecutor.java:624)
	... 1 more
Caused by: org.apache.ratis.thirdparty.io.netty.channel.AbstractChannel$AnnotatedConnectException: Connection refused: /192.168.5.175:40325
	at sun.nio.ch.SocketChannelImpl.checkConnect(Native Method)
	at sun.nio.ch.SocketChannelImpl.finishConnect(SocketChannelImpl.java:717)
	at org.apache.ratis.thirdparty.io.netty.channel.socket.nio.NioSocketChannel.doFinishConnect(NioSocketChannel.java:327)
	at org.apache.ratis.thirdparty.io.netty.channel.nio.AbstractNioChannel$AbstractNioUnsafe.finishConnect(AbstractNioChannel.java:340)
	at org.apache.ratis.thirdparty.io.netty.channel.nio.NioEventLoop.processSelectedKey(NioEventLoop.java:632)
	at org.apache.ratis.thirdparty.io.netty.channel.nio.NioEventLoop.processSelectedKeysOptimized(NioEventLoop.java:579)
	at org.apache.ratis.thirdparty.io.netty.channel.nio.NioEventLoop.processSelectedKeys(NioEventLoop.java:496)
	at org.apache.ratis.thirdparty.io.netty.channel.nio.NioEventLoop.run(NioEventLoop.java:458)
	at org.apache.ratis.thirdparty.io.netty.util.concurrent.SingleThreadEventExecutor$5.run(SingleThreadEventExecutor.java:897)
	at org.apache.ratis.thirdparty.io.netty.util.concurrent.FastThreadLocalRunnable.run(FastThreadLocalRunnable.java:30)
	... 1 more
Caused by: java.net.ConnectException: Connection refused
	... 11 more
2019-10-09 13:04:52,424 [3eeab9a4-47d5-4980-9c6e-5102901e869a@group-A483B260BC72:LeaderElection58] INFO  impl.LeaderElection (LeaderElection.java:logAndReturn(56)) - 3eeab9a4-47d5-4980-9c6e-5102901e869a@group-A483B260BC72:LeaderElection58: Election REJECTED; received 0 response(s) [] and 2 exception(s); 3eeab9a4-47d5-4980-9c6e-5102901e869a@group-A483B260BC72:t10, leader=null, voted=3eeab9a4-47d5-4980-9c6e-5102901e869a, raftlog=3eeab9a4-47d5-4980-9c6e-5102901e869a@group-A483B260BC72-SegmentedRaftLog:OPENED:c0,f0,i0, conf=0: [4f75c367-51e4-41c9-9287-4e8dd97f5c38:192.168.5.175:40325, 3eeab9a4-47d5-4980-9c6e-5102901e869a:192.168.5.175:43254, f0cb1a3f-6ac7-4eb8-9514-6a797ff8471f:192.168.5.175:39769], old=null
2019-10-09 13:04:52,424 [3eeab9a4-47d5-4980-9c6e-5102901e869a@group-A483B260BC72:LeaderElection58] INFO  impl.LeaderElection (LogUtils.java:infoOrTrace(149)) -   Exception 0: {}
java.util.concurrent.ExecutionException: org.apache.ratis.thirdparty.io.grpc.StatusRuntimeException: UNAVAILABLE: io exception
	at java.util.concurrent.FutureTask.report(FutureTask.java:122)
	at java.util.concurrent.FutureTask.get(FutureTask.java:192)
	at org.apache.ratis.server.impl.LeaderElection.waitForResults(LeaderElection.java:263)
	at org.apache.ratis.server.impl.LeaderElection.askForVotes(LeaderElection.java:201)
	at org.apache.ratis.server.impl.LeaderElection.run(LeaderElection.java:133)
	at java.lang.Thread.run(Thread.java:748)
Caused by: org.apache.ratis.thirdparty.io.grpc.StatusRuntimeException: UNAVAILABLE: io exception
	at org.apache.ratis.thirdparty.io.grpc.stub.ClientCalls.toStatusRuntimeException(ClientCalls.java:233)
	at org.apache.ratis.thirdparty.io.grpc.stub.ClientCalls.getUnchecked(ClientCalls.java:214)
	at org.apache.ratis.thirdparty.io.grpc.stub.ClientCalls.blockingUnaryCall(ClientCalls.java:139)
	at org.apache.ratis.proto.grpc.RaftServerProtocolServiceGrpc$RaftServerProtocolServiceBlockingStub.requestVote(RaftServerProtocolServiceGrpc.java:265)
	at org.apache.ratis.grpc.server.GrpcServerProtocolClient.requestVote(GrpcServerProtocolClient.java:90)
	at org.apache.ratis.grpc.server.GrpcService.requestVote(GrpcService.java:204)
	at org.apache.ratis.server.impl.LeaderElection.lambda$submitRequests$1(LeaderElection.java:238)
	at java.util.concurrent.FutureTask.run(FutureTask.java:266)
	at java.util.concurrent.Executors$RunnableAdapter.call(Executors.java:511)
	at java.util.concurrent.FutureTask.run(FutureTask.java:266)
	at java.util.concurrent.ThreadPoolExecutor.runWorker(ThreadPoolExecutor.java:1149)
	at java.util.concurrent.ThreadPoolExecutor$Worker.run(ThreadPoolExecutor.java:624)
	... 1 more
Caused by: org.apache.ratis.thirdparty.io.netty.channel.AbstractChannel$AnnotatedConnectException: Connection refused: /192.168.5.175:39769
	at sun.nio.ch.SocketChannelImpl.checkConnect(Native Method)
	at sun.nio.ch.SocketChannelImpl.finishConnect(SocketChannelImpl.java:717)
	at org.apache.ratis.thirdparty.io.netty.channel.socket.nio.NioSocketChannel.doFinishConnect(NioSocketChannel.java:327)
	at org.apache.ratis.thirdparty.io.netty.channel.nio.AbstractNioChannel$AbstractNioUnsafe.finishConnect(AbstractNioChannel.java:340)
	at org.apache.ratis.thirdparty.io.netty.channel.nio.NioEventLoop.processSelectedKey(NioEventLoop.java:632)
	at org.apache.ratis.thirdparty.io.netty.channel.nio.NioEventLoop.processSelectedKeysOptimized(NioEventLoop.java:579)
	at org.apache.ratis.thirdparty.io.netty.channel.nio.NioEventLoop.processSelectedKeys(NioEventLoop.java:496)
	at org.apache.ratis.thirdparty.io.netty.channel.nio.NioEventLoop.run(NioEventLoop.java:458)
	at org.apache.ratis.thirdparty.io.netty.util.concurrent.SingleThreadEventExecutor$5.run(SingleThreadEventExecutor.java:897)
	at org.apache.ratis.thirdparty.io.netty.util.concurrent.FastThreadLocalRunnable.run(FastThreadLocalRunnable.java:30)
	... 1 more
Caused by: java.net.ConnectException: Connection refused
	... 11 more
2019-10-09 13:04:52,425 [3eeab9a4-47d5-4980-9c6e-5102901e869a@group-A483B260BC72:LeaderElection58] INFO  impl.LeaderElection (LogUtils.java:infoOrTrace(149)) -   Exception 1: {}
java.util.concurrent.ExecutionException: org.apache.ratis.thirdparty.io.grpc.StatusRuntimeException: UNAVAILABLE: io exception
	at java.util.concurrent.FutureTask.report(FutureTask.java:122)
	at java.util.concurrent.FutureTask.get(FutureTask.java:192)
	at org.apache.ratis.server.impl.LeaderElection.waitForResults(LeaderElection.java:263)
	at org.apache.ratis.server.impl.LeaderElection.askForVotes(LeaderElection.java:201)
	at org.apache.ratis.server.impl.LeaderElection.run(LeaderElection.java:133)
	at java.lang.Thread.run(Thread.java:748)
Caused by: org.apache.ratis.thirdparty.io.grpc.StatusRuntimeException: UNAVAILABLE: io exception
	at org.apache.ratis.thirdparty.io.grpc.stub.ClientCalls.toStatusRuntimeException(ClientCalls.java:233)
	at org.apache.ratis.thirdparty.io.grpc.stub.ClientCalls.getUnchecked(ClientCalls.java:214)
	at org.apache.ratis.thirdparty.io.grpc.stub.ClientCalls.blockingUnaryCall(ClientCalls.java:139)
	at org.apache.ratis.proto.grpc.RaftServerProtocolServiceGrpc$RaftServerProtocolServiceBlockingStub.requestVote(RaftServerProtocolServiceGrpc.java:265)
	at org.apache.ratis.grpc.server.GrpcServerProtocolClient.requestVote(GrpcServerProtocolClient.java:90)
	at org.apache.ratis.grpc.server.GrpcService.requestVote(GrpcService.java:204)
	at org.apache.ratis.server.impl.LeaderElection.lambda$submitRequests$1(LeaderElection.java:238)
	at java.util.concurrent.FutureTask.run(FutureTask.java:266)
	at java.util.concurrent.Executors$RunnableAdapter.call(Executors.java:511)
	at java.util.concurrent.FutureTask.run(FutureTask.java:266)
	at java.util.concurrent.ThreadPoolExecutor.runWorker(ThreadPoolExecutor.java:1149)
	at java.util.concurrent.ThreadPoolExecutor$Worker.run(ThreadPoolExecutor.java:624)
	... 1 more
Caused by: org.apache.ratis.thirdparty.io.netty.channel.AbstractChannel$AnnotatedConnectException: Connection refused: /192.168.5.175:40325
	at sun.nio.ch.SocketChannelImpl.checkConnect(Native Method)
	at sun.nio.ch.SocketChannelImpl.finishConnect(SocketChannelImpl.java:717)
	at org.apache.ratis.thirdparty.io.netty.channel.socket.nio.NioSocketChannel.doFinishConnect(NioSocketChannel.java:327)
	at org.apache.ratis.thirdparty.io.netty.channel.nio.AbstractNioChannel$AbstractNioUnsafe.finishConnect(AbstractNioChannel.java:340)
	at org.apache.ratis.thirdparty.io.netty.channel.nio.NioEventLoop.processSelectedKey(NioEventLoop.java:632)
	at org.apache.ratis.thirdparty.io.netty.channel.nio.NioEventLoop.processSelectedKeysOptimized(NioEventLoop.java:579)
	at org.apache.ratis.thirdparty.io.netty.channel.nio.NioEventLoop.processSelectedKeys(NioEventLoop.java:496)
	at org.apache.ratis.thirdparty.io.netty.channel.nio.NioEventLoop.run(NioEventLoop.java:458)
	at org.apache.ratis.thirdparty.io.netty.util.concurrent.SingleThreadEventExecutor$5.run(SingleThreadEventExecutor.java:897)
	at org.apache.ratis.thirdparty.io.netty.util.concurrent.FastThreadLocalRunnable.run(FastThreadLocalRunnable.java:30)
	... 1 more
Caused by: java.net.ConnectException: Connection refused
	... 11 more
2019-10-09 13:04:52,425 [3eeab9a4-47d5-4980-9c6e-5102901e869a@group-A483B260BC72:LeaderElection58] INFO  impl.RaftServerImpl (RaftServerImpl.java:setRole(174)) - 3eeab9a4-47d5-4980-9c6e-5102901e869a@group-A483B260BC72: changes role from CANDIDATE to FOLLOWER at term 10 for DISCOVERED_A_NEW_TERM
2019-10-09 13:04:52,425 [3eeab9a4-47d5-4980-9c6e-5102901e869a@group-A483B260BC72:LeaderElection58] INFO  impl.RoleInfo (RoleInfo.java:shutdownLeaderElection(134)) - 3eeab9a4-47d5-4980-9c6e-5102901e869a: shutdown LeaderElection
2019-10-09 13:04:52,425 [3eeab9a4-47d5-4980-9c6e-5102901e869a@group-A483B260BC72:LeaderElection58] INFO  impl.RoleInfo (RoleInfo.java:updateAndGet(143)) - 3eeab9a4-47d5-4980-9c6e-5102901e869a: start FollowerState
2019-10-09 13:04:52,573 [Thread-782] INFO  impl.FollowerState (FollowerState.java:run(106)) - 3eeab9a4-47d5-4980-9c6e-5102901e869a:group-6247FF3E413E changes to CANDIDATE, lastRpcTime:5098, electionTimeout:5098ms
2019-10-09 13:04:52,576 [Thread-782] INFO  impl.RoleInfo (RoleInfo.java:shutdownFollowerState(121)) - 3eeab9a4-47d5-4980-9c6e-5102901e869a: shutdown FollowerState
2019-10-09 13:04:52,576 [Thread-782] INFO  impl.RaftServerImpl (RaftServerImpl.java:setRole(174)) - 3eeab9a4-47d5-4980-9c6e-5102901e869a@group-6247FF3E413E: changes role from  FOLLOWER to CANDIDATE at term 9 for changeToCandidate
2019-10-09 13:04:52,576 [Thread-782] INFO  impl.RoleInfo (RoleInfo.java:updateAndGet(143)) - 3eeab9a4-47d5-4980-9c6e-5102901e869a: start LeaderElection
2019-10-09 13:04:52,590 [3eeab9a4-47d5-4980-9c6e-5102901e869a@group-6247FF3E413E:LeaderElection59] INFO  impl.LeaderElection (LeaderElection.java:askForVotes(182)) - 3eeab9a4-47d5-4980-9c6e-5102901e869a@group-6247FF3E413E:LeaderElection59: begin an election at term 10 for 0: [4f75c367-51e4-41c9-9287-4e8dd97f5c38:192.168.5.175:40325, 3eeab9a4-47d5-4980-9c6e-5102901e869a:192.168.5.175:43254, f0cb1a3f-6ac7-4eb8-9514-6a797ff8471f:192.168.5.175:39769], old=null
2019-10-09 13:04:52,592 [3eeab9a4-47d5-4980-9c6e-5102901e869a@group-6247FF3E413E:LeaderElection59] INFO  impl.LeaderElection (LogUtils.java:infoOrTrace(149)) - 3eeab9a4-47d5-4980-9c6e-5102901e869a@group-6247FF3E413E:LeaderElection59 got exception when requesting votes: {}
java.util.concurrent.ExecutionException: org.apache.ratis.thirdparty.io.grpc.StatusRuntimeException: UNAVAILABLE: io exception
	at java.util.concurrent.FutureTask.report(FutureTask.java:122)
	at java.util.concurrent.FutureTask.get(FutureTask.java:192)
	at org.apache.ratis.server.impl.LeaderElection.waitForResults(LeaderElection.java:263)
	at org.apache.ratis.server.impl.LeaderElection.askForVotes(LeaderElection.java:201)
	at org.apache.ratis.server.impl.LeaderElection.run(LeaderElection.java:133)
	at java.lang.Thread.run(Thread.java:748)
Caused by: org.apache.ratis.thirdparty.io.grpc.StatusRuntimeException: UNAVAILABLE: io exception
	at org.apache.ratis.thirdparty.io.grpc.stub.ClientCalls.toStatusRuntimeException(ClientCalls.java:233)
	at org.apache.ratis.thirdparty.io.grpc.stub.ClientCalls.getUnchecked(ClientCalls.java:214)
	at org.apache.ratis.thirdparty.io.grpc.stub.ClientCalls.blockingUnaryCall(ClientCalls.java:139)
	at org.apache.ratis.proto.grpc.RaftServerProtocolServiceGrpc$RaftServerProtocolServiceBlockingStub.requestVote(RaftServerProtocolServiceGrpc.java:265)
	at org.apache.ratis.grpc.server.GrpcServerProtocolClient.requestVote(GrpcServerProtocolClient.java:90)
	at org.apache.ratis.grpc.server.GrpcService.requestVote(GrpcService.java:204)
	at org.apache.ratis.server.impl.LeaderElection.lambda$submitRequests$1(LeaderElection.java:238)
	at java.util.concurrent.FutureTask.run(FutureTask.java:266)
	at java.util.concurrent.Executors$RunnableAdapter.call(Executors.java:511)
	at java.util.concurrent.FutureTask.run(FutureTask.java:266)
	at java.util.concurrent.ThreadPoolExecutor.runWorker(ThreadPoolExecutor.java:1149)
	at java.util.concurrent.ThreadPoolExecutor$Worker.run(ThreadPoolExecutor.java:624)
	... 1 more
Caused by: org.apache.ratis.thirdparty.io.netty.channel.AbstractChannel$AnnotatedConnectException: Connection refused: /192.168.5.175:39769
	at sun.nio.ch.SocketChannelImpl.checkConnect(Native Method)
	at sun.nio.ch.SocketChannelImpl.finishConnect(SocketChannelImpl.java:717)
	at org.apache.ratis.thirdparty.io.netty.channel.socket.nio.NioSocketChannel.doFinishConnect(NioSocketChannel.java:327)
	at org.apache.ratis.thirdparty.io.netty.channel.nio.AbstractNioChannel$AbstractNioUnsafe.finishConnect(AbstractNioChannel.java:340)
	at org.apache.ratis.thirdparty.io.netty.channel.nio.NioEventLoop.processSelectedKey(NioEventLoop.java:632)
	at org.apache.ratis.thirdparty.io.netty.channel.nio.NioEventLoop.processSelectedKeysOptimized(NioEventLoop.java:579)
	at org.apache.ratis.thirdparty.io.netty.channel.nio.NioEventLoop.processSelectedKeys(NioEventLoop.java:496)
	at org.apache.ratis.thirdparty.io.netty.channel.nio.NioEventLoop.run(NioEventLoop.java:458)
	at org.apache.ratis.thirdparty.io.netty.util.concurrent.SingleThreadEventExecutor$5.run(SingleThreadEventExecutor.java:897)
	at org.apache.ratis.thirdparty.io.netty.util.concurrent.FastThreadLocalRunnable.run(FastThreadLocalRunnable.java:30)
	... 1 more
Caused by: java.net.ConnectException: Connection refused
	... 11 more
2019-10-09 13:04:52,593 [3eeab9a4-47d5-4980-9c6e-5102901e869a@group-6247FF3E413E:LeaderElection59] INFO  impl.LeaderElection (LogUtils.java:infoOrTrace(149)) - 3eeab9a4-47d5-4980-9c6e-5102901e869a@group-6247FF3E413E:LeaderElection59 got exception when requesting votes: {}
java.util.concurrent.ExecutionException: org.apache.ratis.thirdparty.io.grpc.StatusRuntimeException: UNAVAILABLE: io exception
	at java.util.concurrent.FutureTask.report(FutureTask.java:122)
	at java.util.concurrent.FutureTask.get(FutureTask.java:192)
	at org.apache.ratis.server.impl.LeaderElection.waitForResults(LeaderElection.java:263)
	at org.apache.ratis.server.impl.LeaderElection.askForVotes(LeaderElection.java:201)
	at org.apache.ratis.server.impl.LeaderElection.run(LeaderElection.java:133)
	at java.lang.Thread.run(Thread.java:748)
Caused by: org.apache.ratis.thirdparty.io.grpc.StatusRuntimeException: UNAVAILABLE: io exception
	at org.apache.ratis.thirdparty.io.grpc.stub.ClientCalls.toStatusRuntimeException(ClientCalls.java:233)
	at org.apache.ratis.thirdparty.io.grpc.stub.ClientCalls.getUnchecked(ClientCalls.java:214)
	at org.apache.ratis.thirdparty.io.grpc.stub.ClientCalls.blockingUnaryCall(ClientCalls.java:139)
	at org.apache.ratis.proto.grpc.RaftServerProtocolServiceGrpc$RaftServerProtocolServiceBlockingStub.requestVote(RaftServerProtocolServiceGrpc.java:265)
	at org.apache.ratis.grpc.server.GrpcServerProtocolClient.requestVote(GrpcServerProtocolClient.java:90)
	at org.apache.ratis.grpc.server.GrpcService.requestVote(GrpcService.java:204)
	at org.apache.ratis.server.impl.LeaderElection.lambda$submitRequests$1(LeaderElection.java:238)
	at java.util.concurrent.FutureTask.run(FutureTask.java:266)
	at java.util.concurrent.Executors$RunnableAdapter.call(Executors.java:511)
	at java.util.concurrent.FutureTask.run(FutureTask.java:266)
	at java.util.concurrent.ThreadPoolExecutor.runWorker(ThreadPoolExecutor.java:1149)
	at java.util.concurrent.ThreadPoolExecutor$Worker.run(ThreadPoolExecutor.java:624)
	... 1 more
Caused by: org.apache.ratis.thirdparty.io.netty.channel.AbstractChannel$AnnotatedConnectException: Connection refused: /192.168.5.175:40325
	at sun.nio.ch.SocketChannelImpl.checkConnect(Native Method)
	at sun.nio.ch.SocketChannelImpl.finishConnect(SocketChannelImpl.java:717)
	at org.apache.ratis.thirdparty.io.netty.channel.socket.nio.NioSocketChannel.doFinishConnect(NioSocketChannel.java:327)
	at org.apache.ratis.thirdparty.io.netty.channel.nio.AbstractNioChannel$AbstractNioUnsafe.finishConnect(AbstractNioChannel.java:340)
	at org.apache.ratis.thirdparty.io.netty.channel.nio.NioEventLoop.processSelectedKey(NioEventLoop.java:632)
	at org.apache.ratis.thirdparty.io.netty.channel.nio.NioEventLoop.processSelectedKeysOptimized(NioEventLoop.java:579)
	at org.apache.ratis.thirdparty.io.netty.channel.nio.NioEventLoop.processSelectedKeys(NioEventLoop.java:496)
	at org.apache.ratis.thirdparty.io.netty.channel.nio.NioEventLoop.run(NioEventLoop.java:458)
	at org.apache.ratis.thirdparty.io.netty.util.concurrent.SingleThreadEventExecutor$5.run(SingleThreadEventExecutor.java:897)
	at org.apache.ratis.thirdparty.io.netty.util.concurrent.FastThreadLocalRunnable.run(FastThreadLocalRunnable.java:30)
	... 1 more
Caused by: java.net.ConnectException: Connection refused
	... 11 more
2019-10-09 13:04:52,593 [3eeab9a4-47d5-4980-9c6e-5102901e869a@group-6247FF3E413E:LeaderElection59] INFO  impl.LeaderElection (LeaderElection.java:logAndReturn(56)) - 3eeab9a4-47d5-4980-9c6e-5102901e869a@group-6247FF3E413E:LeaderElection59: Election REJECTED; received 0 response(s) [] and 2 exception(s); 3eeab9a4-47d5-4980-9c6e-5102901e869a@group-6247FF3E413E:t10, leader=null, voted=3eeab9a4-47d5-4980-9c6e-5102901e869a, raftlog=3eeab9a4-47d5-4980-9c6e-5102901e869a@group-6247FF3E413E-SegmentedRaftLog:OPENED:c0,f0,i0, conf=0: [4f75c367-51e4-41c9-9287-4e8dd97f5c38:192.168.5.175:40325, 3eeab9a4-47d5-4980-9c6e-5102901e869a:192.168.5.175:43254, f0cb1a3f-6ac7-4eb8-9514-6a797ff8471f:192.168.5.175:39769], old=null
2019-10-09 13:04:52,593 [3eeab9a4-47d5-4980-9c6e-5102901e869a@group-6247FF3E413E:LeaderElection59] INFO  impl.LeaderElection (LogUtils.java:infoOrTrace(149)) -   Exception 0: {}
java.util.concurrent.ExecutionException: org.apache.ratis.thirdparty.io.grpc.StatusRuntimeException: UNAVAILABLE: io exception
	at java.util.concurrent.FutureTask.report(FutureTask.java:122)
	at java.util.concurrent.FutureTask.get(FutureTask.java:192)
	at org.apache.ratis.server.impl.LeaderElection.waitForResults(LeaderElection.java:263)
	at org.apache.ratis.server.impl.LeaderElection.askForVotes(LeaderElection.java:201)
	at org.apache.ratis.server.impl.LeaderElection.run(LeaderElection.java:133)
	at java.lang.Thread.run(Thread.java:748)
Caused by: org.apache.ratis.thirdparty.io.grpc.StatusRuntimeException: UNAVAILABLE: io exception
	at org.apache.ratis.thirdparty.io.grpc.stub.ClientCalls.toStatusRuntimeException(ClientCalls.java:233)
	at org.apache.ratis.thirdparty.io.grpc.stub.ClientCalls.getUnchecked(ClientCalls.java:214)
	at org.apache.ratis.thirdparty.io.grpc.stub.ClientCalls.blockingUnaryCall(ClientCalls.java:139)
	at org.apache.ratis.proto.grpc.RaftServerProtocolServiceGrpc$RaftServerProtocolServiceBlockingStub.requestVote(RaftServerProtocolServiceGrpc.java:265)
	at org.apache.ratis.grpc.server.GrpcServerProtocolClient.requestVote(GrpcServerProtocolClient.java:90)
	at org.apache.ratis.grpc.server.GrpcService.requestVote(GrpcService.java:204)
	at org.apache.ratis.server.impl.LeaderElection.lambda$submitRequests$1(LeaderElection.java:238)
	at java.util.concurrent.FutureTask.run(FutureTask.java:266)
	at java.util.concurrent.Executors$RunnableAdapter.call(Executors.java:511)
	at java.util.concurrent.FutureTask.run(FutureTask.java:266)
	at java.util.concurrent.ThreadPoolExecutor.runWorker(ThreadPoolExecutor.java:1149)
	at java.util.concurrent.ThreadPoolExecutor$Worker.run(ThreadPoolExecutor.java:624)
	... 1 more
Caused by: org.apache.ratis.thirdparty.io.netty.channel.AbstractChannel$AnnotatedConnectException: Connection refused: /192.168.5.175:39769
	at sun.nio.ch.SocketChannelImpl.checkConnect(Native Method)
	at sun.nio.ch.SocketChannelImpl.finishConnect(SocketChannelImpl.java:717)
	at org.apache.ratis.thirdparty.io.netty.channel.socket.nio.NioSocketChannel.doFinishConnect(NioSocketChannel.java:327)
	at org.apache.ratis.thirdparty.io.netty.channel.nio.AbstractNioChannel$AbstractNioUnsafe.finishConnect(AbstractNioChannel.java:340)
	at org.apache.ratis.thirdparty.io.netty.channel.nio.NioEventLoop.processSelectedKey(NioEventLoop.java:632)
	at org.apache.ratis.thirdparty.io.netty.channel.nio.NioEventLoop.processSelectedKeysOptimized(NioEventLoop.java:579)
	at org.apache.ratis.thirdparty.io.netty.channel.nio.NioEventLoop.processSelectedKeys(NioEventLoop.java:496)
	at org.apache.ratis.thirdparty.io.netty.channel.nio.NioEventLoop.run(NioEventLoop.java:458)
	at org.apache.ratis.thirdparty.io.netty.util.concurrent.SingleThreadEventExecutor$5.run(SingleThreadEventExecutor.java:897)
	at org.apache.ratis.thirdparty.io.netty.util.concurrent.FastThreadLocalRunnable.run(FastThreadLocalRunnable.java:30)
	... 1 more
Caused by: java.net.ConnectException: Connection refused
	... 11 more
2019-10-09 13:04:52,594 [3eeab9a4-47d5-4980-9c6e-5102901e869a@group-6247FF3E413E:LeaderElection59] INFO  impl.LeaderElection (LogUtils.java:infoOrTrace(149)) -   Exception 1: {}
java.util.concurrent.ExecutionException: org.apache.ratis.thirdparty.io.grpc.StatusRuntimeException: UNAVAILABLE: io exception
	at java.util.concurrent.FutureTask.report(FutureTask.java:122)
	at java.util.concurrent.FutureTask.get(FutureTask.java:192)
	at org.apache.ratis.server.impl.LeaderElection.waitForResults(LeaderElection.java:263)
	at org.apache.ratis.server.impl.LeaderElection.askForVotes(LeaderElection.java:201)
	at org.apache.ratis.server.impl.LeaderElection.run(LeaderElection.java:133)
	at java.lang.Thread.run(Thread.java:748)
Caused by: org.apache.ratis.thirdparty.io.grpc.StatusRuntimeException: UNAVAILABLE: io exception
	at org.apache.ratis.thirdparty.io.grpc.stub.ClientCalls.toStatusRuntimeException(ClientCalls.java:233)
	at org.apache.ratis.thirdparty.io.grpc.stub.ClientCalls.getUnchecked(ClientCalls.java:214)
	at org.apache.ratis.thirdparty.io.grpc.stub.ClientCalls.blockingUnaryCall(ClientCalls.java:139)
	at org.apache.ratis.proto.grpc.RaftServerProtocolServiceGrpc$RaftServerProtocolServiceBlockingStub.requestVote(RaftServerProtocolServiceGrpc.java:265)
	at org.apache.ratis.grpc.server.GrpcServerProtocolClient.requestVote(GrpcServerProtocolClient.java:90)
	at org.apache.ratis.grpc.server.GrpcService.requestVote(GrpcService.java:204)
	at org.apache.ratis.server.impl.LeaderElection.lambda$submitRequests$1(LeaderElection.java:238)
	at java.util.concurrent.FutureTask.run(FutureTask.java:266)
	at java.util.concurrent.Executors$RunnableAdapter.call(Executors.java:511)
	at java.util.concurrent.FutureTask.run(FutureTask.java:266)
	at java.util.concurrent.ThreadPoolExecutor.runWorker(ThreadPoolExecutor.java:1149)
	at java.util.concurrent.ThreadPoolExecutor$Worker.run(ThreadPoolExecutor.java:624)
	... 1 more
Caused by: org.apache.ratis.thirdparty.io.netty.channel.AbstractChannel$AnnotatedConnectException: Connection refused: /192.168.5.175:40325
	at sun.nio.ch.SocketChannelImpl.checkConnect(Native Method)
	at sun.nio.ch.SocketChannelImpl.finishConnect(SocketChannelImpl.java:717)
	at org.apache.ratis.thirdparty.io.netty.channel.socket.nio.NioSocketChannel.doFinishConnect(NioSocketChannel.java:327)
	at org.apache.ratis.thirdparty.io.netty.channel.nio.AbstractNioChannel$AbstractNioUnsafe.finishConnect(AbstractNioChannel.java:340)
	at org.apache.ratis.thirdparty.io.netty.channel.nio.NioEventLoop.processSelectedKey(NioEventLoop.java:632)
	at org.apache.ratis.thirdparty.io.netty.channel.nio.NioEventLoop.processSelectedKeysOptimized(NioEventLoop.java:579)
	at org.apache.ratis.thirdparty.io.netty.channel.nio.NioEventLoop.processSelectedKeys(NioEventLoop.java:496)
	at org.apache.ratis.thirdparty.io.netty.channel.nio.NioEventLoop.run(NioEventLoop.java:458)
	at org.apache.ratis.thirdparty.io.netty.util.concurrent.SingleThreadEventExecutor$5.run(SingleThreadEventExecutor.java:897)
	at org.apache.ratis.thirdparty.io.netty.util.concurrent.FastThreadLocalRunnable.run(FastThreadLocalRunnable.java:30)
	... 1 more
Caused by: java.net.ConnectException: Connection refused
	... 11 more
2019-10-09 13:04:52,594 [3eeab9a4-47d5-4980-9c6e-5102901e869a@group-6247FF3E413E:LeaderElection59] INFO  impl.RaftServerImpl (RaftServerImpl.java:setRole(174)) - 3eeab9a4-47d5-4980-9c6e-5102901e869a@group-6247FF3E413E: changes role from CANDIDATE to FOLLOWER at term 10 for DISCOVERED_A_NEW_TERM
2019-10-09 13:04:52,595 [3eeab9a4-47d5-4980-9c6e-5102901e869a@group-6247FF3E413E:LeaderElection59] INFO  impl.RoleInfo (RoleInfo.java:shutdownLeaderElection(134)) - 3eeab9a4-47d5-4980-9c6e-5102901e869a: shutdown LeaderElection
2019-10-09 13:04:52,595 [3eeab9a4-47d5-4980-9c6e-5102901e869a@group-6247FF3E413E:LeaderElection59] INFO  impl.RoleInfo (RoleInfo.java:updateAndGet(143)) - 3eeab9a4-47d5-4980-9c6e-5102901e869a: start FollowerState
2019-10-09 13:04:52,920 [Thread-786] INFO  impl.FollowerState (FollowerState.java:run(106)) - 3eeab9a4-47d5-4980-9c6e-5102901e869a:group-F4DE2F4D7E72 changes to CANDIDATE, lastRpcTime:5081, electionTimeout:5081ms
2019-10-09 13:04:52,923 [Thread-786] INFO  impl.RoleInfo (RoleInfo.java:shutdownFollowerState(121)) - 3eeab9a4-47d5-4980-9c6e-5102901e869a: shutdown FollowerState
2019-10-09 13:04:52,923 [Thread-786] INFO  impl.RaftServerImpl (RaftServerImpl.java:setRole(174)) - 3eeab9a4-47d5-4980-9c6e-5102901e869a@group-F4DE2F4D7E72: changes role from  FOLLOWER to CANDIDATE at term 9 for changeToCandidate
2019-10-09 13:04:52,924 [Thread-786] INFO  impl.RoleInfo (RoleInfo.java:updateAndGet(143)) - 3eeab9a4-47d5-4980-9c6e-5102901e869a: start LeaderElection
2019-10-09 13:04:52,947 [3eeab9a4-47d5-4980-9c6e-5102901e869a@group-F4DE2F4D7E72:LeaderElection60] INFO  impl.LeaderElection (LeaderElection.java:askForVotes(182)) - 3eeab9a4-47d5-4980-9c6e-5102901e869a@group-F4DE2F4D7E72:LeaderElection60: begin an election at term 10 for 0: [4f75c367-51e4-41c9-9287-4e8dd97f5c38:192.168.5.175:40325, 3eeab9a4-47d5-4980-9c6e-5102901e869a:192.168.5.175:43254, f0cb1a3f-6ac7-4eb8-9514-6a797ff8471f:192.168.5.175:39769], old=null
2019-10-09 13:04:52,948 [3eeab9a4-47d5-4980-9c6e-5102901e869a@group-F4DE2F4D7E72:LeaderElection60] INFO  impl.LeaderElection (LogUtils.java:infoOrTrace(149)) - 3eeab9a4-47d5-4980-9c6e-5102901e869a@group-F4DE2F4D7E72:LeaderElection60 got exception when requesting votes: {}
java.util.concurrent.ExecutionException: org.apache.ratis.thirdparty.io.grpc.StatusRuntimeException: UNAVAILABLE: io exception
	at java.util.concurrent.FutureTask.report(FutureTask.java:122)
	at java.util.concurrent.FutureTask.get(FutureTask.java:192)
	at org.apache.ratis.server.impl.LeaderElection.waitForResults(LeaderElection.java:263)
	at org.apache.ratis.server.impl.LeaderElection.askForVotes(LeaderElection.java:201)
	at org.apache.ratis.server.impl.LeaderElection.run(LeaderElection.java:133)
	at java.lang.Thread.run(Thread.java:748)
Caused by: org.apache.ratis.thirdparty.io.grpc.StatusRuntimeException: UNAVAILABLE: io exception
	at org.apache.ratis.thirdparty.io.grpc.stub.ClientCalls.toStatusRuntimeException(ClientCalls.java:233)
	at org.apache.ratis.thirdparty.io.grpc.stub.ClientCalls.getUnchecked(ClientCalls.java:214)
	at org.apache.ratis.thirdparty.io.grpc.stub.ClientCalls.blockingUnaryCall(ClientCalls.java:139)
	at org.apache.ratis.proto.grpc.RaftServerProtocolServiceGrpc$RaftServerProtocolServiceBlockingStub.requestVote(RaftServerProtocolServiceGrpc.java:265)
	at org.apache.ratis.grpc.server.GrpcServerProtocolClient.requestVote(GrpcServerProtocolClient.java:90)
	at org.apache.ratis.grpc.server.GrpcService.requestVote(GrpcService.java:204)
	at org.apache.ratis.server.impl.LeaderElection.lambda$submitRequests$1(LeaderElection.java:238)
	at java.util.concurrent.FutureTask.run(FutureTask.java:266)
	at java.util.concurrent.Executors$RunnableAdapter.call(Executors.java:511)
	at java.util.concurrent.FutureTask.run(FutureTask.java:266)
	at java.util.concurrent.ThreadPoolExecutor.runWorker(ThreadPoolExecutor.java:1149)
	at java.util.concurrent.ThreadPoolExecutor$Worker.run(ThreadPoolExecutor.java:624)
	... 1 more
Caused by: org.apache.ratis.thirdparty.io.netty.channel.AbstractChannel$AnnotatedConnectException: Connection refused: /192.168.5.175:40325
	at sun.nio.ch.SocketChannelImpl.checkConnect(Native Method)
	at sun.nio.ch.SocketChannelImpl.finishConnect(SocketChannelImpl.java:717)
	at org.apache.ratis.thirdparty.io.netty.channel.socket.nio.NioSocketChannel.doFinishConnect(NioSocketChannel.java:327)
	at org.apache.ratis.thirdparty.io.netty.channel.nio.AbstractNioChannel$AbstractNioUnsafe.finishConnect(AbstractNioChannel.java:340)
	at org.apache.ratis.thirdparty.io.netty.channel.nio.NioEventLoop.processSelectedKey(NioEventLoop.java:632)
	at org.apache.ratis.thirdparty.io.netty.channel.nio.NioEventLoop.processSelectedKeysOptimized(NioEventLoop.java:579)
	at org.apache.ratis.thirdparty.io.netty.channel.nio.NioEventLoop.processSelectedKeys(NioEventLoop.java:496)
	at org.apache.ratis.thirdparty.io.netty.channel.nio.NioEventLoop.run(NioEventLoop.java:458)
	at org.apache.ratis.thirdparty.io.netty.util.concurrent.SingleThreadEventExecutor$5.run(SingleThreadEventExecutor.java:897)
	at org.apache.ratis.thirdparty.io.netty.util.concurrent.FastThreadLocalRunnable.run(FastThreadLocalRunnable.java:30)
	... 1 more
Caused by: java.net.ConnectException: Connection refused
	... 11 more
2019-10-09 13:04:52,949 [3eeab9a4-47d5-4980-9c6e-5102901e869a@group-F4DE2F4D7E72:LeaderElection60] INFO  impl.LeaderElection (LogUtils.java:infoOrTrace(149)) - 3eeab9a4-47d5-4980-9c6e-5102901e869a@group-F4DE2F4D7E72:LeaderElection60 got exception when requesting votes: {}
java.util.concurrent.ExecutionException: org.apache.ratis.thirdparty.io.grpc.StatusRuntimeException: UNAVAILABLE: io exception
	at java.util.concurrent.FutureTask.report(FutureTask.java:122)
	at java.util.concurrent.FutureTask.get(FutureTask.java:192)
	at org.apache.ratis.server.impl.LeaderElection.waitForResults(LeaderElection.java:263)
	at org.apache.ratis.server.impl.LeaderElection.askForVotes(LeaderElection.java:201)
	at org.apache.ratis.server.impl.LeaderElection.run(LeaderElection.java:133)
	at java.lang.Thread.run(Thread.java:748)
Caused by: org.apache.ratis.thirdparty.io.grpc.StatusRuntimeException: UNAVAILABLE: io exception
	at org.apache.ratis.thirdparty.io.grpc.stub.ClientCalls.toStatusRuntimeException(ClientCalls.java:233)
	at org.apache.ratis.thirdparty.io.grpc.stub.ClientCalls.getUnchecked(ClientCalls.java:214)
	at org.apache.ratis.thirdparty.io.grpc.stub.ClientCalls.blockingUnaryCall(ClientCalls.java:139)
	at org.apache.ratis.proto.grpc.RaftServerProtocolServiceGrpc$RaftServerProtocolServiceBlockingStub.requestVote(RaftServerProtocolServiceGrpc.java:265)
	at org.apache.ratis.grpc.server.GrpcServerProtocolClient.requestVote(GrpcServerProtocolClient.java:90)
	at org.apache.ratis.grpc.server.GrpcService.requestVote(GrpcService.java:204)
	at org.apache.ratis.server.impl.LeaderElection.lambda$submitRequests$1(LeaderElection.java:238)
	at java.util.concurrent.FutureTask.run(FutureTask.java:266)
	at java.util.concurrent.Executors$RunnableAdapter.call(Executors.java:511)
	at java.util.concurrent.FutureTask.run(FutureTask.java:266)
	at java.util.concurrent.ThreadPoolExecutor.runWorker(ThreadPoolExecutor.java:1149)
	at java.util.concurrent.ThreadPoolExecutor$Worker.run(ThreadPoolExecutor.java:624)
	... 1 more
Caused by: org.apache.ratis.thirdparty.io.netty.channel.AbstractChannel$AnnotatedConnectException: Connection refused: /192.168.5.175:39769
	at sun.nio.ch.SocketChannelImpl.checkConnect(Native Method)
	at sun.nio.ch.SocketChannelImpl.finishConnect(SocketChannelImpl.java:717)
	at org.apache.ratis.thirdparty.io.netty.channel.socket.nio.NioSocketChannel.doFinishConnect(NioSocketChannel.java:327)
	at org.apache.ratis.thirdparty.io.netty.channel.nio.AbstractNioChannel$AbstractNioUnsafe.finishConnect(AbstractNioChannel.java:340)
	at org.apache.ratis.thirdparty.io.netty.channel.nio.NioEventLoop.processSelectedKey(NioEventLoop.java:632)
	at org.apache.ratis.thirdparty.io.netty.channel.nio.NioEventLoop.processSelectedKeysOptimized(NioEventLoop.java:579)
	at org.apache.ratis.thirdparty.io.netty.channel.nio.NioEventLoop.processSelectedKeys(NioEventLoop.java:496)
	at org.apache.ratis.thirdparty.io.netty.channel.nio.NioEventLoop.run(NioEventLoop.java:458)
	at org.apache.ratis.thirdparty.io.netty.util.concurrent.SingleThreadEventExecutor$5.run(SingleThreadEventExecutor.java:897)
	at org.apache.ratis.thirdparty.io.netty.util.concurrent.FastThreadLocalRunnable.run(FastThreadLocalRunnable.java:30)
	... 1 more
Caused by: java.net.ConnectException: Connection refused
	... 11 more
2019-10-09 13:04:52,949 [3eeab9a4-47d5-4980-9c6e-5102901e869a@group-F4DE2F4D7E72:LeaderElection60] INFO  impl.LeaderElection (LeaderElection.java:logAndReturn(56)) - 3eeab9a4-47d5-4980-9c6e-5102901e869a@group-F4DE2F4D7E72:LeaderElection60: Election REJECTED; received 0 response(s) [] and 2 exception(s); 3eeab9a4-47d5-4980-9c6e-5102901e869a@group-F4DE2F4D7E72:t10, leader=null, voted=3eeab9a4-47d5-4980-9c6e-5102901e869a, raftlog=3eeab9a4-47d5-4980-9c6e-5102901e869a@group-F4DE2F4D7E72-SegmentedRaftLog:OPENED:c0,f0,i0, conf=0: [4f75c367-51e4-41c9-9287-4e8dd97f5c38:192.168.5.175:40325, 3eeab9a4-47d5-4980-9c6e-5102901e869a:192.168.5.175:43254, f0cb1a3f-6ac7-4eb8-9514-6a797ff8471f:192.168.5.175:39769], old=null
2019-10-09 13:04:52,949 [3eeab9a4-47d5-4980-9c6e-5102901e869a@group-F4DE2F4D7E72:LeaderElection60] INFO  impl.LeaderElection (LogUtils.java:infoOrTrace(149)) -   Exception 0: {}
java.util.concurrent.ExecutionException: org.apache.ratis.thirdparty.io.grpc.StatusRuntimeException: UNAVAILABLE: io exception
	at java.util.concurrent.FutureTask.report(FutureTask.java:122)
	at java.util.concurrent.FutureTask.get(FutureTask.java:192)
	at org.apache.ratis.server.impl.LeaderElection.waitForResults(LeaderElection.java:263)
	at org.apache.ratis.server.impl.LeaderElection.askForVotes(LeaderElection.java:201)
	at org.apache.ratis.server.impl.LeaderElection.run(LeaderElection.java:133)
	at java.lang.Thread.run(Thread.java:748)
Caused by: org.apache.ratis.thirdparty.io.grpc.StatusRuntimeException: UNAVAILABLE: io exception
	at org.apache.ratis.thirdparty.io.grpc.stub.ClientCalls.toStatusRuntimeException(ClientCalls.java:233)
	at org.apache.ratis.thirdparty.io.grpc.stub.ClientCalls.getUnchecked(ClientCalls.java:214)
	at org.apache.ratis.thirdparty.io.grpc.stub.ClientCalls.blockingUnaryCall(ClientCalls.java:139)
	at org.apache.ratis.proto.grpc.RaftServerProtocolServiceGrpc$RaftServerProtocolServiceBlockingStub.requestVote(RaftServerProtocolServiceGrpc.java:265)
	at org.apache.ratis.grpc.server.GrpcServerProtocolClient.requestVote(GrpcServerProtocolClient.java:90)
	at org.apache.ratis.grpc.server.GrpcService.requestVote(GrpcService.java:204)
	at org.apache.ratis.server.impl.LeaderElection.lambda$submitRequests$1(LeaderElection.java:238)
	at java.util.concurrent.FutureTask.run(FutureTask.java:266)
	at java.util.concurrent.Executors$RunnableAdapter.call(Executors.java:511)
	at java.util.concurrent.FutureTask.run(FutureTask.java:266)
	at java.util.concurrent.ThreadPoolExecutor.runWorker(ThreadPoolExecutor.java:1149)
	at java.util.concurrent.ThreadPoolExecutor$Worker.run(ThreadPoolExecutor.java:624)
	... 1 more
Caused by: org.apache.ratis.thirdparty.io.netty.channel.AbstractChannel$AnnotatedConnectException: Connection refused: /192.168.5.175:40325
	at sun.nio.ch.SocketChannelImpl.checkConnect(Native Method)
	at sun.nio.ch.SocketChannelImpl.finishConnect(SocketChannelImpl.java:717)
	at org.apache.ratis.thirdparty.io.netty.channel.socket.nio.NioSocketChannel.doFinishConnect(NioSocketChannel.java:327)
	at org.apache.ratis.thirdparty.io.netty.channel.nio.AbstractNioChannel$AbstractNioUnsafe.finishConnect(AbstractNioChannel.java:340)
	at org.apache.ratis.thirdparty.io.netty.channel.nio.NioEventLoop.processSelectedKey(NioEventLoop.java:632)
	at org.apache.ratis.thirdparty.io.netty.channel.nio.NioEventLoop.processSelectedKeysOptimized(NioEventLoop.java:579)
	at org.apache.ratis.thirdparty.io.netty.channel.nio.NioEventLoop.processSelectedKeys(NioEventLoop.java:496)
	at org.apache.ratis.thirdparty.io.netty.channel.nio.NioEventLoop.run(NioEventLoop.java:458)
	at org.apache.ratis.thirdparty.io.netty.util.concurrent.SingleThreadEventExecutor$5.run(SingleThreadEventExecutor.java:897)
	at org.apache.ratis.thirdparty.io.netty.util.concurrent.FastThreadLocalRunnable.run(FastThreadLocalRunnable.java:30)
	... 1 more
Caused by: java.net.ConnectException: Connection refused
	... 11 more
2019-10-09 13:04:52,950 [3eeab9a4-47d5-4980-9c6e-5102901e869a@group-F4DE2F4D7E72:LeaderElection60] INFO  impl.LeaderElection (LogUtils.java:infoOrTrace(149)) -   Exception 1: {}
java.util.concurrent.ExecutionException: org.apache.ratis.thirdparty.io.grpc.StatusRuntimeException: UNAVAILABLE: io exception
	at java.util.concurrent.FutureTask.report(FutureTask.java:122)
	at java.util.concurrent.FutureTask.get(FutureTask.java:192)
	at org.apache.ratis.server.impl.LeaderElection.waitForResults(LeaderElection.java:263)
	at org.apache.ratis.server.impl.LeaderElection.askForVotes(LeaderElection.java:201)
	at org.apache.ratis.server.impl.LeaderElection.run(LeaderElection.java:133)
	at java.lang.Thread.run(Thread.java:748)
Caused by: org.apache.ratis.thirdparty.io.grpc.StatusRuntimeException: UNAVAILABLE: io exception
	at org.apache.ratis.thirdparty.io.grpc.stub.ClientCalls.toStatusRuntimeException(ClientCalls.java:233)
	at org.apache.ratis.thirdparty.io.grpc.stub.ClientCalls.getUnchecked(ClientCalls.java:214)
	at org.apache.ratis.thirdparty.io.grpc.stub.ClientCalls.blockingUnaryCall(ClientCalls.java:139)
	at org.apache.ratis.proto.grpc.RaftServerProtocolServiceGrpc$RaftServerProtocolServiceBlockingStub.requestVote(RaftServerProtocolServiceGrpc.java:265)
	at org.apache.ratis.grpc.server.GrpcServerProtocolClient.requestVote(GrpcServerProtocolClient.java:90)
	at org.apache.ratis.grpc.server.GrpcService.requestVote(GrpcService.java:204)
	at org.apache.ratis.server.impl.LeaderElection.lambda$submitRequests$1(LeaderElection.java:238)
	at java.util.concurrent.FutureTask.run(FutureTask.java:266)
	at java.util.concurrent.Executors$RunnableAdapter.call(Executors.java:511)
	at java.util.concurrent.FutureTask.run(FutureTask.java:266)
	at java.util.concurrent.ThreadPoolExecutor.runWorker(ThreadPoolExecutor.java:1149)
	at java.util.concurrent.ThreadPoolExecutor$Worker.run(ThreadPoolExecutor.java:624)
	... 1 more
Caused by: org.apache.ratis.thirdparty.io.netty.channel.AbstractChannel$AnnotatedConnectException: Connection refused: /192.168.5.175:39769
	at sun.nio.ch.SocketChannelImpl.checkConnect(Native Method)
	at sun.nio.ch.SocketChannelImpl.finishConnect(SocketChannelImpl.java:717)
	at org.apache.ratis.thirdparty.io.netty.channel.socket.nio.NioSocketChannel.doFinishConnect(NioSocketChannel.java:327)
	at org.apache.ratis.thirdparty.io.netty.channel.nio.AbstractNioChannel$AbstractNioUnsafe.finishConnect(AbstractNioChannel.java:340)
	at org.apache.ratis.thirdparty.io.netty.channel.nio.NioEventLoop.processSelectedKey(NioEventLoop.java:632)
	at org.apache.ratis.thirdparty.io.netty.channel.nio.NioEventLoop.processSelectedKeysOptimized(NioEventLoop.java:579)
	at org.apache.ratis.thirdparty.io.netty.channel.nio.NioEventLoop.processSelectedKeys(NioEventLoop.java:496)
	at org.apache.ratis.thirdparty.io.netty.channel.nio.NioEventLoop.run(NioEventLoop.java:458)
	at org.apache.ratis.thirdparty.io.netty.util.concurrent.SingleThreadEventExecutor$5.run(SingleThreadEventExecutor.java:897)
	at org.apache.ratis.thirdparty.io.netty.util.concurrent.FastThreadLocalRunnable.run(FastThreadLocalRunnable.java:30)
	... 1 more
Caused by: java.net.ConnectException: Connection refused
	... 11 more
2019-10-09 13:04:52,950 [3eeab9a4-47d5-4980-9c6e-5102901e869a@group-F4DE2F4D7E72:LeaderElection60] INFO  impl.RaftServerImpl (RaftServerImpl.java:setRole(174)) - 3eeab9a4-47d5-4980-9c6e-5102901e869a@group-F4DE2F4D7E72: changes role from CANDIDATE to FOLLOWER at term 10 for DISCOVERED_A_NEW_TERM
2019-10-09 13:04:52,950 [3eeab9a4-47d5-4980-9c6e-5102901e869a@group-F4DE2F4D7E72:LeaderElection60] INFO  impl.RoleInfo (RoleInfo.java:shutdownLeaderElection(134)) - 3eeab9a4-47d5-4980-9c6e-5102901e869a: shutdown LeaderElection
2019-10-09 13:04:52,950 [3eeab9a4-47d5-4980-9c6e-5102901e869a@group-F4DE2F4D7E72:LeaderElection60] INFO  impl.RoleInfo (RoleInfo.java:updateAndGet(143)) - 3eeab9a4-47d5-4980-9c6e-5102901e869a: start FollowerState
2019-10-09 13:04:53,080 [Thread-790] INFO  impl.FollowerState (FollowerState.java:run(106)) - 3eeab9a4-47d5-4980-9c6e-5102901e869a:group-C24D4FE0C6F2 changes to CANDIDATE, lastRpcTime:5196, electionTimeout:5196ms
2019-10-09 13:04:53,083 [Thread-790] INFO  impl.RoleInfo (RoleInfo.java:shutdownFollowerState(121)) - 3eeab9a4-47d5-4980-9c6e-5102901e869a: shutdown FollowerState
2019-10-09 13:04:53,083 [Thread-790] INFO  impl.RaftServerImpl (RaftServerImpl.java:setRole(174)) - 3eeab9a4-47d5-4980-9c6e-5102901e869a@group-C24D4FE0C6F2: changes role from  FOLLOWER to CANDIDATE at term 10 for changeToCandidate
2019-10-09 13:04:53,083 [Thread-790] INFO  impl.RoleInfo (RoleInfo.java:updateAndGet(143)) - 3eeab9a4-47d5-4980-9c6e-5102901e869a: start LeaderElection
2019-10-09 13:04:53,099 [3eeab9a4-47d5-4980-9c6e-5102901e869a@group-C24D4FE0C6F2:LeaderElection61] INFO  impl.LeaderElection (LeaderElection.java:askForVotes(182)) - 3eeab9a4-47d5-4980-9c6e-5102901e869a@group-C24D4FE0C6F2:LeaderElection61: begin an election at term 11 for 0: [4f75c367-51e4-41c9-9287-4e8dd97f5c38:192.168.5.175:40325, 3eeab9a4-47d5-4980-9c6e-5102901e869a:192.168.5.175:43254, f0cb1a3f-6ac7-4eb8-9514-6a797ff8471f:192.168.5.175:39769], old=null
2019-10-09 13:04:53,100 [3eeab9a4-47d5-4980-9c6e-5102901e869a@group-C24D4FE0C6F2:LeaderElection61] INFO  impl.LeaderElection (LogUtils.java:infoOrTrace(149)) - 3eeab9a4-47d5-4980-9c6e-5102901e869a@group-C24D4FE0C6F2:LeaderElection61 got exception when requesting votes: {}
java.util.concurrent.ExecutionException: org.apache.ratis.thirdparty.io.grpc.StatusRuntimeException: UNAVAILABLE: io exception
	at java.util.concurrent.FutureTask.report(FutureTask.java:122)
	at java.util.concurrent.FutureTask.get(FutureTask.java:192)
	at org.apache.ratis.server.impl.LeaderElection.waitForResults(LeaderElection.java:263)
	at org.apache.ratis.server.impl.LeaderElection.askForVotes(LeaderElection.java:201)
	at org.apache.ratis.server.impl.LeaderElection.run(LeaderElection.java:133)
	at java.lang.Thread.run(Thread.java:748)
Caused by: org.apache.ratis.thirdparty.io.grpc.StatusRuntimeException: UNAVAILABLE: io exception
	at org.apache.ratis.thirdparty.io.grpc.stub.ClientCalls.toStatusRuntimeException(ClientCalls.java:233)
	at org.apache.ratis.thirdparty.io.grpc.stub.ClientCalls.getUnchecked(ClientCalls.java:214)
	at org.apache.ratis.thirdparty.io.grpc.stub.ClientCalls.blockingUnaryCall(ClientCalls.java:139)
	at org.apache.ratis.proto.grpc.RaftServerProtocolServiceGrpc$RaftServerProtocolServiceBlockingStub.requestVote(RaftServerProtocolServiceGrpc.java:265)
	at org.apache.ratis.grpc.server.GrpcServerProtocolClient.requestVote(GrpcServerProtocolClient.java:90)
	at org.apache.ratis.grpc.server.GrpcService.requestVote(GrpcService.java:204)
	at org.apache.ratis.server.impl.LeaderElection.lambda$submitRequests$1(LeaderElection.java:238)
	at java.util.concurrent.FutureTask.run(FutureTask.java:266)
	at java.util.concurrent.Executors$RunnableAdapter.call(Executors.java:511)
	at java.util.concurrent.FutureTask.run(FutureTask.java:266)
	at java.util.concurrent.ThreadPoolExecutor.runWorker(ThreadPoolExecutor.java:1149)
	at java.util.concurrent.ThreadPoolExecutor$Worker.run(ThreadPoolExecutor.java:624)
	... 1 more
Caused by: org.apache.ratis.thirdparty.io.netty.channel.AbstractChannel$AnnotatedConnectException: Connection refused: /192.168.5.175:40325
	at sun.nio.ch.SocketChannelImpl.checkConnect(Native Method)
	at sun.nio.ch.SocketChannelImpl.finishConnect(SocketChannelImpl.java:717)
	at org.apache.ratis.thirdparty.io.netty.channel.socket.nio.NioSocketChannel.doFinishConnect(NioSocketChannel.java:327)
	at org.apache.ratis.thirdparty.io.netty.channel.nio.AbstractNioChannel$AbstractNioUnsafe.finishConnect(AbstractNioChannel.java:340)
	at org.apache.ratis.thirdparty.io.netty.channel.nio.NioEventLoop.processSelectedKey(NioEventLoop.java:632)
	at org.apache.ratis.thirdparty.io.netty.channel.nio.NioEventLoop.processSelectedKeysOptimized(NioEventLoop.java:579)
	at org.apache.ratis.thirdparty.io.netty.channel.nio.NioEventLoop.processSelectedKeys(NioEventLoop.java:496)
	at org.apache.ratis.thirdparty.io.netty.channel.nio.NioEventLoop.run(NioEventLoop.java:458)
	at org.apache.ratis.thirdparty.io.netty.util.concurrent.SingleThreadEventExecutor$5.run(SingleThreadEventExecutor.java:897)
	at org.apache.ratis.thirdparty.io.netty.util.concurrent.FastThreadLocalRunnable.run(FastThreadLocalRunnable.java:30)
	... 1 more
Caused by: java.net.ConnectException: Connection refused
	... 11 more
2019-10-09 13:04:53,100 [3eeab9a4-47d5-4980-9c6e-5102901e869a@group-C24D4FE0C6F2:LeaderElection61] INFO  impl.LeaderElection (LogUtils.java:infoOrTrace(149)) - 3eeab9a4-47d5-4980-9c6e-5102901e869a@group-C24D4FE0C6F2:LeaderElection61 got exception when requesting votes: {}
java.util.concurrent.ExecutionException: org.apache.ratis.thirdparty.io.grpc.StatusRuntimeException: UNAVAILABLE: io exception
	at java.util.concurrent.FutureTask.report(FutureTask.java:122)
	at java.util.concurrent.FutureTask.get(FutureTask.java:192)
	at org.apache.ratis.server.impl.LeaderElection.waitForResults(LeaderElection.java:263)
	at org.apache.ratis.server.impl.LeaderElection.askForVotes(LeaderElection.java:201)
	at org.apache.ratis.server.impl.LeaderElection.run(LeaderElection.java:133)
	at java.lang.Thread.run(Thread.java:748)
Caused by: org.apache.ratis.thirdparty.io.grpc.StatusRuntimeException: UNAVAILABLE: io exception
	at org.apache.ratis.thirdparty.io.grpc.stub.ClientCalls.toStatusRuntimeException(ClientCalls.java:233)
	at org.apache.ratis.thirdparty.io.grpc.stub.ClientCalls.getUnchecked(ClientCalls.java:214)
	at org.apache.ratis.thirdparty.io.grpc.stub.ClientCalls.blockingUnaryCall(ClientCalls.java:139)
	at org.apache.ratis.proto.grpc.RaftServerProtocolServiceGrpc$RaftServerProtocolServiceBlockingStub.requestVote(RaftServerProtocolServiceGrpc.java:265)
	at org.apache.ratis.grpc.server.GrpcServerProtocolClient.requestVote(GrpcServerProtocolClient.java:90)
	at org.apache.ratis.grpc.server.GrpcService.requestVote(GrpcService.java:204)
	at org.apache.ratis.server.impl.LeaderElection.lambda$submitRequests$1(LeaderElection.java:238)
	at java.util.concurrent.FutureTask.run(FutureTask.java:266)
	at java.util.concurrent.Executors$RunnableAdapter.call(Executors.java:511)
	at java.util.concurrent.FutureTask.run(FutureTask.java:266)
	at java.util.concurrent.ThreadPoolExecutor.runWorker(ThreadPoolExecutor.java:1149)
	at java.util.concurrent.ThreadPoolExecutor$Worker.run(ThreadPoolExecutor.java:624)
	... 1 more
Caused by: org.apache.ratis.thirdparty.io.netty.channel.AbstractChannel$AnnotatedConnectException: Connection refused: /192.168.5.175:39769
	at sun.nio.ch.SocketChannelImpl.checkConnect(Native Method)
	at sun.nio.ch.SocketChannelImpl.finishConnect(SocketChannelImpl.java:717)
	at org.apache.ratis.thirdparty.io.netty.channel.socket.nio.NioSocketChannel.doFinishConnect(NioSocketChannel.java:327)
	at org.apache.ratis.thirdparty.io.netty.channel.nio.AbstractNioChannel$AbstractNioUnsafe.finishConnect(AbstractNioChannel.java:340)
	at org.apache.ratis.thirdparty.io.netty.channel.nio.NioEventLoop.processSelectedKey(NioEventLoop.java:632)
	at org.apache.ratis.thirdparty.io.netty.channel.nio.NioEventLoop.processSelectedKeysOptimized(NioEventLoop.java:579)
	at org.apache.ratis.thirdparty.io.netty.channel.nio.NioEventLoop.processSelectedKeys(NioEventLoop.java:496)
	at org.apache.ratis.thirdparty.io.netty.channel.nio.NioEventLoop.run(NioEventLoop.java:458)
	at org.apache.ratis.thirdparty.io.netty.util.concurrent.SingleThreadEventExecutor$5.run(SingleThreadEventExecutor.java:897)
	at org.apache.ratis.thirdparty.io.netty.util.concurrent.FastThreadLocalRunnable.run(FastThreadLocalRunnable.java:30)
	... 1 more
Caused by: java.net.ConnectException: Connection refused
	... 11 more
2019-10-09 13:04:53,101 [3eeab9a4-47d5-4980-9c6e-5102901e869a@group-C24D4FE0C6F2:LeaderElection61] INFO  impl.LeaderElection (LeaderElection.java:logAndReturn(56)) - 3eeab9a4-47d5-4980-9c6e-5102901e869a@group-C24D4FE0C6F2:LeaderElection61: Election REJECTED; received 0 response(s) [] and 2 exception(s); 3eeab9a4-47d5-4980-9c6e-5102901e869a@group-C24D4FE0C6F2:t11, leader=null, voted=3eeab9a4-47d5-4980-9c6e-5102901e869a, raftlog=3eeab9a4-47d5-4980-9c6e-5102901e869a@group-C24D4FE0C6F2-SegmentedRaftLog:OPENED:c16,f16,i16, conf=0: [4f75c367-51e4-41c9-9287-4e8dd97f5c38:192.168.5.175:40325, 3eeab9a4-47d5-4980-9c6e-5102901e869a:192.168.5.175:43254, f0cb1a3f-6ac7-4eb8-9514-6a797ff8471f:192.168.5.175:39769], old=null
2019-10-09 13:04:53,101 [3eeab9a4-47d5-4980-9c6e-5102901e869a@group-C24D4FE0C6F2:LeaderElection61] INFO  impl.LeaderElection (LogUtils.java:infoOrTrace(149)) -   Exception 0: {}
java.util.concurrent.ExecutionException: org.apache.ratis.thirdparty.io.grpc.StatusRuntimeException: UNAVAILABLE: io exception
	at java.util.concurrent.FutureTask.report(FutureTask.java:122)
	at java.util.concurrent.FutureTask.get(FutureTask.java:192)
	at org.apache.ratis.server.impl.LeaderElection.waitForResults(LeaderElection.java:263)
	at org.apache.ratis.server.impl.LeaderElection.askForVotes(LeaderElection.java:201)
	at org.apache.ratis.server.impl.LeaderElection.run(LeaderElection.java:133)
	at java.lang.Thread.run(Thread.java:748)
Caused by: org.apache.ratis.thirdparty.io.grpc.StatusRuntimeException: UNAVAILABLE: io exception
	at org.apache.ratis.thirdparty.io.grpc.stub.ClientCalls.toStatusRuntimeException(ClientCalls.java:233)
	at org.apache.ratis.thirdparty.io.grpc.stub.ClientCalls.getUnchecked(ClientCalls.java:214)
	at org.apache.ratis.thirdparty.io.grpc.stub.ClientCalls.blockingUnaryCall(ClientCalls.java:139)
	at org.apache.ratis.proto.grpc.RaftServerProtocolServiceGrpc$RaftServerProtocolServiceBlockingStub.requestVote(RaftServerProtocolServiceGrpc.java:265)
	at org.apache.ratis.grpc.server.GrpcServerProtocolClient.requestVote(GrpcServerProtocolClient.java:90)
	at org.apache.ratis.grpc.server.GrpcService.requestVote(GrpcService.java:204)
	at org.apache.ratis.server.impl.LeaderElection.lambda$submitRequests$1(LeaderElection.java:238)
	at java.util.concurrent.FutureTask.run(FutureTask.java:266)
	at java.util.concurrent.Executors$RunnableAdapter.call(Executors.java:511)
	at java.util.concurrent.FutureTask.run(FutureTask.java:266)
	at java.util.concurrent.ThreadPoolExecutor.runWorker(ThreadPoolExecutor.java:1149)
	at java.util.concurrent.ThreadPoolExecutor$Worker.run(ThreadPoolExecutor.java:624)
	... 1 more
Caused by: org.apache.ratis.thirdparty.io.netty.channel.AbstractChannel$AnnotatedConnectException: Connection refused: /192.168.5.175:40325
	at sun.nio.ch.SocketChannelImpl.checkConnect(Native Method)
	at sun.nio.ch.SocketChannelImpl.finishConnect(SocketChannelImpl.java:717)
	at org.apache.ratis.thirdparty.io.netty.channel.socket.nio.NioSocketChannel.doFinishConnect(NioSocketChannel.java:327)
	at org.apache.ratis.thirdparty.io.netty.channel.nio.AbstractNioChannel$AbstractNioUnsafe.finishConnect(AbstractNioChannel.java:340)
	at org.apache.ratis.thirdparty.io.netty.channel.nio.NioEventLoop.processSelectedKey(NioEventLoop.java:632)
	at org.apache.ratis.thirdparty.io.netty.channel.nio.NioEventLoop.processSelectedKeysOptimized(NioEventLoop.java:579)
	at org.apache.ratis.thirdparty.io.netty.channel.nio.NioEventLoop.processSelectedKeys(NioEventLoop.java:496)
	at org.apache.ratis.thirdparty.io.netty.channel.nio.NioEventLoop.run(NioEventLoop.java:458)
	at org.apache.ratis.thirdparty.io.netty.util.concurrent.SingleThreadEventExecutor$5.run(SingleThreadEventExecutor.java:897)
	at org.apache.ratis.thirdparty.io.netty.util.concurrent.FastThreadLocalRunnable.run(FastThreadLocalRunnable.java:30)
	... 1 more
Caused by: java.net.ConnectException: Connection refused
	... 11 more
2019-10-09 13:04:53,101 [3eeab9a4-47d5-4980-9c6e-5102901e869a@group-C24D4FE0C6F2:LeaderElection61] INFO  impl.LeaderElection (LogUtils.java:infoOrTrace(149)) -   Exception 1: {}
java.util.concurrent.ExecutionException: org.apache.ratis.thirdparty.io.grpc.StatusRuntimeException: UNAVAILABLE: io exception
	at java.util.concurrent.FutureTask.report(FutureTask.java:122)
	at java.util.concurrent.FutureTask.get(FutureTask.java:192)
	at org.apache.ratis.server.impl.LeaderElection.waitForResults(LeaderElection.java:263)
	at org.apache.ratis.server.impl.LeaderElection.askForVotes(LeaderElection.java:201)
	at org.apache.ratis.server.impl.LeaderElection.run(LeaderElection.java:133)
	at java.lang.Thread.run(Thread.java:748)
Caused by: org.apache.ratis.thirdparty.io.grpc.StatusRuntimeException: UNAVAILABLE: io exception
	at org.apache.ratis.thirdparty.io.grpc.stub.ClientCalls.toStatusRuntimeException(ClientCalls.java:233)
	at org.apache.ratis.thirdparty.io.grpc.stub.ClientCalls.getUnchecked(ClientCalls.java:214)
	at org.apache.ratis.thirdparty.io.grpc.stub.ClientCalls.blockingUnaryCall(ClientCalls.java:139)
	at org.apache.ratis.proto.grpc.RaftServerProtocolServiceGrpc$RaftServerProtocolServiceBlockingStub.requestVote(RaftServerProtocolServiceGrpc.java:265)
	at org.apache.ratis.grpc.server.GrpcServerProtocolClient.requestVote(GrpcServerProtocolClient.java:90)
	at org.apache.ratis.grpc.server.GrpcService.requestVote(GrpcService.java:204)
	at org.apache.ratis.server.impl.LeaderElection.lambda$submitRequests$1(LeaderElection.java:238)
	at java.util.concurrent.FutureTask.run(FutureTask.java:266)
	at java.util.concurrent.Executors$RunnableAdapter.call(Executors.java:511)
	at java.util.concurrent.FutureTask.run(FutureTask.java:266)
	at java.util.concurrent.ThreadPoolExecutor.runWorker(ThreadPoolExecutor.java:1149)
	at java.util.concurrent.ThreadPoolExecutor$Worker.run(ThreadPoolExecutor.java:624)
	... 1 more
Caused by: org.apache.ratis.thirdparty.io.netty.channel.AbstractChannel$AnnotatedConnectException: Connection refused: /192.168.5.175:39769
	at sun.nio.ch.SocketChannelImpl.checkConnect(Native Method)
	at sun.nio.ch.SocketChannelImpl.finishConnect(SocketChannelImpl.java:717)
	at org.apache.ratis.thirdparty.io.netty.channel.socket.nio.NioSocketChannel.doFinishConnect(NioSocketChannel.java:327)
	at org.apache.ratis.thirdparty.io.netty.channel.nio.AbstractNioChannel$AbstractNioUnsafe.finishConnect(AbstractNioChannel.java:340)
	at org.apache.ratis.thirdparty.io.netty.channel.nio.NioEventLoop.processSelectedKey(NioEventLoop.java:632)
	at org.apache.ratis.thirdparty.io.netty.channel.nio.NioEventLoop.processSelectedKeysOptimized(NioEventLoop.java:579)
	at org.apache.ratis.thirdparty.io.netty.channel.nio.NioEventLoop.processSelectedKeys(NioEventLoop.java:496)
	at org.apache.ratis.thirdparty.io.netty.channel.nio.NioEventLoop.run(NioEventLoop.java:458)
	at org.apache.ratis.thirdparty.io.netty.util.concurrent.SingleThreadEventExecutor$5.run(SingleThreadEventExecutor.java:897)
	at org.apache.ratis.thirdparty.io.netty.util.concurrent.FastThreadLocalRunnable.run(FastThreadLocalRunnable.java:30)
	... 1 more
Caused by: java.net.ConnectException: Connection refused
	... 11 more
2019-10-09 13:04:53,102 [3eeab9a4-47d5-4980-9c6e-5102901e869a@group-C24D4FE0C6F2:LeaderElection61] INFO  impl.RaftServerImpl (RaftServerImpl.java:setRole(174)) - 3eeab9a4-47d5-4980-9c6e-5102901e869a@group-C24D4FE0C6F2: changes role from CANDIDATE to FOLLOWER at term 11 for DISCOVERED_A_NEW_TERM
2019-10-09 13:04:53,102 [3eeab9a4-47d5-4980-9c6e-5102901e869a@group-C24D4FE0C6F2:LeaderElection61] INFO  impl.RoleInfo (RoleInfo.java:shutdownLeaderElection(134)) - 3eeab9a4-47d5-4980-9c6e-5102901e869a: shutdown LeaderElection
2019-10-09 13:04:53,102 [3eeab9a4-47d5-4980-9c6e-5102901e869a@group-C24D4FE0C6F2:LeaderElection61] INFO  impl.RoleInfo (RoleInfo.java:updateAndGet(143)) - 3eeab9a4-47d5-4980-9c6e-5102901e869a: start FollowerState
2019-10-09 13:04:53,903 [grpc-default-executor-9] WARN  server.GrpcLogAppender (LogUtils.java:warn(134)) - 3eeab9a4-47d5-4980-9c6e-5102901e869a@group-DDAC6CD64C05->f0cb1a3f-6ac7-4eb8-9514-6a797ff8471f-AppendLogResponseHandler: Failed appendEntries: org.apache.ratis.thirdparty.io.grpc.StatusRuntimeException: UNAVAILABLE: io exception
2019-10-09 13:04:53,907 [grpc-default-executor-9] INFO  impl.FollowerInfo (FollowerInfo.java:lambda$new$0(51)) - 3eeab9a4-47d5-4980-9c6e-5102901e869a@group-DDAC6CD64C05->f0cb1a3f-6ac7-4eb8-9514-6a797ff8471f: nextIndex: updateUnconditionally 0 -> 0
2019-10-09 13:04:53,930 [grpc-default-executor-9] WARN  server.GrpcLogAppender (LogUtils.java:warn(134)) - 3eeab9a4-47d5-4980-9c6e-5102901e869a@group-DDAC6CD64C05->4f75c367-51e4-41c9-9287-4e8dd97f5c38-AppendLogResponseHandler: Failed appendEntries: org.apache.ratis.thirdparty.io.grpc.StatusRuntimeException: UNAVAILABLE: io exception
2019-10-09 13:04:53,930 [grpc-default-executor-9] INFO  impl.FollowerInfo (FollowerInfo.java:lambda$new$0(51)) - 3eeab9a4-47d5-4980-9c6e-5102901e869a@group-DDAC6CD64C05->4f75c367-51e4-41c9-9287-4e8dd97f5c38: nextIndex: updateUnconditionally 0 -> 0
2019-10-09 13:04:54,009 [grpc-default-executor-7] WARN  server.GrpcLogAppender (LogUtils.java:warn(134)) - 3eeab9a4-47d5-4980-9c6e-5102901e869a@group-75761DEE94FB->f0cb1a3f-6ac7-4eb8-9514-6a797ff8471f-AppendLogResponseHandler: Failed appendEntries: org.apache.ratis.thirdparty.io.grpc.StatusRuntimeException: UNAVAILABLE: io exception
2019-10-09 13:04:54,009 [grpc-default-executor-7] INFO  impl.FollowerInfo (FollowerInfo.java:lambda$new$0(51)) - 3eeab9a4-47d5-4980-9c6e-5102901e869a@group-75761DEE94FB->f0cb1a3f-6ac7-4eb8-9514-6a797ff8471f: nextIndex: updateUnconditionally 0 -> 0
2019-10-09 13:04:54,016 [grpc-default-executor-9] WARN  server.GrpcLogAppender (LogUtils.java:warn(134)) - 3eeab9a4-47d5-4980-9c6e-5102901e869a@group-75761DEE94FB->4f75c367-51e4-41c9-9287-4e8dd97f5c38-AppendLogResponseHandler: Failed appendEntries: org.apache.ratis.thirdparty.io.grpc.StatusRuntimeException: UNAVAILABLE: io exception
2019-10-09 13:04:54,016 [grpc-default-executor-9] INFO  impl.FollowerInfo (FollowerInfo.java:lambda$new$0(51)) - 3eeab9a4-47d5-4980-9c6e-5102901e869a@group-75761DEE94FB->4f75c367-51e4-41c9-9287-4e8dd97f5c38: nextIndex: updateUnconditionally 0 -> 0
2019-10-09 13:04:54,199 [grpc-default-executor-4] WARN  server.GrpcLogAppender (LogUtils.java:warn(134)) - 3eeab9a4-47d5-4980-9c6e-5102901e869a@group-153C1C6005E2->f0cb1a3f-6ac7-4eb8-9514-6a797ff8471f-AppendLogResponseHandler: Failed appendEntries: org.apache.ratis.thirdparty.io.grpc.StatusRuntimeException: UNAVAILABLE: io exception
2019-10-09 13:04:54,199 [grpc-default-executor-4] INFO  impl.FollowerInfo (FollowerInfo.java:lambda$new$0(51)) - 3eeab9a4-47d5-4980-9c6e-5102901e869a@group-153C1C6005E2->f0cb1a3f-6ac7-4eb8-9514-6a797ff8471f: nextIndex: updateUnconditionally 0 -> 0
2019-10-09 13:04:54,203 [grpc-default-executor-9] WARN  server.GrpcLogAppender (LogUtils.java:warn(134)) - 3eeab9a4-47d5-4980-9c6e-5102901e869a@group-153C1C6005E2->4f75c367-51e4-41c9-9287-4e8dd97f5c38-AppendLogResponseHandler: Failed appendEntries: org.apache.ratis.thirdparty.io.grpc.StatusRuntimeException: UNAVAILABLE: io exception
2019-10-09 13:04:54,204 [grpc-default-executor-9] INFO  impl.FollowerInfo (FollowerInfo.java:lambda$new$0(51)) - 3eeab9a4-47d5-4980-9c6e-5102901e869a@group-153C1C6005E2->4f75c367-51e4-41c9-9287-4e8dd97f5c38: nextIndex: updateUnconditionally 0 -> 0
2019-10-09 13:04:56,406 [grpc-default-executor-7] WARN  server.GrpcLogAppender (LogUtils.java:warn(134)) - 3eeab9a4-47d5-4980-9c6e-5102901e869a@group-DDAC6CD64C05->f0cb1a3f-6ac7-4eb8-9514-6a797ff8471f-AppendLogResponseHandler: Failed appendEntries: org.apache.ratis.thirdparty.io.grpc.StatusRuntimeException: UNAVAILABLE: io exception
2019-10-09 13:04:56,406 [grpc-default-executor-7] INFO  impl.FollowerInfo (FollowerInfo.java:lambda$new$0(51)) - 3eeab9a4-47d5-4980-9c6e-5102901e869a@group-DDAC6CD64C05->f0cb1a3f-6ac7-4eb8-9514-6a797ff8471f: nextIndex: updateUnconditionally 0 -> 0
2019-10-09 13:04:56,432 [grpc-default-executor-9] WARN  server.GrpcLogAppender (LogUtils.java:warn(134)) - 3eeab9a4-47d5-4980-9c6e-5102901e869a@group-DDAC6CD64C05->4f75c367-51e4-41c9-9287-4e8dd97f5c38-AppendLogResponseHandler: Failed appendEntries: org.apache.ratis.thirdparty.io.grpc.StatusRuntimeException: UNAVAILABLE: io exception
2019-10-09 13:04:56,432 [grpc-default-executor-9] INFO  impl.FollowerInfo (FollowerInfo.java:lambda$new$0(51)) - 3eeab9a4-47d5-4980-9c6e-5102901e869a@group-DDAC6CD64C05->4f75c367-51e4-41c9-9287-4e8dd97f5c38: nextIndex: updateUnconditionally 0 -> 0
2019-10-09 13:04:56,509 [grpc-default-executor-7] WARN  server.GrpcLogAppender (LogUtils.java:warn(134)) - 3eeab9a4-47d5-4980-9c6e-5102901e869a@group-75761DEE94FB->f0cb1a3f-6ac7-4eb8-9514-6a797ff8471f-AppendLogResponseHandler: Failed appendEntries: org.apache.ratis.thirdparty.io.grpc.StatusRuntimeException: UNAVAILABLE: io exception
2019-10-09 13:04:56,510 [grpc-default-executor-7] INFO  impl.FollowerInfo (FollowerInfo.java:lambda$new$0(51)) - 3eeab9a4-47d5-4980-9c6e-5102901e869a@group-75761DEE94FB->f0cb1a3f-6ac7-4eb8-9514-6a797ff8471f: nextIndex: updateUnconditionally 0 -> 0
2019-10-09 13:04:56,516 [grpc-default-executor-4] WARN  server.GrpcLogAppender (LogUtils.java:warn(134)) - 3eeab9a4-47d5-4980-9c6e-5102901e869a@group-75761DEE94FB->4f75c367-51e4-41c9-9287-4e8dd97f5c38-AppendLogResponseHandler: Failed appendEntries: org.apache.ratis.thirdparty.io.grpc.StatusRuntimeException: UNAVAILABLE: io exception
2019-10-09 13:04:56,516 [grpc-default-executor-4] INFO  impl.FollowerInfo (FollowerInfo.java:lambda$new$0(51)) - 3eeab9a4-47d5-4980-9c6e-5102901e869a@group-75761DEE94FB->4f75c367-51e4-41c9-9287-4e8dd97f5c38: nextIndex: updateUnconditionally 0 -> 0
2019-10-09 13:04:56,699 [grpc-default-executor-9] WARN  server.GrpcLogAppender (LogUtils.java:warn(134)) - 3eeab9a4-47d5-4980-9c6e-5102901e869a@group-153C1C6005E2->f0cb1a3f-6ac7-4eb8-9514-6a797ff8471f-AppendLogResponseHandler: Failed appendEntries: org.apache.ratis.thirdparty.io.grpc.StatusRuntimeException: UNAVAILABLE: io exception
2019-10-09 13:04:56,700 [grpc-default-executor-9] INFO  impl.FollowerInfo (FollowerInfo.java:lambda$new$0(51)) - 3eeab9a4-47d5-4980-9c6e-5102901e869a@group-153C1C6005E2->f0cb1a3f-6ac7-4eb8-9514-6a797ff8471f: nextIndex: updateUnconditionally 0 -> 0
2019-10-09 13:04:56,704 [grpc-default-executor-7] WARN  server.GrpcLogAppender (LogUtils.java:warn(134)) - 3eeab9a4-47d5-4980-9c6e-5102901e869a@group-153C1C6005E2->4f75c367-51e4-41c9-9287-4e8dd97f5c38-AppendLogResponseHandler: Failed appendEntries: org.apache.ratis.thirdparty.io.grpc.StatusRuntimeException: UNAVAILABLE: io exception
2019-10-09 13:04:56,705 [grpc-default-executor-7] INFO  impl.FollowerInfo (FollowerInfo.java:lambda$new$0(51)) - 3eeab9a4-47d5-4980-9c6e-5102901e869a@group-153C1C6005E2->4f75c367-51e4-41c9-9287-4e8dd97f5c38: nextIndex: updateUnconditionally 0 -> 0
2019-10-09 13:04:57,571 [Thread-800] INFO  impl.FollowerState (FollowerState.java:run(106)) - 3eeab9a4-47d5-4980-9c6e-5102901e869a:group-A483B260BC72 changes to CANDIDATE, lastRpcTime:5145, electionTimeout:5145ms
2019-10-09 13:04:57,572 [Thread-800] INFO  impl.RoleInfo (RoleInfo.java:shutdownFollowerState(121)) - 3eeab9a4-47d5-4980-9c6e-5102901e869a: shutdown FollowerState
2019-10-09 13:04:57,572 [Thread-800] INFO  impl.RaftServerImpl (RaftServerImpl.java:setRole(174)) - 3eeab9a4-47d5-4980-9c6e-5102901e869a@group-A483B260BC72: changes role from  FOLLOWER to CANDIDATE at term 10 for changeToCandidate
2019-10-09 13:04:57,573 [Thread-800] INFO  impl.RoleInfo (RoleInfo.java:updateAndGet(143)) - 3eeab9a4-47d5-4980-9c6e-5102901e869a: start LeaderElection
2019-10-09 13:04:57,591 [3eeab9a4-47d5-4980-9c6e-5102901e869a@group-A483B260BC72:LeaderElection62] INFO  impl.LeaderElection (LeaderElection.java:askForVotes(182)) - 3eeab9a4-47d5-4980-9c6e-5102901e869a@group-A483B260BC72:LeaderElection62: begin an election at term 11 for 0: [4f75c367-51e4-41c9-9287-4e8dd97f5c38:192.168.5.175:40325, 3eeab9a4-47d5-4980-9c6e-5102901e869a:192.168.5.175:43254, f0cb1a3f-6ac7-4eb8-9514-6a797ff8471f:192.168.5.175:39769], old=null
2019-10-09 13:04:57,596 [3eeab9a4-47d5-4980-9c6e-5102901e869a@group-A483B260BC72:LeaderElection62] INFO  impl.LeaderElection (LogUtils.java:infoOrTrace(149)) - 3eeab9a4-47d5-4980-9c6e-5102901e869a@group-A483B260BC72:LeaderElection62 got exception when requesting votes: {}
java.util.concurrent.ExecutionException: org.apache.ratis.thirdparty.io.grpc.StatusRuntimeException: UNAVAILABLE: io exception
	at java.util.concurrent.FutureTask.report(FutureTask.java:122)
	at java.util.concurrent.FutureTask.get(FutureTask.java:192)
	at org.apache.ratis.server.impl.LeaderElection.waitForResults(LeaderElection.java:263)
	at org.apache.ratis.server.impl.LeaderElection.askForVotes(LeaderElection.java:201)
	at org.apache.ratis.server.impl.LeaderElection.run(LeaderElection.java:133)
	at java.lang.Thread.run(Thread.java:748)
Caused by: org.apache.ratis.thirdparty.io.grpc.StatusRuntimeException: UNAVAILABLE: io exception
	at org.apache.ratis.thirdparty.io.grpc.stub.ClientCalls.toStatusRuntimeException(ClientCalls.java:233)
	at org.apache.ratis.thirdparty.io.grpc.stub.ClientCalls.getUnchecked(ClientCalls.java:214)
	at org.apache.ratis.thirdparty.io.grpc.stub.ClientCalls.blockingUnaryCall(ClientCalls.java:139)
	at org.apache.ratis.proto.grpc.RaftServerProtocolServiceGrpc$RaftServerProtocolServiceBlockingStub.requestVote(RaftServerProtocolServiceGrpc.java:265)
	at org.apache.ratis.grpc.server.GrpcServerProtocolClient.requestVote(GrpcServerProtocolClient.java:90)
	at org.apache.ratis.grpc.server.GrpcService.requestVote(GrpcService.java:204)
	at org.apache.ratis.server.impl.LeaderElection.lambda$submitRequests$1(LeaderElection.java:238)
	at java.util.concurrent.FutureTask.run(FutureTask.java:266)
	at java.util.concurrent.Executors$RunnableAdapter.call(Executors.java:511)
	at java.util.concurrent.FutureTask.run(FutureTask.java:266)
	at java.util.concurrent.ThreadPoolExecutor.runWorker(ThreadPoolExecutor.java:1149)
	at java.util.concurrent.ThreadPoolExecutor$Worker.run(ThreadPoolExecutor.java:624)
	... 1 more
Caused by: org.apache.ratis.thirdparty.io.netty.channel.AbstractChannel$AnnotatedConnectException: Connection refused: /192.168.5.175:40325
	at sun.nio.ch.SocketChannelImpl.checkConnect(Native Method)
	at sun.nio.ch.SocketChannelImpl.finishConnect(SocketChannelImpl.java:717)
	at org.apache.ratis.thirdparty.io.netty.channel.socket.nio.NioSocketChannel.doFinishConnect(NioSocketChannel.java:327)
	at org.apache.ratis.thirdparty.io.netty.channel.nio.AbstractNioChannel$AbstractNioUnsafe.finishConnect(AbstractNioChannel.java:340)
	at org.apache.ratis.thirdparty.io.netty.channel.nio.NioEventLoop.processSelectedKey(NioEventLoop.java:632)
	at org.apache.ratis.thirdparty.io.netty.channel.nio.NioEventLoop.processSelectedKeysOptimized(NioEventLoop.java:579)
	at org.apache.ratis.thirdparty.io.netty.channel.nio.NioEventLoop.processSelectedKeys(NioEventLoop.java:496)
	at org.apache.ratis.thirdparty.io.netty.channel.nio.NioEventLoop.run(NioEventLoop.java:458)
	at org.apache.ratis.thirdparty.io.netty.util.concurrent.SingleThreadEventExecutor$5.run(SingleThreadEventExecutor.java:897)
	at org.apache.ratis.thirdparty.io.netty.util.concurrent.FastThreadLocalRunnable.run(FastThreadLocalRunnable.java:30)
	... 1 more
Caused by: java.net.ConnectException: Connection refused
	... 11 more
2019-10-09 13:04:57,597 [3eeab9a4-47d5-4980-9c6e-5102901e869a@group-A483B260BC72:LeaderElection62] INFO  impl.LeaderElection (LogUtils.java:infoOrTrace(149)) - 3eeab9a4-47d5-4980-9c6e-5102901e869a@group-A483B260BC72:LeaderElection62 got exception when requesting votes: {}
java.util.concurrent.ExecutionException: org.apache.ratis.thirdparty.io.grpc.StatusRuntimeException: UNAVAILABLE: io exception
	at java.util.concurrent.FutureTask.report(FutureTask.java:122)
	at java.util.concurrent.FutureTask.get(FutureTask.java:192)
	at org.apache.ratis.server.impl.LeaderElection.waitForResults(LeaderElection.java:263)
	at org.apache.ratis.server.impl.LeaderElection.askForVotes(LeaderElection.java:201)
	at org.apache.ratis.server.impl.LeaderElection.run(LeaderElection.java:133)
	at java.lang.Thread.run(Thread.java:748)
Caused by: org.apache.ratis.thirdparty.io.grpc.StatusRuntimeException: UNAVAILABLE: io exception
	at org.apache.ratis.thirdparty.io.grpc.stub.ClientCalls.toStatusRuntimeException(ClientCalls.java:233)
	at org.apache.ratis.thirdparty.io.grpc.stub.ClientCalls.getUnchecked(ClientCalls.java:214)
	at org.apache.ratis.thirdparty.io.grpc.stub.ClientCalls.blockingUnaryCall(ClientCalls.java:139)
	at org.apache.ratis.proto.grpc.RaftServerProtocolServiceGrpc$RaftServerProtocolServiceBlockingStub.requestVote(RaftServerProtocolServiceGrpc.java:265)
	at org.apache.ratis.grpc.server.GrpcServerProtocolClient.requestVote(GrpcServerProtocolClient.java:90)
	at org.apache.ratis.grpc.server.GrpcService.requestVote(GrpcService.java:204)
	at org.apache.ratis.server.impl.LeaderElection.lambda$submitRequests$1(LeaderElection.java:238)
	at java.util.concurrent.FutureTask.run(FutureTask.java:266)
	at java.util.concurrent.Executors$RunnableAdapter.call(Executors.java:511)
	at java.util.concurrent.FutureTask.run(FutureTask.java:266)
	at java.util.concurrent.ThreadPoolExecutor.runWorker(ThreadPoolExecutor.java:1149)
	at java.util.concurrent.ThreadPoolExecutor$Worker.run(ThreadPoolExecutor.java:624)
	... 1 more
Caused by: org.apache.ratis.thirdparty.io.netty.channel.AbstractChannel$AnnotatedConnectException: Connection refused: /192.168.5.175:39769
	at sun.nio.ch.SocketChannelImpl.checkConnect(Native Method)
	at sun.nio.ch.SocketChannelImpl.finishConnect(SocketChannelImpl.java:717)
	at org.apache.ratis.thirdparty.io.netty.channel.socket.nio.NioSocketChannel.doFinishConnect(NioSocketChannel.java:327)
	at org.apache.ratis.thirdparty.io.netty.channel.nio.AbstractNioChannel$AbstractNioUnsafe.finishConnect(AbstractNioChannel.java:340)
	at org.apache.ratis.thirdparty.io.netty.channel.nio.NioEventLoop.processSelectedKey(NioEventLoop.java:632)
	at org.apache.ratis.thirdparty.io.netty.channel.nio.NioEventLoop.processSelectedKeysOptimized(NioEventLoop.java:579)
	at org.apache.ratis.thirdparty.io.netty.channel.nio.NioEventLoop.processSelectedKeys(NioEventLoop.java:496)
	at org.apache.ratis.thirdparty.io.netty.channel.nio.NioEventLoop.run(NioEventLoop.java:458)
	at org.apache.ratis.thirdparty.io.netty.util.concurrent.SingleThreadEventExecutor$5.run(SingleThreadEventExecutor.java:897)
	at org.apache.ratis.thirdparty.io.netty.util.concurrent.FastThreadLocalRunnable.run(FastThreadLocalRunnable.java:30)
	... 1 more
Caused by: java.net.ConnectException: Connection refused
	... 11 more
2019-10-09 13:04:57,598 [3eeab9a4-47d5-4980-9c6e-5102901e869a@group-A483B260BC72:LeaderElection62] INFO  impl.LeaderElection (LeaderElection.java:logAndReturn(56)) - 3eeab9a4-47d5-4980-9c6e-5102901e869a@group-A483B260BC72:LeaderElection62: Election REJECTED; received 0 response(s) [] and 2 exception(s); 3eeab9a4-47d5-4980-9c6e-5102901e869a@group-A483B260BC72:t11, leader=null, voted=3eeab9a4-47d5-4980-9c6e-5102901e869a, raftlog=3eeab9a4-47d5-4980-9c6e-5102901e869a@group-A483B260BC72-SegmentedRaftLog:OPENED:c0,f0,i0, conf=0: [4f75c367-51e4-41c9-9287-4e8dd97f5c38:192.168.5.175:40325, 3eeab9a4-47d5-4980-9c6e-5102901e869a:192.168.5.175:43254, f0cb1a3f-6ac7-4eb8-9514-6a797ff8471f:192.168.5.175:39769], old=null
2019-10-09 13:04:57,598 [3eeab9a4-47d5-4980-9c6e-5102901e869a@group-A483B260BC72:LeaderElection62] INFO  impl.LeaderElection (LogUtils.java:infoOrTrace(149)) -   Exception 0: {}
java.util.concurrent.ExecutionException: org.apache.ratis.thirdparty.io.grpc.StatusRuntimeException: UNAVAILABLE: io exception
	at java.util.concurrent.FutureTask.report(FutureTask.java:122)
	at java.util.concurrent.FutureTask.get(FutureTask.java:192)
	at org.apache.ratis.server.impl.LeaderElection.waitForResults(LeaderElection.java:263)
	at org.apache.ratis.server.impl.LeaderElection.askForVotes(LeaderElection.java:201)
	at org.apache.ratis.server.impl.LeaderElection.run(LeaderElection.java:133)
	at java.lang.Thread.run(Thread.java:748)
Caused by: org.apache.ratis.thirdparty.io.grpc.StatusRuntimeException: UNAVAILABLE: io exception
	at org.apache.ratis.thirdparty.io.grpc.stub.ClientCalls.toStatusRuntimeException(ClientCalls.java:233)
	at org.apache.ratis.thirdparty.io.grpc.stub.ClientCalls.getUnchecked(ClientCalls.java:214)
	at org.apache.ratis.thirdparty.io.grpc.stub.ClientCalls.blockingUnaryCall(ClientCalls.java:139)
	at org.apache.ratis.proto.grpc.RaftServerProtocolServiceGrpc$RaftServerProtocolServiceBlockingStub.requestVote(RaftServerProtocolServiceGrpc.java:265)
	at org.apache.ratis.grpc.server.GrpcServerProtocolClient.requestVote(GrpcServerProtocolClient.java:90)
	at org.apache.ratis.grpc.server.GrpcService.requestVote(GrpcService.java:204)
	at org.apache.ratis.server.impl.LeaderElection.lambda$submitRequests$1(LeaderElection.java:238)
	at java.util.concurrent.FutureTask.run(FutureTask.java:266)
	at java.util.concurrent.Executors$RunnableAdapter.call(Executors.java:511)
	at java.util.concurrent.FutureTask.run(FutureTask.java:266)
	at java.util.concurrent.ThreadPoolExecutor.runWorker(ThreadPoolExecutor.java:1149)
	at java.util.concurrent.ThreadPoolExecutor$Worker.run(ThreadPoolExecutor.java:624)
	... 1 more
Caused by: org.apache.ratis.thirdparty.io.netty.channel.AbstractChannel$AnnotatedConnectException: Connection refused: /192.168.5.175:40325
	at sun.nio.ch.SocketChannelImpl.checkConnect(Native Method)
	at sun.nio.ch.SocketChannelImpl.finishConnect(SocketChannelImpl.java:717)
	at org.apache.ratis.thirdparty.io.netty.channel.socket.nio.NioSocketChannel.doFinishConnect(NioSocketChannel.java:327)
	at org.apache.ratis.thirdparty.io.netty.channel.nio.AbstractNioChannel$AbstractNioUnsafe.finishConnect(AbstractNioChannel.java:340)
	at org.apache.ratis.thirdparty.io.netty.channel.nio.NioEventLoop.processSelectedKey(NioEventLoop.java:632)
	at org.apache.ratis.thirdparty.io.netty.channel.nio.NioEventLoop.processSelectedKeysOptimized(NioEventLoop.java:579)
	at org.apache.ratis.thirdparty.io.netty.channel.nio.NioEventLoop.processSelectedKeys(NioEventLoop.java:496)
	at org.apache.ratis.thirdparty.io.netty.channel.nio.NioEventLoop.run(NioEventLoop.java:458)
	at org.apache.ratis.thirdparty.io.netty.util.concurrent.SingleThreadEventExecutor$5.run(SingleThreadEventExecutor.java:897)
	at org.apache.ratis.thirdparty.io.netty.util.concurrent.FastThreadLocalRunnable.run(FastThreadLocalRunnable.java:30)
	... 1 more
Caused by: java.net.ConnectException: Connection refused
	... 11 more
2019-10-09 13:04:57,599 [3eeab9a4-47d5-4980-9c6e-5102901e869a@group-A483B260BC72:LeaderElection62] INFO  impl.LeaderElection (LogUtils.java:infoOrTrace(149)) -   Exception 1: {}
java.util.concurrent.ExecutionException: org.apache.ratis.thirdparty.io.grpc.StatusRuntimeException: UNAVAILABLE: io exception
	at java.util.concurrent.FutureTask.report(FutureTask.java:122)
	at java.util.concurrent.FutureTask.get(FutureTask.java:192)
	at org.apache.ratis.server.impl.LeaderElection.waitForResults(LeaderElection.java:263)
	at org.apache.ratis.server.impl.LeaderElection.askForVotes(LeaderElection.java:201)
	at org.apache.ratis.server.impl.LeaderElection.run(LeaderElection.java:133)
	at java.lang.Thread.run(Thread.java:748)
Caused by: org.apache.ratis.thirdparty.io.grpc.StatusRuntimeException: UNAVAILABLE: io exception
	at org.apache.ratis.thirdparty.io.grpc.stub.ClientCalls.toStatusRuntimeException(ClientCalls.java:233)
	at org.apache.ratis.thirdparty.io.grpc.stub.ClientCalls.getUnchecked(ClientCalls.java:214)
	at org.apache.ratis.thirdparty.io.grpc.stub.ClientCalls.blockingUnaryCall(ClientCalls.java:139)
	at org.apache.ratis.proto.grpc.RaftServerProtocolServiceGrpc$RaftServerProtocolServiceBlockingStub.requestVote(RaftServerProtocolServiceGrpc.java:265)
	at org.apache.ratis.grpc.server.GrpcServerProtocolClient.requestVote(GrpcServerProtocolClient.java:90)
	at org.apache.ratis.grpc.server.GrpcService.requestVote(GrpcService.java:204)
	at org.apache.ratis.server.impl.LeaderElection.lambda$submitRequests$1(LeaderElection.java:238)
	at java.util.concurrent.FutureTask.run(FutureTask.java:266)
	at java.util.concurrent.Executors$RunnableAdapter.call(Executors.java:511)
	at java.util.concurrent.FutureTask.run(FutureTask.java:266)
	at java.util.concurrent.ThreadPoolExecutor.runWorker(ThreadPoolExecutor.java:1149)
	at java.util.concurrent.ThreadPoolExecutor$Worker.run(ThreadPoolExecutor.java:624)
	... 1 more
Caused by: org.apache.ratis.thirdparty.io.netty.channel.AbstractChannel$AnnotatedConnectException: Connection refused: /192.168.5.175:39769
	at sun.nio.ch.SocketChannelImpl.checkConnect(Native Method)
	at sun.nio.ch.SocketChannelImpl.finishConnect(SocketChannelImpl.java:717)
	at org.apache.ratis.thirdparty.io.netty.channel.socket.nio.NioSocketChannel.doFinishConnect(NioSocketChannel.java:327)
	at org.apache.ratis.thirdparty.io.netty.channel.nio.AbstractNioChannel$AbstractNioUnsafe.finishConnect(AbstractNioChannel.java:340)
	at org.apache.ratis.thirdparty.io.netty.channel.nio.NioEventLoop.processSelectedKey(NioEventLoop.java:632)
	at org.apache.ratis.thirdparty.io.netty.channel.nio.NioEventLoop.processSelectedKeysOptimized(NioEventLoop.java:579)
	at org.apache.ratis.thirdparty.io.netty.channel.nio.NioEventLoop.processSelectedKeys(NioEventLoop.java:496)
	at org.apache.ratis.thirdparty.io.netty.channel.nio.NioEventLoop.run(NioEventLoop.java:458)
	at org.apache.ratis.thirdparty.io.netty.util.concurrent.SingleThreadEventExecutor$5.run(SingleThreadEventExecutor.java:897)
	at org.apache.ratis.thirdparty.io.netty.util.concurrent.FastThreadLocalRunnable.run(FastThreadLocalRunnable.java:30)
	... 1 more
Caused by: java.net.ConnectException: Connection refused
	... 11 more
2019-10-09 13:04:57,599 [3eeab9a4-47d5-4980-9c6e-5102901e869a@group-A483B260BC72:LeaderElection62] INFO  impl.RaftServerImpl (RaftServerImpl.java:setRole(174)) - 3eeab9a4-47d5-4980-9c6e-5102901e869a@group-A483B260BC72: changes role from CANDIDATE to FOLLOWER at term 11 for DISCOVERED_A_NEW_TERM
2019-10-09 13:04:57,599 [3eeab9a4-47d5-4980-9c6e-5102901e869a@group-A483B260BC72:LeaderElection62] INFO  impl.RoleInfo (RoleInfo.java:shutdownLeaderElection(134)) - 3eeab9a4-47d5-4980-9c6e-5102901e869a: shutdown LeaderElection
2019-10-09 13:04:57,599 [3eeab9a4-47d5-4980-9c6e-5102901e869a@group-A483B260BC72:LeaderElection62] INFO  impl.RoleInfo (RoleInfo.java:updateAndGet(143)) - 3eeab9a4-47d5-4980-9c6e-5102901e869a: start FollowerState
2019-10-09 13:04:57,766 [Thread-804] INFO  impl.FollowerState (FollowerState.java:run(106)) - 3eeab9a4-47d5-4980-9c6e-5102901e869a:group-6247FF3E413E changes to CANDIDATE, lastRpcTime:5171, electionTimeout:5171ms
2019-10-09 13:04:57,769 [Thread-804] INFO  impl.RoleInfo (RoleInfo.java:shutdownFollowerState(121)) - 3eeab9a4-47d5-4980-9c6e-5102901e869a: shutdown FollowerState
2019-10-09 13:04:57,769 [Thread-804] INFO  impl.RaftServerImpl (RaftServerImpl.java:setRole(174)) - 3eeab9a4-47d5-4980-9c6e-5102901e869a@group-6247FF3E413E: changes role from  FOLLOWER to CANDIDATE at term 10 for changeToCandidate
2019-10-09 13:04:57,769 [Thread-804] INFO  impl.RoleInfo (RoleInfo.java:updateAndGet(143)) - 3eeab9a4-47d5-4980-9c6e-5102901e869a: start LeaderElection
2019-10-09 13:04:57,785 [3eeab9a4-47d5-4980-9c6e-5102901e869a@group-6247FF3E413E:LeaderElection63] INFO  impl.LeaderElection (LeaderElection.java:askForVotes(182)) - 3eeab9a4-47d5-4980-9c6e-5102901e869a@group-6247FF3E413E:LeaderElection63: begin an election at term 11 for 0: [4f75c367-51e4-41c9-9287-4e8dd97f5c38:192.168.5.175:40325, 3eeab9a4-47d5-4980-9c6e-5102901e869a:192.168.5.175:43254, f0cb1a3f-6ac7-4eb8-9514-6a797ff8471f:192.168.5.175:39769], old=null
2019-10-09 13:04:57,786 [3eeab9a4-47d5-4980-9c6e-5102901e869a@group-6247FF3E413E:LeaderElection63] INFO  impl.LeaderElection (LogUtils.java:infoOrTrace(149)) - 3eeab9a4-47d5-4980-9c6e-5102901e869a@group-6247FF3E413E:LeaderElection63 got exception when requesting votes: {}
java.util.concurrent.ExecutionException: org.apache.ratis.thirdparty.io.grpc.StatusRuntimeException: UNAVAILABLE: io exception
	at java.util.concurrent.FutureTask.report(FutureTask.java:122)
	at java.util.concurrent.FutureTask.get(FutureTask.java:192)
	at org.apache.ratis.server.impl.LeaderElection.waitForResults(LeaderElection.java:263)
	at org.apache.ratis.server.impl.LeaderElection.askForVotes(LeaderElection.java:201)
	at org.apache.ratis.server.impl.LeaderElection.run(LeaderElection.java:133)
	at java.lang.Thread.run(Thread.java:748)
Caused by: org.apache.ratis.thirdparty.io.grpc.StatusRuntimeException: UNAVAILABLE: io exception
	at org.apache.ratis.thirdparty.io.grpc.stub.ClientCalls.toStatusRuntimeException(ClientCalls.java:233)
	at org.apache.ratis.thirdparty.io.grpc.stub.ClientCalls.getUnchecked(ClientCalls.java:214)
	at org.apache.ratis.thirdparty.io.grpc.stub.ClientCalls.blockingUnaryCall(ClientCalls.java:139)
	at org.apache.ratis.proto.grpc.RaftServerProtocolServiceGrpc$RaftServerProtocolServiceBlockingStub.requestVote(RaftServerProtocolServiceGrpc.java:265)
	at org.apache.ratis.grpc.server.GrpcServerProtocolClient.requestVote(GrpcServerProtocolClient.java:90)
	at org.apache.ratis.grpc.server.GrpcService.requestVote(GrpcService.java:204)
	at org.apache.ratis.server.impl.LeaderElection.lambda$submitRequests$1(LeaderElection.java:238)
	at java.util.concurrent.FutureTask.run(FutureTask.java:266)
	at java.util.concurrent.Executors$RunnableAdapter.call(Executors.java:511)
	at java.util.concurrent.FutureTask.run(FutureTask.java:266)
	at java.util.concurrent.ThreadPoolExecutor.runWorker(ThreadPoolExecutor.java:1149)
	at java.util.concurrent.ThreadPoolExecutor$Worker.run(ThreadPoolExecutor.java:624)
	... 1 more
Caused by: org.apache.ratis.thirdparty.io.netty.channel.AbstractChannel$AnnotatedConnectException: Connection refused: /192.168.5.175:40325
	at sun.nio.ch.SocketChannelImpl.checkConnect(Native Method)
	at sun.nio.ch.SocketChannelImpl.finishConnect(SocketChannelImpl.java:717)
	at org.apache.ratis.thirdparty.io.netty.channel.socket.nio.NioSocketChannel.doFinishConnect(NioSocketChannel.java:327)
	at org.apache.ratis.thirdparty.io.netty.channel.nio.AbstractNioChannel$AbstractNioUnsafe.finishConnect(AbstractNioChannel.java:340)
	at org.apache.ratis.thirdparty.io.netty.channel.nio.NioEventLoop.processSelectedKey(NioEventLoop.java:632)
	at org.apache.ratis.thirdparty.io.netty.channel.nio.NioEventLoop.processSelectedKeysOptimized(NioEventLoop.java:579)
	at org.apache.ratis.thirdparty.io.netty.channel.nio.NioEventLoop.processSelectedKeys(NioEventLoop.java:496)
	at org.apache.ratis.thirdparty.io.netty.channel.nio.NioEventLoop.run(NioEventLoop.java:458)
	at org.apache.ratis.thirdparty.io.netty.util.concurrent.SingleThreadEventExecutor$5.run(SingleThreadEventExecutor.java:897)
	at org.apache.ratis.thirdparty.io.netty.util.concurrent.FastThreadLocalRunnable.run(FastThreadLocalRunnable.java:30)
	... 1 more
Caused by: java.net.ConnectException: Connection refused
	... 11 more
2019-10-09 13:04:57,786 [3eeab9a4-47d5-4980-9c6e-5102901e869a@group-6247FF3E413E:LeaderElection63] INFO  impl.LeaderElection (LogUtils.java:infoOrTrace(149)) - 3eeab9a4-47d5-4980-9c6e-5102901e869a@group-6247FF3E413E:LeaderElection63 got exception when requesting votes: {}
java.util.concurrent.ExecutionException: org.apache.ratis.thirdparty.io.grpc.StatusRuntimeException: UNAVAILABLE: io exception
	at java.util.concurrent.FutureTask.report(FutureTask.java:122)
	at java.util.concurrent.FutureTask.get(FutureTask.java:192)
	at org.apache.ratis.server.impl.LeaderElection.waitForResults(LeaderElection.java:263)
	at org.apache.ratis.server.impl.LeaderElection.askForVotes(LeaderElection.java:201)
	at org.apache.ratis.server.impl.LeaderElection.run(LeaderElection.java:133)
	at java.lang.Thread.run(Thread.java:748)
Caused by: org.apache.ratis.thirdparty.io.grpc.StatusRuntimeException: UNAVAILABLE: io exception
	at org.apache.ratis.thirdparty.io.grpc.stub.ClientCalls.toStatusRuntimeException(ClientCalls.java:233)
	at org.apache.ratis.thirdparty.io.grpc.stub.ClientCalls.getUnchecked(ClientCalls.java:214)
	at org.apache.ratis.thirdparty.io.grpc.stub.ClientCalls.blockingUnaryCall(ClientCalls.java:139)
	at org.apache.ratis.proto.grpc.RaftServerProtocolServiceGrpc$RaftServerProtocolServiceBlockingStub.requestVote(RaftServerProtocolServiceGrpc.java:265)
	at org.apache.ratis.grpc.server.GrpcServerProtocolClient.requestVote(GrpcServerProtocolClient.java:90)
	at org.apache.ratis.grpc.server.GrpcService.requestVote(GrpcService.java:204)
	at org.apache.ratis.server.impl.LeaderElection.lambda$submitRequests$1(LeaderElection.java:238)
	at java.util.concurrent.FutureTask.run(FutureTask.java:266)
	at java.util.concurrent.Executors$RunnableAdapter.call(Executors.java:511)
	at java.util.concurrent.FutureTask.run(FutureTask.java:266)
	at java.util.concurrent.ThreadPoolExecutor.runWorker(ThreadPoolExecutor.java:1149)
	at java.util.concurrent.ThreadPoolExecutor$Worker.run(ThreadPoolExecutor.java:624)
	... 1 more
Caused by: org.apache.ratis.thirdparty.io.netty.channel.AbstractChannel$AnnotatedConnectException: Connection refused: /192.168.5.175:39769
	at sun.nio.ch.SocketChannelImpl.checkConnect(Native Method)
	at sun.nio.ch.SocketChannelImpl.finishConnect(SocketChannelImpl.java:717)
	at org.apache.ratis.thirdparty.io.netty.channel.socket.nio.NioSocketChannel.doFinishConnect(NioSocketChannel.java:327)
	at org.apache.ratis.thirdparty.io.netty.channel.nio.AbstractNioChannel$AbstractNioUnsafe.finishConnect(AbstractNioChannel.java:340)
	at org.apache.ratis.thirdparty.io.netty.channel.nio.NioEventLoop.processSelectedKey(NioEventLoop.java:632)
	at org.apache.ratis.thirdparty.io.netty.channel.nio.NioEventLoop.processSelectedKeysOptimized(NioEventLoop.java:579)
	at org.apache.ratis.thirdparty.io.netty.channel.nio.NioEventLoop.processSelectedKeys(NioEventLoop.java:496)
	at org.apache.ratis.thirdparty.io.netty.channel.nio.NioEventLoop.run(NioEventLoop.java:458)
	at org.apache.ratis.thirdparty.io.netty.util.concurrent.SingleThreadEventExecutor$5.run(SingleThreadEventExecutor.java:897)
	at org.apache.ratis.thirdparty.io.netty.util.concurrent.FastThreadLocalRunnable.run(FastThreadLocalRunnable.java:30)
	... 1 more
Caused by: java.net.ConnectException: Connection refused
	... 11 more
2019-10-09 13:04:57,787 [3eeab9a4-47d5-4980-9c6e-5102901e869a@group-6247FF3E413E:LeaderElection63] INFO  impl.LeaderElection (LeaderElection.java:logAndReturn(56)) - 3eeab9a4-47d5-4980-9c6e-5102901e869a@group-6247FF3E413E:LeaderElection63: Election REJECTED; received 0 response(s) [] and 2 exception(s); 3eeab9a4-47d5-4980-9c6e-5102901e869a@group-6247FF3E413E:t11, leader=null, voted=3eeab9a4-47d5-4980-9c6e-5102901e869a, raftlog=3eeab9a4-47d5-4980-9c6e-5102901e869a@group-6247FF3E413E-SegmentedRaftLog:OPENED:c0,f0,i0, conf=0: [4f75c367-51e4-41c9-9287-4e8dd97f5c38:192.168.5.175:40325, 3eeab9a4-47d5-4980-9c6e-5102901e869a:192.168.5.175:43254, f0cb1a3f-6ac7-4eb8-9514-6a797ff8471f:192.168.5.175:39769], old=null
2019-10-09 13:04:57,787 [3eeab9a4-47d5-4980-9c6e-5102901e869a@group-6247FF3E413E:LeaderElection63] INFO  impl.LeaderElection (LogUtils.java:infoOrTrace(149)) -   Exception 0: {}
java.util.concurrent.ExecutionException: org.apache.ratis.thirdparty.io.grpc.StatusRuntimeException: UNAVAILABLE: io exception
	at java.util.concurrent.FutureTask.report(FutureTask.java:122)
	at java.util.concurrent.FutureTask.get(FutureTask.java:192)
	at org.apache.ratis.server.impl.LeaderElection.waitForResults(LeaderElection.java:263)
	at org.apache.ratis.server.impl.LeaderElection.askForVotes(LeaderElection.java:201)
	at org.apache.ratis.server.impl.LeaderElection.run(LeaderElection.java:133)
	at java.lang.Thread.run(Thread.java:748)
Caused by: org.apache.ratis.thirdparty.io.grpc.StatusRuntimeException: UNAVAILABLE: io exception
	at org.apache.ratis.thirdparty.io.grpc.stub.ClientCalls.toStatusRuntimeException(ClientCalls.java:233)
	at org.apache.ratis.thirdparty.io.grpc.stub.ClientCalls.getUnchecked(ClientCalls.java:214)
	at org.apache.ratis.thirdparty.io.grpc.stub.ClientCalls.blockingUnaryCall(ClientCalls.java:139)
	at org.apache.ratis.proto.grpc.RaftServerProtocolServiceGrpc$RaftServerProtocolServiceBlockingStub.requestVote(RaftServerProtocolServiceGrpc.java:265)
	at org.apache.ratis.grpc.server.GrpcServerProtocolClient.requestVote(GrpcServerProtocolClient.java:90)
	at org.apache.ratis.grpc.server.GrpcService.requestVote(GrpcService.java:204)
	at org.apache.ratis.server.impl.LeaderElection.lambda$submitRequests$1(LeaderElection.java:238)
	at java.util.concurrent.FutureTask.run(FutureTask.java:266)
	at java.util.concurrent.Executors$RunnableAdapter.call(Executors.java:511)
	at java.util.concurrent.FutureTask.run(FutureTask.java:266)
	at java.util.concurrent.ThreadPoolExecutor.runWorker(ThreadPoolExecutor.java:1149)
	at java.util.concurrent.ThreadPoolExecutor$Worker.run(ThreadPoolExecutor.java:624)
	... 1 more
Caused by: org.apache.ratis.thirdparty.io.netty.channel.AbstractChannel$AnnotatedConnectException: Connection refused: /192.168.5.175:40325
	at sun.nio.ch.SocketChannelImpl.checkConnect(Native Method)
	at sun.nio.ch.SocketChannelImpl.finishConnect(SocketChannelImpl.java:717)
	at org.apache.ratis.thirdparty.io.netty.channel.socket.nio.NioSocketChannel.doFinishConnect(NioSocketChannel.java:327)
	at org.apache.ratis.thirdparty.io.netty.channel.nio.AbstractNioChannel$AbstractNioUnsafe.finishConnect(AbstractNioChannel.java:340)
	at org.apache.ratis.thirdparty.io.netty.channel.nio.NioEventLoop.processSelectedKey(NioEventLoop.java:632)
	at org.apache.ratis.thirdparty.io.netty.channel.nio.NioEventLoop.processSelectedKeysOptimized(NioEventLoop.java:579)
	at org.apache.ratis.thirdparty.io.netty.channel.nio.NioEventLoop.processSelectedKeys(NioEventLoop.java:496)
	at org.apache.ratis.thirdparty.io.netty.channel.nio.NioEventLoop.run(NioEventLoop.java:458)
	at org.apache.ratis.thirdparty.io.netty.util.concurrent.SingleThreadEventExecutor$5.run(SingleThreadEventExecutor.java:897)
	at org.apache.ratis.thirdparty.io.netty.util.concurrent.FastThreadLocalRunnable.run(FastThreadLocalRunnable.java:30)
	... 1 more
Caused by: java.net.ConnectException: Connection refused
	... 11 more
2019-10-09 13:04:57,787 [3eeab9a4-47d5-4980-9c6e-5102901e869a@group-6247FF3E413E:LeaderElection63] INFO  impl.LeaderElection (LogUtils.java:infoOrTrace(149)) -   Exception 1: {}
java.util.concurrent.ExecutionException: org.apache.ratis.thirdparty.io.grpc.StatusRuntimeException: UNAVAILABLE: io exception
	at java.util.concurrent.FutureTask.report(FutureTask.java:122)
	at java.util.concurrent.FutureTask.get(FutureTask.java:192)
	at org.apache.ratis.server.impl.LeaderElection.waitForResults(LeaderElection.java:263)
	at org.apache.ratis.server.impl.LeaderElection.askForVotes(LeaderElection.java:201)
	at org.apache.ratis.server.impl.LeaderElection.run(LeaderElection.java:133)
	at java.lang.Thread.run(Thread.java:748)
Caused by: org.apache.ratis.thirdparty.io.grpc.StatusRuntimeException: UNAVAILABLE: io exception
	at org.apache.ratis.thirdparty.io.grpc.stub.ClientCalls.toStatusRuntimeException(ClientCalls.java:233)
	at org.apache.ratis.thirdparty.io.grpc.stub.ClientCalls.getUnchecked(ClientCalls.java:214)
	at org.apache.ratis.thirdparty.io.grpc.stub.ClientCalls.blockingUnaryCall(ClientCalls.java:139)
	at org.apache.ratis.proto.grpc.RaftServerProtocolServiceGrpc$RaftServerProtocolServiceBlockingStub.requestVote(RaftServerProtocolServiceGrpc.java:265)
	at org.apache.ratis.grpc.server.GrpcServerProtocolClient.requestVote(GrpcServerProtocolClient.java:90)
	at org.apache.ratis.grpc.server.GrpcService.requestVote(GrpcService.java:204)
	at org.apache.ratis.server.impl.LeaderElection.lambda$submitRequests$1(LeaderElection.java:238)
	at java.util.concurrent.FutureTask.run(FutureTask.java:266)
	at java.util.concurrent.Executors$RunnableAdapter.call(Executors.java:511)
	at java.util.concurrent.FutureTask.run(FutureTask.java:266)
	at java.util.concurrent.ThreadPoolExecutor.runWorker(ThreadPoolExecutor.java:1149)
	at java.util.concurrent.ThreadPoolExecutor$Worker.run(ThreadPoolExecutor.java:624)
	... 1 more
Caused by: org.apache.ratis.thirdparty.io.netty.channel.AbstractChannel$AnnotatedConnectException: Connection refused: /192.168.5.175:39769
	at sun.nio.ch.SocketChannelImpl.checkConnect(Native Method)
	at sun.nio.ch.SocketChannelImpl.finishConnect(SocketChannelImpl.java:717)
	at org.apache.ratis.thirdparty.io.netty.channel.socket.nio.NioSocketChannel.doFinishConnect(NioSocketChannel.java:327)
	at org.apache.ratis.thirdparty.io.netty.channel.nio.AbstractNioChannel$AbstractNioUnsafe.finishConnect(AbstractNioChannel.java:340)
	at org.apache.ratis.thirdparty.io.netty.channel.nio.NioEventLoop.processSelectedKey(NioEventLoop.java:632)
	at org.apache.ratis.thirdparty.io.netty.channel.nio.NioEventLoop.processSelectedKeysOptimized(NioEventLoop.java:579)
	at org.apache.ratis.thirdparty.io.netty.channel.nio.NioEventLoop.processSelectedKeys(NioEventLoop.java:496)
	at org.apache.ratis.thirdparty.io.netty.channel.nio.NioEventLoop.run(NioEventLoop.java:458)
	at org.apache.ratis.thirdparty.io.netty.util.concurrent.SingleThreadEventExecutor$5.run(SingleThreadEventExecutor.java:897)
	at org.apache.ratis.thirdparty.io.netty.util.concurrent.FastThreadLocalRunnable.run(FastThreadLocalRunnable.java:30)
	... 1 more
Caused by: java.net.ConnectException: Connection refused
	... 11 more
2019-10-09 13:04:57,788 [3eeab9a4-47d5-4980-9c6e-5102901e869a@group-6247FF3E413E:LeaderElection63] INFO  impl.RaftServerImpl (RaftServerImpl.java:setRole(174)) - 3eeab9a4-47d5-4980-9c6e-5102901e869a@group-6247FF3E413E: changes role from CANDIDATE to FOLLOWER at term 11 for DISCOVERED_A_NEW_TERM
2019-10-09 13:04:57,788 [3eeab9a4-47d5-4980-9c6e-5102901e869a@group-6247FF3E413E:LeaderElection63] INFO  impl.RoleInfo (RoleInfo.java:shutdownLeaderElection(134)) - 3eeab9a4-47d5-4980-9c6e-5102901e869a: shutdown LeaderElection
2019-10-09 13:04:57,788 [3eeab9a4-47d5-4980-9c6e-5102901e869a@group-6247FF3E413E:LeaderElection63] INFO  impl.RoleInfo (RoleInfo.java:updateAndGet(143)) - 3eeab9a4-47d5-4980-9c6e-5102901e869a: start FollowerState
2019-10-09 13:04:58,133 [Thread-808] INFO  impl.FollowerState (FollowerState.java:run(106)) - 3eeab9a4-47d5-4980-9c6e-5102901e869a:group-F4DE2F4D7E72 changes to CANDIDATE, lastRpcTime:5182, electionTimeout:5182ms
2019-10-09 13:04:58,138 [Thread-808] INFO  impl.RoleInfo (RoleInfo.java:shutdownFollowerState(121)) - 3eeab9a4-47d5-4980-9c6e-5102901e869a: shutdown FollowerState
2019-10-09 13:04:58,139 [Thread-808] INFO  impl.RaftServerImpl (RaftServerImpl.java:setRole(174)) - 3eeab9a4-47d5-4980-9c6e-5102901e869a@group-F4DE2F4D7E72: changes role from  FOLLOWER to CANDIDATE at term 10 for changeToCandidate
2019-10-09 13:04:58,139 [Thread-808] INFO  impl.RoleInfo (RoleInfo.java:updateAndGet(143)) - 3eeab9a4-47d5-4980-9c6e-5102901e869a: start LeaderElection
2019-10-09 13:04:58,144 [Thread-812] INFO  impl.FollowerState (FollowerState.java:run(106)) - 3eeab9a4-47d5-4980-9c6e-5102901e869a:group-C24D4FE0C6F2 changes to CANDIDATE, lastRpcTime:5041, electionTimeout:5041ms
2019-10-09 13:04:58,144 [Thread-812] INFO  impl.RoleInfo (RoleInfo.java:shutdownFollowerState(121)) - 3eeab9a4-47d5-4980-9c6e-5102901e869a: shutdown FollowerState
2019-10-09 13:04:58,145 [Thread-812] INFO  impl.RaftServerImpl (RaftServerImpl.java:setRole(174)) - 3eeab9a4-47d5-4980-9c6e-5102901e869a@group-C24D4FE0C6F2: changes role from  FOLLOWER to CANDIDATE at term 11 for changeToCandidate
2019-10-09 13:04:58,145 [Thread-812] INFO  impl.RoleInfo (RoleInfo.java:updateAndGet(143)) - 3eeab9a4-47d5-4980-9c6e-5102901e869a: start LeaderElection
2019-10-09 13:04:58,156 [3eeab9a4-47d5-4980-9c6e-5102901e869a@group-C24D4FE0C6F2:LeaderElection65] INFO  impl.LeaderElection (LeaderElection.java:askForVotes(182)) - 3eeab9a4-47d5-4980-9c6e-5102901e869a@group-C24D4FE0C6F2:LeaderElection65: begin an election at term 12 for 0: [4f75c367-51e4-41c9-9287-4e8dd97f5c38:192.168.5.175:40325, 3eeab9a4-47d5-4980-9c6e-5102901e869a:192.168.5.175:43254, f0cb1a3f-6ac7-4eb8-9514-6a797ff8471f:192.168.5.175:39769], old=null
2019-10-09 13:04:58,156 [3eeab9a4-47d5-4980-9c6e-5102901e869a@group-F4DE2F4D7E72:LeaderElection64] INFO  impl.LeaderElection (LeaderElection.java:askForVotes(182)) - 3eeab9a4-47d5-4980-9c6e-5102901e869a@group-F4DE2F4D7E72:LeaderElection64: begin an election at term 11 for 0: [4f75c367-51e4-41c9-9287-4e8dd97f5c38:192.168.5.175:40325, 3eeab9a4-47d5-4980-9c6e-5102901e869a:192.168.5.175:43254, f0cb1a3f-6ac7-4eb8-9514-6a797ff8471f:192.168.5.175:39769], old=null
2019-10-09 13:04:58,158 [3eeab9a4-47d5-4980-9c6e-5102901e869a@group-C24D4FE0C6F2:LeaderElection65] INFO  impl.LeaderElection (LogUtils.java:infoOrTrace(149)) - 3eeab9a4-47d5-4980-9c6e-5102901e869a@group-C24D4FE0C6F2:LeaderElection65 got exception when requesting votes: {}
java.util.concurrent.ExecutionException: org.apache.ratis.thirdparty.io.grpc.StatusRuntimeException: UNAVAILABLE: io exception
	at java.util.concurrent.FutureTask.report(FutureTask.java:122)
	at java.util.concurrent.FutureTask.get(FutureTask.java:192)
	at org.apache.ratis.server.impl.LeaderElection.waitForResults(LeaderElection.java:263)
	at org.apache.ratis.server.impl.LeaderElection.askForVotes(LeaderElection.java:201)
	at org.apache.ratis.server.impl.LeaderElection.run(LeaderElection.java:133)
	at java.lang.Thread.run(Thread.java:748)
Caused by: org.apache.ratis.thirdparty.io.grpc.StatusRuntimeException: UNAVAILABLE: io exception
	at org.apache.ratis.thirdparty.io.grpc.stub.ClientCalls.toStatusRuntimeException(ClientCalls.java:233)
	at org.apache.ratis.thirdparty.io.grpc.stub.ClientCalls.getUnchecked(ClientCalls.java:214)
	at org.apache.ratis.thirdparty.io.grpc.stub.ClientCalls.blockingUnaryCall(ClientCalls.java:139)
	at org.apache.ratis.proto.grpc.RaftServerProtocolServiceGrpc$RaftServerProtocolServiceBlockingStub.requestVote(RaftServerProtocolServiceGrpc.java:265)
	at org.apache.ratis.grpc.server.GrpcServerProtocolClient.requestVote(GrpcServerProtocolClient.java:90)
	at org.apache.ratis.grpc.server.GrpcService.requestVote(GrpcService.java:204)
	at org.apache.ratis.server.impl.LeaderElection.lambda$submitRequests$1(LeaderElection.java:238)
	at java.util.concurrent.FutureTask.run(FutureTask.java:266)
	at java.util.concurrent.Executors$RunnableAdapter.call(Executors.java:511)
	at java.util.concurrent.FutureTask.run(FutureTask.java:266)
	at java.util.concurrent.ThreadPoolExecutor.runWorker(ThreadPoolExecutor.java:1149)
	at java.util.concurrent.ThreadPoolExecutor$Worker.run(ThreadPoolExecutor.java:624)
	... 1 more
Caused by: org.apache.ratis.thirdparty.io.netty.channel.AbstractChannel$AnnotatedConnectException: Connection refused: /192.168.5.175:40325
	at sun.nio.ch.SocketChannelImpl.checkConnect(Native Method)
	at sun.nio.ch.SocketChannelImpl.finishConnect(SocketChannelImpl.java:717)
	at org.apache.ratis.thirdparty.io.netty.channel.socket.nio.NioSocketChannel.doFinishConnect(NioSocketChannel.java:327)
	at org.apache.ratis.thirdparty.io.netty.channel.nio.AbstractNioChannel$AbstractNioUnsafe.finishConnect(AbstractNioChannel.java:340)
	at org.apache.ratis.thirdparty.io.netty.channel.nio.NioEventLoop.processSelectedKey(NioEventLoop.java:632)
	at org.apache.ratis.thirdparty.io.netty.channel.nio.NioEventLoop.processSelectedKeysOptimized(NioEventLoop.java:579)
	at org.apache.ratis.thirdparty.io.netty.channel.nio.NioEventLoop.processSelectedKeys(NioEventLoop.java:496)
	at org.apache.ratis.thirdparty.io.netty.channel.nio.NioEventLoop.run(NioEventLoop.java:458)
	at org.apache.ratis.thirdparty.io.netty.util.concurrent.SingleThreadEventExecutor$5.run(SingleThreadEventExecutor.java:897)
	at org.apache.ratis.thirdparty.io.netty.util.concurrent.FastThreadLocalRunnable.run(FastThreadLocalRunnable.java:30)
	... 1 more
Caused by: java.net.ConnectException: Connection refused
	... 11 more
2019-10-09 13:04:58,158 [3eeab9a4-47d5-4980-9c6e-5102901e869a@group-F4DE2F4D7E72:LeaderElection64] INFO  impl.LeaderElection (LogUtils.java:infoOrTrace(149)) - 3eeab9a4-47d5-4980-9c6e-5102901e869a@group-F4DE2F4D7E72:LeaderElection64 got exception when requesting votes: {}
java.util.concurrent.ExecutionException: org.apache.ratis.thirdparty.io.grpc.StatusRuntimeException: UNAVAILABLE: io exception
	at java.util.concurrent.FutureTask.report(FutureTask.java:122)
	at java.util.concurrent.FutureTask.get(FutureTask.java:192)
	at org.apache.ratis.server.impl.LeaderElection.waitForResults(LeaderElection.java:263)
	at org.apache.ratis.server.impl.LeaderElection.askForVotes(LeaderElection.java:201)
	at org.apache.ratis.server.impl.LeaderElection.run(LeaderElection.java:133)
	at java.lang.Thread.run(Thread.java:748)
Caused by: org.apache.ratis.thirdparty.io.grpc.StatusRuntimeException: UNAVAILABLE: io exception
	at org.apache.ratis.thirdparty.io.grpc.stub.ClientCalls.toStatusRuntimeException(ClientCalls.java:233)
	at org.apache.ratis.thirdparty.io.grpc.stub.ClientCalls.getUnchecked(ClientCalls.java:214)
	at org.apache.ratis.thirdparty.io.grpc.stub.ClientCalls.blockingUnaryCall(ClientCalls.java:139)
	at org.apache.ratis.proto.grpc.RaftServerProtocolServiceGrpc$RaftServerProtocolServiceBlockingStub.requestVote(RaftServerProtocolServiceGrpc.java:265)
	at org.apache.ratis.grpc.server.GrpcServerProtocolClient.requestVote(GrpcServerProtocolClient.java:90)
	at org.apache.ratis.grpc.server.GrpcService.requestVote(GrpcService.java:204)
	at org.apache.ratis.server.impl.LeaderElection.lambda$submitRequests$1(LeaderElection.java:238)
	at java.util.concurrent.FutureTask.run(FutureTask.java:266)
	at java.util.concurrent.Executors$RunnableAdapter.call(Executors.java:511)
	at java.util.concurrent.FutureTask.run(FutureTask.java:266)
	at java.util.concurrent.ThreadPoolExecutor.runWorker(ThreadPoolExecutor.java:1149)
	at java.util.concurrent.ThreadPoolExecutor$Worker.run(ThreadPoolExecutor.java:624)
	... 1 more
Caused by: org.apache.ratis.thirdparty.io.netty.channel.AbstractChannel$AnnotatedConnectException: Connection refused: /192.168.5.175:39769
	at sun.nio.ch.SocketChannelImpl.checkConnect(Native Method)
	at sun.nio.ch.SocketChannelImpl.finishConnect(SocketChannelImpl.java:717)
	at org.apache.ratis.thirdparty.io.netty.channel.socket.nio.NioSocketChannel.doFinishConnect(NioSocketChannel.java:327)
	at org.apache.ratis.thirdparty.io.netty.channel.nio.AbstractNioChannel$AbstractNioUnsafe.finishConnect(AbstractNioChannel.java:340)
	at org.apache.ratis.thirdparty.io.netty.channel.nio.NioEventLoop.processSelectedKey(NioEventLoop.java:632)
	at org.apache.ratis.thirdparty.io.netty.channel.nio.NioEventLoop.processSelectedKeysOptimized(NioEventLoop.java:579)
	at org.apache.ratis.thirdparty.io.netty.channel.nio.NioEventLoop.processSelectedKeys(NioEventLoop.java:496)
	at org.apache.ratis.thirdparty.io.netty.channel.nio.NioEventLoop.run(NioEventLoop.java:458)
	at org.apache.ratis.thirdparty.io.netty.util.concurrent.SingleThreadEventExecutor$5.run(SingleThreadEventExecutor.java:897)
	at org.apache.ratis.thirdparty.io.netty.util.concurrent.FastThreadLocalRunnable.run(FastThreadLocalRunnable.java:30)
	... 1 more
Caused by: java.net.ConnectException: Connection refused
	... 11 more
2019-10-09 13:04:58,159 [3eeab9a4-47d5-4980-9c6e-5102901e869a@group-C24D4FE0C6F2:LeaderElection65] INFO  impl.LeaderElection (LogUtils.java:infoOrTrace(149)) - 3eeab9a4-47d5-4980-9c6e-5102901e869a@group-C24D4FE0C6F2:LeaderElection65 got exception when requesting votes: {}
java.util.concurrent.ExecutionException: org.apache.ratis.thirdparty.io.grpc.StatusRuntimeException: UNAVAILABLE: io exception
	at java.util.concurrent.FutureTask.report(FutureTask.java:122)
	at java.util.concurrent.FutureTask.get(FutureTask.java:192)
	at org.apache.ratis.server.impl.LeaderElection.waitForResults(LeaderElection.java:263)
	at org.apache.ratis.server.impl.LeaderElection.askForVotes(LeaderElection.java:201)
	at org.apache.ratis.server.impl.LeaderElection.run(LeaderElection.java:133)
	at java.lang.Thread.run(Thread.java:748)
Caused by: org.apache.ratis.thirdparty.io.grpc.StatusRuntimeException: UNAVAILABLE: io exception
	at org.apache.ratis.thirdparty.io.grpc.stub.ClientCalls.toStatusRuntimeException(ClientCalls.java:233)
	at org.apache.ratis.thirdparty.io.grpc.stub.ClientCalls.getUnchecked(ClientCalls.java:214)
	at org.apache.ratis.thirdparty.io.grpc.stub.ClientCalls.blockingUnaryCall(ClientCalls.java:139)
	at org.apache.ratis.proto.grpc.RaftServerProtocolServiceGrpc$RaftServerProtocolServiceBlockingStub.requestVote(RaftServerProtocolServiceGrpc.java:265)
	at org.apache.ratis.grpc.server.GrpcServerProtocolClient.requestVote(GrpcServerProtocolClient.java:90)
	at org.apache.ratis.grpc.server.GrpcService.requestVote(GrpcService.java:204)
	at org.apache.ratis.server.impl.LeaderElection.lambda$submitRequests$1(LeaderElection.java:238)
	at java.util.concurrent.FutureTask.run(FutureTask.java:266)
	at java.util.concurrent.Executors$RunnableAdapter.call(Executors.java:511)
	at java.util.concurrent.FutureTask.run(FutureTask.java:266)
	at java.util.concurrent.ThreadPoolExecutor.runWorker(ThreadPoolExecutor.java:1149)
	at java.util.concurrent.ThreadPoolExecutor$Worker.run(ThreadPoolExecutor.java:624)
	... 1 more
Caused by: org.apache.ratis.thirdparty.io.netty.channel.AbstractChannel$AnnotatedConnectException: Connection refused: /192.168.5.175:39769
	at sun.nio.ch.SocketChannelImpl.checkConnect(Native Method)
	at sun.nio.ch.SocketChannelImpl.finishConnect(SocketChannelImpl.java:717)
	at org.apache.ratis.thirdparty.io.netty.channel.socket.nio.NioSocketChannel.doFinishConnect(NioSocketChannel.java:327)
	at org.apache.ratis.thirdparty.io.netty.channel.nio.AbstractNioChannel$AbstractNioUnsafe.finishConnect(AbstractNioChannel.java:340)
	at org.apache.ratis.thirdparty.io.netty.channel.nio.NioEventLoop.processSelectedKey(NioEventLoop.java:632)
	at org.apache.ratis.thirdparty.io.netty.channel.nio.NioEventLoop.processSelectedKeysOptimized(NioEventLoop.java:579)
	at org.apache.ratis.thirdparty.io.netty.channel.nio.NioEventLoop.processSelectedKeys(NioEventLoop.java:496)
	at org.apache.ratis.thirdparty.io.netty.channel.nio.NioEventLoop.run(NioEventLoop.java:458)
	at org.apache.ratis.thirdparty.io.netty.util.concurrent.SingleThreadEventExecutor$5.run(SingleThreadEventExecutor.java:897)
	at org.apache.ratis.thirdparty.io.netty.util.concurrent.FastThreadLocalRunnable.run(FastThreadLocalRunnable.java:30)
	... 1 more
Caused by: java.net.ConnectException: Connection refused
	... 11 more
2019-10-09 13:04:58,159 [3eeab9a4-47d5-4980-9c6e-5102901e869a@group-F4DE2F4D7E72:LeaderElection64] INFO  impl.LeaderElection (LogUtils.java:infoOrTrace(149)) - 3eeab9a4-47d5-4980-9c6e-5102901e869a@group-F4DE2F4D7E72:LeaderElection64 got exception when requesting votes: {}
java.util.concurrent.ExecutionException: org.apache.ratis.thirdparty.io.grpc.StatusRuntimeException: UNAVAILABLE: io exception
	at java.util.concurrent.FutureTask.report(FutureTask.java:122)
	at java.util.concurrent.FutureTask.get(FutureTask.java:192)
	at org.apache.ratis.server.impl.LeaderElection.waitForResults(LeaderElection.java:263)
	at org.apache.ratis.server.impl.LeaderElection.askForVotes(LeaderElection.java:201)
	at org.apache.ratis.server.impl.LeaderElection.run(LeaderElection.java:133)
	at java.lang.Thread.run(Thread.java:748)
Caused by: org.apache.ratis.thirdparty.io.grpc.StatusRuntimeException: UNAVAILABLE: io exception
	at org.apache.ratis.thirdparty.io.grpc.stub.ClientCalls.toStatusRuntimeException(ClientCalls.java:233)
	at org.apache.ratis.thirdparty.io.grpc.stub.ClientCalls.getUnchecked(ClientCalls.java:214)
	at org.apache.ratis.thirdparty.io.grpc.stub.ClientCalls.blockingUnaryCall(ClientCalls.java:139)
	at org.apache.ratis.proto.grpc.RaftServerProtocolServiceGrpc$RaftServerProtocolServiceBlockingStub.requestVote(RaftServerProtocolServiceGrpc.java:265)
	at org.apache.ratis.grpc.server.GrpcServerProtocolClient.requestVote(GrpcServerProtocolClient.java:90)
	at org.apache.ratis.grpc.server.GrpcService.requestVote(GrpcService.java:204)
	at org.apache.ratis.server.impl.LeaderElection.lambda$submitRequests$1(LeaderElection.java:238)
	at java.util.concurrent.FutureTask.run(FutureTask.java:266)
	at java.util.concurrent.Executors$RunnableAdapter.call(Executors.java:511)
	at java.util.concurrent.FutureTask.run(FutureTask.java:266)
	at java.util.concurrent.ThreadPoolExecutor.runWorker(ThreadPoolExecutor.java:1149)
	at java.util.concurrent.ThreadPoolExecutor$Worker.run(ThreadPoolExecutor.java:624)
	... 1 more
Caused by: org.apache.ratis.thirdparty.io.netty.channel.AbstractChannel$AnnotatedConnectException: Connection refused: /192.168.5.175:40325
	at sun.nio.ch.SocketChannelImpl.checkConnect(Native Method)
	at sun.nio.ch.SocketChannelImpl.finishConnect(SocketChannelImpl.java:717)
	at org.apache.ratis.thirdparty.io.netty.channel.socket.nio.NioSocketChannel.doFinishConnect(NioSocketChannel.java:327)
	at org.apache.ratis.thirdparty.io.netty.channel.nio.AbstractNioChannel$AbstractNioUnsafe.finishConnect(AbstractNioChannel.java:340)
	at org.apache.ratis.thirdparty.io.netty.channel.nio.NioEventLoop.processSelectedKey(NioEventLoop.java:632)
	at org.apache.ratis.thirdparty.io.netty.channel.nio.NioEventLoop.processSelectedKeysOptimized(NioEventLoop.java:579)
	at org.apache.ratis.thirdparty.io.netty.channel.nio.NioEventLoop.processSelectedKeys(NioEventLoop.java:496)
	at org.apache.ratis.thirdparty.io.netty.channel.nio.NioEventLoop.run(NioEventLoop.java:458)
	at org.apache.ratis.thirdparty.io.netty.util.concurrent.SingleThreadEventExecutor$5.run(SingleThreadEventExecutor.java:897)
	at org.apache.ratis.thirdparty.io.netty.util.concurrent.FastThreadLocalRunnable.run(FastThreadLocalRunnable.java:30)
	... 1 more
Caused by: java.net.ConnectException: Connection refused
	... 11 more
2019-10-09 13:04:58,160 [3eeab9a4-47d5-4980-9c6e-5102901e869a@group-C24D4FE0C6F2:LeaderElection65] INFO  impl.LeaderElection (LeaderElection.java:logAndReturn(56)) - 3eeab9a4-47d5-4980-9c6e-5102901e869a@group-C24D4FE0C6F2:LeaderElection65: Election REJECTED; received 0 response(s) [] and 2 exception(s); 3eeab9a4-47d5-4980-9c6e-5102901e869a@group-C24D4FE0C6F2:t12, leader=null, voted=3eeab9a4-47d5-4980-9c6e-5102901e869a, raftlog=3eeab9a4-47d5-4980-9c6e-5102901e869a@group-C24D4FE0C6F2-SegmentedRaftLog:OPENED:c16,f16,i16, conf=0: [4f75c367-51e4-41c9-9287-4e8dd97f5c38:192.168.5.175:40325, 3eeab9a4-47d5-4980-9c6e-5102901e869a:192.168.5.175:43254, f0cb1a3f-6ac7-4eb8-9514-6a797ff8471f:192.168.5.175:39769], old=null
2019-10-09 13:04:58,160 [3eeab9a4-47d5-4980-9c6e-5102901e869a@group-F4DE2F4D7E72:LeaderElection64] INFO  impl.LeaderElection (LeaderElection.java:logAndReturn(56)) - 3eeab9a4-47d5-4980-9c6e-5102901e869a@group-F4DE2F4D7E72:LeaderElection64: Election REJECTED; received 0 response(s) [] and 2 exception(s); 3eeab9a4-47d5-4980-9c6e-5102901e869a@group-F4DE2F4D7E72:t11, leader=null, voted=3eeab9a4-47d5-4980-9c6e-5102901e869a, raftlog=3eeab9a4-47d5-4980-9c6e-5102901e869a@group-F4DE2F4D7E72-SegmentedRaftLog:OPENED:c0,f0,i0, conf=0: [4f75c367-51e4-41c9-9287-4e8dd97f5c38:192.168.5.175:40325, 3eeab9a4-47d5-4980-9c6e-5102901e869a:192.168.5.175:43254, f0cb1a3f-6ac7-4eb8-9514-6a797ff8471f:192.168.5.175:39769], old=null
2019-10-09 13:04:58,161 [3eeab9a4-47d5-4980-9c6e-5102901e869a@group-C24D4FE0C6F2:LeaderElection65] INFO  impl.LeaderElection (LogUtils.java:infoOrTrace(149)) -   Exception 0: {}
java.util.concurrent.ExecutionException: org.apache.ratis.thirdparty.io.grpc.StatusRuntimeException: UNAVAILABLE: io exception
	at java.util.concurrent.FutureTask.report(FutureTask.java:122)
	at java.util.concurrent.FutureTask.get(FutureTask.java:192)
	at org.apache.ratis.server.impl.LeaderElection.waitForResults(LeaderElection.java:263)
	at org.apache.ratis.server.impl.LeaderElection.askForVotes(LeaderElection.java:201)
	at org.apache.ratis.server.impl.LeaderElection.run(LeaderElection.java:133)
	at java.lang.Thread.run(Thread.java:748)
Caused by: org.apache.ratis.thirdparty.io.grpc.StatusRuntimeException: UNAVAILABLE: io exception
	at org.apache.ratis.thirdparty.io.grpc.stub.ClientCalls.toStatusRuntimeException(ClientCalls.java:233)
	at org.apache.ratis.thirdparty.io.grpc.stub.ClientCalls.getUnchecked(ClientCalls.java:214)
	at org.apache.ratis.thirdparty.io.grpc.stub.ClientCalls.blockingUnaryCall(ClientCalls.java:139)
	at org.apache.ratis.proto.grpc.RaftServerProtocolServiceGrpc$RaftServerProtocolServiceBlockingStub.requestVote(RaftServerProtocolServiceGrpc.java:265)
	at org.apache.ratis.grpc.server.GrpcServerProtocolClient.requestVote(GrpcServerProtocolClient.java:90)
	at org.apache.ratis.grpc.server.GrpcService.requestVote(GrpcService.java:204)
	at org.apache.ratis.server.impl.LeaderElection.lambda$submitRequests$1(LeaderElection.java:238)
	at java.util.concurrent.FutureTask.run(FutureTask.java:266)
	at java.util.concurrent.Executors$RunnableAdapter.call(Executors.java:511)
	at java.util.concurrent.FutureTask.run(FutureTask.java:266)
	at java.util.concurrent.ThreadPoolExecutor.runWorker(ThreadPoolExecutor.java:1149)
	at java.util.concurrent.ThreadPoolExecutor$Worker.run(ThreadPoolExecutor.java:624)
	... 1 more
Caused by: org.apache.ratis.thirdparty.io.netty.channel.AbstractChannel$AnnotatedConnectException: Connection refused: /192.168.5.175:40325
	at sun.nio.ch.SocketChannelImpl.checkConnect(Native Method)
	at sun.nio.ch.SocketChannelImpl.finishConnect(SocketChannelImpl.java:717)
	at org.apache.ratis.thirdparty.io.netty.channel.socket.nio.NioSocketChannel.doFinishConnect(NioSocketChannel.java:327)
	at org.apache.ratis.thirdparty.io.netty.channel.nio.AbstractNioChannel$AbstractNioUnsafe.finishConnect(AbstractNioChannel.java:340)
	at org.apache.ratis.thirdparty.io.netty.channel.nio.NioEventLoop.processSelectedKey(NioEventLoop.java:632)
	at org.apache.ratis.thirdparty.io.netty.channel.nio.NioEventLoop.processSelectedKeysOptimized(NioEventLoop.java:579)
	at org.apache.ratis.thirdparty.io.netty.channel.nio.NioEventLoop.processSelectedKeys(NioEventLoop.java:496)
	at org.apache.ratis.thirdparty.io.netty.channel.nio.NioEventLoop.run(NioEventLoop.java:458)
	at org.apache.ratis.thirdparty.io.netty.util.concurrent.SingleThreadEventExecutor$5.run(SingleThreadEventExecutor.java:897)
	at org.apache.ratis.thirdparty.io.netty.util.concurrent.FastThreadLocalRunnable.run(FastThreadLocalRunnable.java:30)
	... 1 more
Caused by: java.net.ConnectException: Connection refused
	... 11 more
2019-10-09 13:04:58,163 [3eeab9a4-47d5-4980-9c6e-5102901e869a@group-C24D4FE0C6F2:LeaderElection65] INFO  impl.LeaderElection (LogUtils.java:infoOrTrace(149)) -   Exception 1: {}
java.util.concurrent.ExecutionException: org.apache.ratis.thirdparty.io.grpc.StatusRuntimeException: UNAVAILABLE: io exception
	at java.util.concurrent.FutureTask.report(FutureTask.java:122)
	at java.util.concurrent.FutureTask.get(FutureTask.java:192)
	at org.apache.ratis.server.impl.LeaderElection.waitForResults(LeaderElection.java:263)
	at org.apache.ratis.server.impl.LeaderElection.askForVotes(LeaderElection.java:201)
	at org.apache.ratis.server.impl.LeaderElection.run(LeaderElection.java:133)
	at java.lang.Thread.run(Thread.java:748)
Caused by: org.apache.ratis.thirdparty.io.grpc.StatusRuntimeException: UNAVAILABLE: io exception
	at org.apache.ratis.thirdparty.io.grpc.stub.ClientCalls.toStatusRuntimeException(ClientCalls.java:233)
	at org.apache.ratis.thirdparty.io.grpc.stub.ClientCalls.getUnchecked(ClientCalls.java:214)
	at org.apache.ratis.thirdparty.io.grpc.stub.ClientCalls.blockingUnaryCall(ClientCalls.java:139)
	at org.apache.ratis.proto.grpc.RaftServerProtocolServiceGrpc$RaftServerProtocolServiceBlockingStub.requestVote(RaftServerProtocolServiceGrpc.java:265)
	at org.apache.ratis.grpc.server.GrpcServerProtocolClient.requestVote(GrpcServerProtocolClient.java:90)
	at org.apache.ratis.grpc.server.GrpcService.requestVote(GrpcService.java:204)
	at org.apache.ratis.server.impl.LeaderElection.lambda$submitRequests$1(LeaderElection.java:238)
	at java.util.concurrent.FutureTask.run(FutureTask.java:266)
	at java.util.concurrent.Executors$RunnableAdapter.call(Executors.java:511)
	at java.util.concurrent.FutureTask.run(FutureTask.java:266)
	at java.util.concurrent.ThreadPoolExecutor.runWorker(ThreadPoolExecutor.java:1149)
	at java.util.concurrent.ThreadPoolExecutor$Worker.run(ThreadPoolExecutor.java:624)
	... 1 more
Caused by: org.apache.ratis.thirdparty.io.netty.channel.AbstractChannel$AnnotatedConnectException: Connection refused: /192.168.5.175:39769
	at sun.nio.ch.SocketChannelImpl.checkConnect(Native Method)
	at sun.nio.ch.SocketChannelImpl.finishConnect(SocketChannelImpl.java:717)
	at org.apache.ratis.thirdparty.io.netty.channel.socket.nio.NioSocketChannel.doFinishConnect(NioSocketChannel.java:327)
	at org.apache.ratis.thirdparty.io.netty.channel.nio.AbstractNioChannel$AbstractNioUnsafe.finishConnect(AbstractNioChannel.java:340)
	at org.apache.ratis.thirdparty.io.netty.channel.nio.NioEventLoop.processSelectedKey(NioEventLoop.java:632)
	at org.apache.ratis.thirdparty.io.netty.channel.nio.NioEventLoop.processSelectedKeysOptimized(NioEventLoop.java:579)
	at org.apache.ratis.thirdparty.io.netty.channel.nio.NioEventLoop.processSelectedKeys(NioEventLoop.java:496)
	at org.apache.ratis.thirdparty.io.netty.channel.nio.NioEventLoop.run(NioEventLoop.java:458)
	at org.apache.ratis.thirdparty.io.netty.util.concurrent.SingleThreadEventExecutor$5.run(SingleThreadEventExecutor.java:897)
	at org.apache.ratis.thirdparty.io.netty.util.concurrent.FastThreadLocalRunnable.run(FastThreadLocalRunnable.java:30)
	... 1 more
Caused by: java.net.ConnectException: Connection refused
	... 11 more
2019-10-09 13:04:58,161 [3eeab9a4-47d5-4980-9c6e-5102901e869a@group-F4DE2F4D7E72:LeaderElection64] INFO  impl.LeaderElection (LogUtils.java:infoOrTrace(149)) -   Exception 0: {}
java.util.concurrent.ExecutionException: org.apache.ratis.thirdparty.io.grpc.StatusRuntimeException: UNAVAILABLE: io exception
	at java.util.concurrent.FutureTask.report(FutureTask.java:122)
	at java.util.concurrent.FutureTask.get(FutureTask.java:192)
	at org.apache.ratis.server.impl.LeaderElection.waitForResults(LeaderElection.java:263)
	at org.apache.ratis.server.impl.LeaderElection.askForVotes(LeaderElection.java:201)
	at org.apache.ratis.server.impl.LeaderElection.run(LeaderElection.java:133)
	at java.lang.Thread.run(Thread.java:748)
Caused by: org.apache.ratis.thirdparty.io.grpc.StatusRuntimeException: UNAVAILABLE: io exception
	at org.apache.ratis.thirdparty.io.grpc.stub.ClientCalls.toStatusRuntimeException(ClientCalls.java:233)
	at org.apache.ratis.thirdparty.io.grpc.stub.ClientCalls.getUnchecked(ClientCalls.java:214)
	at org.apache.ratis.thirdparty.io.grpc.stub.ClientCalls.blockingUnaryCall(ClientCalls.java:139)
	at org.apache.ratis.proto.grpc.RaftServerProtocolServiceGrpc$RaftServerProtocolServiceBlockingStub.requestVote(RaftServerProtocolServiceGrpc.java:265)
	at org.apache.ratis.grpc.server.GrpcServerProtocolClient.requestVote(GrpcServerProtocolClient.java:90)
	at org.apache.ratis.grpc.server.GrpcService.requestVote(GrpcService.java:204)
	at org.apache.ratis.server.impl.LeaderElection.lambda$submitRequests$1(LeaderElection.java:238)
	at java.util.concurrent.FutureTask.run(FutureTask.java:266)
	at java.util.concurrent.Executors$RunnableAdapter.call(Executors.java:511)
	at java.util.concurrent.FutureTask.run(FutureTask.java:266)
	at java.util.concurrent.ThreadPoolExecutor.runWorker(ThreadPoolExecutor.java:1149)
	at java.util.concurrent.ThreadPoolExecutor$Worker.run(ThreadPoolExecutor.java:624)
	... 1 more
Caused by: org.apache.ratis.thirdparty.io.netty.channel.AbstractChannel$AnnotatedConnectException: Connection refused: /192.168.5.175:39769
	at sun.nio.ch.SocketChannelImpl.checkConnect(Native Method)
	at sun.nio.ch.SocketChannelImpl.finishConnect(SocketChannelImpl.java:717)
	at org.apache.ratis.thirdparty.io.netty.channel.socket.nio.NioSocketChannel.doFinishConnect(NioSocketChannel.java:327)
	at org.apache.ratis.thirdparty.io.netty.channel.nio.AbstractNioChannel$AbstractNioUnsafe.finishConnect(AbstractNioChannel.java:340)
	at org.apache.ratis.thirdparty.io.netty.channel.nio.NioEventLoop.processSelectedKey(NioEventLoop.java:632)
	at org.apache.ratis.thirdparty.io.netty.channel.nio.NioEventLoop.processSelectedKeysOptimized(NioEventLoop.java:579)
	at org.apache.ratis.thirdparty.io.netty.channel.nio.NioEventLoop.processSelectedKeys(NioEventLoop.java:496)
	at org.apache.ratis.thirdparty.io.netty.channel.nio.NioEventLoop.run(NioEventLoop.java:458)
	at org.apache.ratis.thirdparty.io.netty.util.concurrent.SingleThreadEventExecutor$5.run(SingleThreadEventExecutor.java:897)
	at org.apache.ratis.thirdparty.io.netty.util.concurrent.FastThreadLocalRunnable.run(FastThreadLocalRunnable.java:30)
	... 1 more
Caused by: java.net.ConnectException: Connection refused
	... 11 more
2019-10-09 13:04:58,166 [3eeab9a4-47d5-4980-9c6e-5102901e869a@group-F4DE2F4D7E72:LeaderElection64] INFO  impl.LeaderElection (LogUtils.java:infoOrTrace(149)) -   Exception 1: {}
java.util.concurrent.ExecutionException: org.apache.ratis.thirdparty.io.grpc.StatusRuntimeException: UNAVAILABLE: io exception
	at java.util.concurrent.FutureTask.report(FutureTask.java:122)
	at java.util.concurrent.FutureTask.get(FutureTask.java:192)
	at org.apache.ratis.server.impl.LeaderElection.waitForResults(LeaderElection.java:263)
	at org.apache.ratis.server.impl.LeaderElection.askForVotes(LeaderElection.java:201)
	at org.apache.ratis.server.impl.LeaderElection.run(LeaderElection.java:133)
	at java.lang.Thread.run(Thread.java:748)
Caused by: org.apache.ratis.thirdparty.io.grpc.StatusRuntimeException: UNAVAILABLE: io exception
	at org.apache.ratis.thirdparty.io.grpc.stub.ClientCalls.toStatusRuntimeException(ClientCalls.java:233)
	at org.apache.ratis.thirdparty.io.grpc.stub.ClientCalls.getUnchecked(ClientCalls.java:214)
	at org.apache.ratis.thirdparty.io.grpc.stub.ClientCalls.blockingUnaryCall(ClientCalls.java:139)
	at org.apache.ratis.proto.grpc.RaftServerProtocolServiceGrpc$RaftServerProtocolServiceBlockingStub.requestVote(RaftServerProtocolServiceGrpc.java:265)
	at org.apache.ratis.grpc.server.GrpcServerProtocolClient.requestVote(GrpcServerProtocolClient.java:90)
	at org.apache.ratis.grpc.server.GrpcService.requestVote(GrpcService.java:204)
	at org.apache.ratis.server.impl.LeaderElection.lambda$submitRequests$1(LeaderElection.java:238)
	at java.util.concurrent.FutureTask.run(FutureTask.java:266)
	at java.util.concurrent.Executors$RunnableAdapter.call(Executors.java:511)
	at java.util.concurrent.FutureTask.run(FutureTask.java:266)
	at java.util.concurrent.ThreadPoolExecutor.runWorker(ThreadPoolExecutor.java:1149)
	at java.util.concurrent.ThreadPoolExecutor$Worker.run(ThreadPoolExecutor.java:624)
	... 1 more
Caused by: org.apache.ratis.thirdparty.io.netty.channel.AbstractChannel$AnnotatedConnectException: Connection refused: /192.168.5.175:40325
	at sun.nio.ch.SocketChannelImpl.checkConnect(Native Method)
	at sun.nio.ch.SocketChannelImpl.finishConnect(SocketChannelImpl.java:717)
	at org.apache.ratis.thirdparty.io.netty.channel.socket.nio.NioSocketChannel.doFinishConnect(NioSocketChannel.java:327)
	at org.apache.ratis.thirdparty.io.netty.channel.nio.AbstractNioChannel$AbstractNioUnsafe.finishConnect(AbstractNioChannel.java:340)
	at org.apache.ratis.thirdparty.io.netty.channel.nio.NioEventLoop.processSelectedKey(NioEventLoop.java:632)
	at org.apache.ratis.thirdparty.io.netty.channel.nio.NioEventLoop.processSelectedKeysOptimized(NioEventLoop.java:579)
	at org.apache.ratis.thirdparty.io.netty.channel.nio.NioEventLoop.processSelectedKeys(NioEventLoop.java:496)
	at org.apache.ratis.thirdparty.io.netty.channel.nio.NioEventLoop.run(NioEventLoop.java:458)
	at org.apache.ratis.thirdparty.io.netty.util.concurrent.SingleThreadEventExecutor$5.run(SingleThreadEventExecutor.java:897)
	at org.apache.ratis.thirdparty.io.netty.util.concurrent.FastThreadLocalRunnable.run(FastThreadLocalRunnable.java:30)
	... 1 more
Caused by: java.net.ConnectException: Connection refused
	... 11 more
2019-10-09 13:04:58,165 [3eeab9a4-47d5-4980-9c6e-5102901e869a@group-C24D4FE0C6F2:LeaderElection65] INFO  impl.RaftServerImpl (RaftServerImpl.java:setRole(174)) - 3eeab9a4-47d5-4980-9c6e-5102901e869a@group-C24D4FE0C6F2: changes role from CANDIDATE to FOLLOWER at term 12 for DISCOVERED_A_NEW_TERM
2019-10-09 13:04:58,167 [3eeab9a4-47d5-4980-9c6e-5102901e869a@group-F4DE2F4D7E72:LeaderElection64] INFO  impl.RaftServerImpl (RaftServerImpl.java:setRole(174)) - 3eeab9a4-47d5-4980-9c6e-5102901e869a@group-F4DE2F4D7E72: changes role from CANDIDATE to FOLLOWER at term 11 for DISCOVERED_A_NEW_TERM
2019-10-09 13:04:58,167 [3eeab9a4-47d5-4980-9c6e-5102901e869a@group-C24D4FE0C6F2:LeaderElection65] INFO  impl.RoleInfo (RoleInfo.java:shutdownLeaderElection(134)) - 3eeab9a4-47d5-4980-9c6e-5102901e869a: shutdown LeaderElection
2019-10-09 13:04:58,167 [3eeab9a4-47d5-4980-9c6e-5102901e869a@group-F4DE2F4D7E72:LeaderElection64] INFO  impl.RoleInfo (RoleInfo.java:shutdownLeaderElection(134)) - 3eeab9a4-47d5-4980-9c6e-5102901e869a: shutdown LeaderElection
2019-10-09 13:04:58,167 [3eeab9a4-47d5-4980-9c6e-5102901e869a@group-C24D4FE0C6F2:LeaderElection65] INFO  impl.RoleInfo (RoleInfo.java:updateAndGet(143)) - 3eeab9a4-47d5-4980-9c6e-5102901e869a: start FollowerState
2019-10-09 13:04:58,167 [3eeab9a4-47d5-4980-9c6e-5102901e869a@group-F4DE2F4D7E72:LeaderElection64] INFO  impl.RoleInfo (RoleInfo.java:updateAndGet(143)) - 3eeab9a4-47d5-4980-9c6e-5102901e869a: start FollowerState
2019-10-09 13:04:58,905 [grpc-default-executor-7] WARN  server.GrpcLogAppender (LogUtils.java:warn(134)) - 3eeab9a4-47d5-4980-9c6e-5102901e869a@group-DDAC6CD64C05->f0cb1a3f-6ac7-4eb8-9514-6a797ff8471f-AppendLogResponseHandler: Failed appendEntries: org.apache.ratis.thirdparty.io.grpc.StatusRuntimeException: UNAVAILABLE: io exception
2019-10-09 13:04:58,906 [grpc-default-executor-7] INFO  impl.FollowerInfo (FollowerInfo.java:lambda$new$0(51)) - 3eeab9a4-47d5-4980-9c6e-5102901e869a@group-DDAC6CD64C05->f0cb1a3f-6ac7-4eb8-9514-6a797ff8471f: nextIndex: updateUnconditionally 0 -> 0
2019-10-09 13:04:58,931 [grpc-default-executor-7] WARN  server.GrpcLogAppender (LogUtils.java:warn(134)) - 3eeab9a4-47d5-4980-9c6e-5102901e869a@group-DDAC6CD64C05->4f75c367-51e4-41c9-9287-4e8dd97f5c38-AppendLogResponseHandler: Failed appendEntries: org.apache.ratis.thirdparty.io.grpc.StatusRuntimeException: UNAVAILABLE: io exception
2019-10-09 13:04:58,931 [grpc-default-executor-7] INFO  impl.FollowerInfo (FollowerInfo.java:lambda$new$0(51)) - 3eeab9a4-47d5-4980-9c6e-5102901e869a@group-DDAC6CD64C05->4f75c367-51e4-41c9-9287-4e8dd97f5c38: nextIndex: updateUnconditionally 0 -> 0
2019-10-09 13:04:59,010 [grpc-default-executor-7] WARN  server.GrpcLogAppender (LogUtils.java:warn(134)) - 3eeab9a4-47d5-4980-9c6e-5102901e869a@group-75761DEE94FB->f0cb1a3f-6ac7-4eb8-9514-6a797ff8471f-AppendLogResponseHandler: Failed appendEntries: org.apache.ratis.thirdparty.io.grpc.StatusRuntimeException: UNAVAILABLE: io exception
2019-10-09 13:04:59,011 [grpc-default-executor-7] INFO  impl.FollowerInfo (FollowerInfo.java:lambda$new$0(51)) - 3eeab9a4-47d5-4980-9c6e-5102901e869a@group-75761DEE94FB->f0cb1a3f-6ac7-4eb8-9514-6a797ff8471f: nextIndex: updateUnconditionally 0 -> 0
2019-10-09 13:04:59,017 [grpc-default-executor-4] WARN  server.GrpcLogAppender (LogUtils.java:warn(134)) - 3eeab9a4-47d5-4980-9c6e-5102901e869a@group-75761DEE94FB->4f75c367-51e4-41c9-9287-4e8dd97f5c38-AppendLogResponseHandler: Failed appendEntries: org.apache.ratis.thirdparty.io.grpc.StatusRuntimeException: UNAVAILABLE: io exception
2019-10-09 13:04:59,017 [grpc-default-executor-4] INFO  impl.FollowerInfo (FollowerInfo.java:lambda$new$0(51)) - 3eeab9a4-47d5-4980-9c6e-5102901e869a@group-75761DEE94FB->4f75c367-51e4-41c9-9287-4e8dd97f5c38: nextIndex: updateUnconditionally 0 -> 0
2019-10-09 13:04:59,200 [grpc-default-executor-7] WARN  server.GrpcLogAppender (LogUtils.java:warn(134)) - 3eeab9a4-47d5-4980-9c6e-5102901e869a@group-153C1C6005E2->f0cb1a3f-6ac7-4eb8-9514-6a797ff8471f-AppendLogResponseHandler: Failed appendEntries: org.apache.ratis.thirdparty.io.grpc.StatusRuntimeException: UNAVAILABLE: io exception
2019-10-09 13:04:59,200 [grpc-default-executor-7] INFO  impl.FollowerInfo (FollowerInfo.java:lambda$new$0(51)) - 3eeab9a4-47d5-4980-9c6e-5102901e869a@group-153C1C6005E2->f0cb1a3f-6ac7-4eb8-9514-6a797ff8471f: nextIndex: updateUnconditionally 0 -> 0
2019-10-09 13:04:59,205 [grpc-default-executor-9] WARN  server.GrpcLogAppender (LogUtils.java:warn(134)) - 3eeab9a4-47d5-4980-9c6e-5102901e869a@group-153C1C6005E2->4f75c367-51e4-41c9-9287-4e8dd97f5c38-AppendLogResponseHandler: Failed appendEntries: org.apache.ratis.thirdparty.io.grpc.StatusRuntimeException: UNAVAILABLE: io exception
2019-10-09 13:04:59,205 [grpc-default-executor-9] INFO  impl.FollowerInfo (FollowerInfo.java:lambda$new$0(51)) - 3eeab9a4-47d5-4980-9c6e-5102901e869a@group-153C1C6005E2->4f75c367-51e4-41c9-9287-4e8dd97f5c38: nextIndex: updateUnconditionally 0 -> 0
2019-10-09 13:05:01,407 [grpc-default-executor-9] WARN  server.GrpcLogAppender (LogUtils.java:warn(134)) - 3eeab9a4-47d5-4980-9c6e-5102901e869a@group-DDAC6CD64C05->f0cb1a3f-6ac7-4eb8-9514-6a797ff8471f-AppendLogResponseHandler: Failed appendEntries: org.apache.ratis.thirdparty.io.grpc.StatusRuntimeException: UNAVAILABLE: io exception
2019-10-09 13:05:01,408 [grpc-default-executor-9] INFO  impl.FollowerInfo (FollowerInfo.java:lambda$new$0(51)) - 3eeab9a4-47d5-4980-9c6e-5102901e869a@group-DDAC6CD64C05->f0cb1a3f-6ac7-4eb8-9514-6a797ff8471f: nextIndex: updateUnconditionally 0 -> 0
2019-10-09 13:05:01,433 [grpc-default-executor-4] WARN  server.GrpcLogAppender (LogUtils.java:warn(134)) - 3eeab9a4-47d5-4980-9c6e-5102901e869a@group-DDAC6CD64C05->4f75c367-51e4-41c9-9287-4e8dd97f5c38-AppendLogResponseHandler: Failed appendEntries: org.apache.ratis.thirdparty.io.grpc.StatusRuntimeException: UNAVAILABLE: io exception
2019-10-09 13:05:01,433 [grpc-default-executor-4] INFO  impl.FollowerInfo (FollowerInfo.java:lambda$new$0(51)) - 3eeab9a4-47d5-4980-9c6e-5102901e869a@group-DDAC6CD64C05->4f75c367-51e4-41c9-9287-4e8dd97f5c38: nextIndex: updateUnconditionally 0 -> 0
2019-10-09 13:05:01,510 [grpc-default-executor-4] WARN  server.GrpcLogAppender (LogUtils.java:warn(134)) - 3eeab9a4-47d5-4980-9c6e-5102901e869a@group-75761DEE94FB->f0cb1a3f-6ac7-4eb8-9514-6a797ff8471f-AppendLogResponseHandler: Failed appendEntries: org.apache.ratis.thirdparty.io.grpc.StatusRuntimeException: UNAVAILABLE: io exception
2019-10-09 13:05:01,511 [grpc-default-executor-4] INFO  impl.FollowerInfo (FollowerInfo.java:lambda$new$0(51)) - 3eeab9a4-47d5-4980-9c6e-5102901e869a@group-75761DEE94FB->f0cb1a3f-6ac7-4eb8-9514-6a797ff8471f: nextIndex: updateUnconditionally 0 -> 0
2019-10-09 13:05:01,517 [grpc-default-executor-7] WARN  server.GrpcLogAppender (LogUtils.java:warn(134)) - 3eeab9a4-47d5-4980-9c6e-5102901e869a@group-75761DEE94FB->4f75c367-51e4-41c9-9287-4e8dd97f5c38-AppendLogResponseHandler: Failed appendEntries: org.apache.ratis.thirdparty.io.grpc.StatusRuntimeException: UNAVAILABLE: io exception
2019-10-09 13:05:01,518 [grpc-default-executor-7] INFO  impl.FollowerInfo (FollowerInfo.java:lambda$new$0(51)) - 3eeab9a4-47d5-4980-9c6e-5102901e869a@group-75761DEE94FB->4f75c367-51e4-41c9-9287-4e8dd97f5c38: nextIndex: updateUnconditionally 0 -> 0
2019-10-09 13:05:01,701 [grpc-default-executor-9] WARN  server.GrpcLogAppender (LogUtils.java:warn(134)) - 3eeab9a4-47d5-4980-9c6e-5102901e869a@group-153C1C6005E2->f0cb1a3f-6ac7-4eb8-9514-6a797ff8471f-AppendLogResponseHandler: Failed appendEntries: org.apache.ratis.thirdparty.io.grpc.StatusRuntimeException: UNAVAILABLE: io exception
2019-10-09 13:05:01,701 [grpc-default-executor-9] INFO  impl.FollowerInfo (FollowerInfo.java:lambda$new$0(51)) - 3eeab9a4-47d5-4980-9c6e-5102901e869a@group-153C1C6005E2->f0cb1a3f-6ac7-4eb8-9514-6a797ff8471f: nextIndex: updateUnconditionally 0 -> 0
2019-10-09 13:05:01,706 [grpc-default-executor-4] WARN  server.GrpcLogAppender (LogUtils.java:warn(134)) - 3eeab9a4-47d5-4980-9c6e-5102901e869a@group-153C1C6005E2->4f75c367-51e4-41c9-9287-4e8dd97f5c38-AppendLogResponseHandler: Failed appendEntries: org.apache.ratis.thirdparty.io.grpc.StatusRuntimeException: UNAVAILABLE: io exception
2019-10-09 13:05:01,707 [grpc-default-executor-4] INFO  impl.FollowerInfo (FollowerInfo.java:lambda$new$0(51)) - 3eeab9a4-47d5-4980-9c6e-5102901e869a@group-153C1C6005E2->4f75c367-51e4-41c9-9287-4e8dd97f5c38: nextIndex: updateUnconditionally 0 -> 0
2019-10-09 13:05:02,790 [Thread-823] INFO  impl.FollowerState (FollowerState.java:run(106)) - 3eeab9a4-47d5-4980-9c6e-5102901e869a:group-A483B260BC72 changes to CANDIDATE, lastRpcTime:5190, electionTimeout:5187ms
2019-10-09 13:05:02,792 [Thread-823] INFO  impl.RoleInfo (RoleInfo.java:shutdownFollowerState(121)) - 3eeab9a4-47d5-4980-9c6e-5102901e869a: shutdown FollowerState
2019-10-09 13:05:02,792 [Thread-823] INFO  impl.RaftServerImpl (RaftServerImpl.java:setRole(174)) - 3eeab9a4-47d5-4980-9c6e-5102901e869a@group-A483B260BC72: changes role from  FOLLOWER to CANDIDATE at term 11 for changeToCandidate
2019-10-09 13:05:02,792 [Thread-823] INFO  impl.RoleInfo (RoleInfo.java:updateAndGet(143)) - 3eeab9a4-47d5-4980-9c6e-5102901e869a: start LeaderElection
2019-10-09 13:05:02,811 [3eeab9a4-47d5-4980-9c6e-5102901e869a@group-A483B260BC72:LeaderElection66] INFO  impl.LeaderElection (LeaderElection.java:askForVotes(182)) - 3eeab9a4-47d5-4980-9c6e-5102901e869a@group-A483B260BC72:LeaderElection66: begin an election at term 12 for 0: [4f75c367-51e4-41c9-9287-4e8dd97f5c38:192.168.5.175:40325, 3eeab9a4-47d5-4980-9c6e-5102901e869a:192.168.5.175:43254, f0cb1a3f-6ac7-4eb8-9514-6a797ff8471f:192.168.5.175:39769], old=null
2019-10-09 13:05:02,814 [3eeab9a4-47d5-4980-9c6e-5102901e869a@group-A483B260BC72:LeaderElection66] INFO  impl.LeaderElection (LogUtils.java:infoOrTrace(149)) - 3eeab9a4-47d5-4980-9c6e-5102901e869a@group-A483B260BC72:LeaderElection66 got exception when requesting votes: {}
java.util.concurrent.ExecutionException: org.apache.ratis.thirdparty.io.grpc.StatusRuntimeException: UNAVAILABLE: io exception
	at java.util.concurrent.FutureTask.report(FutureTask.java:122)
	at java.util.concurrent.FutureTask.get(FutureTask.java:192)
	at org.apache.ratis.server.impl.LeaderElection.waitForResults(LeaderElection.java:263)
	at org.apache.ratis.server.impl.LeaderElection.askForVotes(LeaderElection.java:201)
	at org.apache.ratis.server.impl.LeaderElection.run(LeaderElection.java:133)
	at java.lang.Thread.run(Thread.java:748)
Caused by: org.apache.ratis.thirdparty.io.grpc.StatusRuntimeException: UNAVAILABLE: io exception
	at org.apache.ratis.thirdparty.io.grpc.stub.ClientCalls.toStatusRuntimeException(ClientCalls.java:233)
	at org.apache.ratis.thirdparty.io.grpc.stub.ClientCalls.getUnchecked(ClientCalls.java:214)
	at org.apache.ratis.thirdparty.io.grpc.stub.ClientCalls.blockingUnaryCall(ClientCalls.java:139)
	at org.apache.ratis.proto.grpc.RaftServerProtocolServiceGrpc$RaftServerProtocolServiceBlockingStub.requestVote(RaftServerProtocolServiceGrpc.java:265)
	at org.apache.ratis.grpc.server.GrpcServerProtocolClient.requestVote(GrpcServerProtocolClient.java:90)
	at org.apache.ratis.grpc.server.GrpcService.requestVote(GrpcService.java:204)
	at org.apache.ratis.server.impl.LeaderElection.lambda$submitRequests$1(LeaderElection.java:238)
	at java.util.concurrent.FutureTask.run(FutureTask.java:266)
	at java.util.concurrent.Executors$RunnableAdapter.call(Executors.java:511)
	at java.util.concurrent.FutureTask.run(FutureTask.java:266)
	at java.util.concurrent.ThreadPoolExecutor.runWorker(ThreadPoolExecutor.java:1149)
	at java.util.concurrent.ThreadPoolExecutor$Worker.run(ThreadPoolExecutor.java:624)
	... 1 more
Caused by: org.apache.ratis.thirdparty.io.netty.channel.AbstractChannel$AnnotatedConnectException: Connection refused: /192.168.5.175:39769
	at sun.nio.ch.SocketChannelImpl.checkConnect(Native Method)
	at sun.nio.ch.SocketChannelImpl.finishConnect(SocketChannelImpl.java:717)
	at org.apache.ratis.thirdparty.io.netty.channel.socket.nio.NioSocketChannel.doFinishConnect(NioSocketChannel.java:327)
	at org.apache.ratis.thirdparty.io.netty.channel.nio.AbstractNioChannel$AbstractNioUnsafe.finishConnect(AbstractNioChannel.java:340)
	at org.apache.ratis.thirdparty.io.netty.channel.nio.NioEventLoop.processSelectedKey(NioEventLoop.java:632)
	at org.apache.ratis.thirdparty.io.netty.channel.nio.NioEventLoop.processSelectedKeysOptimized(NioEventLoop.java:579)
	at org.apache.ratis.thirdparty.io.netty.channel.nio.NioEventLoop.processSelectedKeys(NioEventLoop.java:496)
	at org.apache.ratis.thirdparty.io.netty.channel.nio.NioEventLoop.run(NioEventLoop.java:458)
	at org.apache.ratis.thirdparty.io.netty.util.concurrent.SingleThreadEventExecutor$5.run(SingleThreadEventExecutor.java:897)
	at org.apache.ratis.thirdparty.io.netty.util.concurrent.FastThreadLocalRunnable.run(FastThreadLocalRunnable.java:30)
	... 1 more
Caused by: java.net.ConnectException: Connection refused
	... 11 more
2019-10-09 13:05:02,815 [3eeab9a4-47d5-4980-9c6e-5102901e869a@group-A483B260BC72:LeaderElection66] INFO  impl.LeaderElection (LogUtils.java:infoOrTrace(149)) - 3eeab9a4-47d5-4980-9c6e-5102901e869a@group-A483B260BC72:LeaderElection66 got exception when requesting votes: {}
java.util.concurrent.ExecutionException: org.apache.ratis.thirdparty.io.grpc.StatusRuntimeException: UNAVAILABLE: io exception
	at java.util.concurrent.FutureTask.report(FutureTask.java:122)
	at java.util.concurrent.FutureTask.get(FutureTask.java:192)
	at org.apache.ratis.server.impl.LeaderElection.waitForResults(LeaderElection.java:263)
	at org.apache.ratis.server.impl.LeaderElection.askForVotes(LeaderElection.java:201)
	at org.apache.ratis.server.impl.LeaderElection.run(LeaderElection.java:133)
	at java.lang.Thread.run(Thread.java:748)
Caused by: org.apache.ratis.thirdparty.io.grpc.StatusRuntimeException: UNAVAILABLE: io exception
	at org.apache.ratis.thirdparty.io.grpc.stub.ClientCalls.toStatusRuntimeException(ClientCalls.java:233)
	at org.apache.ratis.thirdparty.io.grpc.stub.ClientCalls.getUnchecked(ClientCalls.java:214)
	at org.apache.ratis.thirdparty.io.grpc.stub.ClientCalls.blockingUnaryCall(ClientCalls.java:139)
	at org.apache.ratis.proto.grpc.RaftServerProtocolServiceGrpc$RaftServerProtocolServiceBlockingStub.requestVote(RaftServerProtocolServiceGrpc.java:265)
	at org.apache.ratis.grpc.server.GrpcServerProtocolClient.requestVote(GrpcServerProtocolClient.java:90)
	at org.apache.ratis.grpc.server.GrpcService.requestVote(GrpcService.java:204)
	at org.apache.ratis.server.impl.LeaderElection.lambda$submitRequests$1(LeaderElection.java:238)
	at java.util.concurrent.FutureTask.run(FutureTask.java:266)
	at java.util.concurrent.Executors$RunnableAdapter.call(Executors.java:511)
	at java.util.concurrent.FutureTask.run(FutureTask.java:266)
	at java.util.concurrent.ThreadPoolExecutor.runWorker(ThreadPoolExecutor.java:1149)
	at java.util.concurrent.ThreadPoolExecutor$Worker.run(ThreadPoolExecutor.java:624)
	... 1 more
Caused by: org.apache.ratis.thirdparty.io.netty.channel.AbstractChannel$AnnotatedConnectException: Connection refused: /192.168.5.175:40325
	at sun.nio.ch.SocketChannelImpl.checkConnect(Native Method)
	at sun.nio.ch.SocketChannelImpl.finishConnect(SocketChannelImpl.java:717)
	at org.apache.ratis.thirdparty.io.netty.channel.socket.nio.NioSocketChannel.doFinishConnect(NioSocketChannel.java:327)
	at org.apache.ratis.thirdparty.io.netty.channel.nio.AbstractNioChannel$AbstractNioUnsafe.finishConnect(AbstractNioChannel.java:340)
	at org.apache.ratis.thirdparty.io.netty.channel.nio.NioEventLoop.processSelectedKey(NioEventLoop.java:632)
	at org.apache.ratis.thirdparty.io.netty.channel.nio.NioEventLoop.processSelectedKeysOptimized(NioEventLoop.java:579)
	at org.apache.ratis.thirdparty.io.netty.channel.nio.NioEventLoop.processSelectedKeys(NioEventLoop.java:496)
	at org.apache.ratis.thirdparty.io.netty.channel.nio.NioEventLoop.run(NioEventLoop.java:458)
	at org.apache.ratis.thirdparty.io.netty.util.concurrent.SingleThreadEventExecutor$5.run(SingleThreadEventExecutor.java:897)
	at org.apache.ratis.thirdparty.io.netty.util.concurrent.FastThreadLocalRunnable.run(FastThreadLocalRunnable.java:30)
	... 1 more
Caused by: java.net.ConnectException: Connection refused
	... 11 more
2019-10-09 13:05:02,816 [3eeab9a4-47d5-4980-9c6e-5102901e869a@group-A483B260BC72:LeaderElection66] INFO  impl.LeaderElection (LeaderElection.java:logAndReturn(56)) - 3eeab9a4-47d5-4980-9c6e-5102901e869a@group-A483B260BC72:LeaderElection66: Election REJECTED; received 0 response(s) [] and 2 exception(s); 3eeab9a4-47d5-4980-9c6e-5102901e869a@group-A483B260BC72:t12, leader=null, voted=3eeab9a4-47d5-4980-9c6e-5102901e869a, raftlog=3eeab9a4-47d5-4980-9c6e-5102901e869a@group-A483B260BC72-SegmentedRaftLog:OPENED:c0,f0,i0, conf=0: [4f75c367-51e4-41c9-9287-4e8dd97f5c38:192.168.5.175:40325, 3eeab9a4-47d5-4980-9c6e-5102901e869a:192.168.5.175:43254, f0cb1a3f-6ac7-4eb8-9514-6a797ff8471f:192.168.5.175:39769], old=null
2019-10-09 13:05:02,816 [3eeab9a4-47d5-4980-9c6e-5102901e869a@group-A483B260BC72:LeaderElection66] INFO  impl.LeaderElection (LogUtils.java:infoOrTrace(149)) -   Exception 0: {}
java.util.concurrent.ExecutionException: org.apache.ratis.thirdparty.io.grpc.StatusRuntimeException: UNAVAILABLE: io exception
	at java.util.concurrent.FutureTask.report(FutureTask.java:122)
	at java.util.concurrent.FutureTask.get(FutureTask.java:192)
	at org.apache.ratis.server.impl.LeaderElection.waitForResults(LeaderElection.java:263)
	at org.apache.ratis.server.impl.LeaderElection.askForVotes(LeaderElection.java:201)
	at org.apache.ratis.server.impl.LeaderElection.run(LeaderElection.java:133)
	at java.lang.Thread.run(Thread.java:748)
Caused by: org.apache.ratis.thirdparty.io.grpc.StatusRuntimeException: UNAVAILABLE: io exception
	at org.apache.ratis.thirdparty.io.grpc.stub.ClientCalls.toStatusRuntimeException(ClientCalls.java:233)
	at org.apache.ratis.thirdparty.io.grpc.stub.ClientCalls.getUnchecked(ClientCalls.java:214)
	at org.apache.ratis.thirdparty.io.grpc.stub.ClientCalls.blockingUnaryCall(ClientCalls.java:139)
	at org.apache.ratis.proto.grpc.RaftServerProtocolServiceGrpc$RaftServerProtocolServiceBlockingStub.requestVote(RaftServerProtocolServiceGrpc.java:265)
	at org.apache.ratis.grpc.server.GrpcServerProtocolClient.requestVote(GrpcServerProtocolClient.java:90)
	at org.apache.ratis.grpc.server.GrpcService.requestVote(GrpcService.java:204)
	at org.apache.ratis.server.impl.LeaderElection.lambda$submitRequests$1(LeaderElection.java:238)
	at java.util.concurrent.FutureTask.run(FutureTask.java:266)
	at java.util.concurrent.Executors$RunnableAdapter.call(Executors.java:511)
	at java.util.concurrent.FutureTask.run(FutureTask.java:266)
	at java.util.concurrent.ThreadPoolExecutor.runWorker(ThreadPoolExecutor.java:1149)
	at java.util.concurrent.ThreadPoolExecutor$Worker.run(ThreadPoolExecutor.java:624)
	... 1 more
Caused by: org.apache.ratis.thirdparty.io.netty.channel.AbstractChannel$AnnotatedConnectException: Connection refused: /192.168.5.175:39769
	at sun.nio.ch.SocketChannelImpl.checkConnect(Native Method)
	at sun.nio.ch.SocketChannelImpl.finishConnect(SocketChannelImpl.java:717)
	at org.apache.ratis.thirdparty.io.netty.channel.socket.nio.NioSocketChannel.doFinishConnect(NioSocketChannel.java:327)
	at org.apache.ratis.thirdparty.io.netty.channel.nio.AbstractNioChannel$AbstractNioUnsafe.finishConnect(AbstractNioChannel.java:340)
	at org.apache.ratis.thirdparty.io.netty.channel.nio.NioEventLoop.processSelectedKey(NioEventLoop.java:632)
	at org.apache.ratis.thirdparty.io.netty.channel.nio.NioEventLoop.processSelectedKeysOptimized(NioEventLoop.java:579)
	at org.apache.ratis.thirdparty.io.netty.channel.nio.NioEventLoop.processSelectedKeys(NioEventLoop.java:496)
	at org.apache.ratis.thirdparty.io.netty.channel.nio.NioEventLoop.run(NioEventLoop.java:458)
	at org.apache.ratis.thirdparty.io.netty.util.concurrent.SingleThreadEventExecutor$5.run(SingleThreadEventExecutor.java:897)
	at org.apache.ratis.thirdparty.io.netty.util.concurrent.FastThreadLocalRunnable.run(FastThreadLocalRunnable.java:30)
	... 1 more
Caused by: java.net.ConnectException: Connection refused
	... 11 more
2019-10-09 13:05:02,816 [3eeab9a4-47d5-4980-9c6e-5102901e869a@group-A483B260BC72:LeaderElection66] INFO  impl.LeaderElection (LogUtils.java:infoOrTrace(149)) -   Exception 1: {}
java.util.concurrent.ExecutionException: org.apache.ratis.thirdparty.io.grpc.StatusRuntimeException: UNAVAILABLE: io exception
	at java.util.concurrent.FutureTask.report(FutureTask.java:122)
	at java.util.concurrent.FutureTask.get(FutureTask.java:192)
	at org.apache.ratis.server.impl.LeaderElection.waitForResults(LeaderElection.java:263)
	at org.apache.ratis.server.impl.LeaderElection.askForVotes(LeaderElection.java:201)
	at org.apache.ratis.server.impl.LeaderElection.run(LeaderElection.java:133)
	at java.lang.Thread.run(Thread.java:748)
Caused by: org.apache.ratis.thirdparty.io.grpc.StatusRuntimeException: UNAVAILABLE: io exception
	at org.apache.ratis.thirdparty.io.grpc.stub.ClientCalls.toStatusRuntimeException(ClientCalls.java:233)
	at org.apache.ratis.thirdparty.io.grpc.stub.ClientCalls.getUnchecked(ClientCalls.java:214)
	at org.apache.ratis.thirdparty.io.grpc.stub.ClientCalls.blockingUnaryCall(ClientCalls.java:139)
	at org.apache.ratis.proto.grpc.RaftServerProtocolServiceGrpc$RaftServerProtocolServiceBlockingStub.requestVote(RaftServerProtocolServiceGrpc.java:265)
	at org.apache.ratis.grpc.server.GrpcServerProtocolClient.requestVote(GrpcServerProtocolClient.java:90)
	at org.apache.ratis.grpc.server.GrpcService.requestVote(GrpcService.java:204)
	at org.apache.ratis.server.impl.LeaderElection.lambda$submitRequests$1(LeaderElection.java:238)
	at java.util.concurrent.FutureTask.run(FutureTask.java:266)
	at java.util.concurrent.Executors$RunnableAdapter.call(Executors.java:511)
	at java.util.concurrent.FutureTask.run(FutureTask.java:266)
	at java.util.concurrent.ThreadPoolExecutor.runWorker(ThreadPoolExecutor.java:1149)
	at java.util.concurrent.ThreadPoolExecutor$Worker.run(ThreadPoolExecutor.java:624)
	... 1 more
Caused by: org.apache.ratis.thirdparty.io.netty.channel.AbstractChannel$AnnotatedConnectException: Connection refused: /192.168.5.175:40325
	at sun.nio.ch.SocketChannelImpl.checkConnect(Native Method)
	at sun.nio.ch.SocketChannelImpl.finishConnect(SocketChannelImpl.java:717)
	at org.apache.ratis.thirdparty.io.netty.channel.socket.nio.NioSocketChannel.doFinishConnect(NioSocketChannel.java:327)
	at org.apache.ratis.thirdparty.io.netty.channel.nio.AbstractNioChannel$AbstractNioUnsafe.finishConnect(AbstractNioChannel.java:340)
	at org.apache.ratis.thirdparty.io.netty.channel.nio.NioEventLoop.processSelectedKey(NioEventLoop.java:632)
	at org.apache.ratis.thirdparty.io.netty.channel.nio.NioEventLoop.processSelectedKeysOptimized(NioEventLoop.java:579)
	at org.apache.ratis.thirdparty.io.netty.channel.nio.NioEventLoop.processSelectedKeys(NioEventLoop.java:496)
	at org.apache.ratis.thirdparty.io.netty.channel.nio.NioEventLoop.run(NioEventLoop.java:458)
	at org.apache.ratis.thirdparty.io.netty.util.concurrent.SingleThreadEventExecutor$5.run(SingleThreadEventExecutor.java:897)
	at org.apache.ratis.thirdparty.io.netty.util.concurrent.FastThreadLocalRunnable.run(FastThreadLocalRunnable.java:30)
	... 1 more
Caused by: java.net.ConnectException: Connection refused
	... 11 more
2019-10-09 13:05:02,816 [3eeab9a4-47d5-4980-9c6e-5102901e869a@group-A483B260BC72:LeaderElection66] INFO  impl.RaftServerImpl (RaftServerImpl.java:setRole(174)) - 3eeab9a4-47d5-4980-9c6e-5102901e869a@group-A483B260BC72: changes role from CANDIDATE to FOLLOWER at term 12 for DISCOVERED_A_NEW_TERM
2019-10-09 13:05:02,816 [3eeab9a4-47d5-4980-9c6e-5102901e869a@group-A483B260BC72:LeaderElection66] INFO  impl.RoleInfo (RoleInfo.java:shutdownLeaderElection(134)) - 3eeab9a4-47d5-4980-9c6e-5102901e869a: shutdown LeaderElection
2019-10-09 13:05:02,816 [3eeab9a4-47d5-4980-9c6e-5102901e869a@group-A483B260BC72:LeaderElection66] INFO  impl.RoleInfo (RoleInfo.java:updateAndGet(143)) - 3eeab9a4-47d5-4980-9c6e-5102901e869a: start FollowerState
2019-10-09 13:05:02,893 [Thread-827] INFO  impl.FollowerState (FollowerState.java:run(106)) - 3eeab9a4-47d5-4980-9c6e-5102901e869a:group-6247FF3E413E changes to CANDIDATE, lastRpcTime:5104, electionTimeout:5104ms
2019-10-09 13:05:02,896 [Thread-827] INFO  impl.RoleInfo (RoleInfo.java:shutdownFollowerState(121)) - 3eeab9a4-47d5-4980-9c6e-5102901e869a: shutdown FollowerState
2019-10-09 13:05:02,896 [Thread-827] INFO  impl.RaftServerImpl (RaftServerImpl.java:setRole(174)) - 3eeab9a4-47d5-4980-9c6e-5102901e869a@group-6247FF3E413E: changes role from  FOLLOWER to CANDIDATE at term 11 for changeToCandidate
2019-10-09 13:05:02,896 [Thread-827] INFO  impl.RoleInfo (RoleInfo.java:updateAndGet(143)) - 3eeab9a4-47d5-4980-9c6e-5102901e869a: start LeaderElection
2019-10-09 13:05:02,911 [3eeab9a4-47d5-4980-9c6e-5102901e869a@group-6247FF3E413E:LeaderElection67] INFO  impl.LeaderElection (LeaderElection.java:askForVotes(182)) - 3eeab9a4-47d5-4980-9c6e-5102901e869a@group-6247FF3E413E:LeaderElection67: begin an election at term 12 for 0: [4f75c367-51e4-41c9-9287-4e8dd97f5c38:192.168.5.175:40325, 3eeab9a4-47d5-4980-9c6e-5102901e869a:192.168.5.175:43254, f0cb1a3f-6ac7-4eb8-9514-6a797ff8471f:192.168.5.175:39769], old=null
2019-10-09 13:05:02,913 [3eeab9a4-47d5-4980-9c6e-5102901e869a@group-6247FF3E413E:LeaderElection67] INFO  impl.LeaderElection (LogUtils.java:infoOrTrace(149)) - 3eeab9a4-47d5-4980-9c6e-5102901e869a@group-6247FF3E413E:LeaderElection67 got exception when requesting votes: {}
java.util.concurrent.ExecutionException: org.apache.ratis.thirdparty.io.grpc.StatusRuntimeException: UNAVAILABLE: io exception
	at java.util.concurrent.FutureTask.report(FutureTask.java:122)
	at java.util.concurrent.FutureTask.get(FutureTask.java:192)
	at org.apache.ratis.server.impl.LeaderElection.waitForResults(LeaderElection.java:263)
	at org.apache.ratis.server.impl.LeaderElection.askForVotes(LeaderElection.java:201)
	at org.apache.ratis.server.impl.LeaderElection.run(LeaderElection.java:133)
	at java.lang.Thread.run(Thread.java:748)
Caused by: org.apache.ratis.thirdparty.io.grpc.StatusRuntimeException: UNAVAILABLE: io exception
	at org.apache.ratis.thirdparty.io.grpc.stub.ClientCalls.toStatusRuntimeException(ClientCalls.java:233)
	at org.apache.ratis.thirdparty.io.grpc.stub.ClientCalls.getUnchecked(ClientCalls.java:214)
	at org.apache.ratis.thirdparty.io.grpc.stub.ClientCalls.blockingUnaryCall(ClientCalls.java:139)
	at org.apache.ratis.proto.grpc.RaftServerProtocolServiceGrpc$RaftServerProtocolServiceBlockingStub.requestVote(RaftServerProtocolServiceGrpc.java:265)
	at org.apache.ratis.grpc.server.GrpcServerProtocolClient.requestVote(GrpcServerProtocolClient.java:90)
	at org.apache.ratis.grpc.server.GrpcService.requestVote(GrpcService.java:204)
	at org.apache.ratis.server.impl.LeaderElection.lambda$submitRequests$1(LeaderElection.java:238)
	at java.util.concurrent.FutureTask.run(FutureTask.java:266)
	at java.util.concurrent.Executors$RunnableAdapter.call(Executors.java:511)
	at java.util.concurrent.FutureTask.run(FutureTask.java:266)
	at java.util.concurrent.ThreadPoolExecutor.runWorker(ThreadPoolExecutor.java:1149)
	at java.util.concurrent.ThreadPoolExecutor$Worker.run(ThreadPoolExecutor.java:624)
	... 1 more
Caused by: org.apache.ratis.thirdparty.io.netty.channel.AbstractChannel$AnnotatedConnectException: Connection refused: /192.168.5.175:39769
	at sun.nio.ch.SocketChannelImpl.checkConnect(Native Method)
	at sun.nio.ch.SocketChannelImpl.finishConnect(SocketChannelImpl.java:717)
	at org.apache.ratis.thirdparty.io.netty.channel.socket.nio.NioSocketChannel.doFinishConnect(NioSocketChannel.java:327)
	at org.apache.ratis.thirdparty.io.netty.channel.nio.AbstractNioChannel$AbstractNioUnsafe.finishConnect(AbstractNioChannel.java:340)
	at org.apache.ratis.thirdparty.io.netty.channel.nio.NioEventLoop.processSelectedKey(NioEventLoop.java:632)
	at org.apache.ratis.thirdparty.io.netty.channel.nio.NioEventLoop.processSelectedKeysOptimized(NioEventLoop.java:579)
	at org.apache.ratis.thirdparty.io.netty.channel.nio.NioEventLoop.processSelectedKeys(NioEventLoop.java:496)
	at org.apache.ratis.thirdparty.io.netty.channel.nio.NioEventLoop.run(NioEventLoop.java:458)
	at org.apache.ratis.thirdparty.io.netty.util.concurrent.SingleThreadEventExecutor$5.run(SingleThreadEventExecutor.java:897)
	at org.apache.ratis.thirdparty.io.netty.util.concurrent.FastThreadLocalRunnable.run(FastThreadLocalRunnable.java:30)
	... 1 more
Caused by: java.net.ConnectException: Connection refused
	... 11 more
2019-10-09 13:05:02,913 [3eeab9a4-47d5-4980-9c6e-5102901e869a@group-6247FF3E413E:LeaderElection67] INFO  impl.LeaderElection (LogUtils.java:infoOrTrace(149)) - 3eeab9a4-47d5-4980-9c6e-5102901e869a@group-6247FF3E413E:LeaderElection67 got exception when requesting votes: {}
java.util.concurrent.ExecutionException: org.apache.ratis.thirdparty.io.grpc.StatusRuntimeException: UNAVAILABLE: io exception
	at java.util.concurrent.FutureTask.report(FutureTask.java:122)
	at java.util.concurrent.FutureTask.get(FutureTask.java:192)
	at org.apache.ratis.server.impl.LeaderElection.waitForResults(LeaderElection.java:263)
	at org.apache.ratis.server.impl.LeaderElection.askForVotes(LeaderElection.java:201)
	at org.apache.ratis.server.impl.LeaderElection.run(LeaderElection.java:133)
	at java.lang.Thread.run(Thread.java:748)
Caused by: org.apache.ratis.thirdparty.io.grpc.StatusRuntimeException: UNAVAILABLE: io exception
	at org.apache.ratis.thirdparty.io.grpc.stub.ClientCalls.toStatusRuntimeException(ClientCalls.java:233)
	at org.apache.ratis.thirdparty.io.grpc.stub.ClientCalls.getUnchecked(ClientCalls.java:214)
	at org.apache.ratis.thirdparty.io.grpc.stub.ClientCalls.blockingUnaryCall(ClientCalls.java:139)
	at org.apache.ratis.proto.grpc.RaftServerProtocolServiceGrpc$RaftServerProtocolServiceBlockingStub.requestVote(RaftServerProtocolServiceGrpc.java:265)
	at org.apache.ratis.grpc.server.GrpcServerProtocolClient.requestVote(GrpcServerProtocolClient.java:90)
	at org.apache.ratis.grpc.server.GrpcService.requestVote(GrpcService.java:204)
	at org.apache.ratis.server.impl.LeaderElection.lambda$submitRequests$1(LeaderElection.java:238)
	at java.util.concurrent.FutureTask.run(FutureTask.java:266)
	at java.util.concurrent.Executors$RunnableAdapter.call(Executors.java:511)
	at java.util.concurrent.FutureTask.run(FutureTask.java:266)
	at java.util.concurrent.ThreadPoolExecutor.runWorker(ThreadPoolExecutor.java:1149)
	at java.util.concurrent.ThreadPoolExecutor$Worker.run(ThreadPoolExecutor.java:624)
	... 1 more
Caused by: org.apache.ratis.thirdparty.io.netty.channel.AbstractChannel$AnnotatedConnectException: Connection refused: /192.168.5.175:40325
	at sun.nio.ch.SocketChannelImpl.checkConnect(Native Method)
	at sun.nio.ch.SocketChannelImpl.finishConnect(SocketChannelImpl.java:717)
	at org.apache.ratis.thirdparty.io.netty.channel.socket.nio.NioSocketChannel.doFinishConnect(NioSocketChannel.java:327)
	at org.apache.ratis.thirdparty.io.netty.channel.nio.AbstractNioChannel$AbstractNioUnsafe.finishConnect(AbstractNioChannel.java:340)
	at org.apache.ratis.thirdparty.io.netty.channel.nio.NioEventLoop.processSelectedKey(NioEventLoop.java:632)
	at org.apache.ratis.thirdparty.io.netty.channel.nio.NioEventLoop.processSelectedKeysOptimized(NioEventLoop.java:579)
	at org.apache.ratis.thirdparty.io.netty.channel.nio.NioEventLoop.processSelectedKeys(NioEventLoop.java:496)
	at org.apache.ratis.thirdparty.io.netty.channel.nio.NioEventLoop.run(NioEventLoop.java:458)
	at org.apache.ratis.thirdparty.io.netty.util.concurrent.SingleThreadEventExecutor$5.run(SingleThreadEventExecutor.java:897)
	at org.apache.ratis.thirdparty.io.netty.util.concurrent.FastThreadLocalRunnable.run(FastThreadLocalRunnable.java:30)
	... 1 more
Caused by: java.net.ConnectException: Connection refused
	... 11 more
2019-10-09 13:05:02,914 [3eeab9a4-47d5-4980-9c6e-5102901e869a@group-6247FF3E413E:LeaderElection67] INFO  impl.LeaderElection (LeaderElection.java:logAndReturn(56)) - 3eeab9a4-47d5-4980-9c6e-5102901e869a@group-6247FF3E413E:LeaderElection67: Election REJECTED; received 0 response(s) [] and 2 exception(s); 3eeab9a4-47d5-4980-9c6e-5102901e869a@group-6247FF3E413E:t12, leader=null, voted=3eeab9a4-47d5-4980-9c6e-5102901e869a, raftlog=3eeab9a4-47d5-4980-9c6e-5102901e869a@group-6247FF3E413E-SegmentedRaftLog:OPENED:c0,f0,i0, conf=0: [4f75c367-51e4-41c9-9287-4e8dd97f5c38:192.168.5.175:40325, 3eeab9a4-47d5-4980-9c6e-5102901e869a:192.168.5.175:43254, f0cb1a3f-6ac7-4eb8-9514-6a797ff8471f:192.168.5.175:39769], old=null
2019-10-09 13:05:02,914 [3eeab9a4-47d5-4980-9c6e-5102901e869a@group-6247FF3E413E:LeaderElection67] INFO  impl.LeaderElection (LogUtils.java:infoOrTrace(149)) -   Exception 0: {}
java.util.concurrent.ExecutionException: org.apache.ratis.thirdparty.io.grpc.StatusRuntimeException: UNAVAILABLE: io exception
	at java.util.concurrent.FutureTask.report(FutureTask.java:122)
	at java.util.concurrent.FutureTask.get(FutureTask.java:192)
	at org.apache.ratis.server.impl.LeaderElection.waitForResults(LeaderElection.java:263)
	at org.apache.ratis.server.impl.LeaderElection.askForVotes(LeaderElection.java:201)
	at org.apache.ratis.server.impl.LeaderElection.run(LeaderElection.java:133)
	at java.lang.Thread.run(Thread.java:748)
Caused by: org.apache.ratis.thirdparty.io.grpc.StatusRuntimeException: UNAVAILABLE: io exception
	at org.apache.ratis.thirdparty.io.grpc.stub.ClientCalls.toStatusRuntimeException(ClientCalls.java:233)
	at org.apache.ratis.thirdparty.io.grpc.stub.ClientCalls.getUnchecked(ClientCalls.java:214)
	at org.apache.ratis.thirdparty.io.grpc.stub.ClientCalls.blockingUnaryCall(ClientCalls.java:139)
	at org.apache.ratis.proto.grpc.RaftServerProtocolServiceGrpc$RaftServerProtocolServiceBlockingStub.requestVote(RaftServerProtocolServiceGrpc.java:265)
	at org.apache.ratis.grpc.server.GrpcServerProtocolClient.requestVote(GrpcServerProtocolClient.java:90)
	at org.apache.ratis.grpc.server.GrpcService.requestVote(GrpcService.java:204)
	at org.apache.ratis.server.impl.LeaderElection.lambda$submitRequests$1(LeaderElection.java:238)
	at java.util.concurrent.FutureTask.run(FutureTask.java:266)
	at java.util.concurrent.Executors$RunnableAdapter.call(Executors.java:511)
	at java.util.concurrent.FutureTask.run(FutureTask.java:266)
	at java.util.concurrent.ThreadPoolExecutor.runWorker(ThreadPoolExecutor.java:1149)
	at java.util.concurrent.ThreadPoolExecutor$Worker.run(ThreadPoolExecutor.java:624)
	... 1 more
Caused by: org.apache.ratis.thirdparty.io.netty.channel.AbstractChannel$AnnotatedConnectException: Connection refused: /192.168.5.175:39769
	at sun.nio.ch.SocketChannelImpl.checkConnect(Native Method)
	at sun.nio.ch.SocketChannelImpl.finishConnect(SocketChannelImpl.java:717)
	at org.apache.ratis.thirdparty.io.netty.channel.socket.nio.NioSocketChannel.doFinishConnect(NioSocketChannel.java:327)
	at org.apache.ratis.thirdparty.io.netty.channel.nio.AbstractNioChannel$AbstractNioUnsafe.finishConnect(AbstractNioChannel.java:340)
	at org.apache.ratis.thirdparty.io.netty.channel.nio.NioEventLoop.processSelectedKey(NioEventLoop.java:632)
	at org.apache.ratis.thirdparty.io.netty.channel.nio.NioEventLoop.processSelectedKeysOptimized(NioEventLoop.java:579)
	at org.apache.ratis.thirdparty.io.netty.channel.nio.NioEventLoop.processSelectedKeys(NioEventLoop.java:496)
	at org.apache.ratis.thirdparty.io.netty.channel.nio.NioEventLoop.run(NioEventLoop.java:458)
	at org.apache.ratis.thirdparty.io.netty.util.concurrent.SingleThreadEventExecutor$5.run(SingleThreadEventExecutor.java:897)
	at org.apache.ratis.thirdparty.io.netty.util.concurrent.FastThreadLocalRunnable.run(FastThreadLocalRunnable.java:30)
	... 1 more
Caused by: java.net.ConnectException: Connection refused
	... 11 more
2019-10-09 13:05:02,915 [3eeab9a4-47d5-4980-9c6e-5102901e869a@group-6247FF3E413E:LeaderElection67] INFO  impl.LeaderElection (LogUtils.java:infoOrTrace(149)) -   Exception 1: {}
java.util.concurrent.ExecutionException: org.apache.ratis.thirdparty.io.grpc.StatusRuntimeException: UNAVAILABLE: io exception
	at java.util.concurrent.FutureTask.report(FutureTask.java:122)
	at java.util.concurrent.FutureTask.get(FutureTask.java:192)
	at org.apache.ratis.server.impl.LeaderElection.waitForResults(LeaderElection.java:263)
	at org.apache.ratis.server.impl.LeaderElection.askForVotes(LeaderElection.java:201)
	at org.apache.ratis.server.impl.LeaderElection.run(LeaderElection.java:133)
	at java.lang.Thread.run(Thread.java:748)
Caused by: org.apache.ratis.thirdparty.io.grpc.StatusRuntimeException: UNAVAILABLE: io exception
	at org.apache.ratis.thirdparty.io.grpc.stub.ClientCalls.toStatusRuntimeException(ClientCalls.java:233)
	at org.apache.ratis.thirdparty.io.grpc.stub.ClientCalls.getUnchecked(ClientCalls.java:214)
	at org.apache.ratis.thirdparty.io.grpc.stub.ClientCalls.blockingUnaryCall(ClientCalls.java:139)
	at org.apache.ratis.proto.grpc.RaftServerProtocolServiceGrpc$RaftServerProtocolServiceBlockingStub.requestVote(RaftServerProtocolServiceGrpc.java:265)
	at org.apache.ratis.grpc.server.GrpcServerProtocolClient.requestVote(GrpcServerProtocolClient.java:90)
	at org.apache.ratis.grpc.server.GrpcService.requestVote(GrpcService.java:204)
	at org.apache.ratis.server.impl.LeaderElection.lambda$submitRequests$1(LeaderElection.java:238)
	at java.util.concurrent.FutureTask.run(FutureTask.java:266)
	at java.util.concurrent.Executors$RunnableAdapter.call(Executors.java:511)
	at java.util.concurrent.FutureTask.run(FutureTask.java:266)
	at java.util.concurrent.ThreadPoolExecutor.runWorker(ThreadPoolExecutor.java:1149)
	at java.util.concurrent.ThreadPoolExecutor$Worker.run(ThreadPoolExecutor.java:624)
	... 1 more
Caused by: org.apache.ratis.thirdparty.io.netty.channel.AbstractChannel$AnnotatedConnectException: Connection refused: /192.168.5.175:40325
	at sun.nio.ch.SocketChannelImpl.checkConnect(Native Method)
	at sun.nio.ch.SocketChannelImpl.finishConnect(SocketChannelImpl.java:717)
	at org.apache.ratis.thirdparty.io.netty.channel.socket.nio.NioSocketChannel.doFinishConnect(NioSocketChannel.java:327)
	at org.apache.ratis.thirdparty.io.netty.channel.nio.AbstractNioChannel$AbstractNioUnsafe.finishConnect(AbstractNioChannel.java:340)
	at org.apache.ratis.thirdparty.io.netty.channel.nio.NioEventLoop.processSelectedKey(NioEventLoop.java:632)
	at org.apache.ratis.thirdparty.io.netty.channel.nio.NioEventLoop.processSelectedKeysOptimized(NioEventLoop.java:579)
	at org.apache.ratis.thirdparty.io.netty.channel.nio.NioEventLoop.processSelectedKeys(NioEventLoop.java:496)
	at org.apache.ratis.thirdparty.io.netty.channel.nio.NioEventLoop.run(NioEventLoop.java:458)
	at org.apache.ratis.thirdparty.io.netty.util.concurrent.SingleThreadEventExecutor$5.run(SingleThreadEventExecutor.java:897)
	at org.apache.ratis.thirdparty.io.netty.util.concurrent.FastThreadLocalRunnable.run(FastThreadLocalRunnable.java:30)
	... 1 more
Caused by: java.net.ConnectException: Connection refused
	... 11 more
2019-10-09 13:05:02,916 [3eeab9a4-47d5-4980-9c6e-5102901e869a@group-6247FF3E413E:LeaderElection67] INFO  impl.RaftServerImpl (RaftServerImpl.java:setRole(174)) - 3eeab9a4-47d5-4980-9c6e-5102901e869a@group-6247FF3E413E: changes role from CANDIDATE to FOLLOWER at term 12 for DISCOVERED_A_NEW_TERM
2019-10-09 13:05:02,916 [3eeab9a4-47d5-4980-9c6e-5102901e869a@group-6247FF3E413E:LeaderElection67] INFO  impl.RoleInfo (RoleInfo.java:shutdownLeaderElection(134)) - 3eeab9a4-47d5-4980-9c6e-5102901e869a: shutdown LeaderElection
2019-10-09 13:05:02,916 [3eeab9a4-47d5-4980-9c6e-5102901e869a@group-6247FF3E413E:LeaderElection67] INFO  impl.RoleInfo (RoleInfo.java:updateAndGet(143)) - 3eeab9a4-47d5-4980-9c6e-5102901e869a: start FollowerState
2019-10-09 13:05:03,323 [Thread-835] INFO  impl.FollowerState (FollowerState.java:run(106)) - 3eeab9a4-47d5-4980-9c6e-5102901e869a:group-F4DE2F4D7E72 changes to CANDIDATE, lastRpcTime:5155, electionTimeout:5155ms
2019-10-09 13:05:03,326 [Thread-835] INFO  impl.RoleInfo (RoleInfo.java:shutdownFollowerState(121)) - 3eeab9a4-47d5-4980-9c6e-5102901e869a: shutdown FollowerState
2019-10-09 13:05:03,326 [Thread-835] INFO  impl.RaftServerImpl (RaftServerImpl.java:setRole(174)) - 3eeab9a4-47d5-4980-9c6e-5102901e869a@group-F4DE2F4D7E72: changes role from  FOLLOWER to CANDIDATE at term 11 for changeToCandidate
2019-10-09 13:05:03,327 [Thread-835] INFO  impl.RoleInfo (RoleInfo.java:updateAndGet(143)) - 3eeab9a4-47d5-4980-9c6e-5102901e869a: start LeaderElection
2019-10-09 13:05:03,339 [Thread-834] INFO  impl.FollowerState (FollowerState.java:run(106)) - 3eeab9a4-47d5-4980-9c6e-5102901e869a:group-C24D4FE0C6F2 changes to CANDIDATE, lastRpcTime:5171, electionTimeout:5171ms
2019-10-09 13:05:03,339 [Thread-834] INFO  impl.RoleInfo (RoleInfo.java:shutdownFollowerState(121)) - 3eeab9a4-47d5-4980-9c6e-5102901e869a: shutdown FollowerState
2019-10-09 13:05:03,339 [Thread-834] INFO  impl.RaftServerImpl (RaftServerImpl.java:setRole(174)) - 3eeab9a4-47d5-4980-9c6e-5102901e869a@group-C24D4FE0C6F2: changes role from  FOLLOWER to CANDIDATE at term 12 for changeToCandidate
2019-10-09 13:05:03,340 [Thread-834] INFO  impl.RoleInfo (RoleInfo.java:updateAndGet(143)) - 3eeab9a4-47d5-4980-9c6e-5102901e869a: start LeaderElection
2019-10-09 13:05:03,342 [3eeab9a4-47d5-4980-9c6e-5102901e869a@group-F4DE2F4D7E72:LeaderElection68] INFO  impl.LeaderElection (LeaderElection.java:askForVotes(182)) - 3eeab9a4-47d5-4980-9c6e-5102901e869a@group-F4DE2F4D7E72:LeaderElection68: begin an election at term 12 for 0: [4f75c367-51e4-41c9-9287-4e8dd97f5c38:192.168.5.175:40325, 3eeab9a4-47d5-4980-9c6e-5102901e869a:192.168.5.175:43254, f0cb1a3f-6ac7-4eb8-9514-6a797ff8471f:192.168.5.175:39769], old=null
2019-10-09 13:05:03,343 [3eeab9a4-47d5-4980-9c6e-5102901e869a@group-F4DE2F4D7E72:LeaderElection68] INFO  impl.LeaderElection (LogUtils.java:infoOrTrace(149)) - 3eeab9a4-47d5-4980-9c6e-5102901e869a@group-F4DE2F4D7E72:LeaderElection68 got exception when requesting votes: {}
java.util.concurrent.ExecutionException: org.apache.ratis.thirdparty.io.grpc.StatusRuntimeException: UNAVAILABLE: io exception
	at java.util.concurrent.FutureTask.report(FutureTask.java:122)
	at java.util.concurrent.FutureTask.get(FutureTask.java:192)
	at org.apache.ratis.server.impl.LeaderElection.waitForResults(LeaderElection.java:263)
	at org.apache.ratis.server.impl.LeaderElection.askForVotes(LeaderElection.java:201)
	at org.apache.ratis.server.impl.LeaderElection.run(LeaderElection.java:133)
	at java.lang.Thread.run(Thread.java:748)
Caused by: org.apache.ratis.thirdparty.io.grpc.StatusRuntimeException: UNAVAILABLE: io exception
	at org.apache.ratis.thirdparty.io.grpc.stub.ClientCalls.toStatusRuntimeException(ClientCalls.java:233)
	at org.apache.ratis.thirdparty.io.grpc.stub.ClientCalls.getUnchecked(ClientCalls.java:214)
	at org.apache.ratis.thirdparty.io.grpc.stub.ClientCalls.blockingUnaryCall(ClientCalls.java:139)
	at org.apache.ratis.proto.grpc.RaftServerProtocolServiceGrpc$RaftServerProtocolServiceBlockingStub.requestVote(RaftServerProtocolServiceGrpc.java:265)
	at org.apache.ratis.grpc.server.GrpcServerProtocolClient.requestVote(GrpcServerProtocolClient.java:90)
	at org.apache.ratis.grpc.server.GrpcService.requestVote(GrpcService.java:204)
	at org.apache.ratis.server.impl.LeaderElection.lambda$submitRequests$1(LeaderElection.java:238)
	at java.util.concurrent.FutureTask.run(FutureTask.java:266)
	at java.util.concurrent.Executors$RunnableAdapter.call(Executors.java:511)
	at java.util.concurrent.FutureTask.run(FutureTask.java:266)
	at java.util.concurrent.ThreadPoolExecutor.runWorker(ThreadPoolExecutor.java:1149)
	at java.util.concurrent.ThreadPoolExecutor$Worker.run(ThreadPoolExecutor.java:624)
	... 1 more
Caused by: org.apache.ratis.thirdparty.io.netty.channel.AbstractChannel$AnnotatedConnectException: Connection refused: /192.168.5.175:40325
	at sun.nio.ch.SocketChannelImpl.checkConnect(Native Method)
	at sun.nio.ch.SocketChannelImpl.finishConnect(SocketChannelImpl.java:717)
	at org.apache.ratis.thirdparty.io.netty.channel.socket.nio.NioSocketChannel.doFinishConnect(NioSocketChannel.java:327)
	at org.apache.ratis.thirdparty.io.netty.channel.nio.AbstractNioChannel$AbstractNioUnsafe.finishConnect(AbstractNioChannel.java:340)
	at org.apache.ratis.thirdparty.io.netty.channel.nio.NioEventLoop.processSelectedKey(NioEventLoop.java:632)
	at org.apache.ratis.thirdparty.io.netty.channel.nio.NioEventLoop.processSelectedKeysOptimized(NioEventLoop.java:579)
	at org.apache.ratis.thirdparty.io.netty.channel.nio.NioEventLoop.processSelectedKeys(NioEventLoop.java:496)
	at org.apache.ratis.thirdparty.io.netty.channel.nio.NioEventLoop.run(NioEventLoop.java:458)
	at org.apache.ratis.thirdparty.io.netty.util.concurrent.SingleThreadEventExecutor$5.run(SingleThreadEventExecutor.java:897)
	at org.apache.ratis.thirdparty.io.netty.util.concurrent.FastThreadLocalRunnable.run(FastThreadLocalRunnable.java:30)
	... 1 more
Caused by: java.net.ConnectException: Connection refused
	... 11 more
2019-10-09 13:05:03,344 [3eeab9a4-47d5-4980-9c6e-5102901e869a@group-F4DE2F4D7E72:LeaderElection68] INFO  impl.LeaderElection (LogUtils.java:infoOrTrace(149)) - 3eeab9a4-47d5-4980-9c6e-5102901e869a@group-F4DE2F4D7E72:LeaderElection68 got exception when requesting votes: {}
java.util.concurrent.ExecutionException: org.apache.ratis.thirdparty.io.grpc.StatusRuntimeException: UNAVAILABLE: io exception
	at java.util.concurrent.FutureTask.report(FutureTask.java:122)
	at java.util.concurrent.FutureTask.get(FutureTask.java:192)
	at org.apache.ratis.server.impl.LeaderElection.waitForResults(LeaderElection.java:263)
	at org.apache.ratis.server.impl.LeaderElection.askForVotes(LeaderElection.java:201)
	at org.apache.ratis.server.impl.LeaderElection.run(LeaderElection.java:133)
	at java.lang.Thread.run(Thread.java:748)
Caused by: org.apache.ratis.thirdparty.io.grpc.StatusRuntimeException: UNAVAILABLE: io exception
	at org.apache.ratis.thirdparty.io.grpc.stub.ClientCalls.toStatusRuntimeException(ClientCalls.java:233)
	at org.apache.ratis.thirdparty.io.grpc.stub.ClientCalls.getUnchecked(ClientCalls.java:214)
	at org.apache.ratis.thirdparty.io.grpc.stub.ClientCalls.blockingUnaryCall(ClientCalls.java:139)
	at org.apache.ratis.proto.grpc.RaftServerProtocolServiceGrpc$RaftServerProtocolServiceBlockingStub.requestVote(RaftServerProtocolServiceGrpc.java:265)
	at org.apache.ratis.grpc.server.GrpcServerProtocolClient.requestVote(GrpcServerProtocolClient.java:90)
	at org.apache.ratis.grpc.server.GrpcService.requestVote(GrpcService.java:204)
	at org.apache.ratis.server.impl.LeaderElection.lambda$submitRequests$1(LeaderElection.java:238)
	at java.util.concurrent.FutureTask.run(FutureTask.java:266)
	at java.util.concurrent.Executors$RunnableAdapter.call(Executors.java:511)
	at java.util.concurrent.FutureTask.run(FutureTask.java:266)
	at java.util.concurrent.ThreadPoolExecutor.runWorker(ThreadPoolExecutor.java:1149)
	at java.util.concurrent.ThreadPoolExecutor$Worker.run(ThreadPoolExecutor.java:624)
	... 1 more
Caused by: org.apache.ratis.thirdparty.io.netty.channel.AbstractChannel$AnnotatedConnectException: Connection refused: /192.168.5.175:39769
	at sun.nio.ch.SocketChannelImpl.checkConnect(Native Method)
	at sun.nio.ch.SocketChannelImpl.finishConnect(SocketChannelImpl.java:717)
	at org.apache.ratis.thirdparty.io.netty.channel.socket.nio.NioSocketChannel.doFinishConnect(NioSocketChannel.java:327)
	at org.apache.ratis.thirdparty.io.netty.channel.nio.AbstractNioChannel$AbstractNioUnsafe.finishConnect(AbstractNioChannel.java:340)
	at org.apache.ratis.thirdparty.io.netty.channel.nio.NioEventLoop.processSelectedKey(NioEventLoop.java:632)
	at org.apache.ratis.thirdparty.io.netty.channel.nio.NioEventLoop.processSelectedKeysOptimized(NioEventLoop.java:579)
	at org.apache.ratis.thirdparty.io.netty.channel.nio.NioEventLoop.processSelectedKeys(NioEventLoop.java:496)
	at org.apache.ratis.thirdparty.io.netty.channel.nio.NioEventLoop.run(NioEventLoop.java:458)
	at org.apache.ratis.thirdparty.io.netty.util.concurrent.SingleThreadEventExecutor$5.run(SingleThreadEventExecutor.java:897)
	at org.apache.ratis.thirdparty.io.netty.util.concurrent.FastThreadLocalRunnable.run(FastThreadLocalRunnable.java:30)
	... 1 more
Caused by: java.net.ConnectException: Connection refused
	... 11 more
2019-10-09 13:05:03,344 [3eeab9a4-47d5-4980-9c6e-5102901e869a@group-F4DE2F4D7E72:LeaderElection68] INFO  impl.LeaderElection (LeaderElection.java:logAndReturn(56)) - 3eeab9a4-47d5-4980-9c6e-5102901e869a@group-F4DE2F4D7E72:LeaderElection68: Election REJECTED; received 0 response(s) [] and 2 exception(s); 3eeab9a4-47d5-4980-9c6e-5102901e869a@group-F4DE2F4D7E72:t12, leader=null, voted=3eeab9a4-47d5-4980-9c6e-5102901e869a, raftlog=3eeab9a4-47d5-4980-9c6e-5102901e869a@group-F4DE2F4D7E72-SegmentedRaftLog:OPENED:c0,f0,i0, conf=0: [4f75c367-51e4-41c9-9287-4e8dd97f5c38:192.168.5.175:40325, 3eeab9a4-47d5-4980-9c6e-5102901e869a:192.168.5.175:43254, f0cb1a3f-6ac7-4eb8-9514-6a797ff8471f:192.168.5.175:39769], old=null
2019-10-09 13:05:03,344 [3eeab9a4-47d5-4980-9c6e-5102901e869a@group-F4DE2F4D7E72:LeaderElection68] INFO  impl.LeaderElection (LogUtils.java:infoOrTrace(149)) -   Exception 0: {}
java.util.concurrent.ExecutionException: org.apache.ratis.thirdparty.io.grpc.StatusRuntimeException: UNAVAILABLE: io exception
	at java.util.concurrent.FutureTask.report(FutureTask.java:122)
	at java.util.concurrent.FutureTask.get(FutureTask.java:192)
	at org.apache.ratis.server.impl.LeaderElection.waitForResults(LeaderElection.java:263)
	at org.apache.ratis.server.impl.LeaderElection.askForVotes(LeaderElection.java:201)
	at org.apache.ratis.server.impl.LeaderElection.run(LeaderElection.java:133)
	at java.lang.Thread.run(Thread.java:748)
Caused by: org.apache.ratis.thirdparty.io.grpc.StatusRuntimeException: UNAVAILABLE: io exception
	at org.apache.ratis.thirdparty.io.grpc.stub.ClientCalls.toStatusRuntimeException(ClientCalls.java:233)
	at org.apache.ratis.thirdparty.io.grpc.stub.ClientCalls.getUnchecked(ClientCalls.java:214)
	at org.apache.ratis.thirdparty.io.grpc.stub.ClientCalls.blockingUnaryCall(ClientCalls.java:139)
	at org.apache.ratis.proto.grpc.RaftServerProtocolServiceGrpc$RaftServerProtocolServiceBlockingStub.requestVote(RaftServerProtocolServiceGrpc.java:265)
	at org.apache.ratis.grpc.server.GrpcServerProtocolClient.requestVote(GrpcServerProtocolClient.java:90)
	at org.apache.ratis.grpc.server.GrpcService.requestVote(GrpcService.java:204)
	at org.apache.ratis.server.impl.LeaderElection.lambda$submitRequests$1(LeaderElection.java:238)
	at java.util.concurrent.FutureTask.run(FutureTask.java:266)
	at java.util.concurrent.Executors$RunnableAdapter.call(Executors.java:511)
	at java.util.concurrent.FutureTask.run(FutureTask.java:266)
	at java.util.concurrent.ThreadPoolExecutor.runWorker(ThreadPoolExecutor.java:1149)
	at java.util.concurrent.ThreadPoolExecutor$Worker.run(ThreadPoolExecutor.java:624)
	... 1 more
Caused by: org.apache.ratis.thirdparty.io.netty.channel.AbstractChannel$AnnotatedConnectException: Connection refused: /192.168.5.175:40325
	at sun.nio.ch.SocketChannelImpl.checkConnect(Native Method)
	at sun.nio.ch.SocketChannelImpl.finishConnect(SocketChannelImpl.java:717)
	at org.apache.ratis.thirdparty.io.netty.channel.socket.nio.NioSocketChannel.doFinishConnect(NioSocketChannel.java:327)
	at org.apache.ratis.thirdparty.io.netty.channel.nio.AbstractNioChannel$AbstractNioUnsafe.finishConnect(AbstractNioChannel.java:340)
	at org.apache.ratis.thirdparty.io.netty.channel.nio.NioEventLoop.processSelectedKey(NioEventLoop.java:632)
	at org.apache.ratis.thirdparty.io.netty.channel.nio.NioEventLoop.processSelectedKeysOptimized(NioEventLoop.java:579)
	at org.apache.ratis.thirdparty.io.netty.channel.nio.NioEventLoop.processSelectedKeys(NioEventLoop.java:496)
	at org.apache.ratis.thirdparty.io.netty.channel.nio.NioEventLoop.run(NioEventLoop.java:458)
	at org.apache.ratis.thirdparty.io.netty.util.concurrent.SingleThreadEventExecutor$5.run(SingleThreadEventExecutor.java:897)
	at org.apache.ratis.thirdparty.io.netty.util.concurrent.FastThreadLocalRunnable.run(FastThreadLocalRunnable.java:30)
	... 1 more
Caused by: java.net.ConnectException: Connection refused
	... 11 more
2019-10-09 13:05:03,345 [3eeab9a4-47d5-4980-9c6e-5102901e869a@group-F4DE2F4D7E72:LeaderElection68] INFO  impl.LeaderElection (LogUtils.java:infoOrTrace(149)) -   Exception 1: {}
java.util.concurrent.ExecutionException: org.apache.ratis.thirdparty.io.grpc.StatusRuntimeException: UNAVAILABLE: io exception
	at java.util.concurrent.FutureTask.report(FutureTask.java:122)
	at java.util.concurrent.FutureTask.get(FutureTask.java:192)
	at org.apache.ratis.server.impl.LeaderElection.waitForResults(LeaderElection.java:263)
	at org.apache.ratis.server.impl.LeaderElection.askForVotes(LeaderElection.java:201)
	at org.apache.ratis.server.impl.LeaderElection.run(LeaderElection.java:133)
	at java.lang.Thread.run(Thread.java:748)
Caused by: org.apache.ratis.thirdparty.io.grpc.StatusRuntimeException: UNAVAILABLE: io exception
	at org.apache.ratis.thirdparty.io.grpc.stub.ClientCalls.toStatusRuntimeException(ClientCalls.java:233)
	at org.apache.ratis.thirdparty.io.grpc.stub.ClientCalls.getUnchecked(ClientCalls.java:214)
	at org.apache.ratis.thirdparty.io.grpc.stub.ClientCalls.blockingUnaryCall(ClientCalls.java:139)
	at org.apache.ratis.proto.grpc.RaftServerProtocolServiceGrpc$RaftServerProtocolServiceBlockingStub.requestVote(RaftServerProtocolServiceGrpc.java:265)
	at org.apache.ratis.grpc.server.GrpcServerProtocolClient.requestVote(GrpcServerProtocolClient.java:90)
	at org.apache.ratis.grpc.server.GrpcService.requestVote(GrpcService.java:204)
	at org.apache.ratis.server.impl.LeaderElection.lambda$submitRequests$1(LeaderElection.java:238)
	at java.util.concurrent.FutureTask.run(FutureTask.java:266)
	at java.util.concurrent.Executors$RunnableAdapter.call(Executors.java:511)
	at java.util.concurrent.FutureTask.run(FutureTask.java:266)
	at java.util.concurrent.ThreadPoolExecutor.runWorker(ThreadPoolExecutor.java:1149)
	at java.util.concurrent.ThreadPoolExecutor$Worker.run(ThreadPoolExecutor.java:624)
	... 1 more
Caused by: org.apache.ratis.thirdparty.io.netty.channel.AbstractChannel$AnnotatedConnectException: Connection refused: /192.168.5.175:39769
	at sun.nio.ch.SocketChannelImpl.checkConnect(Native Method)
	at sun.nio.ch.SocketChannelImpl.finishConnect(SocketChannelImpl.java:717)
	at org.apache.ratis.thirdparty.io.netty.channel.socket.nio.NioSocketChannel.doFinishConnect(NioSocketChannel.java:327)
	at org.apache.ratis.thirdparty.io.netty.channel.nio.AbstractNioChannel$AbstractNioUnsafe.finishConnect(AbstractNioChannel.java:340)
	at org.apache.ratis.thirdparty.io.netty.channel.nio.NioEventLoop.processSelectedKey(NioEventLoop.java:632)
	at org.apache.ratis.thirdparty.io.netty.channel.nio.NioEventLoop.processSelectedKeysOptimized(NioEventLoop.java:579)
	at org.apache.ratis.thirdparty.io.netty.channel.nio.NioEventLoop.processSelectedKeys(NioEventLoop.java:496)
	at org.apache.ratis.thirdparty.io.netty.channel.nio.NioEventLoop.run(NioEventLoop.java:458)
	at org.apache.ratis.thirdparty.io.netty.util.concurrent.SingleThreadEventExecutor$5.run(SingleThreadEventExecutor.java:897)
	at org.apache.ratis.thirdparty.io.netty.util.concurrent.FastThreadLocalRunnable.run(FastThreadLocalRunnable.java:30)
	... 1 more
Caused by: java.net.ConnectException: Connection refused
	... 11 more
2019-10-09 13:05:03,345 [3eeab9a4-47d5-4980-9c6e-5102901e869a@group-F4DE2F4D7E72:LeaderElection68] INFO  impl.RaftServerImpl (RaftServerImpl.java:setRole(174)) - 3eeab9a4-47d5-4980-9c6e-5102901e869a@group-F4DE2F4D7E72: changes role from CANDIDATE to FOLLOWER at term 12 for DISCOVERED_A_NEW_TERM
2019-10-09 13:05:03,345 [3eeab9a4-47d5-4980-9c6e-5102901e869a@group-F4DE2F4D7E72:LeaderElection68] INFO  impl.RoleInfo (RoleInfo.java:shutdownLeaderElection(134)) - 3eeab9a4-47d5-4980-9c6e-5102901e869a: shutdown LeaderElection
2019-10-09 13:05:03,346 [3eeab9a4-47d5-4980-9c6e-5102901e869a@group-F4DE2F4D7E72:LeaderElection68] INFO  impl.RoleInfo (RoleInfo.java:updateAndGet(143)) - 3eeab9a4-47d5-4980-9c6e-5102901e869a: start FollowerState
2019-10-09 13:05:03,355 [3eeab9a4-47d5-4980-9c6e-5102901e869a@group-C24D4FE0C6F2:LeaderElection69] INFO  impl.LeaderElection (LeaderElection.java:askForVotes(182)) - 3eeab9a4-47d5-4980-9c6e-5102901e869a@group-C24D4FE0C6F2:LeaderElection69: begin an election at term 13 for 0: [4f75c367-51e4-41c9-9287-4e8dd97f5c38:192.168.5.175:40325, 3eeab9a4-47d5-4980-9c6e-5102901e869a:192.168.5.175:43254, f0cb1a3f-6ac7-4eb8-9514-6a797ff8471f:192.168.5.175:39769], old=null
2019-10-09 13:05:03,366 [3eeab9a4-47d5-4980-9c6e-5102901e869a@group-C24D4FE0C6F2:LeaderElection69] INFO  impl.LeaderElection (LogUtils.java:infoOrTrace(149)) - 3eeab9a4-47d5-4980-9c6e-5102901e869a@group-C24D4FE0C6F2:LeaderElection69 got exception when requesting votes: {}
java.util.concurrent.ExecutionException: org.apache.ratis.thirdparty.io.grpc.StatusRuntimeException: UNAVAILABLE: io exception
	at java.util.concurrent.FutureTask.report(FutureTask.java:122)
	at java.util.concurrent.FutureTask.get(FutureTask.java:192)
	at org.apache.ratis.server.impl.LeaderElection.waitForResults(LeaderElection.java:263)
	at org.apache.ratis.server.impl.LeaderElection.askForVotes(LeaderElection.java:201)
	at org.apache.ratis.server.impl.LeaderElection.run(LeaderElection.java:133)
	at java.lang.Thread.run(Thread.java:748)
Caused by: org.apache.ratis.thirdparty.io.grpc.StatusRuntimeException: UNAVAILABLE: io exception
	at org.apache.ratis.thirdparty.io.grpc.stub.ClientCalls.toStatusRuntimeException(ClientCalls.java:233)
	at org.apache.ratis.thirdparty.io.grpc.stub.ClientCalls.getUnchecked(ClientCalls.java:214)
	at org.apache.ratis.thirdparty.io.grpc.stub.ClientCalls.blockingUnaryCall(ClientCalls.java:139)
	at org.apache.ratis.proto.grpc.RaftServerProtocolServiceGrpc$RaftServerProtocolServiceBlockingStub.requestVote(RaftServerProtocolServiceGrpc.java:265)
	at org.apache.ratis.grpc.server.GrpcServerProtocolClient.requestVote(GrpcServerProtocolClient.java:90)
	at org.apache.ratis.grpc.server.GrpcService.requestVote(GrpcService.java:204)
	at org.apache.ratis.server.impl.LeaderElection.lambda$submitRequests$1(LeaderElection.java:238)
	at java.util.concurrent.FutureTask.run(FutureTask.java:266)
	at java.util.concurrent.Executors$RunnableAdapter.call(Executors.java:511)
	at java.util.concurrent.FutureTask.run(FutureTask.java:266)
	at java.util.concurrent.ThreadPoolExecutor.runWorker(ThreadPoolExecutor.java:1149)
	at java.util.concurrent.ThreadPoolExecutor$Worker.run(ThreadPoolExecutor.java:624)
	... 1 more
Caused by: org.apache.ratis.thirdparty.io.netty.channel.AbstractChannel$AnnotatedConnectException: Connection refused: /192.168.5.175:40325
	at sun.nio.ch.SocketChannelImpl.checkConnect(Native Method)
	at sun.nio.ch.SocketChannelImpl.finishConnect(SocketChannelImpl.java:717)
	at org.apache.ratis.thirdparty.io.netty.channel.socket.nio.NioSocketChannel.doFinishConnect(NioSocketChannel.java:327)
	at org.apache.ratis.thirdparty.io.netty.channel.nio.AbstractNioChannel$AbstractNioUnsafe.finishConnect(AbstractNioChannel.java:340)
	at org.apache.ratis.thirdparty.io.netty.channel.nio.NioEventLoop.processSelectedKey(NioEventLoop.java:632)
	at org.apache.ratis.thirdparty.io.netty.channel.nio.NioEventLoop.processSelectedKeysOptimized(NioEventLoop.java:579)
	at org.apache.ratis.thirdparty.io.netty.channel.nio.NioEventLoop.processSelectedKeys(NioEventLoop.java:496)
	at org.apache.ratis.thirdparty.io.netty.channel.nio.NioEventLoop.run(NioEventLoop.java:458)
	at org.apache.ratis.thirdparty.io.netty.util.concurrent.SingleThreadEventExecutor$5.run(SingleThreadEventExecutor.java:897)
	at org.apache.ratis.thirdparty.io.netty.util.concurrent.FastThreadLocalRunnable.run(FastThreadLocalRunnable.java:30)
	... 1 more
Caused by: java.net.ConnectException: Connection refused
	... 11 more
2019-10-09 13:05:03,367 [3eeab9a4-47d5-4980-9c6e-5102901e869a@group-C24D4FE0C6F2:LeaderElection69] INFO  impl.LeaderElection (LogUtils.java:infoOrTrace(149)) - 3eeab9a4-47d5-4980-9c6e-5102901e869a@group-C24D4FE0C6F2:LeaderElection69 got exception when requesting votes: {}
java.util.concurrent.ExecutionException: org.apache.ratis.thirdparty.io.grpc.StatusRuntimeException: UNAVAILABLE: io exception
	at java.util.concurrent.FutureTask.report(FutureTask.java:122)
	at java.util.concurrent.FutureTask.get(FutureTask.java:192)
	at org.apache.ratis.server.impl.LeaderElection.waitForResults(LeaderElection.java:263)
	at org.apache.ratis.server.impl.LeaderElection.askForVotes(LeaderElection.java:201)
	at org.apache.ratis.server.impl.LeaderElection.run(LeaderElection.java:133)
	at java.lang.Thread.run(Thread.java:748)
Caused by: org.apache.ratis.thirdparty.io.grpc.StatusRuntimeException: UNAVAILABLE: io exception
	at org.apache.ratis.thirdparty.io.grpc.stub.ClientCalls.toStatusRuntimeException(ClientCalls.java:233)
	at org.apache.ratis.thirdparty.io.grpc.stub.ClientCalls.getUnchecked(ClientCalls.java:214)
	at org.apache.ratis.thirdparty.io.grpc.stub.ClientCalls.blockingUnaryCall(ClientCalls.java:139)
	at org.apache.ratis.proto.grpc.RaftServerProtocolServiceGrpc$RaftServerProtocolServiceBlockingStub.requestVote(RaftServerProtocolServiceGrpc.java:265)
	at org.apache.ratis.grpc.server.GrpcServerProtocolClient.requestVote(GrpcServerProtocolClient.java:90)
	at org.apache.ratis.grpc.server.GrpcService.requestVote(GrpcService.java:204)
	at org.apache.ratis.server.impl.LeaderElection.lambda$submitRequests$1(LeaderElection.java:238)
	at java.util.concurrent.FutureTask.run(FutureTask.java:266)
	at java.util.concurrent.Executors$RunnableAdapter.call(Executors.java:511)
	at java.util.concurrent.FutureTask.run(FutureTask.java:266)
	at java.util.concurrent.ThreadPoolExecutor.runWorker(ThreadPoolExecutor.java:1149)
	at java.util.concurrent.ThreadPoolExecutor$Worker.run(ThreadPoolExecutor.java:624)
	... 1 more
Caused by: org.apache.ratis.thirdparty.io.netty.channel.AbstractChannel$AnnotatedConnectException: Connection refused: /192.168.5.175:39769
	at sun.nio.ch.SocketChannelImpl.checkConnect(Native Method)
	at sun.nio.ch.SocketChannelImpl.finishConnect(SocketChannelImpl.java:717)
	at org.apache.ratis.thirdparty.io.netty.channel.socket.nio.NioSocketChannel.doFinishConnect(NioSocketChannel.java:327)
	at org.apache.ratis.thirdparty.io.netty.channel.nio.AbstractNioChannel$AbstractNioUnsafe.finishConnect(AbstractNioChannel.java:340)
	at org.apache.ratis.thirdparty.io.netty.channel.nio.NioEventLoop.processSelectedKey(NioEventLoop.java:632)
	at org.apache.ratis.thirdparty.io.netty.channel.nio.NioEventLoop.processSelectedKeysOptimized(NioEventLoop.java:579)
	at org.apache.ratis.thirdparty.io.netty.channel.nio.NioEventLoop.processSelectedKeys(NioEventLoop.java:496)
	at org.apache.ratis.thirdparty.io.netty.channel.nio.NioEventLoop.run(NioEventLoop.java:458)
	at org.apache.ratis.thirdparty.io.netty.util.concurrent.SingleThreadEventExecutor$5.run(SingleThreadEventExecutor.java:897)
	at org.apache.ratis.thirdparty.io.netty.util.concurrent.FastThreadLocalRunnable.run(FastThreadLocalRunnable.java:30)
	... 1 more
Caused by: java.net.ConnectException: Connection refused
	... 11 more
2019-10-09 13:05:03,367 [3eeab9a4-47d5-4980-9c6e-5102901e869a@group-C24D4FE0C6F2:LeaderElection69] INFO  impl.LeaderElection (LeaderElection.java:logAndReturn(56)) - 3eeab9a4-47d5-4980-9c6e-5102901e869a@group-C24D4FE0C6F2:LeaderElection69: Election REJECTED; received 0 response(s) [] and 2 exception(s); 3eeab9a4-47d5-4980-9c6e-5102901e869a@group-C24D4FE0C6F2:t13, leader=null, voted=3eeab9a4-47d5-4980-9c6e-5102901e869a, raftlog=3eeab9a4-47d5-4980-9c6e-5102901e869a@group-C24D4FE0C6F2-SegmentedRaftLog:OPENED:c16,f16,i16, conf=0: [4f75c367-51e4-41c9-9287-4e8dd97f5c38:192.168.5.175:40325, 3eeab9a4-47d5-4980-9c6e-5102901e869a:192.168.5.175:43254, f0cb1a3f-6ac7-4eb8-9514-6a797ff8471f:192.168.5.175:39769], old=null
2019-10-09 13:05:03,368 [3eeab9a4-47d5-4980-9c6e-5102901e869a@group-C24D4FE0C6F2:LeaderElection69] INFO  impl.LeaderElection (LogUtils.java:infoOrTrace(149)) -   Exception 0: {}
java.util.concurrent.ExecutionException: org.apache.ratis.thirdparty.io.grpc.StatusRuntimeException: UNAVAILABLE: io exception
	at java.util.concurrent.FutureTask.report(FutureTask.java:122)
	at java.util.concurrent.FutureTask.get(FutureTask.java:192)
	at org.apache.ratis.server.impl.LeaderElection.waitForResults(LeaderElection.java:263)
	at org.apache.ratis.server.impl.LeaderElection.askForVotes(LeaderElection.java:201)
	at org.apache.ratis.server.impl.LeaderElection.run(LeaderElection.java:133)
	at java.lang.Thread.run(Thread.java:748)
Caused by: org.apache.ratis.thirdparty.io.grpc.StatusRuntimeException: UNAVAILABLE: io exception
	at org.apache.ratis.thirdparty.io.grpc.stub.ClientCalls.toStatusRuntimeException(ClientCalls.java:233)
	at org.apache.ratis.thirdparty.io.grpc.stub.ClientCalls.getUnchecked(ClientCalls.java:214)
	at org.apache.ratis.thirdparty.io.grpc.stub.ClientCalls.blockingUnaryCall(ClientCalls.java:139)
	at org.apache.ratis.proto.grpc.RaftServerProtocolServiceGrpc$RaftServerProtocolServiceBlockingStub.requestVote(RaftServerProtocolServiceGrpc.java:265)
	at org.apache.ratis.grpc.server.GrpcServerProtocolClient.requestVote(GrpcServerProtocolClient.java:90)
	at org.apache.ratis.grpc.server.GrpcService.requestVote(GrpcService.java:204)
	at org.apache.ratis.server.impl.LeaderElection.lambda$submitRequests$1(LeaderElection.java:238)
	at java.util.concurrent.FutureTask.run(FutureTask.java:266)
	at java.util.concurrent.Executors$RunnableAdapter.call(Executors.java:511)
	at java.util.concurrent.FutureTask.run(FutureTask.java:266)
	at java.util.concurrent.ThreadPoolExecutor.runWorker(ThreadPoolExecutor.java:1149)
	at java.util.concurrent.ThreadPoolExecutor$Worker.run(ThreadPoolExecutor.java:624)
	... 1 more
Caused by: org.apache.ratis.thirdparty.io.netty.channel.AbstractChannel$AnnotatedConnectException: Connection refused: /192.168.5.175:40325
	at sun.nio.ch.SocketChannelImpl.checkConnect(Native Method)
	at sun.nio.ch.SocketChannelImpl.finishConnect(SocketChannelImpl.java:717)
	at org.apache.ratis.thirdparty.io.netty.channel.socket.nio.NioSocketChannel.doFinishConnect(NioSocketChannel.java:327)
	at org.apache.ratis.thirdparty.io.netty.channel.nio.AbstractNioChannel$AbstractNioUnsafe.finishConnect(AbstractNioChannel.java:340)
	at org.apache.ratis.thirdparty.io.netty.channel.nio.NioEventLoop.processSelectedKey(NioEventLoop.java:632)
	at org.apache.ratis.thirdparty.io.netty.channel.nio.NioEventLoop.processSelectedKeysOptimized(NioEventLoop.java:579)
	at org.apache.ratis.thirdparty.io.netty.channel.nio.NioEventLoop.processSelectedKeys(NioEventLoop.java:496)
	at org.apache.ratis.thirdparty.io.netty.channel.nio.NioEventLoop.run(NioEventLoop.java:458)
	at org.apache.ratis.thirdparty.io.netty.util.concurrent.SingleThreadEventExecutor$5.run(SingleThreadEventExecutor.java:897)
	at org.apache.ratis.thirdparty.io.netty.util.concurrent.FastThreadLocalRunnable.run(FastThreadLocalRunnable.java:30)
	... 1 more
Caused by: java.net.ConnectException: Connection refused
	... 11 more
2019-10-09 13:05:03,368 [3eeab9a4-47d5-4980-9c6e-5102901e869a@group-C24D4FE0C6F2:LeaderElection69] INFO  impl.LeaderElection (LogUtils.java:infoOrTrace(149)) -   Exception 1: {}
java.util.concurrent.ExecutionException: org.apache.ratis.thirdparty.io.grpc.StatusRuntimeException: UNAVAILABLE: io exception
	at java.util.concurrent.FutureTask.report(FutureTask.java:122)
	at java.util.concurrent.FutureTask.get(FutureTask.java:192)
	at org.apache.ratis.server.impl.LeaderElection.waitForResults(LeaderElection.java:263)
	at org.apache.ratis.server.impl.LeaderElection.askForVotes(LeaderElection.java:201)
	at org.apache.ratis.server.impl.LeaderElection.run(LeaderElection.java:133)
	at java.lang.Thread.run(Thread.java:748)
Caused by: org.apache.ratis.thirdparty.io.grpc.StatusRuntimeException: UNAVAILABLE: io exception
	at org.apache.ratis.thirdparty.io.grpc.stub.ClientCalls.toStatusRuntimeException(ClientCalls.java:233)
	at org.apache.ratis.thirdparty.io.grpc.stub.ClientCalls.getUnchecked(ClientCalls.java:214)
	at org.apache.ratis.thirdparty.io.grpc.stub.ClientCalls.blockingUnaryCall(ClientCalls.java:139)
	at org.apache.ratis.proto.grpc.RaftServerProtocolServiceGrpc$RaftServerProtocolServiceBlockingStub.requestVote(RaftServerProtocolServiceGrpc.java:265)
	at org.apache.ratis.grpc.server.GrpcServerProtocolClient.requestVote(GrpcServerProtocolClient.java:90)
	at org.apache.ratis.grpc.server.GrpcService.requestVote(GrpcService.java:204)
	at org.apache.ratis.server.impl.LeaderElection.lambda$submitRequests$1(LeaderElection.java:238)
	at java.util.concurrent.FutureTask.run(FutureTask.java:266)
	at java.util.concurrent.Executors$RunnableAdapter.call(Executors.java:511)
	at java.util.concurrent.FutureTask.run(FutureTask.java:266)
	at java.util.concurrent.ThreadPoolExecutor.runWorker(ThreadPoolExecutor.java:1149)
	at java.util.concurrent.ThreadPoolExecutor$Worker.run(ThreadPoolExecutor.java:624)
	... 1 more
Caused by: org.apache.ratis.thirdparty.io.netty.channel.AbstractChannel$AnnotatedConnectException: Connection refused: /192.168.5.175:39769
	at sun.nio.ch.SocketChannelImpl.checkConnect(Native Method)
	at sun.nio.ch.SocketChannelImpl.finishConnect(SocketChannelImpl.java:717)
	at org.apache.ratis.thirdparty.io.netty.channel.socket.nio.NioSocketChannel.doFinishConnect(NioSocketChannel.java:327)
	at org.apache.ratis.thirdparty.io.netty.channel.nio.AbstractNioChannel$AbstractNioUnsafe.finishConnect(AbstractNioChannel.java:340)
	at org.apache.ratis.thirdparty.io.netty.channel.nio.NioEventLoop.processSelectedKey(NioEventLoop.java:632)
	at org.apache.ratis.thirdparty.io.netty.channel.nio.NioEventLoop.processSelectedKeysOptimized(NioEventLoop.java:579)
	at org.apache.ratis.thirdparty.io.netty.channel.nio.NioEventLoop.processSelectedKeys(NioEventLoop.java:496)
	at org.apache.ratis.thirdparty.io.netty.channel.nio.NioEventLoop.run(NioEventLoop.java:458)
	at org.apache.ratis.thirdparty.io.netty.util.concurrent.SingleThreadEventExecutor$5.run(SingleThreadEventExecutor.java:897)
	at org.apache.ratis.thirdparty.io.netty.util.concurrent.FastThreadLocalRunnable.run(FastThreadLocalRunnable.java:30)
	... 1 more
Caused by: java.net.ConnectException: Connection refused
	... 11 more
2019-10-09 13:05:03,368 [3eeab9a4-47d5-4980-9c6e-5102901e869a@group-C24D4FE0C6F2:LeaderElection69] INFO  impl.RaftServerImpl (RaftServerImpl.java:setRole(174)) - 3eeab9a4-47d5-4980-9c6e-5102901e869a@group-C24D4FE0C6F2: changes role from CANDIDATE to FOLLOWER at term 13 for DISCOVERED_A_NEW_TERM
2019-10-09 13:05:03,369 [3eeab9a4-47d5-4980-9c6e-5102901e869a@group-C24D4FE0C6F2:LeaderElection69] INFO  impl.RoleInfo (RoleInfo.java:shutdownLeaderElection(134)) - 3eeab9a4-47d5-4980-9c6e-5102901e869a: shutdown LeaderElection
2019-10-09 13:05:03,369 [3eeab9a4-47d5-4980-9c6e-5102901e869a@group-C24D4FE0C6F2:LeaderElection69] INFO  impl.RoleInfo (RoleInfo.java:updateAndGet(143)) - 3eeab9a4-47d5-4980-9c6e-5102901e869a: start FollowerState
2019-10-09 13:05:03,907 [grpc-default-executor-4] WARN  server.GrpcLogAppender (LogUtils.java:warn(134)) - 3eeab9a4-47d5-4980-9c6e-5102901e869a@group-DDAC6CD64C05->f0cb1a3f-6ac7-4eb8-9514-6a797ff8471f-AppendLogResponseHandler: Failed appendEntries: org.apache.ratis.thirdparty.io.grpc.StatusRuntimeException: UNAVAILABLE: io exception
2019-10-09 13:05:03,907 [grpc-default-executor-4] INFO  impl.FollowerInfo (FollowerInfo.java:lambda$new$0(51)) - 3eeab9a4-47d5-4980-9c6e-5102901e869a@group-DDAC6CD64C05->f0cb1a3f-6ac7-4eb8-9514-6a797ff8471f: nextIndex: updateUnconditionally 0 -> 0
2019-10-09 13:05:03,932 [grpc-default-executor-4] WARN  server.GrpcLogAppender (LogUtils.java:warn(134)) - 3eeab9a4-47d5-4980-9c6e-5102901e869a@group-DDAC6CD64C05->4f75c367-51e4-41c9-9287-4e8dd97f5c38-AppendLogResponseHandler: Failed appendEntries: org.apache.ratis.thirdparty.io.grpc.StatusRuntimeException: UNAVAILABLE: io exception
2019-10-09 13:05:03,932 [grpc-default-executor-4] INFO  impl.FollowerInfo (FollowerInfo.java:lambda$new$0(51)) - 3eeab9a4-47d5-4980-9c6e-5102901e869a@group-DDAC6CD64C05->4f75c367-51e4-41c9-9287-4e8dd97f5c38: nextIndex: updateUnconditionally 0 -> 0
2019-10-09 13:05:04,012 [grpc-default-executor-7] WARN  server.GrpcLogAppender (LogUtils.java:warn(134)) - 3eeab9a4-47d5-4980-9c6e-5102901e869a@group-75761DEE94FB->f0cb1a3f-6ac7-4eb8-9514-6a797ff8471f-AppendLogResponseHandler: Failed appendEntries: org.apache.ratis.thirdparty.io.grpc.StatusRuntimeException: UNAVAILABLE: io exception
2019-10-09 13:05:04,012 [grpc-default-executor-7] INFO  impl.FollowerInfo (FollowerInfo.java:lambda$new$0(51)) - 3eeab9a4-47d5-4980-9c6e-5102901e869a@group-75761DEE94FB->f0cb1a3f-6ac7-4eb8-9514-6a797ff8471f: nextIndex: updateUnconditionally 0 -> 0
2019-10-09 13:05:04,018 [grpc-default-executor-9] WARN  server.GrpcLogAppender (LogUtils.java:warn(134)) - 3eeab9a4-47d5-4980-9c6e-5102901e869a@group-75761DEE94FB->4f75c367-51e4-41c9-9287-4e8dd97f5c38-AppendLogResponseHandler: Failed appendEntries: org.apache.ratis.thirdparty.io.grpc.StatusRuntimeException: UNAVAILABLE: io exception
2019-10-09 13:05:04,018 [grpc-default-executor-9] INFO  impl.FollowerInfo (FollowerInfo.java:lambda$new$0(51)) - 3eeab9a4-47d5-4980-9c6e-5102901e869a@group-75761DEE94FB->4f75c367-51e4-41c9-9287-4e8dd97f5c38: nextIndex: updateUnconditionally 0 -> 0
2019-10-09 13:05:04,201 [grpc-default-executor-7] WARN  server.GrpcLogAppender (LogUtils.java:warn(134)) - 3eeab9a4-47d5-4980-9c6e-5102901e869a@group-153C1C6005E2->f0cb1a3f-6ac7-4eb8-9514-6a797ff8471f-AppendLogResponseHandler: Failed appendEntries: org.apache.ratis.thirdparty.io.grpc.StatusRuntimeException: UNAVAILABLE: io exception
2019-10-09 13:05:04,202 [grpc-default-executor-7] INFO  impl.FollowerInfo (FollowerInfo.java:lambda$new$0(51)) - 3eeab9a4-47d5-4980-9c6e-5102901e869a@group-153C1C6005E2->f0cb1a3f-6ac7-4eb8-9514-6a797ff8471f: nextIndex: updateUnconditionally 0 -> 0
2019-10-09 13:05:04,207 [grpc-default-executor-4] WARN  server.GrpcLogAppender (LogUtils.java:warn(134)) - 3eeab9a4-47d5-4980-9c6e-5102901e869a@group-153C1C6005E2->4f75c367-51e4-41c9-9287-4e8dd97f5c38-AppendLogResponseHandler: Failed appendEntries: org.apache.ratis.thirdparty.io.grpc.StatusRuntimeException: UNAVAILABLE: io exception
2019-10-09 13:05:04,207 [grpc-default-executor-4] INFO  impl.FollowerInfo (FollowerInfo.java:lambda$new$0(51)) - 3eeab9a4-47d5-4980-9c6e-5102901e869a@group-153C1C6005E2->4f75c367-51e4-41c9-9287-4e8dd97f5c38: nextIndex: updateUnconditionally 0 -> 0
2019-10-09 13:05:06,411 [grpc-default-executor-9] WARN  server.GrpcLogAppender (LogUtils.java:warn(134)) - 3eeab9a4-47d5-4980-9c6e-5102901e869a@group-DDAC6CD64C05->f0cb1a3f-6ac7-4eb8-9514-6a797ff8471f-AppendLogResponseHandler: Failed appendEntries: org.apache.ratis.thirdparty.io.grpc.StatusRuntimeException: UNAVAILABLE: io exception
2019-10-09 13:05:06,412 [grpc-default-executor-9] INFO  impl.FollowerInfo (FollowerInfo.java:lambda$new$0(51)) - 3eeab9a4-47d5-4980-9c6e-5102901e869a@group-DDAC6CD64C05->f0cb1a3f-6ac7-4eb8-9514-6a797ff8471f: nextIndex: updateUnconditionally 0 -> 0
2019-10-09 13:05:06,435 [grpc-default-executor-7] WARN  server.GrpcLogAppender (LogUtils.java:warn(134)) - 3eeab9a4-47d5-4980-9c6e-5102901e869a@group-DDAC6CD64C05->4f75c367-51e4-41c9-9287-4e8dd97f5c38-AppendLogResponseHandler: Failed appendEntries: org.apache.ratis.thirdparty.io.grpc.StatusRuntimeException: UNAVAILABLE: io exception
2019-10-09 13:05:06,435 [grpc-default-executor-7] INFO  impl.FollowerInfo (FollowerInfo.java:lambda$new$0(51)) - 3eeab9a4-47d5-4980-9c6e-5102901e869a@group-DDAC6CD64C05->4f75c367-51e4-41c9-9287-4e8dd97f5c38: nextIndex: updateUnconditionally 0 -> 0
2019-10-09 13:05:06,512 [grpc-default-executor-9] WARN  server.GrpcLogAppender (LogUtils.java:warn(134)) - 3eeab9a4-47d5-4980-9c6e-5102901e869a@group-75761DEE94FB->f0cb1a3f-6ac7-4eb8-9514-6a797ff8471f-AppendLogResponseHandler: Failed appendEntries: org.apache.ratis.thirdparty.io.grpc.StatusRuntimeException: UNAVAILABLE: io exception
2019-10-09 13:05:06,513 [grpc-default-executor-9] INFO  impl.FollowerInfo (FollowerInfo.java:lambda$new$0(51)) - 3eeab9a4-47d5-4980-9c6e-5102901e869a@group-75761DEE94FB->f0cb1a3f-6ac7-4eb8-9514-6a797ff8471f: nextIndex: updateUnconditionally 0 -> 0
2019-10-09 13:05:06,518 [grpc-default-executor-9] WARN  server.GrpcLogAppender (LogUtils.java:warn(134)) - 3eeab9a4-47d5-4980-9c6e-5102901e869a@group-75761DEE94FB->4f75c367-51e4-41c9-9287-4e8dd97f5c38-AppendLogResponseHandler: Failed appendEntries: org.apache.ratis.thirdparty.io.grpc.StatusRuntimeException: UNAVAILABLE: io exception
2019-10-09 13:05:06,519 [grpc-default-executor-9] INFO  impl.FollowerInfo (FollowerInfo.java:lambda$new$0(51)) - 3eeab9a4-47d5-4980-9c6e-5102901e869a@group-75761DEE94FB->4f75c367-51e4-41c9-9287-4e8dd97f5c38: nextIndex: updateUnconditionally 0 -> 0
2019-10-09 13:05:06,703 [grpc-default-executor-9] WARN  server.GrpcLogAppender (LogUtils.java:warn(134)) - 3eeab9a4-47d5-4980-9c6e-5102901e869a@group-153C1C6005E2->f0cb1a3f-6ac7-4eb8-9514-6a797ff8471f-AppendLogResponseHandler: Failed appendEntries: org.apache.ratis.thirdparty.io.grpc.StatusRuntimeException: UNAVAILABLE: io exception
2019-10-09 13:05:06,703 [grpc-default-executor-9] INFO  impl.FollowerInfo (FollowerInfo.java:lambda$new$0(51)) - 3eeab9a4-47d5-4980-9c6e-5102901e869a@group-153C1C6005E2->f0cb1a3f-6ac7-4eb8-9514-6a797ff8471f: nextIndex: updateUnconditionally 0 -> 0
2019-10-09 13:05:06,708 [grpc-default-executor-7] WARN  server.GrpcLogAppender (LogUtils.java:warn(134)) - 3eeab9a4-47d5-4980-9c6e-5102901e869a@group-153C1C6005E2->4f75c367-51e4-41c9-9287-4e8dd97f5c38-AppendLogResponseHandler: Failed appendEntries: org.apache.ratis.thirdparty.io.grpc.StatusRuntimeException: UNAVAILABLE: io exception
2019-10-09 13:05:06,709 [grpc-default-executor-7] INFO  impl.FollowerInfo (FollowerInfo.java:lambda$new$0(51)) - 3eeab9a4-47d5-4980-9c6e-5102901e869a@group-153C1C6005E2->4f75c367-51e4-41c9-9287-4e8dd97f5c38: nextIndex: updateUnconditionally 0 -> 0
2019-10-09 13:05:07,938 [Thread-850] INFO  impl.FollowerState (FollowerState.java:run(106)) - 3eeab9a4-47d5-4980-9c6e-5102901e869a:group-6247FF3E413E changes to CANDIDATE, lastRpcTime:5022, electionTimeout:5018ms
2019-10-09 13:05:07,939 [Thread-850] INFO  impl.RoleInfo (RoleInfo.java:shutdownFollowerState(121)) - 3eeab9a4-47d5-4980-9c6e-5102901e869a: shutdown FollowerState
2019-10-09 13:05:07,939 [Thread-850] INFO  impl.RaftServerImpl (RaftServerImpl.java:setRole(174)) - 3eeab9a4-47d5-4980-9c6e-5102901e869a@group-6247FF3E413E: changes role from  FOLLOWER to CANDIDATE at term 12 for changeToCandidate
2019-10-09 13:05:07,939 [Thread-850] INFO  impl.RoleInfo (RoleInfo.java:updateAndGet(143)) - 3eeab9a4-47d5-4980-9c6e-5102901e869a: start LeaderElection
2019-10-09 13:05:07,958 [3eeab9a4-47d5-4980-9c6e-5102901e869a@group-6247FF3E413E:LeaderElection70] INFO  impl.LeaderElection (LeaderElection.java:askForVotes(182)) - 3eeab9a4-47d5-4980-9c6e-5102901e869a@group-6247FF3E413E:LeaderElection70: begin an election at term 13 for 0: [4f75c367-51e4-41c9-9287-4e8dd97f5c38:192.168.5.175:40325, 3eeab9a4-47d5-4980-9c6e-5102901e869a:192.168.5.175:43254, f0cb1a3f-6ac7-4eb8-9514-6a797ff8471f:192.168.5.175:39769], old=null
2019-10-09 13:05:07,961 [3eeab9a4-47d5-4980-9c6e-5102901e869a@group-6247FF3E413E:LeaderElection70] INFO  impl.LeaderElection (LogUtils.java:infoOrTrace(149)) - 3eeab9a4-47d5-4980-9c6e-5102901e869a@group-6247FF3E413E:LeaderElection70 got exception when requesting votes: {}
java.util.concurrent.ExecutionException: org.apache.ratis.thirdparty.io.grpc.StatusRuntimeException: UNAVAILABLE: io exception
	at java.util.concurrent.FutureTask.report(FutureTask.java:122)
	at java.util.concurrent.FutureTask.get(FutureTask.java:192)
	at org.apache.ratis.server.impl.LeaderElection.waitForResults(LeaderElection.java:263)
	at org.apache.ratis.server.impl.LeaderElection.askForVotes(LeaderElection.java:201)
	at org.apache.ratis.server.impl.LeaderElection.run(LeaderElection.java:133)
	at java.lang.Thread.run(Thread.java:748)
Caused by: org.apache.ratis.thirdparty.io.grpc.StatusRuntimeException: UNAVAILABLE: io exception
	at org.apache.ratis.thirdparty.io.grpc.stub.ClientCalls.toStatusRuntimeException(ClientCalls.java:233)
	at org.apache.ratis.thirdparty.io.grpc.stub.ClientCalls.getUnchecked(ClientCalls.java:214)
	at org.apache.ratis.thirdparty.io.grpc.stub.ClientCalls.blockingUnaryCall(ClientCalls.java:139)
	at org.apache.ratis.proto.grpc.RaftServerProtocolServiceGrpc$RaftServerProtocolServiceBlockingStub.requestVote(RaftServerProtocolServiceGrpc.java:265)
	at org.apache.ratis.grpc.server.GrpcServerProtocolClient.requestVote(GrpcServerProtocolClient.java:90)
	at org.apache.ratis.grpc.server.GrpcService.requestVote(GrpcService.java:204)
	at org.apache.ratis.server.impl.LeaderElection.lambda$submitRequests$1(LeaderElection.java:238)
	at java.util.concurrent.FutureTask.run(FutureTask.java:266)
	at java.util.concurrent.Executors$RunnableAdapter.call(Executors.java:511)
	at java.util.concurrent.FutureTask.run(FutureTask.java:266)
	at java.util.concurrent.ThreadPoolExecutor.runWorker(ThreadPoolExecutor.java:1149)
	at java.util.concurrent.ThreadPoolExecutor$Worker.run(ThreadPoolExecutor.java:624)
	... 1 more
Caused by: org.apache.ratis.thirdparty.io.netty.channel.AbstractChannel$AnnotatedConnectException: Connection refused: /192.168.5.175:40325
	at sun.nio.ch.SocketChannelImpl.checkConnect(Native Method)
	at sun.nio.ch.SocketChannelImpl.finishConnect(SocketChannelImpl.java:717)
	at org.apache.ratis.thirdparty.io.netty.channel.socket.nio.NioSocketChannel.doFinishConnect(NioSocketChannel.java:327)
	at org.apache.ratis.thirdparty.io.netty.channel.nio.AbstractNioChannel$AbstractNioUnsafe.finishConnect(AbstractNioChannel.java:340)
	at org.apache.ratis.thirdparty.io.netty.channel.nio.NioEventLoop.processSelectedKey(NioEventLoop.java:632)
	at org.apache.ratis.thirdparty.io.netty.channel.nio.NioEventLoop.processSelectedKeysOptimized(NioEventLoop.java:579)
	at org.apache.ratis.thirdparty.io.netty.channel.nio.NioEventLoop.processSelectedKeys(NioEventLoop.java:496)
	at org.apache.ratis.thirdparty.io.netty.channel.nio.NioEventLoop.run(NioEventLoop.java:458)
	at org.apache.ratis.thirdparty.io.netty.util.concurrent.SingleThreadEventExecutor$5.run(SingleThreadEventExecutor.java:897)
	at org.apache.ratis.thirdparty.io.netty.util.concurrent.FastThreadLocalRunnable.run(FastThreadLocalRunnable.java:30)
	... 1 more
Caused by: java.net.ConnectException: Connection refused
	... 11 more
2019-10-09 13:05:07,962 [3eeab9a4-47d5-4980-9c6e-5102901e869a@group-6247FF3E413E:LeaderElection70] INFO  impl.LeaderElection (LogUtils.java:infoOrTrace(149)) - 3eeab9a4-47d5-4980-9c6e-5102901e869a@group-6247FF3E413E:LeaderElection70 got exception when requesting votes: {}
java.util.concurrent.ExecutionException: org.apache.ratis.thirdparty.io.grpc.StatusRuntimeException: UNAVAILABLE: io exception
	at java.util.concurrent.FutureTask.report(FutureTask.java:122)
	at java.util.concurrent.FutureTask.get(FutureTask.java:192)
	at org.apache.ratis.server.impl.LeaderElection.waitForResults(LeaderElection.java:263)
	at org.apache.ratis.server.impl.LeaderElection.askForVotes(LeaderElection.java:201)
	at org.apache.ratis.server.impl.LeaderElection.run(LeaderElection.java:133)
	at java.lang.Thread.run(Thread.java:748)
Caused by: org.apache.ratis.thirdparty.io.grpc.StatusRuntimeException: UNAVAILABLE: io exception
	at org.apache.ratis.thirdparty.io.grpc.stub.ClientCalls.toStatusRuntimeException(ClientCalls.java:233)
	at org.apache.ratis.thirdparty.io.grpc.stub.ClientCalls.getUnchecked(ClientCalls.java:214)
	at org.apache.ratis.thirdparty.io.grpc.stub.ClientCalls.blockingUnaryCall(ClientCalls.java:139)
	at org.apache.ratis.proto.grpc.RaftServerProtocolServiceGrpc$RaftServerProtocolServiceBlockingStub.requestVote(RaftServerProtocolServiceGrpc.java:265)
	at org.apache.ratis.grpc.server.GrpcServerProtocolClient.requestVote(GrpcServerProtocolClient.java:90)
	at org.apache.ratis.grpc.server.GrpcService.requestVote(GrpcService.java:204)
	at org.apache.ratis.server.impl.LeaderElection.lambda$submitRequests$1(LeaderElection.java:238)
	at java.util.concurrent.FutureTask.run(FutureTask.java:266)
	at java.util.concurrent.Executors$RunnableAdapter.call(Executors.java:511)
	at java.util.concurrent.FutureTask.run(FutureTask.java:266)
	at java.util.concurrent.ThreadPoolExecutor.runWorker(ThreadPoolExecutor.java:1149)
	at java.util.concurrent.ThreadPoolExecutor$Worker.run(ThreadPoolExecutor.java:624)
	... 1 more
Caused by: org.apache.ratis.thirdparty.io.netty.channel.AbstractChannel$AnnotatedConnectException: Connection refused: /192.168.5.175:39769
	at sun.nio.ch.SocketChannelImpl.checkConnect(Native Method)
	at sun.nio.ch.SocketChannelImpl.finishConnect(SocketChannelImpl.java:717)
	at org.apache.ratis.thirdparty.io.netty.channel.socket.nio.NioSocketChannel.doFinishConnect(NioSocketChannel.java:327)
	at org.apache.ratis.thirdparty.io.netty.channel.nio.AbstractNioChannel$AbstractNioUnsafe.finishConnect(AbstractNioChannel.java:340)
	at org.apache.ratis.thirdparty.io.netty.channel.nio.NioEventLoop.processSelectedKey(NioEventLoop.java:632)
	at org.apache.ratis.thirdparty.io.netty.channel.nio.NioEventLoop.processSelectedKeysOptimized(NioEventLoop.java:579)
	at org.apache.ratis.thirdparty.io.netty.channel.nio.NioEventLoop.processSelectedKeys(NioEventLoop.java:496)
	at org.apache.ratis.thirdparty.io.netty.channel.nio.NioEventLoop.run(NioEventLoop.java:458)
	at org.apache.ratis.thirdparty.io.netty.util.concurrent.SingleThreadEventExecutor$5.run(SingleThreadEventExecutor.java:897)
	at org.apache.ratis.thirdparty.io.netty.util.concurrent.FastThreadLocalRunnable.run(FastThreadLocalRunnable.java:30)
	... 1 more
Caused by: java.net.ConnectException: Connection refused
	... 11 more
2019-10-09 13:05:07,963 [3eeab9a4-47d5-4980-9c6e-5102901e869a@group-6247FF3E413E:LeaderElection70] INFO  impl.LeaderElection (LeaderElection.java:logAndReturn(56)) - 3eeab9a4-47d5-4980-9c6e-5102901e869a@group-6247FF3E413E:LeaderElection70: Election REJECTED; received 0 response(s) [] and 2 exception(s); 3eeab9a4-47d5-4980-9c6e-5102901e869a@group-6247FF3E413E:t13, leader=null, voted=3eeab9a4-47d5-4980-9c6e-5102901e869a, raftlog=3eeab9a4-47d5-4980-9c6e-5102901e869a@group-6247FF3E413E-SegmentedRaftLog:OPENED:c0,f0,i0, conf=0: [4f75c367-51e4-41c9-9287-4e8dd97f5c38:192.168.5.175:40325, 3eeab9a4-47d5-4980-9c6e-5102901e869a:192.168.5.175:43254, f0cb1a3f-6ac7-4eb8-9514-6a797ff8471f:192.168.5.175:39769], old=null
2019-10-09 13:05:07,963 [3eeab9a4-47d5-4980-9c6e-5102901e869a@group-6247FF3E413E:LeaderElection70] INFO  impl.LeaderElection (LogUtils.java:infoOrTrace(149)) -   Exception 0: {}
java.util.concurrent.ExecutionException: org.apache.ratis.thirdparty.io.grpc.StatusRuntimeException: UNAVAILABLE: io exception
	at java.util.concurrent.FutureTask.report(FutureTask.java:122)
	at java.util.concurrent.FutureTask.get(FutureTask.java:192)
	at org.apache.ratis.server.impl.LeaderElection.waitForResults(LeaderElection.java:263)
	at org.apache.ratis.server.impl.LeaderElection.askForVotes(LeaderElection.java:201)
	at org.apache.ratis.server.impl.LeaderElection.run(LeaderElection.java:133)
	at java.lang.Thread.run(Thread.java:748)
Caused by: org.apache.ratis.thirdparty.io.grpc.StatusRuntimeException: UNAVAILABLE: io exception
	at org.apache.ratis.thirdparty.io.grpc.stub.ClientCalls.toStatusRuntimeException(ClientCalls.java:233)
	at org.apache.ratis.thirdparty.io.grpc.stub.ClientCalls.getUnchecked(ClientCalls.java:214)
	at org.apache.ratis.thirdparty.io.grpc.stub.ClientCalls.blockingUnaryCall(ClientCalls.java:139)
	at org.apache.ratis.proto.grpc.RaftServerProtocolServiceGrpc$RaftServerProtocolServiceBlockingStub.requestVote(RaftServerProtocolServiceGrpc.java:265)
	at org.apache.ratis.grpc.server.GrpcServerProtocolClient.requestVote(GrpcServerProtocolClient.java:90)
	at org.apache.ratis.grpc.server.GrpcService.requestVote(GrpcService.java:204)
	at org.apache.ratis.server.impl.LeaderElection.lambda$submitRequests$1(LeaderElection.java:238)
	at java.util.concurrent.FutureTask.run(FutureTask.java:266)
	at java.util.concurrent.Executors$RunnableAdapter.call(Executors.java:511)
	at java.util.concurrent.FutureTask.run(FutureTask.java:266)
	at java.util.concurrent.ThreadPoolExecutor.runWorker(ThreadPoolExecutor.java:1149)
	at java.util.concurrent.ThreadPoolExecutor$Worker.run(ThreadPoolExecutor.java:624)
	... 1 more
Caused by: org.apache.ratis.thirdparty.io.netty.channel.AbstractChannel$AnnotatedConnectException: Connection refused: /192.168.5.175:40325
	at sun.nio.ch.SocketChannelImpl.checkConnect(Native Method)
	at sun.nio.ch.SocketChannelImpl.finishConnect(SocketChannelImpl.java:717)
	at org.apache.ratis.thirdparty.io.netty.channel.socket.nio.NioSocketChannel.doFinishConnect(NioSocketChannel.java:327)
	at org.apache.ratis.thirdparty.io.netty.channel.nio.AbstractNioChannel$AbstractNioUnsafe.finishConnect(AbstractNioChannel.java:340)
	at org.apache.ratis.thirdparty.io.netty.channel.nio.NioEventLoop.processSelectedKey(NioEventLoop.java:632)
	at org.apache.ratis.thirdparty.io.netty.channel.nio.NioEventLoop.processSelectedKeysOptimized(NioEventLoop.java:579)
	at org.apache.ratis.thirdparty.io.netty.channel.nio.NioEventLoop.processSelectedKeys(NioEventLoop.java:496)
	at org.apache.ratis.thirdparty.io.netty.channel.nio.NioEventLoop.run(NioEventLoop.java:458)
	at org.apache.ratis.thirdparty.io.netty.util.concurrent.SingleThreadEventExecutor$5.run(SingleThreadEventExecutor.java:897)
	at org.apache.ratis.thirdparty.io.netty.util.concurrent.FastThreadLocalRunnable.run(FastThreadLocalRunnable.java:30)
	... 1 more
Caused by: java.net.ConnectException: Connection refused
	... 11 more
2019-10-09 13:05:07,963 [3eeab9a4-47d5-4980-9c6e-5102901e869a@group-6247FF3E413E:LeaderElection70] INFO  impl.LeaderElection (LogUtils.java:infoOrTrace(149)) -   Exception 1: {}
java.util.concurrent.ExecutionException: org.apache.ratis.thirdparty.io.grpc.StatusRuntimeException: UNAVAILABLE: io exception
	at java.util.concurrent.FutureTask.report(FutureTask.java:122)
	at java.util.concurrent.FutureTask.get(FutureTask.java:192)
	at org.apache.ratis.server.impl.LeaderElection.waitForResults(LeaderElection.java:263)
	at org.apache.ratis.server.impl.LeaderElection.askForVotes(LeaderElection.java:201)
	at org.apache.ratis.server.impl.LeaderElection.run(LeaderElection.java:133)
	at java.lang.Thread.run(Thread.java:748)
Caused by: org.apache.ratis.thirdparty.io.grpc.StatusRuntimeException: UNAVAILABLE: io exception
	at org.apache.ratis.thirdparty.io.grpc.stub.ClientCalls.toStatusRuntimeException(ClientCalls.java:233)
	at org.apache.ratis.thirdparty.io.grpc.stub.ClientCalls.getUnchecked(ClientCalls.java:214)
	at org.apache.ratis.thirdparty.io.grpc.stub.ClientCalls.blockingUnaryCall(ClientCalls.java:139)
	at org.apache.ratis.proto.grpc.RaftServerProtocolServiceGrpc$RaftServerProtocolServiceBlockingStub.requestVote(RaftServerProtocolServiceGrpc.java:265)
	at org.apache.ratis.grpc.server.GrpcServerProtocolClient.requestVote(GrpcServerProtocolClient.java:90)
	at org.apache.ratis.grpc.server.GrpcService.requestVote(GrpcService.java:204)
	at org.apache.ratis.server.impl.LeaderElection.lambda$submitRequests$1(LeaderElection.java:238)
	at java.util.concurrent.FutureTask.run(FutureTask.java:266)
	at java.util.concurrent.Executors$RunnableAdapter.call(Executors.java:511)
	at java.util.concurrent.FutureTask.run(FutureTask.java:266)
	at java.util.concurrent.ThreadPoolExecutor.runWorker(ThreadPoolExecutor.java:1149)
	at java.util.concurrent.ThreadPoolExecutor$Worker.run(ThreadPoolExecutor.java:624)
	... 1 more
Caused by: org.apache.ratis.thirdparty.io.netty.channel.AbstractChannel$AnnotatedConnectException: Connection refused: /192.168.5.175:39769
	at sun.nio.ch.SocketChannelImpl.checkConnect(Native Method)
	at sun.nio.ch.SocketChannelImpl.finishConnect(SocketChannelImpl.java:717)
	at org.apache.ratis.thirdparty.io.netty.channel.socket.nio.NioSocketChannel.doFinishConnect(NioSocketChannel.java:327)
	at org.apache.ratis.thirdparty.io.netty.channel.nio.AbstractNioChannel$AbstractNioUnsafe.finishConnect(AbstractNioChannel.java:340)
	at org.apache.ratis.thirdparty.io.netty.channel.nio.NioEventLoop.processSelectedKey(NioEventLoop.java:632)
	at org.apache.ratis.thirdparty.io.netty.channel.nio.NioEventLoop.processSelectedKeysOptimized(NioEventLoop.java:579)
	at org.apache.ratis.thirdparty.io.netty.channel.nio.NioEventLoop.processSelectedKeys(NioEventLoop.java:496)
	at org.apache.ratis.thirdparty.io.netty.channel.nio.NioEventLoop.run(NioEventLoop.java:458)
	at org.apache.ratis.thirdparty.io.netty.util.concurrent.SingleThreadEventExecutor$5.run(SingleThreadEventExecutor.java:897)
	at org.apache.ratis.thirdparty.io.netty.util.concurrent.FastThreadLocalRunnable.run(FastThreadLocalRunnable.java:30)
	... 1 more
Caused by: java.net.ConnectException: Connection refused
	... 11 more
2019-10-09 13:05:07,964 [3eeab9a4-47d5-4980-9c6e-5102901e869a@group-6247FF3E413E:LeaderElection70] INFO  impl.RaftServerImpl (RaftServerImpl.java:setRole(174)) - 3eeab9a4-47d5-4980-9c6e-5102901e869a@group-6247FF3E413E: changes role from CANDIDATE to FOLLOWER at term 13 for DISCOVERED_A_NEW_TERM
2019-10-09 13:05:07,964 [3eeab9a4-47d5-4980-9c6e-5102901e869a@group-6247FF3E413E:LeaderElection70] INFO  impl.RoleInfo (RoleInfo.java:shutdownLeaderElection(134)) - 3eeab9a4-47d5-4980-9c6e-5102901e869a: shutdown LeaderElection
2019-10-09 13:05:07,964 [3eeab9a4-47d5-4980-9c6e-5102901e869a@group-6247FF3E413E:LeaderElection70] INFO  impl.RoleInfo (RoleInfo.java:updateAndGet(143)) - 3eeab9a4-47d5-4980-9c6e-5102901e869a: start FollowerState
2019-10-09 13:05:07,969 [Thread-846] INFO  impl.FollowerState (FollowerState.java:run(106)) - 3eeab9a4-47d5-4980-9c6e-5102901e869a:group-A483B260BC72 changes to CANDIDATE, lastRpcTime:5152, electionTimeout:5152ms
2019-10-09 13:05:07,969 [Thread-846] INFO  impl.RoleInfo (RoleInfo.java:shutdownFollowerState(121)) - 3eeab9a4-47d5-4980-9c6e-5102901e869a: shutdown FollowerState
2019-10-09 13:05:07,969 [Thread-846] INFO  impl.RaftServerImpl (RaftServerImpl.java:setRole(174)) - 3eeab9a4-47d5-4980-9c6e-5102901e869a@group-A483B260BC72: changes role from  FOLLOWER to CANDIDATE at term 12 for changeToCandidate
2019-10-09 13:05:07,969 [Thread-846] INFO  impl.RoleInfo (RoleInfo.java:updateAndGet(143)) - 3eeab9a4-47d5-4980-9c6e-5102901e869a: start LeaderElection
2019-10-09 13:05:07,985 [3eeab9a4-47d5-4980-9c6e-5102901e869a@group-A483B260BC72:LeaderElection71] INFO  impl.LeaderElection (LeaderElection.java:askForVotes(182)) - 3eeab9a4-47d5-4980-9c6e-5102901e869a@group-A483B260BC72:LeaderElection71: begin an election at term 13 for 0: [4f75c367-51e4-41c9-9287-4e8dd97f5c38:192.168.5.175:40325, 3eeab9a4-47d5-4980-9c6e-5102901e869a:192.168.5.175:43254, f0cb1a3f-6ac7-4eb8-9514-6a797ff8471f:192.168.5.175:39769], old=null
2019-10-09 13:05:07,986 [3eeab9a4-47d5-4980-9c6e-5102901e869a@group-A483B260BC72:LeaderElection71] INFO  impl.LeaderElection (LogUtils.java:infoOrTrace(149)) - 3eeab9a4-47d5-4980-9c6e-5102901e869a@group-A483B260BC72:LeaderElection71 got exception when requesting votes: {}
java.util.concurrent.ExecutionException: org.apache.ratis.thirdparty.io.grpc.StatusRuntimeException: UNAVAILABLE: io exception
	at java.util.concurrent.FutureTask.report(FutureTask.java:122)
	at java.util.concurrent.FutureTask.get(FutureTask.java:192)
	at org.apache.ratis.server.impl.LeaderElection.waitForResults(LeaderElection.java:263)
	at org.apache.ratis.server.impl.LeaderElection.askForVotes(LeaderElection.java:201)
	at org.apache.ratis.server.impl.LeaderElection.run(LeaderElection.java:133)
	at java.lang.Thread.run(Thread.java:748)
Caused by: org.apache.ratis.thirdparty.io.grpc.StatusRuntimeException: UNAVAILABLE: io exception
	at org.apache.ratis.thirdparty.io.grpc.stub.ClientCalls.toStatusRuntimeException(ClientCalls.java:233)
	at org.apache.ratis.thirdparty.io.grpc.stub.ClientCalls.getUnchecked(ClientCalls.java:214)
	at org.apache.ratis.thirdparty.io.grpc.stub.ClientCalls.blockingUnaryCall(ClientCalls.java:139)
	at org.apache.ratis.proto.grpc.RaftServerProtocolServiceGrpc$RaftServerProtocolServiceBlockingStub.requestVote(RaftServerProtocolServiceGrpc.java:265)
	at org.apache.ratis.grpc.server.GrpcServerProtocolClient.requestVote(GrpcServerProtocolClient.java:90)
	at org.apache.ratis.grpc.server.GrpcService.requestVote(GrpcService.java:204)
	at org.apache.ratis.server.impl.LeaderElection.lambda$submitRequests$1(LeaderElection.java:238)
	at java.util.concurrent.FutureTask.run(FutureTask.java:266)
	at java.util.concurrent.Executors$RunnableAdapter.call(Executors.java:511)
	at java.util.concurrent.FutureTask.run(FutureTask.java:266)
	at java.util.concurrent.ThreadPoolExecutor.runWorker(ThreadPoolExecutor.java:1149)
	at java.util.concurrent.ThreadPoolExecutor$Worker.run(ThreadPoolExecutor.java:624)
	... 1 more
Caused by: org.apache.ratis.thirdparty.io.netty.channel.AbstractChannel$AnnotatedConnectException: Connection refused: /192.168.5.175:39769
	at sun.nio.ch.SocketChannelImpl.checkConnect(Native Method)
	at sun.nio.ch.SocketChannelImpl.finishConnect(SocketChannelImpl.java:717)
	at org.apache.ratis.thirdparty.io.netty.channel.socket.nio.NioSocketChannel.doFinishConnect(NioSocketChannel.java:327)
	at org.apache.ratis.thirdparty.io.netty.channel.nio.AbstractNioChannel$AbstractNioUnsafe.finishConnect(AbstractNioChannel.java:340)
	at org.apache.ratis.thirdparty.io.netty.channel.nio.NioEventLoop.processSelectedKey(NioEventLoop.java:632)
	at org.apache.ratis.thirdparty.io.netty.channel.nio.NioEventLoop.processSelectedKeysOptimized(NioEventLoop.java:579)
	at org.apache.ratis.thirdparty.io.netty.channel.nio.NioEventLoop.processSelectedKeys(NioEventLoop.java:496)
	at org.apache.ratis.thirdparty.io.netty.channel.nio.NioEventLoop.run(NioEventLoop.java:458)
	at org.apache.ratis.thirdparty.io.netty.util.concurrent.SingleThreadEventExecutor$5.run(SingleThreadEventExecutor.java:897)
	at org.apache.ratis.thirdparty.io.netty.util.concurrent.FastThreadLocalRunnable.run(FastThreadLocalRunnable.java:30)
	... 1 more
Caused by: java.net.ConnectException: Connection refused
	... 11 more
2019-10-09 13:05:07,987 [3eeab9a4-47d5-4980-9c6e-5102901e869a@group-A483B260BC72:LeaderElection71] INFO  impl.LeaderElection (LogUtils.java:infoOrTrace(149)) - 3eeab9a4-47d5-4980-9c6e-5102901e869a@group-A483B260BC72:LeaderElection71 got exception when requesting votes: {}
java.util.concurrent.ExecutionException: org.apache.ratis.thirdparty.io.grpc.StatusRuntimeException: UNAVAILABLE: io exception
	at java.util.concurrent.FutureTask.report(FutureTask.java:122)
	at java.util.concurrent.FutureTask.get(FutureTask.java:192)
	at org.apache.ratis.server.impl.LeaderElection.waitForResults(LeaderElection.java:263)
	at org.apache.ratis.server.impl.LeaderElection.askForVotes(LeaderElection.java:201)
	at org.apache.ratis.server.impl.LeaderElection.run(LeaderElection.java:133)
	at java.lang.Thread.run(Thread.java:748)
Caused by: org.apache.ratis.thirdparty.io.grpc.StatusRuntimeException: UNAVAILABLE: io exception
	at org.apache.ratis.thirdparty.io.grpc.stub.ClientCalls.toStatusRuntimeException(ClientCalls.java:233)
	at org.apache.ratis.thirdparty.io.grpc.stub.ClientCalls.getUnchecked(ClientCalls.java:214)
	at org.apache.ratis.thirdparty.io.grpc.stub.ClientCalls.blockingUnaryCall(ClientCalls.java:139)
	at org.apache.ratis.proto.grpc.RaftServerProtocolServiceGrpc$RaftServerProtocolServiceBlockingStub.requestVote(RaftServerProtocolServiceGrpc.java:265)
	at org.apache.ratis.grpc.server.GrpcServerProtocolClient.requestVote(GrpcServerProtocolClient.java:90)
	at org.apache.ratis.grpc.server.GrpcService.requestVote(GrpcService.java:204)
	at org.apache.ratis.server.impl.LeaderElection.lambda$submitRequests$1(LeaderElection.java:238)
	at java.util.concurrent.FutureTask.run(FutureTask.java:266)
	at java.util.concurrent.Executors$RunnableAdapter.call(Executors.java:511)
	at java.util.concurrent.FutureTask.run(FutureTask.java:266)
	at java.util.concurrent.ThreadPoolExecutor.runWorker(ThreadPoolExecutor.java:1149)
	at java.util.concurrent.ThreadPoolExecutor$Worker.run(ThreadPoolExecutor.java:624)
	... 1 more
Caused by: org.apache.ratis.thirdparty.io.netty.channel.AbstractChannel$AnnotatedConnectException: Connection refused: /192.168.5.175:40325
	at sun.nio.ch.SocketChannelImpl.checkConnect(Native Method)
	at sun.nio.ch.SocketChannelImpl.finishConnect(SocketChannelImpl.java:717)
	at org.apache.ratis.thirdparty.io.netty.channel.socket.nio.NioSocketChannel.doFinishConnect(NioSocketChannel.java:327)
	at org.apache.ratis.thirdparty.io.netty.channel.nio.AbstractNioChannel$AbstractNioUnsafe.finishConnect(AbstractNioChannel.java:340)
	at org.apache.ratis.thirdparty.io.netty.channel.nio.NioEventLoop.processSelectedKey(NioEventLoop.java:632)
	at org.apache.ratis.thirdparty.io.netty.channel.nio.NioEventLoop.processSelectedKeysOptimized(NioEventLoop.java:579)
	at org.apache.ratis.thirdparty.io.netty.channel.nio.NioEventLoop.processSelectedKeys(NioEventLoop.java:496)
	at org.apache.ratis.thirdparty.io.netty.channel.nio.NioEventLoop.run(NioEventLoop.java:458)
	at org.apache.ratis.thirdparty.io.netty.util.concurrent.SingleThreadEventExecutor$5.run(SingleThreadEventExecutor.java:897)
	at org.apache.ratis.thirdparty.io.netty.util.concurrent.FastThreadLocalRunnable.run(FastThreadLocalRunnable.java:30)
	... 1 more
Caused by: java.net.ConnectException: Connection refused
	... 11 more
2019-10-09 13:05:07,987 [3eeab9a4-47d5-4980-9c6e-5102901e869a@group-A483B260BC72:LeaderElection71] INFO  impl.LeaderElection (LeaderElection.java:logAndReturn(56)) - 3eeab9a4-47d5-4980-9c6e-5102901e869a@group-A483B260BC72:LeaderElection71: Election REJECTED; received 0 response(s) [] and 2 exception(s); 3eeab9a4-47d5-4980-9c6e-5102901e869a@group-A483B260BC72:t13, leader=null, voted=3eeab9a4-47d5-4980-9c6e-5102901e869a, raftlog=3eeab9a4-47d5-4980-9c6e-5102901e869a@group-A483B260BC72-SegmentedRaftLog:OPENED:c0,f0,i0, conf=0: [4f75c367-51e4-41c9-9287-4e8dd97f5c38:192.168.5.175:40325, 3eeab9a4-47d5-4980-9c6e-5102901e869a:192.168.5.175:43254, f0cb1a3f-6ac7-4eb8-9514-6a797ff8471f:192.168.5.175:39769], old=null
2019-10-09 13:05:07,987 [3eeab9a4-47d5-4980-9c6e-5102901e869a@group-A483B260BC72:LeaderElection71] INFO  impl.LeaderElection (LogUtils.java:infoOrTrace(149)) -   Exception 0: {}
java.util.concurrent.ExecutionException: org.apache.ratis.thirdparty.io.grpc.StatusRuntimeException: UNAVAILABLE: io exception
	at java.util.concurrent.FutureTask.report(FutureTask.java:122)
	at java.util.concurrent.FutureTask.get(FutureTask.java:192)
	at org.apache.ratis.server.impl.LeaderElection.waitForResults(LeaderElection.java:263)
	at org.apache.ratis.server.impl.LeaderElection.askForVotes(LeaderElection.java:201)
	at org.apache.ratis.server.impl.LeaderElection.run(LeaderElection.java:133)
	at java.lang.Thread.run(Thread.java:748)
Caused by: org.apache.ratis.thirdparty.io.grpc.StatusRuntimeException: UNAVAILABLE: io exception
	at org.apache.ratis.thirdparty.io.grpc.stub.ClientCalls.toStatusRuntimeException(ClientCalls.java:233)
	at org.apache.ratis.thirdparty.io.grpc.stub.ClientCalls.getUnchecked(ClientCalls.java:214)
	at org.apache.ratis.thirdparty.io.grpc.stub.ClientCalls.blockingUnaryCall(ClientCalls.java:139)
	at org.apache.ratis.proto.grpc.RaftServerProtocolServiceGrpc$RaftServerProtocolServiceBlockingStub.requestVote(RaftServerProtocolServiceGrpc.java:265)
	at org.apache.ratis.grpc.server.GrpcServerProtocolClient.requestVote(GrpcServerProtocolClient.java:90)
	at org.apache.ratis.grpc.server.GrpcService.requestVote(GrpcService.java:204)
	at org.apache.ratis.server.impl.LeaderElection.lambda$submitRequests$1(LeaderElection.java:238)
	at java.util.concurrent.FutureTask.run(FutureTask.java:266)
	at java.util.concurrent.Executors$RunnableAdapter.call(Executors.java:511)
	at java.util.concurrent.FutureTask.run(FutureTask.java:266)
	at java.util.concurrent.ThreadPoolExecutor.runWorker(ThreadPoolExecutor.java:1149)
	at java.util.concurrent.ThreadPoolExecutor$Worker.run(ThreadPoolExecutor.java:624)
	... 1 more
Caused by: org.apache.ratis.thirdparty.io.netty.channel.AbstractChannel$AnnotatedConnectException: Connection refused: /192.168.5.175:39769
	at sun.nio.ch.SocketChannelImpl.checkConnect(Native Method)
	at sun.nio.ch.SocketChannelImpl.finishConnect(SocketChannelImpl.java:717)
	at org.apache.ratis.thirdparty.io.netty.channel.socket.nio.NioSocketChannel.doFinishConnect(NioSocketChannel.java:327)
	at org.apache.ratis.thirdparty.io.netty.channel.nio.AbstractNioChannel$AbstractNioUnsafe.finishConnect(AbstractNioChannel.java:340)
	at org.apache.ratis.thirdparty.io.netty.channel.nio.NioEventLoop.processSelectedKey(NioEventLoop.java:632)
	at org.apache.ratis.thirdparty.io.netty.channel.nio.NioEventLoop.processSelectedKeysOptimized(NioEventLoop.java:579)
	at org.apache.ratis.thirdparty.io.netty.channel.nio.NioEventLoop.processSelectedKeys(NioEventLoop.java:496)
	at org.apache.ratis.thirdparty.io.netty.channel.nio.NioEventLoop.run(NioEventLoop.java:458)
	at org.apache.ratis.thirdparty.io.netty.util.concurrent.SingleThreadEventExecutor$5.run(SingleThreadEventExecutor.java:897)
	at org.apache.ratis.thirdparty.io.netty.util.concurrent.FastThreadLocalRunnable.run(FastThreadLocalRunnable.java:30)
	... 1 more
Caused by: java.net.ConnectException: Connection refused
	... 11 more
2019-10-09 13:05:07,987 [3eeab9a4-47d5-4980-9c6e-5102901e869a@group-A483B260BC72:LeaderElection71] INFO  impl.LeaderElection (LogUtils.java:infoOrTrace(149)) -   Exception 1: {}
java.util.concurrent.ExecutionException: org.apache.ratis.thirdparty.io.grpc.StatusRuntimeException: UNAVAILABLE: io exception
	at java.util.concurrent.FutureTask.report(FutureTask.java:122)
	at java.util.concurrent.FutureTask.get(FutureTask.java:192)
	at org.apache.ratis.server.impl.LeaderElection.waitForResults(LeaderElection.java:263)
	at org.apache.ratis.server.impl.LeaderElection.askForVotes(LeaderElection.java:201)
	at org.apache.ratis.server.impl.LeaderElection.run(LeaderElection.java:133)
	at java.lang.Thread.run(Thread.java:748)
Caused by: org.apache.ratis.thirdparty.io.grpc.StatusRuntimeException: UNAVAILABLE: io exception
	at org.apache.ratis.thirdparty.io.grpc.stub.ClientCalls.toStatusRuntimeException(ClientCalls.java:233)
	at org.apache.ratis.thirdparty.io.grpc.stub.ClientCalls.getUnchecked(ClientCalls.java:214)
	at org.apache.ratis.thirdparty.io.grpc.stub.ClientCalls.blockingUnaryCall(ClientCalls.java:139)
	at org.apache.ratis.proto.grpc.RaftServerProtocolServiceGrpc$RaftServerProtocolServiceBlockingStub.requestVote(RaftServerProtocolServiceGrpc.java:265)
	at org.apache.ratis.grpc.server.GrpcServerProtocolClient.requestVote(GrpcServerProtocolClient.java:90)
	at org.apache.ratis.grpc.server.GrpcService.requestVote(GrpcService.java:204)
	at org.apache.ratis.server.impl.LeaderElection.lambda$submitRequests$1(LeaderElection.java:238)
	at java.util.concurrent.FutureTask.run(FutureTask.java:266)
	at java.util.concurrent.Executors$RunnableAdapter.call(Executors.java:511)
	at java.util.concurrent.FutureTask.run(FutureTask.java:266)
	at java.util.concurrent.ThreadPoolExecutor.runWorker(ThreadPoolExecutor.java:1149)
	at java.util.concurrent.ThreadPoolExecutor$Worker.run(ThreadPoolExecutor.java:624)
	... 1 more
Caused by: org.apache.ratis.thirdparty.io.netty.channel.AbstractChannel$AnnotatedConnectException: Connection refused: /192.168.5.175:40325
	at sun.nio.ch.SocketChannelImpl.checkConnect(Native Method)
	at sun.nio.ch.SocketChannelImpl.finishConnect(SocketChannelImpl.java:717)
	at org.apache.ratis.thirdparty.io.netty.channel.socket.nio.NioSocketChannel.doFinishConnect(NioSocketChannel.java:327)
	at org.apache.ratis.thirdparty.io.netty.channel.nio.AbstractNioChannel$AbstractNioUnsafe.finishConnect(AbstractNioChannel.java:340)
	at org.apache.ratis.thirdparty.io.netty.channel.nio.NioEventLoop.processSelectedKey(NioEventLoop.java:632)
	at org.apache.ratis.thirdparty.io.netty.channel.nio.NioEventLoop.processSelectedKeysOptimized(NioEventLoop.java:579)
	at org.apache.ratis.thirdparty.io.netty.channel.nio.NioEventLoop.processSelectedKeys(NioEventLoop.java:496)
	at org.apache.ratis.thirdparty.io.netty.channel.nio.NioEventLoop.run(NioEventLoop.java:458)
	at org.apache.ratis.thirdparty.io.netty.util.concurrent.SingleThreadEventExecutor$5.run(SingleThreadEventExecutor.java:897)
	at org.apache.ratis.thirdparty.io.netty.util.concurrent.FastThreadLocalRunnable.run(FastThreadLocalRunnable.java:30)
	... 1 more
Caused by: java.net.ConnectException: Connection refused
	... 11 more
2019-10-09 13:05:07,988 [3eeab9a4-47d5-4980-9c6e-5102901e869a@group-A483B260BC72:LeaderElection71] INFO  impl.RaftServerImpl (RaftServerImpl.java:setRole(174)) - 3eeab9a4-47d5-4980-9c6e-5102901e869a@group-A483B260BC72: changes role from CANDIDATE to FOLLOWER at term 13 for DISCOVERED_A_NEW_TERM
2019-10-09 13:05:07,988 [3eeab9a4-47d5-4980-9c6e-5102901e869a@group-A483B260BC72:LeaderElection71] INFO  impl.RoleInfo (RoleInfo.java:shutdownLeaderElection(134)) - 3eeab9a4-47d5-4980-9c6e-5102901e869a: shutdown LeaderElection
2019-10-09 13:05:07,988 [3eeab9a4-47d5-4980-9c6e-5102901e869a@group-A483B260BC72:LeaderElection71] INFO  impl.RoleInfo (RoleInfo.java:updateAndGet(143)) - 3eeab9a4-47d5-4980-9c6e-5102901e869a: start FollowerState
2019-10-09 13:05:08,185 [RatisPipelineUtilsThread] WARN  pipeline.RatisPipelineUtils (RatisPipelineUtils.java:destroyPipeline(67)) - Pipeline destroy failed for pipeline=PipelineID=b33d5b73-3ede-4f2e-bc85-48b2e64647af dn=f0cb1a3f-6ac7-4eb8-9514-6a797ff8471f{ip: 192.168.5.175, host: pr-hdds-1569-mfl88-1504498049, networkLocation: /default-rack, certSerialId: null}
2019-10-09 13:05:08,185 [RatisPipelineUtilsThread] INFO  pipeline.PipelineStateManager (PipelineStateManager.java:removePipeline(108)) - Pipeline Pipeline[ Id: b33d5b73-3ede-4f2e-bc85-48b2e64647af, Nodes: f0cb1a3f-6ac7-4eb8-9514-6a797ff8471f{ip: 192.168.5.175, host: pr-hdds-1569-mfl88-1504498049, networkLocation: /default-rack, certSerialId: null}, Type:RATIS, Factor:ONE, State:CLOSED] removed from db
2019-10-09 13:05:08,194 [grpc-default-executor-7] INFO  impl.RaftServerProxy (RaftServerProxy.java:remove(95)) - 3eeab9a4-47d5-4980-9c6e-5102901e869a: remove  FOLLOWER 3eeab9a4-47d5-4980-9c6e-5102901e869a@group-6247FF3E413E:t13, leader=null, voted=3eeab9a4-47d5-4980-9c6e-5102901e869a, raftlog=3eeab9a4-47d5-4980-9c6e-5102901e869a@group-6247FF3E413E-SegmentedRaftLog:OPENED:c0,f0,i0, conf=0: [4f75c367-51e4-41c9-9287-4e8dd97f5c38:192.168.5.175:40325, 3eeab9a4-47d5-4980-9c6e-5102901e869a:192.168.5.175:43254, f0cb1a3f-6ac7-4eb8-9514-6a797ff8471f:192.168.5.175:39769], old=null RUNNING
2019-10-09 13:05:08,199 [grpc-default-executor-7] INFO  impl.RaftServerImpl (RaftServerImpl.java:lambda$shutdown$3(251)) - 3eeab9a4-47d5-4980-9c6e-5102901e869a@group-6247FF3E413E: shutdown
2019-10-09 13:05:08,200 [grpc-default-executor-7] INFO  util.JmxRegister (JmxRegister.java:unregister(73)) - Successfully un-registered JMX Bean with object name Ratis:service=RaftServer,group=group-6247FF3E413E,id=3eeab9a4-47d5-4980-9c6e-5102901e869a
2019-10-09 13:05:08,200 [grpc-default-executor-7] INFO  impl.RoleInfo (RoleInfo.java:shutdownFollowerState(121)) - 3eeab9a4-47d5-4980-9c6e-5102901e869a: shutdown FollowerState
2019-10-09 13:05:08,200 [grpc-default-executor-7] INFO  impl.StateMachineUpdater (StateMachineUpdater.java:stopAndJoin(125)) - 3eeab9a4-47d5-4980-9c6e-5102901e869a@group-6247FF3E413E-StateMachineUpdater: set stopIndex = 0
2019-10-09 13:05:08,200 [Thread-868] INFO  impl.FollowerState (FollowerState.java:run(115)) - 3eeab9a4-47d5-4980-9c6e-5102901e869a: FollowerState was interrupted: java.lang.InterruptedException: sleep interrupted
2019-10-09 13:05:08,202 [grpc-default-executor-7] INFO  impl.RaftServerImpl (ServerState.java:close(385)) - 3eeab9a4-47d5-4980-9c6e-5102901e869a@group-6247FF3E413E: closes. applyIndex: 0
2019-10-09 13:05:08,203 [3eeab9a4-47d5-4980-9c6e-5102901e869a@group-6247FF3E413E-SegmentedRaftLogWorker] INFO  segmented.SegmentedRaftLogWorker (SegmentedRaftLogWorker.java:run(313)) - 3eeab9a4-47d5-4980-9c6e-5102901e869a@group-6247FF3E413E-SegmentedRaftLogWorker was interrupted, exiting. There are 0 tasks remaining in the queue.
2019-10-09 13:05:08,203 [grpc-default-executor-7] INFO  segmented.SegmentedRaftLogWorker (SegmentedRaftLogWorker.java:close(228)) - 3eeab9a4-47d5-4980-9c6e-5102901e869a@group-6247FF3E413E-SegmentedRaftLogWorker close()
2019-10-09 13:05:08,216 [RatisPipelineUtilsThread] WARN  pipeline.RatisPipelineUtils (RatisPipelineUtils.java:destroyPipeline(67)) - Pipeline destroy failed for pipeline=PipelineID=b78709e8-1a0a-42c2-b8a0-6247ff3e413e dn=f0cb1a3f-6ac7-4eb8-9514-6a797ff8471f{ip: 192.168.5.175, host: pr-hdds-1569-mfl88-1504498049, networkLocation: /default-rack, certSerialId: null}
2019-10-09 13:05:08,219 [RatisPipelineUtilsThread] WARN  pipeline.RatisPipelineUtils (RatisPipelineUtils.java:destroyPipeline(67)) - Pipeline destroy failed for pipeline=PipelineID=b78709e8-1a0a-42c2-b8a0-6247ff3e413e dn=4f75c367-51e4-41c9-9287-4e8dd97f5c38{ip: 192.168.5.175, host: pr-hdds-1569-mfl88-1504498049, networkLocation: /default-rack, certSerialId: null}
2019-10-09 13:05:08,219 [RatisPipelineUtilsThread] INFO  pipeline.PipelineStateManager (PipelineStateManager.java:removePipeline(108)) - Pipeline Pipeline[ Id: b78709e8-1a0a-42c2-b8a0-6247ff3e413e, Nodes: 3eeab9a4-47d5-4980-9c6e-5102901e869a{ip: 192.168.5.175, host: pr-hdds-1569-mfl88-1504498049, networkLocation: /default-rack, certSerialId: null}f0cb1a3f-6ac7-4eb8-9514-6a797ff8471f{ip: 192.168.5.175, host: pr-hdds-1569-mfl88-1504498049, networkLocation: /default-rack, certSerialId: null}4f75c367-51e4-41c9-9287-4e8dd97f5c38{ip: 192.168.5.175, host: pr-hdds-1569-mfl88-1504498049, networkLocation: /default-rack, certSerialId: null}, Type:RATIS, Factor:THREE, State:CLOSED] removed from db
2019-10-09 13:05:08,221 [RatisPipelineUtilsThread] WARN  pipeline.RatisPipelineUtils (RatisPipelineUtils.java:destroyPipeline(67)) - Pipeline destroy failed for pipeline=PipelineID=8b67ea2b-8e0b-404b-87ee-a483b260bc72 dn=f0cb1a3f-6ac7-4eb8-9514-6a797ff8471f{ip: 192.168.5.175, host: pr-hdds-1569-mfl88-1504498049, networkLocation: /default-rack, certSerialId: null}
2019-10-09 13:05:08,226 [grpc-default-executor-7] INFO  impl.RaftServerProxy (RaftServerProxy.java:remove(95)) - 3eeab9a4-47d5-4980-9c6e-5102901e869a: remove  FOLLOWER 3eeab9a4-47d5-4980-9c6e-5102901e869a@group-A483B260BC72:t13, leader=null, voted=3eeab9a4-47d5-4980-9c6e-5102901e869a, raftlog=3eeab9a4-47d5-4980-9c6e-5102901e869a@group-A483B260BC72-SegmentedRaftLog:OPENED:c0,f0,i0, conf=0: [4f75c367-51e4-41c9-9287-4e8dd97f5c38:192.168.5.175:40325, 3eeab9a4-47d5-4980-9c6e-5102901e869a:192.168.5.175:43254, f0cb1a3f-6ac7-4eb8-9514-6a797ff8471f:192.168.5.175:39769], old=null RUNNING
2019-10-09 13:05:08,226 [grpc-default-executor-7] INFO  impl.RaftServerImpl (RaftServerImpl.java:lambda$shutdown$3(251)) - 3eeab9a4-47d5-4980-9c6e-5102901e869a@group-A483B260BC72: shutdown
2019-10-09 13:05:08,226 [grpc-default-executor-7] INFO  util.JmxRegister (JmxRegister.java:unregister(73)) - Successfully un-registered JMX Bean with object name Ratis:service=RaftServer,group=group-A483B260BC72,id=3eeab9a4-47d5-4980-9c6e-5102901e869a
2019-10-09 13:05:08,226 [grpc-default-executor-7] INFO  impl.RoleInfo (RoleInfo.java:shutdownFollowerState(121)) - 3eeab9a4-47d5-4980-9c6e-5102901e869a: shutdown FollowerState
2019-10-09 13:05:08,226 [grpc-default-executor-7] INFO  impl.StateMachineUpdater (StateMachineUpdater.java:stopAndJoin(125)) - 3eeab9a4-47d5-4980-9c6e-5102901e869a@group-A483B260BC72-StateMachineUpdater: set stopIndex = 0
2019-10-09 13:05:08,226 [Thread-872] INFO  impl.FollowerState (FollowerState.java:run(115)) - 3eeab9a4-47d5-4980-9c6e-5102901e869a: FollowerState was interrupted: java.lang.InterruptedException: sleep interrupted
2019-10-09 13:05:08,229 [grpc-default-executor-7] INFO  impl.RaftServerImpl (ServerState.java:close(385)) - 3eeab9a4-47d5-4980-9c6e-5102901e869a@group-A483B260BC72: closes. applyIndex: 0
2019-10-09 13:05:08,229 [3eeab9a4-47d5-4980-9c6e-5102901e869a@group-A483B260BC72-SegmentedRaftLogWorker] INFO  segmented.SegmentedRaftLogWorker (SegmentedRaftLogWorker.java:run(313)) - 3eeab9a4-47d5-4980-9c6e-5102901e869a@group-A483B260BC72-SegmentedRaftLogWorker was interrupted, exiting. There are 0 tasks remaining in the queue.
2019-10-09 13:05:08,229 [grpc-default-executor-7] INFO  segmented.SegmentedRaftLogWorker (SegmentedRaftLogWorker.java:close(228)) - 3eeab9a4-47d5-4980-9c6e-5102901e869a@group-A483B260BC72-SegmentedRaftLogWorker close()
2019-10-09 13:05:08,236 [RatisPipelineUtilsThread] WARN  pipeline.RatisPipelineUtils (RatisPipelineUtils.java:destroyPipeline(67)) - Pipeline destroy failed for pipeline=PipelineID=8b67ea2b-8e0b-404b-87ee-a483b260bc72 dn=4f75c367-51e4-41c9-9287-4e8dd97f5c38{ip: 192.168.5.175, host: pr-hdds-1569-mfl88-1504498049, networkLocation: /default-rack, certSerialId: null}
2019-10-09 13:05:08,237 [RatisPipelineUtilsThread] INFO  pipeline.PipelineStateManager (PipelineStateManager.java:removePipeline(108)) - Pipeline Pipeline[ Id: 8b67ea2b-8e0b-404b-87ee-a483b260bc72, Nodes: f0cb1a3f-6ac7-4eb8-9514-6a797ff8471f{ip: 192.168.5.175, host: pr-hdds-1569-mfl88-1504498049, networkLocation: /default-rack, certSerialId: null}3eeab9a4-47d5-4980-9c6e-5102901e869a{ip: 192.168.5.175, host: pr-hdds-1569-mfl88-1504498049, networkLocation: /default-rack, certSerialId: null}4f75c367-51e4-41c9-9287-4e8dd97f5c38{ip: 192.168.5.175, host: pr-hdds-1569-mfl88-1504498049, networkLocation: /default-rack, certSerialId: null}, Type:RATIS, Factor:THREE, State:CLOSED] removed from db
2019-10-09 13:05:08,239 [RatisPipelineUtilsThread] WARN  pipeline.RatisPipelineUtils (RatisPipelineUtils.java:destroyPipeline(67)) - Pipeline destroy failed for pipeline=PipelineID=dc025f63-628d-4b31-b53d-75761dee94fb dn=f0cb1a3f-6ac7-4eb8-9514-6a797ff8471f{ip: 192.168.5.175, host: pr-hdds-1569-mfl88-1504498049, networkLocation: /default-rack, certSerialId: null}
2019-10-09 13:05:08,242 [RatisPipelineUtilsThread] WARN  pipeline.RatisPipelineUtils (RatisPipelineUtils.java:destroyPipeline(67)) - Pipeline destroy failed for pipeline=PipelineID=dc025f63-628d-4b31-b53d-75761dee94fb dn=4f75c367-51e4-41c9-9287-4e8dd97f5c38{ip: 192.168.5.175, host: pr-hdds-1569-mfl88-1504498049, networkLocation: /default-rack, certSerialId: null}
2019-10-09 13:05:08,245 [grpc-default-executor-7] INFO  impl.RaftServerProxy (RaftServerProxy.java:remove(95)) - 3eeab9a4-47d5-4980-9c6e-5102901e869a: remove    LEADER 3eeab9a4-47d5-4980-9c6e-5102901e869a@group-75761DEE94FB:t1, leader=3eeab9a4-47d5-4980-9c6e-5102901e869a, voted=3eeab9a4-47d5-4980-9c6e-5102901e869a, raftlog=3eeab9a4-47d5-4980-9c6e-5102901e869a@group-75761DEE94FB-SegmentedRaftLog:OPENED:c0,f0,i0, conf=0: [4f75c367-51e4-41c9-9287-4e8dd97f5c38:192.168.5.175:40325, 3eeab9a4-47d5-4980-9c6e-5102901e869a:192.168.5.175:43254, f0cb1a3f-6ac7-4eb8-9514-6a797ff8471f:192.168.5.175:39769], old=null RUNNING
2019-10-09 13:05:08,245 [grpc-default-executor-7] INFO  impl.RaftServerImpl (RaftServerImpl.java:lambda$shutdown$3(251)) - 3eeab9a4-47d5-4980-9c6e-5102901e869a@group-75761DEE94FB: shutdown
2019-10-09 13:05:08,246 [grpc-default-executor-7] INFO  util.JmxRegister (JmxRegister.java:unregister(73)) - Successfully un-registered JMX Bean with object name Ratis:service=RaftServer,group=group-75761DEE94FB,id=3eeab9a4-47d5-4980-9c6e-5102901e869a
2019-10-09 13:05:08,246 [grpc-default-executor-7] INFO  impl.RoleInfo (RoleInfo.java:shutdownLeaderState(104)) - 3eeab9a4-47d5-4980-9c6e-5102901e869a: shutdown LeaderState
2019-10-09 13:05:08,250 [grpc-default-executor-7] INFO  impl.PendingRequests (PendingRequests.java:sendNotLeaderResponses(202)) - 3eeab9a4-47d5-4980-9c6e-5102901e869a-PendingRequests: sendNotLeaderResponses
2019-10-09 13:05:08,251 [org.apache.ratis.server.impl.LogAppender$AppenderDaemon$$Lambda$493/462031746@5a8cbfa] WARN  server.GrpcLogAppender (GrpcLogAppender.java:mayWait(143)) - 3eeab9a4-47d5-4980-9c6e-5102901e869a@group-75761DEE94FB->4f75c367-51e4-41c9-9287-4e8dd97f5c38-GrpcLogAppender: Wait interrupted by java.lang.InterruptedException
2019-10-09 13:05:08,251 [org.apache.ratis.server.impl.LogAppender$AppenderDaemon$$Lambda$493/462031746@5e96504a] WARN  server.GrpcLogAppender (GrpcLogAppender.java:mayWait(143)) - 3eeab9a4-47d5-4980-9c6e-5102901e869a@group-75761DEE94FB->f0cb1a3f-6ac7-4eb8-9514-6a797ff8471f-GrpcLogAppender: Wait interrupted by java.lang.InterruptedException
2019-10-09 13:05:08,251 [grpc-default-executor-7] INFO  impl.StateMachineUpdater (StateMachineUpdater.java:stopAndJoin(125)) - 3eeab9a4-47d5-4980-9c6e-5102901e869a@group-75761DEE94FB-StateMachineUpdater: set stopIndex = 0
2019-10-09 13:05:08,252 [grpc-default-executor-7] INFO  impl.RaftServerImpl (ServerState.java:close(385)) - 3eeab9a4-47d5-4980-9c6e-5102901e869a@group-75761DEE94FB: closes. applyIndex: 0
2019-10-09 13:05:08,252 [3eeab9a4-47d5-4980-9c6e-5102901e869a@group-75761DEE94FB-SegmentedRaftLogWorker] INFO  segmented.SegmentedRaftLogWorker (SegmentedRaftLogWorker.java:run(313)) - 3eeab9a4-47d5-4980-9c6e-5102901e869a@group-75761DEE94FB-SegmentedRaftLogWorker was interrupted, exiting. There are 0 tasks remaining in the queue.
2019-10-09 13:05:08,252 [grpc-default-executor-7] INFO  segmented.SegmentedRaftLogWorker (SegmentedRaftLogWorker.java:close(228)) - 3eeab9a4-47d5-4980-9c6e-5102901e869a@group-75761DEE94FB-SegmentedRaftLogWorker close()
2019-10-09 13:05:08,258 [RatisPipelineUtilsThread] INFO  pipeline.PipelineStateManager (PipelineStateManager.java:removePipeline(108)) - Pipeline Pipeline[ Id: dc025f63-628d-4b31-b53d-75761dee94fb, Nodes: f0cb1a3f-6ac7-4eb8-9514-6a797ff8471f{ip: 192.168.5.175, host: pr-hdds-1569-mfl88-1504498049, networkLocation: /default-rack, certSerialId: null}4f75c367-51e4-41c9-9287-4e8dd97f5c38{ip: 192.168.5.175, host: pr-hdds-1569-mfl88-1504498049, networkLocation: /default-rack, certSerialId: null}3eeab9a4-47d5-4980-9c6e-5102901e869a{ip: 192.168.5.175, host: pr-hdds-1569-mfl88-1504498049, networkLocation: /default-rack, certSerialId: null}, Type:RATIS, Factor:THREE, State:CLOSED] removed from db
2019-10-09 13:05:08,260 [RatisPipelineUtilsThread] WARN  pipeline.RatisPipelineUtils (RatisPipelineUtils.java:destroyPipeline(67)) - Pipeline destroy failed for pipeline=PipelineID=37c8a01b-3624-420c-8a61-153c1c6005e2 dn=f0cb1a3f-6ac7-4eb8-9514-6a797ff8471f{ip: 192.168.5.175, host: pr-hdds-1569-mfl88-1504498049, networkLocation: /default-rack, certSerialId: null}
2019-10-09 13:05:08,263 [grpc-default-executor-7] INFO  impl.RaftServerProxy (RaftServerProxy.java:remove(95)) - 3eeab9a4-47d5-4980-9c6e-5102901e869a: remove    LEADER 3eeab9a4-47d5-4980-9c6e-5102901e869a@group-153C1C6005E2:t1, leader=3eeab9a4-47d5-4980-9c6e-5102901e869a, voted=3eeab9a4-47d5-4980-9c6e-5102901e869a, raftlog=3eeab9a4-47d5-4980-9c6e-5102901e869a@group-153C1C6005E2-SegmentedRaftLog:OPENED:c0,f0,i0, conf=0: [4f75c367-51e4-41c9-9287-4e8dd97f5c38:192.168.5.175:40325, 3eeab9a4-47d5-4980-9c6e-5102901e869a:192.168.5.175:43254, f0cb1a3f-6ac7-4eb8-9514-6a797ff8471f:192.168.5.175:39769], old=null RUNNING
2019-10-09 13:05:08,263 [grpc-default-executor-7] INFO  impl.RaftServerImpl (RaftServerImpl.java:lambda$shutdown$3(251)) - 3eeab9a4-47d5-4980-9c6e-5102901e869a@group-153C1C6005E2: shutdown
2019-10-09 13:05:08,264 [grpc-default-executor-7] INFO  util.JmxRegister (JmxRegister.java:unregister(73)) - Successfully un-registered JMX Bean with object name Ratis:service=RaftServer,group=group-153C1C6005E2,id=3eeab9a4-47d5-4980-9c6e-5102901e869a
2019-10-09 13:05:08,264 [grpc-default-executor-7] INFO  impl.RoleInfo (RoleInfo.java:shutdownLeaderState(104)) - 3eeab9a4-47d5-4980-9c6e-5102901e869a: shutdown LeaderState
2019-10-09 13:05:08,267 [grpc-default-executor-7] INFO  impl.PendingRequests (PendingRequests.java:sendNotLeaderResponses(202)) - 3eeab9a4-47d5-4980-9c6e-5102901e869a-PendingRequests: sendNotLeaderResponses
2019-10-09 13:05:08,268 [org.apache.ratis.server.impl.LogAppender$AppenderDaemon$$Lambda$493/462031746@7b40a5ad] WARN  server.GrpcLogAppender (GrpcLogAppender.java:mayWait(143)) - 3eeab9a4-47d5-4980-9c6e-5102901e869a@group-153C1C6005E2->4f75c367-51e4-41c9-9287-4e8dd97f5c38-GrpcLogAppender: Wait interrupted by java.lang.InterruptedException
2019-10-09 13:05:08,268 [grpc-default-executor-7] INFO  impl.StateMachineUpdater (StateMachineUpdater.java:stopAndJoin(125)) - 3eeab9a4-47d5-4980-9c6e-5102901e869a@group-153C1C6005E2-StateMachineUpdater: set stopIndex = 0
2019-10-09 13:05:08,267 [org.apache.ratis.server.impl.LogAppender$AppenderDaemon$$Lambda$493/462031746@1da7e47b] WARN  server.GrpcLogAppender (GrpcLogAppender.java:mayWait(143)) - 3eeab9a4-47d5-4980-9c6e-5102901e869a@group-153C1C6005E2->f0cb1a3f-6ac7-4eb8-9514-6a797ff8471f-GrpcLogAppender: Wait interrupted by java.lang.InterruptedException
2019-10-09 13:05:08,268 [grpc-default-executor-7] INFO  impl.RaftServerImpl (ServerState.java:close(385)) - 3eeab9a4-47d5-4980-9c6e-5102901e869a@group-153C1C6005E2: closes. applyIndex: 0
2019-10-09 13:05:08,269 [3eeab9a4-47d5-4980-9c6e-5102901e869a@group-153C1C6005E2-SegmentedRaftLogWorker] INFO  segmented.SegmentedRaftLogWorker (SegmentedRaftLogWorker.java:run(313)) - 3eeab9a4-47d5-4980-9c6e-5102901e869a@group-153C1C6005E2-SegmentedRaftLogWorker was interrupted, exiting. There are 0 tasks remaining in the queue.
2019-10-09 13:05:08,269 [grpc-default-executor-7] INFO  segmented.SegmentedRaftLogWorker (SegmentedRaftLogWorker.java:close(228)) - 3eeab9a4-47d5-4980-9c6e-5102901e869a@group-153C1C6005E2-SegmentedRaftLogWorker close()
2019-10-09 13:05:08,288 [RatisPipelineUtilsThread] WARN  pipeline.RatisPipelineUtils (RatisPipelineUtils.java:destroyPipeline(67)) - Pipeline destroy failed for pipeline=PipelineID=37c8a01b-3624-420c-8a61-153c1c6005e2 dn=4f75c367-51e4-41c9-9287-4e8dd97f5c38{ip: 192.168.5.175, host: pr-hdds-1569-mfl88-1504498049, networkLocation: /default-rack, certSerialId: null}
2019-10-09 13:05:08,289 [RatisPipelineUtilsThread] INFO  pipeline.PipelineStateManager (PipelineStateManager.java:removePipeline(108)) - Pipeline Pipeline[ Id: 37c8a01b-3624-420c-8a61-153c1c6005e2, Nodes: f0cb1a3f-6ac7-4eb8-9514-6a797ff8471f{ip: 192.168.5.175, host: pr-hdds-1569-mfl88-1504498049, networkLocation: /default-rack, certSerialId: null}3eeab9a4-47d5-4980-9c6e-5102901e869a{ip: 192.168.5.175, host: pr-hdds-1569-mfl88-1504498049, networkLocation: /default-rack, certSerialId: null}4f75c367-51e4-41c9-9287-4e8dd97f5c38{ip: 192.168.5.175, host: pr-hdds-1569-mfl88-1504498049, networkLocation: /default-rack, certSerialId: null}, Type:RATIS, Factor:THREE, State:CLOSED] removed from db
2019-10-09 13:05:08,291 [RatisPipelineUtilsThread] WARN  pipeline.RatisPipelineUtils (RatisPipelineUtils.java:destroyPipeline(67)) - Pipeline destroy failed for pipeline=PipelineID=68a86807-51ce-4814-96be-f4de2f4d7e72 dn=4f75c367-51e4-41c9-9287-4e8dd97f5c38{ip: 192.168.5.175, host: pr-hdds-1569-mfl88-1504498049, networkLocation: /default-rack, certSerialId: null}
2019-10-09 13:05:08,295 [grpc-default-executor-7] INFO  impl.RaftServerProxy (RaftServerProxy.java:remove(95)) - 3eeab9a4-47d5-4980-9c6e-5102901e869a: remove  FOLLOWER 3eeab9a4-47d5-4980-9c6e-5102901e869a@group-F4DE2F4D7E72:t12, leader=null, voted=3eeab9a4-47d5-4980-9c6e-5102901e869a, raftlog=3eeab9a4-47d5-4980-9c6e-5102901e869a@group-F4DE2F4D7E72-SegmentedRaftLog:OPENED:c0,f0,i0, conf=0: [4f75c367-51e4-41c9-9287-4e8dd97f5c38:192.168.5.175:40325, 3eeab9a4-47d5-4980-9c6e-5102901e869a:192.168.5.175:43254, f0cb1a3f-6ac7-4eb8-9514-6a797ff8471f:192.168.5.175:39769], old=null RUNNING
2019-10-09 13:05:08,295 [grpc-default-executor-7] INFO  impl.RaftServerImpl (RaftServerImpl.java:lambda$shutdown$3(251)) - 3eeab9a4-47d5-4980-9c6e-5102901e869a@group-F4DE2F4D7E72: shutdown
2019-10-09 13:05:08,295 [grpc-default-executor-7] INFO  util.JmxRegister (JmxRegister.java:unregister(73)) - Successfully un-registered JMX Bean with object name Ratis:service=RaftServer,group=group-F4DE2F4D7E72,id=3eeab9a4-47d5-4980-9c6e-5102901e869a
2019-10-09 13:05:08,295 [grpc-default-executor-7] INFO  impl.RoleInfo (RoleInfo.java:shutdownFollowerState(121)) - 3eeab9a4-47d5-4980-9c6e-5102901e869a: shutdown FollowerState
2019-10-09 13:05:08,295 [grpc-default-executor-7] INFO  impl.StateMachineUpdater (StateMachineUpdater.java:stopAndJoin(125)) - 3eeab9a4-47d5-4980-9c6e-5102901e869a@group-F4DE2F4D7E72-StateMachineUpdater: set stopIndex = 0
2019-10-09 13:05:08,296 [Thread-855] INFO  impl.FollowerState (FollowerState.java:run(115)) - 3eeab9a4-47d5-4980-9c6e-5102901e869a: FollowerState was interrupted: java.lang.InterruptedException: sleep interrupted
2019-10-09 13:05:08,298 [grpc-default-executor-7] INFO  impl.RaftServerImpl (ServerState.java:close(385)) - 3eeab9a4-47d5-4980-9c6e-5102901e869a@group-F4DE2F4D7E72: closes. applyIndex: 0
2019-10-09 13:05:08,298 [3eeab9a4-47d5-4980-9c6e-5102901e869a@group-F4DE2F4D7E72-SegmentedRaftLogWorker] INFO  segmented.SegmentedRaftLogWorker (SegmentedRaftLogWorker.java:run(313)) - 3eeab9a4-47d5-4980-9c6e-5102901e869a@group-F4DE2F4D7E72-SegmentedRaftLogWorker was interrupted, exiting. There are 0 tasks remaining in the queue.
2019-10-09 13:05:08,299 [grpc-default-executor-7] INFO  segmented.SegmentedRaftLogWorker (SegmentedRaftLogWorker.java:close(228)) - 3eeab9a4-47d5-4980-9c6e-5102901e869a@group-F4DE2F4D7E72-SegmentedRaftLogWorker close()
2019-10-09 13:05:08,303 [RatisPipelineUtilsThread] WARN  pipeline.RatisPipelineUtils (RatisPipelineUtils.java:destroyPipeline(67)) - Pipeline destroy failed for pipeline=PipelineID=68a86807-51ce-4814-96be-f4de2f4d7e72 dn=f0cb1a3f-6ac7-4eb8-9514-6a797ff8471f{ip: 192.168.5.175, host: pr-hdds-1569-mfl88-1504498049, networkLocation: /default-rack, certSerialId: null}
2019-10-09 13:05:08,304 [RatisPipelineUtilsThread] INFO  pipeline.PipelineStateManager (PipelineStateManager.java:removePipeline(108)) - Pipeline Pipeline[ Id: 68a86807-51ce-4814-96be-f4de2f4d7e72, Nodes: 4f75c367-51e4-41c9-9287-4e8dd97f5c38{ip: 192.168.5.175, host: pr-hdds-1569-mfl88-1504498049, networkLocation: /default-rack, certSerialId: null}3eeab9a4-47d5-4980-9c6e-5102901e869a{ip: 192.168.5.175, host: pr-hdds-1569-mfl88-1504498049, networkLocation: /default-rack, certSerialId: null}f0cb1a3f-6ac7-4eb8-9514-6a797ff8471f{ip: 192.168.5.175, host: pr-hdds-1569-mfl88-1504498049, networkLocation: /default-rack, certSerialId: null}, Type:RATIS, Factor:THREE, State:CLOSED] removed from db
2019-10-09 13:05:08,306 [RatisPipelineUtilsThread] WARN  pipeline.RatisPipelineUtils (RatisPipelineUtils.java:destroyPipeline(67)) - Pipeline destroy failed for pipeline=PipelineID=1c735ac8-e1e7-4625-9f7b-c24d4fe0c6f2 dn=f0cb1a3f-6ac7-4eb8-9514-6a797ff8471f{ip: 192.168.5.175, host: pr-hdds-1569-mfl88-1504498049, networkLocation: /default-rack, certSerialId: null}
2019-10-09 13:05:08,308 [RatisPipelineUtilsThread] WARN  pipeline.RatisPipelineUtils (RatisPipelineUtils.java:destroyPipeline(67)) - Pipeline destroy failed for pipeline=PipelineID=1c735ac8-e1e7-4625-9f7b-c24d4fe0c6f2 dn=4f75c367-51e4-41c9-9287-4e8dd97f5c38{ip: 192.168.5.175, host: pr-hdds-1569-mfl88-1504498049, networkLocation: /default-rack, certSerialId: null}
2019-10-09 13:05:08,311 [grpc-default-executor-7] INFO  impl.RaftServerProxy (RaftServerProxy.java:remove(95)) - 3eeab9a4-47d5-4980-9c6e-5102901e869a: remove  FOLLOWER 3eeab9a4-47d5-4980-9c6e-5102901e869a@group-C24D4FE0C6F2:t13, leader=null, voted=3eeab9a4-47d5-4980-9c6e-5102901e869a, raftlog=3eeab9a4-47d5-4980-9c6e-5102901e869a@group-C24D4FE0C6F2-SegmentedRaftLog:OPENED:c16,f16,i16, conf=0: [4f75c367-51e4-41c9-9287-4e8dd97f5c38:192.168.5.175:40325, 3eeab9a4-47d5-4980-9c6e-5102901e869a:192.168.5.175:43254, f0cb1a3f-6ac7-4eb8-9514-6a797ff8471f:192.168.5.175:39769], old=null RUNNING
2019-10-09 13:05:08,311 [grpc-default-executor-7] INFO  impl.RaftServerImpl (RaftServerImpl.java:lambda$shutdown$3(251)) - 3eeab9a4-47d5-4980-9c6e-5102901e869a@group-C24D4FE0C6F2: shutdown
2019-10-09 13:05:08,311 [grpc-default-executor-7] INFO  util.JmxRegister (JmxRegister.java:unregister(73)) - Successfully un-registered JMX Bean with object name Ratis:service=RaftServer,group=group-C24D4FE0C6F2,id=3eeab9a4-47d5-4980-9c6e-5102901e869a
2019-10-09 13:05:08,311 [grpc-default-executor-7] INFO  impl.RoleInfo (RoleInfo.java:shutdownFollowerState(121)) - 3eeab9a4-47d5-4980-9c6e-5102901e869a: shutdown FollowerState
2019-10-09 13:05:08,312 [grpc-default-executor-7] INFO  impl.StateMachineUpdater (StateMachineUpdater.java:stopAndJoin(125)) - 3eeab9a4-47d5-4980-9c6e-5102901e869a@group-C24D4FE0C6F2-StateMachineUpdater: set stopIndex = 16
2019-10-09 13:05:08,312 [3eeab9a4-47d5-4980-9c6e-5102901e869a@group-C24D4FE0C6F2-StateMachineUpdater] INFO  ratis.ContainerStateMachine (ContainerStateMachine.java:takeSnapshot(289)) - group-C24D4FE0C6F2: Taking a snapshot at:(t:2, i:14) file /workdir/hadoop-ozone/integration-test/target/test-dir/MiniOzoneClusterImpl-92c4d179-1d16-4416-8bce-4538b25b782c/datanode-4/data/ratis/1c735ac8-e1e7-4625-9f7b-c24d4fe0c6f2/sm/snapshot.2_14
2019-10-09 13:05:08,312 [Thread-858] INFO  impl.FollowerState (FollowerState.java:run(115)) - 3eeab9a4-47d5-4980-9c6e-5102901e869a: FollowerState was interrupted: java.lang.InterruptedException: sleep interrupted
2019-10-09 13:05:08,339 [3eeab9a4-47d5-4980-9c6e-5102901e869a@group-C24D4FE0C6F2-StateMachineUpdater] INFO  ratis.ContainerStateMachine (ContainerStateMachine.java:takeSnapshot(300)) - group-C24D4FE0C6F2: Finished taking a snapshot at:(t:2, i:14) file:/workdir/hadoop-ozone/integration-test/target/test-dir/MiniOzoneClusterImpl-92c4d179-1d16-4416-8bce-4538b25b782c/datanode-4/data/ratis/1c735ac8-e1e7-4625-9f7b-c24d4fe0c6f2/sm/snapshot.2_14 time:28
2019-10-09 13:05:08,340 [3eeab9a4-47d5-4980-9c6e-5102901e869a@group-C24D4FE0C6F2-StateMachineUpdater] INFO  impl.StateMachineUpdater (StateMachineUpdater.java:takeSnapshot(258)) - 3eeab9a4-47d5-4980-9c6e-5102901e869a@group-C24D4FE0C6F2-StateMachineUpdater: Took a snapshot at index 14
2019-10-09 13:05:08,340 [3eeab9a4-47d5-4980-9c6e-5102901e869a@group-C24D4FE0C6F2-StateMachineUpdater] INFO  impl.StateMachineUpdater (StateMachineUpdater.java:lambda$new$0(83)) - 3eeab9a4-47d5-4980-9c6e-5102901e869a@group-C24D4FE0C6F2-StateMachineUpdater: snapshotIndex: updateIncreasingly -1 -> 14
2019-10-09 13:05:08,340 [3eeab9a4-47d5-4980-9c6e-5102901e869a@group-C24D4FE0C6F2-StateMachineUpdater] INFO  ratis.ContainerStateMachine (ContainerStateMachine.java:takeSnapshot(289)) - group-C24D4FE0C6F2: Taking a snapshot at:(t:2, i:14) file /workdir/hadoop-ozone/integration-test/target/test-dir/MiniOzoneClusterImpl-92c4d179-1d16-4416-8bce-4538b25b782c/datanode-4/data/ratis/1c735ac8-e1e7-4625-9f7b-c24d4fe0c6f2/sm/snapshot.2_14
2019-10-09 13:05:08,352 [3eeab9a4-47d5-4980-9c6e-5102901e869a@group-C24D4FE0C6F2-StateMachineUpdater] INFO  ratis.ContainerStateMachine (ContainerStateMachine.java:takeSnapshot(300)) - group-C24D4FE0C6F2: Finished taking a snapshot at:(t:2, i:14) file:/workdir/hadoop-ozone/integration-test/target/test-dir/MiniOzoneClusterImpl-92c4d179-1d16-4416-8bce-4538b25b782c/datanode-4/data/ratis/1c735ac8-e1e7-4625-9f7b-c24d4fe0c6f2/sm/snapshot.2_14 time:12
2019-10-09 13:05:08,353 [3eeab9a4-47d5-4980-9c6e-5102901e869a@group-C24D4FE0C6F2-StateMachineUpdater] INFO  impl.StateMachineUpdater (StateMachineUpdater.java:takeSnapshot(258)) - 3eeab9a4-47d5-4980-9c6e-5102901e869a@group-C24D4FE0C6F2-StateMachineUpdater: Took a snapshot at index 14
2019-10-09 13:05:08,353 [3eeab9a4-47d5-4980-9c6e-5102901e869a@group-C24D4FE0C6F2-StateMachineUpdater] INFO  impl.StateMachineUpdater (StateMachineUpdater.java:lambda$new$0(83)) - 3eeab9a4-47d5-4980-9c6e-5102901e869a@group-C24D4FE0C6F2-StateMachineUpdater: snapshotIndex: updateIncreasingly 14 -> 14
2019-10-09 13:05:08,353 [grpc-default-executor-7] INFO  impl.RaftServerImpl (ServerState.java:close(385)) - 3eeab9a4-47d5-4980-9c6e-5102901e869a@group-C24D4FE0C6F2: closes. applyIndex: 16
2019-10-09 13:05:08,353 [3eeab9a4-47d5-4980-9c6e-5102901e869a@group-C24D4FE0C6F2-SegmentedRaftLogWorker] INFO  segmented.SegmentedRaftLogWorker (SegmentedRaftLogWorker.java:run(313)) - 3eeab9a4-47d5-4980-9c6e-5102901e869a@group-C24D4FE0C6F2-SegmentedRaftLogWorker was interrupted, exiting. There are 0 tasks remaining in the queue.
2019-10-09 13:05:08,353 [grpc-default-executor-7] INFO  segmented.SegmentedRaftLogWorker (SegmentedRaftLogWorker.java:close(228)) - 3eeab9a4-47d5-4980-9c6e-5102901e869a@group-C24D4FE0C6F2-SegmentedRaftLogWorker close()
2019-10-09 13:05:08,366 [grpc-default-executor-7] INFO  interfaces.Container (KeyValueContainer.java:flushAndSyncDB(386)) - Container 1 is synced with bcsId 14.
2019-10-09 13:05:08,367 [grpc-default-executor-7] INFO  interfaces.Container (KeyValueContainer.java:flushAndSyncDB(386)) - Container 1 is synced with bcsId 14.
2019-10-09 13:05:08,384 [EventQueue-IncrementalContainerReportForIncrementalContainerReportHandler] INFO  container.IncrementalContainerReportHandler (AbstractContainerReportHandler.java:updateContainerState(169)) - Moving container #1 to QUASI_CLOSED state, datanode 3eeab9a4-47d5-4980-9c6e-5102901e869a{ip: 192.168.5.175, host: pr-hdds-1569-mfl88-1504498049, networkLocation: /default-rack, certSerialId: null} reported QUASI_CLOSED replica.
2019-10-09 13:05:08,385 [RatisPipelineUtilsThread] INFO  pipeline.PipelineStateManager (PipelineStateManager.java:removePipeline(108)) - Pipeline Pipeline[ Id: 1c735ac8-e1e7-4625-9f7b-c24d4fe0c6f2, Nodes: f0cb1a3f-6ac7-4eb8-9514-6a797ff8471f{ip: 192.168.5.175, host: pr-hdds-1569-mfl88-1504498049, networkLocation: /default-rack, certSerialId: null}4f75c367-51e4-41c9-9287-4e8dd97f5c38{ip: 192.168.5.175, host: pr-hdds-1569-mfl88-1504498049, networkLocation: /default-rack, certSerialId: null}3eeab9a4-47d5-4980-9c6e-5102901e869a{ip: 192.168.5.175, host: pr-hdds-1569-mfl88-1504498049, networkLocation: /default-rack, certSerialId: null}, Type:RATIS, Factor:THREE, State:CLOSED] removed from db
2019-10-09 13:05:08,389 [grpc-default-executor-7] INFO  impl.RaftServerProxy (RaftServerProxy.java:remove(95)) - 3eeab9a4-47d5-4980-9c6e-5102901e869a: remove    LEADER 3eeab9a4-47d5-4980-9c6e-5102901e869a@group-DDAC6CD64C05:t2, leader=3eeab9a4-47d5-4980-9c6e-5102901e869a, voted=3eeab9a4-47d5-4980-9c6e-5102901e869a, raftlog=3eeab9a4-47d5-4980-9c6e-5102901e869a@group-DDAC6CD64C05-SegmentedRaftLog:OPENED:c0,f0,i0, conf=0: [4f75c367-51e4-41c9-9287-4e8dd97f5c38:192.168.5.175:40325, 3eeab9a4-47d5-4980-9c6e-5102901e869a:192.168.5.175:43254, f0cb1a3f-6ac7-4eb8-9514-6a797ff8471f:192.168.5.175:39769], old=null RUNNING
2019-10-09 13:05:08,389 [grpc-default-executor-7] INFO  impl.RaftServerImpl (RaftServerImpl.java:lambda$shutdown$3(251)) - 3eeab9a4-47d5-4980-9c6e-5102901e869a@group-DDAC6CD64C05: shutdown
2019-10-09 13:05:08,389 [grpc-default-executor-7] INFO  util.JmxRegister (JmxRegister.java:unregister(73)) - Successfully un-registered JMX Bean with object name Ratis:service=RaftServer,group=group-DDAC6CD64C05,id=3eeab9a4-47d5-4980-9c6e-5102901e869a
2019-10-09 13:05:08,389 [grpc-default-executor-7] INFO  impl.RoleInfo (RoleInfo.java:shutdownLeaderState(104)) - 3eeab9a4-47d5-4980-9c6e-5102901e869a: shutdown LeaderState
2019-10-09 13:05:08,393 [grpc-default-executor-7] INFO  impl.PendingRequests (PendingRequests.java:sendNotLeaderResponses(202)) - 3eeab9a4-47d5-4980-9c6e-5102901e869a-PendingRequests: sendNotLeaderResponses
2019-10-09 13:05:08,393 [org.apache.ratis.server.impl.LogAppender$AppenderDaemon$$Lambda$493/462031746@3561f450] WARN  server.GrpcLogAppender (GrpcLogAppender.java:mayWait(143)) - 3eeab9a4-47d5-4980-9c6e-5102901e869a@group-DDAC6CD64C05->4f75c367-51e4-41c9-9287-4e8dd97f5c38-GrpcLogAppender: Wait interrupted by java.lang.InterruptedException
2019-10-09 13:05:08,393 [org.apache.ratis.server.impl.LogAppender$AppenderDaemon$$Lambda$493/462031746@17224cfb] WARN  server.GrpcLogAppender (GrpcLogAppender.java:mayWait(143)) - 3eeab9a4-47d5-4980-9c6e-5102901e869a@group-DDAC6CD64C05->f0cb1a3f-6ac7-4eb8-9514-6a797ff8471f-GrpcLogAppender: Wait interrupted by java.lang.InterruptedException
2019-10-09 13:05:08,393 [grpc-default-executor-7] INFO  impl.StateMachineUpdater (StateMachineUpdater.java:stopAndJoin(125)) - 3eeab9a4-47d5-4980-9c6e-5102901e869a@group-DDAC6CD64C05-StateMachineUpdater: set stopIndex = 0
2019-10-09 13:05:08,394 [grpc-default-executor-7] INFO  impl.RaftServerImpl (ServerState.java:close(385)) - 3eeab9a4-47d5-4980-9c6e-5102901e869a@group-DDAC6CD64C05: closes. applyIndex: 0
2019-10-09 13:05:08,394 [3eeab9a4-47d5-4980-9c6e-5102901e869a@group-DDAC6CD64C05-SegmentedRaftLogWorker] INFO  segmented.SegmentedRaftLogWorker (SegmentedRaftLogWorker.java:run(313)) - 3eeab9a4-47d5-4980-9c6e-5102901e869a@group-DDAC6CD64C05-SegmentedRaftLogWorker was interrupted, exiting. There are 0 tasks remaining in the queue.
2019-10-09 13:05:08,394 [grpc-default-executor-7] INFO  segmented.SegmentedRaftLogWorker (SegmentedRaftLogWorker.java:close(228)) - 3eeab9a4-47d5-4980-9c6e-5102901e869a@group-DDAC6CD64C05-SegmentedRaftLogWorker close()
2019-10-09 13:05:08,399 [RatisPipelineUtilsThread] WARN  pipeline.RatisPipelineUtils (RatisPipelineUtils.java:destroyPipeline(67)) - Pipeline destroy failed for pipeline=PipelineID=600c02ec-5a9f-45c6-8688-ddac6cd64c05 dn=f0cb1a3f-6ac7-4eb8-9514-6a797ff8471f{ip: 192.168.5.175, host: pr-hdds-1569-mfl88-1504498049, networkLocation: /default-rack, certSerialId: null}
2019-10-09 13:05:08,401 [RatisPipelineUtilsThread] WARN  pipeline.RatisPipelineUtils (RatisPipelineUtils.java:destroyPipeline(67)) - Pipeline destroy failed for pipeline=PipelineID=600c02ec-5a9f-45c6-8688-ddac6cd64c05 dn=4f75c367-51e4-41c9-9287-4e8dd97f5c38{ip: 192.168.5.175, host: pr-hdds-1569-mfl88-1504498049, networkLocation: /default-rack, certSerialId: null}
2019-10-09 13:05:08,401 [RatisPipelineUtilsThread] INFO  pipeline.PipelineStateManager (PipelineStateManager.java:removePipeline(108)) - Pipeline Pipeline[ Id: 600c02ec-5a9f-45c6-8688-ddac6cd64c05, Nodes: 3eeab9a4-47d5-4980-9c6e-5102901e869a{ip: 192.168.5.175, host: pr-hdds-1569-mfl88-1504498049, networkLocation: /default-rack, certSerialId: null}f0cb1a3f-6ac7-4eb8-9514-6a797ff8471f{ip: 192.168.5.175, host: pr-hdds-1569-mfl88-1504498049, networkLocation: /default-rack, certSerialId: null}4f75c367-51e4-41c9-9287-4e8dd97f5c38{ip: 192.168.5.175, host: pr-hdds-1569-mfl88-1504498049, networkLocation: /default-rack, certSerialId: null}, Type:RATIS, Factor:THREE, State:CLOSED] removed from db
2019-10-09 13:05:08,402 [RatisPipelineUtilsThread] ERROR pipeline.SCMPipelineManager (SCMPipelineManager.java:createPipeline(193)) - Pipeline creation failed.
org.apache.hadoop.hdds.scm.exceptions.SCMException: Cannot create pipeline of factor 1 using 0 nodes. Used 5 nodes.
	at org.apache.hadoop.hdds.scm.pipeline.RatisPipelineProvider.pickNodesNeverUsed(RatisPipelineProvider.java:115)
	at org.apache.hadoop.hdds.scm.pipeline.RatisPipelineProvider.create(RatisPipelineProvider.java:127)
	at org.apache.hadoop.hdds.scm.pipeline.PipelineFactory.create(PipelineFactory.java:58)
	at org.apache.hadoop.hdds.scm.pipeline.SCMPipelineManager.createPipeline(SCMPipelineManager.java:183)
	at org.apache.hadoop.hdds.scm.pipeline.BackgroundPipelineCreator.createPipelines(BackgroundPipelineCreator.java:100)
	at java.util.concurrent.Executors$RunnableAdapter.call(Executors.java:511)
	at java.util.concurrent.FutureTask.run(FutureTask.java:266)
	at java.util.concurrent.ScheduledThreadPoolExecutor$ScheduledFutureTask.access$201(ScheduledThreadPoolExecutor.java:180)
	at java.util.concurrent.ScheduledThreadPoolExecutor$ScheduledFutureTask.run(ScheduledThreadPoolExecutor.java:293)
	at java.util.concurrent.ThreadPoolExecutor.runWorker(ThreadPoolExecutor.java:1149)
	at java.util.concurrent.ThreadPoolExecutor$Worker.run(ThreadPoolExecutor.java:624)
	at java.lang.Thread.run(Thread.java:748)
2019-10-09 13:05:08,417 [grpc-default-executor-9] INFO  impl.RaftServerProxy (RaftServerProxy.java:addNew(89)) - a951a5ca-0ab5-470b-9716-44f820a131a6: addNew group-279687B9E8C5:[194018c8-bd25-415f-9941-0e401fd1a71b:192.168.5.175:36608, a951a5ca-0ab5-470b-9716-44f820a131a6:192.168.5.175:37446, 3eeab9a4-47d5-4980-9c6e-5102901e869a:192.168.5.175:43254] returns group-279687B9E8C5:java.util.concurrent.CompletableFuture@2defb58e[Not completed]
2019-10-09 13:05:08,417 [grpc-default-executor-7] INFO  impl.RaftServerProxy (RaftServerProxy.java:addNew(89)) - 3eeab9a4-47d5-4980-9c6e-5102901e869a: addNew group-279687B9E8C5:[194018c8-bd25-415f-9941-0e401fd1a71b:192.168.5.175:36608, a951a5ca-0ab5-470b-9716-44f820a131a6:192.168.5.175:37446, 3eeab9a4-47d5-4980-9c6e-5102901e869a:192.168.5.175:43254] returns group-279687B9E8C5:java.util.concurrent.CompletableFuture@6a019b1[Not completed]
2019-10-09 13:05:08,417 [grpc-default-executor-4] INFO  impl.RaftServerProxy (RaftServerProxy.java:addNew(89)) - 194018c8-bd25-415f-9941-0e401fd1a71b: addNew group-279687B9E8C5:[194018c8-bd25-415f-9941-0e401fd1a71b:192.168.5.175:36608, a951a5ca-0ab5-470b-9716-44f820a131a6:192.168.5.175:37446, 3eeab9a4-47d5-4980-9c6e-5102901e869a:192.168.5.175:43254] returns group-279687B9E8C5:java.util.concurrent.CompletableFuture@21b30e36[Not completed]
2019-10-09 13:05:08,420 [pool-77-thread-1] INFO  impl.RaftServerImpl (RaftServerImpl.java:<init>(95)) - a951a5ca-0ab5-470b-9716-44f820a131a6: new RaftServerImpl for group-279687B9E8C5:[194018c8-bd25-415f-9941-0e401fd1a71b:192.168.5.175:36608, a951a5ca-0ab5-470b-9716-44f820a131a6:192.168.5.175:37446, 3eeab9a4-47d5-4980-9c6e-5102901e869a:192.168.5.175:43254] with ContainerStateMachine:uninitialized
2019-10-09 13:05:08,420 [pool-77-thread-1] INFO  server.RaftServerConfigKeys (ConfUtils.java:logGet(43)) - raft.server.rpc.timeout.min = 5s (custom)
2019-10-09 13:05:08,420 [pool-77-thread-1] INFO  server.RaftServerConfigKeys (ConfUtils.java:logGet(43)) - raft.server.rpc.timeout.max = 5200ms (custom)
2019-10-09 13:05:08,420 [pool-77-thread-1] INFO  server.RaftServerConfigKeys (ConfUtils.java:logGet(43)) - raft.server.rpcslowness.timeout = 120s (custom)
2019-10-09 13:05:08,420 [pool-77-thread-1] INFO  server.RaftServerConfigKeys (ConfUtils.java:logGet(43)) - raft.server.sleep.deviation.threshold = 300 (default)
2019-10-09 13:05:08,420 [pool-77-thread-1] INFO  server.RaftServerConfigKeys (ConfUtils.java:logGet(43)) - raft.server.log.appender.install.snapshot.enabled = false (custom)
2019-10-09 13:05:08,421 [pool-77-thread-1] INFO  impl.RaftServerImpl (ServerState.java:<init>(103)) - a951a5ca-0ab5-470b-9716-44f820a131a6@group-279687B9E8C5: ConfigurationManager, init=-1: [194018c8-bd25-415f-9941-0e401fd1a71b:192.168.5.175:36608, a951a5ca-0ab5-470b-9716-44f820a131a6:192.168.5.175:37446, 3eeab9a4-47d5-4980-9c6e-5102901e869a:192.168.5.175:43254], old=null, confs=<EMPTY_MAP>
2019-10-09 13:05:08,421 [pool-67-thread-1] INFO  impl.RaftServerImpl (RaftServerImpl.java:<init>(95)) - 3eeab9a4-47d5-4980-9c6e-5102901e869a: new RaftServerImpl for group-279687B9E8C5:[194018c8-bd25-415f-9941-0e401fd1a71b:192.168.5.175:36608, a951a5ca-0ab5-470b-9716-44f820a131a6:192.168.5.175:37446, 3eeab9a4-47d5-4980-9c6e-5102901e869a:192.168.5.175:43254] with ContainerStateMachine:uninitialized
2019-10-09 13:05:08,421 [pool-77-thread-1] INFO  server.RaftServerConfigKeys (ConfUtils.java:logGet(43)) - raft.server.storage.dir = [/workdir/hadoop-ozone/integration-test/target/test-dir/MiniOzoneClusterImpl-92c4d179-1d16-4416-8bce-4538b25b782c/datanode-5/data/ratis] (custom)
2019-10-09 13:05:08,421 [pool-67-thread-1] INFO  server.RaftServerConfigKeys (ConfUtils.java:logGet(43)) - raft.server.rpc.timeout.min = 5s (custom)
2019-10-09 13:05:08,421 [pool-67-thread-1] INFO  server.RaftServerConfigKeys (ConfUtils.java:logGet(43)) - raft.server.rpc.timeout.max = 5200ms (custom)
2019-10-09 13:05:08,421 [pool-67-thread-1] INFO  server.RaftServerConfigKeys (ConfUtils.java:logGet(43)) - raft.server.rpcslowness.timeout = 120s (custom)
2019-10-09 13:05:08,421 [pool-77-thread-1] INFO  storage.RaftStorageDirectory (RaftStorageDirectory.java:analyzeStorage(246)) - The storage directory /workdir/hadoop-ozone/integration-test/target/test-dir/MiniOzoneClusterImpl-92c4d179-1d16-4416-8bce-4538b25b782c/datanode-5/data/ratis/a4b5fb1d-2135-408d-a6c6-279687b9e8c5 does not exist. Creating ...
2019-10-09 13:05:08,422 [pool-67-thread-1] INFO  server.RaftServerConfigKeys (ConfUtils.java:logGet(43)) - raft.server.sleep.deviation.threshold = 300 (default)
2019-10-09 13:05:08,422 [pool-57-thread-1] INFO  impl.RaftServerImpl (RaftServerImpl.java:<init>(95)) - 194018c8-bd25-415f-9941-0e401fd1a71b: new RaftServerImpl for group-279687B9E8C5:[194018c8-bd25-415f-9941-0e401fd1a71b:192.168.5.175:36608, a951a5ca-0ab5-470b-9716-44f820a131a6:192.168.5.175:37446, 3eeab9a4-47d5-4980-9c6e-5102901e869a:192.168.5.175:43254] with ContainerStateMachine:uninitialized
2019-10-09 13:05:08,422 [pool-67-thread-1] INFO  server.RaftServerConfigKeys (ConfUtils.java:logGet(43)) - raft.server.log.appender.install.snapshot.enabled = false (custom)
2019-10-09 13:05:08,422 [pool-57-thread-1] INFO  server.RaftServerConfigKeys (ConfUtils.java:logGet(43)) - raft.server.rpc.timeout.min = 5s (custom)
2019-10-09 13:05:08,422 [pool-67-thread-1] INFO  impl.RaftServerImpl (ServerState.java:<init>(103)) - 3eeab9a4-47d5-4980-9c6e-5102901e869a@group-279687B9E8C5: ConfigurationManager, init=-1: [194018c8-bd25-415f-9941-0e401fd1a71b:192.168.5.175:36608, a951a5ca-0ab5-470b-9716-44f820a131a6:192.168.5.175:37446, 3eeab9a4-47d5-4980-9c6e-5102901e869a:192.168.5.175:43254], old=null, confs=<EMPTY_MAP>
2019-10-09 13:05:08,422 [pool-57-thread-1] INFO  server.RaftServerConfigKeys (ConfUtils.java:logGet(43)) - raft.server.rpc.timeout.max = 5200ms (custom)
2019-10-09 13:05:08,423 [pool-67-thread-1] INFO  server.RaftServerConfigKeys (ConfUtils.java:logGet(43)) - raft.server.storage.dir = [/workdir/hadoop-ozone/integration-test/target/test-dir/MiniOzoneClusterImpl-92c4d179-1d16-4416-8bce-4538b25b782c/datanode-4/data/ratis] (custom)
2019-10-09 13:05:08,423 [pool-57-thread-1] INFO  server.RaftServerConfigKeys (ConfUtils.java:logGet(43)) - raft.server.rpcslowness.timeout = 120s (custom)
2019-10-09 13:05:08,423 [pool-57-thread-1] INFO  server.RaftServerConfigKeys (ConfUtils.java:logGet(43)) - raft.server.sleep.deviation.threshold = 300 (default)
2019-10-09 13:05:08,423 [pool-67-thread-1] INFO  storage.RaftStorageDirectory (RaftStorageDirectory.java:analyzeStorage(246)) - The storage directory /workdir/hadoop-ozone/integration-test/target/test-dir/MiniOzoneClusterImpl-92c4d179-1d16-4416-8bce-4538b25b782c/datanode-4/data/ratis/a4b5fb1d-2135-408d-a6c6-279687b9e8c5 does not exist. Creating ...
2019-10-09 13:05:08,423 [pool-57-thread-1] INFO  server.RaftServerConfigKeys (ConfUtils.java:logGet(43)) - raft.server.log.appender.install.snapshot.enabled = false (custom)
2019-10-09 13:05:08,423 [pool-57-thread-1] INFO  impl.RaftServerImpl (ServerState.java:<init>(103)) - 194018c8-bd25-415f-9941-0e401fd1a71b@group-279687B9E8C5: ConfigurationManager, init=-1: [194018c8-bd25-415f-9941-0e401fd1a71b:192.168.5.175:36608, a951a5ca-0ab5-470b-9716-44f820a131a6:192.168.5.175:37446, 3eeab9a4-47d5-4980-9c6e-5102901e869a:192.168.5.175:43254], old=null, confs=<EMPTY_MAP>
2019-10-09 13:05:08,424 [pool-57-thread-1] INFO  server.RaftServerConfigKeys (ConfUtils.java:logGet(43)) - raft.server.storage.dir = [/workdir/hadoop-ozone/integration-test/target/test-dir/MiniOzoneClusterImpl-92c4d179-1d16-4416-8bce-4538b25b782c/datanode-3/data/ratis] (custom)
2019-10-09 13:05:08,424 [pool-57-thread-1] INFO  storage.RaftStorageDirectory (RaftStorageDirectory.java:analyzeStorage(246)) - The storage directory /workdir/hadoop-ozone/integration-test/target/test-dir/MiniOzoneClusterImpl-92c4d179-1d16-4416-8bce-4538b25b782c/datanode-3/data/ratis/a4b5fb1d-2135-408d-a6c6-279687b9e8c5 does not exist. Creating ...
2019-10-09 13:05:08,447 [pool-57-thread-1] INFO  storage.RaftStorageDirectory (RaftStorageDirectory.java:tryLock(328)) - Lock on /workdir/hadoop-ozone/integration-test/target/test-dir/MiniOzoneClusterImpl-92c4d179-1d16-4416-8bce-4538b25b782c/datanode-3/data/ratis/a4b5fb1d-2135-408d-a6c6-279687b9e8c5/in_use.lock acquired by nodename 6401@pr-hdds-1569-mfl88-1504498049
2019-10-09 13:05:08,447 [pool-67-thread-1] INFO  storage.RaftStorageDirectory (RaftStorageDirectory.java:tryLock(328)) - Lock on /workdir/hadoop-ozone/integration-test/target/test-dir/MiniOzoneClusterImpl-92c4d179-1d16-4416-8bce-4538b25b782c/datanode-4/data/ratis/a4b5fb1d-2135-408d-a6c6-279687b9e8c5/in_use.lock acquired by nodename 6401@pr-hdds-1569-mfl88-1504498049
2019-10-09 13:05:08,447 [pool-77-thread-1] INFO  storage.RaftStorageDirectory (RaftStorageDirectory.java:tryLock(328)) - Lock on /workdir/hadoop-ozone/integration-test/target/test-dir/MiniOzoneClusterImpl-92c4d179-1d16-4416-8bce-4538b25b782c/datanode-5/data/ratis/a4b5fb1d-2135-408d-a6c6-279687b9e8c5/in_use.lock acquired by nodename 6401@pr-hdds-1569-mfl88-1504498049
2019-10-09 13:05:08,468 [pool-77-thread-1] INFO  storage.RaftStorage (RaftStorage.java:format(72)) - Storage directory /workdir/hadoop-ozone/integration-test/target/test-dir/MiniOzoneClusterImpl-92c4d179-1d16-4416-8bce-4538b25b782c/datanode-5/data/ratis/a4b5fb1d-2135-408d-a6c6-279687b9e8c5 has been successfully formatted.
2019-10-09 13:05:08,468 [pool-67-thread-1] INFO  storage.RaftStorage (RaftStorage.java:format(72)) - Storage directory /workdir/hadoop-ozone/integration-test/target/test-dir/MiniOzoneClusterImpl-92c4d179-1d16-4416-8bce-4538b25b782c/datanode-4/data/ratis/a4b5fb1d-2135-408d-a6c6-279687b9e8c5 has been successfully formatted.
2019-10-09 13:05:08,468 [pool-57-thread-1] INFO  storage.RaftStorage (RaftStorage.java:format(72)) - Storage directory /workdir/hadoop-ozone/integration-test/target/test-dir/MiniOzoneClusterImpl-92c4d179-1d16-4416-8bce-4538b25b782c/datanode-3/data/ratis/a4b5fb1d-2135-408d-a6c6-279687b9e8c5 has been successfully formatted.
2019-10-09 13:05:08,468 [pool-77-thread-1] INFO  ratis.ContainerStateMachine (ContainerStateMachine.java:loadSnapshot(230)) - group-279687B9E8C5: The snapshot info is null. Setting the last applied indexto:(t:0, i:~)
2019-10-09 13:05:08,468 [pool-67-thread-1] INFO  ratis.ContainerStateMachine (ContainerStateMachine.java:loadSnapshot(230)) - group-279687B9E8C5: The snapshot info is null. Setting the last applied indexto:(t:0, i:~)
2019-10-09 13:05:08,468 [pool-77-thread-1] INFO  server.RaftServerConfigKeys (ConfUtils.java:logGet(43)) - raft.server.notification.no-leader.timeout = 120s (custom)
2019-10-09 13:05:08,468 [pool-57-thread-1] INFO  ratis.ContainerStateMachine (ContainerStateMachine.java:loadSnapshot(230)) - group-279687B9E8C5: The snapshot info is null. Setting the last applied indexto:(t:0, i:~)
2019-10-09 13:05:08,469 [pool-77-thread-1] INFO  server.RaftServerConfigKeys (ConfUtils.java:logGet(43)) - raft.server.log.use.memory = false (default)
2019-10-09 13:05:08,469 [pool-67-thread-1] INFO  server.RaftServerConfigKeys (ConfUtils.java:logGet(43)) - raft.server.notification.no-leader.timeout = 120s (custom)
2019-10-09 13:05:08,469 [pool-77-thread-1] INFO  server.RaftServerConfigKeys (ConfUtils.java:logGet(43)) - raft.server.log.purge.gap = 1000000 (custom)
2019-10-09 13:05:08,469 [pool-57-thread-1] INFO  server.RaftServerConfigKeys (ConfUtils.java:logGet(43)) - raft.server.notification.no-leader.timeout = 120s (custom)
2019-10-09 13:05:08,469 [pool-77-thread-1] INFO  server.RaftServerConfigKeys (ConfUtils.java:logGet(43)) - raft.server.log.appender.buffer.byte-limit = 33554432 (custom)
2019-10-09 13:05:08,469 [pool-67-thread-1] INFO  server.RaftServerConfigKeys (ConfUtils.java:logGet(43)) - raft.server.log.use.memory = false (default)
2019-10-09 13:05:08,469 [pool-77-thread-1] INFO  server.RaftServerConfigKeys (ConfUtils.java:logGet(43)) - raft.server.log.segment.size.max = 1048576 (custom)
2019-10-09 13:05:08,469 [pool-57-thread-1] INFO  server.RaftServerConfigKeys (ConfUtils.java:logGet(43)) - raft.server.log.use.memory = false (default)
2019-10-09 13:05:08,470 [pool-77-thread-1] INFO  server.RaftServerConfigKeys (ConfUtils.java:logGet(43)) - raft.server.log.segment.cache.num.max = 2 (custom)
2019-10-09 13:05:08,470 [pool-67-thread-1] INFO  server.RaftServerConfigKeys (ConfUtils.java:logGet(43)) - raft.server.log.purge.gap = 1000000 (custom)
2019-10-09 13:05:08,470 [pool-77-thread-1] INFO  segmented.SegmentedRaftLogWorker (SegmentedRaftLogWorker.java:<init>(172)) - new a951a5ca-0ab5-470b-9716-44f820a131a6@group-279687B9E8C5-SegmentedRaftLogWorker for RaftStorage:Storage Directory /workdir/hadoop-ozone/integration-test/target/test-dir/MiniOzoneClusterImpl-92c4d179-1d16-4416-8bce-4538b25b782c/datanode-5/data/ratis/a4b5fb1d-2135-408d-a6c6-279687b9e8c5
2019-10-09 13:05:08,470 [pool-57-thread-1] INFO  server.RaftServerConfigKeys (ConfUtils.java:logGet(43)) - raft.server.log.purge.gap = 1000000 (custom)
2019-10-09 13:05:08,470 [pool-77-thread-1] INFO  server.RaftServerConfigKeys (ConfUtils.java:logGet(43)) - raft.server.log.queue.byte-limit = 2147483647 (custom)
2019-10-09 13:05:08,470 [pool-67-thread-1] INFO  server.RaftServerConfigKeys (ConfUtils.java:logGet(43)) - raft.server.log.appender.buffer.byte-limit = 33554432 (custom)
2019-10-09 13:05:08,470 [pool-77-thread-1] INFO  server.RaftServerConfigKeys (ConfUtils.java:logGet(43)) - raft.server.log.queue.element-limit = 1024 (custom)
2019-10-09 13:05:08,470 [pool-57-thread-1] INFO  server.RaftServerConfigKeys (ConfUtils.java:logGet(43)) - raft.server.log.appender.buffer.byte-limit = 33554432 (custom)
2019-10-09 13:05:08,471 [pool-77-thread-1] INFO  server.RaftServerConfigKeys (ConfUtils.java:logGet(43)) - raft.server.log.segment.size.max = 1048576 (custom)
2019-10-09 13:05:08,471 [pool-67-thread-1] INFO  server.RaftServerConfigKeys (ConfUtils.java:logGet(43)) - raft.server.log.segment.size.max = 1048576 (custom)
2019-10-09 13:05:08,471 [pool-77-thread-1] INFO  server.RaftServerConfigKeys (ConfUtils.java:logGet(43)) - raft.server.log.preallocated.size = 16384 (custom)
2019-10-09 13:05:08,471 [pool-57-thread-1] INFO  server.RaftServerConfigKeys (ConfUtils.java:logGet(43)) - raft.server.log.segment.size.max = 1048576 (custom)
2019-10-09 13:05:08,471 [pool-77-thread-1] INFO  server.RaftServerConfigKeys (ConfUtils.java:logGet(43)) - raft.server.log.write.buffer.size = 33554432 (custom)
2019-10-09 13:05:08,471 [pool-67-thread-1] INFO  server.RaftServerConfigKeys (ConfUtils.java:logGet(43)) - raft.server.log.segment.cache.num.max = 2 (custom)
2019-10-09 13:05:08,472 [pool-77-thread-1] INFO  server.RaftServerConfigKeys (ConfUtils.java:logGet(43)) - raft.server.log.force.sync.num = 128 (default)
2019-10-09 13:05:08,471 [pool-57-thread-1] INFO  server.RaftServerConfigKeys (ConfUtils.java:logGet(43)) - raft.server.log.segment.cache.num.max = 2 (custom)
2019-10-09 13:05:08,472 [pool-77-thread-1] INFO  server.RaftServerConfigKeys (ConfUtils.java:logGet(43)) - raft.server.log.statemachine.data.sync = true (default)
2019-10-09 13:05:08,472 [pool-67-thread-1] INFO  segmented.SegmentedRaftLogWorker (SegmentedRaftLogWorker.java:<init>(172)) - new 3eeab9a4-47d5-4980-9c6e-5102901e869a@group-279687B9E8C5-SegmentedRaftLogWorker for RaftStorage:Storage Directory /workdir/hadoop-ozone/integration-test/target/test-dir/MiniOzoneClusterImpl-92c4d179-1d16-4416-8bce-4538b25b782c/datanode-4/data/ratis/a4b5fb1d-2135-408d-a6c6-279687b9e8c5
2019-10-09 13:05:08,472 [pool-77-thread-1] INFO  server.RaftServerConfigKeys (ConfUtils.java:logGet(43)) - raft.server.log.statemachine.data.sync.timeout = 10s (default)
2019-10-09 13:05:08,472 [pool-57-thread-1] INFO  segmented.SegmentedRaftLogWorker (SegmentedRaftLogWorker.java:<init>(172)) - new 194018c8-bd25-415f-9941-0e401fd1a71b@group-279687B9E8C5-SegmentedRaftLogWorker for RaftStorage:Storage Directory /workdir/hadoop-ozone/integration-test/target/test-dir/MiniOzoneClusterImpl-92c4d179-1d16-4416-8bce-4538b25b782c/datanode-3/data/ratis/a4b5fb1d-2135-408d-a6c6-279687b9e8c5
2019-10-09 13:05:08,472 [pool-77-thread-1] INFO  server.RaftServerConfigKeys (ConfUtils.java:logGet(43)) - raft.server.log.statemachine.data.sync.timeout.retry = -1 (default)
2019-10-09 13:05:08,472 [pool-67-thread-1] INFO  server.RaftServerConfigKeys (ConfUtils.java:logGet(43)) - raft.server.log.queue.byte-limit = 2147483647 (custom)
2019-10-09 13:05:08,473 [pool-77-thread-1] INFO  server.RaftServerConfigKeys (ConfUtils.java:logGet(43)) - raft.server.log.statemachine.data.caching.enabled = true (custom)
2019-10-09 13:05:08,473 [pool-57-thread-1] INFO  server.RaftServerConfigKeys (ConfUtils.java:logGet(43)) - raft.server.log.queue.byte-limit = 2147483647 (custom)
2019-10-09 13:05:08,473 [pool-67-thread-1] INFO  server.RaftServerConfigKeys (ConfUtils.java:logGet(43)) - raft.server.log.queue.element-limit = 1024 (custom)
2019-10-09 13:05:08,473 [pool-77-thread-1] INFO  segmented.SegmentedRaftLogWorker (SegmentedRaftLogWorker.java:lambda$new$0(132)) - a951a5ca-0ab5-470b-9716-44f820a131a6@group-279687B9E8C5-SegmentedRaftLogWorker: flushIndex: setUnconditionally 0 -> -1
2019-10-09 13:05:08,473 [pool-57-thread-1] INFO  server.RaftServerConfigKeys (ConfUtils.java:logGet(43)) - raft.server.log.queue.element-limit = 1024 (custom)
2019-10-09 13:05:08,474 [pool-67-thread-1] INFO  server.RaftServerConfigKeys (ConfUtils.java:logGet(43)) - raft.server.log.segment.size.max = 1048576 (custom)
2019-10-09 13:05:08,474 [pool-57-thread-1] INFO  server.RaftServerConfigKeys (ConfUtils.java:logGet(43)) - raft.server.log.segment.size.max = 1048576 (custom)
2019-10-09 13:05:08,474 [pool-77-thread-1] INFO  server.RaftServerConfigKeys (ConfUtils.java:logGet(43)) - raft.server.snapshot.auto.trigger.enabled = true (custom)
2019-10-09 13:05:08,474 [pool-57-thread-1] INFO  server.RaftServerConfigKeys (ConfUtils.java:logGet(43)) - raft.server.log.preallocated.size = 16384 (custom)
2019-10-09 13:05:08,474 [pool-57-thread-1] INFO  server.RaftServerConfigKeys (ConfUtils.java:logGet(43)) - raft.server.log.write.buffer.size = 33554432 (custom)
2019-10-09 13:05:08,474 [pool-67-thread-1] INFO  server.RaftServerConfigKeys (ConfUtils.java:logGet(43)) - raft.server.log.preallocated.size = 16384 (custom)
2019-10-09 13:05:08,474 [pool-57-thread-1] INFO  server.RaftServerConfigKeys (ConfUtils.java:logGet(43)) - raft.server.log.force.sync.num = 128 (default)
2019-10-09 13:05:08,474 [pool-77-thread-1] INFO  server.RaftServerConfigKeys (ConfUtils.java:logGet(43)) - raft.server.snapshot.auto.trigger.threshold = 10000 (custom)
2019-10-09 13:05:08,475 [pool-57-thread-1] INFO  server.RaftServerConfigKeys (ConfUtils.java:logGet(43)) - raft.server.log.statemachine.data.sync = true (default)
2019-10-09 13:05:08,475 [pool-67-thread-1] INFO  server.RaftServerConfigKeys (ConfUtils.java:logGet(43)) - raft.server.log.write.buffer.size = 33554432 (custom)
2019-10-09 13:05:08,475 [pool-57-thread-1] INFO  server.RaftServerConfigKeys (ConfUtils.java:logGet(43)) - raft.server.log.statemachine.data.sync.timeout = 10s (default)
2019-10-09 13:05:08,475 [pool-77-thread-1] INFO  server.RaftServerConfigKeys (ConfUtils.java:logGet(43)) - raft.server.snapshot.retention.num.files = 5 (custom)
2019-10-09 13:05:08,475 [pool-57-thread-1] INFO  server.RaftServerConfigKeys (ConfUtils.java:logGet(43)) - raft.server.log.statemachine.data.sync.timeout.retry = -1 (default)
2019-10-09 13:05:08,475 [pool-67-thread-1] INFO  server.RaftServerConfigKeys (ConfUtils.java:logGet(43)) - raft.server.log.force.sync.num = 128 (default)
2019-10-09 13:05:08,476 [pool-57-thread-1] INFO  server.RaftServerConfigKeys (ConfUtils.java:logGet(43)) - raft.server.log.statemachine.data.caching.enabled = true (custom)
2019-10-09 13:05:08,475 [pool-77-thread-1] INFO  server.RaftServerConfigKeys (ConfUtils.java:logGet(43)) - raft.server.retrycache.expirytime = 600000ms (custom)
2019-10-09 13:05:08,476 [pool-57-thread-1] INFO  segmented.SegmentedRaftLogWorker (SegmentedRaftLogWorker.java:lambda$new$0(132)) - 194018c8-bd25-415f-9941-0e401fd1a71b@group-279687B9E8C5-SegmentedRaftLogWorker: flushIndex: setUnconditionally 0 -> -1
2019-10-09 13:05:08,476 [pool-67-thread-1] INFO  server.RaftServerConfigKeys (ConfUtils.java:logGet(43)) - raft.server.log.statemachine.data.sync = true (default)
2019-10-09 13:05:08,476 [pool-57-thread-1] INFO  server.RaftServerConfigKeys (ConfUtils.java:logGet(43)) - raft.server.snapshot.auto.trigger.enabled = true (custom)
2019-10-09 13:05:08,476 [pool-67-thread-1] INFO  server.RaftServerConfigKeys (ConfUtils.java:logGet(43)) - raft.server.log.statemachine.data.sync.timeout = 10s (default)
2019-10-09 13:05:08,476 [pool-57-thread-1] INFO  server.RaftServerConfigKeys (ConfUtils.java:logGet(43)) - raft.server.snapshot.auto.trigger.threshold = 10000 (custom)
2019-10-09 13:05:08,477 [pool-67-thread-1] INFO  server.RaftServerConfigKeys (ConfUtils.java:logGet(43)) - raft.server.log.statemachine.data.sync.timeout.retry = -1 (default)
2019-10-09 13:05:08,477 [pool-57-thread-1] INFO  server.RaftServerConfigKeys (ConfUtils.java:logGet(43)) - raft.server.snapshot.retention.num.files = 5 (custom)
2019-10-09 13:05:08,477 [pool-67-thread-1] INFO  server.RaftServerConfigKeys (ConfUtils.java:logGet(43)) - raft.server.log.statemachine.data.caching.enabled = true (custom)
2019-10-09 13:05:08,477 [pool-57-thread-1] INFO  server.RaftServerConfigKeys (ConfUtils.java:logGet(43)) - raft.server.retrycache.expirytime = 600000ms (custom)
2019-10-09 13:05:08,477 [pool-67-thread-1] INFO  segmented.SegmentedRaftLogWorker (SegmentedRaftLogWorker.java:lambda$new$0(132)) - 3eeab9a4-47d5-4980-9c6e-5102901e869a@group-279687B9E8C5-SegmentedRaftLogWorker: flushIndex: setUnconditionally 0 -> -1
2019-10-09 13:05:08,478 [pool-67-thread-1] INFO  server.RaftServerConfigKeys (ConfUtils.java:logGet(43)) - raft.server.snapshot.auto.trigger.enabled = true (custom)
2019-10-09 13:05:08,478 [pool-67-thread-1] INFO  server.RaftServerConfigKeys (ConfUtils.java:logGet(43)) - raft.server.snapshot.auto.trigger.threshold = 10000 (custom)
2019-10-09 13:05:08,478 [pool-67-thread-1] INFO  server.RaftServerConfigKeys (ConfUtils.java:logGet(43)) - raft.server.snapshot.retention.num.files = 5 (custom)
2019-10-09 13:05:08,478 [pool-67-thread-1] INFO  server.RaftServerConfigKeys (ConfUtils.java:logGet(43)) - raft.server.retrycache.expirytime = 600000ms (custom)
2019-10-09 13:05:08,479 [pool-77-thread-1] INFO  impl.RaftServerImpl (RaftServerImpl.java:start(185)) - a951a5ca-0ab5-470b-9716-44f820a131a6@group-279687B9E8C5: start as a follower, conf=-1: [194018c8-bd25-415f-9941-0e401fd1a71b:192.168.5.175:36608, a951a5ca-0ab5-470b-9716-44f820a131a6:192.168.5.175:37446, 3eeab9a4-47d5-4980-9c6e-5102901e869a:192.168.5.175:43254], old=null
2019-10-09 13:05:08,479 [pool-77-thread-1] INFO  impl.RaftServerImpl (RaftServerImpl.java:setRole(174)) - a951a5ca-0ab5-470b-9716-44f820a131a6@group-279687B9E8C5: changes role from      null to FOLLOWER at term 0 for startAsFollower
2019-10-09 13:05:08,479 [pool-77-thread-1] INFO  impl.RoleInfo (RoleInfo.java:updateAndGet(143)) - a951a5ca-0ab5-470b-9716-44f820a131a6: start FollowerState
2019-10-09 13:05:08,479 [pool-57-thread-1] INFO  impl.RaftServerImpl (RaftServerImpl.java:start(185)) - 194018c8-bd25-415f-9941-0e401fd1a71b@group-279687B9E8C5: start as a follower, conf=-1: [194018c8-bd25-415f-9941-0e401fd1a71b:192.168.5.175:36608, a951a5ca-0ab5-470b-9716-44f820a131a6:192.168.5.175:37446, 3eeab9a4-47d5-4980-9c6e-5102901e869a:192.168.5.175:43254], old=null
2019-10-09 13:05:08,480 [pool-57-thread-1] INFO  impl.RaftServerImpl (RaftServerImpl.java:setRole(174)) - 194018c8-bd25-415f-9941-0e401fd1a71b@group-279687B9E8C5: changes role from      null to FOLLOWER at term 0 for startAsFollower
2019-10-09 13:05:08,480 [pool-57-thread-1] INFO  impl.RoleInfo (RoleInfo.java:updateAndGet(143)) - 194018c8-bd25-415f-9941-0e401fd1a71b: start FollowerState
2019-10-09 13:05:08,480 [pool-77-thread-1] INFO  util.JmxRegister (JmxRegister.java:tryRegister(44)) - Successfully registered JMX Bean with object name Ratis:service=RaftServer,group=group-279687B9E8C5,id=a951a5ca-0ab5-470b-9716-44f820a131a6
2019-10-09 13:05:08,480 [pool-57-thread-1] INFO  util.JmxRegister (JmxRegister.java:tryRegister(44)) - Successfully registered JMX Bean with object name Ratis:service=RaftServer,group=group-279687B9E8C5,id=194018c8-bd25-415f-9941-0e401fd1a71b
2019-10-09 13:05:08,482 [pool-67-thread-1] INFO  impl.RaftServerImpl (RaftServerImpl.java:start(185)) - 3eeab9a4-47d5-4980-9c6e-5102901e869a@group-279687B9E8C5: start as a follower, conf=-1: [194018c8-bd25-415f-9941-0e401fd1a71b:192.168.5.175:36608, a951a5ca-0ab5-470b-9716-44f820a131a6:192.168.5.175:37446, 3eeab9a4-47d5-4980-9c6e-5102901e869a:192.168.5.175:43254], old=null
2019-10-09 13:05:08,482 [pool-67-thread-1] INFO  impl.RaftServerImpl (RaftServerImpl.java:setRole(174)) - 3eeab9a4-47d5-4980-9c6e-5102901e869a@group-279687B9E8C5: changes role from      null to FOLLOWER at term 0 for startAsFollower
2019-10-09 13:05:08,483 [pool-67-thread-1] INFO  impl.RoleInfo (RoleInfo.java:updateAndGet(143)) - 3eeab9a4-47d5-4980-9c6e-5102901e869a: start FollowerState
2019-10-09 13:05:08,483 [pool-67-thread-1] INFO  util.JmxRegister (JmxRegister.java:tryRegister(44)) - Successfully registered JMX Bean with object name Ratis:service=RaftServer,group=group-279687B9E8C5,id=3eeab9a4-47d5-4980-9c6e-5102901e869a
2019-10-09 13:05:08,485 [RatisPipelineUtilsThread] INFO  pipeline.PipelineStateManager (PipelineStateManager.java:addPipeline(56)) - Created pipeline Pipeline[ Id: a4b5fb1d-2135-408d-a6c6-279687b9e8c5, Nodes: a951a5ca-0ab5-470b-9716-44f820a131a6{ip: 192.168.5.175, host: pr-hdds-1569-mfl88-1504498049, networkLocation: /default-rack, certSerialId: null}194018c8-bd25-415f-9941-0e401fd1a71b{ip: 192.168.5.175, host: pr-hdds-1569-mfl88-1504498049, networkLocation: /default-rack, certSerialId: null}3eeab9a4-47d5-4980-9c6e-5102901e869a{ip: 192.168.5.175, host: pr-hdds-1569-mfl88-1504498049, networkLocation: /default-rack, certSerialId: null}, Type:RATIS, Factor:THREE, State:OPEN]
2019-10-09 13:05:08,490 [grpc-default-executor-9] INFO  impl.RaftServerProxy (RaftServerProxy.java:addNew(89)) - a951a5ca-0ab5-470b-9716-44f820a131a6: addNew group-9802512AA034:[194018c8-bd25-415f-9941-0e401fd1a71b:192.168.5.175:36608, a951a5ca-0ab5-470b-9716-44f820a131a6:192.168.5.175:37446, 3eeab9a4-47d5-4980-9c6e-5102901e869a:192.168.5.175:43254] returns group-9802512AA034:java.util.concurrent.CompletableFuture@34e1deef[Not completed]
2019-10-09 13:05:08,490 [grpc-default-executor-4] INFO  impl.RaftServerProxy (RaftServerProxy.java:addNew(89)) - 194018c8-bd25-415f-9941-0e401fd1a71b: addNew group-9802512AA034:[194018c8-bd25-415f-9941-0e401fd1a71b:192.168.5.175:36608, a951a5ca-0ab5-470b-9716-44f820a131a6:192.168.5.175:37446, 3eeab9a4-47d5-4980-9c6e-5102901e869a:192.168.5.175:43254] returns group-9802512AA034:java.util.concurrent.CompletableFuture@5f9e35eb[Not completed]
2019-10-09 13:05:08,490 [grpc-default-executor-7] INFO  impl.RaftServerProxy (RaftServerProxy.java:addNew(89)) - 3eeab9a4-47d5-4980-9c6e-5102901e869a: addNew group-9802512AA034:[194018c8-bd25-415f-9941-0e401fd1a71b:192.168.5.175:36608, a951a5ca-0ab5-470b-9716-44f820a131a6:192.168.5.175:37446, 3eeab9a4-47d5-4980-9c6e-5102901e869a:192.168.5.175:43254] returns group-9802512AA034:java.util.concurrent.CompletableFuture@6261e470[Not completed]
2019-10-09 13:05:08,492 [pool-57-thread-1] INFO  impl.RaftServerImpl (RaftServerImpl.java:<init>(95)) - 194018c8-bd25-415f-9941-0e401fd1a71b: new RaftServerImpl for group-9802512AA034:[194018c8-bd25-415f-9941-0e401fd1a71b:192.168.5.175:36608, a951a5ca-0ab5-470b-9716-44f820a131a6:192.168.5.175:37446, 3eeab9a4-47d5-4980-9c6e-5102901e869a:192.168.5.175:43254] with ContainerStateMachine:uninitialized
2019-10-09 13:05:08,492 [pool-57-thread-1] INFO  server.RaftServerConfigKeys (ConfUtils.java:logGet(43)) - raft.server.rpc.timeout.min = 5s (custom)
2019-10-09 13:05:08,492 [pool-57-thread-1] INFO  server.RaftServerConfigKeys (ConfUtils.java:logGet(43)) - raft.server.rpc.timeout.max = 5200ms (custom)
2019-10-09 13:05:08,492 [pool-57-thread-1] INFO  server.RaftServerConfigKeys (ConfUtils.java:logGet(43)) - raft.server.rpcslowness.timeout = 120s (custom)
2019-10-09 13:05:08,492 [pool-57-thread-1] INFO  server.RaftServerConfigKeys (ConfUtils.java:logGet(43)) - raft.server.sleep.deviation.threshold = 300 (default)
2019-10-09 13:05:08,492 [pool-77-thread-1] INFO  impl.RaftServerImpl (RaftServerImpl.java:<init>(95)) - a951a5ca-0ab5-470b-9716-44f820a131a6: new RaftServerImpl for group-9802512AA034:[194018c8-bd25-415f-9941-0e401fd1a71b:192.168.5.175:36608, a951a5ca-0ab5-470b-9716-44f820a131a6:192.168.5.175:37446, 3eeab9a4-47d5-4980-9c6e-5102901e869a:192.168.5.175:43254] with ContainerStateMachine:uninitialized
2019-10-09 13:05:08,492 [pool-57-thread-1] INFO  server.RaftServerConfigKeys (ConfUtils.java:logGet(43)) - raft.server.log.appender.install.snapshot.enabled = false (custom)
2019-10-09 13:05:08,492 [pool-77-thread-1] INFO  server.RaftServerConfigKeys (ConfUtils.java:logGet(43)) - raft.server.rpc.timeout.min = 5s (custom)
2019-10-09 13:05:08,493 [pool-57-thread-1] INFO  impl.RaftServerImpl (ServerState.java:<init>(103)) - 194018c8-bd25-415f-9941-0e401fd1a71b@group-9802512AA034: ConfigurationManager, init=-1: [194018c8-bd25-415f-9941-0e401fd1a71b:192.168.5.175:36608, a951a5ca-0ab5-470b-9716-44f820a131a6:192.168.5.175:37446, 3eeab9a4-47d5-4980-9c6e-5102901e869a:192.168.5.175:43254], old=null, confs=<EMPTY_MAP>
2019-10-09 13:05:08,493 [pool-77-thread-1] INFO  server.RaftServerConfigKeys (ConfUtils.java:logGet(43)) - raft.server.rpc.timeout.max = 5200ms (custom)
2019-10-09 13:05:08,493 [pool-57-thread-1] INFO  server.RaftServerConfigKeys (ConfUtils.java:logGet(43)) - raft.server.storage.dir = [/workdir/hadoop-ozone/integration-test/target/test-dir/MiniOzoneClusterImpl-92c4d179-1d16-4416-8bce-4538b25b782c/datanode-3/data/ratis] (custom)
2019-10-09 13:05:08,493 [pool-77-thread-1] INFO  server.RaftServerConfigKeys (ConfUtils.java:logGet(43)) - raft.server.rpcslowness.timeout = 120s (custom)
2019-10-09 13:05:08,493 [pool-77-thread-1] INFO  server.RaftServerConfigKeys (ConfUtils.java:logGet(43)) - raft.server.sleep.deviation.threshold = 300 (default)
2019-10-09 13:05:08,493 [pool-77-thread-1] INFO  server.RaftServerConfigKeys (ConfUtils.java:logGet(43)) - raft.server.log.appender.install.snapshot.enabled = false (custom)
2019-10-09 13:05:08,493 [pool-57-thread-1] INFO  storage.RaftStorageDirectory (RaftStorageDirectory.java:analyzeStorage(246)) - The storage directory /workdir/hadoop-ozone/integration-test/target/test-dir/MiniOzoneClusterImpl-92c4d179-1d16-4416-8bce-4538b25b782c/datanode-3/data/ratis/ecad9feb-35ca-4082-b7b2-9802512aa034 does not exist. Creating ...
2019-10-09 13:05:08,493 [pool-77-thread-1] INFO  impl.RaftServerImpl (ServerState.java:<init>(103)) - a951a5ca-0ab5-470b-9716-44f820a131a6@group-9802512AA034: ConfigurationManager, init=-1: [194018c8-bd25-415f-9941-0e401fd1a71b:192.168.5.175:36608, a951a5ca-0ab5-470b-9716-44f820a131a6:192.168.5.175:37446, 3eeab9a4-47d5-4980-9c6e-5102901e869a:192.168.5.175:43254], old=null, confs=<EMPTY_MAP>
2019-10-09 13:05:08,493 [pool-67-thread-1] INFO  impl.RaftServerImpl (RaftServerImpl.java:<init>(95)) - 3eeab9a4-47d5-4980-9c6e-5102901e869a: new RaftServerImpl for group-9802512AA034:[194018c8-bd25-415f-9941-0e401fd1a71b:192.168.5.175:36608, a951a5ca-0ab5-470b-9716-44f820a131a6:192.168.5.175:37446, 3eeab9a4-47d5-4980-9c6e-5102901e869a:192.168.5.175:43254] with ContainerStateMachine:uninitialized
2019-10-09 13:05:08,493 [pool-77-thread-1] INFO  server.RaftServerConfigKeys (ConfUtils.java:logGet(43)) - raft.server.storage.dir = [/workdir/hadoop-ozone/integration-test/target/test-dir/MiniOzoneClusterImpl-92c4d179-1d16-4416-8bce-4538b25b782c/datanode-5/data/ratis] (custom)
2019-10-09 13:05:08,493 [pool-67-thread-1] INFO  server.RaftServerConfigKeys (ConfUtils.java:logGet(43)) - raft.server.rpc.timeout.min = 5s (custom)
2019-10-09 13:05:08,494 [pool-67-thread-1] INFO  server.RaftServerConfigKeys (ConfUtils.java:logGet(43)) - raft.server.rpc.timeout.max = 5200ms (custom)
2019-10-09 13:05:08,494 [pool-77-thread-1] INFO  storage.RaftStorageDirectory (RaftStorageDirectory.java:analyzeStorage(246)) - The storage directory /workdir/hadoop-ozone/integration-test/target/test-dir/MiniOzoneClusterImpl-92c4d179-1d16-4416-8bce-4538b25b782c/datanode-5/data/ratis/ecad9feb-35ca-4082-b7b2-9802512aa034 does not exist. Creating ...
2019-10-09 13:05:08,494 [pool-67-thread-1] INFO  server.RaftServerConfigKeys (ConfUtils.java:logGet(43)) - raft.server.rpcslowness.timeout = 120s (custom)
2019-10-09 13:05:08,494 [pool-67-thread-1] INFO  server.RaftServerConfigKeys (ConfUtils.java:logGet(43)) - raft.server.sleep.deviation.threshold = 300 (default)
2019-10-09 13:05:08,494 [pool-67-thread-1] INFO  server.RaftServerConfigKeys (ConfUtils.java:logGet(43)) - raft.server.log.appender.install.snapshot.enabled = false (custom)
2019-10-09 13:05:08,494 [pool-67-thread-1] INFO  impl.RaftServerImpl (ServerState.java:<init>(103)) - 3eeab9a4-47d5-4980-9c6e-5102901e869a@group-9802512AA034: ConfigurationManager, init=-1: [194018c8-bd25-415f-9941-0e401fd1a71b:192.168.5.175:36608, a951a5ca-0ab5-470b-9716-44f820a131a6:192.168.5.175:37446, 3eeab9a4-47d5-4980-9c6e-5102901e869a:192.168.5.175:43254], old=null, confs=<EMPTY_MAP>
2019-10-09 13:05:08,495 [pool-67-thread-1] INFO  server.RaftServerConfigKeys (ConfUtils.java:logGet(43)) - raft.server.storage.dir = [/workdir/hadoop-ozone/integration-test/target/test-dir/MiniOzoneClusterImpl-92c4d179-1d16-4416-8bce-4538b25b782c/datanode-4/data/ratis] (custom)
2019-10-09 13:05:08,495 [pool-67-thread-1] INFO  storage.RaftStorageDirectory (RaftStorageDirectory.java:analyzeStorage(246)) - The storage directory /workdir/hadoop-ozone/integration-test/target/test-dir/MiniOzoneClusterImpl-92c4d179-1d16-4416-8bce-4538b25b782c/datanode-4/data/ratis/ecad9feb-35ca-4082-b7b2-9802512aa034 does not exist. Creating ...
2019-10-09 13:05:08,507 [pool-57-thread-1] INFO  storage.RaftStorageDirectory (RaftStorageDirectory.java:tryLock(328)) - Lock on /workdir/hadoop-ozone/integration-test/target/test-dir/MiniOzoneClusterImpl-92c4d179-1d16-4416-8bce-4538b25b782c/datanode-3/data/ratis/ecad9feb-35ca-4082-b7b2-9802512aa034/in_use.lock acquired by nodename 6401@pr-hdds-1569-mfl88-1504498049
2019-10-09 13:05:08,507 [pool-67-thread-1] INFO  storage.RaftStorageDirectory (RaftStorageDirectory.java:tryLock(328)) - Lock on /workdir/hadoop-ozone/integration-test/target/test-dir/MiniOzoneClusterImpl-92c4d179-1d16-4416-8bce-4538b25b782c/datanode-4/data/ratis/ecad9feb-35ca-4082-b7b2-9802512aa034/in_use.lock acquired by nodename 6401@pr-hdds-1569-mfl88-1504498049
2019-10-09 13:05:08,507 [pool-77-thread-1] INFO  storage.RaftStorageDirectory (RaftStorageDirectory.java:tryLock(328)) - Lock on /workdir/hadoop-ozone/integration-test/target/test-dir/MiniOzoneClusterImpl-92c4d179-1d16-4416-8bce-4538b25b782c/datanode-5/data/ratis/ecad9feb-35ca-4082-b7b2-9802512aa034/in_use.lock acquired by nodename 6401@pr-hdds-1569-mfl88-1504498049
2019-10-09 13:05:08,532 [pool-57-thread-1] INFO  storage.RaftStorage (RaftStorage.java:format(72)) - Storage directory /workdir/hadoop-ozone/integration-test/target/test-dir/MiniOzoneClusterImpl-92c4d179-1d16-4416-8bce-4538b25b782c/datanode-3/data/ratis/ecad9feb-35ca-4082-b7b2-9802512aa034 has been successfully formatted.
2019-10-09 13:05:08,532 [pool-67-thread-1] INFO  storage.RaftStorage (RaftStorage.java:format(72)) - Storage directory /workdir/hadoop-ozone/integration-test/target/test-dir/MiniOzoneClusterImpl-92c4d179-1d16-4416-8bce-4538b25b782c/datanode-4/data/ratis/ecad9feb-35ca-4082-b7b2-9802512aa034 has been successfully formatted.
2019-10-09 13:05:08,532 [pool-77-thread-1] INFO  storage.RaftStorage (RaftStorage.java:format(72)) - Storage directory /workdir/hadoop-ozone/integration-test/target/test-dir/MiniOzoneClusterImpl-92c4d179-1d16-4416-8bce-4538b25b782c/datanode-5/data/ratis/ecad9feb-35ca-4082-b7b2-9802512aa034 has been successfully formatted.
2019-10-09 13:05:08,532 [pool-57-thread-1] INFO  ratis.ContainerStateMachine (ContainerStateMachine.java:loadSnapshot(230)) - group-9802512AA034: The snapshot info is null. Setting the last applied indexto:(t:0, i:~)
2019-10-09 13:05:08,532 [pool-67-thread-1] INFO  ratis.ContainerStateMachine (ContainerStateMachine.java:loadSnapshot(230)) - group-9802512AA034: The snapshot info is null. Setting the last applied indexto:(t:0, i:~)
2019-10-09 13:05:08,532 [pool-77-thread-1] INFO  ratis.ContainerStateMachine (ContainerStateMachine.java:loadSnapshot(230)) - group-9802512AA034: The snapshot info is null. Setting the last applied indexto:(t:0, i:~)
2019-10-09 13:05:08,532 [pool-57-thread-1] INFO  server.RaftServerConfigKeys (ConfUtils.java:logGet(43)) - raft.server.notification.no-leader.timeout = 120s (custom)
2019-10-09 13:05:08,532 [pool-77-thread-1] INFO  server.RaftServerConfigKeys (ConfUtils.java:logGet(43)) - raft.server.notification.no-leader.timeout = 120s (custom)
2019-10-09 13:05:08,532 [pool-67-thread-1] INFO  server.RaftServerConfigKeys (ConfUtils.java:logGet(43)) - raft.server.notification.no-leader.timeout = 120s (custom)
2019-10-09 13:05:08,533 [pool-77-thread-1] INFO  server.RaftServerConfigKeys (ConfUtils.java:logGet(43)) - raft.server.log.use.memory = false (default)
2019-10-09 13:05:08,533 [pool-57-thread-1] INFO  server.RaftServerConfigKeys (ConfUtils.java:logGet(43)) - raft.server.log.use.memory = false (default)
2019-10-09 13:05:08,533 [pool-77-thread-1] INFO  server.RaftServerConfigKeys (ConfUtils.java:logGet(43)) - raft.server.log.purge.gap = 1000000 (custom)
2019-10-09 13:05:08,533 [pool-67-thread-1] INFO  server.RaftServerConfigKeys (ConfUtils.java:logGet(43)) - raft.server.log.use.memory = false (default)
2019-10-09 13:05:08,533 [pool-77-thread-1] INFO  server.RaftServerConfigKeys (ConfUtils.java:logGet(43)) - raft.server.log.appender.buffer.byte-limit = 33554432 (custom)
2019-10-09 13:05:08,533 [pool-57-thread-1] INFO  server.RaftServerConfigKeys (ConfUtils.java:logGet(43)) - raft.server.log.purge.gap = 1000000 (custom)
2019-10-09 13:05:08,533 [pool-77-thread-1] INFO  server.RaftServerConfigKeys (ConfUtils.java:logGet(43)) - raft.server.log.segment.size.max = 1048576 (custom)
2019-10-09 13:05:08,533 [pool-67-thread-1] INFO  server.RaftServerConfigKeys (ConfUtils.java:logGet(43)) - raft.server.log.purge.gap = 1000000 (custom)
2019-10-09 13:05:08,534 [pool-77-thread-1] INFO  server.RaftServerConfigKeys (ConfUtils.java:logGet(43)) - raft.server.log.segment.cache.num.max = 2 (custom)
2019-10-09 13:05:08,533 [pool-57-thread-1] INFO  server.RaftServerConfigKeys (ConfUtils.java:logGet(43)) - raft.server.log.appender.buffer.byte-limit = 33554432 (custom)
2019-10-09 13:05:08,534 [pool-77-thread-1] INFO  segmented.SegmentedRaftLogWorker (SegmentedRaftLogWorker.java:<init>(172)) - new a951a5ca-0ab5-470b-9716-44f820a131a6@group-9802512AA034-SegmentedRaftLogWorker for RaftStorage:Storage Directory /workdir/hadoop-ozone/integration-test/target/test-dir/MiniOzoneClusterImpl-92c4d179-1d16-4416-8bce-4538b25b782c/datanode-5/data/ratis/ecad9feb-35ca-4082-b7b2-9802512aa034
2019-10-09 13:05:08,534 [pool-67-thread-1] INFO  server.RaftServerConfigKeys (ConfUtils.java:logGet(43)) - raft.server.log.appender.buffer.byte-limit = 33554432 (custom)
2019-10-09 13:05:08,534 [pool-77-thread-1] INFO  server.RaftServerConfigKeys (ConfUtils.java:logGet(43)) - raft.server.log.queue.byte-limit = 2147483647 (custom)
2019-10-09 13:05:08,534 [pool-57-thread-1] INFO  server.RaftServerConfigKeys (ConfUtils.java:logGet(43)) - raft.server.log.segment.size.max = 1048576 (custom)
2019-10-09 13:05:08,534 [pool-77-thread-1] INFO  server.RaftServerConfigKeys (ConfUtils.java:logGet(43)) - raft.server.log.queue.element-limit = 1024 (custom)
2019-10-09 13:05:08,534 [pool-67-thread-1] INFO  server.RaftServerConfigKeys (ConfUtils.java:logGet(43)) - raft.server.log.segment.size.max = 1048576 (custom)
2019-10-09 13:05:08,535 [pool-77-thread-1] INFO  server.RaftServerConfigKeys (ConfUtils.java:logGet(43)) - raft.server.log.segment.size.max = 1048576 (custom)
2019-10-09 13:05:08,534 [pool-57-thread-1] INFO  server.RaftServerConfigKeys (ConfUtils.java:logGet(43)) - raft.server.log.segment.cache.num.max = 2 (custom)
2019-10-09 13:05:08,535 [pool-77-thread-1] INFO  server.RaftServerConfigKeys (ConfUtils.java:logGet(43)) - raft.server.log.preallocated.size = 16384 (custom)
2019-10-09 13:05:08,535 [pool-67-thread-1] INFO  server.RaftServerConfigKeys (ConfUtils.java:logGet(43)) - raft.server.log.segment.cache.num.max = 2 (custom)
2019-10-09 13:05:08,535 [pool-77-thread-1] INFO  server.RaftServerConfigKeys (ConfUtils.java:logGet(43)) - raft.server.log.write.buffer.size = 33554432 (custom)
2019-10-09 13:05:08,535 [pool-57-thread-1] INFO  segmented.SegmentedRaftLogWorker (SegmentedRaftLogWorker.java:<init>(172)) - new 194018c8-bd25-415f-9941-0e401fd1a71b@group-9802512AA034-SegmentedRaftLogWorker for RaftStorage:Storage Directory /workdir/hadoop-ozone/integration-test/target/test-dir/MiniOzoneClusterImpl-92c4d179-1d16-4416-8bce-4538b25b782c/datanode-3/data/ratis/ecad9feb-35ca-4082-b7b2-9802512aa034
2019-10-09 13:05:08,535 [pool-77-thread-1] INFO  server.RaftServerConfigKeys (ConfUtils.java:logGet(43)) - raft.server.log.force.sync.num = 128 (default)
2019-10-09 13:05:08,535 [pool-67-thread-1] INFO  segmented.SegmentedRaftLogWorker (SegmentedRaftLogWorker.java:<init>(172)) - new 3eeab9a4-47d5-4980-9c6e-5102901e869a@group-9802512AA034-SegmentedRaftLogWorker for RaftStorage:Storage Directory /workdir/hadoop-ozone/integration-test/target/test-dir/MiniOzoneClusterImpl-92c4d179-1d16-4416-8bce-4538b25b782c/datanode-4/data/ratis/ecad9feb-35ca-4082-b7b2-9802512aa034
2019-10-09 13:05:08,536 [pool-77-thread-1] INFO  server.RaftServerConfigKeys (ConfUtils.java:logGet(43)) - raft.server.log.statemachine.data.sync = true (default)
2019-10-09 13:05:08,535 [pool-57-thread-1] INFO  server.RaftServerConfigKeys (ConfUtils.java:logGet(43)) - raft.server.log.queue.byte-limit = 2147483647 (custom)
2019-10-09 13:05:08,536 [pool-77-thread-1] INFO  server.RaftServerConfigKeys (ConfUtils.java:logGet(43)) - raft.server.log.statemachine.data.sync.timeout = 10s (default)
2019-10-09 13:05:08,536 [pool-67-thread-1] INFO  server.RaftServerConfigKeys (ConfUtils.java:logGet(43)) - raft.server.log.queue.byte-limit = 2147483647 (custom)
2019-10-09 13:05:08,536 [pool-77-thread-1] INFO  server.RaftServerConfigKeys (ConfUtils.java:logGet(43)) - raft.server.log.statemachine.data.sync.timeout.retry = -1 (default)
2019-10-09 13:05:08,536 [pool-57-thread-1] INFO  server.RaftServerConfigKeys (ConfUtils.java:logGet(43)) - raft.server.log.queue.element-limit = 1024 (custom)
2019-10-09 13:05:08,536 [pool-77-thread-1] INFO  server.RaftServerConfigKeys (ConfUtils.java:logGet(43)) - raft.server.log.statemachine.data.caching.enabled = true (custom)
2019-10-09 13:05:08,536 [pool-67-thread-1] INFO  server.RaftServerConfigKeys (ConfUtils.java:logGet(43)) - raft.server.log.queue.element-limit = 1024 (custom)
2019-10-09 13:05:08,536 [pool-57-thread-1] INFO  server.RaftServerConfigKeys (ConfUtils.java:logGet(43)) - raft.server.log.segment.size.max = 1048576 (custom)
2019-10-09 13:05:08,537 [pool-77-thread-1] INFO  segmented.SegmentedRaftLogWorker (SegmentedRaftLogWorker.java:lambda$new$0(132)) - a951a5ca-0ab5-470b-9716-44f820a131a6@group-9802512AA034-SegmentedRaftLogWorker: flushIndex: setUnconditionally 0 -> -1
2019-10-09 13:05:08,537 [pool-67-thread-1] INFO  server.RaftServerConfigKeys (ConfUtils.java:logGet(43)) - raft.server.log.segment.size.max = 1048576 (custom)
2019-10-09 13:05:08,537 [pool-57-thread-1] INFO  server.RaftServerConfigKeys (ConfUtils.java:logGet(43)) - raft.server.log.preallocated.size = 16384 (custom)
2019-10-09 13:05:08,537 [pool-77-thread-1] INFO  server.RaftServerConfigKeys (ConfUtils.java:logGet(43)) - raft.server.snapshot.auto.trigger.enabled = true (custom)
2019-10-09 13:05:08,537 [pool-67-thread-1] INFO  server.RaftServerConfigKeys (ConfUtils.java:logGet(43)) - raft.server.log.preallocated.size = 16384 (custom)
2019-10-09 13:05:08,537 [pool-77-thread-1] INFO  server.RaftServerConfigKeys (ConfUtils.java:logGet(43)) - raft.server.snapshot.auto.trigger.threshold = 10000 (custom)
2019-10-09 13:05:08,537 [pool-57-thread-1] INFO  server.RaftServerConfigKeys (ConfUtils.java:logGet(43)) - raft.server.log.write.buffer.size = 33554432 (custom)
2019-10-09 13:05:08,538 [pool-77-thread-1] INFO  server.RaftServerConfigKeys (ConfUtils.java:logGet(43)) - raft.server.snapshot.retention.num.files = 5 (custom)
2019-10-09 13:05:08,537 [pool-67-thread-1] INFO  server.RaftServerConfigKeys (ConfUtils.java:logGet(43)) - raft.server.log.write.buffer.size = 33554432 (custom)
2019-10-09 13:05:08,538 [pool-77-thread-1] INFO  server.RaftServerConfigKeys (ConfUtils.java:logGet(43)) - raft.server.retrycache.expirytime = 600000ms (custom)
2019-10-09 13:05:08,538 [pool-57-thread-1] INFO  server.RaftServerConfigKeys (ConfUtils.java:logGet(43)) - raft.server.log.force.sync.num = 128 (default)
2019-10-09 13:05:08,538 [pool-67-thread-1] INFO  server.RaftServerConfigKeys (ConfUtils.java:logGet(43)) - raft.server.log.force.sync.num = 128 (default)
2019-10-09 13:05:08,538 [pool-57-thread-1] INFO  server.RaftServerConfigKeys (ConfUtils.java:logGet(43)) - raft.server.log.statemachine.data.sync = true (default)
2019-10-09 13:05:08,538 [pool-67-thread-1] INFO  server.RaftServerConfigKeys (ConfUtils.java:logGet(43)) - raft.server.log.statemachine.data.sync = true (default)
2019-10-09 13:05:08,538 [pool-57-thread-1] INFO  server.RaftServerConfigKeys (ConfUtils.java:logGet(43)) - raft.server.log.statemachine.data.sync.timeout = 10s (default)
2019-10-09 13:05:08,539 [pool-67-thread-1] INFO  server.RaftServerConfigKeys (ConfUtils.java:logGet(43)) - raft.server.log.statemachine.data.sync.timeout = 10s (default)
2019-10-09 13:05:08,539 [pool-57-thread-1] INFO  server.RaftServerConfigKeys (ConfUtils.java:logGet(43)) - raft.server.log.statemachine.data.sync.timeout.retry = -1 (default)
2019-10-09 13:05:08,539 [pool-67-thread-1] INFO  server.RaftServerConfigKeys (ConfUtils.java:logGet(43)) - raft.server.log.statemachine.data.sync.timeout.retry = -1 (default)
2019-10-09 13:05:08,539 [pool-57-thread-1] INFO  server.RaftServerConfigKeys (ConfUtils.java:logGet(43)) - raft.server.log.statemachine.data.caching.enabled = true (custom)
2019-10-09 13:05:08,539 [pool-67-thread-1] INFO  server.RaftServerConfigKeys (ConfUtils.java:logGet(43)) - raft.server.log.statemachine.data.caching.enabled = true (custom)
2019-10-09 13:05:08,539 [pool-57-thread-1] INFO  segmented.SegmentedRaftLogWorker (SegmentedRaftLogWorker.java:lambda$new$0(132)) - 194018c8-bd25-415f-9941-0e401fd1a71b@group-9802512AA034-SegmentedRaftLogWorker: flushIndex: setUnconditionally 0 -> -1
2019-10-09 13:05:08,539 [pool-67-thread-1] INFO  segmented.SegmentedRaftLogWorker (SegmentedRaftLogWorker.java:lambda$new$0(132)) - 3eeab9a4-47d5-4980-9c6e-5102901e869a@group-9802512AA034-SegmentedRaftLogWorker: flushIndex: setUnconditionally 0 -> -1
2019-10-09 13:05:08,539 [pool-57-thread-1] INFO  server.RaftServerConfigKeys (ConfUtils.java:logGet(43)) - raft.server.snapshot.auto.trigger.enabled = true (custom)
2019-10-09 13:05:08,540 [pool-57-thread-1] INFO  server.RaftServerConfigKeys (ConfUtils.java:logGet(43)) - raft.server.snapshot.auto.trigger.threshold = 10000 (custom)
2019-10-09 13:05:08,540 [pool-67-thread-1] INFO  server.RaftServerConfigKeys (ConfUtils.java:logGet(43)) - raft.server.snapshot.auto.trigger.enabled = true (custom)
2019-10-09 13:05:08,540 [pool-57-thread-1] INFO  server.RaftServerConfigKeys (ConfUtils.java:logGet(43)) - raft.server.snapshot.retention.num.files = 5 (custom)
2019-10-09 13:05:08,540 [pool-67-thread-1] INFO  server.RaftServerConfigKeys (ConfUtils.java:logGet(43)) - raft.server.snapshot.auto.trigger.threshold = 10000 (custom)
2019-10-09 13:05:08,540 [pool-57-thread-1] INFO  server.RaftServerConfigKeys (ConfUtils.java:logGet(43)) - raft.server.retrycache.expirytime = 600000ms (custom)
2019-10-09 13:05:08,540 [pool-67-thread-1] INFO  server.RaftServerConfigKeys (ConfUtils.java:logGet(43)) - raft.server.snapshot.retention.num.files = 5 (custom)
2019-10-09 13:05:08,540 [pool-67-thread-1] INFO  server.RaftServerConfigKeys (ConfUtils.java:logGet(43)) - raft.server.retrycache.expirytime = 600000ms (custom)
2019-10-09 13:05:08,541 [pool-77-thread-1] INFO  impl.RaftServerImpl (RaftServerImpl.java:start(185)) - a951a5ca-0ab5-470b-9716-44f820a131a6@group-9802512AA034: start as a follower, conf=-1: [194018c8-bd25-415f-9941-0e401fd1a71b:192.168.5.175:36608, a951a5ca-0ab5-470b-9716-44f820a131a6:192.168.5.175:37446, 3eeab9a4-47d5-4980-9c6e-5102901e869a:192.168.5.175:43254], old=null
2019-10-09 13:05:08,541 [pool-77-thread-1] INFO  impl.RaftServerImpl (RaftServerImpl.java:setRole(174)) - a951a5ca-0ab5-470b-9716-44f820a131a6@group-9802512AA034: changes role from      null to FOLLOWER at term 0 for startAsFollower
2019-10-09 13:05:08,541 [pool-77-thread-1] INFO  impl.RoleInfo (RoleInfo.java:updateAndGet(143)) - a951a5ca-0ab5-470b-9716-44f820a131a6: start FollowerState
2019-10-09 13:05:08,542 [pool-77-thread-1] INFO  util.JmxRegister (JmxRegister.java:tryRegister(44)) - Successfully registered JMX Bean with object name Ratis:service=RaftServer,group=group-9802512AA034,id=a951a5ca-0ab5-470b-9716-44f820a131a6
2019-10-09 13:05:08,542 [pool-57-thread-1] INFO  impl.RaftServerImpl (RaftServerImpl.java:start(185)) - 194018c8-bd25-415f-9941-0e401fd1a71b@group-9802512AA034: start as a follower, conf=-1: [194018c8-bd25-415f-9941-0e401fd1a71b:192.168.5.175:36608, a951a5ca-0ab5-470b-9716-44f820a131a6:192.168.5.175:37446, 3eeab9a4-47d5-4980-9c6e-5102901e869a:192.168.5.175:43254], old=null
2019-10-09 13:05:08,543 [pool-57-thread-1] INFO  impl.RaftServerImpl (RaftServerImpl.java:setRole(174)) - 194018c8-bd25-415f-9941-0e401fd1a71b@group-9802512AA034: changes role from      null to FOLLOWER at term 0 for startAsFollower
2019-10-09 13:05:08,543 [pool-57-thread-1] INFO  impl.RoleInfo (RoleInfo.java:updateAndGet(143)) - 194018c8-bd25-415f-9941-0e401fd1a71b: start FollowerState
2019-10-09 13:05:08,543 [pool-57-thread-1] INFO  util.JmxRegister (JmxRegister.java:tryRegister(44)) - Successfully registered JMX Bean with object name Ratis:service=RaftServer,group=group-9802512AA034,id=194018c8-bd25-415f-9941-0e401fd1a71b
2019-10-09 13:05:08,543 [pool-67-thread-1] INFO  impl.RaftServerImpl (RaftServerImpl.java:start(185)) - 3eeab9a4-47d5-4980-9c6e-5102901e869a@group-9802512AA034: start as a follower, conf=-1: [194018c8-bd25-415f-9941-0e401fd1a71b:192.168.5.175:36608, a951a5ca-0ab5-470b-9716-44f820a131a6:192.168.5.175:37446, 3eeab9a4-47d5-4980-9c6e-5102901e869a:192.168.5.175:43254], old=null
2019-10-09 13:05:08,543 [pool-67-thread-1] INFO  impl.RaftServerImpl (RaftServerImpl.java:setRole(174)) - 3eeab9a4-47d5-4980-9c6e-5102901e869a@group-9802512AA034: changes role from      null to FOLLOWER at term 0 for startAsFollower
2019-10-09 13:05:08,544 [pool-67-thread-1] INFO  impl.RoleInfo (RoleInfo.java:updateAndGet(143)) - 3eeab9a4-47d5-4980-9c6e-5102901e869a: start FollowerState
2019-10-09 13:05:08,544 [pool-67-thread-1] INFO  util.JmxRegister (JmxRegister.java:tryRegister(44)) - Successfully registered JMX Bean with object name Ratis:service=RaftServer,group=group-9802512AA034,id=3eeab9a4-47d5-4980-9c6e-5102901e869a
2019-10-09 13:05:08,546 [RatisPipelineUtilsThread] INFO  pipeline.PipelineStateManager (PipelineStateManager.java:addPipeline(56)) - Created pipeline Pipeline[ Id: ecad9feb-35ca-4082-b7b2-9802512aa034, Nodes: a951a5ca-0ab5-470b-9716-44f820a131a6{ip: 192.168.5.175, host: pr-hdds-1569-mfl88-1504498049, networkLocation: /default-rack, certSerialId: null}3eeab9a4-47d5-4980-9c6e-5102901e869a{ip: 192.168.5.175, host: pr-hdds-1569-mfl88-1504498049, networkLocation: /default-rack, certSerialId: null}194018c8-bd25-415f-9941-0e401fd1a71b{ip: 192.168.5.175, host: pr-hdds-1569-mfl88-1504498049, networkLocation: /default-rack, certSerialId: null}, Type:RATIS, Factor:THREE, State:OPEN]
2019-10-09 13:05:08,551 [grpc-default-executor-4] INFO  impl.RaftServerProxy (RaftServerProxy.java:addNew(89)) - 3eeab9a4-47d5-4980-9c6e-5102901e869a: addNew group-B09A4D417E08:[194018c8-bd25-415f-9941-0e401fd1a71b:192.168.5.175:36608, a951a5ca-0ab5-470b-9716-44f820a131a6:192.168.5.175:37446, 3eeab9a4-47d5-4980-9c6e-5102901e869a:192.168.5.175:43254] returns group-B09A4D417E08:java.util.concurrent.CompletableFuture@40a8b8ac[Not completed]
2019-10-09 13:05:08,551 [grpc-default-executor-9] INFO  impl.RaftServerProxy (RaftServerProxy.java:addNew(89)) - a951a5ca-0ab5-470b-9716-44f820a131a6: addNew group-B09A4D417E08:[194018c8-bd25-415f-9941-0e401fd1a71b:192.168.5.175:36608, a951a5ca-0ab5-470b-9716-44f820a131a6:192.168.5.175:37446, 3eeab9a4-47d5-4980-9c6e-5102901e869a:192.168.5.175:43254] returns group-B09A4D417E08:java.util.concurrent.CompletableFuture@10a78e71[Not completed]
2019-10-09 13:05:08,551 [grpc-default-executor-4] INFO  impl.RaftServerProxy (RaftServerProxy.java:addNew(89)) - 194018c8-bd25-415f-9941-0e401fd1a71b: addNew group-B09A4D417E08:[194018c8-bd25-415f-9941-0e401fd1a71b:192.168.5.175:36608, a951a5ca-0ab5-470b-9716-44f820a131a6:192.168.5.175:37446, 3eeab9a4-47d5-4980-9c6e-5102901e869a:192.168.5.175:43254] returns group-B09A4D417E08:java.util.concurrent.CompletableFuture@703fc473[Not completed]
2019-10-09 13:05:08,552 [pool-67-thread-1] INFO  impl.RaftServerImpl (RaftServerImpl.java:<init>(95)) - 3eeab9a4-47d5-4980-9c6e-5102901e869a: new RaftServerImpl for group-B09A4D417E08:[194018c8-bd25-415f-9941-0e401fd1a71b:192.168.5.175:36608, a951a5ca-0ab5-470b-9716-44f820a131a6:192.168.5.175:37446, 3eeab9a4-47d5-4980-9c6e-5102901e869a:192.168.5.175:43254] with ContainerStateMachine:uninitialized
2019-10-09 13:05:08,552 [pool-67-thread-1] INFO  server.RaftServerConfigKeys (ConfUtils.java:logGet(43)) - raft.server.rpc.timeout.min = 5s (custom)
2019-10-09 13:05:08,552 [pool-67-thread-1] INFO  server.RaftServerConfigKeys (ConfUtils.java:logGet(43)) - raft.server.rpc.timeout.max = 5200ms (custom)
2019-10-09 13:05:08,552 [pool-67-thread-1] INFO  server.RaftServerConfigKeys (ConfUtils.java:logGet(43)) - raft.server.rpcslowness.timeout = 120s (custom)
2019-10-09 13:05:08,552 [pool-67-thread-1] INFO  server.RaftServerConfigKeys (ConfUtils.java:logGet(43)) - raft.server.sleep.deviation.threshold = 300 (default)
2019-10-09 13:05:08,552 [pool-67-thread-1] INFO  server.RaftServerConfigKeys (ConfUtils.java:logGet(43)) - raft.server.log.appender.install.snapshot.enabled = false (custom)
2019-10-09 13:05:08,553 [pool-67-thread-1] INFO  impl.RaftServerImpl (ServerState.java:<init>(103)) - 3eeab9a4-47d5-4980-9c6e-5102901e869a@group-B09A4D417E08: ConfigurationManager, init=-1: [194018c8-bd25-415f-9941-0e401fd1a71b:192.168.5.175:36608, a951a5ca-0ab5-470b-9716-44f820a131a6:192.168.5.175:37446, 3eeab9a4-47d5-4980-9c6e-5102901e869a:192.168.5.175:43254], old=null, confs=<EMPTY_MAP>
2019-10-09 13:05:08,553 [pool-67-thread-1] INFO  server.RaftServerConfigKeys (ConfUtils.java:logGet(43)) - raft.server.storage.dir = [/workdir/hadoop-ozone/integration-test/target/test-dir/MiniOzoneClusterImpl-92c4d179-1d16-4416-8bce-4538b25b782c/datanode-4/data/ratis] (custom)
2019-10-09 13:05:08,553 [pool-57-thread-1] INFO  impl.RaftServerImpl (RaftServerImpl.java:<init>(95)) - 194018c8-bd25-415f-9941-0e401fd1a71b: new RaftServerImpl for group-B09A4D417E08:[194018c8-bd25-415f-9941-0e401fd1a71b:192.168.5.175:36608, a951a5ca-0ab5-470b-9716-44f820a131a6:192.168.5.175:37446, 3eeab9a4-47d5-4980-9c6e-5102901e869a:192.168.5.175:43254] with ContainerStateMachine:uninitialized
2019-10-09 13:05:08,553 [pool-57-thread-1] INFO  server.RaftServerConfigKeys (ConfUtils.java:logGet(43)) - raft.server.rpc.timeout.min = 5s (custom)
2019-10-09 13:05:08,553 [pool-67-thread-1] INFO  storage.RaftStorageDirectory (RaftStorageDirectory.java:analyzeStorage(246)) - The storage directory /workdir/hadoop-ozone/integration-test/target/test-dir/MiniOzoneClusterImpl-92c4d179-1d16-4416-8bce-4538b25b782c/datanode-4/data/ratis/33a2bd62-eb4e-4a29-8c12-b09a4d417e08 does not exist. Creating ...
2019-10-09 13:05:08,553 [pool-57-thread-1] INFO  server.RaftServerConfigKeys (ConfUtils.java:logGet(43)) - raft.server.rpc.timeout.max = 5200ms (custom)
2019-10-09 13:05:08,553 [pool-77-thread-1] INFO  impl.RaftServerImpl (RaftServerImpl.java:<init>(95)) - a951a5ca-0ab5-470b-9716-44f820a131a6: new RaftServerImpl for group-B09A4D417E08:[194018c8-bd25-415f-9941-0e401fd1a71b:192.168.5.175:36608, a951a5ca-0ab5-470b-9716-44f820a131a6:192.168.5.175:37446, 3eeab9a4-47d5-4980-9c6e-5102901e869a:192.168.5.175:43254] with ContainerStateMachine:uninitialized
2019-10-09 13:05:08,553 [pool-57-thread-1] INFO  server.RaftServerConfigKeys (ConfUtils.java:logGet(43)) - raft.server.rpcslowness.timeout = 120s (custom)
2019-10-09 13:05:08,554 [pool-77-thread-1] INFO  server.RaftServerConfigKeys (ConfUtils.java:logGet(43)) - raft.server.rpc.timeout.min = 5s (custom)
2019-10-09 13:05:08,554 [pool-57-thread-1] INFO  server.RaftServerConfigKeys (ConfUtils.java:logGet(43)) - raft.server.sleep.deviation.threshold = 300 (default)
2019-10-09 13:05:08,554 [pool-77-thread-1] INFO  server.RaftServerConfigKeys (ConfUtils.java:logGet(43)) - raft.server.rpc.timeout.max = 5200ms (custom)
2019-10-09 13:05:08,554 [pool-57-thread-1] INFO  server.RaftServerConfigKeys (ConfUtils.java:logGet(43)) - raft.server.log.appender.install.snapshot.enabled = false (custom)
2019-10-09 13:05:08,554 [pool-77-thread-1] INFO  server.RaftServerConfigKeys (ConfUtils.java:logGet(43)) - raft.server.rpcslowness.timeout = 120s (custom)
2019-10-09 13:05:08,554 [pool-57-thread-1] INFO  impl.RaftServerImpl (ServerState.java:<init>(103)) - 194018c8-bd25-415f-9941-0e401fd1a71b@group-B09A4D417E08: ConfigurationManager, init=-1: [194018c8-bd25-415f-9941-0e401fd1a71b:192.168.5.175:36608, a951a5ca-0ab5-470b-9716-44f820a131a6:192.168.5.175:37446, 3eeab9a4-47d5-4980-9c6e-5102901e869a:192.168.5.175:43254], old=null, confs=<EMPTY_MAP>
2019-10-09 13:05:08,554 [pool-77-thread-1] INFO  server.RaftServerConfigKeys (ConfUtils.java:logGet(43)) - raft.server.sleep.deviation.threshold = 300 (default)
2019-10-09 13:05:08,555 [pool-57-thread-1] INFO  server.RaftServerConfigKeys (ConfUtils.java:logGet(43)) - raft.server.storage.dir = [/workdir/hadoop-ozone/integration-test/target/test-dir/MiniOzoneClusterImpl-92c4d179-1d16-4416-8bce-4538b25b782c/datanode-3/data/ratis] (custom)
2019-10-09 13:05:08,555 [pool-77-thread-1] INFO  server.RaftServerConfigKeys (ConfUtils.java:logGet(43)) - raft.server.log.appender.install.snapshot.enabled = false (custom)
2019-10-09 13:05:08,555 [pool-77-thread-1] INFO  impl.RaftServerImpl (ServerState.java:<init>(103)) - a951a5ca-0ab5-470b-9716-44f820a131a6@group-B09A4D417E08: ConfigurationManager, init=-1: [194018c8-bd25-415f-9941-0e401fd1a71b:192.168.5.175:36608, a951a5ca-0ab5-470b-9716-44f820a131a6:192.168.5.175:37446, 3eeab9a4-47d5-4980-9c6e-5102901e869a:192.168.5.175:43254], old=null, confs=<EMPTY_MAP>
2019-10-09 13:05:08,555 [pool-57-thread-1] INFO  storage.RaftStorageDirectory (RaftStorageDirectory.java:analyzeStorage(246)) - The storage directory /workdir/hadoop-ozone/integration-test/target/test-dir/MiniOzoneClusterImpl-92c4d179-1d16-4416-8bce-4538b25b782c/datanode-3/data/ratis/33a2bd62-eb4e-4a29-8c12-b09a4d417e08 does not exist. Creating ...
2019-10-09 13:05:08,555 [pool-77-thread-1] INFO  server.RaftServerConfigKeys (ConfUtils.java:logGet(43)) - raft.server.storage.dir = [/workdir/hadoop-ozone/integration-test/target/test-dir/MiniOzoneClusterImpl-92c4d179-1d16-4416-8bce-4538b25b782c/datanode-5/data/ratis] (custom)
2019-10-09 13:05:08,556 [pool-77-thread-1] INFO  storage.RaftStorageDirectory (RaftStorageDirectory.java:analyzeStorage(246)) - The storage directory /workdir/hadoop-ozone/integration-test/target/test-dir/MiniOzoneClusterImpl-92c4d179-1d16-4416-8bce-4538b25b782c/datanode-5/data/ratis/33a2bd62-eb4e-4a29-8c12-b09a4d417e08 does not exist. Creating ...
2019-10-09 13:05:08,580 [pool-77-thread-1] INFO  storage.RaftStorageDirectory (RaftStorageDirectory.java:tryLock(328)) - Lock on /workdir/hadoop-ozone/integration-test/target/test-dir/MiniOzoneClusterImpl-92c4d179-1d16-4416-8bce-4538b25b782c/datanode-5/data/ratis/33a2bd62-eb4e-4a29-8c12-b09a4d417e08/in_use.lock acquired by nodename 6401@pr-hdds-1569-mfl88-1504498049
2019-10-09 13:05:08,580 [pool-67-thread-1] INFO  storage.RaftStorageDirectory (RaftStorageDirectory.java:tryLock(328)) - Lock on /workdir/hadoop-ozone/integration-test/target/test-dir/MiniOzoneClusterImpl-92c4d179-1d16-4416-8bce-4538b25b782c/datanode-4/data/ratis/33a2bd62-eb4e-4a29-8c12-b09a4d417e08/in_use.lock acquired by nodename 6401@pr-hdds-1569-mfl88-1504498049
2019-10-09 13:05:08,580 [pool-57-thread-1] INFO  storage.RaftStorageDirectory (RaftStorageDirectory.java:tryLock(328)) - Lock on /workdir/hadoop-ozone/integration-test/target/test-dir/MiniOzoneClusterImpl-92c4d179-1d16-4416-8bce-4538b25b782c/datanode-3/data/ratis/33a2bd62-eb4e-4a29-8c12-b09a4d417e08/in_use.lock acquired by nodename 6401@pr-hdds-1569-mfl88-1504498049
2019-10-09 13:05:08,606 [pool-77-thread-1] INFO  storage.RaftStorage (RaftStorage.java:format(72)) - Storage directory /workdir/hadoop-ozone/integration-test/target/test-dir/MiniOzoneClusterImpl-92c4d179-1d16-4416-8bce-4538b25b782c/datanode-5/data/ratis/33a2bd62-eb4e-4a29-8c12-b09a4d417e08 has been successfully formatted.
2019-10-09 13:05:08,606 [pool-67-thread-1] INFO  storage.RaftStorage (RaftStorage.java:format(72)) - Storage directory /workdir/hadoop-ozone/integration-test/target/test-dir/MiniOzoneClusterImpl-92c4d179-1d16-4416-8bce-4538b25b782c/datanode-4/data/ratis/33a2bd62-eb4e-4a29-8c12-b09a4d417e08 has been successfully formatted.
2019-10-09 13:05:08,606 [pool-57-thread-1] INFO  storage.RaftStorage (RaftStorage.java:format(72)) - Storage directory /workdir/hadoop-ozone/integration-test/target/test-dir/MiniOzoneClusterImpl-92c4d179-1d16-4416-8bce-4538b25b782c/datanode-3/data/ratis/33a2bd62-eb4e-4a29-8c12-b09a4d417e08 has been successfully formatted.
2019-10-09 13:05:08,606 [pool-67-thread-1] INFO  ratis.ContainerStateMachine (ContainerStateMachine.java:loadSnapshot(230)) - group-B09A4D417E08: The snapshot info is null. Setting the last applied indexto:(t:0, i:~)
2019-10-09 13:05:08,606 [pool-57-thread-1] INFO  ratis.ContainerStateMachine (ContainerStateMachine.java:loadSnapshot(230)) - group-B09A4D417E08: The snapshot info is null. Setting the last applied indexto:(t:0, i:~)
2019-10-09 13:05:08,606 [pool-77-thread-1] INFO  ratis.ContainerStateMachine (ContainerStateMachine.java:loadSnapshot(230)) - group-B09A4D417E08: The snapshot info is null. Setting the last applied indexto:(t:0, i:~)
2019-10-09 13:05:08,607 [pool-57-thread-1] INFO  server.RaftServerConfigKeys (ConfUtils.java:logGet(43)) - raft.server.notification.no-leader.timeout = 120s (custom)
2019-10-09 13:05:08,607 [pool-67-thread-1] INFO  server.RaftServerConfigKeys (ConfUtils.java:logGet(43)) - raft.server.notification.no-leader.timeout = 120s (custom)
2019-10-09 13:05:08,607 [pool-57-thread-1] INFO  server.RaftServerConfigKeys (ConfUtils.java:logGet(43)) - raft.server.log.use.memory = false (default)
2019-10-09 13:05:08,607 [pool-77-thread-1] INFO  server.RaftServerConfigKeys (ConfUtils.java:logGet(43)) - raft.server.notification.no-leader.timeout = 120s (custom)
2019-10-09 13:05:08,607 [pool-57-thread-1] INFO  server.RaftServerConfigKeys (ConfUtils.java:logGet(43)) - raft.server.log.purge.gap = 1000000 (custom)
2019-10-09 13:05:08,607 [pool-67-thread-1] INFO  server.RaftServerConfigKeys (ConfUtils.java:logGet(43)) - raft.server.log.use.memory = false (default)
2019-10-09 13:05:08,608 [pool-57-thread-1] INFO  server.RaftServerConfigKeys (ConfUtils.java:logGet(43)) - raft.server.log.appender.buffer.byte-limit = 33554432 (custom)
2019-10-09 13:05:08,607 [pool-77-thread-1] INFO  server.RaftServerConfigKeys (ConfUtils.java:logGet(43)) - raft.server.log.use.memory = false (default)
2019-10-09 13:05:08,608 [pool-57-thread-1] INFO  server.RaftServerConfigKeys (ConfUtils.java:logGet(43)) - raft.server.log.segment.size.max = 1048576 (custom)
2019-10-09 13:05:08,608 [pool-67-thread-1] INFO  server.RaftServerConfigKeys (ConfUtils.java:logGet(43)) - raft.server.log.purge.gap = 1000000 (custom)
2019-10-09 13:05:08,608 [pool-57-thread-1] INFO  server.RaftServerConfigKeys (ConfUtils.java:logGet(43)) - raft.server.log.segment.cache.num.max = 2 (custom)
2019-10-09 13:05:08,608 [pool-77-thread-1] INFO  server.RaftServerConfigKeys (ConfUtils.java:logGet(43)) - raft.server.log.purge.gap = 1000000 (custom)
2019-10-09 13:05:08,608 [pool-57-thread-1] INFO  segmented.SegmentedRaftLogWorker (SegmentedRaftLogWorker.java:<init>(172)) - new 194018c8-bd25-415f-9941-0e401fd1a71b@group-B09A4D417E08-SegmentedRaftLogWorker for RaftStorage:Storage Directory /workdir/hadoop-ozone/integration-test/target/test-dir/MiniOzoneClusterImpl-92c4d179-1d16-4416-8bce-4538b25b782c/datanode-3/data/ratis/33a2bd62-eb4e-4a29-8c12-b09a4d417e08
2019-10-09 13:05:08,608 [pool-67-thread-1] INFO  server.RaftServerConfigKeys (ConfUtils.java:logGet(43)) - raft.server.log.appender.buffer.byte-limit = 33554432 (custom)
2019-10-09 13:05:08,609 [pool-57-thread-1] INFO  server.RaftServerConfigKeys (ConfUtils.java:logGet(43)) - raft.server.log.queue.byte-limit = 2147483647 (custom)
2019-10-09 13:05:08,609 [pool-57-thread-1] INFO  server.RaftServerConfigKeys (ConfUtils.java:logGet(43)) - raft.server.log.queue.element-limit = 1024 (custom)
2019-10-09 13:05:08,609 [pool-77-thread-1] INFO  server.RaftServerConfigKeys (ConfUtils.java:logGet(43)) - raft.server.log.appender.buffer.byte-limit = 33554432 (custom)
2019-10-09 13:05:08,609 [pool-57-thread-1] INFO  server.RaftServerConfigKeys (ConfUtils.java:logGet(43)) - raft.server.log.segment.size.max = 1048576 (custom)
2019-10-09 13:05:08,609 [pool-67-thread-1] INFO  server.RaftServerConfigKeys (ConfUtils.java:logGet(43)) - raft.server.log.segment.size.max = 1048576 (custom)
2019-10-09 13:05:08,609 [pool-57-thread-1] INFO  server.RaftServerConfigKeys (ConfUtils.java:logGet(43)) - raft.server.log.preallocated.size = 16384 (custom)
2019-10-09 13:05:08,609 [pool-77-thread-1] INFO  server.RaftServerConfigKeys (ConfUtils.java:logGet(43)) - raft.server.log.segment.size.max = 1048576 (custom)
2019-10-09 13:05:08,610 [pool-57-thread-1] INFO  server.RaftServerConfigKeys (ConfUtils.java:logGet(43)) - raft.server.log.write.buffer.size = 33554432 (custom)
2019-10-09 13:05:08,610 [pool-57-thread-1] INFO  server.RaftServerConfigKeys (ConfUtils.java:logGet(43)) - raft.server.log.force.sync.num = 128 (default)
2019-10-09 13:05:08,610 [pool-67-thread-1] INFO  server.RaftServerConfigKeys (ConfUtils.java:logGet(43)) - raft.server.log.segment.cache.num.max = 2 (custom)
2019-10-09 13:05:08,610 [pool-57-thread-1] INFO  server.RaftServerConfigKeys (ConfUtils.java:logGet(43)) - raft.server.log.statemachine.data.sync = true (default)
2019-10-09 13:05:08,610 [pool-77-thread-1] INFO  server.RaftServerConfigKeys (ConfUtils.java:logGet(43)) - raft.server.log.segment.cache.num.max = 2 (custom)
2019-10-09 13:05:08,611 [pool-57-thread-1] INFO  server.RaftServerConfigKeys (ConfUtils.java:logGet(43)) - raft.server.log.statemachine.data.sync.timeout = 10s (default)
2019-10-09 13:05:08,610 [pool-67-thread-1] INFO  segmented.SegmentedRaftLogWorker (SegmentedRaftLogWorker.java:<init>(172)) - new 3eeab9a4-47d5-4980-9c6e-5102901e869a@group-B09A4D417E08-SegmentedRaftLogWorker for RaftStorage:Storage Directory /workdir/hadoop-ozone/integration-test/target/test-dir/MiniOzoneClusterImpl-92c4d179-1d16-4416-8bce-4538b25b782c/datanode-4/data/ratis/33a2bd62-eb4e-4a29-8c12-b09a4d417e08
2019-10-09 13:05:08,611 [pool-57-thread-1] INFO  server.RaftServerConfigKeys (ConfUtils.java:logGet(43)) - raft.server.log.statemachine.data.sync.timeout.retry = -1 (default)
2019-10-09 13:05:08,611 [pool-77-thread-1] INFO  segmented.SegmentedRaftLogWorker (SegmentedRaftLogWorker.java:<init>(172)) - new a951a5ca-0ab5-470b-9716-44f820a131a6@group-B09A4D417E08-SegmentedRaftLogWorker for RaftStorage:Storage Directory /workdir/hadoop-ozone/integration-test/target/test-dir/MiniOzoneClusterImpl-92c4d179-1d16-4416-8bce-4538b25b782c/datanode-5/data/ratis/33a2bd62-eb4e-4a29-8c12-b09a4d417e08
2019-10-09 13:05:08,611 [pool-57-thread-1] INFO  server.RaftServerConfigKeys (ConfUtils.java:logGet(43)) - raft.server.log.statemachine.data.caching.enabled = true (custom)
2019-10-09 13:05:08,611 [pool-67-thread-1] INFO  server.RaftServerConfigKeys (ConfUtils.java:logGet(43)) - raft.server.log.queue.byte-limit = 2147483647 (custom)
2019-10-09 13:05:08,612 [pool-57-thread-1] INFO  segmented.SegmentedRaftLogWorker (SegmentedRaftLogWorker.java:lambda$new$0(132)) - 194018c8-bd25-415f-9941-0e401fd1a71b@group-B09A4D417E08-SegmentedRaftLogWorker: flushIndex: setUnconditionally 0 -> -1
2019-10-09 13:05:08,611 [pool-77-thread-1] INFO  server.RaftServerConfigKeys (ConfUtils.java:logGet(43)) - raft.server.log.queue.byte-limit = 2147483647 (custom)
2019-10-09 13:05:08,612 [pool-67-thread-1] INFO  server.RaftServerConfigKeys (ConfUtils.java:logGet(43)) - raft.server.log.queue.element-limit = 1024 (custom)
2019-10-09 13:05:08,612 [pool-57-thread-1] INFO  server.RaftServerConfigKeys (ConfUtils.java:logGet(43)) - raft.server.snapshot.auto.trigger.enabled = true (custom)
2019-10-09 13:05:08,612 [pool-57-thread-1] INFO  server.RaftServerConfigKeys (ConfUtils.java:logGet(43)) - raft.server.snapshot.auto.trigger.threshold = 10000 (custom)
2019-10-09 13:05:08,612 [pool-77-thread-1] INFO  server.RaftServerConfigKeys (ConfUtils.java:logGet(43)) - raft.server.log.queue.element-limit = 1024 (custom)
2019-10-09 13:05:08,613 [pool-57-thread-1] INFO  server.RaftServerConfigKeys (ConfUtils.java:logGet(43)) - raft.server.snapshot.retention.num.files = 5 (custom)
2019-10-09 13:05:08,612 [pool-67-thread-1] INFO  server.RaftServerConfigKeys (ConfUtils.java:logGet(43)) - raft.server.log.segment.size.max = 1048576 (custom)
2019-10-09 13:05:08,613 [pool-57-thread-1] INFO  server.RaftServerConfigKeys (ConfUtils.java:logGet(43)) - raft.server.retrycache.expirytime = 600000ms (custom)
2019-10-09 13:05:08,613 [pool-77-thread-1] INFO  server.RaftServerConfigKeys (ConfUtils.java:logGet(43)) - raft.server.log.segment.size.max = 1048576 (custom)
2019-10-09 13:05:08,613 [pool-77-thread-1] INFO  server.RaftServerConfigKeys (ConfUtils.java:logGet(43)) - raft.server.log.preallocated.size = 16384 (custom)
2019-10-09 13:05:08,613 [pool-67-thread-1] INFO  server.RaftServerConfigKeys (ConfUtils.java:logGet(43)) - raft.server.log.preallocated.size = 16384 (custom)
2019-10-09 13:05:08,613 [pool-77-thread-1] INFO  server.RaftServerConfigKeys (ConfUtils.java:logGet(43)) - raft.server.log.write.buffer.size = 33554432 (custom)
2019-10-09 13:05:08,614 [pool-67-thread-1] INFO  server.RaftServerConfigKeys (ConfUtils.java:logGet(43)) - raft.server.log.write.buffer.size = 33554432 (custom)
2019-10-09 13:05:08,614 [pool-77-thread-1] INFO  server.RaftServerConfigKeys (ConfUtils.java:logGet(43)) - raft.server.log.force.sync.num = 128 (default)
2019-10-09 13:05:08,614 [pool-67-thread-1] INFO  server.RaftServerConfigKeys (ConfUtils.java:logGet(43)) - raft.server.log.force.sync.num = 128 (default)
2019-10-09 13:05:08,614 [pool-77-thread-1] INFO  server.RaftServerConfigKeys (ConfUtils.java:logGet(43)) - raft.server.log.statemachine.data.sync = true (default)
2019-10-09 13:05:08,614 [pool-67-thread-1] INFO  server.RaftServerConfigKeys (ConfUtils.java:logGet(43)) - raft.server.log.statemachine.data.sync = true (default)
2019-10-09 13:05:08,614 [pool-77-thread-1] INFO  server.RaftServerConfigKeys (ConfUtils.java:logGet(43)) - raft.server.log.statemachine.data.sync.timeout = 10s (default)
2019-10-09 13:05:08,614 [pool-67-thread-1] INFO  server.RaftServerConfigKeys (ConfUtils.java:logGet(43)) - raft.server.log.statemachine.data.sync.timeout = 10s (default)
2019-10-09 13:05:08,615 [pool-77-thread-1] INFO  server.RaftServerConfigKeys (ConfUtils.java:logGet(43)) - raft.server.log.statemachine.data.sync.timeout.retry = -1 (default)
2019-10-09 13:05:08,615 [pool-67-thread-1] INFO  server.RaftServerConfigKeys (ConfUtils.java:logGet(43)) - raft.server.log.statemachine.data.sync.timeout.retry = -1 (default)
2019-10-09 13:05:08,615 [pool-77-thread-1] INFO  server.RaftServerConfigKeys (ConfUtils.java:logGet(43)) - raft.server.log.statemachine.data.caching.enabled = true (custom)
2019-10-09 13:05:08,615 [pool-67-thread-1] INFO  server.RaftServerConfigKeys (ConfUtils.java:logGet(43)) - raft.server.log.statemachine.data.caching.enabled = true (custom)
2019-10-09 13:05:08,615 [pool-77-thread-1] INFO  segmented.SegmentedRaftLogWorker (SegmentedRaftLogWorker.java:lambda$new$0(132)) - a951a5ca-0ab5-470b-9716-44f820a131a6@group-B09A4D417E08-SegmentedRaftLogWorker: flushIndex: setUnconditionally 0 -> -1
2019-10-09 13:05:08,615 [pool-67-thread-1] INFO  segmented.SegmentedRaftLogWorker (SegmentedRaftLogWorker.java:lambda$new$0(132)) - 3eeab9a4-47d5-4980-9c6e-5102901e869a@group-B09A4D417E08-SegmentedRaftLogWorker: flushIndex: setUnconditionally 0 -> -1
2019-10-09 13:05:08,616 [pool-57-thread-1] INFO  impl.RaftServerImpl (RaftServerImpl.java:start(185)) - 194018c8-bd25-415f-9941-0e401fd1a71b@group-B09A4D417E08: start as a follower, conf=-1: [194018c8-bd25-415f-9941-0e401fd1a71b:192.168.5.175:36608, a951a5ca-0ab5-470b-9716-44f820a131a6:192.168.5.175:37446, 3eeab9a4-47d5-4980-9c6e-5102901e869a:192.168.5.175:43254], old=null
2019-10-09 13:05:08,615 [pool-77-thread-1] INFO  server.RaftServerConfigKeys (ConfUtils.java:logGet(43)) - raft.server.snapshot.auto.trigger.enabled = true (custom)
2019-10-09 13:05:08,616 [pool-67-thread-1] INFO  server.RaftServerConfigKeys (ConfUtils.java:logGet(43)) - raft.server.snapshot.auto.trigger.enabled = true (custom)
2019-10-09 13:05:08,616 [pool-57-thread-1] INFO  impl.RaftServerImpl (RaftServerImpl.java:setRole(174)) - 194018c8-bd25-415f-9941-0e401fd1a71b@group-B09A4D417E08: changes role from      null to FOLLOWER at term 0 for startAsFollower
2019-10-09 13:05:08,616 [pool-67-thread-1] INFO  server.RaftServerConfigKeys (ConfUtils.java:logGet(43)) - raft.server.snapshot.auto.trigger.threshold = 10000 (custom)
2019-10-09 13:05:08,616 [pool-77-thread-1] INFO  server.RaftServerConfigKeys (ConfUtils.java:logGet(43)) - raft.server.snapshot.auto.trigger.threshold = 10000 (custom)
2019-10-09 13:05:08,616 [pool-67-thread-1] INFO  server.RaftServerConfigKeys (ConfUtils.java:logGet(43)) - raft.server.snapshot.retention.num.files = 5 (custom)
2019-10-09 13:05:08,616 [pool-57-thread-1] INFO  impl.RoleInfo (RoleInfo.java:updateAndGet(143)) - 194018c8-bd25-415f-9941-0e401fd1a71b: start FollowerState
2019-10-09 13:05:08,617 [pool-67-thread-1] INFO  server.RaftServerConfigKeys (ConfUtils.java:logGet(43)) - raft.server.retrycache.expirytime = 600000ms (custom)
2019-10-09 13:05:08,616 [pool-77-thread-1] INFO  server.RaftServerConfigKeys (ConfUtils.java:logGet(43)) - raft.server.snapshot.retention.num.files = 5 (custom)
2019-10-09 13:05:08,617 [pool-57-thread-1] INFO  util.JmxRegister (JmxRegister.java:tryRegister(44)) - Successfully registered JMX Bean with object name Ratis:service=RaftServer,group=group-B09A4D417E08,id=194018c8-bd25-415f-9941-0e401fd1a71b
2019-10-09 13:05:08,617 [pool-77-thread-1] INFO  server.RaftServerConfigKeys (ConfUtils.java:logGet(43)) - raft.server.retrycache.expirytime = 600000ms (custom)
2019-10-09 13:05:08,620 [pool-67-thread-1] INFO  impl.RaftServerImpl (RaftServerImpl.java:start(185)) - 3eeab9a4-47d5-4980-9c6e-5102901e869a@group-B09A4D417E08: start as a follower, conf=-1: [194018c8-bd25-415f-9941-0e401fd1a71b:192.168.5.175:36608, a951a5ca-0ab5-470b-9716-44f820a131a6:192.168.5.175:37446, 3eeab9a4-47d5-4980-9c6e-5102901e869a:192.168.5.175:43254], old=null
2019-10-09 13:05:08,620 [pool-77-thread-1] INFO  impl.RaftServerImpl (RaftServerImpl.java:start(185)) - a951a5ca-0ab5-470b-9716-44f820a131a6@group-B09A4D417E08: start as a follower, conf=-1: [194018c8-bd25-415f-9941-0e401fd1a71b:192.168.5.175:36608, a951a5ca-0ab5-470b-9716-44f820a131a6:192.168.5.175:37446, 3eeab9a4-47d5-4980-9c6e-5102901e869a:192.168.5.175:43254], old=null
2019-10-09 13:05:08,620 [pool-67-thread-1] INFO  impl.RaftServerImpl (RaftServerImpl.java:setRole(174)) - 3eeab9a4-47d5-4980-9c6e-5102901e869a@group-B09A4D417E08: changes role from      null to FOLLOWER at term 0 for startAsFollower
2019-10-09 13:05:08,620 [pool-77-thread-1] INFO  impl.RaftServerImpl (RaftServerImpl.java:setRole(174)) - a951a5ca-0ab5-470b-9716-44f820a131a6@group-B09A4D417E08: changes role from      null to FOLLOWER at term 0 for startAsFollower
2019-10-09 13:05:08,621 [pool-67-thread-1] INFO  impl.RoleInfo (RoleInfo.java:updateAndGet(143)) - 3eeab9a4-47d5-4980-9c6e-5102901e869a: start FollowerState
2019-10-09 13:05:08,621 [pool-77-thread-1] INFO  impl.RoleInfo (RoleInfo.java:updateAndGet(143)) - a951a5ca-0ab5-470b-9716-44f820a131a6: start FollowerState
2019-10-09 13:05:08,621 [pool-67-thread-1] INFO  util.JmxRegister (JmxRegister.java:tryRegister(44)) - Successfully registered JMX Bean with object name Ratis:service=RaftServer,group=group-B09A4D417E08,id=3eeab9a4-47d5-4980-9c6e-5102901e869a
2019-10-09 13:05:08,621 [pool-77-thread-1] INFO  util.JmxRegister (JmxRegister.java:tryRegister(44)) - Successfully registered JMX Bean with object name Ratis:service=RaftServer,group=group-B09A4D417E08,id=a951a5ca-0ab5-470b-9716-44f820a131a6
2019-10-09 13:05:08,624 [RatisPipelineUtilsThread] INFO  pipeline.PipelineStateManager (PipelineStateManager.java:addPipeline(56)) - Created pipeline Pipeline[ Id: 33a2bd62-eb4e-4a29-8c12-b09a4d417e08, Nodes: a951a5ca-0ab5-470b-9716-44f820a131a6{ip: 192.168.5.175, host: pr-hdds-1569-mfl88-1504498049, networkLocation: /default-rack, certSerialId: null}194018c8-bd25-415f-9941-0e401fd1a71b{ip: 192.168.5.175, host: pr-hdds-1569-mfl88-1504498049, networkLocation: /default-rack, certSerialId: null}3eeab9a4-47d5-4980-9c6e-5102901e869a{ip: 192.168.5.175, host: pr-hdds-1569-mfl88-1504498049, networkLocation: /default-rack, certSerialId: null}, Type:RATIS, Factor:THREE, State:OPEN]
2019-10-09 13:05:08,632 [grpc-default-executor-4] INFO  impl.RaftServerProxy (RaftServerProxy.java:addNew(89)) - 3eeab9a4-47d5-4980-9c6e-5102901e869a: addNew group-611ECB217B3F:[194018c8-bd25-415f-9941-0e401fd1a71b:192.168.5.175:36608, a951a5ca-0ab5-470b-9716-44f820a131a6:192.168.5.175:37446, 3eeab9a4-47d5-4980-9c6e-5102901e869a:192.168.5.175:43254] returns group-611ECB217B3F:java.util.concurrent.CompletableFuture@394c2d13[Not completed]
2019-10-09 13:05:08,632 [grpc-default-executor-7] INFO  impl.RaftServerProxy (RaftServerProxy.java:addNew(89)) - 194018c8-bd25-415f-9941-0e401fd1a71b: addNew group-611ECB217B3F:[194018c8-bd25-415f-9941-0e401fd1a71b:192.168.5.175:36608, a951a5ca-0ab5-470b-9716-44f820a131a6:192.168.5.175:37446, 3eeab9a4-47d5-4980-9c6e-5102901e869a:192.168.5.175:43254] returns group-611ECB217B3F:java.util.concurrent.CompletableFuture@602560a4[Not completed]
2019-10-09 13:05:08,632 [grpc-default-executor-9] INFO  impl.RaftServerProxy (RaftServerProxy.java:addNew(89)) - a951a5ca-0ab5-470b-9716-44f820a131a6: addNew group-611ECB217B3F:[194018c8-bd25-415f-9941-0e401fd1a71b:192.168.5.175:36608, a951a5ca-0ab5-470b-9716-44f820a131a6:192.168.5.175:37446, 3eeab9a4-47d5-4980-9c6e-5102901e869a:192.168.5.175:43254] returns group-611ECB217B3F:java.util.concurrent.CompletableFuture@f835820[Not completed]
2019-10-09 13:05:08,634 [pool-57-thread-1] INFO  impl.RaftServerImpl (RaftServerImpl.java:<init>(95)) - 194018c8-bd25-415f-9941-0e401fd1a71b: new RaftServerImpl for group-611ECB217B3F:[194018c8-bd25-415f-9941-0e401fd1a71b:192.168.5.175:36608, a951a5ca-0ab5-470b-9716-44f820a131a6:192.168.5.175:37446, 3eeab9a4-47d5-4980-9c6e-5102901e869a:192.168.5.175:43254] with ContainerStateMachine:uninitialized
2019-10-09 13:05:08,634 [pool-57-thread-1] INFO  server.RaftServerConfigKeys (ConfUtils.java:logGet(43)) - raft.server.rpc.timeout.min = 5s (custom)
2019-10-09 13:05:08,634 [pool-57-thread-1] INFO  server.RaftServerConfigKeys (ConfUtils.java:logGet(43)) - raft.server.rpc.timeout.max = 5200ms (custom)
2019-10-09 13:05:08,634 [pool-57-thread-1] INFO  server.RaftServerConfigKeys (ConfUtils.java:logGet(43)) - raft.server.rpcslowness.timeout = 120s (custom)
2019-10-09 13:05:08,634 [pool-57-thread-1] INFO  server.RaftServerConfigKeys (ConfUtils.java:logGet(43)) - raft.server.sleep.deviation.threshold = 300 (default)
2019-10-09 13:05:08,635 [pool-57-thread-1] INFO  server.RaftServerConfigKeys (ConfUtils.java:logGet(43)) - raft.server.log.appender.install.snapshot.enabled = false (custom)
2019-10-09 13:05:08,635 [pool-67-thread-1] INFO  impl.RaftServerImpl (RaftServerImpl.java:<init>(95)) - 3eeab9a4-47d5-4980-9c6e-5102901e869a: new RaftServerImpl for group-611ECB217B3F:[194018c8-bd25-415f-9941-0e401fd1a71b:192.168.5.175:36608, a951a5ca-0ab5-470b-9716-44f820a131a6:192.168.5.175:37446, 3eeab9a4-47d5-4980-9c6e-5102901e869a:192.168.5.175:43254] with ContainerStateMachine:uninitialized
2019-10-09 13:05:08,635 [pool-57-thread-1] INFO  impl.RaftServerImpl (ServerState.java:<init>(103)) - 194018c8-bd25-415f-9941-0e401fd1a71b@group-611ECB217B3F: ConfigurationManager, init=-1: [194018c8-bd25-415f-9941-0e401fd1a71b:192.168.5.175:36608, a951a5ca-0ab5-470b-9716-44f820a131a6:192.168.5.175:37446, 3eeab9a4-47d5-4980-9c6e-5102901e869a:192.168.5.175:43254], old=null, confs=<EMPTY_MAP>
2019-10-09 13:05:08,635 [pool-67-thread-1] INFO  server.RaftServerConfigKeys (ConfUtils.java:logGet(43)) - raft.server.rpc.timeout.min = 5s (custom)
2019-10-09 13:05:08,635 [pool-57-thread-1] INFO  server.RaftServerConfigKeys (ConfUtils.java:logGet(43)) - raft.server.storage.dir = [/workdir/hadoop-ozone/integration-test/target/test-dir/MiniOzoneClusterImpl-92c4d179-1d16-4416-8bce-4538b25b782c/datanode-3/data/ratis] (custom)
2019-10-09 13:05:08,635 [pool-67-thread-1] INFO  server.RaftServerConfigKeys (ConfUtils.java:logGet(43)) - raft.server.rpc.timeout.max = 5200ms (custom)
2019-10-09 13:05:08,635 [pool-67-thread-1] INFO  server.RaftServerConfigKeys (ConfUtils.java:logGet(43)) - raft.server.rpcslowness.timeout = 120s (custom)
2019-10-09 13:05:08,635 [pool-77-thread-1] INFO  impl.RaftServerImpl (RaftServerImpl.java:<init>(95)) - a951a5ca-0ab5-470b-9716-44f820a131a6: new RaftServerImpl for group-611ECB217B3F:[194018c8-bd25-415f-9941-0e401fd1a71b:192.168.5.175:36608, a951a5ca-0ab5-470b-9716-44f820a131a6:192.168.5.175:37446, 3eeab9a4-47d5-4980-9c6e-5102901e869a:192.168.5.175:43254] with ContainerStateMachine:uninitialized
2019-10-09 13:05:08,636 [pool-57-thread-1] INFO  storage.RaftStorageDirectory (RaftStorageDirectory.java:analyzeStorage(246)) - The storage directory /workdir/hadoop-ozone/integration-test/target/test-dir/MiniOzoneClusterImpl-92c4d179-1d16-4416-8bce-4538b25b782c/datanode-3/data/ratis/d9b70c17-76ac-42f0-ae06-611ecb217b3f does not exist. Creating ...
2019-10-09 13:05:08,636 [pool-67-thread-1] INFO  server.RaftServerConfigKeys (ConfUtils.java:logGet(43)) - raft.server.sleep.deviation.threshold = 300 (default)
2019-10-09 13:05:08,636 [pool-77-thread-1] INFO  server.RaftServerConfigKeys (ConfUtils.java:logGet(43)) - raft.server.rpc.timeout.min = 5s (custom)
2019-10-09 13:05:08,636 [pool-67-thread-1] INFO  server.RaftServerConfigKeys (ConfUtils.java:logGet(43)) - raft.server.log.appender.install.snapshot.enabled = false (custom)
2019-10-09 13:05:08,636 [pool-77-thread-1] INFO  server.RaftServerConfigKeys (ConfUtils.java:logGet(43)) - raft.server.rpc.timeout.max = 5200ms (custom)
2019-10-09 13:05:08,636 [pool-67-thread-1] INFO  impl.RaftServerImpl (ServerState.java:<init>(103)) - 3eeab9a4-47d5-4980-9c6e-5102901e869a@group-611ECB217B3F: ConfigurationManager, init=-1: [194018c8-bd25-415f-9941-0e401fd1a71b:192.168.5.175:36608, a951a5ca-0ab5-470b-9716-44f820a131a6:192.168.5.175:37446, 3eeab9a4-47d5-4980-9c6e-5102901e869a:192.168.5.175:43254], old=null, confs=<EMPTY_MAP>
2019-10-09 13:05:08,636 [pool-77-thread-1] INFO  server.RaftServerConfigKeys (ConfUtils.java:logGet(43)) - raft.server.rpcslowness.timeout = 120s (custom)
2019-10-09 13:05:08,637 [pool-67-thread-1] INFO  server.RaftServerConfigKeys (ConfUtils.java:logGet(43)) - raft.server.storage.dir = [/workdir/hadoop-ozone/integration-test/target/test-dir/MiniOzoneClusterImpl-92c4d179-1d16-4416-8bce-4538b25b782c/datanode-4/data/ratis] (custom)
2019-10-09 13:05:08,637 [pool-77-thread-1] INFO  server.RaftServerConfigKeys (ConfUtils.java:logGet(43)) - raft.server.sleep.deviation.threshold = 300 (default)
2019-10-09 13:05:08,637 [pool-77-thread-1] INFO  server.RaftServerConfigKeys (ConfUtils.java:logGet(43)) - raft.server.log.appender.install.snapshot.enabled = false (custom)
2019-10-09 13:05:08,637 [pool-67-thread-1] INFO  storage.RaftStorageDirectory (RaftStorageDirectory.java:analyzeStorage(246)) - The storage directory /workdir/hadoop-ozone/integration-test/target/test-dir/MiniOzoneClusterImpl-92c4d179-1d16-4416-8bce-4538b25b782c/datanode-4/data/ratis/d9b70c17-76ac-42f0-ae06-611ecb217b3f does not exist. Creating ...
2019-10-09 13:05:08,637 [pool-77-thread-1] INFO  impl.RaftServerImpl (ServerState.java:<init>(103)) - a951a5ca-0ab5-470b-9716-44f820a131a6@group-611ECB217B3F: ConfigurationManager, init=-1: [194018c8-bd25-415f-9941-0e401fd1a71b:192.168.5.175:36608, a951a5ca-0ab5-470b-9716-44f820a131a6:192.168.5.175:37446, 3eeab9a4-47d5-4980-9c6e-5102901e869a:192.168.5.175:43254], old=null, confs=<EMPTY_MAP>
2019-10-09 13:05:08,637 [pool-77-thread-1] INFO  server.RaftServerConfigKeys (ConfUtils.java:logGet(43)) - raft.server.storage.dir = [/workdir/hadoop-ozone/integration-test/target/test-dir/MiniOzoneClusterImpl-92c4d179-1d16-4416-8bce-4538b25b782c/datanode-5/data/ratis] (custom)
2019-10-09 13:05:08,638 [pool-77-thread-1] INFO  storage.RaftStorageDirectory (RaftStorageDirectory.java:analyzeStorage(246)) - The storage directory /workdir/hadoop-ozone/integration-test/target/test-dir/MiniOzoneClusterImpl-92c4d179-1d16-4416-8bce-4538b25b782c/datanode-5/data/ratis/d9b70c17-76ac-42f0-ae06-611ecb217b3f does not exist. Creating ...
2019-10-09 13:05:08,661 [pool-77-thread-1] INFO  storage.RaftStorageDirectory (RaftStorageDirectory.java:tryLock(328)) - Lock on /workdir/hadoop-ozone/integration-test/target/test-dir/MiniOzoneClusterImpl-92c4d179-1d16-4416-8bce-4538b25b782c/datanode-5/data/ratis/d9b70c17-76ac-42f0-ae06-611ecb217b3f/in_use.lock acquired by nodename 6401@pr-hdds-1569-mfl88-1504498049
2019-10-09 13:05:08,661 [pool-57-thread-1] INFO  storage.RaftStorageDirectory (RaftStorageDirectory.java:tryLock(328)) - Lock on /workdir/hadoop-ozone/integration-test/target/test-dir/MiniOzoneClusterImpl-92c4d179-1d16-4416-8bce-4538b25b782c/datanode-3/data/ratis/d9b70c17-76ac-42f0-ae06-611ecb217b3f/in_use.lock acquired by nodename 6401@pr-hdds-1569-mfl88-1504498049
2019-10-09 13:05:08,661 [pool-67-thread-1] INFO  storage.RaftStorageDirectory (RaftStorageDirectory.java:tryLock(328)) - Lock on /workdir/hadoop-ozone/integration-test/target/test-dir/MiniOzoneClusterImpl-92c4d179-1d16-4416-8bce-4538b25b782c/datanode-4/data/ratis/d9b70c17-76ac-42f0-ae06-611ecb217b3f/in_use.lock acquired by nodename 6401@pr-hdds-1569-mfl88-1504498049
2019-10-09 13:05:08,677 [pool-67-thread-1] INFO  storage.RaftStorage (RaftStorage.java:format(72)) - Storage directory /workdir/hadoop-ozone/integration-test/target/test-dir/MiniOzoneClusterImpl-92c4d179-1d16-4416-8bce-4538b25b782c/datanode-4/data/ratis/d9b70c17-76ac-42f0-ae06-611ecb217b3f has been successfully formatted.
2019-10-09 13:05:08,677 [pool-77-thread-1] INFO  storage.RaftStorage (RaftStorage.java:format(72)) - Storage directory /workdir/hadoop-ozone/integration-test/target/test-dir/MiniOzoneClusterImpl-92c4d179-1d16-4416-8bce-4538b25b782c/datanode-5/data/ratis/d9b70c17-76ac-42f0-ae06-611ecb217b3f has been successfully formatted.
2019-10-09 13:05:08,677 [pool-57-thread-1] INFO  storage.RaftStorage (RaftStorage.java:format(72)) - Storage directory /workdir/hadoop-ozone/integration-test/target/test-dir/MiniOzoneClusterImpl-92c4d179-1d16-4416-8bce-4538b25b782c/datanode-3/data/ratis/d9b70c17-76ac-42f0-ae06-611ecb217b3f has been successfully formatted.
2019-10-09 13:05:08,678 [pool-77-thread-1] INFO  ratis.ContainerStateMachine (ContainerStateMachine.java:loadSnapshot(230)) - group-611ECB217B3F: The snapshot info is null. Setting the last applied indexto:(t:0, i:~)
2019-10-09 13:05:08,678 [pool-67-thread-1] INFO  ratis.ContainerStateMachine (ContainerStateMachine.java:loadSnapshot(230)) - group-611ECB217B3F: The snapshot info is null. Setting the last applied indexto:(t:0, i:~)
2019-10-09 13:05:08,678 [pool-57-thread-1] INFO  ratis.ContainerStateMachine (ContainerStateMachine.java:loadSnapshot(230)) - group-611ECB217B3F: The snapshot info is null. Setting the last applied indexto:(t:0, i:~)
2019-10-09 13:05:08,678 [pool-77-thread-1] INFO  server.RaftServerConfigKeys (ConfUtils.java:logGet(43)) - raft.server.notification.no-leader.timeout = 120s (custom)
2019-10-09 13:05:08,678 [pool-57-thread-1] INFO  server.RaftServerConfigKeys (ConfUtils.java:logGet(43)) - raft.server.notification.no-leader.timeout = 120s (custom)
2019-10-09 13:05:08,678 [pool-67-thread-1] INFO  server.RaftServerConfigKeys (ConfUtils.java:logGet(43)) - raft.server.notification.no-leader.timeout = 120s (custom)
2019-10-09 13:05:08,679 [pool-57-thread-1] INFO  server.RaftServerConfigKeys (ConfUtils.java:logGet(43)) - raft.server.log.use.memory = false (default)
2019-10-09 13:05:08,679 [pool-77-thread-1] INFO  server.RaftServerConfigKeys (ConfUtils.java:logGet(43)) - raft.server.log.use.memory = false (default)
2019-10-09 13:05:08,679 [pool-57-thread-1] INFO  server.RaftServerConfigKeys (ConfUtils.java:logGet(43)) - raft.server.log.purge.gap = 1000000 (custom)
2019-10-09 13:05:08,679 [pool-67-thread-1] INFO  server.RaftServerConfigKeys (ConfUtils.java:logGet(43)) - raft.server.log.use.memory = false (default)
2019-10-09 13:05:08,679 [pool-57-thread-1] INFO  server.RaftServerConfigKeys (ConfUtils.java:logGet(43)) - raft.server.log.appender.buffer.byte-limit = 33554432 (custom)
2019-10-09 13:05:08,679 [pool-77-thread-1] INFO  server.RaftServerConfigKeys (ConfUtils.java:logGet(43)) - raft.server.log.purge.gap = 1000000 (custom)
2019-10-09 13:05:08,680 [pool-57-thread-1] INFO  server.RaftServerConfigKeys (ConfUtils.java:logGet(43)) - raft.server.log.segment.size.max = 1048576 (custom)
2019-10-09 13:05:08,680 [pool-67-thread-1] INFO  server.RaftServerConfigKeys (ConfUtils.java:logGet(43)) - raft.server.log.purge.gap = 1000000 (custom)
2019-10-09 13:05:08,680 [pool-57-thread-1] INFO  server.RaftServerConfigKeys (ConfUtils.java:logGet(43)) - raft.server.log.segment.cache.num.max = 2 (custom)
2019-10-09 13:05:08,680 [pool-77-thread-1] INFO  server.RaftServerConfigKeys (ConfUtils.java:logGet(43)) - raft.server.log.appender.buffer.byte-limit = 33554432 (custom)
2019-10-09 13:05:08,680 [pool-57-thread-1] INFO  segmented.SegmentedRaftLogWorker (SegmentedRaftLogWorker.java:<init>(172)) - new 194018c8-bd25-415f-9941-0e401fd1a71b@group-611ECB217B3F-SegmentedRaftLogWorker for RaftStorage:Storage Directory /workdir/hadoop-ozone/integration-test/target/test-dir/MiniOzoneClusterImpl-92c4d179-1d16-4416-8bce-4538b25b782c/datanode-3/data/ratis/d9b70c17-76ac-42f0-ae06-611ecb217b3f
2019-10-09 13:05:08,680 [pool-67-thread-1] INFO  server.RaftServerConfigKeys (ConfUtils.java:logGet(43)) - raft.server.log.appender.buffer.byte-limit = 33554432 (custom)
2019-10-09 13:05:08,681 [pool-57-thread-1] INFO  server.RaftServerConfigKeys (ConfUtils.java:logGet(43)) - raft.server.log.queue.byte-limit = 2147483647 (custom)
2019-10-09 13:05:08,681 [pool-77-thread-1] INFO  server.RaftServerConfigKeys (ConfUtils.java:logGet(43)) - raft.server.log.segment.size.max = 1048576 (custom)
2019-10-09 13:05:08,681 [pool-57-thread-1] INFO  server.RaftServerConfigKeys (ConfUtils.java:logGet(43)) - raft.server.log.queue.element-limit = 1024 (custom)
2019-10-09 13:05:08,681 [pool-67-thread-1] INFO  server.RaftServerConfigKeys (ConfUtils.java:logGet(43)) - raft.server.log.segment.size.max = 1048576 (custom)
2019-10-09 13:05:08,682 [pool-57-thread-1] INFO  server.RaftServerConfigKeys (ConfUtils.java:logGet(43)) - raft.server.log.segment.size.max = 1048576 (custom)
2019-10-09 13:05:08,681 [pool-77-thread-1] INFO  server.RaftServerConfigKeys (ConfUtils.java:logGet(43)) - raft.server.log.segment.cache.num.max = 2 (custom)
2019-10-09 13:05:08,682 [pool-57-thread-1] INFO  server.RaftServerConfigKeys (ConfUtils.java:logGet(43)) - raft.server.log.preallocated.size = 16384 (custom)
2019-10-09 13:05:08,682 [pool-67-thread-1] INFO  server.RaftServerConfigKeys (ConfUtils.java:logGet(43)) - raft.server.log.segment.cache.num.max = 2 (custom)
2019-10-09 13:05:08,682 [pool-57-thread-1] INFO  server.RaftServerConfigKeys (ConfUtils.java:logGet(43)) - raft.server.log.write.buffer.size = 33554432 (custom)
2019-10-09 13:05:08,682 [pool-57-thread-1] INFO  server.RaftServerConfigKeys (ConfUtils.java:logGet(43)) - raft.server.log.force.sync.num = 128 (default)
2019-10-09 13:05:08,682 [pool-77-thread-1] INFO  segmented.SegmentedRaftLogWorker (SegmentedRaftLogWorker.java:<init>(172)) - new a951a5ca-0ab5-470b-9716-44f820a131a6@group-611ECB217B3F-SegmentedRaftLogWorker for RaftStorage:Storage Directory /workdir/hadoop-ozone/integration-test/target/test-dir/MiniOzoneClusterImpl-92c4d179-1d16-4416-8bce-4538b25b782c/datanode-5/data/ratis/d9b70c17-76ac-42f0-ae06-611ecb217b3f
2019-10-09 13:05:08,683 [pool-57-thread-1] INFO  server.RaftServerConfigKeys (ConfUtils.java:logGet(43)) - raft.server.log.statemachine.data.sync = true (default)
2019-10-09 13:05:08,682 [pool-67-thread-1] INFO  segmented.SegmentedRaftLogWorker (SegmentedRaftLogWorker.java:<init>(172)) - new 3eeab9a4-47d5-4980-9c6e-5102901e869a@group-611ECB217B3F-SegmentedRaftLogWorker for RaftStorage:Storage Directory /workdir/hadoop-ozone/integration-test/target/test-dir/MiniOzoneClusterImpl-92c4d179-1d16-4416-8bce-4538b25b782c/datanode-4/data/ratis/d9b70c17-76ac-42f0-ae06-611ecb217b3f
2019-10-09 13:05:08,683 [pool-57-thread-1] INFO  server.RaftServerConfigKeys (ConfUtils.java:logGet(43)) - raft.server.log.statemachine.data.sync.timeout = 10s (default)
2019-10-09 13:05:08,683 [pool-77-thread-1] INFO  server.RaftServerConfigKeys (ConfUtils.java:logGet(43)) - raft.server.log.queue.byte-limit = 2147483647 (custom)
2019-10-09 13:05:08,683 [pool-57-thread-1] INFO  server.RaftServerConfigKeys (ConfUtils.java:logGet(43)) - raft.server.log.statemachine.data.sync.timeout.retry = -1 (default)
2019-10-09 13:05:08,683 [pool-67-thread-1] INFO  server.RaftServerConfigKeys (ConfUtils.java:logGet(43)) - raft.server.log.queue.byte-limit = 2147483647 (custom)
2019-10-09 13:05:08,684 [pool-57-thread-1] INFO  server.RaftServerConfigKeys (ConfUtils.java:logGet(43)) - raft.server.log.statemachine.data.caching.enabled = true (custom)
2019-10-09 13:05:08,683 [pool-77-thread-1] INFO  server.RaftServerConfigKeys (ConfUtils.java:logGet(43)) - raft.server.log.queue.element-limit = 1024 (custom)
2019-10-09 13:05:08,684 [pool-67-thread-1] INFO  server.RaftServerConfigKeys (ConfUtils.java:logGet(43)) - raft.server.log.queue.element-limit = 1024 (custom)
2019-10-09 13:05:08,684 [pool-57-thread-1] INFO  segmented.SegmentedRaftLogWorker (SegmentedRaftLogWorker.java:lambda$new$0(132)) - 194018c8-bd25-415f-9941-0e401fd1a71b@group-611ECB217B3F-SegmentedRaftLogWorker: flushIndex: setUnconditionally 0 -> -1
2019-10-09 13:05:08,684 [pool-77-thread-1] INFO  server.RaftServerConfigKeys (ConfUtils.java:logGet(43)) - raft.server.log.segment.size.max = 1048576 (custom)
2019-10-09 13:05:08,684 [pool-67-thread-1] INFO  server.RaftServerConfigKeys (ConfUtils.java:logGet(43)) - raft.server.log.segment.size.max = 1048576 (custom)
2019-10-09 13:05:08,685 [pool-57-thread-1] INFO  server.RaftServerConfigKeys (ConfUtils.java:logGet(43)) - raft.server.snapshot.auto.trigger.enabled = true (custom)
2019-10-09 13:05:08,685 [pool-77-thread-1] INFO  server.RaftServerConfigKeys (ConfUtils.java:logGet(43)) - raft.server.log.preallocated.size = 16384 (custom)
2019-10-09 13:05:08,685 [pool-57-thread-1] INFO  server.RaftServerConfigKeys (ConfUtils.java:logGet(43)) - raft.server.snapshot.auto.trigger.threshold = 10000 (custom)
2019-10-09 13:05:08,685 [pool-67-thread-1] INFO  server.RaftServerConfigKeys (ConfUtils.java:logGet(43)) - raft.server.log.preallocated.size = 16384 (custom)
2019-10-09 13:05:08,685 [pool-57-thread-1] INFO  server.RaftServerConfigKeys (ConfUtils.java:logGet(43)) - raft.server.snapshot.retention.num.files = 5 (custom)
2019-10-09 13:05:08,685 [pool-77-thread-1] INFO  server.RaftServerConfigKeys (ConfUtils.java:logGet(43)) - raft.server.log.write.buffer.size = 33554432 (custom)
2019-10-09 13:05:08,686 [pool-57-thread-1] INFO  server.RaftServerConfigKeys (ConfUtils.java:logGet(43)) - raft.server.retrycache.expirytime = 600000ms (custom)
2019-10-09 13:05:08,685 [pool-67-thread-1] INFO  server.RaftServerConfigKeys (ConfUtils.java:logGet(43)) - raft.server.log.write.buffer.size = 33554432 (custom)
2019-10-09 13:05:08,686 [pool-77-thread-1] INFO  server.RaftServerConfigKeys (ConfUtils.java:logGet(43)) - raft.server.log.force.sync.num = 128 (default)
2019-10-09 13:05:08,686 [pool-67-thread-1] INFO  server.RaftServerConfigKeys (ConfUtils.java:logGet(43)) - raft.server.log.force.sync.num = 128 (default)
2019-10-09 13:05:08,686 [pool-77-thread-1] INFO  server.RaftServerConfigKeys (ConfUtils.java:logGet(43)) - raft.server.log.statemachine.data.sync = true (default)
2019-10-09 13:05:08,686 [pool-67-thread-1] INFO  server.RaftServerConfigKeys (ConfUtils.java:logGet(43)) - raft.server.log.statemachine.data.sync = true (default)
2019-10-09 13:05:08,686 [pool-77-thread-1] INFO  server.RaftServerConfigKeys (ConfUtils.java:logGet(43)) - raft.server.log.statemachine.data.sync.timeout = 10s (default)
2019-10-09 13:05:08,687 [pool-67-thread-1] INFO  server.RaftServerConfigKeys (ConfUtils.java:logGet(43)) - raft.server.log.statemachine.data.sync.timeout = 10s (default)
2019-10-09 13:05:08,687 [pool-77-thread-1] INFO  server.RaftServerConfigKeys (ConfUtils.java:logGet(43)) - raft.server.log.statemachine.data.sync.timeout.retry = -1 (default)
2019-10-09 13:05:08,687 [pool-67-thread-1] INFO  server.RaftServerConfigKeys (ConfUtils.java:logGet(43)) - raft.server.log.statemachine.data.sync.timeout.retry = -1 (default)
2019-10-09 13:05:08,687 [pool-77-thread-1] INFO  server.RaftServerConfigKeys (ConfUtils.java:logGet(43)) - raft.server.log.statemachine.data.caching.enabled = true (custom)
2019-10-09 13:05:08,687 [pool-67-thread-1] INFO  server.RaftServerConfigKeys (ConfUtils.java:logGet(43)) - raft.server.log.statemachine.data.caching.enabled = true (custom)
2019-10-09 13:05:08,687 [pool-77-thread-1] INFO  segmented.SegmentedRaftLogWorker (SegmentedRaftLogWorker.java:lambda$new$0(132)) - a951a5ca-0ab5-470b-9716-44f820a131a6@group-611ECB217B3F-SegmentedRaftLogWorker: flushIndex: setUnconditionally 0 -> -1
2019-10-09 13:05:08,688 [pool-67-thread-1] INFO  segmented.SegmentedRaftLogWorker (SegmentedRaftLogWorker.java:lambda$new$0(132)) - 3eeab9a4-47d5-4980-9c6e-5102901e869a@group-611ECB217B3F-SegmentedRaftLogWorker: flushIndex: setUnconditionally 0 -> -1
2019-10-09 13:05:08,688 [pool-77-thread-1] INFO  server.RaftServerConfigKeys (ConfUtils.java:logGet(43)) - raft.server.snapshot.auto.trigger.enabled = true (custom)
2019-10-09 13:05:08,688 [pool-67-thread-1] INFO  server.RaftServerConfigKeys (ConfUtils.java:logGet(43)) - raft.server.snapshot.auto.trigger.enabled = true (custom)
2019-10-09 13:05:08,688 [pool-77-thread-1] INFO  server.RaftServerConfigKeys (ConfUtils.java:logGet(43)) - raft.server.snapshot.auto.trigger.threshold = 10000 (custom)
2019-10-09 13:05:08,688 [pool-67-thread-1] INFO  server.RaftServerConfigKeys (ConfUtils.java:logGet(43)) - raft.server.snapshot.auto.trigger.threshold = 10000 (custom)
2019-10-09 13:05:08,688 [pool-77-thread-1] INFO  server.RaftServerConfigKeys (ConfUtils.java:logGet(43)) - raft.server.snapshot.retention.num.files = 5 (custom)
2019-10-09 13:05:08,688 [pool-67-thread-1] INFO  server.RaftServerConfigKeys (ConfUtils.java:logGet(43)) - raft.server.snapshot.retention.num.files = 5 (custom)
2019-10-09 13:05:08,689 [pool-77-thread-1] INFO  server.RaftServerConfigKeys (ConfUtils.java:logGet(43)) - raft.server.retrycache.expirytime = 600000ms (custom)
2019-10-09 13:05:08,689 [pool-67-thread-1] INFO  server.RaftServerConfigKeys (ConfUtils.java:logGet(43)) - raft.server.retrycache.expirytime = 600000ms (custom)
2019-10-09 13:05:08,689 [pool-57-thread-1] INFO  impl.RaftServerImpl (RaftServerImpl.java:start(185)) - 194018c8-bd25-415f-9941-0e401fd1a71b@group-611ECB217B3F: start as a follower, conf=-1: [194018c8-bd25-415f-9941-0e401fd1a71b:192.168.5.175:36608, a951a5ca-0ab5-470b-9716-44f820a131a6:192.168.5.175:37446, 3eeab9a4-47d5-4980-9c6e-5102901e869a:192.168.5.175:43254], old=null
2019-10-09 13:05:08,689 [pool-57-thread-1] INFO  impl.RaftServerImpl (RaftServerImpl.java:setRole(174)) - 194018c8-bd25-415f-9941-0e401fd1a71b@group-611ECB217B3F: changes role from      null to FOLLOWER at term 0 for startAsFollower
2019-10-09 13:05:08,689 [pool-57-thread-1] INFO  impl.RoleInfo (RoleInfo.java:updateAndGet(143)) - 194018c8-bd25-415f-9941-0e401fd1a71b: start FollowerState
2019-10-09 13:05:08,690 [pool-57-thread-1] INFO  util.JmxRegister (JmxRegister.java:tryRegister(44)) - Successfully registered JMX Bean with object name Ratis:service=RaftServer,group=group-611ECB217B3F,id=194018c8-bd25-415f-9941-0e401fd1a71b
2019-10-09 13:05:08,692 [pool-77-thread-1] INFO  impl.RaftServerImpl (RaftServerImpl.java:start(185)) - a951a5ca-0ab5-470b-9716-44f820a131a6@group-611ECB217B3F: start as a follower, conf=-1: [194018c8-bd25-415f-9941-0e401fd1a71b:192.168.5.175:36608, a951a5ca-0ab5-470b-9716-44f820a131a6:192.168.5.175:37446, 3eeab9a4-47d5-4980-9c6e-5102901e869a:192.168.5.175:43254], old=null
2019-10-09 13:05:08,692 [pool-77-thread-1] INFO  impl.RaftServerImpl (RaftServerImpl.java:setRole(174)) - a951a5ca-0ab5-470b-9716-44f820a131a6@group-611ECB217B3F: changes role from      null to FOLLOWER at term 0 for startAsFollower
2019-10-09 13:05:08,692 [pool-77-thread-1] INFO  impl.RoleInfo (RoleInfo.java:updateAndGet(143)) - a951a5ca-0ab5-470b-9716-44f820a131a6: start FollowerState
2019-10-09 13:05:08,693 [pool-67-thread-1] INFO  impl.RaftServerImpl (RaftServerImpl.java:start(185)) - 3eeab9a4-47d5-4980-9c6e-5102901e869a@group-611ECB217B3F: start as a follower, conf=-1: [194018c8-bd25-415f-9941-0e401fd1a71b:192.168.5.175:36608, a951a5ca-0ab5-470b-9716-44f820a131a6:192.168.5.175:37446, 3eeab9a4-47d5-4980-9c6e-5102901e869a:192.168.5.175:43254], old=null
2019-10-09 13:05:08,693 [pool-67-thread-1] INFO  impl.RaftServerImpl (RaftServerImpl.java:setRole(174)) - 3eeab9a4-47d5-4980-9c6e-5102901e869a@group-611ECB217B3F: changes role from      null to FOLLOWER at term 0 for startAsFollower
2019-10-09 13:05:08,693 [pool-77-thread-1] INFO  util.JmxRegister (JmxRegister.java:tryRegister(44)) - Successfully registered JMX Bean with object name Ratis:service=RaftServer,group=group-611ECB217B3F,id=a951a5ca-0ab5-470b-9716-44f820a131a6
2019-10-09 13:05:08,693 [pool-67-thread-1] INFO  impl.RoleInfo (RoleInfo.java:updateAndGet(143)) - 3eeab9a4-47d5-4980-9c6e-5102901e869a: start FollowerState
2019-10-09 13:05:08,693 [pool-67-thread-1] INFO  util.JmxRegister (JmxRegister.java:tryRegister(44)) - Successfully registered JMX Bean with object name Ratis:service=RaftServer,group=group-611ECB217B3F,id=3eeab9a4-47d5-4980-9c6e-5102901e869a
2019-10-09 13:05:08,696 [RatisPipelineUtilsThread] INFO  pipeline.PipelineStateManager (PipelineStateManager.java:addPipeline(56)) - Created pipeline Pipeline[ Id: d9b70c17-76ac-42f0-ae06-611ecb217b3f, Nodes: a951a5ca-0ab5-470b-9716-44f820a131a6{ip: 192.168.5.175, host: pr-hdds-1569-mfl88-1504498049, networkLocation: /default-rack, certSerialId: null}194018c8-bd25-415f-9941-0e401fd1a71b{ip: 192.168.5.175, host: pr-hdds-1569-mfl88-1504498049, networkLocation: /default-rack, certSerialId: null}3eeab9a4-47d5-4980-9c6e-5102901e869a{ip: 192.168.5.175, host: pr-hdds-1569-mfl88-1504498049, networkLocation: /default-rack, certSerialId: null}, Type:RATIS, Factor:THREE, State:OPEN]
2019-10-09 13:05:08,703 [grpc-default-executor-7] INFO  impl.RaftServerProxy (RaftServerProxy.java:addNew(89)) - a951a5ca-0ab5-470b-9716-44f820a131a6: addNew group-F081FF3511EB:[194018c8-bd25-415f-9941-0e401fd1a71b:192.168.5.175:36608, 3eeab9a4-47d5-4980-9c6e-5102901e869a:192.168.5.175:43254, a951a5ca-0ab5-470b-9716-44f820a131a6:192.168.5.175:37446] returns group-F081FF3511EB:java.util.concurrent.CompletableFuture@60f37d73[Not completed]
2019-10-09 13:05:08,704 [pool-77-thread-1] INFO  impl.RaftServerImpl (RaftServerImpl.java:<init>(95)) - a951a5ca-0ab5-470b-9716-44f820a131a6: new RaftServerImpl for group-F081FF3511EB:[194018c8-bd25-415f-9941-0e401fd1a71b:192.168.5.175:36608, 3eeab9a4-47d5-4980-9c6e-5102901e869a:192.168.5.175:43254, a951a5ca-0ab5-470b-9716-44f820a131a6:192.168.5.175:37446] with ContainerStateMachine:uninitialized
2019-10-09 13:05:08,704 [pool-77-thread-1] INFO  server.RaftServerConfigKeys (ConfUtils.java:logGet(43)) - raft.server.rpc.timeout.min = 5s (custom)
2019-10-09 13:05:08,704 [pool-77-thread-1] INFO  server.RaftServerConfigKeys (ConfUtils.java:logGet(43)) - raft.server.rpc.timeout.max = 5200ms (custom)
2019-10-09 13:05:08,704 [pool-77-thread-1] INFO  server.RaftServerConfigKeys (ConfUtils.java:logGet(43)) - raft.server.rpcslowness.timeout = 120s (custom)
2019-10-09 13:05:08,704 [grpc-default-executor-7] INFO  impl.RaftServerProxy (RaftServerProxy.java:addNew(89)) - 3eeab9a4-47d5-4980-9c6e-5102901e869a: addNew group-F081FF3511EB:[194018c8-bd25-415f-9941-0e401fd1a71b:192.168.5.175:36608, 3eeab9a4-47d5-4980-9c6e-5102901e869a:192.168.5.175:43254, a951a5ca-0ab5-470b-9716-44f820a131a6:192.168.5.175:37446] returns group-F081FF3511EB:java.util.concurrent.CompletableFuture@54a0d7f8[Not completed]
2019-10-09 13:05:08,704 [pool-77-thread-1] INFO  server.RaftServerConfigKeys (ConfUtils.java:logGet(43)) - raft.server.sleep.deviation.threshold = 300 (default)
2019-10-09 13:05:08,705 [grpc-default-executor-9] INFO  impl.RaftServerProxy (RaftServerProxy.java:addNew(89)) - 194018c8-bd25-415f-9941-0e401fd1a71b: addNew group-F081FF3511EB:[194018c8-bd25-415f-9941-0e401fd1a71b:192.168.5.175:36608, 3eeab9a4-47d5-4980-9c6e-5102901e869a:192.168.5.175:43254, a951a5ca-0ab5-470b-9716-44f820a131a6:192.168.5.175:37446] returns group-F081FF3511EB:java.util.concurrent.CompletableFuture@2f0ba590[Not completed]
2019-10-09 13:05:08,705 [pool-77-thread-1] INFO  server.RaftServerConfigKeys (ConfUtils.java:logGet(43)) - raft.server.log.appender.install.snapshot.enabled = false (custom)
2019-10-09 13:05:08,705 [pool-77-thread-1] INFO  impl.RaftServerImpl (ServerState.java:<init>(103)) - a951a5ca-0ab5-470b-9716-44f820a131a6@group-F081FF3511EB: ConfigurationManager, init=-1: [194018c8-bd25-415f-9941-0e401fd1a71b:192.168.5.175:36608, 3eeab9a4-47d5-4980-9c6e-5102901e869a:192.168.5.175:43254, a951a5ca-0ab5-470b-9716-44f820a131a6:192.168.5.175:37446], old=null, confs=<EMPTY_MAP>
2019-10-09 13:05:08,705 [pool-77-thread-1] INFO  server.RaftServerConfigKeys (ConfUtils.java:logGet(43)) - raft.server.storage.dir = [/workdir/hadoop-ozone/integration-test/target/test-dir/MiniOzoneClusterImpl-92c4d179-1d16-4416-8bce-4538b25b782c/datanode-5/data/ratis] (custom)
2019-10-09 13:05:08,706 [pool-67-thread-1] INFO  impl.RaftServerImpl (RaftServerImpl.java:<init>(95)) - 3eeab9a4-47d5-4980-9c6e-5102901e869a: new RaftServerImpl for group-F081FF3511EB:[194018c8-bd25-415f-9941-0e401fd1a71b:192.168.5.175:36608, 3eeab9a4-47d5-4980-9c6e-5102901e869a:192.168.5.175:43254, a951a5ca-0ab5-470b-9716-44f820a131a6:192.168.5.175:37446] with ContainerStateMachine:uninitialized
2019-10-09 13:05:08,706 [pool-77-thread-1] INFO  storage.RaftStorageDirectory (RaftStorageDirectory.java:analyzeStorage(246)) - The storage directory /workdir/hadoop-ozone/integration-test/target/test-dir/MiniOzoneClusterImpl-92c4d179-1d16-4416-8bce-4538b25b782c/datanode-5/data/ratis/8e8e3dec-ac18-48dc-941a-f081ff3511eb does not exist. Creating ...
2019-10-09 13:05:08,706 [pool-67-thread-1] INFO  server.RaftServerConfigKeys (ConfUtils.java:logGet(43)) - raft.server.rpc.timeout.min = 5s (custom)
2019-10-09 13:05:08,706 [pool-67-thread-1] INFO  server.RaftServerConfigKeys (ConfUtils.java:logGet(43)) - raft.server.rpc.timeout.max = 5200ms (custom)
2019-10-09 13:05:08,706 [pool-67-thread-1] INFO  server.RaftServerConfigKeys (ConfUtils.java:logGet(43)) - raft.server.rpcslowness.timeout = 120s (custom)
2019-10-09 13:05:08,706 [pool-67-thread-1] INFO  server.RaftServerConfigKeys (ConfUtils.java:logGet(43)) - raft.server.sleep.deviation.threshold = 300 (default)
2019-10-09 13:05:08,706 [pool-57-thread-1] INFO  impl.RaftServerImpl (RaftServerImpl.java:<init>(95)) - 194018c8-bd25-415f-9941-0e401fd1a71b: new RaftServerImpl for group-F081FF3511EB:[194018c8-bd25-415f-9941-0e401fd1a71b:192.168.5.175:36608, 3eeab9a4-47d5-4980-9c6e-5102901e869a:192.168.5.175:43254, a951a5ca-0ab5-470b-9716-44f820a131a6:192.168.5.175:37446] with ContainerStateMachine:uninitialized
2019-10-09 13:05:08,706 [pool-67-thread-1] INFO  server.RaftServerConfigKeys (ConfUtils.java:logGet(43)) - raft.server.log.appender.install.snapshot.enabled = false (custom)
2019-10-09 13:05:08,707 [pool-57-thread-1] INFO  server.RaftServerConfigKeys (ConfUtils.java:logGet(43)) - raft.server.rpc.timeout.min = 5s (custom)
2019-10-09 13:05:08,707 [pool-67-thread-1] INFO  impl.RaftServerImpl (ServerState.java:<init>(103)) - 3eeab9a4-47d5-4980-9c6e-5102901e869a@group-F081FF3511EB: ConfigurationManager, init=-1: [194018c8-bd25-415f-9941-0e401fd1a71b:192.168.5.175:36608, 3eeab9a4-47d5-4980-9c6e-5102901e869a:192.168.5.175:43254, a951a5ca-0ab5-470b-9716-44f820a131a6:192.168.5.175:37446], old=null, confs=<EMPTY_MAP>
2019-10-09 13:05:08,707 [pool-57-thread-1] INFO  server.RaftServerConfigKeys (ConfUtils.java:logGet(43)) - raft.server.rpc.timeout.max = 5200ms (custom)
2019-10-09 13:05:08,707 [pool-67-thread-1] INFO  server.RaftServerConfigKeys (ConfUtils.java:logGet(43)) - raft.server.storage.dir = [/workdir/hadoop-ozone/integration-test/target/test-dir/MiniOzoneClusterImpl-92c4d179-1d16-4416-8bce-4538b25b782c/datanode-4/data/ratis] (custom)
2019-10-09 13:05:08,707 [pool-57-thread-1] INFO  server.RaftServerConfigKeys (ConfUtils.java:logGet(43)) - raft.server.rpcslowness.timeout = 120s (custom)
2019-10-09 13:05:08,707 [pool-57-thread-1] INFO  server.RaftServerConfigKeys (ConfUtils.java:logGet(43)) - raft.server.sleep.deviation.threshold = 300 (default)
2019-10-09 13:05:08,707 [pool-67-thread-1] INFO  storage.RaftStorageDirectory (RaftStorageDirectory.java:analyzeStorage(246)) - The storage directory /workdir/hadoop-ozone/integration-test/target/test-dir/MiniOzoneClusterImpl-92c4d179-1d16-4416-8bce-4538b25b782c/datanode-4/data/ratis/8e8e3dec-ac18-48dc-941a-f081ff3511eb does not exist. Creating ...
2019-10-09 13:05:08,707 [pool-57-thread-1] INFO  server.RaftServerConfigKeys (ConfUtils.java:logGet(43)) - raft.server.log.appender.install.snapshot.enabled = false (custom)
2019-10-09 13:05:08,708 [pool-57-thread-1] INFO  impl.RaftServerImpl (ServerState.java:<init>(103)) - 194018c8-bd25-415f-9941-0e401fd1a71b@group-F081FF3511EB: ConfigurationManager, init=-1: [194018c8-bd25-415f-9941-0e401fd1a71b:192.168.5.175:36608, 3eeab9a4-47d5-4980-9c6e-5102901e869a:192.168.5.175:43254, a951a5ca-0ab5-470b-9716-44f820a131a6:192.168.5.175:37446], old=null, confs=<EMPTY_MAP>
2019-10-09 13:05:08,708 [pool-57-thread-1] INFO  server.RaftServerConfigKeys (ConfUtils.java:logGet(43)) - raft.server.storage.dir = [/workdir/hadoop-ozone/integration-test/target/test-dir/MiniOzoneClusterImpl-92c4d179-1d16-4416-8bce-4538b25b782c/datanode-3/data/ratis] (custom)
2019-10-09 13:05:08,708 [pool-57-thread-1] INFO  storage.RaftStorageDirectory (RaftStorageDirectory.java:analyzeStorage(246)) - The storage directory /workdir/hadoop-ozone/integration-test/target/test-dir/MiniOzoneClusterImpl-92c4d179-1d16-4416-8bce-4538b25b782c/datanode-3/data/ratis/8e8e3dec-ac18-48dc-941a-f081ff3511eb does not exist. Creating ...
2019-10-09 13:05:08,719 [main] WARN  io.KeyOutputStream (KeyOutputStream.java:handleException(274)) - Encountered exception java.io.IOException: Unexpected Storage Container Exception: java.util.concurrent.CompletionException: java.util.concurrent.CompletionException: org.apache.ratis.protocol.GroupMismatchException: 3eeab9a4-47d5-4980-9c6e-5102901e869a: group-C24D4FE0C6F2 not found. on the pipeline Pipeline[ Id: 1c735ac8-e1e7-4625-9f7b-c24d4fe0c6f2, Nodes: f0cb1a3f-6ac7-4eb8-9514-6a797ff8471f{ip: 192.168.5.175, host: pr-hdds-1569-mfl88-1504498049, networkLocation: /default-rack, certSerialId: null}4f75c367-51e4-41c9-9287-4e8dd97f5c38{ip: 192.168.5.175, host: pr-hdds-1569-mfl88-1504498049, networkLocation: /default-rack, certSerialId: null}3eeab9a4-47d5-4980-9c6e-5102901e869a{ip: 192.168.5.175, host: pr-hdds-1569-mfl88-1504498049, networkLocation: /default-rack, certSerialId: null}, Type:RATIS, Factor:THREE, State:OPEN]. The last committed block length is 450, uncommitted data length is 350 retry count 0
2019-10-09 13:05:08,732 [pool-77-thread-1] INFO  storage.RaftStorageDirectory (RaftStorageDirectory.java:tryLock(328)) - Lock on /workdir/hadoop-ozone/integration-test/target/test-dir/MiniOzoneClusterImpl-92c4d179-1d16-4416-8bce-4538b25b782c/datanode-5/data/ratis/8e8e3dec-ac18-48dc-941a-f081ff3511eb/in_use.lock acquired by nodename 6401@pr-hdds-1569-mfl88-1504498049
2019-10-09 13:05:08,732 [pool-67-thread-1] INFO  storage.RaftStorageDirectory (RaftStorageDirectory.java:tryLock(328)) - Lock on /workdir/hadoop-ozone/integration-test/target/test-dir/MiniOzoneClusterImpl-92c4d179-1d16-4416-8bce-4538b25b782c/datanode-4/data/ratis/8e8e3dec-ac18-48dc-941a-f081ff3511eb/in_use.lock acquired by nodename 6401@pr-hdds-1569-mfl88-1504498049
2019-10-09 13:05:08,732 [pool-57-thread-1] INFO  storage.RaftStorageDirectory (RaftStorageDirectory.java:tryLock(328)) - Lock on /workdir/hadoop-ozone/integration-test/target/test-dir/MiniOzoneClusterImpl-92c4d179-1d16-4416-8bce-4538b25b782c/datanode-3/data/ratis/8e8e3dec-ac18-48dc-941a-f081ff3511eb/in_use.lock acquired by nodename 6401@pr-hdds-1569-mfl88-1504498049
2019-10-09 13:05:08,746 [pool-57-thread-1] INFO  storage.RaftStorage (RaftStorage.java:format(72)) - Storage directory /workdir/hadoop-ozone/integration-test/target/test-dir/MiniOzoneClusterImpl-92c4d179-1d16-4416-8bce-4538b25b782c/datanode-3/data/ratis/8e8e3dec-ac18-48dc-941a-f081ff3511eb has been successfully formatted.
2019-10-09 13:05:08,746 [pool-77-thread-1] INFO  storage.RaftStorage (RaftStorage.java:format(72)) - Storage directory /workdir/hadoop-ozone/integration-test/target/test-dir/MiniOzoneClusterImpl-92c4d179-1d16-4416-8bce-4538b25b782c/datanode-5/data/ratis/8e8e3dec-ac18-48dc-941a-f081ff3511eb has been successfully formatted.
2019-10-09 13:05:08,746 [pool-57-thread-1] INFO  ratis.ContainerStateMachine (ContainerStateMachine.java:loadSnapshot(230)) - group-F081FF3511EB: The snapshot info is null. Setting the last applied indexto:(t:0, i:~)
2019-10-09 13:05:08,746 [pool-67-thread-1] INFO  storage.RaftStorage (RaftStorage.java:format(72)) - Storage directory /workdir/hadoop-ozone/integration-test/target/test-dir/MiniOzoneClusterImpl-92c4d179-1d16-4416-8bce-4538b25b782c/datanode-4/data/ratis/8e8e3dec-ac18-48dc-941a-f081ff3511eb has been successfully formatted.
2019-10-09 13:05:08,753 [pool-57-thread-1] INFO  server.RaftServerConfigKeys (ConfUtils.java:logGet(43)) - raft.server.notification.no-leader.timeout = 120s (custom)
2019-10-09 13:05:08,753 [pool-77-thread-1] INFO  ratis.ContainerStateMachine (ContainerStateMachine.java:loadSnapshot(230)) - group-F081FF3511EB: The snapshot info is null. Setting the last applied indexto:(t:0, i:~)
2019-10-09 13:05:08,754 [pool-67-thread-1] INFO  ratis.ContainerStateMachine (ContainerStateMachine.java:loadSnapshot(230)) - group-F081FF3511EB: The snapshot info is null. Setting the last applied indexto:(t:0, i:~)
2019-10-09 13:05:08,754 [pool-57-thread-1] INFO  server.RaftServerConfigKeys (ConfUtils.java:logGet(43)) - raft.server.log.use.memory = false (default)
2019-10-09 13:05:08,754 [pool-67-thread-1] INFO  server.RaftServerConfigKeys (ConfUtils.java:logGet(43)) - raft.server.notification.no-leader.timeout = 120s (custom)
2019-10-09 13:05:08,754 [pool-77-thread-1] INFO  server.RaftServerConfigKeys (ConfUtils.java:logGet(43)) - raft.server.notification.no-leader.timeout = 120s (custom)
2019-10-09 13:05:08,754 [pool-67-thread-1] INFO  server.RaftServerConfigKeys (ConfUtils.java:logGet(43)) - raft.server.log.use.memory = false (default)
2019-10-09 13:05:08,754 [pool-57-thread-1] INFO  server.RaftServerConfigKeys (ConfUtils.java:logGet(43)) - raft.server.log.purge.gap = 1000000 (custom)
2019-10-09 13:05:08,755 [pool-67-thread-1] INFO  server.RaftServerConfigKeys (ConfUtils.java:logGet(43)) - raft.server.log.purge.gap = 1000000 (custom)
2019-10-09 13:05:08,754 [pool-77-thread-1] INFO  server.RaftServerConfigKeys (ConfUtils.java:logGet(43)) - raft.server.log.use.memory = false (default)
2019-10-09 13:05:08,755 [pool-67-thread-1] INFO  server.RaftServerConfigKeys (ConfUtils.java:logGet(43)) - raft.server.log.appender.buffer.byte-limit = 33554432 (custom)
2019-10-09 13:05:08,755 [pool-57-thread-1] INFO  server.RaftServerConfigKeys (ConfUtils.java:logGet(43)) - raft.server.log.appender.buffer.byte-limit = 33554432 (custom)
2019-10-09 13:05:08,755 [pool-67-thread-1] INFO  server.RaftServerConfigKeys (ConfUtils.java:logGet(43)) - raft.server.log.segment.size.max = 1048576 (custom)
2019-10-09 13:05:08,755 [pool-77-thread-1] INFO  server.RaftServerConfigKeys (ConfUtils.java:logGet(43)) - raft.server.log.purge.gap = 1000000 (custom)
2019-10-09 13:05:08,755 [pool-67-thread-1] INFO  server.RaftServerConfigKeys (ConfUtils.java:logGet(43)) - raft.server.log.segment.cache.num.max = 2 (custom)
2019-10-09 13:05:08,755 [pool-57-thread-1] INFO  server.RaftServerConfigKeys (ConfUtils.java:logGet(43)) - raft.server.log.segment.size.max = 1048576 (custom)
2019-10-09 13:05:08,756 [pool-67-thread-1] INFO  segmented.SegmentedRaftLogWorker (SegmentedRaftLogWorker.java:<init>(172)) - new 3eeab9a4-47d5-4980-9c6e-5102901e869a@group-F081FF3511EB-SegmentedRaftLogWorker for RaftStorage:Storage Directory /workdir/hadoop-ozone/integration-test/target/test-dir/MiniOzoneClusterImpl-92c4d179-1d16-4416-8bce-4538b25b782c/datanode-4/data/ratis/8e8e3dec-ac18-48dc-941a-f081ff3511eb
2019-10-09 13:05:08,756 [pool-77-thread-1] INFO  server.RaftServerConfigKeys (ConfUtils.java:logGet(43)) - raft.server.log.appender.buffer.byte-limit = 33554432 (custom)
2019-10-09 13:05:08,756 [pool-67-thread-1] INFO  server.RaftServerConfigKeys (ConfUtils.java:logGet(43)) - raft.server.log.queue.byte-limit = 2147483647 (custom)
2019-10-09 13:05:08,756 [pool-57-thread-1] INFO  server.RaftServerConfigKeys (ConfUtils.java:logGet(43)) - raft.server.log.segment.cache.num.max = 2 (custom)
2019-10-09 13:05:08,756 [pool-67-thread-1] INFO  server.RaftServerConfigKeys (ConfUtils.java:logGet(43)) - raft.server.log.queue.element-limit = 1024 (custom)
2019-10-09 13:05:08,756 [pool-77-thread-1] INFO  server.RaftServerConfigKeys (ConfUtils.java:logGet(43)) - raft.server.log.segment.size.max = 1048576 (custom)
2019-10-09 13:05:08,757 [pool-67-thread-1] INFO  server.RaftServerConfigKeys (ConfUtils.java:logGet(43)) - raft.server.log.segment.size.max = 1048576 (custom)
2019-10-09 13:05:08,757 [pool-57-thread-1] INFO  segmented.SegmentedRaftLogWorker (SegmentedRaftLogWorker.java:<init>(172)) - new 194018c8-bd25-415f-9941-0e401fd1a71b@group-F081FF3511EB-SegmentedRaftLogWorker for RaftStorage:Storage Directory /workdir/hadoop-ozone/integration-test/target/test-dir/MiniOzoneClusterImpl-92c4d179-1d16-4416-8bce-4538b25b782c/datanode-3/data/ratis/8e8e3dec-ac18-48dc-941a-f081ff3511eb
2019-10-09 13:05:08,757 [pool-67-thread-1] INFO  server.RaftServerConfigKeys (ConfUtils.java:logGet(43)) - raft.server.log.preallocated.size = 16384 (custom)
2019-10-09 13:05:08,757 [pool-67-thread-1] INFO  server.RaftServerConfigKeys (ConfUtils.java:logGet(43)) - raft.server.log.write.buffer.size = 33554432 (custom)
2019-10-09 13:05:08,757 [pool-77-thread-1] INFO  server.RaftServerConfigKeys (ConfUtils.java:logGet(43)) - raft.server.log.segment.cache.num.max = 2 (custom)
2019-10-09 13:05:08,758 [pool-67-thread-1] INFO  server.RaftServerConfigKeys (ConfUtils.java:logGet(43)) - raft.server.log.force.sync.num = 128 (default)
2019-10-09 13:05:08,757 [pool-57-thread-1] INFO  server.RaftServerConfigKeys (ConfUtils.java:logGet(43)) - raft.server.log.queue.byte-limit = 2147483647 (custom)
2019-10-09 13:05:08,758 [pool-67-thread-1] INFO  server.RaftServerConfigKeys (ConfUtils.java:logGet(43)) - raft.server.log.statemachine.data.sync = true (default)
2019-10-09 13:05:08,758 [pool-77-thread-1] INFO  segmented.SegmentedRaftLogWorker (SegmentedRaftLogWorker.java:<init>(172)) - new a951a5ca-0ab5-470b-9716-44f820a131a6@group-F081FF3511EB-SegmentedRaftLogWorker for RaftStorage:Storage Directory /workdir/hadoop-ozone/integration-test/target/test-dir/MiniOzoneClusterImpl-92c4d179-1d16-4416-8bce-4538b25b782c/datanode-5/data/ratis/8e8e3dec-ac18-48dc-941a-f081ff3511eb
2019-10-09 13:05:08,758 [pool-67-thread-1] INFO  server.RaftServerConfigKeys (ConfUtils.java:logGet(43)) - raft.server.log.statemachine.data.sync.timeout = 10s (default)
2019-10-09 13:05:08,758 [pool-57-thread-1] INFO  server.RaftServerConfigKeys (ConfUtils.java:logGet(43)) - raft.server.log.queue.element-limit = 1024 (custom)
2019-10-09 13:05:08,759 [pool-67-thread-1] INFO  server.RaftServerConfigKeys (ConfUtils.java:logGet(43)) - raft.server.log.statemachine.data.sync.timeout.retry = -1 (default)
2019-10-09 13:05:08,759 [pool-77-thread-1] INFO  server.RaftServerConfigKeys (ConfUtils.java:logGet(43)) - raft.server.log.queue.byte-limit = 2147483647 (custom)
2019-10-09 13:05:08,759 [pool-67-thread-1] INFO  server.RaftServerConfigKeys (ConfUtils.java:logGet(43)) - raft.server.log.statemachine.data.caching.enabled = true (custom)
2019-10-09 13:05:08,759 [pool-57-thread-1] INFO  server.RaftServerConfigKeys (ConfUtils.java:logGet(43)) - raft.server.log.segment.size.max = 1048576 (custom)
2019-10-09 13:05:08,759 [pool-77-thread-1] INFO  server.RaftServerConfigKeys (ConfUtils.java:logGet(43)) - raft.server.log.queue.element-limit = 1024 (custom)
2019-10-09 13:05:08,760 [pool-67-thread-1] INFO  segmented.SegmentedRaftLogWorker (SegmentedRaftLogWorker.java:lambda$new$0(132)) - 3eeab9a4-47d5-4980-9c6e-5102901e869a@group-F081FF3511EB-SegmentedRaftLogWorker: flushIndex: setUnconditionally 0 -> -1
2019-10-09 13:05:08,760 [pool-57-thread-1] INFO  server.RaftServerConfigKeys (ConfUtils.java:logGet(43)) - raft.server.log.preallocated.size = 16384 (custom)
2019-10-09 13:05:08,760 [pool-77-thread-1] INFO  server.RaftServerConfigKeys (ConfUtils.java:logGet(43)) - raft.server.log.segment.size.max = 1048576 (custom)
2019-10-09 13:05:08,760 [pool-67-thread-1] INFO  server.RaftServerConfigKeys (ConfUtils.java:logGet(43)) - raft.server.snapshot.auto.trigger.enabled = true (custom)
2019-10-09 13:05:08,760 [pool-57-thread-1] INFO  server.RaftServerConfigKeys (ConfUtils.java:logGet(43)) - raft.server.log.write.buffer.size = 33554432 (custom)
2019-10-09 13:05:08,761 [pool-67-thread-1] INFO  server.RaftServerConfigKeys (ConfUtils.java:logGet(43)) - raft.server.snapshot.auto.trigger.threshold = 10000 (custom)
2019-10-09 13:05:08,761 [pool-67-thread-1] INFO  server.RaftServerConfigKeys (ConfUtils.java:logGet(43)) - raft.server.snapshot.retention.num.files = 5 (custom)
2019-10-09 13:05:08,760 [pool-77-thread-1] INFO  server.RaftServerConfigKeys (ConfUtils.java:logGet(43)) - raft.server.log.preallocated.size = 16384 (custom)
2019-10-09 13:05:08,761 [pool-67-thread-1] INFO  server.RaftServerConfigKeys (ConfUtils.java:logGet(43)) - raft.server.retrycache.expirytime = 600000ms (custom)
2019-10-09 13:05:08,761 [pool-57-thread-1] INFO  server.RaftServerConfigKeys (ConfUtils.java:logGet(43)) - raft.server.log.force.sync.num = 128 (default)
2019-10-09 13:05:08,761 [pool-77-thread-1] INFO  server.RaftServerConfigKeys (ConfUtils.java:logGet(43)) - raft.server.log.write.buffer.size = 33554432 (custom)
2019-10-09 13:05:08,761 [pool-57-thread-1] INFO  server.RaftServerConfigKeys (ConfUtils.java:logGet(43)) - raft.server.log.statemachine.data.sync = true (default)
2019-10-09 13:05:08,762 [pool-77-thread-1] INFO  server.RaftServerConfigKeys (ConfUtils.java:logGet(43)) - raft.server.log.force.sync.num = 128 (default)
2019-10-09 13:05:08,762 [pool-57-thread-1] INFO  server.RaftServerConfigKeys (ConfUtils.java:logGet(43)) - raft.server.log.statemachine.data.sync.timeout = 10s (default)
2019-10-09 13:05:08,762 [pool-77-thread-1] INFO  server.RaftServerConfigKeys (ConfUtils.java:logGet(43)) - raft.server.log.statemachine.data.sync = true (default)
2019-10-09 13:05:08,762 [pool-57-thread-1] INFO  server.RaftServerConfigKeys (ConfUtils.java:logGet(43)) - raft.server.log.statemachine.data.sync.timeout.retry = -1 (default)
2019-10-09 13:05:08,762 [pool-77-thread-1] INFO  server.RaftServerConfigKeys (ConfUtils.java:logGet(43)) - raft.server.log.statemachine.data.sync.timeout = 10s (default)
2019-10-09 13:05:08,763 [pool-57-thread-1] INFO  server.RaftServerConfigKeys (ConfUtils.java:logGet(43)) - raft.server.log.statemachine.data.caching.enabled = true (custom)
2019-10-09 13:05:08,763 [pool-77-thread-1] INFO  server.RaftServerConfigKeys (ConfUtils.java:logGet(43)) - raft.server.log.statemachine.data.sync.timeout.retry = -1 (default)
2019-10-09 13:05:08,763 [pool-57-thread-1] INFO  segmented.SegmentedRaftLogWorker (SegmentedRaftLogWorker.java:lambda$new$0(132)) - 194018c8-bd25-415f-9941-0e401fd1a71b@group-F081FF3511EB-SegmentedRaftLogWorker: flushIndex: setUnconditionally 0 -> -1
2019-10-09 13:05:08,763 [pool-77-thread-1] INFO  server.RaftServerConfigKeys (ConfUtils.java:logGet(43)) - raft.server.log.statemachine.data.caching.enabled = true (custom)
2019-10-09 13:05:08,763 [pool-57-thread-1] INFO  server.RaftServerConfigKeys (ConfUtils.java:logGet(43)) - raft.server.snapshot.auto.trigger.enabled = true (custom)
2019-10-09 13:05:08,763 [pool-57-thread-1] INFO  server.RaftServerConfigKeys (ConfUtils.java:logGet(43)) - raft.server.snapshot.auto.trigger.threshold = 10000 (custom)
2019-10-09 13:05:08,763 [pool-77-thread-1] INFO  segmented.SegmentedRaftLogWorker (SegmentedRaftLogWorker.java:lambda$new$0(132)) - a951a5ca-0ab5-470b-9716-44f820a131a6@group-F081FF3511EB-SegmentedRaftLogWorker: flushIndex: setUnconditionally 0 -> -1
2019-10-09 13:05:08,764 [pool-57-thread-1] INFO  server.RaftServerConfigKeys (ConfUtils.java:logGet(43)) - raft.server.snapshot.retention.num.files = 5 (custom)
2019-10-09 13:05:08,764 [pool-57-thread-1] INFO  server.RaftServerConfigKeys (ConfUtils.java:logGet(43)) - raft.server.retrycache.expirytime = 600000ms (custom)
2019-10-09 13:05:08,764 [pool-77-thread-1] INFO  server.RaftServerConfigKeys (ConfUtils.java:logGet(43)) - raft.server.snapshot.auto.trigger.enabled = true (custom)
2019-10-09 13:05:08,764 [pool-67-thread-1] INFO  impl.RaftServerImpl (RaftServerImpl.java:start(185)) - 3eeab9a4-47d5-4980-9c6e-5102901e869a@group-F081FF3511EB: start as a follower, conf=-1: [194018c8-bd25-415f-9941-0e401fd1a71b:192.168.5.175:36608, 3eeab9a4-47d5-4980-9c6e-5102901e869a:192.168.5.175:43254, a951a5ca-0ab5-470b-9716-44f820a131a6:192.168.5.175:37446], old=null
2019-10-09 13:05:08,764 [pool-77-thread-1] INFO  server.RaftServerConfigKeys (ConfUtils.java:logGet(43)) - raft.server.snapshot.auto.trigger.threshold = 10000 (custom)
2019-10-09 13:05:08,764 [pool-67-thread-1] INFO  impl.RaftServerImpl (RaftServerImpl.java:setRole(174)) - 3eeab9a4-47d5-4980-9c6e-5102901e869a@group-F081FF3511EB: changes role from      null to FOLLOWER at term 0 for startAsFollower
2019-10-09 13:05:08,765 [pool-77-thread-1] INFO  server.RaftServerConfigKeys (ConfUtils.java:logGet(43)) - raft.server.snapshot.retention.num.files = 5 (custom)
2019-10-09 13:05:08,765 [pool-67-thread-1] INFO  impl.RoleInfo (RoleInfo.java:updateAndGet(143)) - 3eeab9a4-47d5-4980-9c6e-5102901e869a: start FollowerState
2019-10-09 13:05:08,765 [pool-77-thread-1] INFO  server.RaftServerConfigKeys (ConfUtils.java:logGet(43)) - raft.server.retrycache.expirytime = 600000ms (custom)
2019-10-09 13:05:08,765 [pool-67-thread-1] INFO  util.JmxRegister (JmxRegister.java:tryRegister(44)) - Successfully registered JMX Bean with object name Ratis:service=RaftServer,group=group-F081FF3511EB,id=3eeab9a4-47d5-4980-9c6e-5102901e869a
2019-10-09 13:05:08,766 [pool-57-thread-1] INFO  impl.RaftServerImpl (RaftServerImpl.java:start(185)) - 194018c8-bd25-415f-9941-0e401fd1a71b@group-F081FF3511EB: start as a follower, conf=-1: [194018c8-bd25-415f-9941-0e401fd1a71b:192.168.5.175:36608, 3eeab9a4-47d5-4980-9c6e-5102901e869a:192.168.5.175:43254, a951a5ca-0ab5-470b-9716-44f820a131a6:192.168.5.175:37446], old=null
2019-10-09 13:05:08,766 [pool-57-thread-1] INFO  impl.RaftServerImpl (RaftServerImpl.java:setRole(174)) - 194018c8-bd25-415f-9941-0e401fd1a71b@group-F081FF3511EB: changes role from      null to FOLLOWER at term 0 for startAsFollower
2019-10-09 13:05:08,766 [pool-57-thread-1] INFO  impl.RoleInfo (RoleInfo.java:updateAndGet(143)) - 194018c8-bd25-415f-9941-0e401fd1a71b: start FollowerState
2019-10-09 13:05:08,767 [pool-57-thread-1] INFO  util.JmxRegister (JmxRegister.java:tryRegister(44)) - Successfully registered JMX Bean with object name Ratis:service=RaftServer,group=group-F081FF3511EB,id=194018c8-bd25-415f-9941-0e401fd1a71b
2019-10-09 13:05:08,768 [pool-77-thread-1] INFO  impl.RaftServerImpl (RaftServerImpl.java:start(185)) - a951a5ca-0ab5-470b-9716-44f820a131a6@group-F081FF3511EB: start as a follower, conf=-1: [194018c8-bd25-415f-9941-0e401fd1a71b:192.168.5.175:36608, 3eeab9a4-47d5-4980-9c6e-5102901e869a:192.168.5.175:43254, a951a5ca-0ab5-470b-9716-44f820a131a6:192.168.5.175:37446], old=null
2019-10-09 13:05:08,768 [pool-77-thread-1] INFO  impl.RaftServerImpl (RaftServerImpl.java:setRole(174)) - a951a5ca-0ab5-470b-9716-44f820a131a6@group-F081FF3511EB: changes role from      null to FOLLOWER at term 0 for startAsFollower
2019-10-09 13:05:08,768 [pool-77-thread-1] INFO  impl.RoleInfo (RoleInfo.java:updateAndGet(143)) - a951a5ca-0ab5-470b-9716-44f820a131a6: start FollowerState
2019-10-09 13:05:08,769 [pool-77-thread-1] INFO  util.JmxRegister (JmxRegister.java:tryRegister(44)) - Successfully registered JMX Bean with object name Ratis:service=RaftServer,group=group-F081FF3511EB,id=a951a5ca-0ab5-470b-9716-44f820a131a6
2019-10-09 13:05:08,771 [RatisPipelineUtilsThread] INFO  pipeline.PipelineStateManager (PipelineStateManager.java:addPipeline(56)) - Created pipeline Pipeline[ Id: 8e8e3dec-ac18-48dc-941a-f081ff3511eb, Nodes: 3eeab9a4-47d5-4980-9c6e-5102901e869a{ip: 192.168.5.175, host: pr-hdds-1569-mfl88-1504498049, networkLocation: /default-rack, certSerialId: null}194018c8-bd25-415f-9941-0e401fd1a71b{ip: 192.168.5.175, host: pr-hdds-1569-mfl88-1504498049, networkLocation: /default-rack, certSerialId: null}a951a5ca-0ab5-470b-9716-44f820a131a6{ip: 192.168.5.175, host: pr-hdds-1569-mfl88-1504498049, networkLocation: /default-rack, certSerialId: null}, Type:RATIS, Factor:THREE, State:OPEN]
2019-10-09 13:05:08,791 [grpc-default-executor-7] INFO  impl.RaftServerProxy (RaftServerProxy.java:addNew(89)) - a951a5ca-0ab5-470b-9716-44f820a131a6: addNew group-FA60FACA7155:[194018c8-bd25-415f-9941-0e401fd1a71b:192.168.5.175:36608, 3eeab9a4-47d5-4980-9c6e-5102901e869a:192.168.5.175:43254, a951a5ca-0ab5-470b-9716-44f820a131a6:192.168.5.175:37446] returns group-FA60FACA7155:java.util.concurrent.CompletableFuture@404b0b2f[Not completed]
2019-10-09 13:05:08,791 [grpc-default-executor-10] INFO  impl.RaftServerProxy (RaftServerProxy.java:addNew(89)) - 194018c8-bd25-415f-9941-0e401fd1a71b: addNew group-FA60FACA7155:[194018c8-bd25-415f-9941-0e401fd1a71b:192.168.5.175:36608, 3eeab9a4-47d5-4980-9c6e-5102901e869a:192.168.5.175:43254, a951a5ca-0ab5-470b-9716-44f820a131a6:192.168.5.175:37446] returns group-FA60FACA7155:java.util.concurrent.CompletableFuture@4dc8f51c[Not completed]
2019-10-09 13:05:08,791 [grpc-default-executor-4] INFO  impl.RaftServerProxy (RaftServerProxy.java:addNew(89)) - 3eeab9a4-47d5-4980-9c6e-5102901e869a: addNew group-FA60FACA7155:[194018c8-bd25-415f-9941-0e401fd1a71b:192.168.5.175:36608, 3eeab9a4-47d5-4980-9c6e-5102901e869a:192.168.5.175:43254, a951a5ca-0ab5-470b-9716-44f820a131a6:192.168.5.175:37446] returns group-FA60FACA7155:java.util.concurrent.CompletableFuture@37d556b8[Not completed]
2019-10-09 13:05:08,792 [pool-77-thread-1] INFO  impl.RaftServerImpl (RaftServerImpl.java:<init>(95)) - a951a5ca-0ab5-470b-9716-44f820a131a6: new RaftServerImpl for group-FA60FACA7155:[194018c8-bd25-415f-9941-0e401fd1a71b:192.168.5.175:36608, 3eeab9a4-47d5-4980-9c6e-5102901e869a:192.168.5.175:43254, a951a5ca-0ab5-470b-9716-44f820a131a6:192.168.5.175:37446] with ContainerStateMachine:uninitialized
2019-10-09 13:05:08,792 [pool-77-thread-1] INFO  server.RaftServerConfigKeys (ConfUtils.java:logGet(43)) - raft.server.rpc.timeout.min = 5s (custom)
2019-10-09 13:05:08,792 [pool-77-thread-1] INFO  server.RaftServerConfigKeys (ConfUtils.java:logGet(43)) - raft.server.rpc.timeout.max = 5200ms (custom)
2019-10-09 13:05:08,793 [pool-77-thread-1] INFO  server.RaftServerConfigKeys (ConfUtils.java:logGet(43)) - raft.server.rpcslowness.timeout = 120s (custom)
2019-10-09 13:05:08,793 [pool-77-thread-1] INFO  server.RaftServerConfigKeys (ConfUtils.java:logGet(43)) - raft.server.sleep.deviation.threshold = 300 (default)
2019-10-09 13:05:08,793 [pool-77-thread-1] INFO  server.RaftServerConfigKeys (ConfUtils.java:logGet(43)) - raft.server.log.appender.install.snapshot.enabled = false (custom)
2019-10-09 13:05:08,793 [pool-77-thread-1] INFO  impl.RaftServerImpl (ServerState.java:<init>(103)) - a951a5ca-0ab5-470b-9716-44f820a131a6@group-FA60FACA7155: ConfigurationManager, init=-1: [194018c8-bd25-415f-9941-0e401fd1a71b:192.168.5.175:36608, 3eeab9a4-47d5-4980-9c6e-5102901e869a:192.168.5.175:43254, a951a5ca-0ab5-470b-9716-44f820a131a6:192.168.5.175:37446], old=null, confs=<EMPTY_MAP>
2019-10-09 13:05:08,793 [pool-77-thread-1] INFO  server.RaftServerConfigKeys (ConfUtils.java:logGet(43)) - raft.server.storage.dir = [/workdir/hadoop-ozone/integration-test/target/test-dir/MiniOzoneClusterImpl-92c4d179-1d16-4416-8bce-4538b25b782c/datanode-5/data/ratis] (custom)
2019-10-09 13:05:08,793 [pool-67-thread-1] INFO  impl.RaftServerImpl (RaftServerImpl.java:<init>(95)) - 3eeab9a4-47d5-4980-9c6e-5102901e869a: new RaftServerImpl for group-FA60FACA7155:[194018c8-bd25-415f-9941-0e401fd1a71b:192.168.5.175:36608, 3eeab9a4-47d5-4980-9c6e-5102901e869a:192.168.5.175:43254, a951a5ca-0ab5-470b-9716-44f820a131a6:192.168.5.175:37446] with ContainerStateMachine:uninitialized
2019-10-09 13:05:08,793 [pool-67-thread-1] INFO  server.RaftServerConfigKeys (ConfUtils.java:logGet(43)) - raft.server.rpc.timeout.min = 5s (custom)
2019-10-09 13:05:08,793 [pool-77-thread-1] INFO  storage.RaftStorageDirectory (RaftStorageDirectory.java:analyzeStorage(246)) - The storage directory /workdir/hadoop-ozone/integration-test/target/test-dir/MiniOzoneClusterImpl-92c4d179-1d16-4416-8bce-4538b25b782c/datanode-5/data/ratis/9d1fba23-819a-4399-aff0-fa60faca7155 does not exist. Creating ...
2019-10-09 13:05:08,793 [pool-67-thread-1] INFO  server.RaftServerConfigKeys (ConfUtils.java:logGet(43)) - raft.server.rpc.timeout.max = 5200ms (custom)
2019-10-09 13:05:08,794 [pool-67-thread-1] INFO  server.RaftServerConfigKeys (ConfUtils.java:logGet(43)) - raft.server.rpcslowness.timeout = 120s (custom)
2019-10-09 13:05:08,794 [pool-57-thread-1] INFO  impl.RaftServerImpl (RaftServerImpl.java:<init>(95)) - 194018c8-bd25-415f-9941-0e401fd1a71b: new RaftServerImpl for group-FA60FACA7155:[194018c8-bd25-415f-9941-0e401fd1a71b:192.168.5.175:36608, 3eeab9a4-47d5-4980-9c6e-5102901e869a:192.168.5.175:43254, a951a5ca-0ab5-470b-9716-44f820a131a6:192.168.5.175:37446] with ContainerStateMachine:uninitialized
2019-10-09 13:05:08,794 [pool-67-thread-1] INFO  server.RaftServerConfigKeys (ConfUtils.java:logGet(43)) - raft.server.sleep.deviation.threshold = 300 (default)
2019-10-09 13:05:08,794 [pool-57-thread-1] INFO  server.RaftServerConfigKeys (ConfUtils.java:logGet(43)) - raft.server.rpc.timeout.min = 5s (custom)
2019-10-09 13:05:08,794 [pool-67-thread-1] INFO  server.RaftServerConfigKeys (ConfUtils.java:logGet(43)) - raft.server.log.appender.install.snapshot.enabled = false (custom)
2019-10-09 13:05:08,794 [pool-57-thread-1] INFO  server.RaftServerConfigKeys (ConfUtils.java:logGet(43)) - raft.server.rpc.timeout.max = 5200ms (custom)
2019-10-09 13:05:08,794 [pool-67-thread-1] INFO  impl.RaftServerImpl (ServerState.java:<init>(103)) - 3eeab9a4-47d5-4980-9c6e-5102901e869a@group-FA60FACA7155: ConfigurationManager, init=-1: [194018c8-bd25-415f-9941-0e401fd1a71b:192.168.5.175:36608, 3eeab9a4-47d5-4980-9c6e-5102901e869a:192.168.5.175:43254, a951a5ca-0ab5-470b-9716-44f820a131a6:192.168.5.175:37446], old=null, confs=<EMPTY_MAP>
2019-10-09 13:05:08,795 [pool-57-thread-1] INFO  server.RaftServerConfigKeys (ConfUtils.java:logGet(43)) - raft.server.rpcslowness.timeout = 120s (custom)
2019-10-09 13:05:08,795 [pool-67-thread-1] INFO  server.RaftServerConfigKeys (ConfUtils.java:logGet(43)) - raft.server.storage.dir = [/workdir/hadoop-ozone/integration-test/target/test-dir/MiniOzoneClusterImpl-92c4d179-1d16-4416-8bce-4538b25b782c/datanode-4/data/ratis] (custom)
2019-10-09 13:05:08,795 [pool-57-thread-1] INFO  server.RaftServerConfigKeys (ConfUtils.java:logGet(43)) - raft.server.sleep.deviation.threshold = 300 (default)
2019-10-09 13:05:08,795 [pool-57-thread-1] INFO  server.RaftServerConfigKeys (ConfUtils.java:logGet(43)) - raft.server.log.appender.install.snapshot.enabled = false (custom)
2019-10-09 13:05:08,795 [pool-57-thread-1] INFO  impl.RaftServerImpl (ServerState.java:<init>(103)) - 194018c8-bd25-415f-9941-0e401fd1a71b@group-FA60FACA7155: ConfigurationManager, init=-1: [194018c8-bd25-415f-9941-0e401fd1a71b:192.168.5.175:36608, 3eeab9a4-47d5-4980-9c6e-5102901e869a:192.168.5.175:43254, a951a5ca-0ab5-470b-9716-44f820a131a6:192.168.5.175:37446], old=null, confs=<EMPTY_MAP>
2019-10-09 13:05:08,795 [pool-67-thread-1] INFO  storage.RaftStorageDirectory (RaftStorageDirectory.java:analyzeStorage(246)) - The storage directory /workdir/hadoop-ozone/integration-test/target/test-dir/MiniOzoneClusterImpl-92c4d179-1d16-4416-8bce-4538b25b782c/datanode-4/data/ratis/9d1fba23-819a-4399-aff0-fa60faca7155 does not exist. Creating ...
2019-10-09 13:05:08,795 [pool-57-thread-1] INFO  server.RaftServerConfigKeys (ConfUtils.java:logGet(43)) - raft.server.storage.dir = [/workdir/hadoop-ozone/integration-test/target/test-dir/MiniOzoneClusterImpl-92c4d179-1d16-4416-8bce-4538b25b782c/datanode-3/data/ratis] (custom)
2019-10-09 13:05:08,796 [pool-57-thread-1] INFO  storage.RaftStorageDirectory (RaftStorageDirectory.java:analyzeStorage(246)) - The storage directory /workdir/hadoop-ozone/integration-test/target/test-dir/MiniOzoneClusterImpl-92c4d179-1d16-4416-8bce-4538b25b782c/datanode-3/data/ratis/9d1fba23-819a-4399-aff0-fa60faca7155 does not exist. Creating ...
2019-10-09 13:05:08,819 [pool-57-thread-1] INFO  storage.RaftStorageDirectory (RaftStorageDirectory.java:tryLock(328)) - Lock on /workdir/hadoop-ozone/integration-test/target/test-dir/MiniOzoneClusterImpl-92c4d179-1d16-4416-8bce-4538b25b782c/datanode-3/data/ratis/9d1fba23-819a-4399-aff0-fa60faca7155/in_use.lock acquired by nodename 6401@pr-hdds-1569-mfl88-1504498049
2019-10-09 13:05:08,819 [pool-77-thread-1] INFO  storage.RaftStorageDirectory (RaftStorageDirectory.java:tryLock(328)) - Lock on /workdir/hadoop-ozone/integration-test/target/test-dir/MiniOzoneClusterImpl-92c4d179-1d16-4416-8bce-4538b25b782c/datanode-5/data/ratis/9d1fba23-819a-4399-aff0-fa60faca7155/in_use.lock acquired by nodename 6401@pr-hdds-1569-mfl88-1504498049
2019-10-09 13:05:08,819 [pool-67-thread-1] INFO  storage.RaftStorageDirectory (RaftStorageDirectory.java:tryLock(328)) - Lock on /workdir/hadoop-ozone/integration-test/target/test-dir/MiniOzoneClusterImpl-92c4d179-1d16-4416-8bce-4538b25b782c/datanode-4/data/ratis/9d1fba23-819a-4399-aff0-fa60faca7155/in_use.lock acquired by nodename 6401@pr-hdds-1569-mfl88-1504498049
2019-10-09 13:05:08,844 [pool-57-thread-1] INFO  storage.RaftStorage (RaftStorage.java:format(72)) - Storage directory /workdir/hadoop-ozone/integration-test/target/test-dir/MiniOzoneClusterImpl-92c4d179-1d16-4416-8bce-4538b25b782c/datanode-3/data/ratis/9d1fba23-819a-4399-aff0-fa60faca7155 has been successfully formatted.
2019-10-09 13:05:08,844 [pool-67-thread-1] INFO  storage.RaftStorage (RaftStorage.java:format(72)) - Storage directory /workdir/hadoop-ozone/integration-test/target/test-dir/MiniOzoneClusterImpl-92c4d179-1d16-4416-8bce-4538b25b782c/datanode-4/data/ratis/9d1fba23-819a-4399-aff0-fa60faca7155 has been successfully formatted.
2019-10-09 13:05:08,844 [pool-77-thread-1] INFO  storage.RaftStorage (RaftStorage.java:format(72)) - Storage directory /workdir/hadoop-ozone/integration-test/target/test-dir/MiniOzoneClusterImpl-92c4d179-1d16-4416-8bce-4538b25b782c/datanode-5/data/ratis/9d1fba23-819a-4399-aff0-fa60faca7155 has been successfully formatted.
2019-10-09 13:05:08,845 [pool-57-thread-1] INFO  ratis.ContainerStateMachine (ContainerStateMachine.java:loadSnapshot(230)) - group-FA60FACA7155: The snapshot info is null. Setting the last applied indexto:(t:0, i:~)
2019-10-09 13:05:08,845 [pool-67-thread-1] INFO  ratis.ContainerStateMachine (ContainerStateMachine.java:loadSnapshot(230)) - group-FA60FACA7155: The snapshot info is null. Setting the last applied indexto:(t:0, i:~)
2019-10-09 13:05:08,845 [pool-77-thread-1] INFO  ratis.ContainerStateMachine (ContainerStateMachine.java:loadSnapshot(230)) - group-FA60FACA7155: The snapshot info is null. Setting the last applied indexto:(t:0, i:~)
2019-10-09 13:05:08,845 [pool-57-thread-1] INFO  server.RaftServerConfigKeys (ConfUtils.java:logGet(43)) - raft.server.notification.no-leader.timeout = 120s (custom)
2019-10-09 13:05:08,845 [pool-77-thread-1] INFO  server.RaftServerConfigKeys (ConfUtils.java:logGet(43)) - raft.server.notification.no-leader.timeout = 120s (custom)
2019-10-09 13:05:08,845 [pool-67-thread-1] INFO  server.RaftServerConfigKeys (ConfUtils.java:logGet(43)) - raft.server.notification.no-leader.timeout = 120s (custom)
2019-10-09 13:05:08,846 [pool-77-thread-1] INFO  server.RaftServerConfigKeys (ConfUtils.java:logGet(43)) - raft.server.log.use.memory = false (default)
2019-10-09 13:05:08,846 [pool-57-thread-1] INFO  server.RaftServerConfigKeys (ConfUtils.java:logGet(43)) - raft.server.log.use.memory = false (default)
2019-10-09 13:05:08,846 [pool-77-thread-1] INFO  server.RaftServerConfigKeys (ConfUtils.java:logGet(43)) - raft.server.log.purge.gap = 1000000 (custom)
2019-10-09 13:05:08,846 [pool-67-thread-1] INFO  server.RaftServerConfigKeys (ConfUtils.java:logGet(43)) - raft.server.log.use.memory = false (default)
2019-10-09 13:05:08,846 [pool-77-thread-1] INFO  server.RaftServerConfigKeys (ConfUtils.java:logGet(43)) - raft.server.log.appender.buffer.byte-limit = 33554432 (custom)
2019-10-09 13:05:08,846 [pool-57-thread-1] INFO  server.RaftServerConfigKeys (ConfUtils.java:logGet(43)) - raft.server.log.purge.gap = 1000000 (custom)
2019-10-09 13:05:08,847 [pool-77-thread-1] INFO  server.RaftServerConfigKeys (ConfUtils.java:logGet(43)) - raft.server.log.segment.size.max = 1048576 (custom)
2019-10-09 13:05:08,846 [pool-67-thread-1] INFO  server.RaftServerConfigKeys (ConfUtils.java:logGet(43)) - raft.server.log.purge.gap = 1000000 (custom)
2019-10-09 13:05:08,847 [pool-77-thread-1] INFO  server.RaftServerConfigKeys (ConfUtils.java:logGet(43)) - raft.server.log.segment.cache.num.max = 2 (custom)
2019-10-09 13:05:08,847 [pool-57-thread-1] INFO  server.RaftServerConfigKeys (ConfUtils.java:logGet(43)) - raft.server.log.appender.buffer.byte-limit = 33554432 (custom)
2019-10-09 13:05:08,847 [pool-77-thread-1] INFO  segmented.SegmentedRaftLogWorker (SegmentedRaftLogWorker.java:<init>(172)) - new a951a5ca-0ab5-470b-9716-44f820a131a6@group-FA60FACA7155-SegmentedRaftLogWorker for RaftStorage:Storage Directory /workdir/hadoop-ozone/integration-test/target/test-dir/MiniOzoneClusterImpl-92c4d179-1d16-4416-8bce-4538b25b782c/datanode-5/data/ratis/9d1fba23-819a-4399-aff0-fa60faca7155
2019-10-09 13:05:08,847 [pool-67-thread-1] INFO  server.RaftServerConfigKeys (ConfUtils.java:logGet(43)) - raft.server.log.appender.buffer.byte-limit = 33554432 (custom)
2019-10-09 13:05:08,847 [pool-77-thread-1] INFO  server.RaftServerConfigKeys (ConfUtils.java:logGet(43)) - raft.server.log.queue.byte-limit = 2147483647 (custom)
2019-10-09 13:05:08,847 [pool-57-thread-1] INFO  server.RaftServerConfigKeys (ConfUtils.java:logGet(43)) - raft.server.log.segment.size.max = 1048576 (custom)
2019-10-09 13:05:08,848 [pool-77-thread-1] INFO  server.RaftServerConfigKeys (ConfUtils.java:logGet(43)) - raft.server.log.queue.element-limit = 1024 (custom)
2019-10-09 13:05:08,848 [pool-67-thread-1] INFO  server.RaftServerConfigKeys (ConfUtils.java:logGet(43)) - raft.server.log.segment.size.max = 1048576 (custom)
2019-10-09 13:05:08,848 [pool-77-thread-1] INFO  server.RaftServerConfigKeys (ConfUtils.java:logGet(43)) - raft.server.log.segment.size.max = 1048576 (custom)
2019-10-09 13:05:08,848 [pool-57-thread-1] INFO  server.RaftServerConfigKeys (ConfUtils.java:logGet(43)) - raft.server.log.segment.cache.num.max = 2 (custom)
2019-10-09 13:05:08,848 [pool-77-thread-1] INFO  server.RaftServerConfigKeys (ConfUtils.java:logGet(43)) - raft.server.log.preallocated.size = 16384 (custom)
2019-10-09 13:05:08,849 [pool-77-thread-1] INFO  server.RaftServerConfigKeys (ConfUtils.java:logGet(43)) - raft.server.log.write.buffer.size = 33554432 (custom)
2019-10-09 13:05:08,848 [pool-67-thread-1] INFO  server.RaftServerConfigKeys (ConfUtils.java:logGet(43)) - raft.server.log.segment.cache.num.max = 2 (custom)
2019-10-09 13:05:08,849 [pool-77-thread-1] INFO  server.RaftServerConfigKeys (ConfUtils.java:logGet(43)) - raft.server.log.force.sync.num = 128 (default)
2019-10-09 13:05:08,849 [pool-77-thread-1] INFO  server.RaftServerConfigKeys (ConfUtils.java:logGet(43)) - raft.server.log.statemachine.data.sync = true (default)
2019-10-09 13:05:08,848 [pool-57-thread-1] INFO  segmented.SegmentedRaftLogWorker (SegmentedRaftLogWorker.java:<init>(172)) - new 194018c8-bd25-415f-9941-0e401fd1a71b@group-FA60FACA7155-SegmentedRaftLogWorker for RaftStorage:Storage Directory /workdir/hadoop-ozone/integration-test/target/test-dir/MiniOzoneClusterImpl-92c4d179-1d16-4416-8bce-4538b25b782c/datanode-3/data/ratis/9d1fba23-819a-4399-aff0-fa60faca7155
2019-10-09 13:05:08,849 [pool-77-thread-1] INFO  server.RaftServerConfigKeys (ConfUtils.java:logGet(43)) - raft.server.log.statemachine.data.sync.timeout = 10s (default)
2019-10-09 13:05:08,849 [pool-67-thread-1] INFO  segmented.SegmentedRaftLogWorker (SegmentedRaftLogWorker.java:<init>(172)) - new 3eeab9a4-47d5-4980-9c6e-5102901e869a@group-FA60FACA7155-SegmentedRaftLogWorker for RaftStorage:Storage Directory /workdir/hadoop-ozone/integration-test/target/test-dir/MiniOzoneClusterImpl-92c4d179-1d16-4416-8bce-4538b25b782c/datanode-4/data/ratis/9d1fba23-819a-4399-aff0-fa60faca7155
2019-10-09 13:05:08,850 [pool-77-thread-1] INFO  server.RaftServerConfigKeys (ConfUtils.java:logGet(43)) - raft.server.log.statemachine.data.sync.timeout.retry = -1 (default)
2019-10-09 13:05:08,849 [pool-57-thread-1] INFO  server.RaftServerConfigKeys (ConfUtils.java:logGet(43)) - raft.server.log.queue.byte-limit = 2147483647 (custom)
2019-10-09 13:05:08,850 [pool-77-thread-1] INFO  server.RaftServerConfigKeys (ConfUtils.java:logGet(43)) - raft.server.log.statemachine.data.caching.enabled = true (custom)
2019-10-09 13:05:08,850 [pool-67-thread-1] INFO  server.RaftServerConfigKeys (ConfUtils.java:logGet(43)) - raft.server.log.queue.byte-limit = 2147483647 (custom)
2019-10-09 13:05:08,850 [pool-57-thread-1] INFO  server.RaftServerConfigKeys (ConfUtils.java:logGet(43)) - raft.server.log.queue.element-limit = 1024 (custom)
2019-10-09 13:05:08,850 [pool-77-thread-1] INFO  segmented.SegmentedRaftLogWorker (SegmentedRaftLogWorker.java:lambda$new$0(132)) - a951a5ca-0ab5-470b-9716-44f820a131a6@group-FA60FACA7155-SegmentedRaftLogWorker: flushIndex: setUnconditionally 0 -> -1
2019-10-09 13:05:08,850 [pool-67-thread-1] INFO  server.RaftServerConfigKeys (ConfUtils.java:logGet(43)) - raft.server.log.queue.element-limit = 1024 (custom)
2019-10-09 13:05:08,850 [pool-57-thread-1] INFO  server.RaftServerConfigKeys (ConfUtils.java:logGet(43)) - raft.server.log.segment.size.max = 1048576 (custom)
2019-10-09 13:05:08,851 [pool-77-thread-1] INFO  server.RaftServerConfigKeys (ConfUtils.java:logGet(43)) - raft.server.snapshot.auto.trigger.enabled = true (custom)
2019-10-09 13:05:08,851 [pool-67-thread-1] INFO  server.RaftServerConfigKeys (ConfUtils.java:logGet(43)) - raft.server.log.segment.size.max = 1048576 (custom)
2019-10-09 13:05:08,851 [pool-77-thread-1] INFO  server.RaftServerConfigKeys (ConfUtils.java:logGet(43)) - raft.server.snapshot.auto.trigger.threshold = 10000 (custom)
2019-10-09 13:05:08,851 [pool-57-thread-1] INFO  server.RaftServerConfigKeys (ConfUtils.java:logGet(43)) - raft.server.log.preallocated.size = 16384 (custom)
2019-10-09 13:05:08,851 [pool-77-thread-1] INFO  server.RaftServerConfigKeys (ConfUtils.java:logGet(43)) - raft.server.snapshot.retention.num.files = 5 (custom)
2019-10-09 13:05:08,851 [pool-67-thread-1] INFO  server.RaftServerConfigKeys (ConfUtils.java:logGet(43)) - raft.server.log.preallocated.size = 16384 (custom)
2019-10-09 13:05:08,852 [pool-77-thread-1] INFO  server.RaftServerConfigKeys (ConfUtils.java:logGet(43)) - raft.server.retrycache.expirytime = 600000ms (custom)
2019-10-09 13:05:08,851 [pool-57-thread-1] INFO  server.RaftServerConfigKeys (ConfUtils.java:logGet(43)) - raft.server.log.write.buffer.size = 33554432 (custom)
2019-10-09 13:05:08,852 [pool-67-thread-1] INFO  server.RaftServerConfigKeys (ConfUtils.java:logGet(43)) - raft.server.log.write.buffer.size = 33554432 (custom)
2019-10-09 13:05:08,852 [pool-57-thread-1] INFO  server.RaftServerConfigKeys (ConfUtils.java:logGet(43)) - raft.server.log.force.sync.num = 128 (default)
2019-10-09 13:05:08,852 [pool-67-thread-1] INFO  server.RaftServerConfigKeys (ConfUtils.java:logGet(43)) - raft.server.log.force.sync.num = 128 (default)
2019-10-09 13:05:08,852 [pool-57-thread-1] INFO  server.RaftServerConfigKeys (ConfUtils.java:logGet(43)) - raft.server.log.statemachine.data.sync = true (default)
2019-10-09 13:05:08,852 [pool-67-thread-1] INFO  server.RaftServerConfigKeys (ConfUtils.java:logGet(43)) - raft.server.log.statemachine.data.sync = true (default)
2019-10-09 13:05:08,852 [pool-57-thread-1] INFO  server.RaftServerConfigKeys (ConfUtils.java:logGet(43)) - raft.server.log.statemachine.data.sync.timeout = 10s (default)
2019-10-09 13:05:08,853 [pool-67-thread-1] INFO  server.RaftServerConfigKeys (ConfUtils.java:logGet(43)) - raft.server.log.statemachine.data.sync.timeout = 10s (default)
2019-10-09 13:05:08,853 [pool-57-thread-1] INFO  server.RaftServerConfigKeys (ConfUtils.java:logGet(43)) - raft.server.log.statemachine.data.sync.timeout.retry = -1 (default)
2019-10-09 13:05:08,853 [pool-67-thread-1] INFO  server.RaftServerConfigKeys (ConfUtils.java:logGet(43)) - raft.server.log.statemachine.data.sync.timeout.retry = -1 (default)
2019-10-09 13:05:08,853 [pool-57-thread-1] INFO  server.RaftServerConfigKeys (ConfUtils.java:logGet(43)) - raft.server.log.statemachine.data.caching.enabled = true (custom)
2019-10-09 13:05:08,853 [pool-67-thread-1] INFO  server.RaftServerConfigKeys (ConfUtils.java:logGet(43)) - raft.server.log.statemachine.data.caching.enabled = true (custom)
2019-10-09 13:05:08,853 [pool-57-thread-1] INFO  segmented.SegmentedRaftLogWorker (SegmentedRaftLogWorker.java:lambda$new$0(132)) - 194018c8-bd25-415f-9941-0e401fd1a71b@group-FA60FACA7155-SegmentedRaftLogWorker: flushIndex: setUnconditionally 0 -> -1
2019-10-09 13:05:08,854 [pool-67-thread-1] INFO  segmented.SegmentedRaftLogWorker (SegmentedRaftLogWorker.java:lambda$new$0(132)) - 3eeab9a4-47d5-4980-9c6e-5102901e869a@group-FA60FACA7155-SegmentedRaftLogWorker: flushIndex: setUnconditionally 0 -> -1
2019-10-09 13:05:08,854 [pool-57-thread-1] INFO  server.RaftServerConfigKeys (ConfUtils.java:logGet(43)) - raft.server.snapshot.auto.trigger.enabled = true (custom)
2019-10-09 13:05:08,854 [pool-67-thread-1] INFO  server.RaftServerConfigKeys (ConfUtils.java:logGet(43)) - raft.server.snapshot.auto.trigger.enabled = true (custom)
2019-10-09 13:05:08,854 [pool-57-thread-1] INFO  server.RaftServerConfigKeys (ConfUtils.java:logGet(43)) - raft.server.snapshot.auto.trigger.threshold = 10000 (custom)
2019-10-09 13:05:08,854 [pool-67-thread-1] INFO  server.RaftServerConfigKeys (ConfUtils.java:logGet(43)) - raft.server.snapshot.auto.trigger.threshold = 10000 (custom)
2019-10-09 13:05:08,854 [pool-57-thread-1] INFO  server.RaftServerConfigKeys (ConfUtils.java:logGet(43)) - raft.server.snapshot.retention.num.files = 5 (custom)
2019-10-09 13:05:08,854 [pool-67-thread-1] INFO  server.RaftServerConfigKeys (ConfUtils.java:logGet(43)) - raft.server.snapshot.retention.num.files = 5 (custom)
2019-10-09 13:05:08,854 [pool-57-thread-1] INFO  server.RaftServerConfigKeys (ConfUtils.java:logGet(43)) - raft.server.retrycache.expirytime = 600000ms (custom)
2019-10-09 13:05:08,855 [pool-77-thread-1] INFO  impl.RaftServerImpl (RaftServerImpl.java:start(185)) - a951a5ca-0ab5-470b-9716-44f820a131a6@group-FA60FACA7155: start as a follower, conf=-1: [194018c8-bd25-415f-9941-0e401fd1a71b:192.168.5.175:36608, 3eeab9a4-47d5-4980-9c6e-5102901e869a:192.168.5.175:43254, a951a5ca-0ab5-470b-9716-44f820a131a6:192.168.5.175:37446], old=null
2019-10-09 13:05:08,855 [pool-67-thread-1] INFO  server.RaftServerConfigKeys (ConfUtils.java:logGet(43)) - raft.server.retrycache.expirytime = 600000ms (custom)
2019-10-09 13:05:08,855 [pool-77-thread-1] INFO  impl.RaftServerImpl (RaftServerImpl.java:setRole(174)) - a951a5ca-0ab5-470b-9716-44f820a131a6@group-FA60FACA7155: changes role from      null to FOLLOWER at term 0 for startAsFollower
2019-10-09 13:05:08,855 [pool-77-thread-1] INFO  impl.RoleInfo (RoleInfo.java:updateAndGet(143)) - a951a5ca-0ab5-470b-9716-44f820a131a6: start FollowerState
2019-10-09 13:05:08,856 [pool-77-thread-1] INFO  util.JmxRegister (JmxRegister.java:tryRegister(44)) - Successfully registered JMX Bean with object name Ratis:service=RaftServer,group=group-FA60FACA7155,id=a951a5ca-0ab5-470b-9716-44f820a131a6
2019-10-09 13:05:08,858 [pool-57-thread-1] INFO  impl.RaftServerImpl (RaftServerImpl.java:start(185)) - 194018c8-bd25-415f-9941-0e401fd1a71b@group-FA60FACA7155: start as a follower, conf=-1: [194018c8-bd25-415f-9941-0e401fd1a71b:192.168.5.175:36608, 3eeab9a4-47d5-4980-9c6e-5102901e869a:192.168.5.175:43254, a951a5ca-0ab5-470b-9716-44f820a131a6:192.168.5.175:37446], old=null
2019-10-09 13:05:08,858 [pool-67-thread-1] INFO  impl.RaftServerImpl (RaftServerImpl.java:start(185)) - 3eeab9a4-47d5-4980-9c6e-5102901e869a@group-FA60FACA7155: start as a follower, conf=-1: [194018c8-bd25-415f-9941-0e401fd1a71b:192.168.5.175:36608, 3eeab9a4-47d5-4980-9c6e-5102901e869a:192.168.5.175:43254, a951a5ca-0ab5-470b-9716-44f820a131a6:192.168.5.175:37446], old=null
2019-10-09 13:05:08,858 [pool-57-thread-1] INFO  impl.RaftServerImpl (RaftServerImpl.java:setRole(174)) - 194018c8-bd25-415f-9941-0e401fd1a71b@group-FA60FACA7155: changes role from      null to FOLLOWER at term 0 for startAsFollower
2019-10-09 13:05:08,859 [pool-67-thread-1] INFO  impl.RaftServerImpl (RaftServerImpl.java:setRole(174)) - 3eeab9a4-47d5-4980-9c6e-5102901e869a@group-FA60FACA7155: changes role from      null to FOLLOWER at term 0 for startAsFollower
2019-10-09 13:05:08,859 [pool-57-thread-1] INFO  impl.RoleInfo (RoleInfo.java:updateAndGet(143)) - 194018c8-bd25-415f-9941-0e401fd1a71b: start FollowerState
2019-10-09 13:05:08,859 [pool-67-thread-1] INFO  impl.RoleInfo (RoleInfo.java:updateAndGet(143)) - 3eeab9a4-47d5-4980-9c6e-5102901e869a: start FollowerState
2019-10-09 13:05:08,859 [pool-57-thread-1] INFO  util.JmxRegister (JmxRegister.java:tryRegister(44)) - Successfully registered JMX Bean with object name Ratis:service=RaftServer,group=group-FA60FACA7155,id=194018c8-bd25-415f-9941-0e401fd1a71b
2019-10-09 13:05:08,859 [pool-67-thread-1] INFO  util.JmxRegister (JmxRegister.java:tryRegister(44)) - Successfully registered JMX Bean with object name Ratis:service=RaftServer,group=group-FA60FACA7155,id=3eeab9a4-47d5-4980-9c6e-5102901e869a
2019-10-09 13:05:08,862 [RatisPipelineUtilsThread] INFO  pipeline.PipelineStateManager (PipelineStateManager.java:addPipeline(56)) - Created pipeline Pipeline[ Id: 9d1fba23-819a-4399-aff0-fa60faca7155, Nodes: 3eeab9a4-47d5-4980-9c6e-5102901e869a{ip: 192.168.5.175, host: pr-hdds-1569-mfl88-1504498049, networkLocation: /default-rack, certSerialId: null}194018c8-bd25-415f-9941-0e401fd1a71b{ip: 192.168.5.175, host: pr-hdds-1569-mfl88-1504498049, networkLocation: /default-rack, certSerialId: null}a951a5ca-0ab5-470b-9716-44f820a131a6{ip: 192.168.5.175, host: pr-hdds-1569-mfl88-1504498049, networkLocation: /default-rack, certSerialId: null}, Type:RATIS, Factor:THREE, State:OPEN]
2019-10-09 13:05:08,870 [grpc-default-executor-7] INFO  impl.RaftServerProxy (RaftServerProxy.java:addNew(89)) - 3eeab9a4-47d5-4980-9c6e-5102901e869a: addNew group-867FD2ADA018:[194018c8-bd25-415f-9941-0e401fd1a71b:192.168.5.175:36608, 3eeab9a4-47d5-4980-9c6e-5102901e869a:192.168.5.175:43254, a951a5ca-0ab5-470b-9716-44f820a131a6:192.168.5.175:37446] returns group-867FD2ADA018:java.util.concurrent.CompletableFuture@6965f13a[Not completed]
2019-10-09 13:05:08,871 [grpc-default-executor-4] INFO  impl.RaftServerProxy (RaftServerProxy.java:addNew(89)) - a951a5ca-0ab5-470b-9716-44f820a131a6: addNew group-867FD2ADA018:[194018c8-bd25-415f-9941-0e401fd1a71b:192.168.5.175:36608, 3eeab9a4-47d5-4980-9c6e-5102901e869a:192.168.5.175:43254, a951a5ca-0ab5-470b-9716-44f820a131a6:192.168.5.175:37446] returns group-867FD2ADA018:java.util.concurrent.CompletableFuture@1a56aaaa[Not completed]
2019-10-09 13:05:08,871 [grpc-default-executor-10] INFO  impl.RaftServerProxy (RaftServerProxy.java:addNew(89)) - 194018c8-bd25-415f-9941-0e401fd1a71b: addNew group-867FD2ADA018:[194018c8-bd25-415f-9941-0e401fd1a71b:192.168.5.175:36608, 3eeab9a4-47d5-4980-9c6e-5102901e869a:192.168.5.175:43254, a951a5ca-0ab5-470b-9716-44f820a131a6:192.168.5.175:37446] returns group-867FD2ADA018:java.util.concurrent.CompletableFuture@47309e6c[Not completed]
2019-10-09 13:05:08,872 [pool-67-thread-1] INFO  impl.RaftServerImpl (RaftServerImpl.java:<init>(95)) - 3eeab9a4-47d5-4980-9c6e-5102901e869a: new RaftServerImpl for group-867FD2ADA018:[194018c8-bd25-415f-9941-0e401fd1a71b:192.168.5.175:36608, 3eeab9a4-47d5-4980-9c6e-5102901e869a:192.168.5.175:43254, a951a5ca-0ab5-470b-9716-44f820a131a6:192.168.5.175:37446] with ContainerStateMachine:uninitialized
2019-10-09 13:05:08,872 [pool-67-thread-1] INFO  server.RaftServerConfigKeys (ConfUtils.java:logGet(43)) - raft.server.rpc.timeout.min = 5s (custom)
2019-10-09 13:05:08,872 [pool-67-thread-1] INFO  server.RaftServerConfigKeys (ConfUtils.java:logGet(43)) - raft.server.rpc.timeout.max = 5200ms (custom)
2019-10-09 13:05:08,872 [pool-67-thread-1] INFO  server.RaftServerConfigKeys (ConfUtils.java:logGet(43)) - raft.server.rpcslowness.timeout = 120s (custom)
2019-10-09 13:05:08,872 [pool-67-thread-1] INFO  server.RaftServerConfigKeys (ConfUtils.java:logGet(43)) - raft.server.sleep.deviation.threshold = 300 (default)
2019-10-09 13:05:08,872 [pool-67-thread-1] INFO  server.RaftServerConfigKeys (ConfUtils.java:logGet(43)) - raft.server.log.appender.install.snapshot.enabled = false (custom)
2019-10-09 13:05:08,872 [pool-67-thread-1] INFO  impl.RaftServerImpl (ServerState.java:<init>(103)) - 3eeab9a4-47d5-4980-9c6e-5102901e869a@group-867FD2ADA018: ConfigurationManager, init=-1: [194018c8-bd25-415f-9941-0e401fd1a71b:192.168.5.175:36608, 3eeab9a4-47d5-4980-9c6e-5102901e869a:192.168.5.175:43254, a951a5ca-0ab5-470b-9716-44f820a131a6:192.168.5.175:37446], old=null, confs=<EMPTY_MAP>
2019-10-09 13:05:08,872 [pool-67-thread-1] INFO  server.RaftServerConfigKeys (ConfUtils.java:logGet(43)) - raft.server.storage.dir = [/workdir/hadoop-ozone/integration-test/target/test-dir/MiniOzoneClusterImpl-92c4d179-1d16-4416-8bce-4538b25b782c/datanode-4/data/ratis] (custom)
2019-10-09 13:05:08,873 [pool-77-thread-1] INFO  impl.RaftServerImpl (RaftServerImpl.java:<init>(95)) - a951a5ca-0ab5-470b-9716-44f820a131a6: new RaftServerImpl for group-867FD2ADA018:[194018c8-bd25-415f-9941-0e401fd1a71b:192.168.5.175:36608, 3eeab9a4-47d5-4980-9c6e-5102901e869a:192.168.5.175:43254, a951a5ca-0ab5-470b-9716-44f820a131a6:192.168.5.175:37446] with ContainerStateMachine:uninitialized
2019-10-09 13:05:08,873 [pool-67-thread-1] INFO  storage.RaftStorageDirectory (RaftStorageDirectory.java:analyzeStorage(246)) - The storage directory /workdir/hadoop-ozone/integration-test/target/test-dir/MiniOzoneClusterImpl-92c4d179-1d16-4416-8bce-4538b25b782c/datanode-4/data/ratis/efeb12e1-b1df-4135-b5eb-867fd2ada018 does not exist. Creating ...
2019-10-09 13:05:08,873 [pool-77-thread-1] INFO  server.RaftServerConfigKeys (ConfUtils.java:logGet(43)) - raft.server.rpc.timeout.min = 5s (custom)
2019-10-09 13:05:08,873 [pool-77-thread-1] INFO  server.RaftServerConfigKeys (ConfUtils.java:logGet(43)) - raft.server.rpc.timeout.max = 5200ms (custom)
2019-10-09 13:05:08,873 [pool-77-thread-1] INFO  server.RaftServerConfigKeys (ConfUtils.java:logGet(43)) - raft.server.rpcslowness.timeout = 120s (custom)
2019-10-09 13:05:08,873 [pool-57-thread-1] INFO  impl.RaftServerImpl (RaftServerImpl.java:<init>(95)) - 194018c8-bd25-415f-9941-0e401fd1a71b: new RaftServerImpl for group-867FD2ADA018:[194018c8-bd25-415f-9941-0e401fd1a71b:192.168.5.175:36608, 3eeab9a4-47d5-4980-9c6e-5102901e869a:192.168.5.175:43254, a951a5ca-0ab5-470b-9716-44f820a131a6:192.168.5.175:37446] with ContainerStateMachine:uninitialized
2019-10-09 13:05:08,873 [pool-77-thread-1] INFO  server.RaftServerConfigKeys (ConfUtils.java:logGet(43)) - raft.server.sleep.deviation.threshold = 300 (default)
2019-10-09 13:05:08,873 [pool-57-thread-1] INFO  server.RaftServerConfigKeys (ConfUtils.java:logGet(43)) - raft.server.rpc.timeout.min = 5s (custom)
2019-10-09 13:05:08,874 [pool-77-thread-1] INFO  server.RaftServerConfigKeys (ConfUtils.java:logGet(43)) - raft.server.log.appender.install.snapshot.enabled = false (custom)
2019-10-09 13:05:08,874 [pool-57-thread-1] INFO  server.RaftServerConfigKeys (ConfUtils.java:logGet(43)) - raft.server.rpc.timeout.max = 5200ms (custom)
2019-10-09 13:05:08,874 [pool-77-thread-1] INFO  impl.RaftServerImpl (ServerState.java:<init>(103)) - a951a5ca-0ab5-470b-9716-44f820a131a6@group-867FD2ADA018: ConfigurationManager, init=-1: [194018c8-bd25-415f-9941-0e401fd1a71b:192.168.5.175:36608, 3eeab9a4-47d5-4980-9c6e-5102901e869a:192.168.5.175:43254, a951a5ca-0ab5-470b-9716-44f820a131a6:192.168.5.175:37446], old=null, confs=<EMPTY_MAP>
2019-10-09 13:05:08,874 [pool-57-thread-1] INFO  server.RaftServerConfigKeys (ConfUtils.java:logGet(43)) - raft.server.rpcslowness.timeout = 120s (custom)
2019-10-09 13:05:08,874 [pool-77-thread-1] INFO  server.RaftServerConfigKeys (ConfUtils.java:logGet(43)) - raft.server.storage.dir = [/workdir/hadoop-ozone/integration-test/target/test-dir/MiniOzoneClusterImpl-92c4d179-1d16-4416-8bce-4538b25b782c/datanode-5/data/ratis] (custom)
2019-10-09 13:05:08,874 [pool-57-thread-1] INFO  server.RaftServerConfigKeys (ConfUtils.java:logGet(43)) - raft.server.sleep.deviation.threshold = 300 (default)
2019-10-09 13:05:08,874 [pool-57-thread-1] INFO  server.RaftServerConfigKeys (ConfUtils.java:logGet(43)) - raft.server.log.appender.install.snapshot.enabled = false (custom)
2019-10-09 13:05:08,875 [pool-57-thread-1] INFO  impl.RaftServerImpl (ServerState.java:<init>(103)) - 194018c8-bd25-415f-9941-0e401fd1a71b@group-867FD2ADA018: ConfigurationManager, init=-1: [194018c8-bd25-415f-9941-0e401fd1a71b:192.168.5.175:36608, 3eeab9a4-47d5-4980-9c6e-5102901e869a:192.168.5.175:43254, a951a5ca-0ab5-470b-9716-44f820a131a6:192.168.5.175:37446], old=null, confs=<EMPTY_MAP>
2019-10-09 13:05:08,875 [pool-77-thread-1] INFO  storage.RaftStorageDirectory (RaftStorageDirectory.java:analyzeStorage(246)) - The storage directory /workdir/hadoop-ozone/integration-test/target/test-dir/MiniOzoneClusterImpl-92c4d179-1d16-4416-8bce-4538b25b782c/datanode-5/data/ratis/efeb12e1-b1df-4135-b5eb-867fd2ada018 does not exist. Creating ...
2019-10-09 13:05:08,875 [pool-57-thread-1] INFO  server.RaftServerConfigKeys (ConfUtils.java:logGet(43)) - raft.server.storage.dir = [/workdir/hadoop-ozone/integration-test/target/test-dir/MiniOzoneClusterImpl-92c4d179-1d16-4416-8bce-4538b25b782c/datanode-3/data/ratis] (custom)
2019-10-09 13:05:08,875 [pool-57-thread-1] INFO  storage.RaftStorageDirectory (RaftStorageDirectory.java:analyzeStorage(246)) - The storage directory /workdir/hadoop-ozone/integration-test/target/test-dir/MiniOzoneClusterImpl-92c4d179-1d16-4416-8bce-4538b25b782c/datanode-3/data/ratis/efeb12e1-b1df-4135-b5eb-867fd2ada018 does not exist. Creating ...
2019-10-09 13:05:08,898 [pool-67-thread-1] INFO  storage.RaftStorageDirectory (RaftStorageDirectory.java:tryLock(328)) - Lock on /workdir/hadoop-ozone/integration-test/target/test-dir/MiniOzoneClusterImpl-92c4d179-1d16-4416-8bce-4538b25b782c/datanode-4/data/ratis/efeb12e1-b1df-4135-b5eb-867fd2ada018/in_use.lock acquired by nodename 6401@pr-hdds-1569-mfl88-1504498049
2019-10-09 13:05:08,898 [pool-57-thread-1] INFO  storage.RaftStorageDirectory (RaftStorageDirectory.java:tryLock(328)) - Lock on /workdir/hadoop-ozone/integration-test/target/test-dir/MiniOzoneClusterImpl-92c4d179-1d16-4416-8bce-4538b25b782c/datanode-3/data/ratis/efeb12e1-b1df-4135-b5eb-867fd2ada018/in_use.lock acquired by nodename 6401@pr-hdds-1569-mfl88-1504498049
2019-10-09 13:05:08,898 [pool-77-thread-1] INFO  storage.RaftStorageDirectory (RaftStorageDirectory.java:tryLock(328)) - Lock on /workdir/hadoop-ozone/integration-test/target/test-dir/MiniOzoneClusterImpl-92c4d179-1d16-4416-8bce-4538b25b782c/datanode-5/data/ratis/efeb12e1-b1df-4135-b5eb-867fd2ada018/in_use.lock acquired by nodename 6401@pr-hdds-1569-mfl88-1504498049
2019-10-09 13:05:08,906 [pool-67-thread-1] INFO  storage.RaftStorage (RaftStorage.java:format(72)) - Storage directory /workdir/hadoop-ozone/integration-test/target/test-dir/MiniOzoneClusterImpl-92c4d179-1d16-4416-8bce-4538b25b782c/datanode-4/data/ratis/efeb12e1-b1df-4135-b5eb-867fd2ada018 has been successfully formatted.
2019-10-09 13:05:08,906 [pool-57-thread-1] INFO  storage.RaftStorage (RaftStorage.java:format(72)) - Storage directory /workdir/hadoop-ozone/integration-test/target/test-dir/MiniOzoneClusterImpl-92c4d179-1d16-4416-8bce-4538b25b782c/datanode-3/data/ratis/efeb12e1-b1df-4135-b5eb-867fd2ada018 has been successfully formatted.
2019-10-09 13:05:08,906 [pool-67-thread-1] INFO  ratis.ContainerStateMachine (ContainerStateMachine.java:loadSnapshot(230)) - group-867FD2ADA018: The snapshot info is null. Setting the last applied indexto:(t:0, i:~)
2019-10-09 13:05:08,906 [pool-67-thread-1] INFO  server.RaftServerConfigKeys (ConfUtils.java:logGet(43)) - raft.server.notification.no-leader.timeout = 120s (custom)
2019-10-09 13:05:08,906 [pool-77-thread-1] INFO  storage.RaftStorage (RaftStorage.java:format(72)) - Storage directory /workdir/hadoop-ozone/integration-test/target/test-dir/MiniOzoneClusterImpl-92c4d179-1d16-4416-8bce-4538b25b782c/datanode-5/data/ratis/efeb12e1-b1df-4135-b5eb-867fd2ada018 has been successfully formatted.
2019-10-09 13:05:08,906 [pool-67-thread-1] INFO  server.RaftServerConfigKeys (ConfUtils.java:logGet(43)) - raft.server.log.use.memory = false (default)
2019-10-09 13:05:08,906 [pool-57-thread-1] INFO  ratis.ContainerStateMachine (ContainerStateMachine.java:loadSnapshot(230)) - group-867FD2ADA018: The snapshot info is null. Setting the last applied indexto:(t:0, i:~)
2019-10-09 13:05:08,907 [pool-77-thread-1] INFO  ratis.ContainerStateMachine (ContainerStateMachine.java:loadSnapshot(230)) - group-867FD2ADA018: The snapshot info is null. Setting the last applied indexto:(t:0, i:~)
2019-10-09 13:05:08,907 [pool-67-thread-1] INFO  server.RaftServerConfigKeys (ConfUtils.java:logGet(43)) - raft.server.log.purge.gap = 1000000 (custom)
2019-10-09 13:05:08,907 [pool-77-thread-1] INFO  server.RaftServerConfigKeys (ConfUtils.java:logGet(43)) - raft.server.notification.no-leader.timeout = 120s (custom)
2019-10-09 13:05:08,907 [pool-57-thread-1] INFO  server.RaftServerConfigKeys (ConfUtils.java:logGet(43)) - raft.server.notification.no-leader.timeout = 120s (custom)
2019-10-09 13:05:08,907 [pool-77-thread-1] INFO  server.RaftServerConfigKeys (ConfUtils.java:logGet(43)) - raft.server.log.use.memory = false (default)
2019-10-09 13:05:08,907 [pool-67-thread-1] INFO  server.RaftServerConfigKeys (ConfUtils.java:logGet(43)) - raft.server.log.appender.buffer.byte-limit = 33554432 (custom)
2019-10-09 13:05:08,907 [pool-77-thread-1] INFO  server.RaftServerConfigKeys (ConfUtils.java:logGet(43)) - raft.server.log.purge.gap = 1000000 (custom)
2019-10-09 13:05:08,907 [pool-57-thread-1] INFO  server.RaftServerConfigKeys (ConfUtils.java:logGet(43)) - raft.server.log.use.memory = false (default)
2019-10-09 13:05:08,908 [pool-77-thread-1] INFO  server.RaftServerConfigKeys (ConfUtils.java:logGet(43)) - raft.server.log.appender.buffer.byte-limit = 33554432 (custom)
2019-10-09 13:05:08,907 [pool-67-thread-1] INFO  server.RaftServerConfigKeys (ConfUtils.java:logGet(43)) - raft.server.log.segment.size.max = 1048576 (custom)
2019-10-09 13:05:08,908 [pool-77-thread-1] INFO  server.RaftServerConfigKeys (ConfUtils.java:logGet(43)) - raft.server.log.segment.size.max = 1048576 (custom)
2019-10-09 13:05:08,908 [pool-57-thread-1] INFO  server.RaftServerConfigKeys (ConfUtils.java:logGet(43)) - raft.server.log.purge.gap = 1000000 (custom)
2019-10-09 13:05:08,908 [pool-77-thread-1] INFO  server.RaftServerConfigKeys (ConfUtils.java:logGet(43)) - raft.server.log.segment.cache.num.max = 2 (custom)
2019-10-09 13:05:08,908 [pool-67-thread-1] INFO  server.RaftServerConfigKeys (ConfUtils.java:logGet(43)) - raft.server.log.segment.cache.num.max = 2 (custom)
2019-10-09 13:05:08,908 [pool-77-thread-1] INFO  segmented.SegmentedRaftLogWorker (SegmentedRaftLogWorker.java:<init>(172)) - new a951a5ca-0ab5-470b-9716-44f820a131a6@group-867FD2ADA018-SegmentedRaftLogWorker for RaftStorage:Storage Directory /workdir/hadoop-ozone/integration-test/target/test-dir/MiniOzoneClusterImpl-92c4d179-1d16-4416-8bce-4538b25b782c/datanode-5/data/ratis/efeb12e1-b1df-4135-b5eb-867fd2ada018
2019-10-09 13:05:08,908 [pool-57-thread-1] INFO  server.RaftServerConfigKeys (ConfUtils.java:logGet(43)) - raft.server.log.appender.buffer.byte-limit = 33554432 (custom)
2019-10-09 13:05:08,909 [pool-77-thread-1] INFO  server.RaftServerConfigKeys (ConfUtils.java:logGet(43)) - raft.server.log.queue.byte-limit = 2147483647 (custom)
2019-10-09 13:05:08,908 [pool-67-thread-1] INFO  segmented.SegmentedRaftLogWorker (SegmentedRaftLogWorker.java:<init>(172)) - new 3eeab9a4-47d5-4980-9c6e-5102901e869a@group-867FD2ADA018-SegmentedRaftLogWorker for RaftStorage:Storage Directory /workdir/hadoop-ozone/integration-test/target/test-dir/MiniOzoneClusterImpl-92c4d179-1d16-4416-8bce-4538b25b782c/datanode-4/data/ratis/efeb12e1-b1df-4135-b5eb-867fd2ada018
2019-10-09 13:05:08,909 [pool-77-thread-1] INFO  server.RaftServerConfigKeys (ConfUtils.java:logGet(43)) - raft.server.log.queue.element-limit = 1024 (custom)
2019-10-09 13:05:08,909 [pool-57-thread-1] INFO  server.RaftServerConfigKeys (ConfUtils.java:logGet(43)) - raft.server.log.segment.size.max = 1048576 (custom)
2019-10-09 13:05:08,909 [pool-77-thread-1] INFO  server.RaftServerConfigKeys (ConfUtils.java:logGet(43)) - raft.server.log.segment.size.max = 1048576 (custom)
2019-10-09 13:05:08,909 [pool-67-thread-1] INFO  server.RaftServerConfigKeys (ConfUtils.java:logGet(43)) - raft.server.log.queue.byte-limit = 2147483647 (custom)
2019-10-09 13:05:08,909 [pool-77-thread-1] INFO  server.RaftServerConfigKeys (ConfUtils.java:logGet(43)) - raft.server.log.preallocated.size = 16384 (custom)
2019-10-09 13:05:08,909 [pool-57-thread-1] INFO  server.RaftServerConfigKeys (ConfUtils.java:logGet(43)) - raft.server.log.segment.cache.num.max = 2 (custom)
2019-10-09 13:05:08,910 [pool-77-thread-1] INFO  server.RaftServerConfigKeys (ConfUtils.java:logGet(43)) - raft.server.log.write.buffer.size = 33554432 (custom)
2019-10-09 13:05:08,909 [pool-67-thread-1] INFO  server.RaftServerConfigKeys (ConfUtils.java:logGet(43)) - raft.server.log.queue.element-limit = 1024 (custom)
2019-10-09 13:05:08,910 [pool-77-thread-1] INFO  server.RaftServerConfigKeys (ConfUtils.java:logGet(43)) - raft.server.log.force.sync.num = 128 (default)
2019-10-09 13:05:08,910 [pool-57-thread-1] INFO  segmented.SegmentedRaftLogWorker (SegmentedRaftLogWorker.java:<init>(172)) - new 194018c8-bd25-415f-9941-0e401fd1a71b@group-867FD2ADA018-SegmentedRaftLogWorker for RaftStorage:Storage Directory /workdir/hadoop-ozone/integration-test/target/test-dir/MiniOzoneClusterImpl-92c4d179-1d16-4416-8bce-4538b25b782c/datanode-3/data/ratis/efeb12e1-b1df-4135-b5eb-867fd2ada018
2019-10-09 13:05:08,910 [pool-77-thread-1] INFO  server.RaftServerConfigKeys (ConfUtils.java:logGet(43)) - raft.server.log.statemachine.data.sync = true (default)
2019-10-09 13:05:08,910 [pool-67-thread-1] INFO  server.RaftServerConfigKeys (ConfUtils.java:logGet(43)) - raft.server.log.segment.size.max = 1048576 (custom)
2019-10-09 13:05:08,910 [pool-77-thread-1] INFO  server.RaftServerConfigKeys (ConfUtils.java:logGet(43)) - raft.server.log.statemachine.data.sync.timeout = 10s (default)
2019-10-09 13:05:08,910 [pool-57-thread-1] INFO  server.RaftServerConfigKeys (ConfUtils.java:logGet(43)) - raft.server.log.queue.byte-limit = 2147483647 (custom)
2019-10-09 13:05:08,911 [pool-77-thread-1] INFO  server.RaftServerConfigKeys (ConfUtils.java:logGet(43)) - raft.server.log.statemachine.data.sync.timeout.retry = -1 (default)
2019-10-09 13:05:08,910 [pool-67-thread-1] INFO  server.RaftServerConfigKeys (ConfUtils.java:logGet(43)) - raft.server.log.preallocated.size = 16384 (custom)
2019-10-09 13:05:08,911 [pool-77-thread-1] INFO  server.RaftServerConfigKeys (ConfUtils.java:logGet(43)) - raft.server.log.statemachine.data.caching.enabled = true (custom)
2019-10-09 13:05:08,911 [pool-57-thread-1] INFO  server.RaftServerConfigKeys (ConfUtils.java:logGet(43)) - raft.server.log.queue.element-limit = 1024 (custom)
2019-10-09 13:05:08,911 [pool-67-thread-1] INFO  server.RaftServerConfigKeys (ConfUtils.java:logGet(43)) - raft.server.log.write.buffer.size = 33554432 (custom)
2019-10-09 13:05:08,911 [pool-77-thread-1] INFO  segmented.SegmentedRaftLogWorker (SegmentedRaftLogWorker.java:lambda$new$0(132)) - a951a5ca-0ab5-470b-9716-44f820a131a6@group-867FD2ADA018-SegmentedRaftLogWorker: flushIndex: setUnconditionally 0 -> -1
2019-10-09 13:05:08,911 [pool-57-thread-1] INFO  server.RaftServerConfigKeys (ConfUtils.java:logGet(43)) - raft.server.log.segment.size.max = 1048576 (custom)
2019-10-09 13:05:08,911 [pool-67-thread-1] INFO  server.RaftServerConfigKeys (ConfUtils.java:logGet(43)) - raft.server.log.force.sync.num = 128 (default)
2019-10-09 13:05:08,912 [pool-77-thread-1] INFO  server.RaftServerConfigKeys (ConfUtils.java:logGet(43)) - raft.server.snapshot.auto.trigger.enabled = true (custom)
2019-10-09 13:05:08,912 [pool-57-thread-1] INFO  server.RaftServerConfigKeys (ConfUtils.java:logGet(43)) - raft.server.log.preallocated.size = 16384 (custom)
2019-10-09 13:05:08,912 [pool-77-thread-1] INFO  server.RaftServerConfigKeys (ConfUtils.java:logGet(43)) - raft.server.snapshot.auto.trigger.threshold = 10000 (custom)
2019-10-09 13:05:08,912 [pool-67-thread-1] INFO  server.RaftServerConfigKeys (ConfUtils.java:logGet(43)) - raft.server.log.statemachine.data.sync = true (default)
2019-10-09 13:05:08,912 [pool-77-thread-1] INFO  server.RaftServerConfigKeys (ConfUtils.java:logGet(43)) - raft.server.snapshot.retention.num.files = 5 (custom)
2019-10-09 13:05:08,912 [pool-57-thread-1] INFO  server.RaftServerConfigKeys (ConfUtils.java:logGet(43)) - raft.server.log.write.buffer.size = 33554432 (custom)
2019-10-09 13:05:08,912 [pool-77-thread-1] INFO  server.RaftServerConfigKeys (ConfUtils.java:logGet(43)) - raft.server.retrycache.expirytime = 600000ms (custom)
2019-10-09 13:05:08,912 [pool-67-thread-1] INFO  server.RaftServerConfigKeys (ConfUtils.java:logGet(43)) - raft.server.log.statemachine.data.sync.timeout = 10s (default)
2019-10-09 13:05:08,912 [pool-57-thread-1] INFO  server.RaftServerConfigKeys (ConfUtils.java:logGet(43)) - raft.server.log.force.sync.num = 128 (default)
2019-10-09 13:05:08,913 [pool-67-thread-1] INFO  server.RaftServerConfigKeys (ConfUtils.java:logGet(43)) - raft.server.log.statemachine.data.sync.timeout.retry = -1 (default)
2019-10-09 13:05:08,913 [pool-57-thread-1] INFO  server.RaftServerConfigKeys (ConfUtils.java:logGet(43)) - raft.server.log.statemachine.data.sync = true (default)
2019-10-09 13:05:08,913 [pool-67-thread-1] INFO  server.RaftServerConfigKeys (ConfUtils.java:logGet(43)) - raft.server.log.statemachine.data.caching.enabled = true (custom)
2019-10-09 13:05:08,913 [pool-57-thread-1] INFO  server.RaftServerConfigKeys (ConfUtils.java:logGet(43)) - raft.server.log.statemachine.data.sync.timeout = 10s (default)
2019-10-09 13:05:08,913 [pool-67-thread-1] INFO  segmented.SegmentedRaftLogWorker (SegmentedRaftLogWorker.java:lambda$new$0(132)) - 3eeab9a4-47d5-4980-9c6e-5102901e869a@group-867FD2ADA018-SegmentedRaftLogWorker: flushIndex: setUnconditionally 0 -> -1
2019-10-09 13:05:08,913 [pool-57-thread-1] INFO  server.RaftServerConfigKeys (ConfUtils.java:logGet(43)) - raft.server.log.statemachine.data.sync.timeout.retry = -1 (default)
2019-10-09 13:05:08,914 [pool-67-thread-1] INFO  server.RaftServerConfigKeys (ConfUtils.java:logGet(43)) - raft.server.snapshot.auto.trigger.enabled = true (custom)
2019-10-09 13:05:08,914 [pool-57-thread-1] INFO  server.RaftServerConfigKeys (ConfUtils.java:logGet(43)) - raft.server.log.statemachine.data.caching.enabled = true (custom)
2019-10-09 13:05:08,914 [pool-67-thread-1] INFO  server.RaftServerConfigKeys (ConfUtils.java:logGet(43)) - raft.server.snapshot.auto.trigger.threshold = 10000 (custom)
2019-10-09 13:05:08,914 [pool-67-thread-1] INFO  server.RaftServerConfigKeys (ConfUtils.java:logGet(43)) - raft.server.snapshot.retention.num.files = 5 (custom)
2019-10-09 13:05:08,914 [pool-57-thread-1] INFO  segmented.SegmentedRaftLogWorker (SegmentedRaftLogWorker.java:lambda$new$0(132)) - 194018c8-bd25-415f-9941-0e401fd1a71b@group-867FD2ADA018-SegmentedRaftLogWorker: flushIndex: setUnconditionally 0 -> -1
2019-10-09 13:05:08,914 [pool-67-thread-1] INFO  server.RaftServerConfigKeys (ConfUtils.java:logGet(43)) - raft.server.retrycache.expirytime = 600000ms (custom)
2019-10-09 13:05:08,914 [pool-57-thread-1] INFO  server.RaftServerConfigKeys (ConfUtils.java:logGet(43)) - raft.server.snapshot.auto.trigger.enabled = true (custom)
2019-10-09 13:05:08,914 [pool-57-thread-1] INFO  server.RaftServerConfigKeys (ConfUtils.java:logGet(43)) - raft.server.snapshot.auto.trigger.threshold = 10000 (custom)
2019-10-09 13:05:08,915 [pool-77-thread-1] INFO  impl.RaftServerImpl (RaftServerImpl.java:start(185)) - a951a5ca-0ab5-470b-9716-44f820a131a6@group-867FD2ADA018: start as a follower, conf=-1: [194018c8-bd25-415f-9941-0e401fd1a71b:192.168.5.175:36608, 3eeab9a4-47d5-4980-9c6e-5102901e869a:192.168.5.175:43254, a951a5ca-0ab5-470b-9716-44f820a131a6:192.168.5.175:37446], old=null
2019-10-09 13:05:08,915 [pool-57-thread-1] INFO  server.RaftServerConfigKeys (ConfUtils.java:logGet(43)) - raft.server.snapshot.retention.num.files = 5 (custom)
2019-10-09 13:05:08,915 [pool-77-thread-1] INFO  impl.RaftServerImpl (RaftServerImpl.java:setRole(174)) - a951a5ca-0ab5-470b-9716-44f820a131a6@group-867FD2ADA018: changes role from      null to FOLLOWER at term 0 for startAsFollower
2019-10-09 13:05:08,915 [pool-57-thread-1] INFO  server.RaftServerConfigKeys (ConfUtils.java:logGet(43)) - raft.server.retrycache.expirytime = 600000ms (custom)
2019-10-09 13:05:08,915 [pool-77-thread-1] INFO  impl.RoleInfo (RoleInfo.java:updateAndGet(143)) - a951a5ca-0ab5-470b-9716-44f820a131a6: start FollowerState
2019-10-09 13:05:08,915 [pool-77-thread-1] INFO  util.JmxRegister (JmxRegister.java:tryRegister(44)) - Successfully registered JMX Bean with object name Ratis:service=RaftServer,group=group-867FD2ADA018,id=a951a5ca-0ab5-470b-9716-44f820a131a6
2019-10-09 13:05:08,916 [pool-67-thread-1] INFO  impl.RaftServerImpl (RaftServerImpl.java:start(185)) - 3eeab9a4-47d5-4980-9c6e-5102901e869a@group-867FD2ADA018: start as a follower, conf=-1: [194018c8-bd25-415f-9941-0e401fd1a71b:192.168.5.175:36608, 3eeab9a4-47d5-4980-9c6e-5102901e869a:192.168.5.175:43254, a951a5ca-0ab5-470b-9716-44f820a131a6:192.168.5.175:37446], old=null
2019-10-09 13:05:08,917 [pool-67-thread-1] INFO  impl.RaftServerImpl (RaftServerImpl.java:setRole(174)) - 3eeab9a4-47d5-4980-9c6e-5102901e869a@group-867FD2ADA018: changes role from      null to FOLLOWER at term 0 for startAsFollower
2019-10-09 13:05:08,917 [pool-67-thread-1] INFO  impl.RoleInfo (RoleInfo.java:updateAndGet(143)) - 3eeab9a4-47d5-4980-9c6e-5102901e869a: start FollowerState
2019-10-09 13:05:08,923 [pool-67-thread-1] INFO  util.JmxRegister (JmxRegister.java:tryRegister(44)) - Successfully registered JMX Bean with object name Ratis:service=RaftServer,group=group-867FD2ADA018,id=3eeab9a4-47d5-4980-9c6e-5102901e869a
2019-10-09 13:05:08,929 [pool-57-thread-1] INFO  impl.RaftServerImpl (RaftServerImpl.java:start(185)) - 194018c8-bd25-415f-9941-0e401fd1a71b@group-867FD2ADA018: start as a follower, conf=-1: [194018c8-bd25-415f-9941-0e401fd1a71b:192.168.5.175:36608, 3eeab9a4-47d5-4980-9c6e-5102901e869a:192.168.5.175:43254, a951a5ca-0ab5-470b-9716-44f820a131a6:192.168.5.175:37446], old=null
2019-10-09 13:05:08,929 [pool-57-thread-1] INFO  impl.RaftServerImpl (RaftServerImpl.java:setRole(174)) - 194018c8-bd25-415f-9941-0e401fd1a71b@group-867FD2ADA018: changes role from      null to FOLLOWER at term 0 for startAsFollower
2019-10-09 13:05:08,929 [pool-57-thread-1] INFO  impl.RoleInfo (RoleInfo.java:updateAndGet(143)) - 194018c8-bd25-415f-9941-0e401fd1a71b: start FollowerState
2019-10-09 13:05:08,930 [pool-57-thread-1] INFO  util.JmxRegister (JmxRegister.java:tryRegister(44)) - Successfully registered JMX Bean with object name Ratis:service=RaftServer,group=group-867FD2ADA018,id=194018c8-bd25-415f-9941-0e401fd1a71b
2019-10-09 13:05:08,932 [RatisPipelineUtilsThread] INFO  pipeline.PipelineStateManager (PipelineStateManager.java:addPipeline(56)) - Created pipeline Pipeline[ Id: efeb12e1-b1df-4135-b5eb-867fd2ada018, Nodes: 3eeab9a4-47d5-4980-9c6e-5102901e869a{ip: 192.168.5.175, host: pr-hdds-1569-mfl88-1504498049, networkLocation: /default-rack, certSerialId: null}a951a5ca-0ab5-470b-9716-44f820a131a6{ip: 192.168.5.175, host: pr-hdds-1569-mfl88-1504498049, networkLocation: /default-rack, certSerialId: null}194018c8-bd25-415f-9941-0e401fd1a71b{ip: 192.168.5.175, host: pr-hdds-1569-mfl88-1504498049, networkLocation: /default-rack, certSerialId: null}, Type:RATIS, Factor:THREE, State:OPEN]
2019-10-09 13:05:08,940 [grpc-default-executor-10] INFO  impl.RaftServerProxy (RaftServerProxy.java:addNew(89)) - 194018c8-bd25-415f-9941-0e401fd1a71b: addNew group-150B5479A3DB:[194018c8-bd25-415f-9941-0e401fd1a71b:192.168.5.175:36608, a951a5ca-0ab5-470b-9716-44f820a131a6:192.168.5.175:37446, 3eeab9a4-47d5-4980-9c6e-5102901e869a:192.168.5.175:43254] returns group-150B5479A3DB:java.util.concurrent.CompletableFuture@8d86da1[Not completed]
2019-10-09 13:05:08,940 [grpc-default-executor-7] INFO  impl.RaftServerProxy (RaftServerProxy.java:addNew(89)) - 3eeab9a4-47d5-4980-9c6e-5102901e869a: addNew group-150B5479A3DB:[194018c8-bd25-415f-9941-0e401fd1a71b:192.168.5.175:36608, a951a5ca-0ab5-470b-9716-44f820a131a6:192.168.5.175:37446, 3eeab9a4-47d5-4980-9c6e-5102901e869a:192.168.5.175:43254] returns group-150B5479A3DB:java.util.concurrent.CompletableFuture@338ad25f[Not completed]
2019-10-09 13:05:08,940 [grpc-default-executor-4] INFO  impl.RaftServerProxy (RaftServerProxy.java:addNew(89)) - a951a5ca-0ab5-470b-9716-44f820a131a6: addNew group-150B5479A3DB:[194018c8-bd25-415f-9941-0e401fd1a71b:192.168.5.175:36608, a951a5ca-0ab5-470b-9716-44f820a131a6:192.168.5.175:37446, 3eeab9a4-47d5-4980-9c6e-5102901e869a:192.168.5.175:43254] returns group-150B5479A3DB:java.util.concurrent.CompletableFuture@1e7866b4[Not completed]
2019-10-09 13:05:08,941 [pool-67-thread-1] INFO  impl.RaftServerImpl (RaftServerImpl.java:<init>(95)) - 3eeab9a4-47d5-4980-9c6e-5102901e869a: new RaftServerImpl for group-150B5479A3DB:[194018c8-bd25-415f-9941-0e401fd1a71b:192.168.5.175:36608, a951a5ca-0ab5-470b-9716-44f820a131a6:192.168.5.175:37446, 3eeab9a4-47d5-4980-9c6e-5102901e869a:192.168.5.175:43254] with ContainerStateMachine:uninitialized
2019-10-09 13:05:08,941 [pool-67-thread-1] INFO  server.RaftServerConfigKeys (ConfUtils.java:logGet(43)) - raft.server.rpc.timeout.min = 5s (custom)
2019-10-09 13:05:08,941 [pool-67-thread-1] INFO  server.RaftServerConfigKeys (ConfUtils.java:logGet(43)) - raft.server.rpc.timeout.max = 5200ms (custom)
2019-10-09 13:05:08,941 [pool-67-thread-1] INFO  server.RaftServerConfigKeys (ConfUtils.java:logGet(43)) - raft.server.rpcslowness.timeout = 120s (custom)
2019-10-09 13:05:08,941 [pool-67-thread-1] INFO  server.RaftServerConfigKeys (ConfUtils.java:logGet(43)) - raft.server.sleep.deviation.threshold = 300 (default)
2019-10-09 13:05:08,941 [pool-67-thread-1] INFO  server.RaftServerConfigKeys (ConfUtils.java:logGet(43)) - raft.server.log.appender.install.snapshot.enabled = false (custom)
2019-10-09 13:05:08,942 [pool-67-thread-1] INFO  impl.RaftServerImpl (ServerState.java:<init>(103)) - 3eeab9a4-47d5-4980-9c6e-5102901e869a@group-150B5479A3DB: ConfigurationManager, init=-1: [194018c8-bd25-415f-9941-0e401fd1a71b:192.168.5.175:36608, a951a5ca-0ab5-470b-9716-44f820a131a6:192.168.5.175:37446, 3eeab9a4-47d5-4980-9c6e-5102901e869a:192.168.5.175:43254], old=null, confs=<EMPTY_MAP>
2019-10-09 13:05:08,942 [pool-77-thread-1] INFO  impl.RaftServerImpl (RaftServerImpl.java:<init>(95)) - a951a5ca-0ab5-470b-9716-44f820a131a6: new RaftServerImpl for group-150B5479A3DB:[194018c8-bd25-415f-9941-0e401fd1a71b:192.168.5.175:36608, a951a5ca-0ab5-470b-9716-44f820a131a6:192.168.5.175:37446, 3eeab9a4-47d5-4980-9c6e-5102901e869a:192.168.5.175:43254] with ContainerStateMachine:uninitialized
2019-10-09 13:05:08,942 [pool-67-thread-1] INFO  server.RaftServerConfigKeys (ConfUtils.java:logGet(43)) - raft.server.storage.dir = [/workdir/hadoop-ozone/integration-test/target/test-dir/MiniOzoneClusterImpl-92c4d179-1d16-4416-8bce-4538b25b782c/datanode-4/data/ratis] (custom)
2019-10-09 13:05:08,942 [pool-77-thread-1] INFO  server.RaftServerConfigKeys (ConfUtils.java:logGet(43)) - raft.server.rpc.timeout.min = 5s (custom)
2019-10-09 13:05:08,942 [pool-77-thread-1] INFO  server.RaftServerConfigKeys (ConfUtils.java:logGet(43)) - raft.server.rpc.timeout.max = 5200ms (custom)
2019-10-09 13:05:08,942 [pool-57-thread-1] INFO  impl.RaftServerImpl (RaftServerImpl.java:<init>(95)) - 194018c8-bd25-415f-9941-0e401fd1a71b: new RaftServerImpl for group-150B5479A3DB:[194018c8-bd25-415f-9941-0e401fd1a71b:192.168.5.175:36608, a951a5ca-0ab5-470b-9716-44f820a131a6:192.168.5.175:37446, 3eeab9a4-47d5-4980-9c6e-5102901e869a:192.168.5.175:43254] with ContainerStateMachine:uninitialized
2019-10-09 13:05:08,942 [pool-67-thread-1] INFO  storage.RaftStorageDirectory (RaftStorageDirectory.java:analyzeStorage(246)) - The storage directory /workdir/hadoop-ozone/integration-test/target/test-dir/MiniOzoneClusterImpl-92c4d179-1d16-4416-8bce-4538b25b782c/datanode-4/data/ratis/64310bd5-a2d3-4962-84b2-150b5479a3db does not exist. Creating ...
2019-10-09 13:05:08,942 [pool-57-thread-1] INFO  server.RaftServerConfigKeys (ConfUtils.java:logGet(43)) - raft.server.rpc.timeout.min = 5s (custom)
2019-10-09 13:05:08,942 [pool-57-thread-1] INFO  server.RaftServerConfigKeys (ConfUtils.java:logGet(43)) - raft.server.rpc.timeout.max = 5200ms (custom)
2019-10-09 13:05:08,942 [pool-77-thread-1] INFO  server.RaftServerConfigKeys (ConfUtils.java:logGet(43)) - raft.server.rpcslowness.timeout = 120s (custom)
2019-10-09 13:05:08,943 [pool-57-thread-1] INFO  server.RaftServerConfigKeys (ConfUtils.java:logGet(43)) - raft.server.rpcslowness.timeout = 120s (custom)
2019-10-09 13:05:08,943 [pool-77-thread-1] INFO  server.RaftServerConfigKeys (ConfUtils.java:logGet(43)) - raft.server.sleep.deviation.threshold = 300 (default)
2019-10-09 13:05:08,943 [pool-57-thread-1] INFO  server.RaftServerConfigKeys (ConfUtils.java:logGet(43)) - raft.server.sleep.deviation.threshold = 300 (default)
2019-10-09 13:05:08,943 [pool-77-thread-1] INFO  server.RaftServerConfigKeys (ConfUtils.java:logGet(43)) - raft.server.log.appender.install.snapshot.enabled = false (custom)
2019-10-09 13:05:08,943 [pool-57-thread-1] INFO  server.RaftServerConfigKeys (ConfUtils.java:logGet(43)) - raft.server.log.appender.install.snapshot.enabled = false (custom)
2019-10-09 13:05:08,943 [pool-77-thread-1] INFO  impl.RaftServerImpl (ServerState.java:<init>(103)) - a951a5ca-0ab5-470b-9716-44f820a131a6@group-150B5479A3DB: ConfigurationManager, init=-1: [194018c8-bd25-415f-9941-0e401fd1a71b:192.168.5.175:36608, a951a5ca-0ab5-470b-9716-44f820a131a6:192.168.5.175:37446, 3eeab9a4-47d5-4980-9c6e-5102901e869a:192.168.5.175:43254], old=null, confs=<EMPTY_MAP>
2019-10-09 13:05:08,943 [pool-57-thread-1] INFO  impl.RaftServerImpl (ServerState.java:<init>(103)) - 194018c8-bd25-415f-9941-0e401fd1a71b@group-150B5479A3DB: ConfigurationManager, init=-1: [194018c8-bd25-415f-9941-0e401fd1a71b:192.168.5.175:36608, a951a5ca-0ab5-470b-9716-44f820a131a6:192.168.5.175:37446, 3eeab9a4-47d5-4980-9c6e-5102901e869a:192.168.5.175:43254], old=null, confs=<EMPTY_MAP>
2019-10-09 13:05:08,943 [pool-77-thread-1] INFO  server.RaftServerConfigKeys (ConfUtils.java:logGet(43)) - raft.server.storage.dir = [/workdir/hadoop-ozone/integration-test/target/test-dir/MiniOzoneClusterImpl-92c4d179-1d16-4416-8bce-4538b25b782c/datanode-5/data/ratis] (custom)
2019-10-09 13:05:08,943 [pool-57-thread-1] INFO  server.RaftServerConfigKeys (ConfUtils.java:logGet(43)) - raft.server.storage.dir = [/workdir/hadoop-ozone/integration-test/target/test-dir/MiniOzoneClusterImpl-92c4d179-1d16-4416-8bce-4538b25b782c/datanode-3/data/ratis] (custom)
2019-10-09 13:05:08,944 [pool-77-thread-1] INFO  storage.RaftStorageDirectory (RaftStorageDirectory.java:analyzeStorage(246)) - The storage directory /workdir/hadoop-ozone/integration-test/target/test-dir/MiniOzoneClusterImpl-92c4d179-1d16-4416-8bce-4538b25b782c/datanode-5/data/ratis/64310bd5-a2d3-4962-84b2-150b5479a3db does not exist. Creating ...
2019-10-09 13:05:08,944 [pool-57-thread-1] INFO  storage.RaftStorageDirectory (RaftStorageDirectory.java:analyzeStorage(246)) - The storage directory /workdir/hadoop-ozone/integration-test/target/test-dir/MiniOzoneClusterImpl-92c4d179-1d16-4416-8bce-4538b25b782c/datanode-3/data/ratis/64310bd5-a2d3-4962-84b2-150b5479a3db does not exist. Creating ...
2019-10-09 13:05:08,950 [pool-77-thread-1] INFO  storage.RaftStorageDirectory (RaftStorageDirectory.java:tryLock(328)) - Lock on /workdir/hadoop-ozone/integration-test/target/test-dir/MiniOzoneClusterImpl-92c4d179-1d16-4416-8bce-4538b25b782c/datanode-5/data/ratis/64310bd5-a2d3-4962-84b2-150b5479a3db/in_use.lock acquired by nodename 6401@pr-hdds-1569-mfl88-1504498049
2019-10-09 13:05:08,950 [pool-67-thread-1] INFO  storage.RaftStorageDirectory (RaftStorageDirectory.java:tryLock(328)) - Lock on /workdir/hadoop-ozone/integration-test/target/test-dir/MiniOzoneClusterImpl-92c4d179-1d16-4416-8bce-4538b25b782c/datanode-4/data/ratis/64310bd5-a2d3-4962-84b2-150b5479a3db/in_use.lock acquired by nodename 6401@pr-hdds-1569-mfl88-1504498049
2019-10-09 13:05:08,950 [pool-57-thread-1] INFO  storage.RaftStorageDirectory (RaftStorageDirectory.java:tryLock(328)) - Lock on /workdir/hadoop-ozone/integration-test/target/test-dir/MiniOzoneClusterImpl-92c4d179-1d16-4416-8bce-4538b25b782c/datanode-3/data/ratis/64310bd5-a2d3-4962-84b2-150b5479a3db/in_use.lock acquired by nodename 6401@pr-hdds-1569-mfl88-1504498049
2019-10-09 13:05:08,968 [pool-67-thread-1] INFO  storage.RaftStorage (RaftStorage.java:format(72)) - Storage directory /workdir/hadoop-ozone/integration-test/target/test-dir/MiniOzoneClusterImpl-92c4d179-1d16-4416-8bce-4538b25b782c/datanode-4/data/ratis/64310bd5-a2d3-4962-84b2-150b5479a3db has been successfully formatted.
2019-10-09 13:05:08,968 [pool-57-thread-1] INFO  storage.RaftStorage (RaftStorage.java:format(72)) - Storage directory /workdir/hadoop-ozone/integration-test/target/test-dir/MiniOzoneClusterImpl-92c4d179-1d16-4416-8bce-4538b25b782c/datanode-3/data/ratis/64310bd5-a2d3-4962-84b2-150b5479a3db has been successfully formatted.
2019-10-09 13:05:08,968 [pool-67-thread-1] INFO  ratis.ContainerStateMachine (ContainerStateMachine.java:loadSnapshot(230)) - group-150B5479A3DB: The snapshot info is null. Setting the last applied indexto:(t:0, i:~)
2019-10-09 13:05:08,968 [pool-77-thread-1] INFO  storage.RaftStorage (RaftStorage.java:format(72)) - Storage directory /workdir/hadoop-ozone/integration-test/target/test-dir/MiniOzoneClusterImpl-92c4d179-1d16-4416-8bce-4538b25b782c/datanode-5/data/ratis/64310bd5-a2d3-4962-84b2-150b5479a3db has been successfully formatted.
2019-10-09 13:05:08,968 [pool-57-thread-1] INFO  ratis.ContainerStateMachine (ContainerStateMachine.java:loadSnapshot(230)) - group-150B5479A3DB: The snapshot info is null. Setting the last applied indexto:(t:0, i:~)
2019-10-09 13:05:08,968 [pool-67-thread-1] INFO  server.RaftServerConfigKeys (ConfUtils.java:logGet(43)) - raft.server.notification.no-leader.timeout = 120s (custom)
2019-10-09 13:05:08,968 [pool-57-thread-1] INFO  server.RaftServerConfigKeys (ConfUtils.java:logGet(43)) - raft.server.notification.no-leader.timeout = 120s (custom)
2019-10-09 13:05:08,968 [pool-77-thread-1] INFO  ratis.ContainerStateMachine (ContainerStateMachine.java:loadSnapshot(230)) - group-150B5479A3DB: The snapshot info is null. Setting the last applied indexto:(t:0, i:~)
2019-10-09 13:05:08,968 [pool-57-thread-1] INFO  server.RaftServerConfigKeys (ConfUtils.java:logGet(43)) - raft.server.log.use.memory = false (default)
2019-10-09 13:05:08,968 [pool-67-thread-1] INFO  server.RaftServerConfigKeys (ConfUtils.java:logGet(43)) - raft.server.log.use.memory = false (default)
2019-10-09 13:05:08,969 [pool-57-thread-1] INFO  server.RaftServerConfigKeys (ConfUtils.java:logGet(43)) - raft.server.log.purge.gap = 1000000 (custom)
2019-10-09 13:05:08,968 [pool-77-thread-1] INFO  server.RaftServerConfigKeys (ConfUtils.java:logGet(43)) - raft.server.notification.no-leader.timeout = 120s (custom)
2019-10-09 13:05:08,969 [pool-57-thread-1] INFO  server.RaftServerConfigKeys (ConfUtils.java:logGet(43)) - raft.server.log.appender.buffer.byte-limit = 33554432 (custom)
2019-10-09 13:05:08,969 [pool-67-thread-1] INFO  server.RaftServerConfigKeys (ConfUtils.java:logGet(43)) - raft.server.log.purge.gap = 1000000 (custom)
2019-10-09 13:05:08,969 [pool-57-thread-1] INFO  server.RaftServerConfigKeys (ConfUtils.java:logGet(43)) - raft.server.log.segment.size.max = 1048576 (custom)
2019-10-09 13:05:08,969 [pool-77-thread-1] INFO  server.RaftServerConfigKeys (ConfUtils.java:logGet(43)) - raft.server.log.use.memory = false (default)
2019-10-09 13:05:08,969 [pool-57-thread-1] INFO  server.RaftServerConfigKeys (ConfUtils.java:logGet(43)) - raft.server.log.segment.cache.num.max = 2 (custom)
2019-10-09 13:05:08,969 [pool-67-thread-1] INFO  server.RaftServerConfigKeys (ConfUtils.java:logGet(43)) - raft.server.log.appender.buffer.byte-limit = 33554432 (custom)
2019-10-09 13:05:08,969 [pool-57-thread-1] INFO  segmented.SegmentedRaftLogWorker (SegmentedRaftLogWorker.java:<init>(172)) - new 194018c8-bd25-415f-9941-0e401fd1a71b@group-150B5479A3DB-SegmentedRaftLogWorker for RaftStorage:Storage Directory /workdir/hadoop-ozone/integration-test/target/test-dir/MiniOzoneClusterImpl-92c4d179-1d16-4416-8bce-4538b25b782c/datanode-3/data/ratis/64310bd5-a2d3-4962-84b2-150b5479a3db
2019-10-09 13:05:08,969 [pool-77-thread-1] INFO  server.RaftServerConfigKeys (ConfUtils.java:logGet(43)) - raft.server.log.purge.gap = 1000000 (custom)
2019-10-09 13:05:08,970 [pool-57-thread-1] INFO  server.RaftServerConfigKeys (ConfUtils.java:logGet(43)) - raft.server.log.queue.byte-limit = 2147483647 (custom)
2019-10-09 13:05:08,969 [pool-67-thread-1] INFO  server.RaftServerConfigKeys (ConfUtils.java:logGet(43)) - raft.server.log.segment.size.max = 1048576 (custom)
2019-10-09 13:05:08,970 [pool-57-thread-1] INFO  server.RaftServerConfigKeys (ConfUtils.java:logGet(43)) - raft.server.log.queue.element-limit = 1024 (custom)
2019-10-09 13:05:08,970 [pool-77-thread-1] INFO  server.RaftServerConfigKeys (ConfUtils.java:logGet(43)) - raft.server.log.appender.buffer.byte-limit = 33554432 (custom)
2019-10-09 13:05:08,970 [pool-57-thread-1] INFO  server.RaftServerConfigKeys (ConfUtils.java:logGet(43)) - raft.server.log.segment.size.max = 1048576 (custom)
2019-10-09 13:05:08,970 [pool-67-thread-1] INFO  server.RaftServerConfigKeys (ConfUtils.java:logGet(43)) - raft.server.log.segment.cache.num.max = 2 (custom)
2019-10-09 13:05:08,970 [pool-57-thread-1] INFO  server.RaftServerConfigKeys (ConfUtils.java:logGet(43)) - raft.server.log.preallocated.size = 16384 (custom)
2019-10-09 13:05:08,970 [pool-57-thread-1] INFO  server.RaftServerConfigKeys (ConfUtils.java:logGet(43)) - raft.server.log.write.buffer.size = 33554432 (custom)
2019-10-09 13:05:08,970 [pool-77-thread-1] INFO  server.RaftServerConfigKeys (ConfUtils.java:logGet(43)) - raft.server.log.segment.size.max = 1048576 (custom)
2019-10-09 13:05:08,970 [pool-57-thread-1] INFO  server.RaftServerConfigKeys (ConfUtils.java:logGet(43)) - raft.server.log.force.sync.num = 128 (default)
2019-10-09 13:05:08,970 [pool-67-thread-1] INFO  segmented.SegmentedRaftLogWorker (SegmentedRaftLogWorker.java:<init>(172)) - new 3eeab9a4-47d5-4980-9c6e-5102901e869a@group-150B5479A3DB-SegmentedRaftLogWorker for RaftStorage:Storage Directory /workdir/hadoop-ozone/integration-test/target/test-dir/MiniOzoneClusterImpl-92c4d179-1d16-4416-8bce-4538b25b782c/datanode-4/data/ratis/64310bd5-a2d3-4962-84b2-150b5479a3db
2019-10-09 13:05:08,971 [pool-57-thread-1] INFO  server.RaftServerConfigKeys (ConfUtils.java:logGet(43)) - raft.server.log.statemachine.data.sync = true (default)
2019-10-09 13:05:08,970 [pool-77-thread-1] INFO  server.RaftServerConfigKeys (ConfUtils.java:logGet(43)) - raft.server.log.segment.cache.num.max = 2 (custom)
2019-10-09 13:05:08,971 [pool-57-thread-1] INFO  server.RaftServerConfigKeys (ConfUtils.java:logGet(43)) - raft.server.log.statemachine.data.sync.timeout = 10s (default)
2019-10-09 13:05:08,971 [pool-67-thread-1] INFO  server.RaftServerConfigKeys (ConfUtils.java:logGet(43)) - raft.server.log.queue.byte-limit = 2147483647 (custom)
2019-10-09 13:05:08,971 [pool-57-thread-1] INFO  server.RaftServerConfigKeys (ConfUtils.java:logGet(43)) - raft.server.log.statemachine.data.sync.timeout.retry = -1 (default)
2019-10-09 13:05:08,971 [pool-77-thread-1] INFO  segmented.SegmentedRaftLogWorker (SegmentedRaftLogWorker.java:<init>(172)) - new a951a5ca-0ab5-470b-9716-44f820a131a6@group-150B5479A3DB-SegmentedRaftLogWorker for RaftStorage:Storage Directory /workdir/hadoop-ozone/integration-test/target/test-dir/MiniOzoneClusterImpl-92c4d179-1d16-4416-8bce-4538b25b782c/datanode-5/data/ratis/64310bd5-a2d3-4962-84b2-150b5479a3db
2019-10-09 13:05:08,971 [pool-57-thread-1] INFO  server.RaftServerConfigKeys (ConfUtils.java:logGet(43)) - raft.server.log.statemachine.data.caching.enabled = true (custom)
2019-10-09 13:05:08,971 [pool-67-thread-1] INFO  server.RaftServerConfigKeys (ConfUtils.java:logGet(43)) - raft.server.log.queue.element-limit = 1024 (custom)
2019-10-09 13:05:08,971 [pool-77-thread-1] INFO  server.RaftServerConfigKeys (ConfUtils.java:logGet(43)) - raft.server.log.queue.byte-limit = 2147483647 (custom)
2019-10-09 13:05:08,971 [pool-57-thread-1] INFO  segmented.SegmentedRaftLogWorker (SegmentedRaftLogWorker.java:lambda$new$0(132)) - 194018c8-bd25-415f-9941-0e401fd1a71b@group-150B5479A3DB-SegmentedRaftLogWorker: flushIndex: setUnconditionally 0 -> -1
2019-10-09 13:05:08,971 [pool-67-thread-1] INFO  server.RaftServerConfigKeys (ConfUtils.java:logGet(43)) - raft.server.log.segment.size.max = 1048576 (custom)
2019-10-09 13:05:08,972 [pool-77-thread-1] INFO  server.RaftServerConfigKeys (ConfUtils.java:logGet(43)) - raft.server.log.queue.element-limit = 1024 (custom)
2019-10-09 13:05:08,972 [pool-57-thread-1] INFO  server.RaftServerConfigKeys (ConfUtils.java:logGet(43)) - raft.server.snapshot.auto.trigger.enabled = true (custom)
2019-10-09 13:05:08,972 [pool-67-thread-1] INFO  server.RaftServerConfigKeys (ConfUtils.java:logGet(43)) - raft.server.log.preallocated.size = 16384 (custom)
2019-10-09 13:05:08,972 [pool-57-thread-1] INFO  server.RaftServerConfigKeys (ConfUtils.java:logGet(43)) - raft.server.snapshot.auto.trigger.threshold = 10000 (custom)
2019-10-09 13:05:08,972 [pool-77-thread-1] INFO  server.RaftServerConfigKeys (ConfUtils.java:logGet(43)) - raft.server.log.segment.size.max = 1048576 (custom)
2019-10-09 13:05:08,972 [pool-57-thread-1] INFO  server.RaftServerConfigKeys (ConfUtils.java:logGet(43)) - raft.server.snapshot.retention.num.files = 5 (custom)
2019-10-09 13:05:08,972 [pool-67-thread-1] INFO  server.RaftServerConfigKeys (ConfUtils.java:logGet(43)) - raft.server.log.write.buffer.size = 33554432 (custom)
2019-10-09 13:05:08,972 [pool-57-thread-1] INFO  server.RaftServerConfigKeys (ConfUtils.java:logGet(43)) - raft.server.retrycache.expirytime = 600000ms (custom)
2019-10-09 13:05:08,972 [pool-77-thread-1] INFO  server.RaftServerConfigKeys (ConfUtils.java:logGet(43)) - raft.server.log.preallocated.size = 16384 (custom)
2019-10-09 13:05:08,972 [pool-67-thread-1] INFO  server.RaftServerConfigKeys (ConfUtils.java:logGet(43)) - raft.server.log.force.sync.num = 128 (default)
2019-10-09 13:05:08,973 [pool-67-thread-1] INFO  server.RaftServerConfigKeys (ConfUtils.java:logGet(43)) - raft.server.log.statemachine.data.sync = true (default)
2019-10-09 13:05:08,973 [pool-77-thread-1] INFO  server.RaftServerConfigKeys (ConfUtils.java:logGet(43)) - raft.server.log.write.buffer.size = 33554432 (custom)
2019-10-09 13:05:08,973 [pool-67-thread-1] INFO  server.RaftServerConfigKeys (ConfUtils.java:logGet(43)) - raft.server.log.statemachine.data.sync.timeout = 10s (default)
2019-10-09 13:05:08,973 [pool-77-thread-1] INFO  server.RaftServerConfigKeys (ConfUtils.java:logGet(43)) - raft.server.log.force.sync.num = 128 (default)
2019-10-09 13:05:08,973 [pool-67-thread-1] INFO  server.RaftServerConfigKeys (ConfUtils.java:logGet(43)) - raft.server.log.statemachine.data.sync.timeout.retry = -1 (default)
2019-10-09 13:05:08,973 [pool-77-thread-1] INFO  server.RaftServerConfigKeys (ConfUtils.java:logGet(43)) - raft.server.log.statemachine.data.sync = true (default)
2019-10-09 13:05:08,973 [pool-67-thread-1] INFO  server.RaftServerConfigKeys (ConfUtils.java:logGet(43)) - raft.server.log.statemachine.data.caching.enabled = true (custom)
2019-10-09 13:05:08,973 [pool-77-thread-1] INFO  server.RaftServerConfigKeys (ConfUtils.java:logGet(43)) - raft.server.log.statemachine.data.sync.timeout = 10s (default)
2019-10-09 13:05:08,974 [pool-67-thread-1] INFO  segmented.SegmentedRaftLogWorker (SegmentedRaftLogWorker.java:lambda$new$0(132)) - 3eeab9a4-47d5-4980-9c6e-5102901e869a@group-150B5479A3DB-SegmentedRaftLogWorker: flushIndex: setUnconditionally 0 -> -1
2019-10-09 13:05:08,974 [pool-77-thread-1] INFO  server.RaftServerConfigKeys (ConfUtils.java:logGet(43)) - raft.server.log.statemachine.data.sync.timeout.retry = -1 (default)
2019-10-09 13:05:08,974 [pool-67-thread-1] INFO  server.RaftServerConfigKeys (ConfUtils.java:logGet(43)) - raft.server.snapshot.auto.trigger.enabled = true (custom)
2019-10-09 13:05:08,974 [pool-77-thread-1] INFO  server.RaftServerConfigKeys (ConfUtils.java:logGet(43)) - raft.server.log.statemachine.data.caching.enabled = true (custom)
2019-10-09 13:05:08,974 [pool-67-thread-1] INFO  server.RaftServerConfigKeys (ConfUtils.java:logGet(43)) - raft.server.snapshot.auto.trigger.threshold = 10000 (custom)
2019-10-09 13:05:08,974 [pool-57-thread-1] INFO  impl.RaftServerImpl (RaftServerImpl.java:start(185)) - 194018c8-bd25-415f-9941-0e401fd1a71b@group-150B5479A3DB: start as a follower, conf=-1: [194018c8-bd25-415f-9941-0e401fd1a71b:192.168.5.175:36608, a951a5ca-0ab5-470b-9716-44f820a131a6:192.168.5.175:37446, 3eeab9a4-47d5-4980-9c6e-5102901e869a:192.168.5.175:43254], old=null
2019-10-09 13:05:08,974 [pool-77-thread-1] INFO  segmented.SegmentedRaftLogWorker (SegmentedRaftLogWorker.java:lambda$new$0(132)) - a951a5ca-0ab5-470b-9716-44f820a131a6@group-150B5479A3DB-SegmentedRaftLogWorker: flushIndex: setUnconditionally 0 -> -1
2019-10-09 13:05:08,974 [pool-67-thread-1] INFO  server.RaftServerConfigKeys (ConfUtils.java:logGet(43)) - raft.server.snapshot.retention.num.files = 5 (custom)
2019-10-09 13:05:08,974 [pool-57-thread-1] INFO  impl.RaftServerImpl (RaftServerImpl.java:setRole(174)) - 194018c8-bd25-415f-9941-0e401fd1a71b@group-150B5479A3DB: changes role from      null to FOLLOWER at term 0 for startAsFollower
2019-10-09 13:05:08,975 [pool-77-thread-1] INFO  server.RaftServerConfigKeys (ConfUtils.java:logGet(43)) - raft.server.snapshot.auto.trigger.enabled = true (custom)
2019-10-09 13:05:08,975 [pool-67-thread-1] INFO  server.RaftServerConfigKeys (ConfUtils.java:logGet(43)) - raft.server.retrycache.expirytime = 600000ms (custom)
2019-10-09 13:05:08,975 [pool-77-thread-1] INFO  server.RaftServerConfigKeys (ConfUtils.java:logGet(43)) - raft.server.snapshot.auto.trigger.threshold = 10000 (custom)
2019-10-09 13:05:08,975 [pool-57-thread-1] INFO  impl.RoleInfo (RoleInfo.java:updateAndGet(143)) - 194018c8-bd25-415f-9941-0e401fd1a71b: start FollowerState
2019-10-09 13:05:08,975 [pool-77-thread-1] INFO  server.RaftServerConfigKeys (ConfUtils.java:logGet(43)) - raft.server.snapshot.retention.num.files = 5 (custom)
2019-10-09 13:05:08,975 [pool-77-thread-1] INFO  server.RaftServerConfigKeys (ConfUtils.java:logGet(43)) - raft.server.retrycache.expirytime = 600000ms (custom)
2019-10-09 13:05:08,975 [pool-57-thread-1] INFO  util.JmxRegister (JmxRegister.java:tryRegister(44)) - Successfully registered JMX Bean with object name Ratis:service=RaftServer,group=group-150B5479A3DB,id=194018c8-bd25-415f-9941-0e401fd1a71b
2019-10-09 13:05:08,978 [pool-67-thread-1] INFO  impl.RaftServerImpl (RaftServerImpl.java:start(185)) - 3eeab9a4-47d5-4980-9c6e-5102901e869a@group-150B5479A3DB: start as a follower, conf=-1: [194018c8-bd25-415f-9941-0e401fd1a71b:192.168.5.175:36608, a951a5ca-0ab5-470b-9716-44f820a131a6:192.168.5.175:37446, 3eeab9a4-47d5-4980-9c6e-5102901e869a:192.168.5.175:43254], old=null
2019-10-09 13:05:08,978 [pool-67-thread-1] INFO  impl.RaftServerImpl (RaftServerImpl.java:setRole(174)) - 3eeab9a4-47d5-4980-9c6e-5102901e869a@group-150B5479A3DB: changes role from      null to FOLLOWER at term 0 for startAsFollower
2019-10-09 13:05:08,978 [pool-67-thread-1] INFO  impl.RoleInfo (RoleInfo.java:updateAndGet(143)) - 3eeab9a4-47d5-4980-9c6e-5102901e869a: start FollowerState
2019-10-09 13:05:08,978 [pool-67-thread-1] INFO  util.JmxRegister (JmxRegister.java:tryRegister(44)) - Successfully registered JMX Bean with object name Ratis:service=RaftServer,group=group-150B5479A3DB,id=3eeab9a4-47d5-4980-9c6e-5102901e869a
2019-10-09 13:05:08,979 [pool-77-thread-1] INFO  impl.RaftServerImpl (RaftServerImpl.java:start(185)) - a951a5ca-0ab5-470b-9716-44f820a131a6@group-150B5479A3DB: start as a follower, conf=-1: [194018c8-bd25-415f-9941-0e401fd1a71b:192.168.5.175:36608, a951a5ca-0ab5-470b-9716-44f820a131a6:192.168.5.175:37446, 3eeab9a4-47d5-4980-9c6e-5102901e869a:192.168.5.175:43254], old=null
2019-10-09 13:05:08,979 [pool-77-thread-1] INFO  impl.RaftServerImpl (RaftServerImpl.java:setRole(174)) - a951a5ca-0ab5-470b-9716-44f820a131a6@group-150B5479A3DB: changes role from      null to FOLLOWER at term 0 for startAsFollower
2019-10-09 13:05:08,980 [pool-77-thread-1] INFO  impl.RoleInfo (RoleInfo.java:updateAndGet(143)) - a951a5ca-0ab5-470b-9716-44f820a131a6: start FollowerState
2019-10-09 13:05:08,980 [pool-77-thread-1] INFO  util.JmxRegister (JmxRegister.java:tryRegister(44)) - Successfully registered JMX Bean with object name Ratis:service=RaftServer,group=group-150B5479A3DB,id=a951a5ca-0ab5-470b-9716-44f820a131a6
2019-10-09 13:05:08,982 [RatisPipelineUtilsThread] INFO  pipeline.PipelineStateManager (PipelineStateManager.java:addPipeline(56)) - Created pipeline Pipeline[ Id: 64310bd5-a2d3-4962-84b2-150b5479a3db, Nodes: 194018c8-bd25-415f-9941-0e401fd1a71b{ip: 192.168.5.175, host: pr-hdds-1569-mfl88-1504498049, networkLocation: /default-rack, certSerialId: null}a951a5ca-0ab5-470b-9716-44f820a131a6{ip: 192.168.5.175, host: pr-hdds-1569-mfl88-1504498049, networkLocation: /default-rack, certSerialId: null}3eeab9a4-47d5-4980-9c6e-5102901e869a{ip: 192.168.5.175, host: pr-hdds-1569-mfl88-1504498049, networkLocation: /default-rack, certSerialId: null}, Type:RATIS, Factor:THREE, State:OPEN]
2019-10-09 13:05:08,989 [grpc-default-executor-10] INFO  impl.RaftServerProxy (RaftServerProxy.java:addNew(89)) - 3eeab9a4-47d5-4980-9c6e-5102901e869a: addNew group-351DCE0CA7C1:[194018c8-bd25-415f-9941-0e401fd1a71b:192.168.5.175:36608, a951a5ca-0ab5-470b-9716-44f820a131a6:192.168.5.175:37446, 3eeab9a4-47d5-4980-9c6e-5102901e869a:192.168.5.175:43254] returns group-351DCE0CA7C1:java.util.concurrent.CompletableFuture@707a7428[Not completed]
2019-10-09 13:05:08,989 [grpc-default-executor-7] INFO  impl.RaftServerProxy (RaftServerProxy.java:addNew(89)) - a951a5ca-0ab5-470b-9716-44f820a131a6: addNew group-351DCE0CA7C1:[194018c8-bd25-415f-9941-0e401fd1a71b:192.168.5.175:36608, a951a5ca-0ab5-470b-9716-44f820a131a6:192.168.5.175:37446, 3eeab9a4-47d5-4980-9c6e-5102901e869a:192.168.5.175:43254] returns group-351DCE0CA7C1:java.util.concurrent.CompletableFuture@901330e[Not completed]
2019-10-09 13:05:08,989 [grpc-default-executor-4] INFO  impl.RaftServerProxy (RaftServerProxy.java:addNew(89)) - 194018c8-bd25-415f-9941-0e401fd1a71b: addNew group-351DCE0CA7C1:[194018c8-bd25-415f-9941-0e401fd1a71b:192.168.5.175:36608, a951a5ca-0ab5-470b-9716-44f820a131a6:192.168.5.175:37446, 3eeab9a4-47d5-4980-9c6e-5102901e869a:192.168.5.175:43254] returns group-351DCE0CA7C1:java.util.concurrent.CompletableFuture@69f37912[Not completed]
2019-10-09 13:05:08,990 [pool-67-thread-1] INFO  impl.RaftServerImpl (RaftServerImpl.java:<init>(95)) - 3eeab9a4-47d5-4980-9c6e-5102901e869a: new RaftServerImpl for group-351DCE0CA7C1:[194018c8-bd25-415f-9941-0e401fd1a71b:192.168.5.175:36608, a951a5ca-0ab5-470b-9716-44f820a131a6:192.168.5.175:37446, 3eeab9a4-47d5-4980-9c6e-5102901e869a:192.168.5.175:43254] with ContainerStateMachine:uninitialized
2019-10-09 13:05:08,990 [pool-67-thread-1] INFO  server.RaftServerConfigKeys (ConfUtils.java:logGet(43)) - raft.server.rpc.timeout.min = 5s (custom)
2019-10-09 13:05:08,990 [pool-67-thread-1] INFO  server.RaftServerConfigKeys (ConfUtils.java:logGet(43)) - raft.server.rpc.timeout.max = 5200ms (custom)
2019-10-09 13:05:08,990 [pool-67-thread-1] INFO  server.RaftServerConfigKeys (ConfUtils.java:logGet(43)) - raft.server.rpcslowness.timeout = 120s (custom)
2019-10-09 13:05:08,990 [pool-67-thread-1] INFO  server.RaftServerConfigKeys (ConfUtils.java:logGet(43)) - raft.server.sleep.deviation.threshold = 300 (default)
2019-10-09 13:05:08,991 [pool-67-thread-1] INFO  server.RaftServerConfigKeys (ConfUtils.java:logGet(43)) - raft.server.log.appender.install.snapshot.enabled = false (custom)
2019-10-09 13:05:08,991 [pool-67-thread-1] INFO  impl.RaftServerImpl (ServerState.java:<init>(103)) - 3eeab9a4-47d5-4980-9c6e-5102901e869a@group-351DCE0CA7C1: ConfigurationManager, init=-1: [194018c8-bd25-415f-9941-0e401fd1a71b:192.168.5.175:36608, a951a5ca-0ab5-470b-9716-44f820a131a6:192.168.5.175:37446, 3eeab9a4-47d5-4980-9c6e-5102901e869a:192.168.5.175:43254], old=null, confs=<EMPTY_MAP>
2019-10-09 13:05:08,991 [pool-67-thread-1] INFO  server.RaftServerConfigKeys (ConfUtils.java:logGet(43)) - raft.server.storage.dir = [/workdir/hadoop-ozone/integration-test/target/test-dir/MiniOzoneClusterImpl-92c4d179-1d16-4416-8bce-4538b25b782c/datanode-4/data/ratis] (custom)
2019-10-09 13:05:08,991 [pool-67-thread-1] INFO  storage.RaftStorageDirectory (RaftStorageDirectory.java:analyzeStorage(246)) - The storage directory /workdir/hadoop-ozone/integration-test/target/test-dir/MiniOzoneClusterImpl-92c4d179-1d16-4416-8bce-4538b25b782c/datanode-4/data/ratis/81db0a56-23c9-45ae-b24c-351dce0ca7c1 does not exist. Creating ...
2019-10-09 13:05:08,991 [pool-57-thread-1] INFO  impl.RaftServerImpl (RaftServerImpl.java:<init>(95)) - 194018c8-bd25-415f-9941-0e401fd1a71b: new RaftServerImpl for group-351DCE0CA7C1:[194018c8-bd25-415f-9941-0e401fd1a71b:192.168.5.175:36608, a951a5ca-0ab5-470b-9716-44f820a131a6:192.168.5.175:37446, 3eeab9a4-47d5-4980-9c6e-5102901e869a:192.168.5.175:43254] with ContainerStateMachine:uninitialized
2019-10-09 13:05:08,992 [pool-57-thread-1] INFO  server.RaftServerConfigKeys (ConfUtils.java:logGet(43)) - raft.server.rpc.timeout.min = 5s (custom)
2019-10-09 13:05:08,992 [pool-57-thread-1] INFO  server.RaftServerConfigKeys (ConfUtils.java:logGet(43)) - raft.server.rpc.timeout.max = 5200ms (custom)
2019-10-09 13:05:08,992 [pool-57-thread-1] INFO  server.RaftServerConfigKeys (ConfUtils.java:logGet(43)) - raft.server.rpcslowness.timeout = 120s (custom)
2019-10-09 13:05:08,992 [pool-57-thread-1] INFO  server.RaftServerConfigKeys (ConfUtils.java:logGet(43)) - raft.server.sleep.deviation.threshold = 300 (default)
2019-10-09 13:05:08,992 [pool-57-thread-1] INFO  server.RaftServerConfigKeys (ConfUtils.java:logGet(43)) - raft.server.log.appender.install.snapshot.enabled = false (custom)
2019-10-09 13:05:08,992 [pool-57-thread-1] INFO  impl.RaftServerImpl (ServerState.java:<init>(103)) - 194018c8-bd25-415f-9941-0e401fd1a71b@group-351DCE0CA7C1: ConfigurationManager, init=-1: [194018c8-bd25-415f-9941-0e401fd1a71b:192.168.5.175:36608, a951a5ca-0ab5-470b-9716-44f820a131a6:192.168.5.175:37446, 3eeab9a4-47d5-4980-9c6e-5102901e869a:192.168.5.175:43254], old=null, confs=<EMPTY_MAP>
2019-10-09 13:05:08,993 [pool-77-thread-1] INFO  impl.RaftServerImpl (RaftServerImpl.java:<init>(95)) - a951a5ca-0ab5-470b-9716-44f820a131a6: new RaftServerImpl for group-351DCE0CA7C1:[194018c8-bd25-415f-9941-0e401fd1a71b:192.168.5.175:36608, a951a5ca-0ab5-470b-9716-44f820a131a6:192.168.5.175:37446, 3eeab9a4-47d5-4980-9c6e-5102901e869a:192.168.5.175:43254] with ContainerStateMachine:uninitialized
2019-10-09 13:05:08,993 [pool-57-thread-1] INFO  server.RaftServerConfigKeys (ConfUtils.java:logGet(43)) - raft.server.storage.dir = [/workdir/hadoop-ozone/integration-test/target/test-dir/MiniOzoneClusterImpl-92c4d179-1d16-4416-8bce-4538b25b782c/datanode-3/data/ratis] (custom)
2019-10-09 13:05:08,993 [pool-77-thread-1] INFO  server.RaftServerConfigKeys (ConfUtils.java:logGet(43)) - raft.server.rpc.timeout.min = 5s (custom)
2019-10-09 13:05:08,993 [pool-77-thread-1] INFO  server.RaftServerConfigKeys (ConfUtils.java:logGet(43)) - raft.server.rpc.timeout.max = 5200ms (custom)
2019-10-09 13:05:08,993 [pool-77-thread-1] INFO  server.RaftServerConfigKeys (ConfUtils.java:logGet(43)) - raft.server.rpcslowness.timeout = 120s (custom)
2019-10-09 13:05:08,993 [pool-77-thread-1] INFO  server.RaftServerConfigKeys (ConfUtils.java:logGet(43)) - raft.server.sleep.deviation.threshold = 300 (default)
2019-10-09 13:05:08,993 [pool-57-thread-1] INFO  storage.RaftStorageDirectory (RaftStorageDirectory.java:analyzeStorage(246)) - The storage directory /workdir/hadoop-ozone/integration-test/target/test-dir/MiniOzoneClusterImpl-92c4d179-1d16-4416-8bce-4538b25b782c/datanode-3/data/ratis/81db0a56-23c9-45ae-b24c-351dce0ca7c1 does not exist. Creating ...
2019-10-09 13:05:08,993 [pool-77-thread-1] INFO  server.RaftServerConfigKeys (ConfUtils.java:logGet(43)) - raft.server.log.appender.install.snapshot.enabled = false (custom)
2019-10-09 13:05:08,993 [pool-77-thread-1] INFO  impl.RaftServerImpl (ServerState.java:<init>(103)) - a951a5ca-0ab5-470b-9716-44f820a131a6@group-351DCE0CA7C1: ConfigurationManager, init=-1: [194018c8-bd25-415f-9941-0e401fd1a71b:192.168.5.175:36608, a951a5ca-0ab5-470b-9716-44f820a131a6:192.168.5.175:37446, 3eeab9a4-47d5-4980-9c6e-5102901e869a:192.168.5.175:43254], old=null, confs=<EMPTY_MAP>
2019-10-09 13:05:08,994 [pool-77-thread-1] INFO  server.RaftServerConfigKeys (ConfUtils.java:logGet(43)) - raft.server.storage.dir = [/workdir/hadoop-ozone/integration-test/target/test-dir/MiniOzoneClusterImpl-92c4d179-1d16-4416-8bce-4538b25b782c/datanode-5/data/ratis] (custom)
2019-10-09 13:05:08,994 [pool-77-thread-1] INFO  storage.RaftStorageDirectory (RaftStorageDirectory.java:analyzeStorage(246)) - The storage directory /workdir/hadoop-ozone/integration-test/target/test-dir/MiniOzoneClusterImpl-92c4d179-1d16-4416-8bce-4538b25b782c/datanode-5/data/ratis/81db0a56-23c9-45ae-b24c-351dce0ca7c1 does not exist. Creating ...
2019-10-09 13:05:09,016 [pool-67-thread-1] INFO  storage.RaftStorageDirectory (RaftStorageDirectory.java:tryLock(328)) - Lock on /workdir/hadoop-ozone/integration-test/target/test-dir/MiniOzoneClusterImpl-92c4d179-1d16-4416-8bce-4538b25b782c/datanode-4/data/ratis/81db0a56-23c9-45ae-b24c-351dce0ca7c1/in_use.lock acquired by nodename 6401@pr-hdds-1569-mfl88-1504498049
2019-10-09 13:05:09,017 [pool-57-thread-1] INFO  storage.RaftStorageDirectory (RaftStorageDirectory.java:tryLock(328)) - Lock on /workdir/hadoop-ozone/integration-test/target/test-dir/MiniOzoneClusterImpl-92c4d179-1d16-4416-8bce-4538b25b782c/datanode-3/data/ratis/81db0a56-23c9-45ae-b24c-351dce0ca7c1/in_use.lock acquired by nodename 6401@pr-hdds-1569-mfl88-1504498049
2019-10-09 13:05:09,016 [pool-77-thread-1] INFO  storage.RaftStorageDirectory (RaftStorageDirectory.java:tryLock(328)) - Lock on /workdir/hadoop-ozone/integration-test/target/test-dir/MiniOzoneClusterImpl-92c4d179-1d16-4416-8bce-4538b25b782c/datanode-5/data/ratis/81db0a56-23c9-45ae-b24c-351dce0ca7c1/in_use.lock acquired by nodename 6401@pr-hdds-1569-mfl88-1504498049
2019-10-09 13:05:09,041 [pool-67-thread-1] INFO  storage.RaftStorage (RaftStorage.java:format(72)) - Storage directory /workdir/hadoop-ozone/integration-test/target/test-dir/MiniOzoneClusterImpl-92c4d179-1d16-4416-8bce-4538b25b782c/datanode-4/data/ratis/81db0a56-23c9-45ae-b24c-351dce0ca7c1 has been successfully formatted.
2019-10-09 13:05:09,041 [pool-77-thread-1] INFO  storage.RaftStorage (RaftStorage.java:format(72)) - Storage directory /workdir/hadoop-ozone/integration-test/target/test-dir/MiniOzoneClusterImpl-92c4d179-1d16-4416-8bce-4538b25b782c/datanode-5/data/ratis/81db0a56-23c9-45ae-b24c-351dce0ca7c1 has been successfully formatted.
2019-10-09 13:05:09,041 [pool-57-thread-1] INFO  storage.RaftStorage (RaftStorage.java:format(72)) - Storage directory /workdir/hadoop-ozone/integration-test/target/test-dir/MiniOzoneClusterImpl-92c4d179-1d16-4416-8bce-4538b25b782c/datanode-3/data/ratis/81db0a56-23c9-45ae-b24c-351dce0ca7c1 has been successfully formatted.
2019-10-09 13:05:09,041 [pool-67-thread-1] INFO  ratis.ContainerStateMachine (ContainerStateMachine.java:loadSnapshot(230)) - group-351DCE0CA7C1: The snapshot info is null. Setting the last applied indexto:(t:0, i:~)
2019-10-09 13:05:09,042 [pool-77-thread-1] INFO  ratis.ContainerStateMachine (ContainerStateMachine.java:loadSnapshot(230)) - group-351DCE0CA7C1: The snapshot info is null. Setting the last applied indexto:(t:0, i:~)
2019-10-09 13:05:09,042 [pool-57-thread-1] INFO  ratis.ContainerStateMachine (ContainerStateMachine.java:loadSnapshot(230)) - group-351DCE0CA7C1: The snapshot info is null. Setting the last applied indexto:(t:0, i:~)
2019-10-09 13:05:09,042 [pool-67-thread-1] INFO  server.RaftServerConfigKeys (ConfUtils.java:logGet(43)) - raft.server.notification.no-leader.timeout = 120s (custom)
2019-10-09 13:05:09,042 [pool-57-thread-1] INFO  server.RaftServerConfigKeys (ConfUtils.java:logGet(43)) - raft.server.notification.no-leader.timeout = 120s (custom)
2019-10-09 13:05:09,042 [pool-77-thread-1] INFO  server.RaftServerConfigKeys (ConfUtils.java:logGet(43)) - raft.server.notification.no-leader.timeout = 120s (custom)
2019-10-09 13:05:09,042 [pool-57-thread-1] INFO  server.RaftServerConfigKeys (ConfUtils.java:logGet(43)) - raft.server.log.use.memory = false (default)
2019-10-09 13:05:09,042 [pool-67-thread-1] INFO  server.RaftServerConfigKeys (ConfUtils.java:logGet(43)) - raft.server.log.use.memory = false (default)
2019-10-09 13:05:09,043 [pool-57-thread-1] INFO  server.RaftServerConfigKeys (ConfUtils.java:logGet(43)) - raft.server.log.purge.gap = 1000000 (custom)
2019-10-09 13:05:09,043 [pool-77-thread-1] INFO  server.RaftServerConfigKeys (ConfUtils.java:logGet(43)) - raft.server.log.use.memory = false (default)
2019-10-09 13:05:09,043 [pool-57-thread-1] INFO  server.RaftServerConfigKeys (ConfUtils.java:logGet(43)) - raft.server.log.appender.buffer.byte-limit = 33554432 (custom)
2019-10-09 13:05:09,043 [pool-67-thread-1] INFO  server.RaftServerConfigKeys (ConfUtils.java:logGet(43)) - raft.server.log.purge.gap = 1000000 (custom)
2019-10-09 13:05:09,043 [pool-57-thread-1] INFO  server.RaftServerConfigKeys (ConfUtils.java:logGet(43)) - raft.server.log.segment.size.max = 1048576 (custom)
2019-10-09 13:05:09,043 [pool-77-thread-1] INFO  server.RaftServerConfigKeys (ConfUtils.java:logGet(43)) - raft.server.log.purge.gap = 1000000 (custom)
2019-10-09 13:05:09,044 [pool-57-thread-1] INFO  server.RaftServerConfigKeys (ConfUtils.java:logGet(43)) - raft.server.log.segment.cache.num.max = 2 (custom)
2019-10-09 13:05:09,044 [pool-67-thread-1] INFO  server.RaftServerConfigKeys (ConfUtils.java:logGet(43)) - raft.server.log.appender.buffer.byte-limit = 33554432 (custom)
2019-10-09 13:05:09,044 [pool-57-thread-1] INFO  segmented.SegmentedRaftLogWorker (SegmentedRaftLogWorker.java:<init>(172)) - new 194018c8-bd25-415f-9941-0e401fd1a71b@group-351DCE0CA7C1-SegmentedRaftLogWorker for RaftStorage:Storage Directory /workdir/hadoop-ozone/integration-test/target/test-dir/MiniOzoneClusterImpl-92c4d179-1d16-4416-8bce-4538b25b782c/datanode-3/data/ratis/81db0a56-23c9-45ae-b24c-351dce0ca7c1
2019-10-09 13:05:09,044 [pool-77-thread-1] INFO  server.RaftServerConfigKeys (ConfUtils.java:logGet(43)) - raft.server.log.appender.buffer.byte-limit = 33554432 (custom)
2019-10-09 13:05:09,044 [pool-57-thread-1] INFO  server.RaftServerConfigKeys (ConfUtils.java:logGet(43)) - raft.server.log.queue.byte-limit = 2147483647 (custom)
2019-10-09 13:05:09,044 [pool-67-thread-1] INFO  server.RaftServerConfigKeys (ConfUtils.java:logGet(43)) - raft.server.log.segment.size.max = 1048576 (custom)
2019-10-09 13:05:09,045 [pool-57-thread-1] INFO  server.RaftServerConfigKeys (ConfUtils.java:logGet(43)) - raft.server.log.queue.element-limit = 1024 (custom)
2019-10-09 13:05:09,045 [pool-77-thread-1] INFO  server.RaftServerConfigKeys (ConfUtils.java:logGet(43)) - raft.server.log.segment.size.max = 1048576 (custom)
2019-10-09 13:05:09,045 [pool-57-thread-1] INFO  server.RaftServerConfigKeys (ConfUtils.java:logGet(43)) - raft.server.log.segment.size.max = 1048576 (custom)
2019-10-09 13:05:09,045 [pool-67-thread-1] INFO  server.RaftServerConfigKeys (ConfUtils.java:logGet(43)) - raft.server.log.segment.cache.num.max = 2 (custom)
2019-10-09 13:05:09,045 [pool-57-thread-1] INFO  server.RaftServerConfigKeys (ConfUtils.java:logGet(43)) - raft.server.log.preallocated.size = 16384 (custom)
2019-10-09 13:05:09,045 [pool-77-thread-1] INFO  server.RaftServerConfigKeys (ConfUtils.java:logGet(43)) - raft.server.log.segment.cache.num.max = 2 (custom)
2019-10-09 13:05:09,046 [pool-57-thread-1] INFO  server.RaftServerConfigKeys (ConfUtils.java:logGet(43)) - raft.server.log.write.buffer.size = 33554432 (custom)
2019-10-09 13:05:09,046 [pool-67-thread-1] INFO  segmented.SegmentedRaftLogWorker (SegmentedRaftLogWorker.java:<init>(172)) - new 3eeab9a4-47d5-4980-9c6e-5102901e869a@group-351DCE0CA7C1-SegmentedRaftLogWorker for RaftStorage:Storage Directory /workdir/hadoop-ozone/integration-test/target/test-dir/MiniOzoneClusterImpl-92c4d179-1d16-4416-8bce-4538b25b782c/datanode-4/data/ratis/81db0a56-23c9-45ae-b24c-351dce0ca7c1
2019-10-09 13:05:09,046 [pool-57-thread-1] INFO  server.RaftServerConfigKeys (ConfUtils.java:logGet(43)) - raft.server.log.force.sync.num = 128 (default)
2019-10-09 13:05:09,046 [pool-77-thread-1] INFO  segmented.SegmentedRaftLogWorker (SegmentedRaftLogWorker.java:<init>(172)) - new a951a5ca-0ab5-470b-9716-44f820a131a6@group-351DCE0CA7C1-SegmentedRaftLogWorker for RaftStorage:Storage Directory /workdir/hadoop-ozone/integration-test/target/test-dir/MiniOzoneClusterImpl-92c4d179-1d16-4416-8bce-4538b25b782c/datanode-5/data/ratis/81db0a56-23c9-45ae-b24c-351dce0ca7c1
2019-10-09 13:05:09,046 [pool-57-thread-1] INFO  server.RaftServerConfigKeys (ConfUtils.java:logGet(43)) - raft.server.log.statemachine.data.sync = true (default)
2019-10-09 13:05:09,046 [pool-67-thread-1] INFO  server.RaftServerConfigKeys (ConfUtils.java:logGet(43)) - raft.server.log.queue.byte-limit = 2147483647 (custom)
2019-10-09 13:05:09,047 [pool-57-thread-1] INFO  server.RaftServerConfigKeys (ConfUtils.java:logGet(43)) - raft.server.log.statemachine.data.sync.timeout = 10s (default)
2019-10-09 13:05:09,046 [pool-77-thread-1] INFO  server.RaftServerConfigKeys (ConfUtils.java:logGet(43)) - raft.server.log.queue.byte-limit = 2147483647 (custom)
2019-10-09 13:05:09,047 [pool-57-thread-1] INFO  server.RaftServerConfigKeys (ConfUtils.java:logGet(43)) - raft.server.log.statemachine.data.sync.timeout.retry = -1 (default)
2019-10-09 13:05:09,047 [pool-67-thread-1] INFO  server.RaftServerConfigKeys (ConfUtils.java:logGet(43)) - raft.server.log.queue.element-limit = 1024 (custom)
2019-10-09 13:05:09,047 [pool-57-thread-1] INFO  server.RaftServerConfigKeys (ConfUtils.java:logGet(43)) - raft.server.log.statemachine.data.caching.enabled = true (custom)
2019-10-09 13:05:09,047 [pool-77-thread-1] INFO  server.RaftServerConfigKeys (ConfUtils.java:logGet(43)) - raft.server.log.queue.element-limit = 1024 (custom)
2019-10-09 13:05:09,047 [pool-67-thread-1] INFO  server.RaftServerConfigKeys (ConfUtils.java:logGet(43)) - raft.server.log.segment.size.max = 1048576 (custom)
2019-10-09 13:05:09,048 [pool-57-thread-1] INFO  segmented.SegmentedRaftLogWorker (SegmentedRaftLogWorker.java:lambda$new$0(132)) - 194018c8-bd25-415f-9941-0e401fd1a71b@group-351DCE0CA7C1-SegmentedRaftLogWorker: flushIndex: setUnconditionally 0 -> -1
2019-10-09 13:05:09,048 [pool-77-thread-1] INFO  server.RaftServerConfigKeys (ConfUtils.java:logGet(43)) - raft.server.log.segment.size.max = 1048576 (custom)
2019-10-09 13:05:09,048 [pool-67-thread-1] INFO  server.RaftServerConfigKeys (ConfUtils.java:logGet(43)) - raft.server.log.preallocated.size = 16384 (custom)
2019-10-09 13:05:09,048 [pool-77-thread-1] INFO  server.RaftServerConfigKeys (ConfUtils.java:logGet(43)) - raft.server.log.preallocated.size = 16384 (custom)
2019-10-09 13:05:09,048 [pool-57-thread-1] INFO  server.RaftServerConfigKeys (ConfUtils.java:logGet(43)) - raft.server.snapshot.auto.trigger.enabled = true (custom)
2019-10-09 13:05:09,048 [pool-67-thread-1] INFO  server.RaftServerConfigKeys (ConfUtils.java:logGet(43)) - raft.server.log.write.buffer.size = 33554432 (custom)
2019-10-09 13:05:09,049 [pool-57-thread-1] INFO  server.RaftServerConfigKeys (ConfUtils.java:logGet(43)) - raft.server.snapshot.auto.trigger.threshold = 10000 (custom)
2019-10-09 13:05:09,049 [pool-77-thread-1] INFO  server.RaftServerConfigKeys (ConfUtils.java:logGet(43)) - raft.server.log.write.buffer.size = 33554432 (custom)
2019-10-09 13:05:09,049 [pool-57-thread-1] INFO  server.RaftServerConfigKeys (ConfUtils.java:logGet(43)) - raft.server.snapshot.retention.num.files = 5 (custom)
2019-10-09 13:05:09,049 [pool-67-thread-1] INFO  server.RaftServerConfigKeys (ConfUtils.java:logGet(43)) - raft.server.log.force.sync.num = 128 (default)
2019-10-09 13:05:09,049 [pool-57-thread-1] INFO  server.RaftServerConfigKeys (ConfUtils.java:logGet(43)) - raft.server.retrycache.expirytime = 600000ms (custom)
2019-10-09 13:05:09,049 [pool-77-thread-1] INFO  server.RaftServerConfigKeys (ConfUtils.java:logGet(43)) - raft.server.log.force.sync.num = 128 (default)
2019-10-09 13:05:09,049 [pool-67-thread-1] INFO  server.RaftServerConfigKeys (ConfUtils.java:logGet(43)) - raft.server.log.statemachine.data.sync = true (default)
2019-10-09 13:05:09,050 [pool-77-thread-1] INFO  server.RaftServerConfigKeys (ConfUtils.java:logGet(43)) - raft.server.log.statemachine.data.sync = true (default)
2019-10-09 13:05:09,050 [pool-67-thread-1] INFO  server.RaftServerConfigKeys (ConfUtils.java:logGet(43)) - raft.server.log.statemachine.data.sync.timeout = 10s (default)
2019-10-09 13:05:09,050 [pool-77-thread-1] INFO  server.RaftServerConfigKeys (ConfUtils.java:logGet(43)) - raft.server.log.statemachine.data.sync.timeout = 10s (default)
2019-10-09 13:05:09,050 [pool-67-thread-1] INFO  server.RaftServerConfigKeys (ConfUtils.java:logGet(43)) - raft.server.log.statemachine.data.sync.timeout.retry = -1 (default)
2019-10-09 13:05:09,050 [pool-77-thread-1] INFO  server.RaftServerConfigKeys (ConfUtils.java:logGet(43)) - raft.server.log.statemachine.data.sync.timeout.retry = -1 (default)
2019-10-09 13:05:09,050 [pool-67-thread-1] INFO  server.RaftServerConfigKeys (ConfUtils.java:logGet(43)) - raft.server.log.statemachine.data.caching.enabled = true (custom)
2019-10-09 13:05:09,051 [pool-77-thread-1] INFO  server.RaftServerConfigKeys (ConfUtils.java:logGet(43)) - raft.server.log.statemachine.data.caching.enabled = true (custom)
2019-10-09 13:05:09,051 [pool-67-thread-1] INFO  segmented.SegmentedRaftLogWorker (SegmentedRaftLogWorker.java:lambda$new$0(132)) - 3eeab9a4-47d5-4980-9c6e-5102901e869a@group-351DCE0CA7C1-SegmentedRaftLogWorker: flushIndex: setUnconditionally 0 -> -1
2019-10-09 13:05:09,051 [pool-77-thread-1] INFO  segmented.SegmentedRaftLogWorker (SegmentedRaftLogWorker.java:lambda$new$0(132)) - a951a5ca-0ab5-470b-9716-44f820a131a6@group-351DCE0CA7C1-SegmentedRaftLogWorker: flushIndex: setUnconditionally 0 -> -1
2019-10-09 13:05:09,051 [pool-67-thread-1] INFO  server.RaftServerConfigKeys (ConfUtils.java:logGet(43)) - raft.server.snapshot.auto.trigger.enabled = true (custom)
2019-10-09 13:05:09,051 [pool-67-thread-1] INFO  server.RaftServerConfigKeys (ConfUtils.java:logGet(43)) - raft.server.snapshot.auto.trigger.threshold = 10000 (custom)
2019-10-09 13:05:09,051 [pool-67-thread-1] INFO  server.RaftServerConfigKeys (ConfUtils.java:logGet(43)) - raft.server.snapshot.retention.num.files = 5 (custom)
2019-10-09 13:05:09,051 [pool-77-thread-1] INFO  server.RaftServerConfigKeys (ConfUtils.java:logGet(43)) - raft.server.snapshot.auto.trigger.enabled = true (custom)
2019-10-09 13:05:09,051 [pool-67-thread-1] INFO  server.RaftServerConfigKeys (ConfUtils.java:logGet(43)) - raft.server.retrycache.expirytime = 600000ms (custom)
2019-10-09 13:05:09,051 [pool-77-thread-1] INFO  server.RaftServerConfigKeys (ConfUtils.java:logGet(43)) - raft.server.snapshot.auto.trigger.threshold = 10000 (custom)
2019-10-09 13:05:09,052 [pool-77-thread-1] INFO  server.RaftServerConfigKeys (ConfUtils.java:logGet(43)) - raft.server.snapshot.retention.num.files = 5 (custom)
2019-10-09 13:05:09,052 [pool-77-thread-1] INFO  server.RaftServerConfigKeys (ConfUtils.java:logGet(43)) - raft.server.retrycache.expirytime = 600000ms (custom)
2019-10-09 13:05:09,053 [pool-57-thread-1] INFO  impl.RaftServerImpl (RaftServerImpl.java:start(185)) - 194018c8-bd25-415f-9941-0e401fd1a71b@group-351DCE0CA7C1: start as a follower, conf=-1: [194018c8-bd25-415f-9941-0e401fd1a71b:192.168.5.175:36608, a951a5ca-0ab5-470b-9716-44f820a131a6:192.168.5.175:37446, 3eeab9a4-47d5-4980-9c6e-5102901e869a:192.168.5.175:43254], old=null
2019-10-09 13:05:09,053 [pool-57-thread-1] INFO  impl.RaftServerImpl (RaftServerImpl.java:setRole(174)) - 194018c8-bd25-415f-9941-0e401fd1a71b@group-351DCE0CA7C1: changes role from      null to FOLLOWER at term 0 for startAsFollower
2019-10-09 13:05:09,053 [pool-57-thread-1] INFO  impl.RoleInfo (RoleInfo.java:updateAndGet(143)) - 194018c8-bd25-415f-9941-0e401fd1a71b: start FollowerState
2019-10-09 13:05:09,053 [pool-57-thread-1] INFO  util.JmxRegister (JmxRegister.java:tryRegister(44)) - Successfully registered JMX Bean with object name Ratis:service=RaftServer,group=group-351DCE0CA7C1,id=194018c8-bd25-415f-9941-0e401fd1a71b
2019-10-09 13:05:09,054 [pool-67-thread-1] INFO  impl.RaftServerImpl (RaftServerImpl.java:start(185)) - 3eeab9a4-47d5-4980-9c6e-5102901e869a@group-351DCE0CA7C1: start as a follower, conf=-1: [194018c8-bd25-415f-9941-0e401fd1a71b:192.168.5.175:36608, a951a5ca-0ab5-470b-9716-44f820a131a6:192.168.5.175:37446, 3eeab9a4-47d5-4980-9c6e-5102901e869a:192.168.5.175:43254], old=null
2019-10-09 13:05:09,054 [pool-67-thread-1] INFO  impl.RaftServerImpl (RaftServerImpl.java:setRole(174)) - 3eeab9a4-47d5-4980-9c6e-5102901e869a@group-351DCE0CA7C1: changes role from      null to FOLLOWER at term 0 for startAsFollower
2019-10-09 13:05:09,054 [pool-67-thread-1] INFO  impl.RoleInfo (RoleInfo.java:updateAndGet(143)) - 3eeab9a4-47d5-4980-9c6e-5102901e869a: start FollowerState
2019-10-09 13:05:09,055 [pool-67-thread-1] INFO  util.JmxRegister (JmxRegister.java:tryRegister(44)) - Successfully registered JMX Bean with object name Ratis:service=RaftServer,group=group-351DCE0CA7C1,id=3eeab9a4-47d5-4980-9c6e-5102901e869a
2019-10-09 13:05:09,055 [pool-77-thread-1] INFO  impl.RaftServerImpl (RaftServerImpl.java:start(185)) - a951a5ca-0ab5-470b-9716-44f820a131a6@group-351DCE0CA7C1: start as a follower, conf=-1: [194018c8-bd25-415f-9941-0e401fd1a71b:192.168.5.175:36608, a951a5ca-0ab5-470b-9716-44f820a131a6:192.168.5.175:37446, 3eeab9a4-47d5-4980-9c6e-5102901e869a:192.168.5.175:43254], old=null
2019-10-09 13:05:09,055 [pool-77-thread-1] INFO  impl.RaftServerImpl (RaftServerImpl.java:setRole(174)) - a951a5ca-0ab5-470b-9716-44f820a131a6@group-351DCE0CA7C1: changes role from      null to FOLLOWER at term 0 for startAsFollower
2019-10-09 13:05:09,055 [pool-77-thread-1] INFO  impl.RoleInfo (RoleInfo.java:updateAndGet(143)) - a951a5ca-0ab5-470b-9716-44f820a131a6: start FollowerState
2019-10-09 13:05:09,056 [pool-77-thread-1] INFO  util.JmxRegister (JmxRegister.java:tryRegister(44)) - Successfully registered JMX Bean with object name Ratis:service=RaftServer,group=group-351DCE0CA7C1,id=a951a5ca-0ab5-470b-9716-44f820a131a6
2019-10-09 13:05:09,058 [RatisPipelineUtilsThread] INFO  pipeline.PipelineStateManager (PipelineStateManager.java:addPipeline(56)) - Created pipeline Pipeline[ Id: 81db0a56-23c9-45ae-b24c-351dce0ca7c1, Nodes: a951a5ca-0ab5-470b-9716-44f820a131a6{ip: 192.168.5.175, host: pr-hdds-1569-mfl88-1504498049, networkLocation: /default-rack, certSerialId: null}194018c8-bd25-415f-9941-0e401fd1a71b{ip: 192.168.5.175, host: pr-hdds-1569-mfl88-1504498049, networkLocation: /default-rack, certSerialId: null}3eeab9a4-47d5-4980-9c6e-5102901e869a{ip: 192.168.5.175, host: pr-hdds-1569-mfl88-1504498049, networkLocation: /default-rack, certSerialId: null}, Type:RATIS, Factor:THREE, State:OPEN]
2019-10-09 13:05:13,183 [grpc-default-executor-7] INFO  impl.RaftServerProxy (RaftServerProxy.java:remove(95)) - 3eeab9a4-47d5-4980-9c6e-5102901e869a: remove group-6247FF3E413E:null
2019-10-09 13:05:13,193 [RatisPipelineUtilsThread] WARN  pipeline.RatisPipelineUtils (RatisPipelineUtils.java:destroyPipeline(67)) - Pipeline destroy failed for pipeline=PipelineID=b78709e8-1a0a-42c2-b8a0-6247ff3e413e dn=3eeab9a4-47d5-4980-9c6e-5102901e869a{ip: 192.168.5.175, host: pr-hdds-1569-mfl88-1504498049, networkLocation: /default-rack, certSerialId: null}
2019-10-09 13:05:13,196 [RatisPipelineUtilsThread] WARN  pipeline.RatisPipelineUtils (RatisPipelineUtils.java:destroyPipeline(67)) - Pipeline destroy failed for pipeline=PipelineID=b78709e8-1a0a-42c2-b8a0-6247ff3e413e dn=f0cb1a3f-6ac7-4eb8-9514-6a797ff8471f{ip: 192.168.5.175, host: pr-hdds-1569-mfl88-1504498049, networkLocation: /default-rack, certSerialId: null}
2019-10-09 13:05:13,198 [RatisPipelineUtilsThread] WARN  pipeline.RatisPipelineUtils (RatisPipelineUtils.java:destroyPipeline(67)) - Pipeline destroy failed for pipeline=PipelineID=b78709e8-1a0a-42c2-b8a0-6247ff3e413e dn=4f75c367-51e4-41c9-9287-4e8dd97f5c38{ip: 192.168.5.175, host: pr-hdds-1569-mfl88-1504498049, networkLocation: /default-rack, certSerialId: null}
2019-10-09 13:05:13,198 [RatisPipelineUtilsThread] ERROR pipeline.SCMPipelineManager (Scheduler.java:lambda$schedule$1(70)) - Destroy pipeline failed for pipeline:Pipeline[ Id: b78709e8-1a0a-42c2-b8a0-6247ff3e413e, Nodes: 3eeab9a4-47d5-4980-9c6e-5102901e869a{ip: 192.168.5.175, host: pr-hdds-1569-mfl88-1504498049, networkLocation: /default-rack, certSerialId: null}f0cb1a3f-6ac7-4eb8-9514-6a797ff8471f{ip: 192.168.5.175, host: pr-hdds-1569-mfl88-1504498049, networkLocation: /default-rack, certSerialId: null}4f75c367-51e4-41c9-9287-4e8dd97f5c38{ip: 192.168.5.175, host: pr-hdds-1569-mfl88-1504498049, networkLocation: /default-rack, certSerialId: null}, Type:RATIS, Factor:THREE, State:CLOSED]
org.apache.hadoop.hdds.scm.pipeline.PipelineNotFoundException: PipelineID=b78709e8-1a0a-42c2-b8a0-6247ff3e413e not found
	at org.apache.hadoop.hdds.scm.pipeline.PipelineStateMap.getPipeline(PipelineStateMap.java:133)
	at org.apache.hadoop.hdds.scm.pipeline.PipelineStateMap.removePipeline(PipelineStateMap.java:323)
	at org.apache.hadoop.hdds.scm.pipeline.PipelineStateManager.removePipeline(PipelineStateManager.java:107)
	at org.apache.hadoop.hdds.scm.pipeline.SCMPipelineManager.removePipeline(SCMPipelineManager.java:454)
	at org.apache.hadoop.hdds.scm.pipeline.SCMPipelineManager.destroyPipeline(SCMPipelineManager.java:440)
	at org.apache.hadoop.hdds.scm.pipeline.SCMPipelineManager.lambda$finalizeAndDestroyPipeline$0(SCMPipelineManager.java:349)
	at org.apache.hadoop.hdds.utils.Scheduler.lambda$schedule$1(Scheduler.java:68)
	at java.util.concurrent.Executors$RunnableAdapter.call(Executors.java:511)
	at java.util.concurrent.FutureTask.run(FutureTask.java:266)
	at java.util.concurrent.ScheduledThreadPoolExecutor$ScheduledFutureTask.access$201(ScheduledThreadPoolExecutor.java:180)
	at java.util.concurrent.ScheduledThreadPoolExecutor$ScheduledFutureTask.run(ScheduledThreadPoolExecutor.java:293)
	at java.util.concurrent.ThreadPoolExecutor.runWorker(ThreadPoolExecutor.java:1149)
	at java.util.concurrent.ThreadPoolExecutor$Worker.run(ThreadPoolExecutor.java:624)
	at java.lang.Thread.run(Thread.java:748)
2019-10-09 13:05:13,201 [RatisPipelineUtilsThread] WARN  pipeline.RatisPipelineUtils (RatisPipelineUtils.java:destroyPipeline(67)) - Pipeline destroy failed for pipeline=PipelineID=8b67ea2b-8e0b-404b-87ee-a483b260bc72 dn=f0cb1a3f-6ac7-4eb8-9514-6a797ff8471f{ip: 192.168.5.175, host: pr-hdds-1569-mfl88-1504498049, networkLocation: /default-rack, certSerialId: null}
2019-10-09 13:05:13,204 [grpc-default-executor-7] INFO  impl.RaftServerProxy (RaftServerProxy.java:remove(95)) - 3eeab9a4-47d5-4980-9c6e-5102901e869a: remove group-A483B260BC72:null
2019-10-09 13:05:13,213 [RatisPipelineUtilsThread] WARN  pipeline.RatisPipelineUtils (RatisPipelineUtils.java:destroyPipeline(67)) - Pipeline destroy failed for pipeline=PipelineID=8b67ea2b-8e0b-404b-87ee-a483b260bc72 dn=3eeab9a4-47d5-4980-9c6e-5102901e869a{ip: 192.168.5.175, host: pr-hdds-1569-mfl88-1504498049, networkLocation: /default-rack, certSerialId: null}
2019-10-09 13:05:13,215 [RatisPipelineUtilsThread] WARN  pipeline.RatisPipelineUtils (RatisPipelineUtils.java:destroyPipeline(67)) - Pipeline destroy failed for pipeline=PipelineID=8b67ea2b-8e0b-404b-87ee-a483b260bc72 dn=4f75c367-51e4-41c9-9287-4e8dd97f5c38{ip: 192.168.5.175, host: pr-hdds-1569-mfl88-1504498049, networkLocation: /default-rack, certSerialId: null}
2019-10-09 13:05:13,216 [RatisPipelineUtilsThread] ERROR pipeline.SCMPipelineManager (Scheduler.java:lambda$schedule$1(70)) - Destroy pipeline failed for pipeline:Pipeline[ Id: 8b67ea2b-8e0b-404b-87ee-a483b260bc72, Nodes: f0cb1a3f-6ac7-4eb8-9514-6a797ff8471f{ip: 192.168.5.175, host: pr-hdds-1569-mfl88-1504498049, networkLocation: /default-rack, certSerialId: null}3eeab9a4-47d5-4980-9c6e-5102901e869a{ip: 192.168.5.175, host: pr-hdds-1569-mfl88-1504498049, networkLocation: /default-rack, certSerialId: null}4f75c367-51e4-41c9-9287-4e8dd97f5c38{ip: 192.168.5.175, host: pr-hdds-1569-mfl88-1504498049, networkLocation: /default-rack, certSerialId: null}, Type:RATIS, Factor:THREE, State:CLOSED]
org.apache.hadoop.hdds.scm.pipeline.PipelineNotFoundException: PipelineID=8b67ea2b-8e0b-404b-87ee-a483b260bc72 not found
	at org.apache.hadoop.hdds.scm.pipeline.PipelineStateMap.getPipeline(PipelineStateMap.java:133)
	at org.apache.hadoop.hdds.scm.pipeline.PipelineStateMap.removePipeline(PipelineStateMap.java:323)
	at org.apache.hadoop.hdds.scm.pipeline.PipelineStateManager.removePipeline(PipelineStateManager.java:107)
	at org.apache.hadoop.hdds.scm.pipeline.SCMPipelineManager.removePipeline(SCMPipelineManager.java:454)
	at org.apache.hadoop.hdds.scm.pipeline.SCMPipelineManager.destroyPipeline(SCMPipelineManager.java:440)
	at org.apache.hadoop.hdds.scm.pipeline.SCMPipelineManager.lambda$finalizeAndDestroyPipeline$0(SCMPipelineManager.java:349)
	at org.apache.hadoop.hdds.utils.Scheduler.lambda$schedule$1(Scheduler.java:68)
	at java.util.concurrent.Executors$RunnableAdapter.call(Executors.java:511)
	at java.util.concurrent.FutureTask.run(FutureTask.java:266)
	at java.util.concurrent.ScheduledThreadPoolExecutor$ScheduledFutureTask.access$201(ScheduledThreadPoolExecutor.java:180)
	at java.util.concurrent.ScheduledThreadPoolExecutor$ScheduledFutureTask.run(ScheduledThreadPoolExecutor.java:293)
	at java.util.concurrent.ThreadPoolExecutor.runWorker(ThreadPoolExecutor.java:1149)
	at java.util.concurrent.ThreadPoolExecutor$Worker.run(ThreadPoolExecutor.java:624)
	at java.lang.Thread.run(Thread.java:748)
2019-10-09 13:05:13,218 [RatisPipelineUtilsThread] WARN  pipeline.RatisPipelineUtils (RatisPipelineUtils.java:destroyPipeline(67)) - Pipeline destroy failed for pipeline=PipelineID=dc025f63-628d-4b31-b53d-75761dee94fb dn=f0cb1a3f-6ac7-4eb8-9514-6a797ff8471f{ip: 192.168.5.175, host: pr-hdds-1569-mfl88-1504498049, networkLocation: /default-rack, certSerialId: null}
2019-10-09 13:05:13,221 [RatisPipelineUtilsThread] WARN  pipeline.RatisPipelineUtils (RatisPipelineUtils.java:destroyPipeline(67)) - Pipeline destroy failed for pipeline=PipelineID=dc025f63-628d-4b31-b53d-75761dee94fb dn=4f75c367-51e4-41c9-9287-4e8dd97f5c38{ip: 192.168.5.175, host: pr-hdds-1569-mfl88-1504498049, networkLocation: /default-rack, certSerialId: null}
2019-10-09 13:05:13,224 [grpc-default-executor-7] INFO  impl.RaftServerProxy (RaftServerProxy.java:remove(95)) - 3eeab9a4-47d5-4980-9c6e-5102901e869a: remove group-75761DEE94FB:null
2019-10-09 13:05:13,233 [RatisPipelineUtilsThread] WARN  pipeline.RatisPipelineUtils (RatisPipelineUtils.java:destroyPipeline(67)) - Pipeline destroy failed for pipeline=PipelineID=dc025f63-628d-4b31-b53d-75761dee94fb dn=3eeab9a4-47d5-4980-9c6e-5102901e869a{ip: 192.168.5.175, host: pr-hdds-1569-mfl88-1504498049, networkLocation: /default-rack, certSerialId: null}
2019-10-09 13:05:13,233 [RatisPipelineUtilsThread] ERROR pipeline.SCMPipelineManager (Scheduler.java:lambda$schedule$1(70)) - Destroy pipeline failed for pipeline:Pipeline[ Id: dc025f63-628d-4b31-b53d-75761dee94fb, Nodes: f0cb1a3f-6ac7-4eb8-9514-6a797ff8471f{ip: 192.168.5.175, host: pr-hdds-1569-mfl88-1504498049, networkLocation: /default-rack, certSerialId: null}4f75c367-51e4-41c9-9287-4e8dd97f5c38{ip: 192.168.5.175, host: pr-hdds-1569-mfl88-1504498049, networkLocation: /default-rack, certSerialId: null}3eeab9a4-47d5-4980-9c6e-5102901e869a{ip: 192.168.5.175, host: pr-hdds-1569-mfl88-1504498049, networkLocation: /default-rack, certSerialId: null}, Type:RATIS, Factor:THREE, State:CLOSED]
org.apache.hadoop.hdds.scm.pipeline.PipelineNotFoundException: PipelineID=dc025f63-628d-4b31-b53d-75761dee94fb not found
	at org.apache.hadoop.hdds.scm.pipeline.PipelineStateMap.getPipeline(PipelineStateMap.java:133)
	at org.apache.hadoop.hdds.scm.pipeline.PipelineStateMap.removePipeline(PipelineStateMap.java:323)
	at org.apache.hadoop.hdds.scm.pipeline.PipelineStateManager.removePipeline(PipelineStateManager.java:107)
	at org.apache.hadoop.hdds.scm.pipeline.SCMPipelineManager.removePipeline(SCMPipelineManager.java:454)
	at org.apache.hadoop.hdds.scm.pipeline.SCMPipelineManager.destroyPipeline(SCMPipelineManager.java:440)
	at org.apache.hadoop.hdds.scm.pipeline.SCMPipelineManager.lambda$finalizeAndDestroyPipeline$0(SCMPipelineManager.java:349)
	at org.apache.hadoop.hdds.utils.Scheduler.lambda$schedule$1(Scheduler.java:68)
	at java.util.concurrent.Executors$RunnableAdapter.call(Executors.java:511)
	at java.util.concurrent.FutureTask.run(FutureTask.java:266)
	at java.util.concurrent.ScheduledThreadPoolExecutor$ScheduledFutureTask.access$201(ScheduledThreadPoolExecutor.java:180)
	at java.util.concurrent.ScheduledThreadPoolExecutor$ScheduledFutureTask.run(ScheduledThreadPoolExecutor.java:293)
	at java.util.concurrent.ThreadPoolExecutor.runWorker(ThreadPoolExecutor.java:1149)
	at java.util.concurrent.ThreadPoolExecutor$Worker.run(ThreadPoolExecutor.java:624)
	at java.lang.Thread.run(Thread.java:748)
2019-10-09 13:05:13,236 [RatisPipelineUtilsThread] WARN  pipeline.RatisPipelineUtils (RatisPipelineUtils.java:destroyPipeline(67)) - Pipeline destroy failed for pipeline=PipelineID=37c8a01b-3624-420c-8a61-153c1c6005e2 dn=f0cb1a3f-6ac7-4eb8-9514-6a797ff8471f{ip: 192.168.5.175, host: pr-hdds-1569-mfl88-1504498049, networkLocation: /default-rack, certSerialId: null}
2019-10-09 13:05:13,240 [grpc-default-executor-7] INFO  impl.RaftServerProxy (RaftServerProxy.java:remove(95)) - 3eeab9a4-47d5-4980-9c6e-5102901e869a: remove group-153C1C6005E2:null
2019-10-09 13:05:13,247 [RatisPipelineUtilsThread] WARN  pipeline.RatisPipelineUtils (RatisPipelineUtils.java:destroyPipeline(67)) - Pipeline destroy failed for pipeline=PipelineID=37c8a01b-3624-420c-8a61-153c1c6005e2 dn=3eeab9a4-47d5-4980-9c6e-5102901e869a{ip: 192.168.5.175, host: pr-hdds-1569-mfl88-1504498049, networkLocation: /default-rack, certSerialId: null}
2019-10-09 13:05:13,249 [RatisPipelineUtilsThread] WARN  pipeline.RatisPipelineUtils (RatisPipelineUtils.java:destroyPipeline(67)) - Pipeline destroy failed for pipeline=PipelineID=37c8a01b-3624-420c-8a61-153c1c6005e2 dn=4f75c367-51e4-41c9-9287-4e8dd97f5c38{ip: 192.168.5.175, host: pr-hdds-1569-mfl88-1504498049, networkLocation: /default-rack, certSerialId: null}
2019-10-09 13:05:13,249 [RatisPipelineUtilsThread] ERROR pipeline.SCMPipelineManager (Scheduler.java:lambda$schedule$1(70)) - Destroy pipeline failed for pipeline:Pipeline[ Id: 37c8a01b-3624-420c-8a61-153c1c6005e2, Nodes: f0cb1a3f-6ac7-4eb8-9514-6a797ff8471f{ip: 192.168.5.175, host: pr-hdds-1569-mfl88-1504498049, networkLocation: /default-rack, certSerialId: null}3eeab9a4-47d5-4980-9c6e-5102901e869a{ip: 192.168.5.175, host: pr-hdds-1569-mfl88-1504498049, networkLocation: /default-rack, certSerialId: null}4f75c367-51e4-41c9-9287-4e8dd97f5c38{ip: 192.168.5.175, host: pr-hdds-1569-mfl88-1504498049, networkLocation: /default-rack, certSerialId: null}, Type:RATIS, Factor:THREE, State:CLOSED]
org.apache.hadoop.hdds.scm.pipeline.PipelineNotFoundException: PipelineID=37c8a01b-3624-420c-8a61-153c1c6005e2 not found
	at org.apache.hadoop.hdds.scm.pipeline.PipelineStateMap.getPipeline(PipelineStateMap.java:133)
	at org.apache.hadoop.hdds.scm.pipeline.PipelineStateMap.removePipeline(PipelineStateMap.java:323)
	at org.apache.hadoop.hdds.scm.pipeline.PipelineStateManager.removePipeline(PipelineStateManager.java:107)
	at org.apache.hadoop.hdds.scm.pipeline.SCMPipelineManager.removePipeline(SCMPipelineManager.java:454)
	at org.apache.hadoop.hdds.scm.pipeline.SCMPipelineManager.destroyPipeline(SCMPipelineManager.java:440)
	at org.apache.hadoop.hdds.scm.pipeline.SCMPipelineManager.lambda$finalizeAndDestroyPipeline$0(SCMPipelineManager.java:349)
	at org.apache.hadoop.hdds.utils.Scheduler.lambda$schedule$1(Scheduler.java:68)
	at java.util.concurrent.Executors$RunnableAdapter.call(Executors.java:511)
	at java.util.concurrent.FutureTask.run(FutureTask.java:266)
	at java.util.concurrent.ScheduledThreadPoolExecutor$ScheduledFutureTask.access$201(ScheduledThreadPoolExecutor.java:180)
	at java.util.concurrent.ScheduledThreadPoolExecutor$ScheduledFutureTask.run(ScheduledThreadPoolExecutor.java:293)
	at java.util.concurrent.ThreadPoolExecutor.runWorker(ThreadPoolExecutor.java:1149)
	at java.util.concurrent.ThreadPoolExecutor$Worker.run(ThreadPoolExecutor.java:624)
	at java.lang.Thread.run(Thread.java:748)
2019-10-09 13:05:13,252 [RatisPipelineUtilsThread] WARN  pipeline.RatisPipelineUtils (RatisPipelineUtils.java:destroyPipeline(67)) - Pipeline destroy failed for pipeline=PipelineID=68a86807-51ce-4814-96be-f4de2f4d7e72 dn=4f75c367-51e4-41c9-9287-4e8dd97f5c38{ip: 192.168.5.175, host: pr-hdds-1569-mfl88-1504498049, networkLocation: /default-rack, certSerialId: null}
2019-10-09 13:05:13,255 [grpc-default-executor-7] INFO  impl.RaftServerProxy (RaftServerProxy.java:remove(95)) - 3eeab9a4-47d5-4980-9c6e-5102901e869a: remove group-F4DE2F4D7E72:null
2019-10-09 13:05:13,261 [RatisPipelineUtilsThread] WARN  pipeline.RatisPipelineUtils (RatisPipelineUtils.java:destroyPipeline(67)) - Pipeline destroy failed for pipeline=PipelineID=68a86807-51ce-4814-96be-f4de2f4d7e72 dn=3eeab9a4-47d5-4980-9c6e-5102901e869a{ip: 192.168.5.175, host: pr-hdds-1569-mfl88-1504498049, networkLocation: /default-rack, certSerialId: null}
2019-10-09 13:05:13,263 [RatisPipelineUtilsThread] WARN  pipeline.RatisPipelineUtils (RatisPipelineUtils.java:destroyPipeline(67)) - Pipeline destroy failed for pipeline=PipelineID=68a86807-51ce-4814-96be-f4de2f4d7e72 dn=f0cb1a3f-6ac7-4eb8-9514-6a797ff8471f{ip: 192.168.5.175, host: pr-hdds-1569-mfl88-1504498049, networkLocation: /default-rack, certSerialId: null}
2019-10-09 13:05:13,264 [RatisPipelineUtilsThread] ERROR pipeline.SCMPipelineManager (Scheduler.java:lambda$schedule$1(70)) - Destroy pipeline failed for pipeline:Pipeline[ Id: 68a86807-51ce-4814-96be-f4de2f4d7e72, Nodes: 4f75c367-51e4-41c9-9287-4e8dd97f5c38{ip: 192.168.5.175, host: pr-hdds-1569-mfl88-1504498049, networkLocation: /default-rack, certSerialId: null}3eeab9a4-47d5-4980-9c6e-5102901e869a{ip: 192.168.5.175, host: pr-hdds-1569-mfl88-1504498049, networkLocation: /default-rack, certSerialId: null}f0cb1a3f-6ac7-4eb8-9514-6a797ff8471f{ip: 192.168.5.175, host: pr-hdds-1569-mfl88-1504498049, networkLocation: /default-rack, certSerialId: null}, Type:RATIS, Factor:THREE, State:CLOSED]
org.apache.hadoop.hdds.scm.pipeline.PipelineNotFoundException: PipelineID=68a86807-51ce-4814-96be-f4de2f4d7e72 not found
	at org.apache.hadoop.hdds.scm.pipeline.PipelineStateMap.getPipeline(PipelineStateMap.java:133)
	at org.apache.hadoop.hdds.scm.pipeline.PipelineStateMap.removePipeline(PipelineStateMap.java:323)
	at org.apache.hadoop.hdds.scm.pipeline.PipelineStateManager.removePipeline(PipelineStateManager.java:107)
	at org.apache.hadoop.hdds.scm.pipeline.SCMPipelineManager.removePipeline(SCMPipelineManager.java:454)
	at org.apache.hadoop.hdds.scm.pipeline.SCMPipelineManager.destroyPipeline(SCMPipelineManager.java:440)
	at org.apache.hadoop.hdds.scm.pipeline.SCMPipelineManager.lambda$finalizeAndDestroyPipeline$0(SCMPipelineManager.java:349)
	at org.apache.hadoop.hdds.utils.Scheduler.lambda$schedule$1(Scheduler.java:68)
	at java.util.concurrent.Executors$RunnableAdapter.call(Executors.java:511)
	at java.util.concurrent.FutureTask.run(FutureTask.java:266)
	at java.util.concurrent.ScheduledThreadPoolExecutor$ScheduledFutureTask.access$201(ScheduledThreadPoolExecutor.java:180)
	at java.util.concurrent.ScheduledThreadPoolExecutor$ScheduledFutureTask.run(ScheduledThreadPoolExecutor.java:293)
	at java.util.concurrent.ThreadPoolExecutor.runWorker(ThreadPoolExecutor.java:1149)
	at java.util.concurrent.ThreadPoolExecutor$Worker.run(ThreadPoolExecutor.java:624)
	at java.lang.Thread.run(Thread.java:748)
2019-10-09 13:05:13,266 [RatisPipelineUtilsThread] WARN  pipeline.RatisPipelineUtils (RatisPipelineUtils.java:destroyPipeline(67)) - Pipeline destroy failed for pipeline=PipelineID=24892c10-72a5-47b6-85e0-692c1a1a7fb0 dn=4f75c367-51e4-41c9-9287-4e8dd97f5c38{ip: 192.168.5.175, host: pr-hdds-1569-mfl88-1504498049, networkLocation: /default-rack, certSerialId: null}
2019-10-09 13:05:13,266 [RatisPipelineUtilsThread] INFO  pipeline.PipelineStateManager (PipelineStateManager.java:removePipeline(108)) - Pipeline Pipeline[ Id: 24892c10-72a5-47b6-85e0-692c1a1a7fb0, Nodes: 4f75c367-51e4-41c9-9287-4e8dd97f5c38{ip: 192.168.5.175, host: pr-hdds-1569-mfl88-1504498049, networkLocation: /default-rack, certSerialId: null}, Type:RATIS, Factor:ONE, State:CLOSED] removed from db
2019-10-09 13:05:13,268 [RatisPipelineUtilsThread] WARN  pipeline.RatisPipelineUtils (RatisPipelineUtils.java:destroyPipeline(67)) - Pipeline destroy failed for pipeline=PipelineID=1c735ac8-e1e7-4625-9f7b-c24d4fe0c6f2 dn=f0cb1a3f-6ac7-4eb8-9514-6a797ff8471f{ip: 192.168.5.175, host: pr-hdds-1569-mfl88-1504498049, networkLocation: /default-rack, certSerialId: null}
2019-10-09 13:05:13,270 [RatisPipelineUtilsThread] WARN  pipeline.RatisPipelineUtils (RatisPipelineUtils.java:destroyPipeline(67)) - Pipeline destroy failed for pipeline=PipelineID=1c735ac8-e1e7-4625-9f7b-c24d4fe0c6f2 dn=4f75c367-51e4-41c9-9287-4e8dd97f5c38{ip: 192.168.5.175, host: pr-hdds-1569-mfl88-1504498049, networkLocation: /default-rack, certSerialId: null}
2019-10-09 13:05:13,274 [grpc-default-executor-7] INFO  impl.RaftServerProxy (RaftServerProxy.java:remove(95)) - 3eeab9a4-47d5-4980-9c6e-5102901e869a: remove group-C24D4FE0C6F2:null
2019-10-09 13:05:13,280 [RatisPipelineUtilsThread] WARN  pipeline.RatisPipelineUtils (RatisPipelineUtils.java:destroyPipeline(67)) - Pipeline destroy failed for pipeline=PipelineID=1c735ac8-e1e7-4625-9f7b-c24d4fe0c6f2 dn=3eeab9a4-47d5-4980-9c6e-5102901e869a{ip: 192.168.5.175, host: pr-hdds-1569-mfl88-1504498049, networkLocation: /default-rack, certSerialId: null}
2019-10-09 13:05:13,280 [RatisPipelineUtilsThread] ERROR pipeline.SCMPipelineManager (Scheduler.java:lambda$schedule$1(70)) - Destroy pipeline failed for pipeline:Pipeline[ Id: 1c735ac8-e1e7-4625-9f7b-c24d4fe0c6f2, Nodes: f0cb1a3f-6ac7-4eb8-9514-6a797ff8471f{ip: 192.168.5.175, host: pr-hdds-1569-mfl88-1504498049, networkLocation: /default-rack, certSerialId: null}4f75c367-51e4-41c9-9287-4e8dd97f5c38{ip: 192.168.5.175, host: pr-hdds-1569-mfl88-1504498049, networkLocation: /default-rack, certSerialId: null}3eeab9a4-47d5-4980-9c6e-5102901e869a{ip: 192.168.5.175, host: pr-hdds-1569-mfl88-1504498049, networkLocation: /default-rack, certSerialId: null}, Type:RATIS, Factor:THREE, State:CLOSED]
org.apache.hadoop.hdds.scm.pipeline.PipelineNotFoundException: PipelineID=1c735ac8-e1e7-4625-9f7b-c24d4fe0c6f2 not found
	at org.apache.hadoop.hdds.scm.pipeline.PipelineStateMap.getPipeline(PipelineStateMap.java:133)
	at org.apache.hadoop.hdds.scm.pipeline.PipelineStateMap.removePipeline(PipelineStateMap.java:323)
	at org.apache.hadoop.hdds.scm.pipeline.PipelineStateManager.removePipeline(PipelineStateManager.java:107)
	at org.apache.hadoop.hdds.scm.pipeline.SCMPipelineManager.removePipeline(SCMPipelineManager.java:454)
	at org.apache.hadoop.hdds.scm.pipeline.SCMPipelineManager.destroyPipeline(SCMPipelineManager.java:440)
	at org.apache.hadoop.hdds.scm.pipeline.SCMPipelineManager.lambda$finalizeAndDestroyPipeline$0(SCMPipelineManager.java:349)
	at org.apache.hadoop.hdds.utils.Scheduler.lambda$schedule$1(Scheduler.java:68)
	at java.util.concurrent.Executors$RunnableAdapter.call(Executors.java:511)
	at java.util.concurrent.FutureTask.run(FutureTask.java:266)
	at java.util.concurrent.ScheduledThreadPoolExecutor$ScheduledFutureTask.access$201(ScheduledThreadPoolExecutor.java:180)
	at java.util.concurrent.ScheduledThreadPoolExecutor$ScheduledFutureTask.run(ScheduledThreadPoolExecutor.java:293)
	at java.util.concurrent.ThreadPoolExecutor.runWorker(ThreadPoolExecutor.java:1149)
	at java.util.concurrent.ThreadPoolExecutor$Worker.run(ThreadPoolExecutor.java:624)
	at java.lang.Thread.run(Thread.java:748)
2019-10-09 13:05:13,284 [grpc-default-executor-7] INFO  impl.RaftServerProxy (RaftServerProxy.java:remove(95)) - 3eeab9a4-47d5-4980-9c6e-5102901e869a: remove group-DDAC6CD64C05:null
2019-10-09 13:05:13,289 [RatisPipelineUtilsThread] WARN  pipeline.RatisPipelineUtils (RatisPipelineUtils.java:destroyPipeline(67)) - Pipeline destroy failed for pipeline=PipelineID=600c02ec-5a9f-45c6-8688-ddac6cd64c05 dn=3eeab9a4-47d5-4980-9c6e-5102901e869a{ip: 192.168.5.175, host: pr-hdds-1569-mfl88-1504498049, networkLocation: /default-rack, certSerialId: null}
2019-10-09 13:05:13,291 [RatisPipelineUtilsThread] WARN  pipeline.RatisPipelineUtils (RatisPipelineUtils.java:destroyPipeline(67)) - Pipeline destroy failed for pipeline=PipelineID=600c02ec-5a9f-45c6-8688-ddac6cd64c05 dn=f0cb1a3f-6ac7-4eb8-9514-6a797ff8471f{ip: 192.168.5.175, host: pr-hdds-1569-mfl88-1504498049, networkLocation: /default-rack, certSerialId: null}
2019-10-09 13:05:13,293 [RatisPipelineUtilsThread] WARN  pipeline.RatisPipelineUtils (RatisPipelineUtils.java:destroyPipeline(67)) - Pipeline destroy failed for pipeline=PipelineID=600c02ec-5a9f-45c6-8688-ddac6cd64c05 dn=4f75c367-51e4-41c9-9287-4e8dd97f5c38{ip: 192.168.5.175, host: pr-hdds-1569-mfl88-1504498049, networkLocation: /default-rack, certSerialId: null}
2019-10-09 13:05:13,294 [RatisPipelineUtilsThread] ERROR pipeline.SCMPipelineManager (Scheduler.java:lambda$schedule$1(70)) - Destroy pipeline failed for pipeline:Pipeline[ Id: 600c02ec-5a9f-45c6-8688-ddac6cd64c05, Nodes: 3eeab9a4-47d5-4980-9c6e-5102901e869a{ip: 192.168.5.175, host: pr-hdds-1569-mfl88-1504498049, networkLocation: /default-rack, certSerialId: null}f0cb1a3f-6ac7-4eb8-9514-6a797ff8471f{ip: 192.168.5.175, host: pr-hdds-1569-mfl88-1504498049, networkLocation: /default-rack, certSerialId: null}4f75c367-51e4-41c9-9287-4e8dd97f5c38{ip: 192.168.5.175, host: pr-hdds-1569-mfl88-1504498049, networkLocation: /default-rack, certSerialId: null}, Type:RATIS, Factor:THREE, State:CLOSED]
org.apache.hadoop.hdds.scm.pipeline.PipelineNotFoundException: PipelineID=600c02ec-5a9f-45c6-8688-ddac6cd64c05 not found
	at org.apache.hadoop.hdds.scm.pipeline.PipelineStateMap.getPipeline(PipelineStateMap.java:133)
	at org.apache.hadoop.hdds.scm.pipeline.PipelineStateMap.removePipeline(PipelineStateMap.java:323)
	at org.apache.hadoop.hdds.scm.pipeline.PipelineStateManager.removePipeline(PipelineStateManager.java:107)
	at org.apache.hadoop.hdds.scm.pipeline.SCMPipelineManager.removePipeline(SCMPipelineManager.java:454)
	at org.apache.hadoop.hdds.scm.pipeline.SCMPipelineManager.destroyPipeline(SCMPipelineManager.java:440)
	at org.apache.hadoop.hdds.scm.pipeline.SCMPipelineManager.lambda$finalizeAndDestroyPipeline$0(SCMPipelineManager.java:349)
	at org.apache.hadoop.hdds.utils.Scheduler.lambda$schedule$1(Scheduler.java:68)
	at java.util.concurrent.Executors$RunnableAdapter.call(Executors.java:511)
	at java.util.concurrent.FutureTask.run(FutureTask.java:266)
	at java.util.concurrent.ScheduledThreadPoolExecutor$ScheduledFutureTask.access$201(ScheduledThreadPoolExecutor.java:180)
	at java.util.concurrent.ScheduledThreadPoolExecutor$ScheduledFutureTask.run(ScheduledThreadPoolExecutor.java:293)
	at java.util.concurrent.ThreadPoolExecutor.runWorker(ThreadPoolExecutor.java:1149)
	at java.util.concurrent.ThreadPoolExecutor$Worker.run(ThreadPoolExecutor.java:624)
	at java.lang.Thread.run(Thread.java:748)
2019-10-09 13:05:13,495 [Thread-884] INFO  impl.FollowerState (FollowerState.java:run(106)) - 194018c8-bd25-415f-9941-0e401fd1a71b:group-279687B9E8C5 changes to CANDIDATE, lastRpcTime:5015, electionTimeout:5015ms
2019-10-09 13:05:13,496 [Thread-884] INFO  impl.RoleInfo (RoleInfo.java:shutdownFollowerState(121)) - 194018c8-bd25-415f-9941-0e401fd1a71b: shutdown FollowerState
2019-10-09 13:05:13,496 [Thread-884] INFO  impl.RaftServerImpl (RaftServerImpl.java:setRole(174)) - 194018c8-bd25-415f-9941-0e401fd1a71b@group-279687B9E8C5: changes role from  FOLLOWER to CANDIDATE at term 0 for changeToCandidate
2019-10-09 13:05:13,496 [Thread-884] INFO  impl.RoleInfo (RoleInfo.java:updateAndGet(143)) - 194018c8-bd25-415f-9941-0e401fd1a71b: start LeaderElection
2019-10-09 13:05:13,518 [194018c8-bd25-415f-9941-0e401fd1a71b@group-279687B9E8C5:LeaderElection72] INFO  impl.LeaderElection (LeaderElection.java:askForVotes(182)) - 194018c8-bd25-415f-9941-0e401fd1a71b@group-279687B9E8C5:LeaderElection72: begin an election at term 1 for -1: [194018c8-bd25-415f-9941-0e401fd1a71b:192.168.5.175:36608, a951a5ca-0ab5-470b-9716-44f820a131a6:192.168.5.175:37446, 3eeab9a4-47d5-4980-9c6e-5102901e869a:192.168.5.175:43254], old=null
2019-10-09 13:05:13,524 [grpc-default-executor-4] INFO  impl.RaftServerImpl (RaftServerImpl.java:setRole(174)) - 3eeab9a4-47d5-4980-9c6e-5102901e869a@group-279687B9E8C5: changes role from  FOLLOWER to FOLLOWER at term 1 for recognizeCandidate:194018c8-bd25-415f-9941-0e401fd1a71b
2019-10-09 13:05:13,524 [grpc-default-executor-7] INFO  impl.RaftServerImpl (RaftServerImpl.java:setRole(174)) - a951a5ca-0ab5-470b-9716-44f820a131a6@group-279687B9E8C5: changes role from  FOLLOWER to FOLLOWER at term 1 for recognizeCandidate:194018c8-bd25-415f-9941-0e401fd1a71b
2019-10-09 13:05:13,525 [grpc-default-executor-4] INFO  impl.RoleInfo (RoleInfo.java:shutdownFollowerState(121)) - 3eeab9a4-47d5-4980-9c6e-5102901e869a: shutdown FollowerState
2019-10-09 13:05:13,525 [grpc-default-executor-7] INFO  impl.RoleInfo (RoleInfo.java:shutdownFollowerState(121)) - a951a5ca-0ab5-470b-9716-44f820a131a6: shutdown FollowerState
2019-10-09 13:05:13,525 [Thread-887] INFO  impl.FollowerState (FollowerState.java:run(115)) - 3eeab9a4-47d5-4980-9c6e-5102901e869a: FollowerState was interrupted: java.lang.InterruptedException: sleep interrupted
2019-10-09 13:05:13,525 [grpc-default-executor-4] INFO  impl.RoleInfo (RoleInfo.java:updateAndGet(143)) - 3eeab9a4-47d5-4980-9c6e-5102901e869a: start FollowerState
2019-10-09 13:05:13,525 [Thread-883] INFO  impl.FollowerState (FollowerState.java:run(115)) - a951a5ca-0ab5-470b-9716-44f820a131a6: FollowerState was interrupted: java.lang.InterruptedException: sleep interrupted
2019-10-09 13:05:13,525 [grpc-default-executor-7] INFO  impl.RoleInfo (RoleInfo.java:updateAndGet(143)) - a951a5ca-0ab5-470b-9716-44f820a131a6: start FollowerState
2019-10-09 13:05:13,556 [194018c8-bd25-415f-9941-0e401fd1a71b@group-279687B9E8C5:LeaderElection72] INFO  impl.LeaderElection (LeaderElection.java:logAndReturn(56)) - 194018c8-bd25-415f-9941-0e401fd1a71b@group-279687B9E8C5:LeaderElection72: Election PASSED; received 1 response(s) [194018c8-bd25-415f-9941-0e401fd1a71b<-3eeab9a4-47d5-4980-9c6e-5102901e869a#0:OK-t1] and 0 exception(s); 194018c8-bd25-415f-9941-0e401fd1a71b@group-279687B9E8C5:t1, leader=null, voted=194018c8-bd25-415f-9941-0e401fd1a71b, raftlog=194018c8-bd25-415f-9941-0e401fd1a71b@group-279687B9E8C5-SegmentedRaftLog:OPENED:c-1,f-1,i0, conf=-1: [194018c8-bd25-415f-9941-0e401fd1a71b:192.168.5.175:36608, a951a5ca-0ab5-470b-9716-44f820a131a6:192.168.5.175:37446, 3eeab9a4-47d5-4980-9c6e-5102901e869a:192.168.5.175:43254], old=null
2019-10-09 13:05:13,557 [194018c8-bd25-415f-9941-0e401fd1a71b@group-279687B9E8C5:LeaderElection72] INFO  impl.RoleInfo (RoleInfo.java:shutdownLeaderElection(134)) - 194018c8-bd25-415f-9941-0e401fd1a71b: shutdown LeaderElection
2019-10-09 13:05:13,557 [194018c8-bd25-415f-9941-0e401fd1a71b@group-279687B9E8C5:LeaderElection72] INFO  impl.RaftServerImpl (RaftServerImpl.java:setRole(174)) - 194018c8-bd25-415f-9941-0e401fd1a71b@group-279687B9E8C5: changes role from CANDIDATE to LEADER at term 1 for changeToLeader
2019-10-09 13:05:13,557 [194018c8-bd25-415f-9941-0e401fd1a71b@group-279687B9E8C5:LeaderElection72] INFO  impl.RaftServerImpl (ServerState.java:setLeader(253)) - 194018c8-bd25-415f-9941-0e401fd1a71b@group-279687B9E8C5: change Leader from null to 194018c8-bd25-415f-9941-0e401fd1a71b at term 1 for becomeLeader, leader elected after 5088ms
2019-10-09 13:05:13,557 [194018c8-bd25-415f-9941-0e401fd1a71b@group-279687B9E8C5:LeaderElection72] INFO  server.RaftServerConfigKeys (ConfUtils.java:logGet(43)) - raft.server.staging.catchup.gap = 1000 (default)
2019-10-09 13:05:13,557 [194018c8-bd25-415f-9941-0e401fd1a71b@group-279687B9E8C5:LeaderElection72] INFO  server.RaftServerConfigKeys (ConfUtils.java:logGet(43)) - raft.server.rpc.sleep.time = 25ms (default)
2019-10-09 13:05:13,557 [194018c8-bd25-415f-9941-0e401fd1a71b@group-279687B9E8C5:LeaderElection72] INFO  server.RaftServerConfigKeys (ConfUtils.java:logGet(43)) - raft.server.write.element-limit = 4096 (default)
2019-10-09 13:05:13,558 [194018c8-bd25-415f-9941-0e401fd1a71b@group-279687B9E8C5:LeaderElection72] INFO  server.RaftServerConfigKeys (ConfUtils.java:logGet(43)) - raft.server.watch.timeout = 10s (default)
2019-10-09 13:05:13,558 [194018c8-bd25-415f-9941-0e401fd1a71b@group-279687B9E8C5:LeaderElection72] INFO  server.RaftServerConfigKeys (ConfUtils.java:logGet(43)) - raft.server.watch.timeout.denomination = 1s (default)
2019-10-09 13:05:13,558 [194018c8-bd25-415f-9941-0e401fd1a71b@group-279687B9E8C5:LeaderElection72] INFO  server.RaftServerConfigKeys (ConfUtils.java:logGet(43)) - raft.server.watch.element-limit = 65536 (default)
2019-10-09 13:05:13,561 [194018c8-bd25-415f-9941-0e401fd1a71b@group-279687B9E8C5:LeaderElection72] INFO  server.RaftServerConfigKeys (ConfUtils.java:logGet(43)) - raft.server.log.appender.snapshot.chunk.size.max = 16MB (=16777216) (default)
2019-10-09 13:05:13,561 [194018c8-bd25-415f-9941-0e401fd1a71b@group-279687B9E8C5:LeaderElection72] INFO  server.RaftServerConfigKeys (ConfUtils.java:logGet(43)) - raft.server.log.appender.buffer.byte-limit = 33554432 (custom)
2019-10-09 13:05:13,561 [194018c8-bd25-415f-9941-0e401fd1a71b@group-279687B9E8C5:LeaderElection72] INFO  server.RaftServerConfigKeys (ConfUtils.java:logGet(43)) - raft.server.log.appender.buffer.element-limit = 1 (custom)
2019-10-09 13:05:13,561 [194018c8-bd25-415f-9941-0e401fd1a71b@group-279687B9E8C5:LeaderElection72] INFO  grpc.GrpcConfigKeys$Server (ConfUtils.java:logGet(43)) - raft.grpc.server.leader.outstanding.appends.max = 128 (default)
2019-10-09 13:05:13,562 [194018c8-bd25-415f-9941-0e401fd1a71b@group-279687B9E8C5:LeaderElection72] INFO  server.RaftServerConfigKeys (ConfUtils.java:logGet(43)) - raft.server.rpc.request.timeout = 3000ms (default)
2019-10-09 13:05:13,562 [194018c8-bd25-415f-9941-0e401fd1a71b@group-279687B9E8C5:LeaderElection72] INFO  server.RaftServerConfigKeys (ConfUtils.java:logGet(43)) - raft.server.log.appender.install.snapshot.enabled = false (custom)
2019-10-09 13:05:13,562 [194018c8-bd25-415f-9941-0e401fd1a71b@group-279687B9E8C5:LeaderElection72] INFO  server.RaftServerConfigKeys (ConfUtils.java:logGet(43)) - raft.server.log.appender.snapshot.chunk.size.max = 16MB (=16777216) (default)
2019-10-09 13:05:13,562 [194018c8-bd25-415f-9941-0e401fd1a71b@group-279687B9E8C5:LeaderElection72] INFO  server.RaftServerConfigKeys (ConfUtils.java:logGet(43)) - raft.server.log.appender.buffer.byte-limit = 33554432 (custom)
2019-10-09 13:05:13,562 [194018c8-bd25-415f-9941-0e401fd1a71b@group-279687B9E8C5:LeaderElection72] INFO  server.RaftServerConfigKeys (ConfUtils.java:logGet(43)) - raft.server.log.appender.buffer.element-limit = 1 (custom)
2019-10-09 13:05:13,563 [194018c8-bd25-415f-9941-0e401fd1a71b@group-279687B9E8C5:LeaderElection72] INFO  grpc.GrpcConfigKeys$Server (ConfUtils.java:logGet(43)) - raft.grpc.server.leader.outstanding.appends.max = 128 (default)
2019-10-09 13:05:13,563 [194018c8-bd25-415f-9941-0e401fd1a71b@group-279687B9E8C5:LeaderElection72] INFO  server.RaftServerConfigKeys (ConfUtils.java:logGet(43)) - raft.server.rpc.request.timeout = 3000ms (default)
2019-10-09 13:05:13,563 [194018c8-bd25-415f-9941-0e401fd1a71b@group-279687B9E8C5:LeaderElection72] INFO  server.RaftServerConfigKeys (ConfUtils.java:logGet(43)) - raft.server.log.appender.install.snapshot.enabled = false (custom)
2019-10-09 13:05:13,563 [194018c8-bd25-415f-9941-0e401fd1a71b@group-279687B9E8C5:LeaderElection72] INFO  impl.RoleInfo (RoleInfo.java:updateAndGet(143)) - 194018c8-bd25-415f-9941-0e401fd1a71b: start LeaderState
2019-10-09 13:05:13,564 [194018c8-bd25-415f-9941-0e401fd1a71b@group-279687B9E8C5:LeaderElection72] INFO  segmented.SegmentedRaftLogWorker (SegmentedRaftLogWorker.java:startLogSegment(380)) - 194018c8-bd25-415f-9941-0e401fd1a71b@group-279687B9E8C5-SegmentedRaftLogWorker: Starting segment from index:0
2019-10-09 13:05:13,565 [194018c8-bd25-415f-9941-0e401fd1a71b@group-279687B9E8C5:LeaderElection72] INFO  impl.RaftServerImpl (ServerState.java:setRaftConf(354)) - 194018c8-bd25-415f-9941-0e401fd1a71b@group-279687B9E8C5: set configuration 0: [194018c8-bd25-415f-9941-0e401fd1a71b:192.168.5.175:36608, a951a5ca-0ab5-470b-9716-44f820a131a6:192.168.5.175:37446, 3eeab9a4-47d5-4980-9c6e-5102901e869a:192.168.5.175:43254], old=null at 0
2019-10-09 13:05:13,566 [grpc-default-executor-4] INFO  impl.RaftServerImpl (ServerState.java:setLeader(253)) - 3eeab9a4-47d5-4980-9c6e-5102901e869a@group-279687B9E8C5: change Leader from null to 194018c8-bd25-415f-9941-0e401fd1a71b at term 1 for appendEntries, leader elected after 5097ms
2019-10-09 13:05:13,566 [grpc-default-executor-7] INFO  impl.RaftServerImpl (ServerState.java:setLeader(253)) - a951a5ca-0ab5-470b-9716-44f820a131a6@group-279687B9E8C5: change Leader from null to 194018c8-bd25-415f-9941-0e401fd1a71b at term 1 for appendEntries, leader elected after 5098ms
2019-10-09 13:05:13,591 [Thread-896] INFO  impl.FollowerState (FollowerState.java:run(106)) - 3eeab9a4-47d5-4980-9c6e-5102901e869a:group-9802512AA034 changes to CANDIDATE, lastRpcTime:5047, electionTimeout:5035ms
2019-10-09 13:05:13,594 [Thread-896] INFO  impl.RoleInfo (RoleInfo.java:shutdownFollowerState(121)) - 3eeab9a4-47d5-4980-9c6e-5102901e869a: shutdown FollowerState
2019-10-09 13:05:13,594 [Thread-896] INFO  impl.RaftServerImpl (RaftServerImpl.java:setRole(174)) - 3eeab9a4-47d5-4980-9c6e-5102901e869a@group-9802512AA034: changes role from  FOLLOWER to CANDIDATE at term 0 for changeToCandidate
2019-10-09 13:05:13,594 [Thread-896] INFO  impl.RoleInfo (RoleInfo.java:updateAndGet(143)) - 3eeab9a4-47d5-4980-9c6e-5102901e869a: start LeaderElection
2019-10-09 13:05:13,601 [grpc-default-executor-7] INFO  impl.RaftServerImpl (ServerState.java:setRaftConf(354)) - a951a5ca-0ab5-470b-9716-44f820a131a6@group-279687B9E8C5: set configuration 0: [194018c8-bd25-415f-9941-0e401fd1a71b:192.168.5.175:36608, a951a5ca-0ab5-470b-9716-44f820a131a6:192.168.5.175:37446, 3eeab9a4-47d5-4980-9c6e-5102901e869a:192.168.5.175:43254], old=null at 0
2019-10-09 13:05:13,601 [grpc-default-executor-4] INFO  impl.RaftServerImpl (ServerState.java:setRaftConf(354)) - 3eeab9a4-47d5-4980-9c6e-5102901e869a@group-279687B9E8C5: set configuration 0: [194018c8-bd25-415f-9941-0e401fd1a71b:192.168.5.175:36608, a951a5ca-0ab5-470b-9716-44f820a131a6:192.168.5.175:37446, 3eeab9a4-47d5-4980-9c6e-5102901e869a:192.168.5.175:43254], old=null at 0
2019-10-09 13:05:13,601 [grpc-default-executor-7] INFO  segmented.SegmentedRaftLogWorker (SegmentedRaftLogWorker.java:startLogSegment(380)) - a951a5ca-0ab5-470b-9716-44f820a131a6@group-279687B9E8C5-SegmentedRaftLogWorker: Starting segment from index:0
2019-10-09 13:05:13,601 [grpc-default-executor-4] INFO  segmented.SegmentedRaftLogWorker (SegmentedRaftLogWorker.java:startLogSegment(380)) - 3eeab9a4-47d5-4980-9c6e-5102901e869a@group-279687B9E8C5-SegmentedRaftLogWorker: Starting segment from index:0
2019-10-09 13:05:13,616 [194018c8-bd25-415f-9941-0e401fd1a71b@group-279687B9E8C5-SegmentedRaftLogWorker] INFO  segmented.SegmentedRaftLogWorker (SegmentedRaftLogWorker.java:execute(569)) - 194018c8-bd25-415f-9941-0e401fd1a71b@group-279687B9E8C5-SegmentedRaftLogWorker: created new log segment /workdir/hadoop-ozone/integration-test/target/test-dir/MiniOzoneClusterImpl-92c4d179-1d16-4416-8bce-4538b25b782c/datanode-3/data/ratis/a4b5fb1d-2135-408d-a6c6-279687b9e8c5/current/log_inprogress_0
2019-10-09 13:05:13,616 [3eeab9a4-47d5-4980-9c6e-5102901e869a@group-9802512AA034:LeaderElection73] INFO  impl.LeaderElection (LeaderElection.java:askForVotes(182)) - 3eeab9a4-47d5-4980-9c6e-5102901e869a@group-9802512AA034:LeaderElection73: begin an election at term 1 for -1: [194018c8-bd25-415f-9941-0e401fd1a71b:192.168.5.175:36608, a951a5ca-0ab5-470b-9716-44f820a131a6:192.168.5.175:37446, 3eeab9a4-47d5-4980-9c6e-5102901e869a:192.168.5.175:43254], old=null
2019-10-09 13:05:13,640 [grpc-default-executor-4] INFO  impl.RaftServerImpl (RaftServerImpl.java:setRole(174)) - a951a5ca-0ab5-470b-9716-44f820a131a6@group-9802512AA034: changes role from  FOLLOWER to FOLLOWER at term 1 for recognizeCandidate:3eeab9a4-47d5-4980-9c6e-5102901e869a
2019-10-09 13:05:13,640 [Thread-894] INFO  impl.FollowerState (FollowerState.java:run(106)) - 194018c8-bd25-415f-9941-0e401fd1a71b:group-9802512AA034 changes to CANDIDATE, lastRpcTime:5097, electionTimeout:5080ms
2019-10-09 13:05:13,640 [grpc-default-executor-4] INFO  impl.RoleInfo (RoleInfo.java:shutdownFollowerState(121)) - a951a5ca-0ab5-470b-9716-44f820a131a6: shutdown FollowerState
2019-10-09 13:05:13,640 [Thread-894] INFO  impl.RoleInfo (RoleInfo.java:shutdownFollowerState(121)) - 194018c8-bd25-415f-9941-0e401fd1a71b: shutdown FollowerState
2019-10-09 13:05:13,640 [Thread-892] INFO  impl.FollowerState (FollowerState.java:run(115)) - a951a5ca-0ab5-470b-9716-44f820a131a6: FollowerState was interrupted: java.lang.InterruptedException: sleep interrupted
2019-10-09 13:05:13,640 [grpc-default-executor-4] INFO  impl.RoleInfo (RoleInfo.java:updateAndGet(143)) - a951a5ca-0ab5-470b-9716-44f820a131a6: start FollowerState
2019-10-09 13:05:13,640 [Thread-894] INFO  impl.RaftServerImpl (RaftServerImpl.java:setRole(174)) - 194018c8-bd25-415f-9941-0e401fd1a71b@group-9802512AA034: changes role from  FOLLOWER to CANDIDATE at term 0 for changeToCandidate
2019-10-09 13:05:13,645 [Thread-894] INFO  impl.RoleInfo (RoleInfo.java:updateAndGet(143)) - 194018c8-bd25-415f-9941-0e401fd1a71b: start LeaderElection
2019-10-09 13:05:13,647 [grpc-default-executor-7] INFO  impl.RaftServerImpl (RaftServerImpl.java:setRole(174)) - 194018c8-bd25-415f-9941-0e401fd1a71b@group-9802512AA034: changes role from CANDIDATE to FOLLOWER at term 1 for recognizeCandidate:3eeab9a4-47d5-4980-9c6e-5102901e869a
2019-10-09 13:05:13,647 [grpc-default-executor-7] INFO  impl.RoleInfo (RoleInfo.java:shutdownLeaderElection(134)) - 194018c8-bd25-415f-9941-0e401fd1a71b: shutdown LeaderElection
2019-10-09 13:05:13,647 [grpc-default-executor-7] INFO  impl.RoleInfo (RoleInfo.java:updateAndGet(143)) - 194018c8-bd25-415f-9941-0e401fd1a71b: start FollowerState
2019-10-09 13:05:13,653 [a951a5ca-0ab5-470b-9716-44f820a131a6@group-279687B9E8C5-SegmentedRaftLogWorker] INFO  segmented.SegmentedRaftLogWorker (SegmentedRaftLogWorker.java:execute(569)) - a951a5ca-0ab5-470b-9716-44f820a131a6@group-279687B9E8C5-SegmentedRaftLogWorker: created new log segment /workdir/hadoop-ozone/integration-test/target/test-dir/MiniOzoneClusterImpl-92c4d179-1d16-4416-8bce-4538b25b782c/datanode-5/data/ratis/a4b5fb1d-2135-408d-a6c6-279687b9e8c5/current/log_inprogress_0
2019-10-09 13:05:13,653 [3eeab9a4-47d5-4980-9c6e-5102901e869a@group-279687B9E8C5-SegmentedRaftLogWorker] INFO  segmented.SegmentedRaftLogWorker (SegmentedRaftLogWorker.java:execute(569)) - 3eeab9a4-47d5-4980-9c6e-5102901e869a@group-279687B9E8C5-SegmentedRaftLogWorker: created new log segment /workdir/hadoop-ozone/integration-test/target/test-dir/MiniOzoneClusterImpl-92c4d179-1d16-4416-8bce-4538b25b782c/datanode-4/data/ratis/a4b5fb1d-2135-408d-a6c6-279687b9e8c5/current/log_inprogress_0
2019-10-09 13:05:13,654 [3eeab9a4-47d5-4980-9c6e-5102901e869a@group-9802512AA034:LeaderElection73] INFO  impl.LeaderElection (LeaderElection.java:logAndReturn(56)) - 3eeab9a4-47d5-4980-9c6e-5102901e869a@group-9802512AA034:LeaderElection73: Election PASSED; received 2 response(s) [3eeab9a4-47d5-4980-9c6e-5102901e869a<-194018c8-bd25-415f-9941-0e401fd1a71b#0:FAIL-t1, 3eeab9a4-47d5-4980-9c6e-5102901e869a<-a951a5ca-0ab5-470b-9716-44f820a131a6#0:OK-t1] and 0 exception(s); 3eeab9a4-47d5-4980-9c6e-5102901e869a@group-9802512AA034:t1, leader=null, voted=3eeab9a4-47d5-4980-9c6e-5102901e869a, raftlog=3eeab9a4-47d5-4980-9c6e-5102901e869a@group-9802512AA034-SegmentedRaftLog:OPENED:c-1,f-1,i0, conf=-1: [194018c8-bd25-415f-9941-0e401fd1a71b:192.168.5.175:36608, a951a5ca-0ab5-470b-9716-44f820a131a6:192.168.5.175:37446, 3eeab9a4-47d5-4980-9c6e-5102901e869a:192.168.5.175:43254], old=null
2019-10-09 13:05:13,655 [3eeab9a4-47d5-4980-9c6e-5102901e869a@group-9802512AA034:LeaderElection73] INFO  impl.RoleInfo (RoleInfo.java:shutdownLeaderElection(134)) - 3eeab9a4-47d5-4980-9c6e-5102901e869a: shutdown LeaderElection
2019-10-09 13:05:13,655 [3eeab9a4-47d5-4980-9c6e-5102901e869a@group-9802512AA034:LeaderElection73] INFO  impl.RaftServerImpl (RaftServerImpl.java:setRole(174)) - 3eeab9a4-47d5-4980-9c6e-5102901e869a@group-9802512AA034: changes role from CANDIDATE to LEADER at term 1 for changeToLeader
2019-10-09 13:05:13,655 [3eeab9a4-47d5-4980-9c6e-5102901e869a@group-9802512AA034:LeaderElection73] INFO  impl.RaftServerImpl (ServerState.java:setLeader(253)) - 3eeab9a4-47d5-4980-9c6e-5102901e869a@group-9802512AA034: change Leader from null to 3eeab9a4-47d5-4980-9c6e-5102901e869a at term 1 for becomeLeader, leader elected after 5122ms
2019-10-09 13:05:13,655 [3eeab9a4-47d5-4980-9c6e-5102901e869a@group-9802512AA034:LeaderElection73] INFO  server.RaftServerConfigKeys (ConfUtils.java:logGet(43)) - raft.server.staging.catchup.gap = 1000 (default)
2019-10-09 13:05:13,656 [3eeab9a4-47d5-4980-9c6e-5102901e869a@group-9802512AA034:LeaderElection73] INFO  server.RaftServerConfigKeys (ConfUtils.java:logGet(43)) - raft.server.rpc.sleep.time = 25ms (default)
2019-10-09 13:05:13,656 [3eeab9a4-47d5-4980-9c6e-5102901e869a@group-9802512AA034:LeaderElection73] INFO  server.RaftServerConfigKeys (ConfUtils.java:logGet(43)) - raft.server.write.element-limit = 4096 (default)
2019-10-09 13:05:13,656 [3eeab9a4-47d5-4980-9c6e-5102901e869a@group-9802512AA034:LeaderElection73] INFO  server.RaftServerConfigKeys (ConfUtils.java:logGet(43)) - raft.server.watch.timeout = 10s (default)
2019-10-09 13:05:13,656 [3eeab9a4-47d5-4980-9c6e-5102901e869a@group-9802512AA034:LeaderElection73] INFO  server.RaftServerConfigKeys (ConfUtils.java:logGet(43)) - raft.server.watch.timeout.denomination = 1s (default)
2019-10-09 13:05:13,657 [3eeab9a4-47d5-4980-9c6e-5102901e869a@group-9802512AA034:LeaderElection73] INFO  server.RaftServerConfigKeys (ConfUtils.java:logGet(43)) - raft.server.watch.element-limit = 65536 (default)
2019-10-09 13:05:13,660 [3eeab9a4-47d5-4980-9c6e-5102901e869a@group-9802512AA034:LeaderElection73] INFO  server.RaftServerConfigKeys (ConfUtils.java:logGet(43)) - raft.server.log.appender.snapshot.chunk.size.max = 16MB (=16777216) (default)
2019-10-09 13:05:13,660 [3eeab9a4-47d5-4980-9c6e-5102901e869a@group-9802512AA034:LeaderElection73] INFO  server.RaftServerConfigKeys (ConfUtils.java:logGet(43)) - raft.server.log.appender.buffer.byte-limit = 33554432 (custom)
2019-10-09 13:05:13,661 [3eeab9a4-47d5-4980-9c6e-5102901e869a@group-9802512AA034:LeaderElection73] INFO  server.RaftServerConfigKeys (ConfUtils.java:logGet(43)) - raft.server.log.appender.buffer.element-limit = 1 (custom)
2019-10-09 13:05:13,661 [3eeab9a4-47d5-4980-9c6e-5102901e869a@group-9802512AA034:LeaderElection73] INFO  grpc.GrpcConfigKeys$Server (ConfUtils.java:logGet(43)) - raft.grpc.server.leader.outstanding.appends.max = 128 (default)
2019-10-09 13:05:13,661 [3eeab9a4-47d5-4980-9c6e-5102901e869a@group-9802512AA034:LeaderElection73] INFO  server.RaftServerConfigKeys (ConfUtils.java:logGet(43)) - raft.server.rpc.request.timeout = 3000ms (default)
2019-10-09 13:05:13,661 [3eeab9a4-47d5-4980-9c6e-5102901e869a@group-9802512AA034:LeaderElection73] INFO  server.RaftServerConfigKeys (ConfUtils.java:logGet(43)) - raft.server.log.appender.install.snapshot.enabled = false (custom)
2019-10-09 13:05:13,662 [3eeab9a4-47d5-4980-9c6e-5102901e869a@group-9802512AA034:LeaderElection73] INFO  server.RaftServerConfigKeys (ConfUtils.java:logGet(43)) - raft.server.log.appender.snapshot.chunk.size.max = 16MB (=16777216) (default)
2019-10-09 13:05:13,662 [3eeab9a4-47d5-4980-9c6e-5102901e869a@group-9802512AA034:LeaderElection73] INFO  server.RaftServerConfigKeys (ConfUtils.java:logGet(43)) - raft.server.log.appender.buffer.byte-limit = 33554432 (custom)
2019-10-09 13:05:13,662 [3eeab9a4-47d5-4980-9c6e-5102901e869a@group-9802512AA034:LeaderElection73] INFO  server.RaftServerConfigKeys (ConfUtils.java:logGet(43)) - raft.server.log.appender.buffer.element-limit = 1 (custom)
2019-10-09 13:05:13,662 [3eeab9a4-47d5-4980-9c6e-5102901e869a@group-9802512AA034:LeaderElection73] INFO  grpc.GrpcConfigKeys$Server (ConfUtils.java:logGet(43)) - raft.grpc.server.leader.outstanding.appends.max = 128 (default)
2019-10-09 13:05:13,663 [3eeab9a4-47d5-4980-9c6e-5102901e869a@group-9802512AA034:LeaderElection73] INFO  server.RaftServerConfigKeys (ConfUtils.java:logGet(43)) - raft.server.rpc.request.timeout = 3000ms (default)
2019-10-09 13:05:13,663 [3eeab9a4-47d5-4980-9c6e-5102901e869a@group-9802512AA034:LeaderElection73] INFO  server.RaftServerConfigKeys (ConfUtils.java:logGet(43)) - raft.server.log.appender.install.snapshot.enabled = false (custom)
2019-10-09 13:05:13,663 [3eeab9a4-47d5-4980-9c6e-5102901e869a@group-9802512AA034:LeaderElection73] INFO  impl.RoleInfo (RoleInfo.java:updateAndGet(143)) - 3eeab9a4-47d5-4980-9c6e-5102901e869a: start LeaderState
2019-10-09 13:05:13,664 [3eeab9a4-47d5-4980-9c6e-5102901e869a@group-9802512AA034:LeaderElection73] INFO  segmented.SegmentedRaftLogWorker (SegmentedRaftLogWorker.java:startLogSegment(380)) - 3eeab9a4-47d5-4980-9c6e-5102901e869a@group-9802512AA034-SegmentedRaftLogWorker: Starting segment from index:0
2019-10-09 13:05:13,665 [3eeab9a4-47d5-4980-9c6e-5102901e869a@group-9802512AA034:LeaderElection73] INFO  impl.RaftServerImpl (ServerState.java:setRaftConf(354)) - 3eeab9a4-47d5-4980-9c6e-5102901e869a@group-9802512AA034: set configuration 0: [194018c8-bd25-415f-9941-0e401fd1a71b:192.168.5.175:36608, a951a5ca-0ab5-470b-9716-44f820a131a6:192.168.5.175:37446, 3eeab9a4-47d5-4980-9c6e-5102901e869a:192.168.5.175:43254], old=null at 0
2019-10-09 13:05:13,666 [grpc-default-executor-4] INFO  impl.RaftServerImpl (ServerState.java:setLeader(253)) - a951a5ca-0ab5-470b-9716-44f820a131a6@group-9802512AA034: change Leader from null to 3eeab9a4-47d5-4980-9c6e-5102901e869a at term 1 for appendEntries, leader elected after 5133ms
2019-10-09 13:05:13,669 [194018c8-bd25-415f-9941-0e401fd1a71b@group-9802512AA034:LeaderElection74] INFO  impl.LeaderElection (LeaderElection.java:askForVotes(182)) - 194018c8-bd25-415f-9941-0e401fd1a71b@group-9802512AA034:LeaderElection74: begin an election at term 2 for -1: [194018c8-bd25-415f-9941-0e401fd1a71b:192.168.5.175:36608, a951a5ca-0ab5-470b-9716-44f820a131a6:192.168.5.175:37446, 3eeab9a4-47d5-4980-9c6e-5102901e869a:192.168.5.175:43254], old=null
2019-10-09 13:05:13,669 [194018c8-bd25-415f-9941-0e401fd1a71b@group-9802512AA034:LeaderElection74] INFO  impl.LeaderElection (LeaderElection.java:logAndReturn(56)) - 194018c8-bd25-415f-9941-0e401fd1a71b@group-9802512AA034:LeaderElection74: Election REJECTED; received 0 response(s) [] and 0 exception(s); 194018c8-bd25-415f-9941-0e401fd1a71b@group-9802512AA034:t2, leader=null, voted=194018c8-bd25-415f-9941-0e401fd1a71b, raftlog=194018c8-bd25-415f-9941-0e401fd1a71b@group-9802512AA034-SegmentedRaftLog:OPENED:c-1,f-1,i0, conf=-1: [194018c8-bd25-415f-9941-0e401fd1a71b:192.168.5.175:36608, a951a5ca-0ab5-470b-9716-44f820a131a6:192.168.5.175:37446, 3eeab9a4-47d5-4980-9c6e-5102901e869a:192.168.5.175:43254], old=null
2019-10-09 13:05:13,670 [Thread-1002] INFO  impl.RaftServerImpl (ServerState.java:setLeader(253)) - 3eeab9a4-47d5-4980-9c6e-5102901e869a@group-9802512AA034: change Leader from 3eeab9a4-47d5-4980-9c6e-5102901e869a to null at term 2 for updateCurrentTerm
2019-10-09 13:05:13,670 [grpc-default-executor-4] INFO  impl.RaftServerImpl (ServerState.java:setRaftConf(354)) - a951a5ca-0ab5-470b-9716-44f820a131a6@group-9802512AA034: set configuration 0: [194018c8-bd25-415f-9941-0e401fd1a71b:192.168.5.175:36608, a951a5ca-0ab5-470b-9716-44f820a131a6:192.168.5.175:37446, 3eeab9a4-47d5-4980-9c6e-5102901e869a:192.168.5.175:43254], old=null at 0
2019-10-09 13:05:13,670 [Thread-1002] INFO  impl.RaftServerImpl (RaftServerImpl.java:setRole(174)) - 3eeab9a4-47d5-4980-9c6e-5102901e869a@group-9802512AA034: changes role from    LEADER to FOLLOWER at term 2 for stepDown
2019-10-09 13:05:13,670 [grpc-default-executor-4] INFO  segmented.SegmentedRaftLogWorker (SegmentedRaftLogWorker.java:startLogSegment(380)) - a951a5ca-0ab5-470b-9716-44f820a131a6@group-9802512AA034-SegmentedRaftLogWorker: Starting segment from index:0
2019-10-09 13:05:13,670 [Thread-1002] INFO  impl.RoleInfo (RoleInfo.java:shutdownLeaderState(104)) - 3eeab9a4-47d5-4980-9c6e-5102901e869a: shutdown LeaderState
2019-10-09 13:05:13,698 [org.apache.ratis.server.impl.LogAppender$AppenderDaemon$$Lambda$493/462031746@458763ea] WARN  server.GrpcLogAppender (GrpcLogAppender.java:mayWait(143)) - 3eeab9a4-47d5-4980-9c6e-5102901e869a@group-9802512AA034->a951a5ca-0ab5-470b-9716-44f820a131a6-GrpcLogAppender: Wait interrupted by java.lang.InterruptedException
2019-10-09 13:05:13,698 [grpc-default-executor-7] INFO  impl.RaftServerImpl (ServerState.java:setLeader(253)) - a951a5ca-0ab5-470b-9716-44f820a131a6@group-9802512AA034: change Leader from 3eeab9a4-47d5-4980-9c6e-5102901e869a to null at term 2 for updateCurrentTerm
2019-10-09 13:05:13,698 [Thread-1002] INFO  impl.PendingRequests (PendingRequests.java:sendNotLeaderResponses(202)) - 3eeab9a4-47d5-4980-9c6e-5102901e869a-PendingRequests: sendNotLeaderResponses
2019-10-09 13:05:13,699 [grpc-default-executor-7] INFO  impl.RaftServerImpl (RaftServerImpl.java:setRole(174)) - a951a5ca-0ab5-470b-9716-44f820a131a6@group-9802512AA034: changes role from  FOLLOWER to FOLLOWER at term 2 for recognizeCandidate:194018c8-bd25-415f-9941-0e401fd1a71b
2019-10-09 13:05:13,699 [org.apache.ratis.server.impl.LogAppender$AppenderDaemon$$Lambda$493/462031746@f5bbabc] WARN  server.GrpcLogAppender (GrpcLogAppender.java:mayWait(143)) - 3eeab9a4-47d5-4980-9c6e-5102901e869a@group-9802512AA034->194018c8-bd25-415f-9941-0e401fd1a71b-GrpcLogAppender: Wait interrupted by java.lang.InterruptedException
2019-10-09 13:05:13,699 [Thread-1002] INFO  impl.RoleInfo (RoleInfo.java:updateAndGet(143)) - 3eeab9a4-47d5-4980-9c6e-5102901e869a: start FollowerState
2019-10-09 13:05:13,699 [grpc-default-executor-7] INFO  impl.RoleInfo (RoleInfo.java:shutdownFollowerState(121)) - a951a5ca-0ab5-470b-9716-44f820a131a6: shutdown FollowerState
2019-10-09 13:05:13,699 [grpc-default-executor-10] INFO  server.GrpcServerProtocolService (GrpcServerProtocolService.java:onCompleted(113)) - a951a5ca-0ab5-470b-9716-44f820a131a6: Completed APPEND_ENTRIES, lastRequest: 3eeab9a4-47d5-4980-9c6e-5102901e869a->a951a5ca-0ab5-470b-9716-44f820a131a6#1-t1, previous=(t:0, i:0), leaderCommit=-1, initializing? false, entries: size=1, first=(t:1, i:0), CONFIGURATIONENTRY
2019-10-09 13:05:13,699 [Thread-997] INFO  impl.FollowerState (FollowerState.java:run(115)) - a951a5ca-0ab5-470b-9716-44f820a131a6: FollowerState was interrupted: java.lang.InterruptedException: sleep interrupted
2019-10-09 13:05:13,699 [grpc-default-executor-9] INFO  server.GrpcServerProtocolService (GrpcServerProtocolService.java:onCompleted(113)) - 194018c8-bd25-415f-9941-0e401fd1a71b: Completed APPEND_ENTRIES, lastRequest: 3eeab9a4-47d5-4980-9c6e-5102901e869a->194018c8-bd25-415f-9941-0e401fd1a71b#0-t1, previous=(t:0, i:0), leaderCommit=-1, initializing? false, entries: <empty>
2019-10-09 13:05:13,699 [grpc-default-executor-7] INFO  impl.RoleInfo (RoleInfo.java:updateAndGet(143)) - a951a5ca-0ab5-470b-9716-44f820a131a6: start FollowerState
2019-10-09 13:05:13,724 [3eeab9a4-47d5-4980-9c6e-5102901e869a@group-9802512AA034-SegmentedRaftLogWorker] INFO  segmented.SegmentedRaftLogWorker (SegmentedRaftLogWorker.java:execute(569)) - 3eeab9a4-47d5-4980-9c6e-5102901e869a@group-9802512AA034-SegmentedRaftLogWorker: created new log segment /workdir/hadoop-ozone/integration-test/target/test-dir/MiniOzoneClusterImpl-92c4d179-1d16-4416-8bce-4538b25b782c/datanode-4/data/ratis/ecad9feb-35ca-4082-b7b2-9802512aa034/current/log_inprogress_0
2019-10-09 13:05:13,724 [Thread-911] INFO  impl.FollowerState (FollowerState.java:run(106)) - 194018c8-bd25-415f-9941-0e401fd1a71b:group-611ECB217B3F changes to CANDIDATE, lastRpcTime:5034, electionTimeout:5013ms
2019-10-09 13:05:13,724 [grpc-default-executor-9] INFO  server.GrpcLogAppender (GrpcLogAppender.java:onCompleted(293)) - 3eeab9a4-47d5-4980-9c6e-5102901e869a@group-9802512AA034->194018c8-bd25-415f-9941-0e401fd1a71b-AppendLogResponseHandler: follower responses appendEntries COMPLETED
2019-10-09 13:05:13,724 [grpc-default-executor-10] INFO  server.GrpcLogAppender (GrpcLogAppender.java:onCompleted(293)) - 3eeab9a4-47d5-4980-9c6e-5102901e869a@group-9802512AA034->a951a5ca-0ab5-470b-9716-44f820a131a6-AppendLogResponseHandler: follower responses appendEntries COMPLETED
2019-10-09 13:05:13,725 [grpc-default-executor-9] INFO  impl.FollowerInfo (FollowerInfo.java:lambda$new$0(51)) - 3eeab9a4-47d5-4980-9c6e-5102901e869a@group-9802512AA034->194018c8-bd25-415f-9941-0e401fd1a71b: nextIndex: updateUnconditionally 0 -> 0
2019-10-09 13:05:13,725 [Thread-911] INFO  impl.RoleInfo (RoleInfo.java:shutdownFollowerState(121)) - 194018c8-bd25-415f-9941-0e401fd1a71b: shutdown FollowerState
2019-10-09 13:05:13,725 [grpc-default-executor-10] INFO  impl.FollowerInfo (FollowerInfo.java:lambda$new$0(51)) - 3eeab9a4-47d5-4980-9c6e-5102901e869a@group-9802512AA034->a951a5ca-0ab5-470b-9716-44f820a131a6: nextIndex: updateUnconditionally 1 -> 0
2019-10-09 13:05:13,725 [Thread-911] INFO  impl.RaftServerImpl (RaftServerImpl.java:setRole(174)) - 194018c8-bd25-415f-9941-0e401fd1a71b@group-611ECB217B3F: changes role from  FOLLOWER to CANDIDATE at term 0 for changeToCandidate
2019-10-09 13:05:13,726 [Thread-911] INFO  impl.RoleInfo (RoleInfo.java:updateAndGet(143)) - 194018c8-bd25-415f-9941-0e401fd1a71b: start LeaderElection
2019-10-09 13:05:13,728 [a951a5ca-0ab5-470b-9716-44f820a131a6@group-9802512AA034-SegmentedRaftLogWorker] INFO  segmented.SegmentedRaftLogWorker (SegmentedRaftLogWorker.java:execute(569)) - a951a5ca-0ab5-470b-9716-44f820a131a6@group-9802512AA034-SegmentedRaftLogWorker: created new log segment /workdir/hadoop-ozone/integration-test/target/test-dir/MiniOzoneClusterImpl-92c4d179-1d16-4416-8bce-4538b25b782c/datanode-5/data/ratis/ecad9feb-35ca-4082-b7b2-9802512aa034/current/log_inprogress_0
2019-10-09 13:05:13,728 [Thread-904] INFO  impl.FollowerState (FollowerState.java:run(106)) - a951a5ca-0ab5-470b-9716-44f820a131a6:group-B09A4D417E08 changes to CANDIDATE, lastRpcTime:5107, electionTimeout:5106ms
2019-10-09 13:05:13,730 [grpc-default-executor-4] INFO  impl.RaftServerImpl (RaftServerImpl.java:setRole(174)) - 3eeab9a4-47d5-4980-9c6e-5102901e869a@group-9802512AA034: changes role from  FOLLOWER to FOLLOWER at term 2 for recognizeCandidate:194018c8-bd25-415f-9941-0e401fd1a71b
2019-10-09 13:05:13,730 [Thread-904] INFO  impl.RoleInfo (RoleInfo.java:shutdownFollowerState(121)) - a951a5ca-0ab5-470b-9716-44f820a131a6: shutdown FollowerState
2019-10-09 13:05:13,733 [grpc-default-executor-4] INFO  impl.RoleInfo (RoleInfo.java:shutdownFollowerState(121)) - 3eeab9a4-47d5-4980-9c6e-5102901e869a: shutdown FollowerState
2019-10-09 13:05:13,733 [Thread-904] INFO  impl.RaftServerImpl (RaftServerImpl.java:setRole(174)) - a951a5ca-0ab5-470b-9716-44f820a131a6@group-B09A4D417E08: changes role from  FOLLOWER to CANDIDATE at term 0 for changeToCandidate
2019-10-09 13:05:13,733 [Thread-1010] INFO  impl.FollowerState (FollowerState.java:run(115)) - 3eeab9a4-47d5-4980-9c6e-5102901e869a: FollowerState was interrupted: java.lang.InterruptedException: sleep interrupted
2019-10-09 13:05:13,733 [grpc-default-executor-4] INFO  impl.RoleInfo (RoleInfo.java:updateAndGet(143)) - 3eeab9a4-47d5-4980-9c6e-5102901e869a: start FollowerState
2019-10-09 13:05:13,733 [Thread-904] INFO  impl.RoleInfo (RoleInfo.java:updateAndGet(143)) - a951a5ca-0ab5-470b-9716-44f820a131a6: start LeaderElection
2019-10-09 13:05:13,757 [194018c8-bd25-415f-9941-0e401fd1a71b@group-611ECB217B3F:LeaderElection75] INFO  impl.LeaderElection (LeaderElection.java:askForVotes(182)) - 194018c8-bd25-415f-9941-0e401fd1a71b@group-611ECB217B3F:LeaderElection75: begin an election at term 1 for -1: [194018c8-bd25-415f-9941-0e401fd1a71b:192.168.5.175:36608, a951a5ca-0ab5-470b-9716-44f820a131a6:192.168.5.175:37446, 3eeab9a4-47d5-4980-9c6e-5102901e869a:192.168.5.175:43254], old=null
2019-10-09 13:05:13,757 [a951a5ca-0ab5-470b-9716-44f820a131a6@group-B09A4D417E08:LeaderElection76] INFO  impl.LeaderElection (LeaderElection.java:askForVotes(182)) - a951a5ca-0ab5-470b-9716-44f820a131a6@group-B09A4D417E08:LeaderElection76: begin an election at term 1 for -1: [194018c8-bd25-415f-9941-0e401fd1a71b:192.168.5.175:36608, a951a5ca-0ab5-470b-9716-44f820a131a6:192.168.5.175:37446, 3eeab9a4-47d5-4980-9c6e-5102901e869a:192.168.5.175:43254], old=null
2019-10-09 13:05:13,761 [grpc-default-executor-4] INFO  impl.RaftServerImpl (RaftServerImpl.java:setRole(174)) - 3eeab9a4-47d5-4980-9c6e-5102901e869a@group-611ECB217B3F: changes role from  FOLLOWER to FOLLOWER at term 1 for recognizeCandidate:194018c8-bd25-415f-9941-0e401fd1a71b
2019-10-09 13:05:13,761 [grpc-default-executor-7] INFO  impl.RaftServerImpl (RaftServerImpl.java:setRole(174)) - a951a5ca-0ab5-470b-9716-44f820a131a6@group-611ECB217B3F: changes role from  FOLLOWER to FOLLOWER at term 1 for recognizeCandidate:194018c8-bd25-415f-9941-0e401fd1a71b
2019-10-09 13:05:13,762 [grpc-default-executor-4] INFO  impl.RoleInfo (RoleInfo.java:shutdownFollowerState(121)) - 3eeab9a4-47d5-4980-9c6e-5102901e869a: shutdown FollowerState
2019-10-09 13:05:13,762 [grpc-default-executor-7] INFO  impl.RoleInfo (RoleInfo.java:shutdownFollowerState(121)) - a951a5ca-0ab5-470b-9716-44f820a131a6: shutdown FollowerState
2019-10-09 13:05:13,762 [Thread-914] INFO  impl.FollowerState (FollowerState.java:run(115)) - 3eeab9a4-47d5-4980-9c6e-5102901e869a: FollowerState was interrupted: java.lang.InterruptedException: sleep interrupted
2019-10-09 13:05:13,762 [grpc-default-executor-4] INFO  impl.RoleInfo (RoleInfo.java:updateAndGet(143)) - 3eeab9a4-47d5-4980-9c6e-5102901e869a: start FollowerState
2019-10-09 13:05:13,762 [Thread-913] INFO  impl.FollowerState (FollowerState.java:run(115)) - a951a5ca-0ab5-470b-9716-44f820a131a6: FollowerState was interrupted: java.lang.InterruptedException: sleep interrupted
2019-10-09 13:05:13,762 [grpc-default-executor-7] INFO  impl.RoleInfo (RoleInfo.java:updateAndGet(143)) - a951a5ca-0ab5-470b-9716-44f820a131a6: start FollowerState
2019-10-09 13:05:13,765 [grpc-default-executor-10] INFO  impl.RaftServerImpl (RaftServerImpl.java:setRole(174)) - 3eeab9a4-47d5-4980-9c6e-5102901e869a@group-B09A4D417E08: changes role from  FOLLOWER to FOLLOWER at term 1 for recognizeCandidate:a951a5ca-0ab5-470b-9716-44f820a131a6
2019-10-09 13:05:13,765 [grpc-default-executor-10] INFO  impl.RoleInfo (RoleInfo.java:shutdownFollowerState(121)) - 3eeab9a4-47d5-4980-9c6e-5102901e869a: shutdown FollowerState
2019-10-09 13:05:13,765 [grpc-default-executor-10] INFO  impl.RoleInfo (RoleInfo.java:updateAndGet(143)) - 3eeab9a4-47d5-4980-9c6e-5102901e869a: start FollowerState
2019-10-09 13:05:13,765 [Thread-903] INFO  impl.FollowerState (FollowerState.java:run(115)) - 3eeab9a4-47d5-4980-9c6e-5102901e869a: FollowerState was interrupted: java.lang.InterruptedException: sleep interrupted
2019-10-09 13:05:13,768 [grpc-default-executor-9] INFO  impl.RaftServerImpl (RaftServerImpl.java:setRole(174)) - 194018c8-bd25-415f-9941-0e401fd1a71b@group-B09A4D417E08: changes role from  FOLLOWER to FOLLOWER at term 1 for recognizeCandidate:a951a5ca-0ab5-470b-9716-44f820a131a6
2019-10-09 13:05:13,768 [grpc-default-executor-9] INFO  impl.RoleInfo (RoleInfo.java:shutdownFollowerState(121)) - 194018c8-bd25-415f-9941-0e401fd1a71b: shutdown FollowerState
2019-10-09 13:05:13,768 [grpc-default-executor-9] INFO  impl.RoleInfo (RoleInfo.java:updateAndGet(143)) - 194018c8-bd25-415f-9941-0e401fd1a71b: start FollowerState
2019-10-09 13:05:13,768 [Thread-899] INFO  impl.FollowerState (FollowerState.java:run(115)) - 194018c8-bd25-415f-9941-0e401fd1a71b: FollowerState was interrupted: java.lang.InterruptedException: sleep interrupted
2019-10-09 13:05:13,770 [194018c8-bd25-415f-9941-0e401fd1a71b@group-611ECB217B3F:LeaderElection75] INFO  impl.LeaderElection (LeaderElection.java:logAndReturn(56)) - 194018c8-bd25-415f-9941-0e401fd1a71b@group-611ECB217B3F:LeaderElection75: Election PASSED; received 1 response(s) [194018c8-bd25-415f-9941-0e401fd1a71b<-a951a5ca-0ab5-470b-9716-44f820a131a6#0:OK-t1] and 0 exception(s); 194018c8-bd25-415f-9941-0e401fd1a71b@group-611ECB217B3F:t1, leader=null, voted=194018c8-bd25-415f-9941-0e401fd1a71b, raftlog=194018c8-bd25-415f-9941-0e401fd1a71b@group-611ECB217B3F-SegmentedRaftLog:OPENED:c-1,f-1,i0, conf=-1: [194018c8-bd25-415f-9941-0e401fd1a71b:192.168.5.175:36608, a951a5ca-0ab5-470b-9716-44f820a131a6:192.168.5.175:37446, 3eeab9a4-47d5-4980-9c6e-5102901e869a:192.168.5.175:43254], old=null
2019-10-09 13:05:13,770 [194018c8-bd25-415f-9941-0e401fd1a71b@group-611ECB217B3F:LeaderElection75] INFO  impl.RoleInfo (RoleInfo.java:shutdownLeaderElection(134)) - 194018c8-bd25-415f-9941-0e401fd1a71b: shutdown LeaderElection
2019-10-09 13:05:13,770 [194018c8-bd25-415f-9941-0e401fd1a71b@group-611ECB217B3F:LeaderElection75] INFO  impl.RaftServerImpl (RaftServerImpl.java:setRole(174)) - 194018c8-bd25-415f-9941-0e401fd1a71b@group-611ECB217B3F: changes role from CANDIDATE to LEADER at term 1 for changeToLeader
2019-10-09 13:05:13,771 [194018c8-bd25-415f-9941-0e401fd1a71b@group-611ECB217B3F:LeaderElection75] INFO  impl.RaftServerImpl (ServerState.java:setLeader(253)) - 194018c8-bd25-415f-9941-0e401fd1a71b@group-611ECB217B3F: change Leader from null to 194018c8-bd25-415f-9941-0e401fd1a71b at term 1 for becomeLeader, leader elected after 5092ms
2019-10-09 13:05:13,771 [194018c8-bd25-415f-9941-0e401fd1a71b@group-611ECB217B3F:LeaderElection75] INFO  server.RaftServerConfigKeys (ConfUtils.java:logGet(43)) - raft.server.staging.catchup.gap = 1000 (default)
2019-10-09 13:05:13,771 [194018c8-bd25-415f-9941-0e401fd1a71b@group-611ECB217B3F:LeaderElection75] INFO  server.RaftServerConfigKeys (ConfUtils.java:logGet(43)) - raft.server.rpc.sleep.time = 25ms (default)
2019-10-09 13:05:13,771 [194018c8-bd25-415f-9941-0e401fd1a71b@group-611ECB217B3F:LeaderElection75] INFO  server.RaftServerConfigKeys (ConfUtils.java:logGet(43)) - raft.server.write.element-limit = 4096 (default)
2019-10-09 13:05:13,771 [194018c8-bd25-415f-9941-0e401fd1a71b@group-611ECB217B3F:LeaderElection75] INFO  server.RaftServerConfigKeys (ConfUtils.java:logGet(43)) - raft.server.watch.timeout = 10s (default)
2019-10-09 13:05:13,771 [194018c8-bd25-415f-9941-0e401fd1a71b@group-611ECB217B3F:LeaderElection75] INFO  server.RaftServerConfigKeys (ConfUtils.java:logGet(43)) - raft.server.watch.timeout.denomination = 1s (default)
2019-10-09 13:05:13,771 [194018c8-bd25-415f-9941-0e401fd1a71b@group-611ECB217B3F:LeaderElection75] INFO  server.RaftServerConfigKeys (ConfUtils.java:logGet(43)) - raft.server.watch.element-limit = 65536 (default)
2019-10-09 13:05:13,773 [194018c8-bd25-415f-9941-0e401fd1a71b@group-611ECB217B3F:LeaderElection75] INFO  server.RaftServerConfigKeys (ConfUtils.java:logGet(43)) - raft.server.log.appender.snapshot.chunk.size.max = 16MB (=16777216) (default)
2019-10-09 13:05:13,773 [194018c8-bd25-415f-9941-0e401fd1a71b@group-611ECB217B3F:LeaderElection75] INFO  server.RaftServerConfigKeys (ConfUtils.java:logGet(43)) - raft.server.log.appender.buffer.byte-limit = 33554432 (custom)
2019-10-09 13:05:13,773 [194018c8-bd25-415f-9941-0e401fd1a71b@group-611ECB217B3F:LeaderElection75] INFO  server.RaftServerConfigKeys (ConfUtils.java:logGet(43)) - raft.server.log.appender.buffer.element-limit = 1 (custom)
2019-10-09 13:05:13,773 [194018c8-bd25-415f-9941-0e401fd1a71b@group-611ECB217B3F:LeaderElection75] INFO  grpc.GrpcConfigKeys$Server (ConfUtils.java:logGet(43)) - raft.grpc.server.leader.outstanding.appends.max = 128 (default)
2019-10-09 13:05:13,774 [194018c8-bd25-415f-9941-0e401fd1a71b@group-611ECB217B3F:LeaderElection75] INFO  server.RaftServerConfigKeys (ConfUtils.java:logGet(43)) - raft.server.rpc.request.timeout = 3000ms (default)
2019-10-09 13:05:13,774 [194018c8-bd25-415f-9941-0e401fd1a71b@group-611ECB217B3F:LeaderElection75] INFO  server.RaftServerConfigKeys (ConfUtils.java:logGet(43)) - raft.server.log.appender.install.snapshot.enabled = false (custom)
2019-10-09 13:05:13,774 [194018c8-bd25-415f-9941-0e401fd1a71b@group-611ECB217B3F:LeaderElection75] INFO  server.RaftServerConfigKeys (ConfUtils.java:logGet(43)) - raft.server.log.appender.snapshot.chunk.size.max = 16MB (=16777216) (default)
2019-10-09 13:05:13,774 [194018c8-bd25-415f-9941-0e401fd1a71b@group-611ECB217B3F:LeaderElection75] INFO  server.RaftServerConfigKeys (ConfUtils.java:logGet(43)) - raft.server.log.appender.buffer.byte-limit = 33554432 (custom)
2019-10-09 13:05:13,774 [194018c8-bd25-415f-9941-0e401fd1a71b@group-611ECB217B3F:LeaderElection75] INFO  server.RaftServerConfigKeys (ConfUtils.java:logGet(43)) - raft.server.log.appender.buffer.element-limit = 1 (custom)
2019-10-09 13:05:13,774 [194018c8-bd25-415f-9941-0e401fd1a71b@group-611ECB217B3F:LeaderElection75] INFO  grpc.GrpcConfigKeys$Server (ConfUtils.java:logGet(43)) - raft.grpc.server.leader.outstanding.appends.max = 128 (default)
2019-10-09 13:05:13,774 [194018c8-bd25-415f-9941-0e401fd1a71b@group-611ECB217B3F:LeaderElection75] INFO  server.RaftServerConfigKeys (ConfUtils.java:logGet(43)) - raft.server.rpc.request.timeout = 3000ms (default)
2019-10-09 13:05:13,774 [194018c8-bd25-415f-9941-0e401fd1a71b@group-611ECB217B3F:LeaderElection75] INFO  server.RaftServerConfigKeys (ConfUtils.java:logGet(43)) - raft.server.log.appender.install.snapshot.enabled = false (custom)
2019-10-09 13:05:13,775 [194018c8-bd25-415f-9941-0e401fd1a71b@group-611ECB217B3F:LeaderElection75] INFO  impl.RoleInfo (RoleInfo.java:updateAndGet(143)) - 194018c8-bd25-415f-9941-0e401fd1a71b: start LeaderState
2019-10-09 13:05:13,775 [194018c8-bd25-415f-9941-0e401fd1a71b@group-611ECB217B3F:LeaderElection75] INFO  segmented.SegmentedRaftLogWorker (SegmentedRaftLogWorker.java:startLogSegment(380)) - 194018c8-bd25-415f-9941-0e401fd1a71b@group-611ECB217B3F-SegmentedRaftLogWorker: Starting segment from index:0
2019-10-09 13:05:13,775 [a951a5ca-0ab5-470b-9716-44f820a131a6@group-B09A4D417E08:LeaderElection76] INFO  impl.LeaderElection (LeaderElection.java:logAndReturn(56)) - a951a5ca-0ab5-470b-9716-44f820a131a6@group-B09A4D417E08:LeaderElection76: Election PASSED; received 1 response(s) [a951a5ca-0ab5-470b-9716-44f820a131a6<-194018c8-bd25-415f-9941-0e401fd1a71b#0:OK-t1] and 0 exception(s); a951a5ca-0ab5-470b-9716-44f820a131a6@group-B09A4D417E08:t1, leader=null, voted=a951a5ca-0ab5-470b-9716-44f820a131a6, raftlog=a951a5ca-0ab5-470b-9716-44f820a131a6@group-B09A4D417E08-SegmentedRaftLog:OPENED:c-1,f-1,i0, conf=-1: [194018c8-bd25-415f-9941-0e401fd1a71b:192.168.5.175:36608, a951a5ca-0ab5-470b-9716-44f820a131a6:192.168.5.175:37446, 3eeab9a4-47d5-4980-9c6e-5102901e869a:192.168.5.175:43254], old=null
2019-10-09 13:05:13,775 [a951a5ca-0ab5-470b-9716-44f820a131a6@group-B09A4D417E08:LeaderElection76] INFO  impl.RoleInfo (RoleInfo.java:shutdownLeaderElection(134)) - a951a5ca-0ab5-470b-9716-44f820a131a6: shutdown LeaderElection
2019-10-09 13:05:13,775 [a951a5ca-0ab5-470b-9716-44f820a131a6@group-B09A4D417E08:LeaderElection76] INFO  impl.RaftServerImpl (RaftServerImpl.java:setRole(174)) - a951a5ca-0ab5-470b-9716-44f820a131a6@group-B09A4D417E08: changes role from CANDIDATE to LEADER at term 1 for changeToLeader
2019-10-09 13:05:13,776 [a951a5ca-0ab5-470b-9716-44f820a131a6@group-B09A4D417E08:LeaderElection76] INFO  impl.RaftServerImpl (ServerState.java:setLeader(253)) - a951a5ca-0ab5-470b-9716-44f820a131a6@group-B09A4D417E08: change Leader from null to a951a5ca-0ab5-470b-9716-44f820a131a6 at term 1 for becomeLeader, leader elected after 5168ms
2019-10-09 13:05:13,776 [194018c8-bd25-415f-9941-0e401fd1a71b@group-611ECB217B3F:LeaderElection75] INFO  impl.RaftServerImpl (ServerState.java:setRaftConf(354)) - 194018c8-bd25-415f-9941-0e401fd1a71b@group-611ECB217B3F: set configuration 0: [194018c8-bd25-415f-9941-0e401fd1a71b:192.168.5.175:36608, a951a5ca-0ab5-470b-9716-44f820a131a6:192.168.5.175:37446, 3eeab9a4-47d5-4980-9c6e-5102901e869a:192.168.5.175:43254], old=null at 0
2019-10-09 13:05:13,776 [a951a5ca-0ab5-470b-9716-44f820a131a6@group-B09A4D417E08:LeaderElection76] INFO  server.RaftServerConfigKeys (ConfUtils.java:logGet(43)) - raft.server.staging.catchup.gap = 1000 (default)
2019-10-09 13:05:13,800 [a951a5ca-0ab5-470b-9716-44f820a131a6@group-B09A4D417E08:LeaderElection76] INFO  server.RaftServerConfigKeys (ConfUtils.java:logGet(43)) - raft.server.rpc.sleep.time = 25ms (default)
2019-10-09 13:05:13,800 [a951a5ca-0ab5-470b-9716-44f820a131a6@group-B09A4D417E08:LeaderElection76] INFO  server.RaftServerConfigKeys (ConfUtils.java:logGet(43)) - raft.server.write.element-limit = 4096 (default)
2019-10-09 13:05:13,800 [a951a5ca-0ab5-470b-9716-44f820a131a6@group-B09A4D417E08:LeaderElection76] INFO  server.RaftServerConfigKeys (ConfUtils.java:logGet(43)) - raft.server.watch.timeout = 10s (default)
2019-10-09 13:05:13,800 [a951a5ca-0ab5-470b-9716-44f820a131a6@group-B09A4D417E08:LeaderElection76] INFO  server.RaftServerConfigKeys (ConfUtils.java:logGet(43)) - raft.server.watch.timeout.denomination = 1s (default)
2019-10-09 13:05:13,800 [a951a5ca-0ab5-470b-9716-44f820a131a6@group-B09A4D417E08:LeaderElection76] INFO  server.RaftServerConfigKeys (ConfUtils.java:logGet(43)) - raft.server.watch.element-limit = 65536 (default)
2019-10-09 13:05:13,809 [grpc-default-executor-10] INFO  impl.RaftServerImpl (ServerState.java:setLeader(253)) - a951a5ca-0ab5-470b-9716-44f820a131a6@group-611ECB217B3F: change Leader from null to 194018c8-bd25-415f-9941-0e401fd1a71b at term 1 for appendEntries, leader elected after 5130ms
2019-10-09 13:05:13,809 [grpc-default-executor-9] INFO  impl.RaftServerImpl (ServerState.java:setLeader(253)) - 3eeab9a4-47d5-4980-9c6e-5102901e869a@group-611ECB217B3F: change Leader from null to 194018c8-bd25-415f-9941-0e401fd1a71b at term 1 for appendEntries, leader elected after 5128ms
2019-10-09 13:05:13,810 [a951a5ca-0ab5-470b-9716-44f820a131a6@group-B09A4D417E08:LeaderElection76] INFO  server.RaftServerConfigKeys (ConfUtils.java:logGet(43)) - raft.server.log.appender.snapshot.chunk.size.max = 16MB (=16777216) (default)
2019-10-09 13:05:13,810 [a951a5ca-0ab5-470b-9716-44f820a131a6@group-B09A4D417E08:LeaderElection76] INFO  server.RaftServerConfigKeys (ConfUtils.java:logGet(43)) - raft.server.log.appender.buffer.byte-limit = 33554432 (custom)
2019-10-09 13:05:13,810 [a951a5ca-0ab5-470b-9716-44f820a131a6@group-B09A4D417E08:LeaderElection76] INFO  server.RaftServerConfigKeys (ConfUtils.java:logGet(43)) - raft.server.log.appender.buffer.element-limit = 1 (custom)
2019-10-09 13:05:13,811 [a951a5ca-0ab5-470b-9716-44f820a131a6@group-B09A4D417E08:LeaderElection76] INFO  grpc.GrpcConfigKeys$Server (ConfUtils.java:logGet(43)) - raft.grpc.server.leader.outstanding.appends.max = 128 (default)
2019-10-09 13:05:13,811 [a951a5ca-0ab5-470b-9716-44f820a131a6@group-B09A4D417E08:LeaderElection76] INFO  server.RaftServerConfigKeys (ConfUtils.java:logGet(43)) - raft.server.rpc.request.timeout = 3000ms (default)
2019-10-09 13:05:13,811 [a951a5ca-0ab5-470b-9716-44f820a131a6@group-B09A4D417E08:LeaderElection76] INFO  server.RaftServerConfigKeys (ConfUtils.java:logGet(43)) - raft.server.log.appender.install.snapshot.enabled = false (custom)
2019-10-09 13:05:13,811 [a951a5ca-0ab5-470b-9716-44f820a131a6@group-B09A4D417E08:LeaderElection76] INFO  server.RaftServerConfigKeys (ConfUtils.java:logGet(43)) - raft.server.log.appender.snapshot.chunk.size.max = 16MB (=16777216) (default)
2019-10-09 13:05:13,811 [a951a5ca-0ab5-470b-9716-44f820a131a6@group-B09A4D417E08:LeaderElection76] INFO  server.RaftServerConfigKeys (ConfUtils.java:logGet(43)) - raft.server.log.appender.buffer.byte-limit = 33554432 (custom)
2019-10-09 13:05:13,811 [grpc-default-executor-9] INFO  impl.RaftServerImpl (ServerState.java:setRaftConf(354)) - a951a5ca-0ab5-470b-9716-44f820a131a6@group-611ECB217B3F: set configuration 0: [194018c8-bd25-415f-9941-0e401fd1a71b:192.168.5.175:36608, a951a5ca-0ab5-470b-9716-44f820a131a6:192.168.5.175:37446, 3eeab9a4-47d5-4980-9c6e-5102901e869a:192.168.5.175:43254], old=null at 0
2019-10-09 13:05:13,811 [a951a5ca-0ab5-470b-9716-44f820a131a6@group-B09A4D417E08:LeaderElection76] INFO  server.RaftServerConfigKeys (ConfUtils.java:logGet(43)) - raft.server.log.appender.buffer.element-limit = 1 (custom)
2019-10-09 13:05:13,811 [grpc-default-executor-9] INFO  segmented.SegmentedRaftLogWorker (SegmentedRaftLogWorker.java:startLogSegment(380)) - a951a5ca-0ab5-470b-9716-44f820a131a6@group-611ECB217B3F-SegmentedRaftLogWorker: Starting segment from index:0
2019-10-09 13:05:13,811 [grpc-default-executor-10] INFO  impl.RaftServerImpl (ServerState.java:setRaftConf(354)) - 3eeab9a4-47d5-4980-9c6e-5102901e869a@group-611ECB217B3F: set configuration 0: [194018c8-bd25-415f-9941-0e401fd1a71b:192.168.5.175:36608, a951a5ca-0ab5-470b-9716-44f820a131a6:192.168.5.175:37446, 3eeab9a4-47d5-4980-9c6e-5102901e869a:192.168.5.175:43254], old=null at 0
2019-10-09 13:05:13,812 [a951a5ca-0ab5-470b-9716-44f820a131a6@group-B09A4D417E08:LeaderElection76] INFO  grpc.GrpcConfigKeys$Server (ConfUtils.java:logGet(43)) - raft.grpc.server.leader.outstanding.appends.max = 128 (default)
2019-10-09 13:05:13,812 [grpc-default-executor-10] INFO  segmented.SegmentedRaftLogWorker (SegmentedRaftLogWorker.java:startLogSegment(380)) - 3eeab9a4-47d5-4980-9c6e-5102901e869a@group-611ECB217B3F-SegmentedRaftLogWorker: Starting segment from index:0
2019-10-09 13:05:13,812 [a951a5ca-0ab5-470b-9716-44f820a131a6@group-B09A4D417E08:LeaderElection76] INFO  server.RaftServerConfigKeys (ConfUtils.java:logGet(43)) - raft.server.rpc.request.timeout = 3000ms (default)
2019-10-09 13:05:13,812 [a951a5ca-0ab5-470b-9716-44f820a131a6@group-B09A4D417E08:LeaderElection76] INFO  server.RaftServerConfigKeys (ConfUtils.java:logGet(43)) - raft.server.log.appender.install.snapshot.enabled = false (custom)
2019-10-09 13:05:13,813 [a951a5ca-0ab5-470b-9716-44f820a131a6@group-B09A4D417E08:LeaderElection76] INFO  impl.RoleInfo (RoleInfo.java:updateAndGet(143)) - a951a5ca-0ab5-470b-9716-44f820a131a6: start LeaderState
2019-10-09 13:05:13,813 [a951a5ca-0ab5-470b-9716-44f820a131a6@group-B09A4D417E08:LeaderElection76] INFO  segmented.SegmentedRaftLogWorker (SegmentedRaftLogWorker.java:startLogSegment(380)) - a951a5ca-0ab5-470b-9716-44f820a131a6@group-B09A4D417E08-SegmentedRaftLogWorker: Starting segment from index:0
2019-10-09 13:05:13,813 [a951a5ca-0ab5-470b-9716-44f820a131a6@group-B09A4D417E08:LeaderElection76] INFO  impl.RaftServerImpl (ServerState.java:setRaftConf(354)) - a951a5ca-0ab5-470b-9716-44f820a131a6@group-B09A4D417E08: set configuration 0: [194018c8-bd25-415f-9941-0e401fd1a71b:192.168.5.175:36608, a951a5ca-0ab5-470b-9716-44f820a131a6:192.168.5.175:37446, 3eeab9a4-47d5-4980-9c6e-5102901e869a:192.168.5.175:43254], old=null at 0
2019-10-09 13:05:13,814 [grpc-default-executor-9] INFO  impl.RaftServerImpl (ServerState.java:setLeader(253)) - 194018c8-bd25-415f-9941-0e401fd1a71b@group-B09A4D417E08: change Leader from null to a951a5ca-0ab5-470b-9716-44f820a131a6 at term 1 for appendEntries, leader elected after 5207ms
2019-10-09 13:05:13,815 [grpc-default-executor-10] INFO  impl.RaftServerImpl (ServerState.java:setLeader(253)) - 3eeab9a4-47d5-4980-9c6e-5102901e869a@group-B09A4D417E08: change Leader from null to a951a5ca-0ab5-470b-9716-44f820a131a6 at term 1 for appendEntries, leader elected after 5208ms
2019-10-09 13:05:13,850 [194018c8-bd25-415f-9941-0e401fd1a71b@group-611ECB217B3F-SegmentedRaftLogWorker] INFO  segmented.SegmentedRaftLogWorker (SegmentedRaftLogWorker.java:execute(569)) - 194018c8-bd25-415f-9941-0e401fd1a71b@group-611ECB217B3F-SegmentedRaftLogWorker: created new log segment /workdir/hadoop-ozone/integration-test/target/test-dir/MiniOzoneClusterImpl-92c4d179-1d16-4416-8bce-4538b25b782c/datanode-3/data/ratis/d9b70c17-76ac-42f0-ae06-611ecb217b3f/current/log_inprogress_0
2019-10-09 13:05:13,855 [grpc-default-executor-10] INFO  impl.RaftServerImpl (ServerState.java:setRaftConf(354)) - 194018c8-bd25-415f-9941-0e401fd1a71b@group-B09A4D417E08: set configuration 0: [194018c8-bd25-415f-9941-0e401fd1a71b:192.168.5.175:36608, a951a5ca-0ab5-470b-9716-44f820a131a6:192.168.5.175:37446, 3eeab9a4-47d5-4980-9c6e-5102901e869a:192.168.5.175:43254], old=null at 0
2019-10-09 13:05:13,855 [grpc-default-executor-10] INFO  segmented.SegmentedRaftLogWorker (SegmentedRaftLogWorker.java:startLogSegment(380)) - 194018c8-bd25-415f-9941-0e401fd1a71b@group-B09A4D417E08-SegmentedRaftLogWorker: Starting segment from index:0
2019-10-09 13:05:13,855 [grpc-default-executor-9] INFO  impl.RaftServerImpl (ServerState.java:setRaftConf(354)) - 3eeab9a4-47d5-4980-9c6e-5102901e869a@group-B09A4D417E08: set configuration 0: [194018c8-bd25-415f-9941-0e401fd1a71b:192.168.5.175:36608, a951a5ca-0ab5-470b-9716-44f820a131a6:192.168.5.175:37446, 3eeab9a4-47d5-4980-9c6e-5102901e869a:192.168.5.175:43254], old=null at 0
2019-10-09 13:05:13,856 [grpc-default-executor-9] INFO  segmented.SegmentedRaftLogWorker (SegmentedRaftLogWorker.java:startLogSegment(380)) - 3eeab9a4-47d5-4980-9c6e-5102901e869a@group-B09A4D417E08-SegmentedRaftLogWorker: Starting segment from index:0
2019-10-09 13:05:13,865 [Thread-926] INFO  impl.FollowerState (FollowerState.java:run(106)) - a951a5ca-0ab5-470b-9716-44f820a131a6:group-F081FF3511EB changes to CANDIDATE, lastRpcTime:5096, electionTimeout:5096ms
2019-10-09 13:05:13,865 [Thread-926] INFO  impl.RoleInfo (RoleInfo.java:shutdownFollowerState(121)) - a951a5ca-0ab5-470b-9716-44f820a131a6: shutdown FollowerState
2019-10-09 13:05:13,865 [Thread-926] INFO  impl.RaftServerImpl (RaftServerImpl.java:setRole(174)) - a951a5ca-0ab5-470b-9716-44f820a131a6@group-F081FF3511EB: changes role from  FOLLOWER to CANDIDATE at term 0 for changeToCandidate
2019-10-09 13:05:13,865 [Thread-926] INFO  impl.RoleInfo (RoleInfo.java:updateAndGet(143)) - a951a5ca-0ab5-470b-9716-44f820a131a6: start LeaderElection
2019-10-09 13:05:13,892 [a951a5ca-0ab5-470b-9716-44f820a131a6@group-611ECB217B3F-SegmentedRaftLogWorker] INFO  segmented.SegmentedRaftLogWorker (SegmentedRaftLogWorker.java:execute(569)) - a951a5ca-0ab5-470b-9716-44f820a131a6@group-611ECB217B3F-SegmentedRaftLogWorker: created new log segment /workdir/hadoop-ozone/integration-test/target/test-dir/MiniOzoneClusterImpl-92c4d179-1d16-4416-8bce-4538b25b782c/datanode-5/data/ratis/d9b70c17-76ac-42f0-ae06-611ecb217b3f/current/log_inprogress_0
2019-10-09 13:05:13,892 [3eeab9a4-47d5-4980-9c6e-5102901e869a@group-611ECB217B3F-SegmentedRaftLogWorker] INFO  segmented.SegmentedRaftLogWorker (SegmentedRaftLogWorker.java:execute(569)) - 3eeab9a4-47d5-4980-9c6e-5102901e869a@group-611ECB217B3F-SegmentedRaftLogWorker: created new log segment /workdir/hadoop-ozone/integration-test/target/test-dir/MiniOzoneClusterImpl-92c4d179-1d16-4416-8bce-4538b25b782c/datanode-4/data/ratis/d9b70c17-76ac-42f0-ae06-611ecb217b3f/current/log_inprogress_0
2019-10-09 13:05:13,892 [a951a5ca-0ab5-470b-9716-44f820a131a6@group-B09A4D417E08-SegmentedRaftLogWorker] INFO  segmented.SegmentedRaftLogWorker (SegmentedRaftLogWorker.java:execute(569)) - a951a5ca-0ab5-470b-9716-44f820a131a6@group-B09A4D417E08-SegmentedRaftLogWorker: created new log segment /workdir/hadoop-ozone/integration-test/target/test-dir/MiniOzoneClusterImpl-92c4d179-1d16-4416-8bce-4538b25b782c/datanode-5/data/ratis/33a2bd62-eb4e-4a29-8c12-b09a4d417e08/current/log_inprogress_0
2019-10-09 13:05:13,907 [Thread-921] INFO  impl.FollowerState (FollowerState.java:run(106)) - 3eeab9a4-47d5-4980-9c6e-5102901e869a:group-F081FF3511EB changes to CANDIDATE, lastRpcTime:5142, electionTimeout:5142ms
2019-10-09 13:05:13,908 [Thread-921] INFO  impl.RoleInfo (RoleInfo.java:shutdownFollowerState(121)) - 3eeab9a4-47d5-4980-9c6e-5102901e869a: shutdown FollowerState
2019-10-09 13:05:13,908 [Thread-921] INFO  impl.RaftServerImpl (RaftServerImpl.java:setRole(174)) - 3eeab9a4-47d5-4980-9c6e-5102901e869a@group-F081FF3511EB: changes role from  FOLLOWER to CANDIDATE at term 0 for changeToCandidate
2019-10-09 13:05:13,908 [Thread-921] INFO  impl.RoleInfo (RoleInfo.java:updateAndGet(143)) - 3eeab9a4-47d5-4980-9c6e-5102901e869a: start LeaderElection
2019-10-09 13:05:13,910 [Thread-924] INFO  impl.FollowerState (FollowerState.java:run(106)) - 194018c8-bd25-415f-9941-0e401fd1a71b:group-F081FF3511EB changes to CANDIDATE, lastRpcTime:5144, electionTimeout:5142ms
2019-10-09 13:05:13,912 [Thread-924] INFO  impl.RoleInfo (RoleInfo.java:shutdownFollowerState(121)) - 194018c8-bd25-415f-9941-0e401fd1a71b: shutdown FollowerState
2019-10-09 13:05:13,912 [Thread-924] INFO  impl.RaftServerImpl (RaftServerImpl.java:setRole(174)) - 194018c8-bd25-415f-9941-0e401fd1a71b@group-F081FF3511EB: changes role from  FOLLOWER to CANDIDATE at term 0 for changeToCandidate
2019-10-09 13:05:13,912 [Thread-924] INFO  impl.RoleInfo (RoleInfo.java:updateAndGet(143)) - 194018c8-bd25-415f-9941-0e401fd1a71b: start LeaderElection
2019-10-09 13:05:13,918 [194018c8-bd25-415f-9941-0e401fd1a71b@group-B09A4D417E08-SegmentedRaftLogWorker] INFO  segmented.SegmentedRaftLogWorker (SegmentedRaftLogWorker.java:execute(569)) - 194018c8-bd25-415f-9941-0e401fd1a71b@group-B09A4D417E08-SegmentedRaftLogWorker: created new log segment /workdir/hadoop-ozone/integration-test/target/test-dir/MiniOzoneClusterImpl-92c4d179-1d16-4416-8bce-4538b25b782c/datanode-3/data/ratis/33a2bd62-eb4e-4a29-8c12-b09a4d417e08/current/log_inprogress_0
2019-10-09 13:05:13,918 [a951a5ca-0ab5-470b-9716-44f820a131a6@group-F081FF3511EB:LeaderElection77] INFO  impl.LeaderElection (LeaderElection.java:askForVotes(182)) - a951a5ca-0ab5-470b-9716-44f820a131a6@group-F081FF3511EB:LeaderElection77: begin an election at term 1 for -1: [194018c8-bd25-415f-9941-0e401fd1a71b:192.168.5.175:36608, 3eeab9a4-47d5-4980-9c6e-5102901e869a:192.168.5.175:43254, a951a5ca-0ab5-470b-9716-44f820a131a6:192.168.5.175:37446], old=null
2019-10-09 13:05:13,918 [3eeab9a4-47d5-4980-9c6e-5102901e869a@group-B09A4D417E08-SegmentedRaftLogWorker] INFO  segmented.SegmentedRaftLogWorker (SegmentedRaftLogWorker.java:execute(569)) - 3eeab9a4-47d5-4980-9c6e-5102901e869a@group-B09A4D417E08-SegmentedRaftLogWorker: created new log segment /workdir/hadoop-ozone/integration-test/target/test-dir/MiniOzoneClusterImpl-92c4d179-1d16-4416-8bce-4538b25b782c/datanode-4/data/ratis/33a2bd62-eb4e-4a29-8c12-b09a4d417e08/current/log_inprogress_0
2019-10-09 13:05:13,920 [3eeab9a4-47d5-4980-9c6e-5102901e869a@group-F081FF3511EB:LeaderElection78] INFO  impl.LeaderElection (LeaderElection.java:askForVotes(182)) - 3eeab9a4-47d5-4980-9c6e-5102901e869a@group-F081FF3511EB:LeaderElection78: begin an election at term 1 for -1: [194018c8-bd25-415f-9941-0e401fd1a71b:192.168.5.175:36608, 3eeab9a4-47d5-4980-9c6e-5102901e869a:192.168.5.175:43254, a951a5ca-0ab5-470b-9716-44f820a131a6:192.168.5.175:37446], old=null
2019-10-09 13:05:13,920 [194018c8-bd25-415f-9941-0e401fd1a71b@group-F081FF3511EB:LeaderElection79] INFO  impl.LeaderElection (LeaderElection.java:askForVotes(182)) - 194018c8-bd25-415f-9941-0e401fd1a71b@group-F081FF3511EB:LeaderElection79: begin an election at term 1 for -1: [194018c8-bd25-415f-9941-0e401fd1a71b:192.168.5.175:36608, 3eeab9a4-47d5-4980-9c6e-5102901e869a:192.168.5.175:43254, a951a5ca-0ab5-470b-9716-44f820a131a6:192.168.5.175:37446], old=null
2019-10-09 13:05:13,922 [a951a5ca-0ab5-470b-9716-44f820a131a6@group-F081FF3511EB:LeaderElection77] INFO  impl.LeaderElection (LeaderElection.java:logAndReturn(56)) - a951a5ca-0ab5-470b-9716-44f820a131a6@group-F081FF3511EB:LeaderElection77: Election REJECTED; received 2 response(s) [a951a5ca-0ab5-470b-9716-44f820a131a6<-194018c8-bd25-415f-9941-0e401fd1a71b#0:FAIL-t1, a951a5ca-0ab5-470b-9716-44f820a131a6<-3eeab9a4-47d5-4980-9c6e-5102901e869a#0:FAIL-t1] and 0 exception(s); a951a5ca-0ab5-470b-9716-44f820a131a6@group-F081FF3511EB:t1, leader=null, voted=a951a5ca-0ab5-470b-9716-44f820a131a6, raftlog=a951a5ca-0ab5-470b-9716-44f820a131a6@group-F081FF3511EB-SegmentedRaftLog:OPENED:c-1,f-1,i0, conf=-1: [194018c8-bd25-415f-9941-0e401fd1a71b:192.168.5.175:36608, 3eeab9a4-47d5-4980-9c6e-5102901e869a:192.168.5.175:43254, a951a5ca-0ab5-470b-9716-44f820a131a6:192.168.5.175:37446], old=null
2019-10-09 13:05:13,922 [a951a5ca-0ab5-470b-9716-44f820a131a6@group-F081FF3511EB:LeaderElection77] INFO  impl.RaftServerImpl (RaftServerImpl.java:setRole(174)) - a951a5ca-0ab5-470b-9716-44f820a131a6@group-F081FF3511EB: changes role from CANDIDATE to FOLLOWER at term 1 for DISCOVERED_A_NEW_TERM
2019-10-09 13:05:13,922 [a951a5ca-0ab5-470b-9716-44f820a131a6@group-F081FF3511EB:LeaderElection77] INFO  impl.RoleInfo (RoleInfo.java:shutdownLeaderElection(134)) - a951a5ca-0ab5-470b-9716-44f820a131a6: shutdown LeaderElection
2019-10-09 13:05:13,922 [a951a5ca-0ab5-470b-9716-44f820a131a6@group-F081FF3511EB:LeaderElection77] INFO  impl.RoleInfo (RoleInfo.java:updateAndGet(143)) - a951a5ca-0ab5-470b-9716-44f820a131a6: start FollowerState
2019-10-09 13:05:13,925 [194018c8-bd25-415f-9941-0e401fd1a71b@group-F081FF3511EB:LeaderElection79] INFO  impl.LeaderElection (LeaderElection.java:logAndReturn(56)) - 194018c8-bd25-415f-9941-0e401fd1a71b@group-F081FF3511EB:LeaderElection79: Election REJECTED; received 2 response(s) [194018c8-bd25-415f-9941-0e401fd1a71b<-3eeab9a4-47d5-4980-9c6e-5102901e869a#0:FAIL-t1, 194018c8-bd25-415f-9941-0e401fd1a71b<-a951a5ca-0ab5-470b-9716-44f820a131a6#0:FAIL-t1] and 0 exception(s); 194018c8-bd25-415f-9941-0e401fd1a71b@group-F081FF3511EB:t1, leader=null, voted=194018c8-bd25-415f-9941-0e401fd1a71b, raftlog=194018c8-bd25-415f-9941-0e401fd1a71b@group-F081FF3511EB-SegmentedRaftLog:OPENED:c-1,f-1,i0, conf=-1: [194018c8-bd25-415f-9941-0e401fd1a71b:192.168.5.175:36608, 3eeab9a4-47d5-4980-9c6e-5102901e869a:192.168.5.175:43254, a951a5ca-0ab5-470b-9716-44f820a131a6:192.168.5.175:37446], old=null
2019-10-09 13:05:13,925 [194018c8-bd25-415f-9941-0e401fd1a71b@group-F081FF3511EB:LeaderElection79] INFO  impl.RaftServerImpl (RaftServerImpl.java:setRole(174)) - 194018c8-bd25-415f-9941-0e401fd1a71b@group-F081FF3511EB: changes role from CANDIDATE to FOLLOWER at term 1 for DISCOVERED_A_NEW_TERM
2019-10-09 13:05:13,925 [194018c8-bd25-415f-9941-0e401fd1a71b@group-F081FF3511EB:LeaderElection79] INFO  impl.RoleInfo (RoleInfo.java:shutdownLeaderElection(134)) - 194018c8-bd25-415f-9941-0e401fd1a71b: shutdown LeaderElection
2019-10-09 13:05:13,925 [194018c8-bd25-415f-9941-0e401fd1a71b@group-F081FF3511EB:LeaderElection79] INFO  impl.RoleInfo (RoleInfo.java:updateAndGet(143)) - 194018c8-bd25-415f-9941-0e401fd1a71b: start FollowerState
2019-10-09 13:05:13,926 [3eeab9a4-47d5-4980-9c6e-5102901e869a@group-F081FF3511EB:LeaderElection78] INFO  impl.LeaderElection (LeaderElection.java:logAndReturn(56)) - 3eeab9a4-47d5-4980-9c6e-5102901e869a@group-F081FF3511EB:LeaderElection78: Election REJECTED; received 2 response(s) [3eeab9a4-47d5-4980-9c6e-5102901e869a<-194018c8-bd25-415f-9941-0e401fd1a71b#0:FAIL-t1, 3eeab9a4-47d5-4980-9c6e-5102901e869a<-a951a5ca-0ab5-470b-9716-44f820a131a6#0:FAIL-t1] and 0 exception(s); 3eeab9a4-47d5-4980-9c6e-5102901e869a@group-F081FF3511EB:t1, leader=null, voted=3eeab9a4-47d5-4980-9c6e-5102901e869a, raftlog=3eeab9a4-47d5-4980-9c6e-5102901e869a@group-F081FF3511EB-SegmentedRaftLog:OPENED:c-1,f-1,i0, conf=-1: [194018c8-bd25-415f-9941-0e401fd1a71b:192.168.5.175:36608, 3eeab9a4-47d5-4980-9c6e-5102901e869a:192.168.5.175:43254, a951a5ca-0ab5-470b-9716-44f820a131a6:192.168.5.175:37446], old=null
2019-10-09 13:05:13,927 [3eeab9a4-47d5-4980-9c6e-5102901e869a@group-F081FF3511EB:LeaderElection78] INFO  impl.RaftServerImpl (RaftServerImpl.java:setRole(174)) - 3eeab9a4-47d5-4980-9c6e-5102901e869a@group-F081FF3511EB: changes role from CANDIDATE to FOLLOWER at term 1 for DISCOVERED_A_NEW_TERM
2019-10-09 13:05:13,927 [3eeab9a4-47d5-4980-9c6e-5102901e869a@group-F081FF3511EB:LeaderElection78] INFO  impl.RoleInfo (RoleInfo.java:shutdownLeaderElection(134)) - 3eeab9a4-47d5-4980-9c6e-5102901e869a: shutdown LeaderElection
2019-10-09 13:05:13,927 [3eeab9a4-47d5-4980-9c6e-5102901e869a@group-F081FF3511EB:LeaderElection78] INFO  impl.RoleInfo (RoleInfo.java:updateAndGet(143)) - 3eeab9a4-47d5-4980-9c6e-5102901e869a: start FollowerState
2019-10-09 13:05:13,955 [Thread-940] INFO  impl.FollowerState (FollowerState.java:run(106)) - a951a5ca-0ab5-470b-9716-44f820a131a6:group-867FD2ADA018 changes to CANDIDATE, lastRpcTime:5039, electionTimeout:5039ms
2019-10-09 13:05:13,955 [Thread-940] INFO  impl.RoleInfo (RoleInfo.java:shutdownFollowerState(121)) - a951a5ca-0ab5-470b-9716-44f820a131a6: shutdown FollowerState
2019-10-09 13:05:13,955 [Thread-940] INFO  impl.RaftServerImpl (RaftServerImpl.java:setRole(174)) - a951a5ca-0ab5-470b-9716-44f820a131a6@group-867FD2ADA018: changes role from  FOLLOWER to CANDIDATE at term 0 for changeToCandidate
2019-10-09 13:05:13,955 [Thread-940] INFO  impl.RoleInfo (RoleInfo.java:updateAndGet(143)) - a951a5ca-0ab5-470b-9716-44f820a131a6: start LeaderElection
2019-10-09 13:05:13,974 [a951a5ca-0ab5-470b-9716-44f820a131a6@group-867FD2ADA018:LeaderElection80] INFO  impl.LeaderElection (LeaderElection.java:askForVotes(182)) - a951a5ca-0ab5-470b-9716-44f820a131a6@group-867FD2ADA018:LeaderElection80: begin an election at term 1 for -1: [194018c8-bd25-415f-9941-0e401fd1a71b:192.168.5.175:36608, 3eeab9a4-47d5-4980-9c6e-5102901e869a:192.168.5.175:43254, a951a5ca-0ab5-470b-9716-44f820a131a6:192.168.5.175:37446], old=null
2019-10-09 13:05:13,976 [Thread-942] INFO  impl.FollowerState (FollowerState.java:run(106)) - 3eeab9a4-47d5-4980-9c6e-5102901e869a:group-867FD2ADA018 changes to CANDIDATE, lastRpcTime:5059, electionTimeout:5053ms
2019-10-09 13:05:13,977 [Thread-942] INFO  impl.RoleInfo (RoleInfo.java:shutdownFollowerState(121)) - 3eeab9a4-47d5-4980-9c6e-5102901e869a: shutdown FollowerState
2019-10-09 13:05:13,977 [Thread-942] INFO  impl.RaftServerImpl (RaftServerImpl.java:setRole(174)) - 3eeab9a4-47d5-4980-9c6e-5102901e869a@group-867FD2ADA018: changes role from  FOLLOWER to CANDIDATE at term 0 for changeToCandidate
2019-10-09 13:05:13,977 [Thread-942] INFO  impl.RoleInfo (RoleInfo.java:updateAndGet(143)) - 3eeab9a4-47d5-4980-9c6e-5102901e869a: start LeaderElection
2019-10-09 13:05:13,979 [Thread-951] INFO  impl.FollowerState (FollowerState.java:run(106)) - 3eeab9a4-47d5-4980-9c6e-5102901e869a:group-150B5479A3DB changes to CANDIDATE, lastRpcTime:5001, electionTimeout:5001ms
2019-10-09 13:05:13,986 [grpc-default-executor-10] INFO  impl.RaftServerImpl (RaftServerImpl.java:setRole(174)) - 194018c8-bd25-415f-9941-0e401fd1a71b@group-867FD2ADA018: changes role from  FOLLOWER to FOLLOWER at term 1 for recognizeCandidate:a951a5ca-0ab5-470b-9716-44f820a131a6
2019-10-09 13:05:13,986 [Thread-951] INFO  impl.RoleInfo (RoleInfo.java:shutdownFollowerState(121)) - 3eeab9a4-47d5-4980-9c6e-5102901e869a: shutdown FollowerState
2019-10-09 13:05:13,986 [grpc-default-executor-10] INFO  impl.RoleInfo (RoleInfo.java:shutdownFollowerState(121)) - 194018c8-bd25-415f-9941-0e401fd1a71b: shutdown FollowerState
2019-10-09 13:05:13,986 [Thread-951] INFO  impl.RaftServerImpl (RaftServerImpl.java:setRole(174)) - 3eeab9a4-47d5-4980-9c6e-5102901e869a@group-150B5479A3DB: changes role from  FOLLOWER to CANDIDATE at term 0 for changeToCandidate
2019-10-09 13:05:13,987 [grpc-default-executor-10] INFO  impl.RoleInfo (RoleInfo.java:updateAndGet(143)) - 194018c8-bd25-415f-9941-0e401fd1a71b: start FollowerState
2019-10-09 13:05:13,987 [Thread-951] INFO  impl.RoleInfo (RoleInfo.java:updateAndGet(143)) - 3eeab9a4-47d5-4980-9c6e-5102901e869a: start LeaderElection
2019-10-09 13:05:13,987 [Thread-944] INFO  impl.FollowerState (FollowerState.java:run(115)) - 194018c8-bd25-415f-9941-0e401fd1a71b: FollowerState was interrupted: java.lang.InterruptedException: sleep interrupted
2019-10-09 13:05:14,003 [Thread-953] INFO  impl.FollowerState (FollowerState.java:run(106)) - a951a5ca-0ab5-470b-9716-44f820a131a6:group-150B5479A3DB changes to CANDIDATE, lastRpcTime:5023, electionTimeout:5023ms
2019-10-09 13:05:14,003 [Thread-953] INFO  impl.RoleInfo (RoleInfo.java:shutdownFollowerState(121)) - a951a5ca-0ab5-470b-9716-44f820a131a6: shutdown FollowerState
2019-10-09 13:05:14,004 [Thread-953] INFO  impl.RaftServerImpl (RaftServerImpl.java:setRole(174)) - a951a5ca-0ab5-470b-9716-44f820a131a6@group-150B5479A3DB: changes role from  FOLLOWER to CANDIDATE at term 0 for changeToCandidate
2019-10-09 13:05:14,004 [Thread-953] INFO  impl.RoleInfo (RoleInfo.java:updateAndGet(143)) - a951a5ca-0ab5-470b-9716-44f820a131a6: start LeaderElection
2019-10-09 13:05:14,012 [3eeab9a4-47d5-4980-9c6e-5102901e869a@group-150B5479A3DB:LeaderElection82] INFO  impl.LeaderElection (LeaderElection.java:askForVotes(182)) - 3eeab9a4-47d5-4980-9c6e-5102901e869a@group-150B5479A3DB:LeaderElection82: begin an election at term 1 for -1: [194018c8-bd25-415f-9941-0e401fd1a71b:192.168.5.175:36608, a951a5ca-0ab5-470b-9716-44f820a131a6:192.168.5.175:37446, 3eeab9a4-47d5-4980-9c6e-5102901e869a:192.168.5.175:43254], old=null
2019-10-09 13:05:14,012 [3eeab9a4-47d5-4980-9c6e-5102901e869a@group-867FD2ADA018:LeaderElection81] INFO  impl.LeaderElection (LeaderElection.java:askForVotes(182)) - 3eeab9a4-47d5-4980-9c6e-5102901e869a@group-867FD2ADA018:LeaderElection81: begin an election at term 1 for -1: [194018c8-bd25-415f-9941-0e401fd1a71b:192.168.5.175:36608, 3eeab9a4-47d5-4980-9c6e-5102901e869a:192.168.5.175:43254, a951a5ca-0ab5-470b-9716-44f820a131a6:192.168.5.175:37446], old=null
2019-10-09 13:05:14,014 [a951a5ca-0ab5-470b-9716-44f820a131a6@group-867FD2ADA018:LeaderElection80] INFO  impl.LeaderElection (LeaderElection.java:logAndReturn(56)) - a951a5ca-0ab5-470b-9716-44f820a131a6@group-867FD2ADA018:LeaderElection80: Election PASSED; received 1 response(s) [a951a5ca-0ab5-470b-9716-44f820a131a6<-194018c8-bd25-415f-9941-0e401fd1a71b#0:OK-t1] and 0 exception(s); a951a5ca-0ab5-470b-9716-44f820a131a6@group-867FD2ADA018:t1, leader=null, voted=a951a5ca-0ab5-470b-9716-44f820a131a6, raftlog=a951a5ca-0ab5-470b-9716-44f820a131a6@group-867FD2ADA018-SegmentedRaftLog:OPENED:c-1,f-1,i0, conf=-1: [194018c8-bd25-415f-9941-0e401fd1a71b:192.168.5.175:36608, 3eeab9a4-47d5-4980-9c6e-5102901e869a:192.168.5.175:43254, a951a5ca-0ab5-470b-9716-44f820a131a6:192.168.5.175:37446], old=null
2019-10-09 13:05:14,015 [a951a5ca-0ab5-470b-9716-44f820a131a6@group-867FD2ADA018:LeaderElection80] INFO  impl.RoleInfo (RoleInfo.java:shutdownLeaderElection(134)) - a951a5ca-0ab5-470b-9716-44f820a131a6: shutdown LeaderElection
2019-10-09 13:05:14,015 [a951a5ca-0ab5-470b-9716-44f820a131a6@group-867FD2ADA018:LeaderElection80] INFO  impl.RaftServerImpl (RaftServerImpl.java:setRole(174)) - a951a5ca-0ab5-470b-9716-44f820a131a6@group-867FD2ADA018: changes role from CANDIDATE to LEADER at term 1 for changeToLeader
2019-10-09 13:05:14,015 [a951a5ca-0ab5-470b-9716-44f820a131a6@group-867FD2ADA018:LeaderElection80] INFO  impl.RaftServerImpl (ServerState.java:setLeader(253)) - a951a5ca-0ab5-470b-9716-44f820a131a6@group-867FD2ADA018: change Leader from null to a951a5ca-0ab5-470b-9716-44f820a131a6 at term 1 for becomeLeader, leader elected after 5108ms
2019-10-09 13:05:14,015 [a951a5ca-0ab5-470b-9716-44f820a131a6@group-150B5479A3DB:LeaderElection83] INFO  impl.LeaderElection (LeaderElection.java:askForVotes(182)) - a951a5ca-0ab5-470b-9716-44f820a131a6@group-150B5479A3DB:LeaderElection83: begin an election at term 1 for -1: [194018c8-bd25-415f-9941-0e401fd1a71b:192.168.5.175:36608, a951a5ca-0ab5-470b-9716-44f820a131a6:192.168.5.175:37446, 3eeab9a4-47d5-4980-9c6e-5102901e869a:192.168.5.175:43254], old=null
2019-10-09 13:05:14,015 [a951a5ca-0ab5-470b-9716-44f820a131a6@group-867FD2ADA018:LeaderElection80] INFO  server.RaftServerConfigKeys (ConfUtils.java:logGet(43)) - raft.server.staging.catchup.gap = 1000 (default)
2019-10-09 13:05:14,015 [grpc-default-executor-4] INFO  impl.RaftServerImpl (RaftServerImpl.java:setRole(174)) - 194018c8-bd25-415f-9941-0e401fd1a71b@group-150B5479A3DB: changes role from  FOLLOWER to FOLLOWER at term 1 for recognizeCandidate:3eeab9a4-47d5-4980-9c6e-5102901e869a
2019-10-09 13:05:14,016 [a951a5ca-0ab5-470b-9716-44f820a131a6@group-867FD2ADA018:LeaderElection80] INFO  server.RaftServerConfigKeys (ConfUtils.java:logGet(43)) - raft.server.rpc.sleep.time = 25ms (default)
2019-10-09 13:05:14,016 [grpc-default-executor-4] INFO  impl.RoleInfo (RoleInfo.java:shutdownFollowerState(121)) - 194018c8-bd25-415f-9941-0e401fd1a71b: shutdown FollowerState
2019-10-09 13:05:14,016 [a951a5ca-0ab5-470b-9716-44f820a131a6@group-867FD2ADA018:LeaderElection80] INFO  server.RaftServerConfigKeys (ConfUtils.java:logGet(43)) - raft.server.write.element-limit = 4096 (default)
2019-10-09 13:05:14,016 [Thread-948] INFO  impl.FollowerState (FollowerState.java:run(115)) - 194018c8-bd25-415f-9941-0e401fd1a71b: FollowerState was interrupted: java.lang.InterruptedException: sleep interrupted
2019-10-09 13:05:14,016 [a951a5ca-0ab5-470b-9716-44f820a131a6@group-867FD2ADA018:LeaderElection80] INFO  server.RaftServerConfigKeys (ConfUtils.java:logGet(43)) - raft.server.watch.timeout = 10s (default)
2019-10-09 13:05:14,016 [grpc-default-executor-4] INFO  impl.RoleInfo (RoleInfo.java:updateAndGet(143)) - 194018c8-bd25-415f-9941-0e401fd1a71b: start FollowerState
2019-10-09 13:05:14,017 [a951a5ca-0ab5-470b-9716-44f820a131a6@group-867FD2ADA018:LeaderElection80] INFO  server.RaftServerConfigKeys (ConfUtils.java:logGet(43)) - raft.server.watch.timeout.denomination = 1s (default)
2019-10-09 13:05:14,017 [a951a5ca-0ab5-470b-9716-44f820a131a6@group-867FD2ADA018:LeaderElection80] INFO  server.RaftServerConfigKeys (ConfUtils.java:logGet(43)) - raft.server.watch.element-limit = 65536 (default)
2019-10-09 13:05:14,027 [a951a5ca-0ab5-470b-9716-44f820a131a6@group-867FD2ADA018:LeaderElection80] INFO  server.RaftServerConfigKeys (ConfUtils.java:logGet(43)) - raft.server.log.appender.snapshot.chunk.size.max = 16MB (=16777216) (default)
2019-10-09 13:05:14,027 [a951a5ca-0ab5-470b-9716-44f820a131a6@group-867FD2ADA018:LeaderElection80] INFO  server.RaftServerConfigKeys (ConfUtils.java:logGet(43)) - raft.server.log.appender.buffer.byte-limit = 33554432 (custom)
2019-10-09 13:05:14,028 [a951a5ca-0ab5-470b-9716-44f820a131a6@group-867FD2ADA018:LeaderElection80] INFO  server.RaftServerConfigKeys (ConfUtils.java:logGet(43)) - raft.server.log.appender.buffer.element-limit = 1 (custom)
2019-10-09 13:05:14,028 [a951a5ca-0ab5-470b-9716-44f820a131a6@group-867FD2ADA018:LeaderElection80] INFO  grpc.GrpcConfigKeys$Server (ConfUtils.java:logGet(43)) - raft.grpc.server.leader.outstanding.appends.max = 128 (default)
2019-10-09 13:05:14,028 [a951a5ca-0ab5-470b-9716-44f820a131a6@group-867FD2ADA018:LeaderElection80] INFO  server.RaftServerConfigKeys (ConfUtils.java:logGet(43)) - raft.server.rpc.request.timeout = 3000ms (default)
2019-10-09 13:05:14,028 [a951a5ca-0ab5-470b-9716-44f820a131a6@group-867FD2ADA018:LeaderElection80] INFO  server.RaftServerConfigKeys (ConfUtils.java:logGet(43)) - raft.server.log.appender.install.snapshot.enabled = false (custom)
2019-10-09 13:05:14,029 [a951a5ca-0ab5-470b-9716-44f820a131a6@group-867FD2ADA018:LeaderElection80] INFO  server.RaftServerConfigKeys (ConfUtils.java:logGet(43)) - raft.server.log.appender.snapshot.chunk.size.max = 16MB (=16777216) (default)
2019-10-09 13:05:14,029 [a951a5ca-0ab5-470b-9716-44f820a131a6@group-867FD2ADA018:LeaderElection80] INFO  server.RaftServerConfigKeys (ConfUtils.java:logGet(43)) - raft.server.log.appender.buffer.byte-limit = 33554432 (custom)
2019-10-09 13:05:14,029 [a951a5ca-0ab5-470b-9716-44f820a131a6@group-867FD2ADA018:LeaderElection80] INFO  server.RaftServerConfigKeys (ConfUtils.java:logGet(43)) - raft.server.log.appender.buffer.element-limit = 1 (custom)
2019-10-09 13:05:14,029 [Thread-931] INFO  impl.FollowerState (FollowerState.java:run(106)) - a951a5ca-0ab5-470b-9716-44f820a131a6:group-FA60FACA7155 changes to CANDIDATE, lastRpcTime:5173, electionTimeout:5173ms
2019-10-09 13:05:14,029 [a951a5ca-0ab5-470b-9716-44f820a131a6@group-867FD2ADA018:LeaderElection80] INFO  grpc.GrpcConfigKeys$Server (ConfUtils.java:logGet(43)) - raft.grpc.server.leader.outstanding.appends.max = 128 (default)
2019-10-09 13:05:14,029 [Thread-931] INFO  impl.RoleInfo (RoleInfo.java:shutdownFollowerState(121)) - a951a5ca-0ab5-470b-9716-44f820a131a6: shutdown FollowerState
2019-10-09 13:05:14,029 [a951a5ca-0ab5-470b-9716-44f820a131a6@group-867FD2ADA018:LeaderElection80] INFO  server.RaftServerConfigKeys (ConfUtils.java:logGet(43)) - raft.server.rpc.request.timeout = 3000ms (default)
2019-10-09 13:05:14,029 [Thread-931] INFO  impl.RaftServerImpl (RaftServerImpl.java:setRole(174)) - a951a5ca-0ab5-470b-9716-44f820a131a6@group-FA60FACA7155: changes role from  FOLLOWER to CANDIDATE at term 0 for changeToCandidate
2019-10-09 13:05:14,030 [a951a5ca-0ab5-470b-9716-44f820a131a6@group-867FD2ADA018:LeaderElection80] INFO  server.RaftServerConfigKeys (ConfUtils.java:logGet(43)) - raft.server.log.appender.install.snapshot.enabled = false (custom)
2019-10-09 13:05:14,030 [Thread-931] INFO  impl.RoleInfo (RoleInfo.java:updateAndGet(143)) - a951a5ca-0ab5-470b-9716-44f820a131a6: start LeaderElection
2019-10-09 13:05:14,030 [a951a5ca-0ab5-470b-9716-44f820a131a6@group-867FD2ADA018:LeaderElection80] INFO  impl.RoleInfo (RoleInfo.java:updateAndGet(143)) - a951a5ca-0ab5-470b-9716-44f820a131a6: start LeaderState
2019-10-09 13:05:14,030 [a951a5ca-0ab5-470b-9716-44f820a131a6@group-867FD2ADA018:LeaderElection80] INFO  segmented.SegmentedRaftLogWorker (SegmentedRaftLogWorker.java:startLogSegment(380)) - a951a5ca-0ab5-470b-9716-44f820a131a6@group-867FD2ADA018-SegmentedRaftLogWorker: Starting segment from index:0
2019-10-09 13:05:14,032 [Thread-933] INFO  impl.FollowerState (FollowerState.java:run(106)) - 194018c8-bd25-415f-9941-0e401fd1a71b:group-FA60FACA7155 changes to CANDIDATE, lastRpcTime:5173, electionTimeout:5171ms
2019-10-09 13:05:14,033 [Thread-933] INFO  impl.RoleInfo (RoleInfo.java:shutdownFollowerState(121)) - 194018c8-bd25-415f-9941-0e401fd1a71b: shutdown FollowerState
2019-10-09 13:05:14,033 [Thread-933] INFO  impl.RaftServerImpl (RaftServerImpl.java:setRole(174)) - 194018c8-bd25-415f-9941-0e401fd1a71b@group-FA60FACA7155: changes role from  FOLLOWER to CANDIDATE at term 0 for changeToCandidate
2019-10-09 13:05:14,033 [a951a5ca-0ab5-470b-9716-44f820a131a6@group-867FD2ADA018:LeaderElection80] INFO  impl.RaftServerImpl (ServerState.java:setRaftConf(354)) - a951a5ca-0ab5-470b-9716-44f820a131a6@group-867FD2ADA018: set configuration 0: [194018c8-bd25-415f-9941-0e401fd1a71b:192.168.5.175:36608, 3eeab9a4-47d5-4980-9c6e-5102901e869a:192.168.5.175:43254, a951a5ca-0ab5-470b-9716-44f820a131a6:192.168.5.175:37446], old=null at 0
2019-10-09 13:05:14,033 [Thread-933] INFO  impl.RoleInfo (RoleInfo.java:updateAndGet(143)) - 194018c8-bd25-415f-9941-0e401fd1a71b: start LeaderElection
2019-10-09 13:05:14,033 [3eeab9a4-47d5-4980-9c6e-5102901e869a@group-150B5479A3DB:LeaderElection82] INFO  impl.LeaderElection (LeaderElection.java:logAndReturn(56)) - 3eeab9a4-47d5-4980-9c6e-5102901e869a@group-150B5479A3DB:LeaderElection82: Election PASSED; received 2 response(s) [3eeab9a4-47d5-4980-9c6e-5102901e869a<-194018c8-bd25-415f-9941-0e401fd1a71b#0:OK-t1, 3eeab9a4-47d5-4980-9c6e-5102901e869a<-a951a5ca-0ab5-470b-9716-44f820a131a6#0:FAIL-t1] and 0 exception(s); 3eeab9a4-47d5-4980-9c6e-5102901e869a@group-150B5479A3DB:t1, leader=null, voted=3eeab9a4-47d5-4980-9c6e-5102901e869a, raftlog=3eeab9a4-47d5-4980-9c6e-5102901e869a@group-150B5479A3DB-SegmentedRaftLog:OPENED:c-1,f-1,i0, conf=-1: [194018c8-bd25-415f-9941-0e401fd1a71b:192.168.5.175:36608, a951a5ca-0ab5-470b-9716-44f820a131a6:192.168.5.175:37446, 3eeab9a4-47d5-4980-9c6e-5102901e869a:192.168.5.175:43254], old=null
2019-10-09 13:05:14,034 [a951a5ca-0ab5-470b-9716-44f820a131a6@group-150B5479A3DB:LeaderElection83] INFO  impl.LeaderElection (LeaderElection.java:logAndReturn(56)) - a951a5ca-0ab5-470b-9716-44f820a131a6@group-150B5479A3DB:LeaderElection83: Election REJECTED; received 2 response(s) [a951a5ca-0ab5-470b-9716-44f820a131a6<-194018c8-bd25-415f-9941-0e401fd1a71b#0:FAIL-t1, a951a5ca-0ab5-470b-9716-44f820a131a6<-3eeab9a4-47d5-4980-9c6e-5102901e869a#0:FAIL-t1] and 0 exception(s); a951a5ca-0ab5-470b-9716-44f820a131a6@group-150B5479A3DB:t1, leader=null, voted=a951a5ca-0ab5-470b-9716-44f820a131a6, raftlog=a951a5ca-0ab5-470b-9716-44f820a131a6@group-150B5479A3DB-SegmentedRaftLog:OPENED:c-1,f-1,i0, conf=-1: [194018c8-bd25-415f-9941-0e401fd1a71b:192.168.5.175:36608, a951a5ca-0ab5-470b-9716-44f820a131a6:192.168.5.175:37446, 3eeab9a4-47d5-4980-9c6e-5102901e869a:192.168.5.175:43254], old=null
2019-10-09 13:05:14,033 [grpc-default-executor-9] INFO  impl.RaftServerImpl (RaftServerImpl.java:requestVote(758)) - a951a5ca-0ab5-470b-9716-44f820a131a6@group-867FD2ADA018-   LEADER: Withhold vote from candidate 3eeab9a4-47d5-4980-9c6e-5102901e869a with term 1. State: leader=a951a5ca-0ab5-470b-9716-44f820a131a6, term=1, lastRpcElapsed=null
2019-10-09 13:05:14,034 [a951a5ca-0ab5-470b-9716-44f820a131a6@group-150B5479A3DB:LeaderElection83] INFO  impl.RaftServerImpl (RaftServerImpl.java:setRole(174)) - a951a5ca-0ab5-470b-9716-44f820a131a6@group-150B5479A3DB: changes role from CANDIDATE to FOLLOWER at term 1 for DISCOVERED_A_NEW_TERM
2019-10-09 13:05:14,034 [3eeab9a4-47d5-4980-9c6e-5102901e869a@group-150B5479A3DB:LeaderElection82] INFO  impl.RoleInfo (RoleInfo.java:shutdownLeaderElection(134)) - 3eeab9a4-47d5-4980-9c6e-5102901e869a: shutdown LeaderElection
2019-10-09 13:05:14,064 [a951a5ca-0ab5-470b-9716-44f820a131a6@group-150B5479A3DB:LeaderElection83] INFO  impl.RoleInfo (RoleInfo.java:shutdownLeaderElection(134)) - a951a5ca-0ab5-470b-9716-44f820a131a6: shutdown LeaderElection
2019-10-09 13:05:14,064 [Thread-934] INFO  impl.FollowerState (FollowerState.java:run(106)) - 3eeab9a4-47d5-4980-9c6e-5102901e869a:group-FA60FACA7155 changes to CANDIDATE, lastRpcTime:5205, electionTimeout:5175ms
2019-10-09 13:05:14,064 [a951a5ca-0ab5-470b-9716-44f820a131a6@group-FA60FACA7155:LeaderElection84] INFO  impl.LeaderElection (LeaderElection.java:askForVotes(182)) - a951a5ca-0ab5-470b-9716-44f820a131a6@group-FA60FACA7155:LeaderElection84: begin an election at term 1 for -1: [194018c8-bd25-415f-9941-0e401fd1a71b:192.168.5.175:36608, 3eeab9a4-47d5-4980-9c6e-5102901e869a:192.168.5.175:43254, a951a5ca-0ab5-470b-9716-44f820a131a6:192.168.5.175:37446], old=null
2019-10-09 13:05:14,065 [Thread-934] INFO  impl.RoleInfo (RoleInfo.java:shutdownFollowerState(121)) - 3eeab9a4-47d5-4980-9c6e-5102901e869a: shutdown FollowerState
2019-10-09 13:05:14,065 [a951a5ca-0ab5-470b-9716-44f820a131a6@group-150B5479A3DB:LeaderElection83] INFO  impl.RoleInfo (RoleInfo.java:updateAndGet(143)) - a951a5ca-0ab5-470b-9716-44f820a131a6: start FollowerState
2019-10-09 13:05:14,065 [grpc-default-executor-9] INFO  impl.RaftServerImpl (RaftServerImpl.java:setRole(174)) - 3eeab9a4-47d5-4980-9c6e-5102901e869a@group-867FD2ADA018: changes role from CANDIDATE to FOLLOWER at term 1 for appendEntries
2019-10-09 13:05:14,065 [3eeab9a4-47d5-4980-9c6e-5102901e869a@group-150B5479A3DB:LeaderElection82] INFO  impl.RaftServerImpl (RaftServerImpl.java:setRole(174)) - 3eeab9a4-47d5-4980-9c6e-5102901e869a@group-150B5479A3DB: changes role from CANDIDATE to LEADER at term 1 for changeToLeader
2019-10-09 13:05:14,066 [grpc-default-executor-9] INFO  impl.RoleInfo (RoleInfo.java:shutdownLeaderElection(134)) - 3eeab9a4-47d5-4980-9c6e-5102901e869a: shutdown LeaderElection
2019-10-09 13:05:14,065 [grpc-default-executor-4] INFO  impl.RaftServerImpl (ServerState.java:setLeader(253)) - 194018c8-bd25-415f-9941-0e401fd1a71b@group-867FD2ADA018: change Leader from null to a951a5ca-0ab5-470b-9716-44f820a131a6 at term 1 for appendEntries, leader elected after 5158ms
2019-10-09 13:05:14,065 [3eeab9a4-47d5-4980-9c6e-5102901e869a@group-867FD2ADA018:LeaderElection81] INFO  impl.LeaderElection (LeaderElection.java:logAndReturn(56)) - 3eeab9a4-47d5-4980-9c6e-5102901e869a@group-867FD2ADA018:LeaderElection81: Election REJECTED; received 2 response(s) [3eeab9a4-47d5-4980-9c6e-5102901e869a<-194018c8-bd25-415f-9941-0e401fd1a71b#0:FAIL-t1, 3eeab9a4-47d5-4980-9c6e-5102901e869a<-a951a5ca-0ab5-470b-9716-44f820a131a6#0:FAIL-t1] and 0 exception(s); 3eeab9a4-47d5-4980-9c6e-5102901e869a@group-867FD2ADA018:t1, leader=null, voted=3eeab9a4-47d5-4980-9c6e-5102901e869a, raftlog=3eeab9a4-47d5-4980-9c6e-5102901e869a@group-867FD2ADA018-SegmentedRaftLog:OPENED:c-1,f-1,i0, conf=-1: [194018c8-bd25-415f-9941-0e401fd1a71b:192.168.5.175:36608, 3eeab9a4-47d5-4980-9c6e-5102901e869a:192.168.5.175:43254, a951a5ca-0ab5-470b-9716-44f820a131a6:192.168.5.175:37446], old=null
2019-10-09 13:05:14,065 [Thread-934] INFO  impl.RaftServerImpl (RaftServerImpl.java:setRole(174)) - 3eeab9a4-47d5-4980-9c6e-5102901e869a@group-FA60FACA7155: changes role from  FOLLOWER to CANDIDATE at term 0 for changeToCandidate
2019-10-09 13:05:14,066 [grpc-default-executor-9] INFO  impl.RoleInfo (RoleInfo.java:updateAndGet(143)) - 3eeab9a4-47d5-4980-9c6e-5102901e869a: start FollowerState
2019-10-09 13:05:14,066 [3eeab9a4-47d5-4980-9c6e-5102901e869a@group-150B5479A3DB:LeaderElection82] INFO  impl.RaftServerImpl (ServerState.java:setLeader(253)) - 3eeab9a4-47d5-4980-9c6e-5102901e869a@group-150B5479A3DB: change Leader from null to 3eeab9a4-47d5-4980-9c6e-5102901e869a at term 1 for becomeLeader, leader elected after 5097ms
2019-10-09 13:05:14,069 [grpc-default-executor-9] INFO  impl.RaftServerImpl (ServerState.java:setLeader(253)) - 3eeab9a4-47d5-4980-9c6e-5102901e869a@group-867FD2ADA018: change Leader from null to a951a5ca-0ab5-470b-9716-44f820a131a6 at term 1 for appendEntries, leader elected after 5162ms
2019-10-09 13:05:14,067 [Thread-934] INFO  impl.RoleInfo (RoleInfo.java:updateAndGet(143)) - 3eeab9a4-47d5-4980-9c6e-5102901e869a: start LeaderElection
2019-10-09 13:05:14,069 [3eeab9a4-47d5-4980-9c6e-5102901e869a@group-150B5479A3DB:LeaderElection82] INFO  server.RaftServerConfigKeys (ConfUtils.java:logGet(43)) - raft.server.staging.catchup.gap = 1000 (default)
2019-10-09 13:05:14,070 [3eeab9a4-47d5-4980-9c6e-5102901e869a@group-150B5479A3DB:LeaderElection82] INFO  server.RaftServerConfigKeys (ConfUtils.java:logGet(43)) - raft.server.rpc.sleep.time = 25ms (default)
2019-10-09 13:05:14,072 [grpc-default-executor-11] INFO  impl.RaftServerImpl (RaftServerImpl.java:setRole(174)) - 3eeab9a4-47d5-4980-9c6e-5102901e869a@group-FA60FACA7155: changes role from CANDIDATE to FOLLOWER at term 1 for recognizeCandidate:a951a5ca-0ab5-470b-9716-44f820a131a6
2019-10-09 13:05:14,072 [3eeab9a4-47d5-4980-9c6e-5102901e869a@group-150B5479A3DB:LeaderElection82] INFO  server.RaftServerConfigKeys (ConfUtils.java:logGet(43)) - raft.server.write.element-limit = 4096 (default)
2019-10-09 13:05:14,072 [grpc-default-executor-11] INFO  impl.RoleInfo (RoleInfo.java:shutdownLeaderElection(134)) - 3eeab9a4-47d5-4980-9c6e-5102901e869a: shutdown LeaderElection
2019-10-09 13:05:14,072 [3eeab9a4-47d5-4980-9c6e-5102901e869a@group-150B5479A3DB:LeaderElection82] INFO  server.RaftServerConfigKeys (ConfUtils.java:logGet(43)) - raft.server.watch.timeout = 10s (default)
2019-10-09 13:05:14,072 [grpc-default-executor-11] INFO  impl.RoleInfo (RoleInfo.java:updateAndGet(143)) - 3eeab9a4-47d5-4980-9c6e-5102901e869a: start FollowerState
2019-10-09 13:05:14,072 [3eeab9a4-47d5-4980-9c6e-5102901e869a@group-150B5479A3DB:LeaderElection82] INFO  server.RaftServerConfigKeys (ConfUtils.java:logGet(43)) - raft.server.watch.timeout.denomination = 1s (default)
2019-10-09 13:05:14,073 [3eeab9a4-47d5-4980-9c6e-5102901e869a@group-150B5479A3DB:LeaderElection82] INFO  server.RaftServerConfigKeys (ConfUtils.java:logGet(43)) - raft.server.watch.element-limit = 65536 (default)
2019-10-09 13:05:14,075 [grpc-default-executor-9] INFO  impl.RaftServerImpl (ServerState.java:setRaftConf(354)) - 194018c8-bd25-415f-9941-0e401fd1a71b@group-867FD2ADA018: set configuration 0: [194018c8-bd25-415f-9941-0e401fd1a71b:192.168.5.175:36608, 3eeab9a4-47d5-4980-9c6e-5102901e869a:192.168.5.175:43254, a951a5ca-0ab5-470b-9716-44f820a131a6:192.168.5.175:37446], old=null at 0
2019-10-09 13:05:14,075 [grpc-default-executor-9] INFO  segmented.SegmentedRaftLogWorker (SegmentedRaftLogWorker.java:startLogSegment(380)) - 194018c8-bd25-415f-9941-0e401fd1a71b@group-867FD2ADA018-SegmentedRaftLogWorker: Starting segment from index:0
2019-10-09 13:05:14,076 [grpc-default-executor-10] INFO  impl.RaftServerImpl (ServerState.java:setRaftConf(354)) - 3eeab9a4-47d5-4980-9c6e-5102901e869a@group-867FD2ADA018: set configuration 0: [194018c8-bd25-415f-9941-0e401fd1a71b:192.168.5.175:36608, 3eeab9a4-47d5-4980-9c6e-5102901e869a:192.168.5.175:43254, a951a5ca-0ab5-470b-9716-44f820a131a6:192.168.5.175:37446], old=null at 0
2019-10-09 13:05:14,076 [194018c8-bd25-415f-9941-0e401fd1a71b@group-FA60FACA7155:LeaderElection85] INFO  impl.LeaderElection (LeaderElection.java:askForVotes(182)) - 194018c8-bd25-415f-9941-0e401fd1a71b@group-FA60FACA7155:LeaderElection85: begin an election at term 1 for -1: [194018c8-bd25-415f-9941-0e401fd1a71b:192.168.5.175:36608, 3eeab9a4-47d5-4980-9c6e-5102901e869a:192.168.5.175:43254, a951a5ca-0ab5-470b-9716-44f820a131a6:192.168.5.175:37446], old=null
2019-10-09 13:05:14,076 [a951a5ca-0ab5-470b-9716-44f820a131a6@group-867FD2ADA018-SegmentedRaftLogWorker] INFO  segmented.SegmentedRaftLogWorker (SegmentedRaftLogWorker.java:execute(569)) - a951a5ca-0ab5-470b-9716-44f820a131a6@group-867FD2ADA018-SegmentedRaftLogWorker: created new log segment /workdir/hadoop-ozone/integration-test/target/test-dir/MiniOzoneClusterImpl-92c4d179-1d16-4416-8bce-4538b25b782c/datanode-5/data/ratis/efeb12e1-b1df-4135-b5eb-867fd2ada018/current/log_inprogress_0
2019-10-09 13:05:14,102 [grpc-default-executor-10] INFO  segmented.SegmentedRaftLogWorker (SegmentedRaftLogWorker.java:startLogSegment(380)) - 3eeab9a4-47d5-4980-9c6e-5102901e869a@group-867FD2ADA018-SegmentedRaftLogWorker: Starting segment from index:0
2019-10-09 13:05:14,103 [a951a5ca-0ab5-470b-9716-44f820a131a6@group-FA60FACA7155:LeaderElection84] INFO  impl.LeaderElection (LeaderElection.java:logAndReturn(56)) - a951a5ca-0ab5-470b-9716-44f820a131a6@group-FA60FACA7155:LeaderElection84: Election REJECTED; received 2 response(s) [a951a5ca-0ab5-470b-9716-44f820a131a6<-194018c8-bd25-415f-9941-0e401fd1a71b#0:FAIL-t1, a951a5ca-0ab5-470b-9716-44f820a131a6<-3eeab9a4-47d5-4980-9c6e-5102901e869a#0:FAIL-t1] and 0 exception(s); a951a5ca-0ab5-470b-9716-44f820a131a6@group-FA60FACA7155:t1, leader=null, voted=a951a5ca-0ab5-470b-9716-44f820a131a6, raftlog=a951a5ca-0ab5-470b-9716-44f820a131a6@group-FA60FACA7155-SegmentedRaftLog:OPENED:c-1,f-1,i0, conf=-1: [194018c8-bd25-415f-9941-0e401fd1a71b:192.168.5.175:36608, 3eeab9a4-47d5-4980-9c6e-5102901e869a:192.168.5.175:43254, a951a5ca-0ab5-470b-9716-44f820a131a6:192.168.5.175:37446], old=null
2019-10-09 13:05:14,103 [a951a5ca-0ab5-470b-9716-44f820a131a6@group-FA60FACA7155:LeaderElection84] INFO  impl.RaftServerImpl (RaftServerImpl.java:setRole(174)) - a951a5ca-0ab5-470b-9716-44f820a131a6@group-FA60FACA7155: changes role from CANDIDATE to FOLLOWER at term 1 for DISCOVERED_A_NEW_TERM
2019-10-09 13:05:14,103 [a951a5ca-0ab5-470b-9716-44f820a131a6@group-FA60FACA7155:LeaderElection84] INFO  impl.RoleInfo (RoleInfo.java:shutdownLeaderElection(134)) - a951a5ca-0ab5-470b-9716-44f820a131a6: shutdown LeaderElection
2019-10-09 13:05:14,103 [a951a5ca-0ab5-470b-9716-44f820a131a6@group-FA60FACA7155:LeaderElection84] INFO  impl.RoleInfo (RoleInfo.java:updateAndGet(143)) - a951a5ca-0ab5-470b-9716-44f820a131a6: start FollowerState
2019-10-09 13:05:14,104 [3eeab9a4-47d5-4980-9c6e-5102901e869a@group-150B5479A3DB:LeaderElection82] INFO  server.RaftServerConfigKeys (ConfUtils.java:logGet(43)) - raft.server.log.appender.snapshot.chunk.size.max = 16MB (=16777216) (default)
2019-10-09 13:05:14,105 [3eeab9a4-47d5-4980-9c6e-5102901e869a@group-150B5479A3DB:LeaderElection82] INFO  server.RaftServerConfigKeys (ConfUtils.java:logGet(43)) - raft.server.log.appender.buffer.byte-limit = 33554432 (custom)
2019-10-09 13:05:14,105 [3eeab9a4-47d5-4980-9c6e-5102901e869a@group-150B5479A3DB:LeaderElection82] INFO  server.RaftServerConfigKeys (ConfUtils.java:logGet(43)) - raft.server.log.appender.buffer.element-limit = 1 (custom)
2019-10-09 13:05:14,105 [3eeab9a4-47d5-4980-9c6e-5102901e869a@group-150B5479A3DB:LeaderElection82] INFO  grpc.GrpcConfigKeys$Server (ConfUtils.java:logGet(43)) - raft.grpc.server.leader.outstanding.appends.max = 128 (default)
2019-10-09 13:05:14,128 [194018c8-bd25-415f-9941-0e401fd1a71b@group-867FD2ADA018-SegmentedRaftLogWorker] INFO  segmented.SegmentedRaftLogWorker (SegmentedRaftLogWorker.java:execute(569)) - 194018c8-bd25-415f-9941-0e401fd1a71b@group-867FD2ADA018-SegmentedRaftLogWorker: created new log segment /workdir/hadoop-ozone/integration-test/target/test-dir/MiniOzoneClusterImpl-92c4d179-1d16-4416-8bce-4538b25b782c/datanode-3/data/ratis/efeb12e1-b1df-4135-b5eb-867fd2ada018/current/log_inprogress_0
2019-10-09 13:05:14,128 [3eeab9a4-47d5-4980-9c6e-5102901e869a@group-150B5479A3DB:LeaderElection82] INFO  server.RaftServerConfigKeys (ConfUtils.java:logGet(43)) - raft.server.rpc.request.timeout = 3000ms (default)
2019-10-09 13:05:14,128 [3eeab9a4-47d5-4980-9c6e-5102901e869a@group-FA60FACA7155:LeaderElection86] INFO  impl.LeaderElection (LeaderElection.java:askForVotes(182)) - 3eeab9a4-47d5-4980-9c6e-5102901e869a@group-FA60FACA7155:LeaderElection86: begin an election at term 2 for -1: [194018c8-bd25-415f-9941-0e401fd1a71b:192.168.5.175:36608, 3eeab9a4-47d5-4980-9c6e-5102901e869a:192.168.5.175:43254, a951a5ca-0ab5-470b-9716-44f820a131a6:192.168.5.175:37446], old=null
2019-10-09 13:05:14,128 [3eeab9a4-47d5-4980-9c6e-5102901e869a@group-150B5479A3DB:LeaderElection82] INFO  server.RaftServerConfigKeys (ConfUtils.java:logGet(43)) - raft.server.log.appender.install.snapshot.enabled = false (custom)
2019-10-09 13:05:14,129 [3eeab9a4-47d5-4980-9c6e-5102901e869a@group-150B5479A3DB:LeaderElection82] INFO  server.RaftServerConfigKeys (ConfUtils.java:logGet(43)) - raft.server.log.appender.snapshot.chunk.size.max = 16MB (=16777216) (default)
2019-10-09 13:05:14,131 [3eeab9a4-47d5-4980-9c6e-5102901e869a@group-150B5479A3DB:LeaderElection82] INFO  server.RaftServerConfigKeys (ConfUtils.java:logGet(43)) - raft.server.log.appender.buffer.byte-limit = 33554432 (custom)
2019-10-09 13:05:14,131 [3eeab9a4-47d5-4980-9c6e-5102901e869a@group-FA60FACA7155:LeaderElection86] INFO  impl.LeaderElection (LeaderElection.java:logAndReturn(56)) - 3eeab9a4-47d5-4980-9c6e-5102901e869a@group-FA60FACA7155:LeaderElection86: Election REJECTED; received 0 response(s) [] and 0 exception(s); 3eeab9a4-47d5-4980-9c6e-5102901e869a@group-FA60FACA7155:t2, leader=null, voted=3eeab9a4-47d5-4980-9c6e-5102901e869a, raftlog=3eeab9a4-47d5-4980-9c6e-5102901e869a@group-FA60FACA7155-SegmentedRaftLog:OPENED:c-1,f-1,i0, conf=-1: [194018c8-bd25-415f-9941-0e401fd1a71b:192.168.5.175:36608, 3eeab9a4-47d5-4980-9c6e-5102901e869a:192.168.5.175:43254, a951a5ca-0ab5-470b-9716-44f820a131a6:192.168.5.175:37446], old=null
2019-10-09 13:05:14,131 [3eeab9a4-47d5-4980-9c6e-5102901e869a@group-150B5479A3DB:LeaderElection82] INFO  server.RaftServerConfigKeys (ConfUtils.java:logGet(43)) - raft.server.log.appender.buffer.element-limit = 1 (custom)
2019-10-09 13:05:14,131 [194018c8-bd25-415f-9941-0e401fd1a71b@group-FA60FACA7155:LeaderElection85] INFO  impl.LeaderElection (LeaderElection.java:logAndReturn(56)) - 194018c8-bd25-415f-9941-0e401fd1a71b@group-FA60FACA7155:LeaderElection85: Election DISCOVERED_A_NEW_TERM; received 2 response(s) [194018c8-bd25-415f-9941-0e401fd1a71b<-a951a5ca-0ab5-470b-9716-44f820a131a6#0:FAIL-t1, 194018c8-bd25-415f-9941-0e401fd1a71b<-3eeab9a4-47d5-4980-9c6e-5102901e869a#0:FAIL-t2] and 0 exception(s); 194018c8-bd25-415f-9941-0e401fd1a71b@group-FA60FACA7155:t1, leader=null, voted=194018c8-bd25-415f-9941-0e401fd1a71b, raftlog=194018c8-bd25-415f-9941-0e401fd1a71b@group-FA60FACA7155-SegmentedRaftLog:OPENED:c-1,f-1,i0, conf=-1: [194018c8-bd25-415f-9941-0e401fd1a71b:192.168.5.175:36608, 3eeab9a4-47d5-4980-9c6e-5102901e869a:192.168.5.175:43254, a951a5ca-0ab5-470b-9716-44f820a131a6:192.168.5.175:37446], old=null
2019-10-09 13:05:14,131 [3eeab9a4-47d5-4980-9c6e-5102901e869a@group-150B5479A3DB:LeaderElection82] INFO  grpc.GrpcConfigKeys$Server (ConfUtils.java:logGet(43)) - raft.grpc.server.leader.outstanding.appends.max = 128 (default)
2019-10-09 13:05:14,131 [194018c8-bd25-415f-9941-0e401fd1a71b@group-FA60FACA7155:LeaderElection85] INFO  impl.RaftServerImpl (RaftServerImpl.java:setRole(174)) - 194018c8-bd25-415f-9941-0e401fd1a71b@group-FA60FACA7155: changes role from CANDIDATE to FOLLOWER at term 2 for DISCOVERED_A_NEW_TERM
2019-10-09 13:05:14,132 [3eeab9a4-47d5-4980-9c6e-5102901e869a@group-150B5479A3DB:LeaderElection82] INFO  server.RaftServerConfigKeys (ConfUtils.java:logGet(43)) - raft.server.rpc.request.timeout = 3000ms (default)
2019-10-09 13:05:14,132 [194018c8-bd25-415f-9941-0e401fd1a71b@group-FA60FACA7155:LeaderElection85] INFO  impl.RoleInfo (RoleInfo.java:shutdownLeaderElection(134)) - 194018c8-bd25-415f-9941-0e401fd1a71b: shutdown LeaderElection
2019-10-09 13:05:14,132 [3eeab9a4-47d5-4980-9c6e-5102901e869a@group-150B5479A3DB:LeaderElection82] INFO  server.RaftServerConfigKeys (ConfUtils.java:logGet(43)) - raft.server.log.appender.install.snapshot.enabled = false (custom)
2019-10-09 13:05:14,132 [194018c8-bd25-415f-9941-0e401fd1a71b@group-FA60FACA7155:LeaderElection85] INFO  impl.RoleInfo (RoleInfo.java:updateAndGet(143)) - 194018c8-bd25-415f-9941-0e401fd1a71b: start FollowerState
2019-10-09 13:05:14,132 [3eeab9a4-47d5-4980-9c6e-5102901e869a@group-150B5479A3DB:LeaderElection82] INFO  impl.RoleInfo (RoleInfo.java:updateAndGet(143)) - 3eeab9a4-47d5-4980-9c6e-5102901e869a: start LeaderState
2019-10-09 13:05:14,132 [3eeab9a4-47d5-4980-9c6e-5102901e869a@group-150B5479A3DB:LeaderElection82] INFO  segmented.SegmentedRaftLogWorker (SegmentedRaftLogWorker.java:startLogSegment(380)) - 3eeab9a4-47d5-4980-9c6e-5102901e869a@group-150B5479A3DB-SegmentedRaftLogWorker: Starting segment from index:0
2019-10-09 13:05:14,133 [grpc-default-executor-11] INFO  impl.RaftServerImpl (RaftServerImpl.java:setRole(174)) - a951a5ca-0ab5-470b-9716-44f820a131a6@group-FA60FACA7155: changes role from  FOLLOWER to FOLLOWER at term 2 for recognizeCandidate:3eeab9a4-47d5-4980-9c6e-5102901e869a
2019-10-09 13:05:14,133 [grpc-default-executor-11] INFO  impl.RoleInfo (RoleInfo.java:shutdownFollowerState(121)) - a951a5ca-0ab5-470b-9716-44f820a131a6: shutdown FollowerState
2019-10-09 13:05:14,133 [grpc-default-executor-11] INFO  impl.RoleInfo (RoleInfo.java:updateAndGet(143)) - a951a5ca-0ab5-470b-9716-44f820a131a6: start FollowerState
2019-10-09 13:05:14,133 [3eeab9a4-47d5-4980-9c6e-5102901e869a@group-150B5479A3DB:LeaderElection82] INFO  impl.RaftServerImpl (ServerState.java:setRaftConf(354)) - 3eeab9a4-47d5-4980-9c6e-5102901e869a@group-150B5479A3DB: set configuration 0: [194018c8-bd25-415f-9941-0e401fd1a71b:192.168.5.175:36608, a951a5ca-0ab5-470b-9716-44f820a131a6:192.168.5.175:37446, 3eeab9a4-47d5-4980-9c6e-5102901e869a:192.168.5.175:43254], old=null at 0
2019-10-09 13:05:14,133 [Thread-1086] INFO  impl.FollowerState (FollowerState.java:run(115)) - a951a5ca-0ab5-470b-9716-44f820a131a6: FollowerState was interrupted: java.lang.InterruptedException: sleep interrupted
2019-10-09 13:05:14,157 [3eeab9a4-47d5-4980-9c6e-5102901e869a@group-867FD2ADA018-SegmentedRaftLogWorker] INFO  segmented.SegmentedRaftLogWorker (SegmentedRaftLogWorker.java:execute(569)) - 3eeab9a4-47d5-4980-9c6e-5102901e869a@group-867FD2ADA018-SegmentedRaftLogWorker: created new log segment /workdir/hadoop-ozone/integration-test/target/test-dir/MiniOzoneClusterImpl-92c4d179-1d16-4416-8bce-4538b25b782c/datanode-4/data/ratis/efeb12e1-b1df-4135-b5eb-867fd2ada018/current/log_inprogress_0
2019-10-09 13:05:14,158 [grpc-default-executor-10] INFO  impl.RaftServerImpl (RaftServerImpl.java:setRole(174)) - 194018c8-bd25-415f-9941-0e401fd1a71b@group-FA60FACA7155: changes role from  FOLLOWER to FOLLOWER at term 2 for recognizeCandidate:3eeab9a4-47d5-4980-9c6e-5102901e869a
2019-10-09 13:05:14,158 [grpc-default-executor-10] INFO  impl.RoleInfo (RoleInfo.java:shutdownFollowerState(121)) - 194018c8-bd25-415f-9941-0e401fd1a71b: shutdown FollowerState
2019-10-09 13:05:14,158 [grpc-default-executor-10] INFO  impl.RoleInfo (RoleInfo.java:updateAndGet(143)) - 194018c8-bd25-415f-9941-0e401fd1a71b: start FollowerState
2019-10-09 13:05:14,158 [Thread-1091] INFO  impl.FollowerState (FollowerState.java:run(115)) - 194018c8-bd25-415f-9941-0e401fd1a71b: FollowerState was interrupted: java.lang.InterruptedException: sleep interrupted
2019-10-09 13:05:14,160 [grpc-default-executor-4] INFO  impl.RaftServerImpl (ServerState.java:setLeader(253)) - a951a5ca-0ab5-470b-9716-44f820a131a6@group-150B5479A3DB: change Leader from null to 3eeab9a4-47d5-4980-9c6e-5102901e869a at term 1 for appendEntries, leader elected after 5191ms
2019-10-09 13:05:14,161 [grpc-default-executor-4] INFO  impl.RaftServerImpl (ServerState.java:setLeader(253)) - 194018c8-bd25-415f-9941-0e401fd1a71b@group-150B5479A3DB: change Leader from null to 3eeab9a4-47d5-4980-9c6e-5102901e869a at term 1 for appendEntries, leader elected after 5192ms
2019-10-09 13:05:14,164 [grpc-default-executor-4] INFO  impl.RaftServerImpl (ServerState.java:setRaftConf(354)) - a951a5ca-0ab5-470b-9716-44f820a131a6@group-150B5479A3DB: set configuration 0: [194018c8-bd25-415f-9941-0e401fd1a71b:192.168.5.175:36608, a951a5ca-0ab5-470b-9716-44f820a131a6:192.168.5.175:37446, 3eeab9a4-47d5-4980-9c6e-5102901e869a:192.168.5.175:43254], old=null at 0
2019-10-09 13:05:14,164 [grpc-default-executor-4] INFO  segmented.SegmentedRaftLogWorker (SegmentedRaftLogWorker.java:startLogSegment(380)) - a951a5ca-0ab5-470b-9716-44f820a131a6@group-150B5479A3DB-SegmentedRaftLogWorker: Starting segment from index:0
2019-10-09 13:05:14,164 [grpc-default-executor-9] INFO  impl.RaftServerImpl (ServerState.java:setRaftConf(354)) - 194018c8-bd25-415f-9941-0e401fd1a71b@group-150B5479A3DB: set configuration 0: [194018c8-bd25-415f-9941-0e401fd1a71b:192.168.5.175:36608, a951a5ca-0ab5-470b-9716-44f820a131a6:192.168.5.175:37446, 3eeab9a4-47d5-4980-9c6e-5102901e869a:192.168.5.175:43254], old=null at 0
2019-10-09 13:05:14,165 [grpc-default-executor-9] INFO  segmented.SegmentedRaftLogWorker (SegmentedRaftLogWorker.java:startLogSegment(380)) - 194018c8-bd25-415f-9941-0e401fd1a71b@group-150B5479A3DB-SegmentedRaftLogWorker: Starting segment from index:0
2019-10-09 13:05:14,170 [3eeab9a4-47d5-4980-9c6e-5102901e869a@group-150B5479A3DB-SegmentedRaftLogWorker] INFO  segmented.SegmentedRaftLogWorker (SegmentedRaftLogWorker.java:execute(569)) - 3eeab9a4-47d5-4980-9c6e-5102901e869a@group-150B5479A3DB-SegmentedRaftLogWorker: created new log segment /workdir/hadoop-ozone/integration-test/target/test-dir/MiniOzoneClusterImpl-92c4d179-1d16-4416-8bce-4538b25b782c/datanode-4/data/ratis/64310bd5-a2d3-4962-84b2-150b5479a3db/current/log_inprogress_0
2019-10-09 13:05:14,211 [Thread-962] INFO  impl.FollowerState (FollowerState.java:run(106)) - a951a5ca-0ab5-470b-9716-44f820a131a6:group-351DCE0CA7C1 changes to CANDIDATE, lastRpcTime:5155, electionTimeout:5155ms
2019-10-09 13:05:14,211 [Thread-962] INFO  impl.RoleInfo (RoleInfo.java:shutdownFollowerState(121)) - a951a5ca-0ab5-470b-9716-44f820a131a6: shutdown FollowerState
2019-10-09 13:05:14,211 [Thread-962] INFO  impl.RaftServerImpl (RaftServerImpl.java:setRole(174)) - a951a5ca-0ab5-470b-9716-44f820a131a6@group-351DCE0CA7C1: changes role from  FOLLOWER to CANDIDATE at term 0 for changeToCandidate
2019-10-09 13:05:14,211 [Thread-962] INFO  impl.RoleInfo (RoleInfo.java:updateAndGet(143)) - a951a5ca-0ab5-470b-9716-44f820a131a6: start LeaderElection
2019-10-09 13:05:14,214 [a951a5ca-0ab5-470b-9716-44f820a131a6@group-150B5479A3DB-SegmentedRaftLogWorker] INFO  segmented.SegmentedRaftLogWorker (SegmentedRaftLogWorker.java:execute(569)) - a951a5ca-0ab5-470b-9716-44f820a131a6@group-150B5479A3DB-SegmentedRaftLogWorker: created new log segment /workdir/hadoop-ozone/integration-test/target/test-dir/MiniOzoneClusterImpl-92c4d179-1d16-4416-8bce-4538b25b782c/datanode-5/data/ratis/64310bd5-a2d3-4962-84b2-150b5479a3db/current/log_inprogress_0
2019-10-09 13:05:14,214 [194018c8-bd25-415f-9941-0e401fd1a71b@group-150B5479A3DB-SegmentedRaftLogWorker] INFO  segmented.SegmentedRaftLogWorker (SegmentedRaftLogWorker.java:execute(569)) - 194018c8-bd25-415f-9941-0e401fd1a71b@group-150B5479A3DB-SegmentedRaftLogWorker: created new log segment /workdir/hadoop-ozone/integration-test/target/test-dir/MiniOzoneClusterImpl-92c4d179-1d16-4416-8bce-4538b25b782c/datanode-3/data/ratis/64310bd5-a2d3-4962-84b2-150b5479a3db/current/log_inprogress_0
2019-10-09 13:05:14,223 [Thread-958] INFO  impl.FollowerState (FollowerState.java:run(106)) - 194018c8-bd25-415f-9941-0e401fd1a71b:group-351DCE0CA7C1 changes to CANDIDATE, lastRpcTime:5169, electionTimeout:5169ms
2019-10-09 13:05:14,223 [Thread-958] INFO  impl.RoleInfo (RoleInfo.java:shutdownFollowerState(121)) - 194018c8-bd25-415f-9941-0e401fd1a71b: shutdown FollowerState
2019-10-09 13:05:14,223 [Thread-958] INFO  impl.RaftServerImpl (RaftServerImpl.java:setRole(174)) - 194018c8-bd25-415f-9941-0e401fd1a71b@group-351DCE0CA7C1: changes role from  FOLLOWER to CANDIDATE at term 0 for changeToCandidate
2019-10-09 13:05:14,223 [Thread-958] INFO  impl.RoleInfo (RoleInfo.java:updateAndGet(143)) - 194018c8-bd25-415f-9941-0e401fd1a71b: start LeaderElection
2019-10-09 13:05:14,238 [194018c8-bd25-415f-9941-0e401fd1a71b@group-351DCE0CA7C1:LeaderElection88] INFO  impl.LeaderElection (LeaderElection.java:askForVotes(182)) - 194018c8-bd25-415f-9941-0e401fd1a71b@group-351DCE0CA7C1:LeaderElection88: begin an election at term 1 for -1: [194018c8-bd25-415f-9941-0e401fd1a71b:192.168.5.175:36608, a951a5ca-0ab5-470b-9716-44f820a131a6:192.168.5.175:37446, 3eeab9a4-47d5-4980-9c6e-5102901e869a:192.168.5.175:43254], old=null
2019-10-09 13:05:14,238 [a951a5ca-0ab5-470b-9716-44f820a131a6@group-351DCE0CA7C1:LeaderElection87] INFO  impl.LeaderElection (LeaderElection.java:askForVotes(182)) - a951a5ca-0ab5-470b-9716-44f820a131a6@group-351DCE0CA7C1:LeaderElection87: begin an election at term 1 for -1: [194018c8-bd25-415f-9941-0e401fd1a71b:192.168.5.175:36608, a951a5ca-0ab5-470b-9716-44f820a131a6:192.168.5.175:37446, 3eeab9a4-47d5-4980-9c6e-5102901e869a:192.168.5.175:43254], old=null
2019-10-09 13:05:14,240 [Thread-960] INFO  impl.FollowerState (FollowerState.java:run(106)) - 3eeab9a4-47d5-4980-9c6e-5102901e869a:group-351DCE0CA7C1 changes to CANDIDATE, lastRpcTime:5185, electionTimeout:5185ms
2019-10-09 13:05:14,240 [Thread-960] INFO  impl.RoleInfo (RoleInfo.java:shutdownFollowerState(121)) - 3eeab9a4-47d5-4980-9c6e-5102901e869a: shutdown FollowerState
2019-10-09 13:05:14,240 [Thread-960] INFO  impl.RaftServerImpl (RaftServerImpl.java:setRole(174)) - 3eeab9a4-47d5-4980-9c6e-5102901e869a@group-351DCE0CA7C1: changes role from  FOLLOWER to CANDIDATE at term 0 for changeToCandidate
2019-10-09 13:05:14,240 [Thread-960] INFO  impl.RoleInfo (RoleInfo.java:updateAndGet(143)) - 3eeab9a4-47d5-4980-9c6e-5102901e869a: start LeaderElection
2019-10-09 13:05:14,258 [3eeab9a4-47d5-4980-9c6e-5102901e869a@group-351DCE0CA7C1:LeaderElection89] INFO  impl.LeaderElection (LeaderElection.java:askForVotes(182)) - 3eeab9a4-47d5-4980-9c6e-5102901e869a@group-351DCE0CA7C1:LeaderElection89: begin an election at term 1 for -1: [194018c8-bd25-415f-9941-0e401fd1a71b:192.168.5.175:36608, a951a5ca-0ab5-470b-9716-44f820a131a6:192.168.5.175:37446, 3eeab9a4-47d5-4980-9c6e-5102901e869a:192.168.5.175:43254], old=null
2019-10-09 13:05:14,261 [a951a5ca-0ab5-470b-9716-44f820a131a6@group-351DCE0CA7C1:LeaderElection87] INFO  impl.LeaderElection (LeaderElection.java:logAndReturn(56)) - a951a5ca-0ab5-470b-9716-44f820a131a6@group-351DCE0CA7C1:LeaderElection87: Election REJECTED; received 2 response(s) [a951a5ca-0ab5-470b-9716-44f820a131a6<-194018c8-bd25-415f-9941-0e401fd1a71b#0:FAIL-t1, a951a5ca-0ab5-470b-9716-44f820a131a6<-3eeab9a4-47d5-4980-9c6e-5102901e869a#0:FAIL-t1] and 0 exception(s); a951a5ca-0ab5-470b-9716-44f820a131a6@group-351DCE0CA7C1:t1, leader=null, voted=a951a5ca-0ab5-470b-9716-44f820a131a6, raftlog=a951a5ca-0ab5-470b-9716-44f820a131a6@group-351DCE0CA7C1-SegmentedRaftLog:OPENED:c-1,f-1,i0, conf=-1: [194018c8-bd25-415f-9941-0e401fd1a71b:192.168.5.175:36608, a951a5ca-0ab5-470b-9716-44f820a131a6:192.168.5.175:37446, 3eeab9a4-47d5-4980-9c6e-5102901e869a:192.168.5.175:43254], old=null
2019-10-09 13:05:14,261 [194018c8-bd25-415f-9941-0e401fd1a71b@group-351DCE0CA7C1:LeaderElection88] INFO  impl.LeaderElection (LeaderElection.java:logAndReturn(56)) - 194018c8-bd25-415f-9941-0e401fd1a71b@group-351DCE0CA7C1:LeaderElection88: Election REJECTED; received 2 response(s) [194018c8-bd25-415f-9941-0e401fd1a71b<-a951a5ca-0ab5-470b-9716-44f820a131a6#0:FAIL-t1, 194018c8-bd25-415f-9941-0e401fd1a71b<-3eeab9a4-47d5-4980-9c6e-5102901e869a#0:FAIL-t1] and 0 exception(s); 194018c8-bd25-415f-9941-0e401fd1a71b@group-351DCE0CA7C1:t1, leader=null, voted=194018c8-bd25-415f-9941-0e401fd1a71b, raftlog=194018c8-bd25-415f-9941-0e401fd1a71b@group-351DCE0CA7C1-SegmentedRaftLog:OPENED:c-1,f-1,i0, conf=-1: [194018c8-bd25-415f-9941-0e401fd1a71b:192.168.5.175:36608, a951a5ca-0ab5-470b-9716-44f820a131a6:192.168.5.175:37446, 3eeab9a4-47d5-4980-9c6e-5102901e869a:192.168.5.175:43254], old=null
2019-10-09 13:05:14,261 [a951a5ca-0ab5-470b-9716-44f820a131a6@group-351DCE0CA7C1:LeaderElection87] INFO  impl.RaftServerImpl (RaftServerImpl.java:setRole(174)) - a951a5ca-0ab5-470b-9716-44f820a131a6@group-351DCE0CA7C1: changes role from CANDIDATE to FOLLOWER at term 1 for DISCOVERED_A_NEW_TERM
2019-10-09 13:05:14,262 [194018c8-bd25-415f-9941-0e401fd1a71b@group-351DCE0CA7C1:LeaderElection88] INFO  impl.RaftServerImpl (RaftServerImpl.java:setRole(174)) - 194018c8-bd25-415f-9941-0e401fd1a71b@group-351DCE0CA7C1: changes role from CANDIDATE to FOLLOWER at term 1 for DISCOVERED_A_NEW_TERM
2019-10-09 13:05:14,262 [a951a5ca-0ab5-470b-9716-44f820a131a6@group-351DCE0CA7C1:LeaderElection87] INFO  impl.RoleInfo (RoleInfo.java:shutdownLeaderElection(134)) - a951a5ca-0ab5-470b-9716-44f820a131a6: shutdown LeaderElection
2019-10-09 13:05:14,262 [194018c8-bd25-415f-9941-0e401fd1a71b@group-351DCE0CA7C1:LeaderElection88] INFO  impl.RoleInfo (RoleInfo.java:shutdownLeaderElection(134)) - 194018c8-bd25-415f-9941-0e401fd1a71b: shutdown LeaderElection
2019-10-09 13:05:14,262 [a951a5ca-0ab5-470b-9716-44f820a131a6@group-351DCE0CA7C1:LeaderElection87] INFO  impl.RoleInfo (RoleInfo.java:updateAndGet(143)) - a951a5ca-0ab5-470b-9716-44f820a131a6: start FollowerState
2019-10-09 13:05:14,262 [194018c8-bd25-415f-9941-0e401fd1a71b@group-351DCE0CA7C1:LeaderElection88] INFO  impl.RoleInfo (RoleInfo.java:updateAndGet(143)) - 194018c8-bd25-415f-9941-0e401fd1a71b: start FollowerState
2019-10-09 13:05:14,264 [3eeab9a4-47d5-4980-9c6e-5102901e869a@group-351DCE0CA7C1:LeaderElection89] INFO  impl.LeaderElection (LeaderElection.java:logAndReturn(56)) - 3eeab9a4-47d5-4980-9c6e-5102901e869a@group-351DCE0CA7C1:LeaderElection89: Election REJECTED; received 2 response(s) [3eeab9a4-47d5-4980-9c6e-5102901e869a<-194018c8-bd25-415f-9941-0e401fd1a71b#0:FAIL-t1, 3eeab9a4-47d5-4980-9c6e-5102901e869a<-a951a5ca-0ab5-470b-9716-44f820a131a6#0:FAIL-t1] and 0 exception(s); 3eeab9a4-47d5-4980-9c6e-5102901e869a@group-351DCE0CA7C1:t1, leader=null, voted=3eeab9a4-47d5-4980-9c6e-5102901e869a, raftlog=3eeab9a4-47d5-4980-9c6e-5102901e869a@group-351DCE0CA7C1-SegmentedRaftLog:OPENED:c-1,f-1,i0, conf=-1: [194018c8-bd25-415f-9941-0e401fd1a71b:192.168.5.175:36608, a951a5ca-0ab5-470b-9716-44f820a131a6:192.168.5.175:37446, 3eeab9a4-47d5-4980-9c6e-5102901e869a:192.168.5.175:43254], old=null
2019-10-09 13:05:14,264 [3eeab9a4-47d5-4980-9c6e-5102901e869a@group-351DCE0CA7C1:LeaderElection89] INFO  impl.RaftServerImpl (RaftServerImpl.java:setRole(174)) - 3eeab9a4-47d5-4980-9c6e-5102901e869a@group-351DCE0CA7C1: changes role from CANDIDATE to FOLLOWER at term 1 for DISCOVERED_A_NEW_TERM
2019-10-09 13:05:14,265 [3eeab9a4-47d5-4980-9c6e-5102901e869a@group-351DCE0CA7C1:LeaderElection89] INFO  impl.RoleInfo (RoleInfo.java:shutdownLeaderElection(134)) - 3eeab9a4-47d5-4980-9c6e-5102901e869a: shutdown LeaderElection
2019-10-09 13:05:14,265 [3eeab9a4-47d5-4980-9c6e-5102901e869a@group-351DCE0CA7C1:LeaderElection89] INFO  impl.RoleInfo (RoleInfo.java:updateAndGet(143)) - 3eeab9a4-47d5-4980-9c6e-5102901e869a: start FollowerState
2019-10-09 13:05:17,564 [main] WARN  scm.XceiverClientRatis (XceiverClientRatis.java:watchForCommit(292)) - 3 way commit failed on pipeline Pipeline[ Id: 64310bd5-a2d3-4962-84b2-150b5479a3db, Nodes: 194018c8-bd25-415f-9941-0e401fd1a71b{ip: 192.168.5.175, host: pr-hdds-1569-mfl88-1504498049, networkLocation: /default-rack, certSerialId: null}a951a5ca-0ab5-470b-9716-44f820a131a6{ip: 192.168.5.175, host: pr-hdds-1569-mfl88-1504498049, networkLocation: /default-rack, certSerialId: null}3eeab9a4-47d5-4980-9c6e-5102901e869a{ip: 192.168.5.175, host: pr-hdds-1569-mfl88-1504498049, networkLocation: /default-rack, certSerialId: null}, Type:RATIS, Factor:THREE, State:OPEN]
java.util.concurrent.TimeoutException
	at java.util.concurrent.CompletableFuture.timedGet(CompletableFuture.java:1771)
	at java.util.concurrent.CompletableFuture.get(CompletableFuture.java:1915)
	at org.apache.hadoop.hdds.scm.XceiverClientRatis.watchForCommit(XceiverClientRatis.java:289)
	at org.apache.hadoop.hdds.scm.storage.CommitWatcher.watchForCommit(CommitWatcher.java:194)
	at org.apache.hadoop.hdds.scm.storage.CommitWatcher.watchOnLastIndex(CommitWatcher.java:157)
	at org.apache.hadoop.hdds.scm.storage.BlockOutputStream.watchForCommit(BlockOutputStream.java:347)
	at org.apache.hadoop.hdds.scm.storage.BlockOutputStream.handleFlush(BlockOutputStream.java:479)
	at org.apache.hadoop.hdds.scm.storage.BlockOutputStream.flush(BlockOutputStream.java:428)
	at org.apache.hadoop.ozone.client.io.BlockOutputStreamEntry.flush(BlockOutputStreamEntry.java:136)
	at org.apache.hadoop.ozone.client.io.KeyOutputStream.handleFlushOrClose(KeyOutputStream.java:443)
	at org.apache.hadoop.ozone.client.io.KeyOutputStream.flush(KeyOutputStream.java:397)
	at org.apache.hadoop.ozone.client.io.OzoneOutputStream.flush(OzoneOutputStream.java:54)
	at org.apache.hadoop.ozone.client.rpc.TestBlockOutputStreamWithFailures.test2DatanodesFailure(TestBlockOutputStreamWithFailures.java:502)
	at sun.reflect.NativeMethodAccessorImpl.invoke0(Native Method)
	at sun.reflect.NativeMethodAccessorImpl.invoke(NativeMethodAccessorImpl.java:62)
	at sun.reflect.DelegatingMethodAccessorImpl.invoke(DelegatingMethodAccessorImpl.java:43)
	at java.lang.reflect.Method.invoke(Method.java:498)
	at org.junit.runners.model.FrameworkMethod$1.runReflectiveCall(FrameworkMethod.java:47)
	at org.junit.internal.runners.model.ReflectiveCallable.run(ReflectiveCallable.java:12)
	at org.junit.runners.model.FrameworkMethod.invokeExplosively(FrameworkMethod.java:44)
	at org.junit.internal.runners.statements.InvokeMethod.evaluate(InvokeMethod.java:17)
	at org.junit.internal.runners.statements.RunBefores.evaluate(RunBefores.java:26)
	at org.junit.internal.runners.statements.RunAfters.evaluate(RunAfters.java:27)
	at org.junit.runners.ParentRunner.runLeaf(ParentRunner.java:271)
	at org.junit.runners.BlockJUnit4ClassRunner.runChild(BlockJUnit4ClassRunner.java:70)
	at org.junit.runners.BlockJUnit4ClassRunner.runChild(BlockJUnit4ClassRunner.java:50)
	at org.junit.runners.ParentRunner$3.run(ParentRunner.java:238)
	at org.junit.runners.ParentRunner$1.schedule(ParentRunner.java:63)
	at org.junit.runners.ParentRunner.runChildren(ParentRunner.java:236)
	at org.junit.runners.ParentRunner.access$000(ParentRunner.java:53)
	at org.junit.runners.ParentRunner$2.evaluate(ParentRunner.java:229)
	at org.junit.runners.ParentRunner.run(ParentRunner.java:309)
	at org.apache.maven.surefire.junit4.JUnit4Provider.execute(JUnit4Provider.java:365)
	at org.apache.maven.surefire.junit4.JUnit4Provider.executeWithRerun(JUnit4Provider.java:273)
	at org.apache.maven.surefire.junit4.JUnit4Provider.executeTestSet(JUnit4Provider.java:238)
	at org.apache.maven.surefire.junit4.JUnit4Provider.invoke(JUnit4Provider.java:159)
	at org.apache.maven.surefire.booter.ForkedBooter.invokeProviderInSameClassLoader(ForkedBooter.java:384)
	at org.apache.maven.surefire.booter.ForkedBooter.runSuitesInProcess(ForkedBooter.java:345)
	at org.apache.maven.surefire.booter.ForkedBooter.execute(ForkedBooter.java:126)
	at org.apache.maven.surefire.booter.ForkedBooter.main(ForkedBooter.java:418)
2019-10-09 13:05:18,567 [main] WARN  storage.CommitWatcher (CommitWatcher.java:watchForCommit(203)) - watchForCommit failed for index 13
java.util.concurrent.TimeoutException
	at java.util.concurrent.CompletableFuture.timedGet(CompletableFuture.java:1771)
	at java.util.concurrent.CompletableFuture.get(CompletableFuture.java:1915)
	at org.apache.hadoop.hdds.scm.XceiverClientRatis.watchForCommit(XceiverClientRatis.java:298)
	at org.apache.hadoop.hdds.scm.storage.CommitWatcher.watchForCommit(CommitWatcher.java:194)
	at org.apache.hadoop.hdds.scm.storage.CommitWatcher.watchOnLastIndex(CommitWatcher.java:157)
	at org.apache.hadoop.hdds.scm.storage.BlockOutputStream.watchForCommit(BlockOutputStream.java:347)
	at org.apache.hadoop.hdds.scm.storage.BlockOutputStream.handleFlush(BlockOutputStream.java:479)
	at org.apache.hadoop.hdds.scm.storage.BlockOutputStream.flush(BlockOutputStream.java:428)
	at org.apache.hadoop.ozone.client.io.BlockOutputStreamEntry.flush(BlockOutputStreamEntry.java:136)
	at org.apache.hadoop.ozone.client.io.KeyOutputStream.handleFlushOrClose(KeyOutputStream.java:443)
	at org.apache.hadoop.ozone.client.io.KeyOutputStream.flush(KeyOutputStream.java:397)
	at org.apache.hadoop.ozone.client.io.OzoneOutputStream.flush(OzoneOutputStream.java:54)
	at org.apache.hadoop.ozone.client.rpc.TestBlockOutputStreamWithFailures.test2DatanodesFailure(TestBlockOutputStreamWithFailures.java:502)
	at sun.reflect.NativeMethodAccessorImpl.invoke0(Native Method)
	at sun.reflect.NativeMethodAccessorImpl.invoke(NativeMethodAccessorImpl.java:62)
	at sun.reflect.DelegatingMethodAccessorImpl.invoke(DelegatingMethodAccessorImpl.java:43)
	at java.lang.reflect.Method.invoke(Method.java:498)
	at org.junit.runners.model.FrameworkMethod$1.runReflectiveCall(FrameworkMethod.java:47)
	at org.junit.internal.runners.model.ReflectiveCallable.run(ReflectiveCallable.java:12)
	at org.junit.runners.model.FrameworkMethod.invokeExplosively(FrameworkMethod.java:44)
	at org.junit.internal.runners.statements.InvokeMethod.evaluate(InvokeMethod.java:17)
	at org.junit.internal.runners.statements.RunBefores.evaluate(RunBefores.java:26)
	at org.junit.internal.runners.statements.RunAfters.evaluate(RunAfters.java:27)
	at org.junit.runners.ParentRunner.runLeaf(ParentRunner.java:271)
	at org.junit.runners.BlockJUnit4ClassRunner.runChild(BlockJUnit4ClassRunner.java:70)
	at org.junit.runners.BlockJUnit4ClassRunner.runChild(BlockJUnit4ClassRunner.java:50)
	at org.junit.runners.ParentRunner$3.run(ParentRunner.java:238)
	at org.junit.runners.ParentRunner$1.schedule(ParentRunner.java:63)
	at org.junit.runners.ParentRunner.runChildren(ParentRunner.java:236)
	at org.junit.runners.ParentRunner.access$000(ParentRunner.java:53)
	at org.junit.runners.ParentRunner$2.evaluate(ParentRunner.java:229)
	at org.junit.runners.ParentRunner.run(ParentRunner.java:309)
	at org.apache.maven.surefire.junit4.JUnit4Provider.execute(JUnit4Provider.java:365)
	at org.apache.maven.surefire.junit4.JUnit4Provider.executeWithRerun(JUnit4Provider.java:273)
	at org.apache.maven.surefire.junit4.JUnit4Provider.executeTestSet(JUnit4Provider.java:238)
	at org.apache.maven.surefire.junit4.JUnit4Provider.invoke(JUnit4Provider.java:159)
	at org.apache.maven.surefire.booter.ForkedBooter.invokeProviderInSameClassLoader(ForkedBooter.java:384)
	at org.apache.maven.surefire.booter.ForkedBooter.runSuitesInProcess(ForkedBooter.java:345)
	at org.apache.maven.surefire.booter.ForkedBooter.execute(ForkedBooter.java:126)
	at org.apache.maven.surefire.booter.ForkedBooter.main(ForkedBooter.java:418)
2019-10-09 13:05:18,568 [main] WARN  io.KeyOutputStream (KeyOutputStream.java:handleException(274)) - Encountered exception java.io.IOException: Unexpected Storage Container Exception: java.io.IOException: Unexpected Storage Container Exception: java.util.concurrent.TimeoutException on the pipeline Pipeline[ Id: 64310bd5-a2d3-4962-84b2-150b5479a3db, Nodes: 194018c8-bd25-415f-9941-0e401fd1a71b{ip: 192.168.5.175, host: pr-hdds-1569-mfl88-1504498049, networkLocation: /default-rack, certSerialId: null}a951a5ca-0ab5-470b-9716-44f820a131a6{ip: 192.168.5.175, host: pr-hdds-1569-mfl88-1504498049, networkLocation: /default-rack, certSerialId: null}3eeab9a4-47d5-4980-9c6e-5102901e869a{ip: 192.168.5.175, host: pr-hdds-1569-mfl88-1504498049, networkLocation: /default-rack, certSerialId: null}, Type:RATIS, Factor:THREE, State:OPEN]. The last committed block length is 400, uncommitted data length is 50 retry count 0
2019-10-09 13:05:18,779 [Thread-1013] INFO  impl.FollowerState (FollowerState.java:run(106)) - 3eeab9a4-47d5-4980-9c6e-5102901e869a:group-9802512AA034 changes to CANDIDATE, lastRpcTime:5046, electionTimeout:5029ms
2019-10-09 13:05:18,779 [Thread-1013] INFO  impl.RoleInfo (RoleInfo.java:shutdownFollowerState(121)) - 3eeab9a4-47d5-4980-9c6e-5102901e869a: shutdown FollowerState
2019-10-09 13:05:18,780 [Thread-1013] INFO  impl.RaftServerImpl (RaftServerImpl.java:setRole(174)) - 3eeab9a4-47d5-4980-9c6e-5102901e869a@group-9802512AA034: changes role from  FOLLOWER to CANDIDATE at term 2 for changeToCandidate
2019-10-09 13:05:18,780 [Thread-1013] INFO  impl.RoleInfo (RoleInfo.java:updateAndGet(143)) - 3eeab9a4-47d5-4980-9c6e-5102901e869a: start LeaderElection
2019-10-09 13:05:18,793 [3eeab9a4-47d5-4980-9c6e-5102901e869a@group-9802512AA034:LeaderElection90] INFO  impl.LeaderElection (LeaderElection.java:askForVotes(182)) - 3eeab9a4-47d5-4980-9c6e-5102901e869a@group-9802512AA034:LeaderElection90: begin an election at term 3 for 0: [194018c8-bd25-415f-9941-0e401fd1a71b:192.168.5.175:36608, a951a5ca-0ab5-470b-9716-44f820a131a6:192.168.5.175:37446, 3eeab9a4-47d5-4980-9c6e-5102901e869a:192.168.5.175:43254], old=null
2019-10-09 13:05:18,794 [grpc-default-executor-10] INFO  impl.RaftServerImpl (RaftServerImpl.java:setRole(174)) - a951a5ca-0ab5-470b-9716-44f820a131a6@group-9802512AA034: changes role from  FOLLOWER to FOLLOWER at term 3 for recognizeCandidate:3eeab9a4-47d5-4980-9c6e-5102901e869a
2019-10-09 13:05:18,794 [grpc-default-executor-4] INFO  impl.RaftServerImpl (RaftServerImpl.java:setRole(174)) - 194018c8-bd25-415f-9941-0e401fd1a71b@group-9802512AA034: changes role from  FOLLOWER to FOLLOWER at term 3 for recognizeCandidate:3eeab9a4-47d5-4980-9c6e-5102901e869a
2019-10-09 13:05:18,795 [grpc-default-executor-10] INFO  impl.RoleInfo (RoleInfo.java:shutdownFollowerState(121)) - a951a5ca-0ab5-470b-9716-44f820a131a6: shutdown FollowerState
2019-10-09 13:05:18,795 [grpc-default-executor-4] INFO  impl.RoleInfo (RoleInfo.java:shutdownFollowerState(121)) - 194018c8-bd25-415f-9941-0e401fd1a71b: shutdown FollowerState
2019-10-09 13:05:18,795 [Thread-1011] INFO  impl.FollowerState (FollowerState.java:run(115)) - a951a5ca-0ab5-470b-9716-44f820a131a6: FollowerState was interrupted: java.lang.InterruptedException: sleep interrupted
2019-10-09 13:05:18,795 [grpc-default-executor-10] INFO  impl.RoleInfo (RoleInfo.java:updateAndGet(143)) - a951a5ca-0ab5-470b-9716-44f820a131a6: start FollowerState
2019-10-09 13:05:18,795 [Thread-999] INFO  impl.FollowerState (FollowerState.java:run(115)) - 194018c8-bd25-415f-9941-0e401fd1a71b: FollowerState was interrupted: java.lang.InterruptedException: sleep interrupted
2019-10-09 13:05:18,795 [grpc-default-executor-4] INFO  impl.RoleInfo (RoleInfo.java:updateAndGet(143)) - 194018c8-bd25-415f-9941-0e401fd1a71b: start FollowerState
2019-10-09 13:05:18,808 [3eeab9a4-47d5-4980-9c6e-5102901e869a@group-9802512AA034:LeaderElection90] INFO  impl.LeaderElection (LeaderElection.java:logAndReturn(56)) - 3eeab9a4-47d5-4980-9c6e-5102901e869a@group-9802512AA034:LeaderElection90: Election PASSED; received 1 response(s) [3eeab9a4-47d5-4980-9c6e-5102901e869a<-194018c8-bd25-415f-9941-0e401fd1a71b#0:OK-t3] and 0 exception(s); 3eeab9a4-47d5-4980-9c6e-5102901e869a@group-9802512AA034:t3, leader=null, voted=3eeab9a4-47d5-4980-9c6e-5102901e869a, raftlog=3eeab9a4-47d5-4980-9c6e-5102901e869a@group-9802512AA034-SegmentedRaftLog:OPENED:c-1,f0,i0, conf=0: [194018c8-bd25-415f-9941-0e401fd1a71b:192.168.5.175:36608, a951a5ca-0ab5-470b-9716-44f820a131a6:192.168.5.175:37446, 3eeab9a4-47d5-4980-9c6e-5102901e869a:192.168.5.175:43254], old=null
2019-10-09 13:05:18,808 [3eeab9a4-47d5-4980-9c6e-5102901e869a@group-9802512AA034:LeaderElection90] INFO  impl.RoleInfo (RoleInfo.java:shutdownLeaderElection(134)) - 3eeab9a4-47d5-4980-9c6e-5102901e869a: shutdown LeaderElection
2019-10-09 13:05:18,808 [3eeab9a4-47d5-4980-9c6e-5102901e869a@group-9802512AA034:LeaderElection90] INFO  impl.RaftServerImpl (RaftServerImpl.java:setRole(174)) - 3eeab9a4-47d5-4980-9c6e-5102901e869a@group-9802512AA034: changes role from CANDIDATE to LEADER at term 3 for changeToLeader
2019-10-09 13:05:18,808 [3eeab9a4-47d5-4980-9c6e-5102901e869a@group-9802512AA034:LeaderElection90] INFO  impl.RaftServerImpl (ServerState.java:setLeader(253)) - 3eeab9a4-47d5-4980-9c6e-5102901e869a@group-9802512AA034: change Leader from null to 3eeab9a4-47d5-4980-9c6e-5102901e869a at term 3 for becomeLeader, leader elected after 5138ms
2019-10-09 13:05:18,808 [3eeab9a4-47d5-4980-9c6e-5102901e869a@group-9802512AA034:LeaderElection90] INFO  server.RaftServerConfigKeys (ConfUtils.java:logGet(43)) - raft.server.staging.catchup.gap = 1000 (default)
2019-10-09 13:05:18,808 [3eeab9a4-47d5-4980-9c6e-5102901e869a@group-9802512AA034:LeaderElection90] INFO  server.RaftServerConfigKeys (ConfUtils.java:logGet(43)) - raft.server.rpc.sleep.time = 25ms (default)
2019-10-09 13:05:18,808 [3eeab9a4-47d5-4980-9c6e-5102901e869a@group-9802512AA034:LeaderElection90] INFO  server.RaftServerConfigKeys (ConfUtils.java:logGet(43)) - raft.server.write.element-limit = 4096 (default)
2019-10-09 13:05:18,808 [3eeab9a4-47d5-4980-9c6e-5102901e869a@group-9802512AA034:LeaderElection90] INFO  server.RaftServerConfigKeys (ConfUtils.java:logGet(43)) - raft.server.watch.timeout = 10s (default)
2019-10-09 13:05:18,809 [3eeab9a4-47d5-4980-9c6e-5102901e869a@group-9802512AA034:LeaderElection90] INFO  server.RaftServerConfigKeys (ConfUtils.java:logGet(43)) - raft.server.watch.timeout.denomination = 1s (default)
2019-10-09 13:05:18,809 [3eeab9a4-47d5-4980-9c6e-5102901e869a@group-9802512AA034:LeaderElection90] INFO  server.RaftServerConfigKeys (ConfUtils.java:logGet(43)) - raft.server.watch.element-limit = 65536 (default)
2019-10-09 13:05:18,809 [3eeab9a4-47d5-4980-9c6e-5102901e869a@group-9802512AA034:LeaderElection90] INFO  server.RaftServerConfigKeys (ConfUtils.java:logGet(43)) - raft.server.log.appender.snapshot.chunk.size.max = 16MB (=16777216) (default)
2019-10-09 13:05:18,809 [3eeab9a4-47d5-4980-9c6e-5102901e869a@group-9802512AA034:LeaderElection90] INFO  server.RaftServerConfigKeys (ConfUtils.java:logGet(43)) - raft.server.log.appender.buffer.byte-limit = 33554432 (custom)
2019-10-09 13:05:18,809 [3eeab9a4-47d5-4980-9c6e-5102901e869a@group-9802512AA034:LeaderElection90] INFO  server.RaftServerConfigKeys (ConfUtils.java:logGet(43)) - raft.server.log.appender.buffer.element-limit = 1 (custom)
2019-10-09 13:05:18,809 [3eeab9a4-47d5-4980-9c6e-5102901e869a@group-9802512AA034:LeaderElection90] INFO  grpc.GrpcConfigKeys$Server (ConfUtils.java:logGet(43)) - raft.grpc.server.leader.outstanding.appends.max = 128 (default)
2019-10-09 13:05:18,809 [3eeab9a4-47d5-4980-9c6e-5102901e869a@group-9802512AA034:LeaderElection90] INFO  server.RaftServerConfigKeys (ConfUtils.java:logGet(43)) - raft.server.rpc.request.timeout = 3000ms (default)
2019-10-09 13:05:18,809 [3eeab9a4-47d5-4980-9c6e-5102901e869a@group-9802512AA034:LeaderElection90] INFO  server.RaftServerConfigKeys (ConfUtils.java:logGet(43)) - raft.server.log.appender.install.snapshot.enabled = false (custom)
2019-10-09 13:05:18,810 [3eeab9a4-47d5-4980-9c6e-5102901e869a@group-9802512AA034:LeaderElection90] INFO  server.RaftServerConfigKeys (ConfUtils.java:logGet(43)) - raft.server.log.appender.snapshot.chunk.size.max = 16MB (=16777216) (default)
2019-10-09 13:05:18,810 [3eeab9a4-47d5-4980-9c6e-5102901e869a@group-9802512AA034:LeaderElection90] INFO  server.RaftServerConfigKeys (ConfUtils.java:logGet(43)) - raft.server.log.appender.buffer.byte-limit = 33554432 (custom)
2019-10-09 13:05:18,810 [3eeab9a4-47d5-4980-9c6e-5102901e869a@group-9802512AA034:LeaderElection90] INFO  server.RaftServerConfigKeys (ConfUtils.java:logGet(43)) - raft.server.log.appender.buffer.element-limit = 1 (custom)
2019-10-09 13:05:18,810 [3eeab9a4-47d5-4980-9c6e-5102901e869a@group-9802512AA034:LeaderElection90] INFO  grpc.GrpcConfigKeys$Server (ConfUtils.java:logGet(43)) - raft.grpc.server.leader.outstanding.appends.max = 128 (default)
2019-10-09 13:05:18,810 [3eeab9a4-47d5-4980-9c6e-5102901e869a@group-9802512AA034:LeaderElection90] INFO  server.RaftServerConfigKeys (ConfUtils.java:logGet(43)) - raft.server.rpc.request.timeout = 3000ms (default)
2019-10-09 13:05:18,810 [3eeab9a4-47d5-4980-9c6e-5102901e869a@group-9802512AA034:LeaderElection90] INFO  server.RaftServerConfigKeys (ConfUtils.java:logGet(43)) - raft.server.log.appender.install.snapshot.enabled = false (custom)
2019-10-09 13:05:18,810 [3eeab9a4-47d5-4980-9c6e-5102901e869a@group-9802512AA034:LeaderElection90] INFO  impl.RoleInfo (RoleInfo.java:updateAndGet(143)) - 3eeab9a4-47d5-4980-9c6e-5102901e869a: start LeaderState
2019-10-09 13:05:18,811 [3eeab9a4-47d5-4980-9c6e-5102901e869a@group-9802512AA034:LeaderElection90] INFO  segmented.SegmentedRaftLogWorker (SegmentedRaftLogWorker.java:rollLogSegment(385)) - 3eeab9a4-47d5-4980-9c6e-5102901e869a@group-9802512AA034-SegmentedRaftLogWorker: Rolling segment log-0_0 to index:0
2019-10-09 13:05:18,812 [3eeab9a4-47d5-4980-9c6e-5102901e869a@group-9802512AA034:LeaderElection90] INFO  impl.RaftServerImpl (ServerState.java:setRaftConf(354)) - 3eeab9a4-47d5-4980-9c6e-5102901e869a@group-9802512AA034: set configuration 1: [194018c8-bd25-415f-9941-0e401fd1a71b:192.168.5.175:36608, a951a5ca-0ab5-470b-9716-44f820a131a6:192.168.5.175:37446, 3eeab9a4-47d5-4980-9c6e-5102901e869a:192.168.5.175:43254], old=null at 1
2019-10-09 13:05:18,813 [grpc-default-executor-10] INFO  impl.RaftServerImpl (ServerState.java:setLeader(253)) - a951a5ca-0ab5-470b-9716-44f820a131a6@group-9802512AA034: change Leader from null to 3eeab9a4-47d5-4980-9c6e-5102901e869a at term 3 for appendEntries, leader elected after 5142ms
2019-10-09 13:05:18,813 [grpc-default-executor-4] INFO  impl.RaftServerImpl (ServerState.java:setLeader(253)) - 194018c8-bd25-415f-9941-0e401fd1a71b@group-9802512AA034: change Leader from null to 3eeab9a4-47d5-4980-9c6e-5102901e869a at term 3 for appendEntries, leader elected after 10281ms
2019-10-09 13:05:18,814 [grpc-default-executor-4] INFO  impl.RaftServerImpl (RaftServerImpl.java:checkInconsistentAppendEntries(1003)) - 194018c8-bd25-415f-9941-0e401fd1a71b@group-9802512AA034: Failed appendEntries as previous log entry ((t:1, i:0)) is not found
2019-10-09 13:05:18,814 [3eeab9a4-47d5-4980-9c6e-5102901e869a@group-9802512AA034-SegmentedRaftLogWorker] INFO  segmented.SegmentedRaftLogWorker (SegmentedRaftLogWorker.java:execute(526)) - 3eeab9a4-47d5-4980-9c6e-5102901e869a@group-9802512AA034-SegmentedRaftLogWorker: Rolled log segment from /workdir/hadoop-ozone/integration-test/target/test-dir/MiniOzoneClusterImpl-92c4d179-1d16-4416-8bce-4538b25b782c/datanode-4/data/ratis/ecad9feb-35ca-4082-b7b2-9802512aa034/current/log_inprogress_0 to /workdir/hadoop-ozone/integration-test/target/test-dir/MiniOzoneClusterImpl-92c4d179-1d16-4416-8bce-4538b25b782c/datanode-4/data/ratis/ecad9feb-35ca-4082-b7b2-9802512aa034/current/log_0-0
2019-10-09 13:05:18,814 [grpc-default-executor-4] INFO  impl.RaftServerImpl (RaftServerImpl.java:checkInconsistentAppendEntries(976)) - 194018c8-bd25-415f-9941-0e401fd1a71b@group-9802512AA034: inconsistency entries. Reply:3eeab9a4-47d5-4980-9c6e-5102901e869a<-194018c8-bd25-415f-9941-0e401fd1a71b#0:FAIL,INCONSISTENCY,nextIndex:0,term:3,followerCommit:-1
2019-10-09 13:05:18,815 [grpc-default-executor-10] INFO  impl.RaftServerImpl (ServerState.java:setRaftConf(354)) - a951a5ca-0ab5-470b-9716-44f820a131a6@group-9802512AA034: set configuration 1: [194018c8-bd25-415f-9941-0e401fd1a71b:192.168.5.175:36608, a951a5ca-0ab5-470b-9716-44f820a131a6:192.168.5.175:37446, 3eeab9a4-47d5-4980-9c6e-5102901e869a:192.168.5.175:43254], old=null at 1
2019-10-09 13:05:18,815 [grpc-default-executor-10] INFO  segmented.SegmentedRaftLogWorker (SegmentedRaftLogWorker.java:rollLogSegment(385)) - a951a5ca-0ab5-470b-9716-44f820a131a6@group-9802512AA034-SegmentedRaftLogWorker: Rolling segment log-0_0 to index:0
2019-10-09 13:05:18,816 [grpc-default-executor-4] INFO  impl.FollowerInfo (FollowerInfo.java:lambda$new$0(51)) - 3eeab9a4-47d5-4980-9c6e-5102901e869a@group-9802512AA034->194018c8-bd25-415f-9941-0e401fd1a71b: nextIndex: updateUnconditionally 1 -> 0
2019-10-09 13:05:18,816 [a951a5ca-0ab5-470b-9716-44f820a131a6@group-9802512AA034-SegmentedRaftLogWorker] INFO  segmented.SegmentedRaftLogWorker (SegmentedRaftLogWorker.java:execute(526)) - a951a5ca-0ab5-470b-9716-44f820a131a6@group-9802512AA034-SegmentedRaftLogWorker: Rolled log segment from /workdir/hadoop-ozone/integration-test/target/test-dir/MiniOzoneClusterImpl-92c4d179-1d16-4416-8bce-4538b25b782c/datanode-5/data/ratis/ecad9feb-35ca-4082-b7b2-9802512aa034/current/log_inprogress_0 to /workdir/hadoop-ozone/integration-test/target/test-dir/MiniOzoneClusterImpl-92c4d179-1d16-4416-8bce-4538b25b782c/datanode-5/data/ratis/ecad9feb-35ca-4082-b7b2-9802512aa034/current/log_0-0
2019-10-09 13:05:18,816 [grpc-default-executor-4] INFO  impl.RaftServerImpl (ServerState.java:setRaftConf(354)) - 194018c8-bd25-415f-9941-0e401fd1a71b@group-9802512AA034: set configuration 0: [194018c8-bd25-415f-9941-0e401fd1a71b:192.168.5.175:36608, a951a5ca-0ab5-470b-9716-44f820a131a6:192.168.5.175:37446, 3eeab9a4-47d5-4980-9c6e-5102901e869a:192.168.5.175:43254], old=null at 0
2019-10-09 13:05:18,817 [grpc-default-executor-4] INFO  segmented.SegmentedRaftLogWorker (SegmentedRaftLogWorker.java:startLogSegment(380)) - 194018c8-bd25-415f-9941-0e401fd1a71b@group-9802512AA034-SegmentedRaftLogWorker: Starting segment from index:0
2019-10-09 13:05:18,818 [grpc-default-executor-4] INFO  impl.RaftServerImpl (ServerState.java:setRaftConf(354)) - 194018c8-bd25-415f-9941-0e401fd1a71b@group-9802512AA034: set configuration 1: [194018c8-bd25-415f-9941-0e401fd1a71b:192.168.5.175:36608, a951a5ca-0ab5-470b-9716-44f820a131a6:192.168.5.175:37446, 3eeab9a4-47d5-4980-9c6e-5102901e869a:192.168.5.175:43254], old=null at 1
2019-10-09 13:05:18,818 [grpc-default-executor-4] INFO  segmented.SegmentedRaftLogWorker (SegmentedRaftLogWorker.java:rollLogSegment(385)) - 194018c8-bd25-415f-9941-0e401fd1a71b@group-9802512AA034-SegmentedRaftLogWorker: Rolling segment log-0_0 to index:0
2019-10-09 13:05:18,859 [main] INFO  ozone.MiniOzoneClusterImpl (MiniOzoneClusterImpl.java:shutdown(314)) - Shutting down the Mini Ozone Cluster
2019-10-09 13:05:18,860 [main] INFO  ozone.MiniOzoneClusterImpl (MiniOzoneClusterImpl.java:stop(330)) - Stopping the Mini Ozone Cluster
2019-10-09 13:05:18,860 [main] INFO  ozone.MiniOzoneClusterImpl (MiniOzoneClusterImpl.java:stopOM(400)) - Stopping the OzoneManager
2019-10-09 13:05:18,860 [main] INFO  ipc.Server (Server.java:stop(3082)) - Stopping server on 33695
2019-10-09 13:05:18,868 [194018c8-bd25-415f-9941-0e401fd1a71b@group-9802512AA034-SegmentedRaftLogWorker] INFO  segmented.SegmentedRaftLogWorker (SegmentedRaftLogWorker.java:execute(569)) - 194018c8-bd25-415f-9941-0e401fd1a71b@group-9802512AA034-SegmentedRaftLogWorker: created new log segment /workdir/hadoop-ozone/integration-test/target/test-dir/MiniOzoneClusterImpl-92c4d179-1d16-4416-8bce-4538b25b782c/datanode-3/data/ratis/ecad9feb-35ca-4082-b7b2-9802512aa034/current/log_inprogress_0
2019-10-09 13:05:18,868 [3eeab9a4-47d5-4980-9c6e-5102901e869a@group-9802512AA034-SegmentedRaftLogWorker] INFO  segmented.SegmentedRaftLogWorker (SegmentedRaftLogWorker.java:execute(569)) - 3eeab9a4-47d5-4980-9c6e-5102901e869a@group-9802512AA034-SegmentedRaftLogWorker: created new log segment /workdir/hadoop-ozone/integration-test/target/test-dir/MiniOzoneClusterImpl-92c4d179-1d16-4416-8bce-4538b25b782c/datanode-4/data/ratis/ecad9feb-35ca-4082-b7b2-9802512aa034/current/log_inprogress_1
2019-10-09 13:05:18,868 [a951a5ca-0ab5-470b-9716-44f820a131a6@group-9802512AA034-SegmentedRaftLogWorker] INFO  segmented.SegmentedRaftLogWorker (SegmentedRaftLogWorker.java:execute(569)) - a951a5ca-0ab5-470b-9716-44f820a131a6@group-9802512AA034-SegmentedRaftLogWorker: created new log segment /workdir/hadoop-ozone/integration-test/target/test-dir/MiniOzoneClusterImpl-92c4d179-1d16-4416-8bce-4538b25b782c/datanode-5/data/ratis/ecad9feb-35ca-4082-b7b2-9802512aa034/current/log_inprogress_1
2019-10-09 13:05:18,871 [IPC Server listener on 33695] INFO  ipc.Server (Server.java:run(1185)) - Stopping IPC Server listener on 33695
2019-10-09 13:05:18,874 [IPC Server Responder] INFO  ipc.Server (Server.java:run(1319)) - Stopping IPC Server Responder
2019-10-09 13:05:18,874 [main] INFO  ratis.OzoneManagerDoubleBuffer (OzoneManagerDoubleBuffer.java:stop(248)) - Stopping OMDoubleBuffer flush thread
2019-10-09 13:05:18,881 [OMDoubleBufferFlushThread] INFO  ratis.OzoneManagerDoubleBuffer (OzoneManagerDoubleBuffer.java:flushTransactions(191)) - OMDoubleBuffer flush thread OMDoubleBufferFlushThread is interrupted and will exit. OMDoubleBufferFlushThread
2019-10-09 13:05:18,883 [main] INFO  utils.BackgroundService (BackgroundService.java:shutdown(148)) - Shutting down service KeyDeletingService
2019-10-09 13:05:18,883 [194018c8-bd25-415f-9941-0e401fd1a71b@group-9802512AA034-SegmentedRaftLogWorker] INFO  segmented.SegmentedRaftLogWorker (SegmentedRaftLogWorker.java:execute(526)) - 194018c8-bd25-415f-9941-0e401fd1a71b@group-9802512AA034-SegmentedRaftLogWorker: Rolled log segment from /workdir/hadoop-ozone/integration-test/target/test-dir/MiniOzoneClusterImpl-92c4d179-1d16-4416-8bce-4538b25b782c/datanode-3/data/ratis/ecad9feb-35ca-4082-b7b2-9802512aa034/current/log_inprogress_0 to /workdir/hadoop-ozone/integration-test/target/test-dir/MiniOzoneClusterImpl-92c4d179-1d16-4416-8bce-4538b25b782c/datanode-3/data/ratis/ecad9feb-35ca-4082-b7b2-9802512aa034/current/log_0-0
2019-10-09 13:05:18,884 [main] INFO  handler.ContextHandler (ContextHandler.java:doStop(910)) - Stopped o.e.j.w.WebAppContext@415156bf{/,null,UNAVAILABLE}{/ozoneManager}
2019-10-09 13:05:18,885 [main] INFO  server.AbstractConnector (AbstractConnector.java:doStop(318)) - Stopped ServerConnector@393881f0{HTTP/1.1,[http/1.1]}{0.0.0.0:0}
2019-10-09 13:05:18,886 [main] INFO  handler.ContextHandler (ContextHandler.java:doStop(910)) - Stopped o.e.j.s.ServletContextHandler@3a627c80{/static,file:///workdir/hadoop-ozone/integration-test/target/test-classes/webapps/static,UNAVAILABLE}
2019-10-09 13:05:18,886 [main] INFO  handler.ContextHandler (ContextHandler.java:doStop(910)) - Stopped o.e.j.s.ServletContextHandler@20ed3303{/logs,file:///workdir/hadoop-ozone/integration-test/target/log,UNAVAILABLE}
2019-10-09 13:05:18,889 [main] INFO  ozone.MiniOzoneClusterImpl (MiniOzoneClusterImpl.java:stopDatanodes(377)) - Stopping the HddsDatanodes
2019-10-09 13:05:18,930 [Thread-1053] INFO  impl.FollowerState (FollowerState.java:run(106)) - 3eeab9a4-47d5-4980-9c6e-5102901e869a:group-F081FF3511EB changes to CANDIDATE, lastRpcTime:5003, electionTimeout:5003ms
2019-10-09 13:05:18,931 [Thread-1053] INFO  impl.RoleInfo (RoleInfo.java:shutdownFollowerState(121)) - 3eeab9a4-47d5-4980-9c6e-5102901e869a: shutdown FollowerState
2019-10-09 13:05:18,931 [Thread-1053] INFO  impl.RaftServerImpl (RaftServerImpl.java:setRole(174)) - 3eeab9a4-47d5-4980-9c6e-5102901e869a@group-F081FF3511EB: changes role from  FOLLOWER to CANDIDATE at term 1 for changeToCandidate
2019-10-09 13:05:18,931 [Thread-1053] INFO  impl.RoleInfo (RoleInfo.java:updateAndGet(143)) - 3eeab9a4-47d5-4980-9c6e-5102901e869a: start LeaderElection
2019-10-09 13:05:18,933 [194018c8-bd25-415f-9941-0e401fd1a71b@group-9802512AA034-SegmentedRaftLogWorker] INFO  segmented.SegmentedRaftLogWorker (SegmentedRaftLogWorker.java:execute(569)) - 194018c8-bd25-415f-9941-0e401fd1a71b@group-9802512AA034-SegmentedRaftLogWorker: created new log segment /workdir/hadoop-ozone/integration-test/target/test-dir/MiniOzoneClusterImpl-92c4d179-1d16-4416-8bce-4538b25b782c/datanode-3/data/ratis/ecad9feb-35ca-4082-b7b2-9802512aa034/current/log_inprogress_1
2019-10-09 13:05:18,942 [3eeab9a4-47d5-4980-9c6e-5102901e869a@group-F081FF3511EB:LeaderElection91] INFO  impl.LeaderElection (LeaderElection.java:askForVotes(182)) - 3eeab9a4-47d5-4980-9c6e-5102901e869a@group-F081FF3511EB:LeaderElection91: begin an election at term 2 for -1: [194018c8-bd25-415f-9941-0e401fd1a71b:192.168.5.175:36608, 3eeab9a4-47d5-4980-9c6e-5102901e869a:192.168.5.175:43254, a951a5ca-0ab5-470b-9716-44f820a131a6:192.168.5.175:37446], old=null
2019-10-09 13:05:18,944 [grpc-default-executor-4] INFO  impl.RaftServerImpl (RaftServerImpl.java:setRole(174)) - 194018c8-bd25-415f-9941-0e401fd1a71b@group-F081FF3511EB: changes role from  FOLLOWER to FOLLOWER at term 2 for recognizeCandidate:3eeab9a4-47d5-4980-9c6e-5102901e869a
2019-10-09 13:05:18,944 [grpc-default-executor-4] INFO  impl.RoleInfo (RoleInfo.java:shutdownFollowerState(121)) - 194018c8-bd25-415f-9941-0e401fd1a71b: shutdown FollowerState
2019-10-09 13:05:18,944 [grpc-default-executor-4] INFO  impl.RoleInfo (RoleInfo.java:updateAndGet(143)) - 194018c8-bd25-415f-9941-0e401fd1a71b: start FollowerState
2019-10-09 13:05:18,944 [Thread-1052] INFO  impl.FollowerState (FollowerState.java:run(115)) - 194018c8-bd25-415f-9941-0e401fd1a71b: FollowerState was interrupted: java.lang.InterruptedException: sleep interrupted
2019-10-09 13:05:18,944 [grpc-default-executor-10] INFO  impl.RaftServerImpl (RaftServerImpl.java:setRole(174)) - a951a5ca-0ab5-470b-9716-44f820a131a6@group-F081FF3511EB: changes role from  FOLLOWER to FOLLOWER at term 2 for recognizeCandidate:3eeab9a4-47d5-4980-9c6e-5102901e869a
2019-10-09 13:05:18,946 [grpc-default-executor-10] INFO  impl.RoleInfo (RoleInfo.java:shutdownFollowerState(121)) - a951a5ca-0ab5-470b-9716-44f820a131a6: shutdown FollowerState
2019-10-09 13:05:18,947 [grpc-default-executor-10] INFO  impl.RoleInfo (RoleInfo.java:updateAndGet(143)) - a951a5ca-0ab5-470b-9716-44f820a131a6: start FollowerState
2019-10-09 13:05:18,947 [Thread-1051] INFO  impl.FollowerState (FollowerState.java:run(115)) - a951a5ca-0ab5-470b-9716-44f820a131a6: FollowerState was interrupted: java.lang.InterruptedException: sleep interrupted
2019-10-09 13:05:18,967 [3eeab9a4-47d5-4980-9c6e-5102901e869a@group-F081FF3511EB:LeaderElection91] INFO  impl.LeaderElection (LeaderElection.java:logAndReturn(56)) - 3eeab9a4-47d5-4980-9c6e-5102901e869a@group-F081FF3511EB:LeaderElection91: Election PASSED; received 1 response(s) [3eeab9a4-47d5-4980-9c6e-5102901e869a<-194018c8-bd25-415f-9941-0e401fd1a71b#0:OK-t2] and 0 exception(s); 3eeab9a4-47d5-4980-9c6e-5102901e869a@group-F081FF3511EB:t2, leader=null, voted=3eeab9a4-47d5-4980-9c6e-5102901e869a, raftlog=3eeab9a4-47d5-4980-9c6e-5102901e869a@group-F081FF3511EB-SegmentedRaftLog:OPENED:c-1,f-1,i0, conf=-1: [194018c8-bd25-415f-9941-0e401fd1a71b:192.168.5.175:36608, 3eeab9a4-47d5-4980-9c6e-5102901e869a:192.168.5.175:43254, a951a5ca-0ab5-470b-9716-44f820a131a6:192.168.5.175:37446], old=null
2019-10-09 13:05:18,967 [3eeab9a4-47d5-4980-9c6e-5102901e869a@group-F081FF3511EB:LeaderElection91] INFO  impl.RoleInfo (RoleInfo.java:shutdownLeaderElection(134)) - 3eeab9a4-47d5-4980-9c6e-5102901e869a: shutdown LeaderElection
2019-10-09 13:05:18,968 [3eeab9a4-47d5-4980-9c6e-5102901e869a@group-F081FF3511EB:LeaderElection91] INFO  impl.RaftServerImpl (RaftServerImpl.java:setRole(174)) - 3eeab9a4-47d5-4980-9c6e-5102901e869a@group-F081FF3511EB: changes role from CANDIDATE to LEADER at term 2 for changeToLeader
2019-10-09 13:05:18,968 [3eeab9a4-47d5-4980-9c6e-5102901e869a@group-F081FF3511EB:LeaderElection91] INFO  impl.RaftServerImpl (ServerState.java:setLeader(253)) - 3eeab9a4-47d5-4980-9c6e-5102901e869a@group-F081FF3511EB: change Leader from null to 3eeab9a4-47d5-4980-9c6e-5102901e869a at term 2 for becomeLeader, leader elected after 10213ms
2019-10-09 13:05:18,968 [3eeab9a4-47d5-4980-9c6e-5102901e869a@group-F081FF3511EB:LeaderElection91] INFO  server.RaftServerConfigKeys (ConfUtils.java:logGet(43)) - raft.server.staging.catchup.gap = 1000 (default)
2019-10-09 13:05:18,968 [3eeab9a4-47d5-4980-9c6e-5102901e869a@group-F081FF3511EB:LeaderElection91] INFO  server.RaftServerConfigKeys (ConfUtils.java:logGet(43)) - raft.server.rpc.sleep.time = 25ms (default)
2019-10-09 13:05:18,968 [3eeab9a4-47d5-4980-9c6e-5102901e869a@group-F081FF3511EB:LeaderElection91] INFO  server.RaftServerConfigKeys (ConfUtils.java:logGet(43)) - raft.server.write.element-limit = 4096 (default)
2019-10-09 13:05:18,968 [3eeab9a4-47d5-4980-9c6e-5102901e869a@group-F081FF3511EB:LeaderElection91] INFO  server.RaftServerConfigKeys (ConfUtils.java:logGet(43)) - raft.server.watch.timeout = 10s (default)
2019-10-09 13:05:18,968 [3eeab9a4-47d5-4980-9c6e-5102901e869a@group-F081FF3511EB:LeaderElection91] INFO  server.RaftServerConfigKeys (ConfUtils.java:logGet(43)) - raft.server.watch.timeout.denomination = 1s (default)
2019-10-09 13:05:18,968 [3eeab9a4-47d5-4980-9c6e-5102901e869a@group-F081FF3511EB:LeaderElection91] INFO  server.RaftServerConfigKeys (ConfUtils.java:logGet(43)) - raft.server.watch.element-limit = 65536 (default)
2019-10-09 13:05:18,970 [3eeab9a4-47d5-4980-9c6e-5102901e869a@group-F081FF3511EB:LeaderElection91] INFO  server.RaftServerConfigKeys (ConfUtils.java:logGet(43)) - raft.server.log.appender.snapshot.chunk.size.max = 16MB (=16777216) (default)
2019-10-09 13:05:18,970 [3eeab9a4-47d5-4980-9c6e-5102901e869a@group-F081FF3511EB:LeaderElection91] INFO  server.RaftServerConfigKeys (ConfUtils.java:logGet(43)) - raft.server.log.appender.buffer.byte-limit = 33554432 (custom)
2019-10-09 13:05:18,970 [3eeab9a4-47d5-4980-9c6e-5102901e869a@group-F081FF3511EB:LeaderElection91] INFO  server.RaftServerConfigKeys (ConfUtils.java:logGet(43)) - raft.server.log.appender.buffer.element-limit = 1 (custom)
2019-10-09 13:05:18,970 [3eeab9a4-47d5-4980-9c6e-5102901e869a@group-F081FF3511EB:LeaderElection91] INFO  grpc.GrpcConfigKeys$Server (ConfUtils.java:logGet(43)) - raft.grpc.server.leader.outstanding.appends.max = 128 (default)
2019-10-09 13:05:18,971 [3eeab9a4-47d5-4980-9c6e-5102901e869a@group-F081FF3511EB:LeaderElection91] INFO  server.RaftServerConfigKeys (ConfUtils.java:logGet(43)) - raft.server.rpc.request.timeout = 3000ms (default)
2019-10-09 13:05:18,971 [3eeab9a4-47d5-4980-9c6e-5102901e869a@group-F081FF3511EB:LeaderElection91] INFO  server.RaftServerConfigKeys (ConfUtils.java:logGet(43)) - raft.server.log.appender.install.snapshot.enabled = false (custom)
2019-10-09 13:05:18,971 [3eeab9a4-47d5-4980-9c6e-5102901e869a@group-F081FF3511EB:LeaderElection91] INFO  server.RaftServerConfigKeys (ConfUtils.java:logGet(43)) - raft.server.log.appender.snapshot.chunk.size.max = 16MB (=16777216) (default)
2019-10-09 13:05:18,971 [3eeab9a4-47d5-4980-9c6e-5102901e869a@group-F081FF3511EB:LeaderElection91] INFO  server.RaftServerConfigKeys (ConfUtils.java:logGet(43)) - raft.server.log.appender.buffer.byte-limit = 33554432 (custom)
2019-10-09 13:05:18,971 [3eeab9a4-47d5-4980-9c6e-5102901e869a@group-F081FF3511EB:LeaderElection91] INFO  server.RaftServerConfigKeys (ConfUtils.java:logGet(43)) - raft.server.log.appender.buffer.element-limit = 1 (custom)
2019-10-09 13:05:18,971 [3eeab9a4-47d5-4980-9c6e-5102901e869a@group-F081FF3511EB:LeaderElection91] INFO  grpc.GrpcConfigKeys$Server (ConfUtils.java:logGet(43)) - raft.grpc.server.leader.outstanding.appends.max = 128 (default)
2019-10-09 13:05:18,971 [3eeab9a4-47d5-4980-9c6e-5102901e869a@group-F081FF3511EB:LeaderElection91] INFO  server.RaftServerConfigKeys (ConfUtils.java:logGet(43)) - raft.server.rpc.request.timeout = 3000ms (default)
2019-10-09 13:05:18,971 [3eeab9a4-47d5-4980-9c6e-5102901e869a@group-F081FF3511EB:LeaderElection91] INFO  server.RaftServerConfigKeys (ConfUtils.java:logGet(43)) - raft.server.log.appender.install.snapshot.enabled = false (custom)
2019-10-09 13:05:18,972 [3eeab9a4-47d5-4980-9c6e-5102901e869a@group-F081FF3511EB:LeaderElection91] INFO  impl.RoleInfo (RoleInfo.java:updateAndGet(143)) - 3eeab9a4-47d5-4980-9c6e-5102901e869a: start LeaderState
2019-10-09 13:05:18,972 [3eeab9a4-47d5-4980-9c6e-5102901e869a@group-F081FF3511EB:LeaderElection91] INFO  segmented.SegmentedRaftLogWorker (SegmentedRaftLogWorker.java:startLogSegment(380)) - 3eeab9a4-47d5-4980-9c6e-5102901e869a@group-F081FF3511EB-SegmentedRaftLogWorker: Starting segment from index:0
2019-10-09 13:05:18,972 [3eeab9a4-47d5-4980-9c6e-5102901e869a@group-F081FF3511EB:LeaderElection91] INFO  impl.RaftServerImpl (ServerState.java:setRaftConf(354)) - 3eeab9a4-47d5-4980-9c6e-5102901e869a@group-F081FF3511EB: set configuration 0: [194018c8-bd25-415f-9941-0e401fd1a71b:192.168.5.175:36608, 3eeab9a4-47d5-4980-9c6e-5102901e869a:192.168.5.175:43254, a951a5ca-0ab5-470b-9716-44f820a131a6:192.168.5.175:37446], old=null at 0
2019-10-09 13:05:18,973 [grpc-default-executor-4] INFO  impl.RaftServerImpl (ServerState.java:setLeader(253)) - 194018c8-bd25-415f-9941-0e401fd1a71b@group-F081FF3511EB: change Leader from null to 3eeab9a4-47d5-4980-9c6e-5102901e869a at term 2 for appendEntries, leader elected after 10219ms
2019-10-09 13:05:18,974 [grpc-default-executor-4] INFO  impl.RaftServerImpl (ServerState.java:setLeader(253)) - a951a5ca-0ab5-470b-9716-44f820a131a6@group-F081FF3511EB: change Leader from null to 3eeab9a4-47d5-4980-9c6e-5102901e869a at term 2 for appendEntries, leader elected after 10219ms
2019-10-09 13:05:18,975 [grpc-default-executor-10] INFO  impl.RaftServerImpl (ServerState.java:setRaftConf(354)) - 194018c8-bd25-415f-9941-0e401fd1a71b@group-F081FF3511EB: set configuration 0: [194018c8-bd25-415f-9941-0e401fd1a71b:192.168.5.175:36608, 3eeab9a4-47d5-4980-9c6e-5102901e869a:192.168.5.175:43254, a951a5ca-0ab5-470b-9716-44f820a131a6:192.168.5.175:37446], old=null at 0
2019-10-09 13:05:18,975 [grpc-default-executor-10] INFO  segmented.SegmentedRaftLogWorker (SegmentedRaftLogWorker.java:startLogSegment(380)) - 194018c8-bd25-415f-9941-0e401fd1a71b@group-F081FF3511EB-SegmentedRaftLogWorker: Starting segment from index:0
2019-10-09 13:05:18,975 [grpc-default-executor-10] INFO  impl.RaftServerImpl (ServerState.java:setRaftConf(354)) - a951a5ca-0ab5-470b-9716-44f820a131a6@group-F081FF3511EB: set configuration 0: [194018c8-bd25-415f-9941-0e401fd1a71b:192.168.5.175:36608, 3eeab9a4-47d5-4980-9c6e-5102901e869a:192.168.5.175:43254, a951a5ca-0ab5-470b-9716-44f820a131a6:192.168.5.175:37446], old=null at 0
2019-10-09 13:05:18,976 [grpc-default-executor-10] INFO  segmented.SegmentedRaftLogWorker (SegmentedRaftLogWorker.java:startLogSegment(380)) - a951a5ca-0ab5-470b-9716-44f820a131a6@group-F081FF3511EB-SegmentedRaftLogWorker: Starting segment from index:0
2019-10-09 13:05:19,033 [194018c8-bd25-415f-9941-0e401fd1a71b@group-F081FF3511EB-SegmentedRaftLogWorker] INFO  segmented.SegmentedRaftLogWorker (SegmentedRaftLogWorker.java:execute(569)) - 194018c8-bd25-415f-9941-0e401fd1a71b@group-F081FF3511EB-SegmentedRaftLogWorker: created new log segment /workdir/hadoop-ozone/integration-test/target/test-dir/MiniOzoneClusterImpl-92c4d179-1d16-4416-8bce-4538b25b782c/datanode-3/data/ratis/8e8e3dec-ac18-48dc-941a-f081ff3511eb/current/log_inprogress_0
2019-10-09 13:05:19,033 [a951a5ca-0ab5-470b-9716-44f820a131a6@group-F081FF3511EB-SegmentedRaftLogWorker] INFO  segmented.SegmentedRaftLogWorker (SegmentedRaftLogWorker.java:execute(569)) - a951a5ca-0ab5-470b-9716-44f820a131a6@group-F081FF3511EB-SegmentedRaftLogWorker: created new log segment /workdir/hadoop-ozone/integration-test/target/test-dir/MiniOzoneClusterImpl-92c4d179-1d16-4416-8bce-4538b25b782c/datanode-5/data/ratis/8e8e3dec-ac18-48dc-941a-f081ff3511eb/current/log_inprogress_0
2019-10-09 13:05:19,033 [3eeab9a4-47d5-4980-9c6e-5102901e869a@group-F081FF3511EB-SegmentedRaftLogWorker] INFO  segmented.SegmentedRaftLogWorker (SegmentedRaftLogWorker.java:execute(569)) - 3eeab9a4-47d5-4980-9c6e-5102901e869a@group-F081FF3511EB-SegmentedRaftLogWorker: created new log segment /workdir/hadoop-ozone/integration-test/target/test-dir/MiniOzoneClusterImpl-92c4d179-1d16-4416-8bce-4538b25b782c/datanode-4/data/ratis/8e8e3dec-ac18-48dc-941a-f081ff3511eb/current/log_inprogress_0
2019-10-09 13:05:19,154 [Thread-1083] INFO  impl.FollowerState (FollowerState.java:run(106)) - 3eeab9a4-47d5-4980-9c6e-5102901e869a:group-FA60FACA7155 changes to CANDIDATE, lastRpcTime:5082, electionTimeout:5079ms
2019-10-09 13:05:19,155 [Thread-1083] INFO  impl.RoleInfo (RoleInfo.java:shutdownFollowerState(121)) - 3eeab9a4-47d5-4980-9c6e-5102901e869a: shutdown FollowerState
2019-10-09 13:05:19,155 [Thread-1083] INFO  impl.RaftServerImpl (RaftServerImpl.java:setRole(174)) - 3eeab9a4-47d5-4980-9c6e-5102901e869a@group-FA60FACA7155: changes role from  FOLLOWER to CANDIDATE at term 2 for changeToCandidate
2019-10-09 13:05:19,155 [Thread-1083] INFO  impl.RoleInfo (RoleInfo.java:updateAndGet(143)) - 3eeab9a4-47d5-4980-9c6e-5102901e869a: start LeaderElection
2019-10-09 13:05:19,171 [3eeab9a4-47d5-4980-9c6e-5102901e869a@group-FA60FACA7155:LeaderElection92] INFO  impl.LeaderElection (LeaderElection.java:askForVotes(182)) - 3eeab9a4-47d5-4980-9c6e-5102901e869a@group-FA60FACA7155:LeaderElection92: begin an election at term 3 for -1: [194018c8-bd25-415f-9941-0e401fd1a71b:192.168.5.175:36608, 3eeab9a4-47d5-4980-9c6e-5102901e869a:192.168.5.175:43254, a951a5ca-0ab5-470b-9716-44f820a131a6:192.168.5.175:37446], old=null
2019-10-09 13:05:19,173 [grpc-default-executor-10] INFO  impl.RaftServerImpl (RaftServerImpl.java:setRole(174)) - 194018c8-bd25-415f-9941-0e401fd1a71b@group-FA60FACA7155: changes role from  FOLLOWER to FOLLOWER at term 3 for recognizeCandidate:3eeab9a4-47d5-4980-9c6e-5102901e869a
2019-10-09 13:05:19,174 [grpc-default-executor-10] INFO  impl.RoleInfo (RoleInfo.java:shutdownFollowerState(121)) - 194018c8-bd25-415f-9941-0e401fd1a71b: shutdown FollowerState
2019-10-09 13:05:19,174 [grpc-default-executor-10] INFO  impl.RoleInfo (RoleInfo.java:updateAndGet(143)) - 194018c8-bd25-415f-9941-0e401fd1a71b: start FollowerState
2019-10-09 13:05:19,174 [Thread-1095] INFO  impl.FollowerState (FollowerState.java:run(115)) - 194018c8-bd25-415f-9941-0e401fd1a71b: FollowerState was interrupted: java.lang.InterruptedException: sleep interrupted
2019-10-09 13:05:19,177 [grpc-default-executor-4] INFO  impl.RaftServerImpl (RaftServerImpl.java:setRole(174)) - a951a5ca-0ab5-470b-9716-44f820a131a6@group-FA60FACA7155: changes role from  FOLLOWER to FOLLOWER at term 3 for recognizeCandidate:3eeab9a4-47d5-4980-9c6e-5102901e869a
2019-10-09 13:05:19,177 [grpc-default-executor-4] INFO  impl.RoleInfo (RoleInfo.java:shutdownFollowerState(121)) - a951a5ca-0ab5-470b-9716-44f820a131a6: shutdown FollowerState
2019-10-09 13:05:19,178 [grpc-default-executor-4] INFO  impl.RoleInfo (RoleInfo.java:updateAndGet(143)) - a951a5ca-0ab5-470b-9716-44f820a131a6: start FollowerState
2019-10-09 13:05:19,178 [Thread-1093] INFO  impl.FollowerState (FollowerState.java:run(115)) - a951a5ca-0ab5-470b-9716-44f820a131a6: FollowerState was interrupted: java.lang.InterruptedException: sleep interrupted
2019-10-09 13:05:19,191 [3eeab9a4-47d5-4980-9c6e-5102901e869a@group-FA60FACA7155:LeaderElection92] INFO  impl.LeaderElection (LeaderElection.java:logAndReturn(56)) - 3eeab9a4-47d5-4980-9c6e-5102901e869a@group-FA60FACA7155:LeaderElection92: Election PASSED; received 1 response(s) [3eeab9a4-47d5-4980-9c6e-5102901e869a<-a951a5ca-0ab5-470b-9716-44f820a131a6#0:OK-t3] and 0 exception(s); 3eeab9a4-47d5-4980-9c6e-5102901e869a@group-FA60FACA7155:t3, leader=null, voted=3eeab9a4-47d5-4980-9c6e-5102901e869a, raftlog=3eeab9a4-47d5-4980-9c6e-5102901e869a@group-FA60FACA7155-SegmentedRaftLog:OPENED:c-1,f-1,i0, conf=-1: [194018c8-bd25-415f-9941-0e401fd1a71b:192.168.5.175:36608, 3eeab9a4-47d5-4980-9c6e-5102901e869a:192.168.5.175:43254, a951a5ca-0ab5-470b-9716-44f820a131a6:192.168.5.175:37446], old=null
2019-10-09 13:05:19,191 [3eeab9a4-47d5-4980-9c6e-5102901e869a@group-FA60FACA7155:LeaderElection92] INFO  impl.RoleInfo (RoleInfo.java:shutdownLeaderElection(134)) - 3eeab9a4-47d5-4980-9c6e-5102901e869a: shutdown LeaderElection
2019-10-09 13:05:19,191 [3eeab9a4-47d5-4980-9c6e-5102901e869a@group-FA60FACA7155:LeaderElection92] INFO  impl.RaftServerImpl (RaftServerImpl.java:setRole(174)) - 3eeab9a4-47d5-4980-9c6e-5102901e869a@group-FA60FACA7155: changes role from CANDIDATE to LEADER at term 3 for changeToLeader
2019-10-09 13:05:19,192 [3eeab9a4-47d5-4980-9c6e-5102901e869a@group-FA60FACA7155:LeaderElection92] INFO  impl.RaftServerImpl (ServerState.java:setLeader(253)) - 3eeab9a4-47d5-4980-9c6e-5102901e869a@group-FA60FACA7155: change Leader from null to 3eeab9a4-47d5-4980-9c6e-5102901e869a at term 3 for becomeLeader, leader elected after 10346ms
2019-10-09 13:05:19,192 [3eeab9a4-47d5-4980-9c6e-5102901e869a@group-FA60FACA7155:LeaderElection92] INFO  server.RaftServerConfigKeys (ConfUtils.java:logGet(43)) - raft.server.staging.catchup.gap = 1000 (default)
2019-10-09 13:05:19,192 [3eeab9a4-47d5-4980-9c6e-5102901e869a@group-FA60FACA7155:LeaderElection92] INFO  server.RaftServerConfigKeys (ConfUtils.java:logGet(43)) - raft.server.rpc.sleep.time = 25ms (default)
2019-10-09 13:05:19,192 [3eeab9a4-47d5-4980-9c6e-5102901e869a@group-FA60FACA7155:LeaderElection92] INFO  server.RaftServerConfigKeys (ConfUtils.java:logGet(43)) - raft.server.write.element-limit = 4096 (default)
2019-10-09 13:05:19,192 [3eeab9a4-47d5-4980-9c6e-5102901e869a@group-FA60FACA7155:LeaderElection92] INFO  server.RaftServerConfigKeys (ConfUtils.java:logGet(43)) - raft.server.watch.timeout = 10s (default)
2019-10-09 13:05:19,192 [3eeab9a4-47d5-4980-9c6e-5102901e869a@group-FA60FACA7155:LeaderElection92] INFO  server.RaftServerConfigKeys (ConfUtils.java:logGet(43)) - raft.server.watch.timeout.denomination = 1s (default)
2019-10-09 13:05:19,192 [3eeab9a4-47d5-4980-9c6e-5102901e869a@group-FA60FACA7155:LeaderElection92] INFO  server.RaftServerConfigKeys (ConfUtils.java:logGet(43)) - raft.server.watch.element-limit = 65536 (default)
2019-10-09 13:05:19,195 [3eeab9a4-47d5-4980-9c6e-5102901e869a@group-FA60FACA7155:LeaderElection92] INFO  server.RaftServerConfigKeys (ConfUtils.java:logGet(43)) - raft.server.log.appender.snapshot.chunk.size.max = 16MB (=16777216) (default)
2019-10-09 13:05:19,195 [3eeab9a4-47d5-4980-9c6e-5102901e869a@group-FA60FACA7155:LeaderElection92] INFO  server.RaftServerConfigKeys (ConfUtils.java:logGet(43)) - raft.server.log.appender.buffer.byte-limit = 33554432 (custom)
2019-10-09 13:05:19,195 [3eeab9a4-47d5-4980-9c6e-5102901e869a@group-FA60FACA7155:LeaderElection92] INFO  server.RaftServerConfigKeys (ConfUtils.java:logGet(43)) - raft.server.log.appender.buffer.element-limit = 1 (custom)
2019-10-09 13:05:19,196 [3eeab9a4-47d5-4980-9c6e-5102901e869a@group-FA60FACA7155:LeaderElection92] INFO  grpc.GrpcConfigKeys$Server (ConfUtils.java:logGet(43)) - raft.grpc.server.leader.outstanding.appends.max = 128 (default)
2019-10-09 13:05:19,196 [3eeab9a4-47d5-4980-9c6e-5102901e869a@group-FA60FACA7155:LeaderElection92] INFO  server.RaftServerConfigKeys (ConfUtils.java:logGet(43)) - raft.server.rpc.request.timeout = 3000ms (default)
2019-10-09 13:05:19,196 [3eeab9a4-47d5-4980-9c6e-5102901e869a@group-FA60FACA7155:LeaderElection92] INFO  server.RaftServerConfigKeys (ConfUtils.java:logGet(43)) - raft.server.log.appender.install.snapshot.enabled = false (custom)
2019-10-09 13:05:19,196 [3eeab9a4-47d5-4980-9c6e-5102901e869a@group-FA60FACA7155:LeaderElection92] INFO  server.RaftServerConfigKeys (ConfUtils.java:logGet(43)) - raft.server.log.appender.snapshot.chunk.size.max = 16MB (=16777216) (default)
2019-10-09 13:05:19,196 [3eeab9a4-47d5-4980-9c6e-5102901e869a@group-FA60FACA7155:LeaderElection92] INFO  server.RaftServerConfigKeys (ConfUtils.java:logGet(43)) - raft.server.log.appender.buffer.byte-limit = 33554432 (custom)
2019-10-09 13:05:19,196 [3eeab9a4-47d5-4980-9c6e-5102901e869a@group-FA60FACA7155:LeaderElection92] INFO  server.RaftServerConfigKeys (ConfUtils.java:logGet(43)) - raft.server.log.appender.buffer.element-limit = 1 (custom)
2019-10-09 13:05:19,197 [3eeab9a4-47d5-4980-9c6e-5102901e869a@group-FA60FACA7155:LeaderElection92] INFO  grpc.GrpcConfigKeys$Server (ConfUtils.java:logGet(43)) - raft.grpc.server.leader.outstanding.appends.max = 128 (default)
2019-10-09 13:05:19,197 [3eeab9a4-47d5-4980-9c6e-5102901e869a@group-FA60FACA7155:LeaderElection92] INFO  server.RaftServerConfigKeys (ConfUtils.java:logGet(43)) - raft.server.rpc.request.timeout = 3000ms (default)
2019-10-09 13:05:19,197 [3eeab9a4-47d5-4980-9c6e-5102901e869a@group-FA60FACA7155:LeaderElection92] INFO  server.RaftServerConfigKeys (ConfUtils.java:logGet(43)) - raft.server.log.appender.install.snapshot.enabled = false (custom)
2019-10-09 13:05:19,197 [3eeab9a4-47d5-4980-9c6e-5102901e869a@group-FA60FACA7155:LeaderElection92] INFO  impl.RoleInfo (RoleInfo.java:updateAndGet(143)) - 3eeab9a4-47d5-4980-9c6e-5102901e869a: start LeaderState
2019-10-09 13:05:19,197 [3eeab9a4-47d5-4980-9c6e-5102901e869a@group-FA60FACA7155:LeaderElection92] INFO  segmented.SegmentedRaftLogWorker (SegmentedRaftLogWorker.java:startLogSegment(380)) - 3eeab9a4-47d5-4980-9c6e-5102901e869a@group-FA60FACA7155-SegmentedRaftLogWorker: Starting segment from index:0
2019-10-09 13:05:19,198 [3eeab9a4-47d5-4980-9c6e-5102901e869a@group-FA60FACA7155:LeaderElection92] INFO  impl.RaftServerImpl (ServerState.java:setRaftConf(354)) - 3eeab9a4-47d5-4980-9c6e-5102901e869a@group-FA60FACA7155: set configuration 0: [194018c8-bd25-415f-9941-0e401fd1a71b:192.168.5.175:36608, 3eeab9a4-47d5-4980-9c6e-5102901e869a:192.168.5.175:43254, a951a5ca-0ab5-470b-9716-44f820a131a6:192.168.5.175:37446], old=null at 0
2019-10-09 13:05:19,199 [grpc-default-executor-10] INFO  impl.RaftServerImpl (ServerState.java:setLeader(253)) - 194018c8-bd25-415f-9941-0e401fd1a71b@group-FA60FACA7155: change Leader from null to 3eeab9a4-47d5-4980-9c6e-5102901e869a at term 3 for appendEntries, leader elected after 10354ms
2019-10-09 13:05:19,199 [grpc-default-executor-4] INFO  impl.RaftServerImpl (ServerState.java:setLeader(253)) - a951a5ca-0ab5-470b-9716-44f820a131a6@group-FA60FACA7155: change Leader from null to 3eeab9a4-47d5-4980-9c6e-5102901e869a at term 3 for appendEntries, leader elected after 10353ms
2019-10-09 13:05:19,201 [grpc-default-executor-4] INFO  impl.RaftServerImpl (ServerState.java:setRaftConf(354)) - 194018c8-bd25-415f-9941-0e401fd1a71b@group-FA60FACA7155: set configuration 0: [194018c8-bd25-415f-9941-0e401fd1a71b:192.168.5.175:36608, 3eeab9a4-47d5-4980-9c6e-5102901e869a:192.168.5.175:43254, a951a5ca-0ab5-470b-9716-44f820a131a6:192.168.5.175:37446], old=null at 0
2019-10-09 13:05:19,201 [grpc-default-executor-10] INFO  impl.RaftServerImpl (ServerState.java:setRaftConf(354)) - a951a5ca-0ab5-470b-9716-44f820a131a6@group-FA60FACA7155: set configuration 0: [194018c8-bd25-415f-9941-0e401fd1a71b:192.168.5.175:36608, 3eeab9a4-47d5-4980-9c6e-5102901e869a:192.168.5.175:43254, a951a5ca-0ab5-470b-9716-44f820a131a6:192.168.5.175:37446], old=null at 0
2019-10-09 13:05:19,201 [grpc-default-executor-4] INFO  segmented.SegmentedRaftLogWorker (SegmentedRaftLogWorker.java:startLogSegment(380)) - 194018c8-bd25-415f-9941-0e401fd1a71b@group-FA60FACA7155-SegmentedRaftLogWorker: Starting segment from index:0
2019-10-09 13:05:19,201 [grpc-default-executor-10] INFO  segmented.SegmentedRaftLogWorker (SegmentedRaftLogWorker.java:startLogSegment(380)) - a951a5ca-0ab5-470b-9716-44f820a131a6@group-FA60FACA7155-SegmentedRaftLogWorker: Starting segment from index:0
2019-10-09 13:05:19,240 [a951a5ca-0ab5-470b-9716-44f820a131a6@group-FA60FACA7155-SegmentedRaftLogWorker] INFO  segmented.SegmentedRaftLogWorker (SegmentedRaftLogWorker.java:execute(569)) - a951a5ca-0ab5-470b-9716-44f820a131a6@group-FA60FACA7155-SegmentedRaftLogWorker: created new log segment /workdir/hadoop-ozone/integration-test/target/test-dir/MiniOzoneClusterImpl-92c4d179-1d16-4416-8bce-4538b25b782c/datanode-5/data/ratis/9d1fba23-819a-4399-aff0-fa60faca7155/current/log_inprogress_0
2019-10-09 13:05:19,240 [3eeab9a4-47d5-4980-9c6e-5102901e869a@group-FA60FACA7155-SegmentedRaftLogWorker] INFO  segmented.SegmentedRaftLogWorker (SegmentedRaftLogWorker.java:execute(569)) - 3eeab9a4-47d5-4980-9c6e-5102901e869a@group-FA60FACA7155-SegmentedRaftLogWorker: created new log segment /workdir/hadoop-ozone/integration-test/target/test-dir/MiniOzoneClusterImpl-92c4d179-1d16-4416-8bce-4538b25b782c/datanode-4/data/ratis/9d1fba23-819a-4399-aff0-fa60faca7155/current/log_inprogress_0
2019-10-09 13:05:19,240 [194018c8-bd25-415f-9941-0e401fd1a71b@group-FA60FACA7155-SegmentedRaftLogWorker] INFO  segmented.SegmentedRaftLogWorker (SegmentedRaftLogWorker.java:execute(569)) - 194018c8-bd25-415f-9941-0e401fd1a71b@group-FA60FACA7155-SegmentedRaftLogWorker: created new log segment /workdir/hadoop-ozone/integration-test/target/test-dir/MiniOzoneClusterImpl-92c4d179-1d16-4416-8bce-4538b25b782c/datanode-3/data/ratis/9d1fba23-819a-4399-aff0-fa60faca7155/current/log_inprogress_0
2019-10-09 13:05:19,315 [Thread-1115] INFO  impl.FollowerState (FollowerState.java:run(106)) - 3eeab9a4-47d5-4980-9c6e-5102901e869a:group-351DCE0CA7C1 changes to CANDIDATE, lastRpcTime:5050, electionTimeout:5050ms
2019-10-09 13:05:19,316 [Thread-1115] INFO  impl.RoleInfo (RoleInfo.java:shutdownFollowerState(121)) - 3eeab9a4-47d5-4980-9c6e-5102901e869a: shutdown FollowerState
2019-10-09 13:05:19,316 [Thread-1115] INFO  impl.RaftServerImpl (RaftServerImpl.java:setRole(174)) - 3eeab9a4-47d5-4980-9c6e-5102901e869a@group-351DCE0CA7C1: changes role from  FOLLOWER to CANDIDATE at term 1 for changeToCandidate
2019-10-09 13:05:19,316 [Thread-1115] INFO  impl.RoleInfo (RoleInfo.java:updateAndGet(143)) - 3eeab9a4-47d5-4980-9c6e-5102901e869a: start LeaderElection
2019-10-09 13:05:19,319 [Datanode State Machine Thread - 0] INFO  statemachine.DatanodeStateMachine (DatanodeStateMachine.java:lambda$startDaemon$0(350)) - Ozone container server started.
2019-10-09 13:05:19,360 [3eeab9a4-47d5-4980-9c6e-5102901e869a@group-351DCE0CA7C1:LeaderElection93] INFO  impl.LeaderElection (LeaderElection.java:askForVotes(182)) - 3eeab9a4-47d5-4980-9c6e-5102901e869a@group-351DCE0CA7C1:LeaderElection93: begin an election at term 2 for -1: [194018c8-bd25-415f-9941-0e401fd1a71b:192.168.5.175:36608, a951a5ca-0ab5-470b-9716-44f820a131a6:192.168.5.175:37446, 3eeab9a4-47d5-4980-9c6e-5102901e869a:192.168.5.175:43254], old=null
2019-10-09 13:05:19,363 [grpc-default-executor-10] INFO  impl.RaftServerImpl (RaftServerImpl.java:setRole(174)) - 194018c8-bd25-415f-9941-0e401fd1a71b@group-351DCE0CA7C1: changes role from  FOLLOWER to FOLLOWER at term 2 for recognizeCandidate:3eeab9a4-47d5-4980-9c6e-5102901e869a
2019-10-09 13:05:19,363 [grpc-default-executor-4] INFO  impl.RaftServerImpl (RaftServerImpl.java:setRole(174)) - a951a5ca-0ab5-470b-9716-44f820a131a6@group-351DCE0CA7C1: changes role from  FOLLOWER to FOLLOWER at term 2 for recognizeCandidate:3eeab9a4-47d5-4980-9c6e-5102901e869a
2019-10-09 13:05:19,363 [grpc-default-executor-10] INFO  impl.RoleInfo (RoleInfo.java:shutdownFollowerState(121)) - 194018c8-bd25-415f-9941-0e401fd1a71b: shutdown FollowerState
2019-10-09 13:05:19,363 [grpc-default-executor-4] INFO  impl.RoleInfo (RoleInfo.java:shutdownFollowerState(121)) - a951a5ca-0ab5-470b-9716-44f820a131a6: shutdown FollowerState
2019-10-09 13:05:19,363 [Thread-1114] INFO  impl.FollowerState (FollowerState.java:run(115)) - 194018c8-bd25-415f-9941-0e401fd1a71b: FollowerState was interrupted: java.lang.InterruptedException: sleep interrupted
2019-10-09 13:05:19,363 [Thread-1113] INFO  impl.FollowerState (FollowerState.java:run(115)) - a951a5ca-0ab5-470b-9716-44f820a131a6: FollowerState was interrupted: java.lang.InterruptedException: sleep interrupted
2019-10-09 13:05:19,363 [grpc-default-executor-10] INFO  impl.RoleInfo (RoleInfo.java:updateAndGet(143)) - 194018c8-bd25-415f-9941-0e401fd1a71b: start FollowerState
2019-10-09 13:05:19,363 [grpc-default-executor-4] INFO  impl.RoleInfo (RoleInfo.java:updateAndGet(143)) - a951a5ca-0ab5-470b-9716-44f820a131a6: start FollowerState
2019-10-09 13:05:19,384 [3eeab9a4-47d5-4980-9c6e-5102901e869a@group-351DCE0CA7C1:LeaderElection93] INFO  impl.LeaderElection (LeaderElection.java:logAndReturn(56)) - 3eeab9a4-47d5-4980-9c6e-5102901e869a@group-351DCE0CA7C1:LeaderElection93: Election PASSED; received 1 response(s) [3eeab9a4-47d5-4980-9c6e-5102901e869a<-194018c8-bd25-415f-9941-0e401fd1a71b#0:OK-t2] and 0 exception(s); 3eeab9a4-47d5-4980-9c6e-5102901e869a@group-351DCE0CA7C1:t2, leader=null, voted=3eeab9a4-47d5-4980-9c6e-5102901e869a, raftlog=3eeab9a4-47d5-4980-9c6e-5102901e869a@group-351DCE0CA7C1-SegmentedRaftLog:OPENED:c-1,f-1,i0, conf=-1: [194018c8-bd25-415f-9941-0e401fd1a71b:192.168.5.175:36608, a951a5ca-0ab5-470b-9716-44f820a131a6:192.168.5.175:37446, 3eeab9a4-47d5-4980-9c6e-5102901e869a:192.168.5.175:43254], old=null
2019-10-09 13:05:19,384 [3eeab9a4-47d5-4980-9c6e-5102901e869a@group-351DCE0CA7C1:LeaderElection93] INFO  impl.RoleInfo (RoleInfo.java:shutdownLeaderElection(134)) - 3eeab9a4-47d5-4980-9c6e-5102901e869a: shutdown LeaderElection
2019-10-09 13:05:19,384 [3eeab9a4-47d5-4980-9c6e-5102901e869a@group-351DCE0CA7C1:LeaderElection93] INFO  impl.RaftServerImpl (RaftServerImpl.java:setRole(174)) - 3eeab9a4-47d5-4980-9c6e-5102901e869a@group-351DCE0CA7C1: changes role from CANDIDATE to LEADER at term 2 for changeToLeader
2019-10-09 13:05:19,385 [3eeab9a4-47d5-4980-9c6e-5102901e869a@group-351DCE0CA7C1:LeaderElection93] INFO  impl.RaftServerImpl (ServerState.java:setLeader(253)) - 3eeab9a4-47d5-4980-9c6e-5102901e869a@group-351DCE0CA7C1: change Leader from null to 3eeab9a4-47d5-4980-9c6e-5102901e869a at term 2 for becomeLeader, leader elected after 10342ms
2019-10-09 13:05:19,385 [3eeab9a4-47d5-4980-9c6e-5102901e869a@group-351DCE0CA7C1:LeaderElection93] INFO  server.RaftServerConfigKeys (ConfUtils.java:logGet(43)) - raft.server.staging.catchup.gap = 1000 (default)
2019-10-09 13:05:19,385 [3eeab9a4-47d5-4980-9c6e-5102901e869a@group-351DCE0CA7C1:LeaderElection93] INFO  server.RaftServerConfigKeys (ConfUtils.java:logGet(43)) - raft.server.rpc.sleep.time = 25ms (default)
2019-10-09 13:05:19,385 [3eeab9a4-47d5-4980-9c6e-5102901e869a@group-351DCE0CA7C1:LeaderElection93] INFO  server.RaftServerConfigKeys (ConfUtils.java:logGet(43)) - raft.server.write.element-limit = 4096 (default)
2019-10-09 13:05:19,386 [3eeab9a4-47d5-4980-9c6e-5102901e869a@group-351DCE0CA7C1:LeaderElection93] INFO  server.RaftServerConfigKeys (ConfUtils.java:logGet(43)) - raft.server.watch.timeout = 10s (default)
2019-10-09 13:05:19,386 [3eeab9a4-47d5-4980-9c6e-5102901e869a@group-351DCE0CA7C1:LeaderElection93] INFO  server.RaftServerConfigKeys (ConfUtils.java:logGet(43)) - raft.server.watch.timeout.denomination = 1s (default)
2019-10-09 13:05:19,386 [3eeab9a4-47d5-4980-9c6e-5102901e869a@group-351DCE0CA7C1:LeaderElection93] INFO  server.RaftServerConfigKeys (ConfUtils.java:logGet(43)) - raft.server.watch.element-limit = 65536 (default)
2019-10-09 13:05:19,389 [3eeab9a4-47d5-4980-9c6e-5102901e869a@group-351DCE0CA7C1:LeaderElection93] INFO  server.RaftServerConfigKeys (ConfUtils.java:logGet(43)) - raft.server.log.appender.snapshot.chunk.size.max = 16MB (=16777216) (default)
2019-10-09 13:05:19,389 [3eeab9a4-47d5-4980-9c6e-5102901e869a@group-351DCE0CA7C1:LeaderElection93] INFO  server.RaftServerConfigKeys (ConfUtils.java:logGet(43)) - raft.server.log.appender.buffer.byte-limit = 33554432 (custom)
2019-10-09 13:05:19,389 [3eeab9a4-47d5-4980-9c6e-5102901e869a@group-351DCE0CA7C1:LeaderElection93] INFO  server.RaftServerConfigKeys (ConfUtils.java:logGet(43)) - raft.server.log.appender.buffer.element-limit = 1 (custom)
2019-10-09 13:05:19,389 [3eeab9a4-47d5-4980-9c6e-5102901e869a@group-351DCE0CA7C1:LeaderElection93] INFO  grpc.GrpcConfigKeys$Server (ConfUtils.java:logGet(43)) - raft.grpc.server.leader.outstanding.appends.max = 128 (default)
2019-10-09 13:05:19,389 [3eeab9a4-47d5-4980-9c6e-5102901e869a@group-351DCE0CA7C1:LeaderElection93] INFO  server.RaftServerConfigKeys (ConfUtils.java:logGet(43)) - raft.server.rpc.request.timeout = 3000ms (default)
2019-10-09 13:05:19,390 [3eeab9a4-47d5-4980-9c6e-5102901e869a@group-351DCE0CA7C1:LeaderElection93] INFO  server.RaftServerConfigKeys (ConfUtils.java:logGet(43)) - raft.server.log.appender.install.snapshot.enabled = false (custom)
2019-10-09 13:05:19,390 [3eeab9a4-47d5-4980-9c6e-5102901e869a@group-351DCE0CA7C1:LeaderElection93] INFO  server.RaftServerConfigKeys (ConfUtils.java:logGet(43)) - raft.server.log.appender.snapshot.chunk.size.max = 16MB (=16777216) (default)
2019-10-09 13:05:19,390 [3eeab9a4-47d5-4980-9c6e-5102901e869a@group-351DCE0CA7C1:LeaderElection93] INFO  server.RaftServerConfigKeys (ConfUtils.java:logGet(43)) - raft.server.log.appender.buffer.byte-limit = 33554432 (custom)
2019-10-09 13:05:19,390 [3eeab9a4-47d5-4980-9c6e-5102901e869a@group-351DCE0CA7C1:LeaderElection93] INFO  server.RaftServerConfigKeys (ConfUtils.java:logGet(43)) - raft.server.log.appender.buffer.element-limit = 1 (custom)
2019-10-09 13:05:19,390 [3eeab9a4-47d5-4980-9c6e-5102901e869a@group-351DCE0CA7C1:LeaderElection93] INFO  grpc.GrpcConfigKeys$Server (ConfUtils.java:logGet(43)) - raft.grpc.server.leader.outstanding.appends.max = 128 (default)
2019-10-09 13:05:19,391 [3eeab9a4-47d5-4980-9c6e-5102901e869a@group-351DCE0CA7C1:LeaderElection93] INFO  server.RaftServerConfigKeys (ConfUtils.java:logGet(43)) - raft.server.rpc.request.timeout = 3000ms (default)
2019-10-09 13:05:19,391 [3eeab9a4-47d5-4980-9c6e-5102901e869a@group-351DCE0CA7C1:LeaderElection93] INFO  server.RaftServerConfigKeys (ConfUtils.java:logGet(43)) - raft.server.log.appender.install.snapshot.enabled = false (custom)
2019-10-09 13:05:19,391 [3eeab9a4-47d5-4980-9c6e-5102901e869a@group-351DCE0CA7C1:LeaderElection93] INFO  impl.RoleInfo (RoleInfo.java:updateAndGet(143)) - 3eeab9a4-47d5-4980-9c6e-5102901e869a: start LeaderState
2019-10-09 13:05:19,391 [3eeab9a4-47d5-4980-9c6e-5102901e869a@group-351DCE0CA7C1:LeaderElection93] INFO  segmented.SegmentedRaftLogWorker (SegmentedRaftLogWorker.java:startLogSegment(380)) - 3eeab9a4-47d5-4980-9c6e-5102901e869a@group-351DCE0CA7C1-SegmentedRaftLogWorker: Starting segment from index:0
2019-10-09 13:05:19,392 [3eeab9a4-47d5-4980-9c6e-5102901e869a@group-351DCE0CA7C1:LeaderElection93] INFO  impl.RaftServerImpl (ServerState.java:setRaftConf(354)) - 3eeab9a4-47d5-4980-9c6e-5102901e869a@group-351DCE0CA7C1: set configuration 0: [194018c8-bd25-415f-9941-0e401fd1a71b:192.168.5.175:36608, a951a5ca-0ab5-470b-9716-44f820a131a6:192.168.5.175:37446, 3eeab9a4-47d5-4980-9c6e-5102901e869a:192.168.5.175:43254], old=null at 0
2019-10-09 13:05:19,419 [grpc-default-executor-10] INFO  impl.RaftServerImpl (ServerState.java:setLeader(253)) - 194018c8-bd25-415f-9941-0e401fd1a71b@group-351DCE0CA7C1: change Leader from null to 3eeab9a4-47d5-4980-9c6e-5102901e869a at term 2 for appendEntries, leader elected after 10376ms
2019-10-09 13:05:19,419 [grpc-default-executor-4] INFO  impl.RaftServerImpl (ServerState.java:setLeader(253)) - a951a5ca-0ab5-470b-9716-44f820a131a6@group-351DCE0CA7C1: change Leader from null to 3eeab9a4-47d5-4980-9c6e-5102901e869a at term 2 for appendEntries, leader elected after 10377ms
2019-10-09 13:05:19,422 [grpc-default-executor-4] INFO  impl.RaftServerImpl (ServerState.java:setRaftConf(354)) - 194018c8-bd25-415f-9941-0e401fd1a71b@group-351DCE0CA7C1: set configuration 0: [194018c8-bd25-415f-9941-0e401fd1a71b:192.168.5.175:36608, a951a5ca-0ab5-470b-9716-44f820a131a6:192.168.5.175:37446, 3eeab9a4-47d5-4980-9c6e-5102901e869a:192.168.5.175:43254], old=null at 0
2019-10-09 13:05:19,422 [grpc-default-executor-10] INFO  impl.RaftServerImpl (ServerState.java:setRaftConf(354)) - a951a5ca-0ab5-470b-9716-44f820a131a6@group-351DCE0CA7C1: set configuration 0: [194018c8-bd25-415f-9941-0e401fd1a71b:192.168.5.175:36608, a951a5ca-0ab5-470b-9716-44f820a131a6:192.168.5.175:37446, 3eeab9a4-47d5-4980-9c6e-5102901e869a:192.168.5.175:43254], old=null at 0
2019-10-09 13:05:19,422 [grpc-default-executor-4] INFO  segmented.SegmentedRaftLogWorker (SegmentedRaftLogWorker.java:startLogSegment(380)) - 194018c8-bd25-415f-9941-0e401fd1a71b@group-351DCE0CA7C1-SegmentedRaftLogWorker: Starting segment from index:0
2019-10-09 13:05:19,422 [grpc-default-executor-10] INFO  segmented.SegmentedRaftLogWorker (SegmentedRaftLogWorker.java:startLogSegment(380)) - a951a5ca-0ab5-470b-9716-44f820a131a6@group-351DCE0CA7C1-SegmentedRaftLogWorker: Starting segment from index:0
2019-10-09 13:05:19,430 [3eeab9a4-47d5-4980-9c6e-5102901e869a@group-351DCE0CA7C1-SegmentedRaftLogWorker] INFO  segmented.SegmentedRaftLogWorker (SegmentedRaftLogWorker.java:execute(569)) - 3eeab9a4-47d5-4980-9c6e-5102901e869a@group-351DCE0CA7C1-SegmentedRaftLogWorker: created new log segment /workdir/hadoop-ozone/integration-test/target/test-dir/MiniOzoneClusterImpl-92c4d179-1d16-4416-8bce-4538b25b782c/datanode-4/data/ratis/81db0a56-23c9-45ae-b24c-351dce0ca7c1/current/log_inprogress_0
2019-10-09 13:05:19,458 [194018c8-bd25-415f-9941-0e401fd1a71b@group-351DCE0CA7C1-SegmentedRaftLogWorker] INFO  segmented.SegmentedRaftLogWorker (SegmentedRaftLogWorker.java:execute(569)) - 194018c8-bd25-415f-9941-0e401fd1a71b@group-351DCE0CA7C1-SegmentedRaftLogWorker: created new log segment /workdir/hadoop-ozone/integration-test/target/test-dir/MiniOzoneClusterImpl-92c4d179-1d16-4416-8bce-4538b25b782c/datanode-3/data/ratis/81db0a56-23c9-45ae-b24c-351dce0ca7c1/current/log_inprogress_0
2019-10-09 13:05:19,472 [a951a5ca-0ab5-470b-9716-44f820a131a6@group-351DCE0CA7C1-SegmentedRaftLogWorker] INFO  segmented.SegmentedRaftLogWorker (SegmentedRaftLogWorker.java:execute(569)) - a951a5ca-0ab5-470b-9716-44f820a131a6@group-351DCE0CA7C1-SegmentedRaftLogWorker: created new log segment /workdir/hadoop-ozone/integration-test/target/test-dir/MiniOzoneClusterImpl-92c4d179-1d16-4416-8bce-4538b25b782c/datanode-5/data/ratis/81db0a56-23c9-45ae-b24c-351dce0ca7c1/current/log_inprogress_0
2019-10-09 13:05:19,744 [Datanode State Machine Thread - 0] INFO  statemachine.DatanodeStateMachine (DatanodeStateMachine.java:lambda$startDaemon$0(350)) - Ozone container server started.
2019-10-09 13:05:23,387 [EventQueue-StaleNodeForStaleNodeHandler] INFO  node.StaleNodeHandler (StaleNodeHandler.java:onMessage(58)) - Datanode 037d843d-d447-45fa-b1c7-b719ecfa6684{ip: 192.168.5.175, host: pr-hdds-1569-mfl88-1504498049, networkLocation: /default-rack, certSerialId: null} moved to stale state. Finalizing its pipelines [PipelineID=182d1a2c-c69c-4570-b387-9f0695e48dbc]
2019-10-09 13:05:23,388 [EventQueue-StaleNodeForStaleNodeHandler] INFO  pipeline.SCMPipelineManager (SCMPipelineManager.java:finalizeAndDestroyPipeline(342)) - destroying pipeline:Pipeline[ Id: 182d1a2c-c69c-4570-b387-9f0695e48dbc, Nodes: 037d843d-d447-45fa-b1c7-b719ecfa6684{ip: 192.168.5.175, host: pr-hdds-1569-mfl88-1504498049, networkLocation: /default-rack, certSerialId: null}, Type:RATIS, Factor:ONE, State:OPEN]
2019-10-09 13:05:23,388 [EventQueue-StaleNodeForStaleNodeHandler] INFO  pipeline.PipelineStateManager (PipelineStateManager.java:finalizePipeline(123)) - Pipeline Pipeline[ Id: 182d1a2c-c69c-4570-b387-9f0695e48dbc, Nodes: 037d843d-d447-45fa-b1c7-b719ecfa6684{ip: 192.168.5.175, host: pr-hdds-1569-mfl88-1504498049, networkLocation: /default-rack, certSerialId: null}, Type:RATIS, Factor:ONE, State:CLOSED] moved to CLOSED state
2019-10-09 13:05:23,788 [EventQueue-StaleNodeForStaleNodeHandler] INFO  node.StaleNodeHandler (StaleNodeHandler.java:onMessage(58)) - Datanode 3eeab9a4-47d5-4980-9c6e-5102901e869a{ip: 192.168.5.175, host: pr-hdds-1569-mfl88-1504498049, networkLocation: /default-rack, certSerialId: null} moved to stale state. Finalizing its pipelines [PipelineID=31f3c08f-cd97-41c5-b7ef-0e7b0a816ccb, PipelineID=ecad9feb-35ca-4082-b7b2-9802512aa034, PipelineID=9d1fba23-819a-4399-aff0-fa60faca7155, PipelineID=efeb12e1-b1df-4135-b5eb-867fd2ada018, PipelineID=8e8e3dec-ac18-48dc-941a-f081ff3511eb, PipelineID=33a2bd62-eb4e-4a29-8c12-b09a4d417e08, PipelineID=81db0a56-23c9-45ae-b24c-351dce0ca7c1, PipelineID=d9b70c17-76ac-42f0-ae06-611ecb217b3f, PipelineID=a4b5fb1d-2135-408d-a6c6-279687b9e8c5, PipelineID=64310bd5-a2d3-4962-84b2-150b5479a3db]
2019-10-09 13:05:23,789 [EventQueue-StaleNodeForStaleNodeHandler] INFO  pipeline.SCMPipelineManager (SCMPipelineManager.java:finalizeAndDestroyPipeline(342)) - destroying pipeline:Pipeline[ Id: 31f3c08f-cd97-41c5-b7ef-0e7b0a816ccb, Nodes: 3eeab9a4-47d5-4980-9c6e-5102901e869a{ip: 192.168.5.175, host: pr-hdds-1569-mfl88-1504498049, networkLocation: /default-rack, certSerialId: null}, Type:RATIS, Factor:ONE, State:OPEN]
2019-10-09 13:05:23,789 [EventQueue-StaleNodeForStaleNodeHandler] INFO  pipeline.PipelineStateManager (PipelineStateManager.java:finalizePipeline(123)) - Pipeline Pipeline[ Id: 31f3c08f-cd97-41c5-b7ef-0e7b0a816ccb, Nodes: 3eeab9a4-47d5-4980-9c6e-5102901e869a{ip: 192.168.5.175, host: pr-hdds-1569-mfl88-1504498049, networkLocation: /default-rack, certSerialId: null}, Type:RATIS, Factor:ONE, State:CLOSED] moved to CLOSED state
2019-10-09 13:05:23,789 [EventQueue-StaleNodeForStaleNodeHandler] INFO  pipeline.SCMPipelineManager (SCMPipelineManager.java:finalizeAndDestroyPipeline(342)) - destroying pipeline:Pipeline[ Id: ecad9feb-35ca-4082-b7b2-9802512aa034, Nodes: a951a5ca-0ab5-470b-9716-44f820a131a6{ip: 192.168.5.175, host: pr-hdds-1569-mfl88-1504498049, networkLocation: /default-rack, certSerialId: null}3eeab9a4-47d5-4980-9c6e-5102901e869a{ip: 192.168.5.175, host: pr-hdds-1569-mfl88-1504498049, networkLocation: /default-rack, certSerialId: null}194018c8-bd25-415f-9941-0e401fd1a71b{ip: 192.168.5.175, host: pr-hdds-1569-mfl88-1504498049, networkLocation: /default-rack, certSerialId: null}, Type:RATIS, Factor:THREE, State:OPEN]
2019-10-09 13:05:23,789 [EventQueue-StaleNodeForStaleNodeHandler] INFO  pipeline.PipelineStateManager (PipelineStateManager.java:finalizePipeline(123)) - Pipeline Pipeline[ Id: ecad9feb-35ca-4082-b7b2-9802512aa034, Nodes: a951a5ca-0ab5-470b-9716-44f820a131a6{ip: 192.168.5.175, host: pr-hdds-1569-mfl88-1504498049, networkLocation: /default-rack, certSerialId: null}3eeab9a4-47d5-4980-9c6e-5102901e869a{ip: 192.168.5.175, host: pr-hdds-1569-mfl88-1504498049, networkLocation: /default-rack, certSerialId: null}194018c8-bd25-415f-9941-0e401fd1a71b{ip: 192.168.5.175, host: pr-hdds-1569-mfl88-1504498049, networkLocation: /default-rack, certSerialId: null}, Type:RATIS, Factor:THREE, State:CLOSED] moved to CLOSED state
2019-10-09 13:05:23,790 [EventQueue-StaleNodeForStaleNodeHandler] INFO  pipeline.SCMPipelineManager (SCMPipelineManager.java:finalizeAndDestroyPipeline(342)) - destroying pipeline:Pipeline[ Id: 9d1fba23-819a-4399-aff0-fa60faca7155, Nodes: 3eeab9a4-47d5-4980-9c6e-5102901e869a{ip: 192.168.5.175, host: pr-hdds-1569-mfl88-1504498049, networkLocation: /default-rack, certSerialId: null}194018c8-bd25-415f-9941-0e401fd1a71b{ip: 192.168.5.175, host: pr-hdds-1569-mfl88-1504498049, networkLocation: /default-rack, certSerialId: null}a951a5ca-0ab5-470b-9716-44f820a131a6{ip: 192.168.5.175, host: pr-hdds-1569-mfl88-1504498049, networkLocation: /default-rack, certSerialId: null}, Type:RATIS, Factor:THREE, State:OPEN]
2019-10-09 13:05:23,790 [EventQueue-StaleNodeForStaleNodeHandler] INFO  pipeline.PipelineStateManager (PipelineStateManager.java:finalizePipeline(123)) - Pipeline Pipeline[ Id: 9d1fba23-819a-4399-aff0-fa60faca7155, Nodes: 3eeab9a4-47d5-4980-9c6e-5102901e869a{ip: 192.168.5.175, host: pr-hdds-1569-mfl88-1504498049, networkLocation: /default-rack, certSerialId: null}194018c8-bd25-415f-9941-0e401fd1a71b{ip: 192.168.5.175, host: pr-hdds-1569-mfl88-1504498049, networkLocation: /default-rack, certSerialId: null}a951a5ca-0ab5-470b-9716-44f820a131a6{ip: 192.168.5.175, host: pr-hdds-1569-mfl88-1504498049, networkLocation: /default-rack, certSerialId: null}, Type:RATIS, Factor:THREE, State:CLOSED] moved to CLOSED state
2019-10-09 13:05:23,790 [EventQueue-StaleNodeForStaleNodeHandler] INFO  pipeline.SCMPipelineManager (SCMPipelineManager.java:finalizeAndDestroyPipeline(342)) - destroying pipeline:Pipeline[ Id: efeb12e1-b1df-4135-b5eb-867fd2ada018, Nodes: 3eeab9a4-47d5-4980-9c6e-5102901e869a{ip: 192.168.5.175, host: pr-hdds-1569-mfl88-1504498049, networkLocation: /default-rack, certSerialId: null}a951a5ca-0ab5-470b-9716-44f820a131a6{ip: 192.168.5.175, host: pr-hdds-1569-mfl88-1504498049, networkLocation: /default-rack, certSerialId: null}194018c8-bd25-415f-9941-0e401fd1a71b{ip: 192.168.5.175, host: pr-hdds-1569-mfl88-1504498049, networkLocation: /default-rack, certSerialId: null}, Type:RATIS, Factor:THREE, State:OPEN]
2019-10-09 13:05:23,791 [EventQueue-StaleNodeForStaleNodeHandler] INFO  pipeline.PipelineStateManager (PipelineStateManager.java:finalizePipeline(123)) - Pipeline Pipeline[ Id: efeb12e1-b1df-4135-b5eb-867fd2ada018, Nodes: 3eeab9a4-47d5-4980-9c6e-5102901e869a{ip: 192.168.5.175, host: pr-hdds-1569-mfl88-1504498049, networkLocation: /default-rack, certSerialId: null}a951a5ca-0ab5-470b-9716-44f820a131a6{ip: 192.168.5.175, host: pr-hdds-1569-mfl88-1504498049, networkLocation: /default-rack, certSerialId: null}194018c8-bd25-415f-9941-0e401fd1a71b{ip: 192.168.5.175, host: pr-hdds-1569-mfl88-1504498049, networkLocation: /default-rack, certSerialId: null}, Type:RATIS, Factor:THREE, State:CLOSED] moved to CLOSED state
2019-10-09 13:05:23,791 [EventQueue-StaleNodeForStaleNodeHandler] INFO  pipeline.SCMPipelineManager (SCMPipelineManager.java:finalizeAndDestroyPipeline(342)) - destroying pipeline:Pipeline[ Id: 8e8e3dec-ac18-48dc-941a-f081ff3511eb, Nodes: 3eeab9a4-47d5-4980-9c6e-5102901e869a{ip: 192.168.5.175, host: pr-hdds-1569-mfl88-1504498049, networkLocation: /default-rack, certSerialId: null}194018c8-bd25-415f-9941-0e401fd1a71b{ip: 192.168.5.175, host: pr-hdds-1569-mfl88-1504498049, networkLocation: /default-rack, certSerialId: null}a951a5ca-0ab5-470b-9716-44f820a131a6{ip: 192.168.5.175, host: pr-hdds-1569-mfl88-1504498049, networkLocation: /default-rack, certSerialId: null}, Type:RATIS, Factor:THREE, State:OPEN]
2019-10-09 13:05:23,791 [EventQueue-StaleNodeForStaleNodeHandler] INFO  pipeline.PipelineStateManager (PipelineStateManager.java:finalizePipeline(123)) - Pipeline Pipeline[ Id: 8e8e3dec-ac18-48dc-941a-f081ff3511eb, Nodes: 3eeab9a4-47d5-4980-9c6e-5102901e869a{ip: 192.168.5.175, host: pr-hdds-1569-mfl88-1504498049, networkLocation: /default-rack, certSerialId: null}194018c8-bd25-415f-9941-0e401fd1a71b{ip: 192.168.5.175, host: pr-hdds-1569-mfl88-1504498049, networkLocation: /default-rack, certSerialId: null}a951a5ca-0ab5-470b-9716-44f820a131a6{ip: 192.168.5.175, host: pr-hdds-1569-mfl88-1504498049, networkLocation: /default-rack, certSerialId: null}, Type:RATIS, Factor:THREE, State:CLOSED] moved to CLOSED state
2019-10-09 13:05:23,791 [EventQueue-StaleNodeForStaleNodeHandler] INFO  pipeline.SCMPipelineManager (SCMPipelineManager.java:finalizeAndDestroyPipeline(342)) - destroying pipeline:Pipeline[ Id: 33a2bd62-eb4e-4a29-8c12-b09a4d417e08, Nodes: a951a5ca-0ab5-470b-9716-44f820a131a6{ip: 192.168.5.175, host: pr-hdds-1569-mfl88-1504498049, networkLocation: /default-rack, certSerialId: null}194018c8-bd25-415f-9941-0e401fd1a71b{ip: 192.168.5.175, host: pr-hdds-1569-mfl88-1504498049, networkLocation: /default-rack, certSerialId: null}3eeab9a4-47d5-4980-9c6e-5102901e869a{ip: 192.168.5.175, host: pr-hdds-1569-mfl88-1504498049, networkLocation: /default-rack, certSerialId: null}, Type:RATIS, Factor:THREE, State:OPEN]
2019-10-09 13:05:23,792 [EventQueue-StaleNodeForStaleNodeHandler] INFO  pipeline.PipelineStateManager (PipelineStateManager.java:finalizePipeline(123)) - Pipeline Pipeline[ Id: 33a2bd62-eb4e-4a29-8c12-b09a4d417e08, Nodes: a951a5ca-0ab5-470b-9716-44f820a131a6{ip: 192.168.5.175, host: pr-hdds-1569-mfl88-1504498049, networkLocation: /default-rack, certSerialId: null}194018c8-bd25-415f-9941-0e401fd1a71b{ip: 192.168.5.175, host: pr-hdds-1569-mfl88-1504498049, networkLocation: /default-rack, certSerialId: null}3eeab9a4-47d5-4980-9c6e-5102901e869a{ip: 192.168.5.175, host: pr-hdds-1569-mfl88-1504498049, networkLocation: /default-rack, certSerialId: null}, Type:RATIS, Factor:THREE, State:CLOSED] moved to CLOSED state
2019-10-09 13:05:23,792 [EventQueue-StaleNodeForStaleNodeHandler] INFO  pipeline.SCMPipelineManager (SCMPipelineManager.java:finalizeAndDestroyPipeline(342)) - destroying pipeline:Pipeline[ Id: 81db0a56-23c9-45ae-b24c-351dce0ca7c1, Nodes: a951a5ca-0ab5-470b-9716-44f820a131a6{ip: 192.168.5.175, host: pr-hdds-1569-mfl88-1504498049, networkLocation: /default-rack, certSerialId: null}194018c8-bd25-415f-9941-0e401fd1a71b{ip: 192.168.5.175, host: pr-hdds-1569-mfl88-1504498049, networkLocation: /default-rack, certSerialId: null}3eeab9a4-47d5-4980-9c6e-5102901e869a{ip: 192.168.5.175, host: pr-hdds-1569-mfl88-1504498049, networkLocation: /default-rack, certSerialId: null}, Type:RATIS, Factor:THREE, State:OPEN]
2019-10-09 13:05:23,792 [EventQueue-StaleNodeForStaleNodeHandler] INFO  pipeline.PipelineStateManager (PipelineStateManager.java:finalizePipeline(123)) - Pipeline Pipeline[ Id: 81db0a56-23c9-45ae-b24c-351dce0ca7c1, Nodes: a951a5ca-0ab5-470b-9716-44f820a131a6{ip: 192.168.5.175, host: pr-hdds-1569-mfl88-1504498049, networkLocation: /default-rack, certSerialId: null}194018c8-bd25-415f-9941-0e401fd1a71b{ip: 192.168.5.175, host: pr-hdds-1569-mfl88-1504498049, networkLocation: /default-rack, certSerialId: null}3eeab9a4-47d5-4980-9c6e-5102901e869a{ip: 192.168.5.175, host: pr-hdds-1569-mfl88-1504498049, networkLocation: /default-rack, certSerialId: null}, Type:RATIS, Factor:THREE, State:CLOSED] moved to CLOSED state
2019-10-09 13:05:23,792 [EventQueue-StaleNodeForStaleNodeHandler] INFO  pipeline.SCMPipelineManager (SCMPipelineManager.java:finalizeAndDestroyPipeline(342)) - destroying pipeline:Pipeline[ Id: d9b70c17-76ac-42f0-ae06-611ecb217b3f, Nodes: a951a5ca-0ab5-470b-9716-44f820a131a6{ip: 192.168.5.175, host: pr-hdds-1569-mfl88-1504498049, networkLocation: /default-rack, certSerialId: null}194018c8-bd25-415f-9941-0e401fd1a71b{ip: 192.168.5.175, host: pr-hdds-1569-mfl88-1504498049, networkLocation: /default-rack, certSerialId: null}3eeab9a4-47d5-4980-9c6e-5102901e869a{ip: 192.168.5.175, host: pr-hdds-1569-mfl88-1504498049, networkLocation: /default-rack, certSerialId: null}, Type:RATIS, Factor:THREE, State:OPEN]
2019-10-09 13:05:23,793 [EventQueue-StaleNodeForStaleNodeHandler] INFO  pipeline.PipelineStateManager (PipelineStateManager.java:finalizePipeline(123)) - Pipeline Pipeline[ Id: d9b70c17-76ac-42f0-ae06-611ecb217b3f, Nodes: a951a5ca-0ab5-470b-9716-44f820a131a6{ip: 192.168.5.175, host: pr-hdds-1569-mfl88-1504498049, networkLocation: /default-rack, certSerialId: null}194018c8-bd25-415f-9941-0e401fd1a71b{ip: 192.168.5.175, host: pr-hdds-1569-mfl88-1504498049, networkLocation: /default-rack, certSerialId: null}3eeab9a4-47d5-4980-9c6e-5102901e869a{ip: 192.168.5.175, host: pr-hdds-1569-mfl88-1504498049, networkLocation: /default-rack, certSerialId: null}, Type:RATIS, Factor:THREE, State:CLOSED] moved to CLOSED state
2019-10-09 13:05:23,793 [EventQueue-CloseContainerForCloseContainerEventHandler] INFO  container.CloseContainerEventHandler (CloseContainerEventHandler.java:onMessage(61)) - Close container Event triggered for container : #3
2019-10-09 13:05:23,793 [EventQueue-StaleNodeForStaleNodeHandler] INFO  pipeline.SCMPipelineManager (SCMPipelineManager.java:finalizeAndDestroyPipeline(342)) - destroying pipeline:Pipeline[ Id: a4b5fb1d-2135-408d-a6c6-279687b9e8c5, Nodes: a951a5ca-0ab5-470b-9716-44f820a131a6{ip: 192.168.5.175, host: pr-hdds-1569-mfl88-1504498049, networkLocation: /default-rack, certSerialId: null}194018c8-bd25-415f-9941-0e401fd1a71b{ip: 192.168.5.175, host: pr-hdds-1569-mfl88-1504498049, networkLocation: /default-rack, certSerialId: null}3eeab9a4-47d5-4980-9c6e-5102901e869a{ip: 192.168.5.175, host: pr-hdds-1569-mfl88-1504498049, networkLocation: /default-rack, certSerialId: null}, Type:RATIS, Factor:THREE, State:OPEN]
2019-10-09 13:05:23,793 [EventQueue-StaleNodeForStaleNodeHandler] INFO  pipeline.PipelineStateManager (PipelineStateManager.java:finalizePipeline(123)) - Pipeline Pipeline[ Id: a4b5fb1d-2135-408d-a6c6-279687b9e8c5, Nodes: a951a5ca-0ab5-470b-9716-44f820a131a6{ip: 192.168.5.175, host: pr-hdds-1569-mfl88-1504498049, networkLocation: /default-rack, certSerialId: null}194018c8-bd25-415f-9941-0e401fd1a71b{ip: 192.168.5.175, host: pr-hdds-1569-mfl88-1504498049, networkLocation: /default-rack, certSerialId: null}3eeab9a4-47d5-4980-9c6e-5102901e869a{ip: 192.168.5.175, host: pr-hdds-1569-mfl88-1504498049, networkLocation: /default-rack, certSerialId: null}, Type:RATIS, Factor:THREE, State:CLOSED] moved to CLOSED state
2019-10-09 13:05:23,794 [EventQueue-StaleNodeForStaleNodeHandler] INFO  pipeline.SCMPipelineManager (SCMPipelineManager.java:finalizeAndDestroyPipeline(342)) - destroying pipeline:Pipeline[ Id: 64310bd5-a2d3-4962-84b2-150b5479a3db, Nodes: 194018c8-bd25-415f-9941-0e401fd1a71b{ip: 192.168.5.175, host: pr-hdds-1569-mfl88-1504498049, networkLocation: /default-rack, certSerialId: null}a951a5ca-0ab5-470b-9716-44f820a131a6{ip: 192.168.5.175, host: pr-hdds-1569-mfl88-1504498049, networkLocation: /default-rack, certSerialId: null}3eeab9a4-47d5-4980-9c6e-5102901e869a{ip: 192.168.5.175, host: pr-hdds-1569-mfl88-1504498049, networkLocation: /default-rack, certSerialId: null}, Type:RATIS, Factor:THREE, State:OPEN]
2019-10-09 13:05:23,794 [EventQueue-StaleNodeForStaleNodeHandler] INFO  pipeline.PipelineStateManager (PipelineStateManager.java:finalizePipeline(123)) - Pipeline Pipeline[ Id: 64310bd5-a2d3-4962-84b2-150b5479a3db, Nodes: 194018c8-bd25-415f-9941-0e401fd1a71b{ip: 192.168.5.175, host: pr-hdds-1569-mfl88-1504498049, networkLocation: /default-rack, certSerialId: null}a951a5ca-0ab5-470b-9716-44f820a131a6{ip: 192.168.5.175, host: pr-hdds-1569-mfl88-1504498049, networkLocation: /default-rack, certSerialId: null}3eeab9a4-47d5-4980-9c6e-5102901e869a{ip: 192.168.5.175, host: pr-hdds-1569-mfl88-1504498049, networkLocation: /default-rack, certSerialId: null}, Type:RATIS, Factor:THREE, State:CLOSED] moved to CLOSED state
2019-10-09 13:05:23,794 [EventQueue-CloseContainerForCloseContainerEventHandler] INFO  container.CloseContainerEventHandler (CloseContainerEventHandler.java:onMessage(61)) - Close container Event triggered for container : #2
2019-10-09 13:05:23,891 [main] INFO  ozoneimpl.OzoneContainer (OzoneContainer.java:stop(231)) - Attempting to stop container services.
2019-10-09 13:05:23,891 [ForkJoinPool.commonPool-worker-1] INFO  ozoneimpl.OzoneContainer (OzoneContainer.java:stop(231)) - Attempting to stop container services.
2019-10-09 13:05:23,892 [main] INFO  impl.RaftServerProxy (RaftServerProxy.java:lambda$close$4(314)) - 3eeab9a4-47d5-4980-9c6e-5102901e869a: close
2019-10-09 13:05:23,893 [ForkJoinPool.commonPool-worker-1] INFO  impl.RaftServerProxy (RaftServerProxy.java:lambda$close$4(314)) - 037d843d-d447-45fa-b1c7-b719ecfa6684: close
2019-10-09 13:05:23,893 [main] INFO  impl.RaftServerImpl (RaftServerImpl.java:lambda$shutdown$3(251)) - 3eeab9a4-47d5-4980-9c6e-5102901e869a@group-B09A4D417E08: shutdown
2019-10-09 13:05:23,893 [ForkJoinPool.commonPool-worker-1] INFO  impl.RaftServerImpl (RaftServerImpl.java:lambda$shutdown$3(251)) - 037d843d-d447-45fa-b1c7-b719ecfa6684@group-9F0695E48DBC: shutdown
2019-10-09 13:05:23,893 [main] INFO  util.JmxRegister (JmxRegister.java:unregister(73)) - Successfully un-registered JMX Bean with object name Ratis:service=RaftServer,group=group-B09A4D417E08,id=3eeab9a4-47d5-4980-9c6e-5102901e869a
2019-10-09 13:05:23,894 [ForkJoinPool.commonPool-worker-1] INFO  util.JmxRegister (JmxRegister.java:unregister(73)) - Successfully un-registered JMX Bean with object name Ratis:service=RaftServer,group=group-9F0695E48DBC,id=037d843d-d447-45fa-b1c7-b719ecfa6684
2019-10-09 13:05:23,894 [main] INFO  impl.RoleInfo (RoleInfo.java:shutdownFollowerState(121)) - 3eeab9a4-47d5-4980-9c6e-5102901e869a: shutdown FollowerState
2019-10-09 13:05:23,895 [ForkJoinPool.commonPool-worker-1] INFO  impl.RoleInfo (RoleInfo.java:shutdownLeaderState(104)) - 037d843d-d447-45fa-b1c7-b719ecfa6684: shutdown LeaderState
2019-10-09 13:05:23,895 [Thread-1022] INFO  impl.FollowerState (FollowerState.java:run(115)) - 3eeab9a4-47d5-4980-9c6e-5102901e869a: FollowerState was interrupted: java.lang.InterruptedException: sleep interrupted
2019-10-09 13:05:23,895 [main] INFO  impl.StateMachineUpdater (StateMachineUpdater.java:stopAndJoin(125)) - 3eeab9a4-47d5-4980-9c6e-5102901e869a@group-B09A4D417E08-StateMachineUpdater: set stopIndex = 0
2019-10-09 13:05:23,895 [ForkJoinPool.commonPool-worker-1] INFO  impl.PendingRequests (PendingRequests.java:sendNotLeaderResponses(202)) - 037d843d-d447-45fa-b1c7-b719ecfa6684-PendingRequests: sendNotLeaderResponses
2019-10-09 13:05:23,900 [main] INFO  impl.RaftServerImpl (ServerState.java:close(385)) - 3eeab9a4-47d5-4980-9c6e-5102901e869a@group-B09A4D417E08: closes. applyIndex: 0
2019-10-09 13:05:23,901 [ForkJoinPool.commonPool-worker-1] INFO  impl.StateMachineUpdater (StateMachineUpdater.java:stopAndJoin(125)) - 037d843d-d447-45fa-b1c7-b719ecfa6684@group-9F0695E48DBC-StateMachineUpdater: set stopIndex = 0
2019-10-09 13:05:23,901 [ForkJoinPool.commonPool-worker-1] INFO  impl.RaftServerImpl (ServerState.java:close(385)) - 037d843d-d447-45fa-b1c7-b719ecfa6684@group-9F0695E48DBC: closes. applyIndex: 0
2019-10-09 13:05:23,902 [3eeab9a4-47d5-4980-9c6e-5102901e869a@group-B09A4D417E08-SegmentedRaftLogWorker] INFO  segmented.SegmentedRaftLogWorker (SegmentedRaftLogWorker.java:run(313)) - 3eeab9a4-47d5-4980-9c6e-5102901e869a@group-B09A4D417E08-SegmentedRaftLogWorker was interrupted, exiting. There are 0 tasks remaining in the queue.
2019-10-09 13:05:23,904 [037d843d-d447-45fa-b1c7-b719ecfa6684@group-9F0695E48DBC-SegmentedRaftLogWorker] INFO  segmented.SegmentedRaftLogWorker (SegmentedRaftLogWorker.java:run(313)) - 037d843d-d447-45fa-b1c7-b719ecfa6684@group-9F0695E48DBC-SegmentedRaftLogWorker was interrupted, exiting. There are 0 tasks remaining in the queue.
2019-10-09 13:05:23,904 [main] INFO  segmented.SegmentedRaftLogWorker (SegmentedRaftLogWorker.java:close(228)) - 3eeab9a4-47d5-4980-9c6e-5102901e869a@group-B09A4D417E08-SegmentedRaftLogWorker close()
2019-10-09 13:05:23,904 [ForkJoinPool.commonPool-worker-1] INFO  segmented.SegmentedRaftLogWorker (SegmentedRaftLogWorker.java:close(228)) - 037d843d-d447-45fa-b1c7-b719ecfa6684@group-9F0695E48DBC-SegmentedRaftLogWorker close()
2019-10-09 13:05:23,908 [main] INFO  impl.RaftServerImpl (RaftServerImpl.java:lambda$shutdown$3(251)) - 3eeab9a4-47d5-4980-9c6e-5102901e869a@group-351DCE0CA7C1: shutdown
2019-10-09 13:05:23,908 [ForkJoinPool.commonPool-worker-1] INFO  server.GrpcService (GrpcService.java:closeImpl(164)) - 037d843d-d447-45fa-b1c7-b719ecfa6684: shutdown server with port 39866 now
2019-10-09 13:05:23,908 [main] INFO  util.JmxRegister (JmxRegister.java:unregister(73)) - Successfully un-registered JMX Bean with object name Ratis:service=RaftServer,group=group-351DCE0CA7C1,id=3eeab9a4-47d5-4980-9c6e-5102901e869a
2019-10-09 13:05:23,909 [main] INFO  impl.RoleInfo (RoleInfo.java:shutdownLeaderState(104)) - 3eeab9a4-47d5-4980-9c6e-5102901e869a: shutdown LeaderState
2019-10-09 13:05:23,911 [ForkJoinPool.commonPool-worker-1] INFO  server.GrpcService (GrpcService.java:closeImpl(172)) - 037d843d-d447-45fa-b1c7-b719ecfa6684: shutdown server with port 39866 successfully
2019-10-09 13:05:23,913 [org.apache.ratis.server.impl.LogAppender$AppenderDaemon$$Lambda$493/462031746@27e090b4] WARN  server.GrpcLogAppender (GrpcLogAppender.java:mayWait(143)) - 3eeab9a4-47d5-4980-9c6e-5102901e869a@group-351DCE0CA7C1->194018c8-bd25-415f-9941-0e401fd1a71b-GrpcLogAppender: Wait interrupted by java.lang.InterruptedException
2019-10-09 13:05:23,913 [org.apache.ratis.server.impl.LogAppender$AppenderDaemon$$Lambda$493/462031746@1c0ed82d] WARN  server.GrpcLogAppender (GrpcLogAppender.java:mayWait(143)) - 3eeab9a4-47d5-4980-9c6e-5102901e869a@group-351DCE0CA7C1->a951a5ca-0ab5-470b-9716-44f820a131a6-GrpcLogAppender: Wait interrupted by java.lang.InterruptedException
2019-10-09 13:05:23,913 [main] INFO  impl.PendingRequests (PendingRequests.java:sendNotLeaderResponses(202)) - 3eeab9a4-47d5-4980-9c6e-5102901e869a-PendingRequests: sendNotLeaderResponses
2019-10-09 13:05:23,915 [main] INFO  impl.StateMachineUpdater (StateMachineUpdater.java:stopAndJoin(125)) - 3eeab9a4-47d5-4980-9c6e-5102901e869a@group-351DCE0CA7C1-StateMachineUpdater: set stopIndex = 0
2019-10-09 13:05:23,915 [grpc-default-executor-10] INFO  server.GrpcServerProtocolService (GrpcServerProtocolService.java:onCompleted(113)) - a951a5ca-0ab5-470b-9716-44f820a131a6: Completed APPEND_ENTRIES, lastRequest: 3eeab9a4-47d5-4980-9c6e-5102901e869a->a951a5ca-0ab5-470b-9716-44f820a131a6#2-t2, previous=(t:2, i:0), leaderCommit=0, initializing? false, entries: <empty>
2019-10-09 13:05:23,916 [refreshUsed-/workdir/hadoop-ozone/integration-test/target/test-dir/MiniOzoneClusterImpl-92c4d179-1d16-4416-8bce-4538b25b782c/datanode-1/data/containers] WARN  fs.CachingGetSpaceUsed (CachingGetSpaceUsed.java:run(183)) - Thread Interrupted waiting to refresh disk information: sleep interrupted
2019-10-09 13:05:23,915 [grpc-default-executor-4] INFO  server.GrpcServerProtocolService (GrpcServerProtocolService.java:onCompleted(113)) - 194018c8-bd25-415f-9941-0e401fd1a71b: Completed APPEND_ENTRIES, lastRequest: 3eeab9a4-47d5-4980-9c6e-5102901e869a->194018c8-bd25-415f-9941-0e401fd1a71b#2-t2, previous=(t:2, i:0), leaderCommit=0, initializing? false, entries: <empty>
2019-10-09 13:05:23,915 [main] INFO  impl.RaftServerImpl (ServerState.java:close(385)) - 3eeab9a4-47d5-4980-9c6e-5102901e869a@group-351DCE0CA7C1: closes. applyIndex: 0
2019-10-09 13:05:23,917 [grpc-default-executor-4] INFO  server.GrpcLogAppender (GrpcLogAppender.java:onCompleted(293)) - 3eeab9a4-47d5-4980-9c6e-5102901e869a@group-351DCE0CA7C1->a951a5ca-0ab5-470b-9716-44f820a131a6-AppendLogResponseHandler: follower responses appendEntries COMPLETED
2019-10-09 13:05:23,917 [grpc-default-executor-10] INFO  server.GrpcLogAppender (GrpcLogAppender.java:onCompleted(293)) - 3eeab9a4-47d5-4980-9c6e-5102901e869a@group-351DCE0CA7C1->194018c8-bd25-415f-9941-0e401fd1a71b-AppendLogResponseHandler: follower responses appendEntries COMPLETED
2019-10-09 13:05:23,917 [3eeab9a4-47d5-4980-9c6e-5102901e869a@group-351DCE0CA7C1-SegmentedRaftLogWorker] INFO  segmented.SegmentedRaftLogWorker (SegmentedRaftLogWorker.java:run(313)) - 3eeab9a4-47d5-4980-9c6e-5102901e869a@group-351DCE0CA7C1-SegmentedRaftLogWorker was interrupted, exiting. There are 0 tasks remaining in the queue.
2019-10-09 13:05:23,917 [grpc-default-executor-4] INFO  impl.FollowerInfo (FollowerInfo.java:lambda$new$0(51)) - 3eeab9a4-47d5-4980-9c6e-5102901e869a@group-351DCE0CA7C1->a951a5ca-0ab5-470b-9716-44f820a131a6: nextIndex: updateUnconditionally 1 -> 0
2019-10-09 13:05:23,920 [main] INFO  segmented.SegmentedRaftLogWorker (SegmentedRaftLogWorker.java:close(228)) - 3eeab9a4-47d5-4980-9c6e-5102901e869a@group-351DCE0CA7C1-SegmentedRaftLogWorker close()
2019-10-09 13:05:23,917 [grpc-default-executor-10] INFO  impl.FollowerInfo (FollowerInfo.java:lambda$new$0(51)) - 3eeab9a4-47d5-4980-9c6e-5102901e869a@group-351DCE0CA7C1->194018c8-bd25-415f-9941-0e401fd1a71b: nextIndex: updateUnconditionally 1 -> 0
2019-10-09 13:05:23,923 [main] INFO  impl.RaftServerImpl (RaftServerImpl.java:lambda$shutdown$3(251)) - 3eeab9a4-47d5-4980-9c6e-5102901e869a@group-0E7B0A816CCB: shutdown
2019-10-09 13:05:23,925 [grpc-default-executor-12] WARN  server.GrpcLogAppender (LogUtils.java:warn(134)) - 3eeab9a4-47d5-4980-9c6e-5102901e869a@group-FA60FACA7155->a951a5ca-0ab5-470b-9716-44f820a131a6-AppendLogResponseHandler: Failed appendEntries: org.apache.ratis.thirdparty.io.grpc.StatusRuntimeException: UNAVAILABLE: Channel shutdownNow invoked
2019-10-09 13:05:23,920 [grpc-default-executor-11] WARN  server.GrpcLogAppender (LogUtils.java:warn(134)) - 3eeab9a4-47d5-4980-9c6e-5102901e869a@group-150B5479A3DB->194018c8-bd25-415f-9941-0e401fd1a71b-AppendLogResponseHandler: Failed appendEntries: org.apache.ratis.thirdparty.io.grpc.StatusRuntimeException: UNAVAILABLE: Channel shutdownNow invoked
2019-10-09 13:05:23,920 [grpc-default-executor-9] WARN  server.GrpcLogAppender (LogUtils.java:warn(134)) - 3eeab9a4-47d5-4980-9c6e-5102901e869a@group-150B5479A3DB->a951a5ca-0ab5-470b-9716-44f820a131a6-AppendLogResponseHandler: Failed appendEntries: org.apache.ratis.thirdparty.io.grpc.StatusRuntimeException: UNAVAILABLE: Channel shutdownNow invoked
2019-10-09 13:05:23,926 [grpc-default-executor-14] WARN  server.GrpcLogAppender (LogUtils.java:warn(134)) - 3eeab9a4-47d5-4980-9c6e-5102901e869a@group-FA60FACA7155->194018c8-bd25-415f-9941-0e401fd1a71b-AppendLogResponseHandler: Failed appendEntries: org.apache.ratis.thirdparty.io.grpc.StatusRuntimeException: UNAVAILABLE: Channel shutdownNow invoked
2019-10-09 13:05:23,920 [grpc-default-executor-7] WARN  server.GrpcLogAppender (LogUtils.java:warn(134)) - 3eeab9a4-47d5-4980-9c6e-5102901e869a@group-F081FF3511EB->a951a5ca-0ab5-470b-9716-44f820a131a6-AppendLogResponseHandler: Failed appendEntries: org.apache.ratis.thirdparty.io.grpc.StatusRuntimeException: UNAVAILABLE: Channel shutdownNow invoked
2019-10-09 13:05:23,920 [grpc-default-executor-4] WARN  server.GrpcLogAppender (LogUtils.java:warn(134)) - 3eeab9a4-47d5-4980-9c6e-5102901e869a@group-9802512AA034->a951a5ca-0ab5-470b-9716-44f820a131a6-AppendLogResponseHandler: Failed appendEntries: org.apache.ratis.thirdparty.io.grpc.StatusRuntimeException: UNAVAILABLE: Channel shutdownNow invoked
2019-10-09 13:05:23,926 [grpc-default-executor-15] WARN  server.GrpcServerProtocolService (LogUtils.java:warn(134)) - 194018c8-bd25-415f-9941-0e401fd1a71b: installSnapshot onError, lastRequest: 3eeab9a4-47d5-4980-9c6e-5102901e869a->194018c8-bd25-415f-9941-0e401fd1a71b#4-t3, previous=(t:3, i:2), leaderCommit=2, initializing? false, entries: <empty>: org.apache.ratis.thirdparty.io.grpc.StatusRuntimeException: CANCELLED: cancelled before receiving half close
2019-10-09 13:05:23,926 [grpc-default-executor-14] INFO  impl.FollowerInfo (FollowerInfo.java:lambda$new$0(51)) - 3eeab9a4-47d5-4980-9c6e-5102901e869a@group-FA60FACA7155->194018c8-bd25-415f-9941-0e401fd1a71b: nextIndex: updateUnconditionally 1 -> 0
2019-10-09 13:05:23,926 [grpc-default-executor-9] INFO  impl.FollowerInfo (FollowerInfo.java:lambda$new$0(51)) - 3eeab9a4-47d5-4980-9c6e-5102901e869a@group-150B5479A3DB->a951a5ca-0ab5-470b-9716-44f820a131a6: nextIndex: updateUnconditionally 16 -> 15
2019-10-09 13:05:23,928 [grpc-default-executor-20] WARN  server.GrpcServerProtocolService (LogUtils.java:warn(134)) - a951a5ca-0ab5-470b-9716-44f820a131a6: installSnapshot onError, lastRequest: 3eeab9a4-47d5-4980-9c6e-5102901e869a->a951a5ca-0ab5-470b-9716-44f820a131a6#18-t1, previous=(t:1, i:15), leaderCommit=15, initializing? false, entries: <empty>: org.apache.ratis.thirdparty.io.grpc.StatusRuntimeException: CANCELLED: cancelled before receiving half close
2019-10-09 13:05:23,926 [grpc-default-executor-11] INFO  impl.FollowerInfo (FollowerInfo.java:lambda$new$0(51)) - 3eeab9a4-47d5-4980-9c6e-5102901e869a@group-150B5479A3DB->194018c8-bd25-415f-9941-0e401fd1a71b: nextIndex: updateUnconditionally 16 -> 15
2019-10-09 13:05:23,925 [grpc-default-executor-12] INFO  impl.FollowerInfo (FollowerInfo.java:lambda$new$0(51)) - 3eeab9a4-47d5-4980-9c6e-5102901e869a@group-FA60FACA7155->a951a5ca-0ab5-470b-9716-44f820a131a6: nextIndex: updateUnconditionally 1 -> 0
2019-10-09 13:05:23,925 [grpc-default-executor-10] WARN  server.GrpcLogAppender (LogUtils.java:warn(134)) - 3eeab9a4-47d5-4980-9c6e-5102901e869a@group-F081FF3511EB->194018c8-bd25-415f-9941-0e401fd1a71b-AppendLogResponseHandler: Failed appendEntries: org.apache.ratis.thirdparty.io.grpc.StatusRuntimeException: UNAVAILABLE: Channel shutdownNow invoked
2019-10-09 13:05:23,925 [grpc-default-executor-13] WARN  server.GrpcLogAppender (LogUtils.java:warn(134)) - 3eeab9a4-47d5-4980-9c6e-5102901e869a@group-9802512AA034->194018c8-bd25-415f-9941-0e401fd1a71b-AppendLogResponseHandler: Failed appendEntries: org.apache.ratis.thirdparty.io.grpc.StatusRuntimeException: UNAVAILABLE: Channel shutdownNow invoked
2019-10-09 13:05:23,925 [main] INFO  util.JmxRegister (JmxRegister.java:unregister(73)) - Successfully un-registered JMX Bean with object name Ratis:service=RaftServer,group=group-0E7B0A816CCB,id=3eeab9a4-47d5-4980-9c6e-5102901e869a
2019-10-09 13:05:23,929 [grpc-default-executor-13] INFO  impl.FollowerInfo (FollowerInfo.java:lambda$new$0(51)) - 3eeab9a4-47d5-4980-9c6e-5102901e869a@group-9802512AA034->194018c8-bd25-415f-9941-0e401fd1a71b: nextIndex: updateUnconditionally 3 -> 2
2019-10-09 13:05:23,929 [grpc-default-executor-10] INFO  impl.FollowerInfo (FollowerInfo.java:lambda$new$0(51)) - 3eeab9a4-47d5-4980-9c6e-5102901e869a@group-F081FF3511EB->194018c8-bd25-415f-9941-0e401fd1a71b: nextIndex: updateUnconditionally 1 -> 0
2019-10-09 13:05:23,929 [grpc-default-executor-22] WARN  server.GrpcServerProtocolService (LogUtils.java:warn(134)) - a951a5ca-0ab5-470b-9716-44f820a131a6: installSnapshot onError, lastRequest: 3eeab9a4-47d5-4980-9c6e-5102901e869a->a951a5ca-0ab5-470b-9716-44f820a131a6#2-t3, previous=(t:3, i:0), leaderCommit=0, initializing? false, entries: <empty>: org.apache.ratis.thirdparty.io.grpc.StatusRuntimeException: CANCELLED: cancelled before receiving half close
2019-10-09 13:05:23,928 [grpc-default-executor-11] WARN  server.GrpcServerProtocolService (LogUtils.java:warn(134)) - a951a5ca-0ab5-470b-9716-44f820a131a6: installSnapshot onError, lastRequest: 3eeab9a4-47d5-4980-9c6e-5102901e869a->a951a5ca-0ab5-470b-9716-44f820a131a6#2-t2, previous=(t:2, i:0), leaderCommit=0, initializing? false, entries: <empty>: org.apache.ratis.thirdparty.io.grpc.StatusRuntimeException: CANCELLED: cancelled before receiving half close
2019-10-09 13:05:23,928 [grpc-default-executor-19] WARN  server.GrpcServerProtocolService (LogUtils.java:warn(134)) - a951a5ca-0ab5-470b-9716-44f820a131a6: installSnapshot onError, lastRequest: 3eeab9a4-47d5-4980-9c6e-5102901e869a->a951a5ca-0ab5-470b-9716-44f820a131a6#4-t3, previous=(t:3, i:2), leaderCommit=2, initializing? false, entries: <empty>: org.apache.ratis.thirdparty.io.grpc.StatusRuntimeException: CANCELLED: cancelled before receiving half close
2019-10-09 13:05:23,928 [grpc-default-executor-21] WARN  server.GrpcServerProtocolService (LogUtils.java:warn(134)) - 194018c8-bd25-415f-9941-0e401fd1a71b: installSnapshot onError, lastRequest: 3eeab9a4-47d5-4980-9c6e-5102901e869a->194018c8-bd25-415f-9941-0e401fd1a71b#2-t3, previous=(t:3, i:0), leaderCommit=0, initializing? false, entries: <empty>: org.apache.ratis.thirdparty.io.grpc.StatusRuntimeException: CANCELLED: cancelled before receiving half close
2019-10-09 13:05:23,927 [grpc-default-executor-17] WARN  server.GrpcServerProtocolService (LogUtils.java:warn(134)) - 194018c8-bd25-415f-9941-0e401fd1a71b: installSnapshot onError, lastRequest: 3eeab9a4-47d5-4980-9c6e-5102901e869a->194018c8-bd25-415f-9941-0e401fd1a71b#2-t2, previous=(t:2, i:0), leaderCommit=0, initializing? false, entries: <empty>: org.apache.ratis.thirdparty.io.grpc.StatusRuntimeException: CANCELLED: cancelled before receiving half close
2019-10-09 13:05:23,927 [grpc-default-executor-16] WARN  server.GrpcServerProtocolService (LogUtils.java:warn(134)) - 194018c8-bd25-415f-9941-0e401fd1a71b: installSnapshot onError, lastRequest: 3eeab9a4-47d5-4980-9c6e-5102901e869a->194018c8-bd25-415f-9941-0e401fd1a71b#18-t1, previous=(t:1, i:15), leaderCommit=15, initializing? false, entries: <empty>: org.apache.ratis.thirdparty.io.grpc.StatusRuntimeException: CANCELLED: cancelled before receiving half close
2019-10-09 13:05:23,927 [grpc-default-executor-7] INFO  impl.FollowerInfo (FollowerInfo.java:lambda$new$0(51)) - 3eeab9a4-47d5-4980-9c6e-5102901e869a@group-F081FF3511EB->a951a5ca-0ab5-470b-9716-44f820a131a6: nextIndex: updateUnconditionally 1 -> 0
2019-10-09 13:05:23,927 [grpc-default-executor-4] INFO  impl.FollowerInfo (FollowerInfo.java:lambda$new$0(51)) - 3eeab9a4-47d5-4980-9c6e-5102901e869a@group-9802512AA034->a951a5ca-0ab5-470b-9716-44f820a131a6: nextIndex: updateUnconditionally 3 -> 2
2019-10-09 13:05:23,930 [main] INFO  impl.RoleInfo (RoleInfo.java:shutdownLeaderState(104)) - 3eeab9a4-47d5-4980-9c6e-5102901e869a: shutdown LeaderState
2019-10-09 13:05:23,935 [main] INFO  impl.PendingRequests (PendingRequests.java:sendNotLeaderResponses(202)) - 3eeab9a4-47d5-4980-9c6e-5102901e869a-PendingRequests: sendNotLeaderResponses
2019-10-09 13:05:23,935 [main] INFO  impl.StateMachineUpdater (StateMachineUpdater.java:stopAndJoin(125)) - 3eeab9a4-47d5-4980-9c6e-5102901e869a@group-0E7B0A816CCB-StateMachineUpdater: set stopIndex = 0
2019-10-09 13:05:23,935 [main] INFO  impl.RaftServerImpl (ServerState.java:close(385)) - 3eeab9a4-47d5-4980-9c6e-5102901e869a@group-0E7B0A816CCB: closes. applyIndex: 0
2019-10-09 13:05:23,936 [3eeab9a4-47d5-4980-9c6e-5102901e869a@group-0E7B0A816CCB-SegmentedRaftLogWorker] INFO  segmented.SegmentedRaftLogWorker (SegmentedRaftLogWorker.java:run(313)) - 3eeab9a4-47d5-4980-9c6e-5102901e869a@group-0E7B0A816CCB-SegmentedRaftLogWorker was interrupted, exiting. There are 0 tasks remaining in the queue.
2019-10-09 13:05:23,936 [main] INFO  segmented.SegmentedRaftLogWorker (SegmentedRaftLogWorker.java:close(228)) - 3eeab9a4-47d5-4980-9c6e-5102901e869a@group-0E7B0A816CCB-SegmentedRaftLogWorker close()
2019-10-09 13:05:23,936 [main] INFO  impl.RaftServerImpl (RaftServerImpl.java:lambda$shutdown$3(251)) - 3eeab9a4-47d5-4980-9c6e-5102901e869a@group-9802512AA034: shutdown
2019-10-09 13:05:23,936 [main] INFO  util.JmxRegister (JmxRegister.java:unregister(73)) - Successfully un-registered JMX Bean with object name Ratis:service=RaftServer,group=group-9802512AA034,id=3eeab9a4-47d5-4980-9c6e-5102901e869a
2019-10-09 13:05:23,937 [main] INFO  impl.RoleInfo (RoleInfo.java:shutdownLeaderState(104)) - 3eeab9a4-47d5-4980-9c6e-5102901e869a: shutdown LeaderState
2019-10-09 13:05:23,948 [main] INFO  impl.PendingRequests (PendingRequests.java:sendNotLeaderResponses(202)) - 3eeab9a4-47d5-4980-9c6e-5102901e869a-PendingRequests: sendNotLeaderResponses
2019-10-09 13:05:23,948 [org.apache.ratis.server.impl.LogAppender$AppenderDaemon$$Lambda$493/462031746@16848869] WARN  server.GrpcLogAppender (GrpcLogAppender.java:mayWait(143)) - 3eeab9a4-47d5-4980-9c6e-5102901e869a@group-9802512AA034->194018c8-bd25-415f-9941-0e401fd1a71b-GrpcLogAppender: Wait interrupted by java.lang.InterruptedException
2019-10-09 13:05:23,951 [main] INFO  impl.StateMachineUpdater (StateMachineUpdater.java:stopAndJoin(125)) - 3eeab9a4-47d5-4980-9c6e-5102901e869a@group-9802512AA034-StateMachineUpdater: set stopIndex = 2
2019-10-09 13:05:23,948 [org.apache.ratis.server.impl.LogAppender$AppenderDaemon$$Lambda$493/462031746@538614dd] WARN  server.GrpcLogAppender (GrpcLogAppender.java:mayWait(143)) - 3eeab9a4-47d5-4980-9c6e-5102901e869a@group-9802512AA034->a951a5ca-0ab5-470b-9716-44f820a131a6-GrpcLogAppender: Wait interrupted by java.lang.InterruptedException
2019-10-09 13:05:23,952 [main] INFO  impl.RaftServerImpl (ServerState.java:close(385)) - 3eeab9a4-47d5-4980-9c6e-5102901e869a@group-9802512AA034: closes. applyIndex: 2
2019-10-09 13:05:23,952 [3eeab9a4-47d5-4980-9c6e-5102901e869a@group-9802512AA034-SegmentedRaftLogWorker] INFO  segmented.SegmentedRaftLogWorker (SegmentedRaftLogWorker.java:run(313)) - 3eeab9a4-47d5-4980-9c6e-5102901e869a@group-9802512AA034-SegmentedRaftLogWorker was interrupted, exiting. There are 0 tasks remaining in the queue.
2019-10-09 13:05:23,953 [main] INFO  segmented.SegmentedRaftLogWorker (SegmentedRaftLogWorker.java:close(228)) - 3eeab9a4-47d5-4980-9c6e-5102901e869a@group-9802512AA034-SegmentedRaftLogWorker close()
2019-10-09 13:05:23,956 [main] INFO  impl.RaftServerImpl (RaftServerImpl.java:lambda$shutdown$3(251)) - 3eeab9a4-47d5-4980-9c6e-5102901e869a@group-FA60FACA7155: shutdown
2019-10-09 13:05:23,956 [main] INFO  util.JmxRegister (JmxRegister.java:unregister(73)) - Successfully un-registered JMX Bean with object name Ratis:service=RaftServer,group=group-FA60FACA7155,id=3eeab9a4-47d5-4980-9c6e-5102901e869a
2019-10-09 13:05:23,956 [main] INFO  impl.RoleInfo (RoleInfo.java:shutdownLeaderState(104)) - 3eeab9a4-47d5-4980-9c6e-5102901e869a: shutdown LeaderState
2019-10-09 13:05:23,957 [main] INFO  impl.PendingRequests (PendingRequests.java:sendNotLeaderResponses(202)) - 3eeab9a4-47d5-4980-9c6e-5102901e869a-PendingRequests: sendNotLeaderResponses
2019-10-09 13:05:23,957 [org.apache.ratis.server.impl.LogAppender$AppenderDaemon$$Lambda$493/462031746@46b90117] WARN  server.GrpcLogAppender (GrpcLogAppender.java:mayWait(143)) - 3eeab9a4-47d5-4980-9c6e-5102901e869a@group-FA60FACA7155->194018c8-bd25-415f-9941-0e401fd1a71b-GrpcLogAppender: Wait interrupted by java.lang.InterruptedException
2019-10-09 13:05:23,957 [org.apache.ratis.server.impl.LogAppender$AppenderDaemon$$Lambda$493/462031746@504fade0] WARN  server.GrpcLogAppender (GrpcLogAppender.java:mayWait(143)) - 3eeab9a4-47d5-4980-9c6e-5102901e869a@group-FA60FACA7155->a951a5ca-0ab5-470b-9716-44f820a131a6-GrpcLogAppender: Wait interrupted by java.lang.InterruptedException
2019-10-09 13:05:23,957 [main] INFO  impl.StateMachineUpdater (StateMachineUpdater.java:stopAndJoin(125)) - 3eeab9a4-47d5-4980-9c6e-5102901e869a@group-FA60FACA7155-StateMachineUpdater: set stopIndex = 0
2019-10-09 13:05:23,958 [main] INFO  impl.RaftServerImpl (ServerState.java:close(385)) - 3eeab9a4-47d5-4980-9c6e-5102901e869a@group-FA60FACA7155: closes. applyIndex: 0
2019-10-09 13:05:23,958 [3eeab9a4-47d5-4980-9c6e-5102901e869a@group-FA60FACA7155-SegmentedRaftLogWorker] INFO  segmented.SegmentedRaftLogWorker (SegmentedRaftLogWorker.java:run(313)) - 3eeab9a4-47d5-4980-9c6e-5102901e869a@group-FA60FACA7155-SegmentedRaftLogWorker was interrupted, exiting. There are 0 tasks remaining in the queue.
2019-10-09 13:05:23,959 [main] INFO  segmented.SegmentedRaftLogWorker (SegmentedRaftLogWorker.java:close(228)) - 3eeab9a4-47d5-4980-9c6e-5102901e869a@group-FA60FACA7155-SegmentedRaftLogWorker close()
2019-10-09 13:05:23,961 [main] INFO  impl.RaftServerImpl (RaftServerImpl.java:lambda$shutdown$3(251)) - 3eeab9a4-47d5-4980-9c6e-5102901e869a@group-867FD2ADA018: shutdown
2019-10-09 13:05:23,962 [main] INFO  util.JmxRegister (JmxRegister.java:unregister(73)) - Successfully un-registered JMX Bean with object name Ratis:service=RaftServer,group=group-867FD2ADA018,id=3eeab9a4-47d5-4980-9c6e-5102901e869a
2019-10-09 13:05:23,962 [main] INFO  impl.RoleInfo (RoleInfo.java:shutdownFollowerState(121)) - 3eeab9a4-47d5-4980-9c6e-5102901e869a: shutdown FollowerState
2019-10-09 13:05:23,962 [main] INFO  impl.StateMachineUpdater (StateMachineUpdater.java:stopAndJoin(125)) - 3eeab9a4-47d5-4980-9c6e-5102901e869a@group-867FD2ADA018-StateMachineUpdater: set stopIndex = 0
2019-10-09 13:05:23,962 [Thread-1078] INFO  impl.FollowerState (FollowerState.java:run(115)) - 3eeab9a4-47d5-4980-9c6e-5102901e869a: FollowerState was interrupted: java.lang.InterruptedException: sleep interrupted
2019-10-09 13:05:23,964 [main] INFO  impl.RaftServerImpl (ServerState.java:close(385)) - 3eeab9a4-47d5-4980-9c6e-5102901e869a@group-867FD2ADA018: closes. applyIndex: 0
2019-10-09 13:05:23,964 [3eeab9a4-47d5-4980-9c6e-5102901e869a@group-867FD2ADA018-SegmentedRaftLogWorker] INFO  segmented.SegmentedRaftLogWorker (SegmentedRaftLogWorker.java:run(313)) - 3eeab9a4-47d5-4980-9c6e-5102901e869a@group-867FD2ADA018-SegmentedRaftLogWorker was interrupted, exiting. There are 0 tasks remaining in the queue.
2019-10-09 13:05:23,965 [main] INFO  segmented.SegmentedRaftLogWorker (SegmentedRaftLogWorker.java:close(228)) - 3eeab9a4-47d5-4980-9c6e-5102901e869a@group-867FD2ADA018-SegmentedRaftLogWorker close()
2019-10-09 13:05:23,967 [main] INFO  impl.RaftServerImpl (RaftServerImpl.java:lambda$shutdown$3(251)) - 3eeab9a4-47d5-4980-9c6e-5102901e869a@group-F081FF3511EB: shutdown
2019-10-09 13:05:23,968 [main] INFO  util.JmxRegister (JmxRegister.java:unregister(73)) - Successfully un-registered JMX Bean with object name Ratis:service=RaftServer,group=group-F081FF3511EB,id=3eeab9a4-47d5-4980-9c6e-5102901e869a
2019-10-09 13:05:23,968 [main] INFO  impl.RoleInfo (RoleInfo.java:shutdownLeaderState(104)) - 3eeab9a4-47d5-4980-9c6e-5102901e869a: shutdown LeaderState
2019-10-09 13:05:23,968 [main] INFO  impl.PendingRequests (PendingRequests.java:sendNotLeaderResponses(202)) - 3eeab9a4-47d5-4980-9c6e-5102901e869a-PendingRequests: sendNotLeaderResponses
2019-10-09 13:05:23,968 [org.apache.ratis.server.impl.LogAppender$AppenderDaemon$$Lambda$493/462031746@669daf30] WARN  server.GrpcLogAppender (GrpcLogAppender.java:mayWait(143)) - 3eeab9a4-47d5-4980-9c6e-5102901e869a@group-F081FF3511EB->a951a5ca-0ab5-470b-9716-44f820a131a6-GrpcLogAppender: Wait interrupted by java.lang.InterruptedException
2019-10-09 13:05:23,969 [main] INFO  impl.StateMachineUpdater (StateMachineUpdater.java:stopAndJoin(125)) - 3eeab9a4-47d5-4980-9c6e-5102901e869a@group-F081FF3511EB-StateMachineUpdater: set stopIndex = 0
2019-10-09 13:05:23,968 [org.apache.ratis.server.impl.LogAppender$AppenderDaemon$$Lambda$493/462031746@26afcd97] WARN  server.GrpcLogAppender (GrpcLogAppender.java:mayWait(143)) - 3eeab9a4-47d5-4980-9c6e-5102901e869a@group-F081FF3511EB->194018c8-bd25-415f-9941-0e401fd1a71b-GrpcLogAppender: Wait interrupted by java.lang.InterruptedException
2019-10-09 13:05:23,969 [main] INFO  impl.RaftServerImpl (ServerState.java:close(385)) - 3eeab9a4-47d5-4980-9c6e-5102901e869a@group-F081FF3511EB: closes. applyIndex: 0
2019-10-09 13:05:23,970 [ForkJoinPool.commonPool-worker-1] INFO  utils.BackgroundService (BackgroundService.java:shutdown(148)) - Shutting down service BlockDeletingService
2019-10-09 13:05:23,971 [3eeab9a4-47d5-4980-9c6e-5102901e869a@group-F081FF3511EB-SegmentedRaftLogWorker] INFO  segmented.SegmentedRaftLogWorker (SegmentedRaftLogWorker.java:run(313)) - 3eeab9a4-47d5-4980-9c6e-5102901e869a@group-F081FF3511EB-SegmentedRaftLogWorker was interrupted, exiting. There are 0 tasks remaining in the queue.
2019-10-09 13:05:23,972 [main] INFO  segmented.SegmentedRaftLogWorker (SegmentedRaftLogWorker.java:close(228)) - 3eeab9a4-47d5-4980-9c6e-5102901e869a@group-F081FF3511EB-SegmentedRaftLogWorker close()
2019-10-09 13:05:23,975 [main] INFO  impl.RaftServerImpl (RaftServerImpl.java:lambda$shutdown$3(251)) - 3eeab9a4-47d5-4980-9c6e-5102901e869a@group-611ECB217B3F: shutdown
2019-10-09 13:05:23,977 [ForkJoinPool.commonPool-worker-1] INFO  statemachine.DatanodeStateMachine (DatanodeStateMachine.java:stopDaemon(395)) - Ozone container server stopped.
2019-10-09 13:05:23,977 [main] INFO  util.JmxRegister (JmxRegister.java:unregister(73)) - Successfully un-registered JMX Bean with object name Ratis:service=RaftServer,group=group-611ECB217B3F,id=3eeab9a4-47d5-4980-9c6e-5102901e869a
2019-10-09 13:05:23,979 [main] INFO  impl.RoleInfo (RoleInfo.java:shutdownFollowerState(121)) - 3eeab9a4-47d5-4980-9c6e-5102901e869a: shutdown FollowerState
2019-10-09 13:05:23,981 [main] INFO  impl.StateMachineUpdater (StateMachineUpdater.java:stopAndJoin(125)) - 3eeab9a4-47d5-4980-9c6e-5102901e869a@group-611ECB217B3F-StateMachineUpdater: set stopIndex = 4
2019-10-09 13:05:23,981 [3eeab9a4-47d5-4980-9c6e-5102901e869a@group-611ECB217B3F-StateMachineUpdater] INFO  ratis.ContainerStateMachine (ContainerStateMachine.java:takeSnapshot(289)) - group-611ECB217B3F: Taking a snapshot at:(t:1, i:3) file /workdir/hadoop-ozone/integration-test/target/test-dir/MiniOzoneClusterImpl-92c4d179-1d16-4416-8bce-4538b25b782c/datanode-4/data/ratis/d9b70c17-76ac-42f0-ae06-611ecb217b3f/sm/snapshot.1_3
2019-10-09 13:05:23,981 [Thread-1020] INFO  impl.FollowerState (FollowerState.java:run(115)) - 3eeab9a4-47d5-4980-9c6e-5102901e869a: FollowerState was interrupted: java.lang.InterruptedException: sleep interrupted
2019-10-09 13:05:23,985 [ForkJoinPool.commonPool-worker-1] INFO  handler.ContextHandler (ContextHandler.java:doStop(910)) - Stopped o.e.j.w.WebAppContext@52d97ab6{/,null,UNAVAILABLE}{/hddsDatanode}
2019-10-09 13:05:23,986 [ForkJoinPool.commonPool-worker-1] INFO  server.AbstractConnector (AbstractConnector.java:doStop(318)) - Stopped ServerConnector@4da6d664{HTTP/1.1,[http/1.1]}{0.0.0.0:0}
2019-10-09 13:05:23,988 [ForkJoinPool.commonPool-worker-1] INFO  handler.ContextHandler (ContextHandler.java:doStop(910)) - Stopped o.e.j.s.ServletContextHandler@1a2bcd56{/static,jar:file:/home/user/.m2/repository/org/apache/hadoop/hadoop-hdds-container-service/0.5.0-SNAPSHOT/hadoop-hdds-container-service-0.5.0-SNAPSHOT.jar!/webapps/static,UNAVAILABLE}
2019-10-09 13:05:23,990 [ForkJoinPool.commonPool-worker-1] INFO  handler.ContextHandler (ContextHandler.java:doStop(910)) - Stopped o.e.j.s.ServletContextHandler@c27a3a2{/logs,file:///workdir/hadoop-ozone/integration-test/target/log,UNAVAILABLE}
2019-10-09 13:05:24,005 [3eeab9a4-47d5-4980-9c6e-5102901e869a@group-611ECB217B3F-StateMachineUpdater] INFO  ratis.ContainerStateMachine (ContainerStateMachine.java:takeSnapshot(300)) - group-611ECB217B3F: Finished taking a snapshot at:(t:1, i:3) file:/workdir/hadoop-ozone/integration-test/target/test-dir/MiniOzoneClusterImpl-92c4d179-1d16-4416-8bce-4538b25b782c/datanode-4/data/ratis/d9b70c17-76ac-42f0-ae06-611ecb217b3f/sm/snapshot.1_3 time:23
2019-10-09 13:05:24,005 [3eeab9a4-47d5-4980-9c6e-5102901e869a@group-611ECB217B3F-StateMachineUpdater] INFO  impl.StateMachineUpdater (StateMachineUpdater.java:takeSnapshot(258)) - 3eeab9a4-47d5-4980-9c6e-5102901e869a@group-611ECB217B3F-StateMachineUpdater: Took a snapshot at index 3
2019-10-09 13:05:24,005 [3eeab9a4-47d5-4980-9c6e-5102901e869a@group-611ECB217B3F-StateMachineUpdater] INFO  impl.StateMachineUpdater (StateMachineUpdater.java:lambda$new$0(83)) - 3eeab9a4-47d5-4980-9c6e-5102901e869a@group-611ECB217B3F-StateMachineUpdater: snapshotIndex: updateIncreasingly -1 -> 3
2019-10-09 13:05:24,005 [3eeab9a4-47d5-4980-9c6e-5102901e869a@group-611ECB217B3F-StateMachineUpdater] INFO  ratis.ContainerStateMachine (ContainerStateMachine.java:takeSnapshot(289)) - group-611ECB217B3F: Taking a snapshot at:(t:1, i:3) file /workdir/hadoop-ozone/integration-test/target/test-dir/MiniOzoneClusterImpl-92c4d179-1d16-4416-8bce-4538b25b782c/datanode-4/data/ratis/d9b70c17-76ac-42f0-ae06-611ecb217b3f/sm/snapshot.1_3
2019-10-09 13:05:24,018 [3eeab9a4-47d5-4980-9c6e-5102901e869a@group-611ECB217B3F-StateMachineUpdater] INFO  ratis.ContainerStateMachine (ContainerStateMachine.java:takeSnapshot(300)) - group-611ECB217B3F: Finished taking a snapshot at:(t:1, i:3) file:/workdir/hadoop-ozone/integration-test/target/test-dir/MiniOzoneClusterImpl-92c4d179-1d16-4416-8bce-4538b25b782c/datanode-4/data/ratis/d9b70c17-76ac-42f0-ae06-611ecb217b3f/sm/snapshot.1_3 time:12
2019-10-09 13:05:24,018 [3eeab9a4-47d5-4980-9c6e-5102901e869a@group-611ECB217B3F-StateMachineUpdater] INFO  impl.StateMachineUpdater (StateMachineUpdater.java:takeSnapshot(258)) - 3eeab9a4-47d5-4980-9c6e-5102901e869a@group-611ECB217B3F-StateMachineUpdater: Took a snapshot at index 3
2019-10-09 13:05:24,018 [3eeab9a4-47d5-4980-9c6e-5102901e869a@group-611ECB217B3F-StateMachineUpdater] INFO  impl.StateMachineUpdater (StateMachineUpdater.java:lambda$new$0(83)) - 3eeab9a4-47d5-4980-9c6e-5102901e869a@group-611ECB217B3F-StateMachineUpdater: snapshotIndex: updateIncreasingly 3 -> 3
2019-10-09 13:05:24,018 [main] INFO  impl.RaftServerImpl (ServerState.java:close(385)) - 3eeab9a4-47d5-4980-9c6e-5102901e869a@group-611ECB217B3F: closes. applyIndex: 4
2019-10-09 13:05:24,018 [3eeab9a4-47d5-4980-9c6e-5102901e869a@group-611ECB217B3F-SegmentedRaftLogWorker] INFO  segmented.SegmentedRaftLogWorker (SegmentedRaftLogWorker.java:run(313)) - 3eeab9a4-47d5-4980-9c6e-5102901e869a@group-611ECB217B3F-SegmentedRaftLogWorker was interrupted, exiting. There are 0 tasks remaining in the queue.
2019-10-09 13:05:24,020 [main] INFO  segmented.SegmentedRaftLogWorker (SegmentedRaftLogWorker.java:close(228)) - 3eeab9a4-47d5-4980-9c6e-5102901e869a@group-611ECB217B3F-SegmentedRaftLogWorker close()
2019-10-09 13:05:24,023 [main] INFO  impl.RaftServerImpl (RaftServerImpl.java:lambda$shutdown$3(251)) - 3eeab9a4-47d5-4980-9c6e-5102901e869a@group-279687B9E8C5: shutdown
2019-10-09 13:05:24,024 [main] INFO  util.JmxRegister (JmxRegister.java:unregister(73)) - Successfully un-registered JMX Bean with object name Ratis:service=RaftServer,group=group-279687B9E8C5,id=3eeab9a4-47d5-4980-9c6e-5102901e869a
2019-10-09 13:05:24,024 [main] INFO  impl.RoleInfo (RoleInfo.java:shutdownFollowerState(121)) - 3eeab9a4-47d5-4980-9c6e-5102901e869a: shutdown FollowerState
2019-10-09 13:05:24,024 [main] INFO  impl.StateMachineUpdater (StateMachineUpdater.java:stopAndJoin(125)) - 3eeab9a4-47d5-4980-9c6e-5102901e869a@group-279687B9E8C5-StateMachineUpdater: set stopIndex = 0
2019-10-09 13:05:24,024 [Thread-985] INFO  impl.FollowerState (FollowerState.java:run(115)) - 3eeab9a4-47d5-4980-9c6e-5102901e869a: FollowerState was interrupted: java.lang.InterruptedException: sleep interrupted
2019-10-09 13:05:24,024 [main] INFO  impl.RaftServerImpl (ServerState.java:close(385)) - 3eeab9a4-47d5-4980-9c6e-5102901e869a@group-279687B9E8C5: closes. applyIndex: 0
2019-10-09 13:05:24,025 [3eeab9a4-47d5-4980-9c6e-5102901e869a@group-279687B9E8C5-SegmentedRaftLogWorker] INFO  segmented.SegmentedRaftLogWorker (SegmentedRaftLogWorker.java:run(313)) - 3eeab9a4-47d5-4980-9c6e-5102901e869a@group-279687B9E8C5-SegmentedRaftLogWorker was interrupted, exiting. There are 0 tasks remaining in the queue.
2019-10-09 13:05:24,026 [main] INFO  segmented.SegmentedRaftLogWorker (SegmentedRaftLogWorker.java:close(228)) - 3eeab9a4-47d5-4980-9c6e-5102901e869a@group-279687B9E8C5-SegmentedRaftLogWorker close()
2019-10-09 13:05:24,029 [main] INFO  impl.RaftServerImpl (RaftServerImpl.java:lambda$shutdown$3(251)) - 3eeab9a4-47d5-4980-9c6e-5102901e869a@group-150B5479A3DB: shutdown
2019-10-09 13:05:24,029 [main] INFO  util.JmxRegister (JmxRegister.java:unregister(73)) - Successfully un-registered JMX Bean with object name Ratis:service=RaftServer,group=group-150B5479A3DB,id=3eeab9a4-47d5-4980-9c6e-5102901e869a
2019-10-09 13:05:24,030 [main] INFO  impl.RoleInfo (RoleInfo.java:shutdownLeaderState(104)) - 3eeab9a4-47d5-4980-9c6e-5102901e869a: shutdown LeaderState
2019-10-09 13:05:24,030 [main] INFO  impl.PendingRequests (PendingRequests.java:sendNotLeaderResponses(202)) - 3eeab9a4-47d5-4980-9c6e-5102901e869a-PendingRequests: sendNotLeaderResponses
2019-10-09 13:05:24,030 [org.apache.ratis.server.impl.LogAppender$AppenderDaemon$$Lambda$493/462031746@46c8b7d3] WARN  server.GrpcLogAppender (GrpcLogAppender.java:mayWait(143)) - 3eeab9a4-47d5-4980-9c6e-5102901e869a@group-150B5479A3DB->194018c8-bd25-415f-9941-0e401fd1a71b-GrpcLogAppender: Wait interrupted by java.lang.InterruptedException
2019-10-09 13:05:24,030 [org.apache.ratis.server.impl.LogAppender$AppenderDaemon$$Lambda$493/462031746@5d743a06] WARN  server.GrpcLogAppender (GrpcLogAppender.java:mayWait(143)) - 3eeab9a4-47d5-4980-9c6e-5102901e869a@group-150B5479A3DB->a951a5ca-0ab5-470b-9716-44f820a131a6-GrpcLogAppender: Wait interrupted by java.lang.InterruptedException
2019-10-09 13:05:24,033 [main] INFO  impl.StateMachineUpdater (StateMachineUpdater.java:stopAndJoin(125)) - 3eeab9a4-47d5-4980-9c6e-5102901e869a@group-150B5479A3DB-StateMachineUpdater: set stopIndex = 15
2019-10-09 13:05:24,033 [3eeab9a4-47d5-4980-9c6e-5102901e869a@group-150B5479A3DB-StateMachineUpdater] INFO  ratis.ContainerStateMachine (ContainerStateMachine.java:takeSnapshot(289)) - group-150B5479A3DB: Taking a snapshot at:(t:1, i:13) file /workdir/hadoop-ozone/integration-test/target/test-dir/MiniOzoneClusterImpl-92c4d179-1d16-4416-8bce-4538b25b782c/datanode-4/data/ratis/64310bd5-a2d3-4962-84b2-150b5479a3db/sm/snapshot.1_13
2019-10-09 13:05:24,046 [3eeab9a4-47d5-4980-9c6e-5102901e869a@group-150B5479A3DB-StateMachineUpdater] INFO  ratis.ContainerStateMachine (ContainerStateMachine.java:takeSnapshot(300)) - group-150B5479A3DB: Finished taking a snapshot at:(t:1, i:13) file:/workdir/hadoop-ozone/integration-test/target/test-dir/MiniOzoneClusterImpl-92c4d179-1d16-4416-8bce-4538b25b782c/datanode-4/data/ratis/64310bd5-a2d3-4962-84b2-150b5479a3db/sm/snapshot.1_13 time:13
2019-10-09 13:05:24,046 [3eeab9a4-47d5-4980-9c6e-5102901e869a@group-150B5479A3DB-StateMachineUpdater] INFO  impl.StateMachineUpdater (StateMachineUpdater.java:takeSnapshot(258)) - 3eeab9a4-47d5-4980-9c6e-5102901e869a@group-150B5479A3DB-StateMachineUpdater: Took a snapshot at index 13
2019-10-09 13:05:24,046 [3eeab9a4-47d5-4980-9c6e-5102901e869a@group-150B5479A3DB-StateMachineUpdater] INFO  impl.StateMachineUpdater (StateMachineUpdater.java:lambda$new$0(83)) - 3eeab9a4-47d5-4980-9c6e-5102901e869a@group-150B5479A3DB-StateMachineUpdater: snapshotIndex: updateIncreasingly -1 -> 13
2019-10-09 13:05:24,047 [3eeab9a4-47d5-4980-9c6e-5102901e869a@group-150B5479A3DB-StateMachineUpdater] INFO  ratis.ContainerStateMachine (ContainerStateMachine.java:takeSnapshot(289)) - group-150B5479A3DB: Taking a snapshot at:(t:1, i:13) file /workdir/hadoop-ozone/integration-test/target/test-dir/MiniOzoneClusterImpl-92c4d179-1d16-4416-8bce-4538b25b782c/datanode-4/data/ratis/64310bd5-a2d3-4962-84b2-150b5479a3db/sm/snapshot.1_13
2019-10-09 13:05:24,059 [3eeab9a4-47d5-4980-9c6e-5102901e869a@group-150B5479A3DB-StateMachineUpdater] INFO  ratis.ContainerStateMachine (ContainerStateMachine.java:takeSnapshot(300)) - group-150B5479A3DB: Finished taking a snapshot at:(t:1, i:13) file:/workdir/hadoop-ozone/integration-test/target/test-dir/MiniOzoneClusterImpl-92c4d179-1d16-4416-8bce-4538b25b782c/datanode-4/data/ratis/64310bd5-a2d3-4962-84b2-150b5479a3db/sm/snapshot.1_13 time:13
2019-10-09 13:05:24,060 [3eeab9a4-47d5-4980-9c6e-5102901e869a@group-150B5479A3DB-StateMachineUpdater] INFO  impl.StateMachineUpdater (StateMachineUpdater.java:takeSnapshot(258)) - 3eeab9a4-47d5-4980-9c6e-5102901e869a@group-150B5479A3DB-StateMachineUpdater: Took a snapshot at index 13
2019-10-09 13:05:24,060 [3eeab9a4-47d5-4980-9c6e-5102901e869a@group-150B5479A3DB-StateMachineUpdater] INFO  impl.StateMachineUpdater (StateMachineUpdater.java:lambda$new$0(83)) - 3eeab9a4-47d5-4980-9c6e-5102901e869a@group-150B5479A3DB-StateMachineUpdater: snapshotIndex: updateIncreasingly 13 -> 13
2019-10-09 13:05:24,060 [main] INFO  impl.RaftServerImpl (ServerState.java:close(385)) - 3eeab9a4-47d5-4980-9c6e-5102901e869a@group-150B5479A3DB: closes. applyIndex: 15
2019-10-09 13:05:24,061 [3eeab9a4-47d5-4980-9c6e-5102901e869a@group-150B5479A3DB-SegmentedRaftLogWorker] INFO  segmented.SegmentedRaftLogWorker (SegmentedRaftLogWorker.java:run(313)) - 3eeab9a4-47d5-4980-9c6e-5102901e869a@group-150B5479A3DB-SegmentedRaftLogWorker was interrupted, exiting. There are 0 tasks remaining in the queue.
2019-10-09 13:05:24,063 [main] INFO  segmented.SegmentedRaftLogWorker (SegmentedRaftLogWorker.java:close(228)) - 3eeab9a4-47d5-4980-9c6e-5102901e869a@group-150B5479A3DB-SegmentedRaftLogWorker close()
2019-10-09 13:05:24,066 [main] INFO  server.GrpcService (GrpcService.java:closeImpl(164)) - 3eeab9a4-47d5-4980-9c6e-5102901e869a: shutdown server with port 43254 now
2019-10-09 13:05:24,067 [grpc-default-executor-4] WARN  client.GrpcClientProtocolService (LogUtils.java:warn(134)) - 26-UnorderedRequestStreamObserver26: onError: org.apache.ratis.thirdparty.io.grpc.StatusRuntimeException: CANCELLED: cancelled before receiving half close
2019-10-09 13:05:24,068 [grpc-default-executor-11] WARN  server.GrpcServerProtocolService (LogUtils.java:warn(134)) - 3eeab9a4-47d5-4980-9c6e-5102901e869a: installSnapshot onError, lastRequest: a951a5ca-0ab5-470b-9716-44f820a131a6->3eeab9a4-47d5-4980-9c6e-5102901e869a#4-t1, previous=(t:1, i:0), leaderCommit=0, initializing? false, entries: <empty>: org.apache.ratis.thirdparty.io.grpc.StatusRuntimeException: CANCELLED: cancelled before receiving half close
2019-10-09 13:05:24,068 [grpc-default-executor-16] WARN  server.GrpcServerProtocolService (LogUtils.java:warn(134)) - 3eeab9a4-47d5-4980-9c6e-5102901e869a: installSnapshot onError, lastRequest: 194018c8-bd25-415f-9941-0e401fd1a71b->3eeab9a4-47d5-4980-9c6e-5102901e869a#5-t1, previous=(t:1, i:0), leaderCommit=0, initializing? false, entries: <empty>: org.apache.ratis.thirdparty.io.grpc.StatusRuntimeException: CANCELLED: cancelled before receiving half close
2019-10-09 13:05:24,068 [grpc-default-executor-19] WARN  server.GrpcServerProtocolService (LogUtils.java:warn(134)) - 3eeab9a4-47d5-4980-9c6e-5102901e869a: installSnapshot onError, lastRequest: 194018c8-bd25-415f-9941-0e401fd1a71b->3eeab9a4-47d5-4980-9c6e-5102901e869a#8-t1, previous=(t:1, i:4), leaderCommit=4, initializing? false, entries: <empty>: org.apache.ratis.thirdparty.io.grpc.StatusRuntimeException: CANCELLED: cancelled before receiving half close
2019-10-09 13:05:24,069 [grpc-default-executor-7] WARN  server.GrpcLogAppender (LogUtils.java:warn(134)) - a951a5ca-0ab5-470b-9716-44f820a131a6@group-B09A4D417E08->3eeab9a4-47d5-4980-9c6e-5102901e869a-AppendLogResponseHandler: Failed appendEntries: org.apache.ratis.thirdparty.io.grpc.StatusRuntimeException: CANCELLED: HTTP/2 error code: CANCEL
Received Rst Stream
2019-10-09 13:05:24,069 [grpc-default-executor-21] WARN  server.GrpcLogAppender (LogUtils.java:warn(134)) - a951a5ca-0ab5-470b-9716-44f820a131a6@group-867FD2ADA018->3eeab9a4-47d5-4980-9c6e-5102901e869a-AppendLogResponseHandler: Failed appendEntries: org.apache.ratis.thirdparty.io.grpc.StatusRuntimeException: CANCELLED: HTTP/2 error code: CANCEL
Received Rst Stream
2019-10-09 13:05:24,068 [grpc-default-executor-17] WARN  server.GrpcServerProtocolService (LogUtils.java:warn(134)) - 3eeab9a4-47d5-4980-9c6e-5102901e869a: installSnapshot onError, lastRequest: a951a5ca-0ab5-470b-9716-44f820a131a6->3eeab9a4-47d5-4980-9c6e-5102901e869a#5-t1, previous=(t:1, i:0), leaderCommit=0, initializing? false, entries: <empty>: org.apache.ratis.thirdparty.io.grpc.StatusRuntimeException: CANCELLED: cancelled before receiving half close
2019-10-09 13:05:24,069 [grpc-default-executor-21] INFO  impl.FollowerInfo (FollowerInfo.java:lambda$new$0(51)) - a951a5ca-0ab5-470b-9716-44f820a131a6@group-867FD2ADA018->3eeab9a4-47d5-4980-9c6e-5102901e869a: nextIndex: updateUnconditionally 1 -> 0
2019-10-09 13:05:24,069 [grpc-default-executor-7] INFO  impl.FollowerInfo (FollowerInfo.java:lambda$new$0(51)) - a951a5ca-0ab5-470b-9716-44f820a131a6@group-B09A4D417E08->3eeab9a4-47d5-4980-9c6e-5102901e869a: nextIndex: updateUnconditionally 1 -> 0
2019-10-09 13:05:24,069 [grpc-default-executor-20] WARN  server.GrpcLogAppender (LogUtils.java:warn(134)) - 194018c8-bd25-415f-9941-0e401fd1a71b@group-611ECB217B3F->3eeab9a4-47d5-4980-9c6e-5102901e869a-AppendLogResponseHandler: Failed appendEntries: org.apache.ratis.thirdparty.io.grpc.StatusRuntimeException: CANCELLED: HTTP/2 error code: CANCEL
Received Rst Stream
2019-10-09 13:05:24,069 [grpc-default-executor-22] WARN  server.GrpcLogAppender (LogUtils.java:warn(134)) - 194018c8-bd25-415f-9941-0e401fd1a71b@group-279687B9E8C5->3eeab9a4-47d5-4980-9c6e-5102901e869a-AppendLogResponseHandler: Failed appendEntries: org.apache.ratis.thirdparty.io.grpc.StatusRuntimeException: CANCELLED: HTTP/2 error code: CANCEL
Received Rst Stream
2019-10-09 13:05:24,069 [main] INFO  server.GrpcService (GrpcService.java:closeImpl(172)) - 3eeab9a4-47d5-4980-9c6e-5102901e869a: shutdown server with port 43254 successfully
2019-10-09 13:05:24,070 [grpc-default-executor-22] INFO  impl.FollowerInfo (FollowerInfo.java:lambda$new$0(51)) - 194018c8-bd25-415f-9941-0e401fd1a71b@group-279687B9E8C5->3eeab9a4-47d5-4980-9c6e-5102901e869a: nextIndex: updateUnconditionally 1 -> 0
2019-10-09 13:05:24,070 [grpc-default-executor-20] INFO  impl.FollowerInfo (FollowerInfo.java:lambda$new$0(51)) - 194018c8-bd25-415f-9941-0e401fd1a71b@group-611ECB217B3F->3eeab9a4-47d5-4980-9c6e-5102901e869a: nextIndex: updateUnconditionally 5 -> 4
2019-10-09 13:05:24,072 [refreshUsed-/workdir/hadoop-ozone/integration-test/target/test-dir/MiniOzoneClusterImpl-92c4d179-1d16-4416-8bce-4538b25b782c/datanode-4/data/containers] WARN  fs.CachingGetSpaceUsed (CachingGetSpaceUsed.java:run(183)) - Thread Interrupted waiting to refresh disk information: sleep interrupted
2019-10-09 13:05:24,090 [main] INFO  utils.BackgroundService (BackgroundService.java:shutdown(148)) - Shutting down service BlockDeletingService
2019-10-09 13:05:24,095 [main] INFO  statemachine.DatanodeStateMachine (DatanodeStateMachine.java:stopDaemon(395)) - Ozone container server stopped.
2019-10-09 13:05:24,096 [main] INFO  handler.ContextHandler (ContextHandler.java:doStop(910)) - Stopped o.e.j.w.WebAppContext@2630dbc4{/,null,UNAVAILABLE}{/hddsDatanode}
2019-10-09 13:05:24,096 [main] INFO  server.AbstractConnector (AbstractConnector.java:doStop(318)) - Stopped ServerConnector@5ea4300e{HTTP/1.1,[http/1.1]}{0.0.0.0:0}
2019-10-09 13:05:24,096 [main] INFO  handler.ContextHandler (ContextHandler.java:doStop(910)) - Stopped o.e.j.s.ServletContextHandler@4228bf58{/static,jar:file:/home/user/.m2/repository/org/apache/hadoop/hadoop-hdds-container-service/0.5.0-SNAPSHOT/hadoop-hdds-container-service-0.5.0-SNAPSHOT.jar!/webapps/static,UNAVAILABLE}
2019-10-09 13:05:24,098 [main] INFO  handler.ContextHandler (ContextHandler.java:doStop(910)) - Stopped o.e.j.s.ServletContextHandler@6f94fb9d{/logs,file:///workdir/hadoop-ozone/integration-test/target/log,UNAVAILABLE}
2019-10-09 13:05:24,179 [grpc-default-executor-20] WARN  server.GrpcLogAppender (LogUtils.java:warn(134)) - a951a5ca-0ab5-470b-9716-44f820a131a6@group-867FD2ADA018->3eeab9a4-47d5-4980-9c6e-5102901e869a-AppendLogResponseHandler: Failed appendEntries: org.apache.ratis.thirdparty.io.grpc.StatusRuntimeException: UNAVAILABLE: io exception
2019-10-09 13:05:24,179 [grpc-default-executor-20] INFO  impl.FollowerInfo (FollowerInfo.java:lambda$new$0(51)) - a951a5ca-0ab5-470b-9716-44f820a131a6@group-867FD2ADA018->3eeab9a4-47d5-4980-9c6e-5102901e869a: nextIndex: updateUnconditionally 0 -> 0
2019-10-09 13:05:24,726 [Datanode State Machine Thread - 0] INFO  statemachine.DatanodeStateMachine (DatanodeStateMachine.java:lambda$startDaemon$0(350)) - Ozone container server started.
2019-10-09 13:05:24,745 [Datanode State Machine Thread - 0] INFO  statemachine.DatanodeStateMachine (DatanodeStateMachine.java:lambda$startDaemon$0(350)) - Ozone container server started.
2019-10-09 13:05:26,176 [grpc-default-executor-17] WARN  server.GrpcLogAppender (LogUtils.java:warn(134)) - 194018c8-bd25-415f-9941-0e401fd1a71b@group-279687B9E8C5->3eeab9a4-47d5-4980-9c6e-5102901e869a-AppendLogResponseHandler: Failed appendEntries: org.apache.ratis.thirdparty.io.grpc.StatusRuntimeException: UNAVAILABLE: io exception
2019-10-09 13:05:26,177 [grpc-default-executor-17] INFO  impl.FollowerInfo (FollowerInfo.java:lambda$new$0(51)) - 194018c8-bd25-415f-9941-0e401fd1a71b@group-279687B9E8C5->3eeab9a4-47d5-4980-9c6e-5102901e869a: nextIndex: updateUnconditionally 0 -> 0
2019-10-09 13:05:26,303 [grpc-default-executor-22] WARN  server.GrpcLogAppender (LogUtils.java:warn(134)) - 194018c8-bd25-415f-9941-0e401fd1a71b@group-611ECB217B3F->3eeab9a4-47d5-4980-9c6e-5102901e869a-AppendLogResponseHandler: Failed appendEntries: org.apache.ratis.thirdparty.io.grpc.StatusRuntimeException: UNAVAILABLE: io exception
2019-10-09 13:05:26,303 [grpc-default-executor-22] INFO  impl.FollowerInfo (FollowerInfo.java:lambda$new$0(51)) - 194018c8-bd25-415f-9941-0e401fd1a71b@group-611ECB217B3F->3eeab9a4-47d5-4980-9c6e-5102901e869a: nextIndex: updateUnconditionally 4 -> 3
2019-10-09 13:05:26,430 [grpc-default-executor-22] WARN  server.GrpcLogAppender (LogUtils.java:warn(134)) - a951a5ca-0ab5-470b-9716-44f820a131a6@group-B09A4D417E08->3eeab9a4-47d5-4980-9c6e-5102901e869a-AppendLogResponseHandler: Failed appendEntries: org.apache.ratis.thirdparty.io.grpc.StatusRuntimeException: UNAVAILABLE: io exception
2019-10-09 13:05:26,430 [grpc-default-executor-22] INFO  impl.FollowerInfo (FollowerInfo.java:lambda$new$0(51)) - a951a5ca-0ab5-470b-9716-44f820a131a6@group-B09A4D417E08->3eeab9a4-47d5-4980-9c6e-5102901e869a: nextIndex: updateUnconditionally 0 -> 0
2019-10-09 13:05:26,684 [grpc-default-executor-22] WARN  server.GrpcLogAppender (LogUtils.java:warn(134)) - a951a5ca-0ab5-470b-9716-44f820a131a6@group-867FD2ADA018->3eeab9a4-47d5-4980-9c6e-5102901e869a-AppendLogResponseHandler: Failed appendEntries: org.apache.ratis.thirdparty.io.grpc.StatusRuntimeException: UNAVAILABLE: io exception
2019-10-09 13:05:26,684 [grpc-default-executor-22] INFO  impl.FollowerInfo (FollowerInfo.java:lambda$new$0(51)) - a951a5ca-0ab5-470b-9716-44f820a131a6@group-867FD2ADA018->3eeab9a4-47d5-4980-9c6e-5102901e869a: nextIndex: updateUnconditionally 0 -> 0
2019-10-09 13:05:28,677 [grpc-default-executor-22] WARN  server.GrpcLogAppender (LogUtils.java:warn(134)) - 194018c8-bd25-415f-9941-0e401fd1a71b@group-279687B9E8C5->3eeab9a4-47d5-4980-9c6e-5102901e869a-AppendLogResponseHandler: Failed appendEntries: org.apache.ratis.thirdparty.io.grpc.StatusRuntimeException: UNAVAILABLE: io exception
2019-10-09 13:05:28,678 [grpc-default-executor-22] INFO  impl.FollowerInfo (FollowerInfo.java:lambda$new$0(51)) - 194018c8-bd25-415f-9941-0e401fd1a71b@group-279687B9E8C5->3eeab9a4-47d5-4980-9c6e-5102901e869a: nextIndex: updateUnconditionally 0 -> 0
2019-10-09 13:05:28,796 [EventQueue-StaleNodeForStaleNodeHandler] INFO  node.StaleNodeHandler (StaleNodeHandler.java:onMessage(58)) - Datanode 194018c8-bd25-415f-9941-0e401fd1a71b{ip: 192.168.5.175, host: pr-hdds-1569-mfl88-1504498049, networkLocation: /default-rack, certSerialId: null} moved to stale state. Finalizing its pipelines [PipelineID=ecad9feb-35ca-4082-b7b2-9802512aa034, PipelineID=9d1fba23-819a-4399-aff0-fa60faca7155, PipelineID=efeb12e1-b1df-4135-b5eb-867fd2ada018, PipelineID=8e8e3dec-ac18-48dc-941a-f081ff3511eb, PipelineID=33a2bd62-eb4e-4a29-8c12-b09a4d417e08, PipelineID=81db0a56-23c9-45ae-b24c-351dce0ca7c1, PipelineID=141f926b-b7be-46fa-b46a-84d1ae6a7d99, PipelineID=d9b70c17-76ac-42f0-ae06-611ecb217b3f, PipelineID=a4b5fb1d-2135-408d-a6c6-279687b9e8c5, PipelineID=64310bd5-a2d3-4962-84b2-150b5479a3db]
2019-10-09 13:05:28,796 [EventQueue-StaleNodeForStaleNodeHandler] INFO  pipeline.SCMPipelineManager (SCMPipelineManager.java:finalizeAndDestroyPipeline(342)) - destroying pipeline:Pipeline[ Id: ecad9feb-35ca-4082-b7b2-9802512aa034, Nodes: a951a5ca-0ab5-470b-9716-44f820a131a6{ip: 192.168.5.175, host: pr-hdds-1569-mfl88-1504498049, networkLocation: /default-rack, certSerialId: null}3eeab9a4-47d5-4980-9c6e-5102901e869a{ip: 192.168.5.175, host: pr-hdds-1569-mfl88-1504498049, networkLocation: /default-rack, certSerialId: null}194018c8-bd25-415f-9941-0e401fd1a71b{ip: 192.168.5.175, host: pr-hdds-1569-mfl88-1504498049, networkLocation: /default-rack, certSerialId: null}, Type:RATIS, Factor:THREE, State:CLOSED]
2019-10-09 13:05:28,797 [EventQueue-StaleNodeForStaleNodeHandler] INFO  pipeline.SCMPipelineManager (SCMPipelineManager.java:finalizeAndDestroyPipeline(342)) - destroying pipeline:Pipeline[ Id: 9d1fba23-819a-4399-aff0-fa60faca7155, Nodes: 3eeab9a4-47d5-4980-9c6e-5102901e869a{ip: 192.168.5.175, host: pr-hdds-1569-mfl88-1504498049, networkLocation: /default-rack, certSerialId: null}194018c8-bd25-415f-9941-0e401fd1a71b{ip: 192.168.5.175, host: pr-hdds-1569-mfl88-1504498049, networkLocation: /default-rack, certSerialId: null}a951a5ca-0ab5-470b-9716-44f820a131a6{ip: 192.168.5.175, host: pr-hdds-1569-mfl88-1504498049, networkLocation: /default-rack, certSerialId: null}, Type:RATIS, Factor:THREE, State:CLOSED]
2019-10-09 13:05:28,797 [EventQueue-StaleNodeForStaleNodeHandler] INFO  pipeline.SCMPipelineManager (SCMPipelineManager.java:finalizeAndDestroyPipeline(342)) - destroying pipeline:Pipeline[ Id: efeb12e1-b1df-4135-b5eb-867fd2ada018, Nodes: 3eeab9a4-47d5-4980-9c6e-5102901e869a{ip: 192.168.5.175, host: pr-hdds-1569-mfl88-1504498049, networkLocation: /default-rack, certSerialId: null}a951a5ca-0ab5-470b-9716-44f820a131a6{ip: 192.168.5.175, host: pr-hdds-1569-mfl88-1504498049, networkLocation: /default-rack, certSerialId: null}194018c8-bd25-415f-9941-0e401fd1a71b{ip: 192.168.5.175, host: pr-hdds-1569-mfl88-1504498049, networkLocation: /default-rack, certSerialId: null}, Type:RATIS, Factor:THREE, State:CLOSED]
2019-10-09 13:05:28,797 [EventQueue-StaleNodeForStaleNodeHandler] INFO  pipeline.SCMPipelineManager (SCMPipelineManager.java:finalizeAndDestroyPipeline(342)) - destroying pipeline:Pipeline[ Id: 8e8e3dec-ac18-48dc-941a-f081ff3511eb, Nodes: 3eeab9a4-47d5-4980-9c6e-5102901e869a{ip: 192.168.5.175, host: pr-hdds-1569-mfl88-1504498049, networkLocation: /default-rack, certSerialId: null}194018c8-bd25-415f-9941-0e401fd1a71b{ip: 192.168.5.175, host: pr-hdds-1569-mfl88-1504498049, networkLocation: /default-rack, certSerialId: null}a951a5ca-0ab5-470b-9716-44f820a131a6{ip: 192.168.5.175, host: pr-hdds-1569-mfl88-1504498049, networkLocation: /default-rack, certSerialId: null}, Type:RATIS, Factor:THREE, State:CLOSED]
2019-10-09 13:05:28,798 [EventQueue-StaleNodeForStaleNodeHandler] INFO  pipeline.SCMPipelineManager (SCMPipelineManager.java:finalizeAndDestroyPipeline(342)) - destroying pipeline:Pipeline[ Id: 33a2bd62-eb4e-4a29-8c12-b09a4d417e08, Nodes: a951a5ca-0ab5-470b-9716-44f820a131a6{ip: 192.168.5.175, host: pr-hdds-1569-mfl88-1504498049, networkLocation: /default-rack, certSerialId: null}194018c8-bd25-415f-9941-0e401fd1a71b{ip: 192.168.5.175, host: pr-hdds-1569-mfl88-1504498049, networkLocation: /default-rack, certSerialId: null}3eeab9a4-47d5-4980-9c6e-5102901e869a{ip: 192.168.5.175, host: pr-hdds-1569-mfl88-1504498049, networkLocation: /default-rack, certSerialId: null}, Type:RATIS, Factor:THREE, State:CLOSED]
2019-10-09 13:05:28,798 [EventQueue-StaleNodeForStaleNodeHandler] INFO  pipeline.SCMPipelineManager (SCMPipelineManager.java:finalizeAndDestroyPipeline(342)) - destroying pipeline:Pipeline[ Id: 81db0a56-23c9-45ae-b24c-351dce0ca7c1, Nodes: a951a5ca-0ab5-470b-9716-44f820a131a6{ip: 192.168.5.175, host: pr-hdds-1569-mfl88-1504498049, networkLocation: /default-rack, certSerialId: null}194018c8-bd25-415f-9941-0e401fd1a71b{ip: 192.168.5.175, host: pr-hdds-1569-mfl88-1504498049, networkLocation: /default-rack, certSerialId: null}3eeab9a4-47d5-4980-9c6e-5102901e869a{ip: 192.168.5.175, host: pr-hdds-1569-mfl88-1504498049, networkLocation: /default-rack, certSerialId: null}, Type:RATIS, Factor:THREE, State:CLOSED]
2019-10-09 13:05:28,798 [EventQueue-StaleNodeForStaleNodeHandler] INFO  pipeline.SCMPipelineManager (SCMPipelineManager.java:finalizeAndDestroyPipeline(342)) - destroying pipeline:Pipeline[ Id: 141f926b-b7be-46fa-b46a-84d1ae6a7d99, Nodes: 194018c8-bd25-415f-9941-0e401fd1a71b{ip: 192.168.5.175, host: pr-hdds-1569-mfl88-1504498049, networkLocation: /default-rack, certSerialId: null}, Type:RATIS, Factor:ONE, State:OPEN]
2019-10-09 13:05:28,798 [EventQueue-StaleNodeForStaleNodeHandler] INFO  pipeline.PipelineStateManager (PipelineStateManager.java:finalizePipeline(123)) - Pipeline Pipeline[ Id: 141f926b-b7be-46fa-b46a-84d1ae6a7d99, Nodes: 194018c8-bd25-415f-9941-0e401fd1a71b{ip: 192.168.5.175, host: pr-hdds-1569-mfl88-1504498049, networkLocation: /default-rack, certSerialId: null}, Type:RATIS, Factor:ONE, State:CLOSED] moved to CLOSED state
2019-10-09 13:05:28,799 [EventQueue-StaleNodeForStaleNodeHandler] INFO  pipeline.SCMPipelineManager (SCMPipelineManager.java:finalizeAndDestroyPipeline(342)) - destroying pipeline:Pipeline[ Id: d9b70c17-76ac-42f0-ae06-611ecb217b3f, Nodes: a951a5ca-0ab5-470b-9716-44f820a131a6{ip: 192.168.5.175, host: pr-hdds-1569-mfl88-1504498049, networkLocation: /default-rack, certSerialId: null}194018c8-bd25-415f-9941-0e401fd1a71b{ip: 192.168.5.175, host: pr-hdds-1569-mfl88-1504498049, networkLocation: /default-rack, certSerialId: null}3eeab9a4-47d5-4980-9c6e-5102901e869a{ip: 192.168.5.175, host: pr-hdds-1569-mfl88-1504498049, networkLocation: /default-rack, certSerialId: null}, Type:RATIS, Factor:THREE, State:CLOSED]
2019-10-09 13:05:28,799 [EventQueue-StaleNodeForStaleNodeHandler] INFO  pipeline.SCMPipelineManager (SCMPipelineManager.java:finalizeAndDestroyPipeline(342)) - destroying pipeline:Pipeline[ Id: a4b5fb1d-2135-408d-a6c6-279687b9e8c5, Nodes: a951a5ca-0ab5-470b-9716-44f820a131a6{ip: 192.168.5.175, host: pr-hdds-1569-mfl88-1504498049, networkLocation: /default-rack, certSerialId: null}194018c8-bd25-415f-9941-0e401fd1a71b{ip: 192.168.5.175, host: pr-hdds-1569-mfl88-1504498049, networkLocation: /default-rack, certSerialId: null}3eeab9a4-47d5-4980-9c6e-5102901e869a{ip: 192.168.5.175, host: pr-hdds-1569-mfl88-1504498049, networkLocation: /default-rack, certSerialId: null}, Type:RATIS, Factor:THREE, State:CLOSED]
2019-10-09 13:05:28,799 [EventQueue-StaleNodeForStaleNodeHandler] INFO  pipeline.SCMPipelineManager (SCMPipelineManager.java:finalizeAndDestroyPipeline(342)) - destroying pipeline:Pipeline[ Id: 64310bd5-a2d3-4962-84b2-150b5479a3db, Nodes: 194018c8-bd25-415f-9941-0e401fd1a71b{ip: 192.168.5.175, host: pr-hdds-1569-mfl88-1504498049, networkLocation: /default-rack, certSerialId: null}a951a5ca-0ab5-470b-9716-44f820a131a6{ip: 192.168.5.175, host: pr-hdds-1569-mfl88-1504498049, networkLocation: /default-rack, certSerialId: null}3eeab9a4-47d5-4980-9c6e-5102901e869a{ip: 192.168.5.175, host: pr-hdds-1569-mfl88-1504498049, networkLocation: /default-rack, certSerialId: null}, Type:RATIS, Factor:THREE, State:CLOSED]
2019-10-09 13:05:28,800 [EventQueue-StaleNodeForStaleNodeHandler] INFO  node.StaleNodeHandler (StaleNodeHandler.java:onMessage(58)) - Datanode eb04c9d2-6a3f-4a25-83d0-e343d353d182{ip: 192.168.5.175, host: pr-hdds-1569-mfl88-1504498049, networkLocation: /default-rack, certSerialId: null} moved to stale state. Finalizing its pipelines [PipelineID=e0f3a325-518f-4cbd-b38c-2988b8aef951]
2019-10-09 13:05:28,800 [EventQueue-StaleNodeForStaleNodeHandler] INFO  pipeline.SCMPipelineManager (SCMPipelineManager.java:finalizeAndDestroyPipeline(342)) - destroying pipeline:Pipeline[ Id: e0f3a325-518f-4cbd-b38c-2988b8aef951, Nodes: eb04c9d2-6a3f-4a25-83d0-e343d353d182{ip: 192.168.5.175, host: pr-hdds-1569-mfl88-1504498049, networkLocation: /default-rack, certSerialId: null}, Type:RATIS, Factor:ONE, State:OPEN]
2019-10-09 13:05:28,800 [EventQueue-StaleNodeForStaleNodeHandler] INFO  pipeline.PipelineStateManager (PipelineStateManager.java:finalizePipeline(123)) - Pipeline Pipeline[ Id: e0f3a325-518f-4cbd-b38c-2988b8aef951, Nodes: eb04c9d2-6a3f-4a25-83d0-e343d353d182{ip: 192.168.5.175, host: pr-hdds-1569-mfl88-1504498049, networkLocation: /default-rack, certSerialId: null}, Type:RATIS, Factor:ONE, State:CLOSED] moved to CLOSED state
2019-10-09 13:05:28,804 [grpc-default-executor-22] WARN  server.GrpcLogAppender (LogUtils.java:warn(134)) - 194018c8-bd25-415f-9941-0e401fd1a71b@group-611ECB217B3F->3eeab9a4-47d5-4980-9c6e-5102901e869a-AppendLogResponseHandler: Failed appendEntries: org.apache.ratis.thirdparty.io.grpc.StatusRuntimeException: UNAVAILABLE: io exception
2019-10-09 13:05:28,804 [grpc-default-executor-22] INFO  impl.FollowerInfo (FollowerInfo.java:lambda$new$0(51)) - 194018c8-bd25-415f-9941-0e401fd1a71b@group-611ECB217B3F->3eeab9a4-47d5-4980-9c6e-5102901e869a: nextIndex: updateUnconditionally 3 -> 2
2019-10-09 13:05:28,932 [grpc-default-executor-22] WARN  server.GrpcLogAppender (LogUtils.java:warn(134)) - a951a5ca-0ab5-470b-9716-44f820a131a6@group-B09A4D417E08->3eeab9a4-47d5-4980-9c6e-5102901e869a-AppendLogResponseHandler: Failed appendEntries: org.apache.ratis.thirdparty.io.grpc.StatusRuntimeException: UNAVAILABLE: io exception
2019-10-09 13:05:28,932 [grpc-default-executor-22] INFO  impl.FollowerInfo (FollowerInfo.java:lambda$new$0(51)) - a951a5ca-0ab5-470b-9716-44f820a131a6@group-B09A4D417E08->3eeab9a4-47d5-4980-9c6e-5102901e869a: nextIndex: updateUnconditionally 0 -> 0
2019-10-09 13:05:28,992 [ForkJoinPool.commonPool-worker-1] INFO  ozoneimpl.OzoneContainer (OzoneContainer.java:stop(231)) - Attempting to stop container services.
2019-10-09 13:05:28,993 [ForkJoinPool.commonPool-worker-1] INFO  impl.RaftServerProxy (RaftServerProxy.java:lambda$close$4(314)) - eb04c9d2-6a3f-4a25-83d0-e343d353d182: close
2019-10-09 13:05:28,993 [ForkJoinPool.commonPool-worker-1] INFO  impl.RaftServerImpl (RaftServerImpl.java:lambda$shutdown$3(251)) - eb04c9d2-6a3f-4a25-83d0-e343d353d182@group-2988B8AEF951: shutdown
2019-10-09 13:05:28,993 [ForkJoinPool.commonPool-worker-1] INFO  util.JmxRegister (JmxRegister.java:unregister(73)) - Successfully un-registered JMX Bean with object name Ratis:service=RaftServer,group=group-2988B8AEF951,id=eb04c9d2-6a3f-4a25-83d0-e343d353d182
2019-10-09 13:05:28,994 [ForkJoinPool.commonPool-worker-1] INFO  impl.RoleInfo (RoleInfo.java:shutdownLeaderState(104)) - eb04c9d2-6a3f-4a25-83d0-e343d353d182: shutdown LeaderState
2019-10-09 13:05:28,994 [ForkJoinPool.commonPool-worker-1] INFO  impl.PendingRequests (PendingRequests.java:sendNotLeaderResponses(202)) - eb04c9d2-6a3f-4a25-83d0-e343d353d182-PendingRequests: sendNotLeaderResponses
2019-10-09 13:05:28,994 [ForkJoinPool.commonPool-worker-1] INFO  impl.StateMachineUpdater (StateMachineUpdater.java:stopAndJoin(125)) - eb04c9d2-6a3f-4a25-83d0-e343d353d182@group-2988B8AEF951-StateMachineUpdater: set stopIndex = 0
2019-10-09 13:05:28,995 [ForkJoinPool.commonPool-worker-1] INFO  impl.RaftServerImpl (ServerState.java:close(385)) - eb04c9d2-6a3f-4a25-83d0-e343d353d182@group-2988B8AEF951: closes. applyIndex: 0
2019-10-09 13:05:28,996 [eb04c9d2-6a3f-4a25-83d0-e343d353d182@group-2988B8AEF951-SegmentedRaftLogWorker] INFO  segmented.SegmentedRaftLogWorker (SegmentedRaftLogWorker.java:run(313)) - eb04c9d2-6a3f-4a25-83d0-e343d353d182@group-2988B8AEF951-SegmentedRaftLogWorker was interrupted, exiting. There are 0 tasks remaining in the queue.
2019-10-09 13:05:28,996 [ForkJoinPool.commonPool-worker-1] INFO  segmented.SegmentedRaftLogWorker (SegmentedRaftLogWorker.java:close(228)) - eb04c9d2-6a3f-4a25-83d0-e343d353d182@group-2988B8AEF951-SegmentedRaftLogWorker close()
2019-10-09 13:05:28,996 [ForkJoinPool.commonPool-worker-1] INFO  server.GrpcService (GrpcService.java:closeImpl(164)) - eb04c9d2-6a3f-4a25-83d0-e343d353d182: shutdown server with port 38949 now
2019-10-09 13:05:28,998 [ForkJoinPool.commonPool-worker-1] INFO  server.GrpcService (GrpcService.java:closeImpl(172)) - eb04c9d2-6a3f-4a25-83d0-e343d353d182: shutdown server with port 38949 successfully
2019-10-09 13:05:29,000 [refreshUsed-/workdir/hadoop-ozone/integration-test/target/test-dir/MiniOzoneClusterImpl-92c4d179-1d16-4416-8bce-4538b25b782c/datanode-6/data/containers] WARN  fs.CachingGetSpaceUsed (CachingGetSpaceUsed.java:run(183)) - Thread Interrupted waiting to refresh disk information: sleep interrupted
2019-10-09 13:05:29,004 [Thread-1189] INFO  impl.FollowerState (FollowerState.java:run(106)) - 194018c8-bd25-415f-9941-0e401fd1a71b:group-9802512AA034 changes to CANDIDATE, lastRpcTime:7561, electionTimeout:5056ms
2019-10-09 13:05:29,005 [Thread-1189] INFO  impl.RoleInfo (RoleInfo.java:shutdownFollowerState(121)) - 194018c8-bd25-415f-9941-0e401fd1a71b: shutdown FollowerState
2019-10-09 13:05:29,006 [Thread-1189] INFO  impl.RaftServerImpl (RaftServerImpl.java:setRole(174)) - 194018c8-bd25-415f-9941-0e401fd1a71b@group-9802512AA034: changes role from  FOLLOWER to CANDIDATE at term 3 for changeToCandidate
2019-10-09 13:05:29,006 [Thread-1189] INFO  impl.RoleInfo (RoleInfo.java:updateAndGet(143)) - 194018c8-bd25-415f-9941-0e401fd1a71b: start LeaderElection
2019-10-09 13:05:29,007 [194018c8-bd25-415f-9941-0e401fd1a71b@group-9802512AA034:LeaderElection94] INFO  impl.RaftServerImpl (ServerState.java:setLeader(253)) - 194018c8-bd25-415f-9941-0e401fd1a71b@group-9802512AA034: change Leader from 3eeab9a4-47d5-4980-9c6e-5102901e869a to null at term 3 for initElection
2019-10-09 13:05:29,019 [Thread-1208] INFO  impl.FollowerState (FollowerState.java:run(106)) - a951a5ca-0ab5-470b-9716-44f820a131a6:group-F081FF3511EB changes to CANDIDATE, lastRpcTime:7471, electionTimeout:5071ms
2019-10-09 13:05:29,019 [Thread-1208] INFO  impl.RoleInfo (RoleInfo.java:shutdownFollowerState(121)) - a951a5ca-0ab5-470b-9716-44f820a131a6: shutdown FollowerState
2019-10-09 13:05:29,019 [Thread-1208] INFO  impl.RaftServerImpl (RaftServerImpl.java:setRole(174)) - a951a5ca-0ab5-470b-9716-44f820a131a6@group-F081FF3511EB: changes role from  FOLLOWER to CANDIDATE at term 2 for changeToCandidate
2019-10-09 13:05:29,019 [Thread-1208] INFO  impl.RoleInfo (RoleInfo.java:updateAndGet(143)) - a951a5ca-0ab5-470b-9716-44f820a131a6: start LeaderElection
2019-10-09 13:05:29,021 [a951a5ca-0ab5-470b-9716-44f820a131a6@group-F081FF3511EB:LeaderElection95] INFO  impl.RaftServerImpl (ServerState.java:setLeader(253)) - a951a5ca-0ab5-470b-9716-44f820a131a6@group-F081FF3511EB: change Leader from 3eeab9a4-47d5-4980-9c6e-5102901e869a to null at term 2 for initElection
2019-10-09 13:05:29,021 [194018c8-bd25-415f-9941-0e401fd1a71b@group-9802512AA034:LeaderElection94] INFO  impl.LeaderElection (LeaderElection.java:askForVotes(182)) - 194018c8-bd25-415f-9941-0e401fd1a71b@group-9802512AA034:LeaderElection94: begin an election at term 4 for 1: [194018c8-bd25-415f-9941-0e401fd1a71b:192.168.5.175:36608, a951a5ca-0ab5-470b-9716-44f820a131a6:192.168.5.175:37446, 3eeab9a4-47d5-4980-9c6e-5102901e869a:192.168.5.175:43254], old=null
2019-10-09 13:05:29,024 [grpc-default-executor-22] INFO  impl.RaftServerImpl (ServerState.java:setLeader(253)) - a951a5ca-0ab5-470b-9716-44f820a131a6@group-9802512AA034: change Leader from 3eeab9a4-47d5-4980-9c6e-5102901e869a to null at term 4 for updateCurrentTerm
2019-10-09 13:05:29,024 [ForkJoinPool.commonPool-worker-1] INFO  utils.BackgroundService (BackgroundService.java:shutdown(148)) - Shutting down service BlockDeletingService
2019-10-09 13:05:29,024 [grpc-default-executor-22] INFO  impl.RaftServerImpl (RaftServerImpl.java:setRole(174)) - a951a5ca-0ab5-470b-9716-44f820a131a6@group-9802512AA034: changes role from  FOLLOWER to FOLLOWER at term 4 for recognizeCandidate:194018c8-bd25-415f-9941-0e401fd1a71b
2019-10-09 13:05:29,025 [194018c8-bd25-415f-9941-0e401fd1a71b@group-9802512AA034:LeaderElection94] INFO  impl.LeaderElection (LogUtils.java:infoOrTrace(149)) - 194018c8-bd25-415f-9941-0e401fd1a71b@group-9802512AA034:LeaderElection94 got exception when requesting votes: {}
java.util.concurrent.ExecutionException: org.apache.ratis.thirdparty.io.grpc.StatusRuntimeException: UNAVAILABLE: io exception
	at java.util.concurrent.FutureTask.report(FutureTask.java:122)
	at java.util.concurrent.FutureTask.get(FutureTask.java:192)
	at org.apache.ratis.server.impl.LeaderElection.waitForResults(LeaderElection.java:263)
	at org.apache.ratis.server.impl.LeaderElection.askForVotes(LeaderElection.java:201)
	at org.apache.ratis.server.impl.LeaderElection.run(LeaderElection.java:133)
	at java.lang.Thread.run(Thread.java:748)
Caused by: org.apache.ratis.thirdparty.io.grpc.StatusRuntimeException: UNAVAILABLE: io exception
	at org.apache.ratis.thirdparty.io.grpc.stub.ClientCalls.toStatusRuntimeException(ClientCalls.java:233)
	at org.apache.ratis.thirdparty.io.grpc.stub.ClientCalls.getUnchecked(ClientCalls.java:214)
	at org.apache.ratis.thirdparty.io.grpc.stub.ClientCalls.blockingUnaryCall(ClientCalls.java:139)
	at org.apache.ratis.proto.grpc.RaftServerProtocolServiceGrpc$RaftServerProtocolServiceBlockingStub.requestVote(RaftServerProtocolServiceGrpc.java:265)
	at org.apache.ratis.grpc.server.GrpcServerProtocolClient.requestVote(GrpcServerProtocolClient.java:90)
	at org.apache.ratis.grpc.server.GrpcService.requestVote(GrpcService.java:204)
	at org.apache.ratis.server.impl.LeaderElection.lambda$submitRequests$1(LeaderElection.java:238)
	at java.util.concurrent.FutureTask.run(FutureTask.java:266)
	at java.util.concurrent.Executors$RunnableAdapter.call(Executors.java:511)
	at java.util.concurrent.FutureTask.run(FutureTask.java:266)
	at java.util.concurrent.ThreadPoolExecutor.runWorker(ThreadPoolExecutor.java:1149)
	at java.util.concurrent.ThreadPoolExecutor$Worker.run(ThreadPoolExecutor.java:624)
	... 1 more
Caused by: org.apache.ratis.thirdparty.io.netty.channel.AbstractChannel$AnnotatedConnectException: Connection refused: /192.168.5.175:43254
	at sun.nio.ch.SocketChannelImpl.checkConnect(Native Method)
	at sun.nio.ch.SocketChannelImpl.finishConnect(SocketChannelImpl.java:717)
	at org.apache.ratis.thirdparty.io.netty.channel.socket.nio.NioSocketChannel.doFinishConnect(NioSocketChannel.java:327)
	at org.apache.ratis.thirdparty.io.netty.channel.nio.AbstractNioChannel$AbstractNioUnsafe.finishConnect(AbstractNioChannel.java:340)
	at org.apache.ratis.thirdparty.io.netty.channel.nio.NioEventLoop.processSelectedKey(NioEventLoop.java:632)
	at org.apache.ratis.thirdparty.io.netty.channel.nio.NioEventLoop.processSelectedKeysOptimized(NioEventLoop.java:579)
	at org.apache.ratis.thirdparty.io.netty.channel.nio.NioEventLoop.processSelectedKeys(NioEventLoop.java:496)
	at org.apache.ratis.thirdparty.io.netty.channel.nio.NioEventLoop.run(NioEventLoop.java:458)
	at org.apache.ratis.thirdparty.io.netty.util.concurrent.SingleThreadEventExecutor$5.run(SingleThreadEventExecutor.java:897)
	at org.apache.ratis.thirdparty.io.netty.util.concurrent.FastThreadLocalRunnable.run(FastThreadLocalRunnable.java:30)
	... 1 more
Caused by: java.net.ConnectException: Connection refused
	... 11 more
2019-10-09 13:05:29,028 [ForkJoinPool.commonPool-worker-1] INFO  statemachine.DatanodeStateMachine (DatanodeStateMachine.java:stopDaemon(395)) - Ozone container server stopped.
2019-10-09 13:05:29,025 [grpc-default-executor-22] INFO  impl.RoleInfo (RoleInfo.java:shutdownFollowerState(121)) - a951a5ca-0ab5-470b-9716-44f820a131a6: shutdown FollowerState
2019-10-09 13:05:29,031 [Thread-1188] INFO  impl.FollowerState (FollowerState.java:run(115)) - a951a5ca-0ab5-470b-9716-44f820a131a6: FollowerState was interrupted: java.lang.InterruptedException: sleep interrupted
2019-10-09 13:05:29,032 [grpc-default-executor-22] INFO  impl.RoleInfo (RoleInfo.java:updateAndGet(143)) - a951a5ca-0ab5-470b-9716-44f820a131a6: start FollowerState
2019-10-09 13:05:29,033 [ForkJoinPool.commonPool-worker-1] INFO  handler.ContextHandler (ContextHandler.java:doStop(910)) - Stopped o.e.j.w.WebAppContext@648d0e6d{/,null,UNAVAILABLE}{/hddsDatanode}
2019-10-09 13:05:29,034 [ForkJoinPool.commonPool-worker-1] INFO  server.AbstractConnector (AbstractConnector.java:doStop(318)) - Stopped ServerConnector@79e66b2f{HTTP/1.1,[http/1.1]}{0.0.0.0:0}
2019-10-09 13:05:29,035 [ForkJoinPool.commonPool-worker-1] INFO  handler.ContextHandler (ContextHandler.java:doStop(910)) - Stopped o.e.j.s.ServletContextHandler@4437ac07{/static,jar:file:/home/user/.m2/repository/org/apache/hadoop/hadoop-hdds-container-service/0.5.0-SNAPSHOT/hadoop-hdds-container-service-0.5.0-SNAPSHOT.jar!/webapps/static,UNAVAILABLE}
2019-10-09 13:05:29,036 [a951a5ca-0ab5-470b-9716-44f820a131a6@group-F081FF3511EB:LeaderElection95] INFO  impl.LeaderElection (LeaderElection.java:askForVotes(182)) - a951a5ca-0ab5-470b-9716-44f820a131a6@group-F081FF3511EB:LeaderElection95: begin an election at term 3 for 0: [194018c8-bd25-415f-9941-0e401fd1a71b:192.168.5.175:36608, 3eeab9a4-47d5-4980-9c6e-5102901e869a:192.168.5.175:43254, a951a5ca-0ab5-470b-9716-44f820a131a6:192.168.5.175:37446], old=null
2019-10-09 13:05:29,036 [ForkJoinPool.commonPool-worker-1] INFO  handler.ContextHandler (ContextHandler.java:doStop(910)) - Stopped o.e.j.s.ServletContextHandler@66b59b7d{/logs,file:///workdir/hadoop-ozone/integration-test/target/log,UNAVAILABLE}
2019-10-09 13:05:29,038 [194018c8-bd25-415f-9941-0e401fd1a71b@group-9802512AA034:LeaderElection94] INFO  impl.LeaderElection (LeaderElection.java:logAndReturn(56)) - 194018c8-bd25-415f-9941-0e401fd1a71b@group-9802512AA034:LeaderElection94: Election PASSED; received 1 response(s) [194018c8-bd25-415f-9941-0e401fd1a71b<-a951a5ca-0ab5-470b-9716-44f820a131a6#0:OK-t4] and 1 exception(s); 194018c8-bd25-415f-9941-0e401fd1a71b@group-9802512AA034:t4, leader=null, voted=194018c8-bd25-415f-9941-0e401fd1a71b, raftlog=194018c8-bd25-415f-9941-0e401fd1a71b@group-9802512AA034-SegmentedRaftLog:OPENED:c2,f2,i2, conf=1: [194018c8-bd25-415f-9941-0e401fd1a71b:192.168.5.175:36608, a951a5ca-0ab5-470b-9716-44f820a131a6:192.168.5.175:37446, 3eeab9a4-47d5-4980-9c6e-5102901e869a:192.168.5.175:43254], old=null
2019-10-09 13:05:29,038 [194018c8-bd25-415f-9941-0e401fd1a71b@group-9802512AA034:LeaderElection94] INFO  impl.LeaderElection (LogUtils.java:infoOrTrace(149)) -   Exception 0: {}
java.util.concurrent.ExecutionException: org.apache.ratis.thirdparty.io.grpc.StatusRuntimeException: UNAVAILABLE: io exception
	at java.util.concurrent.FutureTask.report(FutureTask.java:122)
	at java.util.concurrent.FutureTask.get(FutureTask.java:192)
	at org.apache.ratis.server.impl.LeaderElection.waitForResults(LeaderElection.java:263)
	at org.apache.ratis.server.impl.LeaderElection.askForVotes(LeaderElection.java:201)
	at org.apache.ratis.server.impl.LeaderElection.run(LeaderElection.java:133)
	at java.lang.Thread.run(Thread.java:748)
Caused by: org.apache.ratis.thirdparty.io.grpc.StatusRuntimeException: UNAVAILABLE: io exception
	at org.apache.ratis.thirdparty.io.grpc.stub.ClientCalls.toStatusRuntimeException(ClientCalls.java:233)
	at org.apache.ratis.thirdparty.io.grpc.stub.ClientCalls.getUnchecked(ClientCalls.java:214)
	at org.apache.ratis.thirdparty.io.grpc.stub.ClientCalls.blockingUnaryCall(ClientCalls.java:139)
	at org.apache.ratis.proto.grpc.RaftServerProtocolServiceGrpc$RaftServerProtocolServiceBlockingStub.requestVote(RaftServerProtocolServiceGrpc.java:265)
	at org.apache.ratis.grpc.server.GrpcServerProtocolClient.requestVote(GrpcServerProtocolClient.java:90)
	at org.apache.ratis.grpc.server.GrpcService.requestVote(GrpcService.java:204)
	at org.apache.ratis.server.impl.LeaderElection.lambda$submitRequests$1(LeaderElection.java:238)
	at java.util.concurrent.FutureTask.run(FutureTask.java:266)
	at java.util.concurrent.Executors$RunnableAdapter.call(Executors.java:511)
	at java.util.concurrent.FutureTask.run(FutureTask.java:266)
	at java.util.concurrent.ThreadPoolExecutor.runWorker(ThreadPoolExecutor.java:1149)
	at java.util.concurrent.ThreadPoolExecutor$Worker.run(ThreadPoolExecutor.java:624)
	... 1 more
Caused by: org.apache.ratis.thirdparty.io.netty.channel.AbstractChannel$AnnotatedConnectException: Connection refused: /192.168.5.175:43254
	at sun.nio.ch.SocketChannelImpl.checkConnect(Native Method)
	at sun.nio.ch.SocketChannelImpl.finishConnect(SocketChannelImpl.java:717)
	at org.apache.ratis.thirdparty.io.netty.channel.socket.nio.NioSocketChannel.doFinishConnect(NioSocketChannel.java:327)
	at org.apache.ratis.thirdparty.io.netty.channel.nio.AbstractNioChannel$AbstractNioUnsafe.finishConnect(AbstractNioChannel.java:340)
	at org.apache.ratis.thirdparty.io.netty.channel.nio.NioEventLoop.processSelectedKey(NioEventLoop.java:632)
	at org.apache.ratis.thirdparty.io.netty.channel.nio.NioEventLoop.processSelectedKeysOptimized(NioEventLoop.java:579)
	at org.apache.ratis.thirdparty.io.netty.channel.nio.NioEventLoop.processSelectedKeys(NioEventLoop.java:496)
	at org.apache.ratis.thirdparty.io.netty.channel.nio.NioEventLoop.run(NioEventLoop.java:458)
	at org.apache.ratis.thirdparty.io.netty.util.concurrent.SingleThreadEventExecutor$5.run(SingleThreadEventExecutor.java:897)
	at org.apache.ratis.thirdparty.io.netty.util.concurrent.FastThreadLocalRunnable.run(FastThreadLocalRunnable.java:30)
	... 1 more
Caused by: java.net.ConnectException: Connection refused
	... 11 more
2019-10-09 13:05:29,038 [194018c8-bd25-415f-9941-0e401fd1a71b@group-9802512AA034:LeaderElection94] INFO  impl.RoleInfo (RoleInfo.java:shutdownLeaderElection(134)) - 194018c8-bd25-415f-9941-0e401fd1a71b: shutdown LeaderElection
2019-10-09 13:05:29,038 [194018c8-bd25-415f-9941-0e401fd1a71b@group-9802512AA034:LeaderElection94] INFO  impl.RaftServerImpl (RaftServerImpl.java:setRole(174)) - 194018c8-bd25-415f-9941-0e401fd1a71b@group-9802512AA034: changes role from CANDIDATE to LEADER at term 4 for changeToLeader
2019-10-09 13:05:29,038 [194018c8-bd25-415f-9941-0e401fd1a71b@group-9802512AA034:LeaderElection94] INFO  impl.RaftServerImpl (ServerState.java:setLeader(253)) - 194018c8-bd25-415f-9941-0e401fd1a71b@group-9802512AA034: change Leader from null to 194018c8-bd25-415f-9941-0e401fd1a71b at term 4 for becomeLeader, leader elected after 31ms
2019-10-09 13:05:29,039 [194018c8-bd25-415f-9941-0e401fd1a71b@group-9802512AA034:LeaderElection94] INFO  server.RaftServerConfigKeys (ConfUtils.java:logGet(43)) - raft.server.staging.catchup.gap = 1000 (default)
2019-10-09 13:05:29,039 [grpc-default-executor-22] INFO  impl.RaftServerImpl (ServerState.java:setLeader(253)) - 194018c8-bd25-415f-9941-0e401fd1a71b@group-F081FF3511EB: change Leader from 3eeab9a4-47d5-4980-9c6e-5102901e869a to null at term 3 for updateCurrentTerm
2019-10-09 13:05:29,039 [194018c8-bd25-415f-9941-0e401fd1a71b@group-9802512AA034:LeaderElection94] INFO  server.RaftServerConfigKeys (ConfUtils.java:logGet(43)) - raft.server.rpc.sleep.time = 25ms (default)
2019-10-09 13:05:29,039 [a951a5ca-0ab5-470b-9716-44f820a131a6@group-F081FF3511EB:LeaderElection95] INFO  impl.LeaderElection (LogUtils.java:infoOrTrace(149)) - a951a5ca-0ab5-470b-9716-44f820a131a6@group-F081FF3511EB:LeaderElection95 got exception when requesting votes: {}
java.util.concurrent.ExecutionException: org.apache.ratis.thirdparty.io.grpc.StatusRuntimeException: UNAVAILABLE: io exception
	at java.util.concurrent.FutureTask.report(FutureTask.java:122)
	at java.util.concurrent.FutureTask.get(FutureTask.java:192)
	at org.apache.ratis.server.impl.LeaderElection.waitForResults(LeaderElection.java:263)
	at org.apache.ratis.server.impl.LeaderElection.askForVotes(LeaderElection.java:201)
	at org.apache.ratis.server.impl.LeaderElection.run(LeaderElection.java:133)
	at java.lang.Thread.run(Thread.java:748)
Caused by: org.apache.ratis.thirdparty.io.grpc.StatusRuntimeException: UNAVAILABLE: io exception
	at org.apache.ratis.thirdparty.io.grpc.stub.ClientCalls.toStatusRuntimeException(ClientCalls.java:233)
	at org.apache.ratis.thirdparty.io.grpc.stub.ClientCalls.getUnchecked(ClientCalls.java:214)
	at org.apache.ratis.thirdparty.io.grpc.stub.ClientCalls.blockingUnaryCall(ClientCalls.java:139)
	at org.apache.ratis.proto.grpc.RaftServerProtocolServiceGrpc$RaftServerProtocolServiceBlockingStub.requestVote(RaftServerProtocolServiceGrpc.java:265)
	at org.apache.ratis.grpc.server.GrpcServerProtocolClient.requestVote(GrpcServerProtocolClient.java:90)
	at org.apache.ratis.grpc.server.GrpcService.requestVote(GrpcService.java:204)
	at org.apache.ratis.server.impl.LeaderElection.lambda$submitRequests$1(LeaderElection.java:238)
	at java.util.concurrent.FutureTask.run(FutureTask.java:266)
	at java.util.concurrent.Executors$RunnableAdapter.call(Executors.java:511)
	at java.util.concurrent.FutureTask.run(FutureTask.java:266)
	at java.util.concurrent.ThreadPoolExecutor.runWorker(ThreadPoolExecutor.java:1149)
	at java.util.concurrent.ThreadPoolExecutor$Worker.run(ThreadPoolExecutor.java:624)
	... 1 more
Caused by: org.apache.ratis.thirdparty.io.netty.channel.AbstractChannel$AnnotatedConnectException: Connection refused: /192.168.5.175:43254
	at sun.nio.ch.SocketChannelImpl.checkConnect(Native Method)
	at sun.nio.ch.SocketChannelImpl.finishConnect(SocketChannelImpl.java:717)
	at org.apache.ratis.thirdparty.io.netty.channel.socket.nio.NioSocketChannel.doFinishConnect(NioSocketChannel.java:327)
	at org.apache.ratis.thirdparty.io.netty.channel.nio.AbstractNioChannel$AbstractNioUnsafe.finishConnect(AbstractNioChannel.java:340)
	at org.apache.ratis.thirdparty.io.netty.channel.nio.NioEventLoop.processSelectedKey(NioEventLoop.java:632)
	at org.apache.ratis.thirdparty.io.netty.channel.nio.NioEventLoop.processSelectedKeysOptimized(NioEventLoop.java:579)
	at org.apache.ratis.thirdparty.io.netty.channel.nio.NioEventLoop.processSelectedKeys(NioEventLoop.java:496)
	at org.apache.ratis.thirdparty.io.netty.channel.nio.NioEventLoop.run(NioEventLoop.java:458)
	at org.apache.ratis.thirdparty.io.netty.util.concurrent.SingleThreadEventExecutor$5.run(SingleThreadEventExecutor.java:897)
	at org.apache.ratis.thirdparty.io.netty.util.concurrent.FastThreadLocalRunnable.run(FastThreadLocalRunnable.java:30)
	... 1 more
Caused by: java.net.ConnectException: Connection refused
	... 11 more
2019-10-09 13:05:29,039 [grpc-default-executor-22] INFO  impl.RaftServerImpl (RaftServerImpl.java:setRole(174)) - 194018c8-bd25-415f-9941-0e401fd1a71b@group-F081FF3511EB: changes role from  FOLLOWER to FOLLOWER at term 3 for recognizeCandidate:a951a5ca-0ab5-470b-9716-44f820a131a6
2019-10-09 13:05:29,039 [194018c8-bd25-415f-9941-0e401fd1a71b@group-9802512AA034:LeaderElection94] INFO  server.RaftServerConfigKeys (ConfUtils.java:logGet(43)) - raft.server.write.element-limit = 4096 (default)
2019-10-09 13:05:29,040 [grpc-default-executor-22] INFO  impl.RoleInfo (RoleInfo.java:shutdownFollowerState(121)) - 194018c8-bd25-415f-9941-0e401fd1a71b: shutdown FollowerState
2019-10-09 13:05:29,040 [194018c8-bd25-415f-9941-0e401fd1a71b@group-9802512AA034:LeaderElection94] INFO  server.RaftServerConfigKeys (ConfUtils.java:logGet(43)) - raft.server.watch.timeout = 10s (default)
2019-10-09 13:05:29,040 [Thread-1207] INFO  impl.FollowerState (FollowerState.java:run(115)) - 194018c8-bd25-415f-9941-0e401fd1a71b: FollowerState was interrupted: java.lang.InterruptedException: sleep interrupted
2019-10-09 13:05:29,040 [grpc-default-executor-22] INFO  impl.RoleInfo (RoleInfo.java:updateAndGet(143)) - 194018c8-bd25-415f-9941-0e401fd1a71b: start FollowerState
2019-10-09 13:05:29,040 [194018c8-bd25-415f-9941-0e401fd1a71b@group-9802512AA034:LeaderElection94] INFO  server.RaftServerConfigKeys (ConfUtils.java:logGet(43)) - raft.server.watch.timeout.denomination = 1s (default)
2019-10-09 13:05:29,042 [194018c8-bd25-415f-9941-0e401fd1a71b@group-9802512AA034:LeaderElection94] INFO  server.RaftServerConfigKeys (ConfUtils.java:logGet(43)) - raft.server.watch.element-limit = 65536 (default)
2019-10-09 13:05:29,045 [194018c8-bd25-415f-9941-0e401fd1a71b@group-9802512AA034:LeaderElection94] INFO  server.RaftServerConfigKeys (ConfUtils.java:logGet(43)) - raft.server.log.appender.snapshot.chunk.size.max = 16MB (=16777216) (default)
2019-10-09 13:05:29,045 [194018c8-bd25-415f-9941-0e401fd1a71b@group-9802512AA034:LeaderElection94] INFO  server.RaftServerConfigKeys (ConfUtils.java:logGet(43)) - raft.server.log.appender.buffer.byte-limit = 33554432 (custom)
2019-10-09 13:05:29,045 [194018c8-bd25-415f-9941-0e401fd1a71b@group-9802512AA034:LeaderElection94] INFO  server.RaftServerConfigKeys (ConfUtils.java:logGet(43)) - raft.server.log.appender.buffer.element-limit = 1 (custom)
2019-10-09 13:05:29,045 [194018c8-bd25-415f-9941-0e401fd1a71b@group-9802512AA034:LeaderElection94] INFO  grpc.GrpcConfigKeys$Server (ConfUtils.java:logGet(43)) - raft.grpc.server.leader.outstanding.appends.max = 128 (default)
2019-10-09 13:05:29,045 [194018c8-bd25-415f-9941-0e401fd1a71b@group-9802512AA034:LeaderElection94] INFO  server.RaftServerConfigKeys (ConfUtils.java:logGet(43)) - raft.server.rpc.request.timeout = 3000ms (default)
2019-10-09 13:05:29,046 [194018c8-bd25-415f-9941-0e401fd1a71b@group-9802512AA034:LeaderElection94] INFO  server.RaftServerConfigKeys (ConfUtils.java:logGet(43)) - raft.server.log.appender.install.snapshot.enabled = false (custom)
2019-10-09 13:05:29,046 [194018c8-bd25-415f-9941-0e401fd1a71b@group-9802512AA034:LeaderElection94] INFO  server.RaftServerConfigKeys (ConfUtils.java:logGet(43)) - raft.server.log.appender.snapshot.chunk.size.max = 16MB (=16777216) (default)
2019-10-09 13:05:29,046 [194018c8-bd25-415f-9941-0e401fd1a71b@group-9802512AA034:LeaderElection94] INFO  server.RaftServerConfigKeys (ConfUtils.java:logGet(43)) - raft.server.log.appender.buffer.byte-limit = 33554432 (custom)
2019-10-09 13:05:29,046 [194018c8-bd25-415f-9941-0e401fd1a71b@group-9802512AA034:LeaderElection94] INFO  server.RaftServerConfigKeys (ConfUtils.java:logGet(43)) - raft.server.log.appender.buffer.element-limit = 1 (custom)
2019-10-09 13:05:29,046 [194018c8-bd25-415f-9941-0e401fd1a71b@group-9802512AA034:LeaderElection94] INFO  grpc.GrpcConfigKeys$Server (ConfUtils.java:logGet(43)) - raft.grpc.server.leader.outstanding.appends.max = 128 (default)
2019-10-09 13:05:29,046 [194018c8-bd25-415f-9941-0e401fd1a71b@group-9802512AA034:LeaderElection94] INFO  server.RaftServerConfigKeys (ConfUtils.java:logGet(43)) - raft.server.rpc.request.timeout = 3000ms (default)
2019-10-09 13:05:29,047 [194018c8-bd25-415f-9941-0e401fd1a71b@group-9802512AA034:LeaderElection94] INFO  server.RaftServerConfigKeys (ConfUtils.java:logGet(43)) - raft.server.log.appender.install.snapshot.enabled = false (custom)
2019-10-09 13:05:29,047 [194018c8-bd25-415f-9941-0e401fd1a71b@group-9802512AA034:LeaderElection94] INFO  impl.RoleInfo (RoleInfo.java:updateAndGet(143)) - 194018c8-bd25-415f-9941-0e401fd1a71b: start LeaderState
2019-10-09 13:05:29,047 [194018c8-bd25-415f-9941-0e401fd1a71b@group-9802512AA034:LeaderElection94] INFO  segmented.SegmentedRaftLogWorker (SegmentedRaftLogWorker.java:rollLogSegment(385)) - 194018c8-bd25-415f-9941-0e401fd1a71b@group-9802512AA034-SegmentedRaftLogWorker: Rolling segment log-1_2 to index:2
2019-10-09 13:05:29,048 [194018c8-bd25-415f-9941-0e401fd1a71b@group-9802512AA034-SegmentedRaftLogWorker] INFO  segmented.SegmentedRaftLogWorker (SegmentedRaftLogWorker.java:execute(526)) - 194018c8-bd25-415f-9941-0e401fd1a71b@group-9802512AA034-SegmentedRaftLogWorker: Rolled log segment from /workdir/hadoop-ozone/integration-test/target/test-dir/MiniOzoneClusterImpl-92c4d179-1d16-4416-8bce-4538b25b782c/datanode-3/data/ratis/ecad9feb-35ca-4082-b7b2-9802512aa034/current/log_inprogress_1 to /workdir/hadoop-ozone/integration-test/target/test-dir/MiniOzoneClusterImpl-92c4d179-1d16-4416-8bce-4538b25b782c/datanode-3/data/ratis/ecad9feb-35ca-4082-b7b2-9802512aa034/current/log_1-2
2019-10-09 13:05:29,048 [194018c8-bd25-415f-9941-0e401fd1a71b@group-9802512AA034:LeaderElection94] INFO  impl.RaftServerImpl (ServerState.java:setRaftConf(354)) - 194018c8-bd25-415f-9941-0e401fd1a71b@group-9802512AA034: set configuration 3: [194018c8-bd25-415f-9941-0e401fd1a71b:192.168.5.175:36608, a951a5ca-0ab5-470b-9716-44f820a131a6:192.168.5.175:37446, 3eeab9a4-47d5-4980-9c6e-5102901e869a:192.168.5.175:43254], old=null at 3
2019-10-09 13:05:29,048 [grpc-default-executor-17] WARN  server.GrpcLogAppender (LogUtils.java:warn(134)) - 194018c8-bd25-415f-9941-0e401fd1a71b@group-9802512AA034->3eeab9a4-47d5-4980-9c6e-5102901e869a-AppendLogResponseHandler: Failed appendEntries: org.apache.ratis.thirdparty.io.grpc.StatusRuntimeException: UNAVAILABLE: io exception
2019-10-09 13:05:29,075 [grpc-default-executor-17] INFO  impl.FollowerInfo (FollowerInfo.java:lambda$new$0(51)) - 194018c8-bd25-415f-9941-0e401fd1a71b@group-9802512AA034->3eeab9a4-47d5-4980-9c6e-5102901e869a: nextIndex: updateUnconditionally 3 -> 1
2019-10-09 13:05:29,076 [grpc-default-executor-22] INFO  impl.RaftServerImpl (ServerState.java:setLeader(253)) - a951a5ca-0ab5-470b-9716-44f820a131a6@group-9802512AA034: change Leader from null to 194018c8-bd25-415f-9941-0e401fd1a71b at term 4 for appendEntries, leader elected after 52ms
2019-10-09 13:05:29,077 [a951a5ca-0ab5-470b-9716-44f820a131a6@group-F081FF3511EB:LeaderElection95] INFO  impl.LeaderElection (LeaderElection.java:logAndReturn(56)) - a951a5ca-0ab5-470b-9716-44f820a131a6@group-F081FF3511EB:LeaderElection95: Election PASSED; received 1 response(s) [a951a5ca-0ab5-470b-9716-44f820a131a6<-194018c8-bd25-415f-9941-0e401fd1a71b#0:OK-t3] and 1 exception(s); a951a5ca-0ab5-470b-9716-44f820a131a6@group-F081FF3511EB:t3, leader=null, voted=a951a5ca-0ab5-470b-9716-44f820a131a6, raftlog=a951a5ca-0ab5-470b-9716-44f820a131a6@group-F081FF3511EB-SegmentedRaftLog:OPENED:c0,f0,i0, conf=0: [194018c8-bd25-415f-9941-0e401fd1a71b:192.168.5.175:36608, 3eeab9a4-47d5-4980-9c6e-5102901e869a:192.168.5.175:43254, a951a5ca-0ab5-470b-9716-44f820a131a6:192.168.5.175:37446], old=null
2019-10-09 13:05:29,077 [a951a5ca-0ab5-470b-9716-44f820a131a6@group-F081FF3511EB:LeaderElection95] INFO  impl.LeaderElection (LogUtils.java:infoOrTrace(149)) -   Exception 0: {}
java.util.concurrent.ExecutionException: org.apache.ratis.thirdparty.io.grpc.StatusRuntimeException: UNAVAILABLE: io exception
	at java.util.concurrent.FutureTask.report(FutureTask.java:122)
	at java.util.concurrent.FutureTask.get(FutureTask.java:192)
	at org.apache.ratis.server.impl.LeaderElection.waitForResults(LeaderElection.java:263)
	at org.apache.ratis.server.impl.LeaderElection.askForVotes(LeaderElection.java:201)
	at org.apache.ratis.server.impl.LeaderElection.run(LeaderElection.java:133)
	at java.lang.Thread.run(Thread.java:748)
Caused by: org.apache.ratis.thirdparty.io.grpc.StatusRuntimeException: UNAVAILABLE: io exception
	at org.apache.ratis.thirdparty.io.grpc.stub.ClientCalls.toStatusRuntimeException(ClientCalls.java:233)
	at org.apache.ratis.thirdparty.io.grpc.stub.ClientCalls.getUnchecked(ClientCalls.java:214)
	at org.apache.ratis.thirdparty.io.grpc.stub.ClientCalls.blockingUnaryCall(ClientCalls.java:139)
	at org.apache.ratis.proto.grpc.RaftServerProtocolServiceGrpc$RaftServerProtocolServiceBlockingStub.requestVote(RaftServerProtocolServiceGrpc.java:265)
	at org.apache.ratis.grpc.server.GrpcServerProtocolClient.requestVote(GrpcServerProtocolClient.java:90)
	at org.apache.ratis.grpc.server.GrpcService.requestVote(GrpcService.java:204)
	at org.apache.ratis.server.impl.LeaderElection.lambda$submitRequests$1(LeaderElection.java:238)
	at java.util.concurrent.FutureTask.run(FutureTask.java:266)
	at java.util.concurrent.Executors$RunnableAdapter.call(Executors.java:511)
	at java.util.concurrent.FutureTask.run(FutureTask.java:266)
	at java.util.concurrent.ThreadPoolExecutor.runWorker(ThreadPoolExecutor.java:1149)
	at java.util.concurrent.ThreadPoolExecutor$Worker.run(ThreadPoolExecutor.java:624)
	... 1 more
Caused by: org.apache.ratis.thirdparty.io.netty.channel.AbstractChannel$AnnotatedConnectException: Connection refused: /192.168.5.175:43254
	at sun.nio.ch.SocketChannelImpl.checkConnect(Native Method)
	at sun.nio.ch.SocketChannelImpl.finishConnect(SocketChannelImpl.java:717)
	at org.apache.ratis.thirdparty.io.netty.channel.socket.nio.NioSocketChannel.doFinishConnect(NioSocketChannel.java:327)
	at org.apache.ratis.thirdparty.io.netty.channel.nio.AbstractNioChannel$AbstractNioUnsafe.finishConnect(AbstractNioChannel.java:340)
	at org.apache.ratis.thirdparty.io.netty.channel.nio.NioEventLoop.processSelectedKey(NioEventLoop.java:632)
	at org.apache.ratis.thirdparty.io.netty.channel.nio.NioEventLoop.processSelectedKeysOptimized(NioEventLoop.java:579)
	at org.apache.ratis.thirdparty.io.netty.channel.nio.NioEventLoop.processSelectedKeys(NioEventLoop.java:496)
	at org.apache.ratis.thirdparty.io.netty.channel.nio.NioEventLoop.run(NioEventLoop.java:458)
	at org.apache.ratis.thirdparty.io.netty.util.concurrent.SingleThreadEventExecutor$5.run(SingleThreadEventExecutor.java:897)
	at org.apache.ratis.thirdparty.io.netty.util.concurrent.FastThreadLocalRunnable.run(FastThreadLocalRunnable.java:30)
	... 1 more
Caused by: java.net.ConnectException: Connection refused
	... 11 more
2019-10-09 13:05:29,077 [a951a5ca-0ab5-470b-9716-44f820a131a6@group-F081FF3511EB:LeaderElection95] INFO  impl.RoleInfo (RoleInfo.java:shutdownLeaderElection(134)) - a951a5ca-0ab5-470b-9716-44f820a131a6: shutdown LeaderElection
2019-10-09 13:05:29,078 [a951a5ca-0ab5-470b-9716-44f820a131a6@group-F081FF3511EB:LeaderElection95] INFO  impl.RaftServerImpl (RaftServerImpl.java:setRole(174)) - a951a5ca-0ab5-470b-9716-44f820a131a6@group-F081FF3511EB: changes role from CANDIDATE to LEADER at term 3 for changeToLeader
2019-10-09 13:05:29,078 [a951a5ca-0ab5-470b-9716-44f820a131a6@group-F081FF3511EB:LeaderElection95] INFO  impl.RaftServerImpl (ServerState.java:setLeader(253)) - a951a5ca-0ab5-470b-9716-44f820a131a6@group-F081FF3511EB: change Leader from null to a951a5ca-0ab5-470b-9716-44f820a131a6 at term 3 for becomeLeader, leader elected after 56ms
2019-10-09 13:05:29,078 [a951a5ca-0ab5-470b-9716-44f820a131a6@group-F081FF3511EB:LeaderElection95] INFO  server.RaftServerConfigKeys (ConfUtils.java:logGet(43)) - raft.server.staging.catchup.gap = 1000 (default)
2019-10-09 13:05:29,078 [a951a5ca-0ab5-470b-9716-44f820a131a6@group-F081FF3511EB:LeaderElection95] INFO  server.RaftServerConfigKeys (ConfUtils.java:logGet(43)) - raft.server.rpc.sleep.time = 25ms (default)
2019-10-09 13:05:29,078 [a951a5ca-0ab5-470b-9716-44f820a131a6@group-F081FF3511EB:LeaderElection95] INFO  server.RaftServerConfigKeys (ConfUtils.java:logGet(43)) - raft.server.write.element-limit = 4096 (default)
2019-10-09 13:05:29,078 [a951a5ca-0ab5-470b-9716-44f820a131a6@group-F081FF3511EB:LeaderElection95] INFO  server.RaftServerConfigKeys (ConfUtils.java:logGet(43)) - raft.server.watch.timeout = 10s (default)
2019-10-09 13:05:29,078 [a951a5ca-0ab5-470b-9716-44f820a131a6@group-F081FF3511EB:LeaderElection95] INFO  server.RaftServerConfigKeys (ConfUtils.java:logGet(43)) - raft.server.watch.timeout.denomination = 1s (default)
2019-10-09 13:05:29,079 [a951a5ca-0ab5-470b-9716-44f820a131a6@group-F081FF3511EB:LeaderElection95] INFO  server.RaftServerConfigKeys (ConfUtils.java:logGet(43)) - raft.server.watch.element-limit = 65536 (default)
2019-10-09 13:05:29,079 [grpc-default-executor-22] INFO  impl.RaftServerImpl (ServerState.java:setRaftConf(354)) - a951a5ca-0ab5-470b-9716-44f820a131a6@group-9802512AA034: set configuration 3: [194018c8-bd25-415f-9941-0e401fd1a71b:192.168.5.175:36608, a951a5ca-0ab5-470b-9716-44f820a131a6:192.168.5.175:37446, 3eeab9a4-47d5-4980-9c6e-5102901e869a:192.168.5.175:43254], old=null at 3
2019-10-09 13:05:29,079 [grpc-default-executor-22] INFO  segmented.SegmentedRaftLogWorker (SegmentedRaftLogWorker.java:rollLogSegment(385)) - a951a5ca-0ab5-470b-9716-44f820a131a6@group-9802512AA034-SegmentedRaftLogWorker: Rolling segment log-1_2 to index:2
2019-10-09 13:05:29,080 [a951a5ca-0ab5-470b-9716-44f820a131a6@group-9802512AA034-SegmentedRaftLogWorker] INFO  segmented.SegmentedRaftLogWorker (SegmentedRaftLogWorker.java:execute(526)) - a951a5ca-0ab5-470b-9716-44f820a131a6@group-9802512AA034-SegmentedRaftLogWorker: Rolled log segment from /workdir/hadoop-ozone/integration-test/target/test-dir/MiniOzoneClusterImpl-92c4d179-1d16-4416-8bce-4538b25b782c/datanode-5/data/ratis/ecad9feb-35ca-4082-b7b2-9802512aa034/current/log_inprogress_1 to /workdir/hadoop-ozone/integration-test/target/test-dir/MiniOzoneClusterImpl-92c4d179-1d16-4416-8bce-4538b25b782c/datanode-5/data/ratis/ecad9feb-35ca-4082-b7b2-9802512aa034/current/log_1-2
2019-10-09 13:05:29,081 [a951a5ca-0ab5-470b-9716-44f820a131a6@group-F081FF3511EB:LeaderElection95] INFO  server.RaftServerConfigKeys (ConfUtils.java:logGet(43)) - raft.server.log.appender.snapshot.chunk.size.max = 16MB (=16777216) (default)
2019-10-09 13:05:29,081 [a951a5ca-0ab5-470b-9716-44f820a131a6@group-F081FF3511EB:LeaderElection95] INFO  server.RaftServerConfigKeys (ConfUtils.java:logGet(43)) - raft.server.log.appender.buffer.byte-limit = 33554432 (custom)
2019-10-09 13:05:29,082 [a951a5ca-0ab5-470b-9716-44f820a131a6@group-F081FF3511EB:LeaderElection95] INFO  server.RaftServerConfigKeys (ConfUtils.java:logGet(43)) - raft.server.log.appender.buffer.element-limit = 1 (custom)
2019-10-09 13:05:29,082 [a951a5ca-0ab5-470b-9716-44f820a131a6@group-F081FF3511EB:LeaderElection95] INFO  grpc.GrpcConfigKeys$Server (ConfUtils.java:logGet(43)) - raft.grpc.server.leader.outstanding.appends.max = 128 (default)
2019-10-09 13:05:29,082 [a951a5ca-0ab5-470b-9716-44f820a131a6@group-F081FF3511EB:LeaderElection95] INFO  server.RaftServerConfigKeys (ConfUtils.java:logGet(43)) - raft.server.rpc.request.timeout = 3000ms (default)
2019-10-09 13:05:29,082 [a951a5ca-0ab5-470b-9716-44f820a131a6@group-F081FF3511EB:LeaderElection95] INFO  server.RaftServerConfigKeys (ConfUtils.java:logGet(43)) - raft.server.log.appender.install.snapshot.enabled = false (custom)
2019-10-09 13:05:29,083 [a951a5ca-0ab5-470b-9716-44f820a131a6@group-F081FF3511EB:LeaderElection95] INFO  server.RaftServerConfigKeys (ConfUtils.java:logGet(43)) - raft.server.log.appender.snapshot.chunk.size.max = 16MB (=16777216) (default)
2019-10-09 13:05:29,083 [a951a5ca-0ab5-470b-9716-44f820a131a6@group-F081FF3511EB:LeaderElection95] INFO  server.RaftServerConfigKeys (ConfUtils.java:logGet(43)) - raft.server.log.appender.buffer.byte-limit = 33554432 (custom)
2019-10-09 13:05:29,083 [a951a5ca-0ab5-470b-9716-44f820a131a6@group-F081FF3511EB:LeaderElection95] INFO  server.RaftServerConfigKeys (ConfUtils.java:logGet(43)) - raft.server.log.appender.buffer.element-limit = 1 (custom)
2019-10-09 13:05:29,083 [a951a5ca-0ab5-470b-9716-44f820a131a6@group-F081FF3511EB:LeaderElection95] INFO  grpc.GrpcConfigKeys$Server (ConfUtils.java:logGet(43)) - raft.grpc.server.leader.outstanding.appends.max = 128 (default)
2019-10-09 13:05:29,083 [a951a5ca-0ab5-470b-9716-44f820a131a6@group-F081FF3511EB:LeaderElection95] INFO  server.RaftServerConfigKeys (ConfUtils.java:logGet(43)) - raft.server.rpc.request.timeout = 3000ms (default)
2019-10-09 13:05:29,084 [a951a5ca-0ab5-470b-9716-44f820a131a6@group-F081FF3511EB:LeaderElection95] INFO  server.RaftServerConfigKeys (ConfUtils.java:logGet(43)) - raft.server.log.appender.install.snapshot.enabled = false (custom)
2019-10-09 13:05:29,084 [a951a5ca-0ab5-470b-9716-44f820a131a6@group-F081FF3511EB:LeaderElection95] INFO  impl.RoleInfo (RoleInfo.java:updateAndGet(143)) - a951a5ca-0ab5-470b-9716-44f820a131a6: start LeaderState
2019-10-09 13:05:29,084 [a951a5ca-0ab5-470b-9716-44f820a131a6@group-F081FF3511EB:LeaderElection95] INFO  segmented.SegmentedRaftLogWorker (SegmentedRaftLogWorker.java:rollLogSegment(385)) - a951a5ca-0ab5-470b-9716-44f820a131a6@group-F081FF3511EB-SegmentedRaftLogWorker: Rolling segment log-0_0 to index:0
2019-10-09 13:05:29,085 [a951a5ca-0ab5-470b-9716-44f820a131a6@group-F081FF3511EB:LeaderElection95] INFO  impl.RaftServerImpl (ServerState.java:setRaftConf(354)) - a951a5ca-0ab5-470b-9716-44f820a131a6@group-F081FF3511EB: set configuration 1: [194018c8-bd25-415f-9941-0e401fd1a71b:192.168.5.175:36608, 3eeab9a4-47d5-4980-9c6e-5102901e869a:192.168.5.175:43254, a951a5ca-0ab5-470b-9716-44f820a131a6:192.168.5.175:37446], old=null at 1
2019-10-09 13:05:29,085 [a951a5ca-0ab5-470b-9716-44f820a131a6@group-F081FF3511EB-SegmentedRaftLogWorker] INFO  segmented.SegmentedRaftLogWorker (SegmentedRaftLogWorker.java:execute(526)) - a951a5ca-0ab5-470b-9716-44f820a131a6@group-F081FF3511EB-SegmentedRaftLogWorker: Rolled log segment from /workdir/hadoop-ozone/integration-test/target/test-dir/MiniOzoneClusterImpl-92c4d179-1d16-4416-8bce-4538b25b782c/datanode-5/data/ratis/8e8e3dec-ac18-48dc-941a-f081ff3511eb/current/log_inprogress_0 to /workdir/hadoop-ozone/integration-test/target/test-dir/MiniOzoneClusterImpl-92c4d179-1d16-4416-8bce-4538b25b782c/datanode-5/data/ratis/8e8e3dec-ac18-48dc-941a-f081ff3511eb/current/log_0-0
2019-10-09 13:05:29,085 [grpc-default-executor-22] WARN  server.GrpcLogAppender (LogUtils.java:warn(134)) - a951a5ca-0ab5-470b-9716-44f820a131a6@group-F081FF3511EB->3eeab9a4-47d5-4980-9c6e-5102901e869a-AppendLogResponseHandler: Failed appendEntries: org.apache.ratis.thirdparty.io.grpc.StatusRuntimeException: UNAVAILABLE: io exception
2019-10-09 13:05:29,086 [grpc-default-executor-22] INFO  impl.FollowerInfo (FollowerInfo.java:lambda$new$0(51)) - a951a5ca-0ab5-470b-9716-44f820a131a6@group-F081FF3511EB->3eeab9a4-47d5-4980-9c6e-5102901e869a: nextIndex: updateUnconditionally 1 -> 0
2019-10-09 13:05:29,086 [grpc-default-executor-17] INFO  impl.RaftServerImpl (ServerState.java:setLeader(253)) - 194018c8-bd25-415f-9941-0e401fd1a71b@group-F081FF3511EB: change Leader from null to a951a5ca-0ab5-470b-9716-44f820a131a6 at term 3 for appendEntries, leader elected after 47ms
2019-10-09 13:05:29,088 [grpc-default-executor-17] INFO  impl.RaftServerImpl (ServerState.java:setRaftConf(354)) - 194018c8-bd25-415f-9941-0e401fd1a71b@group-F081FF3511EB: set configuration 1: [194018c8-bd25-415f-9941-0e401fd1a71b:192.168.5.175:36608, 3eeab9a4-47d5-4980-9c6e-5102901e869a:192.168.5.175:43254, a951a5ca-0ab5-470b-9716-44f820a131a6:192.168.5.175:37446], old=null at 1
2019-10-09 13:05:29,088 [194018c8-bd25-415f-9941-0e401fd1a71b@group-9802512AA034-SegmentedRaftLogWorker] INFO  segmented.SegmentedRaftLogWorker (SegmentedRaftLogWorker.java:execute(569)) - 194018c8-bd25-415f-9941-0e401fd1a71b@group-9802512AA034-SegmentedRaftLogWorker: created new log segment /workdir/hadoop-ozone/integration-test/target/test-dir/MiniOzoneClusterImpl-92c4d179-1d16-4416-8bce-4538b25b782c/datanode-3/data/ratis/ecad9feb-35ca-4082-b7b2-9802512aa034/current/log_inprogress_3
2019-10-09 13:05:29,088 [grpc-default-executor-17] INFO  segmented.SegmentedRaftLogWorker (SegmentedRaftLogWorker.java:rollLogSegment(385)) - 194018c8-bd25-415f-9941-0e401fd1a71b@group-F081FF3511EB-SegmentedRaftLogWorker: Rolling segment log-0_0 to index:0
2019-10-09 13:05:29,089 [194018c8-bd25-415f-9941-0e401fd1a71b@group-F081FF3511EB-SegmentedRaftLogWorker] INFO  segmented.SegmentedRaftLogWorker (SegmentedRaftLogWorker.java:execute(526)) - 194018c8-bd25-415f-9941-0e401fd1a71b@group-F081FF3511EB-SegmentedRaftLogWorker: Rolled log segment from /workdir/hadoop-ozone/integration-test/target/test-dir/MiniOzoneClusterImpl-92c4d179-1d16-4416-8bce-4538b25b782c/datanode-3/data/ratis/8e8e3dec-ac18-48dc-941a-f081ff3511eb/current/log_inprogress_0 to /workdir/hadoop-ozone/integration-test/target/test-dir/MiniOzoneClusterImpl-92c4d179-1d16-4416-8bce-4538b25b782c/datanode-3/data/ratis/8e8e3dec-ac18-48dc-941a-f081ff3511eb/current/log_0-0
2019-10-09 13:05:29,099 [main] INFO  ozoneimpl.OzoneContainer (OzoneContainer.java:stop(231)) - Attempting to stop container services.
2019-10-09 13:05:29,100 [main] INFO  impl.RaftServerProxy (RaftServerProxy.java:lambda$close$4(314)) - 194018c8-bd25-415f-9941-0e401fd1a71b: close
2019-10-09 13:05:29,100 [main] INFO  impl.RaftServerImpl (RaftServerImpl.java:lambda$shutdown$3(251)) - 194018c8-bd25-415f-9941-0e401fd1a71b@group-B09A4D417E08: shutdown
2019-10-09 13:05:29,101 [main] INFO  util.JmxRegister (JmxRegister.java:unregister(73)) - Successfully un-registered JMX Bean with object name Ratis:service=RaftServer,group=group-B09A4D417E08,id=194018c8-bd25-415f-9941-0e401fd1a71b
2019-10-09 13:05:29,101 [main] INFO  impl.RoleInfo (RoleInfo.java:shutdownFollowerState(121)) - 194018c8-bd25-415f-9941-0e401fd1a71b: shutdown FollowerState
2019-10-09 13:05:29,102 [main] INFO  impl.StateMachineUpdater (StateMachineUpdater.java:stopAndJoin(125)) - 194018c8-bd25-415f-9941-0e401fd1a71b@group-B09A4D417E08-StateMachineUpdater: set stopIndex = 0
2019-10-09 13:05:29,102 [Thread-1023] INFO  impl.FollowerState (FollowerState.java:run(115)) - 194018c8-bd25-415f-9941-0e401fd1a71b: FollowerState was interrupted: java.lang.InterruptedException: sleep interrupted
2019-10-09 13:05:29,102 [main] INFO  impl.RaftServerImpl (ServerState.java:close(385)) - 194018c8-bd25-415f-9941-0e401fd1a71b@group-B09A4D417E08: closes. applyIndex: 0
2019-10-09 13:05:29,127 [194018c8-bd25-415f-9941-0e401fd1a71b@group-B09A4D417E08-SegmentedRaftLogWorker] INFO  segmented.SegmentedRaftLogWorker (SegmentedRaftLogWorker.java:run(313)) - 194018c8-bd25-415f-9941-0e401fd1a71b@group-B09A4D417E08-SegmentedRaftLogWorker was interrupted, exiting. There are 0 tasks remaining in the queue.
2019-10-09 13:05:29,128 [main] INFO  segmented.SegmentedRaftLogWorker (SegmentedRaftLogWorker.java:close(228)) - 194018c8-bd25-415f-9941-0e401fd1a71b@group-B09A4D417E08-SegmentedRaftLogWorker close()
2019-10-09 13:05:29,134 [main] INFO  impl.RaftServerImpl (RaftServerImpl.java:lambda$shutdown$3(251)) - 194018c8-bd25-415f-9941-0e401fd1a71b@group-351DCE0CA7C1: shutdown
2019-10-09 13:05:29,134 [main] INFO  util.JmxRegister (JmxRegister.java:unregister(73)) - Successfully un-registered JMX Bean with object name Ratis:service=RaftServer,group=group-351DCE0CA7C1,id=194018c8-bd25-415f-9941-0e401fd1a71b
2019-10-09 13:05:29,135 [main] INFO  impl.RoleInfo (RoleInfo.java:shutdownFollowerState(121)) - 194018c8-bd25-415f-9941-0e401fd1a71b: shutdown FollowerState
2019-10-09 13:05:29,135 [main] INFO  impl.StateMachineUpdater (StateMachineUpdater.java:stopAndJoin(125)) - 194018c8-bd25-415f-9941-0e401fd1a71b@group-351DCE0CA7C1-StateMachineUpdater: set stopIndex = 0
2019-10-09 13:05:29,136 [Thread-1243] INFO  impl.FollowerState (FollowerState.java:run(115)) - 194018c8-bd25-415f-9941-0e401fd1a71b: FollowerState was interrupted: java.lang.InterruptedException: sleep interrupted
2019-10-09 13:05:29,136 [main] INFO  impl.RaftServerImpl (ServerState.java:close(385)) - 194018c8-bd25-415f-9941-0e401fd1a71b@group-351DCE0CA7C1: closes. applyIndex: 0
2019-10-09 13:05:29,139 [194018c8-bd25-415f-9941-0e401fd1a71b@group-F081FF3511EB-SegmentedRaftLogWorker] INFO  segmented.SegmentedRaftLogWorker (SegmentedRaftLogWorker.java:execute(569)) - 194018c8-bd25-415f-9941-0e401fd1a71b@group-F081FF3511EB-SegmentedRaftLogWorker: created new log segment /workdir/hadoop-ozone/integration-test/target/test-dir/MiniOzoneClusterImpl-92c4d179-1d16-4416-8bce-4538b25b782c/datanode-3/data/ratis/8e8e3dec-ac18-48dc-941a-f081ff3511eb/current/log_inprogress_1
2019-10-09 13:05:29,139 [a951a5ca-0ab5-470b-9716-44f820a131a6@group-9802512AA034-SegmentedRaftLogWorker] INFO  segmented.SegmentedRaftLogWorker (SegmentedRaftLogWorker.java:execute(569)) - a951a5ca-0ab5-470b-9716-44f820a131a6@group-9802512AA034-SegmentedRaftLogWorker: created new log segment /workdir/hadoop-ozone/integration-test/target/test-dir/MiniOzoneClusterImpl-92c4d179-1d16-4416-8bce-4538b25b782c/datanode-5/data/ratis/ecad9feb-35ca-4082-b7b2-9802512aa034/current/log_inprogress_3
2019-10-09 13:05:29,139 [a951a5ca-0ab5-470b-9716-44f820a131a6@group-F081FF3511EB-SegmentedRaftLogWorker] INFO  segmented.SegmentedRaftLogWorker (SegmentedRaftLogWorker.java:execute(569)) - a951a5ca-0ab5-470b-9716-44f820a131a6@group-F081FF3511EB-SegmentedRaftLogWorker: created new log segment /workdir/hadoop-ozone/integration-test/target/test-dir/MiniOzoneClusterImpl-92c4d179-1d16-4416-8bce-4538b25b782c/datanode-5/data/ratis/8e8e3dec-ac18-48dc-941a-f081ff3511eb/current/log_inprogress_1
2019-10-09 13:05:29,139 [194018c8-bd25-415f-9941-0e401fd1a71b@group-351DCE0CA7C1-SegmentedRaftLogWorker] INFO  segmented.SegmentedRaftLogWorker (SegmentedRaftLogWorker.java:run(313)) - 194018c8-bd25-415f-9941-0e401fd1a71b@group-351DCE0CA7C1-SegmentedRaftLogWorker was interrupted, exiting. There are 0 tasks remaining in the queue.
2019-10-09 13:05:29,140 [main] INFO  segmented.SegmentedRaftLogWorker (SegmentedRaftLogWorker.java:close(228)) - 194018c8-bd25-415f-9941-0e401fd1a71b@group-351DCE0CA7C1-SegmentedRaftLogWorker close()
2019-10-09 13:05:29,141 [main] INFO  impl.RaftServerImpl (RaftServerImpl.java:lambda$shutdown$3(251)) - 194018c8-bd25-415f-9941-0e401fd1a71b@group-9802512AA034: shutdown
2019-10-09 13:05:29,142 [main] INFO  util.JmxRegister (JmxRegister.java:unregister(73)) - Successfully un-registered JMX Bean with object name Ratis:service=RaftServer,group=group-9802512AA034,id=194018c8-bd25-415f-9941-0e401fd1a71b
2019-10-09 13:05:29,143 [main] INFO  impl.RoleInfo (RoleInfo.java:shutdownLeaderState(104)) - 194018c8-bd25-415f-9941-0e401fd1a71b: shutdown LeaderState
2019-10-09 13:05:29,146 [main] INFO  impl.PendingRequests (PendingRequests.java:sendNotLeaderResponses(202)) - 194018c8-bd25-415f-9941-0e401fd1a71b-PendingRequests: sendNotLeaderResponses
2019-10-09 13:05:29,147 [org.apache.ratis.server.impl.LogAppender$AppenderDaemon$$Lambda$493/462031746@1d1ea87] WARN  server.GrpcLogAppender (GrpcLogAppender.java:mayWait(143)) - 194018c8-bd25-415f-9941-0e401fd1a71b@group-9802512AA034->a951a5ca-0ab5-470b-9716-44f820a131a6-GrpcLogAppender: Wait interrupted by java.lang.InterruptedException
2019-10-09 13:05:29,148 [main] INFO  impl.StateMachineUpdater (StateMachineUpdater.java:stopAndJoin(125)) - 194018c8-bd25-415f-9941-0e401fd1a71b@group-9802512AA034-StateMachineUpdater: set stopIndex = 3
2019-10-09 13:05:29,149 [grpc-default-executor-20] INFO  server.GrpcServerProtocolService (GrpcServerProtocolService.java:onCompleted(113)) - a951a5ca-0ab5-470b-9716-44f820a131a6: Completed APPEND_ENTRIES, lastRequest: 194018c8-bd25-415f-9941-0e401fd1a71b->a951a5ca-0ab5-470b-9716-44f820a131a6#2-t4, previous=(t:4, i:3), leaderCommit=3, initializing? false, entries: size=1, first=(t:4, i:4), METADATAENTRY(c3)
2019-10-09 13:05:29,148 [org.apache.ratis.server.impl.LogAppender$AppenderDaemon$$Lambda$493/462031746@38325e3f] WARN  server.GrpcLogAppender (GrpcLogAppender.java:mayWait(143)) - 194018c8-bd25-415f-9941-0e401fd1a71b@group-9802512AA034->3eeab9a4-47d5-4980-9c6e-5102901e869a-GrpcLogAppender: Wait interrupted by java.lang.InterruptedException
2019-10-09 13:05:29,149 [main] INFO  impl.RaftServerImpl (ServerState.java:close(385)) - 194018c8-bd25-415f-9941-0e401fd1a71b@group-9802512AA034: closes. applyIndex: 3
2019-10-09 13:05:29,149 [grpc-default-executor-22] INFO  server.GrpcLogAppender (GrpcLogAppender.java:onCompleted(293)) - 194018c8-bd25-415f-9941-0e401fd1a71b@group-9802512AA034->a951a5ca-0ab5-470b-9716-44f820a131a6-AppendLogResponseHandler: follower responses appendEntries COMPLETED
2019-10-09 13:05:29,150 [grpc-default-executor-17] WARN  server.GrpcLogAppender (LogUtils.java:warn(134)) - a951a5ca-0ab5-470b-9716-44f820a131a6@group-F081FF3511EB->3eeab9a4-47d5-4980-9c6e-5102901e869a-AppendLogResponseHandler: Failed appendEntries: org.apache.ratis.thirdparty.io.grpc.StatusRuntimeException: UNAVAILABLE: io exception
2019-10-09 13:05:29,151 [grpc-default-executor-22] INFO  impl.FollowerInfo (FollowerInfo.java:lambda$new$0(51)) - 194018c8-bd25-415f-9941-0e401fd1a71b@group-9802512AA034->a951a5ca-0ab5-470b-9716-44f820a131a6: nextIndex: updateUnconditionally 5 -> 4
2019-10-09 13:05:29,151 [grpc-default-executor-7] INFO  server.GrpcLogAppender (GrpcLogAppender.java:onError(282)) - 194018c8-bd25-415f-9941-0e401fd1a71b@group-9802512AA034->3eeab9a4-47d5-4980-9c6e-5102901e869a-GrpcLogAppender is stopped
2019-10-09 13:05:29,151 [grpc-default-executor-16] WARN  server.GrpcLogAppender (LogUtils.java:warn(134)) - 194018c8-bd25-415f-9941-0e401fd1a71b@group-279687B9E8C5->a951a5ca-0ab5-470b-9716-44f820a131a6-AppendLogResponseHandler: Failed appendEntries: org.apache.ratis.thirdparty.io.grpc.StatusRuntimeException: UNAVAILABLE: Channel shutdownNow invoked
2019-10-09 13:05:29,151 [grpc-default-executor-17] INFO  impl.FollowerInfo (FollowerInfo.java:lambda$new$0(51)) - a951a5ca-0ab5-470b-9716-44f820a131a6@group-F081FF3511EB->3eeab9a4-47d5-4980-9c6e-5102901e869a: nextIndex: updateUnconditionally 1 -> 0
2019-10-09 13:05:29,151 [grpc-default-executor-20] WARN  server.GrpcLogAppender (LogUtils.java:warn(134)) - 194018c8-bd25-415f-9941-0e401fd1a71b@group-611ECB217B3F->a951a5ca-0ab5-470b-9716-44f820a131a6-AppendLogResponseHandler: Failed appendEntries: org.apache.ratis.thirdparty.io.grpc.StatusRuntimeException: UNAVAILABLE: Channel shutdownNow invoked
2019-10-09 13:05:29,152 [grpc-default-executor-16] INFO  impl.FollowerInfo (FollowerInfo.java:lambda$new$0(51)) - 194018c8-bd25-415f-9941-0e401fd1a71b@group-279687B9E8C5->a951a5ca-0ab5-470b-9716-44f820a131a6: nextIndex: updateUnconditionally 1 -> 0
2019-10-09 13:05:29,151 [grpc-default-executor-21] WARN  server.GrpcServerProtocolService (LogUtils.java:warn(134)) - a951a5ca-0ab5-470b-9716-44f820a131a6: installSnapshot onError, lastRequest: 194018c8-bd25-415f-9941-0e401fd1a71b->a951a5ca-0ab5-470b-9716-44f820a131a6#10-t1, previous=(t:1, i:4), leaderCommit=4, initializing? false, entries: <empty>: org.apache.ratis.thirdparty.io.grpc.StatusRuntimeException: CANCELLED: cancelled before receiving half close
2019-10-09 13:05:29,151 [grpc-default-executor-19] WARN  server.GrpcServerProtocolService (LogUtils.java:warn(134)) - a951a5ca-0ab5-470b-9716-44f820a131a6: installSnapshot onError, lastRequest: 194018c8-bd25-415f-9941-0e401fd1a71b->a951a5ca-0ab5-470b-9716-44f820a131a6#7-t1, previous=(t:1, i:0), leaderCommit=0, initializing? false, entries: <empty>: org.apache.ratis.thirdparty.io.grpc.StatusRuntimeException: CANCELLED: cancelled before receiving half close
2019-10-09 13:05:29,152 [grpc-default-executor-20] INFO  impl.FollowerInfo (FollowerInfo.java:lambda$new$0(51)) - 194018c8-bd25-415f-9941-0e401fd1a71b@group-611ECB217B3F->a951a5ca-0ab5-470b-9716-44f820a131a6: nextIndex: updateUnconditionally 5 -> 4
2019-10-09 13:05:29,157 [grpc-default-executor-20] WARN  server.GrpcLogAppender (LogUtils.java:warn(134)) - a951a5ca-0ab5-470b-9716-44f820a131a6@group-F081FF3511EB->3eeab9a4-47d5-4980-9c6e-5102901e869a-AppendLogResponseHandler: Failed appendEntries: org.apache.ratis.thirdparty.io.grpc.StatusRuntimeException: UNAVAILABLE: io exception
2019-10-09 13:05:29,157 [grpc-default-executor-20] INFO  impl.FollowerInfo (FollowerInfo.java:lambda$new$0(51)) - a951a5ca-0ab5-470b-9716-44f820a131a6@group-F081FF3511EB->3eeab9a4-47d5-4980-9c6e-5102901e869a: nextIndex: updateUnconditionally 1 -> 0
2019-10-09 13:05:29,160 [194018c8-bd25-415f-9941-0e401fd1a71b@group-9802512AA034-SegmentedRaftLogWorker] INFO  segmented.SegmentedRaftLogWorker (SegmentedRaftLogWorker.java:run(320)) - 194018c8-bd25-415f-9941-0e401fd1a71b@group-9802512AA034-SegmentedRaftLogWorker got closed and hit exception
java.lang.NullPointerException
	at org.apache.hadoop.hdds.protocol.proto.StorageContainerDatanodeProtocolProtos$ClosePipelineInfo$Builder.setDetailedReason(StorageContainerDatanodeProtocolProtos.java:19487)
	at org.apache.hadoop.ozone.container.common.transport.server.ratis.XceiverServerRatis.triggerPipelineClose(XceiverServerRatis.java:564)
	at org.apache.hadoop.ozone.container.common.transport.server.ratis.XceiverServerRatis.handleNodeLogFailure(XceiverServerRatis.java:663)
	at org.apache.hadoop.ozone.container.common.transport.server.ratis.ContainerStateMachine.notifyLogFailed(ContainerStateMachine.java:812)
	at org.apache.ratis.server.raftlog.segmented.SegmentedRaftLogWorker$WriteLog.failed(SegmentedRaftLogWorker.java:455)
	at org.apache.ratis.server.raftlog.segmented.SegmentedRaftLogWorker.run(SegmentedRaftLogWorker.java:297)
	at java.lang.Thread.run(Thread.java:748)
2019-10-09 13:05:29,161 [main] INFO  segmented.SegmentedRaftLogWorker (SegmentedRaftLogWorker.java:close(228)) - 194018c8-bd25-415f-9941-0e401fd1a71b@group-9802512AA034-SegmentedRaftLogWorker close()
2019-10-09 13:05:29,162 [main] INFO  impl.RaftServerImpl (RaftServerImpl.java:lambda$shutdown$3(251)) - 194018c8-bd25-415f-9941-0e401fd1a71b@group-FA60FACA7155: shutdown
2019-10-09 13:05:29,162 [main] INFO  util.JmxRegister (JmxRegister.java:unregister(73)) - Successfully un-registered JMX Bean with object name Ratis:service=RaftServer,group=group-FA60FACA7155,id=194018c8-bd25-415f-9941-0e401fd1a71b
2019-10-09 13:05:29,163 [main] INFO  impl.RoleInfo (RoleInfo.java:shutdownFollowerState(121)) - 194018c8-bd25-415f-9941-0e401fd1a71b: shutdown FollowerState
2019-10-09 13:05:29,163 [main] INFO  impl.StateMachineUpdater (StateMachineUpdater.java:stopAndJoin(125)) - 194018c8-bd25-415f-9941-0e401fd1a71b@group-FA60FACA7155-StateMachineUpdater: set stopIndex = 0
2019-10-09 13:05:29,163 [Thread-1229] INFO  impl.FollowerState (FollowerState.java:run(115)) - 194018c8-bd25-415f-9941-0e401fd1a71b: FollowerState was interrupted: java.lang.InterruptedException: sleep interrupted
2019-10-09 13:05:29,163 [main] INFO  impl.RaftServerImpl (ServerState.java:close(385)) - 194018c8-bd25-415f-9941-0e401fd1a71b@group-FA60FACA7155: closes. applyIndex: 0
2019-10-09 13:05:29,164 [194018c8-bd25-415f-9941-0e401fd1a71b@group-FA60FACA7155-SegmentedRaftLogWorker] INFO  segmented.SegmentedRaftLogWorker (SegmentedRaftLogWorker.java:run(313)) - 194018c8-bd25-415f-9941-0e401fd1a71b@group-FA60FACA7155-SegmentedRaftLogWorker was interrupted, exiting. There are 0 tasks remaining in the queue.
2019-10-09 13:05:29,164 [main] INFO  segmented.SegmentedRaftLogWorker (SegmentedRaftLogWorker.java:close(228)) - 194018c8-bd25-415f-9941-0e401fd1a71b@group-FA60FACA7155-SegmentedRaftLogWorker close()
2019-10-09 13:05:29,165 [main] INFO  impl.RaftServerImpl (RaftServerImpl.java:lambda$shutdown$3(251)) - 194018c8-bd25-415f-9941-0e401fd1a71b@group-867FD2ADA018: shutdown
2019-10-09 13:05:29,165 [main] INFO  util.JmxRegister (JmxRegister.java:unregister(73)) - Successfully un-registered JMX Bean with object name Ratis:service=RaftServer,group=group-867FD2ADA018,id=194018c8-bd25-415f-9941-0e401fd1a71b
2019-10-09 13:05:29,166 [main] INFO  impl.RoleInfo (RoleInfo.java:shutdownFollowerState(121)) - 194018c8-bd25-415f-9941-0e401fd1a71b: shutdown FollowerState
2019-10-09 13:05:29,166 [main] INFO  impl.StateMachineUpdater (StateMachineUpdater.java:stopAndJoin(125)) - 194018c8-bd25-415f-9941-0e401fd1a71b@group-867FD2ADA018-StateMachineUpdater: set stopIndex = 0
2019-10-09 13:05:29,166 [Thread-1058] INFO  impl.FollowerState (FollowerState.java:run(115)) - 194018c8-bd25-415f-9941-0e401fd1a71b: FollowerState was interrupted: java.lang.InterruptedException: sleep interrupted
2019-10-09 13:05:29,166 [main] INFO  impl.RaftServerImpl (ServerState.java:close(385)) - 194018c8-bd25-415f-9941-0e401fd1a71b@group-867FD2ADA018: closes. applyIndex: 0
2019-10-09 13:05:29,167 [194018c8-bd25-415f-9941-0e401fd1a71b@group-867FD2ADA018-SegmentedRaftLogWorker] INFO  segmented.SegmentedRaftLogWorker (SegmentedRaftLogWorker.java:run(313)) - 194018c8-bd25-415f-9941-0e401fd1a71b@group-867FD2ADA018-SegmentedRaftLogWorker was interrupted, exiting. There are 0 tasks remaining in the queue.
2019-10-09 13:05:29,167 [main] INFO  segmented.SegmentedRaftLogWorker (SegmentedRaftLogWorker.java:close(228)) - 194018c8-bd25-415f-9941-0e401fd1a71b@group-867FD2ADA018-SegmentedRaftLogWorker close()
2019-10-09 13:05:29,168 [main] INFO  impl.RaftServerImpl (RaftServerImpl.java:lambda$shutdown$3(251)) - 194018c8-bd25-415f-9941-0e401fd1a71b@group-F081FF3511EB: shutdown
2019-10-09 13:05:29,169 [main] INFO  util.JmxRegister (JmxRegister.java:unregister(73)) - Successfully un-registered JMX Bean with object name Ratis:service=RaftServer,group=group-F081FF3511EB,id=194018c8-bd25-415f-9941-0e401fd1a71b
2019-10-09 13:05:29,169 [main] INFO  impl.RoleInfo (RoleInfo.java:shutdownFollowerState(121)) - 194018c8-bd25-415f-9941-0e401fd1a71b: shutdown FollowerState
2019-10-09 13:05:29,169 [main] INFO  impl.StateMachineUpdater (StateMachineUpdater.java:stopAndJoin(125)) - 194018c8-bd25-415f-9941-0e401fd1a71b@group-F081FF3511EB-StateMachineUpdater: set stopIndex = 1
2019-10-09 13:05:29,170 [main] INFO  impl.RaftServerImpl (ServerState.java:close(385)) - 194018c8-bd25-415f-9941-0e401fd1a71b@group-F081FF3511EB: closes. applyIndex: 1
2019-10-09 13:05:29,169 [Thread-1294] INFO  impl.FollowerState (FollowerState.java:run(115)) - 194018c8-bd25-415f-9941-0e401fd1a71b: FollowerState was interrupted: java.lang.InterruptedException: sleep interrupted
2019-10-09 13:05:29,170 [194018c8-bd25-415f-9941-0e401fd1a71b@group-F081FF3511EB-SegmentedRaftLogWorker] INFO  segmented.SegmentedRaftLogWorker (SegmentedRaftLogWorker.java:run(313)) - 194018c8-bd25-415f-9941-0e401fd1a71b@group-F081FF3511EB-SegmentedRaftLogWorker was interrupted, exiting. There are 0 tasks remaining in the queue.
2019-10-09 13:05:29,171 [main] INFO  segmented.SegmentedRaftLogWorker (SegmentedRaftLogWorker.java:close(228)) - 194018c8-bd25-415f-9941-0e401fd1a71b@group-F081FF3511EB-SegmentedRaftLogWorker close()
2019-10-09 13:05:29,172 [main] INFO  impl.RaftServerImpl (RaftServerImpl.java:lambda$shutdown$3(251)) - 194018c8-bd25-415f-9941-0e401fd1a71b@group-84D1AE6A7D99: shutdown
2019-10-09 13:05:29,173 [main] INFO  util.JmxRegister (JmxRegister.java:unregister(73)) - Successfully un-registered JMX Bean with object name Ratis:service=RaftServer,group=group-84D1AE6A7D99,id=194018c8-bd25-415f-9941-0e401fd1a71b
2019-10-09 13:05:29,173 [main] INFO  impl.RoleInfo (RoleInfo.java:shutdownLeaderState(104)) - 194018c8-bd25-415f-9941-0e401fd1a71b: shutdown LeaderState
2019-10-09 13:05:29,173 [main] INFO  impl.PendingRequests (PendingRequests.java:sendNotLeaderResponses(202)) - 194018c8-bd25-415f-9941-0e401fd1a71b-PendingRequests: sendNotLeaderResponses
2019-10-09 13:05:29,174 [main] INFO  impl.StateMachineUpdater (StateMachineUpdater.java:stopAndJoin(125)) - 194018c8-bd25-415f-9941-0e401fd1a71b@group-84D1AE6A7D99-StateMachineUpdater: set stopIndex = 0
2019-10-09 13:05:29,174 [main] INFO  impl.RaftServerImpl (ServerState.java:close(385)) - 194018c8-bd25-415f-9941-0e401fd1a71b@group-84D1AE6A7D99: closes. applyIndex: 0
2019-10-09 13:05:29,174 [194018c8-bd25-415f-9941-0e401fd1a71b@group-84D1AE6A7D99-SegmentedRaftLogWorker] INFO  segmented.SegmentedRaftLogWorker (SegmentedRaftLogWorker.java:run(313)) - 194018c8-bd25-415f-9941-0e401fd1a71b@group-84D1AE6A7D99-SegmentedRaftLogWorker was interrupted, exiting. There are 0 tasks remaining in the queue.
2019-10-09 13:05:29,175 [main] INFO  segmented.SegmentedRaftLogWorker (SegmentedRaftLogWorker.java:close(228)) - 194018c8-bd25-415f-9941-0e401fd1a71b@group-84D1AE6A7D99-SegmentedRaftLogWorker close()
2019-10-09 13:05:29,175 [main] INFO  impl.RaftServerImpl (RaftServerImpl.java:lambda$shutdown$3(251)) - 194018c8-bd25-415f-9941-0e401fd1a71b@group-611ECB217B3F: shutdown
2019-10-09 13:05:29,175 [main] INFO  util.JmxRegister (JmxRegister.java:unregister(73)) - Successfully un-registered JMX Bean with object name Ratis:service=RaftServer,group=group-611ECB217B3F,id=194018c8-bd25-415f-9941-0e401fd1a71b
2019-10-09 13:05:29,176 [main] INFO  impl.RoleInfo (RoleInfo.java:shutdownLeaderState(104)) - 194018c8-bd25-415f-9941-0e401fd1a71b: shutdown LeaderState
2019-10-09 13:05:29,176 [main] INFO  impl.PendingRequests (PendingRequests.java:sendNotLeaderResponses(202)) - 194018c8-bd25-415f-9941-0e401fd1a71b-PendingRequests: sendNotLeaderResponses
2019-10-09 13:05:29,176 [org.apache.ratis.server.impl.LogAppender$AppenderDaemon$$Lambda$493/462031746@24bacd81] WARN  server.GrpcLogAppender (GrpcLogAppender.java:mayWait(143)) - 194018c8-bd25-415f-9941-0e401fd1a71b@group-611ECB217B3F->3eeab9a4-47d5-4980-9c6e-5102901e869a-GrpcLogAppender: Wait interrupted by java.lang.InterruptedException
2019-10-09 13:05:29,176 [org.apache.ratis.server.impl.LogAppender$AppenderDaemon$$Lambda$493/462031746@49a7812a] WARN  server.GrpcLogAppender (GrpcLogAppender.java:mayWait(143)) - 194018c8-bd25-415f-9941-0e401fd1a71b@group-611ECB217B3F->a951a5ca-0ab5-470b-9716-44f820a131a6-GrpcLogAppender: Wait interrupted by java.lang.InterruptedException
2019-10-09 13:05:29,180 [194018c8-bd25-415f-9941-0e401fd1a71b@group-611ECB217B3F-StateMachineUpdater] INFO  ratis.ContainerStateMachine (ContainerStateMachine.java:takeSnapshot(289)) - group-611ECB217B3F: Taking a snapshot at:(t:1, i:4) file /workdir/hadoop-ozone/integration-test/target/test-dir/MiniOzoneClusterImpl-92c4d179-1d16-4416-8bce-4538b25b782c/datanode-3/data/ratis/d9b70c17-76ac-42f0-ae06-611ecb217b3f/sm/snapshot.1_4
2019-10-09 13:05:29,180 [main] INFO  impl.StateMachineUpdater (StateMachineUpdater.java:stopAndJoin(125)) - 194018c8-bd25-415f-9941-0e401fd1a71b@group-611ECB217B3F-StateMachineUpdater: set stopIndex = 4
2019-10-09 13:05:29,182 [grpc-default-executor-21] WARN  server.GrpcLogAppender (LogUtils.java:warn(134)) - a951a5ca-0ab5-470b-9716-44f820a131a6@group-867FD2ADA018->3eeab9a4-47d5-4980-9c6e-5102901e869a-AppendLogResponseHandler: Failed appendEntries: org.apache.ratis.thirdparty.io.grpc.StatusRuntimeException: UNAVAILABLE: io exception
2019-10-09 13:05:29,182 [grpc-default-executor-21] INFO  impl.FollowerInfo (FollowerInfo.java:lambda$new$0(51)) - a951a5ca-0ab5-470b-9716-44f820a131a6@group-867FD2ADA018->3eeab9a4-47d5-4980-9c6e-5102901e869a: nextIndex: updateUnconditionally 0 -> 0
2019-10-09 13:05:29,194 [194018c8-bd25-415f-9941-0e401fd1a71b@group-611ECB217B3F-StateMachineUpdater] INFO  ratis.ContainerStateMachine (ContainerStateMachine.java:takeSnapshot(300)) - group-611ECB217B3F: Finished taking a snapshot at:(t:1, i:4) file:/workdir/hadoop-ozone/integration-test/target/test-dir/MiniOzoneClusterImpl-92c4d179-1d16-4416-8bce-4538b25b782c/datanode-3/data/ratis/d9b70c17-76ac-42f0-ae06-611ecb217b3f/sm/snapshot.1_4 time:14
2019-10-09 13:05:29,194 [194018c8-bd25-415f-9941-0e401fd1a71b@group-611ECB217B3F-StateMachineUpdater] INFO  impl.StateMachineUpdater (StateMachineUpdater.java:takeSnapshot(258)) - 194018c8-bd25-415f-9941-0e401fd1a71b@group-611ECB217B3F-StateMachineUpdater: Took a snapshot at index 4
2019-10-09 13:05:29,194 [194018c8-bd25-415f-9941-0e401fd1a71b@group-611ECB217B3F-StateMachineUpdater] INFO  impl.StateMachineUpdater (StateMachineUpdater.java:lambda$new$0(83)) - 194018c8-bd25-415f-9941-0e401fd1a71b@group-611ECB217B3F-StateMachineUpdater: snapshotIndex: updateIncreasingly -1 -> 4
2019-10-09 13:05:29,195 [main] INFO  impl.RaftServerImpl (ServerState.java:close(385)) - 194018c8-bd25-415f-9941-0e401fd1a71b@group-611ECB217B3F: closes. applyIndex: 4
2019-10-09 13:05:29,195 [194018c8-bd25-415f-9941-0e401fd1a71b@group-611ECB217B3F-SegmentedRaftLogWorker] INFO  segmented.SegmentedRaftLogWorker (SegmentedRaftLogWorker.java:run(313)) - 194018c8-bd25-415f-9941-0e401fd1a71b@group-611ECB217B3F-SegmentedRaftLogWorker was interrupted, exiting. There are 0 tasks remaining in the queue.
2019-10-09 13:05:29,196 [main] INFO  segmented.SegmentedRaftLogWorker (SegmentedRaftLogWorker.java:close(228)) - 194018c8-bd25-415f-9941-0e401fd1a71b@group-611ECB217B3F-SegmentedRaftLogWorker close()
2019-10-09 13:05:29,197 [main] INFO  impl.RaftServerImpl (RaftServerImpl.java:lambda$shutdown$3(251)) - 194018c8-bd25-415f-9941-0e401fd1a71b@group-279687B9E8C5: shutdown
2019-10-09 13:05:29,198 [main] INFO  util.JmxRegister (JmxRegister.java:unregister(73)) - Successfully un-registered JMX Bean with object name Ratis:service=RaftServer,group=group-279687B9E8C5,id=194018c8-bd25-415f-9941-0e401fd1a71b
2019-10-09 13:05:29,198 [main] INFO  impl.RoleInfo (RoleInfo.java:shutdownLeaderState(104)) - 194018c8-bd25-415f-9941-0e401fd1a71b: shutdown LeaderState
2019-10-09 13:05:29,198 [org.apache.ratis.server.impl.LogAppender$AppenderDaemon$$Lambda$493/462031746@1c82c833] WARN  server.GrpcLogAppender (GrpcLogAppender.java:mayWait(143)) - 194018c8-bd25-415f-9941-0e401fd1a71b@group-279687B9E8C5->a951a5ca-0ab5-470b-9716-44f820a131a6-GrpcLogAppender: Wait interrupted by java.lang.InterruptedException
2019-10-09 13:05:29,198 [main] INFO  impl.PendingRequests (PendingRequests.java:sendNotLeaderResponses(202)) - 194018c8-bd25-415f-9941-0e401fd1a71b-PendingRequests: sendNotLeaderResponses
2019-10-09 13:05:29,199 [org.apache.ratis.server.impl.LogAppender$AppenderDaemon$$Lambda$493/462031746@ed81d2a] WARN  server.GrpcLogAppender (GrpcLogAppender.java:mayWait(143)) - 194018c8-bd25-415f-9941-0e401fd1a71b@group-279687B9E8C5->3eeab9a4-47d5-4980-9c6e-5102901e869a-GrpcLogAppender: Wait interrupted by java.lang.InterruptedException
2019-10-09 13:05:29,199 [main] INFO  impl.StateMachineUpdater (StateMachineUpdater.java:stopAndJoin(125)) - 194018c8-bd25-415f-9941-0e401fd1a71b@group-279687B9E8C5-StateMachineUpdater: set stopIndex = 0
2019-10-09 13:05:29,200 [main] INFO  impl.RaftServerImpl (ServerState.java:close(385)) - 194018c8-bd25-415f-9941-0e401fd1a71b@group-279687B9E8C5: closes. applyIndex: 0
2019-10-09 13:05:29,200 [194018c8-bd25-415f-9941-0e401fd1a71b@group-279687B9E8C5-SegmentedRaftLogWorker] INFO  segmented.SegmentedRaftLogWorker (SegmentedRaftLogWorker.java:run(313)) - 194018c8-bd25-415f-9941-0e401fd1a71b@group-279687B9E8C5-SegmentedRaftLogWorker was interrupted, exiting. There are 0 tasks remaining in the queue.
2019-10-09 13:05:29,200 [main] INFO  segmented.SegmentedRaftLogWorker (SegmentedRaftLogWorker.java:close(228)) - 194018c8-bd25-415f-9941-0e401fd1a71b@group-279687B9E8C5-SegmentedRaftLogWorker close()
2019-10-09 13:05:29,202 [main] INFO  impl.RaftServerImpl (RaftServerImpl.java:lambda$shutdown$3(251)) - 194018c8-bd25-415f-9941-0e401fd1a71b@group-150B5479A3DB: shutdown
2019-10-09 13:05:29,202 [main] INFO  util.JmxRegister (JmxRegister.java:unregister(73)) - Successfully un-registered JMX Bean with object name Ratis:service=RaftServer,group=group-150B5479A3DB,id=194018c8-bd25-415f-9941-0e401fd1a71b
2019-10-09 13:05:29,202 [main] INFO  impl.RoleInfo (RoleInfo.java:shutdownFollowerState(121)) - 194018c8-bd25-415f-9941-0e401fd1a71b: shutdown FollowerState
2019-10-09 13:05:29,203 [main] INFO  impl.StateMachineUpdater (StateMachineUpdater.java:stopAndJoin(125)) - 194018c8-bd25-415f-9941-0e401fd1a71b@group-150B5479A3DB-StateMachineUpdater: set stopIndex = 15
2019-10-09 13:05:29,203 [194018c8-bd25-415f-9941-0e401fd1a71b@group-150B5479A3DB-StateMachineUpdater] INFO  ratis.ContainerStateMachine (ContainerStateMachine.java:takeSnapshot(289)) - group-150B5479A3DB: Taking a snapshot at:(t:1, i:15) file /workdir/hadoop-ozone/integration-test/target/test-dir/MiniOzoneClusterImpl-92c4d179-1d16-4416-8bce-4538b25b782c/datanode-3/data/ratis/64310bd5-a2d3-4962-84b2-150b5479a3db/sm/snapshot.1_15
2019-10-09 13:05:29,203 [Thread-1068] INFO  impl.FollowerState (FollowerState.java:run(115)) - 194018c8-bd25-415f-9941-0e401fd1a71b: FollowerState was interrupted: java.lang.InterruptedException: sleep interrupted
2019-10-09 13:05:29,216 [194018c8-bd25-415f-9941-0e401fd1a71b@group-150B5479A3DB-StateMachineUpdater] INFO  ratis.ContainerStateMachine (ContainerStateMachine.java:takeSnapshot(300)) - group-150B5479A3DB: Finished taking a snapshot at:(t:1, i:15) file:/workdir/hadoop-ozone/integration-test/target/test-dir/MiniOzoneClusterImpl-92c4d179-1d16-4416-8bce-4538b25b782c/datanode-3/data/ratis/64310bd5-a2d3-4962-84b2-150b5479a3db/sm/snapshot.1_15 time:13
2019-10-09 13:05:29,216 [194018c8-bd25-415f-9941-0e401fd1a71b@group-150B5479A3DB-StateMachineUpdater] INFO  impl.StateMachineUpdater (StateMachineUpdater.java:takeSnapshot(258)) - 194018c8-bd25-415f-9941-0e401fd1a71b@group-150B5479A3DB-StateMachineUpdater: Took a snapshot at index 15
2019-10-09 13:05:29,216 [194018c8-bd25-415f-9941-0e401fd1a71b@group-150B5479A3DB-StateMachineUpdater] INFO  impl.StateMachineUpdater (StateMachineUpdater.java:lambda$new$0(83)) - 194018c8-bd25-415f-9941-0e401fd1a71b@group-150B5479A3DB-StateMachineUpdater: snapshotIndex: updateIncreasingly -1 -> 15
2019-10-09 13:05:29,217 [main] INFO  impl.RaftServerImpl (ServerState.java:close(385)) - 194018c8-bd25-415f-9941-0e401fd1a71b@group-150B5479A3DB: closes. applyIndex: 15
2019-10-09 13:05:29,217 [194018c8-bd25-415f-9941-0e401fd1a71b@group-150B5479A3DB-SegmentedRaftLogWorker] INFO  segmented.SegmentedRaftLogWorker (SegmentedRaftLogWorker.java:run(313)) - 194018c8-bd25-415f-9941-0e401fd1a71b@group-150B5479A3DB-SegmentedRaftLogWorker was interrupted, exiting. There are 0 tasks remaining in the queue.
2019-10-09 13:05:29,217 [main] INFO  segmented.SegmentedRaftLogWorker (SegmentedRaftLogWorker.java:close(228)) - 194018c8-bd25-415f-9941-0e401fd1a71b@group-150B5479A3DB-SegmentedRaftLogWorker close()
2019-10-09 13:05:29,218 [main] INFO  server.GrpcService (GrpcService.java:closeImpl(164)) - 194018c8-bd25-415f-9941-0e401fd1a71b: shutdown server with port 36608 now
2019-10-09 13:05:29,219 [grpc-default-executor-19] WARN  server.GrpcServerProtocolService (LogUtils.java:warn(134)) - 194018c8-bd25-415f-9941-0e401fd1a71b: installSnapshot onError, lastRequest: a951a5ca-0ab5-470b-9716-44f820a131a6->194018c8-bd25-415f-9941-0e401fd1a71b#7-t1, previous=(t:1, i:0), leaderCommit=0, initializing? false, entries: <empty>: org.apache.ratis.thirdparty.io.grpc.StatusRuntimeException: CANCELLED: cancelled before receiving half close
2019-10-09 13:05:29,219 [main] INFO  server.GrpcService (GrpcService.java:closeImpl(172)) - 194018c8-bd25-415f-9941-0e401fd1a71b: shutdown server with port 36608 successfully
2019-10-09 13:05:29,220 [grpc-default-executor-21] WARN  server.GrpcLogAppender (LogUtils.java:warn(134)) - a951a5ca-0ab5-470b-9716-44f820a131a6@group-867FD2ADA018->194018c8-bd25-415f-9941-0e401fd1a71b-AppendLogResponseHandler: Failed appendEntries: org.apache.ratis.thirdparty.io.grpc.StatusRuntimeException: CANCELLED: HTTP/2 error code: CANCEL
Received Rst Stream
2019-10-09 13:05:29,220 [grpc-default-executor-16] WARN  server.GrpcLogAppender (LogUtils.java:warn(134)) - a951a5ca-0ab5-470b-9716-44f820a131a6@group-F081FF3511EB->194018c8-bd25-415f-9941-0e401fd1a71b-AppendLogResponseHandler: Failed appendEntries: org.apache.ratis.thirdparty.io.grpc.StatusRuntimeException: CANCELLED: HTTP/2 error code: CANCEL
Received Rst Stream
2019-10-09 13:05:29,220 [grpc-default-executor-7] WARN  server.GrpcLogAppender (LogUtils.java:warn(134)) - a951a5ca-0ab5-470b-9716-44f820a131a6@group-B09A4D417E08->194018c8-bd25-415f-9941-0e401fd1a71b-AppendLogResponseHandler: Failed appendEntries: org.apache.ratis.thirdparty.io.grpc.StatusRuntimeException: CANCELLED: HTTP/2 error code: CANCEL
Received Rst Stream
2019-10-09 13:05:29,219 [grpc-default-executor-17] WARN  server.GrpcServerProtocolService (LogUtils.java:warn(134)) - 194018c8-bd25-415f-9941-0e401fd1a71b: installSnapshot onError, lastRequest: a951a5ca-0ab5-470b-9716-44f820a131a6->194018c8-bd25-415f-9941-0e401fd1a71b#7-t1, previous=(t:1, i:0), leaderCommit=0, initializing? false, entries: <empty>: org.apache.ratis.thirdparty.io.grpc.StatusRuntimeException: CANCELLED: cancelled before receiving half close
2019-10-09 13:05:29,219 [grpc-default-executor-22] WARN  server.GrpcServerProtocolService (LogUtils.java:warn(134)) - 194018c8-bd25-415f-9941-0e401fd1a71b: installSnapshot onError, lastRequest: a951a5ca-0ab5-470b-9716-44f820a131a6->194018c8-bd25-415f-9941-0e401fd1a71b#2-t3, previous=(t:3, i:1), leaderCommit=1, initializing? false, entries: size=1, first=(t:3, i:2), METADATAENTRY(c1): org.apache.ratis.thirdparty.io.grpc.StatusRuntimeException: CANCELLED: cancelled before receiving half close
2019-10-09 13:05:29,221 [grpc-default-executor-7] INFO  impl.FollowerInfo (FollowerInfo.java:lambda$new$0(51)) - a951a5ca-0ab5-470b-9716-44f820a131a6@group-B09A4D417E08->194018c8-bd25-415f-9941-0e401fd1a71b: nextIndex: updateUnconditionally 1 -> 0
2019-10-09 13:05:29,220 [grpc-default-executor-16] INFO  impl.FollowerInfo (FollowerInfo.java:lambda$new$0(51)) - a951a5ca-0ab5-470b-9716-44f820a131a6@group-F081FF3511EB->194018c8-bd25-415f-9941-0e401fd1a71b: nextIndex: updateUnconditionally 3 -> 2
2019-10-09 13:05:29,220 [grpc-default-executor-21] INFO  impl.FollowerInfo (FollowerInfo.java:lambda$new$0(51)) - a951a5ca-0ab5-470b-9716-44f820a131a6@group-867FD2ADA018->194018c8-bd25-415f-9941-0e401fd1a71b: nextIndex: updateUnconditionally 1 -> 0
2019-10-09 13:05:29,223 [refreshUsed-/workdir/hadoop-ozone/integration-test/target/test-dir/MiniOzoneClusterImpl-92c4d179-1d16-4416-8bce-4538b25b782c/datanode-3/data/containers] WARN  fs.CachingGetSpaceUsed (CachingGetSpaceUsed.java:run(183)) - Thread Interrupted waiting to refresh disk information: sleep interrupted
2019-10-09 13:05:29,239 [main] INFO  utils.BackgroundService (BackgroundService.java:shutdown(148)) - Shutting down service BlockDeletingService
2019-10-09 13:05:29,242 [main] INFO  statemachine.DatanodeStateMachine (DatanodeStateMachine.java:stopDaemon(395)) - Ozone container server stopped.
2019-10-09 13:05:29,243 [main] INFO  handler.ContextHandler (ContextHandler.java:doStop(910)) - Stopped o.e.j.w.WebAppContext@715b886f{/,null,UNAVAILABLE}{/hddsDatanode}
2019-10-09 13:05:29,244 [main] INFO  server.AbstractConnector (AbstractConnector.java:doStop(318)) - Stopped ServerConnector@7fb29ca9{HTTP/1.1,[http/1.1]}{0.0.0.0:0}
2019-10-09 13:05:29,244 [main] INFO  handler.ContextHandler (ContextHandler.java:doStop(910)) - Stopped o.e.j.s.ServletContextHandler@762637be{/static,jar:file:/home/user/.m2/repository/org/apache/hadoop/hadoop-hdds-container-service/0.5.0-SNAPSHOT/hadoop-hdds-container-service-0.5.0-SNAPSHOT.jar!/webapps/static,UNAVAILABLE}
2019-10-09 13:05:29,245 [main] INFO  handler.ContextHandler (ContextHandler.java:doStop(910)) - Stopped o.e.j.s.ServletContextHandler@72f9f27c{/logs,file:///workdir/hadoop-ozone/integration-test/target/log,UNAVAILABLE}
2019-10-09 13:05:29,492 [Thread-1075] INFO  impl.FollowerState (FollowerState.java:run(106)) - a951a5ca-0ab5-470b-9716-44f820a131a6:group-150B5479A3DB changes to CANDIDATE, lastRpcTime:7921, electionTimeout:5196ms
2019-10-09 13:05:29,492 [Thread-1075] INFO  impl.RoleInfo (RoleInfo.java:shutdownFollowerState(121)) - a951a5ca-0ab5-470b-9716-44f820a131a6: shutdown FollowerState
2019-10-09 13:05:29,492 [Thread-1075] INFO  impl.RaftServerImpl (RaftServerImpl.java:setRole(174)) - a951a5ca-0ab5-470b-9716-44f820a131a6@group-150B5479A3DB: changes role from  FOLLOWER to CANDIDATE at term 1 for changeToCandidate
2019-10-09 13:05:29,493 [Thread-1075] INFO  impl.RoleInfo (RoleInfo.java:updateAndGet(143)) - a951a5ca-0ab5-470b-9716-44f820a131a6: start LeaderElection
2019-10-09 13:05:29,493 [a951a5ca-0ab5-470b-9716-44f820a131a6@group-150B5479A3DB:LeaderElection96] INFO  impl.RaftServerImpl (ServerState.java:setLeader(253)) - a951a5ca-0ab5-470b-9716-44f820a131a6@group-150B5479A3DB: change Leader from 3eeab9a4-47d5-4980-9c6e-5102901e869a to null at term 1 for initElection
2019-10-09 13:05:29,507 [a951a5ca-0ab5-470b-9716-44f820a131a6@group-150B5479A3DB:LeaderElection96] INFO  impl.LeaderElection (LeaderElection.java:askForVotes(182)) - a951a5ca-0ab5-470b-9716-44f820a131a6@group-150B5479A3DB:LeaderElection96: begin an election at term 2 for 0: [194018c8-bd25-415f-9941-0e401fd1a71b:192.168.5.175:36608, a951a5ca-0ab5-470b-9716-44f820a131a6:192.168.5.175:37446, 3eeab9a4-47d5-4980-9c6e-5102901e869a:192.168.5.175:43254], old=null
2019-10-09 13:05:29,509 [a951a5ca-0ab5-470b-9716-44f820a131a6@group-150B5479A3DB:LeaderElection96] INFO  impl.LeaderElection (LogUtils.java:infoOrTrace(149)) - a951a5ca-0ab5-470b-9716-44f820a131a6@group-150B5479A3DB:LeaderElection96 got exception when requesting votes: {}
java.util.concurrent.ExecutionException: org.apache.ratis.thirdparty.io.grpc.StatusRuntimeException: UNAVAILABLE: io exception
	at java.util.concurrent.FutureTask.report(FutureTask.java:122)
	at java.util.concurrent.FutureTask.get(FutureTask.java:192)
	at org.apache.ratis.server.impl.LeaderElection.waitForResults(LeaderElection.java:263)
	at org.apache.ratis.server.impl.LeaderElection.askForVotes(LeaderElection.java:201)
	at org.apache.ratis.server.impl.LeaderElection.run(LeaderElection.java:133)
	at java.lang.Thread.run(Thread.java:748)
Caused by: org.apache.ratis.thirdparty.io.grpc.StatusRuntimeException: UNAVAILABLE: io exception
	at org.apache.ratis.thirdparty.io.grpc.stub.ClientCalls.toStatusRuntimeException(ClientCalls.java:233)
	at org.apache.ratis.thirdparty.io.grpc.stub.ClientCalls.getUnchecked(ClientCalls.java:214)
	at org.apache.ratis.thirdparty.io.grpc.stub.ClientCalls.blockingUnaryCall(ClientCalls.java:139)
	at org.apache.ratis.proto.grpc.RaftServerProtocolServiceGrpc$RaftServerProtocolServiceBlockingStub.requestVote(RaftServerProtocolServiceGrpc.java:265)
	at org.apache.ratis.grpc.server.GrpcServerProtocolClient.requestVote(GrpcServerProtocolClient.java:90)
	at org.apache.ratis.grpc.server.GrpcService.requestVote(GrpcService.java:204)
	at org.apache.ratis.server.impl.LeaderElection.lambda$submitRequests$1(LeaderElection.java:238)
	at java.util.concurrent.FutureTask.run(FutureTask.java:266)
	at java.util.concurrent.Executors$RunnableAdapter.call(Executors.java:511)
	at java.util.concurrent.FutureTask.run(FutureTask.java:266)
	at java.util.concurrent.ThreadPoolExecutor.runWorker(ThreadPoolExecutor.java:1149)
	at java.util.concurrent.ThreadPoolExecutor$Worker.run(ThreadPoolExecutor.java:624)
	... 1 more
Caused by: org.apache.ratis.thirdparty.io.netty.channel.AbstractChannel$AnnotatedConnectException: Connection refused: /192.168.5.175:36608
	at sun.nio.ch.SocketChannelImpl.checkConnect(Native Method)
	at sun.nio.ch.SocketChannelImpl.finishConnect(SocketChannelImpl.java:717)
	at org.apache.ratis.thirdparty.io.netty.channel.socket.nio.NioSocketChannel.doFinishConnect(NioSocketChannel.java:327)
	at org.apache.ratis.thirdparty.io.netty.channel.nio.AbstractNioChannel$AbstractNioUnsafe.finishConnect(AbstractNioChannel.java:340)
	at org.apache.ratis.thirdparty.io.netty.channel.nio.NioEventLoop.processSelectedKey(NioEventLoop.java:632)
	at org.apache.ratis.thirdparty.io.netty.channel.nio.NioEventLoop.processSelectedKeysOptimized(NioEventLoop.java:579)
	at org.apache.ratis.thirdparty.io.netty.channel.nio.NioEventLoop.processSelectedKeys(NioEventLoop.java:496)
	at org.apache.ratis.thirdparty.io.netty.channel.nio.NioEventLoop.run(NioEventLoop.java:458)
	at org.apache.ratis.thirdparty.io.netty.util.concurrent.SingleThreadEventExecutor$5.run(SingleThreadEventExecutor.java:897)
	at org.apache.ratis.thirdparty.io.netty.util.concurrent.FastThreadLocalRunnable.run(FastThreadLocalRunnable.java:30)
	... 1 more
Caused by: java.net.ConnectException: Connection refused
	... 11 more
2019-10-09 13:05:29,510 [a951a5ca-0ab5-470b-9716-44f820a131a6@group-150B5479A3DB:LeaderElection96] INFO  impl.LeaderElection (LogUtils.java:infoOrTrace(149)) - a951a5ca-0ab5-470b-9716-44f820a131a6@group-150B5479A3DB:LeaderElection96 got exception when requesting votes: {}
java.util.concurrent.ExecutionException: org.apache.ratis.thirdparty.io.grpc.StatusRuntimeException: UNAVAILABLE: io exception
	at java.util.concurrent.FutureTask.report(FutureTask.java:122)
	at java.util.concurrent.FutureTask.get(FutureTask.java:192)
	at org.apache.ratis.server.impl.LeaderElection.waitForResults(LeaderElection.java:263)
	at org.apache.ratis.server.impl.LeaderElection.askForVotes(LeaderElection.java:201)
	at org.apache.ratis.server.impl.LeaderElection.run(LeaderElection.java:133)
	at java.lang.Thread.run(Thread.java:748)
Caused by: org.apache.ratis.thirdparty.io.grpc.StatusRuntimeException: UNAVAILABLE: io exception
	at org.apache.ratis.thirdparty.io.grpc.stub.ClientCalls.toStatusRuntimeException(ClientCalls.java:233)
	at org.apache.ratis.thirdparty.io.grpc.stub.ClientCalls.getUnchecked(ClientCalls.java:214)
	at org.apache.ratis.thirdparty.io.grpc.stub.ClientCalls.blockingUnaryCall(ClientCalls.java:139)
	at org.apache.ratis.proto.grpc.RaftServerProtocolServiceGrpc$RaftServerProtocolServiceBlockingStub.requestVote(RaftServerProtocolServiceGrpc.java:265)
	at org.apache.ratis.grpc.server.GrpcServerProtocolClient.requestVote(GrpcServerProtocolClient.java:90)
	at org.apache.ratis.grpc.server.GrpcService.requestVote(GrpcService.java:204)
	at org.apache.ratis.server.impl.LeaderElection.lambda$submitRequests$1(LeaderElection.java:238)
	at java.util.concurrent.FutureTask.run(FutureTask.java:266)
	at java.util.concurrent.Executors$RunnableAdapter.call(Executors.java:511)
	at java.util.concurrent.FutureTask.run(FutureTask.java:266)
	at java.util.concurrent.ThreadPoolExecutor.runWorker(ThreadPoolExecutor.java:1149)
	at java.util.concurrent.ThreadPoolExecutor$Worker.run(ThreadPoolExecutor.java:624)
	... 1 more
Caused by: org.apache.ratis.thirdparty.io.netty.channel.AbstractChannel$AnnotatedConnectException: Connection refused: /192.168.5.175:43254
	at sun.nio.ch.SocketChannelImpl.checkConnect(Native Method)
	at sun.nio.ch.SocketChannelImpl.finishConnect(SocketChannelImpl.java:717)
	at org.apache.ratis.thirdparty.io.netty.channel.socket.nio.NioSocketChannel.doFinishConnect(NioSocketChannel.java:327)
	at org.apache.ratis.thirdparty.io.netty.channel.nio.AbstractNioChannel$AbstractNioUnsafe.finishConnect(AbstractNioChannel.java:340)
	at org.apache.ratis.thirdparty.io.netty.channel.nio.NioEventLoop.processSelectedKey(NioEventLoop.java:632)
	at org.apache.ratis.thirdparty.io.netty.channel.nio.NioEventLoop.processSelectedKeysOptimized(NioEventLoop.java:579)
	at org.apache.ratis.thirdparty.io.netty.channel.nio.NioEventLoop.processSelectedKeys(NioEventLoop.java:496)
	at org.apache.ratis.thirdparty.io.netty.channel.nio.NioEventLoop.run(NioEventLoop.java:458)
	at org.apache.ratis.thirdparty.io.netty.util.concurrent.SingleThreadEventExecutor$5.run(SingleThreadEventExecutor.java:897)
	at org.apache.ratis.thirdparty.io.netty.util.concurrent.FastThreadLocalRunnable.run(FastThreadLocalRunnable.java:30)
	... 1 more
Caused by: java.net.ConnectException: Connection refused
	... 11 more
2019-10-09 13:05:29,510 [a951a5ca-0ab5-470b-9716-44f820a131a6@group-150B5479A3DB:LeaderElection96] INFO  impl.LeaderElection (LeaderElection.java:logAndReturn(56)) - a951a5ca-0ab5-470b-9716-44f820a131a6@group-150B5479A3DB:LeaderElection96: Election REJECTED; received 0 response(s) [] and 2 exception(s); a951a5ca-0ab5-470b-9716-44f820a131a6@group-150B5479A3DB:t2, leader=null, voted=a951a5ca-0ab5-470b-9716-44f820a131a6, raftlog=a951a5ca-0ab5-470b-9716-44f820a131a6@group-150B5479A3DB-SegmentedRaftLog:OPENED:c15,f15,i15, conf=0: [194018c8-bd25-415f-9941-0e401fd1a71b:192.168.5.175:36608, a951a5ca-0ab5-470b-9716-44f820a131a6:192.168.5.175:37446, 3eeab9a4-47d5-4980-9c6e-5102901e869a:192.168.5.175:43254], old=null
2019-10-09 13:05:29,511 [a951a5ca-0ab5-470b-9716-44f820a131a6@group-150B5479A3DB:LeaderElection96] INFO  impl.LeaderElection (LogUtils.java:infoOrTrace(149)) -   Exception 0: {}
java.util.concurrent.ExecutionException: org.apache.ratis.thirdparty.io.grpc.StatusRuntimeException: UNAVAILABLE: io exception
	at java.util.concurrent.FutureTask.report(FutureTask.java:122)
	at java.util.concurrent.FutureTask.get(FutureTask.java:192)
	at org.apache.ratis.server.impl.LeaderElection.waitForResults(LeaderElection.java:263)
	at org.apache.ratis.server.impl.LeaderElection.askForVotes(LeaderElection.java:201)
	at org.apache.ratis.server.impl.LeaderElection.run(LeaderElection.java:133)
	at java.lang.Thread.run(Thread.java:748)
Caused by: org.apache.ratis.thirdparty.io.grpc.StatusRuntimeException: UNAVAILABLE: io exception
	at org.apache.ratis.thirdparty.io.grpc.stub.ClientCalls.toStatusRuntimeException(ClientCalls.java:233)
	at org.apache.ratis.thirdparty.io.grpc.stub.ClientCalls.getUnchecked(ClientCalls.java:214)
	at org.apache.ratis.thirdparty.io.grpc.stub.ClientCalls.blockingUnaryCall(ClientCalls.java:139)
	at org.apache.ratis.proto.grpc.RaftServerProtocolServiceGrpc$RaftServerProtocolServiceBlockingStub.requestVote(RaftServerProtocolServiceGrpc.java:265)
	at org.apache.ratis.grpc.server.GrpcServerProtocolClient.requestVote(GrpcServerProtocolClient.java:90)
	at org.apache.ratis.grpc.server.GrpcService.requestVote(GrpcService.java:204)
	at org.apache.ratis.server.impl.LeaderElection.lambda$submitRequests$1(LeaderElection.java:238)
	at java.util.concurrent.FutureTask.run(FutureTask.java:266)
	at java.util.concurrent.Executors$RunnableAdapter.call(Executors.java:511)
	at java.util.concurrent.FutureTask.run(FutureTask.java:266)
	at java.util.concurrent.ThreadPoolExecutor.runWorker(ThreadPoolExecutor.java:1149)
	at java.util.concurrent.ThreadPoolExecutor$Worker.run(ThreadPoolExecutor.java:624)
	... 1 more
Caused by: org.apache.ratis.thirdparty.io.netty.channel.AbstractChannel$AnnotatedConnectException: Connection refused: /192.168.5.175:36608
	at sun.nio.ch.SocketChannelImpl.checkConnect(Native Method)
	at sun.nio.ch.SocketChannelImpl.finishConnect(SocketChannelImpl.java:717)
	at org.apache.ratis.thirdparty.io.netty.channel.socket.nio.NioSocketChannel.doFinishConnect(NioSocketChannel.java:327)
	at org.apache.ratis.thirdparty.io.netty.channel.nio.AbstractNioChannel$AbstractNioUnsafe.finishConnect(AbstractNioChannel.java:340)
	at org.apache.ratis.thirdparty.io.netty.channel.nio.NioEventLoop.processSelectedKey(NioEventLoop.java:632)
	at org.apache.ratis.thirdparty.io.netty.channel.nio.NioEventLoop.processSelectedKeysOptimized(NioEventLoop.java:579)
	at org.apache.ratis.thirdparty.io.netty.channel.nio.NioEventLoop.processSelectedKeys(NioEventLoop.java:496)
	at org.apache.ratis.thirdparty.io.netty.channel.nio.NioEventLoop.run(NioEventLoop.java:458)
	at org.apache.ratis.thirdparty.io.netty.util.concurrent.SingleThreadEventExecutor$5.run(SingleThreadEventExecutor.java:897)
	at org.apache.ratis.thirdparty.io.netty.util.concurrent.FastThreadLocalRunnable.run(FastThreadLocalRunnable.java:30)
	... 1 more
Caused by: java.net.ConnectException: Connection refused
	... 11 more
2019-10-09 13:05:29,511 [a951a5ca-0ab5-470b-9716-44f820a131a6@group-150B5479A3DB:LeaderElection96] INFO  impl.LeaderElection (LogUtils.java:infoOrTrace(149)) -   Exception 1: {}
java.util.concurrent.ExecutionException: org.apache.ratis.thirdparty.io.grpc.StatusRuntimeException: UNAVAILABLE: io exception
	at java.util.concurrent.FutureTask.report(FutureTask.java:122)
	at java.util.concurrent.FutureTask.get(FutureTask.java:192)
	at org.apache.ratis.server.impl.LeaderElection.waitForResults(LeaderElection.java:263)
	at org.apache.ratis.server.impl.LeaderElection.askForVotes(LeaderElection.java:201)
	at org.apache.ratis.server.impl.LeaderElection.run(LeaderElection.java:133)
	at java.lang.Thread.run(Thread.java:748)
Caused by: org.apache.ratis.thirdparty.io.grpc.StatusRuntimeException: UNAVAILABLE: io exception
	at org.apache.ratis.thirdparty.io.grpc.stub.ClientCalls.toStatusRuntimeException(ClientCalls.java:233)
	at org.apache.ratis.thirdparty.io.grpc.stub.ClientCalls.getUnchecked(ClientCalls.java:214)
	at org.apache.ratis.thirdparty.io.grpc.stub.ClientCalls.blockingUnaryCall(ClientCalls.java:139)
	at org.apache.ratis.proto.grpc.RaftServerProtocolServiceGrpc$RaftServerProtocolServiceBlockingStub.requestVote(RaftServerProtocolServiceGrpc.java:265)
	at org.apache.ratis.grpc.server.GrpcServerProtocolClient.requestVote(GrpcServerProtocolClient.java:90)
	at org.apache.ratis.grpc.server.GrpcService.requestVote(GrpcService.java:204)
	at org.apache.ratis.server.impl.LeaderElection.lambda$submitRequests$1(LeaderElection.java:238)
	at java.util.concurrent.FutureTask.run(FutureTask.java:266)
	at java.util.concurrent.Executors$RunnableAdapter.call(Executors.java:511)
	at java.util.concurrent.FutureTask.run(FutureTask.java:266)
	at java.util.concurrent.ThreadPoolExecutor.runWorker(ThreadPoolExecutor.java:1149)
	at java.util.concurrent.ThreadPoolExecutor$Worker.run(ThreadPoolExecutor.java:624)
	... 1 more
Caused by: org.apache.ratis.thirdparty.io.netty.channel.AbstractChannel$AnnotatedConnectException: Connection refused: /192.168.5.175:43254
	at sun.nio.ch.SocketChannelImpl.checkConnect(Native Method)
	at sun.nio.ch.SocketChannelImpl.finishConnect(SocketChannelImpl.java:717)
	at org.apache.ratis.thirdparty.io.netty.channel.socket.nio.NioSocketChannel.doFinishConnect(NioSocketChannel.java:327)
	at org.apache.ratis.thirdparty.io.netty.channel.nio.AbstractNioChannel$AbstractNioUnsafe.finishConnect(AbstractNioChannel.java:340)
	at org.apache.ratis.thirdparty.io.netty.channel.nio.NioEventLoop.processSelectedKey(NioEventLoop.java:632)
	at org.apache.ratis.thirdparty.io.netty.channel.nio.NioEventLoop.processSelectedKeysOptimized(NioEventLoop.java:579)
	at org.apache.ratis.thirdparty.io.netty.channel.nio.NioEventLoop.processSelectedKeys(NioEventLoop.java:496)
	at org.apache.ratis.thirdparty.io.netty.channel.nio.NioEventLoop.run(NioEventLoop.java:458)
	at org.apache.ratis.thirdparty.io.netty.util.concurrent.SingleThreadEventExecutor$5.run(SingleThreadEventExecutor.java:897)
	at org.apache.ratis.thirdparty.io.netty.util.concurrent.FastThreadLocalRunnable.run(FastThreadLocalRunnable.java:30)
	... 1 more
Caused by: java.net.ConnectException: Connection refused
	... 11 more
2019-10-09 13:05:29,511 [a951a5ca-0ab5-470b-9716-44f820a131a6@group-150B5479A3DB:LeaderElection96] INFO  impl.RaftServerImpl (RaftServerImpl.java:setRole(174)) - a951a5ca-0ab5-470b-9716-44f820a131a6@group-150B5479A3DB: changes role from CANDIDATE to FOLLOWER at term 2 for DISCOVERED_A_NEW_TERM
2019-10-09 13:05:29,511 [a951a5ca-0ab5-470b-9716-44f820a131a6@group-150B5479A3DB:LeaderElection96] INFO  impl.RoleInfo (RoleInfo.java:shutdownLeaderElection(134)) - a951a5ca-0ab5-470b-9716-44f820a131a6: shutdown LeaderElection
2019-10-09 13:05:29,511 [a951a5ca-0ab5-470b-9716-44f820a131a6@group-150B5479A3DB:LeaderElection96] INFO  impl.RoleInfo (RoleInfo.java:updateAndGet(143)) - a951a5ca-0ab5-470b-9716-44f820a131a6: start FollowerState
2019-10-09 13:05:29,519 [Thread-1230] INFO  impl.FollowerState (FollowerState.java:run(106)) - a951a5ca-0ab5-470b-9716-44f820a131a6:group-FA60FACA7155 changes to CANDIDATE, lastRpcTime:7773, electionTimeout:5170ms
2019-10-09 13:05:29,519 [Thread-1230] INFO  impl.RoleInfo (RoleInfo.java:shutdownFollowerState(121)) - a951a5ca-0ab5-470b-9716-44f820a131a6: shutdown FollowerState
2019-10-09 13:05:29,519 [Thread-1230] INFO  impl.RaftServerImpl (RaftServerImpl.java:setRole(174)) - a951a5ca-0ab5-470b-9716-44f820a131a6@group-FA60FACA7155: changes role from  FOLLOWER to CANDIDATE at term 3 for changeToCandidate
2019-10-09 13:05:29,519 [Thread-1230] INFO  impl.RoleInfo (RoleInfo.java:updateAndGet(143)) - a951a5ca-0ab5-470b-9716-44f820a131a6: start LeaderElection
2019-10-09 13:05:29,519 [a951a5ca-0ab5-470b-9716-44f820a131a6@group-FA60FACA7155:LeaderElection97] INFO  impl.RaftServerImpl (ServerState.java:setLeader(253)) - a951a5ca-0ab5-470b-9716-44f820a131a6@group-FA60FACA7155: change Leader from 3eeab9a4-47d5-4980-9c6e-5102901e869a to null at term 3 for initElection
2019-10-09 13:05:29,532 [a951a5ca-0ab5-470b-9716-44f820a131a6@group-FA60FACA7155:LeaderElection97] INFO  impl.LeaderElection (LeaderElection.java:askForVotes(182)) - a951a5ca-0ab5-470b-9716-44f820a131a6@group-FA60FACA7155:LeaderElection97: begin an election at term 4 for 0: [194018c8-bd25-415f-9941-0e401fd1a71b:192.168.5.175:36608, 3eeab9a4-47d5-4980-9c6e-5102901e869a:192.168.5.175:43254, a951a5ca-0ab5-470b-9716-44f820a131a6:192.168.5.175:37446], old=null
2019-10-09 13:05:29,533 [a951a5ca-0ab5-470b-9716-44f820a131a6@group-FA60FACA7155:LeaderElection97] INFO  impl.LeaderElection (LogUtils.java:infoOrTrace(149)) - a951a5ca-0ab5-470b-9716-44f820a131a6@group-FA60FACA7155:LeaderElection97 got exception when requesting votes: {}
java.util.concurrent.ExecutionException: org.apache.ratis.thirdparty.io.grpc.StatusRuntimeException: UNAVAILABLE: io exception
	at java.util.concurrent.FutureTask.report(FutureTask.java:122)
	at java.util.concurrent.FutureTask.get(FutureTask.java:192)
	at org.apache.ratis.server.impl.LeaderElection.waitForResults(LeaderElection.java:263)
	at org.apache.ratis.server.impl.LeaderElection.askForVotes(LeaderElection.java:201)
	at org.apache.ratis.server.impl.LeaderElection.run(LeaderElection.java:133)
	at java.lang.Thread.run(Thread.java:748)
Caused by: org.apache.ratis.thirdparty.io.grpc.StatusRuntimeException: UNAVAILABLE: io exception
	at org.apache.ratis.thirdparty.io.grpc.stub.ClientCalls.toStatusRuntimeException(ClientCalls.java:233)
	at org.apache.ratis.thirdparty.io.grpc.stub.ClientCalls.getUnchecked(ClientCalls.java:214)
	at org.apache.ratis.thirdparty.io.grpc.stub.ClientCalls.blockingUnaryCall(ClientCalls.java:139)
	at org.apache.ratis.proto.grpc.RaftServerProtocolServiceGrpc$RaftServerProtocolServiceBlockingStub.requestVote(RaftServerProtocolServiceGrpc.java:265)
	at org.apache.ratis.grpc.server.GrpcServerProtocolClient.requestVote(GrpcServerProtocolClient.java:90)
	at org.apache.ratis.grpc.server.GrpcService.requestVote(GrpcService.java:204)
	at org.apache.ratis.server.impl.LeaderElection.lambda$submitRequests$1(LeaderElection.java:238)
	at java.util.concurrent.FutureTask.run(FutureTask.java:266)
	at java.util.concurrent.Executors$RunnableAdapter.call(Executors.java:511)
	at java.util.concurrent.FutureTask.run(FutureTask.java:266)
	at java.util.concurrent.ThreadPoolExecutor.runWorker(ThreadPoolExecutor.java:1149)
	at java.util.concurrent.ThreadPoolExecutor$Worker.run(ThreadPoolExecutor.java:624)
	... 1 more
Caused by: org.apache.ratis.thirdparty.io.netty.channel.AbstractChannel$AnnotatedConnectException: Connection refused: /192.168.5.175:36608
	at sun.nio.ch.SocketChannelImpl.checkConnect(Native Method)
	at sun.nio.ch.SocketChannelImpl.finishConnect(SocketChannelImpl.java:717)
	at org.apache.ratis.thirdparty.io.netty.channel.socket.nio.NioSocketChannel.doFinishConnect(NioSocketChannel.java:327)
	at org.apache.ratis.thirdparty.io.netty.channel.nio.AbstractNioChannel$AbstractNioUnsafe.finishConnect(AbstractNioChannel.java:340)
	at org.apache.ratis.thirdparty.io.netty.channel.nio.NioEventLoop.processSelectedKey(NioEventLoop.java:632)
	at org.apache.ratis.thirdparty.io.netty.channel.nio.NioEventLoop.processSelectedKeysOptimized(NioEventLoop.java:579)
	at org.apache.ratis.thirdparty.io.netty.channel.nio.NioEventLoop.processSelectedKeys(NioEventLoop.java:496)
	at org.apache.ratis.thirdparty.io.netty.channel.nio.NioEventLoop.run(NioEventLoop.java:458)
	at org.apache.ratis.thirdparty.io.netty.util.concurrent.SingleThreadEventExecutor$5.run(SingleThreadEventExecutor.java:897)
	at org.apache.ratis.thirdparty.io.netty.util.concurrent.FastThreadLocalRunnable.run(FastThreadLocalRunnable.java:30)
	... 1 more
Caused by: java.net.ConnectException: Connection refused
	... 11 more
2019-10-09 13:05:29,533 [a951a5ca-0ab5-470b-9716-44f820a131a6@group-FA60FACA7155:LeaderElection97] INFO  impl.LeaderElection (LogUtils.java:infoOrTrace(149)) - a951a5ca-0ab5-470b-9716-44f820a131a6@group-FA60FACA7155:LeaderElection97 got exception when requesting votes: {}
java.util.concurrent.ExecutionException: org.apache.ratis.thirdparty.io.grpc.StatusRuntimeException: UNAVAILABLE: io exception
	at java.util.concurrent.FutureTask.report(FutureTask.java:122)
	at java.util.concurrent.FutureTask.get(FutureTask.java:192)
	at org.apache.ratis.server.impl.LeaderElection.waitForResults(LeaderElection.java:263)
	at org.apache.ratis.server.impl.LeaderElection.askForVotes(LeaderElection.java:201)
	at org.apache.ratis.server.impl.LeaderElection.run(LeaderElection.java:133)
	at java.lang.Thread.run(Thread.java:748)
Caused by: org.apache.ratis.thirdparty.io.grpc.StatusRuntimeException: UNAVAILABLE: io exception
	at org.apache.ratis.thirdparty.io.grpc.stub.ClientCalls.toStatusRuntimeException(ClientCalls.java:233)
	at org.apache.ratis.thirdparty.io.grpc.stub.ClientCalls.getUnchecked(ClientCalls.java:214)
	at org.apache.ratis.thirdparty.io.grpc.stub.ClientCalls.blockingUnaryCall(ClientCalls.java:139)
	at org.apache.ratis.proto.grpc.RaftServerProtocolServiceGrpc$RaftServerProtocolServiceBlockingStub.requestVote(RaftServerProtocolServiceGrpc.java:265)
	at org.apache.ratis.grpc.server.GrpcServerProtocolClient.requestVote(GrpcServerProtocolClient.java:90)
	at org.apache.ratis.grpc.server.GrpcService.requestVote(GrpcService.java:204)
	at org.apache.ratis.server.impl.LeaderElection.lambda$submitRequests$1(LeaderElection.java:238)
	at java.util.concurrent.FutureTask.run(FutureTask.java:266)
	at java.util.concurrent.Executors$RunnableAdapter.call(Executors.java:511)
	at java.util.concurrent.FutureTask.run(FutureTask.java:266)
	at java.util.concurrent.ThreadPoolExecutor.runWorker(ThreadPoolExecutor.java:1149)
	at java.util.concurrent.ThreadPoolExecutor$Worker.run(ThreadPoolExecutor.java:624)
	... 1 more
Caused by: org.apache.ratis.thirdparty.io.netty.channel.AbstractChannel$AnnotatedConnectException: Connection refused: /192.168.5.175:43254
	at sun.nio.ch.SocketChannelImpl.checkConnect(Native Method)
	at sun.nio.ch.SocketChannelImpl.finishConnect(SocketChannelImpl.java:717)
	at org.apache.ratis.thirdparty.io.netty.channel.socket.nio.NioSocketChannel.doFinishConnect(NioSocketChannel.java:327)
	at org.apache.ratis.thirdparty.io.netty.channel.nio.AbstractNioChannel$AbstractNioUnsafe.finishConnect(AbstractNioChannel.java:340)
	at org.apache.ratis.thirdparty.io.netty.channel.nio.NioEventLoop.processSelectedKey(NioEventLoop.java:632)
	at org.apache.ratis.thirdparty.io.netty.channel.nio.NioEventLoop.processSelectedKeysOptimized(NioEventLoop.java:579)
	at org.apache.ratis.thirdparty.io.netty.channel.nio.NioEventLoop.processSelectedKeys(NioEventLoop.java:496)
	at org.apache.ratis.thirdparty.io.netty.channel.nio.NioEventLoop.run(NioEventLoop.java:458)
	at org.apache.ratis.thirdparty.io.netty.util.concurrent.SingleThreadEventExecutor$5.run(SingleThreadEventExecutor.java:897)
	at org.apache.ratis.thirdparty.io.netty.util.concurrent.FastThreadLocalRunnable.run(FastThreadLocalRunnable.java:30)
	... 1 more
Caused by: java.net.ConnectException: Connection refused
	... 11 more
2019-10-09 13:05:29,534 [a951a5ca-0ab5-470b-9716-44f820a131a6@group-FA60FACA7155:LeaderElection97] INFO  impl.LeaderElection (LeaderElection.java:logAndReturn(56)) - a951a5ca-0ab5-470b-9716-44f820a131a6@group-FA60FACA7155:LeaderElection97: Election REJECTED; received 0 response(s) [] and 2 exception(s); a951a5ca-0ab5-470b-9716-44f820a131a6@group-FA60FACA7155:t4, leader=null, voted=a951a5ca-0ab5-470b-9716-44f820a131a6, raftlog=a951a5ca-0ab5-470b-9716-44f820a131a6@group-FA60FACA7155-SegmentedRaftLog:OPENED:c0,f0,i0, conf=0: [194018c8-bd25-415f-9941-0e401fd1a71b:192.168.5.175:36608, 3eeab9a4-47d5-4980-9c6e-5102901e869a:192.168.5.175:43254, a951a5ca-0ab5-470b-9716-44f820a131a6:192.168.5.175:37446], old=null
2019-10-09 13:05:29,534 [a951a5ca-0ab5-470b-9716-44f820a131a6@group-FA60FACA7155:LeaderElection97] INFO  impl.LeaderElection (LogUtils.java:infoOrTrace(149)) -   Exception 0: {}
java.util.concurrent.ExecutionException: org.apache.ratis.thirdparty.io.grpc.StatusRuntimeException: UNAVAILABLE: io exception
	at java.util.concurrent.FutureTask.report(FutureTask.java:122)
	at java.util.concurrent.FutureTask.get(FutureTask.java:192)
	at org.apache.ratis.server.impl.LeaderElection.waitForResults(LeaderElection.java:263)
	at org.apache.ratis.server.impl.LeaderElection.askForVotes(LeaderElection.java:201)
	at org.apache.ratis.server.impl.LeaderElection.run(LeaderElection.java:133)
	at java.lang.Thread.run(Thread.java:748)
Caused by: org.apache.ratis.thirdparty.io.grpc.StatusRuntimeException: UNAVAILABLE: io exception
	at org.apache.ratis.thirdparty.io.grpc.stub.ClientCalls.toStatusRuntimeException(ClientCalls.java:233)
	at org.apache.ratis.thirdparty.io.grpc.stub.ClientCalls.getUnchecked(ClientCalls.java:214)
	at org.apache.ratis.thirdparty.io.grpc.stub.ClientCalls.blockingUnaryCall(ClientCalls.java:139)
	at org.apache.ratis.proto.grpc.RaftServerProtocolServiceGrpc$RaftServerProtocolServiceBlockingStub.requestVote(RaftServerProtocolServiceGrpc.java:265)
	at org.apache.ratis.grpc.server.GrpcServerProtocolClient.requestVote(GrpcServerProtocolClient.java:90)
	at org.apache.ratis.grpc.server.GrpcService.requestVote(GrpcService.java:204)
	at org.apache.ratis.server.impl.LeaderElection.lambda$submitRequests$1(LeaderElection.java:238)
	at java.util.concurrent.FutureTask.run(FutureTask.java:266)
	at java.util.concurrent.Executors$RunnableAdapter.call(Executors.java:511)
	at java.util.concurrent.FutureTask.run(FutureTask.java:266)
	at java.util.concurrent.ThreadPoolExecutor.runWorker(ThreadPoolExecutor.java:1149)
	at java.util.concurrent.ThreadPoolExecutor$Worker.run(ThreadPoolExecutor.java:624)
	... 1 more
Caused by: org.apache.ratis.thirdparty.io.netty.channel.AbstractChannel$AnnotatedConnectException: Connection refused: /192.168.5.175:36608
	at sun.nio.ch.SocketChannelImpl.checkConnect(Native Method)
	at sun.nio.ch.SocketChannelImpl.finishConnect(SocketChannelImpl.java:717)
	at org.apache.ratis.thirdparty.io.netty.channel.socket.nio.NioSocketChannel.doFinishConnect(NioSocketChannel.java:327)
	at org.apache.ratis.thirdparty.io.netty.channel.nio.AbstractNioChannel$AbstractNioUnsafe.finishConnect(AbstractNioChannel.java:340)
	at org.apache.ratis.thirdparty.io.netty.channel.nio.NioEventLoop.processSelectedKey(NioEventLoop.java:632)
	at org.apache.ratis.thirdparty.io.netty.channel.nio.NioEventLoop.processSelectedKeysOptimized(NioEventLoop.java:579)
	at org.apache.ratis.thirdparty.io.netty.channel.nio.NioEventLoop.processSelectedKeys(NioEventLoop.java:496)
	at org.apache.ratis.thirdparty.io.netty.channel.nio.NioEventLoop.run(NioEventLoop.java:458)
	at org.apache.ratis.thirdparty.io.netty.util.concurrent.SingleThreadEventExecutor$5.run(SingleThreadEventExecutor.java:897)
	at org.apache.ratis.thirdparty.io.netty.util.concurrent.FastThreadLocalRunnable.run(FastThreadLocalRunnable.java:30)
	... 1 more
Caused by: java.net.ConnectException: Connection refused
	... 11 more
2019-10-09 13:05:29,534 [a951a5ca-0ab5-470b-9716-44f820a131a6@group-FA60FACA7155:LeaderElection97] INFO  impl.LeaderElection (LogUtils.java:infoOrTrace(149)) -   Exception 1: {}
java.util.concurrent.ExecutionException: org.apache.ratis.thirdparty.io.grpc.StatusRuntimeException: UNAVAILABLE: io exception
	at java.util.concurrent.FutureTask.report(FutureTask.java:122)
	at java.util.concurrent.FutureTask.get(FutureTask.java:192)
	at org.apache.ratis.server.impl.LeaderElection.waitForResults(LeaderElection.java:263)
	at org.apache.ratis.server.impl.LeaderElection.askForVotes(LeaderElection.java:201)
	at org.apache.ratis.server.impl.LeaderElection.run(LeaderElection.java:133)
	at java.lang.Thread.run(Thread.java:748)
Caused by: org.apache.ratis.thirdparty.io.grpc.StatusRuntimeException: UNAVAILABLE: io exception
	at org.apache.ratis.thirdparty.io.grpc.stub.ClientCalls.toStatusRuntimeException(ClientCalls.java:233)
	at org.apache.ratis.thirdparty.io.grpc.stub.ClientCalls.getUnchecked(ClientCalls.java:214)
	at org.apache.ratis.thirdparty.io.grpc.stub.ClientCalls.blockingUnaryCall(ClientCalls.java:139)
	at org.apache.ratis.proto.grpc.RaftServerProtocolServiceGrpc$RaftServerProtocolServiceBlockingStub.requestVote(RaftServerProtocolServiceGrpc.java:265)
	at org.apache.ratis.grpc.server.GrpcServerProtocolClient.requestVote(GrpcServerProtocolClient.java:90)
	at org.apache.ratis.grpc.server.GrpcService.requestVote(GrpcService.java:204)
	at org.apache.ratis.server.impl.LeaderElection.lambda$submitRequests$1(LeaderElection.java:238)
	at java.util.concurrent.FutureTask.run(FutureTask.java:266)
	at java.util.concurrent.Executors$RunnableAdapter.call(Executors.java:511)
	at java.util.concurrent.FutureTask.run(FutureTask.java:266)
	at java.util.concurrent.ThreadPoolExecutor.runWorker(ThreadPoolExecutor.java:1149)
	at java.util.concurrent.ThreadPoolExecutor$Worker.run(ThreadPoolExecutor.java:624)
	... 1 more
Caused by: org.apache.ratis.thirdparty.io.netty.channel.AbstractChannel$AnnotatedConnectException: Connection refused: /192.168.5.175:43254
	at sun.nio.ch.SocketChannelImpl.checkConnect(Native Method)
	at sun.nio.ch.SocketChannelImpl.finishConnect(SocketChannelImpl.java:717)
	at org.apache.ratis.thirdparty.io.netty.channel.socket.nio.NioSocketChannel.doFinishConnect(NioSocketChannel.java:327)
	at org.apache.ratis.thirdparty.io.netty.channel.nio.AbstractNioChannel$AbstractNioUnsafe.finishConnect(AbstractNioChannel.java:340)
	at org.apache.ratis.thirdparty.io.netty.channel.nio.NioEventLoop.processSelectedKey(NioEventLoop.java:632)
	at org.apache.ratis.thirdparty.io.netty.channel.nio.NioEventLoop.processSelectedKeysOptimized(NioEventLoop.java:579)
	at org.apache.ratis.thirdparty.io.netty.channel.nio.NioEventLoop.processSelectedKeys(NioEventLoop.java:496)
	at org.apache.ratis.thirdparty.io.netty.channel.nio.NioEventLoop.run(NioEventLoop.java:458)
	at org.apache.ratis.thirdparty.io.netty.util.concurrent.SingleThreadEventExecutor$5.run(SingleThreadEventExecutor.java:897)
	at org.apache.ratis.thirdparty.io.netty.util.concurrent.FastThreadLocalRunnable.run(FastThreadLocalRunnable.java:30)
	... 1 more
Caused by: java.net.ConnectException: Connection refused
	... 11 more
2019-10-09 13:05:29,535 [a951a5ca-0ab5-470b-9716-44f820a131a6@group-FA60FACA7155:LeaderElection97] INFO  impl.RaftServerImpl (RaftServerImpl.java:setRole(174)) - a951a5ca-0ab5-470b-9716-44f820a131a6@group-FA60FACA7155: changes role from CANDIDATE to FOLLOWER at term 4 for DISCOVERED_A_NEW_TERM
2019-10-09 13:05:29,535 [a951a5ca-0ab5-470b-9716-44f820a131a6@group-FA60FACA7155:LeaderElection97] INFO  impl.RoleInfo (RoleInfo.java:shutdownLeaderElection(134)) - a951a5ca-0ab5-470b-9716-44f820a131a6: shutdown LeaderElection
2019-10-09 13:05:29,535 [a951a5ca-0ab5-470b-9716-44f820a131a6@group-FA60FACA7155:LeaderElection97] INFO  impl.RoleInfo (RoleInfo.java:updateAndGet(143)) - a951a5ca-0ab5-470b-9716-44f820a131a6: start FollowerState
2019-10-09 13:05:29,557 [Thread-1244] INFO  impl.FollowerState (FollowerState.java:run(106)) - a951a5ca-0ab5-470b-9716-44f820a131a6:group-351DCE0CA7C1 changes to CANDIDATE, lastRpcTime:7572, electionTimeout:5025ms
2019-10-09 13:05:29,558 [Thread-1244] INFO  impl.RoleInfo (RoleInfo.java:shutdownFollowerState(121)) - a951a5ca-0ab5-470b-9716-44f820a131a6: shutdown FollowerState
2019-10-09 13:05:29,558 [Thread-1244] INFO  impl.RaftServerImpl (RaftServerImpl.java:setRole(174)) - a951a5ca-0ab5-470b-9716-44f820a131a6@group-351DCE0CA7C1: changes role from  FOLLOWER to CANDIDATE at term 2 for changeToCandidate
2019-10-09 13:05:29,558 [Thread-1244] INFO  impl.RoleInfo (RoleInfo.java:updateAndGet(143)) - a951a5ca-0ab5-470b-9716-44f820a131a6: start LeaderElection
2019-10-09 13:05:29,558 [a951a5ca-0ab5-470b-9716-44f820a131a6@group-351DCE0CA7C1:LeaderElection98] INFO  impl.RaftServerImpl (ServerState.java:setLeader(253)) - a951a5ca-0ab5-470b-9716-44f820a131a6@group-351DCE0CA7C1: change Leader from 3eeab9a4-47d5-4980-9c6e-5102901e869a to null at term 2 for initElection
2019-10-09 13:05:29,571 [a951a5ca-0ab5-470b-9716-44f820a131a6@group-351DCE0CA7C1:LeaderElection98] INFO  impl.LeaderElection (LeaderElection.java:askForVotes(182)) - a951a5ca-0ab5-470b-9716-44f820a131a6@group-351DCE0CA7C1:LeaderElection98: begin an election at term 3 for 0: [194018c8-bd25-415f-9941-0e401fd1a71b:192.168.5.175:36608, a951a5ca-0ab5-470b-9716-44f820a131a6:192.168.5.175:37446, 3eeab9a4-47d5-4980-9c6e-5102901e869a:192.168.5.175:43254], old=null
2019-10-09 13:05:29,572 [a951a5ca-0ab5-470b-9716-44f820a131a6@group-351DCE0CA7C1:LeaderElection98] INFO  impl.LeaderElection (LogUtils.java:infoOrTrace(149)) - a951a5ca-0ab5-470b-9716-44f820a131a6@group-351DCE0CA7C1:LeaderElection98 got exception when requesting votes: {}
java.util.concurrent.ExecutionException: org.apache.ratis.thirdparty.io.grpc.StatusRuntimeException: UNAVAILABLE: io exception
	at java.util.concurrent.FutureTask.report(FutureTask.java:122)
	at java.util.concurrent.FutureTask.get(FutureTask.java:192)
	at org.apache.ratis.server.impl.LeaderElection.waitForResults(LeaderElection.java:263)
	at org.apache.ratis.server.impl.LeaderElection.askForVotes(LeaderElection.java:201)
	at org.apache.ratis.server.impl.LeaderElection.run(LeaderElection.java:133)
	at java.lang.Thread.run(Thread.java:748)
Caused by: org.apache.ratis.thirdparty.io.grpc.StatusRuntimeException: UNAVAILABLE: io exception
	at org.apache.ratis.thirdparty.io.grpc.stub.ClientCalls.toStatusRuntimeException(ClientCalls.java:233)
	at org.apache.ratis.thirdparty.io.grpc.stub.ClientCalls.getUnchecked(ClientCalls.java:214)
	at org.apache.ratis.thirdparty.io.grpc.stub.ClientCalls.blockingUnaryCall(ClientCalls.java:139)
	at org.apache.ratis.proto.grpc.RaftServerProtocolServiceGrpc$RaftServerProtocolServiceBlockingStub.requestVote(RaftServerProtocolServiceGrpc.java:265)
	at org.apache.ratis.grpc.server.GrpcServerProtocolClient.requestVote(GrpcServerProtocolClient.java:90)
	at org.apache.ratis.grpc.server.GrpcService.requestVote(GrpcService.java:204)
	at org.apache.ratis.server.impl.LeaderElection.lambda$submitRequests$1(LeaderElection.java:238)
	at java.util.concurrent.FutureTask.run(FutureTask.java:266)
	at java.util.concurrent.Executors$RunnableAdapter.call(Executors.java:511)
	at java.util.concurrent.FutureTask.run(FutureTask.java:266)
	at java.util.concurrent.ThreadPoolExecutor.runWorker(ThreadPoolExecutor.java:1149)
	at java.util.concurrent.ThreadPoolExecutor$Worker.run(ThreadPoolExecutor.java:624)
	... 1 more
Caused by: org.apache.ratis.thirdparty.io.netty.channel.AbstractChannel$AnnotatedConnectException: Connection refused: /192.168.5.175:36608
	at sun.nio.ch.SocketChannelImpl.checkConnect(Native Method)
	at sun.nio.ch.SocketChannelImpl.finishConnect(SocketChannelImpl.java:717)
	at org.apache.ratis.thirdparty.io.netty.channel.socket.nio.NioSocketChannel.doFinishConnect(NioSocketChannel.java:327)
	at org.apache.ratis.thirdparty.io.netty.channel.nio.AbstractNioChannel$AbstractNioUnsafe.finishConnect(AbstractNioChannel.java:340)
	at org.apache.ratis.thirdparty.io.netty.channel.nio.NioEventLoop.processSelectedKey(NioEventLoop.java:632)
	at org.apache.ratis.thirdparty.io.netty.channel.nio.NioEventLoop.processSelectedKeysOptimized(NioEventLoop.java:579)
	at org.apache.ratis.thirdparty.io.netty.channel.nio.NioEventLoop.processSelectedKeys(NioEventLoop.java:496)
	at org.apache.ratis.thirdparty.io.netty.channel.nio.NioEventLoop.run(NioEventLoop.java:458)
	at org.apache.ratis.thirdparty.io.netty.util.concurrent.SingleThreadEventExecutor$5.run(SingleThreadEventExecutor.java:897)
	at org.apache.ratis.thirdparty.io.netty.util.concurrent.FastThreadLocalRunnable.run(FastThreadLocalRunnable.java:30)
	... 1 more
Caused by: java.net.ConnectException: Connection refused
	... 11 more
2019-10-09 13:05:29,572 [a951a5ca-0ab5-470b-9716-44f820a131a6@group-351DCE0CA7C1:LeaderElection98] INFO  impl.LeaderElection (LogUtils.java:infoOrTrace(149)) - a951a5ca-0ab5-470b-9716-44f820a131a6@group-351DCE0CA7C1:LeaderElection98 got exception when requesting votes: {}
java.util.concurrent.ExecutionException: org.apache.ratis.thirdparty.io.grpc.StatusRuntimeException: UNAVAILABLE: io exception
	at java.util.concurrent.FutureTask.report(FutureTask.java:122)
	at java.util.concurrent.FutureTask.get(FutureTask.java:192)
	at org.apache.ratis.server.impl.LeaderElection.waitForResults(LeaderElection.java:263)
	at org.apache.ratis.server.impl.LeaderElection.askForVotes(LeaderElection.java:201)
	at org.apache.ratis.server.impl.LeaderElection.run(LeaderElection.java:133)
	at java.lang.Thread.run(Thread.java:748)
Caused by: org.apache.ratis.thirdparty.io.grpc.StatusRuntimeException: UNAVAILABLE: io exception
	at org.apache.ratis.thirdparty.io.grpc.stub.ClientCalls.toStatusRuntimeException(ClientCalls.java:233)
	at org.apache.ratis.thirdparty.io.grpc.stub.ClientCalls.getUnchecked(ClientCalls.java:214)
	at org.apache.ratis.thirdparty.io.grpc.stub.ClientCalls.blockingUnaryCall(ClientCalls.java:139)
	at org.apache.ratis.proto.grpc.RaftServerProtocolServiceGrpc$RaftServerProtocolServiceBlockingStub.requestVote(RaftServerProtocolServiceGrpc.java:265)
	at org.apache.ratis.grpc.server.GrpcServerProtocolClient.requestVote(GrpcServerProtocolClient.java:90)
	at org.apache.ratis.grpc.server.GrpcService.requestVote(GrpcService.java:204)
	at org.apache.ratis.server.impl.LeaderElection.lambda$submitRequests$1(LeaderElection.java:238)
	at java.util.concurrent.FutureTask.run(FutureTask.java:266)
	at java.util.concurrent.Executors$RunnableAdapter.call(Executors.java:511)
	at java.util.concurrent.FutureTask.run(FutureTask.java:266)
	at java.util.concurrent.ThreadPoolExecutor.runWorker(ThreadPoolExecutor.java:1149)
	at java.util.concurrent.ThreadPoolExecutor$Worker.run(ThreadPoolExecutor.java:624)
	... 1 more
Caused by: org.apache.ratis.thirdparty.io.netty.channel.AbstractChannel$AnnotatedConnectException: Connection refused: /192.168.5.175:43254
	at sun.nio.ch.SocketChannelImpl.checkConnect(Native Method)
	at sun.nio.ch.SocketChannelImpl.finishConnect(SocketChannelImpl.java:717)
	at org.apache.ratis.thirdparty.io.netty.channel.socket.nio.NioSocketChannel.doFinishConnect(NioSocketChannel.java:327)
	at org.apache.ratis.thirdparty.io.netty.channel.nio.AbstractNioChannel$AbstractNioUnsafe.finishConnect(AbstractNioChannel.java:340)
	at org.apache.ratis.thirdparty.io.netty.channel.nio.NioEventLoop.processSelectedKey(NioEventLoop.java:632)
	at org.apache.ratis.thirdparty.io.netty.channel.nio.NioEventLoop.processSelectedKeysOptimized(NioEventLoop.java:579)
	at org.apache.ratis.thirdparty.io.netty.channel.nio.NioEventLoop.processSelectedKeys(NioEventLoop.java:496)
	at org.apache.ratis.thirdparty.io.netty.channel.nio.NioEventLoop.run(NioEventLoop.java:458)
	at org.apache.ratis.thirdparty.io.netty.util.concurrent.SingleThreadEventExecutor$5.run(SingleThreadEventExecutor.java:897)
	at org.apache.ratis.thirdparty.io.netty.util.concurrent.FastThreadLocalRunnable.run(FastThreadLocalRunnable.java:30)
	... 1 more
Caused by: java.net.ConnectException: Connection refused
	... 11 more
2019-10-09 13:05:29,572 [a951a5ca-0ab5-470b-9716-44f820a131a6@group-351DCE0CA7C1:LeaderElection98] INFO  impl.LeaderElection (LeaderElection.java:logAndReturn(56)) - a951a5ca-0ab5-470b-9716-44f820a131a6@group-351DCE0CA7C1:LeaderElection98: Election REJECTED; received 0 response(s) [] and 2 exception(s); a951a5ca-0ab5-470b-9716-44f820a131a6@group-351DCE0CA7C1:t3, leader=null, voted=a951a5ca-0ab5-470b-9716-44f820a131a6, raftlog=a951a5ca-0ab5-470b-9716-44f820a131a6@group-351DCE0CA7C1-SegmentedRaftLog:OPENED:c0,f0,i0, conf=0: [194018c8-bd25-415f-9941-0e401fd1a71b:192.168.5.175:36608, a951a5ca-0ab5-470b-9716-44f820a131a6:192.168.5.175:37446, 3eeab9a4-47d5-4980-9c6e-5102901e869a:192.168.5.175:43254], old=null
2019-10-09 13:05:29,572 [a951a5ca-0ab5-470b-9716-44f820a131a6@group-351DCE0CA7C1:LeaderElection98] INFO  impl.LeaderElection (LogUtils.java:infoOrTrace(149)) -   Exception 0: {}
java.util.concurrent.ExecutionException: org.apache.ratis.thirdparty.io.grpc.StatusRuntimeException: UNAVAILABLE: io exception
	at java.util.concurrent.FutureTask.report(FutureTask.java:122)
	at java.util.concurrent.FutureTask.get(FutureTask.java:192)
	at org.apache.ratis.server.impl.LeaderElection.waitForResults(LeaderElection.java:263)
	at org.apache.ratis.server.impl.LeaderElection.askForVotes(LeaderElection.java:201)
	at org.apache.ratis.server.impl.LeaderElection.run(LeaderElection.java:133)
	at java.lang.Thread.run(Thread.java:748)
Caused by: org.apache.ratis.thirdparty.io.grpc.StatusRuntimeException: UNAVAILABLE: io exception
	at org.apache.ratis.thirdparty.io.grpc.stub.ClientCalls.toStatusRuntimeException(ClientCalls.java:233)
	at org.apache.ratis.thirdparty.io.grpc.stub.ClientCalls.getUnchecked(ClientCalls.java:214)
	at org.apache.ratis.thirdparty.io.grpc.stub.ClientCalls.blockingUnaryCall(ClientCalls.java:139)
	at org.apache.ratis.proto.grpc.RaftServerProtocolServiceGrpc$RaftServerProtocolServiceBlockingStub.requestVote(RaftServerProtocolServiceGrpc.java:265)
	at org.apache.ratis.grpc.server.GrpcServerProtocolClient.requestVote(GrpcServerProtocolClient.java:90)
	at org.apache.ratis.grpc.server.GrpcService.requestVote(GrpcService.java:204)
	at org.apache.ratis.server.impl.LeaderElection.lambda$submitRequests$1(LeaderElection.java:238)
	at java.util.concurrent.FutureTask.run(FutureTask.java:266)
	at java.util.concurrent.Executors$RunnableAdapter.call(Executors.java:511)
	at java.util.concurrent.FutureTask.run(FutureTask.java:266)
	at java.util.concurrent.ThreadPoolExecutor.runWorker(ThreadPoolExecutor.java:1149)
	at java.util.concurrent.ThreadPoolExecutor$Worker.run(ThreadPoolExecutor.java:624)
	... 1 more
Caused by: org.apache.ratis.thirdparty.io.netty.channel.AbstractChannel$AnnotatedConnectException: Connection refused: /192.168.5.175:36608
	at sun.nio.ch.SocketChannelImpl.checkConnect(Native Method)
	at sun.nio.ch.SocketChannelImpl.finishConnect(SocketChannelImpl.java:717)
	at org.apache.ratis.thirdparty.io.netty.channel.socket.nio.NioSocketChannel.doFinishConnect(NioSocketChannel.java:327)
	at org.apache.ratis.thirdparty.io.netty.channel.nio.AbstractNioChannel$AbstractNioUnsafe.finishConnect(AbstractNioChannel.java:340)
	at org.apache.ratis.thirdparty.io.netty.channel.nio.NioEventLoop.processSelectedKey(NioEventLoop.java:632)
	at org.apache.ratis.thirdparty.io.netty.channel.nio.NioEventLoop.processSelectedKeysOptimized(NioEventLoop.java:579)
	at org.apache.ratis.thirdparty.io.netty.channel.nio.NioEventLoop.processSelectedKeys(NioEventLoop.java:496)
	at org.apache.ratis.thirdparty.io.netty.channel.nio.NioEventLoop.run(NioEventLoop.java:458)
	at org.apache.ratis.thirdparty.io.netty.util.concurrent.SingleThreadEventExecutor$5.run(SingleThreadEventExecutor.java:897)
	at org.apache.ratis.thirdparty.io.netty.util.concurrent.FastThreadLocalRunnable.run(FastThreadLocalRunnable.java:30)
	... 1 more
Caused by: java.net.ConnectException: Connection refused
	... 11 more
2019-10-09 13:05:29,573 [a951a5ca-0ab5-470b-9716-44f820a131a6@group-351DCE0CA7C1:LeaderElection98] INFO  impl.LeaderElection (LogUtils.java:infoOrTrace(149)) -   Exception 1: {}
java.util.concurrent.ExecutionException: org.apache.ratis.thirdparty.io.grpc.StatusRuntimeException: UNAVAILABLE: io exception
	at java.util.concurrent.FutureTask.report(FutureTask.java:122)
	at java.util.concurrent.FutureTask.get(FutureTask.java:192)
	at org.apache.ratis.server.impl.LeaderElection.waitForResults(LeaderElection.java:263)
	at org.apache.ratis.server.impl.LeaderElection.askForVotes(LeaderElection.java:201)
	at org.apache.ratis.server.impl.LeaderElection.run(LeaderElection.java:133)
	at java.lang.Thread.run(Thread.java:748)
Caused by: org.apache.ratis.thirdparty.io.grpc.StatusRuntimeException: UNAVAILABLE: io exception
	at org.apache.ratis.thirdparty.io.grpc.stub.ClientCalls.toStatusRuntimeException(ClientCalls.java:233)
	at org.apache.ratis.thirdparty.io.grpc.stub.ClientCalls.getUnchecked(ClientCalls.java:214)
	at org.apache.ratis.thirdparty.io.grpc.stub.ClientCalls.blockingUnaryCall(ClientCalls.java:139)
	at org.apache.ratis.proto.grpc.RaftServerProtocolServiceGrpc$RaftServerProtocolServiceBlockingStub.requestVote(RaftServerProtocolServiceGrpc.java:265)
	at org.apache.ratis.grpc.server.GrpcServerProtocolClient.requestVote(GrpcServerProtocolClient.java:90)
	at org.apache.ratis.grpc.server.GrpcService.requestVote(GrpcService.java:204)
	at org.apache.ratis.server.impl.LeaderElection.lambda$submitRequests$1(LeaderElection.java:238)
	at java.util.concurrent.FutureTask.run(FutureTask.java:266)
	at java.util.concurrent.Executors$RunnableAdapter.call(Executors.java:511)
	at java.util.concurrent.FutureTask.run(FutureTask.java:266)
	at java.util.concurrent.ThreadPoolExecutor.runWorker(ThreadPoolExecutor.java:1149)
	at java.util.concurrent.ThreadPoolExecutor$Worker.run(ThreadPoolExecutor.java:624)
	... 1 more
Caused by: org.apache.ratis.thirdparty.io.netty.channel.AbstractChannel$AnnotatedConnectException: Connection refused: /192.168.5.175:43254
	at sun.nio.ch.SocketChannelImpl.checkConnect(Native Method)
	at sun.nio.ch.SocketChannelImpl.finishConnect(SocketChannelImpl.java:717)
	at org.apache.ratis.thirdparty.io.netty.channel.socket.nio.NioSocketChannel.doFinishConnect(NioSocketChannel.java:327)
	at org.apache.ratis.thirdparty.io.netty.channel.nio.AbstractNioChannel$AbstractNioUnsafe.finishConnect(AbstractNioChannel.java:340)
	at org.apache.ratis.thirdparty.io.netty.channel.nio.NioEventLoop.processSelectedKey(NioEventLoop.java:632)
	at org.apache.ratis.thirdparty.io.netty.channel.nio.NioEventLoop.processSelectedKeysOptimized(NioEventLoop.java:579)
	at org.apache.ratis.thirdparty.io.netty.channel.nio.NioEventLoop.processSelectedKeys(NioEventLoop.java:496)
	at org.apache.ratis.thirdparty.io.netty.channel.nio.NioEventLoop.run(NioEventLoop.java:458)
	at org.apache.ratis.thirdparty.io.netty.util.concurrent.SingleThreadEventExecutor$5.run(SingleThreadEventExecutor.java:897)
	at org.apache.ratis.thirdparty.io.netty.util.concurrent.FastThreadLocalRunnable.run(FastThreadLocalRunnable.java:30)
	... 1 more
Caused by: java.net.ConnectException: Connection refused
	... 11 more
2019-10-09 13:05:29,573 [a951a5ca-0ab5-470b-9716-44f820a131a6@group-351DCE0CA7C1:LeaderElection98] INFO  impl.RaftServerImpl (RaftServerImpl.java:setRole(174)) - a951a5ca-0ab5-470b-9716-44f820a131a6@group-351DCE0CA7C1: changes role from CANDIDATE to FOLLOWER at term 3 for DISCOVERED_A_NEW_TERM
2019-10-09 13:05:29,573 [a951a5ca-0ab5-470b-9716-44f820a131a6@group-351DCE0CA7C1:LeaderElection98] INFO  impl.RoleInfo (RoleInfo.java:shutdownLeaderElection(134)) - a951a5ca-0ab5-470b-9716-44f820a131a6: shutdown LeaderElection
2019-10-09 13:05:29,573 [a951a5ca-0ab5-470b-9716-44f820a131a6@group-351DCE0CA7C1:LeaderElection98] INFO  impl.RoleInfo (RoleInfo.java:updateAndGet(143)) - a951a5ca-0ab5-470b-9716-44f820a131a6: start FollowerState
2019-10-09 13:05:29,781 [Datanode State Machine Thread - 0] INFO  statemachine.DatanodeStateMachine (DatanodeStateMachine.java:lambda$startDaemon$0(350)) - Ozone container server started.
2019-10-09 13:05:31,430 [grpc-default-executor-21] WARN  server.GrpcLogAppender (LogUtils.java:warn(134)) - a951a5ca-0ab5-470b-9716-44f820a131a6@group-B09A4D417E08->3eeab9a4-47d5-4980-9c6e-5102901e869a-AppendLogResponseHandler: Failed appendEntries: org.apache.ratis.thirdparty.io.grpc.StatusRuntimeException: UNAVAILABLE: io exception
2019-10-09 13:05:31,431 [grpc-default-executor-21] INFO  impl.FollowerInfo (FollowerInfo.java:lambda$new$0(51)) - a951a5ca-0ab5-470b-9716-44f820a131a6@group-B09A4D417E08->3eeab9a4-47d5-4980-9c6e-5102901e869a: nextIndex: updateUnconditionally 0 -> 0
2019-10-09 13:05:31,440 [grpc-default-executor-21] WARN  server.GrpcLogAppender (LogUtils.java:warn(134)) - a951a5ca-0ab5-470b-9716-44f820a131a6@group-B09A4D417E08->194018c8-bd25-415f-9941-0e401fd1a71b-AppendLogResponseHandler: Failed appendEntries: org.apache.ratis.thirdparty.io.grpc.StatusRuntimeException: UNAVAILABLE: io exception
2019-10-09 13:05:31,440 [grpc-default-executor-21] INFO  impl.FollowerInfo (FollowerInfo.java:lambda$new$0(51)) - a951a5ca-0ab5-470b-9716-44f820a131a6@group-B09A4D417E08->194018c8-bd25-415f-9941-0e401fd1a71b: nextIndex: updateUnconditionally 0 -> 0
2019-10-09 13:05:31,659 [grpc-default-executor-16] WARN  server.GrpcLogAppender (LogUtils.java:warn(134)) - a951a5ca-0ab5-470b-9716-44f820a131a6@group-F081FF3511EB->3eeab9a4-47d5-4980-9c6e-5102901e869a-AppendLogResponseHandler: Failed appendEntries: org.apache.ratis.thirdparty.io.grpc.StatusRuntimeException: UNAVAILABLE: io exception
2019-10-09 13:05:31,659 [grpc-default-executor-7] WARN  server.GrpcLogAppender (LogUtils.java:warn(134)) - a951a5ca-0ab5-470b-9716-44f820a131a6@group-F081FF3511EB->194018c8-bd25-415f-9941-0e401fd1a71b-AppendLogResponseHandler: Failed appendEntries: org.apache.ratis.thirdparty.io.grpc.StatusRuntimeException: UNAVAILABLE: io exception
2019-10-09 13:05:31,660 [grpc-default-executor-16] INFO  impl.FollowerInfo (FollowerInfo.java:lambda$new$0(51)) - a951a5ca-0ab5-470b-9716-44f820a131a6@group-F081FF3511EB->3eeab9a4-47d5-4980-9c6e-5102901e869a: nextIndex: updateUnconditionally 0 -> 0
2019-10-09 13:05:31,660 [grpc-default-executor-7] INFO  impl.FollowerInfo (FollowerInfo.java:lambda$new$0(51)) - a951a5ca-0ab5-470b-9716-44f820a131a6@group-F081FF3511EB->194018c8-bd25-415f-9941-0e401fd1a71b: nextIndex: updateUnconditionally 2 -> 1
2019-10-09 13:05:31,674 [grpc-default-executor-17] WARN  server.GrpcLogAppender (LogUtils.java:warn(134)) - a951a5ca-0ab5-470b-9716-44f820a131a6@group-867FD2ADA018->194018c8-bd25-415f-9941-0e401fd1a71b-AppendLogResponseHandler: Failed appendEntries: org.apache.ratis.thirdparty.io.grpc.StatusRuntimeException: UNAVAILABLE: io exception
2019-10-09 13:05:31,675 [grpc-default-executor-17] INFO  impl.FollowerInfo (FollowerInfo.java:lambda$new$0(51)) - a951a5ca-0ab5-470b-9716-44f820a131a6@group-867FD2ADA018->194018c8-bd25-415f-9941-0e401fd1a71b: nextIndex: updateUnconditionally 0 -> 0
2019-10-09 13:05:31,683 [grpc-default-executor-16] WARN  server.GrpcLogAppender (LogUtils.java:warn(134)) - a951a5ca-0ab5-470b-9716-44f820a131a6@group-867FD2ADA018->3eeab9a4-47d5-4980-9c6e-5102901e869a-AppendLogResponseHandler: Failed appendEntries: org.apache.ratis.thirdparty.io.grpc.StatusRuntimeException: UNAVAILABLE: io exception
2019-10-09 13:05:31,683 [grpc-default-executor-16] INFO  impl.FollowerInfo (FollowerInfo.java:lambda$new$0(51)) - a951a5ca-0ab5-470b-9716-44f820a131a6@group-867FD2ADA018->3eeab9a4-47d5-4980-9c6e-5102901e869a: nextIndex: updateUnconditionally 0 -> 0
2019-10-09 13:05:33,805 [EventQueue-StaleNodeForStaleNodeHandler] INFO  node.StaleNodeHandler (StaleNodeHandler.java:onMessage(58)) - Datanode a951a5ca-0ab5-470b-9716-44f820a131a6{ip: 192.168.5.175, host: pr-hdds-1569-mfl88-1504498049, networkLocation: /default-rack, certSerialId: null} moved to stale state. Finalizing its pipelines [PipelineID=ecad9feb-35ca-4082-b7b2-9802512aa034, PipelineID=9d1fba23-819a-4399-aff0-fa60faca7155, PipelineID=efeb12e1-b1df-4135-b5eb-867fd2ada018, PipelineID=fa2dc125-e3cc-4ac5-85fd-52841dbed9c5, PipelineID=8e8e3dec-ac18-48dc-941a-f081ff3511eb, PipelineID=33a2bd62-eb4e-4a29-8c12-b09a4d417e08, PipelineID=81db0a56-23c9-45ae-b24c-351dce0ca7c1, PipelineID=d9b70c17-76ac-42f0-ae06-611ecb217b3f, PipelineID=a4b5fb1d-2135-408d-a6c6-279687b9e8c5, PipelineID=64310bd5-a2d3-4962-84b2-150b5479a3db]
2019-10-09 13:05:33,806 [EventQueue-StaleNodeForStaleNodeHandler] INFO  pipeline.SCMPipelineManager (SCMPipelineManager.java:finalizeAndDestroyPipeline(342)) - destroying pipeline:Pipeline[ Id: ecad9feb-35ca-4082-b7b2-9802512aa034, Nodes: a951a5ca-0ab5-470b-9716-44f820a131a6{ip: 192.168.5.175, host: pr-hdds-1569-mfl88-1504498049, networkLocation: /default-rack, certSerialId: null}3eeab9a4-47d5-4980-9c6e-5102901e869a{ip: 192.168.5.175, host: pr-hdds-1569-mfl88-1504498049, networkLocation: /default-rack, certSerialId: null}194018c8-bd25-415f-9941-0e401fd1a71b{ip: 192.168.5.175, host: pr-hdds-1569-mfl88-1504498049, networkLocation: /default-rack, certSerialId: null}, Type:RATIS, Factor:THREE, State:CLOSED]
2019-10-09 13:05:33,807 [EventQueue-StaleNodeForStaleNodeHandler] INFO  pipeline.SCMPipelineManager (SCMPipelineManager.java:finalizeAndDestroyPipeline(342)) - destroying pipeline:Pipeline[ Id: 9d1fba23-819a-4399-aff0-fa60faca7155, Nodes: 3eeab9a4-47d5-4980-9c6e-5102901e869a{ip: 192.168.5.175, host: pr-hdds-1569-mfl88-1504498049, networkLocation: /default-rack, certSerialId: null}194018c8-bd25-415f-9941-0e401fd1a71b{ip: 192.168.5.175, host: pr-hdds-1569-mfl88-1504498049, networkLocation: /default-rack, certSerialId: null}a951a5ca-0ab5-470b-9716-44f820a131a6{ip: 192.168.5.175, host: pr-hdds-1569-mfl88-1504498049, networkLocation: /default-rack, certSerialId: null}, Type:RATIS, Factor:THREE, State:CLOSED]
2019-10-09 13:05:33,807 [EventQueue-StaleNodeForStaleNodeHandler] INFO  pipeline.SCMPipelineManager (SCMPipelineManager.java:finalizeAndDestroyPipeline(342)) - destroying pipeline:Pipeline[ Id: efeb12e1-b1df-4135-b5eb-867fd2ada018, Nodes: 3eeab9a4-47d5-4980-9c6e-5102901e869a{ip: 192.168.5.175, host: pr-hdds-1569-mfl88-1504498049, networkLocation: /default-rack, certSerialId: null}a951a5ca-0ab5-470b-9716-44f820a131a6{ip: 192.168.5.175, host: pr-hdds-1569-mfl88-1504498049, networkLocation: /default-rack, certSerialId: null}194018c8-bd25-415f-9941-0e401fd1a71b{ip: 192.168.5.175, host: pr-hdds-1569-mfl88-1504498049, networkLocation: /default-rack, certSerialId: null}, Type:RATIS, Factor:THREE, State:CLOSED]
2019-10-09 13:05:33,807 [EventQueue-StaleNodeForStaleNodeHandler] INFO  pipeline.SCMPipelineManager (SCMPipelineManager.java:finalizeAndDestroyPipeline(342)) - destroying pipeline:Pipeline[ Id: fa2dc125-e3cc-4ac5-85fd-52841dbed9c5, Nodes: a951a5ca-0ab5-470b-9716-44f820a131a6{ip: 192.168.5.175, host: pr-hdds-1569-mfl88-1504498049, networkLocation: /default-rack, certSerialId: null}, Type:RATIS, Factor:ONE, State:OPEN]
2019-10-09 13:05:33,807 [EventQueue-StaleNodeForStaleNodeHandler] INFO  pipeline.PipelineStateManager (PipelineStateManager.java:finalizePipeline(123)) - Pipeline Pipeline[ Id: fa2dc125-e3cc-4ac5-85fd-52841dbed9c5, Nodes: a951a5ca-0ab5-470b-9716-44f820a131a6{ip: 192.168.5.175, host: pr-hdds-1569-mfl88-1504498049, networkLocation: /default-rack, certSerialId: null}, Type:RATIS, Factor:ONE, State:CLOSED] moved to CLOSED state
2019-10-09 13:05:33,807 [EventQueue-StaleNodeForStaleNodeHandler] INFO  pipeline.SCMPipelineManager (SCMPipelineManager.java:finalizeAndDestroyPipeline(342)) - destroying pipeline:Pipeline[ Id: 8e8e3dec-ac18-48dc-941a-f081ff3511eb, Nodes: 3eeab9a4-47d5-4980-9c6e-5102901e869a{ip: 192.168.5.175, host: pr-hdds-1569-mfl88-1504498049, networkLocation: /default-rack, certSerialId: null}194018c8-bd25-415f-9941-0e401fd1a71b{ip: 192.168.5.175, host: pr-hdds-1569-mfl88-1504498049, networkLocation: /default-rack, certSerialId: null}a951a5ca-0ab5-470b-9716-44f820a131a6{ip: 192.168.5.175, host: pr-hdds-1569-mfl88-1504498049, networkLocation: /default-rack, certSerialId: null}, Type:RATIS, Factor:THREE, State:CLOSED]
2019-10-09 13:05:33,808 [EventQueue-StaleNodeForStaleNodeHandler] INFO  pipeline.SCMPipelineManager (SCMPipelineManager.java:finalizeAndDestroyPipeline(342)) - destroying pipeline:Pipeline[ Id: 33a2bd62-eb4e-4a29-8c12-b09a4d417e08, Nodes: a951a5ca-0ab5-470b-9716-44f820a131a6{ip: 192.168.5.175, host: pr-hdds-1569-mfl88-1504498049, networkLocation: /default-rack, certSerialId: null}194018c8-bd25-415f-9941-0e401fd1a71b{ip: 192.168.5.175, host: pr-hdds-1569-mfl88-1504498049, networkLocation: /default-rack, certSerialId: null}3eeab9a4-47d5-4980-9c6e-5102901e869a{ip: 192.168.5.175, host: pr-hdds-1569-mfl88-1504498049, networkLocation: /default-rack, certSerialId: null}, Type:RATIS, Factor:THREE, State:CLOSED]
2019-10-09 13:05:33,808 [EventQueue-StaleNodeForStaleNodeHandler] INFO  pipeline.SCMPipelineManager (SCMPipelineManager.java:finalizeAndDestroyPipeline(342)) - destroying pipeline:Pipeline[ Id: 81db0a56-23c9-45ae-b24c-351dce0ca7c1, Nodes: a951a5ca-0ab5-470b-9716-44f820a131a6{ip: 192.168.5.175, host: pr-hdds-1569-mfl88-1504498049, networkLocation: /default-rack, certSerialId: null}194018c8-bd25-415f-9941-0e401fd1a71b{ip: 192.168.5.175, host: pr-hdds-1569-mfl88-1504498049, networkLocation: /default-rack, certSerialId: null}3eeab9a4-47d5-4980-9c6e-5102901e869a{ip: 192.168.5.175, host: pr-hdds-1569-mfl88-1504498049, networkLocation: /default-rack, certSerialId: null}, Type:RATIS, Factor:THREE, State:CLOSED]
2019-10-09 13:05:33,808 [EventQueue-StaleNodeForStaleNodeHandler] INFO  pipeline.SCMPipelineManager (SCMPipelineManager.java:finalizeAndDestroyPipeline(342)) - destroying pipeline:Pipeline[ Id: d9b70c17-76ac-42f0-ae06-611ecb217b3f, Nodes: a951a5ca-0ab5-470b-9716-44f820a131a6{ip: 192.168.5.175, host: pr-hdds-1569-mfl88-1504498049, networkLocation: /default-rack, certSerialId: null}194018c8-bd25-415f-9941-0e401fd1a71b{ip: 192.168.5.175, host: pr-hdds-1569-mfl88-1504498049, networkLocation: /default-rack, certSerialId: null}3eeab9a4-47d5-4980-9c6e-5102901e869a{ip: 192.168.5.175, host: pr-hdds-1569-mfl88-1504498049, networkLocation: /default-rack, certSerialId: null}, Type:RATIS, Factor:THREE, State:CLOSED]
2019-10-09 13:05:33,808 [EventQueue-StaleNodeForStaleNodeHandler] INFO  pipeline.SCMPipelineManager (SCMPipelineManager.java:finalizeAndDestroyPipeline(342)) - destroying pipeline:Pipeline[ Id: a4b5fb1d-2135-408d-a6c6-279687b9e8c5, Nodes: a951a5ca-0ab5-470b-9716-44f820a131a6{ip: 192.168.5.175, host: pr-hdds-1569-mfl88-1504498049, networkLocation: /default-rack, certSerialId: null}194018c8-bd25-415f-9941-0e401fd1a71b{ip: 192.168.5.175, host: pr-hdds-1569-mfl88-1504498049, networkLocation: /default-rack, certSerialId: null}3eeab9a4-47d5-4980-9c6e-5102901e869a{ip: 192.168.5.175, host: pr-hdds-1569-mfl88-1504498049, networkLocation: /default-rack, certSerialId: null}, Type:RATIS, Factor:THREE, State:CLOSED]
2019-10-09 13:05:33,808 [EventQueue-StaleNodeForStaleNodeHandler] INFO  pipeline.SCMPipelineManager (SCMPipelineManager.java:finalizeAndDestroyPipeline(342)) - destroying pipeline:Pipeline[ Id: 64310bd5-a2d3-4962-84b2-150b5479a3db, Nodes: 194018c8-bd25-415f-9941-0e401fd1a71b{ip: 192.168.5.175, host: pr-hdds-1569-mfl88-1504498049, networkLocation: /default-rack, certSerialId: null}a951a5ca-0ab5-470b-9716-44f820a131a6{ip: 192.168.5.175, host: pr-hdds-1569-mfl88-1504498049, networkLocation: /default-rack, certSerialId: null}3eeab9a4-47d5-4980-9c6e-5102901e869a{ip: 192.168.5.175, host: pr-hdds-1569-mfl88-1504498049, networkLocation: /default-rack, certSerialId: null}, Type:RATIS, Factor:THREE, State:CLOSED]
2019-10-09 13:05:33,876 [Thread-1021] INFO  impl.FollowerState (FollowerState.java:run(106)) - a951a5ca-0ab5-470b-9716-44f820a131a6:group-611ECB217B3F changes to CANDIDATE, lastRpcTime:5072, electionTimeout:5040ms
2019-10-09 13:05:33,877 [Thread-1021] INFO  impl.RoleInfo (RoleInfo.java:shutdownFollowerState(121)) - a951a5ca-0ab5-470b-9716-44f820a131a6: shutdown FollowerState
2019-10-09 13:05:33,878 [Thread-1021] INFO  impl.RaftServerImpl (RaftServerImpl.java:setRole(174)) - a951a5ca-0ab5-470b-9716-44f820a131a6@group-611ECB217B3F: changes role from  FOLLOWER to CANDIDATE at term 1 for changeToCandidate
2019-10-09 13:05:33,878 [Thread-1021] INFO  impl.RoleInfo (RoleInfo.java:updateAndGet(143)) - a951a5ca-0ab5-470b-9716-44f820a131a6: start LeaderElection
2019-10-09 13:05:33,879 [a951a5ca-0ab5-470b-9716-44f820a131a6@group-611ECB217B3F:LeaderElection99] INFO  impl.RaftServerImpl (ServerState.java:setLeader(253)) - a951a5ca-0ab5-470b-9716-44f820a131a6@group-611ECB217B3F: change Leader from 194018c8-bd25-415f-9941-0e401fd1a71b to null at term 1 for initElection
2019-10-09 13:05:33,894 [a951a5ca-0ab5-470b-9716-44f820a131a6@group-611ECB217B3F:LeaderElection99] INFO  impl.LeaderElection (LeaderElection.java:askForVotes(182)) - a951a5ca-0ab5-470b-9716-44f820a131a6@group-611ECB217B3F:LeaderElection99: begin an election at term 2 for 0: [194018c8-bd25-415f-9941-0e401fd1a71b:192.168.5.175:36608, a951a5ca-0ab5-470b-9716-44f820a131a6:192.168.5.175:37446, 3eeab9a4-47d5-4980-9c6e-5102901e869a:192.168.5.175:43254], old=null
2019-10-09 13:05:33,902 [a951a5ca-0ab5-470b-9716-44f820a131a6@group-611ECB217B3F:LeaderElection99] INFO  impl.LeaderElection (LogUtils.java:infoOrTrace(149)) - a951a5ca-0ab5-470b-9716-44f820a131a6@group-611ECB217B3F:LeaderElection99 got exception when requesting votes: {}
java.util.concurrent.ExecutionException: org.apache.ratis.thirdparty.io.grpc.StatusRuntimeException: UNAVAILABLE: io exception
	at java.util.concurrent.FutureTask.report(FutureTask.java:122)
	at java.util.concurrent.FutureTask.get(FutureTask.java:192)
	at org.apache.ratis.server.impl.LeaderElection.waitForResults(LeaderElection.java:263)
	at org.apache.ratis.server.impl.LeaderElection.askForVotes(LeaderElection.java:201)
	at org.apache.ratis.server.impl.LeaderElection.run(LeaderElection.java:133)
	at java.lang.Thread.run(Thread.java:748)
Caused by: org.apache.ratis.thirdparty.io.grpc.StatusRuntimeException: UNAVAILABLE: io exception
	at org.apache.ratis.thirdparty.io.grpc.stub.ClientCalls.toStatusRuntimeException(ClientCalls.java:233)
	at org.apache.ratis.thirdparty.io.grpc.stub.ClientCalls.getUnchecked(ClientCalls.java:214)
	at org.apache.ratis.thirdparty.io.grpc.stub.ClientCalls.blockingUnaryCall(ClientCalls.java:139)
	at org.apache.ratis.proto.grpc.RaftServerProtocolServiceGrpc$RaftServerProtocolServiceBlockingStub.requestVote(RaftServerProtocolServiceGrpc.java:265)
	at org.apache.ratis.grpc.server.GrpcServerProtocolClient.requestVote(GrpcServerProtocolClient.java:90)
	at org.apache.ratis.grpc.server.GrpcService.requestVote(GrpcService.java:204)
	at org.apache.ratis.server.impl.LeaderElection.lambda$submitRequests$1(LeaderElection.java:238)
	at java.util.concurrent.FutureTask.run(FutureTask.java:266)
	at java.util.concurrent.Executors$RunnableAdapter.call(Executors.java:511)
	at java.util.concurrent.FutureTask.run(FutureTask.java:266)
	at java.util.concurrent.ThreadPoolExecutor.runWorker(ThreadPoolExecutor.java:1149)
	at java.util.concurrent.ThreadPoolExecutor$Worker.run(ThreadPoolExecutor.java:624)
	... 1 more
Caused by: org.apache.ratis.thirdparty.io.netty.channel.AbstractChannel$AnnotatedConnectException: Connection refused: /192.168.5.175:36608
	at sun.nio.ch.SocketChannelImpl.checkConnect(Native Method)
	at sun.nio.ch.SocketChannelImpl.finishConnect(SocketChannelImpl.java:717)
	at org.apache.ratis.thirdparty.io.netty.channel.socket.nio.NioSocketChannel.doFinishConnect(NioSocketChannel.java:327)
	at org.apache.ratis.thirdparty.io.netty.channel.nio.AbstractNioChannel$AbstractNioUnsafe.finishConnect(AbstractNioChannel.java:340)
	at org.apache.ratis.thirdparty.io.netty.channel.nio.NioEventLoop.processSelectedKey(NioEventLoop.java:632)
	at org.apache.ratis.thirdparty.io.netty.channel.nio.NioEventLoop.processSelectedKeysOptimized(NioEventLoop.java:579)
	at org.apache.ratis.thirdparty.io.netty.channel.nio.NioEventLoop.processSelectedKeys(NioEventLoop.java:496)
	at org.apache.ratis.thirdparty.io.netty.channel.nio.NioEventLoop.run(NioEventLoop.java:458)
	at org.apache.ratis.thirdparty.io.netty.util.concurrent.SingleThreadEventExecutor$5.run(SingleThreadEventExecutor.java:897)
	at org.apache.ratis.thirdparty.io.netty.util.concurrent.FastThreadLocalRunnable.run(FastThreadLocalRunnable.java:30)
	... 1 more
Caused by: java.net.ConnectException: Connection refused
	... 11 more
2019-10-09 13:05:33,903 [a951a5ca-0ab5-470b-9716-44f820a131a6@group-611ECB217B3F:LeaderElection99] INFO  impl.LeaderElection (LogUtils.java:infoOrTrace(149)) - a951a5ca-0ab5-470b-9716-44f820a131a6@group-611ECB217B3F:LeaderElection99 got exception when requesting votes: {}
java.util.concurrent.ExecutionException: org.apache.ratis.thirdparty.io.grpc.StatusRuntimeException: UNAVAILABLE: io exception
	at java.util.concurrent.FutureTask.report(FutureTask.java:122)
	at java.util.concurrent.FutureTask.get(FutureTask.java:192)
	at org.apache.ratis.server.impl.LeaderElection.waitForResults(LeaderElection.java:263)
	at org.apache.ratis.server.impl.LeaderElection.askForVotes(LeaderElection.java:201)
	at org.apache.ratis.server.impl.LeaderElection.run(LeaderElection.java:133)
	at java.lang.Thread.run(Thread.java:748)
Caused by: org.apache.ratis.thirdparty.io.grpc.StatusRuntimeException: UNAVAILABLE: io exception
	at org.apache.ratis.thirdparty.io.grpc.stub.ClientCalls.toStatusRuntimeException(ClientCalls.java:233)
	at org.apache.ratis.thirdparty.io.grpc.stub.ClientCalls.getUnchecked(ClientCalls.java:214)
	at org.apache.ratis.thirdparty.io.grpc.stub.ClientCalls.blockingUnaryCall(ClientCalls.java:139)
	at org.apache.ratis.proto.grpc.RaftServerProtocolServiceGrpc$RaftServerProtocolServiceBlockingStub.requestVote(RaftServerProtocolServiceGrpc.java:265)
	at org.apache.ratis.grpc.server.GrpcServerProtocolClient.requestVote(GrpcServerProtocolClient.java:90)
	at org.apache.ratis.grpc.server.GrpcService.requestVote(GrpcService.java:204)
	at org.apache.ratis.server.impl.LeaderElection.lambda$submitRequests$1(LeaderElection.java:238)
	at java.util.concurrent.FutureTask.run(FutureTask.java:266)
	at java.util.concurrent.Executors$RunnableAdapter.call(Executors.java:511)
	at java.util.concurrent.FutureTask.run(FutureTask.java:266)
	at java.util.concurrent.ThreadPoolExecutor.runWorker(ThreadPoolExecutor.java:1149)
	at java.util.concurrent.ThreadPoolExecutor$Worker.run(ThreadPoolExecutor.java:624)
	... 1 more
Caused by: org.apache.ratis.thirdparty.io.netty.channel.AbstractChannel$AnnotatedConnectException: Connection refused: /192.168.5.175:43254
	at sun.nio.ch.SocketChannelImpl.checkConnect(Native Method)
	at sun.nio.ch.SocketChannelImpl.finishConnect(SocketChannelImpl.java:717)
	at org.apache.ratis.thirdparty.io.netty.channel.socket.nio.NioSocketChannel.doFinishConnect(NioSocketChannel.java:327)
	at org.apache.ratis.thirdparty.io.netty.channel.nio.AbstractNioChannel$AbstractNioUnsafe.finishConnect(AbstractNioChannel.java:340)
	at org.apache.ratis.thirdparty.io.netty.channel.nio.NioEventLoop.processSelectedKey(NioEventLoop.java:632)
	at org.apache.ratis.thirdparty.io.netty.channel.nio.NioEventLoop.processSelectedKeysOptimized(NioEventLoop.java:579)
	at org.apache.ratis.thirdparty.io.netty.channel.nio.NioEventLoop.processSelectedKeys(NioEventLoop.java:496)
	at org.apache.ratis.thirdparty.io.netty.channel.nio.NioEventLoop.run(NioEventLoop.java:458)
	at org.apache.ratis.thirdparty.io.netty.util.concurrent.SingleThreadEventExecutor$5.run(SingleThreadEventExecutor.java:897)
	at org.apache.ratis.thirdparty.io.netty.util.concurrent.FastThreadLocalRunnable.run(FastThreadLocalRunnable.java:30)
	... 1 more
Caused by: java.net.ConnectException: Connection refused
	... 11 more
2019-10-09 13:05:33,904 [a951a5ca-0ab5-470b-9716-44f820a131a6@group-611ECB217B3F:LeaderElection99] INFO  impl.LeaderElection (LeaderElection.java:logAndReturn(56)) - a951a5ca-0ab5-470b-9716-44f820a131a6@group-611ECB217B3F:LeaderElection99: Election REJECTED; received 0 response(s) [] and 2 exception(s); a951a5ca-0ab5-470b-9716-44f820a131a6@group-611ECB217B3F:t2, leader=null, voted=a951a5ca-0ab5-470b-9716-44f820a131a6, raftlog=a951a5ca-0ab5-470b-9716-44f820a131a6@group-611ECB217B3F-SegmentedRaftLog:OPENED:c4,f4,i4, conf=0: [194018c8-bd25-415f-9941-0e401fd1a71b:192.168.5.175:36608, a951a5ca-0ab5-470b-9716-44f820a131a6:192.168.5.175:37446, 3eeab9a4-47d5-4980-9c6e-5102901e869a:192.168.5.175:43254], old=null
2019-10-09 13:05:33,904 [a951a5ca-0ab5-470b-9716-44f820a131a6@group-611ECB217B3F:LeaderElection99] INFO  impl.LeaderElection (LogUtils.java:infoOrTrace(149)) -   Exception 0: {}
java.util.concurrent.ExecutionException: org.apache.ratis.thirdparty.io.grpc.StatusRuntimeException: UNAVAILABLE: io exception
	at java.util.concurrent.FutureTask.report(FutureTask.java:122)
	at java.util.concurrent.FutureTask.get(FutureTask.java:192)
	at org.apache.ratis.server.impl.LeaderElection.waitForResults(LeaderElection.java:263)
	at org.apache.ratis.server.impl.LeaderElection.askForVotes(LeaderElection.java:201)
	at org.apache.ratis.server.impl.LeaderElection.run(LeaderElection.java:133)
	at java.lang.Thread.run(Thread.java:748)
Caused by: org.apache.ratis.thirdparty.io.grpc.StatusRuntimeException: UNAVAILABLE: io exception
	at org.apache.ratis.thirdparty.io.grpc.stub.ClientCalls.toStatusRuntimeException(ClientCalls.java:233)
	at org.apache.ratis.thirdparty.io.grpc.stub.ClientCalls.getUnchecked(ClientCalls.java:214)
	at org.apache.ratis.thirdparty.io.grpc.stub.ClientCalls.blockingUnaryCall(ClientCalls.java:139)
	at org.apache.ratis.proto.grpc.RaftServerProtocolServiceGrpc$RaftServerProtocolServiceBlockingStub.requestVote(RaftServerProtocolServiceGrpc.java:265)
	at org.apache.ratis.grpc.server.GrpcServerProtocolClient.requestVote(GrpcServerProtocolClient.java:90)
	at org.apache.ratis.grpc.server.GrpcService.requestVote(GrpcService.java:204)
	at org.apache.ratis.server.impl.LeaderElection.lambda$submitRequests$1(LeaderElection.java:238)
	at java.util.concurrent.FutureTask.run(FutureTask.java:266)
	at java.util.concurrent.Executors$RunnableAdapter.call(Executors.java:511)
	at java.util.concurrent.FutureTask.run(FutureTask.java:266)
	at java.util.concurrent.ThreadPoolExecutor.runWorker(ThreadPoolExecutor.java:1149)
	at java.util.concurrent.ThreadPoolExecutor$Worker.run(ThreadPoolExecutor.java:624)
	... 1 more
Caused by: org.apache.ratis.thirdparty.io.netty.channel.AbstractChannel$AnnotatedConnectException: Connection refused: /192.168.5.175:36608
	at sun.nio.ch.SocketChannelImpl.checkConnect(Native Method)
	at sun.nio.ch.SocketChannelImpl.finishConnect(SocketChannelImpl.java:717)
	at org.apache.ratis.thirdparty.io.netty.channel.socket.nio.NioSocketChannel.doFinishConnect(NioSocketChannel.java:327)
	at org.apache.ratis.thirdparty.io.netty.channel.nio.AbstractNioChannel$AbstractNioUnsafe.finishConnect(AbstractNioChannel.java:340)
	at org.apache.ratis.thirdparty.io.netty.channel.nio.NioEventLoop.processSelectedKey(NioEventLoop.java:632)
	at org.apache.ratis.thirdparty.io.netty.channel.nio.NioEventLoop.processSelectedKeysOptimized(NioEventLoop.java:579)
	at org.apache.ratis.thirdparty.io.netty.channel.nio.NioEventLoop.processSelectedKeys(NioEventLoop.java:496)
	at org.apache.ratis.thirdparty.io.netty.channel.nio.NioEventLoop.run(NioEventLoop.java:458)
	at org.apache.ratis.thirdparty.io.netty.util.concurrent.SingleThreadEventExecutor$5.run(SingleThreadEventExecutor.java:897)
	at org.apache.ratis.thirdparty.io.netty.util.concurrent.FastThreadLocalRunnable.run(FastThreadLocalRunnable.java:30)
	... 1 more
Caused by: java.net.ConnectException: Connection refused
	... 11 more
2019-10-09 13:05:33,904 [a951a5ca-0ab5-470b-9716-44f820a131a6@group-611ECB217B3F:LeaderElection99] INFO  impl.LeaderElection (LogUtils.java:infoOrTrace(149)) -   Exception 1: {}
java.util.concurrent.ExecutionException: org.apache.ratis.thirdparty.io.grpc.StatusRuntimeException: UNAVAILABLE: io exception
	at java.util.concurrent.FutureTask.report(FutureTask.java:122)
	at java.util.concurrent.FutureTask.get(FutureTask.java:192)
	at org.apache.ratis.server.impl.LeaderElection.waitForResults(LeaderElection.java:263)
	at org.apache.ratis.server.impl.LeaderElection.askForVotes(LeaderElection.java:201)
	at org.apache.ratis.server.impl.LeaderElection.run(LeaderElection.java:133)
	at java.lang.Thread.run(Thread.java:748)
Caused by: org.apache.ratis.thirdparty.io.grpc.StatusRuntimeException: UNAVAILABLE: io exception
	at org.apache.ratis.thirdparty.io.grpc.stub.ClientCalls.toStatusRuntimeException(ClientCalls.java:233)
	at org.apache.ratis.thirdparty.io.grpc.stub.ClientCalls.getUnchecked(ClientCalls.java:214)
	at org.apache.ratis.thirdparty.io.grpc.stub.ClientCalls.blockingUnaryCall(ClientCalls.java:139)
	at org.apache.ratis.proto.grpc.RaftServerProtocolServiceGrpc$RaftServerProtocolServiceBlockingStub.requestVote(RaftServerProtocolServiceGrpc.java:265)
	at org.apache.ratis.grpc.server.GrpcServerProtocolClient.requestVote(GrpcServerProtocolClient.java:90)
	at org.apache.ratis.grpc.server.GrpcService.requestVote(GrpcService.java:204)
	at org.apache.ratis.server.impl.LeaderElection.lambda$submitRequests$1(LeaderElection.java:238)
	at java.util.concurrent.FutureTask.run(FutureTask.java:266)
	at java.util.concurrent.Executors$RunnableAdapter.call(Executors.java:511)
	at java.util.concurrent.FutureTask.run(FutureTask.java:266)
	at java.util.concurrent.ThreadPoolExecutor.runWorker(ThreadPoolExecutor.java:1149)
	at java.util.concurrent.ThreadPoolExecutor$Worker.run(ThreadPoolExecutor.java:624)
	... 1 more
Caused by: org.apache.ratis.thirdparty.io.netty.channel.AbstractChannel$AnnotatedConnectException: Connection refused: /192.168.5.175:43254
	at sun.nio.ch.SocketChannelImpl.checkConnect(Native Method)
	at sun.nio.ch.SocketChannelImpl.finishConnect(SocketChannelImpl.java:717)
	at org.apache.ratis.thirdparty.io.netty.channel.socket.nio.NioSocketChannel.doFinishConnect(NioSocketChannel.java:327)
	at org.apache.ratis.thirdparty.io.netty.channel.nio.AbstractNioChannel$AbstractNioUnsafe.finishConnect(AbstractNioChannel.java:340)
	at org.apache.ratis.thirdparty.io.netty.channel.nio.NioEventLoop.processSelectedKey(NioEventLoop.java:632)
	at org.apache.ratis.thirdparty.io.netty.channel.nio.NioEventLoop.processSelectedKeysOptimized(NioEventLoop.java:579)
	at org.apache.ratis.thirdparty.io.netty.channel.nio.NioEventLoop.processSelectedKeys(NioEventLoop.java:496)
	at org.apache.ratis.thirdparty.io.netty.channel.nio.NioEventLoop.run(NioEventLoop.java:458)
	at org.apache.ratis.thirdparty.io.netty.util.concurrent.SingleThreadEventExecutor$5.run(SingleThreadEventExecutor.java:897)
	at org.apache.ratis.thirdparty.io.netty.util.concurrent.FastThreadLocalRunnable.run(FastThreadLocalRunnable.java:30)
	... 1 more
Caused by: java.net.ConnectException: Connection refused
	... 11 more
2019-10-09 13:05:33,905 [a951a5ca-0ab5-470b-9716-44f820a131a6@group-611ECB217B3F:LeaderElection99] INFO  impl.RaftServerImpl (RaftServerImpl.java:setRole(174)) - a951a5ca-0ab5-470b-9716-44f820a131a6@group-611ECB217B3F: changes role from CANDIDATE to FOLLOWER at term 2 for DISCOVERED_A_NEW_TERM
2019-10-09 13:05:33,905 [a951a5ca-0ab5-470b-9716-44f820a131a6@group-611ECB217B3F:LeaderElection99] INFO  impl.RoleInfo (RoleInfo.java:shutdownLeaderElection(134)) - a951a5ca-0ab5-470b-9716-44f820a131a6: shutdown LeaderElection
2019-10-09 13:05:33,906 [a951a5ca-0ab5-470b-9716-44f820a131a6@group-611ECB217B3F:LeaderElection99] INFO  impl.RoleInfo (RoleInfo.java:updateAndGet(143)) - a951a5ca-0ab5-470b-9716-44f820a131a6: start FollowerState
2019-10-09 13:05:33,932 [grpc-default-executor-17] WARN  server.GrpcLogAppender (LogUtils.java:warn(134)) - a951a5ca-0ab5-470b-9716-44f820a131a6@group-B09A4D417E08->3eeab9a4-47d5-4980-9c6e-5102901e869a-AppendLogResponseHandler: Failed appendEntries: org.apache.ratis.thirdparty.io.grpc.StatusRuntimeException: UNAVAILABLE: io exception
2019-10-09 13:05:33,932 [grpc-default-executor-17] INFO  impl.FollowerInfo (FollowerInfo.java:lambda$new$0(51)) - a951a5ca-0ab5-470b-9716-44f820a131a6@group-B09A4D417E08->3eeab9a4-47d5-4980-9c6e-5102901e869a: nextIndex: updateUnconditionally 0 -> 0
2019-10-09 13:05:33,938 [Thread-986] INFO  impl.FollowerState (FollowerState.java:run(106)) - a951a5ca-0ab5-470b-9716-44f820a131a6:group-279687B9E8C5 changes to CANDIDATE, lastRpcTime:5259, electionTimeout:5080ms
2019-10-09 13:05:33,938 [Thread-986] INFO  impl.RoleInfo (RoleInfo.java:shutdownFollowerState(121)) - a951a5ca-0ab5-470b-9716-44f820a131a6: shutdown FollowerState
2019-10-09 13:05:33,938 [Thread-986] INFO  impl.RaftServerImpl (RaftServerImpl.java:setRole(174)) - a951a5ca-0ab5-470b-9716-44f820a131a6@group-279687B9E8C5: changes role from  FOLLOWER to CANDIDATE at term 1 for changeToCandidate
2019-10-09 13:05:33,938 [Thread-986] INFO  impl.RoleInfo (RoleInfo.java:updateAndGet(143)) - a951a5ca-0ab5-470b-9716-44f820a131a6: start LeaderElection
2019-10-09 13:05:33,939 [a951a5ca-0ab5-470b-9716-44f820a131a6@group-279687B9E8C5:LeaderElection100] INFO  impl.RaftServerImpl (ServerState.java:setLeader(253)) - a951a5ca-0ab5-470b-9716-44f820a131a6@group-279687B9E8C5: change Leader from 194018c8-bd25-415f-9941-0e401fd1a71b to null at term 1 for initElection
2019-10-09 13:05:33,940 [grpc-default-executor-17] WARN  server.GrpcLogAppender (LogUtils.java:warn(134)) - a951a5ca-0ab5-470b-9716-44f820a131a6@group-B09A4D417E08->194018c8-bd25-415f-9941-0e401fd1a71b-AppendLogResponseHandler: Failed appendEntries: org.apache.ratis.thirdparty.io.grpc.StatusRuntimeException: UNAVAILABLE: io exception
2019-10-09 13:05:33,940 [grpc-default-executor-17] INFO  impl.FollowerInfo (FollowerInfo.java:lambda$new$0(51)) - a951a5ca-0ab5-470b-9716-44f820a131a6@group-B09A4D417E08->194018c8-bd25-415f-9941-0e401fd1a71b: nextIndex: updateUnconditionally 0 -> 0
2019-10-09 13:05:33,952 [a951a5ca-0ab5-470b-9716-44f820a131a6@group-279687B9E8C5:LeaderElection100] INFO  impl.LeaderElection (LeaderElection.java:askForVotes(182)) - a951a5ca-0ab5-470b-9716-44f820a131a6@group-279687B9E8C5:LeaderElection100: begin an election at term 2 for 0: [194018c8-bd25-415f-9941-0e401fd1a71b:192.168.5.175:36608, a951a5ca-0ab5-470b-9716-44f820a131a6:192.168.5.175:37446, 3eeab9a4-47d5-4980-9c6e-5102901e869a:192.168.5.175:43254], old=null
2019-10-09 13:05:33,954 [a951a5ca-0ab5-470b-9716-44f820a131a6@group-279687B9E8C5:LeaderElection100] INFO  impl.LeaderElection (LogUtils.java:infoOrTrace(149)) - a951a5ca-0ab5-470b-9716-44f820a131a6@group-279687B9E8C5:LeaderElection100 got exception when requesting votes: {}
java.util.concurrent.ExecutionException: org.apache.ratis.thirdparty.io.grpc.StatusRuntimeException: UNAVAILABLE: io exception
	at java.util.concurrent.FutureTask.report(FutureTask.java:122)
	at java.util.concurrent.FutureTask.get(FutureTask.java:192)
	at org.apache.ratis.server.impl.LeaderElection.waitForResults(LeaderElection.java:263)
	at org.apache.ratis.server.impl.LeaderElection.askForVotes(LeaderElection.java:201)
	at org.apache.ratis.server.impl.LeaderElection.run(LeaderElection.java:133)
	at java.lang.Thread.run(Thread.java:748)
Caused by: org.apache.ratis.thirdparty.io.grpc.StatusRuntimeException: UNAVAILABLE: io exception
	at org.apache.ratis.thirdparty.io.grpc.stub.ClientCalls.toStatusRuntimeException(ClientCalls.java:233)
	at org.apache.ratis.thirdparty.io.grpc.stub.ClientCalls.getUnchecked(ClientCalls.java:214)
	at org.apache.ratis.thirdparty.io.grpc.stub.ClientCalls.blockingUnaryCall(ClientCalls.java:139)
	at org.apache.ratis.proto.grpc.RaftServerProtocolServiceGrpc$RaftServerProtocolServiceBlockingStub.requestVote(RaftServerProtocolServiceGrpc.java:265)
	at org.apache.ratis.grpc.server.GrpcServerProtocolClient.requestVote(GrpcServerProtocolClient.java:90)
	at org.apache.ratis.grpc.server.GrpcService.requestVote(GrpcService.java:204)
	at org.apache.ratis.server.impl.LeaderElection.lambda$submitRequests$1(LeaderElection.java:238)
	at java.util.concurrent.FutureTask.run(FutureTask.java:266)
	at java.util.concurrent.Executors$RunnableAdapter.call(Executors.java:511)
	at java.util.concurrent.FutureTask.run(FutureTask.java:266)
	at java.util.concurrent.ThreadPoolExecutor.runWorker(ThreadPoolExecutor.java:1149)
	at java.util.concurrent.ThreadPoolExecutor$Worker.run(ThreadPoolExecutor.java:624)
	... 1 more
Caused by: org.apache.ratis.thirdparty.io.netty.channel.AbstractChannel$AnnotatedConnectException: Connection refused: /192.168.5.175:36608
	at sun.nio.ch.SocketChannelImpl.checkConnect(Native Method)
	at sun.nio.ch.SocketChannelImpl.finishConnect(SocketChannelImpl.java:717)
	at org.apache.ratis.thirdparty.io.netty.channel.socket.nio.NioSocketChannel.doFinishConnect(NioSocketChannel.java:327)
	at org.apache.ratis.thirdparty.io.netty.channel.nio.AbstractNioChannel$AbstractNioUnsafe.finishConnect(AbstractNioChannel.java:340)
	at org.apache.ratis.thirdparty.io.netty.channel.nio.NioEventLoop.processSelectedKey(NioEventLoop.java:632)
	at org.apache.ratis.thirdparty.io.netty.channel.nio.NioEventLoop.processSelectedKeysOptimized(NioEventLoop.java:579)
	at org.apache.ratis.thirdparty.io.netty.channel.nio.NioEventLoop.processSelectedKeys(NioEventLoop.java:496)
	at org.apache.ratis.thirdparty.io.netty.channel.nio.NioEventLoop.run(NioEventLoop.java:458)
	at org.apache.ratis.thirdparty.io.netty.util.concurrent.SingleThreadEventExecutor$5.run(SingleThreadEventExecutor.java:897)
	at org.apache.ratis.thirdparty.io.netty.util.concurrent.FastThreadLocalRunnable.run(FastThreadLocalRunnable.java:30)
	... 1 more
Caused by: java.net.ConnectException: Connection refused
	... 11 more
2019-10-09 13:05:33,954 [a951a5ca-0ab5-470b-9716-44f820a131a6@group-279687B9E8C5:LeaderElection100] INFO  impl.LeaderElection (LogUtils.java:infoOrTrace(149)) - a951a5ca-0ab5-470b-9716-44f820a131a6@group-279687B9E8C5:LeaderElection100 got exception when requesting votes: {}
java.util.concurrent.ExecutionException: org.apache.ratis.thirdparty.io.grpc.StatusRuntimeException: UNAVAILABLE: io exception
	at java.util.concurrent.FutureTask.report(FutureTask.java:122)
	at java.util.concurrent.FutureTask.get(FutureTask.java:192)
	at org.apache.ratis.server.impl.LeaderElection.waitForResults(LeaderElection.java:263)
	at org.apache.ratis.server.impl.LeaderElection.askForVotes(LeaderElection.java:201)
	at org.apache.ratis.server.impl.LeaderElection.run(LeaderElection.java:133)
	at java.lang.Thread.run(Thread.java:748)
Caused by: org.apache.ratis.thirdparty.io.grpc.StatusRuntimeException: UNAVAILABLE: io exception
	at org.apache.ratis.thirdparty.io.grpc.stub.ClientCalls.toStatusRuntimeException(ClientCalls.java:233)
	at org.apache.ratis.thirdparty.io.grpc.stub.ClientCalls.getUnchecked(ClientCalls.java:214)
	at org.apache.ratis.thirdparty.io.grpc.stub.ClientCalls.blockingUnaryCall(ClientCalls.java:139)
	at org.apache.ratis.proto.grpc.RaftServerProtocolServiceGrpc$RaftServerProtocolServiceBlockingStub.requestVote(RaftServerProtocolServiceGrpc.java:265)
	at org.apache.ratis.grpc.server.GrpcServerProtocolClient.requestVote(GrpcServerProtocolClient.java:90)
	at org.apache.ratis.grpc.server.GrpcService.requestVote(GrpcService.java:204)
	at org.apache.ratis.server.impl.LeaderElection.lambda$submitRequests$1(LeaderElection.java:238)
	at java.util.concurrent.FutureTask.run(FutureTask.java:266)
	at java.util.concurrent.Executors$RunnableAdapter.call(Executors.java:511)
	at java.util.concurrent.FutureTask.run(FutureTask.java:266)
	at java.util.concurrent.ThreadPoolExecutor.runWorker(ThreadPoolExecutor.java:1149)
	at java.util.concurrent.ThreadPoolExecutor$Worker.run(ThreadPoolExecutor.java:624)
	... 1 more
Caused by: org.apache.ratis.thirdparty.io.netty.channel.AbstractChannel$AnnotatedConnectException: Connection refused: /192.168.5.175:43254
	at sun.nio.ch.SocketChannelImpl.checkConnect(Native Method)
	at sun.nio.ch.SocketChannelImpl.finishConnect(SocketChannelImpl.java:717)
	at org.apache.ratis.thirdparty.io.netty.channel.socket.nio.NioSocketChannel.doFinishConnect(NioSocketChannel.java:327)
	at org.apache.ratis.thirdparty.io.netty.channel.nio.AbstractNioChannel$AbstractNioUnsafe.finishConnect(AbstractNioChannel.java:340)
	at org.apache.ratis.thirdparty.io.netty.channel.nio.NioEventLoop.processSelectedKey(NioEventLoop.java:632)
	at org.apache.ratis.thirdparty.io.netty.channel.nio.NioEventLoop.processSelectedKeysOptimized(NioEventLoop.java:579)
	at org.apache.ratis.thirdparty.io.netty.channel.nio.NioEventLoop.processSelectedKeys(NioEventLoop.java:496)
	at org.apache.ratis.thirdparty.io.netty.channel.nio.NioEventLoop.run(NioEventLoop.java:458)
	at org.apache.ratis.thirdparty.io.netty.util.concurrent.SingleThreadEventExecutor$5.run(SingleThreadEventExecutor.java:897)
	at org.apache.ratis.thirdparty.io.netty.util.concurrent.FastThreadLocalRunnable.run(FastThreadLocalRunnable.java:30)
	... 1 more
Caused by: java.net.ConnectException: Connection refused
	... 11 more
2019-10-09 13:05:33,954 [a951a5ca-0ab5-470b-9716-44f820a131a6@group-279687B9E8C5:LeaderElection100] INFO  impl.LeaderElection (LeaderElection.java:logAndReturn(56)) - a951a5ca-0ab5-470b-9716-44f820a131a6@group-279687B9E8C5:LeaderElection100: Election REJECTED; received 0 response(s) [] and 2 exception(s); a951a5ca-0ab5-470b-9716-44f820a131a6@group-279687B9E8C5:t2, leader=null, voted=a951a5ca-0ab5-470b-9716-44f820a131a6, raftlog=a951a5ca-0ab5-470b-9716-44f820a131a6@group-279687B9E8C5-SegmentedRaftLog:OPENED:c0,f0,i0, conf=0: [194018c8-bd25-415f-9941-0e401fd1a71b:192.168.5.175:36608, a951a5ca-0ab5-470b-9716-44f820a131a6:192.168.5.175:37446, 3eeab9a4-47d5-4980-9c6e-5102901e869a:192.168.5.175:43254], old=null
2019-10-09 13:05:33,954 [a951a5ca-0ab5-470b-9716-44f820a131a6@group-279687B9E8C5:LeaderElection100] INFO  impl.LeaderElection (LogUtils.java:infoOrTrace(149)) -   Exception 0: {}
java.util.concurrent.ExecutionException: org.apache.ratis.thirdparty.io.grpc.StatusRuntimeException: UNAVAILABLE: io exception
	at java.util.concurrent.FutureTask.report(FutureTask.java:122)
	at java.util.concurrent.FutureTask.get(FutureTask.java:192)
	at org.apache.ratis.server.impl.LeaderElection.waitForResults(LeaderElection.java:263)
	at org.apache.ratis.server.impl.LeaderElection.askForVotes(LeaderElection.java:201)
	at org.apache.ratis.server.impl.LeaderElection.run(LeaderElection.java:133)
	at java.lang.Thread.run(Thread.java:748)
Caused by: org.apache.ratis.thirdparty.io.grpc.StatusRuntimeException: UNAVAILABLE: io exception
	at org.apache.ratis.thirdparty.io.grpc.stub.ClientCalls.toStatusRuntimeException(ClientCalls.java:233)
	at org.apache.ratis.thirdparty.io.grpc.stub.ClientCalls.getUnchecked(ClientCalls.java:214)
	at org.apache.ratis.thirdparty.io.grpc.stub.ClientCalls.blockingUnaryCall(ClientCalls.java:139)
	at org.apache.ratis.proto.grpc.RaftServerProtocolServiceGrpc$RaftServerProtocolServiceBlockingStub.requestVote(RaftServerProtocolServiceGrpc.java:265)
	at org.apache.ratis.grpc.server.GrpcServerProtocolClient.requestVote(GrpcServerProtocolClient.java:90)
	at org.apache.ratis.grpc.server.GrpcService.requestVote(GrpcService.java:204)
	at org.apache.ratis.server.impl.LeaderElection.lambda$submitRequests$1(LeaderElection.java:238)
	at java.util.concurrent.FutureTask.run(FutureTask.java:266)
	at java.util.concurrent.Executors$RunnableAdapter.call(Executors.java:511)
	at java.util.concurrent.FutureTask.run(FutureTask.java:266)
	at java.util.concurrent.ThreadPoolExecutor.runWorker(ThreadPoolExecutor.java:1149)
	at java.util.concurrent.ThreadPoolExecutor$Worker.run(ThreadPoolExecutor.java:624)
	... 1 more
Caused by: org.apache.ratis.thirdparty.io.netty.channel.AbstractChannel$AnnotatedConnectException: Connection refused: /192.168.5.175:36608
	at sun.nio.ch.SocketChannelImpl.checkConnect(Native Method)
	at sun.nio.ch.SocketChannelImpl.finishConnect(SocketChannelImpl.java:717)
	at org.apache.ratis.thirdparty.io.netty.channel.socket.nio.NioSocketChannel.doFinishConnect(NioSocketChannel.java:327)
	at org.apache.ratis.thirdparty.io.netty.channel.nio.AbstractNioChannel$AbstractNioUnsafe.finishConnect(AbstractNioChannel.java:340)
	at org.apache.ratis.thirdparty.io.netty.channel.nio.NioEventLoop.processSelectedKey(NioEventLoop.java:632)
	at org.apache.ratis.thirdparty.io.netty.channel.nio.NioEventLoop.processSelectedKeysOptimized(NioEventLoop.java:579)
	at org.apache.ratis.thirdparty.io.netty.channel.nio.NioEventLoop.processSelectedKeys(NioEventLoop.java:496)
	at org.apache.ratis.thirdparty.io.netty.channel.nio.NioEventLoop.run(NioEventLoop.java:458)
	at org.apache.ratis.thirdparty.io.netty.util.concurrent.SingleThreadEventExecutor$5.run(SingleThreadEventExecutor.java:897)
	at org.apache.ratis.thirdparty.io.netty.util.concurrent.FastThreadLocalRunnable.run(FastThreadLocalRunnable.java:30)
	... 1 more
Caused by: java.net.ConnectException: Connection refused
	... 11 more
2019-10-09 13:05:33,955 [a951a5ca-0ab5-470b-9716-44f820a131a6@group-279687B9E8C5:LeaderElection100] INFO  impl.LeaderElection (LogUtils.java:infoOrTrace(149)) -   Exception 1: {}
java.util.concurrent.ExecutionException: org.apache.ratis.thirdparty.io.grpc.StatusRuntimeException: UNAVAILABLE: io exception
	at java.util.concurrent.FutureTask.report(FutureTask.java:122)
	at java.util.concurrent.FutureTask.get(FutureTask.java:192)
	at org.apache.ratis.server.impl.LeaderElection.waitForResults(LeaderElection.java:263)
	at org.apache.ratis.server.impl.LeaderElection.askForVotes(LeaderElection.java:201)
	at org.apache.ratis.server.impl.LeaderElection.run(LeaderElection.java:133)
	at java.lang.Thread.run(Thread.java:748)
Caused by: org.apache.ratis.thirdparty.io.grpc.StatusRuntimeException: UNAVAILABLE: io exception
	at org.apache.ratis.thirdparty.io.grpc.stub.ClientCalls.toStatusRuntimeException(ClientCalls.java:233)
	at org.apache.ratis.thirdparty.io.grpc.stub.ClientCalls.getUnchecked(ClientCalls.java:214)
	at org.apache.ratis.thirdparty.io.grpc.stub.ClientCalls.blockingUnaryCall(ClientCalls.java:139)
	at org.apache.ratis.proto.grpc.RaftServerProtocolServiceGrpc$RaftServerProtocolServiceBlockingStub.requestVote(RaftServerProtocolServiceGrpc.java:265)
	at org.apache.ratis.grpc.server.GrpcServerProtocolClient.requestVote(GrpcServerProtocolClient.java:90)
	at org.apache.ratis.grpc.server.GrpcService.requestVote(GrpcService.java:204)
	at org.apache.ratis.server.impl.LeaderElection.lambda$submitRequests$1(LeaderElection.java:238)
	at java.util.concurrent.FutureTask.run(FutureTask.java:266)
	at java.util.concurrent.Executors$RunnableAdapter.call(Executors.java:511)
	at java.util.concurrent.FutureTask.run(FutureTask.java:266)
	at java.util.concurrent.ThreadPoolExecutor.runWorker(ThreadPoolExecutor.java:1149)
	at java.util.concurrent.ThreadPoolExecutor$Worker.run(ThreadPoolExecutor.java:624)
	... 1 more
Caused by: org.apache.ratis.thirdparty.io.netty.channel.AbstractChannel$AnnotatedConnectException: Connection refused: /192.168.5.175:43254
	at sun.nio.ch.SocketChannelImpl.checkConnect(Native Method)
	at sun.nio.ch.SocketChannelImpl.finishConnect(SocketChannelImpl.java:717)
	at org.apache.ratis.thirdparty.io.netty.channel.socket.nio.NioSocketChannel.doFinishConnect(NioSocketChannel.java:327)
	at org.apache.ratis.thirdparty.io.netty.channel.nio.AbstractNioChannel$AbstractNioUnsafe.finishConnect(AbstractNioChannel.java:340)
	at org.apache.ratis.thirdparty.io.netty.channel.nio.NioEventLoop.processSelectedKey(NioEventLoop.java:632)
	at org.apache.ratis.thirdparty.io.netty.channel.nio.NioEventLoop.processSelectedKeysOptimized(NioEventLoop.java:579)
	at org.apache.ratis.thirdparty.io.netty.channel.nio.NioEventLoop.processSelectedKeys(NioEventLoop.java:496)
	at org.apache.ratis.thirdparty.io.netty.channel.nio.NioEventLoop.run(NioEventLoop.java:458)
	at org.apache.ratis.thirdparty.io.netty.util.concurrent.SingleThreadEventExecutor$5.run(SingleThreadEventExecutor.java:897)
	at org.apache.ratis.thirdparty.io.netty.util.concurrent.FastThreadLocalRunnable.run(FastThreadLocalRunnable.java:30)
	... 1 more
Caused by: java.net.ConnectException: Connection refused
	... 11 more
2019-10-09 13:05:33,955 [a951a5ca-0ab5-470b-9716-44f820a131a6@group-279687B9E8C5:LeaderElection100] INFO  impl.RaftServerImpl (RaftServerImpl.java:setRole(174)) - a951a5ca-0ab5-470b-9716-44f820a131a6@group-279687B9E8C5: changes role from CANDIDATE to FOLLOWER at term 2 for DISCOVERED_A_NEW_TERM
2019-10-09 13:05:33,955 [a951a5ca-0ab5-470b-9716-44f820a131a6@group-279687B9E8C5:LeaderElection100] INFO  impl.RoleInfo (RoleInfo.java:shutdownLeaderElection(134)) - a951a5ca-0ab5-470b-9716-44f820a131a6: shutdown LeaderElection
2019-10-09 13:05:33,955 [a951a5ca-0ab5-470b-9716-44f820a131a6@group-279687B9E8C5:LeaderElection100] INFO  impl.RoleInfo (RoleInfo.java:updateAndGet(143)) - a951a5ca-0ab5-470b-9716-44f820a131a6: start FollowerState
2019-10-09 13:05:34,038 [ForkJoinPool.commonPool-worker-1] INFO  ozoneimpl.OzoneContainer (OzoneContainer.java:stop(231)) - Attempting to stop container services.
2019-10-09 13:05:34,039 [ForkJoinPool.commonPool-worker-1] INFO  impl.RaftServerProxy (RaftServerProxy.java:lambda$close$4(314)) - a951a5ca-0ab5-470b-9716-44f820a131a6: close
2019-10-09 13:05:34,040 [ForkJoinPool.commonPool-worker-1] INFO  impl.RaftServerImpl (RaftServerImpl.java:lambda$shutdown$3(251)) - a951a5ca-0ab5-470b-9716-44f820a131a6@group-B09A4D417E08: shutdown
2019-10-09 13:05:34,040 [ForkJoinPool.commonPool-worker-1] INFO  util.JmxRegister (JmxRegister.java:unregister(73)) - Successfully un-registered JMX Bean with object name Ratis:service=RaftServer,group=group-B09A4D417E08,id=a951a5ca-0ab5-470b-9716-44f820a131a6
2019-10-09 13:05:34,040 [ForkJoinPool.commonPool-worker-1] INFO  impl.RoleInfo (RoleInfo.java:shutdownLeaderState(104)) - a951a5ca-0ab5-470b-9716-44f820a131a6: shutdown LeaderState
2019-10-09 13:05:34,041 [ForkJoinPool.commonPool-worker-1] INFO  impl.PendingRequests (PendingRequests.java:sendNotLeaderResponses(202)) - a951a5ca-0ab5-470b-9716-44f820a131a6-PendingRequests: sendNotLeaderResponses
2019-10-09 13:05:34,041 [org.apache.ratis.server.impl.LogAppender$AppenderDaemon$$Lambda$493/462031746@56f7bda5] WARN  server.GrpcLogAppender (GrpcLogAppender.java:mayWait(143)) - a951a5ca-0ab5-470b-9716-44f820a131a6@group-B09A4D417E08->3eeab9a4-47d5-4980-9c6e-5102901e869a-GrpcLogAppender: Wait interrupted by java.lang.InterruptedException
2019-10-09 13:05:34,041 [org.apache.ratis.server.impl.LogAppender$AppenderDaemon$$Lambda$493/462031746@10d9d6c8] WARN  server.GrpcLogAppender (GrpcLogAppender.java:mayWait(143)) - a951a5ca-0ab5-470b-9716-44f820a131a6@group-B09A4D417E08->194018c8-bd25-415f-9941-0e401fd1a71b-GrpcLogAppender: Wait interrupted by java.lang.InterruptedException
2019-10-09 13:05:34,042 [ForkJoinPool.commonPool-worker-1] INFO  impl.StateMachineUpdater (StateMachineUpdater.java:stopAndJoin(125)) - a951a5ca-0ab5-470b-9716-44f820a131a6@group-B09A4D417E08-StateMachineUpdater: set stopIndex = 0
2019-10-09 13:05:34,043 [ForkJoinPool.commonPool-worker-1] INFO  impl.RaftServerImpl (ServerState.java:close(385)) - a951a5ca-0ab5-470b-9716-44f820a131a6@group-B09A4D417E08: closes. applyIndex: 0
2019-10-09 13:05:34,044 [a951a5ca-0ab5-470b-9716-44f820a131a6@group-B09A4D417E08-SegmentedRaftLogWorker] INFO  segmented.SegmentedRaftLogWorker (SegmentedRaftLogWorker.java:run(313)) - a951a5ca-0ab5-470b-9716-44f820a131a6@group-B09A4D417E08-SegmentedRaftLogWorker was interrupted, exiting. There are 0 tasks remaining in the queue.
2019-10-09 13:05:34,044 [ForkJoinPool.commonPool-worker-1] INFO  segmented.SegmentedRaftLogWorker (SegmentedRaftLogWorker.java:close(228)) - a951a5ca-0ab5-470b-9716-44f820a131a6@group-B09A4D417E08-SegmentedRaftLogWorker close()
2019-10-09 13:05:34,048 [ForkJoinPool.commonPool-worker-1] INFO  impl.RaftServerImpl (RaftServerImpl.java:lambda$shutdown$3(251)) - a951a5ca-0ab5-470b-9716-44f820a131a6@group-351DCE0CA7C1: shutdown
2019-10-09 13:05:34,048 [ForkJoinPool.commonPool-worker-1] INFO  util.JmxRegister (JmxRegister.java:unregister(73)) - Successfully un-registered JMX Bean with object name Ratis:service=RaftServer,group=group-351DCE0CA7C1,id=a951a5ca-0ab5-470b-9716-44f820a131a6
2019-10-09 13:05:34,049 [ForkJoinPool.commonPool-worker-1] INFO  impl.RoleInfo (RoleInfo.java:shutdownFollowerState(121)) - a951a5ca-0ab5-470b-9716-44f820a131a6: shutdown FollowerState
2019-10-09 13:05:34,049 [ForkJoinPool.commonPool-worker-1] INFO  impl.StateMachineUpdater (StateMachineUpdater.java:stopAndJoin(125)) - a951a5ca-0ab5-470b-9716-44f820a131a6@group-351DCE0CA7C1-StateMachineUpdater: set stopIndex = 0
2019-10-09 13:05:34,049 [Thread-1321] INFO  impl.FollowerState (FollowerState.java:run(115)) - a951a5ca-0ab5-470b-9716-44f820a131a6: FollowerState was interrupted: java.lang.InterruptedException: sleep interrupted
2019-10-09 13:05:34,049 [ForkJoinPool.commonPool-worker-1] INFO  impl.RaftServerImpl (ServerState.java:close(385)) - a951a5ca-0ab5-470b-9716-44f820a131a6@group-351DCE0CA7C1: closes. applyIndex: 0
2019-10-09 13:05:34,050 [a951a5ca-0ab5-470b-9716-44f820a131a6@group-351DCE0CA7C1-SegmentedRaftLogWorker] INFO  segmented.SegmentedRaftLogWorker (SegmentedRaftLogWorker.java:run(313)) - a951a5ca-0ab5-470b-9716-44f820a131a6@group-351DCE0CA7C1-SegmentedRaftLogWorker was interrupted, exiting. There are 0 tasks remaining in the queue.
2019-10-09 13:05:34,050 [ForkJoinPool.commonPool-worker-1] INFO  segmented.SegmentedRaftLogWorker (SegmentedRaftLogWorker.java:close(228)) - a951a5ca-0ab5-470b-9716-44f820a131a6@group-351DCE0CA7C1-SegmentedRaftLogWorker close()
2019-10-09 13:05:34,051 [ForkJoinPool.commonPool-worker-1] INFO  impl.RaftServerImpl (RaftServerImpl.java:lambda$shutdown$3(251)) - a951a5ca-0ab5-470b-9716-44f820a131a6@group-9802512AA034: shutdown
2019-10-09 13:05:34,052 [ForkJoinPool.commonPool-worker-1] INFO  util.JmxRegister (JmxRegister.java:unregister(73)) - Successfully un-registered JMX Bean with object name Ratis:service=RaftServer,group=group-9802512AA034,id=a951a5ca-0ab5-470b-9716-44f820a131a6
2019-10-09 13:05:34,052 [ForkJoinPool.commonPool-worker-1] INFO  impl.RoleInfo (RoleInfo.java:shutdownFollowerState(121)) - a951a5ca-0ab5-470b-9716-44f820a131a6: shutdown FollowerState
2019-10-09 13:05:34,052 [ForkJoinPool.commonPool-worker-1] INFO  impl.StateMachineUpdater (StateMachineUpdater.java:stopAndJoin(125)) - a951a5ca-0ab5-470b-9716-44f820a131a6@group-9802512AA034-StateMachineUpdater: set stopIndex = 3
2019-10-09 13:05:34,052 [Thread-1290] INFO  impl.FollowerState (FollowerState.java:run(115)) - a951a5ca-0ab5-470b-9716-44f820a131a6: FollowerState was interrupted: java.lang.InterruptedException: sleep interrupted
2019-10-09 13:05:34,052 [ForkJoinPool.commonPool-worker-1] INFO  impl.RaftServerImpl (ServerState.java:close(385)) - a951a5ca-0ab5-470b-9716-44f820a131a6@group-9802512AA034: closes. applyIndex: 3
2019-10-09 13:05:34,053 [a951a5ca-0ab5-470b-9716-44f820a131a6@group-9802512AA034-SegmentedRaftLogWorker] INFO  segmented.SegmentedRaftLogWorker (SegmentedRaftLogWorker.java:run(313)) - a951a5ca-0ab5-470b-9716-44f820a131a6@group-9802512AA034-SegmentedRaftLogWorker was interrupted, exiting. There are 0 tasks remaining in the queue.
2019-10-09 13:05:34,054 [ForkJoinPool.commonPool-worker-1] INFO  segmented.SegmentedRaftLogWorker (SegmentedRaftLogWorker.java:close(228)) - a951a5ca-0ab5-470b-9716-44f820a131a6@group-9802512AA034-SegmentedRaftLogWorker close()
2019-10-09 13:05:34,055 [ForkJoinPool.commonPool-worker-1] INFO  impl.RaftServerImpl (RaftServerImpl.java:lambda$shutdown$3(251)) - a951a5ca-0ab5-470b-9716-44f820a131a6@group-FA60FACA7155: shutdown
2019-10-09 13:05:34,055 [ForkJoinPool.commonPool-worker-1] INFO  util.JmxRegister (JmxRegister.java:unregister(73)) - Successfully un-registered JMX Bean with object name Ratis:service=RaftServer,group=group-FA60FACA7155,id=a951a5ca-0ab5-470b-9716-44f820a131a6
2019-10-09 13:05:34,056 [ForkJoinPool.commonPool-worker-1] INFO  impl.RoleInfo (RoleInfo.java:shutdownFollowerState(121)) - a951a5ca-0ab5-470b-9716-44f820a131a6: shutdown FollowerState
2019-10-09 13:05:34,056 [ForkJoinPool.commonPool-worker-1] INFO  impl.StateMachineUpdater (StateMachineUpdater.java:stopAndJoin(125)) - a951a5ca-0ab5-470b-9716-44f820a131a6@group-FA60FACA7155-StateMachineUpdater: set stopIndex = 0
2019-10-09 13:05:34,056 [Thread-1317] INFO  impl.FollowerState (FollowerState.java:run(115)) - a951a5ca-0ab5-470b-9716-44f820a131a6: FollowerState was interrupted: java.lang.InterruptedException: sleep interrupted
2019-10-09 13:05:34,056 [ForkJoinPool.commonPool-worker-1] INFO  impl.RaftServerImpl (ServerState.java:close(385)) - a951a5ca-0ab5-470b-9716-44f820a131a6@group-FA60FACA7155: closes. applyIndex: 0
2019-10-09 13:05:34,057 [a951a5ca-0ab5-470b-9716-44f820a131a6@group-FA60FACA7155-SegmentedRaftLogWorker] INFO  segmented.SegmentedRaftLogWorker (SegmentedRaftLogWorker.java:run(313)) - a951a5ca-0ab5-470b-9716-44f820a131a6@group-FA60FACA7155-SegmentedRaftLogWorker was interrupted, exiting. There are 0 tasks remaining in the queue.
2019-10-09 13:05:34,057 [ForkJoinPool.commonPool-worker-1] INFO  segmented.SegmentedRaftLogWorker (SegmentedRaftLogWorker.java:close(228)) - a951a5ca-0ab5-470b-9716-44f820a131a6@group-FA60FACA7155-SegmentedRaftLogWorker close()
2019-10-09 13:05:34,058 [ForkJoinPool.commonPool-worker-1] INFO  impl.RaftServerImpl (RaftServerImpl.java:lambda$shutdown$3(251)) - a951a5ca-0ab5-470b-9716-44f820a131a6@group-867FD2ADA018: shutdown
2019-10-09 13:05:34,059 [ForkJoinPool.commonPool-worker-1] INFO  util.JmxRegister (JmxRegister.java:unregister(73)) - Successfully un-registered JMX Bean with object name Ratis:service=RaftServer,group=group-867FD2ADA018,id=a951a5ca-0ab5-470b-9716-44f820a131a6
2019-10-09 13:05:34,059 [ForkJoinPool.commonPool-worker-1] INFO  impl.RoleInfo (RoleInfo.java:shutdownLeaderState(104)) - a951a5ca-0ab5-470b-9716-44f820a131a6: shutdown LeaderState
2019-10-09 13:05:34,059 [ForkJoinPool.commonPool-worker-1] INFO  impl.PendingRequests (PendingRequests.java:sendNotLeaderResponses(202)) - a951a5ca-0ab5-470b-9716-44f820a131a6-PendingRequests: sendNotLeaderResponses
2019-10-09 13:05:34,059 [org.apache.ratis.server.impl.LogAppender$AppenderDaemon$$Lambda$493/462031746@4d745363] WARN  server.GrpcLogAppender (GrpcLogAppender.java:mayWait(143)) - a951a5ca-0ab5-470b-9716-44f820a131a6@group-867FD2ADA018->194018c8-bd25-415f-9941-0e401fd1a71b-GrpcLogAppender: Wait interrupted by java.lang.InterruptedException
2019-10-09 13:05:34,059 [org.apache.ratis.server.impl.LogAppender$AppenderDaemon$$Lambda$493/462031746@3ab690db] WARN  server.GrpcLogAppender (GrpcLogAppender.java:mayWait(143)) - a951a5ca-0ab5-470b-9716-44f820a131a6@group-867FD2ADA018->3eeab9a4-47d5-4980-9c6e-5102901e869a-GrpcLogAppender: Wait interrupted by java.lang.InterruptedException
2019-10-09 13:05:34,060 [ForkJoinPool.commonPool-worker-1] INFO  impl.StateMachineUpdater (StateMachineUpdater.java:stopAndJoin(125)) - a951a5ca-0ab5-470b-9716-44f820a131a6@group-867FD2ADA018-StateMachineUpdater: set stopIndex = 0
2019-10-09 13:05:34,060 [ForkJoinPool.commonPool-worker-1] INFO  impl.RaftServerImpl (ServerState.java:close(385)) - a951a5ca-0ab5-470b-9716-44f820a131a6@group-867FD2ADA018: closes. applyIndex: 0
2019-10-09 13:05:34,061 [a951a5ca-0ab5-470b-9716-44f820a131a6@group-867FD2ADA018-SegmentedRaftLogWorker] INFO  segmented.SegmentedRaftLogWorker (SegmentedRaftLogWorker.java:run(313)) - a951a5ca-0ab5-470b-9716-44f820a131a6@group-867FD2ADA018-SegmentedRaftLogWorker was interrupted, exiting. There are 0 tasks remaining in the queue.
2019-10-09 13:05:34,061 [ForkJoinPool.commonPool-worker-1] INFO  segmented.SegmentedRaftLogWorker (SegmentedRaftLogWorker.java:close(228)) - a951a5ca-0ab5-470b-9716-44f820a131a6@group-867FD2ADA018-SegmentedRaftLogWorker close()
2019-10-09 13:05:34,062 [ForkJoinPool.commonPool-worker-1] INFO  impl.RaftServerImpl (RaftServerImpl.java:lambda$shutdown$3(251)) - a951a5ca-0ab5-470b-9716-44f820a131a6@group-52841DBED9C5: shutdown
2019-10-09 13:05:34,062 [ForkJoinPool.commonPool-worker-1] INFO  util.JmxRegister (JmxRegister.java:unregister(73)) - Successfully un-registered JMX Bean with object name Ratis:service=RaftServer,group=group-52841DBED9C5,id=a951a5ca-0ab5-470b-9716-44f820a131a6
2019-10-09 13:05:34,063 [ForkJoinPool.commonPool-worker-1] INFO  impl.RoleInfo (RoleInfo.java:shutdownLeaderState(104)) - a951a5ca-0ab5-470b-9716-44f820a131a6: shutdown LeaderState
2019-10-09 13:05:34,063 [ForkJoinPool.commonPool-worker-1] INFO  impl.PendingRequests (PendingRequests.java:sendNotLeaderResponses(202)) - a951a5ca-0ab5-470b-9716-44f820a131a6-PendingRequests: sendNotLeaderResponses
2019-10-09 13:05:34,064 [ForkJoinPool.commonPool-worker-1] INFO  impl.StateMachineUpdater (StateMachineUpdater.java:stopAndJoin(125)) - a951a5ca-0ab5-470b-9716-44f820a131a6@group-52841DBED9C5-StateMachineUpdater: set stopIndex = 0
2019-10-09 13:05:34,064 [ForkJoinPool.commonPool-worker-1] INFO  impl.RaftServerImpl (ServerState.java:close(385)) - a951a5ca-0ab5-470b-9716-44f820a131a6@group-52841DBED9C5: closes. applyIndex: 0
2019-10-09 13:05:34,064 [a951a5ca-0ab5-470b-9716-44f820a131a6@group-52841DBED9C5-SegmentedRaftLogWorker] INFO  segmented.SegmentedRaftLogWorker (SegmentedRaftLogWorker.java:run(313)) - a951a5ca-0ab5-470b-9716-44f820a131a6@group-52841DBED9C5-SegmentedRaftLogWorker was interrupted, exiting. There are 0 tasks remaining in the queue.
2019-10-09 13:05:34,065 [ForkJoinPool.commonPool-worker-1] INFO  segmented.SegmentedRaftLogWorker (SegmentedRaftLogWorker.java:close(228)) - a951a5ca-0ab5-470b-9716-44f820a131a6@group-52841DBED9C5-SegmentedRaftLogWorker close()
2019-10-09 13:05:34,065 [ForkJoinPool.commonPool-worker-1] INFO  impl.RaftServerImpl (RaftServerImpl.java:lambda$shutdown$3(251)) - a951a5ca-0ab5-470b-9716-44f820a131a6@group-F081FF3511EB: shutdown
2019-10-09 13:05:34,065 [ForkJoinPool.commonPool-worker-1] INFO  util.JmxRegister (JmxRegister.java:unregister(73)) - Successfully un-registered JMX Bean with object name Ratis:service=RaftServer,group=group-F081FF3511EB,id=a951a5ca-0ab5-470b-9716-44f820a131a6
2019-10-09 13:05:34,065 [ForkJoinPool.commonPool-worker-1] INFO  impl.RoleInfo (RoleInfo.java:shutdownLeaderState(104)) - a951a5ca-0ab5-470b-9716-44f820a131a6: shutdown LeaderState
2019-10-09 13:05:34,067 [ForkJoinPool.commonPool-worker-1] INFO  impl.PendingRequests (PendingRequests.java:sendNotLeaderResponses(202)) - a951a5ca-0ab5-470b-9716-44f820a131a6-PendingRequests: sendNotLeaderResponses
2019-10-09 13:05:34,068 [org.apache.ratis.server.impl.LogAppender$AppenderDaemon$$Lambda$493/462031746@7bdbdc4f] WARN  server.GrpcLogAppender (GrpcLogAppender.java:mayWait(143)) - a951a5ca-0ab5-470b-9716-44f820a131a6@group-F081FF3511EB->194018c8-bd25-415f-9941-0e401fd1a71b-GrpcLogAppender: Wait interrupted by java.lang.InterruptedException
2019-10-09 13:05:34,067 [org.apache.ratis.server.impl.LogAppender$AppenderDaemon$$Lambda$493/462031746@39ad0278] WARN  server.GrpcLogAppender (GrpcLogAppender.java:mayWait(143)) - a951a5ca-0ab5-470b-9716-44f820a131a6@group-F081FF3511EB->3eeab9a4-47d5-4980-9c6e-5102901e869a-GrpcLogAppender: Wait interrupted by java.lang.InterruptedException
2019-10-09 13:05:34,074 [ForkJoinPool.commonPool-worker-1] INFO  impl.StateMachineUpdater (StateMachineUpdater.java:stopAndJoin(125)) - a951a5ca-0ab5-470b-9716-44f820a131a6@group-F081FF3511EB-StateMachineUpdater: set stopIndex = 2
2019-10-09 13:05:34,074 [ForkJoinPool.commonPool-worker-1] INFO  impl.RaftServerImpl (ServerState.java:close(385)) - a951a5ca-0ab5-470b-9716-44f820a131a6@group-F081FF3511EB: closes. applyIndex: 2
2019-10-09 13:05:34,075 [a951a5ca-0ab5-470b-9716-44f820a131a6@group-F081FF3511EB-SegmentedRaftLogWorker] INFO  segmented.SegmentedRaftLogWorker (SegmentedRaftLogWorker.java:run(313)) - a951a5ca-0ab5-470b-9716-44f820a131a6@group-F081FF3511EB-SegmentedRaftLogWorker was interrupted, exiting. There are 0 tasks remaining in the queue.
2019-10-09 13:05:34,076 [ForkJoinPool.commonPool-worker-1] INFO  segmented.SegmentedRaftLogWorker (SegmentedRaftLogWorker.java:close(228)) - a951a5ca-0ab5-470b-9716-44f820a131a6@group-F081FF3511EB-SegmentedRaftLogWorker close()
2019-10-09 13:05:34,077 [ForkJoinPool.commonPool-worker-1] INFO  impl.RaftServerImpl (RaftServerImpl.java:lambda$shutdown$3(251)) - a951a5ca-0ab5-470b-9716-44f820a131a6@group-611ECB217B3F: shutdown
2019-10-09 13:05:34,077 [ForkJoinPool.commonPool-worker-1] INFO  util.JmxRegister (JmxRegister.java:unregister(73)) - Successfully un-registered JMX Bean with object name Ratis:service=RaftServer,group=group-611ECB217B3F,id=a951a5ca-0ab5-470b-9716-44f820a131a6
2019-10-09 13:05:34,078 [ForkJoinPool.commonPool-worker-1] INFO  impl.RoleInfo (RoleInfo.java:shutdownFollowerState(121)) - a951a5ca-0ab5-470b-9716-44f820a131a6: shutdown FollowerState
2019-10-09 13:05:34,078 [ForkJoinPool.commonPool-worker-1] INFO  impl.StateMachineUpdater (StateMachineUpdater.java:stopAndJoin(125)) - a951a5ca-0ab5-470b-9716-44f820a131a6@group-611ECB217B3F-StateMachineUpdater: set stopIndex = 4
2019-10-09 13:05:34,078 [a951a5ca-0ab5-470b-9716-44f820a131a6@group-611ECB217B3F-StateMachineUpdater] INFO  ratis.ContainerStateMachine (ContainerStateMachine.java:takeSnapshot(289)) - group-611ECB217B3F: Taking a snapshot at:(t:1, i:3) file /workdir/hadoop-ozone/integration-test/target/test-dir/MiniOzoneClusterImpl-92c4d179-1d16-4416-8bce-4538b25b782c/datanode-5/data/ratis/d9b70c17-76ac-42f0-ae06-611ecb217b3f/sm/snapshot.1_3
2019-10-09 13:05:34,078 [Thread-1325] INFO  impl.FollowerState (FollowerState.java:run(115)) - a951a5ca-0ab5-470b-9716-44f820a131a6: FollowerState was interrupted: java.lang.InterruptedException: sleep interrupted
2019-10-09 13:05:34,092 [a951a5ca-0ab5-470b-9716-44f820a131a6@group-611ECB217B3F-StateMachineUpdater] INFO  ratis.ContainerStateMachine (ContainerStateMachine.java:takeSnapshot(300)) - group-611ECB217B3F: Finished taking a snapshot at:(t:1, i:3) file:/workdir/hadoop-ozone/integration-test/target/test-dir/MiniOzoneClusterImpl-92c4d179-1d16-4416-8bce-4538b25b782c/datanode-5/data/ratis/d9b70c17-76ac-42f0-ae06-611ecb217b3f/sm/snapshot.1_3 time:14
2019-10-09 13:05:34,092 [a951a5ca-0ab5-470b-9716-44f820a131a6@group-611ECB217B3F-StateMachineUpdater] INFO  impl.StateMachineUpdater (StateMachineUpdater.java:takeSnapshot(258)) - a951a5ca-0ab5-470b-9716-44f820a131a6@group-611ECB217B3F-StateMachineUpdater: Took a snapshot at index 3
2019-10-09 13:05:34,092 [a951a5ca-0ab5-470b-9716-44f820a131a6@group-611ECB217B3F-StateMachineUpdater] INFO  impl.StateMachineUpdater (StateMachineUpdater.java:lambda$new$0(83)) - a951a5ca-0ab5-470b-9716-44f820a131a6@group-611ECB217B3F-StateMachineUpdater: snapshotIndex: updateIncreasingly -1 -> 3
2019-10-09 13:05:34,093 [a951a5ca-0ab5-470b-9716-44f820a131a6@group-611ECB217B3F-StateMachineUpdater] INFO  ratis.ContainerStateMachine (ContainerStateMachine.java:takeSnapshot(289)) - group-611ECB217B3F: Taking a snapshot at:(t:1, i:3) file /workdir/hadoop-ozone/integration-test/target/test-dir/MiniOzoneClusterImpl-92c4d179-1d16-4416-8bce-4538b25b782c/datanode-5/data/ratis/d9b70c17-76ac-42f0-ae06-611ecb217b3f/sm/snapshot.1_3
2019-10-09 13:05:34,105 [a951a5ca-0ab5-470b-9716-44f820a131a6@group-611ECB217B3F-StateMachineUpdater] INFO  ratis.ContainerStateMachine (ContainerStateMachine.java:takeSnapshot(300)) - group-611ECB217B3F: Finished taking a snapshot at:(t:1, i:3) file:/workdir/hadoop-ozone/integration-test/target/test-dir/MiniOzoneClusterImpl-92c4d179-1d16-4416-8bce-4538b25b782c/datanode-5/data/ratis/d9b70c17-76ac-42f0-ae06-611ecb217b3f/sm/snapshot.1_3 time:13
2019-10-09 13:05:34,105 [a951a5ca-0ab5-470b-9716-44f820a131a6@group-611ECB217B3F-StateMachineUpdater] INFO  impl.StateMachineUpdater (StateMachineUpdater.java:takeSnapshot(258)) - a951a5ca-0ab5-470b-9716-44f820a131a6@group-611ECB217B3F-StateMachineUpdater: Took a snapshot at index 3
2019-10-09 13:05:34,105 [a951a5ca-0ab5-470b-9716-44f820a131a6@group-611ECB217B3F-StateMachineUpdater] INFO  impl.StateMachineUpdater (StateMachineUpdater.java:lambda$new$0(83)) - a951a5ca-0ab5-470b-9716-44f820a131a6@group-611ECB217B3F-StateMachineUpdater: snapshotIndex: updateIncreasingly 3 -> 3
2019-10-09 13:05:34,105 [ForkJoinPool.commonPool-worker-1] INFO  impl.RaftServerImpl (ServerState.java:close(385)) - a951a5ca-0ab5-470b-9716-44f820a131a6@group-611ECB217B3F: closes. applyIndex: 4
2019-10-09 13:05:34,106 [a951a5ca-0ab5-470b-9716-44f820a131a6@group-611ECB217B3F-SegmentedRaftLogWorker] INFO  segmented.SegmentedRaftLogWorker (SegmentedRaftLogWorker.java:run(313)) - a951a5ca-0ab5-470b-9716-44f820a131a6@group-611ECB217B3F-SegmentedRaftLogWorker was interrupted, exiting. There are 0 tasks remaining in the queue.
2019-10-09 13:05:34,106 [ForkJoinPool.commonPool-worker-1] INFO  segmented.SegmentedRaftLogWorker (SegmentedRaftLogWorker.java:close(228)) - a951a5ca-0ab5-470b-9716-44f820a131a6@group-611ECB217B3F-SegmentedRaftLogWorker close()
2019-10-09 13:05:34,108 [ForkJoinPool.commonPool-worker-1] INFO  impl.RaftServerImpl (RaftServerImpl.java:lambda$shutdown$3(251)) - a951a5ca-0ab5-470b-9716-44f820a131a6@group-279687B9E8C5: shutdown
2019-10-09 13:05:34,108 [ForkJoinPool.commonPool-worker-1] INFO  util.JmxRegister (JmxRegister.java:unregister(73)) - Successfully un-registered JMX Bean with object name Ratis:service=RaftServer,group=group-279687B9E8C5,id=a951a5ca-0ab5-470b-9716-44f820a131a6
2019-10-09 13:05:34,108 [ForkJoinPool.commonPool-worker-1] INFO  impl.RoleInfo (RoleInfo.java:shutdownFollowerState(121)) - a951a5ca-0ab5-470b-9716-44f820a131a6: shutdown FollowerState
2019-10-09 13:05:34,108 [ForkJoinPool.commonPool-worker-1] INFO  impl.StateMachineUpdater (StateMachineUpdater.java:stopAndJoin(125)) - a951a5ca-0ab5-470b-9716-44f820a131a6@group-279687B9E8C5-StateMachineUpdater: set stopIndex = 0
2019-10-09 13:05:34,108 [Thread-1329] INFO  impl.FollowerState (FollowerState.java:run(115)) - a951a5ca-0ab5-470b-9716-44f820a131a6: FollowerState was interrupted: java.lang.InterruptedException: sleep interrupted
2019-10-09 13:05:34,108 [ForkJoinPool.commonPool-worker-1] INFO  impl.RaftServerImpl (ServerState.java:close(385)) - a951a5ca-0ab5-470b-9716-44f820a131a6@group-279687B9E8C5: closes. applyIndex: 0
2019-10-09 13:05:34,109 [a951a5ca-0ab5-470b-9716-44f820a131a6@group-279687B9E8C5-SegmentedRaftLogWorker] INFO  segmented.SegmentedRaftLogWorker (SegmentedRaftLogWorker.java:run(313)) - a951a5ca-0ab5-470b-9716-44f820a131a6@group-279687B9E8C5-SegmentedRaftLogWorker was interrupted, exiting. There are 0 tasks remaining in the queue.
2019-10-09 13:05:34,109 [ForkJoinPool.commonPool-worker-1] INFO  segmented.SegmentedRaftLogWorker (SegmentedRaftLogWorker.java:close(228)) - a951a5ca-0ab5-470b-9716-44f820a131a6@group-279687B9E8C5-SegmentedRaftLogWorker close()
2019-10-09 13:05:34,110 [ForkJoinPool.commonPool-worker-1] INFO  impl.RaftServerImpl (RaftServerImpl.java:lambda$shutdown$3(251)) - a951a5ca-0ab5-470b-9716-44f820a131a6@group-150B5479A3DB: shutdown
2019-10-09 13:05:34,111 [ForkJoinPool.commonPool-worker-1] INFO  util.JmxRegister (JmxRegister.java:unregister(73)) - Successfully un-registered JMX Bean with object name Ratis:service=RaftServer,group=group-150B5479A3DB,id=a951a5ca-0ab5-470b-9716-44f820a131a6
2019-10-09 13:05:34,111 [ForkJoinPool.commonPool-worker-1] INFO  impl.RoleInfo (RoleInfo.java:shutdownFollowerState(121)) - a951a5ca-0ab5-470b-9716-44f820a131a6: shutdown FollowerState
2019-10-09 13:05:34,111 [ForkJoinPool.commonPool-worker-1] INFO  impl.StateMachineUpdater (StateMachineUpdater.java:stopAndJoin(125)) - a951a5ca-0ab5-470b-9716-44f820a131a6@group-150B5479A3DB-StateMachineUpdater: set stopIndex = 15
2019-10-09 13:05:34,111 [Thread-1313] INFO  impl.FollowerState (FollowerState.java:run(115)) - a951a5ca-0ab5-470b-9716-44f820a131a6: FollowerState was interrupted: java.lang.InterruptedException: sleep interrupted
2019-10-09 13:05:34,111 [a951a5ca-0ab5-470b-9716-44f820a131a6@group-150B5479A3DB-StateMachineUpdater] INFO  ratis.ContainerStateMachine (ContainerStateMachine.java:takeSnapshot(289)) - group-150B5479A3DB: Taking a snapshot at:(t:1, i:15) file /workdir/hadoop-ozone/integration-test/target/test-dir/MiniOzoneClusterImpl-92c4d179-1d16-4416-8bce-4538b25b782c/datanode-5/data/ratis/64310bd5-a2d3-4962-84b2-150b5479a3db/sm/snapshot.1_15
2019-10-09 13:05:34,124 [a951a5ca-0ab5-470b-9716-44f820a131a6@group-150B5479A3DB-StateMachineUpdater] INFO  ratis.ContainerStateMachine (ContainerStateMachine.java:takeSnapshot(300)) - group-150B5479A3DB: Finished taking a snapshot at:(t:1, i:15) file:/workdir/hadoop-ozone/integration-test/target/test-dir/MiniOzoneClusterImpl-92c4d179-1d16-4416-8bce-4538b25b782c/datanode-5/data/ratis/64310bd5-a2d3-4962-84b2-150b5479a3db/sm/snapshot.1_15 time:13
2019-10-09 13:05:34,124 [a951a5ca-0ab5-470b-9716-44f820a131a6@group-150B5479A3DB-StateMachineUpdater] INFO  impl.StateMachineUpdater (StateMachineUpdater.java:takeSnapshot(258)) - a951a5ca-0ab5-470b-9716-44f820a131a6@group-150B5479A3DB-StateMachineUpdater: Took a snapshot at index 15
2019-10-09 13:05:34,125 [a951a5ca-0ab5-470b-9716-44f820a131a6@group-150B5479A3DB-StateMachineUpdater] INFO  impl.StateMachineUpdater (StateMachineUpdater.java:lambda$new$0(83)) - a951a5ca-0ab5-470b-9716-44f820a131a6@group-150B5479A3DB-StateMachineUpdater: snapshotIndex: updateIncreasingly -1 -> 15
2019-10-09 13:05:34,125 [ForkJoinPool.commonPool-worker-1] INFO  impl.RaftServerImpl (ServerState.java:close(385)) - a951a5ca-0ab5-470b-9716-44f820a131a6@group-150B5479A3DB: closes. applyIndex: 15
2019-10-09 13:05:34,126 [a951a5ca-0ab5-470b-9716-44f820a131a6@group-150B5479A3DB-SegmentedRaftLogWorker] INFO  segmented.SegmentedRaftLogWorker (SegmentedRaftLogWorker.java:run(313)) - a951a5ca-0ab5-470b-9716-44f820a131a6@group-150B5479A3DB-SegmentedRaftLogWorker was interrupted, exiting. There are 0 tasks remaining in the queue.
2019-10-09 13:05:34,126 [ForkJoinPool.commonPool-worker-1] INFO  segmented.SegmentedRaftLogWorker (SegmentedRaftLogWorker.java:close(228)) - a951a5ca-0ab5-470b-9716-44f820a131a6@group-150B5479A3DB-SegmentedRaftLogWorker close()
2019-10-09 13:05:34,127 [ForkJoinPool.commonPool-worker-1] INFO  server.GrpcService (GrpcService.java:closeImpl(164)) - a951a5ca-0ab5-470b-9716-44f820a131a6: shutdown server with port 37446 now
2019-10-09 13:05:34,128 [ForkJoinPool.commonPool-worker-1] INFO  server.GrpcService (GrpcService.java:closeImpl(172)) - a951a5ca-0ab5-470b-9716-44f820a131a6: shutdown server with port 37446 successfully
2019-10-09 13:05:34,130 [refreshUsed-/workdir/hadoop-ozone/integration-test/target/test-dir/MiniOzoneClusterImpl-92c4d179-1d16-4416-8bce-4538b25b782c/datanode-5/data/containers] WARN  fs.CachingGetSpaceUsed (CachingGetSpaceUsed.java:run(183)) - Thread Interrupted waiting to refresh disk information: sleep interrupted
2019-10-09 13:05:34,146 [ForkJoinPool.commonPool-worker-1] INFO  utils.BackgroundService (BackgroundService.java:shutdown(148)) - Shutting down service BlockDeletingService
2019-10-09 13:05:34,149 [ForkJoinPool.commonPool-worker-1] INFO  statemachine.DatanodeStateMachine (DatanodeStateMachine.java:stopDaemon(395)) - Ozone container server stopped.
2019-10-09 13:05:34,152 [ForkJoinPool.commonPool-worker-1] INFO  handler.ContextHandler (ContextHandler.java:doStop(910)) - Stopped o.e.j.w.WebAppContext@64d4f7c7{/,null,UNAVAILABLE}{/hddsDatanode}
2019-10-09 13:05:34,153 [ForkJoinPool.commonPool-worker-1] INFO  server.AbstractConnector (AbstractConnector.java:doStop(318)) - Stopped ServerConnector@54e02f6a{HTTP/1.1,[http/1.1]}{0.0.0.0:0}
2019-10-09 13:05:34,154 [ForkJoinPool.commonPool-worker-1] INFO  handler.ContextHandler (ContextHandler.java:doStop(910)) - Stopped o.e.j.s.ServletContextHandler@1352434e{/static,jar:file:/home/user/.m2/repository/org/apache/hadoop/hadoop-hdds-container-service/0.5.0-SNAPSHOT/hadoop-hdds-container-service-0.5.0-SNAPSHOT.jar!/webapps/static,UNAVAILABLE}
2019-10-09 13:05:34,155 [ForkJoinPool.commonPool-worker-1] INFO  handler.ContextHandler (ContextHandler.java:doStop(910)) - Stopped o.e.j.s.ServletContextHandler@12eedfee{/logs,file:///workdir/hadoop-ozone/integration-test/target/log,UNAVAILABLE}
2019-10-09 13:05:34,156 [main] INFO  ozone.MiniOzoneClusterImpl (MiniOzoneClusterImpl.java:stopSCM(392)) - Stopping the StorageContainerManager
2019-10-09 13:05:34,156 [main] INFO  server.StorageContainerManager (StorageContainerManager.java:stop(808)) - Stopping Replication Manager Service.
2019-10-09 13:05:34,156 [main] INFO  container.ReplicationManager (ReplicationManager.java:stop(204)) - Stopping Replication Monitor Thread.
2019-10-09 13:05:34,156 [main] INFO  server.StorageContainerManager (StorageContainerManager.java:stop(815)) - Stopping Lease Manager of the command watchers
2019-10-09 13:05:34,157 [main] INFO  server.StorageContainerManager (StorageContainerManager.java:stop(822)) - Stopping datanode service RPC server
2019-10-09 13:05:34,157 [main] INFO  server.SCMDatanodeProtocolServer (SCMDatanodeProtocolServer.java:stop(367)) - Stopping the RPC server for DataNodes
2019-10-09 13:05:34,157 [main] INFO  ipc.Server (Server.java:stop(3082)) - Stopping server on 36093
2019-10-09 13:05:34,159 [IPC Server listener on 36093] INFO  ipc.Server (Server.java:run(1185)) - Stopping IPC Server listener on 36093
2019-10-09 13:05:34,159 [IPC Server Responder] INFO  ipc.Server (Server.java:run(1319)) - Stopping IPC Server Responder
2019-10-09 13:05:34,205 [SCM Heartbeat Processing Thread - 0] WARN  node.NodeStateManager (NodeStateManager.java:scheduleNextHealthCheck(655)) - Current Thread is interrupted, shutting down HB processing thread for Node Manager.
2019-10-09 13:05:34,205 [main] INFO  server.StorageContainerManager (StorageContainerManager.java:stop(830)) - Stopping block service RPC server
2019-10-09 13:05:34,205 [main] INFO  server.SCMBlockProtocolServer (SCMBlockProtocolServer.java:stop(155)) - Stopping the RPC server for Block Protocol
2019-10-09 13:05:34,206 [main] INFO  ipc.Server (Server.java:stop(3082)) - Stopping server on 39522
2019-10-09 13:05:34,207 [IPC Server listener on 39522] INFO  ipc.Server (Server.java:run(1185)) - Stopping IPC Server listener on 39522
2019-10-09 13:05:34,207 [main] INFO  server.StorageContainerManager (StorageContainerManager.java:stop(837)) - Stopping the StorageContainerLocationProtocol RPC server
2019-10-09 13:05:34,207 [IPC Server Responder] INFO  ipc.Server (Server.java:run(1319)) - Stopping IPC Server Responder
2019-10-09 13:05:34,207 [main] INFO  server.SCMClientProtocolServer (SCMClientProtocolServer.java:stop(159)) - Stopping the RPC server for Client Protocol
2019-10-09 13:05:34,207 [main] INFO  ipc.Server (Server.java:stop(3082)) - Stopping server on 40888
2019-10-09 13:05:34,209 [IPC Server listener on 40888] INFO  ipc.Server (Server.java:run(1185)) - Stopping IPC Server listener on 40888
2019-10-09 13:05:34,209 [main] INFO  server.StorageContainerManager (StorageContainerManager.java:stop(844)) - Stopping Storage Container Manager HTTP server.
2019-10-09 13:05:34,209 [IPC Server Responder] INFO  ipc.Server (Server.java:run(1319)) - Stopping IPC Server Responder
2019-10-09 13:05:34,210 [main] INFO  handler.ContextHandler (ContextHandler.java:doStop(910)) - Stopped o.e.j.w.WebAppContext@6db66836{/,null,UNAVAILABLE}{/scm}
2019-10-09 13:05:34,210 [main] INFO  server.AbstractConnector (AbstractConnector.java:doStop(318)) - Stopped ServerConnector@1ee4730{HTTP/1.1,[http/1.1]}{0.0.0.0:0}
2019-10-09 13:05:34,210 [main] INFO  handler.ContextHandler (ContextHandler.java:doStop(910)) - Stopped o.e.j.s.ServletContextHandler@43b6123e{/static,file:///workdir/hadoop-ozone/integration-test/target/test-classes/webapps/static,UNAVAILABLE}
2019-10-09 13:05:34,211 [main] INFO  handler.ContextHandler (ContextHandler.java:doStop(910)) - Stopped o.e.j.s.ServletContextHandler@4fce136b{/logs,file:///workdir/hadoop-ozone/integration-test/target/log,UNAVAILABLE}
2019-10-09 13:05:34,211 [main] INFO  server.StorageContainerManager (StorageContainerManager.java:stop(855)) - Stopping Block Manager Service.
2019-10-09 13:05:34,212 [main] INFO  utils.BackgroundService (BackgroundService.java:shutdown(148)) - Shutting down service SCMBlockDeletingService
2019-10-09 13:05:34,212 [main] INFO  utils.BackgroundService (BackgroundService.java:shutdown(148)) - Shutting down service SCMBlockDeletingService
2019-10-09 13:05:34,212 [main] INFO  server.StorageContainerManager (StorageContainerManager.java:stop(877)) - Stopping SCM Event Queue.
2019-10-09 13:05:34,219 [main] INFO  impl.MetricsSystemImpl (MetricsSystemImpl.java:stop(210)) - Stopping XceiverClientMetrics metrics system...
2019-10-09 13:05:34,231 [prometheus] INFO  impl.MetricsSinkAdapter (MetricsSinkAdapter.java:publishMetricsFromQueue(141)) - prometheus thread interrupted.
2019-10-09 13:05:34,231 [main] INFO  impl.MetricsSystemImpl (MetricsSystemImpl.java:stop(216)) - XceiverClientMetrics metrics system stopped.
]]></system-out>
    <system-err><![CDATA[ERROR StatusLogger No Log4j 2 configuration file found. Using default configuration (logging only errors to the console), or user programmatically provided configurations. Set system property 'log4j2.debug' to show Log4j 2 internal initialization logging. See https://logging.apache.org/log4j/2.x/manual/configuration.html for instructions on how to configure Log4j 2
Oct 09, 2019 1:04:02 PM org.apache.ratis.thirdparty.io.grpc.internal.SerializingExecutor run
SEVERE: Exception while executing runnable org.apache.ratis.thirdparty.io.grpc.internal.ServerImpl$JumpToApplicationThreadServerStreamListener$1Closed@1b1d4334
org.apache.ratis.thirdparty.io.grpc.StatusRuntimeException: CANCELLED: call already cancelled
	at org.apache.ratis.thirdparty.io.grpc.Status.asRuntimeException(Status.java:517)
	at org.apache.ratis.thirdparty.io.grpc.stub.ServerCalls$ServerCallStreamObserverImpl.onCompleted(ServerCalls.java:356)
	at org.apache.ratis.grpc.server.GrpcServerProtocolService$ServerRequestStreamObserver.onError(GrpcServerProtocolService.java:121)
	at org.apache.ratis.thirdparty.io.grpc.stub.ServerCalls$StreamingServerCallHandler$StreamingServerCallListener.onCancel(ServerCalls.java:269)
	at org.apache.ratis.thirdparty.io.grpc.internal.ServerCallImpl$ServerStreamListenerImpl.closed(ServerCallImpl.java:293)
	at org.apache.ratis.thirdparty.io.grpc.internal.ServerImpl$JumpToApplicationThreadServerStreamListener$1Closed.runInContext(ServerImpl.java:741)
	at org.apache.ratis.thirdparty.io.grpc.internal.ContextRunnable.run(ContextRunnable.java:37)
	at org.apache.ratis.thirdparty.io.grpc.internal.SerializingExecutor.run(SerializingExecutor.java:123)
	at java.util.concurrent.ThreadPoolExecutor.runWorker(ThreadPoolExecutor.java:1149)
	at java.util.concurrent.ThreadPoolExecutor$Worker.run(ThreadPoolExecutor.java:624)
	at java.lang.Thread.run(Thread.java:748)

Oct 09, 2019 1:04:02 PM org.apache.ratis.thirdparty.io.grpc.internal.SerializingExecutor run
SEVERE: Exception while executing runnable org.apache.ratis.thirdparty.io.grpc.internal.ServerImpl$JumpToApplicationThreadServerStreamListener$1Closed@34ae1251
org.apache.ratis.thirdparty.io.grpc.StatusRuntimeException: CANCELLED: call already cancelled
	at org.apache.ratis.thirdparty.io.grpc.Status.asRuntimeException(Status.java:517)
	at org.apache.ratis.thirdparty.io.grpc.stub.ServerCalls$ServerCallStreamObserverImpl.onCompleted(ServerCalls.java:356)
	at org.apache.ratis.grpc.server.GrpcServerProtocolService$ServerRequestStreamObserver.onError(GrpcServerProtocolService.java:121)
	at org.apache.ratis.thirdparty.io.grpc.stub.ServerCalls$StreamingServerCallHandler$StreamingServerCallListener.onCancel(ServerCalls.java:269)
	at org.apache.ratis.thirdparty.io.grpc.internal.ServerCallImpl$ServerStreamListenerImpl.closed(ServerCallImpl.java:293)
	at org.apache.ratis.thirdparty.io.grpc.internal.ServerImpl$JumpToApplicationThreadServerStreamListener$1Closed.runInContext(ServerImpl.java:741)
	at org.apache.ratis.thirdparty.io.grpc.internal.ContextRunnable.run(ContextRunnable.java:37)
	at org.apache.ratis.thirdparty.io.grpc.internal.SerializingExecutor.run(SerializingExecutor.java:123)
	at java.util.concurrent.ThreadPoolExecutor.runWorker(ThreadPoolExecutor.java:1149)
	at java.util.concurrent.ThreadPoolExecutor$Worker.run(ThreadPoolExecutor.java:624)
	at java.lang.Thread.run(Thread.java:748)

Oct 09, 2019 1:04:02 PM org.apache.ratis.thirdparty.io.grpc.internal.SerializingExecutor run
SEVERE: Exception while executing runnable org.apache.ratis.thirdparty.io.grpc.internal.ServerImpl$JumpToApplicationThreadServerStreamListener$1Closed@51b68ee2
org.apache.ratis.thirdparty.io.grpc.StatusRuntimeException: CANCELLED: call already cancelled
	at org.apache.ratis.thirdparty.io.grpc.Status.asRuntimeException(Status.java:517)
	at org.apache.ratis.thirdparty.io.grpc.stub.ServerCalls$ServerCallStreamObserverImpl.onCompleted(ServerCalls.java:356)
	at org.apache.ratis.grpc.server.GrpcServerProtocolService$ServerRequestStreamObserver.onError(GrpcServerProtocolService.java:121)
	at org.apache.ratis.thirdparty.io.grpc.stub.ServerCalls$StreamingServerCallHandler$StreamingServerCallListener.onCancel(ServerCalls.java:269)
	at org.apache.ratis.thirdparty.io.grpc.internal.ServerCallImpl$ServerStreamListenerImpl.closed(ServerCallImpl.java:293)
	at org.apache.ratis.thirdparty.io.grpc.internal.ServerImpl$JumpToApplicationThreadServerStreamListener$1Closed.runInContext(ServerImpl.java:741)
	at org.apache.ratis.thirdparty.io.grpc.internal.ContextRunnable.run(ContextRunnable.java:37)
	at org.apache.ratis.thirdparty.io.grpc.internal.SerializingExecutor.run(SerializingExecutor.java:123)
	at java.util.concurrent.ThreadPoolExecutor.runWorker(ThreadPoolExecutor.java:1149)
	at java.util.concurrent.ThreadPoolExecutor$Worker.run(ThreadPoolExecutor.java:624)
	at java.lang.Thread.run(Thread.java:748)

Oct 09, 2019 1:04:02 PM org.apache.ratis.thirdparty.io.grpc.internal.SerializingExecutor run
SEVERE: Exception while executing runnable org.apache.ratis.thirdparty.io.grpc.internal.ServerImpl$JumpToApplicationThreadServerStreamListener$1Closed@43fad8e0
org.apache.ratis.thirdparty.io.grpc.StatusRuntimeException: CANCELLED: call already cancelled
	at org.apache.ratis.thirdparty.io.grpc.Status.asRuntimeException(Status.java:517)
	at org.apache.ratis.thirdparty.io.grpc.stub.ServerCalls$ServerCallStreamObserverImpl.onCompleted(ServerCalls.java:356)
	at org.apache.ratis.grpc.server.GrpcServerProtocolService$ServerRequestStreamObserver.onError(GrpcServerProtocolService.java:121)
	at org.apache.ratis.thirdparty.io.grpc.stub.ServerCalls$StreamingServerCallHandler$StreamingServerCallListener.onCancel(ServerCalls.java:269)
	at org.apache.ratis.thirdparty.io.grpc.internal.ServerCallImpl$ServerStreamListenerImpl.closed(ServerCallImpl.java:293)
	at org.apache.ratis.thirdparty.io.grpc.internal.ServerImpl$JumpToApplicationThreadServerStreamListener$1Closed.runInContext(ServerImpl.java:741)
	at org.apache.ratis.thirdparty.io.grpc.internal.ContextRunnable.run(ContextRunnable.java:37)
	at org.apache.ratis.thirdparty.io.grpc.internal.SerializingExecutor.run(SerializingExecutor.java:123)
	at java.util.concurrent.ThreadPoolExecutor.runWorker(ThreadPoolExecutor.java:1149)
	at java.util.concurrent.ThreadPoolExecutor$Worker.run(ThreadPoolExecutor.java:624)
	at java.lang.Thread.run(Thread.java:748)

Oct 09, 2019 1:04:02 PM org.apache.ratis.thirdparty.io.grpc.internal.SerializingExecutor run
SEVERE: Exception while executing runnable org.apache.ratis.thirdparty.io.grpc.internal.ServerImpl$JumpToApplicationThreadServerStreamListener$1Closed@18fdc8e8
org.apache.ratis.thirdparty.io.grpc.StatusRuntimeException: CANCELLED: call already cancelled
	at org.apache.ratis.thirdparty.io.grpc.Status.asRuntimeException(Status.java:517)
	at org.apache.ratis.thirdparty.io.grpc.stub.ServerCalls$ServerCallStreamObserverImpl.onCompleted(ServerCalls.java:356)
	at org.apache.ratis.grpc.server.GrpcServerProtocolService$ServerRequestStreamObserver.onError(GrpcServerProtocolService.java:121)
	at org.apache.ratis.thirdparty.io.grpc.stub.ServerCalls$StreamingServerCallHandler$StreamingServerCallListener.onCancel(ServerCalls.java:269)
	at org.apache.ratis.thirdparty.io.grpc.internal.ServerCallImpl$ServerStreamListenerImpl.closed(ServerCallImpl.java:293)
	at org.apache.ratis.thirdparty.io.grpc.internal.ServerImpl$JumpToApplicationThreadServerStreamListener$1Closed.runInContext(ServerImpl.java:741)
	at org.apache.ratis.thirdparty.io.grpc.internal.ContextRunnable.run(ContextRunnable.java:37)
	at org.apache.ratis.thirdparty.io.grpc.internal.SerializingExecutor.run(SerializingExecutor.java:123)
	at java.util.concurrent.ThreadPoolExecutor.runWorker(ThreadPoolExecutor.java:1149)
	at java.util.concurrent.ThreadPoolExecutor$Worker.run(ThreadPoolExecutor.java:624)
	at java.lang.Thread.run(Thread.java:748)

Oct 09, 2019 1:04:02 PM org.apache.ratis.thirdparty.io.grpc.internal.SerializingExecutor run
SEVERE: Exception while executing runnable org.apache.ratis.thirdparty.io.grpc.internal.ServerImpl$JumpToApplicationThreadServerStreamListener$1Closed@6f5cc73f
org.apache.ratis.thirdparty.io.grpc.StatusRuntimeException: CANCELLED: call already cancelled
	at org.apache.ratis.thirdparty.io.grpc.Status.asRuntimeException(Status.java:517)
	at org.apache.ratis.thirdparty.io.grpc.stub.ServerCalls$ServerCallStreamObserverImpl.onCompleted(ServerCalls.java:356)
	at org.apache.ratis.grpc.server.GrpcServerProtocolService$ServerRequestStreamObserver.onError(GrpcServerProtocolService.java:121)
	at org.apache.ratis.thirdparty.io.grpc.stub.ServerCalls$StreamingServerCallHandler$StreamingServerCallListener.onCancel(ServerCalls.java:269)
	at org.apache.ratis.thirdparty.io.grpc.internal.ServerCallImpl$ServerStreamListenerImpl.closed(ServerCallImpl.java:293)
	at org.apache.ratis.thirdparty.io.grpc.internal.ServerImpl$JumpToApplicationThreadServerStreamListener$1Closed.runInContext(ServerImpl.java:741)
	at org.apache.ratis.thirdparty.io.grpc.internal.ContextRunnable.run(ContextRunnable.java:37)
	at org.apache.ratis.thirdparty.io.grpc.internal.SerializingExecutor.run(SerializingExecutor.java:123)
	at java.util.concurrent.ThreadPoolExecutor.runWorker(ThreadPoolExecutor.java:1149)
	at java.util.concurrent.ThreadPoolExecutor$Worker.run(ThreadPoolExecutor.java:624)
	at java.lang.Thread.run(Thread.java:748)

Oct 09, 2019 1:04:02 PM org.apache.ratis.thirdparty.io.grpc.internal.SerializingExecutor run
SEVERE: Exception while executing runnable org.apache.ratis.thirdparty.io.grpc.internal.ServerImpl$JumpToApplicationThreadServerStreamListener$1Closed@759e02ad
org.apache.ratis.thirdparty.io.grpc.StatusRuntimeException: CANCELLED: call already cancelled
	at org.apache.ratis.thirdparty.io.grpc.Status.asRuntimeException(Status.java:517)
	at org.apache.ratis.thirdparty.io.grpc.stub.ServerCalls$ServerCallStreamObserverImpl.onCompleted(ServerCalls.java:356)
	at org.apache.ratis.grpc.server.GrpcServerProtocolService$ServerRequestStreamObserver.onError(GrpcServerProtocolService.java:121)
	at org.apache.ratis.thirdparty.io.grpc.stub.ServerCalls$StreamingServerCallHandler$StreamingServerCallListener.onCancel(ServerCalls.java:269)
	at org.apache.ratis.thirdparty.io.grpc.internal.ServerCallImpl$ServerStreamListenerImpl.closed(ServerCallImpl.java:293)
	at org.apache.ratis.thirdparty.io.grpc.internal.ServerImpl$JumpToApplicationThreadServerStreamListener$1Closed.runInContext(ServerImpl.java:741)
	at org.apache.ratis.thirdparty.io.grpc.internal.ContextRunnable.run(ContextRunnable.java:37)
	at org.apache.ratis.thirdparty.io.grpc.internal.SerializingExecutor.run(SerializingExecutor.java:123)
	at java.util.concurrent.ThreadPoolExecutor.runWorker(ThreadPoolExecutor.java:1149)
	at java.util.concurrent.ThreadPoolExecutor$Worker.run(ThreadPoolExecutor.java:624)
	at java.lang.Thread.run(Thread.java:748)

Oct 09, 2019 1:04:07 PM org.apache.ratis.thirdparty.io.grpc.internal.SerializingExecutor run
SEVERE: Exception while executing runnable org.apache.ratis.thirdparty.io.grpc.internal.ServerImpl$JumpToApplicationThreadServerStreamListener$1Closed@593c7ea7
org.apache.ratis.thirdparty.io.grpc.StatusRuntimeException: CANCELLED: call already cancelled
	at org.apache.ratis.thirdparty.io.grpc.Status.asRuntimeException(Status.java:517)
	at org.apache.ratis.thirdparty.io.grpc.stub.ServerCalls$ServerCallStreamObserverImpl.onCompleted(ServerCalls.java:356)
	at org.apache.ratis.grpc.server.GrpcServerProtocolService$ServerRequestStreamObserver.onError(GrpcServerProtocolService.java:121)
	at org.apache.ratis.thirdparty.io.grpc.stub.ServerCalls$StreamingServerCallHandler$StreamingServerCallListener.onCancel(ServerCalls.java:269)
	at org.apache.ratis.thirdparty.io.grpc.internal.ServerCallImpl$ServerStreamListenerImpl.closed(ServerCallImpl.java:293)
	at org.apache.ratis.thirdparty.io.grpc.internal.ServerImpl$JumpToApplicationThreadServerStreamListener$1Closed.runInContext(ServerImpl.java:741)
	at org.apache.ratis.thirdparty.io.grpc.internal.ContextRunnable.run(ContextRunnable.java:37)
	at org.apache.ratis.thirdparty.io.grpc.internal.SerializingExecutor.run(SerializingExecutor.java:123)
	at java.util.concurrent.ThreadPoolExecutor.runWorker(ThreadPoolExecutor.java:1149)
	at java.util.concurrent.ThreadPoolExecutor$Worker.run(ThreadPoolExecutor.java:624)
	at java.lang.Thread.run(Thread.java:748)

Oct 09, 2019 1:04:07 PM org.apache.ratis.thirdparty.io.grpc.internal.SerializingExecutor run
SEVERE: Exception while executing runnable org.apache.ratis.thirdparty.io.grpc.internal.ServerImpl$JumpToApplicationThreadServerStreamListener$1Closed@2c5bc35c
org.apache.ratis.thirdparty.io.grpc.StatusRuntimeException: CANCELLED: call already cancelled
	at org.apache.ratis.thirdparty.io.grpc.Status.asRuntimeException(Status.java:517)
	at org.apache.ratis.thirdparty.io.grpc.stub.ServerCalls$ServerCallStreamObserverImpl.onCompleted(ServerCalls.java:356)
	at org.apache.ratis.grpc.server.GrpcServerProtocolService$ServerRequestStreamObserver.onError(GrpcServerProtocolService.java:121)
	at org.apache.ratis.thirdparty.io.grpc.stub.ServerCalls$StreamingServerCallHandler$StreamingServerCallListener.onCancel(ServerCalls.java:269)
	at org.apache.ratis.thirdparty.io.grpc.internal.ServerCallImpl$ServerStreamListenerImpl.closed(ServerCallImpl.java:293)
	at org.apache.ratis.thirdparty.io.grpc.internal.ServerImpl$JumpToApplicationThreadServerStreamListener$1Closed.runInContext(ServerImpl.java:741)
	at org.apache.ratis.thirdparty.io.grpc.internal.ContextRunnable.run(ContextRunnable.java:37)
	at org.apache.ratis.thirdparty.io.grpc.internal.SerializingExecutor.run(SerializingExecutor.java:123)
	at java.util.concurrent.ThreadPoolExecutor.runWorker(ThreadPoolExecutor.java:1149)
	at java.util.concurrent.ThreadPoolExecutor$Worker.run(ThreadPoolExecutor.java:624)
	at java.lang.Thread.run(Thread.java:748)

Oct 09, 2019 1:04:07 PM org.apache.ratis.thirdparty.io.grpc.internal.SerializingExecutor run
SEVERE: Exception while executing runnable org.apache.ratis.thirdparty.io.grpc.internal.ServerImpl$JumpToApplicationThreadServerStreamListener$1Closed@6b23167e
org.apache.ratis.thirdparty.io.grpc.StatusRuntimeException: CANCELLED: call already cancelled
	at org.apache.ratis.thirdparty.io.grpc.Status.asRuntimeException(Status.java:517)
	at org.apache.ratis.thirdparty.io.grpc.stub.ServerCalls$ServerCallStreamObserverImpl.onCompleted(ServerCalls.java:356)
	at org.apache.ratis.grpc.server.GrpcServerProtocolService$ServerRequestStreamObserver.onError(GrpcServerProtocolService.java:121)
	at org.apache.ratis.thirdparty.io.grpc.stub.ServerCalls$StreamingServerCallHandler$StreamingServerCallListener.onCancel(ServerCalls.java:269)
	at org.apache.ratis.thirdparty.io.grpc.internal.ServerCallImpl$ServerStreamListenerImpl.closed(ServerCallImpl.java:293)
	at org.apache.ratis.thirdparty.io.grpc.internal.ServerImpl$JumpToApplicationThreadServerStreamListener$1Closed.runInContext(ServerImpl.java:741)
	at org.apache.ratis.thirdparty.io.grpc.internal.ContextRunnable.run(ContextRunnable.java:37)
	at org.apache.ratis.thirdparty.io.grpc.internal.SerializingExecutor.run(SerializingExecutor.java:123)
	at java.util.concurrent.ThreadPoolExecutor.runWorker(ThreadPoolExecutor.java:1149)
	at java.util.concurrent.ThreadPoolExecutor$Worker.run(ThreadPoolExecutor.java:624)
	at java.lang.Thread.run(Thread.java:748)

Oct 09, 2019 1:04:07 PM org.apache.ratis.thirdparty.io.grpc.internal.SerializingExecutor run
SEVERE: Exception while executing runnable org.apache.ratis.thirdparty.io.grpc.internal.ServerImpl$JumpToApplicationThreadServerStreamListener$1Closed@77156755
org.apache.ratis.thirdparty.io.grpc.StatusRuntimeException: CANCELLED: call already cancelled
	at org.apache.ratis.thirdparty.io.grpc.Status.asRuntimeException(Status.java:517)
	at org.apache.ratis.thirdparty.io.grpc.stub.ServerCalls$ServerCallStreamObserverImpl.onCompleted(ServerCalls.java:356)
	at org.apache.ratis.grpc.server.GrpcServerProtocolService$ServerRequestStreamObserver.onError(GrpcServerProtocolService.java:121)
	at org.apache.ratis.thirdparty.io.grpc.stub.ServerCalls$StreamingServerCallHandler$StreamingServerCallListener.onCancel(ServerCalls.java:269)
	at org.apache.ratis.thirdparty.io.grpc.internal.ServerCallImpl$ServerStreamListenerImpl.closed(ServerCallImpl.java:293)
	at org.apache.ratis.thirdparty.io.grpc.internal.ServerImpl$JumpToApplicationThreadServerStreamListener$1Closed.runInContext(ServerImpl.java:741)
	at org.apache.ratis.thirdparty.io.grpc.internal.ContextRunnable.run(ContextRunnable.java:37)
	at org.apache.ratis.thirdparty.io.grpc.internal.SerializingExecutor.run(SerializingExecutor.java:123)
	at java.util.concurrent.ThreadPoolExecutor.runWorker(ThreadPoolExecutor.java:1149)
	at java.util.concurrent.ThreadPoolExecutor$Worker.run(ThreadPoolExecutor.java:624)
	at java.lang.Thread.run(Thread.java:748)

Oct 09, 2019 1:05:23 PM org.apache.ratis.thirdparty.io.grpc.internal.SerializingExecutor run
SEVERE: Exception while executing runnable org.apache.ratis.thirdparty.io.grpc.internal.ServerImpl$JumpToApplicationThreadServerStreamListener$1Closed@3dda2cae
org.apache.ratis.thirdparty.io.grpc.StatusRuntimeException: CANCELLED: call already cancelled
	at org.apache.ratis.thirdparty.io.grpc.Status.asRuntimeException(Status.java:517)
	at org.apache.ratis.thirdparty.io.grpc.stub.ServerCalls$ServerCallStreamObserverImpl.onCompleted(ServerCalls.java:356)
	at org.apache.ratis.grpc.server.GrpcServerProtocolService$ServerRequestStreamObserver.onError(GrpcServerProtocolService.java:121)
	at org.apache.ratis.thirdparty.io.grpc.stub.ServerCalls$StreamingServerCallHandler$StreamingServerCallListener.onCancel(ServerCalls.java:269)
	at org.apache.ratis.thirdparty.io.grpc.internal.ServerCallImpl$ServerStreamListenerImpl.closed(ServerCallImpl.java:293)
	at org.apache.ratis.thirdparty.io.grpc.internal.ServerImpl$JumpToApplicationThreadServerStreamListener$1Closed.runInContext(ServerImpl.java:741)
	at org.apache.ratis.thirdparty.io.grpc.internal.ContextRunnable.run(ContextRunnable.java:37)
	at org.apache.ratis.thirdparty.io.grpc.internal.SerializingExecutor.run(SerializingExecutor.java:123)
	at java.util.concurrent.ThreadPoolExecutor.runWorker(ThreadPoolExecutor.java:1149)
	at java.util.concurrent.ThreadPoolExecutor$Worker.run(ThreadPoolExecutor.java:624)
	at java.lang.Thread.run(Thread.java:748)

Oct 09, 2019 1:05:23 PM org.apache.ratis.thirdparty.io.grpc.internal.SerializingExecutor run
SEVERE: Exception while executing runnable org.apache.ratis.thirdparty.io.grpc.internal.ServerImpl$JumpToApplicationThreadServerStreamListener$1Closed@647bbd5c
org.apache.ratis.thirdparty.io.grpc.StatusRuntimeException: CANCELLED: call already cancelled
	at org.apache.ratis.thirdparty.io.grpc.Status.asRuntimeException(Status.java:517)
	at org.apache.ratis.thirdparty.io.grpc.stub.ServerCalls$ServerCallStreamObserverImpl.onCompleted(ServerCalls.java:356)
	at org.apache.ratis.grpc.server.GrpcServerProtocolService$ServerRequestStreamObserver.onError(GrpcServerProtocolService.java:121)
	at org.apache.ratis.thirdparty.io.grpc.stub.ServerCalls$StreamingServerCallHandler$StreamingServerCallListener.onCancel(ServerCalls.java:269)
	at org.apache.ratis.thirdparty.io.grpc.internal.ServerCallImpl$ServerStreamListenerImpl.closed(ServerCallImpl.java:293)
	at org.apache.ratis.thirdparty.io.grpc.internal.ServerImpl$JumpToApplicationThreadServerStreamListener$1Closed.runInContext(ServerImpl.java:741)
	at org.apache.ratis.thirdparty.io.grpc.internal.ContextRunnable.run(ContextRunnable.java:37)
	at org.apache.ratis.thirdparty.io.grpc.internal.SerializingExecutor.run(SerializingExecutor.java:123)
	at java.util.concurrent.ThreadPoolExecutor.runWorker(ThreadPoolExecutor.java:1149)
	at java.util.concurrent.ThreadPoolExecutor$Worker.run(ThreadPoolExecutor.java:624)
	at java.lang.Thread.run(Thread.java:748)

Oct 09, 2019 1:05:23 PM org.apache.ratis.thirdparty.io.grpc.internal.SerializingExecutor run
SEVERE: Exception while executing runnable org.apache.ratis.thirdparty.io.grpc.internal.ServerImpl$JumpToApplicationThreadServerStreamListener$1Closed@7820d1c8
org.apache.ratis.thirdparty.io.grpc.StatusRuntimeException: CANCELLED: call already cancelled
	at org.apache.ratis.thirdparty.io.grpc.Status.asRuntimeException(Status.java:517)
	at org.apache.ratis.thirdparty.io.grpc.stub.ServerCalls$ServerCallStreamObserverImpl.onCompleted(ServerCalls.java:356)
	at org.apache.ratis.grpc.server.GrpcServerProtocolService$ServerRequestStreamObserver.onError(GrpcServerProtocolService.java:121)
	at org.apache.ratis.thirdparty.io.grpc.stub.ServerCalls$StreamingServerCallHandler$StreamingServerCallListener.onCancel(ServerCalls.java:269)
	at org.apache.ratis.thirdparty.io.grpc.internal.ServerCallImpl$ServerStreamListenerImpl.closed(ServerCallImpl.java:293)
	at org.apache.ratis.thirdparty.io.grpc.internal.ServerImpl$JumpToApplicationThreadServerStreamListener$1Closed.runInContext(ServerImpl.java:741)
	at org.apache.ratis.thirdparty.io.grpc.internal.ContextRunnable.run(ContextRunnable.java:37)
	at org.apache.ratis.thirdparty.io.grpc.internal.SerializingExecutor.run(SerializingExecutor.java:123)
	at java.util.concurrent.ThreadPoolExecutor.runWorker(ThreadPoolExecutor.java:1149)
	at java.util.concurrent.ThreadPoolExecutor$Worker.run(ThreadPoolExecutor.java:624)
	at java.lang.Thread.run(Thread.java:748)

Oct 09, 2019 1:05:23 PM org.apache.ratis.thirdparty.io.grpc.internal.SerializingExecutor run
SEVERE: Exception while executing runnable org.apache.ratis.thirdparty.io.grpc.internal.ServerImpl$JumpToApplicationThreadServerStreamListener$1Closed@4f438dcf
org.apache.ratis.thirdparty.io.grpc.StatusRuntimeException: CANCELLED: call already cancelled
	at org.apache.ratis.thirdparty.io.grpc.Status.asRuntimeException(Status.java:517)
	at org.apache.ratis.thirdparty.io.grpc.stub.ServerCalls$ServerCallStreamObserverImpl.onCompleted(ServerCalls.java:356)
	at org.apache.ratis.grpc.server.GrpcServerProtocolService$ServerRequestStreamObserver.onError(GrpcServerProtocolService.java:121)
	at org.apache.ratis.thirdparty.io.grpc.stub.ServerCalls$StreamingServerCallHandler$StreamingServerCallListener.onCancel(ServerCalls.java:269)
	at org.apache.ratis.thirdparty.io.grpc.internal.ServerCallImpl$ServerStreamListenerImpl.closed(ServerCallImpl.java:293)
	at org.apache.ratis.thirdparty.io.grpc.internal.ServerImpl$JumpToApplicationThreadServerStreamListener$1Closed.runInContext(ServerImpl.java:741)
	at org.apache.ratis.thirdparty.io.grpc.internal.ContextRunnable.run(ContextRunnable.java:37)
	at org.apache.ratis.thirdparty.io.grpc.internal.SerializingExecutor.run(SerializingExecutor.java:123)
	at java.util.concurrent.ThreadPoolExecutor.runWorker(ThreadPoolExecutor.java:1149)
	at java.util.concurrent.ThreadPoolExecutor$Worker.run(ThreadPoolExecutor.java:624)
	at java.lang.Thread.run(Thread.java:748)

Oct 09, 2019 1:05:23 PM org.apache.ratis.thirdparty.io.grpc.internal.SerializingExecutor run
SEVERE: Exception while executing runnable org.apache.ratis.thirdparty.io.grpc.internal.ServerImpl$JumpToApplicationThreadServerStreamListener$1Closed@3835934d
org.apache.ratis.thirdparty.io.grpc.StatusRuntimeException: CANCELLED: call already cancelled
	at org.apache.ratis.thirdparty.io.grpc.Status.asRuntimeException(Status.java:517)
	at org.apache.ratis.thirdparty.io.grpc.stub.ServerCalls$ServerCallStreamObserverImpl.onCompleted(ServerCalls.java:356)
	at org.apache.ratis.grpc.server.GrpcServerProtocolService$ServerRequestStreamObserver.onError(GrpcServerProtocolService.java:121)
	at org.apache.ratis.thirdparty.io.grpc.stub.ServerCalls$StreamingServerCallHandler$StreamingServerCallListener.onCancel(ServerCalls.java:269)
	at org.apache.ratis.thirdparty.io.grpc.internal.ServerCallImpl$ServerStreamListenerImpl.closed(ServerCallImpl.java:293)
	at org.apache.ratis.thirdparty.io.grpc.internal.ServerImpl$JumpToApplicationThreadServerStreamListener$1Closed.runInContext(ServerImpl.java:741)
	at org.apache.ratis.thirdparty.io.grpc.internal.ContextRunnable.run(ContextRunnable.java:37)
	at org.apache.ratis.thirdparty.io.grpc.internal.SerializingExecutor.run(SerializingExecutor.java:123)
	at java.util.concurrent.ThreadPoolExecutor.runWorker(ThreadPoolExecutor.java:1149)
	at java.util.concurrent.ThreadPoolExecutor$Worker.run(ThreadPoolExecutor.java:624)
	at java.lang.Thread.run(Thread.java:748)

Oct 09, 2019 1:05:23 PM org.apache.ratis.thirdparty.io.grpc.internal.SerializingExecutor run
SEVERE: Exception while executing runnable org.apache.ratis.thirdparty.io.grpc.internal.ServerImpl$JumpToApplicationThreadServerStreamListener$1Closed@31cd219d
org.apache.ratis.thirdparty.io.grpc.StatusRuntimeException: CANCELLED: call already cancelled
	at org.apache.ratis.thirdparty.io.grpc.Status.asRuntimeException(Status.java:517)
	at org.apache.ratis.thirdparty.io.grpc.stub.ServerCalls$ServerCallStreamObserverImpl.onCompleted(ServerCalls.java:356)
	at org.apache.ratis.grpc.server.GrpcServerProtocolService$ServerRequestStreamObserver.onError(GrpcServerProtocolService.java:121)
	at org.apache.ratis.thirdparty.io.grpc.stub.ServerCalls$StreamingServerCallHandler$StreamingServerCallListener.onCancel(ServerCalls.java:269)
	at org.apache.ratis.thirdparty.io.grpc.internal.ServerCallImpl$ServerStreamListenerImpl.closed(ServerCallImpl.java:293)
	at org.apache.ratis.thirdparty.io.grpc.internal.ServerImpl$JumpToApplicationThreadServerStreamListener$1Closed.runInContext(ServerImpl.java:741)
	at org.apache.ratis.thirdparty.io.grpc.internal.ContextRunnable.run(ContextRunnable.java:37)
	at org.apache.ratis.thirdparty.io.grpc.internal.SerializingExecutor.run(SerializingExecutor.java:123)
	at java.util.concurrent.ThreadPoolExecutor.runWorker(ThreadPoolExecutor.java:1149)
	at java.util.concurrent.ThreadPoolExecutor$Worker.run(ThreadPoolExecutor.java:624)
	at java.lang.Thread.run(Thread.java:748)

Oct 09, 2019 1:05:23 PM org.apache.ratis.thirdparty.io.grpc.internal.SerializingExecutor run
SEVERE: Exception while executing runnable org.apache.ratis.thirdparty.io.grpc.internal.ServerImpl$JumpToApplicationThreadServerStreamListener$1Closed@d27bbe6
org.apache.ratis.thirdparty.io.grpc.StatusRuntimeException: CANCELLED: call already cancelled
	at org.apache.ratis.thirdparty.io.grpc.Status.asRuntimeException(Status.java:517)
	at org.apache.ratis.thirdparty.io.grpc.stub.ServerCalls$ServerCallStreamObserverImpl.onCompleted(ServerCalls.java:356)
	at org.apache.ratis.grpc.server.GrpcServerProtocolService$ServerRequestStreamObserver.onError(GrpcServerProtocolService.java:121)
	at org.apache.ratis.thirdparty.io.grpc.stub.ServerCalls$StreamingServerCallHandler$StreamingServerCallListener.onCancel(ServerCalls.java:269)
	at org.apache.ratis.thirdparty.io.grpc.internal.ServerCallImpl$ServerStreamListenerImpl.closed(ServerCallImpl.java:293)
	at org.apache.ratis.thirdparty.io.grpc.internal.ServerImpl$JumpToApplicationThreadServerStreamListener$1Closed.runInContext(ServerImpl.java:741)
	at org.apache.ratis.thirdparty.io.grpc.internal.ContextRunnable.run(ContextRunnable.java:37)
	at org.apache.ratis.thirdparty.io.grpc.internal.SerializingExecutor.run(SerializingExecutor.java:123)
	at java.util.concurrent.ThreadPoolExecutor.runWorker(ThreadPoolExecutor.java:1149)
	at java.util.concurrent.ThreadPoolExecutor$Worker.run(ThreadPoolExecutor.java:624)
	at java.lang.Thread.run(Thread.java:748)

Oct 09, 2019 1:05:23 PM org.apache.ratis.thirdparty.io.grpc.internal.SerializingExecutor run
SEVERE: Exception while executing runnable org.apache.ratis.thirdparty.io.grpc.internal.ServerImpl$JumpToApplicationThreadServerStreamListener$1Closed@12050be3
org.apache.ratis.thirdparty.io.grpc.StatusRuntimeException: CANCELLED: call already cancelled
	at org.apache.ratis.thirdparty.io.grpc.Status.asRuntimeException(Status.java:517)
	at org.apache.ratis.thirdparty.io.grpc.stub.ServerCalls$ServerCallStreamObserverImpl.onCompleted(ServerCalls.java:356)
	at org.apache.ratis.grpc.server.GrpcServerProtocolService$ServerRequestStreamObserver.onError(GrpcServerProtocolService.java:121)
	at org.apache.ratis.thirdparty.io.grpc.stub.ServerCalls$StreamingServerCallHandler$StreamingServerCallListener.onCancel(ServerCalls.java:269)
	at org.apache.ratis.thirdparty.io.grpc.internal.ServerCallImpl$ServerStreamListenerImpl.closed(ServerCallImpl.java:293)
	at org.apache.ratis.thirdparty.io.grpc.internal.ServerImpl$JumpToApplicationThreadServerStreamListener$1Closed.runInContext(ServerImpl.java:741)
	at org.apache.ratis.thirdparty.io.grpc.internal.ContextRunnable.run(ContextRunnable.java:37)
	at org.apache.ratis.thirdparty.io.grpc.internal.SerializingExecutor.run(SerializingExecutor.java:123)
	at java.util.concurrent.ThreadPoolExecutor.runWorker(ThreadPoolExecutor.java:1149)
	at java.util.concurrent.ThreadPoolExecutor$Worker.run(ThreadPoolExecutor.java:624)
	at java.lang.Thread.run(Thread.java:748)

Oct 09, 2019 1:05:24 PM org.apache.ratis.thirdparty.io.grpc.internal.SerializingExecutor run
SEVERE: Exception while executing runnable org.apache.ratis.thirdparty.io.grpc.internal.ServerImpl$JumpToApplicationThreadServerStreamListener$1Closed@18fd6093
org.apache.ratis.thirdparty.io.grpc.StatusRuntimeException: CANCELLED: call already cancelled
	at org.apache.ratis.thirdparty.io.grpc.Status.asRuntimeException(Status.java:517)
	at org.apache.ratis.thirdparty.io.grpc.stub.ServerCalls$ServerCallStreamObserverImpl.onCompleted(ServerCalls.java:356)
	at org.apache.ratis.grpc.server.GrpcServerProtocolService$ServerRequestStreamObserver.onError(GrpcServerProtocolService.java:121)
	at org.apache.ratis.thirdparty.io.grpc.stub.ServerCalls$StreamingServerCallHandler$StreamingServerCallListener.onCancel(ServerCalls.java:269)
	at org.apache.ratis.thirdparty.io.grpc.internal.ServerCallImpl$ServerStreamListenerImpl.closed(ServerCallImpl.java:293)
	at org.apache.ratis.thirdparty.io.grpc.internal.ServerImpl$JumpToApplicationThreadServerStreamListener$1Closed.runInContext(ServerImpl.java:741)
	at org.apache.ratis.thirdparty.io.grpc.internal.ContextRunnable.run(ContextRunnable.java:37)
	at org.apache.ratis.thirdparty.io.grpc.internal.SerializingExecutor.run(SerializingExecutor.java:123)
	at java.util.concurrent.ThreadPoolExecutor.runWorker(ThreadPoolExecutor.java:1149)
	at java.util.concurrent.ThreadPoolExecutor$Worker.run(ThreadPoolExecutor.java:624)
	at java.lang.Thread.run(Thread.java:748)

Oct 09, 2019 1:05:24 PM org.apache.ratis.thirdparty.io.grpc.internal.SerializingExecutor run
SEVERE: Exception while executing runnable org.apache.ratis.thirdparty.io.grpc.internal.ServerImpl$JumpToApplicationThreadServerStreamListener$1Closed@7dfd096
org.apache.ratis.thirdparty.io.grpc.StatusRuntimeException: CANCELLED: call already cancelled
	at org.apache.ratis.thirdparty.io.grpc.Status.asRuntimeException(Status.java:517)
	at org.apache.ratis.thirdparty.io.grpc.stub.ServerCalls$ServerCallStreamObserverImpl.onCompleted(ServerCalls.java:356)
	at org.apache.ratis.grpc.server.GrpcServerProtocolService$ServerRequestStreamObserver.onError(GrpcServerProtocolService.java:121)
	at org.apache.ratis.thirdparty.io.grpc.stub.ServerCalls$StreamingServerCallHandler$StreamingServerCallListener.onCancel(ServerCalls.java:269)
	at org.apache.ratis.thirdparty.io.grpc.internal.ServerCallImpl$ServerStreamListenerImpl.closed(ServerCallImpl.java:293)
	at org.apache.ratis.thirdparty.io.grpc.internal.ServerImpl$JumpToApplicationThreadServerStreamListener$1Closed.runInContext(ServerImpl.java:741)
	at org.apache.ratis.thirdparty.io.grpc.internal.ContextRunnable.run(ContextRunnable.java:37)
	at org.apache.ratis.thirdparty.io.grpc.internal.SerializingExecutor.run(SerializingExecutor.java:123)
	at java.util.concurrent.ThreadPoolExecutor.runWorker(ThreadPoolExecutor.java:1149)
	at java.util.concurrent.ThreadPoolExecutor$Worker.run(ThreadPoolExecutor.java:624)
	at java.lang.Thread.run(Thread.java:748)

Oct 09, 2019 1:05:24 PM org.apache.ratis.thirdparty.io.grpc.internal.SerializingExecutor run
SEVERE: Exception while executing runnable org.apache.ratis.thirdparty.io.grpc.internal.ServerImpl$JumpToApplicationThreadServerStreamListener$1Closed@45bbe6bf
org.apache.ratis.thirdparty.io.grpc.StatusRuntimeException: CANCELLED: call already cancelled
	at org.apache.ratis.thirdparty.io.grpc.Status.asRuntimeException(Status.java:517)
	at org.apache.ratis.thirdparty.io.grpc.stub.ServerCalls$ServerCallStreamObserverImpl.onCompleted(ServerCalls.java:356)
	at org.apache.ratis.grpc.server.GrpcServerProtocolService$ServerRequestStreamObserver.onError(GrpcServerProtocolService.java:121)
	at org.apache.ratis.thirdparty.io.grpc.stub.ServerCalls$StreamingServerCallHandler$StreamingServerCallListener.onCancel(ServerCalls.java:269)
	at org.apache.ratis.thirdparty.io.grpc.internal.ServerCallImpl$ServerStreamListenerImpl.closed(ServerCallImpl.java:293)
	at org.apache.ratis.thirdparty.io.grpc.internal.ServerImpl$JumpToApplicationThreadServerStreamListener$1Closed.runInContext(ServerImpl.java:741)
	at org.apache.ratis.thirdparty.io.grpc.internal.ContextRunnable.run(ContextRunnable.java:37)
	at org.apache.ratis.thirdparty.io.grpc.internal.SerializingExecutor.run(SerializingExecutor.java:123)
	at java.util.concurrent.ThreadPoolExecutor.runWorker(ThreadPoolExecutor.java:1149)
	at java.util.concurrent.ThreadPoolExecutor$Worker.run(ThreadPoolExecutor.java:624)
	at java.lang.Thread.run(Thread.java:748)

Oct 09, 2019 1:05:24 PM org.apache.ratis.thirdparty.io.grpc.internal.SerializingExecutor run
SEVERE: Exception while executing runnable org.apache.ratis.thirdparty.io.grpc.internal.ServerImpl$JumpToApplicationThreadServerStreamListener$1Closed@32cdf83d
org.apache.ratis.thirdparty.io.grpc.StatusRuntimeException: CANCELLED: call already cancelled
	at org.apache.ratis.thirdparty.io.grpc.Status.asRuntimeException(Status.java:517)
	at org.apache.ratis.thirdparty.io.grpc.stub.ServerCalls$ServerCallStreamObserverImpl.onCompleted(ServerCalls.java:356)
	at org.apache.ratis.grpc.server.GrpcServerProtocolService$ServerRequestStreamObserver.onError(GrpcServerProtocolService.java:121)
	at org.apache.ratis.thirdparty.io.grpc.stub.ServerCalls$StreamingServerCallHandler$StreamingServerCallListener.onCancel(ServerCalls.java:269)
	at org.apache.ratis.thirdparty.io.grpc.internal.ServerCallImpl$ServerStreamListenerImpl.closed(ServerCallImpl.java:293)
	at org.apache.ratis.thirdparty.io.grpc.internal.ServerImpl$JumpToApplicationThreadServerStreamListener$1Closed.runInContext(ServerImpl.java:741)
	at org.apache.ratis.thirdparty.io.grpc.internal.ContextRunnable.run(ContextRunnable.java:37)
	at org.apache.ratis.thirdparty.io.grpc.internal.SerializingExecutor.run(SerializingExecutor.java:123)
	at java.util.concurrent.ThreadPoolExecutor.runWorker(ThreadPoolExecutor.java:1149)
	at java.util.concurrent.ThreadPoolExecutor$Worker.run(ThreadPoolExecutor.java:624)
	at java.lang.Thread.run(Thread.java:748)

Oct 09, 2019 1:05:29 PM org.apache.ratis.thirdparty.io.grpc.internal.SerializingExecutor run
SEVERE: Exception while executing runnable org.apache.ratis.thirdparty.io.grpc.internal.ServerImpl$JumpToApplicationThreadServerStreamListener$1Closed@3b354aed
org.apache.ratis.thirdparty.io.grpc.StatusRuntimeException: CANCELLED: call already cancelled
	at org.apache.ratis.thirdparty.io.grpc.Status.asRuntimeException(Status.java:517)
	at org.apache.ratis.thirdparty.io.grpc.stub.ServerCalls$ServerCallStreamObserverImpl.onCompleted(ServerCalls.java:356)
	at org.apache.ratis.grpc.server.GrpcServerProtocolService$ServerRequestStreamObserver.onError(GrpcServerProtocolService.java:121)
	at org.apache.ratis.thirdparty.io.grpc.stub.ServerCalls$StreamingServerCallHandler$StreamingServerCallListener.onCancel(ServerCalls.java:269)
	at org.apache.ratis.thirdparty.io.grpc.internal.ServerCallImpl$ServerStreamListenerImpl.closed(ServerCallImpl.java:293)
	at org.apache.ratis.thirdparty.io.grpc.internal.ServerImpl$JumpToApplicationThreadServerStreamListener$1Closed.runInContext(ServerImpl.java:741)
	at org.apache.ratis.thirdparty.io.grpc.internal.ContextRunnable.run(ContextRunnable.java:37)
	at org.apache.ratis.thirdparty.io.grpc.internal.SerializingExecutor.run(SerializingExecutor.java:123)
	at java.util.concurrent.ThreadPoolExecutor.runWorker(ThreadPoolExecutor.java:1149)
	at java.util.concurrent.ThreadPoolExecutor$Worker.run(ThreadPoolExecutor.java:624)
	at java.lang.Thread.run(Thread.java:748)

Oct 09, 2019 1:05:29 PM org.apache.ratis.thirdparty.io.grpc.internal.SerializingExecutor run
SEVERE: Exception while executing runnable org.apache.ratis.thirdparty.io.grpc.internal.ServerImpl$JumpToApplicationThreadServerStreamListener$1Closed@7295253f
org.apache.ratis.thirdparty.io.grpc.StatusRuntimeException: CANCELLED: call already cancelled
	at org.apache.ratis.thirdparty.io.grpc.Status.asRuntimeException(Status.java:517)
	at org.apache.ratis.thirdparty.io.grpc.stub.ServerCalls$ServerCallStreamObserverImpl.onCompleted(ServerCalls.java:356)
	at org.apache.ratis.grpc.server.GrpcServerProtocolService$ServerRequestStreamObserver.onError(GrpcServerProtocolService.java:121)
	at org.apache.ratis.thirdparty.io.grpc.stub.ServerCalls$StreamingServerCallHandler$StreamingServerCallListener.onCancel(ServerCalls.java:269)
	at org.apache.ratis.thirdparty.io.grpc.internal.ServerCallImpl$ServerStreamListenerImpl.closed(ServerCallImpl.java:293)
	at org.apache.ratis.thirdparty.io.grpc.internal.ServerImpl$JumpToApplicationThreadServerStreamListener$1Closed.runInContext(ServerImpl.java:741)
	at org.apache.ratis.thirdparty.io.grpc.internal.ContextRunnable.run(ContextRunnable.java:37)
	at org.apache.ratis.thirdparty.io.grpc.internal.SerializingExecutor.run(SerializingExecutor.java:123)
	at java.util.concurrent.ThreadPoolExecutor.runWorker(ThreadPoolExecutor.java:1149)
	at java.util.concurrent.ThreadPoolExecutor$Worker.run(ThreadPoolExecutor.java:624)
	at java.lang.Thread.run(Thread.java:748)

Oct 09, 2019 1:05:29 PM org.apache.ratis.thirdparty.io.grpc.internal.SerializingExecutor run
SEVERE: Exception while executing runnable org.apache.ratis.thirdparty.io.grpc.internal.ServerImpl$JumpToApplicationThreadServerStreamListener$1Closed@22f2a146
org.apache.ratis.thirdparty.io.grpc.StatusRuntimeException: CANCELLED: call already cancelled
	at org.apache.ratis.thirdparty.io.grpc.Status.asRuntimeException(Status.java:517)
	at org.apache.ratis.thirdparty.io.grpc.stub.ServerCalls$ServerCallStreamObserverImpl.onCompleted(ServerCalls.java:356)
	at org.apache.ratis.grpc.server.GrpcServerProtocolService$ServerRequestStreamObserver.onError(GrpcServerProtocolService.java:121)
	at org.apache.ratis.thirdparty.io.grpc.stub.ServerCalls$StreamingServerCallHandler$StreamingServerCallListener.onCancel(ServerCalls.java:269)
	at org.apache.ratis.thirdparty.io.grpc.internal.ServerCallImpl$ServerStreamListenerImpl.closed(ServerCallImpl.java:293)
	at org.apache.ratis.thirdparty.io.grpc.internal.ServerImpl$JumpToApplicationThreadServerStreamListener$1Closed.runInContext(ServerImpl.java:741)
	at org.apache.ratis.thirdparty.io.grpc.internal.ContextRunnable.run(ContextRunnable.java:37)
	at org.apache.ratis.thirdparty.io.grpc.internal.SerializingExecutor.run(SerializingExecutor.java:123)
	at java.util.concurrent.ThreadPoolExecutor.runWorker(ThreadPoolExecutor.java:1149)
	at java.util.concurrent.ThreadPoolExecutor$Worker.run(ThreadPoolExecutor.java:624)
	at java.lang.Thread.run(Thread.java:748)

Oct 09, 2019 1:05:29 PM org.apache.ratis.thirdparty.io.grpc.internal.SerializingExecutor run
SEVERE: Exception while executing runnable org.apache.ratis.thirdparty.io.grpc.internal.ServerImpl$JumpToApplicationThreadServerStreamListener$1Closed@1ba3235b
org.apache.ratis.thirdparty.io.grpc.StatusRuntimeException: CANCELLED: call already cancelled
	at org.apache.ratis.thirdparty.io.grpc.Status.asRuntimeException(Status.java:517)
	at org.apache.ratis.thirdparty.io.grpc.stub.ServerCalls$ServerCallStreamObserverImpl.onCompleted(ServerCalls.java:356)
	at org.apache.ratis.grpc.server.GrpcServerProtocolService$ServerRequestStreamObserver.onError(GrpcServerProtocolService.java:121)
	at org.apache.ratis.thirdparty.io.grpc.stub.ServerCalls$StreamingServerCallHandler$StreamingServerCallListener.onCancel(ServerCalls.java:269)
	at org.apache.ratis.thirdparty.io.grpc.internal.ServerCallImpl$ServerStreamListenerImpl.closed(ServerCallImpl.java:293)
	at org.apache.ratis.thirdparty.io.grpc.internal.ServerImpl$JumpToApplicationThreadServerStreamListener$1Closed.runInContext(ServerImpl.java:741)
	at org.apache.ratis.thirdparty.io.grpc.internal.ContextRunnable.run(ContextRunnable.java:37)
	at org.apache.ratis.thirdparty.io.grpc.internal.SerializingExecutor.run(SerializingExecutor.java:123)
	at java.util.concurrent.ThreadPoolExecutor.runWorker(ThreadPoolExecutor.java:1149)
	at java.util.concurrent.ThreadPoolExecutor$Worker.run(ThreadPoolExecutor.java:624)
	at java.lang.Thread.run(Thread.java:748)

Oct 09, 2019 1:05:29 PM org.apache.ratis.thirdparty.io.grpc.internal.SerializingExecutor run
SEVERE: Exception while executing runnable org.apache.ratis.thirdparty.io.grpc.internal.ServerImpl$JumpToApplicationThreadServerStreamListener$1Closed@71a4e277
org.apache.ratis.thirdparty.io.grpc.StatusRuntimeException: CANCELLED: call already cancelled
	at org.apache.ratis.thirdparty.io.grpc.Status.asRuntimeException(Status.java:517)
	at org.apache.ratis.thirdparty.io.grpc.stub.ServerCalls$ServerCallStreamObserverImpl.onCompleted(ServerCalls.java:356)
	at org.apache.ratis.grpc.server.GrpcServerProtocolService$ServerRequestStreamObserver.onError(GrpcServerProtocolService.java:121)
	at org.apache.ratis.thirdparty.io.grpc.stub.ServerCalls$StreamingServerCallHandler$StreamingServerCallListener.onCancel(ServerCalls.java:269)
	at org.apache.ratis.thirdparty.io.grpc.internal.ServerCallImpl$ServerStreamListenerImpl.closed(ServerCallImpl.java:293)
	at org.apache.ratis.thirdparty.io.grpc.internal.ServerImpl$JumpToApplicationThreadServerStreamListener$1Closed.runInContext(ServerImpl.java:741)
	at org.apache.ratis.thirdparty.io.grpc.internal.ContextRunnable.run(ContextRunnable.java:37)
	at org.apache.ratis.thirdparty.io.grpc.internal.SerializingExecutor.run(SerializingExecutor.java:123)
	at java.util.concurrent.ThreadPoolExecutor.runWorker(ThreadPoolExecutor.java:1149)
	at java.util.concurrent.ThreadPoolExecutor$Worker.run(ThreadPoolExecutor.java:624)
	at java.lang.Thread.run(Thread.java:748)

]]></system-err>
  </testcase>
  <testcase name="testDatanodeFailureWithPreAllocation" classname="org.apache.hadoop.ozone.client.rpc.TestBlockOutputStreamWithFailures" time="224.335"/>
  <testcase name="testDatanodeFailureWithSingleNodeRatis" classname="org.apache.hadoop.ozone.client.rpc.TestBlockOutputStreamWithFailures" time="223.75"/>
  <testcase name="testWatchForCommitWithSingleNodeRatis" classname="org.apache.hadoop.ozone.client.rpc.TestBlockOutputStreamWithFailures" time="35.497"/>
  <testcase name="testWatchForCommitDatanodeFailure" classname="org.apache.hadoop.ozone.client.rpc.TestBlockOutputStreamWithFailures" time="63.584">
    <failure message="expected:&lt;2&gt; but was:&lt;3&gt;" type="java.lang.AssertionError"><![CDATA[java.lang.AssertionError: expected:<2> but was:<3>
	at org.junit.Assert.fail(Assert.java:88)
	at org.junit.Assert.failNotEquals(Assert.java:743)
	at org.junit.Assert.assertEquals(Assert.java:118)
	at org.junit.Assert.assertEquals(Assert.java:555)
	at org.junit.Assert.assertEquals(Assert.java:542)
	at org.apache.hadoop.ozone.client.rpc.TestBlockOutputStreamWithFailures.testWatchForCommitDatanodeFailure(TestBlockOutputStreamWithFailures.java:366)
	at sun.reflect.NativeMethodAccessorImpl.invoke0(Native Method)
	at sun.reflect.NativeMethodAccessorImpl.invoke(NativeMethodAccessorImpl.java:62)
	at sun.reflect.DelegatingMethodAccessorImpl.invoke(DelegatingMethodAccessorImpl.java:43)
	at java.lang.reflect.Method.invoke(Method.java:498)
	at org.junit.runners.model.FrameworkMethod$1.runReflectiveCall(FrameworkMethod.java:47)
	at org.junit.internal.runners.model.ReflectiveCallable.run(ReflectiveCallable.java:12)
	at org.junit.runners.model.FrameworkMethod.invokeExplosively(FrameworkMethod.java:44)
	at org.junit.internal.runners.statements.InvokeMethod.evaluate(InvokeMethod.java:17)
	at org.junit.internal.runners.statements.RunBefores.evaluate(RunBefores.java:26)
	at org.junit.internal.runners.statements.RunAfters.evaluate(RunAfters.java:27)
	at org.junit.runners.ParentRunner.runLeaf(ParentRunner.java:271)
	at org.junit.runners.BlockJUnit4ClassRunner.runChild(BlockJUnit4ClassRunner.java:70)
	at org.junit.runners.BlockJUnit4ClassRunner.runChild(BlockJUnit4ClassRunner.java:50)
	at org.junit.runners.ParentRunner$3.run(ParentRunner.java:238)
	at org.junit.runners.ParentRunner$1.schedule(ParentRunner.java:63)
	at org.junit.runners.ParentRunner.runChildren(ParentRunner.java:236)
	at org.junit.runners.ParentRunner.access$000(ParentRunner.java:53)
	at org.junit.runners.ParentRunner$2.evaluate(ParentRunner.java:229)
	at org.junit.runners.ParentRunner.run(ParentRunner.java:309)
	at org.apache.maven.surefire.junit4.JUnit4Provider.execute(JUnit4Provider.java:365)
	at org.apache.maven.surefire.junit4.JUnit4Provider.executeWithRerun(JUnit4Provider.java:273)
	at org.apache.maven.surefire.junit4.JUnit4Provider.executeTestSet(JUnit4Provider.java:238)
	at org.apache.maven.surefire.junit4.JUnit4Provider.invoke(JUnit4Provider.java:159)
	at org.apache.maven.surefire.booter.ForkedBooter.invokeProviderInSameClassLoader(ForkedBooter.java:384)
	at org.apache.maven.surefire.booter.ForkedBooter.runSuitesInProcess(ForkedBooter.java:345)
	at org.apache.maven.surefire.booter.ForkedBooter.execute(ForkedBooter.java:126)
	at org.apache.maven.surefire.booter.ForkedBooter.main(ForkedBooter.java:418)
]]></failure>
    <system-out><![CDATA[2019-10-09 13:13:37,894 [main] WARN  server.ServerUtils (ServerUtils.java:getScmDbDir(145)) - ozone.scm.db.dirs is not configured. We recommend adding this setting. Falling back to ozone.metadata.dirs instead.
2019-10-09 13:13:37,937 [main] WARN  server.ServerUtils (ServerUtils.java:getScmDbDir(145)) - ozone.scm.db.dirs is not configured. We recommend adding this setting. Falling back to ozone.metadata.dirs instead.
2019-10-09 13:13:37,938 [main] WARN  server.ServerUtils (ServerUtils.java:getScmDbDir(145)) - ozone.scm.db.dirs is not configured. We recommend adding this setting. Falling back to ozone.metadata.dirs instead.
2019-10-09 13:13:37,938 [main] INFO  db.DBStoreBuilder (DBStoreBuilder.java:addTable(110)) - using custom profile for table: deletedBlocks
2019-10-09 13:13:37,938 [main] INFO  db.DBStoreBuilder (DBStoreBuilder.java:processTables(161)) - Using default column profile:DBProfile.DISK for Table:deletedBlocks
2019-10-09 13:13:37,939 [main] INFO  db.DBStoreBuilder (DBStoreBuilder.java:addTable(110)) - using custom profile for table: validCerts
2019-10-09 13:13:37,939 [main] INFO  db.DBStoreBuilder (DBStoreBuilder.java:processTables(161)) - Using default column profile:DBProfile.DISK for Table:validCerts
2019-10-09 13:13:37,939 [main] INFO  db.DBStoreBuilder (DBStoreBuilder.java:addTable(110)) - using custom profile for table: revokedCerts
2019-10-09 13:13:37,939 [main] INFO  db.DBStoreBuilder (DBStoreBuilder.java:processTables(161)) - Using default column profile:DBProfile.DISK for Table:revokedCerts
2019-10-09 13:13:37,939 [main] INFO  db.DBStoreBuilder (DBStoreBuilder.java:addTable(110)) - using custom profile for table: default
2019-10-09 13:13:37,939 [main] INFO  db.DBStoreBuilder (DBStoreBuilder.java:processTables(167)) - Using default column profile:DBProfile.DISK for Table:default
2019-10-09 13:13:37,940 [main] INFO  db.DBStoreBuilder (DBStoreBuilder.java:getDbProfile(198)) - Using default options. DBProfile.DISK
2019-10-09 13:13:38,089 [main] INFO  net.NodeSchemaLoader (NodeSchemaLoader.java:loadSchemaFromFile(125)) - Loading file from sun.misc.CompoundEnumeration@31ab1e67
2019-10-09 13:13:38,089 [main] INFO  net.NodeSchemaLoader (NodeSchemaLoader.java:loadSchema(171)) - Loading network topology layer schema file
2019-10-09 13:13:38,095 [main] INFO  node.SCMNodeManager (SCMNodeManager.java:<init>(114)) - Entering startup safe mode.
2019-10-09 13:13:38,096 [main] INFO  algorithms.ContainerPlacementPolicyFactory (ContainerPlacementPolicyFactory.java:getPolicy(59)) - Create container placement policy of type org.apache.hadoop.hdds.scm.container.placement.algorithms.SCMContainerPlacementRandom
2019-10-09 13:13:38,097 [main] WARN  server.ServerUtils (ServerUtils.java:getScmDbDir(145)) - ozone.scm.db.dirs is not configured. We recommend adding this setting. Falling back to ozone.metadata.dirs instead.
2019-10-09 13:13:38,147 [main] INFO  pipeline.SCMPipelineManager (SCMPipelineManager.java:initializePipelineState(137)) - No pipeline exists in current db
2019-10-09 13:13:38,147 [main] WARN  server.ServerUtils (ServerUtils.java:getScmDbDir(145)) - ozone.scm.db.dirs is not configured. We recommend adding this setting. Falling back to ozone.metadata.dirs instead.
2019-10-09 13:13:38,174 [main] WARN  events.EventQueue (EventQueue.java:fireEvent(183)) - No event handler registered for event TypedEvent{payloadType=SafeModeStatus, name='SafeModeStatus'}
2019-10-09 13:13:38,175 [main] INFO  ipc.CallQueueManager (CallQueueManager.java:<init>(84)) - Using callQueue: class java.util.concurrent.LinkedBlockingQueue, queueCapacity: 2000, scheduler: class org.apache.hadoop.ipc.DefaultRpcScheduler, ipcBackoff: false.
2019-10-09 13:13:38,177 [Socket Reader #1 for port 34501] INFO  ipc.Server (Server.java:run(1074)) - Starting Socket Reader #1 for port 34501
2019-10-09 13:13:38,180 [main] INFO  ipc.CallQueueManager (CallQueueManager.java:<init>(84)) - Using callQueue: class java.util.concurrent.LinkedBlockingQueue, queueCapacity: 2000, scheduler: class org.apache.hadoop.ipc.DefaultRpcScheduler, ipcBackoff: false.
2019-10-09 13:13:38,181 [Socket Reader #1 for port 38037] INFO  ipc.Server (Server.java:run(1074)) - Starting Socket Reader #1 for port 38037
2019-10-09 13:13:38,183 [main] INFO  ipc.CallQueueManager (CallQueueManager.java:<init>(84)) - Using callQueue: class java.util.concurrent.LinkedBlockingQueue, queueCapacity: 2000, scheduler: class org.apache.hadoop.ipc.DefaultRpcScheduler, ipcBackoff: false.
2019-10-09 13:13:38,184 [Socket Reader #1 for port 43123] INFO  ipc.Server (Server.java:run(1074)) - Starting Socket Reader #1 for port 43123
2019-10-09 13:13:38,188 [main] INFO  hdfs.DFSUtil (DFSUtil.java:httpServerTemplateForNNAndJN(1641)) - Starting Web-server for scm at: http://0.0.0.0:0
2019-10-09 13:13:38,190 [main] INFO  server.AuthenticationFilter (AuthenticationFilter.java:constructSecretProvider(240)) - Unable to initialize FileSignerSecretProvider, falling back to use random secrets.
2019-10-09 13:13:38,191 [main] WARN  http.HttpRequestLog (HttpRequestLog.java:getRequestLog(97)) - Jetty request log can only be enabled using Log4j
2019-10-09 13:13:38,193 [main] INFO  http.HttpServer2 (HttpServer2.java:addGlobalFilter(975)) - Added global filter 'safety' (class=org.apache.hadoop.http.HttpServer2$QuotingInputFilter)
2019-10-09 13:13:38,194 [main] INFO  http.HttpServer2 (HttpServer2.java:addFilter(948)) - Added filter static_user_filter (class=org.apache.hadoop.http.lib.StaticUserWebFilter$StaticUserFilter) to context scm
2019-10-09 13:13:38,194 [main] INFO  http.HttpServer2 (HttpServer2.java:addFilter(958)) - Added filter static_user_filter (class=org.apache.hadoop.http.lib.StaticUserWebFilter$StaticUserFilter) to context logs
2019-10-09 13:13:38,194 [main] INFO  http.HttpServer2 (HttpServer2.java:addFilter(958)) - Added filter static_user_filter (class=org.apache.hadoop.http.lib.StaticUserWebFilter$StaticUserFilter) to context static
2019-10-09 13:13:38,196 [main] INFO  server.StorageContainerManager (StorageContainerManager.java:start(770)) - StorageContainerLocationProtocol RPC server is listening at /0.0.0.0:43123
2019-10-09 13:13:38,199 [main] WARN  impl.MetricsConfig (MetricsConfig.java:loadFirst(134)) - Cannot locate configuration: tried hadoop-metrics2-storagecontainermanager.properties,hadoop-metrics2.properties
2019-10-09 13:13:38,200 [main] INFO  impl.MetricsSystemImpl (MetricsSystemImpl.java:startTimer(374)) - Scheduled Metric snapshot period at 10 second(s).
2019-10-09 13:13:38,200 [main] INFO  impl.MetricsSystemImpl (MetricsSystemImpl.java:start(191)) - StorageContainerManager metrics system started
2019-10-09 13:13:38,334 [main] WARN  impl.MetricsSystemImpl (MetricsSystemImpl.java:register(276)) - Sink prometheus already exists!
2019-10-09 13:13:38,415 [main] INFO  server.SCMClientProtocolServer (SCMClientProtocolServer.java:start(151)) - RPC server for Client  is listening at /0.0.0.0:43123
2019-10-09 13:13:38,416 [IPC Server Responder] INFO  ipc.Server (Server.java:run(1314)) - IPC Server Responder: starting
2019-10-09 13:13:38,416 [IPC Server listener on 43123] INFO  ipc.Server (Server.java:run(1153)) - IPC Server listener on 43123: starting
2019-10-09 13:13:38,423 [main] INFO  server.StorageContainerManager (StorageContainerManager.java:start(780)) - ScmBlockLocationProtocol RPC server is listening at /0.0.0.0:38037
2019-10-09 13:13:38,423 [main] INFO  server.SCMBlockProtocolServer (SCMBlockProtocolServer.java:start(146)) - RPC server for Block Protocol is listening at /0.0.0.0:38037
2019-10-09 13:13:38,424 [IPC Server Responder] INFO  ipc.Server (Server.java:run(1314)) - IPC Server Responder: starting
2019-10-09 13:13:38,424 [IPC Server listener on 38037] INFO  ipc.Server (Server.java:run(1153)) - IPC Server listener on 38037: starting
2019-10-09 13:13:38,430 [main] INFO  server.StorageContainerManager (StorageContainerManager.java:start(784)) - ScmDatanodeProtocl RPC server is listening at /0.0.0.0:34501
2019-10-09 13:13:38,430 [main] INFO  server.SCMDatanodeProtocolServer (SCMDatanodeProtocolServer.java:start(191)) - RPC server for DataNodes is listening at /0.0.0.0:34501
2019-10-09 13:13:38,431 [IPC Server Responder] INFO  ipc.Server (Server.java:run(1314)) - IPC Server Responder: starting
2019-10-09 13:13:38,431 [IPC Server listener on 34501] INFO  ipc.Server (Server.java:run(1153)) - IPC Server listener on 34501: starting
2019-10-09 13:13:38,437 [main] INFO  http.HttpServer2 (HttpServer2.java:bindListener(1191)) - Jetty bound to port 39426
2019-10-09 13:13:38,437 [main] INFO  server.Server (Server.java:doStart(351)) - jetty-9.3.25.v20180904, build timestamp: 2018-09-04T21:11:46Z, git hash: 3ce520221d0240229c862b122d2b06c12a625732
2019-10-09 13:13:38,440 [main] INFO  handler.ContextHandler (ContextHandler.java:doStart(781)) - Started o.e.j.s.ServletContextHandler@5d1bdd4a{/logs,file:///workdir/hadoop-ozone/integration-test/target/log,AVAILABLE}
2019-10-09 13:13:38,441 [main] INFO  handler.ContextHandler (ContextHandler.java:doStart(781)) - Started o.e.j.s.ServletContextHandler@3457cc8d{/static,file:///workdir/hadoop-ozone/integration-test/target/test-classes/webapps/static,AVAILABLE}
2019-10-09 13:13:38,449 [main] INFO  handler.ContextHandler (ContextHandler.java:doStart(781)) - Started o.e.j.w.WebAppContext@6fbf5db2{/,file:///workdir/hadoop-ozone/integration-test/target/test-classes/webapps/scm/,AVAILABLE}{/scm}
2019-10-09 13:13:38,450 [main] INFO  server.AbstractConnector (AbstractConnector.java:doStart(278)) - Started ServerConnector@509a6095{HTTP/1.1,[http/1.1]}{0.0.0.0:39426}
2019-10-09 13:13:38,453 [main] INFO  server.Server (Server.java:doStart(419)) - Started @603744ms
2019-10-09 13:13:38,453 [main] WARN  impl.MetricsSystemImpl (MetricsSystemImpl.java:register(276)) - Sink prometheus already exists!
2019-10-09 13:13:38,454 [main] INFO  server.BaseHttpServer (BaseHttpServer.java:updateConnectorAddress(215)) - HTTP server of SCM is listening at http://0.0.0.0:39426
2019-10-09 13:13:38,455 [main] WARN  server.ServerUtils (ServerUtils.java:getDBPath(222)) - ozone.om.db.dirs is not configured. We recommend adding this setting. Falling back to ozone.metadata.dirs instead.
2019-10-09 13:13:38,455 [org.apache.hadoop.util.JvmPauseMonitor$Monitor@75bd28d] INFO  util.JvmPauseMonitor (JvmPauseMonitor.java:run(188)) - Starting JVM pause monitor
2019-10-09 13:13:38,469 [main] WARN  server.ServerUtils (ServerUtils.java:getDBPath(222)) - ozone.om.db.dirs is not configured. We recommend adding this setting. Falling back to ozone.metadata.dirs instead.
2019-10-09 13:13:38,469 [main] WARN  server.ServerUtils (ServerUtils.java:getDBPath(222)) - ozone.om.db.dirs is not configured. We recommend adding this setting. Falling back to ozone.metadata.dirs instead.
2019-10-09 13:13:38,469 [main] INFO  om.OzoneManager (OzoneManager.java:setOMNodeDetails(652)) - OM Service ID is not set. Setting it to the default ID: omServiceIdDefault
2019-10-09 13:13:38,470 [main] INFO  om.OzoneManager (OzoneManager.java:setOMNodeDetails(658)) - OM Node ID is not set. Setting it to the OmStorage's OmID: 6a4da16b-491d-4109-a556-89e636f88569
2019-10-09 13:13:38,470 [main] INFO  om.OzoneManager (OzoneManager.java:loadOMHAConfigs(609)) - Found matching OM address with OMServiceId: null, OMNodeId: null, RPC Address: localhost:0 and Ratis port: 9872
2019-10-09 13:13:38,479 [main] WARN  server.ServerUtils (ServerUtils.java:getDBPath(222)) - ozone.om.db.dirs is not configured. We recommend adding this setting. Falling back to ozone.metadata.dirs instead.
2019-10-09 13:13:38,480 [main] INFO  db.DBStoreBuilder (DBStoreBuilder.java:addTable(110)) - using custom profile for table: userTable
2019-10-09 13:13:38,480 [main] INFO  db.DBStoreBuilder (DBStoreBuilder.java:processTables(161)) - Using default column profile:DBProfile.DISK for Table:userTable
2019-10-09 13:13:38,480 [main] INFO  db.DBStoreBuilder (DBStoreBuilder.java:addTable(110)) - using custom profile for table: volumeTable
2019-10-09 13:13:38,481 [main] INFO  db.DBStoreBuilder (DBStoreBuilder.java:processTables(161)) - Using default column profile:DBProfile.DISK for Table:volumeTable
2019-10-09 13:13:38,481 [main] INFO  db.DBStoreBuilder (DBStoreBuilder.java:addTable(110)) - using custom profile for table: bucketTable
2019-10-09 13:13:38,481 [main] INFO  db.DBStoreBuilder (DBStoreBuilder.java:processTables(161)) - Using default column profile:DBProfile.DISK for Table:bucketTable
2019-10-09 13:13:38,481 [main] INFO  db.DBStoreBuilder (DBStoreBuilder.java:addTable(110)) - using custom profile for table: keyTable
2019-10-09 13:13:38,481 [main] INFO  db.DBStoreBuilder (DBStoreBuilder.java:processTables(161)) - Using default column profile:DBProfile.DISK for Table:keyTable
2019-10-09 13:13:38,482 [main] INFO  db.DBStoreBuilder (DBStoreBuilder.java:addTable(110)) - using custom profile for table: deletedTable
2019-10-09 13:13:38,482 [main] INFO  db.DBStoreBuilder (DBStoreBuilder.java:processTables(161)) - Using default column profile:DBProfile.DISK for Table:deletedTable
2019-10-09 13:13:38,482 [main] INFO  db.DBStoreBuilder (DBStoreBuilder.java:addTable(110)) - using custom profile for table: openKeyTable
2019-10-09 13:13:38,482 [main] INFO  db.DBStoreBuilder (DBStoreBuilder.java:processTables(161)) - Using default column profile:DBProfile.DISK for Table:openKeyTable
2019-10-09 13:13:38,483 [main] INFO  db.DBStoreBuilder (DBStoreBuilder.java:addTable(110)) - using custom profile for table: s3Table
2019-10-09 13:13:38,483 [main] INFO  db.DBStoreBuilder (DBStoreBuilder.java:processTables(161)) - Using default column profile:DBProfile.DISK for Table:s3Table
2019-10-09 13:13:38,483 [main] INFO  db.DBStoreBuilder (DBStoreBuilder.java:addTable(110)) - using custom profile for table: multipartInfoTable
2019-10-09 13:13:38,483 [main] INFO  db.DBStoreBuilder (DBStoreBuilder.java:processTables(161)) - Using default column profile:DBProfile.DISK for Table:multipartInfoTable
2019-10-09 13:13:38,484 [main] INFO  db.DBStoreBuilder (DBStoreBuilder.java:addTable(110)) - using custom profile for table: dTokenTable
2019-10-09 13:13:38,484 [main] INFO  db.DBStoreBuilder (DBStoreBuilder.java:processTables(161)) - Using default column profile:DBProfile.DISK for Table:dTokenTable
2019-10-09 13:13:38,484 [main] INFO  db.DBStoreBuilder (DBStoreBuilder.java:addTable(110)) - using custom profile for table: s3SecretTable
2019-10-09 13:13:38,484 [main] INFO  db.DBStoreBuilder (DBStoreBuilder.java:processTables(161)) - Using default column profile:DBProfile.DISK for Table:s3SecretTable
2019-10-09 13:13:38,484 [main] INFO  db.DBStoreBuilder (DBStoreBuilder.java:addTable(110)) - using custom profile for table: prefixTable
2019-10-09 13:13:38,485 [main] INFO  db.DBStoreBuilder (DBStoreBuilder.java:processTables(161)) - Using default column profile:DBProfile.DISK for Table:prefixTable
2019-10-09 13:13:38,485 [main] INFO  db.DBStoreBuilder (DBStoreBuilder.java:addTable(110)) - using custom profile for table: default
2019-10-09 13:13:38,485 [main] INFO  db.DBStoreBuilder (DBStoreBuilder.java:processTables(167)) - Using default column profile:DBProfile.DISK for Table:default
2019-10-09 13:13:38,485 [main] INFO  db.DBStoreBuilder (DBStoreBuilder.java:getDbProfile(198)) - Using default options. DBProfile.DISK
2019-10-09 13:13:38,920 [main] INFO  ipc.CallQueueManager (CallQueueManager.java:<init>(84)) - Using callQueue: class java.util.concurrent.LinkedBlockingQueue, queueCapacity: 2000, scheduler: class org.apache.hadoop.ipc.DefaultRpcScheduler, ipcBackoff: false.
2019-10-09 13:13:38,921 [Socket Reader #1 for port 43345] INFO  ipc.Server (Server.java:run(1074)) - Starting Socket Reader #1 for port 43345
2019-10-09 13:13:38,933 [main] INFO  om.OzoneManager (OzoneManager.java:start(1243)) - OzoneManager RPC server is listening at localhost/127.0.0.1:43345
2019-10-09 13:13:38,934 [main] INFO  impl.MetricsSystemImpl (MetricsSystemImpl.java:init(158)) - OzoneManager metrics system started (again)
2019-10-09 13:13:38,934 [IPC Server Responder] INFO  ipc.Server (Server.java:run(1314)) - IPC Server Responder: starting
2019-10-09 13:13:38,934 [IPC Server listener on 43345] INFO  ipc.Server (Server.java:run(1153)) - IPC Server listener on 43345: starting
2019-10-09 13:13:38,941 [main] INFO  hdfs.DFSUtil (DFSUtil.java:httpServerTemplateForNNAndJN(1641)) - Starting Web-server for ozoneManager at: http://0.0.0.0:0
2019-10-09 13:13:38,943 [main] INFO  server.AuthenticationFilter (AuthenticationFilter.java:constructSecretProvider(240)) - Unable to initialize FileSignerSecretProvider, falling back to use random secrets.
2019-10-09 13:13:38,943 [main] WARN  http.HttpRequestLog (HttpRequestLog.java:getRequestLog(97)) - Jetty request log can only be enabled using Log4j
2019-10-09 13:13:38,945 [main] INFO  http.HttpServer2 (HttpServer2.java:addGlobalFilter(975)) - Added global filter 'safety' (class=org.apache.hadoop.http.HttpServer2$QuotingInputFilter)
2019-10-09 13:13:38,946 [main] INFO  http.HttpServer2 (HttpServer2.java:addFilter(948)) - Added filter static_user_filter (class=org.apache.hadoop.http.lib.StaticUserWebFilter$StaticUserFilter) to context ozoneManager
2019-10-09 13:13:38,946 [main] INFO  http.HttpServer2 (HttpServer2.java:addFilter(958)) - Added filter static_user_filter (class=org.apache.hadoop.http.lib.StaticUserWebFilter$StaticUserFilter) to context static
2019-10-09 13:13:38,946 [main] INFO  http.HttpServer2 (HttpServer2.java:addFilter(958)) - Added filter static_user_filter (class=org.apache.hadoop.http.lib.StaticUserWebFilter$StaticUserFilter) to context logs
2019-10-09 13:13:38,947 [main] INFO  http.HttpServer2 (HttpServer2.java:bindListener(1191)) - Jetty bound to port 45808
2019-10-09 13:13:38,947 [main] INFO  server.Server (Server.java:doStart(351)) - jetty-9.3.25.v20180904, build timestamp: 2018-09-04T21:11:46Z, git hash: 3ce520221d0240229c862b122d2b06c12a625732
2019-10-09 13:13:38,948 [main] INFO  handler.ContextHandler (ContextHandler.java:doStart(781)) - Started o.e.j.s.ServletContextHandler@42a0786f{/logs,file:///workdir/hadoop-ozone/integration-test/target/log,AVAILABLE}
2019-10-09 13:13:38,949 [main] INFO  handler.ContextHandler (ContextHandler.java:doStart(781)) - Started o.e.j.s.ServletContextHandler@203e705e{/static,file:///workdir/hadoop-ozone/integration-test/target/test-classes/webapps/static,AVAILABLE}
2019-10-09 13:13:38,953 [main] INFO  handler.ContextHandler (ContextHandler.java:doStart(781)) - Started o.e.j.w.WebAppContext@106c988{/,file:///workdir/hadoop-ozone/integration-test/target/test-classes/webapps/ozoneManager/,AVAILABLE}{/ozoneManager}
2019-10-09 13:13:38,953 [main] INFO  server.AbstractConnector (AbstractConnector.java:doStart(278)) - Started ServerConnector@21274afe{HTTP/1.1,[http/1.1]}{0.0.0.0:45808}
2019-10-09 13:13:38,955 [main] INFO  server.Server (Server.java:doStart(419)) - Started @604246ms
2019-10-09 13:13:38,955 [main] WARN  impl.MetricsSystemImpl (MetricsSystemImpl.java:register(276)) - Sink prometheus already exists!
2019-10-09 13:13:38,958 [main] INFO  server.BaseHttpServer (BaseHttpServer.java:updateConnectorAddress(215)) - HTTP server of OZONEMANAGER is listening at http://0.0.0.0:45808
2019-10-09 13:13:38,973 [main] INFO  impl.MetricsSystemImpl (MetricsSystemImpl.java:init(158)) - HddsDatanode metrics system started (again)
2019-10-09 13:13:38,979 [main] INFO  ozone.HddsDatanodeService (HddsDatanodeService.java:start(184)) - HddsDatanodeService host:pr-hdds-1569-mfl88-1504498049 ip:192.168.5.175
2019-10-09 13:13:38,987 [main] INFO  volume.HddsVolume (HddsVolume.java:<init>(176)) - Creating Volume: /workdir/hadoop-ozone/integration-test/target/test-dir/MiniOzoneClusterImpl-77992fd3-8e8a-426b-8566-445f44124f00/datanode-0/data/containers/hdds of  storage type : DISK and capacity : 1482555576320
2019-10-09 13:13:38,987 [main] INFO  volume.VolumeSet (VolumeSet.java:initializeVolumeSet(170)) - Added Volume : /workdir/hadoop-ozone/integration-test/target/test-dir/MiniOzoneClusterImpl-77992fd3-8e8a-426b-8566-445f44124f00/datanode-0/data/containers/hdds to VolumeSet
2019-10-09 13:13:38,988 [main] INFO  volume.ThrottledAsyncChecker (ThrottledAsyncChecker.java:schedule(139)) - Scheduling a check for org.apache.hadoop.ozone.container.common.volume.HddsVolume@7e191fda
2019-10-09 13:13:38,988 [main] INFO  volume.HddsVolumeChecker (HddsVolumeChecker.java:checkAllVolumes(202)) - Scheduled health check for volume org.apache.hadoop.ozone.container.common.volume.HddsVolume@7e191fda
2019-10-09 13:13:39,005 [main] INFO  impl.RaftServerProxy (ConfUtils.java:logGet(43)) - raft.rpc.type = GRPC (default)
2019-10-09 13:13:39,005 [main] INFO  grpc.GrpcFactory (GrpcFactory.java:checkPooledByteBufAllocatorUseCacheForAllThreads(45)) - PERFORMANCE WARNING: useCacheForAllThreads is true that may cause Netty to create a lot garbage objects and, as a result, trigger GC.
	It is recommended to disable useCacheForAllThreads by setting -Dorg.apache.ratis.thirdparty.io.netty.allocator.useCacheForAllThreads=false in command line.
2019-10-09 13:13:39,005 [main] INFO  grpc.GrpcConfigKeys$Server (ConfUtils.java:logGet(43)) - raft.grpc.server.port = 0 (default)
2019-10-09 13:13:39,006 [main] INFO  server.GrpcService (ConfUtils.java:logGet(43)) - raft.grpc.message.size.max = 33570816 (custom)
2019-10-09 13:13:39,006 [main] INFO  server.RaftServerConfigKeys (ConfUtils.java:logGet(43)) - raft.server.log.appender.buffer.byte-limit = 33554432 (custom)
2019-10-09 13:13:39,006 [main] INFO  server.GrpcService (ConfUtils.java:logGet(43)) - raft.grpc.flow.control.window = 1MB (=1048576) (default)
2019-10-09 13:13:39,006 [main] INFO  server.RaftServerConfigKeys (ConfUtils.java:logGet(43)) - raft.server.rpc.request.timeout = 3000ms (default)
2019-10-09 13:13:39,007 [main] INFO  server.RaftServerConfigKeys (ConfUtils.java:logGet(43)) - raft.server.storage.dir = [/workdir/hadoop-ozone/integration-test/target/test-dir/MiniOzoneClusterImpl-77992fd3-8e8a-426b-8566-445f44124f00/datanode-0/data/ratis] (custom)
2019-10-09 13:13:39,008 [main] INFO  hdfs.DFSUtil (DFSUtil.java:httpServerTemplateForNNAndJN(1641)) - Starting Web-server for hddsDatanode at: http://0.0.0.0:0
2019-10-09 13:13:39,009 [main] INFO  server.AuthenticationFilter (AuthenticationFilter.java:constructSecretProvider(240)) - Unable to initialize FileSignerSecretProvider, falling back to use random secrets.
2019-10-09 13:13:39,010 [main] WARN  http.HttpRequestLog (HttpRequestLog.java:getRequestLog(97)) - Jetty request log can only be enabled using Log4j
2019-10-09 13:13:39,011 [main] INFO  http.HttpServer2 (HttpServer2.java:addGlobalFilter(975)) - Added global filter 'safety' (class=org.apache.hadoop.http.HttpServer2$QuotingInputFilter)
2019-10-09 13:13:39,012 [main] INFO  http.HttpServer2 (HttpServer2.java:addFilter(948)) - Added filter static_user_filter (class=org.apache.hadoop.http.lib.StaticUserWebFilter$StaticUserFilter) to context hddsDatanode
2019-10-09 13:13:39,012 [main] INFO  http.HttpServer2 (HttpServer2.java:addFilter(958)) - Added filter static_user_filter (class=org.apache.hadoop.http.lib.StaticUserWebFilter$StaticUserFilter) to context static
2019-10-09 13:13:39,012 [main] INFO  http.HttpServer2 (HttpServer2.java:addFilter(958)) - Added filter static_user_filter (class=org.apache.hadoop.http.lib.StaticUserWebFilter$StaticUserFilter) to context logs
2019-10-09 13:13:39,013 [main] INFO  http.HttpServer2 (HttpServer2.java:bindListener(1191)) - Jetty bound to port 44202
2019-10-09 13:13:39,013 [main] INFO  server.Server (Server.java:doStart(351)) - jetty-9.3.25.v20180904, build timestamp: 2018-09-04T21:11:46Z, git hash: 3ce520221d0240229c862b122d2b06c12a625732
2019-10-09 13:13:39,014 [main] INFO  handler.ContextHandler (ContextHandler.java:doStart(781)) - Started o.e.j.s.ServletContextHandler@79195c22{/logs,file:///workdir/hadoop-ozone/integration-test/target/log,AVAILABLE}
2019-10-09 13:13:39,015 [main] INFO  handler.ContextHandler (ContextHandler.java:doStart(781)) - Started o.e.j.s.ServletContextHandler@70be89ec{/static,jar:file:/home/user/.m2/repository/org/apache/hadoop/hadoop-hdds-container-service/0.5.0-SNAPSHOT/hadoop-hdds-container-service-0.5.0-SNAPSHOT.jar!/webapps/static,AVAILABLE}
2019-10-09 13:13:39,045 [main] INFO  handler.ContextHandler (ContextHandler.java:doStart(781)) - Started o.e.j.w.WebAppContext@2fde9469{/,file:///tmp/jetty-0.0.0.0-44202-hddsDatanode-_-any-9051774916423272155.dir/webapp/,AVAILABLE}{/hddsDatanode}
2019-10-09 13:13:39,046 [main] INFO  server.AbstractConnector (AbstractConnector.java:doStart(278)) - Started ServerConnector@1ecf0ac6{HTTP/1.1,[http/1.1]}{0.0.0.0:44202}
2019-10-09 13:13:39,048 [main] INFO  server.Server (Server.java:doStart(419)) - Started @604339ms
2019-10-09 13:13:39,048 [main] WARN  impl.MetricsSystemImpl (MetricsSystemImpl.java:register(276)) - Sink prometheus already exists!
2019-10-09 13:13:39,049 [main] INFO  server.BaseHttpServer (BaseHttpServer.java:updateConnectorAddress(215)) - HTTP server of HDDSDATANODE is listening at http://0.0.0.0:44202
2019-10-09 13:13:39,049 [main] INFO  impl.MetricsSystemImpl (MetricsSystemImpl.java:init(158)) - HddsDatanode metrics system started (again)
2019-10-09 13:13:39,058 [org.apache.hadoop.util.JvmPauseMonitor$Monitor@5767f7e1] INFO  util.JvmPauseMonitor (JvmPauseMonitor.java:run(188)) - Starting JVM pause monitor
2019-10-09 13:13:39,059 [main] INFO  ozone.HddsDatanodeService (HddsDatanodeService.java:start(184)) - HddsDatanodeService host:pr-hdds-1569-mfl88-1504498049 ip:192.168.5.175
2019-10-09 13:13:39,061 [Datanode State Machine Thread - 0] INFO  datanode.InitDatanodeState (InitDatanodeState.java:persistContainerDatanodeDetails(140)) - DatanodeDetails is persisted to /workdir/hadoop-ozone/integration-test/target/test-dir/MiniOzoneClusterImpl-77992fd3-8e8a-426b-8566-445f44124f00/datanode-0/meta/datanode.id
2019-10-09 13:13:39,065 [main] INFO  volume.HddsVolume (HddsVolume.java:<init>(176)) - Creating Volume: /workdir/hadoop-ozone/integration-test/target/test-dir/MiniOzoneClusterImpl-77992fd3-8e8a-426b-8566-445f44124f00/datanode-1/data/containers/hdds of  storage type : DISK and capacity : 1482555576320
2019-10-09 13:13:39,066 [main] INFO  volume.VolumeSet (VolumeSet.java:initializeVolumeSet(170)) - Added Volume : /workdir/hadoop-ozone/integration-test/target/test-dir/MiniOzoneClusterImpl-77992fd3-8e8a-426b-8566-445f44124f00/datanode-1/data/containers/hdds to VolumeSet
2019-10-09 13:13:39,066 [main] INFO  volume.ThrottledAsyncChecker (ThrottledAsyncChecker.java:schedule(139)) - Scheduling a check for org.apache.hadoop.ozone.container.common.volume.HddsVolume@33e3bd2e
2019-10-09 13:13:39,066 [main] INFO  volume.HddsVolumeChecker (HddsVolumeChecker.java:checkAllVolumes(202)) - Scheduled health check for volume org.apache.hadoop.ozone.container.common.volume.HddsVolume@33e3bd2e
2019-10-09 13:13:39,079 [main] INFO  impl.RaftServerProxy (ConfUtils.java:logGet(43)) - raft.rpc.type = GRPC (default)
2019-10-09 13:13:39,079 [main] INFO  grpc.GrpcFactory (GrpcFactory.java:checkPooledByteBufAllocatorUseCacheForAllThreads(45)) - PERFORMANCE WARNING: useCacheForAllThreads is true that may cause Netty to create a lot garbage objects and, as a result, trigger GC.
	It is recommended to disable useCacheForAllThreads by setting -Dorg.apache.ratis.thirdparty.io.netty.allocator.useCacheForAllThreads=false in command line.
2019-10-09 13:13:39,080 [main] INFO  grpc.GrpcConfigKeys$Server (ConfUtils.java:logGet(43)) - raft.grpc.server.port = 0 (default)
2019-10-09 13:13:39,080 [main] INFO  server.GrpcService (ConfUtils.java:logGet(43)) - raft.grpc.message.size.max = 33570816 (custom)
2019-10-09 13:13:39,080 [main] INFO  server.RaftServerConfigKeys (ConfUtils.java:logGet(43)) - raft.server.log.appender.buffer.byte-limit = 33554432 (custom)
2019-10-09 13:13:39,080 [main] INFO  server.GrpcService (ConfUtils.java:logGet(43)) - raft.grpc.flow.control.window = 1MB (=1048576) (default)
2019-10-09 13:13:39,080 [main] INFO  server.RaftServerConfigKeys (ConfUtils.java:logGet(43)) - raft.server.rpc.request.timeout = 3000ms (default)
2019-10-09 13:13:39,081 [main] INFO  server.RaftServerConfigKeys (ConfUtils.java:logGet(43)) - raft.server.storage.dir = [/workdir/hadoop-ozone/integration-test/target/test-dir/MiniOzoneClusterImpl-77992fd3-8e8a-426b-8566-445f44124f00/datanode-1/data/ratis] (custom)
2019-10-09 13:13:39,082 [main] INFO  hdfs.DFSUtil (DFSUtil.java:httpServerTemplateForNNAndJN(1641)) - Starting Web-server for hddsDatanode at: http://0.0.0.0:0
2019-10-09 13:13:39,083 [main] INFO  server.AuthenticationFilter (AuthenticationFilter.java:constructSecretProvider(240)) - Unable to initialize FileSignerSecretProvider, falling back to use random secrets.
2019-10-09 13:13:39,083 [main] WARN  http.HttpRequestLog (HttpRequestLog.java:getRequestLog(97)) - Jetty request log can only be enabled using Log4j
2019-10-09 13:13:39,084 [main] INFO  http.HttpServer2 (HttpServer2.java:addGlobalFilter(975)) - Added global filter 'safety' (class=org.apache.hadoop.http.HttpServer2$QuotingInputFilter)
2019-10-09 13:13:39,085 [main] INFO  http.HttpServer2 (HttpServer2.java:addFilter(948)) - Added filter static_user_filter (class=org.apache.hadoop.http.lib.StaticUserWebFilter$StaticUserFilter) to context hddsDatanode
2019-10-09 13:13:39,085 [main] INFO  http.HttpServer2 (HttpServer2.java:addFilter(958)) - Added filter static_user_filter (class=org.apache.hadoop.http.lib.StaticUserWebFilter$StaticUserFilter) to context logs
2019-10-09 13:13:39,085 [main] INFO  http.HttpServer2 (HttpServer2.java:addFilter(958)) - Added filter static_user_filter (class=org.apache.hadoop.http.lib.StaticUserWebFilter$StaticUserFilter) to context static
2019-10-09 13:13:39,085 [main] INFO  http.HttpServer2 (HttpServer2.java:bindListener(1191)) - Jetty bound to port 35231
2019-10-09 13:13:39,086 [main] INFO  server.Server (Server.java:doStart(351)) - jetty-9.3.25.v20180904, build timestamp: 2018-09-04T21:11:46Z, git hash: 3ce520221d0240229c862b122d2b06c12a625732
2019-10-09 13:13:39,087 [main] INFO  handler.ContextHandler (ContextHandler.java:doStart(781)) - Started o.e.j.s.ServletContextHandler@14e750c5{/logs,file:///workdir/hadoop-ozone/integration-test/target/log,AVAILABLE}
2019-10-09 13:13:39,087 [main] INFO  handler.ContextHandler (ContextHandler.java:doStart(781)) - Started o.e.j.s.ServletContextHandler@5329f6b3{/static,jar:file:/home/user/.m2/repository/org/apache/hadoop/hadoop-hdds-container-service/0.5.0-SNAPSHOT/hadoop-hdds-container-service-0.5.0-SNAPSHOT.jar!/webapps/static,AVAILABLE}
2019-10-09 13:13:39,114 [main] INFO  handler.ContextHandler (ContextHandler.java:doStart(781)) - Started o.e.j.w.WebAppContext@35563e4c{/,file:///tmp/jetty-0.0.0.0-35231-hddsDatanode-_-any-1843430028555678624.dir/webapp/,AVAILABLE}{/hddsDatanode}
2019-10-09 13:13:39,114 [main] INFO  server.AbstractConnector (AbstractConnector.java:doStart(278)) - Started ServerConnector@6dd79214{HTTP/1.1,[http/1.1]}{0.0.0.0:35231}
2019-10-09 13:13:39,116 [main] INFO  server.Server (Server.java:doStart(419)) - Started @604406ms
2019-10-09 13:13:39,116 [main] WARN  impl.MetricsSystemImpl (MetricsSystemImpl.java:register(276)) - Sink prometheus already exists!
2019-10-09 13:13:39,117 [main] INFO  server.BaseHttpServer (BaseHttpServer.java:updateConnectorAddress(215)) - HTTP server of HDDSDATANODE is listening at http://0.0.0.0:35231
2019-10-09 13:13:39,117 [main] INFO  impl.MetricsSystemImpl (MetricsSystemImpl.java:init(158)) - HddsDatanode metrics system started (again)
2019-10-09 13:13:39,122 [org.apache.hadoop.util.JvmPauseMonitor$Monitor@32d22314] INFO  util.JvmPauseMonitor (JvmPauseMonitor.java:run(188)) - Starting JVM pause monitor
2019-10-09 13:13:39,123 [Datanode State Machine Thread - 0] INFO  datanode.InitDatanodeState (InitDatanodeState.java:persistContainerDatanodeDetails(140)) - DatanodeDetails is persisted to /workdir/hadoop-ozone/integration-test/target/test-dir/MiniOzoneClusterImpl-77992fd3-8e8a-426b-8566-445f44124f00/datanode-1/meta/datanode.id
2019-10-09 13:13:39,128 [main] INFO  ozone.HddsDatanodeService (HddsDatanodeService.java:start(184)) - HddsDatanodeService host:pr-hdds-1569-mfl88-1504498049 ip:192.168.5.175
2019-10-09 13:13:39,135 [main] INFO  volume.HddsVolume (HddsVolume.java:<init>(176)) - Creating Volume: /workdir/hadoop-ozone/integration-test/target/test-dir/MiniOzoneClusterImpl-77992fd3-8e8a-426b-8566-445f44124f00/datanode-2/data/containers/hdds of  storage type : DISK and capacity : 1482555576320
2019-10-09 13:13:39,135 [main] INFO  volume.VolumeSet (VolumeSet.java:initializeVolumeSet(170)) - Added Volume : /workdir/hadoop-ozone/integration-test/target/test-dir/MiniOzoneClusterImpl-77992fd3-8e8a-426b-8566-445f44124f00/datanode-2/data/containers/hdds to VolumeSet
2019-10-09 13:13:39,136 [main] INFO  volume.ThrottledAsyncChecker (ThrottledAsyncChecker.java:schedule(139)) - Scheduling a check for org.apache.hadoop.ozone.container.common.volume.HddsVolume@19fbc594
2019-10-09 13:13:39,136 [main] INFO  volume.HddsVolumeChecker (HddsVolumeChecker.java:checkAllVolumes(202)) - Scheduled health check for volume org.apache.hadoop.ozone.container.common.volume.HddsVolume@19fbc594
2019-10-09 13:13:39,149 [main] INFO  impl.RaftServerProxy (ConfUtils.java:logGet(43)) - raft.rpc.type = GRPC (default)
2019-10-09 13:13:39,150 [main] INFO  grpc.GrpcFactory (GrpcFactory.java:checkPooledByteBufAllocatorUseCacheForAllThreads(45)) - PERFORMANCE WARNING: useCacheForAllThreads is true that may cause Netty to create a lot garbage objects and, as a result, trigger GC.
	It is recommended to disable useCacheForAllThreads by setting -Dorg.apache.ratis.thirdparty.io.netty.allocator.useCacheForAllThreads=false in command line.
2019-10-09 13:13:39,150 [main] INFO  grpc.GrpcConfigKeys$Server (ConfUtils.java:logGet(43)) - raft.grpc.server.port = 0 (default)
2019-10-09 13:13:39,150 [main] INFO  server.GrpcService (ConfUtils.java:logGet(43)) - raft.grpc.message.size.max = 33570816 (custom)
2019-10-09 13:13:39,150 [main] INFO  server.RaftServerConfigKeys (ConfUtils.java:logGet(43)) - raft.server.log.appender.buffer.byte-limit = 33554432 (custom)
2019-10-09 13:13:39,150 [main] INFO  server.GrpcService (ConfUtils.java:logGet(43)) - raft.grpc.flow.control.window = 1MB (=1048576) (default)
2019-10-09 13:13:39,151 [main] INFO  server.RaftServerConfigKeys (ConfUtils.java:logGet(43)) - raft.server.rpc.request.timeout = 3000ms (default)
2019-10-09 13:13:39,151 [main] INFO  server.RaftServerConfigKeys (ConfUtils.java:logGet(43)) - raft.server.storage.dir = [/workdir/hadoop-ozone/integration-test/target/test-dir/MiniOzoneClusterImpl-77992fd3-8e8a-426b-8566-445f44124f00/datanode-2/data/ratis] (custom)
2019-10-09 13:13:39,152 [main] INFO  hdfs.DFSUtil (DFSUtil.java:httpServerTemplateForNNAndJN(1641)) - Starting Web-server for hddsDatanode at: http://0.0.0.0:0
2019-10-09 13:13:39,153 [main] INFO  server.AuthenticationFilter (AuthenticationFilter.java:constructSecretProvider(240)) - Unable to initialize FileSignerSecretProvider, falling back to use random secrets.
2019-10-09 13:13:39,153 [main] WARN  http.HttpRequestLog (HttpRequestLog.java:getRequestLog(97)) - Jetty request log can only be enabled using Log4j
2019-10-09 13:13:39,154 [main] INFO  http.HttpServer2 (HttpServer2.java:addGlobalFilter(975)) - Added global filter 'safety' (class=org.apache.hadoop.http.HttpServer2$QuotingInputFilter)
2019-10-09 13:13:39,155 [main] INFO  http.HttpServer2 (HttpServer2.java:addFilter(948)) - Added filter static_user_filter (class=org.apache.hadoop.http.lib.StaticUserWebFilter$StaticUserFilter) to context hddsDatanode
2019-10-09 13:13:39,155 [main] INFO  http.HttpServer2 (HttpServer2.java:addFilter(958)) - Added filter static_user_filter (class=org.apache.hadoop.http.lib.StaticUserWebFilter$StaticUserFilter) to context static
2019-10-09 13:13:39,155 [main] INFO  http.HttpServer2 (HttpServer2.java:addFilter(958)) - Added filter static_user_filter (class=org.apache.hadoop.http.lib.StaticUserWebFilter$StaticUserFilter) to context logs
2019-10-09 13:13:39,156 [main] INFO  http.HttpServer2 (HttpServer2.java:bindListener(1191)) - Jetty bound to port 38726
2019-10-09 13:13:39,156 [main] INFO  server.Server (Server.java:doStart(351)) - jetty-9.3.25.v20180904, build timestamp: 2018-09-04T21:11:46Z, git hash: 3ce520221d0240229c862b122d2b06c12a625732
2019-10-09 13:13:39,157 [main] INFO  handler.ContextHandler (ContextHandler.java:doStart(781)) - Started o.e.j.s.ServletContextHandler@149aa7b2{/logs,file:///workdir/hadoop-ozone/integration-test/target/log,AVAILABLE}
2019-10-09 13:13:39,158 [main] INFO  handler.ContextHandler (ContextHandler.java:doStart(781)) - Started o.e.j.s.ServletContextHandler@2a99ca99{/static,jar:file:/home/user/.m2/repository/org/apache/hadoop/hadoop-hdds-container-service/0.5.0-SNAPSHOT/hadoop-hdds-container-service-0.5.0-SNAPSHOT.jar!/webapps/static,AVAILABLE}
2019-10-09 13:13:39,184 [main] INFO  handler.ContextHandler (ContextHandler.java:doStart(781)) - Started o.e.j.w.WebAppContext@79add732{/,file:///tmp/jetty-0.0.0.0-38726-hddsDatanode-_-any-8308704375452011079.dir/webapp/,AVAILABLE}{/hddsDatanode}
2019-10-09 13:13:39,185 [main] INFO  server.AbstractConnector (AbstractConnector.java:doStart(278)) - Started ServerConnector@3be3e76c{HTTP/1.1,[http/1.1]}{0.0.0.0:38726}
2019-10-09 13:13:39,185 [main] INFO  server.Server (Server.java:doStart(419)) - Started @604476ms
2019-10-09 13:13:39,187 [main] WARN  impl.MetricsSystemImpl (MetricsSystemImpl.java:register(276)) - Sink prometheus already exists!
2019-10-09 13:13:39,187 [main] INFO  server.BaseHttpServer (BaseHttpServer.java:updateConnectorAddress(215)) - HTTP server of HDDSDATANODE is listening at http://0.0.0.0:38726
2019-10-09 13:13:39,188 [main] INFO  impl.MetricsSystemImpl (MetricsSystemImpl.java:init(158)) - HddsDatanode metrics system started (again)
2019-10-09 13:13:39,198 [org.apache.hadoop.util.JvmPauseMonitor$Monitor@78ffad16] INFO  util.JvmPauseMonitor (JvmPauseMonitor.java:run(188)) - Starting JVM pause monitor
2019-10-09 13:13:39,198 [main] INFO  ozone.HddsDatanodeService (HddsDatanodeService.java:start(184)) - HddsDatanodeService host:pr-hdds-1569-mfl88-1504498049 ip:192.168.5.175
2019-10-09 13:13:39,199 [Datanode State Machine Thread - 0] INFO  datanode.InitDatanodeState (InitDatanodeState.java:persistContainerDatanodeDetails(140)) - DatanodeDetails is persisted to /workdir/hadoop-ozone/integration-test/target/test-dir/MiniOzoneClusterImpl-77992fd3-8e8a-426b-8566-445f44124f00/datanode-2/meta/datanode.id
2019-10-09 13:13:39,206 [main] INFO  volume.HddsVolume (HddsVolume.java:<init>(176)) - Creating Volume: /workdir/hadoop-ozone/integration-test/target/test-dir/MiniOzoneClusterImpl-77992fd3-8e8a-426b-8566-445f44124f00/datanode-3/data/containers/hdds of  storage type : DISK and capacity : 1482555576320
2019-10-09 13:13:39,206 [main] INFO  volume.VolumeSet (VolumeSet.java:initializeVolumeSet(170)) - Added Volume : /workdir/hadoop-ozone/integration-test/target/test-dir/MiniOzoneClusterImpl-77992fd3-8e8a-426b-8566-445f44124f00/datanode-3/data/containers/hdds to VolumeSet
2019-10-09 13:13:39,207 [main] INFO  volume.ThrottledAsyncChecker (ThrottledAsyncChecker.java:schedule(139)) - Scheduling a check for org.apache.hadoop.ozone.container.common.volume.HddsVolume@7ac5b4c
2019-10-09 13:13:39,207 [main] INFO  volume.HddsVolumeChecker (HddsVolumeChecker.java:checkAllVolumes(202)) - Scheduled health check for volume org.apache.hadoop.ozone.container.common.volume.HddsVolume@7ac5b4c
2019-10-09 13:13:39,221 [main] INFO  impl.RaftServerProxy (ConfUtils.java:logGet(43)) - raft.rpc.type = GRPC (default)
2019-10-09 13:13:39,221 [main] INFO  grpc.GrpcFactory (GrpcFactory.java:checkPooledByteBufAllocatorUseCacheForAllThreads(45)) - PERFORMANCE WARNING: useCacheForAllThreads is true that may cause Netty to create a lot garbage objects and, as a result, trigger GC.
	It is recommended to disable useCacheForAllThreads by setting -Dorg.apache.ratis.thirdparty.io.netty.allocator.useCacheForAllThreads=false in command line.
2019-10-09 13:13:39,222 [main] INFO  grpc.GrpcConfigKeys$Server (ConfUtils.java:logGet(43)) - raft.grpc.server.port = 0 (default)
2019-10-09 13:13:39,222 [main] INFO  server.GrpcService (ConfUtils.java:logGet(43)) - raft.grpc.message.size.max = 33570816 (custom)
2019-10-09 13:13:39,222 [main] INFO  server.RaftServerConfigKeys (ConfUtils.java:logGet(43)) - raft.server.log.appender.buffer.byte-limit = 33554432 (custom)
2019-10-09 13:13:39,222 [main] INFO  server.GrpcService (ConfUtils.java:logGet(43)) - raft.grpc.flow.control.window = 1MB (=1048576) (default)
2019-10-09 13:13:39,222 [main] INFO  server.RaftServerConfigKeys (ConfUtils.java:logGet(43)) - raft.server.rpc.request.timeout = 3000ms (default)
2019-10-09 13:13:39,223 [main] INFO  server.RaftServerConfigKeys (ConfUtils.java:logGet(43)) - raft.server.storage.dir = [/workdir/hadoop-ozone/integration-test/target/test-dir/MiniOzoneClusterImpl-77992fd3-8e8a-426b-8566-445f44124f00/datanode-3/data/ratis] (custom)
2019-10-09 13:13:39,224 [main] INFO  hdfs.DFSUtil (DFSUtil.java:httpServerTemplateForNNAndJN(1641)) - Starting Web-server for hddsDatanode at: http://0.0.0.0:0
2019-10-09 13:13:39,225 [main] INFO  server.AuthenticationFilter (AuthenticationFilter.java:constructSecretProvider(240)) - Unable to initialize FileSignerSecretProvider, falling back to use random secrets.
2019-10-09 13:13:39,225 [main] WARN  http.HttpRequestLog (HttpRequestLog.java:getRequestLog(97)) - Jetty request log can only be enabled using Log4j
2019-10-09 13:13:39,226 [main] INFO  http.HttpServer2 (HttpServer2.java:addGlobalFilter(975)) - Added global filter 'safety' (class=org.apache.hadoop.http.HttpServer2$QuotingInputFilter)
2019-10-09 13:13:39,226 [main] INFO  http.HttpServer2 (HttpServer2.java:addFilter(948)) - Added filter static_user_filter (class=org.apache.hadoop.http.lib.StaticUserWebFilter$StaticUserFilter) to context hddsDatanode
2019-10-09 13:13:39,226 [main] INFO  http.HttpServer2 (HttpServer2.java:addFilter(958)) - Added filter static_user_filter (class=org.apache.hadoop.http.lib.StaticUserWebFilter$StaticUserFilter) to context logs
2019-10-09 13:13:39,227 [main] INFO  http.HttpServer2 (HttpServer2.java:addFilter(958)) - Added filter static_user_filter (class=org.apache.hadoop.http.lib.StaticUserWebFilter$StaticUserFilter) to context static
2019-10-09 13:13:39,227 [main] INFO  http.HttpServer2 (HttpServer2.java:bindListener(1191)) - Jetty bound to port 39807
2019-10-09 13:13:39,227 [main] INFO  server.Server (Server.java:doStart(351)) - jetty-9.3.25.v20180904, build timestamp: 2018-09-04T21:11:46Z, git hash: 3ce520221d0240229c862b122d2b06c12a625732
2019-10-09 13:13:39,229 [main] INFO  handler.ContextHandler (ContextHandler.java:doStart(781)) - Started o.e.j.s.ServletContextHandler@53a301f3{/logs,file:///workdir/hadoop-ozone/integration-test/target/log,AVAILABLE}
2019-10-09 13:13:39,229 [main] INFO  handler.ContextHandler (ContextHandler.java:doStart(781)) - Started o.e.j.s.ServletContextHandler@62cf6a84{/static,jar:file:/home/user/.m2/repository/org/apache/hadoop/hadoop-hdds-container-service/0.5.0-SNAPSHOT/hadoop-hdds-container-service-0.5.0-SNAPSHOT.jar!/webapps/static,AVAILABLE}
2019-10-09 13:13:39,255 [main] INFO  handler.ContextHandler (ContextHandler.java:doStart(781)) - Started o.e.j.w.WebAppContext@4cc8d70d{/,file:///tmp/jetty-0.0.0.0-39807-hddsDatanode-_-any-5242498780031563354.dir/webapp/,AVAILABLE}{/hddsDatanode}
2019-10-09 13:13:39,256 [main] INFO  server.AbstractConnector (AbstractConnector.java:doStart(278)) - Started ServerConnector@5c59a0f7{HTTP/1.1,[http/1.1]}{0.0.0.0:39807}
2019-10-09 13:13:39,256 [main] INFO  server.Server (Server.java:doStart(419)) - Started @604547ms
2019-10-09 13:13:39,258 [main] WARN  impl.MetricsSystemImpl (MetricsSystemImpl.java:register(276)) - Sink prometheus already exists!
2019-10-09 13:13:39,258 [main] INFO  server.BaseHttpServer (BaseHttpServer.java:updateConnectorAddress(215)) - HTTP server of HDDSDATANODE is listening at http://0.0.0.0:39807
2019-10-09 13:13:39,258 [main] INFO  impl.MetricsSystemImpl (MetricsSystemImpl.java:init(158)) - HddsDatanode metrics system started (again)
2019-10-09 13:13:39,269 [org.apache.hadoop.util.JvmPauseMonitor$Monitor@195c4f97] INFO  util.JvmPauseMonitor (JvmPauseMonitor.java:run(188)) - Starting JVM pause monitor
2019-10-09 13:13:39,270 [main] INFO  ozone.HddsDatanodeService (HddsDatanodeService.java:start(184)) - HddsDatanodeService host:pr-hdds-1569-mfl88-1504498049 ip:192.168.5.175
2019-10-09 13:13:39,271 [Datanode State Machine Thread - 0] INFO  datanode.InitDatanodeState (InitDatanodeState.java:persistContainerDatanodeDetails(140)) - DatanodeDetails is persisted to /workdir/hadoop-ozone/integration-test/target/test-dir/MiniOzoneClusterImpl-77992fd3-8e8a-426b-8566-445f44124f00/datanode-3/meta/datanode.id
2019-10-09 13:13:39,277 [main] INFO  volume.HddsVolume (HddsVolume.java:<init>(176)) - Creating Volume: /workdir/hadoop-ozone/integration-test/target/test-dir/MiniOzoneClusterImpl-77992fd3-8e8a-426b-8566-445f44124f00/datanode-4/data/containers/hdds of  storage type : DISK and capacity : 1482555576320
2019-10-09 13:13:39,278 [main] INFO  volume.VolumeSet (VolumeSet.java:initializeVolumeSet(170)) - Added Volume : /workdir/hadoop-ozone/integration-test/target/test-dir/MiniOzoneClusterImpl-77992fd3-8e8a-426b-8566-445f44124f00/datanode-4/data/containers/hdds to VolumeSet
2019-10-09 13:13:39,278 [main] INFO  volume.ThrottledAsyncChecker (ThrottledAsyncChecker.java:schedule(139)) - Scheduling a check for org.apache.hadoop.ozone.container.common.volume.HddsVolume@79be91eb
2019-10-09 13:13:39,279 [main] INFO  volume.HddsVolumeChecker (HddsVolumeChecker.java:checkAllVolumes(202)) - Scheduled health check for volume org.apache.hadoop.ozone.container.common.volume.HddsVolume@79be91eb
2019-10-09 13:13:39,297 [main] INFO  impl.RaftServerProxy (ConfUtils.java:logGet(43)) - raft.rpc.type = GRPC (default)
2019-10-09 13:13:39,298 [main] INFO  grpc.GrpcFactory (GrpcFactory.java:checkPooledByteBufAllocatorUseCacheForAllThreads(45)) - PERFORMANCE WARNING: useCacheForAllThreads is true that may cause Netty to create a lot garbage objects and, as a result, trigger GC.
	It is recommended to disable useCacheForAllThreads by setting -Dorg.apache.ratis.thirdparty.io.netty.allocator.useCacheForAllThreads=false in command line.
2019-10-09 13:13:39,298 [main] INFO  grpc.GrpcConfigKeys$Server (ConfUtils.java:logGet(43)) - raft.grpc.server.port = 0 (default)
2019-10-09 13:13:39,298 [main] INFO  server.GrpcService (ConfUtils.java:logGet(43)) - raft.grpc.message.size.max = 33570816 (custom)
2019-10-09 13:13:39,298 [main] INFO  server.RaftServerConfigKeys (ConfUtils.java:logGet(43)) - raft.server.log.appender.buffer.byte-limit = 33554432 (custom)
2019-10-09 13:13:39,299 [main] INFO  server.GrpcService (ConfUtils.java:logGet(43)) - raft.grpc.flow.control.window = 1MB (=1048576) (default)
2019-10-09 13:13:39,299 [main] INFO  server.RaftServerConfigKeys (ConfUtils.java:logGet(43)) - raft.server.rpc.request.timeout = 3000ms (default)
2019-10-09 13:13:39,299 [main] INFO  server.RaftServerConfigKeys (ConfUtils.java:logGet(43)) - raft.server.storage.dir = [/workdir/hadoop-ozone/integration-test/target/test-dir/MiniOzoneClusterImpl-77992fd3-8e8a-426b-8566-445f44124f00/datanode-4/data/ratis] (custom)
2019-10-09 13:13:39,301 [main] INFO  hdfs.DFSUtil (DFSUtil.java:httpServerTemplateForNNAndJN(1641)) - Starting Web-server for hddsDatanode at: http://0.0.0.0:0
2019-10-09 13:13:39,302 [main] INFO  server.AuthenticationFilter (AuthenticationFilter.java:constructSecretProvider(240)) - Unable to initialize FileSignerSecretProvider, falling back to use random secrets.
2019-10-09 13:13:39,303 [main] WARN  http.HttpRequestLog (HttpRequestLog.java:getRequestLog(97)) - Jetty request log can only be enabled using Log4j
2019-10-09 13:13:39,304 [main] INFO  http.HttpServer2 (HttpServer2.java:addGlobalFilter(975)) - Added global filter 'safety' (class=org.apache.hadoop.http.HttpServer2$QuotingInputFilter)
2019-10-09 13:13:39,305 [main] INFO  http.HttpServer2 (HttpServer2.java:addFilter(948)) - Added filter static_user_filter (class=org.apache.hadoop.http.lib.StaticUserWebFilter$StaticUserFilter) to context hddsDatanode
2019-10-09 13:13:39,305 [main] INFO  http.HttpServer2 (HttpServer2.java:addFilter(958)) - Added filter static_user_filter (class=org.apache.hadoop.http.lib.StaticUserWebFilter$StaticUserFilter) to context static
2019-10-09 13:13:39,305 [main] INFO  http.HttpServer2 (HttpServer2.java:addFilter(958)) - Added filter static_user_filter (class=org.apache.hadoop.http.lib.StaticUserWebFilter$StaticUserFilter) to context logs
2019-10-09 13:13:39,306 [main] INFO  http.HttpServer2 (HttpServer2.java:bindListener(1191)) - Jetty bound to port 44941
2019-10-09 13:13:39,306 [main] INFO  server.Server (Server.java:doStart(351)) - jetty-9.3.25.v20180904, build timestamp: 2018-09-04T21:11:46Z, git hash: 3ce520221d0240229c862b122d2b06c12a625732
2019-10-09 13:13:39,307 [main] INFO  handler.ContextHandler (ContextHandler.java:doStart(781)) - Started o.e.j.s.ServletContextHandler@3a3883c4{/logs,file:///workdir/hadoop-ozone/integration-test/target/log,AVAILABLE}
2019-10-09 13:13:39,308 [main] INFO  handler.ContextHandler (ContextHandler.java:doStart(781)) - Started o.e.j.s.ServletContextHandler@573aeab2{/static,jar:file:/home/user/.m2/repository/org/apache/hadoop/hadoop-hdds-container-service/0.5.0-SNAPSHOT/hadoop-hdds-container-service-0.5.0-SNAPSHOT.jar!/webapps/static,AVAILABLE}
2019-10-09 13:13:39,340 [main] INFO  handler.ContextHandler (ContextHandler.java:doStart(781)) - Started o.e.j.w.WebAppContext@66756662{/,file:///tmp/jetty-0.0.0.0-44941-hddsDatanode-_-any-6682978129887286469.dir/webapp/,AVAILABLE}{/hddsDatanode}
2019-10-09 13:13:39,340 [main] INFO  server.AbstractConnector (AbstractConnector.java:doStart(278)) - Started ServerConnector@5d14e99e{HTTP/1.1,[http/1.1]}{0.0.0.0:44941}
2019-10-09 13:13:39,343 [main] INFO  server.Server (Server.java:doStart(419)) - Started @604634ms
2019-10-09 13:13:39,343 [main] WARN  impl.MetricsSystemImpl (MetricsSystemImpl.java:register(276)) - Sink prometheus already exists!
2019-10-09 13:13:39,344 [main] INFO  server.BaseHttpServer (BaseHttpServer.java:updateConnectorAddress(215)) - HTTP server of HDDSDATANODE is listening at http://0.0.0.0:44941
2019-10-09 13:13:39,344 [main] INFO  impl.MetricsSystemImpl (MetricsSystemImpl.java:init(158)) - HddsDatanode metrics system started (again)
2019-10-09 13:13:39,356 [org.apache.hadoop.util.JvmPauseMonitor$Monitor@2778a3ec] INFO  util.JvmPauseMonitor (JvmPauseMonitor.java:run(188)) - Starting JVM pause monitor
2019-10-09 13:13:39,357 [main] INFO  ozone.HddsDatanodeService (HddsDatanodeService.java:start(184)) - HddsDatanodeService host:pr-hdds-1569-mfl88-1504498049 ip:192.168.5.175
2019-10-09 13:13:39,358 [Datanode State Machine Thread - 0] INFO  datanode.InitDatanodeState (InitDatanodeState.java:persistContainerDatanodeDetails(140)) - DatanodeDetails is persisted to /workdir/hadoop-ozone/integration-test/target/test-dir/MiniOzoneClusterImpl-77992fd3-8e8a-426b-8566-445f44124f00/datanode-4/meta/datanode.id
2019-10-09 13:13:39,365 [main] INFO  volume.HddsVolume (HddsVolume.java:<init>(176)) - Creating Volume: /workdir/hadoop-ozone/integration-test/target/test-dir/MiniOzoneClusterImpl-77992fd3-8e8a-426b-8566-445f44124f00/datanode-5/data/containers/hdds of  storage type : DISK and capacity : 1482555576320
2019-10-09 13:13:39,365 [main] INFO  volume.VolumeSet (VolumeSet.java:initializeVolumeSet(170)) - Added Volume : /workdir/hadoop-ozone/integration-test/target/test-dir/MiniOzoneClusterImpl-77992fd3-8e8a-426b-8566-445f44124f00/datanode-5/data/containers/hdds to VolumeSet
2019-10-09 13:13:39,365 [main] INFO  volume.ThrottledAsyncChecker (ThrottledAsyncChecker.java:schedule(139)) - Scheduling a check for org.apache.hadoop.ozone.container.common.volume.HddsVolume@718989fa
2019-10-09 13:13:39,366 [main] INFO  volume.HddsVolumeChecker (HddsVolumeChecker.java:checkAllVolumes(202)) - Scheduled health check for volume org.apache.hadoop.ozone.container.common.volume.HddsVolume@718989fa
2019-10-09 13:13:39,381 [main] INFO  impl.RaftServerProxy (ConfUtils.java:logGet(43)) - raft.rpc.type = GRPC (default)
2019-10-09 13:13:39,382 [main] INFO  grpc.GrpcFactory (GrpcFactory.java:checkPooledByteBufAllocatorUseCacheForAllThreads(45)) - PERFORMANCE WARNING: useCacheForAllThreads is true that may cause Netty to create a lot garbage objects and, as a result, trigger GC.
	It is recommended to disable useCacheForAllThreads by setting -Dorg.apache.ratis.thirdparty.io.netty.allocator.useCacheForAllThreads=false in command line.
2019-10-09 13:13:39,382 [main] INFO  grpc.GrpcConfigKeys$Server (ConfUtils.java:logGet(43)) - raft.grpc.server.port = 0 (default)
2019-10-09 13:13:39,382 [main] INFO  server.GrpcService (ConfUtils.java:logGet(43)) - raft.grpc.message.size.max = 33570816 (custom)
2019-10-09 13:13:39,382 [main] INFO  server.RaftServerConfigKeys (ConfUtils.java:logGet(43)) - raft.server.log.appender.buffer.byte-limit = 33554432 (custom)
2019-10-09 13:13:39,382 [main] INFO  server.GrpcService (ConfUtils.java:logGet(43)) - raft.grpc.flow.control.window = 1MB (=1048576) (default)
2019-10-09 13:13:39,382 [main] INFO  server.RaftServerConfigKeys (ConfUtils.java:logGet(43)) - raft.server.rpc.request.timeout = 3000ms (default)
2019-10-09 13:13:39,383 [main] INFO  server.RaftServerConfigKeys (ConfUtils.java:logGet(43)) - raft.server.storage.dir = [/workdir/hadoop-ozone/integration-test/target/test-dir/MiniOzoneClusterImpl-77992fd3-8e8a-426b-8566-445f44124f00/datanode-5/data/ratis] (custom)
2019-10-09 13:13:39,384 [main] INFO  hdfs.DFSUtil (DFSUtil.java:httpServerTemplateForNNAndJN(1641)) - Starting Web-server for hddsDatanode at: http://0.0.0.0:0
2019-10-09 13:13:39,385 [main] INFO  server.AuthenticationFilter (AuthenticationFilter.java:constructSecretProvider(240)) - Unable to initialize FileSignerSecretProvider, falling back to use random secrets.
2019-10-09 13:13:39,386 [main] WARN  http.HttpRequestLog (HttpRequestLog.java:getRequestLog(97)) - Jetty request log can only be enabled using Log4j
2019-10-09 13:13:39,387 [main] INFO  http.HttpServer2 (HttpServer2.java:addGlobalFilter(975)) - Added global filter 'safety' (class=org.apache.hadoop.http.HttpServer2$QuotingInputFilter)
2019-10-09 13:13:39,387 [main] INFO  http.HttpServer2 (HttpServer2.java:addFilter(948)) - Added filter static_user_filter (class=org.apache.hadoop.http.lib.StaticUserWebFilter$StaticUserFilter) to context hddsDatanode
2019-10-09 13:13:39,387 [main] INFO  http.HttpServer2 (HttpServer2.java:addFilter(958)) - Added filter static_user_filter (class=org.apache.hadoop.http.lib.StaticUserWebFilter$StaticUserFilter) to context logs
2019-10-09 13:13:39,388 [main] INFO  http.HttpServer2 (HttpServer2.java:addFilter(958)) - Added filter static_user_filter (class=org.apache.hadoop.http.lib.StaticUserWebFilter$StaticUserFilter) to context static
2019-10-09 13:13:39,388 [main] INFO  http.HttpServer2 (HttpServer2.java:bindListener(1191)) - Jetty bound to port 36242
2019-10-09 13:13:39,388 [main] INFO  server.Server (Server.java:doStart(351)) - jetty-9.3.25.v20180904, build timestamp: 2018-09-04T21:11:46Z, git hash: 3ce520221d0240229c862b122d2b06c12a625732
2019-10-09 13:13:39,390 [main] INFO  handler.ContextHandler (ContextHandler.java:doStart(781)) - Started o.e.j.s.ServletContextHandler@2f15a964{/logs,file:///workdir/hadoop-ozone/integration-test/target/log,AVAILABLE}
2019-10-09 13:13:39,390 [main] INFO  handler.ContextHandler (ContextHandler.java:doStart(781)) - Started o.e.j.s.ServletContextHandler@2d70f312{/static,jar:file:/home/user/.m2/repository/org/apache/hadoop/hadoop-hdds-container-service/0.5.0-SNAPSHOT/hadoop-hdds-container-service-0.5.0-SNAPSHOT.jar!/webapps/static,AVAILABLE}
2019-10-09 13:13:39,417 [main] INFO  handler.ContextHandler (ContextHandler.java:doStart(781)) - Started o.e.j.w.WebAppContext@6aff97d6{/,file:///tmp/jetty-0.0.0.0-36242-hddsDatanode-_-any-8894380819750766803.dir/webapp/,AVAILABLE}{/hddsDatanode}
2019-10-09 13:13:39,417 [main] INFO  server.AbstractConnector (AbstractConnector.java:doStart(278)) - Started ServerConnector@1d60059f{HTTP/1.1,[http/1.1]}{0.0.0.0:36242}
2019-10-09 13:13:39,419 [main] INFO  server.Server (Server.java:doStart(419)) - Started @604710ms
2019-10-09 13:13:39,419 [main] WARN  impl.MetricsSystemImpl (MetricsSystemImpl.java:register(276)) - Sink prometheus already exists!
2019-10-09 13:13:39,420 [main] INFO  server.BaseHttpServer (BaseHttpServer.java:updateConnectorAddress(215)) - HTTP server of HDDSDATANODE is listening at http://0.0.0.0:36242
2019-10-09 13:13:39,420 [main] INFO  impl.MetricsSystemImpl (MetricsSystemImpl.java:init(158)) - HddsDatanode metrics system started (again)
2019-10-09 13:13:39,426 [org.apache.hadoop.util.JvmPauseMonitor$Monitor@4fa007ab] INFO  util.JvmPauseMonitor (JvmPauseMonitor.java:run(188)) - Starting JVM pause monitor
2019-10-09 13:13:39,428 [Datanode State Machine Thread - 0] INFO  datanode.InitDatanodeState (InitDatanodeState.java:persistContainerDatanodeDetails(140)) - DatanodeDetails is persisted to /workdir/hadoop-ozone/integration-test/target/test-dir/MiniOzoneClusterImpl-77992fd3-8e8a-426b-8566-445f44124f00/datanode-5/meta/datanode.id
2019-10-09 13:13:39,434 [main] INFO  ozone.HddsDatanodeService (HddsDatanodeService.java:start(184)) - HddsDatanodeService host:pr-hdds-1569-mfl88-1504498049 ip:192.168.5.175
2019-10-09 13:13:39,442 [main] INFO  volume.HddsVolume (HddsVolume.java:<init>(176)) - Creating Volume: /workdir/hadoop-ozone/integration-test/target/test-dir/MiniOzoneClusterImpl-77992fd3-8e8a-426b-8566-445f44124f00/datanode-6/data/containers/hdds of  storage type : DISK and capacity : 1482555576320
2019-10-09 13:13:39,442 [main] INFO  volume.VolumeSet (VolumeSet.java:initializeVolumeSet(170)) - Added Volume : /workdir/hadoop-ozone/integration-test/target/test-dir/MiniOzoneClusterImpl-77992fd3-8e8a-426b-8566-445f44124f00/datanode-6/data/containers/hdds to VolumeSet
2019-10-09 13:13:39,443 [main] INFO  volume.ThrottledAsyncChecker (ThrottledAsyncChecker.java:schedule(139)) - Scheduling a check for org.apache.hadoop.ozone.container.common.volume.HddsVolume@26fadd98
2019-10-09 13:13:39,443 [main] INFO  volume.HddsVolumeChecker (HddsVolumeChecker.java:checkAllVolumes(202)) - Scheduled health check for volume org.apache.hadoop.ozone.container.common.volume.HddsVolume@26fadd98
2019-10-09 13:13:39,461 [main] INFO  impl.RaftServerProxy (ConfUtils.java:logGet(43)) - raft.rpc.type = GRPC (default)
2019-10-09 13:13:39,461 [main] INFO  grpc.GrpcFactory (GrpcFactory.java:checkPooledByteBufAllocatorUseCacheForAllThreads(45)) - PERFORMANCE WARNING: useCacheForAllThreads is true that may cause Netty to create a lot garbage objects and, as a result, trigger GC.
	It is recommended to disable useCacheForAllThreads by setting -Dorg.apache.ratis.thirdparty.io.netty.allocator.useCacheForAllThreads=false in command line.
2019-10-09 13:13:39,461 [main] INFO  grpc.GrpcConfigKeys$Server (ConfUtils.java:logGet(43)) - raft.grpc.server.port = 0 (default)
2019-10-09 13:13:39,462 [main] INFO  server.GrpcService (ConfUtils.java:logGet(43)) - raft.grpc.message.size.max = 33570816 (custom)
2019-10-09 13:13:39,462 [main] INFO  server.RaftServerConfigKeys (ConfUtils.java:logGet(43)) - raft.server.log.appender.buffer.byte-limit = 33554432 (custom)
2019-10-09 13:13:39,462 [main] INFO  server.GrpcService (ConfUtils.java:logGet(43)) - raft.grpc.flow.control.window = 1MB (=1048576) (default)
2019-10-09 13:13:39,462 [main] INFO  server.RaftServerConfigKeys (ConfUtils.java:logGet(43)) - raft.server.rpc.request.timeout = 3000ms (default)
2019-10-09 13:13:39,463 [main] INFO  server.RaftServerConfigKeys (ConfUtils.java:logGet(43)) - raft.server.storage.dir = [/workdir/hadoop-ozone/integration-test/target/test-dir/MiniOzoneClusterImpl-77992fd3-8e8a-426b-8566-445f44124f00/datanode-6/data/ratis] (custom)
2019-10-09 13:13:39,464 [main] INFO  hdfs.DFSUtil (DFSUtil.java:httpServerTemplateForNNAndJN(1641)) - Starting Web-server for hddsDatanode at: http://0.0.0.0:0
2019-10-09 13:13:39,465 [main] INFO  server.AuthenticationFilter (AuthenticationFilter.java:constructSecretProvider(240)) - Unable to initialize FileSignerSecretProvider, falling back to use random secrets.
2019-10-09 13:13:39,465 [main] WARN  http.HttpRequestLog (HttpRequestLog.java:getRequestLog(97)) - Jetty request log can only be enabled using Log4j
2019-10-09 13:13:39,467 [main] INFO  http.HttpServer2 (HttpServer2.java:addGlobalFilter(975)) - Added global filter 'safety' (class=org.apache.hadoop.http.HttpServer2$QuotingInputFilter)
2019-10-09 13:13:39,467 [main] INFO  http.HttpServer2 (HttpServer2.java:addFilter(948)) - Added filter static_user_filter (class=org.apache.hadoop.http.lib.StaticUserWebFilter$StaticUserFilter) to context hddsDatanode
2019-10-09 13:13:39,468 [main] INFO  http.HttpServer2 (HttpServer2.java:addFilter(958)) - Added filter static_user_filter (class=org.apache.hadoop.http.lib.StaticUserWebFilter$StaticUserFilter) to context static
2019-10-09 13:13:39,468 [main] INFO  http.HttpServer2 (HttpServer2.java:addFilter(958)) - Added filter static_user_filter (class=org.apache.hadoop.http.lib.StaticUserWebFilter$StaticUserFilter) to context logs
2019-10-09 13:13:39,468 [main] INFO  http.HttpServer2 (HttpServer2.java:bindListener(1191)) - Jetty bound to port 44554
2019-10-09 13:13:39,469 [main] INFO  server.Server (Server.java:doStart(351)) - jetty-9.3.25.v20180904, build timestamp: 2018-09-04T21:11:46Z, git hash: 3ce520221d0240229c862b122d2b06c12a625732
2019-10-09 13:13:39,470 [main] INFO  handler.ContextHandler (ContextHandler.java:doStart(781)) - Started o.e.j.s.ServletContextHandler@5e2a6991{/logs,file:///workdir/hadoop-ozone/integration-test/target/log,AVAILABLE}
2019-10-09 13:13:39,471 [main] INFO  handler.ContextHandler (ContextHandler.java:doStart(781)) - Started o.e.j.s.ServletContextHandler@6f96dd64{/static,jar:file:/home/user/.m2/repository/org/apache/hadoop/hadoop-hdds-container-service/0.5.0-SNAPSHOT/hadoop-hdds-container-service-0.5.0-SNAPSHOT.jar!/webapps/static,AVAILABLE}
2019-10-09 13:13:39,502 [main] INFO  handler.ContextHandler (ContextHandler.java:doStart(781)) - Started o.e.j.w.WebAppContext@401e02b4{/,file:///tmp/jetty-0.0.0.0-44554-hddsDatanode-_-any-3988780759276943395.dir/webapp/,AVAILABLE}{/hddsDatanode}
2019-10-09 13:13:39,502 [main] INFO  server.AbstractConnector (AbstractConnector.java:doStart(278)) - Started ServerConnector@164d01ba{HTTP/1.1,[http/1.1]}{0.0.0.0:44554}
2019-10-09 13:13:39,511 [main] INFO  server.Server (Server.java:doStart(419)) - Started @604802ms
2019-10-09 13:13:39,511 [main] WARN  impl.MetricsSystemImpl (MetricsSystemImpl.java:register(276)) - Sink prometheus already exists!
2019-10-09 13:13:39,512 [main] INFO  server.BaseHttpServer (BaseHttpServer.java:updateConnectorAddress(215)) - HTTP server of HDDSDATANODE is listening at http://0.0.0.0:44554
2019-10-09 13:13:39,512 [main] INFO  ozone.MiniOzoneClusterImpl (MiniOzoneClusterImpl.java:lambda$waitForClusterToBeReady$0(147)) - Waiting for cluster to be ready. Got 0 of 7 DN Heartbeats.
2019-10-09 13:13:39,517 [org.apache.hadoop.util.JvmPauseMonitor$Monitor@7157b3e9] INFO  util.JvmPauseMonitor (JvmPauseMonitor.java:run(188)) - Starting JVM pause monitor
2019-10-09 13:13:39,518 [Datanode State Machine Thread - 0] INFO  datanode.InitDatanodeState (InitDatanodeState.java:persistContainerDatanodeDetails(140)) - DatanodeDetails is persisted to /workdir/hadoop-ozone/integration-test/target/test-dir/MiniOzoneClusterImpl-77992fd3-8e8a-426b-8566-445f44124f00/datanode-6/meta/datanode.id
2019-10-09 13:13:40,516 [main] INFO  ozone.MiniOzoneClusterImpl (MiniOzoneClusterImpl.java:lambda$waitForClusterToBeReady$0(147)) - Waiting for cluster to be ready. Got 0 of 7 DN Heartbeats.
2019-10-09 13:13:41,084 [Datanode State Machine Thread - 0] INFO  ozoneimpl.OzoneContainer (OzoneContainer.java:start(217)) - Attempting to start container services.
2019-10-09 13:13:41,087 [Datanode State Machine Thread - 0] INFO  ozoneimpl.OzoneContainer (OzoneContainer.java:startContainerScrub(179)) - Background container scanner has been disabled.
2019-10-09 13:13:41,087 [Datanode State Machine Thread - 0] INFO  ratis.XceiverServerRatis (XceiverServerRatis.java:start(411)) - Starting XceiverServerRatis 2c69c56f-4b33-4231-936a-bbd24e83d692 at port 0
2019-10-09 13:13:41,094 [Datanode State Machine Thread - 0] INFO  impl.RaftServerProxy (RaftServerProxy.java:lambda$start$3(299)) - 2c69c56f-4b33-4231-936a-bbd24e83d692: start RPC server
2019-10-09 13:13:41,096 [Datanode State Machine Thread - 0] INFO  server.GrpcService (GrpcService.java:startImpl(158)) - 2c69c56f-4b33-4231-936a-bbd24e83d692: GrpcService started, listening on 0.0.0.0/0.0.0.0:45661
2019-10-09 13:13:41,097 [Datanode State Machine Thread - 0] INFO  ratis.XceiverServerRatis (XceiverServerRatis.java:start(421)) - XceiverServerRatis 2c69c56f-4b33-4231-936a-bbd24e83d692 is started using port 45661
2019-10-09 13:13:41,097 [Datanode State Machine Thread - 0] INFO  server.XceiverServerGrpc (XceiverServerGrpc.java:start(149)) - XceiverServerGrpc 2c69c56f-4b33-4231-936a-bbd24e83d692 is started using port 35590
2019-10-09 13:13:41,138 [Datanode State Machine Thread - 0] INFO  ozoneimpl.OzoneContainer (OzoneContainer.java:start(217)) - Attempting to start container services.
2019-10-09 13:13:41,143 [Datanode State Machine Thread - 0] INFO  ozoneimpl.OzoneContainer (OzoneContainer.java:startContainerScrub(179)) - Background container scanner has been disabled.
2019-10-09 13:13:41,143 [Datanode State Machine Thread - 0] INFO  ratis.XceiverServerRatis (XceiverServerRatis.java:start(411)) - Starting XceiverServerRatis 96acbf61-3ece-4d83-9836-a217fb58817a at port 0
2019-10-09 13:13:41,150 [Datanode State Machine Thread - 0] INFO  impl.RaftServerProxy (RaftServerProxy.java:lambda$start$3(299)) - 96acbf61-3ece-4d83-9836-a217fb58817a: start RPC server
2019-10-09 13:13:41,151 [Datanode State Machine Thread - 0] INFO  server.GrpcService (GrpcService.java:startImpl(158)) - 96acbf61-3ece-4d83-9836-a217fb58817a: GrpcService started, listening on 0.0.0.0/0.0.0.0:35650
2019-10-09 13:13:41,151 [Datanode State Machine Thread - 0] INFO  ratis.XceiverServerRatis (XceiverServerRatis.java:start(421)) - XceiverServerRatis 96acbf61-3ece-4d83-9836-a217fb58817a is started using port 35650
2019-10-09 13:13:41,151 [Datanode State Machine Thread - 0] INFO  server.XceiverServerGrpc (XceiverServerGrpc.java:start(149)) - XceiverServerGrpc 96acbf61-3ece-4d83-9836-a217fb58817a is started using port 37704
2019-10-09 13:13:41,212 [Datanode State Machine Thread - 0] INFO  ozoneimpl.OzoneContainer (OzoneContainer.java:start(217)) - Attempting to start container services.
2019-10-09 13:13:41,229 [Datanode State Machine Thread - 0] INFO  ozoneimpl.OzoneContainer (OzoneContainer.java:startContainerScrub(179)) - Background container scanner has been disabled.
2019-10-09 13:13:41,229 [Datanode State Machine Thread - 0] INFO  ratis.XceiverServerRatis (XceiverServerRatis.java:start(411)) - Starting XceiverServerRatis 7706a157-1a1c-49fa-abc2-2cf2041a84a7 at port 0
2019-10-09 13:13:41,235 [Datanode State Machine Thread - 0] INFO  impl.RaftServerProxy (RaftServerProxy.java:lambda$start$3(299)) - 7706a157-1a1c-49fa-abc2-2cf2041a84a7: start RPC server
2019-10-09 13:13:41,237 [Datanode State Machine Thread - 0] INFO  server.GrpcService (GrpcService.java:startImpl(158)) - 7706a157-1a1c-49fa-abc2-2cf2041a84a7: GrpcService started, listening on 0.0.0.0/0.0.0.0:40917
2019-10-09 13:13:41,237 [Datanode State Machine Thread - 0] INFO  ratis.XceiverServerRatis (XceiverServerRatis.java:start(421)) - XceiverServerRatis 7706a157-1a1c-49fa-abc2-2cf2041a84a7 is started using port 40917
2019-10-09 13:13:41,239 [Datanode State Machine Thread - 0] INFO  server.XceiverServerGrpc (XceiverServerGrpc.java:start(149)) - XceiverServerGrpc 7706a157-1a1c-49fa-abc2-2cf2041a84a7 is started using port 36408
2019-10-09 13:13:41,285 [Datanode State Machine Thread - 0] INFO  ozoneimpl.OzoneContainer (OzoneContainer.java:start(217)) - Attempting to start container services.
2019-10-09 13:13:41,285 [Datanode State Machine Thread - 0] INFO  ozoneimpl.OzoneContainer (OzoneContainer.java:startContainerScrub(179)) - Background container scanner has been disabled.
2019-10-09 13:13:41,285 [Datanode State Machine Thread - 0] INFO  ratis.XceiverServerRatis (XceiverServerRatis.java:start(411)) - Starting XceiverServerRatis 869fbf5b-cbbd-43c6-9f26-156c5192e660 at port 0
2019-10-09 13:13:41,294 [Datanode State Machine Thread - 0] INFO  impl.RaftServerProxy (RaftServerProxy.java:lambda$start$3(299)) - 869fbf5b-cbbd-43c6-9f26-156c5192e660: start RPC server
2019-10-09 13:13:41,295 [Datanode State Machine Thread - 0] INFO  server.GrpcService (GrpcService.java:startImpl(158)) - 869fbf5b-cbbd-43c6-9f26-156c5192e660: GrpcService started, listening on 0.0.0.0/0.0.0.0:43498
2019-10-09 13:13:41,295 [Datanode State Machine Thread - 0] INFO  ratis.XceiverServerRatis (XceiverServerRatis.java:start(421)) - XceiverServerRatis 869fbf5b-cbbd-43c6-9f26-156c5192e660 is started using port 43498
2019-10-09 13:13:41,296 [Datanode State Machine Thread - 0] INFO  server.XceiverServerGrpc (XceiverServerGrpc.java:start(149)) - XceiverServerGrpc 869fbf5b-cbbd-43c6-9f26-156c5192e660 is started using port 37852
2019-10-09 13:13:41,370 [Datanode State Machine Thread - 0] INFO  ozoneimpl.OzoneContainer (OzoneContainer.java:start(217)) - Attempting to start container services.
2019-10-09 13:13:41,370 [Datanode State Machine Thread - 0] INFO  ozoneimpl.OzoneContainer (OzoneContainer.java:startContainerScrub(179)) - Background container scanner has been disabled.
2019-10-09 13:13:41,371 [Datanode State Machine Thread - 0] INFO  ratis.XceiverServerRatis (XceiverServerRatis.java:start(411)) - Starting XceiverServerRatis 162534dc-93d9-4206-ab1e-9268955c7aca at port 0
2019-10-09 13:13:41,378 [Datanode State Machine Thread - 0] INFO  impl.RaftServerProxy (RaftServerProxy.java:lambda$start$3(299)) - 162534dc-93d9-4206-ab1e-9268955c7aca: start RPC server
2019-10-09 13:13:41,378 [Datanode State Machine Thread - 0] INFO  server.GrpcService (GrpcService.java:startImpl(158)) - 162534dc-93d9-4206-ab1e-9268955c7aca: GrpcService started, listening on 0.0.0.0/0.0.0.0:32957
2019-10-09 13:13:41,379 [Datanode State Machine Thread - 0] INFO  ratis.XceiverServerRatis (XceiverServerRatis.java:start(421)) - XceiverServerRatis 162534dc-93d9-4206-ab1e-9268955c7aca is started using port 32957
2019-10-09 13:13:41,379 [Datanode State Machine Thread - 0] INFO  server.XceiverServerGrpc (XceiverServerGrpc.java:start(149)) - XceiverServerGrpc 162534dc-93d9-4206-ab1e-9268955c7aca is started using port 45594
2019-10-09 13:13:41,440 [Datanode State Machine Thread - 0] INFO  ozoneimpl.OzoneContainer (OzoneContainer.java:start(217)) - Attempting to start container services.
2019-10-09 13:13:41,440 [Datanode State Machine Thread - 0] INFO  ozoneimpl.OzoneContainer (OzoneContainer.java:startContainerScrub(179)) - Background container scanner has been disabled.
2019-10-09 13:13:41,440 [Datanode State Machine Thread - 0] INFO  ratis.XceiverServerRatis (XceiverServerRatis.java:start(411)) - Starting XceiverServerRatis 8dcbbddc-d4ab-4266-a26b-3cb88d40d557 at port 0
2019-10-09 13:13:41,449 [Datanode State Machine Thread - 0] INFO  impl.RaftServerProxy (RaftServerProxy.java:lambda$start$3(299)) - 8dcbbddc-d4ab-4266-a26b-3cb88d40d557: start RPC server
2019-10-09 13:13:41,453 [Datanode State Machine Thread - 0] INFO  server.GrpcService (GrpcService.java:startImpl(158)) - 8dcbbddc-d4ab-4266-a26b-3cb88d40d557: GrpcService started, listening on 0.0.0.0/0.0.0.0:43915
2019-10-09 13:13:41,453 [Datanode State Machine Thread - 0] INFO  ratis.XceiverServerRatis (XceiverServerRatis.java:start(421)) - XceiverServerRatis 8dcbbddc-d4ab-4266-a26b-3cb88d40d557 is started using port 43915
2019-10-09 13:13:41,453 [Datanode State Machine Thread - 0] INFO  server.XceiverServerGrpc (XceiverServerGrpc.java:start(149)) - XceiverServerGrpc 8dcbbddc-d4ab-4266-a26b-3cb88d40d557 is started using port 42396
2019-10-09 13:13:41,517 [main] INFO  ozone.MiniOzoneClusterImpl (MiniOzoneClusterImpl.java:lambda$waitForClusterToBeReady$0(147)) - Waiting for cluster to be ready. Got 0 of 7 DN Heartbeats.
2019-10-09 13:13:41,531 [Datanode State Machine Thread - 0] INFO  ozoneimpl.OzoneContainer (OzoneContainer.java:start(217)) - Attempting to start container services.
2019-10-09 13:13:41,531 [Datanode State Machine Thread - 0] INFO  ozoneimpl.OzoneContainer (OzoneContainer.java:startContainerScrub(179)) - Background container scanner has been disabled.
2019-10-09 13:13:41,531 [Datanode State Machine Thread - 0] INFO  ratis.XceiverServerRatis (XceiverServerRatis.java:start(411)) - Starting XceiverServerRatis 06b07e7c-75e3-42cf-8216-e3337187b4bc at port 0
2019-10-09 13:13:41,538 [Datanode State Machine Thread - 0] INFO  impl.RaftServerProxy (RaftServerProxy.java:lambda$start$3(299)) - 06b07e7c-75e3-42cf-8216-e3337187b4bc: start RPC server
2019-10-09 13:13:41,553 [Datanode State Machine Thread - 0] INFO  server.GrpcService (GrpcService.java:startImpl(158)) - 06b07e7c-75e3-42cf-8216-e3337187b4bc: GrpcService started, listening on 0.0.0.0/0.0.0.0:41363
2019-10-09 13:13:41,553 [Datanode State Machine Thread - 0] INFO  ratis.XceiverServerRatis (XceiverServerRatis.java:start(421)) - XceiverServerRatis 06b07e7c-75e3-42cf-8216-e3337187b4bc is started using port 41363
2019-10-09 13:13:41,553 [Datanode State Machine Thread - 0] INFO  server.XceiverServerGrpc (XceiverServerGrpc.java:start(149)) - XceiverServerGrpc 06b07e7c-75e3-42cf-8216-e3337187b4bc is started using port 36815
2019-10-09 13:13:42,517 [main] INFO  ozone.MiniOzoneClusterImpl (MiniOzoneClusterImpl.java:lambda$waitForClusterToBeReady$0(147)) - Waiting for cluster to be ready. Got 0 of 7 DN Heartbeats.
2019-10-09 13:13:43,075 [IPC Server handler 0 on 34501] INFO  net.NetworkTopology (NetworkTopologyImpl.java:add(111)) - Added a new node: /default-rack/2c69c56f-4b33-4231-936a-bbd24e83d692
2019-10-09 13:13:43,081 [IPC Server handler 0 on 34501] INFO  node.SCMNodeManager (SCMNodeManager.java:register(266)) - Registered Data node : 2c69c56f-4b33-4231-936a-bbd24e83d692{ip: 192.168.5.175, host: pr-hdds-1569-mfl88-1504498049, networkLocation: /default-rack, certSerialId: null}
2019-10-09 13:13:43,082 [EventQueue-NodeRegistrationContainerReportForDataNodeSafeModeRule] INFO  safemode.SCMSafeModeManager (DataNodeSafeModeRule.java:process(71)) - SCM in safe mode. 1 DataNodes registered, 1 required.
2019-10-09 13:13:43,086 [EventQueue-NodeRegistrationContainerReportForDataNodeSafeModeRule] INFO  safemode.SCMSafeModeManager (SCMSafeModeManager.java:validateSafeModeExitRules(177)) - ScmSafeModeManager, all rules are successfully validated
2019-10-09 13:13:43,086 [EventQueue-NodeRegistrationContainerReportForDataNodeSafeModeRule] INFO  safemode.SCMSafeModeManager (SCMSafeModeManager.java:exitSafeMode(193)) - SCM exiting safe mode.
2019-10-09 13:13:43,110 [grpc-default-executor-15] INFO  impl.RaftServerProxy (RaftServerProxy.java:addNew(89)) - 2c69c56f-4b33-4231-936a-bbd24e83d692: addNew group-23928901D0C4:[2c69c56f-4b33-4231-936a-bbd24e83d692:192.168.5.175:45661] returns group-23928901D0C4:java.util.concurrent.CompletableFuture@45917907[Not completed]
2019-10-09 13:13:43,113 [pool-410-thread-1] INFO  impl.RaftServerImpl (RaftServerImpl.java:<init>(95)) - 2c69c56f-4b33-4231-936a-bbd24e83d692: new RaftServerImpl for group-23928901D0C4:[2c69c56f-4b33-4231-936a-bbd24e83d692:192.168.5.175:45661] with ContainerStateMachine:uninitialized
2019-10-09 13:13:43,114 [pool-410-thread-1] INFO  server.RaftServerConfigKeys (ConfUtils.java:logGet(43)) - raft.server.rpc.timeout.min = 5s (custom)
2019-10-09 13:13:43,114 [pool-410-thread-1] INFO  server.RaftServerConfigKeys (ConfUtils.java:logGet(43)) - raft.server.rpc.timeout.max = 5200ms (custom)
2019-10-09 13:13:43,114 [pool-410-thread-1] INFO  server.RaftServerConfigKeys (ConfUtils.java:logGet(43)) - raft.server.rpcslowness.timeout = 120s (custom)
2019-10-09 13:13:43,114 [pool-410-thread-1] INFO  server.RaftServerConfigKeys (ConfUtils.java:logGet(43)) - raft.server.sleep.deviation.threshold = 300 (default)
2019-10-09 13:13:43,114 [pool-410-thread-1] INFO  server.RaftServerConfigKeys (ConfUtils.java:logGet(43)) - raft.server.log.appender.install.snapshot.enabled = false (custom)
2019-10-09 13:13:43,115 [pool-410-thread-1] INFO  impl.RaftServerImpl (ServerState.java:<init>(103)) - 2c69c56f-4b33-4231-936a-bbd24e83d692@group-23928901D0C4: ConfigurationManager, init=-1: [2c69c56f-4b33-4231-936a-bbd24e83d692:192.168.5.175:45661], old=null, confs=<EMPTY_MAP>
2019-10-09 13:13:43,115 [pool-410-thread-1] INFO  server.RaftServerConfigKeys (ConfUtils.java:logGet(43)) - raft.server.storage.dir = [/workdir/hadoop-ozone/integration-test/target/test-dir/MiniOzoneClusterImpl-77992fd3-8e8a-426b-8566-445f44124f00/datanode-0/data/ratis] (custom)
2019-10-09 13:13:43,117 [pool-410-thread-1] INFO  storage.RaftStorageDirectory (RaftStorageDirectory.java:analyzeStorage(246)) - The storage directory /workdir/hadoop-ozone/integration-test/target/test-dir/MiniOzoneClusterImpl-77992fd3-8e8a-426b-8566-445f44124f00/datanode-0/data/ratis/f17b09da-59b2-4796-8b99-23928901d0c4 does not exist. Creating ...
2019-10-09 13:13:43,124 [IPC Server handler 2 on 34501] INFO  net.NetworkTopology (NetworkTopologyImpl.java:add(111)) - Added a new node: /default-rack/96acbf61-3ece-4d83-9836-a217fb58817a
2019-10-09 13:13:43,124 [IPC Server handler 2 on 34501] INFO  node.SCMNodeManager (SCMNodeManager.java:register(266)) - Registered Data node : 96acbf61-3ece-4d83-9836-a217fb58817a{ip: 192.168.5.175, host: pr-hdds-1569-mfl88-1504498049, networkLocation: /default-rack, certSerialId: null}
2019-10-09 13:13:43,130 [pool-410-thread-1] INFO  storage.RaftStorageDirectory (RaftStorageDirectory.java:tryLock(328)) - Lock on /workdir/hadoop-ozone/integration-test/target/test-dir/MiniOzoneClusterImpl-77992fd3-8e8a-426b-8566-445f44124f00/datanode-0/data/ratis/f17b09da-59b2-4796-8b99-23928901d0c4/in_use.lock acquired by nodename 6401@pr-hdds-1569-mfl88-1504498049
2019-10-09 13:13:43,143 [pool-410-thread-1] INFO  storage.RaftStorage (RaftStorage.java:format(72)) - Storage directory /workdir/hadoop-ozone/integration-test/target/test-dir/MiniOzoneClusterImpl-77992fd3-8e8a-426b-8566-445f44124f00/datanode-0/data/ratis/f17b09da-59b2-4796-8b99-23928901d0c4 has been successfully formatted.
2019-10-09 13:13:43,143 [pool-410-thread-1] INFO  ratis.ContainerStateMachine (ContainerStateMachine.java:loadSnapshot(230)) - group-23928901D0C4: The snapshot info is null. Setting the last applied indexto:(t:0, i:~)
2019-10-09 13:13:43,144 [pool-410-thread-1] INFO  server.RaftServerConfigKeys (ConfUtils.java:logGet(43)) - raft.server.notification.no-leader.timeout = 120s (custom)
2019-10-09 13:13:43,144 [pool-410-thread-1] INFO  server.RaftServerConfigKeys (ConfUtils.java:logGet(43)) - raft.server.log.use.memory = false (default)
2019-10-09 13:13:43,144 [pool-410-thread-1] INFO  server.RaftServerConfigKeys (ConfUtils.java:logGet(43)) - raft.server.log.purge.gap = 1000000 (custom)
2019-10-09 13:13:43,144 [pool-410-thread-1] INFO  server.RaftServerConfigKeys (ConfUtils.java:logGet(43)) - raft.server.log.appender.buffer.byte-limit = 33554432 (custom)
2019-10-09 13:13:43,144 [pool-410-thread-1] INFO  server.RaftServerConfigKeys (ConfUtils.java:logGet(43)) - raft.server.log.segment.size.max = 1048576 (custom)
2019-10-09 13:13:43,144 [pool-410-thread-1] INFO  server.RaftServerConfigKeys (ConfUtils.java:logGet(43)) - raft.server.log.segment.cache.num.max = 2 (custom)
2019-10-09 13:13:43,145 [pool-410-thread-1] INFO  segmented.SegmentedRaftLogWorker (SegmentedRaftLogWorker.java:<init>(172)) - new 2c69c56f-4b33-4231-936a-bbd24e83d692@group-23928901D0C4-SegmentedRaftLogWorker for RaftStorage:Storage Directory /workdir/hadoop-ozone/integration-test/target/test-dir/MiniOzoneClusterImpl-77992fd3-8e8a-426b-8566-445f44124f00/datanode-0/data/ratis/f17b09da-59b2-4796-8b99-23928901d0c4
2019-10-09 13:13:43,147 [pool-410-thread-1] INFO  server.RaftServerConfigKeys (ConfUtils.java:logGet(43)) - raft.server.log.queue.byte-limit = 2147483647 (custom)
2019-10-09 13:13:43,147 [pool-410-thread-1] INFO  server.RaftServerConfigKeys (ConfUtils.java:logGet(43)) - raft.server.log.queue.element-limit = 1024 (custom)
2019-10-09 13:13:43,147 [pool-410-thread-1] INFO  server.RaftServerConfigKeys (ConfUtils.java:logGet(43)) - raft.server.log.segment.size.max = 1048576 (custom)
2019-10-09 13:13:43,147 [pool-410-thread-1] INFO  server.RaftServerConfigKeys (ConfUtils.java:logGet(43)) - raft.server.log.preallocated.size = 16384 (custom)
2019-10-09 13:13:43,147 [pool-410-thread-1] INFO  server.RaftServerConfigKeys (ConfUtils.java:logGet(43)) - raft.server.log.write.buffer.size = 33554432 (custom)
2019-10-09 13:13:43,148 [pool-410-thread-1] INFO  server.RaftServerConfigKeys (ConfUtils.java:logGet(43)) - raft.server.log.force.sync.num = 128 (default)
2019-10-09 13:13:43,148 [pool-410-thread-1] INFO  server.RaftServerConfigKeys (ConfUtils.java:logGet(43)) - raft.server.log.statemachine.data.sync = true (default)
2019-10-09 13:13:43,148 [pool-410-thread-1] INFO  server.RaftServerConfigKeys (ConfUtils.java:logGet(43)) - raft.server.log.statemachine.data.sync.timeout = 10s (default)
2019-10-09 13:13:43,148 [pool-410-thread-1] INFO  server.RaftServerConfigKeys (ConfUtils.java:logGet(43)) - raft.server.log.statemachine.data.sync.timeout.retry = -1 (default)
2019-10-09 13:13:43,148 [pool-410-thread-1] INFO  server.RaftServerConfigKeys (ConfUtils.java:logGet(43)) - raft.server.log.statemachine.data.caching.enabled = true (custom)
2019-10-09 13:13:43,149 [pool-410-thread-1] INFO  segmented.SegmentedRaftLogWorker (SegmentedRaftLogWorker.java:lambda$new$0(132)) - 2c69c56f-4b33-4231-936a-bbd24e83d692@group-23928901D0C4-SegmentedRaftLogWorker: flushIndex: setUnconditionally 0 -> -1
2019-10-09 13:13:43,149 [pool-410-thread-1] INFO  server.RaftServerConfigKeys (ConfUtils.java:logGet(43)) - raft.server.snapshot.auto.trigger.enabled = true (custom)
2019-10-09 13:13:43,149 [pool-410-thread-1] INFO  server.RaftServerConfigKeys (ConfUtils.java:logGet(43)) - raft.server.snapshot.auto.trigger.threshold = 10000 (custom)
2019-10-09 13:13:43,150 [pool-410-thread-1] INFO  server.RaftServerConfigKeys (ConfUtils.java:logGet(43)) - raft.server.snapshot.retention.num.files = 5 (custom)
2019-10-09 13:13:43,150 [pool-410-thread-1] INFO  server.RaftServerConfigKeys (ConfUtils.java:logGet(43)) - raft.server.retrycache.expirytime = 600000ms (custom)
2019-10-09 13:13:43,151 [pool-410-thread-1] INFO  impl.RaftServerImpl (RaftServerImpl.java:start(185)) - 2c69c56f-4b33-4231-936a-bbd24e83d692@group-23928901D0C4: start as a follower, conf=-1: [2c69c56f-4b33-4231-936a-bbd24e83d692:192.168.5.175:45661], old=null
2019-10-09 13:13:43,151 [pool-410-thread-1] INFO  impl.RaftServerImpl (RaftServerImpl.java:setRole(174)) - 2c69c56f-4b33-4231-936a-bbd24e83d692@group-23928901D0C4: changes role from      null to FOLLOWER at term 0 for startAsFollower
2019-10-09 13:13:43,152 [pool-410-thread-1] INFO  impl.RoleInfo (RoleInfo.java:updateAndGet(143)) - 2c69c56f-4b33-4231-936a-bbd24e83d692: start FollowerState
2019-10-09 13:13:43,152 [pool-410-thread-1] INFO  util.JmxRegister (JmxRegister.java:tryRegister(44)) - Successfully registered JMX Bean with object name Ratis:service=RaftServer,group=group-23928901D0C4,id=2c69c56f-4b33-4231-936a-bbd24e83d692
2019-10-09 13:13:43,155 [RatisPipelineUtilsThread] INFO  pipeline.PipelineStateManager (PipelineStateManager.java:addPipeline(56)) - Created pipeline Pipeline[ Id: f17b09da-59b2-4796-8b99-23928901d0c4, Nodes: 2c69c56f-4b33-4231-936a-bbd24e83d692{ip: 192.168.5.175, host: pr-hdds-1569-mfl88-1504498049, networkLocation: /default-rack, certSerialId: null}, Type:RATIS, Factor:ONE, State:OPEN]
2019-10-09 13:13:43,164 [grpc-default-executor-15] INFO  impl.RaftServerProxy (RaftServerProxy.java:addNew(89)) - 96acbf61-3ece-4d83-9836-a217fb58817a: addNew group-532C09F99559:[96acbf61-3ece-4d83-9836-a217fb58817a:192.168.5.175:35650] returns group-532C09F99559:java.util.concurrent.CompletableFuture@4eebbcbb[Not completed]
2019-10-09 13:13:43,165 [pool-420-thread-1] INFO  impl.RaftServerImpl (RaftServerImpl.java:<init>(95)) - 96acbf61-3ece-4d83-9836-a217fb58817a: new RaftServerImpl for group-532C09F99559:[96acbf61-3ece-4d83-9836-a217fb58817a:192.168.5.175:35650] with ContainerStateMachine:uninitialized
2019-10-09 13:13:43,165 [pool-420-thread-1] INFO  server.RaftServerConfigKeys (ConfUtils.java:logGet(43)) - raft.server.rpc.timeout.min = 5s (custom)
2019-10-09 13:13:43,165 [pool-420-thread-1] INFO  server.RaftServerConfigKeys (ConfUtils.java:logGet(43)) - raft.server.rpc.timeout.max = 5200ms (custom)
2019-10-09 13:13:43,165 [pool-420-thread-1] INFO  server.RaftServerConfigKeys (ConfUtils.java:logGet(43)) - raft.server.rpcslowness.timeout = 120s (custom)
2019-10-09 13:13:43,165 [pool-420-thread-1] INFO  server.RaftServerConfigKeys (ConfUtils.java:logGet(43)) - raft.server.sleep.deviation.threshold = 300 (default)
2019-10-09 13:13:43,165 [pool-420-thread-1] INFO  server.RaftServerConfigKeys (ConfUtils.java:logGet(43)) - raft.server.log.appender.install.snapshot.enabled = false (custom)
2019-10-09 13:13:43,166 [pool-420-thread-1] INFO  impl.RaftServerImpl (ServerState.java:<init>(103)) - 96acbf61-3ece-4d83-9836-a217fb58817a@group-532C09F99559: ConfigurationManager, init=-1: [96acbf61-3ece-4d83-9836-a217fb58817a:192.168.5.175:35650], old=null, confs=<EMPTY_MAP>
2019-10-09 13:13:43,166 [pool-420-thread-1] INFO  server.RaftServerConfigKeys (ConfUtils.java:logGet(43)) - raft.server.storage.dir = [/workdir/hadoop-ozone/integration-test/target/test-dir/MiniOzoneClusterImpl-77992fd3-8e8a-426b-8566-445f44124f00/datanode-1/data/ratis] (custom)
2019-10-09 13:13:43,166 [pool-420-thread-1] INFO  storage.RaftStorageDirectory (RaftStorageDirectory.java:analyzeStorage(246)) - The storage directory /workdir/hadoop-ozone/integration-test/target/test-dir/MiniOzoneClusterImpl-77992fd3-8e8a-426b-8566-445f44124f00/datanode-1/data/ratis/23e8016f-94d2-4049-a50c-532c09f99559 does not exist. Creating ...
2019-10-09 13:13:43,179 [pool-420-thread-1] INFO  storage.RaftStorageDirectory (RaftStorageDirectory.java:tryLock(328)) - Lock on /workdir/hadoop-ozone/integration-test/target/test-dir/MiniOzoneClusterImpl-77992fd3-8e8a-426b-8566-445f44124f00/datanode-1/data/ratis/23e8016f-94d2-4049-a50c-532c09f99559/in_use.lock acquired by nodename 6401@pr-hdds-1569-mfl88-1504498049
2019-10-09 13:13:43,191 [pool-420-thread-1] INFO  storage.RaftStorage (RaftStorage.java:format(72)) - Storage directory /workdir/hadoop-ozone/integration-test/target/test-dir/MiniOzoneClusterImpl-77992fd3-8e8a-426b-8566-445f44124f00/datanode-1/data/ratis/23e8016f-94d2-4049-a50c-532c09f99559 has been successfully formatted.
2019-10-09 13:13:43,191 [pool-420-thread-1] INFO  ratis.ContainerStateMachine (ContainerStateMachine.java:loadSnapshot(230)) - group-532C09F99559: The snapshot info is null. Setting the last applied indexto:(t:0, i:~)
2019-10-09 13:13:43,191 [pool-420-thread-1] INFO  server.RaftServerConfigKeys (ConfUtils.java:logGet(43)) - raft.server.notification.no-leader.timeout = 120s (custom)
2019-10-09 13:13:43,191 [pool-420-thread-1] INFO  server.RaftServerConfigKeys (ConfUtils.java:logGet(43)) - raft.server.log.use.memory = false (default)
2019-10-09 13:13:43,192 [pool-420-thread-1] INFO  server.RaftServerConfigKeys (ConfUtils.java:logGet(43)) - raft.server.log.purge.gap = 1000000 (custom)
2019-10-09 13:13:43,192 [pool-420-thread-1] INFO  server.RaftServerConfigKeys (ConfUtils.java:logGet(43)) - raft.server.log.appender.buffer.byte-limit = 33554432 (custom)
2019-10-09 13:13:43,192 [pool-420-thread-1] INFO  server.RaftServerConfigKeys (ConfUtils.java:logGet(43)) - raft.server.log.segment.size.max = 1048576 (custom)
2019-10-09 13:13:43,192 [pool-420-thread-1] INFO  server.RaftServerConfigKeys (ConfUtils.java:logGet(43)) - raft.server.log.segment.cache.num.max = 2 (custom)
2019-10-09 13:13:43,192 [pool-420-thread-1] INFO  segmented.SegmentedRaftLogWorker (SegmentedRaftLogWorker.java:<init>(172)) - new 96acbf61-3ece-4d83-9836-a217fb58817a@group-532C09F99559-SegmentedRaftLogWorker for RaftStorage:Storage Directory /workdir/hadoop-ozone/integration-test/target/test-dir/MiniOzoneClusterImpl-77992fd3-8e8a-426b-8566-445f44124f00/datanode-1/data/ratis/23e8016f-94d2-4049-a50c-532c09f99559
2019-10-09 13:13:43,193 [pool-420-thread-1] INFO  server.RaftServerConfigKeys (ConfUtils.java:logGet(43)) - raft.server.log.queue.byte-limit = 2147483647 (custom)
2019-10-09 13:13:43,193 [pool-420-thread-1] INFO  server.RaftServerConfigKeys (ConfUtils.java:logGet(43)) - raft.server.log.queue.element-limit = 1024 (custom)
2019-10-09 13:13:43,194 [pool-420-thread-1] INFO  server.RaftServerConfigKeys (ConfUtils.java:logGet(43)) - raft.server.log.segment.size.max = 1048576 (custom)
2019-10-09 13:13:43,194 [pool-420-thread-1] INFO  server.RaftServerConfigKeys (ConfUtils.java:logGet(43)) - raft.server.log.preallocated.size = 16384 (custom)
2019-10-09 13:13:43,194 [pool-420-thread-1] INFO  server.RaftServerConfigKeys (ConfUtils.java:logGet(43)) - raft.server.log.write.buffer.size = 33554432 (custom)
2019-10-09 13:13:43,194 [pool-420-thread-1] INFO  server.RaftServerConfigKeys (ConfUtils.java:logGet(43)) - raft.server.log.force.sync.num = 128 (default)
2019-10-09 13:13:43,194 [pool-420-thread-1] INFO  server.RaftServerConfigKeys (ConfUtils.java:logGet(43)) - raft.server.log.statemachine.data.sync = true (default)
2019-10-09 13:13:43,194 [pool-420-thread-1] INFO  server.RaftServerConfigKeys (ConfUtils.java:logGet(43)) - raft.server.log.statemachine.data.sync.timeout = 10s (default)
2019-10-09 13:13:43,194 [pool-420-thread-1] INFO  server.RaftServerConfigKeys (ConfUtils.java:logGet(43)) - raft.server.log.statemachine.data.sync.timeout.retry = -1 (default)
2019-10-09 13:13:43,194 [pool-420-thread-1] INFO  server.RaftServerConfigKeys (ConfUtils.java:logGet(43)) - raft.server.log.statemachine.data.caching.enabled = true (custom)
2019-10-09 13:13:43,195 [pool-420-thread-1] INFO  segmented.SegmentedRaftLogWorker (SegmentedRaftLogWorker.java:lambda$new$0(132)) - 96acbf61-3ece-4d83-9836-a217fb58817a@group-532C09F99559-SegmentedRaftLogWorker: flushIndex: setUnconditionally 0 -> -1
2019-10-09 13:13:43,195 [pool-420-thread-1] INFO  server.RaftServerConfigKeys (ConfUtils.java:logGet(43)) - raft.server.snapshot.auto.trigger.enabled = true (custom)
2019-10-09 13:13:43,195 [pool-420-thread-1] INFO  server.RaftServerConfigKeys (ConfUtils.java:logGet(43)) - raft.server.snapshot.auto.trigger.threshold = 10000 (custom)
2019-10-09 13:13:43,195 [pool-420-thread-1] INFO  server.RaftServerConfigKeys (ConfUtils.java:logGet(43)) - raft.server.snapshot.retention.num.files = 5 (custom)
2019-10-09 13:13:43,195 [pool-420-thread-1] INFO  server.RaftServerConfigKeys (ConfUtils.java:logGet(43)) - raft.server.retrycache.expirytime = 600000ms (custom)
2019-10-09 13:13:43,196 [pool-420-thread-1] INFO  impl.RaftServerImpl (RaftServerImpl.java:start(185)) - 96acbf61-3ece-4d83-9836-a217fb58817a@group-532C09F99559: start as a follower, conf=-1: [96acbf61-3ece-4d83-9836-a217fb58817a:192.168.5.175:35650], old=null
2019-10-09 13:13:43,196 [pool-420-thread-1] INFO  impl.RaftServerImpl (RaftServerImpl.java:setRole(174)) - 96acbf61-3ece-4d83-9836-a217fb58817a@group-532C09F99559: changes role from      null to FOLLOWER at term 0 for startAsFollower
2019-10-09 13:13:43,196 [pool-420-thread-1] INFO  impl.RoleInfo (RoleInfo.java:updateAndGet(143)) - 96acbf61-3ece-4d83-9836-a217fb58817a: start FollowerState
2019-10-09 13:13:43,197 [pool-420-thread-1] INFO  util.JmxRegister (JmxRegister.java:tryRegister(44)) - Successfully registered JMX Bean with object name Ratis:service=RaftServer,group=group-532C09F99559,id=96acbf61-3ece-4d83-9836-a217fb58817a
2019-10-09 13:13:43,198 [RatisPipelineUtilsThread] INFO  pipeline.PipelineStateManager (PipelineStateManager.java:addPipeline(56)) - Created pipeline Pipeline[ Id: 23e8016f-94d2-4049-a50c-532c09f99559, Nodes: 96acbf61-3ece-4d83-9836-a217fb58817a{ip: 192.168.5.175, host: pr-hdds-1569-mfl88-1504498049, networkLocation: /default-rack, certSerialId: null}, Type:RATIS, Factor:ONE, State:OPEN]
2019-10-09 13:13:43,199 [RatisPipelineUtilsThread] ERROR pipeline.SCMPipelineManager (SCMPipelineManager.java:createPipeline(193)) - Pipeline creation failed.
org.apache.hadoop.hdds.scm.exceptions.SCMException: Cannot create pipeline of factor 1 using 0 nodes. Used 2 nodes.
	at org.apache.hadoop.hdds.scm.pipeline.RatisPipelineProvider.pickNodesNeverUsed(RatisPipelineProvider.java:115)
	at org.apache.hadoop.hdds.scm.pipeline.RatisPipelineProvider.create(RatisPipelineProvider.java:127)
	at org.apache.hadoop.hdds.scm.pipeline.PipelineFactory.create(PipelineFactory.java:58)
	at org.apache.hadoop.hdds.scm.pipeline.SCMPipelineManager.createPipeline(SCMPipelineManager.java:183)
	at org.apache.hadoop.hdds.scm.pipeline.BackgroundPipelineCreator.createPipelines(BackgroundPipelineCreator.java:100)
	at java.util.concurrent.Executors$RunnableAdapter.call(Executors.java:511)
	at java.util.concurrent.FutureTask.run(FutureTask.java:266)
	at java.util.concurrent.ScheduledThreadPoolExecutor$ScheduledFutureTask.access$201(ScheduledThreadPoolExecutor.java:180)
	at java.util.concurrent.ScheduledThreadPoolExecutor$ScheduledFutureTask.run(ScheduledThreadPoolExecutor.java:293)
	at java.util.concurrent.ThreadPoolExecutor.runWorker(ThreadPoolExecutor.java:1149)
	at java.util.concurrent.ThreadPoolExecutor$Worker.run(ThreadPoolExecutor.java:624)
	at java.lang.Thread.run(Thread.java:748)
2019-10-09 13:13:43,199 [RatisPipelineUtilsThread] ERROR pipeline.PipelinePlacementPolicy (PipelinePlacementPolicy.java:filterViableNodes(144)) - Not enough healthy nodes to allocate pipeline. 3  datanodes required. Found 2
2019-10-09 13:13:43,199 [RatisPipelineUtilsThread] ERROR pipeline.SCMPipelineManager (SCMPipelineManager.java:createPipeline(193)) - Pipeline creation failed.
org.apache.hadoop.hdds.scm.exceptions.SCMException: Not enough healthy nodes to allocate pipeline. 3  datanodes required. Found 2
	at org.apache.hadoop.hdds.scm.pipeline.PipelinePlacementPolicy.filterViableNodes(PipelinePlacementPolicy.java:145)
	at org.apache.hadoop.hdds.scm.pipeline.PipelinePlacementPolicy.chooseDatanodes(PipelinePlacementPolicy.java:186)
	at org.apache.hadoop.hdds.scm.pipeline.RatisPipelineProvider.create(RatisPipelineProvider.java:130)
	at org.apache.hadoop.hdds.scm.pipeline.PipelineFactory.create(PipelineFactory.java:58)
	at org.apache.hadoop.hdds.scm.pipeline.SCMPipelineManager.createPipeline(SCMPipelineManager.java:183)
	at org.apache.hadoop.hdds.scm.pipeline.BackgroundPipelineCreator.createPipelines(BackgroundPipelineCreator.java:100)
	at java.util.concurrent.Executors$RunnableAdapter.call(Executors.java:511)
	at java.util.concurrent.FutureTask.run(FutureTask.java:266)
	at java.util.concurrent.ScheduledThreadPoolExecutor$ScheduledFutureTask.access$201(ScheduledThreadPoolExecutor.java:180)
	at java.util.concurrent.ScheduledThreadPoolExecutor$ScheduledFutureTask.run(ScheduledThreadPoolExecutor.java:293)
	at java.util.concurrent.ThreadPoolExecutor.runWorker(ThreadPoolExecutor.java:1149)
	at java.util.concurrent.ThreadPoolExecutor$Worker.run(ThreadPoolExecutor.java:624)
	at java.lang.Thread.run(Thread.java:748)
2019-10-09 13:13:43,199 [IPC Server handler 3 on 34501] INFO  net.NetworkTopology (NetworkTopologyImpl.java:add(111)) - Added a new node: /default-rack/7706a157-1a1c-49fa-abc2-2cf2041a84a7
2019-10-09 13:13:43,200 [IPC Server handler 3 on 34501] INFO  node.SCMNodeManager (SCMNodeManager.java:register(266)) - Registered Data node : 7706a157-1a1c-49fa-abc2-2cf2041a84a7{ip: 192.168.5.175, host: pr-hdds-1569-mfl88-1504498049, networkLocation: /default-rack, certSerialId: null}
2019-10-09 13:13:43,206 [grpc-default-executor-15] INFO  impl.RaftServerProxy (RaftServerProxy.java:addNew(89)) - 7706a157-1a1c-49fa-abc2-2cf2041a84a7: addNew group-F7E70AB6487C:[7706a157-1a1c-49fa-abc2-2cf2041a84a7:192.168.5.175:40917] returns group-F7E70AB6487C:java.util.concurrent.CompletableFuture@6765661c[Not completed]
2019-10-09 13:13:43,213 [pool-430-thread-1] INFO  impl.RaftServerImpl (RaftServerImpl.java:<init>(95)) - 7706a157-1a1c-49fa-abc2-2cf2041a84a7: new RaftServerImpl for group-F7E70AB6487C:[7706a157-1a1c-49fa-abc2-2cf2041a84a7:192.168.5.175:40917] with ContainerStateMachine:uninitialized
2019-10-09 13:13:43,214 [pool-430-thread-1] INFO  server.RaftServerConfigKeys (ConfUtils.java:logGet(43)) - raft.server.rpc.timeout.min = 5s (custom)
2019-10-09 13:13:43,214 [pool-430-thread-1] INFO  server.RaftServerConfigKeys (ConfUtils.java:logGet(43)) - raft.server.rpc.timeout.max = 5200ms (custom)
2019-10-09 13:13:43,214 [pool-430-thread-1] INFO  server.RaftServerConfigKeys (ConfUtils.java:logGet(43)) - raft.server.rpcslowness.timeout = 120s (custom)
2019-10-09 13:13:43,214 [pool-430-thread-1] INFO  server.RaftServerConfigKeys (ConfUtils.java:logGet(43)) - raft.server.sleep.deviation.threshold = 300 (default)
2019-10-09 13:13:43,214 [pool-430-thread-1] INFO  server.RaftServerConfigKeys (ConfUtils.java:logGet(43)) - raft.server.log.appender.install.snapshot.enabled = false (custom)
2019-10-09 13:13:43,214 [pool-430-thread-1] INFO  impl.RaftServerImpl (ServerState.java:<init>(103)) - 7706a157-1a1c-49fa-abc2-2cf2041a84a7@group-F7E70AB6487C: ConfigurationManager, init=-1: [7706a157-1a1c-49fa-abc2-2cf2041a84a7:192.168.5.175:40917], old=null, confs=<EMPTY_MAP>
2019-10-09 13:13:43,214 [pool-430-thread-1] INFO  server.RaftServerConfigKeys (ConfUtils.java:logGet(43)) - raft.server.storage.dir = [/workdir/hadoop-ozone/integration-test/target/test-dir/MiniOzoneClusterImpl-77992fd3-8e8a-426b-8566-445f44124f00/datanode-2/data/ratis] (custom)
2019-10-09 13:13:43,214 [pool-430-thread-1] INFO  storage.RaftStorageDirectory (RaftStorageDirectory.java:analyzeStorage(246)) - The storage directory /workdir/hadoop-ozone/integration-test/target/test-dir/MiniOzoneClusterImpl-77992fd3-8e8a-426b-8566-445f44124f00/datanode-2/data/ratis/c02717b2-d9b8-4c21-97fb-f7e70ab6487c does not exist. Creating ...
2019-10-09 13:13:43,227 [pool-430-thread-1] INFO  storage.RaftStorageDirectory (RaftStorageDirectory.java:tryLock(328)) - Lock on /workdir/hadoop-ozone/integration-test/target/test-dir/MiniOzoneClusterImpl-77992fd3-8e8a-426b-8566-445f44124f00/datanode-2/data/ratis/c02717b2-d9b8-4c21-97fb-f7e70ab6487c/in_use.lock acquired by nodename 6401@pr-hdds-1569-mfl88-1504498049
2019-10-09 13:13:43,239 [pool-430-thread-1] INFO  storage.RaftStorage (RaftStorage.java:format(72)) - Storage directory /workdir/hadoop-ozone/integration-test/target/test-dir/MiniOzoneClusterImpl-77992fd3-8e8a-426b-8566-445f44124f00/datanode-2/data/ratis/c02717b2-d9b8-4c21-97fb-f7e70ab6487c has been successfully formatted.
2019-10-09 13:13:43,240 [pool-430-thread-1] INFO  ratis.ContainerStateMachine (ContainerStateMachine.java:loadSnapshot(230)) - group-F7E70AB6487C: The snapshot info is null. Setting the last applied indexto:(t:0, i:~)
2019-10-09 13:13:43,240 [pool-430-thread-1] INFO  server.RaftServerConfigKeys (ConfUtils.java:logGet(43)) - raft.server.notification.no-leader.timeout = 120s (custom)
2019-10-09 13:13:43,240 [pool-430-thread-1] INFO  server.RaftServerConfigKeys (ConfUtils.java:logGet(43)) - raft.server.log.use.memory = false (default)
2019-10-09 13:13:43,240 [pool-430-thread-1] INFO  server.RaftServerConfigKeys (ConfUtils.java:logGet(43)) - raft.server.log.purge.gap = 1000000 (custom)
2019-10-09 13:13:43,240 [pool-430-thread-1] INFO  server.RaftServerConfigKeys (ConfUtils.java:logGet(43)) - raft.server.log.appender.buffer.byte-limit = 33554432 (custom)
2019-10-09 13:13:43,240 [pool-430-thread-1] INFO  server.RaftServerConfigKeys (ConfUtils.java:logGet(43)) - raft.server.log.segment.size.max = 1048576 (custom)
2019-10-09 13:13:43,240 [pool-430-thread-1] INFO  server.RaftServerConfigKeys (ConfUtils.java:logGet(43)) - raft.server.log.segment.cache.num.max = 2 (custom)
2019-10-09 13:13:43,241 [pool-430-thread-1] INFO  segmented.SegmentedRaftLogWorker (SegmentedRaftLogWorker.java:<init>(172)) - new 7706a157-1a1c-49fa-abc2-2cf2041a84a7@group-F7E70AB6487C-SegmentedRaftLogWorker for RaftStorage:Storage Directory /workdir/hadoop-ozone/integration-test/target/test-dir/MiniOzoneClusterImpl-77992fd3-8e8a-426b-8566-445f44124f00/datanode-2/data/ratis/c02717b2-d9b8-4c21-97fb-f7e70ab6487c
2019-10-09 13:13:43,242 [pool-430-thread-1] INFO  server.RaftServerConfigKeys (ConfUtils.java:logGet(43)) - raft.server.log.queue.byte-limit = 2147483647 (custom)
2019-10-09 13:13:43,242 [pool-430-thread-1] INFO  server.RaftServerConfigKeys (ConfUtils.java:logGet(43)) - raft.server.log.queue.element-limit = 1024 (custom)
2019-10-09 13:13:43,242 [pool-430-thread-1] INFO  server.RaftServerConfigKeys (ConfUtils.java:logGet(43)) - raft.server.log.segment.size.max = 1048576 (custom)
2019-10-09 13:13:43,242 [pool-430-thread-1] INFO  server.RaftServerConfigKeys (ConfUtils.java:logGet(43)) - raft.server.log.preallocated.size = 16384 (custom)
2019-10-09 13:13:43,242 [pool-430-thread-1] INFO  server.RaftServerConfigKeys (ConfUtils.java:logGet(43)) - raft.server.log.write.buffer.size = 33554432 (custom)
2019-10-09 13:13:43,242 [pool-430-thread-1] INFO  server.RaftServerConfigKeys (ConfUtils.java:logGet(43)) - raft.server.log.force.sync.num = 128 (default)
2019-10-09 13:13:43,242 [pool-430-thread-1] INFO  server.RaftServerConfigKeys (ConfUtils.java:logGet(43)) - raft.server.log.statemachine.data.sync = true (default)
2019-10-09 13:13:43,243 [pool-430-thread-1] INFO  server.RaftServerConfigKeys (ConfUtils.java:logGet(43)) - raft.server.log.statemachine.data.sync.timeout = 10s (default)
2019-10-09 13:13:43,243 [pool-430-thread-1] INFO  server.RaftServerConfigKeys (ConfUtils.java:logGet(43)) - raft.server.log.statemachine.data.sync.timeout.retry = -1 (default)
2019-10-09 13:13:43,243 [pool-430-thread-1] INFO  server.RaftServerConfigKeys (ConfUtils.java:logGet(43)) - raft.server.log.statemachine.data.caching.enabled = true (custom)
2019-10-09 13:13:43,243 [pool-430-thread-1] INFO  segmented.SegmentedRaftLogWorker (SegmentedRaftLogWorker.java:lambda$new$0(132)) - 7706a157-1a1c-49fa-abc2-2cf2041a84a7@group-F7E70AB6487C-SegmentedRaftLogWorker: flushIndex: setUnconditionally 0 -> -1
2019-10-09 13:13:43,243 [pool-430-thread-1] INFO  server.RaftServerConfigKeys (ConfUtils.java:logGet(43)) - raft.server.snapshot.auto.trigger.enabled = true (custom)
2019-10-09 13:13:43,243 [pool-430-thread-1] INFO  server.RaftServerConfigKeys (ConfUtils.java:logGet(43)) - raft.server.snapshot.auto.trigger.threshold = 10000 (custom)
2019-10-09 13:13:43,243 [pool-430-thread-1] INFO  server.RaftServerConfigKeys (ConfUtils.java:logGet(43)) - raft.server.snapshot.retention.num.files = 5 (custom)
2019-10-09 13:13:43,244 [pool-430-thread-1] INFO  server.RaftServerConfigKeys (ConfUtils.java:logGet(43)) - raft.server.retrycache.expirytime = 600000ms (custom)
2019-10-09 13:13:43,245 [pool-430-thread-1] INFO  impl.RaftServerImpl (RaftServerImpl.java:start(185)) - 7706a157-1a1c-49fa-abc2-2cf2041a84a7@group-F7E70AB6487C: start as a follower, conf=-1: [7706a157-1a1c-49fa-abc2-2cf2041a84a7:192.168.5.175:40917], old=null
2019-10-09 13:13:43,245 [pool-430-thread-1] INFO  impl.RaftServerImpl (RaftServerImpl.java:setRole(174)) - 7706a157-1a1c-49fa-abc2-2cf2041a84a7@group-F7E70AB6487C: changes role from      null to FOLLOWER at term 0 for startAsFollower
2019-10-09 13:13:43,245 [pool-430-thread-1] INFO  impl.RoleInfo (RoleInfo.java:updateAndGet(143)) - 7706a157-1a1c-49fa-abc2-2cf2041a84a7: start FollowerState
2019-10-09 13:13:43,245 [pool-430-thread-1] INFO  util.JmxRegister (JmxRegister.java:tryRegister(44)) - Successfully registered JMX Bean with object name Ratis:service=RaftServer,group=group-F7E70AB6487C,id=7706a157-1a1c-49fa-abc2-2cf2041a84a7
2019-10-09 13:13:43,247 [RatisPipelineUtilsThread] INFO  pipeline.PipelineStateManager (PipelineStateManager.java:addPipeline(56)) - Created pipeline Pipeline[ Id: c02717b2-d9b8-4c21-97fb-f7e70ab6487c, Nodes: 7706a157-1a1c-49fa-abc2-2cf2041a84a7{ip: 192.168.5.175, host: pr-hdds-1569-mfl88-1504498049, networkLocation: /default-rack, certSerialId: null}, Type:RATIS, Factor:ONE, State:OPEN]
2019-10-09 13:13:43,247 [RatisPipelineUtilsThread] ERROR pipeline.SCMPipelineManager (SCMPipelineManager.java:createPipeline(193)) - Pipeline creation failed.
org.apache.hadoop.hdds.scm.exceptions.SCMException: Cannot create pipeline of factor 1 using 0 nodes. Used 3 nodes.
	at org.apache.hadoop.hdds.scm.pipeline.RatisPipelineProvider.pickNodesNeverUsed(RatisPipelineProvider.java:115)
	at org.apache.hadoop.hdds.scm.pipeline.RatisPipelineProvider.create(RatisPipelineProvider.java:127)
	at org.apache.hadoop.hdds.scm.pipeline.PipelineFactory.create(PipelineFactory.java:58)
	at org.apache.hadoop.hdds.scm.pipeline.SCMPipelineManager.createPipeline(SCMPipelineManager.java:183)
	at org.apache.hadoop.hdds.scm.pipeline.BackgroundPipelineCreator.createPipelines(BackgroundPipelineCreator.java:100)
	at org.apache.hadoop.hdds.scm.pipeline.BackgroundPipelineCreator.lambda$startFixedIntervalPipelineCreator$0(BackgroundPipelineCreator.java:70)
	at java.util.concurrent.Executors$RunnableAdapter.call(Executors.java:511)
	at java.util.concurrent.FutureTask.runAndReset(FutureTask.java:308)
	at java.util.concurrent.ScheduledThreadPoolExecutor$ScheduledFutureTask.access$301(ScheduledThreadPoolExecutor.java:180)
	at java.util.concurrent.ScheduledThreadPoolExecutor$ScheduledFutureTask.run(ScheduledThreadPoolExecutor.java:294)
	at java.util.concurrent.ThreadPoolExecutor.runWorker(ThreadPoolExecutor.java:1149)
	at java.util.concurrent.ThreadPoolExecutor$Worker.run(ThreadPoolExecutor.java:624)
	at java.lang.Thread.run(Thread.java:748)
2019-10-09 13:13:43,275 [IPC Server handler 4 on 34501] INFO  net.NetworkTopology (NetworkTopologyImpl.java:add(111)) - Added a new node: /default-rack/869fbf5b-cbbd-43c6-9f26-156c5192e660
2019-10-09 13:13:43,275 [IPC Server handler 4 on 34501] INFO  node.SCMNodeManager (SCMNodeManager.java:register(266)) - Registered Data node : 869fbf5b-cbbd-43c6-9f26-156c5192e660{ip: 192.168.5.175, host: pr-hdds-1569-mfl88-1504498049, networkLocation: /default-rack, certSerialId: null}
2019-10-09 13:13:43,275 [grpc-default-executor-35] INFO  impl.RaftServerProxy (RaftServerProxy.java:addNew(89)) - 96acbf61-3ece-4d83-9836-a217fb58817a: addNew group-14DF45B217B5:[2c69c56f-4b33-4231-936a-bbd24e83d692:192.168.5.175:45661, 96acbf61-3ece-4d83-9836-a217fb58817a:192.168.5.175:35650, 7706a157-1a1c-49fa-abc2-2cf2041a84a7:192.168.5.175:40917] returns group-14DF45B217B5:java.util.concurrent.CompletableFuture@3b60b0ed[Not completed]
2019-10-09 13:13:43,276 [grpc-default-executor-34] INFO  impl.RaftServerProxy (RaftServerProxy.java:addNew(89)) - 7706a157-1a1c-49fa-abc2-2cf2041a84a7: addNew group-14DF45B217B5:[2c69c56f-4b33-4231-936a-bbd24e83d692:192.168.5.175:45661, 96acbf61-3ece-4d83-9836-a217fb58817a:192.168.5.175:35650, 7706a157-1a1c-49fa-abc2-2cf2041a84a7:192.168.5.175:40917] returns group-14DF45B217B5:java.util.concurrent.CompletableFuture@95d5078[Not completed]
2019-10-09 13:13:43,276 [grpc-default-executor-34] INFO  impl.RaftServerProxy (RaftServerProxy.java:addNew(89)) - 2c69c56f-4b33-4231-936a-bbd24e83d692: addNew group-14DF45B217B5:[2c69c56f-4b33-4231-936a-bbd24e83d692:192.168.5.175:45661, 96acbf61-3ece-4d83-9836-a217fb58817a:192.168.5.175:35650, 7706a157-1a1c-49fa-abc2-2cf2041a84a7:192.168.5.175:40917] returns group-14DF45B217B5:java.util.concurrent.CompletableFuture@5374c273[Not completed]
2019-10-09 13:13:43,277 [pool-420-thread-1] INFO  impl.RaftServerImpl (RaftServerImpl.java:<init>(95)) - 96acbf61-3ece-4d83-9836-a217fb58817a: new RaftServerImpl for group-14DF45B217B5:[2c69c56f-4b33-4231-936a-bbd24e83d692:192.168.5.175:45661, 96acbf61-3ece-4d83-9836-a217fb58817a:192.168.5.175:35650, 7706a157-1a1c-49fa-abc2-2cf2041a84a7:192.168.5.175:40917] with ContainerStateMachine:uninitialized
2019-10-09 13:13:43,277 [pool-420-thread-1] INFO  server.RaftServerConfigKeys (ConfUtils.java:logGet(43)) - raft.server.rpc.timeout.min = 5s (custom)
2019-10-09 13:13:43,277 [pool-420-thread-1] INFO  server.RaftServerConfigKeys (ConfUtils.java:logGet(43)) - raft.server.rpc.timeout.max = 5200ms (custom)
2019-10-09 13:13:43,277 [pool-420-thread-1] INFO  server.RaftServerConfigKeys (ConfUtils.java:logGet(43)) - raft.server.rpcslowness.timeout = 120s (custom)
2019-10-09 13:13:43,277 [pool-410-thread-1] INFO  impl.RaftServerImpl (RaftServerImpl.java:<init>(95)) - 2c69c56f-4b33-4231-936a-bbd24e83d692: new RaftServerImpl for group-14DF45B217B5:[2c69c56f-4b33-4231-936a-bbd24e83d692:192.168.5.175:45661, 96acbf61-3ece-4d83-9836-a217fb58817a:192.168.5.175:35650, 7706a157-1a1c-49fa-abc2-2cf2041a84a7:192.168.5.175:40917] with ContainerStateMachine:uninitialized
2019-10-09 13:13:43,277 [pool-420-thread-1] INFO  server.RaftServerConfigKeys (ConfUtils.java:logGet(43)) - raft.server.sleep.deviation.threshold = 300 (default)
2019-10-09 13:13:43,278 [pool-410-thread-1] INFO  server.RaftServerConfigKeys (ConfUtils.java:logGet(43)) - raft.server.rpc.timeout.min = 5s (custom)
2019-10-09 13:13:43,278 [pool-430-thread-1] INFO  impl.RaftServerImpl (RaftServerImpl.java:<init>(95)) - 7706a157-1a1c-49fa-abc2-2cf2041a84a7: new RaftServerImpl for group-14DF45B217B5:[2c69c56f-4b33-4231-936a-bbd24e83d692:192.168.5.175:45661, 96acbf61-3ece-4d83-9836-a217fb58817a:192.168.5.175:35650, 7706a157-1a1c-49fa-abc2-2cf2041a84a7:192.168.5.175:40917] with ContainerStateMachine:uninitialized
2019-10-09 13:13:43,278 [pool-420-thread-1] INFO  server.RaftServerConfigKeys (ConfUtils.java:logGet(43)) - raft.server.log.appender.install.snapshot.enabled = false (custom)
2019-10-09 13:13:43,278 [pool-430-thread-1] INFO  server.RaftServerConfigKeys (ConfUtils.java:logGet(43)) - raft.server.rpc.timeout.min = 5s (custom)
2019-10-09 13:13:43,278 [pool-410-thread-1] INFO  server.RaftServerConfigKeys (ConfUtils.java:logGet(43)) - raft.server.rpc.timeout.max = 5200ms (custom)
2019-10-09 13:13:43,278 [pool-430-thread-1] INFO  server.RaftServerConfigKeys (ConfUtils.java:logGet(43)) - raft.server.rpc.timeout.max = 5200ms (custom)
2019-10-09 13:13:43,278 [pool-420-thread-1] INFO  impl.RaftServerImpl (ServerState.java:<init>(103)) - 96acbf61-3ece-4d83-9836-a217fb58817a@group-14DF45B217B5: ConfigurationManager, init=-1: [2c69c56f-4b33-4231-936a-bbd24e83d692:192.168.5.175:45661, 96acbf61-3ece-4d83-9836-a217fb58817a:192.168.5.175:35650, 7706a157-1a1c-49fa-abc2-2cf2041a84a7:192.168.5.175:40917], old=null, confs=<EMPTY_MAP>
2019-10-09 13:13:43,278 [pool-430-thread-1] INFO  server.RaftServerConfigKeys (ConfUtils.java:logGet(43)) - raft.server.rpcslowness.timeout = 120s (custom)
2019-10-09 13:13:43,279 [pool-420-thread-1] INFO  server.RaftServerConfigKeys (ConfUtils.java:logGet(43)) - raft.server.storage.dir = [/workdir/hadoop-ozone/integration-test/target/test-dir/MiniOzoneClusterImpl-77992fd3-8e8a-426b-8566-445f44124f00/datanode-1/data/ratis] (custom)
2019-10-09 13:13:43,278 [pool-410-thread-1] INFO  server.RaftServerConfigKeys (ConfUtils.java:logGet(43)) - raft.server.rpcslowness.timeout = 120s (custom)
2019-10-09 13:13:43,279 [pool-430-thread-1] INFO  server.RaftServerConfigKeys (ConfUtils.java:logGet(43)) - raft.server.sleep.deviation.threshold = 300 (default)
2019-10-09 13:13:43,279 [pool-410-thread-1] INFO  server.RaftServerConfigKeys (ConfUtils.java:logGet(43)) - raft.server.sleep.deviation.threshold = 300 (default)
2019-10-09 13:13:43,279 [pool-420-thread-1] INFO  storage.RaftStorageDirectory (RaftStorageDirectory.java:analyzeStorage(246)) - The storage directory /workdir/hadoop-ozone/integration-test/target/test-dir/MiniOzoneClusterImpl-77992fd3-8e8a-426b-8566-445f44124f00/datanode-1/data/ratis/9d00c015-ba4d-43f8-91ec-14df45b217b5 does not exist. Creating ...
2019-10-09 13:13:43,279 [pool-430-thread-1] INFO  server.RaftServerConfigKeys (ConfUtils.java:logGet(43)) - raft.server.log.appender.install.snapshot.enabled = false (custom)
2019-10-09 13:13:43,279 [pool-410-thread-1] INFO  server.RaftServerConfigKeys (ConfUtils.java:logGet(43)) - raft.server.log.appender.install.snapshot.enabled = false (custom)
2019-10-09 13:13:43,280 [pool-430-thread-1] INFO  impl.RaftServerImpl (ServerState.java:<init>(103)) - 7706a157-1a1c-49fa-abc2-2cf2041a84a7@group-14DF45B217B5: ConfigurationManager, init=-1: [2c69c56f-4b33-4231-936a-bbd24e83d692:192.168.5.175:45661, 96acbf61-3ece-4d83-9836-a217fb58817a:192.168.5.175:35650, 7706a157-1a1c-49fa-abc2-2cf2041a84a7:192.168.5.175:40917], old=null, confs=<EMPTY_MAP>
2019-10-09 13:13:43,280 [pool-410-thread-1] INFO  impl.RaftServerImpl (ServerState.java:<init>(103)) - 2c69c56f-4b33-4231-936a-bbd24e83d692@group-14DF45B217B5: ConfigurationManager, init=-1: [2c69c56f-4b33-4231-936a-bbd24e83d692:192.168.5.175:45661, 96acbf61-3ece-4d83-9836-a217fb58817a:192.168.5.175:35650, 7706a157-1a1c-49fa-abc2-2cf2041a84a7:192.168.5.175:40917], old=null, confs=<EMPTY_MAP>
2019-10-09 13:13:43,280 [pool-430-thread-1] INFO  server.RaftServerConfigKeys (ConfUtils.java:logGet(43)) - raft.server.storage.dir = [/workdir/hadoop-ozone/integration-test/target/test-dir/MiniOzoneClusterImpl-77992fd3-8e8a-426b-8566-445f44124f00/datanode-2/data/ratis] (custom)
2019-10-09 13:13:43,280 [pool-410-thread-1] INFO  server.RaftServerConfigKeys (ConfUtils.java:logGet(43)) - raft.server.storage.dir = [/workdir/hadoop-ozone/integration-test/target/test-dir/MiniOzoneClusterImpl-77992fd3-8e8a-426b-8566-445f44124f00/datanode-0/data/ratis] (custom)
2019-10-09 13:13:43,280 [pool-430-thread-1] INFO  storage.RaftStorageDirectory (RaftStorageDirectory.java:analyzeStorage(246)) - The storage directory /workdir/hadoop-ozone/integration-test/target/test-dir/MiniOzoneClusterImpl-77992fd3-8e8a-426b-8566-445f44124f00/datanode-2/data/ratis/9d00c015-ba4d-43f8-91ec-14df45b217b5 does not exist. Creating ...
2019-10-09 13:13:43,280 [pool-410-thread-1] INFO  storage.RaftStorageDirectory (RaftStorageDirectory.java:analyzeStorage(246)) - The storage directory /workdir/hadoop-ozone/integration-test/target/test-dir/MiniOzoneClusterImpl-77992fd3-8e8a-426b-8566-445f44124f00/datanode-0/data/ratis/9d00c015-ba4d-43f8-91ec-14df45b217b5 does not exist. Creating ...
2019-10-09 13:13:43,293 [pool-420-thread-1] INFO  storage.RaftStorageDirectory (RaftStorageDirectory.java:tryLock(328)) - Lock on /workdir/hadoop-ozone/integration-test/target/test-dir/MiniOzoneClusterImpl-77992fd3-8e8a-426b-8566-445f44124f00/datanode-1/data/ratis/9d00c015-ba4d-43f8-91ec-14df45b217b5/in_use.lock acquired by nodename 6401@pr-hdds-1569-mfl88-1504498049
2019-10-09 13:13:43,293 [pool-410-thread-1] INFO  storage.RaftStorageDirectory (RaftStorageDirectory.java:tryLock(328)) - Lock on /workdir/hadoop-ozone/integration-test/target/test-dir/MiniOzoneClusterImpl-77992fd3-8e8a-426b-8566-445f44124f00/datanode-0/data/ratis/9d00c015-ba4d-43f8-91ec-14df45b217b5/in_use.lock acquired by nodename 6401@pr-hdds-1569-mfl88-1504498049
2019-10-09 13:13:43,293 [pool-430-thread-1] INFO  storage.RaftStorageDirectory (RaftStorageDirectory.java:tryLock(328)) - Lock on /workdir/hadoop-ozone/integration-test/target/test-dir/MiniOzoneClusterImpl-77992fd3-8e8a-426b-8566-445f44124f00/datanode-2/data/ratis/9d00c015-ba4d-43f8-91ec-14df45b217b5/in_use.lock acquired by nodename 6401@pr-hdds-1569-mfl88-1504498049
2019-10-09 13:13:43,307 [pool-420-thread-1] INFO  storage.RaftStorage (RaftStorage.java:format(72)) - Storage directory /workdir/hadoop-ozone/integration-test/target/test-dir/MiniOzoneClusterImpl-77992fd3-8e8a-426b-8566-445f44124f00/datanode-1/data/ratis/9d00c015-ba4d-43f8-91ec-14df45b217b5 has been successfully formatted.
2019-10-09 13:13:43,307 [pool-430-thread-1] INFO  storage.RaftStorage (RaftStorage.java:format(72)) - Storage directory /workdir/hadoop-ozone/integration-test/target/test-dir/MiniOzoneClusterImpl-77992fd3-8e8a-426b-8566-445f44124f00/datanode-2/data/ratis/9d00c015-ba4d-43f8-91ec-14df45b217b5 has been successfully formatted.
2019-10-09 13:13:43,307 [pool-410-thread-1] INFO  storage.RaftStorage (RaftStorage.java:format(72)) - Storage directory /workdir/hadoop-ozone/integration-test/target/test-dir/MiniOzoneClusterImpl-77992fd3-8e8a-426b-8566-445f44124f00/datanode-0/data/ratis/9d00c015-ba4d-43f8-91ec-14df45b217b5 has been successfully formatted.
2019-10-09 13:13:43,307 [pool-430-thread-1] INFO  ratis.ContainerStateMachine (ContainerStateMachine.java:loadSnapshot(230)) - group-14DF45B217B5: The snapshot info is null. Setting the last applied indexto:(t:0, i:~)
2019-10-09 13:13:43,307 [pool-420-thread-1] INFO  ratis.ContainerStateMachine (ContainerStateMachine.java:loadSnapshot(230)) - group-14DF45B217B5: The snapshot info is null. Setting the last applied indexto:(t:0, i:~)
2019-10-09 13:13:43,307 [pool-430-thread-1] INFO  server.RaftServerConfigKeys (ConfUtils.java:logGet(43)) - raft.server.notification.no-leader.timeout = 120s (custom)
2019-10-09 13:13:43,307 [pool-410-thread-1] INFO  ratis.ContainerStateMachine (ContainerStateMachine.java:loadSnapshot(230)) - group-14DF45B217B5: The snapshot info is null. Setting the last applied indexto:(t:0, i:~)
2019-10-09 13:13:43,307 [pool-430-thread-1] INFO  server.RaftServerConfigKeys (ConfUtils.java:logGet(43)) - raft.server.log.use.memory = false (default)
2019-10-09 13:13:43,307 [pool-420-thread-1] INFO  server.RaftServerConfigKeys (ConfUtils.java:logGet(43)) - raft.server.notification.no-leader.timeout = 120s (custom)
2019-10-09 13:13:43,308 [pool-430-thread-1] INFO  server.RaftServerConfigKeys (ConfUtils.java:logGet(43)) - raft.server.log.purge.gap = 1000000 (custom)
2019-10-09 13:13:43,307 [pool-410-thread-1] INFO  server.RaftServerConfigKeys (ConfUtils.java:logGet(43)) - raft.server.notification.no-leader.timeout = 120s (custom)
2019-10-09 13:13:43,308 [pool-430-thread-1] INFO  server.RaftServerConfigKeys (ConfUtils.java:logGet(43)) - raft.server.log.appender.buffer.byte-limit = 33554432 (custom)
2019-10-09 13:13:43,308 [pool-420-thread-1] INFO  server.RaftServerConfigKeys (ConfUtils.java:logGet(43)) - raft.server.log.use.memory = false (default)
2019-10-09 13:13:43,308 [pool-430-thread-1] INFO  server.RaftServerConfigKeys (ConfUtils.java:logGet(43)) - raft.server.log.segment.size.max = 1048576 (custom)
2019-10-09 13:13:43,308 [pool-410-thread-1] INFO  server.RaftServerConfigKeys (ConfUtils.java:logGet(43)) - raft.server.log.use.memory = false (default)
2019-10-09 13:13:43,308 [pool-430-thread-1] INFO  server.RaftServerConfigKeys (ConfUtils.java:logGet(43)) - raft.server.log.segment.cache.num.max = 2 (custom)
2019-10-09 13:13:43,308 [pool-420-thread-1] INFO  server.RaftServerConfigKeys (ConfUtils.java:logGet(43)) - raft.server.log.purge.gap = 1000000 (custom)
2019-10-09 13:13:43,308 [pool-430-thread-1] INFO  segmented.SegmentedRaftLogWorker (SegmentedRaftLogWorker.java:<init>(172)) - new 7706a157-1a1c-49fa-abc2-2cf2041a84a7@group-14DF45B217B5-SegmentedRaftLogWorker for RaftStorage:Storage Directory /workdir/hadoop-ozone/integration-test/target/test-dir/MiniOzoneClusterImpl-77992fd3-8e8a-426b-8566-445f44124f00/datanode-2/data/ratis/9d00c015-ba4d-43f8-91ec-14df45b217b5
2019-10-09 13:13:43,308 [pool-410-thread-1] INFO  server.RaftServerConfigKeys (ConfUtils.java:logGet(43)) - raft.server.log.purge.gap = 1000000 (custom)
2019-10-09 13:13:43,309 [pool-430-thread-1] INFO  server.RaftServerConfigKeys (ConfUtils.java:logGet(43)) - raft.server.log.queue.byte-limit = 2147483647 (custom)
2019-10-09 13:13:43,308 [pool-420-thread-1] INFO  server.RaftServerConfigKeys (ConfUtils.java:logGet(43)) - raft.server.log.appender.buffer.byte-limit = 33554432 (custom)
2019-10-09 13:13:43,309 [pool-430-thread-1] INFO  server.RaftServerConfigKeys (ConfUtils.java:logGet(43)) - raft.server.log.queue.element-limit = 1024 (custom)
2019-10-09 13:13:43,309 [pool-410-thread-1] INFO  server.RaftServerConfigKeys (ConfUtils.java:logGet(43)) - raft.server.log.appender.buffer.byte-limit = 33554432 (custom)
2019-10-09 13:13:43,309 [pool-430-thread-1] INFO  server.RaftServerConfigKeys (ConfUtils.java:logGet(43)) - raft.server.log.segment.size.max = 1048576 (custom)
2019-10-09 13:13:43,309 [pool-420-thread-1] INFO  server.RaftServerConfigKeys (ConfUtils.java:logGet(43)) - raft.server.log.segment.size.max = 1048576 (custom)
2019-10-09 13:13:43,309 [pool-430-thread-1] INFO  server.RaftServerConfigKeys (ConfUtils.java:logGet(43)) - raft.server.log.preallocated.size = 16384 (custom)
2019-10-09 13:13:43,309 [pool-410-thread-1] INFO  server.RaftServerConfigKeys (ConfUtils.java:logGet(43)) - raft.server.log.segment.size.max = 1048576 (custom)
2019-10-09 13:13:43,309 [pool-430-thread-1] INFO  server.RaftServerConfigKeys (ConfUtils.java:logGet(43)) - raft.server.log.write.buffer.size = 33554432 (custom)
2019-10-09 13:13:43,309 [pool-420-thread-1] INFO  server.RaftServerConfigKeys (ConfUtils.java:logGet(43)) - raft.server.log.segment.cache.num.max = 2 (custom)
2019-10-09 13:13:43,310 [pool-430-thread-1] INFO  server.RaftServerConfigKeys (ConfUtils.java:logGet(43)) - raft.server.log.force.sync.num = 128 (default)
2019-10-09 13:13:43,309 [pool-410-thread-1] INFO  server.RaftServerConfigKeys (ConfUtils.java:logGet(43)) - raft.server.log.segment.cache.num.max = 2 (custom)
2019-10-09 13:13:43,310 [pool-430-thread-1] INFO  server.RaftServerConfigKeys (ConfUtils.java:logGet(43)) - raft.server.log.statemachine.data.sync = true (default)
2019-10-09 13:13:43,310 [pool-420-thread-1] INFO  segmented.SegmentedRaftLogWorker (SegmentedRaftLogWorker.java:<init>(172)) - new 96acbf61-3ece-4d83-9836-a217fb58817a@group-14DF45B217B5-SegmentedRaftLogWorker for RaftStorage:Storage Directory /workdir/hadoop-ozone/integration-test/target/test-dir/MiniOzoneClusterImpl-77992fd3-8e8a-426b-8566-445f44124f00/datanode-1/data/ratis/9d00c015-ba4d-43f8-91ec-14df45b217b5
2019-10-09 13:13:43,310 [pool-430-thread-1] INFO  server.RaftServerConfigKeys (ConfUtils.java:logGet(43)) - raft.server.log.statemachine.data.sync.timeout = 10s (default)
2019-10-09 13:13:43,310 [pool-410-thread-1] INFO  segmented.SegmentedRaftLogWorker (SegmentedRaftLogWorker.java:<init>(172)) - new 2c69c56f-4b33-4231-936a-bbd24e83d692@group-14DF45B217B5-SegmentedRaftLogWorker for RaftStorage:Storage Directory /workdir/hadoop-ozone/integration-test/target/test-dir/MiniOzoneClusterImpl-77992fd3-8e8a-426b-8566-445f44124f00/datanode-0/data/ratis/9d00c015-ba4d-43f8-91ec-14df45b217b5
2019-10-09 13:13:43,310 [pool-430-thread-1] INFO  server.RaftServerConfigKeys (ConfUtils.java:logGet(43)) - raft.server.log.statemachine.data.sync.timeout.retry = -1 (default)
2019-10-09 13:13:43,310 [pool-420-thread-1] INFO  server.RaftServerConfigKeys (ConfUtils.java:logGet(43)) - raft.server.log.queue.byte-limit = 2147483647 (custom)
2019-10-09 13:13:43,311 [pool-430-thread-1] INFO  server.RaftServerConfigKeys (ConfUtils.java:logGet(43)) - raft.server.log.statemachine.data.caching.enabled = true (custom)
2019-10-09 13:13:43,310 [pool-410-thread-1] INFO  server.RaftServerConfigKeys (ConfUtils.java:logGet(43)) - raft.server.log.queue.byte-limit = 2147483647 (custom)
2019-10-09 13:13:43,311 [pool-420-thread-1] INFO  server.RaftServerConfigKeys (ConfUtils.java:logGet(43)) - raft.server.log.queue.element-limit = 1024 (custom)
2019-10-09 13:13:43,311 [pool-430-thread-1] INFO  segmented.SegmentedRaftLogWorker (SegmentedRaftLogWorker.java:lambda$new$0(132)) - 7706a157-1a1c-49fa-abc2-2cf2041a84a7@group-14DF45B217B5-SegmentedRaftLogWorker: flushIndex: setUnconditionally 0 -> -1
2019-10-09 13:13:43,311 [pool-410-thread-1] INFO  server.RaftServerConfigKeys (ConfUtils.java:logGet(43)) - raft.server.log.queue.element-limit = 1024 (custom)
2019-10-09 13:13:43,311 [pool-420-thread-1] INFO  server.RaftServerConfigKeys (ConfUtils.java:logGet(43)) - raft.server.log.segment.size.max = 1048576 (custom)
2019-10-09 13:13:43,311 [pool-430-thread-1] INFO  server.RaftServerConfigKeys (ConfUtils.java:logGet(43)) - raft.server.snapshot.auto.trigger.enabled = true (custom)
2019-10-09 13:13:43,311 [pool-410-thread-1] INFO  server.RaftServerConfigKeys (ConfUtils.java:logGet(43)) - raft.server.log.segment.size.max = 1048576 (custom)
2019-10-09 13:13:43,312 [pool-430-thread-1] INFO  server.RaftServerConfigKeys (ConfUtils.java:logGet(43)) - raft.server.snapshot.auto.trigger.threshold = 10000 (custom)
2019-10-09 13:13:43,311 [pool-420-thread-1] INFO  server.RaftServerConfigKeys (ConfUtils.java:logGet(43)) - raft.server.log.preallocated.size = 16384 (custom)
2019-10-09 13:13:43,312 [pool-430-thread-1] INFO  server.RaftServerConfigKeys (ConfUtils.java:logGet(43)) - raft.server.snapshot.retention.num.files = 5 (custom)
2019-10-09 13:13:43,312 [pool-410-thread-1] INFO  server.RaftServerConfigKeys (ConfUtils.java:logGet(43)) - raft.server.log.preallocated.size = 16384 (custom)
2019-10-09 13:13:43,312 [pool-430-thread-1] INFO  server.RaftServerConfigKeys (ConfUtils.java:logGet(43)) - raft.server.retrycache.expirytime = 600000ms (custom)
2019-10-09 13:13:43,312 [pool-420-thread-1] INFO  server.RaftServerConfigKeys (ConfUtils.java:logGet(43)) - raft.server.log.write.buffer.size = 33554432 (custom)
2019-10-09 13:13:43,312 [pool-420-thread-1] INFO  server.RaftServerConfigKeys (ConfUtils.java:logGet(43)) - raft.server.log.force.sync.num = 128 (default)
2019-10-09 13:13:43,312 [pool-410-thread-1] INFO  server.RaftServerConfigKeys (ConfUtils.java:logGet(43)) - raft.server.log.write.buffer.size = 33554432 (custom)
2019-10-09 13:13:43,312 [pool-420-thread-1] INFO  server.RaftServerConfigKeys (ConfUtils.java:logGet(43)) - raft.server.log.statemachine.data.sync = true (default)
2019-10-09 13:13:43,313 [pool-410-thread-1] INFO  server.RaftServerConfigKeys (ConfUtils.java:logGet(43)) - raft.server.log.force.sync.num = 128 (default)
2019-10-09 13:13:43,313 [pool-420-thread-1] INFO  server.RaftServerConfigKeys (ConfUtils.java:logGet(43)) - raft.server.log.statemachine.data.sync.timeout = 10s (default)
2019-10-09 13:13:43,313 [pool-410-thread-1] INFO  server.RaftServerConfigKeys (ConfUtils.java:logGet(43)) - raft.server.log.statemachine.data.sync = true (default)
2019-10-09 13:13:43,313 [pool-420-thread-1] INFO  server.RaftServerConfigKeys (ConfUtils.java:logGet(43)) - raft.server.log.statemachine.data.sync.timeout.retry = -1 (default)
2019-10-09 13:13:43,313 [pool-410-thread-1] INFO  server.RaftServerConfigKeys (ConfUtils.java:logGet(43)) - raft.server.log.statemachine.data.sync.timeout = 10s (default)
2019-10-09 13:13:43,313 [pool-420-thread-1] INFO  server.RaftServerConfigKeys (ConfUtils.java:logGet(43)) - raft.server.log.statemachine.data.caching.enabled = true (custom)
2019-10-09 13:13:43,313 [pool-430-thread-1] INFO  impl.RaftServerImpl (RaftServerImpl.java:start(185)) - 7706a157-1a1c-49fa-abc2-2cf2041a84a7@group-14DF45B217B5: start as a follower, conf=-1: [2c69c56f-4b33-4231-936a-bbd24e83d692:192.168.5.175:45661, 96acbf61-3ece-4d83-9836-a217fb58817a:192.168.5.175:35650, 7706a157-1a1c-49fa-abc2-2cf2041a84a7:192.168.5.175:40917], old=null
2019-10-09 13:13:43,313 [pool-410-thread-1] INFO  server.RaftServerConfigKeys (ConfUtils.java:logGet(43)) - raft.server.log.statemachine.data.sync.timeout.retry = -1 (default)
2019-10-09 13:13:43,314 [pool-420-thread-1] INFO  segmented.SegmentedRaftLogWorker (SegmentedRaftLogWorker.java:lambda$new$0(132)) - 96acbf61-3ece-4d83-9836-a217fb58817a@group-14DF45B217B5-SegmentedRaftLogWorker: flushIndex: setUnconditionally 0 -> -1
2019-10-09 13:13:43,314 [pool-430-thread-1] INFO  impl.RaftServerImpl (RaftServerImpl.java:setRole(174)) - 7706a157-1a1c-49fa-abc2-2cf2041a84a7@group-14DF45B217B5: changes role from      null to FOLLOWER at term 0 for startAsFollower
2019-10-09 13:13:43,314 [pool-410-thread-1] INFO  server.RaftServerConfigKeys (ConfUtils.java:logGet(43)) - raft.server.log.statemachine.data.caching.enabled = true (custom)
2019-10-09 13:13:43,314 [pool-420-thread-1] INFO  server.RaftServerConfigKeys (ConfUtils.java:logGet(43)) - raft.server.snapshot.auto.trigger.enabled = true (custom)
2019-10-09 13:13:43,314 [pool-410-thread-1] INFO  segmented.SegmentedRaftLogWorker (SegmentedRaftLogWorker.java:lambda$new$0(132)) - 2c69c56f-4b33-4231-936a-bbd24e83d692@group-14DF45B217B5-SegmentedRaftLogWorker: flushIndex: setUnconditionally 0 -> -1
2019-10-09 13:13:43,314 [pool-430-thread-1] INFO  impl.RoleInfo (RoleInfo.java:updateAndGet(143)) - 7706a157-1a1c-49fa-abc2-2cf2041a84a7: start FollowerState
2019-10-09 13:13:43,314 [pool-420-thread-1] INFO  server.RaftServerConfigKeys (ConfUtils.java:logGet(43)) - raft.server.snapshot.auto.trigger.threshold = 10000 (custom)
2019-10-09 13:13:43,314 [pool-410-thread-1] INFO  server.RaftServerConfigKeys (ConfUtils.java:logGet(43)) - raft.server.snapshot.auto.trigger.enabled = true (custom)
2019-10-09 13:13:43,314 [pool-420-thread-1] INFO  server.RaftServerConfigKeys (ConfUtils.java:logGet(43)) - raft.server.snapshot.retention.num.files = 5 (custom)
2019-10-09 13:13:43,315 [pool-430-thread-1] INFO  util.JmxRegister (JmxRegister.java:tryRegister(44)) - Successfully registered JMX Bean with object name Ratis:service=RaftServer,group=group-14DF45B217B5,id=7706a157-1a1c-49fa-abc2-2cf2041a84a7
2019-10-09 13:13:43,315 [pool-410-thread-1] INFO  server.RaftServerConfigKeys (ConfUtils.java:logGet(43)) - raft.server.snapshot.auto.trigger.threshold = 10000 (custom)
2019-10-09 13:13:43,315 [pool-420-thread-1] INFO  server.RaftServerConfigKeys (ConfUtils.java:logGet(43)) - raft.server.retrycache.expirytime = 600000ms (custom)
2019-10-09 13:13:43,315 [pool-410-thread-1] INFO  server.RaftServerConfigKeys (ConfUtils.java:logGet(43)) - raft.server.snapshot.retention.num.files = 5 (custom)
2019-10-09 13:13:43,315 [pool-410-thread-1] INFO  server.RaftServerConfigKeys (ConfUtils.java:logGet(43)) - raft.server.retrycache.expirytime = 600000ms (custom)
2019-10-09 13:13:43,317 [pool-420-thread-1] INFO  impl.RaftServerImpl (RaftServerImpl.java:start(185)) - 96acbf61-3ece-4d83-9836-a217fb58817a@group-14DF45B217B5: start as a follower, conf=-1: [2c69c56f-4b33-4231-936a-bbd24e83d692:192.168.5.175:45661, 96acbf61-3ece-4d83-9836-a217fb58817a:192.168.5.175:35650, 7706a157-1a1c-49fa-abc2-2cf2041a84a7:192.168.5.175:40917], old=null
2019-10-09 13:13:43,318 [pool-420-thread-1] INFO  impl.RaftServerImpl (RaftServerImpl.java:setRole(174)) - 96acbf61-3ece-4d83-9836-a217fb58817a@group-14DF45B217B5: changes role from      null to FOLLOWER at term 0 for startAsFollower
2019-10-09 13:13:43,318 [pool-410-thread-1] INFO  impl.RaftServerImpl (RaftServerImpl.java:start(185)) - 2c69c56f-4b33-4231-936a-bbd24e83d692@group-14DF45B217B5: start as a follower, conf=-1: [2c69c56f-4b33-4231-936a-bbd24e83d692:192.168.5.175:45661, 96acbf61-3ece-4d83-9836-a217fb58817a:192.168.5.175:35650, 7706a157-1a1c-49fa-abc2-2cf2041a84a7:192.168.5.175:40917], old=null
2019-10-09 13:13:43,318 [pool-420-thread-1] INFO  impl.RoleInfo (RoleInfo.java:updateAndGet(143)) - 96acbf61-3ece-4d83-9836-a217fb58817a: start FollowerState
2019-10-09 13:13:43,318 [pool-410-thread-1] INFO  impl.RaftServerImpl (RaftServerImpl.java:setRole(174)) - 2c69c56f-4b33-4231-936a-bbd24e83d692@group-14DF45B217B5: changes role from      null to FOLLOWER at term 0 for startAsFollower
2019-10-09 13:13:43,318 [pool-410-thread-1] INFO  impl.RoleInfo (RoleInfo.java:updateAndGet(143)) - 2c69c56f-4b33-4231-936a-bbd24e83d692: start FollowerState
2019-10-09 13:13:43,318 [pool-420-thread-1] INFO  util.JmxRegister (JmxRegister.java:tryRegister(44)) - Successfully registered JMX Bean with object name Ratis:service=RaftServer,group=group-14DF45B217B5,id=96acbf61-3ece-4d83-9836-a217fb58817a
2019-10-09 13:13:43,318 [pool-410-thread-1] INFO  util.JmxRegister (JmxRegister.java:tryRegister(44)) - Successfully registered JMX Bean with object name Ratis:service=RaftServer,group=group-14DF45B217B5,id=2c69c56f-4b33-4231-936a-bbd24e83d692
2019-10-09 13:13:43,320 [RatisPipelineUtilsThread] INFO  pipeline.PipelineStateManager (PipelineStateManager.java:addPipeline(56)) - Created pipeline Pipeline[ Id: 9d00c015-ba4d-43f8-91ec-14df45b217b5, Nodes: 2c69c56f-4b33-4231-936a-bbd24e83d692{ip: 192.168.5.175, host: pr-hdds-1569-mfl88-1504498049, networkLocation: /default-rack, certSerialId: null}96acbf61-3ece-4d83-9836-a217fb58817a{ip: 192.168.5.175, host: pr-hdds-1569-mfl88-1504498049, networkLocation: /default-rack, certSerialId: null}7706a157-1a1c-49fa-abc2-2cf2041a84a7{ip: 192.168.5.175, host: pr-hdds-1569-mfl88-1504498049, networkLocation: /default-rack, certSerialId: null}, Type:RATIS, Factor:THREE, State:OPEN]
2019-10-09 13:13:43,327 [grpc-default-executor-35] INFO  impl.RaftServerProxy (RaftServerProxy.java:addNew(89)) - 96acbf61-3ece-4d83-9836-a217fb58817a: addNew group-52AD3AA08ADE:[96acbf61-3ece-4d83-9836-a217fb58817a:192.168.5.175:35650, 869fbf5b-cbbd-43c6-9f26-156c5192e660:192.168.5.175:43498, 7706a157-1a1c-49fa-abc2-2cf2041a84a7:192.168.5.175:40917] returns group-52AD3AA08ADE:java.util.concurrent.CompletableFuture@7f16be89[Not completed]
2019-10-09 13:13:43,327 [grpc-default-executor-34] INFO  impl.RaftServerProxy (RaftServerProxy.java:addNew(89)) - 7706a157-1a1c-49fa-abc2-2cf2041a84a7: addNew group-52AD3AA08ADE:[96acbf61-3ece-4d83-9836-a217fb58817a:192.168.5.175:35650, 869fbf5b-cbbd-43c6-9f26-156c5192e660:192.168.5.175:43498, 7706a157-1a1c-49fa-abc2-2cf2041a84a7:192.168.5.175:40917] returns group-52AD3AA08ADE:java.util.concurrent.CompletableFuture@693e25cb[Not completed]
2019-10-09 13:13:43,327 [grpc-default-executor-15] INFO  impl.RaftServerProxy (RaftServerProxy.java:addNew(89)) - 869fbf5b-cbbd-43c6-9f26-156c5192e660: addNew group-52AD3AA08ADE:[96acbf61-3ece-4d83-9836-a217fb58817a:192.168.5.175:35650, 869fbf5b-cbbd-43c6-9f26-156c5192e660:192.168.5.175:43498, 7706a157-1a1c-49fa-abc2-2cf2041a84a7:192.168.5.175:40917] returns group-52AD3AA08ADE:java.util.concurrent.CompletableFuture@23824f6e[Not completed]
2019-10-09 13:13:43,329 [pool-430-thread-1] INFO  impl.RaftServerImpl (RaftServerImpl.java:<init>(95)) - 7706a157-1a1c-49fa-abc2-2cf2041a84a7: new RaftServerImpl for group-52AD3AA08ADE:[96acbf61-3ece-4d83-9836-a217fb58817a:192.168.5.175:35650, 869fbf5b-cbbd-43c6-9f26-156c5192e660:192.168.5.175:43498, 7706a157-1a1c-49fa-abc2-2cf2041a84a7:192.168.5.175:40917] with ContainerStateMachine:uninitialized
2019-10-09 13:13:43,329 [pool-430-thread-1] INFO  server.RaftServerConfigKeys (ConfUtils.java:logGet(43)) - raft.server.rpc.timeout.min = 5s (custom)
2019-10-09 13:13:43,329 [pool-430-thread-1] INFO  server.RaftServerConfigKeys (ConfUtils.java:logGet(43)) - raft.server.rpc.timeout.max = 5200ms (custom)
2019-10-09 13:13:43,329 [pool-430-thread-1] INFO  server.RaftServerConfigKeys (ConfUtils.java:logGet(43)) - raft.server.rpcslowness.timeout = 120s (custom)
2019-10-09 13:13:43,329 [pool-430-thread-1] INFO  server.RaftServerConfigKeys (ConfUtils.java:logGet(43)) - raft.server.sleep.deviation.threshold = 300 (default)
2019-10-09 13:13:43,329 [pool-430-thread-1] INFO  server.RaftServerConfigKeys (ConfUtils.java:logGet(43)) - raft.server.log.appender.install.snapshot.enabled = false (custom)
2019-10-09 13:13:43,329 [pool-430-thread-1] INFO  impl.RaftServerImpl (ServerState.java:<init>(103)) - 7706a157-1a1c-49fa-abc2-2cf2041a84a7@group-52AD3AA08ADE: ConfigurationManager, init=-1: [96acbf61-3ece-4d83-9836-a217fb58817a:192.168.5.175:35650, 869fbf5b-cbbd-43c6-9f26-156c5192e660:192.168.5.175:43498, 7706a157-1a1c-49fa-abc2-2cf2041a84a7:192.168.5.175:40917], old=null, confs=<EMPTY_MAP>
2019-10-09 13:13:43,329 [pool-420-thread-1] INFO  impl.RaftServerImpl (RaftServerImpl.java:<init>(95)) - 96acbf61-3ece-4d83-9836-a217fb58817a: new RaftServerImpl for group-52AD3AA08ADE:[96acbf61-3ece-4d83-9836-a217fb58817a:192.168.5.175:35650, 869fbf5b-cbbd-43c6-9f26-156c5192e660:192.168.5.175:43498, 7706a157-1a1c-49fa-abc2-2cf2041a84a7:192.168.5.175:40917] with ContainerStateMachine:uninitialized
2019-10-09 13:13:43,329 [pool-430-thread-1] INFO  server.RaftServerConfigKeys (ConfUtils.java:logGet(43)) - raft.server.storage.dir = [/workdir/hadoop-ozone/integration-test/target/test-dir/MiniOzoneClusterImpl-77992fd3-8e8a-426b-8566-445f44124f00/datanode-2/data/ratis] (custom)
2019-10-09 13:13:43,329 [pool-420-thread-1] INFO  server.RaftServerConfigKeys (ConfUtils.java:logGet(43)) - raft.server.rpc.timeout.min = 5s (custom)
2019-10-09 13:13:43,329 [pool-420-thread-1] INFO  server.RaftServerConfigKeys (ConfUtils.java:logGet(43)) - raft.server.rpc.timeout.max = 5200ms (custom)
2019-10-09 13:13:43,336 [pool-440-thread-1] INFO  impl.RaftServerImpl (RaftServerImpl.java:<init>(95)) - 869fbf5b-cbbd-43c6-9f26-156c5192e660: new RaftServerImpl for group-52AD3AA08ADE:[96acbf61-3ece-4d83-9836-a217fb58817a:192.168.5.175:35650, 869fbf5b-cbbd-43c6-9f26-156c5192e660:192.168.5.175:43498, 7706a157-1a1c-49fa-abc2-2cf2041a84a7:192.168.5.175:40917] with ContainerStateMachine:uninitialized
2019-10-09 13:13:43,336 [pool-430-thread-1] INFO  storage.RaftStorageDirectory (RaftStorageDirectory.java:analyzeStorage(246)) - The storage directory /workdir/hadoop-ozone/integration-test/target/test-dir/MiniOzoneClusterImpl-77992fd3-8e8a-426b-8566-445f44124f00/datanode-2/data/ratis/bc4583d2-882e-4c8d-bcc9-52ad3aa08ade does not exist. Creating ...
2019-10-09 13:13:43,336 [pool-420-thread-1] INFO  server.RaftServerConfigKeys (ConfUtils.java:logGet(43)) - raft.server.rpcslowness.timeout = 120s (custom)
2019-10-09 13:13:43,336 [pool-440-thread-1] INFO  server.RaftServerConfigKeys (ConfUtils.java:logGet(43)) - raft.server.rpc.timeout.min = 5s (custom)
2019-10-09 13:13:43,336 [pool-420-thread-1] INFO  server.RaftServerConfigKeys (ConfUtils.java:logGet(43)) - raft.server.sleep.deviation.threshold = 300 (default)
2019-10-09 13:13:43,337 [pool-440-thread-1] INFO  server.RaftServerConfigKeys (ConfUtils.java:logGet(43)) - raft.server.rpc.timeout.max = 5200ms (custom)
2019-10-09 13:13:43,337 [pool-420-thread-1] INFO  server.RaftServerConfigKeys (ConfUtils.java:logGet(43)) - raft.server.log.appender.install.snapshot.enabled = false (custom)
2019-10-09 13:13:43,337 [pool-440-thread-1] INFO  server.RaftServerConfigKeys (ConfUtils.java:logGet(43)) - raft.server.rpcslowness.timeout = 120s (custom)
2019-10-09 13:13:43,337 [pool-420-thread-1] INFO  impl.RaftServerImpl (ServerState.java:<init>(103)) - 96acbf61-3ece-4d83-9836-a217fb58817a@group-52AD3AA08ADE: ConfigurationManager, init=-1: [96acbf61-3ece-4d83-9836-a217fb58817a:192.168.5.175:35650, 869fbf5b-cbbd-43c6-9f26-156c5192e660:192.168.5.175:43498, 7706a157-1a1c-49fa-abc2-2cf2041a84a7:192.168.5.175:40917], old=null, confs=<EMPTY_MAP>
2019-10-09 13:13:43,337 [pool-440-thread-1] INFO  server.RaftServerConfigKeys (ConfUtils.java:logGet(43)) - raft.server.sleep.deviation.threshold = 300 (default)
2019-10-09 13:13:43,337 [pool-420-thread-1] INFO  server.RaftServerConfigKeys (ConfUtils.java:logGet(43)) - raft.server.storage.dir = [/workdir/hadoop-ozone/integration-test/target/test-dir/MiniOzoneClusterImpl-77992fd3-8e8a-426b-8566-445f44124f00/datanode-1/data/ratis] (custom)
2019-10-09 13:13:43,337 [pool-440-thread-1] INFO  server.RaftServerConfigKeys (ConfUtils.java:logGet(43)) - raft.server.log.appender.install.snapshot.enabled = false (custom)
2019-10-09 13:13:43,337 [pool-440-thread-1] INFO  impl.RaftServerImpl (ServerState.java:<init>(103)) - 869fbf5b-cbbd-43c6-9f26-156c5192e660@group-52AD3AA08ADE: ConfigurationManager, init=-1: [96acbf61-3ece-4d83-9836-a217fb58817a:192.168.5.175:35650, 869fbf5b-cbbd-43c6-9f26-156c5192e660:192.168.5.175:43498, 7706a157-1a1c-49fa-abc2-2cf2041a84a7:192.168.5.175:40917], old=null, confs=<EMPTY_MAP>
2019-10-09 13:13:43,337 [pool-420-thread-1] INFO  storage.RaftStorageDirectory (RaftStorageDirectory.java:analyzeStorage(246)) - The storage directory /workdir/hadoop-ozone/integration-test/target/test-dir/MiniOzoneClusterImpl-77992fd3-8e8a-426b-8566-445f44124f00/datanode-1/data/ratis/bc4583d2-882e-4c8d-bcc9-52ad3aa08ade does not exist. Creating ...
2019-10-09 13:13:43,337 [pool-440-thread-1] INFO  server.RaftServerConfigKeys (ConfUtils.java:logGet(43)) - raft.server.storage.dir = [/workdir/hadoop-ozone/integration-test/target/test-dir/MiniOzoneClusterImpl-77992fd3-8e8a-426b-8566-445f44124f00/datanode-3/data/ratis] (custom)
2019-10-09 13:13:43,338 [pool-440-thread-1] INFO  storage.RaftStorageDirectory (RaftStorageDirectory.java:analyzeStorage(246)) - The storage directory /workdir/hadoop-ozone/integration-test/target/test-dir/MiniOzoneClusterImpl-77992fd3-8e8a-426b-8566-445f44124f00/datanode-3/data/ratis/bc4583d2-882e-4c8d-bcc9-52ad3aa08ade does not exist. Creating ...
2019-10-09 13:13:43,349 [pool-430-thread-1] INFO  storage.RaftStorageDirectory (RaftStorageDirectory.java:tryLock(328)) - Lock on /workdir/hadoop-ozone/integration-test/target/test-dir/MiniOzoneClusterImpl-77992fd3-8e8a-426b-8566-445f44124f00/datanode-2/data/ratis/bc4583d2-882e-4c8d-bcc9-52ad3aa08ade/in_use.lock acquired by nodename 6401@pr-hdds-1569-mfl88-1504498049
2019-10-09 13:13:43,349 [pool-420-thread-1] INFO  storage.RaftStorageDirectory (RaftStorageDirectory.java:tryLock(328)) - Lock on /workdir/hadoop-ozone/integration-test/target/test-dir/MiniOzoneClusterImpl-77992fd3-8e8a-426b-8566-445f44124f00/datanode-1/data/ratis/bc4583d2-882e-4c8d-bcc9-52ad3aa08ade/in_use.lock acquired by nodename 6401@pr-hdds-1569-mfl88-1504498049
2019-10-09 13:13:43,349 [pool-440-thread-1] INFO  storage.RaftStorageDirectory (RaftStorageDirectory.java:tryLock(328)) - Lock on /workdir/hadoop-ozone/integration-test/target/test-dir/MiniOzoneClusterImpl-77992fd3-8e8a-426b-8566-445f44124f00/datanode-3/data/ratis/bc4583d2-882e-4c8d-bcc9-52ad3aa08ade/in_use.lock acquired by nodename 6401@pr-hdds-1569-mfl88-1504498049
2019-10-09 13:13:43,358 [IPC Server handler 5 on 34501] INFO  net.NetworkTopology (NetworkTopologyImpl.java:add(111)) - Added a new node: /default-rack/162534dc-93d9-4206-ab1e-9268955c7aca
2019-10-09 13:13:43,358 [IPC Server handler 5 on 34501] INFO  node.SCMNodeManager (SCMNodeManager.java:register(266)) - Registered Data node : 162534dc-93d9-4206-ab1e-9268955c7aca{ip: 192.168.5.175, host: pr-hdds-1569-mfl88-1504498049, networkLocation: /default-rack, certSerialId: null}
2019-10-09 13:13:43,363 [pool-430-thread-1] INFO  storage.RaftStorage (RaftStorage.java:format(72)) - Storage directory /workdir/hadoop-ozone/integration-test/target/test-dir/MiniOzoneClusterImpl-77992fd3-8e8a-426b-8566-445f44124f00/datanode-2/data/ratis/bc4583d2-882e-4c8d-bcc9-52ad3aa08ade has been successfully formatted.
2019-10-09 13:13:43,363 [pool-420-thread-1] INFO  storage.RaftStorage (RaftStorage.java:format(72)) - Storage directory /workdir/hadoop-ozone/integration-test/target/test-dir/MiniOzoneClusterImpl-77992fd3-8e8a-426b-8566-445f44124f00/datanode-1/data/ratis/bc4583d2-882e-4c8d-bcc9-52ad3aa08ade has been successfully formatted.
2019-10-09 13:13:43,363 [pool-440-thread-1] INFO  storage.RaftStorage (RaftStorage.java:format(72)) - Storage directory /workdir/hadoop-ozone/integration-test/target/test-dir/MiniOzoneClusterImpl-77992fd3-8e8a-426b-8566-445f44124f00/datanode-3/data/ratis/bc4583d2-882e-4c8d-bcc9-52ad3aa08ade has been successfully formatted.
2019-10-09 13:13:43,363 [pool-420-thread-1] INFO  ratis.ContainerStateMachine (ContainerStateMachine.java:loadSnapshot(230)) - group-52AD3AA08ADE: The snapshot info is null. Setting the last applied indexto:(t:0, i:~)
2019-10-09 13:13:43,363 [pool-430-thread-1] INFO  ratis.ContainerStateMachine (ContainerStateMachine.java:loadSnapshot(230)) - group-52AD3AA08ADE: The snapshot info is null. Setting the last applied indexto:(t:0, i:~)
2019-10-09 13:13:43,364 [pool-420-thread-1] INFO  server.RaftServerConfigKeys (ConfUtils.java:logGet(43)) - raft.server.notification.no-leader.timeout = 120s (custom)
2019-10-09 13:13:43,363 [pool-440-thread-1] INFO  ratis.ContainerStateMachine (ContainerStateMachine.java:loadSnapshot(230)) - group-52AD3AA08ADE: The snapshot info is null. Setting the last applied indexto:(t:0, i:~)
2019-10-09 13:13:43,364 [pool-420-thread-1] INFO  server.RaftServerConfigKeys (ConfUtils.java:logGet(43)) - raft.server.log.use.memory = false (default)
2019-10-09 13:13:43,364 [pool-430-thread-1] INFO  server.RaftServerConfigKeys (ConfUtils.java:logGet(43)) - raft.server.notification.no-leader.timeout = 120s (custom)
2019-10-09 13:13:43,364 [pool-420-thread-1] INFO  server.RaftServerConfigKeys (ConfUtils.java:logGet(43)) - raft.server.log.purge.gap = 1000000 (custom)
2019-10-09 13:13:43,364 [pool-440-thread-1] INFO  server.RaftServerConfigKeys (ConfUtils.java:logGet(43)) - raft.server.notification.no-leader.timeout = 120s (custom)
2019-10-09 13:13:43,364 [pool-420-thread-1] INFO  server.RaftServerConfigKeys (ConfUtils.java:logGet(43)) - raft.server.log.appender.buffer.byte-limit = 33554432 (custom)
2019-10-09 13:13:43,364 [pool-430-thread-1] INFO  server.RaftServerConfigKeys (ConfUtils.java:logGet(43)) - raft.server.log.use.memory = false (default)
2019-10-09 13:13:43,365 [pool-420-thread-1] INFO  server.RaftServerConfigKeys (ConfUtils.java:logGet(43)) - raft.server.log.segment.size.max = 1048576 (custom)
2019-10-09 13:13:43,365 [pool-420-thread-1] INFO  server.RaftServerConfigKeys (ConfUtils.java:logGet(43)) - raft.server.log.segment.cache.num.max = 2 (custom)
2019-10-09 13:13:43,365 [pool-440-thread-1] INFO  server.RaftServerConfigKeys (ConfUtils.java:logGet(43)) - raft.server.log.use.memory = false (default)
2019-10-09 13:13:43,365 [pool-420-thread-1] INFO  segmented.SegmentedRaftLogWorker (SegmentedRaftLogWorker.java:<init>(172)) - new 96acbf61-3ece-4d83-9836-a217fb58817a@group-52AD3AA08ADE-SegmentedRaftLogWorker for RaftStorage:Storage Directory /workdir/hadoop-ozone/integration-test/target/test-dir/MiniOzoneClusterImpl-77992fd3-8e8a-426b-8566-445f44124f00/datanode-1/data/ratis/bc4583d2-882e-4c8d-bcc9-52ad3aa08ade
2019-10-09 13:13:43,365 [pool-430-thread-1] INFO  server.RaftServerConfigKeys (ConfUtils.java:logGet(43)) - raft.server.log.purge.gap = 1000000 (custom)
2019-10-09 13:13:43,365 [pool-420-thread-1] INFO  server.RaftServerConfigKeys (ConfUtils.java:logGet(43)) - raft.server.log.queue.byte-limit = 2147483647 (custom)
2019-10-09 13:13:43,365 [pool-440-thread-1] INFO  server.RaftServerConfigKeys (ConfUtils.java:logGet(43)) - raft.server.log.purge.gap = 1000000 (custom)
2019-10-09 13:13:43,366 [pool-420-thread-1] INFO  server.RaftServerConfigKeys (ConfUtils.java:logGet(43)) - raft.server.log.queue.element-limit = 1024 (custom)
2019-10-09 13:13:43,366 [pool-430-thread-1] INFO  server.RaftServerConfigKeys (ConfUtils.java:logGet(43)) - raft.server.log.appender.buffer.byte-limit = 33554432 (custom)
2019-10-09 13:13:43,366 [pool-420-thread-1] INFO  server.RaftServerConfigKeys (ConfUtils.java:logGet(43)) - raft.server.log.segment.size.max = 1048576 (custom)
2019-10-09 13:13:43,366 [pool-440-thread-1] INFO  server.RaftServerConfigKeys (ConfUtils.java:logGet(43)) - raft.server.log.appender.buffer.byte-limit = 33554432 (custom)
2019-10-09 13:13:43,366 [pool-420-thread-1] INFO  server.RaftServerConfigKeys (ConfUtils.java:logGet(43)) - raft.server.log.preallocated.size = 16384 (custom)
2019-10-09 13:13:43,366 [pool-430-thread-1] INFO  server.RaftServerConfigKeys (ConfUtils.java:logGet(43)) - raft.server.log.segment.size.max = 1048576 (custom)
2019-10-09 13:13:43,367 [pool-420-thread-1] INFO  server.RaftServerConfigKeys (ConfUtils.java:logGet(43)) - raft.server.log.write.buffer.size = 33554432 (custom)
2019-10-09 13:13:43,366 [pool-440-thread-1] INFO  server.RaftServerConfigKeys (ConfUtils.java:logGet(43)) - raft.server.log.segment.size.max = 1048576 (custom)
2019-10-09 13:13:43,367 [pool-420-thread-1] INFO  server.RaftServerConfigKeys (ConfUtils.java:logGet(43)) - raft.server.log.force.sync.num = 128 (default)
2019-10-09 13:13:43,367 [pool-430-thread-1] INFO  server.RaftServerConfigKeys (ConfUtils.java:logGet(43)) - raft.server.log.segment.cache.num.max = 2 (custom)
2019-10-09 13:13:43,367 [pool-420-thread-1] INFO  server.RaftServerConfigKeys (ConfUtils.java:logGet(43)) - raft.server.log.statemachine.data.sync = true (default)
2019-10-09 13:13:43,367 [pool-440-thread-1] INFO  server.RaftServerConfigKeys (ConfUtils.java:logGet(43)) - raft.server.log.segment.cache.num.max = 2 (custom)
2019-10-09 13:13:43,368 [pool-420-thread-1] INFO  server.RaftServerConfigKeys (ConfUtils.java:logGet(43)) - raft.server.log.statemachine.data.sync.timeout = 10s (default)
2019-10-09 13:13:43,367 [pool-430-thread-1] INFO  segmented.SegmentedRaftLogWorker (SegmentedRaftLogWorker.java:<init>(172)) - new 7706a157-1a1c-49fa-abc2-2cf2041a84a7@group-52AD3AA08ADE-SegmentedRaftLogWorker for RaftStorage:Storage Directory /workdir/hadoop-ozone/integration-test/target/test-dir/MiniOzoneClusterImpl-77992fd3-8e8a-426b-8566-445f44124f00/datanode-2/data/ratis/bc4583d2-882e-4c8d-bcc9-52ad3aa08ade
2019-10-09 13:13:43,368 [pool-420-thread-1] INFO  server.RaftServerConfigKeys (ConfUtils.java:logGet(43)) - raft.server.log.statemachine.data.sync.timeout.retry = -1 (default)
2019-10-09 13:13:43,368 [pool-440-thread-1] INFO  segmented.SegmentedRaftLogWorker (SegmentedRaftLogWorker.java:<init>(172)) - new 869fbf5b-cbbd-43c6-9f26-156c5192e660@group-52AD3AA08ADE-SegmentedRaftLogWorker for RaftStorage:Storage Directory /workdir/hadoop-ozone/integration-test/target/test-dir/MiniOzoneClusterImpl-77992fd3-8e8a-426b-8566-445f44124f00/datanode-3/data/ratis/bc4583d2-882e-4c8d-bcc9-52ad3aa08ade
2019-10-09 13:13:43,368 [pool-420-thread-1] INFO  server.RaftServerConfigKeys (ConfUtils.java:logGet(43)) - raft.server.log.statemachine.data.caching.enabled = true (custom)
2019-10-09 13:13:43,368 [pool-430-thread-1] INFO  server.RaftServerConfigKeys (ConfUtils.java:logGet(43)) - raft.server.log.queue.byte-limit = 2147483647 (custom)
2019-10-09 13:13:43,369 [pool-430-thread-1] INFO  server.RaftServerConfigKeys (ConfUtils.java:logGet(43)) - raft.server.log.queue.element-limit = 1024 (custom)
2019-10-09 13:13:43,369 [pool-420-thread-1] INFO  segmented.SegmentedRaftLogWorker (SegmentedRaftLogWorker.java:lambda$new$0(132)) - 96acbf61-3ece-4d83-9836-a217fb58817a@group-52AD3AA08ADE-SegmentedRaftLogWorker: flushIndex: setUnconditionally 0 -> -1
2019-10-09 13:13:43,369 [pool-430-thread-1] INFO  server.RaftServerConfigKeys (ConfUtils.java:logGet(43)) - raft.server.log.segment.size.max = 1048576 (custom)
2019-10-09 13:13:43,369 [pool-430-thread-1] INFO  server.RaftServerConfigKeys (ConfUtils.java:logGet(43)) - raft.server.log.preallocated.size = 16384 (custom)
2019-10-09 13:13:43,369 [pool-420-thread-1] INFO  server.RaftServerConfigKeys (ConfUtils.java:logGet(43)) - raft.server.snapshot.auto.trigger.enabled = true (custom)
2019-10-09 13:13:43,369 [pool-430-thread-1] INFO  server.RaftServerConfigKeys (ConfUtils.java:logGet(43)) - raft.server.log.write.buffer.size = 33554432 (custom)
2019-10-09 13:13:43,369 [pool-420-thread-1] INFO  server.RaftServerConfigKeys (ConfUtils.java:logGet(43)) - raft.server.snapshot.auto.trigger.threshold = 10000 (custom)
2019-10-09 13:13:43,369 [pool-430-thread-1] INFO  server.RaftServerConfigKeys (ConfUtils.java:logGet(43)) - raft.server.log.force.sync.num = 128 (default)
2019-10-09 13:13:43,369 [pool-420-thread-1] INFO  server.RaftServerConfigKeys (ConfUtils.java:logGet(43)) - raft.server.snapshot.retention.num.files = 5 (custom)
2019-10-09 13:13:43,370 [pool-430-thread-1] INFO  server.RaftServerConfigKeys (ConfUtils.java:logGet(43)) - raft.server.log.statemachine.data.sync = true (default)
2019-10-09 13:13:43,370 [pool-420-thread-1] INFO  server.RaftServerConfigKeys (ConfUtils.java:logGet(43)) - raft.server.retrycache.expirytime = 600000ms (custom)
2019-10-09 13:13:43,370 [pool-430-thread-1] INFO  server.RaftServerConfigKeys (ConfUtils.java:logGet(43)) - raft.server.log.statemachine.data.sync.timeout = 10s (default)
2019-10-09 13:13:43,370 [pool-430-thread-1] INFO  server.RaftServerConfigKeys (ConfUtils.java:logGet(43)) - raft.server.log.statemachine.data.sync.timeout.retry = -1 (default)
2019-10-09 13:13:43,370 [pool-440-thread-1] INFO  server.RaftServerConfigKeys (ConfUtils.java:logGet(43)) - raft.server.log.queue.byte-limit = 2147483647 (custom)
2019-10-09 13:13:43,370 [pool-430-thread-1] INFO  server.RaftServerConfigKeys (ConfUtils.java:logGet(43)) - raft.server.log.statemachine.data.caching.enabled = true (custom)
2019-10-09 13:13:43,370 [pool-440-thread-1] INFO  server.RaftServerConfigKeys (ConfUtils.java:logGet(43)) - raft.server.log.queue.element-limit = 1024 (custom)
2019-10-09 13:13:43,371 [pool-430-thread-1] INFO  segmented.SegmentedRaftLogWorker (SegmentedRaftLogWorker.java:lambda$new$0(132)) - 7706a157-1a1c-49fa-abc2-2cf2041a84a7@group-52AD3AA08ADE-SegmentedRaftLogWorker: flushIndex: setUnconditionally 0 -> -1
2019-10-09 13:13:43,371 [pool-440-thread-1] INFO  server.RaftServerConfigKeys (ConfUtils.java:logGet(43)) - raft.server.log.segment.size.max = 1048576 (custom)
2019-10-09 13:13:43,371 [pool-430-thread-1] INFO  server.RaftServerConfigKeys (ConfUtils.java:logGet(43)) - raft.server.snapshot.auto.trigger.enabled = true (custom)
2019-10-09 13:13:43,371 [pool-440-thread-1] INFO  server.RaftServerConfigKeys (ConfUtils.java:logGet(43)) - raft.server.log.preallocated.size = 16384 (custom)
2019-10-09 13:13:43,371 [pool-430-thread-1] INFO  server.RaftServerConfigKeys (ConfUtils.java:logGet(43)) - raft.server.snapshot.auto.trigger.threshold = 10000 (custom)
2019-10-09 13:13:43,371 [pool-440-thread-1] INFO  server.RaftServerConfigKeys (ConfUtils.java:logGet(43)) - raft.server.log.write.buffer.size = 33554432 (custom)
2019-10-09 13:13:43,371 [pool-430-thread-1] INFO  server.RaftServerConfigKeys (ConfUtils.java:logGet(43)) - raft.server.snapshot.retention.num.files = 5 (custom)
2019-10-09 13:13:43,372 [pool-440-thread-1] INFO  server.RaftServerConfigKeys (ConfUtils.java:logGet(43)) - raft.server.log.force.sync.num = 128 (default)
2019-10-09 13:13:43,372 [pool-430-thread-1] INFO  server.RaftServerConfigKeys (ConfUtils.java:logGet(43)) - raft.server.retrycache.expirytime = 600000ms (custom)
2019-10-09 13:13:43,372 [pool-440-thread-1] INFO  server.RaftServerConfigKeys (ConfUtils.java:logGet(43)) - raft.server.log.statemachine.data.sync = true (default)
2019-10-09 13:13:43,372 [pool-420-thread-1] INFO  impl.RaftServerImpl (RaftServerImpl.java:start(185)) - 96acbf61-3ece-4d83-9836-a217fb58817a@group-52AD3AA08ADE: start as a follower, conf=-1: [96acbf61-3ece-4d83-9836-a217fb58817a:192.168.5.175:35650, 869fbf5b-cbbd-43c6-9f26-156c5192e660:192.168.5.175:43498, 7706a157-1a1c-49fa-abc2-2cf2041a84a7:192.168.5.175:40917], old=null
2019-10-09 13:13:43,372 [pool-440-thread-1] INFO  server.RaftServerConfigKeys (ConfUtils.java:logGet(43)) - raft.server.log.statemachine.data.sync.timeout = 10s (default)
2019-10-09 13:13:43,372 [pool-420-thread-1] INFO  impl.RaftServerImpl (RaftServerImpl.java:setRole(174)) - 96acbf61-3ece-4d83-9836-a217fb58817a@group-52AD3AA08ADE: changes role from      null to FOLLOWER at term 0 for startAsFollower
2019-10-09 13:13:43,372 [pool-440-thread-1] INFO  server.RaftServerConfigKeys (ConfUtils.java:logGet(43)) - raft.server.log.statemachine.data.sync.timeout.retry = -1 (default)
2019-10-09 13:13:43,373 [pool-420-thread-1] INFO  impl.RoleInfo (RoleInfo.java:updateAndGet(143)) - 96acbf61-3ece-4d83-9836-a217fb58817a: start FollowerState
2019-10-09 13:13:43,373 [pool-440-thread-1] INFO  server.RaftServerConfigKeys (ConfUtils.java:logGet(43)) - raft.server.log.statemachine.data.caching.enabled = true (custom)
2019-10-09 13:13:43,373 [pool-430-thread-1] INFO  impl.RaftServerImpl (RaftServerImpl.java:start(185)) - 7706a157-1a1c-49fa-abc2-2cf2041a84a7@group-52AD3AA08ADE: start as a follower, conf=-1: [96acbf61-3ece-4d83-9836-a217fb58817a:192.168.5.175:35650, 869fbf5b-cbbd-43c6-9f26-156c5192e660:192.168.5.175:43498, 7706a157-1a1c-49fa-abc2-2cf2041a84a7:192.168.5.175:40917], old=null
2019-10-09 13:13:43,373 [pool-420-thread-1] INFO  util.JmxRegister (JmxRegister.java:tryRegister(44)) - Successfully registered JMX Bean with object name Ratis:service=RaftServer,group=group-52AD3AA08ADE,id=96acbf61-3ece-4d83-9836-a217fb58817a
2019-10-09 13:13:43,373 [pool-440-thread-1] INFO  segmented.SegmentedRaftLogWorker (SegmentedRaftLogWorker.java:lambda$new$0(132)) - 869fbf5b-cbbd-43c6-9f26-156c5192e660@group-52AD3AA08ADE-SegmentedRaftLogWorker: flushIndex: setUnconditionally 0 -> -1
2019-10-09 13:13:43,373 [pool-430-thread-1] INFO  impl.RaftServerImpl (RaftServerImpl.java:setRole(174)) - 7706a157-1a1c-49fa-abc2-2cf2041a84a7@group-52AD3AA08ADE: changes role from      null to FOLLOWER at term 0 for startAsFollower
2019-10-09 13:13:43,374 [pool-430-thread-1] INFO  impl.RoleInfo (RoleInfo.java:updateAndGet(143)) - 7706a157-1a1c-49fa-abc2-2cf2041a84a7: start FollowerState
2019-10-09 13:13:43,374 [pool-440-thread-1] INFO  server.RaftServerConfigKeys (ConfUtils.java:logGet(43)) - raft.server.snapshot.auto.trigger.enabled = true (custom)
2019-10-09 13:13:43,374 [pool-440-thread-1] INFO  server.RaftServerConfigKeys (ConfUtils.java:logGet(43)) - raft.server.snapshot.auto.trigger.threshold = 10000 (custom)
2019-10-09 13:13:43,374 [pool-430-thread-1] INFO  util.JmxRegister (JmxRegister.java:tryRegister(44)) - Successfully registered JMX Bean with object name Ratis:service=RaftServer,group=group-52AD3AA08ADE,id=7706a157-1a1c-49fa-abc2-2cf2041a84a7
2019-10-09 13:13:43,374 [pool-440-thread-1] INFO  server.RaftServerConfigKeys (ConfUtils.java:logGet(43)) - raft.server.snapshot.retention.num.files = 5 (custom)
2019-10-09 13:13:43,374 [pool-440-thread-1] INFO  server.RaftServerConfigKeys (ConfUtils.java:logGet(43)) - raft.server.retrycache.expirytime = 600000ms (custom)
2019-10-09 13:13:43,377 [pool-440-thread-1] INFO  impl.RaftServerImpl (RaftServerImpl.java:start(185)) - 869fbf5b-cbbd-43c6-9f26-156c5192e660@group-52AD3AA08ADE: start as a follower, conf=-1: [96acbf61-3ece-4d83-9836-a217fb58817a:192.168.5.175:35650, 869fbf5b-cbbd-43c6-9f26-156c5192e660:192.168.5.175:43498, 7706a157-1a1c-49fa-abc2-2cf2041a84a7:192.168.5.175:40917], old=null
2019-10-09 13:13:43,377 [pool-440-thread-1] INFO  impl.RaftServerImpl (RaftServerImpl.java:setRole(174)) - 869fbf5b-cbbd-43c6-9f26-156c5192e660@group-52AD3AA08ADE: changes role from      null to FOLLOWER at term 0 for startAsFollower
2019-10-09 13:13:43,377 [pool-440-thread-1] INFO  impl.RoleInfo (RoleInfo.java:updateAndGet(143)) - 869fbf5b-cbbd-43c6-9f26-156c5192e660: start FollowerState
2019-10-09 13:13:43,377 [pool-440-thread-1] INFO  util.JmxRegister (JmxRegister.java:tryRegister(44)) - Successfully registered JMX Bean with object name Ratis:service=RaftServer,group=group-52AD3AA08ADE,id=869fbf5b-cbbd-43c6-9f26-156c5192e660
2019-10-09 13:13:43,379 [RatisPipelineUtilsThread] INFO  pipeline.PipelineStateManager (PipelineStateManager.java:addPipeline(56)) - Created pipeline Pipeline[ Id: bc4583d2-882e-4c8d-bcc9-52ad3aa08ade, Nodes: 7706a157-1a1c-49fa-abc2-2cf2041a84a7{ip: 192.168.5.175, host: pr-hdds-1569-mfl88-1504498049, networkLocation: /default-rack, certSerialId: null}96acbf61-3ece-4d83-9836-a217fb58817a{ip: 192.168.5.175, host: pr-hdds-1569-mfl88-1504498049, networkLocation: /default-rack, certSerialId: null}869fbf5b-cbbd-43c6-9f26-156c5192e660{ip: 192.168.5.175, host: pr-hdds-1569-mfl88-1504498049, networkLocation: /default-rack, certSerialId: null}, Type:RATIS, Factor:THREE, State:OPEN]
2019-10-09 13:13:43,391 [grpc-default-executor-34] INFO  impl.RaftServerProxy (RaftServerProxy.java:addNew(89)) - 96acbf61-3ece-4d83-9836-a217fb58817a: addNew group-F494DE254AFB:[96acbf61-3ece-4d83-9836-a217fb58817a:192.168.5.175:35650, 162534dc-93d9-4206-ab1e-9268955c7aca:192.168.5.175:32957, 869fbf5b-cbbd-43c6-9f26-156c5192e660:192.168.5.175:43498] returns group-F494DE254AFB:java.util.concurrent.CompletableFuture@7f914a6d[Not completed]
2019-10-09 13:13:43,394 [grpc-default-executor-15] INFO  impl.RaftServerProxy (RaftServerProxy.java:addNew(89)) - 162534dc-93d9-4206-ab1e-9268955c7aca: addNew group-F494DE254AFB:[96acbf61-3ece-4d83-9836-a217fb58817a:192.168.5.175:35650, 162534dc-93d9-4206-ab1e-9268955c7aca:192.168.5.175:32957, 869fbf5b-cbbd-43c6-9f26-156c5192e660:192.168.5.175:43498] returns group-F494DE254AFB:java.util.concurrent.CompletableFuture@70021d99[Not completed]
2019-10-09 13:13:43,391 [grpc-default-executor-35] INFO  impl.RaftServerProxy (RaftServerProxy.java:addNew(89)) - 869fbf5b-cbbd-43c6-9f26-156c5192e660: addNew group-F494DE254AFB:[96acbf61-3ece-4d83-9836-a217fb58817a:192.168.5.175:35650, 162534dc-93d9-4206-ab1e-9268955c7aca:192.168.5.175:32957, 869fbf5b-cbbd-43c6-9f26-156c5192e660:192.168.5.175:43498] returns group-F494DE254AFB:java.util.concurrent.CompletableFuture@20641a40[Not completed]
2019-10-09 13:13:43,396 [pool-440-thread-1] INFO  impl.RaftServerImpl (RaftServerImpl.java:<init>(95)) - 869fbf5b-cbbd-43c6-9f26-156c5192e660: new RaftServerImpl for group-F494DE254AFB:[96acbf61-3ece-4d83-9836-a217fb58817a:192.168.5.175:35650, 162534dc-93d9-4206-ab1e-9268955c7aca:192.168.5.175:32957, 869fbf5b-cbbd-43c6-9f26-156c5192e660:192.168.5.175:43498] with ContainerStateMachine:uninitialized
2019-10-09 13:13:43,396 [pool-440-thread-1] INFO  server.RaftServerConfigKeys (ConfUtils.java:logGet(43)) - raft.server.rpc.timeout.min = 5s (custom)
2019-10-09 13:13:43,396 [pool-440-thread-1] INFO  server.RaftServerConfigKeys (ConfUtils.java:logGet(43)) - raft.server.rpc.timeout.max = 5200ms (custom)
2019-10-09 13:13:43,396 [pool-440-thread-1] INFO  server.RaftServerConfigKeys (ConfUtils.java:logGet(43)) - raft.server.rpcslowness.timeout = 120s (custom)
2019-10-09 13:13:43,396 [pool-440-thread-1] INFO  server.RaftServerConfigKeys (ConfUtils.java:logGet(43)) - raft.server.sleep.deviation.threshold = 300 (default)
2019-10-09 13:13:43,396 [pool-440-thread-1] INFO  server.RaftServerConfigKeys (ConfUtils.java:logGet(43)) - raft.server.log.appender.install.snapshot.enabled = false (custom)
2019-10-09 13:13:43,397 [pool-440-thread-1] INFO  impl.RaftServerImpl (ServerState.java:<init>(103)) - 869fbf5b-cbbd-43c6-9f26-156c5192e660@group-F494DE254AFB: ConfigurationManager, init=-1: [96acbf61-3ece-4d83-9836-a217fb58817a:192.168.5.175:35650, 162534dc-93d9-4206-ab1e-9268955c7aca:192.168.5.175:32957, 869fbf5b-cbbd-43c6-9f26-156c5192e660:192.168.5.175:43498], old=null, confs=<EMPTY_MAP>
2019-10-09 13:13:43,402 [pool-440-thread-1] INFO  server.RaftServerConfigKeys (ConfUtils.java:logGet(43)) - raft.server.storage.dir = [/workdir/hadoop-ozone/integration-test/target/test-dir/MiniOzoneClusterImpl-77992fd3-8e8a-426b-8566-445f44124f00/datanode-3/data/ratis] (custom)
2019-10-09 13:13:43,402 [pool-450-thread-1] INFO  impl.RaftServerImpl (RaftServerImpl.java:<init>(95)) - 162534dc-93d9-4206-ab1e-9268955c7aca: new RaftServerImpl for group-F494DE254AFB:[96acbf61-3ece-4d83-9836-a217fb58817a:192.168.5.175:35650, 162534dc-93d9-4206-ab1e-9268955c7aca:192.168.5.175:32957, 869fbf5b-cbbd-43c6-9f26-156c5192e660:192.168.5.175:43498] with ContainerStateMachine:uninitialized
2019-10-09 13:13:43,402 [pool-450-thread-1] INFO  server.RaftServerConfigKeys (ConfUtils.java:logGet(43)) - raft.server.rpc.timeout.min = 5s (custom)
2019-10-09 13:13:43,402 [pool-440-thread-1] INFO  storage.RaftStorageDirectory (RaftStorageDirectory.java:analyzeStorage(246)) - The storage directory /workdir/hadoop-ozone/integration-test/target/test-dir/MiniOzoneClusterImpl-77992fd3-8e8a-426b-8566-445f44124f00/datanode-3/data/ratis/ecc94827-8a09-4a6e-b805-f494de254afb does not exist. Creating ...
2019-10-09 13:13:43,402 [pool-450-thread-1] INFO  server.RaftServerConfigKeys (ConfUtils.java:logGet(43)) - raft.server.rpc.timeout.max = 5200ms (custom)
2019-10-09 13:13:43,403 [pool-450-thread-1] INFO  server.RaftServerConfigKeys (ConfUtils.java:logGet(43)) - raft.server.rpcslowness.timeout = 120s (custom)
2019-10-09 13:13:43,403 [pool-420-thread-1] INFO  impl.RaftServerImpl (RaftServerImpl.java:<init>(95)) - 96acbf61-3ece-4d83-9836-a217fb58817a: new RaftServerImpl for group-F494DE254AFB:[96acbf61-3ece-4d83-9836-a217fb58817a:192.168.5.175:35650, 162534dc-93d9-4206-ab1e-9268955c7aca:192.168.5.175:32957, 869fbf5b-cbbd-43c6-9f26-156c5192e660:192.168.5.175:43498] with ContainerStateMachine:uninitialized
2019-10-09 13:13:43,403 [pool-450-thread-1] INFO  server.RaftServerConfigKeys (ConfUtils.java:logGet(43)) - raft.server.sleep.deviation.threshold = 300 (default)
2019-10-09 13:13:43,403 [pool-420-thread-1] INFO  server.RaftServerConfigKeys (ConfUtils.java:logGet(43)) - raft.server.rpc.timeout.min = 5s (custom)
2019-10-09 13:13:43,403 [pool-450-thread-1] INFO  server.RaftServerConfigKeys (ConfUtils.java:logGet(43)) - raft.server.log.appender.install.snapshot.enabled = false (custom)
2019-10-09 13:13:43,403 [pool-420-thread-1] INFO  server.RaftServerConfigKeys (ConfUtils.java:logGet(43)) - raft.server.rpc.timeout.max = 5200ms (custom)
2019-10-09 13:13:43,403 [pool-450-thread-1] INFO  impl.RaftServerImpl (ServerState.java:<init>(103)) - 162534dc-93d9-4206-ab1e-9268955c7aca@group-F494DE254AFB: ConfigurationManager, init=-1: [96acbf61-3ece-4d83-9836-a217fb58817a:192.168.5.175:35650, 162534dc-93d9-4206-ab1e-9268955c7aca:192.168.5.175:32957, 869fbf5b-cbbd-43c6-9f26-156c5192e660:192.168.5.175:43498], old=null, confs=<EMPTY_MAP>
2019-10-09 13:13:43,404 [pool-420-thread-1] INFO  server.RaftServerConfigKeys (ConfUtils.java:logGet(43)) - raft.server.rpcslowness.timeout = 120s (custom)
2019-10-09 13:13:43,404 [pool-450-thread-1] INFO  server.RaftServerConfigKeys (ConfUtils.java:logGet(43)) - raft.server.storage.dir = [/workdir/hadoop-ozone/integration-test/target/test-dir/MiniOzoneClusterImpl-77992fd3-8e8a-426b-8566-445f44124f00/datanode-4/data/ratis] (custom)
2019-10-09 13:13:43,404 [pool-420-thread-1] INFO  server.RaftServerConfigKeys (ConfUtils.java:logGet(43)) - raft.server.sleep.deviation.threshold = 300 (default)
2019-10-09 13:13:43,404 [pool-420-thread-1] INFO  server.RaftServerConfigKeys (ConfUtils.java:logGet(43)) - raft.server.log.appender.install.snapshot.enabled = false (custom)
2019-10-09 13:13:43,404 [pool-450-thread-1] INFO  storage.RaftStorageDirectory (RaftStorageDirectory.java:analyzeStorage(246)) - The storage directory /workdir/hadoop-ozone/integration-test/target/test-dir/MiniOzoneClusterImpl-77992fd3-8e8a-426b-8566-445f44124f00/datanode-4/data/ratis/ecc94827-8a09-4a6e-b805-f494de254afb does not exist. Creating ...
2019-10-09 13:13:43,404 [pool-420-thread-1] INFO  impl.RaftServerImpl (ServerState.java:<init>(103)) - 96acbf61-3ece-4d83-9836-a217fb58817a@group-F494DE254AFB: ConfigurationManager, init=-1: [96acbf61-3ece-4d83-9836-a217fb58817a:192.168.5.175:35650, 162534dc-93d9-4206-ab1e-9268955c7aca:192.168.5.175:32957, 869fbf5b-cbbd-43c6-9f26-156c5192e660:192.168.5.175:43498], old=null, confs=<EMPTY_MAP>
2019-10-09 13:13:43,405 [pool-420-thread-1] INFO  server.RaftServerConfigKeys (ConfUtils.java:logGet(43)) - raft.server.storage.dir = [/workdir/hadoop-ozone/integration-test/target/test-dir/MiniOzoneClusterImpl-77992fd3-8e8a-426b-8566-445f44124f00/datanode-1/data/ratis] (custom)
2019-10-09 13:13:43,405 [pool-420-thread-1] INFO  storage.RaftStorageDirectory (RaftStorageDirectory.java:analyzeStorage(246)) - The storage directory /workdir/hadoop-ozone/integration-test/target/test-dir/MiniOzoneClusterImpl-77992fd3-8e8a-426b-8566-445f44124f00/datanode-1/data/ratis/ecc94827-8a09-4a6e-b805-f494de254afb does not exist. Creating ...
2019-10-09 13:13:43,407 [pool-450-thread-1] INFO  storage.RaftStorageDirectory (RaftStorageDirectory.java:tryLock(328)) - Lock on /workdir/hadoop-ozone/integration-test/target/test-dir/MiniOzoneClusterImpl-77992fd3-8e8a-426b-8566-445f44124f00/datanode-4/data/ratis/ecc94827-8a09-4a6e-b805-f494de254afb/in_use.lock acquired by nodename 6401@pr-hdds-1569-mfl88-1504498049
2019-10-09 13:13:43,407 [pool-440-thread-1] INFO  storage.RaftStorageDirectory (RaftStorageDirectory.java:tryLock(328)) - Lock on /workdir/hadoop-ozone/integration-test/target/test-dir/MiniOzoneClusterImpl-77992fd3-8e8a-426b-8566-445f44124f00/datanode-3/data/ratis/ecc94827-8a09-4a6e-b805-f494de254afb/in_use.lock acquired by nodename 6401@pr-hdds-1569-mfl88-1504498049
2019-10-09 13:13:43,410 [pool-420-thread-1] INFO  storage.RaftStorageDirectory (RaftStorageDirectory.java:tryLock(328)) - Lock on /workdir/hadoop-ozone/integration-test/target/test-dir/MiniOzoneClusterImpl-77992fd3-8e8a-426b-8566-445f44124f00/datanode-1/data/ratis/ecc94827-8a09-4a6e-b805-f494de254afb/in_use.lock acquired by nodename 6401@pr-hdds-1569-mfl88-1504498049
2019-10-09 13:13:43,410 [pool-450-thread-1] INFO  storage.RaftStorage (RaftStorage.java:format(72)) - Storage directory /workdir/hadoop-ozone/integration-test/target/test-dir/MiniOzoneClusterImpl-77992fd3-8e8a-426b-8566-445f44124f00/datanode-4/data/ratis/ecc94827-8a09-4a6e-b805-f494de254afb has been successfully formatted.
2019-10-09 13:13:43,411 [pool-450-thread-1] INFO  ratis.ContainerStateMachine (ContainerStateMachine.java:loadSnapshot(230)) - group-F494DE254AFB: The snapshot info is null. Setting the last applied indexto:(t:0, i:~)
2019-10-09 13:13:43,411 [pool-450-thread-1] INFO  server.RaftServerConfigKeys (ConfUtils.java:logGet(43)) - raft.server.notification.no-leader.timeout = 120s (custom)
2019-10-09 13:13:43,411 [pool-450-thread-1] INFO  server.RaftServerConfigKeys (ConfUtils.java:logGet(43)) - raft.server.log.use.memory = false (default)
2019-10-09 13:13:43,411 [pool-450-thread-1] INFO  server.RaftServerConfigKeys (ConfUtils.java:logGet(43)) - raft.server.log.purge.gap = 1000000 (custom)
2019-10-09 13:13:43,411 [pool-450-thread-1] INFO  server.RaftServerConfigKeys (ConfUtils.java:logGet(43)) - raft.server.log.appender.buffer.byte-limit = 33554432 (custom)
2019-10-09 13:13:43,411 [pool-450-thread-1] INFO  server.RaftServerConfigKeys (ConfUtils.java:logGet(43)) - raft.server.log.segment.size.max = 1048576 (custom)
2019-10-09 13:13:43,411 [pool-450-thread-1] INFO  server.RaftServerConfigKeys (ConfUtils.java:logGet(43)) - raft.server.log.segment.cache.num.max = 2 (custom)
2019-10-09 13:13:43,412 [pool-450-thread-1] INFO  segmented.SegmentedRaftLogWorker (SegmentedRaftLogWorker.java:<init>(172)) - new 162534dc-93d9-4206-ab1e-9268955c7aca@group-F494DE254AFB-SegmentedRaftLogWorker for RaftStorage:Storage Directory /workdir/hadoop-ozone/integration-test/target/test-dir/MiniOzoneClusterImpl-77992fd3-8e8a-426b-8566-445f44124f00/datanode-4/data/ratis/ecc94827-8a09-4a6e-b805-f494de254afb
2019-10-09 13:13:43,413 [pool-440-thread-1] INFO  storage.RaftStorage (RaftStorage.java:format(72)) - Storage directory /workdir/hadoop-ozone/integration-test/target/test-dir/MiniOzoneClusterImpl-77992fd3-8e8a-426b-8566-445f44124f00/datanode-3/data/ratis/ecc94827-8a09-4a6e-b805-f494de254afb has been successfully formatted.
2019-10-09 13:13:43,413 [pool-420-thread-1] INFO  storage.RaftStorage (RaftStorage.java:format(72)) - Storage directory /workdir/hadoop-ozone/integration-test/target/test-dir/MiniOzoneClusterImpl-77992fd3-8e8a-426b-8566-445f44124f00/datanode-1/data/ratis/ecc94827-8a09-4a6e-b805-f494de254afb has been successfully formatted.
2019-10-09 13:13:43,413 [pool-440-thread-1] INFO  ratis.ContainerStateMachine (ContainerStateMachine.java:loadSnapshot(230)) - group-F494DE254AFB: The snapshot info is null. Setting the last applied indexto:(t:0, i:~)
2019-10-09 13:13:43,413 [pool-420-thread-1] INFO  ratis.ContainerStateMachine (ContainerStateMachine.java:loadSnapshot(230)) - group-F494DE254AFB: The snapshot info is null. Setting the last applied indexto:(t:0, i:~)
2019-10-09 13:13:43,413 [pool-440-thread-1] INFO  server.RaftServerConfigKeys (ConfUtils.java:logGet(43)) - raft.server.notification.no-leader.timeout = 120s (custom)
2019-10-09 13:13:43,413 [pool-420-thread-1] INFO  server.RaftServerConfigKeys (ConfUtils.java:logGet(43)) - raft.server.notification.no-leader.timeout = 120s (custom)
2019-10-09 13:13:43,413 [pool-440-thread-1] INFO  server.RaftServerConfigKeys (ConfUtils.java:logGet(43)) - raft.server.log.use.memory = false (default)
2019-10-09 13:13:43,413 [pool-420-thread-1] INFO  server.RaftServerConfigKeys (ConfUtils.java:logGet(43)) - raft.server.log.use.memory = false (default)
2019-10-09 13:13:43,413 [pool-450-thread-1] INFO  server.RaftServerConfigKeys (ConfUtils.java:logGet(43)) - raft.server.log.queue.byte-limit = 2147483647 (custom)
2019-10-09 13:13:43,413 [pool-440-thread-1] INFO  server.RaftServerConfigKeys (ConfUtils.java:logGet(43)) - raft.server.log.purge.gap = 1000000 (custom)
2019-10-09 13:13:43,414 [pool-450-thread-1] INFO  server.RaftServerConfigKeys (ConfUtils.java:logGet(43)) - raft.server.log.queue.element-limit = 1024 (custom)
2019-10-09 13:13:43,414 [pool-420-thread-1] INFO  server.RaftServerConfigKeys (ConfUtils.java:logGet(43)) - raft.server.log.purge.gap = 1000000 (custom)
2019-10-09 13:13:43,414 [pool-450-thread-1] INFO  server.RaftServerConfigKeys (ConfUtils.java:logGet(43)) - raft.server.log.segment.size.max = 1048576 (custom)
2019-10-09 13:13:43,414 [pool-440-thread-1] INFO  server.RaftServerConfigKeys (ConfUtils.java:logGet(43)) - raft.server.log.appender.buffer.byte-limit = 33554432 (custom)
2019-10-09 13:13:43,414 [pool-450-thread-1] INFO  server.RaftServerConfigKeys (ConfUtils.java:logGet(43)) - raft.server.log.preallocated.size = 16384 (custom)
2019-10-09 13:13:43,414 [pool-450-thread-1] INFO  server.RaftServerConfigKeys (ConfUtils.java:logGet(43)) - raft.server.log.write.buffer.size = 33554432 (custom)
2019-10-09 13:13:43,414 [pool-420-thread-1] INFO  server.RaftServerConfigKeys (ConfUtils.java:logGet(43)) - raft.server.log.appender.buffer.byte-limit = 33554432 (custom)
2019-10-09 13:13:43,415 [pool-450-thread-1] INFO  server.RaftServerConfigKeys (ConfUtils.java:logGet(43)) - raft.server.log.force.sync.num = 128 (default)
2019-10-09 13:13:43,414 [pool-440-thread-1] INFO  server.RaftServerConfigKeys (ConfUtils.java:logGet(43)) - raft.server.log.segment.size.max = 1048576 (custom)
2019-10-09 13:13:43,415 [pool-450-thread-1] INFO  server.RaftServerConfigKeys (ConfUtils.java:logGet(43)) - raft.server.log.statemachine.data.sync = true (default)
2019-10-09 13:13:43,415 [pool-450-thread-1] INFO  server.RaftServerConfigKeys (ConfUtils.java:logGet(43)) - raft.server.log.statemachine.data.sync.timeout = 10s (default)
2019-10-09 13:13:43,415 [pool-420-thread-1] INFO  server.RaftServerConfigKeys (ConfUtils.java:logGet(43)) - raft.server.log.segment.size.max = 1048576 (custom)
2019-10-09 13:13:43,415 [pool-450-thread-1] INFO  server.RaftServerConfigKeys (ConfUtils.java:logGet(43)) - raft.server.log.statemachine.data.sync.timeout.retry = -1 (default)
2019-10-09 13:13:43,415 [pool-440-thread-1] INFO  server.RaftServerConfigKeys (ConfUtils.java:logGet(43)) - raft.server.log.segment.cache.num.max = 2 (custom)
2019-10-09 13:13:43,416 [pool-450-thread-1] INFO  server.RaftServerConfigKeys (ConfUtils.java:logGet(43)) - raft.server.log.statemachine.data.caching.enabled = true (custom)
2019-10-09 13:13:43,415 [pool-420-thread-1] INFO  server.RaftServerConfigKeys (ConfUtils.java:logGet(43)) - raft.server.log.segment.cache.num.max = 2 (custom)
2019-10-09 13:13:43,416 [pool-440-thread-1] INFO  segmented.SegmentedRaftLogWorker (SegmentedRaftLogWorker.java:<init>(172)) - new 869fbf5b-cbbd-43c6-9f26-156c5192e660@group-F494DE254AFB-SegmentedRaftLogWorker for RaftStorage:Storage Directory /workdir/hadoop-ozone/integration-test/target/test-dir/MiniOzoneClusterImpl-77992fd3-8e8a-426b-8566-445f44124f00/datanode-3/data/ratis/ecc94827-8a09-4a6e-b805-f494de254afb
2019-10-09 13:13:43,416 [pool-450-thread-1] INFO  segmented.SegmentedRaftLogWorker (SegmentedRaftLogWorker.java:lambda$new$0(132)) - 162534dc-93d9-4206-ab1e-9268955c7aca@group-F494DE254AFB-SegmentedRaftLogWorker: flushIndex: setUnconditionally 0 -> -1
2019-10-09 13:13:43,416 [pool-420-thread-1] INFO  segmented.SegmentedRaftLogWorker (SegmentedRaftLogWorker.java:<init>(172)) - new 96acbf61-3ece-4d83-9836-a217fb58817a@group-F494DE254AFB-SegmentedRaftLogWorker for RaftStorage:Storage Directory /workdir/hadoop-ozone/integration-test/target/test-dir/MiniOzoneClusterImpl-77992fd3-8e8a-426b-8566-445f44124f00/datanode-1/data/ratis/ecc94827-8a09-4a6e-b805-f494de254afb
2019-10-09 13:13:43,416 [pool-440-thread-1] INFO  server.RaftServerConfigKeys (ConfUtils.java:logGet(43)) - raft.server.log.queue.byte-limit = 2147483647 (custom)
2019-10-09 13:13:43,416 [pool-450-thread-1] INFO  server.RaftServerConfigKeys (ConfUtils.java:logGet(43)) - raft.server.snapshot.auto.trigger.enabled = true (custom)
2019-10-09 13:13:43,416 [pool-420-thread-1] INFO  server.RaftServerConfigKeys (ConfUtils.java:logGet(43)) - raft.server.log.queue.byte-limit = 2147483647 (custom)
2019-10-09 13:13:43,416 [pool-450-thread-1] INFO  server.RaftServerConfigKeys (ConfUtils.java:logGet(43)) - raft.server.snapshot.auto.trigger.threshold = 10000 (custom)
2019-10-09 13:13:43,416 [pool-440-thread-1] INFO  server.RaftServerConfigKeys (ConfUtils.java:logGet(43)) - raft.server.log.queue.element-limit = 1024 (custom)
2019-10-09 13:13:43,417 [pool-450-thread-1] INFO  server.RaftServerConfigKeys (ConfUtils.java:logGet(43)) - raft.server.snapshot.retention.num.files = 5 (custom)
2019-10-09 13:13:43,417 [pool-420-thread-1] INFO  server.RaftServerConfigKeys (ConfUtils.java:logGet(43)) - raft.server.log.queue.element-limit = 1024 (custom)
2019-10-09 13:13:43,417 [pool-450-thread-1] INFO  server.RaftServerConfigKeys (ConfUtils.java:logGet(43)) - raft.server.retrycache.expirytime = 600000ms (custom)
2019-10-09 13:13:43,417 [pool-440-thread-1] INFO  server.RaftServerConfigKeys (ConfUtils.java:logGet(43)) - raft.server.log.segment.size.max = 1048576 (custom)
2019-10-09 13:13:43,417 [pool-420-thread-1] INFO  server.RaftServerConfigKeys (ConfUtils.java:logGet(43)) - raft.server.log.segment.size.max = 1048576 (custom)
2019-10-09 13:13:43,417 [pool-440-thread-1] INFO  server.RaftServerConfigKeys (ConfUtils.java:logGet(43)) - raft.server.log.preallocated.size = 16384 (custom)
2019-10-09 13:13:43,417 [pool-420-thread-1] INFO  server.RaftServerConfigKeys (ConfUtils.java:logGet(43)) - raft.server.log.preallocated.size = 16384 (custom)
2019-10-09 13:13:43,417 [pool-440-thread-1] INFO  server.RaftServerConfigKeys (ConfUtils.java:logGet(43)) - raft.server.log.write.buffer.size = 33554432 (custom)
2019-10-09 13:13:43,418 [pool-420-thread-1] INFO  server.RaftServerConfigKeys (ConfUtils.java:logGet(43)) - raft.server.log.write.buffer.size = 33554432 (custom)
2019-10-09 13:13:43,418 [pool-440-thread-1] INFO  server.RaftServerConfigKeys (ConfUtils.java:logGet(43)) - raft.server.log.force.sync.num = 128 (default)
2019-10-09 13:13:43,418 [pool-420-thread-1] INFO  server.RaftServerConfigKeys (ConfUtils.java:logGet(43)) - raft.server.log.force.sync.num = 128 (default)
2019-10-09 13:13:43,418 [pool-440-thread-1] INFO  server.RaftServerConfigKeys (ConfUtils.java:logGet(43)) - raft.server.log.statemachine.data.sync = true (default)
2019-10-09 13:13:43,418 [pool-420-thread-1] INFO  server.RaftServerConfigKeys (ConfUtils.java:logGet(43)) - raft.server.log.statemachine.data.sync = true (default)
2019-10-09 13:13:43,418 [pool-440-thread-1] INFO  server.RaftServerConfigKeys (ConfUtils.java:logGet(43)) - raft.server.log.statemachine.data.sync.timeout = 10s (default)
2019-10-09 13:13:43,418 [pool-420-thread-1] INFO  server.RaftServerConfigKeys (ConfUtils.java:logGet(43)) - raft.server.log.statemachine.data.sync.timeout = 10s (default)
2019-10-09 13:13:43,418 [pool-440-thread-1] INFO  server.RaftServerConfigKeys (ConfUtils.java:logGet(43)) - raft.server.log.statemachine.data.sync.timeout.retry = -1 (default)
2019-10-09 13:13:43,419 [pool-420-thread-1] INFO  server.RaftServerConfigKeys (ConfUtils.java:logGet(43)) - raft.server.log.statemachine.data.sync.timeout.retry = -1 (default)
2019-10-09 13:13:43,419 [pool-450-thread-1] INFO  impl.RaftServerImpl (RaftServerImpl.java:start(185)) - 162534dc-93d9-4206-ab1e-9268955c7aca@group-F494DE254AFB: start as a follower, conf=-1: [96acbf61-3ece-4d83-9836-a217fb58817a:192.168.5.175:35650, 162534dc-93d9-4206-ab1e-9268955c7aca:192.168.5.175:32957, 869fbf5b-cbbd-43c6-9f26-156c5192e660:192.168.5.175:43498], old=null
2019-10-09 13:13:43,419 [pool-440-thread-1] INFO  server.RaftServerConfigKeys (ConfUtils.java:logGet(43)) - raft.server.log.statemachine.data.caching.enabled = true (custom)
2019-10-09 13:13:43,419 [pool-450-thread-1] INFO  impl.RaftServerImpl (RaftServerImpl.java:setRole(174)) - 162534dc-93d9-4206-ab1e-9268955c7aca@group-F494DE254AFB: changes role from      null to FOLLOWER at term 0 for startAsFollower
2019-10-09 13:13:43,419 [pool-440-thread-1] INFO  segmented.SegmentedRaftLogWorker (SegmentedRaftLogWorker.java:lambda$new$0(132)) - 869fbf5b-cbbd-43c6-9f26-156c5192e660@group-F494DE254AFB-SegmentedRaftLogWorker: flushIndex: setUnconditionally 0 -> -1
2019-10-09 13:13:43,419 [pool-420-thread-1] INFO  server.RaftServerConfigKeys (ConfUtils.java:logGet(43)) - raft.server.log.statemachine.data.caching.enabled = true (custom)
2019-10-09 13:13:43,419 [pool-450-thread-1] INFO  impl.RoleInfo (RoleInfo.java:updateAndGet(143)) - 162534dc-93d9-4206-ab1e-9268955c7aca: start FollowerState
2019-10-09 13:13:43,419 [pool-420-thread-1] INFO  segmented.SegmentedRaftLogWorker (SegmentedRaftLogWorker.java:lambda$new$0(132)) - 96acbf61-3ece-4d83-9836-a217fb58817a@group-F494DE254AFB-SegmentedRaftLogWorker: flushIndex: setUnconditionally 0 -> -1
2019-10-09 13:13:43,419 [pool-440-thread-1] INFO  server.RaftServerConfigKeys (ConfUtils.java:logGet(43)) - raft.server.snapshot.auto.trigger.enabled = true (custom)
2019-10-09 13:13:43,420 [pool-450-thread-1] INFO  util.JmxRegister (JmxRegister.java:tryRegister(44)) - Successfully registered JMX Bean with object name Ratis:service=RaftServer,group=group-F494DE254AFB,id=162534dc-93d9-4206-ab1e-9268955c7aca
2019-10-09 13:13:43,420 [pool-440-thread-1] INFO  server.RaftServerConfigKeys (ConfUtils.java:logGet(43)) - raft.server.snapshot.auto.trigger.threshold = 10000 (custom)
2019-10-09 13:13:43,420 [pool-420-thread-1] INFO  server.RaftServerConfigKeys (ConfUtils.java:logGet(43)) - raft.server.snapshot.auto.trigger.enabled = true (custom)
2019-10-09 13:13:43,420 [pool-440-thread-1] INFO  server.RaftServerConfigKeys (ConfUtils.java:logGet(43)) - raft.server.snapshot.retention.num.files = 5 (custom)
2019-10-09 13:13:43,420 [pool-420-thread-1] INFO  server.RaftServerConfigKeys (ConfUtils.java:logGet(43)) - raft.server.snapshot.auto.trigger.threshold = 10000 (custom)
2019-10-09 13:13:43,420 [pool-440-thread-1] INFO  server.RaftServerConfigKeys (ConfUtils.java:logGet(43)) - raft.server.retrycache.expirytime = 600000ms (custom)
2019-10-09 13:13:43,420 [pool-420-thread-1] INFO  server.RaftServerConfigKeys (ConfUtils.java:logGet(43)) - raft.server.snapshot.retention.num.files = 5 (custom)
2019-10-09 13:13:43,421 [pool-420-thread-1] INFO  server.RaftServerConfigKeys (ConfUtils.java:logGet(43)) - raft.server.retrycache.expirytime = 600000ms (custom)
2019-10-09 13:13:43,423 [pool-440-thread-1] INFO  impl.RaftServerImpl (RaftServerImpl.java:start(185)) - 869fbf5b-cbbd-43c6-9f26-156c5192e660@group-F494DE254AFB: start as a follower, conf=-1: [96acbf61-3ece-4d83-9836-a217fb58817a:192.168.5.175:35650, 162534dc-93d9-4206-ab1e-9268955c7aca:192.168.5.175:32957, 869fbf5b-cbbd-43c6-9f26-156c5192e660:192.168.5.175:43498], old=null
2019-10-09 13:13:43,423 [pool-440-thread-1] INFO  impl.RaftServerImpl (RaftServerImpl.java:setRole(174)) - 869fbf5b-cbbd-43c6-9f26-156c5192e660@group-F494DE254AFB: changes role from      null to FOLLOWER at term 0 for startAsFollower
2019-10-09 13:13:43,423 [pool-440-thread-1] INFO  impl.RoleInfo (RoleInfo.java:updateAndGet(143)) - 869fbf5b-cbbd-43c6-9f26-156c5192e660: start FollowerState
2019-10-09 13:13:43,424 [pool-440-thread-1] INFO  util.JmxRegister (JmxRegister.java:tryRegister(44)) - Successfully registered JMX Bean with object name Ratis:service=RaftServer,group=group-F494DE254AFB,id=869fbf5b-cbbd-43c6-9f26-156c5192e660
2019-10-09 13:13:43,424 [pool-420-thread-1] INFO  impl.RaftServerImpl (RaftServerImpl.java:start(185)) - 96acbf61-3ece-4d83-9836-a217fb58817a@group-F494DE254AFB: start as a follower, conf=-1: [96acbf61-3ece-4d83-9836-a217fb58817a:192.168.5.175:35650, 162534dc-93d9-4206-ab1e-9268955c7aca:192.168.5.175:32957, 869fbf5b-cbbd-43c6-9f26-156c5192e660:192.168.5.175:43498], old=null
2019-10-09 13:13:43,424 [pool-420-thread-1] INFO  impl.RaftServerImpl (RaftServerImpl.java:setRole(174)) - 96acbf61-3ece-4d83-9836-a217fb58817a@group-F494DE254AFB: changes role from      null to FOLLOWER at term 0 for startAsFollower
2019-10-09 13:13:43,424 [pool-420-thread-1] INFO  impl.RoleInfo (RoleInfo.java:updateAndGet(143)) - 96acbf61-3ece-4d83-9836-a217fb58817a: start FollowerState
2019-10-09 13:13:43,425 [pool-420-thread-1] INFO  util.JmxRegister (JmxRegister.java:tryRegister(44)) - Successfully registered JMX Bean with object name Ratis:service=RaftServer,group=group-F494DE254AFB,id=96acbf61-3ece-4d83-9836-a217fb58817a
2019-10-09 13:13:43,426 [RatisPipelineUtilsThread] INFO  pipeline.PipelineStateManager (PipelineStateManager.java:addPipeline(56)) - Created pipeline Pipeline[ Id: ecc94827-8a09-4a6e-b805-f494de254afb, Nodes: 869fbf5b-cbbd-43c6-9f26-156c5192e660{ip: 192.168.5.175, host: pr-hdds-1569-mfl88-1504498049, networkLocation: /default-rack, certSerialId: null}96acbf61-3ece-4d83-9836-a217fb58817a{ip: 192.168.5.175, host: pr-hdds-1569-mfl88-1504498049, networkLocation: /default-rack, certSerialId: null}162534dc-93d9-4206-ab1e-9268955c7aca{ip: 192.168.5.175, host: pr-hdds-1569-mfl88-1504498049, networkLocation: /default-rack, certSerialId: null}, Type:RATIS, Factor:THREE, State:OPEN]
2019-10-09 13:13:43,437 [IPC Server handler 6 on 34501] INFO  net.NetworkTopology (NetworkTopologyImpl.java:add(111)) - Added a new node: /default-rack/8dcbbddc-d4ab-4266-a26b-3cb88d40d557
2019-10-09 13:13:43,437 [IPC Server handler 6 on 34501] INFO  node.SCMNodeManager (SCMNodeManager.java:register(266)) - Registered Data node : 8dcbbddc-d4ab-4266-a26b-3cb88d40d557{ip: 192.168.5.175, host: pr-hdds-1569-mfl88-1504498049, networkLocation: /default-rack, certSerialId: null}
2019-10-09 13:13:43,438 [grpc-default-executor-15] INFO  impl.RaftServerProxy (RaftServerProxy.java:addNew(89)) - 162534dc-93d9-4206-ab1e-9268955c7aca: addNew group-7276B70EB406:[96acbf61-3ece-4d83-9836-a217fb58817a:192.168.5.175:35650, 162534dc-93d9-4206-ab1e-9268955c7aca:192.168.5.175:32957, 869fbf5b-cbbd-43c6-9f26-156c5192e660:192.168.5.175:43498] returns group-7276B70EB406:java.util.concurrent.CompletableFuture@2cba42ba[Not completed]
2019-10-09 13:13:43,438 [grpc-default-executor-34] INFO  impl.RaftServerProxy (RaftServerProxy.java:addNew(89)) - 96acbf61-3ece-4d83-9836-a217fb58817a: addNew group-7276B70EB406:[96acbf61-3ece-4d83-9836-a217fb58817a:192.168.5.175:35650, 162534dc-93d9-4206-ab1e-9268955c7aca:192.168.5.175:32957, 869fbf5b-cbbd-43c6-9f26-156c5192e660:192.168.5.175:43498] returns group-7276B70EB406:java.util.concurrent.CompletableFuture@6a4776c8[Not completed]
2019-10-09 13:13:43,438 [grpc-default-executor-35] INFO  impl.RaftServerProxy (RaftServerProxy.java:addNew(89)) - 869fbf5b-cbbd-43c6-9f26-156c5192e660: addNew group-7276B70EB406:[96acbf61-3ece-4d83-9836-a217fb58817a:192.168.5.175:35650, 162534dc-93d9-4206-ab1e-9268955c7aca:192.168.5.175:32957, 869fbf5b-cbbd-43c6-9f26-156c5192e660:192.168.5.175:43498] returns group-7276B70EB406:java.util.concurrent.CompletableFuture@49427e3c[Not completed]
2019-10-09 13:13:43,440 [pool-420-thread-1] INFO  impl.RaftServerImpl (RaftServerImpl.java:<init>(95)) - 96acbf61-3ece-4d83-9836-a217fb58817a: new RaftServerImpl for group-7276B70EB406:[96acbf61-3ece-4d83-9836-a217fb58817a:192.168.5.175:35650, 162534dc-93d9-4206-ab1e-9268955c7aca:192.168.5.175:32957, 869fbf5b-cbbd-43c6-9f26-156c5192e660:192.168.5.175:43498] with ContainerStateMachine:uninitialized
2019-10-09 13:13:43,440 [pool-420-thread-1] INFO  server.RaftServerConfigKeys (ConfUtils.java:logGet(43)) - raft.server.rpc.timeout.min = 5s (custom)
2019-10-09 13:13:43,440 [pool-420-thread-1] INFO  server.RaftServerConfigKeys (ConfUtils.java:logGet(43)) - raft.server.rpc.timeout.max = 5200ms (custom)
2019-10-09 13:13:43,440 [pool-440-thread-1] INFO  impl.RaftServerImpl (RaftServerImpl.java:<init>(95)) - 869fbf5b-cbbd-43c6-9f26-156c5192e660: new RaftServerImpl for group-7276B70EB406:[96acbf61-3ece-4d83-9836-a217fb58817a:192.168.5.175:35650, 162534dc-93d9-4206-ab1e-9268955c7aca:192.168.5.175:32957, 869fbf5b-cbbd-43c6-9f26-156c5192e660:192.168.5.175:43498] with ContainerStateMachine:uninitialized
2019-10-09 13:13:43,440 [pool-420-thread-1] INFO  server.RaftServerConfigKeys (ConfUtils.java:logGet(43)) - raft.server.rpcslowness.timeout = 120s (custom)
2019-10-09 13:13:43,440 [pool-440-thread-1] INFO  server.RaftServerConfigKeys (ConfUtils.java:logGet(43)) - raft.server.rpc.timeout.min = 5s (custom)
2019-10-09 13:13:43,440 [pool-420-thread-1] INFO  server.RaftServerConfigKeys (ConfUtils.java:logGet(43)) - raft.server.sleep.deviation.threshold = 300 (default)
2019-10-09 13:13:43,441 [pool-450-thread-1] INFO  impl.RaftServerImpl (RaftServerImpl.java:<init>(95)) - 162534dc-93d9-4206-ab1e-9268955c7aca: new RaftServerImpl for group-7276B70EB406:[96acbf61-3ece-4d83-9836-a217fb58817a:192.168.5.175:35650, 162534dc-93d9-4206-ab1e-9268955c7aca:192.168.5.175:32957, 869fbf5b-cbbd-43c6-9f26-156c5192e660:192.168.5.175:43498] with ContainerStateMachine:uninitialized
2019-10-09 13:13:43,441 [pool-440-thread-1] INFO  server.RaftServerConfigKeys (ConfUtils.java:logGet(43)) - raft.server.rpc.timeout.max = 5200ms (custom)
2019-10-09 13:13:43,441 [pool-450-thread-1] INFO  server.RaftServerConfigKeys (ConfUtils.java:logGet(43)) - raft.server.rpc.timeout.min = 5s (custom)
2019-10-09 13:13:43,441 [pool-450-thread-1] INFO  server.RaftServerConfigKeys (ConfUtils.java:logGet(43)) - raft.server.rpc.timeout.max = 5200ms (custom)
2019-10-09 13:13:43,441 [pool-420-thread-1] INFO  server.RaftServerConfigKeys (ConfUtils.java:logGet(43)) - raft.server.log.appender.install.snapshot.enabled = false (custom)
2019-10-09 13:13:43,441 [pool-450-thread-1] INFO  server.RaftServerConfigKeys (ConfUtils.java:logGet(43)) - raft.server.rpcslowness.timeout = 120s (custom)
2019-10-09 13:13:43,441 [pool-450-thread-1] INFO  server.RaftServerConfigKeys (ConfUtils.java:logGet(43)) - raft.server.sleep.deviation.threshold = 300 (default)
2019-10-09 13:13:43,441 [pool-440-thread-1] INFO  server.RaftServerConfigKeys (ConfUtils.java:logGet(43)) - raft.server.rpcslowness.timeout = 120s (custom)
2019-10-09 13:13:43,441 [pool-450-thread-1] INFO  server.RaftServerConfigKeys (ConfUtils.java:logGet(43)) - raft.server.log.appender.install.snapshot.enabled = false (custom)
2019-10-09 13:13:43,441 [pool-420-thread-1] INFO  impl.RaftServerImpl (ServerState.java:<init>(103)) - 96acbf61-3ece-4d83-9836-a217fb58817a@group-7276B70EB406: ConfigurationManager, init=-1: [96acbf61-3ece-4d83-9836-a217fb58817a:192.168.5.175:35650, 162534dc-93d9-4206-ab1e-9268955c7aca:192.168.5.175:32957, 869fbf5b-cbbd-43c6-9f26-156c5192e660:192.168.5.175:43498], old=null, confs=<EMPTY_MAP>
2019-10-09 13:13:43,442 [pool-450-thread-1] INFO  impl.RaftServerImpl (ServerState.java:<init>(103)) - 162534dc-93d9-4206-ab1e-9268955c7aca@group-7276B70EB406: ConfigurationManager, init=-1: [96acbf61-3ece-4d83-9836-a217fb58817a:192.168.5.175:35650, 162534dc-93d9-4206-ab1e-9268955c7aca:192.168.5.175:32957, 869fbf5b-cbbd-43c6-9f26-156c5192e660:192.168.5.175:43498], old=null, confs=<EMPTY_MAP>
2019-10-09 13:13:43,442 [pool-440-thread-1] INFO  server.RaftServerConfigKeys (ConfUtils.java:logGet(43)) - raft.server.sleep.deviation.threshold = 300 (default)
2019-10-09 13:13:43,442 [pool-450-thread-1] INFO  server.RaftServerConfigKeys (ConfUtils.java:logGet(43)) - raft.server.storage.dir = [/workdir/hadoop-ozone/integration-test/target/test-dir/MiniOzoneClusterImpl-77992fd3-8e8a-426b-8566-445f44124f00/datanode-4/data/ratis] (custom)
2019-10-09 13:13:43,442 [pool-420-thread-1] INFO  server.RaftServerConfigKeys (ConfUtils.java:logGet(43)) - raft.server.storage.dir = [/workdir/hadoop-ozone/integration-test/target/test-dir/MiniOzoneClusterImpl-77992fd3-8e8a-426b-8566-445f44124f00/datanode-1/data/ratis] (custom)
2019-10-09 13:13:43,442 [pool-440-thread-1] INFO  server.RaftServerConfigKeys (ConfUtils.java:logGet(43)) - raft.server.log.appender.install.snapshot.enabled = false (custom)
2019-10-09 13:13:43,442 [pool-450-thread-1] INFO  storage.RaftStorageDirectory (RaftStorageDirectory.java:analyzeStorage(246)) - The storage directory /workdir/hadoop-ozone/integration-test/target/test-dir/MiniOzoneClusterImpl-77992fd3-8e8a-426b-8566-445f44124f00/datanode-4/data/ratis/78be2bcb-ce7b-4110-8ea2-7276b70eb406 does not exist. Creating ...
2019-10-09 13:13:43,443 [pool-440-thread-1] INFO  impl.RaftServerImpl (ServerState.java:<init>(103)) - 869fbf5b-cbbd-43c6-9f26-156c5192e660@group-7276B70EB406: ConfigurationManager, init=-1: [96acbf61-3ece-4d83-9836-a217fb58817a:192.168.5.175:35650, 162534dc-93d9-4206-ab1e-9268955c7aca:192.168.5.175:32957, 869fbf5b-cbbd-43c6-9f26-156c5192e660:192.168.5.175:43498], old=null, confs=<EMPTY_MAP>
2019-10-09 13:13:43,443 [pool-420-thread-1] INFO  storage.RaftStorageDirectory (RaftStorageDirectory.java:analyzeStorage(246)) - The storage directory /workdir/hadoop-ozone/integration-test/target/test-dir/MiniOzoneClusterImpl-77992fd3-8e8a-426b-8566-445f44124f00/datanode-1/data/ratis/78be2bcb-ce7b-4110-8ea2-7276b70eb406 does not exist. Creating ...
2019-10-09 13:13:43,443 [pool-440-thread-1] INFO  server.RaftServerConfigKeys (ConfUtils.java:logGet(43)) - raft.server.storage.dir = [/workdir/hadoop-ozone/integration-test/target/test-dir/MiniOzoneClusterImpl-77992fd3-8e8a-426b-8566-445f44124f00/datanode-3/data/ratis] (custom)
2019-10-09 13:13:43,443 [pool-440-thread-1] INFO  storage.RaftStorageDirectory (RaftStorageDirectory.java:analyzeStorage(246)) - The storage directory /workdir/hadoop-ozone/integration-test/target/test-dir/MiniOzoneClusterImpl-77992fd3-8e8a-426b-8566-445f44124f00/datanode-3/data/ratis/78be2bcb-ce7b-4110-8ea2-7276b70eb406 does not exist. Creating ...
2019-10-09 13:13:43,456 [pool-440-thread-1] INFO  storage.RaftStorageDirectory (RaftStorageDirectory.java:tryLock(328)) - Lock on /workdir/hadoop-ozone/integration-test/target/test-dir/MiniOzoneClusterImpl-77992fd3-8e8a-426b-8566-445f44124f00/datanode-3/data/ratis/78be2bcb-ce7b-4110-8ea2-7276b70eb406/in_use.lock acquired by nodename 6401@pr-hdds-1569-mfl88-1504498049
2019-10-09 13:13:43,456 [pool-420-thread-1] INFO  storage.RaftStorageDirectory (RaftStorageDirectory.java:tryLock(328)) - Lock on /workdir/hadoop-ozone/integration-test/target/test-dir/MiniOzoneClusterImpl-77992fd3-8e8a-426b-8566-445f44124f00/datanode-1/data/ratis/78be2bcb-ce7b-4110-8ea2-7276b70eb406/in_use.lock acquired by nodename 6401@pr-hdds-1569-mfl88-1504498049
2019-10-09 13:13:43,456 [pool-450-thread-1] INFO  storage.RaftStorageDirectory (RaftStorageDirectory.java:tryLock(328)) - Lock on /workdir/hadoop-ozone/integration-test/target/test-dir/MiniOzoneClusterImpl-77992fd3-8e8a-426b-8566-445f44124f00/datanode-4/data/ratis/78be2bcb-ce7b-4110-8ea2-7276b70eb406/in_use.lock acquired by nodename 6401@pr-hdds-1569-mfl88-1504498049
2019-10-09 13:13:43,469 [pool-440-thread-1] INFO  storage.RaftStorage (RaftStorage.java:format(72)) - Storage directory /workdir/hadoop-ozone/integration-test/target/test-dir/MiniOzoneClusterImpl-77992fd3-8e8a-426b-8566-445f44124f00/datanode-3/data/ratis/78be2bcb-ce7b-4110-8ea2-7276b70eb406 has been successfully formatted.
2019-10-09 13:13:43,469 [pool-420-thread-1] INFO  storage.RaftStorage (RaftStorage.java:format(72)) - Storage directory /workdir/hadoop-ozone/integration-test/target/test-dir/MiniOzoneClusterImpl-77992fd3-8e8a-426b-8566-445f44124f00/datanode-1/data/ratis/78be2bcb-ce7b-4110-8ea2-7276b70eb406 has been successfully formatted.
2019-10-09 13:13:43,469 [pool-450-thread-1] INFO  storage.RaftStorage (RaftStorage.java:format(72)) - Storage directory /workdir/hadoop-ozone/integration-test/target/test-dir/MiniOzoneClusterImpl-77992fd3-8e8a-426b-8566-445f44124f00/datanode-4/data/ratis/78be2bcb-ce7b-4110-8ea2-7276b70eb406 has been successfully formatted.
2019-10-09 13:13:43,469 [pool-440-thread-1] INFO  ratis.ContainerStateMachine (ContainerStateMachine.java:loadSnapshot(230)) - group-7276B70EB406: The snapshot info is null. Setting the last applied indexto:(t:0, i:~)
2019-10-09 13:13:43,470 [pool-450-thread-1] INFO  ratis.ContainerStateMachine (ContainerStateMachine.java:loadSnapshot(230)) - group-7276B70EB406: The snapshot info is null. Setting the last applied indexto:(t:0, i:~)
2019-10-09 13:13:43,470 [pool-420-thread-1] INFO  ratis.ContainerStateMachine (ContainerStateMachine.java:loadSnapshot(230)) - group-7276B70EB406: The snapshot info is null. Setting the last applied indexto:(t:0, i:~)
2019-10-09 13:13:43,470 [pool-450-thread-1] INFO  server.RaftServerConfigKeys (ConfUtils.java:logGet(43)) - raft.server.notification.no-leader.timeout = 120s (custom)
2019-10-09 13:13:43,470 [pool-440-thread-1] INFO  server.RaftServerConfigKeys (ConfUtils.java:logGet(43)) - raft.server.notification.no-leader.timeout = 120s (custom)
2019-10-09 13:13:43,470 [pool-450-thread-1] INFO  server.RaftServerConfigKeys (ConfUtils.java:logGet(43)) - raft.server.log.use.memory = false (default)
2019-10-09 13:13:43,470 [pool-420-thread-1] INFO  server.RaftServerConfigKeys (ConfUtils.java:logGet(43)) - raft.server.notification.no-leader.timeout = 120s (custom)
2019-10-09 13:13:43,470 [pool-450-thread-1] INFO  server.RaftServerConfigKeys (ConfUtils.java:logGet(43)) - raft.server.log.purge.gap = 1000000 (custom)
2019-10-09 13:13:43,470 [pool-440-thread-1] INFO  server.RaftServerConfigKeys (ConfUtils.java:logGet(43)) - raft.server.log.use.memory = false (default)
2019-10-09 13:13:43,470 [pool-450-thread-1] INFO  server.RaftServerConfigKeys (ConfUtils.java:logGet(43)) - raft.server.log.appender.buffer.byte-limit = 33554432 (custom)
2019-10-09 13:13:43,470 [pool-420-thread-1] INFO  server.RaftServerConfigKeys (ConfUtils.java:logGet(43)) - raft.server.log.use.memory = false (default)
2019-10-09 13:13:43,471 [pool-450-thread-1] INFO  server.RaftServerConfigKeys (ConfUtils.java:logGet(43)) - raft.server.log.segment.size.max = 1048576 (custom)
2019-10-09 13:13:43,471 [pool-440-thread-1] INFO  server.RaftServerConfigKeys (ConfUtils.java:logGet(43)) - raft.server.log.purge.gap = 1000000 (custom)
2019-10-09 13:13:43,471 [pool-450-thread-1] INFO  server.RaftServerConfigKeys (ConfUtils.java:logGet(43)) - raft.server.log.segment.cache.num.max = 2 (custom)
2019-10-09 13:13:43,471 [pool-420-thread-1] INFO  server.RaftServerConfigKeys (ConfUtils.java:logGet(43)) - raft.server.log.purge.gap = 1000000 (custom)
2019-10-09 13:13:43,471 [pool-450-thread-1] INFO  segmented.SegmentedRaftLogWorker (SegmentedRaftLogWorker.java:<init>(172)) - new 162534dc-93d9-4206-ab1e-9268955c7aca@group-7276B70EB406-SegmentedRaftLogWorker for RaftStorage:Storage Directory /workdir/hadoop-ozone/integration-test/target/test-dir/MiniOzoneClusterImpl-77992fd3-8e8a-426b-8566-445f44124f00/datanode-4/data/ratis/78be2bcb-ce7b-4110-8ea2-7276b70eb406
2019-10-09 13:13:43,471 [pool-440-thread-1] INFO  server.RaftServerConfigKeys (ConfUtils.java:logGet(43)) - raft.server.log.appender.buffer.byte-limit = 33554432 (custom)
2019-10-09 13:13:43,471 [pool-450-thread-1] INFO  server.RaftServerConfigKeys (ConfUtils.java:logGet(43)) - raft.server.log.queue.byte-limit = 2147483647 (custom)
2019-10-09 13:13:43,471 [pool-420-thread-1] INFO  server.RaftServerConfigKeys (ConfUtils.java:logGet(43)) - raft.server.log.appender.buffer.byte-limit = 33554432 (custom)
2019-10-09 13:13:43,472 [pool-450-thread-1] INFO  server.RaftServerConfigKeys (ConfUtils.java:logGet(43)) - raft.server.log.queue.element-limit = 1024 (custom)
2019-10-09 13:13:43,472 [pool-440-thread-1] INFO  server.RaftServerConfigKeys (ConfUtils.java:logGet(43)) - raft.server.log.segment.size.max = 1048576 (custom)
2019-10-09 13:13:43,472 [pool-450-thread-1] INFO  server.RaftServerConfigKeys (ConfUtils.java:logGet(43)) - raft.server.log.segment.size.max = 1048576 (custom)
2019-10-09 13:13:43,472 [pool-420-thread-1] INFO  server.RaftServerConfigKeys (ConfUtils.java:logGet(43)) - raft.server.log.segment.size.max = 1048576 (custom)
2019-10-09 13:13:43,472 [pool-450-thread-1] INFO  server.RaftServerConfigKeys (ConfUtils.java:logGet(43)) - raft.server.log.preallocated.size = 16384 (custom)
2019-10-09 13:13:43,472 [pool-450-thread-1] INFO  server.RaftServerConfigKeys (ConfUtils.java:logGet(43)) - raft.server.log.write.buffer.size = 33554432 (custom)
2019-10-09 13:13:43,472 [pool-440-thread-1] INFO  server.RaftServerConfigKeys (ConfUtils.java:logGet(43)) - raft.server.log.segment.cache.num.max = 2 (custom)
2019-10-09 13:13:43,473 [pool-450-thread-1] INFO  server.RaftServerConfigKeys (ConfUtils.java:logGet(43)) - raft.server.log.force.sync.num = 128 (default)
2019-10-09 13:13:43,472 [pool-420-thread-1] INFO  server.RaftServerConfigKeys (ConfUtils.java:logGet(43)) - raft.server.log.segment.cache.num.max = 2 (custom)
2019-10-09 13:13:43,473 [pool-450-thread-1] INFO  server.RaftServerConfigKeys (ConfUtils.java:logGet(43)) - raft.server.log.statemachine.data.sync = true (default)
2019-10-09 13:13:43,473 [pool-440-thread-1] INFO  segmented.SegmentedRaftLogWorker (SegmentedRaftLogWorker.java:<init>(172)) - new 869fbf5b-cbbd-43c6-9f26-156c5192e660@group-7276B70EB406-SegmentedRaftLogWorker for RaftStorage:Storage Directory /workdir/hadoop-ozone/integration-test/target/test-dir/MiniOzoneClusterImpl-77992fd3-8e8a-426b-8566-445f44124f00/datanode-3/data/ratis/78be2bcb-ce7b-4110-8ea2-7276b70eb406
2019-10-09 13:13:43,473 [pool-450-thread-1] INFO  server.RaftServerConfigKeys (ConfUtils.java:logGet(43)) - raft.server.log.statemachine.data.sync.timeout = 10s (default)
2019-10-09 13:13:43,473 [pool-450-thread-1] INFO  server.RaftServerConfigKeys (ConfUtils.java:logGet(43)) - raft.server.log.statemachine.data.sync.timeout.retry = -1 (default)
2019-10-09 13:13:43,473 [pool-420-thread-1] INFO  segmented.SegmentedRaftLogWorker (SegmentedRaftLogWorker.java:<init>(172)) - new 96acbf61-3ece-4d83-9836-a217fb58817a@group-7276B70EB406-SegmentedRaftLogWorker for RaftStorage:Storage Directory /workdir/hadoop-ozone/integration-test/target/test-dir/MiniOzoneClusterImpl-77992fd3-8e8a-426b-8566-445f44124f00/datanode-1/data/ratis/78be2bcb-ce7b-4110-8ea2-7276b70eb406
2019-10-09 13:13:43,473 [pool-450-thread-1] INFO  server.RaftServerConfigKeys (ConfUtils.java:logGet(43)) - raft.server.log.statemachine.data.caching.enabled = true (custom)
2019-10-09 13:13:43,473 [pool-440-thread-1] INFO  server.RaftServerConfigKeys (ConfUtils.java:logGet(43)) - raft.server.log.queue.byte-limit = 2147483647 (custom)
2019-10-09 13:13:43,474 [pool-450-thread-1] INFO  segmented.SegmentedRaftLogWorker (SegmentedRaftLogWorker.java:lambda$new$0(132)) - 162534dc-93d9-4206-ab1e-9268955c7aca@group-7276B70EB406-SegmentedRaftLogWorker: flushIndex: setUnconditionally 0 -> -1
2019-10-09 13:13:43,474 [pool-420-thread-1] INFO  server.RaftServerConfigKeys (ConfUtils.java:logGet(43)) - raft.server.log.queue.byte-limit = 2147483647 (custom)
2019-10-09 13:13:43,474 [pool-450-thread-1] INFO  server.RaftServerConfigKeys (ConfUtils.java:logGet(43)) - raft.server.snapshot.auto.trigger.enabled = true (custom)
2019-10-09 13:13:43,474 [pool-440-thread-1] INFO  server.RaftServerConfigKeys (ConfUtils.java:logGet(43)) - raft.server.log.queue.element-limit = 1024 (custom)
2019-10-09 13:13:43,474 [pool-450-thread-1] INFO  server.RaftServerConfigKeys (ConfUtils.java:logGet(43)) - raft.server.snapshot.auto.trigger.threshold = 10000 (custom)
2019-10-09 13:13:43,474 [pool-420-thread-1] INFO  server.RaftServerConfigKeys (ConfUtils.java:logGet(43)) - raft.server.log.queue.element-limit = 1024 (custom)
2019-10-09 13:13:43,474 [pool-450-thread-1] INFO  server.RaftServerConfigKeys (ConfUtils.java:logGet(43)) - raft.server.snapshot.retention.num.files = 5 (custom)
2019-10-09 13:13:43,474 [pool-440-thread-1] INFO  server.RaftServerConfigKeys (ConfUtils.java:logGet(43)) - raft.server.log.segment.size.max = 1048576 (custom)
2019-10-09 13:13:43,475 [pool-450-thread-1] INFO  server.RaftServerConfigKeys (ConfUtils.java:logGet(43)) - raft.server.retrycache.expirytime = 600000ms (custom)
2019-10-09 13:13:43,475 [pool-420-thread-1] INFO  server.RaftServerConfigKeys (ConfUtils.java:logGet(43)) - raft.server.log.segment.size.max = 1048576 (custom)
2019-10-09 13:13:43,475 [pool-440-thread-1] INFO  server.RaftServerConfigKeys (ConfUtils.java:logGet(43)) - raft.server.log.preallocated.size = 16384 (custom)
2019-10-09 13:13:43,475 [pool-420-thread-1] INFO  server.RaftServerConfigKeys (ConfUtils.java:logGet(43)) - raft.server.log.preallocated.size = 16384 (custom)
2019-10-09 13:13:43,475 [pool-440-thread-1] INFO  server.RaftServerConfigKeys (ConfUtils.java:logGet(43)) - raft.server.log.write.buffer.size = 33554432 (custom)
2019-10-09 13:13:43,475 [pool-420-thread-1] INFO  server.RaftServerConfigKeys (ConfUtils.java:logGet(43)) - raft.server.log.write.buffer.size = 33554432 (custom)
2019-10-09 13:13:43,475 [pool-440-thread-1] INFO  server.RaftServerConfigKeys (ConfUtils.java:logGet(43)) - raft.server.log.force.sync.num = 128 (default)
2019-10-09 13:13:43,476 [pool-420-thread-1] INFO  server.RaftServerConfigKeys (ConfUtils.java:logGet(43)) - raft.server.log.force.sync.num = 128 (default)
2019-10-09 13:13:43,476 [pool-440-thread-1] INFO  server.RaftServerConfigKeys (ConfUtils.java:logGet(43)) - raft.server.log.statemachine.data.sync = true (default)
2019-10-09 13:13:43,476 [pool-420-thread-1] INFO  server.RaftServerConfigKeys (ConfUtils.java:logGet(43)) - raft.server.log.statemachine.data.sync = true (default)
2019-10-09 13:13:43,476 [pool-450-thread-1] INFO  impl.RaftServerImpl (RaftServerImpl.java:start(185)) - 162534dc-93d9-4206-ab1e-9268955c7aca@group-7276B70EB406: start as a follower, conf=-1: [96acbf61-3ece-4d83-9836-a217fb58817a:192.168.5.175:35650, 162534dc-93d9-4206-ab1e-9268955c7aca:192.168.5.175:32957, 869fbf5b-cbbd-43c6-9f26-156c5192e660:192.168.5.175:43498], old=null
2019-10-09 13:13:43,476 [pool-440-thread-1] INFO  server.RaftServerConfigKeys (ConfUtils.java:logGet(43)) - raft.server.log.statemachine.data.sync.timeout = 10s (default)
2019-10-09 13:13:43,476 [pool-450-thread-1] INFO  impl.RaftServerImpl (RaftServerImpl.java:setRole(174)) - 162534dc-93d9-4206-ab1e-9268955c7aca@group-7276B70EB406: changes role from      null to FOLLOWER at term 0 for startAsFollower
2019-10-09 13:13:43,476 [pool-420-thread-1] INFO  server.RaftServerConfigKeys (ConfUtils.java:logGet(43)) - raft.server.log.statemachine.data.sync.timeout = 10s (default)
2019-10-09 13:13:43,476 [pool-450-thread-1] INFO  impl.RoleInfo (RoleInfo.java:updateAndGet(143)) - 162534dc-93d9-4206-ab1e-9268955c7aca: start FollowerState
2019-10-09 13:13:43,476 [pool-440-thread-1] INFO  server.RaftServerConfigKeys (ConfUtils.java:logGet(43)) - raft.server.log.statemachine.data.sync.timeout.retry = -1 (default)
2019-10-09 13:13:43,477 [pool-420-thread-1] INFO  server.RaftServerConfigKeys (ConfUtils.java:logGet(43)) - raft.server.log.statemachine.data.sync.timeout.retry = -1 (default)
2019-10-09 13:13:43,477 [pool-450-thread-1] INFO  util.JmxRegister (JmxRegister.java:tryRegister(44)) - Successfully registered JMX Bean with object name Ratis:service=RaftServer,group=group-7276B70EB406,id=162534dc-93d9-4206-ab1e-9268955c7aca
2019-10-09 13:13:43,477 [pool-440-thread-1] INFO  server.RaftServerConfigKeys (ConfUtils.java:logGet(43)) - raft.server.log.statemachine.data.caching.enabled = true (custom)
2019-10-09 13:13:43,477 [pool-420-thread-1] INFO  server.RaftServerConfigKeys (ConfUtils.java:logGet(43)) - raft.server.log.statemachine.data.caching.enabled = true (custom)
2019-10-09 13:13:43,477 [pool-440-thread-1] INFO  segmented.SegmentedRaftLogWorker (SegmentedRaftLogWorker.java:lambda$new$0(132)) - 869fbf5b-cbbd-43c6-9f26-156c5192e660@group-7276B70EB406-SegmentedRaftLogWorker: flushIndex: setUnconditionally 0 -> -1
2019-10-09 13:13:43,477 [pool-420-thread-1] INFO  segmented.SegmentedRaftLogWorker (SegmentedRaftLogWorker.java:lambda$new$0(132)) - 96acbf61-3ece-4d83-9836-a217fb58817a@group-7276B70EB406-SegmentedRaftLogWorker: flushIndex: setUnconditionally 0 -> -1
2019-10-09 13:13:43,478 [pool-440-thread-1] INFO  server.RaftServerConfigKeys (ConfUtils.java:logGet(43)) - raft.server.snapshot.auto.trigger.enabled = true (custom)
2019-10-09 13:13:43,478 [pool-440-thread-1] INFO  server.RaftServerConfigKeys (ConfUtils.java:logGet(43)) - raft.server.snapshot.auto.trigger.threshold = 10000 (custom)
2019-10-09 13:13:43,478 [pool-440-thread-1] INFO  server.RaftServerConfigKeys (ConfUtils.java:logGet(43)) - raft.server.snapshot.retention.num.files = 5 (custom)
2019-10-09 13:13:43,478 [pool-420-thread-1] INFO  server.RaftServerConfigKeys (ConfUtils.java:logGet(43)) - raft.server.snapshot.auto.trigger.enabled = true (custom)
2019-10-09 13:13:43,478 [pool-440-thread-1] INFO  server.RaftServerConfigKeys (ConfUtils.java:logGet(43)) - raft.server.retrycache.expirytime = 600000ms (custom)
2019-10-09 13:13:43,478 [pool-420-thread-1] INFO  server.RaftServerConfigKeys (ConfUtils.java:logGet(43)) - raft.server.snapshot.auto.trigger.threshold = 10000 (custom)
2019-10-09 13:13:43,478 [pool-420-thread-1] INFO  server.RaftServerConfigKeys (ConfUtils.java:logGet(43)) - raft.server.snapshot.retention.num.files = 5 (custom)
2019-10-09 13:13:43,479 [pool-420-thread-1] INFO  server.RaftServerConfigKeys (ConfUtils.java:logGet(43)) - raft.server.retrycache.expirytime = 600000ms (custom)
2019-10-09 13:13:43,480 [pool-440-thread-1] INFO  impl.RaftServerImpl (RaftServerImpl.java:start(185)) - 869fbf5b-cbbd-43c6-9f26-156c5192e660@group-7276B70EB406: start as a follower, conf=-1: [96acbf61-3ece-4d83-9836-a217fb58817a:192.168.5.175:35650, 162534dc-93d9-4206-ab1e-9268955c7aca:192.168.5.175:32957, 869fbf5b-cbbd-43c6-9f26-156c5192e660:192.168.5.175:43498], old=null
2019-10-09 13:13:43,480 [pool-440-thread-1] INFO  impl.RaftServerImpl (RaftServerImpl.java:setRole(174)) - 869fbf5b-cbbd-43c6-9f26-156c5192e660@group-7276B70EB406: changes role from      null to FOLLOWER at term 0 for startAsFollower
2019-10-09 13:13:43,480 [pool-440-thread-1] INFO  impl.RoleInfo (RoleInfo.java:updateAndGet(143)) - 869fbf5b-cbbd-43c6-9f26-156c5192e660: start FollowerState
2019-10-09 13:13:43,480 [pool-440-thread-1] INFO  util.JmxRegister (JmxRegister.java:tryRegister(44)) - Successfully registered JMX Bean with object name Ratis:service=RaftServer,group=group-7276B70EB406,id=869fbf5b-cbbd-43c6-9f26-156c5192e660
2019-10-09 13:13:43,481 [pool-420-thread-1] INFO  impl.RaftServerImpl (RaftServerImpl.java:start(185)) - 96acbf61-3ece-4d83-9836-a217fb58817a@group-7276B70EB406: start as a follower, conf=-1: [96acbf61-3ece-4d83-9836-a217fb58817a:192.168.5.175:35650, 162534dc-93d9-4206-ab1e-9268955c7aca:192.168.5.175:32957, 869fbf5b-cbbd-43c6-9f26-156c5192e660:192.168.5.175:43498], old=null
2019-10-09 13:13:43,481 [pool-420-thread-1] INFO  impl.RaftServerImpl (RaftServerImpl.java:setRole(174)) - 96acbf61-3ece-4d83-9836-a217fb58817a@group-7276B70EB406: changes role from      null to FOLLOWER at term 0 for startAsFollower
2019-10-09 13:13:43,481 [pool-420-thread-1] INFO  impl.RoleInfo (RoleInfo.java:updateAndGet(143)) - 96acbf61-3ece-4d83-9836-a217fb58817a: start FollowerState
2019-10-09 13:13:43,496 [pool-420-thread-1] INFO  util.JmxRegister (JmxRegister.java:tryRegister(44)) - Successfully registered JMX Bean with object name Ratis:service=RaftServer,group=group-7276B70EB406,id=96acbf61-3ece-4d83-9836-a217fb58817a
2019-10-09 13:13:43,497 [RatisPipelineUtilsThread] INFO  pipeline.PipelineStateManager (PipelineStateManager.java:addPipeline(56)) - Created pipeline Pipeline[ Id: 78be2bcb-ce7b-4110-8ea2-7276b70eb406, Nodes: 96acbf61-3ece-4d83-9836-a217fb58817a{ip: 192.168.5.175, host: pr-hdds-1569-mfl88-1504498049, networkLocation: /default-rack, certSerialId: null}869fbf5b-cbbd-43c6-9f26-156c5192e660{ip: 192.168.5.175, host: pr-hdds-1569-mfl88-1504498049, networkLocation: /default-rack, certSerialId: null}162534dc-93d9-4206-ab1e-9268955c7aca{ip: 192.168.5.175, host: pr-hdds-1569-mfl88-1504498049, networkLocation: /default-rack, certSerialId: null}, Type:RATIS, Factor:THREE, State:OPEN]
2019-10-09 13:13:43,501 [grpc-default-executor-35] INFO  impl.RaftServerProxy (RaftServerProxy.java:addNew(89)) - 869fbf5b-cbbd-43c6-9f26-156c5192e660: addNew group-014983823A3D:[162534dc-93d9-4206-ab1e-9268955c7aca:192.168.5.175:32957, 96acbf61-3ece-4d83-9836-a217fb58817a:192.168.5.175:35650, 869fbf5b-cbbd-43c6-9f26-156c5192e660:192.168.5.175:43498] returns group-014983823A3D:java.util.concurrent.CompletableFuture@3e8b729d[Not completed]
2019-10-09 13:13:43,501 [grpc-default-executor-15] INFO  impl.RaftServerProxy (RaftServerProxy.java:addNew(89)) - 162534dc-93d9-4206-ab1e-9268955c7aca: addNew group-014983823A3D:[162534dc-93d9-4206-ab1e-9268955c7aca:192.168.5.175:32957, 96acbf61-3ece-4d83-9836-a217fb58817a:192.168.5.175:35650, 869fbf5b-cbbd-43c6-9f26-156c5192e660:192.168.5.175:43498] returns group-014983823A3D:java.util.concurrent.CompletableFuture@1e3e8c43[Not completed]
2019-10-09 13:13:43,501 [grpc-default-executor-34] INFO  impl.RaftServerProxy (RaftServerProxy.java:addNew(89)) - 96acbf61-3ece-4d83-9836-a217fb58817a: addNew group-014983823A3D:[162534dc-93d9-4206-ab1e-9268955c7aca:192.168.5.175:32957, 96acbf61-3ece-4d83-9836-a217fb58817a:192.168.5.175:35650, 869fbf5b-cbbd-43c6-9f26-156c5192e660:192.168.5.175:43498] returns group-014983823A3D:java.util.concurrent.CompletableFuture@ed2f1f1[Not completed]
2019-10-09 13:13:43,502 [pool-440-thread-1] INFO  impl.RaftServerImpl (RaftServerImpl.java:<init>(95)) - 869fbf5b-cbbd-43c6-9f26-156c5192e660: new RaftServerImpl for group-014983823A3D:[162534dc-93d9-4206-ab1e-9268955c7aca:192.168.5.175:32957, 96acbf61-3ece-4d83-9836-a217fb58817a:192.168.5.175:35650, 869fbf5b-cbbd-43c6-9f26-156c5192e660:192.168.5.175:43498] with ContainerStateMachine:uninitialized
2019-10-09 13:13:43,502 [pool-440-thread-1] INFO  server.RaftServerConfigKeys (ConfUtils.java:logGet(43)) - raft.server.rpc.timeout.min = 5s (custom)
2019-10-09 13:13:43,502 [pool-440-thread-1] INFO  server.RaftServerConfigKeys (ConfUtils.java:logGet(43)) - raft.server.rpc.timeout.max = 5200ms (custom)
2019-10-09 13:13:43,503 [pool-440-thread-1] INFO  server.RaftServerConfigKeys (ConfUtils.java:logGet(43)) - raft.server.rpcslowness.timeout = 120s (custom)
2019-10-09 13:13:43,503 [pool-440-thread-1] INFO  server.RaftServerConfigKeys (ConfUtils.java:logGet(43)) - raft.server.sleep.deviation.threshold = 300 (default)
2019-10-09 13:13:43,503 [pool-440-thread-1] INFO  server.RaftServerConfigKeys (ConfUtils.java:logGet(43)) - raft.server.log.appender.install.snapshot.enabled = false (custom)
2019-10-09 13:13:43,503 [pool-440-thread-1] INFO  impl.RaftServerImpl (ServerState.java:<init>(103)) - 869fbf5b-cbbd-43c6-9f26-156c5192e660@group-014983823A3D: ConfigurationManager, init=-1: [162534dc-93d9-4206-ab1e-9268955c7aca:192.168.5.175:32957, 96acbf61-3ece-4d83-9836-a217fb58817a:192.168.5.175:35650, 869fbf5b-cbbd-43c6-9f26-156c5192e660:192.168.5.175:43498], old=null, confs=<EMPTY_MAP>
2019-10-09 13:13:43,503 [pool-440-thread-1] INFO  server.RaftServerConfigKeys (ConfUtils.java:logGet(43)) - raft.server.storage.dir = [/workdir/hadoop-ozone/integration-test/target/test-dir/MiniOzoneClusterImpl-77992fd3-8e8a-426b-8566-445f44124f00/datanode-3/data/ratis] (custom)
2019-10-09 13:13:43,503 [pool-420-thread-1] INFO  impl.RaftServerImpl (RaftServerImpl.java:<init>(95)) - 96acbf61-3ece-4d83-9836-a217fb58817a: new RaftServerImpl for group-014983823A3D:[162534dc-93d9-4206-ab1e-9268955c7aca:192.168.5.175:32957, 96acbf61-3ece-4d83-9836-a217fb58817a:192.168.5.175:35650, 869fbf5b-cbbd-43c6-9f26-156c5192e660:192.168.5.175:43498] with ContainerStateMachine:uninitialized
2019-10-09 13:13:43,503 [pool-440-thread-1] INFO  storage.RaftStorageDirectory (RaftStorageDirectory.java:analyzeStorage(246)) - The storage directory /workdir/hadoop-ozone/integration-test/target/test-dir/MiniOzoneClusterImpl-77992fd3-8e8a-426b-8566-445f44124f00/datanode-3/data/ratis/0e7a749a-41d2-47c3-bf75-014983823a3d does not exist. Creating ...
2019-10-09 13:13:43,504 [pool-420-thread-1] INFO  server.RaftServerConfigKeys (ConfUtils.java:logGet(43)) - raft.server.rpc.timeout.min = 5s (custom)
2019-10-09 13:13:43,504 [pool-420-thread-1] INFO  server.RaftServerConfigKeys (ConfUtils.java:logGet(43)) - raft.server.rpc.timeout.max = 5200ms (custom)
2019-10-09 13:13:43,504 [pool-420-thread-1] INFO  server.RaftServerConfigKeys (ConfUtils.java:logGet(43)) - raft.server.rpcslowness.timeout = 120s (custom)
2019-10-09 13:13:43,504 [pool-450-thread-1] INFO  impl.RaftServerImpl (RaftServerImpl.java:<init>(95)) - 162534dc-93d9-4206-ab1e-9268955c7aca: new RaftServerImpl for group-014983823A3D:[162534dc-93d9-4206-ab1e-9268955c7aca:192.168.5.175:32957, 96acbf61-3ece-4d83-9836-a217fb58817a:192.168.5.175:35650, 869fbf5b-cbbd-43c6-9f26-156c5192e660:192.168.5.175:43498] with ContainerStateMachine:uninitialized
2019-10-09 13:13:43,504 [pool-420-thread-1] INFO  server.RaftServerConfigKeys (ConfUtils.java:logGet(43)) - raft.server.sleep.deviation.threshold = 300 (default)
2019-10-09 13:13:43,504 [pool-450-thread-1] INFO  server.RaftServerConfigKeys (ConfUtils.java:logGet(43)) - raft.server.rpc.timeout.min = 5s (custom)
2019-10-09 13:13:43,505 [pool-420-thread-1] INFO  server.RaftServerConfigKeys (ConfUtils.java:logGet(43)) - raft.server.log.appender.install.snapshot.enabled = false (custom)
2019-10-09 13:13:43,505 [pool-450-thread-1] INFO  server.RaftServerConfigKeys (ConfUtils.java:logGet(43)) - raft.server.rpc.timeout.max = 5200ms (custom)
2019-10-09 13:13:43,505 [pool-420-thread-1] INFO  impl.RaftServerImpl (ServerState.java:<init>(103)) - 96acbf61-3ece-4d83-9836-a217fb58817a@group-014983823A3D: ConfigurationManager, init=-1: [162534dc-93d9-4206-ab1e-9268955c7aca:192.168.5.175:32957, 96acbf61-3ece-4d83-9836-a217fb58817a:192.168.5.175:35650, 869fbf5b-cbbd-43c6-9f26-156c5192e660:192.168.5.175:43498], old=null, confs=<EMPTY_MAP>
2019-10-09 13:13:43,505 [pool-450-thread-1] INFO  server.RaftServerConfigKeys (ConfUtils.java:logGet(43)) - raft.server.rpcslowness.timeout = 120s (custom)
2019-10-09 13:13:43,505 [pool-420-thread-1] INFO  server.RaftServerConfigKeys (ConfUtils.java:logGet(43)) - raft.server.storage.dir = [/workdir/hadoop-ozone/integration-test/target/test-dir/MiniOzoneClusterImpl-77992fd3-8e8a-426b-8566-445f44124f00/datanode-1/data/ratis] (custom)
2019-10-09 13:13:43,505 [pool-450-thread-1] INFO  server.RaftServerConfigKeys (ConfUtils.java:logGet(43)) - raft.server.sleep.deviation.threshold = 300 (default)
2019-10-09 13:13:43,506 [pool-450-thread-1] INFO  server.RaftServerConfigKeys (ConfUtils.java:logGet(43)) - raft.server.log.appender.install.snapshot.enabled = false (custom)
2019-10-09 13:13:43,506 [pool-420-thread-1] INFO  storage.RaftStorageDirectory (RaftStorageDirectory.java:analyzeStorage(246)) - The storage directory /workdir/hadoop-ozone/integration-test/target/test-dir/MiniOzoneClusterImpl-77992fd3-8e8a-426b-8566-445f44124f00/datanode-1/data/ratis/0e7a749a-41d2-47c3-bf75-014983823a3d does not exist. Creating ...
2019-10-09 13:13:43,506 [pool-450-thread-1] INFO  impl.RaftServerImpl (ServerState.java:<init>(103)) - 162534dc-93d9-4206-ab1e-9268955c7aca@group-014983823A3D: ConfigurationManager, init=-1: [162534dc-93d9-4206-ab1e-9268955c7aca:192.168.5.175:32957, 96acbf61-3ece-4d83-9836-a217fb58817a:192.168.5.175:35650, 869fbf5b-cbbd-43c6-9f26-156c5192e660:192.168.5.175:43498], old=null, confs=<EMPTY_MAP>
2019-10-09 13:13:43,506 [pool-450-thread-1] INFO  server.RaftServerConfigKeys (ConfUtils.java:logGet(43)) - raft.server.storage.dir = [/workdir/hadoop-ozone/integration-test/target/test-dir/MiniOzoneClusterImpl-77992fd3-8e8a-426b-8566-445f44124f00/datanode-4/data/ratis] (custom)
2019-10-09 13:13:43,507 [pool-450-thread-1] INFO  storage.RaftStorageDirectory (RaftStorageDirectory.java:analyzeStorage(246)) - The storage directory /workdir/hadoop-ozone/integration-test/target/test-dir/MiniOzoneClusterImpl-77992fd3-8e8a-426b-8566-445f44124f00/datanode-4/data/ratis/0e7a749a-41d2-47c3-bf75-014983823a3d does not exist. Creating ...
2019-10-09 13:13:43,517 [pool-420-thread-1] INFO  storage.RaftStorageDirectory (RaftStorageDirectory.java:tryLock(328)) - Lock on /workdir/hadoop-ozone/integration-test/target/test-dir/MiniOzoneClusterImpl-77992fd3-8e8a-426b-8566-445f44124f00/datanode-1/data/ratis/0e7a749a-41d2-47c3-bf75-014983823a3d/in_use.lock acquired by nodename 6401@pr-hdds-1569-mfl88-1504498049
2019-10-09 13:13:43,517 [pool-450-thread-1] INFO  storage.RaftStorageDirectory (RaftStorageDirectory.java:tryLock(328)) - Lock on /workdir/hadoop-ozone/integration-test/target/test-dir/MiniOzoneClusterImpl-77992fd3-8e8a-426b-8566-445f44124f00/datanode-4/data/ratis/0e7a749a-41d2-47c3-bf75-014983823a3d/in_use.lock acquired by nodename 6401@pr-hdds-1569-mfl88-1504498049
2019-10-09 13:13:43,517 [pool-440-thread-1] INFO  storage.RaftStorageDirectory (RaftStorageDirectory.java:tryLock(328)) - Lock on /workdir/hadoop-ozone/integration-test/target/test-dir/MiniOzoneClusterImpl-77992fd3-8e8a-426b-8566-445f44124f00/datanode-3/data/ratis/0e7a749a-41d2-47c3-bf75-014983823a3d/in_use.lock acquired by nodename 6401@pr-hdds-1569-mfl88-1504498049
2019-10-09 13:13:43,517 [IPC Server handler 1 on 34501] INFO  net.NetworkTopology (NetworkTopologyImpl.java:add(111)) - Added a new node: /default-rack/06b07e7c-75e3-42cf-8216-e3337187b4bc
2019-10-09 13:13:43,517 [IPC Server handler 1 on 34501] INFO  node.SCMNodeManager (SCMNodeManager.java:register(266)) - Registered Data node : 06b07e7c-75e3-42cf-8216-e3337187b4bc{ip: 192.168.5.175, host: pr-hdds-1569-mfl88-1504498049, networkLocation: /default-rack, certSerialId: null}
2019-10-09 13:13:43,518 [main] INFO  ozone.MiniOzoneClusterImpl (MiniOzoneClusterImpl.java:lambda$waitForClusterToBeReady$0(147)) - Cluster is ready. Got 7 of 7 DN Heartbeats.
2019-10-09 13:13:43,531 [pool-450-thread-1] INFO  storage.RaftStorage (RaftStorage.java:format(72)) - Storage directory /workdir/hadoop-ozone/integration-test/target/test-dir/MiniOzoneClusterImpl-77992fd3-8e8a-426b-8566-445f44124f00/datanode-4/data/ratis/0e7a749a-41d2-47c3-bf75-014983823a3d has been successfully formatted.
2019-10-09 13:13:43,531 [pool-420-thread-1] INFO  storage.RaftStorage (RaftStorage.java:format(72)) - Storage directory /workdir/hadoop-ozone/integration-test/target/test-dir/MiniOzoneClusterImpl-77992fd3-8e8a-426b-8566-445f44124f00/datanode-1/data/ratis/0e7a749a-41d2-47c3-bf75-014983823a3d has been successfully formatted.
2019-10-09 13:13:43,531 [pool-440-thread-1] INFO  storage.RaftStorage (RaftStorage.java:format(72)) - Storage directory /workdir/hadoop-ozone/integration-test/target/test-dir/MiniOzoneClusterImpl-77992fd3-8e8a-426b-8566-445f44124f00/datanode-3/data/ratis/0e7a749a-41d2-47c3-bf75-014983823a3d has been successfully formatted.
2019-10-09 13:13:43,531 [pool-450-thread-1] INFO  ratis.ContainerStateMachine (ContainerStateMachine.java:loadSnapshot(230)) - group-014983823A3D: The snapshot info is null. Setting the last applied indexto:(t:0, i:~)
2019-10-09 13:13:43,534 [pool-440-thread-1] INFO  ratis.ContainerStateMachine (ContainerStateMachine.java:loadSnapshot(230)) - group-014983823A3D: The snapshot info is null. Setting the last applied indexto:(t:0, i:~)
2019-10-09 13:13:43,534 [pool-420-thread-1] INFO  ratis.ContainerStateMachine (ContainerStateMachine.java:loadSnapshot(230)) - group-014983823A3D: The snapshot info is null. Setting the last applied indexto:(t:0, i:~)
2019-10-09 13:13:43,534 [pool-440-thread-1] INFO  server.RaftServerConfigKeys (ConfUtils.java:logGet(43)) - raft.server.notification.no-leader.timeout = 120s (custom)
2019-10-09 13:13:43,549 [pool-440-thread-1] INFO  server.RaftServerConfigKeys (ConfUtils.java:logGet(43)) - raft.server.log.use.memory = false (default)
2019-10-09 13:13:43,534 [pool-450-thread-1] INFO  server.RaftServerConfigKeys (ConfUtils.java:logGet(43)) - raft.server.notification.no-leader.timeout = 120s (custom)
2019-10-09 13:13:43,549 [pool-440-thread-1] INFO  server.RaftServerConfigKeys (ConfUtils.java:logGet(43)) - raft.server.log.purge.gap = 1000000 (custom)
2019-10-09 13:13:43,549 [pool-440-thread-1] INFO  server.RaftServerConfigKeys (ConfUtils.java:logGet(43)) - raft.server.log.appender.buffer.byte-limit = 33554432 (custom)
2019-10-09 13:13:43,535 [pool-420-thread-1] INFO  server.RaftServerConfigKeys (ConfUtils.java:logGet(43)) - raft.server.notification.no-leader.timeout = 120s (custom)
2019-10-09 13:13:43,549 [pool-440-thread-1] INFO  server.RaftServerConfigKeys (ConfUtils.java:logGet(43)) - raft.server.log.segment.size.max = 1048576 (custom)
2019-10-09 13:13:43,549 [pool-450-thread-1] INFO  server.RaftServerConfigKeys (ConfUtils.java:logGet(43)) - raft.server.log.use.memory = false (default)
2019-10-09 13:13:43,550 [pool-440-thread-1] INFO  server.RaftServerConfigKeys (ConfUtils.java:logGet(43)) - raft.server.log.segment.cache.num.max = 2 (custom)
2019-10-09 13:13:43,550 [pool-440-thread-1] INFO  segmented.SegmentedRaftLogWorker (SegmentedRaftLogWorker.java:<init>(172)) - new 869fbf5b-cbbd-43c6-9f26-156c5192e660@group-014983823A3D-SegmentedRaftLogWorker for RaftStorage:Storage Directory /workdir/hadoop-ozone/integration-test/target/test-dir/MiniOzoneClusterImpl-77992fd3-8e8a-426b-8566-445f44124f00/datanode-3/data/ratis/0e7a749a-41d2-47c3-bf75-014983823a3d
2019-10-09 13:13:43,549 [pool-420-thread-1] INFO  server.RaftServerConfigKeys (ConfUtils.java:logGet(43)) - raft.server.log.use.memory = false (default)
2019-10-09 13:13:43,550 [pool-440-thread-1] INFO  server.RaftServerConfigKeys (ConfUtils.java:logGet(43)) - raft.server.log.queue.byte-limit = 2147483647 (custom)
2019-10-09 13:13:43,550 [pool-450-thread-1] INFO  server.RaftServerConfigKeys (ConfUtils.java:logGet(43)) - raft.server.log.purge.gap = 1000000 (custom)
2019-10-09 13:13:43,551 [pool-440-thread-1] INFO  server.RaftServerConfigKeys (ConfUtils.java:logGet(43)) - raft.server.log.queue.element-limit = 1024 (custom)
2019-10-09 13:13:43,551 [pool-440-thread-1] INFO  server.RaftServerConfigKeys (ConfUtils.java:logGet(43)) - raft.server.log.segment.size.max = 1048576 (custom)
2019-10-09 13:13:43,550 [pool-420-thread-1] INFO  server.RaftServerConfigKeys (ConfUtils.java:logGet(43)) - raft.server.log.purge.gap = 1000000 (custom)
2019-10-09 13:13:43,551 [pool-440-thread-1] INFO  server.RaftServerConfigKeys (ConfUtils.java:logGet(43)) - raft.server.log.preallocated.size = 16384 (custom)
2019-10-09 13:13:43,551 [pool-450-thread-1] INFO  server.RaftServerConfigKeys (ConfUtils.java:logGet(43)) - raft.server.log.appender.buffer.byte-limit = 33554432 (custom)
2019-10-09 13:13:43,553 [pool-440-thread-1] INFO  server.RaftServerConfigKeys (ConfUtils.java:logGet(43)) - raft.server.log.write.buffer.size = 33554432 (custom)
2019-10-09 13:13:43,551 [pool-420-thread-1] INFO  server.RaftServerConfigKeys (ConfUtils.java:logGet(43)) - raft.server.log.appender.buffer.byte-limit = 33554432 (custom)
2019-10-09 13:13:43,554 [pool-440-thread-1] INFO  server.RaftServerConfigKeys (ConfUtils.java:logGet(43)) - raft.server.log.force.sync.num = 128 (default)
2019-10-09 13:13:43,554 [pool-450-thread-1] INFO  server.RaftServerConfigKeys (ConfUtils.java:logGet(43)) - raft.server.log.segment.size.max = 1048576 (custom)
2019-10-09 13:13:43,554 [pool-440-thread-1] INFO  server.RaftServerConfigKeys (ConfUtils.java:logGet(43)) - raft.server.log.statemachine.data.sync = true (default)
2019-10-09 13:13:43,554 [pool-420-thread-1] INFO  server.RaftServerConfigKeys (ConfUtils.java:logGet(43)) - raft.server.log.segment.size.max = 1048576 (custom)
2019-10-09 13:13:43,554 [pool-440-thread-1] INFO  server.RaftServerConfigKeys (ConfUtils.java:logGet(43)) - raft.server.log.statemachine.data.sync.timeout = 10s (default)
2019-10-09 13:13:43,554 [pool-450-thread-1] INFO  server.RaftServerConfigKeys (ConfUtils.java:logGet(43)) - raft.server.log.segment.cache.num.max = 2 (custom)
2019-10-09 13:13:43,555 [main] INFO  rpc.RpcClient (RpcClient.java:createVolume(276)) - Creating Volume: testblockoutputstream, with jenkins1000 as owner.
2019-10-09 13:13:43,555 [pool-440-thread-1] INFO  server.RaftServerConfigKeys (ConfUtils.java:logGet(43)) - raft.server.log.statemachine.data.sync.timeout.retry = -1 (default)
2019-10-09 13:13:43,555 [pool-420-thread-1] INFO  server.RaftServerConfigKeys (ConfUtils.java:logGet(43)) - raft.server.log.segment.cache.num.max = 2 (custom)
2019-10-09 13:13:43,555 [pool-440-thread-1] INFO  server.RaftServerConfigKeys (ConfUtils.java:logGet(43)) - raft.server.log.statemachine.data.caching.enabled = true (custom)
2019-10-09 13:13:43,555 [pool-450-thread-1] INFO  segmented.SegmentedRaftLogWorker (SegmentedRaftLogWorker.java:<init>(172)) - new 162534dc-93d9-4206-ab1e-9268955c7aca@group-014983823A3D-SegmentedRaftLogWorker for RaftStorage:Storage Directory /workdir/hadoop-ozone/integration-test/target/test-dir/MiniOzoneClusterImpl-77992fd3-8e8a-426b-8566-445f44124f00/datanode-4/data/ratis/0e7a749a-41d2-47c3-bf75-014983823a3d
2019-10-09 13:13:43,556 [pool-440-thread-1] INFO  segmented.SegmentedRaftLogWorker (SegmentedRaftLogWorker.java:lambda$new$0(132)) - 869fbf5b-cbbd-43c6-9f26-156c5192e660@group-014983823A3D-SegmentedRaftLogWorker: flushIndex: setUnconditionally 0 -> -1
2019-10-09 13:13:43,556 [pool-420-thread-1] INFO  segmented.SegmentedRaftLogWorker (SegmentedRaftLogWorker.java:<init>(172)) - new 96acbf61-3ece-4d83-9836-a217fb58817a@group-014983823A3D-SegmentedRaftLogWorker for RaftStorage:Storage Directory /workdir/hadoop-ozone/integration-test/target/test-dir/MiniOzoneClusterImpl-77992fd3-8e8a-426b-8566-445f44124f00/datanode-1/data/ratis/0e7a749a-41d2-47c3-bf75-014983823a3d
2019-10-09 13:13:43,556 [pool-450-thread-1] INFO  server.RaftServerConfigKeys (ConfUtils.java:logGet(43)) - raft.server.log.queue.byte-limit = 2147483647 (custom)
2019-10-09 13:13:43,556 [pool-440-thread-1] INFO  server.RaftServerConfigKeys (ConfUtils.java:logGet(43)) - raft.server.snapshot.auto.trigger.enabled = true (custom)
2019-10-09 13:13:43,556 [pool-420-thread-1] INFO  server.RaftServerConfigKeys (ConfUtils.java:logGet(43)) - raft.server.log.queue.byte-limit = 2147483647 (custom)
2019-10-09 13:13:43,557 [pool-440-thread-1] INFO  server.RaftServerConfigKeys (ConfUtils.java:logGet(43)) - raft.server.snapshot.auto.trigger.threshold = 10000 (custom)
2019-10-09 13:13:43,557 [pool-440-thread-1] INFO  server.RaftServerConfigKeys (ConfUtils.java:logGet(43)) - raft.server.snapshot.retention.num.files = 5 (custom)
2019-10-09 13:13:43,556 [pool-450-thread-1] INFO  server.RaftServerConfigKeys (ConfUtils.java:logGet(43)) - raft.server.log.queue.element-limit = 1024 (custom)
2019-10-09 13:13:43,557 [pool-440-thread-1] INFO  server.RaftServerConfigKeys (ConfUtils.java:logGet(43)) - raft.server.retrycache.expirytime = 600000ms (custom)
2019-10-09 13:13:43,557 [pool-420-thread-1] INFO  server.RaftServerConfigKeys (ConfUtils.java:logGet(43)) - raft.server.log.queue.element-limit = 1024 (custom)
2019-10-09 13:13:43,557 [pool-450-thread-1] INFO  server.RaftServerConfigKeys (ConfUtils.java:logGet(43)) - raft.server.log.segment.size.max = 1048576 (custom)
2019-10-09 13:13:43,558 [pool-420-thread-1] INFO  server.RaftServerConfigKeys (ConfUtils.java:logGet(43)) - raft.server.log.segment.size.max = 1048576 (custom)
2019-10-09 13:13:43,558 [IPC Server handler 0 on 43345] INFO  volume.OMVolumeCreateRequest (OMVolumeCreateRequest.java:validateAndUpdateCache(189)) - created volume:testblockoutputstream for user:jenkins1000
2019-10-09 13:13:43,558 [pool-450-thread-1] INFO  server.RaftServerConfigKeys (ConfUtils.java:logGet(43)) - raft.server.log.preallocated.size = 16384 (custom)
2019-10-09 13:13:43,558 [pool-420-thread-1] INFO  server.RaftServerConfigKeys (ConfUtils.java:logGet(43)) - raft.server.log.preallocated.size = 16384 (custom)
2019-10-09 13:13:43,558 [pool-450-thread-1] INFO  server.RaftServerConfigKeys (ConfUtils.java:logGet(43)) - raft.server.log.write.buffer.size = 33554432 (custom)
2019-10-09 13:13:43,558 [pool-420-thread-1] INFO  server.RaftServerConfigKeys (ConfUtils.java:logGet(43)) - raft.server.log.write.buffer.size = 33554432 (custom)
2019-10-09 13:13:43,559 [pool-450-thread-1] INFO  server.RaftServerConfigKeys (ConfUtils.java:logGet(43)) - raft.server.log.force.sync.num = 128 (default)
2019-10-09 13:13:43,559 [pool-420-thread-1] INFO  server.RaftServerConfigKeys (ConfUtils.java:logGet(43)) - raft.server.log.force.sync.num = 128 (default)
2019-10-09 13:13:43,559 [pool-450-thread-1] INFO  server.RaftServerConfigKeys (ConfUtils.java:logGet(43)) - raft.server.log.statemachine.data.sync = true (default)
2019-10-09 13:13:43,559 [pool-420-thread-1] INFO  server.RaftServerConfigKeys (ConfUtils.java:logGet(43)) - raft.server.log.statemachine.data.sync = true (default)
2019-10-09 13:13:43,559 [pool-450-thread-1] INFO  server.RaftServerConfigKeys (ConfUtils.java:logGet(43)) - raft.server.log.statemachine.data.sync.timeout = 10s (default)
2019-10-09 13:13:43,559 [pool-420-thread-1] INFO  server.RaftServerConfigKeys (ConfUtils.java:logGet(43)) - raft.server.log.statemachine.data.sync.timeout = 10s (default)
2019-10-09 13:13:43,560 [pool-440-thread-1] INFO  impl.RaftServerImpl (RaftServerImpl.java:start(185)) - 869fbf5b-cbbd-43c6-9f26-156c5192e660@group-014983823A3D: start as a follower, conf=-1: [162534dc-93d9-4206-ab1e-9268955c7aca:192.168.5.175:32957, 96acbf61-3ece-4d83-9836-a217fb58817a:192.168.5.175:35650, 869fbf5b-cbbd-43c6-9f26-156c5192e660:192.168.5.175:43498], old=null
2019-10-09 13:13:43,562 [pool-440-thread-1] INFO  impl.RaftServerImpl (RaftServerImpl.java:setRole(174)) - 869fbf5b-cbbd-43c6-9f26-156c5192e660@group-014983823A3D: changes role from      null to FOLLOWER at term 0 for startAsFollower
2019-10-09 13:13:43,560 [pool-450-thread-1] INFO  server.RaftServerConfigKeys (ConfUtils.java:logGet(43)) - raft.server.log.statemachine.data.sync.timeout.retry = -1 (default)
2019-10-09 13:13:43,562 [pool-440-thread-1] INFO  impl.RoleInfo (RoleInfo.java:updateAndGet(143)) - 869fbf5b-cbbd-43c6-9f26-156c5192e660: start FollowerState
2019-10-09 13:13:43,560 [pool-420-thread-1] INFO  server.RaftServerConfigKeys (ConfUtils.java:logGet(43)) - raft.server.log.statemachine.data.sync.timeout.retry = -1 (default)
2019-10-09 13:13:43,562 [pool-450-thread-1] INFO  server.RaftServerConfigKeys (ConfUtils.java:logGet(43)) - raft.server.log.statemachine.data.caching.enabled = true (custom)
2019-10-09 13:13:43,563 [pool-440-thread-1] INFO  util.JmxRegister (JmxRegister.java:tryRegister(44)) - Successfully registered JMX Bean with object name Ratis:service=RaftServer,group=group-014983823A3D,id=869fbf5b-cbbd-43c6-9f26-156c5192e660
2019-10-09 13:13:43,563 [pool-420-thread-1] INFO  server.RaftServerConfigKeys (ConfUtils.java:logGet(43)) - raft.server.log.statemachine.data.caching.enabled = true (custom)
2019-10-09 13:13:43,571 [pool-450-thread-1] INFO  segmented.SegmentedRaftLogWorker (SegmentedRaftLogWorker.java:lambda$new$0(132)) - 162534dc-93d9-4206-ab1e-9268955c7aca@group-014983823A3D-SegmentedRaftLogWorker: flushIndex: setUnconditionally 0 -> -1
2019-10-09 13:13:43,571 [pool-420-thread-1] INFO  segmented.SegmentedRaftLogWorker (SegmentedRaftLogWorker.java:lambda$new$0(132)) - 96acbf61-3ece-4d83-9836-a217fb58817a@group-014983823A3D-SegmentedRaftLogWorker: flushIndex: setUnconditionally 0 -> -1
2019-10-09 13:13:43,572 [pool-450-thread-1] INFO  server.RaftServerConfigKeys (ConfUtils.java:logGet(43)) - raft.server.snapshot.auto.trigger.enabled = true (custom)
2019-10-09 13:13:43,571 [main] INFO  rpc.RpcClient (RpcClient.java:createBucket(415)) - Creating Bucket: testblockoutputstream/testblockoutputstream, with Versioning false and Storage Type set to DISK and Encryption set to false 
2019-10-09 13:13:43,572 [pool-420-thread-1] INFO  server.RaftServerConfigKeys (ConfUtils.java:logGet(43)) - raft.server.snapshot.auto.trigger.enabled = true (custom)
2019-10-09 13:13:43,572 [pool-450-thread-1] INFO  server.RaftServerConfigKeys (ConfUtils.java:logGet(43)) - raft.server.snapshot.auto.trigger.threshold = 10000 (custom)
2019-10-09 13:13:43,572 [pool-420-thread-1] INFO  server.RaftServerConfigKeys (ConfUtils.java:logGet(43)) - raft.server.snapshot.auto.trigger.threshold = 10000 (custom)
2019-10-09 13:13:43,572 [pool-450-thread-1] INFO  server.RaftServerConfigKeys (ConfUtils.java:logGet(43)) - raft.server.snapshot.retention.num.files = 5 (custom)
2019-10-09 13:13:43,572 [pool-420-thread-1] INFO  server.RaftServerConfigKeys (ConfUtils.java:logGet(43)) - raft.server.snapshot.retention.num.files = 5 (custom)
2019-10-09 13:13:43,573 [pool-450-thread-1] INFO  server.RaftServerConfigKeys (ConfUtils.java:logGet(43)) - raft.server.retrycache.expirytime = 600000ms (custom)
2019-10-09 13:13:43,573 [pool-420-thread-1] INFO  server.RaftServerConfigKeys (ConfUtils.java:logGet(43)) - raft.server.retrycache.expirytime = 600000ms (custom)
2019-10-09 13:13:43,577 [pool-450-thread-1] INFO  impl.RaftServerImpl (RaftServerImpl.java:start(185)) - 162534dc-93d9-4206-ab1e-9268955c7aca@group-014983823A3D: start as a follower, conf=-1: [162534dc-93d9-4206-ab1e-9268955c7aca:192.168.5.175:32957, 96acbf61-3ece-4d83-9836-a217fb58817a:192.168.5.175:35650, 869fbf5b-cbbd-43c6-9f26-156c5192e660:192.168.5.175:43498], old=null
2019-10-09 13:13:43,577 [pool-450-thread-1] INFO  impl.RaftServerImpl (RaftServerImpl.java:setRole(174)) - 162534dc-93d9-4206-ab1e-9268955c7aca@group-014983823A3D: changes role from      null to FOLLOWER at term 0 for startAsFollower
2019-10-09 13:13:43,577 [pool-450-thread-1] INFO  impl.RoleInfo (RoleInfo.java:updateAndGet(143)) - 162534dc-93d9-4206-ab1e-9268955c7aca: start FollowerState
2019-10-09 13:13:43,577 [pool-450-thread-1] INFO  util.JmxRegister (JmxRegister.java:tryRegister(44)) - Successfully registered JMX Bean with object name Ratis:service=RaftServer,group=group-014983823A3D,id=162534dc-93d9-4206-ab1e-9268955c7aca
2019-10-09 13:13:43,578 [pool-420-thread-1] INFO  impl.RaftServerImpl (RaftServerImpl.java:start(185)) - 96acbf61-3ece-4d83-9836-a217fb58817a@group-014983823A3D: start as a follower, conf=-1: [162534dc-93d9-4206-ab1e-9268955c7aca:192.168.5.175:32957, 96acbf61-3ece-4d83-9836-a217fb58817a:192.168.5.175:35650, 869fbf5b-cbbd-43c6-9f26-156c5192e660:192.168.5.175:43498], old=null
2019-10-09 13:13:43,578 [pool-420-thread-1] INFO  impl.RaftServerImpl (RaftServerImpl.java:setRole(174)) - 96acbf61-3ece-4d83-9836-a217fb58817a@group-014983823A3D: changes role from      null to FOLLOWER at term 0 for startAsFollower
2019-10-09 13:13:43,578 [pool-420-thread-1] INFO  impl.RoleInfo (RoleInfo.java:updateAndGet(143)) - 96acbf61-3ece-4d83-9836-a217fb58817a: start FollowerState
2019-10-09 13:13:43,578 [pool-420-thread-1] INFO  util.JmxRegister (JmxRegister.java:tryRegister(44)) - Successfully registered JMX Bean with object name Ratis:service=RaftServer,group=group-014983823A3D,id=96acbf61-3ece-4d83-9836-a217fb58817a
2019-10-09 13:13:43,580 [RatisPipelineUtilsThread] INFO  pipeline.PipelineStateManager (PipelineStateManager.java:addPipeline(56)) - Created pipeline Pipeline[ Id: 0e7a749a-41d2-47c3-bf75-014983823a3d, Nodes: 869fbf5b-cbbd-43c6-9f26-156c5192e660{ip: 192.168.5.175, host: pr-hdds-1569-mfl88-1504498049, networkLocation: /default-rack, certSerialId: null}162534dc-93d9-4206-ab1e-9268955c7aca{ip: 192.168.5.175, host: pr-hdds-1569-mfl88-1504498049, networkLocation: /default-rack, certSerialId: null}96acbf61-3ece-4d83-9836-a217fb58817a{ip: 192.168.5.175, host: pr-hdds-1569-mfl88-1504498049, networkLocation: /default-rack, certSerialId: null}, Type:RATIS, Factor:THREE, State:OPEN]
2019-10-09 13:13:43,585 [grpc-default-executor-15] INFO  impl.RaftServerProxy (RaftServerProxy.java:addNew(89)) - 869fbf5b-cbbd-43c6-9f26-156c5192e660: addNew group-227D833B6095:[162534dc-93d9-4206-ab1e-9268955c7aca:192.168.5.175:32957, 96acbf61-3ece-4d83-9836-a217fb58817a:192.168.5.175:35650, 869fbf5b-cbbd-43c6-9f26-156c5192e660:192.168.5.175:43498] returns group-227D833B6095:java.util.concurrent.CompletableFuture@779cd2d8[Not completed]
2019-10-09 13:13:43,585 [grpc-default-executor-34] INFO  impl.RaftServerProxy (RaftServerProxy.java:addNew(89)) - 162534dc-93d9-4206-ab1e-9268955c7aca: addNew group-227D833B6095:[162534dc-93d9-4206-ab1e-9268955c7aca:192.168.5.175:32957, 96acbf61-3ece-4d83-9836-a217fb58817a:192.168.5.175:35650, 869fbf5b-cbbd-43c6-9f26-156c5192e660:192.168.5.175:43498] returns group-227D833B6095:java.util.concurrent.CompletableFuture@551efc58[Not completed]
2019-10-09 13:13:43,585 [grpc-default-executor-35] INFO  impl.RaftServerProxy (RaftServerProxy.java:addNew(89)) - 96acbf61-3ece-4d83-9836-a217fb58817a: addNew group-227D833B6095:[162534dc-93d9-4206-ab1e-9268955c7aca:192.168.5.175:32957, 96acbf61-3ece-4d83-9836-a217fb58817a:192.168.5.175:35650, 869fbf5b-cbbd-43c6-9f26-156c5192e660:192.168.5.175:43498] returns group-227D833B6095:java.util.concurrent.CompletableFuture@34897486[Not completed]
2019-10-09 13:13:43,586 [pool-450-thread-1] INFO  impl.RaftServerImpl (RaftServerImpl.java:<init>(95)) - 162534dc-93d9-4206-ab1e-9268955c7aca: new RaftServerImpl for group-227D833B6095:[162534dc-93d9-4206-ab1e-9268955c7aca:192.168.5.175:32957, 96acbf61-3ece-4d83-9836-a217fb58817a:192.168.5.175:35650, 869fbf5b-cbbd-43c6-9f26-156c5192e660:192.168.5.175:43498] with ContainerStateMachine:uninitialized
2019-10-09 13:13:43,586 [pool-450-thread-1] INFO  server.RaftServerConfigKeys (ConfUtils.java:logGet(43)) - raft.server.rpc.timeout.min = 5s (custom)
2019-10-09 13:13:43,586 [pool-450-thread-1] INFO  server.RaftServerConfigKeys (ConfUtils.java:logGet(43)) - raft.server.rpc.timeout.max = 5200ms (custom)
2019-10-09 13:13:43,587 [pool-450-thread-1] INFO  server.RaftServerConfigKeys (ConfUtils.java:logGet(43)) - raft.server.rpcslowness.timeout = 120s (custom)
2019-10-09 13:13:43,587 [pool-450-thread-1] INFO  server.RaftServerConfigKeys (ConfUtils.java:logGet(43)) - raft.server.sleep.deviation.threshold = 300 (default)
2019-10-09 13:13:43,587 [pool-450-thread-1] INFO  server.RaftServerConfigKeys (ConfUtils.java:logGet(43)) - raft.server.log.appender.install.snapshot.enabled = false (custom)
2019-10-09 13:13:43,587 [pool-450-thread-1] INFO  impl.RaftServerImpl (ServerState.java:<init>(103)) - 162534dc-93d9-4206-ab1e-9268955c7aca@group-227D833B6095: ConfigurationManager, init=-1: [162534dc-93d9-4206-ab1e-9268955c7aca:192.168.5.175:32957, 96acbf61-3ece-4d83-9836-a217fb58817a:192.168.5.175:35650, 869fbf5b-cbbd-43c6-9f26-156c5192e660:192.168.5.175:43498], old=null, confs=<EMPTY_MAP>
2019-10-09 13:13:43,587 [pool-440-thread-1] INFO  impl.RaftServerImpl (RaftServerImpl.java:<init>(95)) - 869fbf5b-cbbd-43c6-9f26-156c5192e660: new RaftServerImpl for group-227D833B6095:[162534dc-93d9-4206-ab1e-9268955c7aca:192.168.5.175:32957, 96acbf61-3ece-4d83-9836-a217fb58817a:192.168.5.175:35650, 869fbf5b-cbbd-43c6-9f26-156c5192e660:192.168.5.175:43498] with ContainerStateMachine:uninitialized
2019-10-09 13:13:43,587 [pool-450-thread-1] INFO  server.RaftServerConfigKeys (ConfUtils.java:logGet(43)) - raft.server.storage.dir = [/workdir/hadoop-ozone/integration-test/target/test-dir/MiniOzoneClusterImpl-77992fd3-8e8a-426b-8566-445f44124f00/datanode-4/data/ratis] (custom)
2019-10-09 13:13:43,587 [pool-440-thread-1] INFO  server.RaftServerConfigKeys (ConfUtils.java:logGet(43)) - raft.server.rpc.timeout.min = 5s (custom)
2019-10-09 13:13:43,587 [pool-420-thread-1] INFO  impl.RaftServerImpl (RaftServerImpl.java:<init>(95)) - 96acbf61-3ece-4d83-9836-a217fb58817a: new RaftServerImpl for group-227D833B6095:[162534dc-93d9-4206-ab1e-9268955c7aca:192.168.5.175:32957, 96acbf61-3ece-4d83-9836-a217fb58817a:192.168.5.175:35650, 869fbf5b-cbbd-43c6-9f26-156c5192e660:192.168.5.175:43498] with ContainerStateMachine:uninitialized
2019-10-09 13:13:43,587 [pool-450-thread-1] INFO  storage.RaftStorageDirectory (RaftStorageDirectory.java:analyzeStorage(246)) - The storage directory /workdir/hadoop-ozone/integration-test/target/test-dir/MiniOzoneClusterImpl-77992fd3-8e8a-426b-8566-445f44124f00/datanode-4/data/ratis/28f4dd3f-99df-4ff5-9ddc-227d833b6095 does not exist. Creating ...
2019-10-09 13:13:43,587 [pool-440-thread-1] INFO  server.RaftServerConfigKeys (ConfUtils.java:logGet(43)) - raft.server.rpc.timeout.max = 5200ms (custom)
2019-10-09 13:13:43,587 [pool-420-thread-1] INFO  server.RaftServerConfigKeys (ConfUtils.java:logGet(43)) - raft.server.rpc.timeout.min = 5s (custom)
2019-10-09 13:13:43,588 [pool-440-thread-1] INFO  server.RaftServerConfigKeys (ConfUtils.java:logGet(43)) - raft.server.rpcslowness.timeout = 120s (custom)
2019-10-09 13:13:43,588 [pool-420-thread-1] INFO  server.RaftServerConfigKeys (ConfUtils.java:logGet(43)) - raft.server.rpc.timeout.max = 5200ms (custom)
2019-10-09 13:13:43,588 [pool-440-thread-1] INFO  server.RaftServerConfigKeys (ConfUtils.java:logGet(43)) - raft.server.sleep.deviation.threshold = 300 (default)
2019-10-09 13:13:43,588 [pool-420-thread-1] INFO  server.RaftServerConfigKeys (ConfUtils.java:logGet(43)) - raft.server.rpcslowness.timeout = 120s (custom)
2019-10-09 13:13:43,588 [pool-440-thread-1] INFO  server.RaftServerConfigKeys (ConfUtils.java:logGet(43)) - raft.server.log.appender.install.snapshot.enabled = false (custom)
2019-10-09 13:13:43,588 [pool-420-thread-1] INFO  server.RaftServerConfigKeys (ConfUtils.java:logGet(43)) - raft.server.sleep.deviation.threshold = 300 (default)
2019-10-09 13:13:43,588 [pool-440-thread-1] INFO  impl.RaftServerImpl (ServerState.java:<init>(103)) - 869fbf5b-cbbd-43c6-9f26-156c5192e660@group-227D833B6095: ConfigurationManager, init=-1: [162534dc-93d9-4206-ab1e-9268955c7aca:192.168.5.175:32957, 96acbf61-3ece-4d83-9836-a217fb58817a:192.168.5.175:35650, 869fbf5b-cbbd-43c6-9f26-156c5192e660:192.168.5.175:43498], old=null, confs=<EMPTY_MAP>
2019-10-09 13:13:43,588 [pool-420-thread-1] INFO  server.RaftServerConfigKeys (ConfUtils.java:logGet(43)) - raft.server.log.appender.install.snapshot.enabled = false (custom)
2019-10-09 13:13:43,588 [pool-440-thread-1] INFO  server.RaftServerConfigKeys (ConfUtils.java:logGet(43)) - raft.server.storage.dir = [/workdir/hadoop-ozone/integration-test/target/test-dir/MiniOzoneClusterImpl-77992fd3-8e8a-426b-8566-445f44124f00/datanode-3/data/ratis] (custom)
2019-10-09 13:13:43,588 [pool-420-thread-1] INFO  impl.RaftServerImpl (ServerState.java:<init>(103)) - 96acbf61-3ece-4d83-9836-a217fb58817a@group-227D833B6095: ConfigurationManager, init=-1: [162534dc-93d9-4206-ab1e-9268955c7aca:192.168.5.175:32957, 96acbf61-3ece-4d83-9836-a217fb58817a:192.168.5.175:35650, 869fbf5b-cbbd-43c6-9f26-156c5192e660:192.168.5.175:43498], old=null, confs=<EMPTY_MAP>
2019-10-09 13:13:43,589 [pool-420-thread-1] INFO  server.RaftServerConfigKeys (ConfUtils.java:logGet(43)) - raft.server.storage.dir = [/workdir/hadoop-ozone/integration-test/target/test-dir/MiniOzoneClusterImpl-77992fd3-8e8a-426b-8566-445f44124f00/datanode-1/data/ratis] (custom)
2019-10-09 13:13:43,589 [pool-440-thread-1] INFO  storage.RaftStorageDirectory (RaftStorageDirectory.java:analyzeStorage(246)) - The storage directory /workdir/hadoop-ozone/integration-test/target/test-dir/MiniOzoneClusterImpl-77992fd3-8e8a-426b-8566-445f44124f00/datanode-3/data/ratis/28f4dd3f-99df-4ff5-9ddc-227d833b6095 does not exist. Creating ...
2019-10-09 13:13:43,589 [pool-420-thread-1] INFO  storage.RaftStorageDirectory (RaftStorageDirectory.java:analyzeStorage(246)) - The storage directory /workdir/hadoop-ozone/integration-test/target/test-dir/MiniOzoneClusterImpl-77992fd3-8e8a-426b-8566-445f44124f00/datanode-1/data/ratis/28f4dd3f-99df-4ff5-9ddc-227d833b6095 does not exist. Creating ...
2019-10-09 13:13:43,601 [pool-420-thread-1] INFO  storage.RaftStorageDirectory (RaftStorageDirectory.java:tryLock(328)) - Lock on /workdir/hadoop-ozone/integration-test/target/test-dir/MiniOzoneClusterImpl-77992fd3-8e8a-426b-8566-445f44124f00/datanode-1/data/ratis/28f4dd3f-99df-4ff5-9ddc-227d833b6095/in_use.lock acquired by nodename 6401@pr-hdds-1569-mfl88-1504498049
2019-10-09 13:13:43,601 [pool-440-thread-1] INFO  storage.RaftStorageDirectory (RaftStorageDirectory.java:tryLock(328)) - Lock on /workdir/hadoop-ozone/integration-test/target/test-dir/MiniOzoneClusterImpl-77992fd3-8e8a-426b-8566-445f44124f00/datanode-3/data/ratis/28f4dd3f-99df-4ff5-9ddc-227d833b6095/in_use.lock acquired by nodename 6401@pr-hdds-1569-mfl88-1504498049
2019-10-09 13:13:43,601 [pool-450-thread-1] INFO  storage.RaftStorageDirectory (RaftStorageDirectory.java:tryLock(328)) - Lock on /workdir/hadoop-ozone/integration-test/target/test-dir/MiniOzoneClusterImpl-77992fd3-8e8a-426b-8566-445f44124f00/datanode-4/data/ratis/28f4dd3f-99df-4ff5-9ddc-227d833b6095/in_use.lock acquired by nodename 6401@pr-hdds-1569-mfl88-1504498049
2019-10-09 13:13:43,615 [pool-450-thread-1] INFO  storage.RaftStorage (RaftStorage.java:format(72)) - Storage directory /workdir/hadoop-ozone/integration-test/target/test-dir/MiniOzoneClusterImpl-77992fd3-8e8a-426b-8566-445f44124f00/datanode-4/data/ratis/28f4dd3f-99df-4ff5-9ddc-227d833b6095 has been successfully formatted.
2019-10-09 13:13:43,615 [pool-440-thread-1] INFO  storage.RaftStorage (RaftStorage.java:format(72)) - Storage directory /workdir/hadoop-ozone/integration-test/target/test-dir/MiniOzoneClusterImpl-77992fd3-8e8a-426b-8566-445f44124f00/datanode-3/data/ratis/28f4dd3f-99df-4ff5-9ddc-227d833b6095 has been successfully formatted.
2019-10-09 13:13:43,615 [pool-420-thread-1] INFO  storage.RaftStorage (RaftStorage.java:format(72)) - Storage directory /workdir/hadoop-ozone/integration-test/target/test-dir/MiniOzoneClusterImpl-77992fd3-8e8a-426b-8566-445f44124f00/datanode-1/data/ratis/28f4dd3f-99df-4ff5-9ddc-227d833b6095 has been successfully formatted.
2019-10-09 13:13:43,615 [pool-440-thread-1] INFO  ratis.ContainerStateMachine (ContainerStateMachine.java:loadSnapshot(230)) - group-227D833B6095: The snapshot info is null. Setting the last applied indexto:(t:0, i:~)
2019-10-09 13:13:43,615 [pool-450-thread-1] INFO  ratis.ContainerStateMachine (ContainerStateMachine.java:loadSnapshot(230)) - group-227D833B6095: The snapshot info is null. Setting the last applied indexto:(t:0, i:~)
2019-10-09 13:13:43,616 [pool-440-thread-1] INFO  server.RaftServerConfigKeys (ConfUtils.java:logGet(43)) - raft.server.notification.no-leader.timeout = 120s (custom)
2019-10-09 13:13:43,616 [pool-420-thread-1] INFO  ratis.ContainerStateMachine (ContainerStateMachine.java:loadSnapshot(230)) - group-227D833B6095: The snapshot info is null. Setting the last applied indexto:(t:0, i:~)
2019-10-09 13:13:43,616 [pool-440-thread-1] INFO  server.RaftServerConfigKeys (ConfUtils.java:logGet(43)) - raft.server.log.use.memory = false (default)
2019-10-09 13:13:43,616 [pool-450-thread-1] INFO  server.RaftServerConfigKeys (ConfUtils.java:logGet(43)) - raft.server.notification.no-leader.timeout = 120s (custom)
2019-10-09 13:13:43,616 [pool-440-thread-1] INFO  server.RaftServerConfigKeys (ConfUtils.java:logGet(43)) - raft.server.log.purge.gap = 1000000 (custom)
2019-10-09 13:13:43,616 [pool-420-thread-1] INFO  server.RaftServerConfigKeys (ConfUtils.java:logGet(43)) - raft.server.notification.no-leader.timeout = 120s (custom)
2019-10-09 13:13:43,616 [pool-440-thread-1] INFO  server.RaftServerConfigKeys (ConfUtils.java:logGet(43)) - raft.server.log.appender.buffer.byte-limit = 33554432 (custom)
2019-10-09 13:13:43,616 [pool-450-thread-1] INFO  server.RaftServerConfigKeys (ConfUtils.java:logGet(43)) - raft.server.log.use.memory = false (default)
2019-10-09 13:13:43,617 [pool-440-thread-1] INFO  server.RaftServerConfigKeys (ConfUtils.java:logGet(43)) - raft.server.log.segment.size.max = 1048576 (custom)
2019-10-09 13:13:43,617 [pool-420-thread-1] INFO  server.RaftServerConfigKeys (ConfUtils.java:logGet(43)) - raft.server.log.use.memory = false (default)
2019-10-09 13:13:43,617 [pool-440-thread-1] INFO  server.RaftServerConfigKeys (ConfUtils.java:logGet(43)) - raft.server.log.segment.cache.num.max = 2 (custom)
2019-10-09 13:13:43,617 [pool-450-thread-1] INFO  server.RaftServerConfigKeys (ConfUtils.java:logGet(43)) - raft.server.log.purge.gap = 1000000 (custom)
2019-10-09 13:13:43,617 [pool-440-thread-1] INFO  segmented.SegmentedRaftLogWorker (SegmentedRaftLogWorker.java:<init>(172)) - new 869fbf5b-cbbd-43c6-9f26-156c5192e660@group-227D833B6095-SegmentedRaftLogWorker for RaftStorage:Storage Directory /workdir/hadoop-ozone/integration-test/target/test-dir/MiniOzoneClusterImpl-77992fd3-8e8a-426b-8566-445f44124f00/datanode-3/data/ratis/28f4dd3f-99df-4ff5-9ddc-227d833b6095
2019-10-09 13:13:43,617 [pool-420-thread-1] INFO  server.RaftServerConfigKeys (ConfUtils.java:logGet(43)) - raft.server.log.purge.gap = 1000000 (custom)
2019-10-09 13:13:43,618 [pool-440-thread-1] INFO  server.RaftServerConfigKeys (ConfUtils.java:logGet(43)) - raft.server.log.queue.byte-limit = 2147483647 (custom)
2019-10-09 13:13:43,617 [pool-450-thread-1] INFO  server.RaftServerConfigKeys (ConfUtils.java:logGet(43)) - raft.server.log.appender.buffer.byte-limit = 33554432 (custom)
2019-10-09 13:13:43,618 [pool-440-thread-1] INFO  server.RaftServerConfigKeys (ConfUtils.java:logGet(43)) - raft.server.log.queue.element-limit = 1024 (custom)
2019-10-09 13:13:43,618 [pool-420-thread-1] INFO  server.RaftServerConfigKeys (ConfUtils.java:logGet(43)) - raft.server.log.appender.buffer.byte-limit = 33554432 (custom)
2019-10-09 13:13:43,618 [pool-440-thread-1] INFO  server.RaftServerConfigKeys (ConfUtils.java:logGet(43)) - raft.server.log.segment.size.max = 1048576 (custom)
2019-10-09 13:13:43,618 [pool-450-thread-1] INFO  server.RaftServerConfigKeys (ConfUtils.java:logGet(43)) - raft.server.log.segment.size.max = 1048576 (custom)
2019-10-09 13:13:43,618 [pool-440-thread-1] INFO  server.RaftServerConfigKeys (ConfUtils.java:logGet(43)) - raft.server.log.preallocated.size = 16384 (custom)
2019-10-09 13:13:43,618 [pool-420-thread-1] INFO  server.RaftServerConfigKeys (ConfUtils.java:logGet(43)) - raft.server.log.segment.size.max = 1048576 (custom)
2019-10-09 13:13:43,619 [pool-440-thread-1] INFO  server.RaftServerConfigKeys (ConfUtils.java:logGet(43)) - raft.server.log.write.buffer.size = 33554432 (custom)
2019-10-09 13:13:43,619 [pool-440-thread-1] INFO  server.RaftServerConfigKeys (ConfUtils.java:logGet(43)) - raft.server.log.force.sync.num = 128 (default)
2019-10-09 13:13:43,619 [pool-450-thread-1] INFO  server.RaftServerConfigKeys (ConfUtils.java:logGet(43)) - raft.server.log.segment.cache.num.max = 2 (custom)
2019-10-09 13:13:43,619 [pool-440-thread-1] INFO  server.RaftServerConfigKeys (ConfUtils.java:logGet(43)) - raft.server.log.statemachine.data.sync = true (default)
2019-10-09 13:13:43,619 [pool-420-thread-1] INFO  server.RaftServerConfigKeys (ConfUtils.java:logGet(43)) - raft.server.log.segment.cache.num.max = 2 (custom)
2019-10-09 13:13:43,619 [pool-440-thread-1] INFO  server.RaftServerConfigKeys (ConfUtils.java:logGet(43)) - raft.server.log.statemachine.data.sync.timeout = 10s (default)
2019-10-09 13:13:43,619 [pool-450-thread-1] INFO  segmented.SegmentedRaftLogWorker (SegmentedRaftLogWorker.java:<init>(172)) - new 162534dc-93d9-4206-ab1e-9268955c7aca@group-227D833B6095-SegmentedRaftLogWorker for RaftStorage:Storage Directory /workdir/hadoop-ozone/integration-test/target/test-dir/MiniOzoneClusterImpl-77992fd3-8e8a-426b-8566-445f44124f00/datanode-4/data/ratis/28f4dd3f-99df-4ff5-9ddc-227d833b6095
2019-10-09 13:13:43,620 [pool-440-thread-1] INFO  server.RaftServerConfigKeys (ConfUtils.java:logGet(43)) - raft.server.log.statemachine.data.sync.timeout.retry = -1 (default)
2019-10-09 13:13:43,620 [pool-420-thread-1] INFO  segmented.SegmentedRaftLogWorker (SegmentedRaftLogWorker.java:<init>(172)) - new 96acbf61-3ece-4d83-9836-a217fb58817a@group-227D833B6095-SegmentedRaftLogWorker for RaftStorage:Storage Directory /workdir/hadoop-ozone/integration-test/target/test-dir/MiniOzoneClusterImpl-77992fd3-8e8a-426b-8566-445f44124f00/datanode-1/data/ratis/28f4dd3f-99df-4ff5-9ddc-227d833b6095
2019-10-09 13:13:43,620 [pool-440-thread-1] INFO  server.RaftServerConfigKeys (ConfUtils.java:logGet(43)) - raft.server.log.statemachine.data.caching.enabled = true (custom)
2019-10-09 13:13:43,620 [pool-450-thread-1] INFO  server.RaftServerConfigKeys (ConfUtils.java:logGet(43)) - raft.server.log.queue.byte-limit = 2147483647 (custom)
2019-10-09 13:13:43,620 [pool-420-thread-1] INFO  server.RaftServerConfigKeys (ConfUtils.java:logGet(43)) - raft.server.log.queue.byte-limit = 2147483647 (custom)
2019-10-09 13:13:43,620 [pool-440-thread-1] INFO  segmented.SegmentedRaftLogWorker (SegmentedRaftLogWorker.java:lambda$new$0(132)) - 869fbf5b-cbbd-43c6-9f26-156c5192e660@group-227D833B6095-SegmentedRaftLogWorker: flushIndex: setUnconditionally 0 -> -1
2019-10-09 13:13:43,620 [pool-450-thread-1] INFO  server.RaftServerConfigKeys (ConfUtils.java:logGet(43)) - raft.server.log.queue.element-limit = 1024 (custom)
2019-10-09 13:13:43,621 [pool-420-thread-1] INFO  server.RaftServerConfigKeys (ConfUtils.java:logGet(43)) - raft.server.log.queue.element-limit = 1024 (custom)
2019-10-09 13:13:43,621 [pool-450-thread-1] INFO  server.RaftServerConfigKeys (ConfUtils.java:logGet(43)) - raft.server.log.segment.size.max = 1048576 (custom)
2019-10-09 13:13:43,621 [pool-420-thread-1] INFO  server.RaftServerConfigKeys (ConfUtils.java:logGet(43)) - raft.server.log.segment.size.max = 1048576 (custom)
2019-10-09 13:13:43,621 [pool-440-thread-1] INFO  server.RaftServerConfigKeys (ConfUtils.java:logGet(43)) - raft.server.snapshot.auto.trigger.enabled = true (custom)
2019-10-09 13:13:43,621 [pool-420-thread-1] INFO  server.RaftServerConfigKeys (ConfUtils.java:logGet(43)) - raft.server.log.preallocated.size = 16384 (custom)
2019-10-09 13:13:43,621 [pool-420-thread-1] INFO  server.RaftServerConfigKeys (ConfUtils.java:logGet(43)) - raft.server.log.write.buffer.size = 33554432 (custom)
2019-10-09 13:13:43,621 [pool-450-thread-1] INFO  server.RaftServerConfigKeys (ConfUtils.java:logGet(43)) - raft.server.log.preallocated.size = 16384 (custom)
2019-10-09 13:13:43,622 [pool-420-thread-1] INFO  server.RaftServerConfigKeys (ConfUtils.java:logGet(43)) - raft.server.log.force.sync.num = 128 (default)
2019-10-09 13:13:43,621 [pool-440-thread-1] INFO  server.RaftServerConfigKeys (ConfUtils.java:logGet(43)) - raft.server.snapshot.auto.trigger.threshold = 10000 (custom)
2019-10-09 13:13:43,622 [pool-420-thread-1] INFO  server.RaftServerConfigKeys (ConfUtils.java:logGet(43)) - raft.server.log.statemachine.data.sync = true (default)
2019-10-09 13:13:43,622 [pool-450-thread-1] INFO  server.RaftServerConfigKeys (ConfUtils.java:logGet(43)) - raft.server.log.write.buffer.size = 33554432 (custom)
2019-10-09 13:13:43,622 [pool-420-thread-1] INFO  server.RaftServerConfigKeys (ConfUtils.java:logGet(43)) - raft.server.log.statemachine.data.sync.timeout = 10s (default)
2019-10-09 13:13:43,622 [pool-440-thread-1] INFO  server.RaftServerConfigKeys (ConfUtils.java:logGet(43)) - raft.server.snapshot.retention.num.files = 5 (custom)
2019-10-09 13:13:43,622 [pool-420-thread-1] INFO  server.RaftServerConfigKeys (ConfUtils.java:logGet(43)) - raft.server.log.statemachine.data.sync.timeout.retry = -1 (default)
2019-10-09 13:13:43,622 [pool-450-thread-1] INFO  server.RaftServerConfigKeys (ConfUtils.java:logGet(43)) - raft.server.log.force.sync.num = 128 (default)
2019-10-09 13:13:43,623 [pool-420-thread-1] INFO  server.RaftServerConfigKeys (ConfUtils.java:logGet(43)) - raft.server.log.statemachine.data.caching.enabled = true (custom)
2019-10-09 13:13:43,623 [pool-440-thread-1] INFO  server.RaftServerConfigKeys (ConfUtils.java:logGet(43)) - raft.server.retrycache.expirytime = 600000ms (custom)
2019-10-09 13:13:43,623 [pool-420-thread-1] INFO  segmented.SegmentedRaftLogWorker (SegmentedRaftLogWorker.java:lambda$new$0(132)) - 96acbf61-3ece-4d83-9836-a217fb58817a@group-227D833B6095-SegmentedRaftLogWorker: flushIndex: setUnconditionally 0 -> -1
2019-10-09 13:13:43,623 [pool-450-thread-1] INFO  server.RaftServerConfigKeys (ConfUtils.java:logGet(43)) - raft.server.log.statemachine.data.sync = true (default)
2019-10-09 13:13:43,623 [pool-420-thread-1] INFO  server.RaftServerConfigKeys (ConfUtils.java:logGet(43)) - raft.server.snapshot.auto.trigger.enabled = true (custom)
2019-10-09 13:13:43,623 [pool-450-thread-1] INFO  server.RaftServerConfigKeys (ConfUtils.java:logGet(43)) - raft.server.log.statemachine.data.sync.timeout = 10s (default)
2019-10-09 13:13:43,624 [pool-420-thread-1] INFO  server.RaftServerConfigKeys (ConfUtils.java:logGet(43)) - raft.server.snapshot.auto.trigger.threshold = 10000 (custom)
2019-10-09 13:13:43,624 [pool-450-thread-1] INFO  server.RaftServerConfigKeys (ConfUtils.java:logGet(43)) - raft.server.log.statemachine.data.sync.timeout.retry = -1 (default)
2019-10-09 13:13:43,624 [pool-420-thread-1] INFO  server.RaftServerConfigKeys (ConfUtils.java:logGet(43)) - raft.server.snapshot.retention.num.files = 5 (custom)
2019-10-09 13:13:43,624 [pool-450-thread-1] INFO  server.RaftServerConfigKeys (ConfUtils.java:logGet(43)) - raft.server.log.statemachine.data.caching.enabled = true (custom)
2019-10-09 13:13:43,624 [pool-420-thread-1] INFO  server.RaftServerConfigKeys (ConfUtils.java:logGet(43)) - raft.server.retrycache.expirytime = 600000ms (custom)
2019-10-09 13:13:43,624 [pool-450-thread-1] INFO  segmented.SegmentedRaftLogWorker (SegmentedRaftLogWorker.java:lambda$new$0(132)) - 162534dc-93d9-4206-ab1e-9268955c7aca@group-227D833B6095-SegmentedRaftLogWorker: flushIndex: setUnconditionally 0 -> -1
2019-10-09 13:13:43,624 [pool-450-thread-1] INFO  server.RaftServerConfigKeys (ConfUtils.java:logGet(43)) - raft.server.snapshot.auto.trigger.enabled = true (custom)
2019-10-09 13:13:43,625 [pool-450-thread-1] INFO  server.RaftServerConfigKeys (ConfUtils.java:logGet(43)) - raft.server.snapshot.auto.trigger.threshold = 10000 (custom)
2019-10-09 13:13:43,625 [pool-450-thread-1] INFO  server.RaftServerConfigKeys (ConfUtils.java:logGet(43)) - raft.server.snapshot.retention.num.files = 5 (custom)
2019-10-09 13:13:43,625 [pool-450-thread-1] INFO  server.RaftServerConfigKeys (ConfUtils.java:logGet(43)) - raft.server.retrycache.expirytime = 600000ms (custom)
2019-10-09 13:13:43,625 [pool-440-thread-1] INFO  impl.RaftServerImpl (RaftServerImpl.java:start(185)) - 869fbf5b-cbbd-43c6-9f26-156c5192e660@group-227D833B6095: start as a follower, conf=-1: [162534dc-93d9-4206-ab1e-9268955c7aca:192.168.5.175:32957, 96acbf61-3ece-4d83-9836-a217fb58817a:192.168.5.175:35650, 869fbf5b-cbbd-43c6-9f26-156c5192e660:192.168.5.175:43498], old=null
2019-10-09 13:13:43,625 [pool-440-thread-1] INFO  impl.RaftServerImpl (RaftServerImpl.java:setRole(174)) - 869fbf5b-cbbd-43c6-9f26-156c5192e660@group-227D833B6095: changes role from      null to FOLLOWER at term 0 for startAsFollower
2019-10-09 13:13:43,626 [pool-440-thread-1] INFO  impl.RoleInfo (RoleInfo.java:updateAndGet(143)) - 869fbf5b-cbbd-43c6-9f26-156c5192e660: start FollowerState
2019-10-09 13:13:43,626 [pool-440-thread-1] INFO  util.JmxRegister (JmxRegister.java:tryRegister(44)) - Successfully registered JMX Bean with object name Ratis:service=RaftServer,group=group-227D833B6095,id=869fbf5b-cbbd-43c6-9f26-156c5192e660
2019-10-09 13:13:43,627 [pool-420-thread-1] INFO  impl.RaftServerImpl (RaftServerImpl.java:start(185)) - 96acbf61-3ece-4d83-9836-a217fb58817a@group-227D833B6095: start as a follower, conf=-1: [162534dc-93d9-4206-ab1e-9268955c7aca:192.168.5.175:32957, 96acbf61-3ece-4d83-9836-a217fb58817a:192.168.5.175:35650, 869fbf5b-cbbd-43c6-9f26-156c5192e660:192.168.5.175:43498], old=null
2019-10-09 13:13:43,627 [pool-420-thread-1] INFO  impl.RaftServerImpl (RaftServerImpl.java:setRole(174)) - 96acbf61-3ece-4d83-9836-a217fb58817a@group-227D833B6095: changes role from      null to FOLLOWER at term 0 for startAsFollower
2019-10-09 13:13:43,627 [pool-450-thread-1] INFO  impl.RaftServerImpl (RaftServerImpl.java:start(185)) - 162534dc-93d9-4206-ab1e-9268955c7aca@group-227D833B6095: start as a follower, conf=-1: [162534dc-93d9-4206-ab1e-9268955c7aca:192.168.5.175:32957, 96acbf61-3ece-4d83-9836-a217fb58817a:192.168.5.175:35650, 869fbf5b-cbbd-43c6-9f26-156c5192e660:192.168.5.175:43498], old=null
2019-10-09 13:13:43,627 [pool-420-thread-1] INFO  impl.RoleInfo (RoleInfo.java:updateAndGet(143)) - 96acbf61-3ece-4d83-9836-a217fb58817a: start FollowerState
2019-10-09 13:13:43,627 [pool-450-thread-1] INFO  impl.RaftServerImpl (RaftServerImpl.java:setRole(174)) - 162534dc-93d9-4206-ab1e-9268955c7aca@group-227D833B6095: changes role from      null to FOLLOWER at term 0 for startAsFollower
2019-10-09 13:13:43,627 [pool-450-thread-1] INFO  impl.RoleInfo (RoleInfo.java:updateAndGet(143)) - 162534dc-93d9-4206-ab1e-9268955c7aca: start FollowerState
2019-10-09 13:13:43,628 [pool-420-thread-1] INFO  util.JmxRegister (JmxRegister.java:tryRegister(44)) - Successfully registered JMX Bean with object name Ratis:service=RaftServer,group=group-227D833B6095,id=96acbf61-3ece-4d83-9836-a217fb58817a
2019-10-09 13:13:43,628 [pool-450-thread-1] INFO  util.JmxRegister (JmxRegister.java:tryRegister(44)) - Successfully registered JMX Bean with object name Ratis:service=RaftServer,group=group-227D833B6095,id=162534dc-93d9-4206-ab1e-9268955c7aca
2019-10-09 13:13:43,629 [RatisPipelineUtilsThread] INFO  pipeline.PipelineStateManager (PipelineStateManager.java:addPipeline(56)) - Created pipeline Pipeline[ Id: 28f4dd3f-99df-4ff5-9ddc-227d833b6095, Nodes: 869fbf5b-cbbd-43c6-9f26-156c5192e660{ip: 192.168.5.175, host: pr-hdds-1569-mfl88-1504498049, networkLocation: /default-rack, certSerialId: null}162534dc-93d9-4206-ab1e-9268955c7aca{ip: 192.168.5.175, host: pr-hdds-1569-mfl88-1504498049, networkLocation: /default-rack, certSerialId: null}96acbf61-3ece-4d83-9836-a217fb58817a{ip: 192.168.5.175, host: pr-hdds-1569-mfl88-1504498049, networkLocation: /default-rack, certSerialId: null}, Type:RATIS, Factor:THREE, State:OPEN]
2019-10-09 13:13:43,636 [grpc-default-executor-15] INFO  impl.RaftServerProxy (RaftServerProxy.java:addNew(89)) - 96acbf61-3ece-4d83-9836-a217fb58817a: addNew group-FB9E4996B38B:[96acbf61-3ece-4d83-9836-a217fb58817a:192.168.5.175:35650, 162534dc-93d9-4206-ab1e-9268955c7aca:192.168.5.175:32957, 869fbf5b-cbbd-43c6-9f26-156c5192e660:192.168.5.175:43498] returns group-FB9E4996B38B:java.util.concurrent.CompletableFuture@662783c7[Not completed]
2019-10-09 13:13:43,636 [grpc-default-executor-34] INFO  impl.RaftServerProxy (RaftServerProxy.java:addNew(89)) - 162534dc-93d9-4206-ab1e-9268955c7aca: addNew group-FB9E4996B38B:[96acbf61-3ece-4d83-9836-a217fb58817a:192.168.5.175:35650, 162534dc-93d9-4206-ab1e-9268955c7aca:192.168.5.175:32957, 869fbf5b-cbbd-43c6-9f26-156c5192e660:192.168.5.175:43498] returns group-FB9E4996B38B:java.util.concurrent.CompletableFuture@1f9a4f64[Not completed]
2019-10-09 13:13:43,636 [grpc-default-executor-35] INFO  impl.RaftServerProxy (RaftServerProxy.java:addNew(89)) - 869fbf5b-cbbd-43c6-9f26-156c5192e660: addNew group-FB9E4996B38B:[96acbf61-3ece-4d83-9836-a217fb58817a:192.168.5.175:35650, 162534dc-93d9-4206-ab1e-9268955c7aca:192.168.5.175:32957, 869fbf5b-cbbd-43c6-9f26-156c5192e660:192.168.5.175:43498] returns group-FB9E4996B38B:java.util.concurrent.CompletableFuture@15647cc[Not completed]
2019-10-09 13:13:43,637 [pool-420-thread-1] INFO  impl.RaftServerImpl (RaftServerImpl.java:<init>(95)) - 96acbf61-3ece-4d83-9836-a217fb58817a: new RaftServerImpl for group-FB9E4996B38B:[96acbf61-3ece-4d83-9836-a217fb58817a:192.168.5.175:35650, 162534dc-93d9-4206-ab1e-9268955c7aca:192.168.5.175:32957, 869fbf5b-cbbd-43c6-9f26-156c5192e660:192.168.5.175:43498] with ContainerStateMachine:uninitialized
2019-10-09 13:13:43,637 [pool-420-thread-1] INFO  server.RaftServerConfigKeys (ConfUtils.java:logGet(43)) - raft.server.rpc.timeout.min = 5s (custom)
2019-10-09 13:13:43,638 [pool-420-thread-1] INFO  server.RaftServerConfigKeys (ConfUtils.java:logGet(43)) - raft.server.rpc.timeout.max = 5200ms (custom)
2019-10-09 13:13:43,638 [pool-420-thread-1] INFO  server.RaftServerConfigKeys (ConfUtils.java:logGet(43)) - raft.server.rpcslowness.timeout = 120s (custom)
2019-10-09 13:13:43,638 [pool-420-thread-1] INFO  server.RaftServerConfigKeys (ConfUtils.java:logGet(43)) - raft.server.sleep.deviation.threshold = 300 (default)
2019-10-09 13:13:43,638 [pool-440-thread-1] INFO  impl.RaftServerImpl (RaftServerImpl.java:<init>(95)) - 869fbf5b-cbbd-43c6-9f26-156c5192e660: new RaftServerImpl for group-FB9E4996B38B:[96acbf61-3ece-4d83-9836-a217fb58817a:192.168.5.175:35650, 162534dc-93d9-4206-ab1e-9268955c7aca:192.168.5.175:32957, 869fbf5b-cbbd-43c6-9f26-156c5192e660:192.168.5.175:43498] with ContainerStateMachine:uninitialized
2019-10-09 13:13:43,638 [pool-420-thread-1] INFO  server.RaftServerConfigKeys (ConfUtils.java:logGet(43)) - raft.server.log.appender.install.snapshot.enabled = false (custom)
2019-10-09 13:13:43,638 [pool-440-thread-1] INFO  server.RaftServerConfigKeys (ConfUtils.java:logGet(43)) - raft.server.rpc.timeout.min = 5s (custom)
2019-10-09 13:13:43,638 [pool-450-thread-1] INFO  impl.RaftServerImpl (RaftServerImpl.java:<init>(95)) - 162534dc-93d9-4206-ab1e-9268955c7aca: new RaftServerImpl for group-FB9E4996B38B:[96acbf61-3ece-4d83-9836-a217fb58817a:192.168.5.175:35650, 162534dc-93d9-4206-ab1e-9268955c7aca:192.168.5.175:32957, 869fbf5b-cbbd-43c6-9f26-156c5192e660:192.168.5.175:43498] with ContainerStateMachine:uninitialized
2019-10-09 13:13:43,638 [pool-420-thread-1] INFO  impl.RaftServerImpl (ServerState.java:<init>(103)) - 96acbf61-3ece-4d83-9836-a217fb58817a@group-FB9E4996B38B: ConfigurationManager, init=-1: [96acbf61-3ece-4d83-9836-a217fb58817a:192.168.5.175:35650, 162534dc-93d9-4206-ab1e-9268955c7aca:192.168.5.175:32957, 869fbf5b-cbbd-43c6-9f26-156c5192e660:192.168.5.175:43498], old=null, confs=<EMPTY_MAP>
2019-10-09 13:13:43,638 [pool-450-thread-1] INFO  server.RaftServerConfigKeys (ConfUtils.java:logGet(43)) - raft.server.rpc.timeout.min = 5s (custom)
2019-10-09 13:13:43,638 [pool-440-thread-1] INFO  server.RaftServerConfigKeys (ConfUtils.java:logGet(43)) - raft.server.rpc.timeout.max = 5200ms (custom)
2019-10-09 13:13:43,639 [pool-450-thread-1] INFO  server.RaftServerConfigKeys (ConfUtils.java:logGet(43)) - raft.server.rpc.timeout.max = 5200ms (custom)
2019-10-09 13:13:43,639 [pool-450-thread-1] INFO  server.RaftServerConfigKeys (ConfUtils.java:logGet(43)) - raft.server.rpcslowness.timeout = 120s (custom)
2019-10-09 13:13:43,638 [pool-420-thread-1] INFO  server.RaftServerConfigKeys (ConfUtils.java:logGet(43)) - raft.server.storage.dir = [/workdir/hadoop-ozone/integration-test/target/test-dir/MiniOzoneClusterImpl-77992fd3-8e8a-426b-8566-445f44124f00/datanode-1/data/ratis] (custom)
2019-10-09 13:13:43,639 [pool-450-thread-1] INFO  server.RaftServerConfigKeys (ConfUtils.java:logGet(43)) - raft.server.sleep.deviation.threshold = 300 (default)
2019-10-09 13:13:43,639 [pool-450-thread-1] INFO  server.RaftServerConfigKeys (ConfUtils.java:logGet(43)) - raft.server.log.appender.install.snapshot.enabled = false (custom)
2019-10-09 13:13:43,639 [pool-440-thread-1] INFO  server.RaftServerConfigKeys (ConfUtils.java:logGet(43)) - raft.server.rpcslowness.timeout = 120s (custom)
2019-10-09 13:13:43,639 [pool-420-thread-1] INFO  storage.RaftStorageDirectory (RaftStorageDirectory.java:analyzeStorage(246)) - The storage directory /workdir/hadoop-ozone/integration-test/target/test-dir/MiniOzoneClusterImpl-77992fd3-8e8a-426b-8566-445f44124f00/datanode-1/data/ratis/3d847b10-3720-43c7-819e-fb9e4996b38b does not exist. Creating ...
2019-10-09 13:13:43,639 [pool-450-thread-1] INFO  impl.RaftServerImpl (ServerState.java:<init>(103)) - 162534dc-93d9-4206-ab1e-9268955c7aca@group-FB9E4996B38B: ConfigurationManager, init=-1: [96acbf61-3ece-4d83-9836-a217fb58817a:192.168.5.175:35650, 162534dc-93d9-4206-ab1e-9268955c7aca:192.168.5.175:32957, 869fbf5b-cbbd-43c6-9f26-156c5192e660:192.168.5.175:43498], old=null, confs=<EMPTY_MAP>
2019-10-09 13:13:43,639 [pool-440-thread-1] INFO  server.RaftServerConfigKeys (ConfUtils.java:logGet(43)) - raft.server.sleep.deviation.threshold = 300 (default)
2019-10-09 13:13:43,639 [pool-450-thread-1] INFO  server.RaftServerConfigKeys (ConfUtils.java:logGet(43)) - raft.server.storage.dir = [/workdir/hadoop-ozone/integration-test/target/test-dir/MiniOzoneClusterImpl-77992fd3-8e8a-426b-8566-445f44124f00/datanode-4/data/ratis] (custom)
2019-10-09 13:13:43,640 [pool-440-thread-1] INFO  server.RaftServerConfigKeys (ConfUtils.java:logGet(43)) - raft.server.log.appender.install.snapshot.enabled = false (custom)
2019-10-09 13:13:43,640 [pool-450-thread-1] INFO  storage.RaftStorageDirectory (RaftStorageDirectory.java:analyzeStorage(246)) - The storage directory /workdir/hadoop-ozone/integration-test/target/test-dir/MiniOzoneClusterImpl-77992fd3-8e8a-426b-8566-445f44124f00/datanode-4/data/ratis/3d847b10-3720-43c7-819e-fb9e4996b38b does not exist. Creating ...
2019-10-09 13:13:43,640 [pool-440-thread-1] INFO  impl.RaftServerImpl (ServerState.java:<init>(103)) - 869fbf5b-cbbd-43c6-9f26-156c5192e660@group-FB9E4996B38B: ConfigurationManager, init=-1: [96acbf61-3ece-4d83-9836-a217fb58817a:192.168.5.175:35650, 162534dc-93d9-4206-ab1e-9268955c7aca:192.168.5.175:32957, 869fbf5b-cbbd-43c6-9f26-156c5192e660:192.168.5.175:43498], old=null, confs=<EMPTY_MAP>
2019-10-09 13:13:43,640 [pool-440-thread-1] INFO  server.RaftServerConfigKeys (ConfUtils.java:logGet(43)) - raft.server.storage.dir = [/workdir/hadoop-ozone/integration-test/target/test-dir/MiniOzoneClusterImpl-77992fd3-8e8a-426b-8566-445f44124f00/datanode-3/data/ratis] (custom)
2019-10-09 13:13:43,640 [pool-440-thread-1] INFO  storage.RaftStorageDirectory (RaftStorageDirectory.java:analyzeStorage(246)) - The storage directory /workdir/hadoop-ozone/integration-test/target/test-dir/MiniOzoneClusterImpl-77992fd3-8e8a-426b-8566-445f44124f00/datanode-3/data/ratis/3d847b10-3720-43c7-819e-fb9e4996b38b does not exist. Creating ...
2019-10-09 13:13:43,653 [pool-450-thread-1] INFO  storage.RaftStorageDirectory (RaftStorageDirectory.java:tryLock(328)) - Lock on /workdir/hadoop-ozone/integration-test/target/test-dir/MiniOzoneClusterImpl-77992fd3-8e8a-426b-8566-445f44124f00/datanode-4/data/ratis/3d847b10-3720-43c7-819e-fb9e4996b38b/in_use.lock acquired by nodename 6401@pr-hdds-1569-mfl88-1504498049
2019-10-09 13:13:43,653 [pool-440-thread-1] INFO  storage.RaftStorageDirectory (RaftStorageDirectory.java:tryLock(328)) - Lock on /workdir/hadoop-ozone/integration-test/target/test-dir/MiniOzoneClusterImpl-77992fd3-8e8a-426b-8566-445f44124f00/datanode-3/data/ratis/3d847b10-3720-43c7-819e-fb9e4996b38b/in_use.lock acquired by nodename 6401@pr-hdds-1569-mfl88-1504498049
2019-10-09 13:13:43,653 [pool-420-thread-1] INFO  storage.RaftStorageDirectory (RaftStorageDirectory.java:tryLock(328)) - Lock on /workdir/hadoop-ozone/integration-test/target/test-dir/MiniOzoneClusterImpl-77992fd3-8e8a-426b-8566-445f44124f00/datanode-1/data/ratis/3d847b10-3720-43c7-819e-fb9e4996b38b/in_use.lock acquired by nodename 6401@pr-hdds-1569-mfl88-1504498049
2019-10-09 13:13:43,666 [pool-420-thread-1] INFO  storage.RaftStorage (RaftStorage.java:format(72)) - Storage directory /workdir/hadoop-ozone/integration-test/target/test-dir/MiniOzoneClusterImpl-77992fd3-8e8a-426b-8566-445f44124f00/datanode-1/data/ratis/3d847b10-3720-43c7-819e-fb9e4996b38b has been successfully formatted.
2019-10-09 13:13:43,666 [pool-440-thread-1] INFO  storage.RaftStorage (RaftStorage.java:format(72)) - Storage directory /workdir/hadoop-ozone/integration-test/target/test-dir/MiniOzoneClusterImpl-77992fd3-8e8a-426b-8566-445f44124f00/datanode-3/data/ratis/3d847b10-3720-43c7-819e-fb9e4996b38b has been successfully formatted.
2019-10-09 13:13:43,667 [pool-420-thread-1] INFO  ratis.ContainerStateMachine (ContainerStateMachine.java:loadSnapshot(230)) - group-FB9E4996B38B: The snapshot info is null. Setting the last applied indexto:(t:0, i:~)
2019-10-09 13:13:43,666 [pool-450-thread-1] INFO  storage.RaftStorage (RaftStorage.java:format(72)) - Storage directory /workdir/hadoop-ozone/integration-test/target/test-dir/MiniOzoneClusterImpl-77992fd3-8e8a-426b-8566-445f44124f00/datanode-4/data/ratis/3d847b10-3720-43c7-819e-fb9e4996b38b has been successfully formatted.
2019-10-09 13:13:43,667 [pool-420-thread-1] INFO  server.RaftServerConfigKeys (ConfUtils.java:logGet(43)) - raft.server.notification.no-leader.timeout = 120s (custom)
2019-10-09 13:13:43,667 [pool-420-thread-1] INFO  server.RaftServerConfigKeys (ConfUtils.java:logGet(43)) - raft.server.log.use.memory = false (default)
2019-10-09 13:13:43,667 [pool-440-thread-1] INFO  ratis.ContainerStateMachine (ContainerStateMachine.java:loadSnapshot(230)) - group-FB9E4996B38B: The snapshot info is null. Setting the last applied indexto:(t:0, i:~)
2019-10-09 13:13:43,667 [pool-420-thread-1] INFO  server.RaftServerConfigKeys (ConfUtils.java:logGet(43)) - raft.server.log.purge.gap = 1000000 (custom)
2019-10-09 13:13:43,667 [pool-450-thread-1] INFO  ratis.ContainerStateMachine (ContainerStateMachine.java:loadSnapshot(230)) - group-FB9E4996B38B: The snapshot info is null. Setting the last applied indexto:(t:0, i:~)
2019-10-09 13:13:43,667 [pool-420-thread-1] INFO  server.RaftServerConfigKeys (ConfUtils.java:logGet(43)) - raft.server.log.appender.buffer.byte-limit = 33554432 (custom)
2019-10-09 13:13:43,667 [pool-440-thread-1] INFO  server.RaftServerConfigKeys (ConfUtils.java:logGet(43)) - raft.server.notification.no-leader.timeout = 120s (custom)
2019-10-09 13:13:43,668 [pool-420-thread-1] INFO  server.RaftServerConfigKeys (ConfUtils.java:logGet(43)) - raft.server.log.segment.size.max = 1048576 (custom)
2019-10-09 13:13:43,668 [pool-450-thread-1] INFO  server.RaftServerConfigKeys (ConfUtils.java:logGet(43)) - raft.server.notification.no-leader.timeout = 120s (custom)
2019-10-09 13:13:43,668 [pool-420-thread-1] INFO  server.RaftServerConfigKeys (ConfUtils.java:logGet(43)) - raft.server.log.segment.cache.num.max = 2 (custom)
2019-10-09 13:13:43,668 [pool-440-thread-1] INFO  server.RaftServerConfigKeys (ConfUtils.java:logGet(43)) - raft.server.log.use.memory = false (default)
2019-10-09 13:13:43,668 [pool-420-thread-1] INFO  segmented.SegmentedRaftLogWorker (SegmentedRaftLogWorker.java:<init>(172)) - new 96acbf61-3ece-4d83-9836-a217fb58817a@group-FB9E4996B38B-SegmentedRaftLogWorker for RaftStorage:Storage Directory /workdir/hadoop-ozone/integration-test/target/test-dir/MiniOzoneClusterImpl-77992fd3-8e8a-426b-8566-445f44124f00/datanode-1/data/ratis/3d847b10-3720-43c7-819e-fb9e4996b38b
2019-10-09 13:13:43,668 [pool-450-thread-1] INFO  server.RaftServerConfigKeys (ConfUtils.java:logGet(43)) - raft.server.log.use.memory = false (default)
2019-10-09 13:13:43,669 [pool-420-thread-1] INFO  server.RaftServerConfigKeys (ConfUtils.java:logGet(43)) - raft.server.log.queue.byte-limit = 2147483647 (custom)
2019-10-09 13:13:43,668 [pool-440-thread-1] INFO  server.RaftServerConfigKeys (ConfUtils.java:logGet(43)) - raft.server.log.purge.gap = 1000000 (custom)
2019-10-09 13:13:43,669 [pool-420-thread-1] INFO  server.RaftServerConfigKeys (ConfUtils.java:logGet(43)) - raft.server.log.queue.element-limit = 1024 (custom)
2019-10-09 13:13:43,669 [pool-450-thread-1] INFO  server.RaftServerConfigKeys (ConfUtils.java:logGet(43)) - raft.server.log.purge.gap = 1000000 (custom)
2019-10-09 13:13:43,669 [pool-420-thread-1] INFO  server.RaftServerConfigKeys (ConfUtils.java:logGet(43)) - raft.server.log.segment.size.max = 1048576 (custom)
2019-10-09 13:13:43,669 [pool-440-thread-1] INFO  server.RaftServerConfigKeys (ConfUtils.java:logGet(43)) - raft.server.log.appender.buffer.byte-limit = 33554432 (custom)
2019-10-09 13:13:43,669 [pool-420-thread-1] INFO  server.RaftServerConfigKeys (ConfUtils.java:logGet(43)) - raft.server.log.preallocated.size = 16384 (custom)
2019-10-09 13:13:43,669 [pool-450-thread-1] INFO  server.RaftServerConfigKeys (ConfUtils.java:logGet(43)) - raft.server.log.appender.buffer.byte-limit = 33554432 (custom)
2019-10-09 13:13:43,670 [pool-420-thread-1] INFO  server.RaftServerConfigKeys (ConfUtils.java:logGet(43)) - raft.server.log.write.buffer.size = 33554432 (custom)
2019-10-09 13:13:43,670 [pool-420-thread-1] INFO  server.RaftServerConfigKeys (ConfUtils.java:logGet(43)) - raft.server.log.force.sync.num = 128 (default)
2019-10-09 13:13:43,670 [pool-440-thread-1] INFO  server.RaftServerConfigKeys (ConfUtils.java:logGet(43)) - raft.server.log.segment.size.max = 1048576 (custom)
2019-10-09 13:13:43,670 [pool-420-thread-1] INFO  server.RaftServerConfigKeys (ConfUtils.java:logGet(43)) - raft.server.log.statemachine.data.sync = true (default)
2019-10-09 13:13:43,670 [pool-420-thread-1] INFO  server.RaftServerConfigKeys (ConfUtils.java:logGet(43)) - raft.server.log.statemachine.data.sync.timeout = 10s (default)
2019-10-09 13:13:43,670 [pool-450-thread-1] INFO  server.RaftServerConfigKeys (ConfUtils.java:logGet(43)) - raft.server.log.segment.size.max = 1048576 (custom)
2019-10-09 13:13:43,671 [pool-420-thread-1] INFO  server.RaftServerConfigKeys (ConfUtils.java:logGet(43)) - raft.server.log.statemachine.data.sync.timeout.retry = -1 (default)
2019-10-09 13:13:43,670 [pool-440-thread-1] INFO  server.RaftServerConfigKeys (ConfUtils.java:logGet(43)) - raft.server.log.segment.cache.num.max = 2 (custom)
2019-10-09 13:13:43,671 [pool-420-thread-1] INFO  server.RaftServerConfigKeys (ConfUtils.java:logGet(43)) - raft.server.log.statemachine.data.caching.enabled = true (custom)
2019-10-09 13:13:43,671 [pool-450-thread-1] INFO  server.RaftServerConfigKeys (ConfUtils.java:logGet(43)) - raft.server.log.segment.cache.num.max = 2 (custom)
2019-10-09 13:13:43,671 [pool-440-thread-1] INFO  segmented.SegmentedRaftLogWorker (SegmentedRaftLogWorker.java:<init>(172)) - new 869fbf5b-cbbd-43c6-9f26-156c5192e660@group-FB9E4996B38B-SegmentedRaftLogWorker for RaftStorage:Storage Directory /workdir/hadoop-ozone/integration-test/target/test-dir/MiniOzoneClusterImpl-77992fd3-8e8a-426b-8566-445f44124f00/datanode-3/data/ratis/3d847b10-3720-43c7-819e-fb9e4996b38b
2019-10-09 13:13:43,671 [pool-450-thread-1] INFO  segmented.SegmentedRaftLogWorker (SegmentedRaftLogWorker.java:<init>(172)) - new 162534dc-93d9-4206-ab1e-9268955c7aca@group-FB9E4996B38B-SegmentedRaftLogWorker for RaftStorage:Storage Directory /workdir/hadoop-ozone/integration-test/target/test-dir/MiniOzoneClusterImpl-77992fd3-8e8a-426b-8566-445f44124f00/datanode-4/data/ratis/3d847b10-3720-43c7-819e-fb9e4996b38b
2019-10-09 13:13:43,671 [pool-420-thread-1] INFO  segmented.SegmentedRaftLogWorker (SegmentedRaftLogWorker.java:lambda$new$0(132)) - 96acbf61-3ece-4d83-9836-a217fb58817a@group-FB9E4996B38B-SegmentedRaftLogWorker: flushIndex: setUnconditionally 0 -> -1
2019-10-09 13:13:43,672 [pool-450-thread-1] INFO  server.RaftServerConfigKeys (ConfUtils.java:logGet(43)) - raft.server.log.queue.byte-limit = 2147483647 (custom)
2019-10-09 13:13:43,671 [pool-440-thread-1] INFO  server.RaftServerConfigKeys (ConfUtils.java:logGet(43)) - raft.server.log.queue.byte-limit = 2147483647 (custom)
2019-10-09 13:13:43,672 [pool-420-thread-1] INFO  server.RaftServerConfigKeys (ConfUtils.java:logGet(43)) - raft.server.snapshot.auto.trigger.enabled = true (custom)
2019-10-09 13:13:43,672 [pool-450-thread-1] INFO  server.RaftServerConfigKeys (ConfUtils.java:logGet(43)) - raft.server.log.queue.element-limit = 1024 (custom)
2019-10-09 13:13:43,672 [pool-420-thread-1] INFO  server.RaftServerConfigKeys (ConfUtils.java:logGet(43)) - raft.server.snapshot.auto.trigger.threshold = 10000 (custom)
2019-10-09 13:13:43,672 [pool-420-thread-1] INFO  server.RaftServerConfigKeys (ConfUtils.java:logGet(43)) - raft.server.snapshot.retention.num.files = 5 (custom)
2019-10-09 13:13:43,672 [pool-440-thread-1] INFO  server.RaftServerConfigKeys (ConfUtils.java:logGet(43)) - raft.server.log.queue.element-limit = 1024 (custom)
2019-10-09 13:13:43,672 [pool-420-thread-1] INFO  server.RaftServerConfigKeys (ConfUtils.java:logGet(43)) - raft.server.retrycache.expirytime = 600000ms (custom)
2019-10-09 13:13:43,672 [pool-450-thread-1] INFO  server.RaftServerConfigKeys (ConfUtils.java:logGet(43)) - raft.server.log.segment.size.max = 1048576 (custom)
2019-10-09 13:13:43,673 [pool-440-thread-1] INFO  server.RaftServerConfigKeys (ConfUtils.java:logGet(43)) - raft.server.log.segment.size.max = 1048576 (custom)
2019-10-09 13:13:43,673 [pool-450-thread-1] INFO  server.RaftServerConfigKeys (ConfUtils.java:logGet(43)) - raft.server.log.preallocated.size = 16384 (custom)
2019-10-09 13:13:43,673 [pool-440-thread-1] INFO  server.RaftServerConfigKeys (ConfUtils.java:logGet(43)) - raft.server.log.preallocated.size = 16384 (custom)
2019-10-09 13:13:43,673 [pool-450-thread-1] INFO  server.RaftServerConfigKeys (ConfUtils.java:logGet(43)) - raft.server.log.write.buffer.size = 33554432 (custom)
2019-10-09 13:13:43,673 [pool-440-thread-1] INFO  server.RaftServerConfigKeys (ConfUtils.java:logGet(43)) - raft.server.log.write.buffer.size = 33554432 (custom)
2019-10-09 13:13:43,673 [pool-450-thread-1] INFO  server.RaftServerConfigKeys (ConfUtils.java:logGet(43)) - raft.server.log.force.sync.num = 128 (default)
2019-10-09 13:13:43,673 [pool-440-thread-1] INFO  server.RaftServerConfigKeys (ConfUtils.java:logGet(43)) - raft.server.log.force.sync.num = 128 (default)
2019-10-09 13:13:43,674 [pool-450-thread-1] INFO  server.RaftServerConfigKeys (ConfUtils.java:logGet(43)) - raft.server.log.statemachine.data.sync = true (default)
2019-10-09 13:13:43,674 [pool-440-thread-1] INFO  server.RaftServerConfigKeys (ConfUtils.java:logGet(43)) - raft.server.log.statemachine.data.sync = true (default)
2019-10-09 13:13:43,674 [pool-450-thread-1] INFO  server.RaftServerConfigKeys (ConfUtils.java:logGet(43)) - raft.server.log.statemachine.data.sync.timeout = 10s (default)
2019-10-09 13:13:43,674 [pool-440-thread-1] INFO  server.RaftServerConfigKeys (ConfUtils.java:logGet(43)) - raft.server.log.statemachine.data.sync.timeout = 10s (default)
2019-10-09 13:13:43,674 [pool-450-thread-1] INFO  server.RaftServerConfigKeys (ConfUtils.java:logGet(43)) - raft.server.log.statemachine.data.sync.timeout.retry = -1 (default)
2019-10-09 13:13:43,674 [pool-440-thread-1] INFO  server.RaftServerConfigKeys (ConfUtils.java:logGet(43)) - raft.server.log.statemachine.data.sync.timeout.retry = -1 (default)
2019-10-09 13:13:43,674 [pool-450-thread-1] INFO  server.RaftServerConfigKeys (ConfUtils.java:logGet(43)) - raft.server.log.statemachine.data.caching.enabled = true (custom)
2019-10-09 13:13:43,674 [pool-420-thread-1] INFO  impl.RaftServerImpl (RaftServerImpl.java:start(185)) - 96acbf61-3ece-4d83-9836-a217fb58817a@group-FB9E4996B38B: start as a follower, conf=-1: [96acbf61-3ece-4d83-9836-a217fb58817a:192.168.5.175:35650, 162534dc-93d9-4206-ab1e-9268955c7aca:192.168.5.175:32957, 869fbf5b-cbbd-43c6-9f26-156c5192e660:192.168.5.175:43498], old=null
2019-10-09 13:13:43,675 [pool-450-thread-1] INFO  segmented.SegmentedRaftLogWorker (SegmentedRaftLogWorker.java:lambda$new$0(132)) - 162534dc-93d9-4206-ab1e-9268955c7aca@group-FB9E4996B38B-SegmentedRaftLogWorker: flushIndex: setUnconditionally 0 -> -1
2019-10-09 13:13:43,675 [pool-440-thread-1] INFO  server.RaftServerConfigKeys (ConfUtils.java:logGet(43)) - raft.server.log.statemachine.data.caching.enabled = true (custom)
2019-10-09 13:13:43,675 [pool-420-thread-1] INFO  impl.RaftServerImpl (RaftServerImpl.java:setRole(174)) - 96acbf61-3ece-4d83-9836-a217fb58817a@group-FB9E4996B38B: changes role from      null to FOLLOWER at term 0 for startAsFollower
2019-10-09 13:13:43,675 [pool-450-thread-1] INFO  server.RaftServerConfigKeys (ConfUtils.java:logGet(43)) - raft.server.snapshot.auto.trigger.enabled = true (custom)
2019-10-09 13:13:43,675 [pool-420-thread-1] INFO  impl.RoleInfo (RoleInfo.java:updateAndGet(143)) - 96acbf61-3ece-4d83-9836-a217fb58817a: start FollowerState
2019-10-09 13:13:43,675 [pool-440-thread-1] INFO  segmented.SegmentedRaftLogWorker (SegmentedRaftLogWorker.java:lambda$new$0(132)) - 869fbf5b-cbbd-43c6-9f26-156c5192e660@group-FB9E4996B38B-SegmentedRaftLogWorker: flushIndex: setUnconditionally 0 -> -1
2019-10-09 13:13:43,675 [pool-450-thread-1] INFO  server.RaftServerConfigKeys (ConfUtils.java:logGet(43)) - raft.server.snapshot.auto.trigger.threshold = 10000 (custom)
2019-10-09 13:13:43,676 [pool-420-thread-1] INFO  util.JmxRegister (JmxRegister.java:tryRegister(44)) - Successfully registered JMX Bean with object name Ratis:service=RaftServer,group=group-FB9E4996B38B,id=96acbf61-3ece-4d83-9836-a217fb58817a
2019-10-09 13:13:43,676 [pool-440-thread-1] INFO  server.RaftServerConfigKeys (ConfUtils.java:logGet(43)) - raft.server.snapshot.auto.trigger.enabled = true (custom)
2019-10-09 13:13:43,676 [pool-450-thread-1] INFO  server.RaftServerConfigKeys (ConfUtils.java:logGet(43)) - raft.server.snapshot.retention.num.files = 5 (custom)
2019-10-09 13:13:43,676 [pool-440-thread-1] INFO  server.RaftServerConfigKeys (ConfUtils.java:logGet(43)) - raft.server.snapshot.auto.trigger.threshold = 10000 (custom)
2019-10-09 13:13:43,676 [pool-450-thread-1] INFO  server.RaftServerConfigKeys (ConfUtils.java:logGet(43)) - raft.server.retrycache.expirytime = 600000ms (custom)
2019-10-09 13:13:43,676 [pool-440-thread-1] INFO  server.RaftServerConfigKeys (ConfUtils.java:logGet(43)) - raft.server.snapshot.retention.num.files = 5 (custom)
2019-10-09 13:13:43,676 [pool-440-thread-1] INFO  server.RaftServerConfigKeys (ConfUtils.java:logGet(43)) - raft.server.retrycache.expirytime = 600000ms (custom)
2019-10-09 13:13:43,680 [pool-450-thread-1] INFO  impl.RaftServerImpl (RaftServerImpl.java:start(185)) - 162534dc-93d9-4206-ab1e-9268955c7aca@group-FB9E4996B38B: start as a follower, conf=-1: [96acbf61-3ece-4d83-9836-a217fb58817a:192.168.5.175:35650, 162534dc-93d9-4206-ab1e-9268955c7aca:192.168.5.175:32957, 869fbf5b-cbbd-43c6-9f26-156c5192e660:192.168.5.175:43498], old=null
2019-10-09 13:13:43,680 [pool-440-thread-1] INFO  impl.RaftServerImpl (RaftServerImpl.java:start(185)) - 869fbf5b-cbbd-43c6-9f26-156c5192e660@group-FB9E4996B38B: start as a follower, conf=-1: [96acbf61-3ece-4d83-9836-a217fb58817a:192.168.5.175:35650, 162534dc-93d9-4206-ab1e-9268955c7aca:192.168.5.175:32957, 869fbf5b-cbbd-43c6-9f26-156c5192e660:192.168.5.175:43498], old=null
2019-10-09 13:13:43,680 [pool-450-thread-1] INFO  impl.RaftServerImpl (RaftServerImpl.java:setRole(174)) - 162534dc-93d9-4206-ab1e-9268955c7aca@group-FB9E4996B38B: changes role from      null to FOLLOWER at term 0 for startAsFollower
2019-10-09 13:13:43,680 [pool-440-thread-1] INFO  impl.RaftServerImpl (RaftServerImpl.java:setRole(174)) - 869fbf5b-cbbd-43c6-9f26-156c5192e660@group-FB9E4996B38B: changes role from      null to FOLLOWER at term 0 for startAsFollower
2019-10-09 13:13:43,680 [pool-450-thread-1] INFO  impl.RoleInfo (RoleInfo.java:updateAndGet(143)) - 162534dc-93d9-4206-ab1e-9268955c7aca: start FollowerState
2019-10-09 13:13:43,680 [pool-440-thread-1] INFO  impl.RoleInfo (RoleInfo.java:updateAndGet(143)) - 869fbf5b-cbbd-43c6-9f26-156c5192e660: start FollowerState
2019-10-09 13:13:43,680 [pool-450-thread-1] INFO  util.JmxRegister (JmxRegister.java:tryRegister(44)) - Successfully registered JMX Bean with object name Ratis:service=RaftServer,group=group-FB9E4996B38B,id=162534dc-93d9-4206-ab1e-9268955c7aca
2019-10-09 13:13:43,681 [pool-440-thread-1] INFO  util.JmxRegister (JmxRegister.java:tryRegister(44)) - Successfully registered JMX Bean with object name Ratis:service=RaftServer,group=group-FB9E4996B38B,id=869fbf5b-cbbd-43c6-9f26-156c5192e660
2019-10-09 13:13:43,683 [RatisPipelineUtilsThread] INFO  pipeline.PipelineStateManager (PipelineStateManager.java:addPipeline(56)) - Created pipeline Pipeline[ Id: 3d847b10-3720-43c7-819e-fb9e4996b38b, Nodes: 96acbf61-3ece-4d83-9836-a217fb58817a{ip: 192.168.5.175, host: pr-hdds-1569-mfl88-1504498049, networkLocation: /default-rack, certSerialId: null}869fbf5b-cbbd-43c6-9f26-156c5192e660{ip: 192.168.5.175, host: pr-hdds-1569-mfl88-1504498049, networkLocation: /default-rack, certSerialId: null}162534dc-93d9-4206-ab1e-9268955c7aca{ip: 192.168.5.175, host: pr-hdds-1569-mfl88-1504498049, networkLocation: /default-rack, certSerialId: null}, Type:RATIS, Factor:THREE, State:OPEN]
2019-10-09 13:13:43,690 [grpc-default-executor-15] INFO  impl.RaftServerProxy (RaftServerProxy.java:addNew(89)) - 162534dc-93d9-4206-ab1e-9268955c7aca: addNew group-4A4B977E74D1:[96acbf61-3ece-4d83-9836-a217fb58817a:192.168.5.175:35650, 162534dc-93d9-4206-ab1e-9268955c7aca:192.168.5.175:32957, 869fbf5b-cbbd-43c6-9f26-156c5192e660:192.168.5.175:43498] returns group-4A4B977E74D1:java.util.concurrent.CompletableFuture@11e18a39[Not completed]
2019-10-09 13:13:43,690 [grpc-default-executor-34] INFO  impl.RaftServerProxy (RaftServerProxy.java:addNew(89)) - 96acbf61-3ece-4d83-9836-a217fb58817a: addNew group-4A4B977E74D1:[96acbf61-3ece-4d83-9836-a217fb58817a:192.168.5.175:35650, 162534dc-93d9-4206-ab1e-9268955c7aca:192.168.5.175:32957, 869fbf5b-cbbd-43c6-9f26-156c5192e660:192.168.5.175:43498] returns group-4A4B977E74D1:java.util.concurrent.CompletableFuture@48d6c520[Not completed]
2019-10-09 13:13:43,690 [grpc-default-executor-35] INFO  impl.RaftServerProxy (RaftServerProxy.java:addNew(89)) - 869fbf5b-cbbd-43c6-9f26-156c5192e660: addNew group-4A4B977E74D1:[96acbf61-3ece-4d83-9836-a217fb58817a:192.168.5.175:35650, 162534dc-93d9-4206-ab1e-9268955c7aca:192.168.5.175:32957, 869fbf5b-cbbd-43c6-9f26-156c5192e660:192.168.5.175:43498] returns group-4A4B977E74D1:java.util.concurrent.CompletableFuture@12aff067[Not completed]
2019-10-09 13:13:43,691 [pool-450-thread-1] INFO  impl.RaftServerImpl (RaftServerImpl.java:<init>(95)) - 162534dc-93d9-4206-ab1e-9268955c7aca: new RaftServerImpl for group-4A4B977E74D1:[96acbf61-3ece-4d83-9836-a217fb58817a:192.168.5.175:35650, 162534dc-93d9-4206-ab1e-9268955c7aca:192.168.5.175:32957, 869fbf5b-cbbd-43c6-9f26-156c5192e660:192.168.5.175:43498] with ContainerStateMachine:uninitialized
2019-10-09 13:13:43,691 [pool-450-thread-1] INFO  server.RaftServerConfigKeys (ConfUtils.java:logGet(43)) - raft.server.rpc.timeout.min = 5s (custom)
2019-10-09 13:13:43,692 [pool-450-thread-1] INFO  server.RaftServerConfigKeys (ConfUtils.java:logGet(43)) - raft.server.rpc.timeout.max = 5200ms (custom)
2019-10-09 13:13:43,692 [pool-450-thread-1] INFO  server.RaftServerConfigKeys (ConfUtils.java:logGet(43)) - raft.server.rpcslowness.timeout = 120s (custom)
2019-10-09 13:13:43,692 [pool-450-thread-1] INFO  server.RaftServerConfigKeys (ConfUtils.java:logGet(43)) - raft.server.sleep.deviation.threshold = 300 (default)
2019-10-09 13:13:43,692 [pool-450-thread-1] INFO  server.RaftServerConfigKeys (ConfUtils.java:logGet(43)) - raft.server.log.appender.install.snapshot.enabled = false (custom)
2019-10-09 13:13:43,692 [pool-450-thread-1] INFO  impl.RaftServerImpl (ServerState.java:<init>(103)) - 162534dc-93d9-4206-ab1e-9268955c7aca@group-4A4B977E74D1: ConfigurationManager, init=-1: [96acbf61-3ece-4d83-9836-a217fb58817a:192.168.5.175:35650, 162534dc-93d9-4206-ab1e-9268955c7aca:192.168.5.175:32957, 869fbf5b-cbbd-43c6-9f26-156c5192e660:192.168.5.175:43498], old=null, confs=<EMPTY_MAP>
2019-10-09 13:13:43,692 [pool-450-thread-1] INFO  server.RaftServerConfigKeys (ConfUtils.java:logGet(43)) - raft.server.storage.dir = [/workdir/hadoop-ozone/integration-test/target/test-dir/MiniOzoneClusterImpl-77992fd3-8e8a-426b-8566-445f44124f00/datanode-4/data/ratis] (custom)
2019-10-09 13:13:43,692 [pool-440-thread-1] INFO  impl.RaftServerImpl (RaftServerImpl.java:<init>(95)) - 869fbf5b-cbbd-43c6-9f26-156c5192e660: new RaftServerImpl for group-4A4B977E74D1:[96acbf61-3ece-4d83-9836-a217fb58817a:192.168.5.175:35650, 162534dc-93d9-4206-ab1e-9268955c7aca:192.168.5.175:32957, 869fbf5b-cbbd-43c6-9f26-156c5192e660:192.168.5.175:43498] with ContainerStateMachine:uninitialized
2019-10-09 13:13:43,692 [pool-450-thread-1] INFO  storage.RaftStorageDirectory (RaftStorageDirectory.java:analyzeStorage(246)) - The storage directory /workdir/hadoop-ozone/integration-test/target/test-dir/MiniOzoneClusterImpl-77992fd3-8e8a-426b-8566-445f44124f00/datanode-4/data/ratis/31436527-0db7-4839-a6a0-4a4b977e74d1 does not exist. Creating ...
2019-10-09 13:13:43,692 [pool-440-thread-1] INFO  server.RaftServerConfigKeys (ConfUtils.java:logGet(43)) - raft.server.rpc.timeout.min = 5s (custom)
2019-10-09 13:13:43,693 [pool-420-thread-1] INFO  impl.RaftServerImpl (RaftServerImpl.java:<init>(95)) - 96acbf61-3ece-4d83-9836-a217fb58817a: new RaftServerImpl for group-4A4B977E74D1:[96acbf61-3ece-4d83-9836-a217fb58817a:192.168.5.175:35650, 162534dc-93d9-4206-ab1e-9268955c7aca:192.168.5.175:32957, 869fbf5b-cbbd-43c6-9f26-156c5192e660:192.168.5.175:43498] with ContainerStateMachine:uninitialized
2019-10-09 13:13:43,693 [pool-440-thread-1] INFO  server.RaftServerConfigKeys (ConfUtils.java:logGet(43)) - raft.server.rpc.timeout.max = 5200ms (custom)
2019-10-09 13:13:43,693 [pool-420-thread-1] INFO  server.RaftServerConfigKeys (ConfUtils.java:logGet(43)) - raft.server.rpc.timeout.min = 5s (custom)
2019-10-09 13:13:43,693 [pool-440-thread-1] INFO  server.RaftServerConfigKeys (ConfUtils.java:logGet(43)) - raft.server.rpcslowness.timeout = 120s (custom)
2019-10-09 13:13:43,693 [pool-420-thread-1] INFO  server.RaftServerConfigKeys (ConfUtils.java:logGet(43)) - raft.server.rpc.timeout.max = 5200ms (custom)
2019-10-09 13:13:43,693 [pool-440-thread-1] INFO  server.RaftServerConfigKeys (ConfUtils.java:logGet(43)) - raft.server.sleep.deviation.threshold = 300 (default)
2019-10-09 13:13:43,693 [pool-420-thread-1] INFO  server.RaftServerConfigKeys (ConfUtils.java:logGet(43)) - raft.server.rpcslowness.timeout = 120s (custom)
2019-10-09 13:13:43,694 [pool-440-thread-1] INFO  server.RaftServerConfigKeys (ConfUtils.java:logGet(43)) - raft.server.log.appender.install.snapshot.enabled = false (custom)
2019-10-09 13:13:43,694 [pool-420-thread-1] INFO  server.RaftServerConfigKeys (ConfUtils.java:logGet(43)) - raft.server.sleep.deviation.threshold = 300 (default)
2019-10-09 13:13:43,694 [pool-440-thread-1] INFO  impl.RaftServerImpl (ServerState.java:<init>(103)) - 869fbf5b-cbbd-43c6-9f26-156c5192e660@group-4A4B977E74D1: ConfigurationManager, init=-1: [96acbf61-3ece-4d83-9836-a217fb58817a:192.168.5.175:35650, 162534dc-93d9-4206-ab1e-9268955c7aca:192.168.5.175:32957, 869fbf5b-cbbd-43c6-9f26-156c5192e660:192.168.5.175:43498], old=null, confs=<EMPTY_MAP>
2019-10-09 13:13:43,694 [pool-420-thread-1] INFO  server.RaftServerConfigKeys (ConfUtils.java:logGet(43)) - raft.server.log.appender.install.snapshot.enabled = false (custom)
2019-10-09 13:13:43,694 [pool-440-thread-1] INFO  server.RaftServerConfigKeys (ConfUtils.java:logGet(43)) - raft.server.storage.dir = [/workdir/hadoop-ozone/integration-test/target/test-dir/MiniOzoneClusterImpl-77992fd3-8e8a-426b-8566-445f44124f00/datanode-3/data/ratis] (custom)
2019-10-09 13:13:43,694 [pool-420-thread-1] INFO  impl.RaftServerImpl (ServerState.java:<init>(103)) - 96acbf61-3ece-4d83-9836-a217fb58817a@group-4A4B977E74D1: ConfigurationManager, init=-1: [96acbf61-3ece-4d83-9836-a217fb58817a:192.168.5.175:35650, 162534dc-93d9-4206-ab1e-9268955c7aca:192.168.5.175:32957, 869fbf5b-cbbd-43c6-9f26-156c5192e660:192.168.5.175:43498], old=null, confs=<EMPTY_MAP>
2019-10-09 13:13:43,695 [pool-420-thread-1] INFO  server.RaftServerConfigKeys (ConfUtils.java:logGet(43)) - raft.server.storage.dir = [/workdir/hadoop-ozone/integration-test/target/test-dir/MiniOzoneClusterImpl-77992fd3-8e8a-426b-8566-445f44124f00/datanode-1/data/ratis] (custom)
2019-10-09 13:13:43,695 [pool-440-thread-1] INFO  storage.RaftStorageDirectory (RaftStorageDirectory.java:analyzeStorage(246)) - The storage directory /workdir/hadoop-ozone/integration-test/target/test-dir/MiniOzoneClusterImpl-77992fd3-8e8a-426b-8566-445f44124f00/datanode-3/data/ratis/31436527-0db7-4839-a6a0-4a4b977e74d1 does not exist. Creating ...
2019-10-09 13:13:43,695 [pool-420-thread-1] INFO  storage.RaftStorageDirectory (RaftStorageDirectory.java:analyzeStorage(246)) - The storage directory /workdir/hadoop-ozone/integration-test/target/test-dir/MiniOzoneClusterImpl-77992fd3-8e8a-426b-8566-445f44124f00/datanode-1/data/ratis/31436527-0db7-4839-a6a0-4a4b977e74d1 does not exist. Creating ...
2019-10-09 13:13:43,701 [pool-450-thread-1] INFO  storage.RaftStorageDirectory (RaftStorageDirectory.java:tryLock(328)) - Lock on /workdir/hadoop-ozone/integration-test/target/test-dir/MiniOzoneClusterImpl-77992fd3-8e8a-426b-8566-445f44124f00/datanode-4/data/ratis/31436527-0db7-4839-a6a0-4a4b977e74d1/in_use.lock acquired by nodename 6401@pr-hdds-1569-mfl88-1504498049
2019-10-09 13:13:43,701 [pool-420-thread-1] INFO  storage.RaftStorageDirectory (RaftStorageDirectory.java:tryLock(328)) - Lock on /workdir/hadoop-ozone/integration-test/target/test-dir/MiniOzoneClusterImpl-77992fd3-8e8a-426b-8566-445f44124f00/datanode-1/data/ratis/31436527-0db7-4839-a6a0-4a4b977e74d1/in_use.lock acquired by nodename 6401@pr-hdds-1569-mfl88-1504498049
2019-10-09 13:13:43,701 [pool-440-thread-1] INFO  storage.RaftStorageDirectory (RaftStorageDirectory.java:tryLock(328)) - Lock on /workdir/hadoop-ozone/integration-test/target/test-dir/MiniOzoneClusterImpl-77992fd3-8e8a-426b-8566-445f44124f00/datanode-3/data/ratis/31436527-0db7-4839-a6a0-4a4b977e74d1/in_use.lock acquired by nodename 6401@pr-hdds-1569-mfl88-1504498049
2019-10-09 13:13:43,714 [pool-450-thread-1] INFO  storage.RaftStorage (RaftStorage.java:format(72)) - Storage directory /workdir/hadoop-ozone/integration-test/target/test-dir/MiniOzoneClusterImpl-77992fd3-8e8a-426b-8566-445f44124f00/datanode-4/data/ratis/31436527-0db7-4839-a6a0-4a4b977e74d1 has been successfully formatted.
2019-10-09 13:13:43,714 [pool-420-thread-1] INFO  storage.RaftStorage (RaftStorage.java:format(72)) - Storage directory /workdir/hadoop-ozone/integration-test/target/test-dir/MiniOzoneClusterImpl-77992fd3-8e8a-426b-8566-445f44124f00/datanode-1/data/ratis/31436527-0db7-4839-a6a0-4a4b977e74d1 has been successfully formatted.
2019-10-09 13:13:43,714 [pool-440-thread-1] INFO  storage.RaftStorage (RaftStorage.java:format(72)) - Storage directory /workdir/hadoop-ozone/integration-test/target/test-dir/MiniOzoneClusterImpl-77992fd3-8e8a-426b-8566-445f44124f00/datanode-3/data/ratis/31436527-0db7-4839-a6a0-4a4b977e74d1 has been successfully formatted.
2019-10-09 13:13:43,714 [pool-420-thread-1] INFO  ratis.ContainerStateMachine (ContainerStateMachine.java:loadSnapshot(230)) - group-4A4B977E74D1: The snapshot info is null. Setting the last applied indexto:(t:0, i:~)
2019-10-09 13:13:43,714 [pool-450-thread-1] INFO  ratis.ContainerStateMachine (ContainerStateMachine.java:loadSnapshot(230)) - group-4A4B977E74D1: The snapshot info is null. Setting the last applied indexto:(t:0, i:~)
2019-10-09 13:13:43,714 [pool-420-thread-1] INFO  server.RaftServerConfigKeys (ConfUtils.java:logGet(43)) - raft.server.notification.no-leader.timeout = 120s (custom)
2019-10-09 13:13:43,714 [pool-440-thread-1] INFO  ratis.ContainerStateMachine (ContainerStateMachine.java:loadSnapshot(230)) - group-4A4B977E74D1: The snapshot info is null. Setting the last applied indexto:(t:0, i:~)
2019-10-09 13:13:43,715 [pool-420-thread-1] INFO  server.RaftServerConfigKeys (ConfUtils.java:logGet(43)) - raft.server.log.use.memory = false (default)
2019-10-09 13:13:43,715 [pool-450-thread-1] INFO  server.RaftServerConfigKeys (ConfUtils.java:logGet(43)) - raft.server.notification.no-leader.timeout = 120s (custom)
2019-10-09 13:13:43,715 [pool-420-thread-1] INFO  server.RaftServerConfigKeys (ConfUtils.java:logGet(43)) - raft.server.log.purge.gap = 1000000 (custom)
2019-10-09 13:13:43,715 [pool-440-thread-1] INFO  server.RaftServerConfigKeys (ConfUtils.java:logGet(43)) - raft.server.notification.no-leader.timeout = 120s (custom)
2019-10-09 13:13:43,715 [pool-420-thread-1] INFO  server.RaftServerConfigKeys (ConfUtils.java:logGet(43)) - raft.server.log.appender.buffer.byte-limit = 33554432 (custom)
2019-10-09 13:13:43,715 [pool-450-thread-1] INFO  server.RaftServerConfigKeys (ConfUtils.java:logGet(43)) - raft.server.log.use.memory = false (default)
2019-10-09 13:13:43,715 [pool-420-thread-1] INFO  server.RaftServerConfigKeys (ConfUtils.java:logGet(43)) - raft.server.log.segment.size.max = 1048576 (custom)
2019-10-09 13:13:43,715 [pool-440-thread-1] INFO  server.RaftServerConfigKeys (ConfUtils.java:logGet(43)) - raft.server.log.use.memory = false (default)
2019-10-09 13:13:43,716 [pool-420-thread-1] INFO  server.RaftServerConfigKeys (ConfUtils.java:logGet(43)) - raft.server.log.segment.cache.num.max = 2 (custom)
2019-10-09 13:13:43,715 [pool-450-thread-1] INFO  server.RaftServerConfigKeys (ConfUtils.java:logGet(43)) - raft.server.log.purge.gap = 1000000 (custom)
2019-10-09 13:13:43,716 [pool-420-thread-1] INFO  segmented.SegmentedRaftLogWorker (SegmentedRaftLogWorker.java:<init>(172)) - new 96acbf61-3ece-4d83-9836-a217fb58817a@group-4A4B977E74D1-SegmentedRaftLogWorker for RaftStorage:Storage Directory /workdir/hadoop-ozone/integration-test/target/test-dir/MiniOzoneClusterImpl-77992fd3-8e8a-426b-8566-445f44124f00/datanode-1/data/ratis/31436527-0db7-4839-a6a0-4a4b977e74d1
2019-10-09 13:13:43,716 [pool-440-thread-1] INFO  server.RaftServerConfigKeys (ConfUtils.java:logGet(43)) - raft.server.log.purge.gap = 1000000 (custom)
2019-10-09 13:13:43,716 [pool-420-thread-1] INFO  server.RaftServerConfigKeys (ConfUtils.java:logGet(43)) - raft.server.log.queue.byte-limit = 2147483647 (custom)
2019-10-09 13:13:43,716 [pool-450-thread-1] INFO  server.RaftServerConfigKeys (ConfUtils.java:logGet(43)) - raft.server.log.appender.buffer.byte-limit = 33554432 (custom)
2019-10-09 13:13:43,716 [pool-420-thread-1] INFO  server.RaftServerConfigKeys (ConfUtils.java:logGet(43)) - raft.server.log.queue.element-limit = 1024 (custom)
2019-10-09 13:13:43,716 [pool-440-thread-1] INFO  server.RaftServerConfigKeys (ConfUtils.java:logGet(43)) - raft.server.log.appender.buffer.byte-limit = 33554432 (custom)
2019-10-09 13:13:43,716 [pool-420-thread-1] INFO  server.RaftServerConfigKeys (ConfUtils.java:logGet(43)) - raft.server.log.segment.size.max = 1048576 (custom)
2019-10-09 13:13:43,716 [pool-450-thread-1] INFO  server.RaftServerConfigKeys (ConfUtils.java:logGet(43)) - raft.server.log.segment.size.max = 1048576 (custom)
2019-10-09 13:13:43,717 [pool-420-thread-1] INFO  server.RaftServerConfigKeys (ConfUtils.java:logGet(43)) - raft.server.log.preallocated.size = 16384 (custom)
2019-10-09 13:13:43,716 [pool-440-thread-1] INFO  server.RaftServerConfigKeys (ConfUtils.java:logGet(43)) - raft.server.log.segment.size.max = 1048576 (custom)
2019-10-09 13:13:43,717 [pool-420-thread-1] INFO  server.RaftServerConfigKeys (ConfUtils.java:logGet(43)) - raft.server.log.write.buffer.size = 33554432 (custom)
2019-10-09 13:13:43,717 [pool-450-thread-1] INFO  server.RaftServerConfigKeys (ConfUtils.java:logGet(43)) - raft.server.log.segment.cache.num.max = 2 (custom)
2019-10-09 13:13:43,717 [pool-420-thread-1] INFO  server.RaftServerConfigKeys (ConfUtils.java:logGet(43)) - raft.server.log.force.sync.num = 128 (default)
2019-10-09 13:13:43,717 [pool-440-thread-1] INFO  server.RaftServerConfigKeys (ConfUtils.java:logGet(43)) - raft.server.log.segment.cache.num.max = 2 (custom)
2019-10-09 13:13:43,717 [pool-420-thread-1] INFO  server.RaftServerConfigKeys (ConfUtils.java:logGet(43)) - raft.server.log.statemachine.data.sync = true (default)
2019-10-09 13:13:43,717 [pool-450-thread-1] INFO  segmented.SegmentedRaftLogWorker (SegmentedRaftLogWorker.java:<init>(172)) - new 162534dc-93d9-4206-ab1e-9268955c7aca@group-4A4B977E74D1-SegmentedRaftLogWorker for RaftStorage:Storage Directory /workdir/hadoop-ozone/integration-test/target/test-dir/MiniOzoneClusterImpl-77992fd3-8e8a-426b-8566-445f44124f00/datanode-4/data/ratis/31436527-0db7-4839-a6a0-4a4b977e74d1
2019-10-09 13:13:43,717 [pool-420-thread-1] INFO  server.RaftServerConfigKeys (ConfUtils.java:logGet(43)) - raft.server.log.statemachine.data.sync.timeout = 10s (default)
2019-10-09 13:13:43,717 [pool-440-thread-1] INFO  segmented.SegmentedRaftLogWorker (SegmentedRaftLogWorker.java:<init>(172)) - new 869fbf5b-cbbd-43c6-9f26-156c5192e660@group-4A4B977E74D1-SegmentedRaftLogWorker for RaftStorage:Storage Directory /workdir/hadoop-ozone/integration-test/target/test-dir/MiniOzoneClusterImpl-77992fd3-8e8a-426b-8566-445f44124f00/datanode-3/data/ratis/31436527-0db7-4839-a6a0-4a4b977e74d1
2019-10-09 13:13:43,718 [pool-420-thread-1] INFO  server.RaftServerConfigKeys (ConfUtils.java:logGet(43)) - raft.server.log.statemachine.data.sync.timeout.retry = -1 (default)
2019-10-09 13:13:43,718 [pool-450-thread-1] INFO  server.RaftServerConfigKeys (ConfUtils.java:logGet(43)) - raft.server.log.queue.byte-limit = 2147483647 (custom)
2019-10-09 13:13:43,718 [pool-420-thread-1] INFO  server.RaftServerConfigKeys (ConfUtils.java:logGet(43)) - raft.server.log.statemachine.data.caching.enabled = true (custom)
2019-10-09 13:13:43,718 [pool-440-thread-1] INFO  server.RaftServerConfigKeys (ConfUtils.java:logGet(43)) - raft.server.log.queue.byte-limit = 2147483647 (custom)
2019-10-09 13:13:43,718 [pool-450-thread-1] INFO  server.RaftServerConfigKeys (ConfUtils.java:logGet(43)) - raft.server.log.queue.element-limit = 1024 (custom)
2019-10-09 13:13:43,718 [pool-420-thread-1] INFO  segmented.SegmentedRaftLogWorker (SegmentedRaftLogWorker.java:lambda$new$0(132)) - 96acbf61-3ece-4d83-9836-a217fb58817a@group-4A4B977E74D1-SegmentedRaftLogWorker: flushIndex: setUnconditionally 0 -> -1
2019-10-09 13:13:43,718 [pool-440-thread-1] INFO  server.RaftServerConfigKeys (ConfUtils.java:logGet(43)) - raft.server.log.queue.element-limit = 1024 (custom)
2019-10-09 13:13:43,718 [pool-450-thread-1] INFO  server.RaftServerConfigKeys (ConfUtils.java:logGet(43)) - raft.server.log.segment.size.max = 1048576 (custom)
2019-10-09 13:13:43,719 [pool-420-thread-1] INFO  server.RaftServerConfigKeys (ConfUtils.java:logGet(43)) - raft.server.snapshot.auto.trigger.enabled = true (custom)
2019-10-09 13:13:43,719 [pool-440-thread-1] INFO  server.RaftServerConfigKeys (ConfUtils.java:logGet(43)) - raft.server.log.segment.size.max = 1048576 (custom)
2019-10-09 13:13:43,719 [pool-420-thread-1] INFO  server.RaftServerConfigKeys (ConfUtils.java:logGet(43)) - raft.server.snapshot.auto.trigger.threshold = 10000 (custom)
2019-10-09 13:13:43,719 [pool-450-thread-1] INFO  server.RaftServerConfigKeys (ConfUtils.java:logGet(43)) - raft.server.log.preallocated.size = 16384 (custom)
2019-10-09 13:13:43,719 [pool-420-thread-1] INFO  server.RaftServerConfigKeys (ConfUtils.java:logGet(43)) - raft.server.snapshot.retention.num.files = 5 (custom)
2019-10-09 13:13:43,719 [pool-440-thread-1] INFO  server.RaftServerConfigKeys (ConfUtils.java:logGet(43)) - raft.server.log.preallocated.size = 16384 (custom)
2019-10-09 13:13:43,719 [pool-420-thread-1] INFO  server.RaftServerConfigKeys (ConfUtils.java:logGet(43)) - raft.server.retrycache.expirytime = 600000ms (custom)
2019-10-09 13:13:43,719 [pool-450-thread-1] INFO  server.RaftServerConfigKeys (ConfUtils.java:logGet(43)) - raft.server.log.write.buffer.size = 33554432 (custom)
2019-10-09 13:13:43,719 [pool-440-thread-1] INFO  server.RaftServerConfigKeys (ConfUtils.java:logGet(43)) - raft.server.log.write.buffer.size = 33554432 (custom)
2019-10-09 13:13:43,720 [pool-450-thread-1] INFO  server.RaftServerConfigKeys (ConfUtils.java:logGet(43)) - raft.server.log.force.sync.num = 128 (default)
2019-10-09 13:13:43,720 [pool-440-thread-1] INFO  server.RaftServerConfigKeys (ConfUtils.java:logGet(43)) - raft.server.log.force.sync.num = 128 (default)
2019-10-09 13:13:43,720 [pool-450-thread-1] INFO  server.RaftServerConfigKeys (ConfUtils.java:logGet(43)) - raft.server.log.statemachine.data.sync = true (default)
2019-10-09 13:13:43,720 [pool-440-thread-1] INFO  server.RaftServerConfigKeys (ConfUtils.java:logGet(43)) - raft.server.log.statemachine.data.sync = true (default)
2019-10-09 13:13:43,720 [pool-450-thread-1] INFO  server.RaftServerConfigKeys (ConfUtils.java:logGet(43)) - raft.server.log.statemachine.data.sync.timeout = 10s (default)
2019-10-09 13:13:43,720 [pool-440-thread-1] INFO  server.RaftServerConfigKeys (ConfUtils.java:logGet(43)) - raft.server.log.statemachine.data.sync.timeout = 10s (default)
2019-10-09 13:13:43,720 [pool-450-thread-1] INFO  server.RaftServerConfigKeys (ConfUtils.java:logGet(43)) - raft.server.log.statemachine.data.sync.timeout.retry = -1 (default)
2019-10-09 13:13:43,720 [pool-440-thread-1] INFO  server.RaftServerConfigKeys (ConfUtils.java:logGet(43)) - raft.server.log.statemachine.data.sync.timeout.retry = -1 (default)
2019-10-09 13:13:43,721 [pool-450-thread-1] INFO  server.RaftServerConfigKeys (ConfUtils.java:logGet(43)) - raft.server.log.statemachine.data.caching.enabled = true (custom)
2019-10-09 13:13:43,721 [pool-440-thread-1] INFO  server.RaftServerConfigKeys (ConfUtils.java:logGet(43)) - raft.server.log.statemachine.data.caching.enabled = true (custom)
2019-10-09 13:13:43,721 [pool-450-thread-1] INFO  segmented.SegmentedRaftLogWorker (SegmentedRaftLogWorker.java:lambda$new$0(132)) - 162534dc-93d9-4206-ab1e-9268955c7aca@group-4A4B977E74D1-SegmentedRaftLogWorker: flushIndex: setUnconditionally 0 -> -1
2019-10-09 13:13:43,721 [pool-420-thread-1] INFO  impl.RaftServerImpl (RaftServerImpl.java:start(185)) - 96acbf61-3ece-4d83-9836-a217fb58817a@group-4A4B977E74D1: start as a follower, conf=-1: [96acbf61-3ece-4d83-9836-a217fb58817a:192.168.5.175:35650, 162534dc-93d9-4206-ab1e-9268955c7aca:192.168.5.175:32957, 869fbf5b-cbbd-43c6-9f26-156c5192e660:192.168.5.175:43498], old=null
2019-10-09 13:13:43,721 [pool-440-thread-1] INFO  segmented.SegmentedRaftLogWorker (SegmentedRaftLogWorker.java:lambda$new$0(132)) - 869fbf5b-cbbd-43c6-9f26-156c5192e660@group-4A4B977E74D1-SegmentedRaftLogWorker: flushIndex: setUnconditionally 0 -> -1
2019-10-09 13:13:43,721 [pool-450-thread-1] INFO  server.RaftServerConfigKeys (ConfUtils.java:logGet(43)) - raft.server.snapshot.auto.trigger.enabled = true (custom)
2019-10-09 13:13:43,721 [pool-420-thread-1] INFO  impl.RaftServerImpl (RaftServerImpl.java:setRole(174)) - 96acbf61-3ece-4d83-9836-a217fb58817a@group-4A4B977E74D1: changes role from      null to FOLLOWER at term 0 for startAsFollower
2019-10-09 13:13:43,721 [pool-450-thread-1] INFO  server.RaftServerConfigKeys (ConfUtils.java:logGet(43)) - raft.server.snapshot.auto.trigger.threshold = 10000 (custom)
2019-10-09 13:13:43,721 [pool-440-thread-1] INFO  server.RaftServerConfigKeys (ConfUtils.java:logGet(43)) - raft.server.snapshot.auto.trigger.enabled = true (custom)
2019-10-09 13:13:43,722 [pool-450-thread-1] INFO  server.RaftServerConfigKeys (ConfUtils.java:logGet(43)) - raft.server.snapshot.retention.num.files = 5 (custom)
2019-10-09 13:13:43,722 [pool-420-thread-1] INFO  impl.RoleInfo (RoleInfo.java:updateAndGet(143)) - 96acbf61-3ece-4d83-9836-a217fb58817a: start FollowerState
2019-10-09 13:13:43,722 [pool-450-thread-1] INFO  server.RaftServerConfigKeys (ConfUtils.java:logGet(43)) - raft.server.retrycache.expirytime = 600000ms (custom)
2019-10-09 13:13:43,722 [pool-440-thread-1] INFO  server.RaftServerConfigKeys (ConfUtils.java:logGet(43)) - raft.server.snapshot.auto.trigger.threshold = 10000 (custom)
2019-10-09 13:13:43,722 [pool-420-thread-1] INFO  util.JmxRegister (JmxRegister.java:tryRegister(44)) - Successfully registered JMX Bean with object name Ratis:service=RaftServer,group=group-4A4B977E74D1,id=96acbf61-3ece-4d83-9836-a217fb58817a
2019-10-09 13:13:43,722 [pool-440-thread-1] INFO  server.RaftServerConfigKeys (ConfUtils.java:logGet(43)) - raft.server.snapshot.retention.num.files = 5 (custom)
2019-10-09 13:13:43,723 [pool-440-thread-1] INFO  server.RaftServerConfigKeys (ConfUtils.java:logGet(43)) - raft.server.retrycache.expirytime = 600000ms (custom)
2019-10-09 13:13:43,724 [pool-450-thread-1] INFO  impl.RaftServerImpl (RaftServerImpl.java:start(185)) - 162534dc-93d9-4206-ab1e-9268955c7aca@group-4A4B977E74D1: start as a follower, conf=-1: [96acbf61-3ece-4d83-9836-a217fb58817a:192.168.5.175:35650, 162534dc-93d9-4206-ab1e-9268955c7aca:192.168.5.175:32957, 869fbf5b-cbbd-43c6-9f26-156c5192e660:192.168.5.175:43498], old=null
2019-10-09 13:13:43,724 [pool-450-thread-1] INFO  impl.RaftServerImpl (RaftServerImpl.java:setRole(174)) - 162534dc-93d9-4206-ab1e-9268955c7aca@group-4A4B977E74D1: changes role from      null to FOLLOWER at term 0 for startAsFollower
2019-10-09 13:13:43,724 [pool-450-thread-1] INFO  impl.RoleInfo (RoleInfo.java:updateAndGet(143)) - 162534dc-93d9-4206-ab1e-9268955c7aca: start FollowerState
2019-10-09 13:13:43,725 [pool-450-thread-1] INFO  util.JmxRegister (JmxRegister.java:tryRegister(44)) - Successfully registered JMX Bean with object name Ratis:service=RaftServer,group=group-4A4B977E74D1,id=162534dc-93d9-4206-ab1e-9268955c7aca
2019-10-09 13:13:43,725 [pool-440-thread-1] INFO  impl.RaftServerImpl (RaftServerImpl.java:start(185)) - 869fbf5b-cbbd-43c6-9f26-156c5192e660@group-4A4B977E74D1: start as a follower, conf=-1: [96acbf61-3ece-4d83-9836-a217fb58817a:192.168.5.175:35650, 162534dc-93d9-4206-ab1e-9268955c7aca:192.168.5.175:32957, 869fbf5b-cbbd-43c6-9f26-156c5192e660:192.168.5.175:43498], old=null
2019-10-09 13:13:43,725 [pool-440-thread-1] INFO  impl.RaftServerImpl (RaftServerImpl.java:setRole(174)) - 869fbf5b-cbbd-43c6-9f26-156c5192e660@group-4A4B977E74D1: changes role from      null to FOLLOWER at term 0 for startAsFollower
2019-10-09 13:13:43,725 [pool-440-thread-1] INFO  impl.RoleInfo (RoleInfo.java:updateAndGet(143)) - 869fbf5b-cbbd-43c6-9f26-156c5192e660: start FollowerState
2019-10-09 13:13:43,725 [pool-440-thread-1] INFO  util.JmxRegister (JmxRegister.java:tryRegister(44)) - Successfully registered JMX Bean with object name Ratis:service=RaftServer,group=group-4A4B977E74D1,id=869fbf5b-cbbd-43c6-9f26-156c5192e660
2019-10-09 13:13:43,727 [RatisPipelineUtilsThread] INFO  pipeline.PipelineStateManager (PipelineStateManager.java:addPipeline(56)) - Created pipeline Pipeline[ Id: 31436527-0db7-4839-a6a0-4a4b977e74d1, Nodes: 96acbf61-3ece-4d83-9836-a217fb58817a{ip: 192.168.5.175, host: pr-hdds-1569-mfl88-1504498049, networkLocation: /default-rack, certSerialId: null}869fbf5b-cbbd-43c6-9f26-156c5192e660{ip: 192.168.5.175, host: pr-hdds-1569-mfl88-1504498049, networkLocation: /default-rack, certSerialId: null}162534dc-93d9-4206-ab1e-9268955c7aca{ip: 192.168.5.175, host: pr-hdds-1569-mfl88-1504498049, networkLocation: /default-rack, certSerialId: null}, Type:RATIS, Factor:THREE, State:OPEN]
2019-10-09 13:13:43,730 [grpc-default-executor-15] INFO  impl.RaftServerProxy (RaftServerProxy.java:addNew(89)) - 162534dc-93d9-4206-ab1e-9268955c7aca: addNew group-986902F1898E:[96acbf61-3ece-4d83-9836-a217fb58817a:192.168.5.175:35650, 162534dc-93d9-4206-ab1e-9268955c7aca:192.168.5.175:32957, 869fbf5b-cbbd-43c6-9f26-156c5192e660:192.168.5.175:43498] returns group-986902F1898E:java.util.concurrent.CompletableFuture@4d4187d5[Not completed]
2019-10-09 13:13:43,730 [grpc-default-executor-35] INFO  impl.RaftServerProxy (RaftServerProxy.java:addNew(89)) - 96acbf61-3ece-4d83-9836-a217fb58817a: addNew group-986902F1898E:[96acbf61-3ece-4d83-9836-a217fb58817a:192.168.5.175:35650, 162534dc-93d9-4206-ab1e-9268955c7aca:192.168.5.175:32957, 869fbf5b-cbbd-43c6-9f26-156c5192e660:192.168.5.175:43498] returns group-986902F1898E:java.util.concurrent.CompletableFuture@23285f37[Not completed]
2019-10-09 13:13:43,730 [grpc-default-executor-34] INFO  impl.RaftServerProxy (RaftServerProxy.java:addNew(89)) - 869fbf5b-cbbd-43c6-9f26-156c5192e660: addNew group-986902F1898E:[96acbf61-3ece-4d83-9836-a217fb58817a:192.168.5.175:35650, 162534dc-93d9-4206-ab1e-9268955c7aca:192.168.5.175:32957, 869fbf5b-cbbd-43c6-9f26-156c5192e660:192.168.5.175:43498] returns group-986902F1898E:java.util.concurrent.CompletableFuture@708801e1[Not completed]
2019-10-09 13:13:43,733 [pool-450-thread-1] INFO  impl.RaftServerImpl (RaftServerImpl.java:<init>(95)) - 162534dc-93d9-4206-ab1e-9268955c7aca: new RaftServerImpl for group-986902F1898E:[96acbf61-3ece-4d83-9836-a217fb58817a:192.168.5.175:35650, 162534dc-93d9-4206-ab1e-9268955c7aca:192.168.5.175:32957, 869fbf5b-cbbd-43c6-9f26-156c5192e660:192.168.5.175:43498] with ContainerStateMachine:uninitialized
2019-10-09 13:13:43,733 [pool-450-thread-1] INFO  server.RaftServerConfigKeys (ConfUtils.java:logGet(43)) - raft.server.rpc.timeout.min = 5s (custom)
2019-10-09 13:13:43,733 [pool-450-thread-1] INFO  server.RaftServerConfigKeys (ConfUtils.java:logGet(43)) - raft.server.rpc.timeout.max = 5200ms (custom)
2019-10-09 13:13:43,733 [pool-450-thread-1] INFO  server.RaftServerConfigKeys (ConfUtils.java:logGet(43)) - raft.server.rpcslowness.timeout = 120s (custom)
2019-10-09 13:13:43,733 [pool-450-thread-1] INFO  server.RaftServerConfigKeys (ConfUtils.java:logGet(43)) - raft.server.sleep.deviation.threshold = 300 (default)
2019-10-09 13:13:43,733 [pool-450-thread-1] INFO  server.RaftServerConfigKeys (ConfUtils.java:logGet(43)) - raft.server.log.appender.install.snapshot.enabled = false (custom)
2019-10-09 13:13:43,733 [pool-420-thread-1] INFO  impl.RaftServerImpl (RaftServerImpl.java:<init>(95)) - 96acbf61-3ece-4d83-9836-a217fb58817a: new RaftServerImpl for group-986902F1898E:[96acbf61-3ece-4d83-9836-a217fb58817a:192.168.5.175:35650, 162534dc-93d9-4206-ab1e-9268955c7aca:192.168.5.175:32957, 869fbf5b-cbbd-43c6-9f26-156c5192e660:192.168.5.175:43498] with ContainerStateMachine:uninitialized
2019-10-09 13:13:43,733 [pool-450-thread-1] INFO  impl.RaftServerImpl (ServerState.java:<init>(103)) - 162534dc-93d9-4206-ab1e-9268955c7aca@group-986902F1898E: ConfigurationManager, init=-1: [96acbf61-3ece-4d83-9836-a217fb58817a:192.168.5.175:35650, 162534dc-93d9-4206-ab1e-9268955c7aca:192.168.5.175:32957, 869fbf5b-cbbd-43c6-9f26-156c5192e660:192.168.5.175:43498], old=null, confs=<EMPTY_MAP>
2019-10-09 13:13:43,733 [pool-420-thread-1] INFO  server.RaftServerConfigKeys (ConfUtils.java:logGet(43)) - raft.server.rpc.timeout.min = 5s (custom)
2019-10-09 13:13:43,733 [pool-450-thread-1] INFO  server.RaftServerConfigKeys (ConfUtils.java:logGet(43)) - raft.server.storage.dir = [/workdir/hadoop-ozone/integration-test/target/test-dir/MiniOzoneClusterImpl-77992fd3-8e8a-426b-8566-445f44124f00/datanode-4/data/ratis] (custom)
2019-10-09 13:13:43,734 [pool-440-thread-1] INFO  impl.RaftServerImpl (RaftServerImpl.java:<init>(95)) - 869fbf5b-cbbd-43c6-9f26-156c5192e660: new RaftServerImpl for group-986902F1898E:[96acbf61-3ece-4d83-9836-a217fb58817a:192.168.5.175:35650, 162534dc-93d9-4206-ab1e-9268955c7aca:192.168.5.175:32957, 869fbf5b-cbbd-43c6-9f26-156c5192e660:192.168.5.175:43498] with ContainerStateMachine:uninitialized
2019-10-09 13:13:43,734 [pool-420-thread-1] INFO  server.RaftServerConfigKeys (ConfUtils.java:logGet(43)) - raft.server.rpc.timeout.max = 5200ms (custom)
2019-10-09 13:13:43,734 [pool-450-thread-1] INFO  storage.RaftStorageDirectory (RaftStorageDirectory.java:analyzeStorage(246)) - The storage directory /workdir/hadoop-ozone/integration-test/target/test-dir/MiniOzoneClusterImpl-77992fd3-8e8a-426b-8566-445f44124f00/datanode-4/data/ratis/c28971ae-95cf-4532-9b4f-986902f1898e does not exist. Creating ...
2019-10-09 13:13:43,734 [pool-440-thread-1] INFO  server.RaftServerConfigKeys (ConfUtils.java:logGet(43)) - raft.server.rpc.timeout.min = 5s (custom)
2019-10-09 13:13:43,734 [pool-420-thread-1] INFO  server.RaftServerConfigKeys (ConfUtils.java:logGet(43)) - raft.server.rpcslowness.timeout = 120s (custom)
2019-10-09 13:13:43,734 [pool-440-thread-1] INFO  server.RaftServerConfigKeys (ConfUtils.java:logGet(43)) - raft.server.rpc.timeout.max = 5200ms (custom)
2019-10-09 13:13:43,734 [pool-420-thread-1] INFO  server.RaftServerConfigKeys (ConfUtils.java:logGet(43)) - raft.server.sleep.deviation.threshold = 300 (default)
2019-10-09 13:13:43,734 [pool-440-thread-1] INFO  server.RaftServerConfigKeys (ConfUtils.java:logGet(43)) - raft.server.rpcslowness.timeout = 120s (custom)
2019-10-09 13:13:43,734 [pool-420-thread-1] INFO  server.RaftServerConfigKeys (ConfUtils.java:logGet(43)) - raft.server.log.appender.install.snapshot.enabled = false (custom)
2019-10-09 13:13:43,735 [pool-440-thread-1] INFO  server.RaftServerConfigKeys (ConfUtils.java:logGet(43)) - raft.server.sleep.deviation.threshold = 300 (default)
2019-10-09 13:13:43,735 [pool-420-thread-1] INFO  impl.RaftServerImpl (ServerState.java:<init>(103)) - 96acbf61-3ece-4d83-9836-a217fb58817a@group-986902F1898E: ConfigurationManager, init=-1: [96acbf61-3ece-4d83-9836-a217fb58817a:192.168.5.175:35650, 162534dc-93d9-4206-ab1e-9268955c7aca:192.168.5.175:32957, 869fbf5b-cbbd-43c6-9f26-156c5192e660:192.168.5.175:43498], old=null, confs=<EMPTY_MAP>
2019-10-09 13:13:43,735 [pool-440-thread-1] INFO  server.RaftServerConfigKeys (ConfUtils.java:logGet(43)) - raft.server.log.appender.install.snapshot.enabled = false (custom)
2019-10-09 13:13:43,735 [pool-420-thread-1] INFO  server.RaftServerConfigKeys (ConfUtils.java:logGet(43)) - raft.server.storage.dir = [/workdir/hadoop-ozone/integration-test/target/test-dir/MiniOzoneClusterImpl-77992fd3-8e8a-426b-8566-445f44124f00/datanode-1/data/ratis] (custom)
2019-10-09 13:13:43,735 [pool-440-thread-1] INFO  impl.RaftServerImpl (ServerState.java:<init>(103)) - 869fbf5b-cbbd-43c6-9f26-156c5192e660@group-986902F1898E: ConfigurationManager, init=-1: [96acbf61-3ece-4d83-9836-a217fb58817a:192.168.5.175:35650, 162534dc-93d9-4206-ab1e-9268955c7aca:192.168.5.175:32957, 869fbf5b-cbbd-43c6-9f26-156c5192e660:192.168.5.175:43498], old=null, confs=<EMPTY_MAP>
2019-10-09 13:13:43,735 [pool-440-thread-1] INFO  server.RaftServerConfigKeys (ConfUtils.java:logGet(43)) - raft.server.storage.dir = [/workdir/hadoop-ozone/integration-test/target/test-dir/MiniOzoneClusterImpl-77992fd3-8e8a-426b-8566-445f44124f00/datanode-3/data/ratis] (custom)
2019-10-09 13:13:43,735 [pool-420-thread-1] INFO  storage.RaftStorageDirectory (RaftStorageDirectory.java:analyzeStorage(246)) - The storage directory /workdir/hadoop-ozone/integration-test/target/test-dir/MiniOzoneClusterImpl-77992fd3-8e8a-426b-8566-445f44124f00/datanode-1/data/ratis/c28971ae-95cf-4532-9b4f-986902f1898e does not exist. Creating ...
2019-10-09 13:13:43,735 [pool-440-thread-1] INFO  storage.RaftStorageDirectory (RaftStorageDirectory.java:analyzeStorage(246)) - The storage directory /workdir/hadoop-ozone/integration-test/target/test-dir/MiniOzoneClusterImpl-77992fd3-8e8a-426b-8566-445f44124f00/datanode-3/data/ratis/c28971ae-95cf-4532-9b4f-986902f1898e does not exist. Creating ...
2019-10-09 13:13:43,747 [pool-450-thread-1] INFO  storage.RaftStorageDirectory (RaftStorageDirectory.java:tryLock(328)) - Lock on /workdir/hadoop-ozone/integration-test/target/test-dir/MiniOzoneClusterImpl-77992fd3-8e8a-426b-8566-445f44124f00/datanode-4/data/ratis/c28971ae-95cf-4532-9b4f-986902f1898e/in_use.lock acquired by nodename 6401@pr-hdds-1569-mfl88-1504498049
2019-10-09 13:13:43,748 [pool-440-thread-1] INFO  storage.RaftStorageDirectory (RaftStorageDirectory.java:tryLock(328)) - Lock on /workdir/hadoop-ozone/integration-test/target/test-dir/MiniOzoneClusterImpl-77992fd3-8e8a-426b-8566-445f44124f00/datanode-3/data/ratis/c28971ae-95cf-4532-9b4f-986902f1898e/in_use.lock acquired by nodename 6401@pr-hdds-1569-mfl88-1504498049
2019-10-09 13:13:43,748 [pool-420-thread-1] INFO  storage.RaftStorageDirectory (RaftStorageDirectory.java:tryLock(328)) - Lock on /workdir/hadoop-ozone/integration-test/target/test-dir/MiniOzoneClusterImpl-77992fd3-8e8a-426b-8566-445f44124f00/datanode-1/data/ratis/c28971ae-95cf-4532-9b4f-986902f1898e/in_use.lock acquired by nodename 6401@pr-hdds-1569-mfl88-1504498049
2019-10-09 13:13:43,761 [pool-420-thread-1] INFO  storage.RaftStorage (RaftStorage.java:format(72)) - Storage directory /workdir/hadoop-ozone/integration-test/target/test-dir/MiniOzoneClusterImpl-77992fd3-8e8a-426b-8566-445f44124f00/datanode-1/data/ratis/c28971ae-95cf-4532-9b4f-986902f1898e has been successfully formatted.
2019-10-09 13:13:43,761 [pool-440-thread-1] INFO  storage.RaftStorage (RaftStorage.java:format(72)) - Storage directory /workdir/hadoop-ozone/integration-test/target/test-dir/MiniOzoneClusterImpl-77992fd3-8e8a-426b-8566-445f44124f00/datanode-3/data/ratis/c28971ae-95cf-4532-9b4f-986902f1898e has been successfully formatted.
2019-10-09 13:13:43,762 [pool-420-thread-1] INFO  ratis.ContainerStateMachine (ContainerStateMachine.java:loadSnapshot(230)) - group-986902F1898E: The snapshot info is null. Setting the last applied indexto:(t:0, i:~)
2019-10-09 13:13:43,761 [pool-450-thread-1] INFO  storage.RaftStorage (RaftStorage.java:format(72)) - Storage directory /workdir/hadoop-ozone/integration-test/target/test-dir/MiniOzoneClusterImpl-77992fd3-8e8a-426b-8566-445f44124f00/datanode-4/data/ratis/c28971ae-95cf-4532-9b4f-986902f1898e has been successfully formatted.
2019-10-09 13:13:43,762 [pool-420-thread-1] INFO  server.RaftServerConfigKeys (ConfUtils.java:logGet(43)) - raft.server.notification.no-leader.timeout = 120s (custom)
2019-10-09 13:13:43,762 [pool-440-thread-1] INFO  ratis.ContainerStateMachine (ContainerStateMachine.java:loadSnapshot(230)) - group-986902F1898E: The snapshot info is null. Setting the last applied indexto:(t:0, i:~)
2019-10-09 13:13:43,762 [pool-420-thread-1] INFO  server.RaftServerConfigKeys (ConfUtils.java:logGet(43)) - raft.server.log.use.memory = false (default)
2019-10-09 13:13:43,762 [pool-450-thread-1] INFO  ratis.ContainerStateMachine (ContainerStateMachine.java:loadSnapshot(230)) - group-986902F1898E: The snapshot info is null. Setting the last applied indexto:(t:0, i:~)
2019-10-09 13:13:43,762 [pool-420-thread-1] INFO  server.RaftServerConfigKeys (ConfUtils.java:logGet(43)) - raft.server.log.purge.gap = 1000000 (custom)
2019-10-09 13:13:43,762 [pool-440-thread-1] INFO  server.RaftServerConfigKeys (ConfUtils.java:logGet(43)) - raft.server.notification.no-leader.timeout = 120s (custom)
2019-10-09 13:13:43,762 [pool-420-thread-1] INFO  server.RaftServerConfigKeys (ConfUtils.java:logGet(43)) - raft.server.log.appender.buffer.byte-limit = 33554432 (custom)
2019-10-09 13:13:43,762 [pool-450-thread-1] INFO  server.RaftServerConfigKeys (ConfUtils.java:logGet(43)) - raft.server.notification.no-leader.timeout = 120s (custom)
2019-10-09 13:13:43,763 [pool-420-thread-1] INFO  server.RaftServerConfigKeys (ConfUtils.java:logGet(43)) - raft.server.log.segment.size.max = 1048576 (custom)
2019-10-09 13:13:43,763 [pool-440-thread-1] INFO  server.RaftServerConfigKeys (ConfUtils.java:logGet(43)) - raft.server.log.use.memory = false (default)
2019-10-09 13:13:43,763 [pool-420-thread-1] INFO  server.RaftServerConfigKeys (ConfUtils.java:logGet(43)) - raft.server.log.segment.cache.num.max = 2 (custom)
2019-10-09 13:13:43,763 [pool-450-thread-1] INFO  server.RaftServerConfigKeys (ConfUtils.java:logGet(43)) - raft.server.log.use.memory = false (default)
2019-10-09 13:13:43,763 [pool-420-thread-1] INFO  segmented.SegmentedRaftLogWorker (SegmentedRaftLogWorker.java:<init>(172)) - new 96acbf61-3ece-4d83-9836-a217fb58817a@group-986902F1898E-SegmentedRaftLogWorker for RaftStorage:Storage Directory /workdir/hadoop-ozone/integration-test/target/test-dir/MiniOzoneClusterImpl-77992fd3-8e8a-426b-8566-445f44124f00/datanode-1/data/ratis/c28971ae-95cf-4532-9b4f-986902f1898e
2019-10-09 13:13:43,763 [pool-440-thread-1] INFO  server.RaftServerConfigKeys (ConfUtils.java:logGet(43)) - raft.server.log.purge.gap = 1000000 (custom)
2019-10-09 13:13:43,763 [pool-420-thread-1] INFO  server.RaftServerConfigKeys (ConfUtils.java:logGet(43)) - raft.server.log.queue.byte-limit = 2147483647 (custom)
2019-10-09 13:13:43,763 [pool-450-thread-1] INFO  server.RaftServerConfigKeys (ConfUtils.java:logGet(43)) - raft.server.log.purge.gap = 1000000 (custom)
2019-10-09 13:13:43,764 [pool-420-thread-1] INFO  server.RaftServerConfigKeys (ConfUtils.java:logGet(43)) - raft.server.log.queue.element-limit = 1024 (custom)
2019-10-09 13:13:43,763 [pool-440-thread-1] INFO  server.RaftServerConfigKeys (ConfUtils.java:logGet(43)) - raft.server.log.appender.buffer.byte-limit = 33554432 (custom)
2019-10-09 13:13:43,764 [pool-420-thread-1] INFO  server.RaftServerConfigKeys (ConfUtils.java:logGet(43)) - raft.server.log.segment.size.max = 1048576 (custom)
2019-10-09 13:13:43,764 [pool-420-thread-1] INFO  server.RaftServerConfigKeys (ConfUtils.java:logGet(43)) - raft.server.log.preallocated.size = 16384 (custom)
2019-10-09 13:13:43,764 [pool-450-thread-1] INFO  server.RaftServerConfigKeys (ConfUtils.java:logGet(43)) - raft.server.log.appender.buffer.byte-limit = 33554432 (custom)
2019-10-09 13:13:43,764 [pool-420-thread-1] INFO  server.RaftServerConfigKeys (ConfUtils.java:logGet(43)) - raft.server.log.write.buffer.size = 33554432 (custom)
2019-10-09 13:13:43,764 [pool-420-thread-1] INFO  server.RaftServerConfigKeys (ConfUtils.java:logGet(43)) - raft.server.log.force.sync.num = 128 (default)
2019-10-09 13:13:43,764 [pool-440-thread-1] INFO  server.RaftServerConfigKeys (ConfUtils.java:logGet(43)) - raft.server.log.segment.size.max = 1048576 (custom)
2019-10-09 13:13:43,764 [pool-420-thread-1] INFO  server.RaftServerConfigKeys (ConfUtils.java:logGet(43)) - raft.server.log.statemachine.data.sync = true (default)
2019-10-09 13:13:43,765 [pool-420-thread-1] INFO  server.RaftServerConfigKeys (ConfUtils.java:logGet(43)) - raft.server.log.statemachine.data.sync.timeout = 10s (default)
2019-10-09 13:13:43,764 [pool-450-thread-1] INFO  server.RaftServerConfigKeys (ConfUtils.java:logGet(43)) - raft.server.log.segment.size.max = 1048576 (custom)
2019-10-09 13:13:43,765 [pool-420-thread-1] INFO  server.RaftServerConfigKeys (ConfUtils.java:logGet(43)) - raft.server.log.statemachine.data.sync.timeout.retry = -1 (default)
2019-10-09 13:13:43,765 [pool-440-thread-1] INFO  server.RaftServerConfigKeys (ConfUtils.java:logGet(43)) - raft.server.log.segment.cache.num.max = 2 (custom)
2019-10-09 13:13:43,765 [pool-420-thread-1] INFO  server.RaftServerConfigKeys (ConfUtils.java:logGet(43)) - raft.server.log.statemachine.data.caching.enabled = true (custom)
2019-10-09 13:13:43,765 [pool-450-thread-1] INFO  server.RaftServerConfigKeys (ConfUtils.java:logGet(43)) - raft.server.log.segment.cache.num.max = 2 (custom)
2019-10-09 13:13:43,765 [pool-440-thread-1] INFO  segmented.SegmentedRaftLogWorker (SegmentedRaftLogWorker.java:<init>(172)) - new 869fbf5b-cbbd-43c6-9f26-156c5192e660@group-986902F1898E-SegmentedRaftLogWorker for RaftStorage:Storage Directory /workdir/hadoop-ozone/integration-test/target/test-dir/MiniOzoneClusterImpl-77992fd3-8e8a-426b-8566-445f44124f00/datanode-3/data/ratis/c28971ae-95cf-4532-9b4f-986902f1898e
2019-10-09 13:13:43,765 [pool-420-thread-1] INFO  segmented.SegmentedRaftLogWorker (SegmentedRaftLogWorker.java:lambda$new$0(132)) - 96acbf61-3ece-4d83-9836-a217fb58817a@group-986902F1898E-SegmentedRaftLogWorker: flushIndex: setUnconditionally 0 -> -1
2019-10-09 13:13:43,765 [pool-450-thread-1] INFO  segmented.SegmentedRaftLogWorker (SegmentedRaftLogWorker.java:<init>(172)) - new 162534dc-93d9-4206-ab1e-9268955c7aca@group-986902F1898E-SegmentedRaftLogWorker for RaftStorage:Storage Directory /workdir/hadoop-ozone/integration-test/target/test-dir/MiniOzoneClusterImpl-77992fd3-8e8a-426b-8566-445f44124f00/datanode-4/data/ratis/c28971ae-95cf-4532-9b4f-986902f1898e
2019-10-09 13:13:43,766 [pool-440-thread-1] INFO  server.RaftServerConfigKeys (ConfUtils.java:logGet(43)) - raft.server.log.queue.byte-limit = 2147483647 (custom)
2019-10-09 13:13:43,766 [pool-420-thread-1] INFO  server.RaftServerConfigKeys (ConfUtils.java:logGet(43)) - raft.server.snapshot.auto.trigger.enabled = true (custom)
2019-10-09 13:13:43,766 [pool-450-thread-1] INFO  server.RaftServerConfigKeys (ConfUtils.java:logGet(43)) - raft.server.log.queue.byte-limit = 2147483647 (custom)
2019-10-09 13:13:43,766 [pool-420-thread-1] INFO  server.RaftServerConfigKeys (ConfUtils.java:logGet(43)) - raft.server.snapshot.auto.trigger.threshold = 10000 (custom)
2019-10-09 13:13:43,766 [pool-440-thread-1] INFO  server.RaftServerConfigKeys (ConfUtils.java:logGet(43)) - raft.server.log.queue.element-limit = 1024 (custom)
2019-10-09 13:13:43,766 [pool-420-thread-1] INFO  server.RaftServerConfigKeys (ConfUtils.java:logGet(43)) - raft.server.snapshot.retention.num.files = 5 (custom)
2019-10-09 13:13:43,766 [pool-450-thread-1] INFO  server.RaftServerConfigKeys (ConfUtils.java:logGet(43)) - raft.server.log.queue.element-limit = 1024 (custom)
2019-10-09 13:13:43,766 [pool-420-thread-1] INFO  server.RaftServerConfigKeys (ConfUtils.java:logGet(43)) - raft.server.retrycache.expirytime = 600000ms (custom)
2019-10-09 13:13:43,766 [pool-440-thread-1] INFO  server.RaftServerConfigKeys (ConfUtils.java:logGet(43)) - raft.server.log.segment.size.max = 1048576 (custom)
2019-10-09 13:13:43,767 [pool-450-thread-1] INFO  server.RaftServerConfigKeys (ConfUtils.java:logGet(43)) - raft.server.log.segment.size.max = 1048576 (custom)
2019-10-09 13:13:43,767 [pool-440-thread-1] INFO  server.RaftServerConfigKeys (ConfUtils.java:logGet(43)) - raft.server.log.preallocated.size = 16384 (custom)
2019-10-09 13:13:43,767 [pool-450-thread-1] INFO  server.RaftServerConfigKeys (ConfUtils.java:logGet(43)) - raft.server.log.preallocated.size = 16384 (custom)
2019-10-09 13:13:43,767 [pool-440-thread-1] INFO  server.RaftServerConfigKeys (ConfUtils.java:logGet(43)) - raft.server.log.write.buffer.size = 33554432 (custom)
2019-10-09 13:13:43,767 [pool-450-thread-1] INFO  server.RaftServerConfigKeys (ConfUtils.java:logGet(43)) - raft.server.log.write.buffer.size = 33554432 (custom)
2019-10-09 13:13:43,767 [pool-440-thread-1] INFO  server.RaftServerConfigKeys (ConfUtils.java:logGet(43)) - raft.server.log.force.sync.num = 128 (default)
2019-10-09 13:13:43,767 [pool-450-thread-1] INFO  server.RaftServerConfigKeys (ConfUtils.java:logGet(43)) - raft.server.log.force.sync.num = 128 (default)
2019-10-09 13:13:43,767 [pool-440-thread-1] INFO  server.RaftServerConfigKeys (ConfUtils.java:logGet(43)) - raft.server.log.statemachine.data.sync = true (default)
2019-10-09 13:13:43,767 [pool-450-thread-1] INFO  server.RaftServerConfigKeys (ConfUtils.java:logGet(43)) - raft.server.log.statemachine.data.sync = true (default)
2019-10-09 13:13:43,768 [pool-440-thread-1] INFO  server.RaftServerConfigKeys (ConfUtils.java:logGet(43)) - raft.server.log.statemachine.data.sync.timeout = 10s (default)
2019-10-09 13:13:43,768 [pool-450-thread-1] INFO  server.RaftServerConfigKeys (ConfUtils.java:logGet(43)) - raft.server.log.statemachine.data.sync.timeout = 10s (default)
2019-10-09 13:13:43,768 [pool-440-thread-1] INFO  server.RaftServerConfigKeys (ConfUtils.java:logGet(43)) - raft.server.log.statemachine.data.sync.timeout.retry = -1 (default)
2019-10-09 13:13:43,768 [pool-450-thread-1] INFO  server.RaftServerConfigKeys (ConfUtils.java:logGet(43)) - raft.server.log.statemachine.data.sync.timeout.retry = -1 (default)
2019-10-09 13:13:43,768 [pool-440-thread-1] INFO  server.RaftServerConfigKeys (ConfUtils.java:logGet(43)) - raft.server.log.statemachine.data.caching.enabled = true (custom)
2019-10-09 13:13:43,768 [pool-420-thread-1] INFO  impl.RaftServerImpl (RaftServerImpl.java:start(185)) - 96acbf61-3ece-4d83-9836-a217fb58817a@group-986902F1898E: start as a follower, conf=-1: [96acbf61-3ece-4d83-9836-a217fb58817a:192.168.5.175:35650, 162534dc-93d9-4206-ab1e-9268955c7aca:192.168.5.175:32957, 869fbf5b-cbbd-43c6-9f26-156c5192e660:192.168.5.175:43498], old=null
2019-10-09 13:13:43,768 [pool-440-thread-1] INFO  segmented.SegmentedRaftLogWorker (SegmentedRaftLogWorker.java:lambda$new$0(132)) - 869fbf5b-cbbd-43c6-9f26-156c5192e660@group-986902F1898E-SegmentedRaftLogWorker: flushIndex: setUnconditionally 0 -> -1
2019-10-09 13:13:43,768 [pool-450-thread-1] INFO  server.RaftServerConfigKeys (ConfUtils.java:logGet(43)) - raft.server.log.statemachine.data.caching.enabled = true (custom)
2019-10-09 13:13:43,768 [pool-420-thread-1] INFO  impl.RaftServerImpl (RaftServerImpl.java:setRole(174)) - 96acbf61-3ece-4d83-9836-a217fb58817a@group-986902F1898E: changes role from      null to FOLLOWER at term 0 for startAsFollower
2019-10-09 13:13:43,768 [pool-440-thread-1] INFO  server.RaftServerConfigKeys (ConfUtils.java:logGet(43)) - raft.server.snapshot.auto.trigger.enabled = true (custom)
2019-10-09 13:13:43,769 [pool-420-thread-1] INFO  impl.RoleInfo (RoleInfo.java:updateAndGet(143)) - 96acbf61-3ece-4d83-9836-a217fb58817a: start FollowerState
2019-10-09 13:13:43,769 [pool-450-thread-1] INFO  segmented.SegmentedRaftLogWorker (SegmentedRaftLogWorker.java:lambda$new$0(132)) - 162534dc-93d9-4206-ab1e-9268955c7aca@group-986902F1898E-SegmentedRaftLogWorker: flushIndex: setUnconditionally 0 -> -1
2019-10-09 13:13:43,769 [pool-440-thread-1] INFO  server.RaftServerConfigKeys (ConfUtils.java:logGet(43)) - raft.server.snapshot.auto.trigger.threshold = 10000 (custom)
2019-10-09 13:13:43,769 [pool-420-thread-1] INFO  util.JmxRegister (JmxRegister.java:tryRegister(44)) - Successfully registered JMX Bean with object name Ratis:service=RaftServer,group=group-986902F1898E,id=96acbf61-3ece-4d83-9836-a217fb58817a
2019-10-09 13:13:43,769 [pool-450-thread-1] INFO  server.RaftServerConfigKeys (ConfUtils.java:logGet(43)) - raft.server.snapshot.auto.trigger.enabled = true (custom)
2019-10-09 13:13:43,769 [pool-440-thread-1] INFO  server.RaftServerConfigKeys (ConfUtils.java:logGet(43)) - raft.server.snapshot.retention.num.files = 5 (custom)
2019-10-09 13:13:43,769 [pool-450-thread-1] INFO  server.RaftServerConfigKeys (ConfUtils.java:logGet(43)) - raft.server.snapshot.auto.trigger.threshold = 10000 (custom)
2019-10-09 13:13:43,769 [pool-450-thread-1] INFO  server.RaftServerConfigKeys (ConfUtils.java:logGet(43)) - raft.server.snapshot.retention.num.files = 5 (custom)
2019-10-09 13:13:43,769 [pool-440-thread-1] INFO  server.RaftServerConfigKeys (ConfUtils.java:logGet(43)) - raft.server.retrycache.expirytime = 600000ms (custom)
2019-10-09 13:13:43,769 [pool-450-thread-1] INFO  server.RaftServerConfigKeys (ConfUtils.java:logGet(43)) - raft.server.retrycache.expirytime = 600000ms (custom)
2019-10-09 13:13:43,771 [pool-440-thread-1] INFO  impl.RaftServerImpl (RaftServerImpl.java:start(185)) - 869fbf5b-cbbd-43c6-9f26-156c5192e660@group-986902F1898E: start as a follower, conf=-1: [96acbf61-3ece-4d83-9836-a217fb58817a:192.168.5.175:35650, 162534dc-93d9-4206-ab1e-9268955c7aca:192.168.5.175:32957, 869fbf5b-cbbd-43c6-9f26-156c5192e660:192.168.5.175:43498], old=null
2019-10-09 13:13:43,772 [pool-450-thread-1] INFO  impl.RaftServerImpl (RaftServerImpl.java:start(185)) - 162534dc-93d9-4206-ab1e-9268955c7aca@group-986902F1898E: start as a follower, conf=-1: [96acbf61-3ece-4d83-9836-a217fb58817a:192.168.5.175:35650, 162534dc-93d9-4206-ab1e-9268955c7aca:192.168.5.175:32957, 869fbf5b-cbbd-43c6-9f26-156c5192e660:192.168.5.175:43498], old=null
2019-10-09 13:13:43,772 [pool-440-thread-1] INFO  impl.RaftServerImpl (RaftServerImpl.java:setRole(174)) - 869fbf5b-cbbd-43c6-9f26-156c5192e660@group-986902F1898E: changes role from      null to FOLLOWER at term 0 for startAsFollower
2019-10-09 13:13:43,772 [pool-450-thread-1] INFO  impl.RaftServerImpl (RaftServerImpl.java:setRole(174)) - 162534dc-93d9-4206-ab1e-9268955c7aca@group-986902F1898E: changes role from      null to FOLLOWER at term 0 for startAsFollower
2019-10-09 13:13:43,772 [pool-440-thread-1] INFO  impl.RoleInfo (RoleInfo.java:updateAndGet(143)) - 869fbf5b-cbbd-43c6-9f26-156c5192e660: start FollowerState
2019-10-09 13:13:43,772 [pool-450-thread-1] INFO  impl.RoleInfo (RoleInfo.java:updateAndGet(143)) - 162534dc-93d9-4206-ab1e-9268955c7aca: start FollowerState
2019-10-09 13:13:43,772 [pool-440-thread-1] INFO  util.JmxRegister (JmxRegister.java:tryRegister(44)) - Successfully registered JMX Bean with object name Ratis:service=RaftServer,group=group-986902F1898E,id=869fbf5b-cbbd-43c6-9f26-156c5192e660
2019-10-09 13:13:43,772 [pool-450-thread-1] INFO  util.JmxRegister (JmxRegister.java:tryRegister(44)) - Successfully registered JMX Bean with object name Ratis:service=RaftServer,group=group-986902F1898E,id=162534dc-93d9-4206-ab1e-9268955c7aca
2019-10-09 13:13:43,774 [RatisPipelineUtilsThread] INFO  pipeline.PipelineStateManager (PipelineStateManager.java:addPipeline(56)) - Created pipeline Pipeline[ Id: c28971ae-95cf-4532-9b4f-986902f1898e, Nodes: 96acbf61-3ece-4d83-9836-a217fb58817a{ip: 192.168.5.175, host: pr-hdds-1569-mfl88-1504498049, networkLocation: /default-rack, certSerialId: null}869fbf5b-cbbd-43c6-9f26-156c5192e660{ip: 192.168.5.175, host: pr-hdds-1569-mfl88-1504498049, networkLocation: /default-rack, certSerialId: null}162534dc-93d9-4206-ab1e-9268955c7aca{ip: 192.168.5.175, host: pr-hdds-1569-mfl88-1504498049, networkLocation: /default-rack, certSerialId: null}, Type:RATIS, Factor:THREE, State:OPEN]
2019-10-09 13:13:43,777 [grpc-default-executor-15] INFO  impl.RaftServerProxy (RaftServerProxy.java:addNew(89)) - 96acbf61-3ece-4d83-9836-a217fb58817a: addNew group-DC31737E2860:[96acbf61-3ece-4d83-9836-a217fb58817a:192.168.5.175:35650, 162534dc-93d9-4206-ab1e-9268955c7aca:192.168.5.175:32957, 869fbf5b-cbbd-43c6-9f26-156c5192e660:192.168.5.175:43498] returns group-DC31737E2860:java.util.concurrent.CompletableFuture@455f0a7[Not completed]
2019-10-09 13:13:43,777 [grpc-default-executor-34] INFO  impl.RaftServerProxy (RaftServerProxy.java:addNew(89)) - 162534dc-93d9-4206-ab1e-9268955c7aca: addNew group-DC31737E2860:[96acbf61-3ece-4d83-9836-a217fb58817a:192.168.5.175:35650, 162534dc-93d9-4206-ab1e-9268955c7aca:192.168.5.175:32957, 869fbf5b-cbbd-43c6-9f26-156c5192e660:192.168.5.175:43498] returns group-DC31737E2860:java.util.concurrent.CompletableFuture@246bd67d[Not completed]
2019-10-09 13:13:43,778 [grpc-default-executor-35] INFO  impl.RaftServerProxy (RaftServerProxy.java:addNew(89)) - 869fbf5b-cbbd-43c6-9f26-156c5192e660: addNew group-DC31737E2860:[96acbf61-3ece-4d83-9836-a217fb58817a:192.168.5.175:35650, 162534dc-93d9-4206-ab1e-9268955c7aca:192.168.5.175:32957, 869fbf5b-cbbd-43c6-9f26-156c5192e660:192.168.5.175:43498] returns group-DC31737E2860:java.util.concurrent.CompletableFuture@4fb5b2fd[Not completed]
2019-10-09 13:13:43,778 [pool-420-thread-1] INFO  impl.RaftServerImpl (RaftServerImpl.java:<init>(95)) - 96acbf61-3ece-4d83-9836-a217fb58817a: new RaftServerImpl for group-DC31737E2860:[96acbf61-3ece-4d83-9836-a217fb58817a:192.168.5.175:35650, 162534dc-93d9-4206-ab1e-9268955c7aca:192.168.5.175:32957, 869fbf5b-cbbd-43c6-9f26-156c5192e660:192.168.5.175:43498] with ContainerStateMachine:uninitialized
2019-10-09 13:13:43,778 [pool-420-thread-1] INFO  server.RaftServerConfigKeys (ConfUtils.java:logGet(43)) - raft.server.rpc.timeout.min = 5s (custom)
2019-10-09 13:13:43,778 [pool-420-thread-1] INFO  server.RaftServerConfigKeys (ConfUtils.java:logGet(43)) - raft.server.rpc.timeout.max = 5200ms (custom)
2019-10-09 13:13:43,778 [pool-420-thread-1] INFO  server.RaftServerConfigKeys (ConfUtils.java:logGet(43)) - raft.server.rpcslowness.timeout = 120s (custom)
2019-10-09 13:13:43,778 [pool-420-thread-1] INFO  server.RaftServerConfigKeys (ConfUtils.java:logGet(43)) - raft.server.sleep.deviation.threshold = 300 (default)
2019-10-09 13:13:43,778 [pool-440-thread-1] INFO  impl.RaftServerImpl (RaftServerImpl.java:<init>(95)) - 869fbf5b-cbbd-43c6-9f26-156c5192e660: new RaftServerImpl for group-DC31737E2860:[96acbf61-3ece-4d83-9836-a217fb58817a:192.168.5.175:35650, 162534dc-93d9-4206-ab1e-9268955c7aca:192.168.5.175:32957, 869fbf5b-cbbd-43c6-9f26-156c5192e660:192.168.5.175:43498] with ContainerStateMachine:uninitialized
2019-10-09 13:13:43,778 [pool-420-thread-1] INFO  server.RaftServerConfigKeys (ConfUtils.java:logGet(43)) - raft.server.log.appender.install.snapshot.enabled = false (custom)
2019-10-09 13:13:43,779 [pool-440-thread-1] INFO  server.RaftServerConfigKeys (ConfUtils.java:logGet(43)) - raft.server.rpc.timeout.min = 5s (custom)
2019-10-09 13:13:43,779 [pool-420-thread-1] INFO  impl.RaftServerImpl (ServerState.java:<init>(103)) - 96acbf61-3ece-4d83-9836-a217fb58817a@group-DC31737E2860: ConfigurationManager, init=-1: [96acbf61-3ece-4d83-9836-a217fb58817a:192.168.5.175:35650, 162534dc-93d9-4206-ab1e-9268955c7aca:192.168.5.175:32957, 869fbf5b-cbbd-43c6-9f26-156c5192e660:192.168.5.175:43498], old=null, confs=<EMPTY_MAP>
2019-10-09 13:13:43,779 [pool-450-thread-1] INFO  impl.RaftServerImpl (RaftServerImpl.java:<init>(95)) - 162534dc-93d9-4206-ab1e-9268955c7aca: new RaftServerImpl for group-DC31737E2860:[96acbf61-3ece-4d83-9836-a217fb58817a:192.168.5.175:35650, 162534dc-93d9-4206-ab1e-9268955c7aca:192.168.5.175:32957, 869fbf5b-cbbd-43c6-9f26-156c5192e660:192.168.5.175:43498] with ContainerStateMachine:uninitialized
2019-10-09 13:13:43,779 [pool-440-thread-1] INFO  server.RaftServerConfigKeys (ConfUtils.java:logGet(43)) - raft.server.rpc.timeout.max = 5200ms (custom)
2019-10-09 13:13:43,779 [pool-450-thread-1] INFO  server.RaftServerConfigKeys (ConfUtils.java:logGet(43)) - raft.server.rpc.timeout.min = 5s (custom)
2019-10-09 13:13:43,779 [pool-420-thread-1] INFO  server.RaftServerConfigKeys (ConfUtils.java:logGet(43)) - raft.server.storage.dir = [/workdir/hadoop-ozone/integration-test/target/test-dir/MiniOzoneClusterImpl-77992fd3-8e8a-426b-8566-445f44124f00/datanode-1/data/ratis] (custom)
2019-10-09 13:13:43,779 [pool-450-thread-1] INFO  server.RaftServerConfigKeys (ConfUtils.java:logGet(43)) - raft.server.rpc.timeout.max = 5200ms (custom)
2019-10-09 13:13:43,779 [pool-440-thread-1] INFO  server.RaftServerConfigKeys (ConfUtils.java:logGet(43)) - raft.server.rpcslowness.timeout = 120s (custom)
2019-10-09 13:13:43,779 [pool-450-thread-1] INFO  server.RaftServerConfigKeys (ConfUtils.java:logGet(43)) - raft.server.rpcslowness.timeout = 120s (custom)
2019-10-09 13:13:43,779 [pool-420-thread-1] INFO  storage.RaftStorageDirectory (RaftStorageDirectory.java:analyzeStorage(246)) - The storage directory /workdir/hadoop-ozone/integration-test/target/test-dir/MiniOzoneClusterImpl-77992fd3-8e8a-426b-8566-445f44124f00/datanode-1/data/ratis/edc78da7-8915-4033-8710-dc31737e2860 does not exist. Creating ...
2019-10-09 13:13:43,779 [pool-440-thread-1] INFO  server.RaftServerConfigKeys (ConfUtils.java:logGet(43)) - raft.server.sleep.deviation.threshold = 300 (default)
2019-10-09 13:13:43,779 [pool-450-thread-1] INFO  server.RaftServerConfigKeys (ConfUtils.java:logGet(43)) - raft.server.sleep.deviation.threshold = 300 (default)
2019-10-09 13:13:43,780 [pool-440-thread-1] INFO  server.RaftServerConfigKeys (ConfUtils.java:logGet(43)) - raft.server.log.appender.install.snapshot.enabled = false (custom)
2019-10-09 13:13:43,780 [pool-450-thread-1] INFO  server.RaftServerConfigKeys (ConfUtils.java:logGet(43)) - raft.server.log.appender.install.snapshot.enabled = false (custom)
2019-10-09 13:13:43,780 [pool-440-thread-1] INFO  impl.RaftServerImpl (ServerState.java:<init>(103)) - 869fbf5b-cbbd-43c6-9f26-156c5192e660@group-DC31737E2860: ConfigurationManager, init=-1: [96acbf61-3ece-4d83-9836-a217fb58817a:192.168.5.175:35650, 162534dc-93d9-4206-ab1e-9268955c7aca:192.168.5.175:32957, 869fbf5b-cbbd-43c6-9f26-156c5192e660:192.168.5.175:43498], old=null, confs=<EMPTY_MAP>
2019-10-09 13:13:43,780 [pool-450-thread-1] INFO  impl.RaftServerImpl (ServerState.java:<init>(103)) - 162534dc-93d9-4206-ab1e-9268955c7aca@group-DC31737E2860: ConfigurationManager, init=-1: [96acbf61-3ece-4d83-9836-a217fb58817a:192.168.5.175:35650, 162534dc-93d9-4206-ab1e-9268955c7aca:192.168.5.175:32957, 869fbf5b-cbbd-43c6-9f26-156c5192e660:192.168.5.175:43498], old=null, confs=<EMPTY_MAP>
2019-10-09 13:13:43,780 [pool-440-thread-1] INFO  server.RaftServerConfigKeys (ConfUtils.java:logGet(43)) - raft.server.storage.dir = [/workdir/hadoop-ozone/integration-test/target/test-dir/MiniOzoneClusterImpl-77992fd3-8e8a-426b-8566-445f44124f00/datanode-3/data/ratis] (custom)
2019-10-09 13:13:43,780 [pool-450-thread-1] INFO  server.RaftServerConfigKeys (ConfUtils.java:logGet(43)) - raft.server.storage.dir = [/workdir/hadoop-ozone/integration-test/target/test-dir/MiniOzoneClusterImpl-77992fd3-8e8a-426b-8566-445f44124f00/datanode-4/data/ratis] (custom)
2019-10-09 13:13:43,780 [pool-440-thread-1] INFO  storage.RaftStorageDirectory (RaftStorageDirectory.java:analyzeStorage(246)) - The storage directory /workdir/hadoop-ozone/integration-test/target/test-dir/MiniOzoneClusterImpl-77992fd3-8e8a-426b-8566-445f44124f00/datanode-3/data/ratis/edc78da7-8915-4033-8710-dc31737e2860 does not exist. Creating ...
2019-10-09 13:13:43,780 [pool-450-thread-1] INFO  storage.RaftStorageDirectory (RaftStorageDirectory.java:analyzeStorage(246)) - The storage directory /workdir/hadoop-ozone/integration-test/target/test-dir/MiniOzoneClusterImpl-77992fd3-8e8a-426b-8566-445f44124f00/datanode-4/data/ratis/edc78da7-8915-4033-8710-dc31737e2860 does not exist. Creating ...
2019-10-09 13:13:43,793 [pool-420-thread-1] INFO  storage.RaftStorageDirectory (RaftStorageDirectory.java:tryLock(328)) - Lock on /workdir/hadoop-ozone/integration-test/target/test-dir/MiniOzoneClusterImpl-77992fd3-8e8a-426b-8566-445f44124f00/datanode-1/data/ratis/edc78da7-8915-4033-8710-dc31737e2860/in_use.lock acquired by nodename 6401@pr-hdds-1569-mfl88-1504498049
2019-10-09 13:13:43,793 [pool-440-thread-1] INFO  storage.RaftStorageDirectory (RaftStorageDirectory.java:tryLock(328)) - Lock on /workdir/hadoop-ozone/integration-test/target/test-dir/MiniOzoneClusterImpl-77992fd3-8e8a-426b-8566-445f44124f00/datanode-3/data/ratis/edc78da7-8915-4033-8710-dc31737e2860/in_use.lock acquired by nodename 6401@pr-hdds-1569-mfl88-1504498049
2019-10-09 13:13:43,793 [pool-450-thread-1] INFO  storage.RaftStorageDirectory (RaftStorageDirectory.java:tryLock(328)) - Lock on /workdir/hadoop-ozone/integration-test/target/test-dir/MiniOzoneClusterImpl-77992fd3-8e8a-426b-8566-445f44124f00/datanode-4/data/ratis/edc78da7-8915-4033-8710-dc31737e2860/in_use.lock acquired by nodename 6401@pr-hdds-1569-mfl88-1504498049
2019-10-09 13:13:43,806 [pool-440-thread-1] INFO  storage.RaftStorage (RaftStorage.java:format(72)) - Storage directory /workdir/hadoop-ozone/integration-test/target/test-dir/MiniOzoneClusterImpl-77992fd3-8e8a-426b-8566-445f44124f00/datanode-3/data/ratis/edc78da7-8915-4033-8710-dc31737e2860 has been successfully formatted.
2019-10-09 13:13:43,806 [pool-450-thread-1] INFO  storage.RaftStorage (RaftStorage.java:format(72)) - Storage directory /workdir/hadoop-ozone/integration-test/target/test-dir/MiniOzoneClusterImpl-77992fd3-8e8a-426b-8566-445f44124f00/datanode-4/data/ratis/edc78da7-8915-4033-8710-dc31737e2860 has been successfully formatted.
2019-10-09 13:13:43,806 [pool-440-thread-1] INFO  ratis.ContainerStateMachine (ContainerStateMachine.java:loadSnapshot(230)) - group-DC31737E2860: The snapshot info is null. Setting the last applied indexto:(t:0, i:~)
2019-10-09 13:13:43,806 [pool-420-thread-1] INFO  storage.RaftStorage (RaftStorage.java:format(72)) - Storage directory /workdir/hadoop-ozone/integration-test/target/test-dir/MiniOzoneClusterImpl-77992fd3-8e8a-426b-8566-445f44124f00/datanode-1/data/ratis/edc78da7-8915-4033-8710-dc31737e2860 has been successfully formatted.
2019-10-09 13:13:43,807 [pool-450-thread-1] INFO  ratis.ContainerStateMachine (ContainerStateMachine.java:loadSnapshot(230)) - group-DC31737E2860: The snapshot info is null. Setting the last applied indexto:(t:0, i:~)
2019-10-09 13:13:43,807 [pool-440-thread-1] INFO  server.RaftServerConfigKeys (ConfUtils.java:logGet(43)) - raft.server.notification.no-leader.timeout = 120s (custom)
2019-10-09 13:13:43,807 [pool-450-thread-1] INFO  server.RaftServerConfigKeys (ConfUtils.java:logGet(43)) - raft.server.notification.no-leader.timeout = 120s (custom)
2019-10-09 13:13:43,807 [pool-420-thread-1] INFO  ratis.ContainerStateMachine (ContainerStateMachine.java:loadSnapshot(230)) - group-DC31737E2860: The snapshot info is null. Setting the last applied indexto:(t:0, i:~)
2019-10-09 13:13:43,807 [pool-450-thread-1] INFO  server.RaftServerConfigKeys (ConfUtils.java:logGet(43)) - raft.server.log.use.memory = false (default)
2019-10-09 13:13:43,807 [pool-440-thread-1] INFO  server.RaftServerConfigKeys (ConfUtils.java:logGet(43)) - raft.server.log.use.memory = false (default)
2019-10-09 13:13:43,807 [pool-450-thread-1] INFO  server.RaftServerConfigKeys (ConfUtils.java:logGet(43)) - raft.server.log.purge.gap = 1000000 (custom)
2019-10-09 13:13:43,807 [pool-420-thread-1] INFO  server.RaftServerConfigKeys (ConfUtils.java:logGet(43)) - raft.server.notification.no-leader.timeout = 120s (custom)
2019-10-09 13:13:43,807 [pool-450-thread-1] INFO  server.RaftServerConfigKeys (ConfUtils.java:logGet(43)) - raft.server.log.appender.buffer.byte-limit = 33554432 (custom)
2019-10-09 13:13:43,807 [pool-440-thread-1] INFO  server.RaftServerConfigKeys (ConfUtils.java:logGet(43)) - raft.server.log.purge.gap = 1000000 (custom)
2019-10-09 13:13:43,808 [pool-450-thread-1] INFO  server.RaftServerConfigKeys (ConfUtils.java:logGet(43)) - raft.server.log.segment.size.max = 1048576 (custom)
2019-10-09 13:13:43,808 [pool-420-thread-1] INFO  server.RaftServerConfigKeys (ConfUtils.java:logGet(43)) - raft.server.log.use.memory = false (default)
2019-10-09 13:13:43,808 [pool-450-thread-1] INFO  server.RaftServerConfigKeys (ConfUtils.java:logGet(43)) - raft.server.log.segment.cache.num.max = 2 (custom)
2019-10-09 13:13:43,808 [pool-440-thread-1] INFO  server.RaftServerConfigKeys (ConfUtils.java:logGet(43)) - raft.server.log.appender.buffer.byte-limit = 33554432 (custom)
2019-10-09 13:13:43,808 [pool-450-thread-1] INFO  segmented.SegmentedRaftLogWorker (SegmentedRaftLogWorker.java:<init>(172)) - new 162534dc-93d9-4206-ab1e-9268955c7aca@group-DC31737E2860-SegmentedRaftLogWorker for RaftStorage:Storage Directory /workdir/hadoop-ozone/integration-test/target/test-dir/MiniOzoneClusterImpl-77992fd3-8e8a-426b-8566-445f44124f00/datanode-4/data/ratis/edc78da7-8915-4033-8710-dc31737e2860
2019-10-09 13:13:43,808 [pool-420-thread-1] INFO  server.RaftServerConfigKeys (ConfUtils.java:logGet(43)) - raft.server.log.purge.gap = 1000000 (custom)
2019-10-09 13:13:43,808 [pool-450-thread-1] INFO  server.RaftServerConfigKeys (ConfUtils.java:logGet(43)) - raft.server.log.queue.byte-limit = 2147483647 (custom)
2019-10-09 13:13:43,808 [pool-440-thread-1] INFO  server.RaftServerConfigKeys (ConfUtils.java:logGet(43)) - raft.server.log.segment.size.max = 1048576 (custom)
2019-10-09 13:13:43,809 [pool-450-thread-1] INFO  server.RaftServerConfigKeys (ConfUtils.java:logGet(43)) - raft.server.log.queue.element-limit = 1024 (custom)
2019-10-09 13:13:43,809 [pool-420-thread-1] INFO  server.RaftServerConfigKeys (ConfUtils.java:logGet(43)) - raft.server.log.appender.buffer.byte-limit = 33554432 (custom)
2019-10-09 13:13:43,809 [pool-450-thread-1] INFO  server.RaftServerConfigKeys (ConfUtils.java:logGet(43)) - raft.server.log.segment.size.max = 1048576 (custom)
2019-10-09 13:13:43,809 [pool-440-thread-1] INFO  server.RaftServerConfigKeys (ConfUtils.java:logGet(43)) - raft.server.log.segment.cache.num.max = 2 (custom)
2019-10-09 13:13:43,809 [pool-450-thread-1] INFO  server.RaftServerConfigKeys (ConfUtils.java:logGet(43)) - raft.server.log.preallocated.size = 16384 (custom)
2019-10-09 13:13:43,809 [pool-420-thread-1] INFO  server.RaftServerConfigKeys (ConfUtils.java:logGet(43)) - raft.server.log.segment.size.max = 1048576 (custom)
2019-10-09 13:13:43,810 [pool-450-thread-1] INFO  server.RaftServerConfigKeys (ConfUtils.java:logGet(43)) - raft.server.log.write.buffer.size = 33554432 (custom)
2019-10-09 13:13:43,809 [pool-440-thread-1] INFO  segmented.SegmentedRaftLogWorker (SegmentedRaftLogWorker.java:<init>(172)) - new 869fbf5b-cbbd-43c6-9f26-156c5192e660@group-DC31737E2860-SegmentedRaftLogWorker for RaftStorage:Storage Directory /workdir/hadoop-ozone/integration-test/target/test-dir/MiniOzoneClusterImpl-77992fd3-8e8a-426b-8566-445f44124f00/datanode-3/data/ratis/edc78da7-8915-4033-8710-dc31737e2860
2019-10-09 13:13:43,810 [pool-450-thread-1] INFO  server.RaftServerConfigKeys (ConfUtils.java:logGet(43)) - raft.server.log.force.sync.num = 128 (default)
2019-10-09 13:13:43,810 [pool-450-thread-1] INFO  server.RaftServerConfigKeys (ConfUtils.java:logGet(43)) - raft.server.log.statemachine.data.sync = true (default)
2019-10-09 13:13:43,810 [pool-420-thread-1] INFO  server.RaftServerConfigKeys (ConfUtils.java:logGet(43)) - raft.server.log.segment.cache.num.max = 2 (custom)
2019-10-09 13:13:43,810 [pool-450-thread-1] INFO  server.RaftServerConfigKeys (ConfUtils.java:logGet(43)) - raft.server.log.statemachine.data.sync.timeout = 10s (default)
2019-10-09 13:13:43,810 [pool-440-thread-1] INFO  server.RaftServerConfigKeys (ConfUtils.java:logGet(43)) - raft.server.log.queue.byte-limit = 2147483647 (custom)
2019-10-09 13:13:43,810 [pool-450-thread-1] INFO  server.RaftServerConfigKeys (ConfUtils.java:logGet(43)) - raft.server.log.statemachine.data.sync.timeout.retry = -1 (default)
2019-10-09 13:13:43,810 [pool-420-thread-1] INFO  segmented.SegmentedRaftLogWorker (SegmentedRaftLogWorker.java:<init>(172)) - new 96acbf61-3ece-4d83-9836-a217fb58817a@group-DC31737E2860-SegmentedRaftLogWorker for RaftStorage:Storage Directory /workdir/hadoop-ozone/integration-test/target/test-dir/MiniOzoneClusterImpl-77992fd3-8e8a-426b-8566-445f44124f00/datanode-1/data/ratis/edc78da7-8915-4033-8710-dc31737e2860
2019-10-09 13:13:43,811 [pool-450-thread-1] INFO  server.RaftServerConfigKeys (ConfUtils.java:logGet(43)) - raft.server.log.statemachine.data.caching.enabled = true (custom)
2019-10-09 13:13:43,811 [pool-440-thread-1] INFO  server.RaftServerConfigKeys (ConfUtils.java:logGet(43)) - raft.server.log.queue.element-limit = 1024 (custom)
2019-10-09 13:13:43,811 [pool-420-thread-1] INFO  server.RaftServerConfigKeys (ConfUtils.java:logGet(43)) - raft.server.log.queue.byte-limit = 2147483647 (custom)
2019-10-09 13:13:43,811 [pool-440-thread-1] INFO  server.RaftServerConfigKeys (ConfUtils.java:logGet(43)) - raft.server.log.segment.size.max = 1048576 (custom)
2019-10-09 13:13:43,811 [pool-450-thread-1] INFO  segmented.SegmentedRaftLogWorker (SegmentedRaftLogWorker.java:lambda$new$0(132)) - 162534dc-93d9-4206-ab1e-9268955c7aca@group-DC31737E2860-SegmentedRaftLogWorker: flushIndex: setUnconditionally 0 -> -1
2019-10-09 13:13:43,811 [pool-420-thread-1] INFO  server.RaftServerConfigKeys (ConfUtils.java:logGet(43)) - raft.server.log.queue.element-limit = 1024 (custom)
2019-10-09 13:13:43,811 [pool-440-thread-1] INFO  server.RaftServerConfigKeys (ConfUtils.java:logGet(43)) - raft.server.log.preallocated.size = 16384 (custom)
2019-10-09 13:13:43,812 [pool-450-thread-1] INFO  server.RaftServerConfigKeys (ConfUtils.java:logGet(43)) - raft.server.snapshot.auto.trigger.enabled = true (custom)
2019-10-09 13:13:43,812 [pool-420-thread-1] INFO  server.RaftServerConfigKeys (ConfUtils.java:logGet(43)) - raft.server.log.segment.size.max = 1048576 (custom)
2019-10-09 13:13:43,812 [pool-450-thread-1] INFO  server.RaftServerConfigKeys (ConfUtils.java:logGet(43)) - raft.server.snapshot.auto.trigger.threshold = 10000 (custom)
2019-10-09 13:13:43,812 [pool-440-thread-1] INFO  server.RaftServerConfigKeys (ConfUtils.java:logGet(43)) - raft.server.log.write.buffer.size = 33554432 (custom)
2019-10-09 13:13:43,812 [pool-450-thread-1] INFO  server.RaftServerConfigKeys (ConfUtils.java:logGet(43)) - raft.server.snapshot.retention.num.files = 5 (custom)
2019-10-09 13:13:43,812 [pool-420-thread-1] INFO  server.RaftServerConfigKeys (ConfUtils.java:logGet(43)) - raft.server.log.preallocated.size = 16384 (custom)
2019-10-09 13:13:43,812 [pool-450-thread-1] INFO  server.RaftServerConfigKeys (ConfUtils.java:logGet(43)) - raft.server.retrycache.expirytime = 600000ms (custom)
2019-10-09 13:13:43,812 [pool-440-thread-1] INFO  server.RaftServerConfigKeys (ConfUtils.java:logGet(43)) - raft.server.log.force.sync.num = 128 (default)
2019-10-09 13:13:43,812 [pool-420-thread-1] INFO  server.RaftServerConfigKeys (ConfUtils.java:logGet(43)) - raft.server.log.write.buffer.size = 33554432 (custom)
2019-10-09 13:13:43,813 [pool-440-thread-1] INFO  server.RaftServerConfigKeys (ConfUtils.java:logGet(43)) - raft.server.log.statemachine.data.sync = true (default)
2019-10-09 13:13:43,813 [pool-420-thread-1] INFO  server.RaftServerConfigKeys (ConfUtils.java:logGet(43)) - raft.server.log.force.sync.num = 128 (default)
2019-10-09 13:13:43,813 [pool-440-thread-1] INFO  server.RaftServerConfigKeys (ConfUtils.java:logGet(43)) - raft.server.log.statemachine.data.sync.timeout = 10s (default)
2019-10-09 13:13:43,813 [pool-420-thread-1] INFO  server.RaftServerConfigKeys (ConfUtils.java:logGet(43)) - raft.server.log.statemachine.data.sync = true (default)
2019-10-09 13:13:43,813 [pool-440-thread-1] INFO  server.RaftServerConfigKeys (ConfUtils.java:logGet(43)) - raft.server.log.statemachine.data.sync.timeout.retry = -1 (default)
2019-10-09 13:13:43,813 [pool-420-thread-1] INFO  server.RaftServerConfigKeys (ConfUtils.java:logGet(43)) - raft.server.log.statemachine.data.sync.timeout = 10s (default)
2019-10-09 13:13:43,813 [pool-440-thread-1] INFO  server.RaftServerConfigKeys (ConfUtils.java:logGet(43)) - raft.server.log.statemachine.data.caching.enabled = true (custom)
2019-10-09 13:13:43,813 [pool-420-thread-1] INFO  server.RaftServerConfigKeys (ConfUtils.java:logGet(43)) - raft.server.log.statemachine.data.sync.timeout.retry = -1 (default)
2019-10-09 13:13:43,813 [pool-440-thread-1] INFO  segmented.SegmentedRaftLogWorker (SegmentedRaftLogWorker.java:lambda$new$0(132)) - 869fbf5b-cbbd-43c6-9f26-156c5192e660@group-DC31737E2860-SegmentedRaftLogWorker: flushIndex: setUnconditionally 0 -> -1
2019-10-09 13:13:43,814 [pool-420-thread-1] INFO  server.RaftServerConfigKeys (ConfUtils.java:logGet(43)) - raft.server.log.statemachine.data.caching.enabled = true (custom)
2019-10-09 13:13:43,814 [pool-440-thread-1] INFO  server.RaftServerConfigKeys (ConfUtils.java:logGet(43)) - raft.server.snapshot.auto.trigger.enabled = true (custom)
2019-10-09 13:13:43,814 [pool-440-thread-1] INFO  server.RaftServerConfigKeys (ConfUtils.java:logGet(43)) - raft.server.snapshot.auto.trigger.threshold = 10000 (custom)
2019-10-09 13:13:43,814 [pool-420-thread-1] INFO  segmented.SegmentedRaftLogWorker (SegmentedRaftLogWorker.java:lambda$new$0(132)) - 96acbf61-3ece-4d83-9836-a217fb58817a@group-DC31737E2860-SegmentedRaftLogWorker: flushIndex: setUnconditionally 0 -> -1
2019-10-09 13:13:43,814 [pool-450-thread-1] INFO  impl.RaftServerImpl (RaftServerImpl.java:start(185)) - 162534dc-93d9-4206-ab1e-9268955c7aca@group-DC31737E2860: start as a follower, conf=-1: [96acbf61-3ece-4d83-9836-a217fb58817a:192.168.5.175:35650, 162534dc-93d9-4206-ab1e-9268955c7aca:192.168.5.175:32957, 869fbf5b-cbbd-43c6-9f26-156c5192e660:192.168.5.175:43498], old=null
2019-10-09 13:13:43,814 [pool-440-thread-1] INFO  server.RaftServerConfigKeys (ConfUtils.java:logGet(43)) - raft.server.snapshot.retention.num.files = 5 (custom)
2019-10-09 13:13:43,814 [pool-420-thread-1] INFO  server.RaftServerConfigKeys (ConfUtils.java:logGet(43)) - raft.server.snapshot.auto.trigger.enabled = true (custom)
2019-10-09 13:13:43,814 [pool-450-thread-1] INFO  impl.RaftServerImpl (RaftServerImpl.java:setRole(174)) - 162534dc-93d9-4206-ab1e-9268955c7aca@group-DC31737E2860: changes role from      null to FOLLOWER at term 0 for startAsFollower
2019-10-09 13:13:43,814 [pool-420-thread-1] INFO  server.RaftServerConfigKeys (ConfUtils.java:logGet(43)) - raft.server.snapshot.auto.trigger.threshold = 10000 (custom)
2019-10-09 13:13:43,814 [pool-440-thread-1] INFO  server.RaftServerConfigKeys (ConfUtils.java:logGet(43)) - raft.server.retrycache.expirytime = 600000ms (custom)
2019-10-09 13:13:43,815 [pool-420-thread-1] INFO  server.RaftServerConfigKeys (ConfUtils.java:logGet(43)) - raft.server.snapshot.retention.num.files = 5 (custom)
2019-10-09 13:13:43,815 [pool-450-thread-1] INFO  impl.RoleInfo (RoleInfo.java:updateAndGet(143)) - 162534dc-93d9-4206-ab1e-9268955c7aca: start FollowerState
2019-10-09 13:13:43,815 [pool-420-thread-1] INFO  server.RaftServerConfigKeys (ConfUtils.java:logGet(43)) - raft.server.retrycache.expirytime = 600000ms (custom)
2019-10-09 13:13:43,815 [pool-450-thread-1] INFO  util.JmxRegister (JmxRegister.java:tryRegister(44)) - Successfully registered JMX Bean with object name Ratis:service=RaftServer,group=group-DC31737E2860,id=162534dc-93d9-4206-ab1e-9268955c7aca
2019-10-09 13:13:43,816 [pool-440-thread-1] INFO  impl.RaftServerImpl (RaftServerImpl.java:start(185)) - 869fbf5b-cbbd-43c6-9f26-156c5192e660@group-DC31737E2860: start as a follower, conf=-1: [96acbf61-3ece-4d83-9836-a217fb58817a:192.168.5.175:35650, 162534dc-93d9-4206-ab1e-9268955c7aca:192.168.5.175:32957, 869fbf5b-cbbd-43c6-9f26-156c5192e660:192.168.5.175:43498], old=null
2019-10-09 13:13:43,816 [pool-440-thread-1] INFO  impl.RaftServerImpl (RaftServerImpl.java:setRole(174)) - 869fbf5b-cbbd-43c6-9f26-156c5192e660@group-DC31737E2860: changes role from      null to FOLLOWER at term 0 for startAsFollower
2019-10-09 13:13:43,816 [pool-440-thread-1] INFO  impl.RoleInfo (RoleInfo.java:updateAndGet(143)) - 869fbf5b-cbbd-43c6-9f26-156c5192e660: start FollowerState
2019-10-09 13:13:43,817 [pool-440-thread-1] INFO  util.JmxRegister (JmxRegister.java:tryRegister(44)) - Successfully registered JMX Bean with object name Ratis:service=RaftServer,group=group-DC31737E2860,id=869fbf5b-cbbd-43c6-9f26-156c5192e660
2019-10-09 13:13:43,817 [pool-420-thread-1] INFO  impl.RaftServerImpl (RaftServerImpl.java:start(185)) - 96acbf61-3ece-4d83-9836-a217fb58817a@group-DC31737E2860: start as a follower, conf=-1: [96acbf61-3ece-4d83-9836-a217fb58817a:192.168.5.175:35650, 162534dc-93d9-4206-ab1e-9268955c7aca:192.168.5.175:32957, 869fbf5b-cbbd-43c6-9f26-156c5192e660:192.168.5.175:43498], old=null
2019-10-09 13:13:43,817 [pool-420-thread-1] INFO  impl.RaftServerImpl (RaftServerImpl.java:setRole(174)) - 96acbf61-3ece-4d83-9836-a217fb58817a@group-DC31737E2860: changes role from      null to FOLLOWER at term 0 for startAsFollower
2019-10-09 13:13:43,817 [pool-420-thread-1] INFO  impl.RoleInfo (RoleInfo.java:updateAndGet(143)) - 96acbf61-3ece-4d83-9836-a217fb58817a: start FollowerState
2019-10-09 13:13:43,818 [pool-420-thread-1] INFO  util.JmxRegister (JmxRegister.java:tryRegister(44)) - Successfully registered JMX Bean with object name Ratis:service=RaftServer,group=group-DC31737E2860,id=96acbf61-3ece-4d83-9836-a217fb58817a
2019-10-09 13:13:43,820 [RatisPipelineUtilsThread] INFO  pipeline.PipelineStateManager (PipelineStateManager.java:addPipeline(56)) - Created pipeline Pipeline[ Id: edc78da7-8915-4033-8710-dc31737e2860, Nodes: 96acbf61-3ece-4d83-9836-a217fb58817a{ip: 192.168.5.175, host: pr-hdds-1569-mfl88-1504498049, networkLocation: /default-rack, certSerialId: null}869fbf5b-cbbd-43c6-9f26-156c5192e660{ip: 192.168.5.175, host: pr-hdds-1569-mfl88-1504498049, networkLocation: /default-rack, certSerialId: null}162534dc-93d9-4206-ab1e-9268955c7aca{ip: 192.168.5.175, host: pr-hdds-1569-mfl88-1504498049, networkLocation: /default-rack, certSerialId: null}, Type:RATIS, Factor:THREE, State:OPEN]
2019-10-09 13:13:43,823 [grpc-default-executor-34] INFO  impl.RaftServerProxy (RaftServerProxy.java:addNew(89)) - 869fbf5b-cbbd-43c6-9f26-156c5192e660: addNew group-19F276FA9099:[96acbf61-3ece-4d83-9836-a217fb58817a:192.168.5.175:35650, 162534dc-93d9-4206-ab1e-9268955c7aca:192.168.5.175:32957, 869fbf5b-cbbd-43c6-9f26-156c5192e660:192.168.5.175:43498] returns group-19F276FA9099:java.util.concurrent.CompletableFuture@da3c50c[Not completed]
2019-10-09 13:13:43,823 [grpc-default-executor-35] INFO  impl.RaftServerProxy (RaftServerProxy.java:addNew(89)) - 96acbf61-3ece-4d83-9836-a217fb58817a: addNew group-19F276FA9099:[96acbf61-3ece-4d83-9836-a217fb58817a:192.168.5.175:35650, 162534dc-93d9-4206-ab1e-9268955c7aca:192.168.5.175:32957, 869fbf5b-cbbd-43c6-9f26-156c5192e660:192.168.5.175:43498] returns group-19F276FA9099:java.util.concurrent.CompletableFuture@2668f2f0[Not completed]
2019-10-09 13:13:43,823 [grpc-default-executor-15] INFO  impl.RaftServerProxy (RaftServerProxy.java:addNew(89)) - 162534dc-93d9-4206-ab1e-9268955c7aca: addNew group-19F276FA9099:[96acbf61-3ece-4d83-9836-a217fb58817a:192.168.5.175:35650, 162534dc-93d9-4206-ab1e-9268955c7aca:192.168.5.175:32957, 869fbf5b-cbbd-43c6-9f26-156c5192e660:192.168.5.175:43498] returns group-19F276FA9099:java.util.concurrent.CompletableFuture@4274d79c[Not completed]
2019-10-09 13:13:43,824 [pool-440-thread-1] INFO  impl.RaftServerImpl (RaftServerImpl.java:<init>(95)) - 869fbf5b-cbbd-43c6-9f26-156c5192e660: new RaftServerImpl for group-19F276FA9099:[96acbf61-3ece-4d83-9836-a217fb58817a:192.168.5.175:35650, 162534dc-93d9-4206-ab1e-9268955c7aca:192.168.5.175:32957, 869fbf5b-cbbd-43c6-9f26-156c5192e660:192.168.5.175:43498] with ContainerStateMachine:uninitialized
2019-10-09 13:13:43,824 [pool-440-thread-1] INFO  server.RaftServerConfigKeys (ConfUtils.java:logGet(43)) - raft.server.rpc.timeout.min = 5s (custom)
2019-10-09 13:13:43,824 [pool-440-thread-1] INFO  server.RaftServerConfigKeys (ConfUtils.java:logGet(43)) - raft.server.rpc.timeout.max = 5200ms (custom)
2019-10-09 13:13:43,824 [pool-440-thread-1] INFO  server.RaftServerConfigKeys (ConfUtils.java:logGet(43)) - raft.server.rpcslowness.timeout = 120s (custom)
2019-10-09 13:13:43,824 [pool-440-thread-1] INFO  server.RaftServerConfigKeys (ConfUtils.java:logGet(43)) - raft.server.sleep.deviation.threshold = 300 (default)
2019-10-09 13:13:43,824 [pool-440-thread-1] INFO  server.RaftServerConfigKeys (ConfUtils.java:logGet(43)) - raft.server.log.appender.install.snapshot.enabled = false (custom)
2019-10-09 13:13:43,824 [pool-440-thread-1] INFO  impl.RaftServerImpl (ServerState.java:<init>(103)) - 869fbf5b-cbbd-43c6-9f26-156c5192e660@group-19F276FA9099: ConfigurationManager, init=-1: [96acbf61-3ece-4d83-9836-a217fb58817a:192.168.5.175:35650, 162534dc-93d9-4206-ab1e-9268955c7aca:192.168.5.175:32957, 869fbf5b-cbbd-43c6-9f26-156c5192e660:192.168.5.175:43498], old=null, confs=<EMPTY_MAP>
2019-10-09 13:13:43,824 [pool-420-thread-1] INFO  impl.RaftServerImpl (RaftServerImpl.java:<init>(95)) - 96acbf61-3ece-4d83-9836-a217fb58817a: new RaftServerImpl for group-19F276FA9099:[96acbf61-3ece-4d83-9836-a217fb58817a:192.168.5.175:35650, 162534dc-93d9-4206-ab1e-9268955c7aca:192.168.5.175:32957, 869fbf5b-cbbd-43c6-9f26-156c5192e660:192.168.5.175:43498] with ContainerStateMachine:uninitialized
2019-10-09 13:13:43,824 [pool-440-thread-1] INFO  server.RaftServerConfigKeys (ConfUtils.java:logGet(43)) - raft.server.storage.dir = [/workdir/hadoop-ozone/integration-test/target/test-dir/MiniOzoneClusterImpl-77992fd3-8e8a-426b-8566-445f44124f00/datanode-3/data/ratis] (custom)
2019-10-09 13:13:43,824 [pool-420-thread-1] INFO  server.RaftServerConfigKeys (ConfUtils.java:logGet(43)) - raft.server.rpc.timeout.min = 5s (custom)
2019-10-09 13:13:43,825 [pool-420-thread-1] INFO  server.RaftServerConfigKeys (ConfUtils.java:logGet(43)) - raft.server.rpc.timeout.max = 5200ms (custom)
2019-10-09 13:13:43,825 [pool-440-thread-1] INFO  storage.RaftStorageDirectory (RaftStorageDirectory.java:analyzeStorage(246)) - The storage directory /workdir/hadoop-ozone/integration-test/target/test-dir/MiniOzoneClusterImpl-77992fd3-8e8a-426b-8566-445f44124f00/datanode-3/data/ratis/c0fa437f-cd60-420f-a614-19f276fa9099 does not exist. Creating ...
2019-10-09 13:13:43,825 [pool-450-thread-1] INFO  impl.RaftServerImpl (RaftServerImpl.java:<init>(95)) - 162534dc-93d9-4206-ab1e-9268955c7aca: new RaftServerImpl for group-19F276FA9099:[96acbf61-3ece-4d83-9836-a217fb58817a:192.168.5.175:35650, 162534dc-93d9-4206-ab1e-9268955c7aca:192.168.5.175:32957, 869fbf5b-cbbd-43c6-9f26-156c5192e660:192.168.5.175:43498] with ContainerStateMachine:uninitialized
2019-10-09 13:13:43,825 [pool-420-thread-1] INFO  server.RaftServerConfigKeys (ConfUtils.java:logGet(43)) - raft.server.rpcslowness.timeout = 120s (custom)
2019-10-09 13:13:43,825 [pool-450-thread-1] INFO  server.RaftServerConfigKeys (ConfUtils.java:logGet(43)) - raft.server.rpc.timeout.min = 5s (custom)
2019-10-09 13:13:43,825 [pool-420-thread-1] INFO  server.RaftServerConfigKeys (ConfUtils.java:logGet(43)) - raft.server.sleep.deviation.threshold = 300 (default)
2019-10-09 13:13:43,825 [pool-450-thread-1] INFO  server.RaftServerConfigKeys (ConfUtils.java:logGet(43)) - raft.server.rpc.timeout.max = 5200ms (custom)
2019-10-09 13:13:43,825 [pool-420-thread-1] INFO  server.RaftServerConfigKeys (ConfUtils.java:logGet(43)) - raft.server.log.appender.install.snapshot.enabled = false (custom)
2019-10-09 13:13:43,825 [pool-450-thread-1] INFO  server.RaftServerConfigKeys (ConfUtils.java:logGet(43)) - raft.server.rpcslowness.timeout = 120s (custom)
2019-10-09 13:13:43,825 [pool-420-thread-1] INFO  impl.RaftServerImpl (ServerState.java:<init>(103)) - 96acbf61-3ece-4d83-9836-a217fb58817a@group-19F276FA9099: ConfigurationManager, init=-1: [96acbf61-3ece-4d83-9836-a217fb58817a:192.168.5.175:35650, 162534dc-93d9-4206-ab1e-9268955c7aca:192.168.5.175:32957, 869fbf5b-cbbd-43c6-9f26-156c5192e660:192.168.5.175:43498], old=null, confs=<EMPTY_MAP>
2019-10-09 13:13:43,826 [pool-450-thread-1] INFO  server.RaftServerConfigKeys (ConfUtils.java:logGet(43)) - raft.server.sleep.deviation.threshold = 300 (default)
2019-10-09 13:13:43,826 [pool-420-thread-1] INFO  server.RaftServerConfigKeys (ConfUtils.java:logGet(43)) - raft.server.storage.dir = [/workdir/hadoop-ozone/integration-test/target/test-dir/MiniOzoneClusterImpl-77992fd3-8e8a-426b-8566-445f44124f00/datanode-1/data/ratis] (custom)
2019-10-09 13:13:43,826 [pool-450-thread-1] INFO  server.RaftServerConfigKeys (ConfUtils.java:logGet(43)) - raft.server.log.appender.install.snapshot.enabled = false (custom)
2019-10-09 13:13:43,826 [pool-450-thread-1] INFO  impl.RaftServerImpl (ServerState.java:<init>(103)) - 162534dc-93d9-4206-ab1e-9268955c7aca@group-19F276FA9099: ConfigurationManager, init=-1: [96acbf61-3ece-4d83-9836-a217fb58817a:192.168.5.175:35650, 162534dc-93d9-4206-ab1e-9268955c7aca:192.168.5.175:32957, 869fbf5b-cbbd-43c6-9f26-156c5192e660:192.168.5.175:43498], old=null, confs=<EMPTY_MAP>
2019-10-09 13:13:43,826 [pool-420-thread-1] INFO  storage.RaftStorageDirectory (RaftStorageDirectory.java:analyzeStorage(246)) - The storage directory /workdir/hadoop-ozone/integration-test/target/test-dir/MiniOzoneClusterImpl-77992fd3-8e8a-426b-8566-445f44124f00/datanode-1/data/ratis/c0fa437f-cd60-420f-a614-19f276fa9099 does not exist. Creating ...
2019-10-09 13:13:43,826 [pool-450-thread-1] INFO  server.RaftServerConfigKeys (ConfUtils.java:logGet(43)) - raft.server.storage.dir = [/workdir/hadoop-ozone/integration-test/target/test-dir/MiniOzoneClusterImpl-77992fd3-8e8a-426b-8566-445f44124f00/datanode-4/data/ratis] (custom)
2019-10-09 13:13:43,827 [pool-450-thread-1] INFO  storage.RaftStorageDirectory (RaftStorageDirectory.java:analyzeStorage(246)) - The storage directory /workdir/hadoop-ozone/integration-test/target/test-dir/MiniOzoneClusterImpl-77992fd3-8e8a-426b-8566-445f44124f00/datanode-4/data/ratis/c0fa437f-cd60-420f-a614-19f276fa9099 does not exist. Creating ...
2019-10-09 13:13:43,838 [pool-440-thread-1] INFO  storage.RaftStorageDirectory (RaftStorageDirectory.java:tryLock(328)) - Lock on /workdir/hadoop-ozone/integration-test/target/test-dir/MiniOzoneClusterImpl-77992fd3-8e8a-426b-8566-445f44124f00/datanode-3/data/ratis/c0fa437f-cd60-420f-a614-19f276fa9099/in_use.lock acquired by nodename 6401@pr-hdds-1569-mfl88-1504498049
2019-10-09 13:13:43,838 [pool-420-thread-1] INFO  storage.RaftStorageDirectory (RaftStorageDirectory.java:tryLock(328)) - Lock on /workdir/hadoop-ozone/integration-test/target/test-dir/MiniOzoneClusterImpl-77992fd3-8e8a-426b-8566-445f44124f00/datanode-1/data/ratis/c0fa437f-cd60-420f-a614-19f276fa9099/in_use.lock acquired by nodename 6401@pr-hdds-1569-mfl88-1504498049
2019-10-09 13:13:43,838 [pool-450-thread-1] INFO  storage.RaftStorageDirectory (RaftStorageDirectory.java:tryLock(328)) - Lock on /workdir/hadoop-ozone/integration-test/target/test-dir/MiniOzoneClusterImpl-77992fd3-8e8a-426b-8566-445f44124f00/datanode-4/data/ratis/c0fa437f-cd60-420f-a614-19f276fa9099/in_use.lock acquired by nodename 6401@pr-hdds-1569-mfl88-1504498049
2019-10-09 13:13:43,851 [pool-440-thread-1] INFO  storage.RaftStorage (RaftStorage.java:format(72)) - Storage directory /workdir/hadoop-ozone/integration-test/target/test-dir/MiniOzoneClusterImpl-77992fd3-8e8a-426b-8566-445f44124f00/datanode-3/data/ratis/c0fa437f-cd60-420f-a614-19f276fa9099 has been successfully formatted.
2019-10-09 13:13:43,851 [pool-420-thread-1] INFO  storage.RaftStorage (RaftStorage.java:format(72)) - Storage directory /workdir/hadoop-ozone/integration-test/target/test-dir/MiniOzoneClusterImpl-77992fd3-8e8a-426b-8566-445f44124f00/datanode-1/data/ratis/c0fa437f-cd60-420f-a614-19f276fa9099 has been successfully formatted.
2019-10-09 13:13:43,851 [pool-450-thread-1] INFO  storage.RaftStorage (RaftStorage.java:format(72)) - Storage directory /workdir/hadoop-ozone/integration-test/target/test-dir/MiniOzoneClusterImpl-77992fd3-8e8a-426b-8566-445f44124f00/datanode-4/data/ratis/c0fa437f-cd60-420f-a614-19f276fa9099 has been successfully formatted.
2019-10-09 13:13:43,852 [pool-420-thread-1] INFO  ratis.ContainerStateMachine (ContainerStateMachine.java:loadSnapshot(230)) - group-19F276FA9099: The snapshot info is null. Setting the last applied indexto:(t:0, i:~)
2019-10-09 13:13:43,852 [pool-440-thread-1] INFO  ratis.ContainerStateMachine (ContainerStateMachine.java:loadSnapshot(230)) - group-19F276FA9099: The snapshot info is null. Setting the last applied indexto:(t:0, i:~)
2019-10-09 13:13:43,852 [pool-420-thread-1] INFO  server.RaftServerConfigKeys (ConfUtils.java:logGet(43)) - raft.server.notification.no-leader.timeout = 120s (custom)
2019-10-09 13:13:43,852 [pool-450-thread-1] INFO  ratis.ContainerStateMachine (ContainerStateMachine.java:loadSnapshot(230)) - group-19F276FA9099: The snapshot info is null. Setting the last applied indexto:(t:0, i:~)
2019-10-09 13:13:43,852 [pool-420-thread-1] INFO  server.RaftServerConfigKeys (ConfUtils.java:logGet(43)) - raft.server.log.use.memory = false (default)
2019-10-09 13:13:43,852 [pool-440-thread-1] INFO  server.RaftServerConfigKeys (ConfUtils.java:logGet(43)) - raft.server.notification.no-leader.timeout = 120s (custom)
2019-10-09 13:13:43,853 [pool-420-thread-1] INFO  server.RaftServerConfigKeys (ConfUtils.java:logGet(43)) - raft.server.log.purge.gap = 1000000 (custom)
2019-10-09 13:13:43,852 [pool-450-thread-1] INFO  server.RaftServerConfigKeys (ConfUtils.java:logGet(43)) - raft.server.notification.no-leader.timeout = 120s (custom)
2019-10-09 13:13:43,853 [pool-420-thread-1] INFO  server.RaftServerConfigKeys (ConfUtils.java:logGet(43)) - raft.server.log.appender.buffer.byte-limit = 33554432 (custom)
2019-10-09 13:13:43,853 [pool-440-thread-1] INFO  server.RaftServerConfigKeys (ConfUtils.java:logGet(43)) - raft.server.log.use.memory = false (default)
2019-10-09 13:13:43,853 [pool-420-thread-1] INFO  server.RaftServerConfigKeys (ConfUtils.java:logGet(43)) - raft.server.log.segment.size.max = 1048576 (custom)
2019-10-09 13:13:43,853 [pool-420-thread-1] INFO  server.RaftServerConfigKeys (ConfUtils.java:logGet(43)) - raft.server.log.segment.cache.num.max = 2 (custom)
2019-10-09 13:13:43,853 [pool-450-thread-1] INFO  server.RaftServerConfigKeys (ConfUtils.java:logGet(43)) - raft.server.log.use.memory = false (default)
2019-10-09 13:13:43,854 [pool-420-thread-1] INFO  segmented.SegmentedRaftLogWorker (SegmentedRaftLogWorker.java:<init>(172)) - new 96acbf61-3ece-4d83-9836-a217fb58817a@group-19F276FA9099-SegmentedRaftLogWorker for RaftStorage:Storage Directory /workdir/hadoop-ozone/integration-test/target/test-dir/MiniOzoneClusterImpl-77992fd3-8e8a-426b-8566-445f44124f00/datanode-1/data/ratis/c0fa437f-cd60-420f-a614-19f276fa9099
2019-10-09 13:13:43,853 [pool-440-thread-1] INFO  server.RaftServerConfigKeys (ConfUtils.java:logGet(43)) - raft.server.log.purge.gap = 1000000 (custom)
2019-10-09 13:13:43,854 [pool-420-thread-1] INFO  server.RaftServerConfigKeys (ConfUtils.java:logGet(43)) - raft.server.log.queue.byte-limit = 2147483647 (custom)
2019-10-09 13:13:43,854 [pool-450-thread-1] INFO  server.RaftServerConfigKeys (ConfUtils.java:logGet(43)) - raft.server.log.purge.gap = 1000000 (custom)
2019-10-09 13:13:43,854 [pool-420-thread-1] INFO  server.RaftServerConfigKeys (ConfUtils.java:logGet(43)) - raft.server.log.queue.element-limit = 1024 (custom)
2019-10-09 13:13:43,854 [pool-440-thread-1] INFO  server.RaftServerConfigKeys (ConfUtils.java:logGet(43)) - raft.server.log.appender.buffer.byte-limit = 33554432 (custom)
2019-10-09 13:13:43,854 [pool-420-thread-1] INFO  server.RaftServerConfigKeys (ConfUtils.java:logGet(43)) - raft.server.log.segment.size.max = 1048576 (custom)
2019-10-09 13:13:43,854 [pool-450-thread-1] INFO  server.RaftServerConfigKeys (ConfUtils.java:logGet(43)) - raft.server.log.appender.buffer.byte-limit = 33554432 (custom)
2019-10-09 13:13:43,855 [pool-420-thread-1] INFO  server.RaftServerConfigKeys (ConfUtils.java:logGet(43)) - raft.server.log.preallocated.size = 16384 (custom)
2019-10-09 13:13:43,855 [pool-440-thread-1] INFO  server.RaftServerConfigKeys (ConfUtils.java:logGet(43)) - raft.server.log.segment.size.max = 1048576 (custom)
2019-10-09 13:13:43,855 [pool-420-thread-1] INFO  server.RaftServerConfigKeys (ConfUtils.java:logGet(43)) - raft.server.log.write.buffer.size = 33554432 (custom)
2019-10-09 13:13:43,855 [pool-450-thread-1] INFO  server.RaftServerConfigKeys (ConfUtils.java:logGet(43)) - raft.server.log.segment.size.max = 1048576 (custom)
2019-10-09 13:13:43,855 [pool-420-thread-1] INFO  server.RaftServerConfigKeys (ConfUtils.java:logGet(43)) - raft.server.log.force.sync.num = 128 (default)
2019-10-09 13:13:43,855 [pool-440-thread-1] INFO  server.RaftServerConfigKeys (ConfUtils.java:logGet(43)) - raft.server.log.segment.cache.num.max = 2 (custom)
2019-10-09 13:13:43,856 [pool-420-thread-1] INFO  server.RaftServerConfigKeys (ConfUtils.java:logGet(43)) - raft.server.log.statemachine.data.sync = true (default)
2019-10-09 13:13:43,856 [pool-420-thread-1] INFO  server.RaftServerConfigKeys (ConfUtils.java:logGet(43)) - raft.server.log.statemachine.data.sync.timeout = 10s (default)
2019-10-09 13:13:43,856 [pool-450-thread-1] INFO  server.RaftServerConfigKeys (ConfUtils.java:logGet(43)) - raft.server.log.segment.cache.num.max = 2 (custom)
2019-10-09 13:13:43,856 [pool-420-thread-1] INFO  server.RaftServerConfigKeys (ConfUtils.java:logGet(43)) - raft.server.log.statemachine.data.sync.timeout.retry = -1 (default)
2019-10-09 13:13:43,856 [pool-440-thread-1] INFO  segmented.SegmentedRaftLogWorker (SegmentedRaftLogWorker.java:<init>(172)) - new 869fbf5b-cbbd-43c6-9f26-156c5192e660@group-19F276FA9099-SegmentedRaftLogWorker for RaftStorage:Storage Directory /workdir/hadoop-ozone/integration-test/target/test-dir/MiniOzoneClusterImpl-77992fd3-8e8a-426b-8566-445f44124f00/datanode-3/data/ratis/c0fa437f-cd60-420f-a614-19f276fa9099
2019-10-09 13:13:43,857 [pool-420-thread-1] INFO  server.RaftServerConfigKeys (ConfUtils.java:logGet(43)) - raft.server.log.statemachine.data.caching.enabled = true (custom)
2019-10-09 13:13:43,856 [pool-450-thread-1] INFO  segmented.SegmentedRaftLogWorker (SegmentedRaftLogWorker.java:<init>(172)) - new 162534dc-93d9-4206-ab1e-9268955c7aca@group-19F276FA9099-SegmentedRaftLogWorker for RaftStorage:Storage Directory /workdir/hadoop-ozone/integration-test/target/test-dir/MiniOzoneClusterImpl-77992fd3-8e8a-426b-8566-445f44124f00/datanode-4/data/ratis/c0fa437f-cd60-420f-a614-19f276fa9099
2019-10-09 13:13:43,857 [pool-420-thread-1] INFO  segmented.SegmentedRaftLogWorker (SegmentedRaftLogWorker.java:lambda$new$0(132)) - 96acbf61-3ece-4d83-9836-a217fb58817a@group-19F276FA9099-SegmentedRaftLogWorker: flushIndex: setUnconditionally 0 -> -1
2019-10-09 13:13:43,857 [pool-440-thread-1] INFO  server.RaftServerConfigKeys (ConfUtils.java:logGet(43)) - raft.server.log.queue.byte-limit = 2147483647 (custom)
2019-10-09 13:13:43,857 [pool-450-thread-1] INFO  server.RaftServerConfigKeys (ConfUtils.java:logGet(43)) - raft.server.log.queue.byte-limit = 2147483647 (custom)
2019-10-09 13:13:43,857 [pool-420-thread-1] INFO  server.RaftServerConfigKeys (ConfUtils.java:logGet(43)) - raft.server.snapshot.auto.trigger.enabled = true (custom)
2019-10-09 13:13:43,857 [pool-440-thread-1] INFO  server.RaftServerConfigKeys (ConfUtils.java:logGet(43)) - raft.server.log.queue.element-limit = 1024 (custom)
2019-10-09 13:13:43,858 [pool-420-thread-1] INFO  server.RaftServerConfigKeys (ConfUtils.java:logGet(43)) - raft.server.snapshot.auto.trigger.threshold = 10000 (custom)
2019-10-09 13:13:43,858 [pool-420-thread-1] INFO  server.RaftServerConfigKeys (ConfUtils.java:logGet(43)) - raft.server.snapshot.retention.num.files = 5 (custom)
2019-10-09 13:13:43,858 [pool-450-thread-1] INFO  server.RaftServerConfigKeys (ConfUtils.java:logGet(43)) - raft.server.log.queue.element-limit = 1024 (custom)
2019-10-09 13:13:43,858 [pool-420-thread-1] INFO  server.RaftServerConfigKeys (ConfUtils.java:logGet(43)) - raft.server.retrycache.expirytime = 600000ms (custom)
2019-10-09 13:13:43,858 [pool-440-thread-1] INFO  server.RaftServerConfigKeys (ConfUtils.java:logGet(43)) - raft.server.log.segment.size.max = 1048576 (custom)
2019-10-09 13:13:43,858 [pool-450-thread-1] INFO  server.RaftServerConfigKeys (ConfUtils.java:logGet(43)) - raft.server.log.segment.size.max = 1048576 (custom)
2019-10-09 13:13:43,859 [pool-440-thread-1] INFO  server.RaftServerConfigKeys (ConfUtils.java:logGet(43)) - raft.server.log.preallocated.size = 16384 (custom)
2019-10-09 13:13:43,859 [pool-450-thread-1] INFO  server.RaftServerConfigKeys (ConfUtils.java:logGet(43)) - raft.server.log.preallocated.size = 16384 (custom)
2019-10-09 13:13:43,859 [pool-440-thread-1] INFO  server.RaftServerConfigKeys (ConfUtils.java:logGet(43)) - raft.server.log.write.buffer.size = 33554432 (custom)
2019-10-09 13:13:43,859 [pool-450-thread-1] INFO  server.RaftServerConfigKeys (ConfUtils.java:logGet(43)) - raft.server.log.write.buffer.size = 33554432 (custom)
2019-10-09 13:13:43,859 [pool-440-thread-1] INFO  server.RaftServerConfigKeys (ConfUtils.java:logGet(43)) - raft.server.log.force.sync.num = 128 (default)
2019-10-09 13:13:43,859 [pool-450-thread-1] INFO  server.RaftServerConfigKeys (ConfUtils.java:logGet(43)) - raft.server.log.force.sync.num = 128 (default)
2019-10-09 13:13:43,860 [pool-440-thread-1] INFO  server.RaftServerConfigKeys (ConfUtils.java:logGet(43)) - raft.server.log.statemachine.data.sync = true (default)
2019-10-09 13:13:43,860 [pool-450-thread-1] INFO  server.RaftServerConfigKeys (ConfUtils.java:logGet(43)) - raft.server.log.statemachine.data.sync = true (default)
2019-10-09 13:13:43,860 [pool-440-thread-1] INFO  server.RaftServerConfigKeys (ConfUtils.java:logGet(43)) - raft.server.log.statemachine.data.sync.timeout = 10s (default)
2019-10-09 13:13:43,860 [pool-450-thread-1] INFO  server.RaftServerConfigKeys (ConfUtils.java:logGet(43)) - raft.server.log.statemachine.data.sync.timeout = 10s (default)
2019-10-09 13:13:43,860 [pool-420-thread-1] INFO  impl.RaftServerImpl (RaftServerImpl.java:start(185)) - 96acbf61-3ece-4d83-9836-a217fb58817a@group-19F276FA9099: start as a follower, conf=-1: [96acbf61-3ece-4d83-9836-a217fb58817a:192.168.5.175:35650, 162534dc-93d9-4206-ab1e-9268955c7aca:192.168.5.175:32957, 869fbf5b-cbbd-43c6-9f26-156c5192e660:192.168.5.175:43498], old=null
2019-10-09 13:13:43,860 [pool-440-thread-1] INFO  server.RaftServerConfigKeys (ConfUtils.java:logGet(43)) - raft.server.log.statemachine.data.sync.timeout.retry = -1 (default)
2019-10-09 13:13:43,861 [pool-420-thread-1] INFO  impl.RaftServerImpl (RaftServerImpl.java:setRole(174)) - 96acbf61-3ece-4d83-9836-a217fb58817a@group-19F276FA9099: changes role from      null to FOLLOWER at term 0 for startAsFollower
2019-10-09 13:13:43,860 [pool-450-thread-1] INFO  server.RaftServerConfigKeys (ConfUtils.java:logGet(43)) - raft.server.log.statemachine.data.sync.timeout.retry = -1 (default)
2019-10-09 13:13:43,861 [pool-420-thread-1] INFO  impl.RoleInfo (RoleInfo.java:updateAndGet(143)) - 96acbf61-3ece-4d83-9836-a217fb58817a: start FollowerState
2019-10-09 13:13:43,861 [pool-440-thread-1] INFO  server.RaftServerConfigKeys (ConfUtils.java:logGet(43)) - raft.server.log.statemachine.data.caching.enabled = true (custom)
2019-10-09 13:13:43,861 [pool-450-thread-1] INFO  server.RaftServerConfigKeys (ConfUtils.java:logGet(43)) - raft.server.log.statemachine.data.caching.enabled = true (custom)
2019-10-09 13:13:43,861 [pool-420-thread-1] INFO  util.JmxRegister (JmxRegister.java:tryRegister(44)) - Successfully registered JMX Bean with object name Ratis:service=RaftServer,group=group-19F276FA9099,id=96acbf61-3ece-4d83-9836-a217fb58817a
2019-10-09 13:13:43,862 [pool-450-thread-1] INFO  segmented.SegmentedRaftLogWorker (SegmentedRaftLogWorker.java:lambda$new$0(132)) - 162534dc-93d9-4206-ab1e-9268955c7aca@group-19F276FA9099-SegmentedRaftLogWorker: flushIndex: setUnconditionally 0 -> -1
2019-10-09 13:13:43,862 [pool-440-thread-1] INFO  segmented.SegmentedRaftLogWorker (SegmentedRaftLogWorker.java:lambda$new$0(132)) - 869fbf5b-cbbd-43c6-9f26-156c5192e660@group-19F276FA9099-SegmentedRaftLogWorker: flushIndex: setUnconditionally 0 -> -1
2019-10-09 13:13:43,862 [pool-450-thread-1] INFO  server.RaftServerConfigKeys (ConfUtils.java:logGet(43)) - raft.server.snapshot.auto.trigger.enabled = true (custom)
2019-10-09 13:13:43,862 [pool-450-thread-1] INFO  server.RaftServerConfigKeys (ConfUtils.java:logGet(43)) - raft.server.snapshot.auto.trigger.threshold = 10000 (custom)
2019-10-09 13:13:43,862 [pool-440-thread-1] INFO  server.RaftServerConfigKeys (ConfUtils.java:logGet(43)) - raft.server.snapshot.auto.trigger.enabled = true (custom)
2019-10-09 13:13:43,862 [pool-450-thread-1] INFO  server.RaftServerConfigKeys (ConfUtils.java:logGet(43)) - raft.server.snapshot.retention.num.files = 5 (custom)
2019-10-09 13:13:43,862 [pool-440-thread-1] INFO  server.RaftServerConfigKeys (ConfUtils.java:logGet(43)) - raft.server.snapshot.auto.trigger.threshold = 10000 (custom)
2019-10-09 13:13:43,863 [pool-450-thread-1] INFO  server.RaftServerConfigKeys (ConfUtils.java:logGet(43)) - raft.server.retrycache.expirytime = 600000ms (custom)
2019-10-09 13:13:43,863 [pool-440-thread-1] INFO  server.RaftServerConfigKeys (ConfUtils.java:logGet(43)) - raft.server.snapshot.retention.num.files = 5 (custom)
2019-10-09 13:13:43,863 [pool-440-thread-1] INFO  server.RaftServerConfigKeys (ConfUtils.java:logGet(43)) - raft.server.retrycache.expirytime = 600000ms (custom)
2019-10-09 13:13:43,865 [pool-450-thread-1] INFO  impl.RaftServerImpl (RaftServerImpl.java:start(185)) - 162534dc-93d9-4206-ab1e-9268955c7aca@group-19F276FA9099: start as a follower, conf=-1: [96acbf61-3ece-4d83-9836-a217fb58817a:192.168.5.175:35650, 162534dc-93d9-4206-ab1e-9268955c7aca:192.168.5.175:32957, 869fbf5b-cbbd-43c6-9f26-156c5192e660:192.168.5.175:43498], old=null
2019-10-09 13:13:43,865 [pool-450-thread-1] INFO  impl.RaftServerImpl (RaftServerImpl.java:setRole(174)) - 162534dc-93d9-4206-ab1e-9268955c7aca@group-19F276FA9099: changes role from      null to FOLLOWER at term 0 for startAsFollower
2019-10-09 13:13:43,865 [pool-440-thread-1] INFO  impl.RaftServerImpl (RaftServerImpl.java:start(185)) - 869fbf5b-cbbd-43c6-9f26-156c5192e660@group-19F276FA9099: start as a follower, conf=-1: [96acbf61-3ece-4d83-9836-a217fb58817a:192.168.5.175:35650, 162534dc-93d9-4206-ab1e-9268955c7aca:192.168.5.175:32957, 869fbf5b-cbbd-43c6-9f26-156c5192e660:192.168.5.175:43498], old=null
2019-10-09 13:13:43,865 [pool-450-thread-1] INFO  impl.RoleInfo (RoleInfo.java:updateAndGet(143)) - 162534dc-93d9-4206-ab1e-9268955c7aca: start FollowerState
2019-10-09 13:13:43,866 [pool-440-thread-1] INFO  impl.RaftServerImpl (RaftServerImpl.java:setRole(174)) - 869fbf5b-cbbd-43c6-9f26-156c5192e660@group-19F276FA9099: changes role from      null to FOLLOWER at term 0 for startAsFollower
2019-10-09 13:13:43,866 [pool-440-thread-1] INFO  impl.RoleInfo (RoleInfo.java:updateAndGet(143)) - 869fbf5b-cbbd-43c6-9f26-156c5192e660: start FollowerState
2019-10-09 13:13:43,866 [pool-450-thread-1] INFO  util.JmxRegister (JmxRegister.java:tryRegister(44)) - Successfully registered JMX Bean with object name Ratis:service=RaftServer,group=group-19F276FA9099,id=162534dc-93d9-4206-ab1e-9268955c7aca
2019-10-09 13:13:43,866 [pool-440-thread-1] INFO  util.JmxRegister (JmxRegister.java:tryRegister(44)) - Successfully registered JMX Bean with object name Ratis:service=RaftServer,group=group-19F276FA9099,id=869fbf5b-cbbd-43c6-9f26-156c5192e660
2019-10-09 13:13:43,869 [RatisPipelineUtilsThread] INFO  pipeline.PipelineStateManager (PipelineStateManager.java:addPipeline(56)) - Created pipeline Pipeline[ Id: c0fa437f-cd60-420f-a614-19f276fa9099, Nodes: 96acbf61-3ece-4d83-9836-a217fb58817a{ip: 192.168.5.175, host: pr-hdds-1569-mfl88-1504498049, networkLocation: /default-rack, certSerialId: null}869fbf5b-cbbd-43c6-9f26-156c5192e660{ip: 192.168.5.175, host: pr-hdds-1569-mfl88-1504498049, networkLocation: /default-rack, certSerialId: null}162534dc-93d9-4206-ab1e-9268955c7aca{ip: 192.168.5.175, host: pr-hdds-1569-mfl88-1504498049, networkLocation: /default-rack, certSerialId: null}, Type:RATIS, Factor:THREE, State:OPEN]
2019-10-09 13:13:46,095 [Thread-7163] INFO  container.ReplicationManager (ReplicationManager.java:start(163)) - Starting Replication Monitor Thread.
2019-10-09 13:13:46,099 [ReplicationMonitor] INFO  container.ReplicationManager (ReplicationManager.java:run(226)) - Replication Monitor Thread took 0 milliseconds for processing 1 containers.
2019-10-09 13:13:48,177 [Thread-7165] INFO  impl.FollowerState (FollowerState.java:run(106)) - 2c69c56f-4b33-4231-936a-bbd24e83d692:group-23928901D0C4 changes to CANDIDATE, lastRpcTime:5025, electionTimeout:5025ms
2019-10-09 13:13:48,178 [Thread-7165] INFO  impl.RoleInfo (RoleInfo.java:shutdownFollowerState(121)) - 2c69c56f-4b33-4231-936a-bbd24e83d692: shutdown FollowerState
2019-10-09 13:13:48,178 [Thread-7165] INFO  impl.RaftServerImpl (RaftServerImpl.java:setRole(174)) - 2c69c56f-4b33-4231-936a-bbd24e83d692@group-23928901D0C4: changes role from  FOLLOWER to CANDIDATE at term 0 for changeToCandidate
2019-10-09 13:13:48,179 [Thread-7165] INFO  impl.RoleInfo (RoleInfo.java:updateAndGet(143)) - 2c69c56f-4b33-4231-936a-bbd24e83d692: start LeaderElection
2019-10-09 13:13:48,201 [2c69c56f-4b33-4231-936a-bbd24e83d692@group-23928901D0C4:LeaderElection196] INFO  impl.LeaderElection (LeaderElection.java:askForVotes(182)) - 2c69c56f-4b33-4231-936a-bbd24e83d692@group-23928901D0C4:LeaderElection196: begin an election at term 1 for -1: [2c69c56f-4b33-4231-936a-bbd24e83d692:192.168.5.175:45661], old=null
2019-10-09 13:13:48,202 [2c69c56f-4b33-4231-936a-bbd24e83d692@group-23928901D0C4:LeaderElection196] INFO  impl.RoleInfo (RoleInfo.java:shutdownLeaderElection(134)) - 2c69c56f-4b33-4231-936a-bbd24e83d692: shutdown LeaderElection
2019-10-09 13:13:48,202 [2c69c56f-4b33-4231-936a-bbd24e83d692@group-23928901D0C4:LeaderElection196] INFO  impl.RaftServerImpl (RaftServerImpl.java:setRole(174)) - 2c69c56f-4b33-4231-936a-bbd24e83d692@group-23928901D0C4: changes role from CANDIDATE to LEADER at term 1 for changeToLeader
2019-10-09 13:13:48,202 [2c69c56f-4b33-4231-936a-bbd24e83d692@group-23928901D0C4:LeaderElection196] INFO  impl.RaftServerImpl (ServerState.java:setLeader(253)) - 2c69c56f-4b33-4231-936a-bbd24e83d692@group-23928901D0C4: change Leader from null to 2c69c56f-4b33-4231-936a-bbd24e83d692 at term 1 for becomeLeader, leader elected after 5058ms
2019-10-09 13:13:48,205 [2c69c56f-4b33-4231-936a-bbd24e83d692@group-23928901D0C4:LeaderElection196] INFO  server.RaftServerConfigKeys (ConfUtils.java:logGet(43)) - raft.server.staging.catchup.gap = 1000 (default)
2019-10-09 13:13:48,206 [2c69c56f-4b33-4231-936a-bbd24e83d692@group-23928901D0C4:LeaderElection196] INFO  server.RaftServerConfigKeys (ConfUtils.java:logGet(43)) - raft.server.rpc.sleep.time = 25ms (default)
2019-10-09 13:13:48,206 [2c69c56f-4b33-4231-936a-bbd24e83d692@group-23928901D0C4:LeaderElection196] INFO  server.RaftServerConfigKeys (ConfUtils.java:logGet(43)) - raft.server.write.element-limit = 4096 (default)
2019-10-09 13:13:48,206 [2c69c56f-4b33-4231-936a-bbd24e83d692@group-23928901D0C4:LeaderElection196] INFO  server.RaftServerConfigKeys (ConfUtils.java:logGet(43)) - raft.server.watch.timeout = 10s (default)
2019-10-09 13:13:48,206 [2c69c56f-4b33-4231-936a-bbd24e83d692@group-23928901D0C4:LeaderElection196] INFO  server.RaftServerConfigKeys (ConfUtils.java:logGet(43)) - raft.server.watch.timeout.denomination = 1s (default)
2019-10-09 13:13:48,207 [2c69c56f-4b33-4231-936a-bbd24e83d692@group-23928901D0C4:LeaderElection196] INFO  server.RaftServerConfigKeys (ConfUtils.java:logGet(43)) - raft.server.watch.element-limit = 65536 (default)
2019-10-09 13:13:48,209 [2c69c56f-4b33-4231-936a-bbd24e83d692@group-23928901D0C4:LeaderElection196] INFO  impl.RoleInfo (RoleInfo.java:updateAndGet(143)) - 2c69c56f-4b33-4231-936a-bbd24e83d692: start LeaderState
2019-10-09 13:13:48,210 [2c69c56f-4b33-4231-936a-bbd24e83d692@group-23928901D0C4:LeaderElection196] INFO  segmented.SegmentedRaftLogWorker (SegmentedRaftLogWorker.java:startLogSegment(380)) - 2c69c56f-4b33-4231-936a-bbd24e83d692@group-23928901D0C4-SegmentedRaftLogWorker: Starting segment from index:0
2019-10-09 13:13:48,211 [2c69c56f-4b33-4231-936a-bbd24e83d692@group-23928901D0C4:LeaderElection196] INFO  impl.RaftServerImpl (ServerState.java:setRaftConf(354)) - 2c69c56f-4b33-4231-936a-bbd24e83d692@group-23928901D0C4: set configuration 0: [2c69c56f-4b33-4231-936a-bbd24e83d692:192.168.5.175:45661], old=null at 0
2019-10-09 13:13:48,218 [Thread-7168] INFO  impl.FollowerState (FollowerState.java:run(106)) - 96acbf61-3ece-4d83-9836-a217fb58817a:group-532C09F99559 changes to CANDIDATE, lastRpcTime:5021, electionTimeout:5021ms
2019-10-09 13:13:48,218 [Thread-7168] INFO  impl.RoleInfo (RoleInfo.java:shutdownFollowerState(121)) - 96acbf61-3ece-4d83-9836-a217fb58817a: shutdown FollowerState
2019-10-09 13:13:48,218 [Thread-7168] INFO  impl.RaftServerImpl (RaftServerImpl.java:setRole(174)) - 96acbf61-3ece-4d83-9836-a217fb58817a@group-532C09F99559: changes role from  FOLLOWER to CANDIDATE at term 0 for changeToCandidate
2019-10-09 13:13:48,218 [Thread-7168] INFO  impl.RoleInfo (RoleInfo.java:updateAndGet(143)) - 96acbf61-3ece-4d83-9836-a217fb58817a: start LeaderElection
2019-10-09 13:13:48,263 [2c69c56f-4b33-4231-936a-bbd24e83d692@group-23928901D0C4-SegmentedRaftLogWorker] INFO  segmented.SegmentedRaftLogWorker (SegmentedRaftLogWorker.java:execute(569)) - 2c69c56f-4b33-4231-936a-bbd24e83d692@group-23928901D0C4-SegmentedRaftLogWorker: created new log segment /workdir/hadoop-ozone/integration-test/target/test-dir/MiniOzoneClusterImpl-77992fd3-8e8a-426b-8566-445f44124f00/datanode-0/data/ratis/f17b09da-59b2-4796-8b99-23928901d0c4/current/log_inprogress_0
2019-10-09 13:13:48,263 [96acbf61-3ece-4d83-9836-a217fb58817a@group-532C09F99559:LeaderElection197] INFO  impl.LeaderElection (LeaderElection.java:askForVotes(182)) - 96acbf61-3ece-4d83-9836-a217fb58817a@group-532C09F99559:LeaderElection197: begin an election at term 1 for -1: [96acbf61-3ece-4d83-9836-a217fb58817a:192.168.5.175:35650], old=null
2019-10-09 13:13:48,264 [96acbf61-3ece-4d83-9836-a217fb58817a@group-532C09F99559:LeaderElection197] INFO  impl.RoleInfo (RoleInfo.java:shutdownLeaderElection(134)) - 96acbf61-3ece-4d83-9836-a217fb58817a: shutdown LeaderElection
2019-10-09 13:13:48,264 [96acbf61-3ece-4d83-9836-a217fb58817a@group-532C09F99559:LeaderElection197] INFO  impl.RaftServerImpl (RaftServerImpl.java:setRole(174)) - 96acbf61-3ece-4d83-9836-a217fb58817a@group-532C09F99559: changes role from CANDIDATE to LEADER at term 1 for changeToLeader
2019-10-09 13:13:48,264 [96acbf61-3ece-4d83-9836-a217fb58817a@group-532C09F99559:LeaderElection197] INFO  impl.RaftServerImpl (ServerState.java:setLeader(253)) - 96acbf61-3ece-4d83-9836-a217fb58817a@group-532C09F99559: change Leader from null to 96acbf61-3ece-4d83-9836-a217fb58817a at term 1 for becomeLeader, leader elected after 5072ms
2019-10-09 13:13:48,267 [96acbf61-3ece-4d83-9836-a217fb58817a@group-532C09F99559:LeaderElection197] INFO  server.RaftServerConfigKeys (ConfUtils.java:logGet(43)) - raft.server.staging.catchup.gap = 1000 (default)
2019-10-09 13:13:48,267 [96acbf61-3ece-4d83-9836-a217fb58817a@group-532C09F99559:LeaderElection197] INFO  server.RaftServerConfigKeys (ConfUtils.java:logGet(43)) - raft.server.rpc.sleep.time = 25ms (default)
2019-10-09 13:13:48,267 [96acbf61-3ece-4d83-9836-a217fb58817a@group-532C09F99559:LeaderElection197] INFO  server.RaftServerConfigKeys (ConfUtils.java:logGet(43)) - raft.server.write.element-limit = 4096 (default)
2019-10-09 13:13:48,267 [96acbf61-3ece-4d83-9836-a217fb58817a@group-532C09F99559:LeaderElection197] INFO  server.RaftServerConfigKeys (ConfUtils.java:logGet(43)) - raft.server.watch.timeout = 10s (default)
2019-10-09 13:13:48,268 [96acbf61-3ece-4d83-9836-a217fb58817a@group-532C09F99559:LeaderElection197] INFO  server.RaftServerConfigKeys (ConfUtils.java:logGet(43)) - raft.server.watch.timeout.denomination = 1s (default)
2019-10-09 13:13:48,268 [96acbf61-3ece-4d83-9836-a217fb58817a@group-532C09F99559:LeaderElection197] INFO  server.RaftServerConfigKeys (ConfUtils.java:logGet(43)) - raft.server.watch.element-limit = 65536 (default)
2019-10-09 13:13:48,269 [96acbf61-3ece-4d83-9836-a217fb58817a@group-532C09F99559:LeaderElection197] INFO  impl.RoleInfo (RoleInfo.java:updateAndGet(143)) - 96acbf61-3ece-4d83-9836-a217fb58817a: start LeaderState
2019-10-09 13:13:48,270 [96acbf61-3ece-4d83-9836-a217fb58817a@group-532C09F99559:LeaderElection197] INFO  segmented.SegmentedRaftLogWorker (SegmentedRaftLogWorker.java:startLogSegment(380)) - 96acbf61-3ece-4d83-9836-a217fb58817a@group-532C09F99559-SegmentedRaftLogWorker: Starting segment from index:0
2019-10-09 13:13:48,270 [96acbf61-3ece-4d83-9836-a217fb58817a@group-532C09F99559:LeaderElection197] INFO  impl.RaftServerImpl (ServerState.java:setRaftConf(354)) - 96acbf61-3ece-4d83-9836-a217fb58817a@group-532C09F99559: set configuration 0: [96acbf61-3ece-4d83-9836-a217fb58817a:192.168.5.175:35650], old=null at 0
2019-10-09 13:13:48,292 [Thread-7171] INFO  impl.FollowerState (FollowerState.java:run(106)) - 7706a157-1a1c-49fa-abc2-2cf2041a84a7:group-F7E70AB6487C changes to CANDIDATE, lastRpcTime:5047, electionTimeout:5047ms
2019-10-09 13:13:48,293 [Thread-7171] INFO  impl.RoleInfo (RoleInfo.java:shutdownFollowerState(121)) - 7706a157-1a1c-49fa-abc2-2cf2041a84a7: shutdown FollowerState
2019-10-09 13:13:48,293 [Thread-7171] INFO  impl.RaftServerImpl (RaftServerImpl.java:setRole(174)) - 7706a157-1a1c-49fa-abc2-2cf2041a84a7@group-F7E70AB6487C: changes role from  FOLLOWER to CANDIDATE at term 0 for changeToCandidate
2019-10-09 13:13:48,293 [Thread-7171] INFO  impl.RoleInfo (RoleInfo.java:updateAndGet(143)) - 7706a157-1a1c-49fa-abc2-2cf2041a84a7: start LeaderElection
2019-10-09 13:13:48,323 [96acbf61-3ece-4d83-9836-a217fb58817a@group-532C09F99559-SegmentedRaftLogWorker] INFO  segmented.SegmentedRaftLogWorker (SegmentedRaftLogWorker.java:execute(569)) - 96acbf61-3ece-4d83-9836-a217fb58817a@group-532C09F99559-SegmentedRaftLogWorker: created new log segment /workdir/hadoop-ozone/integration-test/target/test-dir/MiniOzoneClusterImpl-77992fd3-8e8a-426b-8566-445f44124f00/datanode-1/data/ratis/23e8016f-94d2-4049-a50c-532c09f99559/current/log_inprogress_0
2019-10-09 13:13:48,323 [7706a157-1a1c-49fa-abc2-2cf2041a84a7@group-F7E70AB6487C:LeaderElection198] INFO  impl.LeaderElection (LeaderElection.java:askForVotes(182)) - 7706a157-1a1c-49fa-abc2-2cf2041a84a7@group-F7E70AB6487C:LeaderElection198: begin an election at term 1 for -1: [7706a157-1a1c-49fa-abc2-2cf2041a84a7:192.168.5.175:40917], old=null
2019-10-09 13:13:48,323 [7706a157-1a1c-49fa-abc2-2cf2041a84a7@group-F7E70AB6487C:LeaderElection198] INFO  impl.RoleInfo (RoleInfo.java:shutdownLeaderElection(134)) - 7706a157-1a1c-49fa-abc2-2cf2041a84a7: shutdown LeaderElection
2019-10-09 13:13:48,324 [7706a157-1a1c-49fa-abc2-2cf2041a84a7@group-F7E70AB6487C:LeaderElection198] INFO  impl.RaftServerImpl (RaftServerImpl.java:setRole(174)) - 7706a157-1a1c-49fa-abc2-2cf2041a84a7@group-F7E70AB6487C: changes role from CANDIDATE to LEADER at term 1 for changeToLeader
2019-10-09 13:13:48,324 [7706a157-1a1c-49fa-abc2-2cf2041a84a7@group-F7E70AB6487C:LeaderElection198] INFO  impl.RaftServerImpl (ServerState.java:setLeader(253)) - 7706a157-1a1c-49fa-abc2-2cf2041a84a7@group-F7E70AB6487C: change Leader from null to 7706a157-1a1c-49fa-abc2-2cf2041a84a7 at term 1 for becomeLeader, leader elected after 5083ms
2019-10-09 13:13:48,327 [7706a157-1a1c-49fa-abc2-2cf2041a84a7@group-F7E70AB6487C:LeaderElection198] INFO  server.RaftServerConfigKeys (ConfUtils.java:logGet(43)) - raft.server.staging.catchup.gap = 1000 (default)
2019-10-09 13:13:48,327 [7706a157-1a1c-49fa-abc2-2cf2041a84a7@group-F7E70AB6487C:LeaderElection198] INFO  server.RaftServerConfigKeys (ConfUtils.java:logGet(43)) - raft.server.rpc.sleep.time = 25ms (default)
2019-10-09 13:13:48,327 [7706a157-1a1c-49fa-abc2-2cf2041a84a7@group-F7E70AB6487C:LeaderElection198] INFO  server.RaftServerConfigKeys (ConfUtils.java:logGet(43)) - raft.server.write.element-limit = 4096 (default)
2019-10-09 13:13:48,327 [7706a157-1a1c-49fa-abc2-2cf2041a84a7@group-F7E70AB6487C:LeaderElection198] INFO  server.RaftServerConfigKeys (ConfUtils.java:logGet(43)) - raft.server.watch.timeout = 10s (default)
2019-10-09 13:13:48,328 [7706a157-1a1c-49fa-abc2-2cf2041a84a7@group-F7E70AB6487C:LeaderElection198] INFO  server.RaftServerConfigKeys (ConfUtils.java:logGet(43)) - raft.server.watch.timeout.denomination = 1s (default)
2019-10-09 13:13:48,328 [7706a157-1a1c-49fa-abc2-2cf2041a84a7@group-F7E70AB6487C:LeaderElection198] INFO  server.RaftServerConfigKeys (ConfUtils.java:logGet(43)) - raft.server.watch.element-limit = 65536 (default)
2019-10-09 13:13:48,330 [7706a157-1a1c-49fa-abc2-2cf2041a84a7@group-F7E70AB6487C:LeaderElection198] INFO  impl.RoleInfo (RoleInfo.java:updateAndGet(143)) - 7706a157-1a1c-49fa-abc2-2cf2041a84a7: start LeaderState
2019-10-09 13:13:48,330 [7706a157-1a1c-49fa-abc2-2cf2041a84a7@group-F7E70AB6487C:LeaderElection198] INFO  segmented.SegmentedRaftLogWorker (SegmentedRaftLogWorker.java:startLogSegment(380)) - 7706a157-1a1c-49fa-abc2-2cf2041a84a7@group-F7E70AB6487C-SegmentedRaftLogWorker: Starting segment from index:0
2019-10-09 13:13:48,330 [7706a157-1a1c-49fa-abc2-2cf2041a84a7@group-F7E70AB6487C:LeaderElection198] INFO  impl.RaftServerImpl (ServerState.java:setRaftConf(354)) - 7706a157-1a1c-49fa-abc2-2cf2041a84a7@group-F7E70AB6487C: set configuration 0: [7706a157-1a1c-49fa-abc2-2cf2041a84a7:192.168.5.175:40917], old=null at 0
2019-10-09 13:13:48,376 [7706a157-1a1c-49fa-abc2-2cf2041a84a7@group-F7E70AB6487C-SegmentedRaftLogWorker] INFO  segmented.SegmentedRaftLogWorker (SegmentedRaftLogWorker.java:execute(569)) - 7706a157-1a1c-49fa-abc2-2cf2041a84a7@group-F7E70AB6487C-SegmentedRaftLogWorker: created new log segment /workdir/hadoop-ozone/integration-test/target/test-dir/MiniOzoneClusterImpl-77992fd3-8e8a-426b-8566-445f44124f00/datanode-2/data/ratis/c02717b2-d9b8-4c21-97fb-f7e70ab6487c/current/log_inprogress_0
2019-10-09 13:13:48,390 [Thread-7178] INFO  impl.FollowerState (FollowerState.java:run(106)) - 96acbf61-3ece-4d83-9836-a217fb58817a:group-14DF45B217B5 changes to CANDIDATE, lastRpcTime:5072, electionTimeout:5072ms
2019-10-09 13:13:48,391 [Thread-7178] INFO  impl.RoleInfo (RoleInfo.java:shutdownFollowerState(121)) - 96acbf61-3ece-4d83-9836-a217fb58817a: shutdown FollowerState
2019-10-09 13:13:48,391 [Thread-7178] INFO  impl.RaftServerImpl (RaftServerImpl.java:setRole(174)) - 96acbf61-3ece-4d83-9836-a217fb58817a@group-14DF45B217B5: changes role from  FOLLOWER to CANDIDATE at term 0 for changeToCandidate
2019-10-09 13:13:48,391 [Thread-7178] INFO  impl.RoleInfo (RoleInfo.java:updateAndGet(143)) - 96acbf61-3ece-4d83-9836-a217fb58817a: start LeaderElection
2019-10-09 13:13:48,409 [96acbf61-3ece-4d83-9836-a217fb58817a@group-14DF45B217B5:LeaderElection199] INFO  impl.LeaderElection (LeaderElection.java:askForVotes(182)) - 96acbf61-3ece-4d83-9836-a217fb58817a@group-14DF45B217B5:LeaderElection199: begin an election at term 1 for -1: [2c69c56f-4b33-4231-936a-bbd24e83d692:192.168.5.175:45661, 96acbf61-3ece-4d83-9836-a217fb58817a:192.168.5.175:35650, 7706a157-1a1c-49fa-abc2-2cf2041a84a7:192.168.5.175:40917], old=null
2019-10-09 13:13:48,417 [grpc-default-executor-15] INFO  impl.RaftServerImpl (RaftServerImpl.java:setRole(174)) - 2c69c56f-4b33-4231-936a-bbd24e83d692@group-14DF45B217B5: changes role from  FOLLOWER to FOLLOWER at term 1 for recognizeCandidate:96acbf61-3ece-4d83-9836-a217fb58817a
2019-10-09 13:13:48,417 [grpc-default-executor-35] INFO  impl.RaftServerImpl (RaftServerImpl.java:setRole(174)) - 7706a157-1a1c-49fa-abc2-2cf2041a84a7@group-14DF45B217B5: changes role from  FOLLOWER to FOLLOWER at term 1 for recognizeCandidate:96acbf61-3ece-4d83-9836-a217fb58817a
2019-10-09 13:13:48,417 [grpc-default-executor-15] INFO  impl.RoleInfo (RoleInfo.java:shutdownFollowerState(121)) - 2c69c56f-4b33-4231-936a-bbd24e83d692: shutdown FollowerState
2019-10-09 13:13:48,418 [grpc-default-executor-35] INFO  impl.RoleInfo (RoleInfo.java:shutdownFollowerState(121)) - 7706a157-1a1c-49fa-abc2-2cf2041a84a7: shutdown FollowerState
2019-10-09 13:13:48,418 [grpc-default-executor-15] INFO  impl.RoleInfo (RoleInfo.java:updateAndGet(143)) - 2c69c56f-4b33-4231-936a-bbd24e83d692: start FollowerState
2019-10-09 13:13:48,418 [grpc-default-executor-35] INFO  impl.RoleInfo (RoleInfo.java:updateAndGet(143)) - 7706a157-1a1c-49fa-abc2-2cf2041a84a7: start FollowerState
2019-10-09 13:13:48,418 [Thread-7179] INFO  impl.FollowerState (FollowerState.java:run(115)) - 2c69c56f-4b33-4231-936a-bbd24e83d692: FollowerState was interrupted: java.lang.InterruptedException: sleep interrupted
2019-10-09 13:13:48,418 [Thread-7174] INFO  impl.FollowerState (FollowerState.java:run(115)) - 7706a157-1a1c-49fa-abc2-2cf2041a84a7: FollowerState was interrupted: java.lang.InterruptedException: sleep interrupted
2019-10-09 13:13:48,428 [Thread-7184] INFO  impl.FollowerState (FollowerState.java:run(106)) - 96acbf61-3ece-4d83-9836-a217fb58817a:group-52AD3AA08ADE changes to CANDIDATE, lastRpcTime:5055, electionTimeout:5055ms
2019-10-09 13:13:48,428 [Thread-7184] INFO  impl.RoleInfo (RoleInfo.java:shutdownFollowerState(121)) - 96acbf61-3ece-4d83-9836-a217fb58817a: shutdown FollowerState
2019-10-09 13:13:48,429 [Thread-7184] INFO  impl.RaftServerImpl (RaftServerImpl.java:setRole(174)) - 96acbf61-3ece-4d83-9836-a217fb58817a@group-52AD3AA08ADE: changes role from  FOLLOWER to CANDIDATE at term 0 for changeToCandidate
2019-10-09 13:13:48,429 [Thread-7184] INFO  impl.RoleInfo (RoleInfo.java:updateAndGet(143)) - 96acbf61-3ece-4d83-9836-a217fb58817a: start LeaderElection
2019-10-09 13:13:48,435 [96acbf61-3ece-4d83-9836-a217fb58817a@group-14DF45B217B5:LeaderElection199] INFO  impl.LeaderElection (LeaderElection.java:logAndReturn(56)) - 96acbf61-3ece-4d83-9836-a217fb58817a@group-14DF45B217B5:LeaderElection199: Election PASSED; received 1 response(s) [96acbf61-3ece-4d83-9836-a217fb58817a<-2c69c56f-4b33-4231-936a-bbd24e83d692#0:OK-t1] and 0 exception(s); 96acbf61-3ece-4d83-9836-a217fb58817a@group-14DF45B217B5:t1, leader=null, voted=96acbf61-3ece-4d83-9836-a217fb58817a, raftlog=96acbf61-3ece-4d83-9836-a217fb58817a@group-14DF45B217B5-SegmentedRaftLog:OPENED:c-1,f-1,i0, conf=-1: [2c69c56f-4b33-4231-936a-bbd24e83d692:192.168.5.175:45661, 96acbf61-3ece-4d83-9836-a217fb58817a:192.168.5.175:35650, 7706a157-1a1c-49fa-abc2-2cf2041a84a7:192.168.5.175:40917], old=null
2019-10-09 13:13:48,435 [96acbf61-3ece-4d83-9836-a217fb58817a@group-14DF45B217B5:LeaderElection199] INFO  impl.RoleInfo (RoleInfo.java:shutdownLeaderElection(134)) - 96acbf61-3ece-4d83-9836-a217fb58817a: shutdown LeaderElection
2019-10-09 13:13:48,435 [96acbf61-3ece-4d83-9836-a217fb58817a@group-14DF45B217B5:LeaderElection199] INFO  impl.RaftServerImpl (RaftServerImpl.java:setRole(174)) - 96acbf61-3ece-4d83-9836-a217fb58817a@group-14DF45B217B5: changes role from CANDIDATE to LEADER at term 1 for changeToLeader
2019-10-09 13:13:48,435 [96acbf61-3ece-4d83-9836-a217fb58817a@group-14DF45B217B5:LeaderElection199] INFO  impl.RaftServerImpl (ServerState.java:setLeader(253)) - 96acbf61-3ece-4d83-9836-a217fb58817a@group-14DF45B217B5: change Leader from null to 96acbf61-3ece-4d83-9836-a217fb58817a at term 1 for becomeLeader, leader elected after 5127ms
2019-10-09 13:13:48,435 [96acbf61-3ece-4d83-9836-a217fb58817a@group-14DF45B217B5:LeaderElection199] INFO  server.RaftServerConfigKeys (ConfUtils.java:logGet(43)) - raft.server.staging.catchup.gap = 1000 (default)
2019-10-09 13:13:48,435 [96acbf61-3ece-4d83-9836-a217fb58817a@group-14DF45B217B5:LeaderElection199] INFO  server.RaftServerConfigKeys (ConfUtils.java:logGet(43)) - raft.server.rpc.sleep.time = 25ms (default)
2019-10-09 13:13:48,435 [96acbf61-3ece-4d83-9836-a217fb58817a@group-14DF45B217B5:LeaderElection199] INFO  server.RaftServerConfigKeys (ConfUtils.java:logGet(43)) - raft.server.write.element-limit = 4096 (default)
2019-10-09 13:13:48,435 [96acbf61-3ece-4d83-9836-a217fb58817a@group-14DF45B217B5:LeaderElection199] INFO  server.RaftServerConfigKeys (ConfUtils.java:logGet(43)) - raft.server.watch.timeout = 10s (default)
2019-10-09 13:13:48,436 [96acbf61-3ece-4d83-9836-a217fb58817a@group-14DF45B217B5:LeaderElection199] INFO  server.RaftServerConfigKeys (ConfUtils.java:logGet(43)) - raft.server.watch.timeout.denomination = 1s (default)
2019-10-09 13:13:48,436 [96acbf61-3ece-4d83-9836-a217fb58817a@group-14DF45B217B5:LeaderElection199] INFO  server.RaftServerConfigKeys (ConfUtils.java:logGet(43)) - raft.server.watch.element-limit = 65536 (default)
2019-10-09 13:13:48,438 [96acbf61-3ece-4d83-9836-a217fb58817a@group-52AD3AA08ADE:LeaderElection200] INFO  impl.LeaderElection (LeaderElection.java:askForVotes(182)) - 96acbf61-3ece-4d83-9836-a217fb58817a@group-52AD3AA08ADE:LeaderElection200: begin an election at term 1 for -1: [96acbf61-3ece-4d83-9836-a217fb58817a:192.168.5.175:35650, 869fbf5b-cbbd-43c6-9f26-156c5192e660:192.168.5.175:43498, 7706a157-1a1c-49fa-abc2-2cf2041a84a7:192.168.5.175:40917], old=null
2019-10-09 13:13:48,438 [96acbf61-3ece-4d83-9836-a217fb58817a@group-14DF45B217B5:LeaderElection199] INFO  server.RaftServerConfigKeys (ConfUtils.java:logGet(43)) - raft.server.log.appender.snapshot.chunk.size.max = 16MB (=16777216) (default)
2019-10-09 13:13:48,438 [96acbf61-3ece-4d83-9836-a217fb58817a@group-14DF45B217B5:LeaderElection199] INFO  server.RaftServerConfigKeys (ConfUtils.java:logGet(43)) - raft.server.log.appender.buffer.byte-limit = 33554432 (custom)
2019-10-09 13:13:48,438 [96acbf61-3ece-4d83-9836-a217fb58817a@group-14DF45B217B5:LeaderElection199] INFO  server.RaftServerConfigKeys (ConfUtils.java:logGet(43)) - raft.server.log.appender.buffer.element-limit = 1 (custom)
2019-10-09 13:13:48,439 [96acbf61-3ece-4d83-9836-a217fb58817a@group-14DF45B217B5:LeaderElection199] INFO  grpc.GrpcConfigKeys$Server (ConfUtils.java:logGet(43)) - raft.grpc.server.leader.outstanding.appends.max = 128 (default)
2019-10-09 13:13:48,439 [96acbf61-3ece-4d83-9836-a217fb58817a@group-14DF45B217B5:LeaderElection199] INFO  server.RaftServerConfigKeys (ConfUtils.java:logGet(43)) - raft.server.rpc.request.timeout = 3000ms (default)
2019-10-09 13:13:48,439 [96acbf61-3ece-4d83-9836-a217fb58817a@group-14DF45B217B5:LeaderElection199] INFO  server.RaftServerConfigKeys (ConfUtils.java:logGet(43)) - raft.server.log.appender.install.snapshot.enabled = false (custom)
2019-10-09 13:13:48,439 [96acbf61-3ece-4d83-9836-a217fb58817a@group-14DF45B217B5:LeaderElection199] INFO  server.RaftServerConfigKeys (ConfUtils.java:logGet(43)) - raft.server.log.appender.snapshot.chunk.size.max = 16MB (=16777216) (default)
2019-10-09 13:13:48,439 [96acbf61-3ece-4d83-9836-a217fb58817a@group-14DF45B217B5:LeaderElection199] INFO  server.RaftServerConfigKeys (ConfUtils.java:logGet(43)) - raft.server.log.appender.buffer.byte-limit = 33554432 (custom)
2019-10-09 13:13:48,439 [96acbf61-3ece-4d83-9836-a217fb58817a@group-14DF45B217B5:LeaderElection199] INFO  server.RaftServerConfigKeys (ConfUtils.java:logGet(43)) - raft.server.log.appender.buffer.element-limit = 1 (custom)
2019-10-09 13:13:48,439 [grpc-default-executor-15] INFO  impl.RaftServerImpl (RaftServerImpl.java:setRole(174)) - 7706a157-1a1c-49fa-abc2-2cf2041a84a7@group-52AD3AA08ADE: changes role from  FOLLOWER to FOLLOWER at term 1 for recognizeCandidate:96acbf61-3ece-4d83-9836-a217fb58817a
2019-10-09 13:13:48,440 [96acbf61-3ece-4d83-9836-a217fb58817a@group-14DF45B217B5:LeaderElection199] INFO  grpc.GrpcConfigKeys$Server (ConfUtils.java:logGet(43)) - raft.grpc.server.leader.outstanding.appends.max = 128 (default)
2019-10-09 13:13:48,440 [grpc-default-executor-15] INFO  impl.RoleInfo (RoleInfo.java:shutdownFollowerState(121)) - 7706a157-1a1c-49fa-abc2-2cf2041a84a7: shutdown FollowerState
2019-10-09 13:13:48,440 [96acbf61-3ece-4d83-9836-a217fb58817a@group-14DF45B217B5:LeaderElection199] INFO  server.RaftServerConfigKeys (ConfUtils.java:logGet(43)) - raft.server.rpc.request.timeout = 3000ms (default)
2019-10-09 13:13:48,440 [grpc-default-executor-15] INFO  impl.RoleInfo (RoleInfo.java:updateAndGet(143)) - 7706a157-1a1c-49fa-abc2-2cf2041a84a7: start FollowerState
2019-10-09 13:13:48,440 [Thread-7186] INFO  impl.FollowerState (FollowerState.java:run(115)) - 7706a157-1a1c-49fa-abc2-2cf2041a84a7: FollowerState was interrupted: java.lang.InterruptedException: sleep interrupted
2019-10-09 13:13:48,440 [grpc-default-executor-35] INFO  impl.RaftServerImpl (RaftServerImpl.java:setRole(174)) - 869fbf5b-cbbd-43c6-9f26-156c5192e660@group-52AD3AA08ADE: changes role from  FOLLOWER to FOLLOWER at term 1 for recognizeCandidate:96acbf61-3ece-4d83-9836-a217fb58817a
2019-10-09 13:13:48,440 [96acbf61-3ece-4d83-9836-a217fb58817a@group-14DF45B217B5:LeaderElection199] INFO  server.RaftServerConfigKeys (ConfUtils.java:logGet(43)) - raft.server.log.appender.install.snapshot.enabled = false (custom)
2019-10-09 13:13:48,441 [grpc-default-executor-35] INFO  impl.RoleInfo (RoleInfo.java:shutdownFollowerState(121)) - 869fbf5b-cbbd-43c6-9f26-156c5192e660: shutdown FollowerState
2019-10-09 13:13:48,441 [96acbf61-3ece-4d83-9836-a217fb58817a@group-14DF45B217B5:LeaderElection199] INFO  impl.RoleInfo (RoleInfo.java:updateAndGet(143)) - 96acbf61-3ece-4d83-9836-a217fb58817a: start LeaderState
2019-10-09 13:13:48,441 [grpc-default-executor-35] INFO  impl.RoleInfo (RoleInfo.java:updateAndGet(143)) - 869fbf5b-cbbd-43c6-9f26-156c5192e660: start FollowerState
2019-10-09 13:13:48,441 [96acbf61-3ece-4d83-9836-a217fb58817a@group-14DF45B217B5:LeaderElection199] INFO  segmented.SegmentedRaftLogWorker (SegmentedRaftLogWorker.java:startLogSegment(380)) - 96acbf61-3ece-4d83-9836-a217fb58817a@group-14DF45B217B5-SegmentedRaftLogWorker: Starting segment from index:0
2019-10-09 13:13:48,441 [Thread-7189] INFO  impl.FollowerState (FollowerState.java:run(115)) - 869fbf5b-cbbd-43c6-9f26-156c5192e660: FollowerState was interrupted: java.lang.InterruptedException: sleep interrupted
2019-10-09 13:13:48,442 [96acbf61-3ece-4d83-9836-a217fb58817a@group-14DF45B217B5:LeaderElection199] INFO  impl.RaftServerImpl (ServerState.java:setRaftConf(354)) - 96acbf61-3ece-4d83-9836-a217fb58817a@group-14DF45B217B5: set configuration 0: [2c69c56f-4b33-4231-936a-bbd24e83d692:192.168.5.175:45661, 96acbf61-3ece-4d83-9836-a217fb58817a:192.168.5.175:35650, 7706a157-1a1c-49fa-abc2-2cf2041a84a7:192.168.5.175:40917], old=null at 0
2019-10-09 13:13:48,473 [grpc-default-executor-34] INFO  impl.RaftServerImpl (ServerState.java:setLeader(253)) - 7706a157-1a1c-49fa-abc2-2cf2041a84a7@group-14DF45B217B5: change Leader from null to 96acbf61-3ece-4d83-9836-a217fb58817a at term 1 for appendEntries, leader elected after 5166ms
2019-10-09 13:13:48,473 [grpc-default-executor-33] INFO  impl.RaftServerImpl (ServerState.java:setLeader(253)) - 2c69c56f-4b33-4231-936a-bbd24e83d692@group-14DF45B217B5: change Leader from null to 96acbf61-3ece-4d83-9836-a217fb58817a at term 1 for appendEntries, leader elected after 5165ms
2019-10-09 13:13:48,474 [96acbf61-3ece-4d83-9836-a217fb58817a@group-52AD3AA08ADE:LeaderElection200] INFO  impl.LeaderElection (LeaderElection.java:logAndReturn(56)) - 96acbf61-3ece-4d83-9836-a217fb58817a@group-52AD3AA08ADE:LeaderElection200: Election PASSED; received 1 response(s) [96acbf61-3ece-4d83-9836-a217fb58817a<-7706a157-1a1c-49fa-abc2-2cf2041a84a7#0:OK-t1] and 0 exception(s); 96acbf61-3ece-4d83-9836-a217fb58817a@group-52AD3AA08ADE:t1, leader=null, voted=96acbf61-3ece-4d83-9836-a217fb58817a, raftlog=96acbf61-3ece-4d83-9836-a217fb58817a@group-52AD3AA08ADE-SegmentedRaftLog:OPENED:c-1,f-1,i0, conf=-1: [96acbf61-3ece-4d83-9836-a217fb58817a:192.168.5.175:35650, 869fbf5b-cbbd-43c6-9f26-156c5192e660:192.168.5.175:43498, 7706a157-1a1c-49fa-abc2-2cf2041a84a7:192.168.5.175:40917], old=null
2019-10-09 13:13:48,475 [96acbf61-3ece-4d83-9836-a217fb58817a@group-52AD3AA08ADE:LeaderElection200] INFO  impl.RoleInfo (RoleInfo.java:shutdownLeaderElection(134)) - 96acbf61-3ece-4d83-9836-a217fb58817a: shutdown LeaderElection
2019-10-09 13:13:48,475 [96acbf61-3ece-4d83-9836-a217fb58817a@group-52AD3AA08ADE:LeaderElection200] INFO  impl.RaftServerImpl (RaftServerImpl.java:setRole(174)) - 96acbf61-3ece-4d83-9836-a217fb58817a@group-52AD3AA08ADE: changes role from CANDIDATE to LEADER at term 1 for changeToLeader
2019-10-09 13:13:48,475 [96acbf61-3ece-4d83-9836-a217fb58817a@group-52AD3AA08ADE:LeaderElection200] INFO  impl.RaftServerImpl (ServerState.java:setLeader(253)) - 96acbf61-3ece-4d83-9836-a217fb58817a@group-52AD3AA08ADE: change Leader from null to 96acbf61-3ece-4d83-9836-a217fb58817a at term 1 for becomeLeader, leader elected after 5111ms
2019-10-09 13:13:48,475 [96acbf61-3ece-4d83-9836-a217fb58817a@group-52AD3AA08ADE:LeaderElection200] INFO  server.RaftServerConfigKeys (ConfUtils.java:logGet(43)) - raft.server.staging.catchup.gap = 1000 (default)
2019-10-09 13:13:48,475 [96acbf61-3ece-4d83-9836-a217fb58817a@group-52AD3AA08ADE:LeaderElection200] INFO  server.RaftServerConfigKeys (ConfUtils.java:logGet(43)) - raft.server.rpc.sleep.time = 25ms (default)
2019-10-09 13:13:48,475 [96acbf61-3ece-4d83-9836-a217fb58817a@group-52AD3AA08ADE:LeaderElection200] INFO  server.RaftServerConfigKeys (ConfUtils.java:logGet(43)) - raft.server.write.element-limit = 4096 (default)
2019-10-09 13:13:48,475 [grpc-default-executor-33] INFO  impl.RaftServerImpl (ServerState.java:setRaftConf(354)) - 7706a157-1a1c-49fa-abc2-2cf2041a84a7@group-14DF45B217B5: set configuration 0: [2c69c56f-4b33-4231-936a-bbd24e83d692:192.168.5.175:45661, 96acbf61-3ece-4d83-9836-a217fb58817a:192.168.5.175:35650, 7706a157-1a1c-49fa-abc2-2cf2041a84a7:192.168.5.175:40917], old=null at 0
2019-10-09 13:13:48,476 [grpc-default-executor-15] INFO  impl.RaftServerImpl (ServerState.java:setRaftConf(354)) - 2c69c56f-4b33-4231-936a-bbd24e83d692@group-14DF45B217B5: set configuration 0: [2c69c56f-4b33-4231-936a-bbd24e83d692:192.168.5.175:45661, 96acbf61-3ece-4d83-9836-a217fb58817a:192.168.5.175:35650, 7706a157-1a1c-49fa-abc2-2cf2041a84a7:192.168.5.175:40917], old=null at 0
2019-10-09 13:13:48,476 [96acbf61-3ece-4d83-9836-a217fb58817a@group-52AD3AA08ADE:LeaderElection200] INFO  server.RaftServerConfigKeys (ConfUtils.java:logGet(43)) - raft.server.watch.timeout = 10s (default)
2019-10-09 13:13:48,476 [grpc-default-executor-15] INFO  segmented.SegmentedRaftLogWorker (SegmentedRaftLogWorker.java:startLogSegment(380)) - 2c69c56f-4b33-4231-936a-bbd24e83d692@group-14DF45B217B5-SegmentedRaftLogWorker: Starting segment from index:0
2019-10-09 13:13:48,476 [grpc-default-executor-33] INFO  segmented.SegmentedRaftLogWorker (SegmentedRaftLogWorker.java:startLogSegment(380)) - 7706a157-1a1c-49fa-abc2-2cf2041a84a7@group-14DF45B217B5-SegmentedRaftLogWorker: Starting segment from index:0
2019-10-09 13:13:48,476 [96acbf61-3ece-4d83-9836-a217fb58817a@group-52AD3AA08ADE:LeaderElection200] INFO  server.RaftServerConfigKeys (ConfUtils.java:logGet(43)) - raft.server.watch.timeout.denomination = 1s (default)
2019-10-09 13:13:48,477 [96acbf61-3ece-4d83-9836-a217fb58817a@group-52AD3AA08ADE:LeaderElection200] INFO  server.RaftServerConfigKeys (ConfUtils.java:logGet(43)) - raft.server.watch.element-limit = 65536 (default)
2019-10-09 13:13:49,162 [96acbf61-3ece-4d83-9836-a217fb58817a@group-14DF45B217B5-SegmentedRaftLogWorker] INFO  segmented.SegmentedRaftLogWorker (SegmentedRaftLogWorker.java:execute(569)) - 96acbf61-3ece-4d83-9836-a217fb58817a@group-14DF45B217B5-SegmentedRaftLogWorker: created new log segment /workdir/hadoop-ozone/integration-test/target/test-dir/MiniOzoneClusterImpl-77992fd3-8e8a-426b-8566-445f44124f00/datanode-1/data/ratis/9d00c015-ba4d-43f8-91ec-14df45b217b5/current/log_inprogress_0
2019-10-09 13:13:49,170 [Thread-7270] INFO  impl.FollowerState (FollowerState.java:run(106)) - 162534dc-93d9-4206-ab1e-9268955c7aca:group-19F276FA9099 changes to CANDIDATE, lastRpcTime:5298, electionTimeout:5180ms
2019-10-09 13:13:49,170 [Thread-7245] WARN  util.JavaUtils (JavaUtils.java:sleep(250)) - Unexpected long sleep: sleep(5112ms) actually took 5429ms which is over the threshold 300ms
2019-10-09 13:13:49,170 [Thread-7239] WARN  util.JavaUtils (JavaUtils.java:sleep(250)) - Unexpected long sleep: sleep(5057ms) actually took 5434ms which is over the threshold 300ms
2019-10-09 13:13:49,170 [Thread-7235] WARN  util.JavaUtils (JavaUtils.java:sleep(250)) - Unexpected long sleep: sleep(5101ms) actually took 5475ms which is over the threshold 300ms
2019-10-09 13:13:49,170 [Thread-7252] WARN  util.JavaUtils (JavaUtils.java:sleep(250)) - Unexpected long sleep: sleep(5013ms) actually took 5384ms which is over the threshold 300ms
2019-10-09 13:13:49,170 [Thread-7248] INFO  impl.FollowerState (FollowerState.java:run(106)) - 96acbf61-3ece-4d83-9836-a217fb58817a:group-986902F1898E changes to CANDIDATE, lastRpcTime:5384, electionTimeout:5150ms
2019-10-09 13:13:49,176 [Thread-7226] WARN  util.JavaUtils (JavaUtils.java:sleep(250)) - Unexpected long sleep: sleep(5033ms) actually took 5531ms which is over the threshold 300ms
2019-10-09 13:13:49,170 [Thread-7234] WARN  util.JavaUtils (JavaUtils.java:sleep(250)) - Unexpected long sleep: sleep(5077ms) actually took 5476ms which is over the threshold 300ms
2019-10-09 13:13:49,170 [Thread-7271] INFO  impl.FollowerState (FollowerState.java:run(106)) - 869fbf5b-cbbd-43c6-9f26-156c5192e660:group-19F276FA9099 changes to CANDIDATE, lastRpcTime:5297, electionTimeout:5052ms
2019-10-09 13:13:49,181 [Thread-7270] INFO  impl.RoleInfo (RoleInfo.java:shutdownFollowerState(121)) - 162534dc-93d9-4206-ab1e-9268955c7aca: shutdown FollowerState
2019-10-09 13:13:49,170 [Thread-7261] INFO  impl.FollowerState (FollowerState.java:run(106)) - 869fbf5b-cbbd-43c6-9f26-156c5192e660:group-DC31737E2860 changes to CANDIDATE, lastRpcTime:5347, electionTimeout:5109ms
2019-10-09 13:13:49,170 [Thread-7258] INFO  impl.FollowerState (FollowerState.java:run(106)) - 162534dc-93d9-4206-ab1e-9268955c7aca:group-DC31737E2860 changes to CANDIDATE, lastRpcTime:5349, electionTimeout:5056ms
2019-10-09 13:13:49,170 [Thread-7230] INFO  impl.FollowerState (FollowerState.java:run(106)) - 96acbf61-3ece-4d83-9836-a217fb58817a:group-FB9E4996B38B changes to CANDIDATE, lastRpcTime:5479, electionTimeout:5186ms
2019-10-09 13:13:49,170 [Thread-7266] INFO  impl.FollowerState (FollowerState.java:run(106)) - 96acbf61-3ece-4d83-9836-a217fb58817a:group-19F276FA9099 changes to CANDIDATE, lastRpcTime:5302, electionTimeout:5087ms
2019-10-09 13:13:49,170 [Thread-7253] INFO  impl.FollowerState (FollowerState.java:run(106)) - 162534dc-93d9-4206-ab1e-9268955c7aca:group-986902F1898E changes to CANDIDATE, lastRpcTime:5391, electionTimeout:5185ms
2019-10-09 13:13:49,170 [Thread-7263] INFO  impl.FollowerState (FollowerState.java:run(106)) - 96acbf61-3ece-4d83-9836-a217fb58817a:group-DC31737E2860 changes to CANDIDATE, lastRpcTime:5346, electionTimeout:5090ms
2019-10-09 13:13:49,209 [Thread-7266] INFO  impl.RoleInfo (RoleInfo.java:shutdownFollowerState(121)) - 96acbf61-3ece-4d83-9836-a217fb58817a: shutdown FollowerState
2019-10-09 13:13:49,199 [Thread-7205] WARN  util.JavaUtils (JavaUtils.java:sleep(250)) - Unexpected long sleep: sleep(5145ms) actually took 5679ms which is over the threshold 300ms
2019-10-09 13:13:49,193 [Thread-7261] INFO  impl.RoleInfo (RoleInfo.java:shutdownFollowerState(121)) - 869fbf5b-cbbd-43c6-9f26-156c5192e660: shutdown FollowerState
2019-10-09 13:13:49,209 [Thread-7261] INFO  impl.RaftServerImpl (RaftServerImpl.java:setRole(174)) - 869fbf5b-cbbd-43c6-9f26-156c5192e660@group-DC31737E2860: changes role from  FOLLOWER to CANDIDATE at term 0 for changeToCandidate
2019-10-09 13:13:49,193 [Thread-7258] INFO  impl.RoleInfo (RoleInfo.java:shutdownFollowerState(121)) - 162534dc-93d9-4206-ab1e-9268955c7aca: shutdown FollowerState
2019-10-09 13:13:49,193 [Thread-7271] INFO  impl.RoleInfo (RoleInfo.java:shutdownFollowerState(121)) - 869fbf5b-cbbd-43c6-9f26-156c5192e660: shutdown FollowerState
2019-10-09 13:13:49,209 [Thread-7271] INFO  impl.RaftServerImpl (RaftServerImpl.java:setRole(174)) - 869fbf5b-cbbd-43c6-9f26-156c5192e660@group-19F276FA9099: changes role from  FOLLOWER to CANDIDATE at term 0 for changeToCandidate
2019-10-09 13:13:49,192 [Thread-7212] WARN  util.JavaUtils (JavaUtils.java:sleep(250)) - Unexpected long sleep: sleep(5127ms) actually took 5595ms which is over the threshold 300ms
2019-10-09 13:13:49,192 [Thread-7218] WARN  util.JavaUtils (JavaUtils.java:sleep(250)) - Unexpected long sleep: sleep(5110ms) actually took 5579ms which is over the threshold 300ms
2019-10-09 13:13:49,192 [Thread-7216] WARN  util.JavaUtils (JavaUtils.java:sleep(250)) - Unexpected long sleep: sleep(5117ms) actually took 5580ms which is over the threshold 300ms
2019-10-09 13:13:49,192 [Thread-7201] WARN  util.JavaUtils (JavaUtils.java:sleep(250)) - Unexpected long sleep: sleep(5087ms) actually took 5684ms which is over the threshold 300ms
2019-10-09 13:13:49,192 [Thread-7248] INFO  impl.RoleInfo (RoleInfo.java:shutdownFollowerState(121)) - 96acbf61-3ece-4d83-9836-a217fb58817a: shutdown FollowerState
2019-10-09 13:13:49,192 [Thread-7198] WARN  util.JavaUtils (JavaUtils.java:sleep(250)) - Unexpected long sleep: sleep(5159ms) actually took 5735ms which is over the threshold 300ms
2019-10-09 13:13:49,187 [Thread-7223] WARN  util.JavaUtils (JavaUtils.java:sleep(250)) - Unexpected long sleep: sleep(5128ms) actually took 5531ms which is over the threshold 300ms
2019-10-09 13:13:49,181 [Thread-7270] INFO  impl.RaftServerImpl (RaftServerImpl.java:setRole(174)) - 162534dc-93d9-4206-ab1e-9268955c7aca@group-19F276FA9099: changes role from  FOLLOWER to CANDIDATE at term 0 for changeToCandidate
2019-10-09 13:13:49,181 [Thread-7243] WARN  util.JavaUtils (JavaUtils.java:sleep(250)) - Unexpected long sleep: sleep(5037ms) actually took 5432ms which is over the threshold 300ms
2019-10-09 13:13:49,181 [Thread-7192] WARN  util.JavaUtils (JavaUtils.java:sleep(250)) - Unexpected long sleep: sleep(5130ms) actually took 5741ms which is over the threshold 300ms
2019-10-09 13:13:49,181 [Thread-7196] WARN  util.JavaUtils (JavaUtils.java:sleep(250)) - Unexpected long sleep: sleep(5136ms) actually took 5737ms which is over the threshold 300ms
2019-10-09 13:13:49,181 [Thread-7207] WARN  util.JavaUtils (JavaUtils.java:sleep(250)) - Unexpected long sleep: sleep(5196ms) actually took 5662ms which is over the threshold 300ms
2019-10-09 13:13:49,177 [96acbf61-3ece-4d83-9836-a217fb58817a@group-52AD3AA08ADE:LeaderElection200] INFO  server.RaftServerConfigKeys (ConfUtils.java:logGet(43)) - raft.server.log.appender.snapshot.chunk.size.max = 16MB (=16777216) (default)
2019-10-09 13:13:49,214 [96acbf61-3ece-4d83-9836-a217fb58817a@group-52AD3AA08ADE:LeaderElection200] INFO  server.RaftServerConfigKeys (ConfUtils.java:logGet(43)) - raft.server.log.appender.buffer.byte-limit = 33554432 (custom)
2019-10-09 13:13:49,176 [Thread-7225] WARN  util.JavaUtils (JavaUtils.java:sleep(250)) - Unexpected long sleep: sleep(5093ms) actually took 5530ms which is over the threshold 300ms
2019-10-09 13:13:49,175 [2c69c56f-4b33-4231-936a-bbd24e83d692@group-14DF45B217B5-SegmentedRaftLogWorker] INFO  segmented.SegmentedRaftLogWorker (SegmentedRaftLogWorker.java:execute(569)) - 2c69c56f-4b33-4231-936a-bbd24e83d692@group-14DF45B217B5-SegmentedRaftLogWorker: created new log segment /workdir/hadoop-ozone/integration-test/target/test-dir/MiniOzoneClusterImpl-77992fd3-8e8a-426b-8566-445f44124f00/datanode-0/data/ratis/9d00c015-ba4d-43f8-91ec-14df45b217b5/current/log_inprogress_0
2019-10-09 13:13:49,214 [96acbf61-3ece-4d83-9836-a217fb58817a@group-52AD3AA08ADE:LeaderElection200] INFO  server.RaftServerConfigKeys (ConfUtils.java:logGet(43)) - raft.server.log.appender.buffer.element-limit = 1 (custom)
2019-10-09 13:13:49,210 [Thread-7270] INFO  impl.RoleInfo (RoleInfo.java:updateAndGet(143)) - 162534dc-93d9-4206-ab1e-9268955c7aca: start LeaderElection
2019-10-09 13:13:49,210 [Thread-7248] INFO  impl.RaftServerImpl (RaftServerImpl.java:setRole(174)) - 96acbf61-3ece-4d83-9836-a217fb58817a@group-986902F1898E: changes role from  FOLLOWER to CANDIDATE at term 0 for changeToCandidate
2019-10-09 13:13:49,210 [Thread-7271] INFO  impl.RoleInfo (RoleInfo.java:updateAndGet(143)) - 869fbf5b-cbbd-43c6-9f26-156c5192e660: start LeaderElection
2019-10-09 13:13:49,209 [Thread-7258] INFO  impl.RaftServerImpl (RaftServerImpl.java:setRole(174)) - 162534dc-93d9-4206-ab1e-9268955c7aca@group-DC31737E2860: changes role from  FOLLOWER to CANDIDATE at term 0 for changeToCandidate
2019-10-09 13:13:49,209 [Thread-7261] INFO  impl.RoleInfo (RoleInfo.java:updateAndGet(143)) - 869fbf5b-cbbd-43c6-9f26-156c5192e660: start LeaderElection
2019-10-09 13:13:49,209 [Thread-7266] INFO  impl.RaftServerImpl (RaftServerImpl.java:setRole(174)) - 96acbf61-3ece-4d83-9836-a217fb58817a@group-19F276FA9099: changes role from  FOLLOWER to CANDIDATE at term 0 for changeToCandidate
2019-10-09 13:13:49,215 [96acbf61-3ece-4d83-9836-a217fb58817a@group-52AD3AA08ADE:LeaderElection200] INFO  grpc.GrpcConfigKeys$Server (ConfUtils.java:logGet(43)) - raft.grpc.server.leader.outstanding.appends.max = 128 (default)
2019-10-09 13:13:49,216 [96acbf61-3ece-4d83-9836-a217fb58817a@group-52AD3AA08ADE:LeaderElection200] INFO  server.RaftServerConfigKeys (ConfUtils.java:logGet(43)) - raft.server.rpc.request.timeout = 3000ms (default)
2019-10-09 13:13:49,216 [96acbf61-3ece-4d83-9836-a217fb58817a@group-52AD3AA08ADE:LeaderElection200] INFO  server.RaftServerConfigKeys (ConfUtils.java:logGet(43)) - raft.server.log.appender.install.snapshot.enabled = false (custom)
2019-10-09 13:13:49,216 [96acbf61-3ece-4d83-9836-a217fb58817a@group-52AD3AA08ADE:LeaderElection200] INFO  server.RaftServerConfigKeys (ConfUtils.java:logGet(43)) - raft.server.log.appender.snapshot.chunk.size.max = 16MB (=16777216) (default)
2019-10-09 13:13:49,216 [96acbf61-3ece-4d83-9836-a217fb58817a@group-52AD3AA08ADE:LeaderElection200] INFO  server.RaftServerConfigKeys (ConfUtils.java:logGet(43)) - raft.server.log.appender.buffer.byte-limit = 33554432 (custom)
2019-10-09 13:13:49,216 [96acbf61-3ece-4d83-9836-a217fb58817a@group-52AD3AA08ADE:LeaderElection200] INFO  server.RaftServerConfigKeys (ConfUtils.java:logGet(43)) - raft.server.log.appender.buffer.element-limit = 1 (custom)
2019-10-09 13:13:49,222 [Thread-7230] INFO  impl.RoleInfo (RoleInfo.java:shutdownFollowerState(121)) - 96acbf61-3ece-4d83-9836-a217fb58817a: shutdown FollowerState
2019-10-09 13:13:49,223 [96acbf61-3ece-4d83-9836-a217fb58817a@group-52AD3AA08ADE:LeaderElection200] INFO  grpc.GrpcConfigKeys$Server (ConfUtils.java:logGet(43)) - raft.grpc.server.leader.outstanding.appends.max = 128 (default)
2019-10-09 13:13:49,223 [Thread-7266] INFO  impl.RoleInfo (RoleInfo.java:updateAndGet(143)) - 96acbf61-3ece-4d83-9836-a217fb58817a: start LeaderElection
2019-10-09 13:13:49,223 [96acbf61-3ece-4d83-9836-a217fb58817a@group-52AD3AA08ADE:LeaderElection200] INFO  server.RaftServerConfigKeys (ConfUtils.java:logGet(43)) - raft.server.rpc.request.timeout = 3000ms (default)
2019-10-09 13:13:49,223 [Thread-7230] INFO  impl.RaftServerImpl (RaftServerImpl.java:setRole(174)) - 96acbf61-3ece-4d83-9836-a217fb58817a@group-FB9E4996B38B: changes role from  FOLLOWER to CANDIDATE at term 0 for changeToCandidate
2019-10-09 13:13:49,223 [96acbf61-3ece-4d83-9836-a217fb58817a@group-52AD3AA08ADE:LeaderElection200] INFO  server.RaftServerConfigKeys (ConfUtils.java:logGet(43)) - raft.server.log.appender.install.snapshot.enabled = false (custom)
2019-10-09 13:13:49,223 [96acbf61-3ece-4d83-9836-a217fb58817a@group-52AD3AA08ADE:LeaderElection200] INFO  impl.RoleInfo (RoleInfo.java:updateAndGet(143)) - 96acbf61-3ece-4d83-9836-a217fb58817a: start LeaderState
2019-10-09 13:13:49,224 [96acbf61-3ece-4d83-9836-a217fb58817a@group-52AD3AA08ADE:LeaderElection200] INFO  segmented.SegmentedRaftLogWorker (SegmentedRaftLogWorker.java:startLogSegment(380)) - 96acbf61-3ece-4d83-9836-a217fb58817a@group-52AD3AA08ADE-SegmentedRaftLogWorker: Starting segment from index:0
2019-10-09 13:13:49,231 [Thread-7258] INFO  impl.RoleInfo (RoleInfo.java:updateAndGet(143)) - 162534dc-93d9-4206-ab1e-9268955c7aca: start LeaderElection
2019-10-09 13:13:49,236 [Thread-7248] INFO  impl.RoleInfo (RoleInfo.java:updateAndGet(143)) - 96acbf61-3ece-4d83-9836-a217fb58817a: start LeaderElection
2019-10-09 13:13:49,291 [Thread-7230] INFO  impl.RoleInfo (RoleInfo.java:updateAndGet(143)) - 96acbf61-3ece-4d83-9836-a217fb58817a: start LeaderElection
2019-10-09 13:13:49,292 [96acbf61-3ece-4d83-9836-a217fb58817a@group-52AD3AA08ADE:LeaderElection200] INFO  impl.RaftServerImpl (ServerState.java:setRaftConf(354)) - 96acbf61-3ece-4d83-9836-a217fb58817a@group-52AD3AA08ADE: set configuration 0: [96acbf61-3ece-4d83-9836-a217fb58817a:192.168.5.175:35650, 869fbf5b-cbbd-43c6-9f26-156c5192e660:192.168.5.175:43498, 7706a157-1a1c-49fa-abc2-2cf2041a84a7:192.168.5.175:40917], old=null at 0
2019-10-09 13:13:49,293 [Thread-7263] INFO  impl.RoleInfo (RoleInfo.java:shutdownFollowerState(121)) - 96acbf61-3ece-4d83-9836-a217fb58817a: shutdown FollowerState
2019-10-09 13:13:49,293 [Thread-7253] INFO  impl.RoleInfo (RoleInfo.java:shutdownFollowerState(121)) - 162534dc-93d9-4206-ab1e-9268955c7aca: shutdown FollowerState
2019-10-09 13:13:49,293 [Thread-7263] INFO  impl.RaftServerImpl (RaftServerImpl.java:setRole(174)) - 96acbf61-3ece-4d83-9836-a217fb58817a@group-DC31737E2860: changes role from  FOLLOWER to CANDIDATE at term 0 for changeToCandidate
2019-10-09 13:13:49,293 [Thread-7253] INFO  impl.RaftServerImpl (RaftServerImpl.java:setRole(174)) - 162534dc-93d9-4206-ab1e-9268955c7aca@group-986902F1898E: changes role from  FOLLOWER to CANDIDATE at term 0 for changeToCandidate
2019-10-09 13:13:49,293 [Thread-7263] INFO  impl.RoleInfo (RoleInfo.java:updateAndGet(143)) - 96acbf61-3ece-4d83-9836-a217fb58817a: start LeaderElection
2019-10-09 13:13:49,305 [7706a157-1a1c-49fa-abc2-2cf2041a84a7@group-14DF45B217B5-SegmentedRaftLogWorker] INFO  segmented.SegmentedRaftLogWorker (SegmentedRaftLogWorker.java:execute(569)) - 7706a157-1a1c-49fa-abc2-2cf2041a84a7@group-14DF45B217B5-SegmentedRaftLogWorker: created new log segment /workdir/hadoop-ozone/integration-test/target/test-dir/MiniOzoneClusterImpl-77992fd3-8e8a-426b-8566-445f44124f00/datanode-2/data/ratis/9d00c015-ba4d-43f8-91ec-14df45b217b5/current/log_inprogress_0
2019-10-09 13:13:49,313 [Thread-7253] INFO  impl.RoleInfo (RoleInfo.java:updateAndGet(143)) - 162534dc-93d9-4206-ab1e-9268955c7aca: start LeaderElection
2019-10-09 13:13:49,355 [grpc-default-executor-35] INFO  impl.RaftServerImpl (ServerState.java:setLeader(253)) - 7706a157-1a1c-49fa-abc2-2cf2041a84a7@group-52AD3AA08ADE: change Leader from null to 96acbf61-3ece-4d83-9836-a217fb58817a at term 1 for appendEntries, leader elected after 5991ms
2019-10-09 13:13:49,355 [grpc-default-executor-34] INFO  impl.RaftServerImpl (ServerState.java:setLeader(253)) - 869fbf5b-cbbd-43c6-9f26-156c5192e660@group-52AD3AA08ADE: change Leader from null to 96acbf61-3ece-4d83-9836-a217fb58817a at term 1 for appendEntries, leader elected after 5990ms
2019-10-09 13:13:49,375 [96acbf61-3ece-4d83-9836-a217fb58817a@group-52AD3AA08ADE-SegmentedRaftLogWorker] INFO  segmented.SegmentedRaftLogWorker (SegmentedRaftLogWorker.java:execute(569)) - 96acbf61-3ece-4d83-9836-a217fb58817a@group-52AD3AA08ADE-SegmentedRaftLogWorker: created new log segment /workdir/hadoop-ozone/integration-test/target/test-dir/MiniOzoneClusterImpl-77992fd3-8e8a-426b-8566-445f44124f00/datanode-1/data/ratis/bc4583d2-882e-4c8d-bcc9-52ad3aa08ade/current/log_inprogress_0
2019-10-09 13:13:49,383 [869fbf5b-cbbd-43c6-9f26-156c5192e660@group-DC31737E2860:LeaderElection201] INFO  impl.LeaderElection (LeaderElection.java:askForVotes(182)) - 869fbf5b-cbbd-43c6-9f26-156c5192e660@group-DC31737E2860:LeaderElection201: begin an election at term 1 for -1: [96acbf61-3ece-4d83-9836-a217fb58817a:192.168.5.175:35650, 162534dc-93d9-4206-ab1e-9268955c7aca:192.168.5.175:32957, 869fbf5b-cbbd-43c6-9f26-156c5192e660:192.168.5.175:43498], old=null
2019-10-09 13:13:49,383 [162534dc-93d9-4206-ab1e-9268955c7aca@group-DC31737E2860:LeaderElection205] INFO  impl.LeaderElection (LeaderElection.java:askForVotes(182)) - 162534dc-93d9-4206-ab1e-9268955c7aca@group-DC31737E2860:LeaderElection205: begin an election at term 1 for -1: [96acbf61-3ece-4d83-9836-a217fb58817a:192.168.5.175:35650, 162534dc-93d9-4206-ab1e-9268955c7aca:192.168.5.175:32957, 869fbf5b-cbbd-43c6-9f26-156c5192e660:192.168.5.175:43498], old=null
2019-10-09 13:13:49,383 [96acbf61-3ece-4d83-9836-a217fb58817a@group-986902F1898E:LeaderElection204] INFO  impl.LeaderElection (LeaderElection.java:askForVotes(182)) - 96acbf61-3ece-4d83-9836-a217fb58817a@group-986902F1898E:LeaderElection204: begin an election at term 1 for -1: [96acbf61-3ece-4d83-9836-a217fb58817a:192.168.5.175:35650, 162534dc-93d9-4206-ab1e-9268955c7aca:192.168.5.175:32957, 869fbf5b-cbbd-43c6-9f26-156c5192e660:192.168.5.175:43498], old=null
2019-10-09 13:13:49,384 [96acbf61-3ece-4d83-9836-a217fb58817a@group-FB9E4996B38B:LeaderElection207] INFO  impl.LeaderElection (LeaderElection.java:askForVotes(182)) - 96acbf61-3ece-4d83-9836-a217fb58817a@group-FB9E4996B38B:LeaderElection207: begin an election at term 1 for -1: [96acbf61-3ece-4d83-9836-a217fb58817a:192.168.5.175:35650, 162534dc-93d9-4206-ab1e-9268955c7aca:192.168.5.175:32957, 869fbf5b-cbbd-43c6-9f26-156c5192e660:192.168.5.175:43498], old=null
2019-10-09 13:13:49,383 [869fbf5b-cbbd-43c6-9f26-156c5192e660@group-19F276FA9099:LeaderElection202] INFO  impl.LeaderElection (LeaderElection.java:askForVotes(182)) - 869fbf5b-cbbd-43c6-9f26-156c5192e660@group-19F276FA9099:LeaderElection202: begin an election at term 1 for -1: [96acbf61-3ece-4d83-9836-a217fb58817a:192.168.5.175:35650, 162534dc-93d9-4206-ab1e-9268955c7aca:192.168.5.175:32957, 869fbf5b-cbbd-43c6-9f26-156c5192e660:192.168.5.175:43498], old=null
2019-10-09 13:13:49,383 [96acbf61-3ece-4d83-9836-a217fb58817a@group-19F276FA9099:LeaderElection206] INFO  impl.LeaderElection (LeaderElection.java:askForVotes(182)) - 96acbf61-3ece-4d83-9836-a217fb58817a@group-19F276FA9099:LeaderElection206: begin an election at term 1 for -1: [96acbf61-3ece-4d83-9836-a217fb58817a:192.168.5.175:35650, 162534dc-93d9-4206-ab1e-9268955c7aca:192.168.5.175:32957, 869fbf5b-cbbd-43c6-9f26-156c5192e660:192.168.5.175:43498], old=null
2019-10-09 13:13:49,383 [162534dc-93d9-4206-ab1e-9268955c7aca@group-19F276FA9099:LeaderElection203] INFO  impl.LeaderElection (LeaderElection.java:askForVotes(182)) - 162534dc-93d9-4206-ab1e-9268955c7aca@group-19F276FA9099:LeaderElection203: begin an election at term 1 for -1: [96acbf61-3ece-4d83-9836-a217fb58817a:192.168.5.175:35650, 162534dc-93d9-4206-ab1e-9268955c7aca:192.168.5.175:32957, 869fbf5b-cbbd-43c6-9f26-156c5192e660:192.168.5.175:43498], old=null
2019-10-09 13:13:49,384 [96acbf61-3ece-4d83-9836-a217fb58817a@group-DC31737E2860:LeaderElection208] INFO  impl.LeaderElection (LeaderElection.java:askForVotes(182)) - 96acbf61-3ece-4d83-9836-a217fb58817a@group-DC31737E2860:LeaderElection208: begin an election at term 1 for -1: [96acbf61-3ece-4d83-9836-a217fb58817a:192.168.5.175:35650, 162534dc-93d9-4206-ab1e-9268955c7aca:192.168.5.175:32957, 869fbf5b-cbbd-43c6-9f26-156c5192e660:192.168.5.175:43498], old=null
2019-10-09 13:13:49,400 [grpc-default-executor-34] INFO  impl.RaftServerImpl (ServerState.java:setRaftConf(354)) - 7706a157-1a1c-49fa-abc2-2cf2041a84a7@group-52AD3AA08ADE: set configuration 0: [96acbf61-3ece-4d83-9836-a217fb58817a:192.168.5.175:35650, 869fbf5b-cbbd-43c6-9f26-156c5192e660:192.168.5.175:43498, 7706a157-1a1c-49fa-abc2-2cf2041a84a7:192.168.5.175:40917], old=null at 0
2019-10-09 13:13:49,400 [grpc-default-executor-34] INFO  segmented.SegmentedRaftLogWorker (SegmentedRaftLogWorker.java:startLogSegment(380)) - 7706a157-1a1c-49fa-abc2-2cf2041a84a7@group-52AD3AA08ADE-SegmentedRaftLogWorker: Starting segment from index:0
2019-10-09 13:13:49,422 [grpc-default-executor-35] INFO  impl.RaftServerImpl (ServerState.java:setRaftConf(354)) - 869fbf5b-cbbd-43c6-9f26-156c5192e660@group-52AD3AA08ADE: set configuration 0: [96acbf61-3ece-4d83-9836-a217fb58817a:192.168.5.175:35650, 869fbf5b-cbbd-43c6-9f26-156c5192e660:192.168.5.175:43498, 7706a157-1a1c-49fa-abc2-2cf2041a84a7:192.168.5.175:40917], old=null at 0
2019-10-09 13:13:49,422 [grpc-default-executor-35] INFO  segmented.SegmentedRaftLogWorker (SegmentedRaftLogWorker.java:startLogSegment(380)) - 869fbf5b-cbbd-43c6-9f26-156c5192e660@group-52AD3AA08ADE-SegmentedRaftLogWorker: Starting segment from index:0
2019-10-09 13:13:49,555 [869fbf5b-cbbd-43c6-9f26-156c5192e660@group-52AD3AA08ADE-SegmentedRaftLogWorker] INFO  segmented.SegmentedRaftLogWorker (SegmentedRaftLogWorker.java:execute(569)) - 869fbf5b-cbbd-43c6-9f26-156c5192e660@group-52AD3AA08ADE-SegmentedRaftLogWorker: created new log segment /workdir/hadoop-ozone/integration-test/target/test-dir/MiniOzoneClusterImpl-77992fd3-8e8a-426b-8566-445f44124f00/datanode-3/data/ratis/bc4583d2-882e-4c8d-bcc9-52ad3aa08ade/current/log_inprogress_0
2019-10-09 13:13:49,555 [162534dc-93d9-4206-ab1e-9268955c7aca@group-986902F1898E:LeaderElection209] INFO  impl.LeaderElection (LeaderElection.java:askForVotes(182)) - 162534dc-93d9-4206-ab1e-9268955c7aca@group-986902F1898E:LeaderElection209: begin an election at term 1 for -1: [96acbf61-3ece-4d83-9836-a217fb58817a:192.168.5.175:35650, 162534dc-93d9-4206-ab1e-9268955c7aca:192.168.5.175:32957, 869fbf5b-cbbd-43c6-9f26-156c5192e660:192.168.5.175:43498], old=null
2019-10-09 13:13:49,685 [7706a157-1a1c-49fa-abc2-2cf2041a84a7@group-52AD3AA08ADE-SegmentedRaftLogWorker] INFO  segmented.SegmentedRaftLogWorker (SegmentedRaftLogWorker.java:execute(569)) - 7706a157-1a1c-49fa-abc2-2cf2041a84a7@group-52AD3AA08ADE-SegmentedRaftLogWorker: created new log segment /workdir/hadoop-ozone/integration-test/target/test-dir/MiniOzoneClusterImpl-77992fd3-8e8a-426b-8566-445f44124f00/datanode-2/data/ratis/bc4583d2-882e-4c8d-bcc9-52ad3aa08ade/current/log_inprogress_0
2019-10-09 13:13:49,703 [grpc-default-executor-30] INFO  impl.RaftServerImpl (RaftServerImpl.java:setRole(174)) - 869fbf5b-cbbd-43c6-9f26-156c5192e660@group-986902F1898E: changes role from  FOLLOWER to FOLLOWER at term 1 for recognizeCandidate:96acbf61-3ece-4d83-9836-a217fb58817a
2019-10-09 13:13:49,703 [grpc-default-executor-24] INFO  impl.RaftServerImpl (RaftServerImpl.java:setRole(174)) - 869fbf5b-cbbd-43c6-9f26-156c5192e660@group-FB9E4996B38B: changes role from  FOLLOWER to FOLLOWER at term 1 for recognizeCandidate:96acbf61-3ece-4d83-9836-a217fb58817a
2019-10-09 13:13:49,704 [grpc-default-executor-24] INFO  impl.RoleInfo (RoleInfo.java:shutdownFollowerState(121)) - 869fbf5b-cbbd-43c6-9f26-156c5192e660: shutdown FollowerState
2019-10-09 13:13:49,704 [grpc-default-executor-30] INFO  impl.RoleInfo (RoleInfo.java:shutdownFollowerState(121)) - 869fbf5b-cbbd-43c6-9f26-156c5192e660: shutdown FollowerState
2019-10-09 13:13:49,704 [Thread-7235] INFO  impl.FollowerState (FollowerState.java:run(115)) - 869fbf5b-cbbd-43c6-9f26-156c5192e660: FollowerState was interrupted: java.lang.InterruptedException: sleep interrupted
2019-10-09 13:13:49,704 [grpc-default-executor-24] INFO  impl.RoleInfo (RoleInfo.java:updateAndGet(143)) - 869fbf5b-cbbd-43c6-9f26-156c5192e660: start FollowerState
2019-10-09 13:13:49,705 [grpc-default-executor-15] INFO  impl.RaftServerImpl (RaftServerImpl.java:setRole(174)) - 162534dc-93d9-4206-ab1e-9268955c7aca@group-FB9E4996B38B: changes role from  FOLLOWER to FOLLOWER at term 1 for recognizeCandidate:96acbf61-3ece-4d83-9836-a217fb58817a
2019-10-09 13:13:49,705 [grpc-default-executor-15] INFO  impl.RoleInfo (RoleInfo.java:shutdownFollowerState(121)) - 162534dc-93d9-4206-ab1e-9268955c7aca: shutdown FollowerState
2019-10-09 13:13:49,705 [grpc-default-executor-15] INFO  impl.RoleInfo (RoleInfo.java:updateAndGet(143)) - 162534dc-93d9-4206-ab1e-9268955c7aca: start FollowerState
2019-10-09 13:13:49,705 [96acbf61-3ece-4d83-9836-a217fb58817a@group-19F276FA9099:LeaderElection206] INFO  impl.LeaderElection (LeaderElection.java:logAndReturn(56)) - 96acbf61-3ece-4d83-9836-a217fb58817a@group-19F276FA9099:LeaderElection206: Election REJECTED; received 2 response(s) [96acbf61-3ece-4d83-9836-a217fb58817a<-162534dc-93d9-4206-ab1e-9268955c7aca#0:FAIL-t1, 96acbf61-3ece-4d83-9836-a217fb58817a<-869fbf5b-cbbd-43c6-9f26-156c5192e660#0:FAIL-t1] and 0 exception(s); 96acbf61-3ece-4d83-9836-a217fb58817a@group-19F276FA9099:t1, leader=null, voted=96acbf61-3ece-4d83-9836-a217fb58817a, raftlog=96acbf61-3ece-4d83-9836-a217fb58817a@group-19F276FA9099-SegmentedRaftLog:OPENED:c-1,f-1,i0, conf=-1: [96acbf61-3ece-4d83-9836-a217fb58817a:192.168.5.175:35650, 162534dc-93d9-4206-ab1e-9268955c7aca:192.168.5.175:32957, 869fbf5b-cbbd-43c6-9f26-156c5192e660:192.168.5.175:43498], old=null
2019-10-09 13:13:49,705 [Thread-7252] INFO  impl.FollowerState (FollowerState.java:run(115)) - 869fbf5b-cbbd-43c6-9f26-156c5192e660: FollowerState was interrupted: java.lang.InterruptedException: sleep interrupted
2019-10-09 13:13:49,705 [grpc-default-executor-30] INFO  impl.RoleInfo (RoleInfo.java:updateAndGet(143)) - 869fbf5b-cbbd-43c6-9f26-156c5192e660: start FollowerState
2019-10-09 13:13:49,706 [96acbf61-3ece-4d83-9836-a217fb58817a@group-19F276FA9099:LeaderElection206] INFO  impl.RaftServerImpl (RaftServerImpl.java:setRole(174)) - 96acbf61-3ece-4d83-9836-a217fb58817a@group-19F276FA9099: changes role from CANDIDATE to FOLLOWER at term 1 for DISCOVERED_A_NEW_TERM
2019-10-09 13:13:49,706 [96acbf61-3ece-4d83-9836-a217fb58817a@group-DC31737E2860:LeaderElection208] INFO  impl.LeaderElection (LeaderElection.java:logAndReturn(56)) - 96acbf61-3ece-4d83-9836-a217fb58817a@group-DC31737E2860:LeaderElection208: Election REJECTED; received 2 response(s) [96acbf61-3ece-4d83-9836-a217fb58817a<-162534dc-93d9-4206-ab1e-9268955c7aca#0:FAIL-t1, 96acbf61-3ece-4d83-9836-a217fb58817a<-869fbf5b-cbbd-43c6-9f26-156c5192e660#0:FAIL-t1] and 0 exception(s); 96acbf61-3ece-4d83-9836-a217fb58817a@group-DC31737E2860:t1, leader=null, voted=96acbf61-3ece-4d83-9836-a217fb58817a, raftlog=96acbf61-3ece-4d83-9836-a217fb58817a@group-DC31737E2860-SegmentedRaftLog:OPENED:c-1,f-1,i0, conf=-1: [96acbf61-3ece-4d83-9836-a217fb58817a:192.168.5.175:35650, 162534dc-93d9-4206-ab1e-9268955c7aca:192.168.5.175:32957, 869fbf5b-cbbd-43c6-9f26-156c5192e660:192.168.5.175:43498], old=null
2019-10-09 13:13:49,705 [Thread-7234] INFO  impl.FollowerState (FollowerState.java:run(115)) - 162534dc-93d9-4206-ab1e-9268955c7aca: FollowerState was interrupted: java.lang.InterruptedException: sleep interrupted
2019-10-09 13:13:49,707 [869fbf5b-cbbd-43c6-9f26-156c5192e660@group-19F276FA9099:LeaderElection202] INFO  impl.LeaderElection (LeaderElection.java:logAndReturn(56)) - 869fbf5b-cbbd-43c6-9f26-156c5192e660@group-19F276FA9099:LeaderElection202: Election REJECTED; received 2 response(s) [869fbf5b-cbbd-43c6-9f26-156c5192e660<-162534dc-93d9-4206-ab1e-9268955c7aca#0:FAIL-t1, 869fbf5b-cbbd-43c6-9f26-156c5192e660<-96acbf61-3ece-4d83-9836-a217fb58817a#0:FAIL-t1] and 0 exception(s); 869fbf5b-cbbd-43c6-9f26-156c5192e660@group-19F276FA9099:t1, leader=null, voted=869fbf5b-cbbd-43c6-9f26-156c5192e660, raftlog=869fbf5b-cbbd-43c6-9f26-156c5192e660@group-19F276FA9099-SegmentedRaftLog:OPENED:c-1,f-1,i0, conf=-1: [96acbf61-3ece-4d83-9836-a217fb58817a:192.168.5.175:35650, 162534dc-93d9-4206-ab1e-9268955c7aca:192.168.5.175:32957, 869fbf5b-cbbd-43c6-9f26-156c5192e660:192.168.5.175:43498], old=null
2019-10-09 13:13:49,707 [96acbf61-3ece-4d83-9836-a217fb58817a@group-DC31737E2860:LeaderElection208] INFO  impl.RaftServerImpl (RaftServerImpl.java:setRole(174)) - 96acbf61-3ece-4d83-9836-a217fb58817a@group-DC31737E2860: changes role from CANDIDATE to FOLLOWER at term 1 for DISCOVERED_A_NEW_TERM
2019-10-09 13:13:49,707 [96acbf61-3ece-4d83-9836-a217fb58817a@group-DC31737E2860:LeaderElection208] INFO  impl.RoleInfo (RoleInfo.java:shutdownLeaderElection(134)) - 96acbf61-3ece-4d83-9836-a217fb58817a: shutdown LeaderElection
2019-10-09 13:13:49,712 [96acbf61-3ece-4d83-9836-a217fb58817a@group-DC31737E2860:LeaderElection208] INFO  impl.RoleInfo (RoleInfo.java:updateAndGet(143)) - 96acbf61-3ece-4d83-9836-a217fb58817a: start FollowerState
2019-10-09 13:13:49,706 [869fbf5b-cbbd-43c6-9f26-156c5192e660@group-DC31737E2860:LeaderElection201] INFO  impl.LeaderElection (LeaderElection.java:logAndReturn(56)) - 869fbf5b-cbbd-43c6-9f26-156c5192e660@group-DC31737E2860:LeaderElection201: Election REJECTED; received 2 response(s) [869fbf5b-cbbd-43c6-9f26-156c5192e660<-162534dc-93d9-4206-ab1e-9268955c7aca#0:FAIL-t1, 869fbf5b-cbbd-43c6-9f26-156c5192e660<-96acbf61-3ece-4d83-9836-a217fb58817a#0:FAIL-t1] and 0 exception(s); 869fbf5b-cbbd-43c6-9f26-156c5192e660@group-DC31737E2860:t1, leader=null, voted=869fbf5b-cbbd-43c6-9f26-156c5192e660, raftlog=869fbf5b-cbbd-43c6-9f26-156c5192e660@group-DC31737E2860-SegmentedRaftLog:OPENED:c-1,f-1,i0, conf=-1: [96acbf61-3ece-4d83-9836-a217fb58817a:192.168.5.175:35650, 162534dc-93d9-4206-ab1e-9268955c7aca:192.168.5.175:32957, 869fbf5b-cbbd-43c6-9f26-156c5192e660:192.168.5.175:43498], old=null
2019-10-09 13:13:49,706 [96acbf61-3ece-4d83-9836-a217fb58817a@group-19F276FA9099:LeaderElection206] INFO  impl.RoleInfo (RoleInfo.java:shutdownLeaderElection(134)) - 96acbf61-3ece-4d83-9836-a217fb58817a: shutdown LeaderElection
2019-10-09 13:13:49,713 [869fbf5b-cbbd-43c6-9f26-156c5192e660@group-DC31737E2860:LeaderElection201] INFO  impl.RaftServerImpl (RaftServerImpl.java:setRole(174)) - 869fbf5b-cbbd-43c6-9f26-156c5192e660@group-DC31737E2860: changes role from CANDIDATE to FOLLOWER at term 1 for DISCOVERED_A_NEW_TERM
2019-10-09 13:13:49,707 [869fbf5b-cbbd-43c6-9f26-156c5192e660@group-19F276FA9099:LeaderElection202] INFO  impl.RaftServerImpl (RaftServerImpl.java:setRole(174)) - 869fbf5b-cbbd-43c6-9f26-156c5192e660@group-19F276FA9099: changes role from CANDIDATE to FOLLOWER at term 1 for DISCOVERED_A_NEW_TERM
2019-10-09 13:13:49,713 [869fbf5b-cbbd-43c6-9f26-156c5192e660@group-19F276FA9099:LeaderElection202] INFO  impl.RoleInfo (RoleInfo.java:shutdownLeaderElection(134)) - 869fbf5b-cbbd-43c6-9f26-156c5192e660: shutdown LeaderElection
2019-10-09 13:13:49,713 [869fbf5b-cbbd-43c6-9f26-156c5192e660@group-DC31737E2860:LeaderElection201] INFO  impl.RoleInfo (RoleInfo.java:shutdownLeaderElection(134)) - 869fbf5b-cbbd-43c6-9f26-156c5192e660: shutdown LeaderElection
2019-10-09 13:13:49,713 [96acbf61-3ece-4d83-9836-a217fb58817a@group-19F276FA9099:LeaderElection206] INFO  impl.RoleInfo (RoleInfo.java:updateAndGet(143)) - 96acbf61-3ece-4d83-9836-a217fb58817a: start FollowerState
2019-10-09 13:13:49,714 [869fbf5b-cbbd-43c6-9f26-156c5192e660@group-DC31737E2860:LeaderElection201] INFO  impl.RoleInfo (RoleInfo.java:updateAndGet(143)) - 869fbf5b-cbbd-43c6-9f26-156c5192e660: start FollowerState
2019-10-09 13:13:49,714 [869fbf5b-cbbd-43c6-9f26-156c5192e660@group-19F276FA9099:LeaderElection202] INFO  impl.RoleInfo (RoleInfo.java:updateAndGet(143)) - 869fbf5b-cbbd-43c6-9f26-156c5192e660: start FollowerState
2019-10-09 13:13:49,713 [162534dc-93d9-4206-ab1e-9268955c7aca@group-DC31737E2860:LeaderElection205] INFO  impl.LeaderElection (LeaderElection.java:logAndReturn(56)) - 162534dc-93d9-4206-ab1e-9268955c7aca@group-DC31737E2860:LeaderElection205: Election REJECTED; received 2 response(s) [162534dc-93d9-4206-ab1e-9268955c7aca<-96acbf61-3ece-4d83-9836-a217fb58817a#0:FAIL-t1, 162534dc-93d9-4206-ab1e-9268955c7aca<-869fbf5b-cbbd-43c6-9f26-156c5192e660#0:FAIL-t1] and 0 exception(s); 162534dc-93d9-4206-ab1e-9268955c7aca@group-DC31737E2860:t1, leader=null, voted=162534dc-93d9-4206-ab1e-9268955c7aca, raftlog=162534dc-93d9-4206-ab1e-9268955c7aca@group-DC31737E2860-SegmentedRaftLog:OPENED:c-1,f-1,i0, conf=-1: [96acbf61-3ece-4d83-9836-a217fb58817a:192.168.5.175:35650, 162534dc-93d9-4206-ab1e-9268955c7aca:192.168.5.175:32957, 869fbf5b-cbbd-43c6-9f26-156c5192e660:192.168.5.175:43498], old=null
2019-10-09 13:13:49,714 [162534dc-93d9-4206-ab1e-9268955c7aca@group-DC31737E2860:LeaderElection205] INFO  impl.RaftServerImpl (RaftServerImpl.java:setRole(174)) - 162534dc-93d9-4206-ab1e-9268955c7aca@group-DC31737E2860: changes role from CANDIDATE to FOLLOWER at term 1 for DISCOVERED_A_NEW_TERM
2019-10-09 13:13:49,714 [162534dc-93d9-4206-ab1e-9268955c7aca@group-DC31737E2860:LeaderElection205] INFO  impl.RoleInfo (RoleInfo.java:shutdownLeaderElection(134)) - 162534dc-93d9-4206-ab1e-9268955c7aca: shutdown LeaderElection
2019-10-09 13:13:49,715 [162534dc-93d9-4206-ab1e-9268955c7aca@group-DC31737E2860:LeaderElection205] INFO  impl.RoleInfo (RoleInfo.java:updateAndGet(143)) - 162534dc-93d9-4206-ab1e-9268955c7aca: start FollowerState
2019-10-09 13:13:49,715 [162534dc-93d9-4206-ab1e-9268955c7aca@group-19F276FA9099:LeaderElection203] INFO  impl.LeaderElection (LeaderElection.java:logAndReturn(56)) - 162534dc-93d9-4206-ab1e-9268955c7aca@group-19F276FA9099:LeaderElection203: Election REJECTED; received 2 response(s) [162534dc-93d9-4206-ab1e-9268955c7aca<-96acbf61-3ece-4d83-9836-a217fb58817a#0:FAIL-t1, 162534dc-93d9-4206-ab1e-9268955c7aca<-869fbf5b-cbbd-43c6-9f26-156c5192e660#0:FAIL-t1] and 0 exception(s); 162534dc-93d9-4206-ab1e-9268955c7aca@group-19F276FA9099:t1, leader=null, voted=162534dc-93d9-4206-ab1e-9268955c7aca, raftlog=162534dc-93d9-4206-ab1e-9268955c7aca@group-19F276FA9099-SegmentedRaftLog:OPENED:c-1,f-1,i0, conf=-1: [96acbf61-3ece-4d83-9836-a217fb58817a:192.168.5.175:35650, 162534dc-93d9-4206-ab1e-9268955c7aca:192.168.5.175:32957, 869fbf5b-cbbd-43c6-9f26-156c5192e660:192.168.5.175:43498], old=null
2019-10-09 13:13:49,715 [162534dc-93d9-4206-ab1e-9268955c7aca@group-19F276FA9099:LeaderElection203] INFO  impl.RaftServerImpl (RaftServerImpl.java:setRole(174)) - 162534dc-93d9-4206-ab1e-9268955c7aca@group-19F276FA9099: changes role from CANDIDATE to FOLLOWER at term 1 for DISCOVERED_A_NEW_TERM
2019-10-09 13:13:49,715 [162534dc-93d9-4206-ab1e-9268955c7aca@group-19F276FA9099:LeaderElection203] INFO  impl.RoleInfo (RoleInfo.java:shutdownLeaderElection(134)) - 162534dc-93d9-4206-ab1e-9268955c7aca: shutdown LeaderElection
2019-10-09 13:13:49,715 [162534dc-93d9-4206-ab1e-9268955c7aca@group-19F276FA9099:LeaderElection203] INFO  impl.RoleInfo (RoleInfo.java:updateAndGet(143)) - 162534dc-93d9-4206-ab1e-9268955c7aca: start FollowerState
2019-10-09 13:13:49,720 [162534dc-93d9-4206-ab1e-9268955c7aca@group-986902F1898E:LeaderElection209] INFO  impl.LeaderElection (LeaderElection.java:logAndReturn(56)) - 162534dc-93d9-4206-ab1e-9268955c7aca@group-986902F1898E:LeaderElection209: Election REJECTED; received 2 response(s) [162534dc-93d9-4206-ab1e-9268955c7aca<-96acbf61-3ece-4d83-9836-a217fb58817a#0:FAIL-t1, 162534dc-93d9-4206-ab1e-9268955c7aca<-869fbf5b-cbbd-43c6-9f26-156c5192e660#0:FAIL-t1] and 0 exception(s); 162534dc-93d9-4206-ab1e-9268955c7aca@group-986902F1898E:t1, leader=null, voted=162534dc-93d9-4206-ab1e-9268955c7aca, raftlog=162534dc-93d9-4206-ab1e-9268955c7aca@group-986902F1898E-SegmentedRaftLog:OPENED:c-1,f-1,i0, conf=-1: [96acbf61-3ece-4d83-9836-a217fb58817a:192.168.5.175:35650, 162534dc-93d9-4206-ab1e-9268955c7aca:192.168.5.175:32957, 869fbf5b-cbbd-43c6-9f26-156c5192e660:192.168.5.175:43498], old=null
2019-10-09 13:13:49,720 [96acbf61-3ece-4d83-9836-a217fb58817a@group-FB9E4996B38B:LeaderElection207] INFO  impl.LeaderElection (LeaderElection.java:logAndReturn(56)) - 96acbf61-3ece-4d83-9836-a217fb58817a@group-FB9E4996B38B:LeaderElection207: Election PASSED; received 1 response(s) [96acbf61-3ece-4d83-9836-a217fb58817a<-869fbf5b-cbbd-43c6-9f26-156c5192e660#0:OK-t1] and 0 exception(s); 96acbf61-3ece-4d83-9836-a217fb58817a@group-FB9E4996B38B:t1, leader=null, voted=96acbf61-3ece-4d83-9836-a217fb58817a, raftlog=96acbf61-3ece-4d83-9836-a217fb58817a@group-FB9E4996B38B-SegmentedRaftLog:OPENED:c-1,f-1,i0, conf=-1: [96acbf61-3ece-4d83-9836-a217fb58817a:192.168.5.175:35650, 162534dc-93d9-4206-ab1e-9268955c7aca:192.168.5.175:32957, 869fbf5b-cbbd-43c6-9f26-156c5192e660:192.168.5.175:43498], old=null
2019-10-09 13:13:49,720 [96acbf61-3ece-4d83-9836-a217fb58817a@group-986902F1898E:LeaderElection204] INFO  impl.LeaderElection (LeaderElection.java:logAndReturn(56)) - 96acbf61-3ece-4d83-9836-a217fb58817a@group-986902F1898E:LeaderElection204: Election PASSED; received 2 response(s) [96acbf61-3ece-4d83-9836-a217fb58817a<-162534dc-93d9-4206-ab1e-9268955c7aca#0:FAIL-t1, 96acbf61-3ece-4d83-9836-a217fb58817a<-869fbf5b-cbbd-43c6-9f26-156c5192e660#0:OK-t1] and 0 exception(s); 96acbf61-3ece-4d83-9836-a217fb58817a@group-986902F1898E:t1, leader=null, voted=96acbf61-3ece-4d83-9836-a217fb58817a, raftlog=96acbf61-3ece-4d83-9836-a217fb58817a@group-986902F1898E-SegmentedRaftLog:OPENED:c-1,f-1,i0, conf=-1: [96acbf61-3ece-4d83-9836-a217fb58817a:192.168.5.175:35650, 162534dc-93d9-4206-ab1e-9268955c7aca:192.168.5.175:32957, 869fbf5b-cbbd-43c6-9f26-156c5192e660:192.168.5.175:43498], old=null
2019-10-09 13:13:49,720 [96acbf61-3ece-4d83-9836-a217fb58817a@group-FB9E4996B38B:LeaderElection207] INFO  impl.RoleInfo (RoleInfo.java:shutdownLeaderElection(134)) - 96acbf61-3ece-4d83-9836-a217fb58817a: shutdown LeaderElection
2019-10-09 13:13:49,720 [162534dc-93d9-4206-ab1e-9268955c7aca@group-986902F1898E:LeaderElection209] INFO  impl.RaftServerImpl (RaftServerImpl.java:setRole(174)) - 162534dc-93d9-4206-ab1e-9268955c7aca@group-986902F1898E: changes role from CANDIDATE to FOLLOWER at term 1 for DISCOVERED_A_NEW_TERM
2019-10-09 13:13:49,720 [96acbf61-3ece-4d83-9836-a217fb58817a@group-FB9E4996B38B:LeaderElection207] INFO  impl.RaftServerImpl (RaftServerImpl.java:setRole(174)) - 96acbf61-3ece-4d83-9836-a217fb58817a@group-FB9E4996B38B: changes role from CANDIDATE to LEADER at term 1 for changeToLeader
2019-10-09 13:13:49,720 [96acbf61-3ece-4d83-9836-a217fb58817a@group-FB9E4996B38B:LeaderElection207] INFO  impl.RaftServerImpl (ServerState.java:setLeader(253)) - 96acbf61-3ece-4d83-9836-a217fb58817a@group-FB9E4996B38B: change Leader from null to 96acbf61-3ece-4d83-9836-a217fb58817a at term 1 for becomeLeader, leader elected after 6053ms
2019-10-09 13:13:49,720 [96acbf61-3ece-4d83-9836-a217fb58817a@group-986902F1898E:LeaderElection204] INFO  impl.RoleInfo (RoleInfo.java:shutdownLeaderElection(134)) - 96acbf61-3ece-4d83-9836-a217fb58817a: shutdown LeaderElection
2019-10-09 13:13:49,720 [96acbf61-3ece-4d83-9836-a217fb58817a@group-FB9E4996B38B:LeaderElection207] INFO  server.RaftServerConfigKeys (ConfUtils.java:logGet(43)) - raft.server.staging.catchup.gap = 1000 (default)
2019-10-09 13:13:49,720 [162534dc-93d9-4206-ab1e-9268955c7aca@group-986902F1898E:LeaderElection209] INFO  impl.RoleInfo (RoleInfo.java:shutdownLeaderElection(134)) - 162534dc-93d9-4206-ab1e-9268955c7aca: shutdown LeaderElection
2019-10-09 13:13:49,721 [96acbf61-3ece-4d83-9836-a217fb58817a@group-FB9E4996B38B:LeaderElection207] INFO  server.RaftServerConfigKeys (ConfUtils.java:logGet(43)) - raft.server.rpc.sleep.time = 25ms (default)
2019-10-09 13:13:49,720 [96acbf61-3ece-4d83-9836-a217fb58817a@group-986902F1898E:LeaderElection204] INFO  impl.RaftServerImpl (RaftServerImpl.java:setRole(174)) - 96acbf61-3ece-4d83-9836-a217fb58817a@group-986902F1898E: changes role from CANDIDATE to LEADER at term 1 for changeToLeader
2019-10-09 13:13:49,721 [96acbf61-3ece-4d83-9836-a217fb58817a@group-FB9E4996B38B:LeaderElection207] INFO  server.RaftServerConfigKeys (ConfUtils.java:logGet(43)) - raft.server.write.element-limit = 4096 (default)
2019-10-09 13:13:49,721 [162534dc-93d9-4206-ab1e-9268955c7aca@group-986902F1898E:LeaderElection209] INFO  impl.RoleInfo (RoleInfo.java:updateAndGet(143)) - 162534dc-93d9-4206-ab1e-9268955c7aca: start FollowerState
2019-10-09 13:13:49,721 [96acbf61-3ece-4d83-9836-a217fb58817a@group-FB9E4996B38B:LeaderElection207] INFO  server.RaftServerConfigKeys (ConfUtils.java:logGet(43)) - raft.server.watch.timeout = 10s (default)
2019-10-09 13:13:49,721 [96acbf61-3ece-4d83-9836-a217fb58817a@group-986902F1898E:LeaderElection204] INFO  impl.RaftServerImpl (ServerState.java:setLeader(253)) - 96acbf61-3ece-4d83-9836-a217fb58817a@group-986902F1898E: change Leader from null to 96acbf61-3ece-4d83-9836-a217fb58817a at term 1 for becomeLeader, leader elected after 5959ms
2019-10-09 13:13:49,721 [96acbf61-3ece-4d83-9836-a217fb58817a@group-FB9E4996B38B:LeaderElection207] INFO  server.RaftServerConfigKeys (ConfUtils.java:logGet(43)) - raft.server.watch.timeout.denomination = 1s (default)
2019-10-09 13:13:49,721 [96acbf61-3ece-4d83-9836-a217fb58817a@group-986902F1898E:LeaderElection204] INFO  server.RaftServerConfigKeys (ConfUtils.java:logGet(43)) - raft.server.staging.catchup.gap = 1000 (default)
2019-10-09 13:13:49,721 [96acbf61-3ece-4d83-9836-a217fb58817a@group-FB9E4996B38B:LeaderElection207] INFO  server.RaftServerConfigKeys (ConfUtils.java:logGet(43)) - raft.server.watch.element-limit = 65536 (default)
2019-10-09 13:13:49,722 [96acbf61-3ece-4d83-9836-a217fb58817a@group-986902F1898E:LeaderElection204] INFO  server.RaftServerConfigKeys (ConfUtils.java:logGet(43)) - raft.server.rpc.sleep.time = 25ms (default)
2019-10-09 13:13:49,722 [96acbf61-3ece-4d83-9836-a217fb58817a@group-986902F1898E:LeaderElection204] INFO  server.RaftServerConfigKeys (ConfUtils.java:logGet(43)) - raft.server.write.element-limit = 4096 (default)
2019-10-09 13:13:49,722 [96acbf61-3ece-4d83-9836-a217fb58817a@group-986902F1898E:LeaderElection204] INFO  server.RaftServerConfigKeys (ConfUtils.java:logGet(43)) - raft.server.watch.timeout = 10s (default)
2019-10-09 13:13:49,722 [96acbf61-3ece-4d83-9836-a217fb58817a@group-986902F1898E:LeaderElection204] INFO  server.RaftServerConfigKeys (ConfUtils.java:logGet(43)) - raft.server.watch.timeout.denomination = 1s (default)
2019-10-09 13:13:49,722 [96acbf61-3ece-4d83-9836-a217fb58817a@group-986902F1898E:LeaderElection204] INFO  server.RaftServerConfigKeys (ConfUtils.java:logGet(43)) - raft.server.watch.element-limit = 65536 (default)
2019-10-09 13:13:49,724 [96acbf61-3ece-4d83-9836-a217fb58817a@group-FB9E4996B38B:LeaderElection207] INFO  server.RaftServerConfigKeys (ConfUtils.java:logGet(43)) - raft.server.log.appender.snapshot.chunk.size.max = 16MB (=16777216) (default)
2019-10-09 13:13:49,724 [96acbf61-3ece-4d83-9836-a217fb58817a@group-FB9E4996B38B:LeaderElection207] INFO  server.RaftServerConfigKeys (ConfUtils.java:logGet(43)) - raft.server.log.appender.buffer.byte-limit = 33554432 (custom)
2019-10-09 13:13:49,724 [96acbf61-3ece-4d83-9836-a217fb58817a@group-FB9E4996B38B:LeaderElection207] INFO  server.RaftServerConfigKeys (ConfUtils.java:logGet(43)) - raft.server.log.appender.buffer.element-limit = 1 (custom)
2019-10-09 13:13:49,724 [96acbf61-3ece-4d83-9836-a217fb58817a@group-986902F1898E:LeaderElection204] INFO  server.RaftServerConfigKeys (ConfUtils.java:logGet(43)) - raft.server.log.appender.snapshot.chunk.size.max = 16MB (=16777216) (default)
2019-10-09 13:13:49,724 [96acbf61-3ece-4d83-9836-a217fb58817a@group-FB9E4996B38B:LeaderElection207] INFO  grpc.GrpcConfigKeys$Server (ConfUtils.java:logGet(43)) - raft.grpc.server.leader.outstanding.appends.max = 128 (default)
2019-10-09 13:13:49,725 [96acbf61-3ece-4d83-9836-a217fb58817a@group-986902F1898E:LeaderElection204] INFO  server.RaftServerConfigKeys (ConfUtils.java:logGet(43)) - raft.server.log.appender.buffer.byte-limit = 33554432 (custom)
2019-10-09 13:13:49,725 [96acbf61-3ece-4d83-9836-a217fb58817a@group-FB9E4996B38B:LeaderElection207] INFO  server.RaftServerConfigKeys (ConfUtils.java:logGet(43)) - raft.server.rpc.request.timeout = 3000ms (default)
2019-10-09 13:13:49,725 [96acbf61-3ece-4d83-9836-a217fb58817a@group-986902F1898E:LeaderElection204] INFO  server.RaftServerConfigKeys (ConfUtils.java:logGet(43)) - raft.server.log.appender.buffer.element-limit = 1 (custom)
2019-10-09 13:13:49,725 [96acbf61-3ece-4d83-9836-a217fb58817a@group-FB9E4996B38B:LeaderElection207] INFO  server.RaftServerConfigKeys (ConfUtils.java:logGet(43)) - raft.server.log.appender.install.snapshot.enabled = false (custom)
2019-10-09 13:13:49,725 [96acbf61-3ece-4d83-9836-a217fb58817a@group-986902F1898E:LeaderElection204] INFO  grpc.GrpcConfigKeys$Server (ConfUtils.java:logGet(43)) - raft.grpc.server.leader.outstanding.appends.max = 128 (default)
2019-10-09 13:13:49,725 [96acbf61-3ece-4d83-9836-a217fb58817a@group-FB9E4996B38B:LeaderElection207] INFO  server.RaftServerConfigKeys (ConfUtils.java:logGet(43)) - raft.server.log.appender.snapshot.chunk.size.max = 16MB (=16777216) (default)
2019-10-09 13:13:49,725 [96acbf61-3ece-4d83-9836-a217fb58817a@group-986902F1898E:LeaderElection204] INFO  server.RaftServerConfigKeys (ConfUtils.java:logGet(43)) - raft.server.rpc.request.timeout = 3000ms (default)
2019-10-09 13:13:49,726 [96acbf61-3ece-4d83-9836-a217fb58817a@group-FB9E4996B38B:LeaderElection207] INFO  server.RaftServerConfigKeys (ConfUtils.java:logGet(43)) - raft.server.log.appender.buffer.byte-limit = 33554432 (custom)
2019-10-09 13:13:49,726 [96acbf61-3ece-4d83-9836-a217fb58817a@group-986902F1898E:LeaderElection204] INFO  server.RaftServerConfigKeys (ConfUtils.java:logGet(43)) - raft.server.log.appender.install.snapshot.enabled = false (custom)
2019-10-09 13:13:49,726 [96acbf61-3ece-4d83-9836-a217fb58817a@group-FB9E4996B38B:LeaderElection207] INFO  server.RaftServerConfigKeys (ConfUtils.java:logGet(43)) - raft.server.log.appender.buffer.element-limit = 1 (custom)
2019-10-09 13:13:49,726 [96acbf61-3ece-4d83-9836-a217fb58817a@group-986902F1898E:LeaderElection204] INFO  server.RaftServerConfigKeys (ConfUtils.java:logGet(43)) - raft.server.log.appender.snapshot.chunk.size.max = 16MB (=16777216) (default)
2019-10-09 13:13:49,726 [96acbf61-3ece-4d83-9836-a217fb58817a@group-FB9E4996B38B:LeaderElection207] INFO  grpc.GrpcConfigKeys$Server (ConfUtils.java:logGet(43)) - raft.grpc.server.leader.outstanding.appends.max = 128 (default)
2019-10-09 13:13:49,726 [96acbf61-3ece-4d83-9836-a217fb58817a@group-986902F1898E:LeaderElection204] INFO  server.RaftServerConfigKeys (ConfUtils.java:logGet(43)) - raft.server.log.appender.buffer.byte-limit = 33554432 (custom)
2019-10-09 13:13:49,727 [96acbf61-3ece-4d83-9836-a217fb58817a@group-FB9E4996B38B:LeaderElection207] INFO  server.RaftServerConfigKeys (ConfUtils.java:logGet(43)) - raft.server.rpc.request.timeout = 3000ms (default)
2019-10-09 13:13:49,727 [96acbf61-3ece-4d83-9836-a217fb58817a@group-986902F1898E:LeaderElection204] INFO  server.RaftServerConfigKeys (ConfUtils.java:logGet(43)) - raft.server.log.appender.buffer.element-limit = 1 (custom)
2019-10-09 13:13:49,727 [96acbf61-3ece-4d83-9836-a217fb58817a@group-FB9E4996B38B:LeaderElection207] INFO  server.RaftServerConfigKeys (ConfUtils.java:logGet(43)) - raft.server.log.appender.install.snapshot.enabled = false (custom)
2019-10-09 13:13:49,727 [96acbf61-3ece-4d83-9836-a217fb58817a@group-986902F1898E:LeaderElection204] INFO  grpc.GrpcConfigKeys$Server (ConfUtils.java:logGet(43)) - raft.grpc.server.leader.outstanding.appends.max = 128 (default)
2019-10-09 13:13:49,727 [96acbf61-3ece-4d83-9836-a217fb58817a@group-FB9E4996B38B:LeaderElection207] INFO  impl.RoleInfo (RoleInfo.java:updateAndGet(143)) - 96acbf61-3ece-4d83-9836-a217fb58817a: start LeaderState
2019-10-09 13:13:49,727 [96acbf61-3ece-4d83-9836-a217fb58817a@group-986902F1898E:LeaderElection204] INFO  server.RaftServerConfigKeys (ConfUtils.java:logGet(43)) - raft.server.rpc.request.timeout = 3000ms (default)
2019-10-09 13:13:49,728 [96acbf61-3ece-4d83-9836-a217fb58817a@group-FB9E4996B38B:LeaderElection207] INFO  segmented.SegmentedRaftLogWorker (SegmentedRaftLogWorker.java:startLogSegment(380)) - 96acbf61-3ece-4d83-9836-a217fb58817a@group-FB9E4996B38B-SegmentedRaftLogWorker: Starting segment from index:0
2019-10-09 13:13:49,728 [96acbf61-3ece-4d83-9836-a217fb58817a@group-986902F1898E:LeaderElection204] INFO  server.RaftServerConfigKeys (ConfUtils.java:logGet(43)) - raft.server.log.appender.install.snapshot.enabled = false (custom)
2019-10-09 13:13:49,728 [96acbf61-3ece-4d83-9836-a217fb58817a@group-986902F1898E:LeaderElection204] INFO  impl.RoleInfo (RoleInfo.java:updateAndGet(143)) - 96acbf61-3ece-4d83-9836-a217fb58817a: start LeaderState
2019-10-09 13:13:49,728 [96acbf61-3ece-4d83-9836-a217fb58817a@group-986902F1898E:LeaderElection204] INFO  segmented.SegmentedRaftLogWorker (SegmentedRaftLogWorker.java:startLogSegment(380)) - 96acbf61-3ece-4d83-9836-a217fb58817a@group-986902F1898E-SegmentedRaftLogWorker: Starting segment from index:0
2019-10-09 13:13:49,728 [96acbf61-3ece-4d83-9836-a217fb58817a@group-FB9E4996B38B:LeaderElection207] INFO  impl.RaftServerImpl (ServerState.java:setRaftConf(354)) - 96acbf61-3ece-4d83-9836-a217fb58817a@group-FB9E4996B38B: set configuration 0: [96acbf61-3ece-4d83-9836-a217fb58817a:192.168.5.175:35650, 162534dc-93d9-4206-ab1e-9268955c7aca:192.168.5.175:32957, 869fbf5b-cbbd-43c6-9f26-156c5192e660:192.168.5.175:43498], old=null at 0
2019-10-09 13:13:49,729 [96acbf61-3ece-4d83-9836-a217fb58817a@group-986902F1898E:LeaderElection204] INFO  impl.RaftServerImpl (ServerState.java:setRaftConf(354)) - 96acbf61-3ece-4d83-9836-a217fb58817a@group-986902F1898E: set configuration 0: [96acbf61-3ece-4d83-9836-a217fb58817a:192.168.5.175:35650, 162534dc-93d9-4206-ab1e-9268955c7aca:192.168.5.175:32957, 869fbf5b-cbbd-43c6-9f26-156c5192e660:192.168.5.175:43498], old=null at 0
2019-10-09 13:13:49,779 [grpc-default-executor-24] INFO  impl.RaftServerImpl (ServerState.java:setLeader(253)) - 162534dc-93d9-4206-ab1e-9268955c7aca@group-FB9E4996B38B: change Leader from null to 96acbf61-3ece-4d83-9836-a217fb58817a at term 1 for appendEntries, leader elected after 6111ms
2019-10-09 13:13:49,784 [grpc-default-executor-33] INFO  impl.RaftServerImpl (ServerState.java:setLeader(253)) - 162534dc-93d9-4206-ab1e-9268955c7aca@group-986902F1898E: change Leader from null to 96acbf61-3ece-4d83-9836-a217fb58817a at term 1 for appendEntries, leader elected after 6021ms
2019-10-09 13:13:49,784 [grpc-default-executor-24] INFO  impl.RaftServerImpl (ServerState.java:setLeader(253)) - 869fbf5b-cbbd-43c6-9f26-156c5192e660@group-986902F1898E: change Leader from null to 96acbf61-3ece-4d83-9836-a217fb58817a at term 1 for appendEntries, leader elected after 6022ms
2019-10-09 13:13:49,785 [grpc-default-executor-30] INFO  impl.RaftServerImpl (ServerState.java:setLeader(253)) - 869fbf5b-cbbd-43c6-9f26-156c5192e660@group-FB9E4996B38B: change Leader from null to 96acbf61-3ece-4d83-9836-a217fb58817a at term 1 for appendEntries, leader elected after 6117ms
2019-10-09 13:13:49,785 [grpc-default-executor-15] INFO  impl.RaftServerImpl (ServerState.java:setRaftConf(354)) - 162534dc-93d9-4206-ab1e-9268955c7aca@group-FB9E4996B38B: set configuration 0: [96acbf61-3ece-4d83-9836-a217fb58817a:192.168.5.175:35650, 162534dc-93d9-4206-ab1e-9268955c7aca:192.168.5.175:32957, 869fbf5b-cbbd-43c6-9f26-156c5192e660:192.168.5.175:43498], old=null at 0
2019-10-09 13:13:49,785 [grpc-default-executor-15] INFO  segmented.SegmentedRaftLogWorker (SegmentedRaftLogWorker.java:startLogSegment(380)) - 162534dc-93d9-4206-ab1e-9268955c7aca@group-FB9E4996B38B-SegmentedRaftLogWorker: Starting segment from index:0
2019-10-09 13:13:49,789 [grpc-default-executor-30] INFO  impl.RaftServerImpl (ServerState.java:setRaftConf(354)) - 162534dc-93d9-4206-ab1e-9268955c7aca@group-986902F1898E: set configuration 0: [96acbf61-3ece-4d83-9836-a217fb58817a:192.168.5.175:35650, 162534dc-93d9-4206-ab1e-9268955c7aca:192.168.5.175:32957, 869fbf5b-cbbd-43c6-9f26-156c5192e660:192.168.5.175:43498], old=null at 0
2019-10-09 13:13:49,789 [grpc-default-executor-30] INFO  segmented.SegmentedRaftLogWorker (SegmentedRaftLogWorker.java:startLogSegment(380)) - 162534dc-93d9-4206-ab1e-9268955c7aca@group-986902F1898E-SegmentedRaftLogWorker: Starting segment from index:0
2019-10-09 13:13:49,789 [grpc-default-executor-24] INFO  impl.RaftServerImpl (ServerState.java:setRaftConf(354)) - 869fbf5b-cbbd-43c6-9f26-156c5192e660@group-FB9E4996B38B: set configuration 0: [96acbf61-3ece-4d83-9836-a217fb58817a:192.168.5.175:35650, 162534dc-93d9-4206-ab1e-9268955c7aca:192.168.5.175:32957, 869fbf5b-cbbd-43c6-9f26-156c5192e660:192.168.5.175:43498], old=null at 0
2019-10-09 13:13:49,789 [grpc-default-executor-15] INFO  impl.RaftServerImpl (ServerState.java:setRaftConf(354)) - 869fbf5b-cbbd-43c6-9f26-156c5192e660@group-986902F1898E: set configuration 0: [96acbf61-3ece-4d83-9836-a217fb58817a:192.168.5.175:35650, 162534dc-93d9-4206-ab1e-9268955c7aca:192.168.5.175:32957, 869fbf5b-cbbd-43c6-9f26-156c5192e660:192.168.5.175:43498], old=null at 0
2019-10-09 13:13:49,790 [grpc-default-executor-24] INFO  segmented.SegmentedRaftLogWorker (SegmentedRaftLogWorker.java:startLogSegment(380)) - 869fbf5b-cbbd-43c6-9f26-156c5192e660@group-FB9E4996B38B-SegmentedRaftLogWorker: Starting segment from index:0
2019-10-09 13:13:49,790 [grpc-default-executor-15] INFO  segmented.SegmentedRaftLogWorker (SegmentedRaftLogWorker.java:startLogSegment(380)) - 869fbf5b-cbbd-43c6-9f26-156c5192e660@group-986902F1898E-SegmentedRaftLogWorker: Starting segment from index:0
2019-10-09 13:13:49,792 [96acbf61-3ece-4d83-9836-a217fb58817a@group-986902F1898E-SegmentedRaftLogWorker] INFO  segmented.SegmentedRaftLogWorker (SegmentedRaftLogWorker.java:execute(569)) - 96acbf61-3ece-4d83-9836-a217fb58817a@group-986902F1898E-SegmentedRaftLogWorker: created new log segment /workdir/hadoop-ozone/integration-test/target/test-dir/MiniOzoneClusterImpl-77992fd3-8e8a-426b-8566-445f44124f00/datanode-1/data/ratis/c28971ae-95cf-4532-9b4f-986902f1898e/current/log_inprogress_0
2019-10-09 13:13:49,792 [96acbf61-3ece-4d83-9836-a217fb58817a@group-FB9E4996B38B-SegmentedRaftLogWorker] INFO  segmented.SegmentedRaftLogWorker (SegmentedRaftLogWorker.java:execute(569)) - 96acbf61-3ece-4d83-9836-a217fb58817a@group-FB9E4996B38B-SegmentedRaftLogWorker: created new log segment /workdir/hadoop-ozone/integration-test/target/test-dir/MiniOzoneClusterImpl-77992fd3-8e8a-426b-8566-445f44124f00/datanode-1/data/ratis/3d847b10-3720-43c7-819e-fb9e4996b38b/current/log_inprogress_0
2019-10-09 13:13:49,838 [162534dc-93d9-4206-ab1e-9268955c7aca@group-FB9E4996B38B-SegmentedRaftLogWorker] INFO  segmented.SegmentedRaftLogWorker (SegmentedRaftLogWorker.java:execute(569)) - 162534dc-93d9-4206-ab1e-9268955c7aca@group-FB9E4996B38B-SegmentedRaftLogWorker: created new log segment /workdir/hadoop-ozone/integration-test/target/test-dir/MiniOzoneClusterImpl-77992fd3-8e8a-426b-8566-445f44124f00/datanode-4/data/ratis/3d847b10-3720-43c7-819e-fb9e4996b38b/current/log_inprogress_0
2019-10-09 13:13:49,838 [869fbf5b-cbbd-43c6-9f26-156c5192e660@group-986902F1898E-SegmentedRaftLogWorker] INFO  segmented.SegmentedRaftLogWorker (SegmentedRaftLogWorker.java:execute(569)) - 869fbf5b-cbbd-43c6-9f26-156c5192e660@group-986902F1898E-SegmentedRaftLogWorker: created new log segment /workdir/hadoop-ozone/integration-test/target/test-dir/MiniOzoneClusterImpl-77992fd3-8e8a-426b-8566-445f44124f00/datanode-3/data/ratis/c28971ae-95cf-4532-9b4f-986902f1898e/current/log_inprogress_0
2019-10-09 13:13:49,838 [869fbf5b-cbbd-43c6-9f26-156c5192e660@group-FB9E4996B38B-SegmentedRaftLogWorker] INFO  segmented.SegmentedRaftLogWorker (SegmentedRaftLogWorker.java:execute(569)) - 869fbf5b-cbbd-43c6-9f26-156c5192e660@group-FB9E4996B38B-SegmentedRaftLogWorker: created new log segment /workdir/hadoop-ozone/integration-test/target/test-dir/MiniOzoneClusterImpl-77992fd3-8e8a-426b-8566-445f44124f00/datanode-3/data/ratis/3d847b10-3720-43c7-819e-fb9e4996b38b/current/log_inprogress_0
2019-10-09 13:13:49,838 [162534dc-93d9-4206-ab1e-9268955c7aca@group-986902F1898E-SegmentedRaftLogWorker] INFO  segmented.SegmentedRaftLogWorker (SegmentedRaftLogWorker.java:execute(569)) - 162534dc-93d9-4206-ab1e-9268955c7aca@group-986902F1898E-SegmentedRaftLogWorker: created new log segment /workdir/hadoop-ozone/integration-test/target/test-dir/MiniOzoneClusterImpl-77992fd3-8e8a-426b-8566-445f44124f00/datanode-4/data/ratis/c28971ae-95cf-4532-9b4f-986902f1898e/current/log_inprogress_0
2019-10-09 13:13:54,198 [Thread-7239] INFO  impl.FollowerState (FollowerState.java:run(106)) - 96acbf61-3ece-4d83-9836-a217fb58817a:group-4A4B977E74D1 changes to CANDIDATE, lastRpcTime:10475, electionTimeout:5027ms
2019-10-09 13:13:54,198 [Thread-7239] INFO  impl.RoleInfo (RoleInfo.java:shutdownFollowerState(121)) - 96acbf61-3ece-4d83-9836-a217fb58817a: shutdown FollowerState
2019-10-09 13:13:54,198 [Thread-7239] INFO  impl.RaftServerImpl (RaftServerImpl.java:setRole(174)) - 96acbf61-3ece-4d83-9836-a217fb58817a@group-4A4B977E74D1: changes role from  FOLLOWER to CANDIDATE at term 0 for changeToCandidate
2019-10-09 13:13:54,198 [Thread-7239] INFO  impl.RoleInfo (RoleInfo.java:updateAndGet(143)) - 96acbf61-3ece-4d83-9836-a217fb58817a: start LeaderElection
2019-10-09 13:13:54,216 [96acbf61-3ece-4d83-9836-a217fb58817a@group-4A4B977E74D1:LeaderElection210] INFO  impl.LeaderElection (LeaderElection.java:askForVotes(182)) - 96acbf61-3ece-4d83-9836-a217fb58817a@group-4A4B977E74D1:LeaderElection210: begin an election at term 1 for -1: [96acbf61-3ece-4d83-9836-a217fb58817a:192.168.5.175:35650, 162534dc-93d9-4206-ab1e-9268955c7aca:192.168.5.175:32957, 869fbf5b-cbbd-43c6-9f26-156c5192e660:192.168.5.175:43498], old=null
2019-10-09 13:13:54,218 [grpc-default-executor-15] INFO  impl.RaftServerImpl (RaftServerImpl.java:setRole(174)) - 869fbf5b-cbbd-43c6-9f26-156c5192e660@group-4A4B977E74D1: changes role from  FOLLOWER to FOLLOWER at term 1 for recognizeCandidate:96acbf61-3ece-4d83-9836-a217fb58817a
2019-10-09 13:13:54,218 [grpc-default-executor-15] INFO  impl.RoleInfo (RoleInfo.java:shutdownFollowerState(121)) - 869fbf5b-cbbd-43c6-9f26-156c5192e660: shutdown FollowerState
2019-10-09 13:13:54,219 [grpc-default-executor-15] INFO  impl.RoleInfo (RoleInfo.java:updateAndGet(143)) - 869fbf5b-cbbd-43c6-9f26-156c5192e660: start FollowerState
2019-10-09 13:13:54,219 [grpc-default-executor-24] INFO  impl.RaftServerImpl (RaftServerImpl.java:setRole(174)) - 162534dc-93d9-4206-ab1e-9268955c7aca@group-4A4B977E74D1: changes role from  FOLLOWER to FOLLOWER at term 1 for recognizeCandidate:96acbf61-3ece-4d83-9836-a217fb58817a
2019-10-09 13:13:54,219 [Thread-7245] INFO  impl.FollowerState (FollowerState.java:run(115)) - 869fbf5b-cbbd-43c6-9f26-156c5192e660: FollowerState was interrupted: java.lang.InterruptedException: sleep interrupted
2019-10-09 13:13:54,219 [grpc-default-executor-24] INFO  impl.RoleInfo (RoleInfo.java:shutdownFollowerState(121)) - 162534dc-93d9-4206-ab1e-9268955c7aca: shutdown FollowerState
2019-10-09 13:13:54,219 [grpc-default-executor-24] INFO  impl.RoleInfo (RoleInfo.java:updateAndGet(143)) - 162534dc-93d9-4206-ab1e-9268955c7aca: start FollowerState
2019-10-09 13:13:54,219 [Thread-7243] INFO  impl.FollowerState (FollowerState.java:run(115)) - 162534dc-93d9-4206-ab1e-9268955c7aca: FollowerState was interrupted: java.lang.InterruptedException: sleep interrupted
2019-10-09 13:13:54,233 [96acbf61-3ece-4d83-9836-a217fb58817a@group-4A4B977E74D1:LeaderElection210] INFO  impl.LeaderElection (LeaderElection.java:logAndReturn(56)) - 96acbf61-3ece-4d83-9836-a217fb58817a@group-4A4B977E74D1:LeaderElection210: Election PASSED; received 1 response(s) [96acbf61-3ece-4d83-9836-a217fb58817a<-869fbf5b-cbbd-43c6-9f26-156c5192e660#0:OK-t1] and 0 exception(s); 96acbf61-3ece-4d83-9836-a217fb58817a@group-4A4B977E74D1:t1, leader=null, voted=96acbf61-3ece-4d83-9836-a217fb58817a, raftlog=96acbf61-3ece-4d83-9836-a217fb58817a@group-4A4B977E74D1-SegmentedRaftLog:OPENED:c-1,f-1,i0, conf=-1: [96acbf61-3ece-4d83-9836-a217fb58817a:192.168.5.175:35650, 162534dc-93d9-4206-ab1e-9268955c7aca:192.168.5.175:32957, 869fbf5b-cbbd-43c6-9f26-156c5192e660:192.168.5.175:43498], old=null
2019-10-09 13:13:54,233 [96acbf61-3ece-4d83-9836-a217fb58817a@group-4A4B977E74D1:LeaderElection210] INFO  impl.RoleInfo (RoleInfo.java:shutdownLeaderElection(134)) - 96acbf61-3ece-4d83-9836-a217fb58817a: shutdown LeaderElection
2019-10-09 13:13:54,233 [96acbf61-3ece-4d83-9836-a217fb58817a@group-4A4B977E74D1:LeaderElection210] INFO  impl.RaftServerImpl (RaftServerImpl.java:setRole(174)) - 96acbf61-3ece-4d83-9836-a217fb58817a@group-4A4B977E74D1: changes role from CANDIDATE to LEADER at term 1 for changeToLeader
2019-10-09 13:13:54,233 [96acbf61-3ece-4d83-9836-a217fb58817a@group-4A4B977E74D1:LeaderElection210] INFO  impl.RaftServerImpl (ServerState.java:setLeader(253)) - 96acbf61-3ece-4d83-9836-a217fb58817a@group-4A4B977E74D1: change Leader from null to 96acbf61-3ece-4d83-9836-a217fb58817a at term 1 for becomeLeader, leader elected after 10518ms
2019-10-09 13:13:54,234 [96acbf61-3ece-4d83-9836-a217fb58817a@group-4A4B977E74D1:LeaderElection210] INFO  server.RaftServerConfigKeys (ConfUtils.java:logGet(43)) - raft.server.staging.catchup.gap = 1000 (default)
2019-10-09 13:13:54,234 [Thread-7225] INFO  impl.FollowerState (FollowerState.java:run(106)) - 96acbf61-3ece-4d83-9836-a217fb58817a:group-227D833B6095 changes to CANDIDATE, lastRpcTime:10606, electionTimeout:5019ms
2019-10-09 13:13:54,234 [96acbf61-3ece-4d83-9836-a217fb58817a@group-4A4B977E74D1:LeaderElection210] INFO  server.RaftServerConfigKeys (ConfUtils.java:logGet(43)) - raft.server.rpc.sleep.time = 25ms (default)
2019-10-09 13:13:54,234 [Thread-7225] INFO  impl.RoleInfo (RoleInfo.java:shutdownFollowerState(121)) - 96acbf61-3ece-4d83-9836-a217fb58817a: shutdown FollowerState
2019-10-09 13:13:54,234 [96acbf61-3ece-4d83-9836-a217fb58817a@group-4A4B977E74D1:LeaderElection210] INFO  server.RaftServerConfigKeys (ConfUtils.java:logGet(43)) - raft.server.write.element-limit = 4096 (default)
2019-10-09 13:13:54,234 [Thread-7225] INFO  impl.RaftServerImpl (RaftServerImpl.java:setRole(174)) - 96acbf61-3ece-4d83-9836-a217fb58817a@group-227D833B6095: changes role from  FOLLOWER to CANDIDATE at term 0 for changeToCandidate
2019-10-09 13:13:54,234 [96acbf61-3ece-4d83-9836-a217fb58817a@group-4A4B977E74D1:LeaderElection210] INFO  server.RaftServerConfigKeys (ConfUtils.java:logGet(43)) - raft.server.watch.timeout = 10s (default)
2019-10-09 13:13:54,234 [Thread-7225] INFO  impl.RoleInfo (RoleInfo.java:updateAndGet(143)) - 96acbf61-3ece-4d83-9836-a217fb58817a: start LeaderElection
2019-10-09 13:13:54,234 [96acbf61-3ece-4d83-9836-a217fb58817a@group-4A4B977E74D1:LeaderElection210] INFO  server.RaftServerConfigKeys (ConfUtils.java:logGet(43)) - raft.server.watch.timeout.denomination = 1s (default)
2019-10-09 13:13:54,235 [96acbf61-3ece-4d83-9836-a217fb58817a@group-4A4B977E74D1:LeaderElection210] INFO  server.RaftServerConfigKeys (ConfUtils.java:logGet(43)) - raft.server.watch.element-limit = 65536 (default)
2019-10-09 13:13:54,240 [96acbf61-3ece-4d83-9836-a217fb58817a@group-4A4B977E74D1:LeaderElection210] INFO  server.RaftServerConfigKeys (ConfUtils.java:logGet(43)) - raft.server.log.appender.snapshot.chunk.size.max = 16MB (=16777216) (default)
2019-10-09 13:13:54,240 [96acbf61-3ece-4d83-9836-a217fb58817a@group-4A4B977E74D1:LeaderElection210] INFO  server.RaftServerConfigKeys (ConfUtils.java:logGet(43)) - raft.server.log.appender.buffer.byte-limit = 33554432 (custom)
2019-10-09 13:13:54,240 [96acbf61-3ece-4d83-9836-a217fb58817a@group-4A4B977E74D1:LeaderElection210] INFO  server.RaftServerConfigKeys (ConfUtils.java:logGet(43)) - raft.server.log.appender.buffer.element-limit = 1 (custom)
2019-10-09 13:13:54,240 [96acbf61-3ece-4d83-9836-a217fb58817a@group-4A4B977E74D1:LeaderElection210] INFO  grpc.GrpcConfigKeys$Server (ConfUtils.java:logGet(43)) - raft.grpc.server.leader.outstanding.appends.max = 128 (default)
2019-10-09 13:13:54,240 [96acbf61-3ece-4d83-9836-a217fb58817a@group-4A4B977E74D1:LeaderElection210] INFO  server.RaftServerConfigKeys (ConfUtils.java:logGet(43)) - raft.server.rpc.request.timeout = 3000ms (default)
2019-10-09 13:13:54,241 [96acbf61-3ece-4d83-9836-a217fb58817a@group-4A4B977E74D1:LeaderElection210] INFO  server.RaftServerConfigKeys (ConfUtils.java:logGet(43)) - raft.server.log.appender.install.snapshot.enabled = false (custom)
2019-10-09 13:13:54,241 [96acbf61-3ece-4d83-9836-a217fb58817a@group-4A4B977E74D1:LeaderElection210] INFO  server.RaftServerConfigKeys (ConfUtils.java:logGet(43)) - raft.server.log.appender.snapshot.chunk.size.max = 16MB (=16777216) (default)
2019-10-09 13:13:54,241 [96acbf61-3ece-4d83-9836-a217fb58817a@group-4A4B977E74D1:LeaderElection210] INFO  server.RaftServerConfigKeys (ConfUtils.java:logGet(43)) - raft.server.log.appender.buffer.byte-limit = 33554432 (custom)
2019-10-09 13:13:54,241 [96acbf61-3ece-4d83-9836-a217fb58817a@group-4A4B977E74D1:LeaderElection210] INFO  server.RaftServerConfigKeys (ConfUtils.java:logGet(43)) - raft.server.log.appender.buffer.element-limit = 1 (custom)
2019-10-09 13:13:54,241 [96acbf61-3ece-4d83-9836-a217fb58817a@group-4A4B977E74D1:LeaderElection210] INFO  grpc.GrpcConfigKeys$Server (ConfUtils.java:logGet(43)) - raft.grpc.server.leader.outstanding.appends.max = 128 (default)
2019-10-09 13:13:54,241 [96acbf61-3ece-4d83-9836-a217fb58817a@group-4A4B977E74D1:LeaderElection210] INFO  server.RaftServerConfigKeys (ConfUtils.java:logGet(43)) - raft.server.rpc.request.timeout = 3000ms (default)
2019-10-09 13:13:54,241 [96acbf61-3ece-4d83-9836-a217fb58817a@group-4A4B977E74D1:LeaderElection210] INFO  server.RaftServerConfigKeys (ConfUtils.java:logGet(43)) - raft.server.log.appender.install.snapshot.enabled = false (custom)
2019-10-09 13:13:54,242 [96acbf61-3ece-4d83-9836-a217fb58817a@group-4A4B977E74D1:LeaderElection210] INFO  impl.RoleInfo (RoleInfo.java:updateAndGet(143)) - 96acbf61-3ece-4d83-9836-a217fb58817a: start LeaderState
2019-10-09 13:13:54,242 [96acbf61-3ece-4d83-9836-a217fb58817a@group-4A4B977E74D1:LeaderElection210] INFO  segmented.SegmentedRaftLogWorker (SegmentedRaftLogWorker.java:startLogSegment(380)) - 96acbf61-3ece-4d83-9836-a217fb58817a@group-4A4B977E74D1-SegmentedRaftLogWorker: Starting segment from index:0
2019-10-09 13:13:54,242 [Thread-7223] INFO  impl.FollowerState (FollowerState.java:run(106)) - 869fbf5b-cbbd-43c6-9f26-156c5192e660:group-227D833B6095 changes to CANDIDATE, lastRpcTime:10616, electionTimeout:5032ms
2019-10-09 13:13:54,243 [Thread-7223] INFO  impl.RoleInfo (RoleInfo.java:shutdownFollowerState(121)) - 869fbf5b-cbbd-43c6-9f26-156c5192e660: shutdown FollowerState
2019-10-09 13:13:54,243 [Thread-7223] INFO  impl.RaftServerImpl (RaftServerImpl.java:setRole(174)) - 869fbf5b-cbbd-43c6-9f26-156c5192e660@group-227D833B6095: changes role from  FOLLOWER to CANDIDATE at term 0 for changeToCandidate
2019-10-09 13:13:54,243 [Thread-7223] INFO  impl.RoleInfo (RoleInfo.java:updateAndGet(143)) - 869fbf5b-cbbd-43c6-9f26-156c5192e660: start LeaderElection
2019-10-09 13:13:54,269 [96acbf61-3ece-4d83-9836-a217fb58817a@group-227D833B6095:LeaderElection211] INFO  impl.LeaderElection (LeaderElection.java:askForVotes(182)) - 96acbf61-3ece-4d83-9836-a217fb58817a@group-227D833B6095:LeaderElection211: begin an election at term 1 for -1: [162534dc-93d9-4206-ab1e-9268955c7aca:192.168.5.175:32957, 96acbf61-3ece-4d83-9836-a217fb58817a:192.168.5.175:35650, 869fbf5b-cbbd-43c6-9f26-156c5192e660:192.168.5.175:43498], old=null
2019-10-09 13:13:54,269 [96acbf61-3ece-4d83-9836-a217fb58817a@group-4A4B977E74D1:LeaderElection210] INFO  impl.RaftServerImpl (ServerState.java:setRaftConf(354)) - 96acbf61-3ece-4d83-9836-a217fb58817a@group-4A4B977E74D1: set configuration 0: [96acbf61-3ece-4d83-9836-a217fb58817a:192.168.5.175:35650, 162534dc-93d9-4206-ab1e-9268955c7aca:192.168.5.175:32957, 869fbf5b-cbbd-43c6-9f26-156c5192e660:192.168.5.175:43498], old=null at 0
2019-10-09 13:13:54,270 [grpc-default-executor-15] INFO  impl.RaftServerImpl (ServerState.java:setLeader(253)) - 869fbf5b-cbbd-43c6-9f26-156c5192e660@group-4A4B977E74D1: change Leader from null to 96acbf61-3ece-4d83-9836-a217fb58817a at term 1 for appendEntries, leader elected after 10555ms
2019-10-09 13:13:54,270 [grpc-default-executor-24] INFO  impl.RaftServerImpl (ServerState.java:setLeader(253)) - 162534dc-93d9-4206-ab1e-9268955c7aca@group-4A4B977E74D1: change Leader from null to 96acbf61-3ece-4d83-9836-a217fb58817a at term 1 for appendEntries, leader elected after 10555ms
2019-10-09 13:13:54,275 [grpc-default-executor-15] INFO  impl.RaftServerImpl (RaftServerImpl.java:setRole(174)) - 162534dc-93d9-4206-ab1e-9268955c7aca@group-227D833B6095: changes role from  FOLLOWER to FOLLOWER at term 1 for recognizeCandidate:96acbf61-3ece-4d83-9836-a217fb58817a
2019-10-09 13:13:54,275 [grpc-default-executor-15] INFO  impl.RoleInfo (RoleInfo.java:shutdownFollowerState(121)) - 162534dc-93d9-4206-ab1e-9268955c7aca: shutdown FollowerState
2019-10-09 13:13:54,275 [grpc-default-executor-15] INFO  impl.RoleInfo (RoleInfo.java:updateAndGet(143)) - 162534dc-93d9-4206-ab1e-9268955c7aca: start FollowerState
2019-10-09 13:13:54,275 [Thread-7226] INFO  impl.FollowerState (FollowerState.java:run(115)) - 162534dc-93d9-4206-ab1e-9268955c7aca: FollowerState was interrupted: java.lang.InterruptedException: sleep interrupted
2019-10-09 13:13:54,276 [grpc-default-executor-30] INFO  impl.RaftServerImpl (ServerState.java:setRaftConf(354)) - 162534dc-93d9-4206-ab1e-9268955c7aca@group-4A4B977E74D1: set configuration 0: [96acbf61-3ece-4d83-9836-a217fb58817a:192.168.5.175:35650, 162534dc-93d9-4206-ab1e-9268955c7aca:192.168.5.175:32957, 869fbf5b-cbbd-43c6-9f26-156c5192e660:192.168.5.175:43498], old=null at 0
2019-10-09 13:13:54,276 [grpc-default-executor-33] INFO  impl.RaftServerImpl (ServerState.java:setRaftConf(354)) - 869fbf5b-cbbd-43c6-9f26-156c5192e660@group-4A4B977E74D1: set configuration 0: [96acbf61-3ece-4d83-9836-a217fb58817a:192.168.5.175:35650, 162534dc-93d9-4206-ab1e-9268955c7aca:192.168.5.175:32957, 869fbf5b-cbbd-43c6-9f26-156c5192e660:192.168.5.175:43498], old=null at 0
2019-10-09 13:13:54,276 [grpc-default-executor-30] INFO  segmented.SegmentedRaftLogWorker (SegmentedRaftLogWorker.java:startLogSegment(380)) - 162534dc-93d9-4206-ab1e-9268955c7aca@group-4A4B977E74D1-SegmentedRaftLogWorker: Starting segment from index:0
2019-10-09 13:13:54,276 [grpc-default-executor-33] INFO  segmented.SegmentedRaftLogWorker (SegmentedRaftLogWorker.java:startLogSegment(380)) - 869fbf5b-cbbd-43c6-9f26-156c5192e660@group-4A4B977E74D1-SegmentedRaftLogWorker: Starting segment from index:0
2019-10-09 13:13:54,282 [96acbf61-3ece-4d83-9836-a217fb58817a@group-4A4B977E74D1-SegmentedRaftLogWorker] INFO  segmented.SegmentedRaftLogWorker (SegmentedRaftLogWorker.java:execute(569)) - 96acbf61-3ece-4d83-9836-a217fb58817a@group-4A4B977E74D1-SegmentedRaftLogWorker: created new log segment /workdir/hadoop-ozone/integration-test/target/test-dir/MiniOzoneClusterImpl-77992fd3-8e8a-426b-8566-445f44124f00/datanode-1/data/ratis/31436527-0db7-4839-a6a0-4a4b977e74d1/current/log_inprogress_0
2019-10-09 13:13:54,282 [869fbf5b-cbbd-43c6-9f26-156c5192e660@group-227D833B6095:LeaderElection212] INFO  impl.LeaderElection (LeaderElection.java:askForVotes(182)) - 869fbf5b-cbbd-43c6-9f26-156c5192e660@group-227D833B6095:LeaderElection212: begin an election at term 1 for -1: [162534dc-93d9-4206-ab1e-9268955c7aca:192.168.5.175:32957, 96acbf61-3ece-4d83-9836-a217fb58817a:192.168.5.175:35650, 869fbf5b-cbbd-43c6-9f26-156c5192e660:192.168.5.175:43498], old=null
2019-10-09 13:13:54,282 [96acbf61-3ece-4d83-9836-a217fb58817a@group-227D833B6095:LeaderElection211] INFO  impl.LeaderElection (LeaderElection.java:logAndReturn(56)) - 96acbf61-3ece-4d83-9836-a217fb58817a@group-227D833B6095:LeaderElection211: Election PASSED; received 2 response(s) [96acbf61-3ece-4d83-9836-a217fb58817a<-162534dc-93d9-4206-ab1e-9268955c7aca#0:OK-t1, 96acbf61-3ece-4d83-9836-a217fb58817a<-869fbf5b-cbbd-43c6-9f26-156c5192e660#0:FAIL-t1] and 0 exception(s); 96acbf61-3ece-4d83-9836-a217fb58817a@group-227D833B6095:t1, leader=null, voted=96acbf61-3ece-4d83-9836-a217fb58817a, raftlog=96acbf61-3ece-4d83-9836-a217fb58817a@group-227D833B6095-SegmentedRaftLog:OPENED:c-1,f-1,i0, conf=-1: [162534dc-93d9-4206-ab1e-9268955c7aca:192.168.5.175:32957, 96acbf61-3ece-4d83-9836-a217fb58817a:192.168.5.175:35650, 869fbf5b-cbbd-43c6-9f26-156c5192e660:192.168.5.175:43498], old=null
2019-10-09 13:13:54,282 [96acbf61-3ece-4d83-9836-a217fb58817a@group-227D833B6095:LeaderElection211] INFO  impl.RoleInfo (RoleInfo.java:shutdownLeaderElection(134)) - 96acbf61-3ece-4d83-9836-a217fb58817a: shutdown LeaderElection
2019-10-09 13:13:54,283 [96acbf61-3ece-4d83-9836-a217fb58817a@group-227D833B6095:LeaderElection211] INFO  impl.RaftServerImpl (RaftServerImpl.java:setRole(174)) - 96acbf61-3ece-4d83-9836-a217fb58817a@group-227D833B6095: changes role from CANDIDATE to LEADER at term 1 for changeToLeader
2019-10-09 13:13:54,283 [96acbf61-3ece-4d83-9836-a217fb58817a@group-227D833B6095:LeaderElection211] INFO  impl.RaftServerImpl (ServerState.java:setLeader(253)) - 96acbf61-3ece-4d83-9836-a217fb58817a@group-227D833B6095: change Leader from null to 96acbf61-3ece-4d83-9836-a217fb58817a at term 1 for becomeLeader, leader elected after 10666ms
2019-10-09 13:13:54,283 [96acbf61-3ece-4d83-9836-a217fb58817a@group-227D833B6095:LeaderElection211] INFO  server.RaftServerConfigKeys (ConfUtils.java:logGet(43)) - raft.server.staging.catchup.gap = 1000 (default)
2019-10-09 13:13:54,283 [96acbf61-3ece-4d83-9836-a217fb58817a@group-227D833B6095:LeaderElection211] INFO  server.RaftServerConfigKeys (ConfUtils.java:logGet(43)) - raft.server.rpc.sleep.time = 25ms (default)
2019-10-09 13:13:54,283 [96acbf61-3ece-4d83-9836-a217fb58817a@group-227D833B6095:LeaderElection211] INFO  server.RaftServerConfigKeys (ConfUtils.java:logGet(43)) - raft.server.write.element-limit = 4096 (default)
2019-10-09 13:13:54,283 [96acbf61-3ece-4d83-9836-a217fb58817a@group-227D833B6095:LeaderElection211] INFO  server.RaftServerConfigKeys (ConfUtils.java:logGet(43)) - raft.server.watch.timeout = 10s (default)
2019-10-09 13:13:54,283 [96acbf61-3ece-4d83-9836-a217fb58817a@group-227D833B6095:LeaderElection211] INFO  server.RaftServerConfigKeys (ConfUtils.java:logGet(43)) - raft.server.watch.timeout.denomination = 1s (default)
2019-10-09 13:13:54,283 [96acbf61-3ece-4d83-9836-a217fb58817a@group-227D833B6095:LeaderElection211] INFO  server.RaftServerConfigKeys (ConfUtils.java:logGet(43)) - raft.server.watch.element-limit = 65536 (default)
2019-10-09 13:13:54,304 [Thread-7218] INFO  impl.FollowerState (FollowerState.java:run(106)) - 96acbf61-3ece-4d83-9836-a217fb58817a:group-014983823A3D changes to CANDIDATE, lastRpcTime:10726, electionTimeout:5074ms
2019-10-09 13:13:54,304 [Thread-7218] INFO  impl.RoleInfo (RoleInfo.java:shutdownFollowerState(121)) - 96acbf61-3ece-4d83-9836-a217fb58817a: shutdown FollowerState
2019-10-09 13:13:54,305 [Thread-7218] INFO  impl.RaftServerImpl (RaftServerImpl.java:setRole(174)) - 96acbf61-3ece-4d83-9836-a217fb58817a@group-014983823A3D: changes role from  FOLLOWER to CANDIDATE at term 0 for changeToCandidate
2019-10-09 13:13:54,305 [Thread-7218] INFO  impl.RoleInfo (RoleInfo.java:updateAndGet(143)) - 96acbf61-3ece-4d83-9836-a217fb58817a: start LeaderElection
2019-10-09 13:13:54,308 [96acbf61-3ece-4d83-9836-a217fb58817a@group-227D833B6095:LeaderElection211] INFO  server.RaftServerConfigKeys (ConfUtils.java:logGet(43)) - raft.server.log.appender.snapshot.chunk.size.max = 16MB (=16777216) (default)
2019-10-09 13:13:54,308 [96acbf61-3ece-4d83-9836-a217fb58817a@group-227D833B6095:LeaderElection211] INFO  server.RaftServerConfigKeys (ConfUtils.java:logGet(43)) - raft.server.log.appender.buffer.byte-limit = 33554432 (custom)
2019-10-09 13:13:54,308 [96acbf61-3ece-4d83-9836-a217fb58817a@group-227D833B6095:LeaderElection211] INFO  server.RaftServerConfigKeys (ConfUtils.java:logGet(43)) - raft.server.log.appender.buffer.element-limit = 1 (custom)
2019-10-09 13:13:54,308 [96acbf61-3ece-4d83-9836-a217fb58817a@group-227D833B6095:LeaderElection211] INFO  grpc.GrpcConfigKeys$Server (ConfUtils.java:logGet(43)) - raft.grpc.server.leader.outstanding.appends.max = 128 (default)
2019-10-09 13:13:54,308 [96acbf61-3ece-4d83-9836-a217fb58817a@group-227D833B6095:LeaderElection211] INFO  server.RaftServerConfigKeys (ConfUtils.java:logGet(43)) - raft.server.rpc.request.timeout = 3000ms (default)
2019-10-09 13:13:54,309 [96acbf61-3ece-4d83-9836-a217fb58817a@group-227D833B6095:LeaderElection211] INFO  server.RaftServerConfigKeys (ConfUtils.java:logGet(43)) - raft.server.log.appender.install.snapshot.enabled = false (custom)
2019-10-09 13:13:54,309 [96acbf61-3ece-4d83-9836-a217fb58817a@group-227D833B6095:LeaderElection211] INFO  server.RaftServerConfigKeys (ConfUtils.java:logGet(43)) - raft.server.log.appender.snapshot.chunk.size.max = 16MB (=16777216) (default)
2019-10-09 13:13:54,309 [96acbf61-3ece-4d83-9836-a217fb58817a@group-227D833B6095:LeaderElection211] INFO  server.RaftServerConfigKeys (ConfUtils.java:logGet(43)) - raft.server.log.appender.buffer.byte-limit = 33554432 (custom)
2019-10-09 13:13:54,309 [96acbf61-3ece-4d83-9836-a217fb58817a@group-227D833B6095:LeaderElection211] INFO  server.RaftServerConfigKeys (ConfUtils.java:logGet(43)) - raft.server.log.appender.buffer.element-limit = 1 (custom)
2019-10-09 13:13:54,309 [96acbf61-3ece-4d83-9836-a217fb58817a@group-227D833B6095:LeaderElection211] INFO  grpc.GrpcConfigKeys$Server (ConfUtils.java:logGet(43)) - raft.grpc.server.leader.outstanding.appends.max = 128 (default)
2019-10-09 13:13:54,309 [96acbf61-3ece-4d83-9836-a217fb58817a@group-227D833B6095:LeaderElection211] INFO  server.RaftServerConfigKeys (ConfUtils.java:logGet(43)) - raft.server.rpc.request.timeout = 3000ms (default)
2019-10-09 13:13:54,309 [96acbf61-3ece-4d83-9836-a217fb58817a@group-227D833B6095:LeaderElection211] INFO  server.RaftServerConfigKeys (ConfUtils.java:logGet(43)) - raft.server.log.appender.install.snapshot.enabled = false (custom)
2019-10-09 13:13:54,310 [96acbf61-3ece-4d83-9836-a217fb58817a@group-227D833B6095:LeaderElection211] INFO  impl.RoleInfo (RoleInfo.java:updateAndGet(143)) - 96acbf61-3ece-4d83-9836-a217fb58817a: start LeaderState
2019-10-09 13:13:54,310 [96acbf61-3ece-4d83-9836-a217fb58817a@group-227D833B6095:LeaderElection211] INFO  segmented.SegmentedRaftLogWorker (SegmentedRaftLogWorker.java:startLogSegment(380)) - 96acbf61-3ece-4d83-9836-a217fb58817a@group-227D833B6095-SegmentedRaftLogWorker: Starting segment from index:0
2019-10-09 13:13:54,310 [96acbf61-3ece-4d83-9836-a217fb58817a@group-227D833B6095:LeaderElection211] INFO  impl.RaftServerImpl (ServerState.java:setRaftConf(354)) - 96acbf61-3ece-4d83-9836-a217fb58817a@group-227D833B6095: set configuration 0: [162534dc-93d9-4206-ab1e-9268955c7aca:192.168.5.175:32957, 96acbf61-3ece-4d83-9836-a217fb58817a:192.168.5.175:35650, 869fbf5b-cbbd-43c6-9f26-156c5192e660:192.168.5.175:43498], old=null at 0
2019-10-09 13:13:54,311 [grpc-default-executor-15] INFO  impl.RaftServerImpl (RaftServerImpl.java:requestVote(758)) - 96acbf61-3ece-4d83-9836-a217fb58817a@group-227D833B6095-   LEADER: Withhold vote from candidate 869fbf5b-cbbd-43c6-9f26-156c5192e660 with term 1. State: leader=96acbf61-3ece-4d83-9836-a217fb58817a, term=1, lastRpcElapsed=null
2019-10-09 13:13:54,311 [869fbf5b-cbbd-43c6-9f26-156c5192e660@group-227D833B6095:LeaderElection212] INFO  impl.LeaderElection (LeaderElection.java:logAndReturn(56)) - 869fbf5b-cbbd-43c6-9f26-156c5192e660@group-227D833B6095:LeaderElection212: Election REJECTED; received 2 response(s) [869fbf5b-cbbd-43c6-9f26-156c5192e660<-162534dc-93d9-4206-ab1e-9268955c7aca#0:FAIL-t1, 869fbf5b-cbbd-43c6-9f26-156c5192e660<-96acbf61-3ece-4d83-9836-a217fb58817a#0:FAIL-t1] and 0 exception(s); 869fbf5b-cbbd-43c6-9f26-156c5192e660@group-227D833B6095:t1, leader=null, voted=869fbf5b-cbbd-43c6-9f26-156c5192e660, raftlog=869fbf5b-cbbd-43c6-9f26-156c5192e660@group-227D833B6095-SegmentedRaftLog:OPENED:c-1,f-1,i0, conf=-1: [162534dc-93d9-4206-ab1e-9268955c7aca:192.168.5.175:32957, 96acbf61-3ece-4d83-9836-a217fb58817a:192.168.5.175:35650, 869fbf5b-cbbd-43c6-9f26-156c5192e660:192.168.5.175:43498], old=null
2019-10-09 13:13:54,312 [869fbf5b-cbbd-43c6-9f26-156c5192e660@group-227D833B6095:LeaderElection212] INFO  impl.RaftServerImpl (RaftServerImpl.java:setRole(174)) - 869fbf5b-cbbd-43c6-9f26-156c5192e660@group-227D833B6095: changes role from CANDIDATE to FOLLOWER at term 1 for DISCOVERED_A_NEW_TERM
2019-10-09 13:13:54,312 [grpc-default-executor-24] INFO  impl.RaftServerImpl (ServerState.java:setLeader(253)) - 162534dc-93d9-4206-ab1e-9268955c7aca@group-227D833B6095: change Leader from null to 96acbf61-3ece-4d83-9836-a217fb58817a at term 1 for appendEntries, leader elected after 10695ms
2019-10-09 13:13:54,312 [869fbf5b-cbbd-43c6-9f26-156c5192e660@group-227D833B6095:LeaderElection212] INFO  impl.RoleInfo (RoleInfo.java:shutdownLeaderElection(134)) - 869fbf5b-cbbd-43c6-9f26-156c5192e660: shutdown LeaderElection
2019-10-09 13:13:54,312 [869fbf5b-cbbd-43c6-9f26-156c5192e660@group-227D833B6095:LeaderElection212] INFO  impl.RoleInfo (RoleInfo.java:updateAndGet(143)) - 869fbf5b-cbbd-43c6-9f26-156c5192e660: start FollowerState
2019-10-09 13:13:54,312 [grpc-default-executor-15] INFO  impl.RaftServerImpl (ServerState.java:setLeader(253)) - 869fbf5b-cbbd-43c6-9f26-156c5192e660@group-227D833B6095: change Leader from null to 96acbf61-3ece-4d83-9836-a217fb58817a at term 1 for appendEntries, leader elected after 10696ms
2019-10-09 13:13:54,313 [grpc-default-executor-15] INFO  impl.RaftServerImpl (ServerState.java:setRaftConf(354)) - 162534dc-93d9-4206-ab1e-9268955c7aca@group-227D833B6095: set configuration 0: [162534dc-93d9-4206-ab1e-9268955c7aca:192.168.5.175:32957, 96acbf61-3ece-4d83-9836-a217fb58817a:192.168.5.175:35650, 869fbf5b-cbbd-43c6-9f26-156c5192e660:192.168.5.175:43498], old=null at 0
2019-10-09 13:13:54,314 [grpc-default-executor-15] INFO  segmented.SegmentedRaftLogWorker (SegmentedRaftLogWorker.java:startLogSegment(380)) - 162534dc-93d9-4206-ab1e-9268955c7aca@group-227D833B6095-SegmentedRaftLogWorker: Starting segment from index:0
2019-10-09 13:13:54,314 [grpc-default-executor-24] INFO  impl.RaftServerImpl (ServerState.java:setRaftConf(354)) - 869fbf5b-cbbd-43c6-9f26-156c5192e660@group-227D833B6095: set configuration 0: [162534dc-93d9-4206-ab1e-9268955c7aca:192.168.5.175:32957, 96acbf61-3ece-4d83-9836-a217fb58817a:192.168.5.175:35650, 869fbf5b-cbbd-43c6-9f26-156c5192e660:192.168.5.175:43498], old=null at 0
2019-10-09 13:13:54,314 [grpc-default-executor-24] INFO  segmented.SegmentedRaftLogWorker (SegmentedRaftLogWorker.java:startLogSegment(380)) - 869fbf5b-cbbd-43c6-9f26-156c5192e660@group-227D833B6095-SegmentedRaftLogWorker: Starting segment from index:0
2019-10-09 13:13:54,317 [162534dc-93d9-4206-ab1e-9268955c7aca@group-4A4B977E74D1-SegmentedRaftLogWorker] INFO  segmented.SegmentedRaftLogWorker (SegmentedRaftLogWorker.java:execute(569)) - 162534dc-93d9-4206-ab1e-9268955c7aca@group-4A4B977E74D1-SegmentedRaftLogWorker: created new log segment /workdir/hadoop-ozone/integration-test/target/test-dir/MiniOzoneClusterImpl-77992fd3-8e8a-426b-8566-445f44124f00/datanode-4/data/ratis/31436527-0db7-4839-a6a0-4a4b977e74d1/current/log_inprogress_0
2019-10-09 13:13:54,317 [96acbf61-3ece-4d83-9836-a217fb58817a@group-014983823A3D:LeaderElection213] INFO  impl.LeaderElection (LeaderElection.java:askForVotes(182)) - 96acbf61-3ece-4d83-9836-a217fb58817a@group-014983823A3D:LeaderElection213: begin an election at term 1 for -1: [162534dc-93d9-4206-ab1e-9268955c7aca:192.168.5.175:32957, 96acbf61-3ece-4d83-9836-a217fb58817a:192.168.5.175:35650, 869fbf5b-cbbd-43c6-9f26-156c5192e660:192.168.5.175:43498], old=null
2019-10-09 13:13:54,317 [869fbf5b-cbbd-43c6-9f26-156c5192e660@group-4A4B977E74D1-SegmentedRaftLogWorker] INFO  segmented.SegmentedRaftLogWorker (SegmentedRaftLogWorker.java:execute(569)) - 869fbf5b-cbbd-43c6-9f26-156c5192e660@group-4A4B977E74D1-SegmentedRaftLogWorker: created new log segment /workdir/hadoop-ozone/integration-test/target/test-dir/MiniOzoneClusterImpl-77992fd3-8e8a-426b-8566-445f44124f00/datanode-3/data/ratis/31436527-0db7-4839-a6a0-4a4b977e74d1/current/log_inprogress_0
2019-10-09 13:13:54,318 [grpc-default-executor-24] INFO  impl.RaftServerImpl (RaftServerImpl.java:setRole(174)) - 162534dc-93d9-4206-ab1e-9268955c7aca@group-014983823A3D: changes role from  FOLLOWER to FOLLOWER at term 1 for recognizeCandidate:96acbf61-3ece-4d83-9836-a217fb58817a
2019-10-09 13:13:54,318 [grpc-default-executor-15] INFO  impl.RaftServerImpl (RaftServerImpl.java:setRole(174)) - 869fbf5b-cbbd-43c6-9f26-156c5192e660@group-014983823A3D: changes role from  FOLLOWER to FOLLOWER at term 1 for recognizeCandidate:96acbf61-3ece-4d83-9836-a217fb58817a
2019-10-09 13:13:54,318 [grpc-default-executor-24] INFO  impl.RoleInfo (RoleInfo.java:shutdownFollowerState(121)) - 162534dc-93d9-4206-ab1e-9268955c7aca: shutdown FollowerState
2019-10-09 13:13:54,319 [grpc-default-executor-15] INFO  impl.RoleInfo (RoleInfo.java:shutdownFollowerState(121)) - 869fbf5b-cbbd-43c6-9f26-156c5192e660: shutdown FollowerState
2019-10-09 13:13:54,319 [grpc-default-executor-24] INFO  impl.RoleInfo (RoleInfo.java:updateAndGet(143)) - 162534dc-93d9-4206-ab1e-9268955c7aca: start FollowerState
2019-10-09 13:13:54,319 [Thread-7212] INFO  impl.FollowerState (FollowerState.java:run(115)) - 869fbf5b-cbbd-43c6-9f26-156c5192e660: FollowerState was interrupted: java.lang.InterruptedException: sleep interrupted
2019-10-09 13:13:54,319 [grpc-default-executor-15] INFO  impl.RoleInfo (RoleInfo.java:updateAndGet(143)) - 869fbf5b-cbbd-43c6-9f26-156c5192e660: start FollowerState
2019-10-09 13:13:54,319 [Thread-7216] INFO  impl.FollowerState (FollowerState.java:run(115)) - 162534dc-93d9-4206-ab1e-9268955c7aca: FollowerState was interrupted: java.lang.InterruptedException: sleep interrupted
2019-10-09 13:13:54,333 [96acbf61-3ece-4d83-9836-a217fb58817a@group-014983823A3D:LeaderElection213] INFO  impl.LeaderElection (LeaderElection.java:logAndReturn(56)) - 96acbf61-3ece-4d83-9836-a217fb58817a@group-014983823A3D:LeaderElection213: Election PASSED; received 1 response(s) [96acbf61-3ece-4d83-9836-a217fb58817a<-162534dc-93d9-4206-ab1e-9268955c7aca#0:OK-t1] and 0 exception(s); 96acbf61-3ece-4d83-9836-a217fb58817a@group-014983823A3D:t1, leader=null, voted=96acbf61-3ece-4d83-9836-a217fb58817a, raftlog=96acbf61-3ece-4d83-9836-a217fb58817a@group-014983823A3D-SegmentedRaftLog:OPENED:c-1,f-1,i0, conf=-1: [162534dc-93d9-4206-ab1e-9268955c7aca:192.168.5.175:32957, 96acbf61-3ece-4d83-9836-a217fb58817a:192.168.5.175:35650, 869fbf5b-cbbd-43c6-9f26-156c5192e660:192.168.5.175:43498], old=null
2019-10-09 13:13:54,333 [96acbf61-3ece-4d83-9836-a217fb58817a@group-014983823A3D:LeaderElection213] INFO  impl.RoleInfo (RoleInfo.java:shutdownLeaderElection(134)) - 96acbf61-3ece-4d83-9836-a217fb58817a: shutdown LeaderElection
2019-10-09 13:13:54,333 [96acbf61-3ece-4d83-9836-a217fb58817a@group-014983823A3D:LeaderElection213] INFO  impl.RaftServerImpl (RaftServerImpl.java:setRole(174)) - 96acbf61-3ece-4d83-9836-a217fb58817a@group-014983823A3D: changes role from CANDIDATE to LEADER at term 1 for changeToLeader
2019-10-09 13:13:54,333 [96acbf61-3ece-4d83-9836-a217fb58817a@group-014983823A3D:LeaderElection213] INFO  impl.RaftServerImpl (ServerState.java:setLeader(253)) - 96acbf61-3ece-4d83-9836-a217fb58817a@group-014983823A3D: change Leader from null to 96acbf61-3ece-4d83-9836-a217fb58817a at term 1 for becomeLeader, leader elected after 10798ms
2019-10-09 13:13:54,334 [96acbf61-3ece-4d83-9836-a217fb58817a@group-014983823A3D:LeaderElection213] INFO  server.RaftServerConfigKeys (ConfUtils.java:logGet(43)) - raft.server.staging.catchup.gap = 1000 (default)
2019-10-09 13:13:54,334 [96acbf61-3ece-4d83-9836-a217fb58817a@group-014983823A3D:LeaderElection213] INFO  server.RaftServerConfigKeys (ConfUtils.java:logGet(43)) - raft.server.rpc.sleep.time = 25ms (default)
2019-10-09 13:13:54,334 [96acbf61-3ece-4d83-9836-a217fb58817a@group-014983823A3D:LeaderElection213] INFO  server.RaftServerConfigKeys (ConfUtils.java:logGet(43)) - raft.server.write.element-limit = 4096 (default)
2019-10-09 13:13:54,334 [96acbf61-3ece-4d83-9836-a217fb58817a@group-014983823A3D:LeaderElection213] INFO  server.RaftServerConfigKeys (ConfUtils.java:logGet(43)) - raft.server.watch.timeout = 10s (default)
2019-10-09 13:13:54,334 [96acbf61-3ece-4d83-9836-a217fb58817a@group-014983823A3D:LeaderElection213] INFO  server.RaftServerConfigKeys (ConfUtils.java:logGet(43)) - raft.server.watch.timeout.denomination = 1s (default)
2019-10-09 13:13:54,334 [96acbf61-3ece-4d83-9836-a217fb58817a@group-014983823A3D:LeaderElection213] INFO  server.RaftServerConfigKeys (ConfUtils.java:logGet(43)) - raft.server.watch.element-limit = 65536 (default)
2019-10-09 13:13:54,335 [96acbf61-3ece-4d83-9836-a217fb58817a@group-014983823A3D:LeaderElection213] INFO  server.RaftServerConfigKeys (ConfUtils.java:logGet(43)) - raft.server.log.appender.snapshot.chunk.size.max = 16MB (=16777216) (default)
2019-10-09 13:13:54,336 [96acbf61-3ece-4d83-9836-a217fb58817a@group-014983823A3D:LeaderElection213] INFO  server.RaftServerConfigKeys (ConfUtils.java:logGet(43)) - raft.server.log.appender.buffer.byte-limit = 33554432 (custom)
2019-10-09 13:13:54,336 [96acbf61-3ece-4d83-9836-a217fb58817a@group-014983823A3D:LeaderElection213] INFO  server.RaftServerConfigKeys (ConfUtils.java:logGet(43)) - raft.server.log.appender.buffer.element-limit = 1 (custom)
2019-10-09 13:13:54,336 [96acbf61-3ece-4d83-9836-a217fb58817a@group-014983823A3D:LeaderElection213] INFO  grpc.GrpcConfigKeys$Server (ConfUtils.java:logGet(43)) - raft.grpc.server.leader.outstanding.appends.max = 128 (default)
2019-10-09 13:13:54,336 [96acbf61-3ece-4d83-9836-a217fb58817a@group-014983823A3D:LeaderElection213] INFO  server.RaftServerConfigKeys (ConfUtils.java:logGet(43)) - raft.server.rpc.request.timeout = 3000ms (default)
2019-10-09 13:13:54,336 [96acbf61-3ece-4d83-9836-a217fb58817a@group-014983823A3D:LeaderElection213] INFO  server.RaftServerConfigKeys (ConfUtils.java:logGet(43)) - raft.server.log.appender.install.snapshot.enabled = false (custom)
2019-10-09 13:13:54,336 [96acbf61-3ece-4d83-9836-a217fb58817a@group-014983823A3D:LeaderElection213] INFO  server.RaftServerConfigKeys (ConfUtils.java:logGet(43)) - raft.server.log.appender.snapshot.chunk.size.max = 16MB (=16777216) (default)
2019-10-09 13:13:54,336 [96acbf61-3ece-4d83-9836-a217fb58817a@group-014983823A3D:LeaderElection213] INFO  server.RaftServerConfigKeys (ConfUtils.java:logGet(43)) - raft.server.log.appender.buffer.byte-limit = 33554432 (custom)
2019-10-09 13:13:54,337 [96acbf61-3ece-4d83-9836-a217fb58817a@group-014983823A3D:LeaderElection213] INFO  server.RaftServerConfigKeys (ConfUtils.java:logGet(43)) - raft.server.log.appender.buffer.element-limit = 1 (custom)
2019-10-09 13:13:54,337 [96acbf61-3ece-4d83-9836-a217fb58817a@group-014983823A3D:LeaderElection213] INFO  grpc.GrpcConfigKeys$Server (ConfUtils.java:logGet(43)) - raft.grpc.server.leader.outstanding.appends.max = 128 (default)
2019-10-09 13:13:54,337 [96acbf61-3ece-4d83-9836-a217fb58817a@group-014983823A3D:LeaderElection213] INFO  server.RaftServerConfigKeys (ConfUtils.java:logGet(43)) - raft.server.rpc.request.timeout = 3000ms (default)
2019-10-09 13:13:54,337 [96acbf61-3ece-4d83-9836-a217fb58817a@group-014983823A3D:LeaderElection213] INFO  server.RaftServerConfigKeys (ConfUtils.java:logGet(43)) - raft.server.log.appender.install.snapshot.enabled = false (custom)
2019-10-09 13:13:54,337 [96acbf61-3ece-4d83-9836-a217fb58817a@group-014983823A3D:LeaderElection213] INFO  impl.RoleInfo (RoleInfo.java:updateAndGet(143)) - 96acbf61-3ece-4d83-9836-a217fb58817a: start LeaderState
2019-10-09 13:13:54,337 [96acbf61-3ece-4d83-9836-a217fb58817a@group-014983823A3D:LeaderElection213] INFO  segmented.SegmentedRaftLogWorker (SegmentedRaftLogWorker.java:startLogSegment(380)) - 96acbf61-3ece-4d83-9836-a217fb58817a@group-014983823A3D-SegmentedRaftLogWorker: Starting segment from index:0
2019-10-09 13:13:54,338 [96acbf61-3ece-4d83-9836-a217fb58817a@group-014983823A3D:LeaderElection213] INFO  impl.RaftServerImpl (ServerState.java:setRaftConf(354)) - 96acbf61-3ece-4d83-9836-a217fb58817a@group-014983823A3D: set configuration 0: [162534dc-93d9-4206-ab1e-9268955c7aca:192.168.5.175:32957, 96acbf61-3ece-4d83-9836-a217fb58817a:192.168.5.175:35650, 869fbf5b-cbbd-43c6-9f26-156c5192e660:192.168.5.175:43498], old=null at 0
2019-10-09 13:13:54,371 [grpc-default-executor-24] INFO  impl.RaftServerImpl (ServerState.java:setLeader(253)) - 869fbf5b-cbbd-43c6-9f26-156c5192e660@group-014983823A3D: change Leader from null to 96acbf61-3ece-4d83-9836-a217fb58817a at term 1 for appendEntries, leader elected after 10836ms
2019-10-09 13:13:54,371 [Thread-7207] INFO  impl.FollowerState (FollowerState.java:run(106)) - 96acbf61-3ece-4d83-9836-a217fb58817a:group-7276B70EB406 changes to CANDIDATE, lastRpcTime:10890, electionTimeout:5153ms
2019-10-09 13:13:54,372 [Thread-7207] INFO  impl.RoleInfo (RoleInfo.java:shutdownFollowerState(121)) - 96acbf61-3ece-4d83-9836-a217fb58817a: shutdown FollowerState
2019-10-09 13:13:54,372 [Thread-7207] INFO  impl.RaftServerImpl (RaftServerImpl.java:setRole(174)) - 96acbf61-3ece-4d83-9836-a217fb58817a@group-7276B70EB406: changes role from  FOLLOWER to CANDIDATE at term 0 for changeToCandidate
2019-10-09 13:13:54,372 [Thread-7201] INFO  impl.FollowerState (FollowerState.java:run(106)) - 162534dc-93d9-4206-ab1e-9268955c7aca:group-7276B70EB406 changes to CANDIDATE, lastRpcTime:10895, electionTimeout:5134ms
2019-10-09 13:13:54,372 [Thread-7207] INFO  impl.RoleInfo (RoleInfo.java:updateAndGet(143)) - 96acbf61-3ece-4d83-9836-a217fb58817a: start LeaderElection
2019-10-09 13:13:54,372 [Thread-7192] INFO  impl.FollowerState (FollowerState.java:run(106)) - 162534dc-93d9-4206-ab1e-9268955c7aca:group-F494DE254AFB changes to CANDIDATE, lastRpcTime:10952, electionTimeout:5130ms
2019-10-09 13:13:54,372 [Thread-7201] INFO  impl.RoleInfo (RoleInfo.java:shutdownFollowerState(121)) - 162534dc-93d9-4206-ab1e-9268955c7aca: shutdown FollowerState
2019-10-09 13:13:54,372 [Thread-7192] INFO  impl.RoleInfo (RoleInfo.java:shutdownFollowerState(121)) - 162534dc-93d9-4206-ab1e-9268955c7aca: shutdown FollowerState
2019-10-09 13:13:54,372 [Thread-7196] INFO  impl.FollowerState (FollowerState.java:run(106)) - 869fbf5b-cbbd-43c6-9f26-156c5192e660:group-F494DE254AFB changes to CANDIDATE, lastRpcTime:10949, electionTimeout:5125ms
2019-10-09 13:13:54,372 [grpc-default-executor-24] INFO  impl.RaftServerImpl (ServerState.java:setLeader(253)) - 162534dc-93d9-4206-ab1e-9268955c7aca@group-014983823A3D: change Leader from null to 96acbf61-3ece-4d83-9836-a217fb58817a at term 1 for appendEntries, leader elected after 10838ms
2019-10-09 13:13:54,373 [Thread-7196] INFO  impl.RoleInfo (RoleInfo.java:shutdownFollowerState(121)) - 869fbf5b-cbbd-43c6-9f26-156c5192e660: shutdown FollowerState
2019-10-09 13:13:54,373 [Thread-7192] INFO  impl.RaftServerImpl (RaftServerImpl.java:setRole(174)) - 162534dc-93d9-4206-ab1e-9268955c7aca@group-F494DE254AFB: changes role from  FOLLOWER to CANDIDATE at term 0 for changeToCandidate
2019-10-09 13:13:54,372 [Thread-7201] INFO  impl.RaftServerImpl (RaftServerImpl.java:setRole(174)) - 162534dc-93d9-4206-ab1e-9268955c7aca@group-7276B70EB406: changes role from  FOLLOWER to CANDIDATE at term 0 for changeToCandidate
2019-10-09 13:13:54,378 [Thread-7205] INFO  impl.FollowerState (FollowerState.java:run(106)) - 869fbf5b-cbbd-43c6-9f26-156c5192e660:group-7276B70EB406 changes to CANDIDATE, lastRpcTime:10897, electionTimeout:5168ms
2019-10-09 13:13:54,376 [Thread-7192] INFO  impl.RoleInfo (RoleInfo.java:updateAndGet(143)) - 162534dc-93d9-4206-ab1e-9268955c7aca: start LeaderElection
2019-10-09 13:13:54,378 [Thread-7198] INFO  impl.FollowerState (FollowerState.java:run(106)) - 96acbf61-3ece-4d83-9836-a217fb58817a:group-F494DE254AFB changes to CANDIDATE, lastRpcTime:10953, electionTimeout:5167ms
2019-10-09 13:13:54,376 [Thread-7196] INFO  impl.RaftServerImpl (RaftServerImpl.java:setRole(174)) - 869fbf5b-cbbd-43c6-9f26-156c5192e660@group-F494DE254AFB: changes role from  FOLLOWER to CANDIDATE at term 0 for changeToCandidate
2019-10-09 13:13:54,378 [grpc-default-executor-24] INFO  impl.RaftServerImpl (ServerState.java:setRaftConf(354)) - 869fbf5b-cbbd-43c6-9f26-156c5192e660@group-014983823A3D: set configuration 0: [162534dc-93d9-4206-ab1e-9268955c7aca:192.168.5.175:32957, 96acbf61-3ece-4d83-9836-a217fb58817a:192.168.5.175:35650, 869fbf5b-cbbd-43c6-9f26-156c5192e660:192.168.5.175:43498], old=null at 0
2019-10-09 13:13:54,378 [Thread-7198] INFO  impl.RoleInfo (RoleInfo.java:shutdownFollowerState(121)) - 96acbf61-3ece-4d83-9836-a217fb58817a: shutdown FollowerState
2019-10-09 13:13:54,378 [Thread-7205] INFO  impl.RoleInfo (RoleInfo.java:shutdownFollowerState(121)) - 869fbf5b-cbbd-43c6-9f26-156c5192e660: shutdown FollowerState
2019-10-09 13:13:54,378 [Thread-7201] INFO  impl.RoleInfo (RoleInfo.java:updateAndGet(143)) - 162534dc-93d9-4206-ab1e-9268955c7aca: start LeaderElection
2019-10-09 13:13:54,381 [grpc-default-executor-33] INFO  impl.RaftServerImpl (ServerState.java:setRaftConf(354)) - 162534dc-93d9-4206-ab1e-9268955c7aca@group-014983823A3D: set configuration 0: [162534dc-93d9-4206-ab1e-9268955c7aca:192.168.5.175:32957, 96acbf61-3ece-4d83-9836-a217fb58817a:192.168.5.175:35650, 869fbf5b-cbbd-43c6-9f26-156c5192e660:192.168.5.175:43498], old=null at 0
2019-10-09 13:13:54,381 [Thread-7205] INFO  impl.RaftServerImpl (RaftServerImpl.java:setRole(174)) - 869fbf5b-cbbd-43c6-9f26-156c5192e660@group-7276B70EB406: changes role from  FOLLOWER to CANDIDATE at term 0 for changeToCandidate
2019-10-09 13:13:54,381 [Thread-7198] INFO  impl.RaftServerImpl (RaftServerImpl.java:setRole(174)) - 96acbf61-3ece-4d83-9836-a217fb58817a@group-F494DE254AFB: changes role from  FOLLOWER to CANDIDATE at term 0 for changeToCandidate
2019-10-09 13:13:54,381 [grpc-default-executor-24] INFO  segmented.SegmentedRaftLogWorker (SegmentedRaftLogWorker.java:startLogSegment(380)) - 869fbf5b-cbbd-43c6-9f26-156c5192e660@group-014983823A3D-SegmentedRaftLogWorker: Starting segment from index:0
2019-10-09 13:13:54,384 [Thread-7198] INFO  impl.RoleInfo (RoleInfo.java:updateAndGet(143)) - 96acbf61-3ece-4d83-9836-a217fb58817a: start LeaderElection
2019-10-09 13:13:54,378 [Thread-7196] INFO  impl.RoleInfo (RoleInfo.java:updateAndGet(143)) - 869fbf5b-cbbd-43c6-9f26-156c5192e660: start LeaderElection
2019-10-09 13:13:54,381 [Thread-7205] INFO  impl.RoleInfo (RoleInfo.java:updateAndGet(143)) - 869fbf5b-cbbd-43c6-9f26-156c5192e660: start LeaderElection
2019-10-09 13:13:54,381 [grpc-default-executor-33] INFO  segmented.SegmentedRaftLogWorker (SegmentedRaftLogWorker.java:startLogSegment(380)) - 162534dc-93d9-4206-ab1e-9268955c7aca@group-014983823A3D-SegmentedRaftLogWorker: Starting segment from index:0
2019-10-09 13:13:54,414 [96acbf61-3ece-4d83-9836-a217fb58817a@group-227D833B6095-SegmentedRaftLogWorker] INFO  segmented.SegmentedRaftLogWorker (SegmentedRaftLogWorker.java:execute(569)) - 96acbf61-3ece-4d83-9836-a217fb58817a@group-227D833B6095-SegmentedRaftLogWorker: created new log segment /workdir/hadoop-ozone/integration-test/target/test-dir/MiniOzoneClusterImpl-77992fd3-8e8a-426b-8566-445f44124f00/datanode-1/data/ratis/28f4dd3f-99df-4ff5-9ddc-227d833b6095/current/log_inprogress_0
2019-10-09 13:13:54,414 [96acbf61-3ece-4d83-9836-a217fb58817a@group-014983823A3D-SegmentedRaftLogWorker] INFO  segmented.SegmentedRaftLogWorker (SegmentedRaftLogWorker.java:execute(569)) - 96acbf61-3ece-4d83-9836-a217fb58817a@group-014983823A3D-SegmentedRaftLogWorker: created new log segment /workdir/hadoop-ozone/integration-test/target/test-dir/MiniOzoneClusterImpl-77992fd3-8e8a-426b-8566-445f44124f00/datanode-1/data/ratis/0e7a749a-41d2-47c3-bf75-014983823a3d/current/log_inprogress_0
2019-10-09 13:13:54,419 [96acbf61-3ece-4d83-9836-a217fb58817a@group-7276B70EB406:LeaderElection214] INFO  impl.LeaderElection (LeaderElection.java:askForVotes(182)) - 96acbf61-3ece-4d83-9836-a217fb58817a@group-7276B70EB406:LeaderElection214: begin an election at term 1 for -1: [96acbf61-3ece-4d83-9836-a217fb58817a:192.168.5.175:35650, 162534dc-93d9-4206-ab1e-9268955c7aca:192.168.5.175:32957, 869fbf5b-cbbd-43c6-9f26-156c5192e660:192.168.5.175:43498], old=null
2019-10-09 13:13:54,414 [162534dc-93d9-4206-ab1e-9268955c7aca@group-F494DE254AFB:LeaderElection215] INFO  impl.LeaderElection (LeaderElection.java:askForVotes(182)) - 162534dc-93d9-4206-ab1e-9268955c7aca@group-F494DE254AFB:LeaderElection215: begin an election at term 1 for -1: [96acbf61-3ece-4d83-9836-a217fb58817a:192.168.5.175:35650, 162534dc-93d9-4206-ab1e-9268955c7aca:192.168.5.175:32957, 869fbf5b-cbbd-43c6-9f26-156c5192e660:192.168.5.175:43498], old=null
2019-10-09 13:13:54,414 [162534dc-93d9-4206-ab1e-9268955c7aca@group-227D833B6095-SegmentedRaftLogWorker] INFO  segmented.SegmentedRaftLogWorker (SegmentedRaftLogWorker.java:execute(569)) - 162534dc-93d9-4206-ab1e-9268955c7aca@group-227D833B6095-SegmentedRaftLogWorker: created new log segment /workdir/hadoop-ozone/integration-test/target/test-dir/MiniOzoneClusterImpl-77992fd3-8e8a-426b-8566-445f44124f00/datanode-4/data/ratis/28f4dd3f-99df-4ff5-9ddc-227d833b6095/current/log_inprogress_0
2019-10-09 13:13:54,414 [869fbf5b-cbbd-43c6-9f26-156c5192e660@group-227D833B6095-SegmentedRaftLogWorker] INFO  segmented.SegmentedRaftLogWorker (SegmentedRaftLogWorker.java:execute(569)) - 869fbf5b-cbbd-43c6-9f26-156c5192e660@group-227D833B6095-SegmentedRaftLogWorker: created new log segment /workdir/hadoop-ozone/integration-test/target/test-dir/MiniOzoneClusterImpl-77992fd3-8e8a-426b-8566-445f44124f00/datanode-3/data/ratis/28f4dd3f-99df-4ff5-9ddc-227d833b6095/current/log_inprogress_0
2019-10-09 13:13:54,427 [869fbf5b-cbbd-43c6-9f26-156c5192e660@group-014983823A3D-SegmentedRaftLogWorker] INFO  segmented.SegmentedRaftLogWorker (SegmentedRaftLogWorker.java:execute(569)) - 869fbf5b-cbbd-43c6-9f26-156c5192e660@group-014983823A3D-SegmentedRaftLogWorker: created new log segment /workdir/hadoop-ozone/integration-test/target/test-dir/MiniOzoneClusterImpl-77992fd3-8e8a-426b-8566-445f44124f00/datanode-3/data/ratis/0e7a749a-41d2-47c3-bf75-014983823a3d/current/log_inprogress_0
2019-10-09 13:13:54,427 [162534dc-93d9-4206-ab1e-9268955c7aca@group-7276B70EB406:LeaderElection216] INFO  impl.LeaderElection (LeaderElection.java:askForVotes(182)) - 162534dc-93d9-4206-ab1e-9268955c7aca@group-7276B70EB406:LeaderElection216: begin an election at term 1 for -1: [96acbf61-3ece-4d83-9836-a217fb58817a:192.168.5.175:35650, 162534dc-93d9-4206-ab1e-9268955c7aca:192.168.5.175:32957, 869fbf5b-cbbd-43c6-9f26-156c5192e660:192.168.5.175:43498], old=null
2019-10-09 13:13:54,427 [869fbf5b-cbbd-43c6-9f26-156c5192e660@group-F494DE254AFB:LeaderElection217] INFO  impl.LeaderElection (LeaderElection.java:askForVotes(182)) - 869fbf5b-cbbd-43c6-9f26-156c5192e660@group-F494DE254AFB:LeaderElection217: begin an election at term 1 for -1: [96acbf61-3ece-4d83-9836-a217fb58817a:192.168.5.175:35650, 162534dc-93d9-4206-ab1e-9268955c7aca:192.168.5.175:32957, 869fbf5b-cbbd-43c6-9f26-156c5192e660:192.168.5.175:43498], old=null
2019-10-09 13:13:54,427 [96acbf61-3ece-4d83-9836-a217fb58817a@group-F494DE254AFB:LeaderElection219] INFO  impl.LeaderElection (LeaderElection.java:askForVotes(182)) - 96acbf61-3ece-4d83-9836-a217fb58817a@group-F494DE254AFB:LeaderElection219: begin an election at term 1 for -1: [96acbf61-3ece-4d83-9836-a217fb58817a:192.168.5.175:35650, 162534dc-93d9-4206-ab1e-9268955c7aca:192.168.5.175:32957, 869fbf5b-cbbd-43c6-9f26-156c5192e660:192.168.5.175:43498], old=null
2019-10-09 13:13:54,427 [869fbf5b-cbbd-43c6-9f26-156c5192e660@group-7276B70EB406:LeaderElection218] INFO  impl.LeaderElection (LeaderElection.java:askForVotes(182)) - 869fbf5b-cbbd-43c6-9f26-156c5192e660@group-7276B70EB406:LeaderElection218: begin an election at term 1 for -1: [96acbf61-3ece-4d83-9836-a217fb58817a:192.168.5.175:35650, 162534dc-93d9-4206-ab1e-9268955c7aca:192.168.5.175:32957, 869fbf5b-cbbd-43c6-9f26-156c5192e660:192.168.5.175:43498], old=null
2019-10-09 13:13:54,428 [96acbf61-3ece-4d83-9836-a217fb58817a@group-7276B70EB406:LeaderElection214] INFO  impl.LeaderElection (LeaderElection.java:logAndReturn(56)) - 96acbf61-3ece-4d83-9836-a217fb58817a@group-7276B70EB406:LeaderElection214: Election REJECTED; received 2 response(s) [96acbf61-3ece-4d83-9836-a217fb58817a<-162534dc-93d9-4206-ab1e-9268955c7aca#0:FAIL-t1, 96acbf61-3ece-4d83-9836-a217fb58817a<-869fbf5b-cbbd-43c6-9f26-156c5192e660#0:FAIL-t1] and 0 exception(s); 96acbf61-3ece-4d83-9836-a217fb58817a@group-7276B70EB406:t1, leader=null, voted=96acbf61-3ece-4d83-9836-a217fb58817a, raftlog=96acbf61-3ece-4d83-9836-a217fb58817a@group-7276B70EB406-SegmentedRaftLog:OPENED:c-1,f-1,i0, conf=-1: [96acbf61-3ece-4d83-9836-a217fb58817a:192.168.5.175:35650, 162534dc-93d9-4206-ab1e-9268955c7aca:192.168.5.175:32957, 869fbf5b-cbbd-43c6-9f26-156c5192e660:192.168.5.175:43498], old=null
2019-10-09 13:13:54,428 [162534dc-93d9-4206-ab1e-9268955c7aca@group-F494DE254AFB:LeaderElection215] INFO  impl.LeaderElection (LeaderElection.java:logAndReturn(56)) - 162534dc-93d9-4206-ab1e-9268955c7aca@group-F494DE254AFB:LeaderElection215: Election REJECTED; received 2 response(s) [162534dc-93d9-4206-ab1e-9268955c7aca<-96acbf61-3ece-4d83-9836-a217fb58817a#0:FAIL-t1, 162534dc-93d9-4206-ab1e-9268955c7aca<-869fbf5b-cbbd-43c6-9f26-156c5192e660#0:FAIL-t1] and 0 exception(s); 162534dc-93d9-4206-ab1e-9268955c7aca@group-F494DE254AFB:t1, leader=null, voted=162534dc-93d9-4206-ab1e-9268955c7aca, raftlog=162534dc-93d9-4206-ab1e-9268955c7aca@group-F494DE254AFB-SegmentedRaftLog:OPENED:c-1,f-1,i0, conf=-1: [96acbf61-3ece-4d83-9836-a217fb58817a:192.168.5.175:35650, 162534dc-93d9-4206-ab1e-9268955c7aca:192.168.5.175:32957, 869fbf5b-cbbd-43c6-9f26-156c5192e660:192.168.5.175:43498], old=null
2019-10-09 13:13:54,429 [162534dc-93d9-4206-ab1e-9268955c7aca@group-F494DE254AFB:LeaderElection215] INFO  impl.RaftServerImpl (RaftServerImpl.java:setRole(174)) - 162534dc-93d9-4206-ab1e-9268955c7aca@group-F494DE254AFB: changes role from CANDIDATE to FOLLOWER at term 1 for DISCOVERED_A_NEW_TERM
2019-10-09 13:13:54,429 [96acbf61-3ece-4d83-9836-a217fb58817a@group-7276B70EB406:LeaderElection214] INFO  impl.RaftServerImpl (RaftServerImpl.java:setRole(174)) - 96acbf61-3ece-4d83-9836-a217fb58817a@group-7276B70EB406: changes role from CANDIDATE to FOLLOWER at term 1 for DISCOVERED_A_NEW_TERM
2019-10-09 13:13:54,430 [162534dc-93d9-4206-ab1e-9268955c7aca@group-F494DE254AFB:LeaderElection215] INFO  impl.RoleInfo (RoleInfo.java:shutdownLeaderElection(134)) - 162534dc-93d9-4206-ab1e-9268955c7aca: shutdown LeaderElection
2019-10-09 13:13:54,430 [96acbf61-3ece-4d83-9836-a217fb58817a@group-7276B70EB406:LeaderElection214] INFO  impl.RoleInfo (RoleInfo.java:shutdownLeaderElection(134)) - 96acbf61-3ece-4d83-9836-a217fb58817a: shutdown LeaderElection
2019-10-09 13:13:54,430 [162534dc-93d9-4206-ab1e-9268955c7aca@group-F494DE254AFB:LeaderElection215] INFO  impl.RoleInfo (RoleInfo.java:updateAndGet(143)) - 162534dc-93d9-4206-ab1e-9268955c7aca: start FollowerState
2019-10-09 13:13:54,430 [96acbf61-3ece-4d83-9836-a217fb58817a@group-7276B70EB406:LeaderElection214] INFO  impl.RoleInfo (RoleInfo.java:updateAndGet(143)) - 96acbf61-3ece-4d83-9836-a217fb58817a: start FollowerState
2019-10-09 13:13:54,432 [162534dc-93d9-4206-ab1e-9268955c7aca@group-7276B70EB406:LeaderElection216] INFO  impl.LeaderElection (LeaderElection.java:logAndReturn(56)) - 162534dc-93d9-4206-ab1e-9268955c7aca@group-7276B70EB406:LeaderElection216: Election REJECTED; received 2 response(s) [162534dc-93d9-4206-ab1e-9268955c7aca<-96acbf61-3ece-4d83-9836-a217fb58817a#0:FAIL-t1, 162534dc-93d9-4206-ab1e-9268955c7aca<-869fbf5b-cbbd-43c6-9f26-156c5192e660#0:FAIL-t1] and 0 exception(s); 162534dc-93d9-4206-ab1e-9268955c7aca@group-7276B70EB406:t1, leader=null, voted=162534dc-93d9-4206-ab1e-9268955c7aca, raftlog=162534dc-93d9-4206-ab1e-9268955c7aca@group-7276B70EB406-SegmentedRaftLog:OPENED:c-1,f-1,i0, conf=-1: [96acbf61-3ece-4d83-9836-a217fb58817a:192.168.5.175:35650, 162534dc-93d9-4206-ab1e-9268955c7aca:192.168.5.175:32957, 869fbf5b-cbbd-43c6-9f26-156c5192e660:192.168.5.175:43498], old=null
2019-10-09 13:13:54,432 [162534dc-93d9-4206-ab1e-9268955c7aca@group-7276B70EB406:LeaderElection216] INFO  impl.RaftServerImpl (RaftServerImpl.java:setRole(174)) - 162534dc-93d9-4206-ab1e-9268955c7aca@group-7276B70EB406: changes role from CANDIDATE to FOLLOWER at term 1 for DISCOVERED_A_NEW_TERM
2019-10-09 13:13:54,432 [162534dc-93d9-4206-ab1e-9268955c7aca@group-7276B70EB406:LeaderElection216] INFO  impl.RoleInfo (RoleInfo.java:shutdownLeaderElection(134)) - 162534dc-93d9-4206-ab1e-9268955c7aca: shutdown LeaderElection
2019-10-09 13:13:54,432 [162534dc-93d9-4206-ab1e-9268955c7aca@group-7276B70EB406:LeaderElection216] INFO  impl.RoleInfo (RoleInfo.java:updateAndGet(143)) - 162534dc-93d9-4206-ab1e-9268955c7aca: start FollowerState
2019-10-09 13:13:54,433 [869fbf5b-cbbd-43c6-9f26-156c5192e660@group-7276B70EB406:LeaderElection218] INFO  impl.LeaderElection (LeaderElection.java:logAndReturn(56)) - 869fbf5b-cbbd-43c6-9f26-156c5192e660@group-7276B70EB406:LeaderElection218: Election REJECTED; received 2 response(s) [869fbf5b-cbbd-43c6-9f26-156c5192e660<-96acbf61-3ece-4d83-9836-a217fb58817a#0:FAIL-t1, 869fbf5b-cbbd-43c6-9f26-156c5192e660<-162534dc-93d9-4206-ab1e-9268955c7aca#0:FAIL-t1] and 0 exception(s); 869fbf5b-cbbd-43c6-9f26-156c5192e660@group-7276B70EB406:t1, leader=null, voted=869fbf5b-cbbd-43c6-9f26-156c5192e660, raftlog=869fbf5b-cbbd-43c6-9f26-156c5192e660@group-7276B70EB406-SegmentedRaftLog:OPENED:c-1,f-1,i0, conf=-1: [96acbf61-3ece-4d83-9836-a217fb58817a:192.168.5.175:35650, 162534dc-93d9-4206-ab1e-9268955c7aca:192.168.5.175:32957, 869fbf5b-cbbd-43c6-9f26-156c5192e660:192.168.5.175:43498], old=null
2019-10-09 13:13:54,433 [869fbf5b-cbbd-43c6-9f26-156c5192e660@group-7276B70EB406:LeaderElection218] INFO  impl.RaftServerImpl (RaftServerImpl.java:setRole(174)) - 869fbf5b-cbbd-43c6-9f26-156c5192e660@group-7276B70EB406: changes role from CANDIDATE to FOLLOWER at term 1 for DISCOVERED_A_NEW_TERM
2019-10-09 13:13:54,433 [869fbf5b-cbbd-43c6-9f26-156c5192e660@group-7276B70EB406:LeaderElection218] INFO  impl.RoleInfo (RoleInfo.java:shutdownLeaderElection(134)) - 869fbf5b-cbbd-43c6-9f26-156c5192e660: shutdown LeaderElection
2019-10-09 13:13:54,433 [869fbf5b-cbbd-43c6-9f26-156c5192e660@group-7276B70EB406:LeaderElection218] INFO  impl.RoleInfo (RoleInfo.java:updateAndGet(143)) - 869fbf5b-cbbd-43c6-9f26-156c5192e660: start FollowerState
2019-10-09 13:13:54,434 [96acbf61-3ece-4d83-9836-a217fb58817a@group-F494DE254AFB:LeaderElection219] INFO  impl.LeaderElection (LeaderElection.java:logAndReturn(56)) - 96acbf61-3ece-4d83-9836-a217fb58817a@group-F494DE254AFB:LeaderElection219: Election REJECTED; received 2 response(s) [96acbf61-3ece-4d83-9836-a217fb58817a<-162534dc-93d9-4206-ab1e-9268955c7aca#0:FAIL-t1, 96acbf61-3ece-4d83-9836-a217fb58817a<-869fbf5b-cbbd-43c6-9f26-156c5192e660#0:FAIL-t1] and 0 exception(s); 96acbf61-3ece-4d83-9836-a217fb58817a@group-F494DE254AFB:t1, leader=null, voted=96acbf61-3ece-4d83-9836-a217fb58817a, raftlog=96acbf61-3ece-4d83-9836-a217fb58817a@group-F494DE254AFB-SegmentedRaftLog:OPENED:c-1,f-1,i0, conf=-1: [96acbf61-3ece-4d83-9836-a217fb58817a:192.168.5.175:35650, 162534dc-93d9-4206-ab1e-9268955c7aca:192.168.5.175:32957, 869fbf5b-cbbd-43c6-9f26-156c5192e660:192.168.5.175:43498], old=null
2019-10-09 13:13:54,434 [869fbf5b-cbbd-43c6-9f26-156c5192e660@group-F494DE254AFB:LeaderElection217] INFO  impl.LeaderElection (LeaderElection.java:logAndReturn(56)) - 869fbf5b-cbbd-43c6-9f26-156c5192e660@group-F494DE254AFB:LeaderElection217: Election REJECTED; received 2 response(s) [869fbf5b-cbbd-43c6-9f26-156c5192e660<-162534dc-93d9-4206-ab1e-9268955c7aca#0:FAIL-t1, 869fbf5b-cbbd-43c6-9f26-156c5192e660<-96acbf61-3ece-4d83-9836-a217fb58817a#0:FAIL-t1] and 0 exception(s); 869fbf5b-cbbd-43c6-9f26-156c5192e660@group-F494DE254AFB:t1, leader=null, voted=869fbf5b-cbbd-43c6-9f26-156c5192e660, raftlog=869fbf5b-cbbd-43c6-9f26-156c5192e660@group-F494DE254AFB-SegmentedRaftLog:OPENED:c-1,f-1,i0, conf=-1: [96acbf61-3ece-4d83-9836-a217fb58817a:192.168.5.175:35650, 162534dc-93d9-4206-ab1e-9268955c7aca:192.168.5.175:32957, 869fbf5b-cbbd-43c6-9f26-156c5192e660:192.168.5.175:43498], old=null
2019-10-09 13:13:54,434 [96acbf61-3ece-4d83-9836-a217fb58817a@group-F494DE254AFB:LeaderElection219] INFO  impl.RaftServerImpl (RaftServerImpl.java:setRole(174)) - 96acbf61-3ece-4d83-9836-a217fb58817a@group-F494DE254AFB: changes role from CANDIDATE to FOLLOWER at term 1 for DISCOVERED_A_NEW_TERM
2019-10-09 13:13:54,434 [869fbf5b-cbbd-43c6-9f26-156c5192e660@group-F494DE254AFB:LeaderElection217] INFO  impl.RaftServerImpl (RaftServerImpl.java:setRole(174)) - 869fbf5b-cbbd-43c6-9f26-156c5192e660@group-F494DE254AFB: changes role from CANDIDATE to FOLLOWER at term 1 for DISCOVERED_A_NEW_TERM
2019-10-09 13:13:54,434 [96acbf61-3ece-4d83-9836-a217fb58817a@group-F494DE254AFB:LeaderElection219] INFO  impl.RoleInfo (RoleInfo.java:shutdownLeaderElection(134)) - 96acbf61-3ece-4d83-9836-a217fb58817a: shutdown LeaderElection
2019-10-09 13:13:54,435 [869fbf5b-cbbd-43c6-9f26-156c5192e660@group-F494DE254AFB:LeaderElection217] INFO  impl.RoleInfo (RoleInfo.java:shutdownLeaderElection(134)) - 869fbf5b-cbbd-43c6-9f26-156c5192e660: shutdown LeaderElection
2019-10-09 13:13:54,435 [96acbf61-3ece-4d83-9836-a217fb58817a@group-F494DE254AFB:LeaderElection219] INFO  impl.RoleInfo (RoleInfo.java:updateAndGet(143)) - 96acbf61-3ece-4d83-9836-a217fb58817a: start FollowerState
2019-10-09 13:13:54,435 [869fbf5b-cbbd-43c6-9f26-156c5192e660@group-F494DE254AFB:LeaderElection217] INFO  impl.RoleInfo (RoleInfo.java:updateAndGet(143)) - 869fbf5b-cbbd-43c6-9f26-156c5192e660: start FollowerState
2019-10-09 13:13:54,467 [162534dc-93d9-4206-ab1e-9268955c7aca@group-014983823A3D-SegmentedRaftLogWorker] INFO  segmented.SegmentedRaftLogWorker (SegmentedRaftLogWorker.java:execute(569)) - 162534dc-93d9-4206-ab1e-9268955c7aca@group-014983823A3D-SegmentedRaftLogWorker: created new log segment /workdir/hadoop-ozone/integration-test/target/test-dir/MiniOzoneClusterImpl-77992fd3-8e8a-426b-8566-445f44124f00/datanode-4/data/ratis/0e7a749a-41d2-47c3-bf75-014983823a3d/current/log_inprogress_0
2019-10-09 13:13:54,725 [Thread-7352] INFO  impl.FollowerState (FollowerState.java:run(106)) - 96acbf61-3ece-4d83-9836-a217fb58817a:group-DC31737E2860 changes to CANDIDATE, lastRpcTime:5012, electionTimeout:5011ms
2019-10-09 13:13:54,730 [Thread-7352] INFO  impl.RoleInfo (RoleInfo.java:shutdownFollowerState(121)) - 96acbf61-3ece-4d83-9836-a217fb58817a: shutdown FollowerState
2019-10-09 13:13:54,731 [Thread-7352] INFO  impl.RaftServerImpl (RaftServerImpl.java:setRole(174)) - 96acbf61-3ece-4d83-9836-a217fb58817a@group-DC31737E2860: changes role from  FOLLOWER to CANDIDATE at term 1 for changeToCandidate
2019-10-09 13:13:54,731 [Thread-7352] INFO  impl.RoleInfo (RoleInfo.java:updateAndGet(143)) - 96acbf61-3ece-4d83-9836-a217fb58817a: start LeaderElection
2019-10-09 13:13:54,744 [96acbf61-3ece-4d83-9836-a217fb58817a@group-DC31737E2860:LeaderElection220] INFO  impl.LeaderElection (LeaderElection.java:askForVotes(182)) - 96acbf61-3ece-4d83-9836-a217fb58817a@group-DC31737E2860:LeaderElection220: begin an election at term 2 for -1: [96acbf61-3ece-4d83-9836-a217fb58817a:192.168.5.175:35650, 162534dc-93d9-4206-ab1e-9268955c7aca:192.168.5.175:32957, 869fbf5b-cbbd-43c6-9f26-156c5192e660:192.168.5.175:43498], old=null
2019-10-09 13:13:54,746 [grpc-default-executor-24] INFO  impl.RaftServerImpl (RaftServerImpl.java:setRole(174)) - 162534dc-93d9-4206-ab1e-9268955c7aca@group-DC31737E2860: changes role from  FOLLOWER to FOLLOWER at term 2 for recognizeCandidate:96acbf61-3ece-4d83-9836-a217fb58817a
2019-10-09 13:13:54,749 [grpc-default-executor-24] INFO  impl.RoleInfo (RoleInfo.java:shutdownFollowerState(121)) - 162534dc-93d9-4206-ab1e-9268955c7aca: shutdown FollowerState
2019-10-09 13:13:54,750 [grpc-default-executor-24] INFO  impl.RoleInfo (RoleInfo.java:updateAndGet(143)) - 162534dc-93d9-4206-ab1e-9268955c7aca: start FollowerState
2019-10-09 13:13:54,750 [Thread-7356] INFO  impl.FollowerState (FollowerState.java:run(115)) - 162534dc-93d9-4206-ab1e-9268955c7aca: FollowerState was interrupted: java.lang.InterruptedException: sleep interrupted
2019-10-09 13:13:54,750 [Thread-7353] INFO  impl.FollowerState (FollowerState.java:run(106)) - 96acbf61-3ece-4d83-9836-a217fb58817a:group-19F276FA9099 changes to CANDIDATE, lastRpcTime:5036, electionTimeout:5036ms
2019-10-09 13:13:54,750 [grpc-default-executor-15] INFO  impl.RaftServerImpl (RaftServerImpl.java:setRole(174)) - 869fbf5b-cbbd-43c6-9f26-156c5192e660@group-DC31737E2860: changes role from  FOLLOWER to FOLLOWER at term 2 for recognizeCandidate:96acbf61-3ece-4d83-9836-a217fb58817a
2019-10-09 13:13:54,750 [Thread-7353] INFO  impl.RoleInfo (RoleInfo.java:shutdownFollowerState(121)) - 96acbf61-3ece-4d83-9836-a217fb58817a: shutdown FollowerState
2019-10-09 13:13:54,750 [grpc-default-executor-15] INFO  impl.RoleInfo (RoleInfo.java:shutdownFollowerState(121)) - 869fbf5b-cbbd-43c6-9f26-156c5192e660: shutdown FollowerState
2019-10-09 13:13:54,750 [Thread-7353] INFO  impl.RaftServerImpl (RaftServerImpl.java:setRole(174)) - 96acbf61-3ece-4d83-9836-a217fb58817a@group-19F276FA9099: changes role from  FOLLOWER to CANDIDATE at term 1 for changeToCandidate
2019-10-09 13:13:54,751 [grpc-default-executor-15] INFO  impl.RoleInfo (RoleInfo.java:updateAndGet(143)) - 869fbf5b-cbbd-43c6-9f26-156c5192e660: start FollowerState
2019-10-09 13:13:54,751 [Thread-7355] INFO  impl.FollowerState (FollowerState.java:run(115)) - 869fbf5b-cbbd-43c6-9f26-156c5192e660: FollowerState was interrupted: java.lang.InterruptedException: sleep interrupted
2019-10-09 13:13:54,751 [Thread-7353] INFO  impl.RoleInfo (RoleInfo.java:updateAndGet(143)) - 96acbf61-3ece-4d83-9836-a217fb58817a: start LeaderElection
2019-10-09 13:13:54,766 [96acbf61-3ece-4d83-9836-a217fb58817a@group-19F276FA9099:LeaderElection221] INFO  impl.LeaderElection (LeaderElection.java:askForVotes(182)) - 96acbf61-3ece-4d83-9836-a217fb58817a@group-19F276FA9099:LeaderElection221: begin an election at term 2 for -1: [96acbf61-3ece-4d83-9836-a217fb58817a:192.168.5.175:35650, 162534dc-93d9-4206-ab1e-9268955c7aca:192.168.5.175:32957, 869fbf5b-cbbd-43c6-9f26-156c5192e660:192.168.5.175:43498], old=null
2019-10-09 13:13:54,767 [96acbf61-3ece-4d83-9836-a217fb58817a@group-DC31737E2860:LeaderElection220] INFO  impl.LeaderElection (LeaderElection.java:logAndReturn(56)) - 96acbf61-3ece-4d83-9836-a217fb58817a@group-DC31737E2860:LeaderElection220: Election PASSED; received 1 response(s) [96acbf61-3ece-4d83-9836-a217fb58817a<-869fbf5b-cbbd-43c6-9f26-156c5192e660#0:OK-t2] and 0 exception(s); 96acbf61-3ece-4d83-9836-a217fb58817a@group-DC31737E2860:t2, leader=null, voted=96acbf61-3ece-4d83-9836-a217fb58817a, raftlog=96acbf61-3ece-4d83-9836-a217fb58817a@group-DC31737E2860-SegmentedRaftLog:OPENED:c-1,f-1,i0, conf=-1: [96acbf61-3ece-4d83-9836-a217fb58817a:192.168.5.175:35650, 162534dc-93d9-4206-ab1e-9268955c7aca:192.168.5.175:32957, 869fbf5b-cbbd-43c6-9f26-156c5192e660:192.168.5.175:43498], old=null
2019-10-09 13:13:54,767 [96acbf61-3ece-4d83-9836-a217fb58817a@group-DC31737E2860:LeaderElection220] INFO  impl.RoleInfo (RoleInfo.java:shutdownLeaderElection(134)) - 96acbf61-3ece-4d83-9836-a217fb58817a: shutdown LeaderElection
2019-10-09 13:13:54,767 [96acbf61-3ece-4d83-9836-a217fb58817a@group-DC31737E2860:LeaderElection220] INFO  impl.RaftServerImpl (RaftServerImpl.java:setRole(174)) - 96acbf61-3ece-4d83-9836-a217fb58817a@group-DC31737E2860: changes role from CANDIDATE to LEADER at term 2 for changeToLeader
2019-10-09 13:13:54,767 [96acbf61-3ece-4d83-9836-a217fb58817a@group-DC31737E2860:LeaderElection220] INFO  impl.RaftServerImpl (ServerState.java:setLeader(253)) - 96acbf61-3ece-4d83-9836-a217fb58817a@group-DC31737E2860: change Leader from null to 96acbf61-3ece-4d83-9836-a217fb58817a at term 2 for becomeLeader, leader elected after 10960ms
2019-10-09 13:13:54,768 [96acbf61-3ece-4d83-9836-a217fb58817a@group-DC31737E2860:LeaderElection220] INFO  server.RaftServerConfigKeys (ConfUtils.java:logGet(43)) - raft.server.staging.catchup.gap = 1000 (default)
2019-10-09 13:13:54,771 [96acbf61-3ece-4d83-9836-a217fb58817a@group-DC31737E2860:LeaderElection220] INFO  server.RaftServerConfigKeys (ConfUtils.java:logGet(43)) - raft.server.rpc.sleep.time = 25ms (default)
2019-10-09 13:13:54,771 [96acbf61-3ece-4d83-9836-a217fb58817a@group-DC31737E2860:LeaderElection220] INFO  server.RaftServerConfigKeys (ConfUtils.java:logGet(43)) - raft.server.write.element-limit = 4096 (default)
2019-10-09 13:13:54,771 [grpc-default-executor-15] INFO  impl.RaftServerImpl (RaftServerImpl.java:setRole(174)) - 162534dc-93d9-4206-ab1e-9268955c7aca@group-19F276FA9099: changes role from  FOLLOWER to FOLLOWER at term 2 for recognizeCandidate:96acbf61-3ece-4d83-9836-a217fb58817a
2019-10-09 13:13:54,771 [96acbf61-3ece-4d83-9836-a217fb58817a@group-DC31737E2860:LeaderElection220] INFO  server.RaftServerConfigKeys (ConfUtils.java:logGet(43)) - raft.server.watch.timeout = 10s (default)
2019-10-09 13:13:54,772 [grpc-default-executor-24] INFO  impl.RaftServerImpl (RaftServerImpl.java:setRole(174)) - 869fbf5b-cbbd-43c6-9f26-156c5192e660@group-19F276FA9099: changes role from  FOLLOWER to FOLLOWER at term 2 for recognizeCandidate:96acbf61-3ece-4d83-9836-a217fb58817a
2019-10-09 13:13:54,772 [grpc-default-executor-15] INFO  impl.RoleInfo (RoleInfo.java:shutdownFollowerState(121)) - 162534dc-93d9-4206-ab1e-9268955c7aca: shutdown FollowerState
2019-10-09 13:13:54,772 [grpc-default-executor-24] INFO  impl.RoleInfo (RoleInfo.java:shutdownFollowerState(121)) - 869fbf5b-cbbd-43c6-9f26-156c5192e660: shutdown FollowerState
2019-10-09 13:13:54,772 [96acbf61-3ece-4d83-9836-a217fb58817a@group-DC31737E2860:LeaderElection220] INFO  server.RaftServerConfigKeys (ConfUtils.java:logGet(43)) - raft.server.watch.timeout.denomination = 1s (default)
2019-10-09 13:13:54,772 [Thread-7354] INFO  impl.FollowerState (FollowerState.java:run(115)) - 869fbf5b-cbbd-43c6-9f26-156c5192e660: FollowerState was interrupted: java.lang.InterruptedException: sleep interrupted
2019-10-09 13:13:54,772 [grpc-default-executor-24] INFO  impl.RoleInfo (RoleInfo.java:updateAndGet(143)) - 869fbf5b-cbbd-43c6-9f26-156c5192e660: start FollowerState
2019-10-09 13:13:54,772 [Thread-7357] INFO  impl.FollowerState (FollowerState.java:run(115)) - 162534dc-93d9-4206-ab1e-9268955c7aca: FollowerState was interrupted: java.lang.InterruptedException: sleep interrupted
2019-10-09 13:13:54,772 [grpc-default-executor-15] INFO  impl.RoleInfo (RoleInfo.java:updateAndGet(143)) - 162534dc-93d9-4206-ab1e-9268955c7aca: start FollowerState
2019-10-09 13:13:54,772 [96acbf61-3ece-4d83-9836-a217fb58817a@group-DC31737E2860:LeaderElection220] INFO  server.RaftServerConfigKeys (ConfUtils.java:logGet(43)) - raft.server.watch.element-limit = 65536 (default)
2019-10-09 13:13:54,775 [96acbf61-3ece-4d83-9836-a217fb58817a@group-DC31737E2860:LeaderElection220] INFO  server.RaftServerConfigKeys (ConfUtils.java:logGet(43)) - raft.server.log.appender.snapshot.chunk.size.max = 16MB (=16777216) (default)
2019-10-09 13:13:54,775 [96acbf61-3ece-4d83-9836-a217fb58817a@group-DC31737E2860:LeaderElection220] INFO  server.RaftServerConfigKeys (ConfUtils.java:logGet(43)) - raft.server.log.appender.buffer.byte-limit = 33554432 (custom)
2019-10-09 13:13:54,775 [96acbf61-3ece-4d83-9836-a217fb58817a@group-DC31737E2860:LeaderElection220] INFO  server.RaftServerConfigKeys (ConfUtils.java:logGet(43)) - raft.server.log.appender.buffer.element-limit = 1 (custom)
2019-10-09 13:13:54,776 [96acbf61-3ece-4d83-9836-a217fb58817a@group-DC31737E2860:LeaderElection220] INFO  grpc.GrpcConfigKeys$Server (ConfUtils.java:logGet(43)) - raft.grpc.server.leader.outstanding.appends.max = 128 (default)
2019-10-09 13:13:54,776 [96acbf61-3ece-4d83-9836-a217fb58817a@group-DC31737E2860:LeaderElection220] INFO  server.RaftServerConfigKeys (ConfUtils.java:logGet(43)) - raft.server.rpc.request.timeout = 3000ms (default)
2019-10-09 13:13:54,776 [96acbf61-3ece-4d83-9836-a217fb58817a@group-DC31737E2860:LeaderElection220] INFO  server.RaftServerConfigKeys (ConfUtils.java:logGet(43)) - raft.server.log.appender.install.snapshot.enabled = false (custom)
2019-10-09 13:13:54,776 [96acbf61-3ece-4d83-9836-a217fb58817a@group-DC31737E2860:LeaderElection220] INFO  server.RaftServerConfigKeys (ConfUtils.java:logGet(43)) - raft.server.log.appender.snapshot.chunk.size.max = 16MB (=16777216) (default)
2019-10-09 13:13:54,776 [96acbf61-3ece-4d83-9836-a217fb58817a@group-DC31737E2860:LeaderElection220] INFO  server.RaftServerConfigKeys (ConfUtils.java:logGet(43)) - raft.server.log.appender.buffer.byte-limit = 33554432 (custom)
2019-10-09 13:13:54,777 [96acbf61-3ece-4d83-9836-a217fb58817a@group-DC31737E2860:LeaderElection220] INFO  server.RaftServerConfigKeys (ConfUtils.java:logGet(43)) - raft.server.log.appender.buffer.element-limit = 1 (custom)
2019-10-09 13:13:54,777 [96acbf61-3ece-4d83-9836-a217fb58817a@group-DC31737E2860:LeaderElection220] INFO  grpc.GrpcConfigKeys$Server (ConfUtils.java:logGet(43)) - raft.grpc.server.leader.outstanding.appends.max = 128 (default)
2019-10-09 13:13:54,777 [96acbf61-3ece-4d83-9836-a217fb58817a@group-DC31737E2860:LeaderElection220] INFO  server.RaftServerConfigKeys (ConfUtils.java:logGet(43)) - raft.server.rpc.request.timeout = 3000ms (default)
2019-10-09 13:13:54,777 [96acbf61-3ece-4d83-9836-a217fb58817a@group-DC31737E2860:LeaderElection220] INFO  server.RaftServerConfigKeys (ConfUtils.java:logGet(43)) - raft.server.log.appender.install.snapshot.enabled = false (custom)
2019-10-09 13:13:54,777 [96acbf61-3ece-4d83-9836-a217fb58817a@group-DC31737E2860:LeaderElection220] INFO  impl.RoleInfo (RoleInfo.java:updateAndGet(143)) - 96acbf61-3ece-4d83-9836-a217fb58817a: start LeaderState
2019-10-09 13:13:54,778 [96acbf61-3ece-4d83-9836-a217fb58817a@group-DC31737E2860:LeaderElection220] INFO  segmented.SegmentedRaftLogWorker (SegmentedRaftLogWorker.java:startLogSegment(380)) - 96acbf61-3ece-4d83-9836-a217fb58817a@group-DC31737E2860-SegmentedRaftLogWorker: Starting segment from index:0
2019-10-09 13:13:54,778 [96acbf61-3ece-4d83-9836-a217fb58817a@group-DC31737E2860:LeaderElection220] INFO  impl.RaftServerImpl (ServerState.java:setRaftConf(354)) - 96acbf61-3ece-4d83-9836-a217fb58817a@group-DC31737E2860: set configuration 0: [96acbf61-3ece-4d83-9836-a217fb58817a:192.168.5.175:35650, 162534dc-93d9-4206-ab1e-9268955c7aca:192.168.5.175:32957, 869fbf5b-cbbd-43c6-9f26-156c5192e660:192.168.5.175:43498], old=null at 0
2019-10-09 13:13:54,779 [grpc-default-executor-30] INFO  impl.RaftServerImpl (ServerState.java:setLeader(253)) - 162534dc-93d9-4206-ab1e-9268955c7aca@group-DC31737E2860: change Leader from null to 96acbf61-3ece-4d83-9836-a217fb58817a at term 2 for appendEntries, leader elected after 10972ms
2019-10-09 13:13:54,779 [grpc-default-executor-33] INFO  impl.RaftServerImpl (ServerState.java:setLeader(253)) - 869fbf5b-cbbd-43c6-9f26-156c5192e660@group-DC31737E2860: change Leader from null to 96acbf61-3ece-4d83-9836-a217fb58817a at term 2 for appendEntries, leader elected after 10972ms
2019-10-09 13:13:54,781 [grpc-default-executor-33] INFO  impl.RaftServerImpl (ServerState.java:setRaftConf(354)) - 162534dc-93d9-4206-ab1e-9268955c7aca@group-DC31737E2860: set configuration 0: [96acbf61-3ece-4d83-9836-a217fb58817a:192.168.5.175:35650, 162534dc-93d9-4206-ab1e-9268955c7aca:192.168.5.175:32957, 869fbf5b-cbbd-43c6-9f26-156c5192e660:192.168.5.175:43498], old=null at 0
2019-10-09 13:13:54,781 [grpc-default-executor-33] INFO  segmented.SegmentedRaftLogWorker (SegmentedRaftLogWorker.java:startLogSegment(380)) - 162534dc-93d9-4206-ab1e-9268955c7aca@group-DC31737E2860-SegmentedRaftLogWorker: Starting segment from index:0
2019-10-09 13:13:54,781 [grpc-default-executor-30] INFO  impl.RaftServerImpl (ServerState.java:setRaftConf(354)) - 869fbf5b-cbbd-43c6-9f26-156c5192e660@group-DC31737E2860: set configuration 0: [96acbf61-3ece-4d83-9836-a217fb58817a:192.168.5.175:35650, 162534dc-93d9-4206-ab1e-9268955c7aca:192.168.5.175:32957, 869fbf5b-cbbd-43c6-9f26-156c5192e660:192.168.5.175:43498], old=null at 0
2019-10-09 13:13:54,781 [grpc-default-executor-30] INFO  segmented.SegmentedRaftLogWorker (SegmentedRaftLogWorker.java:startLogSegment(380)) - 869fbf5b-cbbd-43c6-9f26-156c5192e660@group-DC31737E2860-SegmentedRaftLogWorker: Starting segment from index:0
2019-10-09 13:13:54,787 [96acbf61-3ece-4d83-9836-a217fb58817a@group-19F276FA9099:LeaderElection221] INFO  impl.LeaderElection (LeaderElection.java:logAndReturn(56)) - 96acbf61-3ece-4d83-9836-a217fb58817a@group-19F276FA9099:LeaderElection221: Election PASSED; received 1 response(s) [96acbf61-3ece-4d83-9836-a217fb58817a<-869fbf5b-cbbd-43c6-9f26-156c5192e660#0:OK-t2] and 0 exception(s); 96acbf61-3ece-4d83-9836-a217fb58817a@group-19F276FA9099:t2, leader=null, voted=96acbf61-3ece-4d83-9836-a217fb58817a, raftlog=96acbf61-3ece-4d83-9836-a217fb58817a@group-19F276FA9099-SegmentedRaftLog:OPENED:c-1,f-1,i0, conf=-1: [96acbf61-3ece-4d83-9836-a217fb58817a:192.168.5.175:35650, 162534dc-93d9-4206-ab1e-9268955c7aca:192.168.5.175:32957, 869fbf5b-cbbd-43c6-9f26-156c5192e660:192.168.5.175:43498], old=null
2019-10-09 13:13:54,787 [96acbf61-3ece-4d83-9836-a217fb58817a@group-19F276FA9099:LeaderElection221] INFO  impl.RoleInfo (RoleInfo.java:shutdownLeaderElection(134)) - 96acbf61-3ece-4d83-9836-a217fb58817a: shutdown LeaderElection
2019-10-09 13:13:54,787 [96acbf61-3ece-4d83-9836-a217fb58817a@group-19F276FA9099:LeaderElection221] INFO  impl.RaftServerImpl (RaftServerImpl.java:setRole(174)) - 96acbf61-3ece-4d83-9836-a217fb58817a@group-19F276FA9099: changes role from CANDIDATE to LEADER at term 2 for changeToLeader
2019-10-09 13:13:54,787 [96acbf61-3ece-4d83-9836-a217fb58817a@group-19F276FA9099:LeaderElection221] INFO  impl.RaftServerImpl (ServerState.java:setLeader(253)) - 96acbf61-3ece-4d83-9836-a217fb58817a@group-19F276FA9099: change Leader from null to 96acbf61-3ece-4d83-9836-a217fb58817a at term 2 for becomeLeader, leader elected after 10935ms
2019-10-09 13:13:54,787 [96acbf61-3ece-4d83-9836-a217fb58817a@group-19F276FA9099:LeaderElection221] INFO  server.RaftServerConfigKeys (ConfUtils.java:logGet(43)) - raft.server.staging.catchup.gap = 1000 (default)
2019-10-09 13:13:54,788 [96acbf61-3ece-4d83-9836-a217fb58817a@group-19F276FA9099:LeaderElection221] INFO  server.RaftServerConfigKeys (ConfUtils.java:logGet(43)) - raft.server.rpc.sleep.time = 25ms (default)
2019-10-09 13:13:54,788 [96acbf61-3ece-4d83-9836-a217fb58817a@group-19F276FA9099:LeaderElection221] INFO  server.RaftServerConfigKeys (ConfUtils.java:logGet(43)) - raft.server.write.element-limit = 4096 (default)
2019-10-09 13:13:54,788 [96acbf61-3ece-4d83-9836-a217fb58817a@group-19F276FA9099:LeaderElection221] INFO  server.RaftServerConfigKeys (ConfUtils.java:logGet(43)) - raft.server.watch.timeout = 10s (default)
2019-10-09 13:13:54,788 [96acbf61-3ece-4d83-9836-a217fb58817a@group-19F276FA9099:LeaderElection221] INFO  server.RaftServerConfigKeys (ConfUtils.java:logGet(43)) - raft.server.watch.timeout.denomination = 1s (default)
2019-10-09 13:13:54,788 [96acbf61-3ece-4d83-9836-a217fb58817a@group-19F276FA9099:LeaderElection221] INFO  server.RaftServerConfigKeys (ConfUtils.java:logGet(43)) - raft.server.watch.element-limit = 65536 (default)
2019-10-09 13:13:54,790 [96acbf61-3ece-4d83-9836-a217fb58817a@group-19F276FA9099:LeaderElection221] INFO  server.RaftServerConfigKeys (ConfUtils.java:logGet(43)) - raft.server.log.appender.snapshot.chunk.size.max = 16MB (=16777216) (default)
2019-10-09 13:13:54,790 [96acbf61-3ece-4d83-9836-a217fb58817a@group-19F276FA9099:LeaderElection221] INFO  server.RaftServerConfigKeys (ConfUtils.java:logGet(43)) - raft.server.log.appender.buffer.byte-limit = 33554432 (custom)
2019-10-09 13:13:54,790 [96acbf61-3ece-4d83-9836-a217fb58817a@group-19F276FA9099:LeaderElection221] INFO  server.RaftServerConfigKeys (ConfUtils.java:logGet(43)) - raft.server.log.appender.buffer.element-limit = 1 (custom)
2019-10-09 13:13:54,790 [96acbf61-3ece-4d83-9836-a217fb58817a@group-19F276FA9099:LeaderElection221] INFO  grpc.GrpcConfigKeys$Server (ConfUtils.java:logGet(43)) - raft.grpc.server.leader.outstanding.appends.max = 128 (default)
2019-10-09 13:13:54,791 [96acbf61-3ece-4d83-9836-a217fb58817a@group-19F276FA9099:LeaderElection221] INFO  server.RaftServerConfigKeys (ConfUtils.java:logGet(43)) - raft.server.rpc.request.timeout = 3000ms (default)
2019-10-09 13:13:54,791 [96acbf61-3ece-4d83-9836-a217fb58817a@group-19F276FA9099:LeaderElection221] INFO  server.RaftServerConfigKeys (ConfUtils.java:logGet(43)) - raft.server.log.appender.install.snapshot.enabled = false (custom)
2019-10-09 13:13:54,791 [96acbf61-3ece-4d83-9836-a217fb58817a@group-19F276FA9099:LeaderElection221] INFO  server.RaftServerConfigKeys (ConfUtils.java:logGet(43)) - raft.server.log.appender.snapshot.chunk.size.max = 16MB (=16777216) (default)
2019-10-09 13:13:54,791 [96acbf61-3ece-4d83-9836-a217fb58817a@group-19F276FA9099:LeaderElection221] INFO  server.RaftServerConfigKeys (ConfUtils.java:logGet(43)) - raft.server.log.appender.buffer.byte-limit = 33554432 (custom)
2019-10-09 13:13:54,791 [96acbf61-3ece-4d83-9836-a217fb58817a@group-19F276FA9099:LeaderElection221] INFO  server.RaftServerConfigKeys (ConfUtils.java:logGet(43)) - raft.server.log.appender.buffer.element-limit = 1 (custom)
2019-10-09 13:13:54,791 [96acbf61-3ece-4d83-9836-a217fb58817a@group-19F276FA9099:LeaderElection221] INFO  grpc.GrpcConfigKeys$Server (ConfUtils.java:logGet(43)) - raft.grpc.server.leader.outstanding.appends.max = 128 (default)
2019-10-09 13:13:54,792 [96acbf61-3ece-4d83-9836-a217fb58817a@group-19F276FA9099:LeaderElection221] INFO  server.RaftServerConfigKeys (ConfUtils.java:logGet(43)) - raft.server.rpc.request.timeout = 3000ms (default)
2019-10-09 13:13:54,792 [96acbf61-3ece-4d83-9836-a217fb58817a@group-19F276FA9099:LeaderElection221] INFO  server.RaftServerConfigKeys (ConfUtils.java:logGet(43)) - raft.server.log.appender.install.snapshot.enabled = false (custom)
2019-10-09 13:13:54,792 [96acbf61-3ece-4d83-9836-a217fb58817a@group-19F276FA9099:LeaderElection221] INFO  impl.RoleInfo (RoleInfo.java:updateAndGet(143)) - 96acbf61-3ece-4d83-9836-a217fb58817a: start LeaderState
2019-10-09 13:13:54,792 [96acbf61-3ece-4d83-9836-a217fb58817a@group-19F276FA9099:LeaderElection221] INFO  segmented.SegmentedRaftLogWorker (SegmentedRaftLogWorker.java:startLogSegment(380)) - 96acbf61-3ece-4d83-9836-a217fb58817a@group-19F276FA9099-SegmentedRaftLogWorker: Starting segment from index:0
2019-10-09 13:13:54,793 [96acbf61-3ece-4d83-9836-a217fb58817a@group-19F276FA9099:LeaderElection221] INFO  impl.RaftServerImpl (ServerState.java:setRaftConf(354)) - 96acbf61-3ece-4d83-9836-a217fb58817a@group-19F276FA9099: set configuration 0: [96acbf61-3ece-4d83-9836-a217fb58817a:192.168.5.175:35650, 162534dc-93d9-4206-ab1e-9268955c7aca:192.168.5.175:32957, 869fbf5b-cbbd-43c6-9f26-156c5192e660:192.168.5.175:43498], old=null at 0
2019-10-09 13:13:54,793 [grpc-default-executor-24] INFO  impl.RaftServerImpl (ServerState.java:setLeader(253)) - 162534dc-93d9-4206-ab1e-9268955c7aca@group-19F276FA9099: change Leader from null to 96acbf61-3ece-4d83-9836-a217fb58817a at term 2 for appendEntries, leader elected after 10941ms
2019-10-09 13:13:54,794 [grpc-default-executor-15] INFO  impl.RaftServerImpl (ServerState.java:setLeader(253)) - 869fbf5b-cbbd-43c6-9f26-156c5192e660@group-19F276FA9099: change Leader from null to 96acbf61-3ece-4d83-9836-a217fb58817a at term 2 for appendEntries, leader elected after 10941ms
2019-10-09 13:13:54,795 [grpc-default-executor-15] INFO  impl.RaftServerImpl (ServerState.java:setRaftConf(354)) - 162534dc-93d9-4206-ab1e-9268955c7aca@group-19F276FA9099: set configuration 0: [96acbf61-3ece-4d83-9836-a217fb58817a:192.168.5.175:35650, 162534dc-93d9-4206-ab1e-9268955c7aca:192.168.5.175:32957, 869fbf5b-cbbd-43c6-9f26-156c5192e660:192.168.5.175:43498], old=null at 0
2019-10-09 13:13:54,795 [grpc-default-executor-15] INFO  segmented.SegmentedRaftLogWorker (SegmentedRaftLogWorker.java:startLogSegment(380)) - 162534dc-93d9-4206-ab1e-9268955c7aca@group-19F276FA9099-SegmentedRaftLogWorker: Starting segment from index:0
2019-10-09 13:13:54,795 [grpc-default-executor-24] INFO  impl.RaftServerImpl (ServerState.java:setRaftConf(354)) - 869fbf5b-cbbd-43c6-9f26-156c5192e660@group-19F276FA9099: set configuration 0: [96acbf61-3ece-4d83-9836-a217fb58817a:192.168.5.175:35650, 162534dc-93d9-4206-ab1e-9268955c7aca:192.168.5.175:32957, 869fbf5b-cbbd-43c6-9f26-156c5192e660:192.168.5.175:43498], old=null at 0
2019-10-09 13:13:54,795 [grpc-default-executor-24] INFO  segmented.SegmentedRaftLogWorker (SegmentedRaftLogWorker.java:startLogSegment(380)) - 869fbf5b-cbbd-43c6-9f26-156c5192e660@group-19F276FA9099-SegmentedRaftLogWorker: Starting segment from index:0
2019-10-09 13:13:54,820 [869fbf5b-cbbd-43c6-9f26-156c5192e660@group-DC31737E2860-SegmentedRaftLogWorker] INFO  segmented.SegmentedRaftLogWorker (SegmentedRaftLogWorker.java:execute(569)) - 869fbf5b-cbbd-43c6-9f26-156c5192e660@group-DC31737E2860-SegmentedRaftLogWorker: created new log segment /workdir/hadoop-ozone/integration-test/target/test-dir/MiniOzoneClusterImpl-77992fd3-8e8a-426b-8566-445f44124f00/datanode-3/data/ratis/edc78da7-8915-4033-8710-dc31737e2860/current/log_inprogress_0
2019-10-09 13:13:54,820 [162534dc-93d9-4206-ab1e-9268955c7aca@group-DC31737E2860-SegmentedRaftLogWorker] INFO  segmented.SegmentedRaftLogWorker (SegmentedRaftLogWorker.java:execute(569)) - 162534dc-93d9-4206-ab1e-9268955c7aca@group-DC31737E2860-SegmentedRaftLogWorker: created new log segment /workdir/hadoop-ozone/integration-test/target/test-dir/MiniOzoneClusterImpl-77992fd3-8e8a-426b-8566-445f44124f00/datanode-4/data/ratis/edc78da7-8915-4033-8710-dc31737e2860/current/log_inprogress_0
2019-10-09 13:13:54,820 [96acbf61-3ece-4d83-9836-a217fb58817a@group-DC31737E2860-SegmentedRaftLogWorker] INFO  segmented.SegmentedRaftLogWorker (SegmentedRaftLogWorker.java:execute(569)) - 96acbf61-3ece-4d83-9836-a217fb58817a@group-DC31737E2860-SegmentedRaftLogWorker: created new log segment /workdir/hadoop-ozone/integration-test/target/test-dir/MiniOzoneClusterImpl-77992fd3-8e8a-426b-8566-445f44124f00/datanode-1/data/ratis/edc78da7-8915-4033-8710-dc31737e2860/current/log_inprogress_0
2019-10-09 13:13:54,835 [162534dc-93d9-4206-ab1e-9268955c7aca@group-19F276FA9099-SegmentedRaftLogWorker] INFO  segmented.SegmentedRaftLogWorker (SegmentedRaftLogWorker.java:execute(569)) - 162534dc-93d9-4206-ab1e-9268955c7aca@group-19F276FA9099-SegmentedRaftLogWorker: created new log segment /workdir/hadoop-ozone/integration-test/target/test-dir/MiniOzoneClusterImpl-77992fd3-8e8a-426b-8566-445f44124f00/datanode-4/data/ratis/c0fa437f-cd60-420f-a614-19f276fa9099/current/log_inprogress_0
2019-10-09 13:13:54,835 [869fbf5b-cbbd-43c6-9f26-156c5192e660@group-19F276FA9099-SegmentedRaftLogWorker] INFO  segmented.SegmentedRaftLogWorker (SegmentedRaftLogWorker.java:execute(569)) - 869fbf5b-cbbd-43c6-9f26-156c5192e660@group-19F276FA9099-SegmentedRaftLogWorker: created new log segment /workdir/hadoop-ozone/integration-test/target/test-dir/MiniOzoneClusterImpl-77992fd3-8e8a-426b-8566-445f44124f00/datanode-3/data/ratis/c0fa437f-cd60-420f-a614-19f276fa9099/current/log_inprogress_0
2019-10-09 13:13:54,835 [96acbf61-3ece-4d83-9836-a217fb58817a@group-19F276FA9099-SegmentedRaftLogWorker] INFO  segmented.SegmentedRaftLogWorker (SegmentedRaftLogWorker.java:execute(569)) - 96acbf61-3ece-4d83-9836-a217fb58817a@group-19F276FA9099-SegmentedRaftLogWorker: created new log segment /workdir/hadoop-ozone/integration-test/target/test-dir/MiniOzoneClusterImpl-77992fd3-8e8a-426b-8566-445f44124f00/datanode-1/data/ratis/c0fa437f-cd60-420f-a614-19f276fa9099/current/log_inprogress_0
2019-10-09 13:13:55,568 [Datanode State Machine Thread - 0] INFO  statemachine.DatanodeStateMachine (DatanodeStateMachine.java:lambda$startDaemon$0(350)) - Ozone container server started.
2019-10-09 13:13:59,468 [Thread-7458] INFO  impl.FollowerState (FollowerState.java:run(106)) - 96acbf61-3ece-4d83-9836-a217fb58817a:group-7276B70EB406 changes to CANDIDATE, lastRpcTime:5037, electionTimeout:5037ms
2019-10-09 13:13:59,469 [Thread-7458] INFO  impl.RoleInfo (RoleInfo.java:shutdownFollowerState(121)) - 96acbf61-3ece-4d83-9836-a217fb58817a: shutdown FollowerState
2019-10-09 13:13:59,469 [Thread-7458] INFO  impl.RaftServerImpl (RaftServerImpl.java:setRole(174)) - 96acbf61-3ece-4d83-9836-a217fb58817a@group-7276B70EB406: changes role from  FOLLOWER to CANDIDATE at term 1 for changeToCandidate
2019-10-09 13:13:59,469 [Thread-7458] INFO  impl.RoleInfo (RoleInfo.java:updateAndGet(143)) - 96acbf61-3ece-4d83-9836-a217fb58817a: start LeaderElection
2019-10-09 13:13:59,470 [Thread-7460] INFO  impl.FollowerState (FollowerState.java:run(106)) - 869fbf5b-cbbd-43c6-9f26-156c5192e660:group-7276B70EB406 changes to CANDIDATE, lastRpcTime:5036, electionTimeout:5036ms
2019-10-09 13:13:59,470 [Thread-7460] INFO  impl.RoleInfo (RoleInfo.java:shutdownFollowerState(121)) - 869fbf5b-cbbd-43c6-9f26-156c5192e660: shutdown FollowerState
2019-10-09 13:13:59,470 [Thread-7460] INFO  impl.RaftServerImpl (RaftServerImpl.java:setRole(174)) - 869fbf5b-cbbd-43c6-9f26-156c5192e660@group-7276B70EB406: changes role from  FOLLOWER to CANDIDATE at term 1 for changeToCandidate
2019-10-09 13:13:59,470 [Thread-7460] INFO  impl.RoleInfo (RoleInfo.java:updateAndGet(143)) - 869fbf5b-cbbd-43c6-9f26-156c5192e660: start LeaderElection
2019-10-09 13:13:59,480 [Thread-7457] INFO  impl.FollowerState (FollowerState.java:run(106)) - 162534dc-93d9-4206-ab1e-9268955c7aca:group-F494DE254AFB changes to CANDIDATE, lastRpcTime:5049, electionTimeout:5049ms
2019-10-09 13:13:59,480 [Thread-7457] INFO  impl.RoleInfo (RoleInfo.java:shutdownFollowerState(121)) - 162534dc-93d9-4206-ab1e-9268955c7aca: shutdown FollowerState
2019-10-09 13:13:59,480 [Thread-7457] INFO  impl.RaftServerImpl (RaftServerImpl.java:setRole(174)) - 162534dc-93d9-4206-ab1e-9268955c7aca@group-F494DE254AFB: changes role from  FOLLOWER to CANDIDATE at term 1 for changeToCandidate
2019-10-09 13:13:59,480 [Thread-7457] INFO  impl.RoleInfo (RoleInfo.java:updateAndGet(143)) - 162534dc-93d9-4206-ab1e-9268955c7aca: start LeaderElection
2019-10-09 13:13:59,483 [Thread-7462] INFO  impl.FollowerState (FollowerState.java:run(106)) - 869fbf5b-cbbd-43c6-9f26-156c5192e660:group-F494DE254AFB changes to CANDIDATE, lastRpcTime:5048, electionTimeout:5048ms
2019-10-09 13:13:59,483 [Thread-7462] INFO  impl.RoleInfo (RoleInfo.java:shutdownFollowerState(121)) - 869fbf5b-cbbd-43c6-9f26-156c5192e660: shutdown FollowerState
2019-10-09 13:13:59,484 [Thread-7462] INFO  impl.RaftServerImpl (RaftServerImpl.java:setRole(174)) - 869fbf5b-cbbd-43c6-9f26-156c5192e660@group-F494DE254AFB: changes role from  FOLLOWER to CANDIDATE at term 1 for changeToCandidate
2019-10-09 13:13:59,484 [Thread-7462] INFO  impl.RoleInfo (RoleInfo.java:updateAndGet(143)) - 869fbf5b-cbbd-43c6-9f26-156c5192e660: start LeaderElection
2019-10-09 13:13:59,484 [162534dc-93d9-4206-ab1e-9268955c7aca@group-F494DE254AFB:LeaderElection224] INFO  impl.LeaderElection (LeaderElection.java:askForVotes(182)) - 162534dc-93d9-4206-ab1e-9268955c7aca@group-F494DE254AFB:LeaderElection224: begin an election at term 2 for -1: [96acbf61-3ece-4d83-9836-a217fb58817a:192.168.5.175:35650, 162534dc-93d9-4206-ab1e-9268955c7aca:192.168.5.175:32957, 869fbf5b-cbbd-43c6-9f26-156c5192e660:192.168.5.175:43498], old=null
2019-10-09 13:13:59,484 [96acbf61-3ece-4d83-9836-a217fb58817a@group-7276B70EB406:LeaderElection222] INFO  impl.LeaderElection (LeaderElection.java:askForVotes(182)) - 96acbf61-3ece-4d83-9836-a217fb58817a@group-7276B70EB406:LeaderElection222: begin an election at term 2 for -1: [96acbf61-3ece-4d83-9836-a217fb58817a:192.168.5.175:35650, 162534dc-93d9-4206-ab1e-9268955c7aca:192.168.5.175:32957, 869fbf5b-cbbd-43c6-9f26-156c5192e660:192.168.5.175:43498], old=null
2019-10-09 13:13:59,484 [869fbf5b-cbbd-43c6-9f26-156c5192e660@group-7276B70EB406:LeaderElection223] INFO  impl.LeaderElection (LeaderElection.java:askForVotes(182)) - 869fbf5b-cbbd-43c6-9f26-156c5192e660@group-7276B70EB406:LeaderElection223: begin an election at term 2 for -1: [96acbf61-3ece-4d83-9836-a217fb58817a:192.168.5.175:35650, 162534dc-93d9-4206-ab1e-9268955c7aca:192.168.5.175:32957, 869fbf5b-cbbd-43c6-9f26-156c5192e660:192.168.5.175:43498], old=null
2019-10-09 13:13:59,486 [grpc-default-executor-15] INFO  impl.RaftServerImpl (RaftServerImpl.java:setRole(174)) - 96acbf61-3ece-4d83-9836-a217fb58817a@group-F494DE254AFB: changes role from  FOLLOWER to FOLLOWER at term 2 for recognizeCandidate:162534dc-93d9-4206-ab1e-9268955c7aca
2019-10-09 13:13:59,486 [grpc-default-executor-15] INFO  impl.RoleInfo (RoleInfo.java:shutdownFollowerState(121)) - 96acbf61-3ece-4d83-9836-a217fb58817a: shutdown FollowerState
2019-10-09 13:13:59,486 [grpc-default-executor-15] INFO  impl.RoleInfo (RoleInfo.java:updateAndGet(143)) - 96acbf61-3ece-4d83-9836-a217fb58817a: start FollowerState
2019-10-09 13:13:59,486 [Thread-7461] INFO  impl.FollowerState (FollowerState.java:run(115)) - 96acbf61-3ece-4d83-9836-a217fb58817a: FollowerState was interrupted: java.lang.InterruptedException: sleep interrupted
2019-10-09 13:13:59,487 [grpc-default-executor-24] INFO  impl.RaftServerImpl (RaftServerImpl.java:setRole(174)) - 162534dc-93d9-4206-ab1e-9268955c7aca@group-7276B70EB406: changes role from  FOLLOWER to FOLLOWER at term 2 for recognizeCandidate:869fbf5b-cbbd-43c6-9f26-156c5192e660
2019-10-09 13:13:59,487 [grpc-default-executor-24] INFO  impl.RoleInfo (RoleInfo.java:shutdownFollowerState(121)) - 162534dc-93d9-4206-ab1e-9268955c7aca: shutdown FollowerState
2019-10-09 13:13:59,487 [grpc-default-executor-24] INFO  impl.RoleInfo (RoleInfo.java:updateAndGet(143)) - 162534dc-93d9-4206-ab1e-9268955c7aca: start FollowerState
2019-10-09 13:13:59,488 [Thread-7459] INFO  impl.FollowerState (FollowerState.java:run(115)) - 162534dc-93d9-4206-ab1e-9268955c7aca: FollowerState was interrupted: java.lang.InterruptedException: sleep interrupted
2019-10-09 13:13:59,497 [869fbf5b-cbbd-43c6-9f26-156c5192e660@group-F494DE254AFB:LeaderElection225] INFO  impl.LeaderElection (LeaderElection.java:askForVotes(182)) - 869fbf5b-cbbd-43c6-9f26-156c5192e660@group-F494DE254AFB:LeaderElection225: begin an election at term 2 for -1: [96acbf61-3ece-4d83-9836-a217fb58817a:192.168.5.175:35650, 162534dc-93d9-4206-ab1e-9268955c7aca:192.168.5.175:32957, 869fbf5b-cbbd-43c6-9f26-156c5192e660:192.168.5.175:43498], old=null
2019-10-09 13:13:59,498 [869fbf5b-cbbd-43c6-9f26-156c5192e660@group-7276B70EB406:LeaderElection223] INFO  impl.LeaderElection (LeaderElection.java:logAndReturn(56)) - 869fbf5b-cbbd-43c6-9f26-156c5192e660@group-7276B70EB406:LeaderElection223: Election PASSED; received 2 response(s) [869fbf5b-cbbd-43c6-9f26-156c5192e660<-96acbf61-3ece-4d83-9836-a217fb58817a#0:FAIL-t2, 869fbf5b-cbbd-43c6-9f26-156c5192e660<-162534dc-93d9-4206-ab1e-9268955c7aca#0:OK-t2] and 0 exception(s); 869fbf5b-cbbd-43c6-9f26-156c5192e660@group-7276B70EB406:t2, leader=null, voted=869fbf5b-cbbd-43c6-9f26-156c5192e660, raftlog=869fbf5b-cbbd-43c6-9f26-156c5192e660@group-7276B70EB406-SegmentedRaftLog:OPENED:c-1,f-1,i0, conf=-1: [96acbf61-3ece-4d83-9836-a217fb58817a:192.168.5.175:35650, 162534dc-93d9-4206-ab1e-9268955c7aca:192.168.5.175:32957, 869fbf5b-cbbd-43c6-9f26-156c5192e660:192.168.5.175:43498], old=null
2019-10-09 13:13:59,498 [162534dc-93d9-4206-ab1e-9268955c7aca@group-F494DE254AFB:LeaderElection224] INFO  impl.LeaderElection (LeaderElection.java:logAndReturn(56)) - 162534dc-93d9-4206-ab1e-9268955c7aca@group-F494DE254AFB:LeaderElection224: Election PASSED; received 1 response(s) [162534dc-93d9-4206-ab1e-9268955c7aca<-96acbf61-3ece-4d83-9836-a217fb58817a#0:OK-t2] and 0 exception(s); 162534dc-93d9-4206-ab1e-9268955c7aca@group-F494DE254AFB:t2, leader=null, voted=162534dc-93d9-4206-ab1e-9268955c7aca, raftlog=162534dc-93d9-4206-ab1e-9268955c7aca@group-F494DE254AFB-SegmentedRaftLog:OPENED:c-1,f-1,i0, conf=-1: [96acbf61-3ece-4d83-9836-a217fb58817a:192.168.5.175:35650, 162534dc-93d9-4206-ab1e-9268955c7aca:192.168.5.175:32957, 869fbf5b-cbbd-43c6-9f26-156c5192e660:192.168.5.175:43498], old=null
2019-10-09 13:13:59,498 [96acbf61-3ece-4d83-9836-a217fb58817a@group-7276B70EB406:LeaderElection222] INFO  impl.LeaderElection (LeaderElection.java:logAndReturn(56)) - 96acbf61-3ece-4d83-9836-a217fb58817a@group-7276B70EB406:LeaderElection222: Election REJECTED; received 2 response(s) [96acbf61-3ece-4d83-9836-a217fb58817a<-162534dc-93d9-4206-ab1e-9268955c7aca#0:FAIL-t2, 96acbf61-3ece-4d83-9836-a217fb58817a<-869fbf5b-cbbd-43c6-9f26-156c5192e660#0:FAIL-t2] and 0 exception(s); 96acbf61-3ece-4d83-9836-a217fb58817a@group-7276B70EB406:t2, leader=null, voted=96acbf61-3ece-4d83-9836-a217fb58817a, raftlog=96acbf61-3ece-4d83-9836-a217fb58817a@group-7276B70EB406-SegmentedRaftLog:OPENED:c-1,f-1,i0, conf=-1: [96acbf61-3ece-4d83-9836-a217fb58817a:192.168.5.175:35650, 162534dc-93d9-4206-ab1e-9268955c7aca:192.168.5.175:32957, 869fbf5b-cbbd-43c6-9f26-156c5192e660:192.168.5.175:43498], old=null
2019-10-09 13:13:59,498 [162534dc-93d9-4206-ab1e-9268955c7aca@group-F494DE254AFB:LeaderElection224] INFO  impl.RoleInfo (RoleInfo.java:shutdownLeaderElection(134)) - 162534dc-93d9-4206-ab1e-9268955c7aca: shutdown LeaderElection
2019-10-09 13:13:59,498 [869fbf5b-cbbd-43c6-9f26-156c5192e660@group-7276B70EB406:LeaderElection223] INFO  impl.RoleInfo (RoleInfo.java:shutdownLeaderElection(134)) - 869fbf5b-cbbd-43c6-9f26-156c5192e660: shutdown LeaderElection
2019-10-09 13:13:59,499 [162534dc-93d9-4206-ab1e-9268955c7aca@group-F494DE254AFB:LeaderElection224] INFO  impl.RaftServerImpl (RaftServerImpl.java:setRole(174)) - 162534dc-93d9-4206-ab1e-9268955c7aca@group-F494DE254AFB: changes role from CANDIDATE to LEADER at term 2 for changeToLeader
2019-10-09 13:13:59,499 [96acbf61-3ece-4d83-9836-a217fb58817a@group-7276B70EB406:LeaderElection222] INFO  impl.RaftServerImpl (RaftServerImpl.java:setRole(174)) - 96acbf61-3ece-4d83-9836-a217fb58817a@group-7276B70EB406: changes role from CANDIDATE to FOLLOWER at term 2 for DISCOVERED_A_NEW_TERM
2019-10-09 13:13:59,499 [96acbf61-3ece-4d83-9836-a217fb58817a@group-7276B70EB406:LeaderElection222] INFO  impl.RoleInfo (RoleInfo.java:shutdownLeaderElection(134)) - 96acbf61-3ece-4d83-9836-a217fb58817a: shutdown LeaderElection
2019-10-09 13:13:59,499 [162534dc-93d9-4206-ab1e-9268955c7aca@group-F494DE254AFB:LeaderElection224] INFO  impl.RaftServerImpl (ServerState.java:setLeader(253)) - 162534dc-93d9-4206-ab1e-9268955c7aca@group-F494DE254AFB: change Leader from null to 162534dc-93d9-4206-ab1e-9268955c7aca at term 2 for becomeLeader, leader elected after 16088ms
2019-10-09 13:13:59,499 [869fbf5b-cbbd-43c6-9f26-156c5192e660@group-7276B70EB406:LeaderElection223] INFO  impl.RaftServerImpl (RaftServerImpl.java:setRole(174)) - 869fbf5b-cbbd-43c6-9f26-156c5192e660@group-7276B70EB406: changes role from CANDIDATE to LEADER at term 2 for changeToLeader
2019-10-09 13:13:59,504 [162534dc-93d9-4206-ab1e-9268955c7aca@group-F494DE254AFB:LeaderElection224] INFO  server.RaftServerConfigKeys (ConfUtils.java:logGet(43)) - raft.server.staging.catchup.gap = 1000 (default)
2019-10-09 13:13:59,499 [96acbf61-3ece-4d83-9836-a217fb58817a@group-7276B70EB406:LeaderElection222] INFO  impl.RoleInfo (RoleInfo.java:updateAndGet(143)) - 96acbf61-3ece-4d83-9836-a217fb58817a: start FollowerState
2019-10-09 13:13:59,504 [162534dc-93d9-4206-ab1e-9268955c7aca@group-F494DE254AFB:LeaderElection224] INFO  server.RaftServerConfigKeys (ConfUtils.java:logGet(43)) - raft.server.rpc.sleep.time = 25ms (default)
2019-10-09 13:13:59,504 [869fbf5b-cbbd-43c6-9f26-156c5192e660@group-7276B70EB406:LeaderElection223] INFO  impl.RaftServerImpl (ServerState.java:setLeader(253)) - 869fbf5b-cbbd-43c6-9f26-156c5192e660@group-7276B70EB406: change Leader from null to 869fbf5b-cbbd-43c6-9f26-156c5192e660 at term 2 for becomeLeader, leader elected after 16034ms
2019-10-09 13:13:59,504 [162534dc-93d9-4206-ab1e-9268955c7aca@group-F494DE254AFB:LeaderElection224] INFO  server.RaftServerConfigKeys (ConfUtils.java:logGet(43)) - raft.server.write.element-limit = 4096 (default)
2019-10-09 13:13:59,508 [869fbf5b-cbbd-43c6-9f26-156c5192e660@group-7276B70EB406:LeaderElection223] INFO  server.RaftServerConfigKeys (ConfUtils.java:logGet(43)) - raft.server.staging.catchup.gap = 1000 (default)
2019-10-09 13:13:59,508 [162534dc-93d9-4206-ab1e-9268955c7aca@group-F494DE254AFB:LeaderElection224] INFO  server.RaftServerConfigKeys (ConfUtils.java:logGet(43)) - raft.server.watch.timeout = 10s (default)
2019-10-09 13:13:59,508 [869fbf5b-cbbd-43c6-9f26-156c5192e660@group-7276B70EB406:LeaderElection223] INFO  server.RaftServerConfigKeys (ConfUtils.java:logGet(43)) - raft.server.rpc.sleep.time = 25ms (default)
2019-10-09 13:13:59,508 [162534dc-93d9-4206-ab1e-9268955c7aca@group-F494DE254AFB:LeaderElection224] INFO  server.RaftServerConfigKeys (ConfUtils.java:logGet(43)) - raft.server.watch.timeout.denomination = 1s (default)
2019-10-09 13:13:59,508 [869fbf5b-cbbd-43c6-9f26-156c5192e660@group-7276B70EB406:LeaderElection223] INFO  server.RaftServerConfigKeys (ConfUtils.java:logGet(43)) - raft.server.write.element-limit = 4096 (default)
2019-10-09 13:13:59,508 [162534dc-93d9-4206-ab1e-9268955c7aca@group-F494DE254AFB:LeaderElection224] INFO  server.RaftServerConfigKeys (ConfUtils.java:logGet(43)) - raft.server.watch.element-limit = 65536 (default)
2019-10-09 13:13:59,509 [869fbf5b-cbbd-43c6-9f26-156c5192e660@group-7276B70EB406:LeaderElection223] INFO  server.RaftServerConfigKeys (ConfUtils.java:logGet(43)) - raft.server.watch.timeout = 10s (default)
2019-10-09 13:13:59,509 [869fbf5b-cbbd-43c6-9f26-156c5192e660@group-7276B70EB406:LeaderElection223] INFO  server.RaftServerConfigKeys (ConfUtils.java:logGet(43)) - raft.server.watch.timeout.denomination = 1s (default)
2019-10-09 13:13:59,509 [869fbf5b-cbbd-43c6-9f26-156c5192e660@group-7276B70EB406:LeaderElection223] INFO  server.RaftServerConfigKeys (ConfUtils.java:logGet(43)) - raft.server.watch.element-limit = 65536 (default)
2019-10-09 13:13:59,511 [162534dc-93d9-4206-ab1e-9268955c7aca@group-F494DE254AFB:LeaderElection224] INFO  server.RaftServerConfigKeys (ConfUtils.java:logGet(43)) - raft.server.log.appender.snapshot.chunk.size.max = 16MB (=16777216) (default)
2019-10-09 13:13:59,511 [869fbf5b-cbbd-43c6-9f26-156c5192e660@group-7276B70EB406:LeaderElection223] INFO  server.RaftServerConfigKeys (ConfUtils.java:logGet(43)) - raft.server.log.appender.snapshot.chunk.size.max = 16MB (=16777216) (default)
2019-10-09 13:13:59,511 [162534dc-93d9-4206-ab1e-9268955c7aca@group-F494DE254AFB:LeaderElection224] INFO  server.RaftServerConfigKeys (ConfUtils.java:logGet(43)) - raft.server.log.appender.buffer.byte-limit = 33554432 (custom)
2019-10-09 13:13:59,511 [869fbf5b-cbbd-43c6-9f26-156c5192e660@group-7276B70EB406:LeaderElection223] INFO  server.RaftServerConfigKeys (ConfUtils.java:logGet(43)) - raft.server.log.appender.buffer.byte-limit = 33554432 (custom)
2019-10-09 13:13:59,511 [162534dc-93d9-4206-ab1e-9268955c7aca@group-F494DE254AFB:LeaderElection224] INFO  server.RaftServerConfigKeys (ConfUtils.java:logGet(43)) - raft.server.log.appender.buffer.element-limit = 1 (custom)
2019-10-09 13:13:59,511 [869fbf5b-cbbd-43c6-9f26-156c5192e660@group-7276B70EB406:LeaderElection223] INFO  server.RaftServerConfigKeys (ConfUtils.java:logGet(43)) - raft.server.log.appender.buffer.element-limit = 1 (custom)
2019-10-09 13:13:59,511 [162534dc-93d9-4206-ab1e-9268955c7aca@group-F494DE254AFB:LeaderElection224] INFO  grpc.GrpcConfigKeys$Server (ConfUtils.java:logGet(43)) - raft.grpc.server.leader.outstanding.appends.max = 128 (default)
2019-10-09 13:13:59,512 [869fbf5b-cbbd-43c6-9f26-156c5192e660@group-7276B70EB406:LeaderElection223] INFO  grpc.GrpcConfigKeys$Server (ConfUtils.java:logGet(43)) - raft.grpc.server.leader.outstanding.appends.max = 128 (default)
2019-10-09 13:13:59,512 [162534dc-93d9-4206-ab1e-9268955c7aca@group-F494DE254AFB:LeaderElection224] INFO  server.RaftServerConfigKeys (ConfUtils.java:logGet(43)) - raft.server.rpc.request.timeout = 3000ms (default)
2019-10-09 13:13:59,512 [869fbf5b-cbbd-43c6-9f26-156c5192e660@group-7276B70EB406:LeaderElection223] INFO  server.RaftServerConfigKeys (ConfUtils.java:logGet(43)) - raft.server.rpc.request.timeout = 3000ms (default)
2019-10-09 13:13:59,512 [162534dc-93d9-4206-ab1e-9268955c7aca@group-F494DE254AFB:LeaderElection224] INFO  server.RaftServerConfigKeys (ConfUtils.java:logGet(43)) - raft.server.log.appender.install.snapshot.enabled = false (custom)
2019-10-09 13:13:59,512 [869fbf5b-cbbd-43c6-9f26-156c5192e660@group-7276B70EB406:LeaderElection223] INFO  server.RaftServerConfigKeys (ConfUtils.java:logGet(43)) - raft.server.log.appender.install.snapshot.enabled = false (custom)
2019-10-09 13:13:59,512 [162534dc-93d9-4206-ab1e-9268955c7aca@group-F494DE254AFB:LeaderElection224] INFO  server.RaftServerConfigKeys (ConfUtils.java:logGet(43)) - raft.server.log.appender.snapshot.chunk.size.max = 16MB (=16777216) (default)
2019-10-09 13:13:59,512 [869fbf5b-cbbd-43c6-9f26-156c5192e660@group-7276B70EB406:LeaderElection223] INFO  server.RaftServerConfigKeys (ConfUtils.java:logGet(43)) - raft.server.log.appender.snapshot.chunk.size.max = 16MB (=16777216) (default)
2019-10-09 13:13:59,512 [162534dc-93d9-4206-ab1e-9268955c7aca@group-F494DE254AFB:LeaderElection224] INFO  server.RaftServerConfigKeys (ConfUtils.java:logGet(43)) - raft.server.log.appender.buffer.byte-limit = 33554432 (custom)
2019-10-09 13:13:59,513 [869fbf5b-cbbd-43c6-9f26-156c5192e660@group-7276B70EB406:LeaderElection223] INFO  server.RaftServerConfigKeys (ConfUtils.java:logGet(43)) - raft.server.log.appender.buffer.byte-limit = 33554432 (custom)
2019-10-09 13:13:59,513 [162534dc-93d9-4206-ab1e-9268955c7aca@group-F494DE254AFB:LeaderElection224] INFO  server.RaftServerConfigKeys (ConfUtils.java:logGet(43)) - raft.server.log.appender.buffer.element-limit = 1 (custom)
2019-10-09 13:13:59,513 [869fbf5b-cbbd-43c6-9f26-156c5192e660@group-7276B70EB406:LeaderElection223] INFO  server.RaftServerConfigKeys (ConfUtils.java:logGet(43)) - raft.server.log.appender.buffer.element-limit = 1 (custom)
2019-10-09 13:13:59,513 [162534dc-93d9-4206-ab1e-9268955c7aca@group-F494DE254AFB:LeaderElection224] INFO  grpc.GrpcConfigKeys$Server (ConfUtils.java:logGet(43)) - raft.grpc.server.leader.outstanding.appends.max = 128 (default)
2019-10-09 13:13:59,513 [869fbf5b-cbbd-43c6-9f26-156c5192e660@group-7276B70EB406:LeaderElection223] INFO  grpc.GrpcConfigKeys$Server (ConfUtils.java:logGet(43)) - raft.grpc.server.leader.outstanding.appends.max = 128 (default)
2019-10-09 13:13:59,513 [162534dc-93d9-4206-ab1e-9268955c7aca@group-F494DE254AFB:LeaderElection224] INFO  server.RaftServerConfigKeys (ConfUtils.java:logGet(43)) - raft.server.rpc.request.timeout = 3000ms (default)
2019-10-09 13:13:59,513 [869fbf5b-cbbd-43c6-9f26-156c5192e660@group-7276B70EB406:LeaderElection223] INFO  server.RaftServerConfigKeys (ConfUtils.java:logGet(43)) - raft.server.rpc.request.timeout = 3000ms (default)
2019-10-09 13:13:59,514 [162534dc-93d9-4206-ab1e-9268955c7aca@group-F494DE254AFB:LeaderElection224] INFO  server.RaftServerConfigKeys (ConfUtils.java:logGet(43)) - raft.server.log.appender.install.snapshot.enabled = false (custom)
2019-10-09 13:13:59,514 [869fbf5b-cbbd-43c6-9f26-156c5192e660@group-7276B70EB406:LeaderElection223] INFO  server.RaftServerConfigKeys (ConfUtils.java:logGet(43)) - raft.server.log.appender.install.snapshot.enabled = false (custom)
2019-10-09 13:13:59,514 [162534dc-93d9-4206-ab1e-9268955c7aca@group-F494DE254AFB:LeaderElection224] INFO  impl.RoleInfo (RoleInfo.java:updateAndGet(143)) - 162534dc-93d9-4206-ab1e-9268955c7aca: start LeaderState
2019-10-09 13:13:59,514 [869fbf5b-cbbd-43c6-9f26-156c5192e660@group-7276B70EB406:LeaderElection223] INFO  impl.RoleInfo (RoleInfo.java:updateAndGet(143)) - 869fbf5b-cbbd-43c6-9f26-156c5192e660: start LeaderState
2019-10-09 13:13:59,514 [162534dc-93d9-4206-ab1e-9268955c7aca@group-F494DE254AFB:LeaderElection224] INFO  segmented.SegmentedRaftLogWorker (SegmentedRaftLogWorker.java:startLogSegment(380)) - 162534dc-93d9-4206-ab1e-9268955c7aca@group-F494DE254AFB-SegmentedRaftLogWorker: Starting segment from index:0
2019-10-09 13:13:59,514 [869fbf5b-cbbd-43c6-9f26-156c5192e660@group-7276B70EB406:LeaderElection223] INFO  segmented.SegmentedRaftLogWorker (SegmentedRaftLogWorker.java:startLogSegment(380)) - 869fbf5b-cbbd-43c6-9f26-156c5192e660@group-7276B70EB406-SegmentedRaftLogWorker: Starting segment from index:0
2019-10-09 13:13:59,515 [162534dc-93d9-4206-ab1e-9268955c7aca@group-F494DE254AFB:LeaderElection224] INFO  impl.RaftServerImpl (ServerState.java:setRaftConf(354)) - 162534dc-93d9-4206-ab1e-9268955c7aca@group-F494DE254AFB: set configuration 0: [96acbf61-3ece-4d83-9836-a217fb58817a:192.168.5.175:35650, 162534dc-93d9-4206-ab1e-9268955c7aca:192.168.5.175:32957, 869fbf5b-cbbd-43c6-9f26-156c5192e660:192.168.5.175:43498], old=null at 0
2019-10-09 13:13:59,515 [grpc-default-executor-37] INFO  impl.RaftServerImpl (RaftServerImpl.java:requestVote(758)) - 162534dc-93d9-4206-ab1e-9268955c7aca@group-F494DE254AFB-   LEADER: Withhold vote from candidate 869fbf5b-cbbd-43c6-9f26-156c5192e660 with term 2. State: leader=162534dc-93d9-4206-ab1e-9268955c7aca, term=2, lastRpcElapsed=null
2019-10-09 13:13:59,515 [869fbf5b-cbbd-43c6-9f26-156c5192e660@group-7276B70EB406:LeaderElection223] INFO  impl.RaftServerImpl (ServerState.java:setRaftConf(354)) - 869fbf5b-cbbd-43c6-9f26-156c5192e660@group-7276B70EB406: set configuration 0: [96acbf61-3ece-4d83-9836-a217fb58817a:192.168.5.175:35650, 162534dc-93d9-4206-ab1e-9268955c7aca:192.168.5.175:32957, 869fbf5b-cbbd-43c6-9f26-156c5192e660:192.168.5.175:43498], old=null at 0
2019-10-09 13:13:59,516 [grpc-default-executor-30] INFO  impl.RaftServerImpl (ServerState.java:setLeader(253)) - 96acbf61-3ece-4d83-9836-a217fb58817a@group-F494DE254AFB: change Leader from null to 162534dc-93d9-4206-ab1e-9268955c7aca at term 2 for appendEntries, leader elected after 16102ms
2019-10-09 13:13:59,516 [grpc-default-executor-37] INFO  impl.RaftServerImpl (RaftServerImpl.java:setRole(174)) - 869fbf5b-cbbd-43c6-9f26-156c5192e660@group-F494DE254AFB: changes role from CANDIDATE to FOLLOWER at term 2 for appendEntries
2019-10-09 13:13:59,516 [869fbf5b-cbbd-43c6-9f26-156c5192e660@group-F494DE254AFB:LeaderElection225] INFO  impl.LeaderElection (LeaderElection.java:logAndReturn(56)) - 869fbf5b-cbbd-43c6-9f26-156c5192e660@group-F494DE254AFB:LeaderElection225: Election REJECTED; received 2 response(s) [869fbf5b-cbbd-43c6-9f26-156c5192e660<-96acbf61-3ece-4d83-9836-a217fb58817a#0:FAIL-t2, 869fbf5b-cbbd-43c6-9f26-156c5192e660<-162534dc-93d9-4206-ab1e-9268955c7aca#0:FAIL-t2] and 0 exception(s); 869fbf5b-cbbd-43c6-9f26-156c5192e660@group-F494DE254AFB:t2, leader=null, voted=869fbf5b-cbbd-43c6-9f26-156c5192e660, raftlog=869fbf5b-cbbd-43c6-9f26-156c5192e660@group-F494DE254AFB-SegmentedRaftLog:OPENED:c-1,f-1,i0, conf=-1: [96acbf61-3ece-4d83-9836-a217fb58817a:192.168.5.175:35650, 162534dc-93d9-4206-ab1e-9268955c7aca:192.168.5.175:32957, 869fbf5b-cbbd-43c6-9f26-156c5192e660:192.168.5.175:43498], old=null
2019-10-09 13:13:59,557 [grpc-default-executor-30] INFO  impl.RaftServerImpl (ServerState.java:setLeader(253)) - 162534dc-93d9-4206-ab1e-9268955c7aca@group-7276B70EB406: change Leader from null to 869fbf5b-cbbd-43c6-9f26-156c5192e660 at term 2 for appendEntries, leader elected after 16087ms
2019-10-09 13:13:59,557 [grpc-default-executor-37] INFO  impl.RoleInfo (RoleInfo.java:shutdownLeaderElection(134)) - 869fbf5b-cbbd-43c6-9f26-156c5192e660: shutdown LeaderElection
2019-10-09 13:13:59,557 [grpc-default-executor-24] INFO  impl.RaftServerImpl (ServerState.java:setLeader(253)) - 96acbf61-3ece-4d83-9836-a217fb58817a@group-7276B70EB406: change Leader from null to 869fbf5b-cbbd-43c6-9f26-156c5192e660 at term 2 for appendEntries, leader elected after 16087ms
2019-10-09 13:13:59,558 [grpc-default-executor-37] INFO  impl.RoleInfo (RoleInfo.java:updateAndGet(143)) - 869fbf5b-cbbd-43c6-9f26-156c5192e660: start FollowerState
2019-10-09 13:13:59,558 [grpc-default-executor-37] INFO  impl.RaftServerImpl (ServerState.java:setLeader(253)) - 869fbf5b-cbbd-43c6-9f26-156c5192e660@group-F494DE254AFB: change Leader from null to 162534dc-93d9-4206-ab1e-9268955c7aca at term 2 for appendEntries, leader elected after 16145ms
2019-10-09 13:13:59,558 [grpc-default-executor-30] INFO  impl.RaftServerImpl (ServerState.java:setRaftConf(354)) - 96acbf61-3ece-4d83-9836-a217fb58817a@group-F494DE254AFB: set configuration 0: [96acbf61-3ece-4d83-9836-a217fb58817a:192.168.5.175:35650, 162534dc-93d9-4206-ab1e-9268955c7aca:192.168.5.175:32957, 869fbf5b-cbbd-43c6-9f26-156c5192e660:192.168.5.175:43498], old=null at 0
2019-10-09 13:13:59,559 [grpc-default-executor-30] INFO  segmented.SegmentedRaftLogWorker (SegmentedRaftLogWorker.java:startLogSegment(380)) - 96acbf61-3ece-4d83-9836-a217fb58817a@group-F494DE254AFB-SegmentedRaftLogWorker: Starting segment from index:0
2019-10-09 13:13:59,559 [grpc-default-executor-37] INFO  impl.RaftServerImpl (ServerState.java:setRaftConf(354)) - 162534dc-93d9-4206-ab1e-9268955c7aca@group-7276B70EB406: set configuration 0: [96acbf61-3ece-4d83-9836-a217fb58817a:192.168.5.175:35650, 162534dc-93d9-4206-ab1e-9268955c7aca:192.168.5.175:32957, 869fbf5b-cbbd-43c6-9f26-156c5192e660:192.168.5.175:43498], old=null at 0
2019-10-09 13:13:59,559 [grpc-default-executor-37] INFO  segmented.SegmentedRaftLogWorker (SegmentedRaftLogWorker.java:startLogSegment(380)) - 162534dc-93d9-4206-ab1e-9268955c7aca@group-7276B70EB406-SegmentedRaftLogWorker: Starting segment from index:0
2019-10-09 13:13:59,559 [grpc-default-executor-30] INFO  impl.RaftServerImpl (ServerState.java:setRaftConf(354)) - 96acbf61-3ece-4d83-9836-a217fb58817a@group-7276B70EB406: set configuration 0: [96acbf61-3ece-4d83-9836-a217fb58817a:192.168.5.175:35650, 162534dc-93d9-4206-ab1e-9268955c7aca:192.168.5.175:32957, 869fbf5b-cbbd-43c6-9f26-156c5192e660:192.168.5.175:43498], old=null at 0
2019-10-09 13:13:59,559 [grpc-default-executor-30] INFO  segmented.SegmentedRaftLogWorker (SegmentedRaftLogWorker.java:startLogSegment(380)) - 96acbf61-3ece-4d83-9836-a217fb58817a@group-7276B70EB406-SegmentedRaftLogWorker: Starting segment from index:0
2019-10-09 13:13:59,559 [grpc-default-executor-37] INFO  impl.RaftServerImpl (ServerState.java:setRaftConf(354)) - 869fbf5b-cbbd-43c6-9f26-156c5192e660@group-F494DE254AFB: set configuration 0: [96acbf61-3ece-4d83-9836-a217fb58817a:192.168.5.175:35650, 162534dc-93d9-4206-ab1e-9268955c7aca:192.168.5.175:32957, 869fbf5b-cbbd-43c6-9f26-156c5192e660:192.168.5.175:43498], old=null at 0
2019-10-09 13:13:59,560 [grpc-default-executor-37] INFO  segmented.SegmentedRaftLogWorker (SegmentedRaftLogWorker.java:startLogSegment(380)) - 869fbf5b-cbbd-43c6-9f26-156c5192e660@group-F494DE254AFB-SegmentedRaftLogWorker: Starting segment from index:0
2019-10-09 13:13:59,569 [869fbf5b-cbbd-43c6-9f26-156c5192e660@group-7276B70EB406-SegmentedRaftLogWorker] INFO  segmented.SegmentedRaftLogWorker (SegmentedRaftLogWorker.java:execute(569)) - 869fbf5b-cbbd-43c6-9f26-156c5192e660@group-7276B70EB406-SegmentedRaftLogWorker: created new log segment /workdir/hadoop-ozone/integration-test/target/test-dir/MiniOzoneClusterImpl-77992fd3-8e8a-426b-8566-445f44124f00/datanode-3/data/ratis/78be2bcb-ce7b-4110-8ea2-7276b70eb406/current/log_inprogress_0
2019-10-09 13:13:59,569 [162534dc-93d9-4206-ab1e-9268955c7aca@group-F494DE254AFB-SegmentedRaftLogWorker] INFO  segmented.SegmentedRaftLogWorker (SegmentedRaftLogWorker.java:execute(569)) - 162534dc-93d9-4206-ab1e-9268955c7aca@group-F494DE254AFB-SegmentedRaftLogWorker: created new log segment /workdir/hadoop-ozone/integration-test/target/test-dir/MiniOzoneClusterImpl-77992fd3-8e8a-426b-8566-445f44124f00/datanode-4/data/ratis/ecc94827-8a09-4a6e-b805-f494de254afb/current/log_inprogress_0
2019-10-09 13:13:59,597 [96acbf61-3ece-4d83-9836-a217fb58817a@group-F494DE254AFB-SegmentedRaftLogWorker] INFO  segmented.SegmentedRaftLogWorker (SegmentedRaftLogWorker.java:execute(569)) - 96acbf61-3ece-4d83-9836-a217fb58817a@group-F494DE254AFB-SegmentedRaftLogWorker: created new log segment /workdir/hadoop-ozone/integration-test/target/test-dir/MiniOzoneClusterImpl-77992fd3-8e8a-426b-8566-445f44124f00/datanode-1/data/ratis/ecc94827-8a09-4a6e-b805-f494de254afb/current/log_inprogress_0
2019-10-09 13:13:59,597 [869fbf5b-cbbd-43c6-9f26-156c5192e660@group-F494DE254AFB-SegmentedRaftLogWorker] INFO  segmented.SegmentedRaftLogWorker (SegmentedRaftLogWorker.java:execute(569)) - 869fbf5b-cbbd-43c6-9f26-156c5192e660@group-F494DE254AFB-SegmentedRaftLogWorker: created new log segment /workdir/hadoop-ozone/integration-test/target/test-dir/MiniOzoneClusterImpl-77992fd3-8e8a-426b-8566-445f44124f00/datanode-3/data/ratis/ecc94827-8a09-4a6e-b805-f494de254afb/current/log_inprogress_0
2019-10-09 13:13:59,597 [96acbf61-3ece-4d83-9836-a217fb58817a@group-7276B70EB406-SegmentedRaftLogWorker] INFO  segmented.SegmentedRaftLogWorker (SegmentedRaftLogWorker.java:execute(569)) - 96acbf61-3ece-4d83-9836-a217fb58817a@group-7276B70EB406-SegmentedRaftLogWorker: created new log segment /workdir/hadoop-ozone/integration-test/target/test-dir/MiniOzoneClusterImpl-77992fd3-8e8a-426b-8566-445f44124f00/datanode-1/data/ratis/78be2bcb-ce7b-4110-8ea2-7276b70eb406/current/log_inprogress_0
2019-10-09 13:13:59,600 [162534dc-93d9-4206-ab1e-9268955c7aca@group-7276B70EB406-SegmentedRaftLogWorker] INFO  segmented.SegmentedRaftLogWorker (SegmentedRaftLogWorker.java:execute(569)) - 162534dc-93d9-4206-ab1e-9268955c7aca@group-7276B70EB406-SegmentedRaftLogWorker: created new log segment /workdir/hadoop-ozone/integration-test/target/test-dir/MiniOzoneClusterImpl-77992fd3-8e8a-426b-8566-445f44124f00/datanode-4/data/ratis/78be2bcb-ce7b-4110-8ea2-7276b70eb406/current/log_inprogress_0
2019-10-09 13:13:59,657 [EventQueue-StaleNodeForStaleNodeHandler] INFO  node.StaleNodeHandler (StaleNodeHandler.java:onMessage(58)) - Datanode 96acbf61-3ece-4d83-9836-a217fb58817a{ip: 192.168.5.175, host: pr-hdds-1569-mfl88-1504498049, networkLocation: /default-rack, certSerialId: null} moved to stale state. Finalizing its pipelines [PipelineID=78be2bcb-ce7b-4110-8ea2-7276b70eb406, PipelineID=c28971ae-95cf-4532-9b4f-986902f1898e, PipelineID=ecc94827-8a09-4a6e-b805-f494de254afb, PipelineID=bc4583d2-882e-4c8d-bcc9-52ad3aa08ade, PipelineID=28f4dd3f-99df-4ff5-9ddc-227d833b6095, PipelineID=3d847b10-3720-43c7-819e-fb9e4996b38b, PipelineID=31436527-0db7-4839-a6a0-4a4b977e74d1, PipelineID=c0fa437f-cd60-420f-a614-19f276fa9099, PipelineID=0e7a749a-41d2-47c3-bf75-014983823a3d, PipelineID=9d00c015-ba4d-43f8-91ec-14df45b217b5, PipelineID=edc78da7-8915-4033-8710-dc31737e2860, PipelineID=23e8016f-94d2-4049-a50c-532c09f99559]
2019-10-09 13:13:59,657 [EventQueue-StaleNodeForStaleNodeHandler] INFO  pipeline.SCMPipelineManager (SCMPipelineManager.java:finalizeAndDestroyPipeline(342)) - destroying pipeline:Pipeline[ Id: 78be2bcb-ce7b-4110-8ea2-7276b70eb406, Nodes: 96acbf61-3ece-4d83-9836-a217fb58817a{ip: 192.168.5.175, host: pr-hdds-1569-mfl88-1504498049, networkLocation: /default-rack, certSerialId: null}869fbf5b-cbbd-43c6-9f26-156c5192e660{ip: 192.168.5.175, host: pr-hdds-1569-mfl88-1504498049, networkLocation: /default-rack, certSerialId: null}162534dc-93d9-4206-ab1e-9268955c7aca{ip: 192.168.5.175, host: pr-hdds-1569-mfl88-1504498049, networkLocation: /default-rack, certSerialId: null}, Type:RATIS, Factor:THREE, State:OPEN]
2019-10-09 13:13:59,658 [EventQueue-StaleNodeForStaleNodeHandler] INFO  pipeline.PipelineStateManager (PipelineStateManager.java:finalizePipeline(123)) - Pipeline Pipeline[ Id: 78be2bcb-ce7b-4110-8ea2-7276b70eb406, Nodes: 96acbf61-3ece-4d83-9836-a217fb58817a{ip: 192.168.5.175, host: pr-hdds-1569-mfl88-1504498049, networkLocation: /default-rack, certSerialId: null}869fbf5b-cbbd-43c6-9f26-156c5192e660{ip: 192.168.5.175, host: pr-hdds-1569-mfl88-1504498049, networkLocation: /default-rack, certSerialId: null}162534dc-93d9-4206-ab1e-9268955c7aca{ip: 192.168.5.175, host: pr-hdds-1569-mfl88-1504498049, networkLocation: /default-rack, certSerialId: null}, Type:RATIS, Factor:THREE, State:CLOSED] moved to CLOSED state
2019-10-09 13:13:59,658 [EventQueue-StaleNodeForStaleNodeHandler] INFO  pipeline.SCMPipelineManager (SCMPipelineManager.java:finalizeAndDestroyPipeline(342)) - destroying pipeline:Pipeline[ Id: c28971ae-95cf-4532-9b4f-986902f1898e, Nodes: 96acbf61-3ece-4d83-9836-a217fb58817a{ip: 192.168.5.175, host: pr-hdds-1569-mfl88-1504498049, networkLocation: /default-rack, certSerialId: null}869fbf5b-cbbd-43c6-9f26-156c5192e660{ip: 192.168.5.175, host: pr-hdds-1569-mfl88-1504498049, networkLocation: /default-rack, certSerialId: null}162534dc-93d9-4206-ab1e-9268955c7aca{ip: 192.168.5.175, host: pr-hdds-1569-mfl88-1504498049, networkLocation: /default-rack, certSerialId: null}, Type:RATIS, Factor:THREE, State:OPEN]
2019-10-09 13:13:59,658 [EventQueue-StaleNodeForStaleNodeHandler] INFO  pipeline.PipelineStateManager (PipelineStateManager.java:finalizePipeline(123)) - Pipeline Pipeline[ Id: c28971ae-95cf-4532-9b4f-986902f1898e, Nodes: 96acbf61-3ece-4d83-9836-a217fb58817a{ip: 192.168.5.175, host: pr-hdds-1569-mfl88-1504498049, networkLocation: /default-rack, certSerialId: null}869fbf5b-cbbd-43c6-9f26-156c5192e660{ip: 192.168.5.175, host: pr-hdds-1569-mfl88-1504498049, networkLocation: /default-rack, certSerialId: null}162534dc-93d9-4206-ab1e-9268955c7aca{ip: 192.168.5.175, host: pr-hdds-1569-mfl88-1504498049, networkLocation: /default-rack, certSerialId: null}, Type:RATIS, Factor:THREE, State:CLOSED] moved to CLOSED state
2019-10-09 13:13:59,659 [EventQueue-StaleNodeForStaleNodeHandler] INFO  pipeline.SCMPipelineManager (SCMPipelineManager.java:finalizeAndDestroyPipeline(342)) - destroying pipeline:Pipeline[ Id: ecc94827-8a09-4a6e-b805-f494de254afb, Nodes: 869fbf5b-cbbd-43c6-9f26-156c5192e660{ip: 192.168.5.175, host: pr-hdds-1569-mfl88-1504498049, networkLocation: /default-rack, certSerialId: null}96acbf61-3ece-4d83-9836-a217fb58817a{ip: 192.168.5.175, host: pr-hdds-1569-mfl88-1504498049, networkLocation: /default-rack, certSerialId: null}162534dc-93d9-4206-ab1e-9268955c7aca{ip: 192.168.5.175, host: pr-hdds-1569-mfl88-1504498049, networkLocation: /default-rack, certSerialId: null}, Type:RATIS, Factor:THREE, State:OPEN]
2019-10-09 13:13:59,659 [EventQueue-StaleNodeForStaleNodeHandler] INFO  pipeline.PipelineStateManager (PipelineStateManager.java:finalizePipeline(123)) - Pipeline Pipeline[ Id: ecc94827-8a09-4a6e-b805-f494de254afb, Nodes: 869fbf5b-cbbd-43c6-9f26-156c5192e660{ip: 192.168.5.175, host: pr-hdds-1569-mfl88-1504498049, networkLocation: /default-rack, certSerialId: null}96acbf61-3ece-4d83-9836-a217fb58817a{ip: 192.168.5.175, host: pr-hdds-1569-mfl88-1504498049, networkLocation: /default-rack, certSerialId: null}162534dc-93d9-4206-ab1e-9268955c7aca{ip: 192.168.5.175, host: pr-hdds-1569-mfl88-1504498049, networkLocation: /default-rack, certSerialId: null}, Type:RATIS, Factor:THREE, State:CLOSED] moved to CLOSED state
2019-10-09 13:13:59,659 [EventQueue-StaleNodeForStaleNodeHandler] INFO  pipeline.SCMPipelineManager (SCMPipelineManager.java:finalizeAndDestroyPipeline(342)) - destroying pipeline:Pipeline[ Id: bc4583d2-882e-4c8d-bcc9-52ad3aa08ade, Nodes: 7706a157-1a1c-49fa-abc2-2cf2041a84a7{ip: 192.168.5.175, host: pr-hdds-1569-mfl88-1504498049, networkLocation: /default-rack, certSerialId: null}96acbf61-3ece-4d83-9836-a217fb58817a{ip: 192.168.5.175, host: pr-hdds-1569-mfl88-1504498049, networkLocation: /default-rack, certSerialId: null}869fbf5b-cbbd-43c6-9f26-156c5192e660{ip: 192.168.5.175, host: pr-hdds-1569-mfl88-1504498049, networkLocation: /default-rack, certSerialId: null}, Type:RATIS, Factor:THREE, State:OPEN]
2019-10-09 13:13:59,660 [EventQueue-StaleNodeForStaleNodeHandler] INFO  pipeline.PipelineStateManager (PipelineStateManager.java:finalizePipeline(123)) - Pipeline Pipeline[ Id: bc4583d2-882e-4c8d-bcc9-52ad3aa08ade, Nodes: 7706a157-1a1c-49fa-abc2-2cf2041a84a7{ip: 192.168.5.175, host: pr-hdds-1569-mfl88-1504498049, networkLocation: /default-rack, certSerialId: null}96acbf61-3ece-4d83-9836-a217fb58817a{ip: 192.168.5.175, host: pr-hdds-1569-mfl88-1504498049, networkLocation: /default-rack, certSerialId: null}869fbf5b-cbbd-43c6-9f26-156c5192e660{ip: 192.168.5.175, host: pr-hdds-1569-mfl88-1504498049, networkLocation: /default-rack, certSerialId: null}, Type:RATIS, Factor:THREE, State:CLOSED] moved to CLOSED state
2019-10-09 13:13:59,660 [EventQueue-StaleNodeForStaleNodeHandler] INFO  pipeline.SCMPipelineManager (SCMPipelineManager.java:finalizeAndDestroyPipeline(342)) - destroying pipeline:Pipeline[ Id: 28f4dd3f-99df-4ff5-9ddc-227d833b6095, Nodes: 869fbf5b-cbbd-43c6-9f26-156c5192e660{ip: 192.168.5.175, host: pr-hdds-1569-mfl88-1504498049, networkLocation: /default-rack, certSerialId: null}162534dc-93d9-4206-ab1e-9268955c7aca{ip: 192.168.5.175, host: pr-hdds-1569-mfl88-1504498049, networkLocation: /default-rack, certSerialId: null}96acbf61-3ece-4d83-9836-a217fb58817a{ip: 192.168.5.175, host: pr-hdds-1569-mfl88-1504498049, networkLocation: /default-rack, certSerialId: null}, Type:RATIS, Factor:THREE, State:OPEN]
2019-10-09 13:13:59,660 [EventQueue-StaleNodeForStaleNodeHandler] INFO  pipeline.PipelineStateManager (PipelineStateManager.java:finalizePipeline(123)) - Pipeline Pipeline[ Id: 28f4dd3f-99df-4ff5-9ddc-227d833b6095, Nodes: 869fbf5b-cbbd-43c6-9f26-156c5192e660{ip: 192.168.5.175, host: pr-hdds-1569-mfl88-1504498049, networkLocation: /default-rack, certSerialId: null}162534dc-93d9-4206-ab1e-9268955c7aca{ip: 192.168.5.175, host: pr-hdds-1569-mfl88-1504498049, networkLocation: /default-rack, certSerialId: null}96acbf61-3ece-4d83-9836-a217fb58817a{ip: 192.168.5.175, host: pr-hdds-1569-mfl88-1504498049, networkLocation: /default-rack, certSerialId: null}, Type:RATIS, Factor:THREE, State:CLOSED] moved to CLOSED state
2019-10-09 13:13:59,660 [EventQueue-StaleNodeForStaleNodeHandler] INFO  pipeline.SCMPipelineManager (SCMPipelineManager.java:finalizeAndDestroyPipeline(342)) - destroying pipeline:Pipeline[ Id: 3d847b10-3720-43c7-819e-fb9e4996b38b, Nodes: 96acbf61-3ece-4d83-9836-a217fb58817a{ip: 192.168.5.175, host: pr-hdds-1569-mfl88-1504498049, networkLocation: /default-rack, certSerialId: null}869fbf5b-cbbd-43c6-9f26-156c5192e660{ip: 192.168.5.175, host: pr-hdds-1569-mfl88-1504498049, networkLocation: /default-rack, certSerialId: null}162534dc-93d9-4206-ab1e-9268955c7aca{ip: 192.168.5.175, host: pr-hdds-1569-mfl88-1504498049, networkLocation: /default-rack, certSerialId: null}, Type:RATIS, Factor:THREE, State:OPEN]
2019-10-09 13:13:59,661 [EventQueue-StaleNodeForStaleNodeHandler] INFO  pipeline.PipelineStateManager (PipelineStateManager.java:finalizePipeline(123)) - Pipeline Pipeline[ Id: 3d847b10-3720-43c7-819e-fb9e4996b38b, Nodes: 96acbf61-3ece-4d83-9836-a217fb58817a{ip: 192.168.5.175, host: pr-hdds-1569-mfl88-1504498049, networkLocation: /default-rack, certSerialId: null}869fbf5b-cbbd-43c6-9f26-156c5192e660{ip: 192.168.5.175, host: pr-hdds-1569-mfl88-1504498049, networkLocation: /default-rack, certSerialId: null}162534dc-93d9-4206-ab1e-9268955c7aca{ip: 192.168.5.175, host: pr-hdds-1569-mfl88-1504498049, networkLocation: /default-rack, certSerialId: null}, Type:RATIS, Factor:THREE, State:CLOSED] moved to CLOSED state
2019-10-09 13:13:59,661 [EventQueue-StaleNodeForStaleNodeHandler] INFO  pipeline.SCMPipelineManager (SCMPipelineManager.java:finalizeAndDestroyPipeline(342)) - destroying pipeline:Pipeline[ Id: 31436527-0db7-4839-a6a0-4a4b977e74d1, Nodes: 96acbf61-3ece-4d83-9836-a217fb58817a{ip: 192.168.5.175, host: pr-hdds-1569-mfl88-1504498049, networkLocation: /default-rack, certSerialId: null}869fbf5b-cbbd-43c6-9f26-156c5192e660{ip: 192.168.5.175, host: pr-hdds-1569-mfl88-1504498049, networkLocation: /default-rack, certSerialId: null}162534dc-93d9-4206-ab1e-9268955c7aca{ip: 192.168.5.175, host: pr-hdds-1569-mfl88-1504498049, networkLocation: /default-rack, certSerialId: null}, Type:RATIS, Factor:THREE, State:OPEN]
2019-10-09 13:13:59,661 [EventQueue-StaleNodeForStaleNodeHandler] INFO  pipeline.PipelineStateManager (PipelineStateManager.java:finalizePipeline(123)) - Pipeline Pipeline[ Id: 31436527-0db7-4839-a6a0-4a4b977e74d1, Nodes: 96acbf61-3ece-4d83-9836-a217fb58817a{ip: 192.168.5.175, host: pr-hdds-1569-mfl88-1504498049, networkLocation: /default-rack, certSerialId: null}869fbf5b-cbbd-43c6-9f26-156c5192e660{ip: 192.168.5.175, host: pr-hdds-1569-mfl88-1504498049, networkLocation: /default-rack, certSerialId: null}162534dc-93d9-4206-ab1e-9268955c7aca{ip: 192.168.5.175, host: pr-hdds-1569-mfl88-1504498049, networkLocation: /default-rack, certSerialId: null}, Type:RATIS, Factor:THREE, State:CLOSED] moved to CLOSED state
2019-10-09 13:13:59,662 [EventQueue-CloseContainerForCloseContainerEventHandler] INFO  container.CloseContainerEventHandler (CloseContainerEventHandler.java:onMessage(61)) - Close container Event triggered for container : #1
2019-10-09 13:13:59,662 [EventQueue-StaleNodeForStaleNodeHandler] INFO  pipeline.SCMPipelineManager (SCMPipelineManager.java:finalizeAndDestroyPipeline(342)) - destroying pipeline:Pipeline[ Id: c0fa437f-cd60-420f-a614-19f276fa9099, Nodes: 96acbf61-3ece-4d83-9836-a217fb58817a{ip: 192.168.5.175, host: pr-hdds-1569-mfl88-1504498049, networkLocation: /default-rack, certSerialId: null}869fbf5b-cbbd-43c6-9f26-156c5192e660{ip: 192.168.5.175, host: pr-hdds-1569-mfl88-1504498049, networkLocation: /default-rack, certSerialId: null}162534dc-93d9-4206-ab1e-9268955c7aca{ip: 192.168.5.175, host: pr-hdds-1569-mfl88-1504498049, networkLocation: /default-rack, certSerialId: null}, Type:RATIS, Factor:THREE, State:OPEN]
2019-10-09 13:13:59,662 [EventQueue-StaleNodeForStaleNodeHandler] INFO  pipeline.PipelineStateManager (PipelineStateManager.java:finalizePipeline(123)) - Pipeline Pipeline[ Id: c0fa437f-cd60-420f-a614-19f276fa9099, Nodes: 96acbf61-3ece-4d83-9836-a217fb58817a{ip: 192.168.5.175, host: pr-hdds-1569-mfl88-1504498049, networkLocation: /default-rack, certSerialId: null}869fbf5b-cbbd-43c6-9f26-156c5192e660{ip: 192.168.5.175, host: pr-hdds-1569-mfl88-1504498049, networkLocation: /default-rack, certSerialId: null}162534dc-93d9-4206-ab1e-9268955c7aca{ip: 192.168.5.175, host: pr-hdds-1569-mfl88-1504498049, networkLocation: /default-rack, certSerialId: null}, Type:RATIS, Factor:THREE, State:CLOSED] moved to CLOSED state
2019-10-09 13:13:59,662 [EventQueue-StaleNodeForStaleNodeHandler] INFO  pipeline.SCMPipelineManager (SCMPipelineManager.java:finalizeAndDestroyPipeline(342)) - destroying pipeline:Pipeline[ Id: 0e7a749a-41d2-47c3-bf75-014983823a3d, Nodes: 869fbf5b-cbbd-43c6-9f26-156c5192e660{ip: 192.168.5.175, host: pr-hdds-1569-mfl88-1504498049, networkLocation: /default-rack, certSerialId: null}162534dc-93d9-4206-ab1e-9268955c7aca{ip: 192.168.5.175, host: pr-hdds-1569-mfl88-1504498049, networkLocation: /default-rack, certSerialId: null}96acbf61-3ece-4d83-9836-a217fb58817a{ip: 192.168.5.175, host: pr-hdds-1569-mfl88-1504498049, networkLocation: /default-rack, certSerialId: null}, Type:RATIS, Factor:THREE, State:OPEN]
2019-10-09 13:13:59,662 [EventQueue-StaleNodeForStaleNodeHandler] INFO  pipeline.PipelineStateManager (PipelineStateManager.java:finalizePipeline(123)) - Pipeline Pipeline[ Id: 0e7a749a-41d2-47c3-bf75-014983823a3d, Nodes: 869fbf5b-cbbd-43c6-9f26-156c5192e660{ip: 192.168.5.175, host: pr-hdds-1569-mfl88-1504498049, networkLocation: /default-rack, certSerialId: null}162534dc-93d9-4206-ab1e-9268955c7aca{ip: 192.168.5.175, host: pr-hdds-1569-mfl88-1504498049, networkLocation: /default-rack, certSerialId: null}96acbf61-3ece-4d83-9836-a217fb58817a{ip: 192.168.5.175, host: pr-hdds-1569-mfl88-1504498049, networkLocation: /default-rack, certSerialId: null}, Type:RATIS, Factor:THREE, State:CLOSED] moved to CLOSED state
2019-10-09 13:13:59,663 [EventQueue-StaleNodeForStaleNodeHandler] INFO  pipeline.SCMPipelineManager (SCMPipelineManager.java:finalizeAndDestroyPipeline(342)) - destroying pipeline:Pipeline[ Id: 9d00c015-ba4d-43f8-91ec-14df45b217b5, Nodes: 2c69c56f-4b33-4231-936a-bbd24e83d692{ip: 192.168.5.175, host: pr-hdds-1569-mfl88-1504498049, networkLocation: /default-rack, certSerialId: null}96acbf61-3ece-4d83-9836-a217fb58817a{ip: 192.168.5.175, host: pr-hdds-1569-mfl88-1504498049, networkLocation: /default-rack, certSerialId: null}7706a157-1a1c-49fa-abc2-2cf2041a84a7{ip: 192.168.5.175, host: pr-hdds-1569-mfl88-1504498049, networkLocation: /default-rack, certSerialId: null}, Type:RATIS, Factor:THREE, State:OPEN]
2019-10-09 13:13:59,663 [EventQueue-StaleNodeForStaleNodeHandler] INFO  pipeline.PipelineStateManager (PipelineStateManager.java:finalizePipeline(123)) - Pipeline Pipeline[ Id: 9d00c015-ba4d-43f8-91ec-14df45b217b5, Nodes: 2c69c56f-4b33-4231-936a-bbd24e83d692{ip: 192.168.5.175, host: pr-hdds-1569-mfl88-1504498049, networkLocation: /default-rack, certSerialId: null}96acbf61-3ece-4d83-9836-a217fb58817a{ip: 192.168.5.175, host: pr-hdds-1569-mfl88-1504498049, networkLocation: /default-rack, certSerialId: null}7706a157-1a1c-49fa-abc2-2cf2041a84a7{ip: 192.168.5.175, host: pr-hdds-1569-mfl88-1504498049, networkLocation: /default-rack, certSerialId: null}, Type:RATIS, Factor:THREE, State:CLOSED] moved to CLOSED state
2019-10-09 13:13:59,663 [EventQueue-StaleNodeForStaleNodeHandler] INFO  pipeline.SCMPipelineManager (SCMPipelineManager.java:finalizeAndDestroyPipeline(342)) - destroying pipeline:Pipeline[ Id: edc78da7-8915-4033-8710-dc31737e2860, Nodes: 96acbf61-3ece-4d83-9836-a217fb58817a{ip: 192.168.5.175, host: pr-hdds-1569-mfl88-1504498049, networkLocation: /default-rack, certSerialId: null}869fbf5b-cbbd-43c6-9f26-156c5192e660{ip: 192.168.5.175, host: pr-hdds-1569-mfl88-1504498049, networkLocation: /default-rack, certSerialId: null}162534dc-93d9-4206-ab1e-9268955c7aca{ip: 192.168.5.175, host: pr-hdds-1569-mfl88-1504498049, networkLocation: /default-rack, certSerialId: null}, Type:RATIS, Factor:THREE, State:OPEN]
2019-10-09 13:13:59,663 [EventQueue-StaleNodeForStaleNodeHandler] INFO  pipeline.PipelineStateManager (PipelineStateManager.java:finalizePipeline(123)) - Pipeline Pipeline[ Id: edc78da7-8915-4033-8710-dc31737e2860, Nodes: 96acbf61-3ece-4d83-9836-a217fb58817a{ip: 192.168.5.175, host: pr-hdds-1569-mfl88-1504498049, networkLocation: /default-rack, certSerialId: null}869fbf5b-cbbd-43c6-9f26-156c5192e660{ip: 192.168.5.175, host: pr-hdds-1569-mfl88-1504498049, networkLocation: /default-rack, certSerialId: null}162534dc-93d9-4206-ab1e-9268955c7aca{ip: 192.168.5.175, host: pr-hdds-1569-mfl88-1504498049, networkLocation: /default-rack, certSerialId: null}, Type:RATIS, Factor:THREE, State:CLOSED] moved to CLOSED state
2019-10-09 13:13:59,663 [EventQueue-StaleNodeForStaleNodeHandler] INFO  pipeline.SCMPipelineManager (SCMPipelineManager.java:finalizeAndDestroyPipeline(342)) - destroying pipeline:Pipeline[ Id: 23e8016f-94d2-4049-a50c-532c09f99559, Nodes: 96acbf61-3ece-4d83-9836-a217fb58817a{ip: 192.168.5.175, host: pr-hdds-1569-mfl88-1504498049, networkLocation: /default-rack, certSerialId: null}, Type:RATIS, Factor:ONE, State:OPEN]
2019-10-09 13:13:59,664 [EventQueue-StaleNodeForStaleNodeHandler] INFO  pipeline.PipelineStateManager (PipelineStateManager.java:finalizePipeline(123)) - Pipeline Pipeline[ Id: 23e8016f-94d2-4049-a50c-532c09f99559, Nodes: 96acbf61-3ece-4d83-9836-a217fb58817a{ip: 192.168.5.175, host: pr-hdds-1569-mfl88-1504498049, networkLocation: /default-rack, certSerialId: null}, Type:RATIS, Factor:ONE, State:CLOSED] moved to CLOSED state
2019-10-09 13:13:59,773 [main] INFO  ozoneimpl.OzoneContainer (OzoneContainer.java:stop(231)) - Attempting to stop container services.
2019-10-09 13:13:59,773 [main] INFO  impl.RaftServerProxy (RaftServerProxy.java:lambda$close$4(314)) - 96acbf61-3ece-4d83-9836-a217fb58817a: close
2019-10-09 13:13:59,774 [main] INFO  impl.RaftServerImpl (RaftServerImpl.java:lambda$shutdown$3(251)) - 96acbf61-3ece-4d83-9836-a217fb58817a@group-52AD3AA08ADE: shutdown
2019-10-09 13:13:59,774 [ForkJoinPool.commonPool-worker-1] INFO  impl.RaftServerImpl (RaftServerImpl.java:lambda$shutdown$3(251)) - 96acbf61-3ece-4d83-9836-a217fb58817a@group-014983823A3D: shutdown
2019-10-09 13:13:59,774 [main] INFO  util.JmxRegister (JmxRegister.java:unregister(73)) - Successfully un-registered JMX Bean with object name Ratis:service=RaftServer,group=group-52AD3AA08ADE,id=96acbf61-3ece-4d83-9836-a217fb58817a
2019-10-09 13:13:59,774 [ForkJoinPool.commonPool-worker-1] INFO  util.JmxRegister (JmxRegister.java:unregister(73)) - Successfully un-registered JMX Bean with object name Ratis:service=RaftServer,group=group-014983823A3D,id=96acbf61-3ece-4d83-9836-a217fb58817a
2019-10-09 13:13:59,775 [main] INFO  impl.RoleInfo (RoleInfo.java:shutdownLeaderState(104)) - 96acbf61-3ece-4d83-9836-a217fb58817a: shutdown LeaderState
2019-10-09 13:13:59,775 [ForkJoinPool.commonPool-worker-1] INFO  impl.RoleInfo (RoleInfo.java:shutdownLeaderState(104)) - 96acbf61-3ece-4d83-9836-a217fb58817a: shutdown LeaderState
2019-10-09 13:13:59,783 [org.apache.ratis.server.impl.LogAppender$AppenderDaemon$$Lambda$493/462031746@198045d1] WARN  server.GrpcLogAppender (GrpcLogAppender.java:mayWait(143)) - 96acbf61-3ece-4d83-9836-a217fb58817a@group-52AD3AA08ADE->869fbf5b-cbbd-43c6-9f26-156c5192e660-GrpcLogAppender: Wait interrupted by java.lang.InterruptedException
2019-10-09 13:13:59,783 [org.apache.ratis.server.impl.LogAppender$AppenderDaemon$$Lambda$493/462031746@1aa3e5a7] WARN  server.GrpcLogAppender (GrpcLogAppender.java:mayWait(143)) - 96acbf61-3ece-4d83-9836-a217fb58817a@group-52AD3AA08ADE->7706a157-1a1c-49fa-abc2-2cf2041a84a7-GrpcLogAppender: Wait interrupted by java.lang.InterruptedException
2019-10-09 13:13:59,783 [main] INFO  impl.PendingRequests (PendingRequests.java:sendNotLeaderResponses(202)) - 96acbf61-3ece-4d83-9836-a217fb58817a-PendingRequests: sendNotLeaderResponses
2019-10-09 13:13:59,789 [grpc-default-executor-37] INFO  server.GrpcServerProtocolService (GrpcServerProtocolService.java:onCompleted(113)) - 7706a157-1a1c-49fa-abc2-2cf2041a84a7: Completed APPEND_ENTRIES, lastRequest: 96acbf61-3ece-4d83-9836-a217fb58817a->7706a157-1a1c-49fa-abc2-2cf2041a84a7#5-t1, previous=(t:1, i:0), leaderCommit=0, initializing? false, entries: <empty>
2019-10-09 13:13:59,789 [grpc-default-executor-30] INFO  server.GrpcServerProtocolService (GrpcServerProtocolService.java:onCompleted(113)) - 869fbf5b-cbbd-43c6-9f26-156c5192e660: Completed APPEND_ENTRIES, lastRequest: 96acbf61-3ece-4d83-9836-a217fb58817a->869fbf5b-cbbd-43c6-9f26-156c5192e660#5-t1, previous=(t:1, i:0), leaderCommit=0, initializing? false, entries: <empty>
2019-10-09 13:13:59,788 [org.apache.ratis.server.impl.LogAppender$AppenderDaemon$$Lambda$493/462031746@1c33ee45] WARN  server.GrpcLogAppender (GrpcLogAppender.java:mayWait(143)) - 96acbf61-3ece-4d83-9836-a217fb58817a@group-014983823A3D->869fbf5b-cbbd-43c6-9f26-156c5192e660-GrpcLogAppender: Wait interrupted by java.lang.InterruptedException
2019-10-09 13:13:59,788 [ForkJoinPool.commonPool-worker-1] INFO  impl.PendingRequests (PendingRequests.java:sendNotLeaderResponses(202)) - 96acbf61-3ece-4d83-9836-a217fb58817a-PendingRequests: sendNotLeaderResponses
2019-10-09 13:13:59,790 [grpc-default-executor-24] INFO  server.GrpcServerProtocolService (GrpcServerProtocolService.java:onCompleted(113)) - 869fbf5b-cbbd-43c6-9f26-156c5192e660: Completed APPEND_ENTRIES, lastRequest: 96acbf61-3ece-4d83-9836-a217fb58817a->869fbf5b-cbbd-43c6-9f26-156c5192e660#3-t1, previous=(t:1, i:0), leaderCommit=0, initializing? false, entries: <empty>
2019-10-09 13:13:59,786 [org.apache.ratis.server.impl.LogAppender$AppenderDaemon$$Lambda$493/462031746@5cf0871a] WARN  server.GrpcLogAppender (GrpcLogAppender.java:mayWait(143)) - 96acbf61-3ece-4d83-9836-a217fb58817a@group-014983823A3D->162534dc-93d9-4206-ab1e-9268955c7aca-GrpcLogAppender: Wait interrupted by java.lang.InterruptedException
2019-10-09 13:13:59,790 [ForkJoinPool.commonPool-worker-1] INFO  impl.StateMachineUpdater (StateMachineUpdater.java:stopAndJoin(125)) - 96acbf61-3ece-4d83-9836-a217fb58817a@group-014983823A3D-StateMachineUpdater: set stopIndex = 0
2019-10-09 13:13:59,790 [ForkJoinPool.commonPool-worker-1] INFO  impl.RaftServerImpl (ServerState.java:close(385)) - 96acbf61-3ece-4d83-9836-a217fb58817a@group-014983823A3D: closes. applyIndex: 0
2019-10-09 13:13:59,790 [grpc-default-executor-37] INFO  server.GrpcLogAppender (GrpcLogAppender.java:onCompleted(293)) - 96acbf61-3ece-4d83-9836-a217fb58817a@group-52AD3AA08ADE->869fbf5b-cbbd-43c6-9f26-156c5192e660-AppendLogResponseHandler: follower responses appendEntries COMPLETED
2019-10-09 13:13:59,789 [grpc-default-executor-30] INFO  server.GrpcLogAppender (GrpcLogAppender.java:onCompleted(293)) - 96acbf61-3ece-4d83-9836-a217fb58817a@group-52AD3AA08ADE->7706a157-1a1c-49fa-abc2-2cf2041a84a7-AppendLogResponseHandler: follower responses appendEntries COMPLETED
2019-10-09 13:13:59,789 [main] INFO  impl.StateMachineUpdater (StateMachineUpdater.java:stopAndJoin(125)) - 96acbf61-3ece-4d83-9836-a217fb58817a@group-52AD3AA08ADE-StateMachineUpdater: set stopIndex = 0
2019-10-09 13:13:59,791 [grpc-default-executor-41] WARN  server.GrpcLogAppender (LogUtils.java:warn(134)) - 96acbf61-3ece-4d83-9836-a217fb58817a@group-DC31737E2860->869fbf5b-cbbd-43c6-9f26-156c5192e660-AppendLogResponseHandler: Failed appendEntries: org.apache.ratis.thirdparty.io.grpc.StatusRuntimeException: UNAVAILABLE: Channel shutdownNow invoked
2019-10-09 13:13:59,791 [grpc-default-executor-31] WARN  server.GrpcLogAppender (LogUtils.java:warn(134)) - 96acbf61-3ece-4d83-9836-a217fb58817a@group-14DF45B217B5->7706a157-1a1c-49fa-abc2-2cf2041a84a7-AppendLogResponseHandler: Failed appendEntries: org.apache.ratis.thirdparty.io.grpc.StatusRuntimeException: UNAVAILABLE: Channel shutdownNow invoked
2019-10-09 13:13:59,791 [grpc-default-executor-34] WARN  server.GrpcLogAppender (LogUtils.java:warn(134)) - 96acbf61-3ece-4d83-9836-a217fb58817a@group-227D833B6095->869fbf5b-cbbd-43c6-9f26-156c5192e660-AppendLogResponseHandler: Failed appendEntries: org.apache.ratis.thirdparty.io.grpc.StatusRuntimeException: UNAVAILABLE: Channel shutdownNow invoked
2019-10-09 13:13:59,791 [grpc-default-executor-38] WARN  server.GrpcLogAppender (LogUtils.java:warn(134)) - 96acbf61-3ece-4d83-9836-a217fb58817a@group-4A4B977E74D1->869fbf5b-cbbd-43c6-9f26-156c5192e660-AppendLogResponseHandler: Failed appendEntries: org.apache.ratis.thirdparty.io.grpc.StatusRuntimeException: UNAVAILABLE: Channel shutdownNow invoked
2019-10-09 13:13:59,791 [grpc-default-executor-35] WARN  server.GrpcLogAppender (LogUtils.java:warn(134)) - 96acbf61-3ece-4d83-9836-a217fb58817a@group-986902F1898E->869fbf5b-cbbd-43c6-9f26-156c5192e660-AppendLogResponseHandler: Failed appendEntries: org.apache.ratis.thirdparty.io.grpc.StatusRuntimeException: UNAVAILABLE: Channel shutdownNow invoked
2019-10-09 13:13:59,791 [grpc-default-executor-33] WARN  server.GrpcLogAppender (LogUtils.java:warn(134)) - 96acbf61-3ece-4d83-9836-a217fb58817a@group-FB9E4996B38B->869fbf5b-cbbd-43c6-9f26-156c5192e660-AppendLogResponseHandler: Failed appendEntries: org.apache.ratis.thirdparty.io.grpc.StatusRuntimeException: UNAVAILABLE: Channel shutdownNow invoked
2019-10-09 13:13:59,791 [grpc-default-executor-30] INFO  impl.FollowerInfo (FollowerInfo.java:lambda$new$0(51)) - 96acbf61-3ece-4d83-9836-a217fb58817a@group-52AD3AA08ADE->7706a157-1a1c-49fa-abc2-2cf2041a84a7: nextIndex: updateUnconditionally 1 -> 0
2019-10-09 13:13:59,792 [grpc-default-executor-45] WARN  server.GrpcServerProtocolService (LogUtils.java:warn(134)) - 869fbf5b-cbbd-43c6-9f26-156c5192e660: installSnapshot onError, lastRequest: 96acbf61-3ece-4d83-9836-a217fb58817a->869fbf5b-cbbd-43c6-9f26-156c5192e660#2-t2, previous=(t:2, i:0), leaderCommit=0, initializing? false, entries: <empty>: org.apache.ratis.thirdparty.io.grpc.StatusRuntimeException: CANCELLED: cancelled before receiving half close
2019-10-09 13:13:59,791 [grpc-default-executor-37] INFO  impl.FollowerInfo (FollowerInfo.java:lambda$new$0(51)) - 96acbf61-3ece-4d83-9836-a217fb58817a@group-52AD3AA08ADE->869fbf5b-cbbd-43c6-9f26-156c5192e660: nextIndex: updateUnconditionally 1 -> 0
2019-10-09 13:13:59,790 [96acbf61-3ece-4d83-9836-a217fb58817a@group-014983823A3D-SegmentedRaftLogWorker] INFO  segmented.SegmentedRaftLogWorker (SegmentedRaftLogWorker.java:run(313)) - 96acbf61-3ece-4d83-9836-a217fb58817a@group-014983823A3D-SegmentedRaftLogWorker was interrupted, exiting. There are 0 tasks remaining in the queue.
2019-10-09 13:13:59,790 [grpc-default-executor-15] INFO  server.GrpcServerProtocolService (GrpcServerProtocolService.java:onCompleted(113)) - 162534dc-93d9-4206-ab1e-9268955c7aca: Completed APPEND_ENTRIES, lastRequest: 96acbf61-3ece-4d83-9836-a217fb58817a->162534dc-93d9-4206-ab1e-9268955c7aca#3-t1, previous=(t:1, i:0), leaderCommit=0, initializing? false, entries: <empty>
2019-10-09 13:13:59,790 [grpc-default-executor-24] INFO  server.GrpcLogAppender (GrpcLogAppender.java:onCompleted(293)) - 96acbf61-3ece-4d83-9836-a217fb58817a@group-014983823A3D->869fbf5b-cbbd-43c6-9f26-156c5192e660-AppendLogResponseHandler: follower responses appendEntries COMPLETED
2019-10-09 13:13:59,797 [grpc-default-executor-15] INFO  server.GrpcLogAppender (GrpcLogAppender.java:onCompleted(293)) - 96acbf61-3ece-4d83-9836-a217fb58817a@group-014983823A3D->162534dc-93d9-4206-ab1e-9268955c7aca-AppendLogResponseHandler: follower responses appendEntries COMPLETED
2019-10-09 13:13:59,797 [ForkJoinPool.commonPool-worker-1] INFO  segmented.SegmentedRaftLogWorker (SegmentedRaftLogWorker.java:close(228)) - 96acbf61-3ece-4d83-9836-a217fb58817a@group-014983823A3D-SegmentedRaftLogWorker close()
2019-10-09 13:13:59,798 [grpc-default-executor-30] WARN  server.GrpcLogAppender (LogUtils.java:warn(134)) - 96acbf61-3ece-4d83-9836-a217fb58817a@group-4A4B977E74D1->162534dc-93d9-4206-ab1e-9268955c7aca-AppendLogResponseHandler: Failed appendEntries: org.apache.ratis.thirdparty.io.grpc.StatusRuntimeException: UNAVAILABLE: Channel shutdownNow invoked
2019-10-09 13:13:59,792 [grpc-default-executor-44] WARN  server.GrpcServerProtocolService (LogUtils.java:warn(134)) - 869fbf5b-cbbd-43c6-9f26-156c5192e660: installSnapshot onError, lastRequest: 96acbf61-3ece-4d83-9836-a217fb58817a->869fbf5b-cbbd-43c6-9f26-156c5192e660#2-t2, previous=(t:2, i:0), leaderCommit=0, initializing? false, entries: <empty>: org.apache.ratis.thirdparty.io.grpc.StatusRuntimeException: CANCELLED: cancelled before receiving half close
2019-10-09 13:13:59,792 [grpc-default-executor-33] INFO  impl.FollowerInfo (FollowerInfo.java:lambda$new$0(51)) - 96acbf61-3ece-4d83-9836-a217fb58817a@group-FB9E4996B38B->869fbf5b-cbbd-43c6-9f26-156c5192e660: nextIndex: updateUnconditionally 1 -> 0
2019-10-09 13:13:59,792 [grpc-default-executor-35] INFO  impl.FollowerInfo (FollowerInfo.java:lambda$new$0(51)) - 96acbf61-3ece-4d83-9836-a217fb58817a@group-986902F1898E->869fbf5b-cbbd-43c6-9f26-156c5192e660: nextIndex: updateUnconditionally 1 -> 0
2019-10-09 13:13:59,792 [grpc-default-executor-38] INFO  impl.FollowerInfo (FollowerInfo.java:lambda$new$0(51)) - 96acbf61-3ece-4d83-9836-a217fb58817a@group-4A4B977E74D1->869fbf5b-cbbd-43c6-9f26-156c5192e660: nextIndex: updateUnconditionally 17 -> 16
2019-10-09 13:13:59,792 [grpc-default-executor-43] WARN  server.GrpcServerProtocolService (LogUtils.java:warn(134)) - 869fbf5b-cbbd-43c6-9f26-156c5192e660: installSnapshot onError, lastRequest: 96acbf61-3ece-4d83-9836-a217fb58817a->869fbf5b-cbbd-43c6-9f26-156c5192e660#3-t1, previous=(t:1, i:0), leaderCommit=0, initializing? false, entries: <empty>: org.apache.ratis.thirdparty.io.grpc.StatusRuntimeException: CANCELLED: cancelled before receiving half close
2019-10-09 13:13:59,799 [grpc-default-executor-49] WARN  server.GrpcServerProtocolService (LogUtils.java:warn(134)) - 162534dc-93d9-4206-ab1e-9268955c7aca: installSnapshot onError, lastRequest: 96acbf61-3ece-4d83-9836-a217fb58817a->162534dc-93d9-4206-ab1e-9268955c7aca#4-t1, previous=(t:1, i:0), leaderCommit=0, initializing? false, entries: <empty>: org.apache.ratis.thirdparty.io.grpc.StatusRuntimeException: CANCELLED: cancelled before receiving half close
2019-10-09 13:13:59,792 [grpc-default-executor-34] INFO  impl.FollowerInfo (FollowerInfo.java:lambda$new$0(51)) - 96acbf61-3ece-4d83-9836-a217fb58817a@group-227D833B6095->869fbf5b-cbbd-43c6-9f26-156c5192e660: nextIndex: updateUnconditionally 1 -> 0
2019-10-09 13:13:59,792 [grpc-default-executor-39] WARN  server.GrpcServerProtocolService (LogUtils.java:warn(134)) - 869fbf5b-cbbd-43c6-9f26-156c5192e660: installSnapshot onError, lastRequest: 96acbf61-3ece-4d83-9836-a217fb58817a->869fbf5b-cbbd-43c6-9f26-156c5192e660#19-t1, previous=(t:1, i:16), leaderCommit=16, initializing? false, entries: <empty>: org.apache.ratis.thirdparty.io.grpc.StatusRuntimeException: CANCELLED: cancelled before receiving half close
2019-10-09 13:13:59,792 [grpc-default-executor-42] WARN  server.GrpcServerProtocolService (LogUtils.java:warn(134)) - 869fbf5b-cbbd-43c6-9f26-156c5192e660: installSnapshot onError, lastRequest: 96acbf61-3ece-4d83-9836-a217fb58817a->869fbf5b-cbbd-43c6-9f26-156c5192e660#4-t1, previous=(t:1, i:0), leaderCommit=0, initializing? false, entries: <empty>: org.apache.ratis.thirdparty.io.grpc.StatusRuntimeException: CANCELLED: cancelled before receiving half close
2019-10-09 13:13:59,791 [grpc-default-executor-31] INFO  impl.FollowerInfo (FollowerInfo.java:lambda$new$0(51)) - 96acbf61-3ece-4d83-9836-a217fb58817a@group-14DF45B217B5->7706a157-1a1c-49fa-abc2-2cf2041a84a7: nextIndex: updateUnconditionally 1 -> 0
2019-10-09 13:13:59,791 [grpc-default-executor-41] INFO  impl.FollowerInfo (FollowerInfo.java:lambda$new$0(51)) - 96acbf61-3ece-4d83-9836-a217fb58817a@group-DC31737E2860->869fbf5b-cbbd-43c6-9f26-156c5192e660: nextIndex: updateUnconditionally 1 -> 0
2019-10-09 13:13:59,791 [grpc-default-executor-32] WARN  server.GrpcServerProtocolService (LogUtils.java:warn(134)) - 7706a157-1a1c-49fa-abc2-2cf2041a84a7: installSnapshot onError, lastRequest: 96acbf61-3ece-4d83-9836-a217fb58817a->7706a157-1a1c-49fa-abc2-2cf2041a84a7#5-t1, previous=(t:1, i:0), leaderCommit=0, initializing? false, entries: <empty>: org.apache.ratis.thirdparty.io.grpc.StatusRuntimeException: CANCELLED: cancelled before receiving half close
2019-10-09 13:13:59,791 [grpc-default-executor-40] WARN  server.GrpcServerProtocolService (LogUtils.java:warn(134)) - 869fbf5b-cbbd-43c6-9f26-156c5192e660: installSnapshot onError, lastRequest: 96acbf61-3ece-4d83-9836-a217fb58817a->869fbf5b-cbbd-43c6-9f26-156c5192e660#4-t1, previous=(t:1, i:0), leaderCommit=0, initializing? false, entries: <empty>: org.apache.ratis.thirdparty.io.grpc.StatusRuntimeException: CANCELLED: cancelled before receiving half close
2019-10-09 13:13:59,791 [grpc-default-executor-27] WARN  server.GrpcLogAppender (LogUtils.java:warn(134)) - 96acbf61-3ece-4d83-9836-a217fb58817a@group-19F276FA9099->869fbf5b-cbbd-43c6-9f26-156c5192e660-AppendLogResponseHandler: Failed appendEntries: org.apache.ratis.thirdparty.io.grpc.StatusRuntimeException: UNAVAILABLE: Channel shutdownNow invoked
2019-10-09 13:13:59,791 [main] INFO  impl.RaftServerImpl (ServerState.java:close(385)) - 96acbf61-3ece-4d83-9836-a217fb58817a@group-52AD3AA08ADE: closes. applyIndex: 0
2019-10-09 13:13:59,800 [grpc-default-executor-27] INFO  impl.FollowerInfo (FollowerInfo.java:lambda$new$0(51)) - 96acbf61-3ece-4d83-9836-a217fb58817a@group-19F276FA9099->869fbf5b-cbbd-43c6-9f26-156c5192e660: nextIndex: updateUnconditionally 1 -> 0
2019-10-09 13:13:59,799 [grpc-default-executor-51] WARN  server.GrpcServerProtocolService (LogUtils.java:warn(134)) - 162534dc-93d9-4206-ab1e-9268955c7aca: installSnapshot onError, lastRequest: 96acbf61-3ece-4d83-9836-a217fb58817a->162534dc-93d9-4206-ab1e-9268955c7aca#2-t2, previous=(t:2, i:0), leaderCommit=0, initializing? false, entries: <empty>: org.apache.ratis.thirdparty.io.grpc.StatusRuntimeException: CANCELLED: cancelled before receiving half close
2019-10-09 13:13:59,799 [grpc-default-executor-50] WARN  server.GrpcServerProtocolService (LogUtils.java:warn(134)) - 162534dc-93d9-4206-ab1e-9268955c7aca: installSnapshot onError, lastRequest: 96acbf61-3ece-4d83-9836-a217fb58817a->162534dc-93d9-4206-ab1e-9268955c7aca#19-t1, previous=(t:1, i:16), leaderCommit=16, initializing? false, entries: <empty>: org.apache.ratis.thirdparty.io.grpc.StatusRuntimeException: CANCELLED: cancelled before receiving half close
2019-10-09 13:13:59,799 [grpc-default-executor-38] WARN  server.GrpcServerProtocolService (LogUtils.java:warn(134)) - 162534dc-93d9-4206-ab1e-9268955c7aca: installSnapshot onError, lastRequest: 96acbf61-3ece-4d83-9836-a217fb58817a->162534dc-93d9-4206-ab1e-9268955c7aca#3-t1, previous=(t:1, i:0), leaderCommit=0, initializing? false, entries: <empty>: org.apache.ratis.thirdparty.io.grpc.StatusRuntimeException: CANCELLED: cancelled before receiving half close
2019-10-09 13:13:59,799 [grpc-default-executor-35] WARN  server.GrpcServerProtocolService (LogUtils.java:warn(134)) - 162534dc-93d9-4206-ab1e-9268955c7aca: installSnapshot onError, lastRequest: 96acbf61-3ece-4d83-9836-a217fb58817a->162534dc-93d9-4206-ab1e-9268955c7aca#2-t2, previous=(t:2, i:0), leaderCommit=0, initializing? false, entries: <empty>: org.apache.ratis.thirdparty.io.grpc.StatusRuntimeException: CANCELLED: cancelled before receiving half close
2019-10-09 13:13:59,799 [grpc-default-executor-33] WARN  server.GrpcServerProtocolService (LogUtils.java:warn(134)) - 162534dc-93d9-4206-ab1e-9268955c7aca: installSnapshot onError, lastRequest: 96acbf61-3ece-4d83-9836-a217fb58817a->162534dc-93d9-4206-ab1e-9268955c7aca#4-t1, previous=(t:1, i:0), leaderCommit=0, initializing? false, entries: <empty>: org.apache.ratis.thirdparty.io.grpc.StatusRuntimeException: CANCELLED: cancelled before receiving half close
2019-10-09 13:13:59,798 [grpc-default-executor-47] WARN  server.GrpcLogAppender (LogUtils.java:warn(134)) - 96acbf61-3ece-4d83-9836-a217fb58817a@group-19F276FA9099->162534dc-93d9-4206-ab1e-9268955c7aca-AppendLogResponseHandler: Failed appendEntries: org.apache.ratis.thirdparty.io.grpc.StatusRuntimeException: UNAVAILABLE: Channel shutdownNow invoked
2019-10-09 13:13:59,802 [grpc-default-executor-47] INFO  impl.FollowerInfo (FollowerInfo.java:lambda$new$0(51)) - 96acbf61-3ece-4d83-9836-a217fb58817a@group-19F276FA9099->162534dc-93d9-4206-ab1e-9268955c7aca: nextIndex: updateUnconditionally 1 -> 0
2019-10-09 13:13:59,798 [grpc-default-executor-46] WARN  server.GrpcLogAppender (LogUtils.java:warn(134)) - 96acbf61-3ece-4d83-9836-a217fb58817a@group-DC31737E2860->162534dc-93d9-4206-ab1e-9268955c7aca-AppendLogResponseHandler: Failed appendEntries: org.apache.ratis.thirdparty.io.grpc.StatusRuntimeException: UNAVAILABLE: Channel shutdownNow invoked
2019-10-09 13:13:59,798 [grpc-default-executor-30] INFO  impl.FollowerInfo (FollowerInfo.java:lambda$new$0(51)) - 96acbf61-3ece-4d83-9836-a217fb58817a@group-4A4B977E74D1->162534dc-93d9-4206-ab1e-9268955c7aca: nextIndex: updateUnconditionally 17 -> 16
2019-10-09 13:13:59,798 [grpc-default-executor-36] WARN  server.GrpcLogAppender (LogUtils.java:warn(134)) - 96acbf61-3ece-4d83-9836-a217fb58817a@group-227D833B6095->162534dc-93d9-4206-ab1e-9268955c7aca-AppendLogResponseHandler: Failed appendEntries: org.apache.ratis.thirdparty.io.grpc.StatusRuntimeException: UNAVAILABLE: Channel shutdownNow invoked
2019-10-09 13:13:59,798 [grpc-default-executor-37] WARN  server.GrpcLogAppender (LogUtils.java:warn(134)) - 96acbf61-3ece-4d83-9836-a217fb58817a@group-986902F1898E->162534dc-93d9-4206-ab1e-9268955c7aca-AppendLogResponseHandler: Failed appendEntries: org.apache.ratis.thirdparty.io.grpc.StatusRuntimeException: UNAVAILABLE: Channel shutdownNow invoked
2019-10-09 13:13:59,803 [grpc-default-executor-37] INFO  impl.FollowerInfo (FollowerInfo.java:lambda$new$0(51)) - 96acbf61-3ece-4d83-9836-a217fb58817a@group-986902F1898E->162534dc-93d9-4206-ab1e-9268955c7aca: nextIndex: updateUnconditionally 1 -> 0
2019-10-09 13:13:59,798 [ForkJoinPool.commonPool-worker-1] INFO  impl.RaftServerImpl (RaftServerImpl.java:lambda$shutdown$3(251)) - 96acbf61-3ece-4d83-9836-a217fb58817a@group-14DF45B217B5: shutdown
2019-10-09 13:13:59,798 [grpc-default-executor-45] WARN  server.GrpcLogAppender (LogUtils.java:warn(134)) - 96acbf61-3ece-4d83-9836-a217fb58817a@group-FB9E4996B38B->162534dc-93d9-4206-ab1e-9268955c7aca-AppendLogResponseHandler: Failed appendEntries: org.apache.ratis.thirdparty.io.grpc.StatusRuntimeException: UNAVAILABLE: Channel shutdownNow invoked
2019-10-09 13:13:59,798 [grpc-default-executor-15] INFO  impl.FollowerInfo (FollowerInfo.java:lambda$new$0(51)) - 96acbf61-3ece-4d83-9836-a217fb58817a@group-014983823A3D->162534dc-93d9-4206-ab1e-9268955c7aca: nextIndex: updateUnconditionally 1 -> 0
2019-10-09 13:13:59,797 [grpc-default-executor-24] INFO  impl.FollowerInfo (FollowerInfo.java:lambda$new$0(51)) - 96acbf61-3ece-4d83-9836-a217fb58817a@group-014983823A3D->869fbf5b-cbbd-43c6-9f26-156c5192e660: nextIndex: updateUnconditionally 1 -> 0
2019-10-09 13:13:59,804 [grpc-default-executor-45] INFO  impl.FollowerInfo (FollowerInfo.java:lambda$new$0(51)) - 96acbf61-3ece-4d83-9836-a217fb58817a@group-FB9E4996B38B->162534dc-93d9-4206-ab1e-9268955c7aca: nextIndex: updateUnconditionally 1 -> 0
2019-10-09 13:13:59,804 [ForkJoinPool.commonPool-worker-1] INFO  util.JmxRegister (JmxRegister.java:unregister(73)) - Successfully un-registered JMX Bean with object name Ratis:service=RaftServer,group=group-14DF45B217B5,id=96acbf61-3ece-4d83-9836-a217fb58817a
2019-10-09 13:13:59,803 [grpc-default-executor-36] INFO  impl.FollowerInfo (FollowerInfo.java:lambda$new$0(51)) - 96acbf61-3ece-4d83-9836-a217fb58817a@group-227D833B6095->162534dc-93d9-4206-ab1e-9268955c7aca: nextIndex: updateUnconditionally 1 -> 0
2019-10-09 13:13:59,803 [grpc-default-executor-46] INFO  impl.FollowerInfo (FollowerInfo.java:lambda$new$0(51)) - 96acbf61-3ece-4d83-9836-a217fb58817a@group-DC31737E2860->162534dc-93d9-4206-ab1e-9268955c7aca: nextIndex: updateUnconditionally 1 -> 0
2019-10-09 13:13:59,801 [96acbf61-3ece-4d83-9836-a217fb58817a@group-52AD3AA08ADE-SegmentedRaftLogWorker] INFO  segmented.SegmentedRaftLogWorker (SegmentedRaftLogWorker.java:run(313)) - 96acbf61-3ece-4d83-9836-a217fb58817a@group-52AD3AA08ADE-SegmentedRaftLogWorker was interrupted, exiting. There are 0 tasks remaining in the queue.
2019-10-09 13:13:59,805 [ForkJoinPool.commonPool-worker-1] INFO  impl.RoleInfo (RoleInfo.java:shutdownLeaderState(104)) - 96acbf61-3ece-4d83-9836-a217fb58817a: shutdown LeaderState
2019-10-09 13:13:59,809 [main] INFO  segmented.SegmentedRaftLogWorker (SegmentedRaftLogWorker.java:close(228)) - 96acbf61-3ece-4d83-9836-a217fb58817a@group-52AD3AA08ADE-SegmentedRaftLogWorker close()
2019-10-09 13:13:59,816 [org.apache.ratis.server.impl.LogAppender$AppenderDaemon$$Lambda$493/462031746@7132003c] WARN  server.GrpcLogAppender (GrpcLogAppender.java:mayWait(143)) - 96acbf61-3ece-4d83-9836-a217fb58817a@group-14DF45B217B5->2c69c56f-4b33-4231-936a-bbd24e83d692-GrpcLogAppender: Wait interrupted by java.lang.InterruptedException
2019-10-09 13:13:59,816 [org.apache.ratis.server.impl.LogAppender$AppenderDaemon$$Lambda$493/462031746@81ec837] WARN  server.GrpcLogAppender (GrpcLogAppender.java:mayWait(143)) - 96acbf61-3ece-4d83-9836-a217fb58817a@group-14DF45B217B5->7706a157-1a1c-49fa-abc2-2cf2041a84a7-GrpcLogAppender: Wait interrupted by java.lang.InterruptedException
2019-10-09 13:13:59,816 [ForkJoinPool.commonPool-worker-1] INFO  impl.PendingRequests (PendingRequests.java:sendNotLeaderResponses(202)) - 96acbf61-3ece-4d83-9836-a217fb58817a-PendingRequests: sendNotLeaderResponses
2019-10-09 13:13:59,823 [grpc-default-executor-46] INFO  server.GrpcServerProtocolService (GrpcServerProtocolService.java:onCompleted(113)) - 2c69c56f-4b33-4231-936a-bbd24e83d692: Completed APPEND_ENTRIES, lastRequest: 96acbf61-3ece-4d83-9836-a217fb58817a->2c69c56f-4b33-4231-936a-bbd24e83d692#5-t1, previous=(t:1, i:0), leaderCommit=0, initializing? false, entries: <empty>
2019-10-09 13:13:59,822 [main] INFO  impl.RaftServerImpl (RaftServerImpl.java:lambda$shutdown$3(251)) - 96acbf61-3ece-4d83-9836-a217fb58817a@group-227D833B6095: shutdown
2019-10-09 13:13:59,823 [grpc-default-executor-36] INFO  server.GrpcLogAppender (GrpcLogAppender.java:onCompleted(293)) - 96acbf61-3ece-4d83-9836-a217fb58817a@group-14DF45B217B5->2c69c56f-4b33-4231-936a-bbd24e83d692-AppendLogResponseHandler: follower responses appendEntries COMPLETED
2019-10-09 13:13:59,823 [ForkJoinPool.commonPool-worker-1] INFO  impl.StateMachineUpdater (StateMachineUpdater.java:stopAndJoin(125)) - 96acbf61-3ece-4d83-9836-a217fb58817a@group-14DF45B217B5-StateMachineUpdater: set stopIndex = 0
2019-10-09 13:13:59,824 [grpc-default-executor-36] INFO  impl.FollowerInfo (FollowerInfo.java:lambda$new$0(51)) - 96acbf61-3ece-4d83-9836-a217fb58817a@group-14DF45B217B5->2c69c56f-4b33-4231-936a-bbd24e83d692: nextIndex: updateUnconditionally 1 -> 0
2019-10-09 13:13:59,823 [main] INFO  util.JmxRegister (JmxRegister.java:unregister(73)) - Successfully un-registered JMX Bean with object name Ratis:service=RaftServer,group=group-227D833B6095,id=96acbf61-3ece-4d83-9836-a217fb58817a
2019-10-09 13:13:59,824 [main] INFO  impl.RoleInfo (RoleInfo.java:shutdownLeaderState(104)) - 96acbf61-3ece-4d83-9836-a217fb58817a: shutdown LeaderState
2019-10-09 13:13:59,824 [ForkJoinPool.commonPool-worker-1] INFO  impl.RaftServerImpl (ServerState.java:close(385)) - 96acbf61-3ece-4d83-9836-a217fb58817a@group-14DF45B217B5: closes. applyIndex: 0
2019-10-09 13:13:59,830 [org.apache.ratis.server.impl.LogAppender$AppenderDaemon$$Lambda$493/462031746@521eb358] WARN  server.GrpcLogAppender (GrpcLogAppender.java:mayWait(143)) - 96acbf61-3ece-4d83-9836-a217fb58817a@group-227D833B6095->869fbf5b-cbbd-43c6-9f26-156c5192e660-GrpcLogAppender: Wait interrupted by java.lang.InterruptedException
2019-10-09 13:13:59,831 [96acbf61-3ece-4d83-9836-a217fb58817a@group-14DF45B217B5-SegmentedRaftLogWorker] INFO  segmented.SegmentedRaftLogWorker (SegmentedRaftLogWorker.java:run(313)) - 96acbf61-3ece-4d83-9836-a217fb58817a@group-14DF45B217B5-SegmentedRaftLogWorker was interrupted, exiting. There are 0 tasks remaining in the queue.
2019-10-09 13:13:59,830 [main] INFO  impl.PendingRequests (PendingRequests.java:sendNotLeaderResponses(202)) - 96acbf61-3ece-4d83-9836-a217fb58817a-PendingRequests: sendNotLeaderResponses
2019-10-09 13:13:59,834 [ForkJoinPool.commonPool-worker-1] INFO  segmented.SegmentedRaftLogWorker (SegmentedRaftLogWorker.java:close(228)) - 96acbf61-3ece-4d83-9836-a217fb58817a@group-14DF45B217B5-SegmentedRaftLogWorker close()
2019-10-09 13:13:59,831 [org.apache.ratis.server.impl.LogAppender$AppenderDaemon$$Lambda$493/462031746@13c95b64] WARN  server.GrpcLogAppender (GrpcLogAppender.java:mayWait(143)) - 96acbf61-3ece-4d83-9836-a217fb58817a@group-227D833B6095->162534dc-93d9-4206-ab1e-9268955c7aca-GrpcLogAppender: Wait interrupted by java.lang.InterruptedException
2019-10-09 13:13:59,834 [ForkJoinPool.commonPool-worker-1] INFO  impl.RaftServerImpl (RaftServerImpl.java:lambda$shutdown$3(251)) - 96acbf61-3ece-4d83-9836-a217fb58817a@group-DC31737E2860: shutdown
2019-10-09 13:13:59,834 [main] INFO  impl.StateMachineUpdater (StateMachineUpdater.java:stopAndJoin(125)) - 96acbf61-3ece-4d83-9836-a217fb58817a@group-227D833B6095-StateMachineUpdater: set stopIndex = 0
2019-10-09 13:13:59,835 [main] INFO  impl.RaftServerImpl (ServerState.java:close(385)) - 96acbf61-3ece-4d83-9836-a217fb58817a@group-227D833B6095: closes. applyIndex: 0
2019-10-09 13:13:59,835 [ForkJoinPool.commonPool-worker-1] INFO  util.JmxRegister (JmxRegister.java:unregister(73)) - Successfully un-registered JMX Bean with object name Ratis:service=RaftServer,group=group-DC31737E2860,id=96acbf61-3ece-4d83-9836-a217fb58817a
2019-10-09 13:13:59,835 [96acbf61-3ece-4d83-9836-a217fb58817a@group-227D833B6095-SegmentedRaftLogWorker] INFO  segmented.SegmentedRaftLogWorker (SegmentedRaftLogWorker.java:run(313)) - 96acbf61-3ece-4d83-9836-a217fb58817a@group-227D833B6095-SegmentedRaftLogWorker was interrupted, exiting. There are 0 tasks remaining in the queue.
2019-10-09 13:13:59,835 [ForkJoinPool.commonPool-worker-1] INFO  impl.RoleInfo (RoleInfo.java:shutdownLeaderState(104)) - 96acbf61-3ece-4d83-9836-a217fb58817a: shutdown LeaderState
2019-10-09 13:13:59,838 [main] INFO  segmented.SegmentedRaftLogWorker (SegmentedRaftLogWorker.java:close(228)) - 96acbf61-3ece-4d83-9836-a217fb58817a@group-227D833B6095-SegmentedRaftLogWorker close()
2019-10-09 13:13:59,844 [org.apache.ratis.server.impl.LogAppender$AppenderDaemon$$Lambda$493/462031746@70914528] WARN  server.GrpcLogAppender (GrpcLogAppender.java:mayWait(143)) - 96acbf61-3ece-4d83-9836-a217fb58817a@group-DC31737E2860->869fbf5b-cbbd-43c6-9f26-156c5192e660-GrpcLogAppender: Wait interrupted by java.lang.InterruptedException
2019-10-09 13:13:59,844 [ForkJoinPool.commonPool-worker-1] INFO  impl.PendingRequests (PendingRequests.java:sendNotLeaderResponses(202)) - 96acbf61-3ece-4d83-9836-a217fb58817a-PendingRequests: sendNotLeaderResponses
2019-10-09 13:13:59,849 [main] INFO  impl.RaftServerImpl (RaftServerImpl.java:lambda$shutdown$3(251)) - 96acbf61-3ece-4d83-9836-a217fb58817a@group-FB9E4996B38B: shutdown
2019-10-09 13:13:59,845 [org.apache.ratis.server.impl.LogAppender$AppenderDaemon$$Lambda$493/462031746@3c0d0eda] WARN  server.GrpcLogAppender (GrpcLogAppender.java:mayWait(143)) - 96acbf61-3ece-4d83-9836-a217fb58817a@group-DC31737E2860->162534dc-93d9-4206-ab1e-9268955c7aca-GrpcLogAppender: Wait interrupted by java.lang.InterruptedException
2019-10-09 13:13:59,853 [main] INFO  util.JmxRegister (JmxRegister.java:unregister(73)) - Successfully un-registered JMX Bean with object name Ratis:service=RaftServer,group=group-FB9E4996B38B,id=96acbf61-3ece-4d83-9836-a217fb58817a
2019-10-09 13:13:59,852 [grpc-default-executor-45] INFO  server.GrpcServerProtocolService (GrpcServerProtocolService.java:onCompleted(113)) - 869fbf5b-cbbd-43c6-9f26-156c5192e660: Completed APPEND_ENTRIES, lastRequest: 96acbf61-3ece-4d83-9836-a217fb58817a->869fbf5b-cbbd-43c6-9f26-156c5192e660#3-t2, previous=(t:0, i:0), leaderCommit=0, initializing? false, entries: <empty>
2019-10-09 13:13:59,852 [ForkJoinPool.commonPool-worker-1] INFO  impl.StateMachineUpdater (StateMachineUpdater.java:stopAndJoin(125)) - 96acbf61-3ece-4d83-9836-a217fb58817a@group-DC31737E2860-StateMachineUpdater: set stopIndex = 0
2019-10-09 13:13:59,853 [grpc-default-executor-36] INFO  server.GrpcLogAppender (GrpcLogAppender.java:onCompleted(293)) - 96acbf61-3ece-4d83-9836-a217fb58817a@group-DC31737E2860->869fbf5b-cbbd-43c6-9f26-156c5192e660-AppendLogResponseHandler: follower responses appendEntries COMPLETED
2019-10-09 13:13:59,853 [main] INFO  impl.RoleInfo (RoleInfo.java:shutdownLeaderState(104)) - 96acbf61-3ece-4d83-9836-a217fb58817a: shutdown LeaderState
2019-10-09 13:13:59,853 [grpc-default-executor-46] INFO  server.GrpcServerProtocolService (GrpcServerProtocolService.java:onCompleted(113)) - 162534dc-93d9-4206-ab1e-9268955c7aca: Completed APPEND_ENTRIES, lastRequest: 96acbf61-3ece-4d83-9836-a217fb58817a->162534dc-93d9-4206-ab1e-9268955c7aca#3-t2, previous=(t:0, i:0), leaderCommit=0, initializing? false, entries: <empty>
2019-10-09 13:13:59,859 [grpc-default-executor-15] WARN  server.GrpcServerProtocolService (LogUtils.java:warn(134)) - 869fbf5b-cbbd-43c6-9f26-156c5192e660: installSnapshot onError, lastRequest: 96acbf61-3ece-4d83-9836-a217fb58817a->869fbf5b-cbbd-43c6-9f26-156c5192e660#5-t1, previous=(t:0, i:0), leaderCommit=0, initializing? false, entries: <empty>: org.apache.ratis.thirdparty.io.grpc.StatusRuntimeException: CANCELLED: cancelled before receiving half close
2019-10-09 13:13:59,859 [main] INFO  impl.PendingRequests (PendingRequests.java:sendNotLeaderResponses(202)) - 96acbf61-3ece-4d83-9836-a217fb58817a-PendingRequests: sendNotLeaderResponses
2019-10-09 13:13:59,859 [org.apache.ratis.server.impl.LogAppender$AppenderDaemon$$Lambda$493/462031746@50b67599] WARN  server.GrpcLogAppender (GrpcLogAppender.java:mayWait(143)) - 96acbf61-3ece-4d83-9836-a217fb58817a@group-FB9E4996B38B->869fbf5b-cbbd-43c6-9f26-156c5192e660-GrpcLogAppender: Wait interrupted by java.lang.InterruptedException
2019-10-09 13:13:59,854 [grpc-default-executor-38] WARN  server.GrpcServerProtocolService (LogUtils.java:warn(134)) - 869fbf5b-cbbd-43c6-9f26-156c5192e660: installSnapshot onError, lastRequest: 96acbf61-3ece-4d83-9836-a217fb58817a->869fbf5b-cbbd-43c6-9f26-156c5192e660#3-t2, previous=(t:0, i:0), leaderCommit=0, initializing? false, entries: <empty>: org.apache.ratis.thirdparty.io.grpc.StatusRuntimeException: CANCELLED: cancelled before receiving half close
2019-10-09 13:13:59,854 [grpc-default-executor-37] WARN  server.GrpcLogAppender (LogUtils.java:warn(134)) - 96acbf61-3ece-4d83-9836-a217fb58817a@group-986902F1898E->869fbf5b-cbbd-43c6-9f26-156c5192e660-AppendLogResponseHandler: Failed appendEntries: org.apache.ratis.thirdparty.io.grpc.StatusRuntimeException: UNAVAILABLE: Channel shutdownNow invoked
2019-10-09 13:13:59,854 [grpc-default-executor-45] WARN  server.GrpcLogAppender (LogUtils.java:warn(134)) - 96acbf61-3ece-4d83-9836-a217fb58817a@group-FB9E4996B38B->869fbf5b-cbbd-43c6-9f26-156c5192e660-AppendLogResponseHandler: Failed appendEntries: org.apache.ratis.thirdparty.io.grpc.StatusRuntimeException: UNAVAILABLE: Channel shutdownNow invoked
2019-10-09 13:13:59,854 [grpc-default-executor-24] WARN  server.GrpcLogAppender (LogUtils.java:warn(134)) - 96acbf61-3ece-4d83-9836-a217fb58817a@group-19F276FA9099->869fbf5b-cbbd-43c6-9f26-156c5192e660-AppendLogResponseHandler: Failed appendEntries: org.apache.ratis.thirdparty.io.grpc.StatusRuntimeException: UNAVAILABLE: Channel shutdownNow invoked
2019-10-09 13:13:59,854 [grpc-default-executor-36] INFO  impl.FollowerInfo (FollowerInfo.java:lambda$new$0(51)) - 96acbf61-3ece-4d83-9836-a217fb58817a@group-DC31737E2860->869fbf5b-cbbd-43c6-9f26-156c5192e660: nextIndex: updateUnconditionally 0 -> 0
2019-10-09 13:13:59,853 [ForkJoinPool.commonPool-worker-1] INFO  impl.RaftServerImpl (ServerState.java:close(385)) - 96acbf61-3ece-4d83-9836-a217fb58817a@group-DC31737E2860: closes. applyIndex: 0
2019-10-09 13:13:59,861 [grpc-default-executor-38] INFO  impl.RaftServerImpl (ServerState.java:setRaftConf(354)) - 162534dc-93d9-4206-ab1e-9268955c7aca@group-986902F1898E: set configuration 0: [96acbf61-3ece-4d83-9836-a217fb58817a:192.168.5.175:35650, 162534dc-93d9-4206-ab1e-9268955c7aca:192.168.5.175:32957, 869fbf5b-cbbd-43c6-9f26-156c5192e660:192.168.5.175:43498], old=null at 0
2019-10-09 13:13:59,860 [grpc-default-executor-24] INFO  impl.FollowerInfo (FollowerInfo.java:lambda$new$0(51)) - 96acbf61-3ece-4d83-9836-a217fb58817a@group-19F276FA9099->869fbf5b-cbbd-43c6-9f26-156c5192e660: nextIndex: updateUnconditionally 0 -> 0
2019-10-09 13:13:59,860 [grpc-default-executor-45] INFO  impl.FollowerInfo (FollowerInfo.java:lambda$new$0(51)) - 96acbf61-3ece-4d83-9836-a217fb58817a@group-FB9E4996B38B->869fbf5b-cbbd-43c6-9f26-156c5192e660: nextIndex: updateUnconditionally 0 -> 0
2019-10-09 13:13:59,860 [grpc-default-executor-37] INFO  impl.FollowerInfo (FollowerInfo.java:lambda$new$0(51)) - 96acbf61-3ece-4d83-9836-a217fb58817a@group-986902F1898E->869fbf5b-cbbd-43c6-9f26-156c5192e660: nextIndex: updateUnconditionally 0 -> 0
2019-10-09 13:13:59,860 [grpc-default-executor-15] INFO  impl.RaftServerImpl (ServerState.java:setRaftConf(354)) - 162534dc-93d9-4206-ab1e-9268955c7aca@group-19F276FA9099: set configuration 0: [96acbf61-3ece-4d83-9836-a217fb58817a:192.168.5.175:35650, 162534dc-93d9-4206-ab1e-9268955c7aca:192.168.5.175:32957, 869fbf5b-cbbd-43c6-9f26-156c5192e660:192.168.5.175:43498], old=null at 0
2019-10-09 13:13:59,860 [main] INFO  impl.StateMachineUpdater (StateMachineUpdater.java:stopAndJoin(125)) - 96acbf61-3ece-4d83-9836-a217fb58817a@group-FB9E4996B38B-StateMachineUpdater: set stopIndex = 0
2019-10-09 13:13:59,860 [grpc-default-executor-46] INFO  server.GrpcLogAppender (GrpcLogAppender.java:onCompleted(293)) - 96acbf61-3ece-4d83-9836-a217fb58817a@group-DC31737E2860->162534dc-93d9-4206-ab1e-9268955c7aca-AppendLogResponseHandler: follower responses appendEntries COMPLETED
2019-10-09 13:13:59,859 [org.apache.ratis.server.impl.LogAppender$AppenderDaemon$$Lambda$493/462031746@77591e25] WARN  server.GrpcLogAppender (GrpcLogAppender.java:mayWait(143)) - 96acbf61-3ece-4d83-9836-a217fb58817a@group-FB9E4996B38B->162534dc-93d9-4206-ab1e-9268955c7aca-GrpcLogAppender: Wait interrupted by java.lang.InterruptedException
2019-10-09 13:13:59,859 [grpc-default-executor-30] WARN  server.GrpcServerProtocolService (LogUtils.java:warn(134)) - 869fbf5b-cbbd-43c6-9f26-156c5192e660: installSnapshot onError, lastRequest: 96acbf61-3ece-4d83-9836-a217fb58817a->869fbf5b-cbbd-43c6-9f26-156c5192e660#5-t1, previous=(t:0, i:0), leaderCommit=0, initializing? false, entries: <empty>: org.apache.ratis.thirdparty.io.grpc.StatusRuntimeException: CANCELLED: cancelled before receiving half close
2019-10-09 13:13:59,862 [grpc-default-executor-46] INFO  impl.FollowerInfo (FollowerInfo.java:lambda$new$0(51)) - 96acbf61-3ece-4d83-9836-a217fb58817a@group-DC31737E2860->162534dc-93d9-4206-ab1e-9268955c7aca: nextIndex: updateUnconditionally 1 -> 0
2019-10-09 13:13:59,862 [main] INFO  impl.RaftServerImpl (ServerState.java:close(385)) - 96acbf61-3ece-4d83-9836-a217fb58817a@group-FB9E4996B38B: closes. applyIndex: 0
2019-10-09 13:13:59,863 [grpc-default-executor-38] WARN  server.GrpcServerProtocolService (LogUtils.java:warn(134)) - 162534dc-93d9-4206-ab1e-9268955c7aca: installSnapshot onError, lastRequest: 96acbf61-3ece-4d83-9836-a217fb58817a->162534dc-93d9-4206-ab1e-9268955c7aca#6-t1, previous=(t:0, i:0), leaderCommit=0, initializing? false, entries: size=1, first=(t:1, i:0), CONFIGURATIONENTRY: org.apache.ratis.thirdparty.io.grpc.StatusRuntimeException: CANCELLED: cancelled before receiving half close
2019-10-09 13:13:59,861 [96acbf61-3ece-4d83-9836-a217fb58817a@group-DC31737E2860-SegmentedRaftLogWorker] INFO  segmented.SegmentedRaftLogWorker (SegmentedRaftLogWorker.java:run(313)) - 96acbf61-3ece-4d83-9836-a217fb58817a@group-DC31737E2860-SegmentedRaftLogWorker was interrupted, exiting. There are 0 tasks remaining in the queue.
2019-10-09 13:13:59,863 [96acbf61-3ece-4d83-9836-a217fb58817a@group-FB9E4996B38B-SegmentedRaftLogWorker] INFO  segmented.SegmentedRaftLogWorker (SegmentedRaftLogWorker.java:run(313)) - 96acbf61-3ece-4d83-9836-a217fb58817a@group-FB9E4996B38B-SegmentedRaftLogWorker was interrupted, exiting. There are 0 tasks remaining in the queue.
2019-10-09 13:13:59,863 [grpc-default-executor-45] WARN  server.GrpcServerProtocolService (LogUtils.java:warn(134)) - 162534dc-93d9-4206-ab1e-9268955c7aca: installSnapshot onError, lastRequest: 96acbf61-3ece-4d83-9836-a217fb58817a->162534dc-93d9-4206-ab1e-9268955c7aca#5-t1, previous=(t:0, i:0), leaderCommit=0, initializing? false, entries: <empty>: org.apache.ratis.thirdparty.io.grpc.StatusRuntimeException: CANCELLED: cancelled before receiving half close
2019-10-09 13:13:59,869 [main] INFO  segmented.SegmentedRaftLogWorker (SegmentedRaftLogWorker.java:close(228)) - 96acbf61-3ece-4d83-9836-a217fb58817a@group-FB9E4996B38B-SegmentedRaftLogWorker close()
2019-10-09 13:13:59,863 [grpc-default-executor-46] WARN  server.GrpcServerProtocolService (LogUtils.java:warn(134)) - 162534dc-93d9-4206-ab1e-9268955c7aca: installSnapshot onError, lastRequest: 96acbf61-3ece-4d83-9836-a217fb58817a->162534dc-93d9-4206-ab1e-9268955c7aca#4-t2, previous=(t:0, i:0), leaderCommit=0, initializing? false, entries: size=1, first=(t:2, i:0), CONFIGURATIONENTRY: org.apache.ratis.thirdparty.io.grpc.StatusRuntimeException: CANCELLED: cancelled before receiving half close
2019-10-09 13:13:59,863 [grpc-default-executor-37] WARN  server.GrpcLogAppender (LogUtils.java:warn(134)) - 96acbf61-3ece-4d83-9836-a217fb58817a@group-986902F1898E->162534dc-93d9-4206-ab1e-9268955c7aca-AppendLogResponseHandler: Failed appendEntries: org.apache.ratis.thirdparty.io.grpc.StatusRuntimeException: UNAVAILABLE: Channel shutdownNow invoked
2019-10-09 13:13:59,863 [grpc-default-executor-15] INFO  server.GrpcLogAppender (GrpcLogAppender.java:onError(282)) - 96acbf61-3ece-4d83-9836-a217fb58817a@group-FB9E4996B38B->162534dc-93d9-4206-ab1e-9268955c7aca-GrpcLogAppender is stopped
2019-10-09 13:13:59,862 [grpc-default-executor-35] WARN  server.GrpcLogAppender (LogUtils.java:warn(134)) - 96acbf61-3ece-4d83-9836-a217fb58817a@group-19F276FA9099->162534dc-93d9-4206-ab1e-9268955c7aca-AppendLogResponseHandler: Failed appendEntries: org.apache.ratis.thirdparty.io.grpc.StatusRuntimeException: UNAVAILABLE: Channel shutdownNow invoked
2019-10-09 13:13:59,874 [grpc-default-executor-37] INFO  impl.FollowerInfo (FollowerInfo.java:lambda$new$0(51)) - 96acbf61-3ece-4d83-9836-a217fb58817a@group-986902F1898E->162534dc-93d9-4206-ab1e-9268955c7aca: nextIndex: updateUnconditionally 1 -> 0
2019-10-09 13:13:59,874 [main] INFO  impl.RaftServerImpl (RaftServerImpl.java:lambda$shutdown$3(251)) - 96acbf61-3ece-4d83-9836-a217fb58817a@group-4A4B977E74D1: shutdown
2019-10-09 13:13:59,875 [main] INFO  util.JmxRegister (JmxRegister.java:unregister(73)) - Successfully un-registered JMX Bean with object name Ratis:service=RaftServer,group=group-4A4B977E74D1,id=96acbf61-3ece-4d83-9836-a217fb58817a
2019-10-09 13:13:59,866 [ForkJoinPool.commonPool-worker-1] INFO  segmented.SegmentedRaftLogWorker (SegmentedRaftLogWorker.java:close(228)) - 96acbf61-3ece-4d83-9836-a217fb58817a@group-DC31737E2860-SegmentedRaftLogWorker close()
2019-10-09 13:13:59,875 [main] INFO  impl.RoleInfo (RoleInfo.java:shutdownLeaderState(104)) - 96acbf61-3ece-4d83-9836-a217fb58817a: shutdown LeaderState
2019-10-09 13:13:59,875 [grpc-default-executor-35] INFO  impl.FollowerInfo (FollowerInfo.java:lambda$new$0(51)) - 96acbf61-3ece-4d83-9836-a217fb58817a@group-19F276FA9099->162534dc-93d9-4206-ab1e-9268955c7aca: nextIndex: updateUnconditionally 1 -> 0
2019-10-09 13:13:59,880 [org.apache.ratis.server.impl.LogAppender$AppenderDaemon$$Lambda$493/462031746@594609c] WARN  server.GrpcLogAppender (GrpcLogAppender.java:mayWait(143)) - 96acbf61-3ece-4d83-9836-a217fb58817a@group-4A4B977E74D1->869fbf5b-cbbd-43c6-9f26-156c5192e660-GrpcLogAppender: Wait interrupted by java.lang.InterruptedException
2019-10-09 13:13:59,880 [main] INFO  impl.PendingRequests (PendingRequests.java:sendNotLeaderResponses(202)) - 96acbf61-3ece-4d83-9836-a217fb58817a-PendingRequests: sendNotLeaderResponses
2019-10-09 13:13:59,876 [ForkJoinPool.commonPool-worker-1] INFO  impl.RaftServerImpl (RaftServerImpl.java:lambda$shutdown$3(251)) - 96acbf61-3ece-4d83-9836-a217fb58817a@group-532C09F99559: shutdown
2019-10-09 13:13:59,883 [96acbf61-3ece-4d83-9836-a217fb58817a@group-4A4B977E74D1-StateMachineUpdater] INFO  ratis.ContainerStateMachine (ContainerStateMachine.java:takeSnapshot(289)) - group-4A4B977E74D1: Taking a snapshot at:(t:1, i:14) file /workdir/hadoop-ozone/integration-test/target/test-dir/MiniOzoneClusterImpl-77992fd3-8e8a-426b-8566-445f44124f00/datanode-1/data/ratis/31436527-0db7-4839-a6a0-4a4b977e74d1/sm/snapshot.1_14
2019-10-09 13:13:59,883 [main] INFO  impl.StateMachineUpdater (StateMachineUpdater.java:stopAndJoin(125)) - 96acbf61-3ece-4d83-9836-a217fb58817a@group-4A4B977E74D1-StateMachineUpdater: set stopIndex = 16
2019-10-09 13:13:59,881 [org.apache.ratis.server.impl.LogAppender$AppenderDaemon$$Lambda$493/462031746@2fc3a0c2] WARN  server.GrpcLogAppender (GrpcLogAppender.java:mayWait(143)) - 96acbf61-3ece-4d83-9836-a217fb58817a@group-4A4B977E74D1->162534dc-93d9-4206-ab1e-9268955c7aca-GrpcLogAppender: Wait interrupted by java.lang.InterruptedException
2019-10-09 13:13:59,883 [ForkJoinPool.commonPool-worker-1] INFO  util.JmxRegister (JmxRegister.java:unregister(73)) - Successfully un-registered JMX Bean with object name Ratis:service=RaftServer,group=group-532C09F99559,id=96acbf61-3ece-4d83-9836-a217fb58817a
2019-10-09 13:13:59,884 [ForkJoinPool.commonPool-worker-1] INFO  impl.RoleInfo (RoleInfo.java:shutdownLeaderState(104)) - 96acbf61-3ece-4d83-9836-a217fb58817a: shutdown LeaderState
2019-10-09 13:13:59,884 [ForkJoinPool.commonPool-worker-1] INFO  impl.PendingRequests (PendingRequests.java:sendNotLeaderResponses(202)) - 96acbf61-3ece-4d83-9836-a217fb58817a-PendingRequests: sendNotLeaderResponses
2019-10-09 13:13:59,884 [ForkJoinPool.commonPool-worker-1] INFO  impl.StateMachineUpdater (StateMachineUpdater.java:stopAndJoin(125)) - 96acbf61-3ece-4d83-9836-a217fb58817a@group-532C09F99559-StateMachineUpdater: set stopIndex = 0
2019-10-09 13:13:59,885 [ForkJoinPool.commonPool-worker-1] INFO  impl.RaftServerImpl (ServerState.java:close(385)) - 96acbf61-3ece-4d83-9836-a217fb58817a@group-532C09F99559: closes. applyIndex: 0
2019-10-09 13:13:59,885 [96acbf61-3ece-4d83-9836-a217fb58817a@group-532C09F99559-SegmentedRaftLogWorker] INFO  segmented.SegmentedRaftLogWorker (SegmentedRaftLogWorker.java:run(313)) - 96acbf61-3ece-4d83-9836-a217fb58817a@group-532C09F99559-SegmentedRaftLogWorker was interrupted, exiting. There are 0 tasks remaining in the queue.
2019-10-09 13:13:59,887 [ForkJoinPool.commonPool-worker-1] INFO  segmented.SegmentedRaftLogWorker (SegmentedRaftLogWorker.java:close(228)) - 96acbf61-3ece-4d83-9836-a217fb58817a@group-532C09F99559-SegmentedRaftLogWorker close()
2019-10-09 13:13:59,888 [ForkJoinPool.commonPool-worker-1] INFO  impl.RaftServerImpl (RaftServerImpl.java:lambda$shutdown$3(251)) - 96acbf61-3ece-4d83-9836-a217fb58817a@group-7276B70EB406: shutdown
2019-10-09 13:13:59,888 [ForkJoinPool.commonPool-worker-1] INFO  util.JmxRegister (JmxRegister.java:unregister(73)) - Successfully un-registered JMX Bean with object name Ratis:service=RaftServer,group=group-7276B70EB406,id=96acbf61-3ece-4d83-9836-a217fb58817a
2019-10-09 13:13:59,888 [ForkJoinPool.commonPool-worker-1] INFO  impl.RoleInfo (RoleInfo.java:shutdownFollowerState(121)) - 96acbf61-3ece-4d83-9836-a217fb58817a: shutdown FollowerState
2019-10-09 13:13:59,888 [ForkJoinPool.commonPool-worker-1] INFO  impl.StateMachineUpdater (StateMachineUpdater.java:stopAndJoin(125)) - 96acbf61-3ece-4d83-9836-a217fb58817a@group-7276B70EB406-StateMachineUpdater: set stopIndex = -1
2019-10-09 13:13:59,888 [Thread-7586] INFO  impl.FollowerState (FollowerState.java:run(115)) - 96acbf61-3ece-4d83-9836-a217fb58817a: FollowerState was interrupted: java.lang.InterruptedException: sleep interrupted
2019-10-09 13:13:59,888 [ForkJoinPool.commonPool-worker-1] INFO  impl.RaftServerImpl (ServerState.java:close(385)) - 96acbf61-3ece-4d83-9836-a217fb58817a@group-7276B70EB406: closes. applyIndex: -1
2019-10-09 13:13:59,888 [96acbf61-3ece-4d83-9836-a217fb58817a@group-7276B70EB406-SegmentedRaftLogWorker] INFO  segmented.SegmentedRaftLogWorker (SegmentedRaftLogWorker.java:run(313)) - 96acbf61-3ece-4d83-9836-a217fb58817a@group-7276B70EB406-SegmentedRaftLogWorker was interrupted, exiting. There are 0 tasks remaining in the queue.
2019-10-09 13:13:59,891 [ForkJoinPool.commonPool-worker-1] INFO  segmented.SegmentedRaftLogWorker (SegmentedRaftLogWorker.java:close(228)) - 96acbf61-3ece-4d83-9836-a217fb58817a@group-7276B70EB406-SegmentedRaftLogWorker close()
2019-10-09 13:13:59,891 [ForkJoinPool.commonPool-worker-1] INFO  impl.RaftServerImpl (RaftServerImpl.java:lambda$shutdown$3(251)) - 96acbf61-3ece-4d83-9836-a217fb58817a@group-986902F1898E: shutdown
2019-10-09 13:13:59,891 [ForkJoinPool.commonPool-worker-1] INFO  util.JmxRegister (JmxRegister.java:unregister(73)) - Successfully un-registered JMX Bean with object name Ratis:service=RaftServer,group=group-986902F1898E,id=96acbf61-3ece-4d83-9836-a217fb58817a
2019-10-09 13:13:59,891 [ForkJoinPool.commonPool-worker-1] INFO  impl.RoleInfo (RoleInfo.java:shutdownLeaderState(104)) - 96acbf61-3ece-4d83-9836-a217fb58817a: shutdown LeaderState
2019-10-09 13:13:59,895 [org.apache.ratis.server.impl.LogAppender$AppenderDaemon$$Lambda$493/462031746@2bfb5ab5] WARN  server.GrpcLogAppender (GrpcLogAppender.java:mayWait(143)) - 96acbf61-3ece-4d83-9836-a217fb58817a@group-986902F1898E->869fbf5b-cbbd-43c6-9f26-156c5192e660-GrpcLogAppender: Wait interrupted by java.lang.InterruptedException
2019-10-09 13:13:59,895 [ForkJoinPool.commonPool-worker-1] INFO  impl.PendingRequests (PendingRequests.java:sendNotLeaderResponses(202)) - 96acbf61-3ece-4d83-9836-a217fb58817a-PendingRequests: sendNotLeaderResponses
2019-10-09 13:13:59,896 [org.apache.ratis.server.impl.LogAppender$AppenderDaemon$$Lambda$493/462031746@21c668fc] WARN  server.GrpcLogAppender (GrpcLogAppender.java:mayWait(143)) - 96acbf61-3ece-4d83-9836-a217fb58817a@group-986902F1898E->162534dc-93d9-4206-ab1e-9268955c7aca-GrpcLogAppender: Wait interrupted by java.lang.InterruptedException
2019-10-09 13:13:59,896 [ForkJoinPool.commonPool-worker-1] INFO  impl.StateMachineUpdater (StateMachineUpdater.java:stopAndJoin(125)) - 96acbf61-3ece-4d83-9836-a217fb58817a@group-986902F1898E-StateMachineUpdater: set stopIndex = 0
2019-10-09 13:13:59,896 [ForkJoinPool.commonPool-worker-1] INFO  impl.RaftServerImpl (ServerState.java:close(385)) - 96acbf61-3ece-4d83-9836-a217fb58817a@group-986902F1898E: closes. applyIndex: 0
2019-10-09 13:13:59,896 [96acbf61-3ece-4d83-9836-a217fb58817a@group-986902F1898E-SegmentedRaftLogWorker] INFO  segmented.SegmentedRaftLogWorker (SegmentedRaftLogWorker.java:run(313)) - 96acbf61-3ece-4d83-9836-a217fb58817a@group-986902F1898E-SegmentedRaftLogWorker was interrupted, exiting. There are 0 tasks remaining in the queue.
2019-10-09 13:13:59,899 [ForkJoinPool.commonPool-worker-1] INFO  segmented.SegmentedRaftLogWorker (SegmentedRaftLogWorker.java:close(228)) - 96acbf61-3ece-4d83-9836-a217fb58817a@group-986902F1898E-SegmentedRaftLogWorker close()
2019-10-09 13:13:59,899 [ForkJoinPool.commonPool-worker-1] INFO  impl.RaftServerImpl (RaftServerImpl.java:lambda$shutdown$3(251)) - 96acbf61-3ece-4d83-9836-a217fb58817a@group-F494DE254AFB: shutdown
2019-10-09 13:13:59,899 [ForkJoinPool.commonPool-worker-1] INFO  util.JmxRegister (JmxRegister.java:unregister(73)) - Successfully un-registered JMX Bean with object name Ratis:service=RaftServer,group=group-F494DE254AFB,id=96acbf61-3ece-4d83-9836-a217fb58817a
2019-10-09 13:13:59,899 [ForkJoinPool.commonPool-worker-1] INFO  impl.RoleInfo (RoleInfo.java:shutdownFollowerState(121)) - 96acbf61-3ece-4d83-9836-a217fb58817a: shutdown FollowerState
2019-10-09 13:13:59,900 [ForkJoinPool.commonPool-worker-1] INFO  impl.StateMachineUpdater (StateMachineUpdater.java:stopAndJoin(125)) - 96acbf61-3ece-4d83-9836-a217fb58817a@group-F494DE254AFB-StateMachineUpdater: set stopIndex = -1
2019-10-09 13:13:59,900 [Thread-7582] INFO  impl.FollowerState (FollowerState.java:run(115)) - 96acbf61-3ece-4d83-9836-a217fb58817a: FollowerState was interrupted: java.lang.InterruptedException: sleep interrupted
2019-10-09 13:13:59,900 [ForkJoinPool.commonPool-worker-1] INFO  impl.RaftServerImpl (ServerState.java:close(385)) - 96acbf61-3ece-4d83-9836-a217fb58817a@group-F494DE254AFB: closes. applyIndex: -1
2019-10-09 13:13:59,900 [96acbf61-3ece-4d83-9836-a217fb58817a@group-F494DE254AFB-SegmentedRaftLogWorker] INFO  segmented.SegmentedRaftLogWorker (SegmentedRaftLogWorker.java:run(313)) - 96acbf61-3ece-4d83-9836-a217fb58817a@group-F494DE254AFB-SegmentedRaftLogWorker was interrupted, exiting. There are 0 tasks remaining in the queue.
2019-10-09 13:13:59,903 [ForkJoinPool.commonPool-worker-1] INFO  segmented.SegmentedRaftLogWorker (SegmentedRaftLogWorker.java:close(228)) - 96acbf61-3ece-4d83-9836-a217fb58817a@group-F494DE254AFB-SegmentedRaftLogWorker close()
2019-10-09 13:13:59,909 [96acbf61-3ece-4d83-9836-a217fb58817a@group-4A4B977E74D1-StateMachineUpdater] INFO  ratis.ContainerStateMachine (ContainerStateMachine.java:takeSnapshot(300)) - group-4A4B977E74D1: Finished taking a snapshot at:(t:1, i:14) file:/workdir/hadoop-ozone/integration-test/target/test-dir/MiniOzoneClusterImpl-77992fd3-8e8a-426b-8566-445f44124f00/datanode-1/data/ratis/31436527-0db7-4839-a6a0-4a4b977e74d1/sm/snapshot.1_14 time:26
2019-10-09 13:13:59,910 [96acbf61-3ece-4d83-9836-a217fb58817a@group-4A4B977E74D1-StateMachineUpdater] INFO  impl.StateMachineUpdater (StateMachineUpdater.java:takeSnapshot(258)) - 96acbf61-3ece-4d83-9836-a217fb58817a@group-4A4B977E74D1-StateMachineUpdater: Took a snapshot at index 14
2019-10-09 13:13:59,910 [96acbf61-3ece-4d83-9836-a217fb58817a@group-4A4B977E74D1-StateMachineUpdater] INFO  impl.StateMachineUpdater (StateMachineUpdater.java:lambda$new$0(83)) - 96acbf61-3ece-4d83-9836-a217fb58817a@group-4A4B977E74D1-StateMachineUpdater: snapshotIndex: updateIncreasingly -1 -> 14
2019-10-09 13:13:59,910 [96acbf61-3ece-4d83-9836-a217fb58817a@group-4A4B977E74D1-StateMachineUpdater] INFO  ratis.ContainerStateMachine (ContainerStateMachine.java:takeSnapshot(289)) - group-4A4B977E74D1: Taking a snapshot at:(t:1, i:14) file /workdir/hadoop-ozone/integration-test/target/test-dir/MiniOzoneClusterImpl-77992fd3-8e8a-426b-8566-445f44124f00/datanode-1/data/ratis/31436527-0db7-4839-a6a0-4a4b977e74d1/sm/snapshot.1_14
2019-10-09 13:13:59,923 [96acbf61-3ece-4d83-9836-a217fb58817a@group-4A4B977E74D1-StateMachineUpdater] INFO  ratis.ContainerStateMachine (ContainerStateMachine.java:takeSnapshot(300)) - group-4A4B977E74D1: Finished taking a snapshot at:(t:1, i:14) file:/workdir/hadoop-ozone/integration-test/target/test-dir/MiniOzoneClusterImpl-77992fd3-8e8a-426b-8566-445f44124f00/datanode-1/data/ratis/31436527-0db7-4839-a6a0-4a4b977e74d1/sm/snapshot.1_14 time:13
2019-10-09 13:13:59,923 [96acbf61-3ece-4d83-9836-a217fb58817a@group-4A4B977E74D1-StateMachineUpdater] INFO  impl.StateMachineUpdater (StateMachineUpdater.java:takeSnapshot(258)) - 96acbf61-3ece-4d83-9836-a217fb58817a@group-4A4B977E74D1-StateMachineUpdater: Took a snapshot at index 14
2019-10-09 13:13:59,923 [96acbf61-3ece-4d83-9836-a217fb58817a@group-4A4B977E74D1-StateMachineUpdater] INFO  impl.StateMachineUpdater (StateMachineUpdater.java:lambda$new$0(83)) - 96acbf61-3ece-4d83-9836-a217fb58817a@group-4A4B977E74D1-StateMachineUpdater: snapshotIndex: updateIncreasingly 14 -> 14
2019-10-09 13:13:59,923 [main] INFO  impl.RaftServerImpl (ServerState.java:close(385)) - 96acbf61-3ece-4d83-9836-a217fb58817a@group-4A4B977E74D1: closes. applyIndex: 16
2019-10-09 13:13:59,924 [96acbf61-3ece-4d83-9836-a217fb58817a@group-4A4B977E74D1-SegmentedRaftLogWorker] INFO  segmented.SegmentedRaftLogWorker (SegmentedRaftLogWorker.java:run(313)) - 96acbf61-3ece-4d83-9836-a217fb58817a@group-4A4B977E74D1-SegmentedRaftLogWorker was interrupted, exiting. There are 0 tasks remaining in the queue.
2019-10-09 13:13:59,926 [main] INFO  segmented.SegmentedRaftLogWorker (SegmentedRaftLogWorker.java:close(228)) - 96acbf61-3ece-4d83-9836-a217fb58817a@group-4A4B977E74D1-SegmentedRaftLogWorker close()
2019-10-09 13:13:59,931 [main] INFO  impl.RaftServerImpl (RaftServerImpl.java:lambda$shutdown$3(251)) - 96acbf61-3ece-4d83-9836-a217fb58817a@group-19F276FA9099: shutdown
2019-10-09 13:13:59,931 [main] INFO  util.JmxRegister (JmxRegister.java:unregister(73)) - Successfully un-registered JMX Bean with object name Ratis:service=RaftServer,group=group-19F276FA9099,id=96acbf61-3ece-4d83-9836-a217fb58817a
2019-10-09 13:13:59,931 [main] INFO  impl.RoleInfo (RoleInfo.java:shutdownLeaderState(104)) - 96acbf61-3ece-4d83-9836-a217fb58817a: shutdown LeaderState
2019-10-09 13:13:59,936 [main] INFO  impl.PendingRequests (PendingRequests.java:sendNotLeaderResponses(202)) - 96acbf61-3ece-4d83-9836-a217fb58817a-PendingRequests: sendNotLeaderResponses
2019-10-09 13:13:59,936 [org.apache.ratis.server.impl.LogAppender$AppenderDaemon$$Lambda$493/462031746@418131e4] WARN  server.GrpcLogAppender (GrpcLogAppender.java:mayWait(143)) - 96acbf61-3ece-4d83-9836-a217fb58817a@group-19F276FA9099->162534dc-93d9-4206-ab1e-9268955c7aca-GrpcLogAppender: Wait interrupted by java.lang.InterruptedException
2019-10-09 13:13:59,936 [main] INFO  impl.StateMachineUpdater (StateMachineUpdater.java:stopAndJoin(125)) - 96acbf61-3ece-4d83-9836-a217fb58817a@group-19F276FA9099-StateMachineUpdater: set stopIndex = 0
2019-10-09 13:13:59,936 [main] INFO  impl.RaftServerImpl (ServerState.java:close(385)) - 96acbf61-3ece-4d83-9836-a217fb58817a@group-19F276FA9099: closes. applyIndex: 0
2019-10-09 13:13:59,936 [org.apache.ratis.server.impl.LogAppender$AppenderDaemon$$Lambda$493/462031746@1109b570] WARN  server.GrpcLogAppender (GrpcLogAppender.java:mayWait(143)) - 96acbf61-3ece-4d83-9836-a217fb58817a@group-19F276FA9099->869fbf5b-cbbd-43c6-9f26-156c5192e660-GrpcLogAppender: Wait interrupted by java.lang.InterruptedException
2019-10-09 13:13:59,936 [96acbf61-3ece-4d83-9836-a217fb58817a@group-19F276FA9099-SegmentedRaftLogWorker] INFO  segmented.SegmentedRaftLogWorker (SegmentedRaftLogWorker.java:run(313)) - 96acbf61-3ece-4d83-9836-a217fb58817a@group-19F276FA9099-SegmentedRaftLogWorker was interrupted, exiting. There are 0 tasks remaining in the queue.
2019-10-09 13:13:59,940 [main] INFO  segmented.SegmentedRaftLogWorker (SegmentedRaftLogWorker.java:close(228)) - 96acbf61-3ece-4d83-9836-a217fb58817a@group-19F276FA9099-SegmentedRaftLogWorker close()
2019-10-09 13:13:59,945 [main] INFO  server.GrpcService (GrpcService.java:closeImpl(164)) - 96acbf61-3ece-4d83-9836-a217fb58817a: shutdown server with port 35650 now
2019-10-09 13:13:59,946 [grpc-default-executor-37] WARN  client.GrpcClientProtocolService (LogUtils.java:warn(134)) - 6-UnorderedRequestStreamObserver6: onError: org.apache.ratis.thirdparty.io.grpc.StatusRuntimeException: CANCELLED: cancelled before receiving half close
2019-10-09 13:13:59,946 [grpc-default-executor-46] WARN  server.GrpcServerProtocolService (LogUtils.java:warn(134)) - 96acbf61-3ece-4d83-9836-a217fb58817a: installSnapshot onError, lastRequest: 162534dc-93d9-4206-ab1e-9268955c7aca->96acbf61-3ece-4d83-9836-a217fb58817a#1-t2, previous=(t:0, i:0), leaderCommit=-1, initializing? false, entries: size=1, first=(t:2, i:0), CONFIGURATIONENTRY: org.apache.ratis.thirdparty.io.grpc.StatusRuntimeException: CANCELLED: cancelled before receiving half close
2019-10-09 13:13:59,946 [main] INFO  server.GrpcService (GrpcService.java:closeImpl(172)) - 96acbf61-3ece-4d83-9836-a217fb58817a: shutdown server with port 35650 successfully
2019-10-09 13:13:59,946 [grpc-default-executor-35] WARN  server.GrpcServerProtocolService (LogUtils.java:warn(134)) - 96acbf61-3ece-4d83-9836-a217fb58817a: installSnapshot onError, lastRequest: 869fbf5b-cbbd-43c6-9f26-156c5192e660->96acbf61-3ece-4d83-9836-a217fb58817a#1-t2, previous=(t:0, i:0), leaderCommit=-1, initializing? false, entries: size=1, first=(t:2, i:0), CONFIGURATIONENTRY: org.apache.ratis.thirdparty.io.grpc.StatusRuntimeException: CANCELLED: cancelled before receiving half close
2019-10-09 13:13:59,946 [grpc-default-executor-37] WARN  server.GrpcLogAppender (LogUtils.java:warn(134)) - 162534dc-93d9-4206-ab1e-9268955c7aca@group-F494DE254AFB->96acbf61-3ece-4d83-9836-a217fb58817a-AppendLogResponseHandler: Failed appendEntries: org.apache.ratis.thirdparty.io.grpc.StatusRuntimeException: CANCELLED: HTTP/2 error code: CANCEL
Received Rst Stream
2019-10-09 13:13:59,946 [grpc-default-executor-38] WARN  server.GrpcLogAppender (LogUtils.java:warn(134)) - 869fbf5b-cbbd-43c6-9f26-156c5192e660@group-7276B70EB406->96acbf61-3ece-4d83-9836-a217fb58817a-AppendLogResponseHandler: Failed appendEntries: org.apache.ratis.thirdparty.io.grpc.StatusRuntimeException: CANCELLED: HTTP/2 error code: CANCEL
Received Rst Stream
2019-10-09 13:13:59,947 [grpc-default-executor-37] INFO  impl.FollowerInfo (FollowerInfo.java:lambda$new$0(51)) - 162534dc-93d9-4206-ab1e-9268955c7aca@group-F494DE254AFB->96acbf61-3ece-4d83-9836-a217fb58817a: nextIndex: updateUnconditionally 1 -> 0
2019-10-09 13:13:59,947 [grpc-default-executor-38] INFO  impl.FollowerInfo (FollowerInfo.java:lambda$new$0(51)) - 869fbf5b-cbbd-43c6-9f26-156c5192e660@group-7276B70EB406->96acbf61-3ece-4d83-9836-a217fb58817a: nextIndex: updateUnconditionally 1 -> 0
2019-10-09 13:13:59,947 [refreshUsed-/workdir/hadoop-ozone/integration-test/target/test-dir/MiniOzoneClusterImpl-77992fd3-8e8a-426b-8566-445f44124f00/datanode-1/data/containers] WARN  fs.CachingGetSpaceUsed (CachingGetSpaceUsed.java:run(183)) - Thread Interrupted waiting to refresh disk information: sleep interrupted
2019-10-09 13:13:59,962 [main] INFO  utils.BackgroundService (BackgroundService.java:shutdown(148)) - Shutting down service BlockDeletingService
2019-10-09 13:13:59,979 [main] INFO  statemachine.DatanodeStateMachine (DatanodeStateMachine.java:stopDaemon(395)) - Ozone container server stopped.
2019-10-09 13:13:59,981 [main] INFO  handler.ContextHandler (ContextHandler.java:doStop(910)) - Stopped o.e.j.w.WebAppContext@35563e4c{/,null,UNAVAILABLE}{/hddsDatanode}
2019-10-09 13:13:59,982 [main] INFO  server.AbstractConnector (AbstractConnector.java:doStop(318)) - Stopped ServerConnector@6dd79214{HTTP/1.1,[http/1.1]}{0.0.0.0:0}
2019-10-09 13:13:59,982 [main] INFO  handler.ContextHandler (ContextHandler.java:doStop(910)) - Stopped o.e.j.s.ServletContextHandler@5329f6b3{/static,jar:file:/home/user/.m2/repository/org/apache/hadoop/hadoop-hdds-container-service/0.5.0-SNAPSHOT/hadoop-hdds-container-service-0.5.0-SNAPSHOT.jar!/webapps/static,UNAVAILABLE}
2019-10-09 13:13:59,983 [main] INFO  handler.ContextHandler (ContextHandler.java:doStop(910)) - Stopped o.e.j.s.ServletContextHandler@14e750c5{/logs,file:///workdir/hadoop-ozone/integration-test/target/log,UNAVAILABLE}
2019-10-09 13:14:02,101 [grpc-default-executor-38] WARN  server.GrpcLogAppender (LogUtils.java:warn(134)) - 869fbf5b-cbbd-43c6-9f26-156c5192e660@group-7276B70EB406->96acbf61-3ece-4d83-9836-a217fb58817a-AppendLogResponseHandler: Failed appendEntries: org.apache.ratis.thirdparty.io.grpc.StatusRuntimeException: UNAVAILABLE: io exception
2019-10-09 13:14:02,101 [grpc-default-executor-38] INFO  impl.FollowerInfo (FollowerInfo.java:lambda$new$0(51)) - 869fbf5b-cbbd-43c6-9f26-156c5192e660@group-7276B70EB406->96acbf61-3ece-4d83-9836-a217fb58817a: nextIndex: updateUnconditionally 0 -> 0
2019-10-09 13:14:02,102 [grpc-default-executor-35] WARN  server.GrpcLogAppender (LogUtils.java:warn(134)) - 162534dc-93d9-4206-ab1e-9268955c7aca@group-F494DE254AFB->96acbf61-3ece-4d83-9836-a217fb58817a-AppendLogResponseHandler: Failed appendEntries: org.apache.ratis.thirdparty.io.grpc.StatusRuntimeException: UNAVAILABLE: io exception
2019-10-09 13:14:02,102 [grpc-default-executor-35] INFO  impl.FollowerInfo (FollowerInfo.java:lambda$new$0(51)) - 162534dc-93d9-4206-ab1e-9268955c7aca@group-F494DE254AFB->96acbf61-3ece-4d83-9836-a217fb58817a: nextIndex: updateUnconditionally 0 -> 0
2019-10-09 13:14:04,581 [Thread-7409] INFO  impl.FollowerState (FollowerState.java:run(106)) - 162534dc-93d9-4206-ab1e-9268955c7aca:group-227D833B6095 changes to CANDIDATE, lastRpcTime:5151, electionTimeout:5111ms
2019-10-09 13:14:04,581 [Thread-7409] INFO  impl.RoleInfo (RoleInfo.java:shutdownFollowerState(121)) - 162534dc-93d9-4206-ab1e-9268955c7aca: shutdown FollowerState
2019-10-09 13:14:04,581 [Thread-7409] INFO  impl.RaftServerImpl (RaftServerImpl.java:setRole(174)) - 162534dc-93d9-4206-ab1e-9268955c7aca@group-227D833B6095: changes role from  FOLLOWER to CANDIDATE at term 1 for changeToCandidate
2019-10-09 13:14:04,582 [Thread-7409] INFO  impl.RoleInfo (RoleInfo.java:updateAndGet(143)) - 162534dc-93d9-4206-ab1e-9268955c7aca: start LeaderElection
2019-10-09 13:14:04,582 [162534dc-93d9-4206-ab1e-9268955c7aca@group-227D833B6095:LeaderElection226] INFO  impl.RaftServerImpl (ServerState.java:setLeader(253)) - 162534dc-93d9-4206-ab1e-9268955c7aca@group-227D833B6095: change Leader from 96acbf61-3ece-4d83-9836-a217fb58817a to null at term 1 for initElection
2019-10-09 13:14:04,595 [162534dc-93d9-4206-ab1e-9268955c7aca@group-227D833B6095:LeaderElection226] INFO  impl.LeaderElection (LeaderElection.java:askForVotes(182)) - 162534dc-93d9-4206-ab1e-9268955c7aca@group-227D833B6095:LeaderElection226: begin an election at term 2 for 0: [162534dc-93d9-4206-ab1e-9268955c7aca:192.168.5.175:32957, 96acbf61-3ece-4d83-9836-a217fb58817a:192.168.5.175:35650, 869fbf5b-cbbd-43c6-9f26-156c5192e660:192.168.5.175:43498], old=null
2019-10-09 13:14:04,597 [grpc-default-executor-38] INFO  impl.RaftServerImpl (ServerState.java:setLeader(253)) - 869fbf5b-cbbd-43c6-9f26-156c5192e660@group-227D833B6095: change Leader from 96acbf61-3ece-4d83-9836-a217fb58817a to null at term 2 for updateCurrentTerm
2019-10-09 13:14:04,598 [grpc-default-executor-38] INFO  impl.RaftServerImpl (RaftServerImpl.java:setRole(174)) - 869fbf5b-cbbd-43c6-9f26-156c5192e660@group-227D833B6095: changes role from  FOLLOWER to FOLLOWER at term 2 for recognizeCandidate:162534dc-93d9-4206-ab1e-9268955c7aca
2019-10-09 13:14:04,598 [grpc-default-executor-38] INFO  impl.RoleInfo (RoleInfo.java:shutdownFollowerState(121)) - 869fbf5b-cbbd-43c6-9f26-156c5192e660: shutdown FollowerState
2019-10-09 13:14:04,598 [162534dc-93d9-4206-ab1e-9268955c7aca@group-227D833B6095:LeaderElection226] INFO  impl.LeaderElection (LogUtils.java:infoOrTrace(149)) - 162534dc-93d9-4206-ab1e-9268955c7aca@group-227D833B6095:LeaderElection226 got exception when requesting votes: {}
java.util.concurrent.ExecutionException: org.apache.ratis.thirdparty.io.grpc.StatusRuntimeException: UNAVAILABLE: io exception
	at java.util.concurrent.FutureTask.report(FutureTask.java:122)
	at java.util.concurrent.FutureTask.get(FutureTask.java:192)
	at org.apache.ratis.server.impl.LeaderElection.waitForResults(LeaderElection.java:263)
	at org.apache.ratis.server.impl.LeaderElection.askForVotes(LeaderElection.java:201)
	at org.apache.ratis.server.impl.LeaderElection.run(LeaderElection.java:133)
	at java.lang.Thread.run(Thread.java:748)
Caused by: org.apache.ratis.thirdparty.io.grpc.StatusRuntimeException: UNAVAILABLE: io exception
	at org.apache.ratis.thirdparty.io.grpc.stub.ClientCalls.toStatusRuntimeException(ClientCalls.java:233)
	at org.apache.ratis.thirdparty.io.grpc.stub.ClientCalls.getUnchecked(ClientCalls.java:214)
	at org.apache.ratis.thirdparty.io.grpc.stub.ClientCalls.blockingUnaryCall(ClientCalls.java:139)
	at org.apache.ratis.proto.grpc.RaftServerProtocolServiceGrpc$RaftServerProtocolServiceBlockingStub.requestVote(RaftServerProtocolServiceGrpc.java:265)
	at org.apache.ratis.grpc.server.GrpcServerProtocolClient.requestVote(GrpcServerProtocolClient.java:90)
	at org.apache.ratis.grpc.server.GrpcService.requestVote(GrpcService.java:204)
	at org.apache.ratis.server.impl.LeaderElection.lambda$submitRequests$1(LeaderElection.java:238)
	at java.util.concurrent.FutureTask.run(FutureTask.java:266)
	at java.util.concurrent.Executors$RunnableAdapter.call(Executors.java:511)
	at java.util.concurrent.FutureTask.run(FutureTask.java:266)
	at java.util.concurrent.ThreadPoolExecutor.runWorker(ThreadPoolExecutor.java:1149)
	at java.util.concurrent.ThreadPoolExecutor$Worker.run(ThreadPoolExecutor.java:624)
	... 1 more
Caused by: org.apache.ratis.thirdparty.io.netty.channel.AbstractChannel$AnnotatedConnectException: Connection refused: /192.168.5.175:35650
	at sun.nio.ch.SocketChannelImpl.checkConnect(Native Method)
	at sun.nio.ch.SocketChannelImpl.finishConnect(SocketChannelImpl.java:717)
	at org.apache.ratis.thirdparty.io.netty.channel.socket.nio.NioSocketChannel.doFinishConnect(NioSocketChannel.java:327)
	at org.apache.ratis.thirdparty.io.netty.channel.nio.AbstractNioChannel$AbstractNioUnsafe.finishConnect(AbstractNioChannel.java:340)
	at org.apache.ratis.thirdparty.io.netty.channel.nio.NioEventLoop.processSelectedKey(NioEventLoop.java:632)
	at org.apache.ratis.thirdparty.io.netty.channel.nio.NioEventLoop.processSelectedKeysOptimized(NioEventLoop.java:579)
	at org.apache.ratis.thirdparty.io.netty.channel.nio.NioEventLoop.processSelectedKeys(NioEventLoop.java:496)
	at org.apache.ratis.thirdparty.io.netty.channel.nio.NioEventLoop.run(NioEventLoop.java:458)
	at org.apache.ratis.thirdparty.io.netty.util.concurrent.SingleThreadEventExecutor$5.run(SingleThreadEventExecutor.java:897)
	at org.apache.ratis.thirdparty.io.netty.util.concurrent.FastThreadLocalRunnable.run(FastThreadLocalRunnable.java:30)
	... 1 more
Caused by: java.net.ConnectException: Connection refused
	... 11 more
2019-10-09 13:14:04,598 [Thread-7420] INFO  impl.FollowerState (FollowerState.java:run(115)) - 869fbf5b-cbbd-43c6-9f26-156c5192e660: FollowerState was interrupted: java.lang.InterruptedException: sleep interrupted
2019-10-09 13:14:04,598 [grpc-default-executor-38] INFO  impl.RoleInfo (RoleInfo.java:updateAndGet(143)) - 869fbf5b-cbbd-43c6-9f26-156c5192e660: start FollowerState
2019-10-09 13:14:04,601 [grpc-default-executor-46] WARN  server.GrpcLogAppender (LogUtils.java:warn(134)) - 869fbf5b-cbbd-43c6-9f26-156c5192e660@group-7276B70EB406->96acbf61-3ece-4d83-9836-a217fb58817a-AppendLogResponseHandler: Failed appendEntries: org.apache.ratis.thirdparty.io.grpc.StatusRuntimeException: UNAVAILABLE: io exception
2019-10-09 13:14:04,601 [grpc-default-executor-37] WARN  server.GrpcLogAppender (LogUtils.java:warn(134)) - 162534dc-93d9-4206-ab1e-9268955c7aca@group-F494DE254AFB->96acbf61-3ece-4d83-9836-a217fb58817a-AppendLogResponseHandler: Failed appendEntries: org.apache.ratis.thirdparty.io.grpc.StatusRuntimeException: UNAVAILABLE: io exception
2019-10-09 13:14:04,601 [grpc-default-executor-46] INFO  impl.FollowerInfo (FollowerInfo.java:lambda$new$0(51)) - 869fbf5b-cbbd-43c6-9f26-156c5192e660@group-7276B70EB406->96acbf61-3ece-4d83-9836-a217fb58817a: nextIndex: updateUnconditionally 0 -> 0
2019-10-09 13:14:04,602 [grpc-default-executor-37] INFO  impl.FollowerInfo (FollowerInfo.java:lambda$new$0(51)) - 162534dc-93d9-4206-ab1e-9268955c7aca@group-F494DE254AFB->96acbf61-3ece-4d83-9836-a217fb58817a: nextIndex: updateUnconditionally 0 -> 0
2019-10-09 13:14:04,612 [162534dc-93d9-4206-ab1e-9268955c7aca@group-227D833B6095:LeaderElection226] INFO  impl.LeaderElection (LeaderElection.java:logAndReturn(56)) - 162534dc-93d9-4206-ab1e-9268955c7aca@group-227D833B6095:LeaderElection226: Election PASSED; received 1 response(s) [162534dc-93d9-4206-ab1e-9268955c7aca<-869fbf5b-cbbd-43c6-9f26-156c5192e660#0:OK-t2] and 1 exception(s); 162534dc-93d9-4206-ab1e-9268955c7aca@group-227D833B6095:t2, leader=null, voted=162534dc-93d9-4206-ab1e-9268955c7aca, raftlog=162534dc-93d9-4206-ab1e-9268955c7aca@group-227D833B6095-SegmentedRaftLog:OPENED:c0,f0,i0, conf=0: [162534dc-93d9-4206-ab1e-9268955c7aca:192.168.5.175:32957, 96acbf61-3ece-4d83-9836-a217fb58817a:192.168.5.175:35650, 869fbf5b-cbbd-43c6-9f26-156c5192e660:192.168.5.175:43498], old=null
2019-10-09 13:14:04,612 [162534dc-93d9-4206-ab1e-9268955c7aca@group-227D833B6095:LeaderElection226] INFO  impl.LeaderElection (LogUtils.java:infoOrTrace(149)) -   Exception 0: {}
java.util.concurrent.ExecutionException: org.apache.ratis.thirdparty.io.grpc.StatusRuntimeException: UNAVAILABLE: io exception
	at java.util.concurrent.FutureTask.report(FutureTask.java:122)
	at java.util.concurrent.FutureTask.get(FutureTask.java:192)
	at org.apache.ratis.server.impl.LeaderElection.waitForResults(LeaderElection.java:263)
	at org.apache.ratis.server.impl.LeaderElection.askForVotes(LeaderElection.java:201)
	at org.apache.ratis.server.impl.LeaderElection.run(LeaderElection.java:133)
	at java.lang.Thread.run(Thread.java:748)
Caused by: org.apache.ratis.thirdparty.io.grpc.StatusRuntimeException: UNAVAILABLE: io exception
	at org.apache.ratis.thirdparty.io.grpc.stub.ClientCalls.toStatusRuntimeException(ClientCalls.java:233)
	at org.apache.ratis.thirdparty.io.grpc.stub.ClientCalls.getUnchecked(ClientCalls.java:214)
	at org.apache.ratis.thirdparty.io.grpc.stub.ClientCalls.blockingUnaryCall(ClientCalls.java:139)
	at org.apache.ratis.proto.grpc.RaftServerProtocolServiceGrpc$RaftServerProtocolServiceBlockingStub.requestVote(RaftServerProtocolServiceGrpc.java:265)
	at org.apache.ratis.grpc.server.GrpcServerProtocolClient.requestVote(GrpcServerProtocolClient.java:90)
	at org.apache.ratis.grpc.server.GrpcService.requestVote(GrpcService.java:204)
	at org.apache.ratis.server.impl.LeaderElection.lambda$submitRequests$1(LeaderElection.java:238)
	at java.util.concurrent.FutureTask.run(FutureTask.java:266)
	at java.util.concurrent.Executors$RunnableAdapter.call(Executors.java:511)
	at java.util.concurrent.FutureTask.run(FutureTask.java:266)
	at java.util.concurrent.ThreadPoolExecutor.runWorker(ThreadPoolExecutor.java:1149)
	at java.util.concurrent.ThreadPoolExecutor$Worker.run(ThreadPoolExecutor.java:624)
	... 1 more
Caused by: org.apache.ratis.thirdparty.io.netty.channel.AbstractChannel$AnnotatedConnectException: Connection refused: /192.168.5.175:35650
	at sun.nio.ch.SocketChannelImpl.checkConnect(Native Method)
	at sun.nio.ch.SocketChannelImpl.finishConnect(SocketChannelImpl.java:717)
	at org.apache.ratis.thirdparty.io.netty.channel.socket.nio.NioSocketChannel.doFinishConnect(NioSocketChannel.java:327)
	at org.apache.ratis.thirdparty.io.netty.channel.nio.AbstractNioChannel$AbstractNioUnsafe.finishConnect(AbstractNioChannel.java:340)
	at org.apache.ratis.thirdparty.io.netty.channel.nio.NioEventLoop.processSelectedKey(NioEventLoop.java:632)
	at org.apache.ratis.thirdparty.io.netty.channel.nio.NioEventLoop.processSelectedKeysOptimized(NioEventLoop.java:579)
	at org.apache.ratis.thirdparty.io.netty.channel.nio.NioEventLoop.processSelectedKeys(NioEventLoop.java:496)
	at org.apache.ratis.thirdparty.io.netty.channel.nio.NioEventLoop.run(NioEventLoop.java:458)
	at org.apache.ratis.thirdparty.io.netty.util.concurrent.SingleThreadEventExecutor$5.run(SingleThreadEventExecutor.java:897)
	at org.apache.ratis.thirdparty.io.netty.util.concurrent.FastThreadLocalRunnable.run(FastThreadLocalRunnable.java:30)
	... 1 more
Caused by: java.net.ConnectException: Connection refused
	... 11 more
2019-10-09 13:14:04,613 [162534dc-93d9-4206-ab1e-9268955c7aca@group-227D833B6095:LeaderElection226] INFO  impl.RoleInfo (RoleInfo.java:shutdownLeaderElection(134)) - 162534dc-93d9-4206-ab1e-9268955c7aca: shutdown LeaderElection
2019-10-09 13:14:04,613 [162534dc-93d9-4206-ab1e-9268955c7aca@group-227D833B6095:LeaderElection226] INFO  impl.RaftServerImpl (RaftServerImpl.java:setRole(174)) - 162534dc-93d9-4206-ab1e-9268955c7aca@group-227D833B6095: changes role from CANDIDATE to LEADER at term 2 for changeToLeader
2019-10-09 13:14:04,613 [162534dc-93d9-4206-ab1e-9268955c7aca@group-227D833B6095:LeaderElection226] INFO  impl.RaftServerImpl (ServerState.java:setLeader(253)) - 162534dc-93d9-4206-ab1e-9268955c7aca@group-227D833B6095: change Leader from null to 162534dc-93d9-4206-ab1e-9268955c7aca at term 2 for becomeLeader, leader elected after 31ms
2019-10-09 13:14:04,613 [162534dc-93d9-4206-ab1e-9268955c7aca@group-227D833B6095:LeaderElection226] INFO  server.RaftServerConfigKeys (ConfUtils.java:logGet(43)) - raft.server.staging.catchup.gap = 1000 (default)
2019-10-09 13:14:04,613 [162534dc-93d9-4206-ab1e-9268955c7aca@group-227D833B6095:LeaderElection226] INFO  server.RaftServerConfigKeys (ConfUtils.java:logGet(43)) - raft.server.rpc.sleep.time = 25ms (default)
2019-10-09 13:14:04,614 [162534dc-93d9-4206-ab1e-9268955c7aca@group-227D833B6095:LeaderElection226] INFO  server.RaftServerConfigKeys (ConfUtils.java:logGet(43)) - raft.server.write.element-limit = 4096 (default)
2019-10-09 13:14:04,614 [162534dc-93d9-4206-ab1e-9268955c7aca@group-227D833B6095:LeaderElection226] INFO  server.RaftServerConfigKeys (ConfUtils.java:logGet(43)) - raft.server.watch.timeout = 10s (default)
2019-10-09 13:14:04,614 [162534dc-93d9-4206-ab1e-9268955c7aca@group-227D833B6095:LeaderElection226] INFO  server.RaftServerConfigKeys (ConfUtils.java:logGet(43)) - raft.server.watch.timeout.denomination = 1s (default)
2019-10-09 13:14:04,614 [162534dc-93d9-4206-ab1e-9268955c7aca@group-227D833B6095:LeaderElection226] INFO  server.RaftServerConfigKeys (ConfUtils.java:logGet(43)) - raft.server.watch.element-limit = 65536 (default)
2019-10-09 13:14:04,615 [162534dc-93d9-4206-ab1e-9268955c7aca@group-227D833B6095:LeaderElection226] INFO  server.RaftServerConfigKeys (ConfUtils.java:logGet(43)) - raft.server.log.appender.snapshot.chunk.size.max = 16MB (=16777216) (default)
2019-10-09 13:14:04,616 [162534dc-93d9-4206-ab1e-9268955c7aca@group-227D833B6095:LeaderElection226] INFO  server.RaftServerConfigKeys (ConfUtils.java:logGet(43)) - raft.server.log.appender.buffer.byte-limit = 33554432 (custom)
2019-10-09 13:14:04,616 [162534dc-93d9-4206-ab1e-9268955c7aca@group-227D833B6095:LeaderElection226] INFO  server.RaftServerConfigKeys (ConfUtils.java:logGet(43)) - raft.server.log.appender.buffer.element-limit = 1 (custom)
2019-10-09 13:14:04,616 [162534dc-93d9-4206-ab1e-9268955c7aca@group-227D833B6095:LeaderElection226] INFO  grpc.GrpcConfigKeys$Server (ConfUtils.java:logGet(43)) - raft.grpc.server.leader.outstanding.appends.max = 128 (default)
2019-10-09 13:14:04,616 [162534dc-93d9-4206-ab1e-9268955c7aca@group-227D833B6095:LeaderElection226] INFO  server.RaftServerConfigKeys (ConfUtils.java:logGet(43)) - raft.server.rpc.request.timeout = 3000ms (default)
2019-10-09 13:14:04,616 [162534dc-93d9-4206-ab1e-9268955c7aca@group-227D833B6095:LeaderElection226] INFO  server.RaftServerConfigKeys (ConfUtils.java:logGet(43)) - raft.server.log.appender.install.snapshot.enabled = false (custom)
2019-10-09 13:14:04,617 [162534dc-93d9-4206-ab1e-9268955c7aca@group-227D833B6095:LeaderElection226] INFO  server.RaftServerConfigKeys (ConfUtils.java:logGet(43)) - raft.server.log.appender.snapshot.chunk.size.max = 16MB (=16777216) (default)
2019-10-09 13:14:04,617 [162534dc-93d9-4206-ab1e-9268955c7aca@group-227D833B6095:LeaderElection226] INFO  server.RaftServerConfigKeys (ConfUtils.java:logGet(43)) - raft.server.log.appender.buffer.byte-limit = 33554432 (custom)
2019-10-09 13:14:04,617 [162534dc-93d9-4206-ab1e-9268955c7aca@group-227D833B6095:LeaderElection226] INFO  server.RaftServerConfigKeys (ConfUtils.java:logGet(43)) - raft.server.log.appender.buffer.element-limit = 1 (custom)
2019-10-09 13:14:04,617 [162534dc-93d9-4206-ab1e-9268955c7aca@group-227D833B6095:LeaderElection226] INFO  grpc.GrpcConfigKeys$Server (ConfUtils.java:logGet(43)) - raft.grpc.server.leader.outstanding.appends.max = 128 (default)
2019-10-09 13:14:04,617 [162534dc-93d9-4206-ab1e-9268955c7aca@group-227D833B6095:LeaderElection226] INFO  server.RaftServerConfigKeys (ConfUtils.java:logGet(43)) - raft.server.rpc.request.timeout = 3000ms (default)
2019-10-09 13:14:04,617 [162534dc-93d9-4206-ab1e-9268955c7aca@group-227D833B6095:LeaderElection226] INFO  server.RaftServerConfigKeys (ConfUtils.java:logGet(43)) - raft.server.log.appender.install.snapshot.enabled = false (custom)
2019-10-09 13:14:04,617 [162534dc-93d9-4206-ab1e-9268955c7aca@group-227D833B6095:LeaderElection226] INFO  impl.RoleInfo (RoleInfo.java:updateAndGet(143)) - 162534dc-93d9-4206-ab1e-9268955c7aca: start LeaderState
2019-10-09 13:14:04,618 [162534dc-93d9-4206-ab1e-9268955c7aca@group-227D833B6095:LeaderElection226] INFO  segmented.SegmentedRaftLogWorker (SegmentedRaftLogWorker.java:rollLogSegment(385)) - 162534dc-93d9-4206-ab1e-9268955c7aca@group-227D833B6095-SegmentedRaftLogWorker: Rolling segment log-0_0 to index:0
2019-10-09 13:14:04,619 [162534dc-93d9-4206-ab1e-9268955c7aca@group-227D833B6095:LeaderElection226] INFO  impl.RaftServerImpl (ServerState.java:setRaftConf(354)) - 162534dc-93d9-4206-ab1e-9268955c7aca@group-227D833B6095: set configuration 1: [162534dc-93d9-4206-ab1e-9268955c7aca:192.168.5.175:32957, 96acbf61-3ece-4d83-9836-a217fb58817a:192.168.5.175:35650, 869fbf5b-cbbd-43c6-9f26-156c5192e660:192.168.5.175:43498], old=null at 1
2019-10-09 13:14:04,619 [162534dc-93d9-4206-ab1e-9268955c7aca@group-227D833B6095-SegmentedRaftLogWorker] INFO  segmented.SegmentedRaftLogWorker (SegmentedRaftLogWorker.java:execute(526)) - 162534dc-93d9-4206-ab1e-9268955c7aca@group-227D833B6095-SegmentedRaftLogWorker: Rolled log segment from /workdir/hadoop-ozone/integration-test/target/test-dir/MiniOzoneClusterImpl-77992fd3-8e8a-426b-8566-445f44124f00/datanode-4/data/ratis/28f4dd3f-99df-4ff5-9ddc-227d833b6095/current/log_inprogress_0 to /workdir/hadoop-ozone/integration-test/target/test-dir/MiniOzoneClusterImpl-77992fd3-8e8a-426b-8566-445f44124f00/datanode-4/data/ratis/28f4dd3f-99df-4ff5-9ddc-227d833b6095/current/log_0-0
2019-10-09 13:14:04,619 [grpc-default-executor-37] WARN  server.GrpcLogAppender (LogUtils.java:warn(134)) - 162534dc-93d9-4206-ab1e-9268955c7aca@group-227D833B6095->96acbf61-3ece-4d83-9836-a217fb58817a-AppendLogResponseHandler: Failed appendEntries: org.apache.ratis.thirdparty.io.grpc.StatusRuntimeException: UNAVAILABLE: io exception
2019-10-09 13:14:04,620 [grpc-default-executor-37] INFO  impl.FollowerInfo (FollowerInfo.java:lambda$new$0(51)) - 162534dc-93d9-4206-ab1e-9268955c7aca@group-227D833B6095->96acbf61-3ece-4d83-9836-a217fb58817a: nextIndex: updateUnconditionally 1 -> 0
2019-10-09 13:14:04,620 [grpc-default-executor-35] INFO  impl.RaftServerImpl (ServerState.java:setLeader(253)) - 869fbf5b-cbbd-43c6-9f26-156c5192e660@group-227D833B6095: change Leader from null to 162534dc-93d9-4206-ab1e-9268955c7aca at term 2 for appendEntries, leader elected after 22ms
2019-10-09 13:14:04,621 [grpc-default-executor-35] INFO  impl.RaftServerImpl (ServerState.java:setRaftConf(354)) - 869fbf5b-cbbd-43c6-9f26-156c5192e660@group-227D833B6095: set configuration 1: [162534dc-93d9-4206-ab1e-9268955c7aca:192.168.5.175:32957, 96acbf61-3ece-4d83-9836-a217fb58817a:192.168.5.175:35650, 869fbf5b-cbbd-43c6-9f26-156c5192e660:192.168.5.175:43498], old=null at 1
2019-10-09 13:14:04,621 [grpc-default-executor-35] INFO  segmented.SegmentedRaftLogWorker (SegmentedRaftLogWorker.java:rollLogSegment(385)) - 869fbf5b-cbbd-43c6-9f26-156c5192e660@group-227D833B6095-SegmentedRaftLogWorker: Rolling segment log-0_0 to index:0
2019-10-09 13:14:04,622 [869fbf5b-cbbd-43c6-9f26-156c5192e660@group-227D833B6095-SegmentedRaftLogWorker] INFO  segmented.SegmentedRaftLogWorker (SegmentedRaftLogWorker.java:execute(526)) - 869fbf5b-cbbd-43c6-9f26-156c5192e660@group-227D833B6095-SegmentedRaftLogWorker: Rolled log segment from /workdir/hadoop-ozone/integration-test/target/test-dir/MiniOzoneClusterImpl-77992fd3-8e8a-426b-8566-445f44124f00/datanode-3/data/ratis/28f4dd3f-99df-4ff5-9ddc-227d833b6095/current/log_inprogress_0 to /workdir/hadoop-ozone/integration-test/target/test-dir/MiniOzoneClusterImpl-77992fd3-8e8a-426b-8566-445f44124f00/datanode-3/data/ratis/28f4dd3f-99df-4ff5-9ddc-227d833b6095/current/log_0-0
2019-10-09 13:14:04,661 [869fbf5b-cbbd-43c6-9f26-156c5192e660@group-227D833B6095-SegmentedRaftLogWorker] INFO  segmented.SegmentedRaftLogWorker (SegmentedRaftLogWorker.java:execute(569)) - 869fbf5b-cbbd-43c6-9f26-156c5192e660@group-227D833B6095-SegmentedRaftLogWorker: created new log segment /workdir/hadoop-ozone/integration-test/target/test-dir/MiniOzoneClusterImpl-77992fd3-8e8a-426b-8566-445f44124f00/datanode-3/data/ratis/28f4dd3f-99df-4ff5-9ddc-227d833b6095/current/log_inprogress_1
2019-10-09 13:14:04,661 [162534dc-93d9-4206-ab1e-9268955c7aca@group-227D833B6095-SegmentedRaftLogWorker] INFO  segmented.SegmentedRaftLogWorker (SegmentedRaftLogWorker.java:execute(569)) - 162534dc-93d9-4206-ab1e-9268955c7aca@group-227D833B6095-SegmentedRaftLogWorker: created new log segment /workdir/hadoop-ozone/integration-test/target/test-dir/MiniOzoneClusterImpl-77992fd3-8e8a-426b-8566-445f44124f00/datanode-4/data/ratis/28f4dd3f-99df-4ff5-9ddc-227d833b6095/current/log_inprogress_1
2019-10-09 13:14:04,675 [grpc-default-executor-38] WARN  server.GrpcLogAppender (LogUtils.java:warn(134)) - 162534dc-93d9-4206-ab1e-9268955c7aca@group-227D833B6095->96acbf61-3ece-4d83-9836-a217fb58817a-AppendLogResponseHandler: Failed appendEntries: org.apache.ratis.thirdparty.io.grpc.StatusRuntimeException: UNAVAILABLE: io exception
2019-10-09 13:14:04,675 [grpc-default-executor-38] INFO  impl.FollowerInfo (FollowerInfo.java:lambda$new$0(51)) - 162534dc-93d9-4206-ab1e-9268955c7aca@group-227D833B6095->96acbf61-3ece-4d83-9836-a217fb58817a: nextIndex: updateUnconditionally 1 -> 0
2019-10-09 13:14:04,687 [grpc-default-executor-37] WARN  server.GrpcLogAppender (LogUtils.java:warn(134)) - 162534dc-93d9-4206-ab1e-9268955c7aca@group-227D833B6095->96acbf61-3ece-4d83-9836-a217fb58817a-AppendLogResponseHandler: Failed appendEntries: org.apache.ratis.thirdparty.io.grpc.StatusRuntimeException: UNAVAILABLE: io exception
2019-10-09 13:14:04,687 [grpc-default-executor-37] INFO  impl.FollowerInfo (FollowerInfo.java:lambda$new$0(51)) - 162534dc-93d9-4206-ab1e-9268955c7aca@group-227D833B6095->96acbf61-3ece-4d83-9836-a217fb58817a: nextIndex: updateUnconditionally 1 -> 0
2019-10-09 13:14:04,964 [Thread-7516] INFO  impl.FollowerState (FollowerState.java:run(106)) - 869fbf5b-cbbd-43c6-9f26-156c5192e660:group-DC31737E2860 changes to CANDIDATE, lastRpcTime:5128, electionTimeout:5068ms
2019-10-09 13:14:04,964 [Thread-7516] INFO  impl.RoleInfo (RoleInfo.java:shutdownFollowerState(121)) - 869fbf5b-cbbd-43c6-9f26-156c5192e660: shutdown FollowerState
2019-10-09 13:14:04,964 [Thread-7516] INFO  impl.RaftServerImpl (RaftServerImpl.java:setRole(174)) - 869fbf5b-cbbd-43c6-9f26-156c5192e660@group-DC31737E2860: changes role from  FOLLOWER to CANDIDATE at term 2 for changeToCandidate
2019-10-09 13:14:04,964 [Thread-7516] INFO  impl.RoleInfo (RoleInfo.java:updateAndGet(143)) - 869fbf5b-cbbd-43c6-9f26-156c5192e660: start LeaderElection
2019-10-09 13:14:04,965 [869fbf5b-cbbd-43c6-9f26-156c5192e660@group-DC31737E2860:LeaderElection227] INFO  impl.RaftServerImpl (ServerState.java:setLeader(253)) - 869fbf5b-cbbd-43c6-9f26-156c5192e660@group-DC31737E2860: change Leader from 96acbf61-3ece-4d83-9836-a217fb58817a to null at term 2 for initElection
2019-10-09 13:14:04,979 [869fbf5b-cbbd-43c6-9f26-156c5192e660@group-DC31737E2860:LeaderElection227] INFO  impl.LeaderElection (LeaderElection.java:askForVotes(182)) - 869fbf5b-cbbd-43c6-9f26-156c5192e660@group-DC31737E2860:LeaderElection227: begin an election at term 3 for 0: [96acbf61-3ece-4d83-9836-a217fb58817a:192.168.5.175:35650, 162534dc-93d9-4206-ab1e-9268955c7aca:192.168.5.175:32957, 869fbf5b-cbbd-43c6-9f26-156c5192e660:192.168.5.175:43498], old=null
2019-10-09 13:14:04,981 [869fbf5b-cbbd-43c6-9f26-156c5192e660@group-DC31737E2860:LeaderElection227] INFO  impl.LeaderElection (LogUtils.java:infoOrTrace(149)) - 869fbf5b-cbbd-43c6-9f26-156c5192e660@group-DC31737E2860:LeaderElection227 got exception when requesting votes: {}
java.util.concurrent.ExecutionException: org.apache.ratis.thirdparty.io.grpc.StatusRuntimeException: UNAVAILABLE: io exception
	at java.util.concurrent.FutureTask.report(FutureTask.java:122)
	at java.util.concurrent.FutureTask.get(FutureTask.java:192)
	at org.apache.ratis.server.impl.LeaderElection.waitForResults(LeaderElection.java:263)
	at org.apache.ratis.server.impl.LeaderElection.askForVotes(LeaderElection.java:201)
	at org.apache.ratis.server.impl.LeaderElection.run(LeaderElection.java:133)
	at java.lang.Thread.run(Thread.java:748)
Caused by: org.apache.ratis.thirdparty.io.grpc.StatusRuntimeException: UNAVAILABLE: io exception
	at org.apache.ratis.thirdparty.io.grpc.stub.ClientCalls.toStatusRuntimeException(ClientCalls.java:233)
	at org.apache.ratis.thirdparty.io.grpc.stub.ClientCalls.getUnchecked(ClientCalls.java:214)
	at org.apache.ratis.thirdparty.io.grpc.stub.ClientCalls.blockingUnaryCall(ClientCalls.java:139)
	at org.apache.ratis.proto.grpc.RaftServerProtocolServiceGrpc$RaftServerProtocolServiceBlockingStub.requestVote(RaftServerProtocolServiceGrpc.java:265)
	at org.apache.ratis.grpc.server.GrpcServerProtocolClient.requestVote(GrpcServerProtocolClient.java:90)
	at org.apache.ratis.grpc.server.GrpcService.requestVote(GrpcService.java:204)
	at org.apache.ratis.server.impl.LeaderElection.lambda$submitRequests$1(LeaderElection.java:238)
	at java.util.concurrent.FutureTask.run(FutureTask.java:266)
	at java.util.concurrent.Executors$RunnableAdapter.call(Executors.java:511)
	at java.util.concurrent.FutureTask.run(FutureTask.java:266)
	at java.util.concurrent.ThreadPoolExecutor.runWorker(ThreadPoolExecutor.java:1149)
	at java.util.concurrent.ThreadPoolExecutor$Worker.run(ThreadPoolExecutor.java:624)
	... 1 more
Caused by: org.apache.ratis.thirdparty.io.netty.channel.AbstractChannel$AnnotatedConnectException: Connection refused: /192.168.5.175:35650
	at sun.nio.ch.SocketChannelImpl.checkConnect(Native Method)
	at sun.nio.ch.SocketChannelImpl.finishConnect(SocketChannelImpl.java:717)
	at org.apache.ratis.thirdparty.io.netty.channel.socket.nio.NioSocketChannel.doFinishConnect(NioSocketChannel.java:327)
	at org.apache.ratis.thirdparty.io.netty.channel.nio.AbstractNioChannel$AbstractNioUnsafe.finishConnect(AbstractNioChannel.java:340)
	at org.apache.ratis.thirdparty.io.netty.channel.nio.NioEventLoop.processSelectedKey(NioEventLoop.java:632)
	at org.apache.ratis.thirdparty.io.netty.channel.nio.NioEventLoop.processSelectedKeysOptimized(NioEventLoop.java:579)
	at org.apache.ratis.thirdparty.io.netty.channel.nio.NioEventLoop.processSelectedKeys(NioEventLoop.java:496)
	at org.apache.ratis.thirdparty.io.netty.channel.nio.NioEventLoop.run(NioEventLoop.java:458)
	at org.apache.ratis.thirdparty.io.netty.util.concurrent.SingleThreadEventExecutor$5.run(SingleThreadEventExecutor.java:897)
	at org.apache.ratis.thirdparty.io.netty.util.concurrent.FastThreadLocalRunnable.run(FastThreadLocalRunnable.java:30)
	... 1 more
Caused by: java.net.ConnectException: Connection refused
	... 11 more
2019-10-09 13:14:04,982 [grpc-default-executor-37] INFO  impl.RaftServerImpl (ServerState.java:setLeader(253)) - 162534dc-93d9-4206-ab1e-9268955c7aca@group-DC31737E2860: change Leader from 96acbf61-3ece-4d83-9836-a217fb58817a to null at term 3 for updateCurrentTerm
2019-10-09 13:14:04,982 [grpc-default-executor-37] INFO  impl.RaftServerImpl (RaftServerImpl.java:setRole(174)) - 162534dc-93d9-4206-ab1e-9268955c7aca@group-DC31737E2860: changes role from  FOLLOWER to FOLLOWER at term 3 for recognizeCandidate:869fbf5b-cbbd-43c6-9f26-156c5192e660
2019-10-09 13:14:04,982 [grpc-default-executor-37] INFO  impl.RoleInfo (RoleInfo.java:shutdownFollowerState(121)) - 162534dc-93d9-4206-ab1e-9268955c7aca: shutdown FollowerState
2019-10-09 13:14:04,982 [grpc-default-executor-37] INFO  impl.RoleInfo (RoleInfo.java:updateAndGet(143)) - 162534dc-93d9-4206-ab1e-9268955c7aca: start FollowerState
2019-10-09 13:14:04,982 [Thread-7514] INFO  impl.FollowerState (FollowerState.java:run(115)) - 162534dc-93d9-4206-ab1e-9268955c7aca: FollowerState was interrupted: java.lang.InterruptedException: sleep interrupted
2019-10-09 13:14:04,996 [869fbf5b-cbbd-43c6-9f26-156c5192e660@group-DC31737E2860:LeaderElection227] INFO  impl.LeaderElection (LeaderElection.java:logAndReturn(56)) - 869fbf5b-cbbd-43c6-9f26-156c5192e660@group-DC31737E2860:LeaderElection227: Election PASSED; received 1 response(s) [869fbf5b-cbbd-43c6-9f26-156c5192e660<-162534dc-93d9-4206-ab1e-9268955c7aca#0:OK-t3] and 1 exception(s); 869fbf5b-cbbd-43c6-9f26-156c5192e660@group-DC31737E2860:t3, leader=null, voted=869fbf5b-cbbd-43c6-9f26-156c5192e660, raftlog=869fbf5b-cbbd-43c6-9f26-156c5192e660@group-DC31737E2860-SegmentedRaftLog:OPENED:c0,f0,i0, conf=0: [96acbf61-3ece-4d83-9836-a217fb58817a:192.168.5.175:35650, 162534dc-93d9-4206-ab1e-9268955c7aca:192.168.5.175:32957, 869fbf5b-cbbd-43c6-9f26-156c5192e660:192.168.5.175:43498], old=null
2019-10-09 13:14:04,996 [869fbf5b-cbbd-43c6-9f26-156c5192e660@group-DC31737E2860:LeaderElection227] INFO  impl.LeaderElection (LogUtils.java:infoOrTrace(149)) -   Exception 0: {}
java.util.concurrent.ExecutionException: org.apache.ratis.thirdparty.io.grpc.StatusRuntimeException: UNAVAILABLE: io exception
	at java.util.concurrent.FutureTask.report(FutureTask.java:122)
	at java.util.concurrent.FutureTask.get(FutureTask.java:192)
	at org.apache.ratis.server.impl.LeaderElection.waitForResults(LeaderElection.java:263)
	at org.apache.ratis.server.impl.LeaderElection.askForVotes(LeaderElection.java:201)
	at org.apache.ratis.server.impl.LeaderElection.run(LeaderElection.java:133)
	at java.lang.Thread.run(Thread.java:748)
Caused by: org.apache.ratis.thirdparty.io.grpc.StatusRuntimeException: UNAVAILABLE: io exception
	at org.apache.ratis.thirdparty.io.grpc.stub.ClientCalls.toStatusRuntimeException(ClientCalls.java:233)
	at org.apache.ratis.thirdparty.io.grpc.stub.ClientCalls.getUnchecked(ClientCalls.java:214)
	at org.apache.ratis.thirdparty.io.grpc.stub.ClientCalls.blockingUnaryCall(ClientCalls.java:139)
	at org.apache.ratis.proto.grpc.RaftServerProtocolServiceGrpc$RaftServerProtocolServiceBlockingStub.requestVote(RaftServerProtocolServiceGrpc.java:265)
	at org.apache.ratis.grpc.server.GrpcServerProtocolClient.requestVote(GrpcServerProtocolClient.java:90)
	at org.apache.ratis.grpc.server.GrpcService.requestVote(GrpcService.java:204)
	at org.apache.ratis.server.impl.LeaderElection.lambda$submitRequests$1(LeaderElection.java:238)
	at java.util.concurrent.FutureTask.run(FutureTask.java:266)
	at java.util.concurrent.Executors$RunnableAdapter.call(Executors.java:511)
	at java.util.concurrent.FutureTask.run(FutureTask.java:266)
	at java.util.concurrent.ThreadPoolExecutor.runWorker(ThreadPoolExecutor.java:1149)
	at java.util.concurrent.ThreadPoolExecutor$Worker.run(ThreadPoolExecutor.java:624)
	... 1 more
Caused by: org.apache.ratis.thirdparty.io.netty.channel.AbstractChannel$AnnotatedConnectException: Connection refused: /192.168.5.175:35650
	at sun.nio.ch.SocketChannelImpl.checkConnect(Native Method)
	at sun.nio.ch.SocketChannelImpl.finishConnect(SocketChannelImpl.java:717)
	at org.apache.ratis.thirdparty.io.netty.channel.socket.nio.NioSocketChannel.doFinishConnect(NioSocketChannel.java:327)
	at org.apache.ratis.thirdparty.io.netty.channel.nio.AbstractNioChannel$AbstractNioUnsafe.finishConnect(AbstractNioChannel.java:340)
	at org.apache.ratis.thirdparty.io.netty.channel.nio.NioEventLoop.processSelectedKey(NioEventLoop.java:632)
	at org.apache.ratis.thirdparty.io.netty.channel.nio.NioEventLoop.processSelectedKeysOptimized(NioEventLoop.java:579)
	at org.apache.ratis.thirdparty.io.netty.channel.nio.NioEventLoop.processSelectedKeys(NioEventLoop.java:496)
	at org.apache.ratis.thirdparty.io.netty.channel.nio.NioEventLoop.run(NioEventLoop.java:458)
	at org.apache.ratis.thirdparty.io.netty.util.concurrent.SingleThreadEventExecutor$5.run(SingleThreadEventExecutor.java:897)
	at org.apache.ratis.thirdparty.io.netty.util.concurrent.FastThreadLocalRunnable.run(FastThreadLocalRunnable.java:30)
	... 1 more
Caused by: java.net.ConnectException: Connection refused
	... 11 more
2019-10-09 13:14:04,997 [869fbf5b-cbbd-43c6-9f26-156c5192e660@group-DC31737E2860:LeaderElection227] INFO  impl.RoleInfo (RoleInfo.java:shutdownLeaderElection(134)) - 869fbf5b-cbbd-43c6-9f26-156c5192e660: shutdown LeaderElection
2019-10-09 13:14:04,997 [869fbf5b-cbbd-43c6-9f26-156c5192e660@group-DC31737E2860:LeaderElection227] INFO  impl.RaftServerImpl (RaftServerImpl.java:setRole(174)) - 869fbf5b-cbbd-43c6-9f26-156c5192e660@group-DC31737E2860: changes role from CANDIDATE to LEADER at term 3 for changeToLeader
2019-10-09 13:14:04,997 [869fbf5b-cbbd-43c6-9f26-156c5192e660@group-DC31737E2860:LeaderElection227] INFO  impl.RaftServerImpl (ServerState.java:setLeader(253)) - 869fbf5b-cbbd-43c6-9f26-156c5192e660@group-DC31737E2860: change Leader from null to 869fbf5b-cbbd-43c6-9f26-156c5192e660 at term 3 for becomeLeader, leader elected after 32ms
2019-10-09 13:14:04,998 [869fbf5b-cbbd-43c6-9f26-156c5192e660@group-DC31737E2860:LeaderElection227] INFO  server.RaftServerConfigKeys (ConfUtils.java:logGet(43)) - raft.server.staging.catchup.gap = 1000 (default)
2019-10-09 13:14:04,998 [869fbf5b-cbbd-43c6-9f26-156c5192e660@group-DC31737E2860:LeaderElection227] INFO  server.RaftServerConfigKeys (ConfUtils.java:logGet(43)) - raft.server.rpc.sleep.time = 25ms (default)
2019-10-09 13:14:04,998 [869fbf5b-cbbd-43c6-9f26-156c5192e660@group-DC31737E2860:LeaderElection227] INFO  server.RaftServerConfigKeys (ConfUtils.java:logGet(43)) - raft.server.write.element-limit = 4096 (default)
2019-10-09 13:14:04,998 [869fbf5b-cbbd-43c6-9f26-156c5192e660@group-DC31737E2860:LeaderElection227] INFO  server.RaftServerConfigKeys (ConfUtils.java:logGet(43)) - raft.server.watch.timeout = 10s (default)
2019-10-09 13:14:04,998 [869fbf5b-cbbd-43c6-9f26-156c5192e660@group-DC31737E2860:LeaderElection227] INFO  server.RaftServerConfigKeys (ConfUtils.java:logGet(43)) - raft.server.watch.timeout.denomination = 1s (default)
2019-10-09 13:14:04,998 [869fbf5b-cbbd-43c6-9f26-156c5192e660@group-DC31737E2860:LeaderElection227] INFO  server.RaftServerConfigKeys (ConfUtils.java:logGet(43)) - raft.server.watch.element-limit = 65536 (default)
2019-10-09 13:14:05,000 [869fbf5b-cbbd-43c6-9f26-156c5192e660@group-DC31737E2860:LeaderElection227] INFO  server.RaftServerConfigKeys (ConfUtils.java:logGet(43)) - raft.server.log.appender.snapshot.chunk.size.max = 16MB (=16777216) (default)
2019-10-09 13:14:05,000 [869fbf5b-cbbd-43c6-9f26-156c5192e660@group-DC31737E2860:LeaderElection227] INFO  server.RaftServerConfigKeys (ConfUtils.java:logGet(43)) - raft.server.log.appender.buffer.byte-limit = 33554432 (custom)
2019-10-09 13:14:05,001 [869fbf5b-cbbd-43c6-9f26-156c5192e660@group-DC31737E2860:LeaderElection227] INFO  server.RaftServerConfigKeys (ConfUtils.java:logGet(43)) - raft.server.log.appender.buffer.element-limit = 1 (custom)
2019-10-09 13:14:05,001 [869fbf5b-cbbd-43c6-9f26-156c5192e660@group-DC31737E2860:LeaderElection227] INFO  grpc.GrpcConfigKeys$Server (ConfUtils.java:logGet(43)) - raft.grpc.server.leader.outstanding.appends.max = 128 (default)
2019-10-09 13:14:05,001 [869fbf5b-cbbd-43c6-9f26-156c5192e660@group-DC31737E2860:LeaderElection227] INFO  server.RaftServerConfigKeys (ConfUtils.java:logGet(43)) - raft.server.rpc.request.timeout = 3000ms (default)
2019-10-09 13:14:05,001 [869fbf5b-cbbd-43c6-9f26-156c5192e660@group-DC31737E2860:LeaderElection227] INFO  server.RaftServerConfigKeys (ConfUtils.java:logGet(43)) - raft.server.log.appender.install.snapshot.enabled = false (custom)
2019-10-09 13:14:05,001 [869fbf5b-cbbd-43c6-9f26-156c5192e660@group-DC31737E2860:LeaderElection227] INFO  server.RaftServerConfigKeys (ConfUtils.java:logGet(43)) - raft.server.log.appender.snapshot.chunk.size.max = 16MB (=16777216) (default)
2019-10-09 13:14:05,001 [869fbf5b-cbbd-43c6-9f26-156c5192e660@group-DC31737E2860:LeaderElection227] INFO  server.RaftServerConfigKeys (ConfUtils.java:logGet(43)) - raft.server.log.appender.buffer.byte-limit = 33554432 (custom)
2019-10-09 13:14:05,002 [869fbf5b-cbbd-43c6-9f26-156c5192e660@group-DC31737E2860:LeaderElection227] INFO  server.RaftServerConfigKeys (ConfUtils.java:logGet(43)) - raft.server.log.appender.buffer.element-limit = 1 (custom)
2019-10-09 13:14:05,002 [869fbf5b-cbbd-43c6-9f26-156c5192e660@group-DC31737E2860:LeaderElection227] INFO  grpc.GrpcConfigKeys$Server (ConfUtils.java:logGet(43)) - raft.grpc.server.leader.outstanding.appends.max = 128 (default)
2019-10-09 13:14:05,002 [869fbf5b-cbbd-43c6-9f26-156c5192e660@group-DC31737E2860:LeaderElection227] INFO  server.RaftServerConfigKeys (ConfUtils.java:logGet(43)) - raft.server.rpc.request.timeout = 3000ms (default)
2019-10-09 13:14:05,002 [869fbf5b-cbbd-43c6-9f26-156c5192e660@group-DC31737E2860:LeaderElection227] INFO  server.RaftServerConfigKeys (ConfUtils.java:logGet(43)) - raft.server.log.appender.install.snapshot.enabled = false (custom)
2019-10-09 13:14:05,002 [869fbf5b-cbbd-43c6-9f26-156c5192e660@group-DC31737E2860:LeaderElection227] INFO  impl.RoleInfo (RoleInfo.java:updateAndGet(143)) - 869fbf5b-cbbd-43c6-9f26-156c5192e660: start LeaderState
2019-10-09 13:14:05,003 [869fbf5b-cbbd-43c6-9f26-156c5192e660@group-DC31737E2860:LeaderElection227] INFO  segmented.SegmentedRaftLogWorker (SegmentedRaftLogWorker.java:rollLogSegment(385)) - 869fbf5b-cbbd-43c6-9f26-156c5192e660@group-DC31737E2860-SegmentedRaftLogWorker: Rolling segment log-0_0 to index:0
2019-10-09 13:14:05,003 [869fbf5b-cbbd-43c6-9f26-156c5192e660@group-DC31737E2860-SegmentedRaftLogWorker] INFO  segmented.SegmentedRaftLogWorker (SegmentedRaftLogWorker.java:execute(526)) - 869fbf5b-cbbd-43c6-9f26-156c5192e660@group-DC31737E2860-SegmentedRaftLogWorker: Rolled log segment from /workdir/hadoop-ozone/integration-test/target/test-dir/MiniOzoneClusterImpl-77992fd3-8e8a-426b-8566-445f44124f00/datanode-3/data/ratis/edc78da7-8915-4033-8710-dc31737e2860/current/log_inprogress_0 to /workdir/hadoop-ozone/integration-test/target/test-dir/MiniOzoneClusterImpl-77992fd3-8e8a-426b-8566-445f44124f00/datanode-3/data/ratis/edc78da7-8915-4033-8710-dc31737e2860/current/log_0-0
2019-10-09 13:14:05,004 [grpc-default-executor-37] WARN  server.GrpcLogAppender (LogUtils.java:warn(134)) - 869fbf5b-cbbd-43c6-9f26-156c5192e660@group-DC31737E2860->96acbf61-3ece-4d83-9836-a217fb58817a-AppendLogResponseHandler: Failed appendEntries: org.apache.ratis.thirdparty.io.grpc.StatusRuntimeException: UNAVAILABLE: io exception
2019-10-09 13:14:05,003 [869fbf5b-cbbd-43c6-9f26-156c5192e660@group-DC31737E2860:LeaderElection227] INFO  impl.RaftServerImpl (ServerState.java:setRaftConf(354)) - 869fbf5b-cbbd-43c6-9f26-156c5192e660@group-DC31737E2860: set configuration 1: [96acbf61-3ece-4d83-9836-a217fb58817a:192.168.5.175:35650, 162534dc-93d9-4206-ab1e-9268955c7aca:192.168.5.175:32957, 869fbf5b-cbbd-43c6-9f26-156c5192e660:192.168.5.175:43498], old=null at 1
2019-10-09 13:14:05,004 [grpc-default-executor-37] INFO  impl.FollowerInfo (FollowerInfo.java:lambda$new$0(51)) - 869fbf5b-cbbd-43c6-9f26-156c5192e660@group-DC31737E2860->96acbf61-3ece-4d83-9836-a217fb58817a: nextIndex: updateUnconditionally 1 -> 0
2019-10-09 13:14:05,004 [grpc-default-executor-38] INFO  impl.RaftServerImpl (ServerState.java:setLeader(253)) - 162534dc-93d9-4206-ab1e-9268955c7aca@group-DC31737E2860: change Leader from null to 869fbf5b-cbbd-43c6-9f26-156c5192e660 at term 3 for appendEntries, leader elected after 22ms
2019-10-09 13:14:05,006 [grpc-default-executor-38] INFO  impl.RaftServerImpl (ServerState.java:setRaftConf(354)) - 162534dc-93d9-4206-ab1e-9268955c7aca@group-DC31737E2860: set configuration 1: [96acbf61-3ece-4d83-9836-a217fb58817a:192.168.5.175:35650, 162534dc-93d9-4206-ab1e-9268955c7aca:192.168.5.175:32957, 869fbf5b-cbbd-43c6-9f26-156c5192e660:192.168.5.175:43498], old=null at 1
2019-10-09 13:14:05,006 [grpc-default-executor-38] INFO  segmented.SegmentedRaftLogWorker (SegmentedRaftLogWorker.java:rollLogSegment(385)) - 162534dc-93d9-4206-ab1e-9268955c7aca@group-DC31737E2860-SegmentedRaftLogWorker: Rolling segment log-0_0 to index:0
2019-10-09 13:14:05,007 [162534dc-93d9-4206-ab1e-9268955c7aca@group-DC31737E2860-SegmentedRaftLogWorker] INFO  segmented.SegmentedRaftLogWorker (SegmentedRaftLogWorker.java:execute(526)) - 162534dc-93d9-4206-ab1e-9268955c7aca@group-DC31737E2860-SegmentedRaftLogWorker: Rolled log segment from /workdir/hadoop-ozone/integration-test/target/test-dir/MiniOzoneClusterImpl-77992fd3-8e8a-426b-8566-445f44124f00/datanode-4/data/ratis/edc78da7-8915-4033-8710-dc31737e2860/current/log_inprogress_0 to /workdir/hadoop-ozone/integration-test/target/test-dir/MiniOzoneClusterImpl-77992fd3-8e8a-426b-8566-445f44124f00/datanode-4/data/ratis/edc78da7-8915-4033-8710-dc31737e2860/current/log_0-0
2019-10-09 13:14:05,047 [869fbf5b-cbbd-43c6-9f26-156c5192e660@group-DC31737E2860-SegmentedRaftLogWorker] INFO  segmented.SegmentedRaftLogWorker (SegmentedRaftLogWorker.java:execute(569)) - 869fbf5b-cbbd-43c6-9f26-156c5192e660@group-DC31737E2860-SegmentedRaftLogWorker: created new log segment /workdir/hadoop-ozone/integration-test/target/test-dir/MiniOzoneClusterImpl-77992fd3-8e8a-426b-8566-445f44124f00/datanode-3/data/ratis/edc78da7-8915-4033-8710-dc31737e2860/current/log_inprogress_1
2019-10-09 13:14:05,047 [162534dc-93d9-4206-ab1e-9268955c7aca@group-DC31737E2860-SegmentedRaftLogWorker] INFO  segmented.SegmentedRaftLogWorker (SegmentedRaftLogWorker.java:execute(569)) - 162534dc-93d9-4206-ab1e-9268955c7aca@group-DC31737E2860-SegmentedRaftLogWorker: created new log segment /workdir/hadoop-ozone/integration-test/target/test-dir/MiniOzoneClusterImpl-77992fd3-8e8a-426b-8566-445f44124f00/datanode-4/data/ratis/edc78da7-8915-4033-8710-dc31737e2860/current/log_inprogress_1
2019-10-09 13:14:05,051 [grpc-default-executor-35] WARN  server.GrpcLogAppender (LogUtils.java:warn(134)) - 869fbf5b-cbbd-43c6-9f26-156c5192e660@group-DC31737E2860->96acbf61-3ece-4d83-9836-a217fb58817a-AppendLogResponseHandler: Failed appendEntries: org.apache.ratis.thirdparty.io.grpc.StatusRuntimeException: UNAVAILABLE: io exception
2019-10-09 13:14:05,052 [grpc-default-executor-35] INFO  impl.FollowerInfo (FollowerInfo.java:lambda$new$0(51)) - 869fbf5b-cbbd-43c6-9f26-156c5192e660@group-DC31737E2860->96acbf61-3ece-4d83-9836-a217fb58817a: nextIndex: updateUnconditionally 1 -> 0
2019-10-09 13:14:05,064 [grpc-default-executor-46] WARN  server.GrpcLogAppender (LogUtils.java:warn(134)) - 869fbf5b-cbbd-43c6-9f26-156c5192e660@group-DC31737E2860->96acbf61-3ece-4d83-9836-a217fb58817a-AppendLogResponseHandler: Failed appendEntries: org.apache.ratis.thirdparty.io.grpc.StatusRuntimeException: UNAVAILABLE: io exception
2019-10-09 13:14:05,064 [grpc-default-executor-46] INFO  impl.FollowerInfo (FollowerInfo.java:lambda$new$0(51)) - 869fbf5b-cbbd-43c6-9f26-156c5192e660@group-DC31737E2860->96acbf61-3ece-4d83-9836-a217fb58817a: nextIndex: updateUnconditionally 1 -> 0
2019-10-09 13:14:05,089 [Thread-7526] INFO  impl.FollowerState (FollowerState.java:run(106)) - 869fbf5b-cbbd-43c6-9f26-156c5192e660:group-19F276FA9099 changes to CANDIDATE, lastRpcTime:5236, electionTimeout:5163ms
2019-10-09 13:14:05,090 [Thread-7526] INFO  impl.RoleInfo (RoleInfo.java:shutdownFollowerState(121)) - 869fbf5b-cbbd-43c6-9f26-156c5192e660: shutdown FollowerState
2019-10-09 13:14:05,090 [Thread-7526] INFO  impl.RaftServerImpl (RaftServerImpl.java:setRole(174)) - 869fbf5b-cbbd-43c6-9f26-156c5192e660@group-19F276FA9099: changes role from  FOLLOWER to CANDIDATE at term 2 for changeToCandidate
2019-10-09 13:14:05,090 [Thread-7526] INFO  impl.RoleInfo (RoleInfo.java:updateAndGet(143)) - 869fbf5b-cbbd-43c6-9f26-156c5192e660: start LeaderElection
2019-10-09 13:14:05,090 [869fbf5b-cbbd-43c6-9f26-156c5192e660@group-19F276FA9099:LeaderElection228] INFO  impl.RaftServerImpl (ServerState.java:setLeader(253)) - 869fbf5b-cbbd-43c6-9f26-156c5192e660@group-19F276FA9099: change Leader from 96acbf61-3ece-4d83-9836-a217fb58817a to null at term 2 for initElection
2019-10-09 13:14:05,104 [869fbf5b-cbbd-43c6-9f26-156c5192e660@group-19F276FA9099:LeaderElection228] INFO  impl.LeaderElection (LeaderElection.java:askForVotes(182)) - 869fbf5b-cbbd-43c6-9f26-156c5192e660@group-19F276FA9099:LeaderElection228: begin an election at term 3 for 0: [96acbf61-3ece-4d83-9836-a217fb58817a:192.168.5.175:35650, 162534dc-93d9-4206-ab1e-9268955c7aca:192.168.5.175:32957, 869fbf5b-cbbd-43c6-9f26-156c5192e660:192.168.5.175:43498], old=null
2019-10-09 13:14:05,105 [869fbf5b-cbbd-43c6-9f26-156c5192e660@group-19F276FA9099:LeaderElection228] INFO  impl.LeaderElection (LogUtils.java:infoOrTrace(149)) - 869fbf5b-cbbd-43c6-9f26-156c5192e660@group-19F276FA9099:LeaderElection228 got exception when requesting votes: {}
java.util.concurrent.ExecutionException: org.apache.ratis.thirdparty.io.grpc.StatusRuntimeException: UNAVAILABLE: io exception
	at java.util.concurrent.FutureTask.report(FutureTask.java:122)
	at java.util.concurrent.FutureTask.get(FutureTask.java:192)
	at org.apache.ratis.server.impl.LeaderElection.waitForResults(LeaderElection.java:263)
	at org.apache.ratis.server.impl.LeaderElection.askForVotes(LeaderElection.java:201)
	at org.apache.ratis.server.impl.LeaderElection.run(LeaderElection.java:133)
	at java.lang.Thread.run(Thread.java:748)
Caused by: org.apache.ratis.thirdparty.io.grpc.StatusRuntimeException: UNAVAILABLE: io exception
	at org.apache.ratis.thirdparty.io.grpc.stub.ClientCalls.toStatusRuntimeException(ClientCalls.java:233)
	at org.apache.ratis.thirdparty.io.grpc.stub.ClientCalls.getUnchecked(ClientCalls.java:214)
	at org.apache.ratis.thirdparty.io.grpc.stub.ClientCalls.blockingUnaryCall(ClientCalls.java:139)
	at org.apache.ratis.proto.grpc.RaftServerProtocolServiceGrpc$RaftServerProtocolServiceBlockingStub.requestVote(RaftServerProtocolServiceGrpc.java:265)
	at org.apache.ratis.grpc.server.GrpcServerProtocolClient.requestVote(GrpcServerProtocolClient.java:90)
	at org.apache.ratis.grpc.server.GrpcService.requestVote(GrpcService.java:204)
	at org.apache.ratis.server.impl.LeaderElection.lambda$submitRequests$1(LeaderElection.java:238)
	at java.util.concurrent.FutureTask.run(FutureTask.java:266)
	at java.util.concurrent.Executors$RunnableAdapter.call(Executors.java:511)
	at java.util.concurrent.FutureTask.run(FutureTask.java:266)
	at java.util.concurrent.ThreadPoolExecutor.runWorker(ThreadPoolExecutor.java:1149)
	at java.util.concurrent.ThreadPoolExecutor$Worker.run(ThreadPoolExecutor.java:624)
	... 1 more
Caused by: org.apache.ratis.thirdparty.io.netty.channel.AbstractChannel$AnnotatedConnectException: Connection refused: /192.168.5.175:35650
	at sun.nio.ch.SocketChannelImpl.checkConnect(Native Method)
	at sun.nio.ch.SocketChannelImpl.finishConnect(SocketChannelImpl.java:717)
	at org.apache.ratis.thirdparty.io.netty.channel.socket.nio.NioSocketChannel.doFinishConnect(NioSocketChannel.java:327)
	at org.apache.ratis.thirdparty.io.netty.channel.nio.AbstractNioChannel$AbstractNioUnsafe.finishConnect(AbstractNioChannel.java:340)
	at org.apache.ratis.thirdparty.io.netty.channel.nio.NioEventLoop.processSelectedKey(NioEventLoop.java:632)
	at org.apache.ratis.thirdparty.io.netty.channel.nio.NioEventLoop.processSelectedKeysOptimized(NioEventLoop.java:579)
	at org.apache.ratis.thirdparty.io.netty.channel.nio.NioEventLoop.processSelectedKeys(NioEventLoop.java:496)
	at org.apache.ratis.thirdparty.io.netty.channel.nio.NioEventLoop.run(NioEventLoop.java:458)
	at org.apache.ratis.thirdparty.io.netty.util.concurrent.SingleThreadEventExecutor$5.run(SingleThreadEventExecutor.java:897)
	at org.apache.ratis.thirdparty.io.netty.util.concurrent.FastThreadLocalRunnable.run(FastThreadLocalRunnable.java:30)
	... 1 more
Caused by: java.net.ConnectException: Connection refused
	... 11 more
2019-10-09 13:14:05,106 [grpc-default-executor-38] INFO  impl.RaftServerImpl (ServerState.java:setLeader(253)) - 162534dc-93d9-4206-ab1e-9268955c7aca@group-19F276FA9099: change Leader from 96acbf61-3ece-4d83-9836-a217fb58817a to null at term 3 for updateCurrentTerm
2019-10-09 13:14:05,106 [grpc-default-executor-38] INFO  impl.RaftServerImpl (RaftServerImpl.java:setRole(174)) - 162534dc-93d9-4206-ab1e-9268955c7aca@group-19F276FA9099: changes role from  FOLLOWER to FOLLOWER at term 3 for recognizeCandidate:869fbf5b-cbbd-43c6-9f26-156c5192e660
2019-10-09 13:14:05,106 [grpc-default-executor-38] INFO  impl.RoleInfo (RoleInfo.java:shutdownFollowerState(121)) - 162534dc-93d9-4206-ab1e-9268955c7aca: shutdown FollowerState
2019-10-09 13:14:05,106 [grpc-default-executor-38] INFO  impl.RoleInfo (RoleInfo.java:updateAndGet(143)) - 162534dc-93d9-4206-ab1e-9268955c7aca: start FollowerState
2019-10-09 13:14:05,106 [Thread-7525] INFO  impl.FollowerState (FollowerState.java:run(115)) - 162534dc-93d9-4206-ab1e-9268955c7aca: FollowerState was interrupted: java.lang.InterruptedException: sleep interrupted
2019-10-09 13:14:05,120 [869fbf5b-cbbd-43c6-9f26-156c5192e660@group-19F276FA9099:LeaderElection228] INFO  impl.LeaderElection (LeaderElection.java:logAndReturn(56)) - 869fbf5b-cbbd-43c6-9f26-156c5192e660@group-19F276FA9099:LeaderElection228: Election PASSED; received 1 response(s) [869fbf5b-cbbd-43c6-9f26-156c5192e660<-162534dc-93d9-4206-ab1e-9268955c7aca#0:OK-t3] and 1 exception(s); 869fbf5b-cbbd-43c6-9f26-156c5192e660@group-19F276FA9099:t3, leader=null, voted=869fbf5b-cbbd-43c6-9f26-156c5192e660, raftlog=869fbf5b-cbbd-43c6-9f26-156c5192e660@group-19F276FA9099-SegmentedRaftLog:OPENED:c0,f0,i0, conf=0: [96acbf61-3ece-4d83-9836-a217fb58817a:192.168.5.175:35650, 162534dc-93d9-4206-ab1e-9268955c7aca:192.168.5.175:32957, 869fbf5b-cbbd-43c6-9f26-156c5192e660:192.168.5.175:43498], old=null
2019-10-09 13:14:05,120 [869fbf5b-cbbd-43c6-9f26-156c5192e660@group-19F276FA9099:LeaderElection228] INFO  impl.LeaderElection (LogUtils.java:infoOrTrace(149)) -   Exception 0: {}
java.util.concurrent.ExecutionException: org.apache.ratis.thirdparty.io.grpc.StatusRuntimeException: UNAVAILABLE: io exception
	at java.util.concurrent.FutureTask.report(FutureTask.java:122)
	at java.util.concurrent.FutureTask.get(FutureTask.java:192)
	at org.apache.ratis.server.impl.LeaderElection.waitForResults(LeaderElection.java:263)
	at org.apache.ratis.server.impl.LeaderElection.askForVotes(LeaderElection.java:201)
	at org.apache.ratis.server.impl.LeaderElection.run(LeaderElection.java:133)
	at java.lang.Thread.run(Thread.java:748)
Caused by: org.apache.ratis.thirdparty.io.grpc.StatusRuntimeException: UNAVAILABLE: io exception
	at org.apache.ratis.thirdparty.io.grpc.stub.ClientCalls.toStatusRuntimeException(ClientCalls.java:233)
	at org.apache.ratis.thirdparty.io.grpc.stub.ClientCalls.getUnchecked(ClientCalls.java:214)
	at org.apache.ratis.thirdparty.io.grpc.stub.ClientCalls.blockingUnaryCall(ClientCalls.java:139)
	at org.apache.ratis.proto.grpc.RaftServerProtocolServiceGrpc$RaftServerProtocolServiceBlockingStub.requestVote(RaftServerProtocolServiceGrpc.java:265)
	at org.apache.ratis.grpc.server.GrpcServerProtocolClient.requestVote(GrpcServerProtocolClient.java:90)
	at org.apache.ratis.grpc.server.GrpcService.requestVote(GrpcService.java:204)
	at org.apache.ratis.server.impl.LeaderElection.lambda$submitRequests$1(LeaderElection.java:238)
	at java.util.concurrent.FutureTask.run(FutureTask.java:266)
	at java.util.concurrent.Executors$RunnableAdapter.call(Executors.java:511)
	at java.util.concurrent.FutureTask.run(FutureTask.java:266)
	at java.util.concurrent.ThreadPoolExecutor.runWorker(ThreadPoolExecutor.java:1149)
	at java.util.concurrent.ThreadPoolExecutor$Worker.run(ThreadPoolExecutor.java:624)
	... 1 more
Caused by: org.apache.ratis.thirdparty.io.netty.channel.AbstractChannel$AnnotatedConnectException: Connection refused: /192.168.5.175:35650
	at sun.nio.ch.SocketChannelImpl.checkConnect(Native Method)
	at sun.nio.ch.SocketChannelImpl.finishConnect(SocketChannelImpl.java:717)
	at org.apache.ratis.thirdparty.io.netty.channel.socket.nio.NioSocketChannel.doFinishConnect(NioSocketChannel.java:327)
	at org.apache.ratis.thirdparty.io.netty.channel.nio.AbstractNioChannel$AbstractNioUnsafe.finishConnect(AbstractNioChannel.java:340)
	at org.apache.ratis.thirdparty.io.netty.channel.nio.NioEventLoop.processSelectedKey(NioEventLoop.java:632)
	at org.apache.ratis.thirdparty.io.netty.channel.nio.NioEventLoop.processSelectedKeysOptimized(NioEventLoop.java:579)
	at org.apache.ratis.thirdparty.io.netty.channel.nio.NioEventLoop.processSelectedKeys(NioEventLoop.java:496)
	at org.apache.ratis.thirdparty.io.netty.channel.nio.NioEventLoop.run(NioEventLoop.java:458)
	at org.apache.ratis.thirdparty.io.netty.util.concurrent.SingleThreadEventExecutor$5.run(SingleThreadEventExecutor.java:897)
	at org.apache.ratis.thirdparty.io.netty.util.concurrent.FastThreadLocalRunnable.run(FastThreadLocalRunnable.java:30)
	... 1 more
Caused by: java.net.ConnectException: Connection refused
	... 11 more
2019-10-09 13:14:05,120 [869fbf5b-cbbd-43c6-9f26-156c5192e660@group-19F276FA9099:LeaderElection228] INFO  impl.RoleInfo (RoleInfo.java:shutdownLeaderElection(134)) - 869fbf5b-cbbd-43c6-9f26-156c5192e660: shutdown LeaderElection
2019-10-09 13:14:05,121 [869fbf5b-cbbd-43c6-9f26-156c5192e660@group-19F276FA9099:LeaderElection228] INFO  impl.RaftServerImpl (RaftServerImpl.java:setRole(174)) - 869fbf5b-cbbd-43c6-9f26-156c5192e660@group-19F276FA9099: changes role from CANDIDATE to LEADER at term 3 for changeToLeader
2019-10-09 13:14:05,121 [869fbf5b-cbbd-43c6-9f26-156c5192e660@group-19F276FA9099:LeaderElection228] INFO  impl.RaftServerImpl (ServerState.java:setLeader(253)) - 869fbf5b-cbbd-43c6-9f26-156c5192e660@group-19F276FA9099: change Leader from null to 869fbf5b-cbbd-43c6-9f26-156c5192e660 at term 3 for becomeLeader, leader elected after 30ms
2019-10-09 13:14:05,121 [869fbf5b-cbbd-43c6-9f26-156c5192e660@group-19F276FA9099:LeaderElection228] INFO  server.RaftServerConfigKeys (ConfUtils.java:logGet(43)) - raft.server.staging.catchup.gap = 1000 (default)
2019-10-09 13:14:05,121 [869fbf5b-cbbd-43c6-9f26-156c5192e660@group-19F276FA9099:LeaderElection228] INFO  server.RaftServerConfigKeys (ConfUtils.java:logGet(43)) - raft.server.rpc.sleep.time = 25ms (default)
2019-10-09 13:14:05,121 [869fbf5b-cbbd-43c6-9f26-156c5192e660@group-19F276FA9099:LeaderElection228] INFO  server.RaftServerConfigKeys (ConfUtils.java:logGet(43)) - raft.server.write.element-limit = 4096 (default)
2019-10-09 13:14:05,121 [869fbf5b-cbbd-43c6-9f26-156c5192e660@group-19F276FA9099:LeaderElection228] INFO  server.RaftServerConfigKeys (ConfUtils.java:logGet(43)) - raft.server.watch.timeout = 10s (default)
2019-10-09 13:14:05,121 [869fbf5b-cbbd-43c6-9f26-156c5192e660@group-19F276FA9099:LeaderElection228] INFO  server.RaftServerConfigKeys (ConfUtils.java:logGet(43)) - raft.server.watch.timeout.denomination = 1s (default)
2019-10-09 13:14:05,121 [869fbf5b-cbbd-43c6-9f26-156c5192e660@group-19F276FA9099:LeaderElection228] INFO  server.RaftServerConfigKeys (ConfUtils.java:logGet(43)) - raft.server.watch.element-limit = 65536 (default)
2019-10-09 13:14:05,123 [869fbf5b-cbbd-43c6-9f26-156c5192e660@group-19F276FA9099:LeaderElection228] INFO  server.RaftServerConfigKeys (ConfUtils.java:logGet(43)) - raft.server.log.appender.snapshot.chunk.size.max = 16MB (=16777216) (default)
2019-10-09 13:14:05,123 [869fbf5b-cbbd-43c6-9f26-156c5192e660@group-19F276FA9099:LeaderElection228] INFO  server.RaftServerConfigKeys (ConfUtils.java:logGet(43)) - raft.server.log.appender.buffer.byte-limit = 33554432 (custom)
2019-10-09 13:14:05,123 [869fbf5b-cbbd-43c6-9f26-156c5192e660@group-19F276FA9099:LeaderElection228] INFO  server.RaftServerConfigKeys (ConfUtils.java:logGet(43)) - raft.server.log.appender.buffer.element-limit = 1 (custom)
2019-10-09 13:14:05,123 [869fbf5b-cbbd-43c6-9f26-156c5192e660@group-19F276FA9099:LeaderElection228] INFO  grpc.GrpcConfigKeys$Server (ConfUtils.java:logGet(43)) - raft.grpc.server.leader.outstanding.appends.max = 128 (default)
2019-10-09 13:14:05,124 [869fbf5b-cbbd-43c6-9f26-156c5192e660@group-19F276FA9099:LeaderElection228] INFO  server.RaftServerConfigKeys (ConfUtils.java:logGet(43)) - raft.server.rpc.request.timeout = 3000ms (default)
2019-10-09 13:14:05,124 [869fbf5b-cbbd-43c6-9f26-156c5192e660@group-19F276FA9099:LeaderElection228] INFO  server.RaftServerConfigKeys (ConfUtils.java:logGet(43)) - raft.server.log.appender.install.snapshot.enabled = false (custom)
2019-10-09 13:14:05,124 [869fbf5b-cbbd-43c6-9f26-156c5192e660@group-19F276FA9099:LeaderElection228] INFO  server.RaftServerConfigKeys (ConfUtils.java:logGet(43)) - raft.server.log.appender.snapshot.chunk.size.max = 16MB (=16777216) (default)
2019-10-09 13:14:05,124 [869fbf5b-cbbd-43c6-9f26-156c5192e660@group-19F276FA9099:LeaderElection228] INFO  server.RaftServerConfigKeys (ConfUtils.java:logGet(43)) - raft.server.log.appender.buffer.byte-limit = 33554432 (custom)
2019-10-09 13:14:05,124 [869fbf5b-cbbd-43c6-9f26-156c5192e660@group-19F276FA9099:LeaderElection228] INFO  server.RaftServerConfigKeys (ConfUtils.java:logGet(43)) - raft.server.log.appender.buffer.element-limit = 1 (custom)
2019-10-09 13:14:05,124 [869fbf5b-cbbd-43c6-9f26-156c5192e660@group-19F276FA9099:LeaderElection228] INFO  grpc.GrpcConfigKeys$Server (ConfUtils.java:logGet(43)) - raft.grpc.server.leader.outstanding.appends.max = 128 (default)
2019-10-09 13:14:05,125 [869fbf5b-cbbd-43c6-9f26-156c5192e660@group-19F276FA9099:LeaderElection228] INFO  server.RaftServerConfigKeys (ConfUtils.java:logGet(43)) - raft.server.rpc.request.timeout = 3000ms (default)
2019-10-09 13:14:05,125 [869fbf5b-cbbd-43c6-9f26-156c5192e660@group-19F276FA9099:LeaderElection228] INFO  server.RaftServerConfigKeys (ConfUtils.java:logGet(43)) - raft.server.log.appender.install.snapshot.enabled = false (custom)
2019-10-09 13:14:05,125 [869fbf5b-cbbd-43c6-9f26-156c5192e660@group-19F276FA9099:LeaderElection228] INFO  impl.RoleInfo (RoleInfo.java:updateAndGet(143)) - 869fbf5b-cbbd-43c6-9f26-156c5192e660: start LeaderState
2019-10-09 13:14:05,125 [869fbf5b-cbbd-43c6-9f26-156c5192e660@group-19F276FA9099:LeaderElection228] INFO  segmented.SegmentedRaftLogWorker (SegmentedRaftLogWorker.java:rollLogSegment(385)) - 869fbf5b-cbbd-43c6-9f26-156c5192e660@group-19F276FA9099-SegmentedRaftLogWorker: Rolling segment log-0_0 to index:0
2019-10-09 13:14:05,126 [869fbf5b-cbbd-43c6-9f26-156c5192e660@group-19F276FA9099-SegmentedRaftLogWorker] INFO  segmented.SegmentedRaftLogWorker (SegmentedRaftLogWorker.java:execute(526)) - 869fbf5b-cbbd-43c6-9f26-156c5192e660@group-19F276FA9099-SegmentedRaftLogWorker: Rolled log segment from /workdir/hadoop-ozone/integration-test/target/test-dir/MiniOzoneClusterImpl-77992fd3-8e8a-426b-8566-445f44124f00/datanode-3/data/ratis/c0fa437f-cd60-420f-a614-19f276fa9099/current/log_inprogress_0 to /workdir/hadoop-ozone/integration-test/target/test-dir/MiniOzoneClusterImpl-77992fd3-8e8a-426b-8566-445f44124f00/datanode-3/data/ratis/c0fa437f-cd60-420f-a614-19f276fa9099/current/log_0-0
2019-10-09 13:14:05,126 [grpc-default-executor-38] WARN  server.GrpcLogAppender (LogUtils.java:warn(134)) - 869fbf5b-cbbd-43c6-9f26-156c5192e660@group-19F276FA9099->96acbf61-3ece-4d83-9836-a217fb58817a-AppendLogResponseHandler: Failed appendEntries: org.apache.ratis.thirdparty.io.grpc.StatusRuntimeException: UNAVAILABLE: io exception
2019-10-09 13:14:05,126 [869fbf5b-cbbd-43c6-9f26-156c5192e660@group-19F276FA9099:LeaderElection228] INFO  impl.RaftServerImpl (ServerState.java:setRaftConf(354)) - 869fbf5b-cbbd-43c6-9f26-156c5192e660@group-19F276FA9099: set configuration 1: [96acbf61-3ece-4d83-9836-a217fb58817a:192.168.5.175:35650, 162534dc-93d9-4206-ab1e-9268955c7aca:192.168.5.175:32957, 869fbf5b-cbbd-43c6-9f26-156c5192e660:192.168.5.175:43498], old=null at 1
2019-10-09 13:14:05,126 [grpc-default-executor-38] INFO  impl.FollowerInfo (FollowerInfo.java:lambda$new$0(51)) - 869fbf5b-cbbd-43c6-9f26-156c5192e660@group-19F276FA9099->96acbf61-3ece-4d83-9836-a217fb58817a: nextIndex: updateUnconditionally 1 -> 0
2019-10-09 13:14:05,127 [grpc-default-executor-46] INFO  impl.RaftServerImpl (ServerState.java:setLeader(253)) - 162534dc-93d9-4206-ab1e-9268955c7aca@group-19F276FA9099: change Leader from null to 869fbf5b-cbbd-43c6-9f26-156c5192e660 at term 3 for appendEntries, leader elected after 20ms
2019-10-09 13:14:05,128 [grpc-default-executor-46] INFO  impl.RaftServerImpl (ServerState.java:setRaftConf(354)) - 162534dc-93d9-4206-ab1e-9268955c7aca@group-19F276FA9099: set configuration 1: [96acbf61-3ece-4d83-9836-a217fb58817a:192.168.5.175:35650, 162534dc-93d9-4206-ab1e-9268955c7aca:192.168.5.175:32957, 869fbf5b-cbbd-43c6-9f26-156c5192e660:192.168.5.175:43498], old=null at 1
2019-10-09 13:14:05,128 [grpc-default-executor-46] INFO  segmented.SegmentedRaftLogWorker (SegmentedRaftLogWorker.java:rollLogSegment(385)) - 162534dc-93d9-4206-ab1e-9268955c7aca@group-19F276FA9099-SegmentedRaftLogWorker: Rolling segment log-0_0 to index:0
2019-10-09 13:14:05,129 [162534dc-93d9-4206-ab1e-9268955c7aca@group-19F276FA9099-SegmentedRaftLogWorker] INFO  segmented.SegmentedRaftLogWorker (SegmentedRaftLogWorker.java:execute(526)) - 162534dc-93d9-4206-ab1e-9268955c7aca@group-19F276FA9099-SegmentedRaftLogWorker: Rolled log segment from /workdir/hadoop-ozone/integration-test/target/test-dir/MiniOzoneClusterImpl-77992fd3-8e8a-426b-8566-445f44124f00/datanode-4/data/ratis/c0fa437f-cd60-420f-a614-19f276fa9099/current/log_inprogress_0 to /workdir/hadoop-ozone/integration-test/target/test-dir/MiniOzoneClusterImpl-77992fd3-8e8a-426b-8566-445f44124f00/datanode-4/data/ratis/c0fa437f-cd60-420f-a614-19f276fa9099/current/log_0-0
2019-10-09 13:14:05,132 [Thread-7350] INFO  impl.FollowerState (FollowerState.java:run(106)) - 869fbf5b-cbbd-43c6-9f26-156c5192e660:group-986902F1898E changes to CANDIDATE, lastRpcTime:5278, electionTimeout:5151ms
2019-10-09 13:14:05,132 [Thread-7350] INFO  impl.RoleInfo (RoleInfo.java:shutdownFollowerState(121)) - 869fbf5b-cbbd-43c6-9f26-156c5192e660: shutdown FollowerState
2019-10-09 13:14:05,132 [Thread-7350] INFO  impl.RaftServerImpl (RaftServerImpl.java:setRole(174)) - 869fbf5b-cbbd-43c6-9f26-156c5192e660@group-986902F1898E: changes role from  FOLLOWER to CANDIDATE at term 1 for changeToCandidate
2019-10-09 13:14:05,132 [Thread-7350] INFO  impl.RoleInfo (RoleInfo.java:updateAndGet(143)) - 869fbf5b-cbbd-43c6-9f26-156c5192e660: start LeaderElection
2019-10-09 13:14:05,133 [869fbf5b-cbbd-43c6-9f26-156c5192e660@group-986902F1898E:LeaderElection229] INFO  impl.RaftServerImpl (ServerState.java:setLeader(253)) - 869fbf5b-cbbd-43c6-9f26-156c5192e660@group-986902F1898E: change Leader from 96acbf61-3ece-4d83-9836-a217fb58817a to null at term 1 for initElection
2019-10-09 13:14:05,152 [Thread-7358] INFO  impl.FollowerState (FollowerState.java:run(106)) - 162534dc-93d9-4206-ab1e-9268955c7aca:group-986902F1898E changes to CANDIDATE, lastRpcTime:5290, electionTimeout:5199ms
2019-10-09 13:14:05,152 [Thread-7358] INFO  impl.RoleInfo (RoleInfo.java:shutdownFollowerState(121)) - 162534dc-93d9-4206-ab1e-9268955c7aca: shutdown FollowerState
2019-10-09 13:14:05,152 [Thread-7358] INFO  impl.RaftServerImpl (RaftServerImpl.java:setRole(174)) - 162534dc-93d9-4206-ab1e-9268955c7aca@group-986902F1898E: changes role from  FOLLOWER to CANDIDATE at term 1 for changeToCandidate
2019-10-09 13:14:05,152 [Thread-7358] INFO  impl.RoleInfo (RoleInfo.java:updateAndGet(143)) - 162534dc-93d9-4206-ab1e-9268955c7aca: start LeaderElection
2019-10-09 13:14:05,152 [869fbf5b-cbbd-43c6-9f26-156c5192e660@group-986902F1898E:LeaderElection229] INFO  impl.LeaderElection (LeaderElection.java:askForVotes(182)) - 869fbf5b-cbbd-43c6-9f26-156c5192e660@group-986902F1898E:LeaderElection229: begin an election at term 2 for 0: [96acbf61-3ece-4d83-9836-a217fb58817a:192.168.5.175:35650, 162534dc-93d9-4206-ab1e-9268955c7aca:192.168.5.175:32957, 869fbf5b-cbbd-43c6-9f26-156c5192e660:192.168.5.175:43498], old=null
2019-10-09 13:14:05,153 [162534dc-93d9-4206-ab1e-9268955c7aca@group-986902F1898E:LeaderElection230] INFO  impl.RaftServerImpl (ServerState.java:setLeader(253)) - 162534dc-93d9-4206-ab1e-9268955c7aca@group-986902F1898E: change Leader from 96acbf61-3ece-4d83-9836-a217fb58817a to null at term 1 for initElection
2019-10-09 13:14:05,154 [869fbf5b-cbbd-43c6-9f26-156c5192e660@group-986902F1898E:LeaderElection229] INFO  impl.LeaderElection (LogUtils.java:infoOrTrace(149)) - 869fbf5b-cbbd-43c6-9f26-156c5192e660@group-986902F1898E:LeaderElection229 got exception when requesting votes: {}
java.util.concurrent.ExecutionException: org.apache.ratis.thirdparty.io.grpc.StatusRuntimeException: UNAVAILABLE: io exception
	at java.util.concurrent.FutureTask.report(FutureTask.java:122)
	at java.util.concurrent.FutureTask.get(FutureTask.java:192)
	at org.apache.ratis.server.impl.LeaderElection.waitForResults(LeaderElection.java:263)
	at org.apache.ratis.server.impl.LeaderElection.askForVotes(LeaderElection.java:201)
	at org.apache.ratis.server.impl.LeaderElection.run(LeaderElection.java:133)
	at java.lang.Thread.run(Thread.java:748)
Caused by: org.apache.ratis.thirdparty.io.grpc.StatusRuntimeException: UNAVAILABLE: io exception
	at org.apache.ratis.thirdparty.io.grpc.stub.ClientCalls.toStatusRuntimeException(ClientCalls.java:233)
	at org.apache.ratis.thirdparty.io.grpc.stub.ClientCalls.getUnchecked(ClientCalls.java:214)
	at org.apache.ratis.thirdparty.io.grpc.stub.ClientCalls.blockingUnaryCall(ClientCalls.java:139)
	at org.apache.ratis.proto.grpc.RaftServerProtocolServiceGrpc$RaftServerProtocolServiceBlockingStub.requestVote(RaftServerProtocolServiceGrpc.java:265)
	at org.apache.ratis.grpc.server.GrpcServerProtocolClient.requestVote(GrpcServerProtocolClient.java:90)
	at org.apache.ratis.grpc.server.GrpcService.requestVote(GrpcService.java:204)
	at org.apache.ratis.server.impl.LeaderElection.lambda$submitRequests$1(LeaderElection.java:238)
	at java.util.concurrent.FutureTask.run(FutureTask.java:266)
	at java.util.concurrent.Executors$RunnableAdapter.call(Executors.java:511)
	at java.util.concurrent.FutureTask.run(FutureTask.java:266)
	at java.util.concurrent.ThreadPoolExecutor.runWorker(ThreadPoolExecutor.java:1149)
	at java.util.concurrent.ThreadPoolExecutor$Worker.run(ThreadPoolExecutor.java:624)
	... 1 more
Caused by: org.apache.ratis.thirdparty.io.netty.channel.AbstractChannel$AnnotatedConnectException: Connection refused: /192.168.5.175:35650
	at sun.nio.ch.SocketChannelImpl.checkConnect(Native Method)
	at sun.nio.ch.SocketChannelImpl.finishConnect(SocketChannelImpl.java:717)
	at org.apache.ratis.thirdparty.io.netty.channel.socket.nio.NioSocketChannel.doFinishConnect(NioSocketChannel.java:327)
	at org.apache.ratis.thirdparty.io.netty.channel.nio.AbstractNioChannel$AbstractNioUnsafe.finishConnect(AbstractNioChannel.java:340)
	at org.apache.ratis.thirdparty.io.netty.channel.nio.NioEventLoop.processSelectedKey(NioEventLoop.java:632)
	at org.apache.ratis.thirdparty.io.netty.channel.nio.NioEventLoop.processSelectedKeysOptimized(NioEventLoop.java:579)
	at org.apache.ratis.thirdparty.io.netty.channel.nio.NioEventLoop.processSelectedKeys(NioEventLoop.java:496)
	at org.apache.ratis.thirdparty.io.netty.channel.nio.NioEventLoop.run(NioEventLoop.java:458)
	at org.apache.ratis.thirdparty.io.netty.util.concurrent.SingleThreadEventExecutor$5.run(SingleThreadEventExecutor.java:897)
	at org.apache.ratis.thirdparty.io.netty.util.concurrent.FastThreadLocalRunnable.run(FastThreadLocalRunnable.java:30)
	... 1 more
Caused by: java.net.ConnectException: Connection refused
	... 11 more
2019-10-09 13:14:05,169 [162534dc-93d9-4206-ab1e-9268955c7aca@group-19F276FA9099-SegmentedRaftLogWorker] INFO  segmented.SegmentedRaftLogWorker (SegmentedRaftLogWorker.java:execute(569)) - 162534dc-93d9-4206-ab1e-9268955c7aca@group-19F276FA9099-SegmentedRaftLogWorker: created new log segment /workdir/hadoop-ozone/integration-test/target/test-dir/MiniOzoneClusterImpl-77992fd3-8e8a-426b-8566-445f44124f00/datanode-4/data/ratis/c0fa437f-cd60-420f-a614-19f276fa9099/current/log_inprogress_1
2019-10-09 13:14:05,170 [162534dc-93d9-4206-ab1e-9268955c7aca@group-986902F1898E:LeaderElection230] INFO  impl.LeaderElection (LeaderElection.java:askForVotes(182)) - 162534dc-93d9-4206-ab1e-9268955c7aca@group-986902F1898E:LeaderElection230: begin an election at term 2 for 0: [96acbf61-3ece-4d83-9836-a217fb58817a:192.168.5.175:35650, 162534dc-93d9-4206-ab1e-9268955c7aca:192.168.5.175:32957, 869fbf5b-cbbd-43c6-9f26-156c5192e660:192.168.5.175:43498], old=null
2019-10-09 13:14:05,170 [869fbf5b-cbbd-43c6-9f26-156c5192e660@group-19F276FA9099-SegmentedRaftLogWorker] INFO  segmented.SegmentedRaftLogWorker (SegmentedRaftLogWorker.java:execute(569)) - 869fbf5b-cbbd-43c6-9f26-156c5192e660@group-19F276FA9099-SegmentedRaftLogWorker: created new log segment /workdir/hadoop-ozone/integration-test/target/test-dir/MiniOzoneClusterImpl-77992fd3-8e8a-426b-8566-445f44124f00/datanode-3/data/ratis/c0fa437f-cd60-420f-a614-19f276fa9099/current/log_inprogress_1
2019-10-09 13:14:05,170 [869fbf5b-cbbd-43c6-9f26-156c5192e660@group-986902F1898E:LeaderElection229] INFO  impl.LeaderElection (LeaderElection.java:logAndReturn(56)) - 869fbf5b-cbbd-43c6-9f26-156c5192e660@group-986902F1898E:LeaderElection229: Election REJECTED; received 1 response(s) [869fbf5b-cbbd-43c6-9f26-156c5192e660<-162534dc-93d9-4206-ab1e-9268955c7aca#0:FAIL-t2] and 1 exception(s); 869fbf5b-cbbd-43c6-9f26-156c5192e660@group-986902F1898E:t2, leader=null, voted=869fbf5b-cbbd-43c6-9f26-156c5192e660, raftlog=869fbf5b-cbbd-43c6-9f26-156c5192e660@group-986902F1898E-SegmentedRaftLog:OPENED:c0,f0,i0, conf=0: [96acbf61-3ece-4d83-9836-a217fb58817a:192.168.5.175:35650, 162534dc-93d9-4206-ab1e-9268955c7aca:192.168.5.175:32957, 869fbf5b-cbbd-43c6-9f26-156c5192e660:192.168.5.175:43498], old=null
2019-10-09 13:14:05,170 [869fbf5b-cbbd-43c6-9f26-156c5192e660@group-986902F1898E:LeaderElection229] INFO  impl.LeaderElection (LogUtils.java:infoOrTrace(149)) -   Exception 0: {}
java.util.concurrent.ExecutionException: org.apache.ratis.thirdparty.io.grpc.StatusRuntimeException: UNAVAILABLE: io exception
	at java.util.concurrent.FutureTask.report(FutureTask.java:122)
	at java.util.concurrent.FutureTask.get(FutureTask.java:192)
	at org.apache.ratis.server.impl.LeaderElection.waitForResults(LeaderElection.java:263)
	at org.apache.ratis.server.impl.LeaderElection.askForVotes(LeaderElection.java:201)
	at org.apache.ratis.server.impl.LeaderElection.run(LeaderElection.java:133)
	at java.lang.Thread.run(Thread.java:748)
Caused by: org.apache.ratis.thirdparty.io.grpc.StatusRuntimeException: UNAVAILABLE: io exception
	at org.apache.ratis.thirdparty.io.grpc.stub.ClientCalls.toStatusRuntimeException(ClientCalls.java:233)
	at org.apache.ratis.thirdparty.io.grpc.stub.ClientCalls.getUnchecked(ClientCalls.java:214)
	at org.apache.ratis.thirdparty.io.grpc.stub.ClientCalls.blockingUnaryCall(ClientCalls.java:139)
	at org.apache.ratis.proto.grpc.RaftServerProtocolServiceGrpc$RaftServerProtocolServiceBlockingStub.requestVote(RaftServerProtocolServiceGrpc.java:265)
	at org.apache.ratis.grpc.server.GrpcServerProtocolClient.requestVote(GrpcServerProtocolClient.java:90)
	at org.apache.ratis.grpc.server.GrpcService.requestVote(GrpcService.java:204)
	at org.apache.ratis.server.impl.LeaderElection.lambda$submitRequests$1(LeaderElection.java:238)
	at java.util.concurrent.FutureTask.run(FutureTask.java:266)
	at java.util.concurrent.Executors$RunnableAdapter.call(Executors.java:511)
	at java.util.concurrent.FutureTask.run(FutureTask.java:266)
	at java.util.concurrent.ThreadPoolExecutor.runWorker(ThreadPoolExecutor.java:1149)
	at java.util.concurrent.ThreadPoolExecutor$Worker.run(ThreadPoolExecutor.java:624)
	... 1 more
Caused by: org.apache.ratis.thirdparty.io.netty.channel.AbstractChannel$AnnotatedConnectException: Connection refused: /192.168.5.175:35650
	at sun.nio.ch.SocketChannelImpl.checkConnect(Native Method)
	at sun.nio.ch.SocketChannelImpl.finishConnect(SocketChannelImpl.java:717)
	at org.apache.ratis.thirdparty.io.netty.channel.socket.nio.NioSocketChannel.doFinishConnect(NioSocketChannel.java:327)
	at org.apache.ratis.thirdparty.io.netty.channel.nio.AbstractNioChannel$AbstractNioUnsafe.finishConnect(AbstractNioChannel.java:340)
	at org.apache.ratis.thirdparty.io.netty.channel.nio.NioEventLoop.processSelectedKey(NioEventLoop.java:632)
	at org.apache.ratis.thirdparty.io.netty.channel.nio.NioEventLoop.processSelectedKeysOptimized(NioEventLoop.java:579)
	at org.apache.ratis.thirdparty.io.netty.channel.nio.NioEventLoop.processSelectedKeys(NioEventLoop.java:496)
	at org.apache.ratis.thirdparty.io.netty.channel.nio.NioEventLoop.run(NioEventLoop.java:458)
	at org.apache.ratis.thirdparty.io.netty.util.concurrent.SingleThreadEventExecutor$5.run(SingleThreadEventExecutor.java:897)
	at org.apache.ratis.thirdparty.io.netty.util.concurrent.FastThreadLocalRunnable.run(FastThreadLocalRunnable.java:30)
	... 1 more
Caused by: java.net.ConnectException: Connection refused
	... 11 more
2019-10-09 13:14:05,171 [869fbf5b-cbbd-43c6-9f26-156c5192e660@group-986902F1898E:LeaderElection229] INFO  impl.RaftServerImpl (RaftServerImpl.java:setRole(174)) - 869fbf5b-cbbd-43c6-9f26-156c5192e660@group-986902F1898E: changes role from CANDIDATE to FOLLOWER at term 2 for DISCOVERED_A_NEW_TERM
2019-10-09 13:14:05,171 [869fbf5b-cbbd-43c6-9f26-156c5192e660@group-986902F1898E:LeaderElection229] INFO  impl.RoleInfo (RoleInfo.java:shutdownLeaderElection(134)) - 869fbf5b-cbbd-43c6-9f26-156c5192e660: shutdown LeaderElection
2019-10-09 13:14:05,171 [869fbf5b-cbbd-43c6-9f26-156c5192e660@group-986902F1898E:LeaderElection229] INFO  impl.RoleInfo (RoleInfo.java:updateAndGet(143)) - 869fbf5b-cbbd-43c6-9f26-156c5192e660: start FollowerState
2019-10-09 13:14:05,172 [162534dc-93d9-4206-ab1e-9268955c7aca@group-986902F1898E:LeaderElection230] INFO  impl.LeaderElection (LogUtils.java:infoOrTrace(149)) - 162534dc-93d9-4206-ab1e-9268955c7aca@group-986902F1898E:LeaderElection230 got exception when requesting votes: {}
java.util.concurrent.ExecutionException: org.apache.ratis.thirdparty.io.grpc.StatusRuntimeException: UNAVAILABLE: io exception
	at java.util.concurrent.FutureTask.report(FutureTask.java:122)
	at java.util.concurrent.FutureTask.get(FutureTask.java:192)
	at org.apache.ratis.server.impl.LeaderElection.waitForResults(LeaderElection.java:263)
	at org.apache.ratis.server.impl.LeaderElection.askForVotes(LeaderElection.java:201)
	at org.apache.ratis.server.impl.LeaderElection.run(LeaderElection.java:133)
	at java.lang.Thread.run(Thread.java:748)
Caused by: org.apache.ratis.thirdparty.io.grpc.StatusRuntimeException: UNAVAILABLE: io exception
	at org.apache.ratis.thirdparty.io.grpc.stub.ClientCalls.toStatusRuntimeException(ClientCalls.java:233)
	at org.apache.ratis.thirdparty.io.grpc.stub.ClientCalls.getUnchecked(ClientCalls.java:214)
	at org.apache.ratis.thirdparty.io.grpc.stub.ClientCalls.blockingUnaryCall(ClientCalls.java:139)
	at org.apache.ratis.proto.grpc.RaftServerProtocolServiceGrpc$RaftServerProtocolServiceBlockingStub.requestVote(RaftServerProtocolServiceGrpc.java:265)
	at org.apache.ratis.grpc.server.GrpcServerProtocolClient.requestVote(GrpcServerProtocolClient.java:90)
	at org.apache.ratis.grpc.server.GrpcService.requestVote(GrpcService.java:204)
	at org.apache.ratis.server.impl.LeaderElection.lambda$submitRequests$1(LeaderElection.java:238)
	at java.util.concurrent.FutureTask.run(FutureTask.java:266)
	at java.util.concurrent.Executors$RunnableAdapter.call(Executors.java:511)
	at java.util.concurrent.FutureTask.run(FutureTask.java:266)
	at java.util.concurrent.ThreadPoolExecutor.runWorker(ThreadPoolExecutor.java:1149)
	at java.util.concurrent.ThreadPoolExecutor$Worker.run(ThreadPoolExecutor.java:624)
	... 1 more
Caused by: org.apache.ratis.thirdparty.io.netty.channel.AbstractChannel$AnnotatedConnectException: Connection refused: /192.168.5.175:35650
	at sun.nio.ch.SocketChannelImpl.checkConnect(Native Method)
	at sun.nio.ch.SocketChannelImpl.finishConnect(SocketChannelImpl.java:717)
	at org.apache.ratis.thirdparty.io.netty.channel.socket.nio.NioSocketChannel.doFinishConnect(NioSocketChannel.java:327)
	at org.apache.ratis.thirdparty.io.netty.channel.nio.AbstractNioChannel$AbstractNioUnsafe.finishConnect(AbstractNioChannel.java:340)
	at org.apache.ratis.thirdparty.io.netty.channel.nio.NioEventLoop.processSelectedKey(NioEventLoop.java:632)
	at org.apache.ratis.thirdparty.io.netty.channel.nio.NioEventLoop.processSelectedKeysOptimized(NioEventLoop.java:579)
	at org.apache.ratis.thirdparty.io.netty.channel.nio.NioEventLoop.processSelectedKeys(NioEventLoop.java:496)
	at org.apache.ratis.thirdparty.io.netty.channel.nio.NioEventLoop.run(NioEventLoop.java:458)
	at org.apache.ratis.thirdparty.io.netty.util.concurrent.SingleThreadEventExecutor$5.run(SingleThreadEventExecutor.java:897)
	at org.apache.ratis.thirdparty.io.netty.util.concurrent.FastThreadLocalRunnable.run(FastThreadLocalRunnable.java:30)
	... 1 more
Caused by: java.net.ConnectException: Connection refused
	... 11 more
2019-10-09 13:14:05,172 [162534dc-93d9-4206-ab1e-9268955c7aca@group-986902F1898E:LeaderElection230] INFO  impl.LeaderElection (LeaderElection.java:logAndReturn(56)) - 162534dc-93d9-4206-ab1e-9268955c7aca@group-986902F1898E:LeaderElection230: Election REJECTED; received 1 response(s) [162534dc-93d9-4206-ab1e-9268955c7aca<-869fbf5b-cbbd-43c6-9f26-156c5192e660#0:FAIL-t2] and 1 exception(s); 162534dc-93d9-4206-ab1e-9268955c7aca@group-986902F1898E:t2, leader=null, voted=162534dc-93d9-4206-ab1e-9268955c7aca, raftlog=162534dc-93d9-4206-ab1e-9268955c7aca@group-986902F1898E-SegmentedRaftLog:OPENED:c0,f0,i0, conf=0: [96acbf61-3ece-4d83-9836-a217fb58817a:192.168.5.175:35650, 162534dc-93d9-4206-ab1e-9268955c7aca:192.168.5.175:32957, 869fbf5b-cbbd-43c6-9f26-156c5192e660:192.168.5.175:43498], old=null
2019-10-09 13:14:05,172 [162534dc-93d9-4206-ab1e-9268955c7aca@group-986902F1898E:LeaderElection230] INFO  impl.LeaderElection (LogUtils.java:infoOrTrace(149)) -   Exception 0: {}
java.util.concurrent.ExecutionException: org.apache.ratis.thirdparty.io.grpc.StatusRuntimeException: UNAVAILABLE: io exception
	at java.util.concurrent.FutureTask.report(FutureTask.java:122)
	at java.util.concurrent.FutureTask.get(FutureTask.java:192)
	at org.apache.ratis.server.impl.LeaderElection.waitForResults(LeaderElection.java:263)
	at org.apache.ratis.server.impl.LeaderElection.askForVotes(LeaderElection.java:201)
	at org.apache.ratis.server.impl.LeaderElection.run(LeaderElection.java:133)
	at java.lang.Thread.run(Thread.java:748)
Caused by: org.apache.ratis.thirdparty.io.grpc.StatusRuntimeException: UNAVAILABLE: io exception
	at org.apache.ratis.thirdparty.io.grpc.stub.ClientCalls.toStatusRuntimeException(ClientCalls.java:233)
	at org.apache.ratis.thirdparty.io.grpc.stub.ClientCalls.getUnchecked(ClientCalls.java:214)
	at org.apache.ratis.thirdparty.io.grpc.stub.ClientCalls.blockingUnaryCall(ClientCalls.java:139)
	at org.apache.ratis.proto.grpc.RaftServerProtocolServiceGrpc$RaftServerProtocolServiceBlockingStub.requestVote(RaftServerProtocolServiceGrpc.java:265)
	at org.apache.ratis.grpc.server.GrpcServerProtocolClient.requestVote(GrpcServerProtocolClient.java:90)
	at org.apache.ratis.grpc.server.GrpcService.requestVote(GrpcService.java:204)
	at org.apache.ratis.server.impl.LeaderElection.lambda$submitRequests$1(LeaderElection.java:238)
	at java.util.concurrent.FutureTask.run(FutureTask.java:266)
	at java.util.concurrent.Executors$RunnableAdapter.call(Executors.java:511)
	at java.util.concurrent.FutureTask.run(FutureTask.java:266)
	at java.util.concurrent.ThreadPoolExecutor.runWorker(ThreadPoolExecutor.java:1149)
	at java.util.concurrent.ThreadPoolExecutor$Worker.run(ThreadPoolExecutor.java:624)
	... 1 more
Caused by: org.apache.ratis.thirdparty.io.netty.channel.AbstractChannel$AnnotatedConnectException: Connection refused: /192.168.5.175:35650
	at sun.nio.ch.SocketChannelImpl.checkConnect(Native Method)
	at sun.nio.ch.SocketChannelImpl.finishConnect(SocketChannelImpl.java:717)
	at org.apache.ratis.thirdparty.io.netty.channel.socket.nio.NioSocketChannel.doFinishConnect(NioSocketChannel.java:327)
	at org.apache.ratis.thirdparty.io.netty.channel.nio.AbstractNioChannel$AbstractNioUnsafe.finishConnect(AbstractNioChannel.java:340)
	at org.apache.ratis.thirdparty.io.netty.channel.nio.NioEventLoop.processSelectedKey(NioEventLoop.java:632)
	at org.apache.ratis.thirdparty.io.netty.channel.nio.NioEventLoop.processSelectedKeysOptimized(NioEventLoop.java:579)
	at org.apache.ratis.thirdparty.io.netty.channel.nio.NioEventLoop.processSelectedKeys(NioEventLoop.java:496)
	at org.apache.ratis.thirdparty.io.netty.channel.nio.NioEventLoop.run(NioEventLoop.java:458)
	at org.apache.ratis.thirdparty.io.netty.util.concurrent.SingleThreadEventExecutor$5.run(SingleThreadEventExecutor.java:897)
	at org.apache.ratis.thirdparty.io.netty.util.concurrent.FastThreadLocalRunnable.run(FastThreadLocalRunnable.java:30)
	... 1 more
Caused by: java.net.ConnectException: Connection refused
	... 11 more
2019-10-09 13:14:05,173 [162534dc-93d9-4206-ab1e-9268955c7aca@group-986902F1898E:LeaderElection230] INFO  impl.RaftServerImpl (RaftServerImpl.java:setRole(174)) - 162534dc-93d9-4206-ab1e-9268955c7aca@group-986902F1898E: changes role from CANDIDATE to FOLLOWER at term 2 for DISCOVERED_A_NEW_TERM
2019-10-09 13:14:05,173 [162534dc-93d9-4206-ab1e-9268955c7aca@group-986902F1898E:LeaderElection230] INFO  impl.RoleInfo (RoleInfo.java:shutdownLeaderElection(134)) - 162534dc-93d9-4206-ab1e-9268955c7aca: shutdown LeaderElection
2019-10-09 13:14:05,173 [162534dc-93d9-4206-ab1e-9268955c7aca@group-986902F1898E:LeaderElection230] INFO  impl.RoleInfo (RoleInfo.java:updateAndGet(143)) - 162534dc-93d9-4206-ab1e-9268955c7aca: start FollowerState
2019-10-09 13:14:05,182 [grpc-default-executor-46] WARN  server.GrpcLogAppender (LogUtils.java:warn(134)) - 869fbf5b-cbbd-43c6-9f26-156c5192e660@group-19F276FA9099->96acbf61-3ece-4d83-9836-a217fb58817a-AppendLogResponseHandler: Failed appendEntries: org.apache.ratis.thirdparty.io.grpc.StatusRuntimeException: UNAVAILABLE: io exception
2019-10-09 13:14:05,182 [grpc-default-executor-46] INFO  impl.FollowerInfo (FollowerInfo.java:lambda$new$0(51)) - 869fbf5b-cbbd-43c6-9f26-156c5192e660@group-19F276FA9099->96acbf61-3ece-4d83-9836-a217fb58817a: nextIndex: updateUnconditionally 1 -> 0
2019-10-09 13:14:05,195 [grpc-default-executor-46] WARN  server.GrpcLogAppender (LogUtils.java:warn(134)) - 869fbf5b-cbbd-43c6-9f26-156c5192e660@group-19F276FA9099->96acbf61-3ece-4d83-9836-a217fb58817a-AppendLogResponseHandler: Failed appendEntries: org.apache.ratis.thirdparty.io.grpc.StatusRuntimeException: UNAVAILABLE: io exception
2019-10-09 13:14:05,195 [grpc-default-executor-46] INFO  impl.FollowerInfo (FollowerInfo.java:lambda$new$0(51)) - 869fbf5b-cbbd-43c6-9f26-156c5192e660@group-19F276FA9099->96acbf61-3ece-4d83-9836-a217fb58817a: nextIndex: updateUnconditionally 1 -> 0
2019-10-09 13:14:07,107 [grpc-default-executor-46] WARN  server.GrpcLogAppender (LogUtils.java:warn(134)) - 162534dc-93d9-4206-ab1e-9268955c7aca@group-F494DE254AFB->96acbf61-3ece-4d83-9836-a217fb58817a-AppendLogResponseHandler: Failed appendEntries: org.apache.ratis.thirdparty.io.grpc.StatusRuntimeException: UNAVAILABLE: io exception
2019-10-09 13:14:07,107 [grpc-default-executor-46] INFO  impl.FollowerInfo (FollowerInfo.java:lambda$new$0(51)) - 162534dc-93d9-4206-ab1e-9268955c7aca@group-F494DE254AFB->96acbf61-3ece-4d83-9836-a217fb58817a: nextIndex: updateUnconditionally 0 -> 0
2019-10-09 13:14:07,108 [grpc-default-executor-35] WARN  server.GrpcLogAppender (LogUtils.java:warn(134)) - 869fbf5b-cbbd-43c6-9f26-156c5192e660@group-7276B70EB406->96acbf61-3ece-4d83-9836-a217fb58817a-AppendLogResponseHandler: Failed appendEntries: org.apache.ratis.thirdparty.io.grpc.StatusRuntimeException: UNAVAILABLE: io exception
2019-10-09 13:14:07,108 [grpc-default-executor-35] INFO  impl.FollowerInfo (FollowerInfo.java:lambda$new$0(51)) - 869fbf5b-cbbd-43c6-9f26-156c5192e660@group-7276B70EB406->96acbf61-3ece-4d83-9836-a217fb58817a: nextIndex: updateUnconditionally 0 -> 0
2019-10-09 13:14:07,187 [grpc-default-executor-46] WARN  server.GrpcLogAppender (LogUtils.java:warn(134)) - 162534dc-93d9-4206-ab1e-9268955c7aca@group-227D833B6095->96acbf61-3ece-4d83-9836-a217fb58817a-AppendLogResponseHandler: Failed appendEntries: org.apache.ratis.thirdparty.io.grpc.StatusRuntimeException: UNAVAILABLE: io exception
2019-10-09 13:14:07,191 [grpc-default-executor-46] INFO  impl.FollowerInfo (FollowerInfo.java:lambda$new$0(51)) - 162534dc-93d9-4206-ab1e-9268955c7aca@group-227D833B6095->96acbf61-3ece-4d83-9836-a217fb58817a: nextIndex: updateUnconditionally 0 -> 0
2019-10-09 13:14:07,578 [grpc-default-executor-35] WARN  server.GrpcLogAppender (LogUtils.java:warn(134)) - 869fbf5b-cbbd-43c6-9f26-156c5192e660@group-DC31737E2860->96acbf61-3ece-4d83-9836-a217fb58817a-AppendLogResponseHandler: Failed appendEntries: org.apache.ratis.thirdparty.io.grpc.StatusRuntimeException: UNAVAILABLE: io exception
2019-10-09 13:14:07,579 [grpc-default-executor-35] INFO  impl.FollowerInfo (FollowerInfo.java:lambda$new$0(51)) - 869fbf5b-cbbd-43c6-9f26-156c5192e660@group-DC31737E2860->96acbf61-3ece-4d83-9836-a217fb58817a: nextIndex: updateUnconditionally 0 -> 0
2019-10-09 13:14:07,696 [grpc-default-executor-46] WARN  server.GrpcLogAppender (LogUtils.java:warn(134)) - 869fbf5b-cbbd-43c6-9f26-156c5192e660@group-19F276FA9099->96acbf61-3ece-4d83-9836-a217fb58817a-AppendLogResponseHandler: Failed appendEntries: org.apache.ratis.thirdparty.io.grpc.StatusRuntimeException: UNAVAILABLE: io exception
2019-10-09 13:14:07,701 [grpc-default-executor-46] INFO  impl.FollowerInfo (FollowerInfo.java:lambda$new$0(51)) - 869fbf5b-cbbd-43c6-9f26-156c5192e660@group-19F276FA9099->96acbf61-3ece-4d83-9836-a217fb58817a: nextIndex: updateUnconditionally 0 -> 0
2019-10-09 13:14:08,542 [Thread-7295] INFO  impl.FollowerState (FollowerState.java:run(106)) - 2c69c56f-4b33-4231-936a-bbd24e83d692:group-14DF45B217B5 changes to CANDIDATE, lastRpcTime:9232, electionTimeout:5013ms
2019-10-09 13:14:08,543 [Thread-7295] INFO  impl.RoleInfo (RoleInfo.java:shutdownFollowerState(121)) - 2c69c56f-4b33-4231-936a-bbd24e83d692: shutdown FollowerState
2019-10-09 13:14:08,543 [Thread-7295] INFO  impl.RaftServerImpl (RaftServerImpl.java:setRole(174)) - 2c69c56f-4b33-4231-936a-bbd24e83d692@group-14DF45B217B5: changes role from  FOLLOWER to CANDIDATE at term 1 for changeToCandidate
2019-10-09 13:14:08,543 [Thread-7295] INFO  impl.RoleInfo (RoleInfo.java:updateAndGet(143)) - 2c69c56f-4b33-4231-936a-bbd24e83d692: start LeaderElection
2019-10-09 13:14:08,544 [2c69c56f-4b33-4231-936a-bbd24e83d692@group-14DF45B217B5:LeaderElection231] INFO  impl.RaftServerImpl (ServerState.java:setLeader(253)) - 2c69c56f-4b33-4231-936a-bbd24e83d692@group-14DF45B217B5: change Leader from 96acbf61-3ece-4d83-9836-a217fb58817a to null at term 1 for initElection
2019-10-09 13:14:08,558 [2c69c56f-4b33-4231-936a-bbd24e83d692@group-14DF45B217B5:LeaderElection231] INFO  impl.LeaderElection (LeaderElection.java:askForVotes(182)) - 2c69c56f-4b33-4231-936a-bbd24e83d692@group-14DF45B217B5:LeaderElection231: begin an election at term 2 for 0: [2c69c56f-4b33-4231-936a-bbd24e83d692:192.168.5.175:45661, 96acbf61-3ece-4d83-9836-a217fb58817a:192.168.5.175:35650, 7706a157-1a1c-49fa-abc2-2cf2041a84a7:192.168.5.175:40917], old=null
2019-10-09 13:14:08,560 [2c69c56f-4b33-4231-936a-bbd24e83d692@group-14DF45B217B5:LeaderElection231] INFO  impl.LeaderElection (LogUtils.java:infoOrTrace(149)) - 2c69c56f-4b33-4231-936a-bbd24e83d692@group-14DF45B217B5:LeaderElection231 got exception when requesting votes: {}
java.util.concurrent.ExecutionException: org.apache.ratis.thirdparty.io.grpc.StatusRuntimeException: UNAVAILABLE: io exception
	at java.util.concurrent.FutureTask.report(FutureTask.java:122)
	at java.util.concurrent.FutureTask.get(FutureTask.java:192)
	at org.apache.ratis.server.impl.LeaderElection.waitForResults(LeaderElection.java:263)
	at org.apache.ratis.server.impl.LeaderElection.askForVotes(LeaderElection.java:201)
	at org.apache.ratis.server.impl.LeaderElection.run(LeaderElection.java:133)
	at java.lang.Thread.run(Thread.java:748)
Caused by: org.apache.ratis.thirdparty.io.grpc.StatusRuntimeException: UNAVAILABLE: io exception
	at org.apache.ratis.thirdparty.io.grpc.stub.ClientCalls.toStatusRuntimeException(ClientCalls.java:233)
	at org.apache.ratis.thirdparty.io.grpc.stub.ClientCalls.getUnchecked(ClientCalls.java:214)
	at org.apache.ratis.thirdparty.io.grpc.stub.ClientCalls.blockingUnaryCall(ClientCalls.java:139)
	at org.apache.ratis.proto.grpc.RaftServerProtocolServiceGrpc$RaftServerProtocolServiceBlockingStub.requestVote(RaftServerProtocolServiceGrpc.java:265)
	at org.apache.ratis.grpc.server.GrpcServerProtocolClient.requestVote(GrpcServerProtocolClient.java:90)
	at org.apache.ratis.grpc.server.GrpcService.requestVote(GrpcService.java:204)
	at org.apache.ratis.server.impl.LeaderElection.lambda$submitRequests$1(LeaderElection.java:238)
	at java.util.concurrent.FutureTask.run(FutureTask.java:266)
	at java.util.concurrent.Executors$RunnableAdapter.call(Executors.java:511)
	at java.util.concurrent.FutureTask.run(FutureTask.java:266)
	at java.util.concurrent.ThreadPoolExecutor.runWorker(ThreadPoolExecutor.java:1149)
	at java.util.concurrent.ThreadPoolExecutor$Worker.run(ThreadPoolExecutor.java:624)
	... 1 more
Caused by: org.apache.ratis.thirdparty.io.netty.channel.AbstractChannel$AnnotatedConnectException: Connection refused: /192.168.5.175:35650
	at sun.nio.ch.SocketChannelImpl.checkConnect(Native Method)
	at sun.nio.ch.SocketChannelImpl.finishConnect(SocketChannelImpl.java:717)
	at org.apache.ratis.thirdparty.io.netty.channel.socket.nio.NioSocketChannel.doFinishConnect(NioSocketChannel.java:327)
	at org.apache.ratis.thirdparty.io.netty.channel.nio.AbstractNioChannel$AbstractNioUnsafe.finishConnect(AbstractNioChannel.java:340)
	at org.apache.ratis.thirdparty.io.netty.channel.nio.NioEventLoop.processSelectedKey(NioEventLoop.java:632)
	at org.apache.ratis.thirdparty.io.netty.channel.nio.NioEventLoop.processSelectedKeysOptimized(NioEventLoop.java:579)
	at org.apache.ratis.thirdparty.io.netty.channel.nio.NioEventLoop.processSelectedKeys(NioEventLoop.java:496)
	at org.apache.ratis.thirdparty.io.netty.channel.nio.NioEventLoop.run(NioEventLoop.java:458)
	at org.apache.ratis.thirdparty.io.netty.util.concurrent.SingleThreadEventExecutor$5.run(SingleThreadEventExecutor.java:897)
	at org.apache.ratis.thirdparty.io.netty.util.concurrent.FastThreadLocalRunnable.run(FastThreadLocalRunnable.java:30)
	... 1 more
Caused by: java.net.ConnectException: Connection refused
	... 11 more
2019-10-09 13:14:08,562 [grpc-default-executor-46] INFO  impl.RaftServerImpl (ServerState.java:setLeader(253)) - 7706a157-1a1c-49fa-abc2-2cf2041a84a7@group-14DF45B217B5: change Leader from 96acbf61-3ece-4d83-9836-a217fb58817a to null at term 2 for updateCurrentTerm
2019-10-09 13:14:08,562 [grpc-default-executor-46] INFO  impl.RaftServerImpl (RaftServerImpl.java:setRole(174)) - 7706a157-1a1c-49fa-abc2-2cf2041a84a7@group-14DF45B217B5: changes role from  FOLLOWER to FOLLOWER at term 2 for recognizeCandidate:2c69c56f-4b33-4231-936a-bbd24e83d692
2019-10-09 13:14:08,562 [grpc-default-executor-46] INFO  impl.RoleInfo (RoleInfo.java:shutdownFollowerState(121)) - 7706a157-1a1c-49fa-abc2-2cf2041a84a7: shutdown FollowerState
2019-10-09 13:14:08,563 [grpc-default-executor-46] INFO  impl.RoleInfo (RoleInfo.java:updateAndGet(143)) - 7706a157-1a1c-49fa-abc2-2cf2041a84a7: start FollowerState
2019-10-09 13:14:08,563 [Thread-7296] INFO  impl.FollowerState (FollowerState.java:run(115)) - 7706a157-1a1c-49fa-abc2-2cf2041a84a7: FollowerState was interrupted: java.lang.InterruptedException: sleep interrupted
2019-10-09 13:14:08,577 [2c69c56f-4b33-4231-936a-bbd24e83d692@group-14DF45B217B5:LeaderElection231] INFO  impl.LeaderElection (LeaderElection.java:logAndReturn(56)) - 2c69c56f-4b33-4231-936a-bbd24e83d692@group-14DF45B217B5:LeaderElection231: Election PASSED; received 1 response(s) [2c69c56f-4b33-4231-936a-bbd24e83d692<-7706a157-1a1c-49fa-abc2-2cf2041a84a7#0:OK-t2] and 1 exception(s); 2c69c56f-4b33-4231-936a-bbd24e83d692@group-14DF45B217B5:t2, leader=null, voted=2c69c56f-4b33-4231-936a-bbd24e83d692, raftlog=2c69c56f-4b33-4231-936a-bbd24e83d692@group-14DF45B217B5-SegmentedRaftLog:OPENED:c0,f0,i0, conf=0: [2c69c56f-4b33-4231-936a-bbd24e83d692:192.168.5.175:45661, 96acbf61-3ece-4d83-9836-a217fb58817a:192.168.5.175:35650, 7706a157-1a1c-49fa-abc2-2cf2041a84a7:192.168.5.175:40917], old=null
2019-10-09 13:14:08,577 [2c69c56f-4b33-4231-936a-bbd24e83d692@group-14DF45B217B5:LeaderElection231] INFO  impl.LeaderElection (LogUtils.java:infoOrTrace(149)) -   Exception 0: {}
java.util.concurrent.ExecutionException: org.apache.ratis.thirdparty.io.grpc.StatusRuntimeException: UNAVAILABLE: io exception
	at java.util.concurrent.FutureTask.report(FutureTask.java:122)
	at java.util.concurrent.FutureTask.get(FutureTask.java:192)
	at org.apache.ratis.server.impl.LeaderElection.waitForResults(LeaderElection.java:263)
	at org.apache.ratis.server.impl.LeaderElection.askForVotes(LeaderElection.java:201)
	at org.apache.ratis.server.impl.LeaderElection.run(LeaderElection.java:133)
	at java.lang.Thread.run(Thread.java:748)
Caused by: org.apache.ratis.thirdparty.io.grpc.StatusRuntimeException: UNAVAILABLE: io exception
	at org.apache.ratis.thirdparty.io.grpc.stub.ClientCalls.toStatusRuntimeException(ClientCalls.java:233)
	at org.apache.ratis.thirdparty.io.grpc.stub.ClientCalls.getUnchecked(ClientCalls.java:214)
	at org.apache.ratis.thirdparty.io.grpc.stub.ClientCalls.blockingUnaryCall(ClientCalls.java:139)
	at org.apache.ratis.proto.grpc.RaftServerProtocolServiceGrpc$RaftServerProtocolServiceBlockingStub.requestVote(RaftServerProtocolServiceGrpc.java:265)
	at org.apache.ratis.grpc.server.GrpcServerProtocolClient.requestVote(GrpcServerProtocolClient.java:90)
	at org.apache.ratis.grpc.server.GrpcService.requestVote(GrpcService.java:204)
	at org.apache.ratis.server.impl.LeaderElection.lambda$submitRequests$1(LeaderElection.java:238)
	at java.util.concurrent.FutureTask.run(FutureTask.java:266)
	at java.util.concurrent.Executors$RunnableAdapter.call(Executors.java:511)
	at java.util.concurrent.FutureTask.run(FutureTask.java:266)
	at java.util.concurrent.ThreadPoolExecutor.runWorker(ThreadPoolExecutor.java:1149)
	at java.util.concurrent.ThreadPoolExecutor$Worker.run(ThreadPoolExecutor.java:624)
	... 1 more
Caused by: org.apache.ratis.thirdparty.io.netty.channel.AbstractChannel$AnnotatedConnectException: Connection refused: /192.168.5.175:35650
	at sun.nio.ch.SocketChannelImpl.checkConnect(Native Method)
	at sun.nio.ch.SocketChannelImpl.finishConnect(SocketChannelImpl.java:717)
	at org.apache.ratis.thirdparty.io.netty.channel.socket.nio.NioSocketChannel.doFinishConnect(NioSocketChannel.java:327)
	at org.apache.ratis.thirdparty.io.netty.channel.nio.AbstractNioChannel$AbstractNioUnsafe.finishConnect(AbstractNioChannel.java:340)
	at org.apache.ratis.thirdparty.io.netty.channel.nio.NioEventLoop.processSelectedKey(NioEventLoop.java:632)
	at org.apache.ratis.thirdparty.io.netty.channel.nio.NioEventLoop.processSelectedKeysOptimized(NioEventLoop.java:579)
	at org.apache.ratis.thirdparty.io.netty.channel.nio.NioEventLoop.processSelectedKeys(NioEventLoop.java:496)
	at org.apache.ratis.thirdparty.io.netty.channel.nio.NioEventLoop.run(NioEventLoop.java:458)
	at org.apache.ratis.thirdparty.io.netty.util.concurrent.SingleThreadEventExecutor$5.run(SingleThreadEventExecutor.java:897)
	at org.apache.ratis.thirdparty.io.netty.util.concurrent.FastThreadLocalRunnable.run(FastThreadLocalRunnable.java:30)
	... 1 more
Caused by: java.net.ConnectException: Connection refused
	... 11 more
2019-10-09 13:14:08,578 [2c69c56f-4b33-4231-936a-bbd24e83d692@group-14DF45B217B5:LeaderElection231] INFO  impl.RoleInfo (RoleInfo.java:shutdownLeaderElection(134)) - 2c69c56f-4b33-4231-936a-bbd24e83d692: shutdown LeaderElection
2019-10-09 13:14:08,578 [2c69c56f-4b33-4231-936a-bbd24e83d692@group-14DF45B217B5:LeaderElection231] INFO  impl.RaftServerImpl (RaftServerImpl.java:setRole(174)) - 2c69c56f-4b33-4231-936a-bbd24e83d692@group-14DF45B217B5: changes role from CANDIDATE to LEADER at term 2 for changeToLeader
2019-10-09 13:14:08,578 [2c69c56f-4b33-4231-936a-bbd24e83d692@group-14DF45B217B5:LeaderElection231] INFO  impl.RaftServerImpl (ServerState.java:setLeader(253)) - 2c69c56f-4b33-4231-936a-bbd24e83d692@group-14DF45B217B5: change Leader from null to 2c69c56f-4b33-4231-936a-bbd24e83d692 at term 2 for becomeLeader, leader elected after 34ms
2019-10-09 13:14:08,579 [2c69c56f-4b33-4231-936a-bbd24e83d692@group-14DF45B217B5:LeaderElection231] INFO  server.RaftServerConfigKeys (ConfUtils.java:logGet(43)) - raft.server.staging.catchup.gap = 1000 (default)
2019-10-09 13:14:08,579 [2c69c56f-4b33-4231-936a-bbd24e83d692@group-14DF45B217B5:LeaderElection231] INFO  server.RaftServerConfigKeys (ConfUtils.java:logGet(43)) - raft.server.rpc.sleep.time = 25ms (default)
2019-10-09 13:14:08,579 [2c69c56f-4b33-4231-936a-bbd24e83d692@group-14DF45B217B5:LeaderElection231] INFO  server.RaftServerConfigKeys (ConfUtils.java:logGet(43)) - raft.server.write.element-limit = 4096 (default)
2019-10-09 13:14:08,580 [2c69c56f-4b33-4231-936a-bbd24e83d692@group-14DF45B217B5:LeaderElection231] INFO  server.RaftServerConfigKeys (ConfUtils.java:logGet(43)) - raft.server.watch.timeout = 10s (default)
2019-10-09 13:14:08,580 [2c69c56f-4b33-4231-936a-bbd24e83d692@group-14DF45B217B5:LeaderElection231] INFO  server.RaftServerConfigKeys (ConfUtils.java:logGet(43)) - raft.server.watch.timeout.denomination = 1s (default)
2019-10-09 13:14:08,580 [2c69c56f-4b33-4231-936a-bbd24e83d692@group-14DF45B217B5:LeaderElection231] INFO  server.RaftServerConfigKeys (ConfUtils.java:logGet(43)) - raft.server.watch.element-limit = 65536 (default)
2019-10-09 13:14:08,585 [2c69c56f-4b33-4231-936a-bbd24e83d692@group-14DF45B217B5:LeaderElection231] INFO  server.RaftServerConfigKeys (ConfUtils.java:logGet(43)) - raft.server.log.appender.snapshot.chunk.size.max = 16MB (=16777216) (default)
2019-10-09 13:14:08,585 [2c69c56f-4b33-4231-936a-bbd24e83d692@group-14DF45B217B5:LeaderElection231] INFO  server.RaftServerConfigKeys (ConfUtils.java:logGet(43)) - raft.server.log.appender.buffer.byte-limit = 33554432 (custom)
2019-10-09 13:14:08,585 [2c69c56f-4b33-4231-936a-bbd24e83d692@group-14DF45B217B5:LeaderElection231] INFO  server.RaftServerConfigKeys (ConfUtils.java:logGet(43)) - raft.server.log.appender.buffer.element-limit = 1 (custom)
2019-10-09 13:14:08,586 [2c69c56f-4b33-4231-936a-bbd24e83d692@group-14DF45B217B5:LeaderElection231] INFO  grpc.GrpcConfigKeys$Server (ConfUtils.java:logGet(43)) - raft.grpc.server.leader.outstanding.appends.max = 128 (default)
2019-10-09 13:14:08,586 [2c69c56f-4b33-4231-936a-bbd24e83d692@group-14DF45B217B5:LeaderElection231] INFO  server.RaftServerConfigKeys (ConfUtils.java:logGet(43)) - raft.server.rpc.request.timeout = 3000ms (default)
2019-10-09 13:14:08,586 [2c69c56f-4b33-4231-936a-bbd24e83d692@group-14DF45B217B5:LeaderElection231] INFO  server.RaftServerConfigKeys (ConfUtils.java:logGet(43)) - raft.server.log.appender.install.snapshot.enabled = false (custom)
2019-10-09 13:14:08,587 [2c69c56f-4b33-4231-936a-bbd24e83d692@group-14DF45B217B5:LeaderElection231] INFO  server.RaftServerConfigKeys (ConfUtils.java:logGet(43)) - raft.server.log.appender.snapshot.chunk.size.max = 16MB (=16777216) (default)
2019-10-09 13:14:08,587 [2c69c56f-4b33-4231-936a-bbd24e83d692@group-14DF45B217B5:LeaderElection231] INFO  server.RaftServerConfigKeys (ConfUtils.java:logGet(43)) - raft.server.log.appender.buffer.byte-limit = 33554432 (custom)
2019-10-09 13:14:08,587 [2c69c56f-4b33-4231-936a-bbd24e83d692@group-14DF45B217B5:LeaderElection231] INFO  server.RaftServerConfigKeys (ConfUtils.java:logGet(43)) - raft.server.log.appender.buffer.element-limit = 1 (custom)
2019-10-09 13:14:08,588 [2c69c56f-4b33-4231-936a-bbd24e83d692@group-14DF45B217B5:LeaderElection231] INFO  grpc.GrpcConfigKeys$Server (ConfUtils.java:logGet(43)) - raft.grpc.server.leader.outstanding.appends.max = 128 (default)
2019-10-09 13:14:08,588 [2c69c56f-4b33-4231-936a-bbd24e83d692@group-14DF45B217B5:LeaderElection231] INFO  server.RaftServerConfigKeys (ConfUtils.java:logGet(43)) - raft.server.rpc.request.timeout = 3000ms (default)
2019-10-09 13:14:08,588 [2c69c56f-4b33-4231-936a-bbd24e83d692@group-14DF45B217B5:LeaderElection231] INFO  server.RaftServerConfigKeys (ConfUtils.java:logGet(43)) - raft.server.log.appender.install.snapshot.enabled = false (custom)
2019-10-09 13:14:08,588 [2c69c56f-4b33-4231-936a-bbd24e83d692@group-14DF45B217B5:LeaderElection231] INFO  impl.RoleInfo (RoleInfo.java:updateAndGet(143)) - 2c69c56f-4b33-4231-936a-bbd24e83d692: start LeaderState
2019-10-09 13:14:08,589 [2c69c56f-4b33-4231-936a-bbd24e83d692@group-14DF45B217B5:LeaderElection231] INFO  segmented.SegmentedRaftLogWorker (SegmentedRaftLogWorker.java:rollLogSegment(385)) - 2c69c56f-4b33-4231-936a-bbd24e83d692@group-14DF45B217B5-SegmentedRaftLogWorker: Rolling segment log-0_0 to index:0
2019-10-09 13:14:08,591 [2c69c56f-4b33-4231-936a-bbd24e83d692@group-14DF45B217B5:LeaderElection231] INFO  impl.RaftServerImpl (ServerState.java:setRaftConf(354)) - 2c69c56f-4b33-4231-936a-bbd24e83d692@group-14DF45B217B5: set configuration 1: [2c69c56f-4b33-4231-936a-bbd24e83d692:192.168.5.175:45661, 96acbf61-3ece-4d83-9836-a217fb58817a:192.168.5.175:35650, 7706a157-1a1c-49fa-abc2-2cf2041a84a7:192.168.5.175:40917], old=null at 1
2019-10-09 13:14:08,591 [grpc-default-executor-46] WARN  server.GrpcLogAppender (LogUtils.java:warn(134)) - 2c69c56f-4b33-4231-936a-bbd24e83d692@group-14DF45B217B5->96acbf61-3ece-4d83-9836-a217fb58817a-AppendLogResponseHandler: Failed appendEntries: org.apache.ratis.thirdparty.io.grpc.StatusRuntimeException: UNAVAILABLE: io exception
2019-10-09 13:14:08,591 [grpc-default-executor-37] INFO  impl.RaftServerImpl (ServerState.java:setLeader(253)) - 7706a157-1a1c-49fa-abc2-2cf2041a84a7@group-14DF45B217B5: change Leader from null to 2c69c56f-4b33-4231-936a-bbd24e83d692 at term 2 for appendEntries, leader elected after 29ms
2019-10-09 13:14:08,591 [2c69c56f-4b33-4231-936a-bbd24e83d692@group-14DF45B217B5-SegmentedRaftLogWorker] INFO  segmented.SegmentedRaftLogWorker (SegmentedRaftLogWorker.java:execute(526)) - 2c69c56f-4b33-4231-936a-bbd24e83d692@group-14DF45B217B5-SegmentedRaftLogWorker: Rolled log segment from /workdir/hadoop-ozone/integration-test/target/test-dir/MiniOzoneClusterImpl-77992fd3-8e8a-426b-8566-445f44124f00/datanode-0/data/ratis/9d00c015-ba4d-43f8-91ec-14df45b217b5/current/log_inprogress_0 to /workdir/hadoop-ozone/integration-test/target/test-dir/MiniOzoneClusterImpl-77992fd3-8e8a-426b-8566-445f44124f00/datanode-0/data/ratis/9d00c015-ba4d-43f8-91ec-14df45b217b5/current/log_0-0
2019-10-09 13:14:08,592 [grpc-default-executor-46] INFO  impl.FollowerInfo (FollowerInfo.java:lambda$new$0(51)) - 2c69c56f-4b33-4231-936a-bbd24e83d692@group-14DF45B217B5->96acbf61-3ece-4d83-9836-a217fb58817a: nextIndex: updateUnconditionally 1 -> 0
2019-10-09 13:14:08,593 [grpc-default-executor-46] INFO  impl.RaftServerImpl (ServerState.java:setRaftConf(354)) - 7706a157-1a1c-49fa-abc2-2cf2041a84a7@group-14DF45B217B5: set configuration 1: [2c69c56f-4b33-4231-936a-bbd24e83d692:192.168.5.175:45661, 96acbf61-3ece-4d83-9836-a217fb58817a:192.168.5.175:35650, 7706a157-1a1c-49fa-abc2-2cf2041a84a7:192.168.5.175:40917], old=null at 1
2019-10-09 13:14:08,593 [grpc-default-executor-46] INFO  segmented.SegmentedRaftLogWorker (SegmentedRaftLogWorker.java:rollLogSegment(385)) - 7706a157-1a1c-49fa-abc2-2cf2041a84a7@group-14DF45B217B5-SegmentedRaftLogWorker: Rolling segment log-0_0 to index:0
2019-10-09 13:14:08,594 [7706a157-1a1c-49fa-abc2-2cf2041a84a7@group-14DF45B217B5-SegmentedRaftLogWorker] INFO  segmented.SegmentedRaftLogWorker (SegmentedRaftLogWorker.java:execute(526)) - 7706a157-1a1c-49fa-abc2-2cf2041a84a7@group-14DF45B217B5-SegmentedRaftLogWorker: Rolled log segment from /workdir/hadoop-ozone/integration-test/target/test-dir/MiniOzoneClusterImpl-77992fd3-8e8a-426b-8566-445f44124f00/datanode-2/data/ratis/9d00c015-ba4d-43f8-91ec-14df45b217b5/current/log_inprogress_0 to /workdir/hadoop-ozone/integration-test/target/test-dir/MiniOzoneClusterImpl-77992fd3-8e8a-426b-8566-445f44124f00/datanode-2/data/ratis/9d00c015-ba4d-43f8-91ec-14df45b217b5/current/log_0-0
2019-10-09 13:14:08,632 [2c69c56f-4b33-4231-936a-bbd24e83d692@group-14DF45B217B5-SegmentedRaftLogWorker] INFO  segmented.SegmentedRaftLogWorker (SegmentedRaftLogWorker.java:execute(569)) - 2c69c56f-4b33-4231-936a-bbd24e83d692@group-14DF45B217B5-SegmentedRaftLogWorker: created new log segment /workdir/hadoop-ozone/integration-test/target/test-dir/MiniOzoneClusterImpl-77992fd3-8e8a-426b-8566-445f44124f00/datanode-0/data/ratis/9d00c015-ba4d-43f8-91ec-14df45b217b5/current/log_inprogress_1
2019-10-09 13:14:08,632 [7706a157-1a1c-49fa-abc2-2cf2041a84a7@group-14DF45B217B5-SegmentedRaftLogWorker] INFO  segmented.SegmentedRaftLogWorker (SegmentedRaftLogWorker.java:execute(569)) - 7706a157-1a1c-49fa-abc2-2cf2041a84a7@group-14DF45B217B5-SegmentedRaftLogWorker: created new log segment /workdir/hadoop-ozone/integration-test/target/test-dir/MiniOzoneClusterImpl-77992fd3-8e8a-426b-8566-445f44124f00/datanode-2/data/ratis/9d00c015-ba4d-43f8-91ec-14df45b217b5/current/log_inprogress_1
2019-10-09 13:14:08,647 [grpc-default-executor-35] WARN  server.GrpcLogAppender (LogUtils.java:warn(134)) - 2c69c56f-4b33-4231-936a-bbd24e83d692@group-14DF45B217B5->96acbf61-3ece-4d83-9836-a217fb58817a-AppendLogResponseHandler: Failed appendEntries: org.apache.ratis.thirdparty.io.grpc.StatusRuntimeException: UNAVAILABLE: io exception
2019-10-09 13:14:08,647 [grpc-default-executor-35] INFO  impl.FollowerInfo (FollowerInfo.java:lambda$new$0(51)) - 2c69c56f-4b33-4231-936a-bbd24e83d692@group-14DF45B217B5->96acbf61-3ece-4d83-9836-a217fb58817a: nextIndex: updateUnconditionally 1 -> 0
2019-10-09 13:14:08,678 [grpc-default-executor-46] WARN  server.GrpcLogAppender (LogUtils.java:warn(134)) - 2c69c56f-4b33-4231-936a-bbd24e83d692@group-14DF45B217B5->96acbf61-3ece-4d83-9836-a217fb58817a-AppendLogResponseHandler: Failed appendEntries: org.apache.ratis.thirdparty.io.grpc.StatusRuntimeException: UNAVAILABLE: io exception
2019-10-09 13:14:08,679 [grpc-default-executor-46] INFO  impl.FollowerInfo (FollowerInfo.java:lambda$new$0(51)) - 2c69c56f-4b33-4231-936a-bbd24e83d692@group-14DF45B217B5->96acbf61-3ece-4d83-9836-a217fb58817a: nextIndex: updateUnconditionally 1 -> 0
2019-10-09 13:14:08,822 [Thread-7303] INFO  impl.FollowerState (FollowerState.java:run(106)) - 7706a157-1a1c-49fa-abc2-2cf2041a84a7:group-52AD3AA08ADE changes to CANDIDATE, lastRpcTime:9088, electionTimeout:5161ms
2019-10-09 13:14:08,822 [Thread-7303] INFO  impl.RoleInfo (RoleInfo.java:shutdownFollowerState(121)) - 7706a157-1a1c-49fa-abc2-2cf2041a84a7: shutdown FollowerState
2019-10-09 13:14:08,822 [Thread-7303] INFO  impl.RaftServerImpl (RaftServerImpl.java:setRole(174)) - 7706a157-1a1c-49fa-abc2-2cf2041a84a7@group-52AD3AA08ADE: changes role from  FOLLOWER to CANDIDATE at term 1 for changeToCandidate
2019-10-09 13:14:08,823 [Thread-7303] INFO  impl.RoleInfo (RoleInfo.java:updateAndGet(143)) - 7706a157-1a1c-49fa-abc2-2cf2041a84a7: start LeaderElection
2019-10-09 13:14:08,823 [7706a157-1a1c-49fa-abc2-2cf2041a84a7@group-52AD3AA08ADE:LeaderElection232] INFO  impl.RaftServerImpl (ServerState.java:setLeader(253)) - 7706a157-1a1c-49fa-abc2-2cf2041a84a7@group-52AD3AA08ADE: change Leader from 96acbf61-3ece-4d83-9836-a217fb58817a to null at term 1 for initElection
2019-10-09 13:14:08,837 [7706a157-1a1c-49fa-abc2-2cf2041a84a7@group-52AD3AA08ADE:LeaderElection232] INFO  impl.LeaderElection (LeaderElection.java:askForVotes(182)) - 7706a157-1a1c-49fa-abc2-2cf2041a84a7@group-52AD3AA08ADE:LeaderElection232: begin an election at term 2 for 0: [96acbf61-3ece-4d83-9836-a217fb58817a:192.168.5.175:35650, 869fbf5b-cbbd-43c6-9f26-156c5192e660:192.168.5.175:43498, 7706a157-1a1c-49fa-abc2-2cf2041a84a7:192.168.5.175:40917], old=null
2019-10-09 13:14:08,839 [7706a157-1a1c-49fa-abc2-2cf2041a84a7@group-52AD3AA08ADE:LeaderElection232] INFO  impl.LeaderElection (LogUtils.java:infoOrTrace(149)) - 7706a157-1a1c-49fa-abc2-2cf2041a84a7@group-52AD3AA08ADE:LeaderElection232 got exception when requesting votes: {}
java.util.concurrent.ExecutionException: org.apache.ratis.thirdparty.io.grpc.StatusRuntimeException: UNAVAILABLE: io exception
	at java.util.concurrent.FutureTask.report(FutureTask.java:122)
	at java.util.concurrent.FutureTask.get(FutureTask.java:192)
	at org.apache.ratis.server.impl.LeaderElection.waitForResults(LeaderElection.java:263)
	at org.apache.ratis.server.impl.LeaderElection.askForVotes(LeaderElection.java:201)
	at org.apache.ratis.server.impl.LeaderElection.run(LeaderElection.java:133)
	at java.lang.Thread.run(Thread.java:748)
Caused by: org.apache.ratis.thirdparty.io.grpc.StatusRuntimeException: UNAVAILABLE: io exception
	at org.apache.ratis.thirdparty.io.grpc.stub.ClientCalls.toStatusRuntimeException(ClientCalls.java:233)
	at org.apache.ratis.thirdparty.io.grpc.stub.ClientCalls.getUnchecked(ClientCalls.java:214)
	at org.apache.ratis.thirdparty.io.grpc.stub.ClientCalls.blockingUnaryCall(ClientCalls.java:139)
	at org.apache.ratis.proto.grpc.RaftServerProtocolServiceGrpc$RaftServerProtocolServiceBlockingStub.requestVote(RaftServerProtocolServiceGrpc.java:265)
	at org.apache.ratis.grpc.server.GrpcServerProtocolClient.requestVote(GrpcServerProtocolClient.java:90)
	at org.apache.ratis.grpc.server.GrpcService.requestVote(GrpcService.java:204)
	at org.apache.ratis.server.impl.LeaderElection.lambda$submitRequests$1(LeaderElection.java:238)
	at java.util.concurrent.FutureTask.run(FutureTask.java:266)
	at java.util.concurrent.Executors$RunnableAdapter.call(Executors.java:511)
	at java.util.concurrent.FutureTask.run(FutureTask.java:266)
	at java.util.concurrent.ThreadPoolExecutor.runWorker(ThreadPoolExecutor.java:1149)
	at java.util.concurrent.ThreadPoolExecutor$Worker.run(ThreadPoolExecutor.java:624)
	... 1 more
Caused by: org.apache.ratis.thirdparty.io.netty.channel.AbstractChannel$AnnotatedConnectException: Connection refused: /192.168.5.175:35650
	at sun.nio.ch.SocketChannelImpl.checkConnect(Native Method)
	at sun.nio.ch.SocketChannelImpl.finishConnect(SocketChannelImpl.java:717)
	at org.apache.ratis.thirdparty.io.netty.channel.socket.nio.NioSocketChannel.doFinishConnect(NioSocketChannel.java:327)
	at org.apache.ratis.thirdparty.io.netty.channel.nio.AbstractNioChannel$AbstractNioUnsafe.finishConnect(AbstractNioChannel.java:340)
	at org.apache.ratis.thirdparty.io.netty.channel.nio.NioEventLoop.processSelectedKey(NioEventLoop.java:632)
	at org.apache.ratis.thirdparty.io.netty.channel.nio.NioEventLoop.processSelectedKeysOptimized(NioEventLoop.java:579)
	at org.apache.ratis.thirdparty.io.netty.channel.nio.NioEventLoop.processSelectedKeys(NioEventLoop.java:496)
	at org.apache.ratis.thirdparty.io.netty.channel.nio.NioEventLoop.run(NioEventLoop.java:458)
	at org.apache.ratis.thirdparty.io.netty.util.concurrent.SingleThreadEventExecutor$5.run(SingleThreadEventExecutor.java:897)
	at org.apache.ratis.thirdparty.io.netty.util.concurrent.FastThreadLocalRunnable.run(FastThreadLocalRunnable.java:30)
	... 1 more
Caused by: java.net.ConnectException: Connection refused
	... 11 more
2019-10-09 13:14:08,840 [grpc-default-executor-35] INFO  impl.RaftServerImpl (ServerState.java:setLeader(253)) - 869fbf5b-cbbd-43c6-9f26-156c5192e660@group-52AD3AA08ADE: change Leader from 96acbf61-3ece-4d83-9836-a217fb58817a to null at term 2 for updateCurrentTerm
2019-10-09 13:14:08,840 [grpc-default-executor-35] INFO  impl.RaftServerImpl (RaftServerImpl.java:setRole(174)) - 869fbf5b-cbbd-43c6-9f26-156c5192e660@group-52AD3AA08ADE: changes role from  FOLLOWER to FOLLOWER at term 2 for recognizeCandidate:7706a157-1a1c-49fa-abc2-2cf2041a84a7
2019-10-09 13:14:08,840 [grpc-default-executor-35] INFO  impl.RoleInfo (RoleInfo.java:shutdownFollowerState(121)) - 869fbf5b-cbbd-43c6-9f26-156c5192e660: shutdown FollowerState
2019-10-09 13:14:08,841 [grpc-default-executor-35] INFO  impl.RoleInfo (RoleInfo.java:updateAndGet(143)) - 869fbf5b-cbbd-43c6-9f26-156c5192e660: start FollowerState
2019-10-09 13:14:08,841 [Thread-7304] INFO  impl.FollowerState (FollowerState.java:run(115)) - 869fbf5b-cbbd-43c6-9f26-156c5192e660: FollowerState was interrupted: java.lang.InterruptedException: sleep interrupted
2019-10-09 13:14:08,854 [7706a157-1a1c-49fa-abc2-2cf2041a84a7@group-52AD3AA08ADE:LeaderElection232] INFO  impl.LeaderElection (LeaderElection.java:logAndReturn(56)) - 7706a157-1a1c-49fa-abc2-2cf2041a84a7@group-52AD3AA08ADE:LeaderElection232: Election PASSED; received 1 response(s) [7706a157-1a1c-49fa-abc2-2cf2041a84a7<-869fbf5b-cbbd-43c6-9f26-156c5192e660#0:OK-t2] and 1 exception(s); 7706a157-1a1c-49fa-abc2-2cf2041a84a7@group-52AD3AA08ADE:t2, leader=null, voted=7706a157-1a1c-49fa-abc2-2cf2041a84a7, raftlog=7706a157-1a1c-49fa-abc2-2cf2041a84a7@group-52AD3AA08ADE-SegmentedRaftLog:OPENED:c0,f0,i0, conf=0: [96acbf61-3ece-4d83-9836-a217fb58817a:192.168.5.175:35650, 869fbf5b-cbbd-43c6-9f26-156c5192e660:192.168.5.175:43498, 7706a157-1a1c-49fa-abc2-2cf2041a84a7:192.168.5.175:40917], old=null
2019-10-09 13:14:08,854 [7706a157-1a1c-49fa-abc2-2cf2041a84a7@group-52AD3AA08ADE:LeaderElection232] INFO  impl.LeaderElection (LogUtils.java:infoOrTrace(149)) -   Exception 0: {}
java.util.concurrent.ExecutionException: org.apache.ratis.thirdparty.io.grpc.StatusRuntimeException: UNAVAILABLE: io exception
	at java.util.concurrent.FutureTask.report(FutureTask.java:122)
	at java.util.concurrent.FutureTask.get(FutureTask.java:192)
	at org.apache.ratis.server.impl.LeaderElection.waitForResults(LeaderElection.java:263)
	at org.apache.ratis.server.impl.LeaderElection.askForVotes(LeaderElection.java:201)
	at org.apache.ratis.server.impl.LeaderElection.run(LeaderElection.java:133)
	at java.lang.Thread.run(Thread.java:748)
Caused by: org.apache.ratis.thirdparty.io.grpc.StatusRuntimeException: UNAVAILABLE: io exception
	at org.apache.ratis.thirdparty.io.grpc.stub.ClientCalls.toStatusRuntimeException(ClientCalls.java:233)
	at org.apache.ratis.thirdparty.io.grpc.stub.ClientCalls.getUnchecked(ClientCalls.java:214)
	at org.apache.ratis.thirdparty.io.grpc.stub.ClientCalls.blockingUnaryCall(ClientCalls.java:139)
	at org.apache.ratis.proto.grpc.RaftServerProtocolServiceGrpc$RaftServerProtocolServiceBlockingStub.requestVote(RaftServerProtocolServiceGrpc.java:265)
	at org.apache.ratis.grpc.server.GrpcServerProtocolClient.requestVote(GrpcServerProtocolClient.java:90)
	at org.apache.ratis.grpc.server.GrpcService.requestVote(GrpcService.java:204)
	at org.apache.ratis.server.impl.LeaderElection.lambda$submitRequests$1(LeaderElection.java:238)
	at java.util.concurrent.FutureTask.run(FutureTask.java:266)
	at java.util.concurrent.Executors$RunnableAdapter.call(Executors.java:511)
	at java.util.concurrent.FutureTask.run(FutureTask.java:266)
	at java.util.concurrent.ThreadPoolExecutor.runWorker(ThreadPoolExecutor.java:1149)
	at java.util.concurrent.ThreadPoolExecutor$Worker.run(ThreadPoolExecutor.java:624)
	... 1 more
Caused by: org.apache.ratis.thirdparty.io.netty.channel.AbstractChannel$AnnotatedConnectException: Connection refused: /192.168.5.175:35650
	at sun.nio.ch.SocketChannelImpl.checkConnect(Native Method)
	at sun.nio.ch.SocketChannelImpl.finishConnect(SocketChannelImpl.java:717)
	at org.apache.ratis.thirdparty.io.netty.channel.socket.nio.NioSocketChannel.doFinishConnect(NioSocketChannel.java:327)
	at org.apache.ratis.thirdparty.io.netty.channel.nio.AbstractNioChannel$AbstractNioUnsafe.finishConnect(AbstractNioChannel.java:340)
	at org.apache.ratis.thirdparty.io.netty.channel.nio.NioEventLoop.processSelectedKey(NioEventLoop.java:632)
	at org.apache.ratis.thirdparty.io.netty.channel.nio.NioEventLoop.processSelectedKeysOptimized(NioEventLoop.java:579)
	at org.apache.ratis.thirdparty.io.netty.channel.nio.NioEventLoop.processSelectedKeys(NioEventLoop.java:496)
	at org.apache.ratis.thirdparty.io.netty.channel.nio.NioEventLoop.run(NioEventLoop.java:458)
	at org.apache.ratis.thirdparty.io.netty.util.concurrent.SingleThreadEventExecutor$5.run(SingleThreadEventExecutor.java:897)
	at org.apache.ratis.thirdparty.io.netty.util.concurrent.FastThreadLocalRunnable.run(FastThreadLocalRunnable.java:30)
	... 1 more
Caused by: java.net.ConnectException: Connection refused
	... 11 more
2019-10-09 13:14:08,855 [7706a157-1a1c-49fa-abc2-2cf2041a84a7@group-52AD3AA08ADE:LeaderElection232] INFO  impl.RoleInfo (RoleInfo.java:shutdownLeaderElection(134)) - 7706a157-1a1c-49fa-abc2-2cf2041a84a7: shutdown LeaderElection
2019-10-09 13:14:08,855 [7706a157-1a1c-49fa-abc2-2cf2041a84a7@group-52AD3AA08ADE:LeaderElection232] INFO  impl.RaftServerImpl (RaftServerImpl.java:setRole(174)) - 7706a157-1a1c-49fa-abc2-2cf2041a84a7@group-52AD3AA08ADE: changes role from CANDIDATE to LEADER at term 2 for changeToLeader
2019-10-09 13:14:08,855 [7706a157-1a1c-49fa-abc2-2cf2041a84a7@group-52AD3AA08ADE:LeaderElection232] INFO  impl.RaftServerImpl (ServerState.java:setLeader(253)) - 7706a157-1a1c-49fa-abc2-2cf2041a84a7@group-52AD3AA08ADE: change Leader from null to 7706a157-1a1c-49fa-abc2-2cf2041a84a7 at term 2 for becomeLeader, leader elected after 31ms
2019-10-09 13:14:08,855 [7706a157-1a1c-49fa-abc2-2cf2041a84a7@group-52AD3AA08ADE:LeaderElection232] INFO  server.RaftServerConfigKeys (ConfUtils.java:logGet(43)) - raft.server.staging.catchup.gap = 1000 (default)
2019-10-09 13:14:08,855 [7706a157-1a1c-49fa-abc2-2cf2041a84a7@group-52AD3AA08ADE:LeaderElection232] INFO  server.RaftServerConfigKeys (ConfUtils.java:logGet(43)) - raft.server.rpc.sleep.time = 25ms (default)
2019-10-09 13:14:08,855 [7706a157-1a1c-49fa-abc2-2cf2041a84a7@group-52AD3AA08ADE:LeaderElection232] INFO  server.RaftServerConfigKeys (ConfUtils.java:logGet(43)) - raft.server.write.element-limit = 4096 (default)
2019-10-09 13:14:08,855 [7706a157-1a1c-49fa-abc2-2cf2041a84a7@group-52AD3AA08ADE:LeaderElection232] INFO  server.RaftServerConfigKeys (ConfUtils.java:logGet(43)) - raft.server.watch.timeout = 10s (default)
2019-10-09 13:14:08,856 [7706a157-1a1c-49fa-abc2-2cf2041a84a7@group-52AD3AA08ADE:LeaderElection232] INFO  server.RaftServerConfigKeys (ConfUtils.java:logGet(43)) - raft.server.watch.timeout.denomination = 1s (default)
2019-10-09 13:14:08,856 [7706a157-1a1c-49fa-abc2-2cf2041a84a7@group-52AD3AA08ADE:LeaderElection232] INFO  server.RaftServerConfigKeys (ConfUtils.java:logGet(43)) - raft.server.watch.element-limit = 65536 (default)
2019-10-09 13:14:08,857 [7706a157-1a1c-49fa-abc2-2cf2041a84a7@group-52AD3AA08ADE:LeaderElection232] INFO  server.RaftServerConfigKeys (ConfUtils.java:logGet(43)) - raft.server.log.appender.snapshot.chunk.size.max = 16MB (=16777216) (default)
2019-10-09 13:14:08,857 [7706a157-1a1c-49fa-abc2-2cf2041a84a7@group-52AD3AA08ADE:LeaderElection232] INFO  server.RaftServerConfigKeys (ConfUtils.java:logGet(43)) - raft.server.log.appender.buffer.byte-limit = 33554432 (custom)
2019-10-09 13:14:08,857 [7706a157-1a1c-49fa-abc2-2cf2041a84a7@group-52AD3AA08ADE:LeaderElection232] INFO  server.RaftServerConfigKeys (ConfUtils.java:logGet(43)) - raft.server.log.appender.buffer.element-limit = 1 (custom)
2019-10-09 13:14:08,857 [7706a157-1a1c-49fa-abc2-2cf2041a84a7@group-52AD3AA08ADE:LeaderElection232] INFO  grpc.GrpcConfigKeys$Server (ConfUtils.java:logGet(43)) - raft.grpc.server.leader.outstanding.appends.max = 128 (default)
2019-10-09 13:14:08,858 [7706a157-1a1c-49fa-abc2-2cf2041a84a7@group-52AD3AA08ADE:LeaderElection232] INFO  server.RaftServerConfigKeys (ConfUtils.java:logGet(43)) - raft.server.rpc.request.timeout = 3000ms (default)
2019-10-09 13:14:08,858 [7706a157-1a1c-49fa-abc2-2cf2041a84a7@group-52AD3AA08ADE:LeaderElection232] INFO  server.RaftServerConfigKeys (ConfUtils.java:logGet(43)) - raft.server.log.appender.install.snapshot.enabled = false (custom)
2019-10-09 13:14:08,858 [7706a157-1a1c-49fa-abc2-2cf2041a84a7@group-52AD3AA08ADE:LeaderElection232] INFO  server.RaftServerConfigKeys (ConfUtils.java:logGet(43)) - raft.server.log.appender.snapshot.chunk.size.max = 16MB (=16777216) (default)
2019-10-09 13:14:08,858 [7706a157-1a1c-49fa-abc2-2cf2041a84a7@group-52AD3AA08ADE:LeaderElection232] INFO  server.RaftServerConfigKeys (ConfUtils.java:logGet(43)) - raft.server.log.appender.buffer.byte-limit = 33554432 (custom)
2019-10-09 13:14:08,858 [7706a157-1a1c-49fa-abc2-2cf2041a84a7@group-52AD3AA08ADE:LeaderElection232] INFO  server.RaftServerConfigKeys (ConfUtils.java:logGet(43)) - raft.server.log.appender.buffer.element-limit = 1 (custom)
2019-10-09 13:14:08,858 [7706a157-1a1c-49fa-abc2-2cf2041a84a7@group-52AD3AA08ADE:LeaderElection232] INFO  grpc.GrpcConfigKeys$Server (ConfUtils.java:logGet(43)) - raft.grpc.server.leader.outstanding.appends.max = 128 (default)
2019-10-09 13:14:08,858 [7706a157-1a1c-49fa-abc2-2cf2041a84a7@group-52AD3AA08ADE:LeaderElection232] INFO  server.RaftServerConfigKeys (ConfUtils.java:logGet(43)) - raft.server.rpc.request.timeout = 3000ms (default)
2019-10-09 13:14:08,858 [7706a157-1a1c-49fa-abc2-2cf2041a84a7@group-52AD3AA08ADE:LeaderElection232] INFO  server.RaftServerConfigKeys (ConfUtils.java:logGet(43)) - raft.server.log.appender.install.snapshot.enabled = false (custom)
2019-10-09 13:14:08,859 [7706a157-1a1c-49fa-abc2-2cf2041a84a7@group-52AD3AA08ADE:LeaderElection232] INFO  impl.RoleInfo (RoleInfo.java:updateAndGet(143)) - 7706a157-1a1c-49fa-abc2-2cf2041a84a7: start LeaderState
2019-10-09 13:14:08,859 [7706a157-1a1c-49fa-abc2-2cf2041a84a7@group-52AD3AA08ADE:LeaderElection232] INFO  segmented.SegmentedRaftLogWorker (SegmentedRaftLogWorker.java:rollLogSegment(385)) - 7706a157-1a1c-49fa-abc2-2cf2041a84a7@group-52AD3AA08ADE-SegmentedRaftLogWorker: Rolling segment log-0_0 to index:0
2019-10-09 13:14:08,859 [7706a157-1a1c-49fa-abc2-2cf2041a84a7@group-52AD3AA08ADE:LeaderElection232] INFO  impl.RaftServerImpl (ServerState.java:setRaftConf(354)) - 7706a157-1a1c-49fa-abc2-2cf2041a84a7@group-52AD3AA08ADE: set configuration 1: [96acbf61-3ece-4d83-9836-a217fb58817a:192.168.5.175:35650, 869fbf5b-cbbd-43c6-9f26-156c5192e660:192.168.5.175:43498, 7706a157-1a1c-49fa-abc2-2cf2041a84a7:192.168.5.175:40917], old=null at 1
2019-10-09 13:14:08,859 [7706a157-1a1c-49fa-abc2-2cf2041a84a7@group-52AD3AA08ADE-SegmentedRaftLogWorker] INFO  segmented.SegmentedRaftLogWorker (SegmentedRaftLogWorker.java:execute(526)) - 7706a157-1a1c-49fa-abc2-2cf2041a84a7@group-52AD3AA08ADE-SegmentedRaftLogWorker: Rolled log segment from /workdir/hadoop-ozone/integration-test/target/test-dir/MiniOzoneClusterImpl-77992fd3-8e8a-426b-8566-445f44124f00/datanode-2/data/ratis/bc4583d2-882e-4c8d-bcc9-52ad3aa08ade/current/log_inprogress_0 to /workdir/hadoop-ozone/integration-test/target/test-dir/MiniOzoneClusterImpl-77992fd3-8e8a-426b-8566-445f44124f00/datanode-2/data/ratis/bc4583d2-882e-4c8d-bcc9-52ad3aa08ade/current/log_0-0
2019-10-09 13:14:08,860 [grpc-default-executor-35] WARN  server.GrpcLogAppender (LogUtils.java:warn(134)) - 7706a157-1a1c-49fa-abc2-2cf2041a84a7@group-52AD3AA08ADE->96acbf61-3ece-4d83-9836-a217fb58817a-AppendLogResponseHandler: Failed appendEntries: org.apache.ratis.thirdparty.io.grpc.StatusRuntimeException: UNAVAILABLE: io exception
2019-10-09 13:14:08,860 [grpc-default-executor-35] INFO  impl.FollowerInfo (FollowerInfo.java:lambda$new$0(51)) - 7706a157-1a1c-49fa-abc2-2cf2041a84a7@group-52AD3AA08ADE->96acbf61-3ece-4d83-9836-a217fb58817a: nextIndex: updateUnconditionally 1 -> 0
2019-10-09 13:14:08,860 [grpc-default-executor-46] INFO  impl.RaftServerImpl (ServerState.java:setLeader(253)) - 869fbf5b-cbbd-43c6-9f26-156c5192e660@group-52AD3AA08ADE: change Leader from null to 7706a157-1a1c-49fa-abc2-2cf2041a84a7 at term 2 for appendEntries, leader elected after 20ms
2019-10-09 13:14:08,862 [grpc-default-executor-46] INFO  impl.RaftServerImpl (ServerState.java:setRaftConf(354)) - 869fbf5b-cbbd-43c6-9f26-156c5192e660@group-52AD3AA08ADE: set configuration 1: [96acbf61-3ece-4d83-9836-a217fb58817a:192.168.5.175:35650, 869fbf5b-cbbd-43c6-9f26-156c5192e660:192.168.5.175:43498, 7706a157-1a1c-49fa-abc2-2cf2041a84a7:192.168.5.175:40917], old=null at 1
2019-10-09 13:14:08,862 [grpc-default-executor-46] INFO  segmented.SegmentedRaftLogWorker (SegmentedRaftLogWorker.java:rollLogSegment(385)) - 869fbf5b-cbbd-43c6-9f26-156c5192e660@group-52AD3AA08ADE-SegmentedRaftLogWorker: Rolling segment log-0_0 to index:0
2019-10-09 13:14:08,863 [869fbf5b-cbbd-43c6-9f26-156c5192e660@group-52AD3AA08ADE-SegmentedRaftLogWorker] INFO  segmented.SegmentedRaftLogWorker (SegmentedRaftLogWorker.java:execute(526)) - 869fbf5b-cbbd-43c6-9f26-156c5192e660@group-52AD3AA08ADE-SegmentedRaftLogWorker: Rolled log segment from /workdir/hadoop-ozone/integration-test/target/test-dir/MiniOzoneClusterImpl-77992fd3-8e8a-426b-8566-445f44124f00/datanode-3/data/ratis/bc4583d2-882e-4c8d-bcc9-52ad3aa08ade/current/log_inprogress_0 to /workdir/hadoop-ozone/integration-test/target/test-dir/MiniOzoneClusterImpl-77992fd3-8e8a-426b-8566-445f44124f00/datanode-3/data/ratis/bc4583d2-882e-4c8d-bcc9-52ad3aa08ade/current/log_0-0
2019-10-09 13:14:08,903 [7706a157-1a1c-49fa-abc2-2cf2041a84a7@group-52AD3AA08ADE-SegmentedRaftLogWorker] INFO  segmented.SegmentedRaftLogWorker (SegmentedRaftLogWorker.java:execute(569)) - 7706a157-1a1c-49fa-abc2-2cf2041a84a7@group-52AD3AA08ADE-SegmentedRaftLogWorker: created new log segment /workdir/hadoop-ozone/integration-test/target/test-dir/MiniOzoneClusterImpl-77992fd3-8e8a-426b-8566-445f44124f00/datanode-2/data/ratis/bc4583d2-882e-4c8d-bcc9-52ad3aa08ade/current/log_inprogress_1
2019-10-09 13:14:08,903 [869fbf5b-cbbd-43c6-9f26-156c5192e660@group-52AD3AA08ADE-SegmentedRaftLogWorker] INFO  segmented.SegmentedRaftLogWorker (SegmentedRaftLogWorker.java:execute(569)) - 869fbf5b-cbbd-43c6-9f26-156c5192e660@group-52AD3AA08ADE-SegmentedRaftLogWorker: created new log segment /workdir/hadoop-ozone/integration-test/target/test-dir/MiniOzoneClusterImpl-77992fd3-8e8a-426b-8566-445f44124f00/datanode-3/data/ratis/bc4583d2-882e-4c8d-bcc9-52ad3aa08ade/current/log_inprogress_1
2019-10-09 13:14:08,917 [grpc-default-executor-37] WARN  server.GrpcLogAppender (LogUtils.java:warn(134)) - 7706a157-1a1c-49fa-abc2-2cf2041a84a7@group-52AD3AA08ADE->96acbf61-3ece-4d83-9836-a217fb58817a-AppendLogResponseHandler: Failed appendEntries: org.apache.ratis.thirdparty.io.grpc.StatusRuntimeException: UNAVAILABLE: io exception
2019-10-09 13:14:08,917 [grpc-default-executor-37] INFO  impl.FollowerInfo (FollowerInfo.java:lambda$new$0(51)) - 7706a157-1a1c-49fa-abc2-2cf2041a84a7@group-52AD3AA08ADE->96acbf61-3ece-4d83-9836-a217fb58817a: nextIndex: updateUnconditionally 1 -> 0
2019-10-09 13:14:08,936 [grpc-default-executor-37] WARN  server.GrpcLogAppender (LogUtils.java:warn(134)) - 7706a157-1a1c-49fa-abc2-2cf2041a84a7@group-52AD3AA08ADE->96acbf61-3ece-4d83-9836-a217fb58817a-AppendLogResponseHandler: Failed appendEntries: org.apache.ratis.thirdparty.io.grpc.StatusRuntimeException: UNAVAILABLE: io exception
2019-10-09 13:14:08,936 [grpc-default-executor-37] INFO  impl.FollowerInfo (FollowerInfo.java:lambda$new$0(51)) - 7706a157-1a1c-49fa-abc2-2cf2041a84a7@group-52AD3AA08ADE->96acbf61-3ece-4d83-9836-a217fb58817a: nextIndex: updateUnconditionally 1 -> 0
2019-10-09 13:14:09,446 [Thread-7397] INFO  impl.FollowerState (FollowerState.java:run(106)) - 162534dc-93d9-4206-ab1e-9268955c7aca:group-4A4B977E74D1 changes to CANDIDATE, lastRpcTime:9680, electionTimeout:5026ms
2019-10-09 13:14:09,446 [Thread-7397] INFO  impl.RoleInfo (RoleInfo.java:shutdownFollowerState(121)) - 162534dc-93d9-4206-ab1e-9268955c7aca: shutdown FollowerState
2019-10-09 13:14:09,446 [Thread-7397] INFO  impl.RaftServerImpl (RaftServerImpl.java:setRole(174)) - 162534dc-93d9-4206-ab1e-9268955c7aca@group-4A4B977E74D1: changes role from  FOLLOWER to CANDIDATE at term 1 for changeToCandidate
2019-10-09 13:14:09,446 [Thread-7397] INFO  impl.RoleInfo (RoleInfo.java:updateAndGet(143)) - 162534dc-93d9-4206-ab1e-9268955c7aca: start LeaderElection
2019-10-09 13:14:09,447 [162534dc-93d9-4206-ab1e-9268955c7aca@group-4A4B977E74D1:LeaderElection233] INFO  impl.RaftServerImpl (ServerState.java:setLeader(253)) - 162534dc-93d9-4206-ab1e-9268955c7aca@group-4A4B977E74D1: change Leader from 96acbf61-3ece-4d83-9836-a217fb58817a to null at term 1 for initElection
2019-10-09 13:14:09,460 [162534dc-93d9-4206-ab1e-9268955c7aca@group-4A4B977E74D1:LeaderElection233] INFO  impl.LeaderElection (LeaderElection.java:askForVotes(182)) - 162534dc-93d9-4206-ab1e-9268955c7aca@group-4A4B977E74D1:LeaderElection233: begin an election at term 2 for 0: [96acbf61-3ece-4d83-9836-a217fb58817a:192.168.5.175:35650, 162534dc-93d9-4206-ab1e-9268955c7aca:192.168.5.175:32957, 869fbf5b-cbbd-43c6-9f26-156c5192e660:192.168.5.175:43498], old=null
2019-10-09 13:14:09,462 [grpc-default-executor-46] INFO  impl.RaftServerImpl (ServerState.java:setLeader(253)) - 869fbf5b-cbbd-43c6-9f26-156c5192e660@group-4A4B977E74D1: change Leader from 96acbf61-3ece-4d83-9836-a217fb58817a to null at term 2 for updateCurrentTerm
2019-10-09 13:14:09,462 [grpc-default-executor-46] INFO  impl.RaftServerImpl (RaftServerImpl.java:setRole(174)) - 869fbf5b-cbbd-43c6-9f26-156c5192e660@group-4A4B977E74D1: changes role from  FOLLOWER to FOLLOWER at term 2 for recognizeCandidate:162534dc-93d9-4206-ab1e-9268955c7aca
2019-10-09 13:14:09,462 [162534dc-93d9-4206-ab1e-9268955c7aca@group-4A4B977E74D1:LeaderElection233] INFO  impl.LeaderElection (LogUtils.java:infoOrTrace(149)) - 162534dc-93d9-4206-ab1e-9268955c7aca@group-4A4B977E74D1:LeaderElection233 got exception when requesting votes: {}
java.util.concurrent.ExecutionException: org.apache.ratis.thirdparty.io.grpc.StatusRuntimeException: UNAVAILABLE: io exception
	at java.util.concurrent.FutureTask.report(FutureTask.java:122)
	at java.util.concurrent.FutureTask.get(FutureTask.java:192)
	at org.apache.ratis.server.impl.LeaderElection.waitForResults(LeaderElection.java:263)
	at org.apache.ratis.server.impl.LeaderElection.askForVotes(LeaderElection.java:201)
	at org.apache.ratis.server.impl.LeaderElection.run(LeaderElection.java:133)
	at java.lang.Thread.run(Thread.java:748)
Caused by: org.apache.ratis.thirdparty.io.grpc.StatusRuntimeException: UNAVAILABLE: io exception
	at org.apache.ratis.thirdparty.io.grpc.stub.ClientCalls.toStatusRuntimeException(ClientCalls.java:233)
	at org.apache.ratis.thirdparty.io.grpc.stub.ClientCalls.getUnchecked(ClientCalls.java:214)
	at org.apache.ratis.thirdparty.io.grpc.stub.ClientCalls.blockingUnaryCall(ClientCalls.java:139)
	at org.apache.ratis.proto.grpc.RaftServerProtocolServiceGrpc$RaftServerProtocolServiceBlockingStub.requestVote(RaftServerProtocolServiceGrpc.java:265)
	at org.apache.ratis.grpc.server.GrpcServerProtocolClient.requestVote(GrpcServerProtocolClient.java:90)
	at org.apache.ratis.grpc.server.GrpcService.requestVote(GrpcService.java:204)
	at org.apache.ratis.server.impl.LeaderElection.lambda$submitRequests$1(LeaderElection.java:238)
	at java.util.concurrent.FutureTask.run(FutureTask.java:266)
	at java.util.concurrent.Executors$RunnableAdapter.call(Executors.java:511)
	at java.util.concurrent.FutureTask.run(FutureTask.java:266)
	at java.util.concurrent.ThreadPoolExecutor.runWorker(ThreadPoolExecutor.java:1149)
	at java.util.concurrent.ThreadPoolExecutor$Worker.run(ThreadPoolExecutor.java:624)
	... 1 more
Caused by: org.apache.ratis.thirdparty.io.netty.channel.AbstractChannel$AnnotatedConnectException: Connection refused: /192.168.5.175:35650
	at sun.nio.ch.SocketChannelImpl.checkConnect(Native Method)
	at sun.nio.ch.SocketChannelImpl.finishConnect(SocketChannelImpl.java:717)
	at org.apache.ratis.thirdparty.io.netty.channel.socket.nio.NioSocketChannel.doFinishConnect(NioSocketChannel.java:327)
	at org.apache.ratis.thirdparty.io.netty.channel.nio.AbstractNioChannel$AbstractNioUnsafe.finishConnect(AbstractNioChannel.java:340)
	at org.apache.ratis.thirdparty.io.netty.channel.nio.NioEventLoop.processSelectedKey(NioEventLoop.java:632)
	at org.apache.ratis.thirdparty.io.netty.channel.nio.NioEventLoop.processSelectedKeysOptimized(NioEventLoop.java:579)
	at org.apache.ratis.thirdparty.io.netty.channel.nio.NioEventLoop.processSelectedKeys(NioEventLoop.java:496)
	at org.apache.ratis.thirdparty.io.netty.channel.nio.NioEventLoop.run(NioEventLoop.java:458)
	at org.apache.ratis.thirdparty.io.netty.util.concurrent.SingleThreadEventExecutor$5.run(SingleThreadEventExecutor.java:897)
	at org.apache.ratis.thirdparty.io.netty.util.concurrent.FastThreadLocalRunnable.run(FastThreadLocalRunnable.java:30)
	... 1 more
Caused by: java.net.ConnectException: Connection refused
	... 11 more
2019-10-09 13:14:09,462 [grpc-default-executor-46] INFO  impl.RoleInfo (RoleInfo.java:shutdownFollowerState(121)) - 869fbf5b-cbbd-43c6-9f26-156c5192e660: shutdown FollowerState
2019-10-09 13:14:09,463 [grpc-default-executor-46] INFO  impl.RoleInfo (RoleInfo.java:updateAndGet(143)) - 869fbf5b-cbbd-43c6-9f26-156c5192e660: start FollowerState
2019-10-09 13:14:09,463 [Thread-7396] INFO  impl.FollowerState (FollowerState.java:run(115)) - 869fbf5b-cbbd-43c6-9f26-156c5192e660: FollowerState was interrupted: java.lang.InterruptedException: sleep interrupted
2019-10-09 13:14:09,502 [162534dc-93d9-4206-ab1e-9268955c7aca@group-4A4B977E74D1:LeaderElection233] INFO  impl.LeaderElection (LeaderElection.java:logAndReturn(56)) - 162534dc-93d9-4206-ab1e-9268955c7aca@group-4A4B977E74D1:LeaderElection233: Election PASSED; received 1 response(s) [162534dc-93d9-4206-ab1e-9268955c7aca<-869fbf5b-cbbd-43c6-9f26-156c5192e660#0:OK-t2] and 1 exception(s); 162534dc-93d9-4206-ab1e-9268955c7aca@group-4A4B977E74D1:t2, leader=null, voted=162534dc-93d9-4206-ab1e-9268955c7aca, raftlog=162534dc-93d9-4206-ab1e-9268955c7aca@group-4A4B977E74D1-SegmentedRaftLog:OPENED:c16,f16,i16, conf=0: [96acbf61-3ece-4d83-9836-a217fb58817a:192.168.5.175:35650, 162534dc-93d9-4206-ab1e-9268955c7aca:192.168.5.175:32957, 869fbf5b-cbbd-43c6-9f26-156c5192e660:192.168.5.175:43498], old=null
2019-10-09 13:14:09,503 [162534dc-93d9-4206-ab1e-9268955c7aca@group-4A4B977E74D1:LeaderElection233] INFO  impl.LeaderElection (LogUtils.java:infoOrTrace(149)) -   Exception 0: {}
java.util.concurrent.ExecutionException: org.apache.ratis.thirdparty.io.grpc.StatusRuntimeException: UNAVAILABLE: io exception
	at java.util.concurrent.FutureTask.report(FutureTask.java:122)
	at java.util.concurrent.FutureTask.get(FutureTask.java:192)
	at org.apache.ratis.server.impl.LeaderElection.waitForResults(LeaderElection.java:263)
	at org.apache.ratis.server.impl.LeaderElection.askForVotes(LeaderElection.java:201)
	at org.apache.ratis.server.impl.LeaderElection.run(LeaderElection.java:133)
	at java.lang.Thread.run(Thread.java:748)
Caused by: org.apache.ratis.thirdparty.io.grpc.StatusRuntimeException: UNAVAILABLE: io exception
	at org.apache.ratis.thirdparty.io.grpc.stub.ClientCalls.toStatusRuntimeException(ClientCalls.java:233)
	at org.apache.ratis.thirdparty.io.grpc.stub.ClientCalls.getUnchecked(ClientCalls.java:214)
	at org.apache.ratis.thirdparty.io.grpc.stub.ClientCalls.blockingUnaryCall(ClientCalls.java:139)
	at org.apache.ratis.proto.grpc.RaftServerProtocolServiceGrpc$RaftServerProtocolServiceBlockingStub.requestVote(RaftServerProtocolServiceGrpc.java:265)
	at org.apache.ratis.grpc.server.GrpcServerProtocolClient.requestVote(GrpcServerProtocolClient.java:90)
	at org.apache.ratis.grpc.server.GrpcService.requestVote(GrpcService.java:204)
	at org.apache.ratis.server.impl.LeaderElection.lambda$submitRequests$1(LeaderElection.java:238)
	at java.util.concurrent.FutureTask.run(FutureTask.java:266)
	at java.util.concurrent.Executors$RunnableAdapter.call(Executors.java:511)
	at java.util.concurrent.FutureTask.run(FutureTask.java:266)
	at java.util.concurrent.ThreadPoolExecutor.runWorker(ThreadPoolExecutor.java:1149)
	at java.util.concurrent.ThreadPoolExecutor$Worker.run(ThreadPoolExecutor.java:624)
	... 1 more
Caused by: org.apache.ratis.thirdparty.io.netty.channel.AbstractChannel$AnnotatedConnectException: Connection refused: /192.168.5.175:35650
	at sun.nio.ch.SocketChannelImpl.checkConnect(Native Method)
	at sun.nio.ch.SocketChannelImpl.finishConnect(SocketChannelImpl.java:717)
	at org.apache.ratis.thirdparty.io.netty.channel.socket.nio.NioSocketChannel.doFinishConnect(NioSocketChannel.java:327)
	at org.apache.ratis.thirdparty.io.netty.channel.nio.AbstractNioChannel$AbstractNioUnsafe.finishConnect(AbstractNioChannel.java:340)
	at org.apache.ratis.thirdparty.io.netty.channel.nio.NioEventLoop.processSelectedKey(NioEventLoop.java:632)
	at org.apache.ratis.thirdparty.io.netty.channel.nio.NioEventLoop.processSelectedKeysOptimized(NioEventLoop.java:579)
	at org.apache.ratis.thirdparty.io.netty.channel.nio.NioEventLoop.processSelectedKeys(NioEventLoop.java:496)
	at org.apache.ratis.thirdparty.io.netty.channel.nio.NioEventLoop.run(NioEventLoop.java:458)
	at org.apache.ratis.thirdparty.io.netty.util.concurrent.SingleThreadEventExecutor$5.run(SingleThreadEventExecutor.java:897)
	at org.apache.ratis.thirdparty.io.netty.util.concurrent.FastThreadLocalRunnable.run(FastThreadLocalRunnable.java:30)
	... 1 more
Caused by: java.net.ConnectException: Connection refused
	... 11 more
2019-10-09 13:14:09,503 [162534dc-93d9-4206-ab1e-9268955c7aca@group-4A4B977E74D1:LeaderElection233] INFO  impl.RoleInfo (RoleInfo.java:shutdownLeaderElection(134)) - 162534dc-93d9-4206-ab1e-9268955c7aca: shutdown LeaderElection
2019-10-09 13:14:09,503 [162534dc-93d9-4206-ab1e-9268955c7aca@group-4A4B977E74D1:LeaderElection233] INFO  impl.RaftServerImpl (RaftServerImpl.java:setRole(174)) - 162534dc-93d9-4206-ab1e-9268955c7aca@group-4A4B977E74D1: changes role from CANDIDATE to LEADER at term 2 for changeToLeader
2019-10-09 13:14:09,503 [162534dc-93d9-4206-ab1e-9268955c7aca@group-4A4B977E74D1:LeaderElection233] INFO  impl.RaftServerImpl (ServerState.java:setLeader(253)) - 162534dc-93d9-4206-ab1e-9268955c7aca@group-4A4B977E74D1: change Leader from null to 162534dc-93d9-4206-ab1e-9268955c7aca at term 2 for becomeLeader, leader elected after 56ms
2019-10-09 13:14:09,503 [162534dc-93d9-4206-ab1e-9268955c7aca@group-4A4B977E74D1:LeaderElection233] INFO  server.RaftServerConfigKeys (ConfUtils.java:logGet(43)) - raft.server.staging.catchup.gap = 1000 (default)
2019-10-09 13:14:09,503 [162534dc-93d9-4206-ab1e-9268955c7aca@group-4A4B977E74D1:LeaderElection233] INFO  server.RaftServerConfigKeys (ConfUtils.java:logGet(43)) - raft.server.rpc.sleep.time = 25ms (default)
2019-10-09 13:14:09,503 [162534dc-93d9-4206-ab1e-9268955c7aca@group-4A4B977E74D1:LeaderElection233] INFO  server.RaftServerConfigKeys (ConfUtils.java:logGet(43)) - raft.server.write.element-limit = 4096 (default)
2019-10-09 13:14:09,504 [162534dc-93d9-4206-ab1e-9268955c7aca@group-4A4B977E74D1:LeaderElection233] INFO  server.RaftServerConfigKeys (ConfUtils.java:logGet(43)) - raft.server.watch.timeout = 10s (default)
2019-10-09 13:14:09,504 [162534dc-93d9-4206-ab1e-9268955c7aca@group-4A4B977E74D1:LeaderElection233] INFO  server.RaftServerConfigKeys (ConfUtils.java:logGet(43)) - raft.server.watch.timeout.denomination = 1s (default)
2019-10-09 13:14:09,504 [162534dc-93d9-4206-ab1e-9268955c7aca@group-4A4B977E74D1:LeaderElection233] INFO  server.RaftServerConfigKeys (ConfUtils.java:logGet(43)) - raft.server.watch.element-limit = 65536 (default)
2019-10-09 13:14:09,505 [162534dc-93d9-4206-ab1e-9268955c7aca@group-4A4B977E74D1:LeaderElection233] INFO  server.RaftServerConfigKeys (ConfUtils.java:logGet(43)) - raft.server.log.appender.snapshot.chunk.size.max = 16MB (=16777216) (default)
2019-10-09 13:14:09,506 [162534dc-93d9-4206-ab1e-9268955c7aca@group-4A4B977E74D1:LeaderElection233] INFO  server.RaftServerConfigKeys (ConfUtils.java:logGet(43)) - raft.server.log.appender.buffer.byte-limit = 33554432 (custom)
2019-10-09 13:14:09,506 [162534dc-93d9-4206-ab1e-9268955c7aca@group-4A4B977E74D1:LeaderElection233] INFO  server.RaftServerConfigKeys (ConfUtils.java:logGet(43)) - raft.server.log.appender.buffer.element-limit = 1 (custom)
2019-10-09 13:14:09,506 [162534dc-93d9-4206-ab1e-9268955c7aca@group-4A4B977E74D1:LeaderElection233] INFO  grpc.GrpcConfigKeys$Server (ConfUtils.java:logGet(43)) - raft.grpc.server.leader.outstanding.appends.max = 128 (default)
2019-10-09 13:14:09,506 [162534dc-93d9-4206-ab1e-9268955c7aca@group-4A4B977E74D1:LeaderElection233] INFO  server.RaftServerConfigKeys (ConfUtils.java:logGet(43)) - raft.server.rpc.request.timeout = 3000ms (default)
2019-10-09 13:14:09,506 [162534dc-93d9-4206-ab1e-9268955c7aca@group-4A4B977E74D1:LeaderElection233] INFO  server.RaftServerConfigKeys (ConfUtils.java:logGet(43)) - raft.server.log.appender.install.snapshot.enabled = false (custom)
2019-10-09 13:14:09,507 [162534dc-93d9-4206-ab1e-9268955c7aca@group-4A4B977E74D1:LeaderElection233] INFO  server.RaftServerConfigKeys (ConfUtils.java:logGet(43)) - raft.server.log.appender.snapshot.chunk.size.max = 16MB (=16777216) (default)
2019-10-09 13:14:09,507 [162534dc-93d9-4206-ab1e-9268955c7aca@group-4A4B977E74D1:LeaderElection233] INFO  server.RaftServerConfigKeys (ConfUtils.java:logGet(43)) - raft.server.log.appender.buffer.byte-limit = 33554432 (custom)
2019-10-09 13:14:09,507 [162534dc-93d9-4206-ab1e-9268955c7aca@group-4A4B977E74D1:LeaderElection233] INFO  server.RaftServerConfigKeys (ConfUtils.java:logGet(43)) - raft.server.log.appender.buffer.element-limit = 1 (custom)
2019-10-09 13:14:09,507 [162534dc-93d9-4206-ab1e-9268955c7aca@group-4A4B977E74D1:LeaderElection233] INFO  grpc.GrpcConfigKeys$Server (ConfUtils.java:logGet(43)) - raft.grpc.server.leader.outstanding.appends.max = 128 (default)
2019-10-09 13:14:09,507 [162534dc-93d9-4206-ab1e-9268955c7aca@group-4A4B977E74D1:LeaderElection233] INFO  server.RaftServerConfigKeys (ConfUtils.java:logGet(43)) - raft.server.rpc.request.timeout = 3000ms (default)
2019-10-09 13:14:09,507 [162534dc-93d9-4206-ab1e-9268955c7aca@group-4A4B977E74D1:LeaderElection233] INFO  server.RaftServerConfigKeys (ConfUtils.java:logGet(43)) - raft.server.log.appender.install.snapshot.enabled = false (custom)
2019-10-09 13:14:09,507 [162534dc-93d9-4206-ab1e-9268955c7aca@group-4A4B977E74D1:LeaderElection233] INFO  impl.RoleInfo (RoleInfo.java:updateAndGet(143)) - 162534dc-93d9-4206-ab1e-9268955c7aca: start LeaderState
2019-10-09 13:14:09,508 [162534dc-93d9-4206-ab1e-9268955c7aca@group-4A4B977E74D1:LeaderElection233] INFO  segmented.SegmentedRaftLogWorker (SegmentedRaftLogWorker.java:rollLogSegment(385)) - 162534dc-93d9-4206-ab1e-9268955c7aca@group-4A4B977E74D1-SegmentedRaftLogWorker: Rolling segment log-0_16 to index:16
2019-10-09 13:14:09,508 [162534dc-93d9-4206-ab1e-9268955c7aca@group-4A4B977E74D1-SegmentedRaftLogWorker] INFO  segmented.SegmentedRaftLogWorker (SegmentedRaftLogWorker.java:execute(526)) - 162534dc-93d9-4206-ab1e-9268955c7aca@group-4A4B977E74D1-SegmentedRaftLogWorker: Rolled log segment from /workdir/hadoop-ozone/integration-test/target/test-dir/MiniOzoneClusterImpl-77992fd3-8e8a-426b-8566-445f44124f00/datanode-4/data/ratis/31436527-0db7-4839-a6a0-4a4b977e74d1/current/log_inprogress_0 to /workdir/hadoop-ozone/integration-test/target/test-dir/MiniOzoneClusterImpl-77992fd3-8e8a-426b-8566-445f44124f00/datanode-4/data/ratis/31436527-0db7-4839-a6a0-4a4b977e74d1/current/log_0-16
2019-10-09 13:14:09,508 [162534dc-93d9-4206-ab1e-9268955c7aca@group-4A4B977E74D1:LeaderElection233] INFO  impl.RaftServerImpl (ServerState.java:setRaftConf(354)) - 162534dc-93d9-4206-ab1e-9268955c7aca@group-4A4B977E74D1: set configuration 17: [96acbf61-3ece-4d83-9836-a217fb58817a:192.168.5.175:35650, 162534dc-93d9-4206-ab1e-9268955c7aca:192.168.5.175:32957, 869fbf5b-cbbd-43c6-9f26-156c5192e660:192.168.5.175:43498], old=null at 17
2019-10-09 13:14:09,509 [grpc-default-executor-46] WARN  server.GrpcLogAppender (LogUtils.java:warn(134)) - 162534dc-93d9-4206-ab1e-9268955c7aca@group-4A4B977E74D1->96acbf61-3ece-4d83-9836-a217fb58817a-AppendLogResponseHandler: Failed appendEntries: org.apache.ratis.thirdparty.io.grpc.StatusRuntimeException: UNAVAILABLE: io exception
2019-10-09 13:14:09,546 [Thread-7426] INFO  impl.FollowerState (FollowerState.java:run(106)) - 162534dc-93d9-4206-ab1e-9268955c7aca:group-014983823A3D changes to CANDIDATE, lastRpcTime:10075, electionTimeout:5067ms
2019-10-09 13:14:09,547 [Thread-7426] INFO  impl.RoleInfo (RoleInfo.java:shutdownFollowerState(121)) - 162534dc-93d9-4206-ab1e-9268955c7aca: shutdown FollowerState
2019-10-09 13:14:09,547 [Thread-7426] INFO  impl.RaftServerImpl (RaftServerImpl.java:setRole(174)) - 162534dc-93d9-4206-ab1e-9268955c7aca@group-014983823A3D: changes role from  FOLLOWER to CANDIDATE at term 1 for changeToCandidate
2019-10-09 13:14:09,547 [Thread-7426] INFO  impl.RoleInfo (RoleInfo.java:updateAndGet(143)) - 162534dc-93d9-4206-ab1e-9268955c7aca: start LeaderElection
2019-10-09 13:14:09,547 [grpc-default-executor-46] INFO  impl.FollowerInfo (FollowerInfo.java:lambda$new$0(51)) - 162534dc-93d9-4206-ab1e-9268955c7aca@group-4A4B977E74D1->96acbf61-3ece-4d83-9836-a217fb58817a: nextIndex: updateUnconditionally 17 -> 1
2019-10-09 13:14:09,547 [grpc-default-executor-37] INFO  impl.RaftServerImpl (ServerState.java:setLeader(253)) - 869fbf5b-cbbd-43c6-9f26-156c5192e660@group-4A4B977E74D1: change Leader from null to 162534dc-93d9-4206-ab1e-9268955c7aca at term 2 for appendEntries, leader elected after 85ms
2019-10-09 13:14:09,547 [162534dc-93d9-4206-ab1e-9268955c7aca@group-014983823A3D:LeaderElection234] INFO  impl.RaftServerImpl (ServerState.java:setLeader(253)) - 162534dc-93d9-4206-ab1e-9268955c7aca@group-014983823A3D: change Leader from 96acbf61-3ece-4d83-9836-a217fb58817a to null at term 1 for initElection
2019-10-09 13:14:09,549 [grpc-default-executor-37] INFO  impl.RaftServerImpl (ServerState.java:setRaftConf(354)) - 869fbf5b-cbbd-43c6-9f26-156c5192e660@group-4A4B977E74D1: set configuration 17: [96acbf61-3ece-4d83-9836-a217fb58817a:192.168.5.175:35650, 162534dc-93d9-4206-ab1e-9268955c7aca:192.168.5.175:32957, 869fbf5b-cbbd-43c6-9f26-156c5192e660:192.168.5.175:43498], old=null at 17
2019-10-09 13:14:09,549 [grpc-default-executor-37] INFO  segmented.SegmentedRaftLogWorker (SegmentedRaftLogWorker.java:rollLogSegment(385)) - 869fbf5b-cbbd-43c6-9f26-156c5192e660@group-4A4B977E74D1-SegmentedRaftLogWorker: Rolling segment log-0_16 to index:16
2019-10-09 13:14:09,550 [869fbf5b-cbbd-43c6-9f26-156c5192e660@group-4A4B977E74D1-SegmentedRaftLogWorker] INFO  segmented.SegmentedRaftLogWorker (SegmentedRaftLogWorker.java:execute(526)) - 869fbf5b-cbbd-43c6-9f26-156c5192e660@group-4A4B977E74D1-SegmentedRaftLogWorker: Rolled log segment from /workdir/hadoop-ozone/integration-test/target/test-dir/MiniOzoneClusterImpl-77992fd3-8e8a-426b-8566-445f44124f00/datanode-3/data/ratis/31436527-0db7-4839-a6a0-4a4b977e74d1/current/log_inprogress_0 to /workdir/hadoop-ozone/integration-test/target/test-dir/MiniOzoneClusterImpl-77992fd3-8e8a-426b-8566-445f44124f00/datanode-3/data/ratis/31436527-0db7-4839-a6a0-4a4b977e74d1/current/log_0-16
2019-10-09 13:14:09,559 [162534dc-93d9-4206-ab1e-9268955c7aca@group-4A4B977E74D1-SegmentedRaftLogWorker] INFO  segmented.SegmentedRaftLogWorker (SegmentedRaftLogWorker.java:execute(569)) - 162534dc-93d9-4206-ab1e-9268955c7aca@group-4A4B977E74D1-SegmentedRaftLogWorker: created new log segment /workdir/hadoop-ozone/integration-test/target/test-dir/MiniOzoneClusterImpl-77992fd3-8e8a-426b-8566-445f44124f00/datanode-4/data/ratis/31436527-0db7-4839-a6a0-4a4b977e74d1/current/log_inprogress_17
2019-10-09 13:14:09,559 [162534dc-93d9-4206-ab1e-9268955c7aca@group-014983823A3D:LeaderElection234] INFO  impl.LeaderElection (LeaderElection.java:askForVotes(182)) - 162534dc-93d9-4206-ab1e-9268955c7aca@group-014983823A3D:LeaderElection234: begin an election at term 2 for 0: [162534dc-93d9-4206-ab1e-9268955c7aca:192.168.5.175:32957, 96acbf61-3ece-4d83-9836-a217fb58817a:192.168.5.175:35650, 869fbf5b-cbbd-43c6-9f26-156c5192e660:192.168.5.175:43498], old=null
2019-10-09 13:14:09,562 [grpc-default-executor-46] INFO  impl.RaftServerImpl (ServerState.java:setLeader(253)) - 869fbf5b-cbbd-43c6-9f26-156c5192e660@group-014983823A3D: change Leader from 96acbf61-3ece-4d83-9836-a217fb58817a to null at term 2 for updateCurrentTerm
2019-10-09 13:14:09,562 [grpc-default-executor-46] INFO  impl.RaftServerImpl (RaftServerImpl.java:setRole(174)) - 869fbf5b-cbbd-43c6-9f26-156c5192e660@group-014983823A3D: changes role from  FOLLOWER to FOLLOWER at term 2 for recognizeCandidate:162534dc-93d9-4206-ab1e-9268955c7aca
2019-10-09 13:14:09,562 [162534dc-93d9-4206-ab1e-9268955c7aca@group-014983823A3D:LeaderElection234] INFO  impl.LeaderElection (LogUtils.java:infoOrTrace(149)) - 162534dc-93d9-4206-ab1e-9268955c7aca@group-014983823A3D:LeaderElection234 got exception when requesting votes: {}
java.util.concurrent.ExecutionException: org.apache.ratis.thirdparty.io.grpc.StatusRuntimeException: UNAVAILABLE: io exception
	at java.util.concurrent.FutureTask.report(FutureTask.java:122)
	at java.util.concurrent.FutureTask.get(FutureTask.java:192)
	at org.apache.ratis.server.impl.LeaderElection.waitForResults(LeaderElection.java:263)
	at org.apache.ratis.server.impl.LeaderElection.askForVotes(LeaderElection.java:201)
	at org.apache.ratis.server.impl.LeaderElection.run(LeaderElection.java:133)
	at java.lang.Thread.run(Thread.java:748)
Caused by: org.apache.ratis.thirdparty.io.grpc.StatusRuntimeException: UNAVAILABLE: io exception
	at org.apache.ratis.thirdparty.io.grpc.stub.ClientCalls.toStatusRuntimeException(ClientCalls.java:233)
	at org.apache.ratis.thirdparty.io.grpc.stub.ClientCalls.getUnchecked(ClientCalls.java:214)
	at org.apache.ratis.thirdparty.io.grpc.stub.ClientCalls.blockingUnaryCall(ClientCalls.java:139)
	at org.apache.ratis.proto.grpc.RaftServerProtocolServiceGrpc$RaftServerProtocolServiceBlockingStub.requestVote(RaftServerProtocolServiceGrpc.java:265)
	at org.apache.ratis.grpc.server.GrpcServerProtocolClient.requestVote(GrpcServerProtocolClient.java:90)
	at org.apache.ratis.grpc.server.GrpcService.requestVote(GrpcService.java:204)
	at org.apache.ratis.server.impl.LeaderElection.lambda$submitRequests$1(LeaderElection.java:238)
	at java.util.concurrent.FutureTask.run(FutureTask.java:266)
	at java.util.concurrent.Executors$RunnableAdapter.call(Executors.java:511)
	at java.util.concurrent.FutureTask.run(FutureTask.java:266)
	at java.util.concurrent.ThreadPoolExecutor.runWorker(ThreadPoolExecutor.java:1149)
	at java.util.concurrent.ThreadPoolExecutor$Worker.run(ThreadPoolExecutor.java:624)
	... 1 more
Caused by: org.apache.ratis.thirdparty.io.netty.channel.AbstractChannel$AnnotatedConnectException: Connection refused: /192.168.5.175:35650
	at sun.nio.ch.SocketChannelImpl.checkConnect(Native Method)
	at sun.nio.ch.SocketChannelImpl.finishConnect(SocketChannelImpl.java:717)
	at org.apache.ratis.thirdparty.io.netty.channel.socket.nio.NioSocketChannel.doFinishConnect(NioSocketChannel.java:327)
	at org.apache.ratis.thirdparty.io.netty.channel.nio.AbstractNioChannel$AbstractNioUnsafe.finishConnect(AbstractNioChannel.java:340)
	at org.apache.ratis.thirdparty.io.netty.channel.nio.NioEventLoop.processSelectedKey(NioEventLoop.java:632)
	at org.apache.ratis.thirdparty.io.netty.channel.nio.NioEventLoop.processSelectedKeysOptimized(NioEventLoop.java:579)
	at org.apache.ratis.thirdparty.io.netty.channel.nio.NioEventLoop.processSelectedKeys(NioEventLoop.java:496)
	at org.apache.ratis.thirdparty.io.netty.channel.nio.NioEventLoop.run(NioEventLoop.java:458)
	at org.apache.ratis.thirdparty.io.netty.util.concurrent.SingleThreadEventExecutor$5.run(SingleThreadEventExecutor.java:897)
	at org.apache.ratis.thirdparty.io.netty.util.concurrent.FastThreadLocalRunnable.run(FastThreadLocalRunnable.java:30)
	... 1 more
Caused by: java.net.ConnectException: Connection refused
	... 11 more
2019-10-09 13:14:09,562 [grpc-default-executor-46] INFO  impl.RoleInfo (RoleInfo.java:shutdownFollowerState(121)) - 869fbf5b-cbbd-43c6-9f26-156c5192e660: shutdown FollowerState
2019-10-09 13:14:09,562 [grpc-default-executor-46] INFO  impl.RoleInfo (RoleInfo.java:updateAndGet(143)) - 869fbf5b-cbbd-43c6-9f26-156c5192e660: start FollowerState
2019-10-09 13:14:09,563 [Thread-7427] INFO  impl.FollowerState (FollowerState.java:run(115)) - 869fbf5b-cbbd-43c6-9f26-156c5192e660: FollowerState was interrupted: java.lang.InterruptedException: sleep interrupted
2019-10-09 13:14:09,576 [162534dc-93d9-4206-ab1e-9268955c7aca@group-014983823A3D:LeaderElection234] INFO  impl.LeaderElection (LeaderElection.java:logAndReturn(56)) - 162534dc-93d9-4206-ab1e-9268955c7aca@group-014983823A3D:LeaderElection234: Election PASSED; received 1 response(s) [162534dc-93d9-4206-ab1e-9268955c7aca<-869fbf5b-cbbd-43c6-9f26-156c5192e660#0:OK-t2] and 1 exception(s); 162534dc-93d9-4206-ab1e-9268955c7aca@group-014983823A3D:t2, leader=null, voted=162534dc-93d9-4206-ab1e-9268955c7aca, raftlog=162534dc-93d9-4206-ab1e-9268955c7aca@group-014983823A3D-SegmentedRaftLog:OPENED:c0,f0,i0, conf=0: [162534dc-93d9-4206-ab1e-9268955c7aca:192.168.5.175:32957, 96acbf61-3ece-4d83-9836-a217fb58817a:192.168.5.175:35650, 869fbf5b-cbbd-43c6-9f26-156c5192e660:192.168.5.175:43498], old=null
2019-10-09 13:14:09,576 [162534dc-93d9-4206-ab1e-9268955c7aca@group-014983823A3D:LeaderElection234] INFO  impl.LeaderElection (LogUtils.java:infoOrTrace(149)) -   Exception 0: {}
java.util.concurrent.ExecutionException: org.apache.ratis.thirdparty.io.grpc.StatusRuntimeException: UNAVAILABLE: io exception
	at java.util.concurrent.FutureTask.report(FutureTask.java:122)
	at java.util.concurrent.FutureTask.get(FutureTask.java:192)
	at org.apache.ratis.server.impl.LeaderElection.waitForResults(LeaderElection.java:263)
	at org.apache.ratis.server.impl.LeaderElection.askForVotes(LeaderElection.java:201)
	at org.apache.ratis.server.impl.LeaderElection.run(LeaderElection.java:133)
	at java.lang.Thread.run(Thread.java:748)
Caused by: org.apache.ratis.thirdparty.io.grpc.StatusRuntimeException: UNAVAILABLE: io exception
	at org.apache.ratis.thirdparty.io.grpc.stub.ClientCalls.toStatusRuntimeException(ClientCalls.java:233)
	at org.apache.ratis.thirdparty.io.grpc.stub.ClientCalls.getUnchecked(ClientCalls.java:214)
	at org.apache.ratis.thirdparty.io.grpc.stub.ClientCalls.blockingUnaryCall(ClientCalls.java:139)
	at org.apache.ratis.proto.grpc.RaftServerProtocolServiceGrpc$RaftServerProtocolServiceBlockingStub.requestVote(RaftServerProtocolServiceGrpc.java:265)
	at org.apache.ratis.grpc.server.GrpcServerProtocolClient.requestVote(GrpcServerProtocolClient.java:90)
	at org.apache.ratis.grpc.server.GrpcService.requestVote(GrpcService.java:204)
	at org.apache.ratis.server.impl.LeaderElection.lambda$submitRequests$1(LeaderElection.java:238)
	at java.util.concurrent.FutureTask.run(FutureTask.java:266)
	at java.util.concurrent.Executors$RunnableAdapter.call(Executors.java:511)
	at java.util.concurrent.FutureTask.run(FutureTask.java:266)
	at java.util.concurrent.ThreadPoolExecutor.runWorker(ThreadPoolExecutor.java:1149)
	at java.util.concurrent.ThreadPoolExecutor$Worker.run(ThreadPoolExecutor.java:624)
	... 1 more
Caused by: org.apache.ratis.thirdparty.io.netty.channel.AbstractChannel$AnnotatedConnectException: Connection refused: /192.168.5.175:35650
	at sun.nio.ch.SocketChannelImpl.checkConnect(Native Method)
	at sun.nio.ch.SocketChannelImpl.finishConnect(SocketChannelImpl.java:717)
	at org.apache.ratis.thirdparty.io.netty.channel.socket.nio.NioSocketChannel.doFinishConnect(NioSocketChannel.java:327)
	at org.apache.ratis.thirdparty.io.netty.channel.nio.AbstractNioChannel$AbstractNioUnsafe.finishConnect(AbstractNioChannel.java:340)
	at org.apache.ratis.thirdparty.io.netty.channel.nio.NioEventLoop.processSelectedKey(NioEventLoop.java:632)
	at org.apache.ratis.thirdparty.io.netty.channel.nio.NioEventLoop.processSelectedKeysOptimized(NioEventLoop.java:579)
	at org.apache.ratis.thirdparty.io.netty.channel.nio.NioEventLoop.processSelectedKeys(NioEventLoop.java:496)
	at org.apache.ratis.thirdparty.io.netty.channel.nio.NioEventLoop.run(NioEventLoop.java:458)
	at org.apache.ratis.thirdparty.io.netty.util.concurrent.SingleThreadEventExecutor$5.run(SingleThreadEventExecutor.java:897)
	at org.apache.ratis.thirdparty.io.netty.util.concurrent.FastThreadLocalRunnable.run(FastThreadLocalRunnable.java:30)
	... 1 more
Caused by: java.net.ConnectException: Connection refused
	... 11 more
2019-10-09 13:14:09,577 [162534dc-93d9-4206-ab1e-9268955c7aca@group-014983823A3D:LeaderElection234] INFO  impl.RoleInfo (RoleInfo.java:shutdownLeaderElection(134)) - 162534dc-93d9-4206-ab1e-9268955c7aca: shutdown LeaderElection
2019-10-09 13:14:09,577 [162534dc-93d9-4206-ab1e-9268955c7aca@group-014983823A3D:LeaderElection234] INFO  impl.RaftServerImpl (RaftServerImpl.java:setRole(174)) - 162534dc-93d9-4206-ab1e-9268955c7aca@group-014983823A3D: changes role from CANDIDATE to LEADER at term 2 for changeToLeader
2019-10-09 13:14:09,577 [162534dc-93d9-4206-ab1e-9268955c7aca@group-014983823A3D:LeaderElection234] INFO  impl.RaftServerImpl (ServerState.java:setLeader(253)) - 162534dc-93d9-4206-ab1e-9268955c7aca@group-014983823A3D: change Leader from null to 162534dc-93d9-4206-ab1e-9268955c7aca at term 2 for becomeLeader, leader elected after 29ms
2019-10-09 13:14:09,577 [162534dc-93d9-4206-ab1e-9268955c7aca@group-014983823A3D:LeaderElection234] INFO  server.RaftServerConfigKeys (ConfUtils.java:logGet(43)) - raft.server.staging.catchup.gap = 1000 (default)
2019-10-09 13:14:09,578 [162534dc-93d9-4206-ab1e-9268955c7aca@group-014983823A3D:LeaderElection234] INFO  server.RaftServerConfigKeys (ConfUtils.java:logGet(43)) - raft.server.rpc.sleep.time = 25ms (default)
2019-10-09 13:14:09,578 [162534dc-93d9-4206-ab1e-9268955c7aca@group-014983823A3D:LeaderElection234] INFO  server.RaftServerConfigKeys (ConfUtils.java:logGet(43)) - raft.server.write.element-limit = 4096 (default)
2019-10-09 13:14:09,578 [162534dc-93d9-4206-ab1e-9268955c7aca@group-014983823A3D:LeaderElection234] INFO  server.RaftServerConfigKeys (ConfUtils.java:logGet(43)) - raft.server.watch.timeout = 10s (default)
2019-10-09 13:14:09,578 [162534dc-93d9-4206-ab1e-9268955c7aca@group-014983823A3D:LeaderElection234] INFO  server.RaftServerConfigKeys (ConfUtils.java:logGet(43)) - raft.server.watch.timeout.denomination = 1s (default)
2019-10-09 13:14:09,578 [162534dc-93d9-4206-ab1e-9268955c7aca@group-014983823A3D:LeaderElection234] INFO  server.RaftServerConfigKeys (ConfUtils.java:logGet(43)) - raft.server.watch.element-limit = 65536 (default)
2019-10-09 13:14:09,580 [162534dc-93d9-4206-ab1e-9268955c7aca@group-014983823A3D:LeaderElection234] INFO  server.RaftServerConfigKeys (ConfUtils.java:logGet(43)) - raft.server.log.appender.snapshot.chunk.size.max = 16MB (=16777216) (default)
2019-10-09 13:14:09,580 [162534dc-93d9-4206-ab1e-9268955c7aca@group-014983823A3D:LeaderElection234] INFO  server.RaftServerConfigKeys (ConfUtils.java:logGet(43)) - raft.server.log.appender.buffer.byte-limit = 33554432 (custom)
2019-10-09 13:14:09,581 [162534dc-93d9-4206-ab1e-9268955c7aca@group-014983823A3D:LeaderElection234] INFO  server.RaftServerConfigKeys (ConfUtils.java:logGet(43)) - raft.server.log.appender.buffer.element-limit = 1 (custom)
2019-10-09 13:14:09,581 [162534dc-93d9-4206-ab1e-9268955c7aca@group-014983823A3D:LeaderElection234] INFO  grpc.GrpcConfigKeys$Server (ConfUtils.java:logGet(43)) - raft.grpc.server.leader.outstanding.appends.max = 128 (default)
2019-10-09 13:14:09,581 [162534dc-93d9-4206-ab1e-9268955c7aca@group-014983823A3D:LeaderElection234] INFO  server.RaftServerConfigKeys (ConfUtils.java:logGet(43)) - raft.server.rpc.request.timeout = 3000ms (default)
2019-10-09 13:14:09,581 [162534dc-93d9-4206-ab1e-9268955c7aca@group-014983823A3D:LeaderElection234] INFO  server.RaftServerConfigKeys (ConfUtils.java:logGet(43)) - raft.server.log.appender.install.snapshot.enabled = false (custom)
2019-10-09 13:14:09,581 [162534dc-93d9-4206-ab1e-9268955c7aca@group-014983823A3D:LeaderElection234] INFO  server.RaftServerConfigKeys (ConfUtils.java:logGet(43)) - raft.server.log.appender.snapshot.chunk.size.max = 16MB (=16777216) (default)
2019-10-09 13:14:09,582 [162534dc-93d9-4206-ab1e-9268955c7aca@group-014983823A3D:LeaderElection234] INFO  server.RaftServerConfigKeys (ConfUtils.java:logGet(43)) - raft.server.log.appender.buffer.byte-limit = 33554432 (custom)
2019-10-09 13:14:09,582 [162534dc-93d9-4206-ab1e-9268955c7aca@group-014983823A3D:LeaderElection234] INFO  server.RaftServerConfigKeys (ConfUtils.java:logGet(43)) - raft.server.log.appender.buffer.element-limit = 1 (custom)
2019-10-09 13:14:09,582 [162534dc-93d9-4206-ab1e-9268955c7aca@group-014983823A3D:LeaderElection234] INFO  grpc.GrpcConfigKeys$Server (ConfUtils.java:logGet(43)) - raft.grpc.server.leader.outstanding.appends.max = 128 (default)
2019-10-09 13:14:09,582 [162534dc-93d9-4206-ab1e-9268955c7aca@group-014983823A3D:LeaderElection234] INFO  server.RaftServerConfigKeys (ConfUtils.java:logGet(43)) - raft.server.rpc.request.timeout = 3000ms (default)
2019-10-09 13:14:09,582 [162534dc-93d9-4206-ab1e-9268955c7aca@group-014983823A3D:LeaderElection234] INFO  server.RaftServerConfigKeys (ConfUtils.java:logGet(43)) - raft.server.log.appender.install.snapshot.enabled = false (custom)
2019-10-09 13:14:09,583 [162534dc-93d9-4206-ab1e-9268955c7aca@group-014983823A3D:LeaderElection234] INFO  impl.RoleInfo (RoleInfo.java:updateAndGet(143)) - 162534dc-93d9-4206-ab1e-9268955c7aca: start LeaderState
2019-10-09 13:14:09,583 [162534dc-93d9-4206-ab1e-9268955c7aca@group-014983823A3D:LeaderElection234] INFO  segmented.SegmentedRaftLogWorker (SegmentedRaftLogWorker.java:rollLogSegment(385)) - 162534dc-93d9-4206-ab1e-9268955c7aca@group-014983823A3D-SegmentedRaftLogWorker: Rolling segment log-0_0 to index:0
2019-10-09 13:14:09,583 [162534dc-93d9-4206-ab1e-9268955c7aca@group-014983823A3D-SegmentedRaftLogWorker] INFO  segmented.SegmentedRaftLogWorker (SegmentedRaftLogWorker.java:execute(526)) - 162534dc-93d9-4206-ab1e-9268955c7aca@group-014983823A3D-SegmentedRaftLogWorker: Rolled log segment from /workdir/hadoop-ozone/integration-test/target/test-dir/MiniOzoneClusterImpl-77992fd3-8e8a-426b-8566-445f44124f00/datanode-4/data/ratis/0e7a749a-41d2-47c3-bf75-014983823a3d/current/log_inprogress_0 to /workdir/hadoop-ozone/integration-test/target/test-dir/MiniOzoneClusterImpl-77992fd3-8e8a-426b-8566-445f44124f00/datanode-4/data/ratis/0e7a749a-41d2-47c3-bf75-014983823a3d/current/log_0-0
2019-10-09 13:14:09,583 [162534dc-93d9-4206-ab1e-9268955c7aca@group-014983823A3D:LeaderElection234] INFO  impl.RaftServerImpl (ServerState.java:setRaftConf(354)) - 162534dc-93d9-4206-ab1e-9268955c7aca@group-014983823A3D: set configuration 1: [162534dc-93d9-4206-ab1e-9268955c7aca:192.168.5.175:32957, 96acbf61-3ece-4d83-9836-a217fb58817a:192.168.5.175:35650, 869fbf5b-cbbd-43c6-9f26-156c5192e660:192.168.5.175:43498], old=null at 1
2019-10-09 13:14:09,584 [grpc-default-executor-46] WARN  server.GrpcLogAppender (LogUtils.java:warn(134)) - 162534dc-93d9-4206-ab1e-9268955c7aca@group-014983823A3D->96acbf61-3ece-4d83-9836-a217fb58817a-AppendLogResponseHandler: Failed appendEntries: org.apache.ratis.thirdparty.io.grpc.StatusRuntimeException: UNAVAILABLE: io exception
2019-10-09 13:14:09,611 [grpc-default-executor-46] INFO  impl.FollowerInfo (FollowerInfo.java:lambda$new$0(51)) - 162534dc-93d9-4206-ab1e-9268955c7aca@group-014983823A3D->96acbf61-3ece-4d83-9836-a217fb58817a: nextIndex: updateUnconditionally 1 -> 0
2019-10-09 13:14:09,612 [869fbf5b-cbbd-43c6-9f26-156c5192e660@group-4A4B977E74D1-SegmentedRaftLogWorker] INFO  segmented.SegmentedRaftLogWorker (SegmentedRaftLogWorker.java:execute(569)) - 869fbf5b-cbbd-43c6-9f26-156c5192e660@group-4A4B977E74D1-SegmentedRaftLogWorker: created new log segment /workdir/hadoop-ozone/integration-test/target/test-dir/MiniOzoneClusterImpl-77992fd3-8e8a-426b-8566-445f44124f00/datanode-3/data/ratis/31436527-0db7-4839-a6a0-4a4b977e74d1/current/log_inprogress_17
2019-10-09 13:14:09,613 [grpc-default-executor-46] INFO  impl.RaftServerImpl (ServerState.java:setLeader(253)) - 869fbf5b-cbbd-43c6-9f26-156c5192e660@group-014983823A3D: change Leader from null to 162534dc-93d9-4206-ab1e-9268955c7aca at term 2 for appendEntries, leader elected after 51ms
2019-10-09 13:14:09,613 [grpc-default-executor-46] WARN  server.GrpcLogAppender (LogUtils.java:warn(134)) - 869fbf5b-cbbd-43c6-9f26-156c5192e660@group-7276B70EB406->96acbf61-3ece-4d83-9836-a217fb58817a-AppendLogResponseHandler: Failed appendEntries: org.apache.ratis.thirdparty.io.grpc.StatusRuntimeException: UNAVAILABLE: io exception
2019-10-09 13:14:09,613 [grpc-default-executor-38] WARN  server.GrpcLogAppender (LogUtils.java:warn(134)) - 162534dc-93d9-4206-ab1e-9268955c7aca@group-F494DE254AFB->96acbf61-3ece-4d83-9836-a217fb58817a-AppendLogResponseHandler: Failed appendEntries: org.apache.ratis.thirdparty.io.grpc.StatusRuntimeException: UNAVAILABLE: io exception
2019-10-09 13:14:09,614 [grpc-default-executor-46] INFO  impl.FollowerInfo (FollowerInfo.java:lambda$new$0(51)) - 869fbf5b-cbbd-43c6-9f26-156c5192e660@group-7276B70EB406->96acbf61-3ece-4d83-9836-a217fb58817a: nextIndex: updateUnconditionally 0 -> 0
2019-10-09 13:14:09,614 [grpc-default-executor-38] INFO  impl.FollowerInfo (FollowerInfo.java:lambda$new$0(51)) - 162534dc-93d9-4206-ab1e-9268955c7aca@group-F494DE254AFB->96acbf61-3ece-4d83-9836-a217fb58817a: nextIndex: updateUnconditionally 0 -> 0
2019-10-09 13:14:09,615 [grpc-default-executor-38] INFO  impl.RaftServerImpl (ServerState.java:setRaftConf(354)) - 869fbf5b-cbbd-43c6-9f26-156c5192e660@group-014983823A3D: set configuration 1: [162534dc-93d9-4206-ab1e-9268955c7aca:192.168.5.175:32957, 96acbf61-3ece-4d83-9836-a217fb58817a:192.168.5.175:35650, 869fbf5b-cbbd-43c6-9f26-156c5192e660:192.168.5.175:43498], old=null at 1
2019-10-09 13:14:09,615 [grpc-default-executor-38] INFO  segmented.SegmentedRaftLogWorker (SegmentedRaftLogWorker.java:rollLogSegment(385)) - 869fbf5b-cbbd-43c6-9f26-156c5192e660@group-014983823A3D-SegmentedRaftLogWorker: Rolling segment log-0_0 to index:0
2019-10-09 13:14:09,616 [869fbf5b-cbbd-43c6-9f26-156c5192e660@group-014983823A3D-SegmentedRaftLogWorker] INFO  segmented.SegmentedRaftLogWorker (SegmentedRaftLogWorker.java:execute(526)) - 869fbf5b-cbbd-43c6-9f26-156c5192e660@group-014983823A3D-SegmentedRaftLogWorker: Rolled log segment from /workdir/hadoop-ozone/integration-test/target/test-dir/MiniOzoneClusterImpl-77992fd3-8e8a-426b-8566-445f44124f00/datanode-3/data/ratis/0e7a749a-41d2-47c3-bf75-014983823a3d/current/log_inprogress_0 to /workdir/hadoop-ozone/integration-test/target/test-dir/MiniOzoneClusterImpl-77992fd3-8e8a-426b-8566-445f44124f00/datanode-3/data/ratis/0e7a749a-41d2-47c3-bf75-014983823a3d/current/log_0-0
2019-10-09 13:14:09,654 [162534dc-93d9-4206-ab1e-9268955c7aca@group-014983823A3D-SegmentedRaftLogWorker] INFO  segmented.SegmentedRaftLogWorker (SegmentedRaftLogWorker.java:execute(569)) - 162534dc-93d9-4206-ab1e-9268955c7aca@group-014983823A3D-SegmentedRaftLogWorker: created new log segment /workdir/hadoop-ozone/integration-test/target/test-dir/MiniOzoneClusterImpl-77992fd3-8e8a-426b-8566-445f44124f00/datanode-4/data/ratis/0e7a749a-41d2-47c3-bf75-014983823a3d/current/log_inprogress_1
2019-10-09 13:14:09,663 [grpc-default-executor-37] WARN  server.GrpcLogAppender (LogUtils.java:warn(134)) - 162534dc-93d9-4206-ab1e-9268955c7aca@group-4A4B977E74D1->96acbf61-3ece-4d83-9836-a217fb58817a-AppendLogResponseHandler: Failed appendEntries: org.apache.ratis.thirdparty.io.grpc.StatusRuntimeException: UNAVAILABLE: io exception
2019-10-09 13:14:09,663 [grpc-default-executor-37] INFO  impl.FollowerInfo (FollowerInfo.java:lambda$new$0(51)) - 162534dc-93d9-4206-ab1e-9268955c7aca@group-4A4B977E74D1->96acbf61-3ece-4d83-9836-a217fb58817a: nextIndex: updateUnconditionally 2 -> 1
2019-10-09 13:14:09,666 [869fbf5b-cbbd-43c6-9f26-156c5192e660@group-014983823A3D-SegmentedRaftLogWorker] INFO  segmented.SegmentedRaftLogWorker (SegmentedRaftLogWorker.java:execute(569)) - 869fbf5b-cbbd-43c6-9f26-156c5192e660@group-014983823A3D-SegmentedRaftLogWorker: created new log segment /workdir/hadoop-ozone/integration-test/target/test-dir/MiniOzoneClusterImpl-77992fd3-8e8a-426b-8566-445f44124f00/datanode-3/data/ratis/0e7a749a-41d2-47c3-bf75-014983823a3d/current/log_inprogress_1
2019-10-09 13:14:09,668 [grpc-default-executor-46] WARN  server.GrpcLogAppender (LogUtils.java:warn(134)) - 162534dc-93d9-4206-ab1e-9268955c7aca@group-4A4B977E74D1->96acbf61-3ece-4d83-9836-a217fb58817a-AppendLogResponseHandler: Failed appendEntries: org.apache.ratis.thirdparty.io.grpc.StatusRuntimeException: UNAVAILABLE: io exception
2019-10-09 13:14:09,669 [grpc-default-executor-46] INFO  impl.FollowerInfo (FollowerInfo.java:lambda$new$0(51)) - 162534dc-93d9-4206-ab1e-9268955c7aca@group-4A4B977E74D1->96acbf61-3ece-4d83-9836-a217fb58817a: nextIndex: updateUnconditionally 2 -> 1
2019-10-09 13:14:09,670 [grpc-default-executor-38] WARN  server.GrpcLogAppender (LogUtils.java:warn(134)) - 162534dc-93d9-4206-ab1e-9268955c7aca@group-014983823A3D->96acbf61-3ece-4d83-9836-a217fb58817a-AppendLogResponseHandler: Failed appendEntries: org.apache.ratis.thirdparty.io.grpc.StatusRuntimeException: UNAVAILABLE: io exception
2019-10-09 13:14:09,670 [grpc-default-executor-38] INFO  impl.FollowerInfo (FollowerInfo.java:lambda$new$0(51)) - 162534dc-93d9-4206-ab1e-9268955c7aca@group-014983823A3D->96acbf61-3ece-4d83-9836-a217fb58817a: nextIndex: updateUnconditionally 1 -> 0
2019-10-09 13:14:09,673 [grpc-default-executor-46] WARN  server.GrpcLogAppender (LogUtils.java:warn(134)) - 162534dc-93d9-4206-ab1e-9268955c7aca@group-014983823A3D->96acbf61-3ece-4d83-9836-a217fb58817a-AppendLogResponseHandler: Failed appendEntries: org.apache.ratis.thirdparty.io.grpc.StatusRuntimeException: UNAVAILABLE: io exception
2019-10-09 13:14:09,673 [grpc-default-executor-46] INFO  impl.FollowerInfo (FollowerInfo.java:lambda$new$0(51)) - 162534dc-93d9-4206-ab1e-9268955c7aca@group-014983823A3D->96acbf61-3ece-4d83-9836-a217fb58817a: nextIndex: updateUnconditionally 1 -> 0
2019-10-09 13:14:09,688 [grpc-default-executor-46] WARN  server.GrpcLogAppender (LogUtils.java:warn(134)) - 162534dc-93d9-4206-ab1e-9268955c7aca@group-227D833B6095->96acbf61-3ece-4d83-9836-a217fb58817a-AppendLogResponseHandler: Failed appendEntries: org.apache.ratis.thirdparty.io.grpc.StatusRuntimeException: UNAVAILABLE: io exception
2019-10-09 13:14:09,688 [grpc-default-executor-46] INFO  impl.FollowerInfo (FollowerInfo.java:lambda$new$0(51)) - 162534dc-93d9-4206-ab1e-9268955c7aca@group-227D833B6095->96acbf61-3ece-4d83-9836-a217fb58817a: nextIndex: updateUnconditionally 0 -> 0
2019-10-09 13:14:09,922 [Thread-7349] INFO  impl.FollowerState (FollowerState.java:run(106)) - 869fbf5b-cbbd-43c6-9f26-156c5192e660:group-FB9E4996B38B changes to CANDIDATE, lastRpcTime:10068, electionTimeout:5037ms
2019-10-09 13:14:09,922 [Thread-7349] INFO  impl.RoleInfo (RoleInfo.java:shutdownFollowerState(121)) - 869fbf5b-cbbd-43c6-9f26-156c5192e660: shutdown FollowerState
2019-10-09 13:14:09,922 [Thread-7349] INFO  impl.RaftServerImpl (RaftServerImpl.java:setRole(174)) - 869fbf5b-cbbd-43c6-9f26-156c5192e660@group-FB9E4996B38B: changes role from  FOLLOWER to CANDIDATE at term 1 for changeToCandidate
2019-10-09 13:14:09,922 [Thread-7349] INFO  impl.RoleInfo (RoleInfo.java:updateAndGet(143)) - 869fbf5b-cbbd-43c6-9f26-156c5192e660: start LeaderElection
2019-10-09 13:14:09,923 [869fbf5b-cbbd-43c6-9f26-156c5192e660@group-FB9E4996B38B:LeaderElection235] INFO  impl.RaftServerImpl (ServerState.java:setLeader(253)) - 869fbf5b-cbbd-43c6-9f26-156c5192e660@group-FB9E4996B38B: change Leader from 96acbf61-3ece-4d83-9836-a217fb58817a to null at term 1 for initElection
2019-10-09 13:14:09,936 [869fbf5b-cbbd-43c6-9f26-156c5192e660@group-FB9E4996B38B:LeaderElection235] INFO  impl.LeaderElection (LeaderElection.java:askForVotes(182)) - 869fbf5b-cbbd-43c6-9f26-156c5192e660@group-FB9E4996B38B:LeaderElection235: begin an election at term 2 for 0: [96acbf61-3ece-4d83-9836-a217fb58817a:192.168.5.175:35650, 162534dc-93d9-4206-ab1e-9268955c7aca:192.168.5.175:32957, 869fbf5b-cbbd-43c6-9f26-156c5192e660:192.168.5.175:43498], old=null
2019-10-09 13:14:09,939 [grpc-default-executor-38] INFO  impl.RaftServerImpl (ServerState.java:setLeader(253)) - 162534dc-93d9-4206-ab1e-9268955c7aca@group-FB9E4996B38B: change Leader from 96acbf61-3ece-4d83-9836-a217fb58817a to null at term 2 for updateCurrentTerm
2019-10-09 13:14:09,939 [869fbf5b-cbbd-43c6-9f26-156c5192e660@group-FB9E4996B38B:LeaderElection235] INFO  impl.LeaderElection (LogUtils.java:infoOrTrace(149)) - 869fbf5b-cbbd-43c6-9f26-156c5192e660@group-FB9E4996B38B:LeaderElection235 got exception when requesting votes: {}
java.util.concurrent.ExecutionException: org.apache.ratis.thirdparty.io.grpc.StatusRuntimeException: UNAVAILABLE: io exception
	at java.util.concurrent.FutureTask.report(FutureTask.java:122)
	at java.util.concurrent.FutureTask.get(FutureTask.java:192)
	at org.apache.ratis.server.impl.LeaderElection.waitForResults(LeaderElection.java:263)
	at org.apache.ratis.server.impl.LeaderElection.askForVotes(LeaderElection.java:201)
	at org.apache.ratis.server.impl.LeaderElection.run(LeaderElection.java:133)
	at java.lang.Thread.run(Thread.java:748)
Caused by: org.apache.ratis.thirdparty.io.grpc.StatusRuntimeException: UNAVAILABLE: io exception
	at org.apache.ratis.thirdparty.io.grpc.stub.ClientCalls.toStatusRuntimeException(ClientCalls.java:233)
	at org.apache.ratis.thirdparty.io.grpc.stub.ClientCalls.getUnchecked(ClientCalls.java:214)
	at org.apache.ratis.thirdparty.io.grpc.stub.ClientCalls.blockingUnaryCall(ClientCalls.java:139)
	at org.apache.ratis.proto.grpc.RaftServerProtocolServiceGrpc$RaftServerProtocolServiceBlockingStub.requestVote(RaftServerProtocolServiceGrpc.java:265)
	at org.apache.ratis.grpc.server.GrpcServerProtocolClient.requestVote(GrpcServerProtocolClient.java:90)
	at org.apache.ratis.grpc.server.GrpcService.requestVote(GrpcService.java:204)
	at org.apache.ratis.server.impl.LeaderElection.lambda$submitRequests$1(LeaderElection.java:238)
	at java.util.concurrent.FutureTask.run(FutureTask.java:266)
	at java.util.concurrent.Executors$RunnableAdapter.call(Executors.java:511)
	at java.util.concurrent.FutureTask.run(FutureTask.java:266)
	at java.util.concurrent.ThreadPoolExecutor.runWorker(ThreadPoolExecutor.java:1149)
	at java.util.concurrent.ThreadPoolExecutor$Worker.run(ThreadPoolExecutor.java:624)
	... 1 more
Caused by: org.apache.ratis.thirdparty.io.netty.channel.AbstractChannel$AnnotatedConnectException: Connection refused: /192.168.5.175:35650
	at sun.nio.ch.SocketChannelImpl.checkConnect(Native Method)
	at sun.nio.ch.SocketChannelImpl.finishConnect(SocketChannelImpl.java:717)
	at org.apache.ratis.thirdparty.io.netty.channel.socket.nio.NioSocketChannel.doFinishConnect(NioSocketChannel.java:327)
	at org.apache.ratis.thirdparty.io.netty.channel.nio.AbstractNioChannel$AbstractNioUnsafe.finishConnect(AbstractNioChannel.java:340)
	at org.apache.ratis.thirdparty.io.netty.channel.nio.NioEventLoop.processSelectedKey(NioEventLoop.java:632)
	at org.apache.ratis.thirdparty.io.netty.channel.nio.NioEventLoop.processSelectedKeysOptimized(NioEventLoop.java:579)
	at org.apache.ratis.thirdparty.io.netty.channel.nio.NioEventLoop.processSelectedKeys(NioEventLoop.java:496)
	at org.apache.ratis.thirdparty.io.netty.channel.nio.NioEventLoop.run(NioEventLoop.java:458)
	at org.apache.ratis.thirdparty.io.netty.util.concurrent.SingleThreadEventExecutor$5.run(SingleThreadEventExecutor.java:897)
	at org.apache.ratis.thirdparty.io.netty.util.concurrent.FastThreadLocalRunnable.run(FastThreadLocalRunnable.java:30)
	... 1 more
Caused by: java.net.ConnectException: Connection refused
	... 11 more
2019-10-09 13:14:09,939 [grpc-default-executor-38] INFO  impl.RaftServerImpl (RaftServerImpl.java:setRole(174)) - 162534dc-93d9-4206-ab1e-9268955c7aca@group-FB9E4996B38B: changes role from  FOLLOWER to FOLLOWER at term 2 for recognizeCandidate:869fbf5b-cbbd-43c6-9f26-156c5192e660
2019-10-09 13:14:09,940 [grpc-default-executor-38] INFO  impl.RoleInfo (RoleInfo.java:shutdownFollowerState(121)) - 162534dc-93d9-4206-ab1e-9268955c7aca: shutdown FollowerState
2019-10-09 13:14:09,940 [grpc-default-executor-38] INFO  impl.RoleInfo (RoleInfo.java:updateAndGet(143)) - 162534dc-93d9-4206-ab1e-9268955c7aca: start FollowerState
2019-10-09 13:14:09,940 [Thread-7351] INFO  impl.FollowerState (FollowerState.java:run(115)) - 162534dc-93d9-4206-ab1e-9268955c7aca: FollowerState was interrupted: java.lang.InterruptedException: sleep interrupted
2019-10-09 13:14:09,955 [869fbf5b-cbbd-43c6-9f26-156c5192e660@group-FB9E4996B38B:LeaderElection235] INFO  impl.LeaderElection (LeaderElection.java:logAndReturn(56)) - 869fbf5b-cbbd-43c6-9f26-156c5192e660@group-FB9E4996B38B:LeaderElection235: Election PASSED; received 1 response(s) [869fbf5b-cbbd-43c6-9f26-156c5192e660<-162534dc-93d9-4206-ab1e-9268955c7aca#0:OK-t2] and 1 exception(s); 869fbf5b-cbbd-43c6-9f26-156c5192e660@group-FB9E4996B38B:t2, leader=null, voted=869fbf5b-cbbd-43c6-9f26-156c5192e660, raftlog=869fbf5b-cbbd-43c6-9f26-156c5192e660@group-FB9E4996B38B-SegmentedRaftLog:OPENED:c0,f0,i0, conf=0: [96acbf61-3ece-4d83-9836-a217fb58817a:192.168.5.175:35650, 162534dc-93d9-4206-ab1e-9268955c7aca:192.168.5.175:32957, 869fbf5b-cbbd-43c6-9f26-156c5192e660:192.168.5.175:43498], old=null
2019-10-09 13:14:09,955 [869fbf5b-cbbd-43c6-9f26-156c5192e660@group-FB9E4996B38B:LeaderElection235] INFO  impl.LeaderElection (LogUtils.java:infoOrTrace(149)) -   Exception 0: {}
java.util.concurrent.ExecutionException: org.apache.ratis.thirdparty.io.grpc.StatusRuntimeException: UNAVAILABLE: io exception
	at java.util.concurrent.FutureTask.report(FutureTask.java:122)
	at java.util.concurrent.FutureTask.get(FutureTask.java:192)
	at org.apache.ratis.server.impl.LeaderElection.waitForResults(LeaderElection.java:263)
	at org.apache.ratis.server.impl.LeaderElection.askForVotes(LeaderElection.java:201)
	at org.apache.ratis.server.impl.LeaderElection.run(LeaderElection.java:133)
	at java.lang.Thread.run(Thread.java:748)
Caused by: org.apache.ratis.thirdparty.io.grpc.StatusRuntimeException: UNAVAILABLE: io exception
	at org.apache.ratis.thirdparty.io.grpc.stub.ClientCalls.toStatusRuntimeException(ClientCalls.java:233)
	at org.apache.ratis.thirdparty.io.grpc.stub.ClientCalls.getUnchecked(ClientCalls.java:214)
	at org.apache.ratis.thirdparty.io.grpc.stub.ClientCalls.blockingUnaryCall(ClientCalls.java:139)
	at org.apache.ratis.proto.grpc.RaftServerProtocolServiceGrpc$RaftServerProtocolServiceBlockingStub.requestVote(RaftServerProtocolServiceGrpc.java:265)
	at org.apache.ratis.grpc.server.GrpcServerProtocolClient.requestVote(GrpcServerProtocolClient.java:90)
	at org.apache.ratis.grpc.server.GrpcService.requestVote(GrpcService.java:204)
	at org.apache.ratis.server.impl.LeaderElection.lambda$submitRequests$1(LeaderElection.java:238)
	at java.util.concurrent.FutureTask.run(FutureTask.java:266)
	at java.util.concurrent.Executors$RunnableAdapter.call(Executors.java:511)
	at java.util.concurrent.FutureTask.run(FutureTask.java:266)
	at java.util.concurrent.ThreadPoolExecutor.runWorker(ThreadPoolExecutor.java:1149)
	at java.util.concurrent.ThreadPoolExecutor$Worker.run(ThreadPoolExecutor.java:624)
	... 1 more
Caused by: org.apache.ratis.thirdparty.io.netty.channel.AbstractChannel$AnnotatedConnectException: Connection refused: /192.168.5.175:35650
	at sun.nio.ch.SocketChannelImpl.checkConnect(Native Method)
	at sun.nio.ch.SocketChannelImpl.finishConnect(SocketChannelImpl.java:717)
	at org.apache.ratis.thirdparty.io.netty.channel.socket.nio.NioSocketChannel.doFinishConnect(NioSocketChannel.java:327)
	at org.apache.ratis.thirdparty.io.netty.channel.nio.AbstractNioChannel$AbstractNioUnsafe.finishConnect(AbstractNioChannel.java:340)
	at org.apache.ratis.thirdparty.io.netty.channel.nio.NioEventLoop.processSelectedKey(NioEventLoop.java:632)
	at org.apache.ratis.thirdparty.io.netty.channel.nio.NioEventLoop.processSelectedKeysOptimized(NioEventLoop.java:579)
	at org.apache.ratis.thirdparty.io.netty.channel.nio.NioEventLoop.processSelectedKeys(NioEventLoop.java:496)
	at org.apache.ratis.thirdparty.io.netty.channel.nio.NioEventLoop.run(NioEventLoop.java:458)
	at org.apache.ratis.thirdparty.io.netty.util.concurrent.SingleThreadEventExecutor$5.run(SingleThreadEventExecutor.java:897)
	at org.apache.ratis.thirdparty.io.netty.util.concurrent.FastThreadLocalRunnable.run(FastThreadLocalRunnable.java:30)
	... 1 more
Caused by: java.net.ConnectException: Connection refused
	... 11 more
2019-10-09 13:14:09,955 [869fbf5b-cbbd-43c6-9f26-156c5192e660@group-FB9E4996B38B:LeaderElection235] INFO  impl.RoleInfo (RoleInfo.java:shutdownLeaderElection(134)) - 869fbf5b-cbbd-43c6-9f26-156c5192e660: shutdown LeaderElection
2019-10-09 13:14:09,955 [869fbf5b-cbbd-43c6-9f26-156c5192e660@group-FB9E4996B38B:LeaderElection235] INFO  impl.RaftServerImpl (RaftServerImpl.java:setRole(174)) - 869fbf5b-cbbd-43c6-9f26-156c5192e660@group-FB9E4996B38B: changes role from CANDIDATE to LEADER at term 2 for changeToLeader
2019-10-09 13:14:09,955 [869fbf5b-cbbd-43c6-9f26-156c5192e660@group-FB9E4996B38B:LeaderElection235] INFO  impl.RaftServerImpl (ServerState.java:setLeader(253)) - 869fbf5b-cbbd-43c6-9f26-156c5192e660@group-FB9E4996B38B: change Leader from null to 869fbf5b-cbbd-43c6-9f26-156c5192e660 at term 2 for becomeLeader, leader elected after 32ms
2019-10-09 13:14:09,956 [869fbf5b-cbbd-43c6-9f26-156c5192e660@group-FB9E4996B38B:LeaderElection235] INFO  server.RaftServerConfigKeys (ConfUtils.java:logGet(43)) - raft.server.staging.catchup.gap = 1000 (default)
2019-10-09 13:14:09,956 [869fbf5b-cbbd-43c6-9f26-156c5192e660@group-FB9E4996B38B:LeaderElection235] INFO  server.RaftServerConfigKeys (ConfUtils.java:logGet(43)) - raft.server.rpc.sleep.time = 25ms (default)
2019-10-09 13:14:09,956 [869fbf5b-cbbd-43c6-9f26-156c5192e660@group-FB9E4996B38B:LeaderElection235] INFO  server.RaftServerConfigKeys (ConfUtils.java:logGet(43)) - raft.server.write.element-limit = 4096 (default)
2019-10-09 13:14:09,956 [869fbf5b-cbbd-43c6-9f26-156c5192e660@group-FB9E4996B38B:LeaderElection235] INFO  server.RaftServerConfigKeys (ConfUtils.java:logGet(43)) - raft.server.watch.timeout = 10s (default)
2019-10-09 13:14:09,956 [869fbf5b-cbbd-43c6-9f26-156c5192e660@group-FB9E4996B38B:LeaderElection235] INFO  server.RaftServerConfigKeys (ConfUtils.java:logGet(43)) - raft.server.watch.timeout.denomination = 1s (default)
2019-10-09 13:14:09,956 [869fbf5b-cbbd-43c6-9f26-156c5192e660@group-FB9E4996B38B:LeaderElection235] INFO  server.RaftServerConfigKeys (ConfUtils.java:logGet(43)) - raft.server.watch.element-limit = 65536 (default)
2019-10-09 13:14:09,958 [869fbf5b-cbbd-43c6-9f26-156c5192e660@group-FB9E4996B38B:LeaderElection235] INFO  server.RaftServerConfigKeys (ConfUtils.java:logGet(43)) - raft.server.log.appender.snapshot.chunk.size.max = 16MB (=16777216) (default)
2019-10-09 13:14:09,959 [869fbf5b-cbbd-43c6-9f26-156c5192e660@group-FB9E4996B38B:LeaderElection235] INFO  server.RaftServerConfigKeys (ConfUtils.java:logGet(43)) - raft.server.log.appender.buffer.byte-limit = 33554432 (custom)
2019-10-09 13:14:09,959 [869fbf5b-cbbd-43c6-9f26-156c5192e660@group-FB9E4996B38B:LeaderElection235] INFO  server.RaftServerConfigKeys (ConfUtils.java:logGet(43)) - raft.server.log.appender.buffer.element-limit = 1 (custom)
2019-10-09 13:14:09,959 [869fbf5b-cbbd-43c6-9f26-156c5192e660@group-FB9E4996B38B:LeaderElection235] INFO  grpc.GrpcConfigKeys$Server (ConfUtils.java:logGet(43)) - raft.grpc.server.leader.outstanding.appends.max = 128 (default)
2019-10-09 13:14:09,959 [869fbf5b-cbbd-43c6-9f26-156c5192e660@group-FB9E4996B38B:LeaderElection235] INFO  server.RaftServerConfigKeys (ConfUtils.java:logGet(43)) - raft.server.rpc.request.timeout = 3000ms (default)
2019-10-09 13:14:09,959 [869fbf5b-cbbd-43c6-9f26-156c5192e660@group-FB9E4996B38B:LeaderElection235] INFO  server.RaftServerConfigKeys (ConfUtils.java:logGet(43)) - raft.server.log.appender.install.snapshot.enabled = false (custom)
2019-10-09 13:14:09,960 [869fbf5b-cbbd-43c6-9f26-156c5192e660@group-FB9E4996B38B:LeaderElection235] INFO  server.RaftServerConfigKeys (ConfUtils.java:logGet(43)) - raft.server.log.appender.snapshot.chunk.size.max = 16MB (=16777216) (default)
2019-10-09 13:14:09,960 [869fbf5b-cbbd-43c6-9f26-156c5192e660@group-FB9E4996B38B:LeaderElection235] INFO  server.RaftServerConfigKeys (ConfUtils.java:logGet(43)) - raft.server.log.appender.buffer.byte-limit = 33554432 (custom)
2019-10-09 13:14:09,960 [869fbf5b-cbbd-43c6-9f26-156c5192e660@group-FB9E4996B38B:LeaderElection235] INFO  server.RaftServerConfigKeys (ConfUtils.java:logGet(43)) - raft.server.log.appender.buffer.element-limit = 1 (custom)
2019-10-09 13:14:09,960 [869fbf5b-cbbd-43c6-9f26-156c5192e660@group-FB9E4996B38B:LeaderElection235] INFO  grpc.GrpcConfigKeys$Server (ConfUtils.java:logGet(43)) - raft.grpc.server.leader.outstanding.appends.max = 128 (default)
2019-10-09 13:14:09,960 [869fbf5b-cbbd-43c6-9f26-156c5192e660@group-FB9E4996B38B:LeaderElection235] INFO  server.RaftServerConfigKeys (ConfUtils.java:logGet(43)) - raft.server.rpc.request.timeout = 3000ms (default)
2019-10-09 13:14:09,961 [869fbf5b-cbbd-43c6-9f26-156c5192e660@group-FB9E4996B38B:LeaderElection235] INFO  server.RaftServerConfigKeys (ConfUtils.java:logGet(43)) - raft.server.log.appender.install.snapshot.enabled = false (custom)
2019-10-09 13:14:09,961 [869fbf5b-cbbd-43c6-9f26-156c5192e660@group-FB9E4996B38B:LeaderElection235] INFO  impl.RoleInfo (RoleInfo.java:updateAndGet(143)) - 869fbf5b-cbbd-43c6-9f26-156c5192e660: start LeaderState
2019-10-09 13:14:09,961 [869fbf5b-cbbd-43c6-9f26-156c5192e660@group-FB9E4996B38B:LeaderElection235] INFO  segmented.SegmentedRaftLogWorker (SegmentedRaftLogWorker.java:rollLogSegment(385)) - 869fbf5b-cbbd-43c6-9f26-156c5192e660@group-FB9E4996B38B-SegmentedRaftLogWorker: Rolling segment log-0_0 to index:0
2019-10-09 13:14:09,962 [869fbf5b-cbbd-43c6-9f26-156c5192e660@group-FB9E4996B38B:LeaderElection235] INFO  impl.RaftServerImpl (ServerState.java:setRaftConf(354)) - 869fbf5b-cbbd-43c6-9f26-156c5192e660@group-FB9E4996B38B: set configuration 1: [96acbf61-3ece-4d83-9836-a217fb58817a:192.168.5.175:35650, 162534dc-93d9-4206-ab1e-9268955c7aca:192.168.5.175:32957, 869fbf5b-cbbd-43c6-9f26-156c5192e660:192.168.5.175:43498], old=null at 1
2019-10-09 13:14:09,962 [grpc-default-executor-38] WARN  server.GrpcLogAppender (LogUtils.java:warn(134)) - 869fbf5b-cbbd-43c6-9f26-156c5192e660@group-FB9E4996B38B->96acbf61-3ece-4d83-9836-a217fb58817a-AppendLogResponseHandler: Failed appendEntries: org.apache.ratis.thirdparty.io.grpc.StatusRuntimeException: UNAVAILABLE: io exception
2019-10-09 13:14:09,962 [869fbf5b-cbbd-43c6-9f26-156c5192e660@group-FB9E4996B38B-SegmentedRaftLogWorker] INFO  segmented.SegmentedRaftLogWorker (SegmentedRaftLogWorker.java:execute(526)) - 869fbf5b-cbbd-43c6-9f26-156c5192e660@group-FB9E4996B38B-SegmentedRaftLogWorker: Rolled log segment from /workdir/hadoop-ozone/integration-test/target/test-dir/MiniOzoneClusterImpl-77992fd3-8e8a-426b-8566-445f44124f00/datanode-3/data/ratis/3d847b10-3720-43c7-819e-fb9e4996b38b/current/log_inprogress_0 to /workdir/hadoop-ozone/integration-test/target/test-dir/MiniOzoneClusterImpl-77992fd3-8e8a-426b-8566-445f44124f00/datanode-3/data/ratis/3d847b10-3720-43c7-819e-fb9e4996b38b/current/log_0-0
2019-10-09 13:14:09,962 [grpc-default-executor-38] INFO  impl.FollowerInfo (FollowerInfo.java:lambda$new$0(51)) - 869fbf5b-cbbd-43c6-9f26-156c5192e660@group-FB9E4996B38B->96acbf61-3ece-4d83-9836-a217fb58817a: nextIndex: updateUnconditionally 1 -> 0
2019-10-09 13:14:09,963 [grpc-default-executor-46] INFO  impl.RaftServerImpl (ServerState.java:setLeader(253)) - 162534dc-93d9-4206-ab1e-9268955c7aca@group-FB9E4996B38B: change Leader from null to 869fbf5b-cbbd-43c6-9f26-156c5192e660 at term 2 for appendEntries, leader elected after 23ms
2019-10-09 13:14:09,964 [grpc-default-executor-46] INFO  impl.RaftServerImpl (ServerState.java:setRaftConf(354)) - 162534dc-93d9-4206-ab1e-9268955c7aca@group-FB9E4996B38B: set configuration 1: [96acbf61-3ece-4d83-9836-a217fb58817a:192.168.5.175:35650, 162534dc-93d9-4206-ab1e-9268955c7aca:192.168.5.175:32957, 869fbf5b-cbbd-43c6-9f26-156c5192e660:192.168.5.175:43498], old=null at 1
2019-10-09 13:14:09,965 [grpc-default-executor-46] INFO  segmented.SegmentedRaftLogWorker (SegmentedRaftLogWorker.java:rollLogSegment(385)) - 162534dc-93d9-4206-ab1e-9268955c7aca@group-FB9E4996B38B-SegmentedRaftLogWorker: Rolling segment log-0_0 to index:0
2019-10-09 13:14:09,965 [162534dc-93d9-4206-ab1e-9268955c7aca@group-FB9E4996B38B-SegmentedRaftLogWorker] INFO  segmented.SegmentedRaftLogWorker (SegmentedRaftLogWorker.java:execute(526)) - 162534dc-93d9-4206-ab1e-9268955c7aca@group-FB9E4996B38B-SegmentedRaftLogWorker: Rolled log segment from /workdir/hadoop-ozone/integration-test/target/test-dir/MiniOzoneClusterImpl-77992fd3-8e8a-426b-8566-445f44124f00/datanode-4/data/ratis/3d847b10-3720-43c7-819e-fb9e4996b38b/current/log_inprogress_0 to /workdir/hadoop-ozone/integration-test/target/test-dir/MiniOzoneClusterImpl-77992fd3-8e8a-426b-8566-445f44124f00/datanode-4/data/ratis/3d847b10-3720-43c7-819e-fb9e4996b38b/current/log_0-0
2019-10-09 13:14:10,012 [869fbf5b-cbbd-43c6-9f26-156c5192e660@group-FB9E4996B38B-SegmentedRaftLogWorker] INFO  segmented.SegmentedRaftLogWorker (SegmentedRaftLogWorker.java:execute(569)) - 869fbf5b-cbbd-43c6-9f26-156c5192e660@group-FB9E4996B38B-SegmentedRaftLogWorker: created new log segment /workdir/hadoop-ozone/integration-test/target/test-dir/MiniOzoneClusterImpl-77992fd3-8e8a-426b-8566-445f44124f00/datanode-3/data/ratis/3d847b10-3720-43c7-819e-fb9e4996b38b/current/log_inprogress_1
2019-10-09 13:14:10,012 [162534dc-93d9-4206-ab1e-9268955c7aca@group-FB9E4996B38B-SegmentedRaftLogWorker] INFO  segmented.SegmentedRaftLogWorker (SegmentedRaftLogWorker.java:execute(569)) - 162534dc-93d9-4206-ab1e-9268955c7aca@group-FB9E4996B38B-SegmentedRaftLogWorker: created new log segment /workdir/hadoop-ozone/integration-test/target/test-dir/MiniOzoneClusterImpl-77992fd3-8e8a-426b-8566-445f44124f00/datanode-4/data/ratis/3d847b10-3720-43c7-819e-fb9e4996b38b/current/log_inprogress_1
2019-10-09 13:14:10,027 [grpc-default-executor-37] WARN  server.GrpcLogAppender (LogUtils.java:warn(134)) - 869fbf5b-cbbd-43c6-9f26-156c5192e660@group-FB9E4996B38B->96acbf61-3ece-4d83-9836-a217fb58817a-AppendLogResponseHandler: Failed appendEntries: org.apache.ratis.thirdparty.io.grpc.StatusRuntimeException: UNAVAILABLE: io exception
2019-10-09 13:14:10,027 [grpc-default-executor-37] INFO  impl.FollowerInfo (FollowerInfo.java:lambda$new$0(51)) - 869fbf5b-cbbd-43c6-9f26-156c5192e660@group-FB9E4996B38B->96acbf61-3ece-4d83-9836-a217fb58817a: nextIndex: updateUnconditionally 1 -> 0
2019-10-09 13:14:10,044 [grpc-default-executor-37] WARN  server.GrpcLogAppender (LogUtils.java:warn(134)) - 869fbf5b-cbbd-43c6-9f26-156c5192e660@group-FB9E4996B38B->96acbf61-3ece-4d83-9836-a217fb58817a-AppendLogResponseHandler: Failed appendEntries: org.apache.ratis.thirdparty.io.grpc.StatusRuntimeException: UNAVAILABLE: io exception
2019-10-09 13:14:10,044 [grpc-default-executor-37] INFO  impl.FollowerInfo (FollowerInfo.java:lambda$new$0(51)) - 869fbf5b-cbbd-43c6-9f26-156c5192e660@group-FB9E4996B38B->96acbf61-3ece-4d83-9836-a217fb58817a: nextIndex: updateUnconditionally 1 -> 0
2019-10-09 13:14:10,069 [grpc-default-executor-35] WARN  server.GrpcLogAppender (LogUtils.java:warn(134)) - 869fbf5b-cbbd-43c6-9f26-156c5192e660@group-DC31737E2860->96acbf61-3ece-4d83-9836-a217fb58817a-AppendLogResponseHandler: Failed appendEntries: org.apache.ratis.thirdparty.io.grpc.StatusRuntimeException: UNAVAILABLE: io exception
2019-10-09 13:14:10,069 [grpc-default-executor-35] INFO  impl.FollowerInfo (FollowerInfo.java:lambda$new$0(51)) - 869fbf5b-cbbd-43c6-9f26-156c5192e660@group-DC31737E2860->96acbf61-3ece-4d83-9836-a217fb58817a: nextIndex: updateUnconditionally 0 -> 0
13:14:10.168 [grpc-default-executor-35] ERROR DNAudit - user=null | ip=null | op=WRITE_CHUNK {blockData=conID: 1 locID: 102932599529144335 bcsId: 14} | ret=FAILURE
org.apache.hadoop.hdds.scm.container.common.helpers.ContainerNotOpenException: Container 1 in CLOSING state
	at org.apache.hadoop.ozone.container.common.impl.HddsDispatcher.validateContainerCommand(HddsDispatcher.java:434) ~[hadoop-hdds-container-service-0.5.0-SNAPSHOT.jar:?]
	at org.apache.hadoop.ozone.container.common.transport.server.ratis.ContainerStateMachine.startTransaction(ContainerStateMachine.java:315) ~[hadoop-hdds-container-service-0.5.0-SNAPSHOT.jar:?]
	at org.apache.ratis.server.impl.RaftServerImpl.submitClientRequestAsync(RaftServerImpl.java:573) ~[ratis-server-0.4.0.jar:0.4.0]
	at org.apache.ratis.server.impl.RaftServerProxy.lambda$submitClientRequestAsync$7(RaftServerProxy.java:333) ~[ratis-server-0.4.0.jar:0.4.0]
	at org.apache.ratis.server.impl.RaftServerProxy.lambda$null$5(RaftServerProxy.java:328) ~[ratis-server-0.4.0.jar:0.4.0]
	at org.apache.ratis.util.JavaUtils.callAsUnchecked(JavaUtils.java:109) ~[ratis-common-0.4.0.jar:0.4.0]
	at org.apache.ratis.server.impl.RaftServerProxy.lambda$submitRequest$6(RaftServerProxy.java:328) ~[ratis-server-0.4.0.jar:0.4.0]
	at java.util.concurrent.CompletableFuture.uniComposeStage(CompletableFuture.java:981) ~[?:1.8.0_212]
	at java.util.concurrent.CompletableFuture.thenCompose(CompletableFuture.java:2124) ~[?:1.8.0_212]
	at org.apache.ratis.server.impl.RaftServerProxy.submitRequest(RaftServerProxy.java:327) ~[ratis-server-0.4.0.jar:0.4.0]
	at org.apache.ratis.server.impl.RaftServerProxy.submitClientRequestAsync(RaftServerProxy.java:333) ~[ratis-server-0.4.0.jar:0.4.0]
	at org.apache.ratis.grpc.client.GrpcClientProtocolService$RequestStreamObserver.processClientRequest(GrpcClientProtocolService.java:220) ~[ratis-grpc-0.4.0.jar:0.4.0]
	at org.apache.ratis.grpc.client.GrpcClientProtocolService$OrderedRequestStreamObserver.processClientRequest(GrpcClientProtocolService.java:326) ~[ratis-grpc-0.4.0.jar:0.4.0]
	at org.apache.ratis.util.SlidingWindow$Server.processRequestsFromHead(SlidingWindow.java:429) [ratis-common-0.4.0.jar:0.4.0]
	at org.apache.ratis.util.SlidingWindow$Server.receivedRequest(SlidingWindow.java:421) [ratis-common-0.4.0.jar:0.4.0]
	at org.apache.ratis.grpc.client.GrpcClientProtocolService$OrderedRequestStreamObserver.processClientRequest(GrpcClientProtocolService.java:345) [ratis-grpc-0.4.0.jar:0.4.0]
	at org.apache.ratis.grpc.client.GrpcClientProtocolService$RequestStreamObserver.onNext(GrpcClientProtocolService.java:240) [ratis-grpc-0.4.0.jar:0.4.0]
	at org.apache.ratis.grpc.client.GrpcClientProtocolService$RequestStreamObserver.onNext(GrpcClientProtocolService.java:168) [ratis-grpc-0.4.0.jar:0.4.0]
	at org.apache.ratis.thirdparty.io.grpc.stub.ServerCalls$StreamingServerCallHandler$StreamingServerCallListener.onMessage(ServerCalls.java:248) [ratis-thirdparty-misc-0.2.0.jar:0.2.0]
	at org.apache.ratis.thirdparty.io.grpc.internal.ServerCallImpl$ServerStreamListenerImpl.messagesAvailable(ServerCallImpl.java:263) [ratis-thirdparty-misc-0.2.0.jar:0.2.0]
	at org.apache.ratis.thirdparty.io.grpc.internal.ServerImpl$JumpToApplicationThreadServerStreamListener$1MessagesAvailable.runInContext(ServerImpl.java:686) [ratis-thirdparty-misc-0.2.0.jar:0.2.0]
	at org.apache.ratis.thirdparty.io.grpc.internal.ContextRunnable.run(ContextRunnable.java:37) [ratis-thirdparty-misc-0.2.0.jar:0.2.0]
	at org.apache.ratis.thirdparty.io.grpc.internal.SerializingExecutor.run(SerializingExecutor.java:123) [ratis-thirdparty-misc-0.2.0.jar:0.2.0]
	at java.util.concurrent.ThreadPoolExecutor.runWorker(ThreadPoolExecutor.java:1149) [?:1.8.0_212]
	at java.util.concurrent.ThreadPoolExecutor$Worker.run(ThreadPoolExecutor.java:624) [?:1.8.0_212]
	at java.lang.Thread.run(Thread.java:748) [?:1.8.0_212]
13:14:10.183 [grpc-default-executor-35] ERROR DNAudit - user=null | ip=null | op=WRITE_CHUNK {blockData=conID: 1 locID: 102932599529144335 bcsId: 14} | ret=FAILURE
org.apache.hadoop.hdds.scm.container.common.helpers.ContainerNotOpenException: Container 1 in CLOSING state
	at org.apache.hadoop.ozone.container.common.impl.HddsDispatcher.validateContainerCommand(HddsDispatcher.java:434) ~[hadoop-hdds-container-service-0.5.0-SNAPSHOT.jar:?]
	at org.apache.hadoop.ozone.container.common.transport.server.ratis.ContainerStateMachine.startTransaction(ContainerStateMachine.java:315) ~[hadoop-hdds-container-service-0.5.0-SNAPSHOT.jar:?]
	at org.apache.ratis.server.impl.RaftServerImpl.submitClientRequestAsync(RaftServerImpl.java:573) ~[ratis-server-0.4.0.jar:0.4.0]
	at org.apache.ratis.server.impl.RaftServerProxy.lambda$submitClientRequestAsync$7(RaftServerProxy.java:333) ~[ratis-server-0.4.0.jar:0.4.0]
	at org.apache.ratis.server.impl.RaftServerProxy.lambda$null$5(RaftServerProxy.java:328) ~[ratis-server-0.4.0.jar:0.4.0]
	at org.apache.ratis.util.JavaUtils.callAsUnchecked(JavaUtils.java:109) ~[ratis-common-0.4.0.jar:0.4.0]
	at org.apache.ratis.server.impl.RaftServerProxy.lambda$submitRequest$6(RaftServerProxy.java:328) ~[ratis-server-0.4.0.jar:0.4.0]
	at java.util.concurrent.CompletableFuture.uniComposeStage(CompletableFuture.java:981) ~[?:1.8.0_212]
	at java.util.concurrent.CompletableFuture.thenCompose(CompletableFuture.java:2124) ~[?:1.8.0_212]
	at org.apache.ratis.server.impl.RaftServerProxy.submitRequest(RaftServerProxy.java:327) ~[ratis-server-0.4.0.jar:0.4.0]
	at org.apache.ratis.server.impl.RaftServerProxy.submitClientRequestAsync(RaftServerProxy.java:333) ~[ratis-server-0.4.0.jar:0.4.0]
	at org.apache.ratis.grpc.client.GrpcClientProtocolService$RequestStreamObserver.processClientRequest(GrpcClientProtocolService.java:220) ~[ratis-grpc-0.4.0.jar:0.4.0]
	at org.apache.ratis.grpc.client.GrpcClientProtocolService$OrderedRequestStreamObserver.processClientRequest(GrpcClientProtocolService.java:326) ~[ratis-grpc-0.4.0.jar:0.4.0]
	at org.apache.ratis.util.SlidingWindow$Server.processRequestsFromHead(SlidingWindow.java:429) [ratis-common-0.4.0.jar:0.4.0]
	at org.apache.ratis.util.SlidingWindow$Server.receivedRequest(SlidingWindow.java:421) [ratis-common-0.4.0.jar:0.4.0]
	at org.apache.ratis.grpc.client.GrpcClientProtocolService$OrderedRequestStreamObserver.processClientRequest(GrpcClientProtocolService.java:345) [ratis-grpc-0.4.0.jar:0.4.0]
	at org.apache.ratis.grpc.client.GrpcClientProtocolService$RequestStreamObserver.onNext(GrpcClientProtocolService.java:240) [ratis-grpc-0.4.0.jar:0.4.0]
	at org.apache.ratis.grpc.client.GrpcClientProtocolService$RequestStreamObserver.onNext(GrpcClientProtocolService.java:168) [ratis-grpc-0.4.0.jar:0.4.0]
	at org.apache.ratis.thirdparty.io.grpc.stub.ServerCalls$StreamingServerCallHandler$StreamingServerCallListener.onMessage(ServerCalls.java:248) [ratis-thirdparty-misc-0.2.0.jar:0.2.0]
	at org.apache.ratis.thirdparty.io.grpc.internal.ServerCallImpl$ServerStreamListenerImpl.messagesAvailable(ServerCallImpl.java:263) [ratis-thirdparty-misc-0.2.0.jar:0.2.0]
	at org.apache.ratis.thirdparty.io.grpc.internal.ServerImpl$JumpToApplicationThreadServerStreamListener$1MessagesAvailable.runInContext(ServerImpl.java:686) [ratis-thirdparty-misc-0.2.0.jar:0.2.0]
	at org.apache.ratis.thirdparty.io.grpc.internal.ContextRunnable.run(ContextRunnable.java:37) [ratis-thirdparty-misc-0.2.0.jar:0.2.0]
	at org.apache.ratis.thirdparty.io.grpc.internal.SerializingExecutor.run(SerializingExecutor.java:123) [ratis-thirdparty-misc-0.2.0.jar:0.2.0]
	at java.util.concurrent.ThreadPoolExecutor.runWorker(ThreadPoolExecutor.java:1149) [?:1.8.0_212]
	at java.util.concurrent.ThreadPoolExecutor$Worker.run(ThreadPoolExecutor.java:624) [?:1.8.0_212]
	at java.lang.Thread.run(Thread.java:748) [?:1.8.0_212]
13:14:10.185 [grpc-default-executor-35] ERROR DNAudit - user=null | ip=null | op=PUT_BLOCK {blockData=[blockId=conID: 1 locID: 102932599529144335 bcsId: 0,size=650]} | ret=FAILURE
org.apache.hadoop.hdds.scm.container.common.helpers.ContainerNotOpenException: Container 1 in CLOSING state
	at org.apache.hadoop.ozone.container.common.impl.HddsDispatcher.validateContainerCommand(HddsDispatcher.java:434) ~[hadoop-hdds-container-service-0.5.0-SNAPSHOT.jar:?]
	at org.apache.hadoop.ozone.container.common.transport.server.ratis.ContainerStateMachine.startTransaction(ContainerStateMachine.java:315) ~[hadoop-hdds-container-service-0.5.0-SNAPSHOT.jar:?]
	at org.apache.ratis.server.impl.RaftServerImpl.submitClientRequestAsync(RaftServerImpl.java:573) ~[ratis-server-0.4.0.jar:0.4.0]
	at org.apache.ratis.server.impl.RaftServerProxy.lambda$submitClientRequestAsync$7(RaftServerProxy.java:333) ~[ratis-server-0.4.0.jar:0.4.0]
	at org.apache.ratis.server.impl.RaftServerProxy.lambda$null$5(RaftServerProxy.java:328) ~[ratis-server-0.4.0.jar:0.4.0]
	at org.apache.ratis.util.JavaUtils.callAsUnchecked(JavaUtils.java:109) ~[ratis-common-0.4.0.jar:0.4.0]
	at org.apache.ratis.server.impl.RaftServerProxy.lambda$submitRequest$6(RaftServerProxy.java:328) ~[ratis-server-0.4.0.jar:0.4.0]
	at java.util.concurrent.CompletableFuture.uniComposeStage(CompletableFuture.java:981) ~[?:1.8.0_212]
	at java.util.concurrent.CompletableFuture.thenCompose(CompletableFuture.java:2124) ~[?:1.8.0_212]
	at org.apache.ratis.server.impl.RaftServerProxy.submitRequest(RaftServerProxy.java:327) ~[ratis-server-0.4.0.jar:0.4.0]
	at org.apache.ratis.server.impl.RaftServerProxy.submitClientRequestAsync(RaftServerProxy.java:333) ~[ratis-server-0.4.0.jar:0.4.0]
	at org.apache.ratis.grpc.client.GrpcClientProtocolService$RequestStreamObserver.processClientRequest(GrpcClientProtocolService.java:220) ~[ratis-grpc-0.4.0.jar:0.4.0]
	at org.apache.ratis.grpc.client.GrpcClientProtocolService$OrderedRequestStreamObserver.processClientRequest(GrpcClientProtocolService.java:326) ~[ratis-grpc-0.4.0.jar:0.4.0]
	at org.apache.ratis.util.SlidingWindow$Server.processRequestsFromHead(SlidingWindow.java:429) [ratis-common-0.4.0.jar:0.4.0]
	at org.apache.ratis.util.SlidingWindow$Server.receivedRequest(SlidingWindow.java:421) [ratis-common-0.4.0.jar:0.4.0]
	at org.apache.ratis.grpc.client.GrpcClientProtocolService$OrderedRequestStreamObserver.processClientRequest(GrpcClientProtocolService.java:345) [ratis-grpc-0.4.0.jar:0.4.0]
	at org.apache.ratis.grpc.client.GrpcClientProtocolService$RequestStreamObserver.onNext(GrpcClientProtocolService.java:240) [ratis-grpc-0.4.0.jar:0.4.0]
	at org.apache.ratis.grpc.client.GrpcClientProtocolService$RequestStreamObserver.onNext(GrpcClientProtocolService.java:168) [ratis-grpc-0.4.0.jar:0.4.0]
	at org.apache.ratis.thirdparty.io.grpc.stub.ServerCalls$StreamingServerCallHandler$StreamingServerCallListener.onMessage(ServerCalls.java:248) [ratis-thirdparty-misc-0.2.0.jar:0.2.0]
	at org.apache.ratis.thirdparty.io.grpc.internal.ServerCallImpl$ServerStreamListenerImpl.messagesAvailable(ServerCallImpl.java:263) [ratis-thirdparty-misc-0.2.0.jar:0.2.0]
	at org.apache.ratis.thirdparty.io.grpc.internal.ServerImpl$JumpToApplicationThreadServerStreamListener$1MessagesAvailable.runInContext(ServerImpl.java:686) [ratis-thirdparty-misc-0.2.0.jar:0.2.0]
	at org.apache.ratis.thirdparty.io.grpc.internal.ContextRunnable.run(ContextRunnable.java:37) [ratis-thirdparty-misc-0.2.0.jar:0.2.0]
	at org.apache.ratis.thirdparty.io.grpc.internal.SerializingExecutor.run(SerializingExecutor.java:123) [ratis-thirdparty-misc-0.2.0.jar:0.2.0]
	at java.util.concurrent.ThreadPoolExecutor.runWorker(ThreadPoolExecutor.java:1149) [?:1.8.0_212]
	at java.util.concurrent.ThreadPoolExecutor$Worker.run(ThreadPoolExecutor.java:624) [?:1.8.0_212]
	at java.lang.Thread.run(Thread.java:748) [?:1.8.0_212]
2019-10-09 13:14:10,206 [Thread-7680] INFO  impl.FollowerState (FollowerState.java:run(106)) - 869fbf5b-cbbd-43c6-9f26-156c5192e660:group-986902F1898E changes to CANDIDATE, lastRpcTime:5035, electionTimeout:5033ms
2019-10-09 13:14:10,207 [Thread-7680] INFO  impl.RoleInfo (RoleInfo.java:shutdownFollowerState(121)) - 869fbf5b-cbbd-43c6-9f26-156c5192e660: shutdown FollowerState
2019-10-09 13:14:10,207 [Thread-7680] INFO  impl.RaftServerImpl (RaftServerImpl.java:setRole(174)) - 869fbf5b-cbbd-43c6-9f26-156c5192e660@group-986902F1898E: changes role from  FOLLOWER to CANDIDATE at term 2 for changeToCandidate
2019-10-09 13:14:10,207 [Thread-7680] INFO  impl.RoleInfo (RoleInfo.java:updateAndGet(143)) - 869fbf5b-cbbd-43c6-9f26-156c5192e660: start LeaderElection
2019-10-09 13:14:10,208 [grpc-default-executor-15] WARN  server.GrpcLogAppender (LogUtils.java:warn(134)) - 869fbf5b-cbbd-43c6-9f26-156c5192e660@group-19F276FA9099->96acbf61-3ece-4d83-9836-a217fb58817a-AppendLogResponseHandler: Failed appendEntries: org.apache.ratis.thirdparty.io.grpc.StatusRuntimeException: UNAVAILABLE: io exception
2019-10-09 13:14:10,208 [grpc-default-executor-15] INFO  impl.FollowerInfo (FollowerInfo.java:lambda$new$0(51)) - 869fbf5b-cbbd-43c6-9f26-156c5192e660@group-19F276FA9099->96acbf61-3ece-4d83-9836-a217fb58817a: nextIndex: updateUnconditionally 0 -> 0
13:14:10.207 [grpc-default-executor-35] ERROR DNAudit - user=null | ip=null | op=WRITE_CHUNK {blockData=conID: 1 locID: 102932599529144335 bcsId: 14} | ret=FAILURE
org.apache.hadoop.hdds.scm.container.common.helpers.ContainerNotOpenException: Container 1 in CLOSING state
	at org.apache.hadoop.ozone.container.common.impl.HddsDispatcher.validateContainerCommand(HddsDispatcher.java:434) ~[hadoop-hdds-container-service-0.5.0-SNAPSHOT.jar:?]
	at org.apache.hadoop.ozone.container.common.transport.server.ratis.ContainerStateMachine.startTransaction(ContainerStateMachine.java:315) ~[hadoop-hdds-container-service-0.5.0-SNAPSHOT.jar:?]
	at org.apache.ratis.server.impl.RaftServerImpl.submitClientRequestAsync(RaftServerImpl.java:573) ~[ratis-server-0.4.0.jar:0.4.0]
	at org.apache.ratis.server.impl.RaftServerProxy.lambda$submitClientRequestAsync$7(RaftServerProxy.java:333) ~[ratis-server-0.4.0.jar:0.4.0]
	at org.apache.ratis.server.impl.RaftServerProxy.lambda$null$5(RaftServerProxy.java:328) ~[ratis-server-0.4.0.jar:0.4.0]
	at org.apache.ratis.util.JavaUtils.callAsUnchecked(JavaUtils.java:109) ~[ratis-common-0.4.0.jar:0.4.0]
	at org.apache.ratis.server.impl.RaftServerProxy.lambda$submitRequest$6(RaftServerProxy.java:328) ~[ratis-server-0.4.0.jar:0.4.0]
	at java.util.concurrent.CompletableFuture.uniComposeStage(CompletableFuture.java:981) ~[?:1.8.0_212]
	at java.util.concurrent.CompletableFuture.thenCompose(CompletableFuture.java:2124) ~[?:1.8.0_212]
	at org.apache.ratis.server.impl.RaftServerProxy.submitRequest(RaftServerProxy.java:327) ~[ratis-server-0.4.0.jar:0.4.0]
	at org.apache.ratis.server.impl.RaftServerProxy.submitClientRequestAsync(RaftServerProxy.java:333) ~[ratis-server-0.4.0.jar:0.4.0]
	at org.apache.ratis.grpc.client.GrpcClientProtocolService$RequestStreamObserver.processClientRequest(GrpcClientProtocolService.java:220) ~[ratis-grpc-0.4.0.jar:0.4.0]
	at org.apache.ratis.grpc.client.GrpcClientProtocolService$OrderedRequestStreamObserver.processClientRequest(GrpcClientProtocolService.java:326) ~[ratis-grpc-0.4.0.jar:0.4.0]
	at org.apache.ratis.util.SlidingWindow$Server.processRequestsFromHead(SlidingWindow.java:429) [ratis-common-0.4.0.jar:0.4.0]
	at org.apache.ratis.util.SlidingWindow$Server.receivedRequest(SlidingWindow.java:421) [ratis-common-0.4.0.jar:0.4.0]
	at org.apache.ratis.grpc.client.GrpcClientProtocolService$OrderedRequestStreamObserver.processClientRequest(GrpcClientProtocolService.java:345) [ratis-grpc-0.4.0.jar:0.4.0]
	at org.apache.ratis.grpc.client.GrpcClientProtocolService$RequestStreamObserver.onNext(GrpcClientProtocolService.java:240) [ratis-grpc-0.4.0.jar:0.4.0]
	at org.apache.ratis.grpc.client.GrpcClientProtocolService$RequestStreamObserver.onNext(GrpcClientProtocolService.java:168) [ratis-grpc-0.4.0.jar:0.4.0]
	at org.apache.ratis.thirdparty.io.grpc.stub.ServerCalls$StreamingServerCallHandler$StreamingServerCallListener.onMessage(ServerCalls.java:248) [ratis-thirdparty-misc-0.2.0.jar:0.2.0]
	at org.apache.ratis.thirdparty.io.grpc.internal.ServerCallImpl$ServerStreamListenerImpl.messagesAvailable(ServerCallImpl.java:263) [ratis-thirdparty-misc-0.2.0.jar:0.2.0]
	at org.apache.ratis.thirdparty.io.grpc.internal.ServerImpl$JumpToApplicationThreadServerStreamListener$1MessagesAvailable.runInContext(ServerImpl.java:686) [ratis-thirdparty-misc-0.2.0.jar:0.2.0]
	at org.apache.ratis.thirdparty.io.grpc.internal.ContextRunnable.run(ContextRunnable.java:37) [ratis-thirdparty-misc-0.2.0.jar:0.2.0]
	at org.apache.ratis.thirdparty.io.grpc.internal.SerializingExecutor.run(SerializingExecutor.java:123) [ratis-thirdparty-misc-0.2.0.jar:0.2.0]
	at java.util.concurrent.ThreadPoolExecutor.runWorker(ThreadPoolExecutor.java:1149) [?:1.8.0_212]
	at java.util.concurrent.ThreadPoolExecutor$Worker.run(ThreadPoolExecutor.java:624) [?:1.8.0_212]
	at java.lang.Thread.run(Thread.java:748) [?:1.8.0_212]
13:14:10.209 [grpc-default-executor-35] ERROR DNAudit - user=null | ip=null | op=WRITE_CHUNK {blockData=conID: 1 locID: 102932599529144335 bcsId: 14} | ret=FAILURE
org.apache.hadoop.hdds.scm.container.common.helpers.ContainerNotOpenException: Container 1 in CLOSING state
	at org.apache.hadoop.ozone.container.common.impl.HddsDispatcher.validateContainerCommand(HddsDispatcher.java:434) ~[hadoop-hdds-container-service-0.5.0-SNAPSHOT.jar:?]
	at org.apache.hadoop.ozone.container.common.transport.server.ratis.ContainerStateMachine.startTransaction(ContainerStateMachine.java:315) ~[hadoop-hdds-container-service-0.5.0-SNAPSHOT.jar:?]
	at org.apache.ratis.server.impl.RaftServerImpl.submitClientRequestAsync(RaftServerImpl.java:573) ~[ratis-server-0.4.0.jar:0.4.0]
	at org.apache.ratis.server.impl.RaftServerProxy.lambda$submitClientRequestAsync$7(RaftServerProxy.java:333) ~[ratis-server-0.4.0.jar:0.4.0]
	at org.apache.ratis.server.impl.RaftServerProxy.lambda$null$5(RaftServerProxy.java:328) ~[ratis-server-0.4.0.jar:0.4.0]
	at org.apache.ratis.util.JavaUtils.callAsUnchecked(JavaUtils.java:109) ~[ratis-common-0.4.0.jar:0.4.0]
	at org.apache.ratis.server.impl.RaftServerProxy.lambda$submitRequest$6(RaftServerProxy.java:328) ~[ratis-server-0.4.0.jar:0.4.0]
	at java.util.concurrent.CompletableFuture.uniComposeStage(CompletableFuture.java:981) ~[?:1.8.0_212]
	at java.util.concurrent.CompletableFuture.thenCompose(CompletableFuture.java:2124) ~[?:1.8.0_212]
	at org.apache.ratis.server.impl.RaftServerProxy.submitRequest(RaftServerProxy.java:327) ~[ratis-server-0.4.0.jar:0.4.0]
	at org.apache.ratis.server.impl.RaftServerProxy.submitClientRequestAsync(RaftServerProxy.java:333) ~[ratis-server-0.4.0.jar:0.4.0]
	at org.apache.ratis.grpc.client.GrpcClientProtocolService$RequestStreamObserver.processClientRequest(GrpcClientProtocolService.java:220) ~[ratis-grpc-0.4.0.jar:0.4.0]
	at org.apache.ratis.grpc.client.GrpcClientProtocolService$OrderedRequestStreamObserver.processClientRequest(GrpcClientProtocolService.java:326) ~[ratis-grpc-0.4.0.jar:0.4.0]
	at org.apache.ratis.util.SlidingWindow$Server.processRequestsFromHead(SlidingWindow.java:429) [ratis-common-0.4.0.jar:0.4.0]
	at org.apache.ratis.util.SlidingWindow$Server.receivedRequest(SlidingWindow.java:421) [ratis-common-0.4.0.jar:0.4.0]
	at org.apache.ratis.grpc.client.GrpcClientProtocolService$OrderedRequestStreamObserver.processClientRequest(GrpcClientProtocolService.java:345) [ratis-grpc-0.4.0.jar:0.4.0]
	at org.apache.ratis.grpc.client.GrpcClientProtocolService$RequestStreamObserver.onNext(GrpcClientProtocolService.java:240) [ratis-grpc-0.4.0.jar:0.4.0]
	at org.apache.ratis.grpc.client.GrpcClientProtocolService$RequestStreamObserver.onNext(GrpcClientProtocolService.java:168) [ratis-grpc-0.4.0.jar:0.4.0]
	at org.apache.ratis.thirdparty.io.grpc.stub.ServerCalls$StreamingServerCallHandler$StreamingServerCallListener.onMessage(ServerCalls.java:248) [ratis-thirdparty-misc-0.2.0.jar:0.2.0]
	at org.apache.ratis.thirdparty.io.grpc.internal.ServerCallImpl$ServerStreamListenerImpl.messagesAvailable(ServerCallImpl.java:263) [ratis-thirdparty-misc-0.2.0.jar:0.2.0]
	at org.apache.ratis.thirdparty.io.grpc.internal.ServerImpl$JumpToApplicationThreadServerStreamListener$1MessagesAvailable.runInContext(ServerImpl.java:686) [ratis-thirdparty-misc-0.2.0.jar:0.2.0]
	at org.apache.ratis.thirdparty.io.grpc.internal.ContextRunnable.run(ContextRunnable.java:37) [ratis-thirdparty-misc-0.2.0.jar:0.2.0]
	at org.apache.ratis.thirdparty.io.grpc.internal.SerializingExecutor.run(SerializingExecutor.java:123) [ratis-thirdparty-misc-0.2.0.jar:0.2.0]
	at java.util.concurrent.ThreadPoolExecutor.runWorker(ThreadPoolExecutor.java:1149) [?:1.8.0_212]
	at java.util.concurrent.ThreadPoolExecutor$Worker.run(ThreadPoolExecutor.java:624) [?:1.8.0_212]
	at java.lang.Thread.run(Thread.java:748) [?:1.8.0_212]
13:14:10.218 [grpc-default-executor-35] ERROR DNAudit - user=null | ip=null | op=PUT_BLOCK {blockData=[blockId=conID: 1 locID: 102932599529144335 bcsId: 0,size=800]} | ret=FAILURE
org.apache.hadoop.hdds.scm.container.common.helpers.ContainerNotOpenException: Container 1 in CLOSING state
	at org.apache.hadoop.ozone.container.common.impl.HddsDispatcher.validateContainerCommand(HddsDispatcher.java:434) ~[hadoop-hdds-container-service-0.5.0-SNAPSHOT.jar:?]
	at org.apache.hadoop.ozone.container.common.transport.server.ratis.ContainerStateMachine.startTransaction(ContainerStateMachine.java:315) ~[hadoop-hdds-container-service-0.5.0-SNAPSHOT.jar:?]
	at org.apache.ratis.server.impl.RaftServerImpl.submitClientRequestAsync(RaftServerImpl.java:573) ~[ratis-server-0.4.0.jar:0.4.0]
	at org.apache.ratis.server.impl.RaftServerProxy.lambda$submitClientRequestAsync$7(RaftServerProxy.java:333) ~[ratis-server-0.4.0.jar:0.4.0]
	at org.apache.ratis.server.impl.RaftServerProxy.lambda$null$5(RaftServerProxy.java:328) ~[ratis-server-0.4.0.jar:0.4.0]
	at org.apache.ratis.util.JavaUtils.callAsUnchecked(JavaUtils.java:109) ~[ratis-common-0.4.0.jar:0.4.0]
	at org.apache.ratis.server.impl.RaftServerProxy.lambda$submitRequest$6(RaftServerProxy.java:328) ~[ratis-server-0.4.0.jar:0.4.0]
	at java.util.concurrent.CompletableFuture.uniComposeStage(CompletableFuture.java:981) ~[?:1.8.0_212]
	at java.util.concurrent.CompletableFuture.thenCompose(CompletableFuture.java:2124) ~[?:1.8.0_212]
	at org.apache.ratis.server.impl.RaftServerProxy.submitRequest(RaftServerProxy.java:327) ~[ratis-server-0.4.0.jar:0.4.0]
	at org.apache.ratis.server.impl.RaftServerProxy.submitClientRequestAsync(RaftServerProxy.java:333) ~[ratis-server-0.4.0.jar:0.4.0]
	at org.apache.ratis.grpc.client.GrpcClientProtocolService$RequestStreamObserver.processClientRequest(GrpcClientProtocolService.java:220) ~[ratis-grpc-0.4.0.jar:0.4.0]
	at org.apache.ratis.grpc.client.GrpcClientProtocolService$OrderedRequestStreamObserver.processClientRequest(GrpcClientProtocolService.java:326) ~[ratis-grpc-0.4.0.jar:0.4.0]
	at org.apache.ratis.util.SlidingWindow$Server.processRequestsFromHead(SlidingWindow.java:429) [ratis-common-0.4.0.jar:0.4.0]
	at org.apache.ratis.util.SlidingWindow$Server.receivedRequest(SlidingWindow.java:421) [ratis-common-0.4.0.jar:0.4.0]
	at org.apache.ratis.grpc.client.GrpcClientProtocolService$OrderedRequestStreamObserver.processClientRequest(GrpcClientProtocolService.java:345) [ratis-grpc-0.4.0.jar:0.4.0]
	at org.apache.ratis.grpc.client.GrpcClientProtocolService$RequestStreamObserver.onNext(GrpcClientProtocolService.java:240) [ratis-grpc-0.4.0.jar:0.4.0]
	at org.apache.ratis.grpc.client.GrpcClientProtocolService$RequestStreamObserver.onNext(GrpcClientProtocolService.java:168) [ratis-grpc-0.4.0.jar:0.4.0]
	at org.apache.ratis.thirdparty.io.grpc.stub.ServerCalls$StreamingServerCallHandler$StreamingServerCallListener.onMessage(ServerCalls.java:248) [ratis-thirdparty-misc-0.2.0.jar:0.2.0]
	at org.apache.ratis.thirdparty.io.grpc.internal.ServerCallImpl$ServerStreamListenerImpl.messagesAvailable(ServerCallImpl.java:263) [ratis-thirdparty-misc-0.2.0.jar:0.2.0]
	at org.apache.ratis.thirdparty.io.grpc.internal.ServerImpl$JumpToApplicationThreadServerStreamListener$1MessagesAvailable.runInContext(ServerImpl.java:686) [ratis-thirdparty-misc-0.2.0.jar:0.2.0]
	at org.apache.ratis.thirdparty.io.grpc.internal.ContextRunnable.run(ContextRunnable.java:37) [ratis-thirdparty-misc-0.2.0.jar:0.2.0]
	at org.apache.ratis.thirdparty.io.grpc.internal.SerializingExecutor.run(SerializingExecutor.java:123) [ratis-thirdparty-misc-0.2.0.jar:0.2.0]
	at java.util.concurrent.ThreadPoolExecutor.runWorker(ThreadPoolExecutor.java:1149) [?:1.8.0_212]
	at java.util.concurrent.ThreadPoolExecutor$Worker.run(ThreadPoolExecutor.java:624) [?:1.8.0_212]
	at java.lang.Thread.run(Thread.java:748) [?:1.8.0_212]
2019-10-09 13:14:10,224 [869fbf5b-cbbd-43c6-9f26-156c5192e660@group-986902F1898E:LeaderElection236] INFO  impl.LeaderElection (LeaderElection.java:askForVotes(182)) - 869fbf5b-cbbd-43c6-9f26-156c5192e660@group-986902F1898E:LeaderElection236: begin an election at term 3 for 0: [96acbf61-3ece-4d83-9836-a217fb58817a:192.168.5.175:35650, 162534dc-93d9-4206-ab1e-9268955c7aca:192.168.5.175:32957, 869fbf5b-cbbd-43c6-9f26-156c5192e660:192.168.5.175:43498], old=null
2019-10-09 13:14:10,231 [869fbf5b-cbbd-43c6-9f26-156c5192e660@group-986902F1898E:LeaderElection236] INFO  impl.LeaderElection (LogUtils.java:infoOrTrace(149)) - 869fbf5b-cbbd-43c6-9f26-156c5192e660@group-986902F1898E:LeaderElection236 got exception when requesting votes: {}
java.util.concurrent.ExecutionException: org.apache.ratis.thirdparty.io.grpc.StatusRuntimeException: UNAVAILABLE: io exception
	at java.util.concurrent.FutureTask.report(FutureTask.java:122)
	at java.util.concurrent.FutureTask.get(FutureTask.java:192)
	at org.apache.ratis.server.impl.LeaderElection.waitForResults(LeaderElection.java:263)
	at org.apache.ratis.server.impl.LeaderElection.askForVotes(LeaderElection.java:201)
	at org.apache.ratis.server.impl.LeaderElection.run(LeaderElection.java:133)
	at java.lang.Thread.run(Thread.java:748)
Caused by: org.apache.ratis.thirdparty.io.grpc.StatusRuntimeException: UNAVAILABLE: io exception
	at org.apache.ratis.thirdparty.io.grpc.stub.ClientCalls.toStatusRuntimeException(ClientCalls.java:233)
	at org.apache.ratis.thirdparty.io.grpc.stub.ClientCalls.getUnchecked(ClientCalls.java:214)
	at org.apache.ratis.thirdparty.io.grpc.stub.ClientCalls.blockingUnaryCall(ClientCalls.java:139)
	at org.apache.ratis.proto.grpc.RaftServerProtocolServiceGrpc$RaftServerProtocolServiceBlockingStub.requestVote(RaftServerProtocolServiceGrpc.java:265)
	at org.apache.ratis.grpc.server.GrpcServerProtocolClient.requestVote(GrpcServerProtocolClient.java:90)
	at org.apache.ratis.grpc.server.GrpcService.requestVote(GrpcService.java:204)
	at org.apache.ratis.server.impl.LeaderElection.lambda$submitRequests$1(LeaderElection.java:238)
	at java.util.concurrent.FutureTask.run(FutureTask.java:266)
	at java.util.concurrent.Executors$RunnableAdapter.call(Executors.java:511)
	at java.util.concurrent.FutureTask.run(FutureTask.java:266)
	at java.util.concurrent.ThreadPoolExecutor.runWorker(ThreadPoolExecutor.java:1149)
	at java.util.concurrent.ThreadPoolExecutor$Worker.run(ThreadPoolExecutor.java:624)
	... 1 more
Caused by: org.apache.ratis.thirdparty.io.netty.channel.AbstractChannel$AnnotatedConnectException: Connection refused: /192.168.5.175:35650
	at sun.nio.ch.SocketChannelImpl.checkConnect(Native Method)
	at sun.nio.ch.SocketChannelImpl.finishConnect(SocketChannelImpl.java:717)
	at org.apache.ratis.thirdparty.io.netty.channel.socket.nio.NioSocketChannel.doFinishConnect(NioSocketChannel.java:327)
	at org.apache.ratis.thirdparty.io.netty.channel.nio.AbstractNioChannel$AbstractNioUnsafe.finishConnect(AbstractNioChannel.java:340)
	at org.apache.ratis.thirdparty.io.netty.channel.nio.NioEventLoop.processSelectedKey(NioEventLoop.java:632)
	at org.apache.ratis.thirdparty.io.netty.channel.nio.NioEventLoop.processSelectedKeysOptimized(NioEventLoop.java:579)
	at org.apache.ratis.thirdparty.io.netty.channel.nio.NioEventLoop.processSelectedKeys(NioEventLoop.java:496)
	at org.apache.ratis.thirdparty.io.netty.channel.nio.NioEventLoop.run(NioEventLoop.java:458)
	at org.apache.ratis.thirdparty.io.netty.util.concurrent.SingleThreadEventExecutor$5.run(SingleThreadEventExecutor.java:897)
	at org.apache.ratis.thirdparty.io.netty.util.concurrent.FastThreadLocalRunnable.run(FastThreadLocalRunnable.java:30)
	... 1 more
Caused by: java.net.ConnectException: Connection refused
	... 11 more
2019-10-09 13:14:10,231 [grpc-default-executor-15] INFO  impl.RaftServerImpl (RaftServerImpl.java:setRole(174)) - 162534dc-93d9-4206-ab1e-9268955c7aca@group-986902F1898E: changes role from  FOLLOWER to FOLLOWER at term 3 for recognizeCandidate:869fbf5b-cbbd-43c6-9f26-156c5192e660
2019-10-09 13:14:10,245 [grpc-default-executor-15] INFO  impl.RoleInfo (RoleInfo.java:shutdownFollowerState(121)) - 162534dc-93d9-4206-ab1e-9268955c7aca: shutdown FollowerState
2019-10-09 13:14:10,245 [grpc-default-executor-15] INFO  impl.RoleInfo (RoleInfo.java:updateAndGet(143)) - 162534dc-93d9-4206-ab1e-9268955c7aca: start FollowerState
2019-10-09 13:14:10,245 [Thread-7681] INFO  impl.FollowerState (FollowerState.java:run(115)) - 162534dc-93d9-4206-ab1e-9268955c7aca: FollowerState was interrupted: java.lang.InterruptedException: sleep interrupted
2019-10-09 13:14:10,281 [869fbf5b-cbbd-43c6-9f26-156c5192e660@group-986902F1898E:LeaderElection236] INFO  impl.LeaderElection (LeaderElection.java:logAndReturn(56)) - 869fbf5b-cbbd-43c6-9f26-156c5192e660@group-986902F1898E:LeaderElection236: Election PASSED; received 1 response(s) [869fbf5b-cbbd-43c6-9f26-156c5192e660<-162534dc-93d9-4206-ab1e-9268955c7aca#0:OK-t3] and 1 exception(s); 869fbf5b-cbbd-43c6-9f26-156c5192e660@group-986902F1898E:t3, leader=null, voted=869fbf5b-cbbd-43c6-9f26-156c5192e660, raftlog=869fbf5b-cbbd-43c6-9f26-156c5192e660@group-986902F1898E-SegmentedRaftLog:OPENED:c0,f0,i0, conf=0: [96acbf61-3ece-4d83-9836-a217fb58817a:192.168.5.175:35650, 162534dc-93d9-4206-ab1e-9268955c7aca:192.168.5.175:32957, 869fbf5b-cbbd-43c6-9f26-156c5192e660:192.168.5.175:43498], old=null
2019-10-09 13:14:10,281 [869fbf5b-cbbd-43c6-9f26-156c5192e660@group-986902F1898E:LeaderElection236] INFO  impl.LeaderElection (LogUtils.java:infoOrTrace(149)) -   Exception 0: {}
java.util.concurrent.ExecutionException: org.apache.ratis.thirdparty.io.grpc.StatusRuntimeException: UNAVAILABLE: io exception
	at java.util.concurrent.FutureTask.report(FutureTask.java:122)
	at java.util.concurrent.FutureTask.get(FutureTask.java:192)
	at org.apache.ratis.server.impl.LeaderElection.waitForResults(LeaderElection.java:263)
	at org.apache.ratis.server.impl.LeaderElection.askForVotes(LeaderElection.java:201)
	at org.apache.ratis.server.impl.LeaderElection.run(LeaderElection.java:133)
	at java.lang.Thread.run(Thread.java:748)
Caused by: org.apache.ratis.thirdparty.io.grpc.StatusRuntimeException: UNAVAILABLE: io exception
	at org.apache.ratis.thirdparty.io.grpc.stub.ClientCalls.toStatusRuntimeException(ClientCalls.java:233)
	at org.apache.ratis.thirdparty.io.grpc.stub.ClientCalls.getUnchecked(ClientCalls.java:214)
	at org.apache.ratis.thirdparty.io.grpc.stub.ClientCalls.blockingUnaryCall(ClientCalls.java:139)
	at org.apache.ratis.proto.grpc.RaftServerProtocolServiceGrpc$RaftServerProtocolServiceBlockingStub.requestVote(RaftServerProtocolServiceGrpc.java:265)
	at org.apache.ratis.grpc.server.GrpcServerProtocolClient.requestVote(GrpcServerProtocolClient.java:90)
	at org.apache.ratis.grpc.server.GrpcService.requestVote(GrpcService.java:204)
	at org.apache.ratis.server.impl.LeaderElection.lambda$submitRequests$1(LeaderElection.java:238)
	at java.util.concurrent.FutureTask.run(FutureTask.java:266)
	at java.util.concurrent.Executors$RunnableAdapter.call(Executors.java:511)
	at java.util.concurrent.FutureTask.run(FutureTask.java:266)
	at java.util.concurrent.ThreadPoolExecutor.runWorker(ThreadPoolExecutor.java:1149)
	at java.util.concurrent.ThreadPoolExecutor$Worker.run(ThreadPoolExecutor.java:624)
	... 1 more
Caused by: org.apache.ratis.thirdparty.io.netty.channel.AbstractChannel$AnnotatedConnectException: Connection refused: /192.168.5.175:35650
	at sun.nio.ch.SocketChannelImpl.checkConnect(Native Method)
	at sun.nio.ch.SocketChannelImpl.finishConnect(SocketChannelImpl.java:717)
	at org.apache.ratis.thirdparty.io.netty.channel.socket.nio.NioSocketChannel.doFinishConnect(NioSocketChannel.java:327)
	at org.apache.ratis.thirdparty.io.netty.channel.nio.AbstractNioChannel$AbstractNioUnsafe.finishConnect(AbstractNioChannel.java:340)
	at org.apache.ratis.thirdparty.io.netty.channel.nio.NioEventLoop.processSelectedKey(NioEventLoop.java:632)
	at org.apache.ratis.thirdparty.io.netty.channel.nio.NioEventLoop.processSelectedKeysOptimized(NioEventLoop.java:579)
	at org.apache.ratis.thirdparty.io.netty.channel.nio.NioEventLoop.processSelectedKeys(NioEventLoop.java:496)
	at org.apache.ratis.thirdparty.io.netty.channel.nio.NioEventLoop.run(NioEventLoop.java:458)
	at org.apache.ratis.thirdparty.io.netty.util.concurrent.SingleThreadEventExecutor$5.run(SingleThreadEventExecutor.java:897)
	at org.apache.ratis.thirdparty.io.netty.util.concurrent.FastThreadLocalRunnable.run(FastThreadLocalRunnable.java:30)
	... 1 more
Caused by: java.net.ConnectException: Connection refused
	... 11 more
2019-10-09 13:14:10,281 [869fbf5b-cbbd-43c6-9f26-156c5192e660@group-986902F1898E:LeaderElection236] INFO  impl.RoleInfo (RoleInfo.java:shutdownLeaderElection(134)) - 869fbf5b-cbbd-43c6-9f26-156c5192e660: shutdown LeaderElection
2019-10-09 13:14:10,282 [869fbf5b-cbbd-43c6-9f26-156c5192e660@group-986902F1898E:LeaderElection236] INFO  impl.RaftServerImpl (RaftServerImpl.java:setRole(174)) - 869fbf5b-cbbd-43c6-9f26-156c5192e660@group-986902F1898E: changes role from CANDIDATE to LEADER at term 3 for changeToLeader
2019-10-09 13:14:10,282 [869fbf5b-cbbd-43c6-9f26-156c5192e660@group-986902F1898E:LeaderElection236] INFO  impl.RaftServerImpl (ServerState.java:setLeader(253)) - 869fbf5b-cbbd-43c6-9f26-156c5192e660@group-986902F1898E: change Leader from null to 869fbf5b-cbbd-43c6-9f26-156c5192e660 at term 3 for becomeLeader, leader elected after 5149ms
2019-10-09 13:14:10,282 [869fbf5b-cbbd-43c6-9f26-156c5192e660@group-986902F1898E:LeaderElection236] INFO  server.RaftServerConfigKeys (ConfUtils.java:logGet(43)) - raft.server.staging.catchup.gap = 1000 (default)
2019-10-09 13:14:10,282 [869fbf5b-cbbd-43c6-9f26-156c5192e660@group-986902F1898E:LeaderElection236] INFO  server.RaftServerConfigKeys (ConfUtils.java:logGet(43)) - raft.server.rpc.sleep.time = 25ms (default)
2019-10-09 13:14:10,285 [869fbf5b-cbbd-43c6-9f26-156c5192e660@group-986902F1898E:LeaderElection236] INFO  server.RaftServerConfigKeys (ConfUtils.java:logGet(43)) - raft.server.write.element-limit = 4096 (default)
2019-10-09 13:14:10,285 [869fbf5b-cbbd-43c6-9f26-156c5192e660@group-986902F1898E:LeaderElection236] INFO  server.RaftServerConfigKeys (ConfUtils.java:logGet(43)) - raft.server.watch.timeout = 10s (default)
2019-10-09 13:14:10,288 [869fbf5b-cbbd-43c6-9f26-156c5192e660@group-986902F1898E:LeaderElection236] INFO  server.RaftServerConfigKeys (ConfUtils.java:logGet(43)) - raft.server.watch.timeout.denomination = 1s (default)
2019-10-09 13:14:10,288 [869fbf5b-cbbd-43c6-9f26-156c5192e660@group-986902F1898E:LeaderElection236] INFO  server.RaftServerConfigKeys (ConfUtils.java:logGet(43)) - raft.server.watch.element-limit = 65536 (default)
2019-10-09 13:14:10,295 [869fbf5b-cbbd-43c6-9f26-156c5192e660@group-986902F1898E:LeaderElection236] INFO  server.RaftServerConfigKeys (ConfUtils.java:logGet(43)) - raft.server.log.appender.snapshot.chunk.size.max = 16MB (=16777216) (default)
2019-10-09 13:14:10,295 [869fbf5b-cbbd-43c6-9f26-156c5192e660@group-986902F1898E:LeaderElection236] INFO  server.RaftServerConfigKeys (ConfUtils.java:logGet(43)) - raft.server.log.appender.buffer.byte-limit = 33554432 (custom)
2019-10-09 13:14:10,295 [869fbf5b-cbbd-43c6-9f26-156c5192e660@group-986902F1898E:LeaderElection236] INFO  server.RaftServerConfigKeys (ConfUtils.java:logGet(43)) - raft.server.log.appender.buffer.element-limit = 1 (custom)
2019-10-09 13:14:10,296 [869fbf5b-cbbd-43c6-9f26-156c5192e660@group-986902F1898E:LeaderElection236] INFO  grpc.GrpcConfigKeys$Server (ConfUtils.java:logGet(43)) - raft.grpc.server.leader.outstanding.appends.max = 128 (default)
2019-10-09 13:14:10,296 [869fbf5b-cbbd-43c6-9f26-156c5192e660@group-986902F1898E:LeaderElection236] INFO  server.RaftServerConfigKeys (ConfUtils.java:logGet(43)) - raft.server.rpc.request.timeout = 3000ms (default)
2019-10-09 13:14:10,296 [869fbf5b-cbbd-43c6-9f26-156c5192e660@group-986902F1898E:LeaderElection236] INFO  server.RaftServerConfigKeys (ConfUtils.java:logGet(43)) - raft.server.log.appender.install.snapshot.enabled = false (custom)
2019-10-09 13:14:10,296 [869fbf5b-cbbd-43c6-9f26-156c5192e660@group-986902F1898E:LeaderElection236] INFO  server.RaftServerConfigKeys (ConfUtils.java:logGet(43)) - raft.server.log.appender.snapshot.chunk.size.max = 16MB (=16777216) (default)
2019-10-09 13:14:10,296 [grpc-default-executor-46] INFO  impl.RaftServerProxy (RaftServerProxy.java:addNew(89)) - 869fbf5b-cbbd-43c6-9f26-156c5192e660: addNew group-F2E3F8B61FEF:[162534dc-93d9-4206-ab1e-9268955c7aca:192.168.5.175:32957, 869fbf5b-cbbd-43c6-9f26-156c5192e660:192.168.5.175:43498, 7706a157-1a1c-49fa-abc2-2cf2041a84a7:192.168.5.175:40917] returns group-F2E3F8B61FEF:java.util.concurrent.CompletableFuture@812c6ba[Not completed]
2019-10-09 13:14:10,296 [grpc-default-executor-35] INFO  impl.RaftServerProxy (RaftServerProxy.java:addNew(89)) - 162534dc-93d9-4206-ab1e-9268955c7aca: addNew group-F2E3F8B61FEF:[162534dc-93d9-4206-ab1e-9268955c7aca:192.168.5.175:32957, 869fbf5b-cbbd-43c6-9f26-156c5192e660:192.168.5.175:43498, 7706a157-1a1c-49fa-abc2-2cf2041a84a7:192.168.5.175:40917] returns group-F2E3F8B61FEF:java.util.concurrent.CompletableFuture@75698b1[Not completed]
2019-10-09 13:14:10,296 [869fbf5b-cbbd-43c6-9f26-156c5192e660@group-986902F1898E:LeaderElection236] INFO  server.RaftServerConfigKeys (ConfUtils.java:logGet(43)) - raft.server.log.appender.buffer.byte-limit = 33554432 (custom)
2019-10-09 13:14:10,297 [869fbf5b-cbbd-43c6-9f26-156c5192e660@group-986902F1898E:LeaderElection236] INFO  server.RaftServerConfigKeys (ConfUtils.java:logGet(43)) - raft.server.log.appender.buffer.element-limit = 1 (custom)
2019-10-09 13:14:10,297 [grpc-default-executor-15] INFO  impl.RaftServerProxy (RaftServerProxy.java:addNew(89)) - 7706a157-1a1c-49fa-abc2-2cf2041a84a7: addNew group-F2E3F8B61FEF:[162534dc-93d9-4206-ab1e-9268955c7aca:192.168.5.175:32957, 869fbf5b-cbbd-43c6-9f26-156c5192e660:192.168.5.175:43498, 7706a157-1a1c-49fa-abc2-2cf2041a84a7:192.168.5.175:40917] returns group-F2E3F8B61FEF:java.util.concurrent.CompletableFuture@5bb5a185[Not completed]
2019-10-09 13:14:10,297 [869fbf5b-cbbd-43c6-9f26-156c5192e660@group-986902F1898E:LeaderElection236] INFO  grpc.GrpcConfigKeys$Server (ConfUtils.java:logGet(43)) - raft.grpc.server.leader.outstanding.appends.max = 128 (default)
2019-10-09 13:14:10,297 [pool-440-thread-1] INFO  impl.RaftServerImpl (RaftServerImpl.java:<init>(95)) - 869fbf5b-cbbd-43c6-9f26-156c5192e660: new RaftServerImpl for group-F2E3F8B61FEF:[162534dc-93d9-4206-ab1e-9268955c7aca:192.168.5.175:32957, 869fbf5b-cbbd-43c6-9f26-156c5192e660:192.168.5.175:43498, 7706a157-1a1c-49fa-abc2-2cf2041a84a7:192.168.5.175:40917] with ContainerStateMachine:uninitialized
2019-10-09 13:14:10,297 [869fbf5b-cbbd-43c6-9f26-156c5192e660@group-986902F1898E:LeaderElection236] INFO  server.RaftServerConfigKeys (ConfUtils.java:logGet(43)) - raft.server.rpc.request.timeout = 3000ms (default)
2019-10-09 13:14:10,297 [pool-440-thread-1] INFO  server.RaftServerConfigKeys (ConfUtils.java:logGet(43)) - raft.server.rpc.timeout.min = 5s (custom)
2019-10-09 13:14:10,298 [pool-450-thread-1] INFO  impl.RaftServerImpl (RaftServerImpl.java:<init>(95)) - 162534dc-93d9-4206-ab1e-9268955c7aca: new RaftServerImpl for group-F2E3F8B61FEF:[162534dc-93d9-4206-ab1e-9268955c7aca:192.168.5.175:32957, 869fbf5b-cbbd-43c6-9f26-156c5192e660:192.168.5.175:43498, 7706a157-1a1c-49fa-abc2-2cf2041a84a7:192.168.5.175:40917] with ContainerStateMachine:uninitialized
2019-10-09 13:14:10,298 [869fbf5b-cbbd-43c6-9f26-156c5192e660@group-986902F1898E:LeaderElection236] INFO  server.RaftServerConfigKeys (ConfUtils.java:logGet(43)) - raft.server.log.appender.install.snapshot.enabled = false (custom)
2019-10-09 13:14:10,298 [pool-450-thread-1] INFO  server.RaftServerConfigKeys (ConfUtils.java:logGet(43)) - raft.server.rpc.timeout.min = 5s (custom)
2019-10-09 13:14:10,298 [869fbf5b-cbbd-43c6-9f26-156c5192e660@group-986902F1898E:LeaderElection236] INFO  impl.RoleInfo (RoleInfo.java:updateAndGet(143)) - 869fbf5b-cbbd-43c6-9f26-156c5192e660: start LeaderState
2019-10-09 13:14:10,298 [pool-440-thread-1] INFO  server.RaftServerConfigKeys (ConfUtils.java:logGet(43)) - raft.server.rpc.timeout.max = 5200ms (custom)
2019-10-09 13:14:10,298 [pool-430-thread-1] INFO  impl.RaftServerImpl (RaftServerImpl.java:<init>(95)) - 7706a157-1a1c-49fa-abc2-2cf2041a84a7: new RaftServerImpl for group-F2E3F8B61FEF:[162534dc-93d9-4206-ab1e-9268955c7aca:192.168.5.175:32957, 869fbf5b-cbbd-43c6-9f26-156c5192e660:192.168.5.175:43498, 7706a157-1a1c-49fa-abc2-2cf2041a84a7:192.168.5.175:40917] with ContainerStateMachine:uninitialized
2019-10-09 13:14:10,298 [pool-450-thread-1] INFO  server.RaftServerConfigKeys (ConfUtils.java:logGet(43)) - raft.server.rpc.timeout.max = 5200ms (custom)
2019-10-09 13:14:10,298 [pool-430-thread-1] INFO  server.RaftServerConfigKeys (ConfUtils.java:logGet(43)) - raft.server.rpc.timeout.min = 5s (custom)
2019-10-09 13:14:10,298 [869fbf5b-cbbd-43c6-9f26-156c5192e660@group-986902F1898E:LeaderElection236] INFO  segmented.SegmentedRaftLogWorker (SegmentedRaftLogWorker.java:rollLogSegment(385)) - 869fbf5b-cbbd-43c6-9f26-156c5192e660@group-986902F1898E-SegmentedRaftLogWorker: Rolling segment log-0_0 to index:0
2019-10-09 13:14:10,298 [pool-440-thread-1] INFO  server.RaftServerConfigKeys (ConfUtils.java:logGet(43)) - raft.server.rpcslowness.timeout = 120s (custom)
2019-10-09 13:14:10,298 [pool-430-thread-1] INFO  server.RaftServerConfigKeys (ConfUtils.java:logGet(43)) - raft.server.rpc.timeout.max = 5200ms (custom)
2019-10-09 13:14:10,298 [pool-450-thread-1] INFO  server.RaftServerConfigKeys (ConfUtils.java:logGet(43)) - raft.server.rpcslowness.timeout = 120s (custom)
2019-10-09 13:14:10,299 [pool-430-thread-1] INFO  server.RaftServerConfigKeys (ConfUtils.java:logGet(43)) - raft.server.rpcslowness.timeout = 120s (custom)
2019-10-09 13:14:10,299 [869fbf5b-cbbd-43c6-9f26-156c5192e660@group-986902F1898E-SegmentedRaftLogWorker] INFO  segmented.SegmentedRaftLogWorker (SegmentedRaftLogWorker.java:execute(526)) - 869fbf5b-cbbd-43c6-9f26-156c5192e660@group-986902F1898E-SegmentedRaftLogWorker: Rolled log segment from /workdir/hadoop-ozone/integration-test/target/test-dir/MiniOzoneClusterImpl-77992fd3-8e8a-426b-8566-445f44124f00/datanode-3/data/ratis/c28971ae-95cf-4532-9b4f-986902f1898e/current/log_inprogress_0 to /workdir/hadoop-ozone/integration-test/target/test-dir/MiniOzoneClusterImpl-77992fd3-8e8a-426b-8566-445f44124f00/datanode-3/data/ratis/c28971ae-95cf-4532-9b4f-986902f1898e/current/log_0-0
2019-10-09 13:14:10,299 [pool-440-thread-1] INFO  server.RaftServerConfigKeys (ConfUtils.java:logGet(43)) - raft.server.sleep.deviation.threshold = 300 (default)
2019-10-09 13:14:10,299 [869fbf5b-cbbd-43c6-9f26-156c5192e660@group-986902F1898E:LeaderElection236] INFO  impl.RaftServerImpl (ServerState.java:setRaftConf(354)) - 869fbf5b-cbbd-43c6-9f26-156c5192e660@group-986902F1898E: set configuration 1: [96acbf61-3ece-4d83-9836-a217fb58817a:192.168.5.175:35650, 162534dc-93d9-4206-ab1e-9268955c7aca:192.168.5.175:32957, 869fbf5b-cbbd-43c6-9f26-156c5192e660:192.168.5.175:43498], old=null at 1
2019-10-09 13:14:10,299 [pool-430-thread-1] INFO  server.RaftServerConfigKeys (ConfUtils.java:logGet(43)) - raft.server.sleep.deviation.threshold = 300 (default)
2019-10-09 13:14:10,299 [pool-450-thread-1] INFO  server.RaftServerConfigKeys (ConfUtils.java:logGet(43)) - raft.server.sleep.deviation.threshold = 300 (default)
2019-10-09 13:14:10,338 [pool-430-thread-1] INFO  server.RaftServerConfigKeys (ConfUtils.java:logGet(43)) - raft.server.log.appender.install.snapshot.enabled = false (custom)
2019-10-09 13:14:10,299 [pool-440-thread-1] INFO  server.RaftServerConfigKeys (ConfUtils.java:logGet(43)) - raft.server.log.appender.install.snapshot.enabled = false (custom)
2019-10-09 13:14:10,338 [pool-430-thread-1] INFO  impl.RaftServerImpl (ServerState.java:<init>(103)) - 7706a157-1a1c-49fa-abc2-2cf2041a84a7@group-F2E3F8B61FEF: ConfigurationManager, init=-1: [162534dc-93d9-4206-ab1e-9268955c7aca:192.168.5.175:32957, 869fbf5b-cbbd-43c6-9f26-156c5192e660:192.168.5.175:43498, 7706a157-1a1c-49fa-abc2-2cf2041a84a7:192.168.5.175:40917], old=null, confs=<EMPTY_MAP>
2019-10-09 13:14:10,299 [grpc-default-executor-15] WARN  server.GrpcLogAppender (LogUtils.java:warn(134)) - 869fbf5b-cbbd-43c6-9f26-156c5192e660@group-986902F1898E->96acbf61-3ece-4d83-9836-a217fb58817a-AppendLogResponseHandler: Failed appendEntries: org.apache.ratis.thirdparty.io.grpc.StatusRuntimeException: UNAVAILABLE: io exception
2019-10-09 13:14:10,339 [pool-430-thread-1] INFO  server.RaftServerConfigKeys (ConfUtils.java:logGet(43)) - raft.server.storage.dir = [/workdir/hadoop-ozone/integration-test/target/test-dir/MiniOzoneClusterImpl-77992fd3-8e8a-426b-8566-445f44124f00/datanode-2/data/ratis] (custom)
2019-10-09 13:14:10,338 [pool-440-thread-1] INFO  impl.RaftServerImpl (ServerState.java:<init>(103)) - 869fbf5b-cbbd-43c6-9f26-156c5192e660@group-F2E3F8B61FEF: ConfigurationManager, init=-1: [162534dc-93d9-4206-ab1e-9268955c7aca:192.168.5.175:32957, 869fbf5b-cbbd-43c6-9f26-156c5192e660:192.168.5.175:43498, 7706a157-1a1c-49fa-abc2-2cf2041a84a7:192.168.5.175:40917], old=null, confs=<EMPTY_MAP>
2019-10-09 13:14:10,338 [grpc-default-executor-35] INFO  impl.RaftServerImpl (ServerState.java:setLeader(253)) - 162534dc-93d9-4206-ab1e-9268955c7aca@group-986902F1898E: change Leader from null to 869fbf5b-cbbd-43c6-9f26-156c5192e660 at term 3 for appendEntries, leader elected after 5185ms
2019-10-09 13:14:10,338 [pool-450-thread-1] INFO  server.RaftServerConfigKeys (ConfUtils.java:logGet(43)) - raft.server.log.appender.install.snapshot.enabled = false (custom)
2019-10-09 13:14:10,339 [pool-450-thread-1] INFO  impl.RaftServerImpl (ServerState.java:<init>(103)) - 162534dc-93d9-4206-ab1e-9268955c7aca@group-F2E3F8B61FEF: ConfigurationManager, init=-1: [162534dc-93d9-4206-ab1e-9268955c7aca:192.168.5.175:32957, 869fbf5b-cbbd-43c6-9f26-156c5192e660:192.168.5.175:43498, 7706a157-1a1c-49fa-abc2-2cf2041a84a7:192.168.5.175:40917], old=null, confs=<EMPTY_MAP>
2019-10-09 13:14:10,339 [pool-440-thread-1] INFO  server.RaftServerConfigKeys (ConfUtils.java:logGet(43)) - raft.server.storage.dir = [/workdir/hadoop-ozone/integration-test/target/test-dir/MiniOzoneClusterImpl-77992fd3-8e8a-426b-8566-445f44124f00/datanode-3/data/ratis] (custom)
2019-10-09 13:14:10,339 [grpc-default-executor-15] INFO  impl.FollowerInfo (FollowerInfo.java:lambda$new$0(51)) - 869fbf5b-cbbd-43c6-9f26-156c5192e660@group-986902F1898E->96acbf61-3ece-4d83-9836-a217fb58817a: nextIndex: updateUnconditionally 1 -> 0
2019-10-09 13:14:10,339 [pool-450-thread-1] INFO  server.RaftServerConfigKeys (ConfUtils.java:logGet(43)) - raft.server.storage.dir = [/workdir/hadoop-ozone/integration-test/target/test-dir/MiniOzoneClusterImpl-77992fd3-8e8a-426b-8566-445f44124f00/datanode-4/data/ratis] (custom)
2019-10-09 13:14:10,339 [pool-430-thread-1] INFO  storage.RaftStorageDirectory (RaftStorageDirectory.java:analyzeStorage(246)) - The storage directory /workdir/hadoop-ozone/integration-test/target/test-dir/MiniOzoneClusterImpl-77992fd3-8e8a-426b-8566-445f44124f00/datanode-2/data/ratis/7378dbdb-dd69-4b0f-82c8-f2e3f8b61fef does not exist. Creating ...
2019-10-09 13:14:10,340 [pool-450-thread-1] INFO  storage.RaftStorageDirectory (RaftStorageDirectory.java:analyzeStorage(246)) - The storage directory /workdir/hadoop-ozone/integration-test/target/test-dir/MiniOzoneClusterImpl-77992fd3-8e8a-426b-8566-445f44124f00/datanode-4/data/ratis/7378dbdb-dd69-4b0f-82c8-f2e3f8b61fef does not exist. Creating ...
2019-10-09 13:14:10,340 [pool-440-thread-1] INFO  storage.RaftStorageDirectory (RaftStorageDirectory.java:analyzeStorage(246)) - The storage directory /workdir/hadoop-ozone/integration-test/target/test-dir/MiniOzoneClusterImpl-77992fd3-8e8a-426b-8566-445f44124f00/datanode-3/data/ratis/7378dbdb-dd69-4b0f-82c8-f2e3f8b61fef does not exist. Creating ...
2019-10-09 13:14:10,340 [grpc-default-executor-15] INFO  impl.RaftServerImpl (ServerState.java:setRaftConf(354)) - 162534dc-93d9-4206-ab1e-9268955c7aca@group-986902F1898E: set configuration 1: [96acbf61-3ece-4d83-9836-a217fb58817a:192.168.5.175:35650, 162534dc-93d9-4206-ab1e-9268955c7aca:192.168.5.175:32957, 869fbf5b-cbbd-43c6-9f26-156c5192e660:192.168.5.175:43498], old=null at 1
2019-10-09 13:14:10,340 [grpc-default-executor-15] INFO  segmented.SegmentedRaftLogWorker (SegmentedRaftLogWorker.java:rollLogSegment(385)) - 162534dc-93d9-4206-ab1e-9268955c7aca@group-986902F1898E-SegmentedRaftLogWorker: Rolling segment log-0_0 to index:0
2019-10-09 13:14:10,341 [162534dc-93d9-4206-ab1e-9268955c7aca@group-986902F1898E-SegmentedRaftLogWorker] INFO  segmented.SegmentedRaftLogWorker (SegmentedRaftLogWorker.java:execute(526)) - 162534dc-93d9-4206-ab1e-9268955c7aca@group-986902F1898E-SegmentedRaftLogWorker: Rolled log segment from /workdir/hadoop-ozone/integration-test/target/test-dir/MiniOzoneClusterImpl-77992fd3-8e8a-426b-8566-445f44124f00/datanode-4/data/ratis/c28971ae-95cf-4532-9b4f-986902f1898e/current/log_inprogress_0 to /workdir/hadoop-ozone/integration-test/target/test-dir/MiniOzoneClusterImpl-77992fd3-8e8a-426b-8566-445f44124f00/datanode-4/data/ratis/c28971ae-95cf-4532-9b4f-986902f1898e/current/log_0-0
2019-10-09 13:14:10,351 [pool-440-thread-1] INFO  storage.RaftStorageDirectory (RaftStorageDirectory.java:tryLock(328)) - Lock on /workdir/hadoop-ozone/integration-test/target/test-dir/MiniOzoneClusterImpl-77992fd3-8e8a-426b-8566-445f44124f00/datanode-3/data/ratis/7378dbdb-dd69-4b0f-82c8-f2e3f8b61fef/in_use.lock acquired by nodename 6401@pr-hdds-1569-mfl88-1504498049
2019-10-09 13:14:10,351 [869fbf5b-cbbd-43c6-9f26-156c5192e660@group-986902F1898E-SegmentedRaftLogWorker] INFO  segmented.SegmentedRaftLogWorker (SegmentedRaftLogWorker.java:execute(569)) - 869fbf5b-cbbd-43c6-9f26-156c5192e660@group-986902F1898E-SegmentedRaftLogWorker: created new log segment /workdir/hadoop-ozone/integration-test/target/test-dir/MiniOzoneClusterImpl-77992fd3-8e8a-426b-8566-445f44124f00/datanode-3/data/ratis/c28971ae-95cf-4532-9b4f-986902f1898e/current/log_inprogress_1
2019-10-09 13:14:10,351 [pool-450-thread-1] INFO  storage.RaftStorageDirectory (RaftStorageDirectory.java:tryLock(328)) - Lock on /workdir/hadoop-ozone/integration-test/target/test-dir/MiniOzoneClusterImpl-77992fd3-8e8a-426b-8566-445f44124f00/datanode-4/data/ratis/7378dbdb-dd69-4b0f-82c8-f2e3f8b61fef/in_use.lock acquired by nodename 6401@pr-hdds-1569-mfl88-1504498049
2019-10-09 13:14:10,351 [pool-430-thread-1] INFO  storage.RaftStorageDirectory (RaftStorageDirectory.java:tryLock(328)) - Lock on /workdir/hadoop-ozone/integration-test/target/test-dir/MiniOzoneClusterImpl-77992fd3-8e8a-426b-8566-445f44124f00/datanode-2/data/ratis/7378dbdb-dd69-4b0f-82c8-f2e3f8b61fef/in_use.lock acquired by nodename 6401@pr-hdds-1569-mfl88-1504498049
2019-10-09 13:14:10,354 [pool-430-thread-1] INFO  storage.RaftStorage (RaftStorage.java:format(72)) - Storage directory /workdir/hadoop-ozone/integration-test/target/test-dir/MiniOzoneClusterImpl-77992fd3-8e8a-426b-8566-445f44124f00/datanode-2/data/ratis/7378dbdb-dd69-4b0f-82c8-f2e3f8b61fef has been successfully formatted.
2019-10-09 13:14:10,354 [pool-440-thread-1] INFO  storage.RaftStorage (RaftStorage.java:format(72)) - Storage directory /workdir/hadoop-ozone/integration-test/target/test-dir/MiniOzoneClusterImpl-77992fd3-8e8a-426b-8566-445f44124f00/datanode-3/data/ratis/7378dbdb-dd69-4b0f-82c8-f2e3f8b61fef has been successfully formatted.
2019-10-09 13:14:10,354 [pool-450-thread-1] INFO  storage.RaftStorage (RaftStorage.java:format(72)) - Storage directory /workdir/hadoop-ozone/integration-test/target/test-dir/MiniOzoneClusterImpl-77992fd3-8e8a-426b-8566-445f44124f00/datanode-4/data/ratis/7378dbdb-dd69-4b0f-82c8-f2e3f8b61fef has been successfully formatted.
2019-10-09 13:14:10,355 [pool-430-thread-1] INFO  ratis.ContainerStateMachine (ContainerStateMachine.java:loadSnapshot(230)) - group-F2E3F8B61FEF: The snapshot info is null. Setting the last applied indexto:(t:0, i:~)
2019-10-09 13:14:10,355 [pool-450-thread-1] INFO  ratis.ContainerStateMachine (ContainerStateMachine.java:loadSnapshot(230)) - group-F2E3F8B61FEF: The snapshot info is null. Setting the last applied indexto:(t:0, i:~)
2019-10-09 13:14:10,355 [pool-440-thread-1] INFO  ratis.ContainerStateMachine (ContainerStateMachine.java:loadSnapshot(230)) - group-F2E3F8B61FEF: The snapshot info is null. Setting the last applied indexto:(t:0, i:~)
2019-10-09 13:14:10,355 [pool-450-thread-1] INFO  server.RaftServerConfigKeys (ConfUtils.java:logGet(43)) - raft.server.notification.no-leader.timeout = 120s (custom)
2019-10-09 13:14:10,355 [pool-430-thread-1] INFO  server.RaftServerConfigKeys (ConfUtils.java:logGet(43)) - raft.server.notification.no-leader.timeout = 120s (custom)
2019-10-09 13:14:10,355 [pool-450-thread-1] INFO  server.RaftServerConfigKeys (ConfUtils.java:logGet(43)) - raft.server.log.use.memory = false (default)
2019-10-09 13:14:10,355 [pool-440-thread-1] INFO  server.RaftServerConfigKeys (ConfUtils.java:logGet(43)) - raft.server.notification.no-leader.timeout = 120s (custom)
2019-10-09 13:14:10,355 [pool-450-thread-1] INFO  server.RaftServerConfigKeys (ConfUtils.java:logGet(43)) - raft.server.log.purge.gap = 1000000 (custom)
2019-10-09 13:14:10,355 [pool-430-thread-1] INFO  server.RaftServerConfigKeys (ConfUtils.java:logGet(43)) - raft.server.log.use.memory = false (default)
2019-10-09 13:14:10,356 [pool-450-thread-1] INFO  server.RaftServerConfigKeys (ConfUtils.java:logGet(43)) - raft.server.log.appender.buffer.byte-limit = 33554432 (custom)
2019-10-09 13:14:10,355 [pool-440-thread-1] INFO  server.RaftServerConfigKeys (ConfUtils.java:logGet(43)) - raft.server.log.use.memory = false (default)
2019-10-09 13:14:10,356 [pool-450-thread-1] INFO  server.RaftServerConfigKeys (ConfUtils.java:logGet(43)) - raft.server.log.segment.size.max = 1048576 (custom)
2019-10-09 13:14:10,356 [pool-430-thread-1] INFO  server.RaftServerConfigKeys (ConfUtils.java:logGet(43)) - raft.server.log.purge.gap = 1000000 (custom)
2019-10-09 13:14:10,356 [pool-450-thread-1] INFO  server.RaftServerConfigKeys (ConfUtils.java:logGet(43)) - raft.server.log.segment.cache.num.max = 2 (custom)
2019-10-09 13:14:10,356 [pool-440-thread-1] INFO  server.RaftServerConfigKeys (ConfUtils.java:logGet(43)) - raft.server.log.purge.gap = 1000000 (custom)
2019-10-09 13:14:10,356 [pool-450-thread-1] INFO  segmented.SegmentedRaftLogWorker (SegmentedRaftLogWorker.java:<init>(172)) - new 162534dc-93d9-4206-ab1e-9268955c7aca@group-F2E3F8B61FEF-SegmentedRaftLogWorker for RaftStorage:Storage Directory /workdir/hadoop-ozone/integration-test/target/test-dir/MiniOzoneClusterImpl-77992fd3-8e8a-426b-8566-445f44124f00/datanode-4/data/ratis/7378dbdb-dd69-4b0f-82c8-f2e3f8b61fef
2019-10-09 13:14:10,356 [pool-430-thread-1] INFO  server.RaftServerConfigKeys (ConfUtils.java:logGet(43)) - raft.server.log.appender.buffer.byte-limit = 33554432 (custom)
2019-10-09 13:14:10,356 [pool-450-thread-1] INFO  server.RaftServerConfigKeys (ConfUtils.java:logGet(43)) - raft.server.log.queue.byte-limit = 2147483647 (custom)
2019-10-09 13:14:10,356 [pool-450-thread-1] INFO  server.RaftServerConfigKeys (ConfUtils.java:logGet(43)) - raft.server.log.queue.element-limit = 1024 (custom)
2019-10-09 13:14:10,356 [pool-440-thread-1] INFO  server.RaftServerConfigKeys (ConfUtils.java:logGet(43)) - raft.server.log.appender.buffer.byte-limit = 33554432 (custom)
2019-10-09 13:14:10,357 [pool-450-thread-1] INFO  server.RaftServerConfigKeys (ConfUtils.java:logGet(43)) - raft.server.log.segment.size.max = 1048576 (custom)
2019-10-09 13:14:10,356 [pool-430-thread-1] INFO  server.RaftServerConfigKeys (ConfUtils.java:logGet(43)) - raft.server.log.segment.size.max = 1048576 (custom)
2019-10-09 13:14:10,357 [pool-450-thread-1] INFO  server.RaftServerConfigKeys (ConfUtils.java:logGet(43)) - raft.server.log.preallocated.size = 16384 (custom)
2019-10-09 13:14:10,357 [pool-440-thread-1] INFO  server.RaftServerConfigKeys (ConfUtils.java:logGet(43)) - raft.server.log.segment.size.max = 1048576 (custom)
2019-10-09 13:14:10,357 [pool-450-thread-1] INFO  server.RaftServerConfigKeys (ConfUtils.java:logGet(43)) - raft.server.log.write.buffer.size = 33554432 (custom)
2019-10-09 13:14:10,357 [pool-430-thread-1] INFO  server.RaftServerConfigKeys (ConfUtils.java:logGet(43)) - raft.server.log.segment.cache.num.max = 2 (custom)
2019-10-09 13:14:10,357 [pool-450-thread-1] INFO  server.RaftServerConfigKeys (ConfUtils.java:logGet(43)) - raft.server.log.force.sync.num = 128 (default)
2019-10-09 13:14:10,357 [pool-440-thread-1] INFO  server.RaftServerConfigKeys (ConfUtils.java:logGet(43)) - raft.server.log.segment.cache.num.max = 2 (custom)
2019-10-09 13:14:10,357 [pool-450-thread-1] INFO  server.RaftServerConfigKeys (ConfUtils.java:logGet(43)) - raft.server.log.statemachine.data.sync = true (default)
2019-10-09 13:14:10,357 [pool-430-thread-1] INFO  segmented.SegmentedRaftLogWorker (SegmentedRaftLogWorker.java:<init>(172)) - new 7706a157-1a1c-49fa-abc2-2cf2041a84a7@group-F2E3F8B61FEF-SegmentedRaftLogWorker for RaftStorage:Storage Directory /workdir/hadoop-ozone/integration-test/target/test-dir/MiniOzoneClusterImpl-77992fd3-8e8a-426b-8566-445f44124f00/datanode-2/data/ratis/7378dbdb-dd69-4b0f-82c8-f2e3f8b61fef
2019-10-09 13:14:10,358 [pool-450-thread-1] INFO  server.RaftServerConfigKeys (ConfUtils.java:logGet(43)) - raft.server.log.statemachine.data.sync.timeout = 10s (default)
2019-10-09 13:14:10,357 [pool-440-thread-1] INFO  segmented.SegmentedRaftLogWorker (SegmentedRaftLogWorker.java:<init>(172)) - new 869fbf5b-cbbd-43c6-9f26-156c5192e660@group-F2E3F8B61FEF-SegmentedRaftLogWorker for RaftStorage:Storage Directory /workdir/hadoop-ozone/integration-test/target/test-dir/MiniOzoneClusterImpl-77992fd3-8e8a-426b-8566-445f44124f00/datanode-3/data/ratis/7378dbdb-dd69-4b0f-82c8-f2e3f8b61fef
2019-10-09 13:14:10,358 [pool-450-thread-1] INFO  server.RaftServerConfigKeys (ConfUtils.java:logGet(43)) - raft.server.log.statemachine.data.sync.timeout.retry = -1 (default)
2019-10-09 13:14:10,358 [pool-430-thread-1] INFO  server.RaftServerConfigKeys (ConfUtils.java:logGet(43)) - raft.server.log.queue.byte-limit = 2147483647 (custom)
2019-10-09 13:14:10,358 [pool-450-thread-1] INFO  server.RaftServerConfigKeys (ConfUtils.java:logGet(43)) - raft.server.log.statemachine.data.caching.enabled = true (custom)
2019-10-09 13:14:10,358 [pool-440-thread-1] INFO  server.RaftServerConfigKeys (ConfUtils.java:logGet(43)) - raft.server.log.queue.byte-limit = 2147483647 (custom)
2019-10-09 13:14:10,358 [pool-430-thread-1] INFO  server.RaftServerConfigKeys (ConfUtils.java:logGet(43)) - raft.server.log.queue.element-limit = 1024 (custom)
2019-10-09 13:14:10,358 [pool-450-thread-1] INFO  segmented.SegmentedRaftLogWorker (SegmentedRaftLogWorker.java:lambda$new$0(132)) - 162534dc-93d9-4206-ab1e-9268955c7aca@group-F2E3F8B61FEF-SegmentedRaftLogWorker: flushIndex: setUnconditionally 0 -> -1
2019-10-09 13:14:10,358 [pool-440-thread-1] INFO  server.RaftServerConfigKeys (ConfUtils.java:logGet(43)) - raft.server.log.queue.element-limit = 1024 (custom)
2019-10-09 13:14:10,358 [pool-430-thread-1] INFO  server.RaftServerConfigKeys (ConfUtils.java:logGet(43)) - raft.server.log.segment.size.max = 1048576 (custom)
2019-10-09 13:14:10,359 [pool-450-thread-1] INFO  server.RaftServerConfigKeys (ConfUtils.java:logGet(43)) - raft.server.snapshot.auto.trigger.enabled = true (custom)
2019-10-09 13:14:10,359 [pool-440-thread-1] INFO  server.RaftServerConfigKeys (ConfUtils.java:logGet(43)) - raft.server.log.segment.size.max = 1048576 (custom)
2019-10-09 13:14:10,359 [pool-450-thread-1] INFO  server.RaftServerConfigKeys (ConfUtils.java:logGet(43)) - raft.server.snapshot.auto.trigger.threshold = 10000 (custom)
2019-10-09 13:14:10,359 [pool-430-thread-1] INFO  server.RaftServerConfigKeys (ConfUtils.java:logGet(43)) - raft.server.log.preallocated.size = 16384 (custom)
2019-10-09 13:14:10,359 [pool-450-thread-1] INFO  server.RaftServerConfigKeys (ConfUtils.java:logGet(43)) - raft.server.snapshot.retention.num.files = 5 (custom)
2019-10-09 13:14:10,359 [pool-440-thread-1] INFO  server.RaftServerConfigKeys (ConfUtils.java:logGet(43)) - raft.server.log.preallocated.size = 16384 (custom)
2019-10-09 13:14:10,359 [pool-450-thread-1] INFO  server.RaftServerConfigKeys (ConfUtils.java:logGet(43)) - raft.server.retrycache.expirytime = 600000ms (custom)
2019-10-09 13:14:10,359 [pool-430-thread-1] INFO  server.RaftServerConfigKeys (ConfUtils.java:logGet(43)) - raft.server.log.write.buffer.size = 33554432 (custom)
2019-10-09 13:14:10,359 [pool-440-thread-1] INFO  server.RaftServerConfigKeys (ConfUtils.java:logGet(43)) - raft.server.log.write.buffer.size = 33554432 (custom)
2019-10-09 13:14:10,359 [pool-430-thread-1] INFO  server.RaftServerConfigKeys (ConfUtils.java:logGet(43)) - raft.server.log.force.sync.num = 128 (default)
2019-10-09 13:14:10,359 [pool-440-thread-1] INFO  server.RaftServerConfigKeys (ConfUtils.java:logGet(43)) - raft.server.log.force.sync.num = 128 (default)
2019-10-09 13:14:10,360 [pool-430-thread-1] INFO  server.RaftServerConfigKeys (ConfUtils.java:logGet(43)) - raft.server.log.statemachine.data.sync = true (default)
2019-10-09 13:14:10,360 [pool-440-thread-1] INFO  server.RaftServerConfigKeys (ConfUtils.java:logGet(43)) - raft.server.log.statemachine.data.sync = true (default)
2019-10-09 13:14:10,360 [pool-430-thread-1] INFO  server.RaftServerConfigKeys (ConfUtils.java:logGet(43)) - raft.server.log.statemachine.data.sync.timeout = 10s (default)
2019-10-09 13:14:10,360 [pool-440-thread-1] INFO  server.RaftServerConfigKeys (ConfUtils.java:logGet(43)) - raft.server.log.statemachine.data.sync.timeout = 10s (default)
2019-10-09 13:14:10,360 [pool-430-thread-1] INFO  server.RaftServerConfigKeys (ConfUtils.java:logGet(43)) - raft.server.log.statemachine.data.sync.timeout.retry = -1 (default)
2019-10-09 13:14:10,360 [pool-440-thread-1] INFO  server.RaftServerConfigKeys (ConfUtils.java:logGet(43)) - raft.server.log.statemachine.data.sync.timeout.retry = -1 (default)
2019-10-09 13:14:10,360 [pool-430-thread-1] INFO  server.RaftServerConfigKeys (ConfUtils.java:logGet(43)) - raft.server.log.statemachine.data.caching.enabled = true (custom)
2019-10-09 13:14:10,360 [pool-440-thread-1] INFO  server.RaftServerConfigKeys (ConfUtils.java:logGet(43)) - raft.server.log.statemachine.data.caching.enabled = true (custom)
2019-10-09 13:14:10,360 [pool-450-thread-1] INFO  impl.RaftServerImpl (RaftServerImpl.java:start(185)) - 162534dc-93d9-4206-ab1e-9268955c7aca@group-F2E3F8B61FEF: start as a follower, conf=-1: [162534dc-93d9-4206-ab1e-9268955c7aca:192.168.5.175:32957, 869fbf5b-cbbd-43c6-9f26-156c5192e660:192.168.5.175:43498, 7706a157-1a1c-49fa-abc2-2cf2041a84a7:192.168.5.175:40917], old=null
2019-10-09 13:14:10,360 [pool-430-thread-1] INFO  segmented.SegmentedRaftLogWorker (SegmentedRaftLogWorker.java:lambda$new$0(132)) - 7706a157-1a1c-49fa-abc2-2cf2041a84a7@group-F2E3F8B61FEF-SegmentedRaftLogWorker: flushIndex: setUnconditionally 0 -> -1
2019-10-09 13:14:10,361 [pool-450-thread-1] INFO  impl.RaftServerImpl (RaftServerImpl.java:setRole(174)) - 162534dc-93d9-4206-ab1e-9268955c7aca@group-F2E3F8B61FEF: changes role from      null to FOLLOWER at term 0 for startAsFollower
2019-10-09 13:14:10,361 [pool-440-thread-1] INFO  segmented.SegmentedRaftLogWorker (SegmentedRaftLogWorker.java:lambda$new$0(132)) - 869fbf5b-cbbd-43c6-9f26-156c5192e660@group-F2E3F8B61FEF-SegmentedRaftLogWorker: flushIndex: setUnconditionally 0 -> -1
2019-10-09 13:14:10,361 [pool-430-thread-1] INFO  server.RaftServerConfigKeys (ConfUtils.java:logGet(43)) - raft.server.snapshot.auto.trigger.enabled = true (custom)
2019-10-09 13:14:10,361 [pool-450-thread-1] INFO  impl.RoleInfo (RoleInfo.java:updateAndGet(143)) - 162534dc-93d9-4206-ab1e-9268955c7aca: start FollowerState
2019-10-09 13:14:10,361 [pool-440-thread-1] INFO  server.RaftServerConfigKeys (ConfUtils.java:logGet(43)) - raft.server.snapshot.auto.trigger.enabled = true (custom)
2019-10-09 13:14:10,361 [pool-430-thread-1] INFO  server.RaftServerConfigKeys (ConfUtils.java:logGet(43)) - raft.server.snapshot.auto.trigger.threshold = 10000 (custom)
2019-10-09 13:14:10,361 [pool-440-thread-1] INFO  server.RaftServerConfigKeys (ConfUtils.java:logGet(43)) - raft.server.snapshot.auto.trigger.threshold = 10000 (custom)
2019-10-09 13:14:10,361 [pool-450-thread-1] INFO  util.JmxRegister (JmxRegister.java:tryRegister(44)) - Successfully registered JMX Bean with object name Ratis:service=RaftServer,group=group-F2E3F8B61FEF,id=162534dc-93d9-4206-ab1e-9268955c7aca
2019-10-09 13:14:10,361 [pool-430-thread-1] INFO  server.RaftServerConfigKeys (ConfUtils.java:logGet(43)) - raft.server.snapshot.retention.num.files = 5 (custom)
2019-10-09 13:14:10,361 [pool-440-thread-1] INFO  server.RaftServerConfigKeys (ConfUtils.java:logGet(43)) - raft.server.snapshot.retention.num.files = 5 (custom)
2019-10-09 13:14:10,362 [pool-430-thread-1] INFO  server.RaftServerConfigKeys (ConfUtils.java:logGet(43)) - raft.server.retrycache.expirytime = 600000ms (custom)
2019-10-09 13:14:10,362 [pool-440-thread-1] INFO  server.RaftServerConfigKeys (ConfUtils.java:logGet(43)) - raft.server.retrycache.expirytime = 600000ms (custom)
2019-10-09 13:14:10,364 [pool-430-thread-1] INFO  impl.RaftServerImpl (RaftServerImpl.java:start(185)) - 7706a157-1a1c-49fa-abc2-2cf2041a84a7@group-F2E3F8B61FEF: start as a follower, conf=-1: [162534dc-93d9-4206-ab1e-9268955c7aca:192.168.5.175:32957, 869fbf5b-cbbd-43c6-9f26-156c5192e660:192.168.5.175:43498, 7706a157-1a1c-49fa-abc2-2cf2041a84a7:192.168.5.175:40917], old=null
2019-10-09 13:14:10,364 [pool-430-thread-1] INFO  impl.RaftServerImpl (RaftServerImpl.java:setRole(174)) - 7706a157-1a1c-49fa-abc2-2cf2041a84a7@group-F2E3F8B61FEF: changes role from      null to FOLLOWER at term 0 for startAsFollower
2019-10-09 13:14:10,364 [pool-440-thread-1] INFO  impl.RaftServerImpl (RaftServerImpl.java:start(185)) - 869fbf5b-cbbd-43c6-9f26-156c5192e660@group-F2E3F8B61FEF: start as a follower, conf=-1: [162534dc-93d9-4206-ab1e-9268955c7aca:192.168.5.175:32957, 869fbf5b-cbbd-43c6-9f26-156c5192e660:192.168.5.175:43498, 7706a157-1a1c-49fa-abc2-2cf2041a84a7:192.168.5.175:40917], old=null
2019-10-09 13:14:10,364 [pool-430-thread-1] INFO  impl.RoleInfo (RoleInfo.java:updateAndGet(143)) - 7706a157-1a1c-49fa-abc2-2cf2041a84a7: start FollowerState
2019-10-09 13:14:10,364 [pool-440-thread-1] INFO  impl.RaftServerImpl (RaftServerImpl.java:setRole(174)) - 869fbf5b-cbbd-43c6-9f26-156c5192e660@group-F2E3F8B61FEF: changes role from      null to FOLLOWER at term 0 for startAsFollower
2019-10-09 13:14:10,364 [pool-440-thread-1] INFO  impl.RoleInfo (RoleInfo.java:updateAndGet(143)) - 869fbf5b-cbbd-43c6-9f26-156c5192e660: start FollowerState
2019-10-09 13:14:10,365 [pool-430-thread-1] INFO  util.JmxRegister (JmxRegister.java:tryRegister(44)) - Successfully registered JMX Bean with object name Ratis:service=RaftServer,group=group-F2E3F8B61FEF,id=7706a157-1a1c-49fa-abc2-2cf2041a84a7
2019-10-09 13:14:10,365 [pool-440-thread-1] INFO  util.JmxRegister (JmxRegister.java:tryRegister(44)) - Successfully registered JMX Bean with object name Ratis:service=RaftServer,group=group-F2E3F8B61FEF,id=869fbf5b-cbbd-43c6-9f26-156c5192e660
2019-10-09 13:14:10,367 [IPC Server handler 5 on 38037] INFO  pipeline.PipelineStateManager (PipelineStateManager.java:addPipeline(56)) - Created pipeline Pipeline[ Id: 7378dbdb-dd69-4b0f-82c8-f2e3f8b61fef, Nodes: 7706a157-1a1c-49fa-abc2-2cf2041a84a7{ip: 192.168.5.175, host: pr-hdds-1569-mfl88-1504498049, networkLocation: /default-rack, certSerialId: null}162534dc-93d9-4206-ab1e-9268955c7aca{ip: 192.168.5.175, host: pr-hdds-1569-mfl88-1504498049, networkLocation: /default-rack, certSerialId: null}869fbf5b-cbbd-43c6-9f26-156c5192e660{ip: 192.168.5.175, host: pr-hdds-1569-mfl88-1504498049, networkLocation: /default-rack, certSerialId: null}, Type:RATIS, Factor:THREE, State:OPEN]
2019-10-09 13:14:10,377 [162534dc-93d9-4206-ab1e-9268955c7aca@group-986902F1898E-SegmentedRaftLogWorker] INFO  segmented.SegmentedRaftLogWorker (SegmentedRaftLogWorker.java:execute(569)) - 162534dc-93d9-4206-ab1e-9268955c7aca@group-986902F1898E-SegmentedRaftLogWorker: created new log segment /workdir/hadoop-ozone/integration-test/target/test-dir/MiniOzoneClusterImpl-77992fd3-8e8a-426b-8566-445f44124f00/datanode-4/data/ratis/c28971ae-95cf-4532-9b4f-986902f1898e/current/log_inprogress_1
2019-10-09 13:14:10,379 [grpc-default-executor-35] WARN  server.GrpcLogAppender (LogUtils.java:warn(134)) - 869fbf5b-cbbd-43c6-9f26-156c5192e660@group-986902F1898E->96acbf61-3ece-4d83-9836-a217fb58817a-AppendLogResponseHandler: Failed appendEntries: org.apache.ratis.thirdparty.io.grpc.StatusRuntimeException: UNAVAILABLE: io exception
2019-10-09 13:14:10,379 [grpc-default-executor-35] INFO  impl.FollowerInfo (FollowerInfo.java:lambda$new$0(51)) - 869fbf5b-cbbd-43c6-9f26-156c5192e660@group-986902F1898E->96acbf61-3ece-4d83-9836-a217fb58817a: nextIndex: updateUnconditionally 1 -> 0
2019-10-09 13:14:10,391 [grpc-default-executor-15] WARN  server.GrpcLogAppender (LogUtils.java:warn(134)) - 869fbf5b-cbbd-43c6-9f26-156c5192e660@group-986902F1898E->96acbf61-3ece-4d83-9836-a217fb58817a-AppendLogResponseHandler: Failed appendEntries: org.apache.ratis.thirdparty.io.grpc.StatusRuntimeException: UNAVAILABLE: io exception
2019-10-09 13:14:10,391 [grpc-default-executor-15] INFO  impl.FollowerInfo (FollowerInfo.java:lambda$new$0(51)) - 869fbf5b-cbbd-43c6-9f26-156c5192e660@group-986902F1898E->96acbf61-3ece-4d83-9836-a217fb58817a: nextIndex: updateUnconditionally 1 -> 0
2019-10-09 13:14:11,183 [grpc-default-executor-35] WARN  server.GrpcLogAppender (LogUtils.java:warn(134)) - 2c69c56f-4b33-4231-936a-bbd24e83d692@group-14DF45B217B5->96acbf61-3ece-4d83-9836-a217fb58817a-AppendLogResponseHandler: Failed appendEntries: org.apache.ratis.thirdparty.io.grpc.StatusRuntimeException: UNAVAILABLE: io exception
2019-10-09 13:14:11,183 [grpc-default-executor-35] INFO  impl.FollowerInfo (FollowerInfo.java:lambda$new$0(51)) - 2c69c56f-4b33-4231-936a-bbd24e83d692@group-14DF45B217B5->96acbf61-3ece-4d83-9836-a217fb58817a: nextIndex: updateUnconditionally 0 -> 0
2019-10-09 13:14:11,441 [grpc-default-executor-15] WARN  server.GrpcLogAppender (LogUtils.java:warn(134)) - 7706a157-1a1c-49fa-abc2-2cf2041a84a7@group-52AD3AA08ADE->96acbf61-3ece-4d83-9836-a217fb58817a-AppendLogResponseHandler: Failed appendEntries: org.apache.ratis.thirdparty.io.grpc.StatusRuntimeException: UNAVAILABLE: io exception
2019-10-09 13:14:11,441 [grpc-default-executor-15] INFO  impl.FollowerInfo (FollowerInfo.java:lambda$new$0(51)) - 7706a157-1a1c-49fa-abc2-2cf2041a84a7@group-52AD3AA08ADE->96acbf61-3ece-4d83-9836-a217fb58817a: nextIndex: updateUnconditionally 0 -> 0
2019-10-09 13:14:12,113 [grpc-default-executor-38] WARN  server.GrpcLogAppender (LogUtils.java:warn(134)) - 869fbf5b-cbbd-43c6-9f26-156c5192e660@group-7276B70EB406->96acbf61-3ece-4d83-9836-a217fb58817a-AppendLogResponseHandler: Failed appendEntries: org.apache.ratis.thirdparty.io.grpc.StatusRuntimeException: UNAVAILABLE: io exception
2019-10-09 13:14:12,113 [grpc-default-executor-46] WARN  server.GrpcLogAppender (LogUtils.java:warn(134)) - 162534dc-93d9-4206-ab1e-9268955c7aca@group-F494DE254AFB->96acbf61-3ece-4d83-9836-a217fb58817a-AppendLogResponseHandler: Failed appendEntries: org.apache.ratis.thirdparty.io.grpc.StatusRuntimeException: UNAVAILABLE: io exception
2019-10-09 13:14:12,114 [grpc-default-executor-38] INFO  impl.FollowerInfo (FollowerInfo.java:lambda$new$0(51)) - 869fbf5b-cbbd-43c6-9f26-156c5192e660@group-7276B70EB406->96acbf61-3ece-4d83-9836-a217fb58817a: nextIndex: updateUnconditionally 0 -> 0
2019-10-09 13:14:12,114 [grpc-default-executor-46] INFO  impl.FollowerInfo (FollowerInfo.java:lambda$new$0(51)) - 162534dc-93d9-4206-ab1e-9268955c7aca@group-F494DE254AFB->96acbf61-3ece-4d83-9836-a217fb58817a: nextIndex: updateUnconditionally 0 -> 0
2019-10-09 13:14:12,174 [grpc-default-executor-35] WARN  server.GrpcLogAppender (LogUtils.java:warn(134)) - 162534dc-93d9-4206-ab1e-9268955c7aca@group-014983823A3D->96acbf61-3ece-4d83-9836-a217fb58817a-AppendLogResponseHandler: Failed appendEntries: org.apache.ratis.thirdparty.io.grpc.StatusRuntimeException: UNAVAILABLE: io exception
2019-10-09 13:14:12,174 [grpc-default-executor-37] WARN  server.GrpcLogAppender (LogUtils.java:warn(134)) - 162534dc-93d9-4206-ab1e-9268955c7aca@group-4A4B977E74D1->96acbf61-3ece-4d83-9836-a217fb58817a-AppendLogResponseHandler: Failed appendEntries: org.apache.ratis.thirdparty.io.grpc.StatusRuntimeException: UNAVAILABLE: io exception
2019-10-09 13:14:12,174 [grpc-default-executor-35] INFO  impl.FollowerInfo (FollowerInfo.java:lambda$new$0(51)) - 162534dc-93d9-4206-ab1e-9268955c7aca@group-014983823A3D->96acbf61-3ece-4d83-9836-a217fb58817a: nextIndex: updateUnconditionally 0 -> 0
2019-10-09 13:14:12,174 [grpc-default-executor-37] INFO  impl.FollowerInfo (FollowerInfo.java:lambda$new$0(51)) - 162534dc-93d9-4206-ab1e-9268955c7aca@group-4A4B977E74D1->96acbf61-3ece-4d83-9836-a217fb58817a: nextIndex: updateUnconditionally 1 -> 0
2019-10-09 13:14:12,188 [grpc-default-executor-38] WARN  server.GrpcLogAppender (LogUtils.java:warn(134)) - 162534dc-93d9-4206-ab1e-9268955c7aca@group-227D833B6095->96acbf61-3ece-4d83-9836-a217fb58817a-AppendLogResponseHandler: Failed appendEntries: org.apache.ratis.thirdparty.io.grpc.StatusRuntimeException: UNAVAILABLE: io exception
2019-10-09 13:14:12,188 [grpc-default-executor-38] INFO  impl.FollowerInfo (FollowerInfo.java:lambda$new$0(51)) - 162534dc-93d9-4206-ab1e-9268955c7aca@group-227D833B6095->96acbf61-3ece-4d83-9836-a217fb58817a: nextIndex: updateUnconditionally 0 -> 0
2019-10-09 13:14:12,549 [grpc-default-executor-35] WARN  server.GrpcLogAppender (LogUtils.java:warn(134)) - 869fbf5b-cbbd-43c6-9f26-156c5192e660@group-FB9E4996B38B->96acbf61-3ece-4d83-9836-a217fb58817a-AppendLogResponseHandler: Failed appendEntries: org.apache.ratis.thirdparty.io.grpc.StatusRuntimeException: UNAVAILABLE: io exception
2019-10-09 13:14:12,549 [grpc-default-executor-35] INFO  impl.FollowerInfo (FollowerInfo.java:lambda$new$0(51)) - 869fbf5b-cbbd-43c6-9f26-156c5192e660@group-FB9E4996B38B->96acbf61-3ece-4d83-9836-a217fb58817a: nextIndex: updateUnconditionally 0 -> 0
2019-10-09 13:14:12,569 [grpc-default-executor-35] WARN  server.GrpcLogAppender (LogUtils.java:warn(134)) - 869fbf5b-cbbd-43c6-9f26-156c5192e660@group-DC31737E2860->96acbf61-3ece-4d83-9836-a217fb58817a-AppendLogResponseHandler: Failed appendEntries: org.apache.ratis.thirdparty.io.grpc.StatusRuntimeException: UNAVAILABLE: io exception
2019-10-09 13:14:12,569 [grpc-default-executor-35] INFO  impl.FollowerInfo (FollowerInfo.java:lambda$new$0(51)) - 869fbf5b-cbbd-43c6-9f26-156c5192e660@group-DC31737E2860->96acbf61-3ece-4d83-9836-a217fb58817a: nextIndex: updateUnconditionally 0 -> 0
2019-10-09 13:14:12,708 [grpc-default-executor-35] WARN  server.GrpcLogAppender (LogUtils.java:warn(134)) - 869fbf5b-cbbd-43c6-9f26-156c5192e660@group-19F276FA9099->96acbf61-3ece-4d83-9836-a217fb58817a-AppendLogResponseHandler: Failed appendEntries: org.apache.ratis.thirdparty.io.grpc.StatusRuntimeException: UNAVAILABLE: io exception
2019-10-09 13:14:12,708 [grpc-default-executor-35] INFO  impl.FollowerInfo (FollowerInfo.java:lambda$new$0(51)) - 869fbf5b-cbbd-43c6-9f26-156c5192e660@group-19F276FA9099->96acbf61-3ece-4d83-9836-a217fb58817a: nextIndex: updateUnconditionally 0 -> 0
2019-10-09 13:14:12,892 [grpc-default-executor-35] WARN  server.GrpcLogAppender (LogUtils.java:warn(134)) - 869fbf5b-cbbd-43c6-9f26-156c5192e660@group-986902F1898E->96acbf61-3ece-4d83-9836-a217fb58817a-AppendLogResponseHandler: Failed appendEntries: org.apache.ratis.thirdparty.io.grpc.StatusRuntimeException: UNAVAILABLE: io exception
2019-10-09 13:14:12,903 [grpc-default-executor-35] INFO  impl.FollowerInfo (FollowerInfo.java:lambda$new$0(51)) - 869fbf5b-cbbd-43c6-9f26-156c5192e660@group-986902F1898E->96acbf61-3ece-4d83-9836-a217fb58817a: nextIndex: updateUnconditionally 0 -> 0
2019-10-09 13:14:13,682 [grpc-default-executor-35] WARN  server.GrpcLogAppender (LogUtils.java:warn(134)) - 2c69c56f-4b33-4231-936a-bbd24e83d692@group-14DF45B217B5->96acbf61-3ece-4d83-9836-a217fb58817a-AppendLogResponseHandler: Failed appendEntries: org.apache.ratis.thirdparty.io.grpc.StatusRuntimeException: UNAVAILABLE: io exception
2019-10-09 13:14:13,683 [grpc-default-executor-35] INFO  impl.FollowerInfo (FollowerInfo.java:lambda$new$0(51)) - 2c69c56f-4b33-4231-936a-bbd24e83d692@group-14DF45B217B5->96acbf61-3ece-4d83-9836-a217fb58817a: nextIndex: updateUnconditionally 0 -> 0
2019-10-09 13:14:13,937 [grpc-default-executor-37] WARN  server.GrpcLogAppender (LogUtils.java:warn(134)) - 7706a157-1a1c-49fa-abc2-2cf2041a84a7@group-52AD3AA08ADE->96acbf61-3ece-4d83-9836-a217fb58817a-AppendLogResponseHandler: Failed appendEntries: org.apache.ratis.thirdparty.io.grpc.StatusRuntimeException: UNAVAILABLE: io exception
2019-10-09 13:14:13,938 [grpc-default-executor-37] INFO  impl.FollowerInfo (FollowerInfo.java:lambda$new$0(51)) - 7706a157-1a1c-49fa-abc2-2cf2041a84a7@group-52AD3AA08ADE->96acbf61-3ece-4d83-9836-a217fb58817a: nextIndex: updateUnconditionally 0 -> 0
2019-10-09 13:14:14,614 [grpc-default-executor-37] WARN  server.GrpcLogAppender (LogUtils.java:warn(134)) - 162534dc-93d9-4206-ab1e-9268955c7aca@group-F494DE254AFB->96acbf61-3ece-4d83-9836-a217fb58817a-AppendLogResponseHandler: Failed appendEntries: org.apache.ratis.thirdparty.io.grpc.StatusRuntimeException: UNAVAILABLE: io exception
2019-10-09 13:14:14,614 [grpc-default-executor-15] WARN  server.GrpcLogAppender (LogUtils.java:warn(134)) - 869fbf5b-cbbd-43c6-9f26-156c5192e660@group-7276B70EB406->96acbf61-3ece-4d83-9836-a217fb58817a-AppendLogResponseHandler: Failed appendEntries: org.apache.ratis.thirdparty.io.grpc.StatusRuntimeException: UNAVAILABLE: io exception
2019-10-09 13:14:14,614 [grpc-default-executor-37] INFO  impl.FollowerInfo (FollowerInfo.java:lambda$new$0(51)) - 162534dc-93d9-4206-ab1e-9268955c7aca@group-F494DE254AFB->96acbf61-3ece-4d83-9836-a217fb58817a: nextIndex: updateUnconditionally 0 -> 0
2019-10-09 13:14:14,614 [grpc-default-executor-15] INFO  impl.FollowerInfo (FollowerInfo.java:lambda$new$0(51)) - 869fbf5b-cbbd-43c6-9f26-156c5192e660@group-7276B70EB406->96acbf61-3ece-4d83-9836-a217fb58817a: nextIndex: updateUnconditionally 0 -> 0
2019-10-09 13:14:14,674 [grpc-default-executor-37] WARN  server.GrpcLogAppender (LogUtils.java:warn(134)) - 162534dc-93d9-4206-ab1e-9268955c7aca@group-014983823A3D->96acbf61-3ece-4d83-9836-a217fb58817a-AppendLogResponseHandler: Failed appendEntries: org.apache.ratis.thirdparty.io.grpc.StatusRuntimeException: UNAVAILABLE: io exception
2019-10-09 13:14:14,674 [grpc-default-executor-46] WARN  server.GrpcLogAppender (LogUtils.java:warn(134)) - 162534dc-93d9-4206-ab1e-9268955c7aca@group-4A4B977E74D1->96acbf61-3ece-4d83-9836-a217fb58817a-AppendLogResponseHandler: Failed appendEntries: org.apache.ratis.thirdparty.io.grpc.StatusRuntimeException: UNAVAILABLE: io exception
2019-10-09 13:14:14,674 [grpc-default-executor-37] INFO  impl.FollowerInfo (FollowerInfo.java:lambda$new$0(51)) - 162534dc-93d9-4206-ab1e-9268955c7aca@group-014983823A3D->96acbf61-3ece-4d83-9836-a217fb58817a: nextIndex: updateUnconditionally 0 -> 0
2019-10-09 13:14:14,675 [grpc-default-executor-46] INFO  impl.FollowerInfo (FollowerInfo.java:lambda$new$0(51)) - 162534dc-93d9-4206-ab1e-9268955c7aca@group-4A4B977E74D1->96acbf61-3ece-4d83-9836-a217fb58817a: nextIndex: updateUnconditionally 0 -> 0
2019-10-09 13:14:14,688 [grpc-default-executor-37] WARN  server.GrpcLogAppender (LogUtils.java:warn(134)) - 162534dc-93d9-4206-ab1e-9268955c7aca@group-227D833B6095->96acbf61-3ece-4d83-9836-a217fb58817a-AppendLogResponseHandler: Failed appendEntries: org.apache.ratis.thirdparty.io.grpc.StatusRuntimeException: UNAVAILABLE: io exception
2019-10-09 13:14:14,689 [grpc-default-executor-37] INFO  impl.FollowerInfo (FollowerInfo.java:lambda$new$0(51)) - 162534dc-93d9-4206-ab1e-9268955c7aca@group-227D833B6095->96acbf61-3ece-4d83-9836-a217fb58817a: nextIndex: updateUnconditionally 0 -> 0
2019-10-09 13:14:15,045 [grpc-default-executor-38] WARN  server.GrpcLogAppender (LogUtils.java:warn(134)) - 869fbf5b-cbbd-43c6-9f26-156c5192e660@group-FB9E4996B38B->96acbf61-3ece-4d83-9836-a217fb58817a-AppendLogResponseHandler: Failed appendEntries: org.apache.ratis.thirdparty.io.grpc.StatusRuntimeException: UNAVAILABLE: io exception
2019-10-09 13:14:15,045 [grpc-default-executor-38] INFO  impl.FollowerInfo (FollowerInfo.java:lambda$new$0(51)) - 869fbf5b-cbbd-43c6-9f26-156c5192e660@group-FB9E4996B38B->96acbf61-3ece-4d83-9836-a217fb58817a: nextIndex: updateUnconditionally 0 -> 0
2019-10-09 13:14:15,069 [grpc-default-executor-38] WARN  server.GrpcLogAppender (LogUtils.java:warn(134)) - 869fbf5b-cbbd-43c6-9f26-156c5192e660@group-DC31737E2860->96acbf61-3ece-4d83-9836-a217fb58817a-AppendLogResponseHandler: Failed appendEntries: org.apache.ratis.thirdparty.io.grpc.StatusRuntimeException: UNAVAILABLE: io exception
2019-10-09 13:14:15,069 [grpc-default-executor-38] INFO  impl.FollowerInfo (FollowerInfo.java:lambda$new$0(51)) - 869fbf5b-cbbd-43c6-9f26-156c5192e660@group-DC31737E2860->96acbf61-3ece-4d83-9836-a217fb58817a: nextIndex: updateUnconditionally 0 -> 0
2019-10-09 13:14:15,208 [grpc-default-executor-38] WARN  server.GrpcLogAppender (LogUtils.java:warn(134)) - 869fbf5b-cbbd-43c6-9f26-156c5192e660@group-19F276FA9099->96acbf61-3ece-4d83-9836-a217fb58817a-AppendLogResponseHandler: Failed appendEntries: org.apache.ratis.thirdparty.io.grpc.StatusRuntimeException: UNAVAILABLE: io exception
2019-10-09 13:14:15,208 [grpc-default-executor-38] INFO  impl.FollowerInfo (FollowerInfo.java:lambda$new$0(51)) - 869fbf5b-cbbd-43c6-9f26-156c5192e660@group-19F276FA9099->96acbf61-3ece-4d83-9836-a217fb58817a: nextIndex: updateUnconditionally 0 -> 0
2019-10-09 13:14:15,371 [Thread-7788] INFO  impl.FollowerState (FollowerState.java:run(106)) - 162534dc-93d9-4206-ab1e-9268955c7aca:group-F2E3F8B61FEF changes to CANDIDATE, lastRpcTime:5010, electionTimeout:5010ms
2019-10-09 13:14:15,372 [Thread-7788] INFO  impl.RoleInfo (RoleInfo.java:shutdownFollowerState(121)) - 162534dc-93d9-4206-ab1e-9268955c7aca: shutdown FollowerState
2019-10-09 13:14:15,372 [Thread-7788] INFO  impl.RaftServerImpl (RaftServerImpl.java:setRole(174)) - 162534dc-93d9-4206-ab1e-9268955c7aca@group-F2E3F8B61FEF: changes role from  FOLLOWER to CANDIDATE at term 0 for changeToCandidate
2019-10-09 13:14:15,372 [Thread-7788] INFO  impl.RoleInfo (RoleInfo.java:updateAndGet(143)) - 162534dc-93d9-4206-ab1e-9268955c7aca: start LeaderElection
2019-10-09 13:14:15,392 [162534dc-93d9-4206-ab1e-9268955c7aca@group-F2E3F8B61FEF:LeaderElection237] INFO  impl.LeaderElection (LeaderElection.java:askForVotes(182)) - 162534dc-93d9-4206-ab1e-9268955c7aca@group-F2E3F8B61FEF:LeaderElection237: begin an election at term 1 for -1: [162534dc-93d9-4206-ab1e-9268955c7aca:192.168.5.175:32957, 869fbf5b-cbbd-43c6-9f26-156c5192e660:192.168.5.175:43498, 7706a157-1a1c-49fa-abc2-2cf2041a84a7:192.168.5.175:40917], old=null
2019-10-09 13:14:15,393 [grpc-default-executor-38] WARN  server.GrpcLogAppender (LogUtils.java:warn(134)) - 869fbf5b-cbbd-43c6-9f26-156c5192e660@group-986902F1898E->96acbf61-3ece-4d83-9836-a217fb58817a-AppendLogResponseHandler: Failed appendEntries: org.apache.ratis.thirdparty.io.grpc.StatusRuntimeException: UNAVAILABLE: io exception
2019-10-09 13:14:15,393 [grpc-default-executor-38] INFO  impl.FollowerInfo (FollowerInfo.java:lambda$new$0(51)) - 869fbf5b-cbbd-43c6-9f26-156c5192e660@group-986902F1898E->96acbf61-3ece-4d83-9836-a217fb58817a: nextIndex: updateUnconditionally 0 -> 0
2019-10-09 13:14:15,394 [grpc-default-executor-46] INFO  impl.RaftServerImpl (RaftServerImpl.java:setRole(174)) - 869fbf5b-cbbd-43c6-9f26-156c5192e660@group-F2E3F8B61FEF: changes role from  FOLLOWER to FOLLOWER at term 1 for recognizeCandidate:162534dc-93d9-4206-ab1e-9268955c7aca
2019-10-09 13:14:15,395 [grpc-default-executor-46] INFO  impl.RoleInfo (RoleInfo.java:shutdownFollowerState(121)) - 869fbf5b-cbbd-43c6-9f26-156c5192e660: shutdown FollowerState
2019-10-09 13:14:15,395 [Thread-7792] INFO  impl.FollowerState (FollowerState.java:run(106)) - 7706a157-1a1c-49fa-abc2-2cf2041a84a7:group-F2E3F8B61FEF changes to CANDIDATE, lastRpcTime:5030, electionTimeout:5030ms
2019-10-09 13:14:15,395 [grpc-default-executor-46] INFO  impl.RoleInfo (RoleInfo.java:updateAndGet(143)) - 869fbf5b-cbbd-43c6-9f26-156c5192e660: start FollowerState
2019-10-09 13:14:15,395 [Thread-7792] INFO  impl.RoleInfo (RoleInfo.java:shutdownFollowerState(121)) - 7706a157-1a1c-49fa-abc2-2cf2041a84a7: shutdown FollowerState
2019-10-09 13:14:15,395 [Thread-7793] INFO  impl.FollowerState (FollowerState.java:run(115)) - 869fbf5b-cbbd-43c6-9f26-156c5192e660: FollowerState was interrupted: java.lang.InterruptedException: sleep interrupted
2019-10-09 13:14:15,395 [Thread-7792] INFO  impl.RaftServerImpl (RaftServerImpl.java:setRole(174)) - 7706a157-1a1c-49fa-abc2-2cf2041a84a7@group-F2E3F8B61FEF: changes role from  FOLLOWER to CANDIDATE at term 0 for changeToCandidate
2019-10-09 13:14:15,400 [Thread-7792] INFO  impl.RoleInfo (RoleInfo.java:updateAndGet(143)) - 7706a157-1a1c-49fa-abc2-2cf2041a84a7: start LeaderElection
2019-10-09 13:14:15,400 [grpc-default-executor-38] INFO  impl.RaftServerImpl (RaftServerImpl.java:setRole(174)) - 7706a157-1a1c-49fa-abc2-2cf2041a84a7@group-F2E3F8B61FEF: changes role from CANDIDATE to FOLLOWER at term 1 for recognizeCandidate:162534dc-93d9-4206-ab1e-9268955c7aca
2019-10-09 13:14:15,400 [grpc-default-executor-38] INFO  impl.RoleInfo (RoleInfo.java:shutdownLeaderElection(134)) - 7706a157-1a1c-49fa-abc2-2cf2041a84a7: shutdown LeaderElection
2019-10-09 13:14:15,401 [grpc-default-executor-38] INFO  impl.RoleInfo (RoleInfo.java:updateAndGet(143)) - 7706a157-1a1c-49fa-abc2-2cf2041a84a7: start FollowerState
2019-10-09 13:14:15,414 [162534dc-93d9-4206-ab1e-9268955c7aca@group-F2E3F8B61FEF:LeaderElection237] INFO  impl.LeaderElection (LeaderElection.java:logAndReturn(56)) - 162534dc-93d9-4206-ab1e-9268955c7aca@group-F2E3F8B61FEF:LeaderElection237: Election PASSED; received 1 response(s) [162534dc-93d9-4206-ab1e-9268955c7aca<-869fbf5b-cbbd-43c6-9f26-156c5192e660#0:OK-t1] and 0 exception(s); 162534dc-93d9-4206-ab1e-9268955c7aca@group-F2E3F8B61FEF:t1, leader=null, voted=162534dc-93d9-4206-ab1e-9268955c7aca, raftlog=162534dc-93d9-4206-ab1e-9268955c7aca@group-F2E3F8B61FEF-SegmentedRaftLog:OPENED:c-1,f-1,i0, conf=-1: [162534dc-93d9-4206-ab1e-9268955c7aca:192.168.5.175:32957, 869fbf5b-cbbd-43c6-9f26-156c5192e660:192.168.5.175:43498, 7706a157-1a1c-49fa-abc2-2cf2041a84a7:192.168.5.175:40917], old=null
2019-10-09 13:14:15,414 [162534dc-93d9-4206-ab1e-9268955c7aca@group-F2E3F8B61FEF:LeaderElection237] INFO  impl.RoleInfo (RoleInfo.java:shutdownLeaderElection(134)) - 162534dc-93d9-4206-ab1e-9268955c7aca: shutdown LeaderElection
2019-10-09 13:14:15,414 [162534dc-93d9-4206-ab1e-9268955c7aca@group-F2E3F8B61FEF:LeaderElection237] INFO  impl.RaftServerImpl (RaftServerImpl.java:setRole(174)) - 162534dc-93d9-4206-ab1e-9268955c7aca@group-F2E3F8B61FEF: changes role from CANDIDATE to LEADER at term 1 for changeToLeader
2019-10-09 13:14:15,414 [162534dc-93d9-4206-ab1e-9268955c7aca@group-F2E3F8B61FEF:LeaderElection237] INFO  impl.RaftServerImpl (ServerState.java:setLeader(253)) - 162534dc-93d9-4206-ab1e-9268955c7aca@group-F2E3F8B61FEF: change Leader from null to 162534dc-93d9-4206-ab1e-9268955c7aca at term 1 for becomeLeader, leader elected after 5059ms
2019-10-09 13:14:15,414 [162534dc-93d9-4206-ab1e-9268955c7aca@group-F2E3F8B61FEF:LeaderElection237] INFO  server.RaftServerConfigKeys (ConfUtils.java:logGet(43)) - raft.server.staging.catchup.gap = 1000 (default)
2019-10-09 13:14:15,415 [162534dc-93d9-4206-ab1e-9268955c7aca@group-F2E3F8B61FEF:LeaderElection237] INFO  server.RaftServerConfigKeys (ConfUtils.java:logGet(43)) - raft.server.rpc.sleep.time = 25ms (default)
2019-10-09 13:14:15,415 [162534dc-93d9-4206-ab1e-9268955c7aca@group-F2E3F8B61FEF:LeaderElection237] INFO  server.RaftServerConfigKeys (ConfUtils.java:logGet(43)) - raft.server.write.element-limit = 4096 (default)
2019-10-09 13:14:15,415 [162534dc-93d9-4206-ab1e-9268955c7aca@group-F2E3F8B61FEF:LeaderElection237] INFO  server.RaftServerConfigKeys (ConfUtils.java:logGet(43)) - raft.server.watch.timeout = 10s (default)
2019-10-09 13:14:15,415 [162534dc-93d9-4206-ab1e-9268955c7aca@group-F2E3F8B61FEF:LeaderElection237] INFO  server.RaftServerConfigKeys (ConfUtils.java:logGet(43)) - raft.server.watch.timeout.denomination = 1s (default)
2019-10-09 13:14:15,415 [162534dc-93d9-4206-ab1e-9268955c7aca@group-F2E3F8B61FEF:LeaderElection237] INFO  server.RaftServerConfigKeys (ConfUtils.java:logGet(43)) - raft.server.watch.element-limit = 65536 (default)
2019-10-09 13:14:15,417 [162534dc-93d9-4206-ab1e-9268955c7aca@group-F2E3F8B61FEF:LeaderElection237] INFO  server.RaftServerConfigKeys (ConfUtils.java:logGet(43)) - raft.server.log.appender.snapshot.chunk.size.max = 16MB (=16777216) (default)
2019-10-09 13:14:15,417 [162534dc-93d9-4206-ab1e-9268955c7aca@group-F2E3F8B61FEF:LeaderElection237] INFO  server.RaftServerConfigKeys (ConfUtils.java:logGet(43)) - raft.server.log.appender.buffer.byte-limit = 33554432 (custom)
2019-10-09 13:14:15,417 [162534dc-93d9-4206-ab1e-9268955c7aca@group-F2E3F8B61FEF:LeaderElection237] INFO  server.RaftServerConfigKeys (ConfUtils.java:logGet(43)) - raft.server.log.appender.buffer.element-limit = 1 (custom)
2019-10-09 13:14:15,418 [162534dc-93d9-4206-ab1e-9268955c7aca@group-F2E3F8B61FEF:LeaderElection237] INFO  grpc.GrpcConfigKeys$Server (ConfUtils.java:logGet(43)) - raft.grpc.server.leader.outstanding.appends.max = 128 (default)
2019-10-09 13:14:15,418 [162534dc-93d9-4206-ab1e-9268955c7aca@group-F2E3F8B61FEF:LeaderElection237] INFO  server.RaftServerConfigKeys (ConfUtils.java:logGet(43)) - raft.server.rpc.request.timeout = 3000ms (default)
2019-10-09 13:14:15,418 [162534dc-93d9-4206-ab1e-9268955c7aca@group-F2E3F8B61FEF:LeaderElection237] INFO  server.RaftServerConfigKeys (ConfUtils.java:logGet(43)) - raft.server.log.appender.install.snapshot.enabled = false (custom)
2019-10-09 13:14:15,418 [162534dc-93d9-4206-ab1e-9268955c7aca@group-F2E3F8B61FEF:LeaderElection237] INFO  server.RaftServerConfigKeys (ConfUtils.java:logGet(43)) - raft.server.log.appender.snapshot.chunk.size.max = 16MB (=16777216) (default)
2019-10-09 13:14:15,418 [162534dc-93d9-4206-ab1e-9268955c7aca@group-F2E3F8B61FEF:LeaderElection237] INFO  server.RaftServerConfigKeys (ConfUtils.java:logGet(43)) - raft.server.log.appender.buffer.byte-limit = 33554432 (custom)
2019-10-09 13:14:15,418 [162534dc-93d9-4206-ab1e-9268955c7aca@group-F2E3F8B61FEF:LeaderElection237] INFO  server.RaftServerConfigKeys (ConfUtils.java:logGet(43)) - raft.server.log.appender.buffer.element-limit = 1 (custom)
2019-10-09 13:14:15,418 [162534dc-93d9-4206-ab1e-9268955c7aca@group-F2E3F8B61FEF:LeaderElection237] INFO  grpc.GrpcConfigKeys$Server (ConfUtils.java:logGet(43)) - raft.grpc.server.leader.outstanding.appends.max = 128 (default)
2019-10-09 13:14:15,419 [162534dc-93d9-4206-ab1e-9268955c7aca@group-F2E3F8B61FEF:LeaderElection237] INFO  server.RaftServerConfigKeys (ConfUtils.java:logGet(43)) - raft.server.rpc.request.timeout = 3000ms (default)
2019-10-09 13:14:15,419 [162534dc-93d9-4206-ab1e-9268955c7aca@group-F2E3F8B61FEF:LeaderElection237] INFO  server.RaftServerConfigKeys (ConfUtils.java:logGet(43)) - raft.server.log.appender.install.snapshot.enabled = false (custom)
2019-10-09 13:14:15,419 [162534dc-93d9-4206-ab1e-9268955c7aca@group-F2E3F8B61FEF:LeaderElection237] INFO  impl.RoleInfo (RoleInfo.java:updateAndGet(143)) - 162534dc-93d9-4206-ab1e-9268955c7aca: start LeaderState
2019-10-09 13:14:15,419 [162534dc-93d9-4206-ab1e-9268955c7aca@group-F2E3F8B61FEF:LeaderElection237] INFO  segmented.SegmentedRaftLogWorker (SegmentedRaftLogWorker.java:startLogSegment(380)) - 162534dc-93d9-4206-ab1e-9268955c7aca@group-F2E3F8B61FEF-SegmentedRaftLogWorker: Starting segment from index:0
2019-10-09 13:14:15,420 [162534dc-93d9-4206-ab1e-9268955c7aca@group-F2E3F8B61FEF:LeaderElection237] INFO  impl.RaftServerImpl (ServerState.java:setRaftConf(354)) - 162534dc-93d9-4206-ab1e-9268955c7aca@group-F2E3F8B61FEF: set configuration 0: [162534dc-93d9-4206-ab1e-9268955c7aca:192.168.5.175:32957, 869fbf5b-cbbd-43c6-9f26-156c5192e660:192.168.5.175:43498, 7706a157-1a1c-49fa-abc2-2cf2041a84a7:192.168.5.175:40917], old=null at 0
2019-10-09 13:14:15,421 [grpc-default-executor-46] INFO  impl.RaftServerImpl (ServerState.java:setLeader(253)) - 869fbf5b-cbbd-43c6-9f26-156c5192e660@group-F2E3F8B61FEF: change Leader from null to 162534dc-93d9-4206-ab1e-9268955c7aca at term 1 for appendEntries, leader elected after 5065ms
2019-10-09 13:14:15,459 [7706a157-1a1c-49fa-abc2-2cf2041a84a7@group-F2E3F8B61FEF:LeaderElection238] INFO  impl.LeaderElection (LeaderElection.java:askForVotes(182)) - 7706a157-1a1c-49fa-abc2-2cf2041a84a7@group-F2E3F8B61FEF:LeaderElection238: begin an election at term 2 for -1: [162534dc-93d9-4206-ab1e-9268955c7aca:192.168.5.175:32957, 869fbf5b-cbbd-43c6-9f26-156c5192e660:192.168.5.175:43498, 7706a157-1a1c-49fa-abc2-2cf2041a84a7:192.168.5.175:40917], old=null
2019-10-09 13:14:15,459 [grpc-default-executor-46] INFO  impl.RaftServerImpl (ServerState.java:setRaftConf(354)) - 869fbf5b-cbbd-43c6-9f26-156c5192e660@group-F2E3F8B61FEF: set configuration 0: [162534dc-93d9-4206-ab1e-9268955c7aca:192.168.5.175:32957, 869fbf5b-cbbd-43c6-9f26-156c5192e660:192.168.5.175:43498, 7706a157-1a1c-49fa-abc2-2cf2041a84a7:192.168.5.175:40917], old=null at 0
2019-10-09 13:14:15,459 [Thread-7837] INFO  impl.RaftServerImpl (ServerState.java:setLeader(253)) - 162534dc-93d9-4206-ab1e-9268955c7aca@group-F2E3F8B61FEF: change Leader from 162534dc-93d9-4206-ab1e-9268955c7aca to null at term 2 for updateCurrentTerm
2019-10-09 13:14:15,459 [grpc-default-executor-46] INFO  segmented.SegmentedRaftLogWorker (SegmentedRaftLogWorker.java:startLogSegment(380)) - 869fbf5b-cbbd-43c6-9f26-156c5192e660@group-F2E3F8B61FEF-SegmentedRaftLogWorker: Starting segment from index:0
2019-10-09 13:14:15,459 [7706a157-1a1c-49fa-abc2-2cf2041a84a7@group-F2E3F8B61FEF:LeaderElection238] INFO  impl.LeaderElection (LeaderElection.java:logAndReturn(56)) - 7706a157-1a1c-49fa-abc2-2cf2041a84a7@group-F2E3F8B61FEF:LeaderElection238: Election REJECTED; received 0 response(s) [] and 0 exception(s); 7706a157-1a1c-49fa-abc2-2cf2041a84a7@group-F2E3F8B61FEF:t2, leader=null, voted=7706a157-1a1c-49fa-abc2-2cf2041a84a7, raftlog=7706a157-1a1c-49fa-abc2-2cf2041a84a7@group-F2E3F8B61FEF-SegmentedRaftLog:OPENED:c-1,f-1,i0, conf=-1: [162534dc-93d9-4206-ab1e-9268955c7aca:192.168.5.175:32957, 869fbf5b-cbbd-43c6-9f26-156c5192e660:192.168.5.175:43498, 7706a157-1a1c-49fa-abc2-2cf2041a84a7:192.168.5.175:40917], old=null
2019-10-09 13:14:15,459 [Thread-7837] INFO  impl.RaftServerImpl (RaftServerImpl.java:setRole(174)) - 162534dc-93d9-4206-ab1e-9268955c7aca@group-F2E3F8B61FEF: changes role from    LEADER to FOLLOWER at term 2 for stepDown
2019-10-09 13:14:15,459 [Thread-7837] INFO  impl.RoleInfo (RoleInfo.java:shutdownLeaderState(104)) - 162534dc-93d9-4206-ab1e-9268955c7aca: shutdown LeaderState
2019-10-09 13:14:15,483 [org.apache.ratis.server.impl.LogAppender$AppenderDaemon$$Lambda$493/462031746@3dcf369a] WARN  server.GrpcLogAppender (GrpcLogAppender.java:mayWait(143)) - 162534dc-93d9-4206-ab1e-9268955c7aca@group-F2E3F8B61FEF->7706a157-1a1c-49fa-abc2-2cf2041a84a7-GrpcLogAppender: Wait interrupted by java.lang.InterruptedException
2019-10-09 13:14:15,483 [Thread-7837] INFO  impl.PendingRequests (PendingRequests.java:sendNotLeaderResponses(202)) - 162534dc-93d9-4206-ab1e-9268955c7aca-PendingRequests: sendNotLeaderResponses
2019-10-09 13:14:15,483 [Thread-7837] INFO  impl.RoleInfo (RoleInfo.java:updateAndGet(143)) - 162534dc-93d9-4206-ab1e-9268955c7aca: start FollowerState
2019-10-09 13:14:15,483 [org.apache.ratis.server.impl.LogAppender$AppenderDaemon$$Lambda$493/462031746@7da4acae] WARN  server.GrpcLogAppender (GrpcLogAppender.java:mayWait(143)) - 162534dc-93d9-4206-ab1e-9268955c7aca@group-F2E3F8B61FEF->869fbf5b-cbbd-43c6-9f26-156c5192e660-GrpcLogAppender: Wait interrupted by java.lang.InterruptedException
2019-10-09 13:14:15,483 [162534dc-93d9-4206-ab1e-9268955c7aca@group-F2E3F8B61FEF-SegmentedRaftLogWorker] INFO  segmented.SegmentedRaftLogWorker (SegmentedRaftLogWorker.java:execute(569)) - 162534dc-93d9-4206-ab1e-9268955c7aca@group-F2E3F8B61FEF-SegmentedRaftLogWorker: created new log segment /workdir/hadoop-ozone/integration-test/target/test-dir/MiniOzoneClusterImpl-77992fd3-8e8a-426b-8566-445f44124f00/datanode-4/data/ratis/7378dbdb-dd69-4b0f-82c8-f2e3f8b61fef/current/log_inprogress_0
2019-10-09 13:14:15,484 [grpc-default-executor-46] INFO  server.GrpcServerProtocolService (GrpcServerProtocolService.java:onCompleted(113)) - 7706a157-1a1c-49fa-abc2-2cf2041a84a7: Completed APPEND_ENTRIES, lastRequest: 162534dc-93d9-4206-ab1e-9268955c7aca->7706a157-1a1c-49fa-abc2-2cf2041a84a7#0-t1, previous=(t:0, i:0), leaderCommit=-1, initializing? false, entries: <empty>
2019-10-09 13:14:15,484 [grpc-default-executor-38] INFO  server.GrpcServerProtocolService (GrpcServerProtocolService.java:onCompleted(113)) - 869fbf5b-cbbd-43c6-9f26-156c5192e660: Completed APPEND_ENTRIES, lastRequest: 162534dc-93d9-4206-ab1e-9268955c7aca->869fbf5b-cbbd-43c6-9f26-156c5192e660#1-t1, previous=(t:0, i:0), leaderCommit=-1, initializing? false, entries: size=1, first=(t:1, i:0), CONFIGURATIONENTRY
2019-10-09 13:14:15,484 [grpc-default-executor-46] INFO  server.GrpcLogAppender (GrpcLogAppender.java:onCompleted(293)) - 162534dc-93d9-4206-ab1e-9268955c7aca@group-F2E3F8B61FEF->7706a157-1a1c-49fa-abc2-2cf2041a84a7-AppendLogResponseHandler: follower responses appendEntries COMPLETED
2019-10-09 13:14:15,484 [grpc-default-executor-38] INFO  server.GrpcLogAppender (GrpcLogAppender.java:onCompleted(293)) - 162534dc-93d9-4206-ab1e-9268955c7aca@group-F2E3F8B61FEF->869fbf5b-cbbd-43c6-9f26-156c5192e660-AppendLogResponseHandler: follower responses appendEntries COMPLETED
2019-10-09 13:14:15,484 [grpc-default-executor-46] INFO  impl.FollowerInfo (FollowerInfo.java:lambda$new$0(51)) - 162534dc-93d9-4206-ab1e-9268955c7aca@group-F2E3F8B61FEF->7706a157-1a1c-49fa-abc2-2cf2041a84a7: nextIndex: updateUnconditionally 0 -> 0
2019-10-09 13:14:15,517 [grpc-default-executor-51] WARN  server.GrpcServerProtocolService (LogUtils.java:warn(134)) - 869fbf5b-cbbd-43c6-9f26-156c5192e660: installSnapshot onError, lastRequest: 162534dc-93d9-4206-ab1e-9268955c7aca->869fbf5b-cbbd-43c6-9f26-156c5192e660#4-t2, previous=(t:2, i:18), leaderCommit=18, initializing? false, entries: <empty>: org.apache.ratis.thirdparty.io.grpc.StatusRuntimeException: CANCELLED: cancelled before receiving half close
2019-10-09 13:14:15,516 [grpc-default-executor-38] INFO  impl.FollowerInfo (FollowerInfo.java:lambda$new$0(51)) - 162534dc-93d9-4206-ab1e-9268955c7aca@group-F2E3F8B61FEF->869fbf5b-cbbd-43c6-9f26-156c5192e660: nextIndex: updateUnconditionally 1 -> 0
2019-10-09 13:14:15,517 [grpc-default-executor-50] WARN  server.GrpcServerProtocolService (LogUtils.java:warn(134)) - 869fbf5b-cbbd-43c6-9f26-156c5192e660: installSnapshot onError, lastRequest: 162534dc-93d9-4206-ab1e-9268955c7aca->869fbf5b-cbbd-43c6-9f26-156c5192e660#4-t2, previous=(t:2, i:2), leaderCommit=2, initializing? false, entries: <empty>: org.apache.ratis.thirdparty.io.grpc.StatusRuntimeException: CANCELLED: cancelled before receiving half close
2019-10-09 13:14:15,516 [grpc-default-executor-47] WARN  server.GrpcServerProtocolService (LogUtils.java:warn(134)) - 869fbf5b-cbbd-43c6-9f26-156c5192e660: installSnapshot onError, lastRequest: 162534dc-93d9-4206-ab1e-9268955c7aca->869fbf5b-cbbd-43c6-9f26-156c5192e660#7-t2, previous=(t:2, i:0), leaderCommit=0, initializing? false, entries: <empty>: org.apache.ratis.thirdparty.io.grpc.StatusRuntimeException: CANCELLED: cancelled before receiving half close
2019-10-09 13:14:15,516 [grpc-default-executor-36] WARN  server.GrpcServerProtocolService (LogUtils.java:warn(134)) - 869fbf5b-cbbd-43c6-9f26-156c5192e660: installSnapshot onError, lastRequest: 162534dc-93d9-4206-ab1e-9268955c7aca->869fbf5b-cbbd-43c6-9f26-156c5192e660#6-t2, previous=(t:2, i:2), leaderCommit=2, initializing? false, entries: <empty>: org.apache.ratis.thirdparty.io.grpc.StatusRuntimeException: CANCELLED: cancelled before receiving half close
2019-10-09 13:14:15,516 [grpc-default-executor-24] INFO  impl.RaftServerImpl (ServerState.java:setLeader(253)) - 869fbf5b-cbbd-43c6-9f26-156c5192e660@group-F2E3F8B61FEF: change Leader from 162534dc-93d9-4206-ab1e-9268955c7aca to null at term 2 for updateCurrentTerm
2019-10-09 13:14:15,516 [grpc-default-executor-30] WARN  server.GrpcLogAppender (LogUtils.java:warn(134)) - 162534dc-93d9-4206-ab1e-9268955c7aca@group-014983823A3D->869fbf5b-cbbd-43c6-9f26-156c5192e660-AppendLogResponseHandler: Failed appendEntries: org.apache.ratis.thirdparty.io.grpc.StatusRuntimeException: UNAVAILABLE: Channel shutdownNow invoked
2019-10-09 13:14:15,516 [grpc-default-executor-45] WARN  server.GrpcLogAppender (LogUtils.java:warn(134)) - 162534dc-93d9-4206-ab1e-9268955c7aca@group-227D833B6095->869fbf5b-cbbd-43c6-9f26-156c5192e660-AppendLogResponseHandler: Failed appendEntries: org.apache.ratis.thirdparty.io.grpc.StatusRuntimeException: UNAVAILABLE: Channel shutdownNow invoked
2019-10-09 13:14:15,516 [grpc-default-executor-37] INFO  impl.RaftServerImpl (RaftServerImpl.java:setRole(174)) - 162534dc-93d9-4206-ab1e-9268955c7aca@group-F2E3F8B61FEF: changes role from  FOLLOWER to FOLLOWER at term 2 for recognizeCandidate:7706a157-1a1c-49fa-abc2-2cf2041a84a7
2019-10-09 13:14:15,516 [grpc-default-executor-15] WARN  server.GrpcLogAppender (LogUtils.java:warn(134)) - 162534dc-93d9-4206-ab1e-9268955c7aca@group-4A4B977E74D1->869fbf5b-cbbd-43c6-9f26-156c5192e660-AppendLogResponseHandler: Failed appendEntries: org.apache.ratis.thirdparty.io.grpc.StatusRuntimeException: UNAVAILABLE: Channel shutdownNow invoked
2019-10-09 13:14:15,516 [grpc-default-executor-35] WARN  server.GrpcLogAppender (LogUtils.java:warn(134)) - 162534dc-93d9-4206-ab1e-9268955c7aca@group-F494DE254AFB->869fbf5b-cbbd-43c6-9f26-156c5192e660-AppendLogResponseHandler: Failed appendEntries: org.apache.ratis.thirdparty.io.grpc.StatusRuntimeException: UNAVAILABLE: Channel shutdownNow invoked
2019-10-09 13:14:15,521 [grpc-default-executor-15] INFO  impl.FollowerInfo (FollowerInfo.java:lambda$new$0(51)) - 162534dc-93d9-4206-ab1e-9268955c7aca@group-4A4B977E74D1->869fbf5b-cbbd-43c6-9f26-156c5192e660: nextIndex: updateUnconditionally 19 -> 18
2019-10-09 13:14:15,521 [grpc-default-executor-37] INFO  impl.RoleInfo (RoleInfo.java:shutdownFollowerState(121)) - 162534dc-93d9-4206-ab1e-9268955c7aca: shutdown FollowerState
2019-10-09 13:14:15,521 [grpc-default-executor-45] INFO  impl.FollowerInfo (FollowerInfo.java:lambda$new$0(51)) - 162534dc-93d9-4206-ab1e-9268955c7aca@group-227D833B6095->869fbf5b-cbbd-43c6-9f26-156c5192e660: nextIndex: updateUnconditionally 3 -> 2
2019-10-09 13:14:15,520 [grpc-default-executor-30] INFO  impl.FollowerInfo (FollowerInfo.java:lambda$new$0(51)) - 162534dc-93d9-4206-ab1e-9268955c7aca@group-014983823A3D->869fbf5b-cbbd-43c6-9f26-156c5192e660: nextIndex: updateUnconditionally 3 -> 2
2019-10-09 13:14:15,520 [grpc-default-executor-24] INFO  impl.RaftServerImpl (RaftServerImpl.java:setRole(174)) - 869fbf5b-cbbd-43c6-9f26-156c5192e660@group-F2E3F8B61FEF: changes role from  FOLLOWER to FOLLOWER at term 2 for recognizeCandidate:7706a157-1a1c-49fa-abc2-2cf2041a84a7
2019-10-09 13:14:15,522 [grpc-default-executor-24] INFO  impl.RoleInfo (RoleInfo.java:shutdownFollowerState(121)) - 869fbf5b-cbbd-43c6-9f26-156c5192e660: shutdown FollowerState
2019-10-09 13:14:15,522 [Thread-7846] INFO  impl.FollowerState (FollowerState.java:run(115)) - 162534dc-93d9-4206-ab1e-9268955c7aca: FollowerState was interrupted: java.lang.InterruptedException: sleep interrupted
2019-10-09 13:14:15,521 [grpc-default-executor-37] INFO  impl.RoleInfo (RoleInfo.java:updateAndGet(143)) - 162534dc-93d9-4206-ab1e-9268955c7aca: start FollowerState
2019-10-09 13:14:15,521 [grpc-default-executor-35] INFO  impl.FollowerInfo (FollowerInfo.java:lambda$new$0(51)) - 162534dc-93d9-4206-ab1e-9268955c7aca@group-F494DE254AFB->869fbf5b-cbbd-43c6-9f26-156c5192e660: nextIndex: updateUnconditionally 1 -> 0
2019-10-09 13:14:15,522 [Thread-7834] INFO  impl.FollowerState (FollowerState.java:run(115)) - 869fbf5b-cbbd-43c6-9f26-156c5192e660: FollowerState was interrupted: java.lang.InterruptedException: sleep interrupted
2019-10-09 13:14:15,522 [grpc-default-executor-24] INFO  impl.RoleInfo (RoleInfo.java:updateAndGet(143)) - 869fbf5b-cbbd-43c6-9f26-156c5192e660: start FollowerState
2019-10-09 13:14:15,525 [869fbf5b-cbbd-43c6-9f26-156c5192e660@group-F2E3F8B61FEF-SegmentedRaftLogWorker] INFO  segmented.SegmentedRaftLogWorker (SegmentedRaftLogWorker.java:execute(569)) - 869fbf5b-cbbd-43c6-9f26-156c5192e660@group-F2E3F8B61FEF-SegmentedRaftLogWorker: created new log segment /workdir/hadoop-ozone/integration-test/target/test-dir/MiniOzoneClusterImpl-77992fd3-8e8a-426b-8566-445f44124f00/datanode-3/data/ratis/7378dbdb-dd69-4b0f-82c8-f2e3f8b61fef/current/log_inprogress_0
2019-10-09 13:14:16,181 [grpc-default-executor-24] WARN  server.GrpcLogAppender (LogUtils.java:warn(134)) - 2c69c56f-4b33-4231-936a-bbd24e83d692@group-14DF45B217B5->96acbf61-3ece-4d83-9836-a217fb58817a-AppendLogResponseHandler: Failed appendEntries: org.apache.ratis.thirdparty.io.grpc.StatusRuntimeException: UNAVAILABLE: io exception
2019-10-09 13:14:16,182 [grpc-default-executor-24] INFO  impl.FollowerInfo (FollowerInfo.java:lambda$new$0(51)) - 2c69c56f-4b33-4231-936a-bbd24e83d692@group-14DF45B217B5->96acbf61-3ece-4d83-9836-a217fb58817a: nextIndex: updateUnconditionally 0 -> 0
2019-10-09 13:14:16,438 [grpc-default-executor-35] WARN  server.GrpcLogAppender (LogUtils.java:warn(134)) - 7706a157-1a1c-49fa-abc2-2cf2041a84a7@group-52AD3AA08ADE->96acbf61-3ece-4d83-9836-a217fb58817a-AppendLogResponseHandler: Failed appendEntries: org.apache.ratis.thirdparty.io.grpc.StatusRuntimeException: UNAVAILABLE: io exception
2019-10-09 13:14:16,438 [grpc-default-executor-35] INFO  impl.FollowerInfo (FollowerInfo.java:lambda$new$0(51)) - 7706a157-1a1c-49fa-abc2-2cf2041a84a7@group-52AD3AA08ADE->96acbf61-3ece-4d83-9836-a217fb58817a: nextIndex: updateUnconditionally 0 -> 0
2019-10-09 13:14:17,114 [grpc-default-executor-24] WARN  server.GrpcLogAppender (LogUtils.java:warn(134)) - 162534dc-93d9-4206-ab1e-9268955c7aca@group-F494DE254AFB->96acbf61-3ece-4d83-9836-a217fb58817a-AppendLogResponseHandler: Failed appendEntries: org.apache.ratis.thirdparty.io.grpc.StatusRuntimeException: UNAVAILABLE: io exception
2019-10-09 13:14:17,114 [grpc-default-executor-30] WARN  server.GrpcLogAppender (LogUtils.java:warn(134)) - 869fbf5b-cbbd-43c6-9f26-156c5192e660@group-7276B70EB406->96acbf61-3ece-4d83-9836-a217fb58817a-AppendLogResponseHandler: Failed appendEntries: org.apache.ratis.thirdparty.io.grpc.StatusRuntimeException: UNAVAILABLE: io exception
2019-10-09 13:14:17,115 [grpc-default-executor-24] INFO  impl.FollowerInfo (FollowerInfo.java:lambda$new$0(51)) - 162534dc-93d9-4206-ab1e-9268955c7aca@group-F494DE254AFB->96acbf61-3ece-4d83-9836-a217fb58817a: nextIndex: updateUnconditionally 0 -> 0
2019-10-09 13:14:17,115 [grpc-default-executor-30] INFO  impl.FollowerInfo (FollowerInfo.java:lambda$new$0(51)) - 869fbf5b-cbbd-43c6-9f26-156c5192e660@group-7276B70EB406->96acbf61-3ece-4d83-9836-a217fb58817a: nextIndex: updateUnconditionally 0 -> 0
2019-10-09 13:14:17,120 [grpc-default-executor-24] INFO  impl.RaftServerImpl (ServerState.java:setRaftConf(354)) - 869fbf5b-cbbd-43c6-9f26-156c5192e660@group-F494DE254AFB: set configuration 0: [96acbf61-3ece-4d83-9836-a217fb58817a:192.168.5.175:35650, 162534dc-93d9-4206-ab1e-9268955c7aca:192.168.5.175:32957, 869fbf5b-cbbd-43c6-9f26-156c5192e660:192.168.5.175:43498], old=null at 0
2019-10-09 13:14:17,175 [grpc-default-executor-37] WARN  server.GrpcLogAppender (LogUtils.java:warn(134)) - 162534dc-93d9-4206-ab1e-9268955c7aca@group-4A4B977E74D1->96acbf61-3ece-4d83-9836-a217fb58817a-AppendLogResponseHandler: Failed appendEntries: org.apache.ratis.thirdparty.io.grpc.StatusRuntimeException: UNAVAILABLE: io exception
2019-10-09 13:14:17,175 [grpc-default-executor-50] WARN  server.GrpcLogAppender (LogUtils.java:warn(134)) - 162534dc-93d9-4206-ab1e-9268955c7aca@group-014983823A3D->96acbf61-3ece-4d83-9836-a217fb58817a-AppendLogResponseHandler: Failed appendEntries: org.apache.ratis.thirdparty.io.grpc.StatusRuntimeException: UNAVAILABLE: io exception
2019-10-09 13:14:17,175 [grpc-default-executor-37] INFO  impl.FollowerInfo (FollowerInfo.java:lambda$new$0(51)) - 162534dc-93d9-4206-ab1e-9268955c7aca@group-4A4B977E74D1->96acbf61-3ece-4d83-9836-a217fb58817a: nextIndex: updateUnconditionally 0 -> 0
2019-10-09 13:14:17,175 [grpc-default-executor-50] INFO  impl.FollowerInfo (FollowerInfo.java:lambda$new$0(51)) - 162534dc-93d9-4206-ab1e-9268955c7aca@group-014983823A3D->96acbf61-3ece-4d83-9836-a217fb58817a: nextIndex: updateUnconditionally 0 -> 0
2019-10-09 13:14:17,189 [grpc-default-executor-24] WARN  server.GrpcLogAppender (LogUtils.java:warn(134)) - 162534dc-93d9-4206-ab1e-9268955c7aca@group-227D833B6095->96acbf61-3ece-4d83-9836-a217fb58817a-AppendLogResponseHandler: Failed appendEntries: org.apache.ratis.thirdparty.io.grpc.StatusRuntimeException: UNAVAILABLE: io exception
2019-10-09 13:14:17,189 [grpc-default-executor-24] INFO  impl.FollowerInfo (FollowerInfo.java:lambda$new$0(51)) - 162534dc-93d9-4206-ab1e-9268955c7aca@group-227D833B6095->96acbf61-3ece-4d83-9836-a217fb58817a: nextIndex: updateUnconditionally 0 -> 0
2019-10-09 13:14:17,545 [grpc-default-executor-37] WARN  server.GrpcLogAppender (LogUtils.java:warn(134)) - 869fbf5b-cbbd-43c6-9f26-156c5192e660@group-FB9E4996B38B->96acbf61-3ece-4d83-9836-a217fb58817a-AppendLogResponseHandler: Failed appendEntries: org.apache.ratis.thirdparty.io.grpc.StatusRuntimeException: UNAVAILABLE: io exception
2019-10-09 13:14:17,545 [grpc-default-executor-37] INFO  impl.FollowerInfo (FollowerInfo.java:lambda$new$0(51)) - 869fbf5b-cbbd-43c6-9f26-156c5192e660@group-FB9E4996B38B->96acbf61-3ece-4d83-9836-a217fb58817a: nextIndex: updateUnconditionally 0 -> 0
2019-10-09 13:14:17,570 [grpc-default-executor-24] WARN  server.GrpcLogAppender (LogUtils.java:warn(134)) - 869fbf5b-cbbd-43c6-9f26-156c5192e660@group-DC31737E2860->96acbf61-3ece-4d83-9836-a217fb58817a-AppendLogResponseHandler: Failed appendEntries: org.apache.ratis.thirdparty.io.grpc.StatusRuntimeException: UNAVAILABLE: io exception
2019-10-09 13:14:17,570 [grpc-default-executor-24] INFO  impl.FollowerInfo (FollowerInfo.java:lambda$new$0(51)) - 869fbf5b-cbbd-43c6-9f26-156c5192e660@group-DC31737E2860->96acbf61-3ece-4d83-9836-a217fb58817a: nextIndex: updateUnconditionally 0 -> 0
2019-10-09 13:14:17,708 [grpc-default-executor-50] WARN  server.GrpcLogAppender (LogUtils.java:warn(134)) - 869fbf5b-cbbd-43c6-9f26-156c5192e660@group-19F276FA9099->96acbf61-3ece-4d83-9836-a217fb58817a-AppendLogResponseHandler: Failed appendEntries: org.apache.ratis.thirdparty.io.grpc.StatusRuntimeException: UNAVAILABLE: io exception
2019-10-09 13:14:17,709 [grpc-default-executor-50] INFO  impl.FollowerInfo (FollowerInfo.java:lambda$new$0(51)) - 869fbf5b-cbbd-43c6-9f26-156c5192e660@group-19F276FA9099->96acbf61-3ece-4d83-9836-a217fb58817a: nextIndex: updateUnconditionally 0 -> 0
2019-10-09 13:14:17,894 [grpc-default-executor-50] WARN  server.GrpcLogAppender (LogUtils.java:warn(134)) - 869fbf5b-cbbd-43c6-9f26-156c5192e660@group-986902F1898E->96acbf61-3ece-4d83-9836-a217fb58817a-AppendLogResponseHandler: Failed appendEntries: org.apache.ratis.thirdparty.io.grpc.StatusRuntimeException: UNAVAILABLE: io exception
2019-10-09 13:14:17,894 [grpc-default-executor-50] INFO  impl.FollowerInfo (FollowerInfo.java:lambda$new$0(51)) - 869fbf5b-cbbd-43c6-9f26-156c5192e660@group-986902F1898E->96acbf61-3ece-4d83-9836-a217fb58817a: nextIndex: updateUnconditionally 0 -> 0
2019-10-09 13:14:18,683 [grpc-default-executor-37] WARN  server.GrpcLogAppender (LogUtils.java:warn(134)) - 2c69c56f-4b33-4231-936a-bbd24e83d692@group-14DF45B217B5->96acbf61-3ece-4d83-9836-a217fb58817a-AppendLogResponseHandler: Failed appendEntries: org.apache.ratis.thirdparty.io.grpc.StatusRuntimeException: UNAVAILABLE: io exception
2019-10-09 13:14:18,683 [grpc-default-executor-37] INFO  impl.FollowerInfo (FollowerInfo.java:lambda$new$0(51)) - 2c69c56f-4b33-4231-936a-bbd24e83d692@group-14DF45B217B5->96acbf61-3ece-4d83-9836-a217fb58817a: nextIndex: updateUnconditionally 0 -> 0
2019-10-09 13:14:18,940 [grpc-default-executor-24] WARN  server.GrpcLogAppender (LogUtils.java:warn(134)) - 7706a157-1a1c-49fa-abc2-2cf2041a84a7@group-52AD3AA08ADE->96acbf61-3ece-4d83-9836-a217fb58817a-AppendLogResponseHandler: Failed appendEntries: org.apache.ratis.thirdparty.io.grpc.StatusRuntimeException: UNAVAILABLE: io exception
2019-10-09 13:14:18,941 [grpc-default-executor-24] INFO  impl.FollowerInfo (FollowerInfo.java:lambda$new$0(51)) - 7706a157-1a1c-49fa-abc2-2cf2041a84a7@group-52AD3AA08ADE->96acbf61-3ece-4d83-9836-a217fb58817a: nextIndex: updateUnconditionally 0 -> 0
2019-10-09 13:14:19,615 [grpc-default-executor-35] WARN  server.GrpcLogAppender (LogUtils.java:warn(134)) - 869fbf5b-cbbd-43c6-9f26-156c5192e660@group-7276B70EB406->96acbf61-3ece-4d83-9836-a217fb58817a-AppendLogResponseHandler: Failed appendEntries: org.apache.ratis.thirdparty.io.grpc.StatusRuntimeException: UNAVAILABLE: io exception
2019-10-09 13:14:19,615 [grpc-default-executor-37] WARN  server.GrpcLogAppender (LogUtils.java:warn(134)) - 162534dc-93d9-4206-ab1e-9268955c7aca@group-F494DE254AFB->96acbf61-3ece-4d83-9836-a217fb58817a-AppendLogResponseHandler: Failed appendEntries: org.apache.ratis.thirdparty.io.grpc.StatusRuntimeException: UNAVAILABLE: io exception
2019-10-09 13:14:19,615 [grpc-default-executor-35] INFO  impl.FollowerInfo (FollowerInfo.java:lambda$new$0(51)) - 869fbf5b-cbbd-43c6-9f26-156c5192e660@group-7276B70EB406->96acbf61-3ece-4d83-9836-a217fb58817a: nextIndex: updateUnconditionally 0 -> 0
2019-10-09 13:14:19,616 [grpc-default-executor-37] INFO  impl.FollowerInfo (FollowerInfo.java:lambda$new$0(51)) - 162534dc-93d9-4206-ab1e-9268955c7aca@group-F494DE254AFB->96acbf61-3ece-4d83-9836-a217fb58817a: nextIndex: updateUnconditionally 0 -> 0
2019-10-09 13:14:19,675 [grpc-default-executor-30] WARN  server.GrpcLogAppender (LogUtils.java:warn(134)) - 162534dc-93d9-4206-ab1e-9268955c7aca@group-014983823A3D->96acbf61-3ece-4d83-9836-a217fb58817a-AppendLogResponseHandler: Failed appendEntries: org.apache.ratis.thirdparty.io.grpc.StatusRuntimeException: UNAVAILABLE: io exception
2019-10-09 13:14:19,675 [grpc-default-executor-24] WARN  server.GrpcLogAppender (LogUtils.java:warn(134)) - 162534dc-93d9-4206-ab1e-9268955c7aca@group-4A4B977E74D1->96acbf61-3ece-4d83-9836-a217fb58817a-AppendLogResponseHandler: Failed appendEntries: org.apache.ratis.thirdparty.io.grpc.StatusRuntimeException: UNAVAILABLE: io exception
2019-10-09 13:14:19,675 [grpc-default-executor-30] INFO  impl.FollowerInfo (FollowerInfo.java:lambda$new$0(51)) - 162534dc-93d9-4206-ab1e-9268955c7aca@group-014983823A3D->96acbf61-3ece-4d83-9836-a217fb58817a: nextIndex: updateUnconditionally 0 -> 0
2019-10-09 13:14:19,675 [grpc-default-executor-24] INFO  impl.FollowerInfo (FollowerInfo.java:lambda$new$0(51)) - 162534dc-93d9-4206-ab1e-9268955c7aca@group-4A4B977E74D1->96acbf61-3ece-4d83-9836-a217fb58817a: nextIndex: updateUnconditionally 0 -> 0
2019-10-09 13:14:19,689 [grpc-default-executor-37] WARN  server.GrpcLogAppender (LogUtils.java:warn(134)) - 162534dc-93d9-4206-ab1e-9268955c7aca@group-227D833B6095->96acbf61-3ece-4d83-9836-a217fb58817a-AppendLogResponseHandler: Failed appendEntries: org.apache.ratis.thirdparty.io.grpc.StatusRuntimeException: UNAVAILABLE: io exception
2019-10-09 13:14:19,689 [grpc-default-executor-37] INFO  impl.FollowerInfo (FollowerInfo.java:lambda$new$0(51)) - 162534dc-93d9-4206-ab1e-9268955c7aca@group-227D833B6095->96acbf61-3ece-4d83-9836-a217fb58817a: nextIndex: updateUnconditionally 0 -> 0
2019-10-09 13:14:20,045 [grpc-default-executor-30] WARN  server.GrpcLogAppender (LogUtils.java:warn(134)) - 869fbf5b-cbbd-43c6-9f26-156c5192e660@group-FB9E4996B38B->96acbf61-3ece-4d83-9836-a217fb58817a-AppendLogResponseHandler: Failed appendEntries: org.apache.ratis.thirdparty.io.grpc.StatusRuntimeException: UNAVAILABLE: io exception
2019-10-09 13:14:20,046 [grpc-default-executor-30] INFO  impl.FollowerInfo (FollowerInfo.java:lambda$new$0(51)) - 869fbf5b-cbbd-43c6-9f26-156c5192e660@group-FB9E4996B38B->96acbf61-3ece-4d83-9836-a217fb58817a: nextIndex: updateUnconditionally 0 -> 0
2019-10-09 13:14:20,072 [grpc-default-executor-30] WARN  server.GrpcLogAppender (LogUtils.java:warn(134)) - 869fbf5b-cbbd-43c6-9f26-156c5192e660@group-DC31737E2860->96acbf61-3ece-4d83-9836-a217fb58817a-AppendLogResponseHandler: Failed appendEntries: org.apache.ratis.thirdparty.io.grpc.StatusRuntimeException: UNAVAILABLE: io exception
2019-10-09 13:14:20,073 [grpc-default-executor-30] INFO  impl.FollowerInfo (FollowerInfo.java:lambda$new$0(51)) - 869fbf5b-cbbd-43c6-9f26-156c5192e660@group-DC31737E2860->96acbf61-3ece-4d83-9836-a217fb58817a: nextIndex: updateUnconditionally 0 -> 0
2019-10-09 13:14:20,209 [grpc-default-executor-30] WARN  server.GrpcLogAppender (LogUtils.java:warn(134)) - 869fbf5b-cbbd-43c6-9f26-156c5192e660@group-19F276FA9099->96acbf61-3ece-4d83-9836-a217fb58817a-AppendLogResponseHandler: Failed appendEntries: org.apache.ratis.thirdparty.io.grpc.StatusRuntimeException: UNAVAILABLE: io exception
2019-10-09 13:14:20,209 [grpc-default-executor-30] INFO  impl.FollowerInfo (FollowerInfo.java:lambda$new$0(51)) - 869fbf5b-cbbd-43c6-9f26-156c5192e660@group-19F276FA9099->96acbf61-3ece-4d83-9836-a217fb58817a: nextIndex: updateUnconditionally 0 -> 0
2019-10-09 13:14:20,394 [grpc-default-executor-24] WARN  server.GrpcLogAppender (LogUtils.java:warn(134)) - 869fbf5b-cbbd-43c6-9f26-156c5192e660@group-986902F1898E->96acbf61-3ece-4d83-9836-a217fb58817a-AppendLogResponseHandler: Failed appendEntries: org.apache.ratis.thirdparty.io.grpc.StatusRuntimeException: UNAVAILABLE: io exception
2019-10-09 13:14:20,394 [grpc-default-executor-24] INFO  impl.FollowerInfo (FollowerInfo.java:lambda$new$0(51)) - 869fbf5b-cbbd-43c6-9f26-156c5192e660@group-986902F1898E->96acbf61-3ece-4d83-9836-a217fb58817a: nextIndex: updateUnconditionally 0 -> 0
2019-10-09 13:14:20,476 [Thread-7836] INFO  impl.FollowerState (FollowerState.java:run(106)) - 7706a157-1a1c-49fa-abc2-2cf2041a84a7:group-F2E3F8B61FEF changes to CANDIDATE, lastRpcTime:5075, electionTimeout:5075ms
2019-10-09 13:14:20,476 [Thread-7836] INFO  impl.RoleInfo (RoleInfo.java:shutdownFollowerState(121)) - 7706a157-1a1c-49fa-abc2-2cf2041a84a7: shutdown FollowerState
2019-10-09 13:14:20,477 [Thread-7836] INFO  impl.RaftServerImpl (RaftServerImpl.java:setRole(174)) - 7706a157-1a1c-49fa-abc2-2cf2041a84a7@group-F2E3F8B61FEF: changes role from  FOLLOWER to CANDIDATE at term 2 for changeToCandidate
2019-10-09 13:14:20,477 [Thread-7836] INFO  impl.RoleInfo (RoleInfo.java:updateAndGet(143)) - 7706a157-1a1c-49fa-abc2-2cf2041a84a7: start LeaderElection
2019-10-09 13:14:20,491 [7706a157-1a1c-49fa-abc2-2cf2041a84a7@group-F2E3F8B61FEF:LeaderElection239] INFO  impl.LeaderElection (LeaderElection.java:askForVotes(182)) - 7706a157-1a1c-49fa-abc2-2cf2041a84a7@group-F2E3F8B61FEF:LeaderElection239: begin an election at term 3 for -1: [162534dc-93d9-4206-ab1e-9268955c7aca:192.168.5.175:32957, 869fbf5b-cbbd-43c6-9f26-156c5192e660:192.168.5.175:43498, 7706a157-1a1c-49fa-abc2-2cf2041a84a7:192.168.5.175:40917], old=null
2019-10-09 13:14:20,493 [grpc-default-executor-24] INFO  impl.RaftServerImpl (RaftServerImpl.java:setRole(174)) - 869fbf5b-cbbd-43c6-9f26-156c5192e660@group-F2E3F8B61FEF: changes role from  FOLLOWER to FOLLOWER at term 3 for recognizeCandidate:7706a157-1a1c-49fa-abc2-2cf2041a84a7
2019-10-09 13:14:20,493 [grpc-default-executor-37] INFO  impl.RaftServerImpl (RaftServerImpl.java:setRole(174)) - 162534dc-93d9-4206-ab1e-9268955c7aca@group-F2E3F8B61FEF: changes role from  FOLLOWER to FOLLOWER at term 3 for recognizeCandidate:7706a157-1a1c-49fa-abc2-2cf2041a84a7
2019-10-09 13:14:20,493 [grpc-default-executor-24] INFO  impl.RoleInfo (RoleInfo.java:shutdownFollowerState(121)) - 869fbf5b-cbbd-43c6-9f26-156c5192e660: shutdown FollowerState
2019-10-09 13:14:20,494 [grpc-default-executor-37] INFO  impl.RoleInfo (RoleInfo.java:shutdownFollowerState(121)) - 162534dc-93d9-4206-ab1e-9268955c7aca: shutdown FollowerState
2019-10-09 13:14:20,494 [grpc-default-executor-24] INFO  impl.RoleInfo (RoleInfo.java:updateAndGet(143)) - 869fbf5b-cbbd-43c6-9f26-156c5192e660: start FollowerState
2019-10-09 13:14:20,494 [Thread-7849] INFO  impl.FollowerState (FollowerState.java:run(115)) - 869fbf5b-cbbd-43c6-9f26-156c5192e660: FollowerState was interrupted: java.lang.InterruptedException: sleep interrupted
2019-10-09 13:14:20,494 [Thread-7848] INFO  impl.FollowerState (FollowerState.java:run(115)) - 162534dc-93d9-4206-ab1e-9268955c7aca: FollowerState was interrupted: java.lang.InterruptedException: sleep interrupted
2019-10-09 13:14:20,494 [grpc-default-executor-37] INFO  impl.RoleInfo (RoleInfo.java:updateAndGet(143)) - 162534dc-93d9-4206-ab1e-9268955c7aca: start FollowerState
2019-10-09 13:14:20,508 [7706a157-1a1c-49fa-abc2-2cf2041a84a7@group-F2E3F8B61FEF:LeaderElection239] INFO  impl.LeaderElection (LeaderElection.java:logAndReturn(56)) - 7706a157-1a1c-49fa-abc2-2cf2041a84a7@group-F2E3F8B61FEF:LeaderElection239: Election REJECTED; received 2 response(s) [7706a157-1a1c-49fa-abc2-2cf2041a84a7<-162534dc-93d9-4206-ab1e-9268955c7aca#0:FAIL-t3, 7706a157-1a1c-49fa-abc2-2cf2041a84a7<-869fbf5b-cbbd-43c6-9f26-156c5192e660#0:FAIL-t3] and 0 exception(s); 7706a157-1a1c-49fa-abc2-2cf2041a84a7@group-F2E3F8B61FEF:t3, leader=null, voted=7706a157-1a1c-49fa-abc2-2cf2041a84a7, raftlog=7706a157-1a1c-49fa-abc2-2cf2041a84a7@group-F2E3F8B61FEF-SegmentedRaftLog:OPENED:c-1,f-1,i0, conf=-1: [162534dc-93d9-4206-ab1e-9268955c7aca:192.168.5.175:32957, 869fbf5b-cbbd-43c6-9f26-156c5192e660:192.168.5.175:43498, 7706a157-1a1c-49fa-abc2-2cf2041a84a7:192.168.5.175:40917], old=null
2019-10-09 13:14:20,509 [7706a157-1a1c-49fa-abc2-2cf2041a84a7@group-F2E3F8B61FEF:LeaderElection239] INFO  impl.RaftServerImpl (RaftServerImpl.java:setRole(174)) - 7706a157-1a1c-49fa-abc2-2cf2041a84a7@group-F2E3F8B61FEF: changes role from CANDIDATE to FOLLOWER at term 3 for DISCOVERED_A_NEW_TERM
2019-10-09 13:14:20,509 [7706a157-1a1c-49fa-abc2-2cf2041a84a7@group-F2E3F8B61FEF:LeaderElection239] INFO  impl.RoleInfo (RoleInfo.java:shutdownLeaderElection(134)) - 7706a157-1a1c-49fa-abc2-2cf2041a84a7: shutdown LeaderElection
2019-10-09 13:14:20,509 [7706a157-1a1c-49fa-abc2-2cf2041a84a7@group-F2E3F8B61FEF:LeaderElection239] INFO  impl.RoleInfo (RoleInfo.java:updateAndGet(143)) - 7706a157-1a1c-49fa-abc2-2cf2041a84a7: start FollowerState
2019-10-09 13:14:21,183 [grpc-default-executor-30] WARN  server.GrpcLogAppender (LogUtils.java:warn(134)) - 2c69c56f-4b33-4231-936a-bbd24e83d692@group-14DF45B217B5->96acbf61-3ece-4d83-9836-a217fb58817a-AppendLogResponseHandler: Failed appendEntries: org.apache.ratis.thirdparty.io.grpc.StatusRuntimeException: UNAVAILABLE: io exception
2019-10-09 13:14:21,184 [grpc-default-executor-30] INFO  impl.FollowerInfo (FollowerInfo.java:lambda$new$0(51)) - 2c69c56f-4b33-4231-936a-bbd24e83d692@group-14DF45B217B5->96acbf61-3ece-4d83-9836-a217fb58817a: nextIndex: updateUnconditionally 0 -> 0
2019-10-09 13:14:21,440 [grpc-default-executor-30] WARN  server.GrpcLogAppender (LogUtils.java:warn(134)) - 7706a157-1a1c-49fa-abc2-2cf2041a84a7@group-52AD3AA08ADE->96acbf61-3ece-4d83-9836-a217fb58817a-AppendLogResponseHandler: Failed appendEntries: org.apache.ratis.thirdparty.io.grpc.StatusRuntimeException: UNAVAILABLE: io exception
2019-10-09 13:14:21,440 [grpc-default-executor-30] INFO  impl.FollowerInfo (FollowerInfo.java:lambda$new$0(51)) - 7706a157-1a1c-49fa-abc2-2cf2041a84a7@group-52AD3AA08ADE->96acbf61-3ece-4d83-9836-a217fb58817a: nextIndex: updateUnconditionally 0 -> 0
2019-10-09 13:14:22,115 [grpc-default-executor-50] WARN  server.GrpcLogAppender (LogUtils.java:warn(134)) - 869fbf5b-cbbd-43c6-9f26-156c5192e660@group-7276B70EB406->96acbf61-3ece-4d83-9836-a217fb58817a-AppendLogResponseHandler: Failed appendEntries: org.apache.ratis.thirdparty.io.grpc.StatusRuntimeException: UNAVAILABLE: io exception
2019-10-09 13:14:22,115 [grpc-default-executor-37] WARN  server.GrpcLogAppender (LogUtils.java:warn(134)) - 162534dc-93d9-4206-ab1e-9268955c7aca@group-F494DE254AFB->96acbf61-3ece-4d83-9836-a217fb58817a-AppendLogResponseHandler: Failed appendEntries: org.apache.ratis.thirdparty.io.grpc.StatusRuntimeException: UNAVAILABLE: io exception
2019-10-09 13:14:22,116 [grpc-default-executor-50] INFO  impl.FollowerInfo (FollowerInfo.java:lambda$new$0(51)) - 869fbf5b-cbbd-43c6-9f26-156c5192e660@group-7276B70EB406->96acbf61-3ece-4d83-9836-a217fb58817a: nextIndex: updateUnconditionally 0 -> 0
2019-10-09 13:14:22,116 [grpc-default-executor-37] INFO  impl.FollowerInfo (FollowerInfo.java:lambda$new$0(51)) - 162534dc-93d9-4206-ab1e-9268955c7aca@group-F494DE254AFB->96acbf61-3ece-4d83-9836-a217fb58817a: nextIndex: updateUnconditionally 0 -> 0
2019-10-09 13:14:22,175 [grpc-default-executor-37] WARN  server.GrpcLogAppender (LogUtils.java:warn(134)) - 162534dc-93d9-4206-ab1e-9268955c7aca@group-4A4B977E74D1->96acbf61-3ece-4d83-9836-a217fb58817a-AppendLogResponseHandler: Failed appendEntries: org.apache.ratis.thirdparty.io.grpc.StatusRuntimeException: UNAVAILABLE: io exception
2019-10-09 13:14:22,175 [grpc-default-executor-30] WARN  server.GrpcLogAppender (LogUtils.java:warn(134)) - 162534dc-93d9-4206-ab1e-9268955c7aca@group-014983823A3D->96acbf61-3ece-4d83-9836-a217fb58817a-AppendLogResponseHandler: Failed appendEntries: org.apache.ratis.thirdparty.io.grpc.StatusRuntimeException: UNAVAILABLE: io exception
2019-10-09 13:14:22,176 [grpc-default-executor-37] INFO  impl.FollowerInfo (FollowerInfo.java:lambda$new$0(51)) - 162534dc-93d9-4206-ab1e-9268955c7aca@group-4A4B977E74D1->96acbf61-3ece-4d83-9836-a217fb58817a: nextIndex: updateUnconditionally 0 -> 0
2019-10-09 13:14:22,176 [grpc-default-executor-30] INFO  impl.FollowerInfo (FollowerInfo.java:lambda$new$0(51)) - 162534dc-93d9-4206-ab1e-9268955c7aca@group-014983823A3D->96acbf61-3ece-4d83-9836-a217fb58817a: nextIndex: updateUnconditionally 0 -> 0
2019-10-09 13:14:22,190 [grpc-default-executor-24] WARN  server.GrpcLogAppender (LogUtils.java:warn(134)) - 162534dc-93d9-4206-ab1e-9268955c7aca@group-227D833B6095->96acbf61-3ece-4d83-9836-a217fb58817a-AppendLogResponseHandler: Failed appendEntries: org.apache.ratis.thirdparty.io.grpc.StatusRuntimeException: UNAVAILABLE: io exception
2019-10-09 13:14:22,190 [grpc-default-executor-24] INFO  impl.FollowerInfo (FollowerInfo.java:lambda$new$0(51)) - 162534dc-93d9-4206-ab1e-9268955c7aca@group-227D833B6095->96acbf61-3ece-4d83-9836-a217fb58817a: nextIndex: updateUnconditionally 0 -> 0
2019-10-09 13:14:22,546 [grpc-default-executor-24] WARN  server.GrpcLogAppender (LogUtils.java:warn(134)) - 869fbf5b-cbbd-43c6-9f26-156c5192e660@group-FB9E4996B38B->96acbf61-3ece-4d83-9836-a217fb58817a-AppendLogResponseHandler: Failed appendEntries: org.apache.ratis.thirdparty.io.grpc.StatusRuntimeException: UNAVAILABLE: io exception
2019-10-09 13:14:22,546 [grpc-default-executor-24] INFO  impl.FollowerInfo (FollowerInfo.java:lambda$new$0(51)) - 869fbf5b-cbbd-43c6-9f26-156c5192e660@group-FB9E4996B38B->96acbf61-3ece-4d83-9836-a217fb58817a: nextIndex: updateUnconditionally 0 -> 0
2019-10-09 13:14:22,572 [grpc-default-executor-24] WARN  server.GrpcLogAppender (LogUtils.java:warn(134)) - 869fbf5b-cbbd-43c6-9f26-156c5192e660@group-DC31737E2860->96acbf61-3ece-4d83-9836-a217fb58817a-AppendLogResponseHandler: Failed appendEntries: org.apache.ratis.thirdparty.io.grpc.StatusRuntimeException: UNAVAILABLE: io exception
2019-10-09 13:14:22,573 [grpc-default-executor-24] INFO  impl.FollowerInfo (FollowerInfo.java:lambda$new$0(51)) - 869fbf5b-cbbd-43c6-9f26-156c5192e660@group-DC31737E2860->96acbf61-3ece-4d83-9836-a217fb58817a: nextIndex: updateUnconditionally 0 -> 0
2019-10-09 13:14:22,710 [grpc-default-executor-37] WARN  server.GrpcLogAppender (LogUtils.java:warn(134)) - 869fbf5b-cbbd-43c6-9f26-156c5192e660@group-19F276FA9099->96acbf61-3ece-4d83-9836-a217fb58817a-AppendLogResponseHandler: Failed appendEntries: org.apache.ratis.thirdparty.io.grpc.StatusRuntimeException: UNAVAILABLE: io exception
2019-10-09 13:14:22,710 [grpc-default-executor-37] INFO  impl.FollowerInfo (FollowerInfo.java:lambda$new$0(51)) - 869fbf5b-cbbd-43c6-9f26-156c5192e660@group-19F276FA9099->96acbf61-3ece-4d83-9836-a217fb58817a: nextIndex: updateUnconditionally 0 -> 0
2019-10-09 13:14:22,895 [grpc-default-executor-37] WARN  server.GrpcLogAppender (LogUtils.java:warn(134)) - 869fbf5b-cbbd-43c6-9f26-156c5192e660@group-986902F1898E->96acbf61-3ece-4d83-9836-a217fb58817a-AppendLogResponseHandler: Failed appendEntries: org.apache.ratis.thirdparty.io.grpc.StatusRuntimeException: UNAVAILABLE: io exception
2019-10-09 13:14:22,895 [grpc-default-executor-37] INFO  impl.FollowerInfo (FollowerInfo.java:lambda$new$0(51)) - 869fbf5b-cbbd-43c6-9f26-156c5192e660@group-986902F1898E->96acbf61-3ece-4d83-9836-a217fb58817a: nextIndex: updateUnconditionally 0 -> 0
2019-10-09 13:14:23,684 [grpc-default-executor-24] WARN  server.GrpcLogAppender (LogUtils.java:warn(134)) - 2c69c56f-4b33-4231-936a-bbd24e83d692@group-14DF45B217B5->96acbf61-3ece-4d83-9836-a217fb58817a-AppendLogResponseHandler: Failed appendEntries: org.apache.ratis.thirdparty.io.grpc.StatusRuntimeException: UNAVAILABLE: io exception
2019-10-09 13:14:23,685 [grpc-default-executor-24] INFO  impl.FollowerInfo (FollowerInfo.java:lambda$new$0(51)) - 2c69c56f-4b33-4231-936a-bbd24e83d692@group-14DF45B217B5->96acbf61-3ece-4d83-9836-a217fb58817a: nextIndex: updateUnconditionally 0 -> 0
2019-10-09 13:14:23,940 [grpc-default-executor-24] WARN  server.GrpcLogAppender (LogUtils.java:warn(134)) - 7706a157-1a1c-49fa-abc2-2cf2041a84a7@group-52AD3AA08ADE->96acbf61-3ece-4d83-9836-a217fb58817a-AppendLogResponseHandler: Failed appendEntries: org.apache.ratis.thirdparty.io.grpc.StatusRuntimeException: UNAVAILABLE: io exception
2019-10-09 13:14:23,941 [grpc-default-executor-24] INFO  impl.FollowerInfo (FollowerInfo.java:lambda$new$0(51)) - 7706a157-1a1c-49fa-abc2-2cf2041a84a7@group-52AD3AA08ADE->96acbf61-3ece-4d83-9836-a217fb58817a: nextIndex: updateUnconditionally 0 -> 0
2019-10-09 13:14:24,620 [grpc-default-executor-24] WARN  server.GrpcLogAppender (LogUtils.java:warn(134)) - 869fbf5b-cbbd-43c6-9f26-156c5192e660@group-7276B70EB406->96acbf61-3ece-4d83-9836-a217fb58817a-AppendLogResponseHandler: Failed appendEntries: org.apache.ratis.thirdparty.io.grpc.StatusRuntimeException: UNAVAILABLE: io exception
2019-10-09 13:14:24,620 [grpc-default-executor-30] WARN  server.GrpcLogAppender (LogUtils.java:warn(134)) - 162534dc-93d9-4206-ab1e-9268955c7aca@group-F494DE254AFB->96acbf61-3ece-4d83-9836-a217fb58817a-AppendLogResponseHandler: Failed appendEntries: org.apache.ratis.thirdparty.io.grpc.StatusRuntimeException: UNAVAILABLE: io exception
2019-10-09 13:14:24,621 [grpc-default-executor-30] INFO  impl.FollowerInfo (FollowerInfo.java:lambda$new$0(51)) - 162534dc-93d9-4206-ab1e-9268955c7aca@group-F494DE254AFB->96acbf61-3ece-4d83-9836-a217fb58817a: nextIndex: updateUnconditionally 0 -> 0
2019-10-09 13:14:24,621 [grpc-default-executor-24] INFO  impl.FollowerInfo (FollowerInfo.java:lambda$new$0(51)) - 869fbf5b-cbbd-43c6-9f26-156c5192e660@group-7276B70EB406->96acbf61-3ece-4d83-9836-a217fb58817a: nextIndex: updateUnconditionally 0 -> 0
2019-10-09 13:14:24,676 [grpc-default-executor-50] WARN  server.GrpcLogAppender (LogUtils.java:warn(134)) - 162534dc-93d9-4206-ab1e-9268955c7aca@group-014983823A3D->96acbf61-3ece-4d83-9836-a217fb58817a-AppendLogResponseHandler: Failed appendEntries: org.apache.ratis.thirdparty.io.grpc.StatusRuntimeException: UNAVAILABLE: io exception
2019-10-09 13:14:24,676 [grpc-default-executor-37] WARN  server.GrpcLogAppender (LogUtils.java:warn(134)) - 162534dc-93d9-4206-ab1e-9268955c7aca@group-4A4B977E74D1->96acbf61-3ece-4d83-9836-a217fb58817a-AppendLogResponseHandler: Failed appendEntries: org.apache.ratis.thirdparty.io.grpc.StatusRuntimeException: UNAVAILABLE: io exception
2019-10-09 13:14:24,676 [grpc-default-executor-50] INFO  impl.FollowerInfo (FollowerInfo.java:lambda$new$0(51)) - 162534dc-93d9-4206-ab1e-9268955c7aca@group-014983823A3D->96acbf61-3ece-4d83-9836-a217fb58817a: nextIndex: updateUnconditionally 0 -> 0
2019-10-09 13:14:24,676 [grpc-default-executor-37] INFO  impl.FollowerInfo (FollowerInfo.java:lambda$new$0(51)) - 162534dc-93d9-4206-ab1e-9268955c7aca@group-4A4B977E74D1->96acbf61-3ece-4d83-9836-a217fb58817a: nextIndex: updateUnconditionally 0 -> 0
2019-10-09 13:14:24,690 [grpc-default-executor-50] WARN  server.GrpcLogAppender (LogUtils.java:warn(134)) - 162534dc-93d9-4206-ab1e-9268955c7aca@group-227D833B6095->96acbf61-3ece-4d83-9836-a217fb58817a-AppendLogResponseHandler: Failed appendEntries: org.apache.ratis.thirdparty.io.grpc.StatusRuntimeException: UNAVAILABLE: io exception
2019-10-09 13:14:24,690 [grpc-default-executor-50] INFO  impl.FollowerInfo (FollowerInfo.java:lambda$new$0(51)) - 162534dc-93d9-4206-ab1e-9268955c7aca@group-227D833B6095->96acbf61-3ece-4d83-9836-a217fb58817a: nextIndex: updateUnconditionally 0 -> 0
2019-10-09 13:14:25,048 [grpc-default-executor-50] WARN  server.GrpcLogAppender (LogUtils.java:warn(134)) - 869fbf5b-cbbd-43c6-9f26-156c5192e660@group-FB9E4996B38B->96acbf61-3ece-4d83-9836-a217fb58817a-AppendLogResponseHandler: Failed appendEntries: org.apache.ratis.thirdparty.io.grpc.StatusRuntimeException: UNAVAILABLE: io exception
2019-10-09 13:14:25,049 [grpc-default-executor-50] INFO  impl.FollowerInfo (FollowerInfo.java:lambda$new$0(51)) - 869fbf5b-cbbd-43c6-9f26-156c5192e660@group-FB9E4996B38B->96acbf61-3ece-4d83-9836-a217fb58817a: nextIndex: updateUnconditionally 0 -> 0
2019-10-09 13:14:25,073 [grpc-default-executor-37] WARN  server.GrpcLogAppender (LogUtils.java:warn(134)) - 869fbf5b-cbbd-43c6-9f26-156c5192e660@group-DC31737E2860->96acbf61-3ece-4d83-9836-a217fb58817a-AppendLogResponseHandler: Failed appendEntries: org.apache.ratis.thirdparty.io.grpc.StatusRuntimeException: UNAVAILABLE: io exception
2019-10-09 13:14:25,073 [grpc-default-executor-37] INFO  impl.FollowerInfo (FollowerInfo.java:lambda$new$0(51)) - 869fbf5b-cbbd-43c6-9f26-156c5192e660@group-DC31737E2860->96acbf61-3ece-4d83-9836-a217fb58817a: nextIndex: updateUnconditionally 0 -> 0
2019-10-09 13:14:25,210 [grpc-default-executor-30] WARN  server.GrpcLogAppender (LogUtils.java:warn(134)) - 869fbf5b-cbbd-43c6-9f26-156c5192e660@group-19F276FA9099->96acbf61-3ece-4d83-9836-a217fb58817a-AppendLogResponseHandler: Failed appendEntries: org.apache.ratis.thirdparty.io.grpc.StatusRuntimeException: UNAVAILABLE: io exception
2019-10-09 13:14:25,210 [grpc-default-executor-30] INFO  impl.FollowerInfo (FollowerInfo.java:lambda$new$0(51)) - 869fbf5b-cbbd-43c6-9f26-156c5192e660@group-19F276FA9099->96acbf61-3ece-4d83-9836-a217fb58817a: nextIndex: updateUnconditionally 0 -> 0
2019-10-09 13:14:25,400 [grpc-default-executor-30] WARN  server.GrpcLogAppender (LogUtils.java:warn(134)) - 869fbf5b-cbbd-43c6-9f26-156c5192e660@group-986902F1898E->96acbf61-3ece-4d83-9836-a217fb58817a-AppendLogResponseHandler: Failed appendEntries: org.apache.ratis.thirdparty.io.grpc.StatusRuntimeException: UNAVAILABLE: io exception
2019-10-09 13:14:25,401 [grpc-default-executor-30] INFO  impl.FollowerInfo (FollowerInfo.java:lambda$new$0(51)) - 869fbf5b-cbbd-43c6-9f26-156c5192e660@group-986902F1898E->96acbf61-3ece-4d83-9836-a217fb58817a: nextIndex: updateUnconditionally 0 -> 0
2019-10-09 13:14:25,495 [Thread-7888] INFO  impl.FollowerState (FollowerState.java:run(106)) - 869fbf5b-cbbd-43c6-9f26-156c5192e660:group-F2E3F8B61FEF changes to CANDIDATE, lastRpcTime:5001, electionTimeout:5001ms
2019-10-09 13:14:25,496 [Thread-7888] INFO  impl.RoleInfo (RoleInfo.java:shutdownFollowerState(121)) - 869fbf5b-cbbd-43c6-9f26-156c5192e660: shutdown FollowerState
2019-10-09 13:14:25,497 [Thread-7888] INFO  impl.RaftServerImpl (RaftServerImpl.java:setRole(174)) - 869fbf5b-cbbd-43c6-9f26-156c5192e660@group-F2E3F8B61FEF: changes role from  FOLLOWER to CANDIDATE at term 3 for changeToCandidate
2019-10-09 13:14:25,497 [Thread-7888] INFO  impl.RoleInfo (RoleInfo.java:updateAndGet(143)) - 869fbf5b-cbbd-43c6-9f26-156c5192e660: start LeaderElection
2019-10-09 13:14:25,512 [869fbf5b-cbbd-43c6-9f26-156c5192e660@group-F2E3F8B61FEF:LeaderElection240] INFO  impl.LeaderElection (LeaderElection.java:askForVotes(182)) - 869fbf5b-cbbd-43c6-9f26-156c5192e660@group-F2E3F8B61FEF:LeaderElection240: begin an election at term 4 for 0: [162534dc-93d9-4206-ab1e-9268955c7aca:192.168.5.175:32957, 869fbf5b-cbbd-43c6-9f26-156c5192e660:192.168.5.175:43498, 7706a157-1a1c-49fa-abc2-2cf2041a84a7:192.168.5.175:40917], old=null
2019-10-09 13:14:25,517 [grpc-default-executor-30] INFO  impl.RaftServerImpl (RaftServerImpl.java:setRole(174)) - 7706a157-1a1c-49fa-abc2-2cf2041a84a7@group-F2E3F8B61FEF: changes role from  FOLLOWER to FOLLOWER at term 4 for recognizeCandidate:869fbf5b-cbbd-43c6-9f26-156c5192e660
2019-10-09 13:14:25,517 [grpc-default-executor-37] INFO  impl.RaftServerImpl (RaftServerImpl.java:setRole(174)) - 162534dc-93d9-4206-ab1e-9268955c7aca@group-F2E3F8B61FEF: changes role from  FOLLOWER to FOLLOWER at term 4 for recognizeCandidate:869fbf5b-cbbd-43c6-9f26-156c5192e660
2019-10-09 13:14:25,517 [grpc-default-executor-30] INFO  impl.RoleInfo (RoleInfo.java:shutdownFollowerState(121)) - 7706a157-1a1c-49fa-abc2-2cf2041a84a7: shutdown FollowerState
2019-10-09 13:14:25,517 [grpc-default-executor-37] INFO  impl.RoleInfo (RoleInfo.java:shutdownFollowerState(121)) - 162534dc-93d9-4206-ab1e-9268955c7aca: shutdown FollowerState
2019-10-09 13:14:25,518 [grpc-default-executor-30] INFO  impl.RoleInfo (RoleInfo.java:updateAndGet(143)) - 7706a157-1a1c-49fa-abc2-2cf2041a84a7: start FollowerState
2019-10-09 13:14:25,518 [Thread-7890] INFO  impl.FollowerState (FollowerState.java:run(115)) - 7706a157-1a1c-49fa-abc2-2cf2041a84a7: FollowerState was interrupted: java.lang.InterruptedException: sleep interrupted
2019-10-09 13:14:25,518 [grpc-default-executor-37] INFO  impl.RoleInfo (RoleInfo.java:updateAndGet(143)) - 162534dc-93d9-4206-ab1e-9268955c7aca: start FollowerState
2019-10-09 13:14:25,518 [Thread-7889] INFO  impl.FollowerState (FollowerState.java:run(115)) - 162534dc-93d9-4206-ab1e-9268955c7aca: FollowerState was interrupted: java.lang.InterruptedException: sleep interrupted
2019-10-09 13:14:25,533 [869fbf5b-cbbd-43c6-9f26-156c5192e660@group-F2E3F8B61FEF:LeaderElection240] INFO  impl.LeaderElection (LeaderElection.java:logAndReturn(56)) - 869fbf5b-cbbd-43c6-9f26-156c5192e660@group-F2E3F8B61FEF:LeaderElection240: Election PASSED; received 1 response(s) [869fbf5b-cbbd-43c6-9f26-156c5192e660<-7706a157-1a1c-49fa-abc2-2cf2041a84a7#0:OK-t4] and 0 exception(s); 869fbf5b-cbbd-43c6-9f26-156c5192e660@group-F2E3F8B61FEF:t4, leader=null, voted=869fbf5b-cbbd-43c6-9f26-156c5192e660, raftlog=869fbf5b-cbbd-43c6-9f26-156c5192e660@group-F2E3F8B61FEF-SegmentedRaftLog:OPENED:c-1,f0,i0, conf=0: [162534dc-93d9-4206-ab1e-9268955c7aca:192.168.5.175:32957, 869fbf5b-cbbd-43c6-9f26-156c5192e660:192.168.5.175:43498, 7706a157-1a1c-49fa-abc2-2cf2041a84a7:192.168.5.175:40917], old=null
2019-10-09 13:14:25,534 [869fbf5b-cbbd-43c6-9f26-156c5192e660@group-F2E3F8B61FEF:LeaderElection240] INFO  impl.RoleInfo (RoleInfo.java:shutdownLeaderElection(134)) - 869fbf5b-cbbd-43c6-9f26-156c5192e660: shutdown LeaderElection
2019-10-09 13:14:25,534 [869fbf5b-cbbd-43c6-9f26-156c5192e660@group-F2E3F8B61FEF:LeaderElection240] INFO  impl.RaftServerImpl (RaftServerImpl.java:setRole(174)) - 869fbf5b-cbbd-43c6-9f26-156c5192e660@group-F2E3F8B61FEF: changes role from CANDIDATE to LEADER at term 4 for changeToLeader
2019-10-09 13:14:25,534 [869fbf5b-cbbd-43c6-9f26-156c5192e660@group-F2E3F8B61FEF:LeaderElection240] INFO  impl.RaftServerImpl (ServerState.java:setLeader(253)) - 869fbf5b-cbbd-43c6-9f26-156c5192e660@group-F2E3F8B61FEF: change Leader from null to 869fbf5b-cbbd-43c6-9f26-156c5192e660 at term 4 for becomeLeader, leader elected after 10017ms
2019-10-09 13:14:25,534 [869fbf5b-cbbd-43c6-9f26-156c5192e660@group-F2E3F8B61FEF:LeaderElection240] INFO  server.RaftServerConfigKeys (ConfUtils.java:logGet(43)) - raft.server.staging.catchup.gap = 1000 (default)
2019-10-09 13:14:25,535 [869fbf5b-cbbd-43c6-9f26-156c5192e660@group-F2E3F8B61FEF:LeaderElection240] INFO  server.RaftServerConfigKeys (ConfUtils.java:logGet(43)) - raft.server.rpc.sleep.time = 25ms (default)
2019-10-09 13:14:25,535 [869fbf5b-cbbd-43c6-9f26-156c5192e660@group-F2E3F8B61FEF:LeaderElection240] INFO  server.RaftServerConfigKeys (ConfUtils.java:logGet(43)) - raft.server.write.element-limit = 4096 (default)
2019-10-09 13:14:25,535 [869fbf5b-cbbd-43c6-9f26-156c5192e660@group-F2E3F8B61FEF:LeaderElection240] INFO  server.RaftServerConfigKeys (ConfUtils.java:logGet(43)) - raft.server.watch.timeout = 10s (default)
2019-10-09 13:14:25,535 [869fbf5b-cbbd-43c6-9f26-156c5192e660@group-F2E3F8B61FEF:LeaderElection240] INFO  server.RaftServerConfigKeys (ConfUtils.java:logGet(43)) - raft.server.watch.timeout.denomination = 1s (default)
2019-10-09 13:14:25,535 [869fbf5b-cbbd-43c6-9f26-156c5192e660@group-F2E3F8B61FEF:LeaderElection240] INFO  server.RaftServerConfigKeys (ConfUtils.java:logGet(43)) - raft.server.watch.element-limit = 65536 (default)
2019-10-09 13:14:25,539 [869fbf5b-cbbd-43c6-9f26-156c5192e660@group-F2E3F8B61FEF:LeaderElection240] INFO  server.RaftServerConfigKeys (ConfUtils.java:logGet(43)) - raft.server.log.appender.snapshot.chunk.size.max = 16MB (=16777216) (default)
2019-10-09 13:14:25,540 [869fbf5b-cbbd-43c6-9f26-156c5192e660@group-F2E3F8B61FEF:LeaderElection240] INFO  server.RaftServerConfigKeys (ConfUtils.java:logGet(43)) - raft.server.log.appender.buffer.byte-limit = 33554432 (custom)
2019-10-09 13:14:25,540 [869fbf5b-cbbd-43c6-9f26-156c5192e660@group-F2E3F8B61FEF:LeaderElection240] INFO  server.RaftServerConfigKeys (ConfUtils.java:logGet(43)) - raft.server.log.appender.buffer.element-limit = 1 (custom)
2019-10-09 13:14:25,540 [869fbf5b-cbbd-43c6-9f26-156c5192e660@group-F2E3F8B61FEF:LeaderElection240] INFO  grpc.GrpcConfigKeys$Server (ConfUtils.java:logGet(43)) - raft.grpc.server.leader.outstanding.appends.max = 128 (default)
2019-10-09 13:14:25,540 [869fbf5b-cbbd-43c6-9f26-156c5192e660@group-F2E3F8B61FEF:LeaderElection240] INFO  server.RaftServerConfigKeys (ConfUtils.java:logGet(43)) - raft.server.rpc.request.timeout = 3000ms (default)
2019-10-09 13:14:25,541 [869fbf5b-cbbd-43c6-9f26-156c5192e660@group-F2E3F8B61FEF:LeaderElection240] INFO  server.RaftServerConfigKeys (ConfUtils.java:logGet(43)) - raft.server.log.appender.install.snapshot.enabled = false (custom)
2019-10-09 13:14:25,541 [869fbf5b-cbbd-43c6-9f26-156c5192e660@group-F2E3F8B61FEF:LeaderElection240] INFO  server.RaftServerConfigKeys (ConfUtils.java:logGet(43)) - raft.server.log.appender.snapshot.chunk.size.max = 16MB (=16777216) (default)
2019-10-09 13:14:25,541 [869fbf5b-cbbd-43c6-9f26-156c5192e660@group-F2E3F8B61FEF:LeaderElection240] INFO  server.RaftServerConfigKeys (ConfUtils.java:logGet(43)) - raft.server.log.appender.buffer.byte-limit = 33554432 (custom)
2019-10-09 13:14:25,541 [869fbf5b-cbbd-43c6-9f26-156c5192e660@group-F2E3F8B61FEF:LeaderElection240] INFO  server.RaftServerConfigKeys (ConfUtils.java:logGet(43)) - raft.server.log.appender.buffer.element-limit = 1 (custom)
2019-10-09 13:14:25,541 [869fbf5b-cbbd-43c6-9f26-156c5192e660@group-F2E3F8B61FEF:LeaderElection240] INFO  grpc.GrpcConfigKeys$Server (ConfUtils.java:logGet(43)) - raft.grpc.server.leader.outstanding.appends.max = 128 (default)
2019-10-09 13:14:25,542 [869fbf5b-cbbd-43c6-9f26-156c5192e660@group-F2E3F8B61FEF:LeaderElection240] INFO  server.RaftServerConfigKeys (ConfUtils.java:logGet(43)) - raft.server.rpc.request.timeout = 3000ms (default)
2019-10-09 13:14:25,542 [869fbf5b-cbbd-43c6-9f26-156c5192e660@group-F2E3F8B61FEF:LeaderElection240] INFO  server.RaftServerConfigKeys (ConfUtils.java:logGet(43)) - raft.server.log.appender.install.snapshot.enabled = false (custom)
2019-10-09 13:14:25,542 [869fbf5b-cbbd-43c6-9f26-156c5192e660@group-F2E3F8B61FEF:LeaderElection240] INFO  impl.RoleInfo (RoleInfo.java:updateAndGet(143)) - 869fbf5b-cbbd-43c6-9f26-156c5192e660: start LeaderState
2019-10-09 13:14:25,543 [869fbf5b-cbbd-43c6-9f26-156c5192e660@group-F2E3F8B61FEF:LeaderElection240] INFO  segmented.SegmentedRaftLogWorker (SegmentedRaftLogWorker.java:rollLogSegment(385)) - 869fbf5b-cbbd-43c6-9f26-156c5192e660@group-F2E3F8B61FEF-SegmentedRaftLogWorker: Rolling segment log-0_0 to index:0
2019-10-09 13:14:25,544 [869fbf5b-cbbd-43c6-9f26-156c5192e660@group-F2E3F8B61FEF-SegmentedRaftLogWorker] INFO  segmented.SegmentedRaftLogWorker (SegmentedRaftLogWorker.java:execute(526)) - 869fbf5b-cbbd-43c6-9f26-156c5192e660@group-F2E3F8B61FEF-SegmentedRaftLogWorker: Rolled log segment from /workdir/hadoop-ozone/integration-test/target/test-dir/MiniOzoneClusterImpl-77992fd3-8e8a-426b-8566-445f44124f00/datanode-3/data/ratis/7378dbdb-dd69-4b0f-82c8-f2e3f8b61fef/current/log_inprogress_0 to /workdir/hadoop-ozone/integration-test/target/test-dir/MiniOzoneClusterImpl-77992fd3-8e8a-426b-8566-445f44124f00/datanode-3/data/ratis/7378dbdb-dd69-4b0f-82c8-f2e3f8b61fef/current/log_0-0
2019-10-09 13:14:25,544 [869fbf5b-cbbd-43c6-9f26-156c5192e660@group-F2E3F8B61FEF:LeaderElection240] INFO  impl.RaftServerImpl (ServerState.java:setRaftConf(354)) - 869fbf5b-cbbd-43c6-9f26-156c5192e660@group-F2E3F8B61FEF: set configuration 1: [162534dc-93d9-4206-ab1e-9268955c7aca:192.168.5.175:32957, 869fbf5b-cbbd-43c6-9f26-156c5192e660:192.168.5.175:43498, 7706a157-1a1c-49fa-abc2-2cf2041a84a7:192.168.5.175:40917], old=null at 1
2019-10-09 13:14:25,545 [grpc-default-executor-37] INFO  impl.RaftServerImpl (ServerState.java:setLeader(253)) - 7706a157-1a1c-49fa-abc2-2cf2041a84a7@group-F2E3F8B61FEF: change Leader from null to 869fbf5b-cbbd-43c6-9f26-156c5192e660 at term 4 for appendEntries, leader elected after 15190ms
2019-10-09 13:14:25,546 [grpc-default-executor-37] INFO  impl.RaftServerImpl (RaftServerImpl.java:checkInconsistentAppendEntries(1003)) - 7706a157-1a1c-49fa-abc2-2cf2041a84a7@group-F2E3F8B61FEF: Failed appendEntries as previous log entry ((t:1, i:0)) is not found
2019-10-09 13:14:25,546 [grpc-default-executor-30] INFO  impl.RaftServerImpl (ServerState.java:setLeader(253)) - 162534dc-93d9-4206-ab1e-9268955c7aca@group-F2E3F8B61FEF: change Leader from null to 869fbf5b-cbbd-43c6-9f26-156c5192e660 at term 4 for appendEntries, leader elected after 10086ms
2019-10-09 13:14:25,546 [grpc-default-executor-37] INFO  impl.RaftServerImpl (RaftServerImpl.java:checkInconsistentAppendEntries(976)) - 7706a157-1a1c-49fa-abc2-2cf2041a84a7@group-F2E3F8B61FEF: inconsistency entries. Reply:869fbf5b-cbbd-43c6-9f26-156c5192e660<-7706a157-1a1c-49fa-abc2-2cf2041a84a7#0:FAIL,INCONSISTENCY,nextIndex:0,term:4,followerCommit:-1
2019-10-09 13:14:25,546 [grpc-default-executor-37] INFO  impl.FollowerInfo (FollowerInfo.java:lambda$new$0(51)) - 869fbf5b-cbbd-43c6-9f26-156c5192e660@group-F2E3F8B61FEF->7706a157-1a1c-49fa-abc2-2cf2041a84a7: nextIndex: updateUnconditionally 1 -> 0
2019-10-09 13:14:25,548 [grpc-default-executor-37] INFO  impl.RaftServerImpl (ServerState.java:setRaftConf(354)) - 7706a157-1a1c-49fa-abc2-2cf2041a84a7@group-F2E3F8B61FEF: set configuration 0: [162534dc-93d9-4206-ab1e-9268955c7aca:192.168.5.175:32957, 869fbf5b-cbbd-43c6-9f26-156c5192e660:192.168.5.175:43498, 7706a157-1a1c-49fa-abc2-2cf2041a84a7:192.168.5.175:40917], old=null at 0
2019-10-09 13:14:25,548 [grpc-default-executor-30] INFO  impl.RaftServerImpl (ServerState.java:setRaftConf(354)) - 162534dc-93d9-4206-ab1e-9268955c7aca@group-F2E3F8B61FEF: set configuration 1: [162534dc-93d9-4206-ab1e-9268955c7aca:192.168.5.175:32957, 869fbf5b-cbbd-43c6-9f26-156c5192e660:192.168.5.175:43498, 7706a157-1a1c-49fa-abc2-2cf2041a84a7:192.168.5.175:40917], old=null at 1
2019-10-09 13:14:25,548 [grpc-default-executor-37] INFO  segmented.SegmentedRaftLogWorker (SegmentedRaftLogWorker.java:startLogSegment(380)) - 7706a157-1a1c-49fa-abc2-2cf2041a84a7@group-F2E3F8B61FEF-SegmentedRaftLogWorker: Starting segment from index:0
2019-10-09 13:14:25,548 [grpc-default-executor-30] INFO  segmented.SegmentedRaftLogWorker (SegmentedRaftLogWorker.java:rollLogSegment(385)) - 162534dc-93d9-4206-ab1e-9268955c7aca@group-F2E3F8B61FEF-SegmentedRaftLogWorker: Rolling segment log-0_0 to index:0
2019-10-09 13:14:25,548 [grpc-default-executor-37] INFO  impl.RaftServerImpl (ServerState.java:setRaftConf(354)) - 7706a157-1a1c-49fa-abc2-2cf2041a84a7@group-F2E3F8B61FEF: set configuration 1: [162534dc-93d9-4206-ab1e-9268955c7aca:192.168.5.175:32957, 869fbf5b-cbbd-43c6-9f26-156c5192e660:192.168.5.175:43498, 7706a157-1a1c-49fa-abc2-2cf2041a84a7:192.168.5.175:40917], old=null at 1
2019-10-09 13:14:25,549 [grpc-default-executor-37] INFO  segmented.SegmentedRaftLogWorker (SegmentedRaftLogWorker.java:rollLogSegment(385)) - 7706a157-1a1c-49fa-abc2-2cf2041a84a7@group-F2E3F8B61FEF-SegmentedRaftLogWorker: Rolling segment log-0_0 to index:0
2019-10-09 13:14:25,549 [162534dc-93d9-4206-ab1e-9268955c7aca@group-F2E3F8B61FEF-SegmentedRaftLogWorker] INFO  segmented.SegmentedRaftLogWorker (SegmentedRaftLogWorker.java:execute(526)) - 162534dc-93d9-4206-ab1e-9268955c7aca@group-F2E3F8B61FEF-SegmentedRaftLogWorker: Rolled log segment from /workdir/hadoop-ozone/integration-test/target/test-dir/MiniOzoneClusterImpl-77992fd3-8e8a-426b-8566-445f44124f00/datanode-4/data/ratis/7378dbdb-dd69-4b0f-82c8-f2e3f8b61fef/current/log_inprogress_0 to /workdir/hadoop-ozone/integration-test/target/test-dir/MiniOzoneClusterImpl-77992fd3-8e8a-426b-8566-445f44124f00/datanode-4/data/ratis/7378dbdb-dd69-4b0f-82c8-f2e3f8b61fef/current/log_0-0
2019-10-09 13:14:25,592 [869fbf5b-cbbd-43c6-9f26-156c5192e660@group-F2E3F8B61FEF-SegmentedRaftLogWorker] INFO  segmented.SegmentedRaftLogWorker (SegmentedRaftLogWorker.java:execute(569)) - 869fbf5b-cbbd-43c6-9f26-156c5192e660@group-F2E3F8B61FEF-SegmentedRaftLogWorker: created new log segment /workdir/hadoop-ozone/integration-test/target/test-dir/MiniOzoneClusterImpl-77992fd3-8e8a-426b-8566-445f44124f00/datanode-3/data/ratis/7378dbdb-dd69-4b0f-82c8-f2e3f8b61fef/current/log_inprogress_1
2019-10-09 13:14:25,592 [7706a157-1a1c-49fa-abc2-2cf2041a84a7@group-F2E3F8B61FEF-SegmentedRaftLogWorker] INFO  segmented.SegmentedRaftLogWorker (SegmentedRaftLogWorker.java:execute(569)) - 7706a157-1a1c-49fa-abc2-2cf2041a84a7@group-F2E3F8B61FEF-SegmentedRaftLogWorker: created new log segment /workdir/hadoop-ozone/integration-test/target/test-dir/MiniOzoneClusterImpl-77992fd3-8e8a-426b-8566-445f44124f00/datanode-2/data/ratis/7378dbdb-dd69-4b0f-82c8-f2e3f8b61fef/current/log_inprogress_0
2019-10-09 13:14:25,592 [162534dc-93d9-4206-ab1e-9268955c7aca@group-F2E3F8B61FEF-SegmentedRaftLogWorker] INFO  segmented.SegmentedRaftLogWorker (SegmentedRaftLogWorker.java:execute(569)) - 162534dc-93d9-4206-ab1e-9268955c7aca@group-F2E3F8B61FEF-SegmentedRaftLogWorker: created new log segment /workdir/hadoop-ozone/integration-test/target/test-dir/MiniOzoneClusterImpl-77992fd3-8e8a-426b-8566-445f44124f00/datanode-4/data/ratis/7378dbdb-dd69-4b0f-82c8-f2e3f8b61fef/current/log_inprogress_1
2019-10-09 13:14:25,604 [7706a157-1a1c-49fa-abc2-2cf2041a84a7@group-F2E3F8B61FEF-SegmentedRaftLogWorker] INFO  segmented.SegmentedRaftLogWorker (SegmentedRaftLogWorker.java:execute(526)) - 7706a157-1a1c-49fa-abc2-2cf2041a84a7@group-F2E3F8B61FEF-SegmentedRaftLogWorker: Rolled log segment from /workdir/hadoop-ozone/integration-test/target/test-dir/MiniOzoneClusterImpl-77992fd3-8e8a-426b-8566-445f44124f00/datanode-2/data/ratis/7378dbdb-dd69-4b0f-82c8-f2e3f8b61fef/current/log_inprogress_0 to /workdir/hadoop-ozone/integration-test/target/test-dir/MiniOzoneClusterImpl-77992fd3-8e8a-426b-8566-445f44124f00/datanode-2/data/ratis/7378dbdb-dd69-4b0f-82c8-f2e3f8b61fef/current/log_0-0
2019-10-09 13:14:25,650 [7706a157-1a1c-49fa-abc2-2cf2041a84a7@group-F2E3F8B61FEF-SegmentedRaftLogWorker] INFO  segmented.SegmentedRaftLogWorker (SegmentedRaftLogWorker.java:execute(569)) - 7706a157-1a1c-49fa-abc2-2cf2041a84a7@group-F2E3F8B61FEF-SegmentedRaftLogWorker: created new log segment /workdir/hadoop-ozone/integration-test/target/test-dir/MiniOzoneClusterImpl-77992fd3-8e8a-426b-8566-445f44124f00/datanode-2/data/ratis/7378dbdb-dd69-4b0f-82c8-f2e3f8b61fef/current/log_inprogress_1
2019-10-09 13:14:25,957 [main] INFO  ozone.MiniOzoneClusterImpl (MiniOzoneClusterImpl.java:shutdown(314)) - Shutting down the Mini Ozone Cluster
2019-10-09 13:14:25,957 [main] INFO  ozone.MiniOzoneClusterImpl (MiniOzoneClusterImpl.java:stop(330)) - Stopping the Mini Ozone Cluster
2019-10-09 13:14:25,957 [main] INFO  ozone.MiniOzoneClusterImpl (MiniOzoneClusterImpl.java:stopOM(400)) - Stopping the OzoneManager
2019-10-09 13:14:25,957 [main] INFO  ipc.Server (Server.java:stop(3082)) - Stopping server on 43345
2019-10-09 13:14:25,970 [IPC Server listener on 43345] INFO  ipc.Server (Server.java:run(1185)) - Stopping IPC Server listener on 43345
2019-10-09 13:14:25,970 [main] INFO  ratis.OzoneManagerDoubleBuffer (OzoneManagerDoubleBuffer.java:stop(248)) - Stopping OMDoubleBuffer flush thread
2019-10-09 13:14:25,982 [IPC Server Responder] INFO  ipc.Server (Server.java:run(1319)) - Stopping IPC Server Responder
2019-10-09 13:14:25,985 [OMDoubleBufferFlushThread] INFO  ratis.OzoneManagerDoubleBuffer (OzoneManagerDoubleBuffer.java:flushTransactions(191)) - OMDoubleBuffer flush thread OMDoubleBufferFlushThread is interrupted and will exit. OMDoubleBufferFlushThread
2019-10-09 13:14:25,985 [main] INFO  utils.BackgroundService (BackgroundService.java:shutdown(148)) - Shutting down service KeyDeletingService
2019-10-09 13:14:25,987 [main] INFO  handler.ContextHandler (ContextHandler.java:doStop(910)) - Stopped o.e.j.w.WebAppContext@106c988{/,null,UNAVAILABLE}{/ozoneManager}
2019-10-09 13:14:25,988 [main] INFO  server.AbstractConnector (AbstractConnector.java:doStop(318)) - Stopped ServerConnector@21274afe{HTTP/1.1,[http/1.1]}{0.0.0.0:0}
2019-10-09 13:14:25,989 [main] INFO  handler.ContextHandler (ContextHandler.java:doStop(910)) - Stopped o.e.j.s.ServletContextHandler@203e705e{/static,file:///workdir/hadoop-ozone/integration-test/target/test-classes/webapps/static,UNAVAILABLE}
2019-10-09 13:14:25,989 [main] INFO  handler.ContextHandler (ContextHandler.java:doStop(910)) - Stopped o.e.j.s.ServletContextHandler@42a0786f{/logs,file:///workdir/hadoop-ozone/integration-test/target/log,UNAVAILABLE}
2019-10-09 13:14:25,992 [main] INFO  ozone.MiniOzoneClusterImpl (MiniOzoneClusterImpl.java:stopDatanodes(377)) - Stopping the HddsDatanodes
2019-10-09 13:14:26,185 [grpc-default-executor-37] WARN  server.GrpcLogAppender (LogUtils.java:warn(134)) - 2c69c56f-4b33-4231-936a-bbd24e83d692@group-14DF45B217B5->96acbf61-3ece-4d83-9836-a217fb58817a-AppendLogResponseHandler: Failed appendEntries: org.apache.ratis.thirdparty.io.grpc.StatusRuntimeException: UNAVAILABLE: io exception
2019-10-09 13:14:26,185 [grpc-default-executor-37] INFO  impl.FollowerInfo (FollowerInfo.java:lambda$new$0(51)) - 2c69c56f-4b33-4231-936a-bbd24e83d692@group-14DF45B217B5->96acbf61-3ece-4d83-9836-a217fb58817a: nextIndex: updateUnconditionally 0 -> 0
2019-10-09 13:14:26,441 [grpc-default-executor-37] WARN  server.GrpcLogAppender (LogUtils.java:warn(134)) - 7706a157-1a1c-49fa-abc2-2cf2041a84a7@group-52AD3AA08ADE->96acbf61-3ece-4d83-9836-a217fb58817a-AppendLogResponseHandler: Failed appendEntries: org.apache.ratis.thirdparty.io.grpc.StatusRuntimeException: UNAVAILABLE: io exception
2019-10-09 13:14:26,441 [grpc-default-executor-37] INFO  impl.FollowerInfo (FollowerInfo.java:lambda$new$0(51)) - 7706a157-1a1c-49fa-abc2-2cf2041a84a7@group-52AD3AA08ADE->96acbf61-3ece-4d83-9836-a217fb58817a: nextIndex: updateUnconditionally 0 -> 0
2019-10-09 13:14:26,748 [Datanode State Machine Thread - 0] INFO  statemachine.DatanodeStateMachine (DatanodeStateMachine.java:lambda$startDaemon$0(350)) - Ozone container server started.
2019-10-09 13:14:26,748 [Datanode State Machine Thread - 0] INFO  statemachine.DatanodeStateMachine (DatanodeStateMachine.java:lambda$startDaemon$0(350)) - Ozone container server started.
2019-10-09 13:14:27,118 [grpc-default-executor-30] WARN  server.GrpcLogAppender (LogUtils.java:warn(134)) - 162534dc-93d9-4206-ab1e-9268955c7aca@group-F494DE254AFB->96acbf61-3ece-4d83-9836-a217fb58817a-AppendLogResponseHandler: Failed appendEntries: org.apache.ratis.thirdparty.io.grpc.StatusRuntimeException: UNAVAILABLE: io exception
2019-10-09 13:14:27,118 [grpc-default-executor-24] WARN  server.GrpcLogAppender (LogUtils.java:warn(134)) - 869fbf5b-cbbd-43c6-9f26-156c5192e660@group-7276B70EB406->96acbf61-3ece-4d83-9836-a217fb58817a-AppendLogResponseHandler: Failed appendEntries: org.apache.ratis.thirdparty.io.grpc.StatusRuntimeException: UNAVAILABLE: io exception
2019-10-09 13:14:27,118 [grpc-default-executor-30] INFO  impl.FollowerInfo (FollowerInfo.java:lambda$new$0(51)) - 162534dc-93d9-4206-ab1e-9268955c7aca@group-F494DE254AFB->96acbf61-3ece-4d83-9836-a217fb58817a: nextIndex: updateUnconditionally 0 -> 0
2019-10-09 13:14:27,119 [grpc-default-executor-24] INFO  impl.FollowerInfo (FollowerInfo.java:lambda$new$0(51)) - 869fbf5b-cbbd-43c6-9f26-156c5192e660@group-7276B70EB406->96acbf61-3ece-4d83-9836-a217fb58817a: nextIndex: updateUnconditionally 0 -> 0
2019-10-09 13:14:27,176 [grpc-default-executor-24] WARN  server.GrpcLogAppender (LogUtils.java:warn(134)) - 162534dc-93d9-4206-ab1e-9268955c7aca@group-4A4B977E74D1->96acbf61-3ece-4d83-9836-a217fb58817a-AppendLogResponseHandler: Failed appendEntries: org.apache.ratis.thirdparty.io.grpc.StatusRuntimeException: UNAVAILABLE: io exception
2019-10-09 13:14:27,176 [grpc-default-executor-37] WARN  server.GrpcLogAppender (LogUtils.java:warn(134)) - 162534dc-93d9-4206-ab1e-9268955c7aca@group-014983823A3D->96acbf61-3ece-4d83-9836-a217fb58817a-AppendLogResponseHandler: Failed appendEntries: org.apache.ratis.thirdparty.io.grpc.StatusRuntimeException: UNAVAILABLE: io exception
2019-10-09 13:14:27,176 [grpc-default-executor-24] INFO  impl.FollowerInfo (FollowerInfo.java:lambda$new$0(51)) - 162534dc-93d9-4206-ab1e-9268955c7aca@group-4A4B977E74D1->96acbf61-3ece-4d83-9836-a217fb58817a: nextIndex: updateUnconditionally 0 -> 0
2019-10-09 13:14:27,177 [grpc-default-executor-37] INFO  impl.FollowerInfo (FollowerInfo.java:lambda$new$0(51)) - 162534dc-93d9-4206-ab1e-9268955c7aca@group-014983823A3D->96acbf61-3ece-4d83-9836-a217fb58817a: nextIndex: updateUnconditionally 0 -> 0
2019-10-09 13:14:27,190 [grpc-default-executor-30] WARN  server.GrpcLogAppender (LogUtils.java:warn(134)) - 162534dc-93d9-4206-ab1e-9268955c7aca@group-227D833B6095->96acbf61-3ece-4d83-9836-a217fb58817a-AppendLogResponseHandler: Failed appendEntries: org.apache.ratis.thirdparty.io.grpc.StatusRuntimeException: UNAVAILABLE: io exception
2019-10-09 13:14:27,191 [grpc-default-executor-30] INFO  impl.FollowerInfo (FollowerInfo.java:lambda$new$0(51)) - 162534dc-93d9-4206-ab1e-9268955c7aca@group-227D833B6095->96acbf61-3ece-4d83-9836-a217fb58817a: nextIndex: updateUnconditionally 0 -> 0
2019-10-09 13:14:27,548 [grpc-default-executor-24] WARN  server.GrpcLogAppender (LogUtils.java:warn(134)) - 869fbf5b-cbbd-43c6-9f26-156c5192e660@group-FB9E4996B38B->96acbf61-3ece-4d83-9836-a217fb58817a-AppendLogResponseHandler: Failed appendEntries: org.apache.ratis.thirdparty.io.grpc.StatusRuntimeException: UNAVAILABLE: io exception
2019-10-09 13:14:27,548 [grpc-default-executor-24] INFO  impl.FollowerInfo (FollowerInfo.java:lambda$new$0(51)) - 869fbf5b-cbbd-43c6-9f26-156c5192e660@group-FB9E4996B38B->96acbf61-3ece-4d83-9836-a217fb58817a: nextIndex: updateUnconditionally 0 -> 0
2019-10-09 13:14:27,573 [grpc-default-executor-37] WARN  server.GrpcLogAppender (LogUtils.java:warn(134)) - 869fbf5b-cbbd-43c6-9f26-156c5192e660@group-DC31737E2860->96acbf61-3ece-4d83-9836-a217fb58817a-AppendLogResponseHandler: Failed appendEntries: org.apache.ratis.thirdparty.io.grpc.StatusRuntimeException: UNAVAILABLE: io exception
2019-10-09 13:14:27,574 [grpc-default-executor-37] INFO  impl.FollowerInfo (FollowerInfo.java:lambda$new$0(51)) - 869fbf5b-cbbd-43c6-9f26-156c5192e660@group-DC31737E2860->96acbf61-3ece-4d83-9836-a217fb58817a: nextIndex: updateUnconditionally 0 -> 0
2019-10-09 13:14:27,710 [grpc-default-executor-37] WARN  server.GrpcLogAppender (LogUtils.java:warn(134)) - 869fbf5b-cbbd-43c6-9f26-156c5192e660@group-19F276FA9099->96acbf61-3ece-4d83-9836-a217fb58817a-AppendLogResponseHandler: Failed appendEntries: org.apache.ratis.thirdparty.io.grpc.StatusRuntimeException: UNAVAILABLE: io exception
2019-10-09 13:14:27,710 [grpc-default-executor-37] INFO  impl.FollowerInfo (FollowerInfo.java:lambda$new$0(51)) - 869fbf5b-cbbd-43c6-9f26-156c5192e660@group-19F276FA9099->96acbf61-3ece-4d83-9836-a217fb58817a: nextIndex: updateUnconditionally 0 -> 0
2019-10-09 13:14:27,897 [grpc-default-executor-37] WARN  server.GrpcLogAppender (LogUtils.java:warn(134)) - 869fbf5b-cbbd-43c6-9f26-156c5192e660@group-986902F1898E->96acbf61-3ece-4d83-9836-a217fb58817a-AppendLogResponseHandler: Failed appendEntries: org.apache.ratis.thirdparty.io.grpc.StatusRuntimeException: UNAVAILABLE: io exception
2019-10-09 13:14:27,898 [grpc-default-executor-37] INFO  impl.FollowerInfo (FollowerInfo.java:lambda$new$0(51)) - 869fbf5b-cbbd-43c6-9f26-156c5192e660@group-986902F1898E->96acbf61-3ece-4d83-9836-a217fb58817a: nextIndex: updateUnconditionally 0 -> 0
2019-10-09 13:14:28,687 [grpc-default-executor-37] WARN  server.GrpcLogAppender (LogUtils.java:warn(134)) - 2c69c56f-4b33-4231-936a-bbd24e83d692@group-14DF45B217B5->96acbf61-3ece-4d83-9836-a217fb58817a-AppendLogResponseHandler: Failed appendEntries: org.apache.ratis.thirdparty.io.grpc.StatusRuntimeException: UNAVAILABLE: io exception
2019-10-09 13:14:28,687 [grpc-default-executor-37] INFO  impl.FollowerInfo (FollowerInfo.java:lambda$new$0(51)) - 2c69c56f-4b33-4231-936a-bbd24e83d692@group-14DF45B217B5->96acbf61-3ece-4d83-9836-a217fb58817a: nextIndex: updateUnconditionally 0 -> 0
2019-10-09 13:14:28,942 [grpc-default-executor-37] WARN  server.GrpcLogAppender (LogUtils.java:warn(134)) - 7706a157-1a1c-49fa-abc2-2cf2041a84a7@group-52AD3AA08ADE->96acbf61-3ece-4d83-9836-a217fb58817a-AppendLogResponseHandler: Failed appendEntries: org.apache.ratis.thirdparty.io.grpc.StatusRuntimeException: UNAVAILABLE: io exception
2019-10-09 13:14:28,943 [grpc-default-executor-37] INFO  impl.FollowerInfo (FollowerInfo.java:lambda$new$0(51)) - 7706a157-1a1c-49fa-abc2-2cf2041a84a7@group-52AD3AA08ADE->96acbf61-3ece-4d83-9836-a217fb58817a: nextIndex: updateUnconditionally 0 -> 0
2019-10-09 13:14:29,622 [grpc-default-executor-24] WARN  server.GrpcLogAppender (LogUtils.java:warn(134)) - 869fbf5b-cbbd-43c6-9f26-156c5192e660@group-7276B70EB406->96acbf61-3ece-4d83-9836-a217fb58817a-AppendLogResponseHandler: Failed appendEntries: org.apache.ratis.thirdparty.io.grpc.StatusRuntimeException: UNAVAILABLE: io exception
2019-10-09 13:14:29,622 [grpc-default-executor-37] WARN  server.GrpcLogAppender (LogUtils.java:warn(134)) - 162534dc-93d9-4206-ab1e-9268955c7aca@group-F494DE254AFB->96acbf61-3ece-4d83-9836-a217fb58817a-AppendLogResponseHandler: Failed appendEntries: org.apache.ratis.thirdparty.io.grpc.StatusRuntimeException: UNAVAILABLE: io exception
2019-10-09 13:14:29,623 [grpc-default-executor-24] INFO  impl.FollowerInfo (FollowerInfo.java:lambda$new$0(51)) - 869fbf5b-cbbd-43c6-9f26-156c5192e660@group-7276B70EB406->96acbf61-3ece-4d83-9836-a217fb58817a: nextIndex: updateUnconditionally 0 -> 0
2019-10-09 13:14:29,623 [grpc-default-executor-37] INFO  impl.FollowerInfo (FollowerInfo.java:lambda$new$0(51)) - 162534dc-93d9-4206-ab1e-9268955c7aca@group-F494DE254AFB->96acbf61-3ece-4d83-9836-a217fb58817a: nextIndex: updateUnconditionally 0 -> 0
2019-10-09 13:14:29,676 [grpc-default-executor-30] WARN  server.GrpcLogAppender (LogUtils.java:warn(134)) - 162534dc-93d9-4206-ab1e-9268955c7aca@group-4A4B977E74D1->96acbf61-3ece-4d83-9836-a217fb58817a-AppendLogResponseHandler: Failed appendEntries: org.apache.ratis.thirdparty.io.grpc.StatusRuntimeException: UNAVAILABLE: io exception
2019-10-09 13:14:29,676 [grpc-default-executor-50] WARN  server.GrpcLogAppender (LogUtils.java:warn(134)) - 162534dc-93d9-4206-ab1e-9268955c7aca@group-014983823A3D->96acbf61-3ece-4d83-9836-a217fb58817a-AppendLogResponseHandler: Failed appendEntries: org.apache.ratis.thirdparty.io.grpc.StatusRuntimeException: UNAVAILABLE: io exception
2019-10-09 13:14:29,677 [grpc-default-executor-30] INFO  impl.FollowerInfo (FollowerInfo.java:lambda$new$0(51)) - 162534dc-93d9-4206-ab1e-9268955c7aca@group-4A4B977E74D1->96acbf61-3ece-4d83-9836-a217fb58817a: nextIndex: updateUnconditionally 0 -> 0
2019-10-09 13:14:29,677 [grpc-default-executor-50] INFO  impl.FollowerInfo (FollowerInfo.java:lambda$new$0(51)) - 162534dc-93d9-4206-ab1e-9268955c7aca@group-014983823A3D->96acbf61-3ece-4d83-9836-a217fb58817a: nextIndex: updateUnconditionally 0 -> 0
2019-10-09 13:14:29,691 [grpc-default-executor-37] WARN  server.GrpcLogAppender (LogUtils.java:warn(134)) - 162534dc-93d9-4206-ab1e-9268955c7aca@group-227D833B6095->96acbf61-3ece-4d83-9836-a217fb58817a-AppendLogResponseHandler: Failed appendEntries: org.apache.ratis.thirdparty.io.grpc.StatusRuntimeException: UNAVAILABLE: io exception
2019-10-09 13:14:29,691 [grpc-default-executor-37] INFO  impl.FollowerInfo (FollowerInfo.java:lambda$new$0(51)) - 162534dc-93d9-4206-ab1e-9268955c7aca@group-227D833B6095->96acbf61-3ece-4d83-9836-a217fb58817a: nextIndex: updateUnconditionally 0 -> 0
2019-10-09 13:14:30,050 [grpc-default-executor-30] WARN  server.GrpcLogAppender (LogUtils.java:warn(134)) - 869fbf5b-cbbd-43c6-9f26-156c5192e660@group-FB9E4996B38B->96acbf61-3ece-4d83-9836-a217fb58817a-AppendLogResponseHandler: Failed appendEntries: org.apache.ratis.thirdparty.io.grpc.StatusRuntimeException: UNAVAILABLE: io exception
2019-10-09 13:14:30,051 [grpc-default-executor-30] INFO  impl.FollowerInfo (FollowerInfo.java:lambda$new$0(51)) - 869fbf5b-cbbd-43c6-9f26-156c5192e660@group-FB9E4996B38B->96acbf61-3ece-4d83-9836-a217fb58817a: nextIndex: updateUnconditionally 0 -> 0
2019-10-09 13:14:30,074 [grpc-default-executor-37] WARN  server.GrpcLogAppender (LogUtils.java:warn(134)) - 869fbf5b-cbbd-43c6-9f26-156c5192e660@group-DC31737E2860->96acbf61-3ece-4d83-9836-a217fb58817a-AppendLogResponseHandler: Failed appendEntries: org.apache.ratis.thirdparty.io.grpc.StatusRuntimeException: UNAVAILABLE: io exception
2019-10-09 13:14:30,074 [grpc-default-executor-37] INFO  impl.FollowerInfo (FollowerInfo.java:lambda$new$0(51)) - 869fbf5b-cbbd-43c6-9f26-156c5192e660@group-DC31737E2860->96acbf61-3ece-4d83-9836-a217fb58817a: nextIndex: updateUnconditionally 0 -> 0
2019-10-09 13:14:30,210 [grpc-default-executor-50] WARN  server.GrpcLogAppender (LogUtils.java:warn(134)) - 869fbf5b-cbbd-43c6-9f26-156c5192e660@group-19F276FA9099->96acbf61-3ece-4d83-9836-a217fb58817a-AppendLogResponseHandler: Failed appendEntries: org.apache.ratis.thirdparty.io.grpc.StatusRuntimeException: UNAVAILABLE: io exception
2019-10-09 13:14:30,211 [grpc-default-executor-50] INFO  impl.FollowerInfo (FollowerInfo.java:lambda$new$0(51)) - 869fbf5b-cbbd-43c6-9f26-156c5192e660@group-19F276FA9099->96acbf61-3ece-4d83-9836-a217fb58817a: nextIndex: updateUnconditionally 0 -> 0
2019-10-09 13:14:30,398 [grpc-default-executor-30] WARN  server.GrpcLogAppender (LogUtils.java:warn(134)) - 869fbf5b-cbbd-43c6-9f26-156c5192e660@group-986902F1898E->96acbf61-3ece-4d83-9836-a217fb58817a-AppendLogResponseHandler: Failed appendEntries: org.apache.ratis.thirdparty.io.grpc.StatusRuntimeException: UNAVAILABLE: io exception
2019-10-09 13:14:30,399 [grpc-default-executor-30] INFO  impl.FollowerInfo (FollowerInfo.java:lambda$new$0(51)) - 869fbf5b-cbbd-43c6-9f26-156c5192e660@group-986902F1898E->96acbf61-3ece-4d83-9836-a217fb58817a: nextIndex: updateUnconditionally 0 -> 0
2019-10-09 13:14:30,754 [EventQueue-StaleNodeForStaleNodeHandler] INFO  node.StaleNodeHandler (StaleNodeHandler.java:onMessage(58)) - Datanode 162534dc-93d9-4206-ab1e-9268955c7aca{ip: 192.168.5.175, host: pr-hdds-1569-mfl88-1504498049, networkLocation: /default-rack, certSerialId: null} moved to stale state. Finalizing its pipelines [PipelineID=78be2bcb-ce7b-4110-8ea2-7276b70eb406, PipelineID=0e7a749a-41d2-47c3-bf75-014983823a3d, PipelineID=c28971ae-95cf-4532-9b4f-986902f1898e, PipelineID=ecc94827-8a09-4a6e-b805-f494de254afb, PipelineID=7378dbdb-dd69-4b0f-82c8-f2e3f8b61fef, PipelineID=edc78da7-8915-4033-8710-dc31737e2860, PipelineID=28f4dd3f-99df-4ff5-9ddc-227d833b6095, PipelineID=3d847b10-3720-43c7-819e-fb9e4996b38b, PipelineID=31436527-0db7-4839-a6a0-4a4b977e74d1, PipelineID=c0fa437f-cd60-420f-a614-19f276fa9099]
2019-10-09 13:14:30,754 [EventQueue-StaleNodeForStaleNodeHandler] INFO  pipeline.SCMPipelineManager (SCMPipelineManager.java:finalizeAndDestroyPipeline(342)) - destroying pipeline:Pipeline[ Id: 78be2bcb-ce7b-4110-8ea2-7276b70eb406, Nodes: 96acbf61-3ece-4d83-9836-a217fb58817a{ip: 192.168.5.175, host: pr-hdds-1569-mfl88-1504498049, networkLocation: /default-rack, certSerialId: null}869fbf5b-cbbd-43c6-9f26-156c5192e660{ip: 192.168.5.175, host: pr-hdds-1569-mfl88-1504498049, networkLocation: /default-rack, certSerialId: null}162534dc-93d9-4206-ab1e-9268955c7aca{ip: 192.168.5.175, host: pr-hdds-1569-mfl88-1504498049, networkLocation: /default-rack, certSerialId: null}, Type:RATIS, Factor:THREE, State:CLOSED]
2019-10-09 13:14:30,755 [EventQueue-StaleNodeForStaleNodeHandler] INFO  pipeline.SCMPipelineManager (SCMPipelineManager.java:finalizeAndDestroyPipeline(342)) - destroying pipeline:Pipeline[ Id: 0e7a749a-41d2-47c3-bf75-014983823a3d, Nodes: 869fbf5b-cbbd-43c6-9f26-156c5192e660{ip: 192.168.5.175, host: pr-hdds-1569-mfl88-1504498049, networkLocation: /default-rack, certSerialId: null}162534dc-93d9-4206-ab1e-9268955c7aca{ip: 192.168.5.175, host: pr-hdds-1569-mfl88-1504498049, networkLocation: /default-rack, certSerialId: null}96acbf61-3ece-4d83-9836-a217fb58817a{ip: 192.168.5.175, host: pr-hdds-1569-mfl88-1504498049, networkLocation: /default-rack, certSerialId: null}, Type:RATIS, Factor:THREE, State:CLOSED]
2019-10-09 13:14:30,755 [EventQueue-StaleNodeForStaleNodeHandler] INFO  pipeline.SCMPipelineManager (SCMPipelineManager.java:finalizeAndDestroyPipeline(342)) - destroying pipeline:Pipeline[ Id: c28971ae-95cf-4532-9b4f-986902f1898e, Nodes: 96acbf61-3ece-4d83-9836-a217fb58817a{ip: 192.168.5.175, host: pr-hdds-1569-mfl88-1504498049, networkLocation: /default-rack, certSerialId: null}869fbf5b-cbbd-43c6-9f26-156c5192e660{ip: 192.168.5.175, host: pr-hdds-1569-mfl88-1504498049, networkLocation: /default-rack, certSerialId: null}162534dc-93d9-4206-ab1e-9268955c7aca{ip: 192.168.5.175, host: pr-hdds-1569-mfl88-1504498049, networkLocation: /default-rack, certSerialId: null}, Type:RATIS, Factor:THREE, State:CLOSED]
2019-10-09 13:14:30,756 [EventQueue-StaleNodeForStaleNodeHandler] INFO  pipeline.SCMPipelineManager (SCMPipelineManager.java:finalizeAndDestroyPipeline(342)) - destroying pipeline:Pipeline[ Id: ecc94827-8a09-4a6e-b805-f494de254afb, Nodes: 869fbf5b-cbbd-43c6-9f26-156c5192e660{ip: 192.168.5.175, host: pr-hdds-1569-mfl88-1504498049, networkLocation: /default-rack, certSerialId: null}96acbf61-3ece-4d83-9836-a217fb58817a{ip: 192.168.5.175, host: pr-hdds-1569-mfl88-1504498049, networkLocation: /default-rack, certSerialId: null}162534dc-93d9-4206-ab1e-9268955c7aca{ip: 192.168.5.175, host: pr-hdds-1569-mfl88-1504498049, networkLocation: /default-rack, certSerialId: null}, Type:RATIS, Factor:THREE, State:CLOSED]
2019-10-09 13:14:30,756 [EventQueue-StaleNodeForStaleNodeHandler] INFO  pipeline.SCMPipelineManager (SCMPipelineManager.java:finalizeAndDestroyPipeline(342)) - destroying pipeline:Pipeline[ Id: 7378dbdb-dd69-4b0f-82c8-f2e3f8b61fef, Nodes: 7706a157-1a1c-49fa-abc2-2cf2041a84a7{ip: 192.168.5.175, host: pr-hdds-1569-mfl88-1504498049, networkLocation: /default-rack, certSerialId: null}162534dc-93d9-4206-ab1e-9268955c7aca{ip: 192.168.5.175, host: pr-hdds-1569-mfl88-1504498049, networkLocation: /default-rack, certSerialId: null}869fbf5b-cbbd-43c6-9f26-156c5192e660{ip: 192.168.5.175, host: pr-hdds-1569-mfl88-1504498049, networkLocation: /default-rack, certSerialId: null}, Type:RATIS, Factor:THREE, State:OPEN]
2019-10-09 13:14:30,756 [EventQueue-StaleNodeForStaleNodeHandler] INFO  pipeline.PipelineStateManager (PipelineStateManager.java:finalizePipeline(123)) - Pipeline Pipeline[ Id: 7378dbdb-dd69-4b0f-82c8-f2e3f8b61fef, Nodes: 7706a157-1a1c-49fa-abc2-2cf2041a84a7{ip: 192.168.5.175, host: pr-hdds-1569-mfl88-1504498049, networkLocation: /default-rack, certSerialId: null}162534dc-93d9-4206-ab1e-9268955c7aca{ip: 192.168.5.175, host: pr-hdds-1569-mfl88-1504498049, networkLocation: /default-rack, certSerialId: null}869fbf5b-cbbd-43c6-9f26-156c5192e660{ip: 192.168.5.175, host: pr-hdds-1569-mfl88-1504498049, networkLocation: /default-rack, certSerialId: null}, Type:RATIS, Factor:THREE, State:CLOSED] moved to CLOSED state
2019-10-09 13:14:30,757 [EventQueue-StaleNodeForStaleNodeHandler] INFO  pipeline.SCMPipelineManager (SCMPipelineManager.java:finalizeAndDestroyPipeline(342)) - destroying pipeline:Pipeline[ Id: edc78da7-8915-4033-8710-dc31737e2860, Nodes: 96acbf61-3ece-4d83-9836-a217fb58817a{ip: 192.168.5.175, host: pr-hdds-1569-mfl88-1504498049, networkLocation: /default-rack, certSerialId: null}869fbf5b-cbbd-43c6-9f26-156c5192e660{ip: 192.168.5.175, host: pr-hdds-1569-mfl88-1504498049, networkLocation: /default-rack, certSerialId: null}162534dc-93d9-4206-ab1e-9268955c7aca{ip: 192.168.5.175, host: pr-hdds-1569-mfl88-1504498049, networkLocation: /default-rack, certSerialId: null}, Type:RATIS, Factor:THREE, State:CLOSED]
2019-10-09 13:14:30,757 [EventQueue-CloseContainerForCloseContainerEventHandler] INFO  container.CloseContainerEventHandler (CloseContainerEventHandler.java:onMessage(61)) - Close container Event triggered for container : #2
2019-10-09 13:14:30,757 [EventQueue-StaleNodeForStaleNodeHandler] INFO  pipeline.SCMPipelineManager (SCMPipelineManager.java:finalizeAndDestroyPipeline(342)) - destroying pipeline:Pipeline[ Id: 28f4dd3f-99df-4ff5-9ddc-227d833b6095, Nodes: 869fbf5b-cbbd-43c6-9f26-156c5192e660{ip: 192.168.5.175, host: pr-hdds-1569-mfl88-1504498049, networkLocation: /default-rack, certSerialId: null}162534dc-93d9-4206-ab1e-9268955c7aca{ip: 192.168.5.175, host: pr-hdds-1569-mfl88-1504498049, networkLocation: /default-rack, certSerialId: null}96acbf61-3ece-4d83-9836-a217fb58817a{ip: 192.168.5.175, host: pr-hdds-1569-mfl88-1504498049, networkLocation: /default-rack, certSerialId: null}, Type:RATIS, Factor:THREE, State:CLOSED]
2019-10-09 13:14:30,757 [EventQueue-StaleNodeForStaleNodeHandler] INFO  pipeline.SCMPipelineManager (SCMPipelineManager.java:finalizeAndDestroyPipeline(342)) - destroying pipeline:Pipeline[ Id: 3d847b10-3720-43c7-819e-fb9e4996b38b, Nodes: 96acbf61-3ece-4d83-9836-a217fb58817a{ip: 192.168.5.175, host: pr-hdds-1569-mfl88-1504498049, networkLocation: /default-rack, certSerialId: null}869fbf5b-cbbd-43c6-9f26-156c5192e660{ip: 192.168.5.175, host: pr-hdds-1569-mfl88-1504498049, networkLocation: /default-rack, certSerialId: null}162534dc-93d9-4206-ab1e-9268955c7aca{ip: 192.168.5.175, host: pr-hdds-1569-mfl88-1504498049, networkLocation: /default-rack, certSerialId: null}, Type:RATIS, Factor:THREE, State:CLOSED]
2019-10-09 13:14:30,758 [EventQueue-StaleNodeForStaleNodeHandler] INFO  pipeline.SCMPipelineManager (SCMPipelineManager.java:finalizeAndDestroyPipeline(342)) - destroying pipeline:Pipeline[ Id: 31436527-0db7-4839-a6a0-4a4b977e74d1, Nodes: 96acbf61-3ece-4d83-9836-a217fb58817a{ip: 192.168.5.175, host: pr-hdds-1569-mfl88-1504498049, networkLocation: /default-rack, certSerialId: null}869fbf5b-cbbd-43c6-9f26-156c5192e660{ip: 192.168.5.175, host: pr-hdds-1569-mfl88-1504498049, networkLocation: /default-rack, certSerialId: null}162534dc-93d9-4206-ab1e-9268955c7aca{ip: 192.168.5.175, host: pr-hdds-1569-mfl88-1504498049, networkLocation: /default-rack, certSerialId: null}, Type:RATIS, Factor:THREE, State:CLOSED]
2019-10-09 13:14:30,758 [EventQueue-StaleNodeForStaleNodeHandler] INFO  pipeline.SCMPipelineManager (SCMPipelineManager.java:finalizeAndDestroyPipeline(342)) - destroying pipeline:Pipeline[ Id: c0fa437f-cd60-420f-a614-19f276fa9099, Nodes: 96acbf61-3ece-4d83-9836-a217fb58817a{ip: 192.168.5.175, host: pr-hdds-1569-mfl88-1504498049, networkLocation: /default-rack, certSerialId: null}869fbf5b-cbbd-43c6-9f26-156c5192e660{ip: 192.168.5.175, host: pr-hdds-1569-mfl88-1504498049, networkLocation: /default-rack, certSerialId: null}162534dc-93d9-4206-ab1e-9268955c7aca{ip: 192.168.5.175, host: pr-hdds-1569-mfl88-1504498049, networkLocation: /default-rack, certSerialId: null}, Type:RATIS, Factor:THREE, State:CLOSED]
2019-10-09 13:14:30,758 [EventQueue-StaleNodeForStaleNodeHandler] INFO  node.StaleNodeHandler (StaleNodeHandler.java:onMessage(58)) - Datanode 7706a157-1a1c-49fa-abc2-2cf2041a84a7{ip: 192.168.5.175, host: pr-hdds-1569-mfl88-1504498049, networkLocation: /default-rack, certSerialId: null} moved to stale state. Finalizing its pipelines [PipelineID=9d00c015-ba4d-43f8-91ec-14df45b217b5, PipelineID=7378dbdb-dd69-4b0f-82c8-f2e3f8b61fef, PipelineID=c02717b2-d9b8-4c21-97fb-f7e70ab6487c, PipelineID=bc4583d2-882e-4c8d-bcc9-52ad3aa08ade]
2019-10-09 13:14:30,758 [EventQueue-StaleNodeForStaleNodeHandler] INFO  pipeline.SCMPipelineManager (SCMPipelineManager.java:finalizeAndDestroyPipeline(342)) - destroying pipeline:Pipeline[ Id: 9d00c015-ba4d-43f8-91ec-14df45b217b5, Nodes: 2c69c56f-4b33-4231-936a-bbd24e83d692{ip: 192.168.5.175, host: pr-hdds-1569-mfl88-1504498049, networkLocation: /default-rack, certSerialId: null}96acbf61-3ece-4d83-9836-a217fb58817a{ip: 192.168.5.175, host: pr-hdds-1569-mfl88-1504498049, networkLocation: /default-rack, certSerialId: null}7706a157-1a1c-49fa-abc2-2cf2041a84a7{ip: 192.168.5.175, host: pr-hdds-1569-mfl88-1504498049, networkLocation: /default-rack, certSerialId: null}, Type:RATIS, Factor:THREE, State:CLOSED]
2019-10-09 13:14:30,759 [EventQueue-StaleNodeForStaleNodeHandler] INFO  pipeline.SCMPipelineManager (SCMPipelineManager.java:finalizeAndDestroyPipeline(342)) - destroying pipeline:Pipeline[ Id: 7378dbdb-dd69-4b0f-82c8-f2e3f8b61fef, Nodes: 7706a157-1a1c-49fa-abc2-2cf2041a84a7{ip: 192.168.5.175, host: pr-hdds-1569-mfl88-1504498049, networkLocation: /default-rack, certSerialId: null}162534dc-93d9-4206-ab1e-9268955c7aca{ip: 192.168.5.175, host: pr-hdds-1569-mfl88-1504498049, networkLocation: /default-rack, certSerialId: null}869fbf5b-cbbd-43c6-9f26-156c5192e660{ip: 192.168.5.175, host: pr-hdds-1569-mfl88-1504498049, networkLocation: /default-rack, certSerialId: null}, Type:RATIS, Factor:THREE, State:CLOSED]
2019-10-09 13:14:30,759 [EventQueue-StaleNodeForStaleNodeHandler] INFO  pipeline.SCMPipelineManager (SCMPipelineManager.java:finalizeAndDestroyPipeline(342)) - destroying pipeline:Pipeline[ Id: c02717b2-d9b8-4c21-97fb-f7e70ab6487c, Nodes: 7706a157-1a1c-49fa-abc2-2cf2041a84a7{ip: 192.168.5.175, host: pr-hdds-1569-mfl88-1504498049, networkLocation: /default-rack, certSerialId: null}, Type:RATIS, Factor:ONE, State:OPEN]
2019-10-09 13:14:30,759 [EventQueue-StaleNodeForStaleNodeHandler] INFO  pipeline.PipelineStateManager (PipelineStateManager.java:finalizePipeline(123)) - Pipeline Pipeline[ Id: c02717b2-d9b8-4c21-97fb-f7e70ab6487c, Nodes: 7706a157-1a1c-49fa-abc2-2cf2041a84a7{ip: 192.168.5.175, host: pr-hdds-1569-mfl88-1504498049, networkLocation: /default-rack, certSerialId: null}, Type:RATIS, Factor:ONE, State:CLOSED] moved to CLOSED state
2019-10-09 13:14:30,759 [EventQueue-StaleNodeForStaleNodeHandler] INFO  pipeline.SCMPipelineManager (SCMPipelineManager.java:finalizeAndDestroyPipeline(342)) - destroying pipeline:Pipeline[ Id: bc4583d2-882e-4c8d-bcc9-52ad3aa08ade, Nodes: 7706a157-1a1c-49fa-abc2-2cf2041a84a7{ip: 192.168.5.175, host: pr-hdds-1569-mfl88-1504498049, networkLocation: /default-rack, certSerialId: null}96acbf61-3ece-4d83-9836-a217fb58817a{ip: 192.168.5.175, host: pr-hdds-1569-mfl88-1504498049, networkLocation: /default-rack, certSerialId: null}869fbf5b-cbbd-43c6-9f26-156c5192e660{ip: 192.168.5.175, host: pr-hdds-1569-mfl88-1504498049, networkLocation: /default-rack, certSerialId: null}, Type:RATIS, Factor:THREE, State:CLOSED]
2019-10-09 13:14:30,993 [ForkJoinPool.commonPool-worker-1] INFO  ozoneimpl.OzoneContainer (OzoneContainer.java:stop(231)) - Attempting to stop container services.
2019-10-09 13:14:30,993 [main] INFO  ozoneimpl.OzoneContainer (OzoneContainer.java:stop(231)) - Attempting to stop container services.
2019-10-09 13:14:30,994 [ForkJoinPool.commonPool-worker-1] INFO  impl.RaftServerProxy (RaftServerProxy.java:lambda$close$4(314)) - 7706a157-1a1c-49fa-abc2-2cf2041a84a7: close
2019-10-09 13:14:30,995 [main] INFO  impl.RaftServerProxy (RaftServerProxy.java:lambda$close$4(314)) - 162534dc-93d9-4206-ab1e-9268955c7aca: close
2019-10-09 13:14:30,995 [ForkJoinPool.commonPool-worker-1] INFO  impl.RaftServerImpl (RaftServerImpl.java:lambda$shutdown$3(251)) - 7706a157-1a1c-49fa-abc2-2cf2041a84a7@group-14DF45B217B5: shutdown
2019-10-09 13:14:30,995 [main] INFO  impl.RaftServerImpl (RaftServerImpl.java:lambda$shutdown$3(251)) - 162534dc-93d9-4206-ab1e-9268955c7aca@group-F494DE254AFB: shutdown
2019-10-09 13:14:30,996 [ForkJoinPool.commonPool-worker-1] INFO  util.JmxRegister (JmxRegister.java:unregister(73)) - Successfully un-registered JMX Bean with object name Ratis:service=RaftServer,group=group-14DF45B217B5,id=7706a157-1a1c-49fa-abc2-2cf2041a84a7
2019-10-09 13:14:30,996 [main] INFO  util.JmxRegister (JmxRegister.java:unregister(73)) - Successfully un-registered JMX Bean with object name Ratis:service=RaftServer,group=group-F494DE254AFB,id=162534dc-93d9-4206-ab1e-9268955c7aca
2019-10-09 13:14:30,996 [ForkJoinPool.commonPool-worker-1] INFO  impl.RoleInfo (RoleInfo.java:shutdownFollowerState(121)) - 7706a157-1a1c-49fa-abc2-2cf2041a84a7: shutdown FollowerState
2019-10-09 13:14:30,997 [main] INFO  impl.RoleInfo (RoleInfo.java:shutdownLeaderState(104)) - 162534dc-93d9-4206-ab1e-9268955c7aca: shutdown LeaderState
2019-10-09 13:14:30,997 [Thread-7701] INFO  impl.FollowerState (FollowerState.java:run(115)) - 7706a157-1a1c-49fa-abc2-2cf2041a84a7: FollowerState was interrupted: java.lang.InterruptedException: sleep interrupted
2019-10-09 13:14:30,997 [ForkJoinPool.commonPool-worker-1] INFO  impl.StateMachineUpdater (StateMachineUpdater.java:stopAndJoin(125)) - 7706a157-1a1c-49fa-abc2-2cf2041a84a7@group-14DF45B217B5-StateMachineUpdater: set stopIndex = 2
2019-10-09 13:14:30,998 [main] INFO  impl.PendingRequests (PendingRequests.java:sendNotLeaderResponses(202)) - 162534dc-93d9-4206-ab1e-9268955c7aca-PendingRequests: sendNotLeaderResponses
2019-10-09 13:14:30,998 [org.apache.ratis.server.impl.LogAppender$AppenderDaemon$$Lambda$493/462031746@3cc0fb41] WARN  server.GrpcLogAppender (GrpcLogAppender.java:mayWait(143)) - 162534dc-93d9-4206-ab1e-9268955c7aca@group-F494DE254AFB->869fbf5b-cbbd-43c6-9f26-156c5192e660-GrpcLogAppender: Wait interrupted by java.lang.InterruptedException
2019-10-09 13:14:30,998 [org.apache.ratis.server.impl.LogAppender$AppenderDaemon$$Lambda$493/462031746@2e549d6c] WARN  server.GrpcLogAppender (GrpcLogAppender.java:mayWait(143)) - 162534dc-93d9-4206-ab1e-9268955c7aca@group-F494DE254AFB->96acbf61-3ece-4d83-9836-a217fb58817a-GrpcLogAppender: Wait interrupted by java.lang.InterruptedException
2019-10-09 13:14:30,999 [main] INFO  impl.StateMachineUpdater (StateMachineUpdater.java:stopAndJoin(125)) - 162534dc-93d9-4206-ab1e-9268955c7aca@group-F494DE254AFB-StateMachineUpdater: set stopIndex = 0
2019-10-09 13:14:31,000 [main] INFO  impl.RaftServerImpl (ServerState.java:close(385)) - 162534dc-93d9-4206-ab1e-9268955c7aca@group-F494DE254AFB: closes. applyIndex: 0
2019-10-09 13:14:30,998 [ForkJoinPool.commonPool-worker-1] INFO  impl.RaftServerImpl (ServerState.java:close(385)) - 7706a157-1a1c-49fa-abc2-2cf2041a84a7@group-14DF45B217B5: closes. applyIndex: 2
2019-10-09 13:14:31,000 [162534dc-93d9-4206-ab1e-9268955c7aca@group-F494DE254AFB-SegmentedRaftLogWorker] INFO  segmented.SegmentedRaftLogWorker (SegmentedRaftLogWorker.java:run(313)) - 162534dc-93d9-4206-ab1e-9268955c7aca@group-F494DE254AFB-SegmentedRaftLogWorker was interrupted, exiting. There are 0 tasks remaining in the queue.
2019-10-09 13:14:31,000 [grpc-default-executor-50] INFO  server.GrpcServerProtocolService (GrpcServerProtocolService.java:onCompleted(113)) - 869fbf5b-cbbd-43c6-9f26-156c5192e660: Completed APPEND_ENTRIES, lastRequest: 162534dc-93d9-4206-ab1e-9268955c7aca->869fbf5b-cbbd-43c6-9f26-156c5192e660#14-t2, previous=(t:2, i:0), leaderCommit=0, initializing? false, entries: <empty>
2019-10-09 13:14:31,005 [main] INFO  segmented.SegmentedRaftLogWorker (SegmentedRaftLogWorker.java:close(228)) - 162534dc-93d9-4206-ab1e-9268955c7aca@group-F494DE254AFB-SegmentedRaftLogWorker close()
2019-10-09 13:14:31,000 [7706a157-1a1c-49fa-abc2-2cf2041a84a7@group-14DF45B217B5-SegmentedRaftLogWorker] INFO  segmented.SegmentedRaftLogWorker (SegmentedRaftLogWorker.java:run(313)) - 7706a157-1a1c-49fa-abc2-2cf2041a84a7@group-14DF45B217B5-SegmentedRaftLogWorker was interrupted, exiting. There are 0 tasks remaining in the queue.
2019-10-09 13:14:31,009 [main] INFO  impl.RaftServerImpl (RaftServerImpl.java:lambda$shutdown$3(251)) - 162534dc-93d9-4206-ab1e-9268955c7aca@group-F2E3F8B61FEF: shutdown
2019-10-09 13:14:31,021 [ForkJoinPool.commonPool-worker-1] INFO  segmented.SegmentedRaftLogWorker (SegmentedRaftLogWorker.java:close(228)) - 7706a157-1a1c-49fa-abc2-2cf2041a84a7@group-14DF45B217B5-SegmentedRaftLogWorker close()
2019-10-09 13:14:31,022 [grpc-default-executor-50] INFO  server.GrpcLogAppender (GrpcLogAppender.java:onCompleted(293)) - 162534dc-93d9-4206-ab1e-9268955c7aca@group-F494DE254AFB->869fbf5b-cbbd-43c6-9f26-156c5192e660-AppendLogResponseHandler: follower responses appendEntries COMPLETED
2019-10-09 13:14:31,021 [main] INFO  util.JmxRegister (JmxRegister.java:unregister(73)) - Successfully un-registered JMX Bean with object name Ratis:service=RaftServer,group=group-F2E3F8B61FEF,id=162534dc-93d9-4206-ab1e-9268955c7aca
2019-10-09 13:14:31,024 [grpc-default-executor-50] INFO  impl.FollowerInfo (FollowerInfo.java:lambda$new$0(51)) - 162534dc-93d9-4206-ab1e-9268955c7aca@group-F494DE254AFB->869fbf5b-cbbd-43c6-9f26-156c5192e660: nextIndex: updateUnconditionally 1 -> 0
2019-10-09 13:14:31,024 [ForkJoinPool.commonPool-worker-1] INFO  impl.RaftServerImpl (RaftServerImpl.java:lambda$shutdown$3(251)) - 7706a157-1a1c-49fa-abc2-2cf2041a84a7@group-F2E3F8B61FEF: shutdown
2019-10-09 13:14:31,025 [grpc-default-executor-37] WARN  server.GrpcLogAppender (LogUtils.java:warn(134)) - 162534dc-93d9-4206-ab1e-9268955c7aca@group-227D833B6095->869fbf5b-cbbd-43c6-9f26-156c5192e660-AppendLogResponseHandler: Failed appendEntries: org.apache.ratis.thirdparty.io.grpc.StatusRuntimeException: UNAVAILABLE: Channel shutdownNow invoked
2019-10-09 13:14:31,025 [grpc-default-executor-30] WARN  server.GrpcLogAppender (LogUtils.java:warn(134)) - 162534dc-93d9-4206-ab1e-9268955c7aca@group-014983823A3D->869fbf5b-cbbd-43c6-9f26-156c5192e660-AppendLogResponseHandler: Failed appendEntries: org.apache.ratis.thirdparty.io.grpc.StatusRuntimeException: UNAVAILABLE: Channel shutdownNow invoked
2019-10-09 13:14:31,025 [grpc-default-executor-50] WARN  server.GrpcLogAppender (LogUtils.java:warn(134)) - 162534dc-93d9-4206-ab1e-9268955c7aca@group-4A4B977E74D1->869fbf5b-cbbd-43c6-9f26-156c5192e660-AppendLogResponseHandler: Failed appendEntries: org.apache.ratis.thirdparty.io.grpc.StatusRuntimeException: UNAVAILABLE: Channel shutdownNow invoked
2019-10-09 13:14:31,024 [main] INFO  impl.RoleInfo (RoleInfo.java:shutdownFollowerState(121)) - 162534dc-93d9-4206-ab1e-9268955c7aca: shutdown FollowerState
2019-10-09 13:14:31,026 [grpc-default-executor-50] INFO  impl.FollowerInfo (FollowerInfo.java:lambda$new$0(51)) - 162534dc-93d9-4206-ab1e-9268955c7aca@group-4A4B977E74D1->869fbf5b-cbbd-43c6-9f26-156c5192e660: nextIndex: updateUnconditionally 19 -> 18
2019-10-09 13:14:31,026 [grpc-default-executor-45] WARN  server.GrpcServerProtocolService (LogUtils.java:warn(134)) - 869fbf5b-cbbd-43c6-9f26-156c5192e660: installSnapshot onError, lastRequest: 162534dc-93d9-4206-ab1e-9268955c7aca->869fbf5b-cbbd-43c6-9f26-156c5192e660#11-t2, previous=(t:2, i:2), leaderCommit=2, initializing? false, entries: <empty>: org.apache.ratis.thirdparty.io.grpc.StatusRuntimeException: CANCELLED: cancelled before receiving half close
2019-10-09 13:14:31,026 [grpc-default-executor-35] WARN  server.GrpcServerProtocolService (LogUtils.java:warn(134)) - 869fbf5b-cbbd-43c6-9f26-156c5192e660: installSnapshot onError, lastRequest: 162534dc-93d9-4206-ab1e-9268955c7aca->869fbf5b-cbbd-43c6-9f26-156c5192e660#11-t2, previous=(t:2, i:18), leaderCommit=18, initializing? false, entries: <empty>: org.apache.ratis.thirdparty.io.grpc.StatusRuntimeException: CANCELLED: cancelled before receiving half close
2019-10-09 13:14:31,026 [grpc-default-executor-15] WARN  server.GrpcServerProtocolService (LogUtils.java:warn(134)) - 869fbf5b-cbbd-43c6-9f26-156c5192e660: installSnapshot onError, lastRequest: 162534dc-93d9-4206-ab1e-9268955c7aca->869fbf5b-cbbd-43c6-9f26-156c5192e660#13-t2, previous=(t:2, i:2), leaderCommit=2, initializing? false, entries: <empty>: org.apache.ratis.thirdparty.io.grpc.StatusRuntimeException: CANCELLED: cancelled before receiving half close
2019-10-09 13:14:31,025 [grpc-default-executor-30] INFO  impl.FollowerInfo (FollowerInfo.java:lambda$new$0(51)) - 162534dc-93d9-4206-ab1e-9268955c7aca@group-014983823A3D->869fbf5b-cbbd-43c6-9f26-156c5192e660: nextIndex: updateUnconditionally 3 -> 2
2019-10-09 13:14:31,025 [grpc-default-executor-37] INFO  impl.FollowerInfo (FollowerInfo.java:lambda$new$0(51)) - 162534dc-93d9-4206-ab1e-9268955c7aca@group-227D833B6095->869fbf5b-cbbd-43c6-9f26-156c5192e660: nextIndex: updateUnconditionally 3 -> 2
2019-10-09 13:14:31,025 [ForkJoinPool.commonPool-worker-1] INFO  util.JmxRegister (JmxRegister.java:unregister(73)) - Successfully un-registered JMX Bean with object name Ratis:service=RaftServer,group=group-F2E3F8B61FEF,id=7706a157-1a1c-49fa-abc2-2cf2041a84a7
2019-10-09 13:14:31,026 [162534dc-93d9-4206-ab1e-9268955c7aca@group-F2E3F8B61FEF-StateMachineUpdater] INFO  ratis.ContainerStateMachine (ContainerStateMachine.java:takeSnapshot(289)) - group-F2E3F8B61FEF: Taking a snapshot at:(t:4, i:16) file /workdir/hadoop-ozone/integration-test/target/test-dir/MiniOzoneClusterImpl-77992fd3-8e8a-426b-8566-445f44124f00/datanode-4/data/ratis/7378dbdb-dd69-4b0f-82c8-f2e3f8b61fef/sm/snapshot.4_16
2019-10-09 13:14:31,026 [Thread-7927] INFO  impl.FollowerState (FollowerState.java:run(115)) - 162534dc-93d9-4206-ab1e-9268955c7aca: FollowerState was interrupted: java.lang.InterruptedException: sleep interrupted
2019-10-09 13:14:31,026 [main] INFO  impl.StateMachineUpdater (StateMachineUpdater.java:stopAndJoin(125)) - 162534dc-93d9-4206-ab1e-9268955c7aca@group-F2E3F8B61FEF-StateMachineUpdater: set stopIndex = 18
2019-10-09 13:14:31,028 [ForkJoinPool.commonPool-worker-1] INFO  impl.RoleInfo (RoleInfo.java:shutdownFollowerState(121)) - 7706a157-1a1c-49fa-abc2-2cf2041a84a7: shutdown FollowerState
2019-10-09 13:14:31,029 [ForkJoinPool.commonPool-worker-1] INFO  impl.StateMachineUpdater (StateMachineUpdater.java:stopAndJoin(125)) - 7706a157-1a1c-49fa-abc2-2cf2041a84a7@group-F2E3F8B61FEF-StateMachineUpdater: set stopIndex = 18
2019-10-09 13:14:31,029 [Thread-7926] INFO  impl.FollowerState (FollowerState.java:run(115)) - 7706a157-1a1c-49fa-abc2-2cf2041a84a7: FollowerState was interrupted: java.lang.InterruptedException: sleep interrupted
2019-10-09 13:14:31,029 [7706a157-1a1c-49fa-abc2-2cf2041a84a7@group-F2E3F8B61FEF-StateMachineUpdater] INFO  ratis.ContainerStateMachine (ContainerStateMachine.java:takeSnapshot(289)) - group-F2E3F8B61FEF: Taking a snapshot at:(t:4, i:16) file /workdir/hadoop-ozone/integration-test/target/test-dir/MiniOzoneClusterImpl-77992fd3-8e8a-426b-8566-445f44124f00/datanode-2/data/ratis/7378dbdb-dd69-4b0f-82c8-f2e3f8b61fef/sm/snapshot.4_16
2019-10-09 13:14:31,042 [7706a157-1a1c-49fa-abc2-2cf2041a84a7@group-F2E3F8B61FEF-StateMachineUpdater] INFO  ratis.ContainerStateMachine (ContainerStateMachine.java:takeSnapshot(300)) - group-F2E3F8B61FEF: Finished taking a snapshot at:(t:4, i:16) file:/workdir/hadoop-ozone/integration-test/target/test-dir/MiniOzoneClusterImpl-77992fd3-8e8a-426b-8566-445f44124f00/datanode-2/data/ratis/7378dbdb-dd69-4b0f-82c8-f2e3f8b61fef/sm/snapshot.4_16 time:12
2019-10-09 13:14:31,042 [162534dc-93d9-4206-ab1e-9268955c7aca@group-F2E3F8B61FEF-StateMachineUpdater] INFO  ratis.ContainerStateMachine (ContainerStateMachine.java:takeSnapshot(300)) - group-F2E3F8B61FEF: Finished taking a snapshot at:(t:4, i:16) file:/workdir/hadoop-ozone/integration-test/target/test-dir/MiniOzoneClusterImpl-77992fd3-8e8a-426b-8566-445f44124f00/datanode-4/data/ratis/7378dbdb-dd69-4b0f-82c8-f2e3f8b61fef/sm/snapshot.4_16 time:15
2019-10-09 13:14:31,042 [7706a157-1a1c-49fa-abc2-2cf2041a84a7@group-F2E3F8B61FEF-StateMachineUpdater] INFO  impl.StateMachineUpdater (StateMachineUpdater.java:takeSnapshot(258)) - 7706a157-1a1c-49fa-abc2-2cf2041a84a7@group-F2E3F8B61FEF-StateMachineUpdater: Took a snapshot at index 16
2019-10-09 13:14:31,042 [162534dc-93d9-4206-ab1e-9268955c7aca@group-F2E3F8B61FEF-StateMachineUpdater] INFO  impl.StateMachineUpdater (StateMachineUpdater.java:takeSnapshot(258)) - 162534dc-93d9-4206-ab1e-9268955c7aca@group-F2E3F8B61FEF-StateMachineUpdater: Took a snapshot at index 16
2019-10-09 13:14:31,042 [7706a157-1a1c-49fa-abc2-2cf2041a84a7@group-F2E3F8B61FEF-StateMachineUpdater] INFO  impl.StateMachineUpdater (StateMachineUpdater.java:lambda$new$0(83)) - 7706a157-1a1c-49fa-abc2-2cf2041a84a7@group-F2E3F8B61FEF-StateMachineUpdater: snapshotIndex: updateIncreasingly -1 -> 16
2019-10-09 13:14:31,042 [162534dc-93d9-4206-ab1e-9268955c7aca@group-F2E3F8B61FEF-StateMachineUpdater] INFO  impl.StateMachineUpdater (StateMachineUpdater.java:lambda$new$0(83)) - 162534dc-93d9-4206-ab1e-9268955c7aca@group-F2E3F8B61FEF-StateMachineUpdater: snapshotIndex: updateIncreasingly -1 -> 16
2019-10-09 13:14:31,043 [7706a157-1a1c-49fa-abc2-2cf2041a84a7@group-F2E3F8B61FEF-StateMachineUpdater] INFO  ratis.ContainerStateMachine (ContainerStateMachine.java:takeSnapshot(289)) - group-F2E3F8B61FEF: Taking a snapshot at:(t:4, i:16) file /workdir/hadoop-ozone/integration-test/target/test-dir/MiniOzoneClusterImpl-77992fd3-8e8a-426b-8566-445f44124f00/datanode-2/data/ratis/7378dbdb-dd69-4b0f-82c8-f2e3f8b61fef/sm/snapshot.4_16
2019-10-09 13:14:31,043 [162534dc-93d9-4206-ab1e-9268955c7aca@group-F2E3F8B61FEF-StateMachineUpdater] INFO  ratis.ContainerStateMachine (ContainerStateMachine.java:takeSnapshot(289)) - group-F2E3F8B61FEF: Taking a snapshot at:(t:4, i:16) file /workdir/hadoop-ozone/integration-test/target/test-dir/MiniOzoneClusterImpl-77992fd3-8e8a-426b-8566-445f44124f00/datanode-4/data/ratis/7378dbdb-dd69-4b0f-82c8-f2e3f8b61fef/sm/snapshot.4_16
2019-10-09 13:14:31,047 [162534dc-93d9-4206-ab1e-9268955c7aca@group-F2E3F8B61FEF-StateMachineUpdater] INFO  ratis.ContainerStateMachine (ContainerStateMachine.java:takeSnapshot(300)) - group-F2E3F8B61FEF: Finished taking a snapshot at:(t:4, i:16) file:/workdir/hadoop-ozone/integration-test/target/test-dir/MiniOzoneClusterImpl-77992fd3-8e8a-426b-8566-445f44124f00/datanode-4/data/ratis/7378dbdb-dd69-4b0f-82c8-f2e3f8b61fef/sm/snapshot.4_16 time:3
2019-10-09 13:14:31,047 [7706a157-1a1c-49fa-abc2-2cf2041a84a7@group-F2E3F8B61FEF-StateMachineUpdater] INFO  ratis.ContainerStateMachine (ContainerStateMachine.java:takeSnapshot(300)) - group-F2E3F8B61FEF: Finished taking a snapshot at:(t:4, i:16) file:/workdir/hadoop-ozone/integration-test/target/test-dir/MiniOzoneClusterImpl-77992fd3-8e8a-426b-8566-445f44124f00/datanode-2/data/ratis/7378dbdb-dd69-4b0f-82c8-f2e3f8b61fef/sm/snapshot.4_16 time:3
2019-10-09 13:14:31,047 [162534dc-93d9-4206-ab1e-9268955c7aca@group-F2E3F8B61FEF-StateMachineUpdater] INFO  impl.StateMachineUpdater (StateMachineUpdater.java:takeSnapshot(258)) - 162534dc-93d9-4206-ab1e-9268955c7aca@group-F2E3F8B61FEF-StateMachineUpdater: Took a snapshot at index 16
2019-10-09 13:14:31,047 [162534dc-93d9-4206-ab1e-9268955c7aca@group-F2E3F8B61FEF-StateMachineUpdater] INFO  impl.StateMachineUpdater (StateMachineUpdater.java:lambda$new$0(83)) - 162534dc-93d9-4206-ab1e-9268955c7aca@group-F2E3F8B61FEF-StateMachineUpdater: snapshotIndex: updateIncreasingly 16 -> 16
2019-10-09 13:14:31,047 [7706a157-1a1c-49fa-abc2-2cf2041a84a7@group-F2E3F8B61FEF-StateMachineUpdater] INFO  impl.StateMachineUpdater (StateMachineUpdater.java:takeSnapshot(258)) - 7706a157-1a1c-49fa-abc2-2cf2041a84a7@group-F2E3F8B61FEF-StateMachineUpdater: Took a snapshot at index 16
2019-10-09 13:14:31,047 [7706a157-1a1c-49fa-abc2-2cf2041a84a7@group-F2E3F8B61FEF-StateMachineUpdater] INFO  impl.StateMachineUpdater (StateMachineUpdater.java:lambda$new$0(83)) - 7706a157-1a1c-49fa-abc2-2cf2041a84a7@group-F2E3F8B61FEF-StateMachineUpdater: snapshotIndex: updateIncreasingly 16 -> 16
2019-10-09 13:14:31,047 [main] INFO  impl.RaftServerImpl (ServerState.java:close(385)) - 162534dc-93d9-4206-ab1e-9268955c7aca@group-F2E3F8B61FEF: closes. applyIndex: 18
2019-10-09 13:14:31,048 [ForkJoinPool.commonPool-worker-1] INFO  impl.RaftServerImpl (ServerState.java:close(385)) - 7706a157-1a1c-49fa-abc2-2cf2041a84a7@group-F2E3F8B61FEF: closes. applyIndex: 18
2019-10-09 13:14:31,048 [162534dc-93d9-4206-ab1e-9268955c7aca@group-F2E3F8B61FEF-SegmentedRaftLogWorker] INFO  segmented.SegmentedRaftLogWorker (SegmentedRaftLogWorker.java:run(313)) - 162534dc-93d9-4206-ab1e-9268955c7aca@group-F2E3F8B61FEF-SegmentedRaftLogWorker was interrupted, exiting. There are 0 tasks remaining in the queue.
2019-10-09 13:14:31,048 [7706a157-1a1c-49fa-abc2-2cf2041a84a7@group-F2E3F8B61FEF-SegmentedRaftLogWorker] INFO  segmented.SegmentedRaftLogWorker (SegmentedRaftLogWorker.java:run(313)) - 7706a157-1a1c-49fa-abc2-2cf2041a84a7@group-F2E3F8B61FEF-SegmentedRaftLogWorker was interrupted, exiting. There are 0 tasks remaining in the queue.
2019-10-09 13:14:31,048 [main] INFO  segmented.SegmentedRaftLogWorker (SegmentedRaftLogWorker.java:close(228)) - 162534dc-93d9-4206-ab1e-9268955c7aca@group-F2E3F8B61FEF-SegmentedRaftLogWorker close()
2019-10-09 13:14:31,048 [ForkJoinPool.commonPool-worker-1] INFO  segmented.SegmentedRaftLogWorker (SegmentedRaftLogWorker.java:close(228)) - 7706a157-1a1c-49fa-abc2-2cf2041a84a7@group-F2E3F8B61FEF-SegmentedRaftLogWorker close()
2019-10-09 13:14:31,051 [main] INFO  impl.RaftServerImpl (RaftServerImpl.java:lambda$shutdown$3(251)) - 162534dc-93d9-4206-ab1e-9268955c7aca@group-7276B70EB406: shutdown
2019-10-09 13:14:31,055 [ForkJoinPool.commonPool-worker-1] INFO  impl.RaftServerImpl (RaftServerImpl.java:lambda$shutdown$3(251)) - 7706a157-1a1c-49fa-abc2-2cf2041a84a7@group-F7E70AB6487C: shutdown
2019-10-09 13:14:31,055 [main] INFO  util.JmxRegister (JmxRegister.java:unregister(73)) - Successfully un-registered JMX Bean with object name Ratis:service=RaftServer,group=group-7276B70EB406,id=162534dc-93d9-4206-ab1e-9268955c7aca
2019-10-09 13:14:31,055 [main] INFO  impl.RoleInfo (RoleInfo.java:shutdownFollowerState(121)) - 162534dc-93d9-4206-ab1e-9268955c7aca: shutdown FollowerState
2019-10-09 13:14:31,055 [ForkJoinPool.commonPool-worker-1] INFO  util.JmxRegister (JmxRegister.java:unregister(73)) - Successfully un-registered JMX Bean with object name Ratis:service=RaftServer,group=group-F7E70AB6487C,id=7706a157-1a1c-49fa-abc2-2cf2041a84a7
2019-10-09 13:14:31,056 [Thread-7583] INFO  impl.FollowerState (FollowerState.java:run(115)) - 162534dc-93d9-4206-ab1e-9268955c7aca: FollowerState was interrupted: java.lang.InterruptedException: sleep interrupted
2019-10-09 13:14:31,056 [main] INFO  impl.StateMachineUpdater (StateMachineUpdater.java:stopAndJoin(125)) - 162534dc-93d9-4206-ab1e-9268955c7aca@group-7276B70EB406-StateMachineUpdater: set stopIndex = 0
2019-10-09 13:14:31,056 [ForkJoinPool.commonPool-worker-1] INFO  impl.RoleInfo (RoleInfo.java:shutdownLeaderState(104)) - 7706a157-1a1c-49fa-abc2-2cf2041a84a7: shutdown LeaderState
2019-10-09 13:14:31,056 [main] INFO  impl.RaftServerImpl (ServerState.java:close(385)) - 162534dc-93d9-4206-ab1e-9268955c7aca@group-7276B70EB406: closes. applyIndex: 0
2019-10-09 13:14:31,057 [ForkJoinPool.commonPool-worker-1] INFO  impl.PendingRequests (PendingRequests.java:sendNotLeaderResponses(202)) - 7706a157-1a1c-49fa-abc2-2cf2041a84a7-PendingRequests: sendNotLeaderResponses
2019-10-09 13:14:31,057 [162534dc-93d9-4206-ab1e-9268955c7aca@group-7276B70EB406-SegmentedRaftLogWorker] INFO  segmented.SegmentedRaftLogWorker (SegmentedRaftLogWorker.java:run(313)) - 162534dc-93d9-4206-ab1e-9268955c7aca@group-7276B70EB406-SegmentedRaftLogWorker was interrupted, exiting. There are 0 tasks remaining in the queue.
2019-10-09 13:14:31,057 [ForkJoinPool.commonPool-worker-1] INFO  impl.StateMachineUpdater (StateMachineUpdater.java:stopAndJoin(125)) - 7706a157-1a1c-49fa-abc2-2cf2041a84a7@group-F7E70AB6487C-StateMachineUpdater: set stopIndex = 0
2019-10-09 13:14:31,057 [main] INFO  segmented.SegmentedRaftLogWorker (SegmentedRaftLogWorker.java:close(228)) - 162534dc-93d9-4206-ab1e-9268955c7aca@group-7276B70EB406-SegmentedRaftLogWorker close()
2019-10-09 13:14:31,058 [ForkJoinPool.commonPool-worker-1] INFO  impl.RaftServerImpl (ServerState.java:close(385)) - 7706a157-1a1c-49fa-abc2-2cf2041a84a7@group-F7E70AB6487C: closes. applyIndex: 0
2019-10-09 13:14:31,061 [main] INFO  impl.RaftServerImpl (RaftServerImpl.java:lambda$shutdown$3(251)) - 162534dc-93d9-4206-ab1e-9268955c7aca@group-014983823A3D: shutdown
2019-10-09 13:14:31,062 [7706a157-1a1c-49fa-abc2-2cf2041a84a7@group-F7E70AB6487C-SegmentedRaftLogWorker] INFO  segmented.SegmentedRaftLogWorker (SegmentedRaftLogWorker.java:run(313)) - 7706a157-1a1c-49fa-abc2-2cf2041a84a7@group-F7E70AB6487C-SegmentedRaftLogWorker was interrupted, exiting. There are 0 tasks remaining in the queue.
2019-10-09 13:14:31,062 [main] INFO  util.JmxRegister (JmxRegister.java:unregister(73)) - Successfully un-registered JMX Bean with object name Ratis:service=RaftServer,group=group-014983823A3D,id=162534dc-93d9-4206-ab1e-9268955c7aca
2019-10-09 13:14:31,062 [ForkJoinPool.commonPool-worker-1] INFO  segmented.SegmentedRaftLogWorker (SegmentedRaftLogWorker.java:close(228)) - 7706a157-1a1c-49fa-abc2-2cf2041a84a7@group-F7E70AB6487C-SegmentedRaftLogWorker close()
2019-10-09 13:14:31,062 [main] INFO  impl.RoleInfo (RoleInfo.java:shutdownLeaderState(104)) - 162534dc-93d9-4206-ab1e-9268955c7aca: shutdown LeaderState
2019-10-09 13:14:31,066 [ForkJoinPool.commonPool-worker-1] INFO  impl.RaftServerImpl (RaftServerImpl.java:lambda$shutdown$3(251)) - 7706a157-1a1c-49fa-abc2-2cf2041a84a7@group-52AD3AA08ADE: shutdown
2019-10-09 13:14:31,066 [org.apache.ratis.server.impl.LogAppender$AppenderDaemon$$Lambda$493/462031746@5f6225c9] WARN  server.GrpcLogAppender (GrpcLogAppender.java:mayWait(143)) - 162534dc-93d9-4206-ab1e-9268955c7aca@group-014983823A3D->869fbf5b-cbbd-43c6-9f26-156c5192e660-GrpcLogAppender: Wait interrupted by java.lang.InterruptedException
2019-10-09 13:14:31,066 [org.apache.ratis.server.impl.LogAppender$AppenderDaemon$$Lambda$493/462031746@1569beba] WARN  server.GrpcLogAppender (GrpcLogAppender.java:mayWait(143)) - 162534dc-93d9-4206-ab1e-9268955c7aca@group-014983823A3D->96acbf61-3ece-4d83-9836-a217fb58817a-GrpcLogAppender: Wait interrupted by java.lang.InterruptedException
2019-10-09 13:14:31,066 [main] INFO  impl.PendingRequests (PendingRequests.java:sendNotLeaderResponses(202)) - 162534dc-93d9-4206-ab1e-9268955c7aca-PendingRequests: sendNotLeaderResponses
2019-10-09 13:14:31,066 [ForkJoinPool.commonPool-worker-1] INFO  util.JmxRegister (JmxRegister.java:unregister(73)) - Successfully un-registered JMX Bean with object name Ratis:service=RaftServer,group=group-52AD3AA08ADE,id=7706a157-1a1c-49fa-abc2-2cf2041a84a7
2019-10-09 13:14:31,073 [ForkJoinPool.commonPool-worker-1] INFO  impl.RoleInfo (RoleInfo.java:shutdownLeaderState(104)) - 7706a157-1a1c-49fa-abc2-2cf2041a84a7: shutdown LeaderState
2019-10-09 13:14:31,072 [main] INFO  impl.StateMachineUpdater (StateMachineUpdater.java:stopAndJoin(125)) - 162534dc-93d9-4206-ab1e-9268955c7aca@group-014983823A3D-StateMachineUpdater: set stopIndex = 2
2019-10-09 13:14:31,073 [main] INFO  impl.RaftServerImpl (ServerState.java:close(385)) - 162534dc-93d9-4206-ab1e-9268955c7aca@group-014983823A3D: closes. applyIndex: 2
2019-10-09 13:14:31,073 [org.apache.ratis.server.impl.LogAppender$AppenderDaemon$$Lambda$493/462031746@26dad65] WARN  server.GrpcLogAppender (GrpcLogAppender.java:mayWait(143)) - 7706a157-1a1c-49fa-abc2-2cf2041a84a7@group-52AD3AA08ADE->869fbf5b-cbbd-43c6-9f26-156c5192e660-GrpcLogAppender: Wait interrupted by java.lang.InterruptedException
2019-10-09 13:14:31,073 [org.apache.ratis.server.impl.LogAppender$AppenderDaemon$$Lambda$493/462031746@2f88ea57] WARN  server.GrpcLogAppender (GrpcLogAppender.java:mayWait(143)) - 7706a157-1a1c-49fa-abc2-2cf2041a84a7@group-52AD3AA08ADE->96acbf61-3ece-4d83-9836-a217fb58817a-GrpcLogAppender: Wait interrupted by java.lang.InterruptedException
2019-10-09 13:14:31,073 [ForkJoinPool.commonPool-worker-1] INFO  impl.PendingRequests (PendingRequests.java:sendNotLeaderResponses(202)) - 7706a157-1a1c-49fa-abc2-2cf2041a84a7-PendingRequests: sendNotLeaderResponses
2019-10-09 13:14:31,074 [162534dc-93d9-4206-ab1e-9268955c7aca@group-014983823A3D-SegmentedRaftLogWorker] INFO  segmented.SegmentedRaftLogWorker (SegmentedRaftLogWorker.java:run(313)) - 162534dc-93d9-4206-ab1e-9268955c7aca@group-014983823A3D-SegmentedRaftLogWorker was interrupted, exiting. There are 0 tasks remaining in the queue.
2019-10-09 13:14:31,076 [ForkJoinPool.commonPool-worker-1] INFO  impl.StateMachineUpdater (StateMachineUpdater.java:stopAndJoin(125)) - 7706a157-1a1c-49fa-abc2-2cf2041a84a7@group-52AD3AA08ADE-StateMachineUpdater: set stopIndex = 2
2019-10-09 13:14:31,076 [grpc-default-executor-35] INFO  server.GrpcServerProtocolService (GrpcServerProtocolService.java:onCompleted(113)) - 869fbf5b-cbbd-43c6-9f26-156c5192e660: Completed APPEND_ENTRIES, lastRequest: 7706a157-1a1c-49fa-abc2-2cf2041a84a7->869fbf5b-cbbd-43c6-9f26-156c5192e660#10-t2, previous=(t:2, i:2), leaderCommit=2, initializing? false, entries: <empty>
2019-10-09 13:14:31,076 [main] INFO  segmented.SegmentedRaftLogWorker (SegmentedRaftLogWorker.java:close(228)) - 162534dc-93d9-4206-ab1e-9268955c7aca@group-014983823A3D-SegmentedRaftLogWorker close()
2019-10-09 13:14:31,077 [grpc-default-executor-35] INFO  server.GrpcLogAppender (GrpcLogAppender.java:onCompleted(293)) - 7706a157-1a1c-49fa-abc2-2cf2041a84a7@group-52AD3AA08ADE->869fbf5b-cbbd-43c6-9f26-156c5192e660-AppendLogResponseHandler: follower responses appendEntries COMPLETED
2019-10-09 13:14:31,077 [ForkJoinPool.commonPool-worker-1] INFO  impl.RaftServerImpl (ServerState.java:close(385)) - 7706a157-1a1c-49fa-abc2-2cf2041a84a7@group-52AD3AA08ADE: closes. applyIndex: 2
2019-10-09 13:14:31,079 [grpc-default-executor-35] INFO  impl.FollowerInfo (FollowerInfo.java:lambda$new$0(51)) - 7706a157-1a1c-49fa-abc2-2cf2041a84a7@group-52AD3AA08ADE->869fbf5b-cbbd-43c6-9f26-156c5192e660: nextIndex: updateUnconditionally 3 -> 2
2019-10-09 13:14:31,079 [main] INFO  impl.RaftServerImpl (RaftServerImpl.java:lambda$shutdown$3(251)) - 162534dc-93d9-4206-ab1e-9268955c7aca@group-986902F1898E: shutdown
2019-10-09 13:14:31,079 [7706a157-1a1c-49fa-abc2-2cf2041a84a7@group-52AD3AA08ADE-SegmentedRaftLogWorker] INFO  segmented.SegmentedRaftLogWorker (SegmentedRaftLogWorker.java:run(313)) - 7706a157-1a1c-49fa-abc2-2cf2041a84a7@group-52AD3AA08ADE-SegmentedRaftLogWorker was interrupted, exiting. There are 0 tasks remaining in the queue.
2019-10-09 13:14:31,080 [main] INFO  util.JmxRegister (JmxRegister.java:unregister(73)) - Successfully un-registered JMX Bean with object name Ratis:service=RaftServer,group=group-986902F1898E,id=162534dc-93d9-4206-ab1e-9268955c7aca
2019-10-09 13:14:31,080 [main] INFO  impl.RoleInfo (RoleInfo.java:shutdownFollowerState(121)) - 162534dc-93d9-4206-ab1e-9268955c7aca: shutdown FollowerState
2019-10-09 13:14:31,080 [main] INFO  impl.StateMachineUpdater (StateMachineUpdater.java:stopAndJoin(125)) - 162534dc-93d9-4206-ab1e-9268955c7aca@group-986902F1898E-StateMachineUpdater: set stopIndex = 2
2019-10-09 13:14:31,081 [main] INFO  impl.RaftServerImpl (ServerState.java:close(385)) - 162534dc-93d9-4206-ab1e-9268955c7aca@group-986902F1898E: closes. applyIndex: 2
2019-10-09 13:14:31,080 [ForkJoinPool.commonPool-worker-1] INFO  segmented.SegmentedRaftLogWorker (SegmentedRaftLogWorker.java:close(228)) - 7706a157-1a1c-49fa-abc2-2cf2041a84a7@group-52AD3AA08ADE-SegmentedRaftLogWorker close()
2019-10-09 13:14:31,081 [162534dc-93d9-4206-ab1e-9268955c7aca@group-986902F1898E-SegmentedRaftLogWorker] INFO  segmented.SegmentedRaftLogWorker (SegmentedRaftLogWorker.java:run(313)) - 162534dc-93d9-4206-ab1e-9268955c7aca@group-986902F1898E-SegmentedRaftLogWorker was interrupted, exiting. There are 0 tasks remaining in the queue.
2019-10-09 13:14:31,080 [Thread-7778] INFO  impl.FollowerState (FollowerState.java:run(115)) - 162534dc-93d9-4206-ab1e-9268955c7aca: FollowerState was interrupted: java.lang.InterruptedException: sleep interrupted
2019-10-09 13:14:31,084 [ForkJoinPool.commonPool-worker-1] INFO  server.GrpcService (GrpcService.java:closeImpl(164)) - 7706a157-1a1c-49fa-abc2-2cf2041a84a7: shutdown server with port 40917 now
2019-10-09 13:14:31,084 [main] INFO  segmented.SegmentedRaftLogWorker (SegmentedRaftLogWorker.java:close(228)) - 162534dc-93d9-4206-ab1e-9268955c7aca@group-986902F1898E-SegmentedRaftLogWorker close()
2019-10-09 13:14:31,087 [main] INFO  impl.RaftServerImpl (RaftServerImpl.java:lambda$shutdown$3(251)) - 162534dc-93d9-4206-ab1e-9268955c7aca@group-DC31737E2860: shutdown
2019-10-09 13:14:31,087 [main] INFO  util.JmxRegister (JmxRegister.java:unregister(73)) - Successfully un-registered JMX Bean with object name Ratis:service=RaftServer,group=group-DC31737E2860,id=162534dc-93d9-4206-ab1e-9268955c7aca
2019-10-09 13:14:31,088 [ForkJoinPool.commonPool-worker-1] INFO  server.GrpcService (GrpcService.java:closeImpl(172)) - 7706a157-1a1c-49fa-abc2-2cf2041a84a7: shutdown server with port 40917 successfully
2019-10-09 13:14:31,088 [grpc-default-executor-37] WARN  server.GrpcLogAppender (LogUtils.java:warn(134)) - 2c69c56f-4b33-4231-936a-bbd24e83d692@group-14DF45B217B5->7706a157-1a1c-49fa-abc2-2cf2041a84a7-AppendLogResponseHandler: Failed appendEntries: org.apache.ratis.thirdparty.io.grpc.StatusRuntimeException: CANCELLED: HTTP/2 error code: CANCEL
Received Rst Stream
2019-10-09 13:14:31,088 [main] INFO  impl.RoleInfo (RoleInfo.java:shutdownFollowerState(121)) - 162534dc-93d9-4206-ab1e-9268955c7aca: shutdown FollowerState
2019-10-09 13:14:31,088 [grpc-default-executor-35] WARN  server.GrpcLogAppender (LogUtils.java:warn(134)) - 869fbf5b-cbbd-43c6-9f26-156c5192e660@group-F2E3F8B61FEF->7706a157-1a1c-49fa-abc2-2cf2041a84a7-AppendLogResponseHandler: Failed appendEntries: org.apache.ratis.thirdparty.io.grpc.StatusRuntimeException: CANCELLED: HTTP/2 error code: CANCEL
Received Rst Stream
2019-10-09 13:14:31,088 [grpc-default-executor-15] WARN  server.GrpcServerProtocolService (LogUtils.java:warn(134)) - 7706a157-1a1c-49fa-abc2-2cf2041a84a7: installSnapshot onError, lastRequest: 869fbf5b-cbbd-43c6-9f26-156c5192e660->7706a157-1a1c-49fa-abc2-2cf2041a84a7#21-t4, previous=(t:4, i:18), leaderCommit=18, initializing? false, entries: <empty>: org.apache.ratis.thirdparty.io.grpc.StatusRuntimeException: CANCELLED: cancelled before receiving half close
2019-10-09 13:14:31,088 [grpc-default-executor-45] WARN  server.GrpcServerProtocolService (LogUtils.java:warn(134)) - 7706a157-1a1c-49fa-abc2-2cf2041a84a7: installSnapshot onError, lastRequest: 2c69c56f-4b33-4231-936a-bbd24e83d692->7706a157-1a1c-49fa-abc2-2cf2041a84a7#10-t2, previous=(t:2, i:2), leaderCommit=2, initializing? false, entries: <empty>: org.apache.ratis.thirdparty.io.grpc.StatusRuntimeException: CANCELLED: cancelled before receiving half close
2019-10-09 13:14:31,089 [Thread-7652] INFO  impl.FollowerState (FollowerState.java:run(115)) - 162534dc-93d9-4206-ab1e-9268955c7aca: FollowerState was interrupted: java.lang.InterruptedException: sleep interrupted
2019-10-09 13:14:31,089 [grpc-default-executor-35] INFO  impl.FollowerInfo (FollowerInfo.java:lambda$new$0(51)) - 869fbf5b-cbbd-43c6-9f26-156c5192e660@group-F2E3F8B61FEF->7706a157-1a1c-49fa-abc2-2cf2041a84a7: nextIndex: updateUnconditionally 19 -> 18
2019-10-09 13:14:31,089 [main] INFO  impl.StateMachineUpdater (StateMachineUpdater.java:stopAndJoin(125)) - 162534dc-93d9-4206-ab1e-9268955c7aca@group-DC31737E2860-StateMachineUpdater: set stopIndex = 2
2019-10-09 13:14:31,088 [grpc-default-executor-37] INFO  impl.FollowerInfo (FollowerInfo.java:lambda$new$0(51)) - 2c69c56f-4b33-4231-936a-bbd24e83d692@group-14DF45B217B5->7706a157-1a1c-49fa-abc2-2cf2041a84a7: nextIndex: updateUnconditionally 3 -> 2
2019-10-09 13:14:31,090 [main] INFO  impl.RaftServerImpl (ServerState.java:close(385)) - 162534dc-93d9-4206-ab1e-9268955c7aca@group-DC31737E2860: closes. applyIndex: 2
2019-10-09 13:14:31,091 [162534dc-93d9-4206-ab1e-9268955c7aca@group-DC31737E2860-SegmentedRaftLogWorker] INFO  segmented.SegmentedRaftLogWorker (SegmentedRaftLogWorker.java:run(313)) - 162534dc-93d9-4206-ab1e-9268955c7aca@group-DC31737E2860-SegmentedRaftLogWorker was interrupted, exiting. There are 0 tasks remaining in the queue.
2019-10-09 13:14:31,091 [refreshUsed-/workdir/hadoop-ozone/integration-test/target/test-dir/MiniOzoneClusterImpl-77992fd3-8e8a-426b-8566-445f44124f00/datanode-2/data/containers] WARN  fs.CachingGetSpaceUsed (CachingGetSpaceUsed.java:run(183)) - Thread Interrupted waiting to refresh disk information: sleep interrupted
2019-10-09 13:14:31,091 [main] INFO  segmented.SegmentedRaftLogWorker (SegmentedRaftLogWorker.java:close(228)) - 162534dc-93d9-4206-ab1e-9268955c7aca@group-DC31737E2860-SegmentedRaftLogWorker close()
2019-10-09 13:14:31,094 [main] INFO  impl.RaftServerImpl (RaftServerImpl.java:lambda$shutdown$3(251)) - 162534dc-93d9-4206-ab1e-9268955c7aca@group-227D833B6095: shutdown
2019-10-09 13:14:31,095 [main] INFO  util.JmxRegister (JmxRegister.java:unregister(73)) - Successfully un-registered JMX Bean with object name Ratis:service=RaftServer,group=group-227D833B6095,id=162534dc-93d9-4206-ab1e-9268955c7aca
2019-10-09 13:14:31,095 [main] INFO  impl.RoleInfo (RoleInfo.java:shutdownLeaderState(104)) - 162534dc-93d9-4206-ab1e-9268955c7aca: shutdown LeaderState
2019-10-09 13:14:31,096 [org.apache.ratis.server.impl.LogAppender$AppenderDaemon$$Lambda$493/462031746@15a6332f] WARN  server.GrpcLogAppender (GrpcLogAppender.java:mayWait(143)) - 162534dc-93d9-4206-ab1e-9268955c7aca@group-227D833B6095->96acbf61-3ece-4d83-9836-a217fb58817a-GrpcLogAppender: Wait interrupted by java.lang.InterruptedException
2019-10-09 13:14:31,097 [main] INFO  impl.PendingRequests (PendingRequests.java:sendNotLeaderResponses(202)) - 162534dc-93d9-4206-ab1e-9268955c7aca-PendingRequests: sendNotLeaderResponses
2019-10-09 13:14:31,097 [org.apache.ratis.server.impl.LogAppender$AppenderDaemon$$Lambda$493/462031746@25487506] WARN  server.GrpcLogAppender (GrpcLogAppender.java:mayWait(143)) - 162534dc-93d9-4206-ab1e-9268955c7aca@group-227D833B6095->869fbf5b-cbbd-43c6-9f26-156c5192e660-GrpcLogAppender: Wait interrupted by java.lang.InterruptedException
2019-10-09 13:14:31,099 [main] INFO  impl.StateMachineUpdater (StateMachineUpdater.java:stopAndJoin(125)) - 162534dc-93d9-4206-ab1e-9268955c7aca@group-227D833B6095-StateMachineUpdater: set stopIndex = 2
2019-10-09 13:14:31,100 [main] INFO  impl.RaftServerImpl (ServerState.java:close(385)) - 162534dc-93d9-4206-ab1e-9268955c7aca@group-227D833B6095: closes. applyIndex: 2
2019-10-09 13:14:31,100 [162534dc-93d9-4206-ab1e-9268955c7aca@group-227D833B6095-SegmentedRaftLogWorker] INFO  segmented.SegmentedRaftLogWorker (SegmentedRaftLogWorker.java:run(313)) - 162534dc-93d9-4206-ab1e-9268955c7aca@group-227D833B6095-SegmentedRaftLogWorker was interrupted, exiting. There are 0 tasks remaining in the queue.
2019-10-09 13:14:31,101 [main] INFO  segmented.SegmentedRaftLogWorker (SegmentedRaftLogWorker.java:close(228)) - 162534dc-93d9-4206-ab1e-9268955c7aca@group-227D833B6095-SegmentedRaftLogWorker close()
2019-10-09 13:14:31,103 [main] INFO  impl.RaftServerImpl (RaftServerImpl.java:lambda$shutdown$3(251)) - 162534dc-93d9-4206-ab1e-9268955c7aca@group-FB9E4996B38B: shutdown
2019-10-09 13:14:31,103 [main] INFO  util.JmxRegister (JmxRegister.java:unregister(73)) - Successfully un-registered JMX Bean with object name Ratis:service=RaftServer,group=group-FB9E4996B38B,id=162534dc-93d9-4206-ab1e-9268955c7aca
2019-10-09 13:14:31,104 [main] INFO  impl.RoleInfo (RoleInfo.java:shutdownFollowerState(121)) - 162534dc-93d9-4206-ab1e-9268955c7aca: shutdown FollowerState
2019-10-09 13:14:31,104 [main] INFO  impl.StateMachineUpdater (StateMachineUpdater.java:stopAndJoin(125)) - 162534dc-93d9-4206-ab1e-9268955c7aca@group-FB9E4996B38B-StateMachineUpdater: set stopIndex = 2
2019-10-09 13:14:31,104 [Thread-7755] INFO  impl.FollowerState (FollowerState.java:run(115)) - 162534dc-93d9-4206-ab1e-9268955c7aca: FollowerState was interrupted: java.lang.InterruptedException: sleep interrupted
2019-10-09 13:14:31,105 [main] INFO  impl.RaftServerImpl (ServerState.java:close(385)) - 162534dc-93d9-4206-ab1e-9268955c7aca@group-FB9E4996B38B: closes. applyIndex: 2
2019-10-09 13:14:31,105 [162534dc-93d9-4206-ab1e-9268955c7aca@group-FB9E4996B38B-SegmentedRaftLogWorker] INFO  segmented.SegmentedRaftLogWorker (SegmentedRaftLogWorker.java:run(313)) - 162534dc-93d9-4206-ab1e-9268955c7aca@group-FB9E4996B38B-SegmentedRaftLogWorker was interrupted, exiting. There are 0 tasks remaining in the queue.
2019-10-09 13:14:31,106 [main] INFO  segmented.SegmentedRaftLogWorker (SegmentedRaftLogWorker.java:close(228)) - 162534dc-93d9-4206-ab1e-9268955c7aca@group-FB9E4996B38B-SegmentedRaftLogWorker close()
2019-10-09 13:14:31,108 [main] INFO  impl.RaftServerImpl (RaftServerImpl.java:lambda$shutdown$3(251)) - 162534dc-93d9-4206-ab1e-9268955c7aca@group-4A4B977E74D1: shutdown
2019-10-09 13:14:31,108 [main] INFO  util.JmxRegister (JmxRegister.java:unregister(73)) - Successfully un-registered JMX Bean with object name Ratis:service=RaftServer,group=group-4A4B977E74D1,id=162534dc-93d9-4206-ab1e-9268955c7aca
2019-10-09 13:14:31,109 [main] INFO  impl.RoleInfo (RoleInfo.java:shutdownLeaderState(104)) - 162534dc-93d9-4206-ab1e-9268955c7aca: shutdown LeaderState
2019-10-09 13:14:31,109 [org.apache.ratis.server.impl.LogAppender$AppenderDaemon$$Lambda$493/462031746@40b61800] WARN  server.GrpcLogAppender (GrpcLogAppender.java:mayWait(143)) - 162534dc-93d9-4206-ab1e-9268955c7aca@group-4A4B977E74D1->96acbf61-3ece-4d83-9836-a217fb58817a-GrpcLogAppender: Wait interrupted by java.lang.InterruptedException
2019-10-09 13:14:31,110 [org.apache.ratis.server.impl.LogAppender$AppenderDaemon$$Lambda$493/462031746@c6a3341] WARN  server.GrpcLogAppender (GrpcLogAppender.java:mayWait(143)) - 162534dc-93d9-4206-ab1e-9268955c7aca@group-4A4B977E74D1->869fbf5b-cbbd-43c6-9f26-156c5192e660-GrpcLogAppender: Wait interrupted by java.lang.InterruptedException
2019-10-09 13:14:31,109 [main] INFO  impl.PendingRequests (PendingRequests.java:sendNotLeaderResponses(202)) - 162534dc-93d9-4206-ab1e-9268955c7aca-PendingRequests: sendNotLeaderResponses
2019-10-09 13:14:31,110 [main] INFO  impl.StateMachineUpdater (StateMachineUpdater.java:stopAndJoin(125)) - 162534dc-93d9-4206-ab1e-9268955c7aca@group-4A4B977E74D1-StateMachineUpdater: set stopIndex = 18
2019-10-09 13:14:31,110 [162534dc-93d9-4206-ab1e-9268955c7aca@group-4A4B977E74D1-StateMachineUpdater] INFO  ratis.ContainerStateMachine (ContainerStateMachine.java:takeSnapshot(289)) - group-4A4B977E74D1: Taking a snapshot at:(t:1, i:14) file /workdir/hadoop-ozone/integration-test/target/test-dir/MiniOzoneClusterImpl-77992fd3-8e8a-426b-8566-445f44124f00/datanode-4/data/ratis/31436527-0db7-4839-a6a0-4a4b977e74d1/sm/snapshot.1_14
2019-10-09 13:14:31,117 [ForkJoinPool.commonPool-worker-1] INFO  utils.BackgroundService (BackgroundService.java:shutdown(148)) - Shutting down service BlockDeletingService
2019-10-09 13:14:31,120 [162534dc-93d9-4206-ab1e-9268955c7aca@group-4A4B977E74D1-StateMachineUpdater] INFO  ratis.ContainerStateMachine (ContainerStateMachine.java:takeSnapshot(300)) - group-4A4B977E74D1: Finished taking a snapshot at:(t:1, i:14) file:/workdir/hadoop-ozone/integration-test/target/test-dir/MiniOzoneClusterImpl-77992fd3-8e8a-426b-8566-445f44124f00/datanode-4/data/ratis/31436527-0db7-4839-a6a0-4a4b977e74d1/sm/snapshot.1_14 time:9
2019-10-09 13:14:31,123 [ForkJoinPool.commonPool-worker-1] INFO  statemachine.DatanodeStateMachine (DatanodeStateMachine.java:stopDaemon(395)) - Ozone container server stopped.
2019-10-09 13:14:31,124 [162534dc-93d9-4206-ab1e-9268955c7aca@group-4A4B977E74D1-StateMachineUpdater] INFO  impl.StateMachineUpdater (StateMachineUpdater.java:takeSnapshot(258)) - 162534dc-93d9-4206-ab1e-9268955c7aca@group-4A4B977E74D1-StateMachineUpdater: Took a snapshot at index 14
2019-10-09 13:14:31,126 [162534dc-93d9-4206-ab1e-9268955c7aca@group-4A4B977E74D1-StateMachineUpdater] INFO  impl.StateMachineUpdater (StateMachineUpdater.java:lambda$new$0(83)) - 162534dc-93d9-4206-ab1e-9268955c7aca@group-4A4B977E74D1-StateMachineUpdater: snapshotIndex: updateIncreasingly -1 -> 14
2019-10-09 13:14:31,128 [162534dc-93d9-4206-ab1e-9268955c7aca@group-4A4B977E74D1-StateMachineUpdater] INFO  ratis.ContainerStateMachine (ContainerStateMachine.java:takeSnapshot(289)) - group-4A4B977E74D1: Taking a snapshot at:(t:1, i:14) file /workdir/hadoop-ozone/integration-test/target/test-dir/MiniOzoneClusterImpl-77992fd3-8e8a-426b-8566-445f44124f00/datanode-4/data/ratis/31436527-0db7-4839-a6a0-4a4b977e74d1/sm/snapshot.1_14
2019-10-09 13:14:31,130 [ForkJoinPool.commonPool-worker-1] INFO  handler.ContextHandler (ContextHandler.java:doStop(910)) - Stopped o.e.j.w.WebAppContext@79add732{/,null,UNAVAILABLE}{/hddsDatanode}
2019-10-09 13:14:31,131 [ForkJoinPool.commonPool-worker-1] INFO  server.AbstractConnector (AbstractConnector.java:doStop(318)) - Stopped ServerConnector@3be3e76c{HTTP/1.1,[http/1.1]}{0.0.0.0:0}
2019-10-09 13:14:31,138 [162534dc-93d9-4206-ab1e-9268955c7aca@group-4A4B977E74D1-StateMachineUpdater] INFO  ratis.ContainerStateMachine (ContainerStateMachine.java:takeSnapshot(300)) - group-4A4B977E74D1: Finished taking a snapshot at:(t:1, i:14) file:/workdir/hadoop-ozone/integration-test/target/test-dir/MiniOzoneClusterImpl-77992fd3-8e8a-426b-8566-445f44124f00/datanode-4/data/ratis/31436527-0db7-4839-a6a0-4a4b977e74d1/sm/snapshot.1_14 time:10
2019-10-09 13:14:31,138 [ForkJoinPool.commonPool-worker-1] INFO  handler.ContextHandler (ContextHandler.java:doStop(910)) - Stopped o.e.j.s.ServletContextHandler@2a99ca99{/static,jar:file:/home/user/.m2/repository/org/apache/hadoop/hadoop-hdds-container-service/0.5.0-SNAPSHOT/hadoop-hdds-container-service-0.5.0-SNAPSHOT.jar!/webapps/static,UNAVAILABLE}
2019-10-09 13:14:31,138 [162534dc-93d9-4206-ab1e-9268955c7aca@group-4A4B977E74D1-StateMachineUpdater] INFO  impl.StateMachineUpdater (StateMachineUpdater.java:takeSnapshot(258)) - 162534dc-93d9-4206-ab1e-9268955c7aca@group-4A4B977E74D1-StateMachineUpdater: Took a snapshot at index 14
2019-10-09 13:14:31,138 [162534dc-93d9-4206-ab1e-9268955c7aca@group-4A4B977E74D1-StateMachineUpdater] INFO  impl.StateMachineUpdater (StateMachineUpdater.java:lambda$new$0(83)) - 162534dc-93d9-4206-ab1e-9268955c7aca@group-4A4B977E74D1-StateMachineUpdater: snapshotIndex: updateIncreasingly 14 -> 14
2019-10-09 13:14:31,138 [ForkJoinPool.commonPool-worker-1] INFO  handler.ContextHandler (ContextHandler.java:doStop(910)) - Stopped o.e.j.s.ServletContextHandler@149aa7b2{/logs,file:///workdir/hadoop-ozone/integration-test/target/log,UNAVAILABLE}
2019-10-09 13:14:31,139 [main] INFO  impl.RaftServerImpl (ServerState.java:close(385)) - 162534dc-93d9-4206-ab1e-9268955c7aca@group-4A4B977E74D1: closes. applyIndex: 18
2019-10-09 13:14:31,140 [162534dc-93d9-4206-ab1e-9268955c7aca@group-4A4B977E74D1-SegmentedRaftLogWorker] INFO  segmented.SegmentedRaftLogWorker (SegmentedRaftLogWorker.java:run(313)) - 162534dc-93d9-4206-ab1e-9268955c7aca@group-4A4B977E74D1-SegmentedRaftLogWorker was interrupted, exiting. There are 0 tasks remaining in the queue.
2019-10-09 13:14:31,140 [main] INFO  segmented.SegmentedRaftLogWorker (SegmentedRaftLogWorker.java:close(228)) - 162534dc-93d9-4206-ab1e-9268955c7aca@group-4A4B977E74D1-SegmentedRaftLogWorker close()
2019-10-09 13:14:31,142 [main] INFO  impl.RaftServerImpl (RaftServerImpl.java:lambda$shutdown$3(251)) - 162534dc-93d9-4206-ab1e-9268955c7aca@group-19F276FA9099: shutdown
2019-10-09 13:14:31,143 [main] INFO  util.JmxRegister (JmxRegister.java:unregister(73)) - Successfully un-registered JMX Bean with object name Ratis:service=RaftServer,group=group-19F276FA9099,id=162534dc-93d9-4206-ab1e-9268955c7aca
2019-10-09 13:14:31,143 [main] INFO  impl.RoleInfo (RoleInfo.java:shutdownFollowerState(121)) - 162534dc-93d9-4206-ab1e-9268955c7aca: shutdown FollowerState
2019-10-09 13:14:31,143 [main] INFO  impl.StateMachineUpdater (StateMachineUpdater.java:stopAndJoin(125)) - 162534dc-93d9-4206-ab1e-9268955c7aca@group-19F276FA9099-StateMachineUpdater: set stopIndex = 2
2019-10-09 13:14:31,144 [Thread-7667] INFO  impl.FollowerState (FollowerState.java:run(115)) - 162534dc-93d9-4206-ab1e-9268955c7aca: FollowerState was interrupted: java.lang.InterruptedException: sleep interrupted
2019-10-09 13:14:31,144 [main] INFO  impl.RaftServerImpl (ServerState.java:close(385)) - 162534dc-93d9-4206-ab1e-9268955c7aca@group-19F276FA9099: closes. applyIndex: 2
2019-10-09 13:14:31,145 [162534dc-93d9-4206-ab1e-9268955c7aca@group-19F276FA9099-SegmentedRaftLogWorker] INFO  segmented.SegmentedRaftLogWorker (SegmentedRaftLogWorker.java:run(313)) - 162534dc-93d9-4206-ab1e-9268955c7aca@group-19F276FA9099-SegmentedRaftLogWorker was interrupted, exiting. There are 0 tasks remaining in the queue.
2019-10-09 13:14:31,145 [main] INFO  segmented.SegmentedRaftLogWorker (SegmentedRaftLogWorker.java:close(228)) - 162534dc-93d9-4206-ab1e-9268955c7aca@group-19F276FA9099-SegmentedRaftLogWorker close()
2019-10-09 13:14:31,147 [main] INFO  server.GrpcService (GrpcService.java:closeImpl(164)) - 162534dc-93d9-4206-ab1e-9268955c7aca: shutdown server with port 32957 now
2019-10-09 13:14:31,148 [grpc-default-executor-35] WARN  server.GrpcServerProtocolService (LogUtils.java:warn(134)) - 162534dc-93d9-4206-ab1e-9268955c7aca: installSnapshot onError, lastRequest: 869fbf5b-cbbd-43c6-9f26-156c5192e660->162534dc-93d9-4206-ab1e-9268955c7aca#12-t3, previous=(t:3, i:2), leaderCommit=2, initializing? false, entries: <empty>: org.apache.ratis.thirdparty.io.grpc.StatusRuntimeException: CANCELLED: cancelled before receiving half close
2019-10-09 13:14:31,148 [grpc-default-executor-30] WARN  server.GrpcServerProtocolService (LogUtils.java:warn(134)) - 162534dc-93d9-4206-ab1e-9268955c7aca: installSnapshot onError, lastRequest: 869fbf5b-cbbd-43c6-9f26-156c5192e660->162534dc-93d9-4206-ab1e-9268955c7aca#12-t3, previous=(t:3, i:2), leaderCommit=2, initializing? false, entries: <empty>: org.apache.ratis.thirdparty.io.grpc.StatusRuntimeException: CANCELLED: cancelled before receiving half close
2019-10-09 13:14:31,148 [grpc-default-executor-24] WARN  server.GrpcServerProtocolService (LogUtils.java:warn(134)) - 162534dc-93d9-4206-ab1e-9268955c7aca: installSnapshot onError, lastRequest: 869fbf5b-cbbd-43c6-9f26-156c5192e660->162534dc-93d9-4206-ab1e-9268955c7aca#20-t4, previous=(t:4, i:18), leaderCommit=18, initializing? false, entries: <empty>: org.apache.ratis.thirdparty.io.grpc.StatusRuntimeException: CANCELLED: cancelled before receiving half close
2019-10-09 13:14:31,148 [grpc-default-executor-37] WARN  server.GrpcServerProtocolService (LogUtils.java:warn(134)) - 162534dc-93d9-4206-ab1e-9268955c7aca: installSnapshot onError, lastRequest: 869fbf5b-cbbd-43c6-9f26-156c5192e660->162534dc-93d9-4206-ab1e-9268955c7aca#10-t3, previous=(t:3, i:2), leaderCommit=2, initializing? false, entries: <empty>: org.apache.ratis.thirdparty.io.grpc.StatusRuntimeException: CANCELLED: cancelled before receiving half close
2019-10-09 13:14:31,148 [grpc-default-executor-50] WARN  server.GrpcServerProtocolService (LogUtils.java:warn(134)) - 162534dc-93d9-4206-ab1e-9268955c7aca: installSnapshot onError, lastRequest: 869fbf5b-cbbd-43c6-9f26-156c5192e660->162534dc-93d9-4206-ab1e-9268955c7aca#10-t2, previous=(t:2, i:2), leaderCommit=2, initializing? false, entries: <empty>: org.apache.ratis.thirdparty.io.grpc.StatusRuntimeException: CANCELLED: cancelled before receiving half close
2019-10-09 13:14:31,148 [grpc-default-executor-45] WARN  server.GrpcServerProtocolService (LogUtils.java:warn(134)) - 162534dc-93d9-4206-ab1e-9268955c7aca: installSnapshot onError, lastRequest: 869fbf5b-cbbd-43c6-9f26-156c5192e660->162534dc-93d9-4206-ab1e-9268955c7aca#13-t2, previous=(t:2, i:0), leaderCommit=0, initializing? false, entries: <empty>: org.apache.ratis.thirdparty.io.grpc.StatusRuntimeException: CANCELLED: cancelled before receiving half close
2019-10-09 13:14:31,148 [grpc-default-executor-51] WARN  server.GrpcLogAppender (LogUtils.java:warn(134)) - 869fbf5b-cbbd-43c6-9f26-156c5192e660@group-986902F1898E->162534dc-93d9-4206-ab1e-9268955c7aca-AppendLogResponseHandler: Failed appendEntries: org.apache.ratis.thirdparty.io.grpc.StatusRuntimeException: CANCELLED: HTTP/2 error code: CANCEL
Received Rst Stream
2019-10-09 13:14:31,148 [grpc-default-executor-36] WARN  server.GrpcLogAppender (LogUtils.java:warn(134)) - 869fbf5b-cbbd-43c6-9f26-156c5192e660@group-FB9E4996B38B->162534dc-93d9-4206-ab1e-9268955c7aca-AppendLogResponseHandler: Failed appendEntries: org.apache.ratis.thirdparty.io.grpc.StatusRuntimeException: CANCELLED: HTTP/2 error code: CANCEL
Received Rst Stream
2019-10-09 13:14:31,148 [grpc-default-executor-24] WARN  server.GrpcLogAppender (LogUtils.java:warn(134)) - 869fbf5b-cbbd-43c6-9f26-156c5192e660@group-F2E3F8B61FEF->162534dc-93d9-4206-ab1e-9268955c7aca-AppendLogResponseHandler: Failed appendEntries: org.apache.ratis.thirdparty.io.grpc.StatusRuntimeException: CANCELLED: HTTP/2 error code: CANCEL
Received Rst Stream
2019-10-09 13:14:31,148 [grpc-default-executor-47] WARN  server.GrpcLogAppender (LogUtils.java:warn(134)) - 869fbf5b-cbbd-43c6-9f26-156c5192e660@group-19F276FA9099->162534dc-93d9-4206-ab1e-9268955c7aca-AppendLogResponseHandler: Failed appendEntries: org.apache.ratis.thirdparty.io.grpc.StatusRuntimeException: CANCELLED: HTTP/2 error code: CANCEL
Received Rst Stream
2019-10-09 13:14:31,148 [grpc-default-executor-35] WARN  server.GrpcLogAppender (LogUtils.java:warn(134)) - 869fbf5b-cbbd-43c6-9f26-156c5192e660@group-DC31737E2860->162534dc-93d9-4206-ab1e-9268955c7aca-AppendLogResponseHandler: Failed appendEntries: org.apache.ratis.thirdparty.io.grpc.StatusRuntimeException: CANCELLED: HTTP/2 error code: CANCEL
Received Rst Stream
2019-10-09 13:14:31,148 [grpc-default-executor-15] WARN  server.GrpcLogAppender (LogUtils.java:warn(134)) - 869fbf5b-cbbd-43c6-9f26-156c5192e660@group-7276B70EB406->162534dc-93d9-4206-ab1e-9268955c7aca-AppendLogResponseHandler: Failed appendEntries: org.apache.ratis.thirdparty.io.grpc.StatusRuntimeException: CANCELLED: HTTP/2 error code: CANCEL
Received Rst Stream
2019-10-09 13:14:31,149 [grpc-default-executor-15] INFO  impl.FollowerInfo (FollowerInfo.java:lambda$new$0(51)) - 869fbf5b-cbbd-43c6-9f26-156c5192e660@group-7276B70EB406->162534dc-93d9-4206-ab1e-9268955c7aca: nextIndex: updateUnconditionally 1 -> 0
2019-10-09 13:14:31,148 [main] INFO  server.GrpcService (GrpcService.java:closeImpl(172)) - 162534dc-93d9-4206-ab1e-9268955c7aca: shutdown server with port 32957 successfully
2019-10-09 13:14:31,149 [grpc-default-executor-35] INFO  impl.FollowerInfo (FollowerInfo.java:lambda$new$0(51)) - 869fbf5b-cbbd-43c6-9f26-156c5192e660@group-DC31737E2860->162534dc-93d9-4206-ab1e-9268955c7aca: nextIndex: updateUnconditionally 3 -> 2
2019-10-09 13:14:31,149 [grpc-default-executor-47] INFO  impl.FollowerInfo (FollowerInfo.java:lambda$new$0(51)) - 869fbf5b-cbbd-43c6-9f26-156c5192e660@group-19F276FA9099->162534dc-93d9-4206-ab1e-9268955c7aca: nextIndex: updateUnconditionally 3 -> 2
2019-10-09 13:14:31,149 [grpc-default-executor-24] INFO  impl.FollowerInfo (FollowerInfo.java:lambda$new$0(51)) - 869fbf5b-cbbd-43c6-9f26-156c5192e660@group-F2E3F8B61FEF->162534dc-93d9-4206-ab1e-9268955c7aca: nextIndex: updateUnconditionally 19 -> 18
2019-10-09 13:14:31,149 [grpc-default-executor-36] INFO  impl.FollowerInfo (FollowerInfo.java:lambda$new$0(51)) - 869fbf5b-cbbd-43c6-9f26-156c5192e660@group-FB9E4996B38B->162534dc-93d9-4206-ab1e-9268955c7aca: nextIndex: updateUnconditionally 3 -> 2
2019-10-09 13:14:31,149 [grpc-default-executor-51] INFO  impl.FollowerInfo (FollowerInfo.java:lambda$new$0(51)) - 869fbf5b-cbbd-43c6-9f26-156c5192e660@group-986902F1898E->162534dc-93d9-4206-ab1e-9268955c7aca: nextIndex: updateUnconditionally 3 -> 2
2019-10-09 13:14:31,151 [refreshUsed-/workdir/hadoop-ozone/integration-test/target/test-dir/MiniOzoneClusterImpl-77992fd3-8e8a-426b-8566-445f44124f00/datanode-4/data/containers] WARN  fs.CachingGetSpaceUsed (CachingGetSpaceUsed.java:run(183)) - Thread Interrupted waiting to refresh disk information: sleep interrupted
2019-10-09 13:14:31,169 [Datanode State Machine Thread - 0] INFO  statemachine.DatanodeStateMachine (DatanodeStateMachine.java:lambda$startDaemon$0(350)) - Ozone container server started.
2019-10-09 13:14:31,170 [main] INFO  utils.BackgroundService (BackgroundService.java:shutdown(148)) - Shutting down service BlockDeletingService
2019-10-09 13:14:31,178 [main] INFO  statemachine.DatanodeStateMachine (DatanodeStateMachine.java:stopDaemon(395)) - Ozone container server stopped.
2019-10-09 13:14:31,179 [main] INFO  handler.ContextHandler (ContextHandler.java:doStop(910)) - Stopped o.e.j.w.WebAppContext@66756662{/,null,UNAVAILABLE}{/hddsDatanode}
2019-10-09 13:14:31,179 [main] INFO  server.AbstractConnector (AbstractConnector.java:doStop(318)) - Stopped ServerConnector@5d14e99e{HTTP/1.1,[http/1.1]}{0.0.0.0:0}
2019-10-09 13:14:31,180 [main] INFO  handler.ContextHandler (ContextHandler.java:doStop(910)) - Stopped o.e.j.s.ServletContextHandler@573aeab2{/static,jar:file:/home/user/.m2/repository/org/apache/hadoop/hadoop-hdds-container-service/0.5.0-SNAPSHOT/hadoop-hdds-container-service-0.5.0-SNAPSHOT.jar!/webapps/static,UNAVAILABLE}
2019-10-09 13:14:31,180 [main] INFO  handler.ContextHandler (ContextHandler.java:doStop(910)) - Stopped o.e.j.s.ServletContextHandler@3a3883c4{/logs,file:///workdir/hadoop-ozone/integration-test/target/log,UNAVAILABLE}
2019-10-09 13:14:31,186 [grpc-default-executor-51] WARN  server.GrpcLogAppender (LogUtils.java:warn(134)) - 2c69c56f-4b33-4231-936a-bbd24e83d692@group-14DF45B217B5->96acbf61-3ece-4d83-9836-a217fb58817a-AppendLogResponseHandler: Failed appendEntries: org.apache.ratis.thirdparty.io.grpc.StatusRuntimeException: UNAVAILABLE: io exception
2019-10-09 13:14:31,187 [grpc-default-executor-51] INFO  impl.FollowerInfo (FollowerInfo.java:lambda$new$0(51)) - 2c69c56f-4b33-4231-936a-bbd24e83d692@group-14DF45B217B5->96acbf61-3ece-4d83-9836-a217fb58817a: nextIndex: updateUnconditionally 0 -> 0
2019-10-09 13:14:31,194 [grpc-default-executor-24] WARN  server.GrpcLogAppender (LogUtils.java:warn(134)) - 2c69c56f-4b33-4231-936a-bbd24e83d692@group-14DF45B217B5->7706a157-1a1c-49fa-abc2-2cf2041a84a7-AppendLogResponseHandler: Failed appendEntries: org.apache.ratis.thirdparty.io.grpc.StatusRuntimeException: UNAVAILABLE: io exception
2019-10-09 13:14:31,194 [grpc-default-executor-24] INFO  impl.FollowerInfo (FollowerInfo.java:lambda$new$0(51)) - 2c69c56f-4b33-4231-936a-bbd24e83d692@group-14DF45B217B5->7706a157-1a1c-49fa-abc2-2cf2041a84a7: nextIndex: updateUnconditionally 2 -> 1
2019-10-09 13:14:31,752 [Datanode State Machine Thread - 0] INFO  statemachine.DatanodeStateMachine (DatanodeStateMachine.java:lambda$startDaemon$0(350)) - Ozone container server started.
2019-10-09 13:14:32,121 [grpc-default-executor-24] WARN  server.GrpcLogAppender (LogUtils.java:warn(134)) - 869fbf5b-cbbd-43c6-9f26-156c5192e660@group-7276B70EB406->96acbf61-3ece-4d83-9836-a217fb58817a-AppendLogResponseHandler: Failed appendEntries: org.apache.ratis.thirdparty.io.grpc.StatusRuntimeException: UNAVAILABLE: io exception
2019-10-09 13:14:32,121 [grpc-default-executor-24] INFO  impl.FollowerInfo (FollowerInfo.java:lambda$new$0(51)) - 869fbf5b-cbbd-43c6-9f26-156c5192e660@group-7276B70EB406->96acbf61-3ece-4d83-9836-a217fb58817a: nextIndex: updateUnconditionally 0 -> 0
2019-10-09 13:14:32,131 [grpc-default-executor-24] WARN  server.GrpcLogAppender (LogUtils.java:warn(134)) - 869fbf5b-cbbd-43c6-9f26-156c5192e660@group-7276B70EB406->162534dc-93d9-4206-ab1e-9268955c7aca-AppendLogResponseHandler: Failed appendEntries: org.apache.ratis.thirdparty.io.grpc.StatusRuntimeException: UNAVAILABLE: io exception
2019-10-09 13:14:32,131 [grpc-default-executor-24] INFO  impl.FollowerInfo (FollowerInfo.java:lambda$new$0(51)) - 869fbf5b-cbbd-43c6-9f26-156c5192e660@group-7276B70EB406->162534dc-93d9-4206-ab1e-9268955c7aca: nextIndex: updateUnconditionally 0 -> 0
2019-10-09 13:14:32,549 [grpc-default-executor-36] WARN  server.GrpcLogAppender (LogUtils.java:warn(134)) - 869fbf5b-cbbd-43c6-9f26-156c5192e660@group-FB9E4996B38B->96acbf61-3ece-4d83-9836-a217fb58817a-AppendLogResponseHandler: Failed appendEntries: org.apache.ratis.thirdparty.io.grpc.StatusRuntimeException: UNAVAILABLE: io exception
2019-10-09 13:14:32,550 [grpc-default-executor-36] INFO  impl.FollowerInfo (FollowerInfo.java:lambda$new$0(51)) - 869fbf5b-cbbd-43c6-9f26-156c5192e660@group-FB9E4996B38B->96acbf61-3ece-4d83-9836-a217fb58817a: nextIndex: updateUnconditionally 0 -> 0
2019-10-09 13:14:32,571 [grpc-default-executor-36] WARN  server.GrpcLogAppender (LogUtils.java:warn(134)) - 869fbf5b-cbbd-43c6-9f26-156c5192e660@group-FB9E4996B38B->162534dc-93d9-4206-ab1e-9268955c7aca-AppendLogResponseHandler: Failed appendEntries: org.apache.ratis.thirdparty.io.grpc.StatusRuntimeException: UNAVAILABLE: io exception
2019-10-09 13:14:32,571 [grpc-default-executor-36] INFO  impl.FollowerInfo (FollowerInfo.java:lambda$new$0(51)) - 869fbf5b-cbbd-43c6-9f26-156c5192e660@group-FB9E4996B38B->162534dc-93d9-4206-ab1e-9268955c7aca: nextIndex: updateUnconditionally 2 -> 1
2019-10-09 13:14:32,573 [grpc-default-executor-24] WARN  server.GrpcLogAppender (LogUtils.java:warn(134)) - 869fbf5b-cbbd-43c6-9f26-156c5192e660@group-DC31737E2860->96acbf61-3ece-4d83-9836-a217fb58817a-AppendLogResponseHandler: Failed appendEntries: org.apache.ratis.thirdparty.io.grpc.StatusRuntimeException: UNAVAILABLE: io exception
2019-10-09 13:14:32,574 [grpc-default-executor-24] INFO  impl.FollowerInfo (FollowerInfo.java:lambda$new$0(51)) - 869fbf5b-cbbd-43c6-9f26-156c5192e660@group-DC31737E2860->96acbf61-3ece-4d83-9836-a217fb58817a: nextIndex: updateUnconditionally 0 -> 0
2019-10-09 13:14:32,582 [grpc-default-executor-24] WARN  server.GrpcLogAppender (LogUtils.java:warn(134)) - 869fbf5b-cbbd-43c6-9f26-156c5192e660@group-DC31737E2860->162534dc-93d9-4206-ab1e-9268955c7aca-AppendLogResponseHandler: Failed appendEntries: org.apache.ratis.thirdparty.io.grpc.StatusRuntimeException: UNAVAILABLE: io exception
2019-10-09 13:14:32,583 [grpc-default-executor-24] INFO  impl.FollowerInfo (FollowerInfo.java:lambda$new$0(51)) - 869fbf5b-cbbd-43c6-9f26-156c5192e660@group-DC31737E2860->162534dc-93d9-4206-ab1e-9268955c7aca: nextIndex: updateUnconditionally 2 -> 1
2019-10-09 13:14:32,710 [grpc-default-executor-36] WARN  server.GrpcLogAppender (LogUtils.java:warn(134)) - 869fbf5b-cbbd-43c6-9f26-156c5192e660@group-19F276FA9099->96acbf61-3ece-4d83-9836-a217fb58817a-AppendLogResponseHandler: Failed appendEntries: org.apache.ratis.thirdparty.io.grpc.StatusRuntimeException: UNAVAILABLE: io exception
2019-10-09 13:14:32,711 [grpc-default-executor-36] INFO  impl.FollowerInfo (FollowerInfo.java:lambda$new$0(51)) - 869fbf5b-cbbd-43c6-9f26-156c5192e660@group-19F276FA9099->96acbf61-3ece-4d83-9836-a217fb58817a: nextIndex: updateUnconditionally 0 -> 0
2019-10-09 13:14:32,720 [grpc-default-executor-51] WARN  server.GrpcLogAppender (LogUtils.java:warn(134)) - 869fbf5b-cbbd-43c6-9f26-156c5192e660@group-19F276FA9099->162534dc-93d9-4206-ab1e-9268955c7aca-AppendLogResponseHandler: Failed appendEntries: org.apache.ratis.thirdparty.io.grpc.StatusRuntimeException: UNAVAILABLE: io exception
2019-10-09 13:14:32,721 [grpc-default-executor-51] INFO  impl.FollowerInfo (FollowerInfo.java:lambda$new$0(51)) - 869fbf5b-cbbd-43c6-9f26-156c5192e660@group-19F276FA9099->162534dc-93d9-4206-ab1e-9268955c7aca: nextIndex: updateUnconditionally 2 -> 1
2019-10-09 13:14:32,899 [grpc-default-executor-24] WARN  server.GrpcLogAppender (LogUtils.java:warn(134)) - 869fbf5b-cbbd-43c6-9f26-156c5192e660@group-986902F1898E->96acbf61-3ece-4d83-9836-a217fb58817a-AppendLogResponseHandler: Failed appendEntries: org.apache.ratis.thirdparty.io.grpc.StatusRuntimeException: UNAVAILABLE: io exception
2019-10-09 13:14:32,899 [grpc-default-executor-24] INFO  impl.FollowerInfo (FollowerInfo.java:lambda$new$0(51)) - 869fbf5b-cbbd-43c6-9f26-156c5192e660@group-986902F1898E->96acbf61-3ece-4d83-9836-a217fb58817a: nextIndex: updateUnconditionally 0 -> 0
2019-10-09 13:14:32,907 [grpc-default-executor-36] WARN  server.GrpcLogAppender (LogUtils.java:warn(134)) - 869fbf5b-cbbd-43c6-9f26-156c5192e660@group-986902F1898E->162534dc-93d9-4206-ab1e-9268955c7aca-AppendLogResponseHandler: Failed appendEntries: org.apache.ratis.thirdparty.io.grpc.StatusRuntimeException: UNAVAILABLE: io exception
2019-10-09 13:14:32,907 [grpc-default-executor-36] INFO  impl.FollowerInfo (FollowerInfo.java:lambda$new$0(51)) - 869fbf5b-cbbd-43c6-9f26-156c5192e660@group-986902F1898E->162534dc-93d9-4206-ab1e-9268955c7aca: nextIndex: updateUnconditionally 2 -> 1
2019-10-09 13:14:33,463 [grpc-default-executor-35] WARN  server.GrpcLogAppender (LogUtils.java:warn(134)) - 869fbf5b-cbbd-43c6-9f26-156c5192e660@group-F2E3F8B61FEF->162534dc-93d9-4206-ab1e-9268955c7aca-AppendLogResponseHandler: Failed appendEntries: org.apache.ratis.thirdparty.io.grpc.StatusRuntimeException: UNAVAILABLE: io exception
2019-10-09 13:14:33,463 [grpc-default-executor-36] WARN  server.GrpcLogAppender (LogUtils.java:warn(134)) - 869fbf5b-cbbd-43c6-9f26-156c5192e660@group-F2E3F8B61FEF->7706a157-1a1c-49fa-abc2-2cf2041a84a7-AppendLogResponseHandler: Failed appendEntries: org.apache.ratis.thirdparty.io.grpc.StatusRuntimeException: UNAVAILABLE: io exception
2019-10-09 13:14:33,464 [grpc-default-executor-35] INFO  impl.FollowerInfo (FollowerInfo.java:lambda$new$0(51)) - 869fbf5b-cbbd-43c6-9f26-156c5192e660@group-F2E3F8B61FEF->162534dc-93d9-4206-ab1e-9268955c7aca: nextIndex: updateUnconditionally 18 -> 17
2019-10-09 13:14:33,464 [grpc-default-executor-36] INFO  impl.FollowerInfo (FollowerInfo.java:lambda$new$0(51)) - 869fbf5b-cbbd-43c6-9f26-156c5192e660@group-F2E3F8B61FEF->7706a157-1a1c-49fa-abc2-2cf2041a84a7: nextIndex: updateUnconditionally 18 -> 17
2019-10-09 13:14:33,687 [grpc-default-executor-36] WARN  server.GrpcLogAppender (LogUtils.java:warn(134)) - 2c69c56f-4b33-4231-936a-bbd24e83d692@group-14DF45B217B5->96acbf61-3ece-4d83-9836-a217fb58817a-AppendLogResponseHandler: Failed appendEntries: org.apache.ratis.thirdparty.io.grpc.StatusRuntimeException: UNAVAILABLE: io exception
2019-10-09 13:14:33,687 [grpc-default-executor-36] INFO  impl.FollowerInfo (FollowerInfo.java:lambda$new$0(51)) - 2c69c56f-4b33-4231-936a-bbd24e83d692@group-14DF45B217B5->96acbf61-3ece-4d83-9836-a217fb58817a: nextIndex: updateUnconditionally 0 -> 0
2019-10-09 13:14:33,695 [grpc-default-executor-51] WARN  server.GrpcLogAppender (LogUtils.java:warn(134)) - 2c69c56f-4b33-4231-936a-bbd24e83d692@group-14DF45B217B5->7706a157-1a1c-49fa-abc2-2cf2041a84a7-AppendLogResponseHandler: Failed appendEntries: org.apache.ratis.thirdparty.io.grpc.StatusRuntimeException: UNAVAILABLE: io exception
2019-10-09 13:14:33,695 [grpc-default-executor-51] INFO  impl.FollowerInfo (FollowerInfo.java:lambda$new$0(51)) - 2c69c56f-4b33-4231-936a-bbd24e83d692@group-14DF45B217B5->7706a157-1a1c-49fa-abc2-2cf2041a84a7: nextIndex: updateUnconditionally 1 -> 0
2019-10-09 13:14:34,429 [Thread-7713] INFO  impl.FollowerState (FollowerState.java:run(106)) - 869fbf5b-cbbd-43c6-9f26-156c5192e660:group-52AD3AA08ADE changes to CANDIDATE, lastRpcTime:5480, electionTimeout:5132ms
2019-10-09 13:14:34,430 [Thread-7713] INFO  impl.RoleInfo (RoleInfo.java:shutdownFollowerState(121)) - 869fbf5b-cbbd-43c6-9f26-156c5192e660: shutdown FollowerState
2019-10-09 13:14:34,430 [Thread-7713] INFO  impl.RaftServerImpl (RaftServerImpl.java:setRole(174)) - 869fbf5b-cbbd-43c6-9f26-156c5192e660@group-52AD3AA08ADE: changes role from  FOLLOWER to CANDIDATE at term 2 for changeToCandidate
2019-10-09 13:14:34,430 [Thread-7713] INFO  impl.RoleInfo (RoleInfo.java:updateAndGet(143)) - 869fbf5b-cbbd-43c6-9f26-156c5192e660: start LeaderElection
2019-10-09 13:14:34,431 [869fbf5b-cbbd-43c6-9f26-156c5192e660@group-52AD3AA08ADE:LeaderElection241] INFO  impl.RaftServerImpl (ServerState.java:setLeader(253)) - 869fbf5b-cbbd-43c6-9f26-156c5192e660@group-52AD3AA08ADE: change Leader from 7706a157-1a1c-49fa-abc2-2cf2041a84a7 to null at term 2 for initElection
2019-10-09 13:14:34,456 [869fbf5b-cbbd-43c6-9f26-156c5192e660@group-52AD3AA08ADE:LeaderElection241] INFO  impl.LeaderElection (LeaderElection.java:askForVotes(182)) - 869fbf5b-cbbd-43c6-9f26-156c5192e660@group-52AD3AA08ADE:LeaderElection241: begin an election at term 3 for 1: [96acbf61-3ece-4d83-9836-a217fb58817a:192.168.5.175:35650, 869fbf5b-cbbd-43c6-9f26-156c5192e660:192.168.5.175:43498, 7706a157-1a1c-49fa-abc2-2cf2041a84a7:192.168.5.175:40917], old=null
2019-10-09 13:14:34,460 [869fbf5b-cbbd-43c6-9f26-156c5192e660@group-52AD3AA08ADE:LeaderElection241] INFO  impl.LeaderElection (LogUtils.java:infoOrTrace(149)) - 869fbf5b-cbbd-43c6-9f26-156c5192e660@group-52AD3AA08ADE:LeaderElection241 got exception when requesting votes: {}
java.util.concurrent.ExecutionException: org.apache.ratis.thirdparty.io.grpc.StatusRuntimeException: UNAVAILABLE: io exception
	at java.util.concurrent.FutureTask.report(FutureTask.java:122)
	at java.util.concurrent.FutureTask.get(FutureTask.java:192)
	at org.apache.ratis.server.impl.LeaderElection.waitForResults(LeaderElection.java:263)
	at org.apache.ratis.server.impl.LeaderElection.askForVotes(LeaderElection.java:201)
	at org.apache.ratis.server.impl.LeaderElection.run(LeaderElection.java:133)
	at java.lang.Thread.run(Thread.java:748)
Caused by: org.apache.ratis.thirdparty.io.grpc.StatusRuntimeException: UNAVAILABLE: io exception
	at org.apache.ratis.thirdparty.io.grpc.stub.ClientCalls.toStatusRuntimeException(ClientCalls.java:233)
	at org.apache.ratis.thirdparty.io.grpc.stub.ClientCalls.getUnchecked(ClientCalls.java:214)
	at org.apache.ratis.thirdparty.io.grpc.stub.ClientCalls.blockingUnaryCall(ClientCalls.java:139)
	at org.apache.ratis.proto.grpc.RaftServerProtocolServiceGrpc$RaftServerProtocolServiceBlockingStub.requestVote(RaftServerProtocolServiceGrpc.java:265)
	at org.apache.ratis.grpc.server.GrpcServerProtocolClient.requestVote(GrpcServerProtocolClient.java:90)
	at org.apache.ratis.grpc.server.GrpcService.requestVote(GrpcService.java:204)
	at org.apache.ratis.server.impl.LeaderElection.lambda$submitRequests$1(LeaderElection.java:238)
	at java.util.concurrent.FutureTask.run(FutureTask.java:266)
	at java.util.concurrent.Executors$RunnableAdapter.call(Executors.java:511)
	at java.util.concurrent.FutureTask.run(FutureTask.java:266)
	at java.util.concurrent.ThreadPoolExecutor.runWorker(ThreadPoolExecutor.java:1149)
	at java.util.concurrent.ThreadPoolExecutor$Worker.run(ThreadPoolExecutor.java:624)
	... 1 more
Caused by: org.apache.ratis.thirdparty.io.netty.channel.AbstractChannel$AnnotatedConnectException: Connection refused: /192.168.5.175:35650
	at sun.nio.ch.SocketChannelImpl.checkConnect(Native Method)
	at sun.nio.ch.SocketChannelImpl.finishConnect(SocketChannelImpl.java:717)
	at org.apache.ratis.thirdparty.io.netty.channel.socket.nio.NioSocketChannel.doFinishConnect(NioSocketChannel.java:327)
	at org.apache.ratis.thirdparty.io.netty.channel.nio.AbstractNioChannel$AbstractNioUnsafe.finishConnect(AbstractNioChannel.java:340)
	at org.apache.ratis.thirdparty.io.netty.channel.nio.NioEventLoop.processSelectedKey(NioEventLoop.java:632)
	at org.apache.ratis.thirdparty.io.netty.channel.nio.NioEventLoop.processSelectedKeysOptimized(NioEventLoop.java:579)
	at org.apache.ratis.thirdparty.io.netty.channel.nio.NioEventLoop.processSelectedKeys(NioEventLoop.java:496)
	at org.apache.ratis.thirdparty.io.netty.channel.nio.NioEventLoop.run(NioEventLoop.java:458)
	at org.apache.ratis.thirdparty.io.netty.util.concurrent.SingleThreadEventExecutor$5.run(SingleThreadEventExecutor.java:897)
	at org.apache.ratis.thirdparty.io.netty.util.concurrent.FastThreadLocalRunnable.run(FastThreadLocalRunnable.java:30)
	... 1 more
Caused by: java.net.ConnectException: Connection refused
	... 11 more
2019-10-09 13:14:34,461 [869fbf5b-cbbd-43c6-9f26-156c5192e660@group-52AD3AA08ADE:LeaderElection241] INFO  impl.LeaderElection (LogUtils.java:infoOrTrace(149)) - 869fbf5b-cbbd-43c6-9f26-156c5192e660@group-52AD3AA08ADE:LeaderElection241 got exception when requesting votes: {}
java.util.concurrent.ExecutionException: org.apache.ratis.thirdparty.io.grpc.StatusRuntimeException: UNAVAILABLE: io exception
	at java.util.concurrent.FutureTask.report(FutureTask.java:122)
	at java.util.concurrent.FutureTask.get(FutureTask.java:192)
	at org.apache.ratis.server.impl.LeaderElection.waitForResults(LeaderElection.java:263)
	at org.apache.ratis.server.impl.LeaderElection.askForVotes(LeaderElection.java:201)
	at org.apache.ratis.server.impl.LeaderElection.run(LeaderElection.java:133)
	at java.lang.Thread.run(Thread.java:748)
Caused by: org.apache.ratis.thirdparty.io.grpc.StatusRuntimeException: UNAVAILABLE: io exception
	at org.apache.ratis.thirdparty.io.grpc.stub.ClientCalls.toStatusRuntimeException(ClientCalls.java:233)
	at org.apache.ratis.thirdparty.io.grpc.stub.ClientCalls.getUnchecked(ClientCalls.java:214)
	at org.apache.ratis.thirdparty.io.grpc.stub.ClientCalls.blockingUnaryCall(ClientCalls.java:139)
	at org.apache.ratis.proto.grpc.RaftServerProtocolServiceGrpc$RaftServerProtocolServiceBlockingStub.requestVote(RaftServerProtocolServiceGrpc.java:265)
	at org.apache.ratis.grpc.server.GrpcServerProtocolClient.requestVote(GrpcServerProtocolClient.java:90)
	at org.apache.ratis.grpc.server.GrpcService.requestVote(GrpcService.java:204)
	at org.apache.ratis.server.impl.LeaderElection.lambda$submitRequests$1(LeaderElection.java:238)
	at java.util.concurrent.FutureTask.run(FutureTask.java:266)
	at java.util.concurrent.Executors$RunnableAdapter.call(Executors.java:511)
	at java.util.concurrent.FutureTask.run(FutureTask.java:266)
	at java.util.concurrent.ThreadPoolExecutor.runWorker(ThreadPoolExecutor.java:1149)
	at java.util.concurrent.ThreadPoolExecutor$Worker.run(ThreadPoolExecutor.java:624)
	... 1 more
Caused by: org.apache.ratis.thirdparty.io.netty.channel.AbstractChannel$AnnotatedConnectException: Connection refused: /192.168.5.175:40917
	at sun.nio.ch.SocketChannelImpl.checkConnect(Native Method)
	at sun.nio.ch.SocketChannelImpl.finishConnect(SocketChannelImpl.java:717)
	at org.apache.ratis.thirdparty.io.netty.channel.socket.nio.NioSocketChannel.doFinishConnect(NioSocketChannel.java:327)
	at org.apache.ratis.thirdparty.io.netty.channel.nio.AbstractNioChannel$AbstractNioUnsafe.finishConnect(AbstractNioChannel.java:340)
	at org.apache.ratis.thirdparty.io.netty.channel.nio.NioEventLoop.processSelectedKey(NioEventLoop.java:632)
	at org.apache.ratis.thirdparty.io.netty.channel.nio.NioEventLoop.processSelectedKeysOptimized(NioEventLoop.java:579)
	at org.apache.ratis.thirdparty.io.netty.channel.nio.NioEventLoop.processSelectedKeys(NioEventLoop.java:496)
	at org.apache.ratis.thirdparty.io.netty.channel.nio.NioEventLoop.run(NioEventLoop.java:458)
	at org.apache.ratis.thirdparty.io.netty.util.concurrent.SingleThreadEventExecutor$5.run(SingleThreadEventExecutor.java:897)
	at org.apache.ratis.thirdparty.io.netty.util.concurrent.FastThreadLocalRunnable.run(FastThreadLocalRunnable.java:30)
	... 1 more
Caused by: java.net.ConnectException: Connection refused
	... 11 more
2019-10-09 13:14:34,461 [869fbf5b-cbbd-43c6-9f26-156c5192e660@group-52AD3AA08ADE:LeaderElection241] INFO  impl.LeaderElection (LeaderElection.java:logAndReturn(56)) - 869fbf5b-cbbd-43c6-9f26-156c5192e660@group-52AD3AA08ADE:LeaderElection241: Election REJECTED; received 0 response(s) [] and 2 exception(s); 869fbf5b-cbbd-43c6-9f26-156c5192e660@group-52AD3AA08ADE:t3, leader=null, voted=869fbf5b-cbbd-43c6-9f26-156c5192e660, raftlog=869fbf5b-cbbd-43c6-9f26-156c5192e660@group-52AD3AA08ADE-SegmentedRaftLog:OPENED:c2,f2,i2, conf=1: [96acbf61-3ece-4d83-9836-a217fb58817a:192.168.5.175:35650, 869fbf5b-cbbd-43c6-9f26-156c5192e660:192.168.5.175:43498, 7706a157-1a1c-49fa-abc2-2cf2041a84a7:192.168.5.175:40917], old=null
2019-10-09 13:14:34,462 [869fbf5b-cbbd-43c6-9f26-156c5192e660@group-52AD3AA08ADE:LeaderElection241] INFO  impl.LeaderElection (LogUtils.java:infoOrTrace(149)) -   Exception 0: {}
java.util.concurrent.ExecutionException: org.apache.ratis.thirdparty.io.grpc.StatusRuntimeException: UNAVAILABLE: io exception
	at java.util.concurrent.FutureTask.report(FutureTask.java:122)
	at java.util.concurrent.FutureTask.get(FutureTask.java:192)
	at org.apache.ratis.server.impl.LeaderElection.waitForResults(LeaderElection.java:263)
	at org.apache.ratis.server.impl.LeaderElection.askForVotes(LeaderElection.java:201)
	at org.apache.ratis.server.impl.LeaderElection.run(LeaderElection.java:133)
	at java.lang.Thread.run(Thread.java:748)
Caused by: org.apache.ratis.thirdparty.io.grpc.StatusRuntimeException: UNAVAILABLE: io exception
	at org.apache.ratis.thirdparty.io.grpc.stub.ClientCalls.toStatusRuntimeException(ClientCalls.java:233)
	at org.apache.ratis.thirdparty.io.grpc.stub.ClientCalls.getUnchecked(ClientCalls.java:214)
	at org.apache.ratis.thirdparty.io.grpc.stub.ClientCalls.blockingUnaryCall(ClientCalls.java:139)
	at org.apache.ratis.proto.grpc.RaftServerProtocolServiceGrpc$RaftServerProtocolServiceBlockingStub.requestVote(RaftServerProtocolServiceGrpc.java:265)
	at org.apache.ratis.grpc.server.GrpcServerProtocolClient.requestVote(GrpcServerProtocolClient.java:90)
	at org.apache.ratis.grpc.server.GrpcService.requestVote(GrpcService.java:204)
	at org.apache.ratis.server.impl.LeaderElection.lambda$submitRequests$1(LeaderElection.java:238)
	at java.util.concurrent.FutureTask.run(FutureTask.java:266)
	at java.util.concurrent.Executors$RunnableAdapter.call(Executors.java:511)
	at java.util.concurrent.FutureTask.run(FutureTask.java:266)
	at java.util.concurrent.ThreadPoolExecutor.runWorker(ThreadPoolExecutor.java:1149)
	at java.util.concurrent.ThreadPoolExecutor$Worker.run(ThreadPoolExecutor.java:624)
	... 1 more
Caused by: org.apache.ratis.thirdparty.io.netty.channel.AbstractChannel$AnnotatedConnectException: Connection refused: /192.168.5.175:35650
	at sun.nio.ch.SocketChannelImpl.checkConnect(Native Method)
	at sun.nio.ch.SocketChannelImpl.finishConnect(SocketChannelImpl.java:717)
	at org.apache.ratis.thirdparty.io.netty.channel.socket.nio.NioSocketChannel.doFinishConnect(NioSocketChannel.java:327)
	at org.apache.ratis.thirdparty.io.netty.channel.nio.AbstractNioChannel$AbstractNioUnsafe.finishConnect(AbstractNioChannel.java:340)
	at org.apache.ratis.thirdparty.io.netty.channel.nio.NioEventLoop.processSelectedKey(NioEventLoop.java:632)
	at org.apache.ratis.thirdparty.io.netty.channel.nio.NioEventLoop.processSelectedKeysOptimized(NioEventLoop.java:579)
	at org.apache.ratis.thirdparty.io.netty.channel.nio.NioEventLoop.processSelectedKeys(NioEventLoop.java:496)
	at org.apache.ratis.thirdparty.io.netty.channel.nio.NioEventLoop.run(NioEventLoop.java:458)
	at org.apache.ratis.thirdparty.io.netty.util.concurrent.SingleThreadEventExecutor$5.run(SingleThreadEventExecutor.java:897)
	at org.apache.ratis.thirdparty.io.netty.util.concurrent.FastThreadLocalRunnable.run(FastThreadLocalRunnable.java:30)
	... 1 more
Caused by: java.net.ConnectException: Connection refused
	... 11 more
2019-10-09 13:14:34,462 [869fbf5b-cbbd-43c6-9f26-156c5192e660@group-52AD3AA08ADE:LeaderElection241] INFO  impl.LeaderElection (LogUtils.java:infoOrTrace(149)) -   Exception 1: {}
java.util.concurrent.ExecutionException: org.apache.ratis.thirdparty.io.grpc.StatusRuntimeException: UNAVAILABLE: io exception
	at java.util.concurrent.FutureTask.report(FutureTask.java:122)
	at java.util.concurrent.FutureTask.get(FutureTask.java:192)
	at org.apache.ratis.server.impl.LeaderElection.waitForResults(LeaderElection.java:263)
	at org.apache.ratis.server.impl.LeaderElection.askForVotes(LeaderElection.java:201)
	at org.apache.ratis.server.impl.LeaderElection.run(LeaderElection.java:133)
	at java.lang.Thread.run(Thread.java:748)
Caused by: org.apache.ratis.thirdparty.io.grpc.StatusRuntimeException: UNAVAILABLE: io exception
	at org.apache.ratis.thirdparty.io.grpc.stub.ClientCalls.toStatusRuntimeException(ClientCalls.java:233)
	at org.apache.ratis.thirdparty.io.grpc.stub.ClientCalls.getUnchecked(ClientCalls.java:214)
	at org.apache.ratis.thirdparty.io.grpc.stub.ClientCalls.blockingUnaryCall(ClientCalls.java:139)
	at org.apache.ratis.proto.grpc.RaftServerProtocolServiceGrpc$RaftServerProtocolServiceBlockingStub.requestVote(RaftServerProtocolServiceGrpc.java:265)
	at org.apache.ratis.grpc.server.GrpcServerProtocolClient.requestVote(GrpcServerProtocolClient.java:90)
	at org.apache.ratis.grpc.server.GrpcService.requestVote(GrpcService.java:204)
	at org.apache.ratis.server.impl.LeaderElection.lambda$submitRequests$1(LeaderElection.java:238)
	at java.util.concurrent.FutureTask.run(FutureTask.java:266)
	at java.util.concurrent.Executors$RunnableAdapter.call(Executors.java:511)
	at java.util.concurrent.FutureTask.run(FutureTask.java:266)
	at java.util.concurrent.ThreadPoolExecutor.runWorker(ThreadPoolExecutor.java:1149)
	at java.util.concurrent.ThreadPoolExecutor$Worker.run(ThreadPoolExecutor.java:624)
	... 1 more
Caused by: org.apache.ratis.thirdparty.io.netty.channel.AbstractChannel$AnnotatedConnectException: Connection refused: /192.168.5.175:40917
	at sun.nio.ch.SocketChannelImpl.checkConnect(Native Method)
	at sun.nio.ch.SocketChannelImpl.finishConnect(SocketChannelImpl.java:717)
	at org.apache.ratis.thirdparty.io.netty.channel.socket.nio.NioSocketChannel.doFinishConnect(NioSocketChannel.java:327)
	at org.apache.ratis.thirdparty.io.netty.channel.nio.AbstractNioChannel$AbstractNioUnsafe.finishConnect(AbstractNioChannel.java:340)
	at org.apache.ratis.thirdparty.io.netty.channel.nio.NioEventLoop.processSelectedKey(NioEventLoop.java:632)
	at org.apache.ratis.thirdparty.io.netty.channel.nio.NioEventLoop.processSelectedKeysOptimized(NioEventLoop.java:579)
	at org.apache.ratis.thirdparty.io.netty.channel.nio.NioEventLoop.processSelectedKeys(NioEventLoop.java:496)
	at org.apache.ratis.thirdparty.io.netty.channel.nio.NioEventLoop.run(NioEventLoop.java:458)
	at org.apache.ratis.thirdparty.io.netty.util.concurrent.SingleThreadEventExecutor$5.run(SingleThreadEventExecutor.java:897)
	at org.apache.ratis.thirdparty.io.netty.util.concurrent.FastThreadLocalRunnable.run(FastThreadLocalRunnable.java:30)
	... 1 more
Caused by: java.net.ConnectException: Connection refused
	... 11 more
2019-10-09 13:14:34,462 [869fbf5b-cbbd-43c6-9f26-156c5192e660@group-52AD3AA08ADE:LeaderElection241] INFO  impl.RaftServerImpl (RaftServerImpl.java:setRole(174)) - 869fbf5b-cbbd-43c6-9f26-156c5192e660@group-52AD3AA08ADE: changes role from CANDIDATE to FOLLOWER at term 3 for DISCOVERED_A_NEW_TERM
2019-10-09 13:14:34,462 [869fbf5b-cbbd-43c6-9f26-156c5192e660@group-52AD3AA08ADE:LeaderElection241] INFO  impl.RoleInfo (RoleInfo.java:shutdownLeaderElection(134)) - 869fbf5b-cbbd-43c6-9f26-156c5192e660: shutdown LeaderElection
2019-10-09 13:14:34,462 [869fbf5b-cbbd-43c6-9f26-156c5192e660@group-52AD3AA08ADE:LeaderElection241] INFO  impl.RoleInfo (RoleInfo.java:updateAndGet(143)) - 869fbf5b-cbbd-43c6-9f26-156c5192e660: start FollowerState
2019-10-09 13:14:34,620 [grpc-default-executor-51] WARN  server.GrpcLogAppender (LogUtils.java:warn(134)) - 869fbf5b-cbbd-43c6-9f26-156c5192e660@group-7276B70EB406->96acbf61-3ece-4d83-9836-a217fb58817a-AppendLogResponseHandler: Failed appendEntries: org.apache.ratis.thirdparty.io.grpc.StatusRuntimeException: UNAVAILABLE: io exception
2019-10-09 13:14:34,621 [grpc-default-executor-51] INFO  impl.FollowerInfo (FollowerInfo.java:lambda$new$0(51)) - 869fbf5b-cbbd-43c6-9f26-156c5192e660@group-7276B70EB406->96acbf61-3ece-4d83-9836-a217fb58817a: nextIndex: updateUnconditionally 0 -> 0
2019-10-09 13:14:34,631 [grpc-default-executor-36] WARN  server.GrpcLogAppender (LogUtils.java:warn(134)) - 869fbf5b-cbbd-43c6-9f26-156c5192e660@group-7276B70EB406->162534dc-93d9-4206-ab1e-9268955c7aca-AppendLogResponseHandler: Failed appendEntries: org.apache.ratis.thirdparty.io.grpc.StatusRuntimeException: UNAVAILABLE: io exception
2019-10-09 13:14:34,632 [grpc-default-executor-36] INFO  impl.FollowerInfo (FollowerInfo.java:lambda$new$0(51)) - 869fbf5b-cbbd-43c6-9f26-156c5192e660@group-7276B70EB406->162534dc-93d9-4206-ab1e-9268955c7aca: nextIndex: updateUnconditionally 0 -> 0
2019-10-09 13:14:34,915 [Thread-7738] INFO  impl.FollowerState (FollowerState.java:run(106)) - 869fbf5b-cbbd-43c6-9f26-156c5192e660:group-014983823A3D changes to CANDIDATE, lastRpcTime:5231, electionTimeout:5050ms
2019-10-09 13:14:34,916 [Thread-7738] INFO  impl.RoleInfo (RoleInfo.java:shutdownFollowerState(121)) - 869fbf5b-cbbd-43c6-9f26-156c5192e660: shutdown FollowerState
2019-10-09 13:14:34,917 [Thread-7738] INFO  impl.RaftServerImpl (RaftServerImpl.java:setRole(174)) - 869fbf5b-cbbd-43c6-9f26-156c5192e660@group-014983823A3D: changes role from  FOLLOWER to CANDIDATE at term 2 for changeToCandidate
2019-10-09 13:14:34,917 [Thread-7738] INFO  impl.RoleInfo (RoleInfo.java:updateAndGet(143)) - 869fbf5b-cbbd-43c6-9f26-156c5192e660: start LeaderElection
2019-10-09 13:14:34,918 [869fbf5b-cbbd-43c6-9f26-156c5192e660@group-014983823A3D:LeaderElection242] INFO  impl.RaftServerImpl (ServerState.java:setLeader(253)) - 869fbf5b-cbbd-43c6-9f26-156c5192e660@group-014983823A3D: change Leader from 162534dc-93d9-4206-ab1e-9268955c7aca to null at term 2 for initElection
2019-10-09 13:14:34,933 [869fbf5b-cbbd-43c6-9f26-156c5192e660@group-014983823A3D:LeaderElection242] INFO  impl.LeaderElection (LeaderElection.java:askForVotes(182)) - 869fbf5b-cbbd-43c6-9f26-156c5192e660@group-014983823A3D:LeaderElection242: begin an election at term 3 for 1: [162534dc-93d9-4206-ab1e-9268955c7aca:192.168.5.175:32957, 96acbf61-3ece-4d83-9836-a217fb58817a:192.168.5.175:35650, 869fbf5b-cbbd-43c6-9f26-156c5192e660:192.168.5.175:43498], old=null
2019-10-09 13:14:34,947 [869fbf5b-cbbd-43c6-9f26-156c5192e660@group-014983823A3D:LeaderElection242] INFO  impl.LeaderElection (LogUtils.java:infoOrTrace(149)) - 869fbf5b-cbbd-43c6-9f26-156c5192e660@group-014983823A3D:LeaderElection242 got exception when requesting votes: {}
java.util.concurrent.ExecutionException: org.apache.ratis.thirdparty.io.grpc.StatusRuntimeException: UNAVAILABLE: io exception
	at java.util.concurrent.FutureTask.report(FutureTask.java:122)
	at java.util.concurrent.FutureTask.get(FutureTask.java:192)
	at org.apache.ratis.server.impl.LeaderElection.waitForResults(LeaderElection.java:263)
	at org.apache.ratis.server.impl.LeaderElection.askForVotes(LeaderElection.java:201)
	at org.apache.ratis.server.impl.LeaderElection.run(LeaderElection.java:133)
	at java.lang.Thread.run(Thread.java:748)
Caused by: org.apache.ratis.thirdparty.io.grpc.StatusRuntimeException: UNAVAILABLE: io exception
	at org.apache.ratis.thirdparty.io.grpc.stub.ClientCalls.toStatusRuntimeException(ClientCalls.java:233)
	at org.apache.ratis.thirdparty.io.grpc.stub.ClientCalls.getUnchecked(ClientCalls.java:214)
	at org.apache.ratis.thirdparty.io.grpc.stub.ClientCalls.blockingUnaryCall(ClientCalls.java:139)
	at org.apache.ratis.proto.grpc.RaftServerProtocolServiceGrpc$RaftServerProtocolServiceBlockingStub.requestVote(RaftServerProtocolServiceGrpc.java:265)
	at org.apache.ratis.grpc.server.GrpcServerProtocolClient.requestVote(GrpcServerProtocolClient.java:90)
	at org.apache.ratis.grpc.server.GrpcService.requestVote(GrpcService.java:204)
	at org.apache.ratis.server.impl.LeaderElection.lambda$submitRequests$1(LeaderElection.java:238)
	at java.util.concurrent.FutureTask.run(FutureTask.java:266)
	at java.util.concurrent.Executors$RunnableAdapter.call(Executors.java:511)
	at java.util.concurrent.FutureTask.run(FutureTask.java:266)
	at java.util.concurrent.ThreadPoolExecutor.runWorker(ThreadPoolExecutor.java:1149)
	at java.util.concurrent.ThreadPoolExecutor$Worker.run(ThreadPoolExecutor.java:624)
	... 1 more
Caused by: org.apache.ratis.thirdparty.io.netty.channel.AbstractChannel$AnnotatedConnectException: Connection refused: /192.168.5.175:35650
	at sun.nio.ch.SocketChannelImpl.checkConnect(Native Method)
	at sun.nio.ch.SocketChannelImpl.finishConnect(SocketChannelImpl.java:717)
	at org.apache.ratis.thirdparty.io.netty.channel.socket.nio.NioSocketChannel.doFinishConnect(NioSocketChannel.java:327)
	at org.apache.ratis.thirdparty.io.netty.channel.nio.AbstractNioChannel$AbstractNioUnsafe.finishConnect(AbstractNioChannel.java:340)
	at org.apache.ratis.thirdparty.io.netty.channel.nio.NioEventLoop.processSelectedKey(NioEventLoop.java:632)
	at org.apache.ratis.thirdparty.io.netty.channel.nio.NioEventLoop.processSelectedKeysOptimized(NioEventLoop.java:579)
	at org.apache.ratis.thirdparty.io.netty.channel.nio.NioEventLoop.processSelectedKeys(NioEventLoop.java:496)
	at org.apache.ratis.thirdparty.io.netty.channel.nio.NioEventLoop.run(NioEventLoop.java:458)
	at org.apache.ratis.thirdparty.io.netty.util.concurrent.SingleThreadEventExecutor$5.run(SingleThreadEventExecutor.java:897)
	at org.apache.ratis.thirdparty.io.netty.util.concurrent.FastThreadLocalRunnable.run(FastThreadLocalRunnable.java:30)
	... 1 more
Caused by: java.net.ConnectException: Connection refused
	... 11 more
2019-10-09 13:14:34,948 [869fbf5b-cbbd-43c6-9f26-156c5192e660@group-014983823A3D:LeaderElection242] INFO  impl.LeaderElection (LogUtils.java:infoOrTrace(149)) - 869fbf5b-cbbd-43c6-9f26-156c5192e660@group-014983823A3D:LeaderElection242 got exception when requesting votes: {}
java.util.concurrent.ExecutionException: org.apache.ratis.thirdparty.io.grpc.StatusRuntimeException: UNAVAILABLE: io exception
	at java.util.concurrent.FutureTask.report(FutureTask.java:122)
	at java.util.concurrent.FutureTask.get(FutureTask.java:192)
	at org.apache.ratis.server.impl.LeaderElection.waitForResults(LeaderElection.java:263)
	at org.apache.ratis.server.impl.LeaderElection.askForVotes(LeaderElection.java:201)
	at org.apache.ratis.server.impl.LeaderElection.run(LeaderElection.java:133)
	at java.lang.Thread.run(Thread.java:748)
Caused by: org.apache.ratis.thirdparty.io.grpc.StatusRuntimeException: UNAVAILABLE: io exception
	at org.apache.ratis.thirdparty.io.grpc.stub.ClientCalls.toStatusRuntimeException(ClientCalls.java:233)
	at org.apache.ratis.thirdparty.io.grpc.stub.ClientCalls.getUnchecked(ClientCalls.java:214)
	at org.apache.ratis.thirdparty.io.grpc.stub.ClientCalls.blockingUnaryCall(ClientCalls.java:139)
	at org.apache.ratis.proto.grpc.RaftServerProtocolServiceGrpc$RaftServerProtocolServiceBlockingStub.requestVote(RaftServerProtocolServiceGrpc.java:265)
	at org.apache.ratis.grpc.server.GrpcServerProtocolClient.requestVote(GrpcServerProtocolClient.java:90)
	at org.apache.ratis.grpc.server.GrpcService.requestVote(GrpcService.java:204)
	at org.apache.ratis.server.impl.LeaderElection.lambda$submitRequests$1(LeaderElection.java:238)
	at java.util.concurrent.FutureTask.run(FutureTask.java:266)
	at java.util.concurrent.Executors$RunnableAdapter.call(Executors.java:511)
	at java.util.concurrent.FutureTask.run(FutureTask.java:266)
	at java.util.concurrent.ThreadPoolExecutor.runWorker(ThreadPoolExecutor.java:1149)
	at java.util.concurrent.ThreadPoolExecutor$Worker.run(ThreadPoolExecutor.java:624)
	... 1 more
Caused by: org.apache.ratis.thirdparty.io.netty.channel.AbstractChannel$AnnotatedConnectException: Connection refused: /192.168.5.175:32957
	at sun.nio.ch.SocketChannelImpl.checkConnect(Native Method)
	at sun.nio.ch.SocketChannelImpl.finishConnect(SocketChannelImpl.java:717)
	at org.apache.ratis.thirdparty.io.netty.channel.socket.nio.NioSocketChannel.doFinishConnect(NioSocketChannel.java:327)
	at org.apache.ratis.thirdparty.io.netty.channel.nio.AbstractNioChannel$AbstractNioUnsafe.finishConnect(AbstractNioChannel.java:340)
	at org.apache.ratis.thirdparty.io.netty.channel.nio.NioEventLoop.processSelectedKey(NioEventLoop.java:632)
	at org.apache.ratis.thirdparty.io.netty.channel.nio.NioEventLoop.processSelectedKeysOptimized(NioEventLoop.java:579)
	at org.apache.ratis.thirdparty.io.netty.channel.nio.NioEventLoop.processSelectedKeys(NioEventLoop.java:496)
	at org.apache.ratis.thirdparty.io.netty.channel.nio.NioEventLoop.run(NioEventLoop.java:458)
	at org.apache.ratis.thirdparty.io.netty.util.concurrent.SingleThreadEventExecutor$5.run(SingleThreadEventExecutor.java:897)
	at org.apache.ratis.thirdparty.io.netty.util.concurrent.FastThreadLocalRunnable.run(FastThreadLocalRunnable.java:30)
	... 1 more
Caused by: java.net.ConnectException: Connection refused
	... 11 more
2019-10-09 13:14:34,949 [869fbf5b-cbbd-43c6-9f26-156c5192e660@group-014983823A3D:LeaderElection242] INFO  impl.LeaderElection (LeaderElection.java:logAndReturn(56)) - 869fbf5b-cbbd-43c6-9f26-156c5192e660@group-014983823A3D:LeaderElection242: Election REJECTED; received 0 response(s) [] and 2 exception(s); 869fbf5b-cbbd-43c6-9f26-156c5192e660@group-014983823A3D:t3, leader=null, voted=869fbf5b-cbbd-43c6-9f26-156c5192e660, raftlog=869fbf5b-cbbd-43c6-9f26-156c5192e660@group-014983823A3D-SegmentedRaftLog:OPENED:c2,f2,i2, conf=1: [162534dc-93d9-4206-ab1e-9268955c7aca:192.168.5.175:32957, 96acbf61-3ece-4d83-9836-a217fb58817a:192.168.5.175:35650, 869fbf5b-cbbd-43c6-9f26-156c5192e660:192.168.5.175:43498], old=null
2019-10-09 13:14:34,949 [869fbf5b-cbbd-43c6-9f26-156c5192e660@group-014983823A3D:LeaderElection242] INFO  impl.LeaderElection (LogUtils.java:infoOrTrace(149)) -   Exception 0: {}
java.util.concurrent.ExecutionException: org.apache.ratis.thirdparty.io.grpc.StatusRuntimeException: UNAVAILABLE: io exception
	at java.util.concurrent.FutureTask.report(FutureTask.java:122)
	at java.util.concurrent.FutureTask.get(FutureTask.java:192)
	at org.apache.ratis.server.impl.LeaderElection.waitForResults(LeaderElection.java:263)
	at org.apache.ratis.server.impl.LeaderElection.askForVotes(LeaderElection.java:201)
	at org.apache.ratis.server.impl.LeaderElection.run(LeaderElection.java:133)
	at java.lang.Thread.run(Thread.java:748)
Caused by: org.apache.ratis.thirdparty.io.grpc.StatusRuntimeException: UNAVAILABLE: io exception
	at org.apache.ratis.thirdparty.io.grpc.stub.ClientCalls.toStatusRuntimeException(ClientCalls.java:233)
	at org.apache.ratis.thirdparty.io.grpc.stub.ClientCalls.getUnchecked(ClientCalls.java:214)
	at org.apache.ratis.thirdparty.io.grpc.stub.ClientCalls.blockingUnaryCall(ClientCalls.java:139)
	at org.apache.ratis.proto.grpc.RaftServerProtocolServiceGrpc$RaftServerProtocolServiceBlockingStub.requestVote(RaftServerProtocolServiceGrpc.java:265)
	at org.apache.ratis.grpc.server.GrpcServerProtocolClient.requestVote(GrpcServerProtocolClient.java:90)
	at org.apache.ratis.grpc.server.GrpcService.requestVote(GrpcService.java:204)
	at org.apache.ratis.server.impl.LeaderElection.lambda$submitRequests$1(LeaderElection.java:238)
	at java.util.concurrent.FutureTask.run(FutureTask.java:266)
	at java.util.concurrent.Executors$RunnableAdapter.call(Executors.java:511)
	at java.util.concurrent.FutureTask.run(FutureTask.java:266)
	at java.util.concurrent.ThreadPoolExecutor.runWorker(ThreadPoolExecutor.java:1149)
	at java.util.concurrent.ThreadPoolExecutor$Worker.run(ThreadPoolExecutor.java:624)
	... 1 more
Caused by: org.apache.ratis.thirdparty.io.netty.channel.AbstractChannel$AnnotatedConnectException: Connection refused: /192.168.5.175:35650
	at sun.nio.ch.SocketChannelImpl.checkConnect(Native Method)
	at sun.nio.ch.SocketChannelImpl.finishConnect(SocketChannelImpl.java:717)
	at org.apache.ratis.thirdparty.io.netty.channel.socket.nio.NioSocketChannel.doFinishConnect(NioSocketChannel.java:327)
	at org.apache.ratis.thirdparty.io.netty.channel.nio.AbstractNioChannel$AbstractNioUnsafe.finishConnect(AbstractNioChannel.java:340)
	at org.apache.ratis.thirdparty.io.netty.channel.nio.NioEventLoop.processSelectedKey(NioEventLoop.java:632)
	at org.apache.ratis.thirdparty.io.netty.channel.nio.NioEventLoop.processSelectedKeysOptimized(NioEventLoop.java:579)
	at org.apache.ratis.thirdparty.io.netty.channel.nio.NioEventLoop.processSelectedKeys(NioEventLoop.java:496)
	at org.apache.ratis.thirdparty.io.netty.channel.nio.NioEventLoop.run(NioEventLoop.java:458)
	at org.apache.ratis.thirdparty.io.netty.util.concurrent.SingleThreadEventExecutor$5.run(SingleThreadEventExecutor.java:897)
	at org.apache.ratis.thirdparty.io.netty.util.concurrent.FastThreadLocalRunnable.run(FastThreadLocalRunnable.java:30)
	... 1 more
Caused by: java.net.ConnectException: Connection refused
	... 11 more
2019-10-09 13:14:34,949 [869fbf5b-cbbd-43c6-9f26-156c5192e660@group-014983823A3D:LeaderElection242] INFO  impl.LeaderElection (LogUtils.java:infoOrTrace(149)) -   Exception 1: {}
java.util.concurrent.ExecutionException: org.apache.ratis.thirdparty.io.grpc.StatusRuntimeException: UNAVAILABLE: io exception
	at java.util.concurrent.FutureTask.report(FutureTask.java:122)
	at java.util.concurrent.FutureTask.get(FutureTask.java:192)
	at org.apache.ratis.server.impl.LeaderElection.waitForResults(LeaderElection.java:263)
	at org.apache.ratis.server.impl.LeaderElection.askForVotes(LeaderElection.java:201)
	at org.apache.ratis.server.impl.LeaderElection.run(LeaderElection.java:133)
	at java.lang.Thread.run(Thread.java:748)
Caused by: org.apache.ratis.thirdparty.io.grpc.StatusRuntimeException: UNAVAILABLE: io exception
	at org.apache.ratis.thirdparty.io.grpc.stub.ClientCalls.toStatusRuntimeException(ClientCalls.java:233)
	at org.apache.ratis.thirdparty.io.grpc.stub.ClientCalls.getUnchecked(ClientCalls.java:214)
	at org.apache.ratis.thirdparty.io.grpc.stub.ClientCalls.blockingUnaryCall(ClientCalls.java:139)
	at org.apache.ratis.proto.grpc.RaftServerProtocolServiceGrpc$RaftServerProtocolServiceBlockingStub.requestVote(RaftServerProtocolServiceGrpc.java:265)
	at org.apache.ratis.grpc.server.GrpcServerProtocolClient.requestVote(GrpcServerProtocolClient.java:90)
	at org.apache.ratis.grpc.server.GrpcService.requestVote(GrpcService.java:204)
	at org.apache.ratis.server.impl.LeaderElection.lambda$submitRequests$1(LeaderElection.java:238)
	at java.util.concurrent.FutureTask.run(FutureTask.java:266)
	at java.util.concurrent.Executors$RunnableAdapter.call(Executors.java:511)
	at java.util.concurrent.FutureTask.run(FutureTask.java:266)
	at java.util.concurrent.ThreadPoolExecutor.runWorker(ThreadPoolExecutor.java:1149)
	at java.util.concurrent.ThreadPoolExecutor$Worker.run(ThreadPoolExecutor.java:624)
	... 1 more
Caused by: org.apache.ratis.thirdparty.io.netty.channel.AbstractChannel$AnnotatedConnectException: Connection refused: /192.168.5.175:32957
	at sun.nio.ch.SocketChannelImpl.checkConnect(Native Method)
	at sun.nio.ch.SocketChannelImpl.finishConnect(SocketChannelImpl.java:717)
	at org.apache.ratis.thirdparty.io.netty.channel.socket.nio.NioSocketChannel.doFinishConnect(NioSocketChannel.java:327)
	at org.apache.ratis.thirdparty.io.netty.channel.nio.AbstractNioChannel$AbstractNioUnsafe.finishConnect(AbstractNioChannel.java:340)
	at org.apache.ratis.thirdparty.io.netty.channel.nio.NioEventLoop.processSelectedKey(NioEventLoop.java:632)
	at org.apache.ratis.thirdparty.io.netty.channel.nio.NioEventLoop.processSelectedKeysOptimized(NioEventLoop.java:579)
	at org.apache.ratis.thirdparty.io.netty.channel.nio.NioEventLoop.processSelectedKeys(NioEventLoop.java:496)
	at org.apache.ratis.thirdparty.io.netty.channel.nio.NioEventLoop.run(NioEventLoop.java:458)
	at org.apache.ratis.thirdparty.io.netty.util.concurrent.SingleThreadEventExecutor$5.run(SingleThreadEventExecutor.java:897)
	at org.apache.ratis.thirdparty.io.netty.util.concurrent.FastThreadLocalRunnable.run(FastThreadLocalRunnable.java:30)
	... 1 more
Caused by: java.net.ConnectException: Connection refused
	... 11 more
2019-10-09 13:14:34,949 [869fbf5b-cbbd-43c6-9f26-156c5192e660@group-014983823A3D:LeaderElection242] INFO  impl.RaftServerImpl (RaftServerImpl.java:setRole(174)) - 869fbf5b-cbbd-43c6-9f26-156c5192e660@group-014983823A3D: changes role from CANDIDATE to FOLLOWER at term 3 for DISCOVERED_A_NEW_TERM
2019-10-09 13:14:34,950 [869fbf5b-cbbd-43c6-9f26-156c5192e660@group-014983823A3D:LeaderElection242] INFO  impl.RoleInfo (RoleInfo.java:shutdownLeaderElection(134)) - 869fbf5b-cbbd-43c6-9f26-156c5192e660: shutdown LeaderElection
2019-10-09 13:14:34,950 [869fbf5b-cbbd-43c6-9f26-156c5192e660@group-014983823A3D:LeaderElection242] INFO  impl.RoleInfo (RoleInfo.java:updateAndGet(143)) - 869fbf5b-cbbd-43c6-9f26-156c5192e660: start FollowerState
2019-10-09 13:14:35,049 [grpc-default-executor-51] WARN  server.GrpcLogAppender (LogUtils.java:warn(134)) - 869fbf5b-cbbd-43c6-9f26-156c5192e660@group-FB9E4996B38B->96acbf61-3ece-4d83-9836-a217fb58817a-AppendLogResponseHandler: Failed appendEntries: org.apache.ratis.thirdparty.io.grpc.StatusRuntimeException: UNAVAILABLE: io exception
2019-10-09 13:14:35,049 [grpc-default-executor-51] INFO  impl.FollowerInfo (FollowerInfo.java:lambda$new$0(51)) - 869fbf5b-cbbd-43c6-9f26-156c5192e660@group-FB9E4996B38B->96acbf61-3ece-4d83-9836-a217fb58817a: nextIndex: updateUnconditionally 0 -> 0
2019-10-09 13:14:35,070 [grpc-default-executor-51] WARN  server.GrpcLogAppender (LogUtils.java:warn(134)) - 869fbf5b-cbbd-43c6-9f26-156c5192e660@group-FB9E4996B38B->162534dc-93d9-4206-ab1e-9268955c7aca-AppendLogResponseHandler: Failed appendEntries: org.apache.ratis.thirdparty.io.grpc.StatusRuntimeException: UNAVAILABLE: io exception
2019-10-09 13:14:35,071 [grpc-default-executor-51] INFO  impl.FollowerInfo (FollowerInfo.java:lambda$new$0(51)) - 869fbf5b-cbbd-43c6-9f26-156c5192e660@group-FB9E4996B38B->162534dc-93d9-4206-ab1e-9268955c7aca: nextIndex: updateUnconditionally 1 -> 0
2019-10-09 13:14:35,074 [grpc-default-executor-35] WARN  server.GrpcLogAppender (LogUtils.java:warn(134)) - 869fbf5b-cbbd-43c6-9f26-156c5192e660@group-DC31737E2860->96acbf61-3ece-4d83-9836-a217fb58817a-AppendLogResponseHandler: Failed appendEntries: org.apache.ratis.thirdparty.io.grpc.StatusRuntimeException: UNAVAILABLE: io exception
2019-10-09 13:14:35,075 [grpc-default-executor-35] INFO  impl.FollowerInfo (FollowerInfo.java:lambda$new$0(51)) - 869fbf5b-cbbd-43c6-9f26-156c5192e660@group-DC31737E2860->96acbf61-3ece-4d83-9836-a217fb58817a: nextIndex: updateUnconditionally 0 -> 0
2019-10-09 13:14:35,083 [grpc-default-executor-36] WARN  server.GrpcLogAppender (LogUtils.java:warn(134)) - 869fbf5b-cbbd-43c6-9f26-156c5192e660@group-DC31737E2860->162534dc-93d9-4206-ab1e-9268955c7aca-AppendLogResponseHandler: Failed appendEntries: org.apache.ratis.thirdparty.io.grpc.StatusRuntimeException: UNAVAILABLE: io exception
2019-10-09 13:14:35,083 [grpc-default-executor-36] INFO  impl.FollowerInfo (FollowerInfo.java:lambda$new$0(51)) - 869fbf5b-cbbd-43c6-9f26-156c5192e660@group-DC31737E2860->162534dc-93d9-4206-ab1e-9268955c7aca: nextIndex: updateUnconditionally 1 -> 0
2019-10-09 13:14:35,161 [Thread-7728] INFO  impl.FollowerState (FollowerState.java:run(106)) - 869fbf5b-cbbd-43c6-9f26-156c5192e660:group-4A4B977E74D1 changes to CANDIDATE, lastRpcTime:5481, electionTimeout:5125ms
2019-10-09 13:14:35,161 [Thread-7728] INFO  impl.RoleInfo (RoleInfo.java:shutdownFollowerState(121)) - 869fbf5b-cbbd-43c6-9f26-156c5192e660: shutdown FollowerState
2019-10-09 13:14:35,161 [Thread-7728] INFO  impl.RaftServerImpl (RaftServerImpl.java:setRole(174)) - 869fbf5b-cbbd-43c6-9f26-156c5192e660@group-4A4B977E74D1: changes role from  FOLLOWER to CANDIDATE at term 2 for changeToCandidate
2019-10-09 13:14:35,161 [Thread-7728] INFO  impl.RoleInfo (RoleInfo.java:updateAndGet(143)) - 869fbf5b-cbbd-43c6-9f26-156c5192e660: start LeaderElection
2019-10-09 13:14:35,161 [869fbf5b-cbbd-43c6-9f26-156c5192e660@group-4A4B977E74D1:LeaderElection243] INFO  impl.RaftServerImpl (ServerState.java:setLeader(253)) - 869fbf5b-cbbd-43c6-9f26-156c5192e660@group-4A4B977E74D1: change Leader from 162534dc-93d9-4206-ab1e-9268955c7aca to null at term 2 for initElection
2019-10-09 13:14:35,175 [869fbf5b-cbbd-43c6-9f26-156c5192e660@group-4A4B977E74D1:LeaderElection243] INFO  impl.LeaderElection (LeaderElection.java:askForVotes(182)) - 869fbf5b-cbbd-43c6-9f26-156c5192e660@group-4A4B977E74D1:LeaderElection243: begin an election at term 3 for 17: [96acbf61-3ece-4d83-9836-a217fb58817a:192.168.5.175:35650, 162534dc-93d9-4206-ab1e-9268955c7aca:192.168.5.175:32957, 869fbf5b-cbbd-43c6-9f26-156c5192e660:192.168.5.175:43498], old=null
2019-10-09 13:14:35,177 [869fbf5b-cbbd-43c6-9f26-156c5192e660@group-4A4B977E74D1:LeaderElection243] INFO  impl.LeaderElection (LogUtils.java:infoOrTrace(149)) - 869fbf5b-cbbd-43c6-9f26-156c5192e660@group-4A4B977E74D1:LeaderElection243 got exception when requesting votes: {}
java.util.concurrent.ExecutionException: org.apache.ratis.thirdparty.io.grpc.StatusRuntimeException: UNAVAILABLE: io exception
	at java.util.concurrent.FutureTask.report(FutureTask.java:122)
	at java.util.concurrent.FutureTask.get(FutureTask.java:192)
	at org.apache.ratis.server.impl.LeaderElection.waitForResults(LeaderElection.java:263)
	at org.apache.ratis.server.impl.LeaderElection.askForVotes(LeaderElection.java:201)
	at org.apache.ratis.server.impl.LeaderElection.run(LeaderElection.java:133)
	at java.lang.Thread.run(Thread.java:748)
Caused by: org.apache.ratis.thirdparty.io.grpc.StatusRuntimeException: UNAVAILABLE: io exception
	at org.apache.ratis.thirdparty.io.grpc.stub.ClientCalls.toStatusRuntimeException(ClientCalls.java:233)
	at org.apache.ratis.thirdparty.io.grpc.stub.ClientCalls.getUnchecked(ClientCalls.java:214)
	at org.apache.ratis.thirdparty.io.grpc.stub.ClientCalls.blockingUnaryCall(ClientCalls.java:139)
	at org.apache.ratis.proto.grpc.RaftServerProtocolServiceGrpc$RaftServerProtocolServiceBlockingStub.requestVote(RaftServerProtocolServiceGrpc.java:265)
	at org.apache.ratis.grpc.server.GrpcServerProtocolClient.requestVote(GrpcServerProtocolClient.java:90)
	at org.apache.ratis.grpc.server.GrpcService.requestVote(GrpcService.java:204)
	at org.apache.ratis.server.impl.LeaderElection.lambda$submitRequests$1(LeaderElection.java:238)
	at java.util.concurrent.FutureTask.run(FutureTask.java:266)
	at java.util.concurrent.Executors$RunnableAdapter.call(Executors.java:511)
	at java.util.concurrent.FutureTask.run(FutureTask.java:266)
	at java.util.concurrent.ThreadPoolExecutor.runWorker(ThreadPoolExecutor.java:1149)
	at java.util.concurrent.ThreadPoolExecutor$Worker.run(ThreadPoolExecutor.java:624)
	... 1 more
Caused by: org.apache.ratis.thirdparty.io.netty.channel.AbstractChannel$AnnotatedConnectException: Connection refused: /192.168.5.175:32957
	at sun.nio.ch.SocketChannelImpl.checkConnect(Native Method)
	at sun.nio.ch.SocketChannelImpl.finishConnect(SocketChannelImpl.java:717)
	at org.apache.ratis.thirdparty.io.netty.channel.socket.nio.NioSocketChannel.doFinishConnect(NioSocketChannel.java:327)
	at org.apache.ratis.thirdparty.io.netty.channel.nio.AbstractNioChannel$AbstractNioUnsafe.finishConnect(AbstractNioChannel.java:340)
	at org.apache.ratis.thirdparty.io.netty.channel.nio.NioEventLoop.processSelectedKey(NioEventLoop.java:632)
	at org.apache.ratis.thirdparty.io.netty.channel.nio.NioEventLoop.processSelectedKeysOptimized(NioEventLoop.java:579)
	at org.apache.ratis.thirdparty.io.netty.channel.nio.NioEventLoop.processSelectedKeys(NioEventLoop.java:496)
	at org.apache.ratis.thirdparty.io.netty.channel.nio.NioEventLoop.run(NioEventLoop.java:458)
	at org.apache.ratis.thirdparty.io.netty.util.concurrent.SingleThreadEventExecutor$5.run(SingleThreadEventExecutor.java:897)
	at org.apache.ratis.thirdparty.io.netty.util.concurrent.FastThreadLocalRunnable.run(FastThreadLocalRunnable.java:30)
	... 1 more
Caused by: java.net.ConnectException: Connection refused
	... 11 more
2019-10-09 13:14:35,177 [869fbf5b-cbbd-43c6-9f26-156c5192e660@group-4A4B977E74D1:LeaderElection243] INFO  impl.LeaderElection (LogUtils.java:infoOrTrace(149)) - 869fbf5b-cbbd-43c6-9f26-156c5192e660@group-4A4B977E74D1:LeaderElection243 got exception when requesting votes: {}
java.util.concurrent.ExecutionException: org.apache.ratis.thirdparty.io.grpc.StatusRuntimeException: UNAVAILABLE: io exception
	at java.util.concurrent.FutureTask.report(FutureTask.java:122)
	at java.util.concurrent.FutureTask.get(FutureTask.java:192)
	at org.apache.ratis.server.impl.LeaderElection.waitForResults(LeaderElection.java:263)
	at org.apache.ratis.server.impl.LeaderElection.askForVotes(LeaderElection.java:201)
	at org.apache.ratis.server.impl.LeaderElection.run(LeaderElection.java:133)
	at java.lang.Thread.run(Thread.java:748)
Caused by: org.apache.ratis.thirdparty.io.grpc.StatusRuntimeException: UNAVAILABLE: io exception
	at org.apache.ratis.thirdparty.io.grpc.stub.ClientCalls.toStatusRuntimeException(ClientCalls.java:233)
	at org.apache.ratis.thirdparty.io.grpc.stub.ClientCalls.getUnchecked(ClientCalls.java:214)
	at org.apache.ratis.thirdparty.io.grpc.stub.ClientCalls.blockingUnaryCall(ClientCalls.java:139)
	at org.apache.ratis.proto.grpc.RaftServerProtocolServiceGrpc$RaftServerProtocolServiceBlockingStub.requestVote(RaftServerProtocolServiceGrpc.java:265)
	at org.apache.ratis.grpc.server.GrpcServerProtocolClient.requestVote(GrpcServerProtocolClient.java:90)
	at org.apache.ratis.grpc.server.GrpcService.requestVote(GrpcService.java:204)
	at org.apache.ratis.server.impl.LeaderElection.lambda$submitRequests$1(LeaderElection.java:238)
	at java.util.concurrent.FutureTask.run(FutureTask.java:266)
	at java.util.concurrent.Executors$RunnableAdapter.call(Executors.java:511)
	at java.util.concurrent.FutureTask.run(FutureTask.java:266)
	at java.util.concurrent.ThreadPoolExecutor.runWorker(ThreadPoolExecutor.java:1149)
	at java.util.concurrent.ThreadPoolExecutor$Worker.run(ThreadPoolExecutor.java:624)
	... 1 more
Caused by: org.apache.ratis.thirdparty.io.netty.channel.AbstractChannel$AnnotatedConnectException: Connection refused: /192.168.5.175:35650
	at sun.nio.ch.SocketChannelImpl.checkConnect(Native Method)
	at sun.nio.ch.SocketChannelImpl.finishConnect(SocketChannelImpl.java:717)
	at org.apache.ratis.thirdparty.io.netty.channel.socket.nio.NioSocketChannel.doFinishConnect(NioSocketChannel.java:327)
	at org.apache.ratis.thirdparty.io.netty.channel.nio.AbstractNioChannel$AbstractNioUnsafe.finishConnect(AbstractNioChannel.java:340)
	at org.apache.ratis.thirdparty.io.netty.channel.nio.NioEventLoop.processSelectedKey(NioEventLoop.java:632)
	at org.apache.ratis.thirdparty.io.netty.channel.nio.NioEventLoop.processSelectedKeysOptimized(NioEventLoop.java:579)
	at org.apache.ratis.thirdparty.io.netty.channel.nio.NioEventLoop.processSelectedKeys(NioEventLoop.java:496)
	at org.apache.ratis.thirdparty.io.netty.channel.nio.NioEventLoop.run(NioEventLoop.java:458)
	at org.apache.ratis.thirdparty.io.netty.util.concurrent.SingleThreadEventExecutor$5.run(SingleThreadEventExecutor.java:897)
	at org.apache.ratis.thirdparty.io.netty.util.concurrent.FastThreadLocalRunnable.run(FastThreadLocalRunnable.java:30)
	... 1 more
Caused by: java.net.ConnectException: Connection refused
	... 11 more
2019-10-09 13:14:35,178 [869fbf5b-cbbd-43c6-9f26-156c5192e660@group-4A4B977E74D1:LeaderElection243] INFO  impl.LeaderElection (LeaderElection.java:logAndReturn(56)) - 869fbf5b-cbbd-43c6-9f26-156c5192e660@group-4A4B977E74D1:LeaderElection243: Election REJECTED; received 0 response(s) [] and 2 exception(s); 869fbf5b-cbbd-43c6-9f26-156c5192e660@group-4A4B977E74D1:t3, leader=null, voted=869fbf5b-cbbd-43c6-9f26-156c5192e660, raftlog=869fbf5b-cbbd-43c6-9f26-156c5192e660@group-4A4B977E74D1-SegmentedRaftLog:OPENED:c18,f18,i18, conf=17: [96acbf61-3ece-4d83-9836-a217fb58817a:192.168.5.175:35650, 162534dc-93d9-4206-ab1e-9268955c7aca:192.168.5.175:32957, 869fbf5b-cbbd-43c6-9f26-156c5192e660:192.168.5.175:43498], old=null
2019-10-09 13:14:35,178 [869fbf5b-cbbd-43c6-9f26-156c5192e660@group-4A4B977E74D1:LeaderElection243] INFO  impl.LeaderElection (LogUtils.java:infoOrTrace(149)) -   Exception 0: {}
java.util.concurrent.ExecutionException: org.apache.ratis.thirdparty.io.grpc.StatusRuntimeException: UNAVAILABLE: io exception
	at java.util.concurrent.FutureTask.report(FutureTask.java:122)
	at java.util.concurrent.FutureTask.get(FutureTask.java:192)
	at org.apache.ratis.server.impl.LeaderElection.waitForResults(LeaderElection.java:263)
	at org.apache.ratis.server.impl.LeaderElection.askForVotes(LeaderElection.java:201)
	at org.apache.ratis.server.impl.LeaderElection.run(LeaderElection.java:133)
	at java.lang.Thread.run(Thread.java:748)
Caused by: org.apache.ratis.thirdparty.io.grpc.StatusRuntimeException: UNAVAILABLE: io exception
	at org.apache.ratis.thirdparty.io.grpc.stub.ClientCalls.toStatusRuntimeException(ClientCalls.java:233)
	at org.apache.ratis.thirdparty.io.grpc.stub.ClientCalls.getUnchecked(ClientCalls.java:214)
	at org.apache.ratis.thirdparty.io.grpc.stub.ClientCalls.blockingUnaryCall(ClientCalls.java:139)
	at org.apache.ratis.proto.grpc.RaftServerProtocolServiceGrpc$RaftServerProtocolServiceBlockingStub.requestVote(RaftServerProtocolServiceGrpc.java:265)
	at org.apache.ratis.grpc.server.GrpcServerProtocolClient.requestVote(GrpcServerProtocolClient.java:90)
	at org.apache.ratis.grpc.server.GrpcService.requestVote(GrpcService.java:204)
	at org.apache.ratis.server.impl.LeaderElection.lambda$submitRequests$1(LeaderElection.java:238)
	at java.util.concurrent.FutureTask.run(FutureTask.java:266)
	at java.util.concurrent.Executors$RunnableAdapter.call(Executors.java:511)
	at java.util.concurrent.FutureTask.run(FutureTask.java:266)
	at java.util.concurrent.ThreadPoolExecutor.runWorker(ThreadPoolExecutor.java:1149)
	at java.util.concurrent.ThreadPoolExecutor$Worker.run(ThreadPoolExecutor.java:624)
	... 1 more
Caused by: org.apache.ratis.thirdparty.io.netty.channel.AbstractChannel$AnnotatedConnectException: Connection refused: /192.168.5.175:32957
	at sun.nio.ch.SocketChannelImpl.checkConnect(Native Method)
	at sun.nio.ch.SocketChannelImpl.finishConnect(SocketChannelImpl.java:717)
	at org.apache.ratis.thirdparty.io.netty.channel.socket.nio.NioSocketChannel.doFinishConnect(NioSocketChannel.java:327)
	at org.apache.ratis.thirdparty.io.netty.channel.nio.AbstractNioChannel$AbstractNioUnsafe.finishConnect(AbstractNioChannel.java:340)
	at org.apache.ratis.thirdparty.io.netty.channel.nio.NioEventLoop.processSelectedKey(NioEventLoop.java:632)
	at org.apache.ratis.thirdparty.io.netty.channel.nio.NioEventLoop.processSelectedKeysOptimized(NioEventLoop.java:579)
	at org.apache.ratis.thirdparty.io.netty.channel.nio.NioEventLoop.processSelectedKeys(NioEventLoop.java:496)
	at org.apache.ratis.thirdparty.io.netty.channel.nio.NioEventLoop.run(NioEventLoop.java:458)
	at org.apache.ratis.thirdparty.io.netty.util.concurrent.SingleThreadEventExecutor$5.run(SingleThreadEventExecutor.java:897)
	at org.apache.ratis.thirdparty.io.netty.util.concurrent.FastThreadLocalRunnable.run(FastThreadLocalRunnable.java:30)
	... 1 more
Caused by: java.net.ConnectException: Connection refused
	... 11 more
2019-10-09 13:14:35,178 [869fbf5b-cbbd-43c6-9f26-156c5192e660@group-4A4B977E74D1:LeaderElection243] INFO  impl.LeaderElection (LogUtils.java:infoOrTrace(149)) -   Exception 1: {}
java.util.concurrent.ExecutionException: org.apache.ratis.thirdparty.io.grpc.StatusRuntimeException: UNAVAILABLE: io exception
	at java.util.concurrent.FutureTask.report(FutureTask.java:122)
	at java.util.concurrent.FutureTask.get(FutureTask.java:192)
	at org.apache.ratis.server.impl.LeaderElection.waitForResults(LeaderElection.java:263)
	at org.apache.ratis.server.impl.LeaderElection.askForVotes(LeaderElection.java:201)
	at org.apache.ratis.server.impl.LeaderElection.run(LeaderElection.java:133)
	at java.lang.Thread.run(Thread.java:748)
Caused by: org.apache.ratis.thirdparty.io.grpc.StatusRuntimeException: UNAVAILABLE: io exception
	at org.apache.ratis.thirdparty.io.grpc.stub.ClientCalls.toStatusRuntimeException(ClientCalls.java:233)
	at org.apache.ratis.thirdparty.io.grpc.stub.ClientCalls.getUnchecked(ClientCalls.java:214)
	at org.apache.ratis.thirdparty.io.grpc.stub.ClientCalls.blockingUnaryCall(ClientCalls.java:139)
	at org.apache.ratis.proto.grpc.RaftServerProtocolServiceGrpc$RaftServerProtocolServiceBlockingStub.requestVote(RaftServerProtocolServiceGrpc.java:265)
	at org.apache.ratis.grpc.server.GrpcServerProtocolClient.requestVote(GrpcServerProtocolClient.java:90)
	at org.apache.ratis.grpc.server.GrpcService.requestVote(GrpcService.java:204)
	at org.apache.ratis.server.impl.LeaderElection.lambda$submitRequests$1(LeaderElection.java:238)
	at java.util.concurrent.FutureTask.run(FutureTask.java:266)
	at java.util.concurrent.Executors$RunnableAdapter.call(Executors.java:511)
	at java.util.concurrent.FutureTask.run(FutureTask.java:266)
	at java.util.concurrent.ThreadPoolExecutor.runWorker(ThreadPoolExecutor.java:1149)
	at java.util.concurrent.ThreadPoolExecutor$Worker.run(ThreadPoolExecutor.java:624)
	... 1 more
Caused by: org.apache.ratis.thirdparty.io.netty.channel.AbstractChannel$AnnotatedConnectException: Connection refused: /192.168.5.175:35650
	at sun.nio.ch.SocketChannelImpl.checkConnect(Native Method)
	at sun.nio.ch.SocketChannelImpl.finishConnect(SocketChannelImpl.java:717)
	at org.apache.ratis.thirdparty.io.netty.channel.socket.nio.NioSocketChannel.doFinishConnect(NioSocketChannel.java:327)
	at org.apache.ratis.thirdparty.io.netty.channel.nio.AbstractNioChannel$AbstractNioUnsafe.finishConnect(AbstractNioChannel.java:340)
	at org.apache.ratis.thirdparty.io.netty.channel.nio.NioEventLoop.processSelectedKey(NioEventLoop.java:632)
	at org.apache.ratis.thirdparty.io.netty.channel.nio.NioEventLoop.processSelectedKeysOptimized(NioEventLoop.java:579)
	at org.apache.ratis.thirdparty.io.netty.channel.nio.NioEventLoop.processSelectedKeys(NioEventLoop.java:496)
	at org.apache.ratis.thirdparty.io.netty.channel.nio.NioEventLoop.run(NioEventLoop.java:458)
	at org.apache.ratis.thirdparty.io.netty.util.concurrent.SingleThreadEventExecutor$5.run(SingleThreadEventExecutor.java:897)
	at org.apache.ratis.thirdparty.io.netty.util.concurrent.FastThreadLocalRunnable.run(FastThreadLocalRunnable.java:30)
	... 1 more
Caused by: java.net.ConnectException: Connection refused
	... 11 more
2019-10-09 13:14:35,178 [869fbf5b-cbbd-43c6-9f26-156c5192e660@group-4A4B977E74D1:LeaderElection243] INFO  impl.RaftServerImpl (RaftServerImpl.java:setRole(174)) - 869fbf5b-cbbd-43c6-9f26-156c5192e660@group-4A4B977E74D1: changes role from CANDIDATE to FOLLOWER at term 3 for DISCOVERED_A_NEW_TERM
2019-10-09 13:14:35,179 [869fbf5b-cbbd-43c6-9f26-156c5192e660@group-4A4B977E74D1:LeaderElection243] INFO  impl.RoleInfo (RoleInfo.java:shutdownLeaderElection(134)) - 869fbf5b-cbbd-43c6-9f26-156c5192e660: shutdown LeaderElection
2019-10-09 13:14:35,179 [869fbf5b-cbbd-43c6-9f26-156c5192e660@group-4A4B977E74D1:LeaderElection243] INFO  impl.RoleInfo (RoleInfo.java:updateAndGet(143)) - 869fbf5b-cbbd-43c6-9f26-156c5192e660: start FollowerState
2019-10-09 13:14:35,181 [Thread-7599] INFO  impl.FollowerState (FollowerState.java:run(106)) - 869fbf5b-cbbd-43c6-9f26-156c5192e660:group-F494DE254AFB changes to CANDIDATE, lastRpcTime:5553, electionTimeout:5074ms
2019-10-09 13:14:35,181 [Thread-7599] INFO  impl.RoleInfo (RoleInfo.java:shutdownFollowerState(121)) - 869fbf5b-cbbd-43c6-9f26-156c5192e660: shutdown FollowerState
2019-10-09 13:14:35,182 [Thread-7599] INFO  impl.RaftServerImpl (RaftServerImpl.java:setRole(174)) - 869fbf5b-cbbd-43c6-9f26-156c5192e660@group-F494DE254AFB: changes role from  FOLLOWER to CANDIDATE at term 2 for changeToCandidate
2019-10-09 13:14:35,182 [Thread-7599] INFO  impl.RoleInfo (RoleInfo.java:updateAndGet(143)) - 869fbf5b-cbbd-43c6-9f26-156c5192e660: start LeaderElection
2019-10-09 13:14:35,182 [869fbf5b-cbbd-43c6-9f26-156c5192e660@group-F494DE254AFB:LeaderElection244] INFO  impl.RaftServerImpl (ServerState.java:setLeader(253)) - 869fbf5b-cbbd-43c6-9f26-156c5192e660@group-F494DE254AFB: change Leader from 162534dc-93d9-4206-ab1e-9268955c7aca to null at term 2 for initElection
2019-10-09 13:14:35,196 [869fbf5b-cbbd-43c6-9f26-156c5192e660@group-F494DE254AFB:LeaderElection244] INFO  impl.LeaderElection (LeaderElection.java:askForVotes(182)) - 869fbf5b-cbbd-43c6-9f26-156c5192e660@group-F494DE254AFB:LeaderElection244: begin an election at term 3 for 0: [96acbf61-3ece-4d83-9836-a217fb58817a:192.168.5.175:35650, 162534dc-93d9-4206-ab1e-9268955c7aca:192.168.5.175:32957, 869fbf5b-cbbd-43c6-9f26-156c5192e660:192.168.5.175:43498], old=null
2019-10-09 13:14:35,196 [869fbf5b-cbbd-43c6-9f26-156c5192e660@group-F494DE254AFB:LeaderElection244] INFO  impl.LeaderElection (LogUtils.java:infoOrTrace(149)) - 869fbf5b-cbbd-43c6-9f26-156c5192e660@group-F494DE254AFB:LeaderElection244 got exception when requesting votes: {}
java.util.concurrent.ExecutionException: org.apache.ratis.thirdparty.io.grpc.StatusRuntimeException: UNAVAILABLE: io exception
	at java.util.concurrent.FutureTask.report(FutureTask.java:122)
	at java.util.concurrent.FutureTask.get(FutureTask.java:192)
	at org.apache.ratis.server.impl.LeaderElection.waitForResults(LeaderElection.java:263)
	at org.apache.ratis.server.impl.LeaderElection.askForVotes(LeaderElection.java:201)
	at org.apache.ratis.server.impl.LeaderElection.run(LeaderElection.java:133)
	at java.lang.Thread.run(Thread.java:748)
Caused by: org.apache.ratis.thirdparty.io.grpc.StatusRuntimeException: UNAVAILABLE: io exception
	at org.apache.ratis.thirdparty.io.grpc.stub.ClientCalls.toStatusRuntimeException(ClientCalls.java:233)
	at org.apache.ratis.thirdparty.io.grpc.stub.ClientCalls.getUnchecked(ClientCalls.java:214)
	at org.apache.ratis.thirdparty.io.grpc.stub.ClientCalls.blockingUnaryCall(ClientCalls.java:139)
	at org.apache.ratis.proto.grpc.RaftServerProtocolServiceGrpc$RaftServerProtocolServiceBlockingStub.requestVote(RaftServerProtocolServiceGrpc.java:265)
	at org.apache.ratis.grpc.server.GrpcServerProtocolClient.requestVote(GrpcServerProtocolClient.java:90)
	at org.apache.ratis.grpc.server.GrpcService.requestVote(GrpcService.java:204)
	at org.apache.ratis.server.impl.LeaderElection.lambda$submitRequests$1(LeaderElection.java:238)
	at java.util.concurrent.FutureTask.run(FutureTask.java:266)
	at java.util.concurrent.Executors$RunnableAdapter.call(Executors.java:511)
	at java.util.concurrent.FutureTask.run(FutureTask.java:266)
	at java.util.concurrent.ThreadPoolExecutor.runWorker(ThreadPoolExecutor.java:1149)
	at java.util.concurrent.ThreadPoolExecutor$Worker.run(ThreadPoolExecutor.java:624)
	... 1 more
Caused by: org.apache.ratis.thirdparty.io.netty.channel.AbstractChannel$AnnotatedConnectException: Connection refused: /192.168.5.175:35650
	at sun.nio.ch.SocketChannelImpl.checkConnect(Native Method)
	at sun.nio.ch.SocketChannelImpl.finishConnect(SocketChannelImpl.java:717)
	at org.apache.ratis.thirdparty.io.netty.channel.socket.nio.NioSocketChannel.doFinishConnect(NioSocketChannel.java:327)
	at org.apache.ratis.thirdparty.io.netty.channel.nio.AbstractNioChannel$AbstractNioUnsafe.finishConnect(AbstractNioChannel.java:340)
	at org.apache.ratis.thirdparty.io.netty.channel.nio.NioEventLoop.processSelectedKey(NioEventLoop.java:632)
	at org.apache.ratis.thirdparty.io.netty.channel.nio.NioEventLoop.processSelectedKeysOptimized(NioEventLoop.java:579)
	at org.apache.ratis.thirdparty.io.netty.channel.nio.NioEventLoop.processSelectedKeys(NioEventLoop.java:496)
	at org.apache.ratis.thirdparty.io.netty.channel.nio.NioEventLoop.run(NioEventLoop.java:458)
	at org.apache.ratis.thirdparty.io.netty.util.concurrent.SingleThreadEventExecutor$5.run(SingleThreadEventExecutor.java:897)
	at org.apache.ratis.thirdparty.io.netty.util.concurrent.FastThreadLocalRunnable.run(FastThreadLocalRunnable.java:30)
	... 1 more
Caused by: java.net.ConnectException: Connection refused
	... 11 more
2019-10-09 13:14:35,197 [869fbf5b-cbbd-43c6-9f26-156c5192e660@group-F494DE254AFB:LeaderElection244] INFO  impl.LeaderElection (LogUtils.java:infoOrTrace(149)) - 869fbf5b-cbbd-43c6-9f26-156c5192e660@group-F494DE254AFB:LeaderElection244 got exception when requesting votes: {}
java.util.concurrent.ExecutionException: org.apache.ratis.thirdparty.io.grpc.StatusRuntimeException: UNAVAILABLE: io exception
	at java.util.concurrent.FutureTask.report(FutureTask.java:122)
	at java.util.concurrent.FutureTask.get(FutureTask.java:192)
	at org.apache.ratis.server.impl.LeaderElection.waitForResults(LeaderElection.java:263)
	at org.apache.ratis.server.impl.LeaderElection.askForVotes(LeaderElection.java:201)
	at org.apache.ratis.server.impl.LeaderElection.run(LeaderElection.java:133)
	at java.lang.Thread.run(Thread.java:748)
Caused by: org.apache.ratis.thirdparty.io.grpc.StatusRuntimeException: UNAVAILABLE: io exception
	at org.apache.ratis.thirdparty.io.grpc.stub.ClientCalls.toStatusRuntimeException(ClientCalls.java:233)
	at org.apache.ratis.thirdparty.io.grpc.stub.ClientCalls.getUnchecked(ClientCalls.java:214)
	at org.apache.ratis.thirdparty.io.grpc.stub.ClientCalls.blockingUnaryCall(ClientCalls.java:139)
	at org.apache.ratis.proto.grpc.RaftServerProtocolServiceGrpc$RaftServerProtocolServiceBlockingStub.requestVote(RaftServerProtocolServiceGrpc.java:265)
	at org.apache.ratis.grpc.server.GrpcServerProtocolClient.requestVote(GrpcServerProtocolClient.java:90)
	at org.apache.ratis.grpc.server.GrpcService.requestVote(GrpcService.java:204)
	at org.apache.ratis.server.impl.LeaderElection.lambda$submitRequests$1(LeaderElection.java:238)
	at java.util.concurrent.FutureTask.run(FutureTask.java:266)
	at java.util.concurrent.Executors$RunnableAdapter.call(Executors.java:511)
	at java.util.concurrent.FutureTask.run(FutureTask.java:266)
	at java.util.concurrent.ThreadPoolExecutor.runWorker(ThreadPoolExecutor.java:1149)
	at java.util.concurrent.ThreadPoolExecutor$Worker.run(ThreadPoolExecutor.java:624)
	... 1 more
Caused by: org.apache.ratis.thirdparty.io.netty.channel.AbstractChannel$AnnotatedConnectException: Connection refused: /192.168.5.175:32957
	at sun.nio.ch.SocketChannelImpl.checkConnect(Native Method)
	at sun.nio.ch.SocketChannelImpl.finishConnect(SocketChannelImpl.java:717)
	at org.apache.ratis.thirdparty.io.netty.channel.socket.nio.NioSocketChannel.doFinishConnect(NioSocketChannel.java:327)
	at org.apache.ratis.thirdparty.io.netty.channel.nio.AbstractNioChannel$AbstractNioUnsafe.finishConnect(AbstractNioChannel.java:340)
	at org.apache.ratis.thirdparty.io.netty.channel.nio.NioEventLoop.processSelectedKey(NioEventLoop.java:632)
	at org.apache.ratis.thirdparty.io.netty.channel.nio.NioEventLoop.processSelectedKeysOptimized(NioEventLoop.java:579)
	at org.apache.ratis.thirdparty.io.netty.channel.nio.NioEventLoop.processSelectedKeys(NioEventLoop.java:496)
	at org.apache.ratis.thirdparty.io.netty.channel.nio.NioEventLoop.run(NioEventLoop.java:458)
	at org.apache.ratis.thirdparty.io.netty.util.concurrent.SingleThreadEventExecutor$5.run(SingleThreadEventExecutor.java:897)
	at org.apache.ratis.thirdparty.io.netty.util.concurrent.FastThreadLocalRunnable.run(FastThreadLocalRunnable.java:30)
	... 1 more
Caused by: java.net.ConnectException: Connection refused
	... 11 more
2019-10-09 13:14:35,197 [869fbf5b-cbbd-43c6-9f26-156c5192e660@group-F494DE254AFB:LeaderElection244] INFO  impl.LeaderElection (LeaderElection.java:logAndReturn(56)) - 869fbf5b-cbbd-43c6-9f26-156c5192e660@group-F494DE254AFB:LeaderElection244: Election REJECTED; received 0 response(s) [] and 2 exception(s); 869fbf5b-cbbd-43c6-9f26-156c5192e660@group-F494DE254AFB:t3, leader=null, voted=869fbf5b-cbbd-43c6-9f26-156c5192e660, raftlog=869fbf5b-cbbd-43c6-9f26-156c5192e660@group-F494DE254AFB-SegmentedRaftLog:OPENED:c0,f0,i0, conf=0: [96acbf61-3ece-4d83-9836-a217fb58817a:192.168.5.175:35650, 162534dc-93d9-4206-ab1e-9268955c7aca:192.168.5.175:32957, 869fbf5b-cbbd-43c6-9f26-156c5192e660:192.168.5.175:43498], old=null
2019-10-09 13:14:35,197 [869fbf5b-cbbd-43c6-9f26-156c5192e660@group-F494DE254AFB:LeaderElection244] INFO  impl.LeaderElection (LogUtils.java:infoOrTrace(149)) -   Exception 0: {}
java.util.concurrent.ExecutionException: org.apache.ratis.thirdparty.io.grpc.StatusRuntimeException: UNAVAILABLE: io exception
	at java.util.concurrent.FutureTask.report(FutureTask.java:122)
	at java.util.concurrent.FutureTask.get(FutureTask.java:192)
	at org.apache.ratis.server.impl.LeaderElection.waitForResults(LeaderElection.java:263)
	at org.apache.ratis.server.impl.LeaderElection.askForVotes(LeaderElection.java:201)
	at org.apache.ratis.server.impl.LeaderElection.run(LeaderElection.java:133)
	at java.lang.Thread.run(Thread.java:748)
Caused by: org.apache.ratis.thirdparty.io.grpc.StatusRuntimeException: UNAVAILABLE: io exception
	at org.apache.ratis.thirdparty.io.grpc.stub.ClientCalls.toStatusRuntimeException(ClientCalls.java:233)
	at org.apache.ratis.thirdparty.io.grpc.stub.ClientCalls.getUnchecked(ClientCalls.java:214)
	at org.apache.ratis.thirdparty.io.grpc.stub.ClientCalls.blockingUnaryCall(ClientCalls.java:139)
	at org.apache.ratis.proto.grpc.RaftServerProtocolServiceGrpc$RaftServerProtocolServiceBlockingStub.requestVote(RaftServerProtocolServiceGrpc.java:265)
	at org.apache.ratis.grpc.server.GrpcServerProtocolClient.requestVote(GrpcServerProtocolClient.java:90)
	at org.apache.ratis.grpc.server.GrpcService.requestVote(GrpcService.java:204)
	at org.apache.ratis.server.impl.LeaderElection.lambda$submitRequests$1(LeaderElection.java:238)
	at java.util.concurrent.FutureTask.run(FutureTask.java:266)
	at java.util.concurrent.Executors$RunnableAdapter.call(Executors.java:511)
	at java.util.concurrent.FutureTask.run(FutureTask.java:266)
	at java.util.concurrent.ThreadPoolExecutor.runWorker(ThreadPoolExecutor.java:1149)
	at java.util.concurrent.ThreadPoolExecutor$Worker.run(ThreadPoolExecutor.java:624)
	... 1 more
Caused by: org.apache.ratis.thirdparty.io.netty.channel.AbstractChannel$AnnotatedConnectException: Connection refused: /192.168.5.175:35650
	at sun.nio.ch.SocketChannelImpl.checkConnect(Native Method)
	at sun.nio.ch.SocketChannelImpl.finishConnect(SocketChannelImpl.java:717)
	at org.apache.ratis.thirdparty.io.netty.channel.socket.nio.NioSocketChannel.doFinishConnect(NioSocketChannel.java:327)
	at org.apache.ratis.thirdparty.io.netty.channel.nio.AbstractNioChannel$AbstractNioUnsafe.finishConnect(AbstractNioChannel.java:340)
	at org.apache.ratis.thirdparty.io.netty.channel.nio.NioEventLoop.processSelectedKey(NioEventLoop.java:632)
	at org.apache.ratis.thirdparty.io.netty.channel.nio.NioEventLoop.processSelectedKeysOptimized(NioEventLoop.java:579)
	at org.apache.ratis.thirdparty.io.netty.channel.nio.NioEventLoop.processSelectedKeys(NioEventLoop.java:496)
	at org.apache.ratis.thirdparty.io.netty.channel.nio.NioEventLoop.run(NioEventLoop.java:458)
	at org.apache.ratis.thirdparty.io.netty.util.concurrent.SingleThreadEventExecutor$5.run(SingleThreadEventExecutor.java:897)
	at org.apache.ratis.thirdparty.io.netty.util.concurrent.FastThreadLocalRunnable.run(FastThreadLocalRunnable.java:30)
	... 1 more
Caused by: java.net.ConnectException: Connection refused
	... 11 more
2019-10-09 13:14:35,198 [869fbf5b-cbbd-43c6-9f26-156c5192e660@group-F494DE254AFB:LeaderElection244] INFO  impl.LeaderElection (LogUtils.java:infoOrTrace(149)) -   Exception 1: {}
java.util.concurrent.ExecutionException: org.apache.ratis.thirdparty.io.grpc.StatusRuntimeException: UNAVAILABLE: io exception
	at java.util.concurrent.FutureTask.report(FutureTask.java:122)
	at java.util.concurrent.FutureTask.get(FutureTask.java:192)
	at org.apache.ratis.server.impl.LeaderElection.waitForResults(LeaderElection.java:263)
	at org.apache.ratis.server.impl.LeaderElection.askForVotes(LeaderElection.java:201)
	at org.apache.ratis.server.impl.LeaderElection.run(LeaderElection.java:133)
	at java.lang.Thread.run(Thread.java:748)
Caused by: org.apache.ratis.thirdparty.io.grpc.StatusRuntimeException: UNAVAILABLE: io exception
	at org.apache.ratis.thirdparty.io.grpc.stub.ClientCalls.toStatusRuntimeException(ClientCalls.java:233)
	at org.apache.ratis.thirdparty.io.grpc.stub.ClientCalls.getUnchecked(ClientCalls.java:214)
	at org.apache.ratis.thirdparty.io.grpc.stub.ClientCalls.blockingUnaryCall(ClientCalls.java:139)
	at org.apache.ratis.proto.grpc.RaftServerProtocolServiceGrpc$RaftServerProtocolServiceBlockingStub.requestVote(RaftServerProtocolServiceGrpc.java:265)
	at org.apache.ratis.grpc.server.GrpcServerProtocolClient.requestVote(GrpcServerProtocolClient.java:90)
	at org.apache.ratis.grpc.server.GrpcService.requestVote(GrpcService.java:204)
	at org.apache.ratis.server.impl.LeaderElection.lambda$submitRequests$1(LeaderElection.java:238)
	at java.util.concurrent.FutureTask.run(FutureTask.java:266)
	at java.util.concurrent.Executors$RunnableAdapter.call(Executors.java:511)
	at java.util.concurrent.FutureTask.run(FutureTask.java:266)
	at java.util.concurrent.ThreadPoolExecutor.runWorker(ThreadPoolExecutor.java:1149)
	at java.util.concurrent.ThreadPoolExecutor$Worker.run(ThreadPoolExecutor.java:624)
	... 1 more
Caused by: org.apache.ratis.thirdparty.io.netty.channel.AbstractChannel$AnnotatedConnectException: Connection refused: /192.168.5.175:32957
	at sun.nio.ch.SocketChannelImpl.checkConnect(Native Method)
	at sun.nio.ch.SocketChannelImpl.finishConnect(SocketChannelImpl.java:717)
	at org.apache.ratis.thirdparty.io.netty.channel.socket.nio.NioSocketChannel.doFinishConnect(NioSocketChannel.java:327)
	at org.apache.ratis.thirdparty.io.netty.channel.nio.AbstractNioChannel$AbstractNioUnsafe.finishConnect(AbstractNioChannel.java:340)
	at org.apache.ratis.thirdparty.io.netty.channel.nio.NioEventLoop.processSelectedKey(NioEventLoop.java:632)
	at org.apache.ratis.thirdparty.io.netty.channel.nio.NioEventLoop.processSelectedKeysOptimized(NioEventLoop.java:579)
	at org.apache.ratis.thirdparty.io.netty.channel.nio.NioEventLoop.processSelectedKeys(NioEventLoop.java:496)
	at org.apache.ratis.thirdparty.io.netty.channel.nio.NioEventLoop.run(NioEventLoop.java:458)
	at org.apache.ratis.thirdparty.io.netty.util.concurrent.SingleThreadEventExecutor$5.run(SingleThreadEventExecutor.java:897)
	at org.apache.ratis.thirdparty.io.netty.util.concurrent.FastThreadLocalRunnable.run(FastThreadLocalRunnable.java:30)
	... 1 more
Caused by: java.net.ConnectException: Connection refused
	... 11 more
2019-10-09 13:14:35,198 [869fbf5b-cbbd-43c6-9f26-156c5192e660@group-F494DE254AFB:LeaderElection244] INFO  impl.RaftServerImpl (RaftServerImpl.java:setRole(174)) - 869fbf5b-cbbd-43c6-9f26-156c5192e660@group-F494DE254AFB: changes role from CANDIDATE to FOLLOWER at term 3 for DISCOVERED_A_NEW_TERM
2019-10-09 13:14:35,198 [869fbf5b-cbbd-43c6-9f26-156c5192e660@group-F494DE254AFB:LeaderElection244] INFO  impl.RoleInfo (RoleInfo.java:shutdownLeaderElection(134)) - 869fbf5b-cbbd-43c6-9f26-156c5192e660: shutdown LeaderElection
2019-10-09 13:14:35,198 [869fbf5b-cbbd-43c6-9f26-156c5192e660@group-F494DE254AFB:LeaderElection244] INFO  impl.RoleInfo (RoleInfo.java:updateAndGet(143)) - 869fbf5b-cbbd-43c6-9f26-156c5192e660: start FollowerState
2019-10-09 13:14:35,210 [grpc-default-executor-36] WARN  server.GrpcLogAppender (LogUtils.java:warn(134)) - 869fbf5b-cbbd-43c6-9f26-156c5192e660@group-19F276FA9099->96acbf61-3ece-4d83-9836-a217fb58817a-AppendLogResponseHandler: Failed appendEntries: org.apache.ratis.thirdparty.io.grpc.StatusRuntimeException: UNAVAILABLE: io exception
2019-10-09 13:14:35,210 [grpc-default-executor-36] INFO  impl.FollowerInfo (FollowerInfo.java:lambda$new$0(51)) - 869fbf5b-cbbd-43c6-9f26-156c5192e660@group-19F276FA9099->96acbf61-3ece-4d83-9836-a217fb58817a: nextIndex: updateUnconditionally 0 -> 0
2019-10-09 13:14:35,220 [grpc-default-executor-36] WARN  server.GrpcLogAppender (LogUtils.java:warn(134)) - 869fbf5b-cbbd-43c6-9f26-156c5192e660@group-19F276FA9099->162534dc-93d9-4206-ab1e-9268955c7aca-AppendLogResponseHandler: Failed appendEntries: org.apache.ratis.thirdparty.io.grpc.StatusRuntimeException: UNAVAILABLE: io exception
2019-10-09 13:14:35,220 [grpc-default-executor-36] INFO  impl.FollowerInfo (FollowerInfo.java:lambda$new$0(51)) - 869fbf5b-cbbd-43c6-9f26-156c5192e660@group-19F276FA9099->162534dc-93d9-4206-ab1e-9268955c7aca: nextIndex: updateUnconditionally 1 -> 0
2019-10-09 13:14:35,260 [EventQueue-StaleNodeForStaleNodeHandler] INFO  node.StaleNodeHandler (StaleNodeHandler.java:onMessage(58)) - Datanode 2c69c56f-4b33-4231-936a-bbd24e83d692{ip: 192.168.5.175, host: pr-hdds-1569-mfl88-1504498049, networkLocation: /default-rack, certSerialId: null} moved to stale state. Finalizing its pipelines [PipelineID=9d00c015-ba4d-43f8-91ec-14df45b217b5, PipelineID=f17b09da-59b2-4796-8b99-23928901d0c4]
2019-10-09 13:14:35,261 [EventQueue-StaleNodeForStaleNodeHandler] INFO  pipeline.SCMPipelineManager (SCMPipelineManager.java:finalizeAndDestroyPipeline(342)) - destroying pipeline:Pipeline[ Id: 9d00c015-ba4d-43f8-91ec-14df45b217b5, Nodes: 2c69c56f-4b33-4231-936a-bbd24e83d692{ip: 192.168.5.175, host: pr-hdds-1569-mfl88-1504498049, networkLocation: /default-rack, certSerialId: null}96acbf61-3ece-4d83-9836-a217fb58817a{ip: 192.168.5.175, host: pr-hdds-1569-mfl88-1504498049, networkLocation: /default-rack, certSerialId: null}7706a157-1a1c-49fa-abc2-2cf2041a84a7{ip: 192.168.5.175, host: pr-hdds-1569-mfl88-1504498049, networkLocation: /default-rack, certSerialId: null}, Type:RATIS, Factor:THREE, State:CLOSED]
2019-10-09 13:14:35,261 [EventQueue-StaleNodeForStaleNodeHandler] INFO  pipeline.SCMPipelineManager (SCMPipelineManager.java:finalizeAndDestroyPipeline(342)) - destroying pipeline:Pipeline[ Id: f17b09da-59b2-4796-8b99-23928901d0c4, Nodes: 2c69c56f-4b33-4231-936a-bbd24e83d692{ip: 192.168.5.175, host: pr-hdds-1569-mfl88-1504498049, networkLocation: /default-rack, certSerialId: null}, Type:RATIS, Factor:ONE, State:OPEN]
2019-10-09 13:14:35,262 [EventQueue-StaleNodeForStaleNodeHandler] INFO  pipeline.PipelineStateManager (PipelineStateManager.java:finalizePipeline(123)) - Pipeline Pipeline[ Id: f17b09da-59b2-4796-8b99-23928901d0c4, Nodes: 2c69c56f-4b33-4231-936a-bbd24e83d692{ip: 192.168.5.175, host: pr-hdds-1569-mfl88-1504498049, networkLocation: /default-rack, certSerialId: null}, Type:RATIS, Factor:ONE, State:CLOSED] moved to CLOSED state
2019-10-09 13:14:35,381 [Thread-7638] INFO  impl.FollowerState (FollowerState.java:run(106)) - 869fbf5b-cbbd-43c6-9f26-156c5192e660:group-227D833B6095 changes to CANDIDATE, lastRpcTime:5680, electionTimeout:5153ms
2019-10-09 13:14:35,381 [Thread-7638] INFO  impl.RoleInfo (RoleInfo.java:shutdownFollowerState(121)) - 869fbf5b-cbbd-43c6-9f26-156c5192e660: shutdown FollowerState
2019-10-09 13:14:35,381 [Thread-7638] INFO  impl.RaftServerImpl (RaftServerImpl.java:setRole(174)) - 869fbf5b-cbbd-43c6-9f26-156c5192e660@group-227D833B6095: changes role from  FOLLOWER to CANDIDATE at term 2 for changeToCandidate
2019-10-09 13:14:35,382 [Thread-7638] INFO  impl.RoleInfo (RoleInfo.java:updateAndGet(143)) - 869fbf5b-cbbd-43c6-9f26-156c5192e660: start LeaderElection
2019-10-09 13:14:35,382 [869fbf5b-cbbd-43c6-9f26-156c5192e660@group-227D833B6095:LeaderElection245] INFO  impl.RaftServerImpl (ServerState.java:setLeader(253)) - 869fbf5b-cbbd-43c6-9f26-156c5192e660@group-227D833B6095: change Leader from 162534dc-93d9-4206-ab1e-9268955c7aca to null at term 2 for initElection
2019-10-09 13:14:35,397 [869fbf5b-cbbd-43c6-9f26-156c5192e660@group-227D833B6095:LeaderElection245] INFO  impl.LeaderElection (LeaderElection.java:askForVotes(182)) - 869fbf5b-cbbd-43c6-9f26-156c5192e660@group-227D833B6095:LeaderElection245: begin an election at term 3 for 1: [162534dc-93d9-4206-ab1e-9268955c7aca:192.168.5.175:32957, 96acbf61-3ece-4d83-9836-a217fb58817a:192.168.5.175:35650, 869fbf5b-cbbd-43c6-9f26-156c5192e660:192.168.5.175:43498], old=null
2019-10-09 13:14:35,399 [869fbf5b-cbbd-43c6-9f26-156c5192e660@group-227D833B6095:LeaderElection245] INFO  impl.LeaderElection (LogUtils.java:infoOrTrace(149)) - 869fbf5b-cbbd-43c6-9f26-156c5192e660@group-227D833B6095:LeaderElection245 got exception when requesting votes: {}
java.util.concurrent.ExecutionException: org.apache.ratis.thirdparty.io.grpc.StatusRuntimeException: UNAVAILABLE: io exception
	at java.util.concurrent.FutureTask.report(FutureTask.java:122)
	at java.util.concurrent.FutureTask.get(FutureTask.java:192)
	at org.apache.ratis.server.impl.LeaderElection.waitForResults(LeaderElection.java:263)
	at org.apache.ratis.server.impl.LeaderElection.askForVotes(LeaderElection.java:201)
	at org.apache.ratis.server.impl.LeaderElection.run(LeaderElection.java:133)
	at java.lang.Thread.run(Thread.java:748)
Caused by: org.apache.ratis.thirdparty.io.grpc.StatusRuntimeException: UNAVAILABLE: io exception
	at org.apache.ratis.thirdparty.io.grpc.stub.ClientCalls.toStatusRuntimeException(ClientCalls.java:233)
	at org.apache.ratis.thirdparty.io.grpc.stub.ClientCalls.getUnchecked(ClientCalls.java:214)
	at org.apache.ratis.thirdparty.io.grpc.stub.ClientCalls.blockingUnaryCall(ClientCalls.java:139)
	at org.apache.ratis.proto.grpc.RaftServerProtocolServiceGrpc$RaftServerProtocolServiceBlockingStub.requestVote(RaftServerProtocolServiceGrpc.java:265)
	at org.apache.ratis.grpc.server.GrpcServerProtocolClient.requestVote(GrpcServerProtocolClient.java:90)
	at org.apache.ratis.grpc.server.GrpcService.requestVote(GrpcService.java:204)
	at org.apache.ratis.server.impl.LeaderElection.lambda$submitRequests$1(LeaderElection.java:238)
	at java.util.concurrent.FutureTask.run(FutureTask.java:266)
	at java.util.concurrent.Executors$RunnableAdapter.call(Executors.java:511)
	at java.util.concurrent.FutureTask.run(FutureTask.java:266)
	at java.util.concurrent.ThreadPoolExecutor.runWorker(ThreadPoolExecutor.java:1149)
	at java.util.concurrent.ThreadPoolExecutor$Worker.run(ThreadPoolExecutor.java:624)
	... 1 more
Caused by: org.apache.ratis.thirdparty.io.netty.channel.AbstractChannel$AnnotatedConnectException: Connection refused: /192.168.5.175:32957
	at sun.nio.ch.SocketChannelImpl.checkConnect(Native Method)
	at sun.nio.ch.SocketChannelImpl.finishConnect(SocketChannelImpl.java:717)
	at org.apache.ratis.thirdparty.io.netty.channel.socket.nio.NioSocketChannel.doFinishConnect(NioSocketChannel.java:327)
	at org.apache.ratis.thirdparty.io.netty.channel.nio.AbstractNioChannel$AbstractNioUnsafe.finishConnect(AbstractNioChannel.java:340)
	at org.apache.ratis.thirdparty.io.netty.channel.nio.NioEventLoop.processSelectedKey(NioEventLoop.java:632)
	at org.apache.ratis.thirdparty.io.netty.channel.nio.NioEventLoop.processSelectedKeysOptimized(NioEventLoop.java:579)
	at org.apache.ratis.thirdparty.io.netty.channel.nio.NioEventLoop.processSelectedKeys(NioEventLoop.java:496)
	at org.apache.ratis.thirdparty.io.netty.channel.nio.NioEventLoop.run(NioEventLoop.java:458)
	at org.apache.ratis.thirdparty.io.netty.util.concurrent.SingleThreadEventExecutor$5.run(SingleThreadEventExecutor.java:897)
	at org.apache.ratis.thirdparty.io.netty.util.concurrent.FastThreadLocalRunnable.run(FastThreadLocalRunnable.java:30)
	... 1 more
Caused by: java.net.ConnectException: Connection refused
	... 11 more
2019-10-09 13:14:35,400 [grpc-default-executor-51] WARN  server.GrpcLogAppender (LogUtils.java:warn(134)) - 869fbf5b-cbbd-43c6-9f26-156c5192e660@group-986902F1898E->96acbf61-3ece-4d83-9836-a217fb58817a-AppendLogResponseHandler: Failed appendEntries: org.apache.ratis.thirdparty.io.grpc.StatusRuntimeException: UNAVAILABLE: io exception
2019-10-09 13:14:35,400 [869fbf5b-cbbd-43c6-9f26-156c5192e660@group-227D833B6095:LeaderElection245] INFO  impl.LeaderElection (LogUtils.java:infoOrTrace(149)) - 869fbf5b-cbbd-43c6-9f26-156c5192e660@group-227D833B6095:LeaderElection245 got exception when requesting votes: {}
java.util.concurrent.ExecutionException: org.apache.ratis.thirdparty.io.grpc.StatusRuntimeException: UNAVAILABLE: io exception
	at java.util.concurrent.FutureTask.report(FutureTask.java:122)
	at java.util.concurrent.FutureTask.get(FutureTask.java:192)
	at org.apache.ratis.server.impl.LeaderElection.waitForResults(LeaderElection.java:263)
	at org.apache.ratis.server.impl.LeaderElection.askForVotes(LeaderElection.java:201)
	at org.apache.ratis.server.impl.LeaderElection.run(LeaderElection.java:133)
	at java.lang.Thread.run(Thread.java:748)
Caused by: org.apache.ratis.thirdparty.io.grpc.StatusRuntimeException: UNAVAILABLE: io exception
	at org.apache.ratis.thirdparty.io.grpc.stub.ClientCalls.toStatusRuntimeException(ClientCalls.java:233)
	at org.apache.ratis.thirdparty.io.grpc.stub.ClientCalls.getUnchecked(ClientCalls.java:214)
	at org.apache.ratis.thirdparty.io.grpc.stub.ClientCalls.blockingUnaryCall(ClientCalls.java:139)
	at org.apache.ratis.proto.grpc.RaftServerProtocolServiceGrpc$RaftServerProtocolServiceBlockingStub.requestVote(RaftServerProtocolServiceGrpc.java:265)
	at org.apache.ratis.grpc.server.GrpcServerProtocolClient.requestVote(GrpcServerProtocolClient.java:90)
	at org.apache.ratis.grpc.server.GrpcService.requestVote(GrpcService.java:204)
	at org.apache.ratis.server.impl.LeaderElection.lambda$submitRequests$1(LeaderElection.java:238)
	at java.util.concurrent.FutureTask.run(FutureTask.java:266)
	at java.util.concurrent.Executors$RunnableAdapter.call(Executors.java:511)
	at java.util.concurrent.FutureTask.run(FutureTask.java:266)
	at java.util.concurrent.ThreadPoolExecutor.runWorker(ThreadPoolExecutor.java:1149)
	at java.util.concurrent.ThreadPoolExecutor$Worker.run(ThreadPoolExecutor.java:624)
	... 1 more
Caused by: org.apache.ratis.thirdparty.io.netty.channel.AbstractChannel$AnnotatedConnectException: Connection refused: /192.168.5.175:35650
	at sun.nio.ch.SocketChannelImpl.checkConnect(Native Method)
	at sun.nio.ch.SocketChannelImpl.finishConnect(SocketChannelImpl.java:717)
	at org.apache.ratis.thirdparty.io.netty.channel.socket.nio.NioSocketChannel.doFinishConnect(NioSocketChannel.java:327)
	at org.apache.ratis.thirdparty.io.netty.channel.nio.AbstractNioChannel$AbstractNioUnsafe.finishConnect(AbstractNioChannel.java:340)
	at org.apache.ratis.thirdparty.io.netty.channel.nio.NioEventLoop.processSelectedKey(NioEventLoop.java:632)
	at org.apache.ratis.thirdparty.io.netty.channel.nio.NioEventLoop.processSelectedKeysOptimized(NioEventLoop.java:579)
	at org.apache.ratis.thirdparty.io.netty.channel.nio.NioEventLoop.processSelectedKeys(NioEventLoop.java:496)
	at org.apache.ratis.thirdparty.io.netty.channel.nio.NioEventLoop.run(NioEventLoop.java:458)
	at org.apache.ratis.thirdparty.io.netty.util.concurrent.SingleThreadEventExecutor$5.run(SingleThreadEventExecutor.java:897)
	at org.apache.ratis.thirdparty.io.netty.util.concurrent.FastThreadLocalRunnable.run(FastThreadLocalRunnable.java:30)
	... 1 more
Caused by: java.net.ConnectException: Connection refused
	... 11 more
2019-10-09 13:14:35,401 [grpc-default-executor-51] INFO  impl.FollowerInfo (FollowerInfo.java:lambda$new$0(51)) - 869fbf5b-cbbd-43c6-9f26-156c5192e660@group-986902F1898E->96acbf61-3ece-4d83-9836-a217fb58817a: nextIndex: updateUnconditionally 0 -> 0
2019-10-09 13:14:35,401 [869fbf5b-cbbd-43c6-9f26-156c5192e660@group-227D833B6095:LeaderElection245] INFO  impl.LeaderElection (LeaderElection.java:logAndReturn(56)) - 869fbf5b-cbbd-43c6-9f26-156c5192e660@group-227D833B6095:LeaderElection245: Election REJECTED; received 0 response(s) [] and 2 exception(s); 869fbf5b-cbbd-43c6-9f26-156c5192e660@group-227D833B6095:t3, leader=null, voted=869fbf5b-cbbd-43c6-9f26-156c5192e660, raftlog=869fbf5b-cbbd-43c6-9f26-156c5192e660@group-227D833B6095-SegmentedRaftLog:OPENED:c2,f2,i2, conf=1: [162534dc-93d9-4206-ab1e-9268955c7aca:192.168.5.175:32957, 96acbf61-3ece-4d83-9836-a217fb58817a:192.168.5.175:35650, 869fbf5b-cbbd-43c6-9f26-156c5192e660:192.168.5.175:43498], old=null
2019-10-09 13:14:35,402 [869fbf5b-cbbd-43c6-9f26-156c5192e660@group-227D833B6095:LeaderElection245] INFO  impl.LeaderElection (LogUtils.java:infoOrTrace(149)) -   Exception 0: {}
java.util.concurrent.ExecutionException: org.apache.ratis.thirdparty.io.grpc.StatusRuntimeException: UNAVAILABLE: io exception
	at java.util.concurrent.FutureTask.report(FutureTask.java:122)
	at java.util.concurrent.FutureTask.get(FutureTask.java:192)
	at org.apache.ratis.server.impl.LeaderElection.waitForResults(LeaderElection.java:263)
	at org.apache.ratis.server.impl.LeaderElection.askForVotes(LeaderElection.java:201)
	at org.apache.ratis.server.impl.LeaderElection.run(LeaderElection.java:133)
	at java.lang.Thread.run(Thread.java:748)
Caused by: org.apache.ratis.thirdparty.io.grpc.StatusRuntimeException: UNAVAILABLE: io exception
	at org.apache.ratis.thirdparty.io.grpc.stub.ClientCalls.toStatusRuntimeException(ClientCalls.java:233)
	at org.apache.ratis.thirdparty.io.grpc.stub.ClientCalls.getUnchecked(ClientCalls.java:214)
	at org.apache.ratis.thirdparty.io.grpc.stub.ClientCalls.blockingUnaryCall(ClientCalls.java:139)
	at org.apache.ratis.proto.grpc.RaftServerProtocolServiceGrpc$RaftServerProtocolServiceBlockingStub.requestVote(RaftServerProtocolServiceGrpc.java:265)
	at org.apache.ratis.grpc.server.GrpcServerProtocolClient.requestVote(GrpcServerProtocolClient.java:90)
	at org.apache.ratis.grpc.server.GrpcService.requestVote(GrpcService.java:204)
	at org.apache.ratis.server.impl.LeaderElection.lambda$submitRequests$1(LeaderElection.java:238)
	at java.util.concurrent.FutureTask.run(FutureTask.java:266)
	at java.util.concurrent.Executors$RunnableAdapter.call(Executors.java:511)
	at java.util.concurrent.FutureTask.run(FutureTask.java:266)
	at java.util.concurrent.ThreadPoolExecutor.runWorker(ThreadPoolExecutor.java:1149)
	at java.util.concurrent.ThreadPoolExecutor$Worker.run(ThreadPoolExecutor.java:624)
	... 1 more
Caused by: org.apache.ratis.thirdparty.io.netty.channel.AbstractChannel$AnnotatedConnectException: Connection refused: /192.168.5.175:32957
	at sun.nio.ch.SocketChannelImpl.checkConnect(Native Method)
	at sun.nio.ch.SocketChannelImpl.finishConnect(SocketChannelImpl.java:717)
	at org.apache.ratis.thirdparty.io.netty.channel.socket.nio.NioSocketChannel.doFinishConnect(NioSocketChannel.java:327)
	at org.apache.ratis.thirdparty.io.netty.channel.nio.AbstractNioChannel$AbstractNioUnsafe.finishConnect(AbstractNioChannel.java:340)
	at org.apache.ratis.thirdparty.io.netty.channel.nio.NioEventLoop.processSelectedKey(NioEventLoop.java:632)
	at org.apache.ratis.thirdparty.io.netty.channel.nio.NioEventLoop.processSelectedKeysOptimized(NioEventLoop.java:579)
	at org.apache.ratis.thirdparty.io.netty.channel.nio.NioEventLoop.processSelectedKeys(NioEventLoop.java:496)
	at org.apache.ratis.thirdparty.io.netty.channel.nio.NioEventLoop.run(NioEventLoop.java:458)
	at org.apache.ratis.thirdparty.io.netty.util.concurrent.SingleThreadEventExecutor$5.run(SingleThreadEventExecutor.java:897)
	at org.apache.ratis.thirdparty.io.netty.util.concurrent.FastThreadLocalRunnable.run(FastThreadLocalRunnable.java:30)
	... 1 more
Caused by: java.net.ConnectException: Connection refused
	... 11 more
2019-10-09 13:14:35,402 [869fbf5b-cbbd-43c6-9f26-156c5192e660@group-227D833B6095:LeaderElection245] INFO  impl.LeaderElection (LogUtils.java:infoOrTrace(149)) -   Exception 1: {}
java.util.concurrent.ExecutionException: org.apache.ratis.thirdparty.io.grpc.StatusRuntimeException: UNAVAILABLE: io exception
	at java.util.concurrent.FutureTask.report(FutureTask.java:122)
	at java.util.concurrent.FutureTask.get(FutureTask.java:192)
	at org.apache.ratis.server.impl.LeaderElection.waitForResults(LeaderElection.java:263)
	at org.apache.ratis.server.impl.LeaderElection.askForVotes(LeaderElection.java:201)
	at org.apache.ratis.server.impl.LeaderElection.run(LeaderElection.java:133)
	at java.lang.Thread.run(Thread.java:748)
Caused by: org.apache.ratis.thirdparty.io.grpc.StatusRuntimeException: UNAVAILABLE: io exception
	at org.apache.ratis.thirdparty.io.grpc.stub.ClientCalls.toStatusRuntimeException(ClientCalls.java:233)
	at org.apache.ratis.thirdparty.io.grpc.stub.ClientCalls.getUnchecked(ClientCalls.java:214)
	at org.apache.ratis.thirdparty.io.grpc.stub.ClientCalls.blockingUnaryCall(ClientCalls.java:139)
	at org.apache.ratis.proto.grpc.RaftServerProtocolServiceGrpc$RaftServerProtocolServiceBlockingStub.requestVote(RaftServerProtocolServiceGrpc.java:265)
	at org.apache.ratis.grpc.server.GrpcServerProtocolClient.requestVote(GrpcServerProtocolClient.java:90)
	at org.apache.ratis.grpc.server.GrpcService.requestVote(GrpcService.java:204)
	at org.apache.ratis.server.impl.LeaderElection.lambda$submitRequests$1(LeaderElection.java:238)
	at java.util.concurrent.FutureTask.run(FutureTask.java:266)
	at java.util.concurrent.Executors$RunnableAdapter.call(Executors.java:511)
	at java.util.concurrent.FutureTask.run(FutureTask.java:266)
	at java.util.concurrent.ThreadPoolExecutor.runWorker(ThreadPoolExecutor.java:1149)
	at java.util.concurrent.ThreadPoolExecutor$Worker.run(ThreadPoolExecutor.java:624)
	... 1 more
Caused by: org.apache.ratis.thirdparty.io.netty.channel.AbstractChannel$AnnotatedConnectException: Connection refused: /192.168.5.175:35650
	at sun.nio.ch.SocketChannelImpl.checkConnect(Native Method)
	at sun.nio.ch.SocketChannelImpl.finishConnect(SocketChannelImpl.java:717)
	at org.apache.ratis.thirdparty.io.netty.channel.socket.nio.NioSocketChannel.doFinishConnect(NioSocketChannel.java:327)
	at org.apache.ratis.thirdparty.io.netty.channel.nio.AbstractNioChannel$AbstractNioUnsafe.finishConnect(AbstractNioChannel.java:340)
	at org.apache.ratis.thirdparty.io.netty.channel.nio.NioEventLoop.processSelectedKey(NioEventLoop.java:632)
	at org.apache.ratis.thirdparty.io.netty.channel.nio.NioEventLoop.processSelectedKeysOptimized(NioEventLoop.java:579)
	at org.apache.ratis.thirdparty.io.netty.channel.nio.NioEventLoop.processSelectedKeys(NioEventLoop.java:496)
	at org.apache.ratis.thirdparty.io.netty.channel.nio.NioEventLoop.run(NioEventLoop.java:458)
	at org.apache.ratis.thirdparty.io.netty.util.concurrent.SingleThreadEventExecutor$5.run(SingleThreadEventExecutor.java:897)
	at org.apache.ratis.thirdparty.io.netty.util.concurrent.FastThreadLocalRunnable.run(FastThreadLocalRunnable.java:30)
	... 1 more
Caused by: java.net.ConnectException: Connection refused
	... 11 more
2019-10-09 13:14:35,402 [869fbf5b-cbbd-43c6-9f26-156c5192e660@group-227D833B6095:LeaderElection245] INFO  impl.RaftServerImpl (RaftServerImpl.java:setRole(174)) - 869fbf5b-cbbd-43c6-9f26-156c5192e660@group-227D833B6095: changes role from CANDIDATE to FOLLOWER at term 3 for DISCOVERED_A_NEW_TERM
2019-10-09 13:14:35,403 [869fbf5b-cbbd-43c6-9f26-156c5192e660@group-227D833B6095:LeaderElection245] INFO  impl.RoleInfo (RoleInfo.java:shutdownLeaderElection(134)) - 869fbf5b-cbbd-43c6-9f26-156c5192e660: shutdown LeaderElection
2019-10-09 13:14:35,403 [869fbf5b-cbbd-43c6-9f26-156c5192e660@group-227D833B6095:LeaderElection245] INFO  impl.RoleInfo (RoleInfo.java:updateAndGet(143)) - 869fbf5b-cbbd-43c6-9f26-156c5192e660: start FollowerState
2019-10-09 13:14:35,406 [grpc-default-executor-51] WARN  server.GrpcLogAppender (LogUtils.java:warn(134)) - 869fbf5b-cbbd-43c6-9f26-156c5192e660@group-986902F1898E->162534dc-93d9-4206-ab1e-9268955c7aca-AppendLogResponseHandler: Failed appendEntries: org.apache.ratis.thirdparty.io.grpc.StatusRuntimeException: UNAVAILABLE: io exception
2019-10-09 13:14:35,407 [grpc-default-executor-51] INFO  impl.FollowerInfo (FollowerInfo.java:lambda$new$0(51)) - 869fbf5b-cbbd-43c6-9f26-156c5192e660@group-986902F1898E->162534dc-93d9-4206-ab1e-9268955c7aca: nextIndex: updateUnconditionally 1 -> 0
2019-10-09 13:14:35,761 [EventQueue-StaleNodeForStaleNodeHandler] INFO  node.StaleNodeHandler (StaleNodeHandler.java:onMessage(58)) - Datanode 869fbf5b-cbbd-43c6-9f26-156c5192e660{ip: 192.168.5.175, host: pr-hdds-1569-mfl88-1504498049, networkLocation: /default-rack, certSerialId: null} moved to stale state. Finalizing its pipelines [PipelineID=78be2bcb-ce7b-4110-8ea2-7276b70eb406, PipelineID=0e7a749a-41d2-47c3-bf75-014983823a3d, PipelineID=c28971ae-95cf-4532-9b4f-986902f1898e, PipelineID=ecc94827-8a09-4a6e-b805-f494de254afb, PipelineID=7378dbdb-dd69-4b0f-82c8-f2e3f8b61fef, PipelineID=edc78da7-8915-4033-8710-dc31737e2860, PipelineID=bc4583d2-882e-4c8d-bcc9-52ad3aa08ade, PipelineID=28f4dd3f-99df-4ff5-9ddc-227d833b6095, PipelineID=3d847b10-3720-43c7-819e-fb9e4996b38b, PipelineID=31436527-0db7-4839-a6a0-4a4b977e74d1, PipelineID=c0fa437f-cd60-420f-a614-19f276fa9099]
2019-10-09 13:14:35,761 [EventQueue-StaleNodeForStaleNodeHandler] INFO  pipeline.SCMPipelineManager (SCMPipelineManager.java:finalizeAndDestroyPipeline(342)) - destroying pipeline:Pipeline[ Id: 78be2bcb-ce7b-4110-8ea2-7276b70eb406, Nodes: 96acbf61-3ece-4d83-9836-a217fb58817a{ip: 192.168.5.175, host: pr-hdds-1569-mfl88-1504498049, networkLocation: /default-rack, certSerialId: null}869fbf5b-cbbd-43c6-9f26-156c5192e660{ip: 192.168.5.175, host: pr-hdds-1569-mfl88-1504498049, networkLocation: /default-rack, certSerialId: null}162534dc-93d9-4206-ab1e-9268955c7aca{ip: 192.168.5.175, host: pr-hdds-1569-mfl88-1504498049, networkLocation: /default-rack, certSerialId: null}, Type:RATIS, Factor:THREE, State:CLOSED]
2019-10-09 13:14:35,762 [EventQueue-StaleNodeForStaleNodeHandler] INFO  pipeline.SCMPipelineManager (SCMPipelineManager.java:finalizeAndDestroyPipeline(342)) - destroying pipeline:Pipeline[ Id: 0e7a749a-41d2-47c3-bf75-014983823a3d, Nodes: 869fbf5b-cbbd-43c6-9f26-156c5192e660{ip: 192.168.5.175, host: pr-hdds-1569-mfl88-1504498049, networkLocation: /default-rack, certSerialId: null}162534dc-93d9-4206-ab1e-9268955c7aca{ip: 192.168.5.175, host: pr-hdds-1569-mfl88-1504498049, networkLocation: /default-rack, certSerialId: null}96acbf61-3ece-4d83-9836-a217fb58817a{ip: 192.168.5.175, host: pr-hdds-1569-mfl88-1504498049, networkLocation: /default-rack, certSerialId: null}, Type:RATIS, Factor:THREE, State:CLOSED]
2019-10-09 13:14:35,762 [EventQueue-StaleNodeForStaleNodeHandler] INFO  pipeline.SCMPipelineManager (SCMPipelineManager.java:finalizeAndDestroyPipeline(342)) - destroying pipeline:Pipeline[ Id: c28971ae-95cf-4532-9b4f-986902f1898e, Nodes: 96acbf61-3ece-4d83-9836-a217fb58817a{ip: 192.168.5.175, host: pr-hdds-1569-mfl88-1504498049, networkLocation: /default-rack, certSerialId: null}869fbf5b-cbbd-43c6-9f26-156c5192e660{ip: 192.168.5.175, host: pr-hdds-1569-mfl88-1504498049, networkLocation: /default-rack, certSerialId: null}162534dc-93d9-4206-ab1e-9268955c7aca{ip: 192.168.5.175, host: pr-hdds-1569-mfl88-1504498049, networkLocation: /default-rack, certSerialId: null}, Type:RATIS, Factor:THREE, State:CLOSED]
2019-10-09 13:14:35,762 [EventQueue-StaleNodeForStaleNodeHandler] INFO  pipeline.SCMPipelineManager (SCMPipelineManager.java:finalizeAndDestroyPipeline(342)) - destroying pipeline:Pipeline[ Id: ecc94827-8a09-4a6e-b805-f494de254afb, Nodes: 869fbf5b-cbbd-43c6-9f26-156c5192e660{ip: 192.168.5.175, host: pr-hdds-1569-mfl88-1504498049, networkLocation: /default-rack, certSerialId: null}96acbf61-3ece-4d83-9836-a217fb58817a{ip: 192.168.5.175, host: pr-hdds-1569-mfl88-1504498049, networkLocation: /default-rack, certSerialId: null}162534dc-93d9-4206-ab1e-9268955c7aca{ip: 192.168.5.175, host: pr-hdds-1569-mfl88-1504498049, networkLocation: /default-rack, certSerialId: null}, Type:RATIS, Factor:THREE, State:CLOSED]
2019-10-09 13:14:35,763 [EventQueue-StaleNodeForStaleNodeHandler] INFO  pipeline.SCMPipelineManager (SCMPipelineManager.java:finalizeAndDestroyPipeline(342)) - destroying pipeline:Pipeline[ Id: 7378dbdb-dd69-4b0f-82c8-f2e3f8b61fef, Nodes: 7706a157-1a1c-49fa-abc2-2cf2041a84a7{ip: 192.168.5.175, host: pr-hdds-1569-mfl88-1504498049, networkLocation: /default-rack, certSerialId: null}162534dc-93d9-4206-ab1e-9268955c7aca{ip: 192.168.5.175, host: pr-hdds-1569-mfl88-1504498049, networkLocation: /default-rack, certSerialId: null}869fbf5b-cbbd-43c6-9f26-156c5192e660{ip: 192.168.5.175, host: pr-hdds-1569-mfl88-1504498049, networkLocation: /default-rack, certSerialId: null}, Type:RATIS, Factor:THREE, State:CLOSED]
2019-10-09 13:14:35,763 [EventQueue-StaleNodeForStaleNodeHandler] INFO  pipeline.SCMPipelineManager (SCMPipelineManager.java:finalizeAndDestroyPipeline(342)) - destroying pipeline:Pipeline[ Id: edc78da7-8915-4033-8710-dc31737e2860, Nodes: 96acbf61-3ece-4d83-9836-a217fb58817a{ip: 192.168.5.175, host: pr-hdds-1569-mfl88-1504498049, networkLocation: /default-rack, certSerialId: null}869fbf5b-cbbd-43c6-9f26-156c5192e660{ip: 192.168.5.175, host: pr-hdds-1569-mfl88-1504498049, networkLocation: /default-rack, certSerialId: null}162534dc-93d9-4206-ab1e-9268955c7aca{ip: 192.168.5.175, host: pr-hdds-1569-mfl88-1504498049, networkLocation: /default-rack, certSerialId: null}, Type:RATIS, Factor:THREE, State:CLOSED]
2019-10-09 13:14:35,763 [EventQueue-StaleNodeForStaleNodeHandler] INFO  pipeline.SCMPipelineManager (SCMPipelineManager.java:finalizeAndDestroyPipeline(342)) - destroying pipeline:Pipeline[ Id: bc4583d2-882e-4c8d-bcc9-52ad3aa08ade, Nodes: 7706a157-1a1c-49fa-abc2-2cf2041a84a7{ip: 192.168.5.175, host: pr-hdds-1569-mfl88-1504498049, networkLocation: /default-rack, certSerialId: null}96acbf61-3ece-4d83-9836-a217fb58817a{ip: 192.168.5.175, host: pr-hdds-1569-mfl88-1504498049, networkLocation: /default-rack, certSerialId: null}869fbf5b-cbbd-43c6-9f26-156c5192e660{ip: 192.168.5.175, host: pr-hdds-1569-mfl88-1504498049, networkLocation: /default-rack, certSerialId: null}, Type:RATIS, Factor:THREE, State:CLOSED]
2019-10-09 13:14:35,763 [EventQueue-StaleNodeForStaleNodeHandler] INFO  pipeline.SCMPipelineManager (SCMPipelineManager.java:finalizeAndDestroyPipeline(342)) - destroying pipeline:Pipeline[ Id: 28f4dd3f-99df-4ff5-9ddc-227d833b6095, Nodes: 869fbf5b-cbbd-43c6-9f26-156c5192e660{ip: 192.168.5.175, host: pr-hdds-1569-mfl88-1504498049, networkLocation: /default-rack, certSerialId: null}162534dc-93d9-4206-ab1e-9268955c7aca{ip: 192.168.5.175, host: pr-hdds-1569-mfl88-1504498049, networkLocation: /default-rack, certSerialId: null}96acbf61-3ece-4d83-9836-a217fb58817a{ip: 192.168.5.175, host: pr-hdds-1569-mfl88-1504498049, networkLocation: /default-rack, certSerialId: null}, Type:RATIS, Factor:THREE, State:CLOSED]
2019-10-09 13:14:35,763 [EventQueue-StaleNodeForStaleNodeHandler] INFO  pipeline.SCMPipelineManager (SCMPipelineManager.java:finalizeAndDestroyPipeline(342)) - destroying pipeline:Pipeline[ Id: 3d847b10-3720-43c7-819e-fb9e4996b38b, Nodes: 96acbf61-3ece-4d83-9836-a217fb58817a{ip: 192.168.5.175, host: pr-hdds-1569-mfl88-1504498049, networkLocation: /default-rack, certSerialId: null}869fbf5b-cbbd-43c6-9f26-156c5192e660{ip: 192.168.5.175, host: pr-hdds-1569-mfl88-1504498049, networkLocation: /default-rack, certSerialId: null}162534dc-93d9-4206-ab1e-9268955c7aca{ip: 192.168.5.175, host: pr-hdds-1569-mfl88-1504498049, networkLocation: /default-rack, certSerialId: null}, Type:RATIS, Factor:THREE, State:CLOSED]
2019-10-09 13:14:35,763 [EventQueue-StaleNodeForStaleNodeHandler] INFO  pipeline.SCMPipelineManager (SCMPipelineManager.java:finalizeAndDestroyPipeline(342)) - destroying pipeline:Pipeline[ Id: 31436527-0db7-4839-a6a0-4a4b977e74d1, Nodes: 96acbf61-3ece-4d83-9836-a217fb58817a{ip: 192.168.5.175, host: pr-hdds-1569-mfl88-1504498049, networkLocation: /default-rack, certSerialId: null}869fbf5b-cbbd-43c6-9f26-156c5192e660{ip: 192.168.5.175, host: pr-hdds-1569-mfl88-1504498049, networkLocation: /default-rack, certSerialId: null}162534dc-93d9-4206-ab1e-9268955c7aca{ip: 192.168.5.175, host: pr-hdds-1569-mfl88-1504498049, networkLocation: /default-rack, certSerialId: null}, Type:RATIS, Factor:THREE, State:CLOSED]
2019-10-09 13:14:35,764 [EventQueue-StaleNodeForStaleNodeHandler] INFO  pipeline.SCMPipelineManager (SCMPipelineManager.java:finalizeAndDestroyPipeline(342)) - destroying pipeline:Pipeline[ Id: c0fa437f-cd60-420f-a614-19f276fa9099, Nodes: 96acbf61-3ece-4d83-9836-a217fb58817a{ip: 192.168.5.175, host: pr-hdds-1569-mfl88-1504498049, networkLocation: /default-rack, certSerialId: null}869fbf5b-cbbd-43c6-9f26-156c5192e660{ip: 192.168.5.175, host: pr-hdds-1569-mfl88-1504498049, networkLocation: /default-rack, certSerialId: null}162534dc-93d9-4206-ab1e-9268955c7aca{ip: 192.168.5.175, host: pr-hdds-1569-mfl88-1504498049, networkLocation: /default-rack, certSerialId: null}, Type:RATIS, Factor:THREE, State:CLOSED]
2019-10-09 13:14:35,961 [grpc-default-executor-51] WARN  server.GrpcLogAppender (LogUtils.java:warn(134)) - 869fbf5b-cbbd-43c6-9f26-156c5192e660@group-F2E3F8B61FEF->7706a157-1a1c-49fa-abc2-2cf2041a84a7-AppendLogResponseHandler: Failed appendEntries: org.apache.ratis.thirdparty.io.grpc.StatusRuntimeException: UNAVAILABLE: io exception
2019-10-09 13:14:35,963 [grpc-default-executor-51] INFO  impl.FollowerInfo (FollowerInfo.java:lambda$new$0(51)) - 869fbf5b-cbbd-43c6-9f26-156c5192e660@group-F2E3F8B61FEF->7706a157-1a1c-49fa-abc2-2cf2041a84a7: nextIndex: updateUnconditionally 17 -> 16
2019-10-09 13:14:35,965 [grpc-default-executor-35] WARN  server.GrpcLogAppender (LogUtils.java:warn(134)) - 869fbf5b-cbbd-43c6-9f26-156c5192e660@group-F2E3F8B61FEF->162534dc-93d9-4206-ab1e-9268955c7aca-AppendLogResponseHandler: Failed appendEntries: org.apache.ratis.thirdparty.io.grpc.StatusRuntimeException: UNAVAILABLE: io exception
2019-10-09 13:14:35,966 [grpc-default-executor-35] INFO  impl.FollowerInfo (FollowerInfo.java:lambda$new$0(51)) - 869fbf5b-cbbd-43c6-9f26-156c5192e660@group-F2E3F8B61FEF->162534dc-93d9-4206-ab1e-9268955c7aca: nextIndex: updateUnconditionally 17 -> 16
2019-10-09 13:14:36,141 [ForkJoinPool.commonPool-worker-1] INFO  ozoneimpl.OzoneContainer (OzoneContainer.java:stop(231)) - Attempting to stop container services.
2019-10-09 13:14:36,142 [ForkJoinPool.commonPool-worker-1] INFO  impl.RaftServerProxy (RaftServerProxy.java:lambda$close$4(314)) - 2c69c56f-4b33-4231-936a-bbd24e83d692: close
2019-10-09 13:14:36,142 [ForkJoinPool.commonPool-worker-1] INFO  impl.RaftServerImpl (RaftServerImpl.java:lambda$shutdown$3(251)) - 2c69c56f-4b33-4231-936a-bbd24e83d692@group-14DF45B217B5: shutdown
2019-10-09 13:14:36,142 [ForkJoinPool.commonPool-worker-1] INFO  util.JmxRegister (JmxRegister.java:unregister(73)) - Successfully un-registered JMX Bean with object name Ratis:service=RaftServer,group=group-14DF45B217B5,id=2c69c56f-4b33-4231-936a-bbd24e83d692
2019-10-09 13:14:36,143 [ForkJoinPool.commonPool-worker-1] INFO  impl.RoleInfo (RoleInfo.java:shutdownLeaderState(104)) - 2c69c56f-4b33-4231-936a-bbd24e83d692: shutdown LeaderState
2019-10-09 13:14:36,143 [ForkJoinPool.commonPool-worker-1] INFO  impl.PendingRequests (PendingRequests.java:sendNotLeaderResponses(202)) - 2c69c56f-4b33-4231-936a-bbd24e83d692-PendingRequests: sendNotLeaderResponses
2019-10-09 13:14:36,143 [org.apache.ratis.server.impl.LogAppender$AppenderDaemon$$Lambda$493/462031746@2e40f3ed] WARN  server.GrpcLogAppender (GrpcLogAppender.java:mayWait(143)) - 2c69c56f-4b33-4231-936a-bbd24e83d692@group-14DF45B217B5->7706a157-1a1c-49fa-abc2-2cf2041a84a7-GrpcLogAppender: Wait interrupted by java.lang.InterruptedException
2019-10-09 13:14:36,143 [org.apache.ratis.server.impl.LogAppender$AppenderDaemon$$Lambda$493/462031746@4042bd20] WARN  server.GrpcLogAppender (GrpcLogAppender.java:mayWait(143)) - 2c69c56f-4b33-4231-936a-bbd24e83d692@group-14DF45B217B5->96acbf61-3ece-4d83-9836-a217fb58817a-GrpcLogAppender: Wait interrupted by java.lang.InterruptedException
2019-10-09 13:14:36,147 [ForkJoinPool.commonPool-worker-1] INFO  impl.StateMachineUpdater (StateMachineUpdater.java:stopAndJoin(125)) - 2c69c56f-4b33-4231-936a-bbd24e83d692@group-14DF45B217B5-StateMachineUpdater: set stopIndex = 2
2019-10-09 13:14:36,148 [ForkJoinPool.commonPool-worker-1] INFO  impl.RaftServerImpl (ServerState.java:close(385)) - 2c69c56f-4b33-4231-936a-bbd24e83d692@group-14DF45B217B5: closes. applyIndex: 2
2019-10-09 13:14:36,149 [2c69c56f-4b33-4231-936a-bbd24e83d692@group-14DF45B217B5-SegmentedRaftLogWorker] INFO  segmented.SegmentedRaftLogWorker (SegmentedRaftLogWorker.java:run(313)) - 2c69c56f-4b33-4231-936a-bbd24e83d692@group-14DF45B217B5-SegmentedRaftLogWorker was interrupted, exiting. There are 0 tasks remaining in the queue.
2019-10-09 13:14:36,149 [ForkJoinPool.commonPool-worker-1] INFO  segmented.SegmentedRaftLogWorker (SegmentedRaftLogWorker.java:close(228)) - 2c69c56f-4b33-4231-936a-bbd24e83d692@group-14DF45B217B5-SegmentedRaftLogWorker close()
2019-10-09 13:14:36,166 [ForkJoinPool.commonPool-worker-1] INFO  impl.RaftServerImpl (RaftServerImpl.java:lambda$shutdown$3(251)) - 2c69c56f-4b33-4231-936a-bbd24e83d692@group-23928901D0C4: shutdown
2019-10-09 13:14:36,167 [ForkJoinPool.commonPool-worker-1] INFO  util.JmxRegister (JmxRegister.java:unregister(73)) - Successfully un-registered JMX Bean with object name Ratis:service=RaftServer,group=group-23928901D0C4,id=2c69c56f-4b33-4231-936a-bbd24e83d692
2019-10-09 13:14:36,167 [ForkJoinPool.commonPool-worker-1] INFO  impl.RoleInfo (RoleInfo.java:shutdownLeaderState(104)) - 2c69c56f-4b33-4231-936a-bbd24e83d692: shutdown LeaderState
2019-10-09 13:14:36,167 [ForkJoinPool.commonPool-worker-1] INFO  impl.PendingRequests (PendingRequests.java:sendNotLeaderResponses(202)) - 2c69c56f-4b33-4231-936a-bbd24e83d692-PendingRequests: sendNotLeaderResponses
2019-10-09 13:14:36,167 [ForkJoinPool.commonPool-worker-1] INFO  impl.StateMachineUpdater (StateMachineUpdater.java:stopAndJoin(125)) - 2c69c56f-4b33-4231-936a-bbd24e83d692@group-23928901D0C4-StateMachineUpdater: set stopIndex = 0
2019-10-09 13:14:36,168 [ForkJoinPool.commonPool-worker-1] INFO  impl.RaftServerImpl (ServerState.java:close(385)) - 2c69c56f-4b33-4231-936a-bbd24e83d692@group-23928901D0C4: closes. applyIndex: 0
2019-10-09 13:14:36,168 [2c69c56f-4b33-4231-936a-bbd24e83d692@group-23928901D0C4-SegmentedRaftLogWorker] INFO  segmented.SegmentedRaftLogWorker (SegmentedRaftLogWorker.java:run(313)) - 2c69c56f-4b33-4231-936a-bbd24e83d692@group-23928901D0C4-SegmentedRaftLogWorker was interrupted, exiting. There are 0 tasks remaining in the queue.
2019-10-09 13:14:36,168 [ForkJoinPool.commonPool-worker-1] INFO  segmented.SegmentedRaftLogWorker (SegmentedRaftLogWorker.java:close(228)) - 2c69c56f-4b33-4231-936a-bbd24e83d692@group-23928901D0C4-SegmentedRaftLogWorker close()
2019-10-09 13:14:36,169 [ForkJoinPool.commonPool-worker-1] INFO  server.GrpcService (GrpcService.java:closeImpl(164)) - 2c69c56f-4b33-4231-936a-bbd24e83d692: shutdown server with port 45661 now
2019-10-09 13:14:36,169 [ForkJoinPool.commonPool-worker-1] INFO  server.GrpcService (GrpcService.java:closeImpl(172)) - 2c69c56f-4b33-4231-936a-bbd24e83d692: shutdown server with port 45661 successfully
2019-10-09 13:14:36,172 [refreshUsed-/workdir/hadoop-ozone/integration-test/target/test-dir/MiniOzoneClusterImpl-77992fd3-8e8a-426b-8566-445f44124f00/datanode-0/data/containers] WARN  fs.CachingGetSpaceUsed (CachingGetSpaceUsed.java:run(183)) - Thread Interrupted waiting to refresh disk information: sleep interrupted
2019-10-09 13:14:36,182 [main] INFO  ozoneimpl.OzoneContainer (OzoneContainer.java:stop(231)) - Attempting to stop container services.
2019-10-09 13:14:36,183 [main] INFO  impl.RaftServerProxy (RaftServerProxy.java:lambda$close$4(314)) - 869fbf5b-cbbd-43c6-9f26-156c5192e660: close
2019-10-09 13:14:36,183 [main] INFO  impl.RaftServerImpl (RaftServerImpl.java:lambda$shutdown$3(251)) - 869fbf5b-cbbd-43c6-9f26-156c5192e660@group-F494DE254AFB: shutdown
2019-10-09 13:14:36,184 [main] INFO  util.JmxRegister (JmxRegister.java:unregister(73)) - Successfully un-registered JMX Bean with object name Ratis:service=RaftServer,group=group-F494DE254AFB,id=869fbf5b-cbbd-43c6-9f26-156c5192e660
2019-10-09 13:14:36,184 [main] INFO  impl.RoleInfo (RoleInfo.java:shutdownFollowerState(121)) - 869fbf5b-cbbd-43c6-9f26-156c5192e660: shutdown FollowerState
2019-10-09 13:14:36,184 [main] INFO  impl.StateMachineUpdater (StateMachineUpdater.java:stopAndJoin(125)) - 869fbf5b-cbbd-43c6-9f26-156c5192e660@group-F494DE254AFB-StateMachineUpdater: set stopIndex = 0
2019-10-09 13:14:36,185 [main] INFO  impl.RaftServerImpl (ServerState.java:close(385)) - 869fbf5b-cbbd-43c6-9f26-156c5192e660@group-F494DE254AFB: closes. applyIndex: 0
2019-10-09 13:14:36,185 [Thread-8027] INFO  impl.FollowerState (FollowerState.java:run(115)) - 869fbf5b-cbbd-43c6-9f26-156c5192e660: FollowerState was interrupted: java.lang.InterruptedException: sleep interrupted
2019-10-09 13:14:36,186 [869fbf5b-cbbd-43c6-9f26-156c5192e660@group-F494DE254AFB-SegmentedRaftLogWorker] INFO  segmented.SegmentedRaftLogWorker (SegmentedRaftLogWorker.java:run(313)) - 869fbf5b-cbbd-43c6-9f26-156c5192e660@group-F494DE254AFB-SegmentedRaftLogWorker was interrupted, exiting. There are 0 tasks remaining in the queue.
2019-10-09 13:14:36,186 [main] INFO  segmented.SegmentedRaftLogWorker (SegmentedRaftLogWorker.java:close(228)) - 869fbf5b-cbbd-43c6-9f26-156c5192e660@group-F494DE254AFB-SegmentedRaftLogWorker close()
2019-10-09 13:14:36,187 [main] INFO  impl.RaftServerImpl (RaftServerImpl.java:lambda$shutdown$3(251)) - 869fbf5b-cbbd-43c6-9f26-156c5192e660@group-F2E3F8B61FEF: shutdown
2019-10-09 13:14:36,187 [main] INFO  util.JmxRegister (JmxRegister.java:unregister(73)) - Successfully un-registered JMX Bean with object name Ratis:service=RaftServer,group=group-F2E3F8B61FEF,id=869fbf5b-cbbd-43c6-9f26-156c5192e660
2019-10-09 13:14:36,188 [main] INFO  impl.RoleInfo (RoleInfo.java:shutdownLeaderState(104)) - 869fbf5b-cbbd-43c6-9f26-156c5192e660: shutdown LeaderState
2019-10-09 13:14:36,193 [main] INFO  impl.PendingRequests (PendingRequests.java:sendNotLeaderResponses(202)) - 869fbf5b-cbbd-43c6-9f26-156c5192e660-PendingRequests: sendNotLeaderResponses
2019-10-09 13:14:36,194 [org.apache.ratis.server.impl.LogAppender$AppenderDaemon$$Lambda$493/462031746@44f8951e] WARN  server.GrpcLogAppender (GrpcLogAppender.java:mayWait(143)) - 869fbf5b-cbbd-43c6-9f26-156c5192e660@group-F2E3F8B61FEF->162534dc-93d9-4206-ab1e-9268955c7aca-GrpcLogAppender: Wait interrupted by java.lang.InterruptedException
2019-10-09 13:14:36,193 [org.apache.ratis.server.impl.LogAppender$AppenderDaemon$$Lambda$493/462031746@5ce3c66c] WARN  server.GrpcLogAppender (GrpcLogAppender.java:mayWait(143)) - 869fbf5b-cbbd-43c6-9f26-156c5192e660@group-F2E3F8B61FEF->7706a157-1a1c-49fa-abc2-2cf2041a84a7-GrpcLogAppender: Wait interrupted by java.lang.InterruptedException
2019-10-09 13:14:36,199 [main] INFO  impl.StateMachineUpdater (StateMachineUpdater.java:stopAndJoin(125)) - 869fbf5b-cbbd-43c6-9f26-156c5192e660@group-F2E3F8B61FEF-StateMachineUpdater: set stopIndex = 18
2019-10-09 13:14:36,199 [869fbf5b-cbbd-43c6-9f26-156c5192e660@group-F2E3F8B61FEF-StateMachineUpdater] INFO  ratis.ContainerStateMachine (ContainerStateMachine.java:takeSnapshot(289)) - group-F2E3F8B61FEF: Taking a snapshot at:(t:4, i:16) file /workdir/hadoop-ozone/integration-test/target/test-dir/MiniOzoneClusterImpl-77992fd3-8e8a-426b-8566-445f44124f00/datanode-3/data/ratis/7378dbdb-dd69-4b0f-82c8-f2e3f8b61fef/sm/snapshot.4_16
2019-10-09 13:14:36,203 [ForkJoinPool.commonPool-worker-1] INFO  utils.BackgroundService (BackgroundService.java:shutdown(148)) - Shutting down service BlockDeletingService
2019-10-09 13:14:36,212 [ForkJoinPool.commonPool-worker-1] INFO  statemachine.DatanodeStateMachine (DatanodeStateMachine.java:stopDaemon(395)) - Ozone container server stopped.
2019-10-09 13:14:36,220 [ForkJoinPool.commonPool-worker-1] INFO  handler.ContextHandler (ContextHandler.java:doStop(910)) - Stopped o.e.j.w.WebAppContext@2fde9469{/,null,UNAVAILABLE}{/hddsDatanode}
2019-10-09 13:14:36,221 [ForkJoinPool.commonPool-worker-1] INFO  server.AbstractConnector (AbstractConnector.java:doStop(318)) - Stopped ServerConnector@1ecf0ac6{HTTP/1.1,[http/1.1]}{0.0.0.0:0}
2019-10-09 13:14:36,221 [ForkJoinPool.commonPool-worker-1] INFO  handler.ContextHandler (ContextHandler.java:doStop(910)) - Stopped o.e.j.s.ServletContextHandler@70be89ec{/static,jar:file:/home/user/.m2/repository/org/apache/hadoop/hadoop-hdds-container-service/0.5.0-SNAPSHOT/hadoop-hdds-container-service-0.5.0-SNAPSHOT.jar!/webapps/static,UNAVAILABLE}
2019-10-09 13:14:36,222 [ForkJoinPool.commonPool-worker-1] INFO  handler.ContextHandler (ContextHandler.java:doStop(910)) - Stopped o.e.j.s.ServletContextHandler@79195c22{/logs,file:///workdir/hadoop-ozone/integration-test/target/log,UNAVAILABLE}
2019-10-09 13:14:36,225 [869fbf5b-cbbd-43c6-9f26-156c5192e660@group-F2E3F8B61FEF-StateMachineUpdater] INFO  ratis.ContainerStateMachine (ContainerStateMachine.java:takeSnapshot(300)) - group-F2E3F8B61FEF: Finished taking a snapshot at:(t:4, i:16) file:/workdir/hadoop-ozone/integration-test/target/test-dir/MiniOzoneClusterImpl-77992fd3-8e8a-426b-8566-445f44124f00/datanode-3/data/ratis/7378dbdb-dd69-4b0f-82c8-f2e3f8b61fef/sm/snapshot.4_16 time:27
2019-10-09 13:14:36,226 [869fbf5b-cbbd-43c6-9f26-156c5192e660@group-F2E3F8B61FEF-StateMachineUpdater] INFO  impl.StateMachineUpdater (StateMachineUpdater.java:takeSnapshot(258)) - 869fbf5b-cbbd-43c6-9f26-156c5192e660@group-F2E3F8B61FEF-StateMachineUpdater: Took a snapshot at index 16
2019-10-09 13:14:36,226 [869fbf5b-cbbd-43c6-9f26-156c5192e660@group-F2E3F8B61FEF-StateMachineUpdater] INFO  impl.StateMachineUpdater (StateMachineUpdater.java:lambda$new$0(83)) - 869fbf5b-cbbd-43c6-9f26-156c5192e660@group-F2E3F8B61FEF-StateMachineUpdater: snapshotIndex: updateIncreasingly -1 -> 16
2019-10-09 13:14:36,226 [869fbf5b-cbbd-43c6-9f26-156c5192e660@group-F2E3F8B61FEF-StateMachineUpdater] INFO  ratis.ContainerStateMachine (ContainerStateMachine.java:takeSnapshot(289)) - group-F2E3F8B61FEF: Taking a snapshot at:(t:4, i:16) file /workdir/hadoop-ozone/integration-test/target/test-dir/MiniOzoneClusterImpl-77992fd3-8e8a-426b-8566-445f44124f00/datanode-3/data/ratis/7378dbdb-dd69-4b0f-82c8-f2e3f8b61fef/sm/snapshot.4_16
2019-10-09 13:14:36,238 [869fbf5b-cbbd-43c6-9f26-156c5192e660@group-F2E3F8B61FEF-StateMachineUpdater] INFO  ratis.ContainerStateMachine (ContainerStateMachine.java:takeSnapshot(300)) - group-F2E3F8B61FEF: Finished taking a snapshot at:(t:4, i:16) file:/workdir/hadoop-ozone/integration-test/target/test-dir/MiniOzoneClusterImpl-77992fd3-8e8a-426b-8566-445f44124f00/datanode-3/data/ratis/7378dbdb-dd69-4b0f-82c8-f2e3f8b61fef/sm/snapshot.4_16 time:12
2019-10-09 13:14:36,239 [869fbf5b-cbbd-43c6-9f26-156c5192e660@group-F2E3F8B61FEF-StateMachineUpdater] INFO  impl.StateMachineUpdater (StateMachineUpdater.java:takeSnapshot(258)) - 869fbf5b-cbbd-43c6-9f26-156c5192e660@group-F2E3F8B61FEF-StateMachineUpdater: Took a snapshot at index 16
2019-10-09 13:14:36,239 [869fbf5b-cbbd-43c6-9f26-156c5192e660@group-F2E3F8B61FEF-StateMachineUpdater] INFO  impl.StateMachineUpdater (StateMachineUpdater.java:lambda$new$0(83)) - 869fbf5b-cbbd-43c6-9f26-156c5192e660@group-F2E3F8B61FEF-StateMachineUpdater: snapshotIndex: updateIncreasingly 16 -> 16
2019-10-09 13:14:36,239 [main] INFO  impl.RaftServerImpl (ServerState.java:close(385)) - 869fbf5b-cbbd-43c6-9f26-156c5192e660@group-F2E3F8B61FEF: closes. applyIndex: 18
2019-10-09 13:14:36,240 [869fbf5b-cbbd-43c6-9f26-156c5192e660@group-F2E3F8B61FEF-SegmentedRaftLogWorker] INFO  segmented.SegmentedRaftLogWorker (SegmentedRaftLogWorker.java:run(313)) - 869fbf5b-cbbd-43c6-9f26-156c5192e660@group-F2E3F8B61FEF-SegmentedRaftLogWorker was interrupted, exiting. There are 0 tasks remaining in the queue.
2019-10-09 13:14:36,240 [main] INFO  segmented.SegmentedRaftLogWorker (SegmentedRaftLogWorker.java:close(228)) - 869fbf5b-cbbd-43c6-9f26-156c5192e660@group-F2E3F8B61FEF-SegmentedRaftLogWorker close()
2019-10-09 13:14:36,240 [main] INFO  impl.RaftServerImpl (RaftServerImpl.java:lambda$shutdown$3(251)) - 869fbf5b-cbbd-43c6-9f26-156c5192e660@group-7276B70EB406: shutdown
2019-10-09 13:14:36,241 [main] INFO  util.JmxRegister (JmxRegister.java:unregister(73)) - Successfully un-registered JMX Bean with object name Ratis:service=RaftServer,group=group-7276B70EB406,id=869fbf5b-cbbd-43c6-9f26-156c5192e660
2019-10-09 13:14:36,241 [main] INFO  impl.RoleInfo (RoleInfo.java:shutdownLeaderState(104)) - 869fbf5b-cbbd-43c6-9f26-156c5192e660: shutdown LeaderState
2019-10-09 13:14:36,241 [main] INFO  impl.PendingRequests (PendingRequests.java:sendNotLeaderResponses(202)) - 869fbf5b-cbbd-43c6-9f26-156c5192e660-PendingRequests: sendNotLeaderResponses
2019-10-09 13:14:36,241 [org.apache.ratis.server.impl.LogAppender$AppenderDaemon$$Lambda$493/462031746@4ee3a22c] WARN  server.GrpcLogAppender (GrpcLogAppender.java:mayWait(143)) - 869fbf5b-cbbd-43c6-9f26-156c5192e660@group-7276B70EB406->96acbf61-3ece-4d83-9836-a217fb58817a-GrpcLogAppender: Wait interrupted by java.lang.InterruptedException
2019-10-09 13:14:36,241 [org.apache.ratis.server.impl.LogAppender$AppenderDaemon$$Lambda$493/462031746@583e6d2] WARN  server.GrpcLogAppender (GrpcLogAppender.java:mayWait(143)) - 869fbf5b-cbbd-43c6-9f26-156c5192e660@group-7276B70EB406->162534dc-93d9-4206-ab1e-9268955c7aca-GrpcLogAppender: Wait interrupted by java.lang.InterruptedException
2019-10-09 13:14:36,242 [main] INFO  impl.StateMachineUpdater (StateMachineUpdater.java:stopAndJoin(125)) - 869fbf5b-cbbd-43c6-9f26-156c5192e660@group-7276B70EB406-StateMachineUpdater: set stopIndex = 0
2019-10-09 13:14:36,242 [main] INFO  impl.RaftServerImpl (ServerState.java:close(385)) - 869fbf5b-cbbd-43c6-9f26-156c5192e660@group-7276B70EB406: closes. applyIndex: 0
2019-10-09 13:14:36,243 [869fbf5b-cbbd-43c6-9f26-156c5192e660@group-7276B70EB406-SegmentedRaftLogWorker] INFO  segmented.SegmentedRaftLogWorker (SegmentedRaftLogWorker.java:run(313)) - 869fbf5b-cbbd-43c6-9f26-156c5192e660@group-7276B70EB406-SegmentedRaftLogWorker was interrupted, exiting. There are 0 tasks remaining in the queue.
2019-10-09 13:14:36,243 [main] INFO  segmented.SegmentedRaftLogWorker (SegmentedRaftLogWorker.java:close(228)) - 869fbf5b-cbbd-43c6-9f26-156c5192e660@group-7276B70EB406-SegmentedRaftLogWorker close()
2019-10-09 13:14:36,243 [main] INFO  impl.RaftServerImpl (RaftServerImpl.java:lambda$shutdown$3(251)) - 869fbf5b-cbbd-43c6-9f26-156c5192e660@group-014983823A3D: shutdown
2019-10-09 13:14:36,243 [main] INFO  util.JmxRegister (JmxRegister.java:unregister(73)) - Successfully un-registered JMX Bean with object name Ratis:service=RaftServer,group=group-014983823A3D,id=869fbf5b-cbbd-43c6-9f26-156c5192e660
2019-10-09 13:14:36,244 [main] INFO  impl.RoleInfo (RoleInfo.java:shutdownFollowerState(121)) - 869fbf5b-cbbd-43c6-9f26-156c5192e660: shutdown FollowerState
2019-10-09 13:14:36,244 [main] INFO  impl.StateMachineUpdater (StateMachineUpdater.java:stopAndJoin(125)) - 869fbf5b-cbbd-43c6-9f26-156c5192e660@group-014983823A3D-StateMachineUpdater: set stopIndex = 2
2019-10-09 13:14:36,244 [Thread-8019] INFO  impl.FollowerState (FollowerState.java:run(115)) - 869fbf5b-cbbd-43c6-9f26-156c5192e660: FollowerState was interrupted: java.lang.InterruptedException: sleep interrupted
2019-10-09 13:14:36,244 [main] INFO  impl.RaftServerImpl (ServerState.java:close(385)) - 869fbf5b-cbbd-43c6-9f26-156c5192e660@group-014983823A3D: closes. applyIndex: 2
2019-10-09 13:14:36,245 [869fbf5b-cbbd-43c6-9f26-156c5192e660@group-014983823A3D-SegmentedRaftLogWorker] INFO  segmented.SegmentedRaftLogWorker (SegmentedRaftLogWorker.java:run(313)) - 869fbf5b-cbbd-43c6-9f26-156c5192e660@group-014983823A3D-SegmentedRaftLogWorker was interrupted, exiting. There are 0 tasks remaining in the queue.
2019-10-09 13:14:36,245 [main] INFO  segmented.SegmentedRaftLogWorker (SegmentedRaftLogWorker.java:close(228)) - 869fbf5b-cbbd-43c6-9f26-156c5192e660@group-014983823A3D-SegmentedRaftLogWorker close()
2019-10-09 13:14:36,245 [main] INFO  impl.RaftServerImpl (RaftServerImpl.java:lambda$shutdown$3(251)) - 869fbf5b-cbbd-43c6-9f26-156c5192e660@group-986902F1898E: shutdown
2019-10-09 13:14:36,246 [main] INFO  util.JmxRegister (JmxRegister.java:unregister(73)) - Successfully un-registered JMX Bean with object name Ratis:service=RaftServer,group=group-986902F1898E,id=869fbf5b-cbbd-43c6-9f26-156c5192e660
2019-10-09 13:14:36,246 [main] INFO  impl.RoleInfo (RoleInfo.java:shutdownLeaderState(104)) - 869fbf5b-cbbd-43c6-9f26-156c5192e660: shutdown LeaderState
2019-10-09 13:14:36,246 [main] INFO  impl.PendingRequests (PendingRequests.java:sendNotLeaderResponses(202)) - 869fbf5b-cbbd-43c6-9f26-156c5192e660-PendingRequests: sendNotLeaderResponses
2019-10-09 13:14:36,246 [org.apache.ratis.server.impl.LogAppender$AppenderDaemon$$Lambda$493/462031746@69a8f65e] WARN  server.GrpcLogAppender (GrpcLogAppender.java:mayWait(143)) - 869fbf5b-cbbd-43c6-9f26-156c5192e660@group-986902F1898E->162534dc-93d9-4206-ab1e-9268955c7aca-GrpcLogAppender: Wait interrupted by java.lang.InterruptedException
2019-10-09 13:14:36,246 [org.apache.ratis.server.impl.LogAppender$AppenderDaemon$$Lambda$493/462031746@1ac0d933] WARN  server.GrpcLogAppender (GrpcLogAppender.java:mayWait(143)) - 869fbf5b-cbbd-43c6-9f26-156c5192e660@group-986902F1898E->96acbf61-3ece-4d83-9836-a217fb58817a-GrpcLogAppender: Wait interrupted by java.lang.InterruptedException
2019-10-09 13:14:36,253 [main] INFO  impl.StateMachineUpdater (StateMachineUpdater.java:stopAndJoin(125)) - 869fbf5b-cbbd-43c6-9f26-156c5192e660@group-986902F1898E-StateMachineUpdater: set stopIndex = 2
2019-10-09 13:14:36,253 [main] INFO  impl.RaftServerImpl (ServerState.java:close(385)) - 869fbf5b-cbbd-43c6-9f26-156c5192e660@group-986902F1898E: closes. applyIndex: 2
2019-10-09 13:14:36,254 [869fbf5b-cbbd-43c6-9f26-156c5192e660@group-986902F1898E-SegmentedRaftLogWorker] INFO  segmented.SegmentedRaftLogWorker (SegmentedRaftLogWorker.java:run(313)) - 869fbf5b-cbbd-43c6-9f26-156c5192e660@group-986902F1898E-SegmentedRaftLogWorker was interrupted, exiting. There are 0 tasks remaining in the queue.
2019-10-09 13:14:36,254 [main] INFO  segmented.SegmentedRaftLogWorker (SegmentedRaftLogWorker.java:close(228)) - 869fbf5b-cbbd-43c6-9f26-156c5192e660@group-986902F1898E-SegmentedRaftLogWorker close()
2019-10-09 13:14:36,254 [main] INFO  impl.RaftServerImpl (RaftServerImpl.java:lambda$shutdown$3(251)) - 869fbf5b-cbbd-43c6-9f26-156c5192e660@group-DC31737E2860: shutdown
2019-10-09 13:14:36,255 [main] INFO  util.JmxRegister (JmxRegister.java:unregister(73)) - Successfully un-registered JMX Bean with object name Ratis:service=RaftServer,group=group-DC31737E2860,id=869fbf5b-cbbd-43c6-9f26-156c5192e660
2019-10-09 13:14:36,255 [main] INFO  impl.RoleInfo (RoleInfo.java:shutdownLeaderState(104)) - 869fbf5b-cbbd-43c6-9f26-156c5192e660: shutdown LeaderState
2019-10-09 13:14:36,255 [main] INFO  impl.PendingRequests (PendingRequests.java:sendNotLeaderResponses(202)) - 869fbf5b-cbbd-43c6-9f26-156c5192e660-PendingRequests: sendNotLeaderResponses
2019-10-09 13:14:36,255 [org.apache.ratis.server.impl.LogAppender$AppenderDaemon$$Lambda$493/462031746@4651e42a] WARN  server.GrpcLogAppender (GrpcLogAppender.java:mayWait(143)) - 869fbf5b-cbbd-43c6-9f26-156c5192e660@group-DC31737E2860->162534dc-93d9-4206-ab1e-9268955c7aca-GrpcLogAppender: Wait interrupted by java.lang.InterruptedException
2019-10-09 13:14:36,255 [org.apache.ratis.server.impl.LogAppender$AppenderDaemon$$Lambda$493/462031746@56f913f1] WARN  server.GrpcLogAppender (GrpcLogAppender.java:mayWait(143)) - 869fbf5b-cbbd-43c6-9f26-156c5192e660@group-DC31737E2860->96acbf61-3ece-4d83-9836-a217fb58817a-GrpcLogAppender: Wait interrupted by java.lang.InterruptedException
2019-10-09 13:14:36,256 [main] INFO  impl.StateMachineUpdater (StateMachineUpdater.java:stopAndJoin(125)) - 869fbf5b-cbbd-43c6-9f26-156c5192e660@group-DC31737E2860-StateMachineUpdater: set stopIndex = 2
2019-10-09 13:14:36,256 [main] INFO  impl.RaftServerImpl (ServerState.java:close(385)) - 869fbf5b-cbbd-43c6-9f26-156c5192e660@group-DC31737E2860: closes. applyIndex: 2
2019-10-09 13:14:36,257 [869fbf5b-cbbd-43c6-9f26-156c5192e660@group-DC31737E2860-SegmentedRaftLogWorker] INFO  segmented.SegmentedRaftLogWorker (SegmentedRaftLogWorker.java:run(313)) - 869fbf5b-cbbd-43c6-9f26-156c5192e660@group-DC31737E2860-SegmentedRaftLogWorker was interrupted, exiting. There are 0 tasks remaining in the queue.
2019-10-09 13:14:36,257 [main] INFO  segmented.SegmentedRaftLogWorker (SegmentedRaftLogWorker.java:close(228)) - 869fbf5b-cbbd-43c6-9f26-156c5192e660@group-DC31737E2860-SegmentedRaftLogWorker close()
2019-10-09 13:14:36,257 [main] INFO  impl.RaftServerImpl (RaftServerImpl.java:lambda$shutdown$3(251)) - 869fbf5b-cbbd-43c6-9f26-156c5192e660@group-52AD3AA08ADE: shutdown
2019-10-09 13:14:36,258 [main] INFO  util.JmxRegister (JmxRegister.java:unregister(73)) - Successfully un-registered JMX Bean with object name Ratis:service=RaftServer,group=group-52AD3AA08ADE,id=869fbf5b-cbbd-43c6-9f26-156c5192e660
2019-10-09 13:14:36,258 [main] INFO  impl.RoleInfo (RoleInfo.java:shutdownFollowerState(121)) - 869fbf5b-cbbd-43c6-9f26-156c5192e660: shutdown FollowerState
2019-10-09 13:14:36,258 [main] INFO  impl.StateMachineUpdater (StateMachineUpdater.java:stopAndJoin(125)) - 869fbf5b-cbbd-43c6-9f26-156c5192e660@group-52AD3AA08ADE-StateMachineUpdater: set stopIndex = 2
2019-10-09 13:14:36,258 [Thread-8015] INFO  impl.FollowerState (FollowerState.java:run(115)) - 869fbf5b-cbbd-43c6-9f26-156c5192e660: FollowerState was interrupted: java.lang.InterruptedException: sleep interrupted
2019-10-09 13:14:36,258 [main] INFO  impl.RaftServerImpl (ServerState.java:close(385)) - 869fbf5b-cbbd-43c6-9f26-156c5192e660@group-52AD3AA08ADE: closes. applyIndex: 2
2019-10-09 13:14:36,259 [869fbf5b-cbbd-43c6-9f26-156c5192e660@group-52AD3AA08ADE-SegmentedRaftLogWorker] INFO  segmented.SegmentedRaftLogWorker (SegmentedRaftLogWorker.java:run(313)) - 869fbf5b-cbbd-43c6-9f26-156c5192e660@group-52AD3AA08ADE-SegmentedRaftLogWorker was interrupted, exiting. There are 0 tasks remaining in the queue.
2019-10-09 13:14:36,259 [main] INFO  segmented.SegmentedRaftLogWorker (SegmentedRaftLogWorker.java:close(228)) - 869fbf5b-cbbd-43c6-9f26-156c5192e660@group-52AD3AA08ADE-SegmentedRaftLogWorker close()
2019-10-09 13:14:36,259 [main] INFO  impl.RaftServerImpl (RaftServerImpl.java:lambda$shutdown$3(251)) - 869fbf5b-cbbd-43c6-9f26-156c5192e660@group-227D833B6095: shutdown
2019-10-09 13:14:36,260 [main] INFO  util.JmxRegister (JmxRegister.java:unregister(73)) - Successfully un-registered JMX Bean with object name Ratis:service=RaftServer,group=group-227D833B6095,id=869fbf5b-cbbd-43c6-9f26-156c5192e660
2019-10-09 13:14:36,260 [main] INFO  impl.RoleInfo (RoleInfo.java:shutdownFollowerState(121)) - 869fbf5b-cbbd-43c6-9f26-156c5192e660: shutdown FollowerState
2019-10-09 13:14:36,260 [main] INFO  impl.StateMachineUpdater (StateMachineUpdater.java:stopAndJoin(125)) - 869fbf5b-cbbd-43c6-9f26-156c5192e660@group-227D833B6095-StateMachineUpdater: set stopIndex = 2
2019-10-09 13:14:36,260 [Thread-8031] INFO  impl.FollowerState (FollowerState.java:run(115)) - 869fbf5b-cbbd-43c6-9f26-156c5192e660: FollowerState was interrupted: java.lang.InterruptedException: sleep interrupted
2019-10-09 13:14:36,261 [main] INFO  impl.RaftServerImpl (ServerState.java:close(385)) - 869fbf5b-cbbd-43c6-9f26-156c5192e660@group-227D833B6095: closes. applyIndex: 2
2019-10-09 13:14:36,261 [869fbf5b-cbbd-43c6-9f26-156c5192e660@group-227D833B6095-SegmentedRaftLogWorker] INFO  segmented.SegmentedRaftLogWorker (SegmentedRaftLogWorker.java:run(313)) - 869fbf5b-cbbd-43c6-9f26-156c5192e660@group-227D833B6095-SegmentedRaftLogWorker was interrupted, exiting. There are 0 tasks remaining in the queue.
2019-10-09 13:14:36,261 [main] INFO  segmented.SegmentedRaftLogWorker (SegmentedRaftLogWorker.java:close(228)) - 869fbf5b-cbbd-43c6-9f26-156c5192e660@group-227D833B6095-SegmentedRaftLogWorker close()
2019-10-09 13:14:36,262 [main] INFO  impl.RaftServerImpl (RaftServerImpl.java:lambda$shutdown$3(251)) - 869fbf5b-cbbd-43c6-9f26-156c5192e660@group-FB9E4996B38B: shutdown
2019-10-09 13:14:36,262 [main] INFO  util.JmxRegister (JmxRegister.java:unregister(73)) - Successfully un-registered JMX Bean with object name Ratis:service=RaftServer,group=group-FB9E4996B38B,id=869fbf5b-cbbd-43c6-9f26-156c5192e660
2019-10-09 13:14:36,262 [main] INFO  impl.RoleInfo (RoleInfo.java:shutdownLeaderState(104)) - 869fbf5b-cbbd-43c6-9f26-156c5192e660: shutdown LeaderState
2019-10-09 13:14:36,263 [main] INFO  impl.PendingRequests (PendingRequests.java:sendNotLeaderResponses(202)) - 869fbf5b-cbbd-43c6-9f26-156c5192e660-PendingRequests: sendNotLeaderResponses
2019-10-09 13:14:36,263 [org.apache.ratis.server.impl.LogAppender$AppenderDaemon$$Lambda$493/462031746@c35552] WARN  server.GrpcLogAppender (GrpcLogAppender.java:mayWait(143)) - 869fbf5b-cbbd-43c6-9f26-156c5192e660@group-FB9E4996B38B->96acbf61-3ece-4d83-9836-a217fb58817a-GrpcLogAppender: Wait interrupted by java.lang.InterruptedException
2019-10-09 13:14:36,263 [org.apache.ratis.server.impl.LogAppender$AppenderDaemon$$Lambda$493/462031746@2545ed74] WARN  server.GrpcLogAppender (GrpcLogAppender.java:mayWait(143)) - 869fbf5b-cbbd-43c6-9f26-156c5192e660@group-FB9E4996B38B->162534dc-93d9-4206-ab1e-9268955c7aca-GrpcLogAppender: Wait interrupted by java.lang.InterruptedException
2019-10-09 13:14:36,263 [main] INFO  impl.StateMachineUpdater (StateMachineUpdater.java:stopAndJoin(125)) - 869fbf5b-cbbd-43c6-9f26-156c5192e660@group-FB9E4996B38B-StateMachineUpdater: set stopIndex = 2
2019-10-09 13:14:36,263 [main] INFO  impl.RaftServerImpl (ServerState.java:close(385)) - 869fbf5b-cbbd-43c6-9f26-156c5192e660@group-FB9E4996B38B: closes. applyIndex: 2
2019-10-09 13:14:36,264 [869fbf5b-cbbd-43c6-9f26-156c5192e660@group-FB9E4996B38B-SegmentedRaftLogWorker] INFO  segmented.SegmentedRaftLogWorker (SegmentedRaftLogWorker.java:run(313)) - 869fbf5b-cbbd-43c6-9f26-156c5192e660@group-FB9E4996B38B-SegmentedRaftLogWorker was interrupted, exiting. There are 0 tasks remaining in the queue.
2019-10-09 13:14:36,264 [main] INFO  segmented.SegmentedRaftLogWorker (SegmentedRaftLogWorker.java:close(228)) - 869fbf5b-cbbd-43c6-9f26-156c5192e660@group-FB9E4996B38B-SegmentedRaftLogWorker close()
2019-10-09 13:14:36,264 [main] INFO  impl.RaftServerImpl (RaftServerImpl.java:lambda$shutdown$3(251)) - 869fbf5b-cbbd-43c6-9f26-156c5192e660@group-4A4B977E74D1: shutdown
2019-10-09 13:14:36,265 [main] INFO  util.JmxRegister (JmxRegister.java:unregister(73)) - Successfully un-registered JMX Bean with object name Ratis:service=RaftServer,group=group-4A4B977E74D1,id=869fbf5b-cbbd-43c6-9f26-156c5192e660
2019-10-09 13:14:36,265 [main] INFO  impl.RoleInfo (RoleInfo.java:shutdownFollowerState(121)) - 869fbf5b-cbbd-43c6-9f26-156c5192e660: shutdown FollowerState
2019-10-09 13:14:36,265 [main] INFO  impl.StateMachineUpdater (StateMachineUpdater.java:stopAndJoin(125)) - 869fbf5b-cbbd-43c6-9f26-156c5192e660@group-4A4B977E74D1-StateMachineUpdater: set stopIndex = 18
2019-10-09 13:14:36,265 [Thread-8023] INFO  impl.FollowerState (FollowerState.java:run(115)) - 869fbf5b-cbbd-43c6-9f26-156c5192e660: FollowerState was interrupted: java.lang.InterruptedException: sleep interrupted
2019-10-09 13:14:36,265 [869fbf5b-cbbd-43c6-9f26-156c5192e660@group-4A4B977E74D1-StateMachineUpdater] INFO  ratis.ContainerStateMachine (ContainerStateMachine.java:takeSnapshot(289)) - group-4A4B977E74D1: Taking a snapshot at:(t:1, i:14) file /workdir/hadoop-ozone/integration-test/target/test-dir/MiniOzoneClusterImpl-77992fd3-8e8a-426b-8566-445f44124f00/datanode-3/data/ratis/31436527-0db7-4839-a6a0-4a4b977e74d1/sm/snapshot.1_14
2019-10-09 13:14:36,293 [869fbf5b-cbbd-43c6-9f26-156c5192e660@group-4A4B977E74D1-StateMachineUpdater] INFO  ratis.ContainerStateMachine (ContainerStateMachine.java:takeSnapshot(300)) - group-4A4B977E74D1: Finished taking a snapshot at:(t:1, i:14) file:/workdir/hadoop-ozone/integration-test/target/test-dir/MiniOzoneClusterImpl-77992fd3-8e8a-426b-8566-445f44124f00/datanode-3/data/ratis/31436527-0db7-4839-a6a0-4a4b977e74d1/sm/snapshot.1_14 time:27
2019-10-09 13:14:36,293 [869fbf5b-cbbd-43c6-9f26-156c5192e660@group-4A4B977E74D1-StateMachineUpdater] INFO  impl.StateMachineUpdater (StateMachineUpdater.java:takeSnapshot(258)) - 869fbf5b-cbbd-43c6-9f26-156c5192e660@group-4A4B977E74D1-StateMachineUpdater: Took a snapshot at index 14
2019-10-09 13:14:36,293 [869fbf5b-cbbd-43c6-9f26-156c5192e660@group-4A4B977E74D1-StateMachineUpdater] INFO  impl.StateMachineUpdater (StateMachineUpdater.java:lambda$new$0(83)) - 869fbf5b-cbbd-43c6-9f26-156c5192e660@group-4A4B977E74D1-StateMachineUpdater: snapshotIndex: updateIncreasingly -1 -> 14
2019-10-09 13:14:36,293 [869fbf5b-cbbd-43c6-9f26-156c5192e660@group-4A4B977E74D1-StateMachineUpdater] INFO  ratis.ContainerStateMachine (ContainerStateMachine.java:takeSnapshot(289)) - group-4A4B977E74D1: Taking a snapshot at:(t:1, i:14) file /workdir/hadoop-ozone/integration-test/target/test-dir/MiniOzoneClusterImpl-77992fd3-8e8a-426b-8566-445f44124f00/datanode-3/data/ratis/31436527-0db7-4839-a6a0-4a4b977e74d1/sm/snapshot.1_14
2019-10-09 13:14:36,306 [869fbf5b-cbbd-43c6-9f26-156c5192e660@group-4A4B977E74D1-StateMachineUpdater] INFO  ratis.ContainerStateMachine (ContainerStateMachine.java:takeSnapshot(300)) - group-4A4B977E74D1: Finished taking a snapshot at:(t:1, i:14) file:/workdir/hadoop-ozone/integration-test/target/test-dir/MiniOzoneClusterImpl-77992fd3-8e8a-426b-8566-445f44124f00/datanode-3/data/ratis/31436527-0db7-4839-a6a0-4a4b977e74d1/sm/snapshot.1_14 time:12
2019-10-09 13:14:36,306 [869fbf5b-cbbd-43c6-9f26-156c5192e660@group-4A4B977E74D1-StateMachineUpdater] INFO  impl.StateMachineUpdater (StateMachineUpdater.java:takeSnapshot(258)) - 869fbf5b-cbbd-43c6-9f26-156c5192e660@group-4A4B977E74D1-StateMachineUpdater: Took a snapshot at index 14
2019-10-09 13:14:36,306 [869fbf5b-cbbd-43c6-9f26-156c5192e660@group-4A4B977E74D1-StateMachineUpdater] INFO  impl.StateMachineUpdater (StateMachineUpdater.java:lambda$new$0(83)) - 869fbf5b-cbbd-43c6-9f26-156c5192e660@group-4A4B977E74D1-StateMachineUpdater: snapshotIndex: updateIncreasingly 14 -> 14
2019-10-09 13:14:36,306 [main] INFO  impl.RaftServerImpl (ServerState.java:close(385)) - 869fbf5b-cbbd-43c6-9f26-156c5192e660@group-4A4B977E74D1: closes. applyIndex: 18
2019-10-09 13:14:36,307 [869fbf5b-cbbd-43c6-9f26-156c5192e660@group-4A4B977E74D1-SegmentedRaftLogWorker] INFO  segmented.SegmentedRaftLogWorker (SegmentedRaftLogWorker.java:run(313)) - 869fbf5b-cbbd-43c6-9f26-156c5192e660@group-4A4B977E74D1-SegmentedRaftLogWorker was interrupted, exiting. There are 0 tasks remaining in the queue.
2019-10-09 13:14:36,307 [main] INFO  segmented.SegmentedRaftLogWorker (SegmentedRaftLogWorker.java:close(228)) - 869fbf5b-cbbd-43c6-9f26-156c5192e660@group-4A4B977E74D1-SegmentedRaftLogWorker close()
2019-10-09 13:14:36,307 [main] INFO  impl.RaftServerImpl (RaftServerImpl.java:lambda$shutdown$3(251)) - 869fbf5b-cbbd-43c6-9f26-156c5192e660@group-19F276FA9099: shutdown
2019-10-09 13:14:36,308 [main] INFO  util.JmxRegister (JmxRegister.java:unregister(73)) - Successfully un-registered JMX Bean with object name Ratis:service=RaftServer,group=group-19F276FA9099,id=869fbf5b-cbbd-43c6-9f26-156c5192e660
2019-10-09 13:14:36,308 [main] INFO  impl.RoleInfo (RoleInfo.java:shutdownLeaderState(104)) - 869fbf5b-cbbd-43c6-9f26-156c5192e660: shutdown LeaderState
2019-10-09 13:14:36,308 [main] INFO  impl.PendingRequests (PendingRequests.java:sendNotLeaderResponses(202)) - 869fbf5b-cbbd-43c6-9f26-156c5192e660-PendingRequests: sendNotLeaderResponses
2019-10-09 13:14:36,308 [org.apache.ratis.server.impl.LogAppender$AppenderDaemon$$Lambda$493/462031746@6541af9d] WARN  server.GrpcLogAppender (GrpcLogAppender.java:mayWait(143)) - 869fbf5b-cbbd-43c6-9f26-156c5192e660@group-19F276FA9099->96acbf61-3ece-4d83-9836-a217fb58817a-GrpcLogAppender: Wait interrupted by java.lang.InterruptedException
2019-10-09 13:14:36,308 [org.apache.ratis.server.impl.LogAppender$AppenderDaemon$$Lambda$493/462031746@1e5d2b0f] WARN  server.GrpcLogAppender (GrpcLogAppender.java:mayWait(143)) - 869fbf5b-cbbd-43c6-9f26-156c5192e660@group-19F276FA9099->162534dc-93d9-4206-ab1e-9268955c7aca-GrpcLogAppender: Wait interrupted by java.lang.InterruptedException
2019-10-09 13:14:36,309 [main] INFO  impl.StateMachineUpdater (StateMachineUpdater.java:stopAndJoin(125)) - 869fbf5b-cbbd-43c6-9f26-156c5192e660@group-19F276FA9099-StateMachineUpdater: set stopIndex = 2
2019-10-09 13:14:36,309 [main] INFO  impl.RaftServerImpl (ServerState.java:close(385)) - 869fbf5b-cbbd-43c6-9f26-156c5192e660@group-19F276FA9099: closes. applyIndex: 2
2019-10-09 13:14:36,309 [869fbf5b-cbbd-43c6-9f26-156c5192e660@group-19F276FA9099-SegmentedRaftLogWorker] INFO  segmented.SegmentedRaftLogWorker (SegmentedRaftLogWorker.java:run(313)) - 869fbf5b-cbbd-43c6-9f26-156c5192e660@group-19F276FA9099-SegmentedRaftLogWorker was interrupted, exiting. There are 0 tasks remaining in the queue.
2019-10-09 13:14:36,310 [main] INFO  segmented.SegmentedRaftLogWorker (SegmentedRaftLogWorker.java:close(228)) - 869fbf5b-cbbd-43c6-9f26-156c5192e660@group-19F276FA9099-SegmentedRaftLogWorker close()
2019-10-09 13:14:36,310 [main] INFO  server.GrpcService (GrpcService.java:closeImpl(164)) - 869fbf5b-cbbd-43c6-9f26-156c5192e660: shutdown server with port 43498 now
2019-10-09 13:14:36,311 [grpc-default-executor-51] WARN  client.GrpcClientProtocolService (LogUtils.java:warn(134)) - 11-UnorderedRequestStreamObserver11: onError: org.apache.ratis.thirdparty.io.grpc.StatusRuntimeException: CANCELLED: cancelled before receiving half close
2019-10-09 13:14:36,311 [main] INFO  server.GrpcService (GrpcService.java:closeImpl(172)) - 869fbf5b-cbbd-43c6-9f26-156c5192e660: shutdown server with port 43498 successfully
2019-10-09 13:14:36,312 [refreshUsed-/workdir/hadoop-ozone/integration-test/target/test-dir/MiniOzoneClusterImpl-77992fd3-8e8a-426b-8566-445f44124f00/datanode-3/data/containers] WARN  fs.CachingGetSpaceUsed (CachingGetSpaceUsed.java:run(183)) - Thread Interrupted waiting to refresh disk information: sleep interrupted
2019-10-09 13:14:36,325 [main] INFO  utils.BackgroundService (BackgroundService.java:shutdown(148)) - Shutting down service BlockDeletingService
2019-10-09 13:14:36,330 [main] INFO  statemachine.DatanodeStateMachine (DatanodeStateMachine.java:stopDaemon(395)) - Ozone container server stopped.
2019-10-09 13:14:36,331 [main] INFO  handler.ContextHandler (ContextHandler.java:doStop(910)) - Stopped o.e.j.w.WebAppContext@4cc8d70d{/,null,UNAVAILABLE}{/hddsDatanode}
2019-10-09 13:14:36,332 [main] INFO  server.AbstractConnector (AbstractConnector.java:doStop(318)) - Stopped ServerConnector@5c59a0f7{HTTP/1.1,[http/1.1]}{0.0.0.0:0}
2019-10-09 13:14:36,332 [main] INFO  handler.ContextHandler (ContextHandler.java:doStop(910)) - Stopped o.e.j.s.ServletContextHandler@62cf6a84{/static,jar:file:/home/user/.m2/repository/org/apache/hadoop/hadoop-hdds-container-service/0.5.0-SNAPSHOT/hadoop-hdds-container-service-0.5.0-SNAPSHOT.jar!/webapps/static,UNAVAILABLE}
2019-10-09 13:14:36,332 [main] INFO  handler.ContextHandler (ContextHandler.java:doStop(910)) - Stopped o.e.j.s.ServletContextHandler@53a301f3{/logs,file:///workdir/hadoop-ozone/integration-test/target/log,UNAVAILABLE}
2019-10-09 13:14:36,460 [Datanode State Machine Thread - 0] INFO  statemachine.DatanodeStateMachine (DatanodeStateMachine.java:lambda$startDaemon$0(350)) - Ozone container server started.
2019-10-09 13:14:37,170 [Datanode State Machine Thread - 0] INFO  statemachine.DatanodeStateMachine (DatanodeStateMachine.java:lambda$startDaemon$0(350)) - Ozone container server started.
2019-10-09 13:14:40,473 [EventQueue-StaleNodeForStaleNodeHandler] INFO  node.StaleNodeHandler (StaleNodeHandler.java:onMessage(58)) - Datanode 8dcbbddc-d4ab-4266-a26b-3cb88d40d557{ip: 192.168.5.175, host: pr-hdds-1569-mfl88-1504498049, networkLocation: /default-rack, certSerialId: null} moved to stale state. Finalizing its pipelines []
2019-10-09 13:14:41,175 [EventQueue-StaleNodeForStaleNodeHandler] INFO  node.StaleNodeHandler (StaleNodeHandler.java:onMessage(58)) - Datanode 06b07e7c-75e3-42cf-8216-e3337187b4bc{ip: 192.168.5.175, host: pr-hdds-1569-mfl88-1504498049, networkLocation: /default-rack, certSerialId: null} moved to stale state. Finalizing its pipelines []
2019-10-09 13:14:41,225 [ForkJoinPool.commonPool-worker-1] INFO  ozoneimpl.OzoneContainer (OzoneContainer.java:stop(231)) - Attempting to stop container services.
2019-10-09 13:14:41,226 [ForkJoinPool.commonPool-worker-1] INFO  impl.RaftServerProxy (RaftServerProxy.java:lambda$close$4(314)) - 06b07e7c-75e3-42cf-8216-e3337187b4bc: close
2019-10-09 13:14:41,234 [ForkJoinPool.commonPool-worker-1] INFO  server.GrpcService (GrpcService.java:closeImpl(164)) - 06b07e7c-75e3-42cf-8216-e3337187b4bc: shutdown server with port 41363 now
2019-10-09 13:14:41,235 [ForkJoinPool.commonPool-worker-1] INFO  server.GrpcService (GrpcService.java:closeImpl(172)) - 06b07e7c-75e3-42cf-8216-e3337187b4bc: shutdown server with port 41363 successfully
2019-10-09 13:14:41,238 [refreshUsed-/workdir/hadoop-ozone/integration-test/target/test-dir/MiniOzoneClusterImpl-77992fd3-8e8a-426b-8566-445f44124f00/datanode-6/data/containers] WARN  fs.CachingGetSpaceUsed (CachingGetSpaceUsed.java:run(183)) - Thread Interrupted waiting to refresh disk information: sleep interrupted
2019-10-09 13:14:41,261 [ForkJoinPool.commonPool-worker-1] INFO  utils.BackgroundService (BackgroundService.java:shutdown(148)) - Shutting down service BlockDeletingService
2019-10-09 13:14:41,269 [ForkJoinPool.commonPool-worker-1] INFO  statemachine.DatanodeStateMachine (DatanodeStateMachine.java:stopDaemon(395)) - Ozone container server stopped.
2019-10-09 13:14:41,275 [ForkJoinPool.commonPool-worker-1] INFO  handler.ContextHandler (ContextHandler.java:doStop(910)) - Stopped o.e.j.w.WebAppContext@401e02b4{/,null,UNAVAILABLE}{/hddsDatanode}
2019-10-09 13:14:41,278 [ForkJoinPool.commonPool-worker-1] INFO  server.AbstractConnector (AbstractConnector.java:doStop(318)) - Stopped ServerConnector@164d01ba{HTTP/1.1,[http/1.1]}{0.0.0.0:0}
2019-10-09 13:14:41,278 [ForkJoinPool.commonPool-worker-1] INFO  handler.ContextHandler (ContextHandler.java:doStop(910)) - Stopped o.e.j.s.ServletContextHandler@6f96dd64{/static,jar:file:/home/user/.m2/repository/org/apache/hadoop/hadoop-hdds-container-service/0.5.0-SNAPSHOT/hadoop-hdds-container-service-0.5.0-SNAPSHOT.jar!/webapps/static,UNAVAILABLE}
2019-10-09 13:14:41,279 [ForkJoinPool.commonPool-worker-1] INFO  handler.ContextHandler (ContextHandler.java:doStop(910)) - Stopped o.e.j.s.ServletContextHandler@5e2a6991{/logs,file:///workdir/hadoop-ozone/integration-test/target/log,UNAVAILABLE}
2019-10-09 13:14:41,334 [main] INFO  ozoneimpl.OzoneContainer (OzoneContainer.java:stop(231)) - Attempting to stop container services.
2019-10-09 13:14:41,334 [main] INFO  impl.RaftServerProxy (RaftServerProxy.java:lambda$close$4(314)) - 8dcbbddc-d4ab-4266-a26b-3cb88d40d557: close
2019-10-09 13:14:41,336 [main] INFO  server.GrpcService (GrpcService.java:closeImpl(164)) - 8dcbbddc-d4ab-4266-a26b-3cb88d40d557: shutdown server with port 43915 now
2019-10-09 13:14:41,336 [main] INFO  server.GrpcService (GrpcService.java:closeImpl(172)) - 8dcbbddc-d4ab-4266-a26b-3cb88d40d557: shutdown server with port 43915 successfully
2019-10-09 13:14:41,338 [refreshUsed-/workdir/hadoop-ozone/integration-test/target/test-dir/MiniOzoneClusterImpl-77992fd3-8e8a-426b-8566-445f44124f00/datanode-5/data/containers] WARN  fs.CachingGetSpaceUsed (CachingGetSpaceUsed.java:run(183)) - Thread Interrupted waiting to refresh disk information: sleep interrupted
2019-10-09 13:14:41,352 [main] INFO  utils.BackgroundService (BackgroundService.java:shutdown(148)) - Shutting down service BlockDeletingService
2019-10-09 13:14:41,357 [main] INFO  statemachine.DatanodeStateMachine (DatanodeStateMachine.java:stopDaemon(395)) - Ozone container server stopped.
2019-10-09 13:14:41,358 [main] INFO  handler.ContextHandler (ContextHandler.java:doStop(910)) - Stopped o.e.j.w.WebAppContext@6aff97d6{/,null,UNAVAILABLE}{/hddsDatanode}
2019-10-09 13:14:41,359 [main] INFO  server.AbstractConnector (AbstractConnector.java:doStop(318)) - Stopped ServerConnector@1d60059f{HTTP/1.1,[http/1.1]}{0.0.0.0:0}
2019-10-09 13:14:41,359 [main] INFO  handler.ContextHandler (ContextHandler.java:doStop(910)) - Stopped o.e.j.s.ServletContextHandler@2d70f312{/static,jar:file:/home/user/.m2/repository/org/apache/hadoop/hadoop-hdds-container-service/0.5.0-SNAPSHOT/hadoop-hdds-container-service-0.5.0-SNAPSHOT.jar!/webapps/static,UNAVAILABLE}
2019-10-09 13:14:41,359 [main] INFO  handler.ContextHandler (ContextHandler.java:doStop(910)) - Stopped o.e.j.s.ServletContextHandler@2f15a964{/logs,file:///workdir/hadoop-ozone/integration-test/target/log,UNAVAILABLE}
2019-10-09 13:14:41,360 [main] INFO  ozone.MiniOzoneClusterImpl (MiniOzoneClusterImpl.java:stopSCM(392)) - Stopping the StorageContainerManager
2019-10-09 13:14:41,360 [main] INFO  server.StorageContainerManager (StorageContainerManager.java:stop(808)) - Stopping Replication Manager Service.
2019-10-09 13:14:41,360 [main] INFO  container.ReplicationManager (ReplicationManager.java:stop(204)) - Stopping Replication Monitor Thread.
2019-10-09 13:14:41,361 [main] INFO  server.StorageContainerManager (StorageContainerManager.java:stop(815)) - Stopping Lease Manager of the command watchers
2019-10-09 13:14:41,361 [main] INFO  server.StorageContainerManager (StorageContainerManager.java:stop(822)) - Stopping datanode service RPC server
2019-10-09 13:14:41,361 [main] INFO  server.SCMDatanodeProtocolServer (SCMDatanodeProtocolServer.java:stop(367)) - Stopping the RPC server for DataNodes
2019-10-09 13:14:41,361 [main] INFO  ipc.Server (Server.java:stop(3082)) - Stopping server on 34501
2019-10-09 13:14:41,365 [IPC Server listener on 34501] INFO  ipc.Server (Server.java:run(1185)) - Stopping IPC Server listener on 34501
2019-10-09 13:14:41,365 [IPC Server Responder] INFO  ipc.Server (Server.java:run(1319)) - Stopping IPC Server Responder
2019-10-09 13:14:41,375 [SCM Heartbeat Processing Thread - 0] WARN  node.NodeStateManager (NodeStateManager.java:scheduleNextHealthCheck(655)) - Current Thread is interrupted, shutting down HB processing thread for Node Manager.
2019-10-09 13:14:41,375 [main] INFO  server.StorageContainerManager (StorageContainerManager.java:stop(830)) - Stopping block service RPC server
2019-10-09 13:14:41,376 [main] INFO  server.SCMBlockProtocolServer (SCMBlockProtocolServer.java:stop(155)) - Stopping the RPC server for Block Protocol
2019-10-09 13:14:41,376 [main] INFO  ipc.Server (Server.java:stop(3082)) - Stopping server on 38037
2019-10-09 13:14:41,379 [IPC Server listener on 38037] INFO  ipc.Server (Server.java:run(1185)) - Stopping IPC Server listener on 38037
2019-10-09 13:14:41,379 [main] INFO  server.StorageContainerManager (StorageContainerManager.java:stop(837)) - Stopping the StorageContainerLocationProtocol RPC server
2019-10-09 13:14:41,380 [IPC Server Responder] INFO  ipc.Server (Server.java:run(1319)) - Stopping IPC Server Responder
2019-10-09 13:14:41,381 [main] INFO  server.SCMClientProtocolServer (SCMClientProtocolServer.java:stop(159)) - Stopping the RPC server for Client Protocol
2019-10-09 13:14:41,382 [main] INFO  ipc.Server (Server.java:stop(3082)) - Stopping server on 43123
2019-10-09 13:14:41,385 [IPC Server listener on 43123] INFO  ipc.Server (Server.java:run(1185)) - Stopping IPC Server listener on 43123
2019-10-09 13:14:41,385 [main] INFO  server.StorageContainerManager (StorageContainerManager.java:stop(844)) - Stopping Storage Container Manager HTTP server.
2019-10-09 13:14:41,385 [IPC Server Responder] INFO  ipc.Server (Server.java:run(1319)) - Stopping IPC Server Responder
2019-10-09 13:14:41,387 [main] INFO  handler.ContextHandler (ContextHandler.java:doStop(910)) - Stopped o.e.j.w.WebAppContext@6fbf5db2{/,null,UNAVAILABLE}{/scm}
2019-10-09 13:14:41,387 [main] INFO  server.AbstractConnector (AbstractConnector.java:doStop(318)) - Stopped ServerConnector@509a6095{HTTP/1.1,[http/1.1]}{0.0.0.0:0}
2019-10-09 13:14:41,387 [main] INFO  handler.ContextHandler (ContextHandler.java:doStop(910)) - Stopped o.e.j.s.ServletContextHandler@3457cc8d{/static,file:///workdir/hadoop-ozone/integration-test/target/test-classes/webapps/static,UNAVAILABLE}
2019-10-09 13:14:41,388 [main] INFO  handler.ContextHandler (ContextHandler.java:doStop(910)) - Stopped o.e.j.s.ServletContextHandler@5d1bdd4a{/logs,file:///workdir/hadoop-ozone/integration-test/target/log,UNAVAILABLE}
2019-10-09 13:14:41,388 [main] INFO  server.StorageContainerManager (StorageContainerManager.java:stop(855)) - Stopping Block Manager Service.
2019-10-09 13:14:41,389 [main] INFO  utils.BackgroundService (BackgroundService.java:shutdown(148)) - Shutting down service SCMBlockDeletingService
2019-10-09 13:14:41,389 [main] INFO  utils.BackgroundService (BackgroundService.java:shutdown(148)) - Shutting down service SCMBlockDeletingService
2019-10-09 13:14:41,389 [main] INFO  server.StorageContainerManager (StorageContainerManager.java:stop(877)) - Stopping SCM Event Queue.
2019-10-09 13:14:41,393 [main] INFO  impl.MetricsSystemImpl (MetricsSystemImpl.java:stop(210)) - Stopping HddsDatanode metrics system...
2019-10-09 13:14:41,426 [main] INFO  impl.MetricsSystemImpl (MetricsSystemImpl.java:stop(216)) - HddsDatanode metrics system stopped.
]]></system-out>
    <system-err><![CDATA[Oct 09, 2019 1:13:49 PM org.apache.ratis.thirdparty.io.grpc.internal.ManagedChannelOrphanWrapper$ManagedChannelReference cleanQueue
SEVERE: *~*~*~ Channel ManagedChannelImpl{logId=4170, target=192.168.5.175:37740} was not shutdown properly!!! ~*~*~*
    Make sure to call shutdown()/shutdownNow() and wait until awaitTermination() returns true.
java.lang.RuntimeException: ManagedChannel allocation site
	at org.apache.ratis.thirdparty.io.grpc.internal.ManagedChannelOrphanWrapper$ManagedChannelReference.<init>(ManagedChannelOrphanWrapper.java:103)
	at org.apache.ratis.thirdparty.io.grpc.internal.ManagedChannelOrphanWrapper.<init>(ManagedChannelOrphanWrapper.java:53)
	at org.apache.ratis.thirdparty.io.grpc.internal.ManagedChannelOrphanWrapper.<init>(ManagedChannelOrphanWrapper.java:44)
	at org.apache.ratis.thirdparty.io.grpc.internal.AbstractManagedChannelImplBuilder.build(AbstractManagedChannelImplBuilder.java:411)
	at org.apache.hadoop.hdds.scm.XceiverClientGrpc.connectToDatanode(XceiverClientGrpc.java:181)
	at org.apache.hadoop.hdds.scm.XceiverClientGrpc.reconnect(XceiverClientGrpc.java:429)
	at org.apache.hadoop.hdds.scm.XceiverClientGrpc.sendCommandAsync(XceiverClientGrpc.java:378)
	at org.apache.hadoop.hdds.scm.XceiverClientGrpc.sendCommandWithRetry(XceiverClientGrpc.java:291)
	at org.apache.hadoop.hdds.scm.XceiverClientGrpc.sendCommandWithTraceIDAndRetry(XceiverClientGrpc.java:257)
	at org.apache.hadoop.hdds.scm.XceiverClientGrpc.sendCommand(XceiverClientGrpc.java:240)
	at org.apache.hadoop.hdds.scm.storage.ContainerProtocolCalls.getBlock(ContainerProtocolCalls.java:118)
	at org.apache.hadoop.hdds.scm.storage.BlockInputStream.getChunkInfos(BlockInputStream.java:167)
	at org.apache.hadoop.hdds.scm.storage.BlockInputStream.initialize(BlockInputStream.java:118)
	at org.apache.hadoop.hdds.scm.storage.BlockInputStream.read(BlockInputStream.java:222)
	at org.apache.hadoop.ozone.client.io.KeyInputStream.read(KeyInputStream.java:171)
	at org.apache.hadoop.ozone.client.io.OzoneInputStream.read(OzoneInputStream.java:47)
	at java.io.InputStream.read(InputStream.java:101)
	at org.apache.hadoop.ozone.container.ContainerTestHelper.validateData(ContainerTestHelper.java:714)
	at org.apache.hadoop.ozone.client.rpc.TestBlockOutputStreamWithFailures.validateData(TestBlockOutputStreamWithFailures.java:1216)
	at org.apache.hadoop.ozone.client.rpc.TestBlockOutputStreamWithFailures.testDatanodeFailureWithSingleNodeRatis(TestBlockOutputStreamWithFailures.java:1058)
	at sun.reflect.NativeMethodAccessorImpl.invoke0(Native Method)
	at sun.reflect.NativeMethodAccessorImpl.invoke(NativeMethodAccessorImpl.java:62)
	at sun.reflect.DelegatingMethodAccessorImpl.invoke(DelegatingMethodAccessorImpl.java:43)
	at java.lang.reflect.Method.invoke(Method.java:498)
	at org.junit.runners.model.FrameworkMethod$1.runReflectiveCall(FrameworkMethod.java:47)
	at org.junit.internal.runners.model.ReflectiveCallable.run(ReflectiveCallable.java:12)
	at org.junit.runners.model.FrameworkMethod.invokeExplosively(FrameworkMethod.java:44)
	at org.junit.internal.runners.statements.InvokeMethod.evaluate(InvokeMethod.java:17)
	at org.junit.internal.runners.statements.RunBefores.evaluate(RunBefores.java:26)
	at org.junit.internal.runners.statements.RunAfters.evaluate(RunAfters.java:27)
	at org.junit.runners.ParentRunner.runLeaf(ParentRunner.java:271)
	at org.junit.runners.BlockJUnit4ClassRunner.runChild(BlockJUnit4ClassRunner.java:70)
	at org.junit.runners.BlockJUnit4ClassRunner.runChild(BlockJUnit4ClassRunner.java:50)
	at org.junit.runners.ParentRunner$3.run(ParentRunner.java:238)
	at org.junit.runners.ParentRunner$1.schedule(ParentRunner.java:63)
	at org.junit.runners.ParentRunner.runChildren(ParentRunner.java:236)
	at org.junit.runners.ParentRunner.access$000(ParentRunner.java:53)
	at org.junit.runners.ParentRunner$2.evaluate(ParentRunner.java:229)
	at org.junit.runners.ParentRunner.run(ParentRunner.java:309)
	at org.apache.maven.surefire.junit4.JUnit4Provider.execute(JUnit4Provider.java:365)
	at org.apache.maven.surefire.junit4.JUnit4Provider.executeWithRerun(JUnit4Provider.java:273)
	at org.apache.maven.surefire.junit4.JUnit4Provider.executeTestSet(JUnit4Provider.java:238)
	at org.apache.maven.surefire.junit4.JUnit4Provider.invoke(JUnit4Provider.java:159)
	at org.apache.maven.surefire.booter.ForkedBooter.invokeProviderInSameClassLoader(ForkedBooter.java:384)
	at org.apache.maven.surefire.booter.ForkedBooter.runSuitesInProcess(ForkedBooter.java:345)
	at org.apache.maven.surefire.booter.ForkedBooter.execute(ForkedBooter.java:126)
	at org.apache.maven.surefire.booter.ForkedBooter.main(ForkedBooter.java:418)

Oct 09, 2019 1:13:49 PM org.apache.ratis.thirdparty.io.grpc.internal.ManagedChannelOrphanWrapper$ManagedChannelReference cleanQueue
SEVERE: *~*~*~ Channel ManagedChannelImpl{logId=4175, target=192.168.5.175:43130} was not shutdown properly!!! ~*~*~*
    Make sure to call shutdown()/shutdownNow() and wait until awaitTermination() returns true.
java.lang.RuntimeException: ManagedChannel allocation site
	at org.apache.ratis.thirdparty.io.grpc.internal.ManagedChannelOrphanWrapper$ManagedChannelReference.<init>(ManagedChannelOrphanWrapper.java:103)
	at org.apache.ratis.thirdparty.io.grpc.internal.ManagedChannelOrphanWrapper.<init>(ManagedChannelOrphanWrapper.java:53)
	at org.apache.ratis.thirdparty.io.grpc.internal.ManagedChannelOrphanWrapper.<init>(ManagedChannelOrphanWrapper.java:44)
	at org.apache.ratis.thirdparty.io.grpc.internal.AbstractManagedChannelImplBuilder.build(AbstractManagedChannelImplBuilder.java:411)
	at org.apache.hadoop.hdds.scm.XceiverClientGrpc.connectToDatanode(XceiverClientGrpc.java:181)
	at org.apache.hadoop.hdds.scm.XceiverClientGrpc.reconnect(XceiverClientGrpc.java:429)
	at org.apache.hadoop.hdds.scm.XceiverClientGrpc.sendCommandAsync(XceiverClientGrpc.java:378)
	at org.apache.hadoop.hdds.scm.XceiverClientGrpc.sendCommandWithRetry(XceiverClientGrpc.java:291)
	at org.apache.hadoop.hdds.scm.XceiverClientGrpc.sendCommandWithTraceIDAndRetry(XceiverClientGrpc.java:257)
	at org.apache.hadoop.hdds.scm.XceiverClientGrpc.sendCommand(XceiverClientGrpc.java:240)
	at org.apache.hadoop.hdds.scm.storage.ContainerProtocolCalls.getBlock(ContainerProtocolCalls.java:118)
	at org.apache.hadoop.hdds.scm.storage.BlockInputStream.getChunkInfos(BlockInputStream.java:167)
	at org.apache.hadoop.hdds.scm.storage.BlockInputStream.initialize(BlockInputStream.java:118)
	at org.apache.hadoop.hdds.scm.storage.BlockInputStream.read(BlockInputStream.java:222)
	at org.apache.hadoop.ozone.client.io.KeyInputStream.read(KeyInputStream.java:171)
	at org.apache.hadoop.ozone.client.io.OzoneInputStream.read(OzoneInputStream.java:47)
	at java.io.InputStream.read(InputStream.java:101)
	at org.apache.hadoop.ozone.container.ContainerTestHelper.validateData(ContainerTestHelper.java:714)
	at org.apache.hadoop.ozone.client.rpc.TestBlockOutputStreamWithFailures.validateData(TestBlockOutputStreamWithFailures.java:1216)
	at org.apache.hadoop.ozone.client.rpc.TestBlockOutputStreamWithFailures.testDatanodeFailureWithSingleNodeRatis(TestBlockOutputStreamWithFailures.java:1058)
	at sun.reflect.NativeMethodAccessorImpl.invoke0(Native Method)
	at sun.reflect.NativeMethodAccessorImpl.invoke(NativeMethodAccessorImpl.java:62)
	at sun.reflect.DelegatingMethodAccessorImpl.invoke(DelegatingMethodAccessorImpl.java:43)
	at java.lang.reflect.Method.invoke(Method.java:498)
	at org.junit.runners.model.FrameworkMethod$1.runReflectiveCall(FrameworkMethod.java:47)
	at org.junit.internal.runners.model.ReflectiveCallable.run(ReflectiveCallable.java:12)
	at org.junit.runners.model.FrameworkMethod.invokeExplosively(FrameworkMethod.java:44)
	at org.junit.internal.runners.statements.InvokeMethod.evaluate(InvokeMethod.java:17)
	at org.junit.internal.runners.statements.RunBefores.evaluate(RunBefores.java:26)
	at org.junit.internal.runners.statements.RunAfters.evaluate(RunAfters.java:27)
	at org.junit.runners.ParentRunner.runLeaf(ParentRunner.java:271)
	at org.junit.runners.BlockJUnit4ClassRunner.runChild(BlockJUnit4ClassRunner.java:70)
	at org.junit.runners.BlockJUnit4ClassRunner.runChild(BlockJUnit4ClassRunner.java:50)
	at org.junit.runners.ParentRunner$3.run(ParentRunner.java:238)
	at org.junit.runners.ParentRunner$1.schedule(ParentRunner.java:63)
	at org.junit.runners.ParentRunner.runChildren(ParentRunner.java:236)
	at org.junit.runners.ParentRunner.access$000(ParentRunner.java:53)
	at org.junit.runners.ParentRunner$2.evaluate(ParentRunner.java:229)
	at org.junit.runners.ParentRunner.run(ParentRunner.java:309)
	at org.apache.maven.surefire.junit4.JUnit4Provider.execute(JUnit4Provider.java:365)
	at org.apache.maven.surefire.junit4.JUnit4Provider.executeWithRerun(JUnit4Provider.java:273)
	at org.apache.maven.surefire.junit4.JUnit4Provider.executeTestSet(JUnit4Provider.java:238)
	at org.apache.maven.surefire.junit4.JUnit4Provider.invoke(JUnit4Provider.java:159)
	at org.apache.maven.surefire.booter.ForkedBooter.invokeProviderInSameClassLoader(ForkedBooter.java:384)
	at org.apache.maven.surefire.booter.ForkedBooter.runSuitesInProcess(ForkedBooter.java:345)
	at org.apache.maven.surefire.booter.ForkedBooter.execute(ForkedBooter.java:126)
	at org.apache.maven.surefire.booter.ForkedBooter.main(ForkedBooter.java:418)

Oct 09, 2019 1:13:49 PM org.apache.ratis.thirdparty.io.grpc.internal.ManagedChannelOrphanWrapper$ManagedChannelReference cleanQueue
SEVERE: *~*~*~ Channel ManagedChannelImpl{logId=4146, target=192.168.5.175:43045} was not shutdown properly!!! ~*~*~*
    Make sure to call shutdown()/shutdownNow() and wait until awaitTermination() returns true.
java.lang.RuntimeException: ManagedChannel allocation site
	at org.apache.ratis.thirdparty.io.grpc.internal.ManagedChannelOrphanWrapper$ManagedChannelReference.<init>(ManagedChannelOrphanWrapper.java:103)
	at org.apache.ratis.thirdparty.io.grpc.internal.ManagedChannelOrphanWrapper.<init>(ManagedChannelOrphanWrapper.java:53)
	at org.apache.ratis.thirdparty.io.grpc.internal.ManagedChannelOrphanWrapper.<init>(ManagedChannelOrphanWrapper.java:44)
	at org.apache.ratis.thirdparty.io.grpc.internal.AbstractManagedChannelImplBuilder.build(AbstractManagedChannelImplBuilder.java:411)
	at org.apache.ratis.grpc.client.GrpcClientProtocolClient.<init>(GrpcClientProtocolClient.java:127)
	at org.apache.ratis.grpc.client.GrpcClientRpc.lambda$new$0(GrpcClientRpc.java:55)
	at org.apache.ratis.util.PeerProxyMap$PeerAndProxy.lambda$getProxy$0(PeerProxyMap.java:61)
	at org.apache.ratis.util.LifeCycle.startAndTransition(LifeCycle.java:202)
	at org.apache.ratis.util.PeerProxyMap$PeerAndProxy.getProxy(PeerProxyMap.java:60)
	at org.apache.ratis.util.PeerProxyMap.getProxy(PeerProxyMap.java:108)
	at org.apache.ratis.grpc.client.GrpcClientRpc.sendRequestAsync(GrpcClientRpc.java:66)
	at org.apache.ratis.client.impl.OrderedAsync.sendRequest(OrderedAsync.java:208)
	at org.apache.ratis.client.impl.OrderedAsync.sendRequestWithRetry(OrderedAsync.java:169)
	at org.apache.ratis.util.SlidingWindow$Client.sendOrDelayRequest(SlidingWindow.java:278)
	at org.apache.ratis.util.SlidingWindow$Client.submitNewRequest(SlidingWindow.java:257)
	at org.apache.ratis.client.impl.OrderedAsync.send(OrderedAsync.java:155)
	at org.apache.ratis.client.impl.RaftClientImpl.sendAsync(RaftClientImpl.java:144)
	at org.apache.ratis.client.impl.RaftClientImpl.sendAsync(RaftClientImpl.java:124)
	at org.apache.hadoop.hdds.scm.XceiverClientRatis.sendRequestAsync(XceiverClientRatis.java:234)
	at org.apache.hadoop.hdds.scm.XceiverClientRatis.sendCommandAsync(XceiverClientRatis.java:332)
	at org.apache.hadoop.hdds.scm.storage.ContainerProtocolCalls.writeChunkAsync(ContainerProtocolCalls.java:310)
	at org.apache.hadoop.hdds.scm.storage.BlockOutputStream.writeChunkToContainer(BlockOutputStream.java:601)
	at org.apache.hadoop.hdds.scm.storage.BlockOutputStream.writeChunk(BlockOutputStream.java:459)
	at org.apache.hadoop.hdds.scm.storage.BlockOutputStream.writeOnRetry(BlockOutputStream.java:285)
	at org.apache.hadoop.ozone.client.io.BlockOutputStreamEntry.writeOnRetry(BlockOutputStreamEntry.java:200)
	at org.apache.hadoop.ozone.client.io.KeyOutputStream.handleWrite(KeyOutputStream.java:206)
	at org.apache.hadoop.ozone.client.io.KeyOutputStream.handleRetry(KeyOutputStream.java:375)
	at org.apache.hadoop.ozone.client.io.KeyOutputStream.handleException(KeyOutputStream.java:324)
	at org.apache.hadoop.ozone.client.io.KeyOutputStream.handleFlushOrClose(KeyOutputStream.java:449)
	at org.apache.hadoop.ozone.client.io.KeyOutputStream.handleWrite(KeyOutputStream.java:232)
	at org.apache.hadoop.ozone.client.io.KeyOutputStream.write(KeyOutputStream.java:190)
	at org.apache.hadoop.ozone.client.io.OzoneOutputStream.write(OzoneOutputStream.java:49)
	at java.io.OutputStream.write(OutputStream.java:75)
	at org.apache.hadoop.ozone.client.rpc.TestBlockOutputStreamWithFailures.testDatanodeFailureWithSingleNodeRatis(TestBlockOutputStreamWithFailures.java:1021)
	at sun.reflect.NativeMethodAccessorImpl.invoke0(Native Method)
	at sun.reflect.NativeMethodAccessorImpl.invoke(NativeMethodAccessorImpl.java:62)
	at sun.reflect.DelegatingMethodAccessorImpl.invoke(DelegatingMethodAccessorImpl.java:43)
	at java.lang.reflect.Method.invoke(Method.java:498)
	at org.junit.runners.model.FrameworkMethod$1.runReflectiveCall(FrameworkMethod.java:47)
	at org.junit.internal.runners.model.ReflectiveCallable.run(ReflectiveCallable.java:12)
	at org.junit.runners.model.FrameworkMethod.invokeExplosively(FrameworkMethod.java:44)
	at org.junit.internal.runners.statements.InvokeMethod.evaluate(InvokeMethod.java:17)
	at org.junit.internal.runners.statements.RunBefores.evaluate(RunBefores.java:26)
	at org.junit.internal.runners.statements.RunAfters.evaluate(RunAfters.java:27)
	at org.junit.runners.ParentRunner.runLeaf(ParentRunner.java:271)
	at org.junit.runners.BlockJUnit4ClassRunner.runChild(BlockJUnit4ClassRunner.java:70)
	at org.junit.runners.BlockJUnit4ClassRunner.runChild(BlockJUnit4ClassRunner.java:50)
	at org.junit.runners.ParentRunner$3.run(ParentRunner.java:238)
	at org.junit.runners.ParentRunner$1.schedule(ParentRunner.java:63)
	at org.junit.runners.ParentRunner.runChildren(ParentRunner.java:236)
	at org.junit.runners.ParentRunner.access$000(ParentRunner.java:53)
	at org.junit.runners.ParentRunner$2.evaluate(ParentRunner.java:229)
	at org.junit.runners.ParentRunner.run(ParentRunner.java:309)
	at org.apache.maven.surefire.junit4.JUnit4Provider.execute(JUnit4Provider.java:365)
	at org.apache.maven.surefire.junit4.JUnit4Provider.executeWithRerun(JUnit4Provider.java:273)
	at org.apache.maven.surefire.junit4.JUnit4Provider.executeTestSet(JUnit4Provider.java:238)
	at org.apache.maven.surefire.junit4.JUnit4Provider.invoke(JUnit4Provider.java:159)
	at org.apache.maven.surefire.booter.ForkedBooter.invokeProviderInSameClassLoader(ForkedBooter.java:384)
	at org.apache.maven.surefire.booter.ForkedBooter.runSuitesInProcess(ForkedBooter.java:345)
	at org.apache.maven.surefire.booter.ForkedBooter.execute(ForkedBooter.java:126)
	at org.apache.maven.surefire.booter.ForkedBooter.main(ForkedBooter.java:418)

Oct 09, 2019 1:13:50 PM org.apache.ratis.thirdparty.io.grpc.internal.ManagedChannelOrphanWrapper$ManagedChannelReference cleanQueue
SEVERE: *~*~*~ Channel ManagedChannelImpl{logId=4551, target=192.168.5.175:37654} was not shutdown properly!!! ~*~*~*
    Make sure to call shutdown()/shutdownNow() and wait until awaitTermination() returns true.
java.lang.RuntimeException: ManagedChannel allocation site
	at org.apache.ratis.thirdparty.io.grpc.internal.ManagedChannelOrphanWrapper$ManagedChannelReference.<init>(ManagedChannelOrphanWrapper.java:103)
	at org.apache.ratis.thirdparty.io.grpc.internal.ManagedChannelOrphanWrapper.<init>(ManagedChannelOrphanWrapper.java:53)
	at org.apache.ratis.thirdparty.io.grpc.internal.ManagedChannelOrphanWrapper.<init>(ManagedChannelOrphanWrapper.java:44)
	at org.apache.ratis.thirdparty.io.grpc.internal.AbstractManagedChannelImplBuilder.build(AbstractManagedChannelImplBuilder.java:411)
	at org.apache.ratis.grpc.client.GrpcClientProtocolClient.<init>(GrpcClientProtocolClient.java:127)
	at org.apache.ratis.grpc.client.GrpcClientRpc.lambda$new$0(GrpcClientRpc.java:55)
	at org.apache.ratis.util.PeerProxyMap$PeerAndProxy.lambda$getProxy$0(PeerProxyMap.java:61)
	at org.apache.ratis.util.LifeCycle.startAndTransition(LifeCycle.java:202)
	at org.apache.ratis.util.PeerProxyMap$PeerAndProxy.getProxy(PeerProxyMap.java:60)
	at org.apache.ratis.util.PeerProxyMap.getProxy(PeerProxyMap.java:108)
	at org.apache.ratis.grpc.client.GrpcClientRpc.sendRequestAsync(GrpcClientRpc.java:66)
	at org.apache.ratis.client.impl.OrderedAsync.sendRequest(OrderedAsync.java:208)
	at org.apache.ratis.client.impl.OrderedAsync.sendRequestWithRetry(OrderedAsync.java:169)
	at org.apache.ratis.util.SlidingWindow$Client.sendOrDelayRequest(SlidingWindow.java:278)
	at org.apache.ratis.util.SlidingWindow$Client.submitNewRequest(SlidingWindow.java:257)
	at org.apache.ratis.client.impl.OrderedAsync.send(OrderedAsync.java:155)
	at org.apache.ratis.client.impl.RaftClientImpl.sendAsync(RaftClientImpl.java:144)
	at org.apache.ratis.client.impl.RaftClientImpl.sendAsync(RaftClientImpl.java:124)
	at org.apache.hadoop.hdds.scm.XceiverClientRatis.sendRequestAsync(XceiverClientRatis.java:234)
	at org.apache.hadoop.hdds.scm.XceiverClientRatis.sendCommandAsync(XceiverClientRatis.java:332)
	at org.apache.hadoop.hdds.scm.storage.ContainerProtocolCalls.writeChunkAsync(ContainerProtocolCalls.java:310)
	at org.apache.hadoop.hdds.scm.storage.BlockOutputStream.writeChunkToContainer(BlockOutputStream.java:601)
	at org.apache.hadoop.hdds.scm.storage.BlockOutputStream.writeChunk(BlockOutputStream.java:459)
	at org.apache.hadoop.hdds.scm.storage.BlockOutputStream.writeOnRetry(BlockOutputStream.java:285)
	at org.apache.hadoop.ozone.client.io.BlockOutputStreamEntry.writeOnRetry(BlockOutputStreamEntry.java:200)
	at org.apache.hadoop.ozone.client.io.KeyOutputStream.handleWrite(KeyOutputStream.java:206)
	at org.apache.hadoop.ozone.client.io.KeyOutputStream.handleRetry(KeyOutputStream.java:375)
	at org.apache.hadoop.ozone.client.io.KeyOutputStream.handleException(KeyOutputStream.java:324)
	at org.apache.hadoop.ozone.client.io.KeyOutputStream.handleFlushOrClose(KeyOutputStream.java:449)
	at org.apache.hadoop.ozone.client.io.KeyOutputStream.handleWrite(KeyOutputStream.java:232)
	at org.apache.hadoop.ozone.client.io.KeyOutputStream.write(KeyOutputStream.java:190)
	at org.apache.hadoop.ozone.client.io.OzoneOutputStream.write(OzoneOutputStream.java:49)
	at java.io.OutputStream.write(OutputStream.java:75)
	at org.apache.hadoop.ozone.client.rpc.TestBlockOutputStreamWithFailures.testWatchForCommitWithSingleNodeRatis(TestBlockOutputStreamWithFailures.java:885)
	at sun.reflect.NativeMethodAccessorImpl.invoke0(Native Method)
	at sun.reflect.NativeMethodAccessorImpl.invoke(NativeMethodAccessorImpl.java:62)
	at sun.reflect.DelegatingMethodAccessorImpl.invoke(DelegatingMethodAccessorImpl.java:43)
	at java.lang.reflect.Method.invoke(Method.java:498)
	at org.junit.runners.model.FrameworkMethod$1.runReflectiveCall(FrameworkMethod.java:47)
	at org.junit.internal.runners.model.ReflectiveCallable.run(ReflectiveCallable.java:12)
	at org.junit.runners.model.FrameworkMethod.invokeExplosively(FrameworkMethod.java:44)
	at org.junit.internal.runners.statements.InvokeMethod.evaluate(InvokeMethod.java:17)
	at org.junit.internal.runners.statements.RunBefores.evaluate(RunBefores.java:26)
	at org.junit.internal.runners.statements.RunAfters.evaluate(RunAfters.java:27)
	at org.junit.runners.ParentRunner.runLeaf(ParentRunner.java:271)
	at org.junit.runners.BlockJUnit4ClassRunner.runChild(BlockJUnit4ClassRunner.java:70)
	at org.junit.runners.BlockJUnit4ClassRunner.runChild(BlockJUnit4ClassRunner.java:50)
	at org.junit.runners.ParentRunner$3.run(ParentRunner.java:238)
	at org.junit.runners.ParentRunner$1.schedule(ParentRunner.java:63)
	at org.junit.runners.ParentRunner.runChildren(ParentRunner.java:236)
	at org.junit.runners.ParentRunner.access$000(ParentRunner.java:53)
	at org.junit.runners.ParentRunner$2.evaluate(ParentRunner.java:229)
	at org.junit.runners.ParentRunner.run(ParentRunner.java:309)
	at org.apache.maven.surefire.junit4.JUnit4Provider.execute(JUnit4Provider.java:365)
	at org.apache.maven.surefire.junit4.JUnit4Provider.executeWithRerun(JUnit4Provider.java:273)
	at org.apache.maven.surefire.junit4.JUnit4Provider.executeTestSet(JUnit4Provider.java:238)
	at org.apache.maven.surefire.junit4.JUnit4Provider.invoke(JUnit4Provider.java:159)
	at org.apache.maven.surefire.booter.ForkedBooter.invokeProviderInSameClassLoader(ForkedBooter.java:384)
	at org.apache.maven.surefire.booter.ForkedBooter.runSuitesInProcess(ForkedBooter.java:345)
	at org.apache.maven.surefire.booter.ForkedBooter.execute(ForkedBooter.java:126)
	at org.apache.maven.surefire.booter.ForkedBooter.main(ForkedBooter.java:418)

Oct 09, 2019 1:13:50 PM org.apache.ratis.thirdparty.io.grpc.internal.ManagedChannelOrphanWrapper$ManagedChannelReference cleanQueue
SEVERE: *~*~*~ Channel ManagedChannelImpl{logId=4561, target=192.168.5.175:38194} was not shutdown properly!!! ~*~*~*
    Make sure to call shutdown()/shutdownNow() and wait until awaitTermination() returns true.
java.lang.RuntimeException: ManagedChannel allocation site
	at org.apache.ratis.thirdparty.io.grpc.internal.ManagedChannelOrphanWrapper$ManagedChannelReference.<init>(ManagedChannelOrphanWrapper.java:103)
	at org.apache.ratis.thirdparty.io.grpc.internal.ManagedChannelOrphanWrapper.<init>(ManagedChannelOrphanWrapper.java:53)
	at org.apache.ratis.thirdparty.io.grpc.internal.ManagedChannelOrphanWrapper.<init>(ManagedChannelOrphanWrapper.java:44)
	at org.apache.ratis.thirdparty.io.grpc.internal.AbstractManagedChannelImplBuilder.build(AbstractManagedChannelImplBuilder.java:411)
	at org.apache.hadoop.hdds.scm.XceiverClientGrpc.connectToDatanode(XceiverClientGrpc.java:181)
	at org.apache.hadoop.hdds.scm.XceiverClientGrpc.reconnect(XceiverClientGrpc.java:429)
	at org.apache.hadoop.hdds.scm.XceiverClientGrpc.sendCommandAsync(XceiverClientGrpc.java:378)
	at org.apache.hadoop.hdds.scm.XceiverClientGrpc.sendCommandWithRetry(XceiverClientGrpc.java:291)
	at org.apache.hadoop.hdds.scm.XceiverClientGrpc.sendCommandWithTraceIDAndRetry(XceiverClientGrpc.java:257)
	at org.apache.hadoop.hdds.scm.XceiverClientGrpc.sendCommand(XceiverClientGrpc.java:240)
	at org.apache.hadoop.hdds.scm.storage.ContainerProtocolCalls.getBlock(ContainerProtocolCalls.java:118)
	at org.apache.hadoop.hdds.scm.storage.BlockInputStream.getChunkInfos(BlockInputStream.java:167)
	at org.apache.hadoop.hdds.scm.storage.BlockInputStream.initialize(BlockInputStream.java:118)
	at org.apache.hadoop.hdds.scm.storage.BlockInputStream.read(BlockInputStream.java:222)
	at org.apache.hadoop.ozone.client.io.KeyInputStream.read(KeyInputStream.java:171)
	at org.apache.hadoop.ozone.client.io.OzoneInputStream.read(OzoneInputStream.java:47)
	at java.io.InputStream.read(InputStream.java:101)
	at org.apache.hadoop.ozone.container.ContainerTestHelper.validateData(ContainerTestHelper.java:714)
	at org.apache.hadoop.ozone.client.rpc.TestBlockOutputStreamWithFailures.validateData(TestBlockOutputStreamWithFailures.java:1216)
	at org.apache.hadoop.ozone.client.rpc.TestBlockOutputStreamWithFailures.testWatchForCommitWithSingleNodeRatis(TestBlockOutputStreamWithFailures.java:918)
	at sun.reflect.NativeMethodAccessorImpl.invoke0(Native Method)
	at sun.reflect.NativeMethodAccessorImpl.invoke(NativeMethodAccessorImpl.java:62)
	at sun.reflect.DelegatingMethodAccessorImpl.invoke(DelegatingMethodAccessorImpl.java:43)
	at java.lang.reflect.Method.invoke(Method.java:498)
	at org.junit.runners.model.FrameworkMethod$1.runReflectiveCall(FrameworkMethod.java:47)
	at org.junit.internal.runners.model.ReflectiveCallable.run(ReflectiveCallable.java:12)
	at org.junit.runners.model.FrameworkMethod.invokeExplosively(FrameworkMethod.java:44)
	at org.junit.internal.runners.statements.InvokeMethod.evaluate(InvokeMethod.java:17)
	at org.junit.internal.runners.statements.RunBefores.evaluate(RunBefores.java:26)
	at org.junit.internal.runners.statements.RunAfters.evaluate(RunAfters.java:27)
	at org.junit.runners.ParentRunner.runLeaf(ParentRunner.java:271)
	at org.junit.runners.BlockJUnit4ClassRunner.runChild(BlockJUnit4ClassRunner.java:70)
	at org.junit.runners.BlockJUnit4ClassRunner.runChild(BlockJUnit4ClassRunner.java:50)
	at org.junit.runners.ParentRunner$3.run(ParentRunner.java:238)
	at org.junit.runners.ParentRunner$1.schedule(ParentRunner.java:63)
	at org.junit.runners.ParentRunner.runChildren(ParentRunner.java:236)
	at org.junit.runners.ParentRunner.access$000(ParentRunner.java:53)
	at org.junit.runners.ParentRunner$2.evaluate(ParentRunner.java:229)
	at org.junit.runners.ParentRunner.run(ParentRunner.java:309)
	at org.apache.maven.surefire.junit4.JUnit4Provider.execute(JUnit4Provider.java:365)
	at org.apache.maven.surefire.junit4.JUnit4Provider.executeWithRerun(JUnit4Provider.java:273)
	at org.apache.maven.surefire.junit4.JUnit4Provider.executeTestSet(JUnit4Provider.java:238)
	at org.apache.maven.surefire.junit4.JUnit4Provider.invoke(JUnit4Provider.java:159)
	at org.apache.maven.surefire.booter.ForkedBooter.invokeProviderInSameClassLoader(ForkedBooter.java:384)
	at org.apache.maven.surefire.booter.ForkedBooter.runSuitesInProcess(ForkedBooter.java:345)
	at org.apache.maven.surefire.booter.ForkedBooter.execute(ForkedBooter.java:126)
	at org.apache.maven.surefire.booter.ForkedBooter.main(ForkedBooter.java:418)

Oct 09, 2019 1:13:50 PM org.apache.ratis.thirdparty.io.grpc.internal.ManagedChannelOrphanWrapper$ManagedChannelReference cleanQueue
SEVERE: *~*~*~ Channel ManagedChannelImpl{logId=4546, target=192.168.5.175:44526} was not shutdown properly!!! ~*~*~*
    Make sure to call shutdown()/shutdownNow() and wait until awaitTermination() returns true.
java.lang.RuntimeException: ManagedChannel allocation site
	at org.apache.ratis.thirdparty.io.grpc.internal.ManagedChannelOrphanWrapper$ManagedChannelReference.<init>(ManagedChannelOrphanWrapper.java:103)
	at org.apache.ratis.thirdparty.io.grpc.internal.ManagedChannelOrphanWrapper.<init>(ManagedChannelOrphanWrapper.java:53)
	at org.apache.ratis.thirdparty.io.grpc.internal.ManagedChannelOrphanWrapper.<init>(ManagedChannelOrphanWrapper.java:44)
	at org.apache.ratis.thirdparty.io.grpc.internal.AbstractManagedChannelImplBuilder.build(AbstractManagedChannelImplBuilder.java:411)
	at org.apache.ratis.grpc.client.GrpcClientProtocolClient.<init>(GrpcClientProtocolClient.java:127)
	at org.apache.ratis.grpc.client.GrpcClientRpc.lambda$new$0(GrpcClientRpc.java:55)
	at org.apache.ratis.util.PeerProxyMap$PeerAndProxy.lambda$getProxy$0(PeerProxyMap.java:61)
	at org.apache.ratis.util.LifeCycle.startAndTransition(LifeCycle.java:202)
	at org.apache.ratis.util.PeerProxyMap$PeerAndProxy.getProxy(PeerProxyMap.java:60)
	at org.apache.ratis.util.PeerProxyMap.getProxy(PeerProxyMap.java:108)
	at org.apache.ratis.grpc.client.GrpcClientRpc.sendRequestAsync(GrpcClientRpc.java:66)
	at org.apache.ratis.client.impl.OrderedAsync.sendRequest(OrderedAsync.java:208)
	at org.apache.ratis.client.impl.OrderedAsync.sendRequestWithRetry(OrderedAsync.java:169)
	at org.apache.ratis.util.SlidingWindow$Client.sendOrDelayRequest(SlidingWindow.java:278)
	at org.apache.ratis.util.SlidingWindow$Client.retry(SlidingWindow.java:294)
	at org.apache.ratis.client.impl.OrderedAsync.lambda$scheduleWithTimeout$7(OrderedAsync.java:195)
	at org.apache.ratis.util.TimeoutScheduler.lambda$onTimeout$0(TimeoutScheduler.java:113)
	at org.apache.ratis.util.TimeoutScheduler.lambda$onTimeout$1(TimeoutScheduler.java:133)
	at org.apache.ratis.util.LogUtils.runAndLog(LogUtils.java:50)
	at org.apache.ratis.util.LogUtils$1.run(LogUtils.java:91)
	at java.util.concurrent.Executors$RunnableAdapter.call(Executors.java:511)
	at java.util.concurrent.FutureTask.run(FutureTask.java:266)
	at java.util.concurrent.ScheduledThreadPoolExecutor$ScheduledFutureTask.access$201(ScheduledThreadPoolExecutor.java:180)
	at java.util.concurrent.ScheduledThreadPoolExecutor$ScheduledFutureTask.run(ScheduledThreadPoolExecutor.java:293)
	at java.util.concurrent.ThreadPoolExecutor.runWorker(ThreadPoolExecutor.java:1149)
	at java.util.concurrent.ThreadPoolExecutor$Worker.run(ThreadPoolExecutor.java:624)
	at java.lang.Thread.run(Thread.java:748)

Oct 09, 2019 1:13:50 PM org.apache.ratis.thirdparty.io.grpc.internal.ManagedChannelOrphanWrapper$ManagedChannelReference cleanQueue
SEVERE: *~*~*~ Channel ManagedChannelImpl{logId=4556, target=192.168.5.175:38434} was not shutdown properly!!! ~*~*~*
    Make sure to call shutdown()/shutdownNow() and wait until awaitTermination() returns true.
java.lang.RuntimeException: ManagedChannel allocation site
	at org.apache.ratis.thirdparty.io.grpc.internal.ManagedChannelOrphanWrapper$ManagedChannelReference.<init>(ManagedChannelOrphanWrapper.java:103)
	at org.apache.ratis.thirdparty.io.grpc.internal.ManagedChannelOrphanWrapper.<init>(ManagedChannelOrphanWrapper.java:53)
	at org.apache.ratis.thirdparty.io.grpc.internal.ManagedChannelOrphanWrapper.<init>(ManagedChannelOrphanWrapper.java:44)
	at org.apache.ratis.thirdparty.io.grpc.internal.AbstractManagedChannelImplBuilder.build(AbstractManagedChannelImplBuilder.java:411)
	at org.apache.hadoop.hdds.scm.XceiverClientGrpc.connectToDatanode(XceiverClientGrpc.java:181)
	at org.apache.hadoop.hdds.scm.XceiverClientGrpc.reconnect(XceiverClientGrpc.java:429)
	at org.apache.hadoop.hdds.scm.XceiverClientGrpc.sendCommandAsync(XceiverClientGrpc.java:378)
	at org.apache.hadoop.hdds.scm.XceiverClientGrpc.sendCommandWithRetry(XceiverClientGrpc.java:291)
	at org.apache.hadoop.hdds.scm.XceiverClientGrpc.sendCommandWithTraceIDAndRetry(XceiverClientGrpc.java:257)
	at org.apache.hadoop.hdds.scm.XceiverClientGrpc.sendCommand(XceiverClientGrpc.java:240)
	at org.apache.hadoop.hdds.scm.storage.ContainerProtocolCalls.getBlock(ContainerProtocolCalls.java:118)
	at org.apache.hadoop.hdds.scm.storage.BlockInputStream.getChunkInfos(BlockInputStream.java:167)
	at org.apache.hadoop.hdds.scm.storage.BlockInputStream.initialize(BlockInputStream.java:118)
	at org.apache.hadoop.hdds.scm.storage.BlockInputStream.read(BlockInputStream.java:222)
	at org.apache.hadoop.ozone.client.io.KeyInputStream.read(KeyInputStream.java:171)
	at org.apache.hadoop.ozone.client.io.OzoneInputStream.read(OzoneInputStream.java:47)
	at java.io.InputStream.read(InputStream.java:101)
	at org.apache.hadoop.ozone.container.ContainerTestHelper.validateData(ContainerTestHelper.java:714)
	at org.apache.hadoop.ozone.client.rpc.TestBlockOutputStreamWithFailures.validateData(TestBlockOutputStreamWithFailures.java:1216)
	at org.apache.hadoop.ozone.client.rpc.TestBlockOutputStreamWithFailures.testWatchForCommitWithSingleNodeRatis(TestBlockOutputStreamWithFailures.java:918)
	at sun.reflect.NativeMethodAccessorImpl.invoke0(Native Method)
	at sun.reflect.NativeMethodAccessorImpl.invoke(NativeMethodAccessorImpl.java:62)
	at sun.reflect.DelegatingMethodAccessorImpl.invoke(DelegatingMethodAccessorImpl.java:43)
	at java.lang.reflect.Method.invoke(Method.java:498)
	at org.junit.runners.model.FrameworkMethod$1.runReflectiveCall(FrameworkMethod.java:47)
	at org.junit.internal.runners.model.ReflectiveCallable.run(ReflectiveCallable.java:12)
	at org.junit.runners.model.FrameworkMethod.invokeExplosively(FrameworkMethod.java:44)
	at org.junit.internal.runners.statements.InvokeMethod.evaluate(InvokeMethod.java:17)
	at org.junit.internal.runners.statements.RunBefores.evaluate(RunBefores.java:26)
	at org.junit.internal.runners.statements.RunAfters.evaluate(RunAfters.java:27)
	at org.junit.runners.ParentRunner.runLeaf(ParentRunner.java:271)
	at org.junit.runners.BlockJUnit4ClassRunner.runChild(BlockJUnit4ClassRunner.java:70)
	at org.junit.runners.BlockJUnit4ClassRunner.runChild(BlockJUnit4ClassRunner.java:50)
	at org.junit.runners.ParentRunner$3.run(ParentRunner.java:238)
	at org.junit.runners.ParentRunner$1.schedule(ParentRunner.java:63)
	at org.junit.runners.ParentRunner.runChildren(ParentRunner.java:236)
	at org.junit.runners.ParentRunner.access$000(ParentRunner.java:53)
	at org.junit.runners.ParentRunner$2.evaluate(ParentRunner.java:229)
	at org.junit.runners.ParentRunner.run(ParentRunner.java:309)
	at org.apache.maven.surefire.junit4.JUnit4Provider.execute(JUnit4Provider.java:365)
	at org.apache.maven.surefire.junit4.JUnit4Provider.executeWithRerun(JUnit4Provider.java:273)
	at org.apache.maven.surefire.junit4.JUnit4Provider.executeTestSet(JUnit4Provider.java:238)
	at org.apache.maven.surefire.junit4.JUnit4Provider.invoke(JUnit4Provider.java:159)
	at org.apache.maven.surefire.booter.ForkedBooter.invokeProviderInSameClassLoader(ForkedBooter.java:384)
	at org.apache.maven.surefire.booter.ForkedBooter.runSuitesInProcess(ForkedBooter.java:345)
	at org.apache.maven.surefire.booter.ForkedBooter.execute(ForkedBooter.java:126)
	at org.apache.maven.surefire.booter.ForkedBooter.main(ForkedBooter.java:418)

Oct 09, 2019 1:13:59 PM org.apache.ratis.thirdparty.io.grpc.internal.SerializingExecutor run
SEVERE: Exception while executing runnable org.apache.ratis.thirdparty.io.grpc.internal.ServerImpl$JumpToApplicationThreadServerStreamListener$1Closed@6dfc4b26
org.apache.ratis.thirdparty.io.grpc.StatusRuntimeException: CANCELLED: call already cancelled
	at org.apache.ratis.thirdparty.io.grpc.Status.asRuntimeException(Status.java:517)
	at org.apache.ratis.thirdparty.io.grpc.stub.ServerCalls$ServerCallStreamObserverImpl.onCompleted(ServerCalls.java:356)
	at org.apache.ratis.grpc.server.GrpcServerProtocolService$ServerRequestStreamObserver.onError(GrpcServerProtocolService.java:121)
	at org.apache.ratis.thirdparty.io.grpc.stub.ServerCalls$StreamingServerCallHandler$StreamingServerCallListener.onCancel(ServerCalls.java:269)
	at org.apache.ratis.thirdparty.io.grpc.internal.ServerCallImpl$ServerStreamListenerImpl.closed(ServerCallImpl.java:293)
	at org.apache.ratis.thirdparty.io.grpc.internal.ServerImpl$JumpToApplicationThreadServerStreamListener$1Closed.runInContext(ServerImpl.java:741)
	at org.apache.ratis.thirdparty.io.grpc.internal.ContextRunnable.run(ContextRunnable.java:37)
	at org.apache.ratis.thirdparty.io.grpc.internal.SerializingExecutor.run(SerializingExecutor.java:123)
	at java.util.concurrent.ThreadPoolExecutor.runWorker(ThreadPoolExecutor.java:1149)
	at java.util.concurrent.ThreadPoolExecutor$Worker.run(ThreadPoolExecutor.java:624)
	at java.lang.Thread.run(Thread.java:748)

Oct 09, 2019 1:13:59 PM org.apache.ratis.thirdparty.io.grpc.internal.SerializingExecutor run
SEVERE: Exception while executing runnable org.apache.ratis.thirdparty.io.grpc.internal.ServerImpl$JumpToApplicationThreadServerStreamListener$1Closed@470ff5bb
org.apache.ratis.thirdparty.io.grpc.StatusRuntimeException: CANCELLED: call already cancelled
	at org.apache.ratis.thirdparty.io.grpc.Status.asRuntimeException(Status.java:517)
	at org.apache.ratis.thirdparty.io.grpc.stub.ServerCalls$ServerCallStreamObserverImpl.onCompleted(ServerCalls.java:356)
	at org.apache.ratis.grpc.server.GrpcServerProtocolService$ServerRequestStreamObserver.onError(GrpcServerProtocolService.java:121)
	at org.apache.ratis.thirdparty.io.grpc.stub.ServerCalls$StreamingServerCallHandler$StreamingServerCallListener.onCancel(ServerCalls.java:269)
	at org.apache.ratis.thirdparty.io.grpc.internal.ServerCallImpl$ServerStreamListenerImpl.closed(ServerCallImpl.java:293)
	at org.apache.ratis.thirdparty.io.grpc.internal.ServerImpl$JumpToApplicationThreadServerStreamListener$1Closed.runInContext(ServerImpl.java:741)
	at org.apache.ratis.thirdparty.io.grpc.internal.ContextRunnable.run(ContextRunnable.java:37)
	at org.apache.ratis.thirdparty.io.grpc.internal.SerializingExecutor.run(SerializingExecutor.java:123)
	at java.util.concurrent.ThreadPoolExecutor.runWorker(ThreadPoolExecutor.java:1149)
	at java.util.concurrent.ThreadPoolExecutor$Worker.run(ThreadPoolExecutor.java:624)
	at java.lang.Thread.run(Thread.java:748)

Oct 09, 2019 1:13:59 PM org.apache.ratis.thirdparty.io.grpc.internal.SerializingExecutor run
SEVERE: Exception while executing runnable org.apache.ratis.thirdparty.io.grpc.internal.ServerImpl$JumpToApplicationThreadServerStreamListener$1Closed@693c48c1
org.apache.ratis.thirdparty.io.grpc.StatusRuntimeException: CANCELLED: call already cancelled
	at org.apache.ratis.thirdparty.io.grpc.Status.asRuntimeException(Status.java:517)
	at org.apache.ratis.thirdparty.io.grpc.stub.ServerCalls$ServerCallStreamObserverImpl.onCompleted(ServerCalls.java:356)
	at org.apache.ratis.grpc.server.GrpcServerProtocolService$ServerRequestStreamObserver.onError(GrpcServerProtocolService.java:121)
	at org.apache.ratis.thirdparty.io.grpc.stub.ServerCalls$StreamingServerCallHandler$StreamingServerCallListener.onCancel(ServerCalls.java:269)
	at org.apache.ratis.thirdparty.io.grpc.internal.ServerCallImpl$ServerStreamListenerImpl.closed(ServerCallImpl.java:293)
	at org.apache.ratis.thirdparty.io.grpc.internal.ServerImpl$JumpToApplicationThreadServerStreamListener$1Closed.runInContext(ServerImpl.java:741)
	at org.apache.ratis.thirdparty.io.grpc.internal.ContextRunnable.run(ContextRunnable.java:37)
	at org.apache.ratis.thirdparty.io.grpc.internal.SerializingExecutor.run(SerializingExecutor.java:123)
	at java.util.concurrent.ThreadPoolExecutor.runWorker(ThreadPoolExecutor.java:1149)
	at java.util.concurrent.ThreadPoolExecutor$Worker.run(ThreadPoolExecutor.java:624)
	at java.lang.Thread.run(Thread.java:748)

Oct 09, 2019 1:13:59 PM org.apache.ratis.thirdparty.io.grpc.internal.SerializingExecutor run
SEVERE: Exception while executing runnable org.apache.ratis.thirdparty.io.grpc.internal.ServerImpl$JumpToApplicationThreadServerStreamListener$1Closed@29858e6
org.apache.ratis.thirdparty.io.grpc.StatusRuntimeException: CANCELLED: call already cancelled
	at org.apache.ratis.thirdparty.io.grpc.Status.asRuntimeException(Status.java:517)
	at org.apache.ratis.thirdparty.io.grpc.stub.ServerCalls$ServerCallStreamObserverImpl.onCompleted(ServerCalls.java:356)
	at org.apache.ratis.grpc.server.GrpcServerProtocolService$ServerRequestStreamObserver.onError(GrpcServerProtocolService.java:121)
	at org.apache.ratis.thirdparty.io.grpc.stub.ServerCalls$StreamingServerCallHandler$StreamingServerCallListener.onCancel(ServerCalls.java:269)
	at org.apache.ratis.thirdparty.io.grpc.internal.ServerCallImpl$ServerStreamListenerImpl.closed(ServerCallImpl.java:293)
	at org.apache.ratis.thirdparty.io.grpc.internal.ServerImpl$JumpToApplicationThreadServerStreamListener$1Closed.runInContext(ServerImpl.java:741)
	at org.apache.ratis.thirdparty.io.grpc.internal.ContextRunnable.run(ContextRunnable.java:37)
	at org.apache.ratis.thirdparty.io.grpc.internal.SerializingExecutor.run(SerializingExecutor.java:123)
	at java.util.concurrent.ThreadPoolExecutor.runWorker(ThreadPoolExecutor.java:1149)
	at java.util.concurrent.ThreadPoolExecutor$Worker.run(ThreadPoolExecutor.java:624)
	at java.lang.Thread.run(Thread.java:748)

Oct 09, 2019 1:13:59 PM org.apache.ratis.thirdparty.io.grpc.internal.SerializingExecutor run
SEVERE: Exception while executing runnable org.apache.ratis.thirdparty.io.grpc.internal.ServerImpl$JumpToApplicationThreadServerStreamListener$1Closed@317c6ec8
org.apache.ratis.thirdparty.io.grpc.StatusRuntimeException: CANCELLED: call already cancelled
	at org.apache.ratis.thirdparty.io.grpc.Status.asRuntimeException(Status.java:517)
	at org.apache.ratis.thirdparty.io.grpc.stub.ServerCalls$ServerCallStreamObserverImpl.onCompleted(ServerCalls.java:356)
	at org.apache.ratis.grpc.server.GrpcServerProtocolService$ServerRequestStreamObserver.onError(GrpcServerProtocolService.java:121)
	at org.apache.ratis.thirdparty.io.grpc.stub.ServerCalls$StreamingServerCallHandler$StreamingServerCallListener.onCancel(ServerCalls.java:269)
	at org.apache.ratis.thirdparty.io.grpc.internal.ServerCallImpl$ServerStreamListenerImpl.closed(ServerCallImpl.java:293)
	at org.apache.ratis.thirdparty.io.grpc.internal.ServerImpl$JumpToApplicationThreadServerStreamListener$1Closed.runInContext(ServerImpl.java:741)
	at org.apache.ratis.thirdparty.io.grpc.internal.ContextRunnable.run(ContextRunnable.java:37)
	at org.apache.ratis.thirdparty.io.grpc.internal.SerializingExecutor.run(SerializingExecutor.java:123)
	at java.util.concurrent.ThreadPoolExecutor.runWorker(ThreadPoolExecutor.java:1149)
	at java.util.concurrent.ThreadPoolExecutor$Worker.run(ThreadPoolExecutor.java:624)
	at java.lang.Thread.run(Thread.java:748)

Oct 09, 2019 1:13:59 PM org.apache.ratis.thirdparty.io.grpc.internal.SerializingExecutor run
SEVERE: Exception while executing runnable org.apache.ratis.thirdparty.io.grpc.internal.ServerImpl$JumpToApplicationThreadServerStreamListener$1Closed@59da7030
org.apache.ratis.thirdparty.io.grpc.StatusRuntimeException: CANCELLED: call already cancelled
	at org.apache.ratis.thirdparty.io.grpc.Status.asRuntimeException(Status.java:517)
	at org.apache.ratis.thirdparty.io.grpc.stub.ServerCalls$ServerCallStreamObserverImpl.onCompleted(ServerCalls.java:356)
	at org.apache.ratis.grpc.server.GrpcServerProtocolService$ServerRequestStreamObserver.onError(GrpcServerProtocolService.java:121)
	at org.apache.ratis.thirdparty.io.grpc.stub.ServerCalls$StreamingServerCallHandler$StreamingServerCallListener.onCancel(ServerCalls.java:269)
	at org.apache.ratis.thirdparty.io.grpc.internal.ServerCallImpl$ServerStreamListenerImpl.closed(ServerCallImpl.java:293)
	at org.apache.ratis.thirdparty.io.grpc.internal.ServerImpl$JumpToApplicationThreadServerStreamListener$1Closed.runInContext(ServerImpl.java:741)
	at org.apache.ratis.thirdparty.io.grpc.internal.ContextRunnable.run(ContextRunnable.java:37)
	at org.apache.ratis.thirdparty.io.grpc.internal.SerializingExecutor.run(SerializingExecutor.java:123)
	at java.util.concurrent.ThreadPoolExecutor.runWorker(ThreadPoolExecutor.java:1149)
	at java.util.concurrent.ThreadPoolExecutor$Worker.run(ThreadPoolExecutor.java:624)
	at java.lang.Thread.run(Thread.java:748)

Oct 09, 2019 1:13:59 PM org.apache.ratis.thirdparty.io.grpc.internal.SerializingExecutor run
SEVERE: Exception while executing runnable org.apache.ratis.thirdparty.io.grpc.internal.ServerImpl$JumpToApplicationThreadServerStreamListener$1Closed@e52b9a7
org.apache.ratis.thirdparty.io.grpc.StatusRuntimeException: CANCELLED: call already cancelled
	at org.apache.ratis.thirdparty.io.grpc.Status.asRuntimeException(Status.java:517)
	at org.apache.ratis.thirdparty.io.grpc.stub.ServerCalls$ServerCallStreamObserverImpl.onCompleted(ServerCalls.java:356)
	at org.apache.ratis.grpc.server.GrpcServerProtocolService$ServerRequestStreamObserver.onError(GrpcServerProtocolService.java:121)
	at org.apache.ratis.thirdparty.io.grpc.stub.ServerCalls$StreamingServerCallHandler$StreamingServerCallListener.onCancel(ServerCalls.java:269)
	at org.apache.ratis.thirdparty.io.grpc.internal.ServerCallImpl$ServerStreamListenerImpl.closed(ServerCallImpl.java:293)
	at org.apache.ratis.thirdparty.io.grpc.internal.ServerImpl$JumpToApplicationThreadServerStreamListener$1Closed.runInContext(ServerImpl.java:741)
	at org.apache.ratis.thirdparty.io.grpc.internal.ContextRunnable.run(ContextRunnable.java:37)
	at org.apache.ratis.thirdparty.io.grpc.internal.SerializingExecutor.run(SerializingExecutor.java:123)
	at java.util.concurrent.ThreadPoolExecutor.runWorker(ThreadPoolExecutor.java:1149)
	at java.util.concurrent.ThreadPoolExecutor$Worker.run(ThreadPoolExecutor.java:624)
	at java.lang.Thread.run(Thread.java:748)

Oct 09, 2019 1:13:59 PM org.apache.ratis.thirdparty.io.grpc.internal.SerializingExecutor run
SEVERE: Exception while executing runnable org.apache.ratis.thirdparty.io.grpc.internal.ServerImpl$JumpToApplicationThreadServerStreamListener$1Closed@79b72ee
org.apache.ratis.thirdparty.io.grpc.StatusRuntimeException: CANCELLED: call already cancelled
	at org.apache.ratis.thirdparty.io.grpc.Status.asRuntimeException(Status.java:517)
	at org.apache.ratis.thirdparty.io.grpc.stub.ServerCalls$ServerCallStreamObserverImpl.onCompleted(ServerCalls.java:356)
	at org.apache.ratis.grpc.server.GrpcServerProtocolService$ServerRequestStreamObserver.onError(GrpcServerProtocolService.java:121)
	at org.apache.ratis.thirdparty.io.grpc.stub.ServerCalls$StreamingServerCallHandler$StreamingServerCallListener.onCancel(ServerCalls.java:269)
	at org.apache.ratis.thirdparty.io.grpc.internal.ServerCallImpl$ServerStreamListenerImpl.closed(ServerCallImpl.java:293)
	at org.apache.ratis.thirdparty.io.grpc.internal.ServerImpl$JumpToApplicationThreadServerStreamListener$1Closed.runInContext(ServerImpl.java:741)
	at org.apache.ratis.thirdparty.io.grpc.internal.ContextRunnable.run(ContextRunnable.java:37)
	at org.apache.ratis.thirdparty.io.grpc.internal.SerializingExecutor.run(SerializingExecutor.java:123)
	at java.util.concurrent.ThreadPoolExecutor.runWorker(ThreadPoolExecutor.java:1149)
	at java.util.concurrent.ThreadPoolExecutor$Worker.run(ThreadPoolExecutor.java:624)
	at java.lang.Thread.run(Thread.java:748)

Oct 09, 2019 1:13:59 PM org.apache.ratis.thirdparty.io.grpc.internal.SerializingExecutor run
SEVERE: Exception while executing runnable org.apache.ratis.thirdparty.io.grpc.internal.ServerImpl$JumpToApplicationThreadServerStreamListener$1Closed@66c89fd2
org.apache.ratis.thirdparty.io.grpc.StatusRuntimeException: CANCELLED: call already cancelled
	at org.apache.ratis.thirdparty.io.grpc.Status.asRuntimeException(Status.java:517)
	at org.apache.ratis.thirdparty.io.grpc.stub.ServerCalls$ServerCallStreamObserverImpl.onCompleted(ServerCalls.java:356)
	at org.apache.ratis.grpc.server.GrpcServerProtocolService$ServerRequestStreamObserver.onError(GrpcServerProtocolService.java:121)
	at org.apache.ratis.thirdparty.io.grpc.stub.ServerCalls$StreamingServerCallHandler$StreamingServerCallListener.onCancel(ServerCalls.java:269)
	at org.apache.ratis.thirdparty.io.grpc.internal.ServerCallImpl$ServerStreamListenerImpl.closed(ServerCallImpl.java:293)
	at org.apache.ratis.thirdparty.io.grpc.internal.ServerImpl$JumpToApplicationThreadServerStreamListener$1Closed.runInContext(ServerImpl.java:741)
	at org.apache.ratis.thirdparty.io.grpc.internal.ContextRunnable.run(ContextRunnable.java:37)
	at org.apache.ratis.thirdparty.io.grpc.internal.SerializingExecutor.run(SerializingExecutor.java:123)
	at java.util.concurrent.ThreadPoolExecutor.runWorker(ThreadPoolExecutor.java:1149)
	at java.util.concurrent.ThreadPoolExecutor$Worker.run(ThreadPoolExecutor.java:624)
	at java.lang.Thread.run(Thread.java:748)

Oct 09, 2019 1:13:59 PM org.apache.ratis.thirdparty.io.grpc.internal.SerializingExecutor run
SEVERE: Exception while executing runnable org.apache.ratis.thirdparty.io.grpc.internal.ServerImpl$JumpToApplicationThreadServerStreamListener$1Closed@653dd7ee
org.apache.ratis.thirdparty.io.grpc.StatusRuntimeException: CANCELLED: call already cancelled
	at org.apache.ratis.thirdparty.io.grpc.Status.asRuntimeException(Status.java:517)
	at org.apache.ratis.thirdparty.io.grpc.stub.ServerCalls$ServerCallStreamObserverImpl.onCompleted(ServerCalls.java:356)
	at org.apache.ratis.grpc.server.GrpcServerProtocolService$ServerRequestStreamObserver.onError(GrpcServerProtocolService.java:121)
	at org.apache.ratis.thirdparty.io.grpc.stub.ServerCalls$StreamingServerCallHandler$StreamingServerCallListener.onCancel(ServerCalls.java:269)
	at org.apache.ratis.thirdparty.io.grpc.internal.ServerCallImpl$ServerStreamListenerImpl.closed(ServerCallImpl.java:293)
	at org.apache.ratis.thirdparty.io.grpc.internal.ServerImpl$JumpToApplicationThreadServerStreamListener$1Closed.runInContext(ServerImpl.java:741)
	at org.apache.ratis.thirdparty.io.grpc.internal.ContextRunnable.run(ContextRunnable.java:37)
	at org.apache.ratis.thirdparty.io.grpc.internal.SerializingExecutor.run(SerializingExecutor.java:123)
	at java.util.concurrent.ThreadPoolExecutor.runWorker(ThreadPoolExecutor.java:1149)
	at java.util.concurrent.ThreadPoolExecutor$Worker.run(ThreadPoolExecutor.java:624)
	at java.lang.Thread.run(Thread.java:748)

Oct 09, 2019 1:13:59 PM org.apache.ratis.thirdparty.io.grpc.internal.SerializingExecutor run
SEVERE: Exception while executing runnable org.apache.ratis.thirdparty.io.grpc.internal.ServerImpl$JumpToApplicationThreadServerStreamListener$1Closed@51aed10e
org.apache.ratis.thirdparty.io.grpc.StatusRuntimeException: CANCELLED: call already cancelled
	at org.apache.ratis.thirdparty.io.grpc.Status.asRuntimeException(Status.java:517)
	at org.apache.ratis.thirdparty.io.grpc.stub.ServerCalls$ServerCallStreamObserverImpl.onCompleted(ServerCalls.java:356)
	at org.apache.ratis.grpc.server.GrpcServerProtocolService$ServerRequestStreamObserver.onError(GrpcServerProtocolService.java:121)
	at org.apache.ratis.thirdparty.io.grpc.stub.ServerCalls$StreamingServerCallHandler$StreamingServerCallListener.onCancel(ServerCalls.java:269)
	at org.apache.ratis.thirdparty.io.grpc.internal.ServerCallImpl$ServerStreamListenerImpl.closed(ServerCallImpl.java:293)
	at org.apache.ratis.thirdparty.io.grpc.internal.ServerImpl$JumpToApplicationThreadServerStreamListener$1Closed.runInContext(ServerImpl.java:741)
	at org.apache.ratis.thirdparty.io.grpc.internal.ContextRunnable.run(ContextRunnable.java:37)
	at org.apache.ratis.thirdparty.io.grpc.internal.SerializingExecutor.run(SerializingExecutor.java:123)
	at java.util.concurrent.ThreadPoolExecutor.runWorker(ThreadPoolExecutor.java:1149)
	at java.util.concurrent.ThreadPoolExecutor$Worker.run(ThreadPoolExecutor.java:624)
	at java.lang.Thread.run(Thread.java:748)

Oct 09, 2019 1:13:59 PM org.apache.ratis.thirdparty.io.grpc.internal.SerializingExecutor run
SEVERE: Exception while executing runnable org.apache.ratis.thirdparty.io.grpc.internal.ServerImpl$JumpToApplicationThreadServerStreamListener$1Closed@45f3feb3
org.apache.ratis.thirdparty.io.grpc.StatusRuntimeException: CANCELLED: call already cancelled
	at org.apache.ratis.thirdparty.io.grpc.Status.asRuntimeException(Status.java:517)
	at org.apache.ratis.thirdparty.io.grpc.stub.ServerCalls$ServerCallStreamObserverImpl.onCompleted(ServerCalls.java:356)
	at org.apache.ratis.grpc.server.GrpcServerProtocolService$ServerRequestStreamObserver.onError(GrpcServerProtocolService.java:121)
	at org.apache.ratis.thirdparty.io.grpc.stub.ServerCalls$StreamingServerCallHandler$StreamingServerCallListener.onCancel(ServerCalls.java:269)
	at org.apache.ratis.thirdparty.io.grpc.internal.ServerCallImpl$ServerStreamListenerImpl.closed(ServerCallImpl.java:293)
	at org.apache.ratis.thirdparty.io.grpc.internal.ServerImpl$JumpToApplicationThreadServerStreamListener$1Closed.runInContext(ServerImpl.java:741)
	at org.apache.ratis.thirdparty.io.grpc.internal.ContextRunnable.run(ContextRunnable.java:37)
	at org.apache.ratis.thirdparty.io.grpc.internal.SerializingExecutor.run(SerializingExecutor.java:123)
	at java.util.concurrent.ThreadPoolExecutor.runWorker(ThreadPoolExecutor.java:1149)
	at java.util.concurrent.ThreadPoolExecutor$Worker.run(ThreadPoolExecutor.java:624)
	at java.lang.Thread.run(Thread.java:748)

Oct 09, 2019 1:13:59 PM org.apache.ratis.thirdparty.io.grpc.internal.SerializingExecutor run
SEVERE: Exception while executing runnable org.apache.ratis.thirdparty.io.grpc.internal.ServerImpl$JumpToApplicationThreadServerStreamListener$1Closed@c473290
org.apache.ratis.thirdparty.io.grpc.StatusRuntimeException: CANCELLED: call already cancelled
	at org.apache.ratis.thirdparty.io.grpc.Status.asRuntimeException(Status.java:517)
	at org.apache.ratis.thirdparty.io.grpc.stub.ServerCalls$ServerCallStreamObserverImpl.onCompleted(ServerCalls.java:356)
	at org.apache.ratis.grpc.server.GrpcServerProtocolService$ServerRequestStreamObserver.onError(GrpcServerProtocolService.java:121)
	at org.apache.ratis.thirdparty.io.grpc.stub.ServerCalls$StreamingServerCallHandler$StreamingServerCallListener.onCancel(ServerCalls.java:269)
	at org.apache.ratis.thirdparty.io.grpc.internal.ServerCallImpl$ServerStreamListenerImpl.closed(ServerCallImpl.java:293)
	at org.apache.ratis.thirdparty.io.grpc.internal.ServerImpl$JumpToApplicationThreadServerStreamListener$1Closed.runInContext(ServerImpl.java:741)
	at org.apache.ratis.thirdparty.io.grpc.internal.ContextRunnable.run(ContextRunnable.java:37)
	at org.apache.ratis.thirdparty.io.grpc.internal.SerializingExecutor.run(SerializingExecutor.java:123)
	at java.util.concurrent.ThreadPoolExecutor.runWorker(ThreadPoolExecutor.java:1149)
	at java.util.concurrent.ThreadPoolExecutor$Worker.run(ThreadPoolExecutor.java:624)
	at java.lang.Thread.run(Thread.java:748)

Oct 09, 2019 1:13:59 PM org.apache.ratis.thirdparty.io.grpc.internal.SerializingExecutor run
SEVERE: Exception while executing runnable org.apache.ratis.thirdparty.io.grpc.internal.ServerImpl$JumpToApplicationThreadServerStreamListener$1Closed@189171c9
org.apache.ratis.thirdparty.io.grpc.StatusRuntimeException: CANCELLED: call already cancelled
	at org.apache.ratis.thirdparty.io.grpc.Status.asRuntimeException(Status.java:517)
	at org.apache.ratis.thirdparty.io.grpc.stub.ServerCalls$ServerCallStreamObserverImpl.onCompleted(ServerCalls.java:356)
	at org.apache.ratis.grpc.server.GrpcServerProtocolService$ServerRequestStreamObserver.onError(GrpcServerProtocolService.java:121)
	at org.apache.ratis.thirdparty.io.grpc.stub.ServerCalls$StreamingServerCallHandler$StreamingServerCallListener.onCancel(ServerCalls.java:269)
	at org.apache.ratis.thirdparty.io.grpc.internal.ServerCallImpl$ServerStreamListenerImpl.closed(ServerCallImpl.java:293)
	at org.apache.ratis.thirdparty.io.grpc.internal.ServerImpl$JumpToApplicationThreadServerStreamListener$1Closed.runInContext(ServerImpl.java:741)
	at org.apache.ratis.thirdparty.io.grpc.internal.ContextRunnable.run(ContextRunnable.java:37)
	at org.apache.ratis.thirdparty.io.grpc.internal.SerializingExecutor.run(SerializingExecutor.java:123)
	at java.util.concurrent.ThreadPoolExecutor.runWorker(ThreadPoolExecutor.java:1149)
	at java.util.concurrent.ThreadPoolExecutor$Worker.run(ThreadPoolExecutor.java:624)
	at java.lang.Thread.run(Thread.java:748)

Oct 09, 2019 1:13:59 PM org.apache.ratis.thirdparty.io.grpc.internal.SerializingExecutor run
SEVERE: Exception while executing runnable org.apache.ratis.thirdparty.io.grpc.internal.ServerImpl$JumpToApplicationThreadServerStreamListener$1Closed@3b028588
org.apache.ratis.thirdparty.io.grpc.StatusRuntimeException: CANCELLED: call already cancelled
	at org.apache.ratis.thirdparty.io.grpc.Status.asRuntimeException(Status.java:517)
	at org.apache.ratis.thirdparty.io.grpc.stub.ServerCalls$ServerCallStreamObserverImpl.onCompleted(ServerCalls.java:356)
	at org.apache.ratis.grpc.server.GrpcServerProtocolService$ServerRequestStreamObserver.onError(GrpcServerProtocolService.java:121)
	at org.apache.ratis.thirdparty.io.grpc.stub.ServerCalls$StreamingServerCallHandler$StreamingServerCallListener.onCancel(ServerCalls.java:269)
	at org.apache.ratis.thirdparty.io.grpc.internal.ServerCallImpl$ServerStreamListenerImpl.closed(ServerCallImpl.java:293)
	at org.apache.ratis.thirdparty.io.grpc.internal.ServerImpl$JumpToApplicationThreadServerStreamListener$1Closed.runInContext(ServerImpl.java:741)
	at org.apache.ratis.thirdparty.io.grpc.internal.ContextRunnable.run(ContextRunnable.java:37)
	at org.apache.ratis.thirdparty.io.grpc.internal.SerializingExecutor.run(SerializingExecutor.java:123)
	at java.util.concurrent.ThreadPoolExecutor.runWorker(ThreadPoolExecutor.java:1149)
	at java.util.concurrent.ThreadPoolExecutor$Worker.run(ThreadPoolExecutor.java:624)
	at java.lang.Thread.run(Thread.java:748)

Oct 09, 2019 1:13:59 PM org.apache.ratis.thirdparty.io.grpc.internal.SerializingExecutor run
SEVERE: Exception while executing runnable org.apache.ratis.thirdparty.io.grpc.internal.ServerImpl$JumpToApplicationThreadServerStreamListener$1Closed@230568cd
org.apache.ratis.thirdparty.io.grpc.StatusRuntimeException: CANCELLED: call already cancelled
	at org.apache.ratis.thirdparty.io.grpc.Status.asRuntimeException(Status.java:517)
	at org.apache.ratis.thirdparty.io.grpc.stub.ServerCalls$ServerCallStreamObserverImpl.onCompleted(ServerCalls.java:356)
	at org.apache.ratis.grpc.server.GrpcServerProtocolService$ServerRequestStreamObserver.onError(GrpcServerProtocolService.java:121)
	at org.apache.ratis.thirdparty.io.grpc.stub.ServerCalls$StreamingServerCallHandler$StreamingServerCallListener.onCancel(ServerCalls.java:269)
	at org.apache.ratis.thirdparty.io.grpc.internal.ServerCallImpl$ServerStreamListenerImpl.closed(ServerCallImpl.java:293)
	at org.apache.ratis.thirdparty.io.grpc.internal.ServerImpl$JumpToApplicationThreadServerStreamListener$1Closed.runInContext(ServerImpl.java:741)
	at org.apache.ratis.thirdparty.io.grpc.internal.ContextRunnable.run(ContextRunnable.java:37)
	at org.apache.ratis.thirdparty.io.grpc.internal.SerializingExecutor.run(SerializingExecutor.java:123)
	at java.util.concurrent.ThreadPoolExecutor.runWorker(ThreadPoolExecutor.java:1149)
	at java.util.concurrent.ThreadPoolExecutor$Worker.run(ThreadPoolExecutor.java:624)
	at java.lang.Thread.run(Thread.java:748)

Oct 09, 2019 1:13:59 PM org.apache.ratis.thirdparty.io.grpc.internal.SerializingExecutor run
SEVERE: Exception while executing runnable org.apache.ratis.thirdparty.io.grpc.internal.ServerImpl$JumpToApplicationThreadServerStreamListener$1Closed@7c60f6ee
org.apache.ratis.thirdparty.io.grpc.StatusRuntimeException: CANCELLED: call already cancelled
	at org.apache.ratis.thirdparty.io.grpc.Status.asRuntimeException(Status.java:517)
	at org.apache.ratis.thirdparty.io.grpc.stub.ServerCalls$ServerCallStreamObserverImpl.onCompleted(ServerCalls.java:356)
	at org.apache.ratis.grpc.server.GrpcServerProtocolService$ServerRequestStreamObserver.onError(GrpcServerProtocolService.java:121)
	at org.apache.ratis.thirdparty.io.grpc.stub.ServerCalls$StreamingServerCallHandler$StreamingServerCallListener.onCancel(ServerCalls.java:269)
	at org.apache.ratis.thirdparty.io.grpc.internal.ServerCallImpl$ServerStreamListenerImpl.closed(ServerCallImpl.java:293)
	at org.apache.ratis.thirdparty.io.grpc.internal.ServerImpl$JumpToApplicationThreadServerStreamListener$1Closed.runInContext(ServerImpl.java:741)
	at org.apache.ratis.thirdparty.io.grpc.internal.ContextRunnable.run(ContextRunnable.java:37)
	at org.apache.ratis.thirdparty.io.grpc.internal.SerializingExecutor.run(SerializingExecutor.java:123)
	at java.util.concurrent.ThreadPoolExecutor.runWorker(ThreadPoolExecutor.java:1149)
	at java.util.concurrent.ThreadPoolExecutor$Worker.run(ThreadPoolExecutor.java:624)
	at java.lang.Thread.run(Thread.java:748)

Oct 09, 2019 1:13:59 PM org.apache.ratis.thirdparty.io.grpc.internal.SerializingExecutor run
SEVERE: Exception while executing runnable org.apache.ratis.thirdparty.io.grpc.internal.ServerImpl$JumpToApplicationThreadServerStreamListener$1Closed@67042056
org.apache.ratis.thirdparty.io.grpc.StatusRuntimeException: CANCELLED: call already cancelled
	at org.apache.ratis.thirdparty.io.grpc.Status.asRuntimeException(Status.java:517)
	at org.apache.ratis.thirdparty.io.grpc.stub.ServerCalls$ServerCallStreamObserverImpl.onCompleted(ServerCalls.java:356)
	at org.apache.ratis.grpc.server.GrpcServerProtocolService$ServerRequestStreamObserver.onError(GrpcServerProtocolService.java:121)
	at org.apache.ratis.thirdparty.io.grpc.stub.ServerCalls$StreamingServerCallHandler$StreamingServerCallListener.onCancel(ServerCalls.java:269)
	at org.apache.ratis.thirdparty.io.grpc.internal.ServerCallImpl$ServerStreamListenerImpl.closed(ServerCallImpl.java:293)
	at org.apache.ratis.thirdparty.io.grpc.internal.ServerImpl$JumpToApplicationThreadServerStreamListener$1Closed.runInContext(ServerImpl.java:741)
	at org.apache.ratis.thirdparty.io.grpc.internal.ContextRunnable.run(ContextRunnable.java:37)
	at org.apache.ratis.thirdparty.io.grpc.internal.SerializingExecutor.run(SerializingExecutor.java:123)
	at java.util.concurrent.ThreadPoolExecutor.runWorker(ThreadPoolExecutor.java:1149)
	at java.util.concurrent.ThreadPoolExecutor$Worker.run(ThreadPoolExecutor.java:624)
	at java.lang.Thread.run(Thread.java:748)

Oct 09, 2019 1:13:59 PM org.apache.ratis.thirdparty.io.grpc.internal.SerializingExecutor run
SEVERE: Exception while executing runnable org.apache.ratis.thirdparty.io.grpc.internal.ServerImpl$JumpToApplicationThreadServerStreamListener$1Closed@646431fe
org.apache.ratis.thirdparty.io.grpc.StatusRuntimeException: CANCELLED: call already cancelled
	at org.apache.ratis.thirdparty.io.grpc.Status.asRuntimeException(Status.java:517)
	at org.apache.ratis.thirdparty.io.grpc.stub.ServerCalls$ServerCallStreamObserverImpl.onCompleted(ServerCalls.java:356)
	at org.apache.ratis.grpc.server.GrpcServerProtocolService$ServerRequestStreamObserver.onError(GrpcServerProtocolService.java:121)
	at org.apache.ratis.thirdparty.io.grpc.stub.ServerCalls$StreamingServerCallHandler$StreamingServerCallListener.onCancel(ServerCalls.java:269)
	at org.apache.ratis.thirdparty.io.grpc.internal.ServerCallImpl$ServerStreamListenerImpl.closed(ServerCallImpl.java:293)
	at org.apache.ratis.thirdparty.io.grpc.internal.ServerImpl$JumpToApplicationThreadServerStreamListener$1Closed.runInContext(ServerImpl.java:741)
	at org.apache.ratis.thirdparty.io.grpc.internal.ContextRunnable.run(ContextRunnable.java:37)
	at org.apache.ratis.thirdparty.io.grpc.internal.SerializingExecutor.run(SerializingExecutor.java:123)
	at java.util.concurrent.ThreadPoolExecutor.runWorker(ThreadPoolExecutor.java:1149)
	at java.util.concurrent.ThreadPoolExecutor$Worker.run(ThreadPoolExecutor.java:624)
	at java.lang.Thread.run(Thread.java:748)

Oct 09, 2019 1:13:59 PM org.apache.ratis.thirdparty.io.grpc.internal.SerializingExecutor run
SEVERE: Exception while executing runnable org.apache.ratis.thirdparty.io.grpc.internal.ServerImpl$JumpToApplicationThreadServerStreamListener$1Closed@25593bc5
org.apache.ratis.thirdparty.io.grpc.StatusRuntimeException: CANCELLED: call already cancelled
	at org.apache.ratis.thirdparty.io.grpc.Status.asRuntimeException(Status.java:517)
	at org.apache.ratis.thirdparty.io.grpc.stub.ServerCalls$ServerCallStreamObserverImpl.onCompleted(ServerCalls.java:356)
	at org.apache.ratis.grpc.server.GrpcServerProtocolService$ServerRequestStreamObserver.onError(GrpcServerProtocolService.java:121)
	at org.apache.ratis.thirdparty.io.grpc.stub.ServerCalls$StreamingServerCallHandler$StreamingServerCallListener.onCancel(ServerCalls.java:269)
	at org.apache.ratis.thirdparty.io.grpc.internal.ServerCallImpl$ServerStreamListenerImpl.closed(ServerCallImpl.java:293)
	at org.apache.ratis.thirdparty.io.grpc.internal.ServerImpl$JumpToApplicationThreadServerStreamListener$1Closed.runInContext(ServerImpl.java:741)
	at org.apache.ratis.thirdparty.io.grpc.internal.ContextRunnable.run(ContextRunnable.java:37)
	at org.apache.ratis.thirdparty.io.grpc.internal.SerializingExecutor.run(SerializingExecutor.java:123)
	at java.util.concurrent.ThreadPoolExecutor.runWorker(ThreadPoolExecutor.java:1149)
	at java.util.concurrent.ThreadPoolExecutor$Worker.run(ThreadPoolExecutor.java:624)
	at java.lang.Thread.run(Thread.java:748)

Oct 09, 2019 1:13:59 PM org.apache.ratis.thirdparty.io.grpc.internal.SerializingExecutor run
SEVERE: Exception while executing runnable org.apache.ratis.thirdparty.io.grpc.internal.ServerImpl$JumpToApplicationThreadServerStreamListener$1Closed@67224bb9
org.apache.ratis.thirdparty.io.grpc.StatusRuntimeException: CANCELLED: call already cancelled
	at org.apache.ratis.thirdparty.io.grpc.Status.asRuntimeException(Status.java:517)
	at org.apache.ratis.thirdparty.io.grpc.stub.ServerCalls$ServerCallStreamObserverImpl.onCompleted(ServerCalls.java:356)
	at org.apache.ratis.grpc.server.GrpcServerProtocolService$ServerRequestStreamObserver.onError(GrpcServerProtocolService.java:121)
	at org.apache.ratis.thirdparty.io.grpc.stub.ServerCalls$StreamingServerCallHandler$StreamingServerCallListener.onCancel(ServerCalls.java:269)
	at org.apache.ratis.thirdparty.io.grpc.internal.ServerCallImpl$ServerStreamListenerImpl.closed(ServerCallImpl.java:293)
	at org.apache.ratis.thirdparty.io.grpc.internal.ServerImpl$JumpToApplicationThreadServerStreamListener$1Closed.runInContext(ServerImpl.java:741)
	at org.apache.ratis.thirdparty.io.grpc.internal.ContextRunnable.run(ContextRunnable.java:37)
	at org.apache.ratis.thirdparty.io.grpc.internal.SerializingExecutor.run(SerializingExecutor.java:123)
	at java.util.concurrent.ThreadPoolExecutor.runWorker(ThreadPoolExecutor.java:1149)
	at java.util.concurrent.ThreadPoolExecutor$Worker.run(ThreadPoolExecutor.java:624)
	at java.lang.Thread.run(Thread.java:748)

Oct 09, 2019 1:14:15 PM org.apache.ratis.thirdparty.io.grpc.internal.SerializingExecutor run
SEVERE: Exception while executing runnable org.apache.ratis.thirdparty.io.grpc.internal.ServerImpl$JumpToApplicationThreadServerStreamListener$1Closed@6c30f4a2
org.apache.ratis.thirdparty.io.grpc.StatusRuntimeException: CANCELLED: call already cancelled
	at org.apache.ratis.thirdparty.io.grpc.Status.asRuntimeException(Status.java:517)
	at org.apache.ratis.thirdparty.io.grpc.stub.ServerCalls$ServerCallStreamObserverImpl.onCompleted(ServerCalls.java:356)
	at org.apache.ratis.grpc.server.GrpcServerProtocolService$ServerRequestStreamObserver.onError(GrpcServerProtocolService.java:121)
	at org.apache.ratis.thirdparty.io.grpc.stub.ServerCalls$StreamingServerCallHandler$StreamingServerCallListener.onCancel(ServerCalls.java:269)
	at org.apache.ratis.thirdparty.io.grpc.internal.ServerCallImpl$ServerStreamListenerImpl.closed(ServerCallImpl.java:293)
	at org.apache.ratis.thirdparty.io.grpc.internal.ServerImpl$JumpToApplicationThreadServerStreamListener$1Closed.runInContext(ServerImpl.java:741)
	at org.apache.ratis.thirdparty.io.grpc.internal.ContextRunnable.run(ContextRunnable.java:37)
	at org.apache.ratis.thirdparty.io.grpc.internal.SerializingExecutor.run(SerializingExecutor.java:123)
	at java.util.concurrent.ThreadPoolExecutor.runWorker(ThreadPoolExecutor.java:1149)
	at java.util.concurrent.ThreadPoolExecutor$Worker.run(ThreadPoolExecutor.java:624)
	at java.lang.Thread.run(Thread.java:748)

Oct 09, 2019 1:14:15 PM org.apache.ratis.thirdparty.io.grpc.internal.SerializingExecutor run
SEVERE: Exception while executing runnable org.apache.ratis.thirdparty.io.grpc.internal.ServerImpl$JumpToApplicationThreadServerStreamListener$1Closed@4dea7908
org.apache.ratis.thirdparty.io.grpc.StatusRuntimeException: CANCELLED: call already cancelled
	at org.apache.ratis.thirdparty.io.grpc.Status.asRuntimeException(Status.java:517)
	at org.apache.ratis.thirdparty.io.grpc.stub.ServerCalls$ServerCallStreamObserverImpl.onCompleted(ServerCalls.java:356)
	at org.apache.ratis.grpc.server.GrpcServerProtocolService$ServerRequestStreamObserver.onError(GrpcServerProtocolService.java:121)
	at org.apache.ratis.thirdparty.io.grpc.stub.ServerCalls$StreamingServerCallHandler$StreamingServerCallListener.onCancel(ServerCalls.java:269)
	at org.apache.ratis.thirdparty.io.grpc.internal.ServerCallImpl$ServerStreamListenerImpl.closed(ServerCallImpl.java:293)
	at org.apache.ratis.thirdparty.io.grpc.internal.ServerImpl$JumpToApplicationThreadServerStreamListener$1Closed.runInContext(ServerImpl.java:741)
	at org.apache.ratis.thirdparty.io.grpc.internal.ContextRunnable.run(ContextRunnable.java:37)
	at org.apache.ratis.thirdparty.io.grpc.internal.SerializingExecutor.run(SerializingExecutor.java:123)
	at java.util.concurrent.ThreadPoolExecutor.runWorker(ThreadPoolExecutor.java:1149)
	at java.util.concurrent.ThreadPoolExecutor$Worker.run(ThreadPoolExecutor.java:624)
	at java.lang.Thread.run(Thread.java:748)

Oct 09, 2019 1:14:15 PM org.apache.ratis.thirdparty.io.grpc.internal.SerializingExecutor run
SEVERE: Exception while executing runnable org.apache.ratis.thirdparty.io.grpc.internal.ServerImpl$JumpToApplicationThreadServerStreamListener$1Closed@390c7d2a
org.apache.ratis.thirdparty.io.grpc.StatusRuntimeException: CANCELLED: call already cancelled
	at org.apache.ratis.thirdparty.io.grpc.Status.asRuntimeException(Status.java:517)
	at org.apache.ratis.thirdparty.io.grpc.stub.ServerCalls$ServerCallStreamObserverImpl.onCompleted(ServerCalls.java:356)
	at org.apache.ratis.grpc.server.GrpcServerProtocolService$ServerRequestStreamObserver.onError(GrpcServerProtocolService.java:121)
	at org.apache.ratis.thirdparty.io.grpc.stub.ServerCalls$StreamingServerCallHandler$StreamingServerCallListener.onCancel(ServerCalls.java:269)
	at org.apache.ratis.thirdparty.io.grpc.internal.ServerCallImpl$ServerStreamListenerImpl.closed(ServerCallImpl.java:293)
	at org.apache.ratis.thirdparty.io.grpc.internal.ServerImpl$JumpToApplicationThreadServerStreamListener$1Closed.runInContext(ServerImpl.java:741)
	at org.apache.ratis.thirdparty.io.grpc.internal.ContextRunnable.run(ContextRunnable.java:37)
	at org.apache.ratis.thirdparty.io.grpc.internal.SerializingExecutor.run(SerializingExecutor.java:123)
	at java.util.concurrent.ThreadPoolExecutor.runWorker(ThreadPoolExecutor.java:1149)
	at java.util.concurrent.ThreadPoolExecutor$Worker.run(ThreadPoolExecutor.java:624)
	at java.lang.Thread.run(Thread.java:748)

Oct 09, 2019 1:14:15 PM org.apache.ratis.thirdparty.io.grpc.internal.SerializingExecutor run
SEVERE: Exception while executing runnable org.apache.ratis.thirdparty.io.grpc.internal.ServerImpl$JumpToApplicationThreadServerStreamListener$1Closed@6fc5bc9e
org.apache.ratis.thirdparty.io.grpc.StatusRuntimeException: CANCELLED: call already cancelled
	at org.apache.ratis.thirdparty.io.grpc.Status.asRuntimeException(Status.java:517)
	at org.apache.ratis.thirdparty.io.grpc.stub.ServerCalls$ServerCallStreamObserverImpl.onCompleted(ServerCalls.java:356)
	at org.apache.ratis.grpc.server.GrpcServerProtocolService$ServerRequestStreamObserver.onError(GrpcServerProtocolService.java:121)
	at org.apache.ratis.thirdparty.io.grpc.stub.ServerCalls$StreamingServerCallHandler$StreamingServerCallListener.onCancel(ServerCalls.java:269)
	at org.apache.ratis.thirdparty.io.grpc.internal.ServerCallImpl$ServerStreamListenerImpl.closed(ServerCallImpl.java:293)
	at org.apache.ratis.thirdparty.io.grpc.internal.ServerImpl$JumpToApplicationThreadServerStreamListener$1Closed.runInContext(ServerImpl.java:741)
	at org.apache.ratis.thirdparty.io.grpc.internal.ContextRunnable.run(ContextRunnable.java:37)
	at org.apache.ratis.thirdparty.io.grpc.internal.SerializingExecutor.run(SerializingExecutor.java:123)
	at java.util.concurrent.ThreadPoolExecutor.runWorker(ThreadPoolExecutor.java:1149)
	at java.util.concurrent.ThreadPoolExecutor$Worker.run(ThreadPoolExecutor.java:624)
	at java.lang.Thread.run(Thread.java:748)

Oct 09, 2019 1:14:31 PM org.apache.ratis.thirdparty.io.grpc.internal.SerializingExecutor run
SEVERE: Exception while executing runnable org.apache.ratis.thirdparty.io.grpc.internal.ServerImpl$JumpToApplicationThreadServerStreamListener$1Closed@2dac78cf
org.apache.ratis.thirdparty.io.grpc.StatusRuntimeException: CANCELLED: call already cancelled
	at org.apache.ratis.thirdparty.io.grpc.Status.asRuntimeException(Status.java:517)
	at org.apache.ratis.thirdparty.io.grpc.stub.ServerCalls$ServerCallStreamObserverImpl.onCompleted(ServerCalls.java:356)
	at org.apache.ratis.grpc.server.GrpcServerProtocolService$ServerRequestStreamObserver.onError(GrpcServerProtocolService.java:121)
	at org.apache.ratis.thirdparty.io.grpc.stub.ServerCalls$StreamingServerCallHandler$StreamingServerCallListener.onCancel(ServerCalls.java:269)
	at org.apache.ratis.thirdparty.io.grpc.internal.ServerCallImpl$ServerStreamListenerImpl.closed(ServerCallImpl.java:293)
	at org.apache.ratis.thirdparty.io.grpc.internal.ServerImpl$JumpToApplicationThreadServerStreamListener$1Closed.runInContext(ServerImpl.java:741)
	at org.apache.ratis.thirdparty.io.grpc.internal.ContextRunnable.run(ContextRunnable.java:37)
	at org.apache.ratis.thirdparty.io.grpc.internal.SerializingExecutor.run(SerializingExecutor.java:123)
	at java.util.concurrent.ThreadPoolExecutor.runWorker(ThreadPoolExecutor.java:1149)
	at java.util.concurrent.ThreadPoolExecutor$Worker.run(ThreadPoolExecutor.java:624)
	at java.lang.Thread.run(Thread.java:748)

Oct 09, 2019 1:14:31 PM org.apache.ratis.thirdparty.io.grpc.internal.SerializingExecutor run
SEVERE: Exception while executing runnable org.apache.ratis.thirdparty.io.grpc.internal.ServerImpl$JumpToApplicationThreadServerStreamListener$1Closed@c824796
org.apache.ratis.thirdparty.io.grpc.StatusRuntimeException: CANCELLED: call already cancelled
	at org.apache.ratis.thirdparty.io.grpc.Status.asRuntimeException(Status.java:517)
	at org.apache.ratis.thirdparty.io.grpc.stub.ServerCalls$ServerCallStreamObserverImpl.onCompleted(ServerCalls.java:356)
	at org.apache.ratis.grpc.server.GrpcServerProtocolService$ServerRequestStreamObserver.onError(GrpcServerProtocolService.java:121)
	at org.apache.ratis.thirdparty.io.grpc.stub.ServerCalls$StreamingServerCallHandler$StreamingServerCallListener.onCancel(ServerCalls.java:269)
	at org.apache.ratis.thirdparty.io.grpc.internal.ServerCallImpl$ServerStreamListenerImpl.closed(ServerCallImpl.java:293)
	at org.apache.ratis.thirdparty.io.grpc.internal.ServerImpl$JumpToApplicationThreadServerStreamListener$1Closed.runInContext(ServerImpl.java:741)
	at org.apache.ratis.thirdparty.io.grpc.internal.ContextRunnable.run(ContextRunnable.java:37)
	at org.apache.ratis.thirdparty.io.grpc.internal.SerializingExecutor.run(SerializingExecutor.java:123)
	at java.util.concurrent.ThreadPoolExecutor.runWorker(ThreadPoolExecutor.java:1149)
	at java.util.concurrent.ThreadPoolExecutor$Worker.run(ThreadPoolExecutor.java:624)
	at java.lang.Thread.run(Thread.java:748)

Oct 09, 2019 1:14:31 PM org.apache.ratis.thirdparty.io.grpc.internal.SerializingExecutor run
SEVERE: Exception while executing runnable org.apache.ratis.thirdparty.io.grpc.internal.ServerImpl$JumpToApplicationThreadServerStreamListener$1Closed@3030f6fe
org.apache.ratis.thirdparty.io.grpc.StatusRuntimeException: CANCELLED: call already cancelled
	at org.apache.ratis.thirdparty.io.grpc.Status.asRuntimeException(Status.java:517)
	at org.apache.ratis.thirdparty.io.grpc.stub.ServerCalls$ServerCallStreamObserverImpl.onCompleted(ServerCalls.java:356)
	at org.apache.ratis.grpc.server.GrpcServerProtocolService$ServerRequestStreamObserver.onError(GrpcServerProtocolService.java:121)
	at org.apache.ratis.thirdparty.io.grpc.stub.ServerCalls$StreamingServerCallHandler$StreamingServerCallListener.onCancel(ServerCalls.java:269)
	at org.apache.ratis.thirdparty.io.grpc.internal.ServerCallImpl$ServerStreamListenerImpl.closed(ServerCallImpl.java:293)
	at org.apache.ratis.thirdparty.io.grpc.internal.ServerImpl$JumpToApplicationThreadServerStreamListener$1Closed.runInContext(ServerImpl.java:741)
	at org.apache.ratis.thirdparty.io.grpc.internal.ContextRunnable.run(ContextRunnable.java:37)
	at org.apache.ratis.thirdparty.io.grpc.internal.SerializingExecutor.run(SerializingExecutor.java:123)
	at java.util.concurrent.ThreadPoolExecutor.runWorker(ThreadPoolExecutor.java:1149)
	at java.util.concurrent.ThreadPoolExecutor$Worker.run(ThreadPoolExecutor.java:624)
	at java.lang.Thread.run(Thread.java:748)

Oct 09, 2019 1:14:31 PM org.apache.ratis.thirdparty.io.grpc.internal.SerializingExecutor run
SEVERE: Exception while executing runnable org.apache.ratis.thirdparty.io.grpc.internal.ServerImpl$JumpToApplicationThreadServerStreamListener$1Closed@7e90a4c4
org.apache.ratis.thirdparty.io.grpc.StatusRuntimeException: CANCELLED: call already cancelled
	at org.apache.ratis.thirdparty.io.grpc.Status.asRuntimeException(Status.java:517)
	at org.apache.ratis.thirdparty.io.grpc.stub.ServerCalls$ServerCallStreamObserverImpl.onCompleted(ServerCalls.java:356)
	at org.apache.ratis.grpc.server.GrpcServerProtocolService$ServerRequestStreamObserver.onError(GrpcServerProtocolService.java:121)
	at org.apache.ratis.thirdparty.io.grpc.stub.ServerCalls$StreamingServerCallHandler$StreamingServerCallListener.onCancel(ServerCalls.java:269)
	at org.apache.ratis.thirdparty.io.grpc.internal.ServerCallImpl$ServerStreamListenerImpl.closed(ServerCallImpl.java:293)
	at org.apache.ratis.thirdparty.io.grpc.internal.ServerImpl$JumpToApplicationThreadServerStreamListener$1Closed.runInContext(ServerImpl.java:741)
	at org.apache.ratis.thirdparty.io.grpc.internal.ContextRunnable.run(ContextRunnable.java:37)
	at org.apache.ratis.thirdparty.io.grpc.internal.SerializingExecutor.run(SerializingExecutor.java:123)
	at java.util.concurrent.ThreadPoolExecutor.runWorker(ThreadPoolExecutor.java:1149)
	at java.util.concurrent.ThreadPoolExecutor$Worker.run(ThreadPoolExecutor.java:624)
	at java.lang.Thread.run(Thread.java:748)

Oct 09, 2019 1:14:31 PM org.apache.ratis.thirdparty.io.grpc.internal.SerializingExecutor run
SEVERE: Exception while executing runnable org.apache.ratis.thirdparty.io.grpc.internal.ServerImpl$JumpToApplicationThreadServerStreamListener$1Closed@552e65d8
org.apache.ratis.thirdparty.io.grpc.StatusRuntimeException: CANCELLED: call already cancelled
	at org.apache.ratis.thirdparty.io.grpc.Status.asRuntimeException(Status.java:517)
	at org.apache.ratis.thirdparty.io.grpc.stub.ServerCalls$ServerCallStreamObserverImpl.onCompleted(ServerCalls.java:356)
	at org.apache.ratis.grpc.server.GrpcServerProtocolService$ServerRequestStreamObserver.onError(GrpcServerProtocolService.java:121)
	at org.apache.ratis.thirdparty.io.grpc.stub.ServerCalls$StreamingServerCallHandler$StreamingServerCallListener.onCancel(ServerCalls.java:269)
	at org.apache.ratis.thirdparty.io.grpc.internal.ServerCallImpl$ServerStreamListenerImpl.closed(ServerCallImpl.java:293)
	at org.apache.ratis.thirdparty.io.grpc.internal.ServerImpl$JumpToApplicationThreadServerStreamListener$1Closed.runInContext(ServerImpl.java:741)
	at org.apache.ratis.thirdparty.io.grpc.internal.ContextRunnable.run(ContextRunnable.java:37)
	at org.apache.ratis.thirdparty.io.grpc.internal.SerializingExecutor.run(SerializingExecutor.java:123)
	at java.util.concurrent.ThreadPoolExecutor.runWorker(ThreadPoolExecutor.java:1149)
	at java.util.concurrent.ThreadPoolExecutor$Worker.run(ThreadPoolExecutor.java:624)
	at java.lang.Thread.run(Thread.java:748)

Oct 09, 2019 1:14:31 PM org.apache.ratis.thirdparty.io.grpc.internal.SerializingExecutor run
SEVERE: Exception while executing runnable org.apache.ratis.thirdparty.io.grpc.internal.ServerImpl$JumpToApplicationThreadServerStreamListener$1Closed@7adf298
org.apache.ratis.thirdparty.io.grpc.StatusRuntimeException: CANCELLED: call already cancelled
	at org.apache.ratis.thirdparty.io.grpc.Status.asRuntimeException(Status.java:517)
	at org.apache.ratis.thirdparty.io.grpc.stub.ServerCalls$ServerCallStreamObserverImpl.onCompleted(ServerCalls.java:356)
	at org.apache.ratis.grpc.server.GrpcServerProtocolService$ServerRequestStreamObserver.onError(GrpcServerProtocolService.java:121)
	at org.apache.ratis.thirdparty.io.grpc.stub.ServerCalls$StreamingServerCallHandler$StreamingServerCallListener.onCancel(ServerCalls.java:269)
	at org.apache.ratis.thirdparty.io.grpc.internal.ServerCallImpl$ServerStreamListenerImpl.closed(ServerCallImpl.java:293)
	at org.apache.ratis.thirdparty.io.grpc.internal.ServerImpl$JumpToApplicationThreadServerStreamListener$1Closed.runInContext(ServerImpl.java:741)
	at org.apache.ratis.thirdparty.io.grpc.internal.ContextRunnable.run(ContextRunnable.java:37)
	at org.apache.ratis.thirdparty.io.grpc.internal.SerializingExecutor.run(SerializingExecutor.java:123)
	at java.util.concurrent.ThreadPoolExecutor.runWorker(ThreadPoolExecutor.java:1149)
	at java.util.concurrent.ThreadPoolExecutor$Worker.run(ThreadPoolExecutor.java:624)
	at java.lang.Thread.run(Thread.java:748)

Oct 09, 2019 1:14:31 PM org.apache.ratis.thirdparty.io.grpc.internal.SerializingExecutor run
SEVERE: Exception while executing runnable org.apache.ratis.thirdparty.io.grpc.internal.ServerImpl$JumpToApplicationThreadServerStreamListener$1Closed@11c79e15
org.apache.ratis.thirdparty.io.grpc.StatusRuntimeException: CANCELLED: call already cancelled
	at org.apache.ratis.thirdparty.io.grpc.Status.asRuntimeException(Status.java:517)
	at org.apache.ratis.thirdparty.io.grpc.stub.ServerCalls$ServerCallStreamObserverImpl.onCompleted(ServerCalls.java:356)
	at org.apache.ratis.grpc.server.GrpcServerProtocolService$ServerRequestStreamObserver.onError(GrpcServerProtocolService.java:121)
	at org.apache.ratis.thirdparty.io.grpc.stub.ServerCalls$StreamingServerCallHandler$StreamingServerCallListener.onCancel(ServerCalls.java:269)
	at org.apache.ratis.thirdparty.io.grpc.internal.ServerCallImpl$ServerStreamListenerImpl.closed(ServerCallImpl.java:293)
	at org.apache.ratis.thirdparty.io.grpc.internal.ServerImpl$JumpToApplicationThreadServerStreamListener$1Closed.runInContext(ServerImpl.java:741)
	at org.apache.ratis.thirdparty.io.grpc.internal.ContextRunnable.run(ContextRunnable.java:37)
	at org.apache.ratis.thirdparty.io.grpc.internal.SerializingExecutor.run(SerializingExecutor.java:123)
	at java.util.concurrent.ThreadPoolExecutor.runWorker(ThreadPoolExecutor.java:1149)
	at java.util.concurrent.ThreadPoolExecutor$Worker.run(ThreadPoolExecutor.java:624)
	at java.lang.Thread.run(Thread.java:748)

Oct 09, 2019 1:14:31 PM org.apache.ratis.thirdparty.io.grpc.internal.SerializingExecutor run
SEVERE: Exception while executing runnable org.apache.ratis.thirdparty.io.grpc.internal.ServerImpl$JumpToApplicationThreadServerStreamListener$1Closed@e2c18d6
org.apache.ratis.thirdparty.io.grpc.StatusRuntimeException: CANCELLED: call already cancelled
	at org.apache.ratis.thirdparty.io.grpc.Status.asRuntimeException(Status.java:517)
	at org.apache.ratis.thirdparty.io.grpc.stub.ServerCalls$ServerCallStreamObserverImpl.onCompleted(ServerCalls.java:356)
	at org.apache.ratis.grpc.server.GrpcServerProtocolService$ServerRequestStreamObserver.onError(GrpcServerProtocolService.java:121)
	at org.apache.ratis.thirdparty.io.grpc.stub.ServerCalls$StreamingServerCallHandler$StreamingServerCallListener.onCancel(ServerCalls.java:269)
	at org.apache.ratis.thirdparty.io.grpc.internal.ServerCallImpl$ServerStreamListenerImpl.closed(ServerCallImpl.java:293)
	at org.apache.ratis.thirdparty.io.grpc.internal.ServerImpl$JumpToApplicationThreadServerStreamListener$1Closed.runInContext(ServerImpl.java:741)
	at org.apache.ratis.thirdparty.io.grpc.internal.ContextRunnable.run(ContextRunnable.java:37)
	at org.apache.ratis.thirdparty.io.grpc.internal.SerializingExecutor.run(SerializingExecutor.java:123)
	at java.util.concurrent.ThreadPoolExecutor.runWorker(ThreadPoolExecutor.java:1149)
	at java.util.concurrent.ThreadPoolExecutor$Worker.run(ThreadPoolExecutor.java:624)
	at java.lang.Thread.run(Thread.java:748)

Oct 09, 2019 1:14:31 PM org.apache.ratis.thirdparty.io.grpc.internal.SerializingExecutor run
SEVERE: Exception while executing runnable org.apache.ratis.thirdparty.io.grpc.internal.ServerImpl$JumpToApplicationThreadServerStreamListener$1Closed@327447cb
org.apache.ratis.thirdparty.io.grpc.StatusRuntimeException: CANCELLED: call already cancelled
	at org.apache.ratis.thirdparty.io.grpc.Status.asRuntimeException(Status.java:517)
	at org.apache.ratis.thirdparty.io.grpc.stub.ServerCalls$ServerCallStreamObserverImpl.onCompleted(ServerCalls.java:356)
	at org.apache.ratis.grpc.server.GrpcServerProtocolService$ServerRequestStreamObserver.onError(GrpcServerProtocolService.java:121)
	at org.apache.ratis.thirdparty.io.grpc.stub.ServerCalls$StreamingServerCallHandler$StreamingServerCallListener.onCancel(ServerCalls.java:269)
	at org.apache.ratis.thirdparty.io.grpc.internal.ServerCallImpl$ServerStreamListenerImpl.closed(ServerCallImpl.java:293)
	at org.apache.ratis.thirdparty.io.grpc.internal.ServerImpl$JumpToApplicationThreadServerStreamListener$1Closed.runInContext(ServerImpl.java:741)
	at org.apache.ratis.thirdparty.io.grpc.internal.ContextRunnable.run(ContextRunnable.java:37)
	at org.apache.ratis.thirdparty.io.grpc.internal.SerializingExecutor.run(SerializingExecutor.java:123)
	at java.util.concurrent.ThreadPoolExecutor.runWorker(ThreadPoolExecutor.java:1149)
	at java.util.concurrent.ThreadPoolExecutor$Worker.run(ThreadPoolExecutor.java:624)
	at java.lang.Thread.run(Thread.java:748)

Oct 09, 2019 1:14:31 PM org.apache.ratis.thirdparty.io.grpc.internal.SerializingExecutor run
SEVERE: Exception while executing runnable org.apache.ratis.thirdparty.io.grpc.internal.ServerImpl$JumpToApplicationThreadServerStreamListener$1Closed@c0d2f17
org.apache.ratis.thirdparty.io.grpc.StatusRuntimeException: CANCELLED: call already cancelled
	at org.apache.ratis.thirdparty.io.grpc.Status.asRuntimeException(Status.java:517)
	at org.apache.ratis.thirdparty.io.grpc.stub.ServerCalls$ServerCallStreamObserverImpl.onCompleted(ServerCalls.java:356)
	at org.apache.ratis.grpc.server.GrpcServerProtocolService$ServerRequestStreamObserver.onError(GrpcServerProtocolService.java:121)
	at org.apache.ratis.thirdparty.io.grpc.stub.ServerCalls$StreamingServerCallHandler$StreamingServerCallListener.onCancel(ServerCalls.java:269)
	at org.apache.ratis.thirdparty.io.grpc.internal.ServerCallImpl$ServerStreamListenerImpl.closed(ServerCallImpl.java:293)
	at org.apache.ratis.thirdparty.io.grpc.internal.ServerImpl$JumpToApplicationThreadServerStreamListener$1Closed.runInContext(ServerImpl.java:741)
	at org.apache.ratis.thirdparty.io.grpc.internal.ContextRunnable.run(ContextRunnable.java:37)
	at org.apache.ratis.thirdparty.io.grpc.internal.SerializingExecutor.run(SerializingExecutor.java:123)
	at java.util.concurrent.ThreadPoolExecutor.runWorker(ThreadPoolExecutor.java:1149)
	at java.util.concurrent.ThreadPoolExecutor$Worker.run(ThreadPoolExecutor.java:624)
	at java.lang.Thread.run(Thread.java:748)

Oct 09, 2019 1:14:31 PM org.apache.ratis.thirdparty.io.grpc.internal.SerializingExecutor run
SEVERE: Exception while executing runnable org.apache.ratis.thirdparty.io.grpc.internal.ServerImpl$JumpToApplicationThreadServerStreamListener$1Closed@63ad5039
org.apache.ratis.thirdparty.io.grpc.StatusRuntimeException: CANCELLED: call already cancelled
	at org.apache.ratis.thirdparty.io.grpc.Status.asRuntimeException(Status.java:517)
	at org.apache.ratis.thirdparty.io.grpc.stub.ServerCalls$ServerCallStreamObserverImpl.onCompleted(ServerCalls.java:356)
	at org.apache.ratis.grpc.server.GrpcServerProtocolService$ServerRequestStreamObserver.onError(GrpcServerProtocolService.java:121)
	at org.apache.ratis.thirdparty.io.grpc.stub.ServerCalls$StreamingServerCallHandler$StreamingServerCallListener.onCancel(ServerCalls.java:269)
	at org.apache.ratis.thirdparty.io.grpc.internal.ServerCallImpl$ServerStreamListenerImpl.closed(ServerCallImpl.java:293)
	at org.apache.ratis.thirdparty.io.grpc.internal.ServerImpl$JumpToApplicationThreadServerStreamListener$1Closed.runInContext(ServerImpl.java:741)
	at org.apache.ratis.thirdparty.io.grpc.internal.ContextRunnable.run(ContextRunnable.java:37)
	at org.apache.ratis.thirdparty.io.grpc.internal.SerializingExecutor.run(SerializingExecutor.java:123)
	at java.util.concurrent.ThreadPoolExecutor.runWorker(ThreadPoolExecutor.java:1149)
	at java.util.concurrent.ThreadPoolExecutor$Worker.run(ThreadPoolExecutor.java:624)
	at java.lang.Thread.run(Thread.java:748)

]]></system-err>
  </testcase>
  <testcase name="testFailureWithPrimeSizedData" classname="org.apache.hadoop.ozone.client.rpc.TestBlockOutputStreamWithFailures" time="48.046"/>
  <testcase name="testWatchForCommitWithCloseContainerException" classname="org.apache.hadoop.ozone.client.rpc.TestBlockOutputStreamWithFailures" time="35.139"/>
  <testcase name="testExceptionDuringClose" classname="org.apache.hadoop.ozone.client.rpc.TestBlockOutputStreamWithFailures" time="36.507"/>
</testsuite>