<?xml version="1.0" encoding="UTF-8"?>
<testsuite xmlns:xsi="http://www.w3.org/2001/XMLSchema-instance" xsi:noNamespaceSchemaLocation="https://maven.apache.org/surefire/maven-surefire-plugin/xsd/surefire-test-report.xsd" name="org.apache.hadoop.ozone.freon.TestDataValidateWithDummyContainers" time="757.025" tests="3" errors="2" skipped="0" failures="0">
  <properties>
    <property name="awt.toolkit" value="sun.awt.X11.XToolkit"/>
    <property name="file.encoding.pkg" value="sun.io"/>
    <property name="java.specification.version" value="1.8"/>
    <property name="sun.cpu.isalist" value=""/>
    <property name="sun.jnu.encoding" value="UTF-8"/>
    <property name="java.class.path" value="/workdir/hadoop-ozone/tools/target/test-classes:/workdir/hadoop-ozone/tools/target/classes:/home/user/.m2/repository/org/apache/hadoop/hadoop-ozone-ozone-manager/0.5.0-SNAPSHOT/hadoop-ozone-ozone-manager-0.5.0-SNAPSHOT.jar:/home/user/.m2/repository/org/apache/hadoop/hadoop-hdds-docs/0.5.0-SNAPSHOT/hadoop-hdds-docs-0.5.0-SNAPSHOT.jar:/home/user/.m2/repository/org/bouncycastle/bcprov-jdk15on/1.60/bcprov-jdk15on-1.60.jar:/home/user/.m2/repository/org/apache/hadoop/hadoop-ozone-common/0.5.0-SNAPSHOT/hadoop-ozone-common-0.5.0-SNAPSHOT.jar:/home/user/.m2/repository/org/apache/commons/commons-compress/1.4.1/commons-compress-1.4.1.jar:/home/user/.m2/repository/org/tukaani/xz/1.0/xz-1.0.jar:/home/user/.m2/repository/org/apache/hadoop/hadoop-hdfs-client/3.2.0/hadoop-hdfs-client-3.2.0.jar:/home/user/.m2/repository/com/fasterxml/jackson/core/jackson-annotations/2.9.9/jackson-annotations-2.9.9.jar:/home/user/.m2/repository/org/apache/hadoop/hadoop-hdds-common/0.5.0-SNAPSHOT/hadoop-hdds-common-0.5.0-SNAPSHOT.jar:/home/user/.m2/repository/org/apache/hadoop/hadoop-hdds-config/0.5.0-SNAPSHOT/hadoop-hdds-config-0.5.0-SNAPSHOT.jar:/home/user/.m2/repository/javax/annotation/javax.annotation-api/1.2/javax.annotation-api-1.2.jar:/home/user/.m2/repository/org/apache/ratis/ratis-server/0.5.0-201fc85-SNAPSHOT/ratis-server-0.5.0-201fc85-SNAPSHOT.jar:/home/user/.m2/repository/org/apache/ratis/ratis-thirdparty-misc/0.2.0/ratis-thirdparty-misc-0.2.0.jar:/home/user/.m2/repository/org/apache/ratis/ratis-proto/0.5.0-201fc85-SNAPSHOT/ratis-proto-0.5.0-201fc85-SNAPSHOT.jar:/home/user/.m2/repository/org/apache/ratis/ratis-common/0.5.0-201fc85-SNAPSHOT/ratis-common-0.5.0-201fc85-SNAPSHOT.jar:/home/user/.m2/repository/org/apache/ratis/ratis-client/0.5.0-201fc85-SNAPSHOT/ratis-client-0.5.0-201fc85-SNAPSHOT.jar:/home/user/.m2/repository/org/apache/ratis/ratis-metrics/0.5.0-201fc85-SNAPSHOT/ratis-metrics-0.5.0-201fc85-SNAPSHOT.jar:/home/user/.m2/repository/com/github/joshelser/dropwizard-metrics-hadoop-metrics2-reporter/0.1.2/dropwizard-metrics-hadoop-metrics2-reporter-0.1.2.jar:/home/user/.m2/repository/io/dropwizard/metrics/metrics-jvm/3.2.5/metrics-jvm-3.2.5.jar:/home/user/.m2/repository/io/dropwizard/metrics/metrics-ganglia/3.2.5/metrics-ganglia-3.2.5.jar:/home/user/.m2/repository/info/ganglia/gmetric4j/gmetric4j/1.0.7/gmetric4j-1.0.7.jar:/home/user/.m2/repository/org/apache/ratis/ratis-netty/0.5.0-201fc85-SNAPSHOT/ratis-netty-0.5.0-201fc85-SNAPSHOT.jar:/home/user/.m2/repository/org/apache/ratis/ratis-grpc/0.5.0-201fc85-SNAPSHOT/ratis-grpc-0.5.0-201fc85-SNAPSHOT.jar:/home/user/.m2/repository/org/rocksdb/rocksdbjni/6.0.1/rocksdbjni-6.0.1.jar:/home/user/.m2/repository/org/apache/logging/log4j/log4j-api/2.11.0/log4j-api-2.11.0.jar:/home/user/.m2/repository/org/apache/logging/log4j/log4j-core/2.11.0/log4j-core-2.11.0.jar:/home/user/.m2/repository/com/lmax/disruptor/3.4.2/disruptor-3.4.2.jar:/home/user/.m2/repository/org/apache/commons/commons-pool2/2.6.0/commons-pool2-2.6.0.jar:/home/user/.m2/repository/org/bouncycastle/bcpkix-jdk15on/1.60/bcpkix-jdk15on-1.60.jar:/home/user/.m2/repository/commons-validator/commons-validator/1.6/commons-validator-1.6.jar:/home/user/.m2/repository/commons-digester/commons-digester/1.8.1/commons-digester-1.8.1.jar:/home/user/.m2/repository/io/jaegertracing/jaeger-client/0.34.0/jaeger-client-0.34.0.jar:/home/user/.m2/repository/io/jaegertracing/jaeger-thrift/0.34.0/jaeger-thrift-0.34.0.jar:/home/user/.m2/repository/org/apache/thrift/libthrift/0.12.0/libthrift-0.12.0.jar:/home/user/.m2/repository/com/squareup/okhttp3/okhttp/3.9.0/okhttp-3.9.0.jar:/home/user/.m2/repository/com/squareup/okio/okio/1.13.0/okio-1.13.0.jar:/home/user/.m2/repository/io/jaegertracing/jaeger-core/0.34.0/jaeger-core-0.34.0.jar:/home/user/.m2/repository/io/jaegertracing/jaeger-tracerresolver/0.34.0/jaeger-tracerresolver-0.34.0.jar:/home/user/.m2/repository/io/opentracing/contrib/opentracing-tracerresolver/0.1.5/opentracing-tracerresolver-0.1.5.jar:/home/user/.m2/repository/io/opentracing/opentracing-util/0.31.0/opentracing-util-0.31.0.jar:/home/user/.m2/repository/io/opentracing/opentracing-api/0.31.0/opentracing-api-0.31.0.jar:/home/user/.m2/repository/io/opentracing/opentracing-noop/0.31.0/opentracing-noop-0.31.0.jar:/home/user/.m2/repository/org/yaml/snakeyaml/1.16/snakeyaml-1.16.jar:/home/user/.m2/repository/org/apache/hadoop/hadoop-hdds-container-service/0.5.0-SNAPSHOT/hadoop-hdds-container-service-0.5.0-SNAPSHOT.jar:/home/user/.m2/repository/org/apache/hadoop/hadoop-hdds-client/0.5.0-SNAPSHOT/hadoop-hdds-client-0.5.0-SNAPSHOT.jar:/home/user/.m2/repository/org/apache/hadoop/hadoop-hdds-tools/0.5.0-SNAPSHOT/hadoop-hdds-tools-0.5.0-SNAPSHOT.jar:/home/user/.m2/repository/org/xerial/sqlite-jdbc/3.25.2/sqlite-jdbc-3.25.2.jar:/home/user/.m2/repository/org/apache/hadoop/hadoop-hdds-server-scm/0.5.0-SNAPSHOT/hadoop-hdds-server-scm-0.5.0-SNAPSHOT.jar:/home/user/.m2/repository/org/hamcrest/hamcrest-all/1.3/hamcrest-all-1.3.jar:/home/user/.m2/repository/info/picocli/picocli/3.9.6/picocli-3.9.6.jar:/home/user/.m2/repository/com/google/protobuf/protobuf-java/2.5.0/protobuf-java-2.5.0.jar:/home/user/.m2/repository/com/google/guava/guava/11.0.2/guava-11.0.2.jar:/home/user/.m2/repository/org/apache/hadoop/hadoop-ozone-client/0.5.0-SNAPSHOT/hadoop-ozone-client-0.5.0-SNAPSHOT.jar:/workdir/hadoop-ozone/ozonefs/target/classes:/home/user/.m2/repository/org/apache/httpcomponents/httpclient/4.5.2/httpclient-4.5.2.jar:/home/user/.m2/repository/org/apache/httpcomponents/httpcore/4.4.4/httpcore-4.4.4.jar:/home/user/.m2/repository/org/apache/hadoop/hadoop-hdds-server-framework/0.5.0-SNAPSHOT/hadoop-hdds-server-framework-0.5.0-SNAPSHOT.jar:/home/user/.m2/repository/org/apache/hadoop/hadoop-common/3.2.0/hadoop-common-3.2.0.jar:/home/user/.m2/repository/org/apache/hadoop/hadoop-annotations/3.2.0/hadoop-annotations-3.2.0.jar:/usr/lib/jvm/java-1.8-openjdk/jre/../lib/tools.jar:/home/user/.m2/repository/commons-cli/commons-cli/1.2/commons-cli-1.2.jar:/home/user/.m2/repository/org/apache/commons/commons-math3/3.1.1/commons-math3-3.1.1.jar:/home/user/.m2/repository/commons-codec/commons-codec/1.11/commons-codec-1.11.jar:/home/user/.m2/repository/commons-io/commons-io/2.5/commons-io-2.5.jar:/home/user/.m2/repository/commons-net/commons-net/3.6/commons-net-3.6.jar:/home/user/.m2/repository/commons-collections/commons-collections/3.2.2/commons-collections-3.2.2.jar:/home/user/.m2/repository/javax/servlet/javax.servlet-api/3.1.0/javax.servlet-api-3.1.0.jar:/home/user/.m2/repository/org/eclipse/jetty/jetty-server/9.3.25.v20180904/jetty-server-9.3.25.v20180904.jar:/home/user/.m2/repository/org/eclipse/jetty/jetty-http/9.3.25.v20180904/jetty-http-9.3.25.v20180904.jar:/home/user/.m2/repository/org/eclipse/jetty/jetty-io/9.3.25.v20180904/jetty-io-9.3.25.v20180904.jar:/home/user/.m2/repository/org/eclipse/jetty/jetty-util/9.3.25.v20180904/jetty-util-9.3.25.v20180904.jar:/home/user/.m2/repository/org/eclipse/jetty/jetty-servlet/9.3.25.v20180904/jetty-servlet-9.3.25.v20180904.jar:/home/user/.m2/repository/org/eclipse/jetty/jetty-security/9.3.25.v20180904/jetty-security-9.3.25.v20180904.jar:/home/user/.m2/repository/org/eclipse/jetty/jetty-webapp/9.3.25.v20180904/jetty-webapp-9.3.25.v20180904.jar:/home/user/.m2/repository/org/eclipse/jetty/jetty-xml/9.3.25.v20180904/jetty-xml-9.3.25.v20180904.jar:/home/user/.m2/repository/javax/servlet/jsp/jsp-api/2.1/jsp-api-2.1.jar:/home/user/.m2/repository/com/sun/jersey/jersey-core/1.19/jersey-core-1.19.jar:/home/user/.m2/repository/javax/ws/rs/jsr311-api/1.1.1/jsr311-api-1.1.1.jar:/home/user/.m2/repository/com/sun/jersey/jersey-servlet/1.19/jersey-servlet-1.19.jar:/home/user/.m2/repository/com/sun/jersey/jersey-json/1.19/jersey-json-1.19.jar:/home/user/.m2/repository/org/codehaus/jettison/jettison/1.1/jettison-1.1.jar:/home/user/.m2/repository/com/sun/xml/bind/jaxb-impl/2.3.0.1/jaxb-impl-2.3.0.1.jar:/home/user/.m2/repository/org/codehaus/jackson/jackson-core-asl/1.9.13/jackson-core-asl-1.9.13.jar:/home/user/.m2/repository/org/codehaus/jackson/jackson-mapper-asl/1.9.13/jackson-mapper-asl-1.9.13.jar:/home/user/.m2/repository/org/codehaus/jackson/jackson-jaxrs/1.9.13/jackson-jaxrs-1.9.13.jar:/home/user/.m2/repository/org/codehaus/jackson/jackson-xc/1.9.13/jackson-xc-1.9.13.jar:/home/user/.m2/repository/com/sun/jersey/jersey-server/1.19/jersey-server-1.19.jar:/home/user/.m2/repository/commons-logging/commons-logging/1.1.3/commons-logging-1.1.3.jar:/home/user/.m2/repository/log4j/log4j/1.2.17/log4j-1.2.17.jar:/home/user/.m2/repository/commons-beanutils/commons-beanutils/1.9.4/commons-beanutils-1.9.4.jar:/home/user/.m2/repository/org/apache/commons/commons-configuration2/2.1.1/commons-configuration2-2.1.1.jar:/home/user/.m2/repository/org/apache/commons/commons-lang3/3.7/commons-lang3-3.7.jar:/home/user/.m2/repository/org/apache/commons/commons-text/1.4/commons-text-1.4.jar:/home/user/.m2/repository/org/slf4j/slf4j-api/1.7.25/slf4j-api-1.7.25.jar:/home/user/.m2/repository/org/slf4j/slf4j-log4j12/1.7.25/slf4j-log4j12-1.7.25.jar:/home/user/.m2/repository/org/apache/avro/avro/1.7.7/avro-1.7.7.jar:/home/user/.m2/repository/com/thoughtworks/paranamer/paranamer/2.3/paranamer-2.3.jar:/home/user/.m2/repository/org/xerial/snappy/snappy-java/1.0.5/snappy-java-1.0.5.jar:/home/user/.m2/repository/com/google/re2j/re2j/1.1/re2j-1.1.jar:/home/user/.m2/repository/com/google/code/gson/gson/2.2.4/gson-2.2.4.jar:/home/user/.m2/repository/org/apache/hadoop/hadoop-auth/3.2.0/hadoop-auth-3.2.0.jar:/home/user/.m2/repository/com/nimbusds/nimbus-jose-jwt/4.41.1/nimbus-jose-jwt-4.41.1.jar:/home/user/.m2/repository/com/github/stephenc/jcip/jcip-annotations/1.0-1/jcip-annotations-1.0-1.jar:/home/user/.m2/repository/net/minidev/json-smart/2.3/json-smart-2.3.jar:/home/user/.m2/repository/net/minidev/accessors-smart/1.2/accessors-smart-1.2.jar:/home/user/.m2/repository/org/apache/curator/curator-framework/2.12.0/curator-framework-2.12.0.jar:/home/user/.m2/repository/com/jcraft/jsch/0.1.54/jsch-0.1.54.jar:/home/user/.m2/repository/org/apache/curator/curator-client/2.12.0/curator-client-2.12.0.jar:/home/user/.m2/repository/org/apache/curator/curator-recipes/2.12.0/curator-recipes-2.12.0.jar:/home/user/.m2/repository/com/google/code/findbugs/jsr305/3.0.0/jsr305-3.0.0.jar:/home/user/.m2/repository/org/apache/htrace/htrace-core4/4.1.0-incubating/htrace-core4-4.1.0-incubating.jar:/home/user/.m2/repository/org/apache/zookeeper/zookeeper/3.4.13/zookeeper-3.4.13.jar:/home/user/.m2/repository/jline/jline/0.9.94/jline-0.9.94.jar:/home/user/.m2/repository/org/apache/yetus/audience-annotations/0.5.0/audience-annotations-0.5.0.jar:/home/user/.m2/repository/org/apache/kerby/kerb-simplekdc/1.0.1/kerb-simplekdc-1.0.1.jar:/home/user/.m2/repository/org/apache/kerby/kerb-client/1.0.1/kerb-client-1.0.1.jar:/home/user/.m2/repository/org/apache/kerby/kerby-config/1.0.1/kerby-config-1.0.1.jar:/home/user/.m2/repository/org/apache/kerby/kerb-core/1.0.1/kerb-core-1.0.1.jar:/home/user/.m2/repository/org/apache/kerby/kerby-pkix/1.0.1/kerby-pkix-1.0.1.jar:/home/user/.m2/repository/org/apache/kerby/kerby-asn1/1.0.1/kerby-asn1-1.0.1.jar:/home/user/.m2/repository/org/apache/kerby/kerby-util/1.0.1/kerby-util-1.0.1.jar:/home/user/.m2/repository/org/apache/kerby/kerb-common/1.0.1/kerb-common-1.0.1.jar:/home/user/.m2/repository/org/apache/kerby/kerb-crypto/1.0.1/kerb-crypto-1.0.1.jar:/home/user/.m2/repository/org/apache/kerby/kerb-util/1.0.1/kerb-util-1.0.1.jar:/home/user/.m2/repository/org/apache/kerby/token-provider/1.0.1/token-provider-1.0.1.jar:/home/user/.m2/repository/org/apache/kerby/kerb-admin/1.0.1/kerb-admin-1.0.1.jar:/home/user/.m2/repository/org/apache/kerby/kerb-server/1.0.1/kerb-server-1.0.1.jar:/home/user/.m2/repository/org/apache/kerby/kerb-identity/1.0.1/kerb-identity-1.0.1.jar:/home/user/.m2/repository/org/apache/kerby/kerby-xdr/1.0.1/kerby-xdr-1.0.1.jar:/home/user/.m2/repository/com/fasterxml/jackson/core/jackson-databind/2.9.9/jackson-databind-2.9.9.jar:/home/user/.m2/repository/com/fasterxml/jackson/core/jackson-core/2.9.9/jackson-core-2.9.9.jar:/home/user/.m2/repository/org/codehaus/woodstox/stax2-api/3.1.4/stax2-api-3.1.4.jar:/home/user/.m2/repository/com/fasterxml/woodstox/woodstox-core/5.0.3/woodstox-core-5.0.3.jar:/home/user/.m2/repository/dnsjava/dnsjava/2.1.7/dnsjava-2.1.7.jar:/home/user/.m2/repository/org/apache/hadoop/hadoop-hdfs/3.2.0/hadoop-hdfs-3.2.0.jar:/home/user/.m2/repository/org/eclipse/jetty/jetty-util-ajax/9.3.25.v20180904/jetty-util-ajax-9.3.25.v20180904.jar:/home/user/.m2/repository/commons-daemon/commons-daemon/1.0.13/commons-daemon-1.0.13.jar:/home/user/.m2/repository/io/netty/netty/3.10.5.Final/netty-3.10.5.Final.jar:/home/user/.m2/repository/io/netty/netty-all/4.0.52.Final/netty-all-4.0.52.Final.jar:/home/user/.m2/repository/org/fusesource/leveldbjni/leveldbjni-all/1.8/leveldbjni-all-1.8.jar:/home/user/.m2/repository/com/sun/xml/bind/jaxb-core/2.3.0.1/jaxb-core-2.3.0.1.jar:/home/user/.m2/repository/javax/xml/bind/jaxb-api/2.3.0/jaxb-api-2.3.0.jar:/home/user/.m2/repository/javax/activation/activation/1.1.1/activation-1.1.1.jar:/home/user/.m2/repository/io/dropwizard/metrics/metrics-core/3.2.4/metrics-core-3.2.4.jar:/home/user/.m2/repository/org/openjdk/jmh/jmh-core/1.19/jmh-core-1.19.jar:/home/user/.m2/repository/net/sf/jopt-simple/jopt-simple/4.6/jopt-simple-4.6.jar:/home/user/.m2/repository/org/openjdk/jmh/jmh-generator-annprocess/1.19/jmh-generator-annprocess-1.19.jar:/home/user/.m2/repository/com/amazonaws/aws-java-sdk-s3/1.11.615/aws-java-sdk-s3-1.11.615.jar:/home/user/.m2/repository/com/amazonaws/aws-java-sdk-kms/1.11.615/aws-java-sdk-kms-1.11.615.jar:/home/user/.m2/repository/com/amazonaws/aws-java-sdk-core/1.11.615/aws-java-sdk-core-1.11.615.jar:/home/user/.m2/repository/software/amazon/ion/ion-java/1.0.2/ion-java-1.0.2.jar:/home/user/.m2/repository/com/fasterxml/jackson/dataformat/jackson-dataformat-cbor/2.9.9/jackson-dataformat-cbor-2.9.9.jar:/home/user/.m2/repository/joda-time/joda-time/2.9.9/joda-time-2.9.9.jar:/home/user/.m2/repository/com/amazonaws/jmespath-java/1.11.615/jmespath-java-1.11.615.jar:/home/user/.m2/repository/com/github/spotbugs/spotbugs/3.1.12/spotbugs-3.1.12.jar:/home/user/.m2/repository/org/ow2/asm/asm/5.0.4/asm-5.0.4.jar:/home/user/.m2/repository/org/ow2/asm/asm-analysis/7.0/asm-analysis-7.0.jar:/home/user/.m2/repository/org/ow2/asm/asm-commons/7.0/asm-commons-7.0.jar:/home/user/.m2/repository/org/ow2/asm/asm-tree/7.0/asm-tree-7.0.jar:/home/user/.m2/repository/org/ow2/asm/asm-util/7.0/asm-util-7.0.jar:/home/user/.m2/repository/org/apache/bcel/bcel/6.3/bcel-6.3.jar:/home/user/.m2/repository/net/jcip/jcip-annotations/1.0/jcip-annotations-1.0.jar:/home/user/.m2/repository/org/dom4j/dom4j/2.1.1/dom4j-2.1.1.jar:/home/user/.m2/repository/jaxen/jaxen/1.1.6/jaxen-1.1.6.jar:/home/user/.m2/repository/commons-lang/commons-lang/2.6/commons-lang-2.6.jar:/home/user/.m2/repository/com/github/spotbugs/spotbugs-annotations/3.1.12/spotbugs-annotations-3.1.12.jar:/home/user/.m2/repository/junit/junit/4.11/junit-4.11.jar:/home/user/.m2/repository/org/hamcrest/hamcrest-core/1.3/hamcrest-core-1.3.jar:/home/user/.m2/repository/org/apache/hadoop/hadoop-common/3.2.0/hadoop-common-3.2.0-tests.jar:/workdir/hadoop-ozone/integration-test/target/test-classes:/home/user/.m2/repository/org/apache/hadoop/hadoop-ozone-s3gateway/0.5.0-SNAPSHOT/hadoop-ozone-s3gateway-0.5.0-SNAPSHOT.jar:/home/user/.m2/repository/org/jboss/weld/servlet/weld-servlet/2.4.7.Final/weld-servlet-2.4.7.Final.jar:/home/user/.m2/repository/org/glassfish/jersey/containers/jersey-container-servlet-core/2.27/jersey-container-servlet-core-2.27.jar:/home/user/.m2/repository/org/glassfish/hk2/external/javax.inject/2.5.0-b42/javax.inject-2.5.0-b42.jar:/home/user/.m2/repository/org/glassfish/jersey/core/jersey-common/2.27/jersey-common-2.27.jar:/home/user/.m2/repository/org/glassfish/hk2/osgi-resource-locator/1.0.1/osgi-resource-locator-1.0.1.jar:/home/user/.m2/repository/javax/ws/rs/javax.ws.rs-api/2.1/javax.ws.rs-api-2.1.jar:/home/user/.m2/repository/org/glassfish/jersey/ext/cdi/jersey-cdi1x/2.27/jersey-cdi1x-2.27.jar:/home/user/.m2/repository/org/glassfish/jersey/inject/jersey-hk2/2.27/jersey-hk2-2.27.jar:/home/user/.m2/repository/org/glassfish/hk2/hk2-locator/2.5.0-b42/hk2-locator-2.5.0-b42.jar:/home/user/.m2/repository/org/javassist/javassist/3.22.0-CR2/javassist-3.22.0-CR2.jar:/home/user/.m2/repository/org/glassfish/hk2/hk2-api/2.5.0/hk2-api-2.5.0.jar:/home/user/.m2/repository/org/glassfish/hk2/external/jakarta.inject/2.5.0/jakarta.inject-2.5.0.jar:/home/user/.m2/repository/org/glassfish/hk2/hk2-utils/2.5.0/hk2-utils-2.5.0.jar:/home/user/.m2/repository/jakarta/annotation/jakarta.annotation-api/1.3.4/jakarta.annotation-api-1.3.4.jar:/home/user/.m2/repository/org/glassfish/hk2/external/aopalliance-repackaged/2.5.0/aopalliance-repackaged-2.5.0.jar:/home/user/.m2/repository/com/fasterxml/jackson/dataformat/jackson-dataformat-xml/2.9.0/jackson-dataformat-xml-2.9.0.jar:/home/user/.m2/repository/com/fasterxml/jackson/module/jackson-module-jaxb-annotations/2.9.9/jackson-module-jaxb-annotations-2.9.9.jar:/home/user/.m2/repository/javax/enterprise/cdi-api/1.2/cdi-api-1.2.jar:/home/user/.m2/repository/javax/el/javax.el-api/3.0.0/javax.el-api-3.0.0.jar:/home/user/.m2/repository/javax/interceptor/javax.interceptor-api/1.2/javax.interceptor-api-1.2.jar:/home/user/.m2/repository/javax/inject/javax.inject/1/javax.inject-1.jar:/home/user/.m2/repository/org/apache/hadoop/hadoop-ozone-csi/0.5.0-SNAPSHOT/hadoop-ozone-csi-0.5.0-SNAPSHOT.jar:/home/user/.m2/repository/com/google/protobuf/protobuf-java-util/3.5.1/protobuf-java-util-3.5.1.jar:/home/user/.m2/repository/io/grpc/grpc-netty/1.17.1/grpc-netty-1.17.1.jar:/home/user/.m2/repository/io/grpc/grpc-core/1.17.1/grpc-core-1.17.1.jar:/home/user/.m2/repository/io/grpc/grpc-context/1.17.1/grpc-context-1.17.1.jar:/home/user/.m2/repository/com/google/errorprone/error_prone_annotations/2.2.0/error_prone_annotations-2.2.0.jar:/home/user/.m2/repository/org/codehaus/mojo/animal-sniffer-annotations/1.17/animal-sniffer-annotations-1.17.jar:/home/user/.m2/repository/io/opencensus/opencensus-api/0.17.0/opencensus-api-0.17.0.jar:/home/user/.m2/repository/io/opencensus/opencensus-contrib-grpc-metrics/0.17.0/opencensus-contrib-grpc-metrics-0.17.0.jar:/home/user/.m2/repository/io/netty/netty-codec-http2/4.1.30.Final/netty-codec-http2-4.1.30.Final.jar:/home/user/.m2/repository/io/netty/netty-codec-http/4.1.30.Final/netty-codec-http-4.1.30.Final.jar:/home/user/.m2/repository/io/netty/netty-codec/4.1.30.Final/netty-codec-4.1.30.Final.jar:/home/user/.m2/repository/io/netty/netty-handler/4.1.30.Final/netty-handler-4.1.30.Final.jar:/home/user/.m2/repository/io/netty/netty-handler-proxy/4.1.30.Final/netty-handler-proxy-4.1.30.Final.jar:/home/user/.m2/repository/io/netty/netty-codec-socks/4.1.30.Final/netty-codec-socks-4.1.30.Final.jar:/home/user/.m2/repository/io/netty/netty-transport-native-epoll/4.1.30.Final/netty-transport-native-epoll-4.1.30.Final.jar:/home/user/.m2/repository/io/netty/netty-common/4.1.30.Final/netty-common-4.1.30.Final.jar:/home/user/.m2/repository/io/netty/netty-buffer/4.1.30.Final/netty-buffer-4.1.30.Final.jar:/home/user/.m2/repository/io/netty/netty-transport/4.1.30.Final/netty-transport-4.1.30.Final.jar:/home/user/.m2/repository/io/netty/netty-resolver/4.1.30.Final/netty-resolver-4.1.30.Final.jar:/home/user/.m2/repository/io/netty/netty-transport-native-unix-common/4.1.30.Final/netty-transport-native-unix-common-4.1.30.Final.jar:/home/user/.m2/repository/io/grpc/grpc-protobuf/1.17.1/grpc-protobuf-1.17.1.jar:/home/user/.m2/repository/com/google/api/grpc/proto-google-common-protos/1.0.0/proto-google-common-protos-1.0.0.jar:/home/user/.m2/repository/io/grpc/grpc-protobuf-lite/1.17.1/grpc-protobuf-lite-1.17.1.jar:/home/user/.m2/repository/io/grpc/grpc-stub/1.17.1/grpc-stub-1.17.1.jar:/home/user/.m2/repository/org/apache/hadoop/hadoop-ozone-recon/0.5.0-SNAPSHOT/hadoop-ozone-recon-0.5.0-SNAPSHOT.jar:/home/user/.m2/repository/org/apache/hadoop/hadoop-ozone-reconcodegen/0.5.0-SNAPSHOT/hadoop-ozone-reconcodegen-0.5.0-SNAPSHOT.jar:/home/user/.m2/repository/com/google/inject/extensions/guice-multibindings/4.0/guice-multibindings-4.0.jar:/home/user/.m2/repository/com/google/inject/guice/4.0/guice-4.0.jar:/home/user/.m2/repository/aopalliance/aopalliance/1.0/aopalliance-1.0.jar:/home/user/.m2/repository/com/google/inject/extensions/guice-servlet/4.0/guice-servlet-4.0.jar:/home/user/.m2/repository/org/glassfish/jersey/containers/jersey-container-servlet/2.27/jersey-container-servlet-2.27.jar:/home/user/.m2/repository/org/glassfish/hk2/guice-bridge/2.5.0/guice-bridge-2.5.0.jar:/home/user/.m2/repository/org/glassfish/jersey/core/jersey-server/2.27/jersey-server-2.27.jar:/home/user/.m2/repository/org/glassfish/jersey/core/jersey-client/2.27/jersey-client-2.27.jar:/home/user/.m2/repository/org/glassfish/jersey/media/jersey-media-jaxb/2.27/jersey-media-jaxb-2.27.jar:/home/user/.m2/repository/javax/validation/validation-api/1.1.0.Final/validation-api-1.1.0.Final.jar:/home/user/.m2/repository/org/glassfish/jersey/media/jersey-media-json-jackson/2.27/jersey-media-json-jackson-2.27.jar:/home/user/.m2/repository/org/glassfish/jersey/ext/jersey-entity-filtering/2.27/jersey-entity-filtering-2.27.jar:/home/user/.m2/repository/com/google/inject/extensions/guice-assistedinject/4.0/guice-assistedinject-4.0.jar:/home/user/.m2/repository/org/jooq/jooq/3.11.10/jooq-3.11.10.jar:/home/user/.m2/repository/org/jooq/jooq-meta/3.11.10/jooq-meta-3.11.10.jar:/home/user/.m2/repository/org/jooq/jooq-codegen/3.11.10/jooq-codegen-3.11.10.jar:/home/user/.m2/repository/com/jolbox/bonecp/0.8.0.RELEASE/bonecp-0.8.0.RELEASE.jar:/home/user/.m2/repository/org/springframework/spring-jdbc/5.1.3.RELEASE/spring-jdbc-5.1.3.RELEASE.jar:/home/user/.m2/repository/org/springframework/spring-beans/5.1.3.RELEASE/spring-beans-5.1.3.RELEASE.jar:/home/user/.m2/repository/org/springframework/spring-core/5.1.3.RELEASE/spring-core-5.1.3.RELEASE.jar:/home/user/.m2/repository/org/springframework/spring-jcl/5.1.3.RELEASE/spring-jcl-5.1.3.RELEASE.jar:/home/user/.m2/repository/org/springframework/spring-tx/5.1.3.RELEASE/spring-tx-5.1.3.RELEASE.jar:/home/user/.m2/repository/org/mockito/mockito-core/2.15.0/mockito-core-2.15.0.jar:/home/user/.m2/repository/net/bytebuddy/byte-buddy/1.7.9/byte-buddy-1.7.9.jar:/home/user/.m2/repository/net/bytebuddy/byte-buddy-agent/1.7.9/byte-buddy-agent-1.7.9.jar:/home/user/.m2/repository/org/objenesis/objenesis/1.0/objenesis-1.0.jar:"/>
    <property name="java.vm.vendor" value="IcedTea"/>
    <property name="sun.arch.data.model" value="64"/>
    <property name="test.build.dir" value="/workdir/hadoop-ozone/tools/target/test-dir"/>
    <property name="test.cache.data" value=""/>
    <property name="java.vendor.url" value="https://icedtea.classpath.org"/>
    <property name="user.timezone" value=""/>
    <property name="java.vm.specification.version" value="1.8"/>
    <property name="os.name" value="Linux"/>
    <property name="test.build.data" value="/workdir/hadoop-ozone/tools/target/test-dir"/>
    <property name="user.country" value="US"/>
    <property name="sun.java.launcher" value="SUN_STANDARD"/>
    <property name="sun.boot.library.path" value="/usr/lib/jvm/java-1.8-openjdk/jre/lib/amd64"/>
    <property name="sun.java.command" value="/workdir/hadoop-ozone/tools/target/surefire/surefirebooter2685160651140500247.jar /workdir/hadoop-ozone/tools/target/surefire 2019-10-09T23-33-39_388-jvmRun1 surefire8227468123463645214tmp surefire_1115156727229032773432tmp"/>
    <property name="test" value="!TestMiniChaosOzoneCluster"/>
    <property name="surefire.test.class.path" value="/workdir/hadoop-ozone/tools/target/test-classes:/workdir/hadoop-ozone/tools/target/classes:/home/user/.m2/repository/org/apache/hadoop/hadoop-ozone-ozone-manager/0.5.0-SNAPSHOT/hadoop-ozone-ozone-manager-0.5.0-SNAPSHOT.jar:/home/user/.m2/repository/org/apache/hadoop/hadoop-hdds-docs/0.5.0-SNAPSHOT/hadoop-hdds-docs-0.5.0-SNAPSHOT.jar:/home/user/.m2/repository/org/bouncycastle/bcprov-jdk15on/1.60/bcprov-jdk15on-1.60.jar:/home/user/.m2/repository/org/apache/hadoop/hadoop-ozone-common/0.5.0-SNAPSHOT/hadoop-ozone-common-0.5.0-SNAPSHOT.jar:/home/user/.m2/repository/org/apache/commons/commons-compress/1.4.1/commons-compress-1.4.1.jar:/home/user/.m2/repository/org/tukaani/xz/1.0/xz-1.0.jar:/home/user/.m2/repository/org/apache/hadoop/hadoop-hdfs-client/3.2.0/hadoop-hdfs-client-3.2.0.jar:/home/user/.m2/repository/com/fasterxml/jackson/core/jackson-annotations/2.9.9/jackson-annotations-2.9.9.jar:/home/user/.m2/repository/org/apache/hadoop/hadoop-hdds-common/0.5.0-SNAPSHOT/hadoop-hdds-common-0.5.0-SNAPSHOT.jar:/home/user/.m2/repository/org/apache/hadoop/hadoop-hdds-config/0.5.0-SNAPSHOT/hadoop-hdds-config-0.5.0-SNAPSHOT.jar:/home/user/.m2/repository/javax/annotation/javax.annotation-api/1.2/javax.annotation-api-1.2.jar:/home/user/.m2/repository/org/apache/ratis/ratis-server/0.5.0-201fc85-SNAPSHOT/ratis-server-0.5.0-201fc85-SNAPSHOT.jar:/home/user/.m2/repository/org/apache/ratis/ratis-thirdparty-misc/0.2.0/ratis-thirdparty-misc-0.2.0.jar:/home/user/.m2/repository/org/apache/ratis/ratis-proto/0.5.0-201fc85-SNAPSHOT/ratis-proto-0.5.0-201fc85-SNAPSHOT.jar:/home/user/.m2/repository/org/apache/ratis/ratis-common/0.5.0-201fc85-SNAPSHOT/ratis-common-0.5.0-201fc85-SNAPSHOT.jar:/home/user/.m2/repository/org/apache/ratis/ratis-client/0.5.0-201fc85-SNAPSHOT/ratis-client-0.5.0-201fc85-SNAPSHOT.jar:/home/user/.m2/repository/org/apache/ratis/ratis-metrics/0.5.0-201fc85-SNAPSHOT/ratis-metrics-0.5.0-201fc85-SNAPSHOT.jar:/home/user/.m2/repository/com/github/joshelser/dropwizard-metrics-hadoop-metrics2-reporter/0.1.2/dropwizard-metrics-hadoop-metrics2-reporter-0.1.2.jar:/home/user/.m2/repository/io/dropwizard/metrics/metrics-jvm/3.2.5/metrics-jvm-3.2.5.jar:/home/user/.m2/repository/io/dropwizard/metrics/metrics-ganglia/3.2.5/metrics-ganglia-3.2.5.jar:/home/user/.m2/repository/info/ganglia/gmetric4j/gmetric4j/1.0.7/gmetric4j-1.0.7.jar:/home/user/.m2/repository/org/apache/ratis/ratis-netty/0.5.0-201fc85-SNAPSHOT/ratis-netty-0.5.0-201fc85-SNAPSHOT.jar:/home/user/.m2/repository/org/apache/ratis/ratis-grpc/0.5.0-201fc85-SNAPSHOT/ratis-grpc-0.5.0-201fc85-SNAPSHOT.jar:/home/user/.m2/repository/org/rocksdb/rocksdbjni/6.0.1/rocksdbjni-6.0.1.jar:/home/user/.m2/repository/org/apache/logging/log4j/log4j-api/2.11.0/log4j-api-2.11.0.jar:/home/user/.m2/repository/org/apache/logging/log4j/log4j-core/2.11.0/log4j-core-2.11.0.jar:/home/user/.m2/repository/com/lmax/disruptor/3.4.2/disruptor-3.4.2.jar:/home/user/.m2/repository/org/apache/commons/commons-pool2/2.6.0/commons-pool2-2.6.0.jar:/home/user/.m2/repository/org/bouncycastle/bcpkix-jdk15on/1.60/bcpkix-jdk15on-1.60.jar:/home/user/.m2/repository/commons-validator/commons-validator/1.6/commons-validator-1.6.jar:/home/user/.m2/repository/commons-digester/commons-digester/1.8.1/commons-digester-1.8.1.jar:/home/user/.m2/repository/io/jaegertracing/jaeger-client/0.34.0/jaeger-client-0.34.0.jar:/home/user/.m2/repository/io/jaegertracing/jaeger-thrift/0.34.0/jaeger-thrift-0.34.0.jar:/home/user/.m2/repository/org/apache/thrift/libthrift/0.12.0/libthrift-0.12.0.jar:/home/user/.m2/repository/com/squareup/okhttp3/okhttp/3.9.0/okhttp-3.9.0.jar:/home/user/.m2/repository/com/squareup/okio/okio/1.13.0/okio-1.13.0.jar:/home/user/.m2/repository/io/jaegertracing/jaeger-core/0.34.0/jaeger-core-0.34.0.jar:/home/user/.m2/repository/io/jaegertracing/jaeger-tracerresolver/0.34.0/jaeger-tracerresolver-0.34.0.jar:/home/user/.m2/repository/io/opentracing/contrib/opentracing-tracerresolver/0.1.5/opentracing-tracerresolver-0.1.5.jar:/home/user/.m2/repository/io/opentracing/opentracing-util/0.31.0/opentracing-util-0.31.0.jar:/home/user/.m2/repository/io/opentracing/opentracing-api/0.31.0/opentracing-api-0.31.0.jar:/home/user/.m2/repository/io/opentracing/opentracing-noop/0.31.0/opentracing-noop-0.31.0.jar:/home/user/.m2/repository/org/yaml/snakeyaml/1.16/snakeyaml-1.16.jar:/home/user/.m2/repository/org/apache/hadoop/hadoop-hdds-container-service/0.5.0-SNAPSHOT/hadoop-hdds-container-service-0.5.0-SNAPSHOT.jar:/home/user/.m2/repository/org/apache/hadoop/hadoop-hdds-client/0.5.0-SNAPSHOT/hadoop-hdds-client-0.5.0-SNAPSHOT.jar:/home/user/.m2/repository/org/apache/hadoop/hadoop-hdds-tools/0.5.0-SNAPSHOT/hadoop-hdds-tools-0.5.0-SNAPSHOT.jar:/home/user/.m2/repository/org/xerial/sqlite-jdbc/3.25.2/sqlite-jdbc-3.25.2.jar:/home/user/.m2/repository/org/apache/hadoop/hadoop-hdds-server-scm/0.5.0-SNAPSHOT/hadoop-hdds-server-scm-0.5.0-SNAPSHOT.jar:/home/user/.m2/repository/org/hamcrest/hamcrest-all/1.3/hamcrest-all-1.3.jar:/home/user/.m2/repository/info/picocli/picocli/3.9.6/picocli-3.9.6.jar:/home/user/.m2/repository/com/google/protobuf/protobuf-java/2.5.0/protobuf-java-2.5.0.jar:/home/user/.m2/repository/com/google/guava/guava/11.0.2/guava-11.0.2.jar:/home/user/.m2/repository/org/apache/hadoop/hadoop-ozone-client/0.5.0-SNAPSHOT/hadoop-ozone-client-0.5.0-SNAPSHOT.jar:/workdir/hadoop-ozone/ozonefs/target/classes:/home/user/.m2/repository/org/apache/httpcomponents/httpclient/4.5.2/httpclient-4.5.2.jar:/home/user/.m2/repository/org/apache/httpcomponents/httpcore/4.4.4/httpcore-4.4.4.jar:/home/user/.m2/repository/org/apache/hadoop/hadoop-hdds-server-framework/0.5.0-SNAPSHOT/hadoop-hdds-server-framework-0.5.0-SNAPSHOT.jar:/home/user/.m2/repository/org/apache/hadoop/hadoop-common/3.2.0/hadoop-common-3.2.0.jar:/home/user/.m2/repository/org/apache/hadoop/hadoop-annotations/3.2.0/hadoop-annotations-3.2.0.jar:/usr/lib/jvm/java-1.8-openjdk/jre/../lib/tools.jar:/home/user/.m2/repository/commons-cli/commons-cli/1.2/commons-cli-1.2.jar:/home/user/.m2/repository/org/apache/commons/commons-math3/3.1.1/commons-math3-3.1.1.jar:/home/user/.m2/repository/commons-codec/commons-codec/1.11/commons-codec-1.11.jar:/home/user/.m2/repository/commons-io/commons-io/2.5/commons-io-2.5.jar:/home/user/.m2/repository/commons-net/commons-net/3.6/commons-net-3.6.jar:/home/user/.m2/repository/commons-collections/commons-collections/3.2.2/commons-collections-3.2.2.jar:/home/user/.m2/repository/javax/servlet/javax.servlet-api/3.1.0/javax.servlet-api-3.1.0.jar:/home/user/.m2/repository/org/eclipse/jetty/jetty-server/9.3.25.v20180904/jetty-server-9.3.25.v20180904.jar:/home/user/.m2/repository/org/eclipse/jetty/jetty-http/9.3.25.v20180904/jetty-http-9.3.25.v20180904.jar:/home/user/.m2/repository/org/eclipse/jetty/jetty-io/9.3.25.v20180904/jetty-io-9.3.25.v20180904.jar:/home/user/.m2/repository/org/eclipse/jetty/jetty-util/9.3.25.v20180904/jetty-util-9.3.25.v20180904.jar:/home/user/.m2/repository/org/eclipse/jetty/jetty-servlet/9.3.25.v20180904/jetty-servlet-9.3.25.v20180904.jar:/home/user/.m2/repository/org/eclipse/jetty/jetty-security/9.3.25.v20180904/jetty-security-9.3.25.v20180904.jar:/home/user/.m2/repository/org/eclipse/jetty/jetty-webapp/9.3.25.v20180904/jetty-webapp-9.3.25.v20180904.jar:/home/user/.m2/repository/org/eclipse/jetty/jetty-xml/9.3.25.v20180904/jetty-xml-9.3.25.v20180904.jar:/home/user/.m2/repository/javax/servlet/jsp/jsp-api/2.1/jsp-api-2.1.jar:/home/user/.m2/repository/com/sun/jersey/jersey-core/1.19/jersey-core-1.19.jar:/home/user/.m2/repository/javax/ws/rs/jsr311-api/1.1.1/jsr311-api-1.1.1.jar:/home/user/.m2/repository/com/sun/jersey/jersey-servlet/1.19/jersey-servlet-1.19.jar:/home/user/.m2/repository/com/sun/jersey/jersey-json/1.19/jersey-json-1.19.jar:/home/user/.m2/repository/org/codehaus/jettison/jettison/1.1/jettison-1.1.jar:/home/user/.m2/repository/com/sun/xml/bind/jaxb-impl/2.3.0.1/jaxb-impl-2.3.0.1.jar:/home/user/.m2/repository/org/codehaus/jackson/jackson-core-asl/1.9.13/jackson-core-asl-1.9.13.jar:/home/user/.m2/repository/org/codehaus/jackson/jackson-mapper-asl/1.9.13/jackson-mapper-asl-1.9.13.jar:/home/user/.m2/repository/org/codehaus/jackson/jackson-jaxrs/1.9.13/jackson-jaxrs-1.9.13.jar:/home/user/.m2/repository/org/codehaus/jackson/jackson-xc/1.9.13/jackson-xc-1.9.13.jar:/home/user/.m2/repository/com/sun/jersey/jersey-server/1.19/jersey-server-1.19.jar:/home/user/.m2/repository/commons-logging/commons-logging/1.1.3/commons-logging-1.1.3.jar:/home/user/.m2/repository/log4j/log4j/1.2.17/log4j-1.2.17.jar:/home/user/.m2/repository/commons-beanutils/commons-beanutils/1.9.4/commons-beanutils-1.9.4.jar:/home/user/.m2/repository/org/apache/commons/commons-configuration2/2.1.1/commons-configuration2-2.1.1.jar:/home/user/.m2/repository/org/apache/commons/commons-lang3/3.7/commons-lang3-3.7.jar:/home/user/.m2/repository/org/apache/commons/commons-text/1.4/commons-text-1.4.jar:/home/user/.m2/repository/org/slf4j/slf4j-api/1.7.25/slf4j-api-1.7.25.jar:/home/user/.m2/repository/org/slf4j/slf4j-log4j12/1.7.25/slf4j-log4j12-1.7.25.jar:/home/user/.m2/repository/org/apache/avro/avro/1.7.7/avro-1.7.7.jar:/home/user/.m2/repository/com/thoughtworks/paranamer/paranamer/2.3/paranamer-2.3.jar:/home/user/.m2/repository/org/xerial/snappy/snappy-java/1.0.5/snappy-java-1.0.5.jar:/home/user/.m2/repository/com/google/re2j/re2j/1.1/re2j-1.1.jar:/home/user/.m2/repository/com/google/code/gson/gson/2.2.4/gson-2.2.4.jar:/home/user/.m2/repository/org/apache/hadoop/hadoop-auth/3.2.0/hadoop-auth-3.2.0.jar:/home/user/.m2/repository/com/nimbusds/nimbus-jose-jwt/4.41.1/nimbus-jose-jwt-4.41.1.jar:/home/user/.m2/repository/com/github/stephenc/jcip/jcip-annotations/1.0-1/jcip-annotations-1.0-1.jar:/home/user/.m2/repository/net/minidev/json-smart/2.3/json-smart-2.3.jar:/home/user/.m2/repository/net/minidev/accessors-smart/1.2/accessors-smart-1.2.jar:/home/user/.m2/repository/org/apache/curator/curator-framework/2.12.0/curator-framework-2.12.0.jar:/home/user/.m2/repository/com/jcraft/jsch/0.1.54/jsch-0.1.54.jar:/home/user/.m2/repository/org/apache/curator/curator-client/2.12.0/curator-client-2.12.0.jar:/home/user/.m2/repository/org/apache/curator/curator-recipes/2.12.0/curator-recipes-2.12.0.jar:/home/user/.m2/repository/com/google/code/findbugs/jsr305/3.0.0/jsr305-3.0.0.jar:/home/user/.m2/repository/org/apache/htrace/htrace-core4/4.1.0-incubating/htrace-core4-4.1.0-incubating.jar:/home/user/.m2/repository/org/apache/zookeeper/zookeeper/3.4.13/zookeeper-3.4.13.jar:/home/user/.m2/repository/jline/jline/0.9.94/jline-0.9.94.jar:/home/user/.m2/repository/org/apache/yetus/audience-annotations/0.5.0/audience-annotations-0.5.0.jar:/home/user/.m2/repository/org/apache/kerby/kerb-simplekdc/1.0.1/kerb-simplekdc-1.0.1.jar:/home/user/.m2/repository/org/apache/kerby/kerb-client/1.0.1/kerb-client-1.0.1.jar:/home/user/.m2/repository/org/apache/kerby/kerby-config/1.0.1/kerby-config-1.0.1.jar:/home/user/.m2/repository/org/apache/kerby/kerb-core/1.0.1/kerb-core-1.0.1.jar:/home/user/.m2/repository/org/apache/kerby/kerby-pkix/1.0.1/kerby-pkix-1.0.1.jar:/home/user/.m2/repository/org/apache/kerby/kerby-asn1/1.0.1/kerby-asn1-1.0.1.jar:/home/user/.m2/repository/org/apache/kerby/kerby-util/1.0.1/kerby-util-1.0.1.jar:/home/user/.m2/repository/org/apache/kerby/kerb-common/1.0.1/kerb-common-1.0.1.jar:/home/user/.m2/repository/org/apache/kerby/kerb-crypto/1.0.1/kerb-crypto-1.0.1.jar:/home/user/.m2/repository/org/apache/kerby/kerb-util/1.0.1/kerb-util-1.0.1.jar:/home/user/.m2/repository/org/apache/kerby/token-provider/1.0.1/token-provider-1.0.1.jar:/home/user/.m2/repository/org/apache/kerby/kerb-admin/1.0.1/kerb-admin-1.0.1.jar:/home/user/.m2/repository/org/apache/kerby/kerb-server/1.0.1/kerb-server-1.0.1.jar:/home/user/.m2/repository/org/apache/kerby/kerb-identity/1.0.1/kerb-identity-1.0.1.jar:/home/user/.m2/repository/org/apache/kerby/kerby-xdr/1.0.1/kerby-xdr-1.0.1.jar:/home/user/.m2/repository/com/fasterxml/jackson/core/jackson-databind/2.9.9/jackson-databind-2.9.9.jar:/home/user/.m2/repository/com/fasterxml/jackson/core/jackson-core/2.9.9/jackson-core-2.9.9.jar:/home/user/.m2/repository/org/codehaus/woodstox/stax2-api/3.1.4/stax2-api-3.1.4.jar:/home/user/.m2/repository/com/fasterxml/woodstox/woodstox-core/5.0.3/woodstox-core-5.0.3.jar:/home/user/.m2/repository/dnsjava/dnsjava/2.1.7/dnsjava-2.1.7.jar:/home/user/.m2/repository/org/apache/hadoop/hadoop-hdfs/3.2.0/hadoop-hdfs-3.2.0.jar:/home/user/.m2/repository/org/eclipse/jetty/jetty-util-ajax/9.3.25.v20180904/jetty-util-ajax-9.3.25.v20180904.jar:/home/user/.m2/repository/commons-daemon/commons-daemon/1.0.13/commons-daemon-1.0.13.jar:/home/user/.m2/repository/io/netty/netty/3.10.5.Final/netty-3.10.5.Final.jar:/home/user/.m2/repository/io/netty/netty-all/4.0.52.Final/netty-all-4.0.52.Final.jar:/home/user/.m2/repository/org/fusesource/leveldbjni/leveldbjni-all/1.8/leveldbjni-all-1.8.jar:/home/user/.m2/repository/com/sun/xml/bind/jaxb-core/2.3.0.1/jaxb-core-2.3.0.1.jar:/home/user/.m2/repository/javax/xml/bind/jaxb-api/2.3.0/jaxb-api-2.3.0.jar:/home/user/.m2/repository/javax/activation/activation/1.1.1/activation-1.1.1.jar:/home/user/.m2/repository/io/dropwizard/metrics/metrics-core/3.2.4/metrics-core-3.2.4.jar:/home/user/.m2/repository/org/openjdk/jmh/jmh-core/1.19/jmh-core-1.19.jar:/home/user/.m2/repository/net/sf/jopt-simple/jopt-simple/4.6/jopt-simple-4.6.jar:/home/user/.m2/repository/org/openjdk/jmh/jmh-generator-annprocess/1.19/jmh-generator-annprocess-1.19.jar:/home/user/.m2/repository/com/amazonaws/aws-java-sdk-s3/1.11.615/aws-java-sdk-s3-1.11.615.jar:/home/user/.m2/repository/com/amazonaws/aws-java-sdk-kms/1.11.615/aws-java-sdk-kms-1.11.615.jar:/home/user/.m2/repository/com/amazonaws/aws-java-sdk-core/1.11.615/aws-java-sdk-core-1.11.615.jar:/home/user/.m2/repository/software/amazon/ion/ion-java/1.0.2/ion-java-1.0.2.jar:/home/user/.m2/repository/com/fasterxml/jackson/dataformat/jackson-dataformat-cbor/2.9.9/jackson-dataformat-cbor-2.9.9.jar:/home/user/.m2/repository/joda-time/joda-time/2.9.9/joda-time-2.9.9.jar:/home/user/.m2/repository/com/amazonaws/jmespath-java/1.11.615/jmespath-java-1.11.615.jar:/home/user/.m2/repository/com/github/spotbugs/spotbugs/3.1.12/spotbugs-3.1.12.jar:/home/user/.m2/repository/org/ow2/asm/asm/5.0.4/asm-5.0.4.jar:/home/user/.m2/repository/org/ow2/asm/asm-analysis/7.0/asm-analysis-7.0.jar:/home/user/.m2/repository/org/ow2/asm/asm-commons/7.0/asm-commons-7.0.jar:/home/user/.m2/repository/org/ow2/asm/asm-tree/7.0/asm-tree-7.0.jar:/home/user/.m2/repository/org/ow2/asm/asm-util/7.0/asm-util-7.0.jar:/home/user/.m2/repository/org/apache/bcel/bcel/6.3/bcel-6.3.jar:/home/user/.m2/repository/net/jcip/jcip-annotations/1.0/jcip-annotations-1.0.jar:/home/user/.m2/repository/org/dom4j/dom4j/2.1.1/dom4j-2.1.1.jar:/home/user/.m2/repository/jaxen/jaxen/1.1.6/jaxen-1.1.6.jar:/home/user/.m2/repository/commons-lang/commons-lang/2.6/commons-lang-2.6.jar:/home/user/.m2/repository/com/github/spotbugs/spotbugs-annotations/3.1.12/spotbugs-annotations-3.1.12.jar:/home/user/.m2/repository/junit/junit/4.11/junit-4.11.jar:/home/user/.m2/repository/org/hamcrest/hamcrest-core/1.3/hamcrest-core-1.3.jar:/home/user/.m2/repository/org/apache/hadoop/hadoop-common/3.2.0/hadoop-common-3.2.0-tests.jar:/workdir/hadoop-ozone/integration-test/target/test-classes:/home/user/.m2/repository/org/apache/hadoop/hadoop-ozone-s3gateway/0.5.0-SNAPSHOT/hadoop-ozone-s3gateway-0.5.0-SNAPSHOT.jar:/home/user/.m2/repository/org/jboss/weld/servlet/weld-servlet/2.4.7.Final/weld-servlet-2.4.7.Final.jar:/home/user/.m2/repository/org/glassfish/jersey/containers/jersey-container-servlet-core/2.27/jersey-container-servlet-core-2.27.jar:/home/user/.m2/repository/org/glassfish/hk2/external/javax.inject/2.5.0-b42/javax.inject-2.5.0-b42.jar:/home/user/.m2/repository/org/glassfish/jersey/core/jersey-common/2.27/jersey-common-2.27.jar:/home/user/.m2/repository/org/glassfish/hk2/osgi-resource-locator/1.0.1/osgi-resource-locator-1.0.1.jar:/home/user/.m2/repository/javax/ws/rs/javax.ws.rs-api/2.1/javax.ws.rs-api-2.1.jar:/home/user/.m2/repository/org/glassfish/jersey/ext/cdi/jersey-cdi1x/2.27/jersey-cdi1x-2.27.jar:/home/user/.m2/repository/org/glassfish/jersey/inject/jersey-hk2/2.27/jersey-hk2-2.27.jar:/home/user/.m2/repository/org/glassfish/hk2/hk2-locator/2.5.0-b42/hk2-locator-2.5.0-b42.jar:/home/user/.m2/repository/org/javassist/javassist/3.22.0-CR2/javassist-3.22.0-CR2.jar:/home/user/.m2/repository/org/glassfish/hk2/hk2-api/2.5.0/hk2-api-2.5.0.jar:/home/user/.m2/repository/org/glassfish/hk2/external/jakarta.inject/2.5.0/jakarta.inject-2.5.0.jar:/home/user/.m2/repository/org/glassfish/hk2/hk2-utils/2.5.0/hk2-utils-2.5.0.jar:/home/user/.m2/repository/jakarta/annotation/jakarta.annotation-api/1.3.4/jakarta.annotation-api-1.3.4.jar:/home/user/.m2/repository/org/glassfish/hk2/external/aopalliance-repackaged/2.5.0/aopalliance-repackaged-2.5.0.jar:/home/user/.m2/repository/com/fasterxml/jackson/dataformat/jackson-dataformat-xml/2.9.0/jackson-dataformat-xml-2.9.0.jar:/home/user/.m2/repository/com/fasterxml/jackson/module/jackson-module-jaxb-annotations/2.9.9/jackson-module-jaxb-annotations-2.9.9.jar:/home/user/.m2/repository/javax/enterprise/cdi-api/1.2/cdi-api-1.2.jar:/home/user/.m2/repository/javax/el/javax.el-api/3.0.0/javax.el-api-3.0.0.jar:/home/user/.m2/repository/javax/interceptor/javax.interceptor-api/1.2/javax.interceptor-api-1.2.jar:/home/user/.m2/repository/javax/inject/javax.inject/1/javax.inject-1.jar:/home/user/.m2/repository/org/apache/hadoop/hadoop-ozone-csi/0.5.0-SNAPSHOT/hadoop-ozone-csi-0.5.0-SNAPSHOT.jar:/home/user/.m2/repository/com/google/protobuf/protobuf-java-util/3.5.1/protobuf-java-util-3.5.1.jar:/home/user/.m2/repository/io/grpc/grpc-netty/1.17.1/grpc-netty-1.17.1.jar:/home/user/.m2/repository/io/grpc/grpc-core/1.17.1/grpc-core-1.17.1.jar:/home/user/.m2/repository/io/grpc/grpc-context/1.17.1/grpc-context-1.17.1.jar:/home/user/.m2/repository/com/google/errorprone/error_prone_annotations/2.2.0/error_prone_annotations-2.2.0.jar:/home/user/.m2/repository/org/codehaus/mojo/animal-sniffer-annotations/1.17/animal-sniffer-annotations-1.17.jar:/home/user/.m2/repository/io/opencensus/opencensus-api/0.17.0/opencensus-api-0.17.0.jar:/home/user/.m2/repository/io/opencensus/opencensus-contrib-grpc-metrics/0.17.0/opencensus-contrib-grpc-metrics-0.17.0.jar:/home/user/.m2/repository/io/netty/netty-codec-http2/4.1.30.Final/netty-codec-http2-4.1.30.Final.jar:/home/user/.m2/repository/io/netty/netty-codec-http/4.1.30.Final/netty-codec-http-4.1.30.Final.jar:/home/user/.m2/repository/io/netty/netty-codec/4.1.30.Final/netty-codec-4.1.30.Final.jar:/home/user/.m2/repository/io/netty/netty-handler/4.1.30.Final/netty-handler-4.1.30.Final.jar:/home/user/.m2/repository/io/netty/netty-handler-proxy/4.1.30.Final/netty-handler-proxy-4.1.30.Final.jar:/home/user/.m2/repository/io/netty/netty-codec-socks/4.1.30.Final/netty-codec-socks-4.1.30.Final.jar:/home/user/.m2/repository/io/netty/netty-transport-native-epoll/4.1.30.Final/netty-transport-native-epoll-4.1.30.Final.jar:/home/user/.m2/repository/io/netty/netty-common/4.1.30.Final/netty-common-4.1.30.Final.jar:/home/user/.m2/repository/io/netty/netty-buffer/4.1.30.Final/netty-buffer-4.1.30.Final.jar:/home/user/.m2/repository/io/netty/netty-transport/4.1.30.Final/netty-transport-4.1.30.Final.jar:/home/user/.m2/repository/io/netty/netty-resolver/4.1.30.Final/netty-resolver-4.1.30.Final.jar:/home/user/.m2/repository/io/netty/netty-transport-native-unix-common/4.1.30.Final/netty-transport-native-unix-common-4.1.30.Final.jar:/home/user/.m2/repository/io/grpc/grpc-protobuf/1.17.1/grpc-protobuf-1.17.1.jar:/home/user/.m2/repository/com/google/api/grpc/proto-google-common-protos/1.0.0/proto-google-common-protos-1.0.0.jar:/home/user/.m2/repository/io/grpc/grpc-protobuf-lite/1.17.1/grpc-protobuf-lite-1.17.1.jar:/home/user/.m2/repository/io/grpc/grpc-stub/1.17.1/grpc-stub-1.17.1.jar:/home/user/.m2/repository/org/apache/hadoop/hadoop-ozone-recon/0.5.0-SNAPSHOT/hadoop-ozone-recon-0.5.0-SNAPSHOT.jar:/home/user/.m2/repository/org/apache/hadoop/hadoop-ozone-reconcodegen/0.5.0-SNAPSHOT/hadoop-ozone-reconcodegen-0.5.0-SNAPSHOT.jar:/home/user/.m2/repository/com/google/inject/extensions/guice-multibindings/4.0/guice-multibindings-4.0.jar:/home/user/.m2/repository/com/google/inject/guice/4.0/guice-4.0.jar:/home/user/.m2/repository/aopalliance/aopalliance/1.0/aopalliance-1.0.jar:/home/user/.m2/repository/com/google/inject/extensions/guice-servlet/4.0/guice-servlet-4.0.jar:/home/user/.m2/repository/org/glassfish/jersey/containers/jersey-container-servlet/2.27/jersey-container-servlet-2.27.jar:/home/user/.m2/repository/org/glassfish/hk2/guice-bridge/2.5.0/guice-bridge-2.5.0.jar:/home/user/.m2/repository/org/glassfish/jersey/core/jersey-server/2.27/jersey-server-2.27.jar:/home/user/.m2/repository/org/glassfish/jersey/core/jersey-client/2.27/jersey-client-2.27.jar:/home/user/.m2/repository/org/glassfish/jersey/media/jersey-media-jaxb/2.27/jersey-media-jaxb-2.27.jar:/home/user/.m2/repository/javax/validation/validation-api/1.1.0.Final/validation-api-1.1.0.Final.jar:/home/user/.m2/repository/org/glassfish/jersey/media/jersey-media-json-jackson/2.27/jersey-media-json-jackson-2.27.jar:/home/user/.m2/repository/org/glassfish/jersey/ext/jersey-entity-filtering/2.27/jersey-entity-filtering-2.27.jar:/home/user/.m2/repository/com/google/inject/extensions/guice-assistedinject/4.0/guice-assistedinject-4.0.jar:/home/user/.m2/repository/org/jooq/jooq/3.11.10/jooq-3.11.10.jar:/home/user/.m2/repository/org/jooq/jooq-meta/3.11.10/jooq-meta-3.11.10.jar:/home/user/.m2/repository/org/jooq/jooq-codegen/3.11.10/jooq-codegen-3.11.10.jar:/home/user/.m2/repository/com/jolbox/bonecp/0.8.0.RELEASE/bonecp-0.8.0.RELEASE.jar:/home/user/.m2/repository/org/springframework/spring-jdbc/5.1.3.RELEASE/spring-jdbc-5.1.3.RELEASE.jar:/home/user/.m2/repository/org/springframework/spring-beans/5.1.3.RELEASE/spring-beans-5.1.3.RELEASE.jar:/home/user/.m2/repository/org/springframework/spring-core/5.1.3.RELEASE/spring-core-5.1.3.RELEASE.jar:/home/user/.m2/repository/org/springframework/spring-jcl/5.1.3.RELEASE/spring-jcl-5.1.3.RELEASE.jar:/home/user/.m2/repository/org/springframework/spring-tx/5.1.3.RELEASE/spring-tx-5.1.3.RELEASE.jar:/home/user/.m2/repository/org/mockito/mockito-core/2.15.0/mockito-core-2.15.0.jar:/home/user/.m2/repository/net/bytebuddy/byte-buddy/1.7.9/byte-buddy-1.7.9.jar:/home/user/.m2/repository/net/bytebuddy/byte-buddy-agent/1.7.9/byte-buddy-agent-1.7.9.jar:/home/user/.m2/repository/org/objenesis/objenesis/1.0/objenesis-1.0.jar:"/>
    <property name="sun.cpu.endian" value="little"/>
    <property name="user.home" value="/home/user"/>
    <property name="user.language" value="en"/>
    <property name="java.specification.vendor" value="Oracle Corporation"/>
    <property name="java.home" value="/usr/lib/jvm/java-1.8-openjdk/jre"/>
    <property name="java.security.krb5.conf" value="/workdir/hadoop-ozone/tools/target/test-classes/krb5.conf"/>
    <property name="basedir" value="/workdir/hadoop-ozone/tools"/>
    <property name="file.separator" value="/"/>
    <property name="line.separator" value="&#10;"/>
    <property name="java.vm.specification.vendor" value="Oracle Corporation"/>
    <property name="java.specification.name" value="Java Platform API Specification"/>
    <property name="java.awt.graphicsenv" value="sun.awt.X11GraphicsEnvironment"/>
    <property name="surefire.real.class.path" value="/workdir/hadoop-ozone/tools/target/surefire/surefirebooter2685160651140500247.jar"/>
    <property name="hadoop.log.dir" value="/workdir/hadoop-ozone/tools/target/log"/>
    <property name="sun.boot.class.path" value="/usr/lib/jvm/java-1.8-openjdk/jre/lib/resources.jar:/usr/lib/jvm/java-1.8-openjdk/jre/lib/rt.jar:/usr/lib/jvm/java-1.8-openjdk/jre/lib/sunrsasign.jar:/usr/lib/jvm/java-1.8-openjdk/jre/lib/jsse.jar:/usr/lib/jvm/java-1.8-openjdk/jre/lib/jce.jar:/usr/lib/jvm/java-1.8-openjdk/jre/lib/charsets.jar:/usr/lib/jvm/java-1.8-openjdk/jre/lib/jfr.jar:/usr/lib/jvm/java-1.8-openjdk/jre/classes"/>
    <property name="sun.management.compiler" value="HotSpot 64-Bit Tiered Compilers"/>
    <property name="java.runtime.version" value="1.8.0_212-b04"/>
    <property name="java.net.preferIPv4Stack" value="true"/>
    <property name="user.name" value="jenkins1000"/>
    <property name="path.separator" value=":"/>
    <property name="java.security.egd" value="file:///dev/urandom"/>
    <property name="os.version" value="3.10.0-957.12.2.el7.x86_64"/>
    <property name="java.endorsed.dirs" value="/usr/lib/jvm/java-1.8-openjdk/jre/lib/endorsed"/>
    <property name="java.runtime.name" value="OpenJDK Runtime Environment"/>
    <property name="file.encoding" value="UTF-8"/>
    <property name="java.vm.name" value="OpenJDK 64-Bit Server VM"/>
    <property name="test.build.webapps" value=""/>
    <property name="localRepository" value="/home/user/.m2/repository"/>
    <property name="java.vendor.url.bug" value="https://icedtea.classpath.org/bugzilla"/>
    <property name="java.io.tmpdir" value="/tmp"/>
    <property name="require.test.libhadoop" value=""/>
    <property name="java.version" value="1.8.0_212"/>
    <property name="user.dir" value="/workdir/hadoop-ozone/tools"/>
    <property name="os.arch" value="amd64"/>
    <property name="java.vm.specification.name" value="Java Virtual Machine Specification"/>
    <property name="test.build.classes" value="/workdir/hadoop-ozone/tools/target/test-classes"/>
    <property name="java.awt.printerjob" value="sun.print.PSPrinterJob"/>
    <property name="sun.os.patch.level" value="unknown"/>
    <property name="hadoop.tmp.dir" value="/workdir/hadoop-ozone/tools/target/tmp"/>
    <property name="java.library.path" value="/usr/lib/jvm/java-1.8-openjdk/jre/lib/amd64/server:/usr/lib/jvm/java-1.8-openjdk/jre/lib/amd64:/usr/lib/jvm/java-1.8-openjdk/jre/../lib/amd64:/workdir/hadoop-ozone/tools/target/native/target/usr/local/lib:/workdir/hadoop-ozone/tools/../../hadoop-common-project/hadoop-common/target/native/target/usr/local/lib:/usr/java/packages/lib/amd64:/usr/lib64:/lib64:/lib:/usr/lib"/>
    <property name="java.vm.info" value="mixed mode"/>
    <property name="java.vendor" value="IcedTea"/>
    <property name="java.vm.version" value="25.212-b04"/>
    <property name="java.ext.dirs" value="/usr/lib/jvm/java-1.8-openjdk/jre/lib/ext:/usr/java/packages/lib/ext"/>
    <property name="sun.io.unicode.encoding" value="UnicodeLittle"/>
    <property name="java.class.version" value="52.0"/>
  </properties>
  <testcase name="validateWriteTest" classname="org.apache.hadoop.ozone.freon.TestDataValidateWithDummyContainers" time="0.003"/>
  <testcase name="ratisTestLargeKey" classname="org.apache.hadoop.ozone.freon.TestDataValidateWithDummyContainers" time="711.101">
    <error message="Allocated 0 blocks. Requested 1 blocks" type="INTERNAL_ERROR org.apache.hadoop.ozone.om.exceptions.OMException">INTERNAL_ERROR org.apache.hadoop.ozone.om.exceptions.OMException: Allocated 0 blocks. Requested 1 blocks
	at org.apache.hadoop.ozone.om.protocolPB.OzoneManagerProtocolClientSideTranslatorPB.handleError(OzoneManagerProtocolClientSideTranslatorPB.java:732)
	at org.apache.hadoop.ozone.om.protocolPB.OzoneManagerProtocolClientSideTranslatorPB.allocateBlock(OzoneManagerProtocolClientSideTranslatorPB.java:764)
	at sun.reflect.NativeMethodAccessorImpl.invoke0(Native Method)
	at sun.reflect.NativeMethodAccessorImpl.invoke(NativeMethodAccessorImpl.java:62)
	at sun.reflect.DelegatingMethodAccessorImpl.invoke(DelegatingMethodAccessorImpl.java:43)
	at java.lang.reflect.Method.invoke(Method.java:498)
	at org.apache.hadoop.hdds.tracing.TraceAllMethod.invoke(TraceAllMethod.java:66)
	at com.sun.proxy.$Proxy37.allocateBlock(Unknown Source)
	at org.apache.hadoop.ozone.client.io.BlockOutputStreamEntryPool.allocateNewBlock(BlockOutputStreamEntryPool.java:256)
	at org.apache.hadoop.ozone.client.io.BlockOutputStreamEntryPool.allocateBlockIfNeeded(BlockOutputStreamEntryPool.java:304)
	at org.apache.hadoop.ozone.client.io.KeyOutputStream.handleWrite(KeyOutputStream.java:198)
	at org.apache.hadoop.ozone.client.io.KeyOutputStream.handleRetry(KeyOutputStream.java:375)
	at org.apache.hadoop.ozone.client.io.KeyOutputStream.handleException(KeyOutputStream.java:324)
	at org.apache.hadoop.ozone.client.io.KeyOutputStream.handleWrite(KeyOutputStream.java:228)
	at org.apache.hadoop.ozone.client.io.KeyOutputStream.handleRetry(KeyOutputStream.java:375)
	at org.apache.hadoop.ozone.client.io.KeyOutputStream.handleException(KeyOutputStream.java:324)
	at org.apache.hadoop.ozone.client.io.KeyOutputStream.handleWrite(KeyOutputStream.java:228)
	at org.apache.hadoop.ozone.client.io.KeyOutputStream.handleRetry(KeyOutputStream.java:375)
	at org.apache.hadoop.ozone.client.io.KeyOutputStream.handleException(KeyOutputStream.java:324)
	at org.apache.hadoop.ozone.client.io.KeyOutputStream.handleWrite(KeyOutputStream.java:228)
	at org.apache.hadoop.ozone.client.io.KeyOutputStream.handleRetry(KeyOutputStream.java:375)
	at org.apache.hadoop.ozone.client.io.KeyOutputStream.handleException(KeyOutputStream.java:324)
	at org.apache.hadoop.ozone.client.io.KeyOutputStream.handleWrite(KeyOutputStream.java:228)
	at org.apache.hadoop.ozone.client.io.KeyOutputStream.handleRetry(KeyOutputStream.java:375)
	at org.apache.hadoop.ozone.client.io.KeyOutputStream.handleException(KeyOutputStream.java:324)
	at org.apache.hadoop.ozone.client.io.KeyOutputStream.handleWrite(KeyOutputStream.java:228)
	at org.apache.hadoop.ozone.client.io.KeyOutputStream.handleRetry(KeyOutputStream.java:375)
	at org.apache.hadoop.ozone.client.io.KeyOutputStream.handleException(KeyOutputStream.java:324)
	at org.apache.hadoop.ozone.client.io.KeyOutputStream.handleWrite(KeyOutputStream.java:228)
	at org.apache.hadoop.ozone.client.io.KeyOutputStream.handleRetry(KeyOutputStream.java:375)
	at org.apache.hadoop.ozone.client.io.KeyOutputStream.handleException(KeyOutputStream.java:324)
	at org.apache.hadoop.ozone.client.io.KeyOutputStream.handleWrite(KeyOutputStream.java:228)
	at org.apache.hadoop.ozone.client.io.KeyOutputStream.handleRetry(KeyOutputStream.java:375)
	at org.apache.hadoop.ozone.client.io.KeyOutputStream.handleException(KeyOutputStream.java:324)
	at org.apache.hadoop.ozone.client.io.KeyOutputStream.handleWrite(KeyOutputStream.java:228)
	at org.apache.hadoop.ozone.client.io.KeyOutputStream.handleRetry(KeyOutputStream.java:375)
	at org.apache.hadoop.ozone.client.io.KeyOutputStream.handleException(KeyOutputStream.java:324)
	at org.apache.hadoop.ozone.client.io.KeyOutputStream.handleWrite(KeyOutputStream.java:228)
	at org.apache.hadoop.ozone.client.io.KeyOutputStream.handleRetry(KeyOutputStream.java:375)
	at org.apache.hadoop.ozone.client.io.KeyOutputStream.handleException(KeyOutputStream.java:324)
	at org.apache.hadoop.ozone.client.io.KeyOutputStream.handleWrite(KeyOutputStream.java:228)
	at org.apache.hadoop.ozone.client.io.KeyOutputStream.write(KeyOutputStream.java:190)
	at org.apache.hadoop.ozone.client.io.OzoneOutputStream.write(OzoneOutputStream.java:49)
	at org.apache.hadoop.ozone.freon.RandomKeyGenerator.createKey(RandomKeyGenerator.java:708)
	at org.apache.hadoop.ozone.freon.RandomKeyGenerator.access$1100(RandomKeyGenerator.java:88)
	at org.apache.hadoop.ozone.freon.RandomKeyGenerator$ObjectCreator.run(RandomKeyGenerator.java:615)
	at java.util.concurrent.Executors$RunnableAdapter.call(Executors.java:511)
	at java.util.concurrent.FutureTask.run(FutureTask.java:266)
	at java.util.concurrent.ThreadPoolExecutor.runWorker(ThreadPoolExecutor.java:1149)
	at java.util.concurrent.ThreadPoolExecutor$Worker.run(ThreadPoolExecutor.java:624)
	at java.lang.Thread.run(Thread.java:748)
</error>
    <system-out><![CDATA[2019-10-10 01:15:53,870 [grpc-default-executor-1] INFO  impl.RaftServerProxy (RaftServerProxy.java:addNew(89)) - 4b92f2f8-e489-47a4-a90a-1d3fa2a9a07f: addNew group-75155D17A0F1:[4b92f2f8-e489-47a4-a90a-1d3fa2a9a07f:192.168.151.118:35849, 993817e1-c77a-472e-865f-a6e34ffe7967:192.168.151.118:41261, fe8e0d95-22db-4b8a-875e-83bee4d716fb:192.168.151.118:34352] returns group-75155D17A0F1:java.util.concurrent.CompletableFuture@8b152b1[Not completed]
2019-10-10 01:15:53,873 [grpc-default-executor-1] INFO  impl.RaftServerProxy (RaftServerProxy.java:addNew(89)) - 993817e1-c77a-472e-865f-a6e34ffe7967: addNew group-75155D17A0F1:[4b92f2f8-e489-47a4-a90a-1d3fa2a9a07f:192.168.151.118:35849, 993817e1-c77a-472e-865f-a6e34ffe7967:192.168.151.118:41261, fe8e0d95-22db-4b8a-875e-83bee4d716fb:192.168.151.118:34352] returns group-75155D17A0F1:java.util.concurrent.CompletableFuture@4db3cdc3[Not completed]
2019-10-10 01:15:53,881 [grpc-default-executor-1] INFO  impl.RaftServerProxy (RaftServerProxy.java:addNew(89)) - fe8e0d95-22db-4b8a-875e-83bee4d716fb: addNew group-75155D17A0F1:[4b92f2f8-e489-47a4-a90a-1d3fa2a9a07f:192.168.151.118:35849, 993817e1-c77a-472e-865f-a6e34ffe7967:192.168.151.118:41261, fe8e0d95-22db-4b8a-875e-83bee4d716fb:192.168.151.118:34352] returns group-75155D17A0F1:java.util.concurrent.CompletableFuture@67f6285[Not completed]
2019-10-10 01:15:53,881 [pool-67-thread-1] INFO  impl.RaftServerImpl (RaftServerImpl.java:<init>(95)) - 4b92f2f8-e489-47a4-a90a-1d3fa2a9a07f: new RaftServerImpl for group-75155D17A0F1:[4b92f2f8-e489-47a4-a90a-1d3fa2a9a07f:192.168.151.118:35849, 993817e1-c77a-472e-865f-a6e34ffe7967:192.168.151.118:41261, fe8e0d95-22db-4b8a-875e-83bee4d716fb:192.168.151.118:34352] with ContainerStateMachine:uninitialized
2019-10-10 01:15:53,882 [pool-67-thread-1] INFO  server.RaftServerConfigKeys (ConfUtils.java:logGet(43)) - raft.server.rpc.timeout.min = 5s (custom)
2019-10-10 01:15:53,882 [main] INFO  freon.RandomKeyGenerator (RandomKeyGenerator.java:call(258)) - Override validateWrites to false, because hdds.container.chunk.persistdata is set to false.
2019-10-10 01:15:53,882 [pool-67-thread-1] INFO  server.RaftServerConfigKeys (ConfUtils.java:logGet(43)) - raft.server.rpc.timeout.max = 5200ms (custom)
2019-10-10 01:15:53,882 [pool-27-thread-1] INFO  impl.RaftServerImpl (RaftServerImpl.java:<init>(95)) - 993817e1-c77a-472e-865f-a6e34ffe7967: new RaftServerImpl for group-75155D17A0F1:[4b92f2f8-e489-47a4-a90a-1d3fa2a9a07f:192.168.151.118:35849, 993817e1-c77a-472e-865f-a6e34ffe7967:192.168.151.118:41261, fe8e0d95-22db-4b8a-875e-83bee4d716fb:192.168.151.118:34352] with ContainerStateMachine:uninitialized
2019-10-10 01:15:53,882 [pool-67-thread-1] INFO  server.RaftServerConfigKeys (ConfUtils.java:logGet(43)) - raft.server.rpcslowness.timeout = 120s (custom)
2019-10-10 01:15:53,883 [pool-27-thread-1] INFO  server.RaftServerConfigKeys (ConfUtils.java:logGet(43)) - raft.server.rpc.timeout.min = 5s (custom)
2019-10-10 01:15:53,883 [pool-67-thread-1] INFO  server.RaftServerConfigKeys (ConfUtils.java:logGet(43)) - raft.server.sleep.deviation.threshold = 300 (default)
2019-10-10 01:15:53,883 [pool-27-thread-1] INFO  server.RaftServerConfigKeys (ConfUtils.java:logGet(43)) - raft.server.rpc.timeout.max = 5200ms (custom)
2019-10-10 01:15:53,883 [pool-67-thread-1] INFO  server.RaftServerConfigKeys (ConfUtils.java:logGet(43)) - raft.server.log.appender.install.snapshot.enabled = false (custom)
2019-10-10 01:15:53,883 [pool-27-thread-1] INFO  server.RaftServerConfigKeys (ConfUtils.java:logGet(43)) - raft.server.rpcslowness.timeout = 120s (custom)
2019-10-10 01:15:53,884 [pool-67-thread-1] INFO  impl.RaftServerImpl (ServerState.java:<init>(103)) - 4b92f2f8-e489-47a4-a90a-1d3fa2a9a07f@group-75155D17A0F1: ConfigurationManager, init=-1: [4b92f2f8-e489-47a4-a90a-1d3fa2a9a07f:192.168.151.118:35849, 993817e1-c77a-472e-865f-a6e34ffe7967:192.168.151.118:41261, fe8e0d95-22db-4b8a-875e-83bee4d716fb:192.168.151.118:34352], old=null, confs=<EMPTY_MAP>
2019-10-10 01:15:53,884 [pool-47-thread-1] INFO  impl.RaftServerImpl (RaftServerImpl.java:<init>(95)) - fe8e0d95-22db-4b8a-875e-83bee4d716fb: new RaftServerImpl for group-75155D17A0F1:[4b92f2f8-e489-47a4-a90a-1d3fa2a9a07f:192.168.151.118:35849, 993817e1-c77a-472e-865f-a6e34ffe7967:192.168.151.118:41261, fe8e0d95-22db-4b8a-875e-83bee4d716fb:192.168.151.118:34352] with ContainerStateMachine:uninitialized
2019-10-10 01:15:53,884 [pool-27-thread-1] INFO  server.RaftServerConfigKeys (ConfUtils.java:logGet(43)) - raft.server.sleep.deviation.threshold = 300 (default)
2019-10-10 01:15:53,884 [pool-47-thread-1] INFO  server.RaftServerConfigKeys (ConfUtils.java:logGet(43)) - raft.server.rpc.timeout.min = 5s (custom)
2019-10-10 01:15:53,884 [pool-47-thread-1] INFO  server.RaftServerConfigKeys (ConfUtils.java:logGet(43)) - raft.server.rpc.timeout.max = 5200ms (custom)
2019-10-10 01:15:53,885 [pool-47-thread-1] INFO  server.RaftServerConfigKeys (ConfUtils.java:logGet(43)) - raft.server.rpcslowness.timeout = 120s (custom)
2019-10-10 01:15:53,885 [pool-47-thread-1] INFO  server.RaftServerConfigKeys (ConfUtils.java:logGet(43)) - raft.server.sleep.deviation.threshold = 300 (default)
2019-10-10 01:15:53,885 [pool-47-thread-1] INFO  server.RaftServerConfigKeys (ConfUtils.java:logGet(43)) - raft.server.log.appender.install.snapshot.enabled = false (custom)
2019-10-10 01:15:53,885 [pool-47-thread-1] INFO  impl.RaftServerImpl (ServerState.java:<init>(103)) - fe8e0d95-22db-4b8a-875e-83bee4d716fb@group-75155D17A0F1: ConfigurationManager, init=-1: [4b92f2f8-e489-47a4-a90a-1d3fa2a9a07f:192.168.151.118:35849, 993817e1-c77a-472e-865f-a6e34ffe7967:192.168.151.118:41261, fe8e0d95-22db-4b8a-875e-83bee4d716fb:192.168.151.118:34352], old=null, confs=<EMPTY_MAP>
2019-10-10 01:15:53,886 [pool-47-thread-1] INFO  server.RaftServerConfigKeys (ConfUtils.java:logGet(43)) - raft.server.storage.dir = [/workdir/hadoop-ozone/tools/target/test-dir/MiniOzoneClusterImpl-1e8b0e80-279c-49c4-ae13-42ed318b6149/datanode-2/data/ratis] (custom)
2019-10-10 01:15:53,886 [pool-47-thread-1] INFO  server.RaftServerConfigKeys (ConfUtils.java:logGet(43)) - raft.server.log.corruption.policy = EXCEPTION (default)
2019-10-10 01:15:53,886 [pool-47-thread-1] INFO  storage.RaftStorageDirectory (RaftStorageDirectory.java:analyzeStorage(246)) - The storage directory /workdir/hadoop-ozone/tools/target/test-dir/MiniOzoneClusterImpl-1e8b0e80-279c-49c4-ae13-42ed318b6149/datanode-2/data/ratis/180ca14c-1abb-4db4-aafd-75155d17a0f1 does not exist. Creating ...
2019-10-10 01:15:53,884 [pool-67-thread-1] INFO  server.RaftServerConfigKeys (ConfUtils.java:logGet(43)) - raft.server.storage.dir = [/workdir/hadoop-ozone/tools/target/test-dir/MiniOzoneClusterImpl-1e8b0e80-279c-49c4-ae13-42ed318b6149/datanode-4/data/ratis] (custom)
2019-10-10 01:15:53,884 [pool-27-thread-1] INFO  server.RaftServerConfigKeys (ConfUtils.java:logGet(43)) - raft.server.log.appender.install.snapshot.enabled = false (custom)
2019-10-10 01:15:53,888 [pool-67-thread-1] INFO  server.RaftServerConfigKeys (ConfUtils.java:logGet(43)) - raft.server.log.corruption.policy = EXCEPTION (default)
2019-10-10 01:15:53,888 [pool-27-thread-1] INFO  impl.RaftServerImpl (ServerState.java:<init>(103)) - 993817e1-c77a-472e-865f-a6e34ffe7967@group-75155D17A0F1: ConfigurationManager, init=-1: [4b92f2f8-e489-47a4-a90a-1d3fa2a9a07f:192.168.151.118:35849, 993817e1-c77a-472e-865f-a6e34ffe7967:192.168.151.118:41261, fe8e0d95-22db-4b8a-875e-83bee4d716fb:192.168.151.118:34352], old=null, confs=<EMPTY_MAP>
2019-10-10 01:15:53,889 [pool-67-thread-1] INFO  storage.RaftStorageDirectory (RaftStorageDirectory.java:analyzeStorage(246)) - The storage directory /workdir/hadoop-ozone/tools/target/test-dir/MiniOzoneClusterImpl-1e8b0e80-279c-49c4-ae13-42ed318b6149/datanode-4/data/ratis/180ca14c-1abb-4db4-aafd-75155d17a0f1 does not exist. Creating ...
2019-10-10 01:15:53,889 [pool-27-thread-1] INFO  server.RaftServerConfigKeys (ConfUtils.java:logGet(43)) - raft.server.storage.dir = [/workdir/hadoop-ozone/tools/target/test-dir/MiniOzoneClusterImpl-1e8b0e80-279c-49c4-ae13-42ed318b6149/datanode-0/data/ratis] (custom)
2019-10-10 01:15:53,889 [pool-27-thread-1] INFO  server.RaftServerConfigKeys (ConfUtils.java:logGet(43)) - raft.server.log.corruption.policy = EXCEPTION (default)
2019-10-10 01:15:53,889 [pool-27-thread-1] INFO  storage.RaftStorageDirectory (RaftStorageDirectory.java:analyzeStorage(246)) - The storage directory /workdir/hadoop-ozone/tools/target/test-dir/MiniOzoneClusterImpl-1e8b0e80-279c-49c4-ae13-42ed318b6149/datanode-0/data/ratis/180ca14c-1abb-4db4-aafd-75155d17a0f1 does not exist. Creating ...
2019-10-10 01:15:53,900 [pool-27-thread-1] INFO  storage.RaftStorageDirectory (RaftStorageDirectory.java:tryLock(328)) - Lock on /workdir/hadoop-ozone/tools/target/test-dir/MiniOzoneClusterImpl-1e8b0e80-279c-49c4-ae13-42ed318b6149/datanode-0/data/ratis/180ca14c-1abb-4db4-aafd-75155d17a0f1/in_use.lock acquired by nodename 12932@pr-hdds-2194-jqrdw-3579824535
2019-10-10 01:15:53,900 [pool-67-thread-1] INFO  storage.RaftStorageDirectory (RaftStorageDirectory.java:tryLock(328)) - Lock on /workdir/hadoop-ozone/tools/target/test-dir/MiniOzoneClusterImpl-1e8b0e80-279c-49c4-ae13-42ed318b6149/datanode-4/data/ratis/180ca14c-1abb-4db4-aafd-75155d17a0f1/in_use.lock acquired by nodename 12932@pr-hdds-2194-jqrdw-3579824535
2019-10-10 01:15:53,900 [pool-47-thread-1] INFO  storage.RaftStorageDirectory (RaftStorageDirectory.java:tryLock(328)) - Lock on /workdir/hadoop-ozone/tools/target/test-dir/MiniOzoneClusterImpl-1e8b0e80-279c-49c4-ae13-42ed318b6149/datanode-2/data/ratis/180ca14c-1abb-4db4-aafd-75155d17a0f1/in_use.lock acquired by nodename 12932@pr-hdds-2194-jqrdw-3579824535
2019-10-10 01:15:53,914 [pool-27-thread-1] INFO  storage.RaftStorage (RaftStorage.java:format(84)) - Storage directory /workdir/hadoop-ozone/tools/target/test-dir/MiniOzoneClusterImpl-1e8b0e80-279c-49c4-ae13-42ed318b6149/datanode-0/data/ratis/180ca14c-1abb-4db4-aafd-75155d17a0f1 has been successfully formatted.
2019-10-10 01:15:53,914 [pool-47-thread-1] INFO  storage.RaftStorage (RaftStorage.java:format(84)) - Storage directory /workdir/hadoop-ozone/tools/target/test-dir/MiniOzoneClusterImpl-1e8b0e80-279c-49c4-ae13-42ed318b6149/datanode-2/data/ratis/180ca14c-1abb-4db4-aafd-75155d17a0f1 has been successfully formatted.
2019-10-10 01:15:53,914 [pool-27-thread-1] INFO  ratis.ContainerStateMachine (ContainerStateMachine.java:loadSnapshot(231)) - group-75155D17A0F1: The snapshot info is null. Setting the last applied indexto:(t:0, i:~)
2019-10-10 01:15:53,914 [pool-67-thread-1] INFO  storage.RaftStorage (RaftStorage.java:format(84)) - Storage directory /workdir/hadoop-ozone/tools/target/test-dir/MiniOzoneClusterImpl-1e8b0e80-279c-49c4-ae13-42ed318b6149/datanode-4/data/ratis/180ca14c-1abb-4db4-aafd-75155d17a0f1 has been successfully formatted.
2019-10-10 01:15:53,915 [pool-47-thread-1] INFO  ratis.ContainerStateMachine (ContainerStateMachine.java:loadSnapshot(231)) - group-75155D17A0F1: The snapshot info is null. Setting the last applied indexto:(t:0, i:~)
2019-10-10 01:15:53,914 [pool-27-thread-1] INFO  server.RaftServerConfigKeys (ConfUtils.java:logGet(43)) - raft.server.notification.no-leader.timeout = 120s (custom)
2019-10-10 01:15:53,915 [pool-67-thread-1] INFO  ratis.ContainerStateMachine (ContainerStateMachine.java:loadSnapshot(231)) - group-75155D17A0F1: The snapshot info is null. Setting the last applied indexto:(t:0, i:~)
2019-10-10 01:15:53,915 [pool-27-thread-1] INFO  server.RaftServerConfigKeys (ConfUtils.java:logGet(43)) - raft.server.log.use.memory = false (default)
2019-10-10 01:15:53,915 [pool-47-thread-1] INFO  server.RaftServerConfigKeys (ConfUtils.java:logGet(43)) - raft.server.notification.no-leader.timeout = 120s (custom)
2019-10-10 01:15:53,915 [pool-27-thread-1] INFO  server.RaftServerConfigKeys (ConfUtils.java:logGet(43)) - raft.server.log.purge.gap = 1000000 (custom)
2019-10-10 01:15:53,915 [pool-67-thread-1] INFO  server.RaftServerConfigKeys (ConfUtils.java:logGet(43)) - raft.server.notification.no-leader.timeout = 120s (custom)
2019-10-10 01:15:53,915 [pool-27-thread-1] INFO  server.RaftServerConfigKeys (ConfUtils.java:logGet(43)) - raft.server.log.appender.buffer.byte-limit = 33554432 (custom)
2019-10-10 01:15:53,915 [pool-47-thread-1] INFO  server.RaftServerConfigKeys (ConfUtils.java:logGet(43)) - raft.server.log.use.memory = false (default)
2019-10-10 01:15:53,916 [pool-27-thread-1] INFO  server.RaftServerConfigKeys (ConfUtils.java:logGet(43)) - raft.server.log.segment.size.max = 1048576 (custom)
2019-10-10 01:15:53,916 [pool-47-thread-1] INFO  server.RaftServerConfigKeys (ConfUtils.java:logGet(43)) - raft.server.log.purge.gap = 1000000 (custom)
2019-10-10 01:15:53,916 [pool-67-thread-1] INFO  server.RaftServerConfigKeys (ConfUtils.java:logGet(43)) - raft.server.log.use.memory = false (default)
2019-10-10 01:15:53,916 [pool-47-thread-1] INFO  server.RaftServerConfigKeys (ConfUtils.java:logGet(43)) - raft.server.log.appender.buffer.byte-limit = 33554432 (custom)
2019-10-10 01:15:53,916 [pool-27-thread-1] INFO  server.RaftServerConfigKeys (ConfUtils.java:logGet(43)) - raft.server.log.segment.cache.num.max = 2 (custom)
2019-10-10 01:15:53,916 [pool-47-thread-1] INFO  server.RaftServerConfigKeys (ConfUtils.java:logGet(43)) - raft.server.log.segment.size.max = 1048576 (custom)
2019-10-10 01:15:53,916 [pool-67-thread-1] INFO  server.RaftServerConfigKeys (ConfUtils.java:logGet(43)) - raft.server.log.purge.gap = 1000000 (custom)
2019-10-10 01:15:53,917 [pool-47-thread-1] INFO  server.RaftServerConfigKeys (ConfUtils.java:logGet(43)) - raft.server.log.segment.cache.num.max = 2 (custom)
2019-10-10 01:15:53,916 [pool-27-thread-1] INFO  segmented.SegmentedRaftLogWorker (SegmentedRaftLogWorker.java:<init>(173)) - new 993817e1-c77a-472e-865f-a6e34ffe7967@group-75155D17A0F1-SegmentedRaftLogWorker for RaftStorage:Storage Directory /workdir/hadoop-ozone/tools/target/test-dir/MiniOzoneClusterImpl-1e8b0e80-279c-49c4-ae13-42ed318b6149/datanode-0/data/ratis/180ca14c-1abb-4db4-aafd-75155d17a0f1
2019-10-10 01:15:53,917 [pool-47-thread-1] INFO  segmented.SegmentedRaftLogWorker (SegmentedRaftLogWorker.java:<init>(173)) - new fe8e0d95-22db-4b8a-875e-83bee4d716fb@group-75155D17A0F1-SegmentedRaftLogWorker for RaftStorage:Storage Directory /workdir/hadoop-ozone/tools/target/test-dir/MiniOzoneClusterImpl-1e8b0e80-279c-49c4-ae13-42ed318b6149/datanode-2/data/ratis/180ca14c-1abb-4db4-aafd-75155d17a0f1
2019-10-10 01:15:53,917 [pool-67-thread-1] INFO  server.RaftServerConfigKeys (ConfUtils.java:logGet(43)) - raft.server.log.appender.buffer.byte-limit = 33554432 (custom)
2019-10-10 01:15:53,917 [pool-47-thread-1] INFO  server.RaftServerConfigKeys (ConfUtils.java:logGet(43)) - raft.server.log.queue.byte-limit = 2147483647 (custom)
2019-10-10 01:15:53,917 [pool-27-thread-1] INFO  server.RaftServerConfigKeys (ConfUtils.java:logGet(43)) - raft.server.log.queue.byte-limit = 2147483647 (custom)
2019-10-10 01:15:53,918 [pool-47-thread-1] INFO  server.RaftServerConfigKeys (ConfUtils.java:logGet(43)) - raft.server.log.queue.element-limit = 1024 (custom)
2019-10-10 01:15:53,917 [pool-67-thread-1] INFO  server.RaftServerConfigKeys (ConfUtils.java:logGet(43)) - raft.server.log.segment.size.max = 1048576 (custom)
2019-10-10 01:15:53,918 [pool-47-thread-1] INFO  server.RaftServerConfigKeys (ConfUtils.java:logGet(43)) - raft.server.log.segment.size.max = 1048576 (custom)
2019-10-10 01:15:53,918 [pool-27-thread-1] INFO  server.RaftServerConfigKeys (ConfUtils.java:logGet(43)) - raft.server.log.queue.element-limit = 1024 (custom)
2019-10-10 01:15:53,918 [pool-47-thread-1] INFO  server.RaftServerConfigKeys (ConfUtils.java:logGet(43)) - raft.server.log.preallocated.size = 16384 (custom)
2019-10-10 01:15:53,918 [pool-67-thread-1] INFO  server.RaftServerConfigKeys (ConfUtils.java:logGet(43)) - raft.server.log.segment.cache.num.max = 2 (custom)
2019-10-10 01:15:53,918 [pool-47-thread-1] INFO  server.RaftServerConfigKeys (ConfUtils.java:logGet(43)) - raft.server.log.write.buffer.size = 33554432 (custom)
2019-10-10 01:15:53,918 [pool-27-thread-1] INFO  server.RaftServerConfigKeys (ConfUtils.java:logGet(43)) - raft.server.log.segment.size.max = 1048576 (custom)
2019-10-10 01:15:53,919 [pool-47-thread-1] INFO  server.RaftServerConfigKeys (ConfUtils.java:logGet(43)) - raft.server.log.force.sync.num = 128 (default)
2019-10-10 01:15:53,918 [pool-67-thread-1] INFO  segmented.SegmentedRaftLogWorker (SegmentedRaftLogWorker.java:<init>(173)) - new 4b92f2f8-e489-47a4-a90a-1d3fa2a9a07f@group-75155D17A0F1-SegmentedRaftLogWorker for RaftStorage:Storage Directory /workdir/hadoop-ozone/tools/target/test-dir/MiniOzoneClusterImpl-1e8b0e80-279c-49c4-ae13-42ed318b6149/datanode-4/data/ratis/180ca14c-1abb-4db4-aafd-75155d17a0f1
2019-10-10 01:15:53,919 [pool-47-thread-1] INFO  server.RaftServerConfigKeys (ConfUtils.java:logGet(43)) - raft.server.log.statemachine.data.sync = true (default)
2019-10-10 01:15:53,919 [pool-27-thread-1] INFO  server.RaftServerConfigKeys (ConfUtils.java:logGet(43)) - raft.server.log.preallocated.size = 16384 (custom)
2019-10-10 01:15:53,919 [pool-67-thread-1] INFO  server.RaftServerConfigKeys (ConfUtils.java:logGet(43)) - raft.server.log.queue.byte-limit = 2147483647 (custom)
2019-10-10 01:15:53,919 [pool-27-thread-1] INFO  server.RaftServerConfigKeys (ConfUtils.java:logGet(43)) - raft.server.log.write.buffer.size = 33554432 (custom)
2019-10-10 01:15:53,919 [pool-67-thread-1] INFO  server.RaftServerConfigKeys (ConfUtils.java:logGet(43)) - raft.server.log.queue.element-limit = 1024 (custom)
2019-10-10 01:15:53,919 [pool-47-thread-1] INFO  server.RaftServerConfigKeys (ConfUtils.java:logGet(43)) - raft.server.log.statemachine.data.sync.timeout = 10s (default)
2019-10-10 01:15:53,920 [pool-67-thread-1] INFO  server.RaftServerConfigKeys (ConfUtils.java:logGet(43)) - raft.server.log.segment.size.max = 1048576 (custom)
2019-10-10 01:15:53,919 [pool-27-thread-1] INFO  server.RaftServerConfigKeys (ConfUtils.java:logGet(43)) - raft.server.log.force.sync.num = 128 (default)
2019-10-10 01:15:53,920 [pool-67-thread-1] INFO  server.RaftServerConfigKeys (ConfUtils.java:logGet(43)) - raft.server.log.preallocated.size = 16384 (custom)
2019-10-10 01:15:53,920 [pool-47-thread-1] INFO  server.RaftServerConfigKeys (ConfUtils.java:logGet(43)) - raft.server.log.statemachine.data.sync.timeout.retry = -1 (default)
2019-10-10 01:15:53,920 [pool-67-thread-1] INFO  server.RaftServerConfigKeys (ConfUtils.java:logGet(43)) - raft.server.log.write.buffer.size = 33554432 (custom)
2019-10-10 01:15:53,920 [pool-27-thread-1] INFO  server.RaftServerConfigKeys (ConfUtils.java:logGet(43)) - raft.server.log.statemachine.data.sync = true (default)
2019-10-10 01:15:53,920 [pool-67-thread-1] INFO  server.RaftServerConfigKeys (ConfUtils.java:logGet(43)) - raft.server.log.force.sync.num = 128 (default)
2019-10-10 01:15:53,921 [pool-27-thread-1] INFO  server.RaftServerConfigKeys (ConfUtils.java:logGet(43)) - raft.server.log.statemachine.data.sync.timeout = 10s (default)
2019-10-10 01:15:53,921 [pool-47-thread-1] INFO  server.RaftServerConfigKeys (ConfUtils.java:logGet(43)) - raft.server.log.statemachine.data.caching.enabled = true (custom)
2019-10-10 01:15:53,921 [pool-27-thread-1] INFO  server.RaftServerConfigKeys (ConfUtils.java:logGet(43)) - raft.server.log.statemachine.data.sync.timeout.retry = -1 (default)
2019-10-10 01:15:53,921 [pool-67-thread-1] INFO  server.RaftServerConfigKeys (ConfUtils.java:logGet(43)) - raft.server.log.statemachine.data.sync = true (default)
2019-10-10 01:15:53,921 [pool-27-thread-1] INFO  server.RaftServerConfigKeys (ConfUtils.java:logGet(43)) - raft.server.log.statemachine.data.caching.enabled = true (custom)
2019-10-10 01:15:53,921 [pool-67-thread-1] INFO  server.RaftServerConfigKeys (ConfUtils.java:logGet(43)) - raft.server.log.statemachine.data.sync.timeout = 10s (default)
2019-10-10 01:15:53,921 [pool-47-thread-1] INFO  segmented.SegmentedRaftLogWorker (SegmentedRaftLogWorker.java:lambda$new$0(128)) - fe8e0d95-22db-4b8a-875e-83bee4d716fb@group-75155D17A0F1-SegmentedRaftLogWorker: flushIndex: setUnconditionally 0 -> -1
2019-10-10 01:15:53,921 [pool-27-thread-1] INFO  segmented.SegmentedRaftLogWorker (SegmentedRaftLogWorker.java:lambda$new$0(128)) - 993817e1-c77a-472e-865f-a6e34ffe7967@group-75155D17A0F1-SegmentedRaftLogWorker: flushIndex: setUnconditionally 0 -> -1
2019-10-10 01:15:53,921 [pool-67-thread-1] INFO  server.RaftServerConfigKeys (ConfUtils.java:logGet(43)) - raft.server.log.statemachine.data.sync.timeout.retry = -1 (default)
2019-10-10 01:15:53,922 [pool-47-thread-1] INFO  server.RaftServerConfigKeys (ConfUtils.java:logGet(43)) - raft.server.snapshot.auto.trigger.enabled = true (custom)
2019-10-10 01:15:53,922 [pool-67-thread-1] INFO  server.RaftServerConfigKeys (ConfUtils.java:logGet(43)) - raft.server.log.statemachine.data.caching.enabled = true (custom)
2019-10-10 01:15:53,922 [pool-27-thread-1] INFO  server.RaftServerConfigKeys (ConfUtils.java:logGet(43)) - raft.server.snapshot.auto.trigger.enabled = true (custom)
2019-10-10 01:15:53,922 [pool-47-thread-1] INFO  server.RaftServerConfigKeys (ConfUtils.java:logGet(43)) - raft.server.snapshot.auto.trigger.threshold = 10000 (custom)
2019-10-10 01:15:53,922 [pool-67-thread-1] INFO  segmented.SegmentedRaftLogWorker (SegmentedRaftLogWorker.java:lambda$new$0(128)) - 4b92f2f8-e489-47a4-a90a-1d3fa2a9a07f@group-75155D17A0F1-SegmentedRaftLogWorker: flushIndex: setUnconditionally 0 -> -1
2019-10-10 01:15:53,922 [pool-27-thread-1] INFO  server.RaftServerConfigKeys (ConfUtils.java:logGet(43)) - raft.server.snapshot.auto.trigger.threshold = 10000 (custom)
2019-10-10 01:15:53,922 [pool-47-thread-1] INFO  server.RaftServerConfigKeys (ConfUtils.java:logGet(43)) - raft.server.snapshot.retention.file.num = 5 (custom)
2019-10-10 01:15:53,923 [pool-67-thread-1] INFO  server.RaftServerConfigKeys (ConfUtils.java:logGet(43)) - raft.server.snapshot.auto.trigger.enabled = true (custom)
2019-10-10 01:15:53,923 [pool-27-thread-1] INFO  server.RaftServerConfigKeys (ConfUtils.java:logGet(43)) - raft.server.snapshot.retention.file.num = 5 (custom)
2019-10-10 01:15:53,923 [pool-67-thread-1] INFO  server.RaftServerConfigKeys (ConfUtils.java:logGet(43)) - raft.server.snapshot.auto.trigger.threshold = 10000 (custom)
2019-10-10 01:15:53,923 [pool-47-thread-1] INFO  server.RaftServerConfigKeys (ConfUtils.java:logGet(43)) - raft.server.retrycache.expirytime = 600000ms (custom)
2019-10-10 01:15:53,923 [pool-67-thread-1] INFO  server.RaftServerConfigKeys (ConfUtils.java:logGet(43)) - raft.server.snapshot.retention.file.num = 5 (custom)
2019-10-10 01:15:53,923 [pool-27-thread-1] INFO  server.RaftServerConfigKeys (ConfUtils.java:logGet(43)) - raft.server.retrycache.expirytime = 600000ms (custom)
2019-10-10 01:15:53,923 [pool-67-thread-1] INFO  server.RaftServerConfigKeys (ConfUtils.java:logGet(43)) - raft.server.retrycache.expirytime = 600000ms (custom)
2019-10-10 01:15:53,928 [pool-47-thread-1] INFO  impl.RaftServerImpl (RaftServerImpl.java:start(181)) - fe8e0d95-22db-4b8a-875e-83bee4d716fb@group-75155D17A0F1: start as a follower, conf=-1: [4b92f2f8-e489-47a4-a90a-1d3fa2a9a07f:192.168.151.118:35849, 993817e1-c77a-472e-865f-a6e34ffe7967:192.168.151.118:41261, fe8e0d95-22db-4b8a-875e-83bee4d716fb:192.168.151.118:34352], old=null
2019-10-10 01:15:53,928 [pool-47-thread-1] INFO  impl.RaftServerImpl (RaftServerImpl.java:setRole(170)) - fe8e0d95-22db-4b8a-875e-83bee4d716fb@group-75155D17A0F1: changes role from      null to FOLLOWER at term 0 for startAsFollower
2019-10-10 01:15:53,928 [pool-67-thread-1] INFO  impl.RaftServerImpl (RaftServerImpl.java:start(181)) - 4b92f2f8-e489-47a4-a90a-1d3fa2a9a07f@group-75155D17A0F1: start as a follower, conf=-1: [4b92f2f8-e489-47a4-a90a-1d3fa2a9a07f:192.168.151.118:35849, 993817e1-c77a-472e-865f-a6e34ffe7967:192.168.151.118:41261, fe8e0d95-22db-4b8a-875e-83bee4d716fb:192.168.151.118:34352], old=null
2019-10-10 01:15:53,928 [pool-47-thread-1] INFO  impl.RoleInfo (RoleInfo.java:updateAndGet(143)) - fe8e0d95-22db-4b8a-875e-83bee4d716fb: start FollowerState
2019-10-10 01:15:53,929 [pool-27-thread-1] INFO  impl.RaftServerImpl (RaftServerImpl.java:start(181)) - 993817e1-c77a-472e-865f-a6e34ffe7967@group-75155D17A0F1: start as a follower, conf=-1: [4b92f2f8-e489-47a4-a90a-1d3fa2a9a07f:192.168.151.118:35849, 993817e1-c77a-472e-865f-a6e34ffe7967:192.168.151.118:41261, fe8e0d95-22db-4b8a-875e-83bee4d716fb:192.168.151.118:34352], old=null
2019-10-10 01:15:53,928 [pool-67-thread-1] INFO  impl.RaftServerImpl (RaftServerImpl.java:setRole(170)) - 4b92f2f8-e489-47a4-a90a-1d3fa2a9a07f@group-75155D17A0F1: changes role from      null to FOLLOWER at term 0 for startAsFollower
2019-10-10 01:15:53,929 [pool-27-thread-1] INFO  impl.RaftServerImpl (RaftServerImpl.java:setRole(170)) - 993817e1-c77a-472e-865f-a6e34ffe7967@group-75155D17A0F1: changes role from      null to FOLLOWER at term 0 for startAsFollower
2019-10-10 01:15:53,929 [pool-47-thread-1] INFO  util.JmxRegister (JmxRegister.java:tryRegister(44)) - Successfully registered JMX Bean with object name Ratis:service=RaftServer,group=group-75155D17A0F1,id=fe8e0d95-22db-4b8a-875e-83bee4d716fb
2019-10-10 01:15:53,929 [pool-67-thread-1] INFO  impl.RoleInfo (RoleInfo.java:updateAndGet(143)) - 4b92f2f8-e489-47a4-a90a-1d3fa2a9a07f: start FollowerState
2019-10-10 01:15:53,929 [pool-27-thread-1] INFO  impl.RoleInfo (RoleInfo.java:updateAndGet(143)) - 993817e1-c77a-472e-865f-a6e34ffe7967: start FollowerState
2019-10-10 01:15:53,929 [pool-67-thread-1] INFO  util.JmxRegister (JmxRegister.java:tryRegister(44)) - Successfully registered JMX Bean with object name Ratis:service=RaftServer,group=group-75155D17A0F1,id=4b92f2f8-e489-47a4-a90a-1d3fa2a9a07f
2019-10-10 01:15:53,929 [pool-27-thread-1] INFO  util.JmxRegister (JmxRegister.java:tryRegister(44)) - Successfully registered JMX Bean with object name Ratis:service=RaftServer,group=group-75155D17A0F1,id=993817e1-c77a-472e-865f-a6e34ffe7967
2019-10-10 01:15:53,959 [RatisPipelineUtilsThread] INFO  pipeline.PipelineStateManager (PipelineStateManager.java:addPipeline(56)) - Created pipeline Pipeline[ Id: 180ca14c-1abb-4db4-aafd-75155d17a0f1, Nodes: 4b92f2f8-e489-47a4-a90a-1d3fa2a9a07f{ip: 192.168.151.118, host: pr-hdds-2194-jqrdw-3579824535, networkLocation: /default-rack, certSerialId: null}fe8e0d95-22db-4b8a-875e-83bee4d716fb{ip: 192.168.151.118, host: pr-hdds-2194-jqrdw-3579824535, networkLocation: /default-rack, certSerialId: null}993817e1-c77a-472e-865f-a6e34ffe7967{ip: 192.168.151.118, host: pr-hdds-2194-jqrdw-3579824535, networkLocation: /default-rack, certSerialId: null}, Type:RATIS, Factor:THREE, State:OPEN]
2019-10-10 01:15:54,404 [main] INFO  freon.RandomKeyGenerator (RandomKeyGenerator.java:call(283)) - Number of Threads: 10
2019-10-10 01:15:54,405 [main] INFO  freon.RandomKeyGenerator (RandomKeyGenerator.java:call(288)) - Number of Volumes: 1.
2019-10-10 01:15:54,405 [main] INFO  freon.RandomKeyGenerator (RandomKeyGenerator.java:call(289)) - Number of Buckets per Volume: 1.
2019-10-10 01:15:54,405 [main] INFO  freon.RandomKeyGenerator (RandomKeyGenerator.java:call(290)) - Number of Keys per Bucket: 1.
2019-10-10 01:15:54,405 [main] INFO  freon.RandomKeyGenerator (RandomKeyGenerator.java:call(291)) - Key size: 20971520 bytes
2019-10-10 01:15:54,405 [main] INFO  freon.RandomKeyGenerator (RandomKeyGenerator.java:call(292)) - Buffer size: 4096 bytes
2019-10-10 01:15:54,406 [main] INFO  freon.RandomKeyGenerator (RandomKeyGenerator.java:call(293)) - validateWrites : false
2019-10-10 01:15:54,410 [main] INFO  freon.RandomKeyGenerator (RandomKeyGenerator.java:call(313)) - Starting progress bar Thread.

 0.00% |█                                                                                                    |  0/1 Time: 0:00:002019-10-10 01:15:54,443 [pool-73-thread-1] INFO  rpc.RpcClient (RpcClient.java:createVolume(272)) - Creating Volume: vol-0-48928, with jenkins1000 as owner.
2019-10-10 01:15:54,921 [IPC Server handler 0 on 36875] INFO  volume.OMVolumeCreateRequest (OMVolumeCreateRequest.java:validateAndUpdateCache(193)) - created volume:vol-0-48928 for user:jenkins1000
2019-10-10 01:15:54,963 [pool-73-thread-2] INFO  rpc.RpcClient (RpcClient.java:createBucket(411)) - Creating Bucket: vol-0-48928/bucket-0-23326, with Versioning false and Storage Type set to DISK and Encryption set to false 
2019-10-10 01:15:55,140 [pool-73-thread-3] INFO  impl.MetricsSystemImpl (MetricsSystemImpl.java:init(158)) - XceiverClientMetrics metrics system started (again)
 0.00% |█                                                                                                    |  0/1 Time: 0:00:012019-10-10 01:15:55,636 [Thread-208] INFO  container.ReplicationManager (ReplicationManager.java:start(162)) - Starting Replication Monitor Thread.
2019-10-10 01:15:55,638 [ReplicationMonitor] INFO  container.ReplicationManager (ReplicationManager.java:run(225)) - Replication Monitor Thread took 1 milliseconds for processing 3 containers.
 0.00% |█                                                                                                    |  0/1 Time: 0:00:02 0.00% |█                                                                                                    |  0/1 Time: 0:00:032019-10-10 01:15:58,394 [Thread-210] INFO  impl.FollowerState (FollowerState.java:run(108)) - 993817e1-c77a-472e-865f-a6e34ffe7967@group-0DE93787FE74-FollowerState: change to CANDIDATE, lastRpcTime:5072ms, electionTimeout:5072ms
2019-10-10 01:15:58,396 [Thread-210] INFO  impl.RoleInfo (RoleInfo.java:shutdownFollowerState(121)) - 993817e1-c77a-472e-865f-a6e34ffe7967: shutdown FollowerState
2019-10-10 01:15:58,396 [Thread-210] INFO  impl.RaftServerImpl (RaftServerImpl.java:setRole(170)) - 993817e1-c77a-472e-865f-a6e34ffe7967@group-0DE93787FE74: changes role from  FOLLOWER to CANDIDATE at term 0 for changeToCandidate
2019-10-10 01:15:58,402 [Thread-210] INFO  impl.RoleInfo (RoleInfo.java:updateAndGet(143)) - 993817e1-c77a-472e-865f-a6e34ffe7967: start LeaderElection
 0.00% |█                                                                                                    |  0/1 Time: 0:00:042019-10-10 01:15:58,427 [993817e1-c77a-472e-865f-a6e34ffe7967@group-0DE93787FE74-LeaderElection1] INFO  impl.LeaderElection (LeaderElection.java:askForVotes(178)) - 993817e1-c77a-472e-865f-a6e34ffe7967@group-0DE93787FE74-LeaderElection1: begin an election at term 1 for -1: [993817e1-c77a-472e-865f-a6e34ffe7967:192.168.151.118:41261], old=null
2019-10-10 01:15:58,429 [993817e1-c77a-472e-865f-a6e34ffe7967@group-0DE93787FE74-LeaderElection1] INFO  impl.RoleInfo (RoleInfo.java:shutdownLeaderElection(134)) - 993817e1-c77a-472e-865f-a6e34ffe7967: shutdown LeaderElection
2019-10-10 01:15:58,429 [993817e1-c77a-472e-865f-a6e34ffe7967@group-0DE93787FE74-LeaderElection1] INFO  impl.RaftServerImpl (RaftServerImpl.java:setRole(170)) - 993817e1-c77a-472e-865f-a6e34ffe7967@group-0DE93787FE74: changes role from CANDIDATE to LEADER at term 1 for changeToLeader
2019-10-10 01:15:58,430 [993817e1-c77a-472e-865f-a6e34ffe7967@group-0DE93787FE74-LeaderElection1] INFO  impl.RaftServerImpl (ServerState.java:setLeader(255)) - 993817e1-c77a-472e-865f-a6e34ffe7967@group-0DE93787FE74: change Leader from null to 993817e1-c77a-472e-865f-a6e34ffe7967 at term 1 for becomeLeader, leader elected after 5220ms
2019-10-10 01:15:58,437 [993817e1-c77a-472e-865f-a6e34ffe7967@group-0DE93787FE74-LeaderElection1] INFO  server.RaftServerConfigKeys (ConfUtils.java:logGet(43)) - raft.server.staging.catchup.gap = 1000 (default)
2019-10-10 01:15:58,437 [993817e1-c77a-472e-865f-a6e34ffe7967@group-0DE93787FE74-LeaderElection1] INFO  server.RaftServerConfigKeys (ConfUtils.java:logGet(43)) - raft.server.rpc.sleep.time = 25ms (default)
2019-10-10 01:15:58,441 [993817e1-c77a-472e-865f-a6e34ffe7967@group-0DE93787FE74-LeaderElection1] INFO  server.RaftServerConfigKeys (ConfUtils.java:logGet(43)) - raft.server.write.element-limit = 4096 (default)
2019-10-10 01:15:58,444 [993817e1-c77a-472e-865f-a6e34ffe7967@group-0DE93787FE74-LeaderElection1] INFO  server.RaftServerConfigKeys (ConfUtils.java:logGet(43)) - raft.server.watch.timeout = 10s (default)
2019-10-10 01:15:58,444 [993817e1-c77a-472e-865f-a6e34ffe7967@group-0DE93787FE74-LeaderElection1] INFO  server.RaftServerConfigKeys (ConfUtils.java:logGet(43)) - raft.server.watch.timeout.denomination = 1s (default)
2019-10-10 01:15:58,445 [993817e1-c77a-472e-865f-a6e34ffe7967@group-0DE93787FE74-LeaderElection1] INFO  server.RaftServerConfigKeys (ConfUtils.java:logGet(43)) - raft.server.watch.element-limit = 65536 (default)
2019-10-10 01:15:58,456 [993817e1-c77a-472e-865f-a6e34ffe7967@group-0DE93787FE74-LeaderElection1] INFO  impl.RoleInfo (RoleInfo.java:updateAndGet(143)) - 993817e1-c77a-472e-865f-a6e34ffe7967: start LeaderState
2019-10-10 01:15:58,479 [993817e1-c77a-472e-865f-a6e34ffe7967@group-0DE93787FE74-LeaderElection1] INFO  segmented.SegmentedRaftLogWorker (SegmentedRaftLogWorker.java:startLogSegment(385)) - 993817e1-c77a-472e-865f-a6e34ffe7967@group-0DE93787FE74-SegmentedRaftLogWorker: Starting segment from index:0
2019-10-10 01:15:58,488 [993817e1-c77a-472e-865f-a6e34ffe7967@group-0DE93787FE74-LeaderElection1] INFO  impl.RaftServerImpl (ServerState.java:setRaftConf(356)) - 993817e1-c77a-472e-865f-a6e34ffe7967@group-0DE93787FE74: set configuration 0: [993817e1-c77a-472e-865f-a6e34ffe7967:192.168.151.118:41261], old=null at 0
2019-10-10 01:15:58,670 [Thread-213] INFO  impl.FollowerState (FollowerState.java:run(108)) - 4b92f2f8-e489-47a4-a90a-1d3fa2a9a07f@group-38EF89FE8241-FollowerState: change to CANDIDATE, lastRpcTime:5147ms, electionTimeout:5146ms
2019-10-10 01:15:58,676 [Thread-213] INFO  impl.RoleInfo (RoleInfo.java:shutdownFollowerState(121)) - 4b92f2f8-e489-47a4-a90a-1d3fa2a9a07f: shutdown FollowerState
2019-10-10 01:15:58,677 [Thread-213] INFO  impl.RaftServerImpl (RaftServerImpl.java:setRole(170)) - 4b92f2f8-e489-47a4-a90a-1d3fa2a9a07f@group-38EF89FE8241: changes role from  FOLLOWER to CANDIDATE at term 0 for changeToCandidate
2019-10-10 01:15:58,677 [Thread-213] INFO  impl.RoleInfo (RoleInfo.java:updateAndGet(143)) - 4b92f2f8-e489-47a4-a90a-1d3fa2a9a07f: start LeaderElection
2019-10-10 01:15:58,677 [993817e1-c77a-472e-865f-a6e34ffe7967@group-0DE93787FE74-SegmentedRaftLogWorker] INFO  segmented.SegmentedRaftLogWorker (SegmentedRaftLogWorker.java:execute(574)) - 993817e1-c77a-472e-865f-a6e34ffe7967@group-0DE93787FE74-SegmentedRaftLogWorker: created new log segment /workdir/hadoop-ozone/tools/target/test-dir/MiniOzoneClusterImpl-1e8b0e80-279c-49c4-ae13-42ed318b6149/datanode-0/data/ratis/fd8cd2b5-d2c2-4250-86b9-0de93787fe74/current/log_inprogress_0
2019-10-10 01:15:58,692 [4b92f2f8-e489-47a4-a90a-1d3fa2a9a07f@group-38EF89FE8241-LeaderElection2] INFO  impl.LeaderElection (LeaderElection.java:askForVotes(178)) - 4b92f2f8-e489-47a4-a90a-1d3fa2a9a07f@group-38EF89FE8241-LeaderElection2: begin an election at term 1 for -1: [4b92f2f8-e489-47a4-a90a-1d3fa2a9a07f:192.168.151.118:35849], old=null
2019-10-10 01:15:58,692 [4b92f2f8-e489-47a4-a90a-1d3fa2a9a07f@group-38EF89FE8241-LeaderElection2] INFO  impl.RoleInfo (RoleInfo.java:shutdownLeaderElection(134)) - 4b92f2f8-e489-47a4-a90a-1d3fa2a9a07f: shutdown LeaderElection
2019-10-10 01:15:58,692 [4b92f2f8-e489-47a4-a90a-1d3fa2a9a07f@group-38EF89FE8241-LeaderElection2] INFO  impl.RaftServerImpl (RaftServerImpl.java:setRole(170)) - 4b92f2f8-e489-47a4-a90a-1d3fa2a9a07f@group-38EF89FE8241: changes role from CANDIDATE to LEADER at term 1 for changeToLeader
2019-10-10 01:15:58,692 [4b92f2f8-e489-47a4-a90a-1d3fa2a9a07f@group-38EF89FE8241-LeaderElection2] INFO  impl.RaftServerImpl (ServerState.java:setLeader(255)) - 4b92f2f8-e489-47a4-a90a-1d3fa2a9a07f@group-38EF89FE8241: change Leader from null to 4b92f2f8-e489-47a4-a90a-1d3fa2a9a07f at term 1 for becomeLeader, leader elected after 5184ms
2019-10-10 01:15:58,694 [4b92f2f8-e489-47a4-a90a-1d3fa2a9a07f@group-38EF89FE8241-LeaderElection2] INFO  server.RaftServerConfigKeys (ConfUtils.java:logGet(43)) - raft.server.staging.catchup.gap = 1000 (default)
2019-10-10 01:15:58,695 [4b92f2f8-e489-47a4-a90a-1d3fa2a9a07f@group-38EF89FE8241-LeaderElection2] INFO  server.RaftServerConfigKeys (ConfUtils.java:logGet(43)) - raft.server.rpc.sleep.time = 25ms (default)
2019-10-10 01:15:58,695 [4b92f2f8-e489-47a4-a90a-1d3fa2a9a07f@group-38EF89FE8241-LeaderElection2] INFO  server.RaftServerConfigKeys (ConfUtils.java:logGet(43)) - raft.server.write.element-limit = 4096 (default)
2019-10-10 01:15:58,695 [4b92f2f8-e489-47a4-a90a-1d3fa2a9a07f@group-38EF89FE8241-LeaderElection2] INFO  server.RaftServerConfigKeys (ConfUtils.java:logGet(43)) - raft.server.watch.timeout = 10s (default)
2019-10-10 01:15:58,695 [4b92f2f8-e489-47a4-a90a-1d3fa2a9a07f@group-38EF89FE8241-LeaderElection2] INFO  server.RaftServerConfigKeys (ConfUtils.java:logGet(43)) - raft.server.watch.timeout.denomination = 1s (default)
2019-10-10 01:15:58,696 [4b92f2f8-e489-47a4-a90a-1d3fa2a9a07f@group-38EF89FE8241-LeaderElection2] INFO  server.RaftServerConfigKeys (ConfUtils.java:logGet(43)) - raft.server.watch.element-limit = 65536 (default)
2019-10-10 01:15:58,700 [4b92f2f8-e489-47a4-a90a-1d3fa2a9a07f@group-38EF89FE8241-LeaderElection2] INFO  impl.RoleInfo (RoleInfo.java:updateAndGet(143)) - 4b92f2f8-e489-47a4-a90a-1d3fa2a9a07f: start LeaderState
2019-10-10 01:15:58,700 [4b92f2f8-e489-47a4-a90a-1d3fa2a9a07f@group-38EF89FE8241-LeaderElection2] INFO  segmented.SegmentedRaftLogWorker (SegmentedRaftLogWorker.java:startLogSegment(385)) - 4b92f2f8-e489-47a4-a90a-1d3fa2a9a07f@group-38EF89FE8241-SegmentedRaftLogWorker: Starting segment from index:0
2019-10-10 01:15:58,701 [4b92f2f8-e489-47a4-a90a-1d3fa2a9a07f@group-38EF89FE8241-LeaderElection2] INFO  impl.RaftServerImpl (ServerState.java:setRaftConf(356)) - 4b92f2f8-e489-47a4-a90a-1d3fa2a9a07f@group-38EF89FE8241: set configuration 0: [4b92f2f8-e489-47a4-a90a-1d3fa2a9a07f:192.168.151.118:35849], old=null at 0
2019-10-10 01:15:58,734 [Thread-216] INFO  impl.FollowerState (FollowerState.java:run(108)) - fe8e0d95-22db-4b8a-875e-83bee4d716fb@group-927438E0048E-FollowerState: change to CANDIDATE, lastRpcTime:5084ms, electionTimeout:5068ms
2019-10-10 01:15:58,735 [Thread-216] INFO  impl.RoleInfo (RoleInfo.java:shutdownFollowerState(121)) - fe8e0d95-22db-4b8a-875e-83bee4d716fb: shutdown FollowerState
2019-10-10 01:15:58,736 [Thread-216] INFO  impl.RaftServerImpl (RaftServerImpl.java:setRole(170)) - fe8e0d95-22db-4b8a-875e-83bee4d716fb@group-927438E0048E: changes role from  FOLLOWER to CANDIDATE at term 0 for changeToCandidate
2019-10-10 01:15:58,736 [Thread-216] INFO  impl.RoleInfo (RoleInfo.java:updateAndGet(143)) - fe8e0d95-22db-4b8a-875e-83bee4d716fb: start LeaderElection
2019-10-10 01:15:58,748 [4b92f2f8-e489-47a4-a90a-1d3fa2a9a07f@group-38EF89FE8241-SegmentedRaftLogWorker] INFO  segmented.SegmentedRaftLogWorker (SegmentedRaftLogWorker.java:execute(574)) - 4b92f2f8-e489-47a4-a90a-1d3fa2a9a07f@group-38EF89FE8241-SegmentedRaftLogWorker: created new log segment /workdir/hadoop-ozone/tools/target/test-dir/MiniOzoneClusterImpl-1e8b0e80-279c-49c4-ae13-42ed318b6149/datanode-4/data/ratis/cc08fff6-c071-4b66-8bb4-38ef89fe8241/current/log_inprogress_0
2019-10-10 01:15:58,748 [fe8e0d95-22db-4b8a-875e-83bee4d716fb@group-927438E0048E-LeaderElection3] INFO  impl.LeaderElection (LeaderElection.java:askForVotes(178)) - fe8e0d95-22db-4b8a-875e-83bee4d716fb@group-927438E0048E-LeaderElection3: begin an election at term 1 for -1: [fe8e0d95-22db-4b8a-875e-83bee4d716fb:192.168.151.118:34352], old=null
2019-10-10 01:15:58,750 [fe8e0d95-22db-4b8a-875e-83bee4d716fb@group-927438E0048E-LeaderElection3] INFO  impl.RoleInfo (RoleInfo.java:shutdownLeaderElection(134)) - fe8e0d95-22db-4b8a-875e-83bee4d716fb: shutdown LeaderElection
2019-10-10 01:15:58,750 [fe8e0d95-22db-4b8a-875e-83bee4d716fb@group-927438E0048E-LeaderElection3] INFO  impl.RaftServerImpl (RaftServerImpl.java:setRole(170)) - fe8e0d95-22db-4b8a-875e-83bee4d716fb@group-927438E0048E: changes role from CANDIDATE to LEADER at term 1 for changeToLeader
2019-10-10 01:15:58,750 [fe8e0d95-22db-4b8a-875e-83bee4d716fb@group-927438E0048E-LeaderElection3] INFO  impl.RaftServerImpl (ServerState.java:setLeader(255)) - fe8e0d95-22db-4b8a-875e-83bee4d716fb@group-927438E0048E: change Leader from null to fe8e0d95-22db-4b8a-875e-83bee4d716fb at term 1 for becomeLeader, leader elected after 5134ms
2019-10-10 01:15:58,752 [fe8e0d95-22db-4b8a-875e-83bee4d716fb@group-927438E0048E-LeaderElection3] INFO  server.RaftServerConfigKeys (ConfUtils.java:logGet(43)) - raft.server.staging.catchup.gap = 1000 (default)
2019-10-10 01:15:58,752 [fe8e0d95-22db-4b8a-875e-83bee4d716fb@group-927438E0048E-LeaderElection3] INFO  server.RaftServerConfigKeys (ConfUtils.java:logGet(43)) - raft.server.rpc.sleep.time = 25ms (default)
2019-10-10 01:15:58,752 [fe8e0d95-22db-4b8a-875e-83bee4d716fb@group-927438E0048E-LeaderElection3] INFO  server.RaftServerConfigKeys (ConfUtils.java:logGet(43)) - raft.server.write.element-limit = 4096 (default)
2019-10-10 01:15:58,752 [fe8e0d95-22db-4b8a-875e-83bee4d716fb@group-927438E0048E-LeaderElection3] INFO  server.RaftServerConfigKeys (ConfUtils.java:logGet(43)) - raft.server.watch.timeout = 10s (default)
2019-10-10 01:15:58,752 [fe8e0d95-22db-4b8a-875e-83bee4d716fb@group-927438E0048E-LeaderElection3] INFO  server.RaftServerConfigKeys (ConfUtils.java:logGet(43)) - raft.server.watch.timeout.denomination = 1s (default)
2019-10-10 01:15:58,753 [fe8e0d95-22db-4b8a-875e-83bee4d716fb@group-927438E0048E-LeaderElection3] INFO  server.RaftServerConfigKeys (ConfUtils.java:logGet(43)) - raft.server.watch.element-limit = 65536 (default)
2019-10-10 01:15:58,755 [fe8e0d95-22db-4b8a-875e-83bee4d716fb@group-927438E0048E-LeaderElection3] INFO  impl.RoleInfo (RoleInfo.java:updateAndGet(143)) - fe8e0d95-22db-4b8a-875e-83bee4d716fb: start LeaderState
2019-10-10 01:15:58,756 [fe8e0d95-22db-4b8a-875e-83bee4d716fb@group-927438E0048E-LeaderElection3] INFO  segmented.SegmentedRaftLogWorker (SegmentedRaftLogWorker.java:startLogSegment(385)) - fe8e0d95-22db-4b8a-875e-83bee4d716fb@group-927438E0048E-SegmentedRaftLogWorker: Starting segment from index:0
2019-10-10 01:15:58,757 [fe8e0d95-22db-4b8a-875e-83bee4d716fb@group-927438E0048E-LeaderElection3] INFO  impl.RaftServerImpl (ServerState.java:setRaftConf(356)) - fe8e0d95-22db-4b8a-875e-83bee4d716fb@group-927438E0048E: set configuration 0: [fe8e0d95-22db-4b8a-875e-83bee4d716fb:192.168.151.118:34352], old=null at 0
2019-10-10 01:15:58,800 [fe8e0d95-22db-4b8a-875e-83bee4d716fb@group-927438E0048E-SegmentedRaftLogWorker] INFO  segmented.SegmentedRaftLogWorker (SegmentedRaftLogWorker.java:execute(574)) - fe8e0d95-22db-4b8a-875e-83bee4d716fb@group-927438E0048E-SegmentedRaftLogWorker: created new log segment /workdir/hadoop-ozone/tools/target/test-dir/MiniOzoneClusterImpl-1e8b0e80-279c-49c4-ae13-42ed318b6149/datanode-2/data/ratis/92a6c997-af50-49ed-a0c4-927438e0048e/current/log_inprogress_0
2019-10-10 01:15:58,876 [Thread-222] INFO  impl.FollowerState (FollowerState.java:run(108)) - 758b507c-ae99-4dc6-9a89-4ed195c0461b@group-C9B39AA68107-FollowerState: change to CANDIDATE, lastRpcTime:5072ms, electionTimeout:5072ms
2019-10-10 01:15:58,876 [Thread-222] INFO  impl.RoleInfo (RoleInfo.java:shutdownFollowerState(121)) - 758b507c-ae99-4dc6-9a89-4ed195c0461b: shutdown FollowerState
2019-10-10 01:15:58,876 [Thread-222] INFO  impl.RaftServerImpl (RaftServerImpl.java:setRole(170)) - 758b507c-ae99-4dc6-9a89-4ed195c0461b@group-C9B39AA68107: changes role from  FOLLOWER to CANDIDATE at term 0 for changeToCandidate
2019-10-10 01:15:58,876 [Thread-222] INFO  impl.RoleInfo (RoleInfo.java:updateAndGet(143)) - 758b507c-ae99-4dc6-9a89-4ed195c0461b: start LeaderElection
2019-10-10 01:15:58,892 [758b507c-ae99-4dc6-9a89-4ed195c0461b@group-C9B39AA68107-LeaderElection4] INFO  impl.LeaderElection (LeaderElection.java:askForVotes(178)) - 758b507c-ae99-4dc6-9a89-4ed195c0461b@group-C9B39AA68107-LeaderElection4: begin an election at term 1 for -1: [758b507c-ae99-4dc6-9a89-4ed195c0461b:192.168.151.118:37636], old=null
2019-10-10 01:15:58,893 [758b507c-ae99-4dc6-9a89-4ed195c0461b@group-C9B39AA68107-LeaderElection4] INFO  impl.RoleInfo (RoleInfo.java:shutdownLeaderElection(134)) - 758b507c-ae99-4dc6-9a89-4ed195c0461b: shutdown LeaderElection
2019-10-10 01:15:58,893 [758b507c-ae99-4dc6-9a89-4ed195c0461b@group-C9B39AA68107-LeaderElection4] INFO  impl.RaftServerImpl (RaftServerImpl.java:setRole(170)) - 758b507c-ae99-4dc6-9a89-4ed195c0461b@group-C9B39AA68107: changes role from CANDIDATE to LEADER at term 1 for changeToLeader
2019-10-10 01:15:58,893 [758b507c-ae99-4dc6-9a89-4ed195c0461b@group-C9B39AA68107-LeaderElection4] INFO  impl.RaftServerImpl (ServerState.java:setLeader(255)) - 758b507c-ae99-4dc6-9a89-4ed195c0461b@group-C9B39AA68107: change Leader from null to 758b507c-ae99-4dc6-9a89-4ed195c0461b at term 1 for becomeLeader, leader elected after 5107ms
2019-10-10 01:15:58,894 [758b507c-ae99-4dc6-9a89-4ed195c0461b@group-C9B39AA68107-LeaderElection4] INFO  server.RaftServerConfigKeys (ConfUtils.java:logGet(43)) - raft.server.staging.catchup.gap = 1000 (default)
2019-10-10 01:15:58,895 [758b507c-ae99-4dc6-9a89-4ed195c0461b@group-C9B39AA68107-LeaderElection4] INFO  server.RaftServerConfigKeys (ConfUtils.java:logGet(43)) - raft.server.rpc.sleep.time = 25ms (default)
2019-10-10 01:15:58,895 [758b507c-ae99-4dc6-9a89-4ed195c0461b@group-C9B39AA68107-LeaderElection4] INFO  server.RaftServerConfigKeys (ConfUtils.java:logGet(43)) - raft.server.write.element-limit = 4096 (default)
2019-10-10 01:15:58,895 [758b507c-ae99-4dc6-9a89-4ed195c0461b@group-C9B39AA68107-LeaderElection4] INFO  server.RaftServerConfigKeys (ConfUtils.java:logGet(43)) - raft.server.watch.timeout = 10s (default)
2019-10-10 01:15:58,895 [758b507c-ae99-4dc6-9a89-4ed195c0461b@group-C9B39AA68107-LeaderElection4] INFO  server.RaftServerConfigKeys (ConfUtils.java:logGet(43)) - raft.server.watch.timeout.denomination = 1s (default)
2019-10-10 01:15:58,896 [758b507c-ae99-4dc6-9a89-4ed195c0461b@group-C9B39AA68107-LeaderElection4] INFO  server.RaftServerConfigKeys (ConfUtils.java:logGet(43)) - raft.server.watch.element-limit = 65536 (default)
2019-10-10 01:15:58,899 [758b507c-ae99-4dc6-9a89-4ed195c0461b@group-C9B39AA68107-LeaderElection4] INFO  impl.RoleInfo (RoleInfo.java:updateAndGet(143)) - 758b507c-ae99-4dc6-9a89-4ed195c0461b: start LeaderState
2019-10-10 01:15:58,900 [758b507c-ae99-4dc6-9a89-4ed195c0461b@group-C9B39AA68107-LeaderElection4] INFO  segmented.SegmentedRaftLogWorker (SegmentedRaftLogWorker.java:startLogSegment(385)) - 758b507c-ae99-4dc6-9a89-4ed195c0461b@group-C9B39AA68107-SegmentedRaftLogWorker: Starting segment from index:0
2019-10-10 01:15:58,900 [758b507c-ae99-4dc6-9a89-4ed195c0461b@group-C9B39AA68107-LeaderElection4] INFO  impl.RaftServerImpl (ServerState.java:setRaftConf(356)) - 758b507c-ae99-4dc6-9a89-4ed195c0461b@group-C9B39AA68107: set configuration 0: [758b507c-ae99-4dc6-9a89-4ed195c0461b:192.168.151.118:37636], old=null at 0
2019-10-10 01:15:58,936 [Thread-219] INFO  impl.FollowerState (FollowerState.java:run(108)) - 7db5d516-d51d-4356-9a2c-72d746d5ca7c@group-0002CEEF2C20-FollowerState: change to CANDIDATE, lastRpcTime:5222ms, electionTimeout:5192ms
2019-10-10 01:15:58,936 [Thread-219] INFO  impl.RoleInfo (RoleInfo.java:shutdownFollowerState(121)) - 7db5d516-d51d-4356-9a2c-72d746d5ca7c: shutdown FollowerState
2019-10-10 01:15:58,937 [Thread-228] INFO  impl.FollowerState (FollowerState.java:run(108)) - 4b92f2f8-e489-47a4-a90a-1d3fa2a9a07f@group-75155D17A0F1-FollowerState: change to CANDIDATE, lastRpcTime:5007ms, electionTimeout:5007ms
2019-10-10 01:15:58,937 [Thread-219] INFO  impl.RaftServerImpl (RaftServerImpl.java:setRole(170)) - 7db5d516-d51d-4356-9a2c-72d746d5ca7c@group-0002CEEF2C20: changes role from  FOLLOWER to CANDIDATE at term 0 for changeToCandidate
2019-10-10 01:15:58,937 [Thread-228] INFO  impl.RoleInfo (RoleInfo.java:shutdownFollowerState(121)) - 4b92f2f8-e489-47a4-a90a-1d3fa2a9a07f: shutdown FollowerState
2019-10-10 01:15:58,937 [Thread-219] INFO  impl.RoleInfo (RoleInfo.java:updateAndGet(143)) - 7db5d516-d51d-4356-9a2c-72d746d5ca7c: start LeaderElection
2019-10-10 01:15:58,937 [Thread-228] INFO  impl.RaftServerImpl (RaftServerImpl.java:setRole(170)) - 4b92f2f8-e489-47a4-a90a-1d3fa2a9a07f@group-75155D17A0F1: changes role from  FOLLOWER to CANDIDATE at term 0 for changeToCandidate
2019-10-10 01:15:58,937 [Thread-228] INFO  impl.RoleInfo (RoleInfo.java:updateAndGet(143)) - 4b92f2f8-e489-47a4-a90a-1d3fa2a9a07f: start LeaderElection
2019-10-10 01:15:58,949 [758b507c-ae99-4dc6-9a89-4ed195c0461b@group-C9B39AA68107-SegmentedRaftLogWorker] INFO  segmented.SegmentedRaftLogWorker (SegmentedRaftLogWorker.java:execute(574)) - 758b507c-ae99-4dc6-9a89-4ed195c0461b@group-C9B39AA68107-SegmentedRaftLogWorker: created new log segment /workdir/hadoop-ozone/tools/target/test-dir/MiniOzoneClusterImpl-1e8b0e80-279c-49c4-ae13-42ed318b6149/datanode-3/data/ratis/994b2a57-0fe8-4f06-ab1d-c9b39aa68107/current/log_inprogress_0
2019-10-10 01:15:58,968 [7db5d516-d51d-4356-9a2c-72d746d5ca7c@group-0002CEEF2C20-LeaderElection5] INFO  impl.LeaderElection (LeaderElection.java:askForVotes(178)) - 7db5d516-d51d-4356-9a2c-72d746d5ca7c@group-0002CEEF2C20-LeaderElection5: begin an election at term 1 for -1: [7db5d516-d51d-4356-9a2c-72d746d5ca7c:192.168.151.118:45034], old=null
2019-10-10 01:15:58,968 [4b92f2f8-e489-47a4-a90a-1d3fa2a9a07f@group-75155D17A0F1-LeaderElection6] INFO  impl.LeaderElection (LeaderElection.java:askForVotes(178)) - 4b92f2f8-e489-47a4-a90a-1d3fa2a9a07f@group-75155D17A0F1-LeaderElection6: begin an election at term 1 for -1: [4b92f2f8-e489-47a4-a90a-1d3fa2a9a07f:192.168.151.118:35849, 993817e1-c77a-472e-865f-a6e34ffe7967:192.168.151.118:41261, fe8e0d95-22db-4b8a-875e-83bee4d716fb:192.168.151.118:34352], old=null
2019-10-10 01:15:58,968 [7db5d516-d51d-4356-9a2c-72d746d5ca7c@group-0002CEEF2C20-LeaderElection5] INFO  impl.RoleInfo (RoleInfo.java:shutdownLeaderElection(134)) - 7db5d516-d51d-4356-9a2c-72d746d5ca7c: shutdown LeaderElection
2019-10-10 01:15:58,968 [7db5d516-d51d-4356-9a2c-72d746d5ca7c@group-0002CEEF2C20-LeaderElection5] INFO  impl.RaftServerImpl (RaftServerImpl.java:setRole(170)) - 7db5d516-d51d-4356-9a2c-72d746d5ca7c@group-0002CEEF2C20: changes role from CANDIDATE to LEADER at term 1 for changeToLeader
2019-10-10 01:15:58,969 [7db5d516-d51d-4356-9a2c-72d746d5ca7c@group-0002CEEF2C20-LeaderElection5] INFO  impl.RaftServerImpl (ServerState.java:setLeader(255)) - 7db5d516-d51d-4356-9a2c-72d746d5ca7c@group-0002CEEF2C20: change Leader from null to 7db5d516-d51d-4356-9a2c-72d746d5ca7c at term 1 for becomeLeader, leader elected after 5263ms
2019-10-10 01:15:58,971 [7db5d516-d51d-4356-9a2c-72d746d5ca7c@group-0002CEEF2C20-LeaderElection5] INFO  server.RaftServerConfigKeys (ConfUtils.java:logGet(43)) - raft.server.staging.catchup.gap = 1000 (default)
2019-10-10 01:15:58,971 [7db5d516-d51d-4356-9a2c-72d746d5ca7c@group-0002CEEF2C20-LeaderElection5] INFO  server.RaftServerConfigKeys (ConfUtils.java:logGet(43)) - raft.server.rpc.sleep.time = 25ms (default)
2019-10-10 01:15:58,971 [7db5d516-d51d-4356-9a2c-72d746d5ca7c@group-0002CEEF2C20-LeaderElection5] INFO  server.RaftServerConfigKeys (ConfUtils.java:logGet(43)) - raft.server.write.element-limit = 4096 (default)
2019-10-10 01:15:58,971 [7db5d516-d51d-4356-9a2c-72d746d5ca7c@group-0002CEEF2C20-LeaderElection5] INFO  server.RaftServerConfigKeys (ConfUtils.java:logGet(43)) - raft.server.watch.timeout = 10s (default)
2019-10-10 01:15:58,971 [7db5d516-d51d-4356-9a2c-72d746d5ca7c@group-0002CEEF2C20-LeaderElection5] INFO  server.RaftServerConfigKeys (ConfUtils.java:logGet(43)) - raft.server.watch.timeout.denomination = 1s (default)
2019-10-10 01:15:58,972 [7db5d516-d51d-4356-9a2c-72d746d5ca7c@group-0002CEEF2C20-LeaderElection5] INFO  server.RaftServerConfigKeys (ConfUtils.java:logGet(43)) - raft.server.watch.element-limit = 65536 (default)
2019-10-10 01:15:58,974 [7db5d516-d51d-4356-9a2c-72d746d5ca7c@group-0002CEEF2C20-LeaderElection5] INFO  impl.RoleInfo (RoleInfo.java:updateAndGet(143)) - 7db5d516-d51d-4356-9a2c-72d746d5ca7c: start LeaderState
2019-10-10 01:15:58,975 [7db5d516-d51d-4356-9a2c-72d746d5ca7c@group-0002CEEF2C20-LeaderElection5] INFO  segmented.SegmentedRaftLogWorker (SegmentedRaftLogWorker.java:startLogSegment(385)) - 7db5d516-d51d-4356-9a2c-72d746d5ca7c@group-0002CEEF2C20-SegmentedRaftLogWorker: Starting segment from index:0
2019-10-10 01:15:58,975 [7db5d516-d51d-4356-9a2c-72d746d5ca7c@group-0002CEEF2C20-LeaderElection5] INFO  impl.RaftServerImpl (ServerState.java:setRaftConf(356)) - 7db5d516-d51d-4356-9a2c-72d746d5ca7c@group-0002CEEF2C20: set configuration 0: [7db5d516-d51d-4356-9a2c-72d746d5ca7c:192.168.151.118:45034], old=null at 0
2019-10-10 01:15:59,022 [7db5d516-d51d-4356-9a2c-72d746d5ca7c@group-0002CEEF2C20-SegmentedRaftLogWorker] INFO  segmented.SegmentedRaftLogWorker (SegmentedRaftLogWorker.java:execute(574)) - 7db5d516-d51d-4356-9a2c-72d746d5ca7c@group-0002CEEF2C20-SegmentedRaftLogWorker: created new log segment /workdir/hadoop-ozone/tools/target/test-dir/MiniOzoneClusterImpl-1e8b0e80-279c-49c4-ae13-42ed318b6149/datanode-1/data/ratis/5078d605-493d-4724-a4d2-0002ceef2c20/current/log_inprogress_0
2019-10-10 01:15:59,033 [grpc-default-executor-0] INFO  impl.RaftServerImpl (RaftServerImpl.java:setRole(170)) - fe8e0d95-22db-4b8a-875e-83bee4d716fb@group-75155D17A0F1: changes role from  FOLLOWER to FOLLOWER at term 1 for recognizeCandidate:4b92f2f8-e489-47a4-a90a-1d3fa2a9a07f
2019-10-10 01:15:59,033 [grpc-default-executor-1] INFO  impl.RaftServerImpl (RaftServerImpl.java:setRole(170)) - 993817e1-c77a-472e-865f-a6e34ffe7967@group-75155D17A0F1: changes role from  FOLLOWER to FOLLOWER at term 1 for recognizeCandidate:4b92f2f8-e489-47a4-a90a-1d3fa2a9a07f
2019-10-10 01:15:59,033 [grpc-default-executor-0] INFO  impl.RoleInfo (RoleInfo.java:shutdownFollowerState(121)) - fe8e0d95-22db-4b8a-875e-83bee4d716fb: shutdown FollowerState
2019-10-10 01:15:59,034 [grpc-default-executor-1] INFO  impl.RoleInfo (RoleInfo.java:shutdownFollowerState(121)) - 993817e1-c77a-472e-865f-a6e34ffe7967: shutdown FollowerState
2019-10-10 01:15:59,034 [Thread-227] INFO  impl.FollowerState (FollowerState.java:run(117)) - fe8e0d95-22db-4b8a-875e-83bee4d716fb@group-75155D17A0F1-FollowerState was interrupted: java.lang.InterruptedException: sleep interrupted
2019-10-10 01:15:59,034 [grpc-default-executor-0] INFO  impl.RoleInfo (RoleInfo.java:updateAndGet(143)) - fe8e0d95-22db-4b8a-875e-83bee4d716fb: start FollowerState
2019-10-10 01:15:59,034 [Thread-229] INFO  impl.FollowerState (FollowerState.java:run(117)) - 993817e1-c77a-472e-865f-a6e34ffe7967@group-75155D17A0F1-FollowerState was interrupted: java.lang.InterruptedException: sleep interrupted
2019-10-10 01:15:59,034 [grpc-default-executor-1] INFO  impl.RoleInfo (RoleInfo.java:updateAndGet(143)) - 993817e1-c77a-472e-865f-a6e34ffe7967: start FollowerState
2019-10-10 01:15:59,069 [4b92f2f8-e489-47a4-a90a-1d3fa2a9a07f@group-75155D17A0F1-LeaderElection6] INFO  impl.LeaderElection (LeaderElection.java:logAndReturn(56)) - 4b92f2f8-e489-47a4-a90a-1d3fa2a9a07f@group-75155D17A0F1-LeaderElection6: Election PASSED; received 1 response(s) [4b92f2f8-e489-47a4-a90a-1d3fa2a9a07f<-fe8e0d95-22db-4b8a-875e-83bee4d716fb#0:OK-t1] and 0 exception(s); 4b92f2f8-e489-47a4-a90a-1d3fa2a9a07f@group-75155D17A0F1:t1, leader=null, voted=4b92f2f8-e489-47a4-a90a-1d3fa2a9a07f, raftlog=4b92f2f8-e489-47a4-a90a-1d3fa2a9a07f@group-75155D17A0F1-SegmentedRaftLog:OPENED:c-1,f-1,i0, conf=-1: [4b92f2f8-e489-47a4-a90a-1d3fa2a9a07f:192.168.151.118:35849, 993817e1-c77a-472e-865f-a6e34ffe7967:192.168.151.118:41261, fe8e0d95-22db-4b8a-875e-83bee4d716fb:192.168.151.118:34352], old=null
2019-10-10 01:15:59,069 [4b92f2f8-e489-47a4-a90a-1d3fa2a9a07f@group-75155D17A0F1-LeaderElection6] INFO  impl.RoleInfo (RoleInfo.java:shutdownLeaderElection(134)) - 4b92f2f8-e489-47a4-a90a-1d3fa2a9a07f: shutdown LeaderElection
2019-10-10 01:15:59,072 [4b92f2f8-e489-47a4-a90a-1d3fa2a9a07f@group-75155D17A0F1-LeaderElection6] INFO  impl.RaftServerImpl (RaftServerImpl.java:setRole(170)) - 4b92f2f8-e489-47a4-a90a-1d3fa2a9a07f@group-75155D17A0F1: changes role from CANDIDATE to LEADER at term 1 for changeToLeader
2019-10-10 01:15:59,073 [4b92f2f8-e489-47a4-a90a-1d3fa2a9a07f@group-75155D17A0F1-LeaderElection6] INFO  impl.RaftServerImpl (ServerState.java:setLeader(255)) - 4b92f2f8-e489-47a4-a90a-1d3fa2a9a07f@group-75155D17A0F1: change Leader from null to 4b92f2f8-e489-47a4-a90a-1d3fa2a9a07f at term 1 for becomeLeader, leader elected after 5157ms
2019-10-10 01:15:59,073 [4b92f2f8-e489-47a4-a90a-1d3fa2a9a07f@group-75155D17A0F1-LeaderElection6] INFO  server.RaftServerConfigKeys (ConfUtils.java:logGet(43)) - raft.server.staging.catchup.gap = 1000 (default)
2019-10-10 01:15:59,073 [4b92f2f8-e489-47a4-a90a-1d3fa2a9a07f@group-75155D17A0F1-LeaderElection6] INFO  server.RaftServerConfigKeys (ConfUtils.java:logGet(43)) - raft.server.rpc.sleep.time = 25ms (default)
2019-10-10 01:15:59,073 [4b92f2f8-e489-47a4-a90a-1d3fa2a9a07f@group-75155D17A0F1-LeaderElection6] INFO  server.RaftServerConfigKeys (ConfUtils.java:logGet(43)) - raft.server.write.element-limit = 4096 (default)
2019-10-10 01:15:59,074 [4b92f2f8-e489-47a4-a90a-1d3fa2a9a07f@group-75155D17A0F1-LeaderElection6] INFO  server.RaftServerConfigKeys (ConfUtils.java:logGet(43)) - raft.server.watch.timeout = 10s (default)
2019-10-10 01:15:59,074 [4b92f2f8-e489-47a4-a90a-1d3fa2a9a07f@group-75155D17A0F1-LeaderElection6] INFO  server.RaftServerConfigKeys (ConfUtils.java:logGet(43)) - raft.server.watch.timeout.denomination = 1s (default)
2019-10-10 01:15:59,074 [4b92f2f8-e489-47a4-a90a-1d3fa2a9a07f@group-75155D17A0F1-LeaderElection6] INFO  server.RaftServerConfigKeys (ConfUtils.java:logGet(43)) - raft.server.watch.element-limit = 65536 (default)
2019-10-10 01:15:59,082 [4b92f2f8-e489-47a4-a90a-1d3fa2a9a07f@group-75155D17A0F1-LeaderElection6] INFO  server.RaftServerConfigKeys (ConfUtils.java:logGet(43)) - raft.server.log.appender.snapshot.chunk.size.max = 16MB (=16777216) (default)
2019-10-10 01:15:59,083 [4b92f2f8-e489-47a4-a90a-1d3fa2a9a07f@group-75155D17A0F1-LeaderElection6] INFO  server.RaftServerConfigKeys (ConfUtils.java:logGet(43)) - raft.server.log.appender.buffer.byte-limit = 33554432 (custom)
2019-10-10 01:15:59,083 [4b92f2f8-e489-47a4-a90a-1d3fa2a9a07f@group-75155D17A0F1-LeaderElection6] INFO  server.RaftServerConfigKeys (ConfUtils.java:logGet(43)) - raft.server.log.appender.buffer.element-limit = 1 (custom)
2019-10-10 01:15:59,088 [4b92f2f8-e489-47a4-a90a-1d3fa2a9a07f@group-75155D17A0F1-LeaderElection6] INFO  grpc.GrpcConfigKeys$Server (ConfUtils.java:logGet(43)) - raft.grpc.server.leader.outstanding.appends.max = 128 (default)
2019-10-10 01:15:59,088 [4b92f2f8-e489-47a4-a90a-1d3fa2a9a07f@group-75155D17A0F1-LeaderElection6] INFO  server.RaftServerConfigKeys (ConfUtils.java:logGet(43)) - raft.server.rpc.request.timeout = 3000ms (default)
2019-10-10 01:15:59,088 [4b92f2f8-e489-47a4-a90a-1d3fa2a9a07f@group-75155D17A0F1-LeaderElection6] INFO  server.RaftServerConfigKeys (ConfUtils.java:logGet(43)) - raft.server.log.appender.install.snapshot.enabled = false (custom)
2019-10-10 01:15:59,089 [4b92f2f8-e489-47a4-a90a-1d3fa2a9a07f@group-75155D17A0F1-LeaderElection6] INFO  server.RaftServerConfigKeys (ConfUtils.java:logGet(43)) - raft.server.log.appender.snapshot.chunk.size.max = 16MB (=16777216) (default)
2019-10-10 01:15:59,090 [4b92f2f8-e489-47a4-a90a-1d3fa2a9a07f@group-75155D17A0F1-LeaderElection6] INFO  server.RaftServerConfigKeys (ConfUtils.java:logGet(43)) - raft.server.log.appender.buffer.byte-limit = 33554432 (custom)
2019-10-10 01:15:59,090 [4b92f2f8-e489-47a4-a90a-1d3fa2a9a07f@group-75155D17A0F1-LeaderElection6] INFO  server.RaftServerConfigKeys (ConfUtils.java:logGet(43)) - raft.server.log.appender.buffer.element-limit = 1 (custom)
2019-10-10 01:15:59,090 [4b92f2f8-e489-47a4-a90a-1d3fa2a9a07f@group-75155D17A0F1-LeaderElection6] INFO  grpc.GrpcConfigKeys$Server (ConfUtils.java:logGet(43)) - raft.grpc.server.leader.outstanding.appends.max = 128 (default)
2019-10-10 01:15:59,090 [4b92f2f8-e489-47a4-a90a-1d3fa2a9a07f@group-75155D17A0F1-LeaderElection6] INFO  server.RaftServerConfigKeys (ConfUtils.java:logGet(43)) - raft.server.rpc.request.timeout = 3000ms (default)
2019-10-10 01:15:59,091 [4b92f2f8-e489-47a4-a90a-1d3fa2a9a07f@group-75155D17A0F1-LeaderElection6] INFO  server.RaftServerConfigKeys (ConfUtils.java:logGet(43)) - raft.server.log.appender.install.snapshot.enabled = false (custom)
2019-10-10 01:15:59,092 [4b92f2f8-e489-47a4-a90a-1d3fa2a9a07f@group-75155D17A0F1-LeaderElection6] INFO  impl.RoleInfo (RoleInfo.java:updateAndGet(143)) - 4b92f2f8-e489-47a4-a90a-1d3fa2a9a07f: start LeaderState
2019-10-10 01:15:59,093 [4b92f2f8-e489-47a4-a90a-1d3fa2a9a07f@group-75155D17A0F1-LeaderElection6] INFO  segmented.SegmentedRaftLogWorker (SegmentedRaftLogWorker.java:startLogSegment(385)) - 4b92f2f8-e489-47a4-a90a-1d3fa2a9a07f@group-75155D17A0F1-SegmentedRaftLogWorker: Starting segment from index:0
2019-10-10 01:15:59,094 [4b92f2f8-e489-47a4-a90a-1d3fa2a9a07f@group-75155D17A0F1-LeaderElection6] INFO  impl.RaftServerImpl (ServerState.java:setRaftConf(356)) - 4b92f2f8-e489-47a4-a90a-1d3fa2a9a07f@group-75155D17A0F1: set configuration 0: [4b92f2f8-e489-47a4-a90a-1d3fa2a9a07f:192.168.151.118:35849, 993817e1-c77a-472e-865f-a6e34ffe7967:192.168.151.118:41261, fe8e0d95-22db-4b8a-875e-83bee4d716fb:192.168.151.118:34352], old=null at 0
2019-10-10 01:15:59,144 [4b92f2f8-e489-47a4-a90a-1d3fa2a9a07f@group-75155D17A0F1-SegmentedRaftLogWorker] INFO  segmented.SegmentedRaftLogWorker (SegmentedRaftLogWorker.java:execute(574)) - 4b92f2f8-e489-47a4-a90a-1d3fa2a9a07f@group-75155D17A0F1-SegmentedRaftLogWorker: created new log segment /workdir/hadoop-ozone/tools/target/test-dir/MiniOzoneClusterImpl-1e8b0e80-279c-49c4-ae13-42ed318b6149/datanode-4/data/ratis/180ca14c-1abb-4db4-aafd-75155d17a0f1/current/log_inprogress_0
2019-10-10 01:15:59,149 [grpc-default-executor-0] INFO  impl.RaftServerImpl (ServerState.java:setLeader(255)) - fe8e0d95-22db-4b8a-875e-83bee4d716fb@group-75155D17A0F1: change Leader from null to 4b92f2f8-e489-47a4-a90a-1d3fa2a9a07f at term 1 for appendEntries, leader elected after 5234ms
2019-10-10 01:15:59,149 [grpc-default-executor-1] INFO  impl.RaftServerImpl (ServerState.java:setLeader(255)) - 993817e1-c77a-472e-865f-a6e34ffe7967@group-75155D17A0F1: change Leader from null to 4b92f2f8-e489-47a4-a90a-1d3fa2a9a07f at term 1 for appendEntries, leader elected after 5234ms
2019-10-10 01:15:59,178 [grpc-default-executor-0] INFO  impl.RaftServerImpl (ServerState.java:setRaftConf(356)) - fe8e0d95-22db-4b8a-875e-83bee4d716fb@group-75155D17A0F1: set configuration 0: [4b92f2f8-e489-47a4-a90a-1d3fa2a9a07f:192.168.151.118:35849, 993817e1-c77a-472e-865f-a6e34ffe7967:192.168.151.118:41261, fe8e0d95-22db-4b8a-875e-83bee4d716fb:192.168.151.118:34352], old=null at 0
2019-10-10 01:15:59,178 [grpc-default-executor-1] INFO  impl.RaftServerImpl (ServerState.java:setRaftConf(356)) - 993817e1-c77a-472e-865f-a6e34ffe7967@group-75155D17A0F1: set configuration 0: [4b92f2f8-e489-47a4-a90a-1d3fa2a9a07f:192.168.151.118:35849, 993817e1-c77a-472e-865f-a6e34ffe7967:192.168.151.118:41261, fe8e0d95-22db-4b8a-875e-83bee4d716fb:192.168.151.118:34352], old=null at 0
2019-10-10 01:15:59,178 [grpc-default-executor-0] INFO  segmented.SegmentedRaftLogWorker (SegmentedRaftLogWorker.java:startLogSegment(385)) - fe8e0d95-22db-4b8a-875e-83bee4d716fb@group-75155D17A0F1-SegmentedRaftLogWorker: Starting segment from index:0
2019-10-10 01:15:59,178 [grpc-default-executor-1] INFO  segmented.SegmentedRaftLogWorker (SegmentedRaftLogWorker.java:startLogSegment(385)) - 993817e1-c77a-472e-865f-a6e34ffe7967@group-75155D17A0F1-SegmentedRaftLogWorker: Starting segment from index:0
2019-10-10 01:15:59,221 [993817e1-c77a-472e-865f-a6e34ffe7967@group-75155D17A0F1-SegmentedRaftLogWorker] INFO  segmented.SegmentedRaftLogWorker (SegmentedRaftLogWorker.java:execute(574)) - 993817e1-c77a-472e-865f-a6e34ffe7967@group-75155D17A0F1-SegmentedRaftLogWorker: created new log segment /workdir/hadoop-ozone/tools/target/test-dir/MiniOzoneClusterImpl-1e8b0e80-279c-49c4-ae13-42ed318b6149/datanode-0/data/ratis/180ca14c-1abb-4db4-aafd-75155d17a0f1/current/log_inprogress_0
2019-10-10 01:15:59,221 [fe8e0d95-22db-4b8a-875e-83bee4d716fb@group-75155D17A0F1-SegmentedRaftLogWorker] INFO  segmented.SegmentedRaftLogWorker (SegmentedRaftLogWorker.java:execute(574)) - fe8e0d95-22db-4b8a-875e-83bee4d716fb@group-75155D17A0F1-SegmentedRaftLogWorker: created new log segment /workdir/hadoop-ozone/tools/target/test-dir/MiniOzoneClusterImpl-1e8b0e80-279c-49c4-ae13-42ed318b6149/datanode-2/data/ratis/180ca14c-1abb-4db4-aafd-75155d17a0f1/current/log_inprogress_0
 0.00% |█                                                                                                    |  0/1 Time: 0:00:052019-10-10 01:15:59,693 [pool-66-thread-1] ERROR impl.ChunkManagerImpl (ChunkManagerDummyImpl.java:writeChunk(86)) - data array does not match the length specified. DataLen: 1048576 Byte Array: 1048749
2019-10-10 01:15:59,694 [pool-66-thread-1] ERROR impl.ChunkManagerDummyImpl (ChunkManagerDummyImpl.java:writeChunk(105)) - write data failed. error: {}
org.apache.hadoop.hdds.scm.container.common.helpers.StorageContainerException: data array does not match the length specified. DataLen: 1048576 Byte Array: 1048749
	at org.apache.hadoop.ozone.container.keyvalue.impl.ChunkManagerDummyImpl.writeChunk(ChunkManagerDummyImpl.java:87)
	at org.apache.hadoop.ozone.container.keyvalue.KeyValueHandler.handleWriteChunk(KeyValueHandler.java:696)
	at org.apache.hadoop.ozone.container.keyvalue.KeyValueHandler.handle(KeyValueHandler.java:176)
	at org.apache.hadoop.ozone.container.common.impl.HddsDispatcher.dispatchRequest(HddsDispatcher.java:277)
	at org.apache.hadoop.ozone.container.common.impl.HddsDispatcher.dispatch(HddsDispatcher.java:150)
	at org.apache.hadoop.ozone.container.common.transport.server.ratis.ContainerStateMachine.dispatchCommand(ContainerStateMachine.java:413)
	at org.apache.hadoop.ozone.container.common.transport.server.ratis.ContainerStateMachine.runCommand(ContainerStateMachine.java:423)
	at org.apache.hadoop.ozone.container.common.transport.server.ratis.ContainerStateMachine.lambda$handleWriteChunk$1(ContainerStateMachine.java:458)
	at java.util.concurrent.CompletableFuture$AsyncSupply.run(CompletableFuture.java:1590)
	at java.util.concurrent.ThreadPoolExecutor.runWorker(ThreadPoolExecutor.java:1149)
	at java.util.concurrent.ThreadPoolExecutor$Worker.run(ThreadPoolExecutor.java:624)
	at java.lang.Thread.run(Thread.java:748)
2019-10-10 01:15:59,773 [pool-66-thread-1] INFO  keyvalue.KeyValueHandler (ContainerUtils.java:logAndReturnError(146)) - Operation: WriteChunk : Trace ID: a21490a0e8815135:d50eff1b3933980a:3460afdd42d0416b:0 : Message: Internal error:  : Result: CONTAINER_INTERNAL_ERROR
2019-10-10 01:15:59,793 [EventQueue-IncrementalContainerReportForIncrementalContainerReportHandler] WARN  container.IncrementalContainerReportHandler (AbstractContainerReportHandler.java:updateContainerState(145)) - Container #1 is in OPEN state, but the datanode 4b92f2f8-e489-47a4-a90a-1d3fa2a9a07f{ip: 192.168.151.118, host: pr-hdds-2194-jqrdw-3579824535, networkLocation: /default-rack, certSerialId: null} reports an UNHEALTHY replica.
01:15:59.802 [pool-66-thread-1] ERROR DNAudit - user=null | ip=null | op=WRITE_CHUNK {blockData=conID: 1 locID: 102935439280635904 bcsId: 0} | ret=FAILURE
java.lang.Exception: Internal error: 
	at org.apache.hadoop.ozone.container.common.impl.HddsDispatcher.dispatchRequest(HddsDispatcher.java:332) ~[hadoop-hdds-container-service-0.5.0-SNAPSHOT.jar:?]
	at org.apache.hadoop.ozone.container.common.impl.HddsDispatcher.dispatch(HddsDispatcher.java:150) ~[hadoop-hdds-container-service-0.5.0-SNAPSHOT.jar:?]
	at org.apache.hadoop.ozone.container.common.transport.server.ratis.ContainerStateMachine.dispatchCommand(ContainerStateMachine.java:413) ~[hadoop-hdds-container-service-0.5.0-SNAPSHOT.jar:?]
	at org.apache.hadoop.ozone.container.common.transport.server.ratis.ContainerStateMachine.runCommand(ContainerStateMachine.java:423) ~[hadoop-hdds-container-service-0.5.0-SNAPSHOT.jar:?]
	at org.apache.hadoop.ozone.container.common.transport.server.ratis.ContainerStateMachine.lambda$handleWriteChunk$1(ContainerStateMachine.java:458) ~[hadoop-hdds-container-service-0.5.0-SNAPSHOT.jar:?]
	at java.util.concurrent.CompletableFuture$AsyncSupply.run(CompletableFuture.java:1590) [?:1.8.0_212]
	at java.util.concurrent.ThreadPoolExecutor.runWorker(ThreadPoolExecutor.java:1149) [?:1.8.0_212]
	at java.util.concurrent.ThreadPoolExecutor$Worker.run(ThreadPoolExecutor.java:624) [?:1.8.0_212]
	at java.lang.Thread.run(Thread.java:748) [?:1.8.0_212]
2019-10-10 01:15:59,821 [pool-66-thread-1] ERROR ratis.ContainerStateMachine (ContainerStateMachine.java:lambda$handleWriteChunk$2(480)) - group-75155D17A0F1: writeChunk writeStateMachineData failed: blockIdcontainerID: 1
localID: 102935439280635904
blockCommitSequenceId: 0
 logIndex 1 chunkName 102935439280635904_chunk_1 Error message: Internal error:  Container Result: CONTAINER_INTERNAL_ERROR
2019-10-10 01:15:59,833 [4b92f2f8-e489-47a4-a90a-1d3fa2a9a07f@group-75155D17A0F1-SegmentedRaftLogWorker] ERROR ratis.XceiverServerRatis (XceiverServerRatis.java:triggerPipelineClose(582)) - pipeline Action CLOSE  on pipeline PipelineID=180ca14c-1abb-4db4-aafd-75155d17a0f1.Reason : Internal error: 
2019-10-10 01:15:59,834 [4b92f2f8-e489-47a4-a90a-1d3fa2a9a07f@group-75155D17A0F1-SegmentedRaftLogWorker] ERROR ratis.XceiverServerRatis (XceiverServerRatis.java:triggerPipelineClose(582)) - pipeline Action CLOSE  on pipeline PipelineID=180ca14c-1abb-4db4-aafd-75155d17a0f1.Reason : Log already failed at index 1 for task WriteLog:1: (t:1, i:1), STATEMACHINELOGENTRY, client-B56066EDB212, cid=8
2019-10-10 01:15:59,839 [EventQueue-PipelineActionsForPipelineActionHandler] ERROR pipeline.PipelineActionHandler (PipelineActionHandler.java:onMessage(60)) - Received pipeline action CLOSE for Pipeline[ Id: 180ca14c-1abb-4db4-aafd-75155d17a0f1, Nodes: 4b92f2f8-e489-47a4-a90a-1d3fa2a9a07f{ip: 192.168.151.118, host: pr-hdds-2194-jqrdw-3579824535, networkLocation: /default-rack, certSerialId: null}fe8e0d95-22db-4b8a-875e-83bee4d716fb{ip: 192.168.151.118, host: pr-hdds-2194-jqrdw-3579824535, networkLocation: /default-rack, certSerialId: null}993817e1-c77a-472e-865f-a6e34ffe7967{ip: 192.168.151.118, host: pr-hdds-2194-jqrdw-3579824535, networkLocation: /default-rack, certSerialId: null}, Type:RATIS, Factor:THREE, State:OPEN] from datanode 4b92f2f8-e489-47a4-a90a-1d3fa2a9a07f{ip: 192.168.151.118, host: pr-hdds-2194-jqrdw-3579824535, networkLocation: /default-rack, certSerialId: null}. Reason : Internal error: 
2019-10-10 01:15:59,840 [EventQueue-PipelineActionsForPipelineActionHandler] INFO  pipeline.SCMPipelineManager (SCMPipelineManager.java:finalizeAndDestroyPipeline(315)) - destroying pipeline:Pipeline[ Id: 180ca14c-1abb-4db4-aafd-75155d17a0f1, Nodes: 4b92f2f8-e489-47a4-a90a-1d3fa2a9a07f{ip: 192.168.151.118, host: pr-hdds-2194-jqrdw-3579824535, networkLocation: /default-rack, certSerialId: null}fe8e0d95-22db-4b8a-875e-83bee4d716fb{ip: 192.168.151.118, host: pr-hdds-2194-jqrdw-3579824535, networkLocation: /default-rack, certSerialId: null}993817e1-c77a-472e-865f-a6e34ffe7967{ip: 192.168.151.118, host: pr-hdds-2194-jqrdw-3579824535, networkLocation: /default-rack, certSerialId: null}, Type:RATIS, Factor:THREE, State:OPEN]
2019-10-10 01:15:59,840 [EventQueue-CloseContainerForCloseContainerEventHandler] INFO  container.CloseContainerEventHandler (CloseContainerEventHandler.java:onMessage(61)) - Close container Event triggered for container : #1
2019-10-10 01:15:59,842 [EventQueue-PipelineActionsForPipelineActionHandler] INFO  pipeline.PipelineStateManager (PipelineStateManager.java:finalizePipeline(123)) - Pipeline Pipeline[ Id: 180ca14c-1abb-4db4-aafd-75155d17a0f1, Nodes: 4b92f2f8-e489-47a4-a90a-1d3fa2a9a07f{ip: 192.168.151.118, host: pr-hdds-2194-jqrdw-3579824535, networkLocation: /default-rack, certSerialId: null}fe8e0d95-22db-4b8a-875e-83bee4d716fb{ip: 192.168.151.118, host: pr-hdds-2194-jqrdw-3579824535, networkLocation: /default-rack, certSerialId: null}993817e1-c77a-472e-865f-a6e34ffe7967{ip: 192.168.151.118, host: pr-hdds-2194-jqrdw-3579824535, networkLocation: /default-rack, certSerialId: null}, Type:RATIS, Factor:THREE, State:CLOSED] moved to CLOSED state
2019-10-10 01:15:59,847 [EventQueue-CloseContainerForCloseContainerEventHandler] INFO  container.CloseContainerEventHandler (CloseContainerEventHandler.java:onMessage(61)) - Close container Event triggered for container : #1
2019-10-10 01:15:59,847 [EventQueue-CloseContainerForCloseContainerEventHandler] INFO  container.CloseContainerEventHandler (CloseContainerEventHandler.java:onMessage(61)) - Close container Event triggered for container : #2
2019-10-10 01:15:59,848 [EventQueue-CloseContainerForCloseContainerEventHandler] INFO  container.CloseContainerEventHandler (CloseContainerEventHandler.java:onMessage(61)) - Close container Event triggered for container : #3
 0.00% |█                                                                                                    |  0/1 Time: 0:00:062019-10-10 01:16:00,857 [Command processor thread] ERROR commandhandler.CloseContainerCommandHandler (CloseContainerCommandHandler.java:handle(84)) - Container #2 does not exist in datanode. Container close failed.
2019-10-10 01:16:00,859 [Command processor thread] ERROR commandhandler.CloseContainerCommandHandler (CloseContainerCommandHandler.java:handle(84)) - Container #3 does not exist in datanode. Container close failed.
2019-10-10 01:16:00,880 [Command processor thread] ERROR commandhandler.CloseContainerCommandHandler (CloseContainerCommandHandler.java:handle(84)) - Container #2 does not exist in datanode. Container close failed.
2019-10-10 01:16:00,880 [Command processor thread] ERROR commandhandler.CloseContainerCommandHandler (CloseContainerCommandHandler.java:handle(84)) - Container #2 does not exist in datanode. Container close failed.
2019-10-10 01:16:00,881 [Command processor thread] ERROR commandhandler.CloseContainerCommandHandler (CloseContainerCommandHandler.java:handle(84)) - Container #3 does not exist in datanode. Container close failed.
2019-10-10 01:16:00,882 [Command processor thread] ERROR commandhandler.CloseContainerCommandHandler (CloseContainerCommandHandler.java:handle(84)) - Container #3 does not exist in datanode. Container close failed.
 0.00% |█                                                                                                    |  0/1 Time: 0:00:07 0.00% |█                                                                                                    |  0/1 Time: 0:00:082019-10-10 01:16:02,493 [java.util.concurrent.ThreadPoolExecutor$Worker@2db7de9e[State = -1, empty queue]] ERROR client.GrpcClientProtocolClient (GrpcClientProtocolClient.java:close(148)) - Unexpected exception while waiting for channel termination
java.lang.InterruptedException
	at java.util.concurrent.locks.AbstractQueuedSynchronizer.tryAcquireSharedNanos(AbstractQueuedSynchronizer.java:1326)
	at java.util.concurrent.CountDownLatch.await(CountDownLatch.java:277)
	at org.apache.ratis.thirdparty.io.grpc.internal.ManagedChannelImpl.awaitTermination(ManagedChannelImpl.java:763)
	at org.apache.ratis.thirdparty.io.grpc.internal.ForwardingManagedChannel.awaitTermination(ForwardingManagedChannel.java:57)
	at org.apache.ratis.thirdparty.io.grpc.internal.ManagedChannelOrphanWrapper.awaitTermination(ManagedChannelOrphanWrapper.java:70)
	at org.apache.ratis.grpc.client.GrpcClientProtocolClient.close(GrpcClientProtocolClient.java:146)
	at org.apache.ratis.util.PeerProxyMap$PeerAndProxy.lambda$close$1(PeerProxyMap.java:74)
	at org.apache.ratis.util.LifeCycle.lambda$checkStateAndClose$2(LifeCycle.java:231)
	at org.apache.ratis.util.LifeCycle.checkStateAndClose(LifeCycle.java:251)
	at org.apache.ratis.util.LifeCycle.checkStateAndClose(LifeCycle.java:229)
	at org.apache.ratis.util.PeerProxyMap$PeerAndProxy.close(PeerProxyMap.java:70)
	at org.apache.ratis.util.PeerProxyMap.resetProxy(PeerProxyMap.java:127)
	at org.apache.ratis.util.PeerProxyMap.handleException(PeerProxyMap.java:136)
	at org.apache.ratis.client.impl.RaftClientRpcWithProxy.handleException(RaftClientRpcWithProxy.java:47)
	at org.apache.ratis.client.impl.RaftClientImpl.handleIOException(RaftClientImpl.java:372)
	at org.apache.ratis.client.impl.OrderedAsync.lambda$sendRequest$10(OrderedAsync.java:236)
	at java.util.concurrent.CompletableFuture.uniExceptionally(CompletableFuture.java:870)
	at java.util.concurrent.CompletableFuture$UniExceptionally.tryFire(CompletableFuture.java:852)
	at java.util.concurrent.CompletableFuture.postComplete(CompletableFuture.java:474)
	at java.util.concurrent.CompletableFuture.completeExceptionally(CompletableFuture.java:1977)
	at org.apache.ratis.grpc.client.GrpcClientProtocolClient$AsyncStreamObservers.lambda$timeoutCheck$3(GrpcClientProtocolClient.java:324)
	at java.util.Optional.ifPresent(Optional.java:159)
	at org.apache.ratis.grpc.client.GrpcClientProtocolClient$AsyncStreamObservers.handleReplyFuture(GrpcClientProtocolClient.java:329)
	at org.apache.ratis.grpc.client.GrpcClientProtocolClient$AsyncStreamObservers.timeoutCheck(GrpcClientProtocolClient.java:324)
	at org.apache.ratis.grpc.client.GrpcClientProtocolClient$AsyncStreamObservers.lambda$onNext$1(GrpcClientProtocolClient.java:318)
	at org.apache.ratis.util.TimeoutScheduler.lambda$onTimeout$0(TimeoutScheduler.java:113)
	at org.apache.ratis.util.TimeoutScheduler.lambda$onTimeout$1(TimeoutScheduler.java:133)
	at org.apache.ratis.util.LogUtils.runAndLog(LogUtils.java:50)
	at org.apache.ratis.util.LogUtils$1.run(LogUtils.java:91)
	at java.util.concurrent.Executors$RunnableAdapter.call(Executors.java:511)
	at java.util.concurrent.FutureTask.run(FutureTask.java:266)
	at java.util.concurrent.ScheduledThreadPoolExecutor$ScheduledFutureTask.access$201(ScheduledThreadPoolExecutor.java:180)
	at java.util.concurrent.ScheduledThreadPoolExecutor$ScheduledFutureTask.run(ScheduledThreadPoolExecutor.java:293)
	at java.util.concurrent.ThreadPoolExecutor.runWorker(ThreadPoolExecutor.java:1149)
	at java.util.concurrent.ThreadPoolExecutor$Worker.run(ThreadPoolExecutor.java:624)
	at java.lang.Thread.run(Thread.java:748)
2019-10-10 01:16:02,494 [java.util.concurrent.ThreadPoolExecutor$Worker@2db7de9e[State = -1, empty queue]] WARN  util.TimeoutScheduler (LogUtils.java:runAndLog(55)) - Failed to task #0: java.lang.NullPointerException
 0.00% |█                                                                                                    |  0/1 Time: 0:00:09 0.00% |█                                                                                                    |  0/1 Time: 0:00:10 0.00% |█                                                                                                    |  0/1 Time: 0:00:11 0.00% |█                                                                                                    |  0/1 Time: 0:00:122019-10-10 01:16:06,540 [java.util.concurrent.ThreadPoolExecutor$Worker@464060dc[State = -1, empty queue]] ERROR client.GrpcClientProtocolClient (GrpcClientProtocolClient.java:close(148)) - Unexpected exception while waiting for channel termination
java.lang.InterruptedException
	at java.util.concurrent.locks.AbstractQueuedSynchronizer.tryAcquireSharedNanos(AbstractQueuedSynchronizer.java:1326)
	at java.util.concurrent.CountDownLatch.await(CountDownLatch.java:277)
	at org.apache.ratis.thirdparty.io.grpc.internal.ManagedChannelImpl.awaitTermination(ManagedChannelImpl.java:763)
	at org.apache.ratis.thirdparty.io.grpc.internal.ForwardingManagedChannel.awaitTermination(ForwardingManagedChannel.java:57)
	at org.apache.ratis.thirdparty.io.grpc.internal.ManagedChannelOrphanWrapper.awaitTermination(ManagedChannelOrphanWrapper.java:70)
	at org.apache.ratis.grpc.client.GrpcClientProtocolClient.close(GrpcClientProtocolClient.java:146)
	at org.apache.ratis.util.PeerProxyMap$PeerAndProxy.lambda$close$1(PeerProxyMap.java:74)
	at org.apache.ratis.util.LifeCycle.lambda$checkStateAndClose$2(LifeCycle.java:231)
	at org.apache.ratis.util.LifeCycle.checkStateAndClose(LifeCycle.java:251)
	at org.apache.ratis.util.LifeCycle.checkStateAndClose(LifeCycle.java:229)
	at org.apache.ratis.util.PeerProxyMap$PeerAndProxy.close(PeerProxyMap.java:70)
	at org.apache.ratis.util.PeerProxyMap.resetProxy(PeerProxyMap.java:127)
	at org.apache.ratis.util.PeerProxyMap.handleException(PeerProxyMap.java:136)
	at org.apache.ratis.client.impl.RaftClientRpcWithProxy.handleException(RaftClientRpcWithProxy.java:47)
	at org.apache.ratis.client.impl.RaftClientImpl.handleIOException(RaftClientImpl.java:372)
	at org.apache.ratis.client.impl.OrderedAsync.lambda$sendRequest$10(OrderedAsync.java:236)
	at java.util.concurrent.CompletableFuture.uniExceptionally(CompletableFuture.java:870)
	at java.util.concurrent.CompletableFuture$UniExceptionally.tryFire(CompletableFuture.java:852)
	at java.util.concurrent.CompletableFuture.postComplete(CompletableFuture.java:474)
	at java.util.concurrent.CompletableFuture.completeExceptionally(CompletableFuture.java:1977)
	at org.apache.ratis.grpc.client.GrpcClientProtocolClient$AsyncStreamObservers.lambda$timeoutCheck$3(GrpcClientProtocolClient.java:324)
	at java.util.Optional.ifPresent(Optional.java:159)
	at org.apache.ratis.grpc.client.GrpcClientProtocolClient$AsyncStreamObservers.handleReplyFuture(GrpcClientProtocolClient.java:329)
	at org.apache.ratis.grpc.client.GrpcClientProtocolClient$AsyncStreamObservers.timeoutCheck(GrpcClientProtocolClient.java:324)
	at org.apache.ratis.grpc.client.GrpcClientProtocolClient$AsyncStreamObservers.lambda$onNext$1(GrpcClientProtocolClient.java:318)
	at org.apache.ratis.util.TimeoutScheduler.lambda$onTimeout$0(TimeoutScheduler.java:113)
	at org.apache.ratis.util.TimeoutScheduler.lambda$onTimeout$1(TimeoutScheduler.java:133)
	at org.apache.ratis.util.LogUtils.runAndLog(LogUtils.java:50)
	at org.apache.ratis.util.LogUtils$1.run(LogUtils.java:91)
	at java.util.concurrent.Executors$RunnableAdapter.call(Executors.java:511)
	at java.util.concurrent.FutureTask.run(FutureTask.java:266)
	at java.util.concurrent.ScheduledThreadPoolExecutor$ScheduledFutureTask.access$201(ScheduledThreadPoolExecutor.java:180)
	at java.util.concurrent.ScheduledThreadPoolExecutor$ScheduledFutureTask.run(ScheduledThreadPoolExecutor.java:293)
	at java.util.concurrent.ThreadPoolExecutor.runWorker(ThreadPoolExecutor.java:1149)
	at java.util.concurrent.ThreadPoolExecutor$Worker.run(ThreadPoolExecutor.java:624)
	at java.lang.Thread.run(Thread.java:748)
2019-10-10 01:16:06,543 [java.util.concurrent.ThreadPoolExecutor$Worker@464060dc[State = -1, empty queue]] WARN  util.TimeoutScheduler (LogUtils.java:runAndLog(55)) - Failed to task #0: java.lang.NullPointerException
 0.00% |█                                                                                                    |  0/1 Time: 0:00:13 0.00% |█                                                                                                    |  0/1 Time: 0:00:14 0.00% |█                                                                                                    |  0/1 Time: 0:00:15 0.00% |█                                                                                                    |  0/1 Time: 0:00:162019-10-10 01:16:10,597 [java.util.concurrent.ThreadPoolExecutor$Worker@1ef8a584[State = -1, empty queue]] ERROR client.GrpcClientProtocolClient (GrpcClientProtocolClient.java:close(148)) - Unexpected exception while waiting for channel termination
java.lang.InterruptedException
	at java.util.concurrent.locks.AbstractQueuedSynchronizer.tryAcquireSharedNanos(AbstractQueuedSynchronizer.java:1326)
	at java.util.concurrent.CountDownLatch.await(CountDownLatch.java:277)
	at org.apache.ratis.thirdparty.io.grpc.internal.ManagedChannelImpl.awaitTermination(ManagedChannelImpl.java:763)
	at org.apache.ratis.thirdparty.io.grpc.internal.ForwardingManagedChannel.awaitTermination(ForwardingManagedChannel.java:57)
	at org.apache.ratis.thirdparty.io.grpc.internal.ManagedChannelOrphanWrapper.awaitTermination(ManagedChannelOrphanWrapper.java:70)
	at org.apache.ratis.grpc.client.GrpcClientProtocolClient.close(GrpcClientProtocolClient.java:146)
	at org.apache.ratis.util.PeerProxyMap$PeerAndProxy.lambda$close$1(PeerProxyMap.java:74)
	at org.apache.ratis.util.LifeCycle.lambda$checkStateAndClose$2(LifeCycle.java:231)
	at org.apache.ratis.util.LifeCycle.checkStateAndClose(LifeCycle.java:251)
	at org.apache.ratis.util.LifeCycle.checkStateAndClose(LifeCycle.java:229)
	at org.apache.ratis.util.PeerProxyMap$PeerAndProxy.close(PeerProxyMap.java:70)
	at org.apache.ratis.util.PeerProxyMap.resetProxy(PeerProxyMap.java:127)
	at org.apache.ratis.util.PeerProxyMap.handleException(PeerProxyMap.java:136)
	at org.apache.ratis.client.impl.RaftClientRpcWithProxy.handleException(RaftClientRpcWithProxy.java:47)
	at org.apache.ratis.client.impl.RaftClientImpl.handleIOException(RaftClientImpl.java:372)
	at org.apache.ratis.client.impl.OrderedAsync.lambda$sendRequest$10(OrderedAsync.java:236)
	at java.util.concurrent.CompletableFuture.uniExceptionally(CompletableFuture.java:870)
	at java.util.concurrent.CompletableFuture$UniExceptionally.tryFire(CompletableFuture.java:852)
	at java.util.concurrent.CompletableFuture.postComplete(CompletableFuture.java:474)
	at java.util.concurrent.CompletableFuture.completeExceptionally(CompletableFuture.java:1977)
	at org.apache.ratis.grpc.client.GrpcClientProtocolClient$AsyncStreamObservers.lambda$timeoutCheck$3(GrpcClientProtocolClient.java:324)
	at java.util.Optional.ifPresent(Optional.java:159)
	at org.apache.ratis.grpc.client.GrpcClientProtocolClient$AsyncStreamObservers.handleReplyFuture(GrpcClientProtocolClient.java:329)
	at org.apache.ratis.grpc.client.GrpcClientProtocolClient$AsyncStreamObservers.timeoutCheck(GrpcClientProtocolClient.java:324)
	at org.apache.ratis.grpc.client.GrpcClientProtocolClient$AsyncStreamObservers.lambda$onNext$1(GrpcClientProtocolClient.java:318)
	at org.apache.ratis.util.TimeoutScheduler.lambda$onTimeout$0(TimeoutScheduler.java:113)
	at org.apache.ratis.util.TimeoutScheduler.lambda$onTimeout$1(TimeoutScheduler.java:133)
	at org.apache.ratis.util.LogUtils.runAndLog(LogUtils.java:50)
	at org.apache.ratis.util.LogUtils$1.run(LogUtils.java:91)
	at java.util.concurrent.Executors$RunnableAdapter.call(Executors.java:511)
	at java.util.concurrent.FutureTask.run(FutureTask.java:266)
	at java.util.concurrent.ScheduledThreadPoolExecutor$ScheduledFutureTask.access$201(ScheduledThreadPoolExecutor.java:180)
	at java.util.concurrent.ScheduledThreadPoolExecutor$ScheduledFutureTask.run(ScheduledThreadPoolExecutor.java:293)
	at java.util.concurrent.ThreadPoolExecutor.runWorker(ThreadPoolExecutor.java:1149)
	at java.util.concurrent.ThreadPoolExecutor$Worker.run(ThreadPoolExecutor.java:624)
	at java.lang.Thread.run(Thread.java:748)
2019-10-10 01:16:10,600 [java.util.concurrent.ThreadPoolExecutor$Worker@1ef8a584[State = -1, empty queue]] WARN  util.TimeoutScheduler (LogUtils.java:runAndLog(55)) - Failed to task #0: java.lang.NullPointerException
 0.00% |█                                                                                                    |  0/1 Time: 0:00:17 0.00% |█                                                                                                    |  0/1 Time: 0:00:18 0.00% |█                                                                                                    |  0/1 Time: 0:00:19 0.00% |█                                                                                                    |  0/1 Time: 0:00:202019-10-10 01:16:14,650 [java.util.concurrent.ThreadPoolExecutor$Worker@73b364e6[State = -1, empty queue]] ERROR client.GrpcClientProtocolClient (GrpcClientProtocolClient.java:close(148)) - Unexpected exception while waiting for channel termination
java.lang.InterruptedException
	at java.util.concurrent.locks.AbstractQueuedSynchronizer.tryAcquireSharedNanos(AbstractQueuedSynchronizer.java:1326)
	at java.util.concurrent.CountDownLatch.await(CountDownLatch.java:277)
	at org.apache.ratis.thirdparty.io.grpc.internal.ManagedChannelImpl.awaitTermination(ManagedChannelImpl.java:763)
	at org.apache.ratis.thirdparty.io.grpc.internal.ForwardingManagedChannel.awaitTermination(ForwardingManagedChannel.java:57)
	at org.apache.ratis.thirdparty.io.grpc.internal.ManagedChannelOrphanWrapper.awaitTermination(ManagedChannelOrphanWrapper.java:70)
	at org.apache.ratis.grpc.client.GrpcClientProtocolClient.close(GrpcClientProtocolClient.java:146)
	at org.apache.ratis.util.PeerProxyMap$PeerAndProxy.lambda$close$1(PeerProxyMap.java:74)
	at org.apache.ratis.util.LifeCycle.lambda$checkStateAndClose$2(LifeCycle.java:231)
	at org.apache.ratis.util.LifeCycle.checkStateAndClose(LifeCycle.java:251)
	at org.apache.ratis.util.LifeCycle.checkStateAndClose(LifeCycle.java:229)
	at org.apache.ratis.util.PeerProxyMap$PeerAndProxy.close(PeerProxyMap.java:70)
	at org.apache.ratis.util.PeerProxyMap.resetProxy(PeerProxyMap.java:127)
	at org.apache.ratis.util.PeerProxyMap.handleException(PeerProxyMap.java:136)
	at org.apache.ratis.client.impl.RaftClientRpcWithProxy.handleException(RaftClientRpcWithProxy.java:47)
	at org.apache.ratis.client.impl.RaftClientImpl.handleIOException(RaftClientImpl.java:372)
	at org.apache.ratis.client.impl.OrderedAsync.lambda$sendRequest$10(OrderedAsync.java:236)
	at java.util.concurrent.CompletableFuture.uniExceptionally(CompletableFuture.java:870)
	at java.util.concurrent.CompletableFuture$UniExceptionally.tryFire(CompletableFuture.java:852)
	at java.util.concurrent.CompletableFuture.postComplete(CompletableFuture.java:474)
	at java.util.concurrent.CompletableFuture.completeExceptionally(CompletableFuture.java:1977)
	at org.apache.ratis.grpc.client.GrpcClientProtocolClient$AsyncStreamObservers.lambda$timeoutCheck$3(GrpcClientProtocolClient.java:324)
	at java.util.Optional.ifPresent(Optional.java:159)
	at org.apache.ratis.grpc.client.GrpcClientProtocolClient$AsyncStreamObservers.handleReplyFuture(GrpcClientProtocolClient.java:329)
	at org.apache.ratis.grpc.client.GrpcClientProtocolClient$AsyncStreamObservers.timeoutCheck(GrpcClientProtocolClient.java:324)
	at org.apache.ratis.grpc.client.GrpcClientProtocolClient$AsyncStreamObservers.lambda$onNext$1(GrpcClientProtocolClient.java:318)
	at org.apache.ratis.util.TimeoutScheduler.lambda$onTimeout$0(TimeoutScheduler.java:113)
	at org.apache.ratis.util.TimeoutScheduler.lambda$onTimeout$1(TimeoutScheduler.java:133)
	at org.apache.ratis.util.LogUtils.runAndLog(LogUtils.java:50)
	at org.apache.ratis.util.LogUtils$1.run(LogUtils.java:91)
	at java.util.concurrent.Executors$RunnableAdapter.call(Executors.java:511)
	at java.util.concurrent.FutureTask.run(FutureTask.java:266)
	at java.util.concurrent.ScheduledThreadPoolExecutor$ScheduledFutureTask.access$201(ScheduledThreadPoolExecutor.java:180)
	at java.util.concurrent.ScheduledThreadPoolExecutor$ScheduledFutureTask.run(ScheduledThreadPoolExecutor.java:293)
	at java.util.concurrent.ThreadPoolExecutor.runWorker(ThreadPoolExecutor.java:1149)
	at java.util.concurrent.ThreadPoolExecutor$Worker.run(ThreadPoolExecutor.java:624)
	at java.lang.Thread.run(Thread.java:748)
2019-10-10 01:16:14,653 [java.util.concurrent.ThreadPoolExecutor$Worker@73b364e6[State = -1, empty queue]] WARN  util.TimeoutScheduler (LogUtils.java:runAndLog(55)) - Failed to task #0: java.lang.NullPointerException
 0.00% |█                                                                                                    |  0/1 Time: 0:00:21 0.00% |█                                                                                                    |  0/1 Time: 0:00:22 0.00% |█                                                                                                    |  0/1 Time: 0:00:23 0.00% |█                                                                                                    |  0/1 Time: 0:00:242019-10-10 01:16:18,718 [java.util.concurrent.ThreadPoolExecutor$Worker@7416a5c8[State = -1, empty queue]] ERROR client.GrpcClientProtocolClient (GrpcClientProtocolClient.java:close(148)) - Unexpected exception while waiting for channel termination
java.lang.InterruptedException
	at java.util.concurrent.locks.AbstractQueuedSynchronizer.tryAcquireSharedNanos(AbstractQueuedSynchronizer.java:1326)
	at java.util.concurrent.CountDownLatch.await(CountDownLatch.java:277)
	at org.apache.ratis.thirdparty.io.grpc.internal.ManagedChannelImpl.awaitTermination(ManagedChannelImpl.java:763)
	at org.apache.ratis.thirdparty.io.grpc.internal.ForwardingManagedChannel.awaitTermination(ForwardingManagedChannel.java:57)
	at org.apache.ratis.thirdparty.io.grpc.internal.ManagedChannelOrphanWrapper.awaitTermination(ManagedChannelOrphanWrapper.java:70)
	at org.apache.ratis.grpc.client.GrpcClientProtocolClient.close(GrpcClientProtocolClient.java:146)
	at org.apache.ratis.util.PeerProxyMap$PeerAndProxy.lambda$close$1(PeerProxyMap.java:74)
	at org.apache.ratis.util.LifeCycle.lambda$checkStateAndClose$2(LifeCycle.java:231)
	at org.apache.ratis.util.LifeCycle.checkStateAndClose(LifeCycle.java:251)
	at org.apache.ratis.util.LifeCycle.checkStateAndClose(LifeCycle.java:229)
	at org.apache.ratis.util.PeerProxyMap$PeerAndProxy.close(PeerProxyMap.java:70)
	at org.apache.ratis.util.PeerProxyMap.resetProxy(PeerProxyMap.java:127)
	at org.apache.ratis.util.PeerProxyMap.handleException(PeerProxyMap.java:136)
	at org.apache.ratis.client.impl.RaftClientRpcWithProxy.handleException(RaftClientRpcWithProxy.java:47)
	at org.apache.ratis.client.impl.RaftClientImpl.handleIOException(RaftClientImpl.java:372)
	at org.apache.ratis.client.impl.OrderedAsync.lambda$sendRequest$10(OrderedAsync.java:236)
	at java.util.concurrent.CompletableFuture.uniExceptionally(CompletableFuture.java:870)
	at java.util.concurrent.CompletableFuture$UniExceptionally.tryFire(CompletableFuture.java:852)
	at java.util.concurrent.CompletableFuture.postComplete(CompletableFuture.java:474)
	at java.util.concurrent.CompletableFuture.completeExceptionally(CompletableFuture.java:1977)
	at org.apache.ratis.grpc.client.GrpcClientProtocolClient$AsyncStreamObservers.lambda$timeoutCheck$3(GrpcClientProtocolClient.java:324)
	at java.util.Optional.ifPresent(Optional.java:159)
	at org.apache.ratis.grpc.client.GrpcClientProtocolClient$AsyncStreamObservers.handleReplyFuture(GrpcClientProtocolClient.java:329)
	at org.apache.ratis.grpc.client.GrpcClientProtocolClient$AsyncStreamObservers.timeoutCheck(GrpcClientProtocolClient.java:324)
	at org.apache.ratis.grpc.client.GrpcClientProtocolClient$AsyncStreamObservers.lambda$onNext$1(GrpcClientProtocolClient.java:318)
	at org.apache.ratis.util.TimeoutScheduler.lambda$onTimeout$0(TimeoutScheduler.java:113)
	at org.apache.ratis.util.TimeoutScheduler.lambda$onTimeout$1(TimeoutScheduler.java:133)
	at org.apache.ratis.util.LogUtils.runAndLog(LogUtils.java:50)
	at org.apache.ratis.util.LogUtils$1.run(LogUtils.java:91)
	at java.util.concurrent.Executors$RunnableAdapter.call(Executors.java:511)
	at java.util.concurrent.FutureTask.run(FutureTask.java:266)
	at java.util.concurrent.ScheduledThreadPoolExecutor$ScheduledFutureTask.access$201(ScheduledThreadPoolExecutor.java:180)
	at java.util.concurrent.ScheduledThreadPoolExecutor$ScheduledFutureTask.run(ScheduledThreadPoolExecutor.java:293)
	at java.util.concurrent.ThreadPoolExecutor.runWorker(ThreadPoolExecutor.java:1149)
	at java.util.concurrent.ThreadPoolExecutor$Worker.run(ThreadPoolExecutor.java:624)
	at java.lang.Thread.run(Thread.java:748)
2019-10-10 01:16:18,719 [java.util.concurrent.ThreadPoolExecutor$Worker@7416a5c8[State = -1, empty queue]] WARN  util.TimeoutScheduler (LogUtils.java:runAndLog(55)) - Failed to task #0: java.lang.NullPointerException
 0.00% |█                                                                                                    |  0/1 Time: 0:00:25 0.00% |█                                                                                                    |  0/1 Time: 0:00:26 0.00% |█                                                                                                    |  0/1 Time: 0:00:27 0.00% |█                                                                                                    |  0/1 Time: 0:00:282019-10-10 01:16:22,759 [java.util.concurrent.ThreadPoolExecutor$Worker@10795cf2[State = -1, empty queue]] ERROR client.GrpcClientProtocolClient (GrpcClientProtocolClient.java:close(148)) - Unexpected exception while waiting for channel termination
java.lang.InterruptedException
	at java.util.concurrent.locks.AbstractQueuedSynchronizer.tryAcquireSharedNanos(AbstractQueuedSynchronizer.java:1326)
	at java.util.concurrent.CountDownLatch.await(CountDownLatch.java:277)
	at org.apache.ratis.thirdparty.io.grpc.internal.ManagedChannelImpl.awaitTermination(ManagedChannelImpl.java:763)
	at org.apache.ratis.thirdparty.io.grpc.internal.ForwardingManagedChannel.awaitTermination(ForwardingManagedChannel.java:57)
	at org.apache.ratis.thirdparty.io.grpc.internal.ManagedChannelOrphanWrapper.awaitTermination(ManagedChannelOrphanWrapper.java:70)
	at org.apache.ratis.grpc.client.GrpcClientProtocolClient.close(GrpcClientProtocolClient.java:146)
	at org.apache.ratis.util.PeerProxyMap$PeerAndProxy.lambda$close$1(PeerProxyMap.java:74)
	at org.apache.ratis.util.LifeCycle.lambda$checkStateAndClose$2(LifeCycle.java:231)
	at org.apache.ratis.util.LifeCycle.checkStateAndClose(LifeCycle.java:251)
	at org.apache.ratis.util.LifeCycle.checkStateAndClose(LifeCycle.java:229)
	at org.apache.ratis.util.PeerProxyMap$PeerAndProxy.close(PeerProxyMap.java:70)
	at org.apache.ratis.util.PeerProxyMap.resetProxy(PeerProxyMap.java:127)
	at org.apache.ratis.util.PeerProxyMap.handleException(PeerProxyMap.java:136)
	at org.apache.ratis.client.impl.RaftClientRpcWithProxy.handleException(RaftClientRpcWithProxy.java:47)
	at org.apache.ratis.client.impl.RaftClientImpl.handleIOException(RaftClientImpl.java:372)
	at org.apache.ratis.client.impl.OrderedAsync.lambda$sendRequest$10(OrderedAsync.java:236)
	at java.util.concurrent.CompletableFuture.uniExceptionally(CompletableFuture.java:870)
	at java.util.concurrent.CompletableFuture$UniExceptionally.tryFire(CompletableFuture.java:852)
	at java.util.concurrent.CompletableFuture.postComplete(CompletableFuture.java:474)
	at java.util.concurrent.CompletableFuture.completeExceptionally(CompletableFuture.java:1977)
	at org.apache.ratis.grpc.client.GrpcClientProtocolClient$AsyncStreamObservers.lambda$timeoutCheck$3(GrpcClientProtocolClient.java:324)
	at java.util.Optional.ifPresent(Optional.java:159)
	at org.apache.ratis.grpc.client.GrpcClientProtocolClient$AsyncStreamObservers.handleReplyFuture(GrpcClientProtocolClient.java:329)
	at org.apache.ratis.grpc.client.GrpcClientProtocolClient$AsyncStreamObservers.timeoutCheck(GrpcClientProtocolClient.java:324)
	at org.apache.ratis.grpc.client.GrpcClientProtocolClient$AsyncStreamObservers.lambda$onNext$1(GrpcClientProtocolClient.java:318)
	at org.apache.ratis.util.TimeoutScheduler.lambda$onTimeout$0(TimeoutScheduler.java:113)
	at org.apache.ratis.util.TimeoutScheduler.lambda$onTimeout$1(TimeoutScheduler.java:133)
	at org.apache.ratis.util.LogUtils.runAndLog(LogUtils.java:50)
	at org.apache.ratis.util.LogUtils$1.run(LogUtils.java:91)
	at java.util.concurrent.Executors$RunnableAdapter.call(Executors.java:511)
	at java.util.concurrent.FutureTask.run(FutureTask.java:266)
	at java.util.concurrent.ScheduledThreadPoolExecutor$ScheduledFutureTask.access$201(ScheduledThreadPoolExecutor.java:180)
	at java.util.concurrent.ScheduledThreadPoolExecutor$ScheduledFutureTask.run(ScheduledThreadPoolExecutor.java:293)
	at java.util.concurrent.ThreadPoolExecutor.runWorker(ThreadPoolExecutor.java:1149)
	at java.util.concurrent.ThreadPoolExecutor$Worker.run(ThreadPoolExecutor.java:624)
	at java.lang.Thread.run(Thread.java:748)
2019-10-10 01:16:22,761 [java.util.concurrent.ThreadPoolExecutor$Worker@10795cf2[State = -1, empty queue]] WARN  util.TimeoutScheduler (LogUtils.java:runAndLog(55)) - Failed to task #0: java.lang.NullPointerException
 0.00% |█                                                                                                    |  0/1 Time: 0:00:29 0.00% |█                                                                                                    |  0/1 Time: 0:00:30 0.00% |█                                                                                                    |  0/1 Time: 0:00:31 0.00% |█                                                                                                    |  0/1 Time: 0:00:322019-10-10 01:16:26,812 [java.util.concurrent.ThreadPoolExecutor$Worker@47175013[State = -1, empty queue]] ERROR client.GrpcClientProtocolClient (GrpcClientProtocolClient.java:close(148)) - Unexpected exception while waiting for channel termination
java.lang.InterruptedException
	at java.util.concurrent.locks.AbstractQueuedSynchronizer.tryAcquireSharedNanos(AbstractQueuedSynchronizer.java:1326)
	at java.util.concurrent.CountDownLatch.await(CountDownLatch.java:277)
	at org.apache.ratis.thirdparty.io.grpc.internal.ManagedChannelImpl.awaitTermination(ManagedChannelImpl.java:763)
	at org.apache.ratis.thirdparty.io.grpc.internal.ForwardingManagedChannel.awaitTermination(ForwardingManagedChannel.java:57)
	at org.apache.ratis.thirdparty.io.grpc.internal.ManagedChannelOrphanWrapper.awaitTermination(ManagedChannelOrphanWrapper.java:70)
	at org.apache.ratis.grpc.client.GrpcClientProtocolClient.close(GrpcClientProtocolClient.java:146)
	at org.apache.ratis.util.PeerProxyMap$PeerAndProxy.lambda$close$1(PeerProxyMap.java:74)
	at org.apache.ratis.util.LifeCycle.lambda$checkStateAndClose$2(LifeCycle.java:231)
	at org.apache.ratis.util.LifeCycle.checkStateAndClose(LifeCycle.java:251)
	at org.apache.ratis.util.LifeCycle.checkStateAndClose(LifeCycle.java:229)
	at org.apache.ratis.util.PeerProxyMap$PeerAndProxy.close(PeerProxyMap.java:70)
	at org.apache.ratis.util.PeerProxyMap.resetProxy(PeerProxyMap.java:127)
	at org.apache.ratis.util.PeerProxyMap.handleException(PeerProxyMap.java:136)
	at org.apache.ratis.client.impl.RaftClientRpcWithProxy.handleException(RaftClientRpcWithProxy.java:47)
	at org.apache.ratis.client.impl.RaftClientImpl.handleIOException(RaftClientImpl.java:372)
	at org.apache.ratis.client.impl.OrderedAsync.lambda$sendRequest$10(OrderedAsync.java:236)
	at java.util.concurrent.CompletableFuture.uniExceptionally(CompletableFuture.java:870)
	at java.util.concurrent.CompletableFuture$UniExceptionally.tryFire(CompletableFuture.java:852)
	at java.util.concurrent.CompletableFuture.postComplete(CompletableFuture.java:474)
	at java.util.concurrent.CompletableFuture.completeExceptionally(CompletableFuture.java:1977)
	at org.apache.ratis.grpc.client.GrpcClientProtocolClient$AsyncStreamObservers.lambda$timeoutCheck$3(GrpcClientProtocolClient.java:324)
	at java.util.Optional.ifPresent(Optional.java:159)
	at org.apache.ratis.grpc.client.GrpcClientProtocolClient$AsyncStreamObservers.handleReplyFuture(GrpcClientProtocolClient.java:329)
	at org.apache.ratis.grpc.client.GrpcClientProtocolClient$AsyncStreamObservers.timeoutCheck(GrpcClientProtocolClient.java:324)
	at org.apache.ratis.grpc.client.GrpcClientProtocolClient$AsyncStreamObservers.lambda$onNext$1(GrpcClientProtocolClient.java:318)
	at org.apache.ratis.util.TimeoutScheduler.lambda$onTimeout$0(TimeoutScheduler.java:113)
	at org.apache.ratis.util.TimeoutScheduler.lambda$onTimeout$1(TimeoutScheduler.java:133)
	at org.apache.ratis.util.LogUtils.runAndLog(LogUtils.java:50)
	at org.apache.ratis.util.LogUtils$1.run(LogUtils.java:91)
	at java.util.concurrent.Executors$RunnableAdapter.call(Executors.java:511)
	at java.util.concurrent.FutureTask.run(FutureTask.java:266)
	at java.util.concurrent.ScheduledThreadPoolExecutor$ScheduledFutureTask.access$201(ScheduledThreadPoolExecutor.java:180)
	at java.util.concurrent.ScheduledThreadPoolExecutor$ScheduledFutureTask.run(ScheduledThreadPoolExecutor.java:293)
	at java.util.concurrent.ThreadPoolExecutor.runWorker(ThreadPoolExecutor.java:1149)
	at java.util.concurrent.ThreadPoolExecutor$Worker.run(ThreadPoolExecutor.java:624)
	at java.lang.Thread.run(Thread.java:748)
2019-10-10 01:16:26,815 [java.util.concurrent.ThreadPoolExecutor$Worker@47175013[State = -1, empty queue]] WARN  util.TimeoutScheduler (LogUtils.java:runAndLog(55)) - Failed to task #0: java.lang.NullPointerException
 0.00% |█                                                                                                    |  0/1 Time: 0:00:33 0.00% |█                                                                                                    |  0/1 Time: 0:00:34 0.00% |█                                                                                                    |  0/1 Time: 0:00:35 0.00% |█                                                                                                    |  0/1 Time: 0:00:362019-10-10 01:16:30,873 [java.util.concurrent.ThreadPoolExecutor$Worker@5066cfa9[State = -1, empty queue]] ERROR client.GrpcClientProtocolClient (GrpcClientProtocolClient.java:close(148)) - Unexpected exception while waiting for channel termination
java.lang.InterruptedException
	at java.util.concurrent.locks.AbstractQueuedSynchronizer.tryAcquireSharedNanos(AbstractQueuedSynchronizer.java:1326)
	at java.util.concurrent.CountDownLatch.await(CountDownLatch.java:277)
	at org.apache.ratis.thirdparty.io.grpc.internal.ManagedChannelImpl.awaitTermination(ManagedChannelImpl.java:763)
	at org.apache.ratis.thirdparty.io.grpc.internal.ForwardingManagedChannel.awaitTermination(ForwardingManagedChannel.java:57)
	at org.apache.ratis.thirdparty.io.grpc.internal.ManagedChannelOrphanWrapper.awaitTermination(ManagedChannelOrphanWrapper.java:70)
	at org.apache.ratis.grpc.client.GrpcClientProtocolClient.close(GrpcClientProtocolClient.java:146)
	at org.apache.ratis.util.PeerProxyMap$PeerAndProxy.lambda$close$1(PeerProxyMap.java:74)
	at org.apache.ratis.util.LifeCycle.lambda$checkStateAndClose$2(LifeCycle.java:231)
	at org.apache.ratis.util.LifeCycle.checkStateAndClose(LifeCycle.java:251)
	at org.apache.ratis.util.LifeCycle.checkStateAndClose(LifeCycle.java:229)
	at org.apache.ratis.util.PeerProxyMap$PeerAndProxy.close(PeerProxyMap.java:70)
	at org.apache.ratis.util.PeerProxyMap.resetProxy(PeerProxyMap.java:127)
	at org.apache.ratis.util.PeerProxyMap.handleException(PeerProxyMap.java:136)
	at org.apache.ratis.client.impl.RaftClientRpcWithProxy.handleException(RaftClientRpcWithProxy.java:47)
	at org.apache.ratis.client.impl.RaftClientImpl.handleIOException(RaftClientImpl.java:372)
	at org.apache.ratis.client.impl.OrderedAsync.lambda$sendRequest$10(OrderedAsync.java:236)
	at java.util.concurrent.CompletableFuture.uniExceptionally(CompletableFuture.java:870)
	at java.util.concurrent.CompletableFuture$UniExceptionally.tryFire(CompletableFuture.java:852)
	at java.util.concurrent.CompletableFuture.postComplete(CompletableFuture.java:474)
	at java.util.concurrent.CompletableFuture.completeExceptionally(CompletableFuture.java:1977)
	at org.apache.ratis.grpc.client.GrpcClientProtocolClient$AsyncStreamObservers.lambda$timeoutCheck$3(GrpcClientProtocolClient.java:324)
	at java.util.Optional.ifPresent(Optional.java:159)
	at org.apache.ratis.grpc.client.GrpcClientProtocolClient$AsyncStreamObservers.handleReplyFuture(GrpcClientProtocolClient.java:329)
	at org.apache.ratis.grpc.client.GrpcClientProtocolClient$AsyncStreamObservers.timeoutCheck(GrpcClientProtocolClient.java:324)
	at org.apache.ratis.grpc.client.GrpcClientProtocolClient$AsyncStreamObservers.lambda$onNext$1(GrpcClientProtocolClient.java:318)
	at org.apache.ratis.util.TimeoutScheduler.lambda$onTimeout$0(TimeoutScheduler.java:113)
	at org.apache.ratis.util.TimeoutScheduler.lambda$onTimeout$1(TimeoutScheduler.java:133)
	at org.apache.ratis.util.LogUtils.runAndLog(LogUtils.java:50)
	at org.apache.ratis.util.LogUtils$1.run(LogUtils.java:91)
	at java.util.concurrent.Executors$RunnableAdapter.call(Executors.java:511)
	at java.util.concurrent.FutureTask.run(FutureTask.java:266)
	at java.util.concurrent.ScheduledThreadPoolExecutor$ScheduledFutureTask.access$201(ScheduledThreadPoolExecutor.java:180)
	at java.util.concurrent.ScheduledThreadPoolExecutor$ScheduledFutureTask.run(ScheduledThreadPoolExecutor.java:293)
	at java.util.concurrent.ThreadPoolExecutor.runWorker(ThreadPoolExecutor.java:1149)
	at java.util.concurrent.ThreadPoolExecutor$Worker.run(ThreadPoolExecutor.java:624)
	at java.lang.Thread.run(Thread.java:748)
2019-10-10 01:16:30,875 [java.util.concurrent.ThreadPoolExecutor$Worker@5066cfa9[State = -1, empty queue]] WARN  util.TimeoutScheduler (LogUtils.java:runAndLog(55)) - Failed to task #0: java.lang.NullPointerException
 0.00% |█                                                                                                    |  0/1 Time: 0:00:37 0.00% |█                                                                                                    |  0/1 Time: 0:00:38 0.00% |█                                                                                                    |  0/1 Time: 0:00:39 0.00% |█                                                                                                    |  0/1 Time: 0:00:402019-10-10 01:16:34,926 [java.util.concurrent.ThreadPoolExecutor$Worker@5289d840[State = -1, empty queue]] ERROR client.GrpcClientProtocolClient (GrpcClientProtocolClient.java:close(148)) - Unexpected exception while waiting for channel termination
java.lang.InterruptedException
	at java.util.concurrent.locks.AbstractQueuedSynchronizer.tryAcquireSharedNanos(AbstractQueuedSynchronizer.java:1326)
	at java.util.concurrent.CountDownLatch.await(CountDownLatch.java:277)
	at org.apache.ratis.thirdparty.io.grpc.internal.ManagedChannelImpl.awaitTermination(ManagedChannelImpl.java:763)
	at org.apache.ratis.thirdparty.io.grpc.internal.ForwardingManagedChannel.awaitTermination(ForwardingManagedChannel.java:57)
	at org.apache.ratis.thirdparty.io.grpc.internal.ManagedChannelOrphanWrapper.awaitTermination(ManagedChannelOrphanWrapper.java:70)
	at org.apache.ratis.grpc.client.GrpcClientProtocolClient.close(GrpcClientProtocolClient.java:146)
	at org.apache.ratis.util.PeerProxyMap$PeerAndProxy.lambda$close$1(PeerProxyMap.java:74)
	at org.apache.ratis.util.LifeCycle.lambda$checkStateAndClose$2(LifeCycle.java:231)
	at org.apache.ratis.util.LifeCycle.checkStateAndClose(LifeCycle.java:251)
	at org.apache.ratis.util.LifeCycle.checkStateAndClose(LifeCycle.java:229)
	at org.apache.ratis.util.PeerProxyMap$PeerAndProxy.close(PeerProxyMap.java:70)
	at org.apache.ratis.util.PeerProxyMap.resetProxy(PeerProxyMap.java:127)
	at org.apache.ratis.util.PeerProxyMap.handleException(PeerProxyMap.java:136)
	at org.apache.ratis.client.impl.RaftClientRpcWithProxy.handleException(RaftClientRpcWithProxy.java:47)
	at org.apache.ratis.client.impl.RaftClientImpl.handleIOException(RaftClientImpl.java:372)
	at org.apache.ratis.client.impl.OrderedAsync.lambda$sendRequest$10(OrderedAsync.java:236)
	at java.util.concurrent.CompletableFuture.uniExceptionally(CompletableFuture.java:870)
	at java.util.concurrent.CompletableFuture$UniExceptionally.tryFire(CompletableFuture.java:852)
	at java.util.concurrent.CompletableFuture.postComplete(CompletableFuture.java:474)
	at java.util.concurrent.CompletableFuture.completeExceptionally(CompletableFuture.java:1977)
	at org.apache.ratis.grpc.client.GrpcClientProtocolClient$AsyncStreamObservers.lambda$timeoutCheck$3(GrpcClientProtocolClient.java:324)
	at java.util.Optional.ifPresent(Optional.java:159)
	at org.apache.ratis.grpc.client.GrpcClientProtocolClient$AsyncStreamObservers.handleReplyFuture(GrpcClientProtocolClient.java:329)
	at org.apache.ratis.grpc.client.GrpcClientProtocolClient$AsyncStreamObservers.timeoutCheck(GrpcClientProtocolClient.java:324)
	at org.apache.ratis.grpc.client.GrpcClientProtocolClient$AsyncStreamObservers.lambda$onNext$1(GrpcClientProtocolClient.java:318)
	at org.apache.ratis.util.TimeoutScheduler.lambda$onTimeout$0(TimeoutScheduler.java:113)
	at org.apache.ratis.util.TimeoutScheduler.lambda$onTimeout$1(TimeoutScheduler.java:133)
	at org.apache.ratis.util.LogUtils.runAndLog(LogUtils.java:50)
	at org.apache.ratis.util.LogUtils$1.run(LogUtils.java:91)
	at java.util.concurrent.Executors$RunnableAdapter.call(Executors.java:511)
	at java.util.concurrent.FutureTask.run(FutureTask.java:266)
	at java.util.concurrent.ScheduledThreadPoolExecutor$ScheduledFutureTask.access$201(ScheduledThreadPoolExecutor.java:180)
	at java.util.concurrent.ScheduledThreadPoolExecutor$ScheduledFutureTask.run(ScheduledThreadPoolExecutor.java:293)
	at java.util.concurrent.ThreadPoolExecutor.runWorker(ThreadPoolExecutor.java:1149)
	at java.util.concurrent.ThreadPoolExecutor$Worker.run(ThreadPoolExecutor.java:624)
	at java.lang.Thread.run(Thread.java:748)
2019-10-10 01:16:34,928 [java.util.concurrent.ThreadPoolExecutor$Worker@5289d840[State = -1, empty queue]] WARN  util.TimeoutScheduler (LogUtils.java:runAndLog(55)) - Failed to task #0: java.lang.NullPointerException
 0.00% |█                                                                                                    |  0/1 Time: 0:00:41 0.00% |█                                                                                                    |  0/1 Time: 0:00:42 0.00% |█                                                                                                    |  0/1 Time: 0:00:43 0.00% |█                                                                                                    |  0/1 Time: 0:00:442019-10-10 01:16:38,973 [java.util.concurrent.ThreadPoolExecutor$Worker@b6b9268[State = -1, empty queue]] ERROR client.GrpcClientProtocolClient (GrpcClientProtocolClient.java:close(148)) - Unexpected exception while waiting for channel termination
java.lang.InterruptedException
	at java.util.concurrent.locks.AbstractQueuedSynchronizer.tryAcquireSharedNanos(AbstractQueuedSynchronizer.java:1326)
	at java.util.concurrent.CountDownLatch.await(CountDownLatch.java:277)
	at org.apache.ratis.thirdparty.io.grpc.internal.ManagedChannelImpl.awaitTermination(ManagedChannelImpl.java:763)
	at org.apache.ratis.thirdparty.io.grpc.internal.ForwardingManagedChannel.awaitTermination(ForwardingManagedChannel.java:57)
	at org.apache.ratis.thirdparty.io.grpc.internal.ManagedChannelOrphanWrapper.awaitTermination(ManagedChannelOrphanWrapper.java:70)
	at org.apache.ratis.grpc.client.GrpcClientProtocolClient.close(GrpcClientProtocolClient.java:146)
	at org.apache.ratis.util.PeerProxyMap$PeerAndProxy.lambda$close$1(PeerProxyMap.java:74)
	at org.apache.ratis.util.LifeCycle.lambda$checkStateAndClose$2(LifeCycle.java:231)
	at org.apache.ratis.util.LifeCycle.checkStateAndClose(LifeCycle.java:251)
	at org.apache.ratis.util.LifeCycle.checkStateAndClose(LifeCycle.java:229)
	at org.apache.ratis.util.PeerProxyMap$PeerAndProxy.close(PeerProxyMap.java:70)
	at org.apache.ratis.util.PeerProxyMap.resetProxy(PeerProxyMap.java:127)
	at org.apache.ratis.util.PeerProxyMap.handleException(PeerProxyMap.java:136)
	at org.apache.ratis.client.impl.RaftClientRpcWithProxy.handleException(RaftClientRpcWithProxy.java:47)
	at org.apache.ratis.client.impl.RaftClientImpl.handleIOException(RaftClientImpl.java:372)
	at org.apache.ratis.client.impl.OrderedAsync.lambda$sendRequest$10(OrderedAsync.java:236)
	at java.util.concurrent.CompletableFuture.uniExceptionally(CompletableFuture.java:870)
	at java.util.concurrent.CompletableFuture$UniExceptionally.tryFire(CompletableFuture.java:852)
	at java.util.concurrent.CompletableFuture.postComplete(CompletableFuture.java:474)
	at java.util.concurrent.CompletableFuture.completeExceptionally(CompletableFuture.java:1977)
	at org.apache.ratis.grpc.client.GrpcClientProtocolClient$AsyncStreamObservers.lambda$timeoutCheck$3(GrpcClientProtocolClient.java:324)
	at java.util.Optional.ifPresent(Optional.java:159)
	at org.apache.ratis.grpc.client.GrpcClientProtocolClient$AsyncStreamObservers.handleReplyFuture(GrpcClientProtocolClient.java:329)
	at org.apache.ratis.grpc.client.GrpcClientProtocolClient$AsyncStreamObservers.timeoutCheck(GrpcClientProtocolClient.java:324)
	at org.apache.ratis.grpc.client.GrpcClientProtocolClient$AsyncStreamObservers.lambda$onNext$1(GrpcClientProtocolClient.java:318)
	at org.apache.ratis.util.TimeoutScheduler.lambda$onTimeout$0(TimeoutScheduler.java:113)
	at org.apache.ratis.util.TimeoutScheduler.lambda$onTimeout$1(TimeoutScheduler.java:133)
	at org.apache.ratis.util.LogUtils.runAndLog(LogUtils.java:50)
	at org.apache.ratis.util.LogUtils$1.run(LogUtils.java:91)
	at java.util.concurrent.Executors$RunnableAdapter.call(Executors.java:511)
	at java.util.concurrent.FutureTask.run(FutureTask.java:266)
	at java.util.concurrent.ScheduledThreadPoolExecutor$ScheduledFutureTask.access$201(ScheduledThreadPoolExecutor.java:180)
	at java.util.concurrent.ScheduledThreadPoolExecutor$ScheduledFutureTask.run(ScheduledThreadPoolExecutor.java:293)
	at java.util.concurrent.ThreadPoolExecutor.runWorker(ThreadPoolExecutor.java:1149)
	at java.util.concurrent.ThreadPoolExecutor$Worker.run(ThreadPoolExecutor.java:624)
	at java.lang.Thread.run(Thread.java:748)
2019-10-10 01:16:38,974 [java.util.concurrent.ThreadPoolExecutor$Worker@b6b9268[State = -1, empty queue]] WARN  util.TimeoutScheduler (LogUtils.java:runAndLog(55)) - Failed to task #0: java.lang.NullPointerException
 0.00% |█                                                                                                    |  0/1 Time: 0:00:45 0.00% |█                                                                                                    |  0/1 Time: 0:00:46 0.00% |█                                                                                                    |  0/1 Time: 0:00:47 0.00% |█                                                                                                    |  0/1 Time: 0:00:482019-10-10 01:16:43,017 [java.util.concurrent.ThreadPoolExecutor$Worker@f1751f3[State = -1, empty queue]] ERROR client.GrpcClientProtocolClient (GrpcClientProtocolClient.java:close(148)) - Unexpected exception while waiting for channel termination
java.lang.InterruptedException
	at java.util.concurrent.locks.AbstractQueuedSynchronizer.tryAcquireSharedNanos(AbstractQueuedSynchronizer.java:1326)
	at java.util.concurrent.CountDownLatch.await(CountDownLatch.java:277)
	at org.apache.ratis.thirdparty.io.grpc.internal.ManagedChannelImpl.awaitTermination(ManagedChannelImpl.java:763)
	at org.apache.ratis.thirdparty.io.grpc.internal.ForwardingManagedChannel.awaitTermination(ForwardingManagedChannel.java:57)
	at org.apache.ratis.thirdparty.io.grpc.internal.ManagedChannelOrphanWrapper.awaitTermination(ManagedChannelOrphanWrapper.java:70)
	at org.apache.ratis.grpc.client.GrpcClientProtocolClient.close(GrpcClientProtocolClient.java:146)
	at org.apache.ratis.util.PeerProxyMap$PeerAndProxy.lambda$close$1(PeerProxyMap.java:74)
	at org.apache.ratis.util.LifeCycle.lambda$checkStateAndClose$2(LifeCycle.java:231)
	at org.apache.ratis.util.LifeCycle.checkStateAndClose(LifeCycle.java:251)
	at org.apache.ratis.util.LifeCycle.checkStateAndClose(LifeCycle.java:229)
	at org.apache.ratis.util.PeerProxyMap$PeerAndProxy.close(PeerProxyMap.java:70)
	at org.apache.ratis.util.PeerProxyMap.resetProxy(PeerProxyMap.java:127)
	at org.apache.ratis.util.PeerProxyMap.handleException(PeerProxyMap.java:136)
	at org.apache.ratis.client.impl.RaftClientRpcWithProxy.handleException(RaftClientRpcWithProxy.java:47)
	at org.apache.ratis.client.impl.RaftClientImpl.handleIOException(RaftClientImpl.java:372)
	at org.apache.ratis.client.impl.OrderedAsync.lambda$sendRequest$10(OrderedAsync.java:236)
	at java.util.concurrent.CompletableFuture.uniExceptionally(CompletableFuture.java:870)
	at java.util.concurrent.CompletableFuture$UniExceptionally.tryFire(CompletableFuture.java:852)
	at java.util.concurrent.CompletableFuture.postComplete(CompletableFuture.java:474)
	at java.util.concurrent.CompletableFuture.completeExceptionally(CompletableFuture.java:1977)
	at org.apache.ratis.grpc.client.GrpcClientProtocolClient$AsyncStreamObservers.lambda$timeoutCheck$3(GrpcClientProtocolClient.java:324)
	at java.util.Optional.ifPresent(Optional.java:159)
	at org.apache.ratis.grpc.client.GrpcClientProtocolClient$AsyncStreamObservers.handleReplyFuture(GrpcClientProtocolClient.java:329)
	at org.apache.ratis.grpc.client.GrpcClientProtocolClient$AsyncStreamObservers.timeoutCheck(GrpcClientProtocolClient.java:324)
	at org.apache.ratis.grpc.client.GrpcClientProtocolClient$AsyncStreamObservers.lambda$onNext$1(GrpcClientProtocolClient.java:318)
	at org.apache.ratis.util.TimeoutScheduler.lambda$onTimeout$0(TimeoutScheduler.java:113)
	at org.apache.ratis.util.TimeoutScheduler.lambda$onTimeout$1(TimeoutScheduler.java:133)
	at org.apache.ratis.util.LogUtils.runAndLog(LogUtils.java:50)
	at org.apache.ratis.util.LogUtils$1.run(LogUtils.java:91)
	at java.util.concurrent.Executors$RunnableAdapter.call(Executors.java:511)
	at java.util.concurrent.FutureTask.run(FutureTask.java:266)
	at java.util.concurrent.ScheduledThreadPoolExecutor$ScheduledFutureTask.access$201(ScheduledThreadPoolExecutor.java:180)
	at java.util.concurrent.ScheduledThreadPoolExecutor$ScheduledFutureTask.run(ScheduledThreadPoolExecutor.java:293)
	at java.util.concurrent.ThreadPoolExecutor.runWorker(ThreadPoolExecutor.java:1149)
	at java.util.concurrent.ThreadPoolExecutor$Worker.run(ThreadPoolExecutor.java:624)
	at java.lang.Thread.run(Thread.java:748)
2019-10-10 01:16:43,026 [java.util.concurrent.ThreadPoolExecutor$Worker@f1751f3[State = -1, empty queue]] WARN  util.TimeoutScheduler (LogUtils.java:runAndLog(55)) - Failed to task #0: java.lang.NullPointerException
 0.00% |█                                                                                                    |  0/1 Time: 0:00:49 0.00% |█                                                                                                    |  0/1 Time: 0:00:50 0.00% |█                                                                                                    |  0/1 Time: 0:00:51 0.00% |█                                                                                                    |  0/1 Time: 0:00:522019-10-10 01:16:47,056 [java.util.concurrent.ThreadPoolExecutor$Worker@30423bd3[State = -1, empty queue]] ERROR client.GrpcClientProtocolClient (GrpcClientProtocolClient.java:close(148)) - Unexpected exception while waiting for channel termination
java.lang.InterruptedException
	at java.util.concurrent.locks.AbstractQueuedSynchronizer.tryAcquireSharedNanos(AbstractQueuedSynchronizer.java:1326)
	at java.util.concurrent.CountDownLatch.await(CountDownLatch.java:277)
	at org.apache.ratis.thirdparty.io.grpc.internal.ManagedChannelImpl.awaitTermination(ManagedChannelImpl.java:763)
	at org.apache.ratis.thirdparty.io.grpc.internal.ForwardingManagedChannel.awaitTermination(ForwardingManagedChannel.java:57)
	at org.apache.ratis.thirdparty.io.grpc.internal.ManagedChannelOrphanWrapper.awaitTermination(ManagedChannelOrphanWrapper.java:70)
	at org.apache.ratis.grpc.client.GrpcClientProtocolClient.close(GrpcClientProtocolClient.java:146)
	at org.apache.ratis.util.PeerProxyMap$PeerAndProxy.lambda$close$1(PeerProxyMap.java:74)
	at org.apache.ratis.util.LifeCycle.lambda$checkStateAndClose$2(LifeCycle.java:231)
	at org.apache.ratis.util.LifeCycle.checkStateAndClose(LifeCycle.java:251)
	at org.apache.ratis.util.LifeCycle.checkStateAndClose(LifeCycle.java:229)
	at org.apache.ratis.util.PeerProxyMap$PeerAndProxy.close(PeerProxyMap.java:70)
	at org.apache.ratis.util.PeerProxyMap.resetProxy(PeerProxyMap.java:127)
	at org.apache.ratis.util.PeerProxyMap.handleException(PeerProxyMap.java:136)
	at org.apache.ratis.client.impl.RaftClientRpcWithProxy.handleException(RaftClientRpcWithProxy.java:47)
	at org.apache.ratis.client.impl.RaftClientImpl.handleIOException(RaftClientImpl.java:372)
	at org.apache.ratis.client.impl.OrderedAsync.lambda$sendRequest$10(OrderedAsync.java:236)
	at java.util.concurrent.CompletableFuture.uniExceptionally(CompletableFuture.java:870)
	at java.util.concurrent.CompletableFuture$UniExceptionally.tryFire(CompletableFuture.java:852)
	at java.util.concurrent.CompletableFuture.postComplete(CompletableFuture.java:474)
	at java.util.concurrent.CompletableFuture.completeExceptionally(CompletableFuture.java:1977)
	at org.apache.ratis.grpc.client.GrpcClientProtocolClient$AsyncStreamObservers.lambda$timeoutCheck$3(GrpcClientProtocolClient.java:324)
	at java.util.Optional.ifPresent(Optional.java:159)
	at org.apache.ratis.grpc.client.GrpcClientProtocolClient$AsyncStreamObservers.handleReplyFuture(GrpcClientProtocolClient.java:329)
	at org.apache.ratis.grpc.client.GrpcClientProtocolClient$AsyncStreamObservers.timeoutCheck(GrpcClientProtocolClient.java:324)
	at org.apache.ratis.grpc.client.GrpcClientProtocolClient$AsyncStreamObservers.lambda$onNext$1(GrpcClientProtocolClient.java:318)
	at org.apache.ratis.util.TimeoutScheduler.lambda$onTimeout$0(TimeoutScheduler.java:113)
	at org.apache.ratis.util.TimeoutScheduler.lambda$onTimeout$1(TimeoutScheduler.java:133)
	at org.apache.ratis.util.LogUtils.runAndLog(LogUtils.java:50)
	at org.apache.ratis.util.LogUtils$1.run(LogUtils.java:91)
	at java.util.concurrent.Executors$RunnableAdapter.call(Executors.java:511)
	at java.util.concurrent.FutureTask.run(FutureTask.java:266)
	at java.util.concurrent.ScheduledThreadPoolExecutor$ScheduledFutureTask.access$201(ScheduledThreadPoolExecutor.java:180)
	at java.util.concurrent.ScheduledThreadPoolExecutor$ScheduledFutureTask.run(ScheduledThreadPoolExecutor.java:293)
	at java.util.concurrent.ThreadPoolExecutor.runWorker(ThreadPoolExecutor.java:1149)
	at java.util.concurrent.ThreadPoolExecutor$Worker.run(ThreadPoolExecutor.java:624)
	at java.lang.Thread.run(Thread.java:748)
2019-10-10 01:16:47,057 [java.util.concurrent.ThreadPoolExecutor$Worker@30423bd3[State = -1, empty queue]] WARN  util.TimeoutScheduler (LogUtils.java:runAndLog(55)) - Failed to task #0: java.lang.NullPointerException
 0.00% |█                                                                                                    |  0/1 Time: 0:00:53 0.00% |█                                                                                                    |  0/1 Time: 0:00:54 0.00% |█                                                                                                    |  0/1 Time: 0:00:55 0.00% |█                                                                                                    |  0/1 Time: 0:00:562019-10-10 01:16:51,098 [java.util.concurrent.ThreadPoolExecutor$Worker@240dec8f[State = -1, empty queue]] ERROR client.GrpcClientProtocolClient (GrpcClientProtocolClient.java:close(148)) - Unexpected exception while waiting for channel termination
java.lang.InterruptedException
	at java.util.concurrent.locks.AbstractQueuedSynchronizer.tryAcquireSharedNanos(AbstractQueuedSynchronizer.java:1326)
	at java.util.concurrent.CountDownLatch.await(CountDownLatch.java:277)
	at org.apache.ratis.thirdparty.io.grpc.internal.ManagedChannelImpl.awaitTermination(ManagedChannelImpl.java:763)
	at org.apache.ratis.thirdparty.io.grpc.internal.ForwardingManagedChannel.awaitTermination(ForwardingManagedChannel.java:57)
	at org.apache.ratis.thirdparty.io.grpc.internal.ManagedChannelOrphanWrapper.awaitTermination(ManagedChannelOrphanWrapper.java:70)
	at org.apache.ratis.grpc.client.GrpcClientProtocolClient.close(GrpcClientProtocolClient.java:146)
	at org.apache.ratis.util.PeerProxyMap$PeerAndProxy.lambda$close$1(PeerProxyMap.java:74)
	at org.apache.ratis.util.LifeCycle.lambda$checkStateAndClose$2(LifeCycle.java:231)
	at org.apache.ratis.util.LifeCycle.checkStateAndClose(LifeCycle.java:251)
	at org.apache.ratis.util.LifeCycle.checkStateAndClose(LifeCycle.java:229)
	at org.apache.ratis.util.PeerProxyMap$PeerAndProxy.close(PeerProxyMap.java:70)
	at org.apache.ratis.util.PeerProxyMap.resetProxy(PeerProxyMap.java:127)
	at org.apache.ratis.util.PeerProxyMap.handleException(PeerProxyMap.java:136)
	at org.apache.ratis.client.impl.RaftClientRpcWithProxy.handleException(RaftClientRpcWithProxy.java:47)
	at org.apache.ratis.client.impl.RaftClientImpl.handleIOException(RaftClientImpl.java:372)
	at org.apache.ratis.client.impl.OrderedAsync.lambda$sendRequest$10(OrderedAsync.java:236)
	at java.util.concurrent.CompletableFuture.uniExceptionally(CompletableFuture.java:870)
	at java.util.concurrent.CompletableFuture$UniExceptionally.tryFire(CompletableFuture.java:852)
	at java.util.concurrent.CompletableFuture.postComplete(CompletableFuture.java:474)
	at java.util.concurrent.CompletableFuture.completeExceptionally(CompletableFuture.java:1977)
	at org.apache.ratis.grpc.client.GrpcClientProtocolClient$AsyncStreamObservers.lambda$timeoutCheck$3(GrpcClientProtocolClient.java:324)
	at java.util.Optional.ifPresent(Optional.java:159)
	at org.apache.ratis.grpc.client.GrpcClientProtocolClient$AsyncStreamObservers.handleReplyFuture(GrpcClientProtocolClient.java:329)
	at org.apache.ratis.grpc.client.GrpcClientProtocolClient$AsyncStreamObservers.timeoutCheck(GrpcClientProtocolClient.java:324)
	at org.apache.ratis.grpc.client.GrpcClientProtocolClient$AsyncStreamObservers.lambda$onNext$1(GrpcClientProtocolClient.java:318)
	at org.apache.ratis.util.TimeoutScheduler.lambda$onTimeout$0(TimeoutScheduler.java:113)
	at org.apache.ratis.util.TimeoutScheduler.lambda$onTimeout$1(TimeoutScheduler.java:133)
	at org.apache.ratis.util.LogUtils.runAndLog(LogUtils.java:50)
	at org.apache.ratis.util.LogUtils$1.run(LogUtils.java:91)
	at java.util.concurrent.Executors$RunnableAdapter.call(Executors.java:511)
	at java.util.concurrent.FutureTask.run(FutureTask.java:266)
	at java.util.concurrent.ScheduledThreadPoolExecutor$ScheduledFutureTask.access$201(ScheduledThreadPoolExecutor.java:180)
	at java.util.concurrent.ScheduledThreadPoolExecutor$ScheduledFutureTask.run(ScheduledThreadPoolExecutor.java:293)
	at java.util.concurrent.ThreadPoolExecutor.runWorker(ThreadPoolExecutor.java:1149)
	at java.util.concurrent.ThreadPoolExecutor$Worker.run(ThreadPoolExecutor.java:624)
	at java.lang.Thread.run(Thread.java:748)
2019-10-10 01:16:51,101 [java.util.concurrent.ThreadPoolExecutor$Worker@240dec8f[State = -1, empty queue]] WARN  util.TimeoutScheduler (LogUtils.java:runAndLog(55)) - Failed to task #0: java.lang.NullPointerException
 0.00% |█                                                                                                    |  0/1 Time: 0:00:57 0.00% |█                                                                                                    |  0/1 Time: 0:00:58 0.00% |█                                                                                                    |  0/1 Time: 0:00:59 0.00% |█                                                                                                    |  0/1 Time: 0:01:002019-10-10 01:16:55,138 [java.util.concurrent.ThreadPoolExecutor$Worker@14d0de26[State = -1, empty queue]] ERROR client.GrpcClientProtocolClient (GrpcClientProtocolClient.java:close(148)) - Unexpected exception while waiting for channel termination
java.lang.InterruptedException
	at java.util.concurrent.locks.AbstractQueuedSynchronizer.tryAcquireSharedNanos(AbstractQueuedSynchronizer.java:1326)
	at java.util.concurrent.CountDownLatch.await(CountDownLatch.java:277)
	at org.apache.ratis.thirdparty.io.grpc.internal.ManagedChannelImpl.awaitTermination(ManagedChannelImpl.java:763)
	at org.apache.ratis.thirdparty.io.grpc.internal.ForwardingManagedChannel.awaitTermination(ForwardingManagedChannel.java:57)
	at org.apache.ratis.thirdparty.io.grpc.internal.ManagedChannelOrphanWrapper.awaitTermination(ManagedChannelOrphanWrapper.java:70)
	at org.apache.ratis.grpc.client.GrpcClientProtocolClient.close(GrpcClientProtocolClient.java:146)
	at org.apache.ratis.util.PeerProxyMap$PeerAndProxy.lambda$close$1(PeerProxyMap.java:74)
	at org.apache.ratis.util.LifeCycle.lambda$checkStateAndClose$2(LifeCycle.java:231)
	at org.apache.ratis.util.LifeCycle.checkStateAndClose(LifeCycle.java:251)
	at org.apache.ratis.util.LifeCycle.checkStateAndClose(LifeCycle.java:229)
	at org.apache.ratis.util.PeerProxyMap$PeerAndProxy.close(PeerProxyMap.java:70)
	at org.apache.ratis.util.PeerProxyMap.resetProxy(PeerProxyMap.java:127)
	at org.apache.ratis.util.PeerProxyMap.handleException(PeerProxyMap.java:136)
	at org.apache.ratis.client.impl.RaftClientRpcWithProxy.handleException(RaftClientRpcWithProxy.java:47)
	at org.apache.ratis.client.impl.RaftClientImpl.handleIOException(RaftClientImpl.java:372)
	at org.apache.ratis.client.impl.OrderedAsync.lambda$sendRequest$10(OrderedAsync.java:236)
	at java.util.concurrent.CompletableFuture.uniExceptionally(CompletableFuture.java:870)
	at java.util.concurrent.CompletableFuture$UniExceptionally.tryFire(CompletableFuture.java:852)
	at java.util.concurrent.CompletableFuture.postComplete(CompletableFuture.java:474)
	at java.util.concurrent.CompletableFuture.completeExceptionally(CompletableFuture.java:1977)
	at org.apache.ratis.grpc.client.GrpcClientProtocolClient$AsyncStreamObservers.lambda$timeoutCheck$3(GrpcClientProtocolClient.java:324)
	at java.util.Optional.ifPresent(Optional.java:159)
	at org.apache.ratis.grpc.client.GrpcClientProtocolClient$AsyncStreamObservers.handleReplyFuture(GrpcClientProtocolClient.java:329)
	at org.apache.ratis.grpc.client.GrpcClientProtocolClient$AsyncStreamObservers.timeoutCheck(GrpcClientProtocolClient.java:324)
	at org.apache.ratis.grpc.client.GrpcClientProtocolClient$AsyncStreamObservers.lambda$onNext$1(GrpcClientProtocolClient.java:318)
	at org.apache.ratis.util.TimeoutScheduler.lambda$onTimeout$0(TimeoutScheduler.java:113)
	at org.apache.ratis.util.TimeoutScheduler.lambda$onTimeout$1(TimeoutScheduler.java:133)
	at org.apache.ratis.util.LogUtils.runAndLog(LogUtils.java:50)
	at org.apache.ratis.util.LogUtils$1.run(LogUtils.java:91)
	at java.util.concurrent.Executors$RunnableAdapter.call(Executors.java:511)
	at java.util.concurrent.FutureTask.run(FutureTask.java:266)
	at java.util.concurrent.ScheduledThreadPoolExecutor$ScheduledFutureTask.access$201(ScheduledThreadPoolExecutor.java:180)
	at java.util.concurrent.ScheduledThreadPoolExecutor$ScheduledFutureTask.run(ScheduledThreadPoolExecutor.java:293)
	at java.util.concurrent.ThreadPoolExecutor.runWorker(ThreadPoolExecutor.java:1149)
	at java.util.concurrent.ThreadPoolExecutor$Worker.run(ThreadPoolExecutor.java:624)
	at java.lang.Thread.run(Thread.java:748)
2019-10-10 01:16:55,140 [java.util.concurrent.ThreadPoolExecutor$Worker@14d0de26[State = -1, empty queue]] WARN  util.TimeoutScheduler (LogUtils.java:runAndLog(55)) - Failed to task #0: java.lang.NullPointerException
 0.00% |█                                                                                                    |  0/1 Time: 0:01:01 0.00% |█                                                                                                    |  0/1 Time: 0:01:02 0.00% |█                                                                                                    |  0/1 Time: 0:01:03 0.00% |█                                                                                                    |  0/1 Time: 0:01:042019-10-10 01:16:59,186 [java.util.concurrent.ThreadPoolExecutor$Worker@92306f5[State = -1, empty queue]] ERROR client.GrpcClientProtocolClient (GrpcClientProtocolClient.java:close(148)) - Unexpected exception while waiting for channel termination
java.lang.InterruptedException
	at java.util.concurrent.locks.AbstractQueuedSynchronizer.tryAcquireSharedNanos(AbstractQueuedSynchronizer.java:1326)
	at java.util.concurrent.CountDownLatch.await(CountDownLatch.java:277)
	at org.apache.ratis.thirdparty.io.grpc.internal.ManagedChannelImpl.awaitTermination(ManagedChannelImpl.java:763)
	at org.apache.ratis.thirdparty.io.grpc.internal.ForwardingManagedChannel.awaitTermination(ForwardingManagedChannel.java:57)
	at org.apache.ratis.thirdparty.io.grpc.internal.ManagedChannelOrphanWrapper.awaitTermination(ManagedChannelOrphanWrapper.java:70)
	at org.apache.ratis.grpc.client.GrpcClientProtocolClient.close(GrpcClientProtocolClient.java:146)
	at org.apache.ratis.util.PeerProxyMap$PeerAndProxy.lambda$close$1(PeerProxyMap.java:74)
	at org.apache.ratis.util.LifeCycle.lambda$checkStateAndClose$2(LifeCycle.java:231)
	at org.apache.ratis.util.LifeCycle.checkStateAndClose(LifeCycle.java:251)
	at org.apache.ratis.util.LifeCycle.checkStateAndClose(LifeCycle.java:229)
	at org.apache.ratis.util.PeerProxyMap$PeerAndProxy.close(PeerProxyMap.java:70)
	at org.apache.ratis.util.PeerProxyMap.resetProxy(PeerProxyMap.java:127)
	at org.apache.ratis.util.PeerProxyMap.handleException(PeerProxyMap.java:136)
	at org.apache.ratis.client.impl.RaftClientRpcWithProxy.handleException(RaftClientRpcWithProxy.java:47)
	at org.apache.ratis.client.impl.RaftClientImpl.handleIOException(RaftClientImpl.java:372)
	at org.apache.ratis.client.impl.OrderedAsync.lambda$sendRequest$10(OrderedAsync.java:236)
	at java.util.concurrent.CompletableFuture.uniExceptionally(CompletableFuture.java:870)
	at java.util.concurrent.CompletableFuture$UniExceptionally.tryFire(CompletableFuture.java:852)
	at java.util.concurrent.CompletableFuture.postComplete(CompletableFuture.java:474)
	at java.util.concurrent.CompletableFuture.completeExceptionally(CompletableFuture.java:1977)
	at org.apache.ratis.grpc.client.GrpcClientProtocolClient$AsyncStreamObservers.lambda$timeoutCheck$3(GrpcClientProtocolClient.java:324)
	at java.util.Optional.ifPresent(Optional.java:159)
	at org.apache.ratis.grpc.client.GrpcClientProtocolClient$AsyncStreamObservers.handleReplyFuture(GrpcClientProtocolClient.java:329)
	at org.apache.ratis.grpc.client.GrpcClientProtocolClient$AsyncStreamObservers.timeoutCheck(GrpcClientProtocolClient.java:324)
	at org.apache.ratis.grpc.client.GrpcClientProtocolClient$AsyncStreamObservers.lambda$onNext$1(GrpcClientProtocolClient.java:318)
	at org.apache.ratis.util.TimeoutScheduler.lambda$onTimeout$0(TimeoutScheduler.java:113)
	at org.apache.ratis.util.TimeoutScheduler.lambda$onTimeout$1(TimeoutScheduler.java:133)
	at org.apache.ratis.util.LogUtils.runAndLog(LogUtils.java:50)
	at org.apache.ratis.util.LogUtils$1.run(LogUtils.java:91)
	at java.util.concurrent.Executors$RunnableAdapter.call(Executors.java:511)
	at java.util.concurrent.FutureTask.run(FutureTask.java:266)
	at java.util.concurrent.ScheduledThreadPoolExecutor$ScheduledFutureTask.access$201(ScheduledThreadPoolExecutor.java:180)
	at java.util.concurrent.ScheduledThreadPoolExecutor$ScheduledFutureTask.run(ScheduledThreadPoolExecutor.java:293)
	at java.util.concurrent.ThreadPoolExecutor.runWorker(ThreadPoolExecutor.java:1149)
	at java.util.concurrent.ThreadPoolExecutor$Worker.run(ThreadPoolExecutor.java:624)
	at java.lang.Thread.run(Thread.java:748)
2019-10-10 01:16:59,189 [java.util.concurrent.ThreadPoolExecutor$Worker@92306f5[State = -1, empty queue]] WARN  util.TimeoutScheduler (LogUtils.java:runAndLog(55)) - Failed to task #0: java.lang.NullPointerException
 0.00% |█                                                                                                    |  0/1 Time: 0:01:05 0.00% |█                                                                                                    |  0/1 Time: 0:01:06 0.00% |█                                                                                                    |  0/1 Time: 0:01:07 0.00% |█                                                                                                    |  0/1 Time: 0:01:082019-10-10 01:17:03,260 [java.util.concurrent.ThreadPoolExecutor$Worker@551e19aa[State = -1, empty queue]] ERROR client.GrpcClientProtocolClient (GrpcClientProtocolClient.java:close(148)) - Unexpected exception while waiting for channel termination
java.lang.InterruptedException
	at java.util.concurrent.locks.AbstractQueuedSynchronizer.tryAcquireSharedNanos(AbstractQueuedSynchronizer.java:1326)
	at java.util.concurrent.CountDownLatch.await(CountDownLatch.java:277)
	at org.apache.ratis.thirdparty.io.grpc.internal.ManagedChannelImpl.awaitTermination(ManagedChannelImpl.java:763)
	at org.apache.ratis.thirdparty.io.grpc.internal.ForwardingManagedChannel.awaitTermination(ForwardingManagedChannel.java:57)
	at org.apache.ratis.thirdparty.io.grpc.internal.ManagedChannelOrphanWrapper.awaitTermination(ManagedChannelOrphanWrapper.java:70)
	at org.apache.ratis.grpc.client.GrpcClientProtocolClient.close(GrpcClientProtocolClient.java:146)
	at org.apache.ratis.util.PeerProxyMap$PeerAndProxy.lambda$close$1(PeerProxyMap.java:74)
	at org.apache.ratis.util.LifeCycle.lambda$checkStateAndClose$2(LifeCycle.java:231)
	at org.apache.ratis.util.LifeCycle.checkStateAndClose(LifeCycle.java:251)
	at org.apache.ratis.util.LifeCycle.checkStateAndClose(LifeCycle.java:229)
	at org.apache.ratis.util.PeerProxyMap$PeerAndProxy.close(PeerProxyMap.java:70)
	at org.apache.ratis.util.PeerProxyMap.resetProxy(PeerProxyMap.java:127)
	at org.apache.ratis.util.PeerProxyMap.handleException(PeerProxyMap.java:136)
	at org.apache.ratis.client.impl.RaftClientRpcWithProxy.handleException(RaftClientRpcWithProxy.java:47)
	at org.apache.ratis.client.impl.RaftClientImpl.handleIOException(RaftClientImpl.java:372)
	at org.apache.ratis.client.impl.OrderedAsync.lambda$sendRequest$10(OrderedAsync.java:236)
	at java.util.concurrent.CompletableFuture.uniExceptionally(CompletableFuture.java:870)
	at java.util.concurrent.CompletableFuture$UniExceptionally.tryFire(CompletableFuture.java:852)
	at java.util.concurrent.CompletableFuture.postComplete(CompletableFuture.java:474)
	at java.util.concurrent.CompletableFuture.completeExceptionally(CompletableFuture.java:1977)
	at org.apache.ratis.grpc.client.GrpcClientProtocolClient$AsyncStreamObservers.lambda$timeoutCheck$3(GrpcClientProtocolClient.java:324)
	at java.util.Optional.ifPresent(Optional.java:159)
	at org.apache.ratis.grpc.client.GrpcClientProtocolClient$AsyncStreamObservers.handleReplyFuture(GrpcClientProtocolClient.java:329)
	at org.apache.ratis.grpc.client.GrpcClientProtocolClient$AsyncStreamObservers.timeoutCheck(GrpcClientProtocolClient.java:324)
	at org.apache.ratis.grpc.client.GrpcClientProtocolClient$AsyncStreamObservers.lambda$onNext$1(GrpcClientProtocolClient.java:318)
	at org.apache.ratis.util.TimeoutScheduler.lambda$onTimeout$0(TimeoutScheduler.java:113)
	at org.apache.ratis.util.TimeoutScheduler.lambda$onTimeout$1(TimeoutScheduler.java:133)
	at org.apache.ratis.util.LogUtils.runAndLog(LogUtils.java:50)
	at org.apache.ratis.util.LogUtils$1.run(LogUtils.java:91)
	at java.util.concurrent.Executors$RunnableAdapter.call(Executors.java:511)
	at java.util.concurrent.FutureTask.run(FutureTask.java:266)
	at java.util.concurrent.ScheduledThreadPoolExecutor$ScheduledFutureTask.access$201(ScheduledThreadPoolExecutor.java:180)
	at java.util.concurrent.ScheduledThreadPoolExecutor$ScheduledFutureTask.run(ScheduledThreadPoolExecutor.java:293)
	at java.util.concurrent.ThreadPoolExecutor.runWorker(ThreadPoolExecutor.java:1149)
	at java.util.concurrent.ThreadPoolExecutor$Worker.run(ThreadPoolExecutor.java:624)
	at java.lang.Thread.run(Thread.java:748)
2019-10-10 01:17:03,261 [java.util.concurrent.ThreadPoolExecutor$Worker@551e19aa[State = -1, empty queue]] WARN  util.TimeoutScheduler (LogUtils.java:runAndLog(55)) - Failed to task #0: java.lang.NullPointerException
 0.00% |█                                                                                                    |  0/1 Time: 0:01:09 0.00% |█                                                                                                    |  0/1 Time: 0:01:10 0.00% |█                                                                                                    |  0/1 Time: 0:01:112019-10-10 01:17:05,868 [grpc-default-executor-0] INFO  impl.RaftServerProxy (RaftServerProxy.java:remove(95)) - 4b92f2f8-e489-47a4-a90a-1d3fa2a9a07f: remove    LEADER 4b92f2f8-e489-47a4-a90a-1d3fa2a9a07f@group-75155D17A0F1:t1, leader=4b92f2f8-e489-47a4-a90a-1d3fa2a9a07f, voted=4b92f2f8-e489-47a4-a90a-1d3fa2a9a07f, raftlog=4b92f2f8-e489-47a4-a90a-1d3fa2a9a07f@group-75155D17A0F1-SegmentedRaftLog:OPENED:c0,f0,i2, conf=0: [4b92f2f8-e489-47a4-a90a-1d3fa2a9a07f:192.168.151.118:35849, 993817e1-c77a-472e-865f-a6e34ffe7967:192.168.151.118:41261, fe8e0d95-22db-4b8a-875e-83bee4d716fb:192.168.151.118:34352], old=null RUNNING
2019-10-10 01:17:05,874 [grpc-default-executor-0] INFO  impl.RaftServerImpl (RaftServerImpl.java:lambda$shutdown$3(247)) - 4b92f2f8-e489-47a4-a90a-1d3fa2a9a07f@group-75155D17A0F1: shutdown
2019-10-10 01:17:05,875 [grpc-default-executor-0] INFO  util.JmxRegister (JmxRegister.java:unregister(73)) - Successfully un-registered JMX Bean with object name Ratis:service=RaftServer,group=group-75155D17A0F1,id=4b92f2f8-e489-47a4-a90a-1d3fa2a9a07f
2019-10-10 01:17:05,875 [grpc-default-executor-0] INFO  impl.RoleInfo (RoleInfo.java:shutdownLeaderState(104)) - 4b92f2f8-e489-47a4-a90a-1d3fa2a9a07f: shutdown LeaderState
2019-10-10 01:17:05,879 [grpc-default-executor-0] INFO  impl.PendingRequests (PendingRequests.java:sendNotLeaderResponses(202)) - 4b92f2f8-e489-47a4-a90a-1d3fa2a9a07f@group-75155D17A0F1-PendingRequests: sendNotLeaderResponses
2019-10-10 01:17:05,879 [org.apache.ratis.server.impl.LogAppender$AppenderDaemon$$Lambda$531/757553893@5fd9c68a] WARN  server.GrpcLogAppender (GrpcLogAppender.java:mayWait(143)) - 4b92f2f8-e489-47a4-a90a-1d3fa2a9a07f@group-75155D17A0F1->993817e1-c77a-472e-865f-a6e34ffe7967-GrpcLogAppender: Wait interrupted by java.lang.InterruptedException
2019-10-10 01:17:05,879 [org.apache.ratis.server.impl.LogAppender$AppenderDaemon$$Lambda$531/757553893@3f4e627] WARN  server.GrpcLogAppender (GrpcLogAppender.java:mayWait(143)) - 4b92f2f8-e489-47a4-a90a-1d3fa2a9a07f@group-75155D17A0F1->fe8e0d95-22db-4b8a-875e-83bee4d716fb-GrpcLogAppender: Wait interrupted by java.lang.InterruptedException
2019-10-10 01:17:05,888 [grpc-default-executor-2] INFO  server.GrpcServerProtocolService (GrpcServerProtocolService.java:onCompleted(113)) - fe8e0d95-22db-4b8a-875e-83bee4d716fb: Completed APPEND_ENTRIES, lastRequest: 4b92f2f8-e489-47a4-a90a-1d3fa2a9a07f->fe8e0d95-22db-4b8a-875e-83bee4d716fb#29-t1, previous=(t:1, i:2), leaderCommit=0, initializing? false, entries: <empty>
2019-10-10 01:17:05,888 [grpc-default-executor-1] INFO  server.GrpcServerProtocolService (GrpcServerProtocolService.java:onCompleted(113)) - 993817e1-c77a-472e-865f-a6e34ffe7967: Completed APPEND_ENTRIES, lastRequest: 4b92f2f8-e489-47a4-a90a-1d3fa2a9a07f->993817e1-c77a-472e-865f-a6e34ffe7967#29-t1, previous=(t:1, i:2), leaderCommit=0, initializing? false, entries: <empty>
2019-10-10 01:17:05,891 [grpc-default-executor-2] INFO  server.GrpcLogAppender (GrpcLogAppender.java:onCompleted(293)) - 4b92f2f8-e489-47a4-a90a-1d3fa2a9a07f@group-75155D17A0F1->fe8e0d95-22db-4b8a-875e-83bee4d716fb-AppendLogResponseHandler: follower responses appendEntries COMPLETED
2019-10-10 01:17:05,891 [grpc-default-executor-1] INFO  server.GrpcLogAppender (GrpcLogAppender.java:onCompleted(293)) - 4b92f2f8-e489-47a4-a90a-1d3fa2a9a07f@group-75155D17A0F1->993817e1-c77a-472e-865f-a6e34ffe7967-AppendLogResponseHandler: follower responses appendEntries COMPLETED
2019-10-10 01:17:05,896 [grpc-default-executor-1] INFO  impl.FollowerInfo (FollowerInfo.java:lambda$new$0(51)) - 4b92f2f8-e489-47a4-a90a-1d3fa2a9a07f@group-75155D17A0F1->993817e1-c77a-472e-865f-a6e34ffe7967: nextIndex: updateUnconditionally 3 -> 2
2019-10-10 01:17:05,896 [grpc-default-executor-2] INFO  impl.FollowerInfo (FollowerInfo.java:lambda$new$0(51)) - 4b92f2f8-e489-47a4-a90a-1d3fa2a9a07f@group-75155D17A0F1->fe8e0d95-22db-4b8a-875e-83bee4d716fb: nextIndex: updateUnconditionally 3 -> 2
2019-10-10 01:17:05,899 [grpc-default-executor-0] INFO  impl.StateMachineUpdater (StateMachineUpdater.java:stopAndJoin(136)) - 4b92f2f8-e489-47a4-a90a-1d3fa2a9a07f@group-75155D17A0F1-StateMachineUpdater: set stopIndex = 0
2019-10-10 01:17:05,904 [grpc-default-executor-0] INFO  impl.RaftServerImpl (ServerState.java:close(387)) - 4b92f2f8-e489-47a4-a90a-1d3fa2a9a07f@group-75155D17A0F1: closes. applyIndex: 0
2019-10-10 01:17:05,920 [4b92f2f8-e489-47a4-a90a-1d3fa2a9a07f@group-75155D17A0F1-SegmentedRaftLogWorker] INFO  segmented.SegmentedRaftLogWorker (SegmentedRaftLogWorker.java:run(316)) - 4b92f2f8-e489-47a4-a90a-1d3fa2a9a07f@group-75155D17A0F1-SegmentedRaftLogWorker was interrupted, exiting. There are 0 tasks remaining in the queue.
2019-10-10 01:17:05,923 [grpc-default-executor-0] INFO  segmented.SegmentedRaftLogWorker (SegmentedRaftLogWorker.java:close(224)) - 4b92f2f8-e489-47a4-a90a-1d3fa2a9a07f@group-75155D17A0F1-SegmentedRaftLogWorker close()
2019-10-10 01:17:05,947 [grpc-default-executor-0] INFO  impl.RaftServerProxy (RaftServerProxy.java:remove(95)) - fe8e0d95-22db-4b8a-875e-83bee4d716fb: remove  FOLLOWER fe8e0d95-22db-4b8a-875e-83bee4d716fb@group-75155D17A0F1:t1, leader=4b92f2f8-e489-47a4-a90a-1d3fa2a9a07f, voted=4b92f2f8-e489-47a4-a90a-1d3fa2a9a07f, raftlog=fe8e0d95-22db-4b8a-875e-83bee4d716fb@group-75155D17A0F1-SegmentedRaftLog:OPENED:c0,f2,i2, conf=0: [4b92f2f8-e489-47a4-a90a-1d3fa2a9a07f:192.168.151.118:35849, 993817e1-c77a-472e-865f-a6e34ffe7967:192.168.151.118:41261, fe8e0d95-22db-4b8a-875e-83bee4d716fb:192.168.151.118:34352], old=null RUNNING
2019-10-10 01:17:05,947 [grpc-default-executor-0] INFO  impl.RaftServerImpl (RaftServerImpl.java:lambda$shutdown$3(247)) - fe8e0d95-22db-4b8a-875e-83bee4d716fb@group-75155D17A0F1: shutdown
2019-10-10 01:17:05,947 [grpc-default-executor-0] INFO  util.JmxRegister (JmxRegister.java:unregister(73)) - Successfully un-registered JMX Bean with object name Ratis:service=RaftServer,group=group-75155D17A0F1,id=fe8e0d95-22db-4b8a-875e-83bee4d716fb
2019-10-10 01:17:05,947 [grpc-default-executor-0] INFO  impl.RoleInfo (RoleInfo.java:shutdownFollowerState(121)) - fe8e0d95-22db-4b8a-875e-83bee4d716fb: shutdown FollowerState
2019-10-10 01:17:05,948 [grpc-default-executor-0] INFO  impl.StateMachineUpdater (StateMachineUpdater.java:stopAndJoin(136)) - fe8e0d95-22db-4b8a-875e-83bee4d716fb@group-75155D17A0F1-StateMachineUpdater: set stopIndex = 0
2019-10-10 01:17:05,948 [Thread-261] INFO  impl.FollowerState (FollowerState.java:run(117)) - fe8e0d95-22db-4b8a-875e-83bee4d716fb@group-75155D17A0F1-FollowerState was interrupted: java.lang.InterruptedException: sleep interrupted
2019-10-10 01:17:05,950 [grpc-default-executor-0] INFO  impl.RaftServerImpl (ServerState.java:close(387)) - fe8e0d95-22db-4b8a-875e-83bee4d716fb@group-75155D17A0F1: closes. applyIndex: 0
2019-10-10 01:17:05,950 [fe8e0d95-22db-4b8a-875e-83bee4d716fb@group-75155D17A0F1-SegmentedRaftLogWorker] INFO  segmented.SegmentedRaftLogWorker (SegmentedRaftLogWorker.java:run(316)) - fe8e0d95-22db-4b8a-875e-83bee4d716fb@group-75155D17A0F1-SegmentedRaftLogWorker was interrupted, exiting. There are 0 tasks remaining in the queue.
2019-10-10 01:17:05,952 [grpc-default-executor-0] INFO  segmented.SegmentedRaftLogWorker (SegmentedRaftLogWorker.java:close(224)) - fe8e0d95-22db-4b8a-875e-83bee4d716fb@group-75155D17A0F1-SegmentedRaftLogWorker close()
2019-10-10 01:17:06,024 [grpc-default-executor-0] INFO  interfaces.Container (KeyValueContainer.java:flushAndSyncDB(386)) - Container 1 is synced with bcsId 0.
2019-10-10 01:17:06,025 [grpc-default-executor-0] INFO  interfaces.Container (KeyValueContainer.java:flushAndSyncDB(386)) - Container 1 is synced with bcsId 0.
2019-10-10 01:17:06,044 [EventQueue-IncrementalContainerReportForIncrementalContainerReportHandler] INFO  container.IncrementalContainerReportHandler (AbstractContainerReportHandler.java:updateContainerState(171)) - Moving container #1 to QUASI_CLOSED state, datanode fe8e0d95-22db-4b8a-875e-83bee4d716fb{ip: 192.168.151.118, host: pr-hdds-2194-jqrdw-3579824535, networkLocation: /default-rack, certSerialId: null} reported QUASI_CLOSED replica.
2019-10-10 01:17:06,053 [grpc-default-executor-0] INFO  impl.RaftServerProxy (RaftServerProxy.java:remove(95)) - 993817e1-c77a-472e-865f-a6e34ffe7967: remove  FOLLOWER 993817e1-c77a-472e-865f-a6e34ffe7967@group-75155D17A0F1:t1, leader=4b92f2f8-e489-47a4-a90a-1d3fa2a9a07f, voted=4b92f2f8-e489-47a4-a90a-1d3fa2a9a07f, raftlog=993817e1-c77a-472e-865f-a6e34ffe7967@group-75155D17A0F1-SegmentedRaftLog:OPENED:c0,f2,i2, conf=0: [4b92f2f8-e489-47a4-a90a-1d3fa2a9a07f:192.168.151.118:35849, 993817e1-c77a-472e-865f-a6e34ffe7967:192.168.151.118:41261, fe8e0d95-22db-4b8a-875e-83bee4d716fb:192.168.151.118:34352], old=null RUNNING
2019-10-10 01:17:06,053 [grpc-default-executor-0] INFO  impl.RaftServerImpl (RaftServerImpl.java:lambda$shutdown$3(247)) - 993817e1-c77a-472e-865f-a6e34ffe7967@group-75155D17A0F1: shutdown
2019-10-10 01:17:06,053 [grpc-default-executor-0] INFO  util.JmxRegister (JmxRegister.java:unregister(73)) - Successfully un-registered JMX Bean with object name Ratis:service=RaftServer,group=group-75155D17A0F1,id=993817e1-c77a-472e-865f-a6e34ffe7967
2019-10-10 01:17:06,053 [grpc-default-executor-0] INFO  impl.RoleInfo (RoleInfo.java:shutdownFollowerState(121)) - 993817e1-c77a-472e-865f-a6e34ffe7967: shutdown FollowerState
2019-10-10 01:17:06,053 [grpc-default-executor-0] INFO  impl.StateMachineUpdater (StateMachineUpdater.java:stopAndJoin(136)) - 993817e1-c77a-472e-865f-a6e34ffe7967@group-75155D17A0F1-StateMachineUpdater: set stopIndex = 0
2019-10-10 01:17:06,053 [Thread-262] INFO  impl.FollowerState (FollowerState.java:run(117)) - 993817e1-c77a-472e-865f-a6e34ffe7967@group-75155D17A0F1-FollowerState was interrupted: java.lang.InterruptedException: sleep interrupted
2019-10-10 01:17:06,057 [grpc-default-executor-0] INFO  impl.RaftServerImpl (ServerState.java:close(387)) - 993817e1-c77a-472e-865f-a6e34ffe7967@group-75155D17A0F1: closes. applyIndex: 0
2019-10-10 01:17:06,057 [993817e1-c77a-472e-865f-a6e34ffe7967@group-75155D17A0F1-SegmentedRaftLogWorker] INFO  segmented.SegmentedRaftLogWorker (SegmentedRaftLogWorker.java:run(316)) - 993817e1-c77a-472e-865f-a6e34ffe7967@group-75155D17A0F1-SegmentedRaftLogWorker was interrupted, exiting. There are 0 tasks remaining in the queue.
2019-10-10 01:17:06,059 [grpc-default-executor-0] INFO  segmented.SegmentedRaftLogWorker (SegmentedRaftLogWorker.java:close(224)) - 993817e1-c77a-472e-865f-a6e34ffe7967@group-75155D17A0F1-SegmentedRaftLogWorker close()
2019-10-10 01:17:06,131 [grpc-default-executor-0] INFO  interfaces.Container (KeyValueContainer.java:flushAndSyncDB(386)) - Container 1 is synced with bcsId 0.
2019-10-10 01:17:06,132 [grpc-default-executor-0] INFO  interfaces.Container (KeyValueContainer.java:flushAndSyncDB(386)) - Container 1 is synced with bcsId 0.
2019-10-10 01:17:06,151 [RatisPipelineUtilsThread] INFO  pipeline.PipelineStateManager (PipelineStateManager.java:removePipeline(108)) - Pipeline Pipeline[ Id: 180ca14c-1abb-4db4-aafd-75155d17a0f1, Nodes: 4b92f2f8-e489-47a4-a90a-1d3fa2a9a07f{ip: 192.168.151.118, host: pr-hdds-2194-jqrdw-3579824535, networkLocation: /default-rack, certSerialId: null}fe8e0d95-22db-4b8a-875e-83bee4d716fb{ip: 192.168.151.118, host: pr-hdds-2194-jqrdw-3579824535, networkLocation: /default-rack, certSerialId: null}993817e1-c77a-472e-865f-a6e34ffe7967{ip: 192.168.151.118, host: pr-hdds-2194-jqrdw-3579824535, networkLocation: /default-rack, certSerialId: null}, Type:RATIS, Factor:THREE, State:CLOSED] removed from db
2019-10-10 01:17:06,174 [grpc-default-executor-1] INFO  impl.RaftServerProxy (RaftServerProxy.java:addNew(89)) - fe8e0d95-22db-4b8a-875e-83bee4d716fb: addNew group-79B23E43EB46:[4b92f2f8-e489-47a4-a90a-1d3fa2a9a07f:192.168.151.118:35849, 993817e1-c77a-472e-865f-a6e34ffe7967:192.168.151.118:41261, fe8e0d95-22db-4b8a-875e-83bee4d716fb:192.168.151.118:34352] returns group-79B23E43EB46:java.util.concurrent.CompletableFuture@3e2b67ed[Not completed]
2019-10-10 01:17:06,174 [grpc-default-executor-3] INFO  impl.RaftServerProxy (RaftServerProxy.java:addNew(89)) - 993817e1-c77a-472e-865f-a6e34ffe7967: addNew group-79B23E43EB46:[4b92f2f8-e489-47a4-a90a-1d3fa2a9a07f:192.168.151.118:35849, 993817e1-c77a-472e-865f-a6e34ffe7967:192.168.151.118:41261, fe8e0d95-22db-4b8a-875e-83bee4d716fb:192.168.151.118:34352] returns group-79B23E43EB46:java.util.concurrent.CompletableFuture@3b60f066[Not completed]
2019-10-10 01:17:06,174 [grpc-default-executor-0] INFO  impl.RaftServerProxy (RaftServerProxy.java:addNew(89)) - 4b92f2f8-e489-47a4-a90a-1d3fa2a9a07f: addNew group-79B23E43EB46:[4b92f2f8-e489-47a4-a90a-1d3fa2a9a07f:192.168.151.118:35849, 993817e1-c77a-472e-865f-a6e34ffe7967:192.168.151.118:41261, fe8e0d95-22db-4b8a-875e-83bee4d716fb:192.168.151.118:34352] returns group-79B23E43EB46:java.util.concurrent.CompletableFuture@520f502d[Not completed]
2019-10-10 01:17:06,178 [pool-67-thread-1] INFO  impl.RaftServerImpl (RaftServerImpl.java:<init>(95)) - 4b92f2f8-e489-47a4-a90a-1d3fa2a9a07f: new RaftServerImpl for group-79B23E43EB46:[4b92f2f8-e489-47a4-a90a-1d3fa2a9a07f:192.168.151.118:35849, 993817e1-c77a-472e-865f-a6e34ffe7967:192.168.151.118:41261, fe8e0d95-22db-4b8a-875e-83bee4d716fb:192.168.151.118:34352] with ContainerStateMachine:uninitialized
2019-10-10 01:17:06,178 [pool-67-thread-1] INFO  server.RaftServerConfigKeys (ConfUtils.java:logGet(43)) - raft.server.rpc.timeout.min = 5s (custom)
2019-10-10 01:17:06,178 [pool-67-thread-1] INFO  server.RaftServerConfigKeys (ConfUtils.java:logGet(43)) - raft.server.rpc.timeout.max = 5200ms (custom)
2019-10-10 01:17:06,178 [pool-67-thread-1] INFO  server.RaftServerConfigKeys (ConfUtils.java:logGet(43)) - raft.server.rpcslowness.timeout = 120s (custom)
2019-10-10 01:17:06,178 [pool-67-thread-1] INFO  server.RaftServerConfigKeys (ConfUtils.java:logGet(43)) - raft.server.sleep.deviation.threshold = 300 (default)
2019-10-10 01:17:06,178 [pool-67-thread-1] INFO  server.RaftServerConfigKeys (ConfUtils.java:logGet(43)) - raft.server.log.appender.install.snapshot.enabled = false (custom)
2019-10-10 01:17:06,178 [pool-67-thread-1] INFO  impl.RaftServerImpl (ServerState.java:<init>(103)) - 4b92f2f8-e489-47a4-a90a-1d3fa2a9a07f@group-79B23E43EB46: ConfigurationManager, init=-1: [4b92f2f8-e489-47a4-a90a-1d3fa2a9a07f:192.168.151.118:35849, 993817e1-c77a-472e-865f-a6e34ffe7967:192.168.151.118:41261, fe8e0d95-22db-4b8a-875e-83bee4d716fb:192.168.151.118:34352], old=null, confs=<EMPTY_MAP>
2019-10-10 01:17:06,179 [pool-67-thread-1] INFO  server.RaftServerConfigKeys (ConfUtils.java:logGet(43)) - raft.server.storage.dir = [/workdir/hadoop-ozone/tools/target/test-dir/MiniOzoneClusterImpl-1e8b0e80-279c-49c4-ae13-42ed318b6149/datanode-4/data/ratis] (custom)
2019-10-10 01:17:06,179 [pool-27-thread-1] INFO  impl.RaftServerImpl (RaftServerImpl.java:<init>(95)) - 993817e1-c77a-472e-865f-a6e34ffe7967: new RaftServerImpl for group-79B23E43EB46:[4b92f2f8-e489-47a4-a90a-1d3fa2a9a07f:192.168.151.118:35849, 993817e1-c77a-472e-865f-a6e34ffe7967:192.168.151.118:41261, fe8e0d95-22db-4b8a-875e-83bee4d716fb:192.168.151.118:34352] with ContainerStateMachine:uninitialized
2019-10-10 01:17:06,179 [pool-67-thread-1] INFO  server.RaftServerConfigKeys (ConfUtils.java:logGet(43)) - raft.server.log.corruption.policy = EXCEPTION (default)
2019-10-10 01:17:06,179 [pool-27-thread-1] INFO  server.RaftServerConfigKeys (ConfUtils.java:logGet(43)) - raft.server.rpc.timeout.min = 5s (custom)
2019-10-10 01:17:06,179 [pool-67-thread-1] INFO  storage.RaftStorageDirectory (RaftStorageDirectory.java:analyzeStorage(246)) - The storage directory /workdir/hadoop-ozone/tools/target/test-dir/MiniOzoneClusterImpl-1e8b0e80-279c-49c4-ae13-42ed318b6149/datanode-4/data/ratis/5034b1d2-a533-4eea-8c84-79b23e43eb46 does not exist. Creating ...
2019-10-10 01:17:06,179 [pool-27-thread-1] INFO  server.RaftServerConfigKeys (ConfUtils.java:logGet(43)) - raft.server.rpc.timeout.max = 5200ms (custom)
2019-10-10 01:17:06,179 [pool-27-thread-1] INFO  server.RaftServerConfigKeys (ConfUtils.java:logGet(43)) - raft.server.rpcslowness.timeout = 120s (custom)
2019-10-10 01:17:06,180 [pool-47-thread-1] INFO  impl.RaftServerImpl (RaftServerImpl.java:<init>(95)) - fe8e0d95-22db-4b8a-875e-83bee4d716fb: new RaftServerImpl for group-79B23E43EB46:[4b92f2f8-e489-47a4-a90a-1d3fa2a9a07f:192.168.151.118:35849, 993817e1-c77a-472e-865f-a6e34ffe7967:192.168.151.118:41261, fe8e0d95-22db-4b8a-875e-83bee4d716fb:192.168.151.118:34352] with ContainerStateMachine:uninitialized
2019-10-10 01:17:06,180 [pool-27-thread-1] INFO  server.RaftServerConfigKeys (ConfUtils.java:logGet(43)) - raft.server.sleep.deviation.threshold = 300 (default)
2019-10-10 01:17:06,180 [pool-47-thread-1] INFO  server.RaftServerConfigKeys (ConfUtils.java:logGet(43)) - raft.server.rpc.timeout.min = 5s (custom)
2019-10-10 01:17:06,180 [pool-27-thread-1] INFO  server.RaftServerConfigKeys (ConfUtils.java:logGet(43)) - raft.server.log.appender.install.snapshot.enabled = false (custom)
2019-10-10 01:17:06,180 [pool-47-thread-1] INFO  server.RaftServerConfigKeys (ConfUtils.java:logGet(43)) - raft.server.rpc.timeout.max = 5200ms (custom)
2019-10-10 01:17:06,180 [pool-27-thread-1] INFO  impl.RaftServerImpl (ServerState.java:<init>(103)) - 993817e1-c77a-472e-865f-a6e34ffe7967@group-79B23E43EB46: ConfigurationManager, init=-1: [4b92f2f8-e489-47a4-a90a-1d3fa2a9a07f:192.168.151.118:35849, 993817e1-c77a-472e-865f-a6e34ffe7967:192.168.151.118:41261, fe8e0d95-22db-4b8a-875e-83bee4d716fb:192.168.151.118:34352], old=null, confs=<EMPTY_MAP>
2019-10-10 01:17:06,180 [pool-47-thread-1] INFO  server.RaftServerConfigKeys (ConfUtils.java:logGet(43)) - raft.server.rpcslowness.timeout = 120s (custom)
2019-10-10 01:17:06,180 [pool-47-thread-1] INFO  server.RaftServerConfigKeys (ConfUtils.java:logGet(43)) - raft.server.sleep.deviation.threshold = 300 (default)
2019-10-10 01:17:06,180 [pool-27-thread-1] INFO  server.RaftServerConfigKeys (ConfUtils.java:logGet(43)) - raft.server.storage.dir = [/workdir/hadoop-ozone/tools/target/test-dir/MiniOzoneClusterImpl-1e8b0e80-279c-49c4-ae13-42ed318b6149/datanode-0/data/ratis] (custom)
2019-10-10 01:17:06,181 [pool-47-thread-1] INFO  server.RaftServerConfigKeys (ConfUtils.java:logGet(43)) - raft.server.log.appender.install.snapshot.enabled = false (custom)
2019-10-10 01:17:06,181 [pool-47-thread-1] INFO  impl.RaftServerImpl (ServerState.java:<init>(103)) - fe8e0d95-22db-4b8a-875e-83bee4d716fb@group-79B23E43EB46: ConfigurationManager, init=-1: [4b92f2f8-e489-47a4-a90a-1d3fa2a9a07f:192.168.151.118:35849, 993817e1-c77a-472e-865f-a6e34ffe7967:192.168.151.118:41261, fe8e0d95-22db-4b8a-875e-83bee4d716fb:192.168.151.118:34352], old=null, confs=<EMPTY_MAP>
2019-10-10 01:17:06,181 [pool-27-thread-1] INFO  server.RaftServerConfigKeys (ConfUtils.java:logGet(43)) - raft.server.log.corruption.policy = EXCEPTION (default)
2019-10-10 01:17:06,181 [pool-47-thread-1] INFO  server.RaftServerConfigKeys (ConfUtils.java:logGet(43)) - raft.server.storage.dir = [/workdir/hadoop-ozone/tools/target/test-dir/MiniOzoneClusterImpl-1e8b0e80-279c-49c4-ae13-42ed318b6149/datanode-2/data/ratis] (custom)
2019-10-10 01:17:06,181 [pool-27-thread-1] INFO  storage.RaftStorageDirectory (RaftStorageDirectory.java:analyzeStorage(246)) - The storage directory /workdir/hadoop-ozone/tools/target/test-dir/MiniOzoneClusterImpl-1e8b0e80-279c-49c4-ae13-42ed318b6149/datanode-0/data/ratis/5034b1d2-a533-4eea-8c84-79b23e43eb46 does not exist. Creating ...
2019-10-10 01:17:06,181 [pool-47-thread-1] INFO  server.RaftServerConfigKeys (ConfUtils.java:logGet(43)) - raft.server.log.corruption.policy = EXCEPTION (default)
2019-10-10 01:17:06,181 [pool-47-thread-1] INFO  storage.RaftStorageDirectory (RaftStorageDirectory.java:analyzeStorage(246)) - The storage directory /workdir/hadoop-ozone/tools/target/test-dir/MiniOzoneClusterImpl-1e8b0e80-279c-49c4-ae13-42ed318b6149/datanode-2/data/ratis/5034b1d2-a533-4eea-8c84-79b23e43eb46 does not exist. Creating ...
2019-10-10 01:17:06,193 [pool-67-thread-1] INFO  storage.RaftStorageDirectory (RaftStorageDirectory.java:tryLock(328)) - Lock on /workdir/hadoop-ozone/tools/target/test-dir/MiniOzoneClusterImpl-1e8b0e80-279c-49c4-ae13-42ed318b6149/datanode-4/data/ratis/5034b1d2-a533-4eea-8c84-79b23e43eb46/in_use.lock acquired by nodename 12932@pr-hdds-2194-jqrdw-3579824535
2019-10-10 01:17:06,193 [pool-27-thread-1] INFO  storage.RaftStorageDirectory (RaftStorageDirectory.java:tryLock(328)) - Lock on /workdir/hadoop-ozone/tools/target/test-dir/MiniOzoneClusterImpl-1e8b0e80-279c-49c4-ae13-42ed318b6149/datanode-0/data/ratis/5034b1d2-a533-4eea-8c84-79b23e43eb46/in_use.lock acquired by nodename 12932@pr-hdds-2194-jqrdw-3579824535
2019-10-10 01:17:06,193 [pool-47-thread-1] INFO  storage.RaftStorageDirectory (RaftStorageDirectory.java:tryLock(328)) - Lock on /workdir/hadoop-ozone/tools/target/test-dir/MiniOzoneClusterImpl-1e8b0e80-279c-49c4-ae13-42ed318b6149/datanode-2/data/ratis/5034b1d2-a533-4eea-8c84-79b23e43eb46/in_use.lock acquired by nodename 12932@pr-hdds-2194-jqrdw-3579824535
2019-10-10 01:17:06,209 [pool-47-thread-1] INFO  storage.RaftStorage (RaftStorage.java:format(84)) - Storage directory /workdir/hadoop-ozone/tools/target/test-dir/MiniOzoneClusterImpl-1e8b0e80-279c-49c4-ae13-42ed318b6149/datanode-2/data/ratis/5034b1d2-a533-4eea-8c84-79b23e43eb46 has been successfully formatted.
2019-10-10 01:17:06,209 [pool-27-thread-1] INFO  storage.RaftStorage (RaftStorage.java:format(84)) - Storage directory /workdir/hadoop-ozone/tools/target/test-dir/MiniOzoneClusterImpl-1e8b0e80-279c-49c4-ae13-42ed318b6149/datanode-0/data/ratis/5034b1d2-a533-4eea-8c84-79b23e43eb46 has been successfully formatted.
2019-10-10 01:17:06,209 [pool-67-thread-1] INFO  storage.RaftStorage (RaftStorage.java:format(84)) - Storage directory /workdir/hadoop-ozone/tools/target/test-dir/MiniOzoneClusterImpl-1e8b0e80-279c-49c4-ae13-42ed318b6149/datanode-4/data/ratis/5034b1d2-a533-4eea-8c84-79b23e43eb46 has been successfully formatted.
2019-10-10 01:17:06,209 [pool-47-thread-1] INFO  ratis.ContainerStateMachine (ContainerStateMachine.java:loadSnapshot(231)) - group-79B23E43EB46: The snapshot info is null. Setting the last applied indexto:(t:0, i:~)
2019-10-10 01:17:06,209 [pool-27-thread-1] INFO  ratis.ContainerStateMachine (ContainerStateMachine.java:loadSnapshot(231)) - group-79B23E43EB46: The snapshot info is null. Setting the last applied indexto:(t:0, i:~)
2019-10-10 01:17:06,209 [pool-67-thread-1] INFO  ratis.ContainerStateMachine (ContainerStateMachine.java:loadSnapshot(231)) - group-79B23E43EB46: The snapshot info is null. Setting the last applied indexto:(t:0, i:~)
2019-10-10 01:17:06,209 [pool-47-thread-1] INFO  server.RaftServerConfigKeys (ConfUtils.java:logGet(43)) - raft.server.notification.no-leader.timeout = 120s (custom)
2019-10-10 01:17:06,210 [pool-67-thread-1] INFO  server.RaftServerConfigKeys (ConfUtils.java:logGet(43)) - raft.server.notification.no-leader.timeout = 120s (custom)
2019-10-10 01:17:06,210 [pool-27-thread-1] INFO  server.RaftServerConfigKeys (ConfUtils.java:logGet(43)) - raft.server.notification.no-leader.timeout = 120s (custom)
2019-10-10 01:17:06,210 [pool-67-thread-1] INFO  server.RaftServerConfigKeys (ConfUtils.java:logGet(43)) - raft.server.log.use.memory = false (default)
2019-10-10 01:17:06,210 [pool-47-thread-1] INFO  server.RaftServerConfigKeys (ConfUtils.java:logGet(43)) - raft.server.log.use.memory = false (default)
2019-10-10 01:17:06,210 [pool-27-thread-1] INFO  server.RaftServerConfigKeys (ConfUtils.java:logGet(43)) - raft.server.log.use.memory = false (default)
2019-10-10 01:17:06,210 [pool-67-thread-1] INFO  server.RaftServerConfigKeys (ConfUtils.java:logGet(43)) - raft.server.log.purge.gap = 1000000 (custom)
2019-10-10 01:17:06,210 [pool-47-thread-1] INFO  server.RaftServerConfigKeys (ConfUtils.java:logGet(43)) - raft.server.log.purge.gap = 1000000 (custom)
2019-10-10 01:17:06,211 [pool-67-thread-1] INFO  server.RaftServerConfigKeys (ConfUtils.java:logGet(43)) - raft.server.log.appender.buffer.byte-limit = 33554432 (custom)
2019-10-10 01:17:06,210 [pool-27-thread-1] INFO  server.RaftServerConfigKeys (ConfUtils.java:logGet(43)) - raft.server.log.purge.gap = 1000000 (custom)
2019-10-10 01:17:06,211 [pool-67-thread-1] INFO  server.RaftServerConfigKeys (ConfUtils.java:logGet(43)) - raft.server.log.segment.size.max = 1048576 (custom)
2019-10-10 01:17:06,211 [pool-47-thread-1] INFO  server.RaftServerConfigKeys (ConfUtils.java:logGet(43)) - raft.server.log.appender.buffer.byte-limit = 33554432 (custom)
2019-10-10 01:17:06,211 [pool-27-thread-1] INFO  server.RaftServerConfigKeys (ConfUtils.java:logGet(43)) - raft.server.log.appender.buffer.byte-limit = 33554432 (custom)
2019-10-10 01:17:06,211 [pool-67-thread-1] INFO  server.RaftServerConfigKeys (ConfUtils.java:logGet(43)) - raft.server.log.segment.cache.num.max = 2 (custom)
2019-10-10 01:17:06,211 [pool-47-thread-1] INFO  server.RaftServerConfigKeys (ConfUtils.java:logGet(43)) - raft.server.log.segment.size.max = 1048576 (custom)
2019-10-10 01:17:06,212 [pool-67-thread-1] INFO  segmented.SegmentedRaftLogWorker (SegmentedRaftLogWorker.java:<init>(173)) - new 4b92f2f8-e489-47a4-a90a-1d3fa2a9a07f@group-79B23E43EB46-SegmentedRaftLogWorker for RaftStorage:Storage Directory /workdir/hadoop-ozone/tools/target/test-dir/MiniOzoneClusterImpl-1e8b0e80-279c-49c4-ae13-42ed318b6149/datanode-4/data/ratis/5034b1d2-a533-4eea-8c84-79b23e43eb46
2019-10-10 01:17:06,211 [pool-27-thread-1] INFO  server.RaftServerConfigKeys (ConfUtils.java:logGet(43)) - raft.server.log.segment.size.max = 1048576 (custom)
2019-10-10 01:17:06,212 [pool-67-thread-1] INFO  server.RaftServerConfigKeys (ConfUtils.java:logGet(43)) - raft.server.log.queue.byte-limit = 2147483647 (custom)
2019-10-10 01:17:06,212 [pool-27-thread-1] INFO  server.RaftServerConfigKeys (ConfUtils.java:logGet(43)) - raft.server.log.segment.cache.num.max = 2 (custom)
2019-10-10 01:17:06,212 [pool-47-thread-1] INFO  server.RaftServerConfigKeys (ConfUtils.java:logGet(43)) - raft.server.log.segment.cache.num.max = 2 (custom)
2019-10-10 01:17:06,212 [pool-27-thread-1] INFO  segmented.SegmentedRaftLogWorker (SegmentedRaftLogWorker.java:<init>(173)) - new 993817e1-c77a-472e-865f-a6e34ffe7967@group-79B23E43EB46-SegmentedRaftLogWorker for RaftStorage:Storage Directory /workdir/hadoop-ozone/tools/target/test-dir/MiniOzoneClusterImpl-1e8b0e80-279c-49c4-ae13-42ed318b6149/datanode-0/data/ratis/5034b1d2-a533-4eea-8c84-79b23e43eb46
2019-10-10 01:17:06,212 [pool-67-thread-1] INFO  server.RaftServerConfigKeys (ConfUtils.java:logGet(43)) - raft.server.log.queue.element-limit = 1024 (custom)
2019-10-10 01:17:06,212 [pool-27-thread-1] INFO  server.RaftServerConfigKeys (ConfUtils.java:logGet(43)) - raft.server.log.queue.byte-limit = 2147483647 (custom)
2019-10-10 01:17:06,212 [pool-47-thread-1] INFO  segmented.SegmentedRaftLogWorker (SegmentedRaftLogWorker.java:<init>(173)) - new fe8e0d95-22db-4b8a-875e-83bee4d716fb@group-79B23E43EB46-SegmentedRaftLogWorker for RaftStorage:Storage Directory /workdir/hadoop-ozone/tools/target/test-dir/MiniOzoneClusterImpl-1e8b0e80-279c-49c4-ae13-42ed318b6149/datanode-2/data/ratis/5034b1d2-a533-4eea-8c84-79b23e43eb46
2019-10-10 01:17:06,213 [pool-27-thread-1] INFO  server.RaftServerConfigKeys (ConfUtils.java:logGet(43)) - raft.server.log.queue.element-limit = 1024 (custom)
2019-10-10 01:17:06,213 [pool-67-thread-1] INFO  server.RaftServerConfigKeys (ConfUtils.java:logGet(43)) - raft.server.log.segment.size.max = 1048576 (custom)
2019-10-10 01:17:06,213 [pool-27-thread-1] INFO  server.RaftServerConfigKeys (ConfUtils.java:logGet(43)) - raft.server.log.segment.size.max = 1048576 (custom)
2019-10-10 01:17:06,213 [pool-47-thread-1] INFO  server.RaftServerConfigKeys (ConfUtils.java:logGet(43)) - raft.server.log.queue.byte-limit = 2147483647 (custom)
2019-10-10 01:17:06,213 [pool-27-thread-1] INFO  server.RaftServerConfigKeys (ConfUtils.java:logGet(43)) - raft.server.log.preallocated.size = 16384 (custom)
2019-10-10 01:17:06,213 [pool-67-thread-1] INFO  server.RaftServerConfigKeys (ConfUtils.java:logGet(43)) - raft.server.log.preallocated.size = 16384 (custom)
2019-10-10 01:17:06,214 [pool-27-thread-1] INFO  server.RaftServerConfigKeys (ConfUtils.java:logGet(43)) - raft.server.log.write.buffer.size = 33554432 (custom)
2019-10-10 01:17:06,214 [pool-47-thread-1] INFO  server.RaftServerConfigKeys (ConfUtils.java:logGet(43)) - raft.server.log.queue.element-limit = 1024 (custom)
2019-10-10 01:17:06,214 [pool-27-thread-1] INFO  server.RaftServerConfigKeys (ConfUtils.java:logGet(43)) - raft.server.log.force.sync.num = 128 (default)
2019-10-10 01:17:06,214 [pool-67-thread-1] INFO  server.RaftServerConfigKeys (ConfUtils.java:logGet(43)) - raft.server.log.write.buffer.size = 33554432 (custom)
2019-10-10 01:17:06,214 [pool-27-thread-1] INFO  server.RaftServerConfigKeys (ConfUtils.java:logGet(43)) - raft.server.log.statemachine.data.sync = true (default)
2019-10-10 01:17:06,214 [pool-47-thread-1] INFO  server.RaftServerConfigKeys (ConfUtils.java:logGet(43)) - raft.server.log.segment.size.max = 1048576 (custom)
2019-10-10 01:17:06,215 [pool-27-thread-1] INFO  server.RaftServerConfigKeys (ConfUtils.java:logGet(43)) - raft.server.log.statemachine.data.sync.timeout = 10s (default)
2019-10-10 01:17:06,214 [pool-67-thread-1] INFO  server.RaftServerConfigKeys (ConfUtils.java:logGet(43)) - raft.server.log.force.sync.num = 128 (default)
2019-10-10 01:17:06,215 [pool-27-thread-1] INFO  server.RaftServerConfigKeys (ConfUtils.java:logGet(43)) - raft.server.log.statemachine.data.sync.timeout.retry = -1 (default)
2019-10-10 01:17:06,215 [pool-47-thread-1] INFO  server.RaftServerConfigKeys (ConfUtils.java:logGet(43)) - raft.server.log.preallocated.size = 16384 (custom)
2019-10-10 01:17:06,215 [pool-67-thread-1] INFO  server.RaftServerConfigKeys (ConfUtils.java:logGet(43)) - raft.server.log.statemachine.data.sync = true (default)
2019-10-10 01:17:06,215 [pool-27-thread-1] INFO  server.RaftServerConfigKeys (ConfUtils.java:logGet(43)) - raft.server.log.statemachine.data.caching.enabled = true (custom)
2019-10-10 01:17:06,215 [pool-47-thread-1] INFO  server.RaftServerConfigKeys (ConfUtils.java:logGet(43)) - raft.server.log.write.buffer.size = 33554432 (custom)
2019-10-10 01:17:06,215 [pool-67-thread-1] INFO  server.RaftServerConfigKeys (ConfUtils.java:logGet(43)) - raft.server.log.statemachine.data.sync.timeout = 10s (default)
2019-10-10 01:17:06,216 [pool-47-thread-1] INFO  server.RaftServerConfigKeys (ConfUtils.java:logGet(43)) - raft.server.log.force.sync.num = 128 (default)
2019-10-10 01:17:06,216 [pool-27-thread-1] INFO  segmented.SegmentedRaftLogWorker (SegmentedRaftLogWorker.java:lambda$new$0(128)) - 993817e1-c77a-472e-865f-a6e34ffe7967@group-79B23E43EB46-SegmentedRaftLogWorker: flushIndex: setUnconditionally 0 -> -1
2019-10-10 01:17:06,216 [pool-67-thread-1] INFO  server.RaftServerConfigKeys (ConfUtils.java:logGet(43)) - raft.server.log.statemachine.data.sync.timeout.retry = -1 (default)
2019-10-10 01:17:06,216 [pool-47-thread-1] INFO  server.RaftServerConfigKeys (ConfUtils.java:logGet(43)) - raft.server.log.statemachine.data.sync = true (default)
2019-10-10 01:17:06,216 [pool-47-thread-1] INFO  server.RaftServerConfigKeys (ConfUtils.java:logGet(43)) - raft.server.log.statemachine.data.sync.timeout = 10s (default)
2019-10-10 01:17:06,216 [pool-27-thread-1] INFO  server.RaftServerConfigKeys (ConfUtils.java:logGet(43)) - raft.server.snapshot.auto.trigger.enabled = true (custom)
2019-10-10 01:17:06,216 [pool-67-thread-1] INFO  server.RaftServerConfigKeys (ConfUtils.java:logGet(43)) - raft.server.log.statemachine.data.caching.enabled = true (custom)
2019-10-10 01:17:06,217 [pool-27-thread-1] INFO  server.RaftServerConfigKeys (ConfUtils.java:logGet(43)) - raft.server.snapshot.auto.trigger.threshold = 10000 (custom)
2019-10-10 01:17:06,216 [pool-47-thread-1] INFO  server.RaftServerConfigKeys (ConfUtils.java:logGet(43)) - raft.server.log.statemachine.data.sync.timeout.retry = -1 (default)
2019-10-10 01:17:06,217 [pool-27-thread-1] INFO  server.RaftServerConfigKeys (ConfUtils.java:logGet(43)) - raft.server.snapshot.retention.file.num = 5 (custom)
2019-10-10 01:17:06,217 [pool-67-thread-1] INFO  segmented.SegmentedRaftLogWorker (SegmentedRaftLogWorker.java:lambda$new$0(128)) - 4b92f2f8-e489-47a4-a90a-1d3fa2a9a07f@group-79B23E43EB46-SegmentedRaftLogWorker: flushIndex: setUnconditionally 0 -> -1
2019-10-10 01:17:06,217 [pool-47-thread-1] INFO  server.RaftServerConfigKeys (ConfUtils.java:logGet(43)) - raft.server.log.statemachine.data.caching.enabled = true (custom)
2019-10-10 01:17:06,217 [pool-27-thread-1] INFO  server.RaftServerConfigKeys (ConfUtils.java:logGet(43)) - raft.server.retrycache.expirytime = 600000ms (custom)
2019-10-10 01:17:06,217 [pool-47-thread-1] INFO  segmented.SegmentedRaftLogWorker (SegmentedRaftLogWorker.java:lambda$new$0(128)) - fe8e0d95-22db-4b8a-875e-83bee4d716fb@group-79B23E43EB46-SegmentedRaftLogWorker: flushIndex: setUnconditionally 0 -> -1
2019-10-10 01:17:06,217 [pool-67-thread-1] INFO  server.RaftServerConfigKeys (ConfUtils.java:logGet(43)) - raft.server.snapshot.auto.trigger.enabled = true (custom)
2019-10-10 01:17:06,218 [pool-47-thread-1] INFO  server.RaftServerConfigKeys (ConfUtils.java:logGet(43)) - raft.server.snapshot.auto.trigger.enabled = true (custom)
2019-10-10 01:17:06,218 [pool-67-thread-1] INFO  server.RaftServerConfigKeys (ConfUtils.java:logGet(43)) - raft.server.snapshot.auto.trigger.threshold = 10000 (custom)
2019-10-10 01:17:06,218 [pool-47-thread-1] INFO  server.RaftServerConfigKeys (ConfUtils.java:logGet(43)) - raft.server.snapshot.auto.trigger.threshold = 10000 (custom)
2019-10-10 01:17:06,218 [pool-67-thread-1] INFO  server.RaftServerConfigKeys (ConfUtils.java:logGet(43)) - raft.server.snapshot.retention.file.num = 5 (custom)
2019-10-10 01:17:06,218 [pool-47-thread-1] INFO  server.RaftServerConfigKeys (ConfUtils.java:logGet(43)) - raft.server.snapshot.retention.file.num = 5 (custom)
2019-10-10 01:17:06,218 [pool-67-thread-1] INFO  server.RaftServerConfigKeys (ConfUtils.java:logGet(43)) - raft.server.retrycache.expirytime = 600000ms (custom)
2019-10-10 01:17:06,218 [pool-47-thread-1] INFO  server.RaftServerConfigKeys (ConfUtils.java:logGet(43)) - raft.server.retrycache.expirytime = 600000ms (custom)
2019-10-10 01:17:06,223 [pool-47-thread-1] INFO  impl.RaftServerImpl (RaftServerImpl.java:start(181)) - fe8e0d95-22db-4b8a-875e-83bee4d716fb@group-79B23E43EB46: start as a follower, conf=-1: [4b92f2f8-e489-47a4-a90a-1d3fa2a9a07f:192.168.151.118:35849, 993817e1-c77a-472e-865f-a6e34ffe7967:192.168.151.118:41261, fe8e0d95-22db-4b8a-875e-83bee4d716fb:192.168.151.118:34352], old=null
2019-10-10 01:17:06,223 [pool-27-thread-1] INFO  impl.RaftServerImpl (RaftServerImpl.java:start(181)) - 993817e1-c77a-472e-865f-a6e34ffe7967@group-79B23E43EB46: start as a follower, conf=-1: [4b92f2f8-e489-47a4-a90a-1d3fa2a9a07f:192.168.151.118:35849, 993817e1-c77a-472e-865f-a6e34ffe7967:192.168.151.118:41261, fe8e0d95-22db-4b8a-875e-83bee4d716fb:192.168.151.118:34352], old=null
2019-10-10 01:17:06,223 [pool-67-thread-1] INFO  impl.RaftServerImpl (RaftServerImpl.java:start(181)) - 4b92f2f8-e489-47a4-a90a-1d3fa2a9a07f@group-79B23E43EB46: start as a follower, conf=-1: [4b92f2f8-e489-47a4-a90a-1d3fa2a9a07f:192.168.151.118:35849, 993817e1-c77a-472e-865f-a6e34ffe7967:192.168.151.118:41261, fe8e0d95-22db-4b8a-875e-83bee4d716fb:192.168.151.118:34352], old=null
2019-10-10 01:17:06,223 [pool-47-thread-1] INFO  impl.RaftServerImpl (RaftServerImpl.java:setRole(170)) - fe8e0d95-22db-4b8a-875e-83bee4d716fb@group-79B23E43EB46: changes role from      null to FOLLOWER at term 0 for startAsFollower
2019-10-10 01:17:06,223 [pool-67-thread-1] INFO  impl.RaftServerImpl (RaftServerImpl.java:setRole(170)) - 4b92f2f8-e489-47a4-a90a-1d3fa2a9a07f@group-79B23E43EB46: changes role from      null to FOLLOWER at term 0 for startAsFollower
2019-10-10 01:17:06,223 [pool-27-thread-1] INFO  impl.RaftServerImpl (RaftServerImpl.java:setRole(170)) - 993817e1-c77a-472e-865f-a6e34ffe7967@group-79B23E43EB46: changes role from      null to FOLLOWER at term 0 for startAsFollower
2019-10-10 01:17:06,223 [pool-67-thread-1] INFO  impl.RoleInfo (RoleInfo.java:updateAndGet(143)) - 4b92f2f8-e489-47a4-a90a-1d3fa2a9a07f: start FollowerState
2019-10-10 01:17:06,223 [pool-47-thread-1] INFO  impl.RoleInfo (RoleInfo.java:updateAndGet(143)) - fe8e0d95-22db-4b8a-875e-83bee4d716fb: start FollowerState
2019-10-10 01:17:06,224 [pool-27-thread-1] INFO  impl.RoleInfo (RoleInfo.java:updateAndGet(143)) - 993817e1-c77a-472e-865f-a6e34ffe7967: start FollowerState
2019-10-10 01:17:06,224 [pool-47-thread-1] INFO  util.JmxRegister (JmxRegister.java:tryRegister(44)) - Successfully registered JMX Bean with object name Ratis:service=RaftServer,group=group-79B23E43EB46,id=fe8e0d95-22db-4b8a-875e-83bee4d716fb
2019-10-10 01:17:06,224 [pool-67-thread-1] INFO  util.JmxRegister (JmxRegister.java:tryRegister(44)) - Successfully registered JMX Bean with object name Ratis:service=RaftServer,group=group-79B23E43EB46,id=4b92f2f8-e489-47a4-a90a-1d3fa2a9a07f
2019-10-10 01:17:06,224 [pool-27-thread-1] INFO  util.JmxRegister (JmxRegister.java:tryRegister(44)) - Successfully registered JMX Bean with object name Ratis:service=RaftServer,group=group-79B23E43EB46,id=993817e1-c77a-472e-865f-a6e34ffe7967
2019-10-10 01:17:06,239 [RatisPipelineUtilsThread] INFO  pipeline.PipelineStateManager (PipelineStateManager.java:addPipeline(56)) - Created pipeline Pipeline[ Id: 5034b1d2-a533-4eea-8c84-79b23e43eb46, Nodes: 4b92f2f8-e489-47a4-a90a-1d3fa2a9a07f{ip: 192.168.151.118, host: pr-hdds-2194-jqrdw-3579824535, networkLocation: /default-rack, certSerialId: null}fe8e0d95-22db-4b8a-875e-83bee4d716fb{ip: 192.168.151.118, host: pr-hdds-2194-jqrdw-3579824535, networkLocation: /default-rack, certSerialId: null}993817e1-c77a-472e-865f-a6e34ffe7967{ip: 192.168.151.118, host: pr-hdds-2194-jqrdw-3579824535, networkLocation: /default-rack, certSerialId: null}, Type:RATIS, Factor:THREE, State:OPEN]
 0.00% |█                                                                                                    |  0/1 Time: 0:01:122019-10-10 01:17:06,993 [pool-73-thread-3] WARN  io.KeyOutputStream (KeyOutputStream.java:handleException(274)) - Encountered exception java.io.IOException: Unexpected Storage Container Exception: java.util.concurrent.CompletionException: java.util.concurrent.CompletionException: org.apache.ratis.protocol.GroupMismatchException: fe8e0d95-22db-4b8a-875e-83bee4d716fb: group-75155D17A0F1 not found. on the pipeline Pipeline[ Id: 180ca14c-1abb-4db4-aafd-75155d17a0f1, Nodes: 4b92f2f8-e489-47a4-a90a-1d3fa2a9a07f{ip: 192.168.151.118, host: pr-hdds-2194-jqrdw-3579824535, networkLocation: /default-rack, certSerialId: null}fe8e0d95-22db-4b8a-875e-83bee4d716fb{ip: 192.168.151.118, host: pr-hdds-2194-jqrdw-3579824535, networkLocation: /default-rack, certSerialId: null}993817e1-c77a-472e-865f-a6e34ffe7967{ip: 192.168.151.118, host: pr-hdds-2194-jqrdw-3579824535, networkLocation: /default-rack, certSerialId: null}, Type:RATIS, Factor:THREE, State:OPEN]. The last committed block length is 0, uncommitted data length is 2097152 retry count 0
 0.00% |█                                                                                                    |  0/1 Time: 0:01:13 0.00% |█                                                                                                    |  0/1 Time: 0:01:14 0.00% |█                                                                                                    |  0/1 Time: 0:01:15 0.00% |█                                                                                                    |  0/1 Time: 0:01:162019-10-10 01:17:11,256 [Thread-398] INFO  impl.FollowerState (FollowerState.java:run(108)) - 4b92f2f8-e489-47a4-a90a-1d3fa2a9a07f@group-79B23E43EB46-FollowerState: change to CANDIDATE, lastRpcTime:5032ms, electionTimeout:5032ms
2019-10-10 01:17:11,259 [Thread-398] INFO  impl.RoleInfo (RoleInfo.java:shutdownFollowerState(121)) - 4b92f2f8-e489-47a4-a90a-1d3fa2a9a07f: shutdown FollowerState
2019-10-10 01:17:11,259 [Thread-398] INFO  impl.RaftServerImpl (RaftServerImpl.java:setRole(170)) - 4b92f2f8-e489-47a4-a90a-1d3fa2a9a07f@group-79B23E43EB46: changes role from  FOLLOWER to CANDIDATE at term 0 for changeToCandidate
2019-10-10 01:17:11,259 [Thread-398] INFO  impl.RoleInfo (RoleInfo.java:updateAndGet(143)) - 4b92f2f8-e489-47a4-a90a-1d3fa2a9a07f: start LeaderElection
2019-10-10 01:17:11,285 [4b92f2f8-e489-47a4-a90a-1d3fa2a9a07f@group-79B23E43EB46-LeaderElection7] INFO  impl.LeaderElection (LeaderElection.java:askForVotes(178)) - 4b92f2f8-e489-47a4-a90a-1d3fa2a9a07f@group-79B23E43EB46-LeaderElection7: begin an election at term 1 for -1: [4b92f2f8-e489-47a4-a90a-1d3fa2a9a07f:192.168.151.118:35849, 993817e1-c77a-472e-865f-a6e34ffe7967:192.168.151.118:41261, fe8e0d95-22db-4b8a-875e-83bee4d716fb:192.168.151.118:34352], old=null
2019-10-10 01:17:11,292 [Thread-399] INFO  impl.FollowerState (FollowerState.java:run(108)) - 993817e1-c77a-472e-865f-a6e34ffe7967@group-79B23E43EB46-FollowerState: change to CANDIDATE, lastRpcTime:5068ms, electionTimeout:5068ms
2019-10-10 01:17:11,293 [Thread-399] INFO  impl.RoleInfo (RoleInfo.java:shutdownFollowerState(121)) - 993817e1-c77a-472e-865f-a6e34ffe7967: shutdown FollowerState
2019-10-10 01:17:11,293 [Thread-399] INFO  impl.RaftServerImpl (RaftServerImpl.java:setRole(170)) - 993817e1-c77a-472e-865f-a6e34ffe7967@group-79B23E43EB46: changes role from  FOLLOWER to CANDIDATE at term 0 for changeToCandidate
2019-10-10 01:17:11,293 [Thread-399] INFO  impl.RoleInfo (RoleInfo.java:updateAndGet(143)) - 993817e1-c77a-472e-865f-a6e34ffe7967: start LeaderElection
2019-10-10 01:17:11,297 [grpc-default-executor-1] INFO  impl.RaftServerImpl (RaftServerImpl.java:setRole(170)) - fe8e0d95-22db-4b8a-875e-83bee4d716fb@group-79B23E43EB46: changes role from  FOLLOWER to FOLLOWER at term 1 for recognizeCandidate:4b92f2f8-e489-47a4-a90a-1d3fa2a9a07f
2019-10-10 01:17:11,297 [grpc-default-executor-1] INFO  impl.RoleInfo (RoleInfo.java:shutdownFollowerState(121)) - fe8e0d95-22db-4b8a-875e-83bee4d716fb: shutdown FollowerState
2019-10-10 01:17:11,299 [grpc-default-executor-1] INFO  impl.RoleInfo (RoleInfo.java:updateAndGet(143)) - fe8e0d95-22db-4b8a-875e-83bee4d716fb: start FollowerState
2019-10-10 01:17:11,299 [Thread-397] INFO  impl.FollowerState (FollowerState.java:run(117)) - fe8e0d95-22db-4b8a-875e-83bee4d716fb@group-79B23E43EB46-FollowerState was interrupted: java.lang.InterruptedException: sleep interrupted
2019-10-10 01:17:11,305 [993817e1-c77a-472e-865f-a6e34ffe7967@group-79B23E43EB46-LeaderElection8] INFO  impl.LeaderElection (LeaderElection.java:askForVotes(178)) - 993817e1-c77a-472e-865f-a6e34ffe7967@group-79B23E43EB46-LeaderElection8: begin an election at term 1 for -1: [4b92f2f8-e489-47a4-a90a-1d3fa2a9a07f:192.168.151.118:35849, 993817e1-c77a-472e-865f-a6e34ffe7967:192.168.151.118:41261, fe8e0d95-22db-4b8a-875e-83bee4d716fb:192.168.151.118:34352], old=null
2019-10-10 01:17:11,312 [4b92f2f8-e489-47a4-a90a-1d3fa2a9a07f@group-79B23E43EB46-LeaderElection7] INFO  impl.LeaderElection (LeaderElection.java:logAndReturn(56)) - 4b92f2f8-e489-47a4-a90a-1d3fa2a9a07f@group-79B23E43EB46-LeaderElection7: Election PASSED; received 2 response(s) [4b92f2f8-e489-47a4-a90a-1d3fa2a9a07f<-993817e1-c77a-472e-865f-a6e34ffe7967#0:FAIL-t1, 4b92f2f8-e489-47a4-a90a-1d3fa2a9a07f<-fe8e0d95-22db-4b8a-875e-83bee4d716fb#0:OK-t1] and 0 exception(s); 4b92f2f8-e489-47a4-a90a-1d3fa2a9a07f@group-79B23E43EB46:t1, leader=null, voted=4b92f2f8-e489-47a4-a90a-1d3fa2a9a07f, raftlog=4b92f2f8-e489-47a4-a90a-1d3fa2a9a07f@group-79B23E43EB46-SegmentedRaftLog:OPENED:c-1,f-1,i0, conf=-1: [4b92f2f8-e489-47a4-a90a-1d3fa2a9a07f:192.168.151.118:35849, 993817e1-c77a-472e-865f-a6e34ffe7967:192.168.151.118:41261, fe8e0d95-22db-4b8a-875e-83bee4d716fb:192.168.151.118:34352], old=null
2019-10-10 01:17:11,314 [4b92f2f8-e489-47a4-a90a-1d3fa2a9a07f@group-79B23E43EB46-LeaderElection7] INFO  impl.RoleInfo (RoleInfo.java:shutdownLeaderElection(134)) - 4b92f2f8-e489-47a4-a90a-1d3fa2a9a07f: shutdown LeaderElection
2019-10-10 01:17:11,316 [4b92f2f8-e489-47a4-a90a-1d3fa2a9a07f@group-79B23E43EB46-LeaderElection7] INFO  impl.RaftServerImpl (RaftServerImpl.java:setRole(170)) - 4b92f2f8-e489-47a4-a90a-1d3fa2a9a07f@group-79B23E43EB46: changes role from CANDIDATE to LEADER at term 1 for changeToLeader
2019-10-10 01:17:11,316 [4b92f2f8-e489-47a4-a90a-1d3fa2a9a07f@group-79B23E43EB46-LeaderElection7] INFO  impl.RaftServerImpl (ServerState.java:setLeader(255)) - 4b92f2f8-e489-47a4-a90a-1d3fa2a9a07f@group-79B23E43EB46: change Leader from null to 4b92f2f8-e489-47a4-a90a-1d3fa2a9a07f at term 1 for becomeLeader, leader elected after 5106ms
2019-10-10 01:17:11,316 [4b92f2f8-e489-47a4-a90a-1d3fa2a9a07f@group-79B23E43EB46-LeaderElection7] INFO  server.RaftServerConfigKeys (ConfUtils.java:logGet(43)) - raft.server.staging.catchup.gap = 1000 (default)
2019-10-10 01:17:11,317 [4b92f2f8-e489-47a4-a90a-1d3fa2a9a07f@group-79B23E43EB46-LeaderElection7] INFO  server.RaftServerConfigKeys (ConfUtils.java:logGet(43)) - raft.server.rpc.sleep.time = 25ms (default)
2019-10-10 01:17:11,317 [4b92f2f8-e489-47a4-a90a-1d3fa2a9a07f@group-79B23E43EB46-LeaderElection7] INFO  server.RaftServerConfigKeys (ConfUtils.java:logGet(43)) - raft.server.write.element-limit = 4096 (default)
2019-10-10 01:17:11,317 [4b92f2f8-e489-47a4-a90a-1d3fa2a9a07f@group-79B23E43EB46-LeaderElection7] INFO  server.RaftServerConfigKeys (ConfUtils.java:logGet(43)) - raft.server.watch.timeout = 10s (default)
2019-10-10 01:17:11,318 [4b92f2f8-e489-47a4-a90a-1d3fa2a9a07f@group-79B23E43EB46-LeaderElection7] INFO  server.RaftServerConfigKeys (ConfUtils.java:logGet(43)) - raft.server.watch.timeout.denomination = 1s (default)
2019-10-10 01:17:11,318 [4b92f2f8-e489-47a4-a90a-1d3fa2a9a07f@group-79B23E43EB46-LeaderElection7] INFO  server.RaftServerConfigKeys (ConfUtils.java:logGet(43)) - raft.server.watch.element-limit = 65536 (default)
2019-10-10 01:17:11,327 [4b92f2f8-e489-47a4-a90a-1d3fa2a9a07f@group-79B23E43EB46-LeaderElection7] INFO  server.RaftServerConfigKeys (ConfUtils.java:logGet(43)) - raft.server.log.appender.snapshot.chunk.size.max = 16MB (=16777216) (default)
2019-10-10 01:17:11,327 [4b92f2f8-e489-47a4-a90a-1d3fa2a9a07f@group-79B23E43EB46-LeaderElection7] INFO  server.RaftServerConfigKeys (ConfUtils.java:logGet(43)) - raft.server.log.appender.buffer.byte-limit = 33554432 (custom)
2019-10-10 01:17:11,327 [4b92f2f8-e489-47a4-a90a-1d3fa2a9a07f@group-79B23E43EB46-LeaderElection7] INFO  server.RaftServerConfigKeys (ConfUtils.java:logGet(43)) - raft.server.log.appender.buffer.element-limit = 1 (custom)
2019-10-10 01:17:11,328 [4b92f2f8-e489-47a4-a90a-1d3fa2a9a07f@group-79B23E43EB46-LeaderElection7] INFO  grpc.GrpcConfigKeys$Server (ConfUtils.java:logGet(43)) - raft.grpc.server.leader.outstanding.appends.max = 128 (default)
2019-10-10 01:17:11,329 [4b92f2f8-e489-47a4-a90a-1d3fa2a9a07f@group-79B23E43EB46-LeaderElection7] INFO  server.RaftServerConfigKeys (ConfUtils.java:logGet(43)) - raft.server.rpc.request.timeout = 3000ms (default)
2019-10-10 01:17:11,330 [4b92f2f8-e489-47a4-a90a-1d3fa2a9a07f@group-79B23E43EB46-LeaderElection7] INFO  server.RaftServerConfigKeys (ConfUtils.java:logGet(43)) - raft.server.log.appender.install.snapshot.enabled = false (custom)
2019-10-10 01:17:11,330 [4b92f2f8-e489-47a4-a90a-1d3fa2a9a07f@group-79B23E43EB46-LeaderElection7] INFO  server.RaftServerConfigKeys (ConfUtils.java:logGet(43)) - raft.server.log.appender.snapshot.chunk.size.max = 16MB (=16777216) (default)
2019-10-10 01:17:11,330 [4b92f2f8-e489-47a4-a90a-1d3fa2a9a07f@group-79B23E43EB46-LeaderElection7] INFO  server.RaftServerConfigKeys (ConfUtils.java:logGet(43)) - raft.server.log.appender.buffer.byte-limit = 33554432 (custom)
2019-10-10 01:17:11,330 [4b92f2f8-e489-47a4-a90a-1d3fa2a9a07f@group-79B23E43EB46-LeaderElection7] INFO  server.RaftServerConfigKeys (ConfUtils.java:logGet(43)) - raft.server.log.appender.buffer.element-limit = 1 (custom)
2019-10-10 01:17:11,331 [4b92f2f8-e489-47a4-a90a-1d3fa2a9a07f@group-79B23E43EB46-LeaderElection7] INFO  grpc.GrpcConfigKeys$Server (ConfUtils.java:logGet(43)) - raft.grpc.server.leader.outstanding.appends.max = 128 (default)
2019-10-10 01:17:11,331 [4b92f2f8-e489-47a4-a90a-1d3fa2a9a07f@group-79B23E43EB46-LeaderElection7] INFO  server.RaftServerConfigKeys (ConfUtils.java:logGet(43)) - raft.server.rpc.request.timeout = 3000ms (default)
2019-10-10 01:17:11,331 [4b92f2f8-e489-47a4-a90a-1d3fa2a9a07f@group-79B23E43EB46-LeaderElection7] INFO  server.RaftServerConfigKeys (ConfUtils.java:logGet(43)) - raft.server.log.appender.install.snapshot.enabled = false (custom)
2019-10-10 01:17:11,332 [4b92f2f8-e489-47a4-a90a-1d3fa2a9a07f@group-79B23E43EB46-LeaderElection7] INFO  impl.RoleInfo (RoleInfo.java:updateAndGet(143)) - 4b92f2f8-e489-47a4-a90a-1d3fa2a9a07f: start LeaderState
2019-10-10 01:17:11,332 [4b92f2f8-e489-47a4-a90a-1d3fa2a9a07f@group-79B23E43EB46-LeaderElection7] INFO  segmented.SegmentedRaftLogWorker (SegmentedRaftLogWorker.java:startLogSegment(385)) - 4b92f2f8-e489-47a4-a90a-1d3fa2a9a07f@group-79B23E43EB46-SegmentedRaftLogWorker: Starting segment from index:0
2019-10-10 01:17:11,333 [4b92f2f8-e489-47a4-a90a-1d3fa2a9a07f@group-79B23E43EB46-LeaderElection7] INFO  impl.RaftServerImpl (ServerState.java:setRaftConf(356)) - 4b92f2f8-e489-47a4-a90a-1d3fa2a9a07f@group-79B23E43EB46: set configuration 0: [4b92f2f8-e489-47a4-a90a-1d3fa2a9a07f:192.168.151.118:35849, 993817e1-c77a-472e-865f-a6e34ffe7967:192.168.151.118:41261, fe8e0d95-22db-4b8a-875e-83bee4d716fb:192.168.151.118:34352], old=null at 0
2019-10-10 01:17:11,364 [grpc-default-executor-0] INFO  impl.RaftServerImpl (RaftServerImpl.java:requestVote(754)) - 4b92f2f8-e489-47a4-a90a-1d3fa2a9a07f@group-79B23E43EB46-   LEADER: Withhold vote from candidate 993817e1-c77a-472e-865f-a6e34ffe7967 with term 1. State: leader=4b92f2f8-e489-47a4-a90a-1d3fa2a9a07f, term=1, lastRpcElapsed=null
2019-10-10 01:17:11,371 [grpc-default-executor-0] INFO  impl.RaftServerImpl (ServerState.java:setLeader(255)) - fe8e0d95-22db-4b8a-875e-83bee4d716fb@group-79B23E43EB46: change Leader from null to 4b92f2f8-e489-47a4-a90a-1d3fa2a9a07f at term 1 for appendEntries, leader elected after 5161ms
2019-10-10 01:17:11,371 [993817e1-c77a-472e-865f-a6e34ffe7967@group-79B23E43EB46-LeaderElection8] INFO  impl.LeaderElection (LeaderElection.java:logAndReturn(56)) - 993817e1-c77a-472e-865f-a6e34ffe7967@group-79B23E43EB46-LeaderElection8: Election REJECTED; received 2 response(s) [993817e1-c77a-472e-865f-a6e34ffe7967<-4b92f2f8-e489-47a4-a90a-1d3fa2a9a07f#0:FAIL-t1, 993817e1-c77a-472e-865f-a6e34ffe7967<-fe8e0d95-22db-4b8a-875e-83bee4d716fb#0:FAIL-t1] and 0 exception(s); 993817e1-c77a-472e-865f-a6e34ffe7967@group-79B23E43EB46:t1, leader=null, voted=993817e1-c77a-472e-865f-a6e34ffe7967, raftlog=993817e1-c77a-472e-865f-a6e34ffe7967@group-79B23E43EB46-SegmentedRaftLog:OPENED:c-1,f-1,i0, conf=-1: [4b92f2f8-e489-47a4-a90a-1d3fa2a9a07f:192.168.151.118:35849, 993817e1-c77a-472e-865f-a6e34ffe7967:192.168.151.118:41261, fe8e0d95-22db-4b8a-875e-83bee4d716fb:192.168.151.118:34352], old=null
2019-10-10 01:17:11,371 [grpc-default-executor-3] INFO  impl.RaftServerImpl (RaftServerImpl.java:setRole(170)) - 993817e1-c77a-472e-865f-a6e34ffe7967@group-79B23E43EB46: changes role from CANDIDATE to FOLLOWER at term 1 for appendEntries
2019-10-10 01:17:11,371 [grpc-default-executor-3] INFO  impl.RoleInfo (RoleInfo.java:shutdownLeaderElection(134)) - 993817e1-c77a-472e-865f-a6e34ffe7967: shutdown LeaderElection
2019-10-10 01:17:11,373 [grpc-default-executor-3] INFO  impl.RoleInfo (RoleInfo.java:updateAndGet(143)) - 993817e1-c77a-472e-865f-a6e34ffe7967: start FollowerState
2019-10-10 01:17:11,373 [grpc-default-executor-3] INFO  impl.RaftServerImpl (ServerState.java:setLeader(255)) - 993817e1-c77a-472e-865f-a6e34ffe7967@group-79B23E43EB46: change Leader from null to 4b92f2f8-e489-47a4-a90a-1d3fa2a9a07f at term 1 for appendEntries, leader elected after 5163ms
2019-10-10 01:17:11,375 [4b92f2f8-e489-47a4-a90a-1d3fa2a9a07f@group-79B23E43EB46-SegmentedRaftLogWorker] INFO  segmented.SegmentedRaftLogWorker (SegmentedRaftLogWorker.java:execute(574)) - 4b92f2f8-e489-47a4-a90a-1d3fa2a9a07f@group-79B23E43EB46-SegmentedRaftLogWorker: created new log segment /workdir/hadoop-ozone/tools/target/test-dir/MiniOzoneClusterImpl-1e8b0e80-279c-49c4-ae13-42ed318b6149/datanode-4/data/ratis/5034b1d2-a533-4eea-8c84-79b23e43eb46/current/log_inprogress_0
2019-10-10 01:17:11,379 [grpc-default-executor-3] INFO  impl.RaftServerImpl (ServerState.java:setRaftConf(356)) - fe8e0d95-22db-4b8a-875e-83bee4d716fb@group-79B23E43EB46: set configuration 0: [4b92f2f8-e489-47a4-a90a-1d3fa2a9a07f:192.168.151.118:35849, 993817e1-c77a-472e-865f-a6e34ffe7967:192.168.151.118:41261, fe8e0d95-22db-4b8a-875e-83bee4d716fb:192.168.151.118:34352], old=null at 0
2019-10-10 01:17:11,379 [grpc-default-executor-0] INFO  impl.RaftServerImpl (ServerState.java:setRaftConf(356)) - 993817e1-c77a-472e-865f-a6e34ffe7967@group-79B23E43EB46: set configuration 0: [4b92f2f8-e489-47a4-a90a-1d3fa2a9a07f:192.168.151.118:35849, 993817e1-c77a-472e-865f-a6e34ffe7967:192.168.151.118:41261, fe8e0d95-22db-4b8a-875e-83bee4d716fb:192.168.151.118:34352], old=null at 0
2019-10-10 01:17:11,379 [grpc-default-executor-3] INFO  segmented.SegmentedRaftLogWorker (SegmentedRaftLogWorker.java:startLogSegment(385)) - fe8e0d95-22db-4b8a-875e-83bee4d716fb@group-79B23E43EB46-SegmentedRaftLogWorker: Starting segment from index:0
2019-10-10 01:17:11,379 [grpc-default-executor-0] INFO  segmented.SegmentedRaftLogWorker (SegmentedRaftLogWorker.java:startLogSegment(385)) - 993817e1-c77a-472e-865f-a6e34ffe7967@group-79B23E43EB46-SegmentedRaftLogWorker: Starting segment from index:0
2019-10-10 01:17:11,415 [993817e1-c77a-472e-865f-a6e34ffe7967@group-79B23E43EB46-SegmentedRaftLogWorker] INFO  segmented.SegmentedRaftLogWorker (SegmentedRaftLogWorker.java:execute(574)) - 993817e1-c77a-472e-865f-a6e34ffe7967@group-79B23E43EB46-SegmentedRaftLogWorker: created new log segment /workdir/hadoop-ozone/tools/target/test-dir/MiniOzoneClusterImpl-1e8b0e80-279c-49c4-ae13-42ed318b6149/datanode-0/data/ratis/5034b1d2-a533-4eea-8c84-79b23e43eb46/current/log_inprogress_0
2019-10-10 01:17:11,415 [fe8e0d95-22db-4b8a-875e-83bee4d716fb@group-79B23E43EB46-SegmentedRaftLogWorker] INFO  segmented.SegmentedRaftLogWorker (SegmentedRaftLogWorker.java:execute(574)) - fe8e0d95-22db-4b8a-875e-83bee4d716fb@group-79B23E43EB46-SegmentedRaftLogWorker: created new log segment /workdir/hadoop-ozone/tools/target/test-dir/MiniOzoneClusterImpl-1e8b0e80-279c-49c4-ae13-42ed318b6149/datanode-2/data/ratis/5034b1d2-a533-4eea-8c84-79b23e43eb46/current/log_inprogress_0
 0.00% |█                                                                                                    |  0/1 Time: 0:01:172019-10-10 01:17:12,367 [pool-66-thread-4] ERROR impl.ChunkManagerImpl (ChunkManagerDummyImpl.java:writeChunk(86)) - data array does not match the length specified. DataLen: 1048576 Byte Array: 1048749
2019-10-10 01:17:12,370 [pool-66-thread-4] ERROR impl.ChunkManagerDummyImpl (ChunkManagerDummyImpl.java:writeChunk(105)) - write data failed. error: {}
org.apache.hadoop.hdds.scm.container.common.helpers.StorageContainerException: data array does not match the length specified. DataLen: 1048576 Byte Array: 1048749
	at org.apache.hadoop.ozone.container.keyvalue.impl.ChunkManagerDummyImpl.writeChunk(ChunkManagerDummyImpl.java:87)
	at org.apache.hadoop.ozone.container.keyvalue.KeyValueHandler.handleWriteChunk(KeyValueHandler.java:696)
	at org.apache.hadoop.ozone.container.keyvalue.KeyValueHandler.handle(KeyValueHandler.java:176)
	at org.apache.hadoop.ozone.container.common.impl.HddsDispatcher.dispatchRequest(HddsDispatcher.java:277)
	at org.apache.hadoop.ozone.container.common.impl.HddsDispatcher.dispatch(HddsDispatcher.java:150)
	at org.apache.hadoop.ozone.container.common.transport.server.ratis.ContainerStateMachine.dispatchCommand(ContainerStateMachine.java:413)
	at org.apache.hadoop.ozone.container.common.transport.server.ratis.ContainerStateMachine.runCommand(ContainerStateMachine.java:423)
	at org.apache.hadoop.ozone.container.common.transport.server.ratis.ContainerStateMachine.lambda$handleWriteChunk$1(ContainerStateMachine.java:458)
	at java.util.concurrent.CompletableFuture$AsyncSupply.run(CompletableFuture.java:1590)
	at java.util.concurrent.ThreadPoolExecutor.runWorker(ThreadPoolExecutor.java:1149)
	at java.util.concurrent.ThreadPoolExecutor$Worker.run(ThreadPoolExecutor.java:624)
	at java.lang.Thread.run(Thread.java:748)
2019-10-10 01:17:12,372 [pool-66-thread-4] INFO  keyvalue.KeyValueHandler (ContainerUtils.java:logAndReturnError(146)) - Operation: WriteChunk : Trace ID: a21490a0e8815135:620a3aad774f1348:3460afdd42d0416b:0 : Message: Internal error:  : Result: CONTAINER_INTERNAL_ERROR
01:17:12.383 [pool-66-thread-4] ERROR DNAudit - user=null | ip=null | op=WRITE_CHUNK {blockData=conID: 4 locID: 102935443998441478 bcsId: 0} | ret=FAILURE
java.lang.Exception: Internal error: 
	at org.apache.hadoop.ozone.container.common.impl.HddsDispatcher.dispatchRequest(HddsDispatcher.java:332) ~[hadoop-hdds-container-service-0.5.0-SNAPSHOT.jar:?]
	at org.apache.hadoop.ozone.container.common.impl.HddsDispatcher.dispatch(HddsDispatcher.java:150) ~[hadoop-hdds-container-service-0.5.0-SNAPSHOT.jar:?]
	at org.apache.hadoop.ozone.container.common.transport.server.ratis.ContainerStateMachine.dispatchCommand(ContainerStateMachine.java:413) ~[hadoop-hdds-container-service-0.5.0-SNAPSHOT.jar:?]
	at org.apache.hadoop.ozone.container.common.transport.server.ratis.ContainerStateMachine.runCommand(ContainerStateMachine.java:423) ~[hadoop-hdds-container-service-0.5.0-SNAPSHOT.jar:?]
	at org.apache.hadoop.ozone.container.common.transport.server.ratis.ContainerStateMachine.lambda$handleWriteChunk$1(ContainerStateMachine.java:458) ~[hadoop-hdds-container-service-0.5.0-SNAPSHOT.jar:?]
	at java.util.concurrent.CompletableFuture$AsyncSupply.run(CompletableFuture.java:1590) [?:1.8.0_212]
	at java.util.concurrent.ThreadPoolExecutor.runWorker(ThreadPoolExecutor.java:1149) [?:1.8.0_212]
	at java.util.concurrent.ThreadPoolExecutor$Worker.run(ThreadPoolExecutor.java:624) [?:1.8.0_212]
	at java.lang.Thread.run(Thread.java:748) [?:1.8.0_212]
2019-10-10 01:17:12,384 [EventQueue-IncrementalContainerReportForIncrementalContainerReportHandler] WARN  container.IncrementalContainerReportHandler (AbstractContainerReportHandler.java:updateContainerState(145)) - Container #4 is in OPEN state, but the datanode 4b92f2f8-e489-47a4-a90a-1d3fa2a9a07f{ip: 192.168.151.118, host: pr-hdds-2194-jqrdw-3579824535, networkLocation: /default-rack, certSerialId: null} reports an UNHEALTHY replica.
2019-10-10 01:17:12,384 [EventQueue-CloseContainerForCloseContainerEventHandler] INFO  container.CloseContainerEventHandler (CloseContainerEventHandler.java:onMessage(61)) - Close container Event triggered for container : #4
2019-10-10 01:17:12,385 [pool-66-thread-4] ERROR ratis.ContainerStateMachine (ContainerStateMachine.java:lambda$handleWriteChunk$2(480)) - group-79B23E43EB46: writeChunk writeStateMachineData failed: blockIdcontainerID: 4
localID: 102935443998441478
blockCommitSequenceId: 0
 logIndex 1 chunkName 102935443998441478_chunk_1 Error message: Internal error:  Container Result: CONTAINER_INTERNAL_ERROR
2019-10-10 01:17:12,385 [4b92f2f8-e489-47a4-a90a-1d3fa2a9a07f@group-79B23E43EB46-SegmentedRaftLogWorker] ERROR ratis.XceiverServerRatis (XceiverServerRatis.java:triggerPipelineClose(582)) - pipeline Action CLOSE  on pipeline PipelineID=5034b1d2-a533-4eea-8c84-79b23e43eb46.Reason : Internal error: 
2019-10-10 01:17:12,386 [4b92f2f8-e489-47a4-a90a-1d3fa2a9a07f@group-79B23E43EB46-SegmentedRaftLogWorker] ERROR ratis.XceiverServerRatis (XceiverServerRatis.java:triggerPipelineClose(582)) - pipeline Action CLOSE  on pipeline PipelineID=5034b1d2-a533-4eea-8c84-79b23e43eb46.Reason : Log already failed at index 1 for task WriteLog:1: (t:1, i:1), STATEMACHINELOGENTRY, client-CBFBB05359F3, cid=18
2019-10-10 01:17:12,386 [EventQueue-PipelineActionsForPipelineActionHandler] ERROR pipeline.PipelineActionHandler (PipelineActionHandler.java:onMessage(60)) - Received pipeline action CLOSE for Pipeline[ Id: 5034b1d2-a533-4eea-8c84-79b23e43eb46, Nodes: 4b92f2f8-e489-47a4-a90a-1d3fa2a9a07f{ip: 192.168.151.118, host: pr-hdds-2194-jqrdw-3579824535, networkLocation: /default-rack, certSerialId: null}fe8e0d95-22db-4b8a-875e-83bee4d716fb{ip: 192.168.151.118, host: pr-hdds-2194-jqrdw-3579824535, networkLocation: /default-rack, certSerialId: null}993817e1-c77a-472e-865f-a6e34ffe7967{ip: 192.168.151.118, host: pr-hdds-2194-jqrdw-3579824535, networkLocation: /default-rack, certSerialId: null}, Type:RATIS, Factor:THREE, State:OPEN] from datanode 4b92f2f8-e489-47a4-a90a-1d3fa2a9a07f{ip: 192.168.151.118, host: pr-hdds-2194-jqrdw-3579824535, networkLocation: /default-rack, certSerialId: null}. Reason : Internal error: 
2019-10-10 01:17:12,387 [EventQueue-PipelineActionsForPipelineActionHandler] INFO  pipeline.SCMPipelineManager (SCMPipelineManager.java:finalizeAndDestroyPipeline(315)) - destroying pipeline:Pipeline[ Id: 5034b1d2-a533-4eea-8c84-79b23e43eb46, Nodes: 4b92f2f8-e489-47a4-a90a-1d3fa2a9a07f{ip: 192.168.151.118, host: pr-hdds-2194-jqrdw-3579824535, networkLocation: /default-rack, certSerialId: null}fe8e0d95-22db-4b8a-875e-83bee4d716fb{ip: 192.168.151.118, host: pr-hdds-2194-jqrdw-3579824535, networkLocation: /default-rack, certSerialId: null}993817e1-c77a-472e-865f-a6e34ffe7967{ip: 192.168.151.118, host: pr-hdds-2194-jqrdw-3579824535, networkLocation: /default-rack, certSerialId: null}, Type:RATIS, Factor:THREE, State:OPEN]
2019-10-10 01:17:12,387 [EventQueue-PipelineActionsForPipelineActionHandler] INFO  pipeline.PipelineStateManager (PipelineStateManager.java:finalizePipeline(123)) - Pipeline Pipeline[ Id: 5034b1d2-a533-4eea-8c84-79b23e43eb46, Nodes: 4b92f2f8-e489-47a4-a90a-1d3fa2a9a07f{ip: 192.168.151.118, host: pr-hdds-2194-jqrdw-3579824535, networkLocation: /default-rack, certSerialId: null}fe8e0d95-22db-4b8a-875e-83bee4d716fb{ip: 192.168.151.118, host: pr-hdds-2194-jqrdw-3579824535, networkLocation: /default-rack, certSerialId: null}993817e1-c77a-472e-865f-a6e34ffe7967{ip: 192.168.151.118, host: pr-hdds-2194-jqrdw-3579824535, networkLocation: /default-rack, certSerialId: null}, Type:RATIS, Factor:THREE, State:CLOSED] moved to CLOSED state
2019-10-10 01:17:12,389 [EventQueue-PipelineActionsForPipelineActionHandler] ERROR pipeline.PipelineActionHandler (PipelineActionHandler.java:onMessage(60)) - Received pipeline action CLOSE for Pipeline[ Id: 5034b1d2-a533-4eea-8c84-79b23e43eb46, Nodes: 4b92f2f8-e489-47a4-a90a-1d3fa2a9a07f{ip: 192.168.151.118, host: pr-hdds-2194-jqrdw-3579824535, networkLocation: /default-rack, certSerialId: null}fe8e0d95-22db-4b8a-875e-83bee4d716fb{ip: 192.168.151.118, host: pr-hdds-2194-jqrdw-3579824535, networkLocation: /default-rack, certSerialId: null}993817e1-c77a-472e-865f-a6e34ffe7967{ip: 192.168.151.118, host: pr-hdds-2194-jqrdw-3579824535, networkLocation: /default-rack, certSerialId: null}, Type:RATIS, Factor:THREE, State:CLOSED] from datanode 4b92f2f8-e489-47a4-a90a-1d3fa2a9a07f{ip: 192.168.151.118, host: pr-hdds-2194-jqrdw-3579824535, networkLocation: /default-rack, certSerialId: null}. Reason : Log already failed at index 1 for task WriteLog:1: (t:1, i:1), STATEMACHINELOGENTRY, client-CBFBB05359F3, cid=18
2019-10-10 01:17:12,389 [EventQueue-PipelineActionsForPipelineActionHandler] INFO  pipeline.SCMPipelineManager (SCMPipelineManager.java:finalizeAndDestroyPipeline(315)) - destroying pipeline:Pipeline[ Id: 5034b1d2-a533-4eea-8c84-79b23e43eb46, Nodes: 4b92f2f8-e489-47a4-a90a-1d3fa2a9a07f{ip: 192.168.151.118, host: pr-hdds-2194-jqrdw-3579824535, networkLocation: /default-rack, certSerialId: null}fe8e0d95-22db-4b8a-875e-83bee4d716fb{ip: 192.168.151.118, host: pr-hdds-2194-jqrdw-3579824535, networkLocation: /default-rack, certSerialId: null}993817e1-c77a-472e-865f-a6e34ffe7967{ip: 192.168.151.118, host: pr-hdds-2194-jqrdw-3579824535, networkLocation: /default-rack, certSerialId: null}, Type:RATIS, Factor:THREE, State:CLOSED]
 0.00% |█                                                                                                    |  0/1 Time: 0:01:18 0.00% |█                                                                                                    |  0/1 Time: 0:01:19 0.00% |█                                                                                                    |  0/1 Time: 0:01:202019-10-10 01:17:15,228 [java.util.concurrent.ThreadPoolExecutor$Worker@453d6632[State = -1, empty queue]] ERROR client.GrpcClientProtocolClient (GrpcClientProtocolClient.java:close(148)) - Unexpected exception while waiting for channel termination
java.lang.InterruptedException
	at java.util.concurrent.locks.AbstractQueuedSynchronizer.tryAcquireSharedNanos(AbstractQueuedSynchronizer.java:1326)
	at java.util.concurrent.CountDownLatch.await(CountDownLatch.java:277)
	at org.apache.ratis.thirdparty.io.grpc.internal.ManagedChannelImpl.awaitTermination(ManagedChannelImpl.java:763)
	at org.apache.ratis.thirdparty.io.grpc.internal.ForwardingManagedChannel.awaitTermination(ForwardingManagedChannel.java:57)
	at org.apache.ratis.thirdparty.io.grpc.internal.ManagedChannelOrphanWrapper.awaitTermination(ManagedChannelOrphanWrapper.java:70)
	at org.apache.ratis.grpc.client.GrpcClientProtocolClient.close(GrpcClientProtocolClient.java:146)
	at org.apache.ratis.util.PeerProxyMap$PeerAndProxy.lambda$close$1(PeerProxyMap.java:74)
	at org.apache.ratis.util.LifeCycle.lambda$checkStateAndClose$2(LifeCycle.java:231)
	at org.apache.ratis.util.LifeCycle.checkStateAndClose(LifeCycle.java:251)
	at org.apache.ratis.util.LifeCycle.checkStateAndClose(LifeCycle.java:229)
	at org.apache.ratis.util.PeerProxyMap$PeerAndProxy.close(PeerProxyMap.java:70)
	at org.apache.ratis.util.PeerProxyMap.resetProxy(PeerProxyMap.java:127)
	at org.apache.ratis.util.PeerProxyMap.handleException(PeerProxyMap.java:136)
	at org.apache.ratis.client.impl.RaftClientRpcWithProxy.handleException(RaftClientRpcWithProxy.java:47)
	at org.apache.ratis.client.impl.RaftClientImpl.handleIOException(RaftClientImpl.java:372)
	at org.apache.ratis.client.impl.OrderedAsync.lambda$sendRequest$10(OrderedAsync.java:236)
	at java.util.concurrent.CompletableFuture.uniExceptionally(CompletableFuture.java:870)
	at java.util.concurrent.CompletableFuture$UniExceptionally.tryFire(CompletableFuture.java:852)
	at java.util.concurrent.CompletableFuture.postComplete(CompletableFuture.java:474)
	at java.util.concurrent.CompletableFuture.completeExceptionally(CompletableFuture.java:1977)
	at org.apache.ratis.grpc.client.GrpcClientProtocolClient$AsyncStreamObservers.lambda$timeoutCheck$3(GrpcClientProtocolClient.java:324)
	at java.util.Optional.ifPresent(Optional.java:159)
	at org.apache.ratis.grpc.client.GrpcClientProtocolClient$AsyncStreamObservers.handleReplyFuture(GrpcClientProtocolClient.java:329)
	at org.apache.ratis.grpc.client.GrpcClientProtocolClient$AsyncStreamObservers.timeoutCheck(GrpcClientProtocolClient.java:324)
	at org.apache.ratis.grpc.client.GrpcClientProtocolClient$AsyncStreamObservers.lambda$onNext$1(GrpcClientProtocolClient.java:318)
	at org.apache.ratis.util.TimeoutScheduler.lambda$onTimeout$0(TimeoutScheduler.java:113)
	at org.apache.ratis.util.TimeoutScheduler.lambda$onTimeout$1(TimeoutScheduler.java:133)
	at org.apache.ratis.util.LogUtils.runAndLog(LogUtils.java:50)
	at org.apache.ratis.util.LogUtils$1.run(LogUtils.java:91)
	at java.util.concurrent.Executors$RunnableAdapter.call(Executors.java:511)
	at java.util.concurrent.FutureTask.run(FutureTask.java:266)
	at java.util.concurrent.ScheduledThreadPoolExecutor$ScheduledFutureTask.access$201(ScheduledThreadPoolExecutor.java:180)
	at java.util.concurrent.ScheduledThreadPoolExecutor$ScheduledFutureTask.run(ScheduledThreadPoolExecutor.java:293)
	at java.util.concurrent.ThreadPoolExecutor.runWorker(ThreadPoolExecutor.java:1149)
	at java.util.concurrent.ThreadPoolExecutor$Worker.run(ThreadPoolExecutor.java:624)
	at java.lang.Thread.run(Thread.java:748)
2019-10-10 01:17:15,233 [java.util.concurrent.ThreadPoolExecutor$Worker@453d6632[State = -1, empty queue]] WARN  util.TimeoutScheduler (LogUtils.java:runAndLog(55)) - Failed to task #0: java.lang.NullPointerException
 0.00% |█                                                                                                    |  0/1 Time: 0:01:21 0.00% |█                                                                                                    |  0/1 Time: 0:01:22 0.00% |█                                                                                                    |  0/1 Time: 0:01:23 0.00% |█                                                                                                    |  0/1 Time: 0:01:242019-10-10 01:17:19,281 [java.util.concurrent.ThreadPoolExecutor$Worker@10ab112[State = -1, empty queue]] ERROR client.GrpcClientProtocolClient (GrpcClientProtocolClient.java:close(148)) - Unexpected exception while waiting for channel termination
java.lang.InterruptedException
	at java.util.concurrent.locks.AbstractQueuedSynchronizer.tryAcquireSharedNanos(AbstractQueuedSynchronizer.java:1326)
	at java.util.concurrent.CountDownLatch.await(CountDownLatch.java:277)
	at org.apache.ratis.thirdparty.io.grpc.internal.ManagedChannelImpl.awaitTermination(ManagedChannelImpl.java:763)
	at org.apache.ratis.thirdparty.io.grpc.internal.ForwardingManagedChannel.awaitTermination(ForwardingManagedChannel.java:57)
	at org.apache.ratis.thirdparty.io.grpc.internal.ManagedChannelOrphanWrapper.awaitTermination(ManagedChannelOrphanWrapper.java:70)
	at org.apache.ratis.grpc.client.GrpcClientProtocolClient.close(GrpcClientProtocolClient.java:146)
	at org.apache.ratis.util.PeerProxyMap$PeerAndProxy.lambda$close$1(PeerProxyMap.java:74)
	at org.apache.ratis.util.LifeCycle.lambda$checkStateAndClose$2(LifeCycle.java:231)
	at org.apache.ratis.util.LifeCycle.checkStateAndClose(LifeCycle.java:251)
	at org.apache.ratis.util.LifeCycle.checkStateAndClose(LifeCycle.java:229)
	at org.apache.ratis.util.PeerProxyMap$PeerAndProxy.close(PeerProxyMap.java:70)
	at org.apache.ratis.util.PeerProxyMap.resetProxy(PeerProxyMap.java:127)
	at org.apache.ratis.util.PeerProxyMap.handleException(PeerProxyMap.java:136)
	at org.apache.ratis.client.impl.RaftClientRpcWithProxy.handleException(RaftClientRpcWithProxy.java:47)
	at org.apache.ratis.client.impl.RaftClientImpl.handleIOException(RaftClientImpl.java:372)
	at org.apache.ratis.client.impl.OrderedAsync.lambda$sendRequest$10(OrderedAsync.java:236)
	at java.util.concurrent.CompletableFuture.uniExceptionally(CompletableFuture.java:870)
	at java.util.concurrent.CompletableFuture$UniExceptionally.tryFire(CompletableFuture.java:852)
	at java.util.concurrent.CompletableFuture.postComplete(CompletableFuture.java:474)
	at java.util.concurrent.CompletableFuture.completeExceptionally(CompletableFuture.java:1977)
	at org.apache.ratis.grpc.client.GrpcClientProtocolClient$AsyncStreamObservers.lambda$timeoutCheck$3(GrpcClientProtocolClient.java:324)
	at java.util.Optional.ifPresent(Optional.java:159)
	at org.apache.ratis.grpc.client.GrpcClientProtocolClient$AsyncStreamObservers.handleReplyFuture(GrpcClientProtocolClient.java:329)
	at org.apache.ratis.grpc.client.GrpcClientProtocolClient$AsyncStreamObservers.timeoutCheck(GrpcClientProtocolClient.java:324)
	at org.apache.ratis.grpc.client.GrpcClientProtocolClient$AsyncStreamObservers.lambda$onNext$1(GrpcClientProtocolClient.java:318)
	at org.apache.ratis.util.TimeoutScheduler.lambda$onTimeout$0(TimeoutScheduler.java:113)
	at org.apache.ratis.util.TimeoutScheduler.lambda$onTimeout$1(TimeoutScheduler.java:133)
	at org.apache.ratis.util.LogUtils.runAndLog(LogUtils.java:50)
	at org.apache.ratis.util.LogUtils$1.run(LogUtils.java:91)
	at java.util.concurrent.Executors$RunnableAdapter.call(Executors.java:511)
	at java.util.concurrent.FutureTask.run(FutureTask.java:266)
	at java.util.concurrent.ScheduledThreadPoolExecutor$ScheduledFutureTask.access$201(ScheduledThreadPoolExecutor.java:180)
	at java.util.concurrent.ScheduledThreadPoolExecutor$ScheduledFutureTask.run(ScheduledThreadPoolExecutor.java:293)
	at java.util.concurrent.ThreadPoolExecutor.runWorker(ThreadPoolExecutor.java:1149)
	at java.util.concurrent.ThreadPoolExecutor$Worker.run(ThreadPoolExecutor.java:624)
	at java.lang.Thread.run(Thread.java:748)
2019-10-10 01:17:19,284 [java.util.concurrent.ThreadPoolExecutor$Worker@10ab112[State = -1, empty queue]] WARN  util.TimeoutScheduler (LogUtils.java:runAndLog(55)) - Failed to task #0: java.lang.NullPointerException
 0.00% |█                                                                                                    |  0/1 Time: 0:01:25 0.00% |█                                                                                                    |  0/1 Time: 0:01:26 0.00% |█                                                                                                    |  0/1 Time: 0:01:27 0.00% |█                                                                                                    |  0/1 Time: 0:01:282019-10-10 01:17:23,322 [java.util.concurrent.ThreadPoolExecutor$Worker@25231fe0[State = -1, empty queue]] ERROR client.GrpcClientProtocolClient (GrpcClientProtocolClient.java:close(148)) - Unexpected exception while waiting for channel termination
java.lang.InterruptedException
	at java.util.concurrent.locks.AbstractQueuedSynchronizer.tryAcquireSharedNanos(AbstractQueuedSynchronizer.java:1326)
	at java.util.concurrent.CountDownLatch.await(CountDownLatch.java:277)
	at org.apache.ratis.thirdparty.io.grpc.internal.ManagedChannelImpl.awaitTermination(ManagedChannelImpl.java:763)
	at org.apache.ratis.thirdparty.io.grpc.internal.ForwardingManagedChannel.awaitTermination(ForwardingManagedChannel.java:57)
	at org.apache.ratis.thirdparty.io.grpc.internal.ManagedChannelOrphanWrapper.awaitTermination(ManagedChannelOrphanWrapper.java:70)
	at org.apache.ratis.grpc.client.GrpcClientProtocolClient.close(GrpcClientProtocolClient.java:146)
	at org.apache.ratis.util.PeerProxyMap$PeerAndProxy.lambda$close$1(PeerProxyMap.java:74)
	at org.apache.ratis.util.LifeCycle.lambda$checkStateAndClose$2(LifeCycle.java:231)
	at org.apache.ratis.util.LifeCycle.checkStateAndClose(LifeCycle.java:251)
	at org.apache.ratis.util.LifeCycle.checkStateAndClose(LifeCycle.java:229)
	at org.apache.ratis.util.PeerProxyMap$PeerAndProxy.close(PeerProxyMap.java:70)
	at org.apache.ratis.util.PeerProxyMap.resetProxy(PeerProxyMap.java:127)
	at org.apache.ratis.util.PeerProxyMap.handleException(PeerProxyMap.java:136)
	at org.apache.ratis.client.impl.RaftClientRpcWithProxy.handleException(RaftClientRpcWithProxy.java:47)
	at org.apache.ratis.client.impl.RaftClientImpl.handleIOException(RaftClientImpl.java:372)
	at org.apache.ratis.client.impl.OrderedAsync.lambda$sendRequest$10(OrderedAsync.java:236)
	at java.util.concurrent.CompletableFuture.uniExceptionally(CompletableFuture.java:870)
	at java.util.concurrent.CompletableFuture$UniExceptionally.tryFire(CompletableFuture.java:852)
	at java.util.concurrent.CompletableFuture.postComplete(CompletableFuture.java:474)
	at java.util.concurrent.CompletableFuture.completeExceptionally(CompletableFuture.java:1977)
	at org.apache.ratis.grpc.client.GrpcClientProtocolClient$AsyncStreamObservers.lambda$timeoutCheck$3(GrpcClientProtocolClient.java:324)
	at java.util.Optional.ifPresent(Optional.java:159)
	at org.apache.ratis.grpc.client.GrpcClientProtocolClient$AsyncStreamObservers.handleReplyFuture(GrpcClientProtocolClient.java:329)
	at org.apache.ratis.grpc.client.GrpcClientProtocolClient$AsyncStreamObservers.timeoutCheck(GrpcClientProtocolClient.java:324)
	at org.apache.ratis.grpc.client.GrpcClientProtocolClient$AsyncStreamObservers.lambda$onNext$1(GrpcClientProtocolClient.java:318)
	at org.apache.ratis.util.TimeoutScheduler.lambda$onTimeout$0(TimeoutScheduler.java:113)
	at org.apache.ratis.util.TimeoutScheduler.lambda$onTimeout$1(TimeoutScheduler.java:133)
	at org.apache.ratis.util.LogUtils.runAndLog(LogUtils.java:50)
	at org.apache.ratis.util.LogUtils$1.run(LogUtils.java:91)
	at java.util.concurrent.Executors$RunnableAdapter.call(Executors.java:511)
	at java.util.concurrent.FutureTask.run(FutureTask.java:266)
	at java.util.concurrent.ScheduledThreadPoolExecutor$ScheduledFutureTask.access$201(ScheduledThreadPoolExecutor.java:180)
	at java.util.concurrent.ScheduledThreadPoolExecutor$ScheduledFutureTask.run(ScheduledThreadPoolExecutor.java:293)
	at java.util.concurrent.ThreadPoolExecutor.runWorker(ThreadPoolExecutor.java:1149)
	at java.util.concurrent.ThreadPoolExecutor$Worker.run(ThreadPoolExecutor.java:624)
	at java.lang.Thread.run(Thread.java:748)
2019-10-10 01:17:23,325 [java.util.concurrent.ThreadPoolExecutor$Worker@25231fe0[State = -1, empty queue]] WARN  util.TimeoutScheduler (LogUtils.java:runAndLog(55)) - Failed to task #0: java.lang.NullPointerException
 0.00% |█                                                                                                    |  0/1 Time: 0:01:29 0.00% |█                                                                                                    |  0/1 Time: 0:01:30 0.00% |█                                                                                                    |  0/1 Time: 0:01:31 0.00% |█                                                                                                    |  0/1 Time: 0:01:322019-10-10 01:17:27,374 [java.util.concurrent.ThreadPoolExecutor$Worker@7988b41a[State = -1, empty queue]] ERROR client.GrpcClientProtocolClient (GrpcClientProtocolClient.java:close(148)) - Unexpected exception while waiting for channel termination
java.lang.InterruptedException
	at java.util.concurrent.locks.AbstractQueuedSynchronizer.tryAcquireSharedNanos(AbstractQueuedSynchronizer.java:1326)
	at java.util.concurrent.CountDownLatch.await(CountDownLatch.java:277)
	at org.apache.ratis.thirdparty.io.grpc.internal.ManagedChannelImpl.awaitTermination(ManagedChannelImpl.java:763)
	at org.apache.ratis.thirdparty.io.grpc.internal.ForwardingManagedChannel.awaitTermination(ForwardingManagedChannel.java:57)
	at org.apache.ratis.thirdparty.io.grpc.internal.ManagedChannelOrphanWrapper.awaitTermination(ManagedChannelOrphanWrapper.java:70)
	at org.apache.ratis.grpc.client.GrpcClientProtocolClient.close(GrpcClientProtocolClient.java:146)
	at org.apache.ratis.util.PeerProxyMap$PeerAndProxy.lambda$close$1(PeerProxyMap.java:74)
	at org.apache.ratis.util.LifeCycle.lambda$checkStateAndClose$2(LifeCycle.java:231)
	at org.apache.ratis.util.LifeCycle.checkStateAndClose(LifeCycle.java:251)
	at org.apache.ratis.util.LifeCycle.checkStateAndClose(LifeCycle.java:229)
	at org.apache.ratis.util.PeerProxyMap$PeerAndProxy.close(PeerProxyMap.java:70)
	at org.apache.ratis.util.PeerProxyMap.resetProxy(PeerProxyMap.java:127)
	at org.apache.ratis.util.PeerProxyMap.handleException(PeerProxyMap.java:136)
	at org.apache.ratis.client.impl.RaftClientRpcWithProxy.handleException(RaftClientRpcWithProxy.java:47)
	at org.apache.ratis.client.impl.RaftClientImpl.handleIOException(RaftClientImpl.java:372)
	at org.apache.ratis.client.impl.OrderedAsync.lambda$sendRequest$10(OrderedAsync.java:236)
	at java.util.concurrent.CompletableFuture.uniExceptionally(CompletableFuture.java:870)
	at java.util.concurrent.CompletableFuture$UniExceptionally.tryFire(CompletableFuture.java:852)
	at java.util.concurrent.CompletableFuture.postComplete(CompletableFuture.java:474)
	at java.util.concurrent.CompletableFuture.completeExceptionally(CompletableFuture.java:1977)
	at org.apache.ratis.grpc.client.GrpcClientProtocolClient$AsyncStreamObservers.lambda$timeoutCheck$3(GrpcClientProtocolClient.java:324)
	at java.util.Optional.ifPresent(Optional.java:159)
	at org.apache.ratis.grpc.client.GrpcClientProtocolClient$AsyncStreamObservers.handleReplyFuture(GrpcClientProtocolClient.java:329)
	at org.apache.ratis.grpc.client.GrpcClientProtocolClient$AsyncStreamObservers.timeoutCheck(GrpcClientProtocolClient.java:324)
	at org.apache.ratis.grpc.client.GrpcClientProtocolClient$AsyncStreamObservers.lambda$onNext$1(GrpcClientProtocolClient.java:318)
	at org.apache.ratis.util.TimeoutScheduler.lambda$onTimeout$0(TimeoutScheduler.java:113)
	at org.apache.ratis.util.TimeoutScheduler.lambda$onTimeout$1(TimeoutScheduler.java:133)
	at org.apache.ratis.util.LogUtils.runAndLog(LogUtils.java:50)
	at org.apache.ratis.util.LogUtils$1.run(LogUtils.java:91)
	at java.util.concurrent.Executors$RunnableAdapter.call(Executors.java:511)
	at java.util.concurrent.FutureTask.run(FutureTask.java:266)
	at java.util.concurrent.ScheduledThreadPoolExecutor$ScheduledFutureTask.access$201(ScheduledThreadPoolExecutor.java:180)
	at java.util.concurrent.ScheduledThreadPoolExecutor$ScheduledFutureTask.run(ScheduledThreadPoolExecutor.java:293)
	at java.util.concurrent.ThreadPoolExecutor.runWorker(ThreadPoolExecutor.java:1149)
	at java.util.concurrent.ThreadPoolExecutor$Worker.run(ThreadPoolExecutor.java:624)
	at java.lang.Thread.run(Thread.java:748)
2019-10-10 01:17:27,381 [java.util.concurrent.ThreadPoolExecutor$Worker@7988b41a[State = -1, empty queue]] WARN  util.TimeoutScheduler (LogUtils.java:runAndLog(55)) - Failed to task #0: java.lang.NullPointerException
 0.00% |█                                                                                                    |  0/1 Time: 0:01:33 0.00% |█                                                                                                    |  0/1 Time: 0:01:34 0.00% |█                                                                                                    |  0/1 Time: 0:01:35 0.00% |█                                                                                                    |  0/1 Time: 0:01:362019-10-10 01:17:31,423 [java.util.concurrent.ThreadPoolExecutor$Worker@4787644f[State = -1, empty queue]] ERROR client.GrpcClientProtocolClient (GrpcClientProtocolClient.java:close(148)) - Unexpected exception while waiting for channel termination
java.lang.InterruptedException
	at java.util.concurrent.locks.AbstractQueuedSynchronizer.tryAcquireSharedNanos(AbstractQueuedSynchronizer.java:1326)
	at java.util.concurrent.CountDownLatch.await(CountDownLatch.java:277)
	at org.apache.ratis.thirdparty.io.grpc.internal.ManagedChannelImpl.awaitTermination(ManagedChannelImpl.java:763)
	at org.apache.ratis.thirdparty.io.grpc.internal.ForwardingManagedChannel.awaitTermination(ForwardingManagedChannel.java:57)
	at org.apache.ratis.thirdparty.io.grpc.internal.ManagedChannelOrphanWrapper.awaitTermination(ManagedChannelOrphanWrapper.java:70)
	at org.apache.ratis.grpc.client.GrpcClientProtocolClient.close(GrpcClientProtocolClient.java:146)
	at org.apache.ratis.util.PeerProxyMap$PeerAndProxy.lambda$close$1(PeerProxyMap.java:74)
	at org.apache.ratis.util.LifeCycle.lambda$checkStateAndClose$2(LifeCycle.java:231)
	at org.apache.ratis.util.LifeCycle.checkStateAndClose(LifeCycle.java:251)
	at org.apache.ratis.util.LifeCycle.checkStateAndClose(LifeCycle.java:229)
	at org.apache.ratis.util.PeerProxyMap$PeerAndProxy.close(PeerProxyMap.java:70)
	at org.apache.ratis.util.PeerProxyMap.resetProxy(PeerProxyMap.java:127)
	at org.apache.ratis.util.PeerProxyMap.handleException(PeerProxyMap.java:136)
	at org.apache.ratis.client.impl.RaftClientRpcWithProxy.handleException(RaftClientRpcWithProxy.java:47)
	at org.apache.ratis.client.impl.RaftClientImpl.handleIOException(RaftClientImpl.java:372)
	at org.apache.ratis.client.impl.OrderedAsync.lambda$sendRequest$10(OrderedAsync.java:236)
	at java.util.concurrent.CompletableFuture.uniExceptionally(CompletableFuture.java:870)
	at java.util.concurrent.CompletableFuture$UniExceptionally.tryFire(CompletableFuture.java:852)
	at java.util.concurrent.CompletableFuture.postComplete(CompletableFuture.java:474)
	at java.util.concurrent.CompletableFuture.completeExceptionally(CompletableFuture.java:1977)
	at org.apache.ratis.grpc.client.GrpcClientProtocolClient$AsyncStreamObservers.lambda$timeoutCheck$3(GrpcClientProtocolClient.java:324)
	at java.util.Optional.ifPresent(Optional.java:159)
	at org.apache.ratis.grpc.client.GrpcClientProtocolClient$AsyncStreamObservers.handleReplyFuture(GrpcClientProtocolClient.java:329)
	at org.apache.ratis.grpc.client.GrpcClientProtocolClient$AsyncStreamObservers.timeoutCheck(GrpcClientProtocolClient.java:324)
	at org.apache.ratis.grpc.client.GrpcClientProtocolClient$AsyncStreamObservers.lambda$onNext$1(GrpcClientProtocolClient.java:318)
	at org.apache.ratis.util.TimeoutScheduler.lambda$onTimeout$0(TimeoutScheduler.java:113)
	at org.apache.ratis.util.TimeoutScheduler.lambda$onTimeout$1(TimeoutScheduler.java:133)
	at org.apache.ratis.util.LogUtils.runAndLog(LogUtils.java:50)
	at org.apache.ratis.util.LogUtils$1.run(LogUtils.java:91)
	at java.util.concurrent.Executors$RunnableAdapter.call(Executors.java:511)
	at java.util.concurrent.FutureTask.run(FutureTask.java:266)
	at java.util.concurrent.ScheduledThreadPoolExecutor$ScheduledFutureTask.access$201(ScheduledThreadPoolExecutor.java:180)
	at java.util.concurrent.ScheduledThreadPoolExecutor$ScheduledFutureTask.run(ScheduledThreadPoolExecutor.java:293)
	at java.util.concurrent.ThreadPoolExecutor.runWorker(ThreadPoolExecutor.java:1149)
	at java.util.concurrent.ThreadPoolExecutor$Worker.run(ThreadPoolExecutor.java:624)
	at java.lang.Thread.run(Thread.java:748)
2019-10-10 01:17:31,429 [java.util.concurrent.ThreadPoolExecutor$Worker@4787644f[State = -1, empty queue]] WARN  util.TimeoutScheduler (LogUtils.java:runAndLog(55)) - Failed to task #0: java.lang.NullPointerException
 0.00% |█                                                                                                    |  0/1 Time: 0:01:37 0.00% |█                                                                                                    |  0/1 Time: 0:01:38 0.00% |█                                                                                                    |  0/1 Time: 0:01:39 0.00% |█                                                                                                    |  0/1 Time: 0:01:402019-10-10 01:17:35,473 [java.util.concurrent.ThreadPoolExecutor$Worker@3ba7b49b[State = -1, empty queue]] ERROR client.GrpcClientProtocolClient (GrpcClientProtocolClient.java:close(148)) - Unexpected exception while waiting for channel termination
java.lang.InterruptedException
	at java.util.concurrent.locks.AbstractQueuedSynchronizer.tryAcquireSharedNanos(AbstractQueuedSynchronizer.java:1326)
	at java.util.concurrent.CountDownLatch.await(CountDownLatch.java:277)
	at org.apache.ratis.thirdparty.io.grpc.internal.ManagedChannelImpl.awaitTermination(ManagedChannelImpl.java:763)
	at org.apache.ratis.thirdparty.io.grpc.internal.ForwardingManagedChannel.awaitTermination(ForwardingManagedChannel.java:57)
	at org.apache.ratis.thirdparty.io.grpc.internal.ManagedChannelOrphanWrapper.awaitTermination(ManagedChannelOrphanWrapper.java:70)
	at org.apache.ratis.grpc.client.GrpcClientProtocolClient.close(GrpcClientProtocolClient.java:146)
	at org.apache.ratis.util.PeerProxyMap$PeerAndProxy.lambda$close$1(PeerProxyMap.java:74)
	at org.apache.ratis.util.LifeCycle.lambda$checkStateAndClose$2(LifeCycle.java:231)
	at org.apache.ratis.util.LifeCycle.checkStateAndClose(LifeCycle.java:251)
	at org.apache.ratis.util.LifeCycle.checkStateAndClose(LifeCycle.java:229)
	at org.apache.ratis.util.PeerProxyMap$PeerAndProxy.close(PeerProxyMap.java:70)
	at org.apache.ratis.util.PeerProxyMap.resetProxy(PeerProxyMap.java:127)
	at org.apache.ratis.util.PeerProxyMap.handleException(PeerProxyMap.java:136)
	at org.apache.ratis.client.impl.RaftClientRpcWithProxy.handleException(RaftClientRpcWithProxy.java:47)
	at org.apache.ratis.client.impl.RaftClientImpl.handleIOException(RaftClientImpl.java:372)
	at org.apache.ratis.client.impl.OrderedAsync.lambda$sendRequest$10(OrderedAsync.java:236)
	at java.util.concurrent.CompletableFuture.uniExceptionally(CompletableFuture.java:870)
	at java.util.concurrent.CompletableFuture$UniExceptionally.tryFire(CompletableFuture.java:852)
	at java.util.concurrent.CompletableFuture.postComplete(CompletableFuture.java:474)
	at java.util.concurrent.CompletableFuture.completeExceptionally(CompletableFuture.java:1977)
	at org.apache.ratis.grpc.client.GrpcClientProtocolClient$AsyncStreamObservers.lambda$timeoutCheck$3(GrpcClientProtocolClient.java:324)
	at java.util.Optional.ifPresent(Optional.java:159)
	at org.apache.ratis.grpc.client.GrpcClientProtocolClient$AsyncStreamObservers.handleReplyFuture(GrpcClientProtocolClient.java:329)
	at org.apache.ratis.grpc.client.GrpcClientProtocolClient$AsyncStreamObservers.timeoutCheck(GrpcClientProtocolClient.java:324)
	at org.apache.ratis.grpc.client.GrpcClientProtocolClient$AsyncStreamObservers.lambda$onNext$1(GrpcClientProtocolClient.java:318)
	at org.apache.ratis.util.TimeoutScheduler.lambda$onTimeout$0(TimeoutScheduler.java:113)
	at org.apache.ratis.util.TimeoutScheduler.lambda$onTimeout$1(TimeoutScheduler.java:133)
	at org.apache.ratis.util.LogUtils.runAndLog(LogUtils.java:50)
	at org.apache.ratis.util.LogUtils$1.run(LogUtils.java:91)
	at java.util.concurrent.Executors$RunnableAdapter.call(Executors.java:511)
	at java.util.concurrent.FutureTask.run(FutureTask.java:266)
	at java.util.concurrent.ScheduledThreadPoolExecutor$ScheduledFutureTask.access$201(ScheduledThreadPoolExecutor.java:180)
	at java.util.concurrent.ScheduledThreadPoolExecutor$ScheduledFutureTask.run(ScheduledThreadPoolExecutor.java:293)
	at java.util.concurrent.ThreadPoolExecutor.runWorker(ThreadPoolExecutor.java:1149)
	at java.util.concurrent.ThreadPoolExecutor$Worker.run(ThreadPoolExecutor.java:624)
	at java.lang.Thread.run(Thread.java:748)
2019-10-10 01:17:35,475 [java.util.concurrent.ThreadPoolExecutor$Worker@3ba7b49b[State = -1, empty queue]] WARN  util.TimeoutScheduler (LogUtils.java:runAndLog(55)) - Failed to task #0: java.lang.NullPointerException
 0.00% |█                                                                                                    |  0/1 Time: 0:01:41 0.00% |█                                                                                                    |  0/1 Time: 0:01:42 0.00% |█                                                                                                    |  0/1 Time: 0:01:43 0.00% |█                                                                                                    |  0/1 Time: 0:01:442019-10-10 01:17:39,520 [java.util.concurrent.ThreadPoolExecutor$Worker@5d716fd3[State = -1, empty queue]] ERROR client.GrpcClientProtocolClient (GrpcClientProtocolClient.java:close(148)) - Unexpected exception while waiting for channel termination
java.lang.InterruptedException
	at java.util.concurrent.locks.AbstractQueuedSynchronizer.tryAcquireSharedNanos(AbstractQueuedSynchronizer.java:1326)
	at java.util.concurrent.CountDownLatch.await(CountDownLatch.java:277)
	at org.apache.ratis.thirdparty.io.grpc.internal.ManagedChannelImpl.awaitTermination(ManagedChannelImpl.java:763)
	at org.apache.ratis.thirdparty.io.grpc.internal.ForwardingManagedChannel.awaitTermination(ForwardingManagedChannel.java:57)
	at org.apache.ratis.thirdparty.io.grpc.internal.ManagedChannelOrphanWrapper.awaitTermination(ManagedChannelOrphanWrapper.java:70)
	at org.apache.ratis.grpc.client.GrpcClientProtocolClient.close(GrpcClientProtocolClient.java:146)
	at org.apache.ratis.util.PeerProxyMap$PeerAndProxy.lambda$close$1(PeerProxyMap.java:74)
	at org.apache.ratis.util.LifeCycle.lambda$checkStateAndClose$2(LifeCycle.java:231)
	at org.apache.ratis.util.LifeCycle.checkStateAndClose(LifeCycle.java:251)
	at org.apache.ratis.util.LifeCycle.checkStateAndClose(LifeCycle.java:229)
	at org.apache.ratis.util.PeerProxyMap$PeerAndProxy.close(PeerProxyMap.java:70)
	at org.apache.ratis.util.PeerProxyMap.resetProxy(PeerProxyMap.java:127)
	at org.apache.ratis.util.PeerProxyMap.handleException(PeerProxyMap.java:136)
	at org.apache.ratis.client.impl.RaftClientRpcWithProxy.handleException(RaftClientRpcWithProxy.java:47)
	at org.apache.ratis.client.impl.RaftClientImpl.handleIOException(RaftClientImpl.java:372)
	at org.apache.ratis.client.impl.OrderedAsync.lambda$sendRequest$10(OrderedAsync.java:236)
	at java.util.concurrent.CompletableFuture.uniExceptionally(CompletableFuture.java:870)
	at java.util.concurrent.CompletableFuture$UniExceptionally.tryFire(CompletableFuture.java:852)
	at java.util.concurrent.CompletableFuture.postComplete(CompletableFuture.java:474)
	at java.util.concurrent.CompletableFuture.completeExceptionally(CompletableFuture.java:1977)
	at org.apache.ratis.grpc.client.GrpcClientProtocolClient$AsyncStreamObservers.lambda$timeoutCheck$3(GrpcClientProtocolClient.java:324)
	at java.util.Optional.ifPresent(Optional.java:159)
	at org.apache.ratis.grpc.client.GrpcClientProtocolClient$AsyncStreamObservers.handleReplyFuture(GrpcClientProtocolClient.java:329)
	at org.apache.ratis.grpc.client.GrpcClientProtocolClient$AsyncStreamObservers.timeoutCheck(GrpcClientProtocolClient.java:324)
	at org.apache.ratis.grpc.client.GrpcClientProtocolClient$AsyncStreamObservers.lambda$onNext$1(GrpcClientProtocolClient.java:318)
	at org.apache.ratis.util.TimeoutScheduler.lambda$onTimeout$0(TimeoutScheduler.java:113)
	at org.apache.ratis.util.TimeoutScheduler.lambda$onTimeout$1(TimeoutScheduler.java:133)
	at org.apache.ratis.util.LogUtils.runAndLog(LogUtils.java:50)
	at org.apache.ratis.util.LogUtils$1.run(LogUtils.java:91)
	at java.util.concurrent.Executors$RunnableAdapter.call(Executors.java:511)
	at java.util.concurrent.FutureTask.run(FutureTask.java:266)
	at java.util.concurrent.ScheduledThreadPoolExecutor$ScheduledFutureTask.access$201(ScheduledThreadPoolExecutor.java:180)
	at java.util.concurrent.ScheduledThreadPoolExecutor$ScheduledFutureTask.run(ScheduledThreadPoolExecutor.java:293)
	at java.util.concurrent.ThreadPoolExecutor.runWorker(ThreadPoolExecutor.java:1149)
	at java.util.concurrent.ThreadPoolExecutor$Worker.run(ThreadPoolExecutor.java:624)
	at java.lang.Thread.run(Thread.java:748)
2019-10-10 01:17:39,521 [java.util.concurrent.ThreadPoolExecutor$Worker@5d716fd3[State = -1, empty queue]] WARN  util.TimeoutScheduler (LogUtils.java:runAndLog(55)) - Failed to task #0: java.lang.NullPointerException
 0.00% |█                                                                                                    |  0/1 Time: 0:01:45 0.00% |█                                                                                                    |  0/1 Time: 0:01:46 0.00% |█                                                                                                    |  0/1 Time: 0:01:47 0.00% |█                                                                                                    |  0/1 Time: 0:01:48 0.00% |█                                                                                                    |  0/1 Time: 0:01:492019-10-10 01:17:43,564 [java.util.concurrent.ThreadPoolExecutor$Worker@6f28ed70[State = -1, empty queue]] ERROR client.GrpcClientProtocolClient (GrpcClientProtocolClient.java:close(148)) - Unexpected exception while waiting for channel termination
java.lang.InterruptedException
	at java.util.concurrent.locks.AbstractQueuedSynchronizer.tryAcquireSharedNanos(AbstractQueuedSynchronizer.java:1326)
	at java.util.concurrent.CountDownLatch.await(CountDownLatch.java:277)
	at org.apache.ratis.thirdparty.io.grpc.internal.ManagedChannelImpl.awaitTermination(ManagedChannelImpl.java:763)
	at org.apache.ratis.thirdparty.io.grpc.internal.ForwardingManagedChannel.awaitTermination(ForwardingManagedChannel.java:57)
	at org.apache.ratis.thirdparty.io.grpc.internal.ManagedChannelOrphanWrapper.awaitTermination(ManagedChannelOrphanWrapper.java:70)
	at org.apache.ratis.grpc.client.GrpcClientProtocolClient.close(GrpcClientProtocolClient.java:146)
	at org.apache.ratis.util.PeerProxyMap$PeerAndProxy.lambda$close$1(PeerProxyMap.java:74)
	at org.apache.ratis.util.LifeCycle.lambda$checkStateAndClose$2(LifeCycle.java:231)
	at org.apache.ratis.util.LifeCycle.checkStateAndClose(LifeCycle.java:251)
	at org.apache.ratis.util.LifeCycle.checkStateAndClose(LifeCycle.java:229)
	at org.apache.ratis.util.PeerProxyMap$PeerAndProxy.close(PeerProxyMap.java:70)
	at org.apache.ratis.util.PeerProxyMap.resetProxy(PeerProxyMap.java:127)
	at org.apache.ratis.util.PeerProxyMap.handleException(PeerProxyMap.java:136)
	at org.apache.ratis.client.impl.RaftClientRpcWithProxy.handleException(RaftClientRpcWithProxy.java:47)
	at org.apache.ratis.client.impl.RaftClientImpl.handleIOException(RaftClientImpl.java:372)
	at org.apache.ratis.client.impl.OrderedAsync.lambda$sendRequest$10(OrderedAsync.java:236)
	at java.util.concurrent.CompletableFuture.uniExceptionally(CompletableFuture.java:870)
	at java.util.concurrent.CompletableFuture$UniExceptionally.tryFire(CompletableFuture.java:852)
	at java.util.concurrent.CompletableFuture.postComplete(CompletableFuture.java:474)
	at java.util.concurrent.CompletableFuture.completeExceptionally(CompletableFuture.java:1977)
	at org.apache.ratis.grpc.client.GrpcClientProtocolClient$AsyncStreamObservers.lambda$timeoutCheck$3(GrpcClientProtocolClient.java:324)
	at java.util.Optional.ifPresent(Optional.java:159)
	at org.apache.ratis.grpc.client.GrpcClientProtocolClient$AsyncStreamObservers.handleReplyFuture(GrpcClientProtocolClient.java:329)
	at org.apache.ratis.grpc.client.GrpcClientProtocolClient$AsyncStreamObservers.timeoutCheck(GrpcClientProtocolClient.java:324)
	at org.apache.ratis.grpc.client.GrpcClientProtocolClient$AsyncStreamObservers.lambda$onNext$1(GrpcClientProtocolClient.java:318)
	at org.apache.ratis.util.TimeoutScheduler.lambda$onTimeout$0(TimeoutScheduler.java:113)
	at org.apache.ratis.util.TimeoutScheduler.lambda$onTimeout$1(TimeoutScheduler.java:133)
	at org.apache.ratis.util.LogUtils.runAndLog(LogUtils.java:50)
	at org.apache.ratis.util.LogUtils$1.run(LogUtils.java:91)
	at java.util.concurrent.Executors$RunnableAdapter.call(Executors.java:511)
	at java.util.concurrent.FutureTask.run(FutureTask.java:266)
	at java.util.concurrent.ScheduledThreadPoolExecutor$ScheduledFutureTask.access$201(ScheduledThreadPoolExecutor.java:180)
	at java.util.concurrent.ScheduledThreadPoolExecutor$ScheduledFutureTask.run(ScheduledThreadPoolExecutor.java:293)
	at java.util.concurrent.ThreadPoolExecutor.runWorker(ThreadPoolExecutor.java:1149)
	at java.util.concurrent.ThreadPoolExecutor$Worker.run(ThreadPoolExecutor.java:624)
	at java.lang.Thread.run(Thread.java:748)
2019-10-10 01:17:43,565 [java.util.concurrent.ThreadPoolExecutor$Worker@6f28ed70[State = -1, empty queue]] WARN  util.TimeoutScheduler (LogUtils.java:runAndLog(55)) - Failed to task #0: java.lang.NullPointerException
 0.00% |█                                                                                                    |  0/1 Time: 0:01:50 0.00% |█                                                                                                    |  0/1 Time: 0:01:51 0.00% |█                                                                                                    |  0/1 Time: 0:01:52 0.00% |█                                                                                                    |  0/1 Time: 0:01:532019-10-10 01:17:47,601 [java.util.concurrent.ThreadPoolExecutor$Worker@3a7a97a2[State = -1, empty queue]] ERROR client.GrpcClientProtocolClient (GrpcClientProtocolClient.java:close(148)) - Unexpected exception while waiting for channel termination
java.lang.InterruptedException
	at java.util.concurrent.locks.AbstractQueuedSynchronizer.tryAcquireSharedNanos(AbstractQueuedSynchronizer.java:1326)
	at java.util.concurrent.CountDownLatch.await(CountDownLatch.java:277)
	at org.apache.ratis.thirdparty.io.grpc.internal.ManagedChannelImpl.awaitTermination(ManagedChannelImpl.java:763)
	at org.apache.ratis.thirdparty.io.grpc.internal.ForwardingManagedChannel.awaitTermination(ForwardingManagedChannel.java:57)
	at org.apache.ratis.thirdparty.io.grpc.internal.ManagedChannelOrphanWrapper.awaitTermination(ManagedChannelOrphanWrapper.java:70)
	at org.apache.ratis.grpc.client.GrpcClientProtocolClient.close(GrpcClientProtocolClient.java:146)
	at org.apache.ratis.util.PeerProxyMap$PeerAndProxy.lambda$close$1(PeerProxyMap.java:74)
	at org.apache.ratis.util.LifeCycle.lambda$checkStateAndClose$2(LifeCycle.java:231)
	at org.apache.ratis.util.LifeCycle.checkStateAndClose(LifeCycle.java:251)
	at org.apache.ratis.util.LifeCycle.checkStateAndClose(LifeCycle.java:229)
	at org.apache.ratis.util.PeerProxyMap$PeerAndProxy.close(PeerProxyMap.java:70)
	at org.apache.ratis.util.PeerProxyMap.resetProxy(PeerProxyMap.java:127)
	at org.apache.ratis.util.PeerProxyMap.handleException(PeerProxyMap.java:136)
	at org.apache.ratis.client.impl.RaftClientRpcWithProxy.handleException(RaftClientRpcWithProxy.java:47)
	at org.apache.ratis.client.impl.RaftClientImpl.handleIOException(RaftClientImpl.java:372)
	at org.apache.ratis.client.impl.OrderedAsync.lambda$sendRequest$10(OrderedAsync.java:236)
	at java.util.concurrent.CompletableFuture.uniExceptionally(CompletableFuture.java:870)
	at java.util.concurrent.CompletableFuture$UniExceptionally.tryFire(CompletableFuture.java:852)
	at java.util.concurrent.CompletableFuture.postComplete(CompletableFuture.java:474)
	at java.util.concurrent.CompletableFuture.completeExceptionally(CompletableFuture.java:1977)
	at org.apache.ratis.grpc.client.GrpcClientProtocolClient$AsyncStreamObservers.lambda$timeoutCheck$3(GrpcClientProtocolClient.java:324)
	at java.util.Optional.ifPresent(Optional.java:159)
	at org.apache.ratis.grpc.client.GrpcClientProtocolClient$AsyncStreamObservers.handleReplyFuture(GrpcClientProtocolClient.java:329)
	at org.apache.ratis.grpc.client.GrpcClientProtocolClient$AsyncStreamObservers.timeoutCheck(GrpcClientProtocolClient.java:324)
	at org.apache.ratis.grpc.client.GrpcClientProtocolClient$AsyncStreamObservers.lambda$onNext$1(GrpcClientProtocolClient.java:318)
	at org.apache.ratis.util.TimeoutScheduler.lambda$onTimeout$0(TimeoutScheduler.java:113)
	at org.apache.ratis.util.TimeoutScheduler.lambda$onTimeout$1(TimeoutScheduler.java:133)
	at org.apache.ratis.util.LogUtils.runAndLog(LogUtils.java:50)
	at org.apache.ratis.util.LogUtils$1.run(LogUtils.java:91)
	at java.util.concurrent.Executors$RunnableAdapter.call(Executors.java:511)
	at java.util.concurrent.FutureTask.run(FutureTask.java:266)
	at java.util.concurrent.ScheduledThreadPoolExecutor$ScheduledFutureTask.access$201(ScheduledThreadPoolExecutor.java:180)
	at java.util.concurrent.ScheduledThreadPoolExecutor$ScheduledFutureTask.run(ScheduledThreadPoolExecutor.java:293)
	at java.util.concurrent.ThreadPoolExecutor.runWorker(ThreadPoolExecutor.java:1149)
	at java.util.concurrent.ThreadPoolExecutor$Worker.run(ThreadPoolExecutor.java:624)
	at java.lang.Thread.run(Thread.java:748)
2019-10-10 01:17:47,604 [java.util.concurrent.ThreadPoolExecutor$Worker@3a7a97a2[State = -1, empty queue]] WARN  util.TimeoutScheduler (LogUtils.java:runAndLog(55)) - Failed to task #0: java.lang.NullPointerException
 0.00% |█                                                                                                    |  0/1 Time: 0:01:54 0.00% |█                                                                                                    |  0/1 Time: 0:01:55 0.00% |█                                                                                                    |  0/1 Time: 0:01:56 0.00% |█                                                                                                    |  0/1 Time: 0:01:572019-10-10 01:17:51,642 [java.util.concurrent.ThreadPoolExecutor$Worker@352332a0[State = -1, empty queue]] ERROR client.GrpcClientProtocolClient (GrpcClientProtocolClient.java:close(148)) - Unexpected exception while waiting for channel termination
java.lang.InterruptedException
	at java.util.concurrent.locks.AbstractQueuedSynchronizer.tryAcquireSharedNanos(AbstractQueuedSynchronizer.java:1326)
	at java.util.concurrent.CountDownLatch.await(CountDownLatch.java:277)
	at org.apache.ratis.thirdparty.io.grpc.internal.ManagedChannelImpl.awaitTermination(ManagedChannelImpl.java:763)
	at org.apache.ratis.thirdparty.io.grpc.internal.ForwardingManagedChannel.awaitTermination(ForwardingManagedChannel.java:57)
	at org.apache.ratis.thirdparty.io.grpc.internal.ManagedChannelOrphanWrapper.awaitTermination(ManagedChannelOrphanWrapper.java:70)
	at org.apache.ratis.grpc.client.GrpcClientProtocolClient.close(GrpcClientProtocolClient.java:146)
	at org.apache.ratis.util.PeerProxyMap$PeerAndProxy.lambda$close$1(PeerProxyMap.java:74)
	at org.apache.ratis.util.LifeCycle.lambda$checkStateAndClose$2(LifeCycle.java:231)
	at org.apache.ratis.util.LifeCycle.checkStateAndClose(LifeCycle.java:251)
	at org.apache.ratis.util.LifeCycle.checkStateAndClose(LifeCycle.java:229)
	at org.apache.ratis.util.PeerProxyMap$PeerAndProxy.close(PeerProxyMap.java:70)
	at org.apache.ratis.util.PeerProxyMap.resetProxy(PeerProxyMap.java:127)
	at org.apache.ratis.util.PeerProxyMap.handleException(PeerProxyMap.java:136)
	at org.apache.ratis.client.impl.RaftClientRpcWithProxy.handleException(RaftClientRpcWithProxy.java:47)
	at org.apache.ratis.client.impl.RaftClientImpl.handleIOException(RaftClientImpl.java:372)
	at org.apache.ratis.client.impl.OrderedAsync.lambda$sendRequest$10(OrderedAsync.java:236)
	at java.util.concurrent.CompletableFuture.uniExceptionally(CompletableFuture.java:870)
	at java.util.concurrent.CompletableFuture$UniExceptionally.tryFire(CompletableFuture.java:852)
	at java.util.concurrent.CompletableFuture.postComplete(CompletableFuture.java:474)
	at java.util.concurrent.CompletableFuture.completeExceptionally(CompletableFuture.java:1977)
	at org.apache.ratis.grpc.client.GrpcClientProtocolClient$AsyncStreamObservers.lambda$timeoutCheck$3(GrpcClientProtocolClient.java:324)
	at java.util.Optional.ifPresent(Optional.java:159)
	at org.apache.ratis.grpc.client.GrpcClientProtocolClient$AsyncStreamObservers.handleReplyFuture(GrpcClientProtocolClient.java:329)
	at org.apache.ratis.grpc.client.GrpcClientProtocolClient$AsyncStreamObservers.timeoutCheck(GrpcClientProtocolClient.java:324)
	at org.apache.ratis.grpc.client.GrpcClientProtocolClient$AsyncStreamObservers.lambda$onNext$1(GrpcClientProtocolClient.java:318)
	at org.apache.ratis.util.TimeoutScheduler.lambda$onTimeout$0(TimeoutScheduler.java:113)
	at org.apache.ratis.util.TimeoutScheduler.lambda$onTimeout$1(TimeoutScheduler.java:133)
	at org.apache.ratis.util.LogUtils.runAndLog(LogUtils.java:50)
	at org.apache.ratis.util.LogUtils$1.run(LogUtils.java:91)
	at java.util.concurrent.Executors$RunnableAdapter.call(Executors.java:511)
	at java.util.concurrent.FutureTask.run(FutureTask.java:266)
	at java.util.concurrent.ScheduledThreadPoolExecutor$ScheduledFutureTask.access$201(ScheduledThreadPoolExecutor.java:180)
	at java.util.concurrent.ScheduledThreadPoolExecutor$ScheduledFutureTask.run(ScheduledThreadPoolExecutor.java:293)
	at java.util.concurrent.ThreadPoolExecutor.runWorker(ThreadPoolExecutor.java:1149)
	at java.util.concurrent.ThreadPoolExecutor$Worker.run(ThreadPoolExecutor.java:624)
	at java.lang.Thread.run(Thread.java:748)
2019-10-10 01:17:51,643 [java.util.concurrent.ThreadPoolExecutor$Worker@352332a0[State = -1, empty queue]] WARN  util.TimeoutScheduler (LogUtils.java:runAndLog(55)) - Failed to task #0: java.lang.NullPointerException
 0.00% |█                                                                                                    |  0/1 Time: 0:01:58 0.00% |█                                                                                                    |  0/1 Time: 0:01:592019-10-10 01:17:53,977 [grpc-default-executor-1] INFO  impl.RaftServerProxy (RaftServerProxy.java:addNew(89)) - 993817e1-c77a-472e-865f-a6e34ffe7967: addNew group-26EF2C0D7090:[4b92f2f8-e489-47a4-a90a-1d3fa2a9a07f:192.168.151.118:35849, 993817e1-c77a-472e-865f-a6e34ffe7967:192.168.151.118:41261, fe8e0d95-22db-4b8a-875e-83bee4d716fb:192.168.151.118:34352] returns group-26EF2C0D7090:java.util.concurrent.CompletableFuture@3c6db2c1[Not completed]
2019-10-10 01:17:53,979 [grpc-default-executor-3] INFO  impl.RaftServerProxy (RaftServerProxy.java:addNew(89)) - 4b92f2f8-e489-47a4-a90a-1d3fa2a9a07f: addNew group-26EF2C0D7090:[4b92f2f8-e489-47a4-a90a-1d3fa2a9a07f:192.168.151.118:35849, 993817e1-c77a-472e-865f-a6e34ffe7967:192.168.151.118:41261, fe8e0d95-22db-4b8a-875e-83bee4d716fb:192.168.151.118:34352] returns group-26EF2C0D7090:java.util.concurrent.CompletableFuture@62296776[Not completed]
2019-10-10 01:17:53,977 [grpc-default-executor-0] INFO  impl.RaftServerProxy (RaftServerProxy.java:addNew(89)) - fe8e0d95-22db-4b8a-875e-83bee4d716fb: addNew group-26EF2C0D7090:[4b92f2f8-e489-47a4-a90a-1d3fa2a9a07f:192.168.151.118:35849, 993817e1-c77a-472e-865f-a6e34ffe7967:192.168.151.118:41261, fe8e0d95-22db-4b8a-875e-83bee4d716fb:192.168.151.118:34352] returns group-26EF2C0D7090:java.util.concurrent.CompletableFuture@3cf0c22a[Not completed]
2019-10-10 01:17:53,980 [pool-67-thread-1] INFO  impl.RaftServerImpl (RaftServerImpl.java:<init>(95)) - 4b92f2f8-e489-47a4-a90a-1d3fa2a9a07f: new RaftServerImpl for group-26EF2C0D7090:[4b92f2f8-e489-47a4-a90a-1d3fa2a9a07f:192.168.151.118:35849, 993817e1-c77a-472e-865f-a6e34ffe7967:192.168.151.118:41261, fe8e0d95-22db-4b8a-875e-83bee4d716fb:192.168.151.118:34352] with ContainerStateMachine:uninitialized
2019-10-10 01:17:53,981 [pool-67-thread-1] INFO  server.RaftServerConfigKeys (ConfUtils.java:logGet(43)) - raft.server.rpc.timeout.min = 5s (custom)
2019-10-10 01:17:53,981 [pool-67-thread-1] INFO  server.RaftServerConfigKeys (ConfUtils.java:logGet(43)) - raft.server.rpc.timeout.max = 5200ms (custom)
2019-10-10 01:17:53,981 [pool-67-thread-1] INFO  server.RaftServerConfigKeys (ConfUtils.java:logGet(43)) - raft.server.rpcslowness.timeout = 120s (custom)
2019-10-10 01:17:53,981 [pool-67-thread-1] INFO  server.RaftServerConfigKeys (ConfUtils.java:logGet(43)) - raft.server.sleep.deviation.threshold = 300 (default)
2019-10-10 01:17:53,981 [pool-67-thread-1] INFO  server.RaftServerConfigKeys (ConfUtils.java:logGet(43)) - raft.server.log.appender.install.snapshot.enabled = false (custom)
2019-10-10 01:17:53,981 [pool-67-thread-1] INFO  impl.RaftServerImpl (ServerState.java:<init>(103)) - 4b92f2f8-e489-47a4-a90a-1d3fa2a9a07f@group-26EF2C0D7090: ConfigurationManager, init=-1: [4b92f2f8-e489-47a4-a90a-1d3fa2a9a07f:192.168.151.118:35849, 993817e1-c77a-472e-865f-a6e34ffe7967:192.168.151.118:41261, fe8e0d95-22db-4b8a-875e-83bee4d716fb:192.168.151.118:34352], old=null, confs=<EMPTY_MAP>
2019-10-10 01:17:53,981 [pool-47-thread-1] INFO  impl.RaftServerImpl (RaftServerImpl.java:<init>(95)) - fe8e0d95-22db-4b8a-875e-83bee4d716fb: new RaftServerImpl for group-26EF2C0D7090:[4b92f2f8-e489-47a4-a90a-1d3fa2a9a07f:192.168.151.118:35849, 993817e1-c77a-472e-865f-a6e34ffe7967:192.168.151.118:41261, fe8e0d95-22db-4b8a-875e-83bee4d716fb:192.168.151.118:34352] with ContainerStateMachine:uninitialized
2019-10-10 01:17:53,982 [pool-67-thread-1] INFO  server.RaftServerConfigKeys (ConfUtils.java:logGet(43)) - raft.server.storage.dir = [/workdir/hadoop-ozone/tools/target/test-dir/MiniOzoneClusterImpl-1e8b0e80-279c-49c4-ae13-42ed318b6149/datanode-4/data/ratis] (custom)
2019-10-10 01:17:53,982 [pool-47-thread-1] INFO  server.RaftServerConfigKeys (ConfUtils.java:logGet(43)) - raft.server.rpc.timeout.min = 5s (custom)
2019-10-10 01:17:53,982 [pool-47-thread-1] INFO  server.RaftServerConfigKeys (ConfUtils.java:logGet(43)) - raft.server.rpc.timeout.max = 5200ms (custom)
2019-10-10 01:17:53,982 [pool-67-thread-1] INFO  server.RaftServerConfigKeys (ConfUtils.java:logGet(43)) - raft.server.log.corruption.policy = EXCEPTION (default)
2019-10-10 01:17:53,982 [pool-47-thread-1] INFO  server.RaftServerConfigKeys (ConfUtils.java:logGet(43)) - raft.server.rpcslowness.timeout = 120s (custom)
2019-10-10 01:17:53,982 [pool-67-thread-1] INFO  storage.RaftStorageDirectory (RaftStorageDirectory.java:analyzeStorage(246)) - The storage directory /workdir/hadoop-ozone/tools/target/test-dir/MiniOzoneClusterImpl-1e8b0e80-279c-49c4-ae13-42ed318b6149/datanode-4/data/ratis/3e797490-415f-4b0a-81f6-26ef2c0d7090 does not exist. Creating ...
2019-10-10 01:17:53,982 [pool-47-thread-1] INFO  server.RaftServerConfigKeys (ConfUtils.java:logGet(43)) - raft.server.sleep.deviation.threshold = 300 (default)
2019-10-10 01:17:53,983 [pool-47-thread-1] INFO  server.RaftServerConfigKeys (ConfUtils.java:logGet(43)) - raft.server.log.appender.install.snapshot.enabled = false (custom)
2019-10-10 01:17:53,983 [pool-47-thread-1] INFO  impl.RaftServerImpl (ServerState.java:<init>(103)) - fe8e0d95-22db-4b8a-875e-83bee4d716fb@group-26EF2C0D7090: ConfigurationManager, init=-1: [4b92f2f8-e489-47a4-a90a-1d3fa2a9a07f:192.168.151.118:35849, 993817e1-c77a-472e-865f-a6e34ffe7967:192.168.151.118:41261, fe8e0d95-22db-4b8a-875e-83bee4d716fb:192.168.151.118:34352], old=null, confs=<EMPTY_MAP>
2019-10-10 01:17:53,983 [pool-47-thread-1] INFO  server.RaftServerConfigKeys (ConfUtils.java:logGet(43)) - raft.server.storage.dir = [/workdir/hadoop-ozone/tools/target/test-dir/MiniOzoneClusterImpl-1e8b0e80-279c-49c4-ae13-42ed318b6149/datanode-2/data/ratis] (custom)
2019-10-10 01:17:53,983 [pool-27-thread-1] INFO  impl.RaftServerImpl (RaftServerImpl.java:<init>(95)) - 993817e1-c77a-472e-865f-a6e34ffe7967: new RaftServerImpl for group-26EF2C0D7090:[4b92f2f8-e489-47a4-a90a-1d3fa2a9a07f:192.168.151.118:35849, 993817e1-c77a-472e-865f-a6e34ffe7967:192.168.151.118:41261, fe8e0d95-22db-4b8a-875e-83bee4d716fb:192.168.151.118:34352] with ContainerStateMachine:uninitialized
2019-10-10 01:17:53,983 [pool-47-thread-1] INFO  server.RaftServerConfigKeys (ConfUtils.java:logGet(43)) - raft.server.log.corruption.policy = EXCEPTION (default)
2019-10-10 01:17:53,983 [pool-27-thread-1] INFO  server.RaftServerConfigKeys (ConfUtils.java:logGet(43)) - raft.server.rpc.timeout.min = 5s (custom)
2019-10-10 01:17:53,984 [pool-47-thread-1] INFO  storage.RaftStorageDirectory (RaftStorageDirectory.java:analyzeStorage(246)) - The storage directory /workdir/hadoop-ozone/tools/target/test-dir/MiniOzoneClusterImpl-1e8b0e80-279c-49c4-ae13-42ed318b6149/datanode-2/data/ratis/3e797490-415f-4b0a-81f6-26ef2c0d7090 does not exist. Creating ...
2019-10-10 01:17:53,984 [pool-27-thread-1] INFO  server.RaftServerConfigKeys (ConfUtils.java:logGet(43)) - raft.server.rpc.timeout.max = 5200ms (custom)
2019-10-10 01:17:53,984 [pool-27-thread-1] INFO  server.RaftServerConfigKeys (ConfUtils.java:logGet(43)) - raft.server.rpcslowness.timeout = 120s (custom)
2019-10-10 01:17:53,984 [pool-27-thread-1] INFO  server.RaftServerConfigKeys (ConfUtils.java:logGet(43)) - raft.server.sleep.deviation.threshold = 300 (default)
2019-10-10 01:17:53,984 [pool-27-thread-1] INFO  server.RaftServerConfigKeys (ConfUtils.java:logGet(43)) - raft.server.log.appender.install.snapshot.enabled = false (custom)
2019-10-10 01:17:53,985 [pool-27-thread-1] INFO  impl.RaftServerImpl (ServerState.java:<init>(103)) - 993817e1-c77a-472e-865f-a6e34ffe7967@group-26EF2C0D7090: ConfigurationManager, init=-1: [4b92f2f8-e489-47a4-a90a-1d3fa2a9a07f:192.168.151.118:35849, 993817e1-c77a-472e-865f-a6e34ffe7967:192.168.151.118:41261, fe8e0d95-22db-4b8a-875e-83bee4d716fb:192.168.151.118:34352], old=null, confs=<EMPTY_MAP>
2019-10-10 01:17:53,985 [pool-27-thread-1] INFO  server.RaftServerConfigKeys (ConfUtils.java:logGet(43)) - raft.server.storage.dir = [/workdir/hadoop-ozone/tools/target/test-dir/MiniOzoneClusterImpl-1e8b0e80-279c-49c4-ae13-42ed318b6149/datanode-0/data/ratis] (custom)
2019-10-10 01:17:53,985 [pool-27-thread-1] INFO  server.RaftServerConfigKeys (ConfUtils.java:logGet(43)) - raft.server.log.corruption.policy = EXCEPTION (default)
2019-10-10 01:17:53,986 [pool-27-thread-1] INFO  storage.RaftStorageDirectory (RaftStorageDirectory.java:analyzeStorage(246)) - The storage directory /workdir/hadoop-ozone/tools/target/test-dir/MiniOzoneClusterImpl-1e8b0e80-279c-49c4-ae13-42ed318b6149/datanode-0/data/ratis/3e797490-415f-4b0a-81f6-26ef2c0d7090 does not exist. Creating ...
2019-10-10 01:17:53,992 [pool-47-thread-1] INFO  storage.RaftStorageDirectory (RaftStorageDirectory.java:tryLock(328)) - Lock on /workdir/hadoop-ozone/tools/target/test-dir/MiniOzoneClusterImpl-1e8b0e80-279c-49c4-ae13-42ed318b6149/datanode-2/data/ratis/3e797490-415f-4b0a-81f6-26ef2c0d7090/in_use.lock acquired by nodename 12932@pr-hdds-2194-jqrdw-3579824535
2019-10-10 01:17:53,992 [pool-67-thread-1] INFO  storage.RaftStorageDirectory (RaftStorageDirectory.java:tryLock(328)) - Lock on /workdir/hadoop-ozone/tools/target/test-dir/MiniOzoneClusterImpl-1e8b0e80-279c-49c4-ae13-42ed318b6149/datanode-4/data/ratis/3e797490-415f-4b0a-81f6-26ef2c0d7090/in_use.lock acquired by nodename 12932@pr-hdds-2194-jqrdw-3579824535
2019-10-10 01:17:53,992 [pool-27-thread-1] INFO  storage.RaftStorageDirectory (RaftStorageDirectory.java:tryLock(328)) - Lock on /workdir/hadoop-ozone/tools/target/test-dir/MiniOzoneClusterImpl-1e8b0e80-279c-49c4-ae13-42ed318b6149/datanode-0/data/ratis/3e797490-415f-4b0a-81f6-26ef2c0d7090/in_use.lock acquired by nodename 12932@pr-hdds-2194-jqrdw-3579824535
2019-10-10 01:17:54,006 [pool-67-thread-1] INFO  storage.RaftStorage (RaftStorage.java:format(84)) - Storage directory /workdir/hadoop-ozone/tools/target/test-dir/MiniOzoneClusterImpl-1e8b0e80-279c-49c4-ae13-42ed318b6149/datanode-4/data/ratis/3e797490-415f-4b0a-81f6-26ef2c0d7090 has been successfully formatted.
2019-10-10 01:17:54,006 [pool-27-thread-1] INFO  storage.RaftStorage (RaftStorage.java:format(84)) - Storage directory /workdir/hadoop-ozone/tools/target/test-dir/MiniOzoneClusterImpl-1e8b0e80-279c-49c4-ae13-42ed318b6149/datanode-0/data/ratis/3e797490-415f-4b0a-81f6-26ef2c0d7090 has been successfully formatted.
2019-10-10 01:17:54,006 [pool-47-thread-1] INFO  storage.RaftStorage (RaftStorage.java:format(84)) - Storage directory /workdir/hadoop-ozone/tools/target/test-dir/MiniOzoneClusterImpl-1e8b0e80-279c-49c4-ae13-42ed318b6149/datanode-2/data/ratis/3e797490-415f-4b0a-81f6-26ef2c0d7090 has been successfully formatted.
2019-10-10 01:17:54,007 [pool-67-thread-1] INFO  ratis.ContainerStateMachine (ContainerStateMachine.java:loadSnapshot(231)) - group-26EF2C0D7090: The snapshot info is null. Setting the last applied indexto:(t:0, i:~)
2019-10-10 01:17:54,007 [pool-27-thread-1] INFO  ratis.ContainerStateMachine (ContainerStateMachine.java:loadSnapshot(231)) - group-26EF2C0D7090: The snapshot info is null. Setting the last applied indexto:(t:0, i:~)
2019-10-10 01:17:54,007 [pool-47-thread-1] INFO  ratis.ContainerStateMachine (ContainerStateMachine.java:loadSnapshot(231)) - group-26EF2C0D7090: The snapshot info is null. Setting the last applied indexto:(t:0, i:~)
2019-10-10 01:17:54,007 [pool-27-thread-1] INFO  server.RaftServerConfigKeys (ConfUtils.java:logGet(43)) - raft.server.notification.no-leader.timeout = 120s (custom)
2019-10-10 01:17:54,007 [pool-67-thread-1] INFO  server.RaftServerConfigKeys (ConfUtils.java:logGet(43)) - raft.server.notification.no-leader.timeout = 120s (custom)
2019-10-10 01:17:54,008 [pool-27-thread-1] INFO  server.RaftServerConfigKeys (ConfUtils.java:logGet(43)) - raft.server.log.use.memory = false (default)
2019-10-10 01:17:54,007 [pool-47-thread-1] INFO  server.RaftServerConfigKeys (ConfUtils.java:logGet(43)) - raft.server.notification.no-leader.timeout = 120s (custom)
2019-10-10 01:17:54,008 [pool-67-thread-1] INFO  server.RaftServerConfigKeys (ConfUtils.java:logGet(43)) - raft.server.log.use.memory = false (default)
2019-10-10 01:17:54,008 [pool-27-thread-1] INFO  server.RaftServerConfigKeys (ConfUtils.java:logGet(43)) - raft.server.log.purge.gap = 1000000 (custom)
2019-10-10 01:17:54,008 [pool-47-thread-1] INFO  server.RaftServerConfigKeys (ConfUtils.java:logGet(43)) - raft.server.log.use.memory = false (default)
2019-10-10 01:17:54,008 [pool-67-thread-1] INFO  server.RaftServerConfigKeys (ConfUtils.java:logGet(43)) - raft.server.log.purge.gap = 1000000 (custom)
2019-10-10 01:17:54,008 [pool-27-thread-1] INFO  server.RaftServerConfigKeys (ConfUtils.java:logGet(43)) - raft.server.log.appender.buffer.byte-limit = 33554432 (custom)
2019-10-10 01:17:54,008 [pool-47-thread-1] INFO  server.RaftServerConfigKeys (ConfUtils.java:logGet(43)) - raft.server.log.purge.gap = 1000000 (custom)
2019-10-10 01:17:54,009 [pool-67-thread-1] INFO  server.RaftServerConfigKeys (ConfUtils.java:logGet(43)) - raft.server.log.appender.buffer.byte-limit = 33554432 (custom)
2019-10-10 01:17:54,009 [pool-27-thread-1] INFO  server.RaftServerConfigKeys (ConfUtils.java:logGet(43)) - raft.server.log.segment.size.max = 1048576 (custom)
2019-10-10 01:17:54,009 [pool-47-thread-1] INFO  server.RaftServerConfigKeys (ConfUtils.java:logGet(43)) - raft.server.log.appender.buffer.byte-limit = 33554432 (custom)
2019-10-10 01:17:54,009 [pool-67-thread-1] INFO  server.RaftServerConfigKeys (ConfUtils.java:logGet(43)) - raft.server.log.segment.size.max = 1048576 (custom)
2019-10-10 01:17:54,009 [pool-47-thread-1] INFO  server.RaftServerConfigKeys (ConfUtils.java:logGet(43)) - raft.server.log.segment.size.max = 1048576 (custom)
2019-10-10 01:17:54,009 [pool-27-thread-1] INFO  server.RaftServerConfigKeys (ConfUtils.java:logGet(43)) - raft.server.log.segment.cache.num.max = 2 (custom)
2019-10-10 01:17:54,010 [pool-47-thread-1] INFO  server.RaftServerConfigKeys (ConfUtils.java:logGet(43)) - raft.server.log.segment.cache.num.max = 2 (custom)
2019-10-10 01:17:54,009 [pool-67-thread-1] INFO  server.RaftServerConfigKeys (ConfUtils.java:logGet(43)) - raft.server.log.segment.cache.num.max = 2 (custom)
2019-10-10 01:17:54,010 [pool-47-thread-1] INFO  segmented.SegmentedRaftLogWorker (SegmentedRaftLogWorker.java:<init>(173)) - new fe8e0d95-22db-4b8a-875e-83bee4d716fb@group-26EF2C0D7090-SegmentedRaftLogWorker for RaftStorage:Storage Directory /workdir/hadoop-ozone/tools/target/test-dir/MiniOzoneClusterImpl-1e8b0e80-279c-49c4-ae13-42ed318b6149/datanode-2/data/ratis/3e797490-415f-4b0a-81f6-26ef2c0d7090
2019-10-10 01:17:54,010 [pool-27-thread-1] INFO  segmented.SegmentedRaftLogWorker (SegmentedRaftLogWorker.java:<init>(173)) - new 993817e1-c77a-472e-865f-a6e34ffe7967@group-26EF2C0D7090-SegmentedRaftLogWorker for RaftStorage:Storage Directory /workdir/hadoop-ozone/tools/target/test-dir/MiniOzoneClusterImpl-1e8b0e80-279c-49c4-ae13-42ed318b6149/datanode-0/data/ratis/3e797490-415f-4b0a-81f6-26ef2c0d7090
2019-10-10 01:17:54,010 [pool-47-thread-1] INFO  server.RaftServerConfigKeys (ConfUtils.java:logGet(43)) - raft.server.log.queue.byte-limit = 2147483647 (custom)
2019-10-10 01:17:54,010 [pool-67-thread-1] INFO  segmented.SegmentedRaftLogWorker (SegmentedRaftLogWorker.java:<init>(173)) - new 4b92f2f8-e489-47a4-a90a-1d3fa2a9a07f@group-26EF2C0D7090-SegmentedRaftLogWorker for RaftStorage:Storage Directory /workdir/hadoop-ozone/tools/target/test-dir/MiniOzoneClusterImpl-1e8b0e80-279c-49c4-ae13-42ed318b6149/datanode-4/data/ratis/3e797490-415f-4b0a-81f6-26ef2c0d7090
2019-10-10 01:17:54,010 [pool-47-thread-1] INFO  server.RaftServerConfigKeys (ConfUtils.java:logGet(43)) - raft.server.log.queue.element-limit = 1024 (custom)
2019-10-10 01:17:54,010 [pool-27-thread-1] INFO  server.RaftServerConfigKeys (ConfUtils.java:logGet(43)) - raft.server.log.queue.byte-limit = 2147483647 (custom)
2019-10-10 01:17:54,011 [pool-47-thread-1] INFO  server.RaftServerConfigKeys (ConfUtils.java:logGet(43)) - raft.server.log.segment.size.max = 1048576 (custom)
2019-10-10 01:17:54,011 [pool-67-thread-1] INFO  server.RaftServerConfigKeys (ConfUtils.java:logGet(43)) - raft.server.log.queue.byte-limit = 2147483647 (custom)
2019-10-10 01:17:54,011 [pool-47-thread-1] INFO  server.RaftServerConfigKeys (ConfUtils.java:logGet(43)) - raft.server.log.preallocated.size = 16384 (custom)
2019-10-10 01:17:54,011 [pool-27-thread-1] INFO  server.RaftServerConfigKeys (ConfUtils.java:logGet(43)) - raft.server.log.queue.element-limit = 1024 (custom)
2019-10-10 01:17:54,011 [pool-47-thread-1] INFO  server.RaftServerConfigKeys (ConfUtils.java:logGet(43)) - raft.server.log.write.buffer.size = 33554432 (custom)
2019-10-10 01:17:54,011 [pool-67-thread-1] INFO  server.RaftServerConfigKeys (ConfUtils.java:logGet(43)) - raft.server.log.queue.element-limit = 1024 (custom)
2019-10-10 01:17:54,012 [pool-47-thread-1] INFO  server.RaftServerConfigKeys (ConfUtils.java:logGet(43)) - raft.server.log.force.sync.num = 128 (default)
2019-10-10 01:17:54,011 [pool-27-thread-1] INFO  server.RaftServerConfigKeys (ConfUtils.java:logGet(43)) - raft.server.log.segment.size.max = 1048576 (custom)
2019-10-10 01:17:54,012 [pool-47-thread-1] INFO  server.RaftServerConfigKeys (ConfUtils.java:logGet(43)) - raft.server.log.statemachine.data.sync = true (default)
2019-10-10 01:17:54,012 [pool-67-thread-1] INFO  server.RaftServerConfigKeys (ConfUtils.java:logGet(43)) - raft.server.log.segment.size.max = 1048576 (custom)
2019-10-10 01:17:54,012 [pool-47-thread-1] INFO  server.RaftServerConfigKeys (ConfUtils.java:logGet(43)) - raft.server.log.statemachine.data.sync.timeout = 10s (default)
2019-10-10 01:17:54,012 [pool-27-thread-1] INFO  server.RaftServerConfigKeys (ConfUtils.java:logGet(43)) - raft.server.log.preallocated.size = 16384 (custom)
2019-10-10 01:17:54,012 [pool-47-thread-1] INFO  server.RaftServerConfigKeys (ConfUtils.java:logGet(43)) - raft.server.log.statemachine.data.sync.timeout.retry = -1 (default)
2019-10-10 01:17:54,012 [pool-67-thread-1] INFO  server.RaftServerConfigKeys (ConfUtils.java:logGet(43)) - raft.server.log.preallocated.size = 16384 (custom)
2019-10-10 01:17:54,013 [pool-27-thread-1] INFO  server.RaftServerConfigKeys (ConfUtils.java:logGet(43)) - raft.server.log.write.buffer.size = 33554432 (custom)
2019-10-10 01:17:54,013 [pool-47-thread-1] INFO  server.RaftServerConfigKeys (ConfUtils.java:logGet(43)) - raft.server.log.statemachine.data.caching.enabled = true (custom)
2019-10-10 01:17:54,013 [pool-67-thread-1] INFO  server.RaftServerConfigKeys (ConfUtils.java:logGet(43)) - raft.server.log.write.buffer.size = 33554432 (custom)
2019-10-10 01:17:54,013 [pool-27-thread-1] INFO  server.RaftServerConfigKeys (ConfUtils.java:logGet(43)) - raft.server.log.force.sync.num = 128 (default)
2019-10-10 01:17:54,013 [pool-47-thread-1] INFO  segmented.SegmentedRaftLogWorker (SegmentedRaftLogWorker.java:lambda$new$0(128)) - fe8e0d95-22db-4b8a-875e-83bee4d716fb@group-26EF2C0D7090-SegmentedRaftLogWorker: flushIndex: setUnconditionally 0 -> -1
2019-10-10 01:17:54,013 [pool-67-thread-1] INFO  server.RaftServerConfigKeys (ConfUtils.java:logGet(43)) - raft.server.log.force.sync.num = 128 (default)
2019-10-10 01:17:54,013 [pool-27-thread-1] INFO  server.RaftServerConfigKeys (ConfUtils.java:logGet(43)) - raft.server.log.statemachine.data.sync = true (default)
2019-10-10 01:17:54,014 [pool-47-thread-1] INFO  server.RaftServerConfigKeys (ConfUtils.java:logGet(43)) - raft.server.snapshot.auto.trigger.enabled = true (custom)
2019-10-10 01:17:54,014 [pool-67-thread-1] INFO  server.RaftServerConfigKeys (ConfUtils.java:logGet(43)) - raft.server.log.statemachine.data.sync = true (default)
2019-10-10 01:17:54,014 [pool-47-thread-1] INFO  server.RaftServerConfigKeys (ConfUtils.java:logGet(43)) - raft.server.snapshot.auto.trigger.threshold = 10000 (custom)
2019-10-10 01:17:54,014 [pool-27-thread-1] INFO  server.RaftServerConfigKeys (ConfUtils.java:logGet(43)) - raft.server.log.statemachine.data.sync.timeout = 10s (default)
2019-10-10 01:17:54,014 [pool-47-thread-1] INFO  server.RaftServerConfigKeys (ConfUtils.java:logGet(43)) - raft.server.snapshot.retention.file.num = 5 (custom)
2019-10-10 01:17:54,014 [pool-67-thread-1] INFO  server.RaftServerConfigKeys (ConfUtils.java:logGet(43)) - raft.server.log.statemachine.data.sync.timeout = 10s (default)
2019-10-10 01:17:54,015 [pool-47-thread-1] INFO  server.RaftServerConfigKeys (ConfUtils.java:logGet(43)) - raft.server.retrycache.expirytime = 600000ms (custom)
2019-10-10 01:17:54,014 [pool-27-thread-1] INFO  server.RaftServerConfigKeys (ConfUtils.java:logGet(43)) - raft.server.log.statemachine.data.sync.timeout.retry = -1 (default)
2019-10-10 01:17:54,015 [pool-67-thread-1] INFO  server.RaftServerConfigKeys (ConfUtils.java:logGet(43)) - raft.server.log.statemachine.data.sync.timeout.retry = -1 (default)
2019-10-10 01:17:54,015 [pool-27-thread-1] INFO  server.RaftServerConfigKeys (ConfUtils.java:logGet(43)) - raft.server.log.statemachine.data.caching.enabled = true (custom)
2019-10-10 01:17:54,015 [pool-67-thread-1] INFO  server.RaftServerConfigKeys (ConfUtils.java:logGet(43)) - raft.server.log.statemachine.data.caching.enabled = true (custom)
2019-10-10 01:17:54,016 [pool-27-thread-1] INFO  segmented.SegmentedRaftLogWorker (SegmentedRaftLogWorker.java:lambda$new$0(128)) - 993817e1-c77a-472e-865f-a6e34ffe7967@group-26EF2C0D7090-SegmentedRaftLogWorker: flushIndex: setUnconditionally 0 -> -1
2019-10-10 01:17:54,016 [pool-67-thread-1] INFO  segmented.SegmentedRaftLogWorker (SegmentedRaftLogWorker.java:lambda$new$0(128)) - 4b92f2f8-e489-47a4-a90a-1d3fa2a9a07f@group-26EF2C0D7090-SegmentedRaftLogWorker: flushIndex: setUnconditionally 0 -> -1
2019-10-10 01:17:54,016 [pool-27-thread-1] INFO  server.RaftServerConfigKeys (ConfUtils.java:logGet(43)) - raft.server.snapshot.auto.trigger.enabled = true (custom)
2019-10-10 01:17:54,017 [pool-67-thread-1] INFO  server.RaftServerConfigKeys (ConfUtils.java:logGet(43)) - raft.server.snapshot.auto.trigger.enabled = true (custom)
2019-10-10 01:17:54,017 [pool-27-thread-1] INFO  server.RaftServerConfigKeys (ConfUtils.java:logGet(43)) - raft.server.snapshot.auto.trigger.threshold = 10000 (custom)
2019-10-10 01:17:54,017 [pool-67-thread-1] INFO  server.RaftServerConfigKeys (ConfUtils.java:logGet(43)) - raft.server.snapshot.auto.trigger.threshold = 10000 (custom)
2019-10-10 01:17:54,017 [pool-27-thread-1] INFO  server.RaftServerConfigKeys (ConfUtils.java:logGet(43)) - raft.server.snapshot.retention.file.num = 5 (custom)
2019-10-10 01:17:54,017 [pool-67-thread-1] INFO  server.RaftServerConfigKeys (ConfUtils.java:logGet(43)) - raft.server.snapshot.retention.file.num = 5 (custom)
2019-10-10 01:17:54,017 [pool-27-thread-1] INFO  server.RaftServerConfigKeys (ConfUtils.java:logGet(43)) - raft.server.retrycache.expirytime = 600000ms (custom)
2019-10-10 01:17:54,018 [pool-67-thread-1] INFO  server.RaftServerConfigKeys (ConfUtils.java:logGet(43)) - raft.server.retrycache.expirytime = 600000ms (custom)
2019-10-10 01:17:54,018 [pool-47-thread-1] INFO  impl.RaftServerImpl (RaftServerImpl.java:start(181)) - fe8e0d95-22db-4b8a-875e-83bee4d716fb@group-26EF2C0D7090: start as a follower, conf=-1: [4b92f2f8-e489-47a4-a90a-1d3fa2a9a07f:192.168.151.118:35849, 993817e1-c77a-472e-865f-a6e34ffe7967:192.168.151.118:41261, fe8e0d95-22db-4b8a-875e-83bee4d716fb:192.168.151.118:34352], old=null
2019-10-10 01:17:54,018 [pool-47-thread-1] INFO  impl.RaftServerImpl (RaftServerImpl.java:setRole(170)) - fe8e0d95-22db-4b8a-875e-83bee4d716fb@group-26EF2C0D7090: changes role from      null to FOLLOWER at term 0 for startAsFollower
2019-10-10 01:17:54,018 [pool-47-thread-1] INFO  impl.RoleInfo (RoleInfo.java:updateAndGet(143)) - fe8e0d95-22db-4b8a-875e-83bee4d716fb: start FollowerState
2019-10-10 01:17:54,019 [pool-47-thread-1] INFO  util.JmxRegister (JmxRegister.java:tryRegister(44)) - Successfully registered JMX Bean with object name Ratis:service=RaftServer,group=group-26EF2C0D7090,id=fe8e0d95-22db-4b8a-875e-83bee4d716fb
2019-10-10 01:17:54,023 [pool-67-thread-1] INFO  impl.RaftServerImpl (RaftServerImpl.java:start(181)) - 4b92f2f8-e489-47a4-a90a-1d3fa2a9a07f@group-26EF2C0D7090: start as a follower, conf=-1: [4b92f2f8-e489-47a4-a90a-1d3fa2a9a07f:192.168.151.118:35849, 993817e1-c77a-472e-865f-a6e34ffe7967:192.168.151.118:41261, fe8e0d95-22db-4b8a-875e-83bee4d716fb:192.168.151.118:34352], old=null
2019-10-10 01:17:54,023 [pool-27-thread-1] INFO  impl.RaftServerImpl (RaftServerImpl.java:start(181)) - 993817e1-c77a-472e-865f-a6e34ffe7967@group-26EF2C0D7090: start as a follower, conf=-1: [4b92f2f8-e489-47a4-a90a-1d3fa2a9a07f:192.168.151.118:35849, 993817e1-c77a-472e-865f-a6e34ffe7967:192.168.151.118:41261, fe8e0d95-22db-4b8a-875e-83bee4d716fb:192.168.151.118:34352], old=null
2019-10-10 01:17:54,024 [pool-67-thread-1] INFO  impl.RaftServerImpl (RaftServerImpl.java:setRole(170)) - 4b92f2f8-e489-47a4-a90a-1d3fa2a9a07f@group-26EF2C0D7090: changes role from      null to FOLLOWER at term 0 for startAsFollower
2019-10-10 01:17:54,024 [pool-27-thread-1] INFO  impl.RaftServerImpl (RaftServerImpl.java:setRole(170)) - 993817e1-c77a-472e-865f-a6e34ffe7967@group-26EF2C0D7090: changes role from      null to FOLLOWER at term 0 for startAsFollower
2019-10-10 01:17:54,024 [pool-67-thread-1] INFO  impl.RoleInfo (RoleInfo.java:updateAndGet(143)) - 4b92f2f8-e489-47a4-a90a-1d3fa2a9a07f: start FollowerState
2019-10-10 01:17:54,024 [pool-27-thread-1] INFO  impl.RoleInfo (RoleInfo.java:updateAndGet(143)) - 993817e1-c77a-472e-865f-a6e34ffe7967: start FollowerState
2019-10-10 01:17:54,025 [pool-67-thread-1] INFO  util.JmxRegister (JmxRegister.java:tryRegister(44)) - Successfully registered JMX Bean with object name Ratis:service=RaftServer,group=group-26EF2C0D7090,id=4b92f2f8-e489-47a4-a90a-1d3fa2a9a07f
2019-10-10 01:17:54,025 [pool-27-thread-1] INFO  util.JmxRegister (JmxRegister.java:tryRegister(44)) - Successfully registered JMX Bean with object name Ratis:service=RaftServer,group=group-26EF2C0D7090,id=993817e1-c77a-472e-865f-a6e34ffe7967
2019-10-10 01:17:54,038 [RatisPipelineUtilsThread] INFO  pipeline.PipelineStateManager (PipelineStateManager.java:addPipeline(56)) - Created pipeline Pipeline[ Id: 3e797490-415f-4b0a-81f6-26ef2c0d7090, Nodes: 4b92f2f8-e489-47a4-a90a-1d3fa2a9a07f{ip: 192.168.151.118, host: pr-hdds-2194-jqrdw-3579824535, networkLocation: /default-rack, certSerialId: null}fe8e0d95-22db-4b8a-875e-83bee4d716fb{ip: 192.168.151.118, host: pr-hdds-2194-jqrdw-3579824535, networkLocation: /default-rack, certSerialId: null}993817e1-c77a-472e-865f-a6e34ffe7967{ip: 192.168.151.118, host: pr-hdds-2194-jqrdw-3579824535, networkLocation: /default-rack, certSerialId: null}, Type:RATIS, Factor:THREE, State:OPEN]
 0.00% |█                                                                                                    |  0/1 Time: 0:02:00 0.00% |█                                                                                                    |  0/1 Time: 0:02:012019-10-10 01:17:55,688 [java.util.concurrent.ThreadPoolExecutor$Worker@6a1b183d[State = -1, empty queue]] ERROR client.GrpcClientProtocolClient (GrpcClientProtocolClient.java:close(148)) - Unexpected exception while waiting for channel termination
java.lang.InterruptedException
	at java.util.concurrent.locks.AbstractQueuedSynchronizer.tryAcquireSharedNanos(AbstractQueuedSynchronizer.java:1326)
	at java.util.concurrent.CountDownLatch.await(CountDownLatch.java:277)
	at org.apache.ratis.thirdparty.io.grpc.internal.ManagedChannelImpl.awaitTermination(ManagedChannelImpl.java:763)
	at org.apache.ratis.thirdparty.io.grpc.internal.ForwardingManagedChannel.awaitTermination(ForwardingManagedChannel.java:57)
	at org.apache.ratis.thirdparty.io.grpc.internal.ManagedChannelOrphanWrapper.awaitTermination(ManagedChannelOrphanWrapper.java:70)
	at org.apache.ratis.grpc.client.GrpcClientProtocolClient.close(GrpcClientProtocolClient.java:146)
	at org.apache.ratis.util.PeerProxyMap$PeerAndProxy.lambda$close$1(PeerProxyMap.java:74)
	at org.apache.ratis.util.LifeCycle.lambda$checkStateAndClose$2(LifeCycle.java:231)
	at org.apache.ratis.util.LifeCycle.checkStateAndClose(LifeCycle.java:251)
	at org.apache.ratis.util.LifeCycle.checkStateAndClose(LifeCycle.java:229)
	at org.apache.ratis.util.PeerProxyMap$PeerAndProxy.close(PeerProxyMap.java:70)
	at org.apache.ratis.util.PeerProxyMap.resetProxy(PeerProxyMap.java:127)
	at org.apache.ratis.util.PeerProxyMap.handleException(PeerProxyMap.java:136)
	at org.apache.ratis.client.impl.RaftClientRpcWithProxy.handleException(RaftClientRpcWithProxy.java:47)
	at org.apache.ratis.client.impl.RaftClientImpl.handleIOException(RaftClientImpl.java:372)
	at org.apache.ratis.client.impl.OrderedAsync.lambda$sendRequest$10(OrderedAsync.java:236)
	at java.util.concurrent.CompletableFuture.uniExceptionally(CompletableFuture.java:870)
	at java.util.concurrent.CompletableFuture$UniExceptionally.tryFire(CompletableFuture.java:852)
	at java.util.concurrent.CompletableFuture.postComplete(CompletableFuture.java:474)
	at java.util.concurrent.CompletableFuture.completeExceptionally(CompletableFuture.java:1977)
	at org.apache.ratis.grpc.client.GrpcClientProtocolClient$AsyncStreamObservers.lambda$timeoutCheck$3(GrpcClientProtocolClient.java:324)
	at java.util.Optional.ifPresent(Optional.java:159)
	at org.apache.ratis.grpc.client.GrpcClientProtocolClient$AsyncStreamObservers.handleReplyFuture(GrpcClientProtocolClient.java:329)
	at org.apache.ratis.grpc.client.GrpcClientProtocolClient$AsyncStreamObservers.timeoutCheck(GrpcClientProtocolClient.java:324)
	at org.apache.ratis.grpc.client.GrpcClientProtocolClient$AsyncStreamObservers.lambda$onNext$1(GrpcClientProtocolClient.java:318)
	at org.apache.ratis.util.TimeoutScheduler.lambda$onTimeout$0(TimeoutScheduler.java:113)
	at org.apache.ratis.util.TimeoutScheduler.lambda$onTimeout$1(TimeoutScheduler.java:133)
	at org.apache.ratis.util.LogUtils.runAndLog(LogUtils.java:50)
	at org.apache.ratis.util.LogUtils$1.run(LogUtils.java:91)
	at java.util.concurrent.Executors$RunnableAdapter.call(Executors.java:511)
	at java.util.concurrent.FutureTask.run(FutureTask.java:266)
	at java.util.concurrent.ScheduledThreadPoolExecutor$ScheduledFutureTask.access$201(ScheduledThreadPoolExecutor.java:180)
	at java.util.concurrent.ScheduledThreadPoolExecutor$ScheduledFutureTask.run(ScheduledThreadPoolExecutor.java:293)
	at java.util.concurrent.ThreadPoolExecutor.runWorker(ThreadPoolExecutor.java:1149)
	at java.util.concurrent.ThreadPoolExecutor$Worker.run(ThreadPoolExecutor.java:624)
	at java.lang.Thread.run(Thread.java:748)
2019-10-10 01:17:55,691 [java.util.concurrent.ThreadPoolExecutor$Worker@6a1b183d[State = -1, empty queue]] WARN  util.TimeoutScheduler (LogUtils.java:runAndLog(55)) - Failed to task #0: java.lang.NullPointerException
 0.00% |█                                                                                                    |  0/1 Time: 0:02:02 0.00% |█                                                                                                    |  0/1 Time: 0:02:03 0.00% |█                                                                                                    |  0/1 Time: 0:02:042019-10-10 01:17:59,042 [Thread-511] INFO  impl.FollowerState (FollowerState.java:run(108)) - 4b92f2f8-e489-47a4-a90a-1d3fa2a9a07f@group-26EF2C0D7090-FollowerState: change to CANDIDATE, lastRpcTime:5017ms, electionTimeout:5017ms
2019-10-10 01:17:59,049 [Thread-511] INFO  impl.RoleInfo (RoleInfo.java:shutdownFollowerState(121)) - 4b92f2f8-e489-47a4-a90a-1d3fa2a9a07f: shutdown FollowerState
2019-10-10 01:17:59,050 [Thread-511] INFO  impl.RaftServerImpl (RaftServerImpl.java:setRole(170)) - 4b92f2f8-e489-47a4-a90a-1d3fa2a9a07f@group-26EF2C0D7090: changes role from  FOLLOWER to CANDIDATE at term 0 for changeToCandidate
2019-10-10 01:17:59,050 [Thread-511] INFO  impl.RoleInfo (RoleInfo.java:updateAndGet(143)) - 4b92f2f8-e489-47a4-a90a-1d3fa2a9a07f: start LeaderElection
2019-10-10 01:17:59,069 [4b92f2f8-e489-47a4-a90a-1d3fa2a9a07f@group-26EF2C0D7090-LeaderElection9] INFO  impl.LeaderElection (LeaderElection.java:askForVotes(178)) - 4b92f2f8-e489-47a4-a90a-1d3fa2a9a07f@group-26EF2C0D7090-LeaderElection9: begin an election at term 1 for -1: [4b92f2f8-e489-47a4-a90a-1d3fa2a9a07f:192.168.151.118:35849, 993817e1-c77a-472e-865f-a6e34ffe7967:192.168.151.118:41261, fe8e0d95-22db-4b8a-875e-83bee4d716fb:192.168.151.118:34352], old=null
2019-10-10 01:17:59,076 [Thread-512] INFO  impl.FollowerState (FollowerState.java:run(108)) - 993817e1-c77a-472e-865f-a6e34ffe7967@group-26EF2C0D7090-FollowerState: change to CANDIDATE, lastRpcTime:5052ms, electionTimeout:5050ms
2019-10-10 01:17:59,078 [grpc-default-executor-0] INFO  impl.RaftServerImpl (RaftServerImpl.java:setRole(170)) - fe8e0d95-22db-4b8a-875e-83bee4d716fb@group-26EF2C0D7090: changes role from  FOLLOWER to FOLLOWER at term 1 for recognizeCandidate:4b92f2f8-e489-47a4-a90a-1d3fa2a9a07f
2019-10-10 01:17:59,078 [Thread-512] INFO  impl.RoleInfo (RoleInfo.java:shutdownFollowerState(121)) - 993817e1-c77a-472e-865f-a6e34ffe7967: shutdown FollowerState
2019-10-10 01:17:59,078 [grpc-default-executor-0] INFO  impl.RoleInfo (RoleInfo.java:shutdownFollowerState(121)) - fe8e0d95-22db-4b8a-875e-83bee4d716fb: shutdown FollowerState
2019-10-10 01:17:59,078 [Thread-512] INFO  impl.RaftServerImpl (RaftServerImpl.java:setRole(170)) - 993817e1-c77a-472e-865f-a6e34ffe7967@group-26EF2C0D7090: changes role from  FOLLOWER to CANDIDATE at term 0 for changeToCandidate
2019-10-10 01:17:59,079 [grpc-default-executor-0] INFO  impl.RoleInfo (RoleInfo.java:updateAndGet(143)) - fe8e0d95-22db-4b8a-875e-83bee4d716fb: start FollowerState
2019-10-10 01:17:59,079 [Thread-512] INFO  impl.RoleInfo (RoleInfo.java:updateAndGet(143)) - 993817e1-c77a-472e-865f-a6e34ffe7967: start LeaderElection
2019-10-10 01:17:59,079 [Thread-509] INFO  impl.FollowerState (FollowerState.java:run(117)) - fe8e0d95-22db-4b8a-875e-83bee4d716fb@group-26EF2C0D7090-FollowerState was interrupted: java.lang.InterruptedException: sleep interrupted
2019-10-10 01:17:59,082 [grpc-default-executor-3] INFO  impl.RaftServerImpl (RaftServerImpl.java:setRole(170)) - 993817e1-c77a-472e-865f-a6e34ffe7967@group-26EF2C0D7090: changes role from CANDIDATE to FOLLOWER at term 1 for recognizeCandidate:4b92f2f8-e489-47a4-a90a-1d3fa2a9a07f
2019-10-10 01:17:59,082 [grpc-default-executor-3] INFO  impl.RoleInfo (RoleInfo.java:shutdownLeaderElection(134)) - 993817e1-c77a-472e-865f-a6e34ffe7967: shutdown LeaderElection
2019-10-10 01:17:59,082 [grpc-default-executor-3] INFO  impl.RoleInfo (RoleInfo.java:updateAndGet(143)) - 993817e1-c77a-472e-865f-a6e34ffe7967: start FollowerState
2019-10-10 01:17:59,097 [4b92f2f8-e489-47a4-a90a-1d3fa2a9a07f@group-26EF2C0D7090-LeaderElection9] INFO  impl.LeaderElection (LeaderElection.java:logAndReturn(56)) - 4b92f2f8-e489-47a4-a90a-1d3fa2a9a07f@group-26EF2C0D7090-LeaderElection9: Election PASSED; received 1 response(s) [4b92f2f8-e489-47a4-a90a-1d3fa2a9a07f<-fe8e0d95-22db-4b8a-875e-83bee4d716fb#0:OK-t1] and 0 exception(s); 4b92f2f8-e489-47a4-a90a-1d3fa2a9a07f@group-26EF2C0D7090:t1, leader=null, voted=4b92f2f8-e489-47a4-a90a-1d3fa2a9a07f, raftlog=4b92f2f8-e489-47a4-a90a-1d3fa2a9a07f@group-26EF2C0D7090-SegmentedRaftLog:OPENED:c-1,f-1,i0, conf=-1: [4b92f2f8-e489-47a4-a90a-1d3fa2a9a07f:192.168.151.118:35849, 993817e1-c77a-472e-865f-a6e34ffe7967:192.168.151.118:41261, fe8e0d95-22db-4b8a-875e-83bee4d716fb:192.168.151.118:34352], old=null
2019-10-10 01:17:59,097 [4b92f2f8-e489-47a4-a90a-1d3fa2a9a07f@group-26EF2C0D7090-LeaderElection9] INFO  impl.RoleInfo (RoleInfo.java:shutdownLeaderElection(134)) - 4b92f2f8-e489-47a4-a90a-1d3fa2a9a07f: shutdown LeaderElection
2019-10-10 01:17:59,098 [4b92f2f8-e489-47a4-a90a-1d3fa2a9a07f@group-26EF2C0D7090-LeaderElection9] INFO  impl.RaftServerImpl (RaftServerImpl.java:setRole(170)) - 4b92f2f8-e489-47a4-a90a-1d3fa2a9a07f@group-26EF2C0D7090: changes role from CANDIDATE to LEADER at term 1 for changeToLeader
2019-10-10 01:17:59,099 [4b92f2f8-e489-47a4-a90a-1d3fa2a9a07f@group-26EF2C0D7090-LeaderElection9] INFO  impl.RaftServerImpl (ServerState.java:setLeader(255)) - 4b92f2f8-e489-47a4-a90a-1d3fa2a9a07f@group-26EF2C0D7090: change Leader from null to 4b92f2f8-e489-47a4-a90a-1d3fa2a9a07f at term 1 for becomeLeader, leader elected after 5091ms
2019-10-10 01:17:59,099 [4b92f2f8-e489-47a4-a90a-1d3fa2a9a07f@group-26EF2C0D7090-LeaderElection9] INFO  server.RaftServerConfigKeys (ConfUtils.java:logGet(43)) - raft.server.staging.catchup.gap = 1000 (default)
2019-10-10 01:17:59,099 [4b92f2f8-e489-47a4-a90a-1d3fa2a9a07f@group-26EF2C0D7090-LeaderElection9] INFO  server.RaftServerConfigKeys (ConfUtils.java:logGet(43)) - raft.server.rpc.sleep.time = 25ms (default)
2019-10-10 01:17:59,100 [4b92f2f8-e489-47a4-a90a-1d3fa2a9a07f@group-26EF2C0D7090-LeaderElection9] INFO  server.RaftServerConfigKeys (ConfUtils.java:logGet(43)) - raft.server.write.element-limit = 4096 (default)
2019-10-10 01:17:59,100 [4b92f2f8-e489-47a4-a90a-1d3fa2a9a07f@group-26EF2C0D7090-LeaderElection9] INFO  server.RaftServerConfigKeys (ConfUtils.java:logGet(43)) - raft.server.watch.timeout = 10s (default)
2019-10-10 01:17:59,100 [4b92f2f8-e489-47a4-a90a-1d3fa2a9a07f@group-26EF2C0D7090-LeaderElection9] INFO  server.RaftServerConfigKeys (ConfUtils.java:logGet(43)) - raft.server.watch.timeout.denomination = 1s (default)
2019-10-10 01:17:59,100 [4b92f2f8-e489-47a4-a90a-1d3fa2a9a07f@group-26EF2C0D7090-LeaderElection9] INFO  server.RaftServerConfigKeys (ConfUtils.java:logGet(43)) - raft.server.watch.element-limit = 65536 (default)
2019-10-10 01:17:59,104 [4b92f2f8-e489-47a4-a90a-1d3fa2a9a07f@group-26EF2C0D7090-LeaderElection9] INFO  server.RaftServerConfigKeys (ConfUtils.java:logGet(43)) - raft.server.log.appender.snapshot.chunk.size.max = 16MB (=16777216) (default)
2019-10-10 01:17:59,104 [4b92f2f8-e489-47a4-a90a-1d3fa2a9a07f@group-26EF2C0D7090-LeaderElection9] INFO  server.RaftServerConfigKeys (ConfUtils.java:logGet(43)) - raft.server.log.appender.buffer.byte-limit = 33554432 (custom)
2019-10-10 01:17:59,104 [4b92f2f8-e489-47a4-a90a-1d3fa2a9a07f@group-26EF2C0D7090-LeaderElection9] INFO  server.RaftServerConfigKeys (ConfUtils.java:logGet(43)) - raft.server.log.appender.buffer.element-limit = 1 (custom)
2019-10-10 01:17:59,104 [4b92f2f8-e489-47a4-a90a-1d3fa2a9a07f@group-26EF2C0D7090-LeaderElection9] INFO  grpc.GrpcConfigKeys$Server (ConfUtils.java:logGet(43)) - raft.grpc.server.leader.outstanding.appends.max = 128 (default)
2019-10-10 01:17:59,104 [4b92f2f8-e489-47a4-a90a-1d3fa2a9a07f@group-26EF2C0D7090-LeaderElection9] INFO  server.RaftServerConfigKeys (ConfUtils.java:logGet(43)) - raft.server.rpc.request.timeout = 3000ms (default)
2019-10-10 01:17:59,104 [4b92f2f8-e489-47a4-a90a-1d3fa2a9a07f@group-26EF2C0D7090-LeaderElection9] INFO  server.RaftServerConfigKeys (ConfUtils.java:logGet(43)) - raft.server.log.appender.install.snapshot.enabled = false (custom)
2019-10-10 01:17:59,104 [4b92f2f8-e489-47a4-a90a-1d3fa2a9a07f@group-26EF2C0D7090-LeaderElection9] INFO  server.RaftServerConfigKeys (ConfUtils.java:logGet(43)) - raft.server.log.appender.snapshot.chunk.size.max = 16MB (=16777216) (default)
2019-10-10 01:17:59,105 [4b92f2f8-e489-47a4-a90a-1d3fa2a9a07f@group-26EF2C0D7090-LeaderElection9] INFO  server.RaftServerConfigKeys (ConfUtils.java:logGet(43)) - raft.server.log.appender.buffer.byte-limit = 33554432 (custom)
2019-10-10 01:17:59,105 [4b92f2f8-e489-47a4-a90a-1d3fa2a9a07f@group-26EF2C0D7090-LeaderElection9] INFO  server.RaftServerConfigKeys (ConfUtils.java:logGet(43)) - raft.server.log.appender.buffer.element-limit = 1 (custom)
2019-10-10 01:17:59,105 [4b92f2f8-e489-47a4-a90a-1d3fa2a9a07f@group-26EF2C0D7090-LeaderElection9] INFO  grpc.GrpcConfigKeys$Server (ConfUtils.java:logGet(43)) - raft.grpc.server.leader.outstanding.appends.max = 128 (default)
2019-10-10 01:17:59,105 [4b92f2f8-e489-47a4-a90a-1d3fa2a9a07f@group-26EF2C0D7090-LeaderElection9] INFO  server.RaftServerConfigKeys (ConfUtils.java:logGet(43)) - raft.server.rpc.request.timeout = 3000ms (default)
2019-10-10 01:17:59,105 [4b92f2f8-e489-47a4-a90a-1d3fa2a9a07f@group-26EF2C0D7090-LeaderElection9] INFO  server.RaftServerConfigKeys (ConfUtils.java:logGet(43)) - raft.server.log.appender.install.snapshot.enabled = false (custom)
2019-10-10 01:17:59,105 [4b92f2f8-e489-47a4-a90a-1d3fa2a9a07f@group-26EF2C0D7090-LeaderElection9] INFO  impl.RoleInfo (RoleInfo.java:updateAndGet(143)) - 4b92f2f8-e489-47a4-a90a-1d3fa2a9a07f: start LeaderState
2019-10-10 01:17:59,106 [4b92f2f8-e489-47a4-a90a-1d3fa2a9a07f@group-26EF2C0D7090-LeaderElection9] INFO  segmented.SegmentedRaftLogWorker (SegmentedRaftLogWorker.java:startLogSegment(385)) - 4b92f2f8-e489-47a4-a90a-1d3fa2a9a07f@group-26EF2C0D7090-SegmentedRaftLogWorker: Starting segment from index:0
2019-10-10 01:17:59,107 [4b92f2f8-e489-47a4-a90a-1d3fa2a9a07f@group-26EF2C0D7090-LeaderElection9] INFO  impl.RaftServerImpl (ServerState.java:setRaftConf(356)) - 4b92f2f8-e489-47a4-a90a-1d3fa2a9a07f@group-26EF2C0D7090: set configuration 0: [4b92f2f8-e489-47a4-a90a-1d3fa2a9a07f:192.168.151.118:35849, 993817e1-c77a-472e-865f-a6e34ffe7967:192.168.151.118:41261, fe8e0d95-22db-4b8a-875e-83bee4d716fb:192.168.151.118:34352], old=null at 0
2019-10-10 01:17:59,132 [993817e1-c77a-472e-865f-a6e34ffe7967@group-26EF2C0D7090-LeaderElection10] INFO  impl.LeaderElection (LeaderElection.java:askForVotes(178)) - 993817e1-c77a-472e-865f-a6e34ffe7967@group-26EF2C0D7090-LeaderElection10: begin an election at term 2 for -1: [4b92f2f8-e489-47a4-a90a-1d3fa2a9a07f:192.168.151.118:35849, 993817e1-c77a-472e-865f-a6e34ffe7967:192.168.151.118:41261, fe8e0d95-22db-4b8a-875e-83bee4d716fb:192.168.151.118:34352], old=null
2019-10-10 01:17:59,133 [993817e1-c77a-472e-865f-a6e34ffe7967@group-26EF2C0D7090-LeaderElection10] INFO  impl.LeaderElection (LeaderElection.java:logAndReturn(56)) - 993817e1-c77a-472e-865f-a6e34ffe7967@group-26EF2C0D7090-LeaderElection10: Election REJECTED; received 0 response(s) [] and 0 exception(s); 993817e1-c77a-472e-865f-a6e34ffe7967@group-26EF2C0D7090:t2, leader=null, voted=993817e1-c77a-472e-865f-a6e34ffe7967, raftlog=993817e1-c77a-472e-865f-a6e34ffe7967@group-26EF2C0D7090-SegmentedRaftLog:OPENED:c-1,f-1,i0, conf=-1: [4b92f2f8-e489-47a4-a90a-1d3fa2a9a07f:192.168.151.118:35849, 993817e1-c77a-472e-865f-a6e34ffe7967:192.168.151.118:41261, fe8e0d95-22db-4b8a-875e-83bee4d716fb:192.168.151.118:34352], old=null
2019-10-10 01:17:59,137 [grpc-default-executor-3] INFO  impl.RaftServerImpl (ServerState.java:setLeader(255)) - 4b92f2f8-e489-47a4-a90a-1d3fa2a9a07f@group-26EF2C0D7090: change Leader from 4b92f2f8-e489-47a4-a90a-1d3fa2a9a07f to null at term 2 for updateCurrentTerm
2019-10-10 01:17:59,137 [grpc-default-executor-0] INFO  impl.RaftServerImpl (ServerState.java:setLeader(255)) - fe8e0d95-22db-4b8a-875e-83bee4d716fb@group-26EF2C0D7090: change Leader from null to 4b92f2f8-e489-47a4-a90a-1d3fa2a9a07f at term 1 for appendEntries, leader elected after 5129ms
2019-10-10 01:17:59,138 [grpc-default-executor-3] INFO  impl.RaftServerImpl (RaftServerImpl.java:setRole(170)) - 4b92f2f8-e489-47a4-a90a-1d3fa2a9a07f@group-26EF2C0D7090: changes role from    LEADER to FOLLOWER at term 2 for recognizeCandidate:993817e1-c77a-472e-865f-a6e34ffe7967
2019-10-10 01:17:59,141 [grpc-default-executor-1] INFO  impl.RaftServerImpl (ServerState.java:setLeader(255)) - fe8e0d95-22db-4b8a-875e-83bee4d716fb@group-26EF2C0D7090: change Leader from 4b92f2f8-e489-47a4-a90a-1d3fa2a9a07f to null at term 2 for updateCurrentTerm
2019-10-10 01:17:59,141 [grpc-default-executor-3] INFO  impl.RoleInfo (RoleInfo.java:shutdownLeaderState(104)) - 4b92f2f8-e489-47a4-a90a-1d3fa2a9a07f: shutdown LeaderState
2019-10-10 01:17:59,141 [grpc-default-executor-1] INFO  impl.RaftServerImpl (RaftServerImpl.java:setRole(170)) - fe8e0d95-22db-4b8a-875e-83bee4d716fb@group-26EF2C0D7090: changes role from  FOLLOWER to FOLLOWER at term 2 for recognizeCandidate:993817e1-c77a-472e-865f-a6e34ffe7967
2019-10-10 01:17:59,143 [org.apache.ratis.server.impl.LogAppender$AppenderDaemon$$Lambda$531/757553893@42e7766a] WARN  server.GrpcLogAppender (GrpcLogAppender.java:mayWait(143)) - 4b92f2f8-e489-47a4-a90a-1d3fa2a9a07f@group-26EF2C0D7090->fe8e0d95-22db-4b8a-875e-83bee4d716fb-GrpcLogAppender: Wait interrupted by java.lang.InterruptedException
2019-10-10 01:17:59,143 [grpc-default-executor-1] INFO  impl.RoleInfo (RoleInfo.java:shutdownFollowerState(121)) - fe8e0d95-22db-4b8a-875e-83bee4d716fb: shutdown FollowerState
2019-10-10 01:17:59,143 [grpc-default-executor-3] INFO  impl.PendingRequests (PendingRequests.java:sendNotLeaderResponses(202)) - 4b92f2f8-e489-47a4-a90a-1d3fa2a9a07f@group-26EF2C0D7090-PendingRequests: sendNotLeaderResponses
2019-10-10 01:17:59,146 [grpc-default-executor-0] INFO  server.GrpcServerProtocolService (GrpcServerProtocolService.java:onCompleted(113)) - fe8e0d95-22db-4b8a-875e-83bee4d716fb: Completed APPEND_ENTRIES, lastRequest: 4b92f2f8-e489-47a4-a90a-1d3fa2a9a07f->fe8e0d95-22db-4b8a-875e-83bee4d716fb#0-t1, previous=(t:0, i:0), leaderCommit=-1, initializing? false, entries: <empty>
2019-10-10 01:17:59,146 [Thread-525] INFO  impl.FollowerState (FollowerState.java:run(117)) - fe8e0d95-22db-4b8a-875e-83bee4d716fb@group-26EF2C0D7090-FollowerState was interrupted: java.lang.InterruptedException: sleep interrupted
2019-10-10 01:17:59,146 [grpc-default-executor-1] INFO  impl.RoleInfo (RoleInfo.java:updateAndGet(143)) - fe8e0d95-22db-4b8a-875e-83bee4d716fb: start FollowerState
2019-10-10 01:17:59,144 [org.apache.ratis.server.impl.LogAppender$AppenderDaemon$$Lambda$531/757553893@6dbb564e] WARN  server.GrpcLogAppender (GrpcLogAppender.java:mayWait(143)) - 4b92f2f8-e489-47a4-a90a-1d3fa2a9a07f@group-26EF2C0D7090->993817e1-c77a-472e-865f-a6e34ffe7967-GrpcLogAppender: Wait interrupted by java.lang.InterruptedException
2019-10-10 01:17:59,148 [grpc-default-executor-0] INFO  server.GrpcLogAppender (GrpcLogAppender.java:onCompleted(293)) - 4b92f2f8-e489-47a4-a90a-1d3fa2a9a07f@group-26EF2C0D7090->fe8e0d95-22db-4b8a-875e-83bee4d716fb-AppendLogResponseHandler: follower responses appendEntries COMPLETED
2019-10-10 01:17:59,146 [grpc-default-executor-3] INFO  impl.RoleInfo (RoleInfo.java:updateAndGet(143)) - 4b92f2f8-e489-47a4-a90a-1d3fa2a9a07f: start FollowerState
2019-10-10 01:17:59,150 [grpc-default-executor-4] INFO  server.GrpcServerProtocolService (GrpcServerProtocolService.java:onCompleted(113)) - 993817e1-c77a-472e-865f-a6e34ffe7967: Completed APPEND_ENTRIES, lastRequest: 4b92f2f8-e489-47a4-a90a-1d3fa2a9a07f->993817e1-c77a-472e-865f-a6e34ffe7967#0-t1, previous=(t:0, i:0), leaderCommit=-1, initializing? false, entries: <empty>
2019-10-10 01:17:59,156 [4b92f2f8-e489-47a4-a90a-1d3fa2a9a07f@group-26EF2C0D7090-SegmentedRaftLogWorker] INFO  segmented.SegmentedRaftLogWorker (SegmentedRaftLogWorker.java:execute(574)) - 4b92f2f8-e489-47a4-a90a-1d3fa2a9a07f@group-26EF2C0D7090-SegmentedRaftLogWorker: created new log segment /workdir/hadoop-ozone/tools/target/test-dir/MiniOzoneClusterImpl-1e8b0e80-279c-49c4-ae13-42ed318b6149/datanode-4/data/ratis/3e797490-415f-4b0a-81f6-26ef2c0d7090/current/log_inprogress_0
2019-10-10 01:17:59,158 [grpc-default-executor-2] INFO  server.GrpcLogAppender (GrpcLogAppender.java:onCompleted(293)) - 4b92f2f8-e489-47a4-a90a-1d3fa2a9a07f@group-26EF2C0D7090->993817e1-c77a-472e-865f-a6e34ffe7967-AppendLogResponseHandler: follower responses appendEntries COMPLETED
 0.00% |█                                                                                                    |  0/1 Time: 0:02:052019-10-10 01:17:59,735 [java.util.concurrent.ThreadPoolExecutor$Worker@3410ebc4[State = -1, empty queue]] ERROR client.GrpcClientProtocolClient (GrpcClientProtocolClient.java:close(148)) - Unexpected exception while waiting for channel termination
java.lang.InterruptedException
	at java.util.concurrent.locks.AbstractQueuedSynchronizer.tryAcquireSharedNanos(AbstractQueuedSynchronizer.java:1326)
	at java.util.concurrent.CountDownLatch.await(CountDownLatch.java:277)
	at org.apache.ratis.thirdparty.io.grpc.internal.ManagedChannelImpl.awaitTermination(ManagedChannelImpl.java:763)
	at org.apache.ratis.thirdparty.io.grpc.internal.ForwardingManagedChannel.awaitTermination(ForwardingManagedChannel.java:57)
	at org.apache.ratis.thirdparty.io.grpc.internal.ManagedChannelOrphanWrapper.awaitTermination(ManagedChannelOrphanWrapper.java:70)
	at org.apache.ratis.grpc.client.GrpcClientProtocolClient.close(GrpcClientProtocolClient.java:146)
	at org.apache.ratis.util.PeerProxyMap$PeerAndProxy.lambda$close$1(PeerProxyMap.java:74)
	at org.apache.ratis.util.LifeCycle.lambda$checkStateAndClose$2(LifeCycle.java:231)
	at org.apache.ratis.util.LifeCycle.checkStateAndClose(LifeCycle.java:251)
	at org.apache.ratis.util.LifeCycle.checkStateAndClose(LifeCycle.java:229)
	at org.apache.ratis.util.PeerProxyMap$PeerAndProxy.close(PeerProxyMap.java:70)
	at org.apache.ratis.util.PeerProxyMap.resetProxy(PeerProxyMap.java:127)
	at org.apache.ratis.util.PeerProxyMap.handleException(PeerProxyMap.java:136)
	at org.apache.ratis.client.impl.RaftClientRpcWithProxy.handleException(RaftClientRpcWithProxy.java:47)
	at org.apache.ratis.client.impl.RaftClientImpl.handleIOException(RaftClientImpl.java:372)
	at org.apache.ratis.client.impl.OrderedAsync.lambda$sendRequest$10(OrderedAsync.java:236)
	at java.util.concurrent.CompletableFuture.uniExceptionally(CompletableFuture.java:870)
	at java.util.concurrent.CompletableFuture$UniExceptionally.tryFire(CompletableFuture.java:852)
	at java.util.concurrent.CompletableFuture.postComplete(CompletableFuture.java:474)
	at java.util.concurrent.CompletableFuture.completeExceptionally(CompletableFuture.java:1977)
	at org.apache.ratis.grpc.client.GrpcClientProtocolClient$AsyncStreamObservers.lambda$timeoutCheck$3(GrpcClientProtocolClient.java:324)
	at java.util.Optional.ifPresent(Optional.java:159)
	at org.apache.ratis.grpc.client.GrpcClientProtocolClient$AsyncStreamObservers.handleReplyFuture(GrpcClientProtocolClient.java:329)
	at org.apache.ratis.grpc.client.GrpcClientProtocolClient$AsyncStreamObservers.timeoutCheck(GrpcClientProtocolClient.java:324)
	at org.apache.ratis.grpc.client.GrpcClientProtocolClient$AsyncStreamObservers.lambda$onNext$1(GrpcClientProtocolClient.java:318)
	at org.apache.ratis.util.TimeoutScheduler.lambda$onTimeout$0(TimeoutScheduler.java:113)
	at org.apache.ratis.util.TimeoutScheduler.lambda$onTimeout$1(TimeoutScheduler.java:133)
	at org.apache.ratis.util.LogUtils.runAndLog(LogUtils.java:50)
	at org.apache.ratis.util.LogUtils$1.run(LogUtils.java:91)
	at java.util.concurrent.Executors$RunnableAdapter.call(Executors.java:511)
	at java.util.concurrent.FutureTask.run(FutureTask.java:266)
	at java.util.concurrent.ScheduledThreadPoolExecutor$ScheduledFutureTask.access$201(ScheduledThreadPoolExecutor.java:180)
	at java.util.concurrent.ScheduledThreadPoolExecutor$ScheduledFutureTask.run(ScheduledThreadPoolExecutor.java:293)
	at java.util.concurrent.ThreadPoolExecutor.runWorker(ThreadPoolExecutor.java:1149)
	at java.util.concurrent.ThreadPoolExecutor$Worker.run(ThreadPoolExecutor.java:624)
	at java.lang.Thread.run(Thread.java:748)
2019-10-10 01:17:59,738 [java.util.concurrent.ThreadPoolExecutor$Worker@3410ebc4[State = -1, empty queue]] WARN  util.TimeoutScheduler (LogUtils.java:runAndLog(55)) - Failed to task #0: java.lang.NullPointerException
 0.00% |█                                                                                                    |  0/1 Time: 0:02:06 0.00% |█                                                                                                    |  0/1 Time: 0:02:072019-10-10 01:18:02,138 [java.util.concurrent.ThreadPoolExecutor$Worker@45259d62[State = -1, empty queue]] WARN  server.GrpcLogAppender (GrpcLogAppender.java:timeoutAppendRequest(200)) - 4b92f2f8-e489-47a4-a90a-1d3fa2a9a07f@group-26EF2C0D7090->fe8e0d95-22db-4b8a-875e-83bee4d716fb-GrpcLogAppender: appendEntries Timeout, request=4b92f2f8-e489-47a4-a90a-1d3fa2a9a07f->fe8e0d95-22db-4b8a-875e-83bee4d716fb#0-t1, previous=(t:0, i:0), leaderCommit=-1, initializing? false, entries: <empty>
 0.00% |█                                                                                                    |  0/1 Time: 0:02:08 0.00% |█                                                                                                    |  0/1 Time: 0:02:092019-10-10 01:18:03,780 [java.util.concurrent.ThreadPoolExecutor$Worker@4d1d0cd5[State = -1, empty queue]] ERROR client.GrpcClientProtocolClient (GrpcClientProtocolClient.java:close(148)) - Unexpected exception while waiting for channel termination
java.lang.InterruptedException
	at java.util.concurrent.locks.AbstractQueuedSynchronizer.tryAcquireSharedNanos(AbstractQueuedSynchronizer.java:1326)
	at java.util.concurrent.CountDownLatch.await(CountDownLatch.java:277)
	at org.apache.ratis.thirdparty.io.grpc.internal.ManagedChannelImpl.awaitTermination(ManagedChannelImpl.java:763)
	at org.apache.ratis.thirdparty.io.grpc.internal.ForwardingManagedChannel.awaitTermination(ForwardingManagedChannel.java:57)
	at org.apache.ratis.thirdparty.io.grpc.internal.ManagedChannelOrphanWrapper.awaitTermination(ManagedChannelOrphanWrapper.java:70)
	at org.apache.ratis.grpc.client.GrpcClientProtocolClient.close(GrpcClientProtocolClient.java:146)
	at org.apache.ratis.util.PeerProxyMap$PeerAndProxy.lambda$close$1(PeerProxyMap.java:74)
	at org.apache.ratis.util.LifeCycle.lambda$checkStateAndClose$2(LifeCycle.java:231)
	at org.apache.ratis.util.LifeCycle.checkStateAndClose(LifeCycle.java:251)
	at org.apache.ratis.util.LifeCycle.checkStateAndClose(LifeCycle.java:229)
	at org.apache.ratis.util.PeerProxyMap$PeerAndProxy.close(PeerProxyMap.java:70)
	at org.apache.ratis.util.PeerProxyMap.resetProxy(PeerProxyMap.java:127)
	at org.apache.ratis.util.PeerProxyMap.handleException(PeerProxyMap.java:136)
	at org.apache.ratis.client.impl.RaftClientRpcWithProxy.handleException(RaftClientRpcWithProxy.java:47)
	at org.apache.ratis.client.impl.RaftClientImpl.handleIOException(RaftClientImpl.java:372)
	at org.apache.ratis.client.impl.OrderedAsync.lambda$sendRequest$10(OrderedAsync.java:236)
	at java.util.concurrent.CompletableFuture.uniExceptionally(CompletableFuture.java:870)
	at java.util.concurrent.CompletableFuture$UniExceptionally.tryFire(CompletableFuture.java:852)
	at java.util.concurrent.CompletableFuture.postComplete(CompletableFuture.java:474)
	at java.util.concurrent.CompletableFuture.completeExceptionally(CompletableFuture.java:1977)
	at org.apache.ratis.grpc.client.GrpcClientProtocolClient$AsyncStreamObservers.lambda$timeoutCheck$3(GrpcClientProtocolClient.java:324)
	at java.util.Optional.ifPresent(Optional.java:159)
	at org.apache.ratis.grpc.client.GrpcClientProtocolClient$AsyncStreamObservers.handleReplyFuture(GrpcClientProtocolClient.java:329)
	at org.apache.ratis.grpc.client.GrpcClientProtocolClient$AsyncStreamObservers.timeoutCheck(GrpcClientProtocolClient.java:324)
	at org.apache.ratis.grpc.client.GrpcClientProtocolClient$AsyncStreamObservers.lambda$onNext$1(GrpcClientProtocolClient.java:318)
	at org.apache.ratis.util.TimeoutScheduler.lambda$onTimeout$0(TimeoutScheduler.java:113)
	at org.apache.ratis.util.TimeoutScheduler.lambda$onTimeout$1(TimeoutScheduler.java:133)
	at org.apache.ratis.util.LogUtils.runAndLog(LogUtils.java:50)
	at org.apache.ratis.util.LogUtils$1.run(LogUtils.java:91)
	at java.util.concurrent.Executors$RunnableAdapter.call(Executors.java:511)
	at java.util.concurrent.FutureTask.run(FutureTask.java:266)
	at java.util.concurrent.ScheduledThreadPoolExecutor$ScheduledFutureTask.access$201(ScheduledThreadPoolExecutor.java:180)
	at java.util.concurrent.ScheduledThreadPoolExecutor$ScheduledFutureTask.run(ScheduledThreadPoolExecutor.java:293)
	at java.util.concurrent.ThreadPoolExecutor.runWorker(ThreadPoolExecutor.java:1149)
	at java.util.concurrent.ThreadPoolExecutor$Worker.run(ThreadPoolExecutor.java:624)
	at java.lang.Thread.run(Thread.java:748)
2019-10-10 01:18:03,783 [java.util.concurrent.ThreadPoolExecutor$Worker@4d1d0cd5[State = -1, empty queue]] WARN  util.TimeoutScheduler (LogUtils.java:runAndLog(55)) - Failed to task #0: java.lang.NullPointerException
2019-10-10 01:18:04,149 [grpc-default-executor-0] INFO  impl.FollowerInfo (FollowerInfo.java:lambda$new$0(51)) - 4b92f2f8-e489-47a4-a90a-1d3fa2a9a07f@group-26EF2C0D7090->fe8e0d95-22db-4b8a-875e-83bee4d716fb: nextIndex: updateUnconditionally 0 -> 0
2019-10-10 01:18:04,154 [Thread-536] INFO  impl.FollowerState (FollowerState.java:run(108)) - fe8e0d95-22db-4b8a-875e-83bee4d716fb@group-26EF2C0D7090-FollowerState: change to CANDIDATE, lastRpcTime:5008ms, electionTimeout:5006ms
2019-10-10 01:18:04,154 [Thread-536] INFO  impl.RoleInfo (RoleInfo.java:shutdownFollowerState(121)) - fe8e0d95-22db-4b8a-875e-83bee4d716fb: shutdown FollowerState
2019-10-10 01:18:04,154 [Thread-536] INFO  impl.RaftServerImpl (RaftServerImpl.java:setRole(170)) - fe8e0d95-22db-4b8a-875e-83bee4d716fb@group-26EF2C0D7090: changes role from  FOLLOWER to CANDIDATE at term 2 for changeToCandidate
2019-10-10 01:18:04,155 [Thread-536] INFO  impl.RoleInfo (RoleInfo.java:updateAndGet(143)) - fe8e0d95-22db-4b8a-875e-83bee4d716fb: start LeaderElection
2019-10-10 01:18:04,173 [fe8e0d95-22db-4b8a-875e-83bee4d716fb@group-26EF2C0D7090-LeaderElection11] INFO  impl.LeaderElection (LeaderElection.java:askForVotes(178)) - fe8e0d95-22db-4b8a-875e-83bee4d716fb@group-26EF2C0D7090-LeaderElection11: begin an election at term 3 for -1: [4b92f2f8-e489-47a4-a90a-1d3fa2a9a07f:192.168.151.118:35849, 993817e1-c77a-472e-865f-a6e34ffe7967:192.168.151.118:41261, fe8e0d95-22db-4b8a-875e-83bee4d716fb:192.168.151.118:34352], old=null
2019-10-10 01:18:04,186 [grpc-default-executor-3] INFO  impl.RaftServerImpl (RaftServerImpl.java:setRole(170)) - 4b92f2f8-e489-47a4-a90a-1d3fa2a9a07f@group-26EF2C0D7090: changes role from  FOLLOWER to FOLLOWER at term 3 for recognizeCandidate:fe8e0d95-22db-4b8a-875e-83bee4d716fb
2019-10-10 01:18:04,186 [grpc-default-executor-3] INFO  impl.RoleInfo (RoleInfo.java:shutdownFollowerState(121)) - 4b92f2f8-e489-47a4-a90a-1d3fa2a9a07f: shutdown FollowerState
2019-10-10 01:18:04,186 [grpc-default-executor-0] INFO  impl.RaftServerImpl (RaftServerImpl.java:setRole(170)) - 993817e1-c77a-472e-865f-a6e34ffe7967@group-26EF2C0D7090: changes role from  FOLLOWER to FOLLOWER at term 3 for recognizeCandidate:fe8e0d95-22db-4b8a-875e-83bee4d716fb
2019-10-10 01:18:04,186 [grpc-default-executor-3] INFO  impl.RoleInfo (RoleInfo.java:updateAndGet(143)) - 4b92f2f8-e489-47a4-a90a-1d3fa2a9a07f: start FollowerState
2019-10-10 01:18:04,186 [Thread-537] INFO  impl.FollowerState (FollowerState.java:run(117)) - 4b92f2f8-e489-47a4-a90a-1d3fa2a9a07f@group-26EF2C0D7090-FollowerState was interrupted: java.lang.InterruptedException: sleep interrupted
2019-10-10 01:18:04,186 [grpc-default-executor-0] INFO  impl.RoleInfo (RoleInfo.java:shutdownFollowerState(121)) - 993817e1-c77a-472e-865f-a6e34ffe7967: shutdown FollowerState
2019-10-10 01:18:04,188 [grpc-default-executor-0] INFO  impl.RoleInfo (RoleInfo.java:updateAndGet(143)) - 993817e1-c77a-472e-865f-a6e34ffe7967: start FollowerState
2019-10-10 01:18:04,188 [Thread-527] INFO  impl.FollowerState (FollowerState.java:run(117)) - 993817e1-c77a-472e-865f-a6e34ffe7967@group-26EF2C0D7090-FollowerState was interrupted: java.lang.InterruptedException: sleep interrupted
2019-10-10 01:18:04,205 [fe8e0d95-22db-4b8a-875e-83bee4d716fb@group-26EF2C0D7090-LeaderElection11] INFO  impl.LeaderElection (LeaderElection.java:logAndReturn(56)) - fe8e0d95-22db-4b8a-875e-83bee4d716fb@group-26EF2C0D7090-LeaderElection11: Election PASSED; received 1 response(s) [fe8e0d95-22db-4b8a-875e-83bee4d716fb<-993817e1-c77a-472e-865f-a6e34ffe7967#0:OK-t3] and 0 exception(s); fe8e0d95-22db-4b8a-875e-83bee4d716fb@group-26EF2C0D7090:t3, leader=null, voted=fe8e0d95-22db-4b8a-875e-83bee4d716fb, raftlog=fe8e0d95-22db-4b8a-875e-83bee4d716fb@group-26EF2C0D7090-SegmentedRaftLog:OPENED:c-1,f-1,i0, conf=-1: [4b92f2f8-e489-47a4-a90a-1d3fa2a9a07f:192.168.151.118:35849, 993817e1-c77a-472e-865f-a6e34ffe7967:192.168.151.118:41261, fe8e0d95-22db-4b8a-875e-83bee4d716fb:192.168.151.118:34352], old=null
2019-10-10 01:18:04,205 [fe8e0d95-22db-4b8a-875e-83bee4d716fb@group-26EF2C0D7090-LeaderElection11] INFO  impl.RoleInfo (RoleInfo.java:shutdownLeaderElection(134)) - fe8e0d95-22db-4b8a-875e-83bee4d716fb: shutdown LeaderElection
2019-10-10 01:18:04,207 [fe8e0d95-22db-4b8a-875e-83bee4d716fb@group-26EF2C0D7090-LeaderElection11] INFO  impl.RaftServerImpl (RaftServerImpl.java:setRole(170)) - fe8e0d95-22db-4b8a-875e-83bee4d716fb@group-26EF2C0D7090: changes role from CANDIDATE to LEADER at term 3 for changeToLeader
2019-10-10 01:18:04,207 [fe8e0d95-22db-4b8a-875e-83bee4d716fb@group-26EF2C0D7090-LeaderElection11] INFO  impl.RaftServerImpl (ServerState.java:setLeader(255)) - fe8e0d95-22db-4b8a-875e-83bee4d716fb@group-26EF2C0D7090: change Leader from null to fe8e0d95-22db-4b8a-875e-83bee4d716fb at term 3 for becomeLeader, leader elected after 5065ms
2019-10-10 01:18:04,207 [fe8e0d95-22db-4b8a-875e-83bee4d716fb@group-26EF2C0D7090-LeaderElection11] INFO  server.RaftServerConfigKeys (ConfUtils.java:logGet(43)) - raft.server.staging.catchup.gap = 1000 (default)
2019-10-10 01:18:04,207 [fe8e0d95-22db-4b8a-875e-83bee4d716fb@group-26EF2C0D7090-LeaderElection11] INFO  server.RaftServerConfigKeys (ConfUtils.java:logGet(43)) - raft.server.rpc.sleep.time = 25ms (default)
2019-10-10 01:18:04,208 [fe8e0d95-22db-4b8a-875e-83bee4d716fb@group-26EF2C0D7090-LeaderElection11] INFO  server.RaftServerConfigKeys (ConfUtils.java:logGet(43)) - raft.server.write.element-limit = 4096 (default)
2019-10-10 01:18:04,208 [fe8e0d95-22db-4b8a-875e-83bee4d716fb@group-26EF2C0D7090-LeaderElection11] INFO  server.RaftServerConfigKeys (ConfUtils.java:logGet(43)) - raft.server.watch.timeout = 10s (default)
2019-10-10 01:18:04,208 [fe8e0d95-22db-4b8a-875e-83bee4d716fb@group-26EF2C0D7090-LeaderElection11] INFO  server.RaftServerConfigKeys (ConfUtils.java:logGet(43)) - raft.server.watch.timeout.denomination = 1s (default)
2019-10-10 01:18:04,208 [fe8e0d95-22db-4b8a-875e-83bee4d716fb@group-26EF2C0D7090-LeaderElection11] INFO  server.RaftServerConfigKeys (ConfUtils.java:logGet(43)) - raft.server.watch.element-limit = 65536 (default)
2019-10-10 01:18:04,213 [fe8e0d95-22db-4b8a-875e-83bee4d716fb@group-26EF2C0D7090-LeaderElection11] INFO  server.RaftServerConfigKeys (ConfUtils.java:logGet(43)) - raft.server.log.appender.snapshot.chunk.size.max = 16MB (=16777216) (default)
2019-10-10 01:18:04,213 [fe8e0d95-22db-4b8a-875e-83bee4d716fb@group-26EF2C0D7090-LeaderElection11] INFO  server.RaftServerConfigKeys (ConfUtils.java:logGet(43)) - raft.server.log.appender.buffer.byte-limit = 33554432 (custom)
2019-10-10 01:18:04,214 [fe8e0d95-22db-4b8a-875e-83bee4d716fb@group-26EF2C0D7090-LeaderElection11] INFO  server.RaftServerConfigKeys (ConfUtils.java:logGet(43)) - raft.server.log.appender.buffer.element-limit = 1 (custom)
2019-10-10 01:18:04,214 [fe8e0d95-22db-4b8a-875e-83bee4d716fb@group-26EF2C0D7090-LeaderElection11] INFO  grpc.GrpcConfigKeys$Server (ConfUtils.java:logGet(43)) - raft.grpc.server.leader.outstanding.appends.max = 128 (default)
2019-10-10 01:18:04,214 [fe8e0d95-22db-4b8a-875e-83bee4d716fb@group-26EF2C0D7090-LeaderElection11] INFO  server.RaftServerConfigKeys (ConfUtils.java:logGet(43)) - raft.server.rpc.request.timeout = 3000ms (default)
2019-10-10 01:18:04,214 [fe8e0d95-22db-4b8a-875e-83bee4d716fb@group-26EF2C0D7090-LeaderElection11] INFO  server.RaftServerConfigKeys (ConfUtils.java:logGet(43)) - raft.server.log.appender.install.snapshot.enabled = false (custom)
2019-10-10 01:18:04,215 [fe8e0d95-22db-4b8a-875e-83bee4d716fb@group-26EF2C0D7090-LeaderElection11] INFO  server.RaftServerConfigKeys (ConfUtils.java:logGet(43)) - raft.server.log.appender.snapshot.chunk.size.max = 16MB (=16777216) (default)
2019-10-10 01:18:04,215 [fe8e0d95-22db-4b8a-875e-83bee4d716fb@group-26EF2C0D7090-LeaderElection11] INFO  server.RaftServerConfigKeys (ConfUtils.java:logGet(43)) - raft.server.log.appender.buffer.byte-limit = 33554432 (custom)
2019-10-10 01:18:04,215 [fe8e0d95-22db-4b8a-875e-83bee4d716fb@group-26EF2C0D7090-LeaderElection11] INFO  server.RaftServerConfigKeys (ConfUtils.java:logGet(43)) - raft.server.log.appender.buffer.element-limit = 1 (custom)
2019-10-10 01:18:04,215 [fe8e0d95-22db-4b8a-875e-83bee4d716fb@group-26EF2C0D7090-LeaderElection11] INFO  grpc.GrpcConfigKeys$Server (ConfUtils.java:logGet(43)) - raft.grpc.server.leader.outstanding.appends.max = 128 (default)
2019-10-10 01:18:04,216 [fe8e0d95-22db-4b8a-875e-83bee4d716fb@group-26EF2C0D7090-LeaderElection11] INFO  server.RaftServerConfigKeys (ConfUtils.java:logGet(43)) - raft.server.rpc.request.timeout = 3000ms (default)
2019-10-10 01:18:04,216 [fe8e0d95-22db-4b8a-875e-83bee4d716fb@group-26EF2C0D7090-LeaderElection11] INFO  server.RaftServerConfigKeys (ConfUtils.java:logGet(43)) - raft.server.log.appender.install.snapshot.enabled = false (custom)
2019-10-10 01:18:04,216 [fe8e0d95-22db-4b8a-875e-83bee4d716fb@group-26EF2C0D7090-LeaderElection11] INFO  impl.RoleInfo (RoleInfo.java:updateAndGet(143)) - fe8e0d95-22db-4b8a-875e-83bee4d716fb: start LeaderState
2019-10-10 01:18:04,217 [fe8e0d95-22db-4b8a-875e-83bee4d716fb@group-26EF2C0D7090-LeaderElection11] INFO  segmented.SegmentedRaftLogWorker (SegmentedRaftLogWorker.java:startLogSegment(385)) - fe8e0d95-22db-4b8a-875e-83bee4d716fb@group-26EF2C0D7090-SegmentedRaftLogWorker: Starting segment from index:0
2019-10-10 01:18:04,218 [fe8e0d95-22db-4b8a-875e-83bee4d716fb@group-26EF2C0D7090-LeaderElection11] INFO  impl.RaftServerImpl (ServerState.java:setRaftConf(356)) - fe8e0d95-22db-4b8a-875e-83bee4d716fb@group-26EF2C0D7090: set configuration 0: [4b92f2f8-e489-47a4-a90a-1d3fa2a9a07f:192.168.151.118:35849, 993817e1-c77a-472e-865f-a6e34ffe7967:192.168.151.118:41261, fe8e0d95-22db-4b8a-875e-83bee4d716fb:192.168.151.118:34352], old=null at 0
2019-10-10 01:18:04,255 [grpc-default-executor-3] INFO  impl.RaftServerImpl (ServerState.java:setLeader(255)) - 993817e1-c77a-472e-865f-a6e34ffe7967@group-26EF2C0D7090: change Leader from null to fe8e0d95-22db-4b8a-875e-83bee4d716fb at term 3 for appendEntries, leader elected after 10247ms
2019-10-10 01:18:04,255 [grpc-default-executor-0] INFO  impl.RaftServerImpl (ServerState.java:setLeader(255)) - 4b92f2f8-e489-47a4-a90a-1d3fa2a9a07f@group-26EF2C0D7090: change Leader from null to fe8e0d95-22db-4b8a-875e-83bee4d716fb at term 3 for appendEntries, leader elected after 5117ms
2019-10-10 01:18:04,261 [grpc-default-executor-0] INFO  impl.RaftServerImpl (ServerState.java:setRaftConf(356)) - 993817e1-c77a-472e-865f-a6e34ffe7967@group-26EF2C0D7090: set configuration 0: [4b92f2f8-e489-47a4-a90a-1d3fa2a9a07f:192.168.151.118:35849, 993817e1-c77a-472e-865f-a6e34ffe7967:192.168.151.118:41261, fe8e0d95-22db-4b8a-875e-83bee4d716fb:192.168.151.118:34352], old=null at 0
2019-10-10 01:18:04,261 [grpc-default-executor-3] INFO  impl.RaftServerImpl (ServerState.java:setRaftConf(356)) - 4b92f2f8-e489-47a4-a90a-1d3fa2a9a07f@group-26EF2C0D7090: set configuration 0: [4b92f2f8-e489-47a4-a90a-1d3fa2a9a07f:192.168.151.118:35849, 993817e1-c77a-472e-865f-a6e34ffe7967:192.168.151.118:41261, fe8e0d95-22db-4b8a-875e-83bee4d716fb:192.168.151.118:34352], old=null at 0
2019-10-10 01:18:04,261 [grpc-default-executor-0] INFO  segmented.SegmentedRaftLogWorker (SegmentedRaftLogWorker.java:startLogSegment(385)) - 993817e1-c77a-472e-865f-a6e34ffe7967@group-26EF2C0D7090-SegmentedRaftLogWorker: Starting segment from index:0
2019-10-10 01:18:04,264 [grpc-default-executor-3] INFO  segmented.SegmentedRaftLogWorker (SegmentedRaftLogWorker.java:truncate(401)) - 4b92f2f8-e489-47a4-a90a-1d3fa2a9a07f@group-26EF2C0D7090-SegmentedRaftLogWorker: Truncating segments toTruncate: null
  toDelete: [(0, 0) isOpen? true, length=0, newEndIndex=-1], start index 0
2019-10-10 01:18:04,264 [grpc-default-executor-3] INFO  segmented.SegmentedRaftLogWorker (SegmentedRaftLogWorker.java:startLogSegment(385)) - 4b92f2f8-e489-47a4-a90a-1d3fa2a9a07f@group-26EF2C0D7090-SegmentedRaftLogWorker: Starting segment from index:0
2019-10-10 01:18:04,267 [4b92f2f8-e489-47a4-a90a-1d3fa2a9a07f@group-26EF2C0D7090-SegmentedRaftLogWorker] INFO  segmented.SegmentedRaftLogWorker (SegmentedRaftLogWorker.java:execute(638)) - 4b92f2f8-e489-47a4-a90a-1d3fa2a9a07f@group-26EF2C0D7090-SegmentedRaftLogWorker: Deleted log file /workdir/hadoop-ozone/tools/target/test-dir/MiniOzoneClusterImpl-1e8b0e80-279c-49c4-ae13-42ed318b6149/datanode-4/data/ratis/3e797490-415f-4b0a-81f6-26ef2c0d7090/current/log_inprogress_0
2019-10-10 01:18:04,267 [4b92f2f8-e489-47a4-a90a-1d3fa2a9a07f@group-26EF2C0D7090-SegmentedRaftLogWorker] INFO  segmented.SegmentedRaftLogWorker (SegmentedRaftLogWorker.java:lambda$new$0(128)) - 4b92f2f8-e489-47a4-a90a-1d3fa2a9a07f@group-26EF2C0D7090-SegmentedRaftLogWorker: flushIndex: setUnconditionally 0 -> -1
2019-10-10 01:18:04,277 [fe8e0d95-22db-4b8a-875e-83bee4d716fb@group-26EF2C0D7090-SegmentedRaftLogWorker] INFO  segmented.SegmentedRaftLogWorker (SegmentedRaftLogWorker.java:execute(574)) - fe8e0d95-22db-4b8a-875e-83bee4d716fb@group-26EF2C0D7090-SegmentedRaftLogWorker: created new log segment /workdir/hadoop-ozone/tools/target/test-dir/MiniOzoneClusterImpl-1e8b0e80-279c-49c4-ae13-42ed318b6149/datanode-2/data/ratis/3e797490-415f-4b0a-81f6-26ef2c0d7090/current/log_inprogress_0
2019-10-10 01:18:04,308 [4b92f2f8-e489-47a4-a90a-1d3fa2a9a07f@group-26EF2C0D7090-SegmentedRaftLogWorker] INFO  segmented.SegmentedRaftLogWorker (SegmentedRaftLogWorker.java:execute(574)) - 4b92f2f8-e489-47a4-a90a-1d3fa2a9a07f@group-26EF2C0D7090-SegmentedRaftLogWorker: created new log segment /workdir/hadoop-ozone/tools/target/test-dir/MiniOzoneClusterImpl-1e8b0e80-279c-49c4-ae13-42ed318b6149/datanode-4/data/ratis/3e797490-415f-4b0a-81f6-26ef2c0d7090/current/log_inprogress_0
2019-10-10 01:18:04,308 [993817e1-c77a-472e-865f-a6e34ffe7967@group-26EF2C0D7090-SegmentedRaftLogWorker] INFO  segmented.SegmentedRaftLogWorker (SegmentedRaftLogWorker.java:execute(574)) - 993817e1-c77a-472e-865f-a6e34ffe7967@group-26EF2C0D7090-SegmentedRaftLogWorker: created new log segment /workdir/hadoop-ozone/tools/target/test-dir/MiniOzoneClusterImpl-1e8b0e80-279c-49c4-ae13-42ed318b6149/datanode-0/data/ratis/3e797490-415f-4b0a-81f6-26ef2c0d7090/current/log_inprogress_0
 0.00% |█                                                                                                    |  0/1 Time: 0:02:10 0.00% |█                                                                                                    |  0/1 Time: 0:02:11 0.00% |█                                                                                                    |  0/1 Time: 0:02:12 0.00% |█                                                                                                    |  0/1 Time: 0:02:132019-10-10 01:18:07,829 [java.util.concurrent.ThreadPoolExecutor$Worker@40c28ecb[State = -1, empty queue]] ERROR client.GrpcClientProtocolClient (GrpcClientProtocolClient.java:close(148)) - Unexpected exception while waiting for channel termination
java.lang.InterruptedException
	at java.util.concurrent.locks.AbstractQueuedSynchronizer.tryAcquireSharedNanos(AbstractQueuedSynchronizer.java:1326)
	at java.util.concurrent.CountDownLatch.await(CountDownLatch.java:277)
	at org.apache.ratis.thirdparty.io.grpc.internal.ManagedChannelImpl.awaitTermination(ManagedChannelImpl.java:763)
	at org.apache.ratis.thirdparty.io.grpc.internal.ForwardingManagedChannel.awaitTermination(ForwardingManagedChannel.java:57)
	at org.apache.ratis.thirdparty.io.grpc.internal.ManagedChannelOrphanWrapper.awaitTermination(ManagedChannelOrphanWrapper.java:70)
	at org.apache.ratis.grpc.client.GrpcClientProtocolClient.close(GrpcClientProtocolClient.java:146)
	at org.apache.ratis.util.PeerProxyMap$PeerAndProxy.lambda$close$1(PeerProxyMap.java:74)
	at org.apache.ratis.util.LifeCycle.lambda$checkStateAndClose$2(LifeCycle.java:231)
	at org.apache.ratis.util.LifeCycle.checkStateAndClose(LifeCycle.java:251)
	at org.apache.ratis.util.LifeCycle.checkStateAndClose(LifeCycle.java:229)
	at org.apache.ratis.util.PeerProxyMap$PeerAndProxy.close(PeerProxyMap.java:70)
	at org.apache.ratis.util.PeerProxyMap.resetProxy(PeerProxyMap.java:127)
	at org.apache.ratis.util.PeerProxyMap.handleException(PeerProxyMap.java:136)
	at org.apache.ratis.client.impl.RaftClientRpcWithProxy.handleException(RaftClientRpcWithProxy.java:47)
	at org.apache.ratis.client.impl.RaftClientImpl.handleIOException(RaftClientImpl.java:372)
	at org.apache.ratis.client.impl.OrderedAsync.lambda$sendRequest$10(OrderedAsync.java:236)
	at java.util.concurrent.CompletableFuture.uniExceptionally(CompletableFuture.java:870)
	at java.util.concurrent.CompletableFuture$UniExceptionally.tryFire(CompletableFuture.java:852)
	at java.util.concurrent.CompletableFuture.postComplete(CompletableFuture.java:474)
	at java.util.concurrent.CompletableFuture.completeExceptionally(CompletableFuture.java:1977)
	at org.apache.ratis.grpc.client.GrpcClientProtocolClient$AsyncStreamObservers.lambda$timeoutCheck$3(GrpcClientProtocolClient.java:324)
	at java.util.Optional.ifPresent(Optional.java:159)
	at org.apache.ratis.grpc.client.GrpcClientProtocolClient$AsyncStreamObservers.handleReplyFuture(GrpcClientProtocolClient.java:329)
	at org.apache.ratis.grpc.client.GrpcClientProtocolClient$AsyncStreamObservers.timeoutCheck(GrpcClientProtocolClient.java:324)
	at org.apache.ratis.grpc.client.GrpcClientProtocolClient$AsyncStreamObservers.lambda$onNext$1(GrpcClientProtocolClient.java:318)
	at org.apache.ratis.util.TimeoutScheduler.lambda$onTimeout$0(TimeoutScheduler.java:113)
	at org.apache.ratis.util.TimeoutScheduler.lambda$onTimeout$1(TimeoutScheduler.java:133)
	at org.apache.ratis.util.LogUtils.runAndLog(LogUtils.java:50)
	at org.apache.ratis.util.LogUtils$1.run(LogUtils.java:91)
	at java.util.concurrent.Executors$RunnableAdapter.call(Executors.java:511)
	at java.util.concurrent.FutureTask.run(FutureTask.java:266)
	at java.util.concurrent.ScheduledThreadPoolExecutor$ScheduledFutureTask.access$201(ScheduledThreadPoolExecutor.java:180)
	at java.util.concurrent.ScheduledThreadPoolExecutor$ScheduledFutureTask.run(ScheduledThreadPoolExecutor.java:293)
	at java.util.concurrent.ThreadPoolExecutor.runWorker(ThreadPoolExecutor.java:1149)
	at java.util.concurrent.ThreadPoolExecutor$Worker.run(ThreadPoolExecutor.java:624)
	at java.lang.Thread.run(Thread.java:748)
2019-10-10 01:18:07,831 [java.util.concurrent.ThreadPoolExecutor$Worker@40c28ecb[State = -1, empty queue]] WARN  util.TimeoutScheduler (LogUtils.java:runAndLog(55)) - Failed to task #0: java.lang.NullPointerException
 0.00% |█                                                                                                    |  0/1 Time: 0:02:142019-10-10 01:18:09,150 [grpc-default-executor-2] INFO  impl.FollowerInfo (FollowerInfo.java:lambda$new$0(51)) - 4b92f2f8-e489-47a4-a90a-1d3fa2a9a07f@group-26EF2C0D7090->993817e1-c77a-472e-865f-a6e34ffe7967: nextIndex: updateUnconditionally 0 -> 0
 0.00% |█                                                                                                    |  0/1 Time: 0:02:15 0.00% |█                                                                                                    |  0/1 Time: 0:02:16 0.00% |█                                                                                                    |  0/1 Time: 0:02:172019-10-10 01:18:11,884 [java.util.concurrent.ThreadPoolExecutor$Worker@2f7af0df[State = -1, empty queue]] ERROR client.GrpcClientProtocolClient (GrpcClientProtocolClient.java:close(148)) - Unexpected exception while waiting for channel termination
java.lang.InterruptedException
	at java.util.concurrent.locks.AbstractQueuedSynchronizer.tryAcquireSharedNanos(AbstractQueuedSynchronizer.java:1326)
	at java.util.concurrent.CountDownLatch.await(CountDownLatch.java:277)
	at org.apache.ratis.thirdparty.io.grpc.internal.ManagedChannelImpl.awaitTermination(ManagedChannelImpl.java:763)
	at org.apache.ratis.thirdparty.io.grpc.internal.ForwardingManagedChannel.awaitTermination(ForwardingManagedChannel.java:57)
	at org.apache.ratis.thirdparty.io.grpc.internal.ManagedChannelOrphanWrapper.awaitTermination(ManagedChannelOrphanWrapper.java:70)
	at org.apache.ratis.grpc.client.GrpcClientProtocolClient.close(GrpcClientProtocolClient.java:146)
	at org.apache.ratis.util.PeerProxyMap$PeerAndProxy.lambda$close$1(PeerProxyMap.java:74)
	at org.apache.ratis.util.LifeCycle.lambda$checkStateAndClose$2(LifeCycle.java:231)
	at org.apache.ratis.util.LifeCycle.checkStateAndClose(LifeCycle.java:251)
	at org.apache.ratis.util.LifeCycle.checkStateAndClose(LifeCycle.java:229)
	at org.apache.ratis.util.PeerProxyMap$PeerAndProxy.close(PeerProxyMap.java:70)
	at org.apache.ratis.util.PeerProxyMap.resetProxy(PeerProxyMap.java:127)
	at org.apache.ratis.util.PeerProxyMap.handleException(PeerProxyMap.java:136)
	at org.apache.ratis.client.impl.RaftClientRpcWithProxy.handleException(RaftClientRpcWithProxy.java:47)
	at org.apache.ratis.client.impl.RaftClientImpl.handleIOException(RaftClientImpl.java:372)
	at org.apache.ratis.client.impl.OrderedAsync.lambda$sendRequest$10(OrderedAsync.java:236)
	at java.util.concurrent.CompletableFuture.uniExceptionally(CompletableFuture.java:870)
	at java.util.concurrent.CompletableFuture$UniExceptionally.tryFire(CompletableFuture.java:852)
	at java.util.concurrent.CompletableFuture.postComplete(CompletableFuture.java:474)
	at java.util.concurrent.CompletableFuture.completeExceptionally(CompletableFuture.java:1977)
	at org.apache.ratis.grpc.client.GrpcClientProtocolClient$AsyncStreamObservers.lambda$timeoutCheck$3(GrpcClientProtocolClient.java:324)
	at java.util.Optional.ifPresent(Optional.java:159)
	at org.apache.ratis.grpc.client.GrpcClientProtocolClient$AsyncStreamObservers.handleReplyFuture(GrpcClientProtocolClient.java:329)
	at org.apache.ratis.grpc.client.GrpcClientProtocolClient$AsyncStreamObservers.timeoutCheck(GrpcClientProtocolClient.java:324)
	at org.apache.ratis.grpc.client.GrpcClientProtocolClient$AsyncStreamObservers.lambda$onNext$1(GrpcClientProtocolClient.java:318)
	at org.apache.ratis.util.TimeoutScheduler.lambda$onTimeout$0(TimeoutScheduler.java:113)
	at org.apache.ratis.util.TimeoutScheduler.lambda$onTimeout$1(TimeoutScheduler.java:133)
	at org.apache.ratis.util.LogUtils.runAndLog(LogUtils.java:50)
	at org.apache.ratis.util.LogUtils$1.run(LogUtils.java:91)
	at java.util.concurrent.Executors$RunnableAdapter.call(Executors.java:511)
	at java.util.concurrent.FutureTask.run(FutureTask.java:266)
	at java.util.concurrent.ScheduledThreadPoolExecutor$ScheduledFutureTask.access$201(ScheduledThreadPoolExecutor.java:180)
	at java.util.concurrent.ScheduledThreadPoolExecutor$ScheduledFutureTask.run(ScheduledThreadPoolExecutor.java:293)
	at java.util.concurrent.ThreadPoolExecutor.runWorker(ThreadPoolExecutor.java:1149)
	at java.util.concurrent.ThreadPoolExecutor$Worker.run(ThreadPoolExecutor.java:624)
	at java.lang.Thread.run(Thread.java:748)
2019-10-10 01:18:11,887 [java.util.concurrent.ThreadPoolExecutor$Worker@2f7af0df[State = -1, empty queue]] WARN  util.TimeoutScheduler (LogUtils.java:runAndLog(55)) - Failed to task #0: java.lang.NullPointerException
 0.00% |█                                                                                                    |  0/1 Time: 0:02:18 0.00% |█                                                                                                    |  0/1 Time: 0:02:19 0.00% |█                                                                                                    |  0/1 Time: 0:02:20 0.00% |█                                                                                                    |  0/1 Time: 0:02:212019-10-10 01:18:15,932 [java.util.concurrent.ThreadPoolExecutor$Worker@41614e4f[State = -1, empty queue]] ERROR client.GrpcClientProtocolClient (GrpcClientProtocolClient.java:close(148)) - Unexpected exception while waiting for channel termination
java.lang.InterruptedException
	at java.util.concurrent.locks.AbstractQueuedSynchronizer.tryAcquireSharedNanos(AbstractQueuedSynchronizer.java:1326)
	at java.util.concurrent.CountDownLatch.await(CountDownLatch.java:277)
	at org.apache.ratis.thirdparty.io.grpc.internal.ManagedChannelImpl.awaitTermination(ManagedChannelImpl.java:763)
	at org.apache.ratis.thirdparty.io.grpc.internal.ForwardingManagedChannel.awaitTermination(ForwardingManagedChannel.java:57)
	at org.apache.ratis.thirdparty.io.grpc.internal.ManagedChannelOrphanWrapper.awaitTermination(ManagedChannelOrphanWrapper.java:70)
	at org.apache.ratis.grpc.client.GrpcClientProtocolClient.close(GrpcClientProtocolClient.java:146)
	at org.apache.ratis.util.PeerProxyMap$PeerAndProxy.lambda$close$1(PeerProxyMap.java:74)
	at org.apache.ratis.util.LifeCycle.lambda$checkStateAndClose$2(LifeCycle.java:231)
	at org.apache.ratis.util.LifeCycle.checkStateAndClose(LifeCycle.java:251)
	at org.apache.ratis.util.LifeCycle.checkStateAndClose(LifeCycle.java:229)
	at org.apache.ratis.util.PeerProxyMap$PeerAndProxy.close(PeerProxyMap.java:70)
	at org.apache.ratis.util.PeerProxyMap.resetProxy(PeerProxyMap.java:127)
	at org.apache.ratis.util.PeerProxyMap.handleException(PeerProxyMap.java:136)
	at org.apache.ratis.client.impl.RaftClientRpcWithProxy.handleException(RaftClientRpcWithProxy.java:47)
	at org.apache.ratis.client.impl.RaftClientImpl.handleIOException(RaftClientImpl.java:372)
	at org.apache.ratis.client.impl.OrderedAsync.lambda$sendRequest$10(OrderedAsync.java:236)
	at java.util.concurrent.CompletableFuture.uniExceptionally(CompletableFuture.java:870)
	at java.util.concurrent.CompletableFuture$UniExceptionally.tryFire(CompletableFuture.java:852)
	at java.util.concurrent.CompletableFuture.postComplete(CompletableFuture.java:474)
	at java.util.concurrent.CompletableFuture.completeExceptionally(CompletableFuture.java:1977)
	at org.apache.ratis.grpc.client.GrpcClientProtocolClient$AsyncStreamObservers.lambda$timeoutCheck$3(GrpcClientProtocolClient.java:324)
	at java.util.Optional.ifPresent(Optional.java:159)
	at org.apache.ratis.grpc.client.GrpcClientProtocolClient$AsyncStreamObservers.handleReplyFuture(GrpcClientProtocolClient.java:329)
	at org.apache.ratis.grpc.client.GrpcClientProtocolClient$AsyncStreamObservers.timeoutCheck(GrpcClientProtocolClient.java:324)
	at org.apache.ratis.grpc.client.GrpcClientProtocolClient$AsyncStreamObservers.lambda$onNext$1(GrpcClientProtocolClient.java:318)
	at org.apache.ratis.util.TimeoutScheduler.lambda$onTimeout$0(TimeoutScheduler.java:113)
	at org.apache.ratis.util.TimeoutScheduler.lambda$onTimeout$1(TimeoutScheduler.java:133)
	at org.apache.ratis.util.LogUtils.runAndLog(LogUtils.java:50)
	at org.apache.ratis.util.LogUtils$1.run(LogUtils.java:91)
	at java.util.concurrent.Executors$RunnableAdapter.call(Executors.java:511)
	at java.util.concurrent.FutureTask.run(FutureTask.java:266)
	at java.util.concurrent.ScheduledThreadPoolExecutor$ScheduledFutureTask.access$201(ScheduledThreadPoolExecutor.java:180)
	at java.util.concurrent.ScheduledThreadPoolExecutor$ScheduledFutureTask.run(ScheduledThreadPoolExecutor.java:293)
	at java.util.concurrent.ThreadPoolExecutor.runWorker(ThreadPoolExecutor.java:1149)
	at java.util.concurrent.ThreadPoolExecutor$Worker.run(ThreadPoolExecutor.java:624)
	at java.lang.Thread.run(Thread.java:748)
2019-10-10 01:18:15,935 [java.util.concurrent.ThreadPoolExecutor$Worker@41614e4f[State = -1, empty queue]] WARN  util.TimeoutScheduler (LogUtils.java:runAndLog(55)) - Failed to task #0: java.lang.NullPointerException
 0.00% |█                                                                                                    |  0/1 Time: 0:02:22 0.00% |█                                                                                                    |  0/1 Time: 0:02:232019-10-10 01:18:18,404 [grpc-default-executor-2] INFO  impl.RaftServerProxy (RaftServerProxy.java:remove(95)) - 4b92f2f8-e489-47a4-a90a-1d3fa2a9a07f: remove    LEADER 4b92f2f8-e489-47a4-a90a-1d3fa2a9a07f@group-79B23E43EB46:t1, leader=4b92f2f8-e489-47a4-a90a-1d3fa2a9a07f, voted=4b92f2f8-e489-47a4-a90a-1d3fa2a9a07f, raftlog=4b92f2f8-e489-47a4-a90a-1d3fa2a9a07f@group-79B23E43EB46-SegmentedRaftLog:OPENED:c0,f0,i2, conf=0: [4b92f2f8-e489-47a4-a90a-1d3fa2a9a07f:192.168.151.118:35849, 993817e1-c77a-472e-865f-a6e34ffe7967:192.168.151.118:41261, fe8e0d95-22db-4b8a-875e-83bee4d716fb:192.168.151.118:34352], old=null RUNNING
2019-10-10 01:18:18,404 [grpc-default-executor-2] INFO  impl.RaftServerImpl (RaftServerImpl.java:lambda$shutdown$3(247)) - 4b92f2f8-e489-47a4-a90a-1d3fa2a9a07f@group-79B23E43EB46: shutdown
2019-10-10 01:18:18,405 [grpc-default-executor-2] INFO  util.JmxRegister (JmxRegister.java:unregister(73)) - Successfully un-registered JMX Bean with object name Ratis:service=RaftServer,group=group-79B23E43EB46,id=4b92f2f8-e489-47a4-a90a-1d3fa2a9a07f
2019-10-10 01:18:18,405 [grpc-default-executor-2] INFO  impl.RoleInfo (RoleInfo.java:shutdownLeaderState(104)) - 4b92f2f8-e489-47a4-a90a-1d3fa2a9a07f: shutdown LeaderState
2019-10-10 01:18:18,408 [grpc-default-executor-2] INFO  impl.PendingRequests (PendingRequests.java:sendNotLeaderResponses(202)) - 4b92f2f8-e489-47a4-a90a-1d3fa2a9a07f@group-79B23E43EB46-PendingRequests: sendNotLeaderResponses
2019-10-10 01:18:18,408 [org.apache.ratis.server.impl.LogAppender$AppenderDaemon$$Lambda$531/757553893@258bbec9] WARN  server.GrpcLogAppender (GrpcLogAppender.java:mayWait(143)) - 4b92f2f8-e489-47a4-a90a-1d3fa2a9a07f@group-79B23E43EB46->993817e1-c77a-472e-865f-a6e34ffe7967-GrpcLogAppender: Wait interrupted by java.lang.InterruptedException
2019-10-10 01:18:18,408 [org.apache.ratis.server.impl.LogAppender$AppenderDaemon$$Lambda$531/757553893@4524c293] WARN  server.GrpcLogAppender (GrpcLogAppender.java:mayWait(143)) - 4b92f2f8-e489-47a4-a90a-1d3fa2a9a07f@group-79B23E43EB46->fe8e0d95-22db-4b8a-875e-83bee4d716fb-GrpcLogAppender: Wait interrupted by java.lang.InterruptedException
2019-10-10 01:18:18,417 [grpc-default-executor-3] INFO  server.GrpcServerProtocolService (GrpcServerProtocolService.java:onCompleted(113)) - 993817e1-c77a-472e-865f-a6e34ffe7967: Completed APPEND_ENTRIES, lastRequest: 4b92f2f8-e489-47a4-a90a-1d3fa2a9a07f->993817e1-c77a-472e-865f-a6e34ffe7967#29-t1, previous=(t:1, i:2), leaderCommit=0, initializing? false, entries: <empty>
2019-10-10 01:18:18,417 [grpc-default-executor-1] INFO  server.GrpcServerProtocolService (GrpcServerProtocolService.java:onCompleted(113)) - fe8e0d95-22db-4b8a-875e-83bee4d716fb: Completed APPEND_ENTRIES, lastRequest: 4b92f2f8-e489-47a4-a90a-1d3fa2a9a07f->fe8e0d95-22db-4b8a-875e-83bee4d716fb#29-t1, previous=(t:1, i:2), leaderCommit=0, initializing? false, entries: <empty>
2019-10-10 01:18:18,420 [grpc-default-executor-3] INFO  server.GrpcLogAppender (GrpcLogAppender.java:onCompleted(293)) - 4b92f2f8-e489-47a4-a90a-1d3fa2a9a07f@group-79B23E43EB46->993817e1-c77a-472e-865f-a6e34ffe7967-AppendLogResponseHandler: follower responses appendEntries COMPLETED
2019-10-10 01:18:18,421 [grpc-default-executor-3] INFO  impl.FollowerInfo (FollowerInfo.java:lambda$new$0(51)) - 4b92f2f8-e489-47a4-a90a-1d3fa2a9a07f@group-79B23E43EB46->993817e1-c77a-472e-865f-a6e34ffe7967: nextIndex: updateUnconditionally 3 -> 2
2019-10-10 01:18:18,421 [grpc-default-executor-2] INFO  impl.StateMachineUpdater (StateMachineUpdater.java:stopAndJoin(136)) - 4b92f2f8-e489-47a4-a90a-1d3fa2a9a07f@group-79B23E43EB46-StateMachineUpdater: set stopIndex = 0
2019-10-10 01:18:18,424 [grpc-default-executor-4] INFO  server.GrpcLogAppender (GrpcLogAppender.java:onCompleted(293)) - 4b92f2f8-e489-47a4-a90a-1d3fa2a9a07f@group-79B23E43EB46->fe8e0d95-22db-4b8a-875e-83bee4d716fb-AppendLogResponseHandler: follower responses appendEntries COMPLETED
2019-10-10 01:18:18,425 [grpc-default-executor-4] INFO  impl.FollowerInfo (FollowerInfo.java:lambda$new$0(51)) - 4b92f2f8-e489-47a4-a90a-1d3fa2a9a07f@group-79B23E43EB46->fe8e0d95-22db-4b8a-875e-83bee4d716fb: nextIndex: updateUnconditionally 3 -> 2
2019-10-10 01:18:18,430 [grpc-default-executor-2] INFO  impl.RaftServerImpl (ServerState.java:close(387)) - 4b92f2f8-e489-47a4-a90a-1d3fa2a9a07f@group-79B23E43EB46: closes. applyIndex: 0
2019-10-10 01:18:18,433 [4b92f2f8-e489-47a4-a90a-1d3fa2a9a07f@group-79B23E43EB46-SegmentedRaftLogWorker] INFO  segmented.SegmentedRaftLogWorker (SegmentedRaftLogWorker.java:run(316)) - 4b92f2f8-e489-47a4-a90a-1d3fa2a9a07f@group-79B23E43EB46-SegmentedRaftLogWorker was interrupted, exiting. There are 0 tasks remaining in the queue.
2019-10-10 01:18:18,434 [grpc-default-executor-2] INFO  segmented.SegmentedRaftLogWorker (SegmentedRaftLogWorker.java:close(224)) - 4b92f2f8-e489-47a4-a90a-1d3fa2a9a07f@group-79B23E43EB46-SegmentedRaftLogWorker close()
2019-10-10 01:18:18,451 [grpc-default-executor-2] INFO  impl.RaftServerProxy (RaftServerProxy.java:remove(95)) - fe8e0d95-22db-4b8a-875e-83bee4d716fb: remove  FOLLOWER fe8e0d95-22db-4b8a-875e-83bee4d716fb@group-79B23E43EB46:t1, leader=4b92f2f8-e489-47a4-a90a-1d3fa2a9a07f, voted=4b92f2f8-e489-47a4-a90a-1d3fa2a9a07f, raftlog=fe8e0d95-22db-4b8a-875e-83bee4d716fb@group-79B23E43EB46-SegmentedRaftLog:OPENED:c0,f2,i2, conf=0: [4b92f2f8-e489-47a4-a90a-1d3fa2a9a07f:192.168.151.118:35849, 993817e1-c77a-472e-865f-a6e34ffe7967:192.168.151.118:41261, fe8e0d95-22db-4b8a-875e-83bee4d716fb:192.168.151.118:34352], old=null RUNNING
2019-10-10 01:18:18,451 [grpc-default-executor-2] INFO  impl.RaftServerImpl (RaftServerImpl.java:lambda$shutdown$3(247)) - fe8e0d95-22db-4b8a-875e-83bee4d716fb@group-79B23E43EB46: shutdown
2019-10-10 01:18:18,451 [grpc-default-executor-2] INFO  util.JmxRegister (JmxRegister.java:unregister(73)) - Successfully un-registered JMX Bean with object name Ratis:service=RaftServer,group=group-79B23E43EB46,id=fe8e0d95-22db-4b8a-875e-83bee4d716fb
2019-10-10 01:18:18,451 [grpc-default-executor-2] INFO  impl.RoleInfo (RoleInfo.java:shutdownFollowerState(121)) - fe8e0d95-22db-4b8a-875e-83bee4d716fb: shutdown FollowerState
2019-10-10 01:18:18,452 [grpc-default-executor-2] INFO  impl.StateMachineUpdater (StateMachineUpdater.java:stopAndJoin(136)) - fe8e0d95-22db-4b8a-875e-83bee4d716fb@group-79B23E43EB46-StateMachineUpdater: set stopIndex = 0
2019-10-10 01:18:18,452 [Thread-421] INFO  impl.FollowerState (FollowerState.java:run(117)) - fe8e0d95-22db-4b8a-875e-83bee4d716fb@group-79B23E43EB46-FollowerState was interrupted: java.lang.InterruptedException: sleep interrupted
2019-10-10 01:18:18,453 [grpc-default-executor-2] INFO  impl.RaftServerImpl (ServerState.java:close(387)) - fe8e0d95-22db-4b8a-875e-83bee4d716fb@group-79B23E43EB46: closes. applyIndex: 0
2019-10-10 01:18:18,453 [fe8e0d95-22db-4b8a-875e-83bee4d716fb@group-79B23E43EB46-SegmentedRaftLogWorker] INFO  segmented.SegmentedRaftLogWorker (SegmentedRaftLogWorker.java:run(316)) - fe8e0d95-22db-4b8a-875e-83bee4d716fb@group-79B23E43EB46-SegmentedRaftLogWorker was interrupted, exiting. There are 0 tasks remaining in the queue.
2019-10-10 01:18:18,454 [grpc-default-executor-2] INFO  segmented.SegmentedRaftLogWorker (SegmentedRaftLogWorker.java:close(224)) - fe8e0d95-22db-4b8a-875e-83bee4d716fb@group-79B23E43EB46-SegmentedRaftLogWorker close()
2019-10-10 01:18:18,527 [grpc-default-executor-2] INFO  interfaces.Container (KeyValueContainer.java:flushAndSyncDB(386)) - Container 4 is synced with bcsId 0.
2019-10-10 01:18:18,530 [grpc-default-executor-2] INFO  interfaces.Container (KeyValueContainer.java:flushAndSyncDB(386)) - Container 4 is synced with bcsId 0.
2019-10-10 01:18:18,550 [EventQueue-IncrementalContainerReportForIncrementalContainerReportHandler] INFO  container.IncrementalContainerReportHandler (AbstractContainerReportHandler.java:updateContainerState(171)) - Moving container #4 to QUASI_CLOSED state, datanode fe8e0d95-22db-4b8a-875e-83bee4d716fb{ip: 192.168.151.118, host: pr-hdds-2194-jqrdw-3579824535, networkLocation: /default-rack, certSerialId: null} reported QUASI_CLOSED replica.
2019-10-10 01:18:18,558 [grpc-default-executor-2] INFO  impl.RaftServerProxy (RaftServerProxy.java:remove(95)) - 993817e1-c77a-472e-865f-a6e34ffe7967: remove  FOLLOWER 993817e1-c77a-472e-865f-a6e34ffe7967@group-79B23E43EB46:t1, leader=4b92f2f8-e489-47a4-a90a-1d3fa2a9a07f, voted=993817e1-c77a-472e-865f-a6e34ffe7967, raftlog=993817e1-c77a-472e-865f-a6e34ffe7967@group-79B23E43EB46-SegmentedRaftLog:OPENED:c0,f2,i2, conf=0: [4b92f2f8-e489-47a4-a90a-1d3fa2a9a07f:192.168.151.118:35849, 993817e1-c77a-472e-865f-a6e34ffe7967:192.168.151.118:41261, fe8e0d95-22db-4b8a-875e-83bee4d716fb:192.168.151.118:34352], old=null RUNNING
2019-10-10 01:18:18,559 [grpc-default-executor-2] INFO  impl.RaftServerImpl (RaftServerImpl.java:lambda$shutdown$3(247)) - 993817e1-c77a-472e-865f-a6e34ffe7967@group-79B23E43EB46: shutdown
2019-10-10 01:18:18,559 [grpc-default-executor-2] INFO  util.JmxRegister (JmxRegister.java:unregister(73)) - Successfully un-registered JMX Bean with object name Ratis:service=RaftServer,group=group-79B23E43EB46,id=993817e1-c77a-472e-865f-a6e34ffe7967
2019-10-10 01:18:18,559 [grpc-default-executor-2] INFO  impl.RoleInfo (RoleInfo.java:shutdownFollowerState(121)) - 993817e1-c77a-472e-865f-a6e34ffe7967: shutdown FollowerState
2019-10-10 01:18:18,560 [grpc-default-executor-2] INFO  impl.StateMachineUpdater (StateMachineUpdater.java:stopAndJoin(136)) - 993817e1-c77a-472e-865f-a6e34ffe7967@group-79B23E43EB46-StateMachineUpdater: set stopIndex = 0
2019-10-10 01:18:18,560 [Thread-430] INFO  impl.FollowerState (FollowerState.java:run(117)) - 993817e1-c77a-472e-865f-a6e34ffe7967@group-79B23E43EB46-FollowerState was interrupted: java.lang.InterruptedException: sleep interrupted
2019-10-10 01:18:18,562 [grpc-default-executor-2] INFO  impl.RaftServerImpl (ServerState.java:close(387)) - 993817e1-c77a-472e-865f-a6e34ffe7967@group-79B23E43EB46: closes. applyIndex: 0
2019-10-10 01:18:18,562 [993817e1-c77a-472e-865f-a6e34ffe7967@group-79B23E43EB46-SegmentedRaftLogWorker] INFO  segmented.SegmentedRaftLogWorker (SegmentedRaftLogWorker.java:run(316)) - 993817e1-c77a-472e-865f-a6e34ffe7967@group-79B23E43EB46-SegmentedRaftLogWorker was interrupted, exiting. There are 0 tasks remaining in the queue.
2019-10-10 01:18:18,564 [grpc-default-executor-2] INFO  segmented.SegmentedRaftLogWorker (SegmentedRaftLogWorker.java:close(224)) - 993817e1-c77a-472e-865f-a6e34ffe7967@group-79B23E43EB46-SegmentedRaftLogWorker close()
 0.00% |█                                                                                                    |  0/1 Time: 0:02:242019-10-10 01:18:18,636 [grpc-default-executor-2] INFO  interfaces.Container (KeyValueContainer.java:flushAndSyncDB(386)) - Container 4 is synced with bcsId 0.
2019-10-10 01:18:18,636 [grpc-default-executor-2] INFO  interfaces.Container (KeyValueContainer.java:flushAndSyncDB(386)) - Container 4 is synced with bcsId 0.
2019-10-10 01:18:18,657 [RatisPipelineUtilsThread] INFO  pipeline.PipelineStateManager (PipelineStateManager.java:removePipeline(108)) - Pipeline Pipeline[ Id: 5034b1d2-a533-4eea-8c84-79b23e43eb46, Nodes: 4b92f2f8-e489-47a4-a90a-1d3fa2a9a07f{ip: 192.168.151.118, host: pr-hdds-2194-jqrdw-3579824535, networkLocation: /default-rack, certSerialId: null}fe8e0d95-22db-4b8a-875e-83bee4d716fb{ip: 192.168.151.118, host: pr-hdds-2194-jqrdw-3579824535, networkLocation: /default-rack, certSerialId: null}993817e1-c77a-472e-865f-a6e34ffe7967{ip: 192.168.151.118, host: pr-hdds-2194-jqrdw-3579824535, networkLocation: /default-rack, certSerialId: null}, Type:RATIS, Factor:THREE, State:CLOSED] removed from db
2019-10-10 01:18:18,664 [grpc-default-executor-2] INFO  impl.RaftServerProxy (RaftServerProxy.java:remove(95)) - 4b92f2f8-e489-47a4-a90a-1d3fa2a9a07f: remove group-79B23E43EB46:null
2019-10-10 01:18:18,677 [RatisPipelineUtilsThread] WARN  pipeline.RatisPipelineUtils (RatisPipelineUtils.java:destroyPipeline(69)) - Pipeline destroy failed for pipeline=PipelineID=5034b1d2-a533-4eea-8c84-79b23e43eb46 dn=4b92f2f8-e489-47a4-a90a-1d3fa2a9a07f{ip: 192.168.151.118, host: pr-hdds-2194-jqrdw-3579824535, networkLocation: /default-rack, certSerialId: null}
2019-10-10 01:18:18,685 [grpc-default-executor-2] INFO  impl.RaftServerProxy (RaftServerProxy.java:remove(95)) - fe8e0d95-22db-4b8a-875e-83bee4d716fb: remove group-79B23E43EB46:null
2019-10-10 01:18:18,695 [RatisPipelineUtilsThread] WARN  pipeline.RatisPipelineUtils (RatisPipelineUtils.java:destroyPipeline(69)) - Pipeline destroy failed for pipeline=PipelineID=5034b1d2-a533-4eea-8c84-79b23e43eb46 dn=fe8e0d95-22db-4b8a-875e-83bee4d716fb{ip: 192.168.151.118, host: pr-hdds-2194-jqrdw-3579824535, networkLocation: /default-rack, certSerialId: null}
2019-10-10 01:18:18,701 [grpc-default-executor-2] INFO  impl.RaftServerProxy (RaftServerProxy.java:remove(95)) - 993817e1-c77a-472e-865f-a6e34ffe7967: remove group-79B23E43EB46:null
2019-10-10 01:18:18,709 [RatisPipelineUtilsThread] WARN  pipeline.RatisPipelineUtils (RatisPipelineUtils.java:destroyPipeline(69)) - Pipeline destroy failed for pipeline=PipelineID=5034b1d2-a533-4eea-8c84-79b23e43eb46 dn=993817e1-c77a-472e-865f-a6e34ffe7967{ip: 192.168.151.118, host: pr-hdds-2194-jqrdw-3579824535, networkLocation: /default-rack, certSerialId: null}
2019-10-10 01:18:18,709 [RatisPipelineUtilsThread] ERROR pipeline.SCMPipelineManager (Scheduler.java:lambda$schedule$1(70)) - Destroy pipeline failed for pipeline:Pipeline[ Id: 5034b1d2-a533-4eea-8c84-79b23e43eb46, Nodes: 4b92f2f8-e489-47a4-a90a-1d3fa2a9a07f{ip: 192.168.151.118, host: pr-hdds-2194-jqrdw-3579824535, networkLocation: /default-rack, certSerialId: null}fe8e0d95-22db-4b8a-875e-83bee4d716fb{ip: 192.168.151.118, host: pr-hdds-2194-jqrdw-3579824535, networkLocation: /default-rack, certSerialId: null}993817e1-c77a-472e-865f-a6e34ffe7967{ip: 192.168.151.118, host: pr-hdds-2194-jqrdw-3579824535, networkLocation: /default-rack, certSerialId: null}, Type:RATIS, Factor:THREE, State:CLOSED]
org.apache.hadoop.hdds.scm.pipeline.PipelineNotFoundException: PipelineID=5034b1d2-a533-4eea-8c84-79b23e43eb46 not found
	at org.apache.hadoop.hdds.scm.pipeline.PipelineStateMap.getPipeline(PipelineStateMap.java:132)
	at org.apache.hadoop.hdds.scm.pipeline.PipelineStateMap.removePipeline(PipelineStateMap.java:322)
	at org.apache.hadoop.hdds.scm.pipeline.PipelineStateManager.removePipeline(PipelineStateManager.java:107)
	at org.apache.hadoop.hdds.scm.pipeline.SCMPipelineManager.removePipeline(SCMPipelineManager.java:427)
	at org.apache.hadoop.hdds.scm.pipeline.SCMPipelineManager.destroyPipeline(SCMPipelineManager.java:413)
	at org.apache.hadoop.hdds.scm.pipeline.SCMPipelineManager.lambda$finalizeAndDestroyPipeline$0(SCMPipelineManager.java:322)
	at org.apache.hadoop.hdds.utils.Scheduler.lambda$schedule$1(Scheduler.java:68)
	at java.util.concurrent.Executors$RunnableAdapter.call(Executors.java:511)
	at java.util.concurrent.FutureTask.run(FutureTask.java:266)
	at java.util.concurrent.ScheduledThreadPoolExecutor$ScheduledFutureTask.access$201(ScheduledThreadPoolExecutor.java:180)
	at java.util.concurrent.ScheduledThreadPoolExecutor$ScheduledFutureTask.run(ScheduledThreadPoolExecutor.java:293)
	at java.util.concurrent.ThreadPoolExecutor.runWorker(ThreadPoolExecutor.java:1149)
	at java.util.concurrent.ThreadPoolExecutor$Worker.run(ThreadPoolExecutor.java:624)
	at java.lang.Thread.run(Thread.java:748)
2019-10-10 01:18:19,454 [pool-73-thread-3] WARN  io.KeyOutputStream (KeyOutputStream.java:handleException(274)) - Encountered exception java.io.IOException: Unexpected Storage Container Exception: java.util.concurrent.CompletionException: java.util.concurrent.CompletionException: org.apache.ratis.protocol.GroupMismatchException: fe8e0d95-22db-4b8a-875e-83bee4d716fb: group-79B23E43EB46 not found. on the pipeline Pipeline[ Id: 5034b1d2-a533-4eea-8c84-79b23e43eb46, Nodes: 4b92f2f8-e489-47a4-a90a-1d3fa2a9a07f{ip: 192.168.151.118, host: pr-hdds-2194-jqrdw-3579824535, networkLocation: /default-rack, certSerialId: null}fe8e0d95-22db-4b8a-875e-83bee4d716fb{ip: 192.168.151.118, host: pr-hdds-2194-jqrdw-3579824535, networkLocation: /default-rack, certSerialId: null}993817e1-c77a-472e-865f-a6e34ffe7967{ip: 192.168.151.118, host: pr-hdds-2194-jqrdw-3579824535, networkLocation: /default-rack, certSerialId: null}, Type:RATIS, Factor:THREE, State:OPEN]. The last committed block length is 0, uncommitted data length is 2097152 retry count 1
 0.00% |█                                                                                                    |  0/1 Time: 0:02:252019-10-10 01:18:19,622 [pool-46-thread-3] ERROR impl.ChunkManagerImpl (ChunkManagerDummyImpl.java:writeChunk(86)) - data array does not match the length specified. DataLen: 1048576 Byte Array: 1048749
2019-10-10 01:18:19,624 [pool-46-thread-3] ERROR impl.ChunkManagerDummyImpl (ChunkManagerDummyImpl.java:writeChunk(105)) - write data failed. error: {}
org.apache.hadoop.hdds.scm.container.common.helpers.StorageContainerException: data array does not match the length specified. DataLen: 1048576 Byte Array: 1048749
	at org.apache.hadoop.ozone.container.keyvalue.impl.ChunkManagerDummyImpl.writeChunk(ChunkManagerDummyImpl.java:87)
	at org.apache.hadoop.ozone.container.keyvalue.KeyValueHandler.handleWriteChunk(KeyValueHandler.java:696)
	at org.apache.hadoop.ozone.container.keyvalue.KeyValueHandler.handle(KeyValueHandler.java:176)
	at org.apache.hadoop.ozone.container.common.impl.HddsDispatcher.dispatchRequest(HddsDispatcher.java:277)
	at org.apache.hadoop.ozone.container.common.impl.HddsDispatcher.dispatch(HddsDispatcher.java:150)
	at org.apache.hadoop.ozone.container.common.transport.server.ratis.ContainerStateMachine.dispatchCommand(ContainerStateMachine.java:413)
	at org.apache.hadoop.ozone.container.common.transport.server.ratis.ContainerStateMachine.runCommand(ContainerStateMachine.java:423)
	at org.apache.hadoop.ozone.container.common.transport.server.ratis.ContainerStateMachine.lambda$handleWriteChunk$1(ContainerStateMachine.java:458)
	at java.util.concurrent.CompletableFuture$AsyncSupply.run(CompletableFuture.java:1590)
	at java.util.concurrent.ThreadPoolExecutor.runWorker(ThreadPoolExecutor.java:1149)
	at java.util.concurrent.ThreadPoolExecutor$Worker.run(ThreadPoolExecutor.java:624)
	at java.lang.Thread.run(Thread.java:748)
2019-10-10 01:18:19,624 [pool-46-thread-3] INFO  keyvalue.KeyValueHandler (ContainerUtils.java:logAndReturnError(146)) - Operation: WriteChunk : Trace ID: a21490a0e8815135:5a94a1e2b6721db9:3460afdd42d0416b:0 : Message: Internal error:  : Result: CONTAINER_INTERNAL_ERROR
2019-10-10 01:18:19,632 [EventQueue-IncrementalContainerReportForIncrementalContainerReportHandler] WARN  container.IncrementalContainerReportHandler (AbstractContainerReportHandler.java:updateContainerState(145)) - Container #5 is in OPEN state, but the datanode fe8e0d95-22db-4b8a-875e-83bee4d716fb{ip: 192.168.151.118, host: pr-hdds-2194-jqrdw-3579824535, networkLocation: /default-rack, certSerialId: null} reports an UNHEALTHY replica.
2019-10-10 01:18:19,633 [EventQueue-CloseContainerForCloseContainerEventHandler] INFO  container.CloseContainerEventHandler (CloseContainerEventHandler.java:onMessage(61)) - Close container Event triggered for container : #5
01:18:19.632 [pool-46-thread-3] ERROR DNAudit - user=null | ip=null | op=WRITE_CHUNK {blockData=conID: 5 locID: 102935448746131463 bcsId: 0} | ret=FAILURE
java.lang.Exception: Internal error: 
	at org.apache.hadoop.ozone.container.common.impl.HddsDispatcher.dispatchRequest(HddsDispatcher.java:332) ~[hadoop-hdds-container-service-0.5.0-SNAPSHOT.jar:?]
	at org.apache.hadoop.ozone.container.common.impl.HddsDispatcher.dispatch(HddsDispatcher.java:150) ~[hadoop-hdds-container-service-0.5.0-SNAPSHOT.jar:?]
	at org.apache.hadoop.ozone.container.common.transport.server.ratis.ContainerStateMachine.dispatchCommand(ContainerStateMachine.java:413) ~[hadoop-hdds-container-service-0.5.0-SNAPSHOT.jar:?]
	at org.apache.hadoop.ozone.container.common.transport.server.ratis.ContainerStateMachine.runCommand(ContainerStateMachine.java:423) ~[hadoop-hdds-container-service-0.5.0-SNAPSHOT.jar:?]
	at org.apache.hadoop.ozone.container.common.transport.server.ratis.ContainerStateMachine.lambda$handleWriteChunk$1(ContainerStateMachine.java:458) ~[hadoop-hdds-container-service-0.5.0-SNAPSHOT.jar:?]
	at java.util.concurrent.CompletableFuture$AsyncSupply.run(CompletableFuture.java:1590) [?:1.8.0_212]
	at java.util.concurrent.ThreadPoolExecutor.runWorker(ThreadPoolExecutor.java:1149) [?:1.8.0_212]
	at java.util.concurrent.ThreadPoolExecutor$Worker.run(ThreadPoolExecutor.java:624) [?:1.8.0_212]
	at java.lang.Thread.run(Thread.java:748) [?:1.8.0_212]
2019-10-10 01:18:19,634 [pool-46-thread-3] ERROR ratis.ContainerStateMachine (ContainerStateMachine.java:lambda$handleWriteChunk$2(480)) - group-26EF2C0D7090: writeChunk writeStateMachineData failed: blockIdcontainerID: 5
localID: 102935448746131463
blockCommitSequenceId: 0
 logIndex 1 chunkName 102935448746131463_chunk_1 Error message: Internal error:  Container Result: CONTAINER_INTERNAL_ERROR
2019-10-10 01:18:19,635 [fe8e0d95-22db-4b8a-875e-83bee4d716fb@group-26EF2C0D7090-SegmentedRaftLogWorker] ERROR ratis.XceiverServerRatis (XceiverServerRatis.java:triggerPipelineClose(582)) - pipeline Action CLOSE  on pipeline PipelineID=3e797490-415f-4b0a-81f6-26ef2c0d7090.Reason : Internal error: 
2019-10-10 01:18:19,635 [fe8e0d95-22db-4b8a-875e-83bee4d716fb@group-26EF2C0D7090-SegmentedRaftLogWorker] ERROR ratis.XceiverServerRatis (XceiverServerRatis.java:triggerPipelineClose(582)) - pipeline Action CLOSE  on pipeline PipelineID=3e797490-415f-4b0a-81f6-26ef2c0d7090.Reason : Log already failed at index 1 for task WriteLog:1: (t:3, i:1), STATEMACHINELOGENTRY, client-D2A1B5729EBA, cid=31
2019-10-10 01:18:19,636 [EventQueue-PipelineActionsForPipelineActionHandler] ERROR pipeline.PipelineActionHandler (PipelineActionHandler.java:onMessage(60)) - Received pipeline action CLOSE for Pipeline[ Id: 3e797490-415f-4b0a-81f6-26ef2c0d7090, Nodes: 4b92f2f8-e489-47a4-a90a-1d3fa2a9a07f{ip: 192.168.151.118, host: pr-hdds-2194-jqrdw-3579824535, networkLocation: /default-rack, certSerialId: null}fe8e0d95-22db-4b8a-875e-83bee4d716fb{ip: 192.168.151.118, host: pr-hdds-2194-jqrdw-3579824535, networkLocation: /default-rack, certSerialId: null}993817e1-c77a-472e-865f-a6e34ffe7967{ip: 192.168.151.118, host: pr-hdds-2194-jqrdw-3579824535, networkLocation: /default-rack, certSerialId: null}, Type:RATIS, Factor:THREE, State:OPEN] from datanode fe8e0d95-22db-4b8a-875e-83bee4d716fb{ip: 192.168.151.118, host: pr-hdds-2194-jqrdw-3579824535, networkLocation: /default-rack, certSerialId: null}. Reason : Internal error: 
2019-10-10 01:18:19,636 [EventQueue-PipelineActionsForPipelineActionHandler] INFO  pipeline.SCMPipelineManager (SCMPipelineManager.java:finalizeAndDestroyPipeline(315)) - destroying pipeline:Pipeline[ Id: 3e797490-415f-4b0a-81f6-26ef2c0d7090, Nodes: 4b92f2f8-e489-47a4-a90a-1d3fa2a9a07f{ip: 192.168.151.118, host: pr-hdds-2194-jqrdw-3579824535, networkLocation: /default-rack, certSerialId: null}fe8e0d95-22db-4b8a-875e-83bee4d716fb{ip: 192.168.151.118, host: pr-hdds-2194-jqrdw-3579824535, networkLocation: /default-rack, certSerialId: null}993817e1-c77a-472e-865f-a6e34ffe7967{ip: 192.168.151.118, host: pr-hdds-2194-jqrdw-3579824535, networkLocation: /default-rack, certSerialId: null}, Type:RATIS, Factor:THREE, State:OPEN]
2019-10-10 01:18:19,636 [EventQueue-PipelineActionsForPipelineActionHandler] INFO  pipeline.PipelineStateManager (PipelineStateManager.java:finalizePipeline(123)) - Pipeline Pipeline[ Id: 3e797490-415f-4b0a-81f6-26ef2c0d7090, Nodes: 4b92f2f8-e489-47a4-a90a-1d3fa2a9a07f{ip: 192.168.151.118, host: pr-hdds-2194-jqrdw-3579824535, networkLocation: /default-rack, certSerialId: null}fe8e0d95-22db-4b8a-875e-83bee4d716fb{ip: 192.168.151.118, host: pr-hdds-2194-jqrdw-3579824535, networkLocation: /default-rack, certSerialId: null}993817e1-c77a-472e-865f-a6e34ffe7967{ip: 192.168.151.118, host: pr-hdds-2194-jqrdw-3579824535, networkLocation: /default-rack, certSerialId: null}, Type:RATIS, Factor:THREE, State:CLOSED] moved to CLOSED state
2019-10-10 01:18:19,640 [EventQueue-PipelineActionsForPipelineActionHandler] ERROR pipeline.PipelineActionHandler (PipelineActionHandler.java:onMessage(60)) - Received pipeline action CLOSE for Pipeline[ Id: 3e797490-415f-4b0a-81f6-26ef2c0d7090, Nodes: 4b92f2f8-e489-47a4-a90a-1d3fa2a9a07f{ip: 192.168.151.118, host: pr-hdds-2194-jqrdw-3579824535, networkLocation: /default-rack, certSerialId: null}fe8e0d95-22db-4b8a-875e-83bee4d716fb{ip: 192.168.151.118, host: pr-hdds-2194-jqrdw-3579824535, networkLocation: /default-rack, certSerialId: null}993817e1-c77a-472e-865f-a6e34ffe7967{ip: 192.168.151.118, host: pr-hdds-2194-jqrdw-3579824535, networkLocation: /default-rack, certSerialId: null}, Type:RATIS, Factor:THREE, State:CLOSED] from datanode fe8e0d95-22db-4b8a-875e-83bee4d716fb{ip: 192.168.151.118, host: pr-hdds-2194-jqrdw-3579824535, networkLocation: /default-rack, certSerialId: null}. Reason : Log already failed at index 1 for task WriteLog:1: (t:3, i:1), STATEMACHINELOGENTRY, client-D2A1B5729EBA, cid=31
2019-10-10 01:18:19,640 [EventQueue-PipelineActionsForPipelineActionHandler] INFO  pipeline.SCMPipelineManager (SCMPipelineManager.java:finalizeAndDestroyPipeline(315)) - destroying pipeline:Pipeline[ Id: 3e797490-415f-4b0a-81f6-26ef2c0d7090, Nodes: 4b92f2f8-e489-47a4-a90a-1d3fa2a9a07f{ip: 192.168.151.118, host: pr-hdds-2194-jqrdw-3579824535, networkLocation: /default-rack, certSerialId: null}fe8e0d95-22db-4b8a-875e-83bee4d716fb{ip: 192.168.151.118, host: pr-hdds-2194-jqrdw-3579824535, networkLocation: /default-rack, certSerialId: null}993817e1-c77a-472e-865f-a6e34ffe7967{ip: 192.168.151.118, host: pr-hdds-2194-jqrdw-3579824535, networkLocation: /default-rack, certSerialId: null}, Type:RATIS, Factor:THREE, State:CLOSED]
 0.00% |█                                                                                                    |  0/1 Time: 0:02:26 0.00% |█                                                                                                    |  0/1 Time: 0:02:272019-10-10 01:18:22,514 [java.util.concurrent.ThreadPoolExecutor$Worker@20cf8ab[State = -1, empty queue]] ERROR client.GrpcClientProtocolClient (GrpcClientProtocolClient.java:close(148)) - Unexpected exception while waiting for channel termination
java.lang.InterruptedException
	at java.util.concurrent.locks.AbstractQueuedSynchronizer.tryAcquireSharedNanos(AbstractQueuedSynchronizer.java:1326)
	at java.util.concurrent.CountDownLatch.await(CountDownLatch.java:277)
	at org.apache.ratis.thirdparty.io.grpc.internal.ManagedChannelImpl.awaitTermination(ManagedChannelImpl.java:763)
	at org.apache.ratis.thirdparty.io.grpc.internal.ForwardingManagedChannel.awaitTermination(ForwardingManagedChannel.java:57)
	at org.apache.ratis.thirdparty.io.grpc.internal.ManagedChannelOrphanWrapper.awaitTermination(ManagedChannelOrphanWrapper.java:70)
	at org.apache.ratis.grpc.client.GrpcClientProtocolClient.close(GrpcClientProtocolClient.java:146)
	at org.apache.ratis.util.PeerProxyMap$PeerAndProxy.lambda$close$1(PeerProxyMap.java:74)
	at org.apache.ratis.util.LifeCycle.lambda$checkStateAndClose$2(LifeCycle.java:231)
	at org.apache.ratis.util.LifeCycle.checkStateAndClose(LifeCycle.java:251)
	at org.apache.ratis.util.LifeCycle.checkStateAndClose(LifeCycle.java:229)
	at org.apache.ratis.util.PeerProxyMap$PeerAndProxy.close(PeerProxyMap.java:70)
	at org.apache.ratis.util.PeerProxyMap.resetProxy(PeerProxyMap.java:127)
	at org.apache.ratis.util.PeerProxyMap.handleException(PeerProxyMap.java:136)
	at org.apache.ratis.client.impl.RaftClientRpcWithProxy.handleException(RaftClientRpcWithProxy.java:47)
	at org.apache.ratis.client.impl.RaftClientImpl.handleIOException(RaftClientImpl.java:372)
	at org.apache.ratis.client.impl.OrderedAsync.lambda$sendRequest$10(OrderedAsync.java:236)
	at java.util.concurrent.CompletableFuture.uniExceptionally(CompletableFuture.java:870)
	at java.util.concurrent.CompletableFuture$UniExceptionally.tryFire(CompletableFuture.java:852)
	at java.util.concurrent.CompletableFuture.postComplete(CompletableFuture.java:474)
	at java.util.concurrent.CompletableFuture.completeExceptionally(CompletableFuture.java:1977)
	at org.apache.ratis.grpc.client.GrpcClientProtocolClient$AsyncStreamObservers.lambda$timeoutCheck$3(GrpcClientProtocolClient.java:324)
	at java.util.Optional.ifPresent(Optional.java:159)
	at org.apache.ratis.grpc.client.GrpcClientProtocolClient$AsyncStreamObservers.handleReplyFuture(GrpcClientProtocolClient.java:329)
	at org.apache.ratis.grpc.client.GrpcClientProtocolClient$AsyncStreamObservers.timeoutCheck(GrpcClientProtocolClient.java:324)
	at org.apache.ratis.grpc.client.GrpcClientProtocolClient$AsyncStreamObservers.lambda$onNext$1(GrpcClientProtocolClient.java:318)
	at org.apache.ratis.util.TimeoutScheduler.lambda$onTimeout$0(TimeoutScheduler.java:113)
	at org.apache.ratis.util.TimeoutScheduler.lambda$onTimeout$1(TimeoutScheduler.java:133)
	at org.apache.ratis.util.LogUtils.runAndLog(LogUtils.java:50)
	at org.apache.ratis.util.LogUtils$1.run(LogUtils.java:91)
	at java.util.concurrent.Executors$RunnableAdapter.call(Executors.java:511)
	at java.util.concurrent.FutureTask.run(FutureTask.java:266)
	at java.util.concurrent.ScheduledThreadPoolExecutor$ScheduledFutureTask.access$201(ScheduledThreadPoolExecutor.java:180)
	at java.util.concurrent.ScheduledThreadPoolExecutor$ScheduledFutureTask.run(ScheduledThreadPoolExecutor.java:293)
	at java.util.concurrent.ThreadPoolExecutor.runWorker(ThreadPoolExecutor.java:1149)
	at java.util.concurrent.ThreadPoolExecutor$Worker.run(ThreadPoolExecutor.java:624)
	at java.lang.Thread.run(Thread.java:748)
2019-10-10 01:18:22,517 [java.util.concurrent.ThreadPoolExecutor$Worker@20cf8ab[State = -1, empty queue]] WARN  util.TimeoutScheduler (LogUtils.java:runAndLog(55)) - Failed to task #0: java.lang.NullPointerException
 0.00% |█                                                                                                    |  0/1 Time: 0:02:28 0.00% |█                                                                                                    |  0/1 Time: 0:02:29 0.00% |█                                                                                                    |  0/1 Time: 0:02:30 0.00% |█                                                                                                    |  0/1 Time: 0:02:31 0.00% |█                                                                                                    |  0/1 Time: 0:02:322019-10-10 01:18:26,580 [java.util.concurrent.ThreadPoolExecutor$Worker@666d9966[State = -1, empty queue]] ERROR client.GrpcClientProtocolClient (GrpcClientProtocolClient.java:close(148)) - Unexpected exception while waiting for channel termination
java.lang.InterruptedException
	at java.util.concurrent.locks.AbstractQueuedSynchronizer.tryAcquireSharedNanos(AbstractQueuedSynchronizer.java:1326)
	at java.util.concurrent.CountDownLatch.await(CountDownLatch.java:277)
	at org.apache.ratis.thirdparty.io.grpc.internal.ManagedChannelImpl.awaitTermination(ManagedChannelImpl.java:763)
	at org.apache.ratis.thirdparty.io.grpc.internal.ForwardingManagedChannel.awaitTermination(ForwardingManagedChannel.java:57)
	at org.apache.ratis.thirdparty.io.grpc.internal.ManagedChannelOrphanWrapper.awaitTermination(ManagedChannelOrphanWrapper.java:70)
	at org.apache.ratis.grpc.client.GrpcClientProtocolClient.close(GrpcClientProtocolClient.java:146)
	at org.apache.ratis.util.PeerProxyMap$PeerAndProxy.lambda$close$1(PeerProxyMap.java:74)
	at org.apache.ratis.util.LifeCycle.lambda$checkStateAndClose$2(LifeCycle.java:231)
	at org.apache.ratis.util.LifeCycle.checkStateAndClose(LifeCycle.java:251)
	at org.apache.ratis.util.LifeCycle.checkStateAndClose(LifeCycle.java:229)
	at org.apache.ratis.util.PeerProxyMap$PeerAndProxy.close(PeerProxyMap.java:70)
	at org.apache.ratis.util.PeerProxyMap.resetProxy(PeerProxyMap.java:127)
	at org.apache.ratis.util.PeerProxyMap.handleException(PeerProxyMap.java:136)
	at org.apache.ratis.client.impl.RaftClientRpcWithProxy.handleException(RaftClientRpcWithProxy.java:47)
	at org.apache.ratis.client.impl.RaftClientImpl.handleIOException(RaftClientImpl.java:372)
	at org.apache.ratis.client.impl.OrderedAsync.lambda$sendRequest$10(OrderedAsync.java:236)
	at java.util.concurrent.CompletableFuture.uniExceptionally(CompletableFuture.java:870)
	at java.util.concurrent.CompletableFuture$UniExceptionally.tryFire(CompletableFuture.java:852)
	at java.util.concurrent.CompletableFuture.postComplete(CompletableFuture.java:474)
	at java.util.concurrent.CompletableFuture.completeExceptionally(CompletableFuture.java:1977)
	at org.apache.ratis.grpc.client.GrpcClientProtocolClient$AsyncStreamObservers.lambda$timeoutCheck$3(GrpcClientProtocolClient.java:324)
	at java.util.Optional.ifPresent(Optional.java:159)
	at org.apache.ratis.grpc.client.GrpcClientProtocolClient$AsyncStreamObservers.handleReplyFuture(GrpcClientProtocolClient.java:329)
	at org.apache.ratis.grpc.client.GrpcClientProtocolClient$AsyncStreamObservers.timeoutCheck(GrpcClientProtocolClient.java:324)
	at org.apache.ratis.grpc.client.GrpcClientProtocolClient$AsyncStreamObservers.lambda$onNext$1(GrpcClientProtocolClient.java:318)
	at org.apache.ratis.util.TimeoutScheduler.lambda$onTimeout$0(TimeoutScheduler.java:113)
	at org.apache.ratis.util.TimeoutScheduler.lambda$onTimeout$1(TimeoutScheduler.java:133)
	at org.apache.ratis.util.LogUtils.runAndLog(LogUtils.java:50)
	at org.apache.ratis.util.LogUtils$1.run(LogUtils.java:91)
	at java.util.concurrent.Executors$RunnableAdapter.call(Executors.java:511)
	at java.util.concurrent.FutureTask.run(FutureTask.java:266)
	at java.util.concurrent.ScheduledThreadPoolExecutor$ScheduledFutureTask.access$201(ScheduledThreadPoolExecutor.java:180)
	at java.util.concurrent.ScheduledThreadPoolExecutor$ScheduledFutureTask.run(ScheduledThreadPoolExecutor.java:293)
	at java.util.concurrent.ThreadPoolExecutor.runWorker(ThreadPoolExecutor.java:1149)
	at java.util.concurrent.ThreadPoolExecutor$Worker.run(ThreadPoolExecutor.java:624)
	at java.lang.Thread.run(Thread.java:748)
2019-10-10 01:18:26,581 [java.util.concurrent.ThreadPoolExecutor$Worker@666d9966[State = -1, empty queue]] WARN  util.TimeoutScheduler (LogUtils.java:runAndLog(55)) - Failed to task #0: java.lang.NullPointerException
 0.00% |█                                                                                                    |  0/1 Time: 0:02:33 0.00% |█                                                                                                    |  0/1 Time: 0:02:34 0.00% |█                                                                                                    |  0/1 Time: 0:02:35 0.00% |█                                                                                                    |  0/1 Time: 0:02:362019-10-10 01:18:30,632 [java.util.concurrent.ThreadPoolExecutor$Worker@478dd482[State = -1, empty queue]] ERROR client.GrpcClientProtocolClient (GrpcClientProtocolClient.java:close(148)) - Unexpected exception while waiting for channel termination
java.lang.InterruptedException
	at java.util.concurrent.locks.AbstractQueuedSynchronizer.tryAcquireSharedNanos(AbstractQueuedSynchronizer.java:1326)
	at java.util.concurrent.CountDownLatch.await(CountDownLatch.java:277)
	at org.apache.ratis.thirdparty.io.grpc.internal.ManagedChannelImpl.awaitTermination(ManagedChannelImpl.java:763)
	at org.apache.ratis.thirdparty.io.grpc.internal.ForwardingManagedChannel.awaitTermination(ForwardingManagedChannel.java:57)
	at org.apache.ratis.thirdparty.io.grpc.internal.ManagedChannelOrphanWrapper.awaitTermination(ManagedChannelOrphanWrapper.java:70)
	at org.apache.ratis.grpc.client.GrpcClientProtocolClient.close(GrpcClientProtocolClient.java:146)
	at org.apache.ratis.util.PeerProxyMap$PeerAndProxy.lambda$close$1(PeerProxyMap.java:74)
	at org.apache.ratis.util.LifeCycle.lambda$checkStateAndClose$2(LifeCycle.java:231)
	at org.apache.ratis.util.LifeCycle.checkStateAndClose(LifeCycle.java:251)
	at org.apache.ratis.util.LifeCycle.checkStateAndClose(LifeCycle.java:229)
	at org.apache.ratis.util.PeerProxyMap$PeerAndProxy.close(PeerProxyMap.java:70)
	at org.apache.ratis.util.PeerProxyMap.resetProxy(PeerProxyMap.java:127)
	at org.apache.ratis.util.PeerProxyMap.handleException(PeerProxyMap.java:136)
	at org.apache.ratis.client.impl.RaftClientRpcWithProxy.handleException(RaftClientRpcWithProxy.java:47)
	at org.apache.ratis.client.impl.RaftClientImpl.handleIOException(RaftClientImpl.java:372)
	at org.apache.ratis.client.impl.OrderedAsync.lambda$sendRequest$10(OrderedAsync.java:236)
	at java.util.concurrent.CompletableFuture.uniExceptionally(CompletableFuture.java:870)
	at java.util.concurrent.CompletableFuture$UniExceptionally.tryFire(CompletableFuture.java:852)
	at java.util.concurrent.CompletableFuture.postComplete(CompletableFuture.java:474)
	at java.util.concurrent.CompletableFuture.completeExceptionally(CompletableFuture.java:1977)
	at org.apache.ratis.grpc.client.GrpcClientProtocolClient$AsyncStreamObservers.lambda$timeoutCheck$3(GrpcClientProtocolClient.java:324)
	at java.util.Optional.ifPresent(Optional.java:159)
	at org.apache.ratis.grpc.client.GrpcClientProtocolClient$AsyncStreamObservers.handleReplyFuture(GrpcClientProtocolClient.java:329)
	at org.apache.ratis.grpc.client.GrpcClientProtocolClient$AsyncStreamObservers.timeoutCheck(GrpcClientProtocolClient.java:324)
	at org.apache.ratis.grpc.client.GrpcClientProtocolClient$AsyncStreamObservers.lambda$onNext$1(GrpcClientProtocolClient.java:318)
	at org.apache.ratis.util.TimeoutScheduler.lambda$onTimeout$0(TimeoutScheduler.java:113)
	at org.apache.ratis.util.TimeoutScheduler.lambda$onTimeout$1(TimeoutScheduler.java:133)
	at org.apache.ratis.util.LogUtils.runAndLog(LogUtils.java:50)
	at org.apache.ratis.util.LogUtils$1.run(LogUtils.java:91)
	at java.util.concurrent.Executors$RunnableAdapter.call(Executors.java:511)
	at java.util.concurrent.FutureTask.run(FutureTask.java:266)
	at java.util.concurrent.ScheduledThreadPoolExecutor$ScheduledFutureTask.access$201(ScheduledThreadPoolExecutor.java:180)
	at java.util.concurrent.ScheduledThreadPoolExecutor$ScheduledFutureTask.run(ScheduledThreadPoolExecutor.java:293)
	at java.util.concurrent.ThreadPoolExecutor.runWorker(ThreadPoolExecutor.java:1149)
	at java.util.concurrent.ThreadPoolExecutor$Worker.run(ThreadPoolExecutor.java:624)
	at java.lang.Thread.run(Thread.java:748)
2019-10-10 01:18:30,636 [java.util.concurrent.ThreadPoolExecutor$Worker@478dd482[State = -1, empty queue]] WARN  util.TimeoutScheduler (LogUtils.java:runAndLog(55)) - Failed to task #0: java.lang.NullPointerException
 0.00% |█                                                                                                    |  0/1 Time: 0:02:37 0.00% |█                                                                                                    |  0/1 Time: 0:02:38 0.00% |█                                                                                                    |  0/1 Time: 0:02:39 0.00% |█                                                                                                    |  0/1 Time: 0:02:402019-10-10 01:18:34,671 [java.util.concurrent.ThreadPoolExecutor$Worker@237f1427[State = -1, empty queue]] ERROR client.GrpcClientProtocolClient (GrpcClientProtocolClient.java:close(148)) - Unexpected exception while waiting for channel termination
java.lang.InterruptedException
	at java.util.concurrent.locks.AbstractQueuedSynchronizer.tryAcquireSharedNanos(AbstractQueuedSynchronizer.java:1326)
	at java.util.concurrent.CountDownLatch.await(CountDownLatch.java:277)
	at org.apache.ratis.thirdparty.io.grpc.internal.ManagedChannelImpl.awaitTermination(ManagedChannelImpl.java:763)
	at org.apache.ratis.thirdparty.io.grpc.internal.ForwardingManagedChannel.awaitTermination(ForwardingManagedChannel.java:57)
	at org.apache.ratis.thirdparty.io.grpc.internal.ManagedChannelOrphanWrapper.awaitTermination(ManagedChannelOrphanWrapper.java:70)
	at org.apache.ratis.grpc.client.GrpcClientProtocolClient.close(GrpcClientProtocolClient.java:146)
	at org.apache.ratis.util.PeerProxyMap$PeerAndProxy.lambda$close$1(PeerProxyMap.java:74)
	at org.apache.ratis.util.LifeCycle.lambda$checkStateAndClose$2(LifeCycle.java:231)
	at org.apache.ratis.util.LifeCycle.checkStateAndClose(LifeCycle.java:251)
	at org.apache.ratis.util.LifeCycle.checkStateAndClose(LifeCycle.java:229)
	at org.apache.ratis.util.PeerProxyMap$PeerAndProxy.close(PeerProxyMap.java:70)
	at org.apache.ratis.util.PeerProxyMap.resetProxy(PeerProxyMap.java:127)
	at org.apache.ratis.util.PeerProxyMap.handleException(PeerProxyMap.java:136)
	at org.apache.ratis.client.impl.RaftClientRpcWithProxy.handleException(RaftClientRpcWithProxy.java:47)
	at org.apache.ratis.client.impl.RaftClientImpl.handleIOException(RaftClientImpl.java:372)
	at org.apache.ratis.client.impl.OrderedAsync.lambda$sendRequest$10(OrderedAsync.java:236)
	at java.util.concurrent.CompletableFuture.uniExceptionally(CompletableFuture.java:870)
	at java.util.concurrent.CompletableFuture$UniExceptionally.tryFire(CompletableFuture.java:852)
	at java.util.concurrent.CompletableFuture.postComplete(CompletableFuture.java:474)
	at java.util.concurrent.CompletableFuture.completeExceptionally(CompletableFuture.java:1977)
	at org.apache.ratis.grpc.client.GrpcClientProtocolClient$AsyncStreamObservers.lambda$timeoutCheck$3(GrpcClientProtocolClient.java:324)
	at java.util.Optional.ifPresent(Optional.java:159)
	at org.apache.ratis.grpc.client.GrpcClientProtocolClient$AsyncStreamObservers.handleReplyFuture(GrpcClientProtocolClient.java:329)
	at org.apache.ratis.grpc.client.GrpcClientProtocolClient$AsyncStreamObservers.timeoutCheck(GrpcClientProtocolClient.java:324)
	at org.apache.ratis.grpc.client.GrpcClientProtocolClient$AsyncStreamObservers.lambda$onNext$1(GrpcClientProtocolClient.java:318)
	at org.apache.ratis.util.TimeoutScheduler.lambda$onTimeout$0(TimeoutScheduler.java:113)
	at org.apache.ratis.util.TimeoutScheduler.lambda$onTimeout$1(TimeoutScheduler.java:133)
	at org.apache.ratis.util.LogUtils.runAndLog(LogUtils.java:50)
	at org.apache.ratis.util.LogUtils$1.run(LogUtils.java:91)
	at java.util.concurrent.Executors$RunnableAdapter.call(Executors.java:511)
	at java.util.concurrent.FutureTask.run(FutureTask.java:266)
	at java.util.concurrent.ScheduledThreadPoolExecutor$ScheduledFutureTask.access$201(ScheduledThreadPoolExecutor.java:180)
	at java.util.concurrent.ScheduledThreadPoolExecutor$ScheduledFutureTask.run(ScheduledThreadPoolExecutor.java:293)
	at java.util.concurrent.ThreadPoolExecutor.runWorker(ThreadPoolExecutor.java:1149)
	at java.util.concurrent.ThreadPoolExecutor$Worker.run(ThreadPoolExecutor.java:624)
	at java.lang.Thread.run(Thread.java:748)
2019-10-10 01:18:34,672 [java.util.concurrent.ThreadPoolExecutor$Worker@237f1427[State = -1, empty queue]] WARN  util.TimeoutScheduler (LogUtils.java:runAndLog(55)) - Failed to task #0: java.lang.NullPointerException
 0.00% |█                                                                                                    |  0/1 Time: 0:02:41 0.00% |█                                                                                                    |  0/1 Time: 0:02:42 0.00% |█                                                                                                    |  0/1 Time: 0:02:43 0.00% |█                                                                                                    |  0/1 Time: 0:02:442019-10-10 01:18:38,712 [java.util.concurrent.ThreadPoolExecutor$Worker@51991ec6[State = -1, empty queue]] ERROR client.GrpcClientProtocolClient (GrpcClientProtocolClient.java:close(148)) - Unexpected exception while waiting for channel termination
java.lang.InterruptedException
	at java.util.concurrent.locks.AbstractQueuedSynchronizer.tryAcquireSharedNanos(AbstractQueuedSynchronizer.java:1326)
	at java.util.concurrent.CountDownLatch.await(CountDownLatch.java:277)
	at org.apache.ratis.thirdparty.io.grpc.internal.ManagedChannelImpl.awaitTermination(ManagedChannelImpl.java:763)
	at org.apache.ratis.thirdparty.io.grpc.internal.ForwardingManagedChannel.awaitTermination(ForwardingManagedChannel.java:57)
	at org.apache.ratis.thirdparty.io.grpc.internal.ManagedChannelOrphanWrapper.awaitTermination(ManagedChannelOrphanWrapper.java:70)
	at org.apache.ratis.grpc.client.GrpcClientProtocolClient.close(GrpcClientProtocolClient.java:146)
	at org.apache.ratis.util.PeerProxyMap$PeerAndProxy.lambda$close$1(PeerProxyMap.java:74)
	at org.apache.ratis.util.LifeCycle.lambda$checkStateAndClose$2(LifeCycle.java:231)
	at org.apache.ratis.util.LifeCycle.checkStateAndClose(LifeCycle.java:251)
	at org.apache.ratis.util.LifeCycle.checkStateAndClose(LifeCycle.java:229)
	at org.apache.ratis.util.PeerProxyMap$PeerAndProxy.close(PeerProxyMap.java:70)
	at org.apache.ratis.util.PeerProxyMap.resetProxy(PeerProxyMap.java:127)
	at org.apache.ratis.util.PeerProxyMap.handleException(PeerProxyMap.java:136)
	at org.apache.ratis.client.impl.RaftClientRpcWithProxy.handleException(RaftClientRpcWithProxy.java:47)
	at org.apache.ratis.client.impl.RaftClientImpl.handleIOException(RaftClientImpl.java:372)
	at org.apache.ratis.client.impl.OrderedAsync.lambda$sendRequest$10(OrderedAsync.java:236)
	at java.util.concurrent.CompletableFuture.uniExceptionally(CompletableFuture.java:870)
	at java.util.concurrent.CompletableFuture$UniExceptionally.tryFire(CompletableFuture.java:852)
	at java.util.concurrent.CompletableFuture.postComplete(CompletableFuture.java:474)
	at java.util.concurrent.CompletableFuture.completeExceptionally(CompletableFuture.java:1977)
	at org.apache.ratis.grpc.client.GrpcClientProtocolClient$AsyncStreamObservers.lambda$timeoutCheck$3(GrpcClientProtocolClient.java:324)
	at java.util.Optional.ifPresent(Optional.java:159)
	at org.apache.ratis.grpc.client.GrpcClientProtocolClient$AsyncStreamObservers.handleReplyFuture(GrpcClientProtocolClient.java:329)
	at org.apache.ratis.grpc.client.GrpcClientProtocolClient$AsyncStreamObservers.timeoutCheck(GrpcClientProtocolClient.java:324)
	at org.apache.ratis.grpc.client.GrpcClientProtocolClient$AsyncStreamObservers.lambda$onNext$1(GrpcClientProtocolClient.java:318)
	at org.apache.ratis.util.TimeoutScheduler.lambda$onTimeout$0(TimeoutScheduler.java:113)
	at org.apache.ratis.util.TimeoutScheduler.lambda$onTimeout$1(TimeoutScheduler.java:133)
	at org.apache.ratis.util.LogUtils.runAndLog(LogUtils.java:50)
	at org.apache.ratis.util.LogUtils$1.run(LogUtils.java:91)
	at java.util.concurrent.Executors$RunnableAdapter.call(Executors.java:511)
	at java.util.concurrent.FutureTask.run(FutureTask.java:266)
	at java.util.concurrent.ScheduledThreadPoolExecutor$ScheduledFutureTask.access$201(ScheduledThreadPoolExecutor.java:180)
	at java.util.concurrent.ScheduledThreadPoolExecutor$ScheduledFutureTask.run(ScheduledThreadPoolExecutor.java:293)
	at java.util.concurrent.ThreadPoolExecutor.runWorker(ThreadPoolExecutor.java:1149)
	at java.util.concurrent.ThreadPoolExecutor$Worker.run(ThreadPoolExecutor.java:624)
	at java.lang.Thread.run(Thread.java:748)
2019-10-10 01:18:38,715 [java.util.concurrent.ThreadPoolExecutor$Worker@51991ec6[State = -1, empty queue]] WARN  util.TimeoutScheduler (LogUtils.java:runAndLog(55)) - Failed to task #0: java.lang.NullPointerException
 0.00% |█                                                                                                    |  0/1 Time: 0:02:45 0.00% |█                                                                                                    |  0/1 Time: 0:02:46 0.00% |█                                                                                                    |  0/1 Time: 0:02:47 0.00% |█                                                                                                    |  0/1 Time: 0:02:482019-10-10 01:18:42,747 [java.util.concurrent.ThreadPoolExecutor$Worker@416275c0[State = -1, empty queue]] ERROR client.GrpcClientProtocolClient (GrpcClientProtocolClient.java:close(148)) - Unexpected exception while waiting for channel termination
java.lang.InterruptedException
	at java.util.concurrent.locks.AbstractQueuedSynchronizer.tryAcquireSharedNanos(AbstractQueuedSynchronizer.java:1326)
	at java.util.concurrent.CountDownLatch.await(CountDownLatch.java:277)
	at org.apache.ratis.thirdparty.io.grpc.internal.ManagedChannelImpl.awaitTermination(ManagedChannelImpl.java:763)
	at org.apache.ratis.thirdparty.io.grpc.internal.ForwardingManagedChannel.awaitTermination(ForwardingManagedChannel.java:57)
	at org.apache.ratis.thirdparty.io.grpc.internal.ManagedChannelOrphanWrapper.awaitTermination(ManagedChannelOrphanWrapper.java:70)
	at org.apache.ratis.grpc.client.GrpcClientProtocolClient.close(GrpcClientProtocolClient.java:146)
	at org.apache.ratis.util.PeerProxyMap$PeerAndProxy.lambda$close$1(PeerProxyMap.java:74)
	at org.apache.ratis.util.LifeCycle.lambda$checkStateAndClose$2(LifeCycle.java:231)
	at org.apache.ratis.util.LifeCycle.checkStateAndClose(LifeCycle.java:251)
	at org.apache.ratis.util.LifeCycle.checkStateAndClose(LifeCycle.java:229)
	at org.apache.ratis.util.PeerProxyMap$PeerAndProxy.close(PeerProxyMap.java:70)
	at org.apache.ratis.util.PeerProxyMap.resetProxy(PeerProxyMap.java:127)
	at org.apache.ratis.util.PeerProxyMap.handleException(PeerProxyMap.java:136)
	at org.apache.ratis.client.impl.RaftClientRpcWithProxy.handleException(RaftClientRpcWithProxy.java:47)
	at org.apache.ratis.client.impl.RaftClientImpl.handleIOException(RaftClientImpl.java:372)
	at org.apache.ratis.client.impl.OrderedAsync.lambda$sendRequest$10(OrderedAsync.java:236)
	at java.util.concurrent.CompletableFuture.uniExceptionally(CompletableFuture.java:870)
	at java.util.concurrent.CompletableFuture$UniExceptionally.tryFire(CompletableFuture.java:852)
	at java.util.concurrent.CompletableFuture.postComplete(CompletableFuture.java:474)
	at java.util.concurrent.CompletableFuture.completeExceptionally(CompletableFuture.java:1977)
	at org.apache.ratis.grpc.client.GrpcClientProtocolClient$AsyncStreamObservers.lambda$timeoutCheck$3(GrpcClientProtocolClient.java:324)
	at java.util.Optional.ifPresent(Optional.java:159)
	at org.apache.ratis.grpc.client.GrpcClientProtocolClient$AsyncStreamObservers.handleReplyFuture(GrpcClientProtocolClient.java:329)
	at org.apache.ratis.grpc.client.GrpcClientProtocolClient$AsyncStreamObservers.timeoutCheck(GrpcClientProtocolClient.java:324)
	at org.apache.ratis.grpc.client.GrpcClientProtocolClient$AsyncStreamObservers.lambda$onNext$1(GrpcClientProtocolClient.java:318)
	at org.apache.ratis.util.TimeoutScheduler.lambda$onTimeout$0(TimeoutScheduler.java:113)
	at org.apache.ratis.util.TimeoutScheduler.lambda$onTimeout$1(TimeoutScheduler.java:133)
	at org.apache.ratis.util.LogUtils.runAndLog(LogUtils.java:50)
	at org.apache.ratis.util.LogUtils$1.run(LogUtils.java:91)
	at java.util.concurrent.Executors$RunnableAdapter.call(Executors.java:511)
	at java.util.concurrent.FutureTask.run(FutureTask.java:266)
	at java.util.concurrent.ScheduledThreadPoolExecutor$ScheduledFutureTask.access$201(ScheduledThreadPoolExecutor.java:180)
	at java.util.concurrent.ScheduledThreadPoolExecutor$ScheduledFutureTask.run(ScheduledThreadPoolExecutor.java:293)
	at java.util.concurrent.ThreadPoolExecutor.runWorker(ThreadPoolExecutor.java:1149)
	at java.util.concurrent.ThreadPoolExecutor$Worker.run(ThreadPoolExecutor.java:624)
	at java.lang.Thread.run(Thread.java:748)
2019-10-10 01:18:42,750 [java.util.concurrent.ThreadPoolExecutor$Worker@416275c0[State = -1, empty queue]] WARN  util.TimeoutScheduler (LogUtils.java:runAndLog(55)) - Failed to task #0: java.lang.NullPointerException
 0.00% |█                                                                                                    |  0/1 Time: 0:02:49 0.00% |█                                                                                                    |  0/1 Time: 0:02:50 0.00% |█                                                                                                    |  0/1 Time: 0:02:51 0.00% |█                                                                                                    |  0/1 Time: 0:02:522019-10-10 01:18:46,782 [java.util.concurrent.ThreadPoolExecutor$Worker@5a71cc12[State = -1, empty queue]] ERROR client.GrpcClientProtocolClient (GrpcClientProtocolClient.java:close(148)) - Unexpected exception while waiting for channel termination
java.lang.InterruptedException
	at java.util.concurrent.locks.AbstractQueuedSynchronizer.tryAcquireSharedNanos(AbstractQueuedSynchronizer.java:1326)
	at java.util.concurrent.CountDownLatch.await(CountDownLatch.java:277)
	at org.apache.ratis.thirdparty.io.grpc.internal.ManagedChannelImpl.awaitTermination(ManagedChannelImpl.java:763)
	at org.apache.ratis.thirdparty.io.grpc.internal.ForwardingManagedChannel.awaitTermination(ForwardingManagedChannel.java:57)
	at org.apache.ratis.thirdparty.io.grpc.internal.ManagedChannelOrphanWrapper.awaitTermination(ManagedChannelOrphanWrapper.java:70)
	at org.apache.ratis.grpc.client.GrpcClientProtocolClient.close(GrpcClientProtocolClient.java:146)
	at org.apache.ratis.util.PeerProxyMap$PeerAndProxy.lambda$close$1(PeerProxyMap.java:74)
	at org.apache.ratis.util.LifeCycle.lambda$checkStateAndClose$2(LifeCycle.java:231)
	at org.apache.ratis.util.LifeCycle.checkStateAndClose(LifeCycle.java:251)
	at org.apache.ratis.util.LifeCycle.checkStateAndClose(LifeCycle.java:229)
	at org.apache.ratis.util.PeerProxyMap$PeerAndProxy.close(PeerProxyMap.java:70)
	at org.apache.ratis.util.PeerProxyMap.resetProxy(PeerProxyMap.java:127)
	at org.apache.ratis.util.PeerProxyMap.handleException(PeerProxyMap.java:136)
	at org.apache.ratis.client.impl.RaftClientRpcWithProxy.handleException(RaftClientRpcWithProxy.java:47)
	at org.apache.ratis.client.impl.RaftClientImpl.handleIOException(RaftClientImpl.java:372)
	at org.apache.ratis.client.impl.OrderedAsync.lambda$sendRequest$10(OrderedAsync.java:236)
	at java.util.concurrent.CompletableFuture.uniExceptionally(CompletableFuture.java:870)
	at java.util.concurrent.CompletableFuture$UniExceptionally.tryFire(CompletableFuture.java:852)
	at java.util.concurrent.CompletableFuture.postComplete(CompletableFuture.java:474)
	at java.util.concurrent.CompletableFuture.completeExceptionally(CompletableFuture.java:1977)
	at org.apache.ratis.grpc.client.GrpcClientProtocolClient$AsyncStreamObservers.lambda$timeoutCheck$3(GrpcClientProtocolClient.java:324)
	at java.util.Optional.ifPresent(Optional.java:159)
	at org.apache.ratis.grpc.client.GrpcClientProtocolClient$AsyncStreamObservers.handleReplyFuture(GrpcClientProtocolClient.java:329)
	at org.apache.ratis.grpc.client.GrpcClientProtocolClient$AsyncStreamObservers.timeoutCheck(GrpcClientProtocolClient.java:324)
	at org.apache.ratis.grpc.client.GrpcClientProtocolClient$AsyncStreamObservers.lambda$onNext$1(GrpcClientProtocolClient.java:318)
	at org.apache.ratis.util.TimeoutScheduler.lambda$onTimeout$0(TimeoutScheduler.java:113)
	at org.apache.ratis.util.TimeoutScheduler.lambda$onTimeout$1(TimeoutScheduler.java:133)
	at org.apache.ratis.util.LogUtils.runAndLog(LogUtils.java:50)
	at org.apache.ratis.util.LogUtils$1.run(LogUtils.java:91)
	at java.util.concurrent.Executors$RunnableAdapter.call(Executors.java:511)
	at java.util.concurrent.FutureTask.run(FutureTask.java:266)
	at java.util.concurrent.ScheduledThreadPoolExecutor$ScheduledFutureTask.access$201(ScheduledThreadPoolExecutor.java:180)
	at java.util.concurrent.ScheduledThreadPoolExecutor$ScheduledFutureTask.run(ScheduledThreadPoolExecutor.java:293)
	at java.util.concurrent.ThreadPoolExecutor.runWorker(ThreadPoolExecutor.java:1149)
	at java.util.concurrent.ThreadPoolExecutor$Worker.run(ThreadPoolExecutor.java:624)
	at java.lang.Thread.run(Thread.java:748)
2019-10-10 01:18:46,782 [java.util.concurrent.ThreadPoolExecutor$Worker@5a71cc12[State = -1, empty queue]] WARN  util.TimeoutScheduler (LogUtils.java:runAndLog(55)) - Failed to task #0: java.lang.NullPointerException
 0.00% |█                                                                                                    |  0/1 Time: 0:02:53 0.00% |█                                                                                                    |  0/1 Time: 0:02:54 0.00% |█                                                                                                    |  0/1 Time: 0:02:55 0.00% |█                                                                                                    |  0/1 Time: 0:02:562019-10-10 01:18:50,814 [java.util.concurrent.ThreadPoolExecutor$Worker@38ab4875[State = -1, empty queue]] ERROR client.GrpcClientProtocolClient (GrpcClientProtocolClient.java:close(148)) - Unexpected exception while waiting for channel termination
java.lang.InterruptedException
	at java.util.concurrent.locks.AbstractQueuedSynchronizer.tryAcquireSharedNanos(AbstractQueuedSynchronizer.java:1326)
	at java.util.concurrent.CountDownLatch.await(CountDownLatch.java:277)
	at org.apache.ratis.thirdparty.io.grpc.internal.ManagedChannelImpl.awaitTermination(ManagedChannelImpl.java:763)
	at org.apache.ratis.thirdparty.io.grpc.internal.ForwardingManagedChannel.awaitTermination(ForwardingManagedChannel.java:57)
	at org.apache.ratis.thirdparty.io.grpc.internal.ManagedChannelOrphanWrapper.awaitTermination(ManagedChannelOrphanWrapper.java:70)
	at org.apache.ratis.grpc.client.GrpcClientProtocolClient.close(GrpcClientProtocolClient.java:146)
	at org.apache.ratis.util.PeerProxyMap$PeerAndProxy.lambda$close$1(PeerProxyMap.java:74)
	at org.apache.ratis.util.LifeCycle.lambda$checkStateAndClose$2(LifeCycle.java:231)
	at org.apache.ratis.util.LifeCycle.checkStateAndClose(LifeCycle.java:251)
	at org.apache.ratis.util.LifeCycle.checkStateAndClose(LifeCycle.java:229)
	at org.apache.ratis.util.PeerProxyMap$PeerAndProxy.close(PeerProxyMap.java:70)
	at org.apache.ratis.util.PeerProxyMap.resetProxy(PeerProxyMap.java:127)
	at org.apache.ratis.util.PeerProxyMap.handleException(PeerProxyMap.java:136)
	at org.apache.ratis.client.impl.RaftClientRpcWithProxy.handleException(RaftClientRpcWithProxy.java:47)
	at org.apache.ratis.client.impl.RaftClientImpl.handleIOException(RaftClientImpl.java:372)
	at org.apache.ratis.client.impl.OrderedAsync.lambda$sendRequest$10(OrderedAsync.java:236)
	at java.util.concurrent.CompletableFuture.uniExceptionally(CompletableFuture.java:870)
	at java.util.concurrent.CompletableFuture$UniExceptionally.tryFire(CompletableFuture.java:852)
	at java.util.concurrent.CompletableFuture.postComplete(CompletableFuture.java:474)
	at java.util.concurrent.CompletableFuture.completeExceptionally(CompletableFuture.java:1977)
	at org.apache.ratis.grpc.client.GrpcClientProtocolClient$AsyncStreamObservers.lambda$timeoutCheck$3(GrpcClientProtocolClient.java:324)
	at java.util.Optional.ifPresent(Optional.java:159)
	at org.apache.ratis.grpc.client.GrpcClientProtocolClient$AsyncStreamObservers.handleReplyFuture(GrpcClientProtocolClient.java:329)
	at org.apache.ratis.grpc.client.GrpcClientProtocolClient$AsyncStreamObservers.timeoutCheck(GrpcClientProtocolClient.java:324)
	at org.apache.ratis.grpc.client.GrpcClientProtocolClient$AsyncStreamObservers.lambda$onNext$1(GrpcClientProtocolClient.java:318)
	at org.apache.ratis.util.TimeoutScheduler.lambda$onTimeout$0(TimeoutScheduler.java:113)
	at org.apache.ratis.util.TimeoutScheduler.lambda$onTimeout$1(TimeoutScheduler.java:133)
	at org.apache.ratis.util.LogUtils.runAndLog(LogUtils.java:50)
	at org.apache.ratis.util.LogUtils$1.run(LogUtils.java:91)
	at java.util.concurrent.Executors$RunnableAdapter.call(Executors.java:511)
	at java.util.concurrent.FutureTask.run(FutureTask.java:266)
	at java.util.concurrent.ScheduledThreadPoolExecutor$ScheduledFutureTask.access$201(ScheduledThreadPoolExecutor.java:180)
	at java.util.concurrent.ScheduledThreadPoolExecutor$ScheduledFutureTask.run(ScheduledThreadPoolExecutor.java:293)
	at java.util.concurrent.ThreadPoolExecutor.runWorker(ThreadPoolExecutor.java:1149)
	at java.util.concurrent.ThreadPoolExecutor$Worker.run(ThreadPoolExecutor.java:624)
	at java.lang.Thread.run(Thread.java:748)
2019-10-10 01:18:50,815 [java.util.concurrent.ThreadPoolExecutor$Worker@38ab4875[State = -1, empty queue]] WARN  util.TimeoutScheduler (LogUtils.java:runAndLog(55)) - Failed to task #0: java.lang.NullPointerException
 0.00% |█                                                                                                    |  0/1 Time: 0:02:57 0.00% |█                                                                                                    |  0/1 Time: 0:02:58 0.00% |█                                                                                                    |  0/1 Time: 0:02:59 0.00% |█                                                                                                    |  0/1 Time: 0:03:002019-10-10 01:18:54,853 [java.util.concurrent.ThreadPoolExecutor$Worker@786a86fe[State = -1, empty queue]] ERROR client.GrpcClientProtocolClient (GrpcClientProtocolClient.java:close(148)) - Unexpected exception while waiting for channel termination
java.lang.InterruptedException
	at java.util.concurrent.locks.AbstractQueuedSynchronizer.tryAcquireSharedNanos(AbstractQueuedSynchronizer.java:1326)
	at java.util.concurrent.CountDownLatch.await(CountDownLatch.java:277)
	at org.apache.ratis.thirdparty.io.grpc.internal.ManagedChannelImpl.awaitTermination(ManagedChannelImpl.java:763)
	at org.apache.ratis.thirdparty.io.grpc.internal.ForwardingManagedChannel.awaitTermination(ForwardingManagedChannel.java:57)
	at org.apache.ratis.thirdparty.io.grpc.internal.ManagedChannelOrphanWrapper.awaitTermination(ManagedChannelOrphanWrapper.java:70)
	at org.apache.ratis.grpc.client.GrpcClientProtocolClient.close(GrpcClientProtocolClient.java:146)
	at org.apache.ratis.util.PeerProxyMap$PeerAndProxy.lambda$close$1(PeerProxyMap.java:74)
	at org.apache.ratis.util.LifeCycle.lambda$checkStateAndClose$2(LifeCycle.java:231)
	at org.apache.ratis.util.LifeCycle.checkStateAndClose(LifeCycle.java:251)
	at org.apache.ratis.util.LifeCycle.checkStateAndClose(LifeCycle.java:229)
	at org.apache.ratis.util.PeerProxyMap$PeerAndProxy.close(PeerProxyMap.java:70)
	at org.apache.ratis.util.PeerProxyMap.resetProxy(PeerProxyMap.java:127)
	at org.apache.ratis.util.PeerProxyMap.handleException(PeerProxyMap.java:136)
	at org.apache.ratis.client.impl.RaftClientRpcWithProxy.handleException(RaftClientRpcWithProxy.java:47)
	at org.apache.ratis.client.impl.RaftClientImpl.handleIOException(RaftClientImpl.java:372)
	at org.apache.ratis.client.impl.OrderedAsync.lambda$sendRequest$10(OrderedAsync.java:236)
	at java.util.concurrent.CompletableFuture.uniExceptionally(CompletableFuture.java:870)
	at java.util.concurrent.CompletableFuture$UniExceptionally.tryFire(CompletableFuture.java:852)
	at java.util.concurrent.CompletableFuture.postComplete(CompletableFuture.java:474)
	at java.util.concurrent.CompletableFuture.completeExceptionally(CompletableFuture.java:1977)
	at org.apache.ratis.grpc.client.GrpcClientProtocolClient$AsyncStreamObservers.lambda$timeoutCheck$3(GrpcClientProtocolClient.java:324)
	at java.util.Optional.ifPresent(Optional.java:159)
	at org.apache.ratis.grpc.client.GrpcClientProtocolClient$AsyncStreamObservers.handleReplyFuture(GrpcClientProtocolClient.java:329)
	at org.apache.ratis.grpc.client.GrpcClientProtocolClient$AsyncStreamObservers.timeoutCheck(GrpcClientProtocolClient.java:324)
	at org.apache.ratis.grpc.client.GrpcClientProtocolClient$AsyncStreamObservers.lambda$onNext$1(GrpcClientProtocolClient.java:318)
	at org.apache.ratis.util.TimeoutScheduler.lambda$onTimeout$0(TimeoutScheduler.java:113)
	at org.apache.ratis.util.TimeoutScheduler.lambda$onTimeout$1(TimeoutScheduler.java:133)
	at org.apache.ratis.util.LogUtils.runAndLog(LogUtils.java:50)
	at org.apache.ratis.util.LogUtils$1.run(LogUtils.java:91)
	at java.util.concurrent.Executors$RunnableAdapter.call(Executors.java:511)
	at java.util.concurrent.FutureTask.run(FutureTask.java:266)
	at java.util.concurrent.ScheduledThreadPoolExecutor$ScheduledFutureTask.access$201(ScheduledThreadPoolExecutor.java:180)
	at java.util.concurrent.ScheduledThreadPoolExecutor$ScheduledFutureTask.run(ScheduledThreadPoolExecutor.java:293)
	at java.util.concurrent.ThreadPoolExecutor.runWorker(ThreadPoolExecutor.java:1149)
	at java.util.concurrent.ThreadPoolExecutor$Worker.run(ThreadPoolExecutor.java:624)
	at java.lang.Thread.run(Thread.java:748)
2019-10-10 01:18:54,854 [java.util.concurrent.ThreadPoolExecutor$Worker@786a86fe[State = -1, empty queue]] WARN  util.TimeoutScheduler (LogUtils.java:runAndLog(55)) - Failed to task #0: java.lang.NullPointerException
 0.00% |█                                                                                                    |  0/1 Time: 0:03:01 0.00% |█                                                                                                    |  0/1 Time: 0:03:02 0.00% |█                                                                                                    |  0/1 Time: 0:03:03 0.00% |█                                                                                                    |  0/1 Time: 0:03:042019-10-10 01:18:58,893 [java.util.concurrent.ThreadPoolExecutor$Worker@2485f824[State = -1, empty queue]] ERROR client.GrpcClientProtocolClient (GrpcClientProtocolClient.java:close(148)) - Unexpected exception while waiting for channel termination
java.lang.InterruptedException
	at java.util.concurrent.locks.AbstractQueuedSynchronizer.tryAcquireSharedNanos(AbstractQueuedSynchronizer.java:1326)
	at java.util.concurrent.CountDownLatch.await(CountDownLatch.java:277)
	at org.apache.ratis.thirdparty.io.grpc.internal.ManagedChannelImpl.awaitTermination(ManagedChannelImpl.java:763)
	at org.apache.ratis.thirdparty.io.grpc.internal.ForwardingManagedChannel.awaitTermination(ForwardingManagedChannel.java:57)
	at org.apache.ratis.thirdparty.io.grpc.internal.ManagedChannelOrphanWrapper.awaitTermination(ManagedChannelOrphanWrapper.java:70)
	at org.apache.ratis.grpc.client.GrpcClientProtocolClient.close(GrpcClientProtocolClient.java:146)
	at org.apache.ratis.util.PeerProxyMap$PeerAndProxy.lambda$close$1(PeerProxyMap.java:74)
	at org.apache.ratis.util.LifeCycle.lambda$checkStateAndClose$2(LifeCycle.java:231)
	at org.apache.ratis.util.LifeCycle.checkStateAndClose(LifeCycle.java:251)
	at org.apache.ratis.util.LifeCycle.checkStateAndClose(LifeCycle.java:229)
	at org.apache.ratis.util.PeerProxyMap$PeerAndProxy.close(PeerProxyMap.java:70)
	at org.apache.ratis.util.PeerProxyMap.resetProxy(PeerProxyMap.java:127)
	at org.apache.ratis.util.PeerProxyMap.handleException(PeerProxyMap.java:136)
	at org.apache.ratis.client.impl.RaftClientRpcWithProxy.handleException(RaftClientRpcWithProxy.java:47)
	at org.apache.ratis.client.impl.RaftClientImpl.handleIOException(RaftClientImpl.java:372)
	at org.apache.ratis.client.impl.OrderedAsync.lambda$sendRequest$10(OrderedAsync.java:236)
	at java.util.concurrent.CompletableFuture.uniExceptionally(CompletableFuture.java:870)
	at java.util.concurrent.CompletableFuture$UniExceptionally.tryFire(CompletableFuture.java:852)
	at java.util.concurrent.CompletableFuture.postComplete(CompletableFuture.java:474)
	at java.util.concurrent.CompletableFuture.completeExceptionally(CompletableFuture.java:1977)
	at org.apache.ratis.grpc.client.GrpcClientProtocolClient$AsyncStreamObservers.lambda$timeoutCheck$3(GrpcClientProtocolClient.java:324)
	at java.util.Optional.ifPresent(Optional.java:159)
	at org.apache.ratis.grpc.client.GrpcClientProtocolClient$AsyncStreamObservers.handleReplyFuture(GrpcClientProtocolClient.java:329)
	at org.apache.ratis.grpc.client.GrpcClientProtocolClient$AsyncStreamObservers.timeoutCheck(GrpcClientProtocolClient.java:324)
	at org.apache.ratis.grpc.client.GrpcClientProtocolClient$AsyncStreamObservers.lambda$onNext$1(GrpcClientProtocolClient.java:318)
	at org.apache.ratis.util.TimeoutScheduler.lambda$onTimeout$0(TimeoutScheduler.java:113)
	at org.apache.ratis.util.TimeoutScheduler.lambda$onTimeout$1(TimeoutScheduler.java:133)
	at org.apache.ratis.util.LogUtils.runAndLog(LogUtils.java:50)
	at org.apache.ratis.util.LogUtils$1.run(LogUtils.java:91)
	at java.util.concurrent.Executors$RunnableAdapter.call(Executors.java:511)
	at java.util.concurrent.FutureTask.run(FutureTask.java:266)
	at java.util.concurrent.ScheduledThreadPoolExecutor$ScheduledFutureTask.access$201(ScheduledThreadPoolExecutor.java:180)
	at java.util.concurrent.ScheduledThreadPoolExecutor$ScheduledFutureTask.run(ScheduledThreadPoolExecutor.java:293)
	at java.util.concurrent.ThreadPoolExecutor.runWorker(ThreadPoolExecutor.java:1149)
	at java.util.concurrent.ThreadPoolExecutor$Worker.run(ThreadPoolExecutor.java:624)
	at java.lang.Thread.run(Thread.java:748)
2019-10-10 01:18:58,894 [java.util.concurrent.ThreadPoolExecutor$Worker@2485f824[State = -1, empty queue]] WARN  util.TimeoutScheduler (LogUtils.java:runAndLog(55)) - Failed to task #0: java.lang.NullPointerException
 0.00% |█                                                                                                    |  0/1 Time: 0:03:05 0.00% |█                                                                                                    |  0/1 Time: 0:03:06 0.00% |█                                                                                                    |  0/1 Time: 0:03:07 0.00% |█                                                                                                    |  0/1 Time: 0:03:082019-10-10 01:19:02,933 [java.util.concurrent.ThreadPoolExecutor$Worker@6f288aff[State = -1, empty queue]] ERROR client.GrpcClientProtocolClient (GrpcClientProtocolClient.java:close(148)) - Unexpected exception while waiting for channel termination
java.lang.InterruptedException
	at java.util.concurrent.locks.AbstractQueuedSynchronizer.tryAcquireSharedNanos(AbstractQueuedSynchronizer.java:1326)
	at java.util.concurrent.CountDownLatch.await(CountDownLatch.java:277)
	at org.apache.ratis.thirdparty.io.grpc.internal.ManagedChannelImpl.awaitTermination(ManagedChannelImpl.java:763)
	at org.apache.ratis.thirdparty.io.grpc.internal.ForwardingManagedChannel.awaitTermination(ForwardingManagedChannel.java:57)
	at org.apache.ratis.thirdparty.io.grpc.internal.ManagedChannelOrphanWrapper.awaitTermination(ManagedChannelOrphanWrapper.java:70)
	at org.apache.ratis.grpc.client.GrpcClientProtocolClient.close(GrpcClientProtocolClient.java:146)
	at org.apache.ratis.util.PeerProxyMap$PeerAndProxy.lambda$close$1(PeerProxyMap.java:74)
	at org.apache.ratis.util.LifeCycle.lambda$checkStateAndClose$2(LifeCycle.java:231)
	at org.apache.ratis.util.LifeCycle.checkStateAndClose(LifeCycle.java:251)
	at org.apache.ratis.util.LifeCycle.checkStateAndClose(LifeCycle.java:229)
	at org.apache.ratis.util.PeerProxyMap$PeerAndProxy.close(PeerProxyMap.java:70)
	at org.apache.ratis.util.PeerProxyMap.resetProxy(PeerProxyMap.java:127)
	at org.apache.ratis.util.PeerProxyMap.handleException(PeerProxyMap.java:136)
	at org.apache.ratis.client.impl.RaftClientRpcWithProxy.handleException(RaftClientRpcWithProxy.java:47)
	at org.apache.ratis.client.impl.RaftClientImpl.handleIOException(RaftClientImpl.java:372)
	at org.apache.ratis.client.impl.OrderedAsync.lambda$sendRequest$10(OrderedAsync.java:236)
	at java.util.concurrent.CompletableFuture.uniExceptionally(CompletableFuture.java:870)
	at java.util.concurrent.CompletableFuture$UniExceptionally.tryFire(CompletableFuture.java:852)
	at java.util.concurrent.CompletableFuture.postComplete(CompletableFuture.java:474)
	at java.util.concurrent.CompletableFuture.completeExceptionally(CompletableFuture.java:1977)
	at org.apache.ratis.grpc.client.GrpcClientProtocolClient$AsyncStreamObservers.lambda$timeoutCheck$3(GrpcClientProtocolClient.java:324)
	at java.util.Optional.ifPresent(Optional.java:159)
	at org.apache.ratis.grpc.client.GrpcClientProtocolClient$AsyncStreamObservers.handleReplyFuture(GrpcClientProtocolClient.java:329)
	at org.apache.ratis.grpc.client.GrpcClientProtocolClient$AsyncStreamObservers.timeoutCheck(GrpcClientProtocolClient.java:324)
	at org.apache.ratis.grpc.client.GrpcClientProtocolClient$AsyncStreamObservers.lambda$onNext$1(GrpcClientProtocolClient.java:318)
	at org.apache.ratis.util.TimeoutScheduler.lambda$onTimeout$0(TimeoutScheduler.java:113)
	at org.apache.ratis.util.TimeoutScheduler.lambda$onTimeout$1(TimeoutScheduler.java:133)
	at org.apache.ratis.util.LogUtils.runAndLog(LogUtils.java:50)
	at org.apache.ratis.util.LogUtils$1.run(LogUtils.java:91)
	at java.util.concurrent.Executors$RunnableAdapter.call(Executors.java:511)
	at java.util.concurrent.FutureTask.run(FutureTask.java:266)
	at java.util.concurrent.ScheduledThreadPoolExecutor$ScheduledFutureTask.access$201(ScheduledThreadPoolExecutor.java:180)
	at java.util.concurrent.ScheduledThreadPoolExecutor$ScheduledFutureTask.run(ScheduledThreadPoolExecutor.java:293)
	at java.util.concurrent.ThreadPoolExecutor.runWorker(ThreadPoolExecutor.java:1149)
	at java.util.concurrent.ThreadPoolExecutor$Worker.run(ThreadPoolExecutor.java:624)
	at java.lang.Thread.run(Thread.java:748)
2019-10-10 01:19:02,934 [java.util.concurrent.ThreadPoolExecutor$Worker@6f288aff[State = -1, empty queue]] WARN  util.TimeoutScheduler (LogUtils.java:runAndLog(55)) - Failed to task #0: java.lang.NullPointerException
 0.00% |█                                                                                                    |  0/1 Time: 0:03:09 0.00% |█                                                                                                    |  0/1 Time: 0:03:10 0.00% |█                                                                                                    |  0/1 Time: 0:03:11 0.00% |█                                                                                                    |  0/1 Time: 0:03:122019-10-10 01:19:06,981 [java.util.concurrent.ThreadPoolExecutor$Worker@39dc03a1[State = -1, empty queue]] ERROR client.GrpcClientProtocolClient (GrpcClientProtocolClient.java:close(148)) - Unexpected exception while waiting for channel termination
java.lang.InterruptedException
	at java.util.concurrent.locks.AbstractQueuedSynchronizer.tryAcquireSharedNanos(AbstractQueuedSynchronizer.java:1326)
	at java.util.concurrent.CountDownLatch.await(CountDownLatch.java:277)
	at org.apache.ratis.thirdparty.io.grpc.internal.ManagedChannelImpl.awaitTermination(ManagedChannelImpl.java:763)
	at org.apache.ratis.thirdparty.io.grpc.internal.ForwardingManagedChannel.awaitTermination(ForwardingManagedChannel.java:57)
	at org.apache.ratis.thirdparty.io.grpc.internal.ManagedChannelOrphanWrapper.awaitTermination(ManagedChannelOrphanWrapper.java:70)
	at org.apache.ratis.grpc.client.GrpcClientProtocolClient.close(GrpcClientProtocolClient.java:146)
	at org.apache.ratis.util.PeerProxyMap$PeerAndProxy.lambda$close$1(PeerProxyMap.java:74)
	at org.apache.ratis.util.LifeCycle.lambda$checkStateAndClose$2(LifeCycle.java:231)
	at org.apache.ratis.util.LifeCycle.checkStateAndClose(LifeCycle.java:251)
	at org.apache.ratis.util.LifeCycle.checkStateAndClose(LifeCycle.java:229)
	at org.apache.ratis.util.PeerProxyMap$PeerAndProxy.close(PeerProxyMap.java:70)
	at org.apache.ratis.util.PeerProxyMap.resetProxy(PeerProxyMap.java:127)
	at org.apache.ratis.util.PeerProxyMap.handleException(PeerProxyMap.java:136)
	at org.apache.ratis.client.impl.RaftClientRpcWithProxy.handleException(RaftClientRpcWithProxy.java:47)
	at org.apache.ratis.client.impl.RaftClientImpl.handleIOException(RaftClientImpl.java:372)
	at org.apache.ratis.client.impl.OrderedAsync.lambda$sendRequest$10(OrderedAsync.java:236)
	at java.util.concurrent.CompletableFuture.uniExceptionally(CompletableFuture.java:870)
	at java.util.concurrent.CompletableFuture$UniExceptionally.tryFire(CompletableFuture.java:852)
	at java.util.concurrent.CompletableFuture.postComplete(CompletableFuture.java:474)
	at java.util.concurrent.CompletableFuture.completeExceptionally(CompletableFuture.java:1977)
	at org.apache.ratis.grpc.client.GrpcClientProtocolClient$AsyncStreamObservers.lambda$timeoutCheck$3(GrpcClientProtocolClient.java:324)
	at java.util.Optional.ifPresent(Optional.java:159)
	at org.apache.ratis.grpc.client.GrpcClientProtocolClient$AsyncStreamObservers.handleReplyFuture(GrpcClientProtocolClient.java:329)
	at org.apache.ratis.grpc.client.GrpcClientProtocolClient$AsyncStreamObservers.timeoutCheck(GrpcClientProtocolClient.java:324)
	at org.apache.ratis.grpc.client.GrpcClientProtocolClient$AsyncStreamObservers.lambda$onNext$1(GrpcClientProtocolClient.java:318)
	at org.apache.ratis.util.TimeoutScheduler.lambda$onTimeout$0(TimeoutScheduler.java:113)
	at org.apache.ratis.util.TimeoutScheduler.lambda$onTimeout$1(TimeoutScheduler.java:133)
	at org.apache.ratis.util.LogUtils.runAndLog(LogUtils.java:50)
	at org.apache.ratis.util.LogUtils$1.run(LogUtils.java:91)
	at java.util.concurrent.Executors$RunnableAdapter.call(Executors.java:511)
	at java.util.concurrent.FutureTask.run(FutureTask.java:266)
	at java.util.concurrent.ScheduledThreadPoolExecutor$ScheduledFutureTask.access$201(ScheduledThreadPoolExecutor.java:180)
	at java.util.concurrent.ScheduledThreadPoolExecutor$ScheduledFutureTask.run(ScheduledThreadPoolExecutor.java:293)
	at java.util.concurrent.ThreadPoolExecutor.runWorker(ThreadPoolExecutor.java:1149)
	at java.util.concurrent.ThreadPoolExecutor$Worker.run(ThreadPoolExecutor.java:624)
	at java.lang.Thread.run(Thread.java:748)
2019-10-10 01:19:06,982 [java.util.concurrent.ThreadPoolExecutor$Worker@39dc03a1[State = -1, empty queue]] WARN  util.TimeoutScheduler (LogUtils.java:runAndLog(55)) - Failed to task #0: java.lang.NullPointerException
 0.00% |█                                                                                                    |  0/1 Time: 0:03:13 0.00% |█                                                                                                    |  0/1 Time: 0:03:14 0.00% |█                                                                                                    |  0/1 Time: 0:03:15 0.00% |█                                                                                                    |  0/1 Time: 0:03:162019-10-10 01:19:11,026 [java.util.concurrent.ThreadPoolExecutor$Worker@e72a0c[State = -1, empty queue]] ERROR client.GrpcClientProtocolClient (GrpcClientProtocolClient.java:close(148)) - Unexpected exception while waiting for channel termination
java.lang.InterruptedException
	at java.util.concurrent.locks.AbstractQueuedSynchronizer.tryAcquireSharedNanos(AbstractQueuedSynchronizer.java:1326)
	at java.util.concurrent.CountDownLatch.await(CountDownLatch.java:277)
	at org.apache.ratis.thirdparty.io.grpc.internal.ManagedChannelImpl.awaitTermination(ManagedChannelImpl.java:763)
	at org.apache.ratis.thirdparty.io.grpc.internal.ForwardingManagedChannel.awaitTermination(ForwardingManagedChannel.java:57)
	at org.apache.ratis.thirdparty.io.grpc.internal.ManagedChannelOrphanWrapper.awaitTermination(ManagedChannelOrphanWrapper.java:70)
	at org.apache.ratis.grpc.client.GrpcClientProtocolClient.close(GrpcClientProtocolClient.java:146)
	at org.apache.ratis.util.PeerProxyMap$PeerAndProxy.lambda$close$1(PeerProxyMap.java:74)
	at org.apache.ratis.util.LifeCycle.lambda$checkStateAndClose$2(LifeCycle.java:231)
	at org.apache.ratis.util.LifeCycle.checkStateAndClose(LifeCycle.java:251)
	at org.apache.ratis.util.LifeCycle.checkStateAndClose(LifeCycle.java:229)
	at org.apache.ratis.util.PeerProxyMap$PeerAndProxy.close(PeerProxyMap.java:70)
	at org.apache.ratis.util.PeerProxyMap.resetProxy(PeerProxyMap.java:127)
	at org.apache.ratis.util.PeerProxyMap.handleException(PeerProxyMap.java:136)
	at org.apache.ratis.client.impl.RaftClientRpcWithProxy.handleException(RaftClientRpcWithProxy.java:47)
	at org.apache.ratis.client.impl.RaftClientImpl.handleIOException(RaftClientImpl.java:372)
	at org.apache.ratis.client.impl.OrderedAsync.lambda$sendRequest$10(OrderedAsync.java:236)
	at java.util.concurrent.CompletableFuture.uniExceptionally(CompletableFuture.java:870)
	at java.util.concurrent.CompletableFuture$UniExceptionally.tryFire(CompletableFuture.java:852)
	at java.util.concurrent.CompletableFuture.postComplete(CompletableFuture.java:474)
	at java.util.concurrent.CompletableFuture.completeExceptionally(CompletableFuture.java:1977)
	at org.apache.ratis.grpc.client.GrpcClientProtocolClient$AsyncStreamObservers.lambda$timeoutCheck$3(GrpcClientProtocolClient.java:324)
	at java.util.Optional.ifPresent(Optional.java:159)
	at org.apache.ratis.grpc.client.GrpcClientProtocolClient$AsyncStreamObservers.handleReplyFuture(GrpcClientProtocolClient.java:329)
	at org.apache.ratis.grpc.client.GrpcClientProtocolClient$AsyncStreamObservers.timeoutCheck(GrpcClientProtocolClient.java:324)
	at org.apache.ratis.grpc.client.GrpcClientProtocolClient$AsyncStreamObservers.lambda$onNext$1(GrpcClientProtocolClient.java:318)
	at org.apache.ratis.util.TimeoutScheduler.lambda$onTimeout$0(TimeoutScheduler.java:113)
	at org.apache.ratis.util.TimeoutScheduler.lambda$onTimeout$1(TimeoutScheduler.java:133)
	at org.apache.ratis.util.LogUtils.runAndLog(LogUtils.java:50)
	at org.apache.ratis.util.LogUtils$1.run(LogUtils.java:91)
	at java.util.concurrent.Executors$RunnableAdapter.call(Executors.java:511)
	at java.util.concurrent.FutureTask.run(FutureTask.java:266)
	at java.util.concurrent.ScheduledThreadPoolExecutor$ScheduledFutureTask.access$201(ScheduledThreadPoolExecutor.java:180)
	at java.util.concurrent.ScheduledThreadPoolExecutor$ScheduledFutureTask.run(ScheduledThreadPoolExecutor.java:293)
	at java.util.concurrent.ThreadPoolExecutor.runWorker(ThreadPoolExecutor.java:1149)
	at java.util.concurrent.ThreadPoolExecutor$Worker.run(ThreadPoolExecutor.java:624)
	at java.lang.Thread.run(Thread.java:748)
2019-10-10 01:19:11,027 [java.util.concurrent.ThreadPoolExecutor$Worker@e72a0c[State = -1, empty queue]] WARN  util.TimeoutScheduler (LogUtils.java:runAndLog(55)) - Failed to task #0: java.lang.NullPointerException
 0.00% |█                                                                                                    |  0/1 Time: 0:03:17 0.00% |█                                                                                                    |  0/1 Time: 0:03:18 0.00% |█                                                                                                    |  0/1 Time: 0:03:19 0.00% |█                                                                                                    |  0/1 Time: 0:03:202019-10-10 01:19:15,051 [java.util.concurrent.ThreadPoolExecutor$Worker@7a55fdb7[State = -1, empty queue]] ERROR client.GrpcClientProtocolClient (GrpcClientProtocolClient.java:close(148)) - Unexpected exception while waiting for channel termination
java.lang.InterruptedException
	at java.util.concurrent.locks.AbstractQueuedSynchronizer.tryAcquireSharedNanos(AbstractQueuedSynchronizer.java:1326)
	at java.util.concurrent.CountDownLatch.await(CountDownLatch.java:277)
	at org.apache.ratis.thirdparty.io.grpc.internal.ManagedChannelImpl.awaitTermination(ManagedChannelImpl.java:763)
	at org.apache.ratis.thirdparty.io.grpc.internal.ForwardingManagedChannel.awaitTermination(ForwardingManagedChannel.java:57)
	at org.apache.ratis.thirdparty.io.grpc.internal.ManagedChannelOrphanWrapper.awaitTermination(ManagedChannelOrphanWrapper.java:70)
	at org.apache.ratis.grpc.client.GrpcClientProtocolClient.close(GrpcClientProtocolClient.java:146)
	at org.apache.ratis.util.PeerProxyMap$PeerAndProxy.lambda$close$1(PeerProxyMap.java:74)
	at org.apache.ratis.util.LifeCycle.lambda$checkStateAndClose$2(LifeCycle.java:231)
	at org.apache.ratis.util.LifeCycle.checkStateAndClose(LifeCycle.java:251)
	at org.apache.ratis.util.LifeCycle.checkStateAndClose(LifeCycle.java:229)
	at org.apache.ratis.util.PeerProxyMap$PeerAndProxy.close(PeerProxyMap.java:70)
	at org.apache.ratis.util.PeerProxyMap.resetProxy(PeerProxyMap.java:127)
	at org.apache.ratis.util.PeerProxyMap.handleException(PeerProxyMap.java:136)
	at org.apache.ratis.client.impl.RaftClientRpcWithProxy.handleException(RaftClientRpcWithProxy.java:47)
	at org.apache.ratis.client.impl.RaftClientImpl.handleIOException(RaftClientImpl.java:372)
	at org.apache.ratis.client.impl.OrderedAsync.lambda$sendRequest$10(OrderedAsync.java:236)
	at java.util.concurrent.CompletableFuture.uniExceptionally(CompletableFuture.java:870)
	at java.util.concurrent.CompletableFuture$UniExceptionally.tryFire(CompletableFuture.java:852)
	at java.util.concurrent.CompletableFuture.postComplete(CompletableFuture.java:474)
	at java.util.concurrent.CompletableFuture.completeExceptionally(CompletableFuture.java:1977)
	at org.apache.ratis.grpc.client.GrpcClientProtocolClient$AsyncStreamObservers.lambda$timeoutCheck$3(GrpcClientProtocolClient.java:324)
	at java.util.Optional.ifPresent(Optional.java:159)
	at org.apache.ratis.grpc.client.GrpcClientProtocolClient$AsyncStreamObservers.handleReplyFuture(GrpcClientProtocolClient.java:329)
	at org.apache.ratis.grpc.client.GrpcClientProtocolClient$AsyncStreamObservers.timeoutCheck(GrpcClientProtocolClient.java:324)
	at org.apache.ratis.grpc.client.GrpcClientProtocolClient$AsyncStreamObservers.lambda$onNext$1(GrpcClientProtocolClient.java:318)
	at org.apache.ratis.util.TimeoutScheduler.lambda$onTimeout$0(TimeoutScheduler.java:113)
	at org.apache.ratis.util.TimeoutScheduler.lambda$onTimeout$1(TimeoutScheduler.java:133)
	at org.apache.ratis.util.LogUtils.runAndLog(LogUtils.java:50)
	at org.apache.ratis.util.LogUtils$1.run(LogUtils.java:91)
	at java.util.concurrent.Executors$RunnableAdapter.call(Executors.java:511)
	at java.util.concurrent.FutureTask.run(FutureTask.java:266)
	at java.util.concurrent.ScheduledThreadPoolExecutor$ScheduledFutureTask.access$201(ScheduledThreadPoolExecutor.java:180)
	at java.util.concurrent.ScheduledThreadPoolExecutor$ScheduledFutureTask.run(ScheduledThreadPoolExecutor.java:293)
	at java.util.concurrent.ThreadPoolExecutor.runWorker(ThreadPoolExecutor.java:1149)
	at java.util.concurrent.ThreadPoolExecutor$Worker.run(ThreadPoolExecutor.java:624)
	at java.lang.Thread.run(Thread.java:748)
2019-10-10 01:19:15,057 [java.util.concurrent.ThreadPoolExecutor$Worker@7a55fdb7[State = -1, empty queue]] WARN  util.TimeoutScheduler (LogUtils.java:runAndLog(55)) - Failed to task #0: java.lang.NullPointerException
 0.00% |█                                                                                                    |  0/1 Time: 0:03:21 0.00% |█                                                                                                    |  0/1 Time: 0:03:22 0.00% |█                                                                                                    |  0/1 Time: 0:03:23 0.00% |█                                                                                                    |  0/1 Time: 0:03:242019-10-10 01:19:19,101 [java.util.concurrent.ThreadPoolExecutor$Worker@3fbd7d06[State = -1, empty queue]] ERROR client.GrpcClientProtocolClient (GrpcClientProtocolClient.java:close(148)) - Unexpected exception while waiting for channel termination
java.lang.InterruptedException
	at java.util.concurrent.locks.AbstractQueuedSynchronizer.tryAcquireSharedNanos(AbstractQueuedSynchronizer.java:1326)
	at java.util.concurrent.CountDownLatch.await(CountDownLatch.java:277)
	at org.apache.ratis.thirdparty.io.grpc.internal.ManagedChannelImpl.awaitTermination(ManagedChannelImpl.java:763)
	at org.apache.ratis.thirdparty.io.grpc.internal.ForwardingManagedChannel.awaitTermination(ForwardingManagedChannel.java:57)
	at org.apache.ratis.thirdparty.io.grpc.internal.ManagedChannelOrphanWrapper.awaitTermination(ManagedChannelOrphanWrapper.java:70)
	at org.apache.ratis.grpc.client.GrpcClientProtocolClient.close(GrpcClientProtocolClient.java:146)
	at org.apache.ratis.util.PeerProxyMap$PeerAndProxy.lambda$close$1(PeerProxyMap.java:74)
	at org.apache.ratis.util.LifeCycle.lambda$checkStateAndClose$2(LifeCycle.java:231)
	at org.apache.ratis.util.LifeCycle.checkStateAndClose(LifeCycle.java:251)
	at org.apache.ratis.util.LifeCycle.checkStateAndClose(LifeCycle.java:229)
	at org.apache.ratis.util.PeerProxyMap$PeerAndProxy.close(PeerProxyMap.java:70)
	at org.apache.ratis.util.PeerProxyMap.resetProxy(PeerProxyMap.java:127)
	at org.apache.ratis.util.PeerProxyMap.handleException(PeerProxyMap.java:136)
	at org.apache.ratis.client.impl.RaftClientRpcWithProxy.handleException(RaftClientRpcWithProxy.java:47)
	at org.apache.ratis.client.impl.RaftClientImpl.handleIOException(RaftClientImpl.java:372)
	at org.apache.ratis.client.impl.OrderedAsync.lambda$sendRequest$10(OrderedAsync.java:236)
	at java.util.concurrent.CompletableFuture.uniExceptionally(CompletableFuture.java:870)
	at java.util.concurrent.CompletableFuture$UniExceptionally.tryFire(CompletableFuture.java:852)
	at java.util.concurrent.CompletableFuture.postComplete(CompletableFuture.java:474)
	at java.util.concurrent.CompletableFuture.completeExceptionally(CompletableFuture.java:1977)
	at org.apache.ratis.grpc.client.GrpcClientProtocolClient$AsyncStreamObservers.lambda$timeoutCheck$3(GrpcClientProtocolClient.java:324)
	at java.util.Optional.ifPresent(Optional.java:159)
	at org.apache.ratis.grpc.client.GrpcClientProtocolClient$AsyncStreamObservers.handleReplyFuture(GrpcClientProtocolClient.java:329)
	at org.apache.ratis.grpc.client.GrpcClientProtocolClient$AsyncStreamObservers.timeoutCheck(GrpcClientProtocolClient.java:324)
	at org.apache.ratis.grpc.client.GrpcClientProtocolClient$AsyncStreamObservers.lambda$onNext$1(GrpcClientProtocolClient.java:318)
	at org.apache.ratis.util.TimeoutScheduler.lambda$onTimeout$0(TimeoutScheduler.java:113)
	at org.apache.ratis.util.TimeoutScheduler.lambda$onTimeout$1(TimeoutScheduler.java:133)
	at org.apache.ratis.util.LogUtils.runAndLog(LogUtils.java:50)
	at org.apache.ratis.util.LogUtils$1.run(LogUtils.java:91)
	at java.util.concurrent.Executors$RunnableAdapter.call(Executors.java:511)
	at java.util.concurrent.FutureTask.run(FutureTask.java:266)
	at java.util.concurrent.ScheduledThreadPoolExecutor$ScheduledFutureTask.access$201(ScheduledThreadPoolExecutor.java:180)
	at java.util.concurrent.ScheduledThreadPoolExecutor$ScheduledFutureTask.run(ScheduledThreadPoolExecutor.java:293)
	at java.util.concurrent.ThreadPoolExecutor.runWorker(ThreadPoolExecutor.java:1149)
	at java.util.concurrent.ThreadPoolExecutor$Worker.run(ThreadPoolExecutor.java:624)
	at java.lang.Thread.run(Thread.java:748)
2019-10-10 01:19:19,103 [java.util.concurrent.ThreadPoolExecutor$Worker@3fbd7d06[State = -1, empty queue]] WARN  util.TimeoutScheduler (LogUtils.java:runAndLog(55)) - Failed to task #0: java.lang.NullPointerException
 0.00% |█                                                                                                    |  0/1 Time: 0:03:25 0.00% |█                                                                                                    |  0/1 Time: 0:03:26 0.00% |█                                                                                                    |  0/1 Time: 0:03:27 0.00% |█                                                                                                    |  0/1 Time: 0:03:282019-10-10 01:19:23,144 [java.util.concurrent.ThreadPoolExecutor$Worker@77cf5e1f[State = -1, empty queue]] ERROR client.GrpcClientProtocolClient (GrpcClientProtocolClient.java:close(148)) - Unexpected exception while waiting for channel termination
java.lang.InterruptedException
	at java.util.concurrent.locks.AbstractQueuedSynchronizer.tryAcquireSharedNanos(AbstractQueuedSynchronizer.java:1326)
	at java.util.concurrent.CountDownLatch.await(CountDownLatch.java:277)
	at org.apache.ratis.thirdparty.io.grpc.internal.ManagedChannelImpl.awaitTermination(ManagedChannelImpl.java:763)
	at org.apache.ratis.thirdparty.io.grpc.internal.ForwardingManagedChannel.awaitTermination(ForwardingManagedChannel.java:57)
	at org.apache.ratis.thirdparty.io.grpc.internal.ManagedChannelOrphanWrapper.awaitTermination(ManagedChannelOrphanWrapper.java:70)
	at org.apache.ratis.grpc.client.GrpcClientProtocolClient.close(GrpcClientProtocolClient.java:146)
	at org.apache.ratis.util.PeerProxyMap$PeerAndProxy.lambda$close$1(PeerProxyMap.java:74)
	at org.apache.ratis.util.LifeCycle.lambda$checkStateAndClose$2(LifeCycle.java:231)
	at org.apache.ratis.util.LifeCycle.checkStateAndClose(LifeCycle.java:251)
	at org.apache.ratis.util.LifeCycle.checkStateAndClose(LifeCycle.java:229)
	at org.apache.ratis.util.PeerProxyMap$PeerAndProxy.close(PeerProxyMap.java:70)
	at org.apache.ratis.util.PeerProxyMap.resetProxy(PeerProxyMap.java:127)
	at org.apache.ratis.util.PeerProxyMap.handleException(PeerProxyMap.java:136)
	at org.apache.ratis.client.impl.RaftClientRpcWithProxy.handleException(RaftClientRpcWithProxy.java:47)
	at org.apache.ratis.client.impl.RaftClientImpl.handleIOException(RaftClientImpl.java:372)
	at org.apache.ratis.client.impl.OrderedAsync.lambda$sendRequest$10(OrderedAsync.java:236)
	at java.util.concurrent.CompletableFuture.uniExceptionally(CompletableFuture.java:870)
	at java.util.concurrent.CompletableFuture$UniExceptionally.tryFire(CompletableFuture.java:852)
	at java.util.concurrent.CompletableFuture.postComplete(CompletableFuture.java:474)
	at java.util.concurrent.CompletableFuture.completeExceptionally(CompletableFuture.java:1977)
	at org.apache.ratis.grpc.client.GrpcClientProtocolClient$AsyncStreamObservers.lambda$timeoutCheck$3(GrpcClientProtocolClient.java:324)
	at java.util.Optional.ifPresent(Optional.java:159)
	at org.apache.ratis.grpc.client.GrpcClientProtocolClient$AsyncStreamObservers.handleReplyFuture(GrpcClientProtocolClient.java:329)
	at org.apache.ratis.grpc.client.GrpcClientProtocolClient$AsyncStreamObservers.timeoutCheck(GrpcClientProtocolClient.java:324)
	at org.apache.ratis.grpc.client.GrpcClientProtocolClient$AsyncStreamObservers.lambda$onNext$1(GrpcClientProtocolClient.java:318)
	at org.apache.ratis.util.TimeoutScheduler.lambda$onTimeout$0(TimeoutScheduler.java:113)
	at org.apache.ratis.util.TimeoutScheduler.lambda$onTimeout$1(TimeoutScheduler.java:133)
	at org.apache.ratis.util.LogUtils.runAndLog(LogUtils.java:50)
	at org.apache.ratis.util.LogUtils$1.run(LogUtils.java:91)
	at java.util.concurrent.Executors$RunnableAdapter.call(Executors.java:511)
	at java.util.concurrent.FutureTask.run(FutureTask.java:266)
	at java.util.concurrent.ScheduledThreadPoolExecutor$ScheduledFutureTask.access$201(ScheduledThreadPoolExecutor.java:180)
	at java.util.concurrent.ScheduledThreadPoolExecutor$ScheduledFutureTask.run(ScheduledThreadPoolExecutor.java:293)
	at java.util.concurrent.ThreadPoolExecutor.runWorker(ThreadPoolExecutor.java:1149)
	at java.util.concurrent.ThreadPoolExecutor$Worker.run(ThreadPoolExecutor.java:624)
	at java.lang.Thread.run(Thread.java:748)
2019-10-10 01:19:23,147 [java.util.concurrent.ThreadPoolExecutor$Worker@77cf5e1f[State = -1, empty queue]] WARN  util.TimeoutScheduler (LogUtils.java:runAndLog(55)) - Failed to task #0: java.lang.NullPointerException
 0.00% |█                                                                                                    |  0/1 Time: 0:03:29 0.00% |█                                                                                                    |  0/1 Time: 0:03:30 0.00% |█                                                                                                    |  0/1 Time: 0:03:312019-10-10 01:19:25,646 [grpc-default-executor-2] INFO  impl.RaftServerProxy (RaftServerProxy.java:remove(95)) - 4b92f2f8-e489-47a4-a90a-1d3fa2a9a07f: remove  FOLLOWER 4b92f2f8-e489-47a4-a90a-1d3fa2a9a07f@group-26EF2C0D7090:t3, leader=fe8e0d95-22db-4b8a-875e-83bee4d716fb, voted=null, raftlog=4b92f2f8-e489-47a4-a90a-1d3fa2a9a07f@group-26EF2C0D7090-SegmentedRaftLog:OPENED:c0,f2,i2, conf=0: [4b92f2f8-e489-47a4-a90a-1d3fa2a9a07f:192.168.151.118:35849, 993817e1-c77a-472e-865f-a6e34ffe7967:192.168.151.118:41261, fe8e0d95-22db-4b8a-875e-83bee4d716fb:192.168.151.118:34352], old=null RUNNING
2019-10-10 01:19:25,647 [grpc-default-executor-2] INFO  impl.RaftServerImpl (RaftServerImpl.java:lambda$shutdown$3(247)) - 4b92f2f8-e489-47a4-a90a-1d3fa2a9a07f@group-26EF2C0D7090: shutdown
2019-10-10 01:19:25,648 [grpc-default-executor-2] INFO  util.JmxRegister (JmxRegister.java:unregister(73)) - Successfully un-registered JMX Bean with object name Ratis:service=RaftServer,group=group-26EF2C0D7090,id=4b92f2f8-e489-47a4-a90a-1d3fa2a9a07f
2019-10-10 01:19:25,648 [grpc-default-executor-2] INFO  impl.RoleInfo (RoleInfo.java:shutdownFollowerState(121)) - 4b92f2f8-e489-47a4-a90a-1d3fa2a9a07f: shutdown FollowerState
2019-10-10 01:19:25,648 [grpc-default-executor-2] INFO  impl.StateMachineUpdater (StateMachineUpdater.java:stopAndJoin(136)) - 4b92f2f8-e489-47a4-a90a-1d3fa2a9a07f@group-26EF2C0D7090-StateMachineUpdater: set stopIndex = 0
2019-10-10 01:19:25,648 [Thread-548] INFO  impl.FollowerState (FollowerState.java:run(117)) - 4b92f2f8-e489-47a4-a90a-1d3fa2a9a07f@group-26EF2C0D7090-FollowerState was interrupted: java.lang.InterruptedException: sleep interrupted
2019-10-10 01:19:25,651 [grpc-default-executor-2] INFO  impl.RaftServerImpl (ServerState.java:close(387)) - 4b92f2f8-e489-47a4-a90a-1d3fa2a9a07f@group-26EF2C0D7090: closes. applyIndex: 0
2019-10-10 01:19:25,651 [4b92f2f8-e489-47a4-a90a-1d3fa2a9a07f@group-26EF2C0D7090-SegmentedRaftLogWorker] INFO  segmented.SegmentedRaftLogWorker (SegmentedRaftLogWorker.java:run(316)) - 4b92f2f8-e489-47a4-a90a-1d3fa2a9a07f@group-26EF2C0D7090-SegmentedRaftLogWorker was interrupted, exiting. There are 0 tasks remaining in the queue.
2019-10-10 01:19:25,653 [grpc-default-executor-2] INFO  segmented.SegmentedRaftLogWorker (SegmentedRaftLogWorker.java:close(224)) - 4b92f2f8-e489-47a4-a90a-1d3fa2a9a07f@group-26EF2C0D7090-SegmentedRaftLogWorker close()
2019-10-10 01:19:25,728 [grpc-default-executor-2] INFO  interfaces.Container (KeyValueContainer.java:flushAndSyncDB(386)) - Container 5 is synced with bcsId 0.
2019-10-10 01:19:25,729 [grpc-default-executor-2] INFO  interfaces.Container (KeyValueContainer.java:flushAndSyncDB(386)) - Container 5 is synced with bcsId 0.
2019-10-10 01:19:25,746 [EventQueue-IncrementalContainerReportForIncrementalContainerReportHandler] INFO  container.IncrementalContainerReportHandler (AbstractContainerReportHandler.java:updateContainerState(171)) - Moving container #5 to QUASI_CLOSED state, datanode 4b92f2f8-e489-47a4-a90a-1d3fa2a9a07f{ip: 192.168.151.118, host: pr-hdds-2194-jqrdw-3579824535, networkLocation: /default-rack, certSerialId: null} reported QUASI_CLOSED replica.
2019-10-10 01:19:25,754 [grpc-default-executor-2] INFO  impl.RaftServerProxy (RaftServerProxy.java:remove(95)) - fe8e0d95-22db-4b8a-875e-83bee4d716fb: remove    LEADER fe8e0d95-22db-4b8a-875e-83bee4d716fb@group-26EF2C0D7090:t3, leader=fe8e0d95-22db-4b8a-875e-83bee4d716fb, voted=fe8e0d95-22db-4b8a-875e-83bee4d716fb, raftlog=fe8e0d95-22db-4b8a-875e-83bee4d716fb@group-26EF2C0D7090-SegmentedRaftLog:OPENED:c0,f0,i2, conf=0: [4b92f2f8-e489-47a4-a90a-1d3fa2a9a07f:192.168.151.118:35849, 993817e1-c77a-472e-865f-a6e34ffe7967:192.168.151.118:41261, fe8e0d95-22db-4b8a-875e-83bee4d716fb:192.168.151.118:34352], old=null RUNNING
2019-10-10 01:19:25,754 [grpc-default-executor-2] INFO  impl.RaftServerImpl (RaftServerImpl.java:lambda$shutdown$3(247)) - fe8e0d95-22db-4b8a-875e-83bee4d716fb@group-26EF2C0D7090: shutdown
2019-10-10 01:19:25,754 [grpc-default-executor-2] INFO  util.JmxRegister (JmxRegister.java:unregister(73)) - Successfully un-registered JMX Bean with object name Ratis:service=RaftServer,group=group-26EF2C0D7090,id=fe8e0d95-22db-4b8a-875e-83bee4d716fb
2019-10-10 01:19:25,755 [grpc-default-executor-2] INFO  impl.RoleInfo (RoleInfo.java:shutdownLeaderState(104)) - fe8e0d95-22db-4b8a-875e-83bee4d716fb: shutdown LeaderState
2019-10-10 01:19:25,757 [grpc-default-executor-2] INFO  impl.PendingRequests (PendingRequests.java:sendNotLeaderResponses(202)) - fe8e0d95-22db-4b8a-875e-83bee4d716fb@group-26EF2C0D7090-PendingRequests: sendNotLeaderResponses
2019-10-10 01:19:25,758 [org.apache.ratis.server.impl.LogAppender$AppenderDaemon$$Lambda$531/757553893@2d1cb8bf] WARN  server.GrpcLogAppender (GrpcLogAppender.java:mayWait(143)) - fe8e0d95-22db-4b8a-875e-83bee4d716fb@group-26EF2C0D7090->4b92f2f8-e489-47a4-a90a-1d3fa2a9a07f-GrpcLogAppender: Wait interrupted by java.lang.InterruptedException
2019-10-10 01:19:25,758 [org.apache.ratis.server.impl.LogAppender$AppenderDaemon$$Lambda$531/757553893@7dafcea4] WARN  server.GrpcLogAppender (GrpcLogAppender.java:mayWait(143)) - fe8e0d95-22db-4b8a-875e-83bee4d716fb@group-26EF2C0D7090->993817e1-c77a-472e-865f-a6e34ffe7967-GrpcLogAppender: Wait interrupted by java.lang.InterruptedException
2019-10-10 01:19:25,761 [grpc-default-executor-4] INFO  server.GrpcServerProtocolService (GrpcServerProtocolService.java:onCompleted(113)) - 4b92f2f8-e489-47a4-a90a-1d3fa2a9a07f: Completed APPEND_ENTRIES, lastRequest: fe8e0d95-22db-4b8a-875e-83bee4d716fb->4b92f2f8-e489-47a4-a90a-1d3fa2a9a07f#35-t3, previous=(t:3, i:2), leaderCommit=0, initializing? false, entries: <empty>
2019-10-10 01:19:25,761 [grpc-default-executor-5] INFO  server.GrpcServerProtocolService (GrpcServerProtocolService.java:onCompleted(113)) - 993817e1-c77a-472e-865f-a6e34ffe7967: Completed APPEND_ENTRIES, lastRequest: fe8e0d95-22db-4b8a-875e-83bee4d716fb->993817e1-c77a-472e-865f-a6e34ffe7967#35-t3, previous=(t:3, i:2), leaderCommit=0, initializing? false, entries: <empty>
2019-10-10 01:19:25,772 [grpc-default-executor-8] INFO  server.GrpcLogAppender (GrpcLogAppender.java:onCompleted(293)) - fe8e0d95-22db-4b8a-875e-83bee4d716fb@group-26EF2C0D7090->4b92f2f8-e489-47a4-a90a-1d3fa2a9a07f-AppendLogResponseHandler: follower responses appendEntries COMPLETED
2019-10-10 01:19:25,772 [grpc-default-executor-2] INFO  impl.StateMachineUpdater (StateMachineUpdater.java:stopAndJoin(136)) - fe8e0d95-22db-4b8a-875e-83bee4d716fb@group-26EF2C0D7090-StateMachineUpdater: set stopIndex = 0
2019-10-10 01:19:25,772 [grpc-default-executor-2] INFO  impl.RaftServerImpl (ServerState.java:close(387)) - fe8e0d95-22db-4b8a-875e-83bee4d716fb@group-26EF2C0D7090: closes. applyIndex: 0
2019-10-10 01:19:25,774 [fe8e0d95-22db-4b8a-875e-83bee4d716fb@group-26EF2C0D7090-SegmentedRaftLogWorker] INFO  segmented.SegmentedRaftLogWorker (SegmentedRaftLogWorker.java:run(316)) - fe8e0d95-22db-4b8a-875e-83bee4d716fb@group-26EF2C0D7090-SegmentedRaftLogWorker was interrupted, exiting. There are 0 tasks remaining in the queue.
2019-10-10 01:19:25,774 [grpc-default-executor-4] INFO  server.GrpcLogAppender (GrpcLogAppender.java:onCompleted(293)) - fe8e0d95-22db-4b8a-875e-83bee4d716fb@group-26EF2C0D7090->993817e1-c77a-472e-865f-a6e34ffe7967-AppendLogResponseHandler: follower responses appendEntries COMPLETED
2019-10-10 01:19:25,776 [grpc-default-executor-8] INFO  impl.FollowerInfo (FollowerInfo.java:lambda$new$0(51)) - fe8e0d95-22db-4b8a-875e-83bee4d716fb@group-26EF2C0D7090->4b92f2f8-e489-47a4-a90a-1d3fa2a9a07f: nextIndex: updateUnconditionally 3 -> 2
2019-10-10 01:19:25,776 [grpc-default-executor-2] INFO  segmented.SegmentedRaftLogWorker (SegmentedRaftLogWorker.java:close(224)) - fe8e0d95-22db-4b8a-875e-83bee4d716fb@group-26EF2C0D7090-SegmentedRaftLogWorker close()
2019-10-10 01:19:25,776 [grpc-default-executor-4] INFO  impl.FollowerInfo (FollowerInfo.java:lambda$new$0(51)) - fe8e0d95-22db-4b8a-875e-83bee4d716fb@group-26EF2C0D7090->993817e1-c77a-472e-865f-a6e34ffe7967: nextIndex: updateUnconditionally 3 -> 2
2019-10-10 01:19:25,789 [grpc-default-executor-2] INFO  impl.RaftServerProxy (RaftServerProxy.java:remove(95)) - 993817e1-c77a-472e-865f-a6e34ffe7967: remove  FOLLOWER 993817e1-c77a-472e-865f-a6e34ffe7967@group-26EF2C0D7090:t3, leader=fe8e0d95-22db-4b8a-875e-83bee4d716fb, voted=fe8e0d95-22db-4b8a-875e-83bee4d716fb, raftlog=993817e1-c77a-472e-865f-a6e34ffe7967@group-26EF2C0D7090-SegmentedRaftLog:OPENED:c0,f2,i2, conf=0: [4b92f2f8-e489-47a4-a90a-1d3fa2a9a07f:192.168.151.118:35849, 993817e1-c77a-472e-865f-a6e34ffe7967:192.168.151.118:41261, fe8e0d95-22db-4b8a-875e-83bee4d716fb:192.168.151.118:34352], old=null RUNNING
2019-10-10 01:19:25,789 [grpc-default-executor-2] INFO  impl.RaftServerImpl (RaftServerImpl.java:lambda$shutdown$3(247)) - 993817e1-c77a-472e-865f-a6e34ffe7967@group-26EF2C0D7090: shutdown
2019-10-10 01:19:25,789 [grpc-default-executor-2] INFO  util.JmxRegister (JmxRegister.java:unregister(73)) - Successfully un-registered JMX Bean with object name Ratis:service=RaftServer,group=group-26EF2C0D7090,id=993817e1-c77a-472e-865f-a6e34ffe7967
2019-10-10 01:19:25,789 [grpc-default-executor-2] INFO  impl.RoleInfo (RoleInfo.java:shutdownFollowerState(121)) - 993817e1-c77a-472e-865f-a6e34ffe7967: shutdown FollowerState
2019-10-10 01:19:25,789 [grpc-default-executor-2] INFO  impl.StateMachineUpdater (StateMachineUpdater.java:stopAndJoin(136)) - 993817e1-c77a-472e-865f-a6e34ffe7967@group-26EF2C0D7090-StateMachineUpdater: set stopIndex = 0
2019-10-10 01:19:25,790 [Thread-549] INFO  impl.FollowerState (FollowerState.java:run(117)) - 993817e1-c77a-472e-865f-a6e34ffe7967@group-26EF2C0D7090-FollowerState was interrupted: java.lang.InterruptedException: sleep interrupted
2019-10-10 01:19:25,791 [grpc-default-executor-2] INFO  impl.RaftServerImpl (ServerState.java:close(387)) - 993817e1-c77a-472e-865f-a6e34ffe7967@group-26EF2C0D7090: closes. applyIndex: 0
2019-10-10 01:19:25,791 [993817e1-c77a-472e-865f-a6e34ffe7967@group-26EF2C0D7090-SegmentedRaftLogWorker] INFO  segmented.SegmentedRaftLogWorker (SegmentedRaftLogWorker.java:run(316)) - 993817e1-c77a-472e-865f-a6e34ffe7967@group-26EF2C0D7090-SegmentedRaftLogWorker was interrupted, exiting. There are 0 tasks remaining in the queue.
2019-10-10 01:19:25,792 [grpc-default-executor-2] INFO  segmented.SegmentedRaftLogWorker (SegmentedRaftLogWorker.java:close(224)) - 993817e1-c77a-472e-865f-a6e34ffe7967@group-26EF2C0D7090-SegmentedRaftLogWorker close()
2019-10-10 01:19:25,863 [grpc-default-executor-2] INFO  interfaces.Container (KeyValueContainer.java:flushAndSyncDB(386)) - Container 5 is synced with bcsId 0.
2019-10-10 01:19:25,863 [grpc-default-executor-2] INFO  interfaces.Container (KeyValueContainer.java:flushAndSyncDB(386)) - Container 5 is synced with bcsId 0.
2019-10-10 01:19:25,880 [RatisPipelineUtilsThread] INFO  pipeline.PipelineStateManager (PipelineStateManager.java:removePipeline(108)) - Pipeline Pipeline[ Id: 3e797490-415f-4b0a-81f6-26ef2c0d7090, Nodes: 4b92f2f8-e489-47a4-a90a-1d3fa2a9a07f{ip: 192.168.151.118, host: pr-hdds-2194-jqrdw-3579824535, networkLocation: /default-rack, certSerialId: null}fe8e0d95-22db-4b8a-875e-83bee4d716fb{ip: 192.168.151.118, host: pr-hdds-2194-jqrdw-3579824535, networkLocation: /default-rack, certSerialId: null}993817e1-c77a-472e-865f-a6e34ffe7967{ip: 192.168.151.118, host: pr-hdds-2194-jqrdw-3579824535, networkLocation: /default-rack, certSerialId: null}, Type:RATIS, Factor:THREE, State:CLOSED] removed from db
2019-10-10 01:19:25,886 [grpc-default-executor-2] INFO  impl.RaftServerProxy (RaftServerProxy.java:remove(95)) - 4b92f2f8-e489-47a4-a90a-1d3fa2a9a07f: remove group-26EF2C0D7090:null
2019-10-10 01:19:25,894 [RatisPipelineUtilsThread] WARN  pipeline.RatisPipelineUtils (RatisPipelineUtils.java:destroyPipeline(69)) - Pipeline destroy failed for pipeline=PipelineID=3e797490-415f-4b0a-81f6-26ef2c0d7090 dn=4b92f2f8-e489-47a4-a90a-1d3fa2a9a07f{ip: 192.168.151.118, host: pr-hdds-2194-jqrdw-3579824535, networkLocation: /default-rack, certSerialId: null}
2019-10-10 01:19:25,909 [grpc-default-executor-2] INFO  impl.RaftServerProxy (RaftServerProxy.java:remove(95)) - fe8e0d95-22db-4b8a-875e-83bee4d716fb: remove group-26EF2C0D7090:null
2019-10-10 01:19:25,915 [RatisPipelineUtilsThread] WARN  pipeline.RatisPipelineUtils (RatisPipelineUtils.java:destroyPipeline(69)) - Pipeline destroy failed for pipeline=PipelineID=3e797490-415f-4b0a-81f6-26ef2c0d7090 dn=fe8e0d95-22db-4b8a-875e-83bee4d716fb{ip: 192.168.151.118, host: pr-hdds-2194-jqrdw-3579824535, networkLocation: /default-rack, certSerialId: null}
2019-10-10 01:19:25,921 [grpc-default-executor-2] INFO  impl.RaftServerProxy (RaftServerProxy.java:remove(95)) - 993817e1-c77a-472e-865f-a6e34ffe7967: remove group-26EF2C0D7090:null
2019-10-10 01:19:25,926 [RatisPipelineUtilsThread] WARN  pipeline.RatisPipelineUtils (RatisPipelineUtils.java:destroyPipeline(69)) - Pipeline destroy failed for pipeline=PipelineID=3e797490-415f-4b0a-81f6-26ef2c0d7090 dn=993817e1-c77a-472e-865f-a6e34ffe7967{ip: 192.168.151.118, host: pr-hdds-2194-jqrdw-3579824535, networkLocation: /default-rack, certSerialId: null}
2019-10-10 01:19:25,926 [RatisPipelineUtilsThread] ERROR pipeline.SCMPipelineManager (Scheduler.java:lambda$schedule$1(70)) - Destroy pipeline failed for pipeline:Pipeline[ Id: 3e797490-415f-4b0a-81f6-26ef2c0d7090, Nodes: 4b92f2f8-e489-47a4-a90a-1d3fa2a9a07f{ip: 192.168.151.118, host: pr-hdds-2194-jqrdw-3579824535, networkLocation: /default-rack, certSerialId: null}fe8e0d95-22db-4b8a-875e-83bee4d716fb{ip: 192.168.151.118, host: pr-hdds-2194-jqrdw-3579824535, networkLocation: /default-rack, certSerialId: null}993817e1-c77a-472e-865f-a6e34ffe7967{ip: 192.168.151.118, host: pr-hdds-2194-jqrdw-3579824535, networkLocation: /default-rack, certSerialId: null}, Type:RATIS, Factor:THREE, State:CLOSED]
org.apache.hadoop.hdds.scm.pipeline.PipelineNotFoundException: PipelineID=3e797490-415f-4b0a-81f6-26ef2c0d7090 not found
	at org.apache.hadoop.hdds.scm.pipeline.PipelineStateMap.getPipeline(PipelineStateMap.java:132)
	at org.apache.hadoop.hdds.scm.pipeline.PipelineStateMap.removePipeline(PipelineStateMap.java:322)
	at org.apache.hadoop.hdds.scm.pipeline.PipelineStateManager.removePipeline(PipelineStateManager.java:107)
	at org.apache.hadoop.hdds.scm.pipeline.SCMPipelineManager.removePipeline(SCMPipelineManager.java:427)
	at org.apache.hadoop.hdds.scm.pipeline.SCMPipelineManager.destroyPipeline(SCMPipelineManager.java:413)
	at org.apache.hadoop.hdds.scm.pipeline.SCMPipelineManager.lambda$finalizeAndDestroyPipeline$0(SCMPipelineManager.java:322)
	at org.apache.hadoop.hdds.utils.Scheduler.lambda$schedule$1(Scheduler.java:68)
	at java.util.concurrent.Executors$RunnableAdapter.call(Executors.java:511)
	at java.util.concurrent.FutureTask.run(FutureTask.java:266)
	at java.util.concurrent.ScheduledThreadPoolExecutor$ScheduledFutureTask.access$201(ScheduledThreadPoolExecutor.java:180)
	at java.util.concurrent.ScheduledThreadPoolExecutor$ScheduledFutureTask.run(ScheduledThreadPoolExecutor.java:293)
	at java.util.concurrent.ThreadPoolExecutor.runWorker(ThreadPoolExecutor.java:1149)
	at java.util.concurrent.ThreadPoolExecutor$Worker.run(ThreadPoolExecutor.java:624)
	at java.lang.Thread.run(Thread.java:748)
2019-10-10 01:19:25,939 [grpc-default-executor-10] INFO  impl.RaftServerProxy (RaftServerProxy.java:addNew(89)) - 993817e1-c77a-472e-865f-a6e34ffe7967: addNew group-9107F3CEDF56:[4b92f2f8-e489-47a4-a90a-1d3fa2a9a07f:192.168.151.118:35849, 993817e1-c77a-472e-865f-a6e34ffe7967:192.168.151.118:41261, fe8e0d95-22db-4b8a-875e-83bee4d716fb:192.168.151.118:34352] returns group-9107F3CEDF56:java.util.concurrent.CompletableFuture@753386bf[Not completed]
2019-10-10 01:19:25,940 [grpc-default-executor-9] INFO  impl.RaftServerProxy (RaftServerProxy.java:addNew(89)) - 4b92f2f8-e489-47a4-a90a-1d3fa2a9a07f: addNew group-9107F3CEDF56:[4b92f2f8-e489-47a4-a90a-1d3fa2a9a07f:192.168.151.118:35849, 993817e1-c77a-472e-865f-a6e34ffe7967:192.168.151.118:41261, fe8e0d95-22db-4b8a-875e-83bee4d716fb:192.168.151.118:34352] returns group-9107F3CEDF56:java.util.concurrent.CompletableFuture@3f182a73[Not completed]
2019-10-10 01:19:25,941 [grpc-default-executor-2] INFO  impl.RaftServerProxy (RaftServerProxy.java:addNew(89)) - fe8e0d95-22db-4b8a-875e-83bee4d716fb: addNew group-9107F3CEDF56:[4b92f2f8-e489-47a4-a90a-1d3fa2a9a07f:192.168.151.118:35849, 993817e1-c77a-472e-865f-a6e34ffe7967:192.168.151.118:41261, fe8e0d95-22db-4b8a-875e-83bee4d716fb:192.168.151.118:34352] returns group-9107F3CEDF56:java.util.concurrent.CompletableFuture@66d9c6f3[Not completed]
2019-10-10 01:19:25,942 [pool-67-thread-1] INFO  impl.RaftServerImpl (RaftServerImpl.java:<init>(95)) - 4b92f2f8-e489-47a4-a90a-1d3fa2a9a07f: new RaftServerImpl for group-9107F3CEDF56:[4b92f2f8-e489-47a4-a90a-1d3fa2a9a07f:192.168.151.118:35849, 993817e1-c77a-472e-865f-a6e34ffe7967:192.168.151.118:41261, fe8e0d95-22db-4b8a-875e-83bee4d716fb:192.168.151.118:34352] with ContainerStateMachine:uninitialized
2019-10-10 01:19:25,943 [pool-67-thread-1] INFO  server.RaftServerConfigKeys (ConfUtils.java:logGet(43)) - raft.server.rpc.timeout.min = 5s (custom)
2019-10-10 01:19:25,943 [pool-67-thread-1] INFO  server.RaftServerConfigKeys (ConfUtils.java:logGet(43)) - raft.server.rpc.timeout.max = 5200ms (custom)
2019-10-10 01:19:25,943 [pool-67-thread-1] INFO  server.RaftServerConfigKeys (ConfUtils.java:logGet(43)) - raft.server.rpcslowness.timeout = 120s (custom)
2019-10-10 01:19:25,943 [pool-47-thread-1] INFO  impl.RaftServerImpl (RaftServerImpl.java:<init>(95)) - fe8e0d95-22db-4b8a-875e-83bee4d716fb: new RaftServerImpl for group-9107F3CEDF56:[4b92f2f8-e489-47a4-a90a-1d3fa2a9a07f:192.168.151.118:35849, 993817e1-c77a-472e-865f-a6e34ffe7967:192.168.151.118:41261, fe8e0d95-22db-4b8a-875e-83bee4d716fb:192.168.151.118:34352] with ContainerStateMachine:uninitialized
2019-10-10 01:19:25,943 [pool-67-thread-1] INFO  server.RaftServerConfigKeys (ConfUtils.java:logGet(43)) - raft.server.sleep.deviation.threshold = 300 (default)
2019-10-10 01:19:25,943 [pool-47-thread-1] INFO  server.RaftServerConfigKeys (ConfUtils.java:logGet(43)) - raft.server.rpc.timeout.min = 5s (custom)
2019-10-10 01:19:25,943 [pool-67-thread-1] INFO  server.RaftServerConfigKeys (ConfUtils.java:logGet(43)) - raft.server.log.appender.install.snapshot.enabled = false (custom)
2019-10-10 01:19:25,944 [pool-47-thread-1] INFO  server.RaftServerConfigKeys (ConfUtils.java:logGet(43)) - raft.server.rpc.timeout.max = 5200ms (custom)
2019-10-10 01:19:25,944 [pool-67-thread-1] INFO  impl.RaftServerImpl (ServerState.java:<init>(103)) - 4b92f2f8-e489-47a4-a90a-1d3fa2a9a07f@group-9107F3CEDF56: ConfigurationManager, init=-1: [4b92f2f8-e489-47a4-a90a-1d3fa2a9a07f:192.168.151.118:35849, 993817e1-c77a-472e-865f-a6e34ffe7967:192.168.151.118:41261, fe8e0d95-22db-4b8a-875e-83bee4d716fb:192.168.151.118:34352], old=null, confs=<EMPTY_MAP>
2019-10-10 01:19:25,944 [pool-47-thread-1] INFO  server.RaftServerConfigKeys (ConfUtils.java:logGet(43)) - raft.server.rpcslowness.timeout = 120s (custom)
2019-10-10 01:19:25,944 [pool-47-thread-1] INFO  server.RaftServerConfigKeys (ConfUtils.java:logGet(43)) - raft.server.sleep.deviation.threshold = 300 (default)
2019-10-10 01:19:25,944 [pool-27-thread-1] INFO  impl.RaftServerImpl (RaftServerImpl.java:<init>(95)) - 993817e1-c77a-472e-865f-a6e34ffe7967: new RaftServerImpl for group-9107F3CEDF56:[4b92f2f8-e489-47a4-a90a-1d3fa2a9a07f:192.168.151.118:35849, 993817e1-c77a-472e-865f-a6e34ffe7967:192.168.151.118:41261, fe8e0d95-22db-4b8a-875e-83bee4d716fb:192.168.151.118:34352] with ContainerStateMachine:uninitialized
2019-10-10 01:19:25,944 [pool-67-thread-1] INFO  server.RaftServerConfigKeys (ConfUtils.java:logGet(43)) - raft.server.storage.dir = [/workdir/hadoop-ozone/tools/target/test-dir/MiniOzoneClusterImpl-1e8b0e80-279c-49c4-ae13-42ed318b6149/datanode-4/data/ratis] (custom)
2019-10-10 01:19:25,944 [pool-27-thread-1] INFO  server.RaftServerConfigKeys (ConfUtils.java:logGet(43)) - raft.server.rpc.timeout.min = 5s (custom)
2019-10-10 01:19:25,944 [pool-47-thread-1] INFO  server.RaftServerConfigKeys (ConfUtils.java:logGet(43)) - raft.server.log.appender.install.snapshot.enabled = false (custom)
2019-10-10 01:19:25,945 [pool-27-thread-1] INFO  server.RaftServerConfigKeys (ConfUtils.java:logGet(43)) - raft.server.rpc.timeout.max = 5200ms (custom)
2019-10-10 01:19:25,945 [pool-67-thread-1] INFO  server.RaftServerConfigKeys (ConfUtils.java:logGet(43)) - raft.server.log.corruption.policy = EXCEPTION (default)
2019-10-10 01:19:25,945 [pool-27-thread-1] INFO  server.RaftServerConfigKeys (ConfUtils.java:logGet(43)) - raft.server.rpcslowness.timeout = 120s (custom)
2019-10-10 01:19:25,945 [pool-47-thread-1] INFO  impl.RaftServerImpl (ServerState.java:<init>(103)) - fe8e0d95-22db-4b8a-875e-83bee4d716fb@group-9107F3CEDF56: ConfigurationManager, init=-1: [4b92f2f8-e489-47a4-a90a-1d3fa2a9a07f:192.168.151.118:35849, 993817e1-c77a-472e-865f-a6e34ffe7967:192.168.151.118:41261, fe8e0d95-22db-4b8a-875e-83bee4d716fb:192.168.151.118:34352], old=null, confs=<EMPTY_MAP>
2019-10-10 01:19:25,945 [pool-27-thread-1] INFO  server.RaftServerConfigKeys (ConfUtils.java:logGet(43)) - raft.server.sleep.deviation.threshold = 300 (default)
2019-10-10 01:19:25,945 [pool-67-thread-1] INFO  storage.RaftStorageDirectory (RaftStorageDirectory.java:analyzeStorage(246)) - The storage directory /workdir/hadoop-ozone/tools/target/test-dir/MiniOzoneClusterImpl-1e8b0e80-279c-49c4-ae13-42ed318b6149/datanode-4/data/ratis/122529d1-cc28-4426-9f9b-9107f3cedf56 does not exist. Creating ...
2019-10-10 01:19:25,945 [pool-27-thread-1] INFO  server.RaftServerConfigKeys (ConfUtils.java:logGet(43)) - raft.server.log.appender.install.snapshot.enabled = false (custom)
2019-10-10 01:19:25,945 [pool-47-thread-1] INFO  server.RaftServerConfigKeys (ConfUtils.java:logGet(43)) - raft.server.storage.dir = [/workdir/hadoop-ozone/tools/target/test-dir/MiniOzoneClusterImpl-1e8b0e80-279c-49c4-ae13-42ed318b6149/datanode-2/data/ratis] (custom)
2019-10-10 01:19:25,945 [pool-27-thread-1] INFO  impl.RaftServerImpl (ServerState.java:<init>(103)) - 993817e1-c77a-472e-865f-a6e34ffe7967@group-9107F3CEDF56: ConfigurationManager, init=-1: [4b92f2f8-e489-47a4-a90a-1d3fa2a9a07f:192.168.151.118:35849, 993817e1-c77a-472e-865f-a6e34ffe7967:192.168.151.118:41261, fe8e0d95-22db-4b8a-875e-83bee4d716fb:192.168.151.118:34352], old=null, confs=<EMPTY_MAP>
2019-10-10 01:19:25,946 [pool-47-thread-1] INFO  server.RaftServerConfigKeys (ConfUtils.java:logGet(43)) - raft.server.log.corruption.policy = EXCEPTION (default)
2019-10-10 01:19:25,946 [pool-27-thread-1] INFO  server.RaftServerConfigKeys (ConfUtils.java:logGet(43)) - raft.server.storage.dir = [/workdir/hadoop-ozone/tools/target/test-dir/MiniOzoneClusterImpl-1e8b0e80-279c-49c4-ae13-42ed318b6149/datanode-0/data/ratis] (custom)
2019-10-10 01:19:25,946 [pool-47-thread-1] INFO  storage.RaftStorageDirectory (RaftStorageDirectory.java:analyzeStorage(246)) - The storage directory /workdir/hadoop-ozone/tools/target/test-dir/MiniOzoneClusterImpl-1e8b0e80-279c-49c4-ae13-42ed318b6149/datanode-2/data/ratis/122529d1-cc28-4426-9f9b-9107f3cedf56 does not exist. Creating ...
2019-10-10 01:19:25,946 [pool-27-thread-1] INFO  server.RaftServerConfigKeys (ConfUtils.java:logGet(43)) - raft.server.log.corruption.policy = EXCEPTION (default)
2019-10-10 01:19:25,946 [pool-27-thread-1] INFO  storage.RaftStorageDirectory (RaftStorageDirectory.java:analyzeStorage(246)) - The storage directory /workdir/hadoop-ozone/tools/target/test-dir/MiniOzoneClusterImpl-1e8b0e80-279c-49c4-ae13-42ed318b6149/datanode-0/data/ratis/122529d1-cc28-4426-9f9b-9107f3cedf56 does not exist. Creating ...
2019-10-10 01:19:25,960 [pool-67-thread-1] INFO  storage.RaftStorageDirectory (RaftStorageDirectory.java:tryLock(328)) - Lock on /workdir/hadoop-ozone/tools/target/test-dir/MiniOzoneClusterImpl-1e8b0e80-279c-49c4-ae13-42ed318b6149/datanode-4/data/ratis/122529d1-cc28-4426-9f9b-9107f3cedf56/in_use.lock acquired by nodename 12932@pr-hdds-2194-jqrdw-3579824535
2019-10-10 01:19:25,960 [pool-27-thread-1] INFO  storage.RaftStorageDirectory (RaftStorageDirectory.java:tryLock(328)) - Lock on /workdir/hadoop-ozone/tools/target/test-dir/MiniOzoneClusterImpl-1e8b0e80-279c-49c4-ae13-42ed318b6149/datanode-0/data/ratis/122529d1-cc28-4426-9f9b-9107f3cedf56/in_use.lock acquired by nodename 12932@pr-hdds-2194-jqrdw-3579824535
2019-10-10 01:19:25,960 [pool-47-thread-1] INFO  storage.RaftStorageDirectory (RaftStorageDirectory.java:tryLock(328)) - Lock on /workdir/hadoop-ozone/tools/target/test-dir/MiniOzoneClusterImpl-1e8b0e80-279c-49c4-ae13-42ed318b6149/datanode-2/data/ratis/122529d1-cc28-4426-9f9b-9107f3cedf56/in_use.lock acquired by nodename 12932@pr-hdds-2194-jqrdw-3579824535
2019-10-10 01:19:25,984 [pool-27-thread-1] INFO  storage.RaftStorage (RaftStorage.java:format(84)) - Storage directory /workdir/hadoop-ozone/tools/target/test-dir/MiniOzoneClusterImpl-1e8b0e80-279c-49c4-ae13-42ed318b6149/datanode-0/data/ratis/122529d1-cc28-4426-9f9b-9107f3cedf56 has been successfully formatted.
2019-10-10 01:19:25,984 [pool-67-thread-1] INFO  storage.RaftStorage (RaftStorage.java:format(84)) - Storage directory /workdir/hadoop-ozone/tools/target/test-dir/MiniOzoneClusterImpl-1e8b0e80-279c-49c4-ae13-42ed318b6149/datanode-4/data/ratis/122529d1-cc28-4426-9f9b-9107f3cedf56 has been successfully formatted.
2019-10-10 01:19:25,984 [pool-47-thread-1] INFO  storage.RaftStorage (RaftStorage.java:format(84)) - Storage directory /workdir/hadoop-ozone/tools/target/test-dir/MiniOzoneClusterImpl-1e8b0e80-279c-49c4-ae13-42ed318b6149/datanode-2/data/ratis/122529d1-cc28-4426-9f9b-9107f3cedf56 has been successfully formatted.
2019-10-10 01:19:25,984 [pool-27-thread-1] INFO  ratis.ContainerStateMachine (ContainerStateMachine.java:loadSnapshot(231)) - group-9107F3CEDF56: The snapshot info is null. Setting the last applied indexto:(t:0, i:~)
2019-10-10 01:19:25,984 [pool-67-thread-1] INFO  ratis.ContainerStateMachine (ContainerStateMachine.java:loadSnapshot(231)) - group-9107F3CEDF56: The snapshot info is null. Setting the last applied indexto:(t:0, i:~)
2019-10-10 01:19:25,984 [pool-47-thread-1] INFO  ratis.ContainerStateMachine (ContainerStateMachine.java:loadSnapshot(231)) - group-9107F3CEDF56: The snapshot info is null. Setting the last applied indexto:(t:0, i:~)
2019-10-10 01:19:25,985 [pool-67-thread-1] INFO  server.RaftServerConfigKeys (ConfUtils.java:logGet(43)) - raft.server.notification.no-leader.timeout = 120s (custom)
2019-10-10 01:19:25,984 [pool-27-thread-1] INFO  server.RaftServerConfigKeys (ConfUtils.java:logGet(43)) - raft.server.notification.no-leader.timeout = 120s (custom)
2019-10-10 01:19:25,985 [pool-67-thread-1] INFO  server.RaftServerConfigKeys (ConfUtils.java:logGet(43)) - raft.server.log.use.memory = false (default)
2019-10-10 01:19:25,985 [pool-47-thread-1] INFO  server.RaftServerConfigKeys (ConfUtils.java:logGet(43)) - raft.server.notification.no-leader.timeout = 120s (custom)
2019-10-10 01:19:25,985 [pool-67-thread-1] INFO  server.RaftServerConfigKeys (ConfUtils.java:logGet(43)) - raft.server.log.purge.gap = 1000000 (custom)
2019-10-10 01:19:25,985 [pool-27-thread-1] INFO  server.RaftServerConfigKeys (ConfUtils.java:logGet(43)) - raft.server.log.use.memory = false (default)
2019-10-10 01:19:25,985 [pool-67-thread-1] INFO  server.RaftServerConfigKeys (ConfUtils.java:logGet(43)) - raft.server.log.appender.buffer.byte-limit = 33554432 (custom)
2019-10-10 01:19:25,985 [pool-47-thread-1] INFO  server.RaftServerConfigKeys (ConfUtils.java:logGet(43)) - raft.server.log.use.memory = false (default)
2019-10-10 01:19:25,986 [pool-67-thread-1] INFO  server.RaftServerConfigKeys (ConfUtils.java:logGet(43)) - raft.server.log.segment.size.max = 1048576 (custom)
2019-10-10 01:19:25,985 [pool-27-thread-1] INFO  server.RaftServerConfigKeys (ConfUtils.java:logGet(43)) - raft.server.log.purge.gap = 1000000 (custom)
2019-10-10 01:19:25,986 [pool-67-thread-1] INFO  server.RaftServerConfigKeys (ConfUtils.java:logGet(43)) - raft.server.log.segment.cache.num.max = 2 (custom)
2019-10-10 01:19:25,986 [pool-47-thread-1] INFO  server.RaftServerConfigKeys (ConfUtils.java:logGet(43)) - raft.server.log.purge.gap = 1000000 (custom)
2019-10-10 01:19:25,986 [pool-67-thread-1] INFO  segmented.SegmentedRaftLogWorker (SegmentedRaftLogWorker.java:<init>(173)) - new 4b92f2f8-e489-47a4-a90a-1d3fa2a9a07f@group-9107F3CEDF56-SegmentedRaftLogWorker for RaftStorage:Storage Directory /workdir/hadoop-ozone/tools/target/test-dir/MiniOzoneClusterImpl-1e8b0e80-279c-49c4-ae13-42ed318b6149/datanode-4/data/ratis/122529d1-cc28-4426-9f9b-9107f3cedf56
2019-10-10 01:19:25,986 [pool-27-thread-1] INFO  server.RaftServerConfigKeys (ConfUtils.java:logGet(43)) - raft.server.log.appender.buffer.byte-limit = 33554432 (custom)
2019-10-10 01:19:25,986 [pool-67-thread-1] INFO  server.RaftServerConfigKeys (ConfUtils.java:logGet(43)) - raft.server.log.queue.byte-limit = 2147483647 (custom)
2019-10-10 01:19:25,986 [pool-47-thread-1] INFO  server.RaftServerConfigKeys (ConfUtils.java:logGet(43)) - raft.server.log.appender.buffer.byte-limit = 33554432 (custom)
2019-10-10 01:19:25,987 [pool-67-thread-1] INFO  server.RaftServerConfigKeys (ConfUtils.java:logGet(43)) - raft.server.log.queue.element-limit = 1024 (custom)
2019-10-10 01:19:25,987 [pool-27-thread-1] INFO  server.RaftServerConfigKeys (ConfUtils.java:logGet(43)) - raft.server.log.segment.size.max = 1048576 (custom)
2019-10-10 01:19:25,987 [pool-67-thread-1] INFO  server.RaftServerConfigKeys (ConfUtils.java:logGet(43)) - raft.server.log.segment.size.max = 1048576 (custom)
2019-10-10 01:19:25,987 [pool-47-thread-1] INFO  server.RaftServerConfigKeys (ConfUtils.java:logGet(43)) - raft.server.log.segment.size.max = 1048576 (custom)
2019-10-10 01:19:25,987 [pool-67-thread-1] INFO  server.RaftServerConfigKeys (ConfUtils.java:logGet(43)) - raft.server.log.preallocated.size = 16384 (custom)
2019-10-10 01:19:25,987 [pool-27-thread-1] INFO  server.RaftServerConfigKeys (ConfUtils.java:logGet(43)) - raft.server.log.segment.cache.num.max = 2 (custom)
2019-10-10 01:19:25,987 [pool-67-thread-1] INFO  server.RaftServerConfigKeys (ConfUtils.java:logGet(43)) - raft.server.log.write.buffer.size = 33554432 (custom)
2019-10-10 01:19:25,987 [pool-47-thread-1] INFO  server.RaftServerConfigKeys (ConfUtils.java:logGet(43)) - raft.server.log.segment.cache.num.max = 2 (custom)
2019-10-10 01:19:25,988 [pool-67-thread-1] INFO  server.RaftServerConfigKeys (ConfUtils.java:logGet(43)) - raft.server.log.force.sync.num = 128 (default)
2019-10-10 01:19:25,987 [pool-27-thread-1] INFO  segmented.SegmentedRaftLogWorker (SegmentedRaftLogWorker.java:<init>(173)) - new 993817e1-c77a-472e-865f-a6e34ffe7967@group-9107F3CEDF56-SegmentedRaftLogWorker for RaftStorage:Storage Directory /workdir/hadoop-ozone/tools/target/test-dir/MiniOzoneClusterImpl-1e8b0e80-279c-49c4-ae13-42ed318b6149/datanode-0/data/ratis/122529d1-cc28-4426-9f9b-9107f3cedf56
2019-10-10 01:19:25,988 [pool-67-thread-1] INFO  server.RaftServerConfigKeys (ConfUtils.java:logGet(43)) - raft.server.log.statemachine.data.sync = true (default)
2019-10-10 01:19:25,988 [pool-47-thread-1] INFO  segmented.SegmentedRaftLogWorker (SegmentedRaftLogWorker.java:<init>(173)) - new fe8e0d95-22db-4b8a-875e-83bee4d716fb@group-9107F3CEDF56-SegmentedRaftLogWorker for RaftStorage:Storage Directory /workdir/hadoop-ozone/tools/target/test-dir/MiniOzoneClusterImpl-1e8b0e80-279c-49c4-ae13-42ed318b6149/datanode-2/data/ratis/122529d1-cc28-4426-9f9b-9107f3cedf56
2019-10-10 01:19:25,988 [pool-67-thread-1] INFO  server.RaftServerConfigKeys (ConfUtils.java:logGet(43)) - raft.server.log.statemachine.data.sync.timeout = 10s (default)
2019-10-10 01:19:25,988 [pool-27-thread-1] INFO  server.RaftServerConfigKeys (ConfUtils.java:logGet(43)) - raft.server.log.queue.byte-limit = 2147483647 (custom)
2019-10-10 01:19:25,988 [pool-67-thread-1] INFO  server.RaftServerConfigKeys (ConfUtils.java:logGet(43)) - raft.server.log.statemachine.data.sync.timeout.retry = -1 (default)
2019-10-10 01:19:25,988 [pool-47-thread-1] INFO  server.RaftServerConfigKeys (ConfUtils.java:logGet(43)) - raft.server.log.queue.byte-limit = 2147483647 (custom)
2019-10-10 01:19:25,988 [pool-27-thread-1] INFO  server.RaftServerConfigKeys (ConfUtils.java:logGet(43)) - raft.server.log.queue.element-limit = 1024 (custom)
2019-10-10 01:19:25,989 [pool-47-thread-1] INFO  server.RaftServerConfigKeys (ConfUtils.java:logGet(43)) - raft.server.log.queue.element-limit = 1024 (custom)
2019-10-10 01:19:25,989 [pool-67-thread-1] INFO  server.RaftServerConfigKeys (ConfUtils.java:logGet(43)) - raft.server.log.statemachine.data.caching.enabled = true (custom)
2019-10-10 01:19:25,989 [pool-47-thread-1] INFO  server.RaftServerConfigKeys (ConfUtils.java:logGet(43)) - raft.server.log.segment.size.max = 1048576 (custom)
2019-10-10 01:19:25,989 [pool-27-thread-1] INFO  server.RaftServerConfigKeys (ConfUtils.java:logGet(43)) - raft.server.log.segment.size.max = 1048576 (custom)
2019-10-10 01:19:25,989 [pool-67-thread-1] INFO  segmented.SegmentedRaftLogWorker (SegmentedRaftLogWorker.java:lambda$new$0(128)) - 4b92f2f8-e489-47a4-a90a-1d3fa2a9a07f@group-9107F3CEDF56-SegmentedRaftLogWorker: flushIndex: setUnconditionally 0 -> -1
2019-10-10 01:19:25,989 [pool-47-thread-1] INFO  server.RaftServerConfigKeys (ConfUtils.java:logGet(43)) - raft.server.log.preallocated.size = 16384 (custom)
2019-10-10 01:19:25,989 [pool-27-thread-1] INFO  server.RaftServerConfigKeys (ConfUtils.java:logGet(43)) - raft.server.log.preallocated.size = 16384 (custom)
2019-10-10 01:19:25,990 [pool-67-thread-1] INFO  server.RaftServerConfigKeys (ConfUtils.java:logGet(43)) - raft.server.snapshot.auto.trigger.enabled = true (custom)
2019-10-10 01:19:25,989 [pool-47-thread-1] INFO  server.RaftServerConfigKeys (ConfUtils.java:logGet(43)) - raft.server.log.write.buffer.size = 33554432 (custom)
2019-10-10 01:19:25,990 [pool-67-thread-1] INFO  server.RaftServerConfigKeys (ConfUtils.java:logGet(43)) - raft.server.snapshot.auto.trigger.threshold = 10000 (custom)
2019-10-10 01:19:25,990 [pool-27-thread-1] INFO  server.RaftServerConfigKeys (ConfUtils.java:logGet(43)) - raft.server.log.write.buffer.size = 33554432 (custom)
2019-10-10 01:19:25,990 [pool-67-thread-1] INFO  server.RaftServerConfigKeys (ConfUtils.java:logGet(43)) - raft.server.snapshot.retention.file.num = 5 (custom)
2019-10-10 01:19:25,990 [pool-47-thread-1] INFO  server.RaftServerConfigKeys (ConfUtils.java:logGet(43)) - raft.server.log.force.sync.num = 128 (default)
2019-10-10 01:19:25,990 [pool-67-thread-1] INFO  server.RaftServerConfigKeys (ConfUtils.java:logGet(43)) - raft.server.retrycache.expirytime = 600000ms (custom)
2019-10-10 01:19:25,990 [pool-27-thread-1] INFO  server.RaftServerConfigKeys (ConfUtils.java:logGet(43)) - raft.server.log.force.sync.num = 128 (default)
2019-10-10 01:19:25,990 [pool-47-thread-1] INFO  server.RaftServerConfigKeys (ConfUtils.java:logGet(43)) - raft.server.log.statemachine.data.sync = true (default)
2019-10-10 01:19:25,991 [pool-27-thread-1] INFO  server.RaftServerConfigKeys (ConfUtils.java:logGet(43)) - raft.server.log.statemachine.data.sync = true (default)
2019-10-10 01:19:25,991 [pool-47-thread-1] INFO  server.RaftServerConfigKeys (ConfUtils.java:logGet(43)) - raft.server.log.statemachine.data.sync.timeout = 10s (default)
2019-10-10 01:19:25,991 [pool-27-thread-1] INFO  server.RaftServerConfigKeys (ConfUtils.java:logGet(43)) - raft.server.log.statemachine.data.sync.timeout = 10s (default)
2019-10-10 01:19:25,991 [pool-47-thread-1] INFO  server.RaftServerConfigKeys (ConfUtils.java:logGet(43)) - raft.server.log.statemachine.data.sync.timeout.retry = -1 (default)
2019-10-10 01:19:25,991 [pool-27-thread-1] INFO  server.RaftServerConfigKeys (ConfUtils.java:logGet(43)) - raft.server.log.statemachine.data.sync.timeout.retry = -1 (default)
2019-10-10 01:19:25,991 [pool-47-thread-1] INFO  server.RaftServerConfigKeys (ConfUtils.java:logGet(43)) - raft.server.log.statemachine.data.caching.enabled = true (custom)
2019-10-10 01:19:25,991 [pool-27-thread-1] INFO  server.RaftServerConfigKeys (ConfUtils.java:logGet(43)) - raft.server.log.statemachine.data.caching.enabled = true (custom)
2019-10-10 01:19:25,992 [pool-47-thread-1] INFO  segmented.SegmentedRaftLogWorker (SegmentedRaftLogWorker.java:lambda$new$0(128)) - fe8e0d95-22db-4b8a-875e-83bee4d716fb@group-9107F3CEDF56-SegmentedRaftLogWorker: flushIndex: setUnconditionally 0 -> -1
2019-10-10 01:19:25,992 [pool-47-thread-1] INFO  server.RaftServerConfigKeys (ConfUtils.java:logGet(43)) - raft.server.snapshot.auto.trigger.enabled = true (custom)
2019-10-10 01:19:25,992 [pool-27-thread-1] INFO  segmented.SegmentedRaftLogWorker (SegmentedRaftLogWorker.java:lambda$new$0(128)) - 993817e1-c77a-472e-865f-a6e34ffe7967@group-9107F3CEDF56-SegmentedRaftLogWorker: flushIndex: setUnconditionally 0 -> -1
2019-10-10 01:19:25,992 [pool-47-thread-1] INFO  server.RaftServerConfigKeys (ConfUtils.java:logGet(43)) - raft.server.snapshot.auto.trigger.threshold = 10000 (custom)
2019-10-10 01:19:25,992 [pool-47-thread-1] INFO  server.RaftServerConfigKeys (ConfUtils.java:logGet(43)) - raft.server.snapshot.retention.file.num = 5 (custom)
2019-10-10 01:19:25,992 [pool-27-thread-1] INFO  server.RaftServerConfigKeys (ConfUtils.java:logGet(43)) - raft.server.snapshot.auto.trigger.enabled = true (custom)
2019-10-10 01:19:25,992 [pool-47-thread-1] INFO  server.RaftServerConfigKeys (ConfUtils.java:logGet(43)) - raft.server.retrycache.expirytime = 600000ms (custom)
2019-10-10 01:19:25,992 [pool-27-thread-1] INFO  server.RaftServerConfigKeys (ConfUtils.java:logGet(43)) - raft.server.snapshot.auto.trigger.threshold = 10000 (custom)
2019-10-10 01:19:25,993 [pool-27-thread-1] INFO  server.RaftServerConfigKeys (ConfUtils.java:logGet(43)) - raft.server.snapshot.retention.file.num = 5 (custom)
2019-10-10 01:19:25,993 [pool-67-thread-1] INFO  impl.RaftServerImpl (RaftServerImpl.java:start(181)) - 4b92f2f8-e489-47a4-a90a-1d3fa2a9a07f@group-9107F3CEDF56: start as a follower, conf=-1: [4b92f2f8-e489-47a4-a90a-1d3fa2a9a07f:192.168.151.118:35849, 993817e1-c77a-472e-865f-a6e34ffe7967:192.168.151.118:41261, fe8e0d95-22db-4b8a-875e-83bee4d716fb:192.168.151.118:34352], old=null
2019-10-10 01:19:25,993 [pool-67-thread-1] INFO  impl.RaftServerImpl (RaftServerImpl.java:setRole(170)) - 4b92f2f8-e489-47a4-a90a-1d3fa2a9a07f@group-9107F3CEDF56: changes role from      null to FOLLOWER at term 0 for startAsFollower
2019-10-10 01:19:25,993 [pool-27-thread-1] INFO  server.RaftServerConfigKeys (ConfUtils.java:logGet(43)) - raft.server.retrycache.expirytime = 600000ms (custom)
2019-10-10 01:19:25,993 [pool-67-thread-1] INFO  impl.RoleInfo (RoleInfo.java:updateAndGet(143)) - 4b92f2f8-e489-47a4-a90a-1d3fa2a9a07f: start FollowerState
2019-10-10 01:19:25,994 [pool-67-thread-1] INFO  util.JmxRegister (JmxRegister.java:tryRegister(44)) - Successfully registered JMX Bean with object name Ratis:service=RaftServer,group=group-9107F3CEDF56,id=4b92f2f8-e489-47a4-a90a-1d3fa2a9a07f
2019-10-10 01:19:25,994 [pool-47-thread-1] INFO  impl.RaftServerImpl (RaftServerImpl.java:start(181)) - fe8e0d95-22db-4b8a-875e-83bee4d716fb@group-9107F3CEDF56: start as a follower, conf=-1: [4b92f2f8-e489-47a4-a90a-1d3fa2a9a07f:192.168.151.118:35849, 993817e1-c77a-472e-865f-a6e34ffe7967:192.168.151.118:41261, fe8e0d95-22db-4b8a-875e-83bee4d716fb:192.168.151.118:34352], old=null
2019-10-10 01:19:25,994 [pool-47-thread-1] INFO  impl.RaftServerImpl (RaftServerImpl.java:setRole(170)) - fe8e0d95-22db-4b8a-875e-83bee4d716fb@group-9107F3CEDF56: changes role from      null to FOLLOWER at term 0 for startAsFollower
2019-10-10 01:19:25,994 [pool-47-thread-1] INFO  impl.RoleInfo (RoleInfo.java:updateAndGet(143)) - fe8e0d95-22db-4b8a-875e-83bee4d716fb: start FollowerState
2019-10-10 01:19:25,994 [pool-47-thread-1] INFO  util.JmxRegister (JmxRegister.java:tryRegister(44)) - Successfully registered JMX Bean with object name Ratis:service=RaftServer,group=group-9107F3CEDF56,id=fe8e0d95-22db-4b8a-875e-83bee4d716fb
2019-10-10 01:19:25,998 [pool-27-thread-1] INFO  impl.RaftServerImpl (RaftServerImpl.java:start(181)) - 993817e1-c77a-472e-865f-a6e34ffe7967@group-9107F3CEDF56: start as a follower, conf=-1: [4b92f2f8-e489-47a4-a90a-1d3fa2a9a07f:192.168.151.118:35849, 993817e1-c77a-472e-865f-a6e34ffe7967:192.168.151.118:41261, fe8e0d95-22db-4b8a-875e-83bee4d716fb:192.168.151.118:34352], old=null
2019-10-10 01:19:25,998 [pool-27-thread-1] INFO  impl.RaftServerImpl (RaftServerImpl.java:setRole(170)) - 993817e1-c77a-472e-865f-a6e34ffe7967@group-9107F3CEDF56: changes role from      null to FOLLOWER at term 0 for startAsFollower
2019-10-10 01:19:25,998 [pool-27-thread-1] INFO  impl.RoleInfo (RoleInfo.java:updateAndGet(143)) - 993817e1-c77a-472e-865f-a6e34ffe7967: start FollowerState
2019-10-10 01:19:25,999 [pool-27-thread-1] INFO  util.JmxRegister (JmxRegister.java:tryRegister(44)) - Successfully registered JMX Bean with object name Ratis:service=RaftServer,group=group-9107F3CEDF56,id=993817e1-c77a-472e-865f-a6e34ffe7967
2019-10-10 01:19:26,003 [RatisPipelineUtilsThread] INFO  pipeline.PipelineStateManager (PipelineStateManager.java:addPipeline(56)) - Created pipeline Pipeline[ Id: 122529d1-cc28-4426-9f9b-9107f3cedf56, Nodes: 4b92f2f8-e489-47a4-a90a-1d3fa2a9a07f{ip: 192.168.151.118, host: pr-hdds-2194-jqrdw-3579824535, networkLocation: /default-rack, certSerialId: null}fe8e0d95-22db-4b8a-875e-83bee4d716fb{ip: 192.168.151.118, host: pr-hdds-2194-jqrdw-3579824535, networkLocation: /default-rack, certSerialId: null}993817e1-c77a-472e-865f-a6e34ffe7967{ip: 192.168.151.118, host: pr-hdds-2194-jqrdw-3579824535, networkLocation: /default-rack, certSerialId: null}, Type:RATIS, Factor:THREE, State:OPEN]
 0.00% |█                                                                                                    |  0/1 Time: 0:03:322019-10-10 01:19:26,810 [pool-73-thread-3] WARN  io.KeyOutputStream (KeyOutputStream.java:handleException(274)) - Encountered exception java.io.IOException: Unexpected Storage Container Exception: java.util.concurrent.CompletionException: java.util.concurrent.CompletionException: org.apache.ratis.protocol.GroupMismatchException: 993817e1-c77a-472e-865f-a6e34ffe7967: group-26EF2C0D7090 not found. on the pipeline Pipeline[ Id: 3e797490-415f-4b0a-81f6-26ef2c0d7090, Nodes: 4b92f2f8-e489-47a4-a90a-1d3fa2a9a07f{ip: 192.168.151.118, host: pr-hdds-2194-jqrdw-3579824535, networkLocation: /default-rack, certSerialId: null}fe8e0d95-22db-4b8a-875e-83bee4d716fb{ip: 192.168.151.118, host: pr-hdds-2194-jqrdw-3579824535, networkLocation: /default-rack, certSerialId: null}993817e1-c77a-472e-865f-a6e34ffe7967{ip: 192.168.151.118, host: pr-hdds-2194-jqrdw-3579824535, networkLocation: /default-rack, certSerialId: null}, Type:RATIS, Factor:THREE, State:OPEN]. The last committed block length is 0, uncommitted data length is 2097152 retry count 2
 0.00% |█                                                                                                    |  0/1 Time: 0:03:33 0.00% |█                                                                                                    |  0/1 Time: 0:03:34 0.00% |█                                                                                                    |  0/1 Time: 0:03:35 0.00% |█                                                                                                    |  0/1 Time: 0:03:362019-10-10 01:19:30,997 [Thread-728] INFO  impl.FollowerState (FollowerState.java:run(108)) - 4b92f2f8-e489-47a4-a90a-1d3fa2a9a07f@group-9107F3CEDF56-FollowerState: change to CANDIDATE, lastRpcTime:5003ms, electionTimeout:5003ms
2019-10-10 01:19:30,999 [Thread-728] INFO  impl.RoleInfo (RoleInfo.java:shutdownFollowerState(121)) - 4b92f2f8-e489-47a4-a90a-1d3fa2a9a07f: shutdown FollowerState
2019-10-10 01:19:30,999 [Thread-728] INFO  impl.RaftServerImpl (RaftServerImpl.java:setRole(170)) - 4b92f2f8-e489-47a4-a90a-1d3fa2a9a07f@group-9107F3CEDF56: changes role from  FOLLOWER to CANDIDATE at term 0 for changeToCandidate
2019-10-10 01:19:30,999 [Thread-728] INFO  impl.RoleInfo (RoleInfo.java:updateAndGet(143)) - 4b92f2f8-e489-47a4-a90a-1d3fa2a9a07f: start LeaderElection
2019-10-10 01:19:31,029 [4b92f2f8-e489-47a4-a90a-1d3fa2a9a07f@group-9107F3CEDF56-LeaderElection12] INFO  impl.LeaderElection (LeaderElection.java:askForVotes(178)) - 4b92f2f8-e489-47a4-a90a-1d3fa2a9a07f@group-9107F3CEDF56-LeaderElection12: begin an election at term 1 for -1: [4b92f2f8-e489-47a4-a90a-1d3fa2a9a07f:192.168.151.118:35849, 993817e1-c77a-472e-865f-a6e34ffe7967:192.168.151.118:41261, fe8e0d95-22db-4b8a-875e-83bee4d716fb:192.168.151.118:34352], old=null
2019-10-10 01:19:31,043 [grpc-default-executor-2] INFO  impl.RaftServerImpl (RaftServerImpl.java:setRole(170)) - 993817e1-c77a-472e-865f-a6e34ffe7967@group-9107F3CEDF56: changes role from  FOLLOWER to FOLLOWER at term 1 for recognizeCandidate:4b92f2f8-e489-47a4-a90a-1d3fa2a9a07f
2019-10-10 01:19:31,043 [grpc-default-executor-10] INFO  impl.RaftServerImpl (RaftServerImpl.java:setRole(170)) - fe8e0d95-22db-4b8a-875e-83bee4d716fb@group-9107F3CEDF56: changes role from  FOLLOWER to FOLLOWER at term 1 for recognizeCandidate:4b92f2f8-e489-47a4-a90a-1d3fa2a9a07f
2019-10-10 01:19:31,043 [grpc-default-executor-2] INFO  impl.RoleInfo (RoleInfo.java:shutdownFollowerState(121)) - 993817e1-c77a-472e-865f-a6e34ffe7967: shutdown FollowerState
2019-10-10 01:19:31,043 [grpc-default-executor-10] INFO  impl.RoleInfo (RoleInfo.java:shutdownFollowerState(121)) - fe8e0d95-22db-4b8a-875e-83bee4d716fb: shutdown FollowerState
2019-10-10 01:19:31,043 [Thread-731] INFO  impl.FollowerState (FollowerState.java:run(117)) - 993817e1-c77a-472e-865f-a6e34ffe7967@group-9107F3CEDF56-FollowerState was interrupted: java.lang.InterruptedException: sleep interrupted
2019-10-10 01:19:31,043 [grpc-default-executor-2] INFO  impl.RoleInfo (RoleInfo.java:updateAndGet(143)) - 993817e1-c77a-472e-865f-a6e34ffe7967: start FollowerState
2019-10-10 01:19:31,044 [grpc-default-executor-10] INFO  impl.RoleInfo (RoleInfo.java:updateAndGet(143)) - fe8e0d95-22db-4b8a-875e-83bee4d716fb: start FollowerState
2019-10-10 01:19:31,044 [Thread-729] INFO  impl.FollowerState (FollowerState.java:run(117)) - fe8e0d95-22db-4b8a-875e-83bee4d716fb@group-9107F3CEDF56-FollowerState was interrupted: java.lang.InterruptedException: sleep interrupted
2019-10-10 01:19:31,073 [4b92f2f8-e489-47a4-a90a-1d3fa2a9a07f@group-9107F3CEDF56-LeaderElection12] INFO  impl.LeaderElection (LeaderElection.java:logAndReturn(56)) - 4b92f2f8-e489-47a4-a90a-1d3fa2a9a07f@group-9107F3CEDF56-LeaderElection12: Election PASSED; received 1 response(s) [4b92f2f8-e489-47a4-a90a-1d3fa2a9a07f<-fe8e0d95-22db-4b8a-875e-83bee4d716fb#0:OK-t1] and 0 exception(s); 4b92f2f8-e489-47a4-a90a-1d3fa2a9a07f@group-9107F3CEDF56:t1, leader=null, voted=4b92f2f8-e489-47a4-a90a-1d3fa2a9a07f, raftlog=4b92f2f8-e489-47a4-a90a-1d3fa2a9a07f@group-9107F3CEDF56-SegmentedRaftLog:OPENED:c-1,f-1,i0, conf=-1: [4b92f2f8-e489-47a4-a90a-1d3fa2a9a07f:192.168.151.118:35849, 993817e1-c77a-472e-865f-a6e34ffe7967:192.168.151.118:41261, fe8e0d95-22db-4b8a-875e-83bee4d716fb:192.168.151.118:34352], old=null
2019-10-10 01:19:31,074 [4b92f2f8-e489-47a4-a90a-1d3fa2a9a07f@group-9107F3CEDF56-LeaderElection12] INFO  impl.RoleInfo (RoleInfo.java:shutdownLeaderElection(134)) - 4b92f2f8-e489-47a4-a90a-1d3fa2a9a07f: shutdown LeaderElection
2019-10-10 01:19:31,074 [4b92f2f8-e489-47a4-a90a-1d3fa2a9a07f@group-9107F3CEDF56-LeaderElection12] INFO  impl.RaftServerImpl (RaftServerImpl.java:setRole(170)) - 4b92f2f8-e489-47a4-a90a-1d3fa2a9a07f@group-9107F3CEDF56: changes role from CANDIDATE to LEADER at term 1 for changeToLeader
2019-10-10 01:19:31,074 [4b92f2f8-e489-47a4-a90a-1d3fa2a9a07f@group-9107F3CEDF56-LeaderElection12] INFO  impl.RaftServerImpl (ServerState.java:setLeader(255)) - 4b92f2f8-e489-47a4-a90a-1d3fa2a9a07f@group-9107F3CEDF56: change Leader from null to 4b92f2f8-e489-47a4-a90a-1d3fa2a9a07f at term 1 for becomeLeader, leader elected after 5089ms
2019-10-10 01:19:31,074 [4b92f2f8-e489-47a4-a90a-1d3fa2a9a07f@group-9107F3CEDF56-LeaderElection12] INFO  server.RaftServerConfigKeys (ConfUtils.java:logGet(43)) - raft.server.staging.catchup.gap = 1000 (default)
2019-10-10 01:19:31,074 [4b92f2f8-e489-47a4-a90a-1d3fa2a9a07f@group-9107F3CEDF56-LeaderElection12] INFO  server.RaftServerConfigKeys (ConfUtils.java:logGet(43)) - raft.server.rpc.sleep.time = 25ms (default)
2019-10-10 01:19:31,075 [4b92f2f8-e489-47a4-a90a-1d3fa2a9a07f@group-9107F3CEDF56-LeaderElection12] INFO  server.RaftServerConfigKeys (ConfUtils.java:logGet(43)) - raft.server.write.element-limit = 4096 (default)
2019-10-10 01:19:31,075 [4b92f2f8-e489-47a4-a90a-1d3fa2a9a07f@group-9107F3CEDF56-LeaderElection12] INFO  server.RaftServerConfigKeys (ConfUtils.java:logGet(43)) - raft.server.watch.timeout = 10s (default)
2019-10-10 01:19:31,075 [4b92f2f8-e489-47a4-a90a-1d3fa2a9a07f@group-9107F3CEDF56-LeaderElection12] INFO  server.RaftServerConfigKeys (ConfUtils.java:logGet(43)) - raft.server.watch.timeout.denomination = 1s (default)
2019-10-10 01:19:31,075 [4b92f2f8-e489-47a4-a90a-1d3fa2a9a07f@group-9107F3CEDF56-LeaderElection12] INFO  server.RaftServerConfigKeys (ConfUtils.java:logGet(43)) - raft.server.watch.element-limit = 65536 (default)
2019-10-10 01:19:31,078 [4b92f2f8-e489-47a4-a90a-1d3fa2a9a07f@group-9107F3CEDF56-LeaderElection12] INFO  server.RaftServerConfigKeys (ConfUtils.java:logGet(43)) - raft.server.log.appender.snapshot.chunk.size.max = 16MB (=16777216) (default)
2019-10-10 01:19:31,079 [4b92f2f8-e489-47a4-a90a-1d3fa2a9a07f@group-9107F3CEDF56-LeaderElection12] INFO  server.RaftServerConfigKeys (ConfUtils.java:logGet(43)) - raft.server.log.appender.buffer.byte-limit = 33554432 (custom)
2019-10-10 01:19:31,079 [4b92f2f8-e489-47a4-a90a-1d3fa2a9a07f@group-9107F3CEDF56-LeaderElection12] INFO  server.RaftServerConfigKeys (ConfUtils.java:logGet(43)) - raft.server.log.appender.buffer.element-limit = 1 (custom)
2019-10-10 01:19:31,079 [4b92f2f8-e489-47a4-a90a-1d3fa2a9a07f@group-9107F3CEDF56-LeaderElection12] INFO  grpc.GrpcConfigKeys$Server (ConfUtils.java:logGet(43)) - raft.grpc.server.leader.outstanding.appends.max = 128 (default)
2019-10-10 01:19:31,080 [4b92f2f8-e489-47a4-a90a-1d3fa2a9a07f@group-9107F3CEDF56-LeaderElection12] INFO  server.RaftServerConfigKeys (ConfUtils.java:logGet(43)) - raft.server.rpc.request.timeout = 3000ms (default)
2019-10-10 01:19:31,080 [4b92f2f8-e489-47a4-a90a-1d3fa2a9a07f@group-9107F3CEDF56-LeaderElection12] INFO  server.RaftServerConfigKeys (ConfUtils.java:logGet(43)) - raft.server.log.appender.install.snapshot.enabled = false (custom)
2019-10-10 01:19:31,080 [4b92f2f8-e489-47a4-a90a-1d3fa2a9a07f@group-9107F3CEDF56-LeaderElection12] INFO  server.RaftServerConfigKeys (ConfUtils.java:logGet(43)) - raft.server.log.appender.snapshot.chunk.size.max = 16MB (=16777216) (default)
2019-10-10 01:19:31,080 [4b92f2f8-e489-47a4-a90a-1d3fa2a9a07f@group-9107F3CEDF56-LeaderElection12] INFO  server.RaftServerConfigKeys (ConfUtils.java:logGet(43)) - raft.server.log.appender.buffer.byte-limit = 33554432 (custom)
2019-10-10 01:19:31,080 [4b92f2f8-e489-47a4-a90a-1d3fa2a9a07f@group-9107F3CEDF56-LeaderElection12] INFO  server.RaftServerConfigKeys (ConfUtils.java:logGet(43)) - raft.server.log.appender.buffer.element-limit = 1 (custom)
2019-10-10 01:19:31,081 [4b92f2f8-e489-47a4-a90a-1d3fa2a9a07f@group-9107F3CEDF56-LeaderElection12] INFO  grpc.GrpcConfigKeys$Server (ConfUtils.java:logGet(43)) - raft.grpc.server.leader.outstanding.appends.max = 128 (default)
2019-10-10 01:19:31,081 [4b92f2f8-e489-47a4-a90a-1d3fa2a9a07f@group-9107F3CEDF56-LeaderElection12] INFO  server.RaftServerConfigKeys (ConfUtils.java:logGet(43)) - raft.server.rpc.request.timeout = 3000ms (default)
2019-10-10 01:19:31,081 [4b92f2f8-e489-47a4-a90a-1d3fa2a9a07f@group-9107F3CEDF56-LeaderElection12] INFO  server.RaftServerConfigKeys (ConfUtils.java:logGet(43)) - raft.server.log.appender.install.snapshot.enabled = false (custom)
2019-10-10 01:19:31,081 [4b92f2f8-e489-47a4-a90a-1d3fa2a9a07f@group-9107F3CEDF56-LeaderElection12] INFO  impl.RoleInfo (RoleInfo.java:updateAndGet(143)) - 4b92f2f8-e489-47a4-a90a-1d3fa2a9a07f: start LeaderState
2019-10-10 01:19:31,082 [4b92f2f8-e489-47a4-a90a-1d3fa2a9a07f@group-9107F3CEDF56-LeaderElection12] INFO  segmented.SegmentedRaftLogWorker (SegmentedRaftLogWorker.java:startLogSegment(385)) - 4b92f2f8-e489-47a4-a90a-1d3fa2a9a07f@group-9107F3CEDF56-SegmentedRaftLogWorker: Starting segment from index:0
2019-10-10 01:19:31,083 [4b92f2f8-e489-47a4-a90a-1d3fa2a9a07f@group-9107F3CEDF56-LeaderElection12] INFO  impl.RaftServerImpl (ServerState.java:setRaftConf(356)) - 4b92f2f8-e489-47a4-a90a-1d3fa2a9a07f@group-9107F3CEDF56: set configuration 0: [4b92f2f8-e489-47a4-a90a-1d3fa2a9a07f:192.168.151.118:35849, 993817e1-c77a-472e-865f-a6e34ffe7967:192.168.151.118:41261, fe8e0d95-22db-4b8a-875e-83bee4d716fb:192.168.151.118:34352], old=null at 0
2019-10-10 01:19:31,084 [grpc-default-executor-10] INFO  impl.RaftServerImpl (ServerState.java:setLeader(255)) - fe8e0d95-22db-4b8a-875e-83bee4d716fb@group-9107F3CEDF56: change Leader from null to 4b92f2f8-e489-47a4-a90a-1d3fa2a9a07f at term 1 for appendEntries, leader elected after 5099ms
2019-10-10 01:19:31,084 [grpc-default-executor-2] INFO  impl.RaftServerImpl (ServerState.java:setLeader(255)) - 993817e1-c77a-472e-865f-a6e34ffe7967@group-9107F3CEDF56: change Leader from null to 4b92f2f8-e489-47a4-a90a-1d3fa2a9a07f at term 1 for appendEntries, leader elected after 5099ms
2019-10-10 01:19:31,116 [grpc-default-executor-2] INFO  impl.RaftServerImpl (ServerState.java:setRaftConf(356)) - fe8e0d95-22db-4b8a-875e-83bee4d716fb@group-9107F3CEDF56: set configuration 0: [4b92f2f8-e489-47a4-a90a-1d3fa2a9a07f:192.168.151.118:35849, 993817e1-c77a-472e-865f-a6e34ffe7967:192.168.151.118:41261, fe8e0d95-22db-4b8a-875e-83bee4d716fb:192.168.151.118:34352], old=null at 0
2019-10-10 01:19:31,116 [grpc-default-executor-10] INFO  impl.RaftServerImpl (ServerState.java:setRaftConf(356)) - 993817e1-c77a-472e-865f-a6e34ffe7967@group-9107F3CEDF56: set configuration 0: [4b92f2f8-e489-47a4-a90a-1d3fa2a9a07f:192.168.151.118:35849, 993817e1-c77a-472e-865f-a6e34ffe7967:192.168.151.118:41261, fe8e0d95-22db-4b8a-875e-83bee4d716fb:192.168.151.118:34352], old=null at 0
2019-10-10 01:19:31,117 [grpc-default-executor-2] INFO  segmented.SegmentedRaftLogWorker (SegmentedRaftLogWorker.java:startLogSegment(385)) - fe8e0d95-22db-4b8a-875e-83bee4d716fb@group-9107F3CEDF56-SegmentedRaftLogWorker: Starting segment from index:0
2019-10-10 01:19:31,117 [grpc-default-executor-10] INFO  segmented.SegmentedRaftLogWorker (SegmentedRaftLogWorker.java:startLogSegment(385)) - 993817e1-c77a-472e-865f-a6e34ffe7967@group-9107F3CEDF56-SegmentedRaftLogWorker: Starting segment from index:0
2019-10-10 01:19:31,124 [4b92f2f8-e489-47a4-a90a-1d3fa2a9a07f@group-9107F3CEDF56-SegmentedRaftLogWorker] INFO  segmented.SegmentedRaftLogWorker (SegmentedRaftLogWorker.java:execute(574)) - 4b92f2f8-e489-47a4-a90a-1d3fa2a9a07f@group-9107F3CEDF56-SegmentedRaftLogWorker: created new log segment /workdir/hadoop-ozone/tools/target/test-dir/MiniOzoneClusterImpl-1e8b0e80-279c-49c4-ae13-42ed318b6149/datanode-4/data/ratis/122529d1-cc28-4426-9f9b-9107f3cedf56/current/log_inprogress_0
2019-10-10 01:19:31,155 [993817e1-c77a-472e-865f-a6e34ffe7967@group-9107F3CEDF56-SegmentedRaftLogWorker] INFO  segmented.SegmentedRaftLogWorker (SegmentedRaftLogWorker.java:execute(574)) - 993817e1-c77a-472e-865f-a6e34ffe7967@group-9107F3CEDF56-SegmentedRaftLogWorker: created new log segment /workdir/hadoop-ozone/tools/target/test-dir/MiniOzoneClusterImpl-1e8b0e80-279c-49c4-ae13-42ed318b6149/datanode-0/data/ratis/122529d1-cc28-4426-9f9b-9107f3cedf56/current/log_inprogress_0
2019-10-10 01:19:31,155 [fe8e0d95-22db-4b8a-875e-83bee4d716fb@group-9107F3CEDF56-SegmentedRaftLogWorker] INFO  segmented.SegmentedRaftLogWorker (SegmentedRaftLogWorker.java:execute(574)) - fe8e0d95-22db-4b8a-875e-83bee4d716fb@group-9107F3CEDF56-SegmentedRaftLogWorker: created new log segment /workdir/hadoop-ozone/tools/target/test-dir/MiniOzoneClusterImpl-1e8b0e80-279c-49c4-ae13-42ed318b6149/datanode-2/data/ratis/122529d1-cc28-4426-9f9b-9107f3cedf56/current/log_inprogress_0
 0.00% |█                                                                                                    |  0/1 Time: 0:03:372019-10-10 01:19:32,139 [pool-66-thread-8] ERROR impl.ChunkManagerImpl (ChunkManagerDummyImpl.java:writeChunk(86)) - data array does not match the length specified. DataLen: 1048576 Byte Array: 1048749
2019-10-10 01:19:32,143 [pool-66-thread-8] ERROR impl.ChunkManagerDummyImpl (ChunkManagerDummyImpl.java:writeChunk(105)) - write data failed. error: {}
org.apache.hadoop.hdds.scm.container.common.helpers.StorageContainerException: data array does not match the length specified. DataLen: 1048576 Byte Array: 1048749
	at org.apache.hadoop.ozone.container.keyvalue.impl.ChunkManagerDummyImpl.writeChunk(ChunkManagerDummyImpl.java:87)
	at org.apache.hadoop.ozone.container.keyvalue.KeyValueHandler.handleWriteChunk(KeyValueHandler.java:696)
	at org.apache.hadoop.ozone.container.keyvalue.KeyValueHandler.handle(KeyValueHandler.java:176)
	at org.apache.hadoop.ozone.container.common.impl.HddsDispatcher.dispatchRequest(HddsDispatcher.java:277)
	at org.apache.hadoop.ozone.container.common.impl.HddsDispatcher.dispatch(HddsDispatcher.java:150)
	at org.apache.hadoop.ozone.container.common.transport.server.ratis.ContainerStateMachine.dispatchCommand(ContainerStateMachine.java:413)
	at org.apache.hadoop.ozone.container.common.transport.server.ratis.ContainerStateMachine.runCommand(ContainerStateMachine.java:423)
	at org.apache.hadoop.ozone.container.common.transport.server.ratis.ContainerStateMachine.lambda$handleWriteChunk$1(ContainerStateMachine.java:458)
	at java.util.concurrent.CompletableFuture$AsyncSupply.run(CompletableFuture.java:1590)
	at java.util.concurrent.ThreadPoolExecutor.runWorker(ThreadPoolExecutor.java:1149)
	at java.util.concurrent.ThreadPoolExecutor$Worker.run(ThreadPoolExecutor.java:624)
	at java.lang.Thread.run(Thread.java:748)
2019-10-10 01:19:32,143 [pool-66-thread-8] INFO  keyvalue.KeyValueHandler (ContainerUtils.java:logAndReturnError(146)) - Operation: WriteChunk : Trace ID: a21490a0e8815135:bbbf03c72541041b:3460afdd42d0416b:0 : Message: Internal error:  : Result: CONTAINER_INTERNAL_ERROR
2019-10-10 01:19:32,163 [EventQueue-IncrementalContainerReportForIncrementalContainerReportHandler] WARN  container.IncrementalContainerReportHandler (AbstractContainerReportHandler.java:updateContainerState(145)) - Container #6 is in OPEN state, but the datanode 4b92f2f8-e489-47a4-a90a-1d3fa2a9a07f{ip: 192.168.151.118, host: pr-hdds-2194-jqrdw-3579824535, networkLocation: /default-rack, certSerialId: null} reports an UNHEALTHY replica.
01:19:32.162 [pool-66-thread-8] ERROR DNAudit - user=null | ip=null | op=WRITE_CHUNK {blockData=conID: 6 locID: 102935453160701960 bcsId: 0} | ret=FAILURE
java.lang.Exception: Internal error: 
	at org.apache.hadoop.ozone.container.common.impl.HddsDispatcher.dispatchRequest(HddsDispatcher.java:332) ~[hadoop-hdds-container-service-0.5.0-SNAPSHOT.jar:?]
	at org.apache.hadoop.ozone.container.common.impl.HddsDispatcher.dispatch(HddsDispatcher.java:150) ~[hadoop-hdds-container-service-0.5.0-SNAPSHOT.jar:?]
	at org.apache.hadoop.ozone.container.common.transport.server.ratis.ContainerStateMachine.dispatchCommand(ContainerStateMachine.java:413) ~[hadoop-hdds-container-service-0.5.0-SNAPSHOT.jar:?]
	at org.apache.hadoop.ozone.container.common.transport.server.ratis.ContainerStateMachine.runCommand(ContainerStateMachine.java:423) ~[hadoop-hdds-container-service-0.5.0-SNAPSHOT.jar:?]
	at org.apache.hadoop.ozone.container.common.transport.server.ratis.ContainerStateMachine.lambda$handleWriteChunk$1(ContainerStateMachine.java:458) ~[hadoop-hdds-container-service-0.5.0-SNAPSHOT.jar:?]
	at java.util.concurrent.CompletableFuture$AsyncSupply.run(CompletableFuture.java:1590) [?:1.8.0_212]
	at java.util.concurrent.ThreadPoolExecutor.runWorker(ThreadPoolExecutor.java:1149) [?:1.8.0_212]
	at java.util.concurrent.ThreadPoolExecutor$Worker.run(ThreadPoolExecutor.java:624) [?:1.8.0_212]
	at java.lang.Thread.run(Thread.java:748) [?:1.8.0_212]
2019-10-10 01:19:32,163 [EventQueue-CloseContainerForCloseContainerEventHandler] INFO  container.CloseContainerEventHandler (CloseContainerEventHandler.java:onMessage(61)) - Close container Event triggered for container : #6
2019-10-10 01:19:32,163 [pool-66-thread-8] ERROR ratis.ContainerStateMachine (ContainerStateMachine.java:lambda$handleWriteChunk$2(480)) - group-9107F3CEDF56: writeChunk writeStateMachineData failed: blockIdcontainerID: 6
localID: 102935453160701960
blockCommitSequenceId: 0
 logIndex 1 chunkName 102935453160701960_chunk_1 Error message: Internal error:  Container Result: CONTAINER_INTERNAL_ERROR
2019-10-10 01:19:32,163 [4b92f2f8-e489-47a4-a90a-1d3fa2a9a07f@group-9107F3CEDF56-SegmentedRaftLogWorker] ERROR ratis.XceiverServerRatis (XceiverServerRatis.java:triggerPipelineClose(582)) - pipeline Action CLOSE  on pipeline PipelineID=122529d1-cc28-4426-9f9b-9107f3cedf56.Reason : Internal error: 
2019-10-10 01:19:32,164 [4b92f2f8-e489-47a4-a90a-1d3fa2a9a07f@group-9107F3CEDF56-SegmentedRaftLogWorker] ERROR ratis.XceiverServerRatis (XceiverServerRatis.java:triggerPipelineClose(582)) - pipeline Action CLOSE  on pipeline PipelineID=122529d1-cc28-4426-9f9b-9107f3cedf56.Reason : Log already failed at index 1 for task WriteLog:1: (t:1, i:1), STATEMACHINELOGENTRY, client-8ABBDDFF98B0, cid=44
2019-10-10 01:19:32,164 [EventQueue-PipelineActionsForPipelineActionHandler] ERROR pipeline.PipelineActionHandler (PipelineActionHandler.java:onMessage(60)) - Received pipeline action CLOSE for Pipeline[ Id: 122529d1-cc28-4426-9f9b-9107f3cedf56, Nodes: 4b92f2f8-e489-47a4-a90a-1d3fa2a9a07f{ip: 192.168.151.118, host: pr-hdds-2194-jqrdw-3579824535, networkLocation: /default-rack, certSerialId: null}fe8e0d95-22db-4b8a-875e-83bee4d716fb{ip: 192.168.151.118, host: pr-hdds-2194-jqrdw-3579824535, networkLocation: /default-rack, certSerialId: null}993817e1-c77a-472e-865f-a6e34ffe7967{ip: 192.168.151.118, host: pr-hdds-2194-jqrdw-3579824535, networkLocation: /default-rack, certSerialId: null}, Type:RATIS, Factor:THREE, State:OPEN] from datanode 4b92f2f8-e489-47a4-a90a-1d3fa2a9a07f{ip: 192.168.151.118, host: pr-hdds-2194-jqrdw-3579824535, networkLocation: /default-rack, certSerialId: null}. Reason : Internal error: 
2019-10-10 01:19:32,164 [EventQueue-PipelineActionsForPipelineActionHandler] INFO  pipeline.SCMPipelineManager (SCMPipelineManager.java:finalizeAndDestroyPipeline(315)) - destroying pipeline:Pipeline[ Id: 122529d1-cc28-4426-9f9b-9107f3cedf56, Nodes: 4b92f2f8-e489-47a4-a90a-1d3fa2a9a07f{ip: 192.168.151.118, host: pr-hdds-2194-jqrdw-3579824535, networkLocation: /default-rack, certSerialId: null}fe8e0d95-22db-4b8a-875e-83bee4d716fb{ip: 192.168.151.118, host: pr-hdds-2194-jqrdw-3579824535, networkLocation: /default-rack, certSerialId: null}993817e1-c77a-472e-865f-a6e34ffe7967{ip: 192.168.151.118, host: pr-hdds-2194-jqrdw-3579824535, networkLocation: /default-rack, certSerialId: null}, Type:RATIS, Factor:THREE, State:OPEN]
2019-10-10 01:19:32,164 [EventQueue-PipelineActionsForPipelineActionHandler] INFO  pipeline.PipelineStateManager (PipelineStateManager.java:finalizePipeline(123)) - Pipeline Pipeline[ Id: 122529d1-cc28-4426-9f9b-9107f3cedf56, Nodes: 4b92f2f8-e489-47a4-a90a-1d3fa2a9a07f{ip: 192.168.151.118, host: pr-hdds-2194-jqrdw-3579824535, networkLocation: /default-rack, certSerialId: null}fe8e0d95-22db-4b8a-875e-83bee4d716fb{ip: 192.168.151.118, host: pr-hdds-2194-jqrdw-3579824535, networkLocation: /default-rack, certSerialId: null}993817e1-c77a-472e-865f-a6e34ffe7967{ip: 192.168.151.118, host: pr-hdds-2194-jqrdw-3579824535, networkLocation: /default-rack, certSerialId: null}, Type:RATIS, Factor:THREE, State:CLOSED] moved to CLOSED state
2019-10-10 01:19:32,165 [EventQueue-PipelineActionsForPipelineActionHandler] ERROR pipeline.PipelineActionHandler (PipelineActionHandler.java:onMessage(60)) - Received pipeline action CLOSE for Pipeline[ Id: 122529d1-cc28-4426-9f9b-9107f3cedf56, Nodes: 4b92f2f8-e489-47a4-a90a-1d3fa2a9a07f{ip: 192.168.151.118, host: pr-hdds-2194-jqrdw-3579824535, networkLocation: /default-rack, certSerialId: null}fe8e0d95-22db-4b8a-875e-83bee4d716fb{ip: 192.168.151.118, host: pr-hdds-2194-jqrdw-3579824535, networkLocation: /default-rack, certSerialId: null}993817e1-c77a-472e-865f-a6e34ffe7967{ip: 192.168.151.118, host: pr-hdds-2194-jqrdw-3579824535, networkLocation: /default-rack, certSerialId: null}, Type:RATIS, Factor:THREE, State:CLOSED] from datanode 4b92f2f8-e489-47a4-a90a-1d3fa2a9a07f{ip: 192.168.151.118, host: pr-hdds-2194-jqrdw-3579824535, networkLocation: /default-rack, certSerialId: null}. Reason : Log already failed at index 1 for task WriteLog:1: (t:1, i:1), STATEMACHINELOGENTRY, client-8ABBDDFF98B0, cid=44
2019-10-10 01:19:32,166 [EventQueue-PipelineActionsForPipelineActionHandler] INFO  pipeline.SCMPipelineManager (SCMPipelineManager.java:finalizeAndDestroyPipeline(315)) - destroying pipeline:Pipeline[ Id: 122529d1-cc28-4426-9f9b-9107f3cedf56, Nodes: 4b92f2f8-e489-47a4-a90a-1d3fa2a9a07f{ip: 192.168.151.118, host: pr-hdds-2194-jqrdw-3579824535, networkLocation: /default-rack, certSerialId: null}fe8e0d95-22db-4b8a-875e-83bee4d716fb{ip: 192.168.151.118, host: pr-hdds-2194-jqrdw-3579824535, networkLocation: /default-rack, certSerialId: null}993817e1-c77a-472e-865f-a6e34ffe7967{ip: 192.168.151.118, host: pr-hdds-2194-jqrdw-3579824535, networkLocation: /default-rack, certSerialId: null}, Type:RATIS, Factor:THREE, State:CLOSED]
 0.00% |█                                                                                                    |  0/1 Time: 0:03:38 0.00% |█                                                                                                    |  0/1 Time: 0:03:39 0.00% |█                                                                                                    |  0/1 Time: 0:03:402019-10-10 01:19:34,999 [java.util.concurrent.ThreadPoolExecutor$Worker@71326356[State = -1, empty queue]] ERROR client.GrpcClientProtocolClient (GrpcClientProtocolClient.java:close(148)) - Unexpected exception while waiting for channel termination
java.lang.InterruptedException
	at java.util.concurrent.locks.AbstractQueuedSynchronizer.tryAcquireSharedNanos(AbstractQueuedSynchronizer.java:1326)
	at java.util.concurrent.CountDownLatch.await(CountDownLatch.java:277)
	at org.apache.ratis.thirdparty.io.grpc.internal.ManagedChannelImpl.awaitTermination(ManagedChannelImpl.java:763)
	at org.apache.ratis.thirdparty.io.grpc.internal.ForwardingManagedChannel.awaitTermination(ForwardingManagedChannel.java:57)
	at org.apache.ratis.thirdparty.io.grpc.internal.ManagedChannelOrphanWrapper.awaitTermination(ManagedChannelOrphanWrapper.java:70)
	at org.apache.ratis.grpc.client.GrpcClientProtocolClient.close(GrpcClientProtocolClient.java:146)
	at org.apache.ratis.util.PeerProxyMap$PeerAndProxy.lambda$close$1(PeerProxyMap.java:74)
	at org.apache.ratis.util.LifeCycle.lambda$checkStateAndClose$2(LifeCycle.java:231)
	at org.apache.ratis.util.LifeCycle.checkStateAndClose(LifeCycle.java:251)
	at org.apache.ratis.util.LifeCycle.checkStateAndClose(LifeCycle.java:229)
	at org.apache.ratis.util.PeerProxyMap$PeerAndProxy.close(PeerProxyMap.java:70)
	at org.apache.ratis.util.PeerProxyMap.resetProxy(PeerProxyMap.java:127)
	at org.apache.ratis.util.PeerProxyMap.handleException(PeerProxyMap.java:136)
	at org.apache.ratis.client.impl.RaftClientRpcWithProxy.handleException(RaftClientRpcWithProxy.java:47)
	at org.apache.ratis.client.impl.RaftClientImpl.handleIOException(RaftClientImpl.java:372)
	at org.apache.ratis.client.impl.OrderedAsync.lambda$sendRequest$10(OrderedAsync.java:236)
	at java.util.concurrent.CompletableFuture.uniExceptionally(CompletableFuture.java:870)
	at java.util.concurrent.CompletableFuture$UniExceptionally.tryFire(CompletableFuture.java:852)
	at java.util.concurrent.CompletableFuture.postComplete(CompletableFuture.java:474)
	at java.util.concurrent.CompletableFuture.completeExceptionally(CompletableFuture.java:1977)
	at org.apache.ratis.grpc.client.GrpcClientProtocolClient$AsyncStreamObservers.lambda$timeoutCheck$3(GrpcClientProtocolClient.java:324)
	at java.util.Optional.ifPresent(Optional.java:159)
	at org.apache.ratis.grpc.client.GrpcClientProtocolClient$AsyncStreamObservers.handleReplyFuture(GrpcClientProtocolClient.java:329)
	at org.apache.ratis.grpc.client.GrpcClientProtocolClient$AsyncStreamObservers.timeoutCheck(GrpcClientProtocolClient.java:324)
	at org.apache.ratis.grpc.client.GrpcClientProtocolClient$AsyncStreamObservers.lambda$onNext$1(GrpcClientProtocolClient.java:318)
	at org.apache.ratis.util.TimeoutScheduler.lambda$onTimeout$0(TimeoutScheduler.java:113)
	at org.apache.ratis.util.TimeoutScheduler.lambda$onTimeout$1(TimeoutScheduler.java:133)
	at org.apache.ratis.util.LogUtils.runAndLog(LogUtils.java:50)
	at org.apache.ratis.util.LogUtils$1.run(LogUtils.java:91)
	at java.util.concurrent.Executors$RunnableAdapter.call(Executors.java:511)
	at java.util.concurrent.FutureTask.run(FutureTask.java:266)
	at java.util.concurrent.ScheduledThreadPoolExecutor$ScheduledFutureTask.access$201(ScheduledThreadPoolExecutor.java:180)
	at java.util.concurrent.ScheduledThreadPoolExecutor$ScheduledFutureTask.run(ScheduledThreadPoolExecutor.java:293)
	at java.util.concurrent.ThreadPoolExecutor.runWorker(ThreadPoolExecutor.java:1149)
	at java.util.concurrent.ThreadPoolExecutor$Worker.run(ThreadPoolExecutor.java:624)
	at java.lang.Thread.run(Thread.java:748)
2019-10-10 01:19:35,002 [java.util.concurrent.ThreadPoolExecutor$Worker@71326356[State = -1, empty queue]] WARN  util.TimeoutScheduler (LogUtils.java:runAndLog(55)) - Failed to task #0: java.lang.NullPointerException
 0.00% |█                                                                                                    |  0/1 Time: 0:03:41 0.00% |█                                                                                                    |  0/1 Time: 0:03:42 0.00% |█                                                                                                    |  0/1 Time: 0:03:43 0.00% |█                                                                                                    |  0/1 Time: 0:03:442019-10-10 01:19:39,032 [java.util.concurrent.ThreadPoolExecutor$Worker@18cf34ed[State = -1, empty queue]] ERROR client.GrpcClientProtocolClient (GrpcClientProtocolClient.java:close(148)) - Unexpected exception while waiting for channel termination
java.lang.InterruptedException
	at java.util.concurrent.locks.AbstractQueuedSynchronizer.tryAcquireSharedNanos(AbstractQueuedSynchronizer.java:1326)
	at java.util.concurrent.CountDownLatch.await(CountDownLatch.java:277)
	at org.apache.ratis.thirdparty.io.grpc.internal.ManagedChannelImpl.awaitTermination(ManagedChannelImpl.java:763)
	at org.apache.ratis.thirdparty.io.grpc.internal.ForwardingManagedChannel.awaitTermination(ForwardingManagedChannel.java:57)
	at org.apache.ratis.thirdparty.io.grpc.internal.ManagedChannelOrphanWrapper.awaitTermination(ManagedChannelOrphanWrapper.java:70)
	at org.apache.ratis.grpc.client.GrpcClientProtocolClient.close(GrpcClientProtocolClient.java:146)
	at org.apache.ratis.util.PeerProxyMap$PeerAndProxy.lambda$close$1(PeerProxyMap.java:74)
	at org.apache.ratis.util.LifeCycle.lambda$checkStateAndClose$2(LifeCycle.java:231)
	at org.apache.ratis.util.LifeCycle.checkStateAndClose(LifeCycle.java:251)
	at org.apache.ratis.util.LifeCycle.checkStateAndClose(LifeCycle.java:229)
	at org.apache.ratis.util.PeerProxyMap$PeerAndProxy.close(PeerProxyMap.java:70)
	at org.apache.ratis.util.PeerProxyMap.resetProxy(PeerProxyMap.java:127)
	at org.apache.ratis.util.PeerProxyMap.handleException(PeerProxyMap.java:136)
	at org.apache.ratis.client.impl.RaftClientRpcWithProxy.handleException(RaftClientRpcWithProxy.java:47)
	at org.apache.ratis.client.impl.RaftClientImpl.handleIOException(RaftClientImpl.java:372)
	at org.apache.ratis.client.impl.OrderedAsync.lambda$sendRequest$10(OrderedAsync.java:236)
	at java.util.concurrent.CompletableFuture.uniExceptionally(CompletableFuture.java:870)
	at java.util.concurrent.CompletableFuture$UniExceptionally.tryFire(CompletableFuture.java:852)
	at java.util.concurrent.CompletableFuture.postComplete(CompletableFuture.java:474)
	at java.util.concurrent.CompletableFuture.completeExceptionally(CompletableFuture.java:1977)
	at org.apache.ratis.grpc.client.GrpcClientProtocolClient$AsyncStreamObservers.lambda$timeoutCheck$3(GrpcClientProtocolClient.java:324)
	at java.util.Optional.ifPresent(Optional.java:159)
	at org.apache.ratis.grpc.client.GrpcClientProtocolClient$AsyncStreamObservers.handleReplyFuture(GrpcClientProtocolClient.java:329)
	at org.apache.ratis.grpc.client.GrpcClientProtocolClient$AsyncStreamObservers.timeoutCheck(GrpcClientProtocolClient.java:324)
	at org.apache.ratis.grpc.client.GrpcClientProtocolClient$AsyncStreamObservers.lambda$onNext$1(GrpcClientProtocolClient.java:318)
	at org.apache.ratis.util.TimeoutScheduler.lambda$onTimeout$0(TimeoutScheduler.java:113)
	at org.apache.ratis.util.TimeoutScheduler.lambda$onTimeout$1(TimeoutScheduler.java:133)
	at org.apache.ratis.util.LogUtils.runAndLog(LogUtils.java:50)
	at org.apache.ratis.util.LogUtils$1.run(LogUtils.java:91)
	at java.util.concurrent.Executors$RunnableAdapter.call(Executors.java:511)
	at java.util.concurrent.FutureTask.run(FutureTask.java:266)
	at java.util.concurrent.ScheduledThreadPoolExecutor$ScheduledFutureTask.access$201(ScheduledThreadPoolExecutor.java:180)
	at java.util.concurrent.ScheduledThreadPoolExecutor$ScheduledFutureTask.run(ScheduledThreadPoolExecutor.java:293)
	at java.util.concurrent.ThreadPoolExecutor.runWorker(ThreadPoolExecutor.java:1149)
	at java.util.concurrent.ThreadPoolExecutor$Worker.run(ThreadPoolExecutor.java:624)
	at java.lang.Thread.run(Thread.java:748)
2019-10-10 01:19:39,035 [java.util.concurrent.ThreadPoolExecutor$Worker@18cf34ed[State = -1, empty queue]] WARN  util.TimeoutScheduler (LogUtils.java:runAndLog(55)) - Failed to task #0: java.lang.NullPointerException
 0.00% |█                                                                                                    |  0/1 Time: 0:03:45 0.00% |█                                                                                                    |  0/1 Time: 0:03:46 0.00% |█                                                                                                    |  0/1 Time: 0:03:47 0.00% |█                                                                                                    |  0/1 Time: 0:03:482019-10-10 01:19:43,071 [java.util.concurrent.ThreadPoolExecutor$Worker@2fd9f2cc[State = -1, empty queue]] ERROR client.GrpcClientProtocolClient (GrpcClientProtocolClient.java:close(148)) - Unexpected exception while waiting for channel termination
java.lang.InterruptedException
	at java.util.concurrent.locks.AbstractQueuedSynchronizer.tryAcquireSharedNanos(AbstractQueuedSynchronizer.java:1326)
	at java.util.concurrent.CountDownLatch.await(CountDownLatch.java:277)
	at org.apache.ratis.thirdparty.io.grpc.internal.ManagedChannelImpl.awaitTermination(ManagedChannelImpl.java:763)
	at org.apache.ratis.thirdparty.io.grpc.internal.ForwardingManagedChannel.awaitTermination(ForwardingManagedChannel.java:57)
	at org.apache.ratis.thirdparty.io.grpc.internal.ManagedChannelOrphanWrapper.awaitTermination(ManagedChannelOrphanWrapper.java:70)
	at org.apache.ratis.grpc.client.GrpcClientProtocolClient.close(GrpcClientProtocolClient.java:146)
	at org.apache.ratis.util.PeerProxyMap$PeerAndProxy.lambda$close$1(PeerProxyMap.java:74)
	at org.apache.ratis.util.LifeCycle.lambda$checkStateAndClose$2(LifeCycle.java:231)
	at org.apache.ratis.util.LifeCycle.checkStateAndClose(LifeCycle.java:251)
	at org.apache.ratis.util.LifeCycle.checkStateAndClose(LifeCycle.java:229)
	at org.apache.ratis.util.PeerProxyMap$PeerAndProxy.close(PeerProxyMap.java:70)
	at org.apache.ratis.util.PeerProxyMap.resetProxy(PeerProxyMap.java:127)
	at org.apache.ratis.util.PeerProxyMap.handleException(PeerProxyMap.java:136)
	at org.apache.ratis.client.impl.RaftClientRpcWithProxy.handleException(RaftClientRpcWithProxy.java:47)
	at org.apache.ratis.client.impl.RaftClientImpl.handleIOException(RaftClientImpl.java:372)
	at org.apache.ratis.client.impl.OrderedAsync.lambda$sendRequest$10(OrderedAsync.java:236)
	at java.util.concurrent.CompletableFuture.uniExceptionally(CompletableFuture.java:870)
	at java.util.concurrent.CompletableFuture$UniExceptionally.tryFire(CompletableFuture.java:852)
	at java.util.concurrent.CompletableFuture.postComplete(CompletableFuture.java:474)
	at java.util.concurrent.CompletableFuture.completeExceptionally(CompletableFuture.java:1977)
	at org.apache.ratis.grpc.client.GrpcClientProtocolClient$AsyncStreamObservers.lambda$timeoutCheck$3(GrpcClientProtocolClient.java:324)
	at java.util.Optional.ifPresent(Optional.java:159)
	at org.apache.ratis.grpc.client.GrpcClientProtocolClient$AsyncStreamObservers.handleReplyFuture(GrpcClientProtocolClient.java:329)
	at org.apache.ratis.grpc.client.GrpcClientProtocolClient$AsyncStreamObservers.timeoutCheck(GrpcClientProtocolClient.java:324)
	at org.apache.ratis.grpc.client.GrpcClientProtocolClient$AsyncStreamObservers.lambda$onNext$1(GrpcClientProtocolClient.java:318)
	at org.apache.ratis.util.TimeoutScheduler.lambda$onTimeout$0(TimeoutScheduler.java:113)
	at org.apache.ratis.util.TimeoutScheduler.lambda$onTimeout$1(TimeoutScheduler.java:133)
	at org.apache.ratis.util.LogUtils.runAndLog(LogUtils.java:50)
	at org.apache.ratis.util.LogUtils$1.run(LogUtils.java:91)
	at java.util.concurrent.Executors$RunnableAdapter.call(Executors.java:511)
	at java.util.concurrent.FutureTask.run(FutureTask.java:266)
	at java.util.concurrent.ScheduledThreadPoolExecutor$ScheduledFutureTask.access$201(ScheduledThreadPoolExecutor.java:180)
	at java.util.concurrent.ScheduledThreadPoolExecutor$ScheduledFutureTask.run(ScheduledThreadPoolExecutor.java:293)
	at java.util.concurrent.ThreadPoolExecutor.runWorker(ThreadPoolExecutor.java:1149)
	at java.util.concurrent.ThreadPoolExecutor$Worker.run(ThreadPoolExecutor.java:624)
	at java.lang.Thread.run(Thread.java:748)
2019-10-10 01:19:43,075 [java.util.concurrent.ThreadPoolExecutor$Worker@2fd9f2cc[State = -1, empty queue]] WARN  util.TimeoutScheduler (LogUtils.java:runAndLog(55)) - Failed to task #0: java.lang.NullPointerException
 0.00% |█                                                                                                    |  0/1 Time: 0:03:49 0.00% |█                                                                                                    |  0/1 Time: 0:03:50 0.00% |█                                                                                                    |  0/1 Time: 0:03:51 0.00% |█                                                                                                    |  0/1 Time: 0:03:522019-10-10 01:19:47,111 [java.util.concurrent.ThreadPoolExecutor$Worker@1cad9d80[State = -1, empty queue]] ERROR client.GrpcClientProtocolClient (GrpcClientProtocolClient.java:close(148)) - Unexpected exception while waiting for channel termination
java.lang.InterruptedException
	at java.util.concurrent.locks.AbstractQueuedSynchronizer.tryAcquireSharedNanos(AbstractQueuedSynchronizer.java:1326)
	at java.util.concurrent.CountDownLatch.await(CountDownLatch.java:277)
	at org.apache.ratis.thirdparty.io.grpc.internal.ManagedChannelImpl.awaitTermination(ManagedChannelImpl.java:763)
	at org.apache.ratis.thirdparty.io.grpc.internal.ForwardingManagedChannel.awaitTermination(ForwardingManagedChannel.java:57)
	at org.apache.ratis.thirdparty.io.grpc.internal.ManagedChannelOrphanWrapper.awaitTermination(ManagedChannelOrphanWrapper.java:70)
	at org.apache.ratis.grpc.client.GrpcClientProtocolClient.close(GrpcClientProtocolClient.java:146)
	at org.apache.ratis.util.PeerProxyMap$PeerAndProxy.lambda$close$1(PeerProxyMap.java:74)
	at org.apache.ratis.util.LifeCycle.lambda$checkStateAndClose$2(LifeCycle.java:231)
	at org.apache.ratis.util.LifeCycle.checkStateAndClose(LifeCycle.java:251)
	at org.apache.ratis.util.LifeCycle.checkStateAndClose(LifeCycle.java:229)
	at org.apache.ratis.util.PeerProxyMap$PeerAndProxy.close(PeerProxyMap.java:70)
	at org.apache.ratis.util.PeerProxyMap.resetProxy(PeerProxyMap.java:127)
	at org.apache.ratis.util.PeerProxyMap.handleException(PeerProxyMap.java:136)
	at org.apache.ratis.client.impl.RaftClientRpcWithProxy.handleException(RaftClientRpcWithProxy.java:47)
	at org.apache.ratis.client.impl.RaftClientImpl.handleIOException(RaftClientImpl.java:372)
	at org.apache.ratis.client.impl.OrderedAsync.lambda$sendRequest$10(OrderedAsync.java:236)
	at java.util.concurrent.CompletableFuture.uniExceptionally(CompletableFuture.java:870)
	at java.util.concurrent.CompletableFuture$UniExceptionally.tryFire(CompletableFuture.java:852)
	at java.util.concurrent.CompletableFuture.postComplete(CompletableFuture.java:474)
	at java.util.concurrent.CompletableFuture.completeExceptionally(CompletableFuture.java:1977)
	at org.apache.ratis.grpc.client.GrpcClientProtocolClient$AsyncStreamObservers.lambda$timeoutCheck$3(GrpcClientProtocolClient.java:324)
	at java.util.Optional.ifPresent(Optional.java:159)
	at org.apache.ratis.grpc.client.GrpcClientProtocolClient$AsyncStreamObservers.handleReplyFuture(GrpcClientProtocolClient.java:329)
	at org.apache.ratis.grpc.client.GrpcClientProtocolClient$AsyncStreamObservers.timeoutCheck(GrpcClientProtocolClient.java:324)
	at org.apache.ratis.grpc.client.GrpcClientProtocolClient$AsyncStreamObservers.lambda$onNext$1(GrpcClientProtocolClient.java:318)
	at org.apache.ratis.util.TimeoutScheduler.lambda$onTimeout$0(TimeoutScheduler.java:113)
	at org.apache.ratis.util.TimeoutScheduler.lambda$onTimeout$1(TimeoutScheduler.java:133)
	at org.apache.ratis.util.LogUtils.runAndLog(LogUtils.java:50)
	at org.apache.ratis.util.LogUtils$1.run(LogUtils.java:91)
	at java.util.concurrent.Executors$RunnableAdapter.call(Executors.java:511)
	at java.util.concurrent.FutureTask.run(FutureTask.java:266)
	at java.util.concurrent.ScheduledThreadPoolExecutor$ScheduledFutureTask.access$201(ScheduledThreadPoolExecutor.java:180)
	at java.util.concurrent.ScheduledThreadPoolExecutor$ScheduledFutureTask.run(ScheduledThreadPoolExecutor.java:293)
	at java.util.concurrent.ThreadPoolExecutor.runWorker(ThreadPoolExecutor.java:1149)
	at java.util.concurrent.ThreadPoolExecutor$Worker.run(ThreadPoolExecutor.java:624)
	at java.lang.Thread.run(Thread.java:748)
2019-10-10 01:19:47,115 [java.util.concurrent.ThreadPoolExecutor$Worker@1cad9d80[State = -1, empty queue]] WARN  util.TimeoutScheduler (LogUtils.java:runAndLog(55)) - Failed to task #0: java.lang.NullPointerException
 0.00% |█                                                                                                    |  0/1 Time: 0:03:53 0.00% |█                                                                                                    |  0/1 Time: 0:03:54 0.00% |█                                                                                                    |  0/1 Time: 0:03:55 0.00% |█                                                                                                    |  0/1 Time: 0:03:562019-10-10 01:19:51,150 [java.util.concurrent.ThreadPoolExecutor$Worker@1bb2635[State = -1, empty queue]] ERROR client.GrpcClientProtocolClient (GrpcClientProtocolClient.java:close(148)) - Unexpected exception while waiting for channel termination
java.lang.InterruptedException
	at java.util.concurrent.locks.AbstractQueuedSynchronizer.tryAcquireSharedNanos(AbstractQueuedSynchronizer.java:1326)
	at java.util.concurrent.CountDownLatch.await(CountDownLatch.java:277)
	at org.apache.ratis.thirdparty.io.grpc.internal.ManagedChannelImpl.awaitTermination(ManagedChannelImpl.java:763)
	at org.apache.ratis.thirdparty.io.grpc.internal.ForwardingManagedChannel.awaitTermination(ForwardingManagedChannel.java:57)
	at org.apache.ratis.thirdparty.io.grpc.internal.ManagedChannelOrphanWrapper.awaitTermination(ManagedChannelOrphanWrapper.java:70)
	at org.apache.ratis.grpc.client.GrpcClientProtocolClient.close(GrpcClientProtocolClient.java:146)
	at org.apache.ratis.util.PeerProxyMap$PeerAndProxy.lambda$close$1(PeerProxyMap.java:74)
	at org.apache.ratis.util.LifeCycle.lambda$checkStateAndClose$2(LifeCycle.java:231)
	at org.apache.ratis.util.LifeCycle.checkStateAndClose(LifeCycle.java:251)
	at org.apache.ratis.util.LifeCycle.checkStateAndClose(LifeCycle.java:229)
	at org.apache.ratis.util.PeerProxyMap$PeerAndProxy.close(PeerProxyMap.java:70)
	at org.apache.ratis.util.PeerProxyMap.resetProxy(PeerProxyMap.java:127)
	at org.apache.ratis.util.PeerProxyMap.handleException(PeerProxyMap.java:136)
	at org.apache.ratis.client.impl.RaftClientRpcWithProxy.handleException(RaftClientRpcWithProxy.java:47)
	at org.apache.ratis.client.impl.RaftClientImpl.handleIOException(RaftClientImpl.java:372)
	at org.apache.ratis.client.impl.OrderedAsync.lambda$sendRequest$10(OrderedAsync.java:236)
	at java.util.concurrent.CompletableFuture.uniExceptionally(CompletableFuture.java:870)
	at java.util.concurrent.CompletableFuture$UniExceptionally.tryFire(CompletableFuture.java:852)
	at java.util.concurrent.CompletableFuture.postComplete(CompletableFuture.java:474)
	at java.util.concurrent.CompletableFuture.completeExceptionally(CompletableFuture.java:1977)
	at org.apache.ratis.grpc.client.GrpcClientProtocolClient$AsyncStreamObservers.lambda$timeoutCheck$3(GrpcClientProtocolClient.java:324)
	at java.util.Optional.ifPresent(Optional.java:159)
	at org.apache.ratis.grpc.client.GrpcClientProtocolClient$AsyncStreamObservers.handleReplyFuture(GrpcClientProtocolClient.java:329)
	at org.apache.ratis.grpc.client.GrpcClientProtocolClient$AsyncStreamObservers.timeoutCheck(GrpcClientProtocolClient.java:324)
	at org.apache.ratis.grpc.client.GrpcClientProtocolClient$AsyncStreamObservers.lambda$onNext$1(GrpcClientProtocolClient.java:318)
	at org.apache.ratis.util.TimeoutScheduler.lambda$onTimeout$0(TimeoutScheduler.java:113)
	at org.apache.ratis.util.TimeoutScheduler.lambda$onTimeout$1(TimeoutScheduler.java:133)
	at org.apache.ratis.util.LogUtils.runAndLog(LogUtils.java:50)
	at org.apache.ratis.util.LogUtils$1.run(LogUtils.java:91)
	at java.util.concurrent.Executors$RunnableAdapter.call(Executors.java:511)
	at java.util.concurrent.FutureTask.run(FutureTask.java:266)
	at java.util.concurrent.ScheduledThreadPoolExecutor$ScheduledFutureTask.access$201(ScheduledThreadPoolExecutor.java:180)
	at java.util.concurrent.ScheduledThreadPoolExecutor$ScheduledFutureTask.run(ScheduledThreadPoolExecutor.java:293)
	at java.util.concurrent.ThreadPoolExecutor.runWorker(ThreadPoolExecutor.java:1149)
	at java.util.concurrent.ThreadPoolExecutor$Worker.run(ThreadPoolExecutor.java:624)
	at java.lang.Thread.run(Thread.java:748)
2019-10-10 01:19:51,151 [java.util.concurrent.ThreadPoolExecutor$Worker@1bb2635[State = -1, empty queue]] WARN  util.TimeoutScheduler (LogUtils.java:runAndLog(55)) - Failed to task #0: java.lang.NullPointerException
 0.00% |█                                                                                                    |  0/1 Time: 0:03:57 0.00% |█                                                                                                    |  0/1 Time: 0:03:58 0.00% |█                                                                                                    |  0/1 Time: 0:03:592019-10-10 01:19:54,053 [grpc-default-executor-2] INFO  impl.RaftServerProxy (RaftServerProxy.java:addNew(89)) - fe8e0d95-22db-4b8a-875e-83bee4d716fb: addNew group-5AF3D701A001:[4b92f2f8-e489-47a4-a90a-1d3fa2a9a07f:192.168.151.118:35849, 993817e1-c77a-472e-865f-a6e34ffe7967:192.168.151.118:41261, fe8e0d95-22db-4b8a-875e-83bee4d716fb:192.168.151.118:34352] returns group-5AF3D701A001:java.util.concurrent.CompletableFuture@471998ca[Not completed]
2019-10-10 01:19:54,053 [grpc-default-executor-10] INFO  impl.RaftServerProxy (RaftServerProxy.java:addNew(89)) - 4b92f2f8-e489-47a4-a90a-1d3fa2a9a07f: addNew group-5AF3D701A001:[4b92f2f8-e489-47a4-a90a-1d3fa2a9a07f:192.168.151.118:35849, 993817e1-c77a-472e-865f-a6e34ffe7967:192.168.151.118:41261, fe8e0d95-22db-4b8a-875e-83bee4d716fb:192.168.151.118:34352] returns group-5AF3D701A001:java.util.concurrent.CompletableFuture@454de060[Not completed]
2019-10-10 01:19:54,056 [grpc-default-executor-10] INFO  impl.RaftServerProxy (RaftServerProxy.java:addNew(89)) - 993817e1-c77a-472e-865f-a6e34ffe7967: addNew group-5AF3D701A001:[4b92f2f8-e489-47a4-a90a-1d3fa2a9a07f:192.168.151.118:35849, 993817e1-c77a-472e-865f-a6e34ffe7967:192.168.151.118:41261, fe8e0d95-22db-4b8a-875e-83bee4d716fb:192.168.151.118:34352] returns group-5AF3D701A001:java.util.concurrent.CompletableFuture@46f6c151[Not completed]
2019-10-10 01:19:54,057 [pool-67-thread-1] INFO  impl.RaftServerImpl (RaftServerImpl.java:<init>(95)) - 4b92f2f8-e489-47a4-a90a-1d3fa2a9a07f: new RaftServerImpl for group-5AF3D701A001:[4b92f2f8-e489-47a4-a90a-1d3fa2a9a07f:192.168.151.118:35849, 993817e1-c77a-472e-865f-a6e34ffe7967:192.168.151.118:41261, fe8e0d95-22db-4b8a-875e-83bee4d716fb:192.168.151.118:34352] with ContainerStateMachine:uninitialized
2019-10-10 01:19:54,057 [pool-67-thread-1] INFO  server.RaftServerConfigKeys (ConfUtils.java:logGet(43)) - raft.server.rpc.timeout.min = 5s (custom)
2019-10-10 01:19:54,057 [pool-67-thread-1] INFO  server.RaftServerConfigKeys (ConfUtils.java:logGet(43)) - raft.server.rpc.timeout.max = 5200ms (custom)
2019-10-10 01:19:54,057 [pool-67-thread-1] INFO  server.RaftServerConfigKeys (ConfUtils.java:logGet(43)) - raft.server.rpcslowness.timeout = 120s (custom)
2019-10-10 01:19:54,057 [pool-67-thread-1] INFO  server.RaftServerConfigKeys (ConfUtils.java:logGet(43)) - raft.server.sleep.deviation.threshold = 300 (default)
2019-10-10 01:19:54,058 [pool-67-thread-1] INFO  server.RaftServerConfigKeys (ConfUtils.java:logGet(43)) - raft.server.log.appender.install.snapshot.enabled = false (custom)
2019-10-10 01:19:54,058 [pool-27-thread-1] INFO  impl.RaftServerImpl (RaftServerImpl.java:<init>(95)) - 993817e1-c77a-472e-865f-a6e34ffe7967: new RaftServerImpl for group-5AF3D701A001:[4b92f2f8-e489-47a4-a90a-1d3fa2a9a07f:192.168.151.118:35849, 993817e1-c77a-472e-865f-a6e34ffe7967:192.168.151.118:41261, fe8e0d95-22db-4b8a-875e-83bee4d716fb:192.168.151.118:34352] with ContainerStateMachine:uninitialized
2019-10-10 01:19:54,058 [pool-67-thread-1] INFO  impl.RaftServerImpl (ServerState.java:<init>(103)) - 4b92f2f8-e489-47a4-a90a-1d3fa2a9a07f@group-5AF3D701A001: ConfigurationManager, init=-1: [4b92f2f8-e489-47a4-a90a-1d3fa2a9a07f:192.168.151.118:35849, 993817e1-c77a-472e-865f-a6e34ffe7967:192.168.151.118:41261, fe8e0d95-22db-4b8a-875e-83bee4d716fb:192.168.151.118:34352], old=null, confs=<EMPTY_MAP>
2019-10-10 01:19:54,058 [pool-27-thread-1] INFO  server.RaftServerConfigKeys (ConfUtils.java:logGet(43)) - raft.server.rpc.timeout.min = 5s (custom)
2019-10-10 01:19:54,058 [pool-67-thread-1] INFO  server.RaftServerConfigKeys (ConfUtils.java:logGet(43)) - raft.server.storage.dir = [/workdir/hadoop-ozone/tools/target/test-dir/MiniOzoneClusterImpl-1e8b0e80-279c-49c4-ae13-42ed318b6149/datanode-4/data/ratis] (custom)
2019-10-10 01:19:54,058 [pool-27-thread-1] INFO  server.RaftServerConfigKeys (ConfUtils.java:logGet(43)) - raft.server.rpc.timeout.max = 5200ms (custom)
2019-10-10 01:19:54,058 [pool-27-thread-1] INFO  server.RaftServerConfigKeys (ConfUtils.java:logGet(43)) - raft.server.rpcslowness.timeout = 120s (custom)
2019-10-10 01:19:54,058 [pool-27-thread-1] INFO  server.RaftServerConfigKeys (ConfUtils.java:logGet(43)) - raft.server.sleep.deviation.threshold = 300 (default)
2019-10-10 01:19:54,058 [pool-67-thread-1] INFO  server.RaftServerConfigKeys (ConfUtils.java:logGet(43)) - raft.server.log.corruption.policy = EXCEPTION (default)
2019-10-10 01:19:54,058 [pool-27-thread-1] INFO  server.RaftServerConfigKeys (ConfUtils.java:logGet(43)) - raft.server.log.appender.install.snapshot.enabled = false (custom)
2019-10-10 01:19:54,058 [pool-27-thread-1] INFO  impl.RaftServerImpl (ServerState.java:<init>(103)) - 993817e1-c77a-472e-865f-a6e34ffe7967@group-5AF3D701A001: ConfigurationManager, init=-1: [4b92f2f8-e489-47a4-a90a-1d3fa2a9a07f:192.168.151.118:35849, 993817e1-c77a-472e-865f-a6e34ffe7967:192.168.151.118:41261, fe8e0d95-22db-4b8a-875e-83bee4d716fb:192.168.151.118:34352], old=null, confs=<EMPTY_MAP>
2019-10-10 01:19:54,058 [pool-27-thread-1] INFO  server.RaftServerConfigKeys (ConfUtils.java:logGet(43)) - raft.server.storage.dir = [/workdir/hadoop-ozone/tools/target/test-dir/MiniOzoneClusterImpl-1e8b0e80-279c-49c4-ae13-42ed318b6149/datanode-0/data/ratis] (custom)
2019-10-10 01:19:54,058 [pool-47-thread-1] INFO  impl.RaftServerImpl (RaftServerImpl.java:<init>(95)) - fe8e0d95-22db-4b8a-875e-83bee4d716fb: new RaftServerImpl for group-5AF3D701A001:[4b92f2f8-e489-47a4-a90a-1d3fa2a9a07f:192.168.151.118:35849, 993817e1-c77a-472e-865f-a6e34ffe7967:192.168.151.118:41261, fe8e0d95-22db-4b8a-875e-83bee4d716fb:192.168.151.118:34352] with ContainerStateMachine:uninitialized
2019-10-10 01:19:54,059 [pool-27-thread-1] INFO  server.RaftServerConfigKeys (ConfUtils.java:logGet(43)) - raft.server.log.corruption.policy = EXCEPTION (default)
2019-10-10 01:19:54,059 [pool-47-thread-1] INFO  server.RaftServerConfigKeys (ConfUtils.java:logGet(43)) - raft.server.rpc.timeout.min = 5s (custom)
2019-10-10 01:19:54,059 [pool-47-thread-1] INFO  server.RaftServerConfigKeys (ConfUtils.java:logGet(43)) - raft.server.rpc.timeout.max = 5200ms (custom)
2019-10-10 01:19:54,059 [pool-67-thread-1] INFO  storage.RaftStorageDirectory (RaftStorageDirectory.java:analyzeStorage(246)) - The storage directory /workdir/hadoop-ozone/tools/target/test-dir/MiniOzoneClusterImpl-1e8b0e80-279c-49c4-ae13-42ed318b6149/datanode-4/data/ratis/97911f33-e22b-4041-8e10-5af3d701a001 does not exist. Creating ...
2019-10-10 01:19:54,059 [pool-47-thread-1] INFO  server.RaftServerConfigKeys (ConfUtils.java:logGet(43)) - raft.server.rpcslowness.timeout = 120s (custom)
2019-10-10 01:19:54,059 [pool-27-thread-1] INFO  storage.RaftStorageDirectory (RaftStorageDirectory.java:analyzeStorage(246)) - The storage directory /workdir/hadoop-ozone/tools/target/test-dir/MiniOzoneClusterImpl-1e8b0e80-279c-49c4-ae13-42ed318b6149/datanode-0/data/ratis/97911f33-e22b-4041-8e10-5af3d701a001 does not exist. Creating ...
2019-10-10 01:19:54,059 [pool-47-thread-1] INFO  server.RaftServerConfigKeys (ConfUtils.java:logGet(43)) - raft.server.sleep.deviation.threshold = 300 (default)
2019-10-10 01:19:54,059 [pool-47-thread-1] INFO  server.RaftServerConfigKeys (ConfUtils.java:logGet(43)) - raft.server.log.appender.install.snapshot.enabled = false (custom)
2019-10-10 01:19:54,059 [pool-47-thread-1] INFO  impl.RaftServerImpl (ServerState.java:<init>(103)) - fe8e0d95-22db-4b8a-875e-83bee4d716fb@group-5AF3D701A001: ConfigurationManager, init=-1: [4b92f2f8-e489-47a4-a90a-1d3fa2a9a07f:192.168.151.118:35849, 993817e1-c77a-472e-865f-a6e34ffe7967:192.168.151.118:41261, fe8e0d95-22db-4b8a-875e-83bee4d716fb:192.168.151.118:34352], old=null, confs=<EMPTY_MAP>
2019-10-10 01:19:54,060 [pool-47-thread-1] INFO  server.RaftServerConfigKeys (ConfUtils.java:logGet(43)) - raft.server.storage.dir = [/workdir/hadoop-ozone/tools/target/test-dir/MiniOzoneClusterImpl-1e8b0e80-279c-49c4-ae13-42ed318b6149/datanode-2/data/ratis] (custom)
2019-10-10 01:19:54,060 [pool-47-thread-1] INFO  server.RaftServerConfigKeys (ConfUtils.java:logGet(43)) - raft.server.log.corruption.policy = EXCEPTION (default)
2019-10-10 01:19:54,060 [pool-47-thread-1] INFO  storage.RaftStorageDirectory (RaftStorageDirectory.java:analyzeStorage(246)) - The storage directory /workdir/hadoop-ozone/tools/target/test-dir/MiniOzoneClusterImpl-1e8b0e80-279c-49c4-ae13-42ed318b6149/datanode-2/data/ratis/97911f33-e22b-4041-8e10-5af3d701a001 does not exist. Creating ...
2019-10-10 01:19:54,101 [pool-67-thread-1] INFO  storage.RaftStorageDirectory (RaftStorageDirectory.java:tryLock(328)) - Lock on /workdir/hadoop-ozone/tools/target/test-dir/MiniOzoneClusterImpl-1e8b0e80-279c-49c4-ae13-42ed318b6149/datanode-4/data/ratis/97911f33-e22b-4041-8e10-5af3d701a001/in_use.lock acquired by nodename 12932@pr-hdds-2194-jqrdw-3579824535
2019-10-10 01:19:54,101 [pool-27-thread-1] INFO  storage.RaftStorageDirectory (RaftStorageDirectory.java:tryLock(328)) - Lock on /workdir/hadoop-ozone/tools/target/test-dir/MiniOzoneClusterImpl-1e8b0e80-279c-49c4-ae13-42ed318b6149/datanode-0/data/ratis/97911f33-e22b-4041-8e10-5af3d701a001/in_use.lock acquired by nodename 12932@pr-hdds-2194-jqrdw-3579824535
2019-10-10 01:19:54,101 [pool-47-thread-1] INFO  storage.RaftStorageDirectory (RaftStorageDirectory.java:tryLock(328)) - Lock on /workdir/hadoop-ozone/tools/target/test-dir/MiniOzoneClusterImpl-1e8b0e80-279c-49c4-ae13-42ed318b6149/datanode-2/data/ratis/97911f33-e22b-4041-8e10-5af3d701a001/in_use.lock acquired by nodename 12932@pr-hdds-2194-jqrdw-3579824535
2019-10-10 01:19:54,114 [pool-67-thread-1] INFO  storage.RaftStorage (RaftStorage.java:format(84)) - Storage directory /workdir/hadoop-ozone/tools/target/test-dir/MiniOzoneClusterImpl-1e8b0e80-279c-49c4-ae13-42ed318b6149/datanode-4/data/ratis/97911f33-e22b-4041-8e10-5af3d701a001 has been successfully formatted.
2019-10-10 01:19:54,114 [pool-27-thread-1] INFO  storage.RaftStorage (RaftStorage.java:format(84)) - Storage directory /workdir/hadoop-ozone/tools/target/test-dir/MiniOzoneClusterImpl-1e8b0e80-279c-49c4-ae13-42ed318b6149/datanode-0/data/ratis/97911f33-e22b-4041-8e10-5af3d701a001 has been successfully formatted.
2019-10-10 01:19:54,114 [pool-47-thread-1] INFO  storage.RaftStorage (RaftStorage.java:format(84)) - Storage directory /workdir/hadoop-ozone/tools/target/test-dir/MiniOzoneClusterImpl-1e8b0e80-279c-49c4-ae13-42ed318b6149/datanode-2/data/ratis/97911f33-e22b-4041-8e10-5af3d701a001 has been successfully formatted.
2019-10-10 01:19:54,114 [pool-67-thread-1] INFO  ratis.ContainerStateMachine (ContainerStateMachine.java:loadSnapshot(231)) - group-5AF3D701A001: The snapshot info is null. Setting the last applied indexto:(t:0, i:~)
2019-10-10 01:19:54,115 [pool-47-thread-1] INFO  ratis.ContainerStateMachine (ContainerStateMachine.java:loadSnapshot(231)) - group-5AF3D701A001: The snapshot info is null. Setting the last applied indexto:(t:0, i:~)
2019-10-10 01:19:54,114 [pool-27-thread-1] INFO  ratis.ContainerStateMachine (ContainerStateMachine.java:loadSnapshot(231)) - group-5AF3D701A001: The snapshot info is null. Setting the last applied indexto:(t:0, i:~)
2019-10-10 01:19:54,115 [pool-47-thread-1] INFO  server.RaftServerConfigKeys (ConfUtils.java:logGet(43)) - raft.server.notification.no-leader.timeout = 120s (custom)
2019-10-10 01:19:54,115 [pool-67-thread-1] INFO  server.RaftServerConfigKeys (ConfUtils.java:logGet(43)) - raft.server.notification.no-leader.timeout = 120s (custom)
2019-10-10 01:19:54,115 [pool-47-thread-1] INFO  server.RaftServerConfigKeys (ConfUtils.java:logGet(43)) - raft.server.log.use.memory = false (default)
2019-10-10 01:19:54,115 [pool-27-thread-1] INFO  server.RaftServerConfigKeys (ConfUtils.java:logGet(43)) - raft.server.notification.no-leader.timeout = 120s (custom)
2019-10-10 01:19:54,115 [pool-47-thread-1] INFO  server.RaftServerConfigKeys (ConfUtils.java:logGet(43)) - raft.server.log.purge.gap = 1000000 (custom)
2019-10-10 01:19:54,115 [pool-67-thread-1] INFO  server.RaftServerConfigKeys (ConfUtils.java:logGet(43)) - raft.server.log.use.memory = false (default)
2019-10-10 01:19:54,116 [pool-47-thread-1] INFO  server.RaftServerConfigKeys (ConfUtils.java:logGet(43)) - raft.server.log.appender.buffer.byte-limit = 33554432 (custom)
2019-10-10 01:19:54,115 [pool-27-thread-1] INFO  server.RaftServerConfigKeys (ConfUtils.java:logGet(43)) - raft.server.log.use.memory = false (default)
2019-10-10 01:19:54,116 [pool-47-thread-1] INFO  server.RaftServerConfigKeys (ConfUtils.java:logGet(43)) - raft.server.log.segment.size.max = 1048576 (custom)
2019-10-10 01:19:54,116 [pool-67-thread-1] INFO  server.RaftServerConfigKeys (ConfUtils.java:logGet(43)) - raft.server.log.purge.gap = 1000000 (custom)
2019-10-10 01:19:54,116 [pool-47-thread-1] INFO  server.RaftServerConfigKeys (ConfUtils.java:logGet(43)) - raft.server.log.segment.cache.num.max = 2 (custom)
2019-10-10 01:19:54,116 [pool-27-thread-1] INFO  server.RaftServerConfigKeys (ConfUtils.java:logGet(43)) - raft.server.log.purge.gap = 1000000 (custom)
2019-10-10 01:19:54,116 [pool-47-thread-1] INFO  segmented.SegmentedRaftLogWorker (SegmentedRaftLogWorker.java:<init>(173)) - new fe8e0d95-22db-4b8a-875e-83bee4d716fb@group-5AF3D701A001-SegmentedRaftLogWorker for RaftStorage:Storage Directory /workdir/hadoop-ozone/tools/target/test-dir/MiniOzoneClusterImpl-1e8b0e80-279c-49c4-ae13-42ed318b6149/datanode-2/data/ratis/97911f33-e22b-4041-8e10-5af3d701a001
2019-10-10 01:19:54,116 [pool-67-thread-1] INFO  server.RaftServerConfigKeys (ConfUtils.java:logGet(43)) - raft.server.log.appender.buffer.byte-limit = 33554432 (custom)
2019-10-10 01:19:54,117 [pool-47-thread-1] INFO  server.RaftServerConfigKeys (ConfUtils.java:logGet(43)) - raft.server.log.queue.byte-limit = 2147483647 (custom)
2019-10-10 01:19:54,117 [pool-27-thread-1] INFO  server.RaftServerConfigKeys (ConfUtils.java:logGet(43)) - raft.server.log.appender.buffer.byte-limit = 33554432 (custom)
2019-10-10 01:19:54,117 [pool-47-thread-1] INFO  server.RaftServerConfigKeys (ConfUtils.java:logGet(43)) - raft.server.log.queue.element-limit = 1024 (custom)
2019-10-10 01:19:54,117 [pool-67-thread-1] INFO  server.RaftServerConfigKeys (ConfUtils.java:logGet(43)) - raft.server.log.segment.size.max = 1048576 (custom)
2019-10-10 01:19:54,117 [pool-47-thread-1] INFO  server.RaftServerConfigKeys (ConfUtils.java:logGet(43)) - raft.server.log.segment.size.max = 1048576 (custom)
2019-10-10 01:19:54,117 [pool-27-thread-1] INFO  server.RaftServerConfigKeys (ConfUtils.java:logGet(43)) - raft.server.log.segment.size.max = 1048576 (custom)
2019-10-10 01:19:54,117 [pool-47-thread-1] INFO  server.RaftServerConfigKeys (ConfUtils.java:logGet(43)) - raft.server.log.preallocated.size = 16384 (custom)
2019-10-10 01:19:54,117 [pool-67-thread-1] INFO  server.RaftServerConfigKeys (ConfUtils.java:logGet(43)) - raft.server.log.segment.cache.num.max = 2 (custom)
2019-10-10 01:19:54,118 [pool-47-thread-1] INFO  server.RaftServerConfigKeys (ConfUtils.java:logGet(43)) - raft.server.log.write.buffer.size = 33554432 (custom)
2019-10-10 01:19:54,118 [pool-27-thread-1] INFO  server.RaftServerConfigKeys (ConfUtils.java:logGet(43)) - raft.server.log.segment.cache.num.max = 2 (custom)
2019-10-10 01:19:54,118 [pool-47-thread-1] INFO  server.RaftServerConfigKeys (ConfUtils.java:logGet(43)) - raft.server.log.force.sync.num = 128 (default)
2019-10-10 01:19:54,118 [pool-67-thread-1] INFO  segmented.SegmentedRaftLogWorker (SegmentedRaftLogWorker.java:<init>(173)) - new 4b92f2f8-e489-47a4-a90a-1d3fa2a9a07f@group-5AF3D701A001-SegmentedRaftLogWorker for RaftStorage:Storage Directory /workdir/hadoop-ozone/tools/target/test-dir/MiniOzoneClusterImpl-1e8b0e80-279c-49c4-ae13-42ed318b6149/datanode-4/data/ratis/97911f33-e22b-4041-8e10-5af3d701a001
2019-10-10 01:19:54,118 [pool-47-thread-1] INFO  server.RaftServerConfigKeys (ConfUtils.java:logGet(43)) - raft.server.log.statemachine.data.sync = true (default)
2019-10-10 01:19:54,118 [pool-27-thread-1] INFO  segmented.SegmentedRaftLogWorker (SegmentedRaftLogWorker.java:<init>(173)) - new 993817e1-c77a-472e-865f-a6e34ffe7967@group-5AF3D701A001-SegmentedRaftLogWorker for RaftStorage:Storage Directory /workdir/hadoop-ozone/tools/target/test-dir/MiniOzoneClusterImpl-1e8b0e80-279c-49c4-ae13-42ed318b6149/datanode-0/data/ratis/97911f33-e22b-4041-8e10-5af3d701a001
2019-10-10 01:19:54,119 [pool-47-thread-1] INFO  server.RaftServerConfigKeys (ConfUtils.java:logGet(43)) - raft.server.log.statemachine.data.sync.timeout = 10s (default)
2019-10-10 01:19:54,118 [pool-67-thread-1] INFO  server.RaftServerConfigKeys (ConfUtils.java:logGet(43)) - raft.server.log.queue.byte-limit = 2147483647 (custom)
2019-10-10 01:19:54,119 [pool-47-thread-1] INFO  server.RaftServerConfigKeys (ConfUtils.java:logGet(43)) - raft.server.log.statemachine.data.sync.timeout.retry = -1 (default)
2019-10-10 01:19:54,119 [pool-27-thread-1] INFO  server.RaftServerConfigKeys (ConfUtils.java:logGet(43)) - raft.server.log.queue.byte-limit = 2147483647 (custom)
2019-10-10 01:19:54,119 [pool-47-thread-1] INFO  server.RaftServerConfigKeys (ConfUtils.java:logGet(43)) - raft.server.log.statemachine.data.caching.enabled = true (custom)
2019-10-10 01:19:54,119 [pool-67-thread-1] INFO  server.RaftServerConfigKeys (ConfUtils.java:logGet(43)) - raft.server.log.queue.element-limit = 1024 (custom)
2019-10-10 01:19:54,119 [pool-27-thread-1] INFO  server.RaftServerConfigKeys (ConfUtils.java:logGet(43)) - raft.server.log.queue.element-limit = 1024 (custom)
2019-10-10 01:19:54,120 [pool-67-thread-1] INFO  server.RaftServerConfigKeys (ConfUtils.java:logGet(43)) - raft.server.log.segment.size.max = 1048576 (custom)
2019-10-10 01:19:54,120 [pool-47-thread-1] INFO  segmented.SegmentedRaftLogWorker (SegmentedRaftLogWorker.java:lambda$new$0(128)) - fe8e0d95-22db-4b8a-875e-83bee4d716fb@group-5AF3D701A001-SegmentedRaftLogWorker: flushIndex: setUnconditionally 0 -> -1
2019-10-10 01:19:54,120 [pool-67-thread-1] INFO  server.RaftServerConfigKeys (ConfUtils.java:logGet(43)) - raft.server.log.preallocated.size = 16384 (custom)
2019-10-10 01:19:54,120 [pool-27-thread-1] INFO  server.RaftServerConfigKeys (ConfUtils.java:logGet(43)) - raft.server.log.segment.size.max = 1048576 (custom)
2019-10-10 01:19:54,120 [pool-47-thread-1] INFO  server.RaftServerConfigKeys (ConfUtils.java:logGet(43)) - raft.server.snapshot.auto.trigger.enabled = true (custom)
2019-10-10 01:19:54,120 [pool-67-thread-1] INFO  server.RaftServerConfigKeys (ConfUtils.java:logGet(43)) - raft.server.log.write.buffer.size = 33554432 (custom)
2019-10-10 01:19:54,120 [pool-47-thread-1] INFO  server.RaftServerConfigKeys (ConfUtils.java:logGet(43)) - raft.server.snapshot.auto.trigger.threshold = 10000 (custom)
2019-10-10 01:19:54,120 [pool-27-thread-1] INFO  server.RaftServerConfigKeys (ConfUtils.java:logGet(43)) - raft.server.log.preallocated.size = 16384 (custom)
2019-10-10 01:19:54,121 [pool-47-thread-1] INFO  server.RaftServerConfigKeys (ConfUtils.java:logGet(43)) - raft.server.snapshot.retention.file.num = 5 (custom)
2019-10-10 01:19:54,121 [pool-67-thread-1] INFO  server.RaftServerConfigKeys (ConfUtils.java:logGet(43)) - raft.server.log.force.sync.num = 128 (default)
2019-10-10 01:19:54,121 [pool-47-thread-1] INFO  server.RaftServerConfigKeys (ConfUtils.java:logGet(43)) - raft.server.retrycache.expirytime = 600000ms (custom)
2019-10-10 01:19:54,121 [pool-27-thread-1] INFO  server.RaftServerConfigKeys (ConfUtils.java:logGet(43)) - raft.server.log.write.buffer.size = 33554432 (custom)
2019-10-10 01:19:54,121 [pool-67-thread-1] INFO  server.RaftServerConfigKeys (ConfUtils.java:logGet(43)) - raft.server.log.statemachine.data.sync = true (default)
2019-10-10 01:19:54,121 [pool-27-thread-1] INFO  server.RaftServerConfigKeys (ConfUtils.java:logGet(43)) - raft.server.log.force.sync.num = 128 (default)
2019-10-10 01:19:54,122 [pool-67-thread-1] INFO  server.RaftServerConfigKeys (ConfUtils.java:logGet(43)) - raft.server.log.statemachine.data.sync.timeout = 10s (default)
2019-10-10 01:19:54,122 [pool-27-thread-1] INFO  server.RaftServerConfigKeys (ConfUtils.java:logGet(43)) - raft.server.log.statemachine.data.sync = true (default)
2019-10-10 01:19:54,122 [pool-67-thread-1] INFO  server.RaftServerConfigKeys (ConfUtils.java:logGet(43)) - raft.server.log.statemachine.data.sync.timeout.retry = -1 (default)
2019-10-10 01:19:54,122 [pool-27-thread-1] INFO  server.RaftServerConfigKeys (ConfUtils.java:logGet(43)) - raft.server.log.statemachine.data.sync.timeout = 10s (default)
2019-10-10 01:19:54,122 [pool-67-thread-1] INFO  server.RaftServerConfigKeys (ConfUtils.java:logGet(43)) - raft.server.log.statemachine.data.caching.enabled = true (custom)
2019-10-10 01:19:54,123 [pool-27-thread-1] INFO  server.RaftServerConfigKeys (ConfUtils.java:logGet(43)) - raft.server.log.statemachine.data.sync.timeout.retry = -1 (default)
2019-10-10 01:19:54,123 [pool-67-thread-1] INFO  segmented.SegmentedRaftLogWorker (SegmentedRaftLogWorker.java:lambda$new$0(128)) - 4b92f2f8-e489-47a4-a90a-1d3fa2a9a07f@group-5AF3D701A001-SegmentedRaftLogWorker: flushIndex: setUnconditionally 0 -> -1
2019-10-10 01:19:54,123 [pool-27-thread-1] INFO  server.RaftServerConfigKeys (ConfUtils.java:logGet(43)) - raft.server.log.statemachine.data.caching.enabled = true (custom)
2019-10-10 01:19:54,123 [pool-67-thread-1] INFO  server.RaftServerConfigKeys (ConfUtils.java:logGet(43)) - raft.server.snapshot.auto.trigger.enabled = true (custom)
2019-10-10 01:19:54,123 [pool-67-thread-1] INFO  server.RaftServerConfigKeys (ConfUtils.java:logGet(43)) - raft.server.snapshot.auto.trigger.threshold = 10000 (custom)
2019-10-10 01:19:54,123 [pool-27-thread-1] INFO  segmented.SegmentedRaftLogWorker (SegmentedRaftLogWorker.java:lambda$new$0(128)) - 993817e1-c77a-472e-865f-a6e34ffe7967@group-5AF3D701A001-SegmentedRaftLogWorker: flushIndex: setUnconditionally 0 -> -1
2019-10-10 01:19:54,124 [pool-67-thread-1] INFO  server.RaftServerConfigKeys (ConfUtils.java:logGet(43)) - raft.server.snapshot.retention.file.num = 5 (custom)
2019-10-10 01:19:54,124 [pool-27-thread-1] INFO  server.RaftServerConfigKeys (ConfUtils.java:logGet(43)) - raft.server.snapshot.auto.trigger.enabled = true (custom)
2019-10-10 01:19:54,124 [pool-67-thread-1] INFO  server.RaftServerConfigKeys (ConfUtils.java:logGet(43)) - raft.server.retrycache.expirytime = 600000ms (custom)
2019-10-10 01:19:54,124 [pool-27-thread-1] INFO  server.RaftServerConfigKeys (ConfUtils.java:logGet(43)) - raft.server.snapshot.auto.trigger.threshold = 10000 (custom)
2019-10-10 01:19:54,124 [pool-27-thread-1] INFO  server.RaftServerConfigKeys (ConfUtils.java:logGet(43)) - raft.server.snapshot.retention.file.num = 5 (custom)
2019-10-10 01:19:54,124 [pool-27-thread-1] INFO  server.RaftServerConfigKeys (ConfUtils.java:logGet(43)) - raft.server.retrycache.expirytime = 600000ms (custom)
2019-10-10 01:19:54,125 [pool-47-thread-1] INFO  impl.RaftServerImpl (RaftServerImpl.java:start(181)) - fe8e0d95-22db-4b8a-875e-83bee4d716fb@group-5AF3D701A001: start as a follower, conf=-1: [4b92f2f8-e489-47a4-a90a-1d3fa2a9a07f:192.168.151.118:35849, 993817e1-c77a-472e-865f-a6e34ffe7967:192.168.151.118:41261, fe8e0d95-22db-4b8a-875e-83bee4d716fb:192.168.151.118:34352], old=null
2019-10-10 01:19:54,125 [pool-47-thread-1] INFO  impl.RaftServerImpl (RaftServerImpl.java:setRole(170)) - fe8e0d95-22db-4b8a-875e-83bee4d716fb@group-5AF3D701A001: changes role from      null to FOLLOWER at term 0 for startAsFollower
2019-10-10 01:19:54,125 [pool-47-thread-1] INFO  impl.RoleInfo (RoleInfo.java:updateAndGet(143)) - fe8e0d95-22db-4b8a-875e-83bee4d716fb: start FollowerState
2019-10-10 01:19:54,126 [pool-47-thread-1] INFO  util.JmxRegister (JmxRegister.java:tryRegister(44)) - Successfully registered JMX Bean with object name Ratis:service=RaftServer,group=group-5AF3D701A001,id=fe8e0d95-22db-4b8a-875e-83bee4d716fb
2019-10-10 01:19:54,129 [pool-67-thread-1] INFO  impl.RaftServerImpl (RaftServerImpl.java:start(181)) - 4b92f2f8-e489-47a4-a90a-1d3fa2a9a07f@group-5AF3D701A001: start as a follower, conf=-1: [4b92f2f8-e489-47a4-a90a-1d3fa2a9a07f:192.168.151.118:35849, 993817e1-c77a-472e-865f-a6e34ffe7967:192.168.151.118:41261, fe8e0d95-22db-4b8a-875e-83bee4d716fb:192.168.151.118:34352], old=null
2019-10-10 01:19:54,129 [pool-67-thread-1] INFO  impl.RaftServerImpl (RaftServerImpl.java:setRole(170)) - 4b92f2f8-e489-47a4-a90a-1d3fa2a9a07f@group-5AF3D701A001: changes role from      null to FOLLOWER at term 0 for startAsFollower
2019-10-10 01:19:54,130 [pool-67-thread-1] INFO  impl.RoleInfo (RoleInfo.java:updateAndGet(143)) - 4b92f2f8-e489-47a4-a90a-1d3fa2a9a07f: start FollowerState
2019-10-10 01:19:54,130 [pool-27-thread-1] INFO  impl.RaftServerImpl (RaftServerImpl.java:start(181)) - 993817e1-c77a-472e-865f-a6e34ffe7967@group-5AF3D701A001: start as a follower, conf=-1: [4b92f2f8-e489-47a4-a90a-1d3fa2a9a07f:192.168.151.118:35849, 993817e1-c77a-472e-865f-a6e34ffe7967:192.168.151.118:41261, fe8e0d95-22db-4b8a-875e-83bee4d716fb:192.168.151.118:34352], old=null
2019-10-10 01:19:54,130 [pool-27-thread-1] INFO  impl.RaftServerImpl (RaftServerImpl.java:setRole(170)) - 993817e1-c77a-472e-865f-a6e34ffe7967@group-5AF3D701A001: changes role from      null to FOLLOWER at term 0 for startAsFollower
2019-10-10 01:19:54,130 [pool-67-thread-1] INFO  util.JmxRegister (JmxRegister.java:tryRegister(44)) - Successfully registered JMX Bean with object name Ratis:service=RaftServer,group=group-5AF3D701A001,id=4b92f2f8-e489-47a4-a90a-1d3fa2a9a07f
2019-10-10 01:19:54,130 [pool-27-thread-1] INFO  impl.RoleInfo (RoleInfo.java:updateAndGet(143)) - 993817e1-c77a-472e-865f-a6e34ffe7967: start FollowerState
2019-10-10 01:19:54,139 [pool-27-thread-1] INFO  util.JmxRegister (JmxRegister.java:tryRegister(44)) - Successfully registered JMX Bean with object name Ratis:service=RaftServer,group=group-5AF3D701A001,id=993817e1-c77a-472e-865f-a6e34ffe7967
2019-10-10 01:19:54,159 [RatisPipelineUtilsThread] INFO  pipeline.PipelineStateManager (PipelineStateManager.java:addPipeline(56)) - Created pipeline Pipeline[ Id: 97911f33-e22b-4041-8e10-5af3d701a001, Nodes: 4b92f2f8-e489-47a4-a90a-1d3fa2a9a07f{ip: 192.168.151.118, host: pr-hdds-2194-jqrdw-3579824535, networkLocation: /default-rack, certSerialId: null}fe8e0d95-22db-4b8a-875e-83bee4d716fb{ip: 192.168.151.118, host: pr-hdds-2194-jqrdw-3579824535, networkLocation: /default-rack, certSerialId: null}993817e1-c77a-472e-865f-a6e34ffe7967{ip: 192.168.151.118, host: pr-hdds-2194-jqrdw-3579824535, networkLocation: /default-rack, certSerialId: null}, Type:RATIS, Factor:THREE, State:OPEN]
 0.00% |█                                                                                                    |  0/1 Time: 0:04:002019-10-10 01:19:55,176 [java.util.concurrent.ThreadPoolExecutor$Worker@3ce69906[State = -1, empty queue]] ERROR client.GrpcClientProtocolClient (GrpcClientProtocolClient.java:close(148)) - Unexpected exception while waiting for channel termination
java.lang.InterruptedException
	at java.util.concurrent.locks.AbstractQueuedSynchronizer.tryAcquireSharedNanos(AbstractQueuedSynchronizer.java:1326)
	at java.util.concurrent.CountDownLatch.await(CountDownLatch.java:277)
	at org.apache.ratis.thirdparty.io.grpc.internal.ManagedChannelImpl.awaitTermination(ManagedChannelImpl.java:763)
	at org.apache.ratis.thirdparty.io.grpc.internal.ForwardingManagedChannel.awaitTermination(ForwardingManagedChannel.java:57)
	at org.apache.ratis.thirdparty.io.grpc.internal.ManagedChannelOrphanWrapper.awaitTermination(ManagedChannelOrphanWrapper.java:70)
	at org.apache.ratis.grpc.client.GrpcClientProtocolClient.close(GrpcClientProtocolClient.java:146)
	at org.apache.ratis.util.PeerProxyMap$PeerAndProxy.lambda$close$1(PeerProxyMap.java:74)
	at org.apache.ratis.util.LifeCycle.lambda$checkStateAndClose$2(LifeCycle.java:231)
	at org.apache.ratis.util.LifeCycle.checkStateAndClose(LifeCycle.java:251)
	at org.apache.ratis.util.LifeCycle.checkStateAndClose(LifeCycle.java:229)
	at org.apache.ratis.util.PeerProxyMap$PeerAndProxy.close(PeerProxyMap.java:70)
	at org.apache.ratis.util.PeerProxyMap.resetProxy(PeerProxyMap.java:127)
	at org.apache.ratis.util.PeerProxyMap.handleException(PeerProxyMap.java:136)
	at org.apache.ratis.client.impl.RaftClientRpcWithProxy.handleException(RaftClientRpcWithProxy.java:47)
	at org.apache.ratis.client.impl.RaftClientImpl.handleIOException(RaftClientImpl.java:372)
	at org.apache.ratis.client.impl.OrderedAsync.lambda$sendRequest$10(OrderedAsync.java:236)
	at java.util.concurrent.CompletableFuture.uniExceptionally(CompletableFuture.java:870)
	at java.util.concurrent.CompletableFuture$UniExceptionally.tryFire(CompletableFuture.java:852)
	at java.util.concurrent.CompletableFuture.postComplete(CompletableFuture.java:474)
	at java.util.concurrent.CompletableFuture.completeExceptionally(CompletableFuture.java:1977)
	at org.apache.ratis.grpc.client.GrpcClientProtocolClient$AsyncStreamObservers.lambda$timeoutCheck$3(GrpcClientProtocolClient.java:324)
	at java.util.Optional.ifPresent(Optional.java:159)
	at org.apache.ratis.grpc.client.GrpcClientProtocolClient$AsyncStreamObservers.handleReplyFuture(GrpcClientProtocolClient.java:329)
	at org.apache.ratis.grpc.client.GrpcClientProtocolClient$AsyncStreamObservers.timeoutCheck(GrpcClientProtocolClient.java:324)
	at org.apache.ratis.grpc.client.GrpcClientProtocolClient$AsyncStreamObservers.lambda$onNext$1(GrpcClientProtocolClient.java:318)
	at org.apache.ratis.util.TimeoutScheduler.lambda$onTimeout$0(TimeoutScheduler.java:113)
	at org.apache.ratis.util.TimeoutScheduler.lambda$onTimeout$1(TimeoutScheduler.java:133)
	at org.apache.ratis.util.LogUtils.runAndLog(LogUtils.java:50)
	at org.apache.ratis.util.LogUtils$1.run(LogUtils.java:91)
	at java.util.concurrent.Executors$RunnableAdapter.call(Executors.java:511)
	at java.util.concurrent.FutureTask.run(FutureTask.java:266)
	at java.util.concurrent.ScheduledThreadPoolExecutor$ScheduledFutureTask.access$201(ScheduledThreadPoolExecutor.java:180)
	at java.util.concurrent.ScheduledThreadPoolExecutor$ScheduledFutureTask.run(ScheduledThreadPoolExecutor.java:293)
	at java.util.concurrent.ThreadPoolExecutor.runWorker(ThreadPoolExecutor.java:1149)
	at java.util.concurrent.ThreadPoolExecutor$Worker.run(ThreadPoolExecutor.java:624)
	at java.lang.Thread.run(Thread.java:748)
2019-10-10 01:19:55,177 [java.util.concurrent.ThreadPoolExecutor$Worker@3ce69906[State = -1, empty queue]] WARN  util.TimeoutScheduler (LogUtils.java:runAndLog(55)) - Failed to task #0: java.lang.NullPointerException
 0.00% |█                                                                                                    |  0/1 Time: 0:04:01 0.00% |█                                                                                                    |  0/1 Time: 0:04:02 0.00% |█                                                                                                    |  0/1 Time: 0:04:03 0.00% |█                                                                                                    |  0/1 Time: 0:04:042019-10-10 01:19:59,146 [Thread-808] INFO  impl.FollowerState (FollowerState.java:run(108)) - fe8e0d95-22db-4b8a-875e-83bee4d716fb@group-5AF3D701A001-FollowerState: change to CANDIDATE, lastRpcTime:5020ms, electionTimeout:5020ms
2019-10-10 01:19:59,148 [Thread-808] INFO  impl.RoleInfo (RoleInfo.java:shutdownFollowerState(121)) - fe8e0d95-22db-4b8a-875e-83bee4d716fb: shutdown FollowerState
2019-10-10 01:19:59,148 [Thread-808] INFO  impl.RaftServerImpl (RaftServerImpl.java:setRole(170)) - fe8e0d95-22db-4b8a-875e-83bee4d716fb@group-5AF3D701A001: changes role from  FOLLOWER to CANDIDATE at term 0 for changeToCandidate
2019-10-10 01:19:59,148 [Thread-808] INFO  impl.RoleInfo (RoleInfo.java:updateAndGet(143)) - fe8e0d95-22db-4b8a-875e-83bee4d716fb: start LeaderElection
2019-10-10 01:19:59,165 [fe8e0d95-22db-4b8a-875e-83bee4d716fb@group-5AF3D701A001-LeaderElection13] INFO  impl.LeaderElection (LeaderElection.java:askForVotes(178)) - fe8e0d95-22db-4b8a-875e-83bee4d716fb@group-5AF3D701A001-LeaderElection13: begin an election at term 1 for -1: [4b92f2f8-e489-47a4-a90a-1d3fa2a9a07f:192.168.151.118:35849, 993817e1-c77a-472e-865f-a6e34ffe7967:192.168.151.118:41261, fe8e0d95-22db-4b8a-875e-83bee4d716fb:192.168.151.118:34352], old=null
2019-10-10 01:19:59,172 [grpc-default-executor-2] INFO  impl.RaftServerImpl (RaftServerImpl.java:setRole(170)) - 4b92f2f8-e489-47a4-a90a-1d3fa2a9a07f@group-5AF3D701A001: changes role from  FOLLOWER to FOLLOWER at term 1 for recognizeCandidate:fe8e0d95-22db-4b8a-875e-83bee4d716fb
2019-10-10 01:19:59,180 [grpc-default-executor-10] INFO  impl.RaftServerImpl (RaftServerImpl.java:setRole(170)) - 993817e1-c77a-472e-865f-a6e34ffe7967@group-5AF3D701A001: changes role from  FOLLOWER to FOLLOWER at term 1 for recognizeCandidate:fe8e0d95-22db-4b8a-875e-83bee4d716fb
2019-10-10 01:19:59,180 [grpc-default-executor-2] INFO  impl.RoleInfo (RoleInfo.java:shutdownFollowerState(121)) - 4b92f2f8-e489-47a4-a90a-1d3fa2a9a07f: shutdown FollowerState
2019-10-10 01:19:59,181 [grpc-default-executor-10] INFO  impl.RoleInfo (RoleInfo.java:shutdownFollowerState(121)) - 993817e1-c77a-472e-865f-a6e34ffe7967: shutdown FollowerState
2019-10-10 01:19:59,181 [Thread-809] INFO  impl.FollowerState (FollowerState.java:run(117)) - 4b92f2f8-e489-47a4-a90a-1d3fa2a9a07f@group-5AF3D701A001-FollowerState was interrupted: java.lang.InterruptedException: sleep interrupted
2019-10-10 01:19:59,181 [grpc-default-executor-2] INFO  impl.RoleInfo (RoleInfo.java:updateAndGet(143)) - 4b92f2f8-e489-47a4-a90a-1d3fa2a9a07f: start FollowerState
2019-10-10 01:19:59,181 [Thread-810] INFO  impl.FollowerState (FollowerState.java:run(117)) - 993817e1-c77a-472e-865f-a6e34ffe7967@group-5AF3D701A001-FollowerState was interrupted: java.lang.InterruptedException: sleep interrupted
2019-10-10 01:19:59,181 [grpc-default-executor-10] INFO  impl.RoleInfo (RoleInfo.java:updateAndGet(143)) - 993817e1-c77a-472e-865f-a6e34ffe7967: start FollowerState
2019-10-10 01:19:59,199 [java.util.concurrent.ThreadPoolExecutor$Worker@4fba9ec1[State = -1, empty queue]] ERROR client.GrpcClientProtocolClient (GrpcClientProtocolClient.java:close(148)) - Unexpected exception while waiting for channel termination
java.lang.InterruptedException
	at java.util.concurrent.locks.AbstractQueuedSynchronizer.tryAcquireSharedNanos(AbstractQueuedSynchronizer.java:1326)
	at java.util.concurrent.CountDownLatch.await(CountDownLatch.java:277)
	at org.apache.ratis.thirdparty.io.grpc.internal.ManagedChannelImpl.awaitTermination(ManagedChannelImpl.java:763)
	at org.apache.ratis.thirdparty.io.grpc.internal.ForwardingManagedChannel.awaitTermination(ForwardingManagedChannel.java:57)
	at org.apache.ratis.thirdparty.io.grpc.internal.ManagedChannelOrphanWrapper.awaitTermination(ManagedChannelOrphanWrapper.java:70)
	at org.apache.ratis.grpc.client.GrpcClientProtocolClient.close(GrpcClientProtocolClient.java:146)
	at org.apache.ratis.util.PeerProxyMap$PeerAndProxy.lambda$close$1(PeerProxyMap.java:74)
	at org.apache.ratis.util.LifeCycle.lambda$checkStateAndClose$2(LifeCycle.java:231)
	at org.apache.ratis.util.LifeCycle.checkStateAndClose(LifeCycle.java:251)
	at org.apache.ratis.util.LifeCycle.checkStateAndClose(LifeCycle.java:229)
	at org.apache.ratis.util.PeerProxyMap$PeerAndProxy.close(PeerProxyMap.java:70)
	at org.apache.ratis.util.PeerProxyMap.resetProxy(PeerProxyMap.java:127)
	at org.apache.ratis.util.PeerProxyMap.handleException(PeerProxyMap.java:136)
	at org.apache.ratis.client.impl.RaftClientRpcWithProxy.handleException(RaftClientRpcWithProxy.java:47)
	at org.apache.ratis.client.impl.RaftClientImpl.handleIOException(RaftClientImpl.java:372)
	at org.apache.ratis.client.impl.OrderedAsync.lambda$sendRequest$10(OrderedAsync.java:236)
	at java.util.concurrent.CompletableFuture.uniExceptionally(CompletableFuture.java:870)
	at java.util.concurrent.CompletableFuture$UniExceptionally.tryFire(CompletableFuture.java:852)
	at java.util.concurrent.CompletableFuture.postComplete(CompletableFuture.java:474)
	at java.util.concurrent.CompletableFuture.completeExceptionally(CompletableFuture.java:1977)
	at org.apache.ratis.grpc.client.GrpcClientProtocolClient$AsyncStreamObservers.lambda$timeoutCheck$3(GrpcClientProtocolClient.java:324)
	at java.util.Optional.ifPresent(Optional.java:159)
	at org.apache.ratis.grpc.client.GrpcClientProtocolClient$AsyncStreamObservers.handleReplyFuture(GrpcClientProtocolClient.java:329)
	at org.apache.ratis.grpc.client.GrpcClientProtocolClient$AsyncStreamObservers.timeoutCheck(GrpcClientProtocolClient.java:324)
	at org.apache.ratis.grpc.client.GrpcClientProtocolClient$AsyncStreamObservers.lambda$onNext$1(GrpcClientProtocolClient.java:318)
	at org.apache.ratis.util.TimeoutScheduler.lambda$onTimeout$0(TimeoutScheduler.java:113)
	at org.apache.ratis.util.TimeoutScheduler.lambda$onTimeout$1(TimeoutScheduler.java:133)
	at org.apache.ratis.util.LogUtils.runAndLog(LogUtils.java:50)
	at org.apache.ratis.util.LogUtils$1.run(LogUtils.java:91)
	at java.util.concurrent.Executors$RunnableAdapter.call(Executors.java:511)
	at java.util.concurrent.FutureTask.run(FutureTask.java:266)
	at java.util.concurrent.ScheduledThreadPoolExecutor$ScheduledFutureTask.access$201(ScheduledThreadPoolExecutor.java:180)
	at java.util.concurrent.ScheduledThreadPoolExecutor$ScheduledFutureTask.run(ScheduledThreadPoolExecutor.java:293)
	at java.util.concurrent.ThreadPoolExecutor.runWorker(ThreadPoolExecutor.java:1149)
	at java.util.concurrent.ThreadPoolExecutor$Worker.run(ThreadPoolExecutor.java:624)
	at java.lang.Thread.run(Thread.java:748)
2019-10-10 01:19:59,201 [java.util.concurrent.ThreadPoolExecutor$Worker@4fba9ec1[State = -1, empty queue]] WARN  util.TimeoutScheduler (LogUtils.java:runAndLog(55)) - Failed to task #0: java.lang.NullPointerException
2019-10-10 01:19:59,202 [fe8e0d95-22db-4b8a-875e-83bee4d716fb@group-5AF3D701A001-LeaderElection13] INFO  impl.LeaderElection (LeaderElection.java:logAndReturn(56)) - fe8e0d95-22db-4b8a-875e-83bee4d716fb@group-5AF3D701A001-LeaderElection13: Election PASSED; received 1 response(s) [fe8e0d95-22db-4b8a-875e-83bee4d716fb<-4b92f2f8-e489-47a4-a90a-1d3fa2a9a07f#0:OK-t1] and 0 exception(s); fe8e0d95-22db-4b8a-875e-83bee4d716fb@group-5AF3D701A001:t1, leader=null, voted=fe8e0d95-22db-4b8a-875e-83bee4d716fb, raftlog=fe8e0d95-22db-4b8a-875e-83bee4d716fb@group-5AF3D701A001-SegmentedRaftLog:OPENED:c-1,f-1,i0, conf=-1: [4b92f2f8-e489-47a4-a90a-1d3fa2a9a07f:192.168.151.118:35849, 993817e1-c77a-472e-865f-a6e34ffe7967:192.168.151.118:41261, fe8e0d95-22db-4b8a-875e-83bee4d716fb:192.168.151.118:34352], old=null
2019-10-10 01:19:59,202 [fe8e0d95-22db-4b8a-875e-83bee4d716fb@group-5AF3D701A001-LeaderElection13] INFO  impl.RoleInfo (RoleInfo.java:shutdownLeaderElection(134)) - fe8e0d95-22db-4b8a-875e-83bee4d716fb: shutdown LeaderElection
2019-10-10 01:19:59,202 [fe8e0d95-22db-4b8a-875e-83bee4d716fb@group-5AF3D701A001-LeaderElection13] INFO  impl.RaftServerImpl (RaftServerImpl.java:setRole(170)) - fe8e0d95-22db-4b8a-875e-83bee4d716fb@group-5AF3D701A001: changes role from CANDIDATE to LEADER at term 1 for changeToLeader
2019-10-10 01:19:59,202 [fe8e0d95-22db-4b8a-875e-83bee4d716fb@group-5AF3D701A001-LeaderElection13] INFO  impl.RaftServerImpl (ServerState.java:setLeader(255)) - fe8e0d95-22db-4b8a-875e-83bee4d716fb@group-5AF3D701A001: change Leader from null to fe8e0d95-22db-4b8a-875e-83bee4d716fb at term 1 for becomeLeader, leader elected after 5087ms
2019-10-10 01:19:59,202 [fe8e0d95-22db-4b8a-875e-83bee4d716fb@group-5AF3D701A001-LeaderElection13] INFO  server.RaftServerConfigKeys (ConfUtils.java:logGet(43)) - raft.server.staging.catchup.gap = 1000 (default)
2019-10-10 01:19:59,202 [fe8e0d95-22db-4b8a-875e-83bee4d716fb@group-5AF3D701A001-LeaderElection13] INFO  server.RaftServerConfigKeys (ConfUtils.java:logGet(43)) - raft.server.rpc.sleep.time = 25ms (default)
2019-10-10 01:19:59,202 [fe8e0d95-22db-4b8a-875e-83bee4d716fb@group-5AF3D701A001-LeaderElection13] INFO  server.RaftServerConfigKeys (ConfUtils.java:logGet(43)) - raft.server.write.element-limit = 4096 (default)
2019-10-10 01:19:59,203 [fe8e0d95-22db-4b8a-875e-83bee4d716fb@group-5AF3D701A001-LeaderElection13] INFO  server.RaftServerConfigKeys (ConfUtils.java:logGet(43)) - raft.server.watch.timeout = 10s (default)
2019-10-10 01:19:59,203 [fe8e0d95-22db-4b8a-875e-83bee4d716fb@group-5AF3D701A001-LeaderElection13] INFO  server.RaftServerConfigKeys (ConfUtils.java:logGet(43)) - raft.server.watch.timeout.denomination = 1s (default)
2019-10-10 01:19:59,203 [fe8e0d95-22db-4b8a-875e-83bee4d716fb@group-5AF3D701A001-LeaderElection13] INFO  server.RaftServerConfigKeys (ConfUtils.java:logGet(43)) - raft.server.watch.element-limit = 65536 (default)
2019-10-10 01:19:59,204 [fe8e0d95-22db-4b8a-875e-83bee4d716fb@group-5AF3D701A001-LeaderElection13] INFO  server.RaftServerConfigKeys (ConfUtils.java:logGet(43)) - raft.server.log.appender.snapshot.chunk.size.max = 16MB (=16777216) (default)
2019-10-10 01:19:59,204 [fe8e0d95-22db-4b8a-875e-83bee4d716fb@group-5AF3D701A001-LeaderElection13] INFO  server.RaftServerConfigKeys (ConfUtils.java:logGet(43)) - raft.server.log.appender.buffer.byte-limit = 33554432 (custom)
2019-10-10 01:19:59,205 [fe8e0d95-22db-4b8a-875e-83bee4d716fb@group-5AF3D701A001-LeaderElection13] INFO  server.RaftServerConfigKeys (ConfUtils.java:logGet(43)) - raft.server.log.appender.buffer.element-limit = 1 (custom)
2019-10-10 01:19:59,205 [fe8e0d95-22db-4b8a-875e-83bee4d716fb@group-5AF3D701A001-LeaderElection13] INFO  grpc.GrpcConfigKeys$Server (ConfUtils.java:logGet(43)) - raft.grpc.server.leader.outstanding.appends.max = 128 (default)
2019-10-10 01:19:59,205 [fe8e0d95-22db-4b8a-875e-83bee4d716fb@group-5AF3D701A001-LeaderElection13] INFO  server.RaftServerConfigKeys (ConfUtils.java:logGet(43)) - raft.server.rpc.request.timeout = 3000ms (default)
2019-10-10 01:19:59,205 [fe8e0d95-22db-4b8a-875e-83bee4d716fb@group-5AF3D701A001-LeaderElection13] INFO  server.RaftServerConfigKeys (ConfUtils.java:logGet(43)) - raft.server.log.appender.install.snapshot.enabled = false (custom)
2019-10-10 01:19:59,205 [fe8e0d95-22db-4b8a-875e-83bee4d716fb@group-5AF3D701A001-LeaderElection13] INFO  server.RaftServerConfigKeys (ConfUtils.java:logGet(43)) - raft.server.log.appender.snapshot.chunk.size.max = 16MB (=16777216) (default)
2019-10-10 01:19:59,205 [fe8e0d95-22db-4b8a-875e-83bee4d716fb@group-5AF3D701A001-LeaderElection13] INFO  server.RaftServerConfigKeys (ConfUtils.java:logGet(43)) - raft.server.log.appender.buffer.byte-limit = 33554432 (custom)
2019-10-10 01:19:59,205 [fe8e0d95-22db-4b8a-875e-83bee4d716fb@group-5AF3D701A001-LeaderElection13] INFO  server.RaftServerConfigKeys (ConfUtils.java:logGet(43)) - raft.server.log.appender.buffer.element-limit = 1 (custom)
2019-10-10 01:19:59,206 [fe8e0d95-22db-4b8a-875e-83bee4d716fb@group-5AF3D701A001-LeaderElection13] INFO  grpc.GrpcConfigKeys$Server (ConfUtils.java:logGet(43)) - raft.grpc.server.leader.outstanding.appends.max = 128 (default)
2019-10-10 01:19:59,206 [fe8e0d95-22db-4b8a-875e-83bee4d716fb@group-5AF3D701A001-LeaderElection13] INFO  server.RaftServerConfigKeys (ConfUtils.java:logGet(43)) - raft.server.rpc.request.timeout = 3000ms (default)
2019-10-10 01:19:59,206 [fe8e0d95-22db-4b8a-875e-83bee4d716fb@group-5AF3D701A001-LeaderElection13] INFO  server.RaftServerConfigKeys (ConfUtils.java:logGet(43)) - raft.server.log.appender.install.snapshot.enabled = false (custom)
2019-10-10 01:19:59,206 [fe8e0d95-22db-4b8a-875e-83bee4d716fb@group-5AF3D701A001-LeaderElection13] INFO  impl.RoleInfo (RoleInfo.java:updateAndGet(143)) - fe8e0d95-22db-4b8a-875e-83bee4d716fb: start LeaderState
2019-10-10 01:19:59,206 [fe8e0d95-22db-4b8a-875e-83bee4d716fb@group-5AF3D701A001-LeaderElection13] INFO  segmented.SegmentedRaftLogWorker (SegmentedRaftLogWorker.java:startLogSegment(385)) - fe8e0d95-22db-4b8a-875e-83bee4d716fb@group-5AF3D701A001-SegmentedRaftLogWorker: Starting segment from index:0
2019-10-10 01:19:59,207 [fe8e0d95-22db-4b8a-875e-83bee4d716fb@group-5AF3D701A001-LeaderElection13] INFO  impl.RaftServerImpl (ServerState.java:setRaftConf(356)) - fe8e0d95-22db-4b8a-875e-83bee4d716fb@group-5AF3D701A001: set configuration 0: [4b92f2f8-e489-47a4-a90a-1d3fa2a9a07f:192.168.151.118:35849, 993817e1-c77a-472e-865f-a6e34ffe7967:192.168.151.118:41261, fe8e0d95-22db-4b8a-875e-83bee4d716fb:192.168.151.118:34352], old=null at 0
2019-10-10 01:19:59,240 [grpc-default-executor-2] INFO  impl.RaftServerImpl (ServerState.java:setLeader(255)) - 993817e1-c77a-472e-865f-a6e34ffe7967@group-5AF3D701A001: change Leader from null to fe8e0d95-22db-4b8a-875e-83bee4d716fb at term 1 for appendEntries, leader elected after 5123ms
2019-10-10 01:19:59,241 [grpc-default-executor-10] INFO  impl.RaftServerImpl (ServerState.java:setLeader(255)) - 4b92f2f8-e489-47a4-a90a-1d3fa2a9a07f@group-5AF3D701A001: change Leader from null to fe8e0d95-22db-4b8a-875e-83bee4d716fb at term 1 for appendEntries, leader elected after 5123ms
2019-10-10 01:19:59,244 [grpc-default-executor-2] INFO  impl.RaftServerImpl (ServerState.java:setRaftConf(356)) - 993817e1-c77a-472e-865f-a6e34ffe7967@group-5AF3D701A001: set configuration 0: [4b92f2f8-e489-47a4-a90a-1d3fa2a9a07f:192.168.151.118:35849, 993817e1-c77a-472e-865f-a6e34ffe7967:192.168.151.118:41261, fe8e0d95-22db-4b8a-875e-83bee4d716fb:192.168.151.118:34352], old=null at 0
2019-10-10 01:19:59,244 [grpc-default-executor-10] INFO  impl.RaftServerImpl (ServerState.java:setRaftConf(356)) - 4b92f2f8-e489-47a4-a90a-1d3fa2a9a07f@group-5AF3D701A001: set configuration 0: [4b92f2f8-e489-47a4-a90a-1d3fa2a9a07f:192.168.151.118:35849, 993817e1-c77a-472e-865f-a6e34ffe7967:192.168.151.118:41261, fe8e0d95-22db-4b8a-875e-83bee4d716fb:192.168.151.118:34352], old=null at 0
2019-10-10 01:19:59,244 [grpc-default-executor-2] INFO  segmented.SegmentedRaftLogWorker (SegmentedRaftLogWorker.java:startLogSegment(385)) - 993817e1-c77a-472e-865f-a6e34ffe7967@group-5AF3D701A001-SegmentedRaftLogWorker: Starting segment from index:0
2019-10-10 01:19:59,244 [grpc-default-executor-10] INFO  segmented.SegmentedRaftLogWorker (SegmentedRaftLogWorker.java:startLogSegment(385)) - 4b92f2f8-e489-47a4-a90a-1d3fa2a9a07f@group-5AF3D701A001-SegmentedRaftLogWorker: Starting segment from index:0
2019-10-10 01:19:59,253 [fe8e0d95-22db-4b8a-875e-83bee4d716fb@group-5AF3D701A001-SegmentedRaftLogWorker] INFO  segmented.SegmentedRaftLogWorker (SegmentedRaftLogWorker.java:execute(574)) - fe8e0d95-22db-4b8a-875e-83bee4d716fb@group-5AF3D701A001-SegmentedRaftLogWorker: created new log segment /workdir/hadoop-ozone/tools/target/test-dir/MiniOzoneClusterImpl-1e8b0e80-279c-49c4-ae13-42ed318b6149/datanode-2/data/ratis/97911f33-e22b-4041-8e10-5af3d701a001/current/log_inprogress_0
2019-10-10 01:19:59,273 [993817e1-c77a-472e-865f-a6e34ffe7967@group-5AF3D701A001-SegmentedRaftLogWorker] INFO  segmented.SegmentedRaftLogWorker (SegmentedRaftLogWorker.java:execute(574)) - 993817e1-c77a-472e-865f-a6e34ffe7967@group-5AF3D701A001-SegmentedRaftLogWorker: created new log segment /workdir/hadoop-ozone/tools/target/test-dir/MiniOzoneClusterImpl-1e8b0e80-279c-49c4-ae13-42ed318b6149/datanode-0/data/ratis/97911f33-e22b-4041-8e10-5af3d701a001/current/log_inprogress_0
2019-10-10 01:19:59,273 [4b92f2f8-e489-47a4-a90a-1d3fa2a9a07f@group-5AF3D701A001-SegmentedRaftLogWorker] INFO  segmented.SegmentedRaftLogWorker (SegmentedRaftLogWorker.java:execute(574)) - 4b92f2f8-e489-47a4-a90a-1d3fa2a9a07f@group-5AF3D701A001-SegmentedRaftLogWorker: created new log segment /workdir/hadoop-ozone/tools/target/test-dir/MiniOzoneClusterImpl-1e8b0e80-279c-49c4-ae13-42ed318b6149/datanode-4/data/ratis/97911f33-e22b-4041-8e10-5af3d701a001/current/log_inprogress_0
 0.00% |█                                                                                                    |  0/1 Time: 0:04:05 0.00% |█                                                                                                    |  0/1 Time: 0:04:06 0.00% |█                                                                                                    |  0/1 Time: 0:04:07 0.00% |█                                                                                                    |  0/1 Time: 0:04:082019-10-10 01:20:03,233 [java.util.concurrent.ThreadPoolExecutor$Worker@71cdc31c[State = -1, empty queue]] ERROR client.GrpcClientProtocolClient (GrpcClientProtocolClient.java:close(148)) - Unexpected exception while waiting for channel termination
java.lang.InterruptedException
	at java.util.concurrent.locks.AbstractQueuedSynchronizer.tryAcquireSharedNanos(AbstractQueuedSynchronizer.java:1326)
	at java.util.concurrent.CountDownLatch.await(CountDownLatch.java:277)
	at org.apache.ratis.thirdparty.io.grpc.internal.ManagedChannelImpl.awaitTermination(ManagedChannelImpl.java:763)
	at org.apache.ratis.thirdparty.io.grpc.internal.ForwardingManagedChannel.awaitTermination(ForwardingManagedChannel.java:57)
	at org.apache.ratis.thirdparty.io.grpc.internal.ManagedChannelOrphanWrapper.awaitTermination(ManagedChannelOrphanWrapper.java:70)
	at org.apache.ratis.grpc.client.GrpcClientProtocolClient.close(GrpcClientProtocolClient.java:146)
	at org.apache.ratis.util.PeerProxyMap$PeerAndProxy.lambda$close$1(PeerProxyMap.java:74)
	at org.apache.ratis.util.LifeCycle.lambda$checkStateAndClose$2(LifeCycle.java:231)
	at org.apache.ratis.util.LifeCycle.checkStateAndClose(LifeCycle.java:251)
	at org.apache.ratis.util.LifeCycle.checkStateAndClose(LifeCycle.java:229)
	at org.apache.ratis.util.PeerProxyMap$PeerAndProxy.close(PeerProxyMap.java:70)
	at org.apache.ratis.util.PeerProxyMap.resetProxy(PeerProxyMap.java:127)
	at org.apache.ratis.util.PeerProxyMap.handleException(PeerProxyMap.java:136)
	at org.apache.ratis.client.impl.RaftClientRpcWithProxy.handleException(RaftClientRpcWithProxy.java:47)
	at org.apache.ratis.client.impl.RaftClientImpl.handleIOException(RaftClientImpl.java:372)
	at org.apache.ratis.client.impl.OrderedAsync.lambda$sendRequest$10(OrderedAsync.java:236)
	at java.util.concurrent.CompletableFuture.uniExceptionally(CompletableFuture.java:870)
	at java.util.concurrent.CompletableFuture$UniExceptionally.tryFire(CompletableFuture.java:852)
	at java.util.concurrent.CompletableFuture.postComplete(CompletableFuture.java:474)
	at java.util.concurrent.CompletableFuture.completeExceptionally(CompletableFuture.java:1977)
	at org.apache.ratis.grpc.client.GrpcClientProtocolClient$AsyncStreamObservers.lambda$timeoutCheck$3(GrpcClientProtocolClient.java:324)
	at java.util.Optional.ifPresent(Optional.java:159)
	at org.apache.ratis.grpc.client.GrpcClientProtocolClient$AsyncStreamObservers.handleReplyFuture(GrpcClientProtocolClient.java:329)
	at org.apache.ratis.grpc.client.GrpcClientProtocolClient$AsyncStreamObservers.timeoutCheck(GrpcClientProtocolClient.java:324)
	at org.apache.ratis.grpc.client.GrpcClientProtocolClient$AsyncStreamObservers.lambda$onNext$1(GrpcClientProtocolClient.java:318)
	at org.apache.ratis.util.TimeoutScheduler.lambda$onTimeout$0(TimeoutScheduler.java:113)
	at org.apache.ratis.util.TimeoutScheduler.lambda$onTimeout$1(TimeoutScheduler.java:133)
	at org.apache.ratis.util.LogUtils.runAndLog(LogUtils.java:50)
	at org.apache.ratis.util.LogUtils$1.run(LogUtils.java:91)
	at java.util.concurrent.Executors$RunnableAdapter.call(Executors.java:511)
	at java.util.concurrent.FutureTask.run(FutureTask.java:266)
	at java.util.concurrent.ScheduledThreadPoolExecutor$ScheduledFutureTask.access$201(ScheduledThreadPoolExecutor.java:180)
	at java.util.concurrent.ScheduledThreadPoolExecutor$ScheduledFutureTask.run(ScheduledThreadPoolExecutor.java:293)
	at java.util.concurrent.ThreadPoolExecutor.runWorker(ThreadPoolExecutor.java:1149)
	at java.util.concurrent.ThreadPoolExecutor$Worker.run(ThreadPoolExecutor.java:624)
	at java.lang.Thread.run(Thread.java:748)
2019-10-10 01:20:03,234 [java.util.concurrent.ThreadPoolExecutor$Worker@71cdc31c[State = -1, empty queue]] WARN  util.TimeoutScheduler (LogUtils.java:runAndLog(55)) - Failed to task #0: java.lang.NullPointerException
 0.00% |█                                                                                                    |  0/1 Time: 0:04:09 0.00% |█                                                                                                    |  0/1 Time: 0:04:10 0.00% |█                                                                                                    |  0/1 Time: 0:04:11 0.00% |█                                                                                                    |  0/1 Time: 0:04:122019-10-10 01:20:07,282 [java.util.concurrent.ThreadPoolExecutor$Worker@231cf39b[State = -1, empty queue]] ERROR client.GrpcClientProtocolClient (GrpcClientProtocolClient.java:close(148)) - Unexpected exception while waiting for channel termination
java.lang.InterruptedException
	at java.util.concurrent.locks.AbstractQueuedSynchronizer.tryAcquireSharedNanos(AbstractQueuedSynchronizer.java:1326)
	at java.util.concurrent.CountDownLatch.await(CountDownLatch.java:277)
	at org.apache.ratis.thirdparty.io.grpc.internal.ManagedChannelImpl.awaitTermination(ManagedChannelImpl.java:763)
	at org.apache.ratis.thirdparty.io.grpc.internal.ForwardingManagedChannel.awaitTermination(ForwardingManagedChannel.java:57)
	at org.apache.ratis.thirdparty.io.grpc.internal.ManagedChannelOrphanWrapper.awaitTermination(ManagedChannelOrphanWrapper.java:70)
	at org.apache.ratis.grpc.client.GrpcClientProtocolClient.close(GrpcClientProtocolClient.java:146)
	at org.apache.ratis.util.PeerProxyMap$PeerAndProxy.lambda$close$1(PeerProxyMap.java:74)
	at org.apache.ratis.util.LifeCycle.lambda$checkStateAndClose$2(LifeCycle.java:231)
	at org.apache.ratis.util.LifeCycle.checkStateAndClose(LifeCycle.java:251)
	at org.apache.ratis.util.LifeCycle.checkStateAndClose(LifeCycle.java:229)
	at org.apache.ratis.util.PeerProxyMap$PeerAndProxy.close(PeerProxyMap.java:70)
	at org.apache.ratis.util.PeerProxyMap.resetProxy(PeerProxyMap.java:127)
	at org.apache.ratis.util.PeerProxyMap.handleException(PeerProxyMap.java:136)
	at org.apache.ratis.client.impl.RaftClientRpcWithProxy.handleException(RaftClientRpcWithProxy.java:47)
	at org.apache.ratis.client.impl.RaftClientImpl.handleIOException(RaftClientImpl.java:372)
	at org.apache.ratis.client.impl.OrderedAsync.lambda$sendRequest$10(OrderedAsync.java:236)
	at java.util.concurrent.CompletableFuture.uniExceptionally(CompletableFuture.java:870)
	at java.util.concurrent.CompletableFuture$UniExceptionally.tryFire(CompletableFuture.java:852)
	at java.util.concurrent.CompletableFuture.postComplete(CompletableFuture.java:474)
	at java.util.concurrent.CompletableFuture.completeExceptionally(CompletableFuture.java:1977)
	at org.apache.ratis.grpc.client.GrpcClientProtocolClient$AsyncStreamObservers.lambda$timeoutCheck$3(GrpcClientProtocolClient.java:324)
	at java.util.Optional.ifPresent(Optional.java:159)
	at org.apache.ratis.grpc.client.GrpcClientProtocolClient$AsyncStreamObservers.handleReplyFuture(GrpcClientProtocolClient.java:329)
	at org.apache.ratis.grpc.client.GrpcClientProtocolClient$AsyncStreamObservers.timeoutCheck(GrpcClientProtocolClient.java:324)
	at org.apache.ratis.grpc.client.GrpcClientProtocolClient$AsyncStreamObservers.lambda$onNext$1(GrpcClientProtocolClient.java:318)
	at org.apache.ratis.util.TimeoutScheduler.lambda$onTimeout$0(TimeoutScheduler.java:113)
	at org.apache.ratis.util.TimeoutScheduler.lambda$onTimeout$1(TimeoutScheduler.java:133)
	at org.apache.ratis.util.LogUtils.runAndLog(LogUtils.java:50)
	at org.apache.ratis.util.LogUtils$1.run(LogUtils.java:91)
	at java.util.concurrent.Executors$RunnableAdapter.call(Executors.java:511)
	at java.util.concurrent.FutureTask.run(FutureTask.java:266)
	at java.util.concurrent.ScheduledThreadPoolExecutor$ScheduledFutureTask.access$201(ScheduledThreadPoolExecutor.java:180)
	at java.util.concurrent.ScheduledThreadPoolExecutor$ScheduledFutureTask.run(ScheduledThreadPoolExecutor.java:293)
	at java.util.concurrent.ThreadPoolExecutor.runWorker(ThreadPoolExecutor.java:1149)
	at java.util.concurrent.ThreadPoolExecutor$Worker.run(ThreadPoolExecutor.java:624)
	at java.lang.Thread.run(Thread.java:748)
2019-10-10 01:20:07,283 [java.util.concurrent.ThreadPoolExecutor$Worker@231cf39b[State = -1, empty queue]] WARN  util.TimeoutScheduler (LogUtils.java:runAndLog(55)) - Failed to task #0: java.lang.NullPointerException
 0.00% |█                                                                                                    |  0/1 Time: 0:04:13 0.00% |█                                                                                                    |  0/1 Time: 0:04:14 0.00% |█                                                                                                    |  0/1 Time: 0:04:15 0.00% |█                                                                                                    |  0/1 Time: 0:04:162019-10-10 01:20:11,322 [java.util.concurrent.ThreadPoolExecutor$Worker@441f4edf[State = -1, empty queue]] ERROR client.GrpcClientProtocolClient (GrpcClientProtocolClient.java:close(148)) - Unexpected exception while waiting for channel termination
java.lang.InterruptedException
	at java.util.concurrent.locks.AbstractQueuedSynchronizer.tryAcquireSharedNanos(AbstractQueuedSynchronizer.java:1326)
	at java.util.concurrent.CountDownLatch.await(CountDownLatch.java:277)
	at org.apache.ratis.thirdparty.io.grpc.internal.ManagedChannelImpl.awaitTermination(ManagedChannelImpl.java:763)
	at org.apache.ratis.thirdparty.io.grpc.internal.ForwardingManagedChannel.awaitTermination(ForwardingManagedChannel.java:57)
	at org.apache.ratis.thirdparty.io.grpc.internal.ManagedChannelOrphanWrapper.awaitTermination(ManagedChannelOrphanWrapper.java:70)
	at org.apache.ratis.grpc.client.GrpcClientProtocolClient.close(GrpcClientProtocolClient.java:146)
	at org.apache.ratis.util.PeerProxyMap$PeerAndProxy.lambda$close$1(PeerProxyMap.java:74)
	at org.apache.ratis.util.LifeCycle.lambda$checkStateAndClose$2(LifeCycle.java:231)
	at org.apache.ratis.util.LifeCycle.checkStateAndClose(LifeCycle.java:251)
	at org.apache.ratis.util.LifeCycle.checkStateAndClose(LifeCycle.java:229)
	at org.apache.ratis.util.PeerProxyMap$PeerAndProxy.close(PeerProxyMap.java:70)
	at org.apache.ratis.util.PeerProxyMap.resetProxy(PeerProxyMap.java:127)
	at org.apache.ratis.util.PeerProxyMap.handleException(PeerProxyMap.java:136)
	at org.apache.ratis.client.impl.RaftClientRpcWithProxy.handleException(RaftClientRpcWithProxy.java:47)
	at org.apache.ratis.client.impl.RaftClientImpl.handleIOException(RaftClientImpl.java:372)
	at org.apache.ratis.client.impl.OrderedAsync.lambda$sendRequest$10(OrderedAsync.java:236)
	at java.util.concurrent.CompletableFuture.uniExceptionally(CompletableFuture.java:870)
	at java.util.concurrent.CompletableFuture$UniExceptionally.tryFire(CompletableFuture.java:852)
	at java.util.concurrent.CompletableFuture.postComplete(CompletableFuture.java:474)
	at java.util.concurrent.CompletableFuture.completeExceptionally(CompletableFuture.java:1977)
	at org.apache.ratis.grpc.client.GrpcClientProtocolClient$AsyncStreamObservers.lambda$timeoutCheck$3(GrpcClientProtocolClient.java:324)
	at java.util.Optional.ifPresent(Optional.java:159)
	at org.apache.ratis.grpc.client.GrpcClientProtocolClient$AsyncStreamObservers.handleReplyFuture(GrpcClientProtocolClient.java:329)
	at org.apache.ratis.grpc.client.GrpcClientProtocolClient$AsyncStreamObservers.timeoutCheck(GrpcClientProtocolClient.java:324)
	at org.apache.ratis.grpc.client.GrpcClientProtocolClient$AsyncStreamObservers.lambda$onNext$1(GrpcClientProtocolClient.java:318)
	at org.apache.ratis.util.TimeoutScheduler.lambda$onTimeout$0(TimeoutScheduler.java:113)
	at org.apache.ratis.util.TimeoutScheduler.lambda$onTimeout$1(TimeoutScheduler.java:133)
	at org.apache.ratis.util.LogUtils.runAndLog(LogUtils.java:50)
	at org.apache.ratis.util.LogUtils$1.run(LogUtils.java:91)
	at java.util.concurrent.Executors$RunnableAdapter.call(Executors.java:511)
	at java.util.concurrent.FutureTask.run(FutureTask.java:266)
	at java.util.concurrent.ScheduledThreadPoolExecutor$ScheduledFutureTask.access$201(ScheduledThreadPoolExecutor.java:180)
	at java.util.concurrent.ScheduledThreadPoolExecutor$ScheduledFutureTask.run(ScheduledThreadPoolExecutor.java:293)
	at java.util.concurrent.ThreadPoolExecutor.runWorker(ThreadPoolExecutor.java:1149)
	at java.util.concurrent.ThreadPoolExecutor$Worker.run(ThreadPoolExecutor.java:624)
	at java.lang.Thread.run(Thread.java:748)
2019-10-10 01:20:11,323 [java.util.concurrent.ThreadPoolExecutor$Worker@441f4edf[State = -1, empty queue]] WARN  util.TimeoutScheduler (LogUtils.java:runAndLog(55)) - Failed to task #0: java.lang.NullPointerException
 0.00% |█                                                                                                    |  0/1 Time: 0:04:17 0.00% |█                                                                                                    |  0/1 Time: 0:04:18 0.00% |█                                                                                                    |  0/1 Time: 0:04:19 0.00% |█                                                                                                    |  0/1 Time: 0:04:202019-10-10 01:20:15,354 [java.util.concurrent.ThreadPoolExecutor$Worker@247fdee3[State = -1, empty queue]] ERROR client.GrpcClientProtocolClient (GrpcClientProtocolClient.java:close(148)) - Unexpected exception while waiting for channel termination
java.lang.InterruptedException
	at java.util.concurrent.locks.AbstractQueuedSynchronizer.tryAcquireSharedNanos(AbstractQueuedSynchronizer.java:1326)
	at java.util.concurrent.CountDownLatch.await(CountDownLatch.java:277)
	at org.apache.ratis.thirdparty.io.grpc.internal.ManagedChannelImpl.awaitTermination(ManagedChannelImpl.java:763)
	at org.apache.ratis.thirdparty.io.grpc.internal.ForwardingManagedChannel.awaitTermination(ForwardingManagedChannel.java:57)
	at org.apache.ratis.thirdparty.io.grpc.internal.ManagedChannelOrphanWrapper.awaitTermination(ManagedChannelOrphanWrapper.java:70)
	at org.apache.ratis.grpc.client.GrpcClientProtocolClient.close(GrpcClientProtocolClient.java:146)
	at org.apache.ratis.util.PeerProxyMap$PeerAndProxy.lambda$close$1(PeerProxyMap.java:74)
	at org.apache.ratis.util.LifeCycle.lambda$checkStateAndClose$2(LifeCycle.java:231)
	at org.apache.ratis.util.LifeCycle.checkStateAndClose(LifeCycle.java:251)
	at org.apache.ratis.util.LifeCycle.checkStateAndClose(LifeCycle.java:229)
	at org.apache.ratis.util.PeerProxyMap$PeerAndProxy.close(PeerProxyMap.java:70)
	at org.apache.ratis.util.PeerProxyMap.resetProxy(PeerProxyMap.java:127)
	at org.apache.ratis.util.PeerProxyMap.handleException(PeerProxyMap.java:136)
	at org.apache.ratis.client.impl.RaftClientRpcWithProxy.handleException(RaftClientRpcWithProxy.java:47)
	at org.apache.ratis.client.impl.RaftClientImpl.handleIOException(RaftClientImpl.java:372)
	at org.apache.ratis.client.impl.OrderedAsync.lambda$sendRequest$10(OrderedAsync.java:236)
	at java.util.concurrent.CompletableFuture.uniExceptionally(CompletableFuture.java:870)
	at java.util.concurrent.CompletableFuture$UniExceptionally.tryFire(CompletableFuture.java:852)
	at java.util.concurrent.CompletableFuture.postComplete(CompletableFuture.java:474)
	at java.util.concurrent.CompletableFuture.completeExceptionally(CompletableFuture.java:1977)
	at org.apache.ratis.grpc.client.GrpcClientProtocolClient$AsyncStreamObservers.lambda$timeoutCheck$3(GrpcClientProtocolClient.java:324)
	at java.util.Optional.ifPresent(Optional.java:159)
	at org.apache.ratis.grpc.client.GrpcClientProtocolClient$AsyncStreamObservers.handleReplyFuture(GrpcClientProtocolClient.java:329)
	at org.apache.ratis.grpc.client.GrpcClientProtocolClient$AsyncStreamObservers.timeoutCheck(GrpcClientProtocolClient.java:324)
	at org.apache.ratis.grpc.client.GrpcClientProtocolClient$AsyncStreamObservers.lambda$onNext$1(GrpcClientProtocolClient.java:318)
	at org.apache.ratis.util.TimeoutScheduler.lambda$onTimeout$0(TimeoutScheduler.java:113)
	at org.apache.ratis.util.TimeoutScheduler.lambda$onTimeout$1(TimeoutScheduler.java:133)
	at org.apache.ratis.util.LogUtils.runAndLog(LogUtils.java:50)
	at org.apache.ratis.util.LogUtils$1.run(LogUtils.java:91)
	at java.util.concurrent.Executors$RunnableAdapter.call(Executors.java:511)
	at java.util.concurrent.FutureTask.run(FutureTask.java:266)
	at java.util.concurrent.ScheduledThreadPoolExecutor$ScheduledFutureTask.access$201(ScheduledThreadPoolExecutor.java:180)
	at java.util.concurrent.ScheduledThreadPoolExecutor$ScheduledFutureTask.run(ScheduledThreadPoolExecutor.java:293)
	at java.util.concurrent.ThreadPoolExecutor.runWorker(ThreadPoolExecutor.java:1149)
	at java.util.concurrent.ThreadPoolExecutor$Worker.run(ThreadPoolExecutor.java:624)
	at java.lang.Thread.run(Thread.java:748)
2019-10-10 01:20:15,355 [java.util.concurrent.ThreadPoolExecutor$Worker@247fdee3[State = -1, empty queue]] WARN  util.TimeoutScheduler (LogUtils.java:runAndLog(55)) - Failed to task #0: java.lang.NullPointerException
 0.00% |█                                                                                                    |  0/1 Time: 0:04:21 0.00% |█                                                                                                    |  0/1 Time: 0:04:22 0.00% |█                                                                                                    |  0/1 Time: 0:04:23 0.00% |█                                                                                                    |  0/1 Time: 0:04:242019-10-10 01:20:19,392 [java.util.concurrent.ThreadPoolExecutor$Worker@13f58f27[State = -1, empty queue]] ERROR client.GrpcClientProtocolClient (GrpcClientProtocolClient.java:close(148)) - Unexpected exception while waiting for channel termination
java.lang.InterruptedException
	at java.util.concurrent.locks.AbstractQueuedSynchronizer.tryAcquireSharedNanos(AbstractQueuedSynchronizer.java:1326)
	at java.util.concurrent.CountDownLatch.await(CountDownLatch.java:277)
	at org.apache.ratis.thirdparty.io.grpc.internal.ManagedChannelImpl.awaitTermination(ManagedChannelImpl.java:763)
	at org.apache.ratis.thirdparty.io.grpc.internal.ForwardingManagedChannel.awaitTermination(ForwardingManagedChannel.java:57)
	at org.apache.ratis.thirdparty.io.grpc.internal.ManagedChannelOrphanWrapper.awaitTermination(ManagedChannelOrphanWrapper.java:70)
	at org.apache.ratis.grpc.client.GrpcClientProtocolClient.close(GrpcClientProtocolClient.java:146)
	at org.apache.ratis.util.PeerProxyMap$PeerAndProxy.lambda$close$1(PeerProxyMap.java:74)
	at org.apache.ratis.util.LifeCycle.lambda$checkStateAndClose$2(LifeCycle.java:231)
	at org.apache.ratis.util.LifeCycle.checkStateAndClose(LifeCycle.java:251)
	at org.apache.ratis.util.LifeCycle.checkStateAndClose(LifeCycle.java:229)
	at org.apache.ratis.util.PeerProxyMap$PeerAndProxy.close(PeerProxyMap.java:70)
	at org.apache.ratis.util.PeerProxyMap.resetProxy(PeerProxyMap.java:127)
	at org.apache.ratis.util.PeerProxyMap.handleException(PeerProxyMap.java:136)
	at org.apache.ratis.client.impl.RaftClientRpcWithProxy.handleException(RaftClientRpcWithProxy.java:47)
	at org.apache.ratis.client.impl.RaftClientImpl.handleIOException(RaftClientImpl.java:372)
	at org.apache.ratis.client.impl.OrderedAsync.lambda$sendRequest$10(OrderedAsync.java:236)
	at java.util.concurrent.CompletableFuture.uniExceptionally(CompletableFuture.java:870)
	at java.util.concurrent.CompletableFuture$UniExceptionally.tryFire(CompletableFuture.java:852)
	at java.util.concurrent.CompletableFuture.postComplete(CompletableFuture.java:474)
	at java.util.concurrent.CompletableFuture.completeExceptionally(CompletableFuture.java:1977)
	at org.apache.ratis.grpc.client.GrpcClientProtocolClient$AsyncStreamObservers.lambda$timeoutCheck$3(GrpcClientProtocolClient.java:324)
	at java.util.Optional.ifPresent(Optional.java:159)
	at org.apache.ratis.grpc.client.GrpcClientProtocolClient$AsyncStreamObservers.handleReplyFuture(GrpcClientProtocolClient.java:329)
	at org.apache.ratis.grpc.client.GrpcClientProtocolClient$AsyncStreamObservers.timeoutCheck(GrpcClientProtocolClient.java:324)
	at org.apache.ratis.grpc.client.GrpcClientProtocolClient$AsyncStreamObservers.lambda$onNext$1(GrpcClientProtocolClient.java:318)
	at org.apache.ratis.util.TimeoutScheduler.lambda$onTimeout$0(TimeoutScheduler.java:113)
	at org.apache.ratis.util.TimeoutScheduler.lambda$onTimeout$1(TimeoutScheduler.java:133)
	at org.apache.ratis.util.LogUtils.runAndLog(LogUtils.java:50)
	at org.apache.ratis.util.LogUtils$1.run(LogUtils.java:91)
	at java.util.concurrent.Executors$RunnableAdapter.call(Executors.java:511)
	at java.util.concurrent.FutureTask.run(FutureTask.java:266)
	at java.util.concurrent.ScheduledThreadPoolExecutor$ScheduledFutureTask.access$201(ScheduledThreadPoolExecutor.java:180)
	at java.util.concurrent.ScheduledThreadPoolExecutor$ScheduledFutureTask.run(ScheduledThreadPoolExecutor.java:293)
	at java.util.concurrent.ThreadPoolExecutor.runWorker(ThreadPoolExecutor.java:1149)
	at java.util.concurrent.ThreadPoolExecutor$Worker.run(ThreadPoolExecutor.java:624)
	at java.lang.Thread.run(Thread.java:748)
2019-10-10 01:20:19,393 [java.util.concurrent.ThreadPoolExecutor$Worker@13f58f27[State = -1, empty queue]] WARN  util.TimeoutScheduler (LogUtils.java:runAndLog(55)) - Failed to task #0: java.lang.NullPointerException
 0.00% |█                                                                                                    |  0/1 Time: 0:04:25 0.00% |█                                                                                                    |  0/1 Time: 0:04:26 0.00% |█                                                                                                    |  0/1 Time: 0:04:27 0.00% |█                                                                                                    |  0/1 Time: 0:04:282019-10-10 01:20:23,426 [java.util.concurrent.ThreadPoolExecutor$Worker@6614f887[State = -1, empty queue]] ERROR client.GrpcClientProtocolClient (GrpcClientProtocolClient.java:close(148)) - Unexpected exception while waiting for channel termination
java.lang.InterruptedException
	at java.util.concurrent.locks.AbstractQueuedSynchronizer.tryAcquireSharedNanos(AbstractQueuedSynchronizer.java:1326)
	at java.util.concurrent.CountDownLatch.await(CountDownLatch.java:277)
	at org.apache.ratis.thirdparty.io.grpc.internal.ManagedChannelImpl.awaitTermination(ManagedChannelImpl.java:763)
	at org.apache.ratis.thirdparty.io.grpc.internal.ForwardingManagedChannel.awaitTermination(ForwardingManagedChannel.java:57)
	at org.apache.ratis.thirdparty.io.grpc.internal.ManagedChannelOrphanWrapper.awaitTermination(ManagedChannelOrphanWrapper.java:70)
	at org.apache.ratis.grpc.client.GrpcClientProtocolClient.close(GrpcClientProtocolClient.java:146)
	at org.apache.ratis.util.PeerProxyMap$PeerAndProxy.lambda$close$1(PeerProxyMap.java:74)
	at org.apache.ratis.util.LifeCycle.lambda$checkStateAndClose$2(LifeCycle.java:231)
	at org.apache.ratis.util.LifeCycle.checkStateAndClose(LifeCycle.java:251)
	at org.apache.ratis.util.LifeCycle.checkStateAndClose(LifeCycle.java:229)
	at org.apache.ratis.util.PeerProxyMap$PeerAndProxy.close(PeerProxyMap.java:70)
	at org.apache.ratis.util.PeerProxyMap.resetProxy(PeerProxyMap.java:127)
	at org.apache.ratis.util.PeerProxyMap.handleException(PeerProxyMap.java:136)
	at org.apache.ratis.client.impl.RaftClientRpcWithProxy.handleException(RaftClientRpcWithProxy.java:47)
	at org.apache.ratis.client.impl.RaftClientImpl.handleIOException(RaftClientImpl.java:372)
	at org.apache.ratis.client.impl.OrderedAsync.lambda$sendRequest$10(OrderedAsync.java:236)
	at java.util.concurrent.CompletableFuture.uniExceptionally(CompletableFuture.java:870)
	at java.util.concurrent.CompletableFuture$UniExceptionally.tryFire(CompletableFuture.java:852)
	at java.util.concurrent.CompletableFuture.postComplete(CompletableFuture.java:474)
	at java.util.concurrent.CompletableFuture.completeExceptionally(CompletableFuture.java:1977)
	at org.apache.ratis.grpc.client.GrpcClientProtocolClient$AsyncStreamObservers.lambda$timeoutCheck$3(GrpcClientProtocolClient.java:324)
	at java.util.Optional.ifPresent(Optional.java:159)
	at org.apache.ratis.grpc.client.GrpcClientProtocolClient$AsyncStreamObservers.handleReplyFuture(GrpcClientProtocolClient.java:329)
	at org.apache.ratis.grpc.client.GrpcClientProtocolClient$AsyncStreamObservers.timeoutCheck(GrpcClientProtocolClient.java:324)
	at org.apache.ratis.grpc.client.GrpcClientProtocolClient$AsyncStreamObservers.lambda$onNext$1(GrpcClientProtocolClient.java:318)
	at org.apache.ratis.util.TimeoutScheduler.lambda$onTimeout$0(TimeoutScheduler.java:113)
	at org.apache.ratis.util.TimeoutScheduler.lambda$onTimeout$1(TimeoutScheduler.java:133)
	at org.apache.ratis.util.LogUtils.runAndLog(LogUtils.java:50)
	at org.apache.ratis.util.LogUtils$1.run(LogUtils.java:91)
	at java.util.concurrent.Executors$RunnableAdapter.call(Executors.java:511)
	at java.util.concurrent.FutureTask.run(FutureTask.java:266)
	at java.util.concurrent.ScheduledThreadPoolExecutor$ScheduledFutureTask.access$201(ScheduledThreadPoolExecutor.java:180)
	at java.util.concurrent.ScheduledThreadPoolExecutor$ScheduledFutureTask.run(ScheduledThreadPoolExecutor.java:293)
	at java.util.concurrent.ThreadPoolExecutor.runWorker(ThreadPoolExecutor.java:1149)
	at java.util.concurrent.ThreadPoolExecutor$Worker.run(ThreadPoolExecutor.java:624)
	at java.lang.Thread.run(Thread.java:748)
2019-10-10 01:20:23,427 [java.util.concurrent.ThreadPoolExecutor$Worker@6614f887[State = -1, empty queue]] WARN  util.TimeoutScheduler (LogUtils.java:runAndLog(55)) - Failed to task #0: java.lang.NullPointerException
 0.00% |█                                                                                                    |  0/1 Time: 0:04:29 0.00% |█                                                                                                    |  0/1 Time: 0:04:30 0.00% |█                                                                                                    |  0/1 Time: 0:04:31 0.00% |█                                                                                                    |  0/1 Time: 0:04:322019-10-10 01:20:27,459 [java.util.concurrent.ThreadPoolExecutor$Worker@5b8c2931[State = -1, empty queue]] ERROR client.GrpcClientProtocolClient (GrpcClientProtocolClient.java:close(148)) - Unexpected exception while waiting for channel termination
java.lang.InterruptedException
	at java.util.concurrent.locks.AbstractQueuedSynchronizer.tryAcquireSharedNanos(AbstractQueuedSynchronizer.java:1326)
	at java.util.concurrent.CountDownLatch.await(CountDownLatch.java:277)
	at org.apache.ratis.thirdparty.io.grpc.internal.ManagedChannelImpl.awaitTermination(ManagedChannelImpl.java:763)
	at org.apache.ratis.thirdparty.io.grpc.internal.ForwardingManagedChannel.awaitTermination(ForwardingManagedChannel.java:57)
	at org.apache.ratis.thirdparty.io.grpc.internal.ManagedChannelOrphanWrapper.awaitTermination(ManagedChannelOrphanWrapper.java:70)
	at org.apache.ratis.grpc.client.GrpcClientProtocolClient.close(GrpcClientProtocolClient.java:146)
	at org.apache.ratis.util.PeerProxyMap$PeerAndProxy.lambda$close$1(PeerProxyMap.java:74)
	at org.apache.ratis.util.LifeCycle.lambda$checkStateAndClose$2(LifeCycle.java:231)
	at org.apache.ratis.util.LifeCycle.checkStateAndClose(LifeCycle.java:251)
	at org.apache.ratis.util.LifeCycle.checkStateAndClose(LifeCycle.java:229)
	at org.apache.ratis.util.PeerProxyMap$PeerAndProxy.close(PeerProxyMap.java:70)
	at org.apache.ratis.util.PeerProxyMap.resetProxy(PeerProxyMap.java:127)
	at org.apache.ratis.util.PeerProxyMap.handleException(PeerProxyMap.java:136)
	at org.apache.ratis.client.impl.RaftClientRpcWithProxy.handleException(RaftClientRpcWithProxy.java:47)
	at org.apache.ratis.client.impl.RaftClientImpl.handleIOException(RaftClientImpl.java:372)
	at org.apache.ratis.client.impl.OrderedAsync.lambda$sendRequest$10(OrderedAsync.java:236)
	at java.util.concurrent.CompletableFuture.uniExceptionally(CompletableFuture.java:870)
	at java.util.concurrent.CompletableFuture$UniExceptionally.tryFire(CompletableFuture.java:852)
	at java.util.concurrent.CompletableFuture.postComplete(CompletableFuture.java:474)
	at java.util.concurrent.CompletableFuture.completeExceptionally(CompletableFuture.java:1977)
	at org.apache.ratis.grpc.client.GrpcClientProtocolClient$AsyncStreamObservers.lambda$timeoutCheck$3(GrpcClientProtocolClient.java:324)
	at java.util.Optional.ifPresent(Optional.java:159)
	at org.apache.ratis.grpc.client.GrpcClientProtocolClient$AsyncStreamObservers.handleReplyFuture(GrpcClientProtocolClient.java:329)
	at org.apache.ratis.grpc.client.GrpcClientProtocolClient$AsyncStreamObservers.timeoutCheck(GrpcClientProtocolClient.java:324)
	at org.apache.ratis.grpc.client.GrpcClientProtocolClient$AsyncStreamObservers.lambda$onNext$1(GrpcClientProtocolClient.java:318)
	at org.apache.ratis.util.TimeoutScheduler.lambda$onTimeout$0(TimeoutScheduler.java:113)
	at org.apache.ratis.util.TimeoutScheduler.lambda$onTimeout$1(TimeoutScheduler.java:133)
	at org.apache.ratis.util.LogUtils.runAndLog(LogUtils.java:50)
	at org.apache.ratis.util.LogUtils$1.run(LogUtils.java:91)
	at java.util.concurrent.Executors$RunnableAdapter.call(Executors.java:511)
	at java.util.concurrent.FutureTask.run(FutureTask.java:266)
	at java.util.concurrent.ScheduledThreadPoolExecutor$ScheduledFutureTask.access$201(ScheduledThreadPoolExecutor.java:180)
	at java.util.concurrent.ScheduledThreadPoolExecutor$ScheduledFutureTask.run(ScheduledThreadPoolExecutor.java:293)
	at java.util.concurrent.ThreadPoolExecutor.runWorker(ThreadPoolExecutor.java:1149)
	at java.util.concurrent.ThreadPoolExecutor$Worker.run(ThreadPoolExecutor.java:624)
	at java.lang.Thread.run(Thread.java:748)
2019-10-10 01:20:27,461 [java.util.concurrent.ThreadPoolExecutor$Worker@5b8c2931[State = -1, empty queue]] WARN  util.TimeoutScheduler (LogUtils.java:runAndLog(55)) - Failed to task #0: java.lang.NullPointerException
 0.00% |█                                                                                                    |  0/1 Time: 0:04:33 0.00% |█                                                                                                    |  0/1 Time: 0:04:34 0.00% |█                                                                                                    |  0/1 Time: 0:04:35 0.00% |█                                                                                                    |  0/1 Time: 0:04:362019-10-10 01:20:31,506 [java.util.concurrent.ThreadPoolExecutor$Worker@27880f04[State = -1, empty queue]] ERROR client.GrpcClientProtocolClient (GrpcClientProtocolClient.java:close(148)) - Unexpected exception while waiting for channel termination
java.lang.InterruptedException
	at java.util.concurrent.locks.AbstractQueuedSynchronizer.tryAcquireSharedNanos(AbstractQueuedSynchronizer.java:1326)
	at java.util.concurrent.CountDownLatch.await(CountDownLatch.java:277)
	at org.apache.ratis.thirdparty.io.grpc.internal.ManagedChannelImpl.awaitTermination(ManagedChannelImpl.java:763)
	at org.apache.ratis.thirdparty.io.grpc.internal.ForwardingManagedChannel.awaitTermination(ForwardingManagedChannel.java:57)
	at org.apache.ratis.thirdparty.io.grpc.internal.ManagedChannelOrphanWrapper.awaitTermination(ManagedChannelOrphanWrapper.java:70)
	at org.apache.ratis.grpc.client.GrpcClientProtocolClient.close(GrpcClientProtocolClient.java:146)
	at org.apache.ratis.util.PeerProxyMap$PeerAndProxy.lambda$close$1(PeerProxyMap.java:74)
	at org.apache.ratis.util.LifeCycle.lambda$checkStateAndClose$2(LifeCycle.java:231)
	at org.apache.ratis.util.LifeCycle.checkStateAndClose(LifeCycle.java:251)
	at org.apache.ratis.util.LifeCycle.checkStateAndClose(LifeCycle.java:229)
	at org.apache.ratis.util.PeerProxyMap$PeerAndProxy.close(PeerProxyMap.java:70)
	at org.apache.ratis.util.PeerProxyMap.resetProxy(PeerProxyMap.java:127)
	at org.apache.ratis.util.PeerProxyMap.handleException(PeerProxyMap.java:136)
	at org.apache.ratis.client.impl.RaftClientRpcWithProxy.handleException(RaftClientRpcWithProxy.java:47)
	at org.apache.ratis.client.impl.RaftClientImpl.handleIOException(RaftClientImpl.java:372)
	at org.apache.ratis.client.impl.OrderedAsync.lambda$sendRequest$10(OrderedAsync.java:236)
	at java.util.concurrent.CompletableFuture.uniExceptionally(CompletableFuture.java:870)
	at java.util.concurrent.CompletableFuture$UniExceptionally.tryFire(CompletableFuture.java:852)
	at java.util.concurrent.CompletableFuture.postComplete(CompletableFuture.java:474)
	at java.util.concurrent.CompletableFuture.completeExceptionally(CompletableFuture.java:1977)
	at org.apache.ratis.grpc.client.GrpcClientProtocolClient$AsyncStreamObservers.lambda$timeoutCheck$3(GrpcClientProtocolClient.java:324)
	at java.util.Optional.ifPresent(Optional.java:159)
	at org.apache.ratis.grpc.client.GrpcClientProtocolClient$AsyncStreamObservers.handleReplyFuture(GrpcClientProtocolClient.java:329)
	at org.apache.ratis.grpc.client.GrpcClientProtocolClient$AsyncStreamObservers.timeoutCheck(GrpcClientProtocolClient.java:324)
	at org.apache.ratis.grpc.client.GrpcClientProtocolClient$AsyncStreamObservers.lambda$onNext$1(GrpcClientProtocolClient.java:318)
	at org.apache.ratis.util.TimeoutScheduler.lambda$onTimeout$0(TimeoutScheduler.java:113)
	at org.apache.ratis.util.TimeoutScheduler.lambda$onTimeout$1(TimeoutScheduler.java:133)
	at org.apache.ratis.util.LogUtils.runAndLog(LogUtils.java:50)
	at org.apache.ratis.util.LogUtils$1.run(LogUtils.java:91)
	at java.util.concurrent.Executors$RunnableAdapter.call(Executors.java:511)
	at java.util.concurrent.FutureTask.run(FutureTask.java:266)
	at java.util.concurrent.ScheduledThreadPoolExecutor$ScheduledFutureTask.access$201(ScheduledThreadPoolExecutor.java:180)
	at java.util.concurrent.ScheduledThreadPoolExecutor$ScheduledFutureTask.run(ScheduledThreadPoolExecutor.java:293)
	at java.util.concurrent.ThreadPoolExecutor.runWorker(ThreadPoolExecutor.java:1149)
	at java.util.concurrent.ThreadPoolExecutor$Worker.run(ThreadPoolExecutor.java:624)
	at java.lang.Thread.run(Thread.java:748)
2019-10-10 01:20:31,510 [java.util.concurrent.ThreadPoolExecutor$Worker@27880f04[State = -1, empty queue]] WARN  util.TimeoutScheduler (LogUtils.java:runAndLog(55)) - Failed to task #0: java.lang.NullPointerException
 0.00% |█                                                                                                    |  0/1 Time: 0:04:37 0.00% |█                                                                                                    |  0/1 Time: 0:04:38 0.00% |█                                                                                                    |  0/1 Time: 0:04:39 0.00% |█                                                                                                    |  0/1 Time: 0:04:402019-10-10 01:20:35,557 [java.util.concurrent.ThreadPoolExecutor$Worker@5a11077[State = -1, empty queue]] ERROR client.GrpcClientProtocolClient (GrpcClientProtocolClient.java:close(148)) - Unexpected exception while waiting for channel termination
java.lang.InterruptedException
	at java.util.concurrent.locks.AbstractQueuedSynchronizer.tryAcquireSharedNanos(AbstractQueuedSynchronizer.java:1326)
	at java.util.concurrent.CountDownLatch.await(CountDownLatch.java:277)
	at org.apache.ratis.thirdparty.io.grpc.internal.ManagedChannelImpl.awaitTermination(ManagedChannelImpl.java:763)
	at org.apache.ratis.thirdparty.io.grpc.internal.ForwardingManagedChannel.awaitTermination(ForwardingManagedChannel.java:57)
	at org.apache.ratis.thirdparty.io.grpc.internal.ManagedChannelOrphanWrapper.awaitTermination(ManagedChannelOrphanWrapper.java:70)
	at org.apache.ratis.grpc.client.GrpcClientProtocolClient.close(GrpcClientProtocolClient.java:146)
	at org.apache.ratis.util.PeerProxyMap$PeerAndProxy.lambda$close$1(PeerProxyMap.java:74)
	at org.apache.ratis.util.LifeCycle.lambda$checkStateAndClose$2(LifeCycle.java:231)
	at org.apache.ratis.util.LifeCycle.checkStateAndClose(LifeCycle.java:251)
	at org.apache.ratis.util.LifeCycle.checkStateAndClose(LifeCycle.java:229)
	at org.apache.ratis.util.PeerProxyMap$PeerAndProxy.close(PeerProxyMap.java:70)
	at org.apache.ratis.util.PeerProxyMap.resetProxy(PeerProxyMap.java:127)
	at org.apache.ratis.util.PeerProxyMap.handleException(PeerProxyMap.java:136)
	at org.apache.ratis.client.impl.RaftClientRpcWithProxy.handleException(RaftClientRpcWithProxy.java:47)
	at org.apache.ratis.client.impl.RaftClientImpl.handleIOException(RaftClientImpl.java:372)
	at org.apache.ratis.client.impl.OrderedAsync.lambda$sendRequest$10(OrderedAsync.java:236)
	at java.util.concurrent.CompletableFuture.uniExceptionally(CompletableFuture.java:870)
	at java.util.concurrent.CompletableFuture$UniExceptionally.tryFire(CompletableFuture.java:852)
	at java.util.concurrent.CompletableFuture.postComplete(CompletableFuture.java:474)
	at java.util.concurrent.CompletableFuture.completeExceptionally(CompletableFuture.java:1977)
	at org.apache.ratis.grpc.client.GrpcClientProtocolClient$AsyncStreamObservers.lambda$timeoutCheck$3(GrpcClientProtocolClient.java:324)
	at java.util.Optional.ifPresent(Optional.java:159)
	at org.apache.ratis.grpc.client.GrpcClientProtocolClient$AsyncStreamObservers.handleReplyFuture(GrpcClientProtocolClient.java:329)
	at org.apache.ratis.grpc.client.GrpcClientProtocolClient$AsyncStreamObservers.timeoutCheck(GrpcClientProtocolClient.java:324)
	at org.apache.ratis.grpc.client.GrpcClientProtocolClient$AsyncStreamObservers.lambda$onNext$1(GrpcClientProtocolClient.java:318)
	at org.apache.ratis.util.TimeoutScheduler.lambda$onTimeout$0(TimeoutScheduler.java:113)
	at org.apache.ratis.util.TimeoutScheduler.lambda$onTimeout$1(TimeoutScheduler.java:133)
	at org.apache.ratis.util.LogUtils.runAndLog(LogUtils.java:50)
	at org.apache.ratis.util.LogUtils$1.run(LogUtils.java:91)
	at java.util.concurrent.Executors$RunnableAdapter.call(Executors.java:511)
	at java.util.concurrent.FutureTask.run(FutureTask.java:266)
	at java.util.concurrent.ScheduledThreadPoolExecutor$ScheduledFutureTask.access$201(ScheduledThreadPoolExecutor.java:180)
	at java.util.concurrent.ScheduledThreadPoolExecutor$ScheduledFutureTask.run(ScheduledThreadPoolExecutor.java:293)
	at java.util.concurrent.ThreadPoolExecutor.runWorker(ThreadPoolExecutor.java:1149)
	at java.util.concurrent.ThreadPoolExecutor$Worker.run(ThreadPoolExecutor.java:624)
	at java.lang.Thread.run(Thread.java:748)
2019-10-10 01:20:35,560 [java.util.concurrent.ThreadPoolExecutor$Worker@5a11077[State = -1, empty queue]] WARN  util.TimeoutScheduler (LogUtils.java:runAndLog(55)) - Failed to task #0: java.lang.NullPointerException
 0.00% |█                                                                                                    |  0/1 Time: 0:04:41 0.00% |█                                                                                                    |  0/1 Time: 0:04:42 0.00% |█                                                                                                    |  0/1 Time: 0:04:432019-10-10 01:20:38,173 [grpc-default-executor-10] INFO  impl.RaftServerProxy (RaftServerProxy.java:remove(95)) - 4b92f2f8-e489-47a4-a90a-1d3fa2a9a07f: remove    LEADER 4b92f2f8-e489-47a4-a90a-1d3fa2a9a07f@group-9107F3CEDF56:t1, leader=4b92f2f8-e489-47a4-a90a-1d3fa2a9a07f, voted=4b92f2f8-e489-47a4-a90a-1d3fa2a9a07f, raftlog=4b92f2f8-e489-47a4-a90a-1d3fa2a9a07f@group-9107F3CEDF56-SegmentedRaftLog:OPENED:c0,f0,i2, conf=0: [4b92f2f8-e489-47a4-a90a-1d3fa2a9a07f:192.168.151.118:35849, 993817e1-c77a-472e-865f-a6e34ffe7967:192.168.151.118:41261, fe8e0d95-22db-4b8a-875e-83bee4d716fb:192.168.151.118:34352], old=null RUNNING
2019-10-10 01:20:38,173 [grpc-default-executor-10] INFO  impl.RaftServerImpl (RaftServerImpl.java:lambda$shutdown$3(247)) - 4b92f2f8-e489-47a4-a90a-1d3fa2a9a07f@group-9107F3CEDF56: shutdown
2019-10-10 01:20:38,174 [grpc-default-executor-10] INFO  util.JmxRegister (JmxRegister.java:unregister(73)) - Successfully un-registered JMX Bean with object name Ratis:service=RaftServer,group=group-9107F3CEDF56,id=4b92f2f8-e489-47a4-a90a-1d3fa2a9a07f
2019-10-10 01:20:38,174 [grpc-default-executor-10] INFO  impl.RoleInfo (RoleInfo.java:shutdownLeaderState(104)) - 4b92f2f8-e489-47a4-a90a-1d3fa2a9a07f: shutdown LeaderState
2019-10-10 01:20:38,178 [org.apache.ratis.server.impl.LogAppender$AppenderDaemon$$Lambda$531/757553893@68e6299f] WARN  server.GrpcLogAppender (GrpcLogAppender.java:mayWait(143)) - 4b92f2f8-e489-47a4-a90a-1d3fa2a9a07f@group-9107F3CEDF56->993817e1-c77a-472e-865f-a6e34ffe7967-GrpcLogAppender: Wait interrupted by java.lang.InterruptedException
2019-10-10 01:20:38,178 [grpc-default-executor-10] INFO  impl.PendingRequests (PendingRequests.java:sendNotLeaderResponses(202)) - 4b92f2f8-e489-47a4-a90a-1d3fa2a9a07f@group-9107F3CEDF56-PendingRequests: sendNotLeaderResponses
2019-10-10 01:20:38,178 [org.apache.ratis.server.impl.LogAppender$AppenderDaemon$$Lambda$531/757553893@29f200c5] WARN  server.GrpcLogAppender (GrpcLogAppender.java:mayWait(143)) - 4b92f2f8-e489-47a4-a90a-1d3fa2a9a07f@group-9107F3CEDF56->fe8e0d95-22db-4b8a-875e-83bee4d716fb-GrpcLogAppender: Wait interrupted by java.lang.InterruptedException
2019-10-10 01:20:38,181 [grpc-default-executor-2] INFO  server.GrpcServerProtocolService (GrpcServerProtocolService.java:onCompleted(113)) - 993817e1-c77a-472e-865f-a6e34ffe7967: Completed APPEND_ENTRIES, lastRequest: 4b92f2f8-e489-47a4-a90a-1d3fa2a9a07f->993817e1-c77a-472e-865f-a6e34ffe7967#29-t1, previous=(t:1, i:2), leaderCommit=0, initializing? false, entries: <empty>
2019-10-10 01:20:38,181 [grpc-default-executor-9] INFO  server.GrpcServerProtocolService (GrpcServerProtocolService.java:onCompleted(113)) - fe8e0d95-22db-4b8a-875e-83bee4d716fb: Completed APPEND_ENTRIES, lastRequest: 4b92f2f8-e489-47a4-a90a-1d3fa2a9a07f->fe8e0d95-22db-4b8a-875e-83bee4d716fb#29-t1, previous=(t:1, i:2), leaderCommit=0, initializing? false, entries: <empty>
2019-10-10 01:20:38,201 [grpc-default-executor-11] INFO  server.GrpcLogAppender (GrpcLogAppender.java:onCompleted(293)) - 4b92f2f8-e489-47a4-a90a-1d3fa2a9a07f@group-9107F3CEDF56->993817e1-c77a-472e-865f-a6e34ffe7967-AppendLogResponseHandler: follower responses appendEntries COMPLETED
2019-10-10 01:20:38,202 [grpc-default-executor-10] INFO  impl.StateMachineUpdater (StateMachineUpdater.java:stopAndJoin(136)) - 4b92f2f8-e489-47a4-a90a-1d3fa2a9a07f@group-9107F3CEDF56-StateMachineUpdater: set stopIndex = 0
2019-10-10 01:20:38,202 [grpc-default-executor-11] INFO  impl.FollowerInfo (FollowerInfo.java:lambda$new$0(51)) - 4b92f2f8-e489-47a4-a90a-1d3fa2a9a07f@group-9107F3CEDF56->993817e1-c77a-472e-865f-a6e34ffe7967: nextIndex: updateUnconditionally 3 -> 2
2019-10-10 01:20:38,203 [grpc-default-executor-12] INFO  server.GrpcLogAppender (GrpcLogAppender.java:onCompleted(293)) - 4b92f2f8-e489-47a4-a90a-1d3fa2a9a07f@group-9107F3CEDF56->fe8e0d95-22db-4b8a-875e-83bee4d716fb-AppendLogResponseHandler: follower responses appendEntries COMPLETED
2019-10-10 01:20:38,203 [grpc-default-executor-10] INFO  impl.RaftServerImpl (ServerState.java:close(387)) - 4b92f2f8-e489-47a4-a90a-1d3fa2a9a07f@group-9107F3CEDF56: closes. applyIndex: 0
2019-10-10 01:20:38,207 [4b92f2f8-e489-47a4-a90a-1d3fa2a9a07f@group-9107F3CEDF56-SegmentedRaftLogWorker] INFO  segmented.SegmentedRaftLogWorker (SegmentedRaftLogWorker.java:run(316)) - 4b92f2f8-e489-47a4-a90a-1d3fa2a9a07f@group-9107F3CEDF56-SegmentedRaftLogWorker was interrupted, exiting. There are 0 tasks remaining in the queue.
2019-10-10 01:20:38,212 [grpc-default-executor-10] INFO  segmented.SegmentedRaftLogWorker (SegmentedRaftLogWorker.java:close(224)) - 4b92f2f8-e489-47a4-a90a-1d3fa2a9a07f@group-9107F3CEDF56-SegmentedRaftLogWorker close()
2019-10-10 01:20:38,212 [grpc-default-executor-12] INFO  impl.FollowerInfo (FollowerInfo.java:lambda$new$0(51)) - 4b92f2f8-e489-47a4-a90a-1d3fa2a9a07f@group-9107F3CEDF56->fe8e0d95-22db-4b8a-875e-83bee4d716fb: nextIndex: updateUnconditionally 3 -> 2
2019-10-10 01:20:38,225 [grpc-default-executor-10] INFO  impl.RaftServerProxy (RaftServerProxy.java:remove(95)) - fe8e0d95-22db-4b8a-875e-83bee4d716fb: remove  FOLLOWER fe8e0d95-22db-4b8a-875e-83bee4d716fb@group-9107F3CEDF56:t1, leader=4b92f2f8-e489-47a4-a90a-1d3fa2a9a07f, voted=4b92f2f8-e489-47a4-a90a-1d3fa2a9a07f, raftlog=fe8e0d95-22db-4b8a-875e-83bee4d716fb@group-9107F3CEDF56-SegmentedRaftLog:OPENED:c0,f2,i2, conf=0: [4b92f2f8-e489-47a4-a90a-1d3fa2a9a07f:192.168.151.118:35849, 993817e1-c77a-472e-865f-a6e34ffe7967:192.168.151.118:41261, fe8e0d95-22db-4b8a-875e-83bee4d716fb:192.168.151.118:34352], old=null RUNNING
2019-10-10 01:20:38,226 [grpc-default-executor-10] INFO  impl.RaftServerImpl (RaftServerImpl.java:lambda$shutdown$3(247)) - fe8e0d95-22db-4b8a-875e-83bee4d716fb@group-9107F3CEDF56: shutdown
2019-10-10 01:20:38,226 [grpc-default-executor-10] INFO  util.JmxRegister (JmxRegister.java:unregister(73)) - Successfully un-registered JMX Bean with object name Ratis:service=RaftServer,group=group-9107F3CEDF56,id=fe8e0d95-22db-4b8a-875e-83bee4d716fb
2019-10-10 01:20:38,226 [grpc-default-executor-10] INFO  impl.RoleInfo (RoleInfo.java:shutdownFollowerState(121)) - fe8e0d95-22db-4b8a-875e-83bee4d716fb: shutdown FollowerState
2019-10-10 01:20:38,226 [grpc-default-executor-10] INFO  impl.StateMachineUpdater (StateMachineUpdater.java:stopAndJoin(136)) - fe8e0d95-22db-4b8a-875e-83bee4d716fb@group-9107F3CEDF56-StateMachineUpdater: set stopIndex = 0
2019-10-10 01:20:38,226 [Thread-752] INFO  impl.FollowerState (FollowerState.java:run(117)) - fe8e0d95-22db-4b8a-875e-83bee4d716fb@group-9107F3CEDF56-FollowerState was interrupted: java.lang.InterruptedException: sleep interrupted
2019-10-10 01:20:38,226 [grpc-default-executor-10] INFO  impl.RaftServerImpl (ServerState.java:close(387)) - fe8e0d95-22db-4b8a-875e-83bee4d716fb@group-9107F3CEDF56: closes. applyIndex: 0
2019-10-10 01:20:38,230 [fe8e0d95-22db-4b8a-875e-83bee4d716fb@group-9107F3CEDF56-SegmentedRaftLogWorker] INFO  segmented.SegmentedRaftLogWorker (SegmentedRaftLogWorker.java:run(316)) - fe8e0d95-22db-4b8a-875e-83bee4d716fb@group-9107F3CEDF56-SegmentedRaftLogWorker was interrupted, exiting. There are 0 tasks remaining in the queue.
2019-10-10 01:20:38,230 [grpc-default-executor-10] INFO  segmented.SegmentedRaftLogWorker (SegmentedRaftLogWorker.java:close(224)) - fe8e0d95-22db-4b8a-875e-83bee4d716fb@group-9107F3CEDF56-SegmentedRaftLogWorker close()
2019-10-10 01:20:38,310 [grpc-default-executor-10] INFO  interfaces.Container (KeyValueContainer.java:flushAndSyncDB(386)) - Container 6 is synced with bcsId 0.
2019-10-10 01:20:38,310 [grpc-default-executor-10] INFO  interfaces.Container (KeyValueContainer.java:flushAndSyncDB(386)) - Container 6 is synced with bcsId 0.
2019-10-10 01:20:38,326 [EventQueue-IncrementalContainerReportForIncrementalContainerReportHandler] INFO  container.IncrementalContainerReportHandler (AbstractContainerReportHandler.java:updateContainerState(171)) - Moving container #6 to QUASI_CLOSED state, datanode fe8e0d95-22db-4b8a-875e-83bee4d716fb{ip: 192.168.151.118, host: pr-hdds-2194-jqrdw-3579824535, networkLocation: /default-rack, certSerialId: null} reported QUASI_CLOSED replica.
2019-10-10 01:20:38,333 [grpc-default-executor-10] INFO  impl.RaftServerProxy (RaftServerProxy.java:remove(95)) - 993817e1-c77a-472e-865f-a6e34ffe7967: remove  FOLLOWER 993817e1-c77a-472e-865f-a6e34ffe7967@group-9107F3CEDF56:t1, leader=4b92f2f8-e489-47a4-a90a-1d3fa2a9a07f, voted=4b92f2f8-e489-47a4-a90a-1d3fa2a9a07f, raftlog=993817e1-c77a-472e-865f-a6e34ffe7967@group-9107F3CEDF56-SegmentedRaftLog:OPENED:c0,f2,i2, conf=0: [4b92f2f8-e489-47a4-a90a-1d3fa2a9a07f:192.168.151.118:35849, 993817e1-c77a-472e-865f-a6e34ffe7967:192.168.151.118:41261, fe8e0d95-22db-4b8a-875e-83bee4d716fb:192.168.151.118:34352], old=null RUNNING
2019-10-10 01:20:38,333 [grpc-default-executor-10] INFO  impl.RaftServerImpl (RaftServerImpl.java:lambda$shutdown$3(247)) - 993817e1-c77a-472e-865f-a6e34ffe7967@group-9107F3CEDF56: shutdown
2019-10-10 01:20:38,333 [grpc-default-executor-10] INFO  util.JmxRegister (JmxRegister.java:unregister(73)) - Successfully un-registered JMX Bean with object name Ratis:service=RaftServer,group=group-9107F3CEDF56,id=993817e1-c77a-472e-865f-a6e34ffe7967
2019-10-10 01:20:38,333 [grpc-default-executor-10] INFO  impl.RoleInfo (RoleInfo.java:shutdownFollowerState(121)) - 993817e1-c77a-472e-865f-a6e34ffe7967: shutdown FollowerState
2019-10-10 01:20:38,334 [grpc-default-executor-10] INFO  impl.StateMachineUpdater (StateMachineUpdater.java:stopAndJoin(136)) - 993817e1-c77a-472e-865f-a6e34ffe7967@group-9107F3CEDF56-StateMachineUpdater: set stopIndex = 0
2019-10-10 01:20:38,334 [Thread-751] INFO  impl.FollowerState (FollowerState.java:run(117)) - 993817e1-c77a-472e-865f-a6e34ffe7967@group-9107F3CEDF56-FollowerState was interrupted: java.lang.InterruptedException: sleep interrupted
2019-10-10 01:20:38,338 [grpc-default-executor-10] INFO  impl.RaftServerImpl (ServerState.java:close(387)) - 993817e1-c77a-472e-865f-a6e34ffe7967@group-9107F3CEDF56: closes. applyIndex: 0
2019-10-10 01:20:38,338 [993817e1-c77a-472e-865f-a6e34ffe7967@group-9107F3CEDF56-SegmentedRaftLogWorker] INFO  segmented.SegmentedRaftLogWorker (SegmentedRaftLogWorker.java:run(316)) - 993817e1-c77a-472e-865f-a6e34ffe7967@group-9107F3CEDF56-SegmentedRaftLogWorker was interrupted, exiting. There are 0 tasks remaining in the queue.
2019-10-10 01:20:38,338 [grpc-default-executor-10] INFO  segmented.SegmentedRaftLogWorker (SegmentedRaftLogWorker.java:close(224)) - 993817e1-c77a-472e-865f-a6e34ffe7967@group-9107F3CEDF56-SegmentedRaftLogWorker close()
2019-10-10 01:20:38,423 [grpc-default-executor-10] INFO  interfaces.Container (KeyValueContainer.java:flushAndSyncDB(386)) - Container 6 is synced with bcsId 0.
2019-10-10 01:20:38,423 [grpc-default-executor-10] INFO  interfaces.Container (KeyValueContainer.java:flushAndSyncDB(386)) - Container 6 is synced with bcsId 0.
2019-10-10 01:20:38,430 [RatisPipelineUtilsThread] INFO  pipeline.PipelineStateManager (PipelineStateManager.java:removePipeline(108)) - Pipeline Pipeline[ Id: 122529d1-cc28-4426-9f9b-9107f3cedf56, Nodes: 4b92f2f8-e489-47a4-a90a-1d3fa2a9a07f{ip: 192.168.151.118, host: pr-hdds-2194-jqrdw-3579824535, networkLocation: /default-rack, certSerialId: null}fe8e0d95-22db-4b8a-875e-83bee4d716fb{ip: 192.168.151.118, host: pr-hdds-2194-jqrdw-3579824535, networkLocation: /default-rack, certSerialId: null}993817e1-c77a-472e-865f-a6e34ffe7967{ip: 192.168.151.118, host: pr-hdds-2194-jqrdw-3579824535, networkLocation: /default-rack, certSerialId: null}, Type:RATIS, Factor:THREE, State:CLOSED] removed from db
2019-10-10 01:20:38,436 [grpc-default-executor-10] INFO  impl.RaftServerProxy (RaftServerProxy.java:remove(95)) - 4b92f2f8-e489-47a4-a90a-1d3fa2a9a07f: remove group-9107F3CEDF56:null
2019-10-10 01:20:38,443 [RatisPipelineUtilsThread] WARN  pipeline.RatisPipelineUtils (RatisPipelineUtils.java:destroyPipeline(69)) - Pipeline destroy failed for pipeline=PipelineID=122529d1-cc28-4426-9f9b-9107f3cedf56 dn=4b92f2f8-e489-47a4-a90a-1d3fa2a9a07f{ip: 192.168.151.118, host: pr-hdds-2194-jqrdw-3579824535, networkLocation: /default-rack, certSerialId: null}
2019-10-10 01:20:38,449 [grpc-default-executor-10] INFO  impl.RaftServerProxy (RaftServerProxy.java:remove(95)) - fe8e0d95-22db-4b8a-875e-83bee4d716fb: remove group-9107F3CEDF56:null
2019-10-10 01:20:38,454 [RatisPipelineUtilsThread] WARN  pipeline.RatisPipelineUtils (RatisPipelineUtils.java:destroyPipeline(69)) - Pipeline destroy failed for pipeline=PipelineID=122529d1-cc28-4426-9f9b-9107f3cedf56 dn=fe8e0d95-22db-4b8a-875e-83bee4d716fb{ip: 192.168.151.118, host: pr-hdds-2194-jqrdw-3579824535, networkLocation: /default-rack, certSerialId: null}
2019-10-10 01:20:38,458 [grpc-default-executor-10] INFO  impl.RaftServerProxy (RaftServerProxy.java:remove(95)) - 993817e1-c77a-472e-865f-a6e34ffe7967: remove group-9107F3CEDF56:null
2019-10-10 01:20:38,464 [RatisPipelineUtilsThread] WARN  pipeline.RatisPipelineUtils (RatisPipelineUtils.java:destroyPipeline(69)) - Pipeline destroy failed for pipeline=PipelineID=122529d1-cc28-4426-9f9b-9107f3cedf56 dn=993817e1-c77a-472e-865f-a6e34ffe7967{ip: 192.168.151.118, host: pr-hdds-2194-jqrdw-3579824535, networkLocation: /default-rack, certSerialId: null}
2019-10-10 01:20:38,465 [RatisPipelineUtilsThread] ERROR pipeline.SCMPipelineManager (Scheduler.java:lambda$schedule$1(70)) - Destroy pipeline failed for pipeline:Pipeline[ Id: 122529d1-cc28-4426-9f9b-9107f3cedf56, Nodes: 4b92f2f8-e489-47a4-a90a-1d3fa2a9a07f{ip: 192.168.151.118, host: pr-hdds-2194-jqrdw-3579824535, networkLocation: /default-rack, certSerialId: null}fe8e0d95-22db-4b8a-875e-83bee4d716fb{ip: 192.168.151.118, host: pr-hdds-2194-jqrdw-3579824535, networkLocation: /default-rack, certSerialId: null}993817e1-c77a-472e-865f-a6e34ffe7967{ip: 192.168.151.118, host: pr-hdds-2194-jqrdw-3579824535, networkLocation: /default-rack, certSerialId: null}, Type:RATIS, Factor:THREE, State:CLOSED]
org.apache.hadoop.hdds.scm.pipeline.PipelineNotFoundException: PipelineID=122529d1-cc28-4426-9f9b-9107f3cedf56 not found
	at org.apache.hadoop.hdds.scm.pipeline.PipelineStateMap.getPipeline(PipelineStateMap.java:132)
	at org.apache.hadoop.hdds.scm.pipeline.PipelineStateMap.removePipeline(PipelineStateMap.java:322)
	at org.apache.hadoop.hdds.scm.pipeline.PipelineStateManager.removePipeline(PipelineStateManager.java:107)
	at org.apache.hadoop.hdds.scm.pipeline.SCMPipelineManager.removePipeline(SCMPipelineManager.java:427)
	at org.apache.hadoop.hdds.scm.pipeline.SCMPipelineManager.destroyPipeline(SCMPipelineManager.java:413)
	at org.apache.hadoop.hdds.scm.pipeline.SCMPipelineManager.lambda$finalizeAndDestroyPipeline$0(SCMPipelineManager.java:322)
	at org.apache.hadoop.hdds.utils.Scheduler.lambda$schedule$1(Scheduler.java:68)
	at java.util.concurrent.Executors$RunnableAdapter.call(Executors.java:511)
	at java.util.concurrent.FutureTask.run(FutureTask.java:266)
	at java.util.concurrent.ScheduledThreadPoolExecutor$ScheduledFutureTask.access$201(ScheduledThreadPoolExecutor.java:180)
	at java.util.concurrent.ScheduledThreadPoolExecutor$ScheduledFutureTask.run(ScheduledThreadPoolExecutor.java:293)
	at java.util.concurrent.ThreadPoolExecutor.runWorker(ThreadPoolExecutor.java:1149)
	at java.util.concurrent.ThreadPoolExecutor$Worker.run(ThreadPoolExecutor.java:624)
	at java.lang.Thread.run(Thread.java:748)
 0.00% |█                                                                                                    |  0/1 Time: 0:04:442019-10-10 01:20:39,232 [pool-73-thread-3] WARN  io.KeyOutputStream (KeyOutputStream.java:handleException(274)) - Encountered exception java.io.IOException: Unexpected Storage Container Exception: java.util.concurrent.CompletionException: java.util.concurrent.CompletionException: org.apache.ratis.protocol.GroupMismatchException: fe8e0d95-22db-4b8a-875e-83bee4d716fb: group-9107F3CEDF56 not found. on the pipeline Pipeline[ Id: 122529d1-cc28-4426-9f9b-9107f3cedf56, Nodes: 4b92f2f8-e489-47a4-a90a-1d3fa2a9a07f{ip: 192.168.151.118, host: pr-hdds-2194-jqrdw-3579824535, networkLocation: /default-rack, certSerialId: null}fe8e0d95-22db-4b8a-875e-83bee4d716fb{ip: 192.168.151.118, host: pr-hdds-2194-jqrdw-3579824535, networkLocation: /default-rack, certSerialId: null}993817e1-c77a-472e-865f-a6e34ffe7967{ip: 192.168.151.118, host: pr-hdds-2194-jqrdw-3579824535, networkLocation: /default-rack, certSerialId: null}, Type:RATIS, Factor:THREE, State:OPEN]. The last committed block length is 0, uncommitted data length is 2097152 retry count 3
2019-10-10 01:20:39,427 [pool-46-thread-7] ERROR impl.ChunkManagerImpl (ChunkManagerDummyImpl.java:writeChunk(86)) - data array does not match the length specified. DataLen: 1048576 Byte Array: 1048749
2019-10-10 01:20:39,429 [pool-46-thread-7] ERROR impl.ChunkManagerDummyImpl (ChunkManagerDummyImpl.java:writeChunk(105)) - write data failed. error: {}
org.apache.hadoop.hdds.scm.container.common.helpers.StorageContainerException: data array does not match the length specified. DataLen: 1048576 Byte Array: 1048749
	at org.apache.hadoop.ozone.container.keyvalue.impl.ChunkManagerDummyImpl.writeChunk(ChunkManagerDummyImpl.java:87)
	at org.apache.hadoop.ozone.container.keyvalue.KeyValueHandler.handleWriteChunk(KeyValueHandler.java:696)
	at org.apache.hadoop.ozone.container.keyvalue.KeyValueHandler.handle(KeyValueHandler.java:176)
	at org.apache.hadoop.ozone.container.common.impl.HddsDispatcher.dispatchRequest(HddsDispatcher.java:277)
	at org.apache.hadoop.ozone.container.common.impl.HddsDispatcher.dispatch(HddsDispatcher.java:150)
	at org.apache.hadoop.ozone.container.common.transport.server.ratis.ContainerStateMachine.dispatchCommand(ContainerStateMachine.java:413)
	at org.apache.hadoop.ozone.container.common.transport.server.ratis.ContainerStateMachine.runCommand(ContainerStateMachine.java:423)
	at org.apache.hadoop.ozone.container.common.transport.server.ratis.ContainerStateMachine.lambda$handleWriteChunk$1(ContainerStateMachine.java:458)
	at java.util.concurrent.CompletableFuture$AsyncSupply.run(CompletableFuture.java:1590)
	at java.util.concurrent.ThreadPoolExecutor.runWorker(ThreadPoolExecutor.java:1149)
	at java.util.concurrent.ThreadPoolExecutor$Worker.run(ThreadPoolExecutor.java:624)
	at java.lang.Thread.run(Thread.java:748)
2019-10-10 01:20:39,430 [pool-46-thread-7] INFO  keyvalue.KeyValueHandler (ContainerUtils.java:logAndReturnError(146)) - Operation: WriteChunk : Trace ID: a21490a0e8815135:3dd6f604db0f4ff7:3460afdd42d0416b:0 : Message: Internal error:  : Result: CONTAINER_INTERNAL_ERROR
2019-10-10 01:20:39,444 [EventQueue-IncrementalContainerReportForIncrementalContainerReportHandler] WARN  container.IncrementalContainerReportHandler (AbstractContainerReportHandler.java:updateContainerState(145)) - Container #7 is in OPEN state, but the datanode fe8e0d95-22db-4b8a-875e-83bee4d716fb{ip: 192.168.151.118, host: pr-hdds-2194-jqrdw-3579824535, networkLocation: /default-rack, certSerialId: null} reports an UNHEALTHY replica.
2019-10-10 01:20:39,446 [EventQueue-CloseContainerForCloseContainerEventHandler] INFO  container.CloseContainerEventHandler (CloseContainerEventHandler.java:onMessage(61)) - Close container Event triggered for container : #7
01:20:39.444 [pool-46-thread-7] ERROR DNAudit - user=null | ip=null | op=WRITE_CHUNK {blockData=conID: 7 locID: 102935457906622473 bcsId: 0} | ret=FAILURE
java.lang.Exception: Internal error: 
	at org.apache.hadoop.ozone.container.common.impl.HddsDispatcher.dispatchRequest(HddsDispatcher.java:332) ~[hadoop-hdds-container-service-0.5.0-SNAPSHOT.jar:?]
	at org.apache.hadoop.ozone.container.common.impl.HddsDispatcher.dispatch(HddsDispatcher.java:150) ~[hadoop-hdds-container-service-0.5.0-SNAPSHOT.jar:?]
	at org.apache.hadoop.ozone.container.common.transport.server.ratis.ContainerStateMachine.dispatchCommand(ContainerStateMachine.java:413) ~[hadoop-hdds-container-service-0.5.0-SNAPSHOT.jar:?]
	at org.apache.hadoop.ozone.container.common.transport.server.ratis.ContainerStateMachine.runCommand(ContainerStateMachine.java:423) ~[hadoop-hdds-container-service-0.5.0-SNAPSHOT.jar:?]
	at org.apache.hadoop.ozone.container.common.transport.server.ratis.ContainerStateMachine.lambda$handleWriteChunk$1(ContainerStateMachine.java:458) ~[hadoop-hdds-container-service-0.5.0-SNAPSHOT.jar:?]
	at java.util.concurrent.CompletableFuture$AsyncSupply.run(CompletableFuture.java:1590) [?:1.8.0_212]
	at java.util.concurrent.ThreadPoolExecutor.runWorker(ThreadPoolExecutor.java:1149) [?:1.8.0_212]
	at java.util.concurrent.ThreadPoolExecutor$Worker.run(ThreadPoolExecutor.java:624) [?:1.8.0_212]
	at java.lang.Thread.run(Thread.java:748) [?:1.8.0_212]
2019-10-10 01:20:39,446 [pool-46-thread-7] ERROR ratis.ContainerStateMachine (ContainerStateMachine.java:lambda$handleWriteChunk$2(480)) - group-5AF3D701A001: writeChunk writeStateMachineData failed: blockIdcontainerID: 7
localID: 102935457906622473
blockCommitSequenceId: 0
 logIndex 1 chunkName 102935457906622473_chunk_1 Error message: Internal error:  Container Result: CONTAINER_INTERNAL_ERROR
2019-10-10 01:20:39,447 [fe8e0d95-22db-4b8a-875e-83bee4d716fb@group-5AF3D701A001-SegmentedRaftLogWorker] ERROR ratis.XceiverServerRatis (XceiverServerRatis.java:triggerPipelineClose(582)) - pipeline Action CLOSE  on pipeline PipelineID=97911f33-e22b-4041-8e10-5af3d701a001.Reason : Internal error: 
2019-10-10 01:20:39,447 [fe8e0d95-22db-4b8a-875e-83bee4d716fb@group-5AF3D701A001-SegmentedRaftLogWorker] ERROR ratis.XceiverServerRatis (XceiverServerRatis.java:triggerPipelineClose(582)) - pipeline Action CLOSE  on pipeline PipelineID=97911f33-e22b-4041-8e10-5af3d701a001.Reason : Log already failed at index 1 for task WriteLog:1: (t:1, i:1), STATEMACHINELOGENTRY, client-45A0542F93C1, cid=57
2019-10-10 01:20:39,447 [EventQueue-PipelineActionsForPipelineActionHandler] ERROR pipeline.PipelineActionHandler (PipelineActionHandler.java:onMessage(60)) - Received pipeline action CLOSE for Pipeline[ Id: 97911f33-e22b-4041-8e10-5af3d701a001, Nodes: 4b92f2f8-e489-47a4-a90a-1d3fa2a9a07f{ip: 192.168.151.118, host: pr-hdds-2194-jqrdw-3579824535, networkLocation: /default-rack, certSerialId: null}fe8e0d95-22db-4b8a-875e-83bee4d716fb{ip: 192.168.151.118, host: pr-hdds-2194-jqrdw-3579824535, networkLocation: /default-rack, certSerialId: null}993817e1-c77a-472e-865f-a6e34ffe7967{ip: 192.168.151.118, host: pr-hdds-2194-jqrdw-3579824535, networkLocation: /default-rack, certSerialId: null}, Type:RATIS, Factor:THREE, State:OPEN] from datanode fe8e0d95-22db-4b8a-875e-83bee4d716fb{ip: 192.168.151.118, host: pr-hdds-2194-jqrdw-3579824535, networkLocation: /default-rack, certSerialId: null}. Reason : Internal error: 
2019-10-10 01:20:39,447 [EventQueue-PipelineActionsForPipelineActionHandler] INFO  pipeline.SCMPipelineManager (SCMPipelineManager.java:finalizeAndDestroyPipeline(315)) - destroying pipeline:Pipeline[ Id: 97911f33-e22b-4041-8e10-5af3d701a001, Nodes: 4b92f2f8-e489-47a4-a90a-1d3fa2a9a07f{ip: 192.168.151.118, host: pr-hdds-2194-jqrdw-3579824535, networkLocation: /default-rack, certSerialId: null}fe8e0d95-22db-4b8a-875e-83bee4d716fb{ip: 192.168.151.118, host: pr-hdds-2194-jqrdw-3579824535, networkLocation: /default-rack, certSerialId: null}993817e1-c77a-472e-865f-a6e34ffe7967{ip: 192.168.151.118, host: pr-hdds-2194-jqrdw-3579824535, networkLocation: /default-rack, certSerialId: null}, Type:RATIS, Factor:THREE, State:OPEN]
2019-10-10 01:20:39,447 [EventQueue-PipelineActionsForPipelineActionHandler] INFO  pipeline.PipelineStateManager (PipelineStateManager.java:finalizePipeline(123)) - Pipeline Pipeline[ Id: 97911f33-e22b-4041-8e10-5af3d701a001, Nodes: 4b92f2f8-e489-47a4-a90a-1d3fa2a9a07f{ip: 192.168.151.118, host: pr-hdds-2194-jqrdw-3579824535, networkLocation: /default-rack, certSerialId: null}fe8e0d95-22db-4b8a-875e-83bee4d716fb{ip: 192.168.151.118, host: pr-hdds-2194-jqrdw-3579824535, networkLocation: /default-rack, certSerialId: null}993817e1-c77a-472e-865f-a6e34ffe7967{ip: 192.168.151.118, host: pr-hdds-2194-jqrdw-3579824535, networkLocation: /default-rack, certSerialId: null}, Type:RATIS, Factor:THREE, State:CLOSED] moved to CLOSED state
2019-10-10 01:20:39,448 [EventQueue-PipelineActionsForPipelineActionHandler] ERROR pipeline.PipelineActionHandler (PipelineActionHandler.java:onMessage(60)) - Received pipeline action CLOSE for Pipeline[ Id: 97911f33-e22b-4041-8e10-5af3d701a001, Nodes: 4b92f2f8-e489-47a4-a90a-1d3fa2a9a07f{ip: 192.168.151.118, host: pr-hdds-2194-jqrdw-3579824535, networkLocation: /default-rack, certSerialId: null}fe8e0d95-22db-4b8a-875e-83bee4d716fb{ip: 192.168.151.118, host: pr-hdds-2194-jqrdw-3579824535, networkLocation: /default-rack, certSerialId: null}993817e1-c77a-472e-865f-a6e34ffe7967{ip: 192.168.151.118, host: pr-hdds-2194-jqrdw-3579824535, networkLocation: /default-rack, certSerialId: null}, Type:RATIS, Factor:THREE, State:CLOSED] from datanode fe8e0d95-22db-4b8a-875e-83bee4d716fb{ip: 192.168.151.118, host: pr-hdds-2194-jqrdw-3579824535, networkLocation: /default-rack, certSerialId: null}. Reason : Log already failed at index 1 for task WriteLog:1: (t:1, i:1), STATEMACHINELOGENTRY, client-45A0542F93C1, cid=57
2019-10-10 01:20:39,448 [EventQueue-PipelineActionsForPipelineActionHandler] INFO  pipeline.SCMPipelineManager (SCMPipelineManager.java:finalizeAndDestroyPipeline(315)) - destroying pipeline:Pipeline[ Id: 97911f33-e22b-4041-8e10-5af3d701a001, Nodes: 4b92f2f8-e489-47a4-a90a-1d3fa2a9a07f{ip: 192.168.151.118, host: pr-hdds-2194-jqrdw-3579824535, networkLocation: /default-rack, certSerialId: null}fe8e0d95-22db-4b8a-875e-83bee4d716fb{ip: 192.168.151.118, host: pr-hdds-2194-jqrdw-3579824535, networkLocation: /default-rack, certSerialId: null}993817e1-c77a-472e-865f-a6e34ffe7967{ip: 192.168.151.118, host: pr-hdds-2194-jqrdw-3579824535, networkLocation: /default-rack, certSerialId: null}, Type:RATIS, Factor:THREE, State:CLOSED]
 0.00% |█                                                                                                    |  0/1 Time: 0:04:45 0.00% |█                                                                                                    |  0/1 Time: 0:04:46 0.00% |█                                                                                                    |  0/1 Time: 0:04:472019-10-10 01:20:42,288 [java.util.concurrent.ThreadPoolExecutor$Worker@6ac82740[State = -1, empty queue]] ERROR client.GrpcClientProtocolClient (GrpcClientProtocolClient.java:close(148)) - Unexpected exception while waiting for channel termination
java.lang.InterruptedException
	at java.util.concurrent.locks.AbstractQueuedSynchronizer.tryAcquireSharedNanos(AbstractQueuedSynchronizer.java:1326)
	at java.util.concurrent.CountDownLatch.await(CountDownLatch.java:277)
	at org.apache.ratis.thirdparty.io.grpc.internal.ManagedChannelImpl.awaitTermination(ManagedChannelImpl.java:763)
	at org.apache.ratis.thirdparty.io.grpc.internal.ForwardingManagedChannel.awaitTermination(ForwardingManagedChannel.java:57)
	at org.apache.ratis.thirdparty.io.grpc.internal.ManagedChannelOrphanWrapper.awaitTermination(ManagedChannelOrphanWrapper.java:70)
	at org.apache.ratis.grpc.client.GrpcClientProtocolClient.close(GrpcClientProtocolClient.java:146)
	at org.apache.ratis.util.PeerProxyMap$PeerAndProxy.lambda$close$1(PeerProxyMap.java:74)
	at org.apache.ratis.util.LifeCycle.lambda$checkStateAndClose$2(LifeCycle.java:231)
	at org.apache.ratis.util.LifeCycle.checkStateAndClose(LifeCycle.java:251)
	at org.apache.ratis.util.LifeCycle.checkStateAndClose(LifeCycle.java:229)
	at org.apache.ratis.util.PeerProxyMap$PeerAndProxy.close(PeerProxyMap.java:70)
	at org.apache.ratis.util.PeerProxyMap.resetProxy(PeerProxyMap.java:127)
	at org.apache.ratis.util.PeerProxyMap.handleException(PeerProxyMap.java:136)
	at org.apache.ratis.client.impl.RaftClientRpcWithProxy.handleException(RaftClientRpcWithProxy.java:47)
	at org.apache.ratis.client.impl.RaftClientImpl.handleIOException(RaftClientImpl.java:372)
	at org.apache.ratis.client.impl.OrderedAsync.lambda$sendRequest$10(OrderedAsync.java:236)
	at java.util.concurrent.CompletableFuture.uniExceptionally(CompletableFuture.java:870)
	at java.util.concurrent.CompletableFuture$UniExceptionally.tryFire(CompletableFuture.java:852)
	at java.util.concurrent.CompletableFuture.postComplete(CompletableFuture.java:474)
	at java.util.concurrent.CompletableFuture.completeExceptionally(CompletableFuture.java:1977)
	at org.apache.ratis.grpc.client.GrpcClientProtocolClient$AsyncStreamObservers.lambda$timeoutCheck$3(GrpcClientProtocolClient.java:324)
	at java.util.Optional.ifPresent(Optional.java:159)
	at org.apache.ratis.grpc.client.GrpcClientProtocolClient$AsyncStreamObservers.handleReplyFuture(GrpcClientProtocolClient.java:329)
	at org.apache.ratis.grpc.client.GrpcClientProtocolClient$AsyncStreamObservers.timeoutCheck(GrpcClientProtocolClient.java:324)
	at org.apache.ratis.grpc.client.GrpcClientProtocolClient$AsyncStreamObservers.lambda$onNext$1(GrpcClientProtocolClient.java:318)
	at org.apache.ratis.util.TimeoutScheduler.lambda$onTimeout$0(TimeoutScheduler.java:113)
	at org.apache.ratis.util.TimeoutScheduler.lambda$onTimeout$1(TimeoutScheduler.java:133)
	at org.apache.ratis.util.LogUtils.runAndLog(LogUtils.java:50)
	at org.apache.ratis.util.LogUtils$1.run(LogUtils.java:91)
	at java.util.concurrent.Executors$RunnableAdapter.call(Executors.java:511)
	at java.util.concurrent.FutureTask.run(FutureTask.java:266)
	at java.util.concurrent.ScheduledThreadPoolExecutor$ScheduledFutureTask.access$201(ScheduledThreadPoolExecutor.java:180)
	at java.util.concurrent.ScheduledThreadPoolExecutor$ScheduledFutureTask.run(ScheduledThreadPoolExecutor.java:293)
	at java.util.concurrent.ThreadPoolExecutor.runWorker(ThreadPoolExecutor.java:1149)
	at java.util.concurrent.ThreadPoolExecutor$Worker.run(ThreadPoolExecutor.java:624)
	at java.lang.Thread.run(Thread.java:748)
2019-10-10 01:20:42,291 [java.util.concurrent.ThreadPoolExecutor$Worker@6ac82740[State = -1, empty queue]] WARN  util.TimeoutScheduler (LogUtils.java:runAndLog(55)) - Failed to task #0: java.lang.NullPointerException
 0.00% |█                                                                                                    |  0/1 Time: 0:04:48 0.00% |█                                                                                                    |  0/1 Time: 0:04:49 0.00% |█                                                                                                    |  0/1 Time: 0:04:50 0.00% |█                                                                                                    |  0/1 Time: 0:04:512019-10-10 01:20:46,326 [java.util.concurrent.ThreadPoolExecutor$Worker@ea9a641[State = -1, empty queue]] ERROR client.GrpcClientProtocolClient (GrpcClientProtocolClient.java:close(148)) - Unexpected exception while waiting for channel termination
java.lang.InterruptedException
	at java.util.concurrent.locks.AbstractQueuedSynchronizer.tryAcquireSharedNanos(AbstractQueuedSynchronizer.java:1326)
	at java.util.concurrent.CountDownLatch.await(CountDownLatch.java:277)
	at org.apache.ratis.thirdparty.io.grpc.internal.ManagedChannelImpl.awaitTermination(ManagedChannelImpl.java:763)
	at org.apache.ratis.thirdparty.io.grpc.internal.ForwardingManagedChannel.awaitTermination(ForwardingManagedChannel.java:57)
	at org.apache.ratis.thirdparty.io.grpc.internal.ManagedChannelOrphanWrapper.awaitTermination(ManagedChannelOrphanWrapper.java:70)
	at org.apache.ratis.grpc.client.GrpcClientProtocolClient.close(GrpcClientProtocolClient.java:146)
	at org.apache.ratis.util.PeerProxyMap$PeerAndProxy.lambda$close$1(PeerProxyMap.java:74)
	at org.apache.ratis.util.LifeCycle.lambda$checkStateAndClose$2(LifeCycle.java:231)
	at org.apache.ratis.util.LifeCycle.checkStateAndClose(LifeCycle.java:251)
	at org.apache.ratis.util.LifeCycle.checkStateAndClose(LifeCycle.java:229)
	at org.apache.ratis.util.PeerProxyMap$PeerAndProxy.close(PeerProxyMap.java:70)
	at org.apache.ratis.util.PeerProxyMap.resetProxy(PeerProxyMap.java:127)
	at org.apache.ratis.util.PeerProxyMap.handleException(PeerProxyMap.java:136)
	at org.apache.ratis.client.impl.RaftClientRpcWithProxy.handleException(RaftClientRpcWithProxy.java:47)
	at org.apache.ratis.client.impl.RaftClientImpl.handleIOException(RaftClientImpl.java:372)
	at org.apache.ratis.client.impl.OrderedAsync.lambda$sendRequest$10(OrderedAsync.java:236)
	at java.util.concurrent.CompletableFuture.uniExceptionally(CompletableFuture.java:870)
	at java.util.concurrent.CompletableFuture$UniExceptionally.tryFire(CompletableFuture.java:852)
	at java.util.concurrent.CompletableFuture.postComplete(CompletableFuture.java:474)
	at java.util.concurrent.CompletableFuture.completeExceptionally(CompletableFuture.java:1977)
	at org.apache.ratis.grpc.client.GrpcClientProtocolClient$AsyncStreamObservers.lambda$timeoutCheck$3(GrpcClientProtocolClient.java:324)
	at java.util.Optional.ifPresent(Optional.java:159)
	at org.apache.ratis.grpc.client.GrpcClientProtocolClient$AsyncStreamObservers.handleReplyFuture(GrpcClientProtocolClient.java:329)
	at org.apache.ratis.grpc.client.GrpcClientProtocolClient$AsyncStreamObservers.timeoutCheck(GrpcClientProtocolClient.java:324)
	at org.apache.ratis.grpc.client.GrpcClientProtocolClient$AsyncStreamObservers.lambda$onNext$1(GrpcClientProtocolClient.java:318)
	at org.apache.ratis.util.TimeoutScheduler.lambda$onTimeout$0(TimeoutScheduler.java:113)
	at org.apache.ratis.util.TimeoutScheduler.lambda$onTimeout$1(TimeoutScheduler.java:133)
	at org.apache.ratis.util.LogUtils.runAndLog(LogUtils.java:50)
	at org.apache.ratis.util.LogUtils$1.run(LogUtils.java:91)
	at java.util.concurrent.Executors$RunnableAdapter.call(Executors.java:511)
	at java.util.concurrent.FutureTask.run(FutureTask.java:266)
	at java.util.concurrent.ScheduledThreadPoolExecutor$ScheduledFutureTask.access$201(ScheduledThreadPoolExecutor.java:180)
	at java.util.concurrent.ScheduledThreadPoolExecutor$ScheduledFutureTask.run(ScheduledThreadPoolExecutor.java:293)
	at java.util.concurrent.ThreadPoolExecutor.runWorker(ThreadPoolExecutor.java:1149)
	at java.util.concurrent.ThreadPoolExecutor$Worker.run(ThreadPoolExecutor.java:624)
	at java.lang.Thread.run(Thread.java:748)
2019-10-10 01:20:46,338 [java.util.concurrent.ThreadPoolExecutor$Worker@ea9a641[State = -1, empty queue]] WARN  util.TimeoutScheduler (LogUtils.java:runAndLog(55)) - Failed to task #0: java.lang.NullPointerException
 0.00% |█                                                                                                    |  0/1 Time: 0:04:52 0.00% |█                                                                                                    |  0/1 Time: 0:04:53 0.00% |█                                                                                                    |  0/1 Time: 0:04:54 0.00% |█                                                                                                    |  0/1 Time: 0:04:552019-10-10 01:20:50,379 [java.util.concurrent.ThreadPoolExecutor$Worker@55abaeab[State = -1, empty queue]] ERROR client.GrpcClientProtocolClient (GrpcClientProtocolClient.java:close(148)) - Unexpected exception while waiting for channel termination
java.lang.InterruptedException
	at java.util.concurrent.locks.AbstractQueuedSynchronizer.tryAcquireSharedNanos(AbstractQueuedSynchronizer.java:1326)
	at java.util.concurrent.CountDownLatch.await(CountDownLatch.java:277)
	at org.apache.ratis.thirdparty.io.grpc.internal.ManagedChannelImpl.awaitTermination(ManagedChannelImpl.java:763)
	at org.apache.ratis.thirdparty.io.grpc.internal.ForwardingManagedChannel.awaitTermination(ForwardingManagedChannel.java:57)
	at org.apache.ratis.thirdparty.io.grpc.internal.ManagedChannelOrphanWrapper.awaitTermination(ManagedChannelOrphanWrapper.java:70)
	at org.apache.ratis.grpc.client.GrpcClientProtocolClient.close(GrpcClientProtocolClient.java:146)
	at org.apache.ratis.util.PeerProxyMap$PeerAndProxy.lambda$close$1(PeerProxyMap.java:74)
	at org.apache.ratis.util.LifeCycle.lambda$checkStateAndClose$2(LifeCycle.java:231)
	at org.apache.ratis.util.LifeCycle.checkStateAndClose(LifeCycle.java:251)
	at org.apache.ratis.util.LifeCycle.checkStateAndClose(LifeCycle.java:229)
	at org.apache.ratis.util.PeerProxyMap$PeerAndProxy.close(PeerProxyMap.java:70)
	at org.apache.ratis.util.PeerProxyMap.resetProxy(PeerProxyMap.java:127)
	at org.apache.ratis.util.PeerProxyMap.handleException(PeerProxyMap.java:136)
	at org.apache.ratis.client.impl.RaftClientRpcWithProxy.handleException(RaftClientRpcWithProxy.java:47)
	at org.apache.ratis.client.impl.RaftClientImpl.handleIOException(RaftClientImpl.java:372)
	at org.apache.ratis.client.impl.OrderedAsync.lambda$sendRequest$10(OrderedAsync.java:236)
	at java.util.concurrent.CompletableFuture.uniExceptionally(CompletableFuture.java:870)
	at java.util.concurrent.CompletableFuture$UniExceptionally.tryFire(CompletableFuture.java:852)
	at java.util.concurrent.CompletableFuture.postComplete(CompletableFuture.java:474)
	at java.util.concurrent.CompletableFuture.completeExceptionally(CompletableFuture.java:1977)
	at org.apache.ratis.grpc.client.GrpcClientProtocolClient$AsyncStreamObservers.lambda$timeoutCheck$3(GrpcClientProtocolClient.java:324)
	at java.util.Optional.ifPresent(Optional.java:159)
	at org.apache.ratis.grpc.client.GrpcClientProtocolClient$AsyncStreamObservers.handleReplyFuture(GrpcClientProtocolClient.java:329)
	at org.apache.ratis.grpc.client.GrpcClientProtocolClient$AsyncStreamObservers.timeoutCheck(GrpcClientProtocolClient.java:324)
	at org.apache.ratis.grpc.client.GrpcClientProtocolClient$AsyncStreamObservers.lambda$onNext$1(GrpcClientProtocolClient.java:318)
	at org.apache.ratis.util.TimeoutScheduler.lambda$onTimeout$0(TimeoutScheduler.java:113)
	at org.apache.ratis.util.TimeoutScheduler.lambda$onTimeout$1(TimeoutScheduler.java:133)
	at org.apache.ratis.util.LogUtils.runAndLog(LogUtils.java:50)
	at org.apache.ratis.util.LogUtils$1.run(LogUtils.java:91)
	at java.util.concurrent.Executors$RunnableAdapter.call(Executors.java:511)
	at java.util.concurrent.FutureTask.run(FutureTask.java:266)
	at java.util.concurrent.ScheduledThreadPoolExecutor$ScheduledFutureTask.access$201(ScheduledThreadPoolExecutor.java:180)
	at java.util.concurrent.ScheduledThreadPoolExecutor$ScheduledFutureTask.run(ScheduledThreadPoolExecutor.java:293)
	at java.util.concurrent.ThreadPoolExecutor.runWorker(ThreadPoolExecutor.java:1149)
	at java.util.concurrent.ThreadPoolExecutor$Worker.run(ThreadPoolExecutor.java:624)
	at java.lang.Thread.run(Thread.java:748)
2019-10-10 01:20:50,381 [java.util.concurrent.ThreadPoolExecutor$Worker@55abaeab[State = -1, empty queue]] WARN  util.TimeoutScheduler (LogUtils.java:runAndLog(55)) - Failed to task #0: java.lang.NullPointerException
 0.00% |█                                                                                                    |  0/1 Time: 0:04:56 0.00% |█                                                                                                    |  0/1 Time: 0:04:57 0.00% |█                                                                                                    |  0/1 Time: 0:04:58 0.00% |█                                                                                                    |  0/1 Time: 0:04:592019-10-10 01:20:54,418 [java.util.concurrent.ThreadPoolExecutor$Worker@7c6f9b98[State = -1, empty queue]] ERROR client.GrpcClientProtocolClient (GrpcClientProtocolClient.java:close(148)) - Unexpected exception while waiting for channel termination
java.lang.InterruptedException
	at java.util.concurrent.locks.AbstractQueuedSynchronizer.tryAcquireSharedNanos(AbstractQueuedSynchronizer.java:1326)
	at java.util.concurrent.CountDownLatch.await(CountDownLatch.java:277)
	at org.apache.ratis.thirdparty.io.grpc.internal.ManagedChannelImpl.awaitTermination(ManagedChannelImpl.java:763)
	at org.apache.ratis.thirdparty.io.grpc.internal.ForwardingManagedChannel.awaitTermination(ForwardingManagedChannel.java:57)
	at org.apache.ratis.thirdparty.io.grpc.internal.ManagedChannelOrphanWrapper.awaitTermination(ManagedChannelOrphanWrapper.java:70)
	at org.apache.ratis.grpc.client.GrpcClientProtocolClient.close(GrpcClientProtocolClient.java:146)
	at org.apache.ratis.util.PeerProxyMap$PeerAndProxy.lambda$close$1(PeerProxyMap.java:74)
	at org.apache.ratis.util.LifeCycle.lambda$checkStateAndClose$2(LifeCycle.java:231)
	at org.apache.ratis.util.LifeCycle.checkStateAndClose(LifeCycle.java:251)
	at org.apache.ratis.util.LifeCycle.checkStateAndClose(LifeCycle.java:229)
	at org.apache.ratis.util.PeerProxyMap$PeerAndProxy.close(PeerProxyMap.java:70)
	at org.apache.ratis.util.PeerProxyMap.resetProxy(PeerProxyMap.java:127)
	at org.apache.ratis.util.PeerProxyMap.handleException(PeerProxyMap.java:136)
	at org.apache.ratis.client.impl.RaftClientRpcWithProxy.handleException(RaftClientRpcWithProxy.java:47)
	at org.apache.ratis.client.impl.RaftClientImpl.handleIOException(RaftClientImpl.java:372)
	at org.apache.ratis.client.impl.OrderedAsync.lambda$sendRequest$10(OrderedAsync.java:236)
	at java.util.concurrent.CompletableFuture.uniExceptionally(CompletableFuture.java:870)
	at java.util.concurrent.CompletableFuture$UniExceptionally.tryFire(CompletableFuture.java:852)
	at java.util.concurrent.CompletableFuture.postComplete(CompletableFuture.java:474)
	at java.util.concurrent.CompletableFuture.completeExceptionally(CompletableFuture.java:1977)
	at org.apache.ratis.grpc.client.GrpcClientProtocolClient$AsyncStreamObservers.lambda$timeoutCheck$3(GrpcClientProtocolClient.java:324)
	at java.util.Optional.ifPresent(Optional.java:159)
	at org.apache.ratis.grpc.client.GrpcClientProtocolClient$AsyncStreamObservers.handleReplyFuture(GrpcClientProtocolClient.java:329)
	at org.apache.ratis.grpc.client.GrpcClientProtocolClient$AsyncStreamObservers.timeoutCheck(GrpcClientProtocolClient.java:324)
	at org.apache.ratis.grpc.client.GrpcClientProtocolClient$AsyncStreamObservers.lambda$onNext$1(GrpcClientProtocolClient.java:318)
	at org.apache.ratis.util.TimeoutScheduler.lambda$onTimeout$0(TimeoutScheduler.java:113)
	at org.apache.ratis.util.TimeoutScheduler.lambda$onTimeout$1(TimeoutScheduler.java:133)
	at org.apache.ratis.util.LogUtils.runAndLog(LogUtils.java:50)
	at org.apache.ratis.util.LogUtils$1.run(LogUtils.java:91)
	at java.util.concurrent.Executors$RunnableAdapter.call(Executors.java:511)
	at java.util.concurrent.FutureTask.run(FutureTask.java:266)
	at java.util.concurrent.ScheduledThreadPoolExecutor$ScheduledFutureTask.access$201(ScheduledThreadPoolExecutor.java:180)
	at java.util.concurrent.ScheduledThreadPoolExecutor$ScheduledFutureTask.run(ScheduledThreadPoolExecutor.java:293)
	at java.util.concurrent.ThreadPoolExecutor.runWorker(ThreadPoolExecutor.java:1149)
	at java.util.concurrent.ThreadPoolExecutor$Worker.run(ThreadPoolExecutor.java:624)
	at java.lang.Thread.run(Thread.java:748)
2019-10-10 01:20:54,419 [java.util.concurrent.ThreadPoolExecutor$Worker@7c6f9b98[State = -1, empty queue]] WARN  util.TimeoutScheduler (LogUtils.java:runAndLog(55)) - Failed to task #0: java.lang.NullPointerException
 0.00% |█                                                                                                    |  0/1 Time: 0:05:00 0.00% |█                                                                                                    |  0/1 Time: 0:05:012019-10-10 01:20:55,646 [ReplicationMonitor] INFO  container.ReplicationManager (ReplicationManager.java:forceCloseContainer(464)) - Force closing container #5 with BCSID 0, which is in QUASI_CLOSED state.
2019-10-10 01:20:55,648 [ReplicationMonitor] INFO  container.ReplicationManager (ReplicationManager.java:sendCloseCommand(659)) - Sending close container command for container #5 to datanode 993817e1-c77a-472e-865f-a6e34ffe7967{ip: 192.168.151.118, host: pr-hdds-2194-jqrdw-3579824535, networkLocation: /default-rack, certSerialId: null}.
2019-10-10 01:20:55,648 [ReplicationMonitor] INFO  container.ReplicationManager (ReplicationManager.java:sendCloseCommand(659)) - Sending close container command for container #5 to datanode 4b92f2f8-e489-47a4-a90a-1d3fa2a9a07f{ip: 192.168.151.118, host: pr-hdds-2194-jqrdw-3579824535, networkLocation: /default-rack, certSerialId: null}.
2019-10-10 01:20:55,649 [ReplicationMonitor] INFO  container.ReplicationManager (ReplicationManager.java:forceCloseContainer(464)) - Force closing container #6 with BCSID 0, which is in QUASI_CLOSED state.
2019-10-10 01:20:55,649 [ReplicationMonitor] INFO  container.ReplicationManager (ReplicationManager.java:sendCloseCommand(659)) - Sending close container command for container #6 to datanode 993817e1-c77a-472e-865f-a6e34ffe7967{ip: 192.168.151.118, host: pr-hdds-2194-jqrdw-3579824535, networkLocation: /default-rack, certSerialId: null}.
2019-10-10 01:20:55,649 [ReplicationMonitor] INFO  container.ReplicationManager (ReplicationManager.java:sendCloseCommand(659)) - Sending close container command for container #6 to datanode fe8e0d95-22db-4b8a-875e-83bee4d716fb{ip: 192.168.151.118, host: pr-hdds-2194-jqrdw-3579824535, networkLocation: /default-rack, certSerialId: null}.
2019-10-10 01:20:55,650 [ReplicationMonitor] INFO  container.ReplicationManager (ReplicationManager.java:sendCloseCommand(659)) - Sending close container command for container #7 to datanode fe8e0d95-22db-4b8a-875e-83bee4d716fb{ip: 192.168.151.118, host: pr-hdds-2194-jqrdw-3579824535, networkLocation: /default-rack, certSerialId: null}.
2019-10-10 01:20:55,650 [ReplicationMonitor] INFO  container.ReplicationManager (ReplicationManager.java:sendCloseCommand(659)) - Sending close container command for container #7 to datanode 4b92f2f8-e489-47a4-a90a-1d3fa2a9a07f{ip: 192.168.151.118, host: pr-hdds-2194-jqrdw-3579824535, networkLocation: /default-rack, certSerialId: null}.
2019-10-10 01:20:55,650 [ReplicationMonitor] INFO  container.ReplicationManager (ReplicationManager.java:sendCloseCommand(659)) - Sending close container command for container #7 to datanode 993817e1-c77a-472e-865f-a6e34ffe7967{ip: 192.168.151.118, host: pr-hdds-2194-jqrdw-3579824535, networkLocation: /default-rack, certSerialId: null}.
2019-10-10 01:20:55,651 [ReplicationMonitor] INFO  container.ReplicationManager (ReplicationManager.java:forceCloseContainer(464)) - Force closing container #1 with BCSID 0, which is in QUASI_CLOSED state.
2019-10-10 01:20:55,651 [ReplicationMonitor] INFO  container.ReplicationManager (ReplicationManager.java:sendCloseCommand(659)) - Sending close container command for container #1 to datanode 993817e1-c77a-472e-865f-a6e34ffe7967{ip: 192.168.151.118, host: pr-hdds-2194-jqrdw-3579824535, networkLocation: /default-rack, certSerialId: null}.
2019-10-10 01:20:55,651 [ReplicationMonitor] INFO  container.ReplicationManager (ReplicationManager.java:sendCloseCommand(659)) - Sending close container command for container #1 to datanode fe8e0d95-22db-4b8a-875e-83bee4d716fb{ip: 192.168.151.118, host: pr-hdds-2194-jqrdw-3579824535, networkLocation: /default-rack, certSerialId: null}.
2019-10-10 01:20:55,652 [ReplicationMonitor] INFO  container.ReplicationManager (ReplicationManager.java:forceCloseContainer(464)) - Force closing container #4 with BCSID 0, which is in QUASI_CLOSED state.
2019-10-10 01:20:55,652 [ReplicationMonitor] INFO  container.ReplicationManager (ReplicationManager.java:sendCloseCommand(659)) - Sending close container command for container #4 to datanode fe8e0d95-22db-4b8a-875e-83bee4d716fb{ip: 192.168.151.118, host: pr-hdds-2194-jqrdw-3579824535, networkLocation: /default-rack, certSerialId: null}.
2019-10-10 01:20:55,652 [ReplicationMonitor] INFO  container.ReplicationManager (ReplicationManager.java:sendCloseCommand(659)) - Sending close container command for container #4 to datanode 993817e1-c77a-472e-865f-a6e34ffe7967{ip: 192.168.151.118, host: pr-hdds-2194-jqrdw-3579824535, networkLocation: /default-rack, certSerialId: null}.
2019-10-10 01:20:55,652 [ReplicationMonitor] INFO  container.ReplicationManager (ReplicationManager.java:run(225)) - Replication Monitor Thread took 13 milliseconds for processing 7 containers.
 0.00% |█                                                                                                    |  0/1 Time: 0:05:022019-10-10 01:20:57,444 [Command processor thread] INFO  interfaces.Container (KeyValueContainer.java:flushAndSyncDB(386)) - Container 5 is synced with bcsId 0.
2019-10-10 01:20:57,445 [Command processor thread] INFO  interfaces.Container (KeyValueContainer.java:flushAndSyncDB(386)) - Container 5 is synced with bcsId 0.
2019-10-10 01:20:57,446 [Command processor thread] INFO  interfaces.Container (KeyValueContainer.java:flushAndSyncDB(386)) - Container 5 is synced with bcsId 0.
2019-10-10 01:20:57,446 [Command processor thread] INFO  interfaces.Container (KeyValueContainer.java:flushAndSyncDB(386)) - Container 5 is synced with bcsId 0.
2019-10-10 01:20:57,449 [Command processor thread] INFO  interfaces.Container (KeyValueContainer.java:flushAndSyncDB(386)) - Container 6 is synced with bcsId 0.
2019-10-10 01:20:57,449 [Command processor thread] INFO  interfaces.Container (KeyValueContainer.java:flushAndSyncDB(386)) - Container 6 is synced with bcsId 0.
2019-10-10 01:20:57,473 [Command processor thread] INFO  interfaces.Container (KeyValueContainer.java:close(335)) - Container 5 is closed with bcsId 0.
2019-10-10 01:20:57,473 [Command processor thread] INFO  interfaces.Container (KeyValueContainer.java:close(335)) - Container 6 is closed with bcsId 0.
2019-10-10 01:20:57,473 [Command processor thread] INFO  interfaces.Container (KeyValueContainer.java:flushAndSyncDB(386)) - Container 6 is synced with bcsId 0.
2019-10-10 01:20:57,473 [Command processor thread] INFO  interfaces.Container (KeyValueContainer.java:close(335)) - Container 5 is closed with bcsId 0.
2019-10-10 01:20:57,473 [Command processor thread] INFO  interfaces.Container (KeyValueContainer.java:flushAndSyncDB(386)) - Container 1 is synced with bcsId 0.
2019-10-10 01:20:57,473 [Command processor thread] INFO  interfaces.Container (KeyValueContainer.java:flushAndSyncDB(386)) - Container 6 is synced with bcsId 0.
2019-10-10 01:20:57,473 [Command processor thread] INFO  interfaces.Container (KeyValueContainer.java:flushAndSyncDB(386)) - Container 1 is synced with bcsId 0.
2019-10-10 01:20:57,474 [EventQueue-IncrementalContainerReportForIncrementalContainerReportHandler] INFO  container.IncrementalContainerReportHandler (AbstractContainerReportHandler.java:updateContainerState(204)) - Moving container #5 to CLOSED state, datanode 993817e1-c77a-472e-865f-a6e34ffe7967{ip: 192.168.151.118, host: pr-hdds-2194-jqrdw-3579824535, networkLocation: /default-rack, certSerialId: null} reported CLOSED replica.
2019-10-10 01:20:57,475 [EventQueue-IncrementalContainerReportForIncrementalContainerReportHandler] INFO  container.IncrementalContainerReportHandler (AbstractContainerReportHandler.java:updateContainerState(204)) - Moving container #6 to CLOSED state, datanode fe8e0d95-22db-4b8a-875e-83bee4d716fb{ip: 192.168.151.118, host: pr-hdds-2194-jqrdw-3579824535, networkLocation: /default-rack, certSerialId: null} reported CLOSED replica.
2019-10-10 01:20:57,487 [Command processor thread] INFO  interfaces.Container (KeyValueContainer.java:close(335)) - Container 6 is closed with bcsId 0.
2019-10-10 01:20:57,487 [Command processor thread] INFO  interfaces.Container (KeyValueContainer.java:close(335)) - Container 1 is closed with bcsId 0.
2019-10-10 01:20:57,488 [Command processor thread] INFO  interfaces.Container (KeyValueContainer.java:flushAndSyncDB(386)) - Container 4 is synced with bcsId 0.
2019-10-10 01:20:57,488 [Command processor thread] INFO  interfaces.Container (KeyValueContainer.java:flushAndSyncDB(386)) - Container 1 is synced with bcsId 0.
2019-10-10 01:20:57,488 [Command processor thread] INFO  interfaces.Container (KeyValueContainer.java:flushAndSyncDB(386)) - Container 4 is synced with bcsId 0.
2019-10-10 01:20:57,488 [Command processor thread] INFO  interfaces.Container (KeyValueContainer.java:flushAndSyncDB(386)) - Container 1 is synced with bcsId 0.
2019-10-10 01:20:57,488 [EventQueue-IncrementalContainerReportForIncrementalContainerReportHandler] INFO  container.IncrementalContainerReportHandler (AbstractContainerReportHandler.java:updateContainerState(204)) - Moving container #1 to CLOSED state, datanode fe8e0d95-22db-4b8a-875e-83bee4d716fb{ip: 192.168.151.118, host: pr-hdds-2194-jqrdw-3579824535, networkLocation: /default-rack, certSerialId: null} reported CLOSED replica.
2019-10-10 01:20:57,503 [Command processor thread] INFO  interfaces.Container (KeyValueContainer.java:close(335)) - Container 1 is closed with bcsId 0.
2019-10-10 01:20:57,503 [Command processor thread] INFO  interfaces.Container (KeyValueContainer.java:close(335)) - Container 4 is closed with bcsId 0.
2019-10-10 01:20:57,503 [Command processor thread] INFO  interfaces.Container (KeyValueContainer.java:flushAndSyncDB(386)) - Container 4 is synced with bcsId 0.
2019-10-10 01:20:57,503 [Command processor thread] INFO  interfaces.Container (KeyValueContainer.java:flushAndSyncDB(386)) - Container 4 is synced with bcsId 0.
2019-10-10 01:20:57,504 [EventQueue-IncrementalContainerReportForIncrementalContainerReportHandler] INFO  container.IncrementalContainerReportHandler (AbstractContainerReportHandler.java:updateContainerState(204)) - Moving container #4 to CLOSED state, datanode fe8e0d95-22db-4b8a-875e-83bee4d716fb{ip: 192.168.151.118, host: pr-hdds-2194-jqrdw-3579824535, networkLocation: /default-rack, certSerialId: null} reported CLOSED replica.
2019-10-10 01:20:57,517 [Command processor thread] INFO  interfaces.Container (KeyValueContainer.java:close(335)) - Container 4 is closed with bcsId 0.
 0.00% |█                                                                                                    |  0/1 Time: 0:05:032019-10-10 01:20:58,449 [java.util.concurrent.ThreadPoolExecutor$Worker@4cc4ee6d[State = -1, empty queue]] ERROR client.GrpcClientProtocolClient (GrpcClientProtocolClient.java:close(148)) - Unexpected exception while waiting for channel termination
java.lang.InterruptedException
	at java.util.concurrent.locks.AbstractQueuedSynchronizer.tryAcquireSharedNanos(AbstractQueuedSynchronizer.java:1326)
	at java.util.concurrent.CountDownLatch.await(CountDownLatch.java:277)
	at org.apache.ratis.thirdparty.io.grpc.internal.ManagedChannelImpl.awaitTermination(ManagedChannelImpl.java:763)
	at org.apache.ratis.thirdparty.io.grpc.internal.ForwardingManagedChannel.awaitTermination(ForwardingManagedChannel.java:57)
	at org.apache.ratis.thirdparty.io.grpc.internal.ManagedChannelOrphanWrapper.awaitTermination(ManagedChannelOrphanWrapper.java:70)
	at org.apache.ratis.grpc.client.GrpcClientProtocolClient.close(GrpcClientProtocolClient.java:146)
	at org.apache.ratis.util.PeerProxyMap$PeerAndProxy.lambda$close$1(PeerProxyMap.java:74)
	at org.apache.ratis.util.LifeCycle.lambda$checkStateAndClose$2(LifeCycle.java:231)
	at org.apache.ratis.util.LifeCycle.checkStateAndClose(LifeCycle.java:251)
	at org.apache.ratis.util.LifeCycle.checkStateAndClose(LifeCycle.java:229)
	at org.apache.ratis.util.PeerProxyMap$PeerAndProxy.close(PeerProxyMap.java:70)
	at org.apache.ratis.util.PeerProxyMap.resetProxy(PeerProxyMap.java:127)
	at org.apache.ratis.util.PeerProxyMap.handleException(PeerProxyMap.java:136)
	at org.apache.ratis.client.impl.RaftClientRpcWithProxy.handleException(RaftClientRpcWithProxy.java:47)
	at org.apache.ratis.client.impl.RaftClientImpl.handleIOException(RaftClientImpl.java:372)
	at org.apache.ratis.client.impl.OrderedAsync.lambda$sendRequest$10(OrderedAsync.java:236)
	at java.util.concurrent.CompletableFuture.uniExceptionally(CompletableFuture.java:870)
	at java.util.concurrent.CompletableFuture$UniExceptionally.tryFire(CompletableFuture.java:852)
	at java.util.concurrent.CompletableFuture.postComplete(CompletableFuture.java:474)
	at java.util.concurrent.CompletableFuture.completeExceptionally(CompletableFuture.java:1977)
	at org.apache.ratis.grpc.client.GrpcClientProtocolClient$AsyncStreamObservers.lambda$timeoutCheck$3(GrpcClientProtocolClient.java:324)
	at java.util.Optional.ifPresent(Optional.java:159)
	at org.apache.ratis.grpc.client.GrpcClientProtocolClient$AsyncStreamObservers.handleReplyFuture(GrpcClientProtocolClient.java:329)
	at org.apache.ratis.grpc.client.GrpcClientProtocolClient$AsyncStreamObservers.timeoutCheck(GrpcClientProtocolClient.java:324)
	at org.apache.ratis.grpc.client.GrpcClientProtocolClient$AsyncStreamObservers.lambda$onNext$1(GrpcClientProtocolClient.java:318)
	at org.apache.ratis.util.TimeoutScheduler.lambda$onTimeout$0(TimeoutScheduler.java:113)
	at org.apache.ratis.util.TimeoutScheduler.lambda$onTimeout$1(TimeoutScheduler.java:133)
	at org.apache.ratis.util.LogUtils.runAndLog(LogUtils.java:50)
	at org.apache.ratis.util.LogUtils$1.run(LogUtils.java:91)
	at java.util.concurrent.Executors$RunnableAdapter.call(Executors.java:511)
	at java.util.concurrent.FutureTask.run(FutureTask.java:266)
	at java.util.concurrent.ScheduledThreadPoolExecutor$ScheduledFutureTask.access$201(ScheduledThreadPoolExecutor.java:180)
	at java.util.concurrent.ScheduledThreadPoolExecutor$ScheduledFutureTask.run(ScheduledThreadPoolExecutor.java:293)
	at java.util.concurrent.ThreadPoolExecutor.runWorker(ThreadPoolExecutor.java:1149)
	at java.util.concurrent.ThreadPoolExecutor$Worker.run(ThreadPoolExecutor.java:624)
	at java.lang.Thread.run(Thread.java:748)
2019-10-10 01:20:58,451 [java.util.concurrent.ThreadPoolExecutor$Worker@4cc4ee6d[State = -1, empty queue]] WARN  util.TimeoutScheduler (LogUtils.java:runAndLog(55)) - Failed to task #0: java.lang.NullPointerException
 0.00% |█                                                                                                    |  0/1 Time: 0:05:04 0.00% |█                                                                                                    |  0/1 Time: 0:05:05 0.00% |█                                                                                                    |  0/1 Time: 0:05:06 0.00% |█                                                                                                    |  0/1 Time: 0:05:072019-10-10 01:21:02,484 [java.util.concurrent.ThreadPoolExecutor$Worker@1690bf31[State = -1, empty queue]] ERROR client.GrpcClientProtocolClient (GrpcClientProtocolClient.java:close(148)) - Unexpected exception while waiting for channel termination
java.lang.InterruptedException
	at java.util.concurrent.locks.AbstractQueuedSynchronizer.tryAcquireSharedNanos(AbstractQueuedSynchronizer.java:1326)
	at java.util.concurrent.CountDownLatch.await(CountDownLatch.java:277)
	at org.apache.ratis.thirdparty.io.grpc.internal.ManagedChannelImpl.awaitTermination(ManagedChannelImpl.java:763)
	at org.apache.ratis.thirdparty.io.grpc.internal.ForwardingManagedChannel.awaitTermination(ForwardingManagedChannel.java:57)
	at org.apache.ratis.thirdparty.io.grpc.internal.ManagedChannelOrphanWrapper.awaitTermination(ManagedChannelOrphanWrapper.java:70)
	at org.apache.ratis.grpc.client.GrpcClientProtocolClient.close(GrpcClientProtocolClient.java:146)
	at org.apache.ratis.util.PeerProxyMap$PeerAndProxy.lambda$close$1(PeerProxyMap.java:74)
	at org.apache.ratis.util.LifeCycle.lambda$checkStateAndClose$2(LifeCycle.java:231)
	at org.apache.ratis.util.LifeCycle.checkStateAndClose(LifeCycle.java:251)
	at org.apache.ratis.util.LifeCycle.checkStateAndClose(LifeCycle.java:229)
	at org.apache.ratis.util.PeerProxyMap$PeerAndProxy.close(PeerProxyMap.java:70)
	at org.apache.ratis.util.PeerProxyMap.resetProxy(PeerProxyMap.java:127)
	at org.apache.ratis.util.PeerProxyMap.handleException(PeerProxyMap.java:136)
	at org.apache.ratis.client.impl.RaftClientRpcWithProxy.handleException(RaftClientRpcWithProxy.java:47)
	at org.apache.ratis.client.impl.RaftClientImpl.handleIOException(RaftClientImpl.java:372)
	at org.apache.ratis.client.impl.OrderedAsync.lambda$sendRequest$10(OrderedAsync.java:236)
	at java.util.concurrent.CompletableFuture.uniExceptionally(CompletableFuture.java:870)
	at java.util.concurrent.CompletableFuture$UniExceptionally.tryFire(CompletableFuture.java:852)
	at java.util.concurrent.CompletableFuture.postComplete(CompletableFuture.java:474)
	at java.util.concurrent.CompletableFuture.completeExceptionally(CompletableFuture.java:1977)
	at org.apache.ratis.grpc.client.GrpcClientProtocolClient$AsyncStreamObservers.lambda$timeoutCheck$3(GrpcClientProtocolClient.java:324)
	at java.util.Optional.ifPresent(Optional.java:159)
	at org.apache.ratis.grpc.client.GrpcClientProtocolClient$AsyncStreamObservers.handleReplyFuture(GrpcClientProtocolClient.java:329)
	at org.apache.ratis.grpc.client.GrpcClientProtocolClient$AsyncStreamObservers.timeoutCheck(GrpcClientProtocolClient.java:324)
	at org.apache.ratis.grpc.client.GrpcClientProtocolClient$AsyncStreamObservers.lambda$onNext$1(GrpcClientProtocolClient.java:318)
	at org.apache.ratis.util.TimeoutScheduler.lambda$onTimeout$0(TimeoutScheduler.java:113)
	at org.apache.ratis.util.TimeoutScheduler.lambda$onTimeout$1(TimeoutScheduler.java:133)
	at org.apache.ratis.util.LogUtils.runAndLog(LogUtils.java:50)
	at org.apache.ratis.util.LogUtils$1.run(LogUtils.java:91)
	at java.util.concurrent.Executors$RunnableAdapter.call(Executors.java:511)
	at java.util.concurrent.FutureTask.run(FutureTask.java:266)
	at java.util.concurrent.ScheduledThreadPoolExecutor$ScheduledFutureTask.access$201(ScheduledThreadPoolExecutor.java:180)
	at java.util.concurrent.ScheduledThreadPoolExecutor$ScheduledFutureTask.run(ScheduledThreadPoolExecutor.java:293)
	at java.util.concurrent.ThreadPoolExecutor.runWorker(ThreadPoolExecutor.java:1149)
	at java.util.concurrent.ThreadPoolExecutor$Worker.run(ThreadPoolExecutor.java:624)
	at java.lang.Thread.run(Thread.java:748)
2019-10-10 01:21:02,498 [java.util.concurrent.ThreadPoolExecutor$Worker@1690bf31[State = -1, empty queue]] WARN  util.TimeoutScheduler (LogUtils.java:runAndLog(55)) - Failed to task #0: java.lang.NullPointerException
 0.00% |█                                                                                                    |  0/1 Time: 0:05:08 0.00% |█                                                                                                    |  0/1 Time: 0:05:09 0.00% |█                                                                                                    |  0/1 Time: 0:05:10 0.00% |█                                                                                                    |  0/1 Time: 0:05:112019-10-10 01:21:06,532 [java.util.concurrent.ThreadPoolExecutor$Worker@39de1425[State = -1, empty queue]] ERROR client.GrpcClientProtocolClient (GrpcClientProtocolClient.java:close(148)) - Unexpected exception while waiting for channel termination
java.lang.InterruptedException
	at java.util.concurrent.locks.AbstractQueuedSynchronizer.tryAcquireSharedNanos(AbstractQueuedSynchronizer.java:1326)
	at java.util.concurrent.CountDownLatch.await(CountDownLatch.java:277)
	at org.apache.ratis.thirdparty.io.grpc.internal.ManagedChannelImpl.awaitTermination(ManagedChannelImpl.java:763)
	at org.apache.ratis.thirdparty.io.grpc.internal.ForwardingManagedChannel.awaitTermination(ForwardingManagedChannel.java:57)
	at org.apache.ratis.thirdparty.io.grpc.internal.ManagedChannelOrphanWrapper.awaitTermination(ManagedChannelOrphanWrapper.java:70)
	at org.apache.ratis.grpc.client.GrpcClientProtocolClient.close(GrpcClientProtocolClient.java:146)
	at org.apache.ratis.util.PeerProxyMap$PeerAndProxy.lambda$close$1(PeerProxyMap.java:74)
	at org.apache.ratis.util.LifeCycle.lambda$checkStateAndClose$2(LifeCycle.java:231)
	at org.apache.ratis.util.LifeCycle.checkStateAndClose(LifeCycle.java:251)
	at org.apache.ratis.util.LifeCycle.checkStateAndClose(LifeCycle.java:229)
	at org.apache.ratis.util.PeerProxyMap$PeerAndProxy.close(PeerProxyMap.java:70)
	at org.apache.ratis.util.PeerProxyMap.resetProxy(PeerProxyMap.java:127)
	at org.apache.ratis.util.PeerProxyMap.handleException(PeerProxyMap.java:136)
	at org.apache.ratis.client.impl.RaftClientRpcWithProxy.handleException(RaftClientRpcWithProxy.java:47)
	at org.apache.ratis.client.impl.RaftClientImpl.handleIOException(RaftClientImpl.java:372)
	at org.apache.ratis.client.impl.OrderedAsync.lambda$sendRequest$10(OrderedAsync.java:236)
	at java.util.concurrent.CompletableFuture.uniExceptionally(CompletableFuture.java:870)
	at java.util.concurrent.CompletableFuture$UniExceptionally.tryFire(CompletableFuture.java:852)
	at java.util.concurrent.CompletableFuture.postComplete(CompletableFuture.java:474)
	at java.util.concurrent.CompletableFuture.completeExceptionally(CompletableFuture.java:1977)
	at org.apache.ratis.grpc.client.GrpcClientProtocolClient$AsyncStreamObservers.lambda$timeoutCheck$3(GrpcClientProtocolClient.java:324)
	at java.util.Optional.ifPresent(Optional.java:159)
	at org.apache.ratis.grpc.client.GrpcClientProtocolClient$AsyncStreamObservers.handleReplyFuture(GrpcClientProtocolClient.java:329)
	at org.apache.ratis.grpc.client.GrpcClientProtocolClient$AsyncStreamObservers.timeoutCheck(GrpcClientProtocolClient.java:324)
	at org.apache.ratis.grpc.client.GrpcClientProtocolClient$AsyncStreamObservers.lambda$onNext$1(GrpcClientProtocolClient.java:318)
	at org.apache.ratis.util.TimeoutScheduler.lambda$onTimeout$0(TimeoutScheduler.java:113)
	at org.apache.ratis.util.TimeoutScheduler.lambda$onTimeout$1(TimeoutScheduler.java:133)
	at org.apache.ratis.util.LogUtils.runAndLog(LogUtils.java:50)
	at org.apache.ratis.util.LogUtils$1.run(LogUtils.java:91)
	at java.util.concurrent.Executors$RunnableAdapter.call(Executors.java:511)
	at java.util.concurrent.FutureTask.run(FutureTask.java:266)
	at java.util.concurrent.ScheduledThreadPoolExecutor$ScheduledFutureTask.access$201(ScheduledThreadPoolExecutor.java:180)
	at java.util.concurrent.ScheduledThreadPoolExecutor$ScheduledFutureTask.run(ScheduledThreadPoolExecutor.java:293)
	at java.util.concurrent.ThreadPoolExecutor.runWorker(ThreadPoolExecutor.java:1149)
	at java.util.concurrent.ThreadPoolExecutor$Worker.run(ThreadPoolExecutor.java:624)
	at java.lang.Thread.run(Thread.java:748)
2019-10-10 01:21:06,534 [java.util.concurrent.ThreadPoolExecutor$Worker@39de1425[State = -1, empty queue]] WARN  util.TimeoutScheduler (LogUtils.java:runAndLog(55)) - Failed to task #0: java.lang.NullPointerException
 0.00% |█                                                                                                    |  0/1 Time: 0:05:12 0.00% |█                                                                                                    |  0/1 Time: 0:05:13 0.00% |█                                                                                                    |  0/1 Time: 0:05:14 0.00% |█                                                                                                    |  0/1 Time: 0:05:152019-10-10 01:21:10,564 [java.util.concurrent.ThreadPoolExecutor$Worker@78d69f3[State = -1, empty queue]] ERROR client.GrpcClientProtocolClient (GrpcClientProtocolClient.java:close(148)) - Unexpected exception while waiting for channel termination
java.lang.InterruptedException
	at java.util.concurrent.locks.AbstractQueuedSynchronizer.tryAcquireSharedNanos(AbstractQueuedSynchronizer.java:1326)
	at java.util.concurrent.CountDownLatch.await(CountDownLatch.java:277)
	at org.apache.ratis.thirdparty.io.grpc.internal.ManagedChannelImpl.awaitTermination(ManagedChannelImpl.java:763)
	at org.apache.ratis.thirdparty.io.grpc.internal.ForwardingManagedChannel.awaitTermination(ForwardingManagedChannel.java:57)
	at org.apache.ratis.thirdparty.io.grpc.internal.ManagedChannelOrphanWrapper.awaitTermination(ManagedChannelOrphanWrapper.java:70)
	at org.apache.ratis.grpc.client.GrpcClientProtocolClient.close(GrpcClientProtocolClient.java:146)
	at org.apache.ratis.util.PeerProxyMap$PeerAndProxy.lambda$close$1(PeerProxyMap.java:74)
	at org.apache.ratis.util.LifeCycle.lambda$checkStateAndClose$2(LifeCycle.java:231)
	at org.apache.ratis.util.LifeCycle.checkStateAndClose(LifeCycle.java:251)
	at org.apache.ratis.util.LifeCycle.checkStateAndClose(LifeCycle.java:229)
	at org.apache.ratis.util.PeerProxyMap$PeerAndProxy.close(PeerProxyMap.java:70)
	at org.apache.ratis.util.PeerProxyMap.resetProxy(PeerProxyMap.java:127)
	at org.apache.ratis.util.PeerProxyMap.handleException(PeerProxyMap.java:136)
	at org.apache.ratis.client.impl.RaftClientRpcWithProxy.handleException(RaftClientRpcWithProxy.java:47)
	at org.apache.ratis.client.impl.RaftClientImpl.handleIOException(RaftClientImpl.java:372)
	at org.apache.ratis.client.impl.OrderedAsync.lambda$sendRequest$10(OrderedAsync.java:236)
	at java.util.concurrent.CompletableFuture.uniExceptionally(CompletableFuture.java:870)
	at java.util.concurrent.CompletableFuture$UniExceptionally.tryFire(CompletableFuture.java:852)
	at java.util.concurrent.CompletableFuture.postComplete(CompletableFuture.java:474)
	at java.util.concurrent.CompletableFuture.completeExceptionally(CompletableFuture.java:1977)
	at org.apache.ratis.grpc.client.GrpcClientProtocolClient$AsyncStreamObservers.lambda$timeoutCheck$3(GrpcClientProtocolClient.java:324)
	at java.util.Optional.ifPresent(Optional.java:159)
	at org.apache.ratis.grpc.client.GrpcClientProtocolClient$AsyncStreamObservers.handleReplyFuture(GrpcClientProtocolClient.java:329)
	at org.apache.ratis.grpc.client.GrpcClientProtocolClient$AsyncStreamObservers.timeoutCheck(GrpcClientProtocolClient.java:324)
	at org.apache.ratis.grpc.client.GrpcClientProtocolClient$AsyncStreamObservers.lambda$onNext$1(GrpcClientProtocolClient.java:318)
	at org.apache.ratis.util.TimeoutScheduler.lambda$onTimeout$0(TimeoutScheduler.java:113)
	at org.apache.ratis.util.TimeoutScheduler.lambda$onTimeout$1(TimeoutScheduler.java:133)
	at org.apache.ratis.util.LogUtils.runAndLog(LogUtils.java:50)
	at org.apache.ratis.util.LogUtils$1.run(LogUtils.java:91)
	at java.util.concurrent.Executors$RunnableAdapter.call(Executors.java:511)
	at java.util.concurrent.FutureTask.run(FutureTask.java:266)
	at java.util.concurrent.ScheduledThreadPoolExecutor$ScheduledFutureTask.access$201(ScheduledThreadPoolExecutor.java:180)
	at java.util.concurrent.ScheduledThreadPoolExecutor$ScheduledFutureTask.run(ScheduledThreadPoolExecutor.java:293)
	at java.util.concurrent.ThreadPoolExecutor.runWorker(ThreadPoolExecutor.java:1149)
	at java.util.concurrent.ThreadPoolExecutor$Worker.run(ThreadPoolExecutor.java:624)
	at java.lang.Thread.run(Thread.java:748)
2019-10-10 01:21:10,565 [java.util.concurrent.ThreadPoolExecutor$Worker@78d69f3[State = -1, empty queue]] WARN  util.TimeoutScheduler (LogUtils.java:runAndLog(55)) - Failed to task #0: java.lang.NullPointerException
 0.00% |█                                                                                                    |  0/1 Time: 0:05:16 0.00% |█                                                                                                    |  0/1 Time: 0:05:17 0.00% |█                                                                                                    |  0/1 Time: 0:05:18 0.00% |█                                                                                                    |  0/1 Time: 0:05:192019-10-10 01:21:14,599 [java.util.concurrent.ThreadPoolExecutor$Worker@60db36ff[State = -1, empty queue]] ERROR client.GrpcClientProtocolClient (GrpcClientProtocolClient.java:close(148)) - Unexpected exception while waiting for channel termination
java.lang.InterruptedException
	at java.util.concurrent.locks.AbstractQueuedSynchronizer.tryAcquireSharedNanos(AbstractQueuedSynchronizer.java:1326)
	at java.util.concurrent.CountDownLatch.await(CountDownLatch.java:277)
	at org.apache.ratis.thirdparty.io.grpc.internal.ManagedChannelImpl.awaitTermination(ManagedChannelImpl.java:763)
	at org.apache.ratis.thirdparty.io.grpc.internal.ForwardingManagedChannel.awaitTermination(ForwardingManagedChannel.java:57)
	at org.apache.ratis.thirdparty.io.grpc.internal.ManagedChannelOrphanWrapper.awaitTermination(ManagedChannelOrphanWrapper.java:70)
	at org.apache.ratis.grpc.client.GrpcClientProtocolClient.close(GrpcClientProtocolClient.java:146)
	at org.apache.ratis.util.PeerProxyMap$PeerAndProxy.lambda$close$1(PeerProxyMap.java:74)
	at org.apache.ratis.util.LifeCycle.lambda$checkStateAndClose$2(LifeCycle.java:231)
	at org.apache.ratis.util.LifeCycle.checkStateAndClose(LifeCycle.java:251)
	at org.apache.ratis.util.LifeCycle.checkStateAndClose(LifeCycle.java:229)
	at org.apache.ratis.util.PeerProxyMap$PeerAndProxy.close(PeerProxyMap.java:70)
	at org.apache.ratis.util.PeerProxyMap.resetProxy(PeerProxyMap.java:127)
	at org.apache.ratis.util.PeerProxyMap.handleException(PeerProxyMap.java:136)
	at org.apache.ratis.client.impl.RaftClientRpcWithProxy.handleException(RaftClientRpcWithProxy.java:47)
	at org.apache.ratis.client.impl.RaftClientImpl.handleIOException(RaftClientImpl.java:372)
	at org.apache.ratis.client.impl.OrderedAsync.lambda$sendRequest$10(OrderedAsync.java:236)
	at java.util.concurrent.CompletableFuture.uniExceptionally(CompletableFuture.java:870)
	at java.util.concurrent.CompletableFuture$UniExceptionally.tryFire(CompletableFuture.java:852)
	at java.util.concurrent.CompletableFuture.postComplete(CompletableFuture.java:474)
	at java.util.concurrent.CompletableFuture.completeExceptionally(CompletableFuture.java:1977)
	at org.apache.ratis.grpc.client.GrpcClientProtocolClient$AsyncStreamObservers.lambda$timeoutCheck$3(GrpcClientProtocolClient.java:324)
	at java.util.Optional.ifPresent(Optional.java:159)
	at org.apache.ratis.grpc.client.GrpcClientProtocolClient$AsyncStreamObservers.handleReplyFuture(GrpcClientProtocolClient.java:329)
	at org.apache.ratis.grpc.client.GrpcClientProtocolClient$AsyncStreamObservers.timeoutCheck(GrpcClientProtocolClient.java:324)
	at org.apache.ratis.grpc.client.GrpcClientProtocolClient$AsyncStreamObservers.lambda$onNext$1(GrpcClientProtocolClient.java:318)
	at org.apache.ratis.util.TimeoutScheduler.lambda$onTimeout$0(TimeoutScheduler.java:113)
	at org.apache.ratis.util.TimeoutScheduler.lambda$onTimeout$1(TimeoutScheduler.java:133)
	at org.apache.ratis.util.LogUtils.runAndLog(LogUtils.java:50)
	at org.apache.ratis.util.LogUtils$1.run(LogUtils.java:91)
	at java.util.concurrent.Executors$RunnableAdapter.call(Executors.java:511)
	at java.util.concurrent.FutureTask.run(FutureTask.java:266)
	at java.util.concurrent.ScheduledThreadPoolExecutor$ScheduledFutureTask.access$201(ScheduledThreadPoolExecutor.java:180)
	at java.util.concurrent.ScheduledThreadPoolExecutor$ScheduledFutureTask.run(ScheduledThreadPoolExecutor.java:293)
	at java.util.concurrent.ThreadPoolExecutor.runWorker(ThreadPoolExecutor.java:1149)
	at java.util.concurrent.ThreadPoolExecutor$Worker.run(ThreadPoolExecutor.java:624)
	at java.lang.Thread.run(Thread.java:748)
2019-10-10 01:21:14,600 [java.util.concurrent.ThreadPoolExecutor$Worker@60db36ff[State = -1, empty queue]] WARN  util.TimeoutScheduler (LogUtils.java:runAndLog(55)) - Failed to task #0: java.lang.NullPointerException
 0.00% |█                                                                                                    |  0/1 Time: 0:05:20 0.00% |█                                                                                                    |  0/1 Time: 0:05:21 0.00% |█                                                                                                    |  0/1 Time: 0:05:22 0.00% |█                                                                                                    |  0/1 Time: 0:05:23 0.00% |█                                                                                                    |  0/1 Time: 0:05:242019-10-10 01:21:18,638 [java.util.concurrent.ThreadPoolExecutor$Worker@72ada15[State = -1, empty queue]] ERROR client.GrpcClientProtocolClient (GrpcClientProtocolClient.java:close(148)) - Unexpected exception while waiting for channel termination
java.lang.InterruptedException
	at java.util.concurrent.locks.AbstractQueuedSynchronizer.tryAcquireSharedNanos(AbstractQueuedSynchronizer.java:1326)
	at java.util.concurrent.CountDownLatch.await(CountDownLatch.java:277)
	at org.apache.ratis.thirdparty.io.grpc.internal.ManagedChannelImpl.awaitTermination(ManagedChannelImpl.java:763)
	at org.apache.ratis.thirdparty.io.grpc.internal.ForwardingManagedChannel.awaitTermination(ForwardingManagedChannel.java:57)
	at org.apache.ratis.thirdparty.io.grpc.internal.ManagedChannelOrphanWrapper.awaitTermination(ManagedChannelOrphanWrapper.java:70)
	at org.apache.ratis.grpc.client.GrpcClientProtocolClient.close(GrpcClientProtocolClient.java:146)
	at org.apache.ratis.util.PeerProxyMap$PeerAndProxy.lambda$close$1(PeerProxyMap.java:74)
	at org.apache.ratis.util.LifeCycle.lambda$checkStateAndClose$2(LifeCycle.java:231)
	at org.apache.ratis.util.LifeCycle.checkStateAndClose(LifeCycle.java:251)
	at org.apache.ratis.util.LifeCycle.checkStateAndClose(LifeCycle.java:229)
	at org.apache.ratis.util.PeerProxyMap$PeerAndProxy.close(PeerProxyMap.java:70)
	at org.apache.ratis.util.PeerProxyMap.resetProxy(PeerProxyMap.java:127)
	at org.apache.ratis.util.PeerProxyMap.handleException(PeerProxyMap.java:136)
	at org.apache.ratis.client.impl.RaftClientRpcWithProxy.handleException(RaftClientRpcWithProxy.java:47)
	at org.apache.ratis.client.impl.RaftClientImpl.handleIOException(RaftClientImpl.java:372)
	at org.apache.ratis.client.impl.OrderedAsync.lambda$sendRequest$10(OrderedAsync.java:236)
	at java.util.concurrent.CompletableFuture.uniExceptionally(CompletableFuture.java:870)
	at java.util.concurrent.CompletableFuture$UniExceptionally.tryFire(CompletableFuture.java:852)
	at java.util.concurrent.CompletableFuture.postComplete(CompletableFuture.java:474)
	at java.util.concurrent.CompletableFuture.completeExceptionally(CompletableFuture.java:1977)
	at org.apache.ratis.grpc.client.GrpcClientProtocolClient$AsyncStreamObservers.lambda$timeoutCheck$3(GrpcClientProtocolClient.java:324)
	at java.util.Optional.ifPresent(Optional.java:159)
	at org.apache.ratis.grpc.client.GrpcClientProtocolClient$AsyncStreamObservers.handleReplyFuture(GrpcClientProtocolClient.java:329)
	at org.apache.ratis.grpc.client.GrpcClientProtocolClient$AsyncStreamObservers.timeoutCheck(GrpcClientProtocolClient.java:324)
	at org.apache.ratis.grpc.client.GrpcClientProtocolClient$AsyncStreamObservers.lambda$onNext$1(GrpcClientProtocolClient.java:318)
	at org.apache.ratis.util.TimeoutScheduler.lambda$onTimeout$0(TimeoutScheduler.java:113)
	at org.apache.ratis.util.TimeoutScheduler.lambda$onTimeout$1(TimeoutScheduler.java:133)
	at org.apache.ratis.util.LogUtils.runAndLog(LogUtils.java:50)
	at org.apache.ratis.util.LogUtils$1.run(LogUtils.java:91)
	at java.util.concurrent.Executors$RunnableAdapter.call(Executors.java:511)
	at java.util.concurrent.FutureTask.run(FutureTask.java:266)
	at java.util.concurrent.ScheduledThreadPoolExecutor$ScheduledFutureTask.access$201(ScheduledThreadPoolExecutor.java:180)
	at java.util.concurrent.ScheduledThreadPoolExecutor$ScheduledFutureTask.run(ScheduledThreadPoolExecutor.java:293)
	at java.util.concurrent.ThreadPoolExecutor.runWorker(ThreadPoolExecutor.java:1149)
	at java.util.concurrent.ThreadPoolExecutor$Worker.run(ThreadPoolExecutor.java:624)
	at java.lang.Thread.run(Thread.java:748)
2019-10-10 01:21:18,639 [java.util.concurrent.ThreadPoolExecutor$Worker@72ada15[State = -1, empty queue]] WARN  util.TimeoutScheduler (LogUtils.java:runAndLog(55)) - Failed to task #0: java.lang.NullPointerException
 0.00% |█                                                                                                    |  0/1 Time: 0:05:25 0.00% |█                                                                                                    |  0/1 Time: 0:05:26 0.00% |█                                                                                                    |  0/1 Time: 0:05:27 0.00% |█                                                                                                    |  0/1 Time: 0:05:282019-10-10 01:21:22,684 [java.util.concurrent.ThreadPoolExecutor$Worker@3f7f0afa[State = -1, empty queue]] ERROR client.GrpcClientProtocolClient (GrpcClientProtocolClient.java:close(148)) - Unexpected exception while waiting for channel termination
java.lang.InterruptedException
	at java.util.concurrent.locks.AbstractQueuedSynchronizer.tryAcquireSharedNanos(AbstractQueuedSynchronizer.java:1326)
	at java.util.concurrent.CountDownLatch.await(CountDownLatch.java:277)
	at org.apache.ratis.thirdparty.io.grpc.internal.ManagedChannelImpl.awaitTermination(ManagedChannelImpl.java:763)
	at org.apache.ratis.thirdparty.io.grpc.internal.ForwardingManagedChannel.awaitTermination(ForwardingManagedChannel.java:57)
	at org.apache.ratis.thirdparty.io.grpc.internal.ManagedChannelOrphanWrapper.awaitTermination(ManagedChannelOrphanWrapper.java:70)
	at org.apache.ratis.grpc.client.GrpcClientProtocolClient.close(GrpcClientProtocolClient.java:146)
	at org.apache.ratis.util.PeerProxyMap$PeerAndProxy.lambda$close$1(PeerProxyMap.java:74)
	at org.apache.ratis.util.LifeCycle.lambda$checkStateAndClose$2(LifeCycle.java:231)
	at org.apache.ratis.util.LifeCycle.checkStateAndClose(LifeCycle.java:251)
	at org.apache.ratis.util.LifeCycle.checkStateAndClose(LifeCycle.java:229)
	at org.apache.ratis.util.PeerProxyMap$PeerAndProxy.close(PeerProxyMap.java:70)
	at org.apache.ratis.util.PeerProxyMap.resetProxy(PeerProxyMap.java:127)
	at org.apache.ratis.util.PeerProxyMap.handleException(PeerProxyMap.java:136)
	at org.apache.ratis.client.impl.RaftClientRpcWithProxy.handleException(RaftClientRpcWithProxy.java:47)
	at org.apache.ratis.client.impl.RaftClientImpl.handleIOException(RaftClientImpl.java:372)
	at org.apache.ratis.client.impl.OrderedAsync.lambda$sendRequest$10(OrderedAsync.java:236)
	at java.util.concurrent.CompletableFuture.uniExceptionally(CompletableFuture.java:870)
	at java.util.concurrent.CompletableFuture$UniExceptionally.tryFire(CompletableFuture.java:852)
	at java.util.concurrent.CompletableFuture.postComplete(CompletableFuture.java:474)
	at java.util.concurrent.CompletableFuture.completeExceptionally(CompletableFuture.java:1977)
	at org.apache.ratis.grpc.client.GrpcClientProtocolClient$AsyncStreamObservers.lambda$timeoutCheck$3(GrpcClientProtocolClient.java:324)
	at java.util.Optional.ifPresent(Optional.java:159)
	at org.apache.ratis.grpc.client.GrpcClientProtocolClient$AsyncStreamObservers.handleReplyFuture(GrpcClientProtocolClient.java:329)
	at org.apache.ratis.grpc.client.GrpcClientProtocolClient$AsyncStreamObservers.timeoutCheck(GrpcClientProtocolClient.java:324)
	at org.apache.ratis.grpc.client.GrpcClientProtocolClient$AsyncStreamObservers.lambda$onNext$1(GrpcClientProtocolClient.java:318)
	at org.apache.ratis.util.TimeoutScheduler.lambda$onTimeout$0(TimeoutScheduler.java:113)
	at org.apache.ratis.util.TimeoutScheduler.lambda$onTimeout$1(TimeoutScheduler.java:133)
	at org.apache.ratis.util.LogUtils.runAndLog(LogUtils.java:50)
	at org.apache.ratis.util.LogUtils$1.run(LogUtils.java:91)
	at java.util.concurrent.Executors$RunnableAdapter.call(Executors.java:511)
	at java.util.concurrent.FutureTask.run(FutureTask.java:266)
	at java.util.concurrent.ScheduledThreadPoolExecutor$ScheduledFutureTask.access$201(ScheduledThreadPoolExecutor.java:180)
	at java.util.concurrent.ScheduledThreadPoolExecutor$ScheduledFutureTask.run(ScheduledThreadPoolExecutor.java:293)
	at java.util.concurrent.ThreadPoolExecutor.runWorker(ThreadPoolExecutor.java:1149)
	at java.util.concurrent.ThreadPoolExecutor$Worker.run(ThreadPoolExecutor.java:624)
	at java.lang.Thread.run(Thread.java:748)
2019-10-10 01:21:22,686 [java.util.concurrent.ThreadPoolExecutor$Worker@3f7f0afa[State = -1, empty queue]] WARN  util.TimeoutScheduler (LogUtils.java:runAndLog(55)) - Failed to task #0: java.lang.NullPointerException
 0.00% |█                                                                                                    |  0/1 Time: 0:05:29 0.00% |█                                                                                                    |  0/1 Time: 0:05:30 0.00% |█                                                                                                    |  0/1 Time: 0:05:31 0.00% |█                                                                                                    |  0/1 Time: 0:05:322019-10-10 01:21:26,720 [java.util.concurrent.ThreadPoolExecutor$Worker@77baf91e[State = -1, empty queue]] ERROR client.GrpcClientProtocolClient (GrpcClientProtocolClient.java:close(148)) - Unexpected exception while waiting for channel termination
java.lang.InterruptedException
	at java.util.concurrent.locks.AbstractQueuedSynchronizer.tryAcquireSharedNanos(AbstractQueuedSynchronizer.java:1326)
	at java.util.concurrent.CountDownLatch.await(CountDownLatch.java:277)
	at org.apache.ratis.thirdparty.io.grpc.internal.ManagedChannelImpl.awaitTermination(ManagedChannelImpl.java:763)
	at org.apache.ratis.thirdparty.io.grpc.internal.ForwardingManagedChannel.awaitTermination(ForwardingManagedChannel.java:57)
	at org.apache.ratis.thirdparty.io.grpc.internal.ManagedChannelOrphanWrapper.awaitTermination(ManagedChannelOrphanWrapper.java:70)
	at org.apache.ratis.grpc.client.GrpcClientProtocolClient.close(GrpcClientProtocolClient.java:146)
	at org.apache.ratis.util.PeerProxyMap$PeerAndProxy.lambda$close$1(PeerProxyMap.java:74)
	at org.apache.ratis.util.LifeCycle.lambda$checkStateAndClose$2(LifeCycle.java:231)
	at org.apache.ratis.util.LifeCycle.checkStateAndClose(LifeCycle.java:251)
	at org.apache.ratis.util.LifeCycle.checkStateAndClose(LifeCycle.java:229)
	at org.apache.ratis.util.PeerProxyMap$PeerAndProxy.close(PeerProxyMap.java:70)
	at org.apache.ratis.util.PeerProxyMap.resetProxy(PeerProxyMap.java:127)
	at org.apache.ratis.util.PeerProxyMap.handleException(PeerProxyMap.java:136)
	at org.apache.ratis.client.impl.RaftClientRpcWithProxy.handleException(RaftClientRpcWithProxy.java:47)
	at org.apache.ratis.client.impl.RaftClientImpl.handleIOException(RaftClientImpl.java:372)
	at org.apache.ratis.client.impl.OrderedAsync.lambda$sendRequest$10(OrderedAsync.java:236)
	at java.util.concurrent.CompletableFuture.uniExceptionally(CompletableFuture.java:870)
	at java.util.concurrent.CompletableFuture$UniExceptionally.tryFire(CompletableFuture.java:852)
	at java.util.concurrent.CompletableFuture.postComplete(CompletableFuture.java:474)
	at java.util.concurrent.CompletableFuture.completeExceptionally(CompletableFuture.java:1977)
	at org.apache.ratis.grpc.client.GrpcClientProtocolClient$AsyncStreamObservers.lambda$timeoutCheck$3(GrpcClientProtocolClient.java:324)
	at java.util.Optional.ifPresent(Optional.java:159)
	at org.apache.ratis.grpc.client.GrpcClientProtocolClient$AsyncStreamObservers.handleReplyFuture(GrpcClientProtocolClient.java:329)
	at org.apache.ratis.grpc.client.GrpcClientProtocolClient$AsyncStreamObservers.timeoutCheck(GrpcClientProtocolClient.java:324)
	at org.apache.ratis.grpc.client.GrpcClientProtocolClient$AsyncStreamObservers.lambda$onNext$1(GrpcClientProtocolClient.java:318)
	at org.apache.ratis.util.TimeoutScheduler.lambda$onTimeout$0(TimeoutScheduler.java:113)
	at org.apache.ratis.util.TimeoutScheduler.lambda$onTimeout$1(TimeoutScheduler.java:133)
	at org.apache.ratis.util.LogUtils.runAndLog(LogUtils.java:50)
	at org.apache.ratis.util.LogUtils$1.run(LogUtils.java:91)
	at java.util.concurrent.Executors$RunnableAdapter.call(Executors.java:511)
	at java.util.concurrent.FutureTask.run(FutureTask.java:266)
	at java.util.concurrent.ScheduledThreadPoolExecutor$ScheduledFutureTask.access$201(ScheduledThreadPoolExecutor.java:180)
	at java.util.concurrent.ScheduledThreadPoolExecutor$ScheduledFutureTask.run(ScheduledThreadPoolExecutor.java:293)
	at java.util.concurrent.ThreadPoolExecutor.runWorker(ThreadPoolExecutor.java:1149)
	at java.util.concurrent.ThreadPoolExecutor$Worker.run(ThreadPoolExecutor.java:624)
	at java.lang.Thread.run(Thread.java:748)
2019-10-10 01:21:26,722 [java.util.concurrent.ThreadPoolExecutor$Worker@77baf91e[State = -1, empty queue]] WARN  util.TimeoutScheduler (LogUtils.java:runAndLog(55)) - Failed to task #0: java.lang.NullPointerException
 0.00% |█                                                                                                    |  0/1 Time: 0:05:33 0.00% |█                                                                                                    |  0/1 Time: 0:05:34 0.00% |█                                                                                                    |  0/1 Time: 0:05:35 0.00% |█                                                                                                    |  0/1 Time: 0:05:362019-10-10 01:21:30,758 [java.util.concurrent.ThreadPoolExecutor$Worker@d5b1639[State = -1, empty queue]] ERROR client.GrpcClientProtocolClient (GrpcClientProtocolClient.java:close(148)) - Unexpected exception while waiting for channel termination
java.lang.InterruptedException
	at java.util.concurrent.locks.AbstractQueuedSynchronizer.tryAcquireSharedNanos(AbstractQueuedSynchronizer.java:1326)
	at java.util.concurrent.CountDownLatch.await(CountDownLatch.java:277)
	at org.apache.ratis.thirdparty.io.grpc.internal.ManagedChannelImpl.awaitTermination(ManagedChannelImpl.java:763)
	at org.apache.ratis.thirdparty.io.grpc.internal.ForwardingManagedChannel.awaitTermination(ForwardingManagedChannel.java:57)
	at org.apache.ratis.thirdparty.io.grpc.internal.ManagedChannelOrphanWrapper.awaitTermination(ManagedChannelOrphanWrapper.java:70)
	at org.apache.ratis.grpc.client.GrpcClientProtocolClient.close(GrpcClientProtocolClient.java:146)
	at org.apache.ratis.util.PeerProxyMap$PeerAndProxy.lambda$close$1(PeerProxyMap.java:74)
	at org.apache.ratis.util.LifeCycle.lambda$checkStateAndClose$2(LifeCycle.java:231)
	at org.apache.ratis.util.LifeCycle.checkStateAndClose(LifeCycle.java:251)
	at org.apache.ratis.util.LifeCycle.checkStateAndClose(LifeCycle.java:229)
	at org.apache.ratis.util.PeerProxyMap$PeerAndProxy.close(PeerProxyMap.java:70)
	at org.apache.ratis.util.PeerProxyMap.resetProxy(PeerProxyMap.java:127)
	at org.apache.ratis.util.PeerProxyMap.handleException(PeerProxyMap.java:136)
	at org.apache.ratis.client.impl.RaftClientRpcWithProxy.handleException(RaftClientRpcWithProxy.java:47)
	at org.apache.ratis.client.impl.RaftClientImpl.handleIOException(RaftClientImpl.java:372)
	at org.apache.ratis.client.impl.OrderedAsync.lambda$sendRequest$10(OrderedAsync.java:236)
	at java.util.concurrent.CompletableFuture.uniExceptionally(CompletableFuture.java:870)
	at java.util.concurrent.CompletableFuture$UniExceptionally.tryFire(CompletableFuture.java:852)
	at java.util.concurrent.CompletableFuture.postComplete(CompletableFuture.java:474)
	at java.util.concurrent.CompletableFuture.completeExceptionally(CompletableFuture.java:1977)
	at org.apache.ratis.grpc.client.GrpcClientProtocolClient$AsyncStreamObservers.lambda$timeoutCheck$3(GrpcClientProtocolClient.java:324)
	at java.util.Optional.ifPresent(Optional.java:159)
	at org.apache.ratis.grpc.client.GrpcClientProtocolClient$AsyncStreamObservers.handleReplyFuture(GrpcClientProtocolClient.java:329)
	at org.apache.ratis.grpc.client.GrpcClientProtocolClient$AsyncStreamObservers.timeoutCheck(GrpcClientProtocolClient.java:324)
	at org.apache.ratis.grpc.client.GrpcClientProtocolClient$AsyncStreamObservers.lambda$onNext$1(GrpcClientProtocolClient.java:318)
	at org.apache.ratis.util.TimeoutScheduler.lambda$onTimeout$0(TimeoutScheduler.java:113)
	at org.apache.ratis.util.TimeoutScheduler.lambda$onTimeout$1(TimeoutScheduler.java:133)
	at org.apache.ratis.util.LogUtils.runAndLog(LogUtils.java:50)
	at org.apache.ratis.util.LogUtils$1.run(LogUtils.java:91)
	at java.util.concurrent.Executors$RunnableAdapter.call(Executors.java:511)
	at java.util.concurrent.FutureTask.run(FutureTask.java:266)
	at java.util.concurrent.ScheduledThreadPoolExecutor$ScheduledFutureTask.access$201(ScheduledThreadPoolExecutor.java:180)
	at java.util.concurrent.ScheduledThreadPoolExecutor$ScheduledFutureTask.run(ScheduledThreadPoolExecutor.java:293)
	at java.util.concurrent.ThreadPoolExecutor.runWorker(ThreadPoolExecutor.java:1149)
	at java.util.concurrent.ThreadPoolExecutor$Worker.run(ThreadPoolExecutor.java:624)
	at java.lang.Thread.run(Thread.java:748)
2019-10-10 01:21:30,761 [java.util.concurrent.ThreadPoolExecutor$Worker@d5b1639[State = -1, empty queue]] WARN  util.TimeoutScheduler (LogUtils.java:runAndLog(55)) - Failed to task #0: java.lang.NullPointerException
 0.00% |█                                                                                                    |  0/1 Time: 0:05:37 0.00% |█                                                                                                    |  0/1 Time: 0:05:38 0.00% |█                                                                                                    |  0/1 Time: 0:05:39 0.00% |█                                                                                                    |  0/1 Time: 0:05:402019-10-10 01:21:34,793 [java.util.concurrent.ThreadPoolExecutor$Worker@57d95028[State = -1, empty queue]] ERROR client.GrpcClientProtocolClient (GrpcClientProtocolClient.java:close(148)) - Unexpected exception while waiting for channel termination
java.lang.InterruptedException
	at java.util.concurrent.locks.AbstractQueuedSynchronizer.tryAcquireSharedNanos(AbstractQueuedSynchronizer.java:1326)
	at java.util.concurrent.CountDownLatch.await(CountDownLatch.java:277)
	at org.apache.ratis.thirdparty.io.grpc.internal.ManagedChannelImpl.awaitTermination(ManagedChannelImpl.java:763)
	at org.apache.ratis.thirdparty.io.grpc.internal.ForwardingManagedChannel.awaitTermination(ForwardingManagedChannel.java:57)
	at org.apache.ratis.thirdparty.io.grpc.internal.ManagedChannelOrphanWrapper.awaitTermination(ManagedChannelOrphanWrapper.java:70)
	at org.apache.ratis.grpc.client.GrpcClientProtocolClient.close(GrpcClientProtocolClient.java:146)
	at org.apache.ratis.util.PeerProxyMap$PeerAndProxy.lambda$close$1(PeerProxyMap.java:74)
	at org.apache.ratis.util.LifeCycle.lambda$checkStateAndClose$2(LifeCycle.java:231)
	at org.apache.ratis.util.LifeCycle.checkStateAndClose(LifeCycle.java:251)
	at org.apache.ratis.util.LifeCycle.checkStateAndClose(LifeCycle.java:229)
	at org.apache.ratis.util.PeerProxyMap$PeerAndProxy.close(PeerProxyMap.java:70)
	at org.apache.ratis.util.PeerProxyMap.resetProxy(PeerProxyMap.java:127)
	at org.apache.ratis.util.PeerProxyMap.handleException(PeerProxyMap.java:136)
	at org.apache.ratis.client.impl.RaftClientRpcWithProxy.handleException(RaftClientRpcWithProxy.java:47)
	at org.apache.ratis.client.impl.RaftClientImpl.handleIOException(RaftClientImpl.java:372)
	at org.apache.ratis.client.impl.OrderedAsync.lambda$sendRequest$10(OrderedAsync.java:236)
	at java.util.concurrent.CompletableFuture.uniExceptionally(CompletableFuture.java:870)
	at java.util.concurrent.CompletableFuture$UniExceptionally.tryFire(CompletableFuture.java:852)
	at java.util.concurrent.CompletableFuture.postComplete(CompletableFuture.java:474)
	at java.util.concurrent.CompletableFuture.completeExceptionally(CompletableFuture.java:1977)
	at org.apache.ratis.grpc.client.GrpcClientProtocolClient$AsyncStreamObservers.lambda$timeoutCheck$3(GrpcClientProtocolClient.java:324)
	at java.util.Optional.ifPresent(Optional.java:159)
	at org.apache.ratis.grpc.client.GrpcClientProtocolClient$AsyncStreamObservers.handleReplyFuture(GrpcClientProtocolClient.java:329)
	at org.apache.ratis.grpc.client.GrpcClientProtocolClient$AsyncStreamObservers.timeoutCheck(GrpcClientProtocolClient.java:324)
	at org.apache.ratis.grpc.client.GrpcClientProtocolClient$AsyncStreamObservers.lambda$onNext$1(GrpcClientProtocolClient.java:318)
	at org.apache.ratis.util.TimeoutScheduler.lambda$onTimeout$0(TimeoutScheduler.java:113)
	at org.apache.ratis.util.TimeoutScheduler.lambda$onTimeout$1(TimeoutScheduler.java:133)
	at org.apache.ratis.util.LogUtils.runAndLog(LogUtils.java:50)
	at org.apache.ratis.util.LogUtils$1.run(LogUtils.java:91)
	at java.util.concurrent.Executors$RunnableAdapter.call(Executors.java:511)
	at java.util.concurrent.FutureTask.run(FutureTask.java:266)
	at java.util.concurrent.ScheduledThreadPoolExecutor$ScheduledFutureTask.access$201(ScheduledThreadPoolExecutor.java:180)
	at java.util.concurrent.ScheduledThreadPoolExecutor$ScheduledFutureTask.run(ScheduledThreadPoolExecutor.java:293)
	at java.util.concurrent.ThreadPoolExecutor.runWorker(ThreadPoolExecutor.java:1149)
	at java.util.concurrent.ThreadPoolExecutor$Worker.run(ThreadPoolExecutor.java:624)
	at java.lang.Thread.run(Thread.java:748)
2019-10-10 01:21:34,796 [java.util.concurrent.ThreadPoolExecutor$Worker@57d95028[State = -1, empty queue]] WARN  util.TimeoutScheduler (LogUtils.java:runAndLog(55)) - Failed to task #0: java.lang.NullPointerException
 0.00% |█                                                                                                    |  0/1 Time: 0:05:41 0.00% |█                                                                                                    |  0/1 Time: 0:05:42 0.00% |█                                                                                                    |  0/1 Time: 0:05:43 0.00% |█                                                                                                    |  0/1 Time: 0:05:442019-10-10 01:21:38,841 [java.util.concurrent.ThreadPoolExecutor$Worker@7a5625d6[State = -1, empty queue]] ERROR client.GrpcClientProtocolClient (GrpcClientProtocolClient.java:close(148)) - Unexpected exception while waiting for channel termination
java.lang.InterruptedException
	at java.util.concurrent.locks.AbstractQueuedSynchronizer.tryAcquireSharedNanos(AbstractQueuedSynchronizer.java:1326)
	at java.util.concurrent.CountDownLatch.await(CountDownLatch.java:277)
	at org.apache.ratis.thirdparty.io.grpc.internal.ManagedChannelImpl.awaitTermination(ManagedChannelImpl.java:763)
	at org.apache.ratis.thirdparty.io.grpc.internal.ForwardingManagedChannel.awaitTermination(ForwardingManagedChannel.java:57)
	at org.apache.ratis.thirdparty.io.grpc.internal.ManagedChannelOrphanWrapper.awaitTermination(ManagedChannelOrphanWrapper.java:70)
	at org.apache.ratis.grpc.client.GrpcClientProtocolClient.close(GrpcClientProtocolClient.java:146)
	at org.apache.ratis.util.PeerProxyMap$PeerAndProxy.lambda$close$1(PeerProxyMap.java:74)
	at org.apache.ratis.util.LifeCycle.lambda$checkStateAndClose$2(LifeCycle.java:231)
	at org.apache.ratis.util.LifeCycle.checkStateAndClose(LifeCycle.java:251)
	at org.apache.ratis.util.LifeCycle.checkStateAndClose(LifeCycle.java:229)
	at org.apache.ratis.util.PeerProxyMap$PeerAndProxy.close(PeerProxyMap.java:70)
	at org.apache.ratis.util.PeerProxyMap.resetProxy(PeerProxyMap.java:127)
	at org.apache.ratis.util.PeerProxyMap.handleException(PeerProxyMap.java:136)
	at org.apache.ratis.client.impl.RaftClientRpcWithProxy.handleException(RaftClientRpcWithProxy.java:47)
	at org.apache.ratis.client.impl.RaftClientImpl.handleIOException(RaftClientImpl.java:372)
	at org.apache.ratis.client.impl.OrderedAsync.lambda$sendRequest$10(OrderedAsync.java:236)
	at java.util.concurrent.CompletableFuture.uniExceptionally(CompletableFuture.java:870)
	at java.util.concurrent.CompletableFuture$UniExceptionally.tryFire(CompletableFuture.java:852)
	at java.util.concurrent.CompletableFuture.postComplete(CompletableFuture.java:474)
	at java.util.concurrent.CompletableFuture.completeExceptionally(CompletableFuture.java:1977)
	at org.apache.ratis.grpc.client.GrpcClientProtocolClient$AsyncStreamObservers.lambda$timeoutCheck$3(GrpcClientProtocolClient.java:324)
	at java.util.Optional.ifPresent(Optional.java:159)
	at org.apache.ratis.grpc.client.GrpcClientProtocolClient$AsyncStreamObservers.handleReplyFuture(GrpcClientProtocolClient.java:329)
	at org.apache.ratis.grpc.client.GrpcClientProtocolClient$AsyncStreamObservers.timeoutCheck(GrpcClientProtocolClient.java:324)
	at org.apache.ratis.grpc.client.GrpcClientProtocolClient$AsyncStreamObservers.lambda$onNext$1(GrpcClientProtocolClient.java:318)
	at org.apache.ratis.util.TimeoutScheduler.lambda$onTimeout$0(TimeoutScheduler.java:113)
	at org.apache.ratis.util.TimeoutScheduler.lambda$onTimeout$1(TimeoutScheduler.java:133)
	at org.apache.ratis.util.LogUtils.runAndLog(LogUtils.java:50)
	at org.apache.ratis.util.LogUtils$1.run(LogUtils.java:91)
	at java.util.concurrent.Executors$RunnableAdapter.call(Executors.java:511)
	at java.util.concurrent.FutureTask.run(FutureTask.java:266)
	at java.util.concurrent.ScheduledThreadPoolExecutor$ScheduledFutureTask.access$201(ScheduledThreadPoolExecutor.java:180)
	at java.util.concurrent.ScheduledThreadPoolExecutor$ScheduledFutureTask.run(ScheduledThreadPoolExecutor.java:293)
	at java.util.concurrent.ThreadPoolExecutor.runWorker(ThreadPoolExecutor.java:1149)
	at java.util.concurrent.ThreadPoolExecutor$Worker.run(ThreadPoolExecutor.java:624)
	at java.lang.Thread.run(Thread.java:748)
2019-10-10 01:21:38,842 [java.util.concurrent.ThreadPoolExecutor$Worker@7a5625d6[State = -1, empty queue]] WARN  util.TimeoutScheduler (LogUtils.java:runAndLog(55)) - Failed to task #0: java.lang.NullPointerException
 0.00% |█                                                                                                    |  0/1 Time: 0:05:45 0.00% |█                                                                                                    |  0/1 Time: 0:05:46 0.00% |█                                                                                                    |  0/1 Time: 0:05:47 0.00% |█                                                                                                    |  0/1 Time: 0:05:482019-10-10 01:21:42,874 [java.util.concurrent.ThreadPoolExecutor$Worker@371f0458[State = -1, empty queue]] ERROR client.GrpcClientProtocolClient (GrpcClientProtocolClient.java:close(148)) - Unexpected exception while waiting for channel termination
java.lang.InterruptedException
	at java.util.concurrent.locks.AbstractQueuedSynchronizer.tryAcquireSharedNanos(AbstractQueuedSynchronizer.java:1326)
	at java.util.concurrent.CountDownLatch.await(CountDownLatch.java:277)
	at org.apache.ratis.thirdparty.io.grpc.internal.ManagedChannelImpl.awaitTermination(ManagedChannelImpl.java:763)
	at org.apache.ratis.thirdparty.io.grpc.internal.ForwardingManagedChannel.awaitTermination(ForwardingManagedChannel.java:57)
	at org.apache.ratis.thirdparty.io.grpc.internal.ManagedChannelOrphanWrapper.awaitTermination(ManagedChannelOrphanWrapper.java:70)
	at org.apache.ratis.grpc.client.GrpcClientProtocolClient.close(GrpcClientProtocolClient.java:146)
	at org.apache.ratis.util.PeerProxyMap$PeerAndProxy.lambda$close$1(PeerProxyMap.java:74)
	at org.apache.ratis.util.LifeCycle.lambda$checkStateAndClose$2(LifeCycle.java:231)
	at org.apache.ratis.util.LifeCycle.checkStateAndClose(LifeCycle.java:251)
	at org.apache.ratis.util.LifeCycle.checkStateAndClose(LifeCycle.java:229)
	at org.apache.ratis.util.PeerProxyMap$PeerAndProxy.close(PeerProxyMap.java:70)
	at org.apache.ratis.util.PeerProxyMap.resetProxy(PeerProxyMap.java:127)
	at org.apache.ratis.util.PeerProxyMap.handleException(PeerProxyMap.java:136)
	at org.apache.ratis.client.impl.RaftClientRpcWithProxy.handleException(RaftClientRpcWithProxy.java:47)
	at org.apache.ratis.client.impl.RaftClientImpl.handleIOException(RaftClientImpl.java:372)
	at org.apache.ratis.client.impl.OrderedAsync.lambda$sendRequest$10(OrderedAsync.java:236)
	at java.util.concurrent.CompletableFuture.uniExceptionally(CompletableFuture.java:870)
	at java.util.concurrent.CompletableFuture$UniExceptionally.tryFire(CompletableFuture.java:852)
	at java.util.concurrent.CompletableFuture.postComplete(CompletableFuture.java:474)
	at java.util.concurrent.CompletableFuture.completeExceptionally(CompletableFuture.java:1977)
	at org.apache.ratis.grpc.client.GrpcClientProtocolClient$AsyncStreamObservers.lambda$timeoutCheck$3(GrpcClientProtocolClient.java:324)
	at java.util.Optional.ifPresent(Optional.java:159)
	at org.apache.ratis.grpc.client.GrpcClientProtocolClient$AsyncStreamObservers.handleReplyFuture(GrpcClientProtocolClient.java:329)
	at org.apache.ratis.grpc.client.GrpcClientProtocolClient$AsyncStreamObservers.timeoutCheck(GrpcClientProtocolClient.java:324)
	at org.apache.ratis.grpc.client.GrpcClientProtocolClient$AsyncStreamObservers.lambda$onNext$1(GrpcClientProtocolClient.java:318)
	at org.apache.ratis.util.TimeoutScheduler.lambda$onTimeout$0(TimeoutScheduler.java:113)
	at org.apache.ratis.util.TimeoutScheduler.lambda$onTimeout$1(TimeoutScheduler.java:133)
	at org.apache.ratis.util.LogUtils.runAndLog(LogUtils.java:50)
	at org.apache.ratis.util.LogUtils$1.run(LogUtils.java:91)
	at java.util.concurrent.Executors$RunnableAdapter.call(Executors.java:511)
	at java.util.concurrent.FutureTask.run(FutureTask.java:266)
	at java.util.concurrent.ScheduledThreadPoolExecutor$ScheduledFutureTask.access$201(ScheduledThreadPoolExecutor.java:180)
	at java.util.concurrent.ScheduledThreadPoolExecutor$ScheduledFutureTask.run(ScheduledThreadPoolExecutor.java:293)
	at java.util.concurrent.ThreadPoolExecutor.runWorker(ThreadPoolExecutor.java:1149)
	at java.util.concurrent.ThreadPoolExecutor$Worker.run(ThreadPoolExecutor.java:624)
	at java.lang.Thread.run(Thread.java:748)
2019-10-10 01:21:42,875 [java.util.concurrent.ThreadPoolExecutor$Worker@371f0458[State = -1, empty queue]] WARN  util.TimeoutScheduler (LogUtils.java:runAndLog(55)) - Failed to task #0: java.lang.NullPointerException
 0.00% |█                                                                                                    |  0/1 Time: 0:05:49 0.00% |█                                                                                                    |  0/1 Time: 0:05:502019-10-10 01:21:45,457 [grpc-default-executor-9] INFO  impl.RaftServerProxy (RaftServerProxy.java:remove(95)) - 4b92f2f8-e489-47a4-a90a-1d3fa2a9a07f: remove  FOLLOWER 4b92f2f8-e489-47a4-a90a-1d3fa2a9a07f@group-5AF3D701A001:t1, leader=fe8e0d95-22db-4b8a-875e-83bee4d716fb, voted=fe8e0d95-22db-4b8a-875e-83bee4d716fb, raftlog=4b92f2f8-e489-47a4-a90a-1d3fa2a9a07f@group-5AF3D701A001-SegmentedRaftLog:OPENED:c0,f2,i2, conf=0: [4b92f2f8-e489-47a4-a90a-1d3fa2a9a07f:192.168.151.118:35849, 993817e1-c77a-472e-865f-a6e34ffe7967:192.168.151.118:41261, fe8e0d95-22db-4b8a-875e-83bee4d716fb:192.168.151.118:34352], old=null RUNNING
2019-10-10 01:21:45,457 [grpc-default-executor-9] INFO  impl.RaftServerImpl (RaftServerImpl.java:lambda$shutdown$3(247)) - 4b92f2f8-e489-47a4-a90a-1d3fa2a9a07f@group-5AF3D701A001: shutdown
2019-10-10 01:21:45,458 [grpc-default-executor-9] INFO  util.JmxRegister (JmxRegister.java:unregister(73)) - Successfully un-registered JMX Bean with object name Ratis:service=RaftServer,group=group-5AF3D701A001,id=4b92f2f8-e489-47a4-a90a-1d3fa2a9a07f
2019-10-10 01:21:45,458 [grpc-default-executor-9] INFO  impl.RoleInfo (RoleInfo.java:shutdownFollowerState(121)) - 4b92f2f8-e489-47a4-a90a-1d3fa2a9a07f: shutdown FollowerState
2019-10-10 01:21:45,458 [grpc-default-executor-9] INFO  impl.StateMachineUpdater (StateMachineUpdater.java:stopAndJoin(136)) - 4b92f2f8-e489-47a4-a90a-1d3fa2a9a07f@group-5AF3D701A001-StateMachineUpdater: set stopIndex = 0
2019-10-10 01:21:45,459 [Thread-824] INFO  impl.FollowerState (FollowerState.java:run(117)) - 4b92f2f8-e489-47a4-a90a-1d3fa2a9a07f@group-5AF3D701A001-FollowerState was interrupted: java.lang.InterruptedException: sleep interrupted
2019-10-10 01:21:45,462 [grpc-default-executor-9] INFO  impl.RaftServerImpl (ServerState.java:close(387)) - 4b92f2f8-e489-47a4-a90a-1d3fa2a9a07f@group-5AF3D701A001: closes. applyIndex: 0
2019-10-10 01:21:45,463 [4b92f2f8-e489-47a4-a90a-1d3fa2a9a07f@group-5AF3D701A001-SegmentedRaftLogWorker] INFO  segmented.SegmentedRaftLogWorker (SegmentedRaftLogWorker.java:run(316)) - 4b92f2f8-e489-47a4-a90a-1d3fa2a9a07f@group-5AF3D701A001-SegmentedRaftLogWorker was interrupted, exiting. There are 0 tasks remaining in the queue.
2019-10-10 01:21:45,465 [grpc-default-executor-9] INFO  segmented.SegmentedRaftLogWorker (SegmentedRaftLogWorker.java:close(224)) - 4b92f2f8-e489-47a4-a90a-1d3fa2a9a07f@group-5AF3D701A001-SegmentedRaftLogWorker close()
2019-10-10 01:21:45,534 [grpc-default-executor-9] INFO  interfaces.Container (KeyValueContainer.java:flushAndSyncDB(386)) - Container 7 is synced with bcsId 0.
2019-10-10 01:21:45,534 [grpc-default-executor-9] INFO  interfaces.Container (KeyValueContainer.java:flushAndSyncDB(386)) - Container 7 is synced with bcsId 0.
2019-10-10 01:21:45,550 [EventQueue-IncrementalContainerReportForIncrementalContainerReportHandler] INFO  container.IncrementalContainerReportHandler (AbstractContainerReportHandler.java:updateContainerState(171)) - Moving container #7 to QUASI_CLOSED state, datanode 4b92f2f8-e489-47a4-a90a-1d3fa2a9a07f{ip: 192.168.151.118, host: pr-hdds-2194-jqrdw-3579824535, networkLocation: /default-rack, certSerialId: null} reported QUASI_CLOSED replica.
2019-10-10 01:21:45,556 [grpc-default-executor-9] INFO  impl.RaftServerProxy (RaftServerProxy.java:remove(95)) - fe8e0d95-22db-4b8a-875e-83bee4d716fb: remove    LEADER fe8e0d95-22db-4b8a-875e-83bee4d716fb@group-5AF3D701A001:t1, leader=fe8e0d95-22db-4b8a-875e-83bee4d716fb, voted=fe8e0d95-22db-4b8a-875e-83bee4d716fb, raftlog=fe8e0d95-22db-4b8a-875e-83bee4d716fb@group-5AF3D701A001-SegmentedRaftLog:OPENED:c0,f0,i2, conf=0: [4b92f2f8-e489-47a4-a90a-1d3fa2a9a07f:192.168.151.118:35849, 993817e1-c77a-472e-865f-a6e34ffe7967:192.168.151.118:41261, fe8e0d95-22db-4b8a-875e-83bee4d716fb:192.168.151.118:34352], old=null RUNNING
2019-10-10 01:21:45,556 [grpc-default-executor-9] INFO  impl.RaftServerImpl (RaftServerImpl.java:lambda$shutdown$3(247)) - fe8e0d95-22db-4b8a-875e-83bee4d716fb@group-5AF3D701A001: shutdown
2019-10-10 01:21:45,556 [grpc-default-executor-9] INFO  util.JmxRegister (JmxRegister.java:unregister(73)) - Successfully un-registered JMX Bean with object name Ratis:service=RaftServer,group=group-5AF3D701A001,id=fe8e0d95-22db-4b8a-875e-83bee4d716fb
2019-10-10 01:21:45,557 [grpc-default-executor-9] INFO  impl.RoleInfo (RoleInfo.java:shutdownLeaderState(104)) - fe8e0d95-22db-4b8a-875e-83bee4d716fb: shutdown LeaderState
2019-10-10 01:21:45,560 [grpc-default-executor-9] INFO  impl.PendingRequests (PendingRequests.java:sendNotLeaderResponses(202)) - fe8e0d95-22db-4b8a-875e-83bee4d716fb@group-5AF3D701A001-PendingRequests: sendNotLeaderResponses
2019-10-10 01:21:45,560 [org.apache.ratis.server.impl.LogAppender$AppenderDaemon$$Lambda$531/757553893@55e552d8] WARN  server.GrpcLogAppender (GrpcLogAppender.java:mayWait(143)) - fe8e0d95-22db-4b8a-875e-83bee4d716fb@group-5AF3D701A001->4b92f2f8-e489-47a4-a90a-1d3fa2a9a07f-GrpcLogAppender: Wait interrupted by java.lang.InterruptedException
2019-10-10 01:21:45,560 [org.apache.ratis.server.impl.LogAppender$AppenderDaemon$$Lambda$531/757553893@3233dc81] WARN  server.GrpcLogAppender (GrpcLogAppender.java:mayWait(143)) - fe8e0d95-22db-4b8a-875e-83bee4d716fb@group-5AF3D701A001->993817e1-c77a-472e-865f-a6e34ffe7967-GrpcLogAppender: Wait interrupted by java.lang.InterruptedException
2019-10-10 01:21:45,573 [grpc-default-executor-10] INFO  server.GrpcServerProtocolService (GrpcServerProtocolService.java:onCompleted(113)) - 993817e1-c77a-472e-865f-a6e34ffe7967: Completed APPEND_ENTRIES, lastRequest: fe8e0d95-22db-4b8a-875e-83bee4d716fb->993817e1-c77a-472e-865f-a6e34ffe7967#44-t1, previous=(t:1, i:2), leaderCommit=0, initializing? false, entries: <empty>
2019-10-10 01:21:45,577 [grpc-default-executor-9] INFO  impl.StateMachineUpdater (StateMachineUpdater.java:stopAndJoin(136)) - fe8e0d95-22db-4b8a-875e-83bee4d716fb@group-5AF3D701A001-StateMachineUpdater: set stopIndex = 0
2019-10-10 01:21:45,577 [grpc-default-executor-9] INFO  impl.RaftServerImpl (ServerState.java:close(387)) - fe8e0d95-22db-4b8a-875e-83bee4d716fb@group-5AF3D701A001: closes. applyIndex: 0
2019-10-10 01:21:45,581 [fe8e0d95-22db-4b8a-875e-83bee4d716fb@group-5AF3D701A001-SegmentedRaftLogWorker] INFO  segmented.SegmentedRaftLogWorker (SegmentedRaftLogWorker.java:run(316)) - fe8e0d95-22db-4b8a-875e-83bee4d716fb@group-5AF3D701A001-SegmentedRaftLogWorker was interrupted, exiting. There are 0 tasks remaining in the queue.
2019-10-10 01:21:45,581 [grpc-default-executor-9] INFO  segmented.SegmentedRaftLogWorker (SegmentedRaftLogWorker.java:close(224)) - fe8e0d95-22db-4b8a-875e-83bee4d716fb@group-5AF3D701A001-SegmentedRaftLogWorker close()
2019-10-10 01:21:45,587 [grpc-default-executor-12] INFO  server.GrpcLogAppender (GrpcLogAppender.java:onCompleted(293)) - fe8e0d95-22db-4b8a-875e-83bee4d716fb@group-5AF3D701A001->993817e1-c77a-472e-865f-a6e34ffe7967-AppendLogResponseHandler: follower responses appendEntries COMPLETED
2019-10-10 01:21:45,587 [grpc-default-executor-13] INFO  server.GrpcServerProtocolService (GrpcServerProtocolService.java:onCompleted(113)) - 4b92f2f8-e489-47a4-a90a-1d3fa2a9a07f: Completed APPEND_ENTRIES, lastRequest: fe8e0d95-22db-4b8a-875e-83bee4d716fb->4b92f2f8-e489-47a4-a90a-1d3fa2a9a07f#44-t1, previous=(t:1, i:2), leaderCommit=0, initializing? false, entries: <empty>
2019-10-10 01:21:45,588 [grpc-default-executor-15] INFO  server.GrpcLogAppender (GrpcLogAppender.java:onCompleted(293)) - fe8e0d95-22db-4b8a-875e-83bee4d716fb@group-5AF3D701A001->4b92f2f8-e489-47a4-a90a-1d3fa2a9a07f-AppendLogResponseHandler: follower responses appendEntries COMPLETED
2019-10-10 01:21:45,589 [grpc-default-executor-12] INFO  impl.FollowerInfo (FollowerInfo.java:lambda$new$0(51)) - fe8e0d95-22db-4b8a-875e-83bee4d716fb@group-5AF3D701A001->993817e1-c77a-472e-865f-a6e34ffe7967: nextIndex: updateUnconditionally 3 -> 2
2019-10-10 01:21:45,589 [grpc-default-executor-15] INFO  impl.FollowerInfo (FollowerInfo.java:lambda$new$0(51)) - fe8e0d95-22db-4b8a-875e-83bee4d716fb@group-5AF3D701A001->4b92f2f8-e489-47a4-a90a-1d3fa2a9a07f: nextIndex: updateUnconditionally 3 -> 2
2019-10-10 01:21:45,594 [grpc-default-executor-15] INFO  impl.RaftServerProxy (RaftServerProxy.java:remove(95)) - 993817e1-c77a-472e-865f-a6e34ffe7967: remove  FOLLOWER 993817e1-c77a-472e-865f-a6e34ffe7967@group-5AF3D701A001:t1, leader=fe8e0d95-22db-4b8a-875e-83bee4d716fb, voted=fe8e0d95-22db-4b8a-875e-83bee4d716fb, raftlog=993817e1-c77a-472e-865f-a6e34ffe7967@group-5AF3D701A001-SegmentedRaftLog:OPENED:c0,f2,i2, conf=0: [4b92f2f8-e489-47a4-a90a-1d3fa2a9a07f:192.168.151.118:35849, 993817e1-c77a-472e-865f-a6e34ffe7967:192.168.151.118:41261, fe8e0d95-22db-4b8a-875e-83bee4d716fb:192.168.151.118:34352], old=null RUNNING
2019-10-10 01:21:45,595 [grpc-default-executor-15] INFO  impl.RaftServerImpl (RaftServerImpl.java:lambda$shutdown$3(247)) - 993817e1-c77a-472e-865f-a6e34ffe7967@group-5AF3D701A001: shutdown
2019-10-10 01:21:45,595 [grpc-default-executor-15] INFO  util.JmxRegister (JmxRegister.java:unregister(73)) - Successfully un-registered JMX Bean with object name Ratis:service=RaftServer,group=group-5AF3D701A001,id=993817e1-c77a-472e-865f-a6e34ffe7967
2019-10-10 01:21:45,595 [grpc-default-executor-15] INFO  impl.RoleInfo (RoleInfo.java:shutdownFollowerState(121)) - 993817e1-c77a-472e-865f-a6e34ffe7967: shutdown FollowerState
2019-10-10 01:21:45,596 [grpc-default-executor-15] INFO  impl.StateMachineUpdater (StateMachineUpdater.java:stopAndJoin(136)) - 993817e1-c77a-472e-865f-a6e34ffe7967@group-5AF3D701A001-StateMachineUpdater: set stopIndex = 0
2019-10-10 01:21:45,596 [Thread-825] INFO  impl.FollowerState (FollowerState.java:run(117)) - 993817e1-c77a-472e-865f-a6e34ffe7967@group-5AF3D701A001-FollowerState was interrupted: java.lang.InterruptedException: sleep interrupted
2019-10-10 01:21:45,598 [grpc-default-executor-15] INFO  impl.RaftServerImpl (ServerState.java:close(387)) - 993817e1-c77a-472e-865f-a6e34ffe7967@group-5AF3D701A001: closes. applyIndex: 0
2019-10-10 01:21:45,598 [993817e1-c77a-472e-865f-a6e34ffe7967@group-5AF3D701A001-SegmentedRaftLogWorker] INFO  segmented.SegmentedRaftLogWorker (SegmentedRaftLogWorker.java:run(316)) - 993817e1-c77a-472e-865f-a6e34ffe7967@group-5AF3D701A001-SegmentedRaftLogWorker was interrupted, exiting. There are 0 tasks remaining in the queue.
2019-10-10 01:21:45,600 [grpc-default-executor-15] INFO  segmented.SegmentedRaftLogWorker (SegmentedRaftLogWorker.java:close(224)) - 993817e1-c77a-472e-865f-a6e34ffe7967@group-5AF3D701A001-SegmentedRaftLogWorker close()
2019-10-10 01:21:45,645 [grpc-default-executor-15] INFO  interfaces.Container (KeyValueContainer.java:flushAndSyncDB(386)) - Container 7 is synced with bcsId 0.
2019-10-10 01:21:45,645 [grpc-default-executor-15] INFO  interfaces.Container (KeyValueContainer.java:flushAndSyncDB(386)) - Container 7 is synced with bcsId 0.
 0.00% |█                                                                                                    |  0/1 Time: 0:05:512019-10-10 01:21:45,651 [RatisPipelineUtilsThread] INFO  pipeline.PipelineStateManager (PipelineStateManager.java:removePipeline(108)) - Pipeline Pipeline[ Id: 97911f33-e22b-4041-8e10-5af3d701a001, Nodes: 4b92f2f8-e489-47a4-a90a-1d3fa2a9a07f{ip: 192.168.151.118, host: pr-hdds-2194-jqrdw-3579824535, networkLocation: /default-rack, certSerialId: null}fe8e0d95-22db-4b8a-875e-83bee4d716fb{ip: 192.168.151.118, host: pr-hdds-2194-jqrdw-3579824535, networkLocation: /default-rack, certSerialId: null}993817e1-c77a-472e-865f-a6e34ffe7967{ip: 192.168.151.118, host: pr-hdds-2194-jqrdw-3579824535, networkLocation: /default-rack, certSerialId: null}, Type:RATIS, Factor:THREE, State:CLOSED] removed from db
2019-10-10 01:21:45,657 [grpc-default-executor-15] INFO  impl.RaftServerProxy (RaftServerProxy.java:remove(95)) - 4b92f2f8-e489-47a4-a90a-1d3fa2a9a07f: remove group-5AF3D701A001:null
2019-10-10 01:21:45,663 [RatisPipelineUtilsThread] WARN  pipeline.RatisPipelineUtils (RatisPipelineUtils.java:destroyPipeline(69)) - Pipeline destroy failed for pipeline=PipelineID=97911f33-e22b-4041-8e10-5af3d701a001 dn=4b92f2f8-e489-47a4-a90a-1d3fa2a9a07f{ip: 192.168.151.118, host: pr-hdds-2194-jqrdw-3579824535, networkLocation: /default-rack, certSerialId: null}
2019-10-10 01:21:45,669 [grpc-default-executor-15] INFO  impl.RaftServerProxy (RaftServerProxy.java:remove(95)) - fe8e0d95-22db-4b8a-875e-83bee4d716fb: remove group-5AF3D701A001:null
2019-10-10 01:21:45,674 [RatisPipelineUtilsThread] WARN  pipeline.RatisPipelineUtils (RatisPipelineUtils.java:destroyPipeline(69)) - Pipeline destroy failed for pipeline=PipelineID=97911f33-e22b-4041-8e10-5af3d701a001 dn=fe8e0d95-22db-4b8a-875e-83bee4d716fb{ip: 192.168.151.118, host: pr-hdds-2194-jqrdw-3579824535, networkLocation: /default-rack, certSerialId: null}
2019-10-10 01:21:45,678 [grpc-default-executor-15] INFO  impl.RaftServerProxy (RaftServerProxy.java:remove(95)) - 993817e1-c77a-472e-865f-a6e34ffe7967: remove group-5AF3D701A001:null
2019-10-10 01:21:45,686 [RatisPipelineUtilsThread] WARN  pipeline.RatisPipelineUtils (RatisPipelineUtils.java:destroyPipeline(69)) - Pipeline destroy failed for pipeline=PipelineID=97911f33-e22b-4041-8e10-5af3d701a001 dn=993817e1-c77a-472e-865f-a6e34ffe7967{ip: 192.168.151.118, host: pr-hdds-2194-jqrdw-3579824535, networkLocation: /default-rack, certSerialId: null}
2019-10-10 01:21:45,686 [RatisPipelineUtilsThread] ERROR pipeline.SCMPipelineManager (Scheduler.java:lambda$schedule$1(70)) - Destroy pipeline failed for pipeline:Pipeline[ Id: 97911f33-e22b-4041-8e10-5af3d701a001, Nodes: 4b92f2f8-e489-47a4-a90a-1d3fa2a9a07f{ip: 192.168.151.118, host: pr-hdds-2194-jqrdw-3579824535, networkLocation: /default-rack, certSerialId: null}fe8e0d95-22db-4b8a-875e-83bee4d716fb{ip: 192.168.151.118, host: pr-hdds-2194-jqrdw-3579824535, networkLocation: /default-rack, certSerialId: null}993817e1-c77a-472e-865f-a6e34ffe7967{ip: 192.168.151.118, host: pr-hdds-2194-jqrdw-3579824535, networkLocation: /default-rack, certSerialId: null}, Type:RATIS, Factor:THREE, State:CLOSED]
org.apache.hadoop.hdds.scm.pipeline.PipelineNotFoundException: PipelineID=97911f33-e22b-4041-8e10-5af3d701a001 not found
	at org.apache.hadoop.hdds.scm.pipeline.PipelineStateMap.getPipeline(PipelineStateMap.java:132)
	at org.apache.hadoop.hdds.scm.pipeline.PipelineStateMap.removePipeline(PipelineStateMap.java:322)
	at org.apache.hadoop.hdds.scm.pipeline.PipelineStateManager.removePipeline(PipelineStateManager.java:107)
	at org.apache.hadoop.hdds.scm.pipeline.SCMPipelineManager.removePipeline(SCMPipelineManager.java:427)
	at org.apache.hadoop.hdds.scm.pipeline.SCMPipelineManager.destroyPipeline(SCMPipelineManager.java:413)
	at org.apache.hadoop.hdds.scm.pipeline.SCMPipelineManager.lambda$finalizeAndDestroyPipeline$0(SCMPipelineManager.java:322)
	at org.apache.hadoop.hdds.utils.Scheduler.lambda$schedule$1(Scheduler.java:68)
	at java.util.concurrent.Executors$RunnableAdapter.call(Executors.java:511)
	at java.util.concurrent.FutureTask.run(FutureTask.java:266)
	at java.util.concurrent.ScheduledThreadPoolExecutor$ScheduledFutureTask.access$201(ScheduledThreadPoolExecutor.java:180)
	at java.util.concurrent.ScheduledThreadPoolExecutor$ScheduledFutureTask.run(ScheduledThreadPoolExecutor.java:293)
	at java.util.concurrent.ThreadPoolExecutor.runWorker(ThreadPoolExecutor.java:1149)
	at java.util.concurrent.ThreadPoolExecutor$Worker.run(ThreadPoolExecutor.java:624)
	at java.lang.Thread.run(Thread.java:748)
2019-10-10 01:21:45,710 [grpc-default-executor-15] INFO  impl.RaftServerProxy (RaftServerProxy.java:addNew(89)) - 993817e1-c77a-472e-865f-a6e34ffe7967: addNew group-0525ECB86D9C:[4b92f2f8-e489-47a4-a90a-1d3fa2a9a07f:192.168.151.118:35849, 993817e1-c77a-472e-865f-a6e34ffe7967:192.168.151.118:41261, fe8e0d95-22db-4b8a-875e-83bee4d716fb:192.168.151.118:34352] returns group-0525ECB86D9C:java.util.concurrent.CompletableFuture@509521a1[Not completed]
2019-10-10 01:21:45,710 [grpc-default-executor-12] INFO  impl.RaftServerProxy (RaftServerProxy.java:addNew(89)) - 4b92f2f8-e489-47a4-a90a-1d3fa2a9a07f: addNew group-0525ECB86D9C:[4b92f2f8-e489-47a4-a90a-1d3fa2a9a07f:192.168.151.118:35849, 993817e1-c77a-472e-865f-a6e34ffe7967:192.168.151.118:41261, fe8e0d95-22db-4b8a-875e-83bee4d716fb:192.168.151.118:34352] returns group-0525ECB86D9C:java.util.concurrent.CompletableFuture@5b7fe2ee[Not completed]
2019-10-10 01:21:45,719 [grpc-default-executor-12] INFO  impl.RaftServerProxy (RaftServerProxy.java:addNew(89)) - fe8e0d95-22db-4b8a-875e-83bee4d716fb: addNew group-0525ECB86D9C:[4b92f2f8-e489-47a4-a90a-1d3fa2a9a07f:192.168.151.118:35849, 993817e1-c77a-472e-865f-a6e34ffe7967:192.168.151.118:41261, fe8e0d95-22db-4b8a-875e-83bee4d716fb:192.168.151.118:34352] returns group-0525ECB86D9C:java.util.concurrent.CompletableFuture@4527528f[Not completed]
2019-10-10 01:21:45,731 [pool-47-thread-1] INFO  impl.RaftServerImpl (RaftServerImpl.java:<init>(95)) - fe8e0d95-22db-4b8a-875e-83bee4d716fb: new RaftServerImpl for group-0525ECB86D9C:[4b92f2f8-e489-47a4-a90a-1d3fa2a9a07f:192.168.151.118:35849, 993817e1-c77a-472e-865f-a6e34ffe7967:192.168.151.118:41261, fe8e0d95-22db-4b8a-875e-83bee4d716fb:192.168.151.118:34352] with ContainerStateMachine:uninitialized
2019-10-10 01:21:45,731 [pool-47-thread-1] INFO  server.RaftServerConfigKeys (ConfUtils.java:logGet(43)) - raft.server.rpc.timeout.min = 5s (custom)
2019-10-10 01:21:45,932 [pool-47-thread-1] INFO  server.RaftServerConfigKeys (ConfUtils.java:logGet(43)) - raft.server.rpc.timeout.max = 5200ms (custom)
2019-10-10 01:21:45,938 [pool-47-thread-1] INFO  server.RaftServerConfigKeys (ConfUtils.java:logGet(43)) - raft.server.rpcslowness.timeout = 120s (custom)
2019-10-10 01:21:45,943 [pool-47-thread-1] INFO  server.RaftServerConfigKeys (ConfUtils.java:logGet(43)) - raft.server.sleep.deviation.threshold = 300 (default)
2019-10-10 01:21:45,944 [pool-47-thread-1] INFO  server.RaftServerConfigKeys (ConfUtils.java:logGet(43)) - raft.server.log.appender.install.snapshot.enabled = false (custom)
2019-10-10 01:21:45,944 [pool-47-thread-1] INFO  impl.RaftServerImpl (ServerState.java:<init>(103)) - fe8e0d95-22db-4b8a-875e-83bee4d716fb@group-0525ECB86D9C: ConfigurationManager, init=-1: [4b92f2f8-e489-47a4-a90a-1d3fa2a9a07f:192.168.151.118:35849, 993817e1-c77a-472e-865f-a6e34ffe7967:192.168.151.118:41261, fe8e0d95-22db-4b8a-875e-83bee4d716fb:192.168.151.118:34352], old=null, confs=<EMPTY_MAP>
2019-10-10 01:21:45,944 [pool-67-thread-1] INFO  impl.RaftServerImpl (RaftServerImpl.java:<init>(95)) - 4b92f2f8-e489-47a4-a90a-1d3fa2a9a07f: new RaftServerImpl for group-0525ECB86D9C:[4b92f2f8-e489-47a4-a90a-1d3fa2a9a07f:192.168.151.118:35849, 993817e1-c77a-472e-865f-a6e34ffe7967:192.168.151.118:41261, fe8e0d95-22db-4b8a-875e-83bee4d716fb:192.168.151.118:34352] with ContainerStateMachine:uninitialized
2019-10-10 01:21:45,944 [pool-47-thread-1] INFO  server.RaftServerConfigKeys (ConfUtils.java:logGet(43)) - raft.server.storage.dir = [/workdir/hadoop-ozone/tools/target/test-dir/MiniOzoneClusterImpl-1e8b0e80-279c-49c4-ae13-42ed318b6149/datanode-2/data/ratis] (custom)
2019-10-10 01:21:45,944 [pool-67-thread-1] INFO  server.RaftServerConfigKeys (ConfUtils.java:logGet(43)) - raft.server.rpc.timeout.min = 5s (custom)
2019-10-10 01:21:45,944 [pool-67-thread-1] INFO  server.RaftServerConfigKeys (ConfUtils.java:logGet(43)) - raft.server.rpc.timeout.max = 5200ms (custom)
2019-10-10 01:21:45,944 [pool-47-thread-1] INFO  server.RaftServerConfigKeys (ConfUtils.java:logGet(43)) - raft.server.log.corruption.policy = EXCEPTION (default)
2019-10-10 01:21:45,944 [pool-67-thread-1] INFO  server.RaftServerConfigKeys (ConfUtils.java:logGet(43)) - raft.server.rpcslowness.timeout = 120s (custom)
2019-10-10 01:21:45,945 [pool-47-thread-1] INFO  storage.RaftStorageDirectory (RaftStorageDirectory.java:analyzeStorage(246)) - The storage directory /workdir/hadoop-ozone/tools/target/test-dir/MiniOzoneClusterImpl-1e8b0e80-279c-49c4-ae13-42ed318b6149/datanode-2/data/ratis/b63c654d-885b-45fd-bbe8-0525ecb86d9c does not exist. Creating ...
2019-10-10 01:21:45,945 [pool-67-thread-1] INFO  server.RaftServerConfigKeys (ConfUtils.java:logGet(43)) - raft.server.sleep.deviation.threshold = 300 (default)
2019-10-10 01:21:45,945 [pool-27-thread-1] INFO  impl.RaftServerImpl (RaftServerImpl.java:<init>(95)) - 993817e1-c77a-472e-865f-a6e34ffe7967: new RaftServerImpl for group-0525ECB86D9C:[4b92f2f8-e489-47a4-a90a-1d3fa2a9a07f:192.168.151.118:35849, 993817e1-c77a-472e-865f-a6e34ffe7967:192.168.151.118:41261, fe8e0d95-22db-4b8a-875e-83bee4d716fb:192.168.151.118:34352] with ContainerStateMachine:uninitialized
2019-10-10 01:21:45,945 [pool-67-thread-1] INFO  server.RaftServerConfigKeys (ConfUtils.java:logGet(43)) - raft.server.log.appender.install.snapshot.enabled = false (custom)
2019-10-10 01:21:45,945 [pool-27-thread-1] INFO  server.RaftServerConfigKeys (ConfUtils.java:logGet(43)) - raft.server.rpc.timeout.min = 5s (custom)
2019-10-10 01:21:45,945 [pool-67-thread-1] INFO  impl.RaftServerImpl (ServerState.java:<init>(103)) - 4b92f2f8-e489-47a4-a90a-1d3fa2a9a07f@group-0525ECB86D9C: ConfigurationManager, init=-1: [4b92f2f8-e489-47a4-a90a-1d3fa2a9a07f:192.168.151.118:35849, 993817e1-c77a-472e-865f-a6e34ffe7967:192.168.151.118:41261, fe8e0d95-22db-4b8a-875e-83bee4d716fb:192.168.151.118:34352], old=null, confs=<EMPTY_MAP>
2019-10-10 01:21:45,945 [pool-27-thread-1] INFO  server.RaftServerConfigKeys (ConfUtils.java:logGet(43)) - raft.server.rpc.timeout.max = 5200ms (custom)
2019-10-10 01:21:45,945 [pool-67-thread-1] INFO  server.RaftServerConfigKeys (ConfUtils.java:logGet(43)) - raft.server.storage.dir = [/workdir/hadoop-ozone/tools/target/test-dir/MiniOzoneClusterImpl-1e8b0e80-279c-49c4-ae13-42ed318b6149/datanode-4/data/ratis] (custom)
2019-10-10 01:21:45,945 [pool-27-thread-1] INFO  server.RaftServerConfigKeys (ConfUtils.java:logGet(43)) - raft.server.rpcslowness.timeout = 120s (custom)
2019-10-10 01:21:45,946 [pool-27-thread-1] INFO  server.RaftServerConfigKeys (ConfUtils.java:logGet(43)) - raft.server.sleep.deviation.threshold = 300 (default)
2019-10-10 01:21:45,946 [pool-67-thread-1] INFO  server.RaftServerConfigKeys (ConfUtils.java:logGet(43)) - raft.server.log.corruption.policy = EXCEPTION (default)
2019-10-10 01:21:45,946 [pool-27-thread-1] INFO  server.RaftServerConfigKeys (ConfUtils.java:logGet(43)) - raft.server.log.appender.install.snapshot.enabled = false (custom)
2019-10-10 01:21:45,946 [pool-67-thread-1] INFO  storage.RaftStorageDirectory (RaftStorageDirectory.java:analyzeStorage(246)) - The storage directory /workdir/hadoop-ozone/tools/target/test-dir/MiniOzoneClusterImpl-1e8b0e80-279c-49c4-ae13-42ed318b6149/datanode-4/data/ratis/b63c654d-885b-45fd-bbe8-0525ecb86d9c does not exist. Creating ...
2019-10-10 01:21:45,946 [pool-27-thread-1] INFO  impl.RaftServerImpl (ServerState.java:<init>(103)) - 993817e1-c77a-472e-865f-a6e34ffe7967@group-0525ECB86D9C: ConfigurationManager, init=-1: [4b92f2f8-e489-47a4-a90a-1d3fa2a9a07f:192.168.151.118:35849, 993817e1-c77a-472e-865f-a6e34ffe7967:192.168.151.118:41261, fe8e0d95-22db-4b8a-875e-83bee4d716fb:192.168.151.118:34352], old=null, confs=<EMPTY_MAP>
2019-10-10 01:21:45,946 [pool-27-thread-1] INFO  server.RaftServerConfigKeys (ConfUtils.java:logGet(43)) - raft.server.storage.dir = [/workdir/hadoop-ozone/tools/target/test-dir/MiniOzoneClusterImpl-1e8b0e80-279c-49c4-ae13-42ed318b6149/datanode-0/data/ratis] (custom)
2019-10-10 01:21:45,946 [pool-27-thread-1] INFO  server.RaftServerConfigKeys (ConfUtils.java:logGet(43)) - raft.server.log.corruption.policy = EXCEPTION (default)
2019-10-10 01:21:45,947 [pool-27-thread-1] INFO  storage.RaftStorageDirectory (RaftStorageDirectory.java:analyzeStorage(246)) - The storage directory /workdir/hadoop-ozone/tools/target/test-dir/MiniOzoneClusterImpl-1e8b0e80-279c-49c4-ae13-42ed318b6149/datanode-0/data/ratis/b63c654d-885b-45fd-bbe8-0525ecb86d9c does not exist. Creating ...
2019-10-10 01:21:45,958 [pool-67-thread-1] INFO  storage.RaftStorageDirectory (RaftStorageDirectory.java:tryLock(328)) - Lock on /workdir/hadoop-ozone/tools/target/test-dir/MiniOzoneClusterImpl-1e8b0e80-279c-49c4-ae13-42ed318b6149/datanode-4/data/ratis/b63c654d-885b-45fd-bbe8-0525ecb86d9c/in_use.lock acquired by nodename 12932@pr-hdds-2194-jqrdw-3579824535
2019-10-10 01:21:45,958 [pool-27-thread-1] INFO  storage.RaftStorageDirectory (RaftStorageDirectory.java:tryLock(328)) - Lock on /workdir/hadoop-ozone/tools/target/test-dir/MiniOzoneClusterImpl-1e8b0e80-279c-49c4-ae13-42ed318b6149/datanode-0/data/ratis/b63c654d-885b-45fd-bbe8-0525ecb86d9c/in_use.lock acquired by nodename 12932@pr-hdds-2194-jqrdw-3579824535
2019-10-10 01:21:45,958 [pool-47-thread-1] INFO  storage.RaftStorageDirectory (RaftStorageDirectory.java:tryLock(328)) - Lock on /workdir/hadoop-ozone/tools/target/test-dir/MiniOzoneClusterImpl-1e8b0e80-279c-49c4-ae13-42ed318b6149/datanode-2/data/ratis/b63c654d-885b-45fd-bbe8-0525ecb86d9c/in_use.lock acquired by nodename 12932@pr-hdds-2194-jqrdw-3579824535
2019-10-10 01:21:45,984 [pool-27-thread-1] INFO  storage.RaftStorage (RaftStorage.java:format(84)) - Storage directory /workdir/hadoop-ozone/tools/target/test-dir/MiniOzoneClusterImpl-1e8b0e80-279c-49c4-ae13-42ed318b6149/datanode-0/data/ratis/b63c654d-885b-45fd-bbe8-0525ecb86d9c has been successfully formatted.
2019-10-10 01:21:45,984 [pool-67-thread-1] INFO  storage.RaftStorage (RaftStorage.java:format(84)) - Storage directory /workdir/hadoop-ozone/tools/target/test-dir/MiniOzoneClusterImpl-1e8b0e80-279c-49c4-ae13-42ed318b6149/datanode-4/data/ratis/b63c654d-885b-45fd-bbe8-0525ecb86d9c has been successfully formatted.
2019-10-10 01:21:45,984 [pool-47-thread-1] INFO  storage.RaftStorage (RaftStorage.java:format(84)) - Storage directory /workdir/hadoop-ozone/tools/target/test-dir/MiniOzoneClusterImpl-1e8b0e80-279c-49c4-ae13-42ed318b6149/datanode-2/data/ratis/b63c654d-885b-45fd-bbe8-0525ecb86d9c has been successfully formatted.
2019-10-10 01:21:45,984 [pool-27-thread-1] INFO  ratis.ContainerStateMachine (ContainerStateMachine.java:loadSnapshot(231)) - group-0525ECB86D9C: The snapshot info is null. Setting the last applied indexto:(t:0, i:~)
2019-10-10 01:21:45,984 [pool-67-thread-1] INFO  ratis.ContainerStateMachine (ContainerStateMachine.java:loadSnapshot(231)) - group-0525ECB86D9C: The snapshot info is null. Setting the last applied indexto:(t:0, i:~)
2019-10-10 01:21:45,984 [pool-27-thread-1] INFO  server.RaftServerConfigKeys (ConfUtils.java:logGet(43)) - raft.server.notification.no-leader.timeout = 120s (custom)
2019-10-10 01:21:45,984 [pool-47-thread-1] INFO  ratis.ContainerStateMachine (ContainerStateMachine.java:loadSnapshot(231)) - group-0525ECB86D9C: The snapshot info is null. Setting the last applied indexto:(t:0, i:~)
2019-10-10 01:21:45,985 [pool-27-thread-1] INFO  server.RaftServerConfigKeys (ConfUtils.java:logGet(43)) - raft.server.log.use.memory = false (default)
2019-10-10 01:21:45,985 [pool-67-thread-1] INFO  server.RaftServerConfigKeys (ConfUtils.java:logGet(43)) - raft.server.notification.no-leader.timeout = 120s (custom)
2019-10-10 01:21:45,985 [pool-27-thread-1] INFO  server.RaftServerConfigKeys (ConfUtils.java:logGet(43)) - raft.server.log.purge.gap = 1000000 (custom)
2019-10-10 01:21:45,985 [pool-47-thread-1] INFO  server.RaftServerConfigKeys (ConfUtils.java:logGet(43)) - raft.server.notification.no-leader.timeout = 120s (custom)
2019-10-10 01:21:45,985 [pool-27-thread-1] INFO  server.RaftServerConfigKeys (ConfUtils.java:logGet(43)) - raft.server.log.appender.buffer.byte-limit = 33554432 (custom)
2019-10-10 01:21:45,985 [pool-67-thread-1] INFO  server.RaftServerConfigKeys (ConfUtils.java:logGet(43)) - raft.server.log.use.memory = false (default)
2019-10-10 01:21:45,985 [pool-27-thread-1] INFO  server.RaftServerConfigKeys (ConfUtils.java:logGet(43)) - raft.server.log.segment.size.max = 1048576 (custom)
2019-10-10 01:21:45,985 [pool-47-thread-1] INFO  server.RaftServerConfigKeys (ConfUtils.java:logGet(43)) - raft.server.log.use.memory = false (default)
2019-10-10 01:21:45,985 [pool-27-thread-1] INFO  server.RaftServerConfigKeys (ConfUtils.java:logGet(43)) - raft.server.log.segment.cache.num.max = 2 (custom)
2019-10-10 01:21:45,985 [pool-67-thread-1] INFO  server.RaftServerConfigKeys (ConfUtils.java:logGet(43)) - raft.server.log.purge.gap = 1000000 (custom)
2019-10-10 01:21:45,986 [pool-27-thread-1] INFO  segmented.SegmentedRaftLogWorker (SegmentedRaftLogWorker.java:<init>(173)) - new 993817e1-c77a-472e-865f-a6e34ffe7967@group-0525ECB86D9C-SegmentedRaftLogWorker for RaftStorage:Storage Directory /workdir/hadoop-ozone/tools/target/test-dir/MiniOzoneClusterImpl-1e8b0e80-279c-49c4-ae13-42ed318b6149/datanode-0/data/ratis/b63c654d-885b-45fd-bbe8-0525ecb86d9c
2019-10-10 01:21:45,986 [pool-47-thread-1] INFO  server.RaftServerConfigKeys (ConfUtils.java:logGet(43)) - raft.server.log.purge.gap = 1000000 (custom)
2019-10-10 01:21:45,986 [pool-27-thread-1] INFO  server.RaftServerConfigKeys (ConfUtils.java:logGet(43)) - raft.server.log.queue.byte-limit = 2147483647 (custom)
2019-10-10 01:21:45,986 [pool-67-thread-1] INFO  server.RaftServerConfigKeys (ConfUtils.java:logGet(43)) - raft.server.log.appender.buffer.byte-limit = 33554432 (custom)
2019-10-10 01:21:45,986 [pool-27-thread-1] INFO  server.RaftServerConfigKeys (ConfUtils.java:logGet(43)) - raft.server.log.queue.element-limit = 1024 (custom)
2019-10-10 01:21:45,986 [pool-47-thread-1] INFO  server.RaftServerConfigKeys (ConfUtils.java:logGet(43)) - raft.server.log.appender.buffer.byte-limit = 33554432 (custom)
2019-10-10 01:21:45,986 [pool-27-thread-1] INFO  server.RaftServerConfigKeys (ConfUtils.java:logGet(43)) - raft.server.log.segment.size.max = 1048576 (custom)
2019-10-10 01:21:45,986 [pool-67-thread-1] INFO  server.RaftServerConfigKeys (ConfUtils.java:logGet(43)) - raft.server.log.segment.size.max = 1048576 (custom)
2019-10-10 01:21:45,986 [pool-27-thread-1] INFO  server.RaftServerConfigKeys (ConfUtils.java:logGet(43)) - raft.server.log.preallocated.size = 16384 (custom)
2019-10-10 01:21:45,986 [pool-47-thread-1] INFO  server.RaftServerConfigKeys (ConfUtils.java:logGet(43)) - raft.server.log.segment.size.max = 1048576 (custom)
2019-10-10 01:21:45,987 [pool-27-thread-1] INFO  server.RaftServerConfigKeys (ConfUtils.java:logGet(43)) - raft.server.log.write.buffer.size = 33554432 (custom)
2019-10-10 01:21:45,987 [pool-67-thread-1] INFO  server.RaftServerConfigKeys (ConfUtils.java:logGet(43)) - raft.server.log.segment.cache.num.max = 2 (custom)
2019-10-10 01:21:45,987 [pool-27-thread-1] INFO  server.RaftServerConfigKeys (ConfUtils.java:logGet(43)) - raft.server.log.force.sync.num = 128 (default)
2019-10-10 01:21:45,987 [pool-47-thread-1] INFO  server.RaftServerConfigKeys (ConfUtils.java:logGet(43)) - raft.server.log.segment.cache.num.max = 2 (custom)
2019-10-10 01:21:45,987 [pool-27-thread-1] INFO  server.RaftServerConfigKeys (ConfUtils.java:logGet(43)) - raft.server.log.statemachine.data.sync = true (default)
2019-10-10 01:21:45,987 [pool-67-thread-1] INFO  segmented.SegmentedRaftLogWorker (SegmentedRaftLogWorker.java:<init>(173)) - new 4b92f2f8-e489-47a4-a90a-1d3fa2a9a07f@group-0525ECB86D9C-SegmentedRaftLogWorker for RaftStorage:Storage Directory /workdir/hadoop-ozone/tools/target/test-dir/MiniOzoneClusterImpl-1e8b0e80-279c-49c4-ae13-42ed318b6149/datanode-4/data/ratis/b63c654d-885b-45fd-bbe8-0525ecb86d9c
2019-10-10 01:21:45,987 [pool-27-thread-1] INFO  server.RaftServerConfigKeys (ConfUtils.java:logGet(43)) - raft.server.log.statemachine.data.sync.timeout = 10s (default)
2019-10-10 01:21:45,987 [pool-47-thread-1] INFO  segmented.SegmentedRaftLogWorker (SegmentedRaftLogWorker.java:<init>(173)) - new fe8e0d95-22db-4b8a-875e-83bee4d716fb@group-0525ECB86D9C-SegmentedRaftLogWorker for RaftStorage:Storage Directory /workdir/hadoop-ozone/tools/target/test-dir/MiniOzoneClusterImpl-1e8b0e80-279c-49c4-ae13-42ed318b6149/datanode-2/data/ratis/b63c654d-885b-45fd-bbe8-0525ecb86d9c
2019-10-10 01:21:45,988 [pool-27-thread-1] INFO  server.RaftServerConfigKeys (ConfUtils.java:logGet(43)) - raft.server.log.statemachine.data.sync.timeout.retry = -1 (default)
2019-10-10 01:21:45,987 [pool-67-thread-1] INFO  server.RaftServerConfigKeys (ConfUtils.java:logGet(43)) - raft.server.log.queue.byte-limit = 2147483647 (custom)
2019-10-10 01:21:45,988 [pool-27-thread-1] INFO  server.RaftServerConfigKeys (ConfUtils.java:logGet(43)) - raft.server.log.statemachine.data.caching.enabled = true (custom)
2019-10-10 01:21:45,988 [pool-47-thread-1] INFO  server.RaftServerConfigKeys (ConfUtils.java:logGet(43)) - raft.server.log.queue.byte-limit = 2147483647 (custom)
2019-10-10 01:21:45,988 [pool-67-thread-1] INFO  server.RaftServerConfigKeys (ConfUtils.java:logGet(43)) - raft.server.log.queue.element-limit = 1024 (custom)
2019-10-10 01:21:45,988 [pool-27-thread-1] INFO  segmented.SegmentedRaftLogWorker (SegmentedRaftLogWorker.java:lambda$new$0(128)) - 993817e1-c77a-472e-865f-a6e34ffe7967@group-0525ECB86D9C-SegmentedRaftLogWorker: flushIndex: setUnconditionally 0 -> -1
2019-10-10 01:21:45,988 [pool-47-thread-1] INFO  server.RaftServerConfigKeys (ConfUtils.java:logGet(43)) - raft.server.log.queue.element-limit = 1024 (custom)
2019-10-10 01:21:45,988 [pool-67-thread-1] INFO  server.RaftServerConfigKeys (ConfUtils.java:logGet(43)) - raft.server.log.segment.size.max = 1048576 (custom)
2019-10-10 01:21:45,988 [pool-27-thread-1] INFO  server.RaftServerConfigKeys (ConfUtils.java:logGet(43)) - raft.server.snapshot.auto.trigger.enabled = true (custom)
2019-10-10 01:21:45,988 [pool-47-thread-1] INFO  server.RaftServerConfigKeys (ConfUtils.java:logGet(43)) - raft.server.log.segment.size.max = 1048576 (custom)
2019-10-10 01:21:45,989 [pool-27-thread-1] INFO  server.RaftServerConfigKeys (ConfUtils.java:logGet(43)) - raft.server.snapshot.auto.trigger.threshold = 10000 (custom)
2019-10-10 01:21:45,989 [pool-67-thread-1] INFO  server.RaftServerConfigKeys (ConfUtils.java:logGet(43)) - raft.server.log.preallocated.size = 16384 (custom)
2019-10-10 01:21:45,989 [pool-27-thread-1] INFO  server.RaftServerConfigKeys (ConfUtils.java:logGet(43)) - raft.server.snapshot.retention.file.num = 5 (custom)
2019-10-10 01:21:45,989 [pool-47-thread-1] INFO  server.RaftServerConfigKeys (ConfUtils.java:logGet(43)) - raft.server.log.preallocated.size = 16384 (custom)
2019-10-10 01:21:45,989 [pool-27-thread-1] INFO  server.RaftServerConfigKeys (ConfUtils.java:logGet(43)) - raft.server.retrycache.expirytime = 600000ms (custom)
2019-10-10 01:21:45,989 [pool-67-thread-1] INFO  server.RaftServerConfigKeys (ConfUtils.java:logGet(43)) - raft.server.log.write.buffer.size = 33554432 (custom)
2019-10-10 01:21:45,989 [pool-47-thread-1] INFO  server.RaftServerConfigKeys (ConfUtils.java:logGet(43)) - raft.server.log.write.buffer.size = 33554432 (custom)
2019-10-10 01:21:45,989 [pool-67-thread-1] INFO  server.RaftServerConfigKeys (ConfUtils.java:logGet(43)) - raft.server.log.force.sync.num = 128 (default)
2019-10-10 01:21:45,989 [pool-47-thread-1] INFO  server.RaftServerConfigKeys (ConfUtils.java:logGet(43)) - raft.server.log.force.sync.num = 128 (default)
2019-10-10 01:21:45,990 [pool-67-thread-1] INFO  server.RaftServerConfigKeys (ConfUtils.java:logGet(43)) - raft.server.log.statemachine.data.sync = true (default)
2019-10-10 01:21:45,990 [pool-47-thread-1] INFO  server.RaftServerConfigKeys (ConfUtils.java:logGet(43)) - raft.server.log.statemachine.data.sync = true (default)
2019-10-10 01:21:45,990 [pool-67-thread-1] INFO  server.RaftServerConfigKeys (ConfUtils.java:logGet(43)) - raft.server.log.statemachine.data.sync.timeout = 10s (default)
2019-10-10 01:21:45,990 [pool-47-thread-1] INFO  server.RaftServerConfigKeys (ConfUtils.java:logGet(43)) - raft.server.log.statemachine.data.sync.timeout = 10s (default)
2019-10-10 01:21:45,990 [pool-67-thread-1] INFO  server.RaftServerConfigKeys (ConfUtils.java:logGet(43)) - raft.server.log.statemachine.data.sync.timeout.retry = -1 (default)
2019-10-10 01:21:45,990 [pool-47-thread-1] INFO  server.RaftServerConfigKeys (ConfUtils.java:logGet(43)) - raft.server.log.statemachine.data.sync.timeout.retry = -1 (default)
2019-10-10 01:21:45,990 [pool-67-thread-1] INFO  server.RaftServerConfigKeys (ConfUtils.java:logGet(43)) - raft.server.log.statemachine.data.caching.enabled = true (custom)
2019-10-10 01:21:45,990 [pool-47-thread-1] INFO  server.RaftServerConfigKeys (ConfUtils.java:logGet(43)) - raft.server.log.statemachine.data.caching.enabled = true (custom)
2019-10-10 01:21:45,991 [pool-47-thread-1] INFO  segmented.SegmentedRaftLogWorker (SegmentedRaftLogWorker.java:lambda$new$0(128)) - fe8e0d95-22db-4b8a-875e-83bee4d716fb@group-0525ECB86D9C-SegmentedRaftLogWorker: flushIndex: setUnconditionally 0 -> -1
2019-10-10 01:21:45,991 [pool-27-thread-1] INFO  impl.RaftServerImpl (RaftServerImpl.java:start(181)) - 993817e1-c77a-472e-865f-a6e34ffe7967@group-0525ECB86D9C: start as a follower, conf=-1: [4b92f2f8-e489-47a4-a90a-1d3fa2a9a07f:192.168.151.118:35849, 993817e1-c77a-472e-865f-a6e34ffe7967:192.168.151.118:41261, fe8e0d95-22db-4b8a-875e-83bee4d716fb:192.168.151.118:34352], old=null
2019-10-10 01:21:45,991 [pool-27-thread-1] INFO  impl.RaftServerImpl (RaftServerImpl.java:setRole(170)) - 993817e1-c77a-472e-865f-a6e34ffe7967@group-0525ECB86D9C: changes role from      null to FOLLOWER at term 0 for startAsFollower
2019-10-10 01:21:45,991 [pool-47-thread-1] INFO  server.RaftServerConfigKeys (ConfUtils.java:logGet(43)) - raft.server.snapshot.auto.trigger.enabled = true (custom)
2019-10-10 01:21:45,991 [pool-67-thread-1] INFO  segmented.SegmentedRaftLogWorker (SegmentedRaftLogWorker.java:lambda$new$0(128)) - 4b92f2f8-e489-47a4-a90a-1d3fa2a9a07f@group-0525ECB86D9C-SegmentedRaftLogWorker: flushIndex: setUnconditionally 0 -> -1
2019-10-10 01:21:45,991 [pool-27-thread-1] INFO  impl.RoleInfo (RoleInfo.java:updateAndGet(143)) - 993817e1-c77a-472e-865f-a6e34ffe7967: start FollowerState
2019-10-10 01:21:45,991 [pool-47-thread-1] INFO  server.RaftServerConfigKeys (ConfUtils.java:logGet(43)) - raft.server.snapshot.auto.trigger.threshold = 10000 (custom)
2019-10-10 01:21:45,991 [pool-67-thread-1] INFO  server.RaftServerConfigKeys (ConfUtils.java:logGet(43)) - raft.server.snapshot.auto.trigger.enabled = true (custom)
2019-10-10 01:21:45,992 [pool-47-thread-1] INFO  server.RaftServerConfigKeys (ConfUtils.java:logGet(43)) - raft.server.snapshot.retention.file.num = 5 (custom)
2019-10-10 01:21:45,992 [pool-67-thread-1] INFO  server.RaftServerConfigKeys (ConfUtils.java:logGet(43)) - raft.server.snapshot.auto.trigger.threshold = 10000 (custom)
2019-10-10 01:21:45,992 [pool-47-thread-1] INFO  server.RaftServerConfigKeys (ConfUtils.java:logGet(43)) - raft.server.retrycache.expirytime = 600000ms (custom)
2019-10-10 01:21:45,992 [pool-27-thread-1] INFO  util.JmxRegister (JmxRegister.java:tryRegister(44)) - Successfully registered JMX Bean with object name Ratis:service=RaftServer,group=group-0525ECB86D9C,id=993817e1-c77a-472e-865f-a6e34ffe7967
2019-10-10 01:21:45,992 [pool-67-thread-1] INFO  server.RaftServerConfigKeys (ConfUtils.java:logGet(43)) - raft.server.snapshot.retention.file.num = 5 (custom)
2019-10-10 01:21:45,992 [pool-67-thread-1] INFO  server.RaftServerConfigKeys (ConfUtils.java:logGet(43)) - raft.server.retrycache.expirytime = 600000ms (custom)
2019-10-10 01:21:45,995 [pool-47-thread-1] INFO  impl.RaftServerImpl (RaftServerImpl.java:start(181)) - fe8e0d95-22db-4b8a-875e-83bee4d716fb@group-0525ECB86D9C: start as a follower, conf=-1: [4b92f2f8-e489-47a4-a90a-1d3fa2a9a07f:192.168.151.118:35849, 993817e1-c77a-472e-865f-a6e34ffe7967:192.168.151.118:41261, fe8e0d95-22db-4b8a-875e-83bee4d716fb:192.168.151.118:34352], old=null
2019-10-10 01:21:45,995 [pool-47-thread-1] INFO  impl.RaftServerImpl (RaftServerImpl.java:setRole(170)) - fe8e0d95-22db-4b8a-875e-83bee4d716fb@group-0525ECB86D9C: changes role from      null to FOLLOWER at term 0 for startAsFollower
2019-10-10 01:21:45,995 [pool-47-thread-1] INFO  impl.RoleInfo (RoleInfo.java:updateAndGet(143)) - fe8e0d95-22db-4b8a-875e-83bee4d716fb: start FollowerState
2019-10-10 01:21:45,996 [pool-47-thread-1] INFO  util.JmxRegister (JmxRegister.java:tryRegister(44)) - Successfully registered JMX Bean with object name Ratis:service=RaftServer,group=group-0525ECB86D9C,id=fe8e0d95-22db-4b8a-875e-83bee4d716fb
2019-10-10 01:21:45,996 [pool-67-thread-1] INFO  impl.RaftServerImpl (RaftServerImpl.java:start(181)) - 4b92f2f8-e489-47a4-a90a-1d3fa2a9a07f@group-0525ECB86D9C: start as a follower, conf=-1: [4b92f2f8-e489-47a4-a90a-1d3fa2a9a07f:192.168.151.118:35849, 993817e1-c77a-472e-865f-a6e34ffe7967:192.168.151.118:41261, fe8e0d95-22db-4b8a-875e-83bee4d716fb:192.168.151.118:34352], old=null
2019-10-10 01:21:45,996 [pool-67-thread-1] INFO  impl.RaftServerImpl (RaftServerImpl.java:setRole(170)) - 4b92f2f8-e489-47a4-a90a-1d3fa2a9a07f@group-0525ECB86D9C: changes role from      null to FOLLOWER at term 0 for startAsFollower
2019-10-10 01:21:45,996 [pool-67-thread-1] INFO  impl.RoleInfo (RoleInfo.java:updateAndGet(143)) - 4b92f2f8-e489-47a4-a90a-1d3fa2a9a07f: start FollowerState
2019-10-10 01:21:45,996 [pool-67-thread-1] INFO  util.JmxRegister (JmxRegister.java:tryRegister(44)) - Successfully registered JMX Bean with object name Ratis:service=RaftServer,group=group-0525ECB86D9C,id=4b92f2f8-e489-47a4-a90a-1d3fa2a9a07f
2019-10-10 01:21:46,001 [RatisPipelineUtilsThread] INFO  pipeline.PipelineStateManager (PipelineStateManager.java:addPipeline(56)) - Created pipeline Pipeline[ Id: b63c654d-885b-45fd-bbe8-0525ecb86d9c, Nodes: 4b92f2f8-e489-47a4-a90a-1d3fa2a9a07f{ip: 192.168.151.118, host: pr-hdds-2194-jqrdw-3579824535, networkLocation: /default-rack, certSerialId: null}fe8e0d95-22db-4b8a-875e-83bee4d716fb{ip: 192.168.151.118, host: pr-hdds-2194-jqrdw-3579824535, networkLocation: /default-rack, certSerialId: null}993817e1-c77a-472e-865f-a6e34ffe7967{ip: 192.168.151.118, host: pr-hdds-2194-jqrdw-3579824535, networkLocation: /default-rack, certSerialId: null}, Type:RATIS, Factor:THREE, State:OPEN]
2019-10-10 01:21:46,609 [pool-73-thread-3] WARN  io.KeyOutputStream (KeyOutputStream.java:handleException(274)) - Encountered exception java.io.IOException: Unexpected Storage Container Exception: java.util.concurrent.CompletionException: java.util.concurrent.CompletionException: org.apache.ratis.protocol.GroupMismatchException: 993817e1-c77a-472e-865f-a6e34ffe7967: group-5AF3D701A001 not found. on the pipeline Pipeline[ Id: 97911f33-e22b-4041-8e10-5af3d701a001, Nodes: 4b92f2f8-e489-47a4-a90a-1d3fa2a9a07f{ip: 192.168.151.118, host: pr-hdds-2194-jqrdw-3579824535, networkLocation: /default-rack, certSerialId: null}fe8e0d95-22db-4b8a-875e-83bee4d716fb{ip: 192.168.151.118, host: pr-hdds-2194-jqrdw-3579824535, networkLocation: /default-rack, certSerialId: null}993817e1-c77a-472e-865f-a6e34ffe7967{ip: 192.168.151.118, host: pr-hdds-2194-jqrdw-3579824535, networkLocation: /default-rack, certSerialId: null}, Type:RATIS, Factor:THREE, State:OPEN]. The last committed block length is 0, uncommitted data length is 2097152 retry count 4
 0.00% |█                                                                                                    |  0/1 Time: 0:05:52 0.00% |█                                                                                                    |  0/1 Time: 0:05:53 0.00% |█                                                                                                    |  0/1 Time: 0:05:54 0.00% |█                                                                                                    |  0/1 Time: 0:05:55 0.00% |█                                                                                                    |  0/1 Time: 0:05:562019-10-10 01:21:51,042 [Thread-1063] INFO  impl.FollowerState (FollowerState.java:run(108)) - 4b92f2f8-e489-47a4-a90a-1d3fa2a9a07f@group-0525ECB86D9C-FollowerState: change to CANDIDATE, lastRpcTime:5045ms, electionTimeout:5045ms
2019-10-10 01:21:51,045 [Thread-1063] INFO  impl.RoleInfo (RoleInfo.java:shutdownFollowerState(121)) - 4b92f2f8-e489-47a4-a90a-1d3fa2a9a07f: shutdown FollowerState
2019-10-10 01:21:51,045 [Thread-1063] INFO  impl.RaftServerImpl (RaftServerImpl.java:setRole(170)) - 4b92f2f8-e489-47a4-a90a-1d3fa2a9a07f@group-0525ECB86D9C: changes role from  FOLLOWER to CANDIDATE at term 0 for changeToCandidate
2019-10-10 01:21:51,045 [Thread-1063] INFO  impl.RoleInfo (RoleInfo.java:updateAndGet(143)) - 4b92f2f8-e489-47a4-a90a-1d3fa2a9a07f: start LeaderElection
2019-10-10 01:21:51,075 [4b92f2f8-e489-47a4-a90a-1d3fa2a9a07f@group-0525ECB86D9C-LeaderElection14] INFO  impl.LeaderElection (LeaderElection.java:askForVotes(178)) - 4b92f2f8-e489-47a4-a90a-1d3fa2a9a07f@group-0525ECB86D9C-LeaderElection14: begin an election at term 1 for -1: [4b92f2f8-e489-47a4-a90a-1d3fa2a9a07f:192.168.151.118:35849, 993817e1-c77a-472e-865f-a6e34ffe7967:192.168.151.118:41261, fe8e0d95-22db-4b8a-875e-83bee4d716fb:192.168.151.118:34352], old=null
2019-10-10 01:21:51,085 [grpc-default-executor-15] INFO  impl.RaftServerImpl (RaftServerImpl.java:setRole(170)) - 993817e1-c77a-472e-865f-a6e34ffe7967@group-0525ECB86D9C: changes role from  FOLLOWER to FOLLOWER at term 1 for recognizeCandidate:4b92f2f8-e489-47a4-a90a-1d3fa2a9a07f
2019-10-10 01:21:51,085 [grpc-default-executor-10] INFO  impl.RaftServerImpl (RaftServerImpl.java:setRole(170)) - fe8e0d95-22db-4b8a-875e-83bee4d716fb@group-0525ECB86D9C: changes role from  FOLLOWER to FOLLOWER at term 1 for recognizeCandidate:4b92f2f8-e489-47a4-a90a-1d3fa2a9a07f
2019-10-10 01:21:51,085 [grpc-default-executor-15] INFO  impl.RoleInfo (RoleInfo.java:shutdownFollowerState(121)) - 993817e1-c77a-472e-865f-a6e34ffe7967: shutdown FollowerState
2019-10-10 01:21:51,085 [grpc-default-executor-10] INFO  impl.RoleInfo (RoleInfo.java:shutdownFollowerState(121)) - fe8e0d95-22db-4b8a-875e-83bee4d716fb: shutdown FollowerState
2019-10-10 01:21:51,086 [grpc-default-executor-15] INFO  impl.RoleInfo (RoleInfo.java:updateAndGet(143)) - 993817e1-c77a-472e-865f-a6e34ffe7967: start FollowerState
2019-10-10 01:21:51,086 [grpc-default-executor-10] INFO  impl.RoleInfo (RoleInfo.java:updateAndGet(143)) - fe8e0d95-22db-4b8a-875e-83bee4d716fb: start FollowerState
2019-10-10 01:21:51,086 [Thread-1058] INFO  impl.FollowerState (FollowerState.java:run(117)) - 993817e1-c77a-472e-865f-a6e34ffe7967@group-0525ECB86D9C-FollowerState was interrupted: java.lang.InterruptedException: sleep interrupted
2019-10-10 01:21:51,086 [Thread-1061] INFO  impl.FollowerState (FollowerState.java:run(117)) - fe8e0d95-22db-4b8a-875e-83bee4d716fb@group-0525ECB86D9C-FollowerState was interrupted: java.lang.InterruptedException: sleep interrupted
2019-10-10 01:21:51,115 [4b92f2f8-e489-47a4-a90a-1d3fa2a9a07f@group-0525ECB86D9C-LeaderElection14] INFO  impl.LeaderElection (LeaderElection.java:logAndReturn(56)) - 4b92f2f8-e489-47a4-a90a-1d3fa2a9a07f@group-0525ECB86D9C-LeaderElection14: Election PASSED; received 1 response(s) [4b92f2f8-e489-47a4-a90a-1d3fa2a9a07f<-fe8e0d95-22db-4b8a-875e-83bee4d716fb#0:OK-t1] and 0 exception(s); 4b92f2f8-e489-47a4-a90a-1d3fa2a9a07f@group-0525ECB86D9C:t1, leader=null, voted=4b92f2f8-e489-47a4-a90a-1d3fa2a9a07f, raftlog=4b92f2f8-e489-47a4-a90a-1d3fa2a9a07f@group-0525ECB86D9C-SegmentedRaftLog:OPENED:c-1,f-1,i0, conf=-1: [4b92f2f8-e489-47a4-a90a-1d3fa2a9a07f:192.168.151.118:35849, 993817e1-c77a-472e-865f-a6e34ffe7967:192.168.151.118:41261, fe8e0d95-22db-4b8a-875e-83bee4d716fb:192.168.151.118:34352], old=null
2019-10-10 01:21:51,116 [4b92f2f8-e489-47a4-a90a-1d3fa2a9a07f@group-0525ECB86D9C-LeaderElection14] INFO  impl.RoleInfo (RoleInfo.java:shutdownLeaderElection(134)) - 4b92f2f8-e489-47a4-a90a-1d3fa2a9a07f: shutdown LeaderElection
2019-10-10 01:21:51,116 [4b92f2f8-e489-47a4-a90a-1d3fa2a9a07f@group-0525ECB86D9C-LeaderElection14] INFO  impl.RaftServerImpl (RaftServerImpl.java:setRole(170)) - 4b92f2f8-e489-47a4-a90a-1d3fa2a9a07f@group-0525ECB86D9C: changes role from CANDIDATE to LEADER at term 1 for changeToLeader
2019-10-10 01:21:51,116 [4b92f2f8-e489-47a4-a90a-1d3fa2a9a07f@group-0525ECB86D9C-LeaderElection14] INFO  impl.RaftServerImpl (ServerState.java:setLeader(255)) - 4b92f2f8-e489-47a4-a90a-1d3fa2a9a07f@group-0525ECB86D9C: change Leader from null to 4b92f2f8-e489-47a4-a90a-1d3fa2a9a07f at term 1 for becomeLeader, leader elected after 5131ms
2019-10-10 01:21:51,116 [4b92f2f8-e489-47a4-a90a-1d3fa2a9a07f@group-0525ECB86D9C-LeaderElection14] INFO  server.RaftServerConfigKeys (ConfUtils.java:logGet(43)) - raft.server.staging.catchup.gap = 1000 (default)
2019-10-10 01:21:51,117 [4b92f2f8-e489-47a4-a90a-1d3fa2a9a07f@group-0525ECB86D9C-LeaderElection14] INFO  server.RaftServerConfigKeys (ConfUtils.java:logGet(43)) - raft.server.rpc.sleep.time = 25ms (default)
2019-10-10 01:21:51,117 [4b92f2f8-e489-47a4-a90a-1d3fa2a9a07f@group-0525ECB86D9C-LeaderElection14] INFO  server.RaftServerConfigKeys (ConfUtils.java:logGet(43)) - raft.server.write.element-limit = 4096 (default)
2019-10-10 01:21:51,117 [4b92f2f8-e489-47a4-a90a-1d3fa2a9a07f@group-0525ECB86D9C-LeaderElection14] INFO  server.RaftServerConfigKeys (ConfUtils.java:logGet(43)) - raft.server.watch.timeout = 10s (default)
2019-10-10 01:21:51,117 [4b92f2f8-e489-47a4-a90a-1d3fa2a9a07f@group-0525ECB86D9C-LeaderElection14] INFO  server.RaftServerConfigKeys (ConfUtils.java:logGet(43)) - raft.server.watch.timeout.denomination = 1s (default)
2019-10-10 01:21:51,117 [4b92f2f8-e489-47a4-a90a-1d3fa2a9a07f@group-0525ECB86D9C-LeaderElection14] INFO  server.RaftServerConfigKeys (ConfUtils.java:logGet(43)) - raft.server.watch.element-limit = 65536 (default)
2019-10-10 01:21:51,121 [4b92f2f8-e489-47a4-a90a-1d3fa2a9a07f@group-0525ECB86D9C-LeaderElection14] INFO  server.RaftServerConfigKeys (ConfUtils.java:logGet(43)) - raft.server.log.appender.snapshot.chunk.size.max = 16MB (=16777216) (default)
2019-10-10 01:21:51,122 [4b92f2f8-e489-47a4-a90a-1d3fa2a9a07f@group-0525ECB86D9C-LeaderElection14] INFO  server.RaftServerConfigKeys (ConfUtils.java:logGet(43)) - raft.server.log.appender.buffer.byte-limit = 33554432 (custom)
2019-10-10 01:21:51,122 [4b92f2f8-e489-47a4-a90a-1d3fa2a9a07f@group-0525ECB86D9C-LeaderElection14] INFO  server.RaftServerConfigKeys (ConfUtils.java:logGet(43)) - raft.server.log.appender.buffer.element-limit = 1 (custom)
2019-10-10 01:21:51,122 [4b92f2f8-e489-47a4-a90a-1d3fa2a9a07f@group-0525ECB86D9C-LeaderElection14] INFO  grpc.GrpcConfigKeys$Server (ConfUtils.java:logGet(43)) - raft.grpc.server.leader.outstanding.appends.max = 128 (default)
2019-10-10 01:21:51,122 [4b92f2f8-e489-47a4-a90a-1d3fa2a9a07f@group-0525ECB86D9C-LeaderElection14] INFO  server.RaftServerConfigKeys (ConfUtils.java:logGet(43)) - raft.server.rpc.request.timeout = 3000ms (default)
2019-10-10 01:21:51,123 [4b92f2f8-e489-47a4-a90a-1d3fa2a9a07f@group-0525ECB86D9C-LeaderElection14] INFO  server.RaftServerConfigKeys (ConfUtils.java:logGet(43)) - raft.server.log.appender.install.snapshot.enabled = false (custom)
2019-10-10 01:21:51,123 [4b92f2f8-e489-47a4-a90a-1d3fa2a9a07f@group-0525ECB86D9C-LeaderElection14] INFO  server.RaftServerConfigKeys (ConfUtils.java:logGet(43)) - raft.server.log.appender.snapshot.chunk.size.max = 16MB (=16777216) (default)
2019-10-10 01:21:51,123 [4b92f2f8-e489-47a4-a90a-1d3fa2a9a07f@group-0525ECB86D9C-LeaderElection14] INFO  server.RaftServerConfigKeys (ConfUtils.java:logGet(43)) - raft.server.log.appender.buffer.byte-limit = 33554432 (custom)
2019-10-10 01:21:51,123 [4b92f2f8-e489-47a4-a90a-1d3fa2a9a07f@group-0525ECB86D9C-LeaderElection14] INFO  server.RaftServerConfigKeys (ConfUtils.java:logGet(43)) - raft.server.log.appender.buffer.element-limit = 1 (custom)
2019-10-10 01:21:51,124 [4b92f2f8-e489-47a4-a90a-1d3fa2a9a07f@group-0525ECB86D9C-LeaderElection14] INFO  grpc.GrpcConfigKeys$Server (ConfUtils.java:logGet(43)) - raft.grpc.server.leader.outstanding.appends.max = 128 (default)
2019-10-10 01:21:51,124 [4b92f2f8-e489-47a4-a90a-1d3fa2a9a07f@group-0525ECB86D9C-LeaderElection14] INFO  server.RaftServerConfigKeys (ConfUtils.java:logGet(43)) - raft.server.rpc.request.timeout = 3000ms (default)
2019-10-10 01:21:51,124 [4b92f2f8-e489-47a4-a90a-1d3fa2a9a07f@group-0525ECB86D9C-LeaderElection14] INFO  server.RaftServerConfigKeys (ConfUtils.java:logGet(43)) - raft.server.log.appender.install.snapshot.enabled = false (custom)
2019-10-10 01:21:51,124 [4b92f2f8-e489-47a4-a90a-1d3fa2a9a07f@group-0525ECB86D9C-LeaderElection14] INFO  impl.RoleInfo (RoleInfo.java:updateAndGet(143)) - 4b92f2f8-e489-47a4-a90a-1d3fa2a9a07f: start LeaderState
2019-10-10 01:21:51,125 [4b92f2f8-e489-47a4-a90a-1d3fa2a9a07f@group-0525ECB86D9C-LeaderElection14] INFO  segmented.SegmentedRaftLogWorker (SegmentedRaftLogWorker.java:startLogSegment(385)) - 4b92f2f8-e489-47a4-a90a-1d3fa2a9a07f@group-0525ECB86D9C-SegmentedRaftLogWorker: Starting segment from index:0
2019-10-10 01:21:51,126 [4b92f2f8-e489-47a4-a90a-1d3fa2a9a07f@group-0525ECB86D9C-LeaderElection14] INFO  impl.RaftServerImpl (ServerState.java:setRaftConf(356)) - 4b92f2f8-e489-47a4-a90a-1d3fa2a9a07f@group-0525ECB86D9C: set configuration 0: [4b92f2f8-e489-47a4-a90a-1d3fa2a9a07f:192.168.151.118:35849, 993817e1-c77a-472e-865f-a6e34ffe7967:192.168.151.118:41261, fe8e0d95-22db-4b8a-875e-83bee4d716fb:192.168.151.118:34352], old=null at 0
2019-10-10 01:21:51,153 [grpc-default-executor-10] INFO  impl.RaftServerImpl (ServerState.java:setLeader(255)) - 993817e1-c77a-472e-865f-a6e34ffe7967@group-0525ECB86D9C: change Leader from null to 4b92f2f8-e489-47a4-a90a-1d3fa2a9a07f at term 1 for appendEntries, leader elected after 5168ms
2019-10-10 01:21:51,157 [grpc-default-executor-15] INFO  impl.RaftServerImpl (ServerState.java:setLeader(255)) - fe8e0d95-22db-4b8a-875e-83bee4d716fb@group-0525ECB86D9C: change Leader from null to 4b92f2f8-e489-47a4-a90a-1d3fa2a9a07f at term 1 for appendEntries, leader elected after 5172ms
2019-10-10 01:21:51,159 [grpc-default-executor-10] INFO  impl.RaftServerImpl (ServerState.java:setRaftConf(356)) - 993817e1-c77a-472e-865f-a6e34ffe7967@group-0525ECB86D9C: set configuration 0: [4b92f2f8-e489-47a4-a90a-1d3fa2a9a07f:192.168.151.118:35849, 993817e1-c77a-472e-865f-a6e34ffe7967:192.168.151.118:41261, fe8e0d95-22db-4b8a-875e-83bee4d716fb:192.168.151.118:34352], old=null at 0
2019-10-10 01:21:51,159 [grpc-default-executor-15] INFO  impl.RaftServerImpl (ServerState.java:setRaftConf(356)) - fe8e0d95-22db-4b8a-875e-83bee4d716fb@group-0525ECB86D9C: set configuration 0: [4b92f2f8-e489-47a4-a90a-1d3fa2a9a07f:192.168.151.118:35849, 993817e1-c77a-472e-865f-a6e34ffe7967:192.168.151.118:41261, fe8e0d95-22db-4b8a-875e-83bee4d716fb:192.168.151.118:34352], old=null at 0
2019-10-10 01:21:51,159 [grpc-default-executor-10] INFO  segmented.SegmentedRaftLogWorker (SegmentedRaftLogWorker.java:startLogSegment(385)) - 993817e1-c77a-472e-865f-a6e34ffe7967@group-0525ECB86D9C-SegmentedRaftLogWorker: Starting segment from index:0
2019-10-10 01:21:51,160 [grpc-default-executor-15] INFO  segmented.SegmentedRaftLogWorker (SegmentedRaftLogWorker.java:startLogSegment(385)) - fe8e0d95-22db-4b8a-875e-83bee4d716fb@group-0525ECB86D9C-SegmentedRaftLogWorker: Starting segment from index:0
2019-10-10 01:21:51,180 [4b92f2f8-e489-47a4-a90a-1d3fa2a9a07f@group-0525ECB86D9C-SegmentedRaftLogWorker] INFO  segmented.SegmentedRaftLogWorker (SegmentedRaftLogWorker.java:execute(574)) - 4b92f2f8-e489-47a4-a90a-1d3fa2a9a07f@group-0525ECB86D9C-SegmentedRaftLogWorker: created new log segment /workdir/hadoop-ozone/tools/target/test-dir/MiniOzoneClusterImpl-1e8b0e80-279c-49c4-ae13-42ed318b6149/datanode-4/data/ratis/b63c654d-885b-45fd-bbe8-0525ecb86d9c/current/log_inprogress_0
2019-10-10 01:21:51,194 [fe8e0d95-22db-4b8a-875e-83bee4d716fb@group-0525ECB86D9C-SegmentedRaftLogWorker] INFO  segmented.SegmentedRaftLogWorker (SegmentedRaftLogWorker.java:execute(574)) - fe8e0d95-22db-4b8a-875e-83bee4d716fb@group-0525ECB86D9C-SegmentedRaftLogWorker: created new log segment /workdir/hadoop-ozone/tools/target/test-dir/MiniOzoneClusterImpl-1e8b0e80-279c-49c4-ae13-42ed318b6149/datanode-2/data/ratis/b63c654d-885b-45fd-bbe8-0525ecb86d9c/current/log_inprogress_0
2019-10-10 01:21:51,200 [993817e1-c77a-472e-865f-a6e34ffe7967@group-0525ECB86D9C-SegmentedRaftLogWorker] INFO  segmented.SegmentedRaftLogWorker (SegmentedRaftLogWorker.java:execute(574)) - 993817e1-c77a-472e-865f-a6e34ffe7967@group-0525ECB86D9C-SegmentedRaftLogWorker: created new log segment /workdir/hadoop-ozone/tools/target/test-dir/MiniOzoneClusterImpl-1e8b0e80-279c-49c4-ae13-42ed318b6149/datanode-0/data/ratis/b63c654d-885b-45fd-bbe8-0525ecb86d9c/current/log_inprogress_0
 0.00% |█                                                                                                    |  0/1 Time: 0:05:572019-10-10 01:21:51,937 [pool-66-thread-12] ERROR impl.ChunkManagerImpl (ChunkManagerDummyImpl.java:writeChunk(86)) - data array does not match the length specified. DataLen: 1048576 Byte Array: 1048749
2019-10-10 01:21:51,937 [pool-66-thread-12] ERROR impl.ChunkManagerDummyImpl (ChunkManagerDummyImpl.java:writeChunk(105)) - write data failed. error: {}
org.apache.hadoop.hdds.scm.container.common.helpers.StorageContainerException: data array does not match the length specified. DataLen: 1048576 Byte Array: 1048749
	at org.apache.hadoop.ozone.container.keyvalue.impl.ChunkManagerDummyImpl.writeChunk(ChunkManagerDummyImpl.java:87)
	at org.apache.hadoop.ozone.container.keyvalue.KeyValueHandler.handleWriteChunk(KeyValueHandler.java:696)
	at org.apache.hadoop.ozone.container.keyvalue.KeyValueHandler.handle(KeyValueHandler.java:176)
	at org.apache.hadoop.ozone.container.common.impl.HddsDispatcher.dispatchRequest(HddsDispatcher.java:277)
	at org.apache.hadoop.ozone.container.common.impl.HddsDispatcher.dispatch(HddsDispatcher.java:150)
	at org.apache.hadoop.ozone.container.common.transport.server.ratis.ContainerStateMachine.dispatchCommand(ContainerStateMachine.java:413)
	at org.apache.hadoop.ozone.container.common.transport.server.ratis.ContainerStateMachine.runCommand(ContainerStateMachine.java:423)
	at org.apache.hadoop.ozone.container.common.transport.server.ratis.ContainerStateMachine.lambda$handleWriteChunk$1(ContainerStateMachine.java:458)
	at java.util.concurrent.CompletableFuture$AsyncSupply.run(CompletableFuture.java:1590)
	at java.util.concurrent.ThreadPoolExecutor.runWorker(ThreadPoolExecutor.java:1149)
	at java.util.concurrent.ThreadPoolExecutor$Worker.run(ThreadPoolExecutor.java:624)
	at java.lang.Thread.run(Thread.java:748)
2019-10-10 01:21:51,937 [pool-66-thread-12] INFO  keyvalue.KeyValueHandler (ContainerUtils.java:logAndReturnError(146)) - Operation: WriteChunk : Trace ID: a21490a0e8815135:381ae620a21ad07c:3460afdd42d0416b:0 : Message: Internal error:  : Result: CONTAINER_INTERNAL_ERROR
2019-10-10 01:21:51,947 [EventQueue-IncrementalContainerReportForIncrementalContainerReportHandler] WARN  container.IncrementalContainerReportHandler (AbstractContainerReportHandler.java:updateContainerState(145)) - Container #8 is in OPEN state, but the datanode 4b92f2f8-e489-47a4-a90a-1d3fa2a9a07f{ip: 192.168.151.118, host: pr-hdds-2194-jqrdw-3579824535, networkLocation: /default-rack, certSerialId: null} reports an UNHEALTHY replica.
2019-10-10 01:21:51,948 [EventQueue-CloseContainerForCloseContainerEventHandler] INFO  container.CloseContainerEventHandler (CloseContainerEventHandler.java:onMessage(61)) - Close container Event triggered for container : #8
01:21:51.947 [pool-66-thread-12] ERROR DNAudit - user=null | ip=null | op=WRITE_CHUNK {blockData=conID: 8 locID: 102935462322569226 bcsId: 0} | ret=FAILURE
java.lang.Exception: Internal error: 
	at org.apache.hadoop.ozone.container.common.impl.HddsDispatcher.dispatchRequest(HddsDispatcher.java:332) ~[hadoop-hdds-container-service-0.5.0-SNAPSHOT.jar:?]
	at org.apache.hadoop.ozone.container.common.impl.HddsDispatcher.dispatch(HddsDispatcher.java:150) ~[hadoop-hdds-container-service-0.5.0-SNAPSHOT.jar:?]
	at org.apache.hadoop.ozone.container.common.transport.server.ratis.ContainerStateMachine.dispatchCommand(ContainerStateMachine.java:413) ~[hadoop-hdds-container-service-0.5.0-SNAPSHOT.jar:?]
	at org.apache.hadoop.ozone.container.common.transport.server.ratis.ContainerStateMachine.runCommand(ContainerStateMachine.java:423) ~[hadoop-hdds-container-service-0.5.0-SNAPSHOT.jar:?]
	at org.apache.hadoop.ozone.container.common.transport.server.ratis.ContainerStateMachine.lambda$handleWriteChunk$1(ContainerStateMachine.java:458) ~[hadoop-hdds-container-service-0.5.0-SNAPSHOT.jar:?]
	at java.util.concurrent.CompletableFuture$AsyncSupply.run(CompletableFuture.java:1590) [?:1.8.0_212]
	at java.util.concurrent.ThreadPoolExecutor.runWorker(ThreadPoolExecutor.java:1149) [?:1.8.0_212]
	at java.util.concurrent.ThreadPoolExecutor$Worker.run(ThreadPoolExecutor.java:624) [?:1.8.0_212]
	at java.lang.Thread.run(Thread.java:748) [?:1.8.0_212]
2019-10-10 01:21:51,949 [pool-66-thread-12] ERROR ratis.ContainerStateMachine (ContainerStateMachine.java:lambda$handleWriteChunk$2(480)) - group-0525ECB86D9C: writeChunk writeStateMachineData failed: blockIdcontainerID: 8
localID: 102935462322569226
blockCommitSequenceId: 0
 logIndex 1 chunkName 102935462322569226_chunk_1 Error message: Internal error:  Container Result: CONTAINER_INTERNAL_ERROR
2019-10-10 01:21:51,949 [4b92f2f8-e489-47a4-a90a-1d3fa2a9a07f@group-0525ECB86D9C-SegmentedRaftLogWorker] ERROR ratis.XceiverServerRatis (XceiverServerRatis.java:triggerPipelineClose(582)) - pipeline Action CLOSE  on pipeline PipelineID=b63c654d-885b-45fd-bbe8-0525ecb86d9c.Reason : Internal error: 
2019-10-10 01:21:51,949 [4b92f2f8-e489-47a4-a90a-1d3fa2a9a07f@group-0525ECB86D9C-SegmentedRaftLogWorker] ERROR ratis.XceiverServerRatis (XceiverServerRatis.java:triggerPipelineClose(582)) - pipeline Action CLOSE  on pipeline PipelineID=b63c654d-885b-45fd-bbe8-0525ecb86d9c.Reason : Log already failed at index 1 for task WriteLog:1: (t:1, i:1), STATEMACHINELOGENTRY, client-C4D56C4DF97D, cid=70
2019-10-10 01:21:51,950 [EventQueue-PipelineActionsForPipelineActionHandler] ERROR pipeline.PipelineActionHandler (PipelineActionHandler.java:onMessage(60)) - Received pipeline action CLOSE for Pipeline[ Id: b63c654d-885b-45fd-bbe8-0525ecb86d9c, Nodes: 4b92f2f8-e489-47a4-a90a-1d3fa2a9a07f{ip: 192.168.151.118, host: pr-hdds-2194-jqrdw-3579824535, networkLocation: /default-rack, certSerialId: null}fe8e0d95-22db-4b8a-875e-83bee4d716fb{ip: 192.168.151.118, host: pr-hdds-2194-jqrdw-3579824535, networkLocation: /default-rack, certSerialId: null}993817e1-c77a-472e-865f-a6e34ffe7967{ip: 192.168.151.118, host: pr-hdds-2194-jqrdw-3579824535, networkLocation: /default-rack, certSerialId: null}, Type:RATIS, Factor:THREE, State:OPEN] from datanode 4b92f2f8-e489-47a4-a90a-1d3fa2a9a07f{ip: 192.168.151.118, host: pr-hdds-2194-jqrdw-3579824535, networkLocation: /default-rack, certSerialId: null}. Reason : Internal error: 
2019-10-10 01:21:51,950 [EventQueue-PipelineActionsForPipelineActionHandler] INFO  pipeline.SCMPipelineManager (SCMPipelineManager.java:finalizeAndDestroyPipeline(315)) - destroying pipeline:Pipeline[ Id: b63c654d-885b-45fd-bbe8-0525ecb86d9c, Nodes: 4b92f2f8-e489-47a4-a90a-1d3fa2a9a07f{ip: 192.168.151.118, host: pr-hdds-2194-jqrdw-3579824535, networkLocation: /default-rack, certSerialId: null}fe8e0d95-22db-4b8a-875e-83bee4d716fb{ip: 192.168.151.118, host: pr-hdds-2194-jqrdw-3579824535, networkLocation: /default-rack, certSerialId: null}993817e1-c77a-472e-865f-a6e34ffe7967{ip: 192.168.151.118, host: pr-hdds-2194-jqrdw-3579824535, networkLocation: /default-rack, certSerialId: null}, Type:RATIS, Factor:THREE, State:OPEN]
2019-10-10 01:21:51,950 [EventQueue-PipelineActionsForPipelineActionHandler] INFO  pipeline.PipelineStateManager (PipelineStateManager.java:finalizePipeline(123)) - Pipeline Pipeline[ Id: b63c654d-885b-45fd-bbe8-0525ecb86d9c, Nodes: 4b92f2f8-e489-47a4-a90a-1d3fa2a9a07f{ip: 192.168.151.118, host: pr-hdds-2194-jqrdw-3579824535, networkLocation: /default-rack, certSerialId: null}fe8e0d95-22db-4b8a-875e-83bee4d716fb{ip: 192.168.151.118, host: pr-hdds-2194-jqrdw-3579824535, networkLocation: /default-rack, certSerialId: null}993817e1-c77a-472e-865f-a6e34ffe7967{ip: 192.168.151.118, host: pr-hdds-2194-jqrdw-3579824535, networkLocation: /default-rack, certSerialId: null}, Type:RATIS, Factor:THREE, State:CLOSED] moved to CLOSED state
2019-10-10 01:21:51,951 [EventQueue-PipelineActionsForPipelineActionHandler] ERROR pipeline.PipelineActionHandler (PipelineActionHandler.java:onMessage(60)) - Received pipeline action CLOSE for Pipeline[ Id: b63c654d-885b-45fd-bbe8-0525ecb86d9c, Nodes: 4b92f2f8-e489-47a4-a90a-1d3fa2a9a07f{ip: 192.168.151.118, host: pr-hdds-2194-jqrdw-3579824535, networkLocation: /default-rack, certSerialId: null}fe8e0d95-22db-4b8a-875e-83bee4d716fb{ip: 192.168.151.118, host: pr-hdds-2194-jqrdw-3579824535, networkLocation: /default-rack, certSerialId: null}993817e1-c77a-472e-865f-a6e34ffe7967{ip: 192.168.151.118, host: pr-hdds-2194-jqrdw-3579824535, networkLocation: /default-rack, certSerialId: null}, Type:RATIS, Factor:THREE, State:CLOSED] from datanode 4b92f2f8-e489-47a4-a90a-1d3fa2a9a07f{ip: 192.168.151.118, host: pr-hdds-2194-jqrdw-3579824535, networkLocation: /default-rack, certSerialId: null}. Reason : Log already failed at index 1 for task WriteLog:1: (t:1, i:1), STATEMACHINELOGENTRY, client-C4D56C4DF97D, cid=70
2019-10-10 01:21:51,951 [EventQueue-PipelineActionsForPipelineActionHandler] INFO  pipeline.SCMPipelineManager (SCMPipelineManager.java:finalizeAndDestroyPipeline(315)) - destroying pipeline:Pipeline[ Id: b63c654d-885b-45fd-bbe8-0525ecb86d9c, Nodes: 4b92f2f8-e489-47a4-a90a-1d3fa2a9a07f{ip: 192.168.151.118, host: pr-hdds-2194-jqrdw-3579824535, networkLocation: /default-rack, certSerialId: null}fe8e0d95-22db-4b8a-875e-83bee4d716fb{ip: 192.168.151.118, host: pr-hdds-2194-jqrdw-3579824535, networkLocation: /default-rack, certSerialId: null}993817e1-c77a-472e-865f-a6e34ffe7967{ip: 192.168.151.118, host: pr-hdds-2194-jqrdw-3579824535, networkLocation: /default-rack, certSerialId: null}, Type:RATIS, Factor:THREE, State:CLOSED]
 0.00% |█                                                                                                    |  0/1 Time: 0:05:58 0.00% |█                                                                                                    |  0/1 Time: 0:05:592019-10-10 01:21:54,178 [grpc-default-executor-12] INFO  impl.RaftServerProxy (RaftServerProxy.java:addNew(89)) - fe8e0d95-22db-4b8a-875e-83bee4d716fb: addNew group-989BFB4B5E5C:[4b92f2f8-e489-47a4-a90a-1d3fa2a9a07f:192.168.151.118:35849, 993817e1-c77a-472e-865f-a6e34ffe7967:192.168.151.118:41261, fe8e0d95-22db-4b8a-875e-83bee4d716fb:192.168.151.118:34352] returns group-989BFB4B5E5C:java.util.concurrent.CompletableFuture@467c96c9[Not completed]
2019-10-10 01:21:54,182 [grpc-default-executor-15] INFO  impl.RaftServerProxy (RaftServerProxy.java:addNew(89)) - 993817e1-c77a-472e-865f-a6e34ffe7967: addNew group-989BFB4B5E5C:[4b92f2f8-e489-47a4-a90a-1d3fa2a9a07f:192.168.151.118:35849, 993817e1-c77a-472e-865f-a6e34ffe7967:192.168.151.118:41261, fe8e0d95-22db-4b8a-875e-83bee4d716fb:192.168.151.118:34352] returns group-989BFB4B5E5C:java.util.concurrent.CompletableFuture@724721b2[Not completed]
2019-10-10 01:21:54,178 [grpc-default-executor-10] INFO  impl.RaftServerProxy (RaftServerProxy.java:addNew(89)) - 4b92f2f8-e489-47a4-a90a-1d3fa2a9a07f: addNew group-989BFB4B5E5C:[4b92f2f8-e489-47a4-a90a-1d3fa2a9a07f:192.168.151.118:35849, 993817e1-c77a-472e-865f-a6e34ffe7967:192.168.151.118:41261, fe8e0d95-22db-4b8a-875e-83bee4d716fb:192.168.151.118:34352] returns group-989BFB4B5E5C:java.util.concurrent.CompletableFuture@351e7975[Not completed]
2019-10-10 01:21:54,185 [pool-27-thread-1] INFO  impl.RaftServerImpl (RaftServerImpl.java:<init>(95)) - 993817e1-c77a-472e-865f-a6e34ffe7967: new RaftServerImpl for group-989BFB4B5E5C:[4b92f2f8-e489-47a4-a90a-1d3fa2a9a07f:192.168.151.118:35849, 993817e1-c77a-472e-865f-a6e34ffe7967:192.168.151.118:41261, fe8e0d95-22db-4b8a-875e-83bee4d716fb:192.168.151.118:34352] with ContainerStateMachine:uninitialized
2019-10-10 01:21:54,185 [pool-27-thread-1] INFO  server.RaftServerConfigKeys (ConfUtils.java:logGet(43)) - raft.server.rpc.timeout.min = 5s (custom)
2019-10-10 01:21:54,185 [pool-27-thread-1] INFO  server.RaftServerConfigKeys (ConfUtils.java:logGet(43)) - raft.server.rpc.timeout.max = 5200ms (custom)
2019-10-10 01:21:54,185 [pool-27-thread-1] INFO  server.RaftServerConfigKeys (ConfUtils.java:logGet(43)) - raft.server.rpcslowness.timeout = 120s (custom)
2019-10-10 01:21:54,185 [pool-27-thread-1] INFO  server.RaftServerConfigKeys (ConfUtils.java:logGet(43)) - raft.server.sleep.deviation.threshold = 300 (default)
2019-10-10 01:21:54,185 [pool-27-thread-1] INFO  server.RaftServerConfigKeys (ConfUtils.java:logGet(43)) - raft.server.log.appender.install.snapshot.enabled = false (custom)
2019-10-10 01:21:54,186 [pool-27-thread-1] INFO  impl.RaftServerImpl (ServerState.java:<init>(103)) - 993817e1-c77a-472e-865f-a6e34ffe7967@group-989BFB4B5E5C: ConfigurationManager, init=-1: [4b92f2f8-e489-47a4-a90a-1d3fa2a9a07f:192.168.151.118:35849, 993817e1-c77a-472e-865f-a6e34ffe7967:192.168.151.118:41261, fe8e0d95-22db-4b8a-875e-83bee4d716fb:192.168.151.118:34352], old=null, confs=<EMPTY_MAP>
2019-10-10 01:21:54,186 [pool-27-thread-1] INFO  server.RaftServerConfigKeys (ConfUtils.java:logGet(43)) - raft.server.storage.dir = [/workdir/hadoop-ozone/tools/target/test-dir/MiniOzoneClusterImpl-1e8b0e80-279c-49c4-ae13-42ed318b6149/datanode-0/data/ratis] (custom)
2019-10-10 01:21:54,186 [pool-27-thread-1] INFO  server.RaftServerConfigKeys (ConfUtils.java:logGet(43)) - raft.server.log.corruption.policy = EXCEPTION (default)
2019-10-10 01:21:54,186 [pool-67-thread-1] INFO  impl.RaftServerImpl (RaftServerImpl.java:<init>(95)) - 4b92f2f8-e489-47a4-a90a-1d3fa2a9a07f: new RaftServerImpl for group-989BFB4B5E5C:[4b92f2f8-e489-47a4-a90a-1d3fa2a9a07f:192.168.151.118:35849, 993817e1-c77a-472e-865f-a6e34ffe7967:192.168.151.118:41261, fe8e0d95-22db-4b8a-875e-83bee4d716fb:192.168.151.118:34352] with ContainerStateMachine:uninitialized
2019-10-10 01:21:54,186 [pool-27-thread-1] INFO  storage.RaftStorageDirectory (RaftStorageDirectory.java:analyzeStorage(246)) - The storage directory /workdir/hadoop-ozone/tools/target/test-dir/MiniOzoneClusterImpl-1e8b0e80-279c-49c4-ae13-42ed318b6149/datanode-0/data/ratis/2b14e453-70c0-489e-9db9-989bfb4b5e5c does not exist. Creating ...
2019-10-10 01:21:54,186 [pool-67-thread-1] INFO  server.RaftServerConfigKeys (ConfUtils.java:logGet(43)) - raft.server.rpc.timeout.min = 5s (custom)
2019-10-10 01:21:54,186 [pool-67-thread-1] INFO  server.RaftServerConfigKeys (ConfUtils.java:logGet(43)) - raft.server.rpc.timeout.max = 5200ms (custom)
2019-10-10 01:21:54,187 [pool-67-thread-1] INFO  server.RaftServerConfigKeys (ConfUtils.java:logGet(43)) - raft.server.rpcslowness.timeout = 120s (custom)
2019-10-10 01:21:54,187 [pool-67-thread-1] INFO  server.RaftServerConfigKeys (ConfUtils.java:logGet(43)) - raft.server.sleep.deviation.threshold = 300 (default)
2019-10-10 01:21:54,187 [pool-47-thread-1] INFO  impl.RaftServerImpl (RaftServerImpl.java:<init>(95)) - fe8e0d95-22db-4b8a-875e-83bee4d716fb: new RaftServerImpl for group-989BFB4B5E5C:[4b92f2f8-e489-47a4-a90a-1d3fa2a9a07f:192.168.151.118:35849, 993817e1-c77a-472e-865f-a6e34ffe7967:192.168.151.118:41261, fe8e0d95-22db-4b8a-875e-83bee4d716fb:192.168.151.118:34352] with ContainerStateMachine:uninitialized
2019-10-10 01:21:54,187 [pool-67-thread-1] INFO  server.RaftServerConfigKeys (ConfUtils.java:logGet(43)) - raft.server.log.appender.install.snapshot.enabled = false (custom)
2019-10-10 01:21:54,187 [pool-47-thread-1] INFO  server.RaftServerConfigKeys (ConfUtils.java:logGet(43)) - raft.server.rpc.timeout.min = 5s (custom)
2019-10-10 01:21:54,187 [pool-67-thread-1] INFO  impl.RaftServerImpl (ServerState.java:<init>(103)) - 4b92f2f8-e489-47a4-a90a-1d3fa2a9a07f@group-989BFB4B5E5C: ConfigurationManager, init=-1: [4b92f2f8-e489-47a4-a90a-1d3fa2a9a07f:192.168.151.118:35849, 993817e1-c77a-472e-865f-a6e34ffe7967:192.168.151.118:41261, fe8e0d95-22db-4b8a-875e-83bee4d716fb:192.168.151.118:34352], old=null, confs=<EMPTY_MAP>
2019-10-10 01:21:54,187 [pool-47-thread-1] INFO  server.RaftServerConfigKeys (ConfUtils.java:logGet(43)) - raft.server.rpc.timeout.max = 5200ms (custom)
2019-10-10 01:21:54,187 [pool-67-thread-1] INFO  server.RaftServerConfigKeys (ConfUtils.java:logGet(43)) - raft.server.storage.dir = [/workdir/hadoop-ozone/tools/target/test-dir/MiniOzoneClusterImpl-1e8b0e80-279c-49c4-ae13-42ed318b6149/datanode-4/data/ratis] (custom)
2019-10-10 01:21:54,188 [pool-47-thread-1] INFO  server.RaftServerConfigKeys (ConfUtils.java:logGet(43)) - raft.server.rpcslowness.timeout = 120s (custom)
2019-10-10 01:21:54,188 [pool-47-thread-1] INFO  server.RaftServerConfigKeys (ConfUtils.java:logGet(43)) - raft.server.sleep.deviation.threshold = 300 (default)
2019-10-10 01:21:54,188 [pool-67-thread-1] INFO  server.RaftServerConfigKeys (ConfUtils.java:logGet(43)) - raft.server.log.corruption.policy = EXCEPTION (default)
2019-10-10 01:21:54,188 [pool-47-thread-1] INFO  server.RaftServerConfigKeys (ConfUtils.java:logGet(43)) - raft.server.log.appender.install.snapshot.enabled = false (custom)
2019-10-10 01:21:54,188 [pool-67-thread-1] INFO  storage.RaftStorageDirectory (RaftStorageDirectory.java:analyzeStorage(246)) - The storage directory /workdir/hadoop-ozone/tools/target/test-dir/MiniOzoneClusterImpl-1e8b0e80-279c-49c4-ae13-42ed318b6149/datanode-4/data/ratis/2b14e453-70c0-489e-9db9-989bfb4b5e5c does not exist. Creating ...
2019-10-10 01:21:54,188 [pool-47-thread-1] INFO  impl.RaftServerImpl (ServerState.java:<init>(103)) - fe8e0d95-22db-4b8a-875e-83bee4d716fb@group-989BFB4B5E5C: ConfigurationManager, init=-1: [4b92f2f8-e489-47a4-a90a-1d3fa2a9a07f:192.168.151.118:35849, 993817e1-c77a-472e-865f-a6e34ffe7967:192.168.151.118:41261, fe8e0d95-22db-4b8a-875e-83bee4d716fb:192.168.151.118:34352], old=null, confs=<EMPTY_MAP>
2019-10-10 01:21:54,188 [pool-47-thread-1] INFO  server.RaftServerConfigKeys (ConfUtils.java:logGet(43)) - raft.server.storage.dir = [/workdir/hadoop-ozone/tools/target/test-dir/MiniOzoneClusterImpl-1e8b0e80-279c-49c4-ae13-42ed318b6149/datanode-2/data/ratis] (custom)
2019-10-10 01:21:54,189 [pool-47-thread-1] INFO  server.RaftServerConfigKeys (ConfUtils.java:logGet(43)) - raft.server.log.corruption.policy = EXCEPTION (default)
2019-10-10 01:21:54,189 [pool-47-thread-1] INFO  storage.RaftStorageDirectory (RaftStorageDirectory.java:analyzeStorage(246)) - The storage directory /workdir/hadoop-ozone/tools/target/test-dir/MiniOzoneClusterImpl-1e8b0e80-279c-49c4-ae13-42ed318b6149/datanode-2/data/ratis/2b14e453-70c0-489e-9db9-989bfb4b5e5c does not exist. Creating ...
2019-10-10 01:21:54,200 [pool-67-thread-1] INFO  storage.RaftStorageDirectory (RaftStorageDirectory.java:tryLock(328)) - Lock on /workdir/hadoop-ozone/tools/target/test-dir/MiniOzoneClusterImpl-1e8b0e80-279c-49c4-ae13-42ed318b6149/datanode-4/data/ratis/2b14e453-70c0-489e-9db9-989bfb4b5e5c/in_use.lock acquired by nodename 12932@pr-hdds-2194-jqrdw-3579824535
2019-10-10 01:21:54,200 [pool-27-thread-1] INFO  storage.RaftStorageDirectory (RaftStorageDirectory.java:tryLock(328)) - Lock on /workdir/hadoop-ozone/tools/target/test-dir/MiniOzoneClusterImpl-1e8b0e80-279c-49c4-ae13-42ed318b6149/datanode-0/data/ratis/2b14e453-70c0-489e-9db9-989bfb4b5e5c/in_use.lock acquired by nodename 12932@pr-hdds-2194-jqrdw-3579824535
2019-10-10 01:21:54,200 [pool-47-thread-1] INFO  storage.RaftStorageDirectory (RaftStorageDirectory.java:tryLock(328)) - Lock on /workdir/hadoop-ozone/tools/target/test-dir/MiniOzoneClusterImpl-1e8b0e80-279c-49c4-ae13-42ed318b6149/datanode-2/data/ratis/2b14e453-70c0-489e-9db9-989bfb4b5e5c/in_use.lock acquired by nodename 12932@pr-hdds-2194-jqrdw-3579824535
2019-10-10 01:21:54,225 [pool-27-thread-1] INFO  storage.RaftStorage (RaftStorage.java:format(84)) - Storage directory /workdir/hadoop-ozone/tools/target/test-dir/MiniOzoneClusterImpl-1e8b0e80-279c-49c4-ae13-42ed318b6149/datanode-0/data/ratis/2b14e453-70c0-489e-9db9-989bfb4b5e5c has been successfully formatted.
2019-10-10 01:21:54,225 [pool-67-thread-1] INFO  storage.RaftStorage (RaftStorage.java:format(84)) - Storage directory /workdir/hadoop-ozone/tools/target/test-dir/MiniOzoneClusterImpl-1e8b0e80-279c-49c4-ae13-42ed318b6149/datanode-4/data/ratis/2b14e453-70c0-489e-9db9-989bfb4b5e5c has been successfully formatted.
2019-10-10 01:21:54,225 [pool-47-thread-1] INFO  storage.RaftStorage (RaftStorage.java:format(84)) - Storage directory /workdir/hadoop-ozone/tools/target/test-dir/MiniOzoneClusterImpl-1e8b0e80-279c-49c4-ae13-42ed318b6149/datanode-2/data/ratis/2b14e453-70c0-489e-9db9-989bfb4b5e5c has been successfully formatted.
2019-10-10 01:21:54,225 [pool-67-thread-1] INFO  ratis.ContainerStateMachine (ContainerStateMachine.java:loadSnapshot(231)) - group-989BFB4B5E5C: The snapshot info is null. Setting the last applied indexto:(t:0, i:~)
2019-10-10 01:21:54,225 [pool-27-thread-1] INFO  ratis.ContainerStateMachine (ContainerStateMachine.java:loadSnapshot(231)) - group-989BFB4B5E5C: The snapshot info is null. Setting the last applied indexto:(t:0, i:~)
2019-10-10 01:21:54,225 [pool-67-thread-1] INFO  server.RaftServerConfigKeys (ConfUtils.java:logGet(43)) - raft.server.notification.no-leader.timeout = 120s (custom)
2019-10-10 01:21:54,225 [pool-47-thread-1] INFO  ratis.ContainerStateMachine (ContainerStateMachine.java:loadSnapshot(231)) - group-989BFB4B5E5C: The snapshot info is null. Setting the last applied indexto:(t:0, i:~)
2019-10-10 01:21:54,226 [pool-67-thread-1] INFO  server.RaftServerConfigKeys (ConfUtils.java:logGet(43)) - raft.server.log.use.memory = false (default)
2019-10-10 01:21:54,226 [pool-27-thread-1] INFO  server.RaftServerConfigKeys (ConfUtils.java:logGet(43)) - raft.server.notification.no-leader.timeout = 120s (custom)
2019-10-10 01:21:54,226 [pool-67-thread-1] INFO  server.RaftServerConfigKeys (ConfUtils.java:logGet(43)) - raft.server.log.purge.gap = 1000000 (custom)
2019-10-10 01:21:54,226 [pool-47-thread-1] INFO  server.RaftServerConfigKeys (ConfUtils.java:logGet(43)) - raft.server.notification.no-leader.timeout = 120s (custom)
2019-10-10 01:21:54,226 [pool-67-thread-1] INFO  server.RaftServerConfigKeys (ConfUtils.java:logGet(43)) - raft.server.log.appender.buffer.byte-limit = 33554432 (custom)
2019-10-10 01:21:54,226 [pool-67-thread-1] INFO  server.RaftServerConfigKeys (ConfUtils.java:logGet(43)) - raft.server.log.segment.size.max = 1048576 (custom)
2019-10-10 01:21:54,226 [pool-27-thread-1] INFO  server.RaftServerConfigKeys (ConfUtils.java:logGet(43)) - raft.server.log.use.memory = false (default)
2019-10-10 01:21:54,227 [pool-67-thread-1] INFO  server.RaftServerConfigKeys (ConfUtils.java:logGet(43)) - raft.server.log.segment.cache.num.max = 2 (custom)
2019-10-10 01:21:54,226 [pool-47-thread-1] INFO  server.RaftServerConfigKeys (ConfUtils.java:logGet(43)) - raft.server.log.use.memory = false (default)
2019-10-10 01:21:54,227 [pool-67-thread-1] INFO  segmented.SegmentedRaftLogWorker (SegmentedRaftLogWorker.java:<init>(173)) - new 4b92f2f8-e489-47a4-a90a-1d3fa2a9a07f@group-989BFB4B5E5C-SegmentedRaftLogWorker for RaftStorage:Storage Directory /workdir/hadoop-ozone/tools/target/test-dir/MiniOzoneClusterImpl-1e8b0e80-279c-49c4-ae13-42ed318b6149/datanode-4/data/ratis/2b14e453-70c0-489e-9db9-989bfb4b5e5c
2019-10-10 01:21:54,227 [pool-67-thread-1] INFO  server.RaftServerConfigKeys (ConfUtils.java:logGet(43)) - raft.server.log.queue.byte-limit = 2147483647 (custom)
2019-10-10 01:21:54,227 [pool-27-thread-1] INFO  server.RaftServerConfigKeys (ConfUtils.java:logGet(43)) - raft.server.log.purge.gap = 1000000 (custom)
2019-10-10 01:21:54,227 [pool-67-thread-1] INFO  server.RaftServerConfigKeys (ConfUtils.java:logGet(43)) - raft.server.log.queue.element-limit = 1024 (custom)
2019-10-10 01:21:54,227 [pool-47-thread-1] INFO  server.RaftServerConfigKeys (ConfUtils.java:logGet(43)) - raft.server.log.purge.gap = 1000000 (custom)
2019-10-10 01:21:54,228 [pool-67-thread-1] INFO  server.RaftServerConfigKeys (ConfUtils.java:logGet(43)) - raft.server.log.segment.size.max = 1048576 (custom)
2019-10-10 01:21:54,227 [pool-27-thread-1] INFO  server.RaftServerConfigKeys (ConfUtils.java:logGet(43)) - raft.server.log.appender.buffer.byte-limit = 33554432 (custom)
2019-10-10 01:21:54,228 [pool-67-thread-1] INFO  server.RaftServerConfigKeys (ConfUtils.java:logGet(43)) - raft.server.log.preallocated.size = 16384 (custom)
2019-10-10 01:21:54,228 [pool-47-thread-1] INFO  server.RaftServerConfigKeys (ConfUtils.java:logGet(43)) - raft.server.log.appender.buffer.byte-limit = 33554432 (custom)
2019-10-10 01:21:54,228 [pool-67-thread-1] INFO  server.RaftServerConfigKeys (ConfUtils.java:logGet(43)) - raft.server.log.write.buffer.size = 33554432 (custom)
2019-10-10 01:21:54,228 [pool-67-thread-1] INFO  server.RaftServerConfigKeys (ConfUtils.java:logGet(43)) - raft.server.log.force.sync.num = 128 (default)
2019-10-10 01:21:54,228 [pool-27-thread-1] INFO  server.RaftServerConfigKeys (ConfUtils.java:logGet(43)) - raft.server.log.segment.size.max = 1048576 (custom)
2019-10-10 01:21:54,229 [pool-67-thread-1] INFO  server.RaftServerConfigKeys (ConfUtils.java:logGet(43)) - raft.server.log.statemachine.data.sync = true (default)
2019-10-10 01:21:54,228 [pool-47-thread-1] INFO  server.RaftServerConfigKeys (ConfUtils.java:logGet(43)) - raft.server.log.segment.size.max = 1048576 (custom)
2019-10-10 01:21:54,229 [pool-67-thread-1] INFO  server.RaftServerConfigKeys (ConfUtils.java:logGet(43)) - raft.server.log.statemachine.data.sync.timeout = 10s (default)
2019-10-10 01:21:54,229 [pool-27-thread-1] INFO  server.RaftServerConfigKeys (ConfUtils.java:logGet(43)) - raft.server.log.segment.cache.num.max = 2 (custom)
2019-10-10 01:21:54,229 [pool-67-thread-1] INFO  server.RaftServerConfigKeys (ConfUtils.java:logGet(43)) - raft.server.log.statemachine.data.sync.timeout.retry = -1 (default)
2019-10-10 01:21:54,229 [pool-47-thread-1] INFO  server.RaftServerConfigKeys (ConfUtils.java:logGet(43)) - raft.server.log.segment.cache.num.max = 2 (custom)
2019-10-10 01:21:54,230 [pool-67-thread-1] INFO  server.RaftServerConfigKeys (ConfUtils.java:logGet(43)) - raft.server.log.statemachine.data.caching.enabled = true (custom)
2019-10-10 01:21:54,229 [pool-27-thread-1] INFO  segmented.SegmentedRaftLogWorker (SegmentedRaftLogWorker.java:<init>(173)) - new 993817e1-c77a-472e-865f-a6e34ffe7967@group-989BFB4B5E5C-SegmentedRaftLogWorker for RaftStorage:Storage Directory /workdir/hadoop-ozone/tools/target/test-dir/MiniOzoneClusterImpl-1e8b0e80-279c-49c4-ae13-42ed318b6149/datanode-0/data/ratis/2b14e453-70c0-489e-9db9-989bfb4b5e5c
2019-10-10 01:21:54,230 [pool-47-thread-1] INFO  segmented.SegmentedRaftLogWorker (SegmentedRaftLogWorker.java:<init>(173)) - new fe8e0d95-22db-4b8a-875e-83bee4d716fb@group-989BFB4B5E5C-SegmentedRaftLogWorker for RaftStorage:Storage Directory /workdir/hadoop-ozone/tools/target/test-dir/MiniOzoneClusterImpl-1e8b0e80-279c-49c4-ae13-42ed318b6149/datanode-2/data/ratis/2b14e453-70c0-489e-9db9-989bfb4b5e5c
2019-10-10 01:21:54,230 [pool-27-thread-1] INFO  server.RaftServerConfigKeys (ConfUtils.java:logGet(43)) - raft.server.log.queue.byte-limit = 2147483647 (custom)
2019-10-10 01:21:54,230 [pool-67-thread-1] INFO  segmented.SegmentedRaftLogWorker (SegmentedRaftLogWorker.java:lambda$new$0(128)) - 4b92f2f8-e489-47a4-a90a-1d3fa2a9a07f@group-989BFB4B5E5C-SegmentedRaftLogWorker: flushIndex: setUnconditionally 0 -> -1
2019-10-10 01:21:54,230 [pool-47-thread-1] INFO  server.RaftServerConfigKeys (ConfUtils.java:logGet(43)) - raft.server.log.queue.byte-limit = 2147483647 (custom)
2019-10-10 01:21:54,230 [pool-27-thread-1] INFO  server.RaftServerConfigKeys (ConfUtils.java:logGet(43)) - raft.server.log.queue.element-limit = 1024 (custom)
2019-10-10 01:21:54,230 [pool-67-thread-1] INFO  server.RaftServerConfigKeys (ConfUtils.java:logGet(43)) - raft.server.snapshot.auto.trigger.enabled = true (custom)
2019-10-10 01:21:54,230 [pool-47-thread-1] INFO  server.RaftServerConfigKeys (ConfUtils.java:logGet(43)) - raft.server.log.queue.element-limit = 1024 (custom)
2019-10-10 01:21:54,231 [pool-67-thread-1] INFO  server.RaftServerConfigKeys (ConfUtils.java:logGet(43)) - raft.server.snapshot.auto.trigger.threshold = 10000 (custom)
2019-10-10 01:21:54,230 [pool-27-thread-1] INFO  server.RaftServerConfigKeys (ConfUtils.java:logGet(43)) - raft.server.log.segment.size.max = 1048576 (custom)
2019-10-10 01:21:54,231 [pool-67-thread-1] INFO  server.RaftServerConfigKeys (ConfUtils.java:logGet(43)) - raft.server.snapshot.retention.file.num = 5 (custom)
2019-10-10 01:21:54,231 [pool-47-thread-1] INFO  server.RaftServerConfigKeys (ConfUtils.java:logGet(43)) - raft.server.log.segment.size.max = 1048576 (custom)
2019-10-10 01:21:54,231 [pool-67-thread-1] INFO  server.RaftServerConfigKeys (ConfUtils.java:logGet(43)) - raft.server.retrycache.expirytime = 600000ms (custom)
2019-10-10 01:21:54,231 [pool-27-thread-1] INFO  server.RaftServerConfigKeys (ConfUtils.java:logGet(43)) - raft.server.log.preallocated.size = 16384 (custom)
2019-10-10 01:21:54,231 [pool-47-thread-1] INFO  server.RaftServerConfigKeys (ConfUtils.java:logGet(43)) - raft.server.log.preallocated.size = 16384 (custom)
2019-10-10 01:21:54,232 [pool-27-thread-1] INFO  server.RaftServerConfigKeys (ConfUtils.java:logGet(43)) - raft.server.log.write.buffer.size = 33554432 (custom)
2019-10-10 01:21:54,232 [pool-47-thread-1] INFO  server.RaftServerConfigKeys (ConfUtils.java:logGet(43)) - raft.server.log.write.buffer.size = 33554432 (custom)
2019-10-10 01:21:54,232 [pool-27-thread-1] INFO  server.RaftServerConfigKeys (ConfUtils.java:logGet(43)) - raft.server.log.force.sync.num = 128 (default)
2019-10-10 01:21:54,232 [pool-47-thread-1] INFO  server.RaftServerConfigKeys (ConfUtils.java:logGet(43)) - raft.server.log.force.sync.num = 128 (default)
2019-10-10 01:21:54,232 [pool-27-thread-1] INFO  server.RaftServerConfigKeys (ConfUtils.java:logGet(43)) - raft.server.log.statemachine.data.sync = true (default)
2019-10-10 01:21:54,232 [pool-47-thread-1] INFO  server.RaftServerConfigKeys (ConfUtils.java:logGet(43)) - raft.server.log.statemachine.data.sync = true (default)
2019-10-10 01:21:54,232 [pool-27-thread-1] INFO  server.RaftServerConfigKeys (ConfUtils.java:logGet(43)) - raft.server.log.statemachine.data.sync.timeout = 10s (default)
2019-10-10 01:21:54,232 [pool-47-thread-1] INFO  server.RaftServerConfigKeys (ConfUtils.java:logGet(43)) - raft.server.log.statemachine.data.sync.timeout = 10s (default)
2019-10-10 01:21:54,233 [pool-27-thread-1] INFO  server.RaftServerConfigKeys (ConfUtils.java:logGet(43)) - raft.server.log.statemachine.data.sync.timeout.retry = -1 (default)
2019-10-10 01:21:54,233 [pool-47-thread-1] INFO  server.RaftServerConfigKeys (ConfUtils.java:logGet(43)) - raft.server.log.statemachine.data.sync.timeout.retry = -1 (default)
2019-10-10 01:21:54,233 [pool-27-thread-1] INFO  server.RaftServerConfigKeys (ConfUtils.java:logGet(43)) - raft.server.log.statemachine.data.caching.enabled = true (custom)
2019-10-10 01:21:54,233 [pool-47-thread-1] INFO  server.RaftServerConfigKeys (ConfUtils.java:logGet(43)) - raft.server.log.statemachine.data.caching.enabled = true (custom)
2019-10-10 01:21:54,233 [pool-27-thread-1] INFO  segmented.SegmentedRaftLogWorker (SegmentedRaftLogWorker.java:lambda$new$0(128)) - 993817e1-c77a-472e-865f-a6e34ffe7967@group-989BFB4B5E5C-SegmentedRaftLogWorker: flushIndex: setUnconditionally 0 -> -1
2019-10-10 01:21:54,233 [pool-47-thread-1] INFO  segmented.SegmentedRaftLogWorker (SegmentedRaftLogWorker.java:lambda$new$0(128)) - fe8e0d95-22db-4b8a-875e-83bee4d716fb@group-989BFB4B5E5C-SegmentedRaftLogWorker: flushIndex: setUnconditionally 0 -> -1
2019-10-10 01:21:54,233 [pool-27-thread-1] INFO  server.RaftServerConfigKeys (ConfUtils.java:logGet(43)) - raft.server.snapshot.auto.trigger.enabled = true (custom)
2019-10-10 01:21:54,233 [pool-47-thread-1] INFO  server.RaftServerConfigKeys (ConfUtils.java:logGet(43)) - raft.server.snapshot.auto.trigger.enabled = true (custom)
2019-10-10 01:21:54,233 [pool-27-thread-1] INFO  server.RaftServerConfigKeys (ConfUtils.java:logGet(43)) - raft.server.snapshot.auto.trigger.threshold = 10000 (custom)
2019-10-10 01:21:54,234 [pool-47-thread-1] INFO  server.RaftServerConfigKeys (ConfUtils.java:logGet(43)) - raft.server.snapshot.auto.trigger.threshold = 10000 (custom)
2019-10-10 01:21:54,234 [pool-67-thread-1] INFO  impl.RaftServerImpl (RaftServerImpl.java:start(181)) - 4b92f2f8-e489-47a4-a90a-1d3fa2a9a07f@group-989BFB4B5E5C: start as a follower, conf=-1: [4b92f2f8-e489-47a4-a90a-1d3fa2a9a07f:192.168.151.118:35849, 993817e1-c77a-472e-865f-a6e34ffe7967:192.168.151.118:41261, fe8e0d95-22db-4b8a-875e-83bee4d716fb:192.168.151.118:34352], old=null
2019-10-10 01:21:54,234 [pool-27-thread-1] INFO  server.RaftServerConfigKeys (ConfUtils.java:logGet(43)) - raft.server.snapshot.retention.file.num = 5 (custom)
2019-10-10 01:21:54,234 [pool-67-thread-1] INFO  impl.RaftServerImpl (RaftServerImpl.java:setRole(170)) - 4b92f2f8-e489-47a4-a90a-1d3fa2a9a07f@group-989BFB4B5E5C: changes role from      null to FOLLOWER at term 0 for startAsFollower
2019-10-10 01:21:54,234 [pool-47-thread-1] INFO  server.RaftServerConfigKeys (ConfUtils.java:logGet(43)) - raft.server.snapshot.retention.file.num = 5 (custom)
2019-10-10 01:21:54,234 [pool-67-thread-1] INFO  impl.RoleInfo (RoleInfo.java:updateAndGet(143)) - 4b92f2f8-e489-47a4-a90a-1d3fa2a9a07f: start FollowerState
2019-10-10 01:21:54,234 [pool-27-thread-1] INFO  server.RaftServerConfigKeys (ConfUtils.java:logGet(43)) - raft.server.retrycache.expirytime = 600000ms (custom)
2019-10-10 01:21:54,234 [pool-47-thread-1] INFO  server.RaftServerConfigKeys (ConfUtils.java:logGet(43)) - raft.server.retrycache.expirytime = 600000ms (custom)
2019-10-10 01:21:54,235 [pool-67-thread-1] INFO  util.JmxRegister (JmxRegister.java:tryRegister(44)) - Successfully registered JMX Bean with object name Ratis:service=RaftServer,group=group-989BFB4B5E5C,id=4b92f2f8-e489-47a4-a90a-1d3fa2a9a07f
2019-10-10 01:21:54,237 [pool-27-thread-1] INFO  impl.RaftServerImpl (RaftServerImpl.java:start(181)) - 993817e1-c77a-472e-865f-a6e34ffe7967@group-989BFB4B5E5C: start as a follower, conf=-1: [4b92f2f8-e489-47a4-a90a-1d3fa2a9a07f:192.168.151.118:35849, 993817e1-c77a-472e-865f-a6e34ffe7967:192.168.151.118:41261, fe8e0d95-22db-4b8a-875e-83bee4d716fb:192.168.151.118:34352], old=null
2019-10-10 01:21:54,238 [pool-27-thread-1] INFO  impl.RaftServerImpl (RaftServerImpl.java:setRole(170)) - 993817e1-c77a-472e-865f-a6e34ffe7967@group-989BFB4B5E5C: changes role from      null to FOLLOWER at term 0 for startAsFollower
2019-10-10 01:21:54,238 [pool-27-thread-1] INFO  impl.RoleInfo (RoleInfo.java:updateAndGet(143)) - 993817e1-c77a-472e-865f-a6e34ffe7967: start FollowerState
2019-10-10 01:21:54,238 [pool-47-thread-1] INFO  impl.RaftServerImpl (RaftServerImpl.java:start(181)) - fe8e0d95-22db-4b8a-875e-83bee4d716fb@group-989BFB4B5E5C: start as a follower, conf=-1: [4b92f2f8-e489-47a4-a90a-1d3fa2a9a07f:192.168.151.118:35849, 993817e1-c77a-472e-865f-a6e34ffe7967:192.168.151.118:41261, fe8e0d95-22db-4b8a-875e-83bee4d716fb:192.168.151.118:34352], old=null
2019-10-10 01:21:54,238 [pool-27-thread-1] INFO  util.JmxRegister (JmxRegister.java:tryRegister(44)) - Successfully registered JMX Bean with object name Ratis:service=RaftServer,group=group-989BFB4B5E5C,id=993817e1-c77a-472e-865f-a6e34ffe7967
2019-10-10 01:21:54,238 [pool-47-thread-1] INFO  impl.RaftServerImpl (RaftServerImpl.java:setRole(170)) - fe8e0d95-22db-4b8a-875e-83bee4d716fb@group-989BFB4B5E5C: changes role from      null to FOLLOWER at term 0 for startAsFollower
2019-10-10 01:21:54,238 [pool-47-thread-1] INFO  impl.RoleInfo (RoleInfo.java:updateAndGet(143)) - fe8e0d95-22db-4b8a-875e-83bee4d716fb: start FollowerState
2019-10-10 01:21:54,239 [pool-47-thread-1] INFO  util.JmxRegister (JmxRegister.java:tryRegister(44)) - Successfully registered JMX Bean with object name Ratis:service=RaftServer,group=group-989BFB4B5E5C,id=fe8e0d95-22db-4b8a-875e-83bee4d716fb
2019-10-10 01:21:54,243 [RatisPipelineUtilsThread] INFO  pipeline.PipelineStateManager (PipelineStateManager.java:addPipeline(56)) - Created pipeline Pipeline[ Id: 2b14e453-70c0-489e-9db9-989bfb4b5e5c, Nodes: 4b92f2f8-e489-47a4-a90a-1d3fa2a9a07f{ip: 192.168.151.118, host: pr-hdds-2194-jqrdw-3579824535, networkLocation: /default-rack, certSerialId: null}fe8e0d95-22db-4b8a-875e-83bee4d716fb{ip: 192.168.151.118, host: pr-hdds-2194-jqrdw-3579824535, networkLocation: /default-rack, certSerialId: null}993817e1-c77a-472e-865f-a6e34ffe7967{ip: 192.168.151.118, host: pr-hdds-2194-jqrdw-3579824535, networkLocation: /default-rack, certSerialId: null}, Type:RATIS, Factor:THREE, State:OPEN]
 0.00% |█                                                                                                    |  0/1 Time: 0:06:002019-10-10 01:21:54,785 [java.util.concurrent.ThreadPoolExecutor$Worker@44d3adf1[State = -1, empty queue]] ERROR client.GrpcClientProtocolClient (GrpcClientProtocolClient.java:close(148)) - Unexpected exception while waiting for channel termination
java.lang.InterruptedException
	at java.util.concurrent.locks.AbstractQueuedSynchronizer.tryAcquireSharedNanos(AbstractQueuedSynchronizer.java:1326)
	at java.util.concurrent.CountDownLatch.await(CountDownLatch.java:277)
	at org.apache.ratis.thirdparty.io.grpc.internal.ManagedChannelImpl.awaitTermination(ManagedChannelImpl.java:763)
	at org.apache.ratis.thirdparty.io.grpc.internal.ForwardingManagedChannel.awaitTermination(ForwardingManagedChannel.java:57)
	at org.apache.ratis.thirdparty.io.grpc.internal.ManagedChannelOrphanWrapper.awaitTermination(ManagedChannelOrphanWrapper.java:70)
	at org.apache.ratis.grpc.client.GrpcClientProtocolClient.close(GrpcClientProtocolClient.java:146)
	at org.apache.ratis.util.PeerProxyMap$PeerAndProxy.lambda$close$1(PeerProxyMap.java:74)
	at org.apache.ratis.util.LifeCycle.lambda$checkStateAndClose$2(LifeCycle.java:231)
	at org.apache.ratis.util.LifeCycle.checkStateAndClose(LifeCycle.java:251)
	at org.apache.ratis.util.LifeCycle.checkStateAndClose(LifeCycle.java:229)
	at org.apache.ratis.util.PeerProxyMap$PeerAndProxy.close(PeerProxyMap.java:70)
	at org.apache.ratis.util.PeerProxyMap.resetProxy(PeerProxyMap.java:127)
	at org.apache.ratis.util.PeerProxyMap.handleException(PeerProxyMap.java:136)
	at org.apache.ratis.client.impl.RaftClientRpcWithProxy.handleException(RaftClientRpcWithProxy.java:47)
	at org.apache.ratis.client.impl.RaftClientImpl.handleIOException(RaftClientImpl.java:372)
	at org.apache.ratis.client.impl.OrderedAsync.lambda$sendRequest$10(OrderedAsync.java:236)
	at java.util.concurrent.CompletableFuture.uniExceptionally(CompletableFuture.java:870)
	at java.util.concurrent.CompletableFuture$UniExceptionally.tryFire(CompletableFuture.java:852)
	at java.util.concurrent.CompletableFuture.postComplete(CompletableFuture.java:474)
	at java.util.concurrent.CompletableFuture.completeExceptionally(CompletableFuture.java:1977)
	at org.apache.ratis.grpc.client.GrpcClientProtocolClient$AsyncStreamObservers.lambda$timeoutCheck$3(GrpcClientProtocolClient.java:324)
	at java.util.Optional.ifPresent(Optional.java:159)
	at org.apache.ratis.grpc.client.GrpcClientProtocolClient$AsyncStreamObservers.handleReplyFuture(GrpcClientProtocolClient.java:329)
	at org.apache.ratis.grpc.client.GrpcClientProtocolClient$AsyncStreamObservers.timeoutCheck(GrpcClientProtocolClient.java:324)
	at org.apache.ratis.grpc.client.GrpcClientProtocolClient$AsyncStreamObservers.lambda$onNext$1(GrpcClientProtocolClient.java:318)
	at org.apache.ratis.util.TimeoutScheduler.lambda$onTimeout$0(TimeoutScheduler.java:113)
	at org.apache.ratis.util.TimeoutScheduler.lambda$onTimeout$1(TimeoutScheduler.java:133)
	at org.apache.ratis.util.LogUtils.runAndLog(LogUtils.java:50)
	at org.apache.ratis.util.LogUtils$1.run(LogUtils.java:91)
	at java.util.concurrent.Executors$RunnableAdapter.call(Executors.java:511)
	at java.util.concurrent.FutureTask.run(FutureTask.java:266)
	at java.util.concurrent.ScheduledThreadPoolExecutor$ScheduledFutureTask.access$201(ScheduledThreadPoolExecutor.java:180)
	at java.util.concurrent.ScheduledThreadPoolExecutor$ScheduledFutureTask.run(ScheduledThreadPoolExecutor.java:293)
	at java.util.concurrent.ThreadPoolExecutor.runWorker(ThreadPoolExecutor.java:1149)
	at java.util.concurrent.ThreadPoolExecutor$Worker.run(ThreadPoolExecutor.java:624)
	at java.lang.Thread.run(Thread.java:748)
2019-10-10 01:21:54,786 [java.util.concurrent.ThreadPoolExecutor$Worker@44d3adf1[State = -1, empty queue]] WARN  util.TimeoutScheduler (LogUtils.java:runAndLog(55)) - Failed to task #0: java.lang.NullPointerException
 0.00% |█                                                                                                    |  0/1 Time: 0:06:01 0.00% |█                                                                                                    |  0/1 Time: 0:06:02 0.00% |█                                                                                                    |  0/1 Time: 0:06:03 0.00% |█                                                                                                    |  0/1 Time: 0:06:042019-10-10 01:21:58,833 [java.util.concurrent.ThreadPoolExecutor$Worker@24e94e54[State = -1, empty queue]] ERROR client.GrpcClientProtocolClient (GrpcClientProtocolClient.java:close(148)) - Unexpected exception while waiting for channel termination
java.lang.InterruptedException
	at java.util.concurrent.locks.AbstractQueuedSynchronizer.tryAcquireSharedNanos(AbstractQueuedSynchronizer.java:1326)
	at java.util.concurrent.CountDownLatch.await(CountDownLatch.java:277)
	at org.apache.ratis.thirdparty.io.grpc.internal.ManagedChannelImpl.awaitTermination(ManagedChannelImpl.java:763)
	at org.apache.ratis.thirdparty.io.grpc.internal.ForwardingManagedChannel.awaitTermination(ForwardingManagedChannel.java:57)
	at org.apache.ratis.thirdparty.io.grpc.internal.ManagedChannelOrphanWrapper.awaitTermination(ManagedChannelOrphanWrapper.java:70)
	at org.apache.ratis.grpc.client.GrpcClientProtocolClient.close(GrpcClientProtocolClient.java:146)
	at org.apache.ratis.util.PeerProxyMap$PeerAndProxy.lambda$close$1(PeerProxyMap.java:74)
	at org.apache.ratis.util.LifeCycle.lambda$checkStateAndClose$2(LifeCycle.java:231)
	at org.apache.ratis.util.LifeCycle.checkStateAndClose(LifeCycle.java:251)
	at org.apache.ratis.util.LifeCycle.checkStateAndClose(LifeCycle.java:229)
	at org.apache.ratis.util.PeerProxyMap$PeerAndProxy.close(PeerProxyMap.java:70)
	at org.apache.ratis.util.PeerProxyMap.resetProxy(PeerProxyMap.java:127)
	at org.apache.ratis.util.PeerProxyMap.handleException(PeerProxyMap.java:136)
	at org.apache.ratis.client.impl.RaftClientRpcWithProxy.handleException(RaftClientRpcWithProxy.java:47)
	at org.apache.ratis.client.impl.RaftClientImpl.handleIOException(RaftClientImpl.java:372)
	at org.apache.ratis.client.impl.OrderedAsync.lambda$sendRequest$10(OrderedAsync.java:236)
	at java.util.concurrent.CompletableFuture.uniExceptionally(CompletableFuture.java:870)
	at java.util.concurrent.CompletableFuture$UniExceptionally.tryFire(CompletableFuture.java:852)
	at java.util.concurrent.CompletableFuture.postComplete(CompletableFuture.java:474)
	at java.util.concurrent.CompletableFuture.completeExceptionally(CompletableFuture.java:1977)
	at org.apache.ratis.grpc.client.GrpcClientProtocolClient$AsyncStreamObservers.lambda$timeoutCheck$3(GrpcClientProtocolClient.java:324)
	at java.util.Optional.ifPresent(Optional.java:159)
	at org.apache.ratis.grpc.client.GrpcClientProtocolClient$AsyncStreamObservers.handleReplyFuture(GrpcClientProtocolClient.java:329)
	at org.apache.ratis.grpc.client.GrpcClientProtocolClient$AsyncStreamObservers.timeoutCheck(GrpcClientProtocolClient.java:324)
	at org.apache.ratis.grpc.client.GrpcClientProtocolClient$AsyncStreamObservers.lambda$onNext$1(GrpcClientProtocolClient.java:318)
	at org.apache.ratis.util.TimeoutScheduler.lambda$onTimeout$0(TimeoutScheduler.java:113)
	at org.apache.ratis.util.TimeoutScheduler.lambda$onTimeout$1(TimeoutScheduler.java:133)
	at org.apache.ratis.util.LogUtils.runAndLog(LogUtils.java:50)
	at org.apache.ratis.util.LogUtils$1.run(LogUtils.java:91)
	at java.util.concurrent.Executors$RunnableAdapter.call(Executors.java:511)
	at java.util.concurrent.FutureTask.run(FutureTask.java:266)
	at java.util.concurrent.ScheduledThreadPoolExecutor$ScheduledFutureTask.access$201(ScheduledThreadPoolExecutor.java:180)
	at java.util.concurrent.ScheduledThreadPoolExecutor$ScheduledFutureTask.run(ScheduledThreadPoolExecutor.java:293)
	at java.util.concurrent.ThreadPoolExecutor.runWorker(ThreadPoolExecutor.java:1149)
	at java.util.concurrent.ThreadPoolExecutor$Worker.run(ThreadPoolExecutor.java:624)
	at java.lang.Thread.run(Thread.java:748)
2019-10-10 01:21:58,837 [java.util.concurrent.ThreadPoolExecutor$Worker@24e94e54[State = -1, empty queue]] WARN  util.TimeoutScheduler (LogUtils.java:runAndLog(55)) - Failed to task #0: java.lang.NullPointerException
2019-10-10 01:21:59,304 [Thread-1108] INFO  impl.FollowerState (FollowerState.java:run(108)) - 4b92f2f8-e489-47a4-a90a-1d3fa2a9a07f@group-989BFB4B5E5C-FollowerState: change to CANDIDATE, lastRpcTime:5069ms, electionTimeout:5069ms
2019-10-10 01:21:59,305 [Thread-1108] INFO  impl.RoleInfo (RoleInfo.java:shutdownFollowerState(121)) - 4b92f2f8-e489-47a4-a90a-1d3fa2a9a07f: shutdown FollowerState
2019-10-10 01:21:59,305 [Thread-1108] INFO  impl.RaftServerImpl (RaftServerImpl.java:setRole(170)) - 4b92f2f8-e489-47a4-a90a-1d3fa2a9a07f@group-989BFB4B5E5C: changes role from  FOLLOWER to CANDIDATE at term 0 for changeToCandidate
2019-10-10 01:21:59,305 [Thread-1108] INFO  impl.RoleInfo (RoleInfo.java:updateAndGet(143)) - 4b92f2f8-e489-47a4-a90a-1d3fa2a9a07f: start LeaderElection
2019-10-10 01:21:59,309 [Thread-1110] INFO  impl.FollowerState (FollowerState.java:run(108)) - 993817e1-c77a-472e-865f-a6e34ffe7967@group-989BFB4B5E5C-FollowerState: change to CANDIDATE, lastRpcTime:5071ms, electionTimeout:5071ms
2019-10-10 01:21:59,311 [Thread-1110] INFO  impl.RoleInfo (RoleInfo.java:shutdownFollowerState(121)) - 993817e1-c77a-472e-865f-a6e34ffe7967: shutdown FollowerState
2019-10-10 01:21:59,311 [Thread-1110] INFO  impl.RaftServerImpl (RaftServerImpl.java:setRole(170)) - 993817e1-c77a-472e-865f-a6e34ffe7967@group-989BFB4B5E5C: changes role from  FOLLOWER to CANDIDATE at term 0 for changeToCandidate
2019-10-10 01:21:59,311 [Thread-1110] INFO  impl.RoleInfo (RoleInfo.java:updateAndGet(143)) - 993817e1-c77a-472e-865f-a6e34ffe7967: start LeaderElection
2019-10-10 01:21:59,338 [993817e1-c77a-472e-865f-a6e34ffe7967@group-989BFB4B5E5C-LeaderElection16] INFO  impl.LeaderElection (LeaderElection.java:askForVotes(178)) - 993817e1-c77a-472e-865f-a6e34ffe7967@group-989BFB4B5E5C-LeaderElection16: begin an election at term 1 for -1: [4b92f2f8-e489-47a4-a90a-1d3fa2a9a07f:192.168.151.118:35849, 993817e1-c77a-472e-865f-a6e34ffe7967:192.168.151.118:41261, fe8e0d95-22db-4b8a-875e-83bee4d716fb:192.168.151.118:34352], old=null
2019-10-10 01:21:59,338 [4b92f2f8-e489-47a4-a90a-1d3fa2a9a07f@group-989BFB4B5E5C-LeaderElection15] INFO  impl.LeaderElection (LeaderElection.java:askForVotes(178)) - 4b92f2f8-e489-47a4-a90a-1d3fa2a9a07f@group-989BFB4B5E5C-LeaderElection15: begin an election at term 1 for -1: [4b92f2f8-e489-47a4-a90a-1d3fa2a9a07f:192.168.151.118:35849, 993817e1-c77a-472e-865f-a6e34ffe7967:192.168.151.118:41261, fe8e0d95-22db-4b8a-875e-83bee4d716fb:192.168.151.118:34352], old=null
2019-10-10 01:21:59,346 [grpc-default-executor-9] INFO  impl.RaftServerImpl (RaftServerImpl.java:setRole(170)) - fe8e0d95-22db-4b8a-875e-83bee4d716fb@group-989BFB4B5E5C: changes role from  FOLLOWER to FOLLOWER at term 1 for recognizeCandidate:993817e1-c77a-472e-865f-a6e34ffe7967
2019-10-10 01:21:59,347 [grpc-default-executor-9] INFO  impl.RoleInfo (RoleInfo.java:shutdownFollowerState(121)) - fe8e0d95-22db-4b8a-875e-83bee4d716fb: shutdown FollowerState
2019-10-10 01:21:59,348 [grpc-default-executor-9] INFO  impl.RoleInfo (RoleInfo.java:updateAndGet(143)) - fe8e0d95-22db-4b8a-875e-83bee4d716fb: start FollowerState
2019-10-10 01:21:59,348 [Thread-1111] INFO  impl.FollowerState (FollowerState.java:run(117)) - fe8e0d95-22db-4b8a-875e-83bee4d716fb@group-989BFB4B5E5C-FollowerState was interrupted: java.lang.InterruptedException: sleep interrupted
2019-10-10 01:21:59,363 [993817e1-c77a-472e-865f-a6e34ffe7967@group-989BFB4B5E5C-LeaderElection16] INFO  impl.LeaderElection (LeaderElection.java:logAndReturn(56)) - 993817e1-c77a-472e-865f-a6e34ffe7967@group-989BFB4B5E5C-LeaderElection16: Election PASSED; received 2 response(s) [993817e1-c77a-472e-865f-a6e34ffe7967<-4b92f2f8-e489-47a4-a90a-1d3fa2a9a07f#0:FAIL-t1, 993817e1-c77a-472e-865f-a6e34ffe7967<-fe8e0d95-22db-4b8a-875e-83bee4d716fb#0:OK-t1] and 0 exception(s); 993817e1-c77a-472e-865f-a6e34ffe7967@group-989BFB4B5E5C:t1, leader=null, voted=993817e1-c77a-472e-865f-a6e34ffe7967, raftlog=993817e1-c77a-472e-865f-a6e34ffe7967@group-989BFB4B5E5C-SegmentedRaftLog:OPENED:c-1,f-1,i0, conf=-1: [4b92f2f8-e489-47a4-a90a-1d3fa2a9a07f:192.168.151.118:35849, 993817e1-c77a-472e-865f-a6e34ffe7967:192.168.151.118:41261, fe8e0d95-22db-4b8a-875e-83bee4d716fb:192.168.151.118:34352], old=null
2019-10-10 01:21:59,363 [4b92f2f8-e489-47a4-a90a-1d3fa2a9a07f@group-989BFB4B5E5C-LeaderElection15] INFO  impl.LeaderElection (LeaderElection.java:logAndReturn(56)) - 4b92f2f8-e489-47a4-a90a-1d3fa2a9a07f@group-989BFB4B5E5C-LeaderElection15: Election REJECTED; received 2 response(s) [4b92f2f8-e489-47a4-a90a-1d3fa2a9a07f<-993817e1-c77a-472e-865f-a6e34ffe7967#0:FAIL-t1, 4b92f2f8-e489-47a4-a90a-1d3fa2a9a07f<-fe8e0d95-22db-4b8a-875e-83bee4d716fb#0:FAIL-t1] and 0 exception(s); 4b92f2f8-e489-47a4-a90a-1d3fa2a9a07f@group-989BFB4B5E5C:t1, leader=null, voted=4b92f2f8-e489-47a4-a90a-1d3fa2a9a07f, raftlog=4b92f2f8-e489-47a4-a90a-1d3fa2a9a07f@group-989BFB4B5E5C-SegmentedRaftLog:OPENED:c-1,f-1,i0, conf=-1: [4b92f2f8-e489-47a4-a90a-1d3fa2a9a07f:192.168.151.118:35849, 993817e1-c77a-472e-865f-a6e34ffe7967:192.168.151.118:41261, fe8e0d95-22db-4b8a-875e-83bee4d716fb:192.168.151.118:34352], old=null
2019-10-10 01:21:59,363 [4b92f2f8-e489-47a4-a90a-1d3fa2a9a07f@group-989BFB4B5E5C-LeaderElection15] INFO  impl.RaftServerImpl (RaftServerImpl.java:setRole(170)) - 4b92f2f8-e489-47a4-a90a-1d3fa2a9a07f@group-989BFB4B5E5C: changes role from CANDIDATE to FOLLOWER at term 1 for DISCOVERED_A_NEW_TERM
2019-10-10 01:21:59,363 [4b92f2f8-e489-47a4-a90a-1d3fa2a9a07f@group-989BFB4B5E5C-LeaderElection15] INFO  impl.RoleInfo (RoleInfo.java:shutdownLeaderElection(134)) - 4b92f2f8-e489-47a4-a90a-1d3fa2a9a07f: shutdown LeaderElection
2019-10-10 01:21:59,364 [4b92f2f8-e489-47a4-a90a-1d3fa2a9a07f@group-989BFB4B5E5C-LeaderElection15] INFO  impl.RoleInfo (RoleInfo.java:updateAndGet(143)) - 4b92f2f8-e489-47a4-a90a-1d3fa2a9a07f: start FollowerState
2019-10-10 01:21:59,363 [993817e1-c77a-472e-865f-a6e34ffe7967@group-989BFB4B5E5C-LeaderElection16] INFO  impl.RoleInfo (RoleInfo.java:shutdownLeaderElection(134)) - 993817e1-c77a-472e-865f-a6e34ffe7967: shutdown LeaderElection
2019-10-10 01:21:59,366 [993817e1-c77a-472e-865f-a6e34ffe7967@group-989BFB4B5E5C-LeaderElection16] INFO  impl.RaftServerImpl (RaftServerImpl.java:setRole(170)) - 993817e1-c77a-472e-865f-a6e34ffe7967@group-989BFB4B5E5C: changes role from CANDIDATE to LEADER at term 1 for changeToLeader
2019-10-10 01:21:59,366 [993817e1-c77a-472e-865f-a6e34ffe7967@group-989BFB4B5E5C-LeaderElection16] INFO  impl.RaftServerImpl (ServerState.java:setLeader(255)) - 993817e1-c77a-472e-865f-a6e34ffe7967@group-989BFB4B5E5C: change Leader from null to 993817e1-c77a-472e-865f-a6e34ffe7967 at term 1 for becomeLeader, leader elected after 5140ms
2019-10-10 01:21:59,366 [993817e1-c77a-472e-865f-a6e34ffe7967@group-989BFB4B5E5C-LeaderElection16] INFO  server.RaftServerConfigKeys (ConfUtils.java:logGet(43)) - raft.server.staging.catchup.gap = 1000 (default)
2019-10-10 01:21:59,366 [993817e1-c77a-472e-865f-a6e34ffe7967@group-989BFB4B5E5C-LeaderElection16] INFO  server.RaftServerConfigKeys (ConfUtils.java:logGet(43)) - raft.server.rpc.sleep.time = 25ms (default)
2019-10-10 01:21:59,367 [993817e1-c77a-472e-865f-a6e34ffe7967@group-989BFB4B5E5C-LeaderElection16] INFO  server.RaftServerConfigKeys (ConfUtils.java:logGet(43)) - raft.server.write.element-limit = 4096 (default)
2019-10-10 01:21:59,367 [993817e1-c77a-472e-865f-a6e34ffe7967@group-989BFB4B5E5C-LeaderElection16] INFO  server.RaftServerConfigKeys (ConfUtils.java:logGet(43)) - raft.server.watch.timeout = 10s (default)
2019-10-10 01:21:59,367 [993817e1-c77a-472e-865f-a6e34ffe7967@group-989BFB4B5E5C-LeaderElection16] INFO  server.RaftServerConfigKeys (ConfUtils.java:logGet(43)) - raft.server.watch.timeout.denomination = 1s (default)
2019-10-10 01:21:59,367 [993817e1-c77a-472e-865f-a6e34ffe7967@group-989BFB4B5E5C-LeaderElection16] INFO  server.RaftServerConfigKeys (ConfUtils.java:logGet(43)) - raft.server.watch.element-limit = 65536 (default)
2019-10-10 01:21:59,369 [993817e1-c77a-472e-865f-a6e34ffe7967@group-989BFB4B5E5C-LeaderElection16] INFO  server.RaftServerConfigKeys (ConfUtils.java:logGet(43)) - raft.server.log.appender.snapshot.chunk.size.max = 16MB (=16777216) (default)
2019-10-10 01:21:59,370 [993817e1-c77a-472e-865f-a6e34ffe7967@group-989BFB4B5E5C-LeaderElection16] INFO  server.RaftServerConfigKeys (ConfUtils.java:logGet(43)) - raft.server.log.appender.buffer.byte-limit = 33554432 (custom)
2019-10-10 01:21:59,370 [993817e1-c77a-472e-865f-a6e34ffe7967@group-989BFB4B5E5C-LeaderElection16] INFO  server.RaftServerConfigKeys (ConfUtils.java:logGet(43)) - raft.server.log.appender.buffer.element-limit = 1 (custom)
2019-10-10 01:21:59,370 [993817e1-c77a-472e-865f-a6e34ffe7967@group-989BFB4B5E5C-LeaderElection16] INFO  grpc.GrpcConfigKeys$Server (ConfUtils.java:logGet(43)) - raft.grpc.server.leader.outstanding.appends.max = 128 (default)
2019-10-10 01:21:59,370 [993817e1-c77a-472e-865f-a6e34ffe7967@group-989BFB4B5E5C-LeaderElection16] INFO  server.RaftServerConfigKeys (ConfUtils.java:logGet(43)) - raft.server.rpc.request.timeout = 3000ms (default)
2019-10-10 01:21:59,370 [993817e1-c77a-472e-865f-a6e34ffe7967@group-989BFB4B5E5C-LeaderElection16] INFO  server.RaftServerConfigKeys (ConfUtils.java:logGet(43)) - raft.server.log.appender.install.snapshot.enabled = false (custom)
2019-10-10 01:21:59,370 [993817e1-c77a-472e-865f-a6e34ffe7967@group-989BFB4B5E5C-LeaderElection16] INFO  server.RaftServerConfigKeys (ConfUtils.java:logGet(43)) - raft.server.log.appender.snapshot.chunk.size.max = 16MB (=16777216) (default)
2019-10-10 01:21:59,370 [993817e1-c77a-472e-865f-a6e34ffe7967@group-989BFB4B5E5C-LeaderElection16] INFO  server.RaftServerConfigKeys (ConfUtils.java:logGet(43)) - raft.server.log.appender.buffer.byte-limit = 33554432 (custom)
2019-10-10 01:21:59,370 [993817e1-c77a-472e-865f-a6e34ffe7967@group-989BFB4B5E5C-LeaderElection16] INFO  server.RaftServerConfigKeys (ConfUtils.java:logGet(43)) - raft.server.log.appender.buffer.element-limit = 1 (custom)
2019-10-10 01:21:59,371 [993817e1-c77a-472e-865f-a6e34ffe7967@group-989BFB4B5E5C-LeaderElection16] INFO  grpc.GrpcConfigKeys$Server (ConfUtils.java:logGet(43)) - raft.grpc.server.leader.outstanding.appends.max = 128 (default)
2019-10-10 01:21:59,371 [993817e1-c77a-472e-865f-a6e34ffe7967@group-989BFB4B5E5C-LeaderElection16] INFO  server.RaftServerConfigKeys (ConfUtils.java:logGet(43)) - raft.server.rpc.request.timeout = 3000ms (default)
2019-10-10 01:21:59,371 [993817e1-c77a-472e-865f-a6e34ffe7967@group-989BFB4B5E5C-LeaderElection16] INFO  server.RaftServerConfigKeys (ConfUtils.java:logGet(43)) - raft.server.log.appender.install.snapshot.enabled = false (custom)
2019-10-10 01:21:59,371 [993817e1-c77a-472e-865f-a6e34ffe7967@group-989BFB4B5E5C-LeaderElection16] INFO  impl.RoleInfo (RoleInfo.java:updateAndGet(143)) - 993817e1-c77a-472e-865f-a6e34ffe7967: start LeaderState
2019-10-10 01:21:59,371 [993817e1-c77a-472e-865f-a6e34ffe7967@group-989BFB4B5E5C-LeaderElection16] INFO  segmented.SegmentedRaftLogWorker (SegmentedRaftLogWorker.java:startLogSegment(385)) - 993817e1-c77a-472e-865f-a6e34ffe7967@group-989BFB4B5E5C-SegmentedRaftLogWorker: Starting segment from index:0
2019-10-10 01:21:59,372 [993817e1-c77a-472e-865f-a6e34ffe7967@group-989BFB4B5E5C-LeaderElection16] INFO  impl.RaftServerImpl (ServerState.java:setRaftConf(356)) - 993817e1-c77a-472e-865f-a6e34ffe7967@group-989BFB4B5E5C: set configuration 0: [4b92f2f8-e489-47a4-a90a-1d3fa2a9a07f:192.168.151.118:35849, 993817e1-c77a-472e-865f-a6e34ffe7967:192.168.151.118:41261, fe8e0d95-22db-4b8a-875e-83bee4d716fb:192.168.151.118:34352], old=null at 0
2019-10-10 01:21:59,397 [grpc-default-executor-9] INFO  impl.RaftServerImpl (ServerState.java:setLeader(255)) - 4b92f2f8-e489-47a4-a90a-1d3fa2a9a07f@group-989BFB4B5E5C: change Leader from null to 993817e1-c77a-472e-865f-a6e34ffe7967 at term 1 for appendEntries, leader elected after 5171ms
2019-10-10 01:21:59,397 [grpc-default-executor-12] INFO  impl.RaftServerImpl (ServerState.java:setLeader(255)) - fe8e0d95-22db-4b8a-875e-83bee4d716fb@group-989BFB4B5E5C: change Leader from null to 993817e1-c77a-472e-865f-a6e34ffe7967 at term 1 for appendEntries, leader elected after 5170ms
2019-10-10 01:21:59,398 [grpc-default-executor-12] INFO  impl.RaftServerImpl (ServerState.java:setRaftConf(356)) - fe8e0d95-22db-4b8a-875e-83bee4d716fb@group-989BFB4B5E5C: set configuration 0: [4b92f2f8-e489-47a4-a90a-1d3fa2a9a07f:192.168.151.118:35849, 993817e1-c77a-472e-865f-a6e34ffe7967:192.168.151.118:41261, fe8e0d95-22db-4b8a-875e-83bee4d716fb:192.168.151.118:34352], old=null at 0
2019-10-10 01:21:59,398 [grpc-default-executor-9] INFO  impl.RaftServerImpl (ServerState.java:setRaftConf(356)) - 4b92f2f8-e489-47a4-a90a-1d3fa2a9a07f@group-989BFB4B5E5C: set configuration 0: [4b92f2f8-e489-47a4-a90a-1d3fa2a9a07f:192.168.151.118:35849, 993817e1-c77a-472e-865f-a6e34ffe7967:192.168.151.118:41261, fe8e0d95-22db-4b8a-875e-83bee4d716fb:192.168.151.118:34352], old=null at 0
2019-10-10 01:21:59,399 [grpc-default-executor-12] INFO  segmented.SegmentedRaftLogWorker (SegmentedRaftLogWorker.java:startLogSegment(385)) - fe8e0d95-22db-4b8a-875e-83bee4d716fb@group-989BFB4B5E5C-SegmentedRaftLogWorker: Starting segment from index:0
2019-10-10 01:21:59,399 [grpc-default-executor-9] INFO  segmented.SegmentedRaftLogWorker (SegmentedRaftLogWorker.java:startLogSegment(385)) - 4b92f2f8-e489-47a4-a90a-1d3fa2a9a07f@group-989BFB4B5E5C-SegmentedRaftLogWorker: Starting segment from index:0
2019-10-10 01:21:59,408 [993817e1-c77a-472e-865f-a6e34ffe7967@group-989BFB4B5E5C-SegmentedRaftLogWorker] INFO  segmented.SegmentedRaftLogWorker (SegmentedRaftLogWorker.java:execute(574)) - 993817e1-c77a-472e-865f-a6e34ffe7967@group-989BFB4B5E5C-SegmentedRaftLogWorker: created new log segment /workdir/hadoop-ozone/tools/target/test-dir/MiniOzoneClusterImpl-1e8b0e80-279c-49c4-ae13-42ed318b6149/datanode-0/data/ratis/2b14e453-70c0-489e-9db9-989bfb4b5e5c/current/log_inprogress_0
2019-10-10 01:21:59,446 [4b92f2f8-e489-47a4-a90a-1d3fa2a9a07f@group-989BFB4B5E5C-SegmentedRaftLogWorker] INFO  segmented.SegmentedRaftLogWorker (SegmentedRaftLogWorker.java:execute(574)) - 4b92f2f8-e489-47a4-a90a-1d3fa2a9a07f@group-989BFB4B5E5C-SegmentedRaftLogWorker: created new log segment /workdir/hadoop-ozone/tools/target/test-dir/MiniOzoneClusterImpl-1e8b0e80-279c-49c4-ae13-42ed318b6149/datanode-4/data/ratis/2b14e453-70c0-489e-9db9-989bfb4b5e5c/current/log_inprogress_0
2019-10-10 01:21:59,446 [fe8e0d95-22db-4b8a-875e-83bee4d716fb@group-989BFB4B5E5C-SegmentedRaftLogWorker] INFO  segmented.SegmentedRaftLogWorker (SegmentedRaftLogWorker.java:execute(574)) - fe8e0d95-22db-4b8a-875e-83bee4d716fb@group-989BFB4B5E5C-SegmentedRaftLogWorker: created new log segment /workdir/hadoop-ozone/tools/target/test-dir/MiniOzoneClusterImpl-1e8b0e80-279c-49c4-ae13-42ed318b6149/datanode-2/data/ratis/2b14e453-70c0-489e-9db9-989bfb4b5e5c/current/log_inprogress_0
 0.00% |█                                                                                                    |  0/1 Time: 0:06:05 0.00% |█                                                                                                    |  0/1 Time: 0:06:06 0.00% |█                                                                                                    |  0/1 Time: 0:06:07 0.00% |█                                                                                                    |  0/1 Time: 0:06:082019-10-10 01:22:02,868 [java.util.concurrent.ThreadPoolExecutor$Worker@7d04956[State = -1, empty queue]] ERROR client.GrpcClientProtocolClient (GrpcClientProtocolClient.java:close(148)) - Unexpected exception while waiting for channel termination
java.lang.InterruptedException
	at java.util.concurrent.locks.AbstractQueuedSynchronizer.tryAcquireSharedNanos(AbstractQueuedSynchronizer.java:1326)
	at java.util.concurrent.CountDownLatch.await(CountDownLatch.java:277)
	at org.apache.ratis.thirdparty.io.grpc.internal.ManagedChannelImpl.awaitTermination(ManagedChannelImpl.java:763)
	at org.apache.ratis.thirdparty.io.grpc.internal.ForwardingManagedChannel.awaitTermination(ForwardingManagedChannel.java:57)
	at org.apache.ratis.thirdparty.io.grpc.internal.ManagedChannelOrphanWrapper.awaitTermination(ManagedChannelOrphanWrapper.java:70)
	at org.apache.ratis.grpc.client.GrpcClientProtocolClient.close(GrpcClientProtocolClient.java:146)
	at org.apache.ratis.util.PeerProxyMap$PeerAndProxy.lambda$close$1(PeerProxyMap.java:74)
	at org.apache.ratis.util.LifeCycle.lambda$checkStateAndClose$2(LifeCycle.java:231)
	at org.apache.ratis.util.LifeCycle.checkStateAndClose(LifeCycle.java:251)
	at org.apache.ratis.util.LifeCycle.checkStateAndClose(LifeCycle.java:229)
	at org.apache.ratis.util.PeerProxyMap$PeerAndProxy.close(PeerProxyMap.java:70)
	at org.apache.ratis.util.PeerProxyMap.resetProxy(PeerProxyMap.java:127)
	at org.apache.ratis.util.PeerProxyMap.handleException(PeerProxyMap.java:136)
	at org.apache.ratis.client.impl.RaftClientRpcWithProxy.handleException(RaftClientRpcWithProxy.java:47)
	at org.apache.ratis.client.impl.RaftClientImpl.handleIOException(RaftClientImpl.java:372)
	at org.apache.ratis.client.impl.OrderedAsync.lambda$sendRequest$10(OrderedAsync.java:236)
	at java.util.concurrent.CompletableFuture.uniExceptionally(CompletableFuture.java:870)
	at java.util.concurrent.CompletableFuture$UniExceptionally.tryFire(CompletableFuture.java:852)
	at java.util.concurrent.CompletableFuture.postComplete(CompletableFuture.java:474)
	at java.util.concurrent.CompletableFuture.completeExceptionally(CompletableFuture.java:1977)
	at org.apache.ratis.grpc.client.GrpcClientProtocolClient$AsyncStreamObservers.lambda$timeoutCheck$3(GrpcClientProtocolClient.java:324)
	at java.util.Optional.ifPresent(Optional.java:159)
	at org.apache.ratis.grpc.client.GrpcClientProtocolClient$AsyncStreamObservers.handleReplyFuture(GrpcClientProtocolClient.java:329)
	at org.apache.ratis.grpc.client.GrpcClientProtocolClient$AsyncStreamObservers.timeoutCheck(GrpcClientProtocolClient.java:324)
	at org.apache.ratis.grpc.client.GrpcClientProtocolClient$AsyncStreamObservers.lambda$onNext$1(GrpcClientProtocolClient.java:318)
	at org.apache.ratis.util.TimeoutScheduler.lambda$onTimeout$0(TimeoutScheduler.java:113)
	at org.apache.ratis.util.TimeoutScheduler.lambda$onTimeout$1(TimeoutScheduler.java:133)
	at org.apache.ratis.util.LogUtils.runAndLog(LogUtils.java:50)
	at org.apache.ratis.util.LogUtils$1.run(LogUtils.java:91)
	at java.util.concurrent.Executors$RunnableAdapter.call(Executors.java:511)
	at java.util.concurrent.FutureTask.run(FutureTask.java:266)
	at java.util.concurrent.ScheduledThreadPoolExecutor$ScheduledFutureTask.access$201(ScheduledThreadPoolExecutor.java:180)
	at java.util.concurrent.ScheduledThreadPoolExecutor$ScheduledFutureTask.run(ScheduledThreadPoolExecutor.java:293)
	at java.util.concurrent.ThreadPoolExecutor.runWorker(ThreadPoolExecutor.java:1149)
	at java.util.concurrent.ThreadPoolExecutor$Worker.run(ThreadPoolExecutor.java:624)
	at java.lang.Thread.run(Thread.java:748)
2019-10-10 01:22:02,872 [java.util.concurrent.ThreadPoolExecutor$Worker@7d04956[State = -1, empty queue]] WARN  util.TimeoutScheduler (LogUtils.java:runAndLog(55)) - Failed to task #0: java.lang.NullPointerException
 0.00% |█                                                                                                    |  0/1 Time: 0:06:09 0.00% |█                                                                                                    |  0/1 Time: 0:06:10 0.00% |█                                                                                                    |  0/1 Time: 0:06:11 0.00% |█                                                                                                    |  0/1 Time: 0:06:122019-10-10 01:22:06,913 [java.util.concurrent.ThreadPoolExecutor$Worker@3427ce72[State = -1, empty queue]] ERROR client.GrpcClientProtocolClient (GrpcClientProtocolClient.java:close(148)) - Unexpected exception while waiting for channel termination
java.lang.InterruptedException
	at java.util.concurrent.locks.AbstractQueuedSynchronizer.tryAcquireSharedNanos(AbstractQueuedSynchronizer.java:1326)
	at java.util.concurrent.CountDownLatch.await(CountDownLatch.java:277)
	at org.apache.ratis.thirdparty.io.grpc.internal.ManagedChannelImpl.awaitTermination(ManagedChannelImpl.java:763)
	at org.apache.ratis.thirdparty.io.grpc.internal.ForwardingManagedChannel.awaitTermination(ForwardingManagedChannel.java:57)
	at org.apache.ratis.thirdparty.io.grpc.internal.ManagedChannelOrphanWrapper.awaitTermination(ManagedChannelOrphanWrapper.java:70)
	at org.apache.ratis.grpc.client.GrpcClientProtocolClient.close(GrpcClientProtocolClient.java:146)
	at org.apache.ratis.util.PeerProxyMap$PeerAndProxy.lambda$close$1(PeerProxyMap.java:74)
	at org.apache.ratis.util.LifeCycle.lambda$checkStateAndClose$2(LifeCycle.java:231)
	at org.apache.ratis.util.LifeCycle.checkStateAndClose(LifeCycle.java:251)
	at org.apache.ratis.util.LifeCycle.checkStateAndClose(LifeCycle.java:229)
	at org.apache.ratis.util.PeerProxyMap$PeerAndProxy.close(PeerProxyMap.java:70)
	at org.apache.ratis.util.PeerProxyMap.resetProxy(PeerProxyMap.java:127)
	at org.apache.ratis.util.PeerProxyMap.handleException(PeerProxyMap.java:136)
	at org.apache.ratis.client.impl.RaftClientRpcWithProxy.handleException(RaftClientRpcWithProxy.java:47)
	at org.apache.ratis.client.impl.RaftClientImpl.handleIOException(RaftClientImpl.java:372)
	at org.apache.ratis.client.impl.OrderedAsync.lambda$sendRequest$10(OrderedAsync.java:236)
	at java.util.concurrent.CompletableFuture.uniExceptionally(CompletableFuture.java:870)
	at java.util.concurrent.CompletableFuture$UniExceptionally.tryFire(CompletableFuture.java:852)
	at java.util.concurrent.CompletableFuture.postComplete(CompletableFuture.java:474)
	at java.util.concurrent.CompletableFuture.completeExceptionally(CompletableFuture.java:1977)
	at org.apache.ratis.grpc.client.GrpcClientProtocolClient$AsyncStreamObservers.lambda$timeoutCheck$3(GrpcClientProtocolClient.java:324)
	at java.util.Optional.ifPresent(Optional.java:159)
	at org.apache.ratis.grpc.client.GrpcClientProtocolClient$AsyncStreamObservers.handleReplyFuture(GrpcClientProtocolClient.java:329)
	at org.apache.ratis.grpc.client.GrpcClientProtocolClient$AsyncStreamObservers.timeoutCheck(GrpcClientProtocolClient.java:324)
	at org.apache.ratis.grpc.client.GrpcClientProtocolClient$AsyncStreamObservers.lambda$onNext$1(GrpcClientProtocolClient.java:318)
	at org.apache.ratis.util.TimeoutScheduler.lambda$onTimeout$0(TimeoutScheduler.java:113)
	at org.apache.ratis.util.TimeoutScheduler.lambda$onTimeout$1(TimeoutScheduler.java:133)
	at org.apache.ratis.util.LogUtils.runAndLog(LogUtils.java:50)
	at org.apache.ratis.util.LogUtils$1.run(LogUtils.java:91)
	at java.util.concurrent.Executors$RunnableAdapter.call(Executors.java:511)
	at java.util.concurrent.FutureTask.run(FutureTask.java:266)
	at java.util.concurrent.ScheduledThreadPoolExecutor$ScheduledFutureTask.access$201(ScheduledThreadPoolExecutor.java:180)
	at java.util.concurrent.ScheduledThreadPoolExecutor$ScheduledFutureTask.run(ScheduledThreadPoolExecutor.java:293)
	at java.util.concurrent.ThreadPoolExecutor.runWorker(ThreadPoolExecutor.java:1149)
	at java.util.concurrent.ThreadPoolExecutor$Worker.run(ThreadPoolExecutor.java:624)
	at java.lang.Thread.run(Thread.java:748)
2019-10-10 01:22:06,914 [java.util.concurrent.ThreadPoolExecutor$Worker@3427ce72[State = -1, empty queue]] WARN  util.TimeoutScheduler (LogUtils.java:runAndLog(55)) - Failed to task #0: java.lang.NullPointerException
 0.00% |█                                                                                                    |  0/1 Time: 0:06:13 0.00% |█                                                                                                    |  0/1 Time: 0:06:14 0.00% |█                                                                                                    |  0/1 Time: 0:06:15 0.00% |█                                                                                                    |  0/1 Time: 0:06:162019-10-10 01:22:10,950 [java.util.concurrent.ThreadPoolExecutor$Worker@572a6218[State = -1, empty queue]] ERROR client.GrpcClientProtocolClient (GrpcClientProtocolClient.java:close(148)) - Unexpected exception while waiting for channel termination
java.lang.InterruptedException
	at java.util.concurrent.locks.AbstractQueuedSynchronizer.tryAcquireSharedNanos(AbstractQueuedSynchronizer.java:1326)
	at java.util.concurrent.CountDownLatch.await(CountDownLatch.java:277)
	at org.apache.ratis.thirdparty.io.grpc.internal.ManagedChannelImpl.awaitTermination(ManagedChannelImpl.java:763)
	at org.apache.ratis.thirdparty.io.grpc.internal.ForwardingManagedChannel.awaitTermination(ForwardingManagedChannel.java:57)
	at org.apache.ratis.thirdparty.io.grpc.internal.ManagedChannelOrphanWrapper.awaitTermination(ManagedChannelOrphanWrapper.java:70)
	at org.apache.ratis.grpc.client.GrpcClientProtocolClient.close(GrpcClientProtocolClient.java:146)
	at org.apache.ratis.util.PeerProxyMap$PeerAndProxy.lambda$close$1(PeerProxyMap.java:74)
	at org.apache.ratis.util.LifeCycle.lambda$checkStateAndClose$2(LifeCycle.java:231)
	at org.apache.ratis.util.LifeCycle.checkStateAndClose(LifeCycle.java:251)
	at org.apache.ratis.util.LifeCycle.checkStateAndClose(LifeCycle.java:229)
	at org.apache.ratis.util.PeerProxyMap$PeerAndProxy.close(PeerProxyMap.java:70)
	at org.apache.ratis.util.PeerProxyMap.resetProxy(PeerProxyMap.java:127)
	at org.apache.ratis.util.PeerProxyMap.handleException(PeerProxyMap.java:136)
	at org.apache.ratis.client.impl.RaftClientRpcWithProxy.handleException(RaftClientRpcWithProxy.java:47)
	at org.apache.ratis.client.impl.RaftClientImpl.handleIOException(RaftClientImpl.java:372)
	at org.apache.ratis.client.impl.OrderedAsync.lambda$sendRequest$10(OrderedAsync.java:236)
	at java.util.concurrent.CompletableFuture.uniExceptionally(CompletableFuture.java:870)
	at java.util.concurrent.CompletableFuture$UniExceptionally.tryFire(CompletableFuture.java:852)
	at java.util.concurrent.CompletableFuture.postComplete(CompletableFuture.java:474)
	at java.util.concurrent.CompletableFuture.completeExceptionally(CompletableFuture.java:1977)
	at org.apache.ratis.grpc.client.GrpcClientProtocolClient$AsyncStreamObservers.lambda$timeoutCheck$3(GrpcClientProtocolClient.java:324)
	at java.util.Optional.ifPresent(Optional.java:159)
	at org.apache.ratis.grpc.client.GrpcClientProtocolClient$AsyncStreamObservers.handleReplyFuture(GrpcClientProtocolClient.java:329)
	at org.apache.ratis.grpc.client.GrpcClientProtocolClient$AsyncStreamObservers.timeoutCheck(GrpcClientProtocolClient.java:324)
	at org.apache.ratis.grpc.client.GrpcClientProtocolClient$AsyncStreamObservers.lambda$onNext$1(GrpcClientProtocolClient.java:318)
	at org.apache.ratis.util.TimeoutScheduler.lambda$onTimeout$0(TimeoutScheduler.java:113)
	at org.apache.ratis.util.TimeoutScheduler.lambda$onTimeout$1(TimeoutScheduler.java:133)
	at org.apache.ratis.util.LogUtils.runAndLog(LogUtils.java:50)
	at org.apache.ratis.util.LogUtils$1.run(LogUtils.java:91)
	at java.util.concurrent.Executors$RunnableAdapter.call(Executors.java:511)
	at java.util.concurrent.FutureTask.run(FutureTask.java:266)
	at java.util.concurrent.ScheduledThreadPoolExecutor$ScheduledFutureTask.access$201(ScheduledThreadPoolExecutor.java:180)
	at java.util.concurrent.ScheduledThreadPoolExecutor$ScheduledFutureTask.run(ScheduledThreadPoolExecutor.java:293)
	at java.util.concurrent.ThreadPoolExecutor.runWorker(ThreadPoolExecutor.java:1149)
	at java.util.concurrent.ThreadPoolExecutor$Worker.run(ThreadPoolExecutor.java:624)
	at java.lang.Thread.run(Thread.java:748)
2019-10-10 01:22:10,951 [java.util.concurrent.ThreadPoolExecutor$Worker@572a6218[State = -1, empty queue]] WARN  util.TimeoutScheduler (LogUtils.java:runAndLog(55)) - Failed to task #0: java.lang.NullPointerException
 0.00% |█                                                                                                    |  0/1 Time: 0:06:17 0.00% |█                                                                                                    |  0/1 Time: 0:06:18 0.00% |█                                                                                                    |  0/1 Time: 0:06:19 0.00% |█                                                                                                    |  0/1 Time: 0:06:202019-10-10 01:22:14,979 [java.util.concurrent.ThreadPoolExecutor$Worker@4561dd49[State = -1, empty queue]] ERROR client.GrpcClientProtocolClient (GrpcClientProtocolClient.java:close(148)) - Unexpected exception while waiting for channel termination
java.lang.InterruptedException
	at java.util.concurrent.locks.AbstractQueuedSynchronizer.tryAcquireSharedNanos(AbstractQueuedSynchronizer.java:1326)
	at java.util.concurrent.CountDownLatch.await(CountDownLatch.java:277)
	at org.apache.ratis.thirdparty.io.grpc.internal.ManagedChannelImpl.awaitTermination(ManagedChannelImpl.java:763)
	at org.apache.ratis.thirdparty.io.grpc.internal.ForwardingManagedChannel.awaitTermination(ForwardingManagedChannel.java:57)
	at org.apache.ratis.thirdparty.io.grpc.internal.ManagedChannelOrphanWrapper.awaitTermination(ManagedChannelOrphanWrapper.java:70)
	at org.apache.ratis.grpc.client.GrpcClientProtocolClient.close(GrpcClientProtocolClient.java:146)
	at org.apache.ratis.util.PeerProxyMap$PeerAndProxy.lambda$close$1(PeerProxyMap.java:74)
	at org.apache.ratis.util.LifeCycle.lambda$checkStateAndClose$2(LifeCycle.java:231)
	at org.apache.ratis.util.LifeCycle.checkStateAndClose(LifeCycle.java:251)
	at org.apache.ratis.util.LifeCycle.checkStateAndClose(LifeCycle.java:229)
	at org.apache.ratis.util.PeerProxyMap$PeerAndProxy.close(PeerProxyMap.java:70)
	at org.apache.ratis.util.PeerProxyMap.resetProxy(PeerProxyMap.java:127)
	at org.apache.ratis.util.PeerProxyMap.handleException(PeerProxyMap.java:136)
	at org.apache.ratis.client.impl.RaftClientRpcWithProxy.handleException(RaftClientRpcWithProxy.java:47)
	at org.apache.ratis.client.impl.RaftClientImpl.handleIOException(RaftClientImpl.java:372)
	at org.apache.ratis.client.impl.OrderedAsync.lambda$sendRequest$10(OrderedAsync.java:236)
	at java.util.concurrent.CompletableFuture.uniExceptionally(CompletableFuture.java:870)
	at java.util.concurrent.CompletableFuture$UniExceptionally.tryFire(CompletableFuture.java:852)
	at java.util.concurrent.CompletableFuture.postComplete(CompletableFuture.java:474)
	at java.util.concurrent.CompletableFuture.completeExceptionally(CompletableFuture.java:1977)
	at org.apache.ratis.grpc.client.GrpcClientProtocolClient$AsyncStreamObservers.lambda$timeoutCheck$3(GrpcClientProtocolClient.java:324)
	at java.util.Optional.ifPresent(Optional.java:159)
	at org.apache.ratis.grpc.client.GrpcClientProtocolClient$AsyncStreamObservers.handleReplyFuture(GrpcClientProtocolClient.java:329)
	at org.apache.ratis.grpc.client.GrpcClientProtocolClient$AsyncStreamObservers.timeoutCheck(GrpcClientProtocolClient.java:324)
	at org.apache.ratis.grpc.client.GrpcClientProtocolClient$AsyncStreamObservers.lambda$onNext$1(GrpcClientProtocolClient.java:318)
	at org.apache.ratis.util.TimeoutScheduler.lambda$onTimeout$0(TimeoutScheduler.java:113)
	at org.apache.ratis.util.TimeoutScheduler.lambda$onTimeout$1(TimeoutScheduler.java:133)
	at org.apache.ratis.util.LogUtils.runAndLog(LogUtils.java:50)
	at org.apache.ratis.util.LogUtils$1.run(LogUtils.java:91)
	at java.util.concurrent.Executors$RunnableAdapter.call(Executors.java:511)
	at java.util.concurrent.FutureTask.run(FutureTask.java:266)
	at java.util.concurrent.ScheduledThreadPoolExecutor$ScheduledFutureTask.access$201(ScheduledThreadPoolExecutor.java:180)
	at java.util.concurrent.ScheduledThreadPoolExecutor$ScheduledFutureTask.run(ScheduledThreadPoolExecutor.java:293)
	at java.util.concurrent.ThreadPoolExecutor.runWorker(ThreadPoolExecutor.java:1149)
	at java.util.concurrent.ThreadPoolExecutor$Worker.run(ThreadPoolExecutor.java:624)
	at java.lang.Thread.run(Thread.java:748)
2019-10-10 01:22:14,981 [java.util.concurrent.ThreadPoolExecutor$Worker@4561dd49[State = -1, empty queue]] WARN  util.TimeoutScheduler (LogUtils.java:runAndLog(55)) - Failed to task #0: java.lang.NullPointerException
 0.00% |█                                                                                                    |  0/1 Time: 0:06:21 0.00% |█                                                                                                    |  0/1 Time: 0:06:22 0.00% |█                                                                                                    |  0/1 Time: 0:06:23 0.00% |█                                                                                                    |  0/1 Time: 0:06:242019-10-10 01:22:19,007 [java.util.concurrent.ThreadPoolExecutor$Worker@258ade86[State = -1, empty queue]] ERROR client.GrpcClientProtocolClient (GrpcClientProtocolClient.java:close(148)) - Unexpected exception while waiting for channel termination
java.lang.InterruptedException
	at java.util.concurrent.locks.AbstractQueuedSynchronizer.tryAcquireSharedNanos(AbstractQueuedSynchronizer.java:1326)
	at java.util.concurrent.CountDownLatch.await(CountDownLatch.java:277)
	at org.apache.ratis.thirdparty.io.grpc.internal.ManagedChannelImpl.awaitTermination(ManagedChannelImpl.java:763)
	at org.apache.ratis.thirdparty.io.grpc.internal.ForwardingManagedChannel.awaitTermination(ForwardingManagedChannel.java:57)
	at org.apache.ratis.thirdparty.io.grpc.internal.ManagedChannelOrphanWrapper.awaitTermination(ManagedChannelOrphanWrapper.java:70)
	at org.apache.ratis.grpc.client.GrpcClientProtocolClient.close(GrpcClientProtocolClient.java:146)
	at org.apache.ratis.util.PeerProxyMap$PeerAndProxy.lambda$close$1(PeerProxyMap.java:74)
	at org.apache.ratis.util.LifeCycle.lambda$checkStateAndClose$2(LifeCycle.java:231)
	at org.apache.ratis.util.LifeCycle.checkStateAndClose(LifeCycle.java:251)
	at org.apache.ratis.util.LifeCycle.checkStateAndClose(LifeCycle.java:229)
	at org.apache.ratis.util.PeerProxyMap$PeerAndProxy.close(PeerProxyMap.java:70)
	at org.apache.ratis.util.PeerProxyMap.resetProxy(PeerProxyMap.java:127)
	at org.apache.ratis.util.PeerProxyMap.handleException(PeerProxyMap.java:136)
	at org.apache.ratis.client.impl.RaftClientRpcWithProxy.handleException(RaftClientRpcWithProxy.java:47)
	at org.apache.ratis.client.impl.RaftClientImpl.handleIOException(RaftClientImpl.java:372)
	at org.apache.ratis.client.impl.OrderedAsync.lambda$sendRequest$10(OrderedAsync.java:236)
	at java.util.concurrent.CompletableFuture.uniExceptionally(CompletableFuture.java:870)
	at java.util.concurrent.CompletableFuture$UniExceptionally.tryFire(CompletableFuture.java:852)
	at java.util.concurrent.CompletableFuture.postComplete(CompletableFuture.java:474)
	at java.util.concurrent.CompletableFuture.completeExceptionally(CompletableFuture.java:1977)
	at org.apache.ratis.grpc.client.GrpcClientProtocolClient$AsyncStreamObservers.lambda$timeoutCheck$3(GrpcClientProtocolClient.java:324)
	at java.util.Optional.ifPresent(Optional.java:159)
	at org.apache.ratis.grpc.client.GrpcClientProtocolClient$AsyncStreamObservers.handleReplyFuture(GrpcClientProtocolClient.java:329)
	at org.apache.ratis.grpc.client.GrpcClientProtocolClient$AsyncStreamObservers.timeoutCheck(GrpcClientProtocolClient.java:324)
	at org.apache.ratis.grpc.client.GrpcClientProtocolClient$AsyncStreamObservers.lambda$onNext$1(GrpcClientProtocolClient.java:318)
	at org.apache.ratis.util.TimeoutScheduler.lambda$onTimeout$0(TimeoutScheduler.java:113)
	at org.apache.ratis.util.TimeoutScheduler.lambda$onTimeout$1(TimeoutScheduler.java:133)
	at org.apache.ratis.util.LogUtils.runAndLog(LogUtils.java:50)
	at org.apache.ratis.util.LogUtils$1.run(LogUtils.java:91)
	at java.util.concurrent.Executors$RunnableAdapter.call(Executors.java:511)
	at java.util.concurrent.FutureTask.run(FutureTask.java:266)
	at java.util.concurrent.ScheduledThreadPoolExecutor$ScheduledFutureTask.access$201(ScheduledThreadPoolExecutor.java:180)
	at java.util.concurrent.ScheduledThreadPoolExecutor$ScheduledFutureTask.run(ScheduledThreadPoolExecutor.java:293)
	at java.util.concurrent.ThreadPoolExecutor.runWorker(ThreadPoolExecutor.java:1149)
	at java.util.concurrent.ThreadPoolExecutor$Worker.run(ThreadPoolExecutor.java:624)
	at java.lang.Thread.run(Thread.java:748)
2019-10-10 01:22:19,009 [java.util.concurrent.ThreadPoolExecutor$Worker@258ade86[State = -1, empty queue]] WARN  util.TimeoutScheduler (LogUtils.java:runAndLog(55)) - Failed to task #0: java.lang.NullPointerException
 0.00% |█                                                                                                    |  0/1 Time: 0:06:25 0.00% |█                                                                                                    |  0/1 Time: 0:06:26 0.00% |█                                                                                                    |  0/1 Time: 0:06:27 0.00% |█                                                                                                    |  0/1 Time: 0:06:282019-10-10 01:22:23,039 [java.util.concurrent.ThreadPoolExecutor$Worker@4404f2f4[State = -1, empty queue]] ERROR client.GrpcClientProtocolClient (GrpcClientProtocolClient.java:close(148)) - Unexpected exception while waiting for channel termination
java.lang.InterruptedException
	at java.util.concurrent.locks.AbstractQueuedSynchronizer.tryAcquireSharedNanos(AbstractQueuedSynchronizer.java:1326)
	at java.util.concurrent.CountDownLatch.await(CountDownLatch.java:277)
	at org.apache.ratis.thirdparty.io.grpc.internal.ManagedChannelImpl.awaitTermination(ManagedChannelImpl.java:763)
	at org.apache.ratis.thirdparty.io.grpc.internal.ForwardingManagedChannel.awaitTermination(ForwardingManagedChannel.java:57)
	at org.apache.ratis.thirdparty.io.grpc.internal.ManagedChannelOrphanWrapper.awaitTermination(ManagedChannelOrphanWrapper.java:70)
	at org.apache.ratis.grpc.client.GrpcClientProtocolClient.close(GrpcClientProtocolClient.java:146)
	at org.apache.ratis.util.PeerProxyMap$PeerAndProxy.lambda$close$1(PeerProxyMap.java:74)
	at org.apache.ratis.util.LifeCycle.lambda$checkStateAndClose$2(LifeCycle.java:231)
	at org.apache.ratis.util.LifeCycle.checkStateAndClose(LifeCycle.java:251)
	at org.apache.ratis.util.LifeCycle.checkStateAndClose(LifeCycle.java:229)
	at org.apache.ratis.util.PeerProxyMap$PeerAndProxy.close(PeerProxyMap.java:70)
	at org.apache.ratis.util.PeerProxyMap.resetProxy(PeerProxyMap.java:127)
	at org.apache.ratis.util.PeerProxyMap.handleException(PeerProxyMap.java:136)
	at org.apache.ratis.client.impl.RaftClientRpcWithProxy.handleException(RaftClientRpcWithProxy.java:47)
	at org.apache.ratis.client.impl.RaftClientImpl.handleIOException(RaftClientImpl.java:372)
	at org.apache.ratis.client.impl.OrderedAsync.lambda$sendRequest$10(OrderedAsync.java:236)
	at java.util.concurrent.CompletableFuture.uniExceptionally(CompletableFuture.java:870)
	at java.util.concurrent.CompletableFuture$UniExceptionally.tryFire(CompletableFuture.java:852)
	at java.util.concurrent.CompletableFuture.postComplete(CompletableFuture.java:474)
	at java.util.concurrent.CompletableFuture.completeExceptionally(CompletableFuture.java:1977)
	at org.apache.ratis.grpc.client.GrpcClientProtocolClient$AsyncStreamObservers.lambda$timeoutCheck$3(GrpcClientProtocolClient.java:324)
	at java.util.Optional.ifPresent(Optional.java:159)
	at org.apache.ratis.grpc.client.GrpcClientProtocolClient$AsyncStreamObservers.handleReplyFuture(GrpcClientProtocolClient.java:329)
	at org.apache.ratis.grpc.client.GrpcClientProtocolClient$AsyncStreamObservers.timeoutCheck(GrpcClientProtocolClient.java:324)
	at org.apache.ratis.grpc.client.GrpcClientProtocolClient$AsyncStreamObservers.lambda$onNext$1(GrpcClientProtocolClient.java:318)
	at org.apache.ratis.util.TimeoutScheduler.lambda$onTimeout$0(TimeoutScheduler.java:113)
	at org.apache.ratis.util.TimeoutScheduler.lambda$onTimeout$1(TimeoutScheduler.java:133)
	at org.apache.ratis.util.LogUtils.runAndLog(LogUtils.java:50)
	at org.apache.ratis.util.LogUtils$1.run(LogUtils.java:91)
	at java.util.concurrent.Executors$RunnableAdapter.call(Executors.java:511)
	at java.util.concurrent.FutureTask.run(FutureTask.java:266)
	at java.util.concurrent.ScheduledThreadPoolExecutor$ScheduledFutureTask.access$201(ScheduledThreadPoolExecutor.java:180)
	at java.util.concurrent.ScheduledThreadPoolExecutor$ScheduledFutureTask.run(ScheduledThreadPoolExecutor.java:293)
	at java.util.concurrent.ThreadPoolExecutor.runWorker(ThreadPoolExecutor.java:1149)
	at java.util.concurrent.ThreadPoolExecutor$Worker.run(ThreadPoolExecutor.java:624)
	at java.lang.Thread.run(Thread.java:748)
2019-10-10 01:22:23,040 [java.util.concurrent.ThreadPoolExecutor$Worker@4404f2f4[State = -1, empty queue]] WARN  util.TimeoutScheduler (LogUtils.java:runAndLog(55)) - Failed to task #0: java.lang.NullPointerException
 0.00% |█                                                                                                    |  0/1 Time: 0:06:29 0.00% |█                                                                                                    |  0/1 Time: 0:06:30 0.00% |█                                                                                                    |  0/1 Time: 0:06:31 0.00% |█                                                                                                    |  0/1 Time: 0:06:322019-10-10 01:22:27,072 [java.util.concurrent.ThreadPoolExecutor$Worker@736a4ddb[State = -1, empty queue]] ERROR client.GrpcClientProtocolClient (GrpcClientProtocolClient.java:close(148)) - Unexpected exception while waiting for channel termination
java.lang.InterruptedException
	at java.util.concurrent.locks.AbstractQueuedSynchronizer.tryAcquireSharedNanos(AbstractQueuedSynchronizer.java:1326)
	at java.util.concurrent.CountDownLatch.await(CountDownLatch.java:277)
	at org.apache.ratis.thirdparty.io.grpc.internal.ManagedChannelImpl.awaitTermination(ManagedChannelImpl.java:763)
	at org.apache.ratis.thirdparty.io.grpc.internal.ForwardingManagedChannel.awaitTermination(ForwardingManagedChannel.java:57)
	at org.apache.ratis.thirdparty.io.grpc.internal.ManagedChannelOrphanWrapper.awaitTermination(ManagedChannelOrphanWrapper.java:70)
	at org.apache.ratis.grpc.client.GrpcClientProtocolClient.close(GrpcClientProtocolClient.java:146)
	at org.apache.ratis.util.PeerProxyMap$PeerAndProxy.lambda$close$1(PeerProxyMap.java:74)
	at org.apache.ratis.util.LifeCycle.lambda$checkStateAndClose$2(LifeCycle.java:231)
	at org.apache.ratis.util.LifeCycle.checkStateAndClose(LifeCycle.java:251)
	at org.apache.ratis.util.LifeCycle.checkStateAndClose(LifeCycle.java:229)
	at org.apache.ratis.util.PeerProxyMap$PeerAndProxy.close(PeerProxyMap.java:70)
	at org.apache.ratis.util.PeerProxyMap.resetProxy(PeerProxyMap.java:127)
	at org.apache.ratis.util.PeerProxyMap.handleException(PeerProxyMap.java:136)
	at org.apache.ratis.client.impl.RaftClientRpcWithProxy.handleException(RaftClientRpcWithProxy.java:47)
	at org.apache.ratis.client.impl.RaftClientImpl.handleIOException(RaftClientImpl.java:372)
	at org.apache.ratis.client.impl.OrderedAsync.lambda$sendRequest$10(OrderedAsync.java:236)
	at java.util.concurrent.CompletableFuture.uniExceptionally(CompletableFuture.java:870)
	at java.util.concurrent.CompletableFuture$UniExceptionally.tryFire(CompletableFuture.java:852)
	at java.util.concurrent.CompletableFuture.postComplete(CompletableFuture.java:474)
	at java.util.concurrent.CompletableFuture.completeExceptionally(CompletableFuture.java:1977)
	at org.apache.ratis.grpc.client.GrpcClientProtocolClient$AsyncStreamObservers.lambda$timeoutCheck$3(GrpcClientProtocolClient.java:324)
	at java.util.Optional.ifPresent(Optional.java:159)
	at org.apache.ratis.grpc.client.GrpcClientProtocolClient$AsyncStreamObservers.handleReplyFuture(GrpcClientProtocolClient.java:329)
	at org.apache.ratis.grpc.client.GrpcClientProtocolClient$AsyncStreamObservers.timeoutCheck(GrpcClientProtocolClient.java:324)
	at org.apache.ratis.grpc.client.GrpcClientProtocolClient$AsyncStreamObservers.lambda$onNext$1(GrpcClientProtocolClient.java:318)
	at org.apache.ratis.util.TimeoutScheduler.lambda$onTimeout$0(TimeoutScheduler.java:113)
	at org.apache.ratis.util.TimeoutScheduler.lambda$onTimeout$1(TimeoutScheduler.java:133)
	at org.apache.ratis.util.LogUtils.runAndLog(LogUtils.java:50)
	at org.apache.ratis.util.LogUtils$1.run(LogUtils.java:91)
	at java.util.concurrent.Executors$RunnableAdapter.call(Executors.java:511)
	at java.util.concurrent.FutureTask.run(FutureTask.java:266)
	at java.util.concurrent.ScheduledThreadPoolExecutor$ScheduledFutureTask.access$201(ScheduledThreadPoolExecutor.java:180)
	at java.util.concurrent.ScheduledThreadPoolExecutor$ScheduledFutureTask.run(ScheduledThreadPoolExecutor.java:293)
	at java.util.concurrent.ThreadPoolExecutor.runWorker(ThreadPoolExecutor.java:1149)
	at java.util.concurrent.ThreadPoolExecutor$Worker.run(ThreadPoolExecutor.java:624)
	at java.lang.Thread.run(Thread.java:748)
2019-10-10 01:22:27,073 [java.util.concurrent.ThreadPoolExecutor$Worker@736a4ddb[State = -1, empty queue]] WARN  util.TimeoutScheduler (LogUtils.java:runAndLog(55)) - Failed to task #0: java.lang.NullPointerException
 0.00% |█                                                                                                    |  0/1 Time: 0:06:33 0.00% |█                                                                                                    |  0/1 Time: 0:06:34 0.00% |█                                                                                                    |  0/1 Time: 0:06:35 0.00% |█                                                                                                    |  0/1 Time: 0:06:362019-10-10 01:22:31,111 [java.util.concurrent.ThreadPoolExecutor$Worker@31388080[State = -1, empty queue]] ERROR client.GrpcClientProtocolClient (GrpcClientProtocolClient.java:close(148)) - Unexpected exception while waiting for channel termination
java.lang.InterruptedException
	at java.util.concurrent.locks.AbstractQueuedSynchronizer.tryAcquireSharedNanos(AbstractQueuedSynchronizer.java:1326)
	at java.util.concurrent.CountDownLatch.await(CountDownLatch.java:277)
	at org.apache.ratis.thirdparty.io.grpc.internal.ManagedChannelImpl.awaitTermination(ManagedChannelImpl.java:763)
	at org.apache.ratis.thirdparty.io.grpc.internal.ForwardingManagedChannel.awaitTermination(ForwardingManagedChannel.java:57)
	at org.apache.ratis.thirdparty.io.grpc.internal.ManagedChannelOrphanWrapper.awaitTermination(ManagedChannelOrphanWrapper.java:70)
	at org.apache.ratis.grpc.client.GrpcClientProtocolClient.close(GrpcClientProtocolClient.java:146)
	at org.apache.ratis.util.PeerProxyMap$PeerAndProxy.lambda$close$1(PeerProxyMap.java:74)
	at org.apache.ratis.util.LifeCycle.lambda$checkStateAndClose$2(LifeCycle.java:231)
	at org.apache.ratis.util.LifeCycle.checkStateAndClose(LifeCycle.java:251)
	at org.apache.ratis.util.LifeCycle.checkStateAndClose(LifeCycle.java:229)
	at org.apache.ratis.util.PeerProxyMap$PeerAndProxy.close(PeerProxyMap.java:70)
	at org.apache.ratis.util.PeerProxyMap.resetProxy(PeerProxyMap.java:127)
	at org.apache.ratis.util.PeerProxyMap.handleException(PeerProxyMap.java:136)
	at org.apache.ratis.client.impl.RaftClientRpcWithProxy.handleException(RaftClientRpcWithProxy.java:47)
	at org.apache.ratis.client.impl.RaftClientImpl.handleIOException(RaftClientImpl.java:372)
	at org.apache.ratis.client.impl.OrderedAsync.lambda$sendRequest$10(OrderedAsync.java:236)
	at java.util.concurrent.CompletableFuture.uniExceptionally(CompletableFuture.java:870)
	at java.util.concurrent.CompletableFuture$UniExceptionally.tryFire(CompletableFuture.java:852)
	at java.util.concurrent.CompletableFuture.postComplete(CompletableFuture.java:474)
	at java.util.concurrent.CompletableFuture.completeExceptionally(CompletableFuture.java:1977)
	at org.apache.ratis.grpc.client.GrpcClientProtocolClient$AsyncStreamObservers.lambda$timeoutCheck$3(GrpcClientProtocolClient.java:324)
	at java.util.Optional.ifPresent(Optional.java:159)
	at org.apache.ratis.grpc.client.GrpcClientProtocolClient$AsyncStreamObservers.handleReplyFuture(GrpcClientProtocolClient.java:329)
	at org.apache.ratis.grpc.client.GrpcClientProtocolClient$AsyncStreamObservers.timeoutCheck(GrpcClientProtocolClient.java:324)
	at org.apache.ratis.grpc.client.GrpcClientProtocolClient$AsyncStreamObservers.lambda$onNext$1(GrpcClientProtocolClient.java:318)
	at org.apache.ratis.util.TimeoutScheduler.lambda$onTimeout$0(TimeoutScheduler.java:113)
	at org.apache.ratis.util.TimeoutScheduler.lambda$onTimeout$1(TimeoutScheduler.java:133)
	at org.apache.ratis.util.LogUtils.runAndLog(LogUtils.java:50)
	at org.apache.ratis.util.LogUtils$1.run(LogUtils.java:91)
	at java.util.concurrent.Executors$RunnableAdapter.call(Executors.java:511)
	at java.util.concurrent.FutureTask.run(FutureTask.java:266)
	at java.util.concurrent.ScheduledThreadPoolExecutor$ScheduledFutureTask.access$201(ScheduledThreadPoolExecutor.java:180)
	at java.util.concurrent.ScheduledThreadPoolExecutor$ScheduledFutureTask.run(ScheduledThreadPoolExecutor.java:293)
	at java.util.concurrent.ThreadPoolExecutor.runWorker(ThreadPoolExecutor.java:1149)
	at java.util.concurrent.ThreadPoolExecutor$Worker.run(ThreadPoolExecutor.java:624)
	at java.lang.Thread.run(Thread.java:748)
2019-10-10 01:22:31,113 [java.util.concurrent.ThreadPoolExecutor$Worker@31388080[State = -1, empty queue]] WARN  util.TimeoutScheduler (LogUtils.java:runAndLog(55)) - Failed to task #0: java.lang.NullPointerException
 0.00% |█                                                                                                    |  0/1 Time: 0:06:37 0.00% |█                                                                                                    |  0/1 Time: 0:06:38 0.00% |█                                                                                                    |  0/1 Time: 0:06:39 0.00% |█                                                                                                    |  0/1 Time: 0:06:402019-10-10 01:22:35,144 [java.util.concurrent.ThreadPoolExecutor$Worker@2443eeaf[State = -1, empty queue]] ERROR client.GrpcClientProtocolClient (GrpcClientProtocolClient.java:close(148)) - Unexpected exception while waiting for channel termination
java.lang.InterruptedException
	at java.util.concurrent.locks.AbstractQueuedSynchronizer.tryAcquireSharedNanos(AbstractQueuedSynchronizer.java:1326)
	at java.util.concurrent.CountDownLatch.await(CountDownLatch.java:277)
	at org.apache.ratis.thirdparty.io.grpc.internal.ManagedChannelImpl.awaitTermination(ManagedChannelImpl.java:763)
	at org.apache.ratis.thirdparty.io.grpc.internal.ForwardingManagedChannel.awaitTermination(ForwardingManagedChannel.java:57)
	at org.apache.ratis.thirdparty.io.grpc.internal.ManagedChannelOrphanWrapper.awaitTermination(ManagedChannelOrphanWrapper.java:70)
	at org.apache.ratis.grpc.client.GrpcClientProtocolClient.close(GrpcClientProtocolClient.java:146)
	at org.apache.ratis.util.PeerProxyMap$PeerAndProxy.lambda$close$1(PeerProxyMap.java:74)
	at org.apache.ratis.util.LifeCycle.lambda$checkStateAndClose$2(LifeCycle.java:231)
	at org.apache.ratis.util.LifeCycle.checkStateAndClose(LifeCycle.java:251)
	at org.apache.ratis.util.LifeCycle.checkStateAndClose(LifeCycle.java:229)
	at org.apache.ratis.util.PeerProxyMap$PeerAndProxy.close(PeerProxyMap.java:70)
	at org.apache.ratis.util.PeerProxyMap.resetProxy(PeerProxyMap.java:127)
	at org.apache.ratis.util.PeerProxyMap.handleException(PeerProxyMap.java:136)
	at org.apache.ratis.client.impl.RaftClientRpcWithProxy.handleException(RaftClientRpcWithProxy.java:47)
	at org.apache.ratis.client.impl.RaftClientImpl.handleIOException(RaftClientImpl.java:372)
	at org.apache.ratis.client.impl.OrderedAsync.lambda$sendRequest$10(OrderedAsync.java:236)
	at java.util.concurrent.CompletableFuture.uniExceptionally(CompletableFuture.java:870)
	at java.util.concurrent.CompletableFuture$UniExceptionally.tryFire(CompletableFuture.java:852)
	at java.util.concurrent.CompletableFuture.postComplete(CompletableFuture.java:474)
	at java.util.concurrent.CompletableFuture.completeExceptionally(CompletableFuture.java:1977)
	at org.apache.ratis.grpc.client.GrpcClientProtocolClient$AsyncStreamObservers.lambda$timeoutCheck$3(GrpcClientProtocolClient.java:324)
	at java.util.Optional.ifPresent(Optional.java:159)
	at org.apache.ratis.grpc.client.GrpcClientProtocolClient$AsyncStreamObservers.handleReplyFuture(GrpcClientProtocolClient.java:329)
	at org.apache.ratis.grpc.client.GrpcClientProtocolClient$AsyncStreamObservers.timeoutCheck(GrpcClientProtocolClient.java:324)
	at org.apache.ratis.grpc.client.GrpcClientProtocolClient$AsyncStreamObservers.lambda$onNext$1(GrpcClientProtocolClient.java:318)
	at org.apache.ratis.util.TimeoutScheduler.lambda$onTimeout$0(TimeoutScheduler.java:113)
	at org.apache.ratis.util.TimeoutScheduler.lambda$onTimeout$1(TimeoutScheduler.java:133)
	at org.apache.ratis.util.LogUtils.runAndLog(LogUtils.java:50)
	at org.apache.ratis.util.LogUtils$1.run(LogUtils.java:91)
	at java.util.concurrent.Executors$RunnableAdapter.call(Executors.java:511)
	at java.util.concurrent.FutureTask.run(FutureTask.java:266)
	at java.util.concurrent.ScheduledThreadPoolExecutor$ScheduledFutureTask.access$201(ScheduledThreadPoolExecutor.java:180)
	at java.util.concurrent.ScheduledThreadPoolExecutor$ScheduledFutureTask.run(ScheduledThreadPoolExecutor.java:293)
	at java.util.concurrent.ThreadPoolExecutor.runWorker(ThreadPoolExecutor.java:1149)
	at java.util.concurrent.ThreadPoolExecutor$Worker.run(ThreadPoolExecutor.java:624)
	at java.lang.Thread.run(Thread.java:748)
2019-10-10 01:22:35,146 [java.util.concurrent.ThreadPoolExecutor$Worker@2443eeaf[State = -1, empty queue]] WARN  util.TimeoutScheduler (LogUtils.java:runAndLog(55)) - Failed to task #0: java.lang.NullPointerException
 0.00% |█                                                                                                    |  0/1 Time: 0:06:41 0.00% |█                                                                                                    |  0/1 Time: 0:06:42 0.00% |█                                                                                                    |  0/1 Time: 0:06:43 0.00% |█                                                                                                    |  0/1 Time: 0:06:442019-10-10 01:22:39,179 [java.util.concurrent.ThreadPoolExecutor$Worker@788539ae[State = -1, empty queue]] ERROR client.GrpcClientProtocolClient (GrpcClientProtocolClient.java:close(148)) - Unexpected exception while waiting for channel termination
java.lang.InterruptedException
	at java.util.concurrent.locks.AbstractQueuedSynchronizer.tryAcquireSharedNanos(AbstractQueuedSynchronizer.java:1326)
	at java.util.concurrent.CountDownLatch.await(CountDownLatch.java:277)
	at org.apache.ratis.thirdparty.io.grpc.internal.ManagedChannelImpl.awaitTermination(ManagedChannelImpl.java:763)
	at org.apache.ratis.thirdparty.io.grpc.internal.ForwardingManagedChannel.awaitTermination(ForwardingManagedChannel.java:57)
	at org.apache.ratis.thirdparty.io.grpc.internal.ManagedChannelOrphanWrapper.awaitTermination(ManagedChannelOrphanWrapper.java:70)
	at org.apache.ratis.grpc.client.GrpcClientProtocolClient.close(GrpcClientProtocolClient.java:146)
	at org.apache.ratis.util.PeerProxyMap$PeerAndProxy.lambda$close$1(PeerProxyMap.java:74)
	at org.apache.ratis.util.LifeCycle.lambda$checkStateAndClose$2(LifeCycle.java:231)
	at org.apache.ratis.util.LifeCycle.checkStateAndClose(LifeCycle.java:251)
	at org.apache.ratis.util.LifeCycle.checkStateAndClose(LifeCycle.java:229)
	at org.apache.ratis.util.PeerProxyMap$PeerAndProxy.close(PeerProxyMap.java:70)
	at org.apache.ratis.util.PeerProxyMap.resetProxy(PeerProxyMap.java:127)
	at org.apache.ratis.util.PeerProxyMap.handleException(PeerProxyMap.java:136)
	at org.apache.ratis.client.impl.RaftClientRpcWithProxy.handleException(RaftClientRpcWithProxy.java:47)
	at org.apache.ratis.client.impl.RaftClientImpl.handleIOException(RaftClientImpl.java:372)
	at org.apache.ratis.client.impl.OrderedAsync.lambda$sendRequest$10(OrderedAsync.java:236)
	at java.util.concurrent.CompletableFuture.uniExceptionally(CompletableFuture.java:870)
	at java.util.concurrent.CompletableFuture$UniExceptionally.tryFire(CompletableFuture.java:852)
	at java.util.concurrent.CompletableFuture.postComplete(CompletableFuture.java:474)
	at java.util.concurrent.CompletableFuture.completeExceptionally(CompletableFuture.java:1977)
	at org.apache.ratis.grpc.client.GrpcClientProtocolClient$AsyncStreamObservers.lambda$timeoutCheck$3(GrpcClientProtocolClient.java:324)
	at java.util.Optional.ifPresent(Optional.java:159)
	at org.apache.ratis.grpc.client.GrpcClientProtocolClient$AsyncStreamObservers.handleReplyFuture(GrpcClientProtocolClient.java:329)
	at org.apache.ratis.grpc.client.GrpcClientProtocolClient$AsyncStreamObservers.timeoutCheck(GrpcClientProtocolClient.java:324)
	at org.apache.ratis.grpc.client.GrpcClientProtocolClient$AsyncStreamObservers.lambda$onNext$1(GrpcClientProtocolClient.java:318)
	at org.apache.ratis.util.TimeoutScheduler.lambda$onTimeout$0(TimeoutScheduler.java:113)
	at org.apache.ratis.util.TimeoutScheduler.lambda$onTimeout$1(TimeoutScheduler.java:133)
	at org.apache.ratis.util.LogUtils.runAndLog(LogUtils.java:50)
	at org.apache.ratis.util.LogUtils$1.run(LogUtils.java:91)
	at java.util.concurrent.Executors$RunnableAdapter.call(Executors.java:511)
	at java.util.concurrent.FutureTask.run(FutureTask.java:266)
	at java.util.concurrent.ScheduledThreadPoolExecutor$ScheduledFutureTask.access$201(ScheduledThreadPoolExecutor.java:180)
	at java.util.concurrent.ScheduledThreadPoolExecutor$ScheduledFutureTask.run(ScheduledThreadPoolExecutor.java:293)
	at java.util.concurrent.ThreadPoolExecutor.runWorker(ThreadPoolExecutor.java:1149)
	at java.util.concurrent.ThreadPoolExecutor$Worker.run(ThreadPoolExecutor.java:624)
	at java.lang.Thread.run(Thread.java:748)
2019-10-10 01:22:39,182 [java.util.concurrent.ThreadPoolExecutor$Worker@788539ae[State = -1, empty queue]] WARN  util.TimeoutScheduler (LogUtils.java:runAndLog(55)) - Failed to task #0: java.lang.NullPointerException
 0.00% |█                                                                                                    |  0/1 Time: 0:06:45 0.00% |█                                                                                                    |  0/1 Time: 0:06:46 0.00% |█                                                                                                    |  0/1 Time: 0:06:47 0.00% |█                                                                                                    |  0/1 Time: 0:06:482019-10-10 01:22:43,227 [java.util.concurrent.ThreadPoolExecutor$Worker@65f68e6a[State = -1, empty queue]] ERROR client.GrpcClientProtocolClient (GrpcClientProtocolClient.java:close(148)) - Unexpected exception while waiting for channel termination
java.lang.InterruptedException
	at java.util.concurrent.locks.AbstractQueuedSynchronizer.tryAcquireSharedNanos(AbstractQueuedSynchronizer.java:1326)
	at java.util.concurrent.CountDownLatch.await(CountDownLatch.java:277)
	at org.apache.ratis.thirdparty.io.grpc.internal.ManagedChannelImpl.awaitTermination(ManagedChannelImpl.java:763)
	at org.apache.ratis.thirdparty.io.grpc.internal.ForwardingManagedChannel.awaitTermination(ForwardingManagedChannel.java:57)
	at org.apache.ratis.thirdparty.io.grpc.internal.ManagedChannelOrphanWrapper.awaitTermination(ManagedChannelOrphanWrapper.java:70)
	at org.apache.ratis.grpc.client.GrpcClientProtocolClient.close(GrpcClientProtocolClient.java:146)
	at org.apache.ratis.util.PeerProxyMap$PeerAndProxy.lambda$close$1(PeerProxyMap.java:74)
	at org.apache.ratis.util.LifeCycle.lambda$checkStateAndClose$2(LifeCycle.java:231)
	at org.apache.ratis.util.LifeCycle.checkStateAndClose(LifeCycle.java:251)
	at org.apache.ratis.util.LifeCycle.checkStateAndClose(LifeCycle.java:229)
	at org.apache.ratis.util.PeerProxyMap$PeerAndProxy.close(PeerProxyMap.java:70)
	at org.apache.ratis.util.PeerProxyMap.resetProxy(PeerProxyMap.java:127)
	at org.apache.ratis.util.PeerProxyMap.handleException(PeerProxyMap.java:136)
	at org.apache.ratis.client.impl.RaftClientRpcWithProxy.handleException(RaftClientRpcWithProxy.java:47)
	at org.apache.ratis.client.impl.RaftClientImpl.handleIOException(RaftClientImpl.java:372)
	at org.apache.ratis.client.impl.OrderedAsync.lambda$sendRequest$10(OrderedAsync.java:236)
	at java.util.concurrent.CompletableFuture.uniExceptionally(CompletableFuture.java:870)
	at java.util.concurrent.CompletableFuture$UniExceptionally.tryFire(CompletableFuture.java:852)
	at java.util.concurrent.CompletableFuture.postComplete(CompletableFuture.java:474)
	at java.util.concurrent.CompletableFuture.completeExceptionally(CompletableFuture.java:1977)
	at org.apache.ratis.grpc.client.GrpcClientProtocolClient$AsyncStreamObservers.lambda$timeoutCheck$3(GrpcClientProtocolClient.java:324)
	at java.util.Optional.ifPresent(Optional.java:159)
	at org.apache.ratis.grpc.client.GrpcClientProtocolClient$AsyncStreamObservers.handleReplyFuture(GrpcClientProtocolClient.java:329)
	at org.apache.ratis.grpc.client.GrpcClientProtocolClient$AsyncStreamObservers.timeoutCheck(GrpcClientProtocolClient.java:324)
	at org.apache.ratis.grpc.client.GrpcClientProtocolClient$AsyncStreamObservers.lambda$onNext$1(GrpcClientProtocolClient.java:318)
	at org.apache.ratis.util.TimeoutScheduler.lambda$onTimeout$0(TimeoutScheduler.java:113)
	at org.apache.ratis.util.TimeoutScheduler.lambda$onTimeout$1(TimeoutScheduler.java:133)
	at org.apache.ratis.util.LogUtils.runAndLog(LogUtils.java:50)
	at org.apache.ratis.util.LogUtils$1.run(LogUtils.java:91)
	at java.util.concurrent.Executors$RunnableAdapter.call(Executors.java:511)
	at java.util.concurrent.FutureTask.run(FutureTask.java:266)
	at java.util.concurrent.ScheduledThreadPoolExecutor$ScheduledFutureTask.access$201(ScheduledThreadPoolExecutor.java:180)
	at java.util.concurrent.ScheduledThreadPoolExecutor$ScheduledFutureTask.run(ScheduledThreadPoolExecutor.java:293)
	at java.util.concurrent.ThreadPoolExecutor.runWorker(ThreadPoolExecutor.java:1149)
	at java.util.concurrent.ThreadPoolExecutor$Worker.run(ThreadPoolExecutor.java:624)
	at java.lang.Thread.run(Thread.java:748)
2019-10-10 01:22:43,229 [java.util.concurrent.ThreadPoolExecutor$Worker@65f68e6a[State = -1, empty queue]] WARN  util.TimeoutScheduler (LogUtils.java:runAndLog(55)) - Failed to task #0: java.lang.NullPointerException
 0.00% |█                                                                                                    |  0/1 Time: 0:06:49 0.00% |█                                                                                                    |  0/1 Time: 0:06:50 0.00% |█                                                                                                    |  0/1 Time: 0:06:51 0.00% |█                                                                                                    |  0/1 Time: 0:06:522019-10-10 01:22:47,257 [java.util.concurrent.ThreadPoolExecutor$Worker@3d926157[State = -1, empty queue]] ERROR client.GrpcClientProtocolClient (GrpcClientProtocolClient.java:close(148)) - Unexpected exception while waiting for channel termination
java.lang.InterruptedException
	at java.util.concurrent.locks.AbstractQueuedSynchronizer.tryAcquireSharedNanos(AbstractQueuedSynchronizer.java:1326)
	at java.util.concurrent.CountDownLatch.await(CountDownLatch.java:277)
	at org.apache.ratis.thirdparty.io.grpc.internal.ManagedChannelImpl.awaitTermination(ManagedChannelImpl.java:763)
	at org.apache.ratis.thirdparty.io.grpc.internal.ForwardingManagedChannel.awaitTermination(ForwardingManagedChannel.java:57)
	at org.apache.ratis.thirdparty.io.grpc.internal.ManagedChannelOrphanWrapper.awaitTermination(ManagedChannelOrphanWrapper.java:70)
	at org.apache.ratis.grpc.client.GrpcClientProtocolClient.close(GrpcClientProtocolClient.java:146)
	at org.apache.ratis.util.PeerProxyMap$PeerAndProxy.lambda$close$1(PeerProxyMap.java:74)
	at org.apache.ratis.util.LifeCycle.lambda$checkStateAndClose$2(LifeCycle.java:231)
	at org.apache.ratis.util.LifeCycle.checkStateAndClose(LifeCycle.java:251)
	at org.apache.ratis.util.LifeCycle.checkStateAndClose(LifeCycle.java:229)
	at org.apache.ratis.util.PeerProxyMap$PeerAndProxy.close(PeerProxyMap.java:70)
	at org.apache.ratis.util.PeerProxyMap.resetProxy(PeerProxyMap.java:127)
	at org.apache.ratis.util.PeerProxyMap.handleException(PeerProxyMap.java:136)
	at org.apache.ratis.client.impl.RaftClientRpcWithProxy.handleException(RaftClientRpcWithProxy.java:47)
	at org.apache.ratis.client.impl.RaftClientImpl.handleIOException(RaftClientImpl.java:372)
	at org.apache.ratis.client.impl.OrderedAsync.lambda$sendRequest$10(OrderedAsync.java:236)
	at java.util.concurrent.CompletableFuture.uniExceptionally(CompletableFuture.java:870)
	at java.util.concurrent.CompletableFuture$UniExceptionally.tryFire(CompletableFuture.java:852)
	at java.util.concurrent.CompletableFuture.postComplete(CompletableFuture.java:474)
	at java.util.concurrent.CompletableFuture.completeExceptionally(CompletableFuture.java:1977)
	at org.apache.ratis.grpc.client.GrpcClientProtocolClient$AsyncStreamObservers.lambda$timeoutCheck$3(GrpcClientProtocolClient.java:324)
	at java.util.Optional.ifPresent(Optional.java:159)
	at org.apache.ratis.grpc.client.GrpcClientProtocolClient$AsyncStreamObservers.handleReplyFuture(GrpcClientProtocolClient.java:329)
	at org.apache.ratis.grpc.client.GrpcClientProtocolClient$AsyncStreamObservers.timeoutCheck(GrpcClientProtocolClient.java:324)
	at org.apache.ratis.grpc.client.GrpcClientProtocolClient$AsyncStreamObservers.lambda$onNext$1(GrpcClientProtocolClient.java:318)
	at org.apache.ratis.util.TimeoutScheduler.lambda$onTimeout$0(TimeoutScheduler.java:113)
	at org.apache.ratis.util.TimeoutScheduler.lambda$onTimeout$1(TimeoutScheduler.java:133)
	at org.apache.ratis.util.LogUtils.runAndLog(LogUtils.java:50)
	at org.apache.ratis.util.LogUtils$1.run(LogUtils.java:91)
	at java.util.concurrent.Executors$RunnableAdapter.call(Executors.java:511)
	at java.util.concurrent.FutureTask.run(FutureTask.java:266)
	at java.util.concurrent.ScheduledThreadPoolExecutor$ScheduledFutureTask.access$201(ScheduledThreadPoolExecutor.java:180)
	at java.util.concurrent.ScheduledThreadPoolExecutor$ScheduledFutureTask.run(ScheduledThreadPoolExecutor.java:293)
	at java.util.concurrent.ThreadPoolExecutor.runWorker(ThreadPoolExecutor.java:1149)
	at java.util.concurrent.ThreadPoolExecutor$Worker.run(ThreadPoolExecutor.java:624)
	at java.lang.Thread.run(Thread.java:748)
2019-10-10 01:22:47,258 [java.util.concurrent.ThreadPoolExecutor$Worker@3d926157[State = -1, empty queue]] WARN  util.TimeoutScheduler (LogUtils.java:runAndLog(55)) - Failed to task #0: java.lang.NullPointerException
 0.00% |█                                                                                                    |  0/1 Time: 0:06:53 0.00% |█                                                                                                    |  0/1 Time: 0:06:54 0.00% |█                                                                                                    |  0/1 Time: 0:06:55 0.00% |█                                                                                                    |  0/1 Time: 0:06:562019-10-10 01:22:51,294 [java.util.concurrent.ThreadPoolExecutor$Worker@269fd3b1[State = -1, empty queue]] ERROR client.GrpcClientProtocolClient (GrpcClientProtocolClient.java:close(148)) - Unexpected exception while waiting for channel termination
java.lang.InterruptedException
	at java.util.concurrent.locks.AbstractQueuedSynchronizer.tryAcquireSharedNanos(AbstractQueuedSynchronizer.java:1326)
	at java.util.concurrent.CountDownLatch.await(CountDownLatch.java:277)
	at org.apache.ratis.thirdparty.io.grpc.internal.ManagedChannelImpl.awaitTermination(ManagedChannelImpl.java:763)
	at org.apache.ratis.thirdparty.io.grpc.internal.ForwardingManagedChannel.awaitTermination(ForwardingManagedChannel.java:57)
	at org.apache.ratis.thirdparty.io.grpc.internal.ManagedChannelOrphanWrapper.awaitTermination(ManagedChannelOrphanWrapper.java:70)
	at org.apache.ratis.grpc.client.GrpcClientProtocolClient.close(GrpcClientProtocolClient.java:146)
	at org.apache.ratis.util.PeerProxyMap$PeerAndProxy.lambda$close$1(PeerProxyMap.java:74)
	at org.apache.ratis.util.LifeCycle.lambda$checkStateAndClose$2(LifeCycle.java:231)
	at org.apache.ratis.util.LifeCycle.checkStateAndClose(LifeCycle.java:251)
	at org.apache.ratis.util.LifeCycle.checkStateAndClose(LifeCycle.java:229)
	at org.apache.ratis.util.PeerProxyMap$PeerAndProxy.close(PeerProxyMap.java:70)
	at org.apache.ratis.util.PeerProxyMap.resetProxy(PeerProxyMap.java:127)
	at org.apache.ratis.util.PeerProxyMap.handleException(PeerProxyMap.java:136)
	at org.apache.ratis.client.impl.RaftClientRpcWithProxy.handleException(RaftClientRpcWithProxy.java:47)
	at org.apache.ratis.client.impl.RaftClientImpl.handleIOException(RaftClientImpl.java:372)
	at org.apache.ratis.client.impl.OrderedAsync.lambda$sendRequest$10(OrderedAsync.java:236)
	at java.util.concurrent.CompletableFuture.uniExceptionally(CompletableFuture.java:870)
	at java.util.concurrent.CompletableFuture$UniExceptionally.tryFire(CompletableFuture.java:852)
	at java.util.concurrent.CompletableFuture.postComplete(CompletableFuture.java:474)
	at java.util.concurrent.CompletableFuture.completeExceptionally(CompletableFuture.java:1977)
	at org.apache.ratis.grpc.client.GrpcClientProtocolClient$AsyncStreamObservers.lambda$timeoutCheck$3(GrpcClientProtocolClient.java:324)
	at java.util.Optional.ifPresent(Optional.java:159)
	at org.apache.ratis.grpc.client.GrpcClientProtocolClient$AsyncStreamObservers.handleReplyFuture(GrpcClientProtocolClient.java:329)
	at org.apache.ratis.grpc.client.GrpcClientProtocolClient$AsyncStreamObservers.timeoutCheck(GrpcClientProtocolClient.java:324)
	at org.apache.ratis.grpc.client.GrpcClientProtocolClient$AsyncStreamObservers.lambda$onNext$1(GrpcClientProtocolClient.java:318)
	at org.apache.ratis.util.TimeoutScheduler.lambda$onTimeout$0(TimeoutScheduler.java:113)
	at org.apache.ratis.util.TimeoutScheduler.lambda$onTimeout$1(TimeoutScheduler.java:133)
	at org.apache.ratis.util.LogUtils.runAndLog(LogUtils.java:50)
	at org.apache.ratis.util.LogUtils$1.run(LogUtils.java:91)
	at java.util.concurrent.Executors$RunnableAdapter.call(Executors.java:511)
	at java.util.concurrent.FutureTask.run(FutureTask.java:266)
	at java.util.concurrent.ScheduledThreadPoolExecutor$ScheduledFutureTask.access$201(ScheduledThreadPoolExecutor.java:180)
	at java.util.concurrent.ScheduledThreadPoolExecutor$ScheduledFutureTask.run(ScheduledThreadPoolExecutor.java:293)
	at java.util.concurrent.ThreadPoolExecutor.runWorker(ThreadPoolExecutor.java:1149)
	at java.util.concurrent.ThreadPoolExecutor$Worker.run(ThreadPoolExecutor.java:624)
	at java.lang.Thread.run(Thread.java:748)
2019-10-10 01:22:51,297 [java.util.concurrent.ThreadPoolExecutor$Worker@269fd3b1[State = -1, empty queue]] WARN  util.TimeoutScheduler (LogUtils.java:runAndLog(55)) - Failed to task #0: java.lang.NullPointerException
 0.00% |█                                                                                                    |  0/1 Time: 0:06:57 0.00% |█                                                                                                    |  0/1 Time: 0:06:58 0.00% |█                                                                                                    |  0/1 Time: 0:06:59 0.00% |█                                                                                                    |  0/1 Time: 0:07:002019-10-10 01:22:55,339 [java.util.concurrent.ThreadPoolExecutor$Worker@27f85107[State = -1, empty queue]] ERROR client.GrpcClientProtocolClient (GrpcClientProtocolClient.java:close(148)) - Unexpected exception while waiting for channel termination
java.lang.InterruptedException
	at java.util.concurrent.locks.AbstractQueuedSynchronizer.tryAcquireSharedNanos(AbstractQueuedSynchronizer.java:1326)
	at java.util.concurrent.CountDownLatch.await(CountDownLatch.java:277)
	at org.apache.ratis.thirdparty.io.grpc.internal.ManagedChannelImpl.awaitTermination(ManagedChannelImpl.java:763)
	at org.apache.ratis.thirdparty.io.grpc.internal.ForwardingManagedChannel.awaitTermination(ForwardingManagedChannel.java:57)
	at org.apache.ratis.thirdparty.io.grpc.internal.ManagedChannelOrphanWrapper.awaitTermination(ManagedChannelOrphanWrapper.java:70)
	at org.apache.ratis.grpc.client.GrpcClientProtocolClient.close(GrpcClientProtocolClient.java:146)
	at org.apache.ratis.util.PeerProxyMap$PeerAndProxy.lambda$close$1(PeerProxyMap.java:74)
	at org.apache.ratis.util.LifeCycle.lambda$checkStateAndClose$2(LifeCycle.java:231)
	at org.apache.ratis.util.LifeCycle.checkStateAndClose(LifeCycle.java:251)
	at org.apache.ratis.util.LifeCycle.checkStateAndClose(LifeCycle.java:229)
	at org.apache.ratis.util.PeerProxyMap$PeerAndProxy.close(PeerProxyMap.java:70)
	at org.apache.ratis.util.PeerProxyMap.resetProxy(PeerProxyMap.java:127)
	at org.apache.ratis.util.PeerProxyMap.handleException(PeerProxyMap.java:136)
	at org.apache.ratis.client.impl.RaftClientRpcWithProxy.handleException(RaftClientRpcWithProxy.java:47)
	at org.apache.ratis.client.impl.RaftClientImpl.handleIOException(RaftClientImpl.java:372)
	at org.apache.ratis.client.impl.OrderedAsync.lambda$sendRequest$10(OrderedAsync.java:236)
	at java.util.concurrent.CompletableFuture.uniExceptionally(CompletableFuture.java:870)
	at java.util.concurrent.CompletableFuture$UniExceptionally.tryFire(CompletableFuture.java:852)
	at java.util.concurrent.CompletableFuture.postComplete(CompletableFuture.java:474)
	at java.util.concurrent.CompletableFuture.completeExceptionally(CompletableFuture.java:1977)
	at org.apache.ratis.grpc.client.GrpcClientProtocolClient$AsyncStreamObservers.lambda$timeoutCheck$3(GrpcClientProtocolClient.java:324)
	at java.util.Optional.ifPresent(Optional.java:159)
	at org.apache.ratis.grpc.client.GrpcClientProtocolClient$AsyncStreamObservers.handleReplyFuture(GrpcClientProtocolClient.java:329)
	at org.apache.ratis.grpc.client.GrpcClientProtocolClient$AsyncStreamObservers.timeoutCheck(GrpcClientProtocolClient.java:324)
	at org.apache.ratis.grpc.client.GrpcClientProtocolClient$AsyncStreamObservers.lambda$onNext$1(GrpcClientProtocolClient.java:318)
	at org.apache.ratis.util.TimeoutScheduler.lambda$onTimeout$0(TimeoutScheduler.java:113)
	at org.apache.ratis.util.TimeoutScheduler.lambda$onTimeout$1(TimeoutScheduler.java:133)
	at org.apache.ratis.util.LogUtils.runAndLog(LogUtils.java:50)
	at org.apache.ratis.util.LogUtils$1.run(LogUtils.java:91)
	at java.util.concurrent.Executors$RunnableAdapter.call(Executors.java:511)
	at java.util.concurrent.FutureTask.run(FutureTask.java:266)
	at java.util.concurrent.ScheduledThreadPoolExecutor$ScheduledFutureTask.access$201(ScheduledThreadPoolExecutor.java:180)
	at java.util.concurrent.ScheduledThreadPoolExecutor$ScheduledFutureTask.run(ScheduledThreadPoolExecutor.java:293)
	at java.util.concurrent.ThreadPoolExecutor.runWorker(ThreadPoolExecutor.java:1149)
	at java.util.concurrent.ThreadPoolExecutor$Worker.run(ThreadPoolExecutor.java:624)
	at java.lang.Thread.run(Thread.java:748)
2019-10-10 01:22:55,353 [java.util.concurrent.ThreadPoolExecutor$Worker@27f85107[State = -1, empty queue]] WARN  util.TimeoutScheduler (LogUtils.java:runAndLog(55)) - Failed to task #0: java.lang.NullPointerException
 0.00% |█                                                                                                    |  0/1 Time: 0:07:01 0.00% |█                                                                                                    |  0/1 Time: 0:07:02 0.00% |█                                                                                                    |  0/1 Time: 0:07:032019-10-10 01:22:57,961 [grpc-default-executor-15] INFO  impl.RaftServerProxy (RaftServerProxy.java:remove(95)) - 4b92f2f8-e489-47a4-a90a-1d3fa2a9a07f: remove    LEADER 4b92f2f8-e489-47a4-a90a-1d3fa2a9a07f@group-0525ECB86D9C:t1, leader=4b92f2f8-e489-47a4-a90a-1d3fa2a9a07f, voted=4b92f2f8-e489-47a4-a90a-1d3fa2a9a07f, raftlog=4b92f2f8-e489-47a4-a90a-1d3fa2a9a07f@group-0525ECB86D9C-SegmentedRaftLog:OPENED:c0,f0,i2, conf=0: [4b92f2f8-e489-47a4-a90a-1d3fa2a9a07f:192.168.151.118:35849, 993817e1-c77a-472e-865f-a6e34ffe7967:192.168.151.118:41261, fe8e0d95-22db-4b8a-875e-83bee4d716fb:192.168.151.118:34352], old=null RUNNING
2019-10-10 01:22:57,962 [grpc-default-executor-15] INFO  impl.RaftServerImpl (RaftServerImpl.java:lambda$shutdown$3(247)) - 4b92f2f8-e489-47a4-a90a-1d3fa2a9a07f@group-0525ECB86D9C: shutdown
2019-10-10 01:22:57,962 [grpc-default-executor-15] INFO  util.JmxRegister (JmxRegister.java:unregister(73)) - Successfully un-registered JMX Bean with object name Ratis:service=RaftServer,group=group-0525ECB86D9C,id=4b92f2f8-e489-47a4-a90a-1d3fa2a9a07f
2019-10-10 01:22:57,962 [grpc-default-executor-15] INFO  impl.RoleInfo (RoleInfo.java:shutdownLeaderState(104)) - 4b92f2f8-e489-47a4-a90a-1d3fa2a9a07f: shutdown LeaderState
2019-10-10 01:22:57,965 [grpc-default-executor-15] INFO  impl.PendingRequests (PendingRequests.java:sendNotLeaderResponses(202)) - 4b92f2f8-e489-47a4-a90a-1d3fa2a9a07f@group-0525ECB86D9C-PendingRequests: sendNotLeaderResponses
2019-10-10 01:22:57,965 [org.apache.ratis.server.impl.LogAppender$AppenderDaemon$$Lambda$531/757553893@7a57a1c] WARN  server.GrpcLogAppender (GrpcLogAppender.java:mayWait(143)) - 4b92f2f8-e489-47a4-a90a-1d3fa2a9a07f@group-0525ECB86D9C->fe8e0d95-22db-4b8a-875e-83bee4d716fb-GrpcLogAppender: Wait interrupted by java.lang.InterruptedException
2019-10-10 01:22:57,965 [org.apache.ratis.server.impl.LogAppender$AppenderDaemon$$Lambda$531/757553893@5ec3e6b9] WARN  server.GrpcLogAppender (GrpcLogAppender.java:mayWait(143)) - 4b92f2f8-e489-47a4-a90a-1d3fa2a9a07f@group-0525ECB86D9C->993817e1-c77a-472e-865f-a6e34ffe7967-GrpcLogAppender: Wait interrupted by java.lang.InterruptedException
2019-10-10 01:22:57,968 [grpc-default-executor-10] INFO  server.GrpcServerProtocolService (GrpcServerProtocolService.java:onCompleted(113)) - fe8e0d95-22db-4b8a-875e-83bee4d716fb: Completed APPEND_ENTRIES, lastRequest: 4b92f2f8-e489-47a4-a90a-1d3fa2a9a07f->fe8e0d95-22db-4b8a-875e-83bee4d716fb#29-t1, previous=(t:1, i:2), leaderCommit=0, initializing? false, entries: <empty>
2019-10-10 01:22:57,968 [grpc-default-executor-9] INFO  server.GrpcServerProtocolService (GrpcServerProtocolService.java:onCompleted(113)) - 993817e1-c77a-472e-865f-a6e34ffe7967: Completed APPEND_ENTRIES, lastRequest: 4b92f2f8-e489-47a4-a90a-1d3fa2a9a07f->993817e1-c77a-472e-865f-a6e34ffe7967#29-t1, previous=(t:1, i:2), leaderCommit=0, initializing? false, entries: <empty>
2019-10-10 01:22:57,973 [grpc-default-executor-15] INFO  impl.StateMachineUpdater (StateMachineUpdater.java:stopAndJoin(136)) - 4b92f2f8-e489-47a4-a90a-1d3fa2a9a07f@group-0525ECB86D9C-StateMachineUpdater: set stopIndex = 0
2019-10-10 01:22:57,973 [grpc-default-executor-10] INFO  server.GrpcLogAppender (GrpcLogAppender.java:onCompleted(293)) - 4b92f2f8-e489-47a4-a90a-1d3fa2a9a07f@group-0525ECB86D9C->fe8e0d95-22db-4b8a-875e-83bee4d716fb-AppendLogResponseHandler: follower responses appendEntries COMPLETED
2019-10-10 01:22:57,976 [grpc-default-executor-15] INFO  impl.RaftServerImpl (ServerState.java:close(387)) - 4b92f2f8-e489-47a4-a90a-1d3fa2a9a07f@group-0525ECB86D9C: closes. applyIndex: 0
2019-10-10 01:22:57,983 [grpc-default-executor-10] INFO  impl.FollowerInfo (FollowerInfo.java:lambda$new$0(51)) - 4b92f2f8-e489-47a4-a90a-1d3fa2a9a07f@group-0525ECB86D9C->fe8e0d95-22db-4b8a-875e-83bee4d716fb: nextIndex: updateUnconditionally 3 -> 2
2019-10-10 01:22:57,993 [4b92f2f8-e489-47a4-a90a-1d3fa2a9a07f@group-0525ECB86D9C-SegmentedRaftLogWorker] INFO  segmented.SegmentedRaftLogWorker (SegmentedRaftLogWorker.java:run(316)) - 4b92f2f8-e489-47a4-a90a-1d3fa2a9a07f@group-0525ECB86D9C-SegmentedRaftLogWorker was interrupted, exiting. There are 0 tasks remaining in the queue.
2019-10-10 01:22:57,993 [grpc-default-executor-10] INFO  server.GrpcLogAppender (GrpcLogAppender.java:onCompleted(293)) - 4b92f2f8-e489-47a4-a90a-1d3fa2a9a07f@group-0525ECB86D9C->993817e1-c77a-472e-865f-a6e34ffe7967-AppendLogResponseHandler: follower responses appendEntries COMPLETED
2019-10-10 01:22:57,995 [grpc-default-executor-15] INFO  segmented.SegmentedRaftLogWorker (SegmentedRaftLogWorker.java:close(224)) - 4b92f2f8-e489-47a4-a90a-1d3fa2a9a07f@group-0525ECB86D9C-SegmentedRaftLogWorker close()
2019-10-10 01:22:58,000 [grpc-default-executor-10] INFO  impl.FollowerInfo (FollowerInfo.java:lambda$new$0(51)) - 4b92f2f8-e489-47a4-a90a-1d3fa2a9a07f@group-0525ECB86D9C->993817e1-c77a-472e-865f-a6e34ffe7967: nextIndex: updateUnconditionally 3 -> 2
2019-10-10 01:22:58,007 [grpc-default-executor-15] INFO  impl.RaftServerProxy (RaftServerProxy.java:remove(95)) - fe8e0d95-22db-4b8a-875e-83bee4d716fb: remove  FOLLOWER fe8e0d95-22db-4b8a-875e-83bee4d716fb@group-0525ECB86D9C:t1, leader=4b92f2f8-e489-47a4-a90a-1d3fa2a9a07f, voted=4b92f2f8-e489-47a4-a90a-1d3fa2a9a07f, raftlog=fe8e0d95-22db-4b8a-875e-83bee4d716fb@group-0525ECB86D9C-SegmentedRaftLog:OPENED:c0,f2,i2, conf=0: [4b92f2f8-e489-47a4-a90a-1d3fa2a9a07f:192.168.151.118:35849, 993817e1-c77a-472e-865f-a6e34ffe7967:192.168.151.118:41261, fe8e0d95-22db-4b8a-875e-83bee4d716fb:192.168.151.118:34352], old=null RUNNING
2019-10-10 01:22:58,007 [grpc-default-executor-15] INFO  impl.RaftServerImpl (RaftServerImpl.java:lambda$shutdown$3(247)) - fe8e0d95-22db-4b8a-875e-83bee4d716fb@group-0525ECB86D9C: shutdown
2019-10-10 01:22:58,007 [grpc-default-executor-15] INFO  util.JmxRegister (JmxRegister.java:unregister(73)) - Successfully un-registered JMX Bean with object name Ratis:service=RaftServer,group=group-0525ECB86D9C,id=fe8e0d95-22db-4b8a-875e-83bee4d716fb
2019-10-10 01:22:58,007 [grpc-default-executor-15] INFO  impl.RoleInfo (RoleInfo.java:shutdownFollowerState(121)) - fe8e0d95-22db-4b8a-875e-83bee4d716fb: shutdown FollowerState
2019-10-10 01:22:58,007 [grpc-default-executor-15] INFO  impl.StateMachineUpdater (StateMachineUpdater.java:stopAndJoin(136)) - fe8e0d95-22db-4b8a-875e-83bee4d716fb@group-0525ECB86D9C-StateMachineUpdater: set stopIndex = 0
2019-10-10 01:22:58,007 [Thread-1089] INFO  impl.FollowerState (FollowerState.java:run(117)) - fe8e0d95-22db-4b8a-875e-83bee4d716fb@group-0525ECB86D9C-FollowerState was interrupted: java.lang.InterruptedException: sleep interrupted
2019-10-10 01:22:58,010 [grpc-default-executor-15] INFO  impl.RaftServerImpl (ServerState.java:close(387)) - fe8e0d95-22db-4b8a-875e-83bee4d716fb@group-0525ECB86D9C: closes. applyIndex: 0
2019-10-10 01:22:58,011 [fe8e0d95-22db-4b8a-875e-83bee4d716fb@group-0525ECB86D9C-SegmentedRaftLogWorker] INFO  segmented.SegmentedRaftLogWorker (SegmentedRaftLogWorker.java:run(316)) - fe8e0d95-22db-4b8a-875e-83bee4d716fb@group-0525ECB86D9C-SegmentedRaftLogWorker was interrupted, exiting. There are 0 tasks remaining in the queue.
2019-10-10 01:22:58,012 [grpc-default-executor-15] INFO  segmented.SegmentedRaftLogWorker (SegmentedRaftLogWorker.java:close(224)) - fe8e0d95-22db-4b8a-875e-83bee4d716fb@group-0525ECB86D9C-SegmentedRaftLogWorker close()
2019-10-10 01:22:58,080 [grpc-default-executor-15] INFO  interfaces.Container (KeyValueContainer.java:flushAndSyncDB(386)) - Container 8 is synced with bcsId 0.
2019-10-10 01:22:58,080 [grpc-default-executor-15] INFO  interfaces.Container (KeyValueContainer.java:flushAndSyncDB(386)) - Container 8 is synced with bcsId 0.
2019-10-10 01:22:58,098 [EventQueue-IncrementalContainerReportForIncrementalContainerReportHandler] INFO  container.IncrementalContainerReportHandler (AbstractContainerReportHandler.java:updateContainerState(171)) - Moving container #8 to QUASI_CLOSED state, datanode fe8e0d95-22db-4b8a-875e-83bee4d716fb{ip: 192.168.151.118, host: pr-hdds-2194-jqrdw-3579824535, networkLocation: /default-rack, certSerialId: null} reported QUASI_CLOSED replica.
2019-10-10 01:22:58,104 [grpc-default-executor-15] INFO  impl.RaftServerProxy (RaftServerProxy.java:remove(95)) - 993817e1-c77a-472e-865f-a6e34ffe7967: remove  FOLLOWER 993817e1-c77a-472e-865f-a6e34ffe7967@group-0525ECB86D9C:t1, leader=4b92f2f8-e489-47a4-a90a-1d3fa2a9a07f, voted=4b92f2f8-e489-47a4-a90a-1d3fa2a9a07f, raftlog=993817e1-c77a-472e-865f-a6e34ffe7967@group-0525ECB86D9C-SegmentedRaftLog:OPENED:c0,f2,i2, conf=0: [4b92f2f8-e489-47a4-a90a-1d3fa2a9a07f:192.168.151.118:35849, 993817e1-c77a-472e-865f-a6e34ffe7967:192.168.151.118:41261, fe8e0d95-22db-4b8a-875e-83bee4d716fb:192.168.151.118:34352], old=null RUNNING
2019-10-10 01:22:58,104 [grpc-default-executor-15] INFO  impl.RaftServerImpl (RaftServerImpl.java:lambda$shutdown$3(247)) - 993817e1-c77a-472e-865f-a6e34ffe7967@group-0525ECB86D9C: shutdown
2019-10-10 01:22:58,105 [grpc-default-executor-15] INFO  util.JmxRegister (JmxRegister.java:unregister(73)) - Successfully un-registered JMX Bean with object name Ratis:service=RaftServer,group=group-0525ECB86D9C,id=993817e1-c77a-472e-865f-a6e34ffe7967
2019-10-10 01:22:58,105 [grpc-default-executor-15] INFO  impl.RoleInfo (RoleInfo.java:shutdownFollowerState(121)) - 993817e1-c77a-472e-865f-a6e34ffe7967: shutdown FollowerState
2019-10-10 01:22:58,105 [grpc-default-executor-15] INFO  impl.StateMachineUpdater (StateMachineUpdater.java:stopAndJoin(136)) - 993817e1-c77a-472e-865f-a6e34ffe7967@group-0525ECB86D9C-StateMachineUpdater: set stopIndex = 0
2019-10-10 01:22:58,105 [Thread-1088] INFO  impl.FollowerState (FollowerState.java:run(117)) - 993817e1-c77a-472e-865f-a6e34ffe7967@group-0525ECB86D9C-FollowerState was interrupted: java.lang.InterruptedException: sleep interrupted
2019-10-10 01:22:58,108 [grpc-default-executor-15] INFO  impl.RaftServerImpl (ServerState.java:close(387)) - 993817e1-c77a-472e-865f-a6e34ffe7967@group-0525ECB86D9C: closes. applyIndex: 0
2019-10-10 01:22:58,108 [993817e1-c77a-472e-865f-a6e34ffe7967@group-0525ECB86D9C-SegmentedRaftLogWorker] INFO  segmented.SegmentedRaftLogWorker (SegmentedRaftLogWorker.java:run(316)) - 993817e1-c77a-472e-865f-a6e34ffe7967@group-0525ECB86D9C-SegmentedRaftLogWorker was interrupted, exiting. There are 0 tasks remaining in the queue.
2019-10-10 01:22:58,110 [grpc-default-executor-15] INFO  segmented.SegmentedRaftLogWorker (SegmentedRaftLogWorker.java:close(224)) - 993817e1-c77a-472e-865f-a6e34ffe7967@group-0525ECB86D9C-SegmentedRaftLogWorker close()
2019-10-10 01:22:58,182 [grpc-default-executor-15] INFO  interfaces.Container (KeyValueContainer.java:flushAndSyncDB(386)) - Container 8 is synced with bcsId 0.
2019-10-10 01:22:58,182 [grpc-default-executor-15] INFO  interfaces.Container (KeyValueContainer.java:flushAndSyncDB(386)) - Container 8 is synced with bcsId 0.
2019-10-10 01:22:58,199 [RatisPipelineUtilsThread] INFO  pipeline.PipelineStateManager (PipelineStateManager.java:removePipeline(108)) - Pipeline Pipeline[ Id: b63c654d-885b-45fd-bbe8-0525ecb86d9c, Nodes: 4b92f2f8-e489-47a4-a90a-1d3fa2a9a07f{ip: 192.168.151.118, host: pr-hdds-2194-jqrdw-3579824535, networkLocation: /default-rack, certSerialId: null}fe8e0d95-22db-4b8a-875e-83bee4d716fb{ip: 192.168.151.118, host: pr-hdds-2194-jqrdw-3579824535, networkLocation: /default-rack, certSerialId: null}993817e1-c77a-472e-865f-a6e34ffe7967{ip: 192.168.151.118, host: pr-hdds-2194-jqrdw-3579824535, networkLocation: /default-rack, certSerialId: null}, Type:RATIS, Factor:THREE, State:CLOSED] removed from db
2019-10-10 01:22:58,205 [grpc-default-executor-15] INFO  impl.RaftServerProxy (RaftServerProxy.java:remove(95)) - 4b92f2f8-e489-47a4-a90a-1d3fa2a9a07f: remove group-0525ECB86D9C:null
2019-10-10 01:22:58,212 [RatisPipelineUtilsThread] WARN  pipeline.RatisPipelineUtils (RatisPipelineUtils.java:destroyPipeline(69)) - Pipeline destroy failed for pipeline=PipelineID=b63c654d-885b-45fd-bbe8-0525ecb86d9c dn=4b92f2f8-e489-47a4-a90a-1d3fa2a9a07f{ip: 192.168.151.118, host: pr-hdds-2194-jqrdw-3579824535, networkLocation: /default-rack, certSerialId: null}
2019-10-10 01:22:58,218 [grpc-default-executor-15] INFO  impl.RaftServerProxy (RaftServerProxy.java:remove(95)) - fe8e0d95-22db-4b8a-875e-83bee4d716fb: remove group-0525ECB86D9C:null
2019-10-10 01:22:58,223 [RatisPipelineUtilsThread] WARN  pipeline.RatisPipelineUtils (RatisPipelineUtils.java:destroyPipeline(69)) - Pipeline destroy failed for pipeline=PipelineID=b63c654d-885b-45fd-bbe8-0525ecb86d9c dn=fe8e0d95-22db-4b8a-875e-83bee4d716fb{ip: 192.168.151.118, host: pr-hdds-2194-jqrdw-3579824535, networkLocation: /default-rack, certSerialId: null}
2019-10-10 01:22:58,227 [grpc-default-executor-15] INFO  impl.RaftServerProxy (RaftServerProxy.java:remove(95)) - 993817e1-c77a-472e-865f-a6e34ffe7967: remove group-0525ECB86D9C:null
2019-10-10 01:22:58,236 [RatisPipelineUtilsThread] WARN  pipeline.RatisPipelineUtils (RatisPipelineUtils.java:destroyPipeline(69)) - Pipeline destroy failed for pipeline=PipelineID=b63c654d-885b-45fd-bbe8-0525ecb86d9c dn=993817e1-c77a-472e-865f-a6e34ffe7967{ip: 192.168.151.118, host: pr-hdds-2194-jqrdw-3579824535, networkLocation: /default-rack, certSerialId: null}
2019-10-10 01:22:58,237 [RatisPipelineUtilsThread] ERROR pipeline.SCMPipelineManager (Scheduler.java:lambda$schedule$1(70)) - Destroy pipeline failed for pipeline:Pipeline[ Id: b63c654d-885b-45fd-bbe8-0525ecb86d9c, Nodes: 4b92f2f8-e489-47a4-a90a-1d3fa2a9a07f{ip: 192.168.151.118, host: pr-hdds-2194-jqrdw-3579824535, networkLocation: /default-rack, certSerialId: null}fe8e0d95-22db-4b8a-875e-83bee4d716fb{ip: 192.168.151.118, host: pr-hdds-2194-jqrdw-3579824535, networkLocation: /default-rack, certSerialId: null}993817e1-c77a-472e-865f-a6e34ffe7967{ip: 192.168.151.118, host: pr-hdds-2194-jqrdw-3579824535, networkLocation: /default-rack, certSerialId: null}, Type:RATIS, Factor:THREE, State:CLOSED]
org.apache.hadoop.hdds.scm.pipeline.PipelineNotFoundException: PipelineID=b63c654d-885b-45fd-bbe8-0525ecb86d9c not found
	at org.apache.hadoop.hdds.scm.pipeline.PipelineStateMap.getPipeline(PipelineStateMap.java:132)
	at org.apache.hadoop.hdds.scm.pipeline.PipelineStateMap.removePipeline(PipelineStateMap.java:322)
	at org.apache.hadoop.hdds.scm.pipeline.PipelineStateManager.removePipeline(PipelineStateManager.java:107)
	at org.apache.hadoop.hdds.scm.pipeline.SCMPipelineManager.removePipeline(SCMPipelineManager.java:427)
	at org.apache.hadoop.hdds.scm.pipeline.SCMPipelineManager.destroyPipeline(SCMPipelineManager.java:413)
	at org.apache.hadoop.hdds.scm.pipeline.SCMPipelineManager.lambda$finalizeAndDestroyPipeline$0(SCMPipelineManager.java:322)
	at org.apache.hadoop.hdds.utils.Scheduler.lambda$schedule$1(Scheduler.java:68)
	at java.util.concurrent.Executors$RunnableAdapter.call(Executors.java:511)
	at java.util.concurrent.FutureTask.run(FutureTask.java:266)
	at java.util.concurrent.ScheduledThreadPoolExecutor$ScheduledFutureTask.access$201(ScheduledThreadPoolExecutor.java:180)
	at java.util.concurrent.ScheduledThreadPoolExecutor$ScheduledFutureTask.run(ScheduledThreadPoolExecutor.java:293)
	at java.util.concurrent.ThreadPoolExecutor.runWorker(ThreadPoolExecutor.java:1149)
	at java.util.concurrent.ThreadPoolExecutor$Worker.run(ThreadPoolExecutor.java:624)
	at java.lang.Thread.run(Thread.java:748)
 0.00% |█                                                                                                    |  0/1 Time: 0:07:042019-10-10 01:22:59,025 [pool-73-thread-3] WARN  io.KeyOutputStream (KeyOutputStream.java:handleException(274)) - Encountered exception java.io.IOException: Unexpected Storage Container Exception: java.util.concurrent.CompletionException: java.util.concurrent.CompletionException: org.apache.ratis.protocol.GroupMismatchException: 993817e1-c77a-472e-865f-a6e34ffe7967: group-0525ECB86D9C not found. on the pipeline Pipeline[ Id: b63c654d-885b-45fd-bbe8-0525ecb86d9c, Nodes: 4b92f2f8-e489-47a4-a90a-1d3fa2a9a07f{ip: 192.168.151.118, host: pr-hdds-2194-jqrdw-3579824535, networkLocation: /default-rack, certSerialId: null}fe8e0d95-22db-4b8a-875e-83bee4d716fb{ip: 192.168.151.118, host: pr-hdds-2194-jqrdw-3579824535, networkLocation: /default-rack, certSerialId: null}993817e1-c77a-472e-865f-a6e34ffe7967{ip: 192.168.151.118, host: pr-hdds-2194-jqrdw-3579824535, networkLocation: /default-rack, certSerialId: null}, Type:RATIS, Factor:THREE, State:OPEN]. The last committed block length is 0, uncommitted data length is 2097152 retry count 5
2019-10-10 01:22:59,249 [pool-26-thread-7] ERROR impl.ChunkManagerImpl (ChunkManagerDummyImpl.java:writeChunk(86)) - data array does not match the length specified. DataLen: 1048576 Byte Array: 1048749
2019-10-10 01:22:59,252 [pool-26-thread-7] ERROR impl.ChunkManagerDummyImpl (ChunkManagerDummyImpl.java:writeChunk(105)) - write data failed. error: {}
org.apache.hadoop.hdds.scm.container.common.helpers.StorageContainerException: data array does not match the length specified. DataLen: 1048576 Byte Array: 1048749
	at org.apache.hadoop.ozone.container.keyvalue.impl.ChunkManagerDummyImpl.writeChunk(ChunkManagerDummyImpl.java:87)
	at org.apache.hadoop.ozone.container.keyvalue.KeyValueHandler.handleWriteChunk(KeyValueHandler.java:696)
	at org.apache.hadoop.ozone.container.keyvalue.KeyValueHandler.handle(KeyValueHandler.java:176)
	at org.apache.hadoop.ozone.container.common.impl.HddsDispatcher.dispatchRequest(HddsDispatcher.java:277)
	at org.apache.hadoop.ozone.container.common.impl.HddsDispatcher.dispatch(HddsDispatcher.java:150)
	at org.apache.hadoop.ozone.container.common.transport.server.ratis.ContainerStateMachine.dispatchCommand(ContainerStateMachine.java:413)
	at org.apache.hadoop.ozone.container.common.transport.server.ratis.ContainerStateMachine.runCommand(ContainerStateMachine.java:423)
	at org.apache.hadoop.ozone.container.common.transport.server.ratis.ContainerStateMachine.lambda$handleWriteChunk$1(ContainerStateMachine.java:458)
	at java.util.concurrent.CompletableFuture$AsyncSupply.run(CompletableFuture.java:1590)
	at java.util.concurrent.ThreadPoolExecutor.runWorker(ThreadPoolExecutor.java:1149)
	at java.util.concurrent.ThreadPoolExecutor$Worker.run(ThreadPoolExecutor.java:624)
	at java.lang.Thread.run(Thread.java:748)
2019-10-10 01:22:59,253 [pool-26-thread-7] INFO  keyvalue.KeyValueHandler (ContainerUtils.java:logAndReturnError(146)) - Operation: WriteChunk : Trace ID: a21490a0e8815135:c6ebb44f991bb589:3460afdd42d0416b:0 : Message: Internal error:  : Result: CONTAINER_INTERNAL_ERROR
2019-10-10 01:22:59,277 [EventQueue-IncrementalContainerReportForIncrementalContainerReportHandler] WARN  container.IncrementalContainerReportHandler (AbstractContainerReportHandler.java:updateContainerState(145)) - Container #9 is in OPEN state, but the datanode 993817e1-c77a-472e-865f-a6e34ffe7967{ip: 192.168.151.118, host: pr-hdds-2194-jqrdw-3579824535, networkLocation: /default-rack, certSerialId: null} reports an UNHEALTHY replica.
2019-10-10 01:22:59,279 [EventQueue-CloseContainerForCloseContainerEventHandler] INFO  container.CloseContainerEventHandler (CloseContainerEventHandler.java:onMessage(61)) - Close container Event triggered for container : #9
01:22:59.276 [pool-26-thread-7] ERROR DNAudit - user=null | ip=null | op=WRITE_CHUNK {blockData=conID: 9 locID: 102935467068948491 bcsId: 0} | ret=FAILURE
java.lang.Exception: Internal error: 
	at org.apache.hadoop.ozone.container.common.impl.HddsDispatcher.dispatchRequest(HddsDispatcher.java:332) ~[hadoop-hdds-container-service-0.5.0-SNAPSHOT.jar:?]
	at org.apache.hadoop.ozone.container.common.impl.HddsDispatcher.dispatch(HddsDispatcher.java:150) ~[hadoop-hdds-container-service-0.5.0-SNAPSHOT.jar:?]
	at org.apache.hadoop.ozone.container.common.transport.server.ratis.ContainerStateMachine.dispatchCommand(ContainerStateMachine.java:413) ~[hadoop-hdds-container-service-0.5.0-SNAPSHOT.jar:?]
	at org.apache.hadoop.ozone.container.common.transport.server.ratis.ContainerStateMachine.runCommand(ContainerStateMachine.java:423) ~[hadoop-hdds-container-service-0.5.0-SNAPSHOT.jar:?]
	at org.apache.hadoop.ozone.container.common.transport.server.ratis.ContainerStateMachine.lambda$handleWriteChunk$1(ContainerStateMachine.java:458) ~[hadoop-hdds-container-service-0.5.0-SNAPSHOT.jar:?]
	at java.util.concurrent.CompletableFuture$AsyncSupply.run(CompletableFuture.java:1590) [?:1.8.0_212]
	at java.util.concurrent.ThreadPoolExecutor.runWorker(ThreadPoolExecutor.java:1149) [?:1.8.0_212]
	at java.util.concurrent.ThreadPoolExecutor$Worker.run(ThreadPoolExecutor.java:624) [?:1.8.0_212]
	at java.lang.Thread.run(Thread.java:748) [?:1.8.0_212]
2019-10-10 01:22:59,280 [pool-26-thread-7] ERROR ratis.ContainerStateMachine (ContainerStateMachine.java:lambda$handleWriteChunk$2(480)) - group-989BFB4B5E5C: writeChunk writeStateMachineData failed: blockIdcontainerID: 9
localID: 102935467068948491
blockCommitSequenceId: 0
 logIndex 1 chunkName 102935467068948491_chunk_1 Error message: Internal error:  Container Result: CONTAINER_INTERNAL_ERROR
2019-10-10 01:22:59,282 [993817e1-c77a-472e-865f-a6e34ffe7967@group-989BFB4B5E5C-SegmentedRaftLogWorker] ERROR ratis.XceiverServerRatis (XceiverServerRatis.java:triggerPipelineClose(582)) - pipeline Action CLOSE  on pipeline PipelineID=2b14e453-70c0-489e-9db9-989bfb4b5e5c.Reason : Internal error: 
2019-10-10 01:22:59,282 [993817e1-c77a-472e-865f-a6e34ffe7967@group-989BFB4B5E5C-SegmentedRaftLogWorker] ERROR ratis.XceiverServerRatis (XceiverServerRatis.java:triggerPipelineClose(582)) - pipeline Action CLOSE  on pipeline PipelineID=2b14e453-70c0-489e-9db9-989bfb4b5e5c.Reason : Log already failed at index 1 for task WriteLog:1: (t:1, i:1), STATEMACHINELOGENTRY, client-FADC2E0FF782, cid=83
2019-10-10 01:22:59,282 [EventQueue-PipelineActionsForPipelineActionHandler] ERROR pipeline.PipelineActionHandler (PipelineActionHandler.java:onMessage(60)) - Received pipeline action CLOSE for Pipeline[ Id: 2b14e453-70c0-489e-9db9-989bfb4b5e5c, Nodes: 4b92f2f8-e489-47a4-a90a-1d3fa2a9a07f{ip: 192.168.151.118, host: pr-hdds-2194-jqrdw-3579824535, networkLocation: /default-rack, certSerialId: null}fe8e0d95-22db-4b8a-875e-83bee4d716fb{ip: 192.168.151.118, host: pr-hdds-2194-jqrdw-3579824535, networkLocation: /default-rack, certSerialId: null}993817e1-c77a-472e-865f-a6e34ffe7967{ip: 192.168.151.118, host: pr-hdds-2194-jqrdw-3579824535, networkLocation: /default-rack, certSerialId: null}, Type:RATIS, Factor:THREE, State:OPEN] from datanode 993817e1-c77a-472e-865f-a6e34ffe7967{ip: 192.168.151.118, host: pr-hdds-2194-jqrdw-3579824535, networkLocation: /default-rack, certSerialId: null}. Reason : Internal error: 
2019-10-10 01:22:59,282 [EventQueue-PipelineActionsForPipelineActionHandler] INFO  pipeline.SCMPipelineManager (SCMPipelineManager.java:finalizeAndDestroyPipeline(315)) - destroying pipeline:Pipeline[ Id: 2b14e453-70c0-489e-9db9-989bfb4b5e5c, Nodes: 4b92f2f8-e489-47a4-a90a-1d3fa2a9a07f{ip: 192.168.151.118, host: pr-hdds-2194-jqrdw-3579824535, networkLocation: /default-rack, certSerialId: null}fe8e0d95-22db-4b8a-875e-83bee4d716fb{ip: 192.168.151.118, host: pr-hdds-2194-jqrdw-3579824535, networkLocation: /default-rack, certSerialId: null}993817e1-c77a-472e-865f-a6e34ffe7967{ip: 192.168.151.118, host: pr-hdds-2194-jqrdw-3579824535, networkLocation: /default-rack, certSerialId: null}, Type:RATIS, Factor:THREE, State:OPEN]
2019-10-10 01:22:59,282 [EventQueue-PipelineActionsForPipelineActionHandler] INFO  pipeline.PipelineStateManager (PipelineStateManager.java:finalizePipeline(123)) - Pipeline Pipeline[ Id: 2b14e453-70c0-489e-9db9-989bfb4b5e5c, Nodes: 4b92f2f8-e489-47a4-a90a-1d3fa2a9a07f{ip: 192.168.151.118, host: pr-hdds-2194-jqrdw-3579824535, networkLocation: /default-rack, certSerialId: null}fe8e0d95-22db-4b8a-875e-83bee4d716fb{ip: 192.168.151.118, host: pr-hdds-2194-jqrdw-3579824535, networkLocation: /default-rack, certSerialId: null}993817e1-c77a-472e-865f-a6e34ffe7967{ip: 192.168.151.118, host: pr-hdds-2194-jqrdw-3579824535, networkLocation: /default-rack, certSerialId: null}, Type:RATIS, Factor:THREE, State:CLOSED] moved to CLOSED state
2019-10-10 01:22:59,283 [EventQueue-PipelineActionsForPipelineActionHandler] ERROR pipeline.PipelineActionHandler (PipelineActionHandler.java:onMessage(60)) - Received pipeline action CLOSE for Pipeline[ Id: 2b14e453-70c0-489e-9db9-989bfb4b5e5c, Nodes: 4b92f2f8-e489-47a4-a90a-1d3fa2a9a07f{ip: 192.168.151.118, host: pr-hdds-2194-jqrdw-3579824535, networkLocation: /default-rack, certSerialId: null}fe8e0d95-22db-4b8a-875e-83bee4d716fb{ip: 192.168.151.118, host: pr-hdds-2194-jqrdw-3579824535, networkLocation: /default-rack, certSerialId: null}993817e1-c77a-472e-865f-a6e34ffe7967{ip: 192.168.151.118, host: pr-hdds-2194-jqrdw-3579824535, networkLocation: /default-rack, certSerialId: null}, Type:RATIS, Factor:THREE, State:CLOSED] from datanode 993817e1-c77a-472e-865f-a6e34ffe7967{ip: 192.168.151.118, host: pr-hdds-2194-jqrdw-3579824535, networkLocation: /default-rack, certSerialId: null}. Reason : Log already failed at index 1 for task WriteLog:1: (t:1, i:1), STATEMACHINELOGENTRY, client-FADC2E0FF782, cid=83
2019-10-10 01:22:59,283 [EventQueue-PipelineActionsForPipelineActionHandler] INFO  pipeline.SCMPipelineManager (SCMPipelineManager.java:finalizeAndDestroyPipeline(315)) - destroying pipeline:Pipeline[ Id: 2b14e453-70c0-489e-9db9-989bfb4b5e5c, Nodes: 4b92f2f8-e489-47a4-a90a-1d3fa2a9a07f{ip: 192.168.151.118, host: pr-hdds-2194-jqrdw-3579824535, networkLocation: /default-rack, certSerialId: null}fe8e0d95-22db-4b8a-875e-83bee4d716fb{ip: 192.168.151.118, host: pr-hdds-2194-jqrdw-3579824535, networkLocation: /default-rack, certSerialId: null}993817e1-c77a-472e-865f-a6e34ffe7967{ip: 192.168.151.118, host: pr-hdds-2194-jqrdw-3579824535, networkLocation: /default-rack, certSerialId: null}, Type:RATIS, Factor:THREE, State:CLOSED]
 0.00% |█                                                                                                    |  0/1 Time: 0:07:05 0.00% |█                                                                                                    |  0/1 Time: 0:07:06 0.00% |█                                                                                                    |  0/1 Time: 0:07:072019-10-10 01:23:02,110 [java.util.concurrent.ThreadPoolExecutor$Worker@ad0f007[State = -1, empty queue]] ERROR client.GrpcClientProtocolClient (GrpcClientProtocolClient.java:close(148)) - Unexpected exception while waiting for channel termination
java.lang.InterruptedException
	at java.util.concurrent.locks.AbstractQueuedSynchronizer.tryAcquireSharedNanos(AbstractQueuedSynchronizer.java:1326)
	at java.util.concurrent.CountDownLatch.await(CountDownLatch.java:277)
	at org.apache.ratis.thirdparty.io.grpc.internal.ManagedChannelImpl.awaitTermination(ManagedChannelImpl.java:763)
	at org.apache.ratis.thirdparty.io.grpc.internal.ForwardingManagedChannel.awaitTermination(ForwardingManagedChannel.java:57)
	at org.apache.ratis.thirdparty.io.grpc.internal.ManagedChannelOrphanWrapper.awaitTermination(ManagedChannelOrphanWrapper.java:70)
	at org.apache.ratis.grpc.client.GrpcClientProtocolClient.close(GrpcClientProtocolClient.java:146)
	at org.apache.ratis.util.PeerProxyMap$PeerAndProxy.lambda$close$1(PeerProxyMap.java:74)
	at org.apache.ratis.util.LifeCycle.lambda$checkStateAndClose$2(LifeCycle.java:231)
	at org.apache.ratis.util.LifeCycle.checkStateAndClose(LifeCycle.java:251)
	at org.apache.ratis.util.LifeCycle.checkStateAndClose(LifeCycle.java:229)
	at org.apache.ratis.util.PeerProxyMap$PeerAndProxy.close(PeerProxyMap.java:70)
	at org.apache.ratis.util.PeerProxyMap.resetProxy(PeerProxyMap.java:127)
	at org.apache.ratis.util.PeerProxyMap.handleException(PeerProxyMap.java:136)
	at org.apache.ratis.client.impl.RaftClientRpcWithProxy.handleException(RaftClientRpcWithProxy.java:47)
	at org.apache.ratis.client.impl.RaftClientImpl.handleIOException(RaftClientImpl.java:372)
	at org.apache.ratis.client.impl.OrderedAsync.lambda$sendRequest$10(OrderedAsync.java:236)
	at java.util.concurrent.CompletableFuture.uniExceptionally(CompletableFuture.java:870)
	at java.util.concurrent.CompletableFuture$UniExceptionally.tryFire(CompletableFuture.java:852)
	at java.util.concurrent.CompletableFuture.postComplete(CompletableFuture.java:474)
	at java.util.concurrent.CompletableFuture.completeExceptionally(CompletableFuture.java:1977)
	at org.apache.ratis.grpc.client.GrpcClientProtocolClient$AsyncStreamObservers.lambda$timeoutCheck$3(GrpcClientProtocolClient.java:324)
	at java.util.Optional.ifPresent(Optional.java:159)
	at org.apache.ratis.grpc.client.GrpcClientProtocolClient$AsyncStreamObservers.handleReplyFuture(GrpcClientProtocolClient.java:329)
	at org.apache.ratis.grpc.client.GrpcClientProtocolClient$AsyncStreamObservers.timeoutCheck(GrpcClientProtocolClient.java:324)
	at org.apache.ratis.grpc.client.GrpcClientProtocolClient$AsyncStreamObservers.lambda$onNext$1(GrpcClientProtocolClient.java:318)
	at org.apache.ratis.util.TimeoutScheduler.lambda$onTimeout$0(TimeoutScheduler.java:113)
	at org.apache.ratis.util.TimeoutScheduler.lambda$onTimeout$1(TimeoutScheduler.java:133)
	at org.apache.ratis.util.LogUtils.runAndLog(LogUtils.java:50)
	at org.apache.ratis.util.LogUtils$1.run(LogUtils.java:91)
	at java.util.concurrent.Executors$RunnableAdapter.call(Executors.java:511)
	at java.util.concurrent.FutureTask.run(FutureTask.java:266)
	at java.util.concurrent.ScheduledThreadPoolExecutor$ScheduledFutureTask.access$201(ScheduledThreadPoolExecutor.java:180)
	at java.util.concurrent.ScheduledThreadPoolExecutor$ScheduledFutureTask.run(ScheduledThreadPoolExecutor.java:293)
	at java.util.concurrent.ThreadPoolExecutor.runWorker(ThreadPoolExecutor.java:1149)
	at java.util.concurrent.ThreadPoolExecutor$Worker.run(ThreadPoolExecutor.java:624)
	at java.lang.Thread.run(Thread.java:748)
2019-10-10 01:23:02,113 [java.util.concurrent.ThreadPoolExecutor$Worker@ad0f007[State = -1, empty queue]] WARN  util.TimeoutScheduler (LogUtils.java:runAndLog(55)) - Failed to task #0: java.lang.NullPointerException
 0.00% |█                                                                                                    |  0/1 Time: 0:07:08 0.00% |█                                                                                                    |  0/1 Time: 0:07:09 0.00% |█                                                                                                    |  0/1 Time: 0:07:10 0.00% |█                                                                                                    |  0/1 Time: 0:07:112019-10-10 01:23:06,162 [java.util.concurrent.ThreadPoolExecutor$Worker@6eb11106[State = -1, empty queue]] ERROR client.GrpcClientProtocolClient (GrpcClientProtocolClient.java:close(148)) - Unexpected exception while waiting for channel termination
java.lang.InterruptedException
	at java.util.concurrent.locks.AbstractQueuedSynchronizer.tryAcquireSharedNanos(AbstractQueuedSynchronizer.java:1326)
	at java.util.concurrent.CountDownLatch.await(CountDownLatch.java:277)
	at org.apache.ratis.thirdparty.io.grpc.internal.ManagedChannelImpl.awaitTermination(ManagedChannelImpl.java:763)
	at org.apache.ratis.thirdparty.io.grpc.internal.ForwardingManagedChannel.awaitTermination(ForwardingManagedChannel.java:57)
	at org.apache.ratis.thirdparty.io.grpc.internal.ManagedChannelOrphanWrapper.awaitTermination(ManagedChannelOrphanWrapper.java:70)
	at org.apache.ratis.grpc.client.GrpcClientProtocolClient.close(GrpcClientProtocolClient.java:146)
	at org.apache.ratis.util.PeerProxyMap$PeerAndProxy.lambda$close$1(PeerProxyMap.java:74)
	at org.apache.ratis.util.LifeCycle.lambda$checkStateAndClose$2(LifeCycle.java:231)
	at org.apache.ratis.util.LifeCycle.checkStateAndClose(LifeCycle.java:251)
	at org.apache.ratis.util.LifeCycle.checkStateAndClose(LifeCycle.java:229)
	at org.apache.ratis.util.PeerProxyMap$PeerAndProxy.close(PeerProxyMap.java:70)
	at org.apache.ratis.util.PeerProxyMap.resetProxy(PeerProxyMap.java:127)
	at org.apache.ratis.util.PeerProxyMap.handleException(PeerProxyMap.java:136)
	at org.apache.ratis.client.impl.RaftClientRpcWithProxy.handleException(RaftClientRpcWithProxy.java:47)
	at org.apache.ratis.client.impl.RaftClientImpl.handleIOException(RaftClientImpl.java:372)
	at org.apache.ratis.client.impl.OrderedAsync.lambda$sendRequest$10(OrderedAsync.java:236)
	at java.util.concurrent.CompletableFuture.uniExceptionally(CompletableFuture.java:870)
	at java.util.concurrent.CompletableFuture$UniExceptionally.tryFire(CompletableFuture.java:852)
	at java.util.concurrent.CompletableFuture.postComplete(CompletableFuture.java:474)
	at java.util.concurrent.CompletableFuture.completeExceptionally(CompletableFuture.java:1977)
	at org.apache.ratis.grpc.client.GrpcClientProtocolClient$AsyncStreamObservers.lambda$timeoutCheck$3(GrpcClientProtocolClient.java:324)
	at java.util.Optional.ifPresent(Optional.java:159)
	at org.apache.ratis.grpc.client.GrpcClientProtocolClient$AsyncStreamObservers.handleReplyFuture(GrpcClientProtocolClient.java:329)
	at org.apache.ratis.grpc.client.GrpcClientProtocolClient$AsyncStreamObservers.timeoutCheck(GrpcClientProtocolClient.java:324)
	at org.apache.ratis.grpc.client.GrpcClientProtocolClient$AsyncStreamObservers.lambda$onNext$1(GrpcClientProtocolClient.java:318)
	at org.apache.ratis.util.TimeoutScheduler.lambda$onTimeout$0(TimeoutScheduler.java:113)
	at org.apache.ratis.util.TimeoutScheduler.lambda$onTimeout$1(TimeoutScheduler.java:133)
	at org.apache.ratis.util.LogUtils.runAndLog(LogUtils.java:50)
	at org.apache.ratis.util.LogUtils$1.run(LogUtils.java:91)
	at java.util.concurrent.Executors$RunnableAdapter.call(Executors.java:511)
	at java.util.concurrent.FutureTask.run(FutureTask.java:266)
	at java.util.concurrent.ScheduledThreadPoolExecutor$ScheduledFutureTask.access$201(ScheduledThreadPoolExecutor.java:180)
	at java.util.concurrent.ScheduledThreadPoolExecutor$ScheduledFutureTask.run(ScheduledThreadPoolExecutor.java:293)
	at java.util.concurrent.ThreadPoolExecutor.runWorker(ThreadPoolExecutor.java:1149)
	at java.util.concurrent.ThreadPoolExecutor$Worker.run(ThreadPoolExecutor.java:624)
	at java.lang.Thread.run(Thread.java:748)
2019-10-10 01:23:06,169 [java.util.concurrent.ThreadPoolExecutor$Worker@6eb11106[State = -1, empty queue]] WARN  util.TimeoutScheduler (LogUtils.java:runAndLog(55)) - Failed to task #0: java.lang.NullPointerException
 0.00% |█                                                                                                    |  0/1 Time: 0:07:12 0.00% |█                                                                                                    |  0/1 Time: 0:07:13 0.00% |█                                                                                                    |  0/1 Time: 0:07:14 0.00% |█                                                                                                    |  0/1 Time: 0:07:152019-10-10 01:23:10,207 [java.util.concurrent.ThreadPoolExecutor$Worker@5cf19e5f[State = -1, empty queue]] ERROR client.GrpcClientProtocolClient (GrpcClientProtocolClient.java:close(148)) - Unexpected exception while waiting for channel termination
java.lang.InterruptedException
	at java.util.concurrent.locks.AbstractQueuedSynchronizer.tryAcquireSharedNanos(AbstractQueuedSynchronizer.java:1326)
	at java.util.concurrent.CountDownLatch.await(CountDownLatch.java:277)
	at org.apache.ratis.thirdparty.io.grpc.internal.ManagedChannelImpl.awaitTermination(ManagedChannelImpl.java:763)
	at org.apache.ratis.thirdparty.io.grpc.internal.ForwardingManagedChannel.awaitTermination(ForwardingManagedChannel.java:57)
	at org.apache.ratis.thirdparty.io.grpc.internal.ManagedChannelOrphanWrapper.awaitTermination(ManagedChannelOrphanWrapper.java:70)
	at org.apache.ratis.grpc.client.GrpcClientProtocolClient.close(GrpcClientProtocolClient.java:146)
	at org.apache.ratis.util.PeerProxyMap$PeerAndProxy.lambda$close$1(PeerProxyMap.java:74)
	at org.apache.ratis.util.LifeCycle.lambda$checkStateAndClose$2(LifeCycle.java:231)
	at org.apache.ratis.util.LifeCycle.checkStateAndClose(LifeCycle.java:251)
	at org.apache.ratis.util.LifeCycle.checkStateAndClose(LifeCycle.java:229)
	at org.apache.ratis.util.PeerProxyMap$PeerAndProxy.close(PeerProxyMap.java:70)
	at org.apache.ratis.util.PeerProxyMap.resetProxy(PeerProxyMap.java:127)
	at org.apache.ratis.util.PeerProxyMap.handleException(PeerProxyMap.java:136)
	at org.apache.ratis.client.impl.RaftClientRpcWithProxy.handleException(RaftClientRpcWithProxy.java:47)
	at org.apache.ratis.client.impl.RaftClientImpl.handleIOException(RaftClientImpl.java:372)
	at org.apache.ratis.client.impl.OrderedAsync.lambda$sendRequest$10(OrderedAsync.java:236)
	at java.util.concurrent.CompletableFuture.uniExceptionally(CompletableFuture.java:870)
	at java.util.concurrent.CompletableFuture$UniExceptionally.tryFire(CompletableFuture.java:852)
	at java.util.concurrent.CompletableFuture.postComplete(CompletableFuture.java:474)
	at java.util.concurrent.CompletableFuture.completeExceptionally(CompletableFuture.java:1977)
	at org.apache.ratis.grpc.client.GrpcClientProtocolClient$AsyncStreamObservers.lambda$timeoutCheck$3(GrpcClientProtocolClient.java:324)
	at java.util.Optional.ifPresent(Optional.java:159)
	at org.apache.ratis.grpc.client.GrpcClientProtocolClient$AsyncStreamObservers.handleReplyFuture(GrpcClientProtocolClient.java:329)
	at org.apache.ratis.grpc.client.GrpcClientProtocolClient$AsyncStreamObservers.timeoutCheck(GrpcClientProtocolClient.java:324)
	at org.apache.ratis.grpc.client.GrpcClientProtocolClient$AsyncStreamObservers.lambda$onNext$1(GrpcClientProtocolClient.java:318)
	at org.apache.ratis.util.TimeoutScheduler.lambda$onTimeout$0(TimeoutScheduler.java:113)
	at org.apache.ratis.util.TimeoutScheduler.lambda$onTimeout$1(TimeoutScheduler.java:133)
	at org.apache.ratis.util.LogUtils.runAndLog(LogUtils.java:50)
	at org.apache.ratis.util.LogUtils$1.run(LogUtils.java:91)
	at java.util.concurrent.Executors$RunnableAdapter.call(Executors.java:511)
	at java.util.concurrent.FutureTask.run(FutureTask.java:266)
	at java.util.concurrent.ScheduledThreadPoolExecutor$ScheduledFutureTask.access$201(ScheduledThreadPoolExecutor.java:180)
	at java.util.concurrent.ScheduledThreadPoolExecutor$ScheduledFutureTask.run(ScheduledThreadPoolExecutor.java:293)
	at java.util.concurrent.ThreadPoolExecutor.runWorker(ThreadPoolExecutor.java:1149)
	at java.util.concurrent.ThreadPoolExecutor$Worker.run(ThreadPoolExecutor.java:624)
	at java.lang.Thread.run(Thread.java:748)
2019-10-10 01:23:10,210 [java.util.concurrent.ThreadPoolExecutor$Worker@5cf19e5f[State = -1, empty queue]] WARN  util.TimeoutScheduler (LogUtils.java:runAndLog(55)) - Failed to task #0: java.lang.NullPointerException
 0.00% |█                                                                                                    |  0/1 Time: 0:07:16 0.00% |█                                                                                                    |  0/1 Time: 0:07:17 0.00% |█                                                                                                    |  0/1 Time: 0:07:18 0.00% |█                                                                                                    |  0/1 Time: 0:07:192019-10-10 01:23:14,250 [java.util.concurrent.ThreadPoolExecutor$Worker@423166fc[State = -1, empty queue]] ERROR client.GrpcClientProtocolClient (GrpcClientProtocolClient.java:close(148)) - Unexpected exception while waiting for channel termination
java.lang.InterruptedException
	at java.util.concurrent.locks.AbstractQueuedSynchronizer.tryAcquireSharedNanos(AbstractQueuedSynchronizer.java:1326)
	at java.util.concurrent.CountDownLatch.await(CountDownLatch.java:277)
	at org.apache.ratis.thirdparty.io.grpc.internal.ManagedChannelImpl.awaitTermination(ManagedChannelImpl.java:763)
	at org.apache.ratis.thirdparty.io.grpc.internal.ForwardingManagedChannel.awaitTermination(ForwardingManagedChannel.java:57)
	at org.apache.ratis.thirdparty.io.grpc.internal.ManagedChannelOrphanWrapper.awaitTermination(ManagedChannelOrphanWrapper.java:70)
	at org.apache.ratis.grpc.client.GrpcClientProtocolClient.close(GrpcClientProtocolClient.java:146)
	at org.apache.ratis.util.PeerProxyMap$PeerAndProxy.lambda$close$1(PeerProxyMap.java:74)
	at org.apache.ratis.util.LifeCycle.lambda$checkStateAndClose$2(LifeCycle.java:231)
	at org.apache.ratis.util.LifeCycle.checkStateAndClose(LifeCycle.java:251)
	at org.apache.ratis.util.LifeCycle.checkStateAndClose(LifeCycle.java:229)
	at org.apache.ratis.util.PeerProxyMap$PeerAndProxy.close(PeerProxyMap.java:70)
	at org.apache.ratis.util.PeerProxyMap.resetProxy(PeerProxyMap.java:127)
	at org.apache.ratis.util.PeerProxyMap.handleException(PeerProxyMap.java:136)
	at org.apache.ratis.client.impl.RaftClientRpcWithProxy.handleException(RaftClientRpcWithProxy.java:47)
	at org.apache.ratis.client.impl.RaftClientImpl.handleIOException(RaftClientImpl.java:372)
	at org.apache.ratis.client.impl.OrderedAsync.lambda$sendRequest$10(OrderedAsync.java:236)
	at java.util.concurrent.CompletableFuture.uniExceptionally(CompletableFuture.java:870)
	at java.util.concurrent.CompletableFuture$UniExceptionally.tryFire(CompletableFuture.java:852)
	at java.util.concurrent.CompletableFuture.postComplete(CompletableFuture.java:474)
	at java.util.concurrent.CompletableFuture.completeExceptionally(CompletableFuture.java:1977)
	at org.apache.ratis.grpc.client.GrpcClientProtocolClient$AsyncStreamObservers.lambda$timeoutCheck$3(GrpcClientProtocolClient.java:324)
	at java.util.Optional.ifPresent(Optional.java:159)
	at org.apache.ratis.grpc.client.GrpcClientProtocolClient$AsyncStreamObservers.handleReplyFuture(GrpcClientProtocolClient.java:329)
	at org.apache.ratis.grpc.client.GrpcClientProtocolClient$AsyncStreamObservers.timeoutCheck(GrpcClientProtocolClient.java:324)
	at org.apache.ratis.grpc.client.GrpcClientProtocolClient$AsyncStreamObservers.lambda$onNext$1(GrpcClientProtocolClient.java:318)
	at org.apache.ratis.util.TimeoutScheduler.lambda$onTimeout$0(TimeoutScheduler.java:113)
	at org.apache.ratis.util.TimeoutScheduler.lambda$onTimeout$1(TimeoutScheduler.java:133)
	at org.apache.ratis.util.LogUtils.runAndLog(LogUtils.java:50)
	at org.apache.ratis.util.LogUtils$1.run(LogUtils.java:91)
	at java.util.concurrent.Executors$RunnableAdapter.call(Executors.java:511)
	at java.util.concurrent.FutureTask.run(FutureTask.java:266)
	at java.util.concurrent.ScheduledThreadPoolExecutor$ScheduledFutureTask.access$201(ScheduledThreadPoolExecutor.java:180)
	at java.util.concurrent.ScheduledThreadPoolExecutor$ScheduledFutureTask.run(ScheduledThreadPoolExecutor.java:293)
	at java.util.concurrent.ThreadPoolExecutor.runWorker(ThreadPoolExecutor.java:1149)
	at java.util.concurrent.ThreadPoolExecutor$Worker.run(ThreadPoolExecutor.java:624)
	at java.lang.Thread.run(Thread.java:748)
2019-10-10 01:23:14,251 [java.util.concurrent.ThreadPoolExecutor$Worker@423166fc[State = -1, empty queue]] WARN  util.TimeoutScheduler (LogUtils.java:runAndLog(55)) - Failed to task #0: java.lang.NullPointerException
 0.00% |█                                                                                                    |  0/1 Time: 0:07:20 0.00% |█                                                                                                    |  0/1 Time: 0:07:21 0.00% |█                                                                                                    |  0/1 Time: 0:07:22 0.00% |█                                                                                                    |  0/1 Time: 0:07:232019-10-10 01:23:18,287 [java.util.concurrent.ThreadPoolExecutor$Worker@7e9c1b99[State = -1, empty queue]] ERROR client.GrpcClientProtocolClient (GrpcClientProtocolClient.java:close(148)) - Unexpected exception while waiting for channel termination
java.lang.InterruptedException
	at java.util.concurrent.locks.AbstractQueuedSynchronizer.tryAcquireSharedNanos(AbstractQueuedSynchronizer.java:1326)
	at java.util.concurrent.CountDownLatch.await(CountDownLatch.java:277)
	at org.apache.ratis.thirdparty.io.grpc.internal.ManagedChannelImpl.awaitTermination(ManagedChannelImpl.java:763)
	at org.apache.ratis.thirdparty.io.grpc.internal.ForwardingManagedChannel.awaitTermination(ForwardingManagedChannel.java:57)
	at org.apache.ratis.thirdparty.io.grpc.internal.ManagedChannelOrphanWrapper.awaitTermination(ManagedChannelOrphanWrapper.java:70)
	at org.apache.ratis.grpc.client.GrpcClientProtocolClient.close(GrpcClientProtocolClient.java:146)
	at org.apache.ratis.util.PeerProxyMap$PeerAndProxy.lambda$close$1(PeerProxyMap.java:74)
	at org.apache.ratis.util.LifeCycle.lambda$checkStateAndClose$2(LifeCycle.java:231)
	at org.apache.ratis.util.LifeCycle.checkStateAndClose(LifeCycle.java:251)
	at org.apache.ratis.util.LifeCycle.checkStateAndClose(LifeCycle.java:229)
	at org.apache.ratis.util.PeerProxyMap$PeerAndProxy.close(PeerProxyMap.java:70)
	at org.apache.ratis.util.PeerProxyMap.resetProxy(PeerProxyMap.java:127)
	at org.apache.ratis.util.PeerProxyMap.handleException(PeerProxyMap.java:136)
	at org.apache.ratis.client.impl.RaftClientRpcWithProxy.handleException(RaftClientRpcWithProxy.java:47)
	at org.apache.ratis.client.impl.RaftClientImpl.handleIOException(RaftClientImpl.java:372)
	at org.apache.ratis.client.impl.OrderedAsync.lambda$sendRequest$10(OrderedAsync.java:236)
	at java.util.concurrent.CompletableFuture.uniExceptionally(CompletableFuture.java:870)
	at java.util.concurrent.CompletableFuture$UniExceptionally.tryFire(CompletableFuture.java:852)
	at java.util.concurrent.CompletableFuture.postComplete(CompletableFuture.java:474)
	at java.util.concurrent.CompletableFuture.completeExceptionally(CompletableFuture.java:1977)
	at org.apache.ratis.grpc.client.GrpcClientProtocolClient$AsyncStreamObservers.lambda$timeoutCheck$3(GrpcClientProtocolClient.java:324)
	at java.util.Optional.ifPresent(Optional.java:159)
	at org.apache.ratis.grpc.client.GrpcClientProtocolClient$AsyncStreamObservers.handleReplyFuture(GrpcClientProtocolClient.java:329)
	at org.apache.ratis.grpc.client.GrpcClientProtocolClient$AsyncStreamObservers.timeoutCheck(GrpcClientProtocolClient.java:324)
	at org.apache.ratis.grpc.client.GrpcClientProtocolClient$AsyncStreamObservers.lambda$onNext$1(GrpcClientProtocolClient.java:318)
	at org.apache.ratis.util.TimeoutScheduler.lambda$onTimeout$0(TimeoutScheduler.java:113)
	at org.apache.ratis.util.TimeoutScheduler.lambda$onTimeout$1(TimeoutScheduler.java:133)
	at org.apache.ratis.util.LogUtils.runAndLog(LogUtils.java:50)
	at org.apache.ratis.util.LogUtils$1.run(LogUtils.java:91)
	at java.util.concurrent.Executors$RunnableAdapter.call(Executors.java:511)
	at java.util.concurrent.FutureTask.run(FutureTask.java:266)
	at java.util.concurrent.ScheduledThreadPoolExecutor$ScheduledFutureTask.access$201(ScheduledThreadPoolExecutor.java:180)
	at java.util.concurrent.ScheduledThreadPoolExecutor$ScheduledFutureTask.run(ScheduledThreadPoolExecutor.java:293)
	at java.util.concurrent.ThreadPoolExecutor.runWorker(ThreadPoolExecutor.java:1149)
	at java.util.concurrent.ThreadPoolExecutor$Worker.run(ThreadPoolExecutor.java:624)
	at java.lang.Thread.run(Thread.java:748)
2019-10-10 01:23:18,287 [java.util.concurrent.ThreadPoolExecutor$Worker@7e9c1b99[State = -1, empty queue]] WARN  util.TimeoutScheduler (LogUtils.java:runAndLog(55)) - Failed to task #0: java.lang.NullPointerException
 0.00% |█                                                                                                    |  0/1 Time: 0:07:24 0.00% |█                                                                                                    |  0/1 Time: 0:07:25 0.00% |█                                                                                                    |  0/1 Time: 0:07:26 0.00% |█                                                                                                    |  0/1 Time: 0:07:272019-10-10 01:23:22,313 [java.util.concurrent.ThreadPoolExecutor$Worker@c2ed1e2[State = -1, empty queue]] ERROR client.GrpcClientProtocolClient (GrpcClientProtocolClient.java:close(148)) - Unexpected exception while waiting for channel termination
java.lang.InterruptedException
	at java.util.concurrent.locks.AbstractQueuedSynchronizer.tryAcquireSharedNanos(AbstractQueuedSynchronizer.java:1326)
	at java.util.concurrent.CountDownLatch.await(CountDownLatch.java:277)
	at org.apache.ratis.thirdparty.io.grpc.internal.ManagedChannelImpl.awaitTermination(ManagedChannelImpl.java:763)
	at org.apache.ratis.thirdparty.io.grpc.internal.ForwardingManagedChannel.awaitTermination(ForwardingManagedChannel.java:57)
	at org.apache.ratis.thirdparty.io.grpc.internal.ManagedChannelOrphanWrapper.awaitTermination(ManagedChannelOrphanWrapper.java:70)
	at org.apache.ratis.grpc.client.GrpcClientProtocolClient.close(GrpcClientProtocolClient.java:146)
	at org.apache.ratis.util.PeerProxyMap$PeerAndProxy.lambda$close$1(PeerProxyMap.java:74)
	at org.apache.ratis.util.LifeCycle.lambda$checkStateAndClose$2(LifeCycle.java:231)
	at org.apache.ratis.util.LifeCycle.checkStateAndClose(LifeCycle.java:251)
	at org.apache.ratis.util.LifeCycle.checkStateAndClose(LifeCycle.java:229)
	at org.apache.ratis.util.PeerProxyMap$PeerAndProxy.close(PeerProxyMap.java:70)
	at org.apache.ratis.util.PeerProxyMap.resetProxy(PeerProxyMap.java:127)
	at org.apache.ratis.util.PeerProxyMap.handleException(PeerProxyMap.java:136)
	at org.apache.ratis.client.impl.RaftClientRpcWithProxy.handleException(RaftClientRpcWithProxy.java:47)
	at org.apache.ratis.client.impl.RaftClientImpl.handleIOException(RaftClientImpl.java:372)
	at org.apache.ratis.client.impl.OrderedAsync.lambda$sendRequest$10(OrderedAsync.java:236)
	at java.util.concurrent.CompletableFuture.uniExceptionally(CompletableFuture.java:870)
	at java.util.concurrent.CompletableFuture$UniExceptionally.tryFire(CompletableFuture.java:852)
	at java.util.concurrent.CompletableFuture.postComplete(CompletableFuture.java:474)
	at java.util.concurrent.CompletableFuture.completeExceptionally(CompletableFuture.java:1977)
	at org.apache.ratis.grpc.client.GrpcClientProtocolClient$AsyncStreamObservers.lambda$timeoutCheck$3(GrpcClientProtocolClient.java:324)
	at java.util.Optional.ifPresent(Optional.java:159)
	at org.apache.ratis.grpc.client.GrpcClientProtocolClient$AsyncStreamObservers.handleReplyFuture(GrpcClientProtocolClient.java:329)
	at org.apache.ratis.grpc.client.GrpcClientProtocolClient$AsyncStreamObservers.timeoutCheck(GrpcClientProtocolClient.java:324)
	at org.apache.ratis.grpc.client.GrpcClientProtocolClient$AsyncStreamObservers.lambda$onNext$1(GrpcClientProtocolClient.java:318)
	at org.apache.ratis.util.TimeoutScheduler.lambda$onTimeout$0(TimeoutScheduler.java:113)
	at org.apache.ratis.util.TimeoutScheduler.lambda$onTimeout$1(TimeoutScheduler.java:133)
	at org.apache.ratis.util.LogUtils.runAndLog(LogUtils.java:50)
	at org.apache.ratis.util.LogUtils$1.run(LogUtils.java:91)
	at java.util.concurrent.Executors$RunnableAdapter.call(Executors.java:511)
	at java.util.concurrent.FutureTask.run(FutureTask.java:266)
	at java.util.concurrent.ScheduledThreadPoolExecutor$ScheduledFutureTask.access$201(ScheduledThreadPoolExecutor.java:180)
	at java.util.concurrent.ScheduledThreadPoolExecutor$ScheduledFutureTask.run(ScheduledThreadPoolExecutor.java:293)
	at java.util.concurrent.ThreadPoolExecutor.runWorker(ThreadPoolExecutor.java:1149)
	at java.util.concurrent.ThreadPoolExecutor$Worker.run(ThreadPoolExecutor.java:624)
	at java.lang.Thread.run(Thread.java:748)
2019-10-10 01:23:22,316 [java.util.concurrent.ThreadPoolExecutor$Worker@c2ed1e2[State = -1, empty queue]] WARN  util.TimeoutScheduler (LogUtils.java:runAndLog(55)) - Failed to task #0: java.lang.NullPointerException
 0.00% |█                                                                                                    |  0/1 Time: 0:07:28 0.00% |█                                                                                                    |  0/1 Time: 0:07:29 0.00% |█                                                                                                    |  0/1 Time: 0:07:30 0.00% |█                                                                                                    |  0/1 Time: 0:07:312019-10-10 01:23:26,357 [java.util.concurrent.ThreadPoolExecutor$Worker@3e8299c9[State = -1, empty queue]] ERROR client.GrpcClientProtocolClient (GrpcClientProtocolClient.java:close(148)) - Unexpected exception while waiting for channel termination
java.lang.InterruptedException
	at java.util.concurrent.locks.AbstractQueuedSynchronizer.tryAcquireSharedNanos(AbstractQueuedSynchronizer.java:1326)
	at java.util.concurrent.CountDownLatch.await(CountDownLatch.java:277)
	at org.apache.ratis.thirdparty.io.grpc.internal.ManagedChannelImpl.awaitTermination(ManagedChannelImpl.java:763)
	at org.apache.ratis.thirdparty.io.grpc.internal.ForwardingManagedChannel.awaitTermination(ForwardingManagedChannel.java:57)
	at org.apache.ratis.thirdparty.io.grpc.internal.ManagedChannelOrphanWrapper.awaitTermination(ManagedChannelOrphanWrapper.java:70)
	at org.apache.ratis.grpc.client.GrpcClientProtocolClient.close(GrpcClientProtocolClient.java:146)
	at org.apache.ratis.util.PeerProxyMap$PeerAndProxy.lambda$close$1(PeerProxyMap.java:74)
	at org.apache.ratis.util.LifeCycle.lambda$checkStateAndClose$2(LifeCycle.java:231)
	at org.apache.ratis.util.LifeCycle.checkStateAndClose(LifeCycle.java:251)
	at org.apache.ratis.util.LifeCycle.checkStateAndClose(LifeCycle.java:229)
	at org.apache.ratis.util.PeerProxyMap$PeerAndProxy.close(PeerProxyMap.java:70)
	at org.apache.ratis.util.PeerProxyMap.resetProxy(PeerProxyMap.java:127)
	at org.apache.ratis.util.PeerProxyMap.handleException(PeerProxyMap.java:136)
	at org.apache.ratis.client.impl.RaftClientRpcWithProxy.handleException(RaftClientRpcWithProxy.java:47)
	at org.apache.ratis.client.impl.RaftClientImpl.handleIOException(RaftClientImpl.java:372)
	at org.apache.ratis.client.impl.OrderedAsync.lambda$sendRequest$10(OrderedAsync.java:236)
	at java.util.concurrent.CompletableFuture.uniExceptionally(CompletableFuture.java:870)
	at java.util.concurrent.CompletableFuture$UniExceptionally.tryFire(CompletableFuture.java:852)
	at java.util.concurrent.CompletableFuture.postComplete(CompletableFuture.java:474)
	at java.util.concurrent.CompletableFuture.completeExceptionally(CompletableFuture.java:1977)
	at org.apache.ratis.grpc.client.GrpcClientProtocolClient$AsyncStreamObservers.lambda$timeoutCheck$3(GrpcClientProtocolClient.java:324)
	at java.util.Optional.ifPresent(Optional.java:159)
	at org.apache.ratis.grpc.client.GrpcClientProtocolClient$AsyncStreamObservers.handleReplyFuture(GrpcClientProtocolClient.java:329)
	at org.apache.ratis.grpc.client.GrpcClientProtocolClient$AsyncStreamObservers.timeoutCheck(GrpcClientProtocolClient.java:324)
	at org.apache.ratis.grpc.client.GrpcClientProtocolClient$AsyncStreamObservers.lambda$onNext$1(GrpcClientProtocolClient.java:318)
	at org.apache.ratis.util.TimeoutScheduler.lambda$onTimeout$0(TimeoutScheduler.java:113)
	at org.apache.ratis.util.TimeoutScheduler.lambda$onTimeout$1(TimeoutScheduler.java:133)
	at org.apache.ratis.util.LogUtils.runAndLog(LogUtils.java:50)
	at org.apache.ratis.util.LogUtils$1.run(LogUtils.java:91)
	at java.util.concurrent.Executors$RunnableAdapter.call(Executors.java:511)
	at java.util.concurrent.FutureTask.run(FutureTask.java:266)
	at java.util.concurrent.ScheduledThreadPoolExecutor$ScheduledFutureTask.access$201(ScheduledThreadPoolExecutor.java:180)
	at java.util.concurrent.ScheduledThreadPoolExecutor$ScheduledFutureTask.run(ScheduledThreadPoolExecutor.java:293)
	at java.util.concurrent.ThreadPoolExecutor.runWorker(ThreadPoolExecutor.java:1149)
	at java.util.concurrent.ThreadPoolExecutor$Worker.run(ThreadPoolExecutor.java:624)
	at java.lang.Thread.run(Thread.java:748)
2019-10-10 01:23:26,360 [java.util.concurrent.ThreadPoolExecutor$Worker@3e8299c9[State = -1, empty queue]] WARN  util.TimeoutScheduler (LogUtils.java:runAndLog(55)) - Failed to task #0: java.lang.NullPointerException
 0.00% |█                                                                                                    |  0/1 Time: 0:07:32 0.00% |█                                                                                                    |  0/1 Time: 0:07:33 0.00% |█                                                                                                    |  0/1 Time: 0:07:34 0.00% |█                                                                                                    |  0/1 Time: 0:07:352019-10-10 01:23:30,389 [java.util.concurrent.ThreadPoolExecutor$Worker@39e16f3f[State = -1, empty queue]] ERROR client.GrpcClientProtocolClient (GrpcClientProtocolClient.java:close(148)) - Unexpected exception while waiting for channel termination
java.lang.InterruptedException
	at java.util.concurrent.locks.AbstractQueuedSynchronizer.tryAcquireSharedNanos(AbstractQueuedSynchronizer.java:1326)
	at java.util.concurrent.CountDownLatch.await(CountDownLatch.java:277)
	at org.apache.ratis.thirdparty.io.grpc.internal.ManagedChannelImpl.awaitTermination(ManagedChannelImpl.java:763)
	at org.apache.ratis.thirdparty.io.grpc.internal.ForwardingManagedChannel.awaitTermination(ForwardingManagedChannel.java:57)
	at org.apache.ratis.thirdparty.io.grpc.internal.ManagedChannelOrphanWrapper.awaitTermination(ManagedChannelOrphanWrapper.java:70)
	at org.apache.ratis.grpc.client.GrpcClientProtocolClient.close(GrpcClientProtocolClient.java:146)
	at org.apache.ratis.util.PeerProxyMap$PeerAndProxy.lambda$close$1(PeerProxyMap.java:74)
	at org.apache.ratis.util.LifeCycle.lambda$checkStateAndClose$2(LifeCycle.java:231)
	at org.apache.ratis.util.LifeCycle.checkStateAndClose(LifeCycle.java:251)
	at org.apache.ratis.util.LifeCycle.checkStateAndClose(LifeCycle.java:229)
	at org.apache.ratis.util.PeerProxyMap$PeerAndProxy.close(PeerProxyMap.java:70)
	at org.apache.ratis.util.PeerProxyMap.resetProxy(PeerProxyMap.java:127)
	at org.apache.ratis.util.PeerProxyMap.handleException(PeerProxyMap.java:136)
	at org.apache.ratis.client.impl.RaftClientRpcWithProxy.handleException(RaftClientRpcWithProxy.java:47)
	at org.apache.ratis.client.impl.RaftClientImpl.handleIOException(RaftClientImpl.java:372)
	at org.apache.ratis.client.impl.OrderedAsync.lambda$sendRequest$10(OrderedAsync.java:236)
	at java.util.concurrent.CompletableFuture.uniExceptionally(CompletableFuture.java:870)
	at java.util.concurrent.CompletableFuture$UniExceptionally.tryFire(CompletableFuture.java:852)
	at java.util.concurrent.CompletableFuture.postComplete(CompletableFuture.java:474)
	at java.util.concurrent.CompletableFuture.completeExceptionally(CompletableFuture.java:1977)
	at org.apache.ratis.grpc.client.GrpcClientProtocolClient$AsyncStreamObservers.lambda$timeoutCheck$3(GrpcClientProtocolClient.java:324)
	at java.util.Optional.ifPresent(Optional.java:159)
	at org.apache.ratis.grpc.client.GrpcClientProtocolClient$AsyncStreamObservers.handleReplyFuture(GrpcClientProtocolClient.java:329)
	at org.apache.ratis.grpc.client.GrpcClientProtocolClient$AsyncStreamObservers.timeoutCheck(GrpcClientProtocolClient.java:324)
	at org.apache.ratis.grpc.client.GrpcClientProtocolClient$AsyncStreamObservers.lambda$onNext$1(GrpcClientProtocolClient.java:318)
	at org.apache.ratis.util.TimeoutScheduler.lambda$onTimeout$0(TimeoutScheduler.java:113)
	at org.apache.ratis.util.TimeoutScheduler.lambda$onTimeout$1(TimeoutScheduler.java:133)
	at org.apache.ratis.util.LogUtils.runAndLog(LogUtils.java:50)
	at org.apache.ratis.util.LogUtils$1.run(LogUtils.java:91)
	at java.util.concurrent.Executors$RunnableAdapter.call(Executors.java:511)
	at java.util.concurrent.FutureTask.run(FutureTask.java:266)
	at java.util.concurrent.ScheduledThreadPoolExecutor$ScheduledFutureTask.access$201(ScheduledThreadPoolExecutor.java:180)
	at java.util.concurrent.ScheduledThreadPoolExecutor$ScheduledFutureTask.run(ScheduledThreadPoolExecutor.java:293)
	at java.util.concurrent.ThreadPoolExecutor.runWorker(ThreadPoolExecutor.java:1149)
	at java.util.concurrent.ThreadPoolExecutor$Worker.run(ThreadPoolExecutor.java:624)
	at java.lang.Thread.run(Thread.java:748)
2019-10-10 01:23:30,391 [java.util.concurrent.ThreadPoolExecutor$Worker@39e16f3f[State = -1, empty queue]] WARN  util.TimeoutScheduler (LogUtils.java:runAndLog(55)) - Failed to task #0: java.lang.NullPointerException
 0.00% |█                                                                                                    |  0/1 Time: 0:07:36 0.00% |█                                                                                                    |  0/1 Time: 0:07:37 0.00% |█                                                                                                    |  0/1 Time: 0:07:38 0.00% |█                                                                                                    |  0/1 Time: 0:07:392019-10-10 01:23:34,427 [java.util.concurrent.ThreadPoolExecutor$Worker@607594ac[State = -1, empty queue]] ERROR client.GrpcClientProtocolClient (GrpcClientProtocolClient.java:close(148)) - Unexpected exception while waiting for channel termination
java.lang.InterruptedException
	at java.util.concurrent.locks.AbstractQueuedSynchronizer.tryAcquireSharedNanos(AbstractQueuedSynchronizer.java:1326)
	at java.util.concurrent.CountDownLatch.await(CountDownLatch.java:277)
	at org.apache.ratis.thirdparty.io.grpc.internal.ManagedChannelImpl.awaitTermination(ManagedChannelImpl.java:763)
	at org.apache.ratis.thirdparty.io.grpc.internal.ForwardingManagedChannel.awaitTermination(ForwardingManagedChannel.java:57)
	at org.apache.ratis.thirdparty.io.grpc.internal.ManagedChannelOrphanWrapper.awaitTermination(ManagedChannelOrphanWrapper.java:70)
	at org.apache.ratis.grpc.client.GrpcClientProtocolClient.close(GrpcClientProtocolClient.java:146)
	at org.apache.ratis.util.PeerProxyMap$PeerAndProxy.lambda$close$1(PeerProxyMap.java:74)
	at org.apache.ratis.util.LifeCycle.lambda$checkStateAndClose$2(LifeCycle.java:231)
	at org.apache.ratis.util.LifeCycle.checkStateAndClose(LifeCycle.java:251)
	at org.apache.ratis.util.LifeCycle.checkStateAndClose(LifeCycle.java:229)
	at org.apache.ratis.util.PeerProxyMap$PeerAndProxy.close(PeerProxyMap.java:70)
	at org.apache.ratis.util.PeerProxyMap.resetProxy(PeerProxyMap.java:127)
	at org.apache.ratis.util.PeerProxyMap.handleException(PeerProxyMap.java:136)
	at org.apache.ratis.client.impl.RaftClientRpcWithProxy.handleException(RaftClientRpcWithProxy.java:47)
	at org.apache.ratis.client.impl.RaftClientImpl.handleIOException(RaftClientImpl.java:372)
	at org.apache.ratis.client.impl.OrderedAsync.lambda$sendRequest$10(OrderedAsync.java:236)
	at java.util.concurrent.CompletableFuture.uniExceptionally(CompletableFuture.java:870)
	at java.util.concurrent.CompletableFuture$UniExceptionally.tryFire(CompletableFuture.java:852)
	at java.util.concurrent.CompletableFuture.postComplete(CompletableFuture.java:474)
	at java.util.concurrent.CompletableFuture.completeExceptionally(CompletableFuture.java:1977)
	at org.apache.ratis.grpc.client.GrpcClientProtocolClient$AsyncStreamObservers.lambda$timeoutCheck$3(GrpcClientProtocolClient.java:324)
	at java.util.Optional.ifPresent(Optional.java:159)
	at org.apache.ratis.grpc.client.GrpcClientProtocolClient$AsyncStreamObservers.handleReplyFuture(GrpcClientProtocolClient.java:329)
	at org.apache.ratis.grpc.client.GrpcClientProtocolClient$AsyncStreamObservers.timeoutCheck(GrpcClientProtocolClient.java:324)
	at org.apache.ratis.grpc.client.GrpcClientProtocolClient$AsyncStreamObservers.lambda$onNext$1(GrpcClientProtocolClient.java:318)
	at org.apache.ratis.util.TimeoutScheduler.lambda$onTimeout$0(TimeoutScheduler.java:113)
	at org.apache.ratis.util.TimeoutScheduler.lambda$onTimeout$1(TimeoutScheduler.java:133)
	at org.apache.ratis.util.LogUtils.runAndLog(LogUtils.java:50)
	at org.apache.ratis.util.LogUtils$1.run(LogUtils.java:91)
	at java.util.concurrent.Executors$RunnableAdapter.call(Executors.java:511)
	at java.util.concurrent.FutureTask.run(FutureTask.java:266)
	at java.util.concurrent.ScheduledThreadPoolExecutor$ScheduledFutureTask.access$201(ScheduledThreadPoolExecutor.java:180)
	at java.util.concurrent.ScheduledThreadPoolExecutor$ScheduledFutureTask.run(ScheduledThreadPoolExecutor.java:293)
	at java.util.concurrent.ThreadPoolExecutor.runWorker(ThreadPoolExecutor.java:1149)
	at java.util.concurrent.ThreadPoolExecutor$Worker.run(ThreadPoolExecutor.java:624)
	at java.lang.Thread.run(Thread.java:748)
2019-10-10 01:23:34,430 [java.util.concurrent.ThreadPoolExecutor$Worker@607594ac[State = -1, empty queue]] WARN  util.TimeoutScheduler (LogUtils.java:runAndLog(55)) - Failed to task #0: java.lang.NullPointerException
 0.00% |█                                                                                                    |  0/1 Time: 0:07:40 0.00% |█                                                                                                    |  0/1 Time: 0:07:41 0.00% |█                                                                                                    |  0/1 Time: 0:07:42 0.00% |█                                                                                                    |  0/1 Time: 0:07:432019-10-10 01:23:38,464 [java.util.concurrent.ThreadPoolExecutor$Worker@13db8a8b[State = -1, empty queue]] ERROR client.GrpcClientProtocolClient (GrpcClientProtocolClient.java:close(148)) - Unexpected exception while waiting for channel termination
java.lang.InterruptedException
	at java.util.concurrent.locks.AbstractQueuedSynchronizer.tryAcquireSharedNanos(AbstractQueuedSynchronizer.java:1326)
	at java.util.concurrent.CountDownLatch.await(CountDownLatch.java:277)
	at org.apache.ratis.thirdparty.io.grpc.internal.ManagedChannelImpl.awaitTermination(ManagedChannelImpl.java:763)
	at org.apache.ratis.thirdparty.io.grpc.internal.ForwardingManagedChannel.awaitTermination(ForwardingManagedChannel.java:57)
	at org.apache.ratis.thirdparty.io.grpc.internal.ManagedChannelOrphanWrapper.awaitTermination(ManagedChannelOrphanWrapper.java:70)
	at org.apache.ratis.grpc.client.GrpcClientProtocolClient.close(GrpcClientProtocolClient.java:146)
	at org.apache.ratis.util.PeerProxyMap$PeerAndProxy.lambda$close$1(PeerProxyMap.java:74)
	at org.apache.ratis.util.LifeCycle.lambda$checkStateAndClose$2(LifeCycle.java:231)
	at org.apache.ratis.util.LifeCycle.checkStateAndClose(LifeCycle.java:251)
	at org.apache.ratis.util.LifeCycle.checkStateAndClose(LifeCycle.java:229)
	at org.apache.ratis.util.PeerProxyMap$PeerAndProxy.close(PeerProxyMap.java:70)
	at org.apache.ratis.util.PeerProxyMap.resetProxy(PeerProxyMap.java:127)
	at org.apache.ratis.util.PeerProxyMap.handleException(PeerProxyMap.java:136)
	at org.apache.ratis.client.impl.RaftClientRpcWithProxy.handleException(RaftClientRpcWithProxy.java:47)
	at org.apache.ratis.client.impl.RaftClientImpl.handleIOException(RaftClientImpl.java:372)
	at org.apache.ratis.client.impl.OrderedAsync.lambda$sendRequest$10(OrderedAsync.java:236)
	at java.util.concurrent.CompletableFuture.uniExceptionally(CompletableFuture.java:870)
	at java.util.concurrent.CompletableFuture$UniExceptionally.tryFire(CompletableFuture.java:852)
	at java.util.concurrent.CompletableFuture.postComplete(CompletableFuture.java:474)
	at java.util.concurrent.CompletableFuture.completeExceptionally(CompletableFuture.java:1977)
	at org.apache.ratis.grpc.client.GrpcClientProtocolClient$AsyncStreamObservers.lambda$timeoutCheck$3(GrpcClientProtocolClient.java:324)
	at java.util.Optional.ifPresent(Optional.java:159)
	at org.apache.ratis.grpc.client.GrpcClientProtocolClient$AsyncStreamObservers.handleReplyFuture(GrpcClientProtocolClient.java:329)
	at org.apache.ratis.grpc.client.GrpcClientProtocolClient$AsyncStreamObservers.timeoutCheck(GrpcClientProtocolClient.java:324)
	at org.apache.ratis.grpc.client.GrpcClientProtocolClient$AsyncStreamObservers.lambda$onNext$1(GrpcClientProtocolClient.java:318)
	at org.apache.ratis.util.TimeoutScheduler.lambda$onTimeout$0(TimeoutScheduler.java:113)
	at org.apache.ratis.util.TimeoutScheduler.lambda$onTimeout$1(TimeoutScheduler.java:133)
	at org.apache.ratis.util.LogUtils.runAndLog(LogUtils.java:50)
	at org.apache.ratis.util.LogUtils$1.run(LogUtils.java:91)
	at java.util.concurrent.Executors$RunnableAdapter.call(Executors.java:511)
	at java.util.concurrent.FutureTask.run(FutureTask.java:266)
	at java.util.concurrent.ScheduledThreadPoolExecutor$ScheduledFutureTask.access$201(ScheduledThreadPoolExecutor.java:180)
	at java.util.concurrent.ScheduledThreadPoolExecutor$ScheduledFutureTask.run(ScheduledThreadPoolExecutor.java:293)
	at java.util.concurrent.ThreadPoolExecutor.runWorker(ThreadPoolExecutor.java:1149)
	at java.util.concurrent.ThreadPoolExecutor$Worker.run(ThreadPoolExecutor.java:624)
	at java.lang.Thread.run(Thread.java:748)
2019-10-10 01:23:38,465 [java.util.concurrent.ThreadPoolExecutor$Worker@13db8a8b[State = -1, empty queue]] WARN  util.TimeoutScheduler (LogUtils.java:runAndLog(55)) - Failed to task #0: java.lang.NullPointerException
 0.00% |█                                                                                                    |  0/1 Time: 0:07:44 0.00% |█                                                                                                    |  0/1 Time: 0:07:45 0.00% |█                                                                                                    |  0/1 Time: 0:07:46 0.00% |█                                                                                                    |  0/1 Time: 0:07:472019-10-10 01:23:42,490 [java.util.concurrent.ThreadPoolExecutor$Worker@347ff694[State = -1, empty queue]] ERROR client.GrpcClientProtocolClient (GrpcClientProtocolClient.java:close(148)) - Unexpected exception while waiting for channel termination
java.lang.InterruptedException
	at java.util.concurrent.locks.AbstractQueuedSynchronizer.tryAcquireSharedNanos(AbstractQueuedSynchronizer.java:1326)
	at java.util.concurrent.CountDownLatch.await(CountDownLatch.java:277)
	at org.apache.ratis.thirdparty.io.grpc.internal.ManagedChannelImpl.awaitTermination(ManagedChannelImpl.java:763)
	at org.apache.ratis.thirdparty.io.grpc.internal.ForwardingManagedChannel.awaitTermination(ForwardingManagedChannel.java:57)
	at org.apache.ratis.thirdparty.io.grpc.internal.ManagedChannelOrphanWrapper.awaitTermination(ManagedChannelOrphanWrapper.java:70)
	at org.apache.ratis.grpc.client.GrpcClientProtocolClient.close(GrpcClientProtocolClient.java:146)
	at org.apache.ratis.util.PeerProxyMap$PeerAndProxy.lambda$close$1(PeerProxyMap.java:74)
	at org.apache.ratis.util.LifeCycle.lambda$checkStateAndClose$2(LifeCycle.java:231)
	at org.apache.ratis.util.LifeCycle.checkStateAndClose(LifeCycle.java:251)
	at org.apache.ratis.util.LifeCycle.checkStateAndClose(LifeCycle.java:229)
	at org.apache.ratis.util.PeerProxyMap$PeerAndProxy.close(PeerProxyMap.java:70)
	at org.apache.ratis.util.PeerProxyMap.resetProxy(PeerProxyMap.java:127)
	at org.apache.ratis.util.PeerProxyMap.handleException(PeerProxyMap.java:136)
	at org.apache.ratis.client.impl.RaftClientRpcWithProxy.handleException(RaftClientRpcWithProxy.java:47)
	at org.apache.ratis.client.impl.RaftClientImpl.handleIOException(RaftClientImpl.java:372)
	at org.apache.ratis.client.impl.OrderedAsync.lambda$sendRequest$10(OrderedAsync.java:236)
	at java.util.concurrent.CompletableFuture.uniExceptionally(CompletableFuture.java:870)
	at java.util.concurrent.CompletableFuture$UniExceptionally.tryFire(CompletableFuture.java:852)
	at java.util.concurrent.CompletableFuture.postComplete(CompletableFuture.java:474)
	at java.util.concurrent.CompletableFuture.completeExceptionally(CompletableFuture.java:1977)
	at org.apache.ratis.grpc.client.GrpcClientProtocolClient$AsyncStreamObservers.lambda$timeoutCheck$3(GrpcClientProtocolClient.java:324)
	at java.util.Optional.ifPresent(Optional.java:159)
	at org.apache.ratis.grpc.client.GrpcClientProtocolClient$AsyncStreamObservers.handleReplyFuture(GrpcClientProtocolClient.java:329)
	at org.apache.ratis.grpc.client.GrpcClientProtocolClient$AsyncStreamObservers.timeoutCheck(GrpcClientProtocolClient.java:324)
	at org.apache.ratis.grpc.client.GrpcClientProtocolClient$AsyncStreamObservers.lambda$onNext$1(GrpcClientProtocolClient.java:318)
	at org.apache.ratis.util.TimeoutScheduler.lambda$onTimeout$0(TimeoutScheduler.java:113)
	at org.apache.ratis.util.TimeoutScheduler.lambda$onTimeout$1(TimeoutScheduler.java:133)
	at org.apache.ratis.util.LogUtils.runAndLog(LogUtils.java:50)
	at org.apache.ratis.util.LogUtils$1.run(LogUtils.java:91)
	at java.util.concurrent.Executors$RunnableAdapter.call(Executors.java:511)
	at java.util.concurrent.FutureTask.run(FutureTask.java:266)
	at java.util.concurrent.ScheduledThreadPoolExecutor$ScheduledFutureTask.access$201(ScheduledThreadPoolExecutor.java:180)
	at java.util.concurrent.ScheduledThreadPoolExecutor$ScheduledFutureTask.run(ScheduledThreadPoolExecutor.java:293)
	at java.util.concurrent.ThreadPoolExecutor.runWorker(ThreadPoolExecutor.java:1149)
	at java.util.concurrent.ThreadPoolExecutor$Worker.run(ThreadPoolExecutor.java:624)
	at java.lang.Thread.run(Thread.java:748)
2019-10-10 01:23:42,492 [java.util.concurrent.ThreadPoolExecutor$Worker@347ff694[State = -1, empty queue]] WARN  util.TimeoutScheduler (LogUtils.java:runAndLog(55)) - Failed to task #0: java.lang.NullPointerException
 0.00% |█                                                                                                    |  0/1 Time: 0:07:48 0.00% |█                                                                                                    |  0/1 Time: 0:07:49 0.00% |█                                                                                                    |  0/1 Time: 0:07:50 0.00% |█                                                                                                    |  0/1 Time: 0:07:512019-10-10 01:23:46,546 [java.util.concurrent.ThreadPoolExecutor$Worker@2e6cb636[State = -1, empty queue]] ERROR client.GrpcClientProtocolClient (GrpcClientProtocolClient.java:close(148)) - Unexpected exception while waiting for channel termination
java.lang.InterruptedException
	at java.util.concurrent.locks.AbstractQueuedSynchronizer.tryAcquireSharedNanos(AbstractQueuedSynchronizer.java:1326)
	at java.util.concurrent.CountDownLatch.await(CountDownLatch.java:277)
	at org.apache.ratis.thirdparty.io.grpc.internal.ManagedChannelImpl.awaitTermination(ManagedChannelImpl.java:763)
	at org.apache.ratis.thirdparty.io.grpc.internal.ForwardingManagedChannel.awaitTermination(ForwardingManagedChannel.java:57)
	at org.apache.ratis.thirdparty.io.grpc.internal.ManagedChannelOrphanWrapper.awaitTermination(ManagedChannelOrphanWrapper.java:70)
	at org.apache.ratis.grpc.client.GrpcClientProtocolClient.close(GrpcClientProtocolClient.java:146)
	at org.apache.ratis.util.PeerProxyMap$PeerAndProxy.lambda$close$1(PeerProxyMap.java:74)
	at org.apache.ratis.util.LifeCycle.lambda$checkStateAndClose$2(LifeCycle.java:231)
	at org.apache.ratis.util.LifeCycle.checkStateAndClose(LifeCycle.java:251)
	at org.apache.ratis.util.LifeCycle.checkStateAndClose(LifeCycle.java:229)
	at org.apache.ratis.util.PeerProxyMap$PeerAndProxy.close(PeerProxyMap.java:70)
	at org.apache.ratis.util.PeerProxyMap.resetProxy(PeerProxyMap.java:127)
	at org.apache.ratis.util.PeerProxyMap.handleException(PeerProxyMap.java:136)
	at org.apache.ratis.client.impl.RaftClientRpcWithProxy.handleException(RaftClientRpcWithProxy.java:47)
	at org.apache.ratis.client.impl.RaftClientImpl.handleIOException(RaftClientImpl.java:372)
	at org.apache.ratis.client.impl.OrderedAsync.lambda$sendRequest$10(OrderedAsync.java:236)
	at java.util.concurrent.CompletableFuture.uniExceptionally(CompletableFuture.java:870)
	at java.util.concurrent.CompletableFuture$UniExceptionally.tryFire(CompletableFuture.java:852)
	at java.util.concurrent.CompletableFuture.postComplete(CompletableFuture.java:474)
	at java.util.concurrent.CompletableFuture.completeExceptionally(CompletableFuture.java:1977)
	at org.apache.ratis.grpc.client.GrpcClientProtocolClient$AsyncStreamObservers.lambda$timeoutCheck$3(GrpcClientProtocolClient.java:324)
	at java.util.Optional.ifPresent(Optional.java:159)
	at org.apache.ratis.grpc.client.GrpcClientProtocolClient$AsyncStreamObservers.handleReplyFuture(GrpcClientProtocolClient.java:329)
	at org.apache.ratis.grpc.client.GrpcClientProtocolClient$AsyncStreamObservers.timeoutCheck(GrpcClientProtocolClient.java:324)
	at org.apache.ratis.grpc.client.GrpcClientProtocolClient$AsyncStreamObservers.lambda$onNext$1(GrpcClientProtocolClient.java:318)
	at org.apache.ratis.util.TimeoutScheduler.lambda$onTimeout$0(TimeoutScheduler.java:113)
	at org.apache.ratis.util.TimeoutScheduler.lambda$onTimeout$1(TimeoutScheduler.java:133)
	at org.apache.ratis.util.LogUtils.runAndLog(LogUtils.java:50)
	at org.apache.ratis.util.LogUtils$1.run(LogUtils.java:91)
	at java.util.concurrent.Executors$RunnableAdapter.call(Executors.java:511)
	at java.util.concurrent.FutureTask.run(FutureTask.java:266)
	at java.util.concurrent.ScheduledThreadPoolExecutor$ScheduledFutureTask.access$201(ScheduledThreadPoolExecutor.java:180)
	at java.util.concurrent.ScheduledThreadPoolExecutor$ScheduledFutureTask.run(ScheduledThreadPoolExecutor.java:293)
	at java.util.concurrent.ThreadPoolExecutor.runWorker(ThreadPoolExecutor.java:1149)
	at java.util.concurrent.ThreadPoolExecutor$Worker.run(ThreadPoolExecutor.java:624)
	at java.lang.Thread.run(Thread.java:748)
2019-10-10 01:23:46,547 [java.util.concurrent.ThreadPoolExecutor$Worker@2e6cb636[State = -1, empty queue]] WARN  util.TimeoutScheduler (LogUtils.java:runAndLog(55)) - Failed to task #0: java.lang.NullPointerException
 0.00% |█                                                                                                    |  0/1 Time: 0:07:52 0.00% |█                                                                                                    |  0/1 Time: 0:07:53 0.00% |█                                                                                                    |  0/1 Time: 0:07:54 0.00% |█                                                                                                    |  0/1 Time: 0:07:552019-10-10 01:23:50,576 [java.util.concurrent.ThreadPoolExecutor$Worker@19df5f48[State = -1, empty queue]] ERROR client.GrpcClientProtocolClient (GrpcClientProtocolClient.java:close(148)) - Unexpected exception while waiting for channel termination
java.lang.InterruptedException
	at java.util.concurrent.locks.AbstractQueuedSynchronizer.tryAcquireSharedNanos(AbstractQueuedSynchronizer.java:1326)
	at java.util.concurrent.CountDownLatch.await(CountDownLatch.java:277)
	at org.apache.ratis.thirdparty.io.grpc.internal.ManagedChannelImpl.awaitTermination(ManagedChannelImpl.java:763)
	at org.apache.ratis.thirdparty.io.grpc.internal.ForwardingManagedChannel.awaitTermination(ForwardingManagedChannel.java:57)
	at org.apache.ratis.thirdparty.io.grpc.internal.ManagedChannelOrphanWrapper.awaitTermination(ManagedChannelOrphanWrapper.java:70)
	at org.apache.ratis.grpc.client.GrpcClientProtocolClient.close(GrpcClientProtocolClient.java:146)
	at org.apache.ratis.util.PeerProxyMap$PeerAndProxy.lambda$close$1(PeerProxyMap.java:74)
	at org.apache.ratis.util.LifeCycle.lambda$checkStateAndClose$2(LifeCycle.java:231)
	at org.apache.ratis.util.LifeCycle.checkStateAndClose(LifeCycle.java:251)
	at org.apache.ratis.util.LifeCycle.checkStateAndClose(LifeCycle.java:229)
	at org.apache.ratis.util.PeerProxyMap$PeerAndProxy.close(PeerProxyMap.java:70)
	at org.apache.ratis.util.PeerProxyMap.resetProxy(PeerProxyMap.java:127)
	at org.apache.ratis.util.PeerProxyMap.handleException(PeerProxyMap.java:136)
	at org.apache.ratis.client.impl.RaftClientRpcWithProxy.handleException(RaftClientRpcWithProxy.java:47)
	at org.apache.ratis.client.impl.RaftClientImpl.handleIOException(RaftClientImpl.java:372)
	at org.apache.ratis.client.impl.OrderedAsync.lambda$sendRequest$10(OrderedAsync.java:236)
	at java.util.concurrent.CompletableFuture.uniExceptionally(CompletableFuture.java:870)
	at java.util.concurrent.CompletableFuture$UniExceptionally.tryFire(CompletableFuture.java:852)
	at java.util.concurrent.CompletableFuture.postComplete(CompletableFuture.java:474)
	at java.util.concurrent.CompletableFuture.completeExceptionally(CompletableFuture.java:1977)
	at org.apache.ratis.grpc.client.GrpcClientProtocolClient$AsyncStreamObservers.lambda$timeoutCheck$3(GrpcClientProtocolClient.java:324)
	at java.util.Optional.ifPresent(Optional.java:159)
	at org.apache.ratis.grpc.client.GrpcClientProtocolClient$AsyncStreamObservers.handleReplyFuture(GrpcClientProtocolClient.java:329)
	at org.apache.ratis.grpc.client.GrpcClientProtocolClient$AsyncStreamObservers.timeoutCheck(GrpcClientProtocolClient.java:324)
	at org.apache.ratis.grpc.client.GrpcClientProtocolClient$AsyncStreamObservers.lambda$onNext$1(GrpcClientProtocolClient.java:318)
	at org.apache.ratis.util.TimeoutScheduler.lambda$onTimeout$0(TimeoutScheduler.java:113)
	at org.apache.ratis.util.TimeoutScheduler.lambda$onTimeout$1(TimeoutScheduler.java:133)
	at org.apache.ratis.util.LogUtils.runAndLog(LogUtils.java:50)
	at org.apache.ratis.util.LogUtils$1.run(LogUtils.java:91)
	at java.util.concurrent.Executors$RunnableAdapter.call(Executors.java:511)
	at java.util.concurrent.FutureTask.run(FutureTask.java:266)
	at java.util.concurrent.ScheduledThreadPoolExecutor$ScheduledFutureTask.access$201(ScheduledThreadPoolExecutor.java:180)
	at java.util.concurrent.ScheduledThreadPoolExecutor$ScheduledFutureTask.run(ScheduledThreadPoolExecutor.java:293)
	at java.util.concurrent.ThreadPoolExecutor.runWorker(ThreadPoolExecutor.java:1149)
	at java.util.concurrent.ThreadPoolExecutor$Worker.run(ThreadPoolExecutor.java:624)
	at java.lang.Thread.run(Thread.java:748)
2019-10-10 01:23:50,579 [java.util.concurrent.ThreadPoolExecutor$Worker@19df5f48[State = -1, empty queue]] WARN  util.TimeoutScheduler (LogUtils.java:runAndLog(55)) - Failed to task #0: java.lang.NullPointerException
 0.00% |█                                                                                                    |  0/1 Time: 0:07:56 0.00% |█                                                                                                    |  0/1 Time: 0:07:57 0.00% |█                                                                                                    |  0/1 Time: 0:07:58 0.00% |█                                                                                                    |  0/1 Time: 0:07:592019-10-10 01:23:54,284 [grpc-default-executor-15] INFO  impl.RaftServerProxy (RaftServerProxy.java:addNew(89)) - 993817e1-c77a-472e-865f-a6e34ffe7967: addNew group-68BADADC1787:[4b92f2f8-e489-47a4-a90a-1d3fa2a9a07f:192.168.151.118:35849, 993817e1-c77a-472e-865f-a6e34ffe7967:192.168.151.118:41261, fe8e0d95-22db-4b8a-875e-83bee4d716fb:192.168.151.118:34352] returns group-68BADADC1787:java.util.concurrent.CompletableFuture@4355176c[Not completed]
2019-10-10 01:23:54,284 [grpc-default-executor-17] INFO  impl.RaftServerProxy (RaftServerProxy.java:addNew(89)) - fe8e0d95-22db-4b8a-875e-83bee4d716fb: addNew group-68BADADC1787:[4b92f2f8-e489-47a4-a90a-1d3fa2a9a07f:192.168.151.118:35849, 993817e1-c77a-472e-865f-a6e34ffe7967:192.168.151.118:41261, fe8e0d95-22db-4b8a-875e-83bee4d716fb:192.168.151.118:34352] returns group-68BADADC1787:java.util.concurrent.CompletableFuture@631c8b3d[Not completed]
2019-10-10 01:23:54,284 [grpc-default-executor-10] INFO  impl.RaftServerProxy (RaftServerProxy.java:addNew(89)) - 4b92f2f8-e489-47a4-a90a-1d3fa2a9a07f: addNew group-68BADADC1787:[4b92f2f8-e489-47a4-a90a-1d3fa2a9a07f:192.168.151.118:35849, 993817e1-c77a-472e-865f-a6e34ffe7967:192.168.151.118:41261, fe8e0d95-22db-4b8a-875e-83bee4d716fb:192.168.151.118:34352] returns group-68BADADC1787:java.util.concurrent.CompletableFuture@2fd6488d[Not completed]
2019-10-10 01:23:54,286 [pool-67-thread-1] INFO  impl.RaftServerImpl (RaftServerImpl.java:<init>(95)) - 4b92f2f8-e489-47a4-a90a-1d3fa2a9a07f: new RaftServerImpl for group-68BADADC1787:[4b92f2f8-e489-47a4-a90a-1d3fa2a9a07f:192.168.151.118:35849, 993817e1-c77a-472e-865f-a6e34ffe7967:192.168.151.118:41261, fe8e0d95-22db-4b8a-875e-83bee4d716fb:192.168.151.118:34352] with ContainerStateMachine:uninitialized
2019-10-10 01:23:54,286 [pool-67-thread-1] INFO  server.RaftServerConfigKeys (ConfUtils.java:logGet(43)) - raft.server.rpc.timeout.min = 5s (custom)
2019-10-10 01:23:54,287 [pool-67-thread-1] INFO  server.RaftServerConfigKeys (ConfUtils.java:logGet(43)) - raft.server.rpc.timeout.max = 5200ms (custom)
2019-10-10 01:23:54,287 [pool-67-thread-1] INFO  server.RaftServerConfigKeys (ConfUtils.java:logGet(43)) - raft.server.rpcslowness.timeout = 120s (custom)
2019-10-10 01:23:54,287 [pool-67-thread-1] INFO  server.RaftServerConfigKeys (ConfUtils.java:logGet(43)) - raft.server.sleep.deviation.threshold = 300 (default)
2019-10-10 01:23:54,287 [pool-67-thread-1] INFO  server.RaftServerConfigKeys (ConfUtils.java:logGet(43)) - raft.server.log.appender.install.snapshot.enabled = false (custom)
2019-10-10 01:23:54,287 [pool-67-thread-1] INFO  impl.RaftServerImpl (ServerState.java:<init>(103)) - 4b92f2f8-e489-47a4-a90a-1d3fa2a9a07f@group-68BADADC1787: ConfigurationManager, init=-1: [4b92f2f8-e489-47a4-a90a-1d3fa2a9a07f:192.168.151.118:35849, 993817e1-c77a-472e-865f-a6e34ffe7967:192.168.151.118:41261, fe8e0d95-22db-4b8a-875e-83bee4d716fb:192.168.151.118:34352], old=null, confs=<EMPTY_MAP>
2019-10-10 01:23:54,287 [pool-27-thread-1] INFO  impl.RaftServerImpl (RaftServerImpl.java:<init>(95)) - 993817e1-c77a-472e-865f-a6e34ffe7967: new RaftServerImpl for group-68BADADC1787:[4b92f2f8-e489-47a4-a90a-1d3fa2a9a07f:192.168.151.118:35849, 993817e1-c77a-472e-865f-a6e34ffe7967:192.168.151.118:41261, fe8e0d95-22db-4b8a-875e-83bee4d716fb:192.168.151.118:34352] with ContainerStateMachine:uninitialized
2019-10-10 01:23:54,287 [pool-27-thread-1] INFO  server.RaftServerConfigKeys (ConfUtils.java:logGet(43)) - raft.server.rpc.timeout.min = 5s (custom)
2019-10-10 01:23:54,287 [pool-67-thread-1] INFO  server.RaftServerConfigKeys (ConfUtils.java:logGet(43)) - raft.server.storage.dir = [/workdir/hadoop-ozone/tools/target/test-dir/MiniOzoneClusterImpl-1e8b0e80-279c-49c4-ae13-42ed318b6149/datanode-4/data/ratis] (custom)
2019-10-10 01:23:54,287 [pool-27-thread-1] INFO  server.RaftServerConfigKeys (ConfUtils.java:logGet(43)) - raft.server.rpc.timeout.max = 5200ms (custom)
2019-10-10 01:23:54,288 [pool-27-thread-1] INFO  server.RaftServerConfigKeys (ConfUtils.java:logGet(43)) - raft.server.rpcslowness.timeout = 120s (custom)
2019-10-10 01:23:54,288 [pool-47-thread-1] INFO  impl.RaftServerImpl (RaftServerImpl.java:<init>(95)) - fe8e0d95-22db-4b8a-875e-83bee4d716fb: new RaftServerImpl for group-68BADADC1787:[4b92f2f8-e489-47a4-a90a-1d3fa2a9a07f:192.168.151.118:35849, 993817e1-c77a-472e-865f-a6e34ffe7967:192.168.151.118:41261, fe8e0d95-22db-4b8a-875e-83bee4d716fb:192.168.151.118:34352] with ContainerStateMachine:uninitialized
2019-10-10 01:23:54,288 [pool-67-thread-1] INFO  server.RaftServerConfigKeys (ConfUtils.java:logGet(43)) - raft.server.log.corruption.policy = EXCEPTION (default)
2019-10-10 01:23:54,288 [pool-27-thread-1] INFO  server.RaftServerConfigKeys (ConfUtils.java:logGet(43)) - raft.server.sleep.deviation.threshold = 300 (default)
2019-10-10 01:23:54,288 [pool-67-thread-1] INFO  storage.RaftStorageDirectory (RaftStorageDirectory.java:analyzeStorage(246)) - The storage directory /workdir/hadoop-ozone/tools/target/test-dir/MiniOzoneClusterImpl-1e8b0e80-279c-49c4-ae13-42ed318b6149/datanode-4/data/ratis/93550a01-12ce-4828-af38-68badadc1787 does not exist. Creating ...
2019-10-10 01:23:54,288 [pool-47-thread-1] INFO  server.RaftServerConfigKeys (ConfUtils.java:logGet(43)) - raft.server.rpc.timeout.min = 5s (custom)
2019-10-10 01:23:54,288 [pool-27-thread-1] INFO  server.RaftServerConfigKeys (ConfUtils.java:logGet(43)) - raft.server.log.appender.install.snapshot.enabled = false (custom)
2019-10-10 01:23:54,288 [pool-47-thread-1] INFO  server.RaftServerConfigKeys (ConfUtils.java:logGet(43)) - raft.server.rpc.timeout.max = 5200ms (custom)
2019-10-10 01:23:54,289 [pool-27-thread-1] INFO  impl.RaftServerImpl (ServerState.java:<init>(103)) - 993817e1-c77a-472e-865f-a6e34ffe7967@group-68BADADC1787: ConfigurationManager, init=-1: [4b92f2f8-e489-47a4-a90a-1d3fa2a9a07f:192.168.151.118:35849, 993817e1-c77a-472e-865f-a6e34ffe7967:192.168.151.118:41261, fe8e0d95-22db-4b8a-875e-83bee4d716fb:192.168.151.118:34352], old=null, confs=<EMPTY_MAP>
2019-10-10 01:23:54,289 [pool-47-thread-1] INFO  server.RaftServerConfigKeys (ConfUtils.java:logGet(43)) - raft.server.rpcslowness.timeout = 120s (custom)
2019-10-10 01:23:54,289 [pool-27-thread-1] INFO  server.RaftServerConfigKeys (ConfUtils.java:logGet(43)) - raft.server.storage.dir = [/workdir/hadoop-ozone/tools/target/test-dir/MiniOzoneClusterImpl-1e8b0e80-279c-49c4-ae13-42ed318b6149/datanode-0/data/ratis] (custom)
2019-10-10 01:23:54,289 [pool-47-thread-1] INFO  server.RaftServerConfigKeys (ConfUtils.java:logGet(43)) - raft.server.sleep.deviation.threshold = 300 (default)
2019-10-10 01:23:54,289 [pool-27-thread-1] INFO  server.RaftServerConfigKeys (ConfUtils.java:logGet(43)) - raft.server.log.corruption.policy = EXCEPTION (default)
2019-10-10 01:23:54,289 [pool-47-thread-1] INFO  server.RaftServerConfigKeys (ConfUtils.java:logGet(43)) - raft.server.log.appender.install.snapshot.enabled = false (custom)
2019-10-10 01:23:54,289 [pool-27-thread-1] INFO  storage.RaftStorageDirectory (RaftStorageDirectory.java:analyzeStorage(246)) - The storage directory /workdir/hadoop-ozone/tools/target/test-dir/MiniOzoneClusterImpl-1e8b0e80-279c-49c4-ae13-42ed318b6149/datanode-0/data/ratis/93550a01-12ce-4828-af38-68badadc1787 does not exist. Creating ...
2019-10-10 01:23:54,289 [pool-47-thread-1] INFO  impl.RaftServerImpl (ServerState.java:<init>(103)) - fe8e0d95-22db-4b8a-875e-83bee4d716fb@group-68BADADC1787: ConfigurationManager, init=-1: [4b92f2f8-e489-47a4-a90a-1d3fa2a9a07f:192.168.151.118:35849, 993817e1-c77a-472e-865f-a6e34ffe7967:192.168.151.118:41261, fe8e0d95-22db-4b8a-875e-83bee4d716fb:192.168.151.118:34352], old=null, confs=<EMPTY_MAP>
2019-10-10 01:23:54,289 [pool-47-thread-1] INFO  server.RaftServerConfigKeys (ConfUtils.java:logGet(43)) - raft.server.storage.dir = [/workdir/hadoop-ozone/tools/target/test-dir/MiniOzoneClusterImpl-1e8b0e80-279c-49c4-ae13-42ed318b6149/datanode-2/data/ratis] (custom)
2019-10-10 01:23:54,290 [pool-47-thread-1] INFO  server.RaftServerConfigKeys (ConfUtils.java:logGet(43)) - raft.server.log.corruption.policy = EXCEPTION (default)
2019-10-10 01:23:54,290 [pool-47-thread-1] INFO  storage.RaftStorageDirectory (RaftStorageDirectory.java:analyzeStorage(246)) - The storage directory /workdir/hadoop-ozone/tools/target/test-dir/MiniOzoneClusterImpl-1e8b0e80-279c-49c4-ae13-42ed318b6149/datanode-2/data/ratis/93550a01-12ce-4828-af38-68badadc1787 does not exist. Creating ...
2019-10-10 01:23:54,315 [pool-67-thread-1] INFO  storage.RaftStorageDirectory (RaftStorageDirectory.java:tryLock(328)) - Lock on /workdir/hadoop-ozone/tools/target/test-dir/MiniOzoneClusterImpl-1e8b0e80-279c-49c4-ae13-42ed318b6149/datanode-4/data/ratis/93550a01-12ce-4828-af38-68badadc1787/in_use.lock acquired by nodename 12932@pr-hdds-2194-jqrdw-3579824535
2019-10-10 01:23:54,315 [pool-47-thread-1] INFO  storage.RaftStorageDirectory (RaftStorageDirectory.java:tryLock(328)) - Lock on /workdir/hadoop-ozone/tools/target/test-dir/MiniOzoneClusterImpl-1e8b0e80-279c-49c4-ae13-42ed318b6149/datanode-2/data/ratis/93550a01-12ce-4828-af38-68badadc1787/in_use.lock acquired by nodename 12932@pr-hdds-2194-jqrdw-3579824535
2019-10-10 01:23:54,315 [pool-27-thread-1] INFO  storage.RaftStorageDirectory (RaftStorageDirectory.java:tryLock(328)) - Lock on /workdir/hadoop-ozone/tools/target/test-dir/MiniOzoneClusterImpl-1e8b0e80-279c-49c4-ae13-42ed318b6149/datanode-0/data/ratis/93550a01-12ce-4828-af38-68badadc1787/in_use.lock acquired by nodename 12932@pr-hdds-2194-jqrdw-3579824535
2019-10-10 01:23:54,341 [pool-47-thread-1] INFO  storage.RaftStorage (RaftStorage.java:format(84)) - Storage directory /workdir/hadoop-ozone/tools/target/test-dir/MiniOzoneClusterImpl-1e8b0e80-279c-49c4-ae13-42ed318b6149/datanode-2/data/ratis/93550a01-12ce-4828-af38-68badadc1787 has been successfully formatted.
2019-10-10 01:23:54,341 [pool-27-thread-1] INFO  storage.RaftStorage (RaftStorage.java:format(84)) - Storage directory /workdir/hadoop-ozone/tools/target/test-dir/MiniOzoneClusterImpl-1e8b0e80-279c-49c4-ae13-42ed318b6149/datanode-0/data/ratis/93550a01-12ce-4828-af38-68badadc1787 has been successfully formatted.
2019-10-10 01:23:54,341 [pool-47-thread-1] INFO  ratis.ContainerStateMachine (ContainerStateMachine.java:loadSnapshot(231)) - group-68BADADC1787: The snapshot info is null. Setting the last applied indexto:(t:0, i:~)
2019-10-10 01:23:54,341 [pool-67-thread-1] INFO  storage.RaftStorage (RaftStorage.java:format(84)) - Storage directory /workdir/hadoop-ozone/tools/target/test-dir/MiniOzoneClusterImpl-1e8b0e80-279c-49c4-ae13-42ed318b6149/datanode-4/data/ratis/93550a01-12ce-4828-af38-68badadc1787 has been successfully formatted.
2019-10-10 01:23:54,341 [pool-27-thread-1] INFO  ratis.ContainerStateMachine (ContainerStateMachine.java:loadSnapshot(231)) - group-68BADADC1787: The snapshot info is null. Setting the last applied indexto:(t:0, i:~)
2019-10-10 01:23:54,341 [pool-47-thread-1] INFO  server.RaftServerConfigKeys (ConfUtils.java:logGet(43)) - raft.server.notification.no-leader.timeout = 120s (custom)
2019-10-10 01:23:54,341 [pool-27-thread-1] INFO  server.RaftServerConfigKeys (ConfUtils.java:logGet(43)) - raft.server.notification.no-leader.timeout = 120s (custom)
2019-10-10 01:23:54,341 [pool-67-thread-1] INFO  ratis.ContainerStateMachine (ContainerStateMachine.java:loadSnapshot(231)) - group-68BADADC1787: The snapshot info is null. Setting the last applied indexto:(t:0, i:~)
2019-10-10 01:23:54,342 [pool-27-thread-1] INFO  server.RaftServerConfigKeys (ConfUtils.java:logGet(43)) - raft.server.log.use.memory = false (default)
2019-10-10 01:23:54,342 [pool-47-thread-1] INFO  server.RaftServerConfigKeys (ConfUtils.java:logGet(43)) - raft.server.log.use.memory = false (default)
2019-10-10 01:23:54,342 [pool-27-thread-1] INFO  server.RaftServerConfigKeys (ConfUtils.java:logGet(43)) - raft.server.log.purge.gap = 1000000 (custom)
2019-10-10 01:23:54,342 [pool-67-thread-1] INFO  server.RaftServerConfigKeys (ConfUtils.java:logGet(43)) - raft.server.notification.no-leader.timeout = 120s (custom)
2019-10-10 01:23:54,342 [pool-27-thread-1] INFO  server.RaftServerConfigKeys (ConfUtils.java:logGet(43)) - raft.server.log.appender.buffer.byte-limit = 33554432 (custom)
2019-10-10 01:23:54,342 [pool-47-thread-1] INFO  server.RaftServerConfigKeys (ConfUtils.java:logGet(43)) - raft.server.log.purge.gap = 1000000 (custom)
2019-10-10 01:23:54,342 [pool-27-thread-1] INFO  server.RaftServerConfigKeys (ConfUtils.java:logGet(43)) - raft.server.log.segment.size.max = 1048576 (custom)
2019-10-10 01:23:54,342 [pool-67-thread-1] INFO  server.RaftServerConfigKeys (ConfUtils.java:logGet(43)) - raft.server.log.use.memory = false (default)
2019-10-10 01:23:54,342 [pool-47-thread-1] INFO  server.RaftServerConfigKeys (ConfUtils.java:logGet(43)) - raft.server.log.appender.buffer.byte-limit = 33554432 (custom)
2019-10-10 01:23:54,343 [pool-67-thread-1] INFO  server.RaftServerConfigKeys (ConfUtils.java:logGet(43)) - raft.server.log.purge.gap = 1000000 (custom)
2019-10-10 01:23:54,343 [pool-27-thread-1] INFO  server.RaftServerConfigKeys (ConfUtils.java:logGet(43)) - raft.server.log.segment.cache.num.max = 2 (custom)
2019-10-10 01:23:54,343 [pool-67-thread-1] INFO  server.RaftServerConfigKeys (ConfUtils.java:logGet(43)) - raft.server.log.appender.buffer.byte-limit = 33554432 (custom)
2019-10-10 01:23:54,343 [pool-47-thread-1] INFO  server.RaftServerConfigKeys (ConfUtils.java:logGet(43)) - raft.server.log.segment.size.max = 1048576 (custom)
2019-10-10 01:23:54,343 [pool-67-thread-1] INFO  server.RaftServerConfigKeys (ConfUtils.java:logGet(43)) - raft.server.log.segment.size.max = 1048576 (custom)
2019-10-10 01:23:54,343 [pool-27-thread-1] INFO  segmented.SegmentedRaftLogWorker (SegmentedRaftLogWorker.java:<init>(173)) - new 993817e1-c77a-472e-865f-a6e34ffe7967@group-68BADADC1787-SegmentedRaftLogWorker for RaftStorage:Storage Directory /workdir/hadoop-ozone/tools/target/test-dir/MiniOzoneClusterImpl-1e8b0e80-279c-49c4-ae13-42ed318b6149/datanode-0/data/ratis/93550a01-12ce-4828-af38-68badadc1787
2019-10-10 01:23:54,343 [pool-67-thread-1] INFO  server.RaftServerConfigKeys (ConfUtils.java:logGet(43)) - raft.server.log.segment.cache.num.max = 2 (custom)
2019-10-10 01:23:54,343 [pool-47-thread-1] INFO  server.RaftServerConfigKeys (ConfUtils.java:logGet(43)) - raft.server.log.segment.cache.num.max = 2 (custom)
2019-10-10 01:23:54,344 [pool-67-thread-1] INFO  segmented.SegmentedRaftLogWorker (SegmentedRaftLogWorker.java:<init>(173)) - new 4b92f2f8-e489-47a4-a90a-1d3fa2a9a07f@group-68BADADC1787-SegmentedRaftLogWorker for RaftStorage:Storage Directory /workdir/hadoop-ozone/tools/target/test-dir/MiniOzoneClusterImpl-1e8b0e80-279c-49c4-ae13-42ed318b6149/datanode-4/data/ratis/93550a01-12ce-4828-af38-68badadc1787
2019-10-10 01:23:54,343 [pool-27-thread-1] INFO  server.RaftServerConfigKeys (ConfUtils.java:logGet(43)) - raft.server.log.queue.byte-limit = 2147483647 (custom)
2019-10-10 01:23:54,344 [pool-67-thread-1] INFO  server.RaftServerConfigKeys (ConfUtils.java:logGet(43)) - raft.server.log.queue.byte-limit = 2147483647 (custom)
2019-10-10 01:23:54,344 [pool-47-thread-1] INFO  segmented.SegmentedRaftLogWorker (SegmentedRaftLogWorker.java:<init>(173)) - new fe8e0d95-22db-4b8a-875e-83bee4d716fb@group-68BADADC1787-SegmentedRaftLogWorker for RaftStorage:Storage Directory /workdir/hadoop-ozone/tools/target/test-dir/MiniOzoneClusterImpl-1e8b0e80-279c-49c4-ae13-42ed318b6149/datanode-2/data/ratis/93550a01-12ce-4828-af38-68badadc1787
2019-10-10 01:23:54,344 [pool-67-thread-1] INFO  server.RaftServerConfigKeys (ConfUtils.java:logGet(43)) - raft.server.log.queue.element-limit = 1024 (custom)
2019-10-10 01:23:54,344 [pool-27-thread-1] INFO  server.RaftServerConfigKeys (ConfUtils.java:logGet(43)) - raft.server.log.queue.element-limit = 1024 (custom)
2019-10-10 01:23:54,344 [pool-67-thread-1] INFO  server.RaftServerConfigKeys (ConfUtils.java:logGet(43)) - raft.server.log.segment.size.max = 1048576 (custom)
2019-10-10 01:23:54,344 [pool-47-thread-1] INFO  server.RaftServerConfigKeys (ConfUtils.java:logGet(43)) - raft.server.log.queue.byte-limit = 2147483647 (custom)
2019-10-10 01:23:54,344 [pool-67-thread-1] INFO  server.RaftServerConfigKeys (ConfUtils.java:logGet(43)) - raft.server.log.preallocated.size = 16384 (custom)
2019-10-10 01:23:54,344 [pool-27-thread-1] INFO  server.RaftServerConfigKeys (ConfUtils.java:logGet(43)) - raft.server.log.segment.size.max = 1048576 (custom)
2019-10-10 01:23:54,345 [pool-67-thread-1] INFO  server.RaftServerConfigKeys (ConfUtils.java:logGet(43)) - raft.server.log.write.buffer.size = 33554432 (custom)
2019-10-10 01:23:54,344 [pool-47-thread-1] INFO  server.RaftServerConfigKeys (ConfUtils.java:logGet(43)) - raft.server.log.queue.element-limit = 1024 (custom)
2019-10-10 01:23:54,345 [pool-67-thread-1] INFO  server.RaftServerConfigKeys (ConfUtils.java:logGet(43)) - raft.server.log.force.sync.num = 128 (default)
2019-10-10 01:23:54,345 [pool-27-thread-1] INFO  server.RaftServerConfigKeys (ConfUtils.java:logGet(43)) - raft.server.log.preallocated.size = 16384 (custom)
2019-10-10 01:23:54,345 [pool-67-thread-1] INFO  server.RaftServerConfigKeys (ConfUtils.java:logGet(43)) - raft.server.log.statemachine.data.sync = true (default)
2019-10-10 01:23:54,345 [pool-47-thread-1] INFO  server.RaftServerConfigKeys (ConfUtils.java:logGet(43)) - raft.server.log.segment.size.max = 1048576 (custom)
2019-10-10 01:23:54,345 [pool-67-thread-1] INFO  server.RaftServerConfigKeys (ConfUtils.java:logGet(43)) - raft.server.log.statemachine.data.sync.timeout = 10s (default)
2019-10-10 01:23:54,345 [pool-27-thread-1] INFO  server.RaftServerConfigKeys (ConfUtils.java:logGet(43)) - raft.server.log.write.buffer.size = 33554432 (custom)
2019-10-10 01:23:54,345 [pool-67-thread-1] INFO  server.RaftServerConfigKeys (ConfUtils.java:logGet(43)) - raft.server.log.statemachine.data.sync.timeout.retry = -1 (default)
2019-10-10 01:23:54,345 [pool-47-thread-1] INFO  server.RaftServerConfigKeys (ConfUtils.java:logGet(43)) - raft.server.log.preallocated.size = 16384 (custom)
2019-10-10 01:23:54,346 [pool-67-thread-1] INFO  server.RaftServerConfigKeys (ConfUtils.java:logGet(43)) - raft.server.log.statemachine.data.caching.enabled = true (custom)
2019-10-10 01:23:54,345 [pool-27-thread-1] INFO  server.RaftServerConfigKeys (ConfUtils.java:logGet(43)) - raft.server.log.force.sync.num = 128 (default)
2019-10-10 01:23:54,346 [pool-47-thread-1] INFO  server.RaftServerConfigKeys (ConfUtils.java:logGet(43)) - raft.server.log.write.buffer.size = 33554432 (custom)
2019-10-10 01:23:54,346 [pool-27-thread-1] INFO  server.RaftServerConfigKeys (ConfUtils.java:logGet(43)) - raft.server.log.statemachine.data.sync = true (default)
2019-10-10 01:23:54,346 [pool-67-thread-1] INFO  segmented.SegmentedRaftLogWorker (SegmentedRaftLogWorker.java:lambda$new$0(128)) - 4b92f2f8-e489-47a4-a90a-1d3fa2a9a07f@group-68BADADC1787-SegmentedRaftLogWorker: flushIndex: setUnconditionally 0 -> -1
2019-10-10 01:23:54,346 [pool-27-thread-1] INFO  server.RaftServerConfigKeys (ConfUtils.java:logGet(43)) - raft.server.log.statemachine.data.sync.timeout = 10s (default)
2019-10-10 01:23:54,346 [pool-47-thread-1] INFO  server.RaftServerConfigKeys (ConfUtils.java:logGet(43)) - raft.server.log.force.sync.num = 128 (default)
2019-10-10 01:23:54,347 [pool-67-thread-1] INFO  server.RaftServerConfigKeys (ConfUtils.java:logGet(43)) - raft.server.snapshot.auto.trigger.enabled = true (custom)
2019-10-10 01:23:54,346 [pool-27-thread-1] INFO  server.RaftServerConfigKeys (ConfUtils.java:logGet(43)) - raft.server.log.statemachine.data.sync.timeout.retry = -1 (default)
2019-10-10 01:23:54,347 [pool-67-thread-1] INFO  server.RaftServerConfigKeys (ConfUtils.java:logGet(43)) - raft.server.snapshot.auto.trigger.threshold = 10000 (custom)
2019-10-10 01:23:54,347 [pool-47-thread-1] INFO  server.RaftServerConfigKeys (ConfUtils.java:logGet(43)) - raft.server.log.statemachine.data.sync = true (default)
2019-10-10 01:23:54,347 [pool-67-thread-1] INFO  server.RaftServerConfigKeys (ConfUtils.java:logGet(43)) - raft.server.snapshot.retention.file.num = 5 (custom)
2019-10-10 01:23:54,347 [pool-27-thread-1] INFO  server.RaftServerConfigKeys (ConfUtils.java:logGet(43)) - raft.server.log.statemachine.data.caching.enabled = true (custom)
2019-10-10 01:23:54,347 [pool-67-thread-1] INFO  server.RaftServerConfigKeys (ConfUtils.java:logGet(43)) - raft.server.retrycache.expirytime = 600000ms (custom)
2019-10-10 01:23:54,347 [pool-47-thread-1] INFO  server.RaftServerConfigKeys (ConfUtils.java:logGet(43)) - raft.server.log.statemachine.data.sync.timeout = 10s (default)
2019-10-10 01:23:54,347 [pool-27-thread-1] INFO  segmented.SegmentedRaftLogWorker (SegmentedRaftLogWorker.java:lambda$new$0(128)) - 993817e1-c77a-472e-865f-a6e34ffe7967@group-68BADADC1787-SegmentedRaftLogWorker: flushIndex: setUnconditionally 0 -> -1
2019-10-10 01:23:54,348 [pool-47-thread-1] INFO  server.RaftServerConfigKeys (ConfUtils.java:logGet(43)) - raft.server.log.statemachine.data.sync.timeout.retry = -1 (default)
2019-10-10 01:23:54,348 [pool-27-thread-1] INFO  server.RaftServerConfigKeys (ConfUtils.java:logGet(43)) - raft.server.snapshot.auto.trigger.enabled = true (custom)
2019-10-10 01:23:54,348 [pool-47-thread-1] INFO  server.RaftServerConfigKeys (ConfUtils.java:logGet(43)) - raft.server.log.statemachine.data.caching.enabled = true (custom)
2019-10-10 01:23:54,348 [pool-27-thread-1] INFO  server.RaftServerConfigKeys (ConfUtils.java:logGet(43)) - raft.server.snapshot.auto.trigger.threshold = 10000 (custom)
2019-10-10 01:23:54,348 [pool-27-thread-1] INFO  server.RaftServerConfigKeys (ConfUtils.java:logGet(43)) - raft.server.snapshot.retention.file.num = 5 (custom)
2019-10-10 01:23:54,348 [pool-47-thread-1] INFO  segmented.SegmentedRaftLogWorker (SegmentedRaftLogWorker.java:lambda$new$0(128)) - fe8e0d95-22db-4b8a-875e-83bee4d716fb@group-68BADADC1787-SegmentedRaftLogWorker: flushIndex: setUnconditionally 0 -> -1
2019-10-10 01:23:54,348 [pool-27-thread-1] INFO  server.RaftServerConfigKeys (ConfUtils.java:logGet(43)) - raft.server.retrycache.expirytime = 600000ms (custom)
2019-10-10 01:23:54,349 [pool-47-thread-1] INFO  server.RaftServerConfigKeys (ConfUtils.java:logGet(43)) - raft.server.snapshot.auto.trigger.enabled = true (custom)
2019-10-10 01:23:54,349 [pool-47-thread-1] INFO  server.RaftServerConfigKeys (ConfUtils.java:logGet(43)) - raft.server.snapshot.auto.trigger.threshold = 10000 (custom)
2019-10-10 01:23:54,349 [pool-47-thread-1] INFO  server.RaftServerConfigKeys (ConfUtils.java:logGet(43)) - raft.server.snapshot.retention.file.num = 5 (custom)
2019-10-10 01:23:54,349 [pool-47-thread-1] INFO  server.RaftServerConfigKeys (ConfUtils.java:logGet(43)) - raft.server.retrycache.expirytime = 600000ms (custom)
2019-10-10 01:23:54,350 [pool-67-thread-1] INFO  impl.RaftServerImpl (RaftServerImpl.java:start(181)) - 4b92f2f8-e489-47a4-a90a-1d3fa2a9a07f@group-68BADADC1787: start as a follower, conf=-1: [4b92f2f8-e489-47a4-a90a-1d3fa2a9a07f:192.168.151.118:35849, 993817e1-c77a-472e-865f-a6e34ffe7967:192.168.151.118:41261, fe8e0d95-22db-4b8a-875e-83bee4d716fb:192.168.151.118:34352], old=null
2019-10-10 01:23:54,351 [pool-67-thread-1] INFO  impl.RaftServerImpl (RaftServerImpl.java:setRole(170)) - 4b92f2f8-e489-47a4-a90a-1d3fa2a9a07f@group-68BADADC1787: changes role from      null to FOLLOWER at term 0 for startAsFollower
2019-10-10 01:23:54,351 [pool-67-thread-1] INFO  impl.RoleInfo (RoleInfo.java:updateAndGet(143)) - 4b92f2f8-e489-47a4-a90a-1d3fa2a9a07f: start FollowerState
2019-10-10 01:23:54,351 [pool-67-thread-1] INFO  util.JmxRegister (JmxRegister.java:tryRegister(44)) - Successfully registered JMX Bean with object name Ratis:service=RaftServer,group=group-68BADADC1787,id=4b92f2f8-e489-47a4-a90a-1d3fa2a9a07f
2019-10-10 01:23:54,351 [pool-27-thread-1] INFO  impl.RaftServerImpl (RaftServerImpl.java:start(181)) - 993817e1-c77a-472e-865f-a6e34ffe7967@group-68BADADC1787: start as a follower, conf=-1: [4b92f2f8-e489-47a4-a90a-1d3fa2a9a07f:192.168.151.118:35849, 993817e1-c77a-472e-865f-a6e34ffe7967:192.168.151.118:41261, fe8e0d95-22db-4b8a-875e-83bee4d716fb:192.168.151.118:34352], old=null
2019-10-10 01:23:54,351 [pool-27-thread-1] INFO  impl.RaftServerImpl (RaftServerImpl.java:setRole(170)) - 993817e1-c77a-472e-865f-a6e34ffe7967@group-68BADADC1787: changes role from      null to FOLLOWER at term 0 for startAsFollower
2019-10-10 01:23:54,351 [pool-27-thread-1] INFO  impl.RoleInfo (RoleInfo.java:updateAndGet(143)) - 993817e1-c77a-472e-865f-a6e34ffe7967: start FollowerState
2019-10-10 01:23:54,352 [pool-47-thread-1] INFO  impl.RaftServerImpl (RaftServerImpl.java:start(181)) - fe8e0d95-22db-4b8a-875e-83bee4d716fb@group-68BADADC1787: start as a follower, conf=-1: [4b92f2f8-e489-47a4-a90a-1d3fa2a9a07f:192.168.151.118:35849, 993817e1-c77a-472e-865f-a6e34ffe7967:192.168.151.118:41261, fe8e0d95-22db-4b8a-875e-83bee4d716fb:192.168.151.118:34352], old=null
2019-10-10 01:23:54,352 [pool-27-thread-1] INFO  util.JmxRegister (JmxRegister.java:tryRegister(44)) - Successfully registered JMX Bean with object name Ratis:service=RaftServer,group=group-68BADADC1787,id=993817e1-c77a-472e-865f-a6e34ffe7967
2019-10-10 01:23:54,352 [pool-47-thread-1] INFO  impl.RaftServerImpl (RaftServerImpl.java:setRole(170)) - fe8e0d95-22db-4b8a-875e-83bee4d716fb@group-68BADADC1787: changes role from      null to FOLLOWER at term 0 for startAsFollower
2019-10-10 01:23:54,352 [pool-47-thread-1] INFO  impl.RoleInfo (RoleInfo.java:updateAndGet(143)) - fe8e0d95-22db-4b8a-875e-83bee4d716fb: start FollowerState
2019-10-10 01:23:54,352 [pool-47-thread-1] INFO  util.JmxRegister (JmxRegister.java:tryRegister(44)) - Successfully registered JMX Bean with object name Ratis:service=RaftServer,group=group-68BADADC1787,id=fe8e0d95-22db-4b8a-875e-83bee4d716fb
2019-10-10 01:23:54,360 [RatisPipelineUtilsThread] INFO  pipeline.PipelineStateManager (PipelineStateManager.java:addPipeline(56)) - Created pipeline Pipeline[ Id: 93550a01-12ce-4828-af38-68badadc1787, Nodes: 4b92f2f8-e489-47a4-a90a-1d3fa2a9a07f{ip: 192.168.151.118, host: pr-hdds-2194-jqrdw-3579824535, networkLocation: /default-rack, certSerialId: null}fe8e0d95-22db-4b8a-875e-83bee4d716fb{ip: 192.168.151.118, host: pr-hdds-2194-jqrdw-3579824535, networkLocation: /default-rack, certSerialId: null}993817e1-c77a-472e-865f-a6e34ffe7967{ip: 192.168.151.118, host: pr-hdds-2194-jqrdw-3579824535, networkLocation: /default-rack, certSerialId: null}, Type:RATIS, Factor:THREE, State:OPEN]
2019-10-10 01:23:54,606 [java.util.concurrent.ThreadPoolExecutor$Worker@3f900a9a[State = -1, empty queue]] ERROR client.GrpcClientProtocolClient (GrpcClientProtocolClient.java:close(148)) - Unexpected exception while waiting for channel termination
java.lang.InterruptedException
	at java.util.concurrent.locks.AbstractQueuedSynchronizer.tryAcquireSharedNanos(AbstractQueuedSynchronizer.java:1326)
	at java.util.concurrent.CountDownLatch.await(CountDownLatch.java:277)
	at org.apache.ratis.thirdparty.io.grpc.internal.ManagedChannelImpl.awaitTermination(ManagedChannelImpl.java:763)
	at org.apache.ratis.thirdparty.io.grpc.internal.ForwardingManagedChannel.awaitTermination(ForwardingManagedChannel.java:57)
	at org.apache.ratis.thirdparty.io.grpc.internal.ManagedChannelOrphanWrapper.awaitTermination(ManagedChannelOrphanWrapper.java:70)
	at org.apache.ratis.grpc.client.GrpcClientProtocolClient.close(GrpcClientProtocolClient.java:146)
	at org.apache.ratis.util.PeerProxyMap$PeerAndProxy.lambda$close$1(PeerProxyMap.java:74)
	at org.apache.ratis.util.LifeCycle.lambda$checkStateAndClose$2(LifeCycle.java:231)
	at org.apache.ratis.util.LifeCycle.checkStateAndClose(LifeCycle.java:251)
	at org.apache.ratis.util.LifeCycle.checkStateAndClose(LifeCycle.java:229)
	at org.apache.ratis.util.PeerProxyMap$PeerAndProxy.close(PeerProxyMap.java:70)
	at org.apache.ratis.util.PeerProxyMap.resetProxy(PeerProxyMap.java:127)
	at org.apache.ratis.util.PeerProxyMap.handleException(PeerProxyMap.java:136)
	at org.apache.ratis.client.impl.RaftClientRpcWithProxy.handleException(RaftClientRpcWithProxy.java:47)
	at org.apache.ratis.client.impl.RaftClientImpl.handleIOException(RaftClientImpl.java:372)
	at org.apache.ratis.client.impl.OrderedAsync.lambda$sendRequest$10(OrderedAsync.java:236)
	at java.util.concurrent.CompletableFuture.uniExceptionally(CompletableFuture.java:870)
	at java.util.concurrent.CompletableFuture$UniExceptionally.tryFire(CompletableFuture.java:852)
	at java.util.concurrent.CompletableFuture.postComplete(CompletableFuture.java:474)
	at java.util.concurrent.CompletableFuture.completeExceptionally(CompletableFuture.java:1977)
	at org.apache.ratis.grpc.client.GrpcClientProtocolClient$AsyncStreamObservers.lambda$timeoutCheck$3(GrpcClientProtocolClient.java:324)
	at java.util.Optional.ifPresent(Optional.java:159)
	at org.apache.ratis.grpc.client.GrpcClientProtocolClient$AsyncStreamObservers.handleReplyFuture(GrpcClientProtocolClient.java:329)
	at org.apache.ratis.grpc.client.GrpcClientProtocolClient$AsyncStreamObservers.timeoutCheck(GrpcClientProtocolClient.java:324)
	at org.apache.ratis.grpc.client.GrpcClientProtocolClient$AsyncStreamObservers.lambda$onNext$1(GrpcClientProtocolClient.java:318)
	at org.apache.ratis.util.TimeoutScheduler.lambda$onTimeout$0(TimeoutScheduler.java:113)
	at org.apache.ratis.util.TimeoutScheduler.lambda$onTimeout$1(TimeoutScheduler.java:133)
	at org.apache.ratis.util.LogUtils.runAndLog(LogUtils.java:50)
	at org.apache.ratis.util.LogUtils$1.run(LogUtils.java:91)
	at java.util.concurrent.Executors$RunnableAdapter.call(Executors.java:511)
	at java.util.concurrent.FutureTask.run(FutureTask.java:266)
	at java.util.concurrent.ScheduledThreadPoolExecutor$ScheduledFutureTask.access$201(ScheduledThreadPoolExecutor.java:180)
	at java.util.concurrent.ScheduledThreadPoolExecutor$ScheduledFutureTask.run(ScheduledThreadPoolExecutor.java:293)
	at java.util.concurrent.ThreadPoolExecutor.runWorker(ThreadPoolExecutor.java:1149)
	at java.util.concurrent.ThreadPoolExecutor$Worker.run(ThreadPoolExecutor.java:624)
	at java.lang.Thread.run(Thread.java:748)
2019-10-10 01:23:54,607 [java.util.concurrent.ThreadPoolExecutor$Worker@3f900a9a[State = -1, empty queue]] WARN  util.TimeoutScheduler (LogUtils.java:runAndLog(55)) - Failed to task #0: java.lang.NullPointerException
 0.00% |█                                                                                                    |  0/1 Time: 0:08:00 0.00% |█                                                                                                    |  0/1 Time: 0:08:01 0.00% |█                                                                                                    |  0/1 Time: 0:08:02 0.00% |█                                                                                                    |  0/1 Time: 0:08:032019-10-10 01:23:58,632 [java.util.concurrent.ThreadPoolExecutor$Worker@2e6e5f11[State = -1, empty queue]] ERROR client.GrpcClientProtocolClient (GrpcClientProtocolClient.java:close(148)) - Unexpected exception while waiting for channel termination
java.lang.InterruptedException
	at java.util.concurrent.locks.AbstractQueuedSynchronizer.tryAcquireSharedNanos(AbstractQueuedSynchronizer.java:1326)
	at java.util.concurrent.CountDownLatch.await(CountDownLatch.java:277)
	at org.apache.ratis.thirdparty.io.grpc.internal.ManagedChannelImpl.awaitTermination(ManagedChannelImpl.java:763)
	at org.apache.ratis.thirdparty.io.grpc.internal.ForwardingManagedChannel.awaitTermination(ForwardingManagedChannel.java:57)
	at org.apache.ratis.thirdparty.io.grpc.internal.ManagedChannelOrphanWrapper.awaitTermination(ManagedChannelOrphanWrapper.java:70)
	at org.apache.ratis.grpc.client.GrpcClientProtocolClient.close(GrpcClientProtocolClient.java:146)
	at org.apache.ratis.util.PeerProxyMap$PeerAndProxy.lambda$close$1(PeerProxyMap.java:74)
	at org.apache.ratis.util.LifeCycle.lambda$checkStateAndClose$2(LifeCycle.java:231)
	at org.apache.ratis.util.LifeCycle.checkStateAndClose(LifeCycle.java:251)
	at org.apache.ratis.util.LifeCycle.checkStateAndClose(LifeCycle.java:229)
	at org.apache.ratis.util.PeerProxyMap$PeerAndProxy.close(PeerProxyMap.java:70)
	at org.apache.ratis.util.PeerProxyMap.resetProxy(PeerProxyMap.java:127)
	at org.apache.ratis.util.PeerProxyMap.handleException(PeerProxyMap.java:136)
	at org.apache.ratis.client.impl.RaftClientRpcWithProxy.handleException(RaftClientRpcWithProxy.java:47)
	at org.apache.ratis.client.impl.RaftClientImpl.handleIOException(RaftClientImpl.java:372)
	at org.apache.ratis.client.impl.OrderedAsync.lambda$sendRequest$10(OrderedAsync.java:236)
	at java.util.concurrent.CompletableFuture.uniExceptionally(CompletableFuture.java:870)
	at java.util.concurrent.CompletableFuture$UniExceptionally.tryFire(CompletableFuture.java:852)
	at java.util.concurrent.CompletableFuture.postComplete(CompletableFuture.java:474)
	at java.util.concurrent.CompletableFuture.completeExceptionally(CompletableFuture.java:1977)
	at org.apache.ratis.grpc.client.GrpcClientProtocolClient$AsyncStreamObservers.lambda$timeoutCheck$3(GrpcClientProtocolClient.java:324)
	at java.util.Optional.ifPresent(Optional.java:159)
	at org.apache.ratis.grpc.client.GrpcClientProtocolClient$AsyncStreamObservers.handleReplyFuture(GrpcClientProtocolClient.java:329)
	at org.apache.ratis.grpc.client.GrpcClientProtocolClient$AsyncStreamObservers.timeoutCheck(GrpcClientProtocolClient.java:324)
	at org.apache.ratis.grpc.client.GrpcClientProtocolClient$AsyncStreamObservers.lambda$onNext$1(GrpcClientProtocolClient.java:318)
	at org.apache.ratis.util.TimeoutScheduler.lambda$onTimeout$0(TimeoutScheduler.java:113)
	at org.apache.ratis.util.TimeoutScheduler.lambda$onTimeout$1(TimeoutScheduler.java:133)
	at org.apache.ratis.util.LogUtils.runAndLog(LogUtils.java:50)
	at org.apache.ratis.util.LogUtils$1.run(LogUtils.java:91)
	at java.util.concurrent.Executors$RunnableAdapter.call(Executors.java:511)
	at java.util.concurrent.FutureTask.run(FutureTask.java:266)
	at java.util.concurrent.ScheduledThreadPoolExecutor$ScheduledFutureTask.access$201(ScheduledThreadPoolExecutor.java:180)
	at java.util.concurrent.ScheduledThreadPoolExecutor$ScheduledFutureTask.run(ScheduledThreadPoolExecutor.java:293)
	at java.util.concurrent.ThreadPoolExecutor.runWorker(ThreadPoolExecutor.java:1149)
	at java.util.concurrent.ThreadPoolExecutor$Worker.run(ThreadPoolExecutor.java:624)
	at java.lang.Thread.run(Thread.java:748)
2019-10-10 01:23:58,636 [java.util.concurrent.ThreadPoolExecutor$Worker@2e6e5f11[State = -1, empty queue]] WARN  util.TimeoutScheduler (LogUtils.java:runAndLog(55)) - Failed to task #0: java.lang.NullPointerException
 0.00% |█                                                                                                    |  0/1 Time: 0:08:042019-10-10 01:23:59,398 [Thread-1392] INFO  impl.FollowerState (FollowerState.java:run(108)) - 4b92f2f8-e489-47a4-a90a-1d3fa2a9a07f@group-68BADADC1787-FollowerState: change to CANDIDATE, lastRpcTime:5047ms, electionTimeout:5047ms
2019-10-10 01:23:59,398 [Thread-1392] INFO  impl.RoleInfo (RoleInfo.java:shutdownFollowerState(121)) - 4b92f2f8-e489-47a4-a90a-1d3fa2a9a07f: shutdown FollowerState
2019-10-10 01:23:59,399 [Thread-1392] INFO  impl.RaftServerImpl (RaftServerImpl.java:setRole(170)) - 4b92f2f8-e489-47a4-a90a-1d3fa2a9a07f@group-68BADADC1787: changes role from  FOLLOWER to CANDIDATE at term 0 for changeToCandidate
2019-10-10 01:23:59,399 [Thread-1392] INFO  impl.RoleInfo (RoleInfo.java:updateAndGet(143)) - 4b92f2f8-e489-47a4-a90a-1d3fa2a9a07f: start LeaderElection
2019-10-10 01:23:59,419 [4b92f2f8-e489-47a4-a90a-1d3fa2a9a07f@group-68BADADC1787-LeaderElection17] INFO  impl.LeaderElection (LeaderElection.java:askForVotes(178)) - 4b92f2f8-e489-47a4-a90a-1d3fa2a9a07f@group-68BADADC1787-LeaderElection17: begin an election at term 1 for -1: [4b92f2f8-e489-47a4-a90a-1d3fa2a9a07f:192.168.151.118:35849, 993817e1-c77a-472e-865f-a6e34ffe7967:192.168.151.118:41261, fe8e0d95-22db-4b8a-875e-83bee4d716fb:192.168.151.118:34352], old=null
2019-10-10 01:23:59,428 [grpc-default-executor-10] INFO  impl.RaftServerImpl (RaftServerImpl.java:setRole(170)) - fe8e0d95-22db-4b8a-875e-83bee4d716fb@group-68BADADC1787: changes role from  FOLLOWER to FOLLOWER at term 1 for recognizeCandidate:4b92f2f8-e489-47a4-a90a-1d3fa2a9a07f
2019-10-10 01:23:59,428 [grpc-default-executor-17] INFO  impl.RaftServerImpl (RaftServerImpl.java:setRole(170)) - 993817e1-c77a-472e-865f-a6e34ffe7967@group-68BADADC1787: changes role from  FOLLOWER to FOLLOWER at term 1 for recognizeCandidate:4b92f2f8-e489-47a4-a90a-1d3fa2a9a07f
2019-10-10 01:23:59,429 [grpc-default-executor-10] INFO  impl.RoleInfo (RoleInfo.java:shutdownFollowerState(121)) - fe8e0d95-22db-4b8a-875e-83bee4d716fb: shutdown FollowerState
2019-10-10 01:23:59,429 [grpc-default-executor-17] INFO  impl.RoleInfo (RoleInfo.java:shutdownFollowerState(121)) - 993817e1-c77a-472e-865f-a6e34ffe7967: shutdown FollowerState
2019-10-10 01:23:59,429 [Thread-1394] INFO  impl.FollowerState (FollowerState.java:run(117)) - fe8e0d95-22db-4b8a-875e-83bee4d716fb@group-68BADADC1787-FollowerState was interrupted: java.lang.InterruptedException: sleep interrupted
2019-10-10 01:23:59,429 [grpc-default-executor-10] INFO  impl.RoleInfo (RoleInfo.java:updateAndGet(143)) - fe8e0d95-22db-4b8a-875e-83bee4d716fb: start FollowerState
2019-10-10 01:23:59,429 [grpc-default-executor-17] INFO  impl.RoleInfo (RoleInfo.java:updateAndGet(143)) - 993817e1-c77a-472e-865f-a6e34ffe7967: start FollowerState
2019-10-10 01:23:59,429 [Thread-1393] INFO  impl.FollowerState (FollowerState.java:run(117)) - 993817e1-c77a-472e-865f-a6e34ffe7967@group-68BADADC1787-FollowerState was interrupted: java.lang.InterruptedException: sleep interrupted
2019-10-10 01:23:59,451 [4b92f2f8-e489-47a4-a90a-1d3fa2a9a07f@group-68BADADC1787-LeaderElection17] INFO  impl.LeaderElection (LeaderElection.java:logAndReturn(56)) - 4b92f2f8-e489-47a4-a90a-1d3fa2a9a07f@group-68BADADC1787-LeaderElection17: Election PASSED; received 1 response(s) [4b92f2f8-e489-47a4-a90a-1d3fa2a9a07f<-993817e1-c77a-472e-865f-a6e34ffe7967#0:OK-t1] and 0 exception(s); 4b92f2f8-e489-47a4-a90a-1d3fa2a9a07f@group-68BADADC1787:t1, leader=null, voted=4b92f2f8-e489-47a4-a90a-1d3fa2a9a07f, raftlog=4b92f2f8-e489-47a4-a90a-1d3fa2a9a07f@group-68BADADC1787-SegmentedRaftLog:OPENED:c-1,f-1,i0, conf=-1: [4b92f2f8-e489-47a4-a90a-1d3fa2a9a07f:192.168.151.118:35849, 993817e1-c77a-472e-865f-a6e34ffe7967:192.168.151.118:41261, fe8e0d95-22db-4b8a-875e-83bee4d716fb:192.168.151.118:34352], old=null
2019-10-10 01:23:59,451 [4b92f2f8-e489-47a4-a90a-1d3fa2a9a07f@group-68BADADC1787-LeaderElection17] INFO  impl.RoleInfo (RoleInfo.java:shutdownLeaderElection(134)) - 4b92f2f8-e489-47a4-a90a-1d3fa2a9a07f: shutdown LeaderElection
2019-10-10 01:23:59,451 [4b92f2f8-e489-47a4-a90a-1d3fa2a9a07f@group-68BADADC1787-LeaderElection17] INFO  impl.RaftServerImpl (RaftServerImpl.java:setRole(170)) - 4b92f2f8-e489-47a4-a90a-1d3fa2a9a07f@group-68BADADC1787: changes role from CANDIDATE to LEADER at term 1 for changeToLeader
2019-10-10 01:23:59,451 [4b92f2f8-e489-47a4-a90a-1d3fa2a9a07f@group-68BADADC1787-LeaderElection17] INFO  impl.RaftServerImpl (ServerState.java:setLeader(255)) - 4b92f2f8-e489-47a4-a90a-1d3fa2a9a07f@group-68BADADC1787: change Leader from null to 4b92f2f8-e489-47a4-a90a-1d3fa2a9a07f at term 1 for becomeLeader, leader elected after 5109ms
2019-10-10 01:23:59,451 [4b92f2f8-e489-47a4-a90a-1d3fa2a9a07f@group-68BADADC1787-LeaderElection17] INFO  server.RaftServerConfigKeys (ConfUtils.java:logGet(43)) - raft.server.staging.catchup.gap = 1000 (default)
2019-10-10 01:23:59,451 [4b92f2f8-e489-47a4-a90a-1d3fa2a9a07f@group-68BADADC1787-LeaderElection17] INFO  server.RaftServerConfigKeys (ConfUtils.java:logGet(43)) - raft.server.rpc.sleep.time = 25ms (default)
2019-10-10 01:23:59,452 [4b92f2f8-e489-47a4-a90a-1d3fa2a9a07f@group-68BADADC1787-LeaderElection17] INFO  server.RaftServerConfigKeys (ConfUtils.java:logGet(43)) - raft.server.write.element-limit = 4096 (default)
2019-10-10 01:23:59,452 [4b92f2f8-e489-47a4-a90a-1d3fa2a9a07f@group-68BADADC1787-LeaderElection17] INFO  server.RaftServerConfigKeys (ConfUtils.java:logGet(43)) - raft.server.watch.timeout = 10s (default)
2019-10-10 01:23:59,452 [4b92f2f8-e489-47a4-a90a-1d3fa2a9a07f@group-68BADADC1787-LeaderElection17] INFO  server.RaftServerConfigKeys (ConfUtils.java:logGet(43)) - raft.server.watch.timeout.denomination = 1s (default)
2019-10-10 01:23:59,452 [4b92f2f8-e489-47a4-a90a-1d3fa2a9a07f@group-68BADADC1787-LeaderElection17] INFO  server.RaftServerConfigKeys (ConfUtils.java:logGet(43)) - raft.server.watch.element-limit = 65536 (default)
2019-10-10 01:23:59,455 [4b92f2f8-e489-47a4-a90a-1d3fa2a9a07f@group-68BADADC1787-LeaderElection17] INFO  server.RaftServerConfigKeys (ConfUtils.java:logGet(43)) - raft.server.log.appender.snapshot.chunk.size.max = 16MB (=16777216) (default)
2019-10-10 01:23:59,455 [4b92f2f8-e489-47a4-a90a-1d3fa2a9a07f@group-68BADADC1787-LeaderElection17] INFO  server.RaftServerConfigKeys (ConfUtils.java:logGet(43)) - raft.server.log.appender.buffer.byte-limit = 33554432 (custom)
2019-10-10 01:23:59,456 [4b92f2f8-e489-47a4-a90a-1d3fa2a9a07f@group-68BADADC1787-LeaderElection17] INFO  server.RaftServerConfigKeys (ConfUtils.java:logGet(43)) - raft.server.log.appender.buffer.element-limit = 1 (custom)
2019-10-10 01:23:59,456 [4b92f2f8-e489-47a4-a90a-1d3fa2a9a07f@group-68BADADC1787-LeaderElection17] INFO  grpc.GrpcConfigKeys$Server (ConfUtils.java:logGet(43)) - raft.grpc.server.leader.outstanding.appends.max = 128 (default)
2019-10-10 01:23:59,456 [4b92f2f8-e489-47a4-a90a-1d3fa2a9a07f@group-68BADADC1787-LeaderElection17] INFO  server.RaftServerConfigKeys (ConfUtils.java:logGet(43)) - raft.server.rpc.request.timeout = 3000ms (default)
2019-10-10 01:23:59,456 [4b92f2f8-e489-47a4-a90a-1d3fa2a9a07f@group-68BADADC1787-LeaderElection17] INFO  server.RaftServerConfigKeys (ConfUtils.java:logGet(43)) - raft.server.log.appender.install.snapshot.enabled = false (custom)
2019-10-10 01:23:59,456 [4b92f2f8-e489-47a4-a90a-1d3fa2a9a07f@group-68BADADC1787-LeaderElection17] INFO  server.RaftServerConfigKeys (ConfUtils.java:logGet(43)) - raft.server.log.appender.snapshot.chunk.size.max = 16MB (=16777216) (default)
2019-10-10 01:23:59,456 [4b92f2f8-e489-47a4-a90a-1d3fa2a9a07f@group-68BADADC1787-LeaderElection17] INFO  server.RaftServerConfigKeys (ConfUtils.java:logGet(43)) - raft.server.log.appender.buffer.byte-limit = 33554432 (custom)
2019-10-10 01:23:59,456 [4b92f2f8-e489-47a4-a90a-1d3fa2a9a07f@group-68BADADC1787-LeaderElection17] INFO  server.RaftServerConfigKeys (ConfUtils.java:logGet(43)) - raft.server.log.appender.buffer.element-limit = 1 (custom)
2019-10-10 01:23:59,457 [4b92f2f8-e489-47a4-a90a-1d3fa2a9a07f@group-68BADADC1787-LeaderElection17] INFO  grpc.GrpcConfigKeys$Server (ConfUtils.java:logGet(43)) - raft.grpc.server.leader.outstanding.appends.max = 128 (default)
2019-10-10 01:23:59,457 [4b92f2f8-e489-47a4-a90a-1d3fa2a9a07f@group-68BADADC1787-LeaderElection17] INFO  server.RaftServerConfigKeys (ConfUtils.java:logGet(43)) - raft.server.rpc.request.timeout = 3000ms (default)
2019-10-10 01:23:59,457 [4b92f2f8-e489-47a4-a90a-1d3fa2a9a07f@group-68BADADC1787-LeaderElection17] INFO  server.RaftServerConfigKeys (ConfUtils.java:logGet(43)) - raft.server.log.appender.install.snapshot.enabled = false (custom)
2019-10-10 01:23:59,457 [4b92f2f8-e489-47a4-a90a-1d3fa2a9a07f@group-68BADADC1787-LeaderElection17] INFO  impl.RoleInfo (RoleInfo.java:updateAndGet(143)) - 4b92f2f8-e489-47a4-a90a-1d3fa2a9a07f: start LeaderState
2019-10-10 01:23:59,457 [4b92f2f8-e489-47a4-a90a-1d3fa2a9a07f@group-68BADADC1787-LeaderElection17] INFO  segmented.SegmentedRaftLogWorker (SegmentedRaftLogWorker.java:startLogSegment(385)) - 4b92f2f8-e489-47a4-a90a-1d3fa2a9a07f@group-68BADADC1787-SegmentedRaftLogWorker: Starting segment from index:0
2019-10-10 01:23:59,458 [4b92f2f8-e489-47a4-a90a-1d3fa2a9a07f@group-68BADADC1787-LeaderElection17] INFO  impl.RaftServerImpl (ServerState.java:setRaftConf(356)) - 4b92f2f8-e489-47a4-a90a-1d3fa2a9a07f@group-68BADADC1787: set configuration 0: [4b92f2f8-e489-47a4-a90a-1d3fa2a9a07f:192.168.151.118:35849, 993817e1-c77a-472e-865f-a6e34ffe7967:192.168.151.118:41261, fe8e0d95-22db-4b8a-875e-83bee4d716fb:192.168.151.118:34352], old=null at 0
2019-10-10 01:23:59,459 [grpc-default-executor-10] INFO  impl.RaftServerImpl (ServerState.java:setLeader(255)) - fe8e0d95-22db-4b8a-875e-83bee4d716fb@group-68BADADC1787: change Leader from null to 4b92f2f8-e489-47a4-a90a-1d3fa2a9a07f at term 1 for appendEntries, leader elected after 5118ms
2019-10-10 01:23:59,485 [grpc-default-executor-17] INFO  impl.RaftServerImpl (ServerState.java:setLeader(255)) - 993817e1-c77a-472e-865f-a6e34ffe7967@group-68BADADC1787: change Leader from null to 4b92f2f8-e489-47a4-a90a-1d3fa2a9a07f at term 1 for appendEntries, leader elected after 5143ms
2019-10-10 01:23:59,489 [grpc-default-executor-17] INFO  impl.RaftServerImpl (ServerState.java:setRaftConf(356)) - fe8e0d95-22db-4b8a-875e-83bee4d716fb@group-68BADADC1787: set configuration 0: [4b92f2f8-e489-47a4-a90a-1d3fa2a9a07f:192.168.151.118:35849, 993817e1-c77a-472e-865f-a6e34ffe7967:192.168.151.118:41261, fe8e0d95-22db-4b8a-875e-83bee4d716fb:192.168.151.118:34352], old=null at 0
2019-10-10 01:23:59,489 [grpc-default-executor-10] INFO  impl.RaftServerImpl (ServerState.java:setRaftConf(356)) - 993817e1-c77a-472e-865f-a6e34ffe7967@group-68BADADC1787: set configuration 0: [4b92f2f8-e489-47a4-a90a-1d3fa2a9a07f:192.168.151.118:35849, 993817e1-c77a-472e-865f-a6e34ffe7967:192.168.151.118:41261, fe8e0d95-22db-4b8a-875e-83bee4d716fb:192.168.151.118:34352], old=null at 0
2019-10-10 01:23:59,489 [grpc-default-executor-17] INFO  segmented.SegmentedRaftLogWorker (SegmentedRaftLogWorker.java:startLogSegment(385)) - fe8e0d95-22db-4b8a-875e-83bee4d716fb@group-68BADADC1787-SegmentedRaftLogWorker: Starting segment from index:0
2019-10-10 01:23:59,489 [grpc-default-executor-10] INFO  segmented.SegmentedRaftLogWorker (SegmentedRaftLogWorker.java:startLogSegment(385)) - 993817e1-c77a-472e-865f-a6e34ffe7967@group-68BADADC1787-SegmentedRaftLogWorker: Starting segment from index:0
2019-10-10 01:23:59,497 [4b92f2f8-e489-47a4-a90a-1d3fa2a9a07f@group-68BADADC1787-SegmentedRaftLogWorker] INFO  segmented.SegmentedRaftLogWorker (SegmentedRaftLogWorker.java:execute(574)) - 4b92f2f8-e489-47a4-a90a-1d3fa2a9a07f@group-68BADADC1787-SegmentedRaftLogWorker: created new log segment /workdir/hadoop-ozone/tools/target/test-dir/MiniOzoneClusterImpl-1e8b0e80-279c-49c4-ae13-42ed318b6149/datanode-4/data/ratis/93550a01-12ce-4828-af38-68badadc1787/current/log_inprogress_0
2019-10-10 01:23:59,528 [fe8e0d95-22db-4b8a-875e-83bee4d716fb@group-68BADADC1787-SegmentedRaftLogWorker] INFO  segmented.SegmentedRaftLogWorker (SegmentedRaftLogWorker.java:execute(574)) - fe8e0d95-22db-4b8a-875e-83bee4d716fb@group-68BADADC1787-SegmentedRaftLogWorker: created new log segment /workdir/hadoop-ozone/tools/target/test-dir/MiniOzoneClusterImpl-1e8b0e80-279c-49c4-ae13-42ed318b6149/datanode-2/data/ratis/93550a01-12ce-4828-af38-68badadc1787/current/log_inprogress_0
2019-10-10 01:23:59,528 [993817e1-c77a-472e-865f-a6e34ffe7967@group-68BADADC1787-SegmentedRaftLogWorker] INFO  segmented.SegmentedRaftLogWorker (SegmentedRaftLogWorker.java:execute(574)) - 993817e1-c77a-472e-865f-a6e34ffe7967@group-68BADADC1787-SegmentedRaftLogWorker: created new log segment /workdir/hadoop-ozone/tools/target/test-dir/MiniOzoneClusterImpl-1e8b0e80-279c-49c4-ae13-42ed318b6149/datanode-0/data/ratis/93550a01-12ce-4828-af38-68badadc1787/current/log_inprogress_0
 0.00% |█                                                                                                    |  0/1 Time: 0:08:05 0.00% |█                                                                                                    |  0/1 Time: 0:08:06 0.00% |█                                                                                                    |  0/1 Time: 0:08:072019-10-10 01:24:02,658 [java.util.concurrent.ThreadPoolExecutor$Worker@2d3d3f54[State = -1, empty queue]] ERROR client.GrpcClientProtocolClient (GrpcClientProtocolClient.java:close(148)) - Unexpected exception while waiting for channel termination
java.lang.InterruptedException
	at java.util.concurrent.locks.AbstractQueuedSynchronizer.tryAcquireSharedNanos(AbstractQueuedSynchronizer.java:1326)
	at java.util.concurrent.CountDownLatch.await(CountDownLatch.java:277)
	at org.apache.ratis.thirdparty.io.grpc.internal.ManagedChannelImpl.awaitTermination(ManagedChannelImpl.java:763)
	at org.apache.ratis.thirdparty.io.grpc.internal.ForwardingManagedChannel.awaitTermination(ForwardingManagedChannel.java:57)
	at org.apache.ratis.thirdparty.io.grpc.internal.ManagedChannelOrphanWrapper.awaitTermination(ManagedChannelOrphanWrapper.java:70)
	at org.apache.ratis.grpc.client.GrpcClientProtocolClient.close(GrpcClientProtocolClient.java:146)
	at org.apache.ratis.util.PeerProxyMap$PeerAndProxy.lambda$close$1(PeerProxyMap.java:74)
	at org.apache.ratis.util.LifeCycle.lambda$checkStateAndClose$2(LifeCycle.java:231)
	at org.apache.ratis.util.LifeCycle.checkStateAndClose(LifeCycle.java:251)
	at org.apache.ratis.util.LifeCycle.checkStateAndClose(LifeCycle.java:229)
	at org.apache.ratis.util.PeerProxyMap$PeerAndProxy.close(PeerProxyMap.java:70)
	at org.apache.ratis.util.PeerProxyMap.resetProxy(PeerProxyMap.java:127)
	at org.apache.ratis.util.PeerProxyMap.handleException(PeerProxyMap.java:136)
	at org.apache.ratis.client.impl.RaftClientRpcWithProxy.handleException(RaftClientRpcWithProxy.java:47)
	at org.apache.ratis.client.impl.RaftClientImpl.handleIOException(RaftClientImpl.java:372)
	at org.apache.ratis.client.impl.OrderedAsync.lambda$sendRequest$10(OrderedAsync.java:236)
	at java.util.concurrent.CompletableFuture.uniExceptionally(CompletableFuture.java:870)
	at java.util.concurrent.CompletableFuture$UniExceptionally.tryFire(CompletableFuture.java:852)
	at java.util.concurrent.CompletableFuture.postComplete(CompletableFuture.java:474)
	at java.util.concurrent.CompletableFuture.completeExceptionally(CompletableFuture.java:1977)
	at org.apache.ratis.grpc.client.GrpcClientProtocolClient$AsyncStreamObservers.lambda$timeoutCheck$3(GrpcClientProtocolClient.java:324)
	at java.util.Optional.ifPresent(Optional.java:159)
	at org.apache.ratis.grpc.client.GrpcClientProtocolClient$AsyncStreamObservers.handleReplyFuture(GrpcClientProtocolClient.java:329)
	at org.apache.ratis.grpc.client.GrpcClientProtocolClient$AsyncStreamObservers.timeoutCheck(GrpcClientProtocolClient.java:324)
	at org.apache.ratis.grpc.client.GrpcClientProtocolClient$AsyncStreamObservers.lambda$onNext$1(GrpcClientProtocolClient.java:318)
	at org.apache.ratis.util.TimeoutScheduler.lambda$onTimeout$0(TimeoutScheduler.java:113)
	at org.apache.ratis.util.TimeoutScheduler.lambda$onTimeout$1(TimeoutScheduler.java:133)
	at org.apache.ratis.util.LogUtils.runAndLog(LogUtils.java:50)
	at org.apache.ratis.util.LogUtils$1.run(LogUtils.java:91)
	at java.util.concurrent.Executors$RunnableAdapter.call(Executors.java:511)
	at java.util.concurrent.FutureTask.run(FutureTask.java:266)
	at java.util.concurrent.ScheduledThreadPoolExecutor$ScheduledFutureTask.access$201(ScheduledThreadPoolExecutor.java:180)
	at java.util.concurrent.ScheduledThreadPoolExecutor$ScheduledFutureTask.run(ScheduledThreadPoolExecutor.java:293)
	at java.util.concurrent.ThreadPoolExecutor.runWorker(ThreadPoolExecutor.java:1149)
	at java.util.concurrent.ThreadPoolExecutor$Worker.run(ThreadPoolExecutor.java:624)
	at java.lang.Thread.run(Thread.java:748)
2019-10-10 01:24:02,661 [java.util.concurrent.ThreadPoolExecutor$Worker@2d3d3f54[State = -1, empty queue]] WARN  util.TimeoutScheduler (LogUtils.java:runAndLog(55)) - Failed to task #0: java.lang.NullPointerException
 0.00% |█                                                                                                    |  0/1 Time: 0:08:08 0.00% |█                                                                                                    |  0/1 Time: 0:08:09 0.00% |█                                                                                                    |  0/1 Time: 0:08:102019-10-10 01:24:05,297 [grpc-default-executor-10] INFO  impl.RaftServerProxy (RaftServerProxy.java:remove(95)) - 4b92f2f8-e489-47a4-a90a-1d3fa2a9a07f: remove  FOLLOWER 4b92f2f8-e489-47a4-a90a-1d3fa2a9a07f@group-989BFB4B5E5C:t1, leader=993817e1-c77a-472e-865f-a6e34ffe7967, voted=4b92f2f8-e489-47a4-a90a-1d3fa2a9a07f, raftlog=4b92f2f8-e489-47a4-a90a-1d3fa2a9a07f@group-989BFB4B5E5C-SegmentedRaftLog:OPENED:c0,f2,i2, conf=0: [4b92f2f8-e489-47a4-a90a-1d3fa2a9a07f:192.168.151.118:35849, 993817e1-c77a-472e-865f-a6e34ffe7967:192.168.151.118:41261, fe8e0d95-22db-4b8a-875e-83bee4d716fb:192.168.151.118:34352], old=null RUNNING
2019-10-10 01:24:05,299 [grpc-default-executor-10] INFO  impl.RaftServerImpl (RaftServerImpl.java:lambda$shutdown$3(247)) - 4b92f2f8-e489-47a4-a90a-1d3fa2a9a07f@group-989BFB4B5E5C: shutdown
2019-10-10 01:24:05,299 [grpc-default-executor-10] INFO  util.JmxRegister (JmxRegister.java:unregister(73)) - Successfully un-registered JMX Bean with object name Ratis:service=RaftServer,group=group-989BFB4B5E5C,id=4b92f2f8-e489-47a4-a90a-1d3fa2a9a07f
2019-10-10 01:24:05,299 [grpc-default-executor-10] INFO  impl.RoleInfo (RoleInfo.java:shutdownFollowerState(121)) - 4b92f2f8-e489-47a4-a90a-1d3fa2a9a07f: shutdown FollowerState
2019-10-10 01:24:05,300 [grpc-default-executor-10] INFO  impl.StateMachineUpdater (StateMachineUpdater.java:stopAndJoin(136)) - 4b92f2f8-e489-47a4-a90a-1d3fa2a9a07f@group-989BFB4B5E5C-StateMachineUpdater: set stopIndex = 0
2019-10-10 01:24:05,300 [Thread-1129] INFO  impl.FollowerState (FollowerState.java:run(117)) - 4b92f2f8-e489-47a4-a90a-1d3fa2a9a07f@group-989BFB4B5E5C-FollowerState was interrupted: java.lang.InterruptedException: sleep interrupted
2019-10-10 01:24:05,303 [grpc-default-executor-10] INFO  impl.RaftServerImpl (ServerState.java:close(387)) - 4b92f2f8-e489-47a4-a90a-1d3fa2a9a07f@group-989BFB4B5E5C: closes. applyIndex: 0
2019-10-10 01:24:05,303 [4b92f2f8-e489-47a4-a90a-1d3fa2a9a07f@group-989BFB4B5E5C-SegmentedRaftLogWorker] INFO  segmented.SegmentedRaftLogWorker (SegmentedRaftLogWorker.java:run(316)) - 4b92f2f8-e489-47a4-a90a-1d3fa2a9a07f@group-989BFB4B5E5C-SegmentedRaftLogWorker was interrupted, exiting. There are 0 tasks remaining in the queue.
2019-10-10 01:24:05,305 [grpc-default-executor-10] INFO  segmented.SegmentedRaftLogWorker (SegmentedRaftLogWorker.java:close(224)) - 4b92f2f8-e489-47a4-a90a-1d3fa2a9a07f@group-989BFB4B5E5C-SegmentedRaftLogWorker close()
2019-10-10 01:24:05,393 [grpc-default-executor-10] INFO  interfaces.Container (KeyValueContainer.java:flushAndSyncDB(386)) - Container 9 is synced with bcsId 0.
2019-10-10 01:24:05,394 [grpc-default-executor-10] INFO  interfaces.Container (KeyValueContainer.java:flushAndSyncDB(386)) - Container 9 is synced with bcsId 0.
2019-10-10 01:24:05,409 [EventQueue-IncrementalContainerReportForIncrementalContainerReportHandler] INFO  container.IncrementalContainerReportHandler (AbstractContainerReportHandler.java:updateContainerState(171)) - Moving container #9 to QUASI_CLOSED state, datanode 4b92f2f8-e489-47a4-a90a-1d3fa2a9a07f{ip: 192.168.151.118, host: pr-hdds-2194-jqrdw-3579824535, networkLocation: /default-rack, certSerialId: null} reported QUASI_CLOSED replica.
2019-10-10 01:24:05,414 [grpc-default-executor-10] INFO  impl.RaftServerProxy (RaftServerProxy.java:remove(95)) - fe8e0d95-22db-4b8a-875e-83bee4d716fb: remove  FOLLOWER fe8e0d95-22db-4b8a-875e-83bee4d716fb@group-989BFB4B5E5C:t1, leader=993817e1-c77a-472e-865f-a6e34ffe7967, voted=993817e1-c77a-472e-865f-a6e34ffe7967, raftlog=fe8e0d95-22db-4b8a-875e-83bee4d716fb@group-989BFB4B5E5C-SegmentedRaftLog:OPENED:c0,f2,i2, conf=0: [4b92f2f8-e489-47a4-a90a-1d3fa2a9a07f:192.168.151.118:35849, 993817e1-c77a-472e-865f-a6e34ffe7967:192.168.151.118:41261, fe8e0d95-22db-4b8a-875e-83bee4d716fb:192.168.151.118:34352], old=null RUNNING
2019-10-10 01:24:05,415 [grpc-default-executor-10] INFO  impl.RaftServerImpl (RaftServerImpl.java:lambda$shutdown$3(247)) - fe8e0d95-22db-4b8a-875e-83bee4d716fb@group-989BFB4B5E5C: shutdown
2019-10-10 01:24:05,415 [grpc-default-executor-10] INFO  util.JmxRegister (JmxRegister.java:unregister(73)) - Successfully un-registered JMX Bean with object name Ratis:service=RaftServer,group=group-989BFB4B5E5C,id=fe8e0d95-22db-4b8a-875e-83bee4d716fb
2019-10-10 01:24:05,415 [grpc-default-executor-10] INFO  impl.RoleInfo (RoleInfo.java:shutdownFollowerState(121)) - fe8e0d95-22db-4b8a-875e-83bee4d716fb: shutdown FollowerState
2019-10-10 01:24:05,415 [grpc-default-executor-10] INFO  impl.StateMachineUpdater (StateMachineUpdater.java:stopAndJoin(136)) - fe8e0d95-22db-4b8a-875e-83bee4d716fb@group-989BFB4B5E5C-StateMachineUpdater: set stopIndex = 0
2019-10-10 01:24:05,415 [Thread-1128] INFO  impl.FollowerState (FollowerState.java:run(117)) - fe8e0d95-22db-4b8a-875e-83bee4d716fb@group-989BFB4B5E5C-FollowerState was interrupted: java.lang.InterruptedException: sleep interrupted
2019-10-10 01:24:05,417 [grpc-default-executor-10] INFO  impl.RaftServerImpl (ServerState.java:close(387)) - fe8e0d95-22db-4b8a-875e-83bee4d716fb@group-989BFB4B5E5C: closes. applyIndex: 0
2019-10-10 01:24:05,417 [fe8e0d95-22db-4b8a-875e-83bee4d716fb@group-989BFB4B5E5C-SegmentedRaftLogWorker] INFO  segmented.SegmentedRaftLogWorker (SegmentedRaftLogWorker.java:run(316)) - fe8e0d95-22db-4b8a-875e-83bee4d716fb@group-989BFB4B5E5C-SegmentedRaftLogWorker was interrupted, exiting. There are 0 tasks remaining in the queue.
2019-10-10 01:24:05,418 [grpc-default-executor-10] INFO  segmented.SegmentedRaftLogWorker (SegmentedRaftLogWorker.java:close(224)) - fe8e0d95-22db-4b8a-875e-83bee4d716fb@group-989BFB4B5E5C-SegmentedRaftLogWorker close()
2019-10-10 01:24:05,507 [grpc-default-executor-10] INFO  interfaces.Container (KeyValueContainer.java:flushAndSyncDB(386)) - Container 9 is synced with bcsId 0.
2019-10-10 01:24:05,507 [grpc-default-executor-10] INFO  interfaces.Container (KeyValueContainer.java:flushAndSyncDB(386)) - Container 9 is synced with bcsId 0.
2019-10-10 01:24:05,527 [grpc-default-executor-10] INFO  impl.RaftServerProxy (RaftServerProxy.java:remove(95)) - 993817e1-c77a-472e-865f-a6e34ffe7967: remove    LEADER 993817e1-c77a-472e-865f-a6e34ffe7967@group-989BFB4B5E5C:t1, leader=993817e1-c77a-472e-865f-a6e34ffe7967, voted=993817e1-c77a-472e-865f-a6e34ffe7967, raftlog=993817e1-c77a-472e-865f-a6e34ffe7967@group-989BFB4B5E5C-SegmentedRaftLog:OPENED:c0,f0,i2, conf=0: [4b92f2f8-e489-47a4-a90a-1d3fa2a9a07f:192.168.151.118:35849, 993817e1-c77a-472e-865f-a6e34ffe7967:192.168.151.118:41261, fe8e0d95-22db-4b8a-875e-83bee4d716fb:192.168.151.118:34352], old=null RUNNING
2019-10-10 01:24:05,528 [grpc-default-executor-10] INFO  impl.RaftServerImpl (RaftServerImpl.java:lambda$shutdown$3(247)) - 993817e1-c77a-472e-865f-a6e34ffe7967@group-989BFB4B5E5C: shutdown
2019-10-10 01:24:05,528 [grpc-default-executor-10] INFO  util.JmxRegister (JmxRegister.java:unregister(73)) - Successfully un-registered JMX Bean with object name Ratis:service=RaftServer,group=group-989BFB4B5E5C,id=993817e1-c77a-472e-865f-a6e34ffe7967
2019-10-10 01:24:05,528 [grpc-default-executor-10] INFO  impl.RoleInfo (RoleInfo.java:shutdownLeaderState(104)) - 993817e1-c77a-472e-865f-a6e34ffe7967: shutdown LeaderState
2019-10-10 01:24:05,532 [grpc-default-executor-10] INFO  impl.PendingRequests (PendingRequests.java:sendNotLeaderResponses(202)) - 993817e1-c77a-472e-865f-a6e34ffe7967@group-989BFB4B5E5C-PendingRequests: sendNotLeaderResponses
2019-10-10 01:24:05,532 [org.apache.ratis.server.impl.LogAppender$AppenderDaemon$$Lambda$531/757553893@7a835489] WARN  server.GrpcLogAppender (GrpcLogAppender.java:mayWait(143)) - 993817e1-c77a-472e-865f-a6e34ffe7967@group-989BFB4B5E5C->4b92f2f8-e489-47a4-a90a-1d3fa2a9a07f-GrpcLogAppender: Wait interrupted by java.lang.InterruptedException
2019-10-10 01:24:05,532 [org.apache.ratis.server.impl.LogAppender$AppenderDaemon$$Lambda$531/757553893@231cf7a] WARN  server.GrpcLogAppender (GrpcLogAppender.java:mayWait(143)) - 993817e1-c77a-472e-865f-a6e34ffe7967@group-989BFB4B5E5C->fe8e0d95-22db-4b8a-875e-83bee4d716fb-GrpcLogAppender: Wait interrupted by java.lang.InterruptedException
2019-10-10 01:24:05,538 [grpc-default-executor-15] INFO  server.GrpcServerProtocolService (GrpcServerProtocolService.java:onCompleted(113)) - 4b92f2f8-e489-47a4-a90a-1d3fa2a9a07f: Completed APPEND_ENTRIES, lastRequest: 993817e1-c77a-472e-865f-a6e34ffe7967->4b92f2f8-e489-47a4-a90a-1d3fa2a9a07f#52-t1, previous=(t:1, i:2), leaderCommit=0, initializing? false, entries: <empty>
2019-10-10 01:24:05,538 [grpc-default-executor-17] INFO  server.GrpcServerProtocolService (GrpcServerProtocolService.java:onCompleted(113)) - fe8e0d95-22db-4b8a-875e-83bee4d716fb: Completed APPEND_ENTRIES, lastRequest: 993817e1-c77a-472e-865f-a6e34ffe7967->fe8e0d95-22db-4b8a-875e-83bee4d716fb#52-t1, previous=(t:1, i:2), leaderCommit=0, initializing? false, entries: <empty>
2019-10-10 01:24:05,541 [grpc-default-executor-10] INFO  impl.StateMachineUpdater (StateMachineUpdater.java:stopAndJoin(136)) - 993817e1-c77a-472e-865f-a6e34ffe7967@group-989BFB4B5E5C-StateMachineUpdater: set stopIndex = 0
2019-10-10 01:24:05,543 [grpc-default-executor-10] INFO  impl.RaftServerImpl (ServerState.java:close(387)) - 993817e1-c77a-472e-865f-a6e34ffe7967@group-989BFB4B5E5C: closes. applyIndex: 0
2019-10-10 01:24:05,543 [grpc-default-executor-17] INFO  server.GrpcLogAppender (GrpcLogAppender.java:onCompleted(293)) - 993817e1-c77a-472e-865f-a6e34ffe7967@group-989BFB4B5E5C->4b92f2f8-e489-47a4-a90a-1d3fa2a9a07f-AppendLogResponseHandler: follower responses appendEntries COMPLETED
2019-10-10 01:24:05,545 [993817e1-c77a-472e-865f-a6e34ffe7967@group-989BFB4B5E5C-SegmentedRaftLogWorker] INFO  segmented.SegmentedRaftLogWorker (SegmentedRaftLogWorker.java:run(316)) - 993817e1-c77a-472e-865f-a6e34ffe7967@group-989BFB4B5E5C-SegmentedRaftLogWorker was interrupted, exiting. There are 0 tasks remaining in the queue.
2019-10-10 01:24:05,549 [grpc-default-executor-10] INFO  segmented.SegmentedRaftLogWorker (SegmentedRaftLogWorker.java:close(224)) - 993817e1-c77a-472e-865f-a6e34ffe7967@group-989BFB4B5E5C-SegmentedRaftLogWorker close()
2019-10-10 01:24:05,552 [grpc-default-executor-17] INFO  impl.FollowerInfo (FollowerInfo.java:lambda$new$0(51)) - 993817e1-c77a-472e-865f-a6e34ffe7967@group-989BFB4B5E5C->4b92f2f8-e489-47a4-a90a-1d3fa2a9a07f: nextIndex: updateUnconditionally 3 -> 2
2019-10-10 01:24:05,559 [grpc-default-executor-17] INFO  server.GrpcLogAppender (GrpcLogAppender.java:onCompleted(293)) - 993817e1-c77a-472e-865f-a6e34ffe7967@group-989BFB4B5E5C->fe8e0d95-22db-4b8a-875e-83bee4d716fb-AppendLogResponseHandler: follower responses appendEntries COMPLETED
2019-10-10 01:24:05,560 [grpc-default-executor-17] INFO  impl.FollowerInfo (FollowerInfo.java:lambda$new$0(51)) - 993817e1-c77a-472e-865f-a6e34ffe7967@group-989BFB4B5E5C->fe8e0d95-22db-4b8a-875e-83bee4d716fb: nextIndex: updateUnconditionally 3 -> 2
2019-10-10 01:24:05,561 [RatisPipelineUtilsThread] INFO  pipeline.PipelineStateManager (PipelineStateManager.java:removePipeline(108)) - Pipeline Pipeline[ Id: 2b14e453-70c0-489e-9db9-989bfb4b5e5c, Nodes: 4b92f2f8-e489-47a4-a90a-1d3fa2a9a07f{ip: 192.168.151.118, host: pr-hdds-2194-jqrdw-3579824535, networkLocation: /default-rack, certSerialId: null}fe8e0d95-22db-4b8a-875e-83bee4d716fb{ip: 192.168.151.118, host: pr-hdds-2194-jqrdw-3579824535, networkLocation: /default-rack, certSerialId: null}993817e1-c77a-472e-865f-a6e34ffe7967{ip: 192.168.151.118, host: pr-hdds-2194-jqrdw-3579824535, networkLocation: /default-rack, certSerialId: null}, Type:RATIS, Factor:THREE, State:CLOSED] removed from db
2019-10-10 01:24:05,565 [grpc-default-executor-17] INFO  impl.RaftServerProxy (RaftServerProxy.java:remove(95)) - 4b92f2f8-e489-47a4-a90a-1d3fa2a9a07f: remove group-989BFB4B5E5C:null
2019-10-10 01:24:05,570 [RatisPipelineUtilsThread] WARN  pipeline.RatisPipelineUtils (RatisPipelineUtils.java:destroyPipeline(69)) - Pipeline destroy failed for pipeline=PipelineID=2b14e453-70c0-489e-9db9-989bfb4b5e5c dn=4b92f2f8-e489-47a4-a90a-1d3fa2a9a07f{ip: 192.168.151.118, host: pr-hdds-2194-jqrdw-3579824535, networkLocation: /default-rack, certSerialId: null}
2019-10-10 01:24:05,575 [grpc-default-executor-17] INFO  impl.RaftServerProxy (RaftServerProxy.java:remove(95)) - fe8e0d95-22db-4b8a-875e-83bee4d716fb: remove group-989BFB4B5E5C:null
2019-10-10 01:24:05,580 [RatisPipelineUtilsThread] WARN  pipeline.RatisPipelineUtils (RatisPipelineUtils.java:destroyPipeline(69)) - Pipeline destroy failed for pipeline=PipelineID=2b14e453-70c0-489e-9db9-989bfb4b5e5c dn=fe8e0d95-22db-4b8a-875e-83bee4d716fb{ip: 192.168.151.118, host: pr-hdds-2194-jqrdw-3579824535, networkLocation: /default-rack, certSerialId: null}
2019-10-10 01:24:05,584 [grpc-default-executor-17] INFO  impl.RaftServerProxy (RaftServerProxy.java:remove(95)) - 993817e1-c77a-472e-865f-a6e34ffe7967: remove group-989BFB4B5E5C:null
2019-10-10 01:24:05,588 [RatisPipelineUtilsThread] WARN  pipeline.RatisPipelineUtils (RatisPipelineUtils.java:destroyPipeline(69)) - Pipeline destroy failed for pipeline=PipelineID=2b14e453-70c0-489e-9db9-989bfb4b5e5c dn=993817e1-c77a-472e-865f-a6e34ffe7967{ip: 192.168.151.118, host: pr-hdds-2194-jqrdw-3579824535, networkLocation: /default-rack, certSerialId: null}
2019-10-10 01:24:05,589 [RatisPipelineUtilsThread] ERROR pipeline.SCMPipelineManager (Scheduler.java:lambda$schedule$1(70)) - Destroy pipeline failed for pipeline:Pipeline[ Id: 2b14e453-70c0-489e-9db9-989bfb4b5e5c, Nodes: 4b92f2f8-e489-47a4-a90a-1d3fa2a9a07f{ip: 192.168.151.118, host: pr-hdds-2194-jqrdw-3579824535, networkLocation: /default-rack, certSerialId: null}fe8e0d95-22db-4b8a-875e-83bee4d716fb{ip: 192.168.151.118, host: pr-hdds-2194-jqrdw-3579824535, networkLocation: /default-rack, certSerialId: null}993817e1-c77a-472e-865f-a6e34ffe7967{ip: 192.168.151.118, host: pr-hdds-2194-jqrdw-3579824535, networkLocation: /default-rack, certSerialId: null}, Type:RATIS, Factor:THREE, State:CLOSED]
org.apache.hadoop.hdds.scm.pipeline.PipelineNotFoundException: PipelineID=2b14e453-70c0-489e-9db9-989bfb4b5e5c not found
	at org.apache.hadoop.hdds.scm.pipeline.PipelineStateMap.getPipeline(PipelineStateMap.java:132)
	at org.apache.hadoop.hdds.scm.pipeline.PipelineStateMap.removePipeline(PipelineStateMap.java:322)
	at org.apache.hadoop.hdds.scm.pipeline.PipelineStateManager.removePipeline(PipelineStateManager.java:107)
	at org.apache.hadoop.hdds.scm.pipeline.SCMPipelineManager.removePipeline(SCMPipelineManager.java:427)
	at org.apache.hadoop.hdds.scm.pipeline.SCMPipelineManager.destroyPipeline(SCMPipelineManager.java:413)
	at org.apache.hadoop.hdds.scm.pipeline.SCMPipelineManager.lambda$finalizeAndDestroyPipeline$0(SCMPipelineManager.java:322)
	at org.apache.hadoop.hdds.utils.Scheduler.lambda$schedule$1(Scheduler.java:68)
	at java.util.concurrent.Executors$RunnableAdapter.call(Executors.java:511)
	at java.util.concurrent.FutureTask.run(FutureTask.java:266)
	at java.util.concurrent.ScheduledThreadPoolExecutor$ScheduledFutureTask.access$201(ScheduledThreadPoolExecutor.java:180)
	at java.util.concurrent.ScheduledThreadPoolExecutor$ScheduledFutureTask.run(ScheduledThreadPoolExecutor.java:293)
	at java.util.concurrent.ThreadPoolExecutor.runWorker(ThreadPoolExecutor.java:1149)
	at java.util.concurrent.ThreadPoolExecutor$Worker.run(ThreadPoolExecutor.java:624)
	at java.lang.Thread.run(Thread.java:748)
 0.00% |█                                                                                                    |  0/1 Time: 0:08:112019-10-10 01:24:06,583 [pool-73-thread-3] WARN  io.KeyOutputStream (KeyOutputStream.java:handleException(274)) - Encountered exception java.io.IOException: Unexpected Storage Container Exception: java.util.concurrent.CompletionException: java.util.concurrent.CompletionException: org.apache.ratis.protocol.GroupMismatchException: 4b92f2f8-e489-47a4-a90a-1d3fa2a9a07f: group-989BFB4B5E5C not found. on the pipeline Pipeline[ Id: 2b14e453-70c0-489e-9db9-989bfb4b5e5c, Nodes: 4b92f2f8-e489-47a4-a90a-1d3fa2a9a07f{ip: 192.168.151.118, host: pr-hdds-2194-jqrdw-3579824535, networkLocation: /default-rack, certSerialId: null}fe8e0d95-22db-4b8a-875e-83bee4d716fb{ip: 192.168.151.118, host: pr-hdds-2194-jqrdw-3579824535, networkLocation: /default-rack, certSerialId: null}993817e1-c77a-472e-865f-a6e34ffe7967{ip: 192.168.151.118, host: pr-hdds-2194-jqrdw-3579824535, networkLocation: /default-rack, certSerialId: null}, Type:RATIS, Factor:THREE, State:OPEN]. The last committed block length is 0, uncommitted data length is 2097152 retry count 6
 0.00% |█                                                                                                    |  0/1 Time: 0:08:122019-10-10 01:24:06,750 [pool-66-thread-16] ERROR impl.ChunkManagerImpl (ChunkManagerDummyImpl.java:writeChunk(86)) - data array does not match the length specified. DataLen: 1048576 Byte Array: 1048749
2019-10-10 01:24:06,753 [pool-66-thread-16] ERROR impl.ChunkManagerDummyImpl (ChunkManagerDummyImpl.java:writeChunk(105)) - write data failed. error: {}
org.apache.hadoop.hdds.scm.container.common.helpers.StorageContainerException: data array does not match the length specified. DataLen: 1048576 Byte Array: 1048749
	at org.apache.hadoop.ozone.container.keyvalue.impl.ChunkManagerDummyImpl.writeChunk(ChunkManagerDummyImpl.java:87)
	at org.apache.hadoop.ozone.container.keyvalue.KeyValueHandler.handleWriteChunk(KeyValueHandler.java:696)
	at org.apache.hadoop.ozone.container.keyvalue.KeyValueHandler.handle(KeyValueHandler.java:176)
	at org.apache.hadoop.ozone.container.common.impl.HddsDispatcher.dispatchRequest(HddsDispatcher.java:277)
	at org.apache.hadoop.ozone.container.common.impl.HddsDispatcher.dispatch(HddsDispatcher.java:150)
	at org.apache.hadoop.ozone.container.common.transport.server.ratis.ContainerStateMachine.dispatchCommand(ContainerStateMachine.java:413)
	at org.apache.hadoop.ozone.container.common.transport.server.ratis.ContainerStateMachine.runCommand(ContainerStateMachine.java:423)
	at org.apache.hadoop.ozone.container.common.transport.server.ratis.ContainerStateMachine.lambda$handleWriteChunk$1(ContainerStateMachine.java:458)
	at java.util.concurrent.CompletableFuture$AsyncSupply.run(CompletableFuture.java:1590)
	at java.util.concurrent.ThreadPoolExecutor.runWorker(ThreadPoolExecutor.java:1149)
	at java.util.concurrent.ThreadPoolExecutor$Worker.run(ThreadPoolExecutor.java:624)
	at java.lang.Thread.run(Thread.java:748)
2019-10-10 01:24:06,754 [pool-66-thread-16] INFO  keyvalue.KeyValueHandler (ContainerUtils.java:logAndReturnError(146)) - Operation: WriteChunk : Trace ID: a21490a0e8815135:3bc909d4ad7595a9:3460afdd42d0416b:0 : Message: Internal error:  : Result: CONTAINER_INTERNAL_ERROR
2019-10-10 01:24:06,767 [EventQueue-IncrementalContainerReportForIncrementalContainerReportHandler] WARN  container.IncrementalContainerReportHandler (AbstractContainerReportHandler.java:updateContainerState(145)) - Container #10 is in OPEN state, but the datanode 4b92f2f8-e489-47a4-a90a-1d3fa2a9a07f{ip: 192.168.151.118, host: pr-hdds-2194-jqrdw-3579824535, networkLocation: /default-rack, certSerialId: null} reports an UNHEALTHY replica.
2019-10-10 01:24:06,770 [EventQueue-CloseContainerForCloseContainerEventHandler] INFO  container.CloseContainerEventHandler (CloseContainerEventHandler.java:onMessage(61)) - Close container Event triggered for container : #10
01:24:06.767 [pool-66-thread-16] ERROR DNAudit - user=null | ip=null | op=WRITE_CHUNK {blockData=conID: 10 locID: 102935471495970828 bcsId: 0} | ret=FAILURE
java.lang.Exception: Internal error: 
	at org.apache.hadoop.ozone.container.common.impl.HddsDispatcher.dispatchRequest(HddsDispatcher.java:332) ~[hadoop-hdds-container-service-0.5.0-SNAPSHOT.jar:?]
	at org.apache.hadoop.ozone.container.common.impl.HddsDispatcher.dispatch(HddsDispatcher.java:150) ~[hadoop-hdds-container-service-0.5.0-SNAPSHOT.jar:?]
	at org.apache.hadoop.ozone.container.common.transport.server.ratis.ContainerStateMachine.dispatchCommand(ContainerStateMachine.java:413) ~[hadoop-hdds-container-service-0.5.0-SNAPSHOT.jar:?]
	at org.apache.hadoop.ozone.container.common.transport.server.ratis.ContainerStateMachine.runCommand(ContainerStateMachine.java:423) ~[hadoop-hdds-container-service-0.5.0-SNAPSHOT.jar:?]
	at org.apache.hadoop.ozone.container.common.transport.server.ratis.ContainerStateMachine.lambda$handleWriteChunk$1(ContainerStateMachine.java:458) ~[hadoop-hdds-container-service-0.5.0-SNAPSHOT.jar:?]
	at java.util.concurrent.CompletableFuture$AsyncSupply.run(CompletableFuture.java:1590) [?:1.8.0_212]
	at java.util.concurrent.ThreadPoolExecutor.runWorker(ThreadPoolExecutor.java:1149) [?:1.8.0_212]
	at java.util.concurrent.ThreadPoolExecutor$Worker.run(ThreadPoolExecutor.java:624) [?:1.8.0_212]
	at java.lang.Thread.run(Thread.java:748) [?:1.8.0_212]
2019-10-10 01:24:06,770 [pool-66-thread-16] ERROR ratis.ContainerStateMachine (ContainerStateMachine.java:lambda$handleWriteChunk$2(480)) - group-68BADADC1787: writeChunk writeStateMachineData failed: blockIdcontainerID: 10
localID: 102935471495970828
blockCommitSequenceId: 0
 logIndex 1 chunkName 102935471495970828_chunk_1 Error message: Internal error:  Container Result: CONTAINER_INTERNAL_ERROR
2019-10-10 01:24:06,770 [4b92f2f8-e489-47a4-a90a-1d3fa2a9a07f@group-68BADADC1787-SegmentedRaftLogWorker] ERROR ratis.XceiverServerRatis (XceiverServerRatis.java:triggerPipelineClose(582)) - pipeline Action CLOSE  on pipeline PipelineID=93550a01-12ce-4828-af38-68badadc1787.Reason : Internal error: 
2019-10-10 01:24:06,771 [4b92f2f8-e489-47a4-a90a-1d3fa2a9a07f@group-68BADADC1787-SegmentedRaftLogWorker] ERROR ratis.XceiverServerRatis (XceiverServerRatis.java:triggerPipelineClose(582)) - pipeline Action CLOSE  on pipeline PipelineID=93550a01-12ce-4828-af38-68badadc1787.Reason : Log already failed at index 1 for task WriteLog:1: (t:1, i:1), STATEMACHINELOGENTRY, client-19F495237F01, cid=96
2019-10-10 01:24:06,771 [EventQueue-PipelineActionsForPipelineActionHandler] ERROR pipeline.PipelineActionHandler (PipelineActionHandler.java:onMessage(60)) - Received pipeline action CLOSE for Pipeline[ Id: 93550a01-12ce-4828-af38-68badadc1787, Nodes: 4b92f2f8-e489-47a4-a90a-1d3fa2a9a07f{ip: 192.168.151.118, host: pr-hdds-2194-jqrdw-3579824535, networkLocation: /default-rack, certSerialId: null}fe8e0d95-22db-4b8a-875e-83bee4d716fb{ip: 192.168.151.118, host: pr-hdds-2194-jqrdw-3579824535, networkLocation: /default-rack, certSerialId: null}993817e1-c77a-472e-865f-a6e34ffe7967{ip: 192.168.151.118, host: pr-hdds-2194-jqrdw-3579824535, networkLocation: /default-rack, certSerialId: null}, Type:RATIS, Factor:THREE, State:OPEN] from datanode 4b92f2f8-e489-47a4-a90a-1d3fa2a9a07f{ip: 192.168.151.118, host: pr-hdds-2194-jqrdw-3579824535, networkLocation: /default-rack, certSerialId: null}. Reason : Internal error: 
2019-10-10 01:24:06,771 [EventQueue-PipelineActionsForPipelineActionHandler] INFO  pipeline.SCMPipelineManager (SCMPipelineManager.java:finalizeAndDestroyPipeline(315)) - destroying pipeline:Pipeline[ Id: 93550a01-12ce-4828-af38-68badadc1787, Nodes: 4b92f2f8-e489-47a4-a90a-1d3fa2a9a07f{ip: 192.168.151.118, host: pr-hdds-2194-jqrdw-3579824535, networkLocation: /default-rack, certSerialId: null}fe8e0d95-22db-4b8a-875e-83bee4d716fb{ip: 192.168.151.118, host: pr-hdds-2194-jqrdw-3579824535, networkLocation: /default-rack, certSerialId: null}993817e1-c77a-472e-865f-a6e34ffe7967{ip: 192.168.151.118, host: pr-hdds-2194-jqrdw-3579824535, networkLocation: /default-rack, certSerialId: null}, Type:RATIS, Factor:THREE, State:OPEN]
2019-10-10 01:24:06,772 [EventQueue-PipelineActionsForPipelineActionHandler] INFO  pipeline.PipelineStateManager (PipelineStateManager.java:finalizePipeline(123)) - Pipeline Pipeline[ Id: 93550a01-12ce-4828-af38-68badadc1787, Nodes: 4b92f2f8-e489-47a4-a90a-1d3fa2a9a07f{ip: 192.168.151.118, host: pr-hdds-2194-jqrdw-3579824535, networkLocation: /default-rack, certSerialId: null}fe8e0d95-22db-4b8a-875e-83bee4d716fb{ip: 192.168.151.118, host: pr-hdds-2194-jqrdw-3579824535, networkLocation: /default-rack, certSerialId: null}993817e1-c77a-472e-865f-a6e34ffe7967{ip: 192.168.151.118, host: pr-hdds-2194-jqrdw-3579824535, networkLocation: /default-rack, certSerialId: null}, Type:RATIS, Factor:THREE, State:CLOSED] moved to CLOSED state
2019-10-10 01:24:06,772 [EventQueue-PipelineActionsForPipelineActionHandler] ERROR pipeline.PipelineActionHandler (PipelineActionHandler.java:onMessage(60)) - Received pipeline action CLOSE for Pipeline[ Id: 93550a01-12ce-4828-af38-68badadc1787, Nodes: 4b92f2f8-e489-47a4-a90a-1d3fa2a9a07f{ip: 192.168.151.118, host: pr-hdds-2194-jqrdw-3579824535, networkLocation: /default-rack, certSerialId: null}fe8e0d95-22db-4b8a-875e-83bee4d716fb{ip: 192.168.151.118, host: pr-hdds-2194-jqrdw-3579824535, networkLocation: /default-rack, certSerialId: null}993817e1-c77a-472e-865f-a6e34ffe7967{ip: 192.168.151.118, host: pr-hdds-2194-jqrdw-3579824535, networkLocation: /default-rack, certSerialId: null}, Type:RATIS, Factor:THREE, State:CLOSED] from datanode 4b92f2f8-e489-47a4-a90a-1d3fa2a9a07f{ip: 192.168.151.118, host: pr-hdds-2194-jqrdw-3579824535, networkLocation: /default-rack, certSerialId: null}. Reason : Log already failed at index 1 for task WriteLog:1: (t:1, i:1), STATEMACHINELOGENTRY, client-19F495237F01, cid=96
2019-10-10 01:24:06,772 [EventQueue-PipelineActionsForPipelineActionHandler] INFO  pipeline.SCMPipelineManager (SCMPipelineManager.java:finalizeAndDestroyPipeline(315)) - destroying pipeline:Pipeline[ Id: 93550a01-12ce-4828-af38-68badadc1787, Nodes: 4b92f2f8-e489-47a4-a90a-1d3fa2a9a07f{ip: 192.168.151.118, host: pr-hdds-2194-jqrdw-3579824535, networkLocation: /default-rack, certSerialId: null}fe8e0d95-22db-4b8a-875e-83bee4d716fb{ip: 192.168.151.118, host: pr-hdds-2194-jqrdw-3579824535, networkLocation: /default-rack, certSerialId: null}993817e1-c77a-472e-865f-a6e34ffe7967{ip: 192.168.151.118, host: pr-hdds-2194-jqrdw-3579824535, networkLocation: /default-rack, certSerialId: null}, Type:RATIS, Factor:THREE, State:CLOSED]
 0.00% |█                                                                                                    |  0/1 Time: 0:08:13 0.00% |█                                                                                                    |  0/1 Time: 0:08:142019-10-10 01:24:09,633 [java.util.concurrent.ThreadPoolExecutor$Worker@75710831[State = -1, empty queue]] ERROR client.GrpcClientProtocolClient (GrpcClientProtocolClient.java:close(148)) - Unexpected exception while waiting for channel termination
java.lang.InterruptedException
	at java.util.concurrent.locks.AbstractQueuedSynchronizer.tryAcquireSharedNanos(AbstractQueuedSynchronizer.java:1326)
	at java.util.concurrent.CountDownLatch.await(CountDownLatch.java:277)
	at org.apache.ratis.thirdparty.io.grpc.internal.ManagedChannelImpl.awaitTermination(ManagedChannelImpl.java:763)
	at org.apache.ratis.thirdparty.io.grpc.internal.ForwardingManagedChannel.awaitTermination(ForwardingManagedChannel.java:57)
	at org.apache.ratis.thirdparty.io.grpc.internal.ManagedChannelOrphanWrapper.awaitTermination(ManagedChannelOrphanWrapper.java:70)
	at org.apache.ratis.grpc.client.GrpcClientProtocolClient.close(GrpcClientProtocolClient.java:146)
	at org.apache.ratis.util.PeerProxyMap$PeerAndProxy.lambda$close$1(PeerProxyMap.java:74)
	at org.apache.ratis.util.LifeCycle.lambda$checkStateAndClose$2(LifeCycle.java:231)
	at org.apache.ratis.util.LifeCycle.checkStateAndClose(LifeCycle.java:251)
	at org.apache.ratis.util.LifeCycle.checkStateAndClose(LifeCycle.java:229)
	at org.apache.ratis.util.PeerProxyMap$PeerAndProxy.close(PeerProxyMap.java:70)
	at org.apache.ratis.util.PeerProxyMap.resetProxy(PeerProxyMap.java:127)
	at org.apache.ratis.util.PeerProxyMap.handleException(PeerProxyMap.java:136)
	at org.apache.ratis.client.impl.RaftClientRpcWithProxy.handleException(RaftClientRpcWithProxy.java:47)
	at org.apache.ratis.client.impl.RaftClientImpl.handleIOException(RaftClientImpl.java:372)
	at org.apache.ratis.client.impl.OrderedAsync.lambda$sendRequest$10(OrderedAsync.java:236)
	at java.util.concurrent.CompletableFuture.uniExceptionally(CompletableFuture.java:870)
	at java.util.concurrent.CompletableFuture$UniExceptionally.tryFire(CompletableFuture.java:852)
	at java.util.concurrent.CompletableFuture.postComplete(CompletableFuture.java:474)
	at java.util.concurrent.CompletableFuture.completeExceptionally(CompletableFuture.java:1977)
	at org.apache.ratis.grpc.client.GrpcClientProtocolClient$AsyncStreamObservers.lambda$timeoutCheck$3(GrpcClientProtocolClient.java:324)
	at java.util.Optional.ifPresent(Optional.java:159)
	at org.apache.ratis.grpc.client.GrpcClientProtocolClient$AsyncStreamObservers.handleReplyFuture(GrpcClientProtocolClient.java:329)
	at org.apache.ratis.grpc.client.GrpcClientProtocolClient$AsyncStreamObservers.timeoutCheck(GrpcClientProtocolClient.java:324)
	at org.apache.ratis.grpc.client.GrpcClientProtocolClient$AsyncStreamObservers.lambda$onNext$1(GrpcClientProtocolClient.java:318)
	at org.apache.ratis.util.TimeoutScheduler.lambda$onTimeout$0(TimeoutScheduler.java:113)
	at org.apache.ratis.util.TimeoutScheduler.lambda$onTimeout$1(TimeoutScheduler.java:133)
	at org.apache.ratis.util.LogUtils.runAndLog(LogUtils.java:50)
	at org.apache.ratis.util.LogUtils$1.run(LogUtils.java:91)
	at java.util.concurrent.Executors$RunnableAdapter.call(Executors.java:511)
	at java.util.concurrent.FutureTask.run(FutureTask.java:266)
	at java.util.concurrent.ScheduledThreadPoolExecutor$ScheduledFutureTask.access$201(ScheduledThreadPoolExecutor.java:180)
	at java.util.concurrent.ScheduledThreadPoolExecutor$ScheduledFutureTask.run(ScheduledThreadPoolExecutor.java:293)
	at java.util.concurrent.ThreadPoolExecutor.runWorker(ThreadPoolExecutor.java:1149)
	at java.util.concurrent.ThreadPoolExecutor$Worker.run(ThreadPoolExecutor.java:624)
	at java.lang.Thread.run(Thread.java:748)
2019-10-10 01:24:09,637 [java.util.concurrent.ThreadPoolExecutor$Worker@75710831[State = -1, empty queue]] WARN  util.TimeoutScheduler (LogUtils.java:runAndLog(55)) - Failed to task #0: java.lang.NullPointerException
 0.00% |█                                                                                                    |  0/1 Time: 0:08:15 0.00% |█                                                                                                    |  0/1 Time: 0:08:16 0.00% |█                                                                                                    |  0/1 Time: 0:08:17 0.00% |█                                                                                                    |  0/1 Time: 0:08:18 0.00% |█                                                                                                    |  0/1 Time: 0:08:192019-10-10 01:24:13,678 [java.util.concurrent.ThreadPoolExecutor$Worker@2c4b36af[State = -1, empty queue]] ERROR client.GrpcClientProtocolClient (GrpcClientProtocolClient.java:close(148)) - Unexpected exception while waiting for channel termination
java.lang.InterruptedException
	at java.util.concurrent.locks.AbstractQueuedSynchronizer.tryAcquireSharedNanos(AbstractQueuedSynchronizer.java:1326)
	at java.util.concurrent.CountDownLatch.await(CountDownLatch.java:277)
	at org.apache.ratis.thirdparty.io.grpc.internal.ManagedChannelImpl.awaitTermination(ManagedChannelImpl.java:763)
	at org.apache.ratis.thirdparty.io.grpc.internal.ForwardingManagedChannel.awaitTermination(ForwardingManagedChannel.java:57)
	at org.apache.ratis.thirdparty.io.grpc.internal.ManagedChannelOrphanWrapper.awaitTermination(ManagedChannelOrphanWrapper.java:70)
	at org.apache.ratis.grpc.client.GrpcClientProtocolClient.close(GrpcClientProtocolClient.java:146)
	at org.apache.ratis.util.PeerProxyMap$PeerAndProxy.lambda$close$1(PeerProxyMap.java:74)
	at org.apache.ratis.util.LifeCycle.lambda$checkStateAndClose$2(LifeCycle.java:231)
	at org.apache.ratis.util.LifeCycle.checkStateAndClose(LifeCycle.java:251)
	at org.apache.ratis.util.LifeCycle.checkStateAndClose(LifeCycle.java:229)
	at org.apache.ratis.util.PeerProxyMap$PeerAndProxy.close(PeerProxyMap.java:70)
	at org.apache.ratis.util.PeerProxyMap.resetProxy(PeerProxyMap.java:127)
	at org.apache.ratis.util.PeerProxyMap.handleException(PeerProxyMap.java:136)
	at org.apache.ratis.client.impl.RaftClientRpcWithProxy.handleException(RaftClientRpcWithProxy.java:47)
	at org.apache.ratis.client.impl.RaftClientImpl.handleIOException(RaftClientImpl.java:372)
	at org.apache.ratis.client.impl.OrderedAsync.lambda$sendRequest$10(OrderedAsync.java:236)
	at java.util.concurrent.CompletableFuture.uniExceptionally(CompletableFuture.java:870)
	at java.util.concurrent.CompletableFuture$UniExceptionally.tryFire(CompletableFuture.java:852)
	at java.util.concurrent.CompletableFuture.postComplete(CompletableFuture.java:474)
	at java.util.concurrent.CompletableFuture.completeExceptionally(CompletableFuture.java:1977)
	at org.apache.ratis.grpc.client.GrpcClientProtocolClient$AsyncStreamObservers.lambda$timeoutCheck$3(GrpcClientProtocolClient.java:324)
	at java.util.Optional.ifPresent(Optional.java:159)
	at org.apache.ratis.grpc.client.GrpcClientProtocolClient$AsyncStreamObservers.handleReplyFuture(GrpcClientProtocolClient.java:329)
	at org.apache.ratis.grpc.client.GrpcClientProtocolClient$AsyncStreamObservers.timeoutCheck(GrpcClientProtocolClient.java:324)
	at org.apache.ratis.grpc.client.GrpcClientProtocolClient$AsyncStreamObservers.lambda$onNext$1(GrpcClientProtocolClient.java:318)
	at org.apache.ratis.util.TimeoutScheduler.lambda$onTimeout$0(TimeoutScheduler.java:113)
	at org.apache.ratis.util.TimeoutScheduler.lambda$onTimeout$1(TimeoutScheduler.java:133)
	at org.apache.ratis.util.LogUtils.runAndLog(LogUtils.java:50)
	at org.apache.ratis.util.LogUtils$1.run(LogUtils.java:91)
	at java.util.concurrent.Executors$RunnableAdapter.call(Executors.java:511)
	at java.util.concurrent.FutureTask.run(FutureTask.java:266)
	at java.util.concurrent.ScheduledThreadPoolExecutor$ScheduledFutureTask.access$201(ScheduledThreadPoolExecutor.java:180)
	at java.util.concurrent.ScheduledThreadPoolExecutor$ScheduledFutureTask.run(ScheduledThreadPoolExecutor.java:293)
	at java.util.concurrent.ThreadPoolExecutor.runWorker(ThreadPoolExecutor.java:1149)
	at java.util.concurrent.ThreadPoolExecutor$Worker.run(ThreadPoolExecutor.java:624)
	at java.lang.Thread.run(Thread.java:748)
2019-10-10 01:24:13,696 [java.util.concurrent.ThreadPoolExecutor$Worker@2c4b36af[State = -1, empty queue]] WARN  util.TimeoutScheduler (LogUtils.java:runAndLog(55)) - Failed to task #0: java.lang.NullPointerException
 0.00% |█                                                                                                    |  0/1 Time: 0:08:20 0.00% |█                                                                                                    |  0/1 Time: 0:08:21 0.00% |█                                                                                                    |  0/1 Time: 0:08:22 0.00% |█                                                                                                    |  0/1 Time: 0:08:232019-10-10 01:24:17,738 [java.util.concurrent.ThreadPoolExecutor$Worker@6100e6b[State = -1, empty queue]] ERROR client.GrpcClientProtocolClient (GrpcClientProtocolClient.java:close(148)) - Unexpected exception while waiting for channel termination
java.lang.InterruptedException
	at java.util.concurrent.locks.AbstractQueuedSynchronizer.tryAcquireSharedNanos(AbstractQueuedSynchronizer.java:1326)
	at java.util.concurrent.CountDownLatch.await(CountDownLatch.java:277)
	at org.apache.ratis.thirdparty.io.grpc.internal.ManagedChannelImpl.awaitTermination(ManagedChannelImpl.java:763)
	at org.apache.ratis.thirdparty.io.grpc.internal.ForwardingManagedChannel.awaitTermination(ForwardingManagedChannel.java:57)
	at org.apache.ratis.thirdparty.io.grpc.internal.ManagedChannelOrphanWrapper.awaitTermination(ManagedChannelOrphanWrapper.java:70)
	at org.apache.ratis.grpc.client.GrpcClientProtocolClient.close(GrpcClientProtocolClient.java:146)
	at org.apache.ratis.util.PeerProxyMap$PeerAndProxy.lambda$close$1(PeerProxyMap.java:74)
	at org.apache.ratis.util.LifeCycle.lambda$checkStateAndClose$2(LifeCycle.java:231)
	at org.apache.ratis.util.LifeCycle.checkStateAndClose(LifeCycle.java:251)
	at org.apache.ratis.util.LifeCycle.checkStateAndClose(LifeCycle.java:229)
	at org.apache.ratis.util.PeerProxyMap$PeerAndProxy.close(PeerProxyMap.java:70)
	at org.apache.ratis.util.PeerProxyMap.resetProxy(PeerProxyMap.java:127)
	at org.apache.ratis.util.PeerProxyMap.handleException(PeerProxyMap.java:136)
	at org.apache.ratis.client.impl.RaftClientRpcWithProxy.handleException(RaftClientRpcWithProxy.java:47)
	at org.apache.ratis.client.impl.RaftClientImpl.handleIOException(RaftClientImpl.java:372)
	at org.apache.ratis.client.impl.OrderedAsync.lambda$sendRequest$10(OrderedAsync.java:236)
	at java.util.concurrent.CompletableFuture.uniExceptionally(CompletableFuture.java:870)
	at java.util.concurrent.CompletableFuture$UniExceptionally.tryFire(CompletableFuture.java:852)
	at java.util.concurrent.CompletableFuture.postComplete(CompletableFuture.java:474)
	at java.util.concurrent.CompletableFuture.completeExceptionally(CompletableFuture.java:1977)
	at org.apache.ratis.grpc.client.GrpcClientProtocolClient$AsyncStreamObservers.lambda$timeoutCheck$3(GrpcClientProtocolClient.java:324)
	at java.util.Optional.ifPresent(Optional.java:159)
	at org.apache.ratis.grpc.client.GrpcClientProtocolClient$AsyncStreamObservers.handleReplyFuture(GrpcClientProtocolClient.java:329)
	at org.apache.ratis.grpc.client.GrpcClientProtocolClient$AsyncStreamObservers.timeoutCheck(GrpcClientProtocolClient.java:324)
	at org.apache.ratis.grpc.client.GrpcClientProtocolClient$AsyncStreamObservers.lambda$onNext$1(GrpcClientProtocolClient.java:318)
	at org.apache.ratis.util.TimeoutScheduler.lambda$onTimeout$0(TimeoutScheduler.java:113)
	at org.apache.ratis.util.TimeoutScheduler.lambda$onTimeout$1(TimeoutScheduler.java:133)
	at org.apache.ratis.util.LogUtils.runAndLog(LogUtils.java:50)
	at org.apache.ratis.util.LogUtils$1.run(LogUtils.java:91)
	at java.util.concurrent.Executors$RunnableAdapter.call(Executors.java:511)
	at java.util.concurrent.FutureTask.run(FutureTask.java:266)
	at java.util.concurrent.ScheduledThreadPoolExecutor$ScheduledFutureTask.access$201(ScheduledThreadPoolExecutor.java:180)
	at java.util.concurrent.ScheduledThreadPoolExecutor$ScheduledFutureTask.run(ScheduledThreadPoolExecutor.java:293)
	at java.util.concurrent.ThreadPoolExecutor.runWorker(ThreadPoolExecutor.java:1149)
	at java.util.concurrent.ThreadPoolExecutor$Worker.run(ThreadPoolExecutor.java:624)
	at java.lang.Thread.run(Thread.java:748)
2019-10-10 01:24:17,739 [java.util.concurrent.ThreadPoolExecutor$Worker@6100e6b[State = -1, empty queue]] WARN  util.TimeoutScheduler (LogUtils.java:runAndLog(55)) - Failed to task #0: java.lang.NullPointerException
 0.00% |█                                                                                                    |  0/1 Time: 0:08:24 0.00% |█                                                                                                    |  0/1 Time: 0:08:25 0.00% |█                                                                                                    |  0/1 Time: 0:08:26 0.00% |█                                                                                                    |  0/1 Time: 0:08:272019-10-10 01:24:21,779 [java.util.concurrent.ThreadPoolExecutor$Worker@6297d5c9[State = -1, empty queue]] ERROR client.GrpcClientProtocolClient (GrpcClientProtocolClient.java:close(148)) - Unexpected exception while waiting for channel termination
java.lang.InterruptedException
	at java.util.concurrent.locks.AbstractQueuedSynchronizer.tryAcquireSharedNanos(AbstractQueuedSynchronizer.java:1326)
	at java.util.concurrent.CountDownLatch.await(CountDownLatch.java:277)
	at org.apache.ratis.thirdparty.io.grpc.internal.ManagedChannelImpl.awaitTermination(ManagedChannelImpl.java:763)
	at org.apache.ratis.thirdparty.io.grpc.internal.ForwardingManagedChannel.awaitTermination(ForwardingManagedChannel.java:57)
	at org.apache.ratis.thirdparty.io.grpc.internal.ManagedChannelOrphanWrapper.awaitTermination(ManagedChannelOrphanWrapper.java:70)
	at org.apache.ratis.grpc.client.GrpcClientProtocolClient.close(GrpcClientProtocolClient.java:146)
	at org.apache.ratis.util.PeerProxyMap$PeerAndProxy.lambda$close$1(PeerProxyMap.java:74)
	at org.apache.ratis.util.LifeCycle.lambda$checkStateAndClose$2(LifeCycle.java:231)
	at org.apache.ratis.util.LifeCycle.checkStateAndClose(LifeCycle.java:251)
	at org.apache.ratis.util.LifeCycle.checkStateAndClose(LifeCycle.java:229)
	at org.apache.ratis.util.PeerProxyMap$PeerAndProxy.close(PeerProxyMap.java:70)
	at org.apache.ratis.util.PeerProxyMap.resetProxy(PeerProxyMap.java:127)
	at org.apache.ratis.util.PeerProxyMap.handleException(PeerProxyMap.java:136)
	at org.apache.ratis.client.impl.RaftClientRpcWithProxy.handleException(RaftClientRpcWithProxy.java:47)
	at org.apache.ratis.client.impl.RaftClientImpl.handleIOException(RaftClientImpl.java:372)
	at org.apache.ratis.client.impl.OrderedAsync.lambda$sendRequest$10(OrderedAsync.java:236)
	at java.util.concurrent.CompletableFuture.uniExceptionally(CompletableFuture.java:870)
	at java.util.concurrent.CompletableFuture$UniExceptionally.tryFire(CompletableFuture.java:852)
	at java.util.concurrent.CompletableFuture.postComplete(CompletableFuture.java:474)
	at java.util.concurrent.CompletableFuture.completeExceptionally(CompletableFuture.java:1977)
	at org.apache.ratis.grpc.client.GrpcClientProtocolClient$AsyncStreamObservers.lambda$timeoutCheck$3(GrpcClientProtocolClient.java:324)
	at java.util.Optional.ifPresent(Optional.java:159)
	at org.apache.ratis.grpc.client.GrpcClientProtocolClient$AsyncStreamObservers.handleReplyFuture(GrpcClientProtocolClient.java:329)
	at org.apache.ratis.grpc.client.GrpcClientProtocolClient$AsyncStreamObservers.timeoutCheck(GrpcClientProtocolClient.java:324)
	at org.apache.ratis.grpc.client.GrpcClientProtocolClient$AsyncStreamObservers.lambda$onNext$1(GrpcClientProtocolClient.java:318)
	at org.apache.ratis.util.TimeoutScheduler.lambda$onTimeout$0(TimeoutScheduler.java:113)
	at org.apache.ratis.util.TimeoutScheduler.lambda$onTimeout$1(TimeoutScheduler.java:133)
	at org.apache.ratis.util.LogUtils.runAndLog(LogUtils.java:50)
	at org.apache.ratis.util.LogUtils$1.run(LogUtils.java:91)
	at java.util.concurrent.Executors$RunnableAdapter.call(Executors.java:511)
	at java.util.concurrent.FutureTask.run(FutureTask.java:266)
	at java.util.concurrent.ScheduledThreadPoolExecutor$ScheduledFutureTask.access$201(ScheduledThreadPoolExecutor.java:180)
	at java.util.concurrent.ScheduledThreadPoolExecutor$ScheduledFutureTask.run(ScheduledThreadPoolExecutor.java:293)
	at java.util.concurrent.ThreadPoolExecutor.runWorker(ThreadPoolExecutor.java:1149)
	at java.util.concurrent.ThreadPoolExecutor$Worker.run(ThreadPoolExecutor.java:624)
	at java.lang.Thread.run(Thread.java:748)
2019-10-10 01:24:21,780 [java.util.concurrent.ThreadPoolExecutor$Worker@6297d5c9[State = -1, empty queue]] WARN  util.TimeoutScheduler (LogUtils.java:runAndLog(55)) - Failed to task #0: java.lang.NullPointerException
 0.00% |█                                                                                                    |  0/1 Time: 0:08:28 0.00% |█                                                                                                    |  0/1 Time: 0:08:29 0.00% |█                                                                                                    |  0/1 Time: 0:08:30 0.00% |█                                                                                                    |  0/1 Time: 0:08:312019-10-10 01:24:25,822 [java.util.concurrent.ThreadPoolExecutor$Worker@42f20fbc[State = -1, empty queue]] ERROR client.GrpcClientProtocolClient (GrpcClientProtocolClient.java:close(148)) - Unexpected exception while waiting for channel termination
java.lang.InterruptedException
	at java.util.concurrent.locks.AbstractQueuedSynchronizer.tryAcquireSharedNanos(AbstractQueuedSynchronizer.java:1326)
	at java.util.concurrent.CountDownLatch.await(CountDownLatch.java:277)
	at org.apache.ratis.thirdparty.io.grpc.internal.ManagedChannelImpl.awaitTermination(ManagedChannelImpl.java:763)
	at org.apache.ratis.thirdparty.io.grpc.internal.ForwardingManagedChannel.awaitTermination(ForwardingManagedChannel.java:57)
	at org.apache.ratis.thirdparty.io.grpc.internal.ManagedChannelOrphanWrapper.awaitTermination(ManagedChannelOrphanWrapper.java:70)
	at org.apache.ratis.grpc.client.GrpcClientProtocolClient.close(GrpcClientProtocolClient.java:146)
	at org.apache.ratis.util.PeerProxyMap$PeerAndProxy.lambda$close$1(PeerProxyMap.java:74)
	at org.apache.ratis.util.LifeCycle.lambda$checkStateAndClose$2(LifeCycle.java:231)
	at org.apache.ratis.util.LifeCycle.checkStateAndClose(LifeCycle.java:251)
	at org.apache.ratis.util.LifeCycle.checkStateAndClose(LifeCycle.java:229)
	at org.apache.ratis.util.PeerProxyMap$PeerAndProxy.close(PeerProxyMap.java:70)
	at org.apache.ratis.util.PeerProxyMap.resetProxy(PeerProxyMap.java:127)
	at org.apache.ratis.util.PeerProxyMap.handleException(PeerProxyMap.java:136)
	at org.apache.ratis.client.impl.RaftClientRpcWithProxy.handleException(RaftClientRpcWithProxy.java:47)
	at org.apache.ratis.client.impl.RaftClientImpl.handleIOException(RaftClientImpl.java:372)
	at org.apache.ratis.client.impl.OrderedAsync.lambda$sendRequest$10(OrderedAsync.java:236)
	at java.util.concurrent.CompletableFuture.uniExceptionally(CompletableFuture.java:870)
	at java.util.concurrent.CompletableFuture$UniExceptionally.tryFire(CompletableFuture.java:852)
	at java.util.concurrent.CompletableFuture.postComplete(CompletableFuture.java:474)
	at java.util.concurrent.CompletableFuture.completeExceptionally(CompletableFuture.java:1977)
	at org.apache.ratis.grpc.client.GrpcClientProtocolClient$AsyncStreamObservers.lambda$timeoutCheck$3(GrpcClientProtocolClient.java:324)
	at java.util.Optional.ifPresent(Optional.java:159)
	at org.apache.ratis.grpc.client.GrpcClientProtocolClient$AsyncStreamObservers.handleReplyFuture(GrpcClientProtocolClient.java:329)
	at org.apache.ratis.grpc.client.GrpcClientProtocolClient$AsyncStreamObservers.timeoutCheck(GrpcClientProtocolClient.java:324)
	at org.apache.ratis.grpc.client.GrpcClientProtocolClient$AsyncStreamObservers.lambda$onNext$1(GrpcClientProtocolClient.java:318)
	at org.apache.ratis.util.TimeoutScheduler.lambda$onTimeout$0(TimeoutScheduler.java:113)
	at org.apache.ratis.util.TimeoutScheduler.lambda$onTimeout$1(TimeoutScheduler.java:133)
	at org.apache.ratis.util.LogUtils.runAndLog(LogUtils.java:50)
	at org.apache.ratis.util.LogUtils$1.run(LogUtils.java:91)
	at java.util.concurrent.Executors$RunnableAdapter.call(Executors.java:511)
	at java.util.concurrent.FutureTask.run(FutureTask.java:266)
	at java.util.concurrent.ScheduledThreadPoolExecutor$ScheduledFutureTask.access$201(ScheduledThreadPoolExecutor.java:180)
	at java.util.concurrent.ScheduledThreadPoolExecutor$ScheduledFutureTask.run(ScheduledThreadPoolExecutor.java:293)
	at java.util.concurrent.ThreadPoolExecutor.runWorker(ThreadPoolExecutor.java:1149)
	at java.util.concurrent.ThreadPoolExecutor$Worker.run(ThreadPoolExecutor.java:624)
	at java.lang.Thread.run(Thread.java:748)
2019-10-10 01:24:25,825 [java.util.concurrent.ThreadPoolExecutor$Worker@42f20fbc[State = -1, empty queue]] WARN  util.TimeoutScheduler (LogUtils.java:runAndLog(55)) - Failed to task #0: java.lang.NullPointerException
 0.00% |█                                                                                                    |  0/1 Time: 0:08:32 0.00% |█                                                                                                    |  0/1 Time: 0:08:33 0.00% |█                                                                                                    |  0/1 Time: 0:08:34 0.00% |█                                                                                                    |  0/1 Time: 0:08:352019-10-10 01:24:29,857 [java.util.concurrent.ThreadPoolExecutor$Worker@40a4e5fd[State = -1, empty queue]] ERROR client.GrpcClientProtocolClient (GrpcClientProtocolClient.java:close(148)) - Unexpected exception while waiting for channel termination
java.lang.InterruptedException
	at java.util.concurrent.locks.AbstractQueuedSynchronizer.tryAcquireSharedNanos(AbstractQueuedSynchronizer.java:1326)
	at java.util.concurrent.CountDownLatch.await(CountDownLatch.java:277)
	at org.apache.ratis.thirdparty.io.grpc.internal.ManagedChannelImpl.awaitTermination(ManagedChannelImpl.java:763)
	at org.apache.ratis.thirdparty.io.grpc.internal.ForwardingManagedChannel.awaitTermination(ForwardingManagedChannel.java:57)
	at org.apache.ratis.thirdparty.io.grpc.internal.ManagedChannelOrphanWrapper.awaitTermination(ManagedChannelOrphanWrapper.java:70)
	at org.apache.ratis.grpc.client.GrpcClientProtocolClient.close(GrpcClientProtocolClient.java:146)
	at org.apache.ratis.util.PeerProxyMap$PeerAndProxy.lambda$close$1(PeerProxyMap.java:74)
	at org.apache.ratis.util.LifeCycle.lambda$checkStateAndClose$2(LifeCycle.java:231)
	at org.apache.ratis.util.LifeCycle.checkStateAndClose(LifeCycle.java:251)
	at org.apache.ratis.util.LifeCycle.checkStateAndClose(LifeCycle.java:229)
	at org.apache.ratis.util.PeerProxyMap$PeerAndProxy.close(PeerProxyMap.java:70)
	at org.apache.ratis.util.PeerProxyMap.resetProxy(PeerProxyMap.java:127)
	at org.apache.ratis.util.PeerProxyMap.handleException(PeerProxyMap.java:136)
	at org.apache.ratis.client.impl.RaftClientRpcWithProxy.handleException(RaftClientRpcWithProxy.java:47)
	at org.apache.ratis.client.impl.RaftClientImpl.handleIOException(RaftClientImpl.java:372)
	at org.apache.ratis.client.impl.OrderedAsync.lambda$sendRequest$10(OrderedAsync.java:236)
	at java.util.concurrent.CompletableFuture.uniExceptionally(CompletableFuture.java:870)
	at java.util.concurrent.CompletableFuture$UniExceptionally.tryFire(CompletableFuture.java:852)
	at java.util.concurrent.CompletableFuture.postComplete(CompletableFuture.java:474)
	at java.util.concurrent.CompletableFuture.completeExceptionally(CompletableFuture.java:1977)
	at org.apache.ratis.grpc.client.GrpcClientProtocolClient$AsyncStreamObservers.lambda$timeoutCheck$3(GrpcClientProtocolClient.java:324)
	at java.util.Optional.ifPresent(Optional.java:159)
	at org.apache.ratis.grpc.client.GrpcClientProtocolClient$AsyncStreamObservers.handleReplyFuture(GrpcClientProtocolClient.java:329)
	at org.apache.ratis.grpc.client.GrpcClientProtocolClient$AsyncStreamObservers.timeoutCheck(GrpcClientProtocolClient.java:324)
	at org.apache.ratis.grpc.client.GrpcClientProtocolClient$AsyncStreamObservers.lambda$onNext$1(GrpcClientProtocolClient.java:318)
	at org.apache.ratis.util.TimeoutScheduler.lambda$onTimeout$0(TimeoutScheduler.java:113)
	at org.apache.ratis.util.TimeoutScheduler.lambda$onTimeout$1(TimeoutScheduler.java:133)
	at org.apache.ratis.util.LogUtils.runAndLog(LogUtils.java:50)
	at org.apache.ratis.util.LogUtils$1.run(LogUtils.java:91)
	at java.util.concurrent.Executors$RunnableAdapter.call(Executors.java:511)
	at java.util.concurrent.FutureTask.run(FutureTask.java:266)
	at java.util.concurrent.ScheduledThreadPoolExecutor$ScheduledFutureTask.access$201(ScheduledThreadPoolExecutor.java:180)
	at java.util.concurrent.ScheduledThreadPoolExecutor$ScheduledFutureTask.run(ScheduledThreadPoolExecutor.java:293)
	at java.util.concurrent.ThreadPoolExecutor.runWorker(ThreadPoolExecutor.java:1149)
	at java.util.concurrent.ThreadPoolExecutor$Worker.run(ThreadPoolExecutor.java:624)
	at java.lang.Thread.run(Thread.java:748)
2019-10-10 01:24:29,860 [java.util.concurrent.ThreadPoolExecutor$Worker@40a4e5fd[State = -1, empty queue]] WARN  util.TimeoutScheduler (LogUtils.java:runAndLog(55)) - Failed to task #0: java.lang.NullPointerException
 0.00% |█                                                                                                    |  0/1 Time: 0:08:36 0.00% |█                                                                                                    |  0/1 Time: 0:08:37 0.00% |█                                                                                                    |  0/1 Time: 0:08:38 0.00% |█                                                                                                    |  0/1 Time: 0:08:392019-10-10 01:24:33,897 [java.util.concurrent.ThreadPoolExecutor$Worker@274256eb[State = -1, empty queue]] ERROR client.GrpcClientProtocolClient (GrpcClientProtocolClient.java:close(148)) - Unexpected exception while waiting for channel termination
java.lang.InterruptedException
	at java.util.concurrent.locks.AbstractQueuedSynchronizer.tryAcquireSharedNanos(AbstractQueuedSynchronizer.java:1326)
	at java.util.concurrent.CountDownLatch.await(CountDownLatch.java:277)
	at org.apache.ratis.thirdparty.io.grpc.internal.ManagedChannelImpl.awaitTermination(ManagedChannelImpl.java:763)
	at org.apache.ratis.thirdparty.io.grpc.internal.ForwardingManagedChannel.awaitTermination(ForwardingManagedChannel.java:57)
	at org.apache.ratis.thirdparty.io.grpc.internal.ManagedChannelOrphanWrapper.awaitTermination(ManagedChannelOrphanWrapper.java:70)
	at org.apache.ratis.grpc.client.GrpcClientProtocolClient.close(GrpcClientProtocolClient.java:146)
	at org.apache.ratis.util.PeerProxyMap$PeerAndProxy.lambda$close$1(PeerProxyMap.java:74)
	at org.apache.ratis.util.LifeCycle.lambda$checkStateAndClose$2(LifeCycle.java:231)
	at org.apache.ratis.util.LifeCycle.checkStateAndClose(LifeCycle.java:251)
	at org.apache.ratis.util.LifeCycle.checkStateAndClose(LifeCycle.java:229)
	at org.apache.ratis.util.PeerProxyMap$PeerAndProxy.close(PeerProxyMap.java:70)
	at org.apache.ratis.util.PeerProxyMap.resetProxy(PeerProxyMap.java:127)
	at org.apache.ratis.util.PeerProxyMap.handleException(PeerProxyMap.java:136)
	at org.apache.ratis.client.impl.RaftClientRpcWithProxy.handleException(RaftClientRpcWithProxy.java:47)
	at org.apache.ratis.client.impl.RaftClientImpl.handleIOException(RaftClientImpl.java:372)
	at org.apache.ratis.client.impl.OrderedAsync.lambda$sendRequest$10(OrderedAsync.java:236)
	at java.util.concurrent.CompletableFuture.uniExceptionally(CompletableFuture.java:870)
	at java.util.concurrent.CompletableFuture$UniExceptionally.tryFire(CompletableFuture.java:852)
	at java.util.concurrent.CompletableFuture.postComplete(CompletableFuture.java:474)
	at java.util.concurrent.CompletableFuture.completeExceptionally(CompletableFuture.java:1977)
	at org.apache.ratis.grpc.client.GrpcClientProtocolClient$AsyncStreamObservers.lambda$timeoutCheck$3(GrpcClientProtocolClient.java:324)
	at java.util.Optional.ifPresent(Optional.java:159)
	at org.apache.ratis.grpc.client.GrpcClientProtocolClient$AsyncStreamObservers.handleReplyFuture(GrpcClientProtocolClient.java:329)
	at org.apache.ratis.grpc.client.GrpcClientProtocolClient$AsyncStreamObservers.timeoutCheck(GrpcClientProtocolClient.java:324)
	at org.apache.ratis.grpc.client.GrpcClientProtocolClient$AsyncStreamObservers.lambda$onNext$1(GrpcClientProtocolClient.java:318)
	at org.apache.ratis.util.TimeoutScheduler.lambda$onTimeout$0(TimeoutScheduler.java:113)
	at org.apache.ratis.util.TimeoutScheduler.lambda$onTimeout$1(TimeoutScheduler.java:133)
	at org.apache.ratis.util.LogUtils.runAndLog(LogUtils.java:50)
	at org.apache.ratis.util.LogUtils$1.run(LogUtils.java:91)
	at java.util.concurrent.Executors$RunnableAdapter.call(Executors.java:511)
	at java.util.concurrent.FutureTask.run(FutureTask.java:266)
	at java.util.concurrent.ScheduledThreadPoolExecutor$ScheduledFutureTask.access$201(ScheduledThreadPoolExecutor.java:180)
	at java.util.concurrent.ScheduledThreadPoolExecutor$ScheduledFutureTask.run(ScheduledThreadPoolExecutor.java:293)
	at java.util.concurrent.ThreadPoolExecutor.runWorker(ThreadPoolExecutor.java:1149)
	at java.util.concurrent.ThreadPoolExecutor$Worker.run(ThreadPoolExecutor.java:624)
	at java.lang.Thread.run(Thread.java:748)
2019-10-10 01:24:33,900 [java.util.concurrent.ThreadPoolExecutor$Worker@274256eb[State = -1, empty queue]] WARN  util.TimeoutScheduler (LogUtils.java:runAndLog(55)) - Failed to task #0: java.lang.NullPointerException
 0.00% |█                                                                                                    |  0/1 Time: 0:08:40 0.00% |█                                                                                                    |  0/1 Time: 0:08:41 0.00% |█                                                                                                    |  0/1 Time: 0:08:42 0.00% |█                                                                                                    |  0/1 Time: 0:08:432019-10-10 01:24:37,930 [java.util.concurrent.ThreadPoolExecutor$Worker@3df45fc3[State = -1, empty queue]] ERROR client.GrpcClientProtocolClient (GrpcClientProtocolClient.java:close(148)) - Unexpected exception while waiting for channel termination
java.lang.InterruptedException
	at java.util.concurrent.locks.AbstractQueuedSynchronizer.tryAcquireSharedNanos(AbstractQueuedSynchronizer.java:1326)
	at java.util.concurrent.CountDownLatch.await(CountDownLatch.java:277)
	at org.apache.ratis.thirdparty.io.grpc.internal.ManagedChannelImpl.awaitTermination(ManagedChannelImpl.java:763)
	at org.apache.ratis.thirdparty.io.grpc.internal.ForwardingManagedChannel.awaitTermination(ForwardingManagedChannel.java:57)
	at org.apache.ratis.thirdparty.io.grpc.internal.ManagedChannelOrphanWrapper.awaitTermination(ManagedChannelOrphanWrapper.java:70)
	at org.apache.ratis.grpc.client.GrpcClientProtocolClient.close(GrpcClientProtocolClient.java:146)
	at org.apache.ratis.util.PeerProxyMap$PeerAndProxy.lambda$close$1(PeerProxyMap.java:74)
	at org.apache.ratis.util.LifeCycle.lambda$checkStateAndClose$2(LifeCycle.java:231)
	at org.apache.ratis.util.LifeCycle.checkStateAndClose(LifeCycle.java:251)
	at org.apache.ratis.util.LifeCycle.checkStateAndClose(LifeCycle.java:229)
	at org.apache.ratis.util.PeerProxyMap$PeerAndProxy.close(PeerProxyMap.java:70)
	at org.apache.ratis.util.PeerProxyMap.resetProxy(PeerProxyMap.java:127)
	at org.apache.ratis.util.PeerProxyMap.handleException(PeerProxyMap.java:136)
	at org.apache.ratis.client.impl.RaftClientRpcWithProxy.handleException(RaftClientRpcWithProxy.java:47)
	at org.apache.ratis.client.impl.RaftClientImpl.handleIOException(RaftClientImpl.java:372)
	at org.apache.ratis.client.impl.OrderedAsync.lambda$sendRequest$10(OrderedAsync.java:236)
	at java.util.concurrent.CompletableFuture.uniExceptionally(CompletableFuture.java:870)
	at java.util.concurrent.CompletableFuture$UniExceptionally.tryFire(CompletableFuture.java:852)
	at java.util.concurrent.CompletableFuture.postComplete(CompletableFuture.java:474)
	at java.util.concurrent.CompletableFuture.completeExceptionally(CompletableFuture.java:1977)
	at org.apache.ratis.grpc.client.GrpcClientProtocolClient$AsyncStreamObservers.lambda$timeoutCheck$3(GrpcClientProtocolClient.java:324)
	at java.util.Optional.ifPresent(Optional.java:159)
	at org.apache.ratis.grpc.client.GrpcClientProtocolClient$AsyncStreamObservers.handleReplyFuture(GrpcClientProtocolClient.java:329)
	at org.apache.ratis.grpc.client.GrpcClientProtocolClient$AsyncStreamObservers.timeoutCheck(GrpcClientProtocolClient.java:324)
	at org.apache.ratis.grpc.client.GrpcClientProtocolClient$AsyncStreamObservers.lambda$onNext$1(GrpcClientProtocolClient.java:318)
	at org.apache.ratis.util.TimeoutScheduler.lambda$onTimeout$0(TimeoutScheduler.java:113)
	at org.apache.ratis.util.TimeoutScheduler.lambda$onTimeout$1(TimeoutScheduler.java:133)
	at org.apache.ratis.util.LogUtils.runAndLog(LogUtils.java:50)
	at org.apache.ratis.util.LogUtils$1.run(LogUtils.java:91)
	at java.util.concurrent.Executors$RunnableAdapter.call(Executors.java:511)
	at java.util.concurrent.FutureTask.run(FutureTask.java:266)
	at java.util.concurrent.ScheduledThreadPoolExecutor$ScheduledFutureTask.access$201(ScheduledThreadPoolExecutor.java:180)
	at java.util.concurrent.ScheduledThreadPoolExecutor$ScheduledFutureTask.run(ScheduledThreadPoolExecutor.java:293)
	at java.util.concurrent.ThreadPoolExecutor.runWorker(ThreadPoolExecutor.java:1149)
	at java.util.concurrent.ThreadPoolExecutor$Worker.run(ThreadPoolExecutor.java:624)
	at java.lang.Thread.run(Thread.java:748)
2019-10-10 01:24:37,931 [java.util.concurrent.ThreadPoolExecutor$Worker@3df45fc3[State = -1, empty queue]] WARN  util.TimeoutScheduler (LogUtils.java:runAndLog(55)) - Failed to task #0: java.lang.NullPointerException
 0.00% |█                                                                                                    |  0/1 Time: 0:08:44 0.00% |█                                                                                                    |  0/1 Time: 0:08:45 0.00% |█                                                                                                    |  0/1 Time: 0:08:46 0.00% |█                                                                                                    |  0/1 Time: 0:08:472019-10-10 01:24:41,972 [java.util.concurrent.ThreadPoolExecutor$Worker@32e7449e[State = -1, empty queue]] ERROR client.GrpcClientProtocolClient (GrpcClientProtocolClient.java:close(148)) - Unexpected exception while waiting for channel termination
java.lang.InterruptedException
	at java.util.concurrent.locks.AbstractQueuedSynchronizer.tryAcquireSharedNanos(AbstractQueuedSynchronizer.java:1326)
	at java.util.concurrent.CountDownLatch.await(CountDownLatch.java:277)
	at org.apache.ratis.thirdparty.io.grpc.internal.ManagedChannelImpl.awaitTermination(ManagedChannelImpl.java:763)
	at org.apache.ratis.thirdparty.io.grpc.internal.ForwardingManagedChannel.awaitTermination(ForwardingManagedChannel.java:57)
	at org.apache.ratis.thirdparty.io.grpc.internal.ManagedChannelOrphanWrapper.awaitTermination(ManagedChannelOrphanWrapper.java:70)
	at org.apache.ratis.grpc.client.GrpcClientProtocolClient.close(GrpcClientProtocolClient.java:146)
	at org.apache.ratis.util.PeerProxyMap$PeerAndProxy.lambda$close$1(PeerProxyMap.java:74)
	at org.apache.ratis.util.LifeCycle.lambda$checkStateAndClose$2(LifeCycle.java:231)
	at org.apache.ratis.util.LifeCycle.checkStateAndClose(LifeCycle.java:251)
	at org.apache.ratis.util.LifeCycle.checkStateAndClose(LifeCycle.java:229)
	at org.apache.ratis.util.PeerProxyMap$PeerAndProxy.close(PeerProxyMap.java:70)
	at org.apache.ratis.util.PeerProxyMap.resetProxy(PeerProxyMap.java:127)
	at org.apache.ratis.util.PeerProxyMap.handleException(PeerProxyMap.java:136)
	at org.apache.ratis.client.impl.RaftClientRpcWithProxy.handleException(RaftClientRpcWithProxy.java:47)
	at org.apache.ratis.client.impl.RaftClientImpl.handleIOException(RaftClientImpl.java:372)
	at org.apache.ratis.client.impl.OrderedAsync.lambda$sendRequest$10(OrderedAsync.java:236)
	at java.util.concurrent.CompletableFuture.uniExceptionally(CompletableFuture.java:870)
	at java.util.concurrent.CompletableFuture$UniExceptionally.tryFire(CompletableFuture.java:852)
	at java.util.concurrent.CompletableFuture.postComplete(CompletableFuture.java:474)
	at java.util.concurrent.CompletableFuture.completeExceptionally(CompletableFuture.java:1977)
	at org.apache.ratis.grpc.client.GrpcClientProtocolClient$AsyncStreamObservers.lambda$timeoutCheck$3(GrpcClientProtocolClient.java:324)
	at java.util.Optional.ifPresent(Optional.java:159)
	at org.apache.ratis.grpc.client.GrpcClientProtocolClient$AsyncStreamObservers.handleReplyFuture(GrpcClientProtocolClient.java:329)
	at org.apache.ratis.grpc.client.GrpcClientProtocolClient$AsyncStreamObservers.timeoutCheck(GrpcClientProtocolClient.java:324)
	at org.apache.ratis.grpc.client.GrpcClientProtocolClient$AsyncStreamObservers.lambda$onNext$1(GrpcClientProtocolClient.java:318)
	at org.apache.ratis.util.TimeoutScheduler.lambda$onTimeout$0(TimeoutScheduler.java:113)
	at org.apache.ratis.util.TimeoutScheduler.lambda$onTimeout$1(TimeoutScheduler.java:133)
	at org.apache.ratis.util.LogUtils.runAndLog(LogUtils.java:50)
	at org.apache.ratis.util.LogUtils$1.run(LogUtils.java:91)
	at java.util.concurrent.Executors$RunnableAdapter.call(Executors.java:511)
	at java.util.concurrent.FutureTask.run(FutureTask.java:266)
	at java.util.concurrent.ScheduledThreadPoolExecutor$ScheduledFutureTask.access$201(ScheduledThreadPoolExecutor.java:180)
	at java.util.concurrent.ScheduledThreadPoolExecutor$ScheduledFutureTask.run(ScheduledThreadPoolExecutor.java:293)
	at java.util.concurrent.ThreadPoolExecutor.runWorker(ThreadPoolExecutor.java:1149)
	at java.util.concurrent.ThreadPoolExecutor$Worker.run(ThreadPoolExecutor.java:624)
	at java.lang.Thread.run(Thread.java:748)
2019-10-10 01:24:41,985 [java.util.concurrent.ThreadPoolExecutor$Worker@32e7449e[State = -1, empty queue]] WARN  util.TimeoutScheduler (LogUtils.java:runAndLog(55)) - Failed to task #0: java.lang.NullPointerException
 0.00% |█                                                                                                    |  0/1 Time: 0:08:48 0.00% |█                                                                                                    |  0/1 Time: 0:08:49 0.00% |█                                                                                                    |  0/1 Time: 0:08:50 0.00% |█                                                                                                    |  0/1 Time: 0:08:512019-10-10 01:24:46,020 [java.util.concurrent.ThreadPoolExecutor$Worker@2d73cd62[State = -1, empty queue]] ERROR client.GrpcClientProtocolClient (GrpcClientProtocolClient.java:close(148)) - Unexpected exception while waiting for channel termination
java.lang.InterruptedException
	at java.util.concurrent.locks.AbstractQueuedSynchronizer.tryAcquireSharedNanos(AbstractQueuedSynchronizer.java:1326)
	at java.util.concurrent.CountDownLatch.await(CountDownLatch.java:277)
	at org.apache.ratis.thirdparty.io.grpc.internal.ManagedChannelImpl.awaitTermination(ManagedChannelImpl.java:763)
	at org.apache.ratis.thirdparty.io.grpc.internal.ForwardingManagedChannel.awaitTermination(ForwardingManagedChannel.java:57)
	at org.apache.ratis.thirdparty.io.grpc.internal.ManagedChannelOrphanWrapper.awaitTermination(ManagedChannelOrphanWrapper.java:70)
	at org.apache.ratis.grpc.client.GrpcClientProtocolClient.close(GrpcClientProtocolClient.java:146)
	at org.apache.ratis.util.PeerProxyMap$PeerAndProxy.lambda$close$1(PeerProxyMap.java:74)
	at org.apache.ratis.util.LifeCycle.lambda$checkStateAndClose$2(LifeCycle.java:231)
	at org.apache.ratis.util.LifeCycle.checkStateAndClose(LifeCycle.java:251)
	at org.apache.ratis.util.LifeCycle.checkStateAndClose(LifeCycle.java:229)
	at org.apache.ratis.util.PeerProxyMap$PeerAndProxy.close(PeerProxyMap.java:70)
	at org.apache.ratis.util.PeerProxyMap.resetProxy(PeerProxyMap.java:127)
	at org.apache.ratis.util.PeerProxyMap.handleException(PeerProxyMap.java:136)
	at org.apache.ratis.client.impl.RaftClientRpcWithProxy.handleException(RaftClientRpcWithProxy.java:47)
	at org.apache.ratis.client.impl.RaftClientImpl.handleIOException(RaftClientImpl.java:372)
	at org.apache.ratis.client.impl.OrderedAsync.lambda$sendRequest$10(OrderedAsync.java:236)
	at java.util.concurrent.CompletableFuture.uniExceptionally(CompletableFuture.java:870)
	at java.util.concurrent.CompletableFuture$UniExceptionally.tryFire(CompletableFuture.java:852)
	at java.util.concurrent.CompletableFuture.postComplete(CompletableFuture.java:474)
	at java.util.concurrent.CompletableFuture.completeExceptionally(CompletableFuture.java:1977)
	at org.apache.ratis.grpc.client.GrpcClientProtocolClient$AsyncStreamObservers.lambda$timeoutCheck$3(GrpcClientProtocolClient.java:324)
	at java.util.Optional.ifPresent(Optional.java:159)
	at org.apache.ratis.grpc.client.GrpcClientProtocolClient$AsyncStreamObservers.handleReplyFuture(GrpcClientProtocolClient.java:329)
	at org.apache.ratis.grpc.client.GrpcClientProtocolClient$AsyncStreamObservers.timeoutCheck(GrpcClientProtocolClient.java:324)
	at org.apache.ratis.grpc.client.GrpcClientProtocolClient$AsyncStreamObservers.lambda$onNext$1(GrpcClientProtocolClient.java:318)
	at org.apache.ratis.util.TimeoutScheduler.lambda$onTimeout$0(TimeoutScheduler.java:113)
	at org.apache.ratis.util.TimeoutScheduler.lambda$onTimeout$1(TimeoutScheduler.java:133)
	at org.apache.ratis.util.LogUtils.runAndLog(LogUtils.java:50)
	at org.apache.ratis.util.LogUtils$1.run(LogUtils.java:91)
	at java.util.concurrent.Executors$RunnableAdapter.call(Executors.java:511)
	at java.util.concurrent.FutureTask.run(FutureTask.java:266)
	at java.util.concurrent.ScheduledThreadPoolExecutor$ScheduledFutureTask.access$201(ScheduledThreadPoolExecutor.java:180)
	at java.util.concurrent.ScheduledThreadPoolExecutor$ScheduledFutureTask.run(ScheduledThreadPoolExecutor.java:293)
	at java.util.concurrent.ThreadPoolExecutor.runWorker(ThreadPoolExecutor.java:1149)
	at java.util.concurrent.ThreadPoolExecutor$Worker.run(ThreadPoolExecutor.java:624)
	at java.lang.Thread.run(Thread.java:748)
2019-10-10 01:24:46,023 [java.util.concurrent.ThreadPoolExecutor$Worker@2d73cd62[State = -1, empty queue]] WARN  util.TimeoutScheduler (LogUtils.java:runAndLog(55)) - Failed to task #0: java.lang.NullPointerException
 0.00% |█                                                                                                    |  0/1 Time: 0:08:52 0.00% |█                                                                                                    |  0/1 Time: 0:08:53 0.00% |█                                                                                                    |  0/1 Time: 0:08:54 0.00% |█                                                                                                    |  0/1 Time: 0:08:552019-10-10 01:24:50,064 [java.util.concurrent.ThreadPoolExecutor$Worker@60de8f73[State = -1, empty queue]] ERROR client.GrpcClientProtocolClient (GrpcClientProtocolClient.java:close(148)) - Unexpected exception while waiting for channel termination
java.lang.InterruptedException
	at java.util.concurrent.locks.AbstractQueuedSynchronizer.tryAcquireSharedNanos(AbstractQueuedSynchronizer.java:1326)
	at java.util.concurrent.CountDownLatch.await(CountDownLatch.java:277)
	at org.apache.ratis.thirdparty.io.grpc.internal.ManagedChannelImpl.awaitTermination(ManagedChannelImpl.java:763)
	at org.apache.ratis.thirdparty.io.grpc.internal.ForwardingManagedChannel.awaitTermination(ForwardingManagedChannel.java:57)
	at org.apache.ratis.thirdparty.io.grpc.internal.ManagedChannelOrphanWrapper.awaitTermination(ManagedChannelOrphanWrapper.java:70)
	at org.apache.ratis.grpc.client.GrpcClientProtocolClient.close(GrpcClientProtocolClient.java:146)
	at org.apache.ratis.util.PeerProxyMap$PeerAndProxy.lambda$close$1(PeerProxyMap.java:74)
	at org.apache.ratis.util.LifeCycle.lambda$checkStateAndClose$2(LifeCycle.java:231)
	at org.apache.ratis.util.LifeCycle.checkStateAndClose(LifeCycle.java:251)
	at org.apache.ratis.util.LifeCycle.checkStateAndClose(LifeCycle.java:229)
	at org.apache.ratis.util.PeerProxyMap$PeerAndProxy.close(PeerProxyMap.java:70)
	at org.apache.ratis.util.PeerProxyMap.resetProxy(PeerProxyMap.java:127)
	at org.apache.ratis.util.PeerProxyMap.handleException(PeerProxyMap.java:136)
	at org.apache.ratis.client.impl.RaftClientRpcWithProxy.handleException(RaftClientRpcWithProxy.java:47)
	at org.apache.ratis.client.impl.RaftClientImpl.handleIOException(RaftClientImpl.java:372)
	at org.apache.ratis.client.impl.OrderedAsync.lambda$sendRequest$10(OrderedAsync.java:236)
	at java.util.concurrent.CompletableFuture.uniExceptionally(CompletableFuture.java:870)
	at java.util.concurrent.CompletableFuture$UniExceptionally.tryFire(CompletableFuture.java:852)
	at java.util.concurrent.CompletableFuture.postComplete(CompletableFuture.java:474)
	at java.util.concurrent.CompletableFuture.completeExceptionally(CompletableFuture.java:1977)
	at org.apache.ratis.grpc.client.GrpcClientProtocolClient$AsyncStreamObservers.lambda$timeoutCheck$3(GrpcClientProtocolClient.java:324)
	at java.util.Optional.ifPresent(Optional.java:159)
	at org.apache.ratis.grpc.client.GrpcClientProtocolClient$AsyncStreamObservers.handleReplyFuture(GrpcClientProtocolClient.java:329)
	at org.apache.ratis.grpc.client.GrpcClientProtocolClient$AsyncStreamObservers.timeoutCheck(GrpcClientProtocolClient.java:324)
	at org.apache.ratis.grpc.client.GrpcClientProtocolClient$AsyncStreamObservers.lambda$onNext$1(GrpcClientProtocolClient.java:318)
	at org.apache.ratis.util.TimeoutScheduler.lambda$onTimeout$0(TimeoutScheduler.java:113)
	at org.apache.ratis.util.TimeoutScheduler.lambda$onTimeout$1(TimeoutScheduler.java:133)
	at org.apache.ratis.util.LogUtils.runAndLog(LogUtils.java:50)
	at org.apache.ratis.util.LogUtils$1.run(LogUtils.java:91)
	at java.util.concurrent.Executors$RunnableAdapter.call(Executors.java:511)
	at java.util.concurrent.FutureTask.run(FutureTask.java:266)
	at java.util.concurrent.ScheduledThreadPoolExecutor$ScheduledFutureTask.access$201(ScheduledThreadPoolExecutor.java:180)
	at java.util.concurrent.ScheduledThreadPoolExecutor$ScheduledFutureTask.run(ScheduledThreadPoolExecutor.java:293)
	at java.util.concurrent.ThreadPoolExecutor.runWorker(ThreadPoolExecutor.java:1149)
	at java.util.concurrent.ThreadPoolExecutor$Worker.run(ThreadPoolExecutor.java:624)
	at java.lang.Thread.run(Thread.java:748)
2019-10-10 01:24:50,067 [java.util.concurrent.ThreadPoolExecutor$Worker@60de8f73[State = -1, empty queue]] WARN  util.TimeoutScheduler (LogUtils.java:runAndLog(55)) - Failed to task #0: java.lang.NullPointerException
 0.00% |█                                                                                                    |  0/1 Time: 0:08:56 0.00% |█                                                                                                    |  0/1 Time: 0:08:57 0.00% |█                                                                                                    |  0/1 Time: 0:08:58 0.00% |█                                                                                                    |  0/1 Time: 0:08:592019-10-10 01:24:54,113 [java.util.concurrent.ThreadPoolExecutor$Worker@459ad023[State = -1, empty queue]] ERROR client.GrpcClientProtocolClient (GrpcClientProtocolClient.java:close(148)) - Unexpected exception while waiting for channel termination
java.lang.InterruptedException
	at java.util.concurrent.locks.AbstractQueuedSynchronizer.tryAcquireSharedNanos(AbstractQueuedSynchronizer.java:1326)
	at java.util.concurrent.CountDownLatch.await(CountDownLatch.java:277)
	at org.apache.ratis.thirdparty.io.grpc.internal.ManagedChannelImpl.awaitTermination(ManagedChannelImpl.java:763)
	at org.apache.ratis.thirdparty.io.grpc.internal.ForwardingManagedChannel.awaitTermination(ForwardingManagedChannel.java:57)
	at org.apache.ratis.thirdparty.io.grpc.internal.ManagedChannelOrphanWrapper.awaitTermination(ManagedChannelOrphanWrapper.java:70)
	at org.apache.ratis.grpc.client.GrpcClientProtocolClient.close(GrpcClientProtocolClient.java:146)
	at org.apache.ratis.util.PeerProxyMap$PeerAndProxy.lambda$close$1(PeerProxyMap.java:74)
	at org.apache.ratis.util.LifeCycle.lambda$checkStateAndClose$2(LifeCycle.java:231)
	at org.apache.ratis.util.LifeCycle.checkStateAndClose(LifeCycle.java:251)
	at org.apache.ratis.util.LifeCycle.checkStateAndClose(LifeCycle.java:229)
	at org.apache.ratis.util.PeerProxyMap$PeerAndProxy.close(PeerProxyMap.java:70)
	at org.apache.ratis.util.PeerProxyMap.resetProxy(PeerProxyMap.java:127)
	at org.apache.ratis.util.PeerProxyMap.handleException(PeerProxyMap.java:136)
	at org.apache.ratis.client.impl.RaftClientRpcWithProxy.handleException(RaftClientRpcWithProxy.java:47)
	at org.apache.ratis.client.impl.RaftClientImpl.handleIOException(RaftClientImpl.java:372)
	at org.apache.ratis.client.impl.OrderedAsync.lambda$sendRequest$10(OrderedAsync.java:236)
	at java.util.concurrent.CompletableFuture.uniExceptionally(CompletableFuture.java:870)
	at java.util.concurrent.CompletableFuture$UniExceptionally.tryFire(CompletableFuture.java:852)
	at java.util.concurrent.CompletableFuture.postComplete(CompletableFuture.java:474)
	at java.util.concurrent.CompletableFuture.completeExceptionally(CompletableFuture.java:1977)
	at org.apache.ratis.grpc.client.GrpcClientProtocolClient$AsyncStreamObservers.lambda$timeoutCheck$3(GrpcClientProtocolClient.java:324)
	at java.util.Optional.ifPresent(Optional.java:159)
	at org.apache.ratis.grpc.client.GrpcClientProtocolClient$AsyncStreamObservers.handleReplyFuture(GrpcClientProtocolClient.java:329)
	at org.apache.ratis.grpc.client.GrpcClientProtocolClient$AsyncStreamObservers.timeoutCheck(GrpcClientProtocolClient.java:324)
	at org.apache.ratis.grpc.client.GrpcClientProtocolClient$AsyncStreamObservers.lambda$onNext$1(GrpcClientProtocolClient.java:318)
	at org.apache.ratis.util.TimeoutScheduler.lambda$onTimeout$0(TimeoutScheduler.java:113)
	at org.apache.ratis.util.TimeoutScheduler.lambda$onTimeout$1(TimeoutScheduler.java:133)
	at org.apache.ratis.util.LogUtils.runAndLog(LogUtils.java:50)
	at org.apache.ratis.util.LogUtils$1.run(LogUtils.java:91)
	at java.util.concurrent.Executors$RunnableAdapter.call(Executors.java:511)
	at java.util.concurrent.FutureTask.run(FutureTask.java:266)
	at java.util.concurrent.ScheduledThreadPoolExecutor$ScheduledFutureTask.access$201(ScheduledThreadPoolExecutor.java:180)
	at java.util.concurrent.ScheduledThreadPoolExecutor$ScheduledFutureTask.run(ScheduledThreadPoolExecutor.java:293)
	at java.util.concurrent.ThreadPoolExecutor.runWorker(ThreadPoolExecutor.java:1149)
	at java.util.concurrent.ThreadPoolExecutor$Worker.run(ThreadPoolExecutor.java:624)
	at java.lang.Thread.run(Thread.java:748)
2019-10-10 01:24:54,116 [java.util.concurrent.ThreadPoolExecutor$Worker@459ad023[State = -1, empty queue]] WARN  util.TimeoutScheduler (LogUtils.java:runAndLog(55)) - Failed to task #0: java.lang.NullPointerException
 0.00% |█                                                                                                    |  0/1 Time: 0:09:00 0.00% |█                                                                                                    |  0/1 Time: 0:09:01 0.00% |█                                                                                                    |  0/1 Time: 0:09:02 0.00% |█                                                                                                    |  0/1 Time: 0:09:032019-10-10 01:24:58,153 [java.util.concurrent.ThreadPoolExecutor$Worker@5a93ec21[State = -1, empty queue]] ERROR client.GrpcClientProtocolClient (GrpcClientProtocolClient.java:close(148)) - Unexpected exception while waiting for channel termination
java.lang.InterruptedException
	at java.util.concurrent.locks.AbstractQueuedSynchronizer.tryAcquireSharedNanos(AbstractQueuedSynchronizer.java:1326)
	at java.util.concurrent.CountDownLatch.await(CountDownLatch.java:277)
	at org.apache.ratis.thirdparty.io.grpc.internal.ManagedChannelImpl.awaitTermination(ManagedChannelImpl.java:763)
	at org.apache.ratis.thirdparty.io.grpc.internal.ForwardingManagedChannel.awaitTermination(ForwardingManagedChannel.java:57)
	at org.apache.ratis.thirdparty.io.grpc.internal.ManagedChannelOrphanWrapper.awaitTermination(ManagedChannelOrphanWrapper.java:70)
	at org.apache.ratis.grpc.client.GrpcClientProtocolClient.close(GrpcClientProtocolClient.java:146)
	at org.apache.ratis.util.PeerProxyMap$PeerAndProxy.lambda$close$1(PeerProxyMap.java:74)
	at org.apache.ratis.util.LifeCycle.lambda$checkStateAndClose$2(LifeCycle.java:231)
	at org.apache.ratis.util.LifeCycle.checkStateAndClose(LifeCycle.java:251)
	at org.apache.ratis.util.LifeCycle.checkStateAndClose(LifeCycle.java:229)
	at org.apache.ratis.util.PeerProxyMap$PeerAndProxy.close(PeerProxyMap.java:70)
	at org.apache.ratis.util.PeerProxyMap.resetProxy(PeerProxyMap.java:127)
	at org.apache.ratis.util.PeerProxyMap.handleException(PeerProxyMap.java:136)
	at org.apache.ratis.client.impl.RaftClientRpcWithProxy.handleException(RaftClientRpcWithProxy.java:47)
	at org.apache.ratis.client.impl.RaftClientImpl.handleIOException(RaftClientImpl.java:372)
	at org.apache.ratis.client.impl.OrderedAsync.lambda$sendRequest$10(OrderedAsync.java:236)
	at java.util.concurrent.CompletableFuture.uniExceptionally(CompletableFuture.java:870)
	at java.util.concurrent.CompletableFuture$UniExceptionally.tryFire(CompletableFuture.java:852)
	at java.util.concurrent.CompletableFuture.postComplete(CompletableFuture.java:474)
	at java.util.concurrent.CompletableFuture.completeExceptionally(CompletableFuture.java:1977)
	at org.apache.ratis.grpc.client.GrpcClientProtocolClient$AsyncStreamObservers.lambda$timeoutCheck$3(GrpcClientProtocolClient.java:324)
	at java.util.Optional.ifPresent(Optional.java:159)
	at org.apache.ratis.grpc.client.GrpcClientProtocolClient$AsyncStreamObservers.handleReplyFuture(GrpcClientProtocolClient.java:329)
	at org.apache.ratis.grpc.client.GrpcClientProtocolClient$AsyncStreamObservers.timeoutCheck(GrpcClientProtocolClient.java:324)
	at org.apache.ratis.grpc.client.GrpcClientProtocolClient$AsyncStreamObservers.lambda$onNext$1(GrpcClientProtocolClient.java:318)
	at org.apache.ratis.util.TimeoutScheduler.lambda$onTimeout$0(TimeoutScheduler.java:113)
	at org.apache.ratis.util.TimeoutScheduler.lambda$onTimeout$1(TimeoutScheduler.java:133)
	at org.apache.ratis.util.LogUtils.runAndLog(LogUtils.java:50)
	at org.apache.ratis.util.LogUtils$1.run(LogUtils.java:91)
	at java.util.concurrent.Executors$RunnableAdapter.call(Executors.java:511)
	at java.util.concurrent.FutureTask.run(FutureTask.java:266)
	at java.util.concurrent.ScheduledThreadPoolExecutor$ScheduledFutureTask.access$201(ScheduledThreadPoolExecutor.java:180)
	at java.util.concurrent.ScheduledThreadPoolExecutor$ScheduledFutureTask.run(ScheduledThreadPoolExecutor.java:293)
	at java.util.concurrent.ThreadPoolExecutor.runWorker(ThreadPoolExecutor.java:1149)
	at java.util.concurrent.ThreadPoolExecutor$Worker.run(ThreadPoolExecutor.java:624)
	at java.lang.Thread.run(Thread.java:748)
2019-10-10 01:24:58,154 [java.util.concurrent.ThreadPoolExecutor$Worker@5a93ec21[State = -1, empty queue]] WARN  util.TimeoutScheduler (LogUtils.java:runAndLog(55)) - Failed to task #0: java.lang.NullPointerException
 0.00% |█                                                                                                    |  0/1 Time: 0:09:04 0.00% |█                                                                                                    |  0/1 Time: 0:09:05 0.00% |█                                                                                                    |  0/1 Time: 0:09:06 0.00% |█                                                                                                    |  0/1 Time: 0:09:072019-10-10 01:25:02,189 [java.util.concurrent.ThreadPoolExecutor$Worker@68a7cd04[State = -1, empty queue]] ERROR client.GrpcClientProtocolClient (GrpcClientProtocolClient.java:close(148)) - Unexpected exception while waiting for channel termination
java.lang.InterruptedException
	at java.util.concurrent.locks.AbstractQueuedSynchronizer.tryAcquireSharedNanos(AbstractQueuedSynchronizer.java:1326)
	at java.util.concurrent.CountDownLatch.await(CountDownLatch.java:277)
	at org.apache.ratis.thirdparty.io.grpc.internal.ManagedChannelImpl.awaitTermination(ManagedChannelImpl.java:763)
	at org.apache.ratis.thirdparty.io.grpc.internal.ForwardingManagedChannel.awaitTermination(ForwardingManagedChannel.java:57)
	at org.apache.ratis.thirdparty.io.grpc.internal.ManagedChannelOrphanWrapper.awaitTermination(ManagedChannelOrphanWrapper.java:70)
	at org.apache.ratis.grpc.client.GrpcClientProtocolClient.close(GrpcClientProtocolClient.java:146)
	at org.apache.ratis.util.PeerProxyMap$PeerAndProxy.lambda$close$1(PeerProxyMap.java:74)
	at org.apache.ratis.util.LifeCycle.lambda$checkStateAndClose$2(LifeCycle.java:231)
	at org.apache.ratis.util.LifeCycle.checkStateAndClose(LifeCycle.java:251)
	at org.apache.ratis.util.LifeCycle.checkStateAndClose(LifeCycle.java:229)
	at org.apache.ratis.util.PeerProxyMap$PeerAndProxy.close(PeerProxyMap.java:70)
	at org.apache.ratis.util.PeerProxyMap.resetProxy(PeerProxyMap.java:127)
	at org.apache.ratis.util.PeerProxyMap.handleException(PeerProxyMap.java:136)
	at org.apache.ratis.client.impl.RaftClientRpcWithProxy.handleException(RaftClientRpcWithProxy.java:47)
	at org.apache.ratis.client.impl.RaftClientImpl.handleIOException(RaftClientImpl.java:372)
	at org.apache.ratis.client.impl.OrderedAsync.lambda$sendRequest$10(OrderedAsync.java:236)
	at java.util.concurrent.CompletableFuture.uniExceptionally(CompletableFuture.java:870)
	at java.util.concurrent.CompletableFuture$UniExceptionally.tryFire(CompletableFuture.java:852)
	at java.util.concurrent.CompletableFuture.postComplete(CompletableFuture.java:474)
	at java.util.concurrent.CompletableFuture.completeExceptionally(CompletableFuture.java:1977)
	at org.apache.ratis.grpc.client.GrpcClientProtocolClient$AsyncStreamObservers.lambda$timeoutCheck$3(GrpcClientProtocolClient.java:324)
	at java.util.Optional.ifPresent(Optional.java:159)
	at org.apache.ratis.grpc.client.GrpcClientProtocolClient$AsyncStreamObservers.handleReplyFuture(GrpcClientProtocolClient.java:329)
	at org.apache.ratis.grpc.client.GrpcClientProtocolClient$AsyncStreamObservers.timeoutCheck(GrpcClientProtocolClient.java:324)
	at org.apache.ratis.grpc.client.GrpcClientProtocolClient$AsyncStreamObservers.lambda$onNext$1(GrpcClientProtocolClient.java:318)
	at org.apache.ratis.util.TimeoutScheduler.lambda$onTimeout$0(TimeoutScheduler.java:113)
	at org.apache.ratis.util.TimeoutScheduler.lambda$onTimeout$1(TimeoutScheduler.java:133)
	at org.apache.ratis.util.LogUtils.runAndLog(LogUtils.java:50)
	at org.apache.ratis.util.LogUtils$1.run(LogUtils.java:91)
	at java.util.concurrent.Executors$RunnableAdapter.call(Executors.java:511)
	at java.util.concurrent.FutureTask.run(FutureTask.java:266)
	at java.util.concurrent.ScheduledThreadPoolExecutor$ScheduledFutureTask.access$201(ScheduledThreadPoolExecutor.java:180)
	at java.util.concurrent.ScheduledThreadPoolExecutor$ScheduledFutureTask.run(ScheduledThreadPoolExecutor.java:293)
	at java.util.concurrent.ThreadPoolExecutor.runWorker(ThreadPoolExecutor.java:1149)
	at java.util.concurrent.ThreadPoolExecutor$Worker.run(ThreadPoolExecutor.java:624)
	at java.lang.Thread.run(Thread.java:748)
2019-10-10 01:25:02,192 [java.util.concurrent.ThreadPoolExecutor$Worker@68a7cd04[State = -1, empty queue]] WARN  util.TimeoutScheduler (LogUtils.java:runAndLog(55)) - Failed to task #0: java.lang.NullPointerException
 0.00% |█                                                                                                    |  0/1 Time: 0:09:08 0.00% |█                                                                                                    |  0/1 Time: 0:09:09 0.00% |█                                                                                                    |  0/1 Time: 0:09:10 0.00% |█                                                                                                    |  0/1 Time: 0:09:112019-10-10 01:25:06,232 [java.util.concurrent.ThreadPoolExecutor$Worker@685bdff5[State = -1, empty queue]] ERROR client.GrpcClientProtocolClient (GrpcClientProtocolClient.java:close(148)) - Unexpected exception while waiting for channel termination
java.lang.InterruptedException
	at java.util.concurrent.locks.AbstractQueuedSynchronizer.tryAcquireSharedNanos(AbstractQueuedSynchronizer.java:1326)
	at java.util.concurrent.CountDownLatch.await(CountDownLatch.java:277)
	at org.apache.ratis.thirdparty.io.grpc.internal.ManagedChannelImpl.awaitTermination(ManagedChannelImpl.java:763)
	at org.apache.ratis.thirdparty.io.grpc.internal.ForwardingManagedChannel.awaitTermination(ForwardingManagedChannel.java:57)
	at org.apache.ratis.thirdparty.io.grpc.internal.ManagedChannelOrphanWrapper.awaitTermination(ManagedChannelOrphanWrapper.java:70)
	at org.apache.ratis.grpc.client.GrpcClientProtocolClient.close(GrpcClientProtocolClient.java:146)
	at org.apache.ratis.util.PeerProxyMap$PeerAndProxy.lambda$close$1(PeerProxyMap.java:74)
	at org.apache.ratis.util.LifeCycle.lambda$checkStateAndClose$2(LifeCycle.java:231)
	at org.apache.ratis.util.LifeCycle.checkStateAndClose(LifeCycle.java:251)
	at org.apache.ratis.util.LifeCycle.checkStateAndClose(LifeCycle.java:229)
	at org.apache.ratis.util.PeerProxyMap$PeerAndProxy.close(PeerProxyMap.java:70)
	at org.apache.ratis.util.PeerProxyMap.resetProxy(PeerProxyMap.java:127)
	at org.apache.ratis.util.PeerProxyMap.handleException(PeerProxyMap.java:136)
	at org.apache.ratis.client.impl.RaftClientRpcWithProxy.handleException(RaftClientRpcWithProxy.java:47)
	at org.apache.ratis.client.impl.RaftClientImpl.handleIOException(RaftClientImpl.java:372)
	at org.apache.ratis.client.impl.OrderedAsync.lambda$sendRequest$10(OrderedAsync.java:236)
	at java.util.concurrent.CompletableFuture.uniExceptionally(CompletableFuture.java:870)
	at java.util.concurrent.CompletableFuture$UniExceptionally.tryFire(CompletableFuture.java:852)
	at java.util.concurrent.CompletableFuture.postComplete(CompletableFuture.java:474)
	at java.util.concurrent.CompletableFuture.completeExceptionally(CompletableFuture.java:1977)
	at org.apache.ratis.grpc.client.GrpcClientProtocolClient$AsyncStreamObservers.lambda$timeoutCheck$3(GrpcClientProtocolClient.java:324)
	at java.util.Optional.ifPresent(Optional.java:159)
	at org.apache.ratis.grpc.client.GrpcClientProtocolClient$AsyncStreamObservers.handleReplyFuture(GrpcClientProtocolClient.java:329)
	at org.apache.ratis.grpc.client.GrpcClientProtocolClient$AsyncStreamObservers.timeoutCheck(GrpcClientProtocolClient.java:324)
	at org.apache.ratis.grpc.client.GrpcClientProtocolClient$AsyncStreamObservers.lambda$onNext$1(GrpcClientProtocolClient.java:318)
	at org.apache.ratis.util.TimeoutScheduler.lambda$onTimeout$0(TimeoutScheduler.java:113)
	at org.apache.ratis.util.TimeoutScheduler.lambda$onTimeout$1(TimeoutScheduler.java:133)
	at org.apache.ratis.util.LogUtils.runAndLog(LogUtils.java:50)
	at org.apache.ratis.util.LogUtils$1.run(LogUtils.java:91)
	at java.util.concurrent.Executors$RunnableAdapter.call(Executors.java:511)
	at java.util.concurrent.FutureTask.run(FutureTask.java:266)
	at java.util.concurrent.ScheduledThreadPoolExecutor$ScheduledFutureTask.access$201(ScheduledThreadPoolExecutor.java:180)
	at java.util.concurrent.ScheduledThreadPoolExecutor$ScheduledFutureTask.run(ScheduledThreadPoolExecutor.java:293)
	at java.util.concurrent.ThreadPoolExecutor.runWorker(ThreadPoolExecutor.java:1149)
	at java.util.concurrent.ThreadPoolExecutor$Worker.run(ThreadPoolExecutor.java:624)
	at java.lang.Thread.run(Thread.java:748)
2019-10-10 01:25:06,233 [java.util.concurrent.ThreadPoolExecutor$Worker@685bdff5[State = -1, empty queue]] WARN  util.TimeoutScheduler (LogUtils.java:runAndLog(55)) - Failed to task #0: java.lang.NullPointerException
 0.00% |█                                                                                                    |  0/1 Time: 0:09:12 0.00% |█                                                                                                    |  0/1 Time: 0:09:13 0.00% |█                                                                                                    |  0/1 Time: 0:09:14 0.00% |█                                                                                                    |  0/1 Time: 0:09:152019-10-10 01:25:10,283 [java.util.concurrent.ThreadPoolExecutor$Worker@51194987[State = -1, empty queue]] ERROR client.GrpcClientProtocolClient (GrpcClientProtocolClient.java:close(148)) - Unexpected exception while waiting for channel termination
java.lang.InterruptedException
	at java.util.concurrent.locks.AbstractQueuedSynchronizer.tryAcquireSharedNanos(AbstractQueuedSynchronizer.java:1326)
	at java.util.concurrent.CountDownLatch.await(CountDownLatch.java:277)
	at org.apache.ratis.thirdparty.io.grpc.internal.ManagedChannelImpl.awaitTermination(ManagedChannelImpl.java:763)
	at org.apache.ratis.thirdparty.io.grpc.internal.ForwardingManagedChannel.awaitTermination(ForwardingManagedChannel.java:57)
	at org.apache.ratis.thirdparty.io.grpc.internal.ManagedChannelOrphanWrapper.awaitTermination(ManagedChannelOrphanWrapper.java:70)
	at org.apache.ratis.grpc.client.GrpcClientProtocolClient.close(GrpcClientProtocolClient.java:146)
	at org.apache.ratis.util.PeerProxyMap$PeerAndProxy.lambda$close$1(PeerProxyMap.java:74)
	at org.apache.ratis.util.LifeCycle.lambda$checkStateAndClose$2(LifeCycle.java:231)
	at org.apache.ratis.util.LifeCycle.checkStateAndClose(LifeCycle.java:251)
	at org.apache.ratis.util.LifeCycle.checkStateAndClose(LifeCycle.java:229)
	at org.apache.ratis.util.PeerProxyMap$PeerAndProxy.close(PeerProxyMap.java:70)
	at org.apache.ratis.util.PeerProxyMap.resetProxy(PeerProxyMap.java:127)
	at org.apache.ratis.util.PeerProxyMap.handleException(PeerProxyMap.java:136)
	at org.apache.ratis.client.impl.RaftClientRpcWithProxy.handleException(RaftClientRpcWithProxy.java:47)
	at org.apache.ratis.client.impl.RaftClientImpl.handleIOException(RaftClientImpl.java:372)
	at org.apache.ratis.client.impl.OrderedAsync.lambda$sendRequest$10(OrderedAsync.java:236)
	at java.util.concurrent.CompletableFuture.uniExceptionally(CompletableFuture.java:870)
	at java.util.concurrent.CompletableFuture$UniExceptionally.tryFire(CompletableFuture.java:852)
	at java.util.concurrent.CompletableFuture.postComplete(CompletableFuture.java:474)
	at java.util.concurrent.CompletableFuture.completeExceptionally(CompletableFuture.java:1977)
	at org.apache.ratis.grpc.client.GrpcClientProtocolClient$AsyncStreamObservers.lambda$timeoutCheck$3(GrpcClientProtocolClient.java:324)
	at java.util.Optional.ifPresent(Optional.java:159)
	at org.apache.ratis.grpc.client.GrpcClientProtocolClient$AsyncStreamObservers.handleReplyFuture(GrpcClientProtocolClient.java:329)
	at org.apache.ratis.grpc.client.GrpcClientProtocolClient$AsyncStreamObservers.timeoutCheck(GrpcClientProtocolClient.java:324)
	at org.apache.ratis.grpc.client.GrpcClientProtocolClient$AsyncStreamObservers.lambda$onNext$1(GrpcClientProtocolClient.java:318)
	at org.apache.ratis.util.TimeoutScheduler.lambda$onTimeout$0(TimeoutScheduler.java:113)
	at org.apache.ratis.util.TimeoutScheduler.lambda$onTimeout$1(TimeoutScheduler.java:133)
	at org.apache.ratis.util.LogUtils.runAndLog(LogUtils.java:50)
	at org.apache.ratis.util.LogUtils$1.run(LogUtils.java:91)
	at java.util.concurrent.Executors$RunnableAdapter.call(Executors.java:511)
	at java.util.concurrent.FutureTask.run(FutureTask.java:266)
	at java.util.concurrent.ScheduledThreadPoolExecutor$ScheduledFutureTask.access$201(ScheduledThreadPoolExecutor.java:180)
	at java.util.concurrent.ScheduledThreadPoolExecutor$ScheduledFutureTask.run(ScheduledThreadPoolExecutor.java:293)
	at java.util.concurrent.ThreadPoolExecutor.runWorker(ThreadPoolExecutor.java:1149)
	at java.util.concurrent.ThreadPoolExecutor$Worker.run(ThreadPoolExecutor.java:624)
	at java.lang.Thread.run(Thread.java:748)
2019-10-10 01:25:10,286 [java.util.concurrent.ThreadPoolExecutor$Worker@51194987[State = -1, empty queue]] WARN  util.TimeoutScheduler (LogUtils.java:runAndLog(55)) - Failed to task #0: java.lang.NullPointerException
 0.00% |█                                                                                                    |  0/1 Time: 0:09:16 0.00% |█                                                                                                    |  0/1 Time: 0:09:17 0.00% |█                                                                                                    |  0/1 Time: 0:09:182019-10-10 01:25:12,780 [grpc-default-executor-17] INFO  impl.RaftServerProxy (RaftServerProxy.java:remove(95)) - 4b92f2f8-e489-47a4-a90a-1d3fa2a9a07f: remove    LEADER 4b92f2f8-e489-47a4-a90a-1d3fa2a9a07f@group-68BADADC1787:t1, leader=4b92f2f8-e489-47a4-a90a-1d3fa2a9a07f, voted=4b92f2f8-e489-47a4-a90a-1d3fa2a9a07f, raftlog=4b92f2f8-e489-47a4-a90a-1d3fa2a9a07f@group-68BADADC1787-SegmentedRaftLog:OPENED:c0,f0,i2, conf=0: [4b92f2f8-e489-47a4-a90a-1d3fa2a9a07f:192.168.151.118:35849, 993817e1-c77a-472e-865f-a6e34ffe7967:192.168.151.118:41261, fe8e0d95-22db-4b8a-875e-83bee4d716fb:192.168.151.118:34352], old=null RUNNING
2019-10-10 01:25:12,781 [grpc-default-executor-17] INFO  impl.RaftServerImpl (RaftServerImpl.java:lambda$shutdown$3(247)) - 4b92f2f8-e489-47a4-a90a-1d3fa2a9a07f@group-68BADADC1787: shutdown
2019-10-10 01:25:12,781 [grpc-default-executor-17] INFO  util.JmxRegister (JmxRegister.java:unregister(73)) - Successfully un-registered JMX Bean with object name Ratis:service=RaftServer,group=group-68BADADC1787,id=4b92f2f8-e489-47a4-a90a-1d3fa2a9a07f
2019-10-10 01:25:12,782 [grpc-default-executor-17] INFO  impl.RoleInfo (RoleInfo.java:shutdownLeaderState(104)) - 4b92f2f8-e489-47a4-a90a-1d3fa2a9a07f: shutdown LeaderState
2019-10-10 01:25:12,785 [grpc-default-executor-17] INFO  impl.PendingRequests (PendingRequests.java:sendNotLeaderResponses(202)) - 4b92f2f8-e489-47a4-a90a-1d3fa2a9a07f@group-68BADADC1787-PendingRequests: sendNotLeaderResponses
2019-10-10 01:25:12,785 [org.apache.ratis.server.impl.LogAppender$AppenderDaemon$$Lambda$531/757553893@20a8b3c6] WARN  server.GrpcLogAppender (GrpcLogAppender.java:mayWait(143)) - 4b92f2f8-e489-47a4-a90a-1d3fa2a9a07f@group-68BADADC1787->993817e1-c77a-472e-865f-a6e34ffe7967-GrpcLogAppender: Wait interrupted by java.lang.InterruptedException
2019-10-10 01:25:12,785 [org.apache.ratis.server.impl.LogAppender$AppenderDaemon$$Lambda$531/757553893@5d5454d6] WARN  server.GrpcLogAppender (GrpcLogAppender.java:mayWait(143)) - 4b92f2f8-e489-47a4-a90a-1d3fa2a9a07f@group-68BADADC1787->fe8e0d95-22db-4b8a-875e-83bee4d716fb-GrpcLogAppender: Wait interrupted by java.lang.InterruptedException
2019-10-10 01:25:12,790 [grpc-default-executor-10] INFO  server.GrpcServerProtocolService (GrpcServerProtocolService.java:onCompleted(113)) - 993817e1-c77a-472e-865f-a6e34ffe7967: Completed APPEND_ENTRIES, lastRequest: 4b92f2f8-e489-47a4-a90a-1d3fa2a9a07f->993817e1-c77a-472e-865f-a6e34ffe7967#31-t1, previous=(t:1, i:2), leaderCommit=0, initializing? false, entries: <empty>
2019-10-10 01:25:12,790 [grpc-default-executor-19] INFO  server.GrpcServerProtocolService (GrpcServerProtocolService.java:onCompleted(113)) - fe8e0d95-22db-4b8a-875e-83bee4d716fb: Completed APPEND_ENTRIES, lastRequest: 4b92f2f8-e489-47a4-a90a-1d3fa2a9a07f->fe8e0d95-22db-4b8a-875e-83bee4d716fb#31-t1, previous=(t:1, i:2), leaderCommit=0, initializing? false, entries: <empty>
2019-10-10 01:25:12,795 [grpc-default-executor-17] INFO  impl.StateMachineUpdater (StateMachineUpdater.java:stopAndJoin(136)) - 4b92f2f8-e489-47a4-a90a-1d3fa2a9a07f@group-68BADADC1787-StateMachineUpdater: set stopIndex = 0
2019-10-10 01:25:12,795 [grpc-default-executor-10] INFO  server.GrpcLogAppender (GrpcLogAppender.java:onCompleted(293)) - 4b92f2f8-e489-47a4-a90a-1d3fa2a9a07f@group-68BADADC1787->993817e1-c77a-472e-865f-a6e34ffe7967-AppendLogResponseHandler: follower responses appendEntries COMPLETED
2019-10-10 01:25:12,805 [grpc-default-executor-17] INFO  impl.RaftServerImpl (ServerState.java:close(387)) - 4b92f2f8-e489-47a4-a90a-1d3fa2a9a07f@group-68BADADC1787: closes. applyIndex: 0
2019-10-10 01:25:12,814 [grpc-default-executor-19] INFO  server.GrpcLogAppender (GrpcLogAppender.java:onCompleted(293)) - 4b92f2f8-e489-47a4-a90a-1d3fa2a9a07f@group-68BADADC1787->fe8e0d95-22db-4b8a-875e-83bee4d716fb-AppendLogResponseHandler: follower responses appendEntries COMPLETED
2019-10-10 01:25:12,815 [4b92f2f8-e489-47a4-a90a-1d3fa2a9a07f@group-68BADADC1787-SegmentedRaftLogWorker] INFO  segmented.SegmentedRaftLogWorker (SegmentedRaftLogWorker.java:run(316)) - 4b92f2f8-e489-47a4-a90a-1d3fa2a9a07f@group-68BADADC1787-SegmentedRaftLogWorker was interrupted, exiting. There are 0 tasks remaining in the queue.
2019-10-10 01:25:12,817 [grpc-default-executor-17] INFO  segmented.SegmentedRaftLogWorker (SegmentedRaftLogWorker.java:close(224)) - 4b92f2f8-e489-47a4-a90a-1d3fa2a9a07f@group-68BADADC1787-SegmentedRaftLogWorker close()
2019-10-10 01:25:12,819 [grpc-default-executor-10] INFO  impl.FollowerInfo (FollowerInfo.java:lambda$new$0(51)) - 4b92f2f8-e489-47a4-a90a-1d3fa2a9a07f@group-68BADADC1787->993817e1-c77a-472e-865f-a6e34ffe7967: nextIndex: updateUnconditionally 3 -> 2
2019-10-10 01:25:12,820 [grpc-default-executor-19] INFO  impl.FollowerInfo (FollowerInfo.java:lambda$new$0(51)) - 4b92f2f8-e489-47a4-a90a-1d3fa2a9a07f@group-68BADADC1787->fe8e0d95-22db-4b8a-875e-83bee4d716fb: nextIndex: updateUnconditionally 3 -> 2
2019-10-10 01:25:12,832 [grpc-default-executor-10] INFO  impl.RaftServerProxy (RaftServerProxy.java:remove(95)) - fe8e0d95-22db-4b8a-875e-83bee4d716fb: remove  FOLLOWER fe8e0d95-22db-4b8a-875e-83bee4d716fb@group-68BADADC1787:t1, leader=4b92f2f8-e489-47a4-a90a-1d3fa2a9a07f, voted=4b92f2f8-e489-47a4-a90a-1d3fa2a9a07f, raftlog=fe8e0d95-22db-4b8a-875e-83bee4d716fb@group-68BADADC1787-SegmentedRaftLog:OPENED:c0,f2,i2, conf=0: [4b92f2f8-e489-47a4-a90a-1d3fa2a9a07f:192.168.151.118:35849, 993817e1-c77a-472e-865f-a6e34ffe7967:192.168.151.118:41261, fe8e0d95-22db-4b8a-875e-83bee4d716fb:192.168.151.118:34352], old=null RUNNING
2019-10-10 01:25:12,832 [grpc-default-executor-10] INFO  impl.RaftServerImpl (RaftServerImpl.java:lambda$shutdown$3(247)) - fe8e0d95-22db-4b8a-875e-83bee4d716fb@group-68BADADC1787: shutdown
2019-10-10 01:25:12,832 [grpc-default-executor-10] INFO  util.JmxRegister (JmxRegister.java:unregister(73)) - Successfully un-registered JMX Bean with object name Ratis:service=RaftServer,group=group-68BADADC1787,id=fe8e0d95-22db-4b8a-875e-83bee4d716fb
2019-10-10 01:25:12,833 [grpc-default-executor-10] INFO  impl.RoleInfo (RoleInfo.java:shutdownFollowerState(121)) - fe8e0d95-22db-4b8a-875e-83bee4d716fb: shutdown FollowerState
2019-10-10 01:25:12,833 [grpc-default-executor-10] INFO  impl.StateMachineUpdater (StateMachineUpdater.java:stopAndJoin(136)) - fe8e0d95-22db-4b8a-875e-83bee4d716fb@group-68BADADC1787-StateMachineUpdater: set stopIndex = 0
2019-10-10 01:25:12,833 [Thread-1408] INFO  impl.FollowerState (FollowerState.java:run(117)) - fe8e0d95-22db-4b8a-875e-83bee4d716fb@group-68BADADC1787-FollowerState was interrupted: java.lang.InterruptedException: sleep interrupted
2019-10-10 01:25:12,833 [grpc-default-executor-10] INFO  impl.RaftServerImpl (ServerState.java:close(387)) - fe8e0d95-22db-4b8a-875e-83bee4d716fb@group-68BADADC1787: closes. applyIndex: 0
2019-10-10 01:25:12,837 [fe8e0d95-22db-4b8a-875e-83bee4d716fb@group-68BADADC1787-SegmentedRaftLogWorker] INFO  segmented.SegmentedRaftLogWorker (SegmentedRaftLogWorker.java:run(316)) - fe8e0d95-22db-4b8a-875e-83bee4d716fb@group-68BADADC1787-SegmentedRaftLogWorker was interrupted, exiting. There are 0 tasks remaining in the queue.
2019-10-10 01:25:12,839 [grpc-default-executor-10] INFO  segmented.SegmentedRaftLogWorker (SegmentedRaftLogWorker.java:close(224)) - fe8e0d95-22db-4b8a-875e-83bee4d716fb@group-68BADADC1787-SegmentedRaftLogWorker close()
2019-10-10 01:25:12,901 [grpc-default-executor-10] INFO  interfaces.Container (KeyValueContainer.java:flushAndSyncDB(386)) - Container 10 is synced with bcsId 0.
2019-10-10 01:25:12,901 [grpc-default-executor-10] INFO  interfaces.Container (KeyValueContainer.java:flushAndSyncDB(386)) - Container 10 is synced with bcsId 0.
2019-10-10 01:25:12,917 [EventQueue-IncrementalContainerReportForIncrementalContainerReportHandler] INFO  container.IncrementalContainerReportHandler (AbstractContainerReportHandler.java:updateContainerState(171)) - Moving container #10 to QUASI_CLOSED state, datanode fe8e0d95-22db-4b8a-875e-83bee4d716fb{ip: 192.168.151.118, host: pr-hdds-2194-jqrdw-3579824535, networkLocation: /default-rack, certSerialId: null} reported QUASI_CLOSED replica.
2019-10-10 01:25:12,928 [grpc-default-executor-10] INFO  impl.RaftServerProxy (RaftServerProxy.java:remove(95)) - 993817e1-c77a-472e-865f-a6e34ffe7967: remove  FOLLOWER 993817e1-c77a-472e-865f-a6e34ffe7967@group-68BADADC1787:t1, leader=4b92f2f8-e489-47a4-a90a-1d3fa2a9a07f, voted=4b92f2f8-e489-47a4-a90a-1d3fa2a9a07f, raftlog=993817e1-c77a-472e-865f-a6e34ffe7967@group-68BADADC1787-SegmentedRaftLog:OPENED:c0,f2,i2, conf=0: [4b92f2f8-e489-47a4-a90a-1d3fa2a9a07f:192.168.151.118:35849, 993817e1-c77a-472e-865f-a6e34ffe7967:192.168.151.118:41261, fe8e0d95-22db-4b8a-875e-83bee4d716fb:192.168.151.118:34352], old=null RUNNING
2019-10-10 01:25:12,928 [grpc-default-executor-10] INFO  impl.RaftServerImpl (RaftServerImpl.java:lambda$shutdown$3(247)) - 993817e1-c77a-472e-865f-a6e34ffe7967@group-68BADADC1787: shutdown
2019-10-10 01:25:12,928 [grpc-default-executor-10] INFO  util.JmxRegister (JmxRegister.java:unregister(73)) - Successfully un-registered JMX Bean with object name Ratis:service=RaftServer,group=group-68BADADC1787,id=993817e1-c77a-472e-865f-a6e34ffe7967
2019-10-10 01:25:12,929 [grpc-default-executor-10] INFO  impl.RoleInfo (RoleInfo.java:shutdownFollowerState(121)) - 993817e1-c77a-472e-865f-a6e34ffe7967: shutdown FollowerState
2019-10-10 01:25:12,931 [grpc-default-executor-10] INFO  impl.StateMachineUpdater (StateMachineUpdater.java:stopAndJoin(136)) - 993817e1-c77a-472e-865f-a6e34ffe7967@group-68BADADC1787-StateMachineUpdater: set stopIndex = 0
2019-10-10 01:25:12,931 [Thread-1409] INFO  impl.FollowerState (FollowerState.java:run(117)) - 993817e1-c77a-472e-865f-a6e34ffe7967@group-68BADADC1787-FollowerState was interrupted: java.lang.InterruptedException: sleep interrupted
2019-10-10 01:25:12,933 [grpc-default-executor-10] INFO  impl.RaftServerImpl (ServerState.java:close(387)) - 993817e1-c77a-472e-865f-a6e34ffe7967@group-68BADADC1787: closes. applyIndex: 0
2019-10-10 01:25:12,939 [993817e1-c77a-472e-865f-a6e34ffe7967@group-68BADADC1787-SegmentedRaftLogWorker] INFO  segmented.SegmentedRaftLogWorker (SegmentedRaftLogWorker.java:run(316)) - 993817e1-c77a-472e-865f-a6e34ffe7967@group-68BADADC1787-SegmentedRaftLogWorker was interrupted, exiting. There are 0 tasks remaining in the queue.
2019-10-10 01:25:12,941 [grpc-default-executor-10] INFO  segmented.SegmentedRaftLogWorker (SegmentedRaftLogWorker.java:close(224)) - 993817e1-c77a-472e-865f-a6e34ffe7967@group-68BADADC1787-SegmentedRaftLogWorker close()
2019-10-10 01:25:13,014 [grpc-default-executor-10] INFO  interfaces.Container (KeyValueContainer.java:flushAndSyncDB(386)) - Container 10 is synced with bcsId 0.
2019-10-10 01:25:13,015 [grpc-default-executor-10] INFO  interfaces.Container (KeyValueContainer.java:flushAndSyncDB(386)) - Container 10 is synced with bcsId 0.
2019-10-10 01:25:13,030 [RatisPipelineUtilsThread] INFO  pipeline.PipelineStateManager (PipelineStateManager.java:removePipeline(108)) - Pipeline Pipeline[ Id: 93550a01-12ce-4828-af38-68badadc1787, Nodes: 4b92f2f8-e489-47a4-a90a-1d3fa2a9a07f{ip: 192.168.151.118, host: pr-hdds-2194-jqrdw-3579824535, networkLocation: /default-rack, certSerialId: null}fe8e0d95-22db-4b8a-875e-83bee4d716fb{ip: 192.168.151.118, host: pr-hdds-2194-jqrdw-3579824535, networkLocation: /default-rack, certSerialId: null}993817e1-c77a-472e-865f-a6e34ffe7967{ip: 192.168.151.118, host: pr-hdds-2194-jqrdw-3579824535, networkLocation: /default-rack, certSerialId: null}, Type:RATIS, Factor:THREE, State:CLOSED] removed from db
2019-10-10 01:25:13,036 [grpc-default-executor-10] INFO  impl.RaftServerProxy (RaftServerProxy.java:remove(95)) - 4b92f2f8-e489-47a4-a90a-1d3fa2a9a07f: remove group-68BADADC1787:null
2019-10-10 01:25:13,043 [RatisPipelineUtilsThread] WARN  pipeline.RatisPipelineUtils (RatisPipelineUtils.java:destroyPipeline(69)) - Pipeline destroy failed for pipeline=PipelineID=93550a01-12ce-4828-af38-68badadc1787 dn=4b92f2f8-e489-47a4-a90a-1d3fa2a9a07f{ip: 192.168.151.118, host: pr-hdds-2194-jqrdw-3579824535, networkLocation: /default-rack, certSerialId: null}
2019-10-10 01:25:13,049 [grpc-default-executor-10] INFO  impl.RaftServerProxy (RaftServerProxy.java:remove(95)) - fe8e0d95-22db-4b8a-875e-83bee4d716fb: remove group-68BADADC1787:null
2019-10-10 01:25:13,055 [RatisPipelineUtilsThread] WARN  pipeline.RatisPipelineUtils (RatisPipelineUtils.java:destroyPipeline(69)) - Pipeline destroy failed for pipeline=PipelineID=93550a01-12ce-4828-af38-68badadc1787 dn=fe8e0d95-22db-4b8a-875e-83bee4d716fb{ip: 192.168.151.118, host: pr-hdds-2194-jqrdw-3579824535, networkLocation: /default-rack, certSerialId: null}
2019-10-10 01:25:13,059 [grpc-default-executor-10] INFO  impl.RaftServerProxy (RaftServerProxy.java:remove(95)) - 993817e1-c77a-472e-865f-a6e34ffe7967: remove group-68BADADC1787:null
2019-10-10 01:25:13,064 [RatisPipelineUtilsThread] WARN  pipeline.RatisPipelineUtils (RatisPipelineUtils.java:destroyPipeline(69)) - Pipeline destroy failed for pipeline=PipelineID=93550a01-12ce-4828-af38-68badadc1787 dn=993817e1-c77a-472e-865f-a6e34ffe7967{ip: 192.168.151.118, host: pr-hdds-2194-jqrdw-3579824535, networkLocation: /default-rack, certSerialId: null}
2019-10-10 01:25:13,064 [RatisPipelineUtilsThread] ERROR pipeline.SCMPipelineManager (Scheduler.java:lambda$schedule$1(70)) - Destroy pipeline failed for pipeline:Pipeline[ Id: 93550a01-12ce-4828-af38-68badadc1787, Nodes: 4b92f2f8-e489-47a4-a90a-1d3fa2a9a07f{ip: 192.168.151.118, host: pr-hdds-2194-jqrdw-3579824535, networkLocation: /default-rack, certSerialId: null}fe8e0d95-22db-4b8a-875e-83bee4d716fb{ip: 192.168.151.118, host: pr-hdds-2194-jqrdw-3579824535, networkLocation: /default-rack, certSerialId: null}993817e1-c77a-472e-865f-a6e34ffe7967{ip: 192.168.151.118, host: pr-hdds-2194-jqrdw-3579824535, networkLocation: /default-rack, certSerialId: null}, Type:RATIS, Factor:THREE, State:CLOSED]
org.apache.hadoop.hdds.scm.pipeline.PipelineNotFoundException: PipelineID=93550a01-12ce-4828-af38-68badadc1787 not found
	at org.apache.hadoop.hdds.scm.pipeline.PipelineStateMap.getPipeline(PipelineStateMap.java:132)
	at org.apache.hadoop.hdds.scm.pipeline.PipelineStateMap.removePipeline(PipelineStateMap.java:322)
	at org.apache.hadoop.hdds.scm.pipeline.PipelineStateManager.removePipeline(PipelineStateManager.java:107)
	at org.apache.hadoop.hdds.scm.pipeline.SCMPipelineManager.removePipeline(SCMPipelineManager.java:427)
	at org.apache.hadoop.hdds.scm.pipeline.SCMPipelineManager.destroyPipeline(SCMPipelineManager.java:413)
	at org.apache.hadoop.hdds.scm.pipeline.SCMPipelineManager.lambda$finalizeAndDestroyPipeline$0(SCMPipelineManager.java:322)
	at org.apache.hadoop.hdds.utils.Scheduler.lambda$schedule$1(Scheduler.java:68)
	at java.util.concurrent.Executors$RunnableAdapter.call(Executors.java:511)
	at java.util.concurrent.FutureTask.run(FutureTask.java:266)
	at java.util.concurrent.ScheduledThreadPoolExecutor$ScheduledFutureTask.access$201(ScheduledThreadPoolExecutor.java:180)
	at java.util.concurrent.ScheduledThreadPoolExecutor$ScheduledFutureTask.run(ScheduledThreadPoolExecutor.java:293)
	at java.util.concurrent.ThreadPoolExecutor.runWorker(ThreadPoolExecutor.java:1149)
	at java.util.concurrent.ThreadPoolExecutor$Worker.run(ThreadPoolExecutor.java:624)
	at java.lang.Thread.run(Thread.java:748)
2019-10-10 01:25:13,074 [grpc-default-executor-17] INFO  impl.RaftServerProxy (RaftServerProxy.java:addNew(89)) - 4b92f2f8-e489-47a4-a90a-1d3fa2a9a07f: addNew group-07F44DEC43A0:[4b92f2f8-e489-47a4-a90a-1d3fa2a9a07f:192.168.151.118:35849, 993817e1-c77a-472e-865f-a6e34ffe7967:192.168.151.118:41261, fe8e0d95-22db-4b8a-875e-83bee4d716fb:192.168.151.118:34352] returns group-07F44DEC43A0:java.util.concurrent.CompletableFuture@6d23b596[Not completed]
2019-10-10 01:25:13,076 [grpc-default-executor-19] INFO  impl.RaftServerProxy (RaftServerProxy.java:addNew(89)) - fe8e0d95-22db-4b8a-875e-83bee4d716fb: addNew group-07F44DEC43A0:[4b92f2f8-e489-47a4-a90a-1d3fa2a9a07f:192.168.151.118:35849, 993817e1-c77a-472e-865f-a6e34ffe7967:192.168.151.118:41261, fe8e0d95-22db-4b8a-875e-83bee4d716fb:192.168.151.118:34352] returns group-07F44DEC43A0:java.util.concurrent.CompletableFuture@7f1807d[Not completed]
2019-10-10 01:25:13,077 [grpc-default-executor-10] INFO  impl.RaftServerProxy (RaftServerProxy.java:addNew(89)) - 993817e1-c77a-472e-865f-a6e34ffe7967: addNew group-07F44DEC43A0:[4b92f2f8-e489-47a4-a90a-1d3fa2a9a07f:192.168.151.118:35849, 993817e1-c77a-472e-865f-a6e34ffe7967:192.168.151.118:41261, fe8e0d95-22db-4b8a-875e-83bee4d716fb:192.168.151.118:34352] returns group-07F44DEC43A0:java.util.concurrent.CompletableFuture@6bf7747[Not completed]
2019-10-10 01:25:13,079 [pool-67-thread-1] INFO  impl.RaftServerImpl (RaftServerImpl.java:<init>(95)) - 4b92f2f8-e489-47a4-a90a-1d3fa2a9a07f: new RaftServerImpl for group-07F44DEC43A0:[4b92f2f8-e489-47a4-a90a-1d3fa2a9a07f:192.168.151.118:35849, 993817e1-c77a-472e-865f-a6e34ffe7967:192.168.151.118:41261, fe8e0d95-22db-4b8a-875e-83bee4d716fb:192.168.151.118:34352] with ContainerStateMachine:uninitialized
2019-10-10 01:25:13,079 [pool-67-thread-1] INFO  server.RaftServerConfigKeys (ConfUtils.java:logGet(43)) - raft.server.rpc.timeout.min = 5s (custom)
2019-10-10 01:25:13,079 [pool-67-thread-1] INFO  server.RaftServerConfigKeys (ConfUtils.java:logGet(43)) - raft.server.rpc.timeout.max = 5200ms (custom)
2019-10-10 01:25:13,079 [pool-67-thread-1] INFO  server.RaftServerConfigKeys (ConfUtils.java:logGet(43)) - raft.server.rpcslowness.timeout = 120s (custom)
2019-10-10 01:25:13,079 [pool-67-thread-1] INFO  server.RaftServerConfigKeys (ConfUtils.java:logGet(43)) - raft.server.sleep.deviation.threshold = 300 (default)
2019-10-10 01:25:13,079 [pool-67-thread-1] INFO  server.RaftServerConfigKeys (ConfUtils.java:logGet(43)) - raft.server.log.appender.install.snapshot.enabled = false (custom)
2019-10-10 01:25:13,079 [pool-67-thread-1] INFO  impl.RaftServerImpl (ServerState.java:<init>(103)) - 4b92f2f8-e489-47a4-a90a-1d3fa2a9a07f@group-07F44DEC43A0: ConfigurationManager, init=-1: [4b92f2f8-e489-47a4-a90a-1d3fa2a9a07f:192.168.151.118:35849, 993817e1-c77a-472e-865f-a6e34ffe7967:192.168.151.118:41261, fe8e0d95-22db-4b8a-875e-83bee4d716fb:192.168.151.118:34352], old=null, confs=<EMPTY_MAP>
2019-10-10 01:25:13,080 [pool-67-thread-1] INFO  server.RaftServerConfigKeys (ConfUtils.java:logGet(43)) - raft.server.storage.dir = [/workdir/hadoop-ozone/tools/target/test-dir/MiniOzoneClusterImpl-1e8b0e80-279c-49c4-ae13-42ed318b6149/datanode-4/data/ratis] (custom)
2019-10-10 01:25:13,080 [pool-27-thread-1] INFO  impl.RaftServerImpl (RaftServerImpl.java:<init>(95)) - 993817e1-c77a-472e-865f-a6e34ffe7967: new RaftServerImpl for group-07F44DEC43A0:[4b92f2f8-e489-47a4-a90a-1d3fa2a9a07f:192.168.151.118:35849, 993817e1-c77a-472e-865f-a6e34ffe7967:192.168.151.118:41261, fe8e0d95-22db-4b8a-875e-83bee4d716fb:192.168.151.118:34352] with ContainerStateMachine:uninitialized
2019-10-10 01:25:13,080 [pool-67-thread-1] INFO  server.RaftServerConfigKeys (ConfUtils.java:logGet(43)) - raft.server.log.corruption.policy = EXCEPTION (default)
2019-10-10 01:25:13,080 [pool-27-thread-1] INFO  server.RaftServerConfigKeys (ConfUtils.java:logGet(43)) - raft.server.rpc.timeout.min = 5s (custom)
2019-10-10 01:25:13,080 [pool-67-thread-1] INFO  storage.RaftStorageDirectory (RaftStorageDirectory.java:analyzeStorage(246)) - The storage directory /workdir/hadoop-ozone/tools/target/test-dir/MiniOzoneClusterImpl-1e8b0e80-279c-49c4-ae13-42ed318b6149/datanode-4/data/ratis/79fe36e0-c8cc-406e-a4c7-07f44dec43a0 does not exist. Creating ...
2019-10-10 01:25:13,080 [pool-47-thread-1] INFO  impl.RaftServerImpl (RaftServerImpl.java:<init>(95)) - fe8e0d95-22db-4b8a-875e-83bee4d716fb: new RaftServerImpl for group-07F44DEC43A0:[4b92f2f8-e489-47a4-a90a-1d3fa2a9a07f:192.168.151.118:35849, 993817e1-c77a-472e-865f-a6e34ffe7967:192.168.151.118:41261, fe8e0d95-22db-4b8a-875e-83bee4d716fb:192.168.151.118:34352] with ContainerStateMachine:uninitialized
2019-10-10 01:25:13,080 [pool-27-thread-1] INFO  server.RaftServerConfigKeys (ConfUtils.java:logGet(43)) - raft.server.rpc.timeout.max = 5200ms (custom)
2019-10-10 01:25:13,080 [pool-47-thread-1] INFO  server.RaftServerConfigKeys (ConfUtils.java:logGet(43)) - raft.server.rpc.timeout.min = 5s (custom)
2019-10-10 01:25:13,081 [pool-27-thread-1] INFO  server.RaftServerConfigKeys (ConfUtils.java:logGet(43)) - raft.server.rpcslowness.timeout = 120s (custom)
2019-10-10 01:25:13,081 [pool-47-thread-1] INFO  server.RaftServerConfigKeys (ConfUtils.java:logGet(43)) - raft.server.rpc.timeout.max = 5200ms (custom)
2019-10-10 01:25:13,081 [pool-27-thread-1] INFO  server.RaftServerConfigKeys (ConfUtils.java:logGet(43)) - raft.server.sleep.deviation.threshold = 300 (default)
2019-10-10 01:25:13,081 [pool-47-thread-1] INFO  server.RaftServerConfigKeys (ConfUtils.java:logGet(43)) - raft.server.rpcslowness.timeout = 120s (custom)
2019-10-10 01:25:13,081 [pool-27-thread-1] INFO  server.RaftServerConfigKeys (ConfUtils.java:logGet(43)) - raft.server.log.appender.install.snapshot.enabled = false (custom)
2019-10-10 01:25:13,081 [pool-47-thread-1] INFO  server.RaftServerConfigKeys (ConfUtils.java:logGet(43)) - raft.server.sleep.deviation.threshold = 300 (default)
2019-10-10 01:25:13,081 [pool-27-thread-1] INFO  impl.RaftServerImpl (ServerState.java:<init>(103)) - 993817e1-c77a-472e-865f-a6e34ffe7967@group-07F44DEC43A0: ConfigurationManager, init=-1: [4b92f2f8-e489-47a4-a90a-1d3fa2a9a07f:192.168.151.118:35849, 993817e1-c77a-472e-865f-a6e34ffe7967:192.168.151.118:41261, fe8e0d95-22db-4b8a-875e-83bee4d716fb:192.168.151.118:34352], old=null, confs=<EMPTY_MAP>
2019-10-10 01:25:13,081 [pool-47-thread-1] INFO  server.RaftServerConfigKeys (ConfUtils.java:logGet(43)) - raft.server.log.appender.install.snapshot.enabled = false (custom)
2019-10-10 01:25:13,082 [pool-27-thread-1] INFO  server.RaftServerConfigKeys (ConfUtils.java:logGet(43)) - raft.server.storage.dir = [/workdir/hadoop-ozone/tools/target/test-dir/MiniOzoneClusterImpl-1e8b0e80-279c-49c4-ae13-42ed318b6149/datanode-0/data/ratis] (custom)
2019-10-10 01:25:13,082 [pool-47-thread-1] INFO  impl.RaftServerImpl (ServerState.java:<init>(103)) - fe8e0d95-22db-4b8a-875e-83bee4d716fb@group-07F44DEC43A0: ConfigurationManager, init=-1: [4b92f2f8-e489-47a4-a90a-1d3fa2a9a07f:192.168.151.118:35849, 993817e1-c77a-472e-865f-a6e34ffe7967:192.168.151.118:41261, fe8e0d95-22db-4b8a-875e-83bee4d716fb:192.168.151.118:34352], old=null, confs=<EMPTY_MAP>
2019-10-10 01:25:13,082 [pool-47-thread-1] INFO  server.RaftServerConfigKeys (ConfUtils.java:logGet(43)) - raft.server.storage.dir = [/workdir/hadoop-ozone/tools/target/test-dir/MiniOzoneClusterImpl-1e8b0e80-279c-49c4-ae13-42ed318b6149/datanode-2/data/ratis] (custom)
2019-10-10 01:25:13,082 [pool-27-thread-1] INFO  server.RaftServerConfigKeys (ConfUtils.java:logGet(43)) - raft.server.log.corruption.policy = EXCEPTION (default)
2019-10-10 01:25:13,082 [pool-47-thread-1] INFO  server.RaftServerConfigKeys (ConfUtils.java:logGet(43)) - raft.server.log.corruption.policy = EXCEPTION (default)
2019-10-10 01:25:13,082 [pool-27-thread-1] INFO  storage.RaftStorageDirectory (RaftStorageDirectory.java:analyzeStorage(246)) - The storage directory /workdir/hadoop-ozone/tools/target/test-dir/MiniOzoneClusterImpl-1e8b0e80-279c-49c4-ae13-42ed318b6149/datanode-0/data/ratis/79fe36e0-c8cc-406e-a4c7-07f44dec43a0 does not exist. Creating ...
2019-10-10 01:25:13,082 [pool-47-thread-1] INFO  storage.RaftStorageDirectory (RaftStorageDirectory.java:analyzeStorage(246)) - The storage directory /workdir/hadoop-ozone/tools/target/test-dir/MiniOzoneClusterImpl-1e8b0e80-279c-49c4-ae13-42ed318b6149/datanode-2/data/ratis/79fe36e0-c8cc-406e-a4c7-07f44dec43a0 does not exist. Creating ...
2019-10-10 01:25:13,094 [pool-47-thread-1] INFO  storage.RaftStorageDirectory (RaftStorageDirectory.java:tryLock(328)) - Lock on /workdir/hadoop-ozone/tools/target/test-dir/MiniOzoneClusterImpl-1e8b0e80-279c-49c4-ae13-42ed318b6149/datanode-2/data/ratis/79fe36e0-c8cc-406e-a4c7-07f44dec43a0/in_use.lock acquired by nodename 12932@pr-hdds-2194-jqrdw-3579824535
2019-10-10 01:25:13,094 [pool-27-thread-1] INFO  storage.RaftStorageDirectory (RaftStorageDirectory.java:tryLock(328)) - Lock on /workdir/hadoop-ozone/tools/target/test-dir/MiniOzoneClusterImpl-1e8b0e80-279c-49c4-ae13-42ed318b6149/datanode-0/data/ratis/79fe36e0-c8cc-406e-a4c7-07f44dec43a0/in_use.lock acquired by nodename 12932@pr-hdds-2194-jqrdw-3579824535
2019-10-10 01:25:13,094 [pool-67-thread-1] INFO  storage.RaftStorageDirectory (RaftStorageDirectory.java:tryLock(328)) - Lock on /workdir/hadoop-ozone/tools/target/test-dir/MiniOzoneClusterImpl-1e8b0e80-279c-49c4-ae13-42ed318b6149/datanode-4/data/ratis/79fe36e0-c8cc-406e-a4c7-07f44dec43a0/in_use.lock acquired by nodename 12932@pr-hdds-2194-jqrdw-3579824535
2019-10-10 01:25:13,101 [pool-47-thread-1] INFO  storage.RaftStorage (RaftStorage.java:format(84)) - Storage directory /workdir/hadoop-ozone/tools/target/test-dir/MiniOzoneClusterImpl-1e8b0e80-279c-49c4-ae13-42ed318b6149/datanode-2/data/ratis/79fe36e0-c8cc-406e-a4c7-07f44dec43a0 has been successfully formatted.
2019-10-10 01:25:13,101 [pool-67-thread-1] INFO  storage.RaftStorage (RaftStorage.java:format(84)) - Storage directory /workdir/hadoop-ozone/tools/target/test-dir/MiniOzoneClusterImpl-1e8b0e80-279c-49c4-ae13-42ed318b6149/datanode-4/data/ratis/79fe36e0-c8cc-406e-a4c7-07f44dec43a0 has been successfully formatted.
2019-10-10 01:25:13,101 [pool-47-thread-1] INFO  ratis.ContainerStateMachine (ContainerStateMachine.java:loadSnapshot(231)) - group-07F44DEC43A0: The snapshot info is null. Setting the last applied indexto:(t:0, i:~)
2019-10-10 01:25:13,101 [pool-27-thread-1] INFO  storage.RaftStorage (RaftStorage.java:format(84)) - Storage directory /workdir/hadoop-ozone/tools/target/test-dir/MiniOzoneClusterImpl-1e8b0e80-279c-49c4-ae13-42ed318b6149/datanode-0/data/ratis/79fe36e0-c8cc-406e-a4c7-07f44dec43a0 has been successfully formatted.
2019-10-10 01:25:13,101 [pool-47-thread-1] INFO  server.RaftServerConfigKeys (ConfUtils.java:logGet(43)) - raft.server.notification.no-leader.timeout = 120s (custom)
2019-10-10 01:25:13,101 [pool-27-thread-1] INFO  ratis.ContainerStateMachine (ContainerStateMachine.java:loadSnapshot(231)) - group-07F44DEC43A0: The snapshot info is null. Setting the last applied indexto:(t:0, i:~)
2019-10-10 01:25:13,101 [pool-67-thread-1] INFO  ratis.ContainerStateMachine (ContainerStateMachine.java:loadSnapshot(231)) - group-07F44DEC43A0: The snapshot info is null. Setting the last applied indexto:(t:0, i:~)
2019-10-10 01:25:13,101 [pool-27-thread-1] INFO  server.RaftServerConfigKeys (ConfUtils.java:logGet(43)) - raft.server.notification.no-leader.timeout = 120s (custom)
2019-10-10 01:25:13,101 [pool-47-thread-1] INFO  server.RaftServerConfigKeys (ConfUtils.java:logGet(43)) - raft.server.log.use.memory = false (default)
2019-10-10 01:25:13,102 [pool-27-thread-1] INFO  server.RaftServerConfigKeys (ConfUtils.java:logGet(43)) - raft.server.log.use.memory = false (default)
2019-10-10 01:25:13,102 [pool-67-thread-1] INFO  server.RaftServerConfigKeys (ConfUtils.java:logGet(43)) - raft.server.notification.no-leader.timeout = 120s (custom)
2019-10-10 01:25:13,102 [pool-27-thread-1] INFO  server.RaftServerConfigKeys (ConfUtils.java:logGet(43)) - raft.server.log.purge.gap = 1000000 (custom)
2019-10-10 01:25:13,102 [pool-47-thread-1] INFO  server.RaftServerConfigKeys (ConfUtils.java:logGet(43)) - raft.server.log.purge.gap = 1000000 (custom)
2019-10-10 01:25:13,102 [pool-27-thread-1] INFO  server.RaftServerConfigKeys (ConfUtils.java:logGet(43)) - raft.server.log.appender.buffer.byte-limit = 33554432 (custom)
2019-10-10 01:25:13,102 [pool-67-thread-1] INFO  server.RaftServerConfigKeys (ConfUtils.java:logGet(43)) - raft.server.log.use.memory = false (default)
2019-10-10 01:25:13,102 [pool-27-thread-1] INFO  server.RaftServerConfigKeys (ConfUtils.java:logGet(43)) - raft.server.log.segment.size.max = 1048576 (custom)
2019-10-10 01:25:13,102 [pool-47-thread-1] INFO  server.RaftServerConfigKeys (ConfUtils.java:logGet(43)) - raft.server.log.appender.buffer.byte-limit = 33554432 (custom)
2019-10-10 01:25:13,102 [pool-27-thread-1] INFO  server.RaftServerConfigKeys (ConfUtils.java:logGet(43)) - raft.server.log.segment.cache.num.max = 2 (custom)
2019-10-10 01:25:13,102 [pool-67-thread-1] INFO  server.RaftServerConfigKeys (ConfUtils.java:logGet(43)) - raft.server.log.purge.gap = 1000000 (custom)
2019-10-10 01:25:13,103 [pool-27-thread-1] INFO  segmented.SegmentedRaftLogWorker (SegmentedRaftLogWorker.java:<init>(173)) - new 993817e1-c77a-472e-865f-a6e34ffe7967@group-07F44DEC43A0-SegmentedRaftLogWorker for RaftStorage:Storage Directory /workdir/hadoop-ozone/tools/target/test-dir/MiniOzoneClusterImpl-1e8b0e80-279c-49c4-ae13-42ed318b6149/datanode-0/data/ratis/79fe36e0-c8cc-406e-a4c7-07f44dec43a0
2019-10-10 01:25:13,103 [pool-47-thread-1] INFO  server.RaftServerConfigKeys (ConfUtils.java:logGet(43)) - raft.server.log.segment.size.max = 1048576 (custom)
2019-10-10 01:25:13,103 [pool-27-thread-1] INFO  server.RaftServerConfigKeys (ConfUtils.java:logGet(43)) - raft.server.log.queue.byte-limit = 2147483647 (custom)
2019-10-10 01:25:13,103 [pool-67-thread-1] INFO  server.RaftServerConfigKeys (ConfUtils.java:logGet(43)) - raft.server.log.appender.buffer.byte-limit = 33554432 (custom)
2019-10-10 01:25:13,103 [pool-27-thread-1] INFO  server.RaftServerConfigKeys (ConfUtils.java:logGet(43)) - raft.server.log.queue.element-limit = 1024 (custom)
2019-10-10 01:25:13,103 [pool-47-thread-1] INFO  server.RaftServerConfigKeys (ConfUtils.java:logGet(43)) - raft.server.log.segment.cache.num.max = 2 (custom)
2019-10-10 01:25:13,103 [pool-27-thread-1] INFO  server.RaftServerConfigKeys (ConfUtils.java:logGet(43)) - raft.server.log.segment.size.max = 1048576 (custom)
2019-10-10 01:25:13,103 [pool-27-thread-1] INFO  server.RaftServerConfigKeys (ConfUtils.java:logGet(43)) - raft.server.log.preallocated.size = 16384 (custom)
2019-10-10 01:25:13,103 [pool-67-thread-1] INFO  server.RaftServerConfigKeys (ConfUtils.java:logGet(43)) - raft.server.log.segment.size.max = 1048576 (custom)
2019-10-10 01:25:13,104 [pool-27-thread-1] INFO  server.RaftServerConfigKeys (ConfUtils.java:logGet(43)) - raft.server.log.write.buffer.size = 33554432 (custom)
2019-10-10 01:25:13,103 [pool-47-thread-1] INFO  segmented.SegmentedRaftLogWorker (SegmentedRaftLogWorker.java:<init>(173)) - new fe8e0d95-22db-4b8a-875e-83bee4d716fb@group-07F44DEC43A0-SegmentedRaftLogWorker for RaftStorage:Storage Directory /workdir/hadoop-ozone/tools/target/test-dir/MiniOzoneClusterImpl-1e8b0e80-279c-49c4-ae13-42ed318b6149/datanode-2/data/ratis/79fe36e0-c8cc-406e-a4c7-07f44dec43a0
2019-10-10 01:25:13,104 [pool-27-thread-1] INFO  server.RaftServerConfigKeys (ConfUtils.java:logGet(43)) - raft.server.log.force.sync.num = 128 (default)
2019-10-10 01:25:13,104 [pool-67-thread-1] INFO  server.RaftServerConfigKeys (ConfUtils.java:logGet(43)) - raft.server.log.segment.cache.num.max = 2 (custom)
2019-10-10 01:25:13,104 [pool-27-thread-1] INFO  server.RaftServerConfigKeys (ConfUtils.java:logGet(43)) - raft.server.log.statemachine.data.sync = true (default)
2019-10-10 01:25:13,104 [pool-27-thread-1] INFO  server.RaftServerConfigKeys (ConfUtils.java:logGet(43)) - raft.server.log.statemachine.data.sync.timeout = 10s (default)
2019-10-10 01:25:13,104 [pool-47-thread-1] INFO  server.RaftServerConfigKeys (ConfUtils.java:logGet(43)) - raft.server.log.queue.byte-limit = 2147483647 (custom)
2019-10-10 01:25:13,104 [pool-27-thread-1] INFO  server.RaftServerConfigKeys (ConfUtils.java:logGet(43)) - raft.server.log.statemachine.data.sync.timeout.retry = -1 (default)
2019-10-10 01:25:13,104 [pool-67-thread-1] INFO  segmented.SegmentedRaftLogWorker (SegmentedRaftLogWorker.java:<init>(173)) - new 4b92f2f8-e489-47a4-a90a-1d3fa2a9a07f@group-07F44DEC43A0-SegmentedRaftLogWorker for RaftStorage:Storage Directory /workdir/hadoop-ozone/tools/target/test-dir/MiniOzoneClusterImpl-1e8b0e80-279c-49c4-ae13-42ed318b6149/datanode-4/data/ratis/79fe36e0-c8cc-406e-a4c7-07f44dec43a0
2019-10-10 01:25:13,105 [pool-27-thread-1] INFO  server.RaftServerConfigKeys (ConfUtils.java:logGet(43)) - raft.server.log.statemachine.data.caching.enabled = true (custom)
2019-10-10 01:25:13,104 [pool-47-thread-1] INFO  server.RaftServerConfigKeys (ConfUtils.java:logGet(43)) - raft.server.log.queue.element-limit = 1024 (custom)
2019-10-10 01:25:13,105 [pool-67-thread-1] INFO  server.RaftServerConfigKeys (ConfUtils.java:logGet(43)) - raft.server.log.queue.byte-limit = 2147483647 (custom)
2019-10-10 01:25:13,105 [pool-27-thread-1] INFO  segmented.SegmentedRaftLogWorker (SegmentedRaftLogWorker.java:lambda$new$0(128)) - 993817e1-c77a-472e-865f-a6e34ffe7967@group-07F44DEC43A0-SegmentedRaftLogWorker: flushIndex: setUnconditionally 0 -> -1
2019-10-10 01:25:13,105 [pool-47-thread-1] INFO  server.RaftServerConfigKeys (ConfUtils.java:logGet(43)) - raft.server.log.segment.size.max = 1048576 (custom)
2019-10-10 01:25:13,105 [pool-67-thread-1] INFO  server.RaftServerConfigKeys (ConfUtils.java:logGet(43)) - raft.server.log.queue.element-limit = 1024 (custom)
2019-10-10 01:25:13,105 [pool-27-thread-1] INFO  server.RaftServerConfigKeys (ConfUtils.java:logGet(43)) - raft.server.snapshot.auto.trigger.enabled = true (custom)
2019-10-10 01:25:13,105 [pool-47-thread-1] INFO  server.RaftServerConfigKeys (ConfUtils.java:logGet(43)) - raft.server.log.preallocated.size = 16384 (custom)
2019-10-10 01:25:13,106 [pool-27-thread-1] INFO  server.RaftServerConfigKeys (ConfUtils.java:logGet(43)) - raft.server.snapshot.auto.trigger.threshold = 10000 (custom)
2019-10-10 01:25:13,105 [pool-67-thread-1] INFO  server.RaftServerConfigKeys (ConfUtils.java:logGet(43)) - raft.server.log.segment.size.max = 1048576 (custom)
2019-10-10 01:25:13,106 [pool-27-thread-1] INFO  server.RaftServerConfigKeys (ConfUtils.java:logGet(43)) - raft.server.snapshot.retention.file.num = 5 (custom)
2019-10-10 01:25:13,106 [pool-47-thread-1] INFO  server.RaftServerConfigKeys (ConfUtils.java:logGet(43)) - raft.server.log.write.buffer.size = 33554432 (custom)
2019-10-10 01:25:13,106 [pool-27-thread-1] INFO  server.RaftServerConfigKeys (ConfUtils.java:logGet(43)) - raft.server.retrycache.expirytime = 600000ms (custom)
2019-10-10 01:25:13,106 [pool-67-thread-1] INFO  server.RaftServerConfigKeys (ConfUtils.java:logGet(43)) - raft.server.log.preallocated.size = 16384 (custom)
2019-10-10 01:25:13,106 [pool-47-thread-1] INFO  server.RaftServerConfigKeys (ConfUtils.java:logGet(43)) - raft.server.log.force.sync.num = 128 (default)
2019-10-10 01:25:13,106 [pool-67-thread-1] INFO  server.RaftServerConfigKeys (ConfUtils.java:logGet(43)) - raft.server.log.write.buffer.size = 33554432 (custom)
2019-10-10 01:25:13,106 [pool-47-thread-1] INFO  server.RaftServerConfigKeys (ConfUtils.java:logGet(43)) - raft.server.log.statemachine.data.sync = true (default)
2019-10-10 01:25:13,107 [pool-67-thread-1] INFO  server.RaftServerConfigKeys (ConfUtils.java:logGet(43)) - raft.server.log.force.sync.num = 128 (default)
2019-10-10 01:25:13,107 [pool-47-thread-1] INFO  server.RaftServerConfigKeys (ConfUtils.java:logGet(43)) - raft.server.log.statemachine.data.sync.timeout = 10s (default)
2019-10-10 01:25:13,107 [pool-67-thread-1] INFO  server.RaftServerConfigKeys (ConfUtils.java:logGet(43)) - raft.server.log.statemachine.data.sync = true (default)
2019-10-10 01:25:13,107 [pool-47-thread-1] INFO  server.RaftServerConfigKeys (ConfUtils.java:logGet(43)) - raft.server.log.statemachine.data.sync.timeout.retry = -1 (default)
2019-10-10 01:25:13,107 [pool-67-thread-1] INFO  server.RaftServerConfigKeys (ConfUtils.java:logGet(43)) - raft.server.log.statemachine.data.sync.timeout = 10s (default)
2019-10-10 01:25:13,107 [pool-47-thread-1] INFO  server.RaftServerConfigKeys (ConfUtils.java:logGet(43)) - raft.server.log.statemachine.data.caching.enabled = true (custom)
2019-10-10 01:25:13,107 [pool-67-thread-1] INFO  server.RaftServerConfigKeys (ConfUtils.java:logGet(43)) - raft.server.log.statemachine.data.sync.timeout.retry = -1 (default)
2019-10-10 01:25:13,107 [pool-47-thread-1] INFO  segmented.SegmentedRaftLogWorker (SegmentedRaftLogWorker.java:lambda$new$0(128)) - fe8e0d95-22db-4b8a-875e-83bee4d716fb@group-07F44DEC43A0-SegmentedRaftLogWorker: flushIndex: setUnconditionally 0 -> -1
2019-10-10 01:25:13,108 [pool-67-thread-1] INFO  server.RaftServerConfigKeys (ConfUtils.java:logGet(43)) - raft.server.log.statemachine.data.caching.enabled = true (custom)
2019-10-10 01:25:13,108 [pool-47-thread-1] INFO  server.RaftServerConfigKeys (ConfUtils.java:logGet(43)) - raft.server.snapshot.auto.trigger.enabled = true (custom)
2019-10-10 01:25:13,108 [pool-47-thread-1] INFO  server.RaftServerConfigKeys (ConfUtils.java:logGet(43)) - raft.server.snapshot.auto.trigger.threshold = 10000 (custom)
2019-10-10 01:25:13,108 [pool-47-thread-1] INFO  server.RaftServerConfigKeys (ConfUtils.java:logGet(43)) - raft.server.snapshot.retention.file.num = 5 (custom)
2019-10-10 01:25:13,108 [pool-67-thread-1] INFO  segmented.SegmentedRaftLogWorker (SegmentedRaftLogWorker.java:lambda$new$0(128)) - 4b92f2f8-e489-47a4-a90a-1d3fa2a9a07f@group-07F44DEC43A0-SegmentedRaftLogWorker: flushIndex: setUnconditionally 0 -> -1
2019-10-10 01:25:13,108 [pool-47-thread-1] INFO  server.RaftServerConfigKeys (ConfUtils.java:logGet(43)) - raft.server.retrycache.expirytime = 600000ms (custom)
2019-10-10 01:25:13,108 [pool-27-thread-1] INFO  impl.RaftServerImpl (RaftServerImpl.java:start(181)) - 993817e1-c77a-472e-865f-a6e34ffe7967@group-07F44DEC43A0: start as a follower, conf=-1: [4b92f2f8-e489-47a4-a90a-1d3fa2a9a07f:192.168.151.118:35849, 993817e1-c77a-472e-865f-a6e34ffe7967:192.168.151.118:41261, fe8e0d95-22db-4b8a-875e-83bee4d716fb:192.168.151.118:34352], old=null
2019-10-10 01:25:13,108 [pool-67-thread-1] INFO  server.RaftServerConfigKeys (ConfUtils.java:logGet(43)) - raft.server.snapshot.auto.trigger.enabled = true (custom)
2019-10-10 01:25:13,108 [pool-27-thread-1] INFO  impl.RaftServerImpl (RaftServerImpl.java:setRole(170)) - 993817e1-c77a-472e-865f-a6e34ffe7967@group-07F44DEC43A0: changes role from      null to FOLLOWER at term 0 for startAsFollower
2019-10-10 01:25:13,108 [pool-67-thread-1] INFO  server.RaftServerConfigKeys (ConfUtils.java:logGet(43)) - raft.server.snapshot.auto.trigger.threshold = 10000 (custom)
2019-10-10 01:25:13,109 [pool-27-thread-1] INFO  impl.RoleInfo (RoleInfo.java:updateAndGet(143)) - 993817e1-c77a-472e-865f-a6e34ffe7967: start FollowerState
2019-10-10 01:25:13,109 [pool-67-thread-1] INFO  server.RaftServerConfigKeys (ConfUtils.java:logGet(43)) - raft.server.snapshot.retention.file.num = 5 (custom)
2019-10-10 01:25:13,109 [pool-67-thread-1] INFO  server.RaftServerConfigKeys (ConfUtils.java:logGet(43)) - raft.server.retrycache.expirytime = 600000ms (custom)
2019-10-10 01:25:13,109 [pool-27-thread-1] INFO  util.JmxRegister (JmxRegister.java:tryRegister(44)) - Successfully registered JMX Bean with object name Ratis:service=RaftServer,group=group-07F44DEC43A0,id=993817e1-c77a-472e-865f-a6e34ffe7967
2019-10-10 01:25:13,110 [pool-47-thread-1] INFO  impl.RaftServerImpl (RaftServerImpl.java:start(181)) - fe8e0d95-22db-4b8a-875e-83bee4d716fb@group-07F44DEC43A0: start as a follower, conf=-1: [4b92f2f8-e489-47a4-a90a-1d3fa2a9a07f:192.168.151.118:35849, 993817e1-c77a-472e-865f-a6e34ffe7967:192.168.151.118:41261, fe8e0d95-22db-4b8a-875e-83bee4d716fb:192.168.151.118:34352], old=null
2019-10-10 01:25:13,110 [pool-47-thread-1] INFO  impl.RaftServerImpl (RaftServerImpl.java:setRole(170)) - fe8e0d95-22db-4b8a-875e-83bee4d716fb@group-07F44DEC43A0: changes role from      null to FOLLOWER at term 0 for startAsFollower
2019-10-10 01:25:13,110 [pool-47-thread-1] INFO  impl.RoleInfo (RoleInfo.java:updateAndGet(143)) - fe8e0d95-22db-4b8a-875e-83bee4d716fb: start FollowerState
2019-10-10 01:25:13,110 [pool-47-thread-1] INFO  util.JmxRegister (JmxRegister.java:tryRegister(44)) - Successfully registered JMX Bean with object name Ratis:service=RaftServer,group=group-07F44DEC43A0,id=fe8e0d95-22db-4b8a-875e-83bee4d716fb
2019-10-10 01:25:13,113 [pool-67-thread-1] INFO  impl.RaftServerImpl (RaftServerImpl.java:start(181)) - 4b92f2f8-e489-47a4-a90a-1d3fa2a9a07f@group-07F44DEC43A0: start as a follower, conf=-1: [4b92f2f8-e489-47a4-a90a-1d3fa2a9a07f:192.168.151.118:35849, 993817e1-c77a-472e-865f-a6e34ffe7967:192.168.151.118:41261, fe8e0d95-22db-4b8a-875e-83bee4d716fb:192.168.151.118:34352], old=null
2019-10-10 01:25:13,113 [pool-67-thread-1] INFO  impl.RaftServerImpl (RaftServerImpl.java:setRole(170)) - 4b92f2f8-e489-47a4-a90a-1d3fa2a9a07f@group-07F44DEC43A0: changes role from      null to FOLLOWER at term 0 for startAsFollower
2019-10-10 01:25:13,113 [pool-67-thread-1] INFO  impl.RoleInfo (RoleInfo.java:updateAndGet(143)) - 4b92f2f8-e489-47a4-a90a-1d3fa2a9a07f: start FollowerState
2019-10-10 01:25:13,114 [pool-67-thread-1] INFO  util.JmxRegister (JmxRegister.java:tryRegister(44)) - Successfully registered JMX Bean with object name Ratis:service=RaftServer,group=group-07F44DEC43A0,id=4b92f2f8-e489-47a4-a90a-1d3fa2a9a07f
2019-10-10 01:25:13,118 [RatisPipelineUtilsThread] INFO  pipeline.PipelineStateManager (PipelineStateManager.java:addPipeline(56)) - Created pipeline Pipeline[ Id: 79fe36e0-c8cc-406e-a4c7-07f44dec43a0, Nodes: 4b92f2f8-e489-47a4-a90a-1d3fa2a9a07f{ip: 192.168.151.118, host: pr-hdds-2194-jqrdw-3579824535, networkLocation: /default-rack, certSerialId: null}fe8e0d95-22db-4b8a-875e-83bee4d716fb{ip: 192.168.151.118, host: pr-hdds-2194-jqrdw-3579824535, networkLocation: /default-rack, certSerialId: null}993817e1-c77a-472e-865f-a6e34ffe7967{ip: 192.168.151.118, host: pr-hdds-2194-jqrdw-3579824535, networkLocation: /default-rack, certSerialId: null}, Type:RATIS, Factor:THREE, State:OPEN]
 0.00% |█                                                                                                    |  0/1 Time: 0:09:192019-10-10 01:25:13,845 [pool-73-thread-3] WARN  io.KeyOutputStream (KeyOutputStream.java:handleException(274)) - Encountered exception java.io.IOException: Unexpected Storage Container Exception: java.util.concurrent.CompletionException: java.util.concurrent.CompletionException: org.apache.ratis.protocol.GroupMismatchException: fe8e0d95-22db-4b8a-875e-83bee4d716fb: group-68BADADC1787 not found. on the pipeline Pipeline[ Id: 93550a01-12ce-4828-af38-68badadc1787, Nodes: 4b92f2f8-e489-47a4-a90a-1d3fa2a9a07f{ip: 192.168.151.118, host: pr-hdds-2194-jqrdw-3579824535, networkLocation: /default-rack, certSerialId: null}fe8e0d95-22db-4b8a-875e-83bee4d716fb{ip: 192.168.151.118, host: pr-hdds-2194-jqrdw-3579824535, networkLocation: /default-rack, certSerialId: null}993817e1-c77a-472e-865f-a6e34ffe7967{ip: 192.168.151.118, host: pr-hdds-2194-jqrdw-3579824535, networkLocation: /default-rack, certSerialId: null}, Type:RATIS, Factor:THREE, State:OPEN]. The last committed block length is 0, uncommitted data length is 2097152 retry count 7
 0.00% |█                                                                                                    |  0/1 Time: 0:09:20 0.00% |█                                                                                                    |  0/1 Time: 0:09:21 0.00% |█                                                                                                    |  0/1 Time: 0:09:22 0.00% |█                                                                                                    |  0/1 Time: 0:09:232019-10-10 01:25:18,116 [Thread-1561] INFO  impl.FollowerState (FollowerState.java:run(108)) - fe8e0d95-22db-4b8a-875e-83bee4d716fb@group-07F44DEC43A0-FollowerState: change to CANDIDATE, lastRpcTime:5005ms, electionTimeout:5005ms
2019-10-10 01:25:18,119 [Thread-1561] INFO  impl.RoleInfo (RoleInfo.java:shutdownFollowerState(121)) - fe8e0d95-22db-4b8a-875e-83bee4d716fb: shutdown FollowerState
2019-10-10 01:25:18,120 [Thread-1561] INFO  impl.RaftServerImpl (RaftServerImpl.java:setRole(170)) - fe8e0d95-22db-4b8a-875e-83bee4d716fb@group-07F44DEC43A0: changes role from  FOLLOWER to CANDIDATE at term 0 for changeToCandidate
2019-10-10 01:25:18,120 [Thread-1561] INFO  impl.RoleInfo (RoleInfo.java:updateAndGet(143)) - fe8e0d95-22db-4b8a-875e-83bee4d716fb: start LeaderElection
2019-10-10 01:25:18,140 [fe8e0d95-22db-4b8a-875e-83bee4d716fb@group-07F44DEC43A0-LeaderElection18] INFO  impl.LeaderElection (LeaderElection.java:askForVotes(178)) - fe8e0d95-22db-4b8a-875e-83bee4d716fb@group-07F44DEC43A0-LeaderElection18: begin an election at term 1 for -1: [4b92f2f8-e489-47a4-a90a-1d3fa2a9a07f:192.168.151.118:35849, 993817e1-c77a-472e-865f-a6e34ffe7967:192.168.151.118:41261, fe8e0d95-22db-4b8a-875e-83bee4d716fb:192.168.151.118:34352], old=null
2019-10-10 01:25:18,153 [grpc-default-executor-19] INFO  impl.RaftServerImpl (RaftServerImpl.java:setRole(170)) - 993817e1-c77a-472e-865f-a6e34ffe7967@group-07F44DEC43A0: changes role from  FOLLOWER to FOLLOWER at term 1 for recognizeCandidate:fe8e0d95-22db-4b8a-875e-83bee4d716fb
2019-10-10 01:25:18,153 [grpc-default-executor-17] INFO  impl.RaftServerImpl (RaftServerImpl.java:setRole(170)) - 4b92f2f8-e489-47a4-a90a-1d3fa2a9a07f@group-07F44DEC43A0: changes role from  FOLLOWER to FOLLOWER at term 1 for recognizeCandidate:fe8e0d95-22db-4b8a-875e-83bee4d716fb
2019-10-10 01:25:18,154 [grpc-default-executor-19] INFO  impl.RoleInfo (RoleInfo.java:shutdownFollowerState(121)) - 993817e1-c77a-472e-865f-a6e34ffe7967: shutdown FollowerState
2019-10-10 01:25:18,154 [grpc-default-executor-17] INFO  impl.RoleInfo (RoleInfo.java:shutdownFollowerState(121)) - 4b92f2f8-e489-47a4-a90a-1d3fa2a9a07f: shutdown FollowerState
2019-10-10 01:25:18,154 [Thread-1559] INFO  impl.FollowerState (FollowerState.java:run(117)) - 993817e1-c77a-472e-865f-a6e34ffe7967@group-07F44DEC43A0-FollowerState was interrupted: java.lang.InterruptedException: sleep interrupted
2019-10-10 01:25:18,154 [Thread-1562] INFO  impl.FollowerState (FollowerState.java:run(117)) - 4b92f2f8-e489-47a4-a90a-1d3fa2a9a07f@group-07F44DEC43A0-FollowerState was interrupted: java.lang.InterruptedException: sleep interrupted
2019-10-10 01:25:18,154 [grpc-default-executor-19] INFO  impl.RoleInfo (RoleInfo.java:updateAndGet(143)) - 993817e1-c77a-472e-865f-a6e34ffe7967: start FollowerState
2019-10-10 01:25:18,154 [grpc-default-executor-17] INFO  impl.RoleInfo (RoleInfo.java:updateAndGet(143)) - 4b92f2f8-e489-47a4-a90a-1d3fa2a9a07f: start FollowerState
2019-10-10 01:25:18,172 [fe8e0d95-22db-4b8a-875e-83bee4d716fb@group-07F44DEC43A0-LeaderElection18] INFO  impl.LeaderElection (LeaderElection.java:logAndReturn(56)) - fe8e0d95-22db-4b8a-875e-83bee4d716fb@group-07F44DEC43A0-LeaderElection18: Election PASSED; received 1 response(s) [fe8e0d95-22db-4b8a-875e-83bee4d716fb<-993817e1-c77a-472e-865f-a6e34ffe7967#0:OK-t1] and 0 exception(s); fe8e0d95-22db-4b8a-875e-83bee4d716fb@group-07F44DEC43A0:t1, leader=null, voted=fe8e0d95-22db-4b8a-875e-83bee4d716fb, raftlog=fe8e0d95-22db-4b8a-875e-83bee4d716fb@group-07F44DEC43A0-SegmentedRaftLog:OPENED:c-1,f-1,i0, conf=-1: [4b92f2f8-e489-47a4-a90a-1d3fa2a9a07f:192.168.151.118:35849, 993817e1-c77a-472e-865f-a6e34ffe7967:192.168.151.118:41261, fe8e0d95-22db-4b8a-875e-83bee4d716fb:192.168.151.118:34352], old=null
2019-10-10 01:25:18,172 [fe8e0d95-22db-4b8a-875e-83bee4d716fb@group-07F44DEC43A0-LeaderElection18] INFO  impl.RoleInfo (RoleInfo.java:shutdownLeaderElection(134)) - fe8e0d95-22db-4b8a-875e-83bee4d716fb: shutdown LeaderElection
2019-10-10 01:25:18,173 [fe8e0d95-22db-4b8a-875e-83bee4d716fb@group-07F44DEC43A0-LeaderElection18] INFO  impl.RaftServerImpl (RaftServerImpl.java:setRole(170)) - fe8e0d95-22db-4b8a-875e-83bee4d716fb@group-07F44DEC43A0: changes role from CANDIDATE to LEADER at term 1 for changeToLeader
2019-10-10 01:25:18,173 [fe8e0d95-22db-4b8a-875e-83bee4d716fb@group-07F44DEC43A0-LeaderElection18] INFO  impl.RaftServerImpl (ServerState.java:setLeader(255)) - fe8e0d95-22db-4b8a-875e-83bee4d716fb@group-07F44DEC43A0: change Leader from null to fe8e0d95-22db-4b8a-875e-83bee4d716fb at term 1 for becomeLeader, leader elected after 5071ms
2019-10-10 01:25:18,173 [fe8e0d95-22db-4b8a-875e-83bee4d716fb@group-07F44DEC43A0-LeaderElection18] INFO  server.RaftServerConfigKeys (ConfUtils.java:logGet(43)) - raft.server.staging.catchup.gap = 1000 (default)
2019-10-10 01:25:18,173 [fe8e0d95-22db-4b8a-875e-83bee4d716fb@group-07F44DEC43A0-LeaderElection18] INFO  server.RaftServerConfigKeys (ConfUtils.java:logGet(43)) - raft.server.rpc.sleep.time = 25ms (default)
2019-10-10 01:25:18,173 [fe8e0d95-22db-4b8a-875e-83bee4d716fb@group-07F44DEC43A0-LeaderElection18] INFO  server.RaftServerConfigKeys (ConfUtils.java:logGet(43)) - raft.server.write.element-limit = 4096 (default)
2019-10-10 01:25:18,174 [fe8e0d95-22db-4b8a-875e-83bee4d716fb@group-07F44DEC43A0-LeaderElection18] INFO  server.RaftServerConfigKeys (ConfUtils.java:logGet(43)) - raft.server.watch.timeout = 10s (default)
2019-10-10 01:25:18,174 [fe8e0d95-22db-4b8a-875e-83bee4d716fb@group-07F44DEC43A0-LeaderElection18] INFO  server.RaftServerConfigKeys (ConfUtils.java:logGet(43)) - raft.server.watch.timeout.denomination = 1s (default)
2019-10-10 01:25:18,174 [fe8e0d95-22db-4b8a-875e-83bee4d716fb@group-07F44DEC43A0-LeaderElection18] INFO  server.RaftServerConfigKeys (ConfUtils.java:logGet(43)) - raft.server.watch.element-limit = 65536 (default)
2019-10-10 01:25:18,177 [fe8e0d95-22db-4b8a-875e-83bee4d716fb@group-07F44DEC43A0-LeaderElection18] INFO  server.RaftServerConfigKeys (ConfUtils.java:logGet(43)) - raft.server.log.appender.snapshot.chunk.size.max = 16MB (=16777216) (default)
2019-10-10 01:25:18,178 [fe8e0d95-22db-4b8a-875e-83bee4d716fb@group-07F44DEC43A0-LeaderElection18] INFO  server.RaftServerConfigKeys (ConfUtils.java:logGet(43)) - raft.server.log.appender.buffer.byte-limit = 33554432 (custom)
2019-10-10 01:25:18,178 [fe8e0d95-22db-4b8a-875e-83bee4d716fb@group-07F44DEC43A0-LeaderElection18] INFO  server.RaftServerConfigKeys (ConfUtils.java:logGet(43)) - raft.server.log.appender.buffer.element-limit = 1 (custom)
2019-10-10 01:25:18,178 [fe8e0d95-22db-4b8a-875e-83bee4d716fb@group-07F44DEC43A0-LeaderElection18] INFO  grpc.GrpcConfigKeys$Server (ConfUtils.java:logGet(43)) - raft.grpc.server.leader.outstanding.appends.max = 128 (default)
2019-10-10 01:25:18,178 [fe8e0d95-22db-4b8a-875e-83bee4d716fb@group-07F44DEC43A0-LeaderElection18] INFO  server.RaftServerConfigKeys (ConfUtils.java:logGet(43)) - raft.server.rpc.request.timeout = 3000ms (default)
2019-10-10 01:25:18,178 [fe8e0d95-22db-4b8a-875e-83bee4d716fb@group-07F44DEC43A0-LeaderElection18] INFO  server.RaftServerConfigKeys (ConfUtils.java:logGet(43)) - raft.server.log.appender.install.snapshot.enabled = false (custom)
2019-10-10 01:25:18,179 [fe8e0d95-22db-4b8a-875e-83bee4d716fb@group-07F44DEC43A0-LeaderElection18] INFO  server.RaftServerConfigKeys (ConfUtils.java:logGet(43)) - raft.server.log.appender.snapshot.chunk.size.max = 16MB (=16777216) (default)
2019-10-10 01:25:18,179 [fe8e0d95-22db-4b8a-875e-83bee4d716fb@group-07F44DEC43A0-LeaderElection18] INFO  server.RaftServerConfigKeys (ConfUtils.java:logGet(43)) - raft.server.log.appender.buffer.byte-limit = 33554432 (custom)
2019-10-10 01:25:18,179 [fe8e0d95-22db-4b8a-875e-83bee4d716fb@group-07F44DEC43A0-LeaderElection18] INFO  server.RaftServerConfigKeys (ConfUtils.java:logGet(43)) - raft.server.log.appender.buffer.element-limit = 1 (custom)
2019-10-10 01:25:18,179 [fe8e0d95-22db-4b8a-875e-83bee4d716fb@group-07F44DEC43A0-LeaderElection18] INFO  grpc.GrpcConfigKeys$Server (ConfUtils.java:logGet(43)) - raft.grpc.server.leader.outstanding.appends.max = 128 (default)
2019-10-10 01:25:18,179 [fe8e0d95-22db-4b8a-875e-83bee4d716fb@group-07F44DEC43A0-LeaderElection18] INFO  server.RaftServerConfigKeys (ConfUtils.java:logGet(43)) - raft.server.rpc.request.timeout = 3000ms (default)
2019-10-10 01:25:18,179 [fe8e0d95-22db-4b8a-875e-83bee4d716fb@group-07F44DEC43A0-LeaderElection18] INFO  server.RaftServerConfigKeys (ConfUtils.java:logGet(43)) - raft.server.log.appender.install.snapshot.enabled = false (custom)
2019-10-10 01:25:18,180 [fe8e0d95-22db-4b8a-875e-83bee4d716fb@group-07F44DEC43A0-LeaderElection18] INFO  impl.RoleInfo (RoleInfo.java:updateAndGet(143)) - fe8e0d95-22db-4b8a-875e-83bee4d716fb: start LeaderState
2019-10-10 01:25:18,180 [fe8e0d95-22db-4b8a-875e-83bee4d716fb@group-07F44DEC43A0-LeaderElection18] INFO  segmented.SegmentedRaftLogWorker (SegmentedRaftLogWorker.java:startLogSegment(385)) - fe8e0d95-22db-4b8a-875e-83bee4d716fb@group-07F44DEC43A0-SegmentedRaftLogWorker: Starting segment from index:0
2019-10-10 01:25:18,181 [fe8e0d95-22db-4b8a-875e-83bee4d716fb@group-07F44DEC43A0-LeaderElection18] INFO  impl.RaftServerImpl (ServerState.java:setRaftConf(356)) - fe8e0d95-22db-4b8a-875e-83bee4d716fb@group-07F44DEC43A0: set configuration 0: [4b92f2f8-e489-47a4-a90a-1d3fa2a9a07f:192.168.151.118:35849, 993817e1-c77a-472e-865f-a6e34ffe7967:192.168.151.118:41261, fe8e0d95-22db-4b8a-875e-83bee4d716fb:192.168.151.118:34352], old=null at 0
2019-10-10 01:25:18,182 [grpc-default-executor-19] INFO  impl.RaftServerImpl (ServerState.java:setLeader(255)) - 993817e1-c77a-472e-865f-a6e34ffe7967@group-07F44DEC43A0: change Leader from null to fe8e0d95-22db-4b8a-875e-83bee4d716fb at term 1 for appendEntries, leader elected after 5080ms
2019-10-10 01:25:18,216 [grpc-default-executor-17] INFO  impl.RaftServerImpl (ServerState.java:setLeader(255)) - 4b92f2f8-e489-47a4-a90a-1d3fa2a9a07f@group-07F44DEC43A0: change Leader from null to fe8e0d95-22db-4b8a-875e-83bee4d716fb at term 1 for appendEntries, leader elected after 5080ms
2019-10-10 01:25:18,221 [grpc-default-executor-19] INFO  impl.RaftServerImpl (ServerState.java:setRaftConf(356)) - 4b92f2f8-e489-47a4-a90a-1d3fa2a9a07f@group-07F44DEC43A0: set configuration 0: [4b92f2f8-e489-47a4-a90a-1d3fa2a9a07f:192.168.151.118:35849, 993817e1-c77a-472e-865f-a6e34ffe7967:192.168.151.118:41261, fe8e0d95-22db-4b8a-875e-83bee4d716fb:192.168.151.118:34352], old=null at 0
2019-10-10 01:25:18,221 [grpc-default-executor-17] INFO  impl.RaftServerImpl (ServerState.java:setRaftConf(356)) - 993817e1-c77a-472e-865f-a6e34ffe7967@group-07F44DEC43A0: set configuration 0: [4b92f2f8-e489-47a4-a90a-1d3fa2a9a07f:192.168.151.118:35849, 993817e1-c77a-472e-865f-a6e34ffe7967:192.168.151.118:41261, fe8e0d95-22db-4b8a-875e-83bee4d716fb:192.168.151.118:34352], old=null at 0
2019-10-10 01:25:18,222 [grpc-default-executor-19] INFO  segmented.SegmentedRaftLogWorker (SegmentedRaftLogWorker.java:startLogSegment(385)) - 4b92f2f8-e489-47a4-a90a-1d3fa2a9a07f@group-07F44DEC43A0-SegmentedRaftLogWorker: Starting segment from index:0
2019-10-10 01:25:18,222 [grpc-default-executor-17] INFO  segmented.SegmentedRaftLogWorker (SegmentedRaftLogWorker.java:startLogSegment(385)) - 993817e1-c77a-472e-865f-a6e34ffe7967@group-07F44DEC43A0-SegmentedRaftLogWorker: Starting segment from index:0
2019-10-10 01:25:18,228 [fe8e0d95-22db-4b8a-875e-83bee4d716fb@group-07F44DEC43A0-SegmentedRaftLogWorker] INFO  segmented.SegmentedRaftLogWorker (SegmentedRaftLogWorker.java:execute(574)) - fe8e0d95-22db-4b8a-875e-83bee4d716fb@group-07F44DEC43A0-SegmentedRaftLogWorker: created new log segment /workdir/hadoop-ozone/tools/target/test-dir/MiniOzoneClusterImpl-1e8b0e80-279c-49c4-ae13-42ed318b6149/datanode-2/data/ratis/79fe36e0-c8cc-406e-a4c7-07f44dec43a0/current/log_inprogress_0
2019-10-10 01:25:18,263 [4b92f2f8-e489-47a4-a90a-1d3fa2a9a07f@group-07F44DEC43A0-SegmentedRaftLogWorker] INFO  segmented.SegmentedRaftLogWorker (SegmentedRaftLogWorker.java:execute(574)) - 4b92f2f8-e489-47a4-a90a-1d3fa2a9a07f@group-07F44DEC43A0-SegmentedRaftLogWorker: created new log segment /workdir/hadoop-ozone/tools/target/test-dir/MiniOzoneClusterImpl-1e8b0e80-279c-49c4-ae13-42ed318b6149/datanode-4/data/ratis/79fe36e0-c8cc-406e-a4c7-07f44dec43a0/current/log_inprogress_0
2019-10-10 01:25:18,263 [993817e1-c77a-472e-865f-a6e34ffe7967@group-07F44DEC43A0-SegmentedRaftLogWorker] INFO  segmented.SegmentedRaftLogWorker (SegmentedRaftLogWorker.java:execute(574)) - 993817e1-c77a-472e-865f-a6e34ffe7967@group-07F44DEC43A0-SegmentedRaftLogWorker: created new log segment /workdir/hadoop-ozone/tools/target/test-dir/MiniOzoneClusterImpl-1e8b0e80-279c-49c4-ae13-42ed318b6149/datanode-0/data/ratis/79fe36e0-c8cc-406e-a4c7-07f44dec43a0/current/log_inprogress_0
 0.00% |█                                                                                                    |  0/1 Time: 0:09:242019-10-10 01:25:19,202 [pool-46-thread-13] ERROR impl.ChunkManagerImpl (ChunkManagerDummyImpl.java:writeChunk(86)) - data array does not match the length specified. DataLen: 1048576 Byte Array: 1048749
2019-10-10 01:25:19,203 [pool-46-thread-13] ERROR impl.ChunkManagerDummyImpl (ChunkManagerDummyImpl.java:writeChunk(105)) - write data failed. error: {}
org.apache.hadoop.hdds.scm.container.common.helpers.StorageContainerException: data array does not match the length specified. DataLen: 1048576 Byte Array: 1048749
	at org.apache.hadoop.ozone.container.keyvalue.impl.ChunkManagerDummyImpl.writeChunk(ChunkManagerDummyImpl.java:87)
	at org.apache.hadoop.ozone.container.keyvalue.KeyValueHandler.handleWriteChunk(KeyValueHandler.java:696)
	at org.apache.hadoop.ozone.container.keyvalue.KeyValueHandler.handle(KeyValueHandler.java:176)
	at org.apache.hadoop.ozone.container.common.impl.HddsDispatcher.dispatchRequest(HddsDispatcher.java:277)
	at org.apache.hadoop.ozone.container.common.impl.HddsDispatcher.dispatch(HddsDispatcher.java:150)
	at org.apache.hadoop.ozone.container.common.transport.server.ratis.ContainerStateMachine.dispatchCommand(ContainerStateMachine.java:413)
	at org.apache.hadoop.ozone.container.common.transport.server.ratis.ContainerStateMachine.runCommand(ContainerStateMachine.java:423)
	at org.apache.hadoop.ozone.container.common.transport.server.ratis.ContainerStateMachine.lambda$handleWriteChunk$1(ContainerStateMachine.java:458)
	at java.util.concurrent.CompletableFuture$AsyncSupply.run(CompletableFuture.java:1590)
	at java.util.concurrent.ThreadPoolExecutor.runWorker(ThreadPoolExecutor.java:1149)
	at java.util.concurrent.ThreadPoolExecutor$Worker.run(ThreadPoolExecutor.java:624)
	at java.lang.Thread.run(Thread.java:748)
2019-10-10 01:25:19,203 [pool-46-thread-13] INFO  keyvalue.KeyValueHandler (ContainerUtils.java:logAndReturnError(146)) - Operation: WriteChunk : Trace ID: a21490a0e8815135:9e6180e5bb919b30:3460afdd42d0416b:0 : Message: Internal error:  : Result: CONTAINER_INTERNAL_ERROR
2019-10-10 01:25:19,216 [EventQueue-IncrementalContainerReportForIncrementalContainerReportHandler] WARN  container.IncrementalContainerReportHandler (AbstractContainerReportHandler.java:updateContainerState(145)) - Container #11 is in OPEN state, but the datanode fe8e0d95-22db-4b8a-875e-83bee4d716fb{ip: 192.168.151.118, host: pr-hdds-2194-jqrdw-3579824535, networkLocation: /default-rack, certSerialId: null} reports an UNHEALTHY replica.
01:25:19.215 [pool-46-thread-13] ERROR DNAudit - user=null | ip=null | op=WRITE_CHUNK {blockData=conID: 11 locID: 102935475904184333 bcsId: 0} | ret=FAILURE
java.lang.Exception: Internal error: 
	at org.apache.hadoop.ozone.container.common.impl.HddsDispatcher.dispatchRequest(HddsDispatcher.java:332) ~[hadoop-hdds-container-service-0.5.0-SNAPSHOT.jar:?]
	at org.apache.hadoop.ozone.container.common.impl.HddsDispatcher.dispatch(HddsDispatcher.java:150) ~[hadoop-hdds-container-service-0.5.0-SNAPSHOT.jar:?]
	at org.apache.hadoop.ozone.container.common.transport.server.ratis.ContainerStateMachine.dispatchCommand(ContainerStateMachine.java:413) ~[hadoop-hdds-container-service-0.5.0-SNAPSHOT.jar:?]
	at org.apache.hadoop.ozone.container.common.transport.server.ratis.ContainerStateMachine.runCommand(ContainerStateMachine.java:423) ~[hadoop-hdds-container-service-0.5.0-SNAPSHOT.jar:?]
	at org.apache.hadoop.ozone.container.common.transport.server.ratis.ContainerStateMachine.lambda$handleWriteChunk$1(ContainerStateMachine.java:458) ~[hadoop-hdds-container-service-0.5.0-SNAPSHOT.jar:?]
	at java.util.concurrent.CompletableFuture$AsyncSupply.run(CompletableFuture.java:1590) [?:1.8.0_212]
	at java.util.concurrent.ThreadPoolExecutor.runWorker(ThreadPoolExecutor.java:1149) [?:1.8.0_212]
	at java.util.concurrent.ThreadPoolExecutor$Worker.run(ThreadPoolExecutor.java:624) [?:1.8.0_212]
	at java.lang.Thread.run(Thread.java:748) [?:1.8.0_212]
2019-10-10 01:25:19,216 [EventQueue-CloseContainerForCloseContainerEventHandler] INFO  container.CloseContainerEventHandler (CloseContainerEventHandler.java:onMessage(61)) - Close container Event triggered for container : #11
2019-10-10 01:25:19,216 [pool-46-thread-13] ERROR ratis.ContainerStateMachine (ContainerStateMachine.java:lambda$handleWriteChunk$2(480)) - group-07F44DEC43A0: writeChunk writeStateMachineData failed: blockIdcontainerID: 11
localID: 102935475904184333
blockCommitSequenceId: 0
 logIndex 1 chunkName 102935475904184333_chunk_1 Error message: Internal error:  Container Result: CONTAINER_INTERNAL_ERROR
2019-10-10 01:25:19,217 [fe8e0d95-22db-4b8a-875e-83bee4d716fb@group-07F44DEC43A0-SegmentedRaftLogWorker] ERROR ratis.XceiverServerRatis (XceiverServerRatis.java:triggerPipelineClose(582)) - pipeline Action CLOSE  on pipeline PipelineID=79fe36e0-c8cc-406e-a4c7-07f44dec43a0.Reason : Internal error: 
2019-10-10 01:25:19,217 [fe8e0d95-22db-4b8a-875e-83bee4d716fb@group-07F44DEC43A0-SegmentedRaftLogWorker] ERROR ratis.XceiverServerRatis (XceiverServerRatis.java:triggerPipelineClose(582)) - pipeline Action CLOSE  on pipeline PipelineID=79fe36e0-c8cc-406e-a4c7-07f44dec43a0.Reason : Log already failed at index 1 for task WriteLog:1: (t:1, i:1), STATEMACHINELOGENTRY, client-DAF15FF8BD5B, cid=109
2019-10-10 01:25:19,217 [EventQueue-PipelineActionsForPipelineActionHandler] ERROR pipeline.PipelineActionHandler (PipelineActionHandler.java:onMessage(60)) - Received pipeline action CLOSE for Pipeline[ Id: 79fe36e0-c8cc-406e-a4c7-07f44dec43a0, Nodes: 4b92f2f8-e489-47a4-a90a-1d3fa2a9a07f{ip: 192.168.151.118, host: pr-hdds-2194-jqrdw-3579824535, networkLocation: /default-rack, certSerialId: null}fe8e0d95-22db-4b8a-875e-83bee4d716fb{ip: 192.168.151.118, host: pr-hdds-2194-jqrdw-3579824535, networkLocation: /default-rack, certSerialId: null}993817e1-c77a-472e-865f-a6e34ffe7967{ip: 192.168.151.118, host: pr-hdds-2194-jqrdw-3579824535, networkLocation: /default-rack, certSerialId: null}, Type:RATIS, Factor:THREE, State:OPEN] from datanode fe8e0d95-22db-4b8a-875e-83bee4d716fb{ip: 192.168.151.118, host: pr-hdds-2194-jqrdw-3579824535, networkLocation: /default-rack, certSerialId: null}. Reason : Internal error: 
2019-10-10 01:25:19,218 [EventQueue-PipelineActionsForPipelineActionHandler] INFO  pipeline.SCMPipelineManager (SCMPipelineManager.java:finalizeAndDestroyPipeline(315)) - destroying pipeline:Pipeline[ Id: 79fe36e0-c8cc-406e-a4c7-07f44dec43a0, Nodes: 4b92f2f8-e489-47a4-a90a-1d3fa2a9a07f{ip: 192.168.151.118, host: pr-hdds-2194-jqrdw-3579824535, networkLocation: /default-rack, certSerialId: null}fe8e0d95-22db-4b8a-875e-83bee4d716fb{ip: 192.168.151.118, host: pr-hdds-2194-jqrdw-3579824535, networkLocation: /default-rack, certSerialId: null}993817e1-c77a-472e-865f-a6e34ffe7967{ip: 192.168.151.118, host: pr-hdds-2194-jqrdw-3579824535, networkLocation: /default-rack, certSerialId: null}, Type:RATIS, Factor:THREE, State:OPEN]
2019-10-10 01:25:19,218 [EventQueue-PipelineActionsForPipelineActionHandler] INFO  pipeline.PipelineStateManager (PipelineStateManager.java:finalizePipeline(123)) - Pipeline Pipeline[ Id: 79fe36e0-c8cc-406e-a4c7-07f44dec43a0, Nodes: 4b92f2f8-e489-47a4-a90a-1d3fa2a9a07f{ip: 192.168.151.118, host: pr-hdds-2194-jqrdw-3579824535, networkLocation: /default-rack, certSerialId: null}fe8e0d95-22db-4b8a-875e-83bee4d716fb{ip: 192.168.151.118, host: pr-hdds-2194-jqrdw-3579824535, networkLocation: /default-rack, certSerialId: null}993817e1-c77a-472e-865f-a6e34ffe7967{ip: 192.168.151.118, host: pr-hdds-2194-jqrdw-3579824535, networkLocation: /default-rack, certSerialId: null}, Type:RATIS, Factor:THREE, State:CLOSED] moved to CLOSED state
2019-10-10 01:25:19,219 [EventQueue-PipelineActionsForPipelineActionHandler] ERROR pipeline.PipelineActionHandler (PipelineActionHandler.java:onMessage(60)) - Received pipeline action CLOSE for Pipeline[ Id: 79fe36e0-c8cc-406e-a4c7-07f44dec43a0, Nodes: 4b92f2f8-e489-47a4-a90a-1d3fa2a9a07f{ip: 192.168.151.118, host: pr-hdds-2194-jqrdw-3579824535, networkLocation: /default-rack, certSerialId: null}fe8e0d95-22db-4b8a-875e-83bee4d716fb{ip: 192.168.151.118, host: pr-hdds-2194-jqrdw-3579824535, networkLocation: /default-rack, certSerialId: null}993817e1-c77a-472e-865f-a6e34ffe7967{ip: 192.168.151.118, host: pr-hdds-2194-jqrdw-3579824535, networkLocation: /default-rack, certSerialId: null}, Type:RATIS, Factor:THREE, State:CLOSED] from datanode fe8e0d95-22db-4b8a-875e-83bee4d716fb{ip: 192.168.151.118, host: pr-hdds-2194-jqrdw-3579824535, networkLocation: /default-rack, certSerialId: null}. Reason : Log already failed at index 1 for task WriteLog:1: (t:1, i:1), STATEMACHINELOGENTRY, client-DAF15FF8BD5B, cid=109
2019-10-10 01:25:19,219 [EventQueue-PipelineActionsForPipelineActionHandler] INFO  pipeline.SCMPipelineManager (SCMPipelineManager.java:finalizeAndDestroyPipeline(315)) - destroying pipeline:Pipeline[ Id: 79fe36e0-c8cc-406e-a4c7-07f44dec43a0, Nodes: 4b92f2f8-e489-47a4-a90a-1d3fa2a9a07f{ip: 192.168.151.118, host: pr-hdds-2194-jqrdw-3579824535, networkLocation: /default-rack, certSerialId: null}fe8e0d95-22db-4b8a-875e-83bee4d716fb{ip: 192.168.151.118, host: pr-hdds-2194-jqrdw-3579824535, networkLocation: /default-rack, certSerialId: null}993817e1-c77a-472e-865f-a6e34ffe7967{ip: 192.168.151.118, host: pr-hdds-2194-jqrdw-3579824535, networkLocation: /default-rack, certSerialId: null}, Type:RATIS, Factor:THREE, State:CLOSED]
 0.00% |█                                                                                                    |  0/1 Time: 0:09:25 0.00% |█                                                                                                    |  0/1 Time: 0:09:26 0.00% |█                                                                                                    |  0/1 Time: 0:09:272019-10-10 01:25:22,060 [java.util.concurrent.ThreadPoolExecutor$Worker@53f1e38f[State = -1, empty queue]] ERROR client.GrpcClientProtocolClient (GrpcClientProtocolClient.java:close(148)) - Unexpected exception while waiting for channel termination
java.lang.InterruptedException
	at java.util.concurrent.locks.AbstractQueuedSynchronizer.tryAcquireSharedNanos(AbstractQueuedSynchronizer.java:1326)
	at java.util.concurrent.CountDownLatch.await(CountDownLatch.java:277)
	at org.apache.ratis.thirdparty.io.grpc.internal.ManagedChannelImpl.awaitTermination(ManagedChannelImpl.java:763)
	at org.apache.ratis.thirdparty.io.grpc.internal.ForwardingManagedChannel.awaitTermination(ForwardingManagedChannel.java:57)
	at org.apache.ratis.thirdparty.io.grpc.internal.ManagedChannelOrphanWrapper.awaitTermination(ManagedChannelOrphanWrapper.java:70)
	at org.apache.ratis.grpc.client.GrpcClientProtocolClient.close(GrpcClientProtocolClient.java:146)
	at org.apache.ratis.util.PeerProxyMap$PeerAndProxy.lambda$close$1(PeerProxyMap.java:74)
	at org.apache.ratis.util.LifeCycle.lambda$checkStateAndClose$2(LifeCycle.java:231)
	at org.apache.ratis.util.LifeCycle.checkStateAndClose(LifeCycle.java:251)
	at org.apache.ratis.util.LifeCycle.checkStateAndClose(LifeCycle.java:229)
	at org.apache.ratis.util.PeerProxyMap$PeerAndProxy.close(PeerProxyMap.java:70)
	at org.apache.ratis.util.PeerProxyMap.resetProxy(PeerProxyMap.java:127)
	at org.apache.ratis.util.PeerProxyMap.handleException(PeerProxyMap.java:136)
	at org.apache.ratis.client.impl.RaftClientRpcWithProxy.handleException(RaftClientRpcWithProxy.java:47)
	at org.apache.ratis.client.impl.RaftClientImpl.handleIOException(RaftClientImpl.java:372)
	at org.apache.ratis.client.impl.OrderedAsync.lambda$sendRequest$10(OrderedAsync.java:236)
	at java.util.concurrent.CompletableFuture.uniExceptionally(CompletableFuture.java:870)
	at java.util.concurrent.CompletableFuture$UniExceptionally.tryFire(CompletableFuture.java:852)
	at java.util.concurrent.CompletableFuture.postComplete(CompletableFuture.java:474)
	at java.util.concurrent.CompletableFuture.completeExceptionally(CompletableFuture.java:1977)
	at org.apache.ratis.grpc.client.GrpcClientProtocolClient$AsyncStreamObservers.lambda$timeoutCheck$3(GrpcClientProtocolClient.java:324)
	at java.util.Optional.ifPresent(Optional.java:159)
	at org.apache.ratis.grpc.client.GrpcClientProtocolClient$AsyncStreamObservers.handleReplyFuture(GrpcClientProtocolClient.java:329)
	at org.apache.ratis.grpc.client.GrpcClientProtocolClient$AsyncStreamObservers.timeoutCheck(GrpcClientProtocolClient.java:324)
	at org.apache.ratis.grpc.client.GrpcClientProtocolClient$AsyncStreamObservers.lambda$onNext$1(GrpcClientProtocolClient.java:318)
	at org.apache.ratis.util.TimeoutScheduler.lambda$onTimeout$0(TimeoutScheduler.java:113)
	at org.apache.ratis.util.TimeoutScheduler.lambda$onTimeout$1(TimeoutScheduler.java:133)
	at org.apache.ratis.util.LogUtils.runAndLog(LogUtils.java:50)
	at org.apache.ratis.util.LogUtils$1.run(LogUtils.java:91)
	at java.util.concurrent.Executors$RunnableAdapter.call(Executors.java:511)
	at java.util.concurrent.FutureTask.run(FutureTask.java:266)
	at java.util.concurrent.ScheduledThreadPoolExecutor$ScheduledFutureTask.access$201(ScheduledThreadPoolExecutor.java:180)
	at java.util.concurrent.ScheduledThreadPoolExecutor$ScheduledFutureTask.run(ScheduledThreadPoolExecutor.java:293)
	at java.util.concurrent.ThreadPoolExecutor.runWorker(ThreadPoolExecutor.java:1149)
	at java.util.concurrent.ThreadPoolExecutor$Worker.run(ThreadPoolExecutor.java:624)
	at java.lang.Thread.run(Thread.java:748)
2019-10-10 01:25:22,063 [java.util.concurrent.ThreadPoolExecutor$Worker@53f1e38f[State = -1, empty queue]] WARN  util.TimeoutScheduler (LogUtils.java:runAndLog(55)) - Failed to task #0: java.lang.NullPointerException
 0.00% |█                                                                                                    |  0/1 Time: 0:09:28 0.00% |█                                                                                                    |  0/1 Time: 0:09:29 0.00% |█                                                                                                    |  0/1 Time: 0:09:30 0.00% |█                                                                                                    |  0/1 Time: 0:09:312019-10-10 01:25:26,110 [java.util.concurrent.ThreadPoolExecutor$Worker@4f58485a[State = -1, empty queue]] ERROR client.GrpcClientProtocolClient (GrpcClientProtocolClient.java:close(148)) - Unexpected exception while waiting for channel termination
java.lang.InterruptedException
	at java.util.concurrent.locks.AbstractQueuedSynchronizer.tryAcquireSharedNanos(AbstractQueuedSynchronizer.java:1326)
	at java.util.concurrent.CountDownLatch.await(CountDownLatch.java:277)
	at org.apache.ratis.thirdparty.io.grpc.internal.ManagedChannelImpl.awaitTermination(ManagedChannelImpl.java:763)
	at org.apache.ratis.thirdparty.io.grpc.internal.ForwardingManagedChannel.awaitTermination(ForwardingManagedChannel.java:57)
	at org.apache.ratis.thirdparty.io.grpc.internal.ManagedChannelOrphanWrapper.awaitTermination(ManagedChannelOrphanWrapper.java:70)
	at org.apache.ratis.grpc.client.GrpcClientProtocolClient.close(GrpcClientProtocolClient.java:146)
	at org.apache.ratis.util.PeerProxyMap$PeerAndProxy.lambda$close$1(PeerProxyMap.java:74)
	at org.apache.ratis.util.LifeCycle.lambda$checkStateAndClose$2(LifeCycle.java:231)
	at org.apache.ratis.util.LifeCycle.checkStateAndClose(LifeCycle.java:251)
	at org.apache.ratis.util.LifeCycle.checkStateAndClose(LifeCycle.java:229)
	at org.apache.ratis.util.PeerProxyMap$PeerAndProxy.close(PeerProxyMap.java:70)
	at org.apache.ratis.util.PeerProxyMap.resetProxy(PeerProxyMap.java:127)
	at org.apache.ratis.util.PeerProxyMap.handleException(PeerProxyMap.java:136)
	at org.apache.ratis.client.impl.RaftClientRpcWithProxy.handleException(RaftClientRpcWithProxy.java:47)
	at org.apache.ratis.client.impl.RaftClientImpl.handleIOException(RaftClientImpl.java:372)
	at org.apache.ratis.client.impl.OrderedAsync.lambda$sendRequest$10(OrderedAsync.java:236)
	at java.util.concurrent.CompletableFuture.uniExceptionally(CompletableFuture.java:870)
	at java.util.concurrent.CompletableFuture$UniExceptionally.tryFire(CompletableFuture.java:852)
	at java.util.concurrent.CompletableFuture.postComplete(CompletableFuture.java:474)
	at java.util.concurrent.CompletableFuture.completeExceptionally(CompletableFuture.java:1977)
	at org.apache.ratis.grpc.client.GrpcClientProtocolClient$AsyncStreamObservers.lambda$timeoutCheck$3(GrpcClientProtocolClient.java:324)
	at java.util.Optional.ifPresent(Optional.java:159)
	at org.apache.ratis.grpc.client.GrpcClientProtocolClient$AsyncStreamObservers.handleReplyFuture(GrpcClientProtocolClient.java:329)
	at org.apache.ratis.grpc.client.GrpcClientProtocolClient$AsyncStreamObservers.timeoutCheck(GrpcClientProtocolClient.java:324)
	at org.apache.ratis.grpc.client.GrpcClientProtocolClient$AsyncStreamObservers.lambda$onNext$1(GrpcClientProtocolClient.java:318)
	at org.apache.ratis.util.TimeoutScheduler.lambda$onTimeout$0(TimeoutScheduler.java:113)
	at org.apache.ratis.util.TimeoutScheduler.lambda$onTimeout$1(TimeoutScheduler.java:133)
	at org.apache.ratis.util.LogUtils.runAndLog(LogUtils.java:50)
	at org.apache.ratis.util.LogUtils$1.run(LogUtils.java:91)
	at java.util.concurrent.Executors$RunnableAdapter.call(Executors.java:511)
	at java.util.concurrent.FutureTask.run(FutureTask.java:266)
	at java.util.concurrent.ScheduledThreadPoolExecutor$ScheduledFutureTask.access$201(ScheduledThreadPoolExecutor.java:180)
	at java.util.concurrent.ScheduledThreadPoolExecutor$ScheduledFutureTask.run(ScheduledThreadPoolExecutor.java:293)
	at java.util.concurrent.ThreadPoolExecutor.runWorker(ThreadPoolExecutor.java:1149)
	at java.util.concurrent.ThreadPoolExecutor$Worker.run(ThreadPoolExecutor.java:624)
	at java.lang.Thread.run(Thread.java:748)
2019-10-10 01:25:26,127 [java.util.concurrent.ThreadPoolExecutor$Worker@4f58485a[State = -1, empty queue]] WARN  util.TimeoutScheduler (LogUtils.java:runAndLog(55)) - Failed to task #0: java.lang.NullPointerException
 0.00% |█                                                                                                    |  0/1 Time: 0:09:32 0.00% |█                                                                                                    |  0/1 Time: 0:09:33 0.00% |█                                                                                                    |  0/1 Time: 0:09:34 0.00% |█                                                                                                    |  0/1 Time: 0:09:352019-10-10 01:25:30,163 [java.util.concurrent.ThreadPoolExecutor$Worker@1b636528[State = -1, empty queue]] ERROR client.GrpcClientProtocolClient (GrpcClientProtocolClient.java:close(148)) - Unexpected exception while waiting for channel termination
java.lang.InterruptedException
	at java.util.concurrent.locks.AbstractQueuedSynchronizer.tryAcquireSharedNanos(AbstractQueuedSynchronizer.java:1326)
	at java.util.concurrent.CountDownLatch.await(CountDownLatch.java:277)
	at org.apache.ratis.thirdparty.io.grpc.internal.ManagedChannelImpl.awaitTermination(ManagedChannelImpl.java:763)
	at org.apache.ratis.thirdparty.io.grpc.internal.ForwardingManagedChannel.awaitTermination(ForwardingManagedChannel.java:57)
	at org.apache.ratis.thirdparty.io.grpc.internal.ManagedChannelOrphanWrapper.awaitTermination(ManagedChannelOrphanWrapper.java:70)
	at org.apache.ratis.grpc.client.GrpcClientProtocolClient.close(GrpcClientProtocolClient.java:146)
	at org.apache.ratis.util.PeerProxyMap$PeerAndProxy.lambda$close$1(PeerProxyMap.java:74)
	at org.apache.ratis.util.LifeCycle.lambda$checkStateAndClose$2(LifeCycle.java:231)
	at org.apache.ratis.util.LifeCycle.checkStateAndClose(LifeCycle.java:251)
	at org.apache.ratis.util.LifeCycle.checkStateAndClose(LifeCycle.java:229)
	at org.apache.ratis.util.PeerProxyMap$PeerAndProxy.close(PeerProxyMap.java:70)
	at org.apache.ratis.util.PeerProxyMap.resetProxy(PeerProxyMap.java:127)
	at org.apache.ratis.util.PeerProxyMap.handleException(PeerProxyMap.java:136)
	at org.apache.ratis.client.impl.RaftClientRpcWithProxy.handleException(RaftClientRpcWithProxy.java:47)
	at org.apache.ratis.client.impl.RaftClientImpl.handleIOException(RaftClientImpl.java:372)
	at org.apache.ratis.client.impl.OrderedAsync.lambda$sendRequest$10(OrderedAsync.java:236)
	at java.util.concurrent.CompletableFuture.uniExceptionally(CompletableFuture.java:870)
	at java.util.concurrent.CompletableFuture$UniExceptionally.tryFire(CompletableFuture.java:852)
	at java.util.concurrent.CompletableFuture.postComplete(CompletableFuture.java:474)
	at java.util.concurrent.CompletableFuture.completeExceptionally(CompletableFuture.java:1977)
	at org.apache.ratis.grpc.client.GrpcClientProtocolClient$AsyncStreamObservers.lambda$timeoutCheck$3(GrpcClientProtocolClient.java:324)
	at java.util.Optional.ifPresent(Optional.java:159)
	at org.apache.ratis.grpc.client.GrpcClientProtocolClient$AsyncStreamObservers.handleReplyFuture(GrpcClientProtocolClient.java:329)
	at org.apache.ratis.grpc.client.GrpcClientProtocolClient$AsyncStreamObservers.timeoutCheck(GrpcClientProtocolClient.java:324)
	at org.apache.ratis.grpc.client.GrpcClientProtocolClient$AsyncStreamObservers.lambda$onNext$1(GrpcClientProtocolClient.java:318)
	at org.apache.ratis.util.TimeoutScheduler.lambda$onTimeout$0(TimeoutScheduler.java:113)
	at org.apache.ratis.util.TimeoutScheduler.lambda$onTimeout$1(TimeoutScheduler.java:133)
	at org.apache.ratis.util.LogUtils.runAndLog(LogUtils.java:50)
	at org.apache.ratis.util.LogUtils$1.run(LogUtils.java:91)
	at java.util.concurrent.Executors$RunnableAdapter.call(Executors.java:511)
	at java.util.concurrent.FutureTask.run(FutureTask.java:266)
	at java.util.concurrent.ScheduledThreadPoolExecutor$ScheduledFutureTask.access$201(ScheduledThreadPoolExecutor.java:180)
	at java.util.concurrent.ScheduledThreadPoolExecutor$ScheduledFutureTask.run(ScheduledThreadPoolExecutor.java:293)
	at java.util.concurrent.ThreadPoolExecutor.runWorker(ThreadPoolExecutor.java:1149)
	at java.util.concurrent.ThreadPoolExecutor$Worker.run(ThreadPoolExecutor.java:624)
	at java.lang.Thread.run(Thread.java:748)
2019-10-10 01:25:30,167 [java.util.concurrent.ThreadPoolExecutor$Worker@1b636528[State = -1, empty queue]] WARN  util.TimeoutScheduler (LogUtils.java:runAndLog(55)) - Failed to task #0: java.lang.NullPointerException
 0.00% |█                                                                                                    |  0/1 Time: 0:09:36 0.00% |█                                                                                                    |  0/1 Time: 0:09:37 0.00% |█                                                                                                    |  0/1 Time: 0:09:38 0.00% |█                                                                                                    |  0/1 Time: 0:09:392019-10-10 01:25:34,198 [java.util.concurrent.ThreadPoolExecutor$Worker@3da13e9c[State = -1, empty queue]] ERROR client.GrpcClientProtocolClient (GrpcClientProtocolClient.java:close(148)) - Unexpected exception while waiting for channel termination
java.lang.InterruptedException
	at java.util.concurrent.locks.AbstractQueuedSynchronizer.tryAcquireSharedNanos(AbstractQueuedSynchronizer.java:1326)
	at java.util.concurrent.CountDownLatch.await(CountDownLatch.java:277)
	at org.apache.ratis.thirdparty.io.grpc.internal.ManagedChannelImpl.awaitTermination(ManagedChannelImpl.java:763)
	at org.apache.ratis.thirdparty.io.grpc.internal.ForwardingManagedChannel.awaitTermination(ForwardingManagedChannel.java:57)
	at org.apache.ratis.thirdparty.io.grpc.internal.ManagedChannelOrphanWrapper.awaitTermination(ManagedChannelOrphanWrapper.java:70)
	at org.apache.ratis.grpc.client.GrpcClientProtocolClient.close(GrpcClientProtocolClient.java:146)
	at org.apache.ratis.util.PeerProxyMap$PeerAndProxy.lambda$close$1(PeerProxyMap.java:74)
	at org.apache.ratis.util.LifeCycle.lambda$checkStateAndClose$2(LifeCycle.java:231)
	at org.apache.ratis.util.LifeCycle.checkStateAndClose(LifeCycle.java:251)
	at org.apache.ratis.util.LifeCycle.checkStateAndClose(LifeCycle.java:229)
	at org.apache.ratis.util.PeerProxyMap$PeerAndProxy.close(PeerProxyMap.java:70)
	at org.apache.ratis.util.PeerProxyMap.resetProxy(PeerProxyMap.java:127)
	at org.apache.ratis.util.PeerProxyMap.handleException(PeerProxyMap.java:136)
	at org.apache.ratis.client.impl.RaftClientRpcWithProxy.handleException(RaftClientRpcWithProxy.java:47)
	at org.apache.ratis.client.impl.RaftClientImpl.handleIOException(RaftClientImpl.java:372)
	at org.apache.ratis.client.impl.OrderedAsync.lambda$sendRequest$10(OrderedAsync.java:236)
	at java.util.concurrent.CompletableFuture.uniExceptionally(CompletableFuture.java:870)
	at java.util.concurrent.CompletableFuture$UniExceptionally.tryFire(CompletableFuture.java:852)
	at java.util.concurrent.CompletableFuture.postComplete(CompletableFuture.java:474)
	at java.util.concurrent.CompletableFuture.completeExceptionally(CompletableFuture.java:1977)
	at org.apache.ratis.grpc.client.GrpcClientProtocolClient$AsyncStreamObservers.lambda$timeoutCheck$3(GrpcClientProtocolClient.java:324)
	at java.util.Optional.ifPresent(Optional.java:159)
	at org.apache.ratis.grpc.client.GrpcClientProtocolClient$AsyncStreamObservers.handleReplyFuture(GrpcClientProtocolClient.java:329)
	at org.apache.ratis.grpc.client.GrpcClientProtocolClient$AsyncStreamObservers.timeoutCheck(GrpcClientProtocolClient.java:324)
	at org.apache.ratis.grpc.client.GrpcClientProtocolClient$AsyncStreamObservers.lambda$onNext$1(GrpcClientProtocolClient.java:318)
	at org.apache.ratis.util.TimeoutScheduler.lambda$onTimeout$0(TimeoutScheduler.java:113)
	at org.apache.ratis.util.TimeoutScheduler.lambda$onTimeout$1(TimeoutScheduler.java:133)
	at org.apache.ratis.util.LogUtils.runAndLog(LogUtils.java:50)
	at org.apache.ratis.util.LogUtils$1.run(LogUtils.java:91)
	at java.util.concurrent.Executors$RunnableAdapter.call(Executors.java:511)
	at java.util.concurrent.FutureTask.run(FutureTask.java:266)
	at java.util.concurrent.ScheduledThreadPoolExecutor$ScheduledFutureTask.access$201(ScheduledThreadPoolExecutor.java:180)
	at java.util.concurrent.ScheduledThreadPoolExecutor$ScheduledFutureTask.run(ScheduledThreadPoolExecutor.java:293)
	at java.util.concurrent.ThreadPoolExecutor.runWorker(ThreadPoolExecutor.java:1149)
	at java.util.concurrent.ThreadPoolExecutor$Worker.run(ThreadPoolExecutor.java:624)
	at java.lang.Thread.run(Thread.java:748)
2019-10-10 01:25:34,200 [java.util.concurrent.ThreadPoolExecutor$Worker@3da13e9c[State = -1, empty queue]] WARN  util.TimeoutScheduler (LogUtils.java:runAndLog(55)) - Failed to task #0: java.lang.NullPointerException
 0.00% |█                                                                                                    |  0/1 Time: 0:09:40 0.00% |█                                                                                                    |  0/1 Time: 0:09:41 0.00% |█                                                                                                    |  0/1 Time: 0:09:42 0.00% |█                                                                                                    |  0/1 Time: 0:09:432019-10-10 01:25:38,235 [java.util.concurrent.ThreadPoolExecutor$Worker@7e08baa2[State = -1, empty queue]] ERROR client.GrpcClientProtocolClient (GrpcClientProtocolClient.java:close(148)) - Unexpected exception while waiting for channel termination
java.lang.InterruptedException
	at java.util.concurrent.locks.AbstractQueuedSynchronizer.tryAcquireSharedNanos(AbstractQueuedSynchronizer.java:1326)
	at java.util.concurrent.CountDownLatch.await(CountDownLatch.java:277)
	at org.apache.ratis.thirdparty.io.grpc.internal.ManagedChannelImpl.awaitTermination(ManagedChannelImpl.java:763)
	at org.apache.ratis.thirdparty.io.grpc.internal.ForwardingManagedChannel.awaitTermination(ForwardingManagedChannel.java:57)
	at org.apache.ratis.thirdparty.io.grpc.internal.ManagedChannelOrphanWrapper.awaitTermination(ManagedChannelOrphanWrapper.java:70)
	at org.apache.ratis.grpc.client.GrpcClientProtocolClient.close(GrpcClientProtocolClient.java:146)
	at org.apache.ratis.util.PeerProxyMap$PeerAndProxy.lambda$close$1(PeerProxyMap.java:74)
	at org.apache.ratis.util.LifeCycle.lambda$checkStateAndClose$2(LifeCycle.java:231)
	at org.apache.ratis.util.LifeCycle.checkStateAndClose(LifeCycle.java:251)
	at org.apache.ratis.util.LifeCycle.checkStateAndClose(LifeCycle.java:229)
	at org.apache.ratis.util.PeerProxyMap$PeerAndProxy.close(PeerProxyMap.java:70)
	at org.apache.ratis.util.PeerProxyMap.resetProxy(PeerProxyMap.java:127)
	at org.apache.ratis.util.PeerProxyMap.handleException(PeerProxyMap.java:136)
	at org.apache.ratis.client.impl.RaftClientRpcWithProxy.handleException(RaftClientRpcWithProxy.java:47)
	at org.apache.ratis.client.impl.RaftClientImpl.handleIOException(RaftClientImpl.java:372)
	at org.apache.ratis.client.impl.OrderedAsync.lambda$sendRequest$10(OrderedAsync.java:236)
	at java.util.concurrent.CompletableFuture.uniExceptionally(CompletableFuture.java:870)
	at java.util.concurrent.CompletableFuture$UniExceptionally.tryFire(CompletableFuture.java:852)
	at java.util.concurrent.CompletableFuture.postComplete(CompletableFuture.java:474)
	at java.util.concurrent.CompletableFuture.completeExceptionally(CompletableFuture.java:1977)
	at org.apache.ratis.grpc.client.GrpcClientProtocolClient$AsyncStreamObservers.lambda$timeoutCheck$3(GrpcClientProtocolClient.java:324)
	at java.util.Optional.ifPresent(Optional.java:159)
	at org.apache.ratis.grpc.client.GrpcClientProtocolClient$AsyncStreamObservers.handleReplyFuture(GrpcClientProtocolClient.java:329)
	at org.apache.ratis.grpc.client.GrpcClientProtocolClient$AsyncStreamObservers.timeoutCheck(GrpcClientProtocolClient.java:324)
	at org.apache.ratis.grpc.client.GrpcClientProtocolClient$AsyncStreamObservers.lambda$onNext$1(GrpcClientProtocolClient.java:318)
	at org.apache.ratis.util.TimeoutScheduler.lambda$onTimeout$0(TimeoutScheduler.java:113)
	at org.apache.ratis.util.TimeoutScheduler.lambda$onTimeout$1(TimeoutScheduler.java:133)
	at org.apache.ratis.util.LogUtils.runAndLog(LogUtils.java:50)
	at org.apache.ratis.util.LogUtils$1.run(LogUtils.java:91)
	at java.util.concurrent.Executors$RunnableAdapter.call(Executors.java:511)
	at java.util.concurrent.FutureTask.run(FutureTask.java:266)
	at java.util.concurrent.ScheduledThreadPoolExecutor$ScheduledFutureTask.access$201(ScheduledThreadPoolExecutor.java:180)
	at java.util.concurrent.ScheduledThreadPoolExecutor$ScheduledFutureTask.run(ScheduledThreadPoolExecutor.java:293)
	at java.util.concurrent.ThreadPoolExecutor.runWorker(ThreadPoolExecutor.java:1149)
	at java.util.concurrent.ThreadPoolExecutor$Worker.run(ThreadPoolExecutor.java:624)
	at java.lang.Thread.run(Thread.java:748)
2019-10-10 01:25:38,237 [java.util.concurrent.ThreadPoolExecutor$Worker@7e08baa2[State = -1, empty queue]] WARN  util.TimeoutScheduler (LogUtils.java:runAndLog(55)) - Failed to task #0: java.lang.NullPointerException
 0.00% |█                                                                                                    |  0/1 Time: 0:09:44 0.00% |█                                                                                                    |  0/1 Time: 0:09:45 0.00% |█                                                                                                    |  0/1 Time: 0:09:46 0.00% |█                                                                                                    |  0/1 Time: 0:09:472019-10-10 01:25:42,262 [java.util.concurrent.ThreadPoolExecutor$Worker@3426a6cf[State = -1, empty queue]] ERROR client.GrpcClientProtocolClient (GrpcClientProtocolClient.java:close(148)) - Unexpected exception while waiting for channel termination
java.lang.InterruptedException
	at java.util.concurrent.locks.AbstractQueuedSynchronizer.tryAcquireSharedNanos(AbstractQueuedSynchronizer.java:1326)
	at java.util.concurrent.CountDownLatch.await(CountDownLatch.java:277)
	at org.apache.ratis.thirdparty.io.grpc.internal.ManagedChannelImpl.awaitTermination(ManagedChannelImpl.java:763)
	at org.apache.ratis.thirdparty.io.grpc.internal.ForwardingManagedChannel.awaitTermination(ForwardingManagedChannel.java:57)
	at org.apache.ratis.thirdparty.io.grpc.internal.ManagedChannelOrphanWrapper.awaitTermination(ManagedChannelOrphanWrapper.java:70)
	at org.apache.ratis.grpc.client.GrpcClientProtocolClient.close(GrpcClientProtocolClient.java:146)
	at org.apache.ratis.util.PeerProxyMap$PeerAndProxy.lambda$close$1(PeerProxyMap.java:74)
	at org.apache.ratis.util.LifeCycle.lambda$checkStateAndClose$2(LifeCycle.java:231)
	at org.apache.ratis.util.LifeCycle.checkStateAndClose(LifeCycle.java:251)
	at org.apache.ratis.util.LifeCycle.checkStateAndClose(LifeCycle.java:229)
	at org.apache.ratis.util.PeerProxyMap$PeerAndProxy.close(PeerProxyMap.java:70)
	at org.apache.ratis.util.PeerProxyMap.resetProxy(PeerProxyMap.java:127)
	at org.apache.ratis.util.PeerProxyMap.handleException(PeerProxyMap.java:136)
	at org.apache.ratis.client.impl.RaftClientRpcWithProxy.handleException(RaftClientRpcWithProxy.java:47)
	at org.apache.ratis.client.impl.RaftClientImpl.handleIOException(RaftClientImpl.java:372)
	at org.apache.ratis.client.impl.OrderedAsync.lambda$sendRequest$10(OrderedAsync.java:236)
	at java.util.concurrent.CompletableFuture.uniExceptionally(CompletableFuture.java:870)
	at java.util.concurrent.CompletableFuture$UniExceptionally.tryFire(CompletableFuture.java:852)
	at java.util.concurrent.CompletableFuture.postComplete(CompletableFuture.java:474)
	at java.util.concurrent.CompletableFuture.completeExceptionally(CompletableFuture.java:1977)
	at org.apache.ratis.grpc.client.GrpcClientProtocolClient$AsyncStreamObservers.lambda$timeoutCheck$3(GrpcClientProtocolClient.java:324)
	at java.util.Optional.ifPresent(Optional.java:159)
	at org.apache.ratis.grpc.client.GrpcClientProtocolClient$AsyncStreamObservers.handleReplyFuture(GrpcClientProtocolClient.java:329)
	at org.apache.ratis.grpc.client.GrpcClientProtocolClient$AsyncStreamObservers.timeoutCheck(GrpcClientProtocolClient.java:324)
	at org.apache.ratis.grpc.client.GrpcClientProtocolClient$AsyncStreamObservers.lambda$onNext$1(GrpcClientProtocolClient.java:318)
	at org.apache.ratis.util.TimeoutScheduler.lambda$onTimeout$0(TimeoutScheduler.java:113)
	at org.apache.ratis.util.TimeoutScheduler.lambda$onTimeout$1(TimeoutScheduler.java:133)
	at org.apache.ratis.util.LogUtils.runAndLog(LogUtils.java:50)
	at org.apache.ratis.util.LogUtils$1.run(LogUtils.java:91)
	at java.util.concurrent.Executors$RunnableAdapter.call(Executors.java:511)
	at java.util.concurrent.FutureTask.run(FutureTask.java:266)
	at java.util.concurrent.ScheduledThreadPoolExecutor$ScheduledFutureTask.access$201(ScheduledThreadPoolExecutor.java:180)
	at java.util.concurrent.ScheduledThreadPoolExecutor$ScheduledFutureTask.run(ScheduledThreadPoolExecutor.java:293)
	at java.util.concurrent.ThreadPoolExecutor.runWorker(ThreadPoolExecutor.java:1149)
	at java.util.concurrent.ThreadPoolExecutor$Worker.run(ThreadPoolExecutor.java:624)
	at java.lang.Thread.run(Thread.java:748)
2019-10-10 01:25:42,265 [java.util.concurrent.ThreadPoolExecutor$Worker@3426a6cf[State = -1, empty queue]] WARN  util.TimeoutScheduler (LogUtils.java:runAndLog(55)) - Failed to task #0: java.lang.NullPointerException
 0.00% |█                                                                                                    |  0/1 Time: 0:09:48 0.00% |█                                                                                                    |  0/1 Time: 0:09:49 0.00% |█                                                                                                    |  0/1 Time: 0:09:50 0.00% |█                                                                                                    |  0/1 Time: 0:09:512019-10-10 01:25:46,313 [java.util.concurrent.ThreadPoolExecutor$Worker@28530ecb[State = -1, empty queue]] ERROR client.GrpcClientProtocolClient (GrpcClientProtocolClient.java:close(148)) - Unexpected exception while waiting for channel termination
java.lang.InterruptedException
	at java.util.concurrent.locks.AbstractQueuedSynchronizer.tryAcquireSharedNanos(AbstractQueuedSynchronizer.java:1326)
	at java.util.concurrent.CountDownLatch.await(CountDownLatch.java:277)
	at org.apache.ratis.thirdparty.io.grpc.internal.ManagedChannelImpl.awaitTermination(ManagedChannelImpl.java:763)
	at org.apache.ratis.thirdparty.io.grpc.internal.ForwardingManagedChannel.awaitTermination(ForwardingManagedChannel.java:57)
	at org.apache.ratis.thirdparty.io.grpc.internal.ManagedChannelOrphanWrapper.awaitTermination(ManagedChannelOrphanWrapper.java:70)
	at org.apache.ratis.grpc.client.GrpcClientProtocolClient.close(GrpcClientProtocolClient.java:146)
	at org.apache.ratis.util.PeerProxyMap$PeerAndProxy.lambda$close$1(PeerProxyMap.java:74)
	at org.apache.ratis.util.LifeCycle.lambda$checkStateAndClose$2(LifeCycle.java:231)
	at org.apache.ratis.util.LifeCycle.checkStateAndClose(LifeCycle.java:251)
	at org.apache.ratis.util.LifeCycle.checkStateAndClose(LifeCycle.java:229)
	at org.apache.ratis.util.PeerProxyMap$PeerAndProxy.close(PeerProxyMap.java:70)
	at org.apache.ratis.util.PeerProxyMap.resetProxy(PeerProxyMap.java:127)
	at org.apache.ratis.util.PeerProxyMap.handleException(PeerProxyMap.java:136)
	at org.apache.ratis.client.impl.RaftClientRpcWithProxy.handleException(RaftClientRpcWithProxy.java:47)
	at org.apache.ratis.client.impl.RaftClientImpl.handleIOException(RaftClientImpl.java:372)
	at org.apache.ratis.client.impl.OrderedAsync.lambda$sendRequest$10(OrderedAsync.java:236)
	at java.util.concurrent.CompletableFuture.uniExceptionally(CompletableFuture.java:870)
	at java.util.concurrent.CompletableFuture$UniExceptionally.tryFire(CompletableFuture.java:852)
	at java.util.concurrent.CompletableFuture.postComplete(CompletableFuture.java:474)
	at java.util.concurrent.CompletableFuture.completeExceptionally(CompletableFuture.java:1977)
	at org.apache.ratis.grpc.client.GrpcClientProtocolClient$AsyncStreamObservers.lambda$timeoutCheck$3(GrpcClientProtocolClient.java:324)
	at java.util.Optional.ifPresent(Optional.java:159)
	at org.apache.ratis.grpc.client.GrpcClientProtocolClient$AsyncStreamObservers.handleReplyFuture(GrpcClientProtocolClient.java:329)
	at org.apache.ratis.grpc.client.GrpcClientProtocolClient$AsyncStreamObservers.timeoutCheck(GrpcClientProtocolClient.java:324)
	at org.apache.ratis.grpc.client.GrpcClientProtocolClient$AsyncStreamObservers.lambda$onNext$1(GrpcClientProtocolClient.java:318)
	at org.apache.ratis.util.TimeoutScheduler.lambda$onTimeout$0(TimeoutScheduler.java:113)
	at org.apache.ratis.util.TimeoutScheduler.lambda$onTimeout$1(TimeoutScheduler.java:133)
	at org.apache.ratis.util.LogUtils.runAndLog(LogUtils.java:50)
	at org.apache.ratis.util.LogUtils$1.run(LogUtils.java:91)
	at java.util.concurrent.Executors$RunnableAdapter.call(Executors.java:511)
	at java.util.concurrent.FutureTask.run(FutureTask.java:266)
	at java.util.concurrent.ScheduledThreadPoolExecutor$ScheduledFutureTask.access$201(ScheduledThreadPoolExecutor.java:180)
	at java.util.concurrent.ScheduledThreadPoolExecutor$ScheduledFutureTask.run(ScheduledThreadPoolExecutor.java:293)
	at java.util.concurrent.ThreadPoolExecutor.runWorker(ThreadPoolExecutor.java:1149)
	at java.util.concurrent.ThreadPoolExecutor$Worker.run(ThreadPoolExecutor.java:624)
	at java.lang.Thread.run(Thread.java:748)
2019-10-10 01:25:46,314 [java.util.concurrent.ThreadPoolExecutor$Worker@28530ecb[State = -1, empty queue]] WARN  util.TimeoutScheduler (LogUtils.java:runAndLog(55)) - Failed to task #0: java.lang.NullPointerException
 0.00% |█                                                                                                    |  0/1 Time: 0:09:52 0.00% |█                                                                                                    |  0/1 Time: 0:09:53 0.00% |█                                                                                                    |  0/1 Time: 0:09:54 0.00% |█                                                                                                    |  0/1 Time: 0:09:552019-10-10 01:25:50,349 [java.util.concurrent.ThreadPoolExecutor$Worker@1f8117f7[State = -1, empty queue]] ERROR client.GrpcClientProtocolClient (GrpcClientProtocolClient.java:close(148)) - Unexpected exception while waiting for channel termination
java.lang.InterruptedException
	at java.util.concurrent.locks.AbstractQueuedSynchronizer.tryAcquireSharedNanos(AbstractQueuedSynchronizer.java:1326)
	at java.util.concurrent.CountDownLatch.await(CountDownLatch.java:277)
	at org.apache.ratis.thirdparty.io.grpc.internal.ManagedChannelImpl.awaitTermination(ManagedChannelImpl.java:763)
	at org.apache.ratis.thirdparty.io.grpc.internal.ForwardingManagedChannel.awaitTermination(ForwardingManagedChannel.java:57)
	at org.apache.ratis.thirdparty.io.grpc.internal.ManagedChannelOrphanWrapper.awaitTermination(ManagedChannelOrphanWrapper.java:70)
	at org.apache.ratis.grpc.client.GrpcClientProtocolClient.close(GrpcClientProtocolClient.java:146)
	at org.apache.ratis.util.PeerProxyMap$PeerAndProxy.lambda$close$1(PeerProxyMap.java:74)
	at org.apache.ratis.util.LifeCycle.lambda$checkStateAndClose$2(LifeCycle.java:231)
	at org.apache.ratis.util.LifeCycle.checkStateAndClose(LifeCycle.java:251)
	at org.apache.ratis.util.LifeCycle.checkStateAndClose(LifeCycle.java:229)
	at org.apache.ratis.util.PeerProxyMap$PeerAndProxy.close(PeerProxyMap.java:70)
	at org.apache.ratis.util.PeerProxyMap.resetProxy(PeerProxyMap.java:127)
	at org.apache.ratis.util.PeerProxyMap.handleException(PeerProxyMap.java:136)
	at org.apache.ratis.client.impl.RaftClientRpcWithProxy.handleException(RaftClientRpcWithProxy.java:47)
	at org.apache.ratis.client.impl.RaftClientImpl.handleIOException(RaftClientImpl.java:372)
	at org.apache.ratis.client.impl.OrderedAsync.lambda$sendRequest$10(OrderedAsync.java:236)
	at java.util.concurrent.CompletableFuture.uniExceptionally(CompletableFuture.java:870)
	at java.util.concurrent.CompletableFuture$UniExceptionally.tryFire(CompletableFuture.java:852)
	at java.util.concurrent.CompletableFuture.postComplete(CompletableFuture.java:474)
	at java.util.concurrent.CompletableFuture.completeExceptionally(CompletableFuture.java:1977)
	at org.apache.ratis.grpc.client.GrpcClientProtocolClient$AsyncStreamObservers.lambda$timeoutCheck$3(GrpcClientProtocolClient.java:324)
	at java.util.Optional.ifPresent(Optional.java:159)
	at org.apache.ratis.grpc.client.GrpcClientProtocolClient$AsyncStreamObservers.handleReplyFuture(GrpcClientProtocolClient.java:329)
	at org.apache.ratis.grpc.client.GrpcClientProtocolClient$AsyncStreamObservers.timeoutCheck(GrpcClientProtocolClient.java:324)
	at org.apache.ratis.grpc.client.GrpcClientProtocolClient$AsyncStreamObservers.lambda$onNext$1(GrpcClientProtocolClient.java:318)
	at org.apache.ratis.util.TimeoutScheduler.lambda$onTimeout$0(TimeoutScheduler.java:113)
	at org.apache.ratis.util.TimeoutScheduler.lambda$onTimeout$1(TimeoutScheduler.java:133)
	at org.apache.ratis.util.LogUtils.runAndLog(LogUtils.java:50)
	at org.apache.ratis.util.LogUtils$1.run(LogUtils.java:91)
	at java.util.concurrent.Executors$RunnableAdapter.call(Executors.java:511)
	at java.util.concurrent.FutureTask.run(FutureTask.java:266)
	at java.util.concurrent.ScheduledThreadPoolExecutor$ScheduledFutureTask.access$201(ScheduledThreadPoolExecutor.java:180)
	at java.util.concurrent.ScheduledThreadPoolExecutor$ScheduledFutureTask.run(ScheduledThreadPoolExecutor.java:293)
	at java.util.concurrent.ThreadPoolExecutor.runWorker(ThreadPoolExecutor.java:1149)
	at java.util.concurrent.ThreadPoolExecutor$Worker.run(ThreadPoolExecutor.java:624)
	at java.lang.Thread.run(Thread.java:748)
2019-10-10 01:25:50,350 [java.util.concurrent.ThreadPoolExecutor$Worker@1f8117f7[State = -1, empty queue]] WARN  util.TimeoutScheduler (LogUtils.java:runAndLog(55)) - Failed to task #0: java.lang.NullPointerException
 0.00% |█                                                                                                    |  0/1 Time: 0:09:56 0.00% |█                                                                                                    |  0/1 Time: 0:09:57 0.00% |█                                                                                                    |  0/1 Time: 0:09:58 0.00% |█                                                                                                    |  0/1 Time: 0:09:592019-10-10 01:25:54,396 [java.util.concurrent.ThreadPoolExecutor$Worker@c43aa1[State = -1, empty queue]] ERROR client.GrpcClientProtocolClient (GrpcClientProtocolClient.java:close(148)) - Unexpected exception while waiting for channel termination
java.lang.InterruptedException
	at java.util.concurrent.locks.AbstractQueuedSynchronizer.tryAcquireSharedNanos(AbstractQueuedSynchronizer.java:1326)
	at java.util.concurrent.CountDownLatch.await(CountDownLatch.java:277)
	at org.apache.ratis.thirdparty.io.grpc.internal.ManagedChannelImpl.awaitTermination(ManagedChannelImpl.java:763)
	at org.apache.ratis.thirdparty.io.grpc.internal.ForwardingManagedChannel.awaitTermination(ForwardingManagedChannel.java:57)
	at org.apache.ratis.thirdparty.io.grpc.internal.ManagedChannelOrphanWrapper.awaitTermination(ManagedChannelOrphanWrapper.java:70)
	at org.apache.ratis.grpc.client.GrpcClientProtocolClient.close(GrpcClientProtocolClient.java:146)
	at org.apache.ratis.util.PeerProxyMap$PeerAndProxy.lambda$close$1(PeerProxyMap.java:74)
	at org.apache.ratis.util.LifeCycle.lambda$checkStateAndClose$2(LifeCycle.java:231)
	at org.apache.ratis.util.LifeCycle.checkStateAndClose(LifeCycle.java:251)
	at org.apache.ratis.util.LifeCycle.checkStateAndClose(LifeCycle.java:229)
	at org.apache.ratis.util.PeerProxyMap$PeerAndProxy.close(PeerProxyMap.java:70)
	at org.apache.ratis.util.PeerProxyMap.resetProxy(PeerProxyMap.java:127)
	at org.apache.ratis.util.PeerProxyMap.handleException(PeerProxyMap.java:136)
	at org.apache.ratis.client.impl.RaftClientRpcWithProxy.handleException(RaftClientRpcWithProxy.java:47)
	at org.apache.ratis.client.impl.RaftClientImpl.handleIOException(RaftClientImpl.java:372)
	at org.apache.ratis.client.impl.OrderedAsync.lambda$sendRequest$10(OrderedAsync.java:236)
	at java.util.concurrent.CompletableFuture.uniExceptionally(CompletableFuture.java:870)
	at java.util.concurrent.CompletableFuture$UniExceptionally.tryFire(CompletableFuture.java:852)
	at java.util.concurrent.CompletableFuture.postComplete(CompletableFuture.java:474)
	at java.util.concurrent.CompletableFuture.completeExceptionally(CompletableFuture.java:1977)
	at org.apache.ratis.grpc.client.GrpcClientProtocolClient$AsyncStreamObservers.lambda$timeoutCheck$3(GrpcClientProtocolClient.java:324)
	at java.util.Optional.ifPresent(Optional.java:159)
	at org.apache.ratis.grpc.client.GrpcClientProtocolClient$AsyncStreamObservers.handleReplyFuture(GrpcClientProtocolClient.java:329)
	at org.apache.ratis.grpc.client.GrpcClientProtocolClient$AsyncStreamObservers.timeoutCheck(GrpcClientProtocolClient.java:324)
	at org.apache.ratis.grpc.client.GrpcClientProtocolClient$AsyncStreamObservers.lambda$onNext$1(GrpcClientProtocolClient.java:318)
	at org.apache.ratis.util.TimeoutScheduler.lambda$onTimeout$0(TimeoutScheduler.java:113)
	at org.apache.ratis.util.TimeoutScheduler.lambda$onTimeout$1(TimeoutScheduler.java:133)
	at org.apache.ratis.util.LogUtils.runAndLog(LogUtils.java:50)
	at org.apache.ratis.util.LogUtils$1.run(LogUtils.java:91)
	at java.util.concurrent.Executors$RunnableAdapter.call(Executors.java:511)
	at java.util.concurrent.FutureTask.run(FutureTask.java:266)
	at java.util.concurrent.ScheduledThreadPoolExecutor$ScheduledFutureTask.access$201(ScheduledThreadPoolExecutor.java:180)
	at java.util.concurrent.ScheduledThreadPoolExecutor$ScheduledFutureTask.run(ScheduledThreadPoolExecutor.java:293)
	at java.util.concurrent.ThreadPoolExecutor.runWorker(ThreadPoolExecutor.java:1149)
	at java.util.concurrent.ThreadPoolExecutor$Worker.run(ThreadPoolExecutor.java:624)
	at java.lang.Thread.run(Thread.java:748)
2019-10-10 01:25:54,400 [java.util.concurrent.ThreadPoolExecutor$Worker@c43aa1[State = -1, empty queue]] WARN  util.TimeoutScheduler (LogUtils.java:runAndLog(55)) - Failed to task #0: java.lang.NullPointerException
2019-10-10 01:25:54,404 [grpc-default-executor-10] INFO  impl.RaftServerProxy (RaftServerProxy.java:addNew(89)) - 993817e1-c77a-472e-865f-a6e34ffe7967: addNew group-A20FF7CF4119:[4b92f2f8-e489-47a4-a90a-1d3fa2a9a07f:192.168.151.118:35849, 993817e1-c77a-472e-865f-a6e34ffe7967:192.168.151.118:41261, fe8e0d95-22db-4b8a-875e-83bee4d716fb:192.168.151.118:34352] returns group-A20FF7CF4119:java.util.concurrent.CompletableFuture@164abbd7[Not completed]
2019-10-10 01:25:54,406 [grpc-default-executor-17] INFO  impl.RaftServerProxy (RaftServerProxy.java:addNew(89)) - 4b92f2f8-e489-47a4-a90a-1d3fa2a9a07f: addNew group-A20FF7CF4119:[4b92f2f8-e489-47a4-a90a-1d3fa2a9a07f:192.168.151.118:35849, 993817e1-c77a-472e-865f-a6e34ffe7967:192.168.151.118:41261, fe8e0d95-22db-4b8a-875e-83bee4d716fb:192.168.151.118:34352] returns group-A20FF7CF4119:java.util.concurrent.CompletableFuture@6d1e12c1[Not completed]
2019-10-10 01:25:54,404 [grpc-default-executor-19] INFO  impl.RaftServerProxy (RaftServerProxy.java:addNew(89)) - fe8e0d95-22db-4b8a-875e-83bee4d716fb: addNew group-A20FF7CF4119:[4b92f2f8-e489-47a4-a90a-1d3fa2a9a07f:192.168.151.118:35849, 993817e1-c77a-472e-865f-a6e34ffe7967:192.168.151.118:41261, fe8e0d95-22db-4b8a-875e-83bee4d716fb:192.168.151.118:34352] returns group-A20FF7CF4119:java.util.concurrent.CompletableFuture@60eded6b[Not completed]
2019-10-10 01:25:54,409 [pool-27-thread-1] INFO  impl.RaftServerImpl (RaftServerImpl.java:<init>(95)) - 993817e1-c77a-472e-865f-a6e34ffe7967: new RaftServerImpl for group-A20FF7CF4119:[4b92f2f8-e489-47a4-a90a-1d3fa2a9a07f:192.168.151.118:35849, 993817e1-c77a-472e-865f-a6e34ffe7967:192.168.151.118:41261, fe8e0d95-22db-4b8a-875e-83bee4d716fb:192.168.151.118:34352] with ContainerStateMachine:uninitialized
2019-10-10 01:25:54,410 [pool-27-thread-1] INFO  server.RaftServerConfigKeys (ConfUtils.java:logGet(43)) - raft.server.rpc.timeout.min = 5s (custom)
2019-10-10 01:25:54,410 [pool-27-thread-1] INFO  server.RaftServerConfigKeys (ConfUtils.java:logGet(43)) - raft.server.rpc.timeout.max = 5200ms (custom)
2019-10-10 01:25:54,410 [pool-67-thread-1] INFO  impl.RaftServerImpl (RaftServerImpl.java:<init>(95)) - 4b92f2f8-e489-47a4-a90a-1d3fa2a9a07f: new RaftServerImpl for group-A20FF7CF4119:[4b92f2f8-e489-47a4-a90a-1d3fa2a9a07f:192.168.151.118:35849, 993817e1-c77a-472e-865f-a6e34ffe7967:192.168.151.118:41261, fe8e0d95-22db-4b8a-875e-83bee4d716fb:192.168.151.118:34352] with ContainerStateMachine:uninitialized
2019-10-10 01:25:54,410 [pool-27-thread-1] INFO  server.RaftServerConfigKeys (ConfUtils.java:logGet(43)) - raft.server.rpcslowness.timeout = 120s (custom)
2019-10-10 01:25:54,410 [pool-67-thread-1] INFO  server.RaftServerConfigKeys (ConfUtils.java:logGet(43)) - raft.server.rpc.timeout.min = 5s (custom)
2019-10-10 01:25:54,410 [pool-27-thread-1] INFO  server.RaftServerConfigKeys (ConfUtils.java:logGet(43)) - raft.server.sleep.deviation.threshold = 300 (default)
2019-10-10 01:25:54,410 [pool-67-thread-1] INFO  server.RaftServerConfigKeys (ConfUtils.java:logGet(43)) - raft.server.rpc.timeout.max = 5200ms (custom)
2019-10-10 01:25:54,411 [pool-27-thread-1] INFO  server.RaftServerConfigKeys (ConfUtils.java:logGet(43)) - raft.server.log.appender.install.snapshot.enabled = false (custom)
2019-10-10 01:25:54,411 [pool-47-thread-1] INFO  impl.RaftServerImpl (RaftServerImpl.java:<init>(95)) - fe8e0d95-22db-4b8a-875e-83bee4d716fb: new RaftServerImpl for group-A20FF7CF4119:[4b92f2f8-e489-47a4-a90a-1d3fa2a9a07f:192.168.151.118:35849, 993817e1-c77a-472e-865f-a6e34ffe7967:192.168.151.118:41261, fe8e0d95-22db-4b8a-875e-83bee4d716fb:192.168.151.118:34352] with ContainerStateMachine:uninitialized
2019-10-10 01:25:54,411 [pool-67-thread-1] INFO  server.RaftServerConfigKeys (ConfUtils.java:logGet(43)) - raft.server.rpcslowness.timeout = 120s (custom)
2019-10-10 01:25:54,411 [pool-47-thread-1] INFO  server.RaftServerConfigKeys (ConfUtils.java:logGet(43)) - raft.server.rpc.timeout.min = 5s (custom)
2019-10-10 01:25:54,411 [pool-27-thread-1] INFO  impl.RaftServerImpl (ServerState.java:<init>(103)) - 993817e1-c77a-472e-865f-a6e34ffe7967@group-A20FF7CF4119: ConfigurationManager, init=-1: [4b92f2f8-e489-47a4-a90a-1d3fa2a9a07f:192.168.151.118:35849, 993817e1-c77a-472e-865f-a6e34ffe7967:192.168.151.118:41261, fe8e0d95-22db-4b8a-875e-83bee4d716fb:192.168.151.118:34352], old=null, confs=<EMPTY_MAP>
2019-10-10 01:25:54,412 [pool-47-thread-1] INFO  server.RaftServerConfigKeys (ConfUtils.java:logGet(43)) - raft.server.rpc.timeout.max = 5200ms (custom)
2019-10-10 01:25:54,411 [pool-67-thread-1] INFO  server.RaftServerConfigKeys (ConfUtils.java:logGet(43)) - raft.server.sleep.deviation.threshold = 300 (default)
2019-10-10 01:25:54,412 [pool-27-thread-1] INFO  server.RaftServerConfigKeys (ConfUtils.java:logGet(43)) - raft.server.storage.dir = [/workdir/hadoop-ozone/tools/target/test-dir/MiniOzoneClusterImpl-1e8b0e80-279c-49c4-ae13-42ed318b6149/datanode-0/data/ratis] (custom)
2019-10-10 01:25:54,412 [pool-47-thread-1] INFO  server.RaftServerConfigKeys (ConfUtils.java:logGet(43)) - raft.server.rpcslowness.timeout = 120s (custom)
2019-10-10 01:25:54,412 [pool-67-thread-1] INFO  server.RaftServerConfigKeys (ConfUtils.java:logGet(43)) - raft.server.log.appender.install.snapshot.enabled = false (custom)
2019-10-10 01:25:54,412 [pool-47-thread-1] INFO  server.RaftServerConfigKeys (ConfUtils.java:logGet(43)) - raft.server.sleep.deviation.threshold = 300 (default)
2019-10-10 01:25:54,413 [pool-67-thread-1] INFO  impl.RaftServerImpl (ServerState.java:<init>(103)) - 4b92f2f8-e489-47a4-a90a-1d3fa2a9a07f@group-A20FF7CF4119: ConfigurationManager, init=-1: [4b92f2f8-e489-47a4-a90a-1d3fa2a9a07f:192.168.151.118:35849, 993817e1-c77a-472e-865f-a6e34ffe7967:192.168.151.118:41261, fe8e0d95-22db-4b8a-875e-83bee4d716fb:192.168.151.118:34352], old=null, confs=<EMPTY_MAP>
2019-10-10 01:25:54,413 [pool-27-thread-1] INFO  server.RaftServerConfigKeys (ConfUtils.java:logGet(43)) - raft.server.log.corruption.policy = EXCEPTION (default)
2019-10-10 01:25:54,413 [pool-67-thread-1] INFO  server.RaftServerConfigKeys (ConfUtils.java:logGet(43)) - raft.server.storage.dir = [/workdir/hadoop-ozone/tools/target/test-dir/MiniOzoneClusterImpl-1e8b0e80-279c-49c4-ae13-42ed318b6149/datanode-4/data/ratis] (custom)
2019-10-10 01:25:54,413 [pool-47-thread-1] INFO  server.RaftServerConfigKeys (ConfUtils.java:logGet(43)) - raft.server.log.appender.install.snapshot.enabled = false (custom)
2019-10-10 01:25:54,413 [pool-27-thread-1] INFO  storage.RaftStorageDirectory (RaftStorageDirectory.java:analyzeStorage(246)) - The storage directory /workdir/hadoop-ozone/tools/target/test-dir/MiniOzoneClusterImpl-1e8b0e80-279c-49c4-ae13-42ed318b6149/datanode-0/data/ratis/8094cf12-8a89-433b-9dc2-a20ff7cf4119 does not exist. Creating ...
2019-10-10 01:25:54,413 [pool-47-thread-1] INFO  impl.RaftServerImpl (ServerState.java:<init>(103)) - fe8e0d95-22db-4b8a-875e-83bee4d716fb@group-A20FF7CF4119: ConfigurationManager, init=-1: [4b92f2f8-e489-47a4-a90a-1d3fa2a9a07f:192.168.151.118:35849, 993817e1-c77a-472e-865f-a6e34ffe7967:192.168.151.118:41261, fe8e0d95-22db-4b8a-875e-83bee4d716fb:192.168.151.118:34352], old=null, confs=<EMPTY_MAP>
2019-10-10 01:25:54,413 [pool-67-thread-1] INFO  server.RaftServerConfigKeys (ConfUtils.java:logGet(43)) - raft.server.log.corruption.policy = EXCEPTION (default)
2019-10-10 01:25:54,414 [pool-47-thread-1] INFO  server.RaftServerConfigKeys (ConfUtils.java:logGet(43)) - raft.server.storage.dir = [/workdir/hadoop-ozone/tools/target/test-dir/MiniOzoneClusterImpl-1e8b0e80-279c-49c4-ae13-42ed318b6149/datanode-2/data/ratis] (custom)
2019-10-10 01:25:54,414 [pool-67-thread-1] INFO  storage.RaftStorageDirectory (RaftStorageDirectory.java:analyzeStorage(246)) - The storage directory /workdir/hadoop-ozone/tools/target/test-dir/MiniOzoneClusterImpl-1e8b0e80-279c-49c4-ae13-42ed318b6149/datanode-4/data/ratis/8094cf12-8a89-433b-9dc2-a20ff7cf4119 does not exist. Creating ...
2019-10-10 01:25:54,414 [pool-47-thread-1] INFO  server.RaftServerConfigKeys (ConfUtils.java:logGet(43)) - raft.server.log.corruption.policy = EXCEPTION (default)
2019-10-10 01:25:54,414 [pool-47-thread-1] INFO  storage.RaftStorageDirectory (RaftStorageDirectory.java:analyzeStorage(246)) - The storage directory /workdir/hadoop-ozone/tools/target/test-dir/MiniOzoneClusterImpl-1e8b0e80-279c-49c4-ae13-42ed318b6149/datanode-2/data/ratis/8094cf12-8a89-433b-9dc2-a20ff7cf4119 does not exist. Creating ...
 0.00% |█                                                                                                    |  0/1 Time: 0:10:002019-10-10 01:25:55,659 [ReplicationMonitor] INFO  container.ReplicationManager (ReplicationManager.java:sendDeleteCommand(704)) - Sending delete container command for container #5 to datanode fe8e0d95-22db-4b8a-875e-83bee4d716fb{ip: 192.168.151.118, host: pr-hdds-2194-jqrdw-3579824535, networkLocation: /default-rack, certSerialId: null}
2019-10-10 01:25:55,663 [ReplicationMonitor] INFO  container.ReplicationManager (ReplicationManager.java:sendDeleteCommand(704)) - Sending delete container command for container #6 to datanode 4b92f2f8-e489-47a4-a90a-1d3fa2a9a07f{ip: 192.168.151.118, host: pr-hdds-2194-jqrdw-3579824535, networkLocation: /default-rack, certSerialId: null}
2019-10-10 01:25:55,663 [ReplicationMonitor] INFO  container.ReplicationManager (ReplicationManager.java:forceCloseContainer(464)) - Force closing container #7 with BCSID 0, which is in QUASI_CLOSED state.
2019-10-10 01:25:55,663 [ReplicationMonitor] INFO  container.ReplicationManager (ReplicationManager.java:sendCloseCommand(659)) - Sending close container command for container #7 to datanode 4b92f2f8-e489-47a4-a90a-1d3fa2a9a07f{ip: 192.168.151.118, host: pr-hdds-2194-jqrdw-3579824535, networkLocation: /default-rack, certSerialId: null}.
2019-10-10 01:25:55,663 [ReplicationMonitor] INFO  container.ReplicationManager (ReplicationManager.java:sendCloseCommand(659)) - Sending close container command for container #7 to datanode 993817e1-c77a-472e-865f-a6e34ffe7967{ip: 192.168.151.118, host: pr-hdds-2194-jqrdw-3579824535, networkLocation: /default-rack, certSerialId: null}.
2019-10-10 01:25:55,664 [ReplicationMonitor] INFO  container.ReplicationManager (ReplicationManager.java:forceCloseContainer(464)) - Force closing container #8 with BCSID 0, which is in QUASI_CLOSED state.
2019-10-10 01:25:55,664 [ReplicationMonitor] INFO  container.ReplicationManager (ReplicationManager.java:sendCloseCommand(659)) - Sending close container command for container #8 to datanode 993817e1-c77a-472e-865f-a6e34ffe7967{ip: 192.168.151.118, host: pr-hdds-2194-jqrdw-3579824535, networkLocation: /default-rack, certSerialId: null}.
2019-10-10 01:25:55,664 [ReplicationMonitor] INFO  container.ReplicationManager (ReplicationManager.java:sendCloseCommand(659)) - Sending close container command for container #8 to datanode fe8e0d95-22db-4b8a-875e-83bee4d716fb{ip: 192.168.151.118, host: pr-hdds-2194-jqrdw-3579824535, networkLocation: /default-rack, certSerialId: null}.
2019-10-10 01:25:55,664 [ReplicationMonitor] INFO  container.ReplicationManager (ReplicationManager.java:forceCloseContainer(464)) - Force closing container #9 with BCSID 0, which is in QUASI_CLOSED state.
2019-10-10 01:25:55,664 [ReplicationMonitor] INFO  container.ReplicationManager (ReplicationManager.java:sendCloseCommand(659)) - Sending close container command for container #9 to datanode 4b92f2f8-e489-47a4-a90a-1d3fa2a9a07f{ip: 192.168.151.118, host: pr-hdds-2194-jqrdw-3579824535, networkLocation: /default-rack, certSerialId: null}.
2019-10-10 01:25:55,664 [ReplicationMonitor] INFO  container.ReplicationManager (ReplicationManager.java:sendCloseCommand(659)) - Sending close container command for container #9 to datanode fe8e0d95-22db-4b8a-875e-83bee4d716fb{ip: 192.168.151.118, host: pr-hdds-2194-jqrdw-3579824535, networkLocation: /default-rack, certSerialId: null}.
2019-10-10 01:25:55,665 [ReplicationMonitor] INFO  container.ReplicationManager (ReplicationManager.java:forceCloseContainer(464)) - Force closing container #10 with BCSID 0, which is in QUASI_CLOSED state.
2019-10-10 01:25:55,665 [ReplicationMonitor] INFO  container.ReplicationManager (ReplicationManager.java:sendCloseCommand(659)) - Sending close container command for container #10 to datanode 993817e1-c77a-472e-865f-a6e34ffe7967{ip: 192.168.151.118, host: pr-hdds-2194-jqrdw-3579824535, networkLocation: /default-rack, certSerialId: null}.
2019-10-10 01:25:55,665 [ReplicationMonitor] INFO  container.ReplicationManager (ReplicationManager.java:sendCloseCommand(659)) - Sending close container command for container #10 to datanode fe8e0d95-22db-4b8a-875e-83bee4d716fb{ip: 192.168.151.118, host: pr-hdds-2194-jqrdw-3579824535, networkLocation: /default-rack, certSerialId: null}.
2019-10-10 01:25:55,665 [ReplicationMonitor] INFO  container.ReplicationManager (ReplicationManager.java:sendCloseCommand(659)) - Sending close container command for container #11 to datanode 4b92f2f8-e489-47a4-a90a-1d3fa2a9a07f{ip: 192.168.151.118, host: pr-hdds-2194-jqrdw-3579824535, networkLocation: /default-rack, certSerialId: null}.
2019-10-10 01:25:55,665 [ReplicationMonitor] INFO  container.ReplicationManager (ReplicationManager.java:sendCloseCommand(659)) - Sending close container command for container #11 to datanode fe8e0d95-22db-4b8a-875e-83bee4d716fb{ip: 192.168.151.118, host: pr-hdds-2194-jqrdw-3579824535, networkLocation: /default-rack, certSerialId: null}.
2019-10-10 01:25:55,665 [ReplicationMonitor] INFO  container.ReplicationManager (ReplicationManager.java:sendCloseCommand(659)) - Sending close container command for container #11 to datanode 993817e1-c77a-472e-865f-a6e34ffe7967{ip: 192.168.151.118, host: pr-hdds-2194-jqrdw-3579824535, networkLocation: /default-rack, certSerialId: null}.
2019-10-10 01:25:55,666 [ReplicationMonitor] INFO  container.ReplicationManager (ReplicationManager.java:sendDeleteCommand(704)) - Sending delete container command for container #1 to datanode 4b92f2f8-e489-47a4-a90a-1d3fa2a9a07f{ip: 192.168.151.118, host: pr-hdds-2194-jqrdw-3579824535, networkLocation: /default-rack, certSerialId: null}
2019-10-10 01:25:55,666 [ReplicationMonitor] INFO  container.ReplicationManager (ReplicationManager.java:sendDeleteCommand(704)) - Sending delete container command for container #4 to datanode 4b92f2f8-e489-47a4-a90a-1d3fa2a9a07f{ip: 192.168.151.118, host: pr-hdds-2194-jqrdw-3579824535, networkLocation: /default-rack, certSerialId: null}
2019-10-10 01:25:55,666 [ReplicationMonitor] INFO  container.ReplicationManager (ReplicationManager.java:run(225)) - Replication Monitor Thread took 14 milliseconds for processing 11 containers.
 0.00% |█                                                                                                    |  0/1 Time: 0:10:01 0.00% |█                                                                                                    |  0/1 Time: 0:10:022019-10-10 01:25:57,044 [Command processor thread] INFO  interfaces.Container (KeyValueContainer.java:flushAndSyncDB(386)) - Container 7 is synced with bcsId 0.
2019-10-10 01:25:57,045 [Command processor thread] INFO  interfaces.Container (KeyValueContainer.java:flushAndSyncDB(386)) - Container 7 is synced with bcsId 0.
2019-10-10 01:25:57,271 [pool-67-thread-1] INFO  storage.RaftStorageDirectory (RaftStorageDirectory.java:tryLock(328)) - Lock on /workdir/hadoop-ozone/tools/target/test-dir/MiniOzoneClusterImpl-1e8b0e80-279c-49c4-ae13-42ed318b6149/datanode-4/data/ratis/8094cf12-8a89-433b-9dc2-a20ff7cf4119/in_use.lock acquired by nodename 12932@pr-hdds-2194-jqrdw-3579824535
2019-10-10 01:25:57,271 [pool-27-thread-1] INFO  storage.RaftStorageDirectory (RaftStorageDirectory.java:tryLock(328)) - Lock on /workdir/hadoop-ozone/tools/target/test-dir/MiniOzoneClusterImpl-1e8b0e80-279c-49c4-ae13-42ed318b6149/datanode-0/data/ratis/8094cf12-8a89-433b-9dc2-a20ff7cf4119/in_use.lock acquired by nodename 12932@pr-hdds-2194-jqrdw-3579824535
2019-10-10 01:25:57,271 [pool-47-thread-1] INFO  storage.RaftStorageDirectory (RaftStorageDirectory.java:tryLock(328)) - Lock on /workdir/hadoop-ozone/tools/target/test-dir/MiniOzoneClusterImpl-1e8b0e80-279c-49c4-ae13-42ed318b6149/datanode-2/data/ratis/8094cf12-8a89-433b-9dc2-a20ff7cf4119/in_use.lock acquired by nodename 12932@pr-hdds-2194-jqrdw-3579824535
2019-10-10 01:25:57,271 [Command processor thread] INFO  interfaces.Container (KeyValueContainer.java:close(335)) - Container 7 is closed with bcsId 0.
2019-10-10 01:25:57,272 [Command processor thread] INFO  interfaces.Container (KeyValueContainer.java:flushAndSyncDB(386)) - Container 8 is synced with bcsId 0.
2019-10-10 01:25:57,272 [Command processor thread] INFO  interfaces.Container (KeyValueContainer.java:flushAndSyncDB(386)) - Container 8 is synced with bcsId 0.
2019-10-10 01:25:57,273 [EventQueue-IncrementalContainerReportForIncrementalContainerReportHandler] INFO  container.IncrementalContainerReportHandler (AbstractContainerReportHandler.java:updateContainerState(204)) - Moving container #7 to CLOSED state, datanode 993817e1-c77a-472e-865f-a6e34ffe7967{ip: 192.168.151.118, host: pr-hdds-2194-jqrdw-3579824535, networkLocation: /default-rack, certSerialId: null} reported CLOSED replica.
2019-10-10 01:25:57,286 [pool-27-thread-1] INFO  storage.RaftStorage (RaftStorage.java:format(84)) - Storage directory /workdir/hadoop-ozone/tools/target/test-dir/MiniOzoneClusterImpl-1e8b0e80-279c-49c4-ae13-42ed318b6149/datanode-0/data/ratis/8094cf12-8a89-433b-9dc2-a20ff7cf4119 has been successfully formatted.
2019-10-10 01:25:57,286 [Command processor thread] INFO  interfaces.Container (KeyValueContainer.java:close(335)) - Container 8 is closed with bcsId 0.
2019-10-10 01:25:57,286 [pool-67-thread-1] INFO  storage.RaftStorage (RaftStorage.java:format(84)) - Storage directory /workdir/hadoop-ozone/tools/target/test-dir/MiniOzoneClusterImpl-1e8b0e80-279c-49c4-ae13-42ed318b6149/datanode-4/data/ratis/8094cf12-8a89-433b-9dc2-a20ff7cf4119 has been successfully formatted.
2019-10-10 01:25:57,286 [Command processor thread] INFO  interfaces.Container (KeyValueContainer.java:flushAndSyncDB(386)) - Container 10 is synced with bcsId 0.
2019-10-10 01:25:57,286 [pool-47-thread-1] INFO  storage.RaftStorage (RaftStorage.java:format(84)) - Storage directory /workdir/hadoop-ozone/tools/target/test-dir/MiniOzoneClusterImpl-1e8b0e80-279c-49c4-ae13-42ed318b6149/datanode-2/data/ratis/8094cf12-8a89-433b-9dc2-a20ff7cf4119 has been successfully formatted.
2019-10-10 01:25:57,287 [Command processor thread] INFO  interfaces.Container (KeyValueContainer.java:flushAndSyncDB(386)) - Container 10 is synced with bcsId 0.
2019-10-10 01:25:57,287 [pool-47-thread-1] INFO  ratis.ContainerStateMachine (ContainerStateMachine.java:loadSnapshot(231)) - group-A20FF7CF4119: The snapshot info is null. Setting the last applied indexto:(t:0, i:~)
2019-10-10 01:25:57,286 [pool-67-thread-1] INFO  ratis.ContainerStateMachine (ContainerStateMachine.java:loadSnapshot(231)) - group-A20FF7CF4119: The snapshot info is null. Setting the last applied indexto:(t:0, i:~)
2019-10-10 01:25:57,287 [pool-47-thread-1] INFO  server.RaftServerConfigKeys (ConfUtils.java:logGet(43)) - raft.server.notification.no-leader.timeout = 120s (custom)
2019-10-10 01:25:57,286 [pool-27-thread-1] INFO  ratis.ContainerStateMachine (ContainerStateMachine.java:loadSnapshot(231)) - group-A20FF7CF4119: The snapshot info is null. Setting the last applied indexto:(t:0, i:~)
2019-10-10 01:25:57,287 [pool-47-thread-1] INFO  server.RaftServerConfigKeys (ConfUtils.java:logGet(43)) - raft.server.log.use.memory = false (default)
2019-10-10 01:25:57,287 [pool-67-thread-1] INFO  server.RaftServerConfigKeys (ConfUtils.java:logGet(43)) - raft.server.notification.no-leader.timeout = 120s (custom)
2019-10-10 01:25:57,287 [EventQueue-IncrementalContainerReportForIncrementalContainerReportHandler] INFO  container.IncrementalContainerReportHandler (AbstractContainerReportHandler.java:updateContainerState(204)) - Moving container #8 to CLOSED state, datanode 993817e1-c77a-472e-865f-a6e34ffe7967{ip: 192.168.151.118, host: pr-hdds-2194-jqrdw-3579824535, networkLocation: /default-rack, certSerialId: null} reported CLOSED replica.
2019-10-10 01:25:57,288 [pool-67-thread-1] INFO  server.RaftServerConfigKeys (ConfUtils.java:logGet(43)) - raft.server.log.use.memory = false (default)
2019-10-10 01:25:57,288 [pool-47-thread-1] INFO  server.RaftServerConfigKeys (ConfUtils.java:logGet(43)) - raft.server.log.purge.gap = 1000000 (custom)
2019-10-10 01:25:57,287 [pool-27-thread-1] INFO  server.RaftServerConfigKeys (ConfUtils.java:logGet(43)) - raft.server.notification.no-leader.timeout = 120s (custom)
2019-10-10 01:25:57,288 [pool-47-thread-1] INFO  server.RaftServerConfigKeys (ConfUtils.java:logGet(43)) - raft.server.log.appender.buffer.byte-limit = 33554432 (custom)
2019-10-10 01:25:57,288 [pool-67-thread-1] INFO  server.RaftServerConfigKeys (ConfUtils.java:logGet(43)) - raft.server.log.purge.gap = 1000000 (custom)
2019-10-10 01:25:57,289 [pool-47-thread-1] INFO  server.RaftServerConfigKeys (ConfUtils.java:logGet(43)) - raft.server.log.segment.size.max = 1048576 (custom)
2019-10-10 01:25:57,288 [pool-27-thread-1] INFO  server.RaftServerConfigKeys (ConfUtils.java:logGet(43)) - raft.server.log.use.memory = false (default)
2019-10-10 01:25:57,289 [pool-47-thread-1] INFO  server.RaftServerConfigKeys (ConfUtils.java:logGet(43)) - raft.server.log.segment.cache.num.max = 2 (custom)
2019-10-10 01:25:57,289 [pool-67-thread-1] INFO  server.RaftServerConfigKeys (ConfUtils.java:logGet(43)) - raft.server.log.appender.buffer.byte-limit = 33554432 (custom)
2019-10-10 01:25:57,289 [pool-47-thread-1] INFO  segmented.SegmentedRaftLogWorker (SegmentedRaftLogWorker.java:<init>(173)) - new fe8e0d95-22db-4b8a-875e-83bee4d716fb@group-A20FF7CF4119-SegmentedRaftLogWorker for RaftStorage:Storage Directory /workdir/hadoop-ozone/tools/target/test-dir/MiniOzoneClusterImpl-1e8b0e80-279c-49c4-ae13-42ed318b6149/datanode-2/data/ratis/8094cf12-8a89-433b-9dc2-a20ff7cf4119
2019-10-10 01:25:57,289 [pool-27-thread-1] INFO  server.RaftServerConfigKeys (ConfUtils.java:logGet(43)) - raft.server.log.purge.gap = 1000000 (custom)
2019-10-10 01:25:57,289 [pool-47-thread-1] INFO  server.RaftServerConfigKeys (ConfUtils.java:logGet(43)) - raft.server.log.queue.byte-limit = 2147483647 (custom)
2019-10-10 01:25:57,289 [pool-67-thread-1] INFO  server.RaftServerConfigKeys (ConfUtils.java:logGet(43)) - raft.server.log.segment.size.max = 1048576 (custom)
2019-10-10 01:25:57,290 [pool-47-thread-1] INFO  server.RaftServerConfigKeys (ConfUtils.java:logGet(43)) - raft.server.log.queue.element-limit = 1024 (custom)
2019-10-10 01:25:57,289 [pool-27-thread-1] INFO  server.RaftServerConfigKeys (ConfUtils.java:logGet(43)) - raft.server.log.appender.buffer.byte-limit = 33554432 (custom)
2019-10-10 01:25:57,290 [pool-47-thread-1] INFO  server.RaftServerConfigKeys (ConfUtils.java:logGet(43)) - raft.server.log.segment.size.max = 1048576 (custom)
2019-10-10 01:25:57,290 [pool-67-thread-1] INFO  server.RaftServerConfigKeys (ConfUtils.java:logGet(43)) - raft.server.log.segment.cache.num.max = 2 (custom)
2019-10-10 01:25:57,290 [pool-47-thread-1] INFO  server.RaftServerConfigKeys (ConfUtils.java:logGet(43)) - raft.server.log.preallocated.size = 16384 (custom)
2019-10-10 01:25:57,290 [pool-47-thread-1] INFO  server.RaftServerConfigKeys (ConfUtils.java:logGet(43)) - raft.server.log.write.buffer.size = 33554432 (custom)
2019-10-10 01:25:57,290 [pool-27-thread-1] INFO  server.RaftServerConfigKeys (ConfUtils.java:logGet(43)) - raft.server.log.segment.size.max = 1048576 (custom)
2019-10-10 01:25:57,291 [pool-47-thread-1] INFO  server.RaftServerConfigKeys (ConfUtils.java:logGet(43)) - raft.server.log.force.sync.num = 128 (default)
2019-10-10 01:25:57,290 [pool-67-thread-1] INFO  segmented.SegmentedRaftLogWorker (SegmentedRaftLogWorker.java:<init>(173)) - new 4b92f2f8-e489-47a4-a90a-1d3fa2a9a07f@group-A20FF7CF4119-SegmentedRaftLogWorker for RaftStorage:Storage Directory /workdir/hadoop-ozone/tools/target/test-dir/MiniOzoneClusterImpl-1e8b0e80-279c-49c4-ae13-42ed318b6149/datanode-4/data/ratis/8094cf12-8a89-433b-9dc2-a20ff7cf4119
2019-10-10 01:25:57,291 [pool-47-thread-1] INFO  server.RaftServerConfigKeys (ConfUtils.java:logGet(43)) - raft.server.log.statemachine.data.sync = true (default)
2019-10-10 01:25:57,291 [pool-47-thread-1] INFO  server.RaftServerConfigKeys (ConfUtils.java:logGet(43)) - raft.server.log.statemachine.data.sync.timeout = 10s (default)
2019-10-10 01:25:57,291 [pool-27-thread-1] INFO  server.RaftServerConfigKeys (ConfUtils.java:logGet(43)) - raft.server.log.segment.cache.num.max = 2 (custom)
2019-10-10 01:25:57,291 [pool-47-thread-1] INFO  server.RaftServerConfigKeys (ConfUtils.java:logGet(43)) - raft.server.log.statemachine.data.sync.timeout.retry = -1 (default)
2019-10-10 01:25:57,291 [pool-67-thread-1] INFO  server.RaftServerConfigKeys (ConfUtils.java:logGet(43)) - raft.server.log.queue.byte-limit = 2147483647 (custom)
2019-10-10 01:25:57,292 [pool-47-thread-1] INFO  server.RaftServerConfigKeys (ConfUtils.java:logGet(43)) - raft.server.log.statemachine.data.caching.enabled = true (custom)
2019-10-10 01:25:57,291 [pool-27-thread-1] INFO  segmented.SegmentedRaftLogWorker (SegmentedRaftLogWorker.java:<init>(173)) - new 993817e1-c77a-472e-865f-a6e34ffe7967@group-A20FF7CF4119-SegmentedRaftLogWorker for RaftStorage:Storage Directory /workdir/hadoop-ozone/tools/target/test-dir/MiniOzoneClusterImpl-1e8b0e80-279c-49c4-ae13-42ed318b6149/datanode-0/data/ratis/8094cf12-8a89-433b-9dc2-a20ff7cf4119
2019-10-10 01:25:57,292 [pool-67-thread-1] INFO  server.RaftServerConfigKeys (ConfUtils.java:logGet(43)) - raft.server.log.queue.element-limit = 1024 (custom)
2019-10-10 01:25:57,292 [pool-47-thread-1] INFO  segmented.SegmentedRaftLogWorker (SegmentedRaftLogWorker.java:lambda$new$0(128)) - fe8e0d95-22db-4b8a-875e-83bee4d716fb@group-A20FF7CF4119-SegmentedRaftLogWorker: flushIndex: setUnconditionally 0 -> -1
2019-10-10 01:25:57,292 [pool-27-thread-1] INFO  server.RaftServerConfigKeys (ConfUtils.java:logGet(43)) - raft.server.log.queue.byte-limit = 2147483647 (custom)
2019-10-10 01:25:57,292 [pool-67-thread-1] INFO  server.RaftServerConfigKeys (ConfUtils.java:logGet(43)) - raft.server.log.segment.size.max = 1048576 (custom)
2019-10-10 01:25:57,292 [pool-47-thread-1] INFO  server.RaftServerConfigKeys (ConfUtils.java:logGet(43)) - raft.server.snapshot.auto.trigger.enabled = true (custom)
2019-10-10 01:25:57,292 [pool-27-thread-1] INFO  server.RaftServerConfigKeys (ConfUtils.java:logGet(43)) - raft.server.log.queue.element-limit = 1024 (custom)
2019-10-10 01:25:57,293 [pool-47-thread-1] INFO  server.RaftServerConfigKeys (ConfUtils.java:logGet(43)) - raft.server.snapshot.auto.trigger.threshold = 10000 (custom)
2019-10-10 01:25:57,292 [pool-67-thread-1] INFO  server.RaftServerConfigKeys (ConfUtils.java:logGet(43)) - raft.server.log.preallocated.size = 16384 (custom)
2019-10-10 01:25:57,293 [pool-47-thread-1] INFO  server.RaftServerConfigKeys (ConfUtils.java:logGet(43)) - raft.server.snapshot.retention.file.num = 5 (custom)
2019-10-10 01:25:57,293 [pool-27-thread-1] INFO  server.RaftServerConfigKeys (ConfUtils.java:logGet(43)) - raft.server.log.segment.size.max = 1048576 (custom)
2019-10-10 01:25:57,293 [pool-47-thread-1] INFO  server.RaftServerConfigKeys (ConfUtils.java:logGet(43)) - raft.server.retrycache.expirytime = 600000ms (custom)
2019-10-10 01:25:57,293 [pool-67-thread-1] INFO  server.RaftServerConfigKeys (ConfUtils.java:logGet(43)) - raft.server.log.write.buffer.size = 33554432 (custom)
2019-10-10 01:25:57,293 [pool-27-thread-1] INFO  server.RaftServerConfigKeys (ConfUtils.java:logGet(43)) - raft.server.log.preallocated.size = 16384 (custom)
2019-10-10 01:25:57,293 [pool-67-thread-1] INFO  server.RaftServerConfigKeys (ConfUtils.java:logGet(43)) - raft.server.log.force.sync.num = 128 (default)
2019-10-10 01:25:57,294 [pool-27-thread-1] INFO  server.RaftServerConfigKeys (ConfUtils.java:logGet(43)) - raft.server.log.write.buffer.size = 33554432 (custom)
2019-10-10 01:25:57,294 [pool-67-thread-1] INFO  server.RaftServerConfigKeys (ConfUtils.java:logGet(43)) - raft.server.log.statemachine.data.sync = true (default)
2019-10-10 01:25:57,294 [pool-27-thread-1] INFO  server.RaftServerConfigKeys (ConfUtils.java:logGet(43)) - raft.server.log.force.sync.num = 128 (default)
2019-10-10 01:25:57,294 [pool-67-thread-1] INFO  server.RaftServerConfigKeys (ConfUtils.java:logGet(43)) - raft.server.log.statemachine.data.sync.timeout = 10s (default)
2019-10-10 01:25:57,294 [pool-27-thread-1] INFO  server.RaftServerConfigKeys (ConfUtils.java:logGet(43)) - raft.server.log.statemachine.data.sync = true (default)
2019-10-10 01:25:57,294 [pool-67-thread-1] INFO  server.RaftServerConfigKeys (ConfUtils.java:logGet(43)) - raft.server.log.statemachine.data.sync.timeout.retry = -1 (default)
2019-10-10 01:25:57,294 [pool-27-thread-1] INFO  server.RaftServerConfigKeys (ConfUtils.java:logGet(43)) - raft.server.log.statemachine.data.sync.timeout = 10s (default)
2019-10-10 01:25:57,295 [pool-67-thread-1] INFO  server.RaftServerConfigKeys (ConfUtils.java:logGet(43)) - raft.server.log.statemachine.data.caching.enabled = true (custom)
2019-10-10 01:25:57,295 [pool-27-thread-1] INFO  server.RaftServerConfigKeys (ConfUtils.java:logGet(43)) - raft.server.log.statemachine.data.sync.timeout.retry = -1 (default)
2019-10-10 01:25:57,295 [pool-67-thread-1] INFO  segmented.SegmentedRaftLogWorker (SegmentedRaftLogWorker.java:lambda$new$0(128)) - 4b92f2f8-e489-47a4-a90a-1d3fa2a9a07f@group-A20FF7CF4119-SegmentedRaftLogWorker: flushIndex: setUnconditionally 0 -> -1
2019-10-10 01:25:57,295 [pool-27-thread-1] INFO  server.RaftServerConfigKeys (ConfUtils.java:logGet(43)) - raft.server.log.statemachine.data.caching.enabled = true (custom)
2019-10-10 01:25:57,295 [pool-67-thread-1] INFO  server.RaftServerConfigKeys (ConfUtils.java:logGet(43)) - raft.server.snapshot.auto.trigger.enabled = true (custom)
2019-10-10 01:25:57,295 [pool-27-thread-1] INFO  segmented.SegmentedRaftLogWorker (SegmentedRaftLogWorker.java:lambda$new$0(128)) - 993817e1-c77a-472e-865f-a6e34ffe7967@group-A20FF7CF4119-SegmentedRaftLogWorker: flushIndex: setUnconditionally 0 -> -1
2019-10-10 01:25:57,295 [pool-67-thread-1] INFO  server.RaftServerConfigKeys (ConfUtils.java:logGet(43)) - raft.server.snapshot.auto.trigger.threshold = 10000 (custom)
2019-10-10 01:25:57,296 [pool-47-thread-1] INFO  impl.RaftServerImpl (RaftServerImpl.java:start(181)) - fe8e0d95-22db-4b8a-875e-83bee4d716fb@group-A20FF7CF4119: start as a follower, conf=-1: [4b92f2f8-e489-47a4-a90a-1d3fa2a9a07f:192.168.151.118:35849, 993817e1-c77a-472e-865f-a6e34ffe7967:192.168.151.118:41261, fe8e0d95-22db-4b8a-875e-83bee4d716fb:192.168.151.118:34352], old=null
2019-10-10 01:25:57,296 [pool-67-thread-1] INFO  server.RaftServerConfigKeys (ConfUtils.java:logGet(43)) - raft.server.snapshot.retention.file.num = 5 (custom)
2019-10-10 01:25:57,296 [pool-27-thread-1] INFO  server.RaftServerConfigKeys (ConfUtils.java:logGet(43)) - raft.server.snapshot.auto.trigger.enabled = true (custom)
2019-10-10 01:25:57,296 [pool-67-thread-1] INFO  server.RaftServerConfigKeys (ConfUtils.java:logGet(43)) - raft.server.retrycache.expirytime = 600000ms (custom)
2019-10-10 01:25:57,296 [pool-47-thread-1] INFO  impl.RaftServerImpl (RaftServerImpl.java:setRole(170)) - fe8e0d95-22db-4b8a-875e-83bee4d716fb@group-A20FF7CF4119: changes role from      null to FOLLOWER at term 0 for startAsFollower
2019-10-10 01:25:57,296 [pool-27-thread-1] INFO  server.RaftServerConfigKeys (ConfUtils.java:logGet(43)) - raft.server.snapshot.auto.trigger.threshold = 10000 (custom)
2019-10-10 01:25:57,296 [pool-47-thread-1] INFO  impl.RoleInfo (RoleInfo.java:updateAndGet(143)) - fe8e0d95-22db-4b8a-875e-83bee4d716fb: start FollowerState
2019-10-10 01:25:57,296 [pool-27-thread-1] INFO  server.RaftServerConfigKeys (ConfUtils.java:logGet(43)) - raft.server.snapshot.retention.file.num = 5 (custom)
2019-10-10 01:25:57,297 [pool-27-thread-1] INFO  server.RaftServerConfigKeys (ConfUtils.java:logGet(43)) - raft.server.retrycache.expirytime = 600000ms (custom)
2019-10-10 01:25:57,297 [pool-47-thread-1] INFO  util.JmxRegister (JmxRegister.java:tryRegister(44)) - Successfully registered JMX Bean with object name Ratis:service=RaftServer,group=group-A20FF7CF4119,id=fe8e0d95-22db-4b8a-875e-83bee4d716fb
2019-10-10 01:25:57,299 [pool-67-thread-1] INFO  impl.RaftServerImpl (RaftServerImpl.java:start(181)) - 4b92f2f8-e489-47a4-a90a-1d3fa2a9a07f@group-A20FF7CF4119: start as a follower, conf=-1: [4b92f2f8-e489-47a4-a90a-1d3fa2a9a07f:192.168.151.118:35849, 993817e1-c77a-472e-865f-a6e34ffe7967:192.168.151.118:41261, fe8e0d95-22db-4b8a-875e-83bee4d716fb:192.168.151.118:34352], old=null
2019-10-10 01:25:57,299 [pool-67-thread-1] INFO  impl.RaftServerImpl (RaftServerImpl.java:setRole(170)) - 4b92f2f8-e489-47a4-a90a-1d3fa2a9a07f@group-A20FF7CF4119: changes role from      null to FOLLOWER at term 0 for startAsFollower
2019-10-10 01:25:57,299 [pool-67-thread-1] INFO  impl.RoleInfo (RoleInfo.java:updateAndGet(143)) - 4b92f2f8-e489-47a4-a90a-1d3fa2a9a07f: start FollowerState
2019-10-10 01:25:57,300 [pool-67-thread-1] INFO  util.JmxRegister (JmxRegister.java:tryRegister(44)) - Successfully registered JMX Bean with object name Ratis:service=RaftServer,group=group-A20FF7CF4119,id=4b92f2f8-e489-47a4-a90a-1d3fa2a9a07f
2019-10-10 01:25:57,301 [pool-27-thread-1] INFO  impl.RaftServerImpl (RaftServerImpl.java:start(181)) - 993817e1-c77a-472e-865f-a6e34ffe7967@group-A20FF7CF4119: start as a follower, conf=-1: [4b92f2f8-e489-47a4-a90a-1d3fa2a9a07f:192.168.151.118:35849, 993817e1-c77a-472e-865f-a6e34ffe7967:192.168.151.118:41261, fe8e0d95-22db-4b8a-875e-83bee4d716fb:192.168.151.118:34352], old=null
2019-10-10 01:25:57,301 [Command processor thread] INFO  interfaces.Container (KeyValueContainer.java:close(335)) - Container 10 is closed with bcsId 0.
2019-10-10 01:25:57,301 [pool-27-thread-1] INFO  impl.RaftServerImpl (RaftServerImpl.java:setRole(170)) - 993817e1-c77a-472e-865f-a6e34ffe7967@group-A20FF7CF4119: changes role from      null to FOLLOWER at term 0 for startAsFollower
2019-10-10 01:25:57,301 [pool-27-thread-1] INFO  impl.RoleInfo (RoleInfo.java:updateAndGet(143)) - 993817e1-c77a-472e-865f-a6e34ffe7967: start FollowerState
2019-10-10 01:25:57,301 [pool-27-thread-1] INFO  util.JmxRegister (JmxRegister.java:tryRegister(44)) - Successfully registered JMX Bean with object name Ratis:service=RaftServer,group=group-A20FF7CF4119,id=993817e1-c77a-472e-865f-a6e34ffe7967
2019-10-10 01:25:57,302 [EventQueue-IncrementalContainerReportForIncrementalContainerReportHandler] INFO  container.IncrementalContainerReportHandler (AbstractContainerReportHandler.java:updateContainerState(204)) - Moving container #10 to CLOSED state, datanode 993817e1-c77a-472e-865f-a6e34ffe7967{ip: 192.168.151.118, host: pr-hdds-2194-jqrdw-3579824535, networkLocation: /default-rack, certSerialId: null} reported CLOSED replica.
2019-10-10 01:25:57,305 [RatisPipelineUtilsThread] INFO  pipeline.PipelineStateManager (PipelineStateManager.java:addPipeline(56)) - Created pipeline Pipeline[ Id: 8094cf12-8a89-433b-9dc2-a20ff7cf4119, Nodes: 4b92f2f8-e489-47a4-a90a-1d3fa2a9a07f{ip: 192.168.151.118, host: pr-hdds-2194-jqrdw-3579824535, networkLocation: /default-rack, certSerialId: null}fe8e0d95-22db-4b8a-875e-83bee4d716fb{ip: 192.168.151.118, host: pr-hdds-2194-jqrdw-3579824535, networkLocation: /default-rack, certSerialId: null}993817e1-c77a-472e-865f-a6e34ffe7967{ip: 192.168.151.118, host: pr-hdds-2194-jqrdw-3579824535, networkLocation: /default-rack, certSerialId: null}, Type:RATIS, Factor:THREE, State:OPEN]
 0.00% |█                                                                                                    |  0/1 Time: 0:10:032019-10-10 01:25:58,242 [Command processor thread] INFO  interfaces.Container (KeyValueContainer.java:flushAndSyncDB(386)) - Container 8 is synced with bcsId 0.
2019-10-10 01:25:58,242 [Command processor thread] INFO  interfaces.Container (KeyValueContainer.java:flushAndSyncDB(386)) - Container 7 is synced with bcsId 0.
2019-10-10 01:25:58,243 [Command processor thread] INFO  interfaces.Container (KeyValueContainer.java:flushAndSyncDB(386)) - Container 8 is synced with bcsId 0.
2019-10-10 01:25:58,246 [Command processor thread] INFO  interfaces.Container (KeyValueContainer.java:flushAndSyncDB(386)) - Container 7 is synced with bcsId 0.
2019-10-10 01:25:58,273 [Command processor thread] INFO  interfaces.Container (KeyValueContainer.java:close(335)) - Container 7 is closed with bcsId 0.
2019-10-10 01:25:58,273 [Command processor thread] INFO  interfaces.Container (KeyValueContainer.java:close(335)) - Container 8 is closed with bcsId 0.
2019-10-10 01:25:58,273 [Command processor thread] INFO  interfaces.Container (KeyValueContainer.java:flushAndSyncDB(386)) - Container 9 is synced with bcsId 0.
2019-10-10 01:25:58,273 [Command processor thread] INFO  interfaces.Container (KeyValueContainer.java:flushAndSyncDB(386)) - Container 9 is synced with bcsId 0.
2019-10-10 01:25:58,273 [Command processor thread] INFO  interfaces.Container (KeyValueContainer.java:flushAndSyncDB(386)) - Container 9 is synced with bcsId 0.
2019-10-10 01:25:58,273 [Command processor thread] INFO  interfaces.Container (KeyValueContainer.java:flushAndSyncDB(386)) - Container 9 is synced with bcsId 0.
2019-10-10 01:25:58,288 [Command processor thread] INFO  interfaces.Container (KeyValueContainer.java:close(335)) - Container 9 is closed with bcsId 0.
2019-10-10 01:25:58,288 [Command processor thread] INFO  interfaces.Container (KeyValueContainer.java:close(335)) - Container 9 is closed with bcsId 0.
2019-10-10 01:25:58,288 [Command processor thread] INFO  interfaces.Container (KeyValueContainer.java:flushAndSyncDB(386)) - Container 10 is synced with bcsId 0.
2019-10-10 01:25:58,288 [Command processor thread] INFO  interfaces.Container (KeyValueContainer.java:flushAndSyncDB(386)) - Container 10 is synced with bcsId 0.
2019-10-10 01:25:58,288 [EventQueue-IncrementalContainerReportForIncrementalContainerReportHandler] INFO  container.IncrementalContainerReportHandler (AbstractContainerReportHandler.java:updateContainerState(204)) - Moving container #9 to CLOSED state, datanode fe8e0d95-22db-4b8a-875e-83bee4d716fb{ip: 192.168.151.118, host: pr-hdds-2194-jqrdw-3579824535, networkLocation: /default-rack, certSerialId: null} reported CLOSED replica.
2019-10-10 01:25:58,302 [Command processor thread] INFO  interfaces.Container (KeyValueContainer.java:close(335)) - Container 10 is closed with bcsId 0.
2019-10-10 01:25:58,430 [java.util.concurrent.ThreadPoolExecutor$Worker@13100b60[State = -1, empty queue]] ERROR client.GrpcClientProtocolClient (GrpcClientProtocolClient.java:close(148)) - Unexpected exception while waiting for channel termination
java.lang.InterruptedException
	at java.util.concurrent.locks.AbstractQueuedSynchronizer.tryAcquireSharedNanos(AbstractQueuedSynchronizer.java:1326)
	at java.util.concurrent.CountDownLatch.await(CountDownLatch.java:277)
	at org.apache.ratis.thirdparty.io.grpc.internal.ManagedChannelImpl.awaitTermination(ManagedChannelImpl.java:763)
	at org.apache.ratis.thirdparty.io.grpc.internal.ForwardingManagedChannel.awaitTermination(ForwardingManagedChannel.java:57)
	at org.apache.ratis.thirdparty.io.grpc.internal.ManagedChannelOrphanWrapper.awaitTermination(ManagedChannelOrphanWrapper.java:70)
	at org.apache.ratis.grpc.client.GrpcClientProtocolClient.close(GrpcClientProtocolClient.java:146)
	at org.apache.ratis.util.PeerProxyMap$PeerAndProxy.lambda$close$1(PeerProxyMap.java:74)
	at org.apache.ratis.util.LifeCycle.lambda$checkStateAndClose$2(LifeCycle.java:231)
	at org.apache.ratis.util.LifeCycle.checkStateAndClose(LifeCycle.java:251)
	at org.apache.ratis.util.LifeCycle.checkStateAndClose(LifeCycle.java:229)
	at org.apache.ratis.util.PeerProxyMap$PeerAndProxy.close(PeerProxyMap.java:70)
	at org.apache.ratis.util.PeerProxyMap.resetProxy(PeerProxyMap.java:127)
	at org.apache.ratis.util.PeerProxyMap.handleException(PeerProxyMap.java:136)
	at org.apache.ratis.client.impl.RaftClientRpcWithProxy.handleException(RaftClientRpcWithProxy.java:47)
	at org.apache.ratis.client.impl.RaftClientImpl.handleIOException(RaftClientImpl.java:372)
	at org.apache.ratis.client.impl.OrderedAsync.lambda$sendRequest$10(OrderedAsync.java:236)
	at java.util.concurrent.CompletableFuture.uniExceptionally(CompletableFuture.java:870)
	at java.util.concurrent.CompletableFuture$UniExceptionally.tryFire(CompletableFuture.java:852)
	at java.util.concurrent.CompletableFuture.postComplete(CompletableFuture.java:474)
	at java.util.concurrent.CompletableFuture.completeExceptionally(CompletableFuture.java:1977)
	at org.apache.ratis.grpc.client.GrpcClientProtocolClient$AsyncStreamObservers.lambda$timeoutCheck$3(GrpcClientProtocolClient.java:324)
	at java.util.Optional.ifPresent(Optional.java:159)
	at org.apache.ratis.grpc.client.GrpcClientProtocolClient$AsyncStreamObservers.handleReplyFuture(GrpcClientProtocolClient.java:329)
	at org.apache.ratis.grpc.client.GrpcClientProtocolClient$AsyncStreamObservers.timeoutCheck(GrpcClientProtocolClient.java:324)
	at org.apache.ratis.grpc.client.GrpcClientProtocolClient$AsyncStreamObservers.lambda$onNext$1(GrpcClientProtocolClient.java:318)
	at org.apache.ratis.util.TimeoutScheduler.lambda$onTimeout$0(TimeoutScheduler.java:113)
	at org.apache.ratis.util.TimeoutScheduler.lambda$onTimeout$1(TimeoutScheduler.java:133)
	at org.apache.ratis.util.LogUtils.runAndLog(LogUtils.java:50)
	at org.apache.ratis.util.LogUtils$1.run(LogUtils.java:91)
	at java.util.concurrent.Executors$RunnableAdapter.call(Executors.java:511)
	at java.util.concurrent.FutureTask.run(FutureTask.java:266)
	at java.util.concurrent.ScheduledThreadPoolExecutor$ScheduledFutureTask.access$201(ScheduledThreadPoolExecutor.java:180)
	at java.util.concurrent.ScheduledThreadPoolExecutor$ScheduledFutureTask.run(ScheduledThreadPoolExecutor.java:293)
	at java.util.concurrent.ThreadPoolExecutor.runWorker(ThreadPoolExecutor.java:1149)
	at java.util.concurrent.ThreadPoolExecutor$Worker.run(ThreadPoolExecutor.java:624)
	at java.lang.Thread.run(Thread.java:748)
2019-10-10 01:25:58,430 [java.util.concurrent.ThreadPoolExecutor$Worker@13100b60[State = -1, empty queue]] WARN  util.TimeoutScheduler (LogUtils.java:runAndLog(55)) - Failed to task #0: java.lang.NullPointerException
 0.00% |█                                                                                                    |  0/1 Time: 0:10:04 0.00% |█                                                                                                    |  0/1 Time: 0:10:05 0.00% |█                                                                                                    |  0/1 Time: 0:10:06 0.00% |█                                                                                                    |  0/1 Time: 0:10:072019-10-10 01:26:02,322 [Thread-1666] INFO  impl.FollowerState (FollowerState.java:run(108)) - 993817e1-c77a-472e-865f-a6e34ffe7967@group-A20FF7CF4119-FollowerState: change to CANDIDATE, lastRpcTime:5020ms, electionTimeout:5020ms
2019-10-10 01:26:02,322 [Thread-1666] INFO  impl.RoleInfo (RoleInfo.java:shutdownFollowerState(121)) - 993817e1-c77a-472e-865f-a6e34ffe7967: shutdown FollowerState
2019-10-10 01:26:02,322 [Thread-1666] INFO  impl.RaftServerImpl (RaftServerImpl.java:setRole(170)) - 993817e1-c77a-472e-865f-a6e34ffe7967@group-A20FF7CF4119: changes role from  FOLLOWER to CANDIDATE at term 0 for changeToCandidate
2019-10-10 01:26:02,322 [Thread-1666] INFO  impl.RoleInfo (RoleInfo.java:updateAndGet(143)) - 993817e1-c77a-472e-865f-a6e34ffe7967: start LeaderElection
2019-10-10 01:26:02,328 [Thread-1663] INFO  impl.FollowerState (FollowerState.java:run(108)) - fe8e0d95-22db-4b8a-875e-83bee4d716fb@group-A20FF7CF4119-FollowerState: change to CANDIDATE, lastRpcTime:5028ms, electionTimeout:5027ms
2019-10-10 01:26:02,328 [Thread-1663] INFO  impl.RoleInfo (RoleInfo.java:shutdownFollowerState(121)) - fe8e0d95-22db-4b8a-875e-83bee4d716fb: shutdown FollowerState
2019-10-10 01:26:02,329 [Thread-1663] INFO  impl.RaftServerImpl (RaftServerImpl.java:setRole(170)) - fe8e0d95-22db-4b8a-875e-83bee4d716fb@group-A20FF7CF4119: changes role from  FOLLOWER to CANDIDATE at term 0 for changeToCandidate
2019-10-10 01:26:02,329 [Thread-1663] INFO  impl.RoleInfo (RoleInfo.java:updateAndGet(143)) - fe8e0d95-22db-4b8a-875e-83bee4d716fb: start LeaderElection
2019-10-10 01:26:02,342 [993817e1-c77a-472e-865f-a6e34ffe7967@group-A20FF7CF4119-LeaderElection19] INFO  impl.LeaderElection (LeaderElection.java:askForVotes(178)) - 993817e1-c77a-472e-865f-a6e34ffe7967@group-A20FF7CF4119-LeaderElection19: begin an election at term 1 for -1: [4b92f2f8-e489-47a4-a90a-1d3fa2a9a07f:192.168.151.118:35849, 993817e1-c77a-472e-865f-a6e34ffe7967:192.168.151.118:41261, fe8e0d95-22db-4b8a-875e-83bee4d716fb:192.168.151.118:34352], old=null
2019-10-10 01:26:02,342 [fe8e0d95-22db-4b8a-875e-83bee4d716fb@group-A20FF7CF4119-LeaderElection20] INFO  impl.LeaderElection (LeaderElection.java:askForVotes(178)) - fe8e0d95-22db-4b8a-875e-83bee4d716fb@group-A20FF7CF4119-LeaderElection20: begin an election at term 1 for -1: [4b92f2f8-e489-47a4-a90a-1d3fa2a9a07f:192.168.151.118:35849, 993817e1-c77a-472e-865f-a6e34ffe7967:192.168.151.118:41261, fe8e0d95-22db-4b8a-875e-83bee4d716fb:192.168.151.118:34352], old=null
2019-10-10 01:26:02,348 [grpc-default-executor-10] INFO  impl.RaftServerImpl (RaftServerImpl.java:setRole(170)) - 4b92f2f8-e489-47a4-a90a-1d3fa2a9a07f@group-A20FF7CF4119: changes role from  FOLLOWER to FOLLOWER at term 1 for recognizeCandidate:fe8e0d95-22db-4b8a-875e-83bee4d716fb
2019-10-10 01:26:02,348 [grpc-default-executor-10] INFO  impl.RoleInfo (RoleInfo.java:shutdownFollowerState(121)) - 4b92f2f8-e489-47a4-a90a-1d3fa2a9a07f: shutdown FollowerState
2019-10-10 01:26:02,349 [grpc-default-executor-10] INFO  impl.RoleInfo (RoleInfo.java:updateAndGet(143)) - 4b92f2f8-e489-47a4-a90a-1d3fa2a9a07f: start FollowerState
2019-10-10 01:26:02,349 [Thread-1665] INFO  impl.FollowerState (FollowerState.java:run(117)) - 4b92f2f8-e489-47a4-a90a-1d3fa2a9a07f@group-A20FF7CF4119-FollowerState was interrupted: java.lang.InterruptedException: sleep interrupted
2019-10-10 01:26:02,372 [993817e1-c77a-472e-865f-a6e34ffe7967@group-A20FF7CF4119-LeaderElection19] INFO  impl.LeaderElection (LeaderElection.java:logAndReturn(56)) - 993817e1-c77a-472e-865f-a6e34ffe7967@group-A20FF7CF4119-LeaderElection19: Election REJECTED; received 2 response(s) [993817e1-c77a-472e-865f-a6e34ffe7967<-4b92f2f8-e489-47a4-a90a-1d3fa2a9a07f#0:FAIL-t1, 993817e1-c77a-472e-865f-a6e34ffe7967<-fe8e0d95-22db-4b8a-875e-83bee4d716fb#0:FAIL-t1] and 0 exception(s); 993817e1-c77a-472e-865f-a6e34ffe7967@group-A20FF7CF4119:t1, leader=null, voted=993817e1-c77a-472e-865f-a6e34ffe7967, raftlog=993817e1-c77a-472e-865f-a6e34ffe7967@group-A20FF7CF4119-SegmentedRaftLog:OPENED:c-1,f-1,i0, conf=-1: [4b92f2f8-e489-47a4-a90a-1d3fa2a9a07f:192.168.151.118:35849, 993817e1-c77a-472e-865f-a6e34ffe7967:192.168.151.118:41261, fe8e0d95-22db-4b8a-875e-83bee4d716fb:192.168.151.118:34352], old=null
2019-10-10 01:26:02,372 [fe8e0d95-22db-4b8a-875e-83bee4d716fb@group-A20FF7CF4119-LeaderElection20] INFO  impl.LeaderElection (LeaderElection.java:logAndReturn(56)) - fe8e0d95-22db-4b8a-875e-83bee4d716fb@group-A20FF7CF4119-LeaderElection20: Election PASSED; received 2 response(s) [fe8e0d95-22db-4b8a-875e-83bee4d716fb<-993817e1-c77a-472e-865f-a6e34ffe7967#0:FAIL-t1, fe8e0d95-22db-4b8a-875e-83bee4d716fb<-4b92f2f8-e489-47a4-a90a-1d3fa2a9a07f#0:OK-t1] and 0 exception(s); fe8e0d95-22db-4b8a-875e-83bee4d716fb@group-A20FF7CF4119:t1, leader=null, voted=fe8e0d95-22db-4b8a-875e-83bee4d716fb, raftlog=fe8e0d95-22db-4b8a-875e-83bee4d716fb@group-A20FF7CF4119-SegmentedRaftLog:OPENED:c-1,f-1,i0, conf=-1: [4b92f2f8-e489-47a4-a90a-1d3fa2a9a07f:192.168.151.118:35849, 993817e1-c77a-472e-865f-a6e34ffe7967:192.168.151.118:41261, fe8e0d95-22db-4b8a-875e-83bee4d716fb:192.168.151.118:34352], old=null
2019-10-10 01:26:02,373 [fe8e0d95-22db-4b8a-875e-83bee4d716fb@group-A20FF7CF4119-LeaderElection20] INFO  impl.RoleInfo (RoleInfo.java:shutdownLeaderElection(134)) - fe8e0d95-22db-4b8a-875e-83bee4d716fb: shutdown LeaderElection
2019-10-10 01:26:02,373 [993817e1-c77a-472e-865f-a6e34ffe7967@group-A20FF7CF4119-LeaderElection19] INFO  impl.RaftServerImpl (RaftServerImpl.java:setRole(170)) - 993817e1-c77a-472e-865f-a6e34ffe7967@group-A20FF7CF4119: changes role from CANDIDATE to FOLLOWER at term 1 for DISCOVERED_A_NEW_TERM
2019-10-10 01:26:02,376 [993817e1-c77a-472e-865f-a6e34ffe7967@group-A20FF7CF4119-LeaderElection19] INFO  impl.RoleInfo (RoleInfo.java:shutdownLeaderElection(134)) - 993817e1-c77a-472e-865f-a6e34ffe7967: shutdown LeaderElection
2019-10-10 01:26:02,376 [fe8e0d95-22db-4b8a-875e-83bee4d716fb@group-A20FF7CF4119-LeaderElection20] INFO  impl.RaftServerImpl (RaftServerImpl.java:setRole(170)) - fe8e0d95-22db-4b8a-875e-83bee4d716fb@group-A20FF7CF4119: changes role from CANDIDATE to LEADER at term 1 for changeToLeader
2019-10-10 01:26:02,376 [993817e1-c77a-472e-865f-a6e34ffe7967@group-A20FF7CF4119-LeaderElection19] INFO  impl.RoleInfo (RoleInfo.java:updateAndGet(143)) - 993817e1-c77a-472e-865f-a6e34ffe7967: start FollowerState
2019-10-10 01:26:02,376 [fe8e0d95-22db-4b8a-875e-83bee4d716fb@group-A20FF7CF4119-LeaderElection20] INFO  impl.RaftServerImpl (ServerState.java:setLeader(255)) - fe8e0d95-22db-4b8a-875e-83bee4d716fb@group-A20FF7CF4119: change Leader from null to fe8e0d95-22db-4b8a-875e-83bee4d716fb at term 1 for becomeLeader, leader elected after 5089ms
2019-10-10 01:26:02,377 [fe8e0d95-22db-4b8a-875e-83bee4d716fb@group-A20FF7CF4119-LeaderElection20] INFO  server.RaftServerConfigKeys (ConfUtils.java:logGet(43)) - raft.server.staging.catchup.gap = 1000 (default)
2019-10-10 01:26:02,377 [fe8e0d95-22db-4b8a-875e-83bee4d716fb@group-A20FF7CF4119-LeaderElection20] INFO  server.RaftServerConfigKeys (ConfUtils.java:logGet(43)) - raft.server.rpc.sleep.time = 25ms (default)
2019-10-10 01:26:02,377 [fe8e0d95-22db-4b8a-875e-83bee4d716fb@group-A20FF7CF4119-LeaderElection20] INFO  server.RaftServerConfigKeys (ConfUtils.java:logGet(43)) - raft.server.write.element-limit = 4096 (default)
2019-10-10 01:26:02,378 [fe8e0d95-22db-4b8a-875e-83bee4d716fb@group-A20FF7CF4119-LeaderElection20] INFO  server.RaftServerConfigKeys (ConfUtils.java:logGet(43)) - raft.server.watch.timeout = 10s (default)
2019-10-10 01:26:02,378 [fe8e0d95-22db-4b8a-875e-83bee4d716fb@group-A20FF7CF4119-LeaderElection20] INFO  server.RaftServerConfigKeys (ConfUtils.java:logGet(43)) - raft.server.watch.timeout.denomination = 1s (default)
2019-10-10 01:26:02,378 [fe8e0d95-22db-4b8a-875e-83bee4d716fb@group-A20FF7CF4119-LeaderElection20] INFO  server.RaftServerConfigKeys (ConfUtils.java:logGet(43)) - raft.server.watch.element-limit = 65536 (default)
2019-10-10 01:26:02,381 [fe8e0d95-22db-4b8a-875e-83bee4d716fb@group-A20FF7CF4119-LeaderElection20] INFO  server.RaftServerConfigKeys (ConfUtils.java:logGet(43)) - raft.server.log.appender.snapshot.chunk.size.max = 16MB (=16777216) (default)
2019-10-10 01:26:02,381 [fe8e0d95-22db-4b8a-875e-83bee4d716fb@group-A20FF7CF4119-LeaderElection20] INFO  server.RaftServerConfigKeys (ConfUtils.java:logGet(43)) - raft.server.log.appender.buffer.byte-limit = 33554432 (custom)
2019-10-10 01:26:02,382 [fe8e0d95-22db-4b8a-875e-83bee4d716fb@group-A20FF7CF4119-LeaderElection20] INFO  server.RaftServerConfigKeys (ConfUtils.java:logGet(43)) - raft.server.log.appender.buffer.element-limit = 1 (custom)
2019-10-10 01:26:02,382 [fe8e0d95-22db-4b8a-875e-83bee4d716fb@group-A20FF7CF4119-LeaderElection20] INFO  grpc.GrpcConfigKeys$Server (ConfUtils.java:logGet(43)) - raft.grpc.server.leader.outstanding.appends.max = 128 (default)
2019-10-10 01:26:02,382 [fe8e0d95-22db-4b8a-875e-83bee4d716fb@group-A20FF7CF4119-LeaderElection20] INFO  server.RaftServerConfigKeys (ConfUtils.java:logGet(43)) - raft.server.rpc.request.timeout = 3000ms (default)
2019-10-10 01:26:02,382 [fe8e0d95-22db-4b8a-875e-83bee4d716fb@group-A20FF7CF4119-LeaderElection20] INFO  server.RaftServerConfigKeys (ConfUtils.java:logGet(43)) - raft.server.log.appender.install.snapshot.enabled = false (custom)
2019-10-10 01:26:02,383 [fe8e0d95-22db-4b8a-875e-83bee4d716fb@group-A20FF7CF4119-LeaderElection20] INFO  server.RaftServerConfigKeys (ConfUtils.java:logGet(43)) - raft.server.log.appender.snapshot.chunk.size.max = 16MB (=16777216) (default)
2019-10-10 01:26:02,383 [fe8e0d95-22db-4b8a-875e-83bee4d716fb@group-A20FF7CF4119-LeaderElection20] INFO  server.RaftServerConfigKeys (ConfUtils.java:logGet(43)) - raft.server.log.appender.buffer.byte-limit = 33554432 (custom)
2019-10-10 01:26:02,383 [fe8e0d95-22db-4b8a-875e-83bee4d716fb@group-A20FF7CF4119-LeaderElection20] INFO  server.RaftServerConfigKeys (ConfUtils.java:logGet(43)) - raft.server.log.appender.buffer.element-limit = 1 (custom)
2019-10-10 01:26:02,384 [fe8e0d95-22db-4b8a-875e-83bee4d716fb@group-A20FF7CF4119-LeaderElection20] INFO  grpc.GrpcConfigKeys$Server (ConfUtils.java:logGet(43)) - raft.grpc.server.leader.outstanding.appends.max = 128 (default)
2019-10-10 01:26:02,384 [fe8e0d95-22db-4b8a-875e-83bee4d716fb@group-A20FF7CF4119-LeaderElection20] INFO  server.RaftServerConfigKeys (ConfUtils.java:logGet(43)) - raft.server.rpc.request.timeout = 3000ms (default)
2019-10-10 01:26:02,384 [fe8e0d95-22db-4b8a-875e-83bee4d716fb@group-A20FF7CF4119-LeaderElection20] INFO  server.RaftServerConfigKeys (ConfUtils.java:logGet(43)) - raft.server.log.appender.install.snapshot.enabled = false (custom)
2019-10-10 01:26:02,385 [fe8e0d95-22db-4b8a-875e-83bee4d716fb@group-A20FF7CF4119-LeaderElection20] INFO  impl.RoleInfo (RoleInfo.java:updateAndGet(143)) - fe8e0d95-22db-4b8a-875e-83bee4d716fb: start LeaderState
2019-10-10 01:26:02,385 [fe8e0d95-22db-4b8a-875e-83bee4d716fb@group-A20FF7CF4119-LeaderElection20] INFO  segmented.SegmentedRaftLogWorker (SegmentedRaftLogWorker.java:startLogSegment(385)) - fe8e0d95-22db-4b8a-875e-83bee4d716fb@group-A20FF7CF4119-SegmentedRaftLogWorker: Starting segment from index:0
2019-10-10 01:26:02,387 [fe8e0d95-22db-4b8a-875e-83bee4d716fb@group-A20FF7CF4119-LeaderElection20] INFO  impl.RaftServerImpl (ServerState.java:setRaftConf(356)) - fe8e0d95-22db-4b8a-875e-83bee4d716fb@group-A20FF7CF4119: set configuration 0: [4b92f2f8-e489-47a4-a90a-1d3fa2a9a07f:192.168.151.118:35849, 993817e1-c77a-472e-865f-a6e34ffe7967:192.168.151.118:41261, fe8e0d95-22db-4b8a-875e-83bee4d716fb:192.168.151.118:34352], old=null at 0
2019-10-10 01:26:02,387 [grpc-default-executor-19] INFO  impl.RaftServerImpl (ServerState.java:setLeader(255)) - 993817e1-c77a-472e-865f-a6e34ffe7967@group-A20FF7CF4119: change Leader from null to fe8e0d95-22db-4b8a-875e-83bee4d716fb at term 1 for appendEntries, leader elected after 5099ms
2019-10-10 01:26:02,388 [grpc-default-executor-10] INFO  impl.RaftServerImpl (ServerState.java:setLeader(255)) - 4b92f2f8-e489-47a4-a90a-1d3fa2a9a07f@group-A20FF7CF4119: change Leader from null to fe8e0d95-22db-4b8a-875e-83bee4d716fb at term 1 for appendEntries, leader elected after 5100ms
2019-10-10 01:26:02,389 [grpc-default-executor-10] INFO  impl.RaftServerImpl (ServerState.java:setRaftConf(356)) - 993817e1-c77a-472e-865f-a6e34ffe7967@group-A20FF7CF4119: set configuration 0: [4b92f2f8-e489-47a4-a90a-1d3fa2a9a07f:192.168.151.118:35849, 993817e1-c77a-472e-865f-a6e34ffe7967:192.168.151.118:41261, fe8e0d95-22db-4b8a-875e-83bee4d716fb:192.168.151.118:34352], old=null at 0
2019-10-10 01:26:02,389 [grpc-default-executor-10] INFO  segmented.SegmentedRaftLogWorker (SegmentedRaftLogWorker.java:startLogSegment(385)) - 993817e1-c77a-472e-865f-a6e34ffe7967@group-A20FF7CF4119-SegmentedRaftLogWorker: Starting segment from index:0
2019-10-10 01:26:02,389 [grpc-default-executor-19] INFO  impl.RaftServerImpl (ServerState.java:setRaftConf(356)) - 4b92f2f8-e489-47a4-a90a-1d3fa2a9a07f@group-A20FF7CF4119: set configuration 0: [4b92f2f8-e489-47a4-a90a-1d3fa2a9a07f:192.168.151.118:35849, 993817e1-c77a-472e-865f-a6e34ffe7967:192.168.151.118:41261, fe8e0d95-22db-4b8a-875e-83bee4d716fb:192.168.151.118:34352], old=null at 0
2019-10-10 01:26:02,389 [grpc-default-executor-19] INFO  segmented.SegmentedRaftLogWorker (SegmentedRaftLogWorker.java:startLogSegment(385)) - 4b92f2f8-e489-47a4-a90a-1d3fa2a9a07f@group-A20FF7CF4119-SegmentedRaftLogWorker: Starting segment from index:0
2019-10-10 01:26:02,439 [4b92f2f8-e489-47a4-a90a-1d3fa2a9a07f@group-A20FF7CF4119-SegmentedRaftLogWorker] INFO  segmented.SegmentedRaftLogWorker (SegmentedRaftLogWorker.java:execute(574)) - 4b92f2f8-e489-47a4-a90a-1d3fa2a9a07f@group-A20FF7CF4119-SegmentedRaftLogWorker: created new log segment /workdir/hadoop-ozone/tools/target/test-dir/MiniOzoneClusterImpl-1e8b0e80-279c-49c4-ae13-42ed318b6149/datanode-4/data/ratis/8094cf12-8a89-433b-9dc2-a20ff7cf4119/current/log_inprogress_0
2019-10-10 01:26:02,439 [fe8e0d95-22db-4b8a-875e-83bee4d716fb@group-A20FF7CF4119-SegmentedRaftLogWorker] INFO  segmented.SegmentedRaftLogWorker (SegmentedRaftLogWorker.java:execute(574)) - fe8e0d95-22db-4b8a-875e-83bee4d716fb@group-A20FF7CF4119-SegmentedRaftLogWorker: created new log segment /workdir/hadoop-ozone/tools/target/test-dir/MiniOzoneClusterImpl-1e8b0e80-279c-49c4-ae13-42ed318b6149/datanode-2/data/ratis/8094cf12-8a89-433b-9dc2-a20ff7cf4119/current/log_inprogress_0
2019-10-10 01:26:02,455 [993817e1-c77a-472e-865f-a6e34ffe7967@group-A20FF7CF4119-SegmentedRaftLogWorker] INFO  segmented.SegmentedRaftLogWorker (SegmentedRaftLogWorker.java:execute(574)) - 993817e1-c77a-472e-865f-a6e34ffe7967@group-A20FF7CF4119-SegmentedRaftLogWorker: created new log segment /workdir/hadoop-ozone/tools/target/test-dir/MiniOzoneClusterImpl-1e8b0e80-279c-49c4-ae13-42ed318b6149/datanode-0/data/ratis/8094cf12-8a89-433b-9dc2-a20ff7cf4119/current/log_inprogress_0
2019-10-10 01:26:02,457 [java.util.concurrent.ThreadPoolExecutor$Worker@2cb1bfa[State = -1, empty queue]] ERROR client.GrpcClientProtocolClient (GrpcClientProtocolClient.java:close(148)) - Unexpected exception while waiting for channel termination
java.lang.InterruptedException
	at java.util.concurrent.locks.AbstractQueuedSynchronizer.tryAcquireSharedNanos(AbstractQueuedSynchronizer.java:1326)
	at java.util.concurrent.CountDownLatch.await(CountDownLatch.java:277)
	at org.apache.ratis.thirdparty.io.grpc.internal.ManagedChannelImpl.awaitTermination(ManagedChannelImpl.java:763)
	at org.apache.ratis.thirdparty.io.grpc.internal.ForwardingManagedChannel.awaitTermination(ForwardingManagedChannel.java:57)
	at org.apache.ratis.thirdparty.io.grpc.internal.ManagedChannelOrphanWrapper.awaitTermination(ManagedChannelOrphanWrapper.java:70)
	at org.apache.ratis.grpc.client.GrpcClientProtocolClient.close(GrpcClientProtocolClient.java:146)
	at org.apache.ratis.util.PeerProxyMap$PeerAndProxy.lambda$close$1(PeerProxyMap.java:74)
	at org.apache.ratis.util.LifeCycle.lambda$checkStateAndClose$2(LifeCycle.java:231)
	at org.apache.ratis.util.LifeCycle.checkStateAndClose(LifeCycle.java:251)
	at org.apache.ratis.util.LifeCycle.checkStateAndClose(LifeCycle.java:229)
	at org.apache.ratis.util.PeerProxyMap$PeerAndProxy.close(PeerProxyMap.java:70)
	at org.apache.ratis.util.PeerProxyMap.resetProxy(PeerProxyMap.java:127)
	at org.apache.ratis.util.PeerProxyMap.handleException(PeerProxyMap.java:136)
	at org.apache.ratis.client.impl.RaftClientRpcWithProxy.handleException(RaftClientRpcWithProxy.java:47)
	at org.apache.ratis.client.impl.RaftClientImpl.handleIOException(RaftClientImpl.java:372)
	at org.apache.ratis.client.impl.OrderedAsync.lambda$sendRequest$10(OrderedAsync.java:236)
	at java.util.concurrent.CompletableFuture.uniExceptionally(CompletableFuture.java:870)
	at java.util.concurrent.CompletableFuture$UniExceptionally.tryFire(CompletableFuture.java:852)
	at java.util.concurrent.CompletableFuture.postComplete(CompletableFuture.java:474)
	at java.util.concurrent.CompletableFuture.completeExceptionally(CompletableFuture.java:1977)
	at org.apache.ratis.grpc.client.GrpcClientProtocolClient$AsyncStreamObservers.lambda$timeoutCheck$3(GrpcClientProtocolClient.java:324)
	at java.util.Optional.ifPresent(Optional.java:159)
	at org.apache.ratis.grpc.client.GrpcClientProtocolClient$AsyncStreamObservers.handleReplyFuture(GrpcClientProtocolClient.java:329)
	at org.apache.ratis.grpc.client.GrpcClientProtocolClient$AsyncStreamObservers.timeoutCheck(GrpcClientProtocolClient.java:324)
	at org.apache.ratis.grpc.client.GrpcClientProtocolClient$AsyncStreamObservers.lambda$onNext$1(GrpcClientProtocolClient.java:318)
	at org.apache.ratis.util.TimeoutScheduler.lambda$onTimeout$0(TimeoutScheduler.java:113)
	at org.apache.ratis.util.TimeoutScheduler.lambda$onTimeout$1(TimeoutScheduler.java:133)
	at org.apache.ratis.util.LogUtils.runAndLog(LogUtils.java:50)
	at org.apache.ratis.util.LogUtils$1.run(LogUtils.java:91)
	at java.util.concurrent.Executors$RunnableAdapter.call(Executors.java:511)
	at java.util.concurrent.FutureTask.run(FutureTask.java:266)
	at java.util.concurrent.ScheduledThreadPoolExecutor$ScheduledFutureTask.access$201(ScheduledThreadPoolExecutor.java:180)
	at java.util.concurrent.ScheduledThreadPoolExecutor$ScheduledFutureTask.run(ScheduledThreadPoolExecutor.java:293)
	at java.util.concurrent.ThreadPoolExecutor.runWorker(ThreadPoolExecutor.java:1149)
	at java.util.concurrent.ThreadPoolExecutor$Worker.run(ThreadPoolExecutor.java:624)
	at java.lang.Thread.run(Thread.java:748)
2019-10-10 01:26:02,460 [java.util.concurrent.ThreadPoolExecutor$Worker@2cb1bfa[State = -1, empty queue]] WARN  util.TimeoutScheduler (LogUtils.java:runAndLog(55)) - Failed to task #0: java.lang.NullPointerException
 0.00% |█                                                                                                    |  0/1 Time: 0:10:08 0.00% |█                                                                                                    |  0/1 Time: 0:10:09 0.00% |█                                                                                                    |  0/1 Time: 0:10:10 0.00% |█                                                                                                    |  0/1 Time: 0:10:112019-10-10 01:26:06,489 [java.util.concurrent.ThreadPoolExecutor$Worker@3547fa1[State = -1, empty queue]] ERROR client.GrpcClientProtocolClient (GrpcClientProtocolClient.java:close(148)) - Unexpected exception while waiting for channel termination
java.lang.InterruptedException
	at java.util.concurrent.locks.AbstractQueuedSynchronizer.tryAcquireSharedNanos(AbstractQueuedSynchronizer.java:1326)
	at java.util.concurrent.CountDownLatch.await(CountDownLatch.java:277)
	at org.apache.ratis.thirdparty.io.grpc.internal.ManagedChannelImpl.awaitTermination(ManagedChannelImpl.java:763)
	at org.apache.ratis.thirdparty.io.grpc.internal.ForwardingManagedChannel.awaitTermination(ForwardingManagedChannel.java:57)
	at org.apache.ratis.thirdparty.io.grpc.internal.ManagedChannelOrphanWrapper.awaitTermination(ManagedChannelOrphanWrapper.java:70)
	at org.apache.ratis.grpc.client.GrpcClientProtocolClient.close(GrpcClientProtocolClient.java:146)
	at org.apache.ratis.util.PeerProxyMap$PeerAndProxy.lambda$close$1(PeerProxyMap.java:74)
	at org.apache.ratis.util.LifeCycle.lambda$checkStateAndClose$2(LifeCycle.java:231)
	at org.apache.ratis.util.LifeCycle.checkStateAndClose(LifeCycle.java:251)
	at org.apache.ratis.util.LifeCycle.checkStateAndClose(LifeCycle.java:229)
	at org.apache.ratis.util.PeerProxyMap$PeerAndProxy.close(PeerProxyMap.java:70)
	at org.apache.ratis.util.PeerProxyMap.resetProxy(PeerProxyMap.java:127)
	at org.apache.ratis.util.PeerProxyMap.handleException(PeerProxyMap.java:136)
	at org.apache.ratis.client.impl.RaftClientRpcWithProxy.handleException(RaftClientRpcWithProxy.java:47)
	at org.apache.ratis.client.impl.RaftClientImpl.handleIOException(RaftClientImpl.java:372)
	at org.apache.ratis.client.impl.OrderedAsync.lambda$sendRequest$10(OrderedAsync.java:236)
	at java.util.concurrent.CompletableFuture.uniExceptionally(CompletableFuture.java:870)
	at java.util.concurrent.CompletableFuture$UniExceptionally.tryFire(CompletableFuture.java:852)
	at java.util.concurrent.CompletableFuture.postComplete(CompletableFuture.java:474)
	at java.util.concurrent.CompletableFuture.completeExceptionally(CompletableFuture.java:1977)
	at org.apache.ratis.grpc.client.GrpcClientProtocolClient$AsyncStreamObservers.lambda$timeoutCheck$3(GrpcClientProtocolClient.java:324)
	at java.util.Optional.ifPresent(Optional.java:159)
	at org.apache.ratis.grpc.client.GrpcClientProtocolClient$AsyncStreamObservers.handleReplyFuture(GrpcClientProtocolClient.java:329)
	at org.apache.ratis.grpc.client.GrpcClientProtocolClient$AsyncStreamObservers.timeoutCheck(GrpcClientProtocolClient.java:324)
	at org.apache.ratis.grpc.client.GrpcClientProtocolClient$AsyncStreamObservers.lambda$onNext$1(GrpcClientProtocolClient.java:318)
	at org.apache.ratis.util.TimeoutScheduler.lambda$onTimeout$0(TimeoutScheduler.java:113)
	at org.apache.ratis.util.TimeoutScheduler.lambda$onTimeout$1(TimeoutScheduler.java:133)
	at org.apache.ratis.util.LogUtils.runAndLog(LogUtils.java:50)
	at org.apache.ratis.util.LogUtils$1.run(LogUtils.java:91)
	at java.util.concurrent.Executors$RunnableAdapter.call(Executors.java:511)
	at java.util.concurrent.FutureTask.run(FutureTask.java:266)
	at java.util.concurrent.ScheduledThreadPoolExecutor$ScheduledFutureTask.access$201(ScheduledThreadPoolExecutor.java:180)
	at java.util.concurrent.ScheduledThreadPoolExecutor$ScheduledFutureTask.run(ScheduledThreadPoolExecutor.java:293)
	at java.util.concurrent.ThreadPoolExecutor.runWorker(ThreadPoolExecutor.java:1149)
	at java.util.concurrent.ThreadPoolExecutor$Worker.run(ThreadPoolExecutor.java:624)
	at java.lang.Thread.run(Thread.java:748)
2019-10-10 01:26:06,492 [java.util.concurrent.ThreadPoolExecutor$Worker@3547fa1[State = -1, empty queue]] WARN  util.TimeoutScheduler (LogUtils.java:runAndLog(55)) - Failed to task #0: java.lang.NullPointerException
 0.00% |█                                                                                                    |  0/1 Time: 0:10:12 0.00% |█                                                                                                    |  0/1 Time: 0:10:13 0.00% |█                                                                                                    |  0/1 Time: 0:10:14 0.00% |█                                                                                                    |  0/1 Time: 0:10:152019-10-10 01:26:10,532 [java.util.concurrent.ThreadPoolExecutor$Worker@7650ca70[State = -1, empty queue]] ERROR client.GrpcClientProtocolClient (GrpcClientProtocolClient.java:close(148)) - Unexpected exception while waiting for channel termination
java.lang.InterruptedException
	at java.util.concurrent.locks.AbstractQueuedSynchronizer.tryAcquireSharedNanos(AbstractQueuedSynchronizer.java:1326)
	at java.util.concurrent.CountDownLatch.await(CountDownLatch.java:277)
	at org.apache.ratis.thirdparty.io.grpc.internal.ManagedChannelImpl.awaitTermination(ManagedChannelImpl.java:763)
	at org.apache.ratis.thirdparty.io.grpc.internal.ForwardingManagedChannel.awaitTermination(ForwardingManagedChannel.java:57)
	at org.apache.ratis.thirdparty.io.grpc.internal.ManagedChannelOrphanWrapper.awaitTermination(ManagedChannelOrphanWrapper.java:70)
	at org.apache.ratis.grpc.client.GrpcClientProtocolClient.close(GrpcClientProtocolClient.java:146)
	at org.apache.ratis.util.PeerProxyMap$PeerAndProxy.lambda$close$1(PeerProxyMap.java:74)
	at org.apache.ratis.util.LifeCycle.lambda$checkStateAndClose$2(LifeCycle.java:231)
	at org.apache.ratis.util.LifeCycle.checkStateAndClose(LifeCycle.java:251)
	at org.apache.ratis.util.LifeCycle.checkStateAndClose(LifeCycle.java:229)
	at org.apache.ratis.util.PeerProxyMap$PeerAndProxy.close(PeerProxyMap.java:70)
	at org.apache.ratis.util.PeerProxyMap.resetProxy(PeerProxyMap.java:127)
	at org.apache.ratis.util.PeerProxyMap.handleException(PeerProxyMap.java:136)
	at org.apache.ratis.client.impl.RaftClientRpcWithProxy.handleException(RaftClientRpcWithProxy.java:47)
	at org.apache.ratis.client.impl.RaftClientImpl.handleIOException(RaftClientImpl.java:372)
	at org.apache.ratis.client.impl.OrderedAsync.lambda$sendRequest$10(OrderedAsync.java:236)
	at java.util.concurrent.CompletableFuture.uniExceptionally(CompletableFuture.java:870)
	at java.util.concurrent.CompletableFuture$UniExceptionally.tryFire(CompletableFuture.java:852)
	at java.util.concurrent.CompletableFuture.postComplete(CompletableFuture.java:474)
	at java.util.concurrent.CompletableFuture.completeExceptionally(CompletableFuture.java:1977)
	at org.apache.ratis.grpc.client.GrpcClientProtocolClient$AsyncStreamObservers.lambda$timeoutCheck$3(GrpcClientProtocolClient.java:324)
	at java.util.Optional.ifPresent(Optional.java:159)
	at org.apache.ratis.grpc.client.GrpcClientProtocolClient$AsyncStreamObservers.handleReplyFuture(GrpcClientProtocolClient.java:329)
	at org.apache.ratis.grpc.client.GrpcClientProtocolClient$AsyncStreamObservers.timeoutCheck(GrpcClientProtocolClient.java:324)
	at org.apache.ratis.grpc.client.GrpcClientProtocolClient$AsyncStreamObservers.lambda$onNext$1(GrpcClientProtocolClient.java:318)
	at org.apache.ratis.util.TimeoutScheduler.lambda$onTimeout$0(TimeoutScheduler.java:113)
	at org.apache.ratis.util.TimeoutScheduler.lambda$onTimeout$1(TimeoutScheduler.java:133)
	at org.apache.ratis.util.LogUtils.runAndLog(LogUtils.java:50)
	at org.apache.ratis.util.LogUtils$1.run(LogUtils.java:91)
	at java.util.concurrent.Executors$RunnableAdapter.call(Executors.java:511)
	at java.util.concurrent.FutureTask.run(FutureTask.java:266)
	at java.util.concurrent.ScheduledThreadPoolExecutor$ScheduledFutureTask.access$201(ScheduledThreadPoolExecutor.java:180)
	at java.util.concurrent.ScheduledThreadPoolExecutor$ScheduledFutureTask.run(ScheduledThreadPoolExecutor.java:293)
	at java.util.concurrent.ThreadPoolExecutor.runWorker(ThreadPoolExecutor.java:1149)
	at java.util.concurrent.ThreadPoolExecutor$Worker.run(ThreadPoolExecutor.java:624)
	at java.lang.Thread.run(Thread.java:748)
2019-10-10 01:26:10,536 [java.util.concurrent.ThreadPoolExecutor$Worker@7650ca70[State = -1, empty queue]] WARN  util.TimeoutScheduler (LogUtils.java:runAndLog(55)) - Failed to task #0: java.lang.NullPointerException
 0.00% |█                                                                                                    |  0/1 Time: 0:10:16 0.00% |█                                                                                                    |  0/1 Time: 0:10:17 0.00% |█                                                                                                    |  0/1 Time: 0:10:18 0.00% |█                                                                                                    |  0/1 Time: 0:10:192019-10-10 01:26:14,581 [java.util.concurrent.ThreadPoolExecutor$Worker@76057d24[State = -1, empty queue]] ERROR client.GrpcClientProtocolClient (GrpcClientProtocolClient.java:close(148)) - Unexpected exception while waiting for channel termination
java.lang.InterruptedException
	at java.util.concurrent.locks.AbstractQueuedSynchronizer.tryAcquireSharedNanos(AbstractQueuedSynchronizer.java:1326)
	at java.util.concurrent.CountDownLatch.await(CountDownLatch.java:277)
	at org.apache.ratis.thirdparty.io.grpc.internal.ManagedChannelImpl.awaitTermination(ManagedChannelImpl.java:763)
	at org.apache.ratis.thirdparty.io.grpc.internal.ForwardingManagedChannel.awaitTermination(ForwardingManagedChannel.java:57)
	at org.apache.ratis.thirdparty.io.grpc.internal.ManagedChannelOrphanWrapper.awaitTermination(ManagedChannelOrphanWrapper.java:70)
	at org.apache.ratis.grpc.client.GrpcClientProtocolClient.close(GrpcClientProtocolClient.java:146)
	at org.apache.ratis.util.PeerProxyMap$PeerAndProxy.lambda$close$1(PeerProxyMap.java:74)
	at org.apache.ratis.util.LifeCycle.lambda$checkStateAndClose$2(LifeCycle.java:231)
	at org.apache.ratis.util.LifeCycle.checkStateAndClose(LifeCycle.java:251)
	at org.apache.ratis.util.LifeCycle.checkStateAndClose(LifeCycle.java:229)
	at org.apache.ratis.util.PeerProxyMap$PeerAndProxy.close(PeerProxyMap.java:70)
	at org.apache.ratis.util.PeerProxyMap.resetProxy(PeerProxyMap.java:127)
	at org.apache.ratis.util.PeerProxyMap.handleException(PeerProxyMap.java:136)
	at org.apache.ratis.client.impl.RaftClientRpcWithProxy.handleException(RaftClientRpcWithProxy.java:47)
	at org.apache.ratis.client.impl.RaftClientImpl.handleIOException(RaftClientImpl.java:372)
	at org.apache.ratis.client.impl.OrderedAsync.lambda$sendRequest$10(OrderedAsync.java:236)
	at java.util.concurrent.CompletableFuture.uniExceptionally(CompletableFuture.java:870)
	at java.util.concurrent.CompletableFuture$UniExceptionally.tryFire(CompletableFuture.java:852)
	at java.util.concurrent.CompletableFuture.postComplete(CompletableFuture.java:474)
	at java.util.concurrent.CompletableFuture.completeExceptionally(CompletableFuture.java:1977)
	at org.apache.ratis.grpc.client.GrpcClientProtocolClient$AsyncStreamObservers.lambda$timeoutCheck$3(GrpcClientProtocolClient.java:324)
	at java.util.Optional.ifPresent(Optional.java:159)
	at org.apache.ratis.grpc.client.GrpcClientProtocolClient$AsyncStreamObservers.handleReplyFuture(GrpcClientProtocolClient.java:329)
	at org.apache.ratis.grpc.client.GrpcClientProtocolClient$AsyncStreamObservers.timeoutCheck(GrpcClientProtocolClient.java:324)
	at org.apache.ratis.grpc.client.GrpcClientProtocolClient$AsyncStreamObservers.lambda$onNext$1(GrpcClientProtocolClient.java:318)
	at org.apache.ratis.util.TimeoutScheduler.lambda$onTimeout$0(TimeoutScheduler.java:113)
	at org.apache.ratis.util.TimeoutScheduler.lambda$onTimeout$1(TimeoutScheduler.java:133)
	at org.apache.ratis.util.LogUtils.runAndLog(LogUtils.java:50)
	at org.apache.ratis.util.LogUtils$1.run(LogUtils.java:91)
	at java.util.concurrent.Executors$RunnableAdapter.call(Executors.java:511)
	at java.util.concurrent.FutureTask.run(FutureTask.java:266)
	at java.util.concurrent.ScheduledThreadPoolExecutor$ScheduledFutureTask.access$201(ScheduledThreadPoolExecutor.java:180)
	at java.util.concurrent.ScheduledThreadPoolExecutor$ScheduledFutureTask.run(ScheduledThreadPoolExecutor.java:293)
	at java.util.concurrent.ThreadPoolExecutor.runWorker(ThreadPoolExecutor.java:1149)
	at java.util.concurrent.ThreadPoolExecutor$Worker.run(ThreadPoolExecutor.java:624)
	at java.lang.Thread.run(Thread.java:748)
2019-10-10 01:26:14,583 [java.util.concurrent.ThreadPoolExecutor$Worker@76057d24[State = -1, empty queue]] WARN  util.TimeoutScheduler (LogUtils.java:runAndLog(55)) - Failed to task #0: java.lang.NullPointerException
 0.00% |█                                                                                                    |  0/1 Time: 0:10:20 0.00% |█                                                                                                    |  0/1 Time: 0:10:21 0.00% |█                                                                                                    |  0/1 Time: 0:10:22 0.00% |█                                                                                                    |  0/1 Time: 0:10:232019-10-10 01:26:18,615 [java.util.concurrent.ThreadPoolExecutor$Worker@165e0803[State = -1, empty queue]] ERROR client.GrpcClientProtocolClient (GrpcClientProtocolClient.java:close(148)) - Unexpected exception while waiting for channel termination
java.lang.InterruptedException
	at java.util.concurrent.locks.AbstractQueuedSynchronizer.tryAcquireSharedNanos(AbstractQueuedSynchronizer.java:1326)
	at java.util.concurrent.CountDownLatch.await(CountDownLatch.java:277)
	at org.apache.ratis.thirdparty.io.grpc.internal.ManagedChannelImpl.awaitTermination(ManagedChannelImpl.java:763)
	at org.apache.ratis.thirdparty.io.grpc.internal.ForwardingManagedChannel.awaitTermination(ForwardingManagedChannel.java:57)
	at org.apache.ratis.thirdparty.io.grpc.internal.ManagedChannelOrphanWrapper.awaitTermination(ManagedChannelOrphanWrapper.java:70)
	at org.apache.ratis.grpc.client.GrpcClientProtocolClient.close(GrpcClientProtocolClient.java:146)
	at org.apache.ratis.util.PeerProxyMap$PeerAndProxy.lambda$close$1(PeerProxyMap.java:74)
	at org.apache.ratis.util.LifeCycle.lambda$checkStateAndClose$2(LifeCycle.java:231)
	at org.apache.ratis.util.LifeCycle.checkStateAndClose(LifeCycle.java:251)
	at org.apache.ratis.util.LifeCycle.checkStateAndClose(LifeCycle.java:229)
	at org.apache.ratis.util.PeerProxyMap$PeerAndProxy.close(PeerProxyMap.java:70)
	at org.apache.ratis.util.PeerProxyMap.resetProxy(PeerProxyMap.java:127)
	at org.apache.ratis.util.PeerProxyMap.handleException(PeerProxyMap.java:136)
	at org.apache.ratis.client.impl.RaftClientRpcWithProxy.handleException(RaftClientRpcWithProxy.java:47)
	at org.apache.ratis.client.impl.RaftClientImpl.handleIOException(RaftClientImpl.java:372)
	at org.apache.ratis.client.impl.OrderedAsync.lambda$sendRequest$10(OrderedAsync.java:236)
	at java.util.concurrent.CompletableFuture.uniExceptionally(CompletableFuture.java:870)
	at java.util.concurrent.CompletableFuture$UniExceptionally.tryFire(CompletableFuture.java:852)
	at java.util.concurrent.CompletableFuture.postComplete(CompletableFuture.java:474)
	at java.util.concurrent.CompletableFuture.completeExceptionally(CompletableFuture.java:1977)
	at org.apache.ratis.grpc.client.GrpcClientProtocolClient$AsyncStreamObservers.lambda$timeoutCheck$3(GrpcClientProtocolClient.java:324)
	at java.util.Optional.ifPresent(Optional.java:159)
	at org.apache.ratis.grpc.client.GrpcClientProtocolClient$AsyncStreamObservers.handleReplyFuture(GrpcClientProtocolClient.java:329)
	at org.apache.ratis.grpc.client.GrpcClientProtocolClient$AsyncStreamObservers.timeoutCheck(GrpcClientProtocolClient.java:324)
	at org.apache.ratis.grpc.client.GrpcClientProtocolClient$AsyncStreamObservers.lambda$onNext$1(GrpcClientProtocolClient.java:318)
	at org.apache.ratis.util.TimeoutScheduler.lambda$onTimeout$0(TimeoutScheduler.java:113)
	at org.apache.ratis.util.TimeoutScheduler.lambda$onTimeout$1(TimeoutScheduler.java:133)
	at org.apache.ratis.util.LogUtils.runAndLog(LogUtils.java:50)
	at org.apache.ratis.util.LogUtils$1.run(LogUtils.java:91)
	at java.util.concurrent.Executors$RunnableAdapter.call(Executors.java:511)
	at java.util.concurrent.FutureTask.run(FutureTask.java:266)
	at java.util.concurrent.ScheduledThreadPoolExecutor$ScheduledFutureTask.access$201(ScheduledThreadPoolExecutor.java:180)
	at java.util.concurrent.ScheduledThreadPoolExecutor$ScheduledFutureTask.run(ScheduledThreadPoolExecutor.java:293)
	at java.util.concurrent.ThreadPoolExecutor.runWorker(ThreadPoolExecutor.java:1149)
	at java.util.concurrent.ThreadPoolExecutor$Worker.run(ThreadPoolExecutor.java:624)
	at java.lang.Thread.run(Thread.java:748)
2019-10-10 01:26:18,616 [java.util.concurrent.ThreadPoolExecutor$Worker@165e0803[State = -1, empty queue]] WARN  util.TimeoutScheduler (LogUtils.java:runAndLog(55)) - Failed to task #0: java.lang.NullPointerException
 0.00% |█                                                                                                    |  0/1 Time: 0:10:24 0.00% |█                                                                                                    |  0/1 Time: 0:10:25 0.00% |█                                                                                                    |  0/1 Time: 0:10:26 0.00% |█                                                                                                    |  0/1 Time: 0:10:272019-10-10 01:26:22,649 [java.util.concurrent.ThreadPoolExecutor$Worker@1548b0fe[State = -1, empty queue]] ERROR client.GrpcClientProtocolClient (GrpcClientProtocolClient.java:close(148)) - Unexpected exception while waiting for channel termination
java.lang.InterruptedException
	at java.util.concurrent.locks.AbstractQueuedSynchronizer.tryAcquireSharedNanos(AbstractQueuedSynchronizer.java:1326)
	at java.util.concurrent.CountDownLatch.await(CountDownLatch.java:277)
	at org.apache.ratis.thirdparty.io.grpc.internal.ManagedChannelImpl.awaitTermination(ManagedChannelImpl.java:763)
	at org.apache.ratis.thirdparty.io.grpc.internal.ForwardingManagedChannel.awaitTermination(ForwardingManagedChannel.java:57)
	at org.apache.ratis.thirdparty.io.grpc.internal.ManagedChannelOrphanWrapper.awaitTermination(ManagedChannelOrphanWrapper.java:70)
	at org.apache.ratis.grpc.client.GrpcClientProtocolClient.close(GrpcClientProtocolClient.java:146)
	at org.apache.ratis.util.PeerProxyMap$PeerAndProxy.lambda$close$1(PeerProxyMap.java:74)
	at org.apache.ratis.util.LifeCycle.lambda$checkStateAndClose$2(LifeCycle.java:231)
	at org.apache.ratis.util.LifeCycle.checkStateAndClose(LifeCycle.java:251)
	at org.apache.ratis.util.LifeCycle.checkStateAndClose(LifeCycle.java:229)
	at org.apache.ratis.util.PeerProxyMap$PeerAndProxy.close(PeerProxyMap.java:70)
	at org.apache.ratis.util.PeerProxyMap.resetProxy(PeerProxyMap.java:127)
	at org.apache.ratis.util.PeerProxyMap.handleException(PeerProxyMap.java:136)
	at org.apache.ratis.client.impl.RaftClientRpcWithProxy.handleException(RaftClientRpcWithProxy.java:47)
	at org.apache.ratis.client.impl.RaftClientImpl.handleIOException(RaftClientImpl.java:372)
	at org.apache.ratis.client.impl.OrderedAsync.lambda$sendRequest$10(OrderedAsync.java:236)
	at java.util.concurrent.CompletableFuture.uniExceptionally(CompletableFuture.java:870)
	at java.util.concurrent.CompletableFuture$UniExceptionally.tryFire(CompletableFuture.java:852)
	at java.util.concurrent.CompletableFuture.postComplete(CompletableFuture.java:474)
	at java.util.concurrent.CompletableFuture.completeExceptionally(CompletableFuture.java:1977)
	at org.apache.ratis.grpc.client.GrpcClientProtocolClient$AsyncStreamObservers.lambda$timeoutCheck$3(GrpcClientProtocolClient.java:324)
	at java.util.Optional.ifPresent(Optional.java:159)
	at org.apache.ratis.grpc.client.GrpcClientProtocolClient$AsyncStreamObservers.handleReplyFuture(GrpcClientProtocolClient.java:329)
	at org.apache.ratis.grpc.client.GrpcClientProtocolClient$AsyncStreamObservers.timeoutCheck(GrpcClientProtocolClient.java:324)
	at org.apache.ratis.grpc.client.GrpcClientProtocolClient$AsyncStreamObservers.lambda$onNext$1(GrpcClientProtocolClient.java:318)
	at org.apache.ratis.util.TimeoutScheduler.lambda$onTimeout$0(TimeoutScheduler.java:113)
	at org.apache.ratis.util.TimeoutScheduler.lambda$onTimeout$1(TimeoutScheduler.java:133)
	at org.apache.ratis.util.LogUtils.runAndLog(LogUtils.java:50)
	at org.apache.ratis.util.LogUtils$1.run(LogUtils.java:91)
	at java.util.concurrent.Executors$RunnableAdapter.call(Executors.java:511)
	at java.util.concurrent.FutureTask.run(FutureTask.java:266)
	at java.util.concurrent.ScheduledThreadPoolExecutor$ScheduledFutureTask.access$201(ScheduledThreadPoolExecutor.java:180)
	at java.util.concurrent.ScheduledThreadPoolExecutor$ScheduledFutureTask.run(ScheduledThreadPoolExecutor.java:293)
	at java.util.concurrent.ThreadPoolExecutor.runWorker(ThreadPoolExecutor.java:1149)
	at java.util.concurrent.ThreadPoolExecutor$Worker.run(ThreadPoolExecutor.java:624)
	at java.lang.Thread.run(Thread.java:748)
2019-10-10 01:26:22,653 [java.util.concurrent.ThreadPoolExecutor$Worker@1548b0fe[State = -1, empty queue]] WARN  util.TimeoutScheduler (LogUtils.java:runAndLog(55)) - Failed to task #0: java.lang.NullPointerException
 0.00% |█                                                                                                    |  0/1 Time: 0:10:28 0.00% |█                                                                                                    |  0/1 Time: 0:10:29 0.00% |█                                                                                                    |  0/1 Time: 0:10:302019-10-10 01:26:25,232 [grpc-default-executor-19] INFO  impl.RaftServerProxy (RaftServerProxy.java:remove(95)) - 4b92f2f8-e489-47a4-a90a-1d3fa2a9a07f: remove  FOLLOWER 4b92f2f8-e489-47a4-a90a-1d3fa2a9a07f@group-07F44DEC43A0:t1, leader=fe8e0d95-22db-4b8a-875e-83bee4d716fb, voted=fe8e0d95-22db-4b8a-875e-83bee4d716fb, raftlog=4b92f2f8-e489-47a4-a90a-1d3fa2a9a07f@group-07F44DEC43A0-SegmentedRaftLog:OPENED:c0,f2,i2, conf=0: [4b92f2f8-e489-47a4-a90a-1d3fa2a9a07f:192.168.151.118:35849, 993817e1-c77a-472e-865f-a6e34ffe7967:192.168.151.118:41261, fe8e0d95-22db-4b8a-875e-83bee4d716fb:192.168.151.118:34352], old=null RUNNING
2019-10-10 01:26:25,233 [grpc-default-executor-19] INFO  impl.RaftServerImpl (RaftServerImpl.java:lambda$shutdown$3(247)) - 4b92f2f8-e489-47a4-a90a-1d3fa2a9a07f@group-07F44DEC43A0: shutdown
2019-10-10 01:26:25,233 [grpc-default-executor-19] INFO  util.JmxRegister (JmxRegister.java:unregister(73)) - Successfully un-registered JMX Bean with object name Ratis:service=RaftServer,group=group-07F44DEC43A0,id=4b92f2f8-e489-47a4-a90a-1d3fa2a9a07f
2019-10-10 01:26:25,233 [grpc-default-executor-19] INFO  impl.RoleInfo (RoleInfo.java:shutdownFollowerState(121)) - 4b92f2f8-e489-47a4-a90a-1d3fa2a9a07f: shutdown FollowerState
2019-10-10 01:26:25,233 [grpc-default-executor-19] INFO  impl.StateMachineUpdater (StateMachineUpdater.java:stopAndJoin(136)) - 4b92f2f8-e489-47a4-a90a-1d3fa2a9a07f@group-07F44DEC43A0-StateMachineUpdater: set stopIndex = 0
2019-10-10 01:26:25,233 [Thread-1584] INFO  impl.FollowerState (FollowerState.java:run(117)) - 4b92f2f8-e489-47a4-a90a-1d3fa2a9a07f@group-07F44DEC43A0-FollowerState was interrupted: java.lang.InterruptedException: sleep interrupted
2019-10-10 01:26:25,238 [grpc-default-executor-19] INFO  impl.RaftServerImpl (ServerState.java:close(387)) - 4b92f2f8-e489-47a4-a90a-1d3fa2a9a07f@group-07F44DEC43A0: closes. applyIndex: 0
2019-10-10 01:26:25,238 [4b92f2f8-e489-47a4-a90a-1d3fa2a9a07f@group-07F44DEC43A0-SegmentedRaftLogWorker] INFO  segmented.SegmentedRaftLogWorker (SegmentedRaftLogWorker.java:run(316)) - 4b92f2f8-e489-47a4-a90a-1d3fa2a9a07f@group-07F44DEC43A0-SegmentedRaftLogWorker was interrupted, exiting. There are 0 tasks remaining in the queue.
2019-10-10 01:26:25,240 [grpc-default-executor-19] INFO  segmented.SegmentedRaftLogWorker (SegmentedRaftLogWorker.java:close(224)) - 4b92f2f8-e489-47a4-a90a-1d3fa2a9a07f@group-07F44DEC43A0-SegmentedRaftLogWorker close()
2019-10-10 01:26:25,344 [grpc-default-executor-19] INFO  interfaces.Container (KeyValueContainer.java:flushAndSyncDB(386)) - Container 11 is synced with bcsId 0.
2019-10-10 01:26:25,344 [grpc-default-executor-19] INFO  interfaces.Container (KeyValueContainer.java:flushAndSyncDB(386)) - Container 11 is synced with bcsId 0.
2019-10-10 01:26:25,352 [EventQueue-IncrementalContainerReportForIncrementalContainerReportHandler] INFO  container.IncrementalContainerReportHandler (AbstractContainerReportHandler.java:updateContainerState(171)) - Moving container #11 to QUASI_CLOSED state, datanode 4b92f2f8-e489-47a4-a90a-1d3fa2a9a07f{ip: 192.168.151.118, host: pr-hdds-2194-jqrdw-3579824535, networkLocation: /default-rack, certSerialId: null} reported QUASI_CLOSED replica.
2019-10-10 01:26:25,357 [grpc-default-executor-19] INFO  impl.RaftServerProxy (RaftServerProxy.java:remove(95)) - fe8e0d95-22db-4b8a-875e-83bee4d716fb: remove    LEADER fe8e0d95-22db-4b8a-875e-83bee4d716fb@group-07F44DEC43A0:t1, leader=fe8e0d95-22db-4b8a-875e-83bee4d716fb, voted=fe8e0d95-22db-4b8a-875e-83bee4d716fb, raftlog=fe8e0d95-22db-4b8a-875e-83bee4d716fb@group-07F44DEC43A0-SegmentedRaftLog:OPENED:c0,f0,i2, conf=0: [4b92f2f8-e489-47a4-a90a-1d3fa2a9a07f:192.168.151.118:35849, 993817e1-c77a-472e-865f-a6e34ffe7967:192.168.151.118:41261, fe8e0d95-22db-4b8a-875e-83bee4d716fb:192.168.151.118:34352], old=null RUNNING
2019-10-10 01:26:25,357 [grpc-default-executor-19] INFO  impl.RaftServerImpl (RaftServerImpl.java:lambda$shutdown$3(247)) - fe8e0d95-22db-4b8a-875e-83bee4d716fb@group-07F44DEC43A0: shutdown
2019-10-10 01:26:25,357 [grpc-default-executor-19] INFO  util.JmxRegister (JmxRegister.java:unregister(73)) - Successfully un-registered JMX Bean with object name Ratis:service=RaftServer,group=group-07F44DEC43A0,id=fe8e0d95-22db-4b8a-875e-83bee4d716fb
2019-10-10 01:26:25,358 [grpc-default-executor-19] INFO  impl.RoleInfo (RoleInfo.java:shutdownLeaderState(104)) - fe8e0d95-22db-4b8a-875e-83bee4d716fb: shutdown LeaderState
2019-10-10 01:26:25,365 [org.apache.ratis.server.impl.LogAppender$AppenderDaemon$$Lambda$531/757553893@496bc665] WARN  server.GrpcLogAppender (GrpcLogAppender.java:mayWait(143)) - fe8e0d95-22db-4b8a-875e-83bee4d716fb@group-07F44DEC43A0->4b92f2f8-e489-47a4-a90a-1d3fa2a9a07f-GrpcLogAppender: Wait interrupted by java.lang.InterruptedException
2019-10-10 01:26:25,367 [org.apache.ratis.server.impl.LogAppender$AppenderDaemon$$Lambda$531/757553893@46e20b66] WARN  server.GrpcLogAppender (GrpcLogAppender.java:mayWait(143)) - fe8e0d95-22db-4b8a-875e-83bee4d716fb@group-07F44DEC43A0->993817e1-c77a-472e-865f-a6e34ffe7967-GrpcLogAppender: Wait interrupted by java.lang.InterruptedException
2019-10-10 01:26:25,365 [grpc-default-executor-19] INFO  impl.PendingRequests (PendingRequests.java:sendNotLeaderResponses(202)) - fe8e0d95-22db-4b8a-875e-83bee4d716fb@group-07F44DEC43A0-PendingRequests: sendNotLeaderResponses
2019-10-10 01:26:25,367 [grpc-default-executor-10] INFO  server.GrpcServerProtocolService (GrpcServerProtocolService.java:onCompleted(113)) - 4b92f2f8-e489-47a4-a90a-1d3fa2a9a07f: Completed APPEND_ENTRIES, lastRequest: fe8e0d95-22db-4b8a-875e-83bee4d716fb->4b92f2f8-e489-47a4-a90a-1d3fa2a9a07f#29-t1, previous=(t:1, i:2), leaderCommit=0, initializing? false, entries: <empty>
2019-10-10 01:26:25,367 [grpc-default-executor-17] INFO  server.GrpcServerProtocolService (GrpcServerProtocolService.java:onCompleted(113)) - 993817e1-c77a-472e-865f-a6e34ffe7967: Completed APPEND_ENTRIES, lastRequest: fe8e0d95-22db-4b8a-875e-83bee4d716fb->993817e1-c77a-472e-865f-a6e34ffe7967#29-t1, previous=(t:1, i:2), leaderCommit=0, initializing? false, entries: <empty>
2019-10-10 01:26:25,368 [grpc-default-executor-17] INFO  server.GrpcLogAppender (GrpcLogAppender.java:onCompleted(293)) - fe8e0d95-22db-4b8a-875e-83bee4d716fb@group-07F44DEC43A0->4b92f2f8-e489-47a4-a90a-1d3fa2a9a07f-AppendLogResponseHandler: follower responses appendEntries COMPLETED
2019-10-10 01:26:25,371 [grpc-default-executor-19] INFO  impl.StateMachineUpdater (StateMachineUpdater.java:stopAndJoin(136)) - fe8e0d95-22db-4b8a-875e-83bee4d716fb@group-07F44DEC43A0-StateMachineUpdater: set stopIndex = 0
2019-10-10 01:26:25,371 [grpc-default-executor-19] INFO  impl.RaftServerImpl (ServerState.java:close(387)) - fe8e0d95-22db-4b8a-875e-83bee4d716fb@group-07F44DEC43A0: closes. applyIndex: 0
2019-10-10 01:26:25,372 [grpc-default-executor-24] INFO  server.GrpcLogAppender (GrpcLogAppender.java:onCompleted(293)) - fe8e0d95-22db-4b8a-875e-83bee4d716fb@group-07F44DEC43A0->993817e1-c77a-472e-865f-a6e34ffe7967-AppendLogResponseHandler: follower responses appendEntries COMPLETED
2019-10-10 01:26:25,372 [fe8e0d95-22db-4b8a-875e-83bee4d716fb@group-07F44DEC43A0-SegmentedRaftLogWorker] INFO  segmented.SegmentedRaftLogWorker (SegmentedRaftLogWorker.java:run(316)) - fe8e0d95-22db-4b8a-875e-83bee4d716fb@group-07F44DEC43A0-SegmentedRaftLogWorker was interrupted, exiting. There are 0 tasks remaining in the queue.
2019-10-10 01:26:25,374 [grpc-default-executor-19] INFO  segmented.SegmentedRaftLogWorker (SegmentedRaftLogWorker.java:close(224)) - fe8e0d95-22db-4b8a-875e-83bee4d716fb@group-07F44DEC43A0-SegmentedRaftLogWorker close()
2019-10-10 01:26:25,387 [grpc-default-executor-19] INFO  impl.RaftServerProxy (RaftServerProxy.java:remove(95)) - 993817e1-c77a-472e-865f-a6e34ffe7967: remove  FOLLOWER 993817e1-c77a-472e-865f-a6e34ffe7967@group-07F44DEC43A0:t1, leader=fe8e0d95-22db-4b8a-875e-83bee4d716fb, voted=fe8e0d95-22db-4b8a-875e-83bee4d716fb, raftlog=993817e1-c77a-472e-865f-a6e34ffe7967@group-07F44DEC43A0-SegmentedRaftLog:OPENED:c0,f2,i2, conf=0: [4b92f2f8-e489-47a4-a90a-1d3fa2a9a07f:192.168.151.118:35849, 993817e1-c77a-472e-865f-a6e34ffe7967:192.168.151.118:41261, fe8e0d95-22db-4b8a-875e-83bee4d716fb:192.168.151.118:34352], old=null RUNNING
2019-10-10 01:26:25,387 [grpc-default-executor-19] INFO  impl.RaftServerImpl (RaftServerImpl.java:lambda$shutdown$3(247)) - 993817e1-c77a-472e-865f-a6e34ffe7967@group-07F44DEC43A0: shutdown
2019-10-10 01:26:25,387 [grpc-default-executor-19] INFO  util.JmxRegister (JmxRegister.java:unregister(73)) - Successfully un-registered JMX Bean with object name Ratis:service=RaftServer,group=group-07F44DEC43A0,id=993817e1-c77a-472e-865f-a6e34ffe7967
2019-10-10 01:26:25,387 [grpc-default-executor-19] INFO  impl.RoleInfo (RoleInfo.java:shutdownFollowerState(121)) - 993817e1-c77a-472e-865f-a6e34ffe7967: shutdown FollowerState
2019-10-10 01:26:25,388 [grpc-default-executor-19] INFO  impl.StateMachineUpdater (StateMachineUpdater.java:stopAndJoin(136)) - 993817e1-c77a-472e-865f-a6e34ffe7967@group-07F44DEC43A0-StateMachineUpdater: set stopIndex = 0
2019-10-10 01:26:25,388 [Thread-1583] INFO  impl.FollowerState (FollowerState.java:run(117)) - 993817e1-c77a-472e-865f-a6e34ffe7967@group-07F44DEC43A0-FollowerState was interrupted: java.lang.InterruptedException: sleep interrupted
2019-10-10 01:26:25,389 [grpc-default-executor-19] INFO  impl.RaftServerImpl (ServerState.java:close(387)) - 993817e1-c77a-472e-865f-a6e34ffe7967@group-07F44DEC43A0: closes. applyIndex: 0
2019-10-10 01:26:25,391 [993817e1-c77a-472e-865f-a6e34ffe7967@group-07F44DEC43A0-SegmentedRaftLogWorker] INFO  segmented.SegmentedRaftLogWorker (SegmentedRaftLogWorker.java:run(316)) - 993817e1-c77a-472e-865f-a6e34ffe7967@group-07F44DEC43A0-SegmentedRaftLogWorker was interrupted, exiting. There are 0 tasks remaining in the queue.
2019-10-10 01:26:25,393 [grpc-default-executor-19] INFO  segmented.SegmentedRaftLogWorker (SegmentedRaftLogWorker.java:close(224)) - 993817e1-c77a-472e-865f-a6e34ffe7967@group-07F44DEC43A0-SegmentedRaftLogWorker close()
2019-10-10 01:26:25,434 [grpc-default-executor-19] INFO  interfaces.Container (KeyValueContainer.java:flushAndSyncDB(386)) - Container 11 is synced with bcsId 0.
2019-10-10 01:26:25,434 [grpc-default-executor-19] INFO  interfaces.Container (KeyValueContainer.java:flushAndSyncDB(386)) - Container 11 is synced with bcsId 0.
2019-10-10 01:26:25,443 [RatisPipelineUtilsThread] INFO  pipeline.PipelineStateManager (PipelineStateManager.java:removePipeline(108)) - Pipeline Pipeline[ Id: 79fe36e0-c8cc-406e-a4c7-07f44dec43a0, Nodes: 4b92f2f8-e489-47a4-a90a-1d3fa2a9a07f{ip: 192.168.151.118, host: pr-hdds-2194-jqrdw-3579824535, networkLocation: /default-rack, certSerialId: null}fe8e0d95-22db-4b8a-875e-83bee4d716fb{ip: 192.168.151.118, host: pr-hdds-2194-jqrdw-3579824535, networkLocation: /default-rack, certSerialId: null}993817e1-c77a-472e-865f-a6e34ffe7967{ip: 192.168.151.118, host: pr-hdds-2194-jqrdw-3579824535, networkLocation: /default-rack, certSerialId: null}, Type:RATIS, Factor:THREE, State:CLOSED] removed from db
2019-10-10 01:26:25,447 [grpc-default-executor-19] INFO  impl.RaftServerProxy (RaftServerProxy.java:remove(95)) - 4b92f2f8-e489-47a4-a90a-1d3fa2a9a07f: remove group-07F44DEC43A0:null
2019-10-10 01:26:25,452 [RatisPipelineUtilsThread] WARN  pipeline.RatisPipelineUtils (RatisPipelineUtils.java:destroyPipeline(69)) - Pipeline destroy failed for pipeline=PipelineID=79fe36e0-c8cc-406e-a4c7-07f44dec43a0 dn=4b92f2f8-e489-47a4-a90a-1d3fa2a9a07f{ip: 192.168.151.118, host: pr-hdds-2194-jqrdw-3579824535, networkLocation: /default-rack, certSerialId: null}
2019-10-10 01:26:25,457 [grpc-default-executor-19] INFO  impl.RaftServerProxy (RaftServerProxy.java:remove(95)) - fe8e0d95-22db-4b8a-875e-83bee4d716fb: remove group-07F44DEC43A0:null
2019-10-10 01:26:25,461 [RatisPipelineUtilsThread] WARN  pipeline.RatisPipelineUtils (RatisPipelineUtils.java:destroyPipeline(69)) - Pipeline destroy failed for pipeline=PipelineID=79fe36e0-c8cc-406e-a4c7-07f44dec43a0 dn=fe8e0d95-22db-4b8a-875e-83bee4d716fb{ip: 192.168.151.118, host: pr-hdds-2194-jqrdw-3579824535, networkLocation: /default-rack, certSerialId: null}
2019-10-10 01:26:25,465 [grpc-default-executor-19] INFO  impl.RaftServerProxy (RaftServerProxy.java:remove(95)) - 993817e1-c77a-472e-865f-a6e34ffe7967: remove group-07F44DEC43A0:null
2019-10-10 01:26:25,470 [RatisPipelineUtilsThread] WARN  pipeline.RatisPipelineUtils (RatisPipelineUtils.java:destroyPipeline(69)) - Pipeline destroy failed for pipeline=PipelineID=79fe36e0-c8cc-406e-a4c7-07f44dec43a0 dn=993817e1-c77a-472e-865f-a6e34ffe7967{ip: 192.168.151.118, host: pr-hdds-2194-jqrdw-3579824535, networkLocation: /default-rack, certSerialId: null}
2019-10-10 01:26:25,470 [RatisPipelineUtilsThread] ERROR pipeline.SCMPipelineManager (Scheduler.java:lambda$schedule$1(70)) - Destroy pipeline failed for pipeline:Pipeline[ Id: 79fe36e0-c8cc-406e-a4c7-07f44dec43a0, Nodes: 4b92f2f8-e489-47a4-a90a-1d3fa2a9a07f{ip: 192.168.151.118, host: pr-hdds-2194-jqrdw-3579824535, networkLocation: /default-rack, certSerialId: null}fe8e0d95-22db-4b8a-875e-83bee4d716fb{ip: 192.168.151.118, host: pr-hdds-2194-jqrdw-3579824535, networkLocation: /default-rack, certSerialId: null}993817e1-c77a-472e-865f-a6e34ffe7967{ip: 192.168.151.118, host: pr-hdds-2194-jqrdw-3579824535, networkLocation: /default-rack, certSerialId: null}, Type:RATIS, Factor:THREE, State:CLOSED]
org.apache.hadoop.hdds.scm.pipeline.PipelineNotFoundException: PipelineID=79fe36e0-c8cc-406e-a4c7-07f44dec43a0 not found
	at org.apache.hadoop.hdds.scm.pipeline.PipelineStateMap.getPipeline(PipelineStateMap.java:132)
	at org.apache.hadoop.hdds.scm.pipeline.PipelineStateMap.removePipeline(PipelineStateMap.java:322)
	at org.apache.hadoop.hdds.scm.pipeline.PipelineStateManager.removePipeline(PipelineStateManager.java:107)
	at org.apache.hadoop.hdds.scm.pipeline.SCMPipelineManager.removePipeline(SCMPipelineManager.java:427)
	at org.apache.hadoop.hdds.scm.pipeline.SCMPipelineManager.destroyPipeline(SCMPipelineManager.java:413)
	at org.apache.hadoop.hdds.scm.pipeline.SCMPipelineManager.lambda$finalizeAndDestroyPipeline$0(SCMPipelineManager.java:322)
	at org.apache.hadoop.hdds.utils.Scheduler.lambda$schedule$1(Scheduler.java:68)
	at java.util.concurrent.Executors$RunnableAdapter.call(Executors.java:511)
	at java.util.concurrent.FutureTask.run(FutureTask.java:266)
	at java.util.concurrent.ScheduledThreadPoolExecutor$ScheduledFutureTask.access$201(ScheduledThreadPoolExecutor.java:180)
	at java.util.concurrent.ScheduledThreadPoolExecutor$ScheduledFutureTask.run(ScheduledThreadPoolExecutor.java:293)
	at java.util.concurrent.ThreadPoolExecutor.runWorker(ThreadPoolExecutor.java:1149)
	at java.util.concurrent.ThreadPoolExecutor$Worker.run(ThreadPoolExecutor.java:624)
	at java.lang.Thread.run(Thread.java:748)
 0.00% |█                                                                                                    |  0/1 Time: 0:10:312019-10-10 01:26:26,403 [pool-73-thread-3] WARN  io.KeyOutputStream (KeyOutputStream.java:handleException(274)) - Encountered exception java.io.IOException: Unexpected Storage Container Exception: java.util.concurrent.CompletionException: java.util.concurrent.CompletionException: org.apache.ratis.protocol.GroupMismatchException: 4b92f2f8-e489-47a4-a90a-1d3fa2a9a07f: group-07F44DEC43A0 not found. on the pipeline Pipeline[ Id: 79fe36e0-c8cc-406e-a4c7-07f44dec43a0, Nodes: 4b92f2f8-e489-47a4-a90a-1d3fa2a9a07f{ip: 192.168.151.118, host: pr-hdds-2194-jqrdw-3579824535, networkLocation: /default-rack, certSerialId: null}fe8e0d95-22db-4b8a-875e-83bee4d716fb{ip: 192.168.151.118, host: pr-hdds-2194-jqrdw-3579824535, networkLocation: /default-rack, certSerialId: null}993817e1-c77a-472e-865f-a6e34ffe7967{ip: 192.168.151.118, host: pr-hdds-2194-jqrdw-3579824535, networkLocation: /default-rack, certSerialId: null}, Type:RATIS, Factor:THREE, State:OPEN]. The last committed block length is 0, uncommitted data length is 2097152 retry count 8
2019-10-10 01:26:26,614 [pool-46-thread-16] ERROR impl.ChunkManagerImpl (ChunkManagerDummyImpl.java:writeChunk(86)) - data array does not match the length specified. DataLen: 1048576 Byte Array: 1048748
2019-10-10 01:26:26,617 [pool-46-thread-16] ERROR impl.ChunkManagerDummyImpl (ChunkManagerDummyImpl.java:writeChunk(105)) - write data failed. error: {}
org.apache.hadoop.hdds.scm.container.common.helpers.StorageContainerException: data array does not match the length specified. DataLen: 1048576 Byte Array: 1048748
	at org.apache.hadoop.ozone.container.keyvalue.impl.ChunkManagerDummyImpl.writeChunk(ChunkManagerDummyImpl.java:87)
	at org.apache.hadoop.ozone.container.keyvalue.KeyValueHandler.handleWriteChunk(KeyValueHandler.java:696)
	at org.apache.hadoop.ozone.container.keyvalue.KeyValueHandler.handle(KeyValueHandler.java:176)
	at org.apache.hadoop.ozone.container.common.impl.HddsDispatcher.dispatchRequest(HddsDispatcher.java:277)
	at org.apache.hadoop.ozone.container.common.impl.HddsDispatcher.dispatch(HddsDispatcher.java:150)
	at org.apache.hadoop.ozone.container.common.transport.server.ratis.ContainerStateMachine.dispatchCommand(ContainerStateMachine.java:413)
	at org.apache.hadoop.ozone.container.common.transport.server.ratis.ContainerStateMachine.runCommand(ContainerStateMachine.java:423)
	at org.apache.hadoop.ozone.container.common.transport.server.ratis.ContainerStateMachine.lambda$handleWriteChunk$1(ContainerStateMachine.java:458)
	at java.util.concurrent.CompletableFuture$AsyncSupply.run(CompletableFuture.java:1590)
	at java.util.concurrent.ThreadPoolExecutor.runWorker(ThreadPoolExecutor.java:1149)
	at java.util.concurrent.ThreadPoolExecutor$Worker.run(ThreadPoolExecutor.java:624)
	at java.lang.Thread.run(Thread.java:748)
2019-10-10 01:26:26,618 [pool-46-thread-16] INFO  keyvalue.KeyValueHandler (ContainerUtils.java:logAndReturnError(146)) - Operation: WriteChunk : Trace ID: a21490a0e8815135:cf4c657b7788b9d:3460afdd42d0416b:0 : Message: Internal error:  : Result: CONTAINER_INTERNAL_ERROR
2019-10-10 01:26:26,631 [EventQueue-IncrementalContainerReportForIncrementalContainerReportHandler] WARN  container.IncrementalContainerReportHandler (AbstractContainerReportHandler.java:updateContainerState(145)) - Container #12 is in OPEN state, but the datanode fe8e0d95-22db-4b8a-875e-83bee4d716fb{ip: 192.168.151.118, host: pr-hdds-2194-jqrdw-3579824535, networkLocation: /default-rack, certSerialId: null} reports an UNHEALTHY replica.
2019-10-10 01:26:26,634 [EventQueue-CloseContainerForCloseContainerEventHandler] INFO  container.CloseContainerEventHandler (CloseContainerEventHandler.java:onMessage(61)) - Close container Event triggered for container : #12
01:26:26.631 [pool-46-thread-16] ERROR DNAudit - user=null | ip=null | op=WRITE_CHUNK {blockData=conID: 12 locID: 102935480660590606 bcsId: 0} | ret=FAILURE
java.lang.Exception: Internal error: 
	at org.apache.hadoop.ozone.container.common.impl.HddsDispatcher.dispatchRequest(HddsDispatcher.java:332) ~[hadoop-hdds-container-service-0.5.0-SNAPSHOT.jar:?]
	at org.apache.hadoop.ozone.container.common.impl.HddsDispatcher.dispatch(HddsDispatcher.java:150) ~[hadoop-hdds-container-service-0.5.0-SNAPSHOT.jar:?]
	at org.apache.hadoop.ozone.container.common.transport.server.ratis.ContainerStateMachine.dispatchCommand(ContainerStateMachine.java:413) ~[hadoop-hdds-container-service-0.5.0-SNAPSHOT.jar:?]
	at org.apache.hadoop.ozone.container.common.transport.server.ratis.ContainerStateMachine.runCommand(ContainerStateMachine.java:423) ~[hadoop-hdds-container-service-0.5.0-SNAPSHOT.jar:?]
	at org.apache.hadoop.ozone.container.common.transport.server.ratis.ContainerStateMachine.lambda$handleWriteChunk$1(ContainerStateMachine.java:458) ~[hadoop-hdds-container-service-0.5.0-SNAPSHOT.jar:?]
	at java.util.concurrent.CompletableFuture$AsyncSupply.run(CompletableFuture.java:1590) [?:1.8.0_212]
	at java.util.concurrent.ThreadPoolExecutor.runWorker(ThreadPoolExecutor.java:1149) [?:1.8.0_212]
	at java.util.concurrent.ThreadPoolExecutor$Worker.run(ThreadPoolExecutor.java:624) [?:1.8.0_212]
	at java.lang.Thread.run(Thread.java:748) [?:1.8.0_212]
2019-10-10 01:26:26,635 [pool-46-thread-16] ERROR ratis.ContainerStateMachine (ContainerStateMachine.java:lambda$handleWriteChunk$2(480)) - group-A20FF7CF4119: writeChunk writeStateMachineData failed: blockIdcontainerID: 12
localID: 102935480660590606
blockCommitSequenceId: 0
 logIndex 1 chunkName 102935480660590606_chunk_1 Error message: Internal error:  Container Result: CONTAINER_INTERNAL_ERROR
2019-10-10 01:26:26,635 [fe8e0d95-22db-4b8a-875e-83bee4d716fb@group-A20FF7CF4119-SegmentedRaftLogWorker] ERROR ratis.XceiverServerRatis (XceiverServerRatis.java:triggerPipelineClose(582)) - pipeline Action CLOSE  on pipeline PipelineID=8094cf12-8a89-433b-9dc2-a20ff7cf4119.Reason : Internal error: 
2019-10-10 01:26:26,635 [fe8e0d95-22db-4b8a-875e-83bee4d716fb@group-A20FF7CF4119-SegmentedRaftLogWorker] ERROR ratis.XceiverServerRatis (XceiverServerRatis.java:triggerPipelineClose(582)) - pipeline Action CLOSE  on pipeline PipelineID=8094cf12-8a89-433b-9dc2-a20ff7cf4119.Reason : Log already failed at index 1 for task WriteLog:1: (t:1, i:1), STATEMACHINELOGENTRY, client-0A5C14447A35, cid=122
2019-10-10 01:26:26,636 [EventQueue-PipelineActionsForPipelineActionHandler] ERROR pipeline.PipelineActionHandler (PipelineActionHandler.java:onMessage(60)) - Received pipeline action CLOSE for Pipeline[ Id: 8094cf12-8a89-433b-9dc2-a20ff7cf4119, Nodes: 4b92f2f8-e489-47a4-a90a-1d3fa2a9a07f{ip: 192.168.151.118, host: pr-hdds-2194-jqrdw-3579824535, networkLocation: /default-rack, certSerialId: null}fe8e0d95-22db-4b8a-875e-83bee4d716fb{ip: 192.168.151.118, host: pr-hdds-2194-jqrdw-3579824535, networkLocation: /default-rack, certSerialId: null}993817e1-c77a-472e-865f-a6e34ffe7967{ip: 192.168.151.118, host: pr-hdds-2194-jqrdw-3579824535, networkLocation: /default-rack, certSerialId: null}, Type:RATIS, Factor:THREE, State:OPEN] from datanode fe8e0d95-22db-4b8a-875e-83bee4d716fb{ip: 192.168.151.118, host: pr-hdds-2194-jqrdw-3579824535, networkLocation: /default-rack, certSerialId: null}. Reason : Internal error: 
2019-10-10 01:26:26,636 [EventQueue-PipelineActionsForPipelineActionHandler] INFO  pipeline.SCMPipelineManager (SCMPipelineManager.java:finalizeAndDestroyPipeline(315)) - destroying pipeline:Pipeline[ Id: 8094cf12-8a89-433b-9dc2-a20ff7cf4119, Nodes: 4b92f2f8-e489-47a4-a90a-1d3fa2a9a07f{ip: 192.168.151.118, host: pr-hdds-2194-jqrdw-3579824535, networkLocation: /default-rack, certSerialId: null}fe8e0d95-22db-4b8a-875e-83bee4d716fb{ip: 192.168.151.118, host: pr-hdds-2194-jqrdw-3579824535, networkLocation: /default-rack, certSerialId: null}993817e1-c77a-472e-865f-a6e34ffe7967{ip: 192.168.151.118, host: pr-hdds-2194-jqrdw-3579824535, networkLocation: /default-rack, certSerialId: null}, Type:RATIS, Factor:THREE, State:OPEN]
2019-10-10 01:26:26,636 [EventQueue-PipelineActionsForPipelineActionHandler] INFO  pipeline.PipelineStateManager (PipelineStateManager.java:finalizePipeline(123)) - Pipeline Pipeline[ Id: 8094cf12-8a89-433b-9dc2-a20ff7cf4119, Nodes: 4b92f2f8-e489-47a4-a90a-1d3fa2a9a07f{ip: 192.168.151.118, host: pr-hdds-2194-jqrdw-3579824535, networkLocation: /default-rack, certSerialId: null}fe8e0d95-22db-4b8a-875e-83bee4d716fb{ip: 192.168.151.118, host: pr-hdds-2194-jqrdw-3579824535, networkLocation: /default-rack, certSerialId: null}993817e1-c77a-472e-865f-a6e34ffe7967{ip: 192.168.151.118, host: pr-hdds-2194-jqrdw-3579824535, networkLocation: /default-rack, certSerialId: null}, Type:RATIS, Factor:THREE, State:CLOSED] moved to CLOSED state
2019-10-10 01:26:26,637 [EventQueue-PipelineActionsForPipelineActionHandler] ERROR pipeline.PipelineActionHandler (PipelineActionHandler.java:onMessage(60)) - Received pipeline action CLOSE for Pipeline[ Id: 8094cf12-8a89-433b-9dc2-a20ff7cf4119, Nodes: 4b92f2f8-e489-47a4-a90a-1d3fa2a9a07f{ip: 192.168.151.118, host: pr-hdds-2194-jqrdw-3579824535, networkLocation: /default-rack, certSerialId: null}fe8e0d95-22db-4b8a-875e-83bee4d716fb{ip: 192.168.151.118, host: pr-hdds-2194-jqrdw-3579824535, networkLocation: /default-rack, certSerialId: null}993817e1-c77a-472e-865f-a6e34ffe7967{ip: 192.168.151.118, host: pr-hdds-2194-jqrdw-3579824535, networkLocation: /default-rack, certSerialId: null}, Type:RATIS, Factor:THREE, State:CLOSED] from datanode fe8e0d95-22db-4b8a-875e-83bee4d716fb{ip: 192.168.151.118, host: pr-hdds-2194-jqrdw-3579824535, networkLocation: /default-rack, certSerialId: null}. Reason : Log already failed at index 1 for task WriteLog:1: (t:1, i:1), STATEMACHINELOGENTRY, client-0A5C14447A35, cid=122
2019-10-10 01:26:26,637 [EventQueue-PipelineActionsForPipelineActionHandler] INFO  pipeline.SCMPipelineManager (SCMPipelineManager.java:finalizeAndDestroyPipeline(315)) - destroying pipeline:Pipeline[ Id: 8094cf12-8a89-433b-9dc2-a20ff7cf4119, Nodes: 4b92f2f8-e489-47a4-a90a-1d3fa2a9a07f{ip: 192.168.151.118, host: pr-hdds-2194-jqrdw-3579824535, networkLocation: /default-rack, certSerialId: null}fe8e0d95-22db-4b8a-875e-83bee4d716fb{ip: 192.168.151.118, host: pr-hdds-2194-jqrdw-3579824535, networkLocation: /default-rack, certSerialId: null}993817e1-c77a-472e-865f-a6e34ffe7967{ip: 192.168.151.118, host: pr-hdds-2194-jqrdw-3579824535, networkLocation: /default-rack, certSerialId: null}, Type:RATIS, Factor:THREE, State:CLOSED]
 0.00% |█                                                                                                    |  0/1 Time: 0:10:32 0.00% |█                                                                                                    |  0/1 Time: 0:10:33 0.00% |█                                                                                                    |  0/1 Time: 0:10:342019-10-10 01:26:29,490 [java.util.concurrent.ThreadPoolExecutor$Worker@6a058f53[State = -1, empty queue]] ERROR client.GrpcClientProtocolClient (GrpcClientProtocolClient.java:close(148)) - Unexpected exception while waiting for channel termination
java.lang.InterruptedException
	at java.util.concurrent.locks.AbstractQueuedSynchronizer.tryAcquireSharedNanos(AbstractQueuedSynchronizer.java:1326)
	at java.util.concurrent.CountDownLatch.await(CountDownLatch.java:277)
	at org.apache.ratis.thirdparty.io.grpc.internal.ManagedChannelImpl.awaitTermination(ManagedChannelImpl.java:763)
	at org.apache.ratis.thirdparty.io.grpc.internal.ForwardingManagedChannel.awaitTermination(ForwardingManagedChannel.java:57)
	at org.apache.ratis.thirdparty.io.grpc.internal.ManagedChannelOrphanWrapper.awaitTermination(ManagedChannelOrphanWrapper.java:70)
	at org.apache.ratis.grpc.client.GrpcClientProtocolClient.close(GrpcClientProtocolClient.java:146)
	at org.apache.ratis.util.PeerProxyMap$PeerAndProxy.lambda$close$1(PeerProxyMap.java:74)
	at org.apache.ratis.util.LifeCycle.lambda$checkStateAndClose$2(LifeCycle.java:231)
	at org.apache.ratis.util.LifeCycle.checkStateAndClose(LifeCycle.java:251)
	at org.apache.ratis.util.LifeCycle.checkStateAndClose(LifeCycle.java:229)
	at org.apache.ratis.util.PeerProxyMap$PeerAndProxy.close(PeerProxyMap.java:70)
	at org.apache.ratis.util.PeerProxyMap.resetProxy(PeerProxyMap.java:127)
	at org.apache.ratis.util.PeerProxyMap.handleException(PeerProxyMap.java:136)
	at org.apache.ratis.client.impl.RaftClientRpcWithProxy.handleException(RaftClientRpcWithProxy.java:47)
	at org.apache.ratis.client.impl.RaftClientImpl.handleIOException(RaftClientImpl.java:372)
	at org.apache.ratis.client.impl.OrderedAsync.lambda$sendRequest$10(OrderedAsync.java:236)
	at java.util.concurrent.CompletableFuture.uniExceptionally(CompletableFuture.java:870)
	at java.util.concurrent.CompletableFuture$UniExceptionally.tryFire(CompletableFuture.java:852)
	at java.util.concurrent.CompletableFuture.postComplete(CompletableFuture.java:474)
	at java.util.concurrent.CompletableFuture.completeExceptionally(CompletableFuture.java:1977)
	at org.apache.ratis.grpc.client.GrpcClientProtocolClient$AsyncStreamObservers.lambda$timeoutCheck$3(GrpcClientProtocolClient.java:324)
	at java.util.Optional.ifPresent(Optional.java:159)
	at org.apache.ratis.grpc.client.GrpcClientProtocolClient$AsyncStreamObservers.handleReplyFuture(GrpcClientProtocolClient.java:329)
	at org.apache.ratis.grpc.client.GrpcClientProtocolClient$AsyncStreamObservers.timeoutCheck(GrpcClientProtocolClient.java:324)
	at org.apache.ratis.grpc.client.GrpcClientProtocolClient$AsyncStreamObservers.lambda$onNext$1(GrpcClientProtocolClient.java:318)
	at org.apache.ratis.util.TimeoutScheduler.lambda$onTimeout$0(TimeoutScheduler.java:113)
	at org.apache.ratis.util.TimeoutScheduler.lambda$onTimeout$1(TimeoutScheduler.java:133)
	at org.apache.ratis.util.LogUtils.runAndLog(LogUtils.java:50)
	at org.apache.ratis.util.LogUtils$1.run(LogUtils.java:91)
	at java.util.concurrent.Executors$RunnableAdapter.call(Executors.java:511)
	at java.util.concurrent.FutureTask.run(FutureTask.java:266)
	at java.util.concurrent.ScheduledThreadPoolExecutor$ScheduledFutureTask.access$201(ScheduledThreadPoolExecutor.java:180)
	at java.util.concurrent.ScheduledThreadPoolExecutor$ScheduledFutureTask.run(ScheduledThreadPoolExecutor.java:293)
	at java.util.concurrent.ThreadPoolExecutor.runWorker(ThreadPoolExecutor.java:1149)
	at java.util.concurrent.ThreadPoolExecutor$Worker.run(ThreadPoolExecutor.java:624)
	at java.lang.Thread.run(Thread.java:748)
2019-10-10 01:26:29,493 [java.util.concurrent.ThreadPoolExecutor$Worker@6a058f53[State = -1, empty queue]] WARN  util.TimeoutScheduler (LogUtils.java:runAndLog(55)) - Failed to task #0: java.lang.NullPointerException
 0.00% |█                                                                                                    |  0/1 Time: 0:10:352019-10-10 01:26:30,372 [grpc-default-executor-17] INFO  impl.FollowerInfo (FollowerInfo.java:lambda$new$0(51)) - fe8e0d95-22db-4b8a-875e-83bee4d716fb@group-07F44DEC43A0->4b92f2f8-e489-47a4-a90a-1d3fa2a9a07f: nextIndex: updateUnconditionally 3 -> 2
 0.00% |█                                                                                                    |  0/1 Time: 0:10:36 0.00% |█                                                                                                    |  0/1 Time: 0:10:37 0.00% |█                                                                                                    |  0/1 Time: 0:10:382019-10-10 01:26:33,552 [java.util.concurrent.ThreadPoolExecutor$Worker@e640e97[State = -1, empty queue]] ERROR client.GrpcClientProtocolClient (GrpcClientProtocolClient.java:close(148)) - Unexpected exception while waiting for channel termination
java.lang.InterruptedException
	at java.util.concurrent.locks.AbstractQueuedSynchronizer.tryAcquireSharedNanos(AbstractQueuedSynchronizer.java:1326)
	at java.util.concurrent.CountDownLatch.await(CountDownLatch.java:277)
	at org.apache.ratis.thirdparty.io.grpc.internal.ManagedChannelImpl.awaitTermination(ManagedChannelImpl.java:763)
	at org.apache.ratis.thirdparty.io.grpc.internal.ForwardingManagedChannel.awaitTermination(ForwardingManagedChannel.java:57)
	at org.apache.ratis.thirdparty.io.grpc.internal.ManagedChannelOrphanWrapper.awaitTermination(ManagedChannelOrphanWrapper.java:70)
	at org.apache.ratis.grpc.client.GrpcClientProtocolClient.close(GrpcClientProtocolClient.java:146)
	at org.apache.ratis.util.PeerProxyMap$PeerAndProxy.lambda$close$1(PeerProxyMap.java:74)
	at org.apache.ratis.util.LifeCycle.lambda$checkStateAndClose$2(LifeCycle.java:231)
	at org.apache.ratis.util.LifeCycle.checkStateAndClose(LifeCycle.java:251)
	at org.apache.ratis.util.LifeCycle.checkStateAndClose(LifeCycle.java:229)
	at org.apache.ratis.util.PeerProxyMap$PeerAndProxy.close(PeerProxyMap.java:70)
	at org.apache.ratis.util.PeerProxyMap.resetProxy(PeerProxyMap.java:127)
	at org.apache.ratis.util.PeerProxyMap.handleException(PeerProxyMap.java:136)
	at org.apache.ratis.client.impl.RaftClientRpcWithProxy.handleException(RaftClientRpcWithProxy.java:47)
	at org.apache.ratis.client.impl.RaftClientImpl.handleIOException(RaftClientImpl.java:372)
	at org.apache.ratis.client.impl.OrderedAsync.lambda$sendRequest$10(OrderedAsync.java:236)
	at java.util.concurrent.CompletableFuture.uniExceptionally(CompletableFuture.java:870)
	at java.util.concurrent.CompletableFuture$UniExceptionally.tryFire(CompletableFuture.java:852)
	at java.util.concurrent.CompletableFuture.postComplete(CompletableFuture.java:474)
	at java.util.concurrent.CompletableFuture.completeExceptionally(CompletableFuture.java:1977)
	at org.apache.ratis.grpc.client.GrpcClientProtocolClient$AsyncStreamObservers.lambda$timeoutCheck$3(GrpcClientProtocolClient.java:324)
	at java.util.Optional.ifPresent(Optional.java:159)
	at org.apache.ratis.grpc.client.GrpcClientProtocolClient$AsyncStreamObservers.handleReplyFuture(GrpcClientProtocolClient.java:329)
	at org.apache.ratis.grpc.client.GrpcClientProtocolClient$AsyncStreamObservers.timeoutCheck(GrpcClientProtocolClient.java:324)
	at org.apache.ratis.grpc.client.GrpcClientProtocolClient$AsyncStreamObservers.lambda$onNext$1(GrpcClientProtocolClient.java:318)
	at org.apache.ratis.util.TimeoutScheduler.lambda$onTimeout$0(TimeoutScheduler.java:113)
	at org.apache.ratis.util.TimeoutScheduler.lambda$onTimeout$1(TimeoutScheduler.java:133)
	at org.apache.ratis.util.LogUtils.runAndLog(LogUtils.java:50)
	at org.apache.ratis.util.LogUtils$1.run(LogUtils.java:91)
	at java.util.concurrent.Executors$RunnableAdapter.call(Executors.java:511)
	at java.util.concurrent.FutureTask.run(FutureTask.java:266)
	at java.util.concurrent.ScheduledThreadPoolExecutor$ScheduledFutureTask.access$201(ScheduledThreadPoolExecutor.java:180)
	at java.util.concurrent.ScheduledThreadPoolExecutor$ScheduledFutureTask.run(ScheduledThreadPoolExecutor.java:293)
	at java.util.concurrent.ThreadPoolExecutor.runWorker(ThreadPoolExecutor.java:1149)
	at java.util.concurrent.ThreadPoolExecutor$Worker.run(ThreadPoolExecutor.java:624)
	at java.lang.Thread.run(Thread.java:748)
2019-10-10 01:26:33,553 [java.util.concurrent.ThreadPoolExecutor$Worker@e640e97[State = -1, empty queue]] WARN  util.TimeoutScheduler (LogUtils.java:runAndLog(55)) - Failed to task #0: java.lang.NullPointerException
 0.00% |█                                                                                                    |  0/1 Time: 0:10:39 0.00% |█                                                                                                    |  0/1 Time: 0:10:402019-10-10 01:26:35,373 [grpc-default-executor-24] INFO  impl.FollowerInfo (FollowerInfo.java:lambda$new$0(51)) - fe8e0d95-22db-4b8a-875e-83bee4d716fb@group-07F44DEC43A0->993817e1-c77a-472e-865f-a6e34ffe7967: nextIndex: updateUnconditionally 3 -> 2
 0.00% |█                                                                                                    |  0/1 Time: 0:10:41 0.00% |█                                                                                                    |  0/1 Time: 0:10:422019-10-10 01:26:37,580 [java.util.concurrent.ThreadPoolExecutor$Worker@ab3600[State = -1, empty queue]] ERROR client.GrpcClientProtocolClient (GrpcClientProtocolClient.java:close(148)) - Unexpected exception while waiting for channel termination
java.lang.InterruptedException
	at java.util.concurrent.locks.AbstractQueuedSynchronizer.tryAcquireSharedNanos(AbstractQueuedSynchronizer.java:1326)
	at java.util.concurrent.CountDownLatch.await(CountDownLatch.java:277)
	at org.apache.ratis.thirdparty.io.grpc.internal.ManagedChannelImpl.awaitTermination(ManagedChannelImpl.java:763)
	at org.apache.ratis.thirdparty.io.grpc.internal.ForwardingManagedChannel.awaitTermination(ForwardingManagedChannel.java:57)
	at org.apache.ratis.thirdparty.io.grpc.internal.ManagedChannelOrphanWrapper.awaitTermination(ManagedChannelOrphanWrapper.java:70)
	at org.apache.ratis.grpc.client.GrpcClientProtocolClient.close(GrpcClientProtocolClient.java:146)
	at org.apache.ratis.util.PeerProxyMap$PeerAndProxy.lambda$close$1(PeerProxyMap.java:74)
	at org.apache.ratis.util.LifeCycle.lambda$checkStateAndClose$2(LifeCycle.java:231)
	at org.apache.ratis.util.LifeCycle.checkStateAndClose(LifeCycle.java:251)
	at org.apache.ratis.util.LifeCycle.checkStateAndClose(LifeCycle.java:229)
	at org.apache.ratis.util.PeerProxyMap$PeerAndProxy.close(PeerProxyMap.java:70)
	at org.apache.ratis.util.PeerProxyMap.resetProxy(PeerProxyMap.java:127)
	at org.apache.ratis.util.PeerProxyMap.handleException(PeerProxyMap.java:136)
	at org.apache.ratis.client.impl.RaftClientRpcWithProxy.handleException(RaftClientRpcWithProxy.java:47)
	at org.apache.ratis.client.impl.RaftClientImpl.handleIOException(RaftClientImpl.java:372)
	at org.apache.ratis.client.impl.OrderedAsync.lambda$sendRequest$10(OrderedAsync.java:236)
	at java.util.concurrent.CompletableFuture.uniExceptionally(CompletableFuture.java:870)
	at java.util.concurrent.CompletableFuture$UniExceptionally.tryFire(CompletableFuture.java:852)
	at java.util.concurrent.CompletableFuture.postComplete(CompletableFuture.java:474)
	at java.util.concurrent.CompletableFuture.completeExceptionally(CompletableFuture.java:1977)
	at org.apache.ratis.grpc.client.GrpcClientProtocolClient$AsyncStreamObservers.lambda$timeoutCheck$3(GrpcClientProtocolClient.java:324)
	at java.util.Optional.ifPresent(Optional.java:159)
	at org.apache.ratis.grpc.client.GrpcClientProtocolClient$AsyncStreamObservers.handleReplyFuture(GrpcClientProtocolClient.java:329)
	at org.apache.ratis.grpc.client.GrpcClientProtocolClient$AsyncStreamObservers.timeoutCheck(GrpcClientProtocolClient.java:324)
	at org.apache.ratis.grpc.client.GrpcClientProtocolClient$AsyncStreamObservers.lambda$onNext$1(GrpcClientProtocolClient.java:318)
	at org.apache.ratis.util.TimeoutScheduler.lambda$onTimeout$0(TimeoutScheduler.java:113)
	at org.apache.ratis.util.TimeoutScheduler.lambda$onTimeout$1(TimeoutScheduler.java:133)
	at org.apache.ratis.util.LogUtils.runAndLog(LogUtils.java:50)
	at org.apache.ratis.util.LogUtils$1.run(LogUtils.java:91)
	at java.util.concurrent.Executors$RunnableAdapter.call(Executors.java:511)
	at java.util.concurrent.FutureTask.run(FutureTask.java:266)
	at java.util.concurrent.ScheduledThreadPoolExecutor$ScheduledFutureTask.access$201(ScheduledThreadPoolExecutor.java:180)
	at java.util.concurrent.ScheduledThreadPoolExecutor$ScheduledFutureTask.run(ScheduledThreadPoolExecutor.java:293)
	at java.util.concurrent.ThreadPoolExecutor.runWorker(ThreadPoolExecutor.java:1149)
	at java.util.concurrent.ThreadPoolExecutor$Worker.run(ThreadPoolExecutor.java:624)
	at java.lang.Thread.run(Thread.java:748)
2019-10-10 01:26:37,589 [java.util.concurrent.ThreadPoolExecutor$Worker@ab3600[State = -1, empty queue]] WARN  util.TimeoutScheduler (LogUtils.java:runAndLog(55)) - Failed to task #0: java.lang.NullPointerException
 0.00% |█                                                                                                    |  0/1 Time: 0:10:43 0.00% |█                                                                                                    |  0/1 Time: 0:10:44 0.00% |█                                                                                                    |  0/1 Time: 0:10:45 0.00% |█                                                                                                    |  0/1 Time: 0:10:462019-10-10 01:26:41,623 [java.util.concurrent.ThreadPoolExecutor$Worker@10b4f6e2[State = -1, empty queue]] ERROR client.GrpcClientProtocolClient (GrpcClientProtocolClient.java:close(148)) - Unexpected exception while waiting for channel termination
java.lang.InterruptedException
	at java.util.concurrent.locks.AbstractQueuedSynchronizer.tryAcquireSharedNanos(AbstractQueuedSynchronizer.java:1326)
	at java.util.concurrent.CountDownLatch.await(CountDownLatch.java:277)
	at org.apache.ratis.thirdparty.io.grpc.internal.ManagedChannelImpl.awaitTermination(ManagedChannelImpl.java:763)
	at org.apache.ratis.thirdparty.io.grpc.internal.ForwardingManagedChannel.awaitTermination(ForwardingManagedChannel.java:57)
	at org.apache.ratis.thirdparty.io.grpc.internal.ManagedChannelOrphanWrapper.awaitTermination(ManagedChannelOrphanWrapper.java:70)
	at org.apache.ratis.grpc.client.GrpcClientProtocolClient.close(GrpcClientProtocolClient.java:146)
	at org.apache.ratis.util.PeerProxyMap$PeerAndProxy.lambda$close$1(PeerProxyMap.java:74)
	at org.apache.ratis.util.LifeCycle.lambda$checkStateAndClose$2(LifeCycle.java:231)
	at org.apache.ratis.util.LifeCycle.checkStateAndClose(LifeCycle.java:251)
	at org.apache.ratis.util.LifeCycle.checkStateAndClose(LifeCycle.java:229)
	at org.apache.ratis.util.PeerProxyMap$PeerAndProxy.close(PeerProxyMap.java:70)
	at org.apache.ratis.util.PeerProxyMap.resetProxy(PeerProxyMap.java:127)
	at org.apache.ratis.util.PeerProxyMap.handleException(PeerProxyMap.java:136)
	at org.apache.ratis.client.impl.RaftClientRpcWithProxy.handleException(RaftClientRpcWithProxy.java:47)
	at org.apache.ratis.client.impl.RaftClientImpl.handleIOException(RaftClientImpl.java:372)
	at org.apache.ratis.client.impl.OrderedAsync.lambda$sendRequest$10(OrderedAsync.java:236)
	at java.util.concurrent.CompletableFuture.uniExceptionally(CompletableFuture.java:870)
	at java.util.concurrent.CompletableFuture$UniExceptionally.tryFire(CompletableFuture.java:852)
	at java.util.concurrent.CompletableFuture.postComplete(CompletableFuture.java:474)
	at java.util.concurrent.CompletableFuture.completeExceptionally(CompletableFuture.java:1977)
	at org.apache.ratis.grpc.client.GrpcClientProtocolClient$AsyncStreamObservers.lambda$timeoutCheck$3(GrpcClientProtocolClient.java:324)
	at java.util.Optional.ifPresent(Optional.java:159)
	at org.apache.ratis.grpc.client.GrpcClientProtocolClient$AsyncStreamObservers.handleReplyFuture(GrpcClientProtocolClient.java:329)
	at org.apache.ratis.grpc.client.GrpcClientProtocolClient$AsyncStreamObservers.timeoutCheck(GrpcClientProtocolClient.java:324)
	at org.apache.ratis.grpc.client.GrpcClientProtocolClient$AsyncStreamObservers.lambda$onNext$1(GrpcClientProtocolClient.java:318)
	at org.apache.ratis.util.TimeoutScheduler.lambda$onTimeout$0(TimeoutScheduler.java:113)
	at org.apache.ratis.util.TimeoutScheduler.lambda$onTimeout$1(TimeoutScheduler.java:133)
	at org.apache.ratis.util.LogUtils.runAndLog(LogUtils.java:50)
	at org.apache.ratis.util.LogUtils$1.run(LogUtils.java:91)
	at java.util.concurrent.Executors$RunnableAdapter.call(Executors.java:511)
	at java.util.concurrent.FutureTask.run(FutureTask.java:266)
	at java.util.concurrent.ScheduledThreadPoolExecutor$ScheduledFutureTask.access$201(ScheduledThreadPoolExecutor.java:180)
	at java.util.concurrent.ScheduledThreadPoolExecutor$ScheduledFutureTask.run(ScheduledThreadPoolExecutor.java:293)
	at java.util.concurrent.ThreadPoolExecutor.runWorker(ThreadPoolExecutor.java:1149)
	at java.util.concurrent.ThreadPoolExecutor$Worker.run(ThreadPoolExecutor.java:624)
	at java.lang.Thread.run(Thread.java:748)
2019-10-10 01:26:41,626 [java.util.concurrent.ThreadPoolExecutor$Worker@10b4f6e2[State = -1, empty queue]] WARN  util.TimeoutScheduler (LogUtils.java:runAndLog(55)) - Failed to task #0: java.lang.NullPointerException
 0.00% |█                                                                                                    |  0/1 Time: 0:10:47 0.00% |█                                                                                                    |  0/1 Time: 0:10:48 0.00% |█                                                                                                    |  0/1 Time: 0:10:49 0.00% |█                                                                                                    |  0/1 Time: 0:10:502019-10-10 01:26:45,683 [java.util.concurrent.ThreadPoolExecutor$Worker@1aaa9a89[State = -1, empty queue]] ERROR client.GrpcClientProtocolClient (GrpcClientProtocolClient.java:close(148)) - Unexpected exception while waiting for channel termination
java.lang.InterruptedException
	at java.util.concurrent.locks.AbstractQueuedSynchronizer.tryAcquireSharedNanos(AbstractQueuedSynchronizer.java:1326)
	at java.util.concurrent.CountDownLatch.await(CountDownLatch.java:277)
	at org.apache.ratis.thirdparty.io.grpc.internal.ManagedChannelImpl.awaitTermination(ManagedChannelImpl.java:763)
	at org.apache.ratis.thirdparty.io.grpc.internal.ForwardingManagedChannel.awaitTermination(ForwardingManagedChannel.java:57)
	at org.apache.ratis.thirdparty.io.grpc.internal.ManagedChannelOrphanWrapper.awaitTermination(ManagedChannelOrphanWrapper.java:70)
	at org.apache.ratis.grpc.client.GrpcClientProtocolClient.close(GrpcClientProtocolClient.java:146)
	at org.apache.ratis.util.PeerProxyMap$PeerAndProxy.lambda$close$1(PeerProxyMap.java:74)
	at org.apache.ratis.util.LifeCycle.lambda$checkStateAndClose$2(LifeCycle.java:231)
	at org.apache.ratis.util.LifeCycle.checkStateAndClose(LifeCycle.java:251)
	at org.apache.ratis.util.LifeCycle.checkStateAndClose(LifeCycle.java:229)
	at org.apache.ratis.util.PeerProxyMap$PeerAndProxy.close(PeerProxyMap.java:70)
	at org.apache.ratis.util.PeerProxyMap.resetProxy(PeerProxyMap.java:127)
	at org.apache.ratis.util.PeerProxyMap.handleException(PeerProxyMap.java:136)
	at org.apache.ratis.client.impl.RaftClientRpcWithProxy.handleException(RaftClientRpcWithProxy.java:47)
	at org.apache.ratis.client.impl.RaftClientImpl.handleIOException(RaftClientImpl.java:372)
	at org.apache.ratis.client.impl.OrderedAsync.lambda$sendRequest$10(OrderedAsync.java:236)
	at java.util.concurrent.CompletableFuture.uniExceptionally(CompletableFuture.java:870)
	at java.util.concurrent.CompletableFuture$UniExceptionally.tryFire(CompletableFuture.java:852)
	at java.util.concurrent.CompletableFuture.postComplete(CompletableFuture.java:474)
	at java.util.concurrent.CompletableFuture.completeExceptionally(CompletableFuture.java:1977)
	at org.apache.ratis.grpc.client.GrpcClientProtocolClient$AsyncStreamObservers.lambda$timeoutCheck$3(GrpcClientProtocolClient.java:324)
	at java.util.Optional.ifPresent(Optional.java:159)
	at org.apache.ratis.grpc.client.GrpcClientProtocolClient$AsyncStreamObservers.handleReplyFuture(GrpcClientProtocolClient.java:329)
	at org.apache.ratis.grpc.client.GrpcClientProtocolClient$AsyncStreamObservers.timeoutCheck(GrpcClientProtocolClient.java:324)
	at org.apache.ratis.grpc.client.GrpcClientProtocolClient$AsyncStreamObservers.lambda$onNext$1(GrpcClientProtocolClient.java:318)
	at org.apache.ratis.util.TimeoutScheduler.lambda$onTimeout$0(TimeoutScheduler.java:113)
	at org.apache.ratis.util.TimeoutScheduler.lambda$onTimeout$1(TimeoutScheduler.java:133)
	at org.apache.ratis.util.LogUtils.runAndLog(LogUtils.java:50)
	at org.apache.ratis.util.LogUtils$1.run(LogUtils.java:91)
	at java.util.concurrent.Executors$RunnableAdapter.call(Executors.java:511)
	at java.util.concurrent.FutureTask.run(FutureTask.java:266)
	at java.util.concurrent.ScheduledThreadPoolExecutor$ScheduledFutureTask.access$201(ScheduledThreadPoolExecutor.java:180)
	at java.util.concurrent.ScheduledThreadPoolExecutor$ScheduledFutureTask.run(ScheduledThreadPoolExecutor.java:293)
	at java.util.concurrent.ThreadPoolExecutor.runWorker(ThreadPoolExecutor.java:1149)
	at java.util.concurrent.ThreadPoolExecutor$Worker.run(ThreadPoolExecutor.java:624)
	at java.lang.Thread.run(Thread.java:748)
2019-10-10 01:26:45,686 [java.util.concurrent.ThreadPoolExecutor$Worker@1aaa9a89[State = -1, empty queue]] WARN  util.TimeoutScheduler (LogUtils.java:runAndLog(55)) - Failed to task #0: java.lang.NullPointerException
 0.00% |█                                                                                                    |  0/1 Time: 0:10:51 0.00% |█                                                                                                    |  0/1 Time: 0:10:52 0.00% |█                                                                                                    |  0/1 Time: 0:10:53 0.00% |█                                                                                                    |  0/1 Time: 0:10:542019-10-10 01:26:49,732 [java.util.concurrent.ThreadPoolExecutor$Worker@891500b[State = -1, empty queue]] ERROR client.GrpcClientProtocolClient (GrpcClientProtocolClient.java:close(148)) - Unexpected exception while waiting for channel termination
java.lang.InterruptedException
	at java.util.concurrent.locks.AbstractQueuedSynchronizer.tryAcquireSharedNanos(AbstractQueuedSynchronizer.java:1326)
	at java.util.concurrent.CountDownLatch.await(CountDownLatch.java:277)
	at org.apache.ratis.thirdparty.io.grpc.internal.ManagedChannelImpl.awaitTermination(ManagedChannelImpl.java:763)
	at org.apache.ratis.thirdparty.io.grpc.internal.ForwardingManagedChannel.awaitTermination(ForwardingManagedChannel.java:57)
	at org.apache.ratis.thirdparty.io.grpc.internal.ManagedChannelOrphanWrapper.awaitTermination(ManagedChannelOrphanWrapper.java:70)
	at org.apache.ratis.grpc.client.GrpcClientProtocolClient.close(GrpcClientProtocolClient.java:146)
	at org.apache.ratis.util.PeerProxyMap$PeerAndProxy.lambda$close$1(PeerProxyMap.java:74)
	at org.apache.ratis.util.LifeCycle.lambda$checkStateAndClose$2(LifeCycle.java:231)
	at org.apache.ratis.util.LifeCycle.checkStateAndClose(LifeCycle.java:251)
	at org.apache.ratis.util.LifeCycle.checkStateAndClose(LifeCycle.java:229)
	at org.apache.ratis.util.PeerProxyMap$PeerAndProxy.close(PeerProxyMap.java:70)
	at org.apache.ratis.util.PeerProxyMap.resetProxy(PeerProxyMap.java:127)
	at org.apache.ratis.util.PeerProxyMap.handleException(PeerProxyMap.java:136)
	at org.apache.ratis.client.impl.RaftClientRpcWithProxy.handleException(RaftClientRpcWithProxy.java:47)
	at org.apache.ratis.client.impl.RaftClientImpl.handleIOException(RaftClientImpl.java:372)
	at org.apache.ratis.client.impl.OrderedAsync.lambda$sendRequest$10(OrderedAsync.java:236)
	at java.util.concurrent.CompletableFuture.uniExceptionally(CompletableFuture.java:870)
	at java.util.concurrent.CompletableFuture$UniExceptionally.tryFire(CompletableFuture.java:852)
	at java.util.concurrent.CompletableFuture.postComplete(CompletableFuture.java:474)
	at java.util.concurrent.CompletableFuture.completeExceptionally(CompletableFuture.java:1977)
	at org.apache.ratis.grpc.client.GrpcClientProtocolClient$AsyncStreamObservers.lambda$timeoutCheck$3(GrpcClientProtocolClient.java:324)
	at java.util.Optional.ifPresent(Optional.java:159)
	at org.apache.ratis.grpc.client.GrpcClientProtocolClient$AsyncStreamObservers.handleReplyFuture(GrpcClientProtocolClient.java:329)
	at org.apache.ratis.grpc.client.GrpcClientProtocolClient$AsyncStreamObservers.timeoutCheck(GrpcClientProtocolClient.java:324)
	at org.apache.ratis.grpc.client.GrpcClientProtocolClient$AsyncStreamObservers.lambda$onNext$1(GrpcClientProtocolClient.java:318)
	at org.apache.ratis.util.TimeoutScheduler.lambda$onTimeout$0(TimeoutScheduler.java:113)
	at org.apache.ratis.util.TimeoutScheduler.lambda$onTimeout$1(TimeoutScheduler.java:133)
	at org.apache.ratis.util.LogUtils.runAndLog(LogUtils.java:50)
	at org.apache.ratis.util.LogUtils$1.run(LogUtils.java:91)
	at java.util.concurrent.Executors$RunnableAdapter.call(Executors.java:511)
	at java.util.concurrent.FutureTask.run(FutureTask.java:266)
	at java.util.concurrent.ScheduledThreadPoolExecutor$ScheduledFutureTask.access$201(ScheduledThreadPoolExecutor.java:180)
	at java.util.concurrent.ScheduledThreadPoolExecutor$ScheduledFutureTask.run(ScheduledThreadPoolExecutor.java:293)
	at java.util.concurrent.ThreadPoolExecutor.runWorker(ThreadPoolExecutor.java:1149)
	at java.util.concurrent.ThreadPoolExecutor$Worker.run(ThreadPoolExecutor.java:624)
	at java.lang.Thread.run(Thread.java:748)
2019-10-10 01:26:49,732 [java.util.concurrent.ThreadPoolExecutor$Worker@891500b[State = -1, empty queue]] WARN  util.TimeoutScheduler (LogUtils.java:runAndLog(55)) - Failed to task #0: java.lang.NullPointerException
 0.00% |█                                                                                                    |  0/1 Time: 0:10:55 0.00% |█                                                                                                    |  0/1 Time: 0:10:56 0.00% |█                                                                                                    |  0/1 Time: 0:10:57 0.00% |█                                                                                                    |  0/1 Time: 0:10:58 0.00% |█                                                                                                    |  0/1 Time: 0:10:592019-10-10 01:26:53,764 [java.util.concurrent.ThreadPoolExecutor$Worker@19644b45[State = -1, empty queue]] ERROR client.GrpcClientProtocolClient (GrpcClientProtocolClient.java:close(148)) - Unexpected exception while waiting for channel termination
java.lang.InterruptedException
	at java.util.concurrent.locks.AbstractQueuedSynchronizer.tryAcquireSharedNanos(AbstractQueuedSynchronizer.java:1326)
	at java.util.concurrent.CountDownLatch.await(CountDownLatch.java:277)
	at org.apache.ratis.thirdparty.io.grpc.internal.ManagedChannelImpl.awaitTermination(ManagedChannelImpl.java:763)
	at org.apache.ratis.thirdparty.io.grpc.internal.ForwardingManagedChannel.awaitTermination(ForwardingManagedChannel.java:57)
	at org.apache.ratis.thirdparty.io.grpc.internal.ManagedChannelOrphanWrapper.awaitTermination(ManagedChannelOrphanWrapper.java:70)
	at org.apache.ratis.grpc.client.GrpcClientProtocolClient.close(GrpcClientProtocolClient.java:146)
	at org.apache.ratis.util.PeerProxyMap$PeerAndProxy.lambda$close$1(PeerProxyMap.java:74)
	at org.apache.ratis.util.LifeCycle.lambda$checkStateAndClose$2(LifeCycle.java:231)
	at org.apache.ratis.util.LifeCycle.checkStateAndClose(LifeCycle.java:251)
	at org.apache.ratis.util.LifeCycle.checkStateAndClose(LifeCycle.java:229)
	at org.apache.ratis.util.PeerProxyMap$PeerAndProxy.close(PeerProxyMap.java:70)
	at org.apache.ratis.util.PeerProxyMap.resetProxy(PeerProxyMap.java:127)
	at org.apache.ratis.util.PeerProxyMap.handleException(PeerProxyMap.java:136)
	at org.apache.ratis.client.impl.RaftClientRpcWithProxy.handleException(RaftClientRpcWithProxy.java:47)
	at org.apache.ratis.client.impl.RaftClientImpl.handleIOException(RaftClientImpl.java:372)
	at org.apache.ratis.client.impl.OrderedAsync.lambda$sendRequest$10(OrderedAsync.java:236)
	at java.util.concurrent.CompletableFuture.uniExceptionally(CompletableFuture.java:870)
	at java.util.concurrent.CompletableFuture$UniExceptionally.tryFire(CompletableFuture.java:852)
	at java.util.concurrent.CompletableFuture.postComplete(CompletableFuture.java:474)
	at java.util.concurrent.CompletableFuture.completeExceptionally(CompletableFuture.java:1977)
	at org.apache.ratis.grpc.client.GrpcClientProtocolClient$AsyncStreamObservers.lambda$timeoutCheck$3(GrpcClientProtocolClient.java:324)
	at java.util.Optional.ifPresent(Optional.java:159)
	at org.apache.ratis.grpc.client.GrpcClientProtocolClient$AsyncStreamObservers.handleReplyFuture(GrpcClientProtocolClient.java:329)
	at org.apache.ratis.grpc.client.GrpcClientProtocolClient$AsyncStreamObservers.timeoutCheck(GrpcClientProtocolClient.java:324)
	at org.apache.ratis.grpc.client.GrpcClientProtocolClient$AsyncStreamObservers.lambda$onNext$1(GrpcClientProtocolClient.java:318)
	at org.apache.ratis.util.TimeoutScheduler.lambda$onTimeout$0(TimeoutScheduler.java:113)
	at org.apache.ratis.util.TimeoutScheduler.lambda$onTimeout$1(TimeoutScheduler.java:133)
	at org.apache.ratis.util.LogUtils.runAndLog(LogUtils.java:50)
	at org.apache.ratis.util.LogUtils$1.run(LogUtils.java:91)
	at java.util.concurrent.Executors$RunnableAdapter.call(Executors.java:511)
	at java.util.concurrent.FutureTask.run(FutureTask.java:266)
	at java.util.concurrent.ScheduledThreadPoolExecutor$ScheduledFutureTask.access$201(ScheduledThreadPoolExecutor.java:180)
	at java.util.concurrent.ScheduledThreadPoolExecutor$ScheduledFutureTask.run(ScheduledThreadPoolExecutor.java:293)
	at java.util.concurrent.ThreadPoolExecutor.runWorker(ThreadPoolExecutor.java:1149)
	at java.util.concurrent.ThreadPoolExecutor$Worker.run(ThreadPoolExecutor.java:624)
	at java.lang.Thread.run(Thread.java:748)
2019-10-10 01:26:53,767 [java.util.concurrent.ThreadPoolExecutor$Worker@19644b45[State = -1, empty queue]] WARN  util.TimeoutScheduler (LogUtils.java:runAndLog(55)) - Failed to task #0: java.lang.NullPointerException
 0.00% |█                                                                                                    |  0/1 Time: 0:11:00 0.00% |█                                                                                                    |  0/1 Time: 0:11:01 0.00% |█                                                                                                    |  0/1 Time: 0:11:02 0.00% |█                                                                                                    |  0/1 Time: 0:11:032019-10-10 01:26:57,799 [java.util.concurrent.ThreadPoolExecutor$Worker@75df1edb[State = -1, empty queue]] ERROR client.GrpcClientProtocolClient (GrpcClientProtocolClient.java:close(148)) - Unexpected exception while waiting for channel termination
java.lang.InterruptedException
	at java.util.concurrent.locks.AbstractQueuedSynchronizer.tryAcquireSharedNanos(AbstractQueuedSynchronizer.java:1326)
	at java.util.concurrent.CountDownLatch.await(CountDownLatch.java:277)
	at org.apache.ratis.thirdparty.io.grpc.internal.ManagedChannelImpl.awaitTermination(ManagedChannelImpl.java:763)
	at org.apache.ratis.thirdparty.io.grpc.internal.ForwardingManagedChannel.awaitTermination(ForwardingManagedChannel.java:57)
	at org.apache.ratis.thirdparty.io.grpc.internal.ManagedChannelOrphanWrapper.awaitTermination(ManagedChannelOrphanWrapper.java:70)
	at org.apache.ratis.grpc.client.GrpcClientProtocolClient.close(GrpcClientProtocolClient.java:146)
	at org.apache.ratis.util.PeerProxyMap$PeerAndProxy.lambda$close$1(PeerProxyMap.java:74)
	at org.apache.ratis.util.LifeCycle.lambda$checkStateAndClose$2(LifeCycle.java:231)
	at org.apache.ratis.util.LifeCycle.checkStateAndClose(LifeCycle.java:251)
	at org.apache.ratis.util.LifeCycle.checkStateAndClose(LifeCycle.java:229)
	at org.apache.ratis.util.PeerProxyMap$PeerAndProxy.close(PeerProxyMap.java:70)
	at org.apache.ratis.util.PeerProxyMap.resetProxy(PeerProxyMap.java:127)
	at org.apache.ratis.util.PeerProxyMap.handleException(PeerProxyMap.java:136)
	at org.apache.ratis.client.impl.RaftClientRpcWithProxy.handleException(RaftClientRpcWithProxy.java:47)
	at org.apache.ratis.client.impl.RaftClientImpl.handleIOException(RaftClientImpl.java:372)
	at org.apache.ratis.client.impl.OrderedAsync.lambda$sendRequest$10(OrderedAsync.java:236)
	at java.util.concurrent.CompletableFuture.uniExceptionally(CompletableFuture.java:870)
	at java.util.concurrent.CompletableFuture$UniExceptionally.tryFire(CompletableFuture.java:852)
	at java.util.concurrent.CompletableFuture.postComplete(CompletableFuture.java:474)
	at java.util.concurrent.CompletableFuture.completeExceptionally(CompletableFuture.java:1977)
	at org.apache.ratis.grpc.client.GrpcClientProtocolClient$AsyncStreamObservers.lambda$timeoutCheck$3(GrpcClientProtocolClient.java:324)
	at java.util.Optional.ifPresent(Optional.java:159)
	at org.apache.ratis.grpc.client.GrpcClientProtocolClient$AsyncStreamObservers.handleReplyFuture(GrpcClientProtocolClient.java:329)
	at org.apache.ratis.grpc.client.GrpcClientProtocolClient$AsyncStreamObservers.timeoutCheck(GrpcClientProtocolClient.java:324)
	at org.apache.ratis.grpc.client.GrpcClientProtocolClient$AsyncStreamObservers.lambda$onNext$1(GrpcClientProtocolClient.java:318)
	at org.apache.ratis.util.TimeoutScheduler.lambda$onTimeout$0(TimeoutScheduler.java:113)
	at org.apache.ratis.util.TimeoutScheduler.lambda$onTimeout$1(TimeoutScheduler.java:133)
	at org.apache.ratis.util.LogUtils.runAndLog(LogUtils.java:50)
	at org.apache.ratis.util.LogUtils$1.run(LogUtils.java:91)
	at java.util.concurrent.Executors$RunnableAdapter.call(Executors.java:511)
	at java.util.concurrent.FutureTask.run(FutureTask.java:266)
	at java.util.concurrent.ScheduledThreadPoolExecutor$ScheduledFutureTask.access$201(ScheduledThreadPoolExecutor.java:180)
	at java.util.concurrent.ScheduledThreadPoolExecutor$ScheduledFutureTask.run(ScheduledThreadPoolExecutor.java:293)
	at java.util.concurrent.ThreadPoolExecutor.runWorker(ThreadPoolExecutor.java:1149)
	at java.util.concurrent.ThreadPoolExecutor$Worker.run(ThreadPoolExecutor.java:624)
	at java.lang.Thread.run(Thread.java:748)
2019-10-10 01:26:57,801 [java.util.concurrent.ThreadPoolExecutor$Worker@75df1edb[State = -1, empty queue]] WARN  util.TimeoutScheduler (LogUtils.java:runAndLog(55)) - Failed to task #0: java.lang.NullPointerException
 0.00% |█                                                                                                    |  0/1 Time: 0:11:04 0.00% |█                                                                                                    |  0/1 Time: 0:11:05 0.00% |█                                                                                                    |  0/1 Time: 0:11:06 0.00% |█                                                                                                    |  0/1 Time: 0:11:072019-10-10 01:27:01,824 [java.util.concurrent.ThreadPoolExecutor$Worker@6a5b0f71[State = -1, empty queue]] ERROR client.GrpcClientProtocolClient (GrpcClientProtocolClient.java:close(148)) - Unexpected exception while waiting for channel termination
java.lang.InterruptedException
	at java.util.concurrent.locks.AbstractQueuedSynchronizer.tryAcquireSharedNanos(AbstractQueuedSynchronizer.java:1326)
	at java.util.concurrent.CountDownLatch.await(CountDownLatch.java:277)
	at org.apache.ratis.thirdparty.io.grpc.internal.ManagedChannelImpl.awaitTermination(ManagedChannelImpl.java:763)
	at org.apache.ratis.thirdparty.io.grpc.internal.ForwardingManagedChannel.awaitTermination(ForwardingManagedChannel.java:57)
	at org.apache.ratis.thirdparty.io.grpc.internal.ManagedChannelOrphanWrapper.awaitTermination(ManagedChannelOrphanWrapper.java:70)
	at org.apache.ratis.grpc.client.GrpcClientProtocolClient.close(GrpcClientProtocolClient.java:146)
	at org.apache.ratis.util.PeerProxyMap$PeerAndProxy.lambda$close$1(PeerProxyMap.java:74)
	at org.apache.ratis.util.LifeCycle.lambda$checkStateAndClose$2(LifeCycle.java:231)
	at org.apache.ratis.util.LifeCycle.checkStateAndClose(LifeCycle.java:251)
	at org.apache.ratis.util.LifeCycle.checkStateAndClose(LifeCycle.java:229)
	at org.apache.ratis.util.PeerProxyMap$PeerAndProxy.close(PeerProxyMap.java:70)
	at org.apache.ratis.util.PeerProxyMap.resetProxy(PeerProxyMap.java:127)
	at org.apache.ratis.util.PeerProxyMap.handleException(PeerProxyMap.java:136)
	at org.apache.ratis.client.impl.RaftClientRpcWithProxy.handleException(RaftClientRpcWithProxy.java:47)
	at org.apache.ratis.client.impl.RaftClientImpl.handleIOException(RaftClientImpl.java:372)
	at org.apache.ratis.client.impl.OrderedAsync.lambda$sendRequest$10(OrderedAsync.java:236)
	at java.util.concurrent.CompletableFuture.uniExceptionally(CompletableFuture.java:870)
	at java.util.concurrent.CompletableFuture$UniExceptionally.tryFire(CompletableFuture.java:852)
	at java.util.concurrent.CompletableFuture.postComplete(CompletableFuture.java:474)
	at java.util.concurrent.CompletableFuture.completeExceptionally(CompletableFuture.java:1977)
	at org.apache.ratis.grpc.client.GrpcClientProtocolClient$AsyncStreamObservers.lambda$timeoutCheck$3(GrpcClientProtocolClient.java:324)
	at java.util.Optional.ifPresent(Optional.java:159)
	at org.apache.ratis.grpc.client.GrpcClientProtocolClient$AsyncStreamObservers.handleReplyFuture(GrpcClientProtocolClient.java:329)
	at org.apache.ratis.grpc.client.GrpcClientProtocolClient$AsyncStreamObservers.timeoutCheck(GrpcClientProtocolClient.java:324)
	at org.apache.ratis.grpc.client.GrpcClientProtocolClient$AsyncStreamObservers.lambda$onNext$1(GrpcClientProtocolClient.java:318)
	at org.apache.ratis.util.TimeoutScheduler.lambda$onTimeout$0(TimeoutScheduler.java:113)
	at org.apache.ratis.util.TimeoutScheduler.lambda$onTimeout$1(TimeoutScheduler.java:133)
	at org.apache.ratis.util.LogUtils.runAndLog(LogUtils.java:50)
	at org.apache.ratis.util.LogUtils$1.run(LogUtils.java:91)
	at java.util.concurrent.Executors$RunnableAdapter.call(Executors.java:511)
	at java.util.concurrent.FutureTask.run(FutureTask.java:266)
	at java.util.concurrent.ScheduledThreadPoolExecutor$ScheduledFutureTask.access$201(ScheduledThreadPoolExecutor.java:180)
	at java.util.concurrent.ScheduledThreadPoolExecutor$ScheduledFutureTask.run(ScheduledThreadPoolExecutor.java:293)
	at java.util.concurrent.ThreadPoolExecutor.runWorker(ThreadPoolExecutor.java:1149)
	at java.util.concurrent.ThreadPoolExecutor$Worker.run(ThreadPoolExecutor.java:624)
	at java.lang.Thread.run(Thread.java:748)
2019-10-10 01:27:01,828 [java.util.concurrent.ThreadPoolExecutor$Worker@6a5b0f71[State = -1, empty queue]] WARN  util.TimeoutScheduler (LogUtils.java:runAndLog(55)) - Failed to task #0: java.lang.NullPointerException
 0.00% |█                                                                                                    |  0/1 Time: 0:11:08 0.00% |█                                                                                                    |  0/1 Time: 0:11:09 0.00% |█                                                                                                    |  0/1 Time: 0:11:10 0.00% |█                                                                                                    |  0/1 Time: 0:11:112019-10-10 01:27:05,941 [java.util.concurrent.ThreadPoolExecutor$Worker@2d292009[State = -1, empty queue]] ERROR client.GrpcClientProtocolClient (GrpcClientProtocolClient.java:close(148)) - Unexpected exception while waiting for channel termination
java.lang.InterruptedException
	at java.util.concurrent.locks.AbstractQueuedSynchronizer.tryAcquireSharedNanos(AbstractQueuedSynchronizer.java:1326)
	at java.util.concurrent.CountDownLatch.await(CountDownLatch.java:277)
	at org.apache.ratis.thirdparty.io.grpc.internal.ManagedChannelImpl.awaitTermination(ManagedChannelImpl.java:763)
	at org.apache.ratis.thirdparty.io.grpc.internal.ForwardingManagedChannel.awaitTermination(ForwardingManagedChannel.java:57)
	at org.apache.ratis.thirdparty.io.grpc.internal.ManagedChannelOrphanWrapper.awaitTermination(ManagedChannelOrphanWrapper.java:70)
	at org.apache.ratis.grpc.client.GrpcClientProtocolClient.close(GrpcClientProtocolClient.java:146)
	at org.apache.ratis.util.PeerProxyMap$PeerAndProxy.lambda$close$1(PeerProxyMap.java:74)
	at org.apache.ratis.util.LifeCycle.lambda$checkStateAndClose$2(LifeCycle.java:231)
	at org.apache.ratis.util.LifeCycle.checkStateAndClose(LifeCycle.java:251)
	at org.apache.ratis.util.LifeCycle.checkStateAndClose(LifeCycle.java:229)
	at org.apache.ratis.util.PeerProxyMap$PeerAndProxy.close(PeerProxyMap.java:70)
	at org.apache.ratis.util.PeerProxyMap.resetProxy(PeerProxyMap.java:127)
	at org.apache.ratis.util.PeerProxyMap.handleException(PeerProxyMap.java:136)
	at org.apache.ratis.client.impl.RaftClientRpcWithProxy.handleException(RaftClientRpcWithProxy.java:47)
	at org.apache.ratis.client.impl.RaftClientImpl.handleIOException(RaftClientImpl.java:372)
	at org.apache.ratis.client.impl.OrderedAsync.lambda$sendRequest$10(OrderedAsync.java:236)
	at java.util.concurrent.CompletableFuture.uniExceptionally(CompletableFuture.java:870)
	at java.util.concurrent.CompletableFuture$UniExceptionally.tryFire(CompletableFuture.java:852)
	at java.util.concurrent.CompletableFuture.postComplete(CompletableFuture.java:474)
	at java.util.concurrent.CompletableFuture.completeExceptionally(CompletableFuture.java:1977)
	at org.apache.ratis.grpc.client.GrpcClientProtocolClient$AsyncStreamObservers.lambda$timeoutCheck$3(GrpcClientProtocolClient.java:324)
	at java.util.Optional.ifPresent(Optional.java:159)
	at org.apache.ratis.grpc.client.GrpcClientProtocolClient$AsyncStreamObservers.handleReplyFuture(GrpcClientProtocolClient.java:329)
	at org.apache.ratis.grpc.client.GrpcClientProtocolClient$AsyncStreamObservers.timeoutCheck(GrpcClientProtocolClient.java:324)
	at org.apache.ratis.grpc.client.GrpcClientProtocolClient$AsyncStreamObservers.lambda$onNext$1(GrpcClientProtocolClient.java:318)
	at org.apache.ratis.util.TimeoutScheduler.lambda$onTimeout$0(TimeoutScheduler.java:113)
	at org.apache.ratis.util.TimeoutScheduler.lambda$onTimeout$1(TimeoutScheduler.java:133)
	at org.apache.ratis.util.LogUtils.runAndLog(LogUtils.java:50)
	at org.apache.ratis.util.LogUtils$1.run(LogUtils.java:91)
	at java.util.concurrent.Executors$RunnableAdapter.call(Executors.java:511)
	at java.util.concurrent.FutureTask.run(FutureTask.java:266)
	at java.util.concurrent.ScheduledThreadPoolExecutor$ScheduledFutureTask.access$201(ScheduledThreadPoolExecutor.java:180)
	at java.util.concurrent.ScheduledThreadPoolExecutor$ScheduledFutureTask.run(ScheduledThreadPoolExecutor.java:293)
	at java.util.concurrent.ThreadPoolExecutor.runWorker(ThreadPoolExecutor.java:1149)
	at java.util.concurrent.ThreadPoolExecutor$Worker.run(ThreadPoolExecutor.java:624)
	at java.lang.Thread.run(Thread.java:748)
2019-10-10 01:27:05,943 [java.util.concurrent.ThreadPoolExecutor$Worker@2d292009[State = -1, empty queue]] WARN  util.TimeoutScheduler (LogUtils.java:runAndLog(55)) - Failed to task #0: java.lang.NullPointerException
 0.00% |█                                                                                                    |  0/1 Time: 0:11:12 0.00% |█                                                                                                    |  0/1 Time: 0:11:13 0.00% |█                                                                                                    |  0/1 Time: 0:11:14 0.00% |█                                                                                                    |  0/1 Time: 0:11:152019-10-10 01:27:09,975 [java.util.concurrent.ThreadPoolExecutor$Worker@dc68b14[State = -1, empty queue]] ERROR client.GrpcClientProtocolClient (GrpcClientProtocolClient.java:close(148)) - Unexpected exception while waiting for channel termination
java.lang.InterruptedException
	at java.util.concurrent.locks.AbstractQueuedSynchronizer.tryAcquireSharedNanos(AbstractQueuedSynchronizer.java:1326)
	at java.util.concurrent.CountDownLatch.await(CountDownLatch.java:277)
	at org.apache.ratis.thirdparty.io.grpc.internal.ManagedChannelImpl.awaitTermination(ManagedChannelImpl.java:763)
	at org.apache.ratis.thirdparty.io.grpc.internal.ForwardingManagedChannel.awaitTermination(ForwardingManagedChannel.java:57)
	at org.apache.ratis.thirdparty.io.grpc.internal.ManagedChannelOrphanWrapper.awaitTermination(ManagedChannelOrphanWrapper.java:70)
	at org.apache.ratis.grpc.client.GrpcClientProtocolClient.close(GrpcClientProtocolClient.java:146)
	at org.apache.ratis.util.PeerProxyMap$PeerAndProxy.lambda$close$1(PeerProxyMap.java:74)
	at org.apache.ratis.util.LifeCycle.lambda$checkStateAndClose$2(LifeCycle.java:231)
	at org.apache.ratis.util.LifeCycle.checkStateAndClose(LifeCycle.java:251)
	at org.apache.ratis.util.LifeCycle.checkStateAndClose(LifeCycle.java:229)
	at org.apache.ratis.util.PeerProxyMap$PeerAndProxy.close(PeerProxyMap.java:70)
	at org.apache.ratis.util.PeerProxyMap.resetProxy(PeerProxyMap.java:127)
	at org.apache.ratis.util.PeerProxyMap.handleException(PeerProxyMap.java:136)
	at org.apache.ratis.client.impl.RaftClientRpcWithProxy.handleException(RaftClientRpcWithProxy.java:47)
	at org.apache.ratis.client.impl.RaftClientImpl.handleIOException(RaftClientImpl.java:372)
	at org.apache.ratis.client.impl.OrderedAsync.lambda$sendRequest$10(OrderedAsync.java:236)
	at java.util.concurrent.CompletableFuture.uniExceptionally(CompletableFuture.java:870)
	at java.util.concurrent.CompletableFuture$UniExceptionally.tryFire(CompletableFuture.java:852)
	at java.util.concurrent.CompletableFuture.postComplete(CompletableFuture.java:474)
	at java.util.concurrent.CompletableFuture.completeExceptionally(CompletableFuture.java:1977)
	at org.apache.ratis.grpc.client.GrpcClientProtocolClient$AsyncStreamObservers.lambda$timeoutCheck$3(GrpcClientProtocolClient.java:324)
	at java.util.Optional.ifPresent(Optional.java:159)
	at org.apache.ratis.grpc.client.GrpcClientProtocolClient$AsyncStreamObservers.handleReplyFuture(GrpcClientProtocolClient.java:329)
	at org.apache.ratis.grpc.client.GrpcClientProtocolClient$AsyncStreamObservers.timeoutCheck(GrpcClientProtocolClient.java:324)
	at org.apache.ratis.grpc.client.GrpcClientProtocolClient$AsyncStreamObservers.lambda$onNext$1(GrpcClientProtocolClient.java:318)
	at org.apache.ratis.util.TimeoutScheduler.lambda$onTimeout$0(TimeoutScheduler.java:113)
	at org.apache.ratis.util.TimeoutScheduler.lambda$onTimeout$1(TimeoutScheduler.java:133)
	at org.apache.ratis.util.LogUtils.runAndLog(LogUtils.java:50)
	at org.apache.ratis.util.LogUtils$1.run(LogUtils.java:91)
	at java.util.concurrent.Executors$RunnableAdapter.call(Executors.java:511)
	at java.util.concurrent.FutureTask.run(FutureTask.java:266)
	at java.util.concurrent.ScheduledThreadPoolExecutor$ScheduledFutureTask.access$201(ScheduledThreadPoolExecutor.java:180)
	at java.util.concurrent.ScheduledThreadPoolExecutor$ScheduledFutureTask.run(ScheduledThreadPoolExecutor.java:293)
	at java.util.concurrent.ThreadPoolExecutor.runWorker(ThreadPoolExecutor.java:1149)
	at java.util.concurrent.ThreadPoolExecutor$Worker.run(ThreadPoolExecutor.java:624)
	at java.lang.Thread.run(Thread.java:748)
2019-10-10 01:27:09,977 [java.util.concurrent.ThreadPoolExecutor$Worker@dc68b14[State = -1, empty queue]] WARN  util.TimeoutScheduler (LogUtils.java:runAndLog(55)) - Failed to task #0: java.lang.NullPointerException
 0.00% |█                                                                                                    |  0/1 Time: 0:11:16 0.00% |█                                                                                                    |  0/1 Time: 0:11:17 0.00% |█                                                                                                    |  0/1 Time: 0:11:18 0.00% |█                                                                                                    |  0/1 Time: 0:11:192019-10-10 01:27:14,015 [java.util.concurrent.ThreadPoolExecutor$Worker@3a786111[State = -1, empty queue]] ERROR client.GrpcClientProtocolClient (GrpcClientProtocolClient.java:close(148)) - Unexpected exception while waiting for channel termination
java.lang.InterruptedException
	at java.util.concurrent.locks.AbstractQueuedSynchronizer.tryAcquireSharedNanos(AbstractQueuedSynchronizer.java:1326)
	at java.util.concurrent.CountDownLatch.await(CountDownLatch.java:277)
	at org.apache.ratis.thirdparty.io.grpc.internal.ManagedChannelImpl.awaitTermination(ManagedChannelImpl.java:763)
	at org.apache.ratis.thirdparty.io.grpc.internal.ForwardingManagedChannel.awaitTermination(ForwardingManagedChannel.java:57)
	at org.apache.ratis.thirdparty.io.grpc.internal.ManagedChannelOrphanWrapper.awaitTermination(ManagedChannelOrphanWrapper.java:70)
	at org.apache.ratis.grpc.client.GrpcClientProtocolClient.close(GrpcClientProtocolClient.java:146)
	at org.apache.ratis.util.PeerProxyMap$PeerAndProxy.lambda$close$1(PeerProxyMap.java:74)
	at org.apache.ratis.util.LifeCycle.lambda$checkStateAndClose$2(LifeCycle.java:231)
	at org.apache.ratis.util.LifeCycle.checkStateAndClose(LifeCycle.java:251)
	at org.apache.ratis.util.LifeCycle.checkStateAndClose(LifeCycle.java:229)
	at org.apache.ratis.util.PeerProxyMap$PeerAndProxy.close(PeerProxyMap.java:70)
	at org.apache.ratis.util.PeerProxyMap.resetProxy(PeerProxyMap.java:127)
	at org.apache.ratis.util.PeerProxyMap.handleException(PeerProxyMap.java:136)
	at org.apache.ratis.client.impl.RaftClientRpcWithProxy.handleException(RaftClientRpcWithProxy.java:47)
	at org.apache.ratis.client.impl.RaftClientImpl.handleIOException(RaftClientImpl.java:372)
	at org.apache.ratis.client.impl.OrderedAsync.lambda$sendRequest$10(OrderedAsync.java:236)
	at java.util.concurrent.CompletableFuture.uniExceptionally(CompletableFuture.java:870)
	at java.util.concurrent.CompletableFuture$UniExceptionally.tryFire(CompletableFuture.java:852)
	at java.util.concurrent.CompletableFuture.postComplete(CompletableFuture.java:474)
	at java.util.concurrent.CompletableFuture.completeExceptionally(CompletableFuture.java:1977)
	at org.apache.ratis.grpc.client.GrpcClientProtocolClient$AsyncStreamObservers.lambda$timeoutCheck$3(GrpcClientProtocolClient.java:324)
	at java.util.Optional.ifPresent(Optional.java:159)
	at org.apache.ratis.grpc.client.GrpcClientProtocolClient$AsyncStreamObservers.handleReplyFuture(GrpcClientProtocolClient.java:329)
	at org.apache.ratis.grpc.client.GrpcClientProtocolClient$AsyncStreamObservers.timeoutCheck(GrpcClientProtocolClient.java:324)
	at org.apache.ratis.grpc.client.GrpcClientProtocolClient$AsyncStreamObservers.lambda$onNext$1(GrpcClientProtocolClient.java:318)
	at org.apache.ratis.util.TimeoutScheduler.lambda$onTimeout$0(TimeoutScheduler.java:113)
	at org.apache.ratis.util.TimeoutScheduler.lambda$onTimeout$1(TimeoutScheduler.java:133)
	at org.apache.ratis.util.LogUtils.runAndLog(LogUtils.java:50)
	at org.apache.ratis.util.LogUtils$1.run(LogUtils.java:91)
	at java.util.concurrent.Executors$RunnableAdapter.call(Executors.java:511)
	at java.util.concurrent.FutureTask.run(FutureTask.java:266)
	at java.util.concurrent.ScheduledThreadPoolExecutor$ScheduledFutureTask.access$201(ScheduledThreadPoolExecutor.java:180)
	at java.util.concurrent.ScheduledThreadPoolExecutor$ScheduledFutureTask.run(ScheduledThreadPoolExecutor.java:293)
	at java.util.concurrent.ThreadPoolExecutor.runWorker(ThreadPoolExecutor.java:1149)
	at java.util.concurrent.ThreadPoolExecutor$Worker.run(ThreadPoolExecutor.java:624)
	at java.lang.Thread.run(Thread.java:748)
2019-10-10 01:27:14,017 [java.util.concurrent.ThreadPoolExecutor$Worker@3a786111[State = -1, empty queue]] WARN  util.TimeoutScheduler (LogUtils.java:runAndLog(55)) - Failed to task #0: java.lang.NullPointerException
 0.00% |█                                                                                                    |  0/1 Time: 0:11:20 0.00% |█                                                                                                    |  0/1 Time: 0:11:21 0.00% |█                                                                                                    |  0/1 Time: 0:11:22 0.00% |█                                                                                                    |  0/1 Time: 0:11:232019-10-10 01:27:18,051 [java.util.concurrent.ThreadPoolExecutor$Worker@65e32848[State = -1, empty queue]] ERROR client.GrpcClientProtocolClient (GrpcClientProtocolClient.java:close(148)) - Unexpected exception while waiting for channel termination
java.lang.InterruptedException
	at java.util.concurrent.locks.AbstractQueuedSynchronizer.tryAcquireSharedNanos(AbstractQueuedSynchronizer.java:1326)
	at java.util.concurrent.CountDownLatch.await(CountDownLatch.java:277)
	at org.apache.ratis.thirdparty.io.grpc.internal.ManagedChannelImpl.awaitTermination(ManagedChannelImpl.java:763)
	at org.apache.ratis.thirdparty.io.grpc.internal.ForwardingManagedChannel.awaitTermination(ForwardingManagedChannel.java:57)
	at org.apache.ratis.thirdparty.io.grpc.internal.ManagedChannelOrphanWrapper.awaitTermination(ManagedChannelOrphanWrapper.java:70)
	at org.apache.ratis.grpc.client.GrpcClientProtocolClient.close(GrpcClientProtocolClient.java:146)
	at org.apache.ratis.util.PeerProxyMap$PeerAndProxy.lambda$close$1(PeerProxyMap.java:74)
	at org.apache.ratis.util.LifeCycle.lambda$checkStateAndClose$2(LifeCycle.java:231)
	at org.apache.ratis.util.LifeCycle.checkStateAndClose(LifeCycle.java:251)
	at org.apache.ratis.util.LifeCycle.checkStateAndClose(LifeCycle.java:229)
	at org.apache.ratis.util.PeerProxyMap$PeerAndProxy.close(PeerProxyMap.java:70)
	at org.apache.ratis.util.PeerProxyMap.resetProxy(PeerProxyMap.java:127)
	at org.apache.ratis.util.PeerProxyMap.handleException(PeerProxyMap.java:136)
	at org.apache.ratis.client.impl.RaftClientRpcWithProxy.handleException(RaftClientRpcWithProxy.java:47)
	at org.apache.ratis.client.impl.RaftClientImpl.handleIOException(RaftClientImpl.java:372)
	at org.apache.ratis.client.impl.OrderedAsync.lambda$sendRequest$10(OrderedAsync.java:236)
	at java.util.concurrent.CompletableFuture.uniExceptionally(CompletableFuture.java:870)
	at java.util.concurrent.CompletableFuture$UniExceptionally.tryFire(CompletableFuture.java:852)
	at java.util.concurrent.CompletableFuture.postComplete(CompletableFuture.java:474)
	at java.util.concurrent.CompletableFuture.completeExceptionally(CompletableFuture.java:1977)
	at org.apache.ratis.grpc.client.GrpcClientProtocolClient$AsyncStreamObservers.lambda$timeoutCheck$3(GrpcClientProtocolClient.java:324)
	at java.util.Optional.ifPresent(Optional.java:159)
	at org.apache.ratis.grpc.client.GrpcClientProtocolClient$AsyncStreamObservers.handleReplyFuture(GrpcClientProtocolClient.java:329)
	at org.apache.ratis.grpc.client.GrpcClientProtocolClient$AsyncStreamObservers.timeoutCheck(GrpcClientProtocolClient.java:324)
	at org.apache.ratis.grpc.client.GrpcClientProtocolClient$AsyncStreamObservers.lambda$onNext$1(GrpcClientProtocolClient.java:318)
	at org.apache.ratis.util.TimeoutScheduler.lambda$onTimeout$0(TimeoutScheduler.java:113)
	at org.apache.ratis.util.TimeoutScheduler.lambda$onTimeout$1(TimeoutScheduler.java:133)
	at org.apache.ratis.util.LogUtils.runAndLog(LogUtils.java:50)
	at org.apache.ratis.util.LogUtils$1.run(LogUtils.java:91)
	at java.util.concurrent.Executors$RunnableAdapter.call(Executors.java:511)
	at java.util.concurrent.FutureTask.run(FutureTask.java:266)
	at java.util.concurrent.ScheduledThreadPoolExecutor$ScheduledFutureTask.access$201(ScheduledThreadPoolExecutor.java:180)
	at java.util.concurrent.ScheduledThreadPoolExecutor$ScheduledFutureTask.run(ScheduledThreadPoolExecutor.java:293)
	at java.util.concurrent.ThreadPoolExecutor.runWorker(ThreadPoolExecutor.java:1149)
	at java.util.concurrent.ThreadPoolExecutor$Worker.run(ThreadPoolExecutor.java:624)
	at java.lang.Thread.run(Thread.java:748)
2019-10-10 01:27:18,052 [java.util.concurrent.ThreadPoolExecutor$Worker@65e32848[State = -1, empty queue]] WARN  util.TimeoutScheduler (LogUtils.java:runAndLog(55)) - Failed to task #0: java.lang.NullPointerException
 0.00% |█                                                                                                    |  0/1 Time: 0:11:24 0.00% |█                                                                                                    |  0/1 Time: 0:11:25 0.00% |█                                                                                                    |  0/1 Time: 0:11:26 0.00% |█                                                                                                    |  0/1 Time: 0:11:272019-10-10 01:27:22,092 [java.util.concurrent.ThreadPoolExecutor$Worker@35b7c861[State = -1, empty queue]] ERROR client.GrpcClientProtocolClient (GrpcClientProtocolClient.java:close(148)) - Unexpected exception while waiting for channel termination
java.lang.InterruptedException
	at java.util.concurrent.locks.AbstractQueuedSynchronizer.tryAcquireSharedNanos(AbstractQueuedSynchronizer.java:1326)
	at java.util.concurrent.CountDownLatch.await(CountDownLatch.java:277)
	at org.apache.ratis.thirdparty.io.grpc.internal.ManagedChannelImpl.awaitTermination(ManagedChannelImpl.java:763)
	at org.apache.ratis.thirdparty.io.grpc.internal.ForwardingManagedChannel.awaitTermination(ForwardingManagedChannel.java:57)
	at org.apache.ratis.thirdparty.io.grpc.internal.ManagedChannelOrphanWrapper.awaitTermination(ManagedChannelOrphanWrapper.java:70)
	at org.apache.ratis.grpc.client.GrpcClientProtocolClient.close(GrpcClientProtocolClient.java:146)
	at org.apache.ratis.util.PeerProxyMap$PeerAndProxy.lambda$close$1(PeerProxyMap.java:74)
	at org.apache.ratis.util.LifeCycle.lambda$checkStateAndClose$2(LifeCycle.java:231)
	at org.apache.ratis.util.LifeCycle.checkStateAndClose(LifeCycle.java:251)
	at org.apache.ratis.util.LifeCycle.checkStateAndClose(LifeCycle.java:229)
	at org.apache.ratis.util.PeerProxyMap$PeerAndProxy.close(PeerProxyMap.java:70)
	at org.apache.ratis.util.PeerProxyMap.resetProxy(PeerProxyMap.java:127)
	at org.apache.ratis.util.PeerProxyMap.handleException(PeerProxyMap.java:136)
	at org.apache.ratis.client.impl.RaftClientRpcWithProxy.handleException(RaftClientRpcWithProxy.java:47)
	at org.apache.ratis.client.impl.RaftClientImpl.handleIOException(RaftClientImpl.java:372)
	at org.apache.ratis.client.impl.OrderedAsync.lambda$sendRequest$10(OrderedAsync.java:236)
	at java.util.concurrent.CompletableFuture.uniExceptionally(CompletableFuture.java:870)
	at java.util.concurrent.CompletableFuture$UniExceptionally.tryFire(CompletableFuture.java:852)
	at java.util.concurrent.CompletableFuture.postComplete(CompletableFuture.java:474)
	at java.util.concurrent.CompletableFuture.completeExceptionally(CompletableFuture.java:1977)
	at org.apache.ratis.grpc.client.GrpcClientProtocolClient$AsyncStreamObservers.lambda$timeoutCheck$3(GrpcClientProtocolClient.java:324)
	at java.util.Optional.ifPresent(Optional.java:159)
	at org.apache.ratis.grpc.client.GrpcClientProtocolClient$AsyncStreamObservers.handleReplyFuture(GrpcClientProtocolClient.java:329)
	at org.apache.ratis.grpc.client.GrpcClientProtocolClient$AsyncStreamObservers.timeoutCheck(GrpcClientProtocolClient.java:324)
	at org.apache.ratis.grpc.client.GrpcClientProtocolClient$AsyncStreamObservers.lambda$onNext$1(GrpcClientProtocolClient.java:318)
	at org.apache.ratis.util.TimeoutScheduler.lambda$onTimeout$0(TimeoutScheduler.java:113)
	at org.apache.ratis.util.TimeoutScheduler.lambda$onTimeout$1(TimeoutScheduler.java:133)
	at org.apache.ratis.util.LogUtils.runAndLog(LogUtils.java:50)
	at org.apache.ratis.util.LogUtils$1.run(LogUtils.java:91)
	at java.util.concurrent.Executors$RunnableAdapter.call(Executors.java:511)
	at java.util.concurrent.FutureTask.run(FutureTask.java:266)
	at java.util.concurrent.ScheduledThreadPoolExecutor$ScheduledFutureTask.access$201(ScheduledThreadPoolExecutor.java:180)
	at java.util.concurrent.ScheduledThreadPoolExecutor$ScheduledFutureTask.run(ScheduledThreadPoolExecutor.java:293)
	at java.util.concurrent.ThreadPoolExecutor.runWorker(ThreadPoolExecutor.java:1149)
	at java.util.concurrent.ThreadPoolExecutor$Worker.run(ThreadPoolExecutor.java:624)
	at java.lang.Thread.run(Thread.java:748)
2019-10-10 01:27:22,093 [java.util.concurrent.ThreadPoolExecutor$Worker@35b7c861[State = -1, empty queue]] WARN  util.TimeoutScheduler (LogUtils.java:runAndLog(55)) - Failed to task #0: java.lang.NullPointerException
 0.00% |█                                                                                                    |  0/1 Time: 0:11:28 0.00% |█                                                                                                    |  0/1 Time: 0:11:29 0.00% |█                                                                                                    |  0/1 Time: 0:11:30 0.00% |█                                                                                                    |  0/1 Time: 0:11:312019-10-10 01:27:26,121 [java.util.concurrent.ThreadPoolExecutor$Worker@7f4e660c[State = -1, empty queue]] ERROR client.GrpcClientProtocolClient (GrpcClientProtocolClient.java:close(148)) - Unexpected exception while waiting for channel termination
java.lang.InterruptedException
	at java.util.concurrent.locks.AbstractQueuedSynchronizer.tryAcquireSharedNanos(AbstractQueuedSynchronizer.java:1326)
	at java.util.concurrent.CountDownLatch.await(CountDownLatch.java:277)
	at org.apache.ratis.thirdparty.io.grpc.internal.ManagedChannelImpl.awaitTermination(ManagedChannelImpl.java:763)
	at org.apache.ratis.thirdparty.io.grpc.internal.ForwardingManagedChannel.awaitTermination(ForwardingManagedChannel.java:57)
	at org.apache.ratis.thirdparty.io.grpc.internal.ManagedChannelOrphanWrapper.awaitTermination(ManagedChannelOrphanWrapper.java:70)
	at org.apache.ratis.grpc.client.GrpcClientProtocolClient.close(GrpcClientProtocolClient.java:146)
	at org.apache.ratis.util.PeerProxyMap$PeerAndProxy.lambda$close$1(PeerProxyMap.java:74)
	at org.apache.ratis.util.LifeCycle.lambda$checkStateAndClose$2(LifeCycle.java:231)
	at org.apache.ratis.util.LifeCycle.checkStateAndClose(LifeCycle.java:251)
	at org.apache.ratis.util.LifeCycle.checkStateAndClose(LifeCycle.java:229)
	at org.apache.ratis.util.PeerProxyMap$PeerAndProxy.close(PeerProxyMap.java:70)
	at org.apache.ratis.util.PeerProxyMap.resetProxy(PeerProxyMap.java:127)
	at org.apache.ratis.util.PeerProxyMap.handleException(PeerProxyMap.java:136)
	at org.apache.ratis.client.impl.RaftClientRpcWithProxy.handleException(RaftClientRpcWithProxy.java:47)
	at org.apache.ratis.client.impl.RaftClientImpl.handleIOException(RaftClientImpl.java:372)
	at org.apache.ratis.client.impl.OrderedAsync.lambda$sendRequest$10(OrderedAsync.java:236)
	at java.util.concurrent.CompletableFuture.uniExceptionally(CompletableFuture.java:870)
	at java.util.concurrent.CompletableFuture$UniExceptionally.tryFire(CompletableFuture.java:852)
	at java.util.concurrent.CompletableFuture.postComplete(CompletableFuture.java:474)
	at java.util.concurrent.CompletableFuture.completeExceptionally(CompletableFuture.java:1977)
	at org.apache.ratis.grpc.client.GrpcClientProtocolClient$AsyncStreamObservers.lambda$timeoutCheck$3(GrpcClientProtocolClient.java:324)
	at java.util.Optional.ifPresent(Optional.java:159)
	at org.apache.ratis.grpc.client.GrpcClientProtocolClient$AsyncStreamObservers.handleReplyFuture(GrpcClientProtocolClient.java:329)
	at org.apache.ratis.grpc.client.GrpcClientProtocolClient$AsyncStreamObservers.timeoutCheck(GrpcClientProtocolClient.java:324)
	at org.apache.ratis.grpc.client.GrpcClientProtocolClient$AsyncStreamObservers.lambda$onNext$1(GrpcClientProtocolClient.java:318)
	at org.apache.ratis.util.TimeoutScheduler.lambda$onTimeout$0(TimeoutScheduler.java:113)
	at org.apache.ratis.util.TimeoutScheduler.lambda$onTimeout$1(TimeoutScheduler.java:133)
	at org.apache.ratis.util.LogUtils.runAndLog(LogUtils.java:50)
	at org.apache.ratis.util.LogUtils$1.run(LogUtils.java:91)
	at java.util.concurrent.Executors$RunnableAdapter.call(Executors.java:511)
	at java.util.concurrent.FutureTask.run(FutureTask.java:266)
	at java.util.concurrent.ScheduledThreadPoolExecutor$ScheduledFutureTask.access$201(ScheduledThreadPoolExecutor.java:180)
	at java.util.concurrent.ScheduledThreadPoolExecutor$ScheduledFutureTask.run(ScheduledThreadPoolExecutor.java:293)
	at java.util.concurrent.ThreadPoolExecutor.runWorker(ThreadPoolExecutor.java:1149)
	at java.util.concurrent.ThreadPoolExecutor$Worker.run(ThreadPoolExecutor.java:624)
	at java.lang.Thread.run(Thread.java:748)
2019-10-10 01:27:26,122 [java.util.concurrent.ThreadPoolExecutor$Worker@7f4e660c[State = -1, empty queue]] WARN  util.TimeoutScheduler (LogUtils.java:runAndLog(55)) - Failed to task #0: java.lang.NullPointerException
 0.00% |█                                                                                                    |  0/1 Time: 0:11:32 0.00% |█                                                                                                    |  0/1 Time: 0:11:33 0.00% |█                                                                                                    |  0/1 Time: 0:11:34 0.00% |█                                                                                                    |  0/1 Time: 0:11:352019-10-10 01:27:30,149 [java.util.concurrent.ThreadPoolExecutor$Worker@47f78c25[State = -1, empty queue]] ERROR client.GrpcClientProtocolClient (GrpcClientProtocolClient.java:close(148)) - Unexpected exception while waiting for channel termination
java.lang.InterruptedException
	at java.util.concurrent.locks.AbstractQueuedSynchronizer.tryAcquireSharedNanos(AbstractQueuedSynchronizer.java:1326)
	at java.util.concurrent.CountDownLatch.await(CountDownLatch.java:277)
	at org.apache.ratis.thirdparty.io.grpc.internal.ManagedChannelImpl.awaitTermination(ManagedChannelImpl.java:763)
	at org.apache.ratis.thirdparty.io.grpc.internal.ForwardingManagedChannel.awaitTermination(ForwardingManagedChannel.java:57)
	at org.apache.ratis.thirdparty.io.grpc.internal.ManagedChannelOrphanWrapper.awaitTermination(ManagedChannelOrphanWrapper.java:70)
	at org.apache.ratis.grpc.client.GrpcClientProtocolClient.close(GrpcClientProtocolClient.java:146)
	at org.apache.ratis.util.PeerProxyMap$PeerAndProxy.lambda$close$1(PeerProxyMap.java:74)
	at org.apache.ratis.util.LifeCycle.lambda$checkStateAndClose$2(LifeCycle.java:231)
	at org.apache.ratis.util.LifeCycle.checkStateAndClose(LifeCycle.java:251)
	at org.apache.ratis.util.LifeCycle.checkStateAndClose(LifeCycle.java:229)
	at org.apache.ratis.util.PeerProxyMap$PeerAndProxy.close(PeerProxyMap.java:70)
	at org.apache.ratis.util.PeerProxyMap.resetProxy(PeerProxyMap.java:127)
	at org.apache.ratis.util.PeerProxyMap.handleException(PeerProxyMap.java:136)
	at org.apache.ratis.client.impl.RaftClientRpcWithProxy.handleException(RaftClientRpcWithProxy.java:47)
	at org.apache.ratis.client.impl.RaftClientImpl.handleIOException(RaftClientImpl.java:372)
	at org.apache.ratis.client.impl.OrderedAsync.lambda$sendRequest$10(OrderedAsync.java:236)
	at java.util.concurrent.CompletableFuture.uniExceptionally(CompletableFuture.java:870)
	at java.util.concurrent.CompletableFuture$UniExceptionally.tryFire(CompletableFuture.java:852)
	at java.util.concurrent.CompletableFuture.postComplete(CompletableFuture.java:474)
	at java.util.concurrent.CompletableFuture.completeExceptionally(CompletableFuture.java:1977)
	at org.apache.ratis.grpc.client.GrpcClientProtocolClient$AsyncStreamObservers.lambda$timeoutCheck$3(GrpcClientProtocolClient.java:324)
	at java.util.Optional.ifPresent(Optional.java:159)
	at org.apache.ratis.grpc.client.GrpcClientProtocolClient$AsyncStreamObservers.handleReplyFuture(GrpcClientProtocolClient.java:329)
	at org.apache.ratis.grpc.client.GrpcClientProtocolClient$AsyncStreamObservers.timeoutCheck(GrpcClientProtocolClient.java:324)
	at org.apache.ratis.grpc.client.GrpcClientProtocolClient$AsyncStreamObservers.lambda$onNext$1(GrpcClientProtocolClient.java:318)
	at org.apache.ratis.util.TimeoutScheduler.lambda$onTimeout$0(TimeoutScheduler.java:113)
	at org.apache.ratis.util.TimeoutScheduler.lambda$onTimeout$1(TimeoutScheduler.java:133)
	at org.apache.ratis.util.LogUtils.runAndLog(LogUtils.java:50)
	at org.apache.ratis.util.LogUtils$1.run(LogUtils.java:91)
	at java.util.concurrent.Executors$RunnableAdapter.call(Executors.java:511)
	at java.util.concurrent.FutureTask.run(FutureTask.java:266)
	at java.util.concurrent.ScheduledThreadPoolExecutor$ScheduledFutureTask.access$201(ScheduledThreadPoolExecutor.java:180)
	at java.util.concurrent.ScheduledThreadPoolExecutor$ScheduledFutureTask.run(ScheduledThreadPoolExecutor.java:293)
	at java.util.concurrent.ThreadPoolExecutor.runWorker(ThreadPoolExecutor.java:1149)
	at java.util.concurrent.ThreadPoolExecutor$Worker.run(ThreadPoolExecutor.java:624)
	at java.lang.Thread.run(Thread.java:748)
2019-10-10 01:27:30,152 [java.util.concurrent.ThreadPoolExecutor$Worker@47f78c25[State = -1, empty queue]] WARN  util.TimeoutScheduler (LogUtils.java:runAndLog(55)) - Failed to task #0: java.lang.NullPointerException
 0.00% |█                                                                                                    |  0/1 Time: 0:11:36 0.00% |█                                                                                                    |  0/1 Time: 0:11:372019-10-10 01:27:32,644 [grpc-default-executor-17] INFO  impl.RaftServerProxy (RaftServerProxy.java:remove(95)) - 4b92f2f8-e489-47a4-a90a-1d3fa2a9a07f: remove  FOLLOWER 4b92f2f8-e489-47a4-a90a-1d3fa2a9a07f@group-A20FF7CF4119:t1, leader=fe8e0d95-22db-4b8a-875e-83bee4d716fb, voted=fe8e0d95-22db-4b8a-875e-83bee4d716fb, raftlog=4b92f2f8-e489-47a4-a90a-1d3fa2a9a07f@group-A20FF7CF4119-SegmentedRaftLog:OPENED:c0,f2,i2, conf=0: [4b92f2f8-e489-47a4-a90a-1d3fa2a9a07f:192.168.151.118:35849, 993817e1-c77a-472e-865f-a6e34ffe7967:192.168.151.118:41261, fe8e0d95-22db-4b8a-875e-83bee4d716fb:192.168.151.118:34352], old=null RUNNING
2019-10-10 01:27:32,645 [grpc-default-executor-17] INFO  impl.RaftServerImpl (RaftServerImpl.java:lambda$shutdown$3(247)) - 4b92f2f8-e489-47a4-a90a-1d3fa2a9a07f@group-A20FF7CF4119: shutdown
2019-10-10 01:27:32,646 [grpc-default-executor-17] INFO  util.JmxRegister (JmxRegister.java:unregister(73)) - Successfully un-registered JMX Bean with object name Ratis:service=RaftServer,group=group-A20FF7CF4119,id=4b92f2f8-e489-47a4-a90a-1d3fa2a9a07f
2019-10-10 01:27:32,646 [grpc-default-executor-17] INFO  impl.RoleInfo (RoleInfo.java:shutdownFollowerState(121)) - 4b92f2f8-e489-47a4-a90a-1d3fa2a9a07f: shutdown FollowerState
2019-10-10 01:27:32,646 [grpc-default-executor-17] INFO  impl.StateMachineUpdater (StateMachineUpdater.java:stopAndJoin(136)) - 4b92f2f8-e489-47a4-a90a-1d3fa2a9a07f@group-A20FF7CF4119-StateMachineUpdater: set stopIndex = 0
2019-10-10 01:27:32,646 [Thread-1683] INFO  impl.FollowerState (FollowerState.java:run(117)) - 4b92f2f8-e489-47a4-a90a-1d3fa2a9a07f@group-A20FF7CF4119-FollowerState was interrupted: java.lang.InterruptedException: sleep interrupted
2019-10-10 01:27:32,651 [grpc-default-executor-17] INFO  impl.RaftServerImpl (ServerState.java:close(387)) - 4b92f2f8-e489-47a4-a90a-1d3fa2a9a07f@group-A20FF7CF4119: closes. applyIndex: 0
2019-10-10 01:27:32,652 [4b92f2f8-e489-47a4-a90a-1d3fa2a9a07f@group-A20FF7CF4119-SegmentedRaftLogWorker] INFO  segmented.SegmentedRaftLogWorker (SegmentedRaftLogWorker.java:run(316)) - 4b92f2f8-e489-47a4-a90a-1d3fa2a9a07f@group-A20FF7CF4119-SegmentedRaftLogWorker was interrupted, exiting. There are 0 tasks remaining in the queue.
2019-10-10 01:27:32,654 [grpc-default-executor-17] INFO  segmented.SegmentedRaftLogWorker (SegmentedRaftLogWorker.java:close(224)) - 4b92f2f8-e489-47a4-a90a-1d3fa2a9a07f@group-A20FF7CF4119-SegmentedRaftLogWorker close()
 0.00% |█                                                                                                    |  0/1 Time: 0:11:38 0.00% |█                                                                                                    |  0/1 Time: 0:11:392019-10-10 01:27:34,181 [java.util.concurrent.ThreadPoolExecutor$Worker@1a97c569[State = -1, empty queue]] ERROR client.GrpcClientProtocolClient (GrpcClientProtocolClient.java:close(148)) - Unexpected exception while waiting for channel termination
java.lang.InterruptedException
	at java.util.concurrent.locks.AbstractQueuedSynchronizer.tryAcquireSharedNanos(AbstractQueuedSynchronizer.java:1326)
	at java.util.concurrent.CountDownLatch.await(CountDownLatch.java:277)
	at org.apache.ratis.thirdparty.io.grpc.internal.ManagedChannelImpl.awaitTermination(ManagedChannelImpl.java:763)
	at org.apache.ratis.thirdparty.io.grpc.internal.ForwardingManagedChannel.awaitTermination(ForwardingManagedChannel.java:57)
	at org.apache.ratis.thirdparty.io.grpc.internal.ManagedChannelOrphanWrapper.awaitTermination(ManagedChannelOrphanWrapper.java:70)
	at org.apache.ratis.grpc.client.GrpcClientProtocolClient.close(GrpcClientProtocolClient.java:146)
	at org.apache.ratis.util.PeerProxyMap$PeerAndProxy.lambda$close$1(PeerProxyMap.java:74)
	at org.apache.ratis.util.LifeCycle.lambda$checkStateAndClose$2(LifeCycle.java:231)
	at org.apache.ratis.util.LifeCycle.checkStateAndClose(LifeCycle.java:251)
	at org.apache.ratis.util.LifeCycle.checkStateAndClose(LifeCycle.java:229)
	at org.apache.ratis.util.PeerProxyMap$PeerAndProxy.close(PeerProxyMap.java:70)
	at org.apache.ratis.util.PeerProxyMap.resetProxy(PeerProxyMap.java:127)
	at org.apache.ratis.util.PeerProxyMap.handleException(PeerProxyMap.java:136)
	at org.apache.ratis.client.impl.RaftClientRpcWithProxy.handleException(RaftClientRpcWithProxy.java:47)
	at org.apache.ratis.client.impl.RaftClientImpl.handleIOException(RaftClientImpl.java:372)
	at org.apache.ratis.client.impl.OrderedAsync.lambda$sendRequest$10(OrderedAsync.java:236)
	at java.util.concurrent.CompletableFuture.uniExceptionally(CompletableFuture.java:870)
	at java.util.concurrent.CompletableFuture$UniExceptionally.tryFire(CompletableFuture.java:852)
	at java.util.concurrent.CompletableFuture.postComplete(CompletableFuture.java:474)
	at java.util.concurrent.CompletableFuture.completeExceptionally(CompletableFuture.java:1977)
	at org.apache.ratis.grpc.client.GrpcClientProtocolClient$AsyncStreamObservers.lambda$timeoutCheck$3(GrpcClientProtocolClient.java:324)
	at java.util.Optional.ifPresent(Optional.java:159)
	at org.apache.ratis.grpc.client.GrpcClientProtocolClient$AsyncStreamObservers.handleReplyFuture(GrpcClientProtocolClient.java:329)
	at org.apache.ratis.grpc.client.GrpcClientProtocolClient$AsyncStreamObservers.timeoutCheck(GrpcClientProtocolClient.java:324)
	at org.apache.ratis.grpc.client.GrpcClientProtocolClient$AsyncStreamObservers.lambda$onNext$1(GrpcClientProtocolClient.java:318)
	at org.apache.ratis.util.TimeoutScheduler.lambda$onTimeout$0(TimeoutScheduler.java:113)
	at org.apache.ratis.util.TimeoutScheduler.lambda$onTimeout$1(TimeoutScheduler.java:133)
	at org.apache.ratis.util.LogUtils.runAndLog(LogUtils.java:50)
	at org.apache.ratis.util.LogUtils$1.run(LogUtils.java:91)
	at java.util.concurrent.Executors$RunnableAdapter.call(Executors.java:511)
	at java.util.concurrent.FutureTask.run(FutureTask.java:266)
	at java.util.concurrent.ScheduledThreadPoolExecutor$ScheduledFutureTask.access$201(ScheduledThreadPoolExecutor.java:180)
	at java.util.concurrent.ScheduledThreadPoolExecutor$ScheduledFutureTask.run(ScheduledThreadPoolExecutor.java:293)
	at java.util.concurrent.ThreadPoolExecutor.runWorker(ThreadPoolExecutor.java:1149)
	at java.util.concurrent.ThreadPoolExecutor$Worker.run(ThreadPoolExecutor.java:624)
	at java.lang.Thread.run(Thread.java:748)
2019-10-10 01:27:34,182 [java.util.concurrent.ThreadPoolExecutor$Worker@1a97c569[State = -1, empty queue]] WARN  util.TimeoutScheduler (LogUtils.java:runAndLog(55)) - Failed to task #0: java.lang.NullPointerException
 0.00% |█                                                                                                    |  0/1 Time: 0:11:402019-10-10 01:27:35,642 [RatisPipelineUtilsThread] WARN  pipeline.RatisPipelineUtils (RatisPipelineUtils.java:destroyPipeline(69)) - Pipeline destroy failed for pipeline=PipelineID=8094cf12-8a89-433b-9dc2-a20ff7cf4119 dn=4b92f2f8-e489-47a4-a90a-1d3fa2a9a07f{ip: 192.168.151.118, host: pr-hdds-2194-jqrdw-3579824535, networkLocation: /default-rack, certSerialId: null}
2019-10-10 01:27:35,649 [grpc-default-executor-25] INFO  impl.RaftServerProxy (RaftServerProxy.java:remove(95)) - fe8e0d95-22db-4b8a-875e-83bee4d716fb: remove    LEADER fe8e0d95-22db-4b8a-875e-83bee4d716fb@group-A20FF7CF4119:t1, leader=fe8e0d95-22db-4b8a-875e-83bee4d716fb, voted=fe8e0d95-22db-4b8a-875e-83bee4d716fb, raftlog=fe8e0d95-22db-4b8a-875e-83bee4d716fb@group-A20FF7CF4119-SegmentedRaftLog:OPENED:c0,f0,i2, conf=0: [4b92f2f8-e489-47a4-a90a-1d3fa2a9a07f:192.168.151.118:35849, 993817e1-c77a-472e-865f-a6e34ffe7967:192.168.151.118:41261, fe8e0d95-22db-4b8a-875e-83bee4d716fb:192.168.151.118:34352], old=null RUNNING
2019-10-10 01:27:35,649 [grpc-default-executor-25] INFO  impl.RaftServerImpl (RaftServerImpl.java:lambda$shutdown$3(247)) - fe8e0d95-22db-4b8a-875e-83bee4d716fb@group-A20FF7CF4119: shutdown
2019-10-10 01:27:35,649 [grpc-default-executor-25] INFO  util.JmxRegister (JmxRegister.java:unregister(73)) - Successfully un-registered JMX Bean with object name Ratis:service=RaftServer,group=group-A20FF7CF4119,id=fe8e0d95-22db-4b8a-875e-83bee4d716fb
2019-10-10 01:27:35,649 [grpc-default-executor-25] INFO  impl.RoleInfo (RoleInfo.java:shutdownLeaderState(104)) - fe8e0d95-22db-4b8a-875e-83bee4d716fb: shutdown LeaderState
2019-10-10 01:27:35,650 [grpc-default-executor-25] INFO  impl.PendingRequests (PendingRequests.java:sendNotLeaderResponses(202)) - fe8e0d95-22db-4b8a-875e-83bee4d716fb@group-A20FF7CF4119-PendingRequests: sendNotLeaderResponses
2019-10-10 01:27:35,650 [org.apache.ratis.server.impl.LogAppender$AppenderDaemon$$Lambda$531/757553893@2f396590] WARN  server.GrpcLogAppender (GrpcLogAppender.java:mayWait(143)) - fe8e0d95-22db-4b8a-875e-83bee4d716fb@group-A20FF7CF4119->4b92f2f8-e489-47a4-a90a-1d3fa2a9a07f-GrpcLogAppender: Wait interrupted by java.lang.InterruptedException
2019-10-10 01:27:35,650 [org.apache.ratis.server.impl.LogAppender$AppenderDaemon$$Lambda$531/757553893@5368d831] WARN  server.GrpcLogAppender (GrpcLogAppender.java:mayWait(143)) - fe8e0d95-22db-4b8a-875e-83bee4d716fb@group-A20FF7CF4119->993817e1-c77a-472e-865f-a6e34ffe7967-GrpcLogAppender: Wait interrupted by java.lang.InterruptedException
2019-10-10 01:27:35,655 [grpc-default-executor-24] INFO  server.GrpcServerProtocolService (GrpcServerProtocolService.java:onCompleted(113)) - 4b92f2f8-e489-47a4-a90a-1d3fa2a9a07f: Completed APPEND_ENTRIES, lastRequest: fe8e0d95-22db-4b8a-875e-83bee4d716fb->4b92f2f8-e489-47a4-a90a-1d3fa2a9a07f#39-t1, previous=(t:1, i:2), leaderCommit=0, initializing? false, entries: <empty>
2019-10-10 01:27:35,657 [grpc-default-executor-29] INFO  server.GrpcServerProtocolService (GrpcServerProtocolService.java:onCompleted(113)) - 993817e1-c77a-472e-865f-a6e34ffe7967: Completed APPEND_ENTRIES, lastRequest: fe8e0d95-22db-4b8a-875e-83bee4d716fb->993817e1-c77a-472e-865f-a6e34ffe7967#39-t1, previous=(t:1, i:2), leaderCommit=0, initializing? false, entries: <empty>
2019-10-10 01:27:35,659 [grpc-default-executor-25] INFO  impl.StateMachineUpdater (StateMachineUpdater.java:stopAndJoin(136)) - fe8e0d95-22db-4b8a-875e-83bee4d716fb@group-A20FF7CF4119-StateMachineUpdater: set stopIndex = 0
2019-10-10 01:27:35,668 [grpc-default-executor-25] INFO  impl.RaftServerImpl (ServerState.java:close(387)) - fe8e0d95-22db-4b8a-875e-83bee4d716fb@group-A20FF7CF4119: closes. applyIndex: 0
2019-10-10 01:27:35,668 [grpc-default-executor-24] INFO  server.GrpcLogAppender (GrpcLogAppender.java:onCompleted(293)) - fe8e0d95-22db-4b8a-875e-83bee4d716fb@group-A20FF7CF4119->993817e1-c77a-472e-865f-a6e34ffe7967-AppendLogResponseHandler: follower responses appendEntries COMPLETED
2019-10-10 01:27:35,680 [fe8e0d95-22db-4b8a-875e-83bee4d716fb@group-A20FF7CF4119-SegmentedRaftLogWorker] INFO  segmented.SegmentedRaftLogWorker (SegmentedRaftLogWorker.java:run(316)) - fe8e0d95-22db-4b8a-875e-83bee4d716fb@group-A20FF7CF4119-SegmentedRaftLogWorker was interrupted, exiting. There are 0 tasks remaining in the queue.
2019-10-10 01:27:35,680 [grpc-default-executor-24] INFO  impl.FollowerInfo (FollowerInfo.java:lambda$new$0(51)) - fe8e0d95-22db-4b8a-875e-83bee4d716fb@group-A20FF7CF4119->993817e1-c77a-472e-865f-a6e34ffe7967: nextIndex: updateUnconditionally 3 -> 2
2019-10-10 01:27:35,681 [grpc-default-executor-25] INFO  segmented.SegmentedRaftLogWorker (SegmentedRaftLogWorker.java:close(224)) - fe8e0d95-22db-4b8a-875e-83bee4d716fb@group-A20FF7CF4119-SegmentedRaftLogWorker close()
2019-10-10 01:27:35,686 [grpc-default-executor-30] INFO  server.GrpcLogAppender (GrpcLogAppender.java:onCompleted(293)) - fe8e0d95-22db-4b8a-875e-83bee4d716fb@group-A20FF7CF4119->4b92f2f8-e489-47a4-a90a-1d3fa2a9a07f-AppendLogResponseHandler: follower responses appendEntries COMPLETED
2019-10-10 01:27:35,690 [grpc-default-executor-30] INFO  impl.FollowerInfo (FollowerInfo.java:lambda$new$0(51)) - fe8e0d95-22db-4b8a-875e-83bee4d716fb@group-A20FF7CF4119->4b92f2f8-e489-47a4-a90a-1d3fa2a9a07f: nextIndex: updateUnconditionally 3 -> 2
2019-10-10 01:27:35,704 [grpc-default-executor-24] INFO  impl.RaftServerProxy (RaftServerProxy.java:remove(95)) - 993817e1-c77a-472e-865f-a6e34ffe7967: remove  FOLLOWER 993817e1-c77a-472e-865f-a6e34ffe7967@group-A20FF7CF4119:t1, leader=fe8e0d95-22db-4b8a-875e-83bee4d716fb, voted=993817e1-c77a-472e-865f-a6e34ffe7967, raftlog=993817e1-c77a-472e-865f-a6e34ffe7967@group-A20FF7CF4119-SegmentedRaftLog:OPENED:c0,f2,i2, conf=0: [4b92f2f8-e489-47a4-a90a-1d3fa2a9a07f:192.168.151.118:35849, 993817e1-c77a-472e-865f-a6e34ffe7967:192.168.151.118:41261, fe8e0d95-22db-4b8a-875e-83bee4d716fb:192.168.151.118:34352], old=null RUNNING
2019-10-10 01:27:35,704 [grpc-default-executor-24] INFO  impl.RaftServerImpl (RaftServerImpl.java:lambda$shutdown$3(247)) - 993817e1-c77a-472e-865f-a6e34ffe7967@group-A20FF7CF4119: shutdown
2019-10-10 01:27:35,704 [grpc-default-executor-24] INFO  util.JmxRegister (JmxRegister.java:unregister(73)) - Successfully un-registered JMX Bean with object name Ratis:service=RaftServer,group=group-A20FF7CF4119,id=993817e1-c77a-472e-865f-a6e34ffe7967
2019-10-10 01:27:35,705 [grpc-default-executor-24] INFO  impl.RoleInfo (RoleInfo.java:shutdownFollowerState(121)) - 993817e1-c77a-472e-865f-a6e34ffe7967: shutdown FollowerState
2019-10-10 01:27:35,705 [grpc-default-executor-24] INFO  impl.StateMachineUpdater (StateMachineUpdater.java:stopAndJoin(136)) - 993817e1-c77a-472e-865f-a6e34ffe7967@group-A20FF7CF4119-StateMachineUpdater: set stopIndex = 0
2019-10-10 01:27:35,705 [Thread-1684] INFO  impl.FollowerState (FollowerState.java:run(117)) - 993817e1-c77a-472e-865f-a6e34ffe7967@group-A20FF7CF4119-FollowerState was interrupted: java.lang.InterruptedException: sleep interrupted
2019-10-10 01:27:35,706 [grpc-default-executor-24] INFO  impl.RaftServerImpl (ServerState.java:close(387)) - 993817e1-c77a-472e-865f-a6e34ffe7967@group-A20FF7CF4119: closes. applyIndex: 0
2019-10-10 01:27:35,708 [993817e1-c77a-472e-865f-a6e34ffe7967@group-A20FF7CF4119-SegmentedRaftLogWorker] INFO  segmented.SegmentedRaftLogWorker (SegmentedRaftLogWorker.java:run(316)) - 993817e1-c77a-472e-865f-a6e34ffe7967@group-A20FF7CF4119-SegmentedRaftLogWorker was interrupted, exiting. There are 0 tasks remaining in the queue.
2019-10-10 01:27:35,709 [grpc-default-executor-24] INFO  segmented.SegmentedRaftLogWorker (SegmentedRaftLogWorker.java:close(224)) - 993817e1-c77a-472e-865f-a6e34ffe7967@group-A20FF7CF4119-SegmentedRaftLogWorker close()
 0.00% |█                                                                                                    |  0/1 Time: 0:11:412019-10-10 01:27:36,713 [pool-73-thread-3] WARN  io.KeyOutputStream (KeyOutputStream.java:handleException(274)) - Encountered exception java.io.IOException: Unexpected Storage Container Exception: java.util.concurrent.CompletionException: java.util.concurrent.CompletionException: org.apache.ratis.protocol.GroupMismatchException: 4b92f2f8-e489-47a4-a90a-1d3fa2a9a07f: group-A20FF7CF4119 not found. on the pipeline Pipeline[ Id: 8094cf12-8a89-433b-9dc2-a20ff7cf4119, Nodes: 4b92f2f8-e489-47a4-a90a-1d3fa2a9a07f{ip: 192.168.151.118, host: pr-hdds-2194-jqrdw-3579824535, networkLocation: /default-rack, certSerialId: null}fe8e0d95-22db-4b8a-875e-83bee4d716fb{ip: 192.168.151.118, host: pr-hdds-2194-jqrdw-3579824535, networkLocation: /default-rack, certSerialId: null}993817e1-c77a-472e-865f-a6e34ffe7967{ip: 192.168.151.118, host: pr-hdds-2194-jqrdw-3579824535, networkLocation: /default-rack, certSerialId: null}, Type:RATIS, Factor:THREE, State:OPEN]. The last committed block length is 0, uncommitted data length is 2097152 retry count 9
2019-10-10 01:27:36,753 [grpc-default-executor-25] INFO  impl.RaftServerProxy (RaftServerProxy.java:addNew(89)) - 4b92f2f8-e489-47a4-a90a-1d3fa2a9a07f: addNew group-8D3AD9D6C54E:[4b92f2f8-e489-47a4-a90a-1d3fa2a9a07f:192.168.151.118:35849, 993817e1-c77a-472e-865f-a6e34ffe7967:192.168.151.118:41261, fe8e0d95-22db-4b8a-875e-83bee4d716fb:192.168.151.118:34352] returns group-8D3AD9D6C54E:java.util.concurrent.CompletableFuture@2833bc1f[Not completed]
2019-10-10 01:27:36,753 [grpc-default-executor-32] INFO  impl.RaftServerProxy (RaftServerProxy.java:addNew(89)) - fe8e0d95-22db-4b8a-875e-83bee4d716fb: addNew group-8D3AD9D6C54E:[4b92f2f8-e489-47a4-a90a-1d3fa2a9a07f:192.168.151.118:35849, 993817e1-c77a-472e-865f-a6e34ffe7967:192.168.151.118:41261, fe8e0d95-22db-4b8a-875e-83bee4d716fb:192.168.151.118:34352] returns group-8D3AD9D6C54E:java.util.concurrent.CompletableFuture@712ca38c[Not completed]
2019-10-10 01:27:36,753 [grpc-default-executor-30] INFO  impl.RaftServerProxy (RaftServerProxy.java:addNew(89)) - 993817e1-c77a-472e-865f-a6e34ffe7967: addNew group-8D3AD9D6C54E:[4b92f2f8-e489-47a4-a90a-1d3fa2a9a07f:192.168.151.118:35849, 993817e1-c77a-472e-865f-a6e34ffe7967:192.168.151.118:41261, fe8e0d95-22db-4b8a-875e-83bee4d716fb:192.168.151.118:34352] returns group-8D3AD9D6C54E:java.util.concurrent.CompletableFuture@24215749[Not completed]
2019-10-10 01:27:36,757 [pool-27-thread-1] INFO  impl.RaftServerImpl (RaftServerImpl.java:<init>(95)) - 993817e1-c77a-472e-865f-a6e34ffe7967: new RaftServerImpl for group-8D3AD9D6C54E:[4b92f2f8-e489-47a4-a90a-1d3fa2a9a07f:192.168.151.118:35849, 993817e1-c77a-472e-865f-a6e34ffe7967:192.168.151.118:41261, fe8e0d95-22db-4b8a-875e-83bee4d716fb:192.168.151.118:34352] with ContainerStateMachine:uninitialized
2019-10-10 01:27:36,757 [pool-27-thread-1] INFO  server.RaftServerConfigKeys (ConfUtils.java:logGet(43)) - raft.server.rpc.timeout.min = 5s (custom)
2019-10-10 01:27:36,758 [pool-27-thread-1] INFO  server.RaftServerConfigKeys (ConfUtils.java:logGet(43)) - raft.server.rpc.timeout.max = 5200ms (custom)
2019-10-10 01:27:36,758 [pool-27-thread-1] INFO  server.RaftServerConfigKeys (ConfUtils.java:logGet(43)) - raft.server.rpcslowness.timeout = 120s (custom)
2019-10-10 01:27:36,758 [pool-27-thread-1] INFO  server.RaftServerConfigKeys (ConfUtils.java:logGet(43)) - raft.server.sleep.deviation.threshold = 300 (default)
2019-10-10 01:27:36,758 [pool-47-thread-1] INFO  impl.RaftServerImpl (RaftServerImpl.java:<init>(95)) - fe8e0d95-22db-4b8a-875e-83bee4d716fb: new RaftServerImpl for group-8D3AD9D6C54E:[4b92f2f8-e489-47a4-a90a-1d3fa2a9a07f:192.168.151.118:35849, 993817e1-c77a-472e-865f-a6e34ffe7967:192.168.151.118:41261, fe8e0d95-22db-4b8a-875e-83bee4d716fb:192.168.151.118:34352] with ContainerStateMachine:uninitialized
2019-10-10 01:27:36,758 [pool-27-thread-1] INFO  server.RaftServerConfigKeys (ConfUtils.java:logGet(43)) - raft.server.log.appender.install.snapshot.enabled = false (custom)
2019-10-10 01:27:36,759 [pool-47-thread-1] INFO  server.RaftServerConfigKeys (ConfUtils.java:logGet(43)) - raft.server.rpc.timeout.min = 5s (custom)
2019-10-10 01:27:36,759 [pool-27-thread-1] INFO  impl.RaftServerImpl (ServerState.java:<init>(103)) - 993817e1-c77a-472e-865f-a6e34ffe7967@group-8D3AD9D6C54E: ConfigurationManager, init=-1: [4b92f2f8-e489-47a4-a90a-1d3fa2a9a07f:192.168.151.118:35849, 993817e1-c77a-472e-865f-a6e34ffe7967:192.168.151.118:41261, fe8e0d95-22db-4b8a-875e-83bee4d716fb:192.168.151.118:34352], old=null, confs=<EMPTY_MAP>
2019-10-10 01:27:36,759 [pool-47-thread-1] INFO  server.RaftServerConfigKeys (ConfUtils.java:logGet(43)) - raft.server.rpc.timeout.max = 5200ms (custom)
2019-10-10 01:27:36,759 [pool-27-thread-1] INFO  server.RaftServerConfigKeys (ConfUtils.java:logGet(43)) - raft.server.storage.dir = [/workdir/hadoop-ozone/tools/target/test-dir/MiniOzoneClusterImpl-1e8b0e80-279c-49c4-ae13-42ed318b6149/datanode-0/data/ratis] (custom)
2019-10-10 01:27:36,759 [pool-67-thread-1] INFO  impl.RaftServerImpl (RaftServerImpl.java:<init>(95)) - 4b92f2f8-e489-47a4-a90a-1d3fa2a9a07f: new RaftServerImpl for group-8D3AD9D6C54E:[4b92f2f8-e489-47a4-a90a-1d3fa2a9a07f:192.168.151.118:35849, 993817e1-c77a-472e-865f-a6e34ffe7967:192.168.151.118:41261, fe8e0d95-22db-4b8a-875e-83bee4d716fb:192.168.151.118:34352] with ContainerStateMachine:uninitialized
2019-10-10 01:27:36,759 [pool-47-thread-1] INFO  server.RaftServerConfigKeys (ConfUtils.java:logGet(43)) - raft.server.rpcslowness.timeout = 120s (custom)
2019-10-10 01:27:36,760 [pool-27-thread-1] INFO  server.RaftServerConfigKeys (ConfUtils.java:logGet(43)) - raft.server.log.corruption.policy = EXCEPTION (default)
2019-10-10 01:27:36,760 [pool-67-thread-1] INFO  server.RaftServerConfigKeys (ConfUtils.java:logGet(43)) - raft.server.rpc.timeout.min = 5s (custom)
2019-10-10 01:27:36,760 [pool-27-thread-1] INFO  storage.RaftStorageDirectory (RaftStorageDirectory.java:analyzeStorage(246)) - The storage directory /workdir/hadoop-ozone/tools/target/test-dir/MiniOzoneClusterImpl-1e8b0e80-279c-49c4-ae13-42ed318b6149/datanode-0/data/ratis/37749b9b-64f3-4e6e-9d22-8d3ad9d6c54e does not exist. Creating ...
2019-10-10 01:27:36,760 [pool-47-thread-1] INFO  server.RaftServerConfigKeys (ConfUtils.java:logGet(43)) - raft.server.sleep.deviation.threshold = 300 (default)
2019-10-10 01:27:36,760 [pool-67-thread-1] INFO  server.RaftServerConfigKeys (ConfUtils.java:logGet(43)) - raft.server.rpc.timeout.max = 5200ms (custom)
2019-10-10 01:27:36,761 [pool-47-thread-1] INFO  server.RaftServerConfigKeys (ConfUtils.java:logGet(43)) - raft.server.log.appender.install.snapshot.enabled = false (custom)
2019-10-10 01:27:36,761 [pool-67-thread-1] INFO  server.RaftServerConfigKeys (ConfUtils.java:logGet(43)) - raft.server.rpcslowness.timeout = 120s (custom)
2019-10-10 01:27:36,761 [pool-47-thread-1] INFO  impl.RaftServerImpl (ServerState.java:<init>(103)) - fe8e0d95-22db-4b8a-875e-83bee4d716fb@group-8D3AD9D6C54E: ConfigurationManager, init=-1: [4b92f2f8-e489-47a4-a90a-1d3fa2a9a07f:192.168.151.118:35849, 993817e1-c77a-472e-865f-a6e34ffe7967:192.168.151.118:41261, fe8e0d95-22db-4b8a-875e-83bee4d716fb:192.168.151.118:34352], old=null, confs=<EMPTY_MAP>
2019-10-10 01:27:36,761 [pool-67-thread-1] INFO  server.RaftServerConfigKeys (ConfUtils.java:logGet(43)) - raft.server.sleep.deviation.threshold = 300 (default)
2019-10-10 01:27:36,761 [pool-47-thread-1] INFO  server.RaftServerConfigKeys (ConfUtils.java:logGet(43)) - raft.server.storage.dir = [/workdir/hadoop-ozone/tools/target/test-dir/MiniOzoneClusterImpl-1e8b0e80-279c-49c4-ae13-42ed318b6149/datanode-2/data/ratis] (custom)
2019-10-10 01:27:36,761 [pool-67-thread-1] INFO  server.RaftServerConfigKeys (ConfUtils.java:logGet(43)) - raft.server.log.appender.install.snapshot.enabled = false (custom)
2019-10-10 01:27:36,762 [pool-47-thread-1] INFO  server.RaftServerConfigKeys (ConfUtils.java:logGet(43)) - raft.server.log.corruption.policy = EXCEPTION (default)
2019-10-10 01:27:36,762 [pool-67-thread-1] INFO  impl.RaftServerImpl (ServerState.java:<init>(103)) - 4b92f2f8-e489-47a4-a90a-1d3fa2a9a07f@group-8D3AD9D6C54E: ConfigurationManager, init=-1: [4b92f2f8-e489-47a4-a90a-1d3fa2a9a07f:192.168.151.118:35849, 993817e1-c77a-472e-865f-a6e34ffe7967:192.168.151.118:41261, fe8e0d95-22db-4b8a-875e-83bee4d716fb:192.168.151.118:34352], old=null, confs=<EMPTY_MAP>
2019-10-10 01:27:36,762 [pool-47-thread-1] INFO  storage.RaftStorageDirectory (RaftStorageDirectory.java:analyzeStorage(246)) - The storage directory /workdir/hadoop-ozone/tools/target/test-dir/MiniOzoneClusterImpl-1e8b0e80-279c-49c4-ae13-42ed318b6149/datanode-2/data/ratis/37749b9b-64f3-4e6e-9d22-8d3ad9d6c54e does not exist. Creating ...
2019-10-10 01:27:36,762 [pool-67-thread-1] INFO  server.RaftServerConfigKeys (ConfUtils.java:logGet(43)) - raft.server.storage.dir = [/workdir/hadoop-ozone/tools/target/test-dir/MiniOzoneClusterImpl-1e8b0e80-279c-49c4-ae13-42ed318b6149/datanode-4/data/ratis] (custom)
2019-10-10 01:27:36,763 [pool-67-thread-1] INFO  server.RaftServerConfigKeys (ConfUtils.java:logGet(43)) - raft.server.log.corruption.policy = EXCEPTION (default)
2019-10-10 01:27:36,763 [pool-67-thread-1] INFO  storage.RaftStorageDirectory (RaftStorageDirectory.java:analyzeStorage(246)) - The storage directory /workdir/hadoop-ozone/tools/target/test-dir/MiniOzoneClusterImpl-1e8b0e80-279c-49c4-ae13-42ed318b6149/datanode-4/data/ratis/37749b9b-64f3-4e6e-9d22-8d3ad9d6c54e does not exist. Creating ...
 0.00% |█                                                                                                    |  0/1 Time: 0:11:42 0.00% |█                                                                                                    |  0/1 Time: 0:11:432019-10-10 01:27:38,698 [RatisPipelineUtilsThread] WARN  pipeline.RatisPipelineUtils (RatisPipelineUtils.java:destroyPipeline(69)) - Pipeline destroy failed for pipeline=PipelineID=8094cf12-8a89-433b-9dc2-a20ff7cf4119 dn=993817e1-c77a-472e-865f-a6e34ffe7967{ip: 192.168.151.118, host: pr-hdds-2194-jqrdw-3579824535, networkLocation: /default-rack, certSerialId: null}
 0.00% |█                                                                                                    |  0/1 Time: 0:11:442019-10-10 01:27:39,385 [pool-47-thread-1] INFO  storage.RaftStorageDirectory (RaftStorageDirectory.java:tryLock(328)) - Lock on /workdir/hadoop-ozone/tools/target/test-dir/MiniOzoneClusterImpl-1e8b0e80-279c-49c4-ae13-42ed318b6149/datanode-2/data/ratis/37749b9b-64f3-4e6e-9d22-8d3ad9d6c54e/in_use.lock acquired by nodename 12932@pr-hdds-2194-jqrdw-3579824535
2019-10-10 01:27:39,385 [pool-67-thread-1] INFO  storage.RaftStorageDirectory (RaftStorageDirectory.java:tryLock(328)) - Lock on /workdir/hadoop-ozone/tools/target/test-dir/MiniOzoneClusterImpl-1e8b0e80-279c-49c4-ae13-42ed318b6149/datanode-4/data/ratis/37749b9b-64f3-4e6e-9d22-8d3ad9d6c54e/in_use.lock acquired by nodename 12932@pr-hdds-2194-jqrdw-3579824535
2019-10-10 01:27:39,385 [pool-27-thread-1] INFO  storage.RaftStorageDirectory (RaftStorageDirectory.java:tryLock(328)) - Lock on /workdir/hadoop-ozone/tools/target/test-dir/MiniOzoneClusterImpl-1e8b0e80-279c-49c4-ae13-42ed318b6149/datanode-0/data/ratis/37749b9b-64f3-4e6e-9d22-8d3ad9d6c54e/in_use.lock acquired by nodename 12932@pr-hdds-2194-jqrdw-3579824535
2019-10-10 01:27:39,749 [RATISCREATEPIPELINE0] ERROR pipeline.RatisPipelineProvider (RatisPipelineProvider.java:lambda$null$5(237)) - Failed invoke Ratis rpc org.apache.hadoop.hdds.scm.pipeline.RatisPipelineProvider$$Lambda$196/1858172621@12821691 for 993817e1-c77a-472e-865f-a6e34ffe7967
org.apache.ratis.protocol.TimeoutIOException: deadline exceeded after 2999891287ns
	at org.apache.ratis.grpc.GrpcUtil.tryUnwrapException(GrpcUtil.java:82)
	at org.apache.ratis.grpc.GrpcUtil.unwrapException(GrpcUtil.java:75)
	at org.apache.ratis.grpc.client.GrpcClientProtocolClient.blockingCall(GrpcClientProtocolClient.java:184)
	at org.apache.ratis.grpc.client.GrpcClientProtocolClient.groupAdd(GrpcClientProtocolClient.java:153)
	at org.apache.ratis.grpc.client.GrpcClientRpc.sendRequest(GrpcClientRpc.java:94)
	at org.apache.ratis.client.impl.RaftClientImpl.sendRequest(RaftClientImpl.java:278)
	at org.apache.ratis.client.impl.RaftClientImpl.groupAdd(RaftClientImpl.java:205)
	at org.apache.hadoop.hdds.scm.pipeline.RatisPipelineProvider.lambda$initializePipeline$4(RatisPipelineProvider.java:198)
	at org.apache.hadoop.hdds.scm.pipeline.RatisPipelineProvider.lambda$null$5(RatisPipelineProvider.java:233)
	at java.util.stream.ForEachOps$ForEachOp$OfRef.accept(ForEachOps.java:184)
	at java.util.ArrayList$ArrayListSpliterator.forEachRemaining(ArrayList.java:1382)
	at java.util.stream.AbstractPipeline.copyInto(AbstractPipeline.java:482)
	at java.util.stream.ForEachOps$ForEachTask.compute(ForEachOps.java:291)
	at java.util.concurrent.CountedCompleter.exec(CountedCompleter.java:731)
	at java.util.concurrent.ForkJoinTask.doExec(ForkJoinTask.java:289)
	at java.util.concurrent.ForkJoinPool$WorkQueue.runTask(ForkJoinPool.java:1056)
	at java.util.concurrent.ForkJoinPool.runWorker(ForkJoinPool.java:1692)
	at java.util.concurrent.ForkJoinWorkerThread.run(ForkJoinWorkerThread.java:157)
Caused by: org.apache.ratis.thirdparty.io.grpc.StatusRuntimeException: DEADLINE_EXCEEDED: deadline exceeded after 2999891287ns
	at org.apache.ratis.thirdparty.io.grpc.stub.ClientCalls.toStatusRuntimeException(ClientCalls.java:233)
	at org.apache.ratis.thirdparty.io.grpc.stub.ClientCalls.getUnchecked(ClientCalls.java:214)
	at org.apache.ratis.thirdparty.io.grpc.stub.ClientCalls.blockingUnaryCall(ClientCalls.java:139)
	at org.apache.ratis.proto.grpc.AdminProtocolServiceGrpc$AdminProtocolServiceBlockingStub.groupManagement(AdminProtocolServiceGrpc.java:274)
	at org.apache.ratis.grpc.client.GrpcClientProtocolClient.lambda$groupAdd$3(GrpcClientProtocolClient.java:155)
	at org.apache.ratis.grpc.client.GrpcClientProtocolClient.blockingCall(GrpcClientProtocolClient.java:182)
	... 15 more
2019-10-10 01:27:39,749 [RATISCREATEPIPELINE3] ERROR pipeline.RatisPipelineProvider (RatisPipelineProvider.java:lambda$null$5(237)) - Failed invoke Ratis rpc org.apache.hadoop.hdds.scm.pipeline.RatisPipelineProvider$$Lambda$196/1858172621@12821691 for 4b92f2f8-e489-47a4-a90a-1d3fa2a9a07f
org.apache.ratis.protocol.TimeoutIOException: deadline exceeded after 2999875455ns
	at org.apache.ratis.grpc.GrpcUtil.tryUnwrapException(GrpcUtil.java:82)
	at org.apache.ratis.grpc.GrpcUtil.unwrapException(GrpcUtil.java:75)
	at org.apache.ratis.grpc.client.GrpcClientProtocolClient.blockingCall(GrpcClientProtocolClient.java:184)
	at org.apache.ratis.grpc.client.GrpcClientProtocolClient.groupAdd(GrpcClientProtocolClient.java:153)
	at org.apache.ratis.grpc.client.GrpcClientRpc.sendRequest(GrpcClientRpc.java:94)
	at org.apache.ratis.client.impl.RaftClientImpl.sendRequest(RaftClientImpl.java:278)
	at org.apache.ratis.client.impl.RaftClientImpl.groupAdd(RaftClientImpl.java:205)
	at org.apache.hadoop.hdds.scm.pipeline.RatisPipelineProvider.lambda$initializePipeline$4(RatisPipelineProvider.java:198)
	at org.apache.hadoop.hdds.scm.pipeline.RatisPipelineProvider.lambda$null$5(RatisPipelineProvider.java:233)
	at java.util.stream.ForEachOps$ForEachOp$OfRef.accept(ForEachOps.java:184)
	at java.util.ArrayList$ArrayListSpliterator.forEachRemaining(ArrayList.java:1382)
	at java.util.stream.AbstractPipeline.copyInto(AbstractPipeline.java:482)
	at java.util.stream.ForEachOps$ForEachTask.compute(ForEachOps.java:291)
	at java.util.concurrent.CountedCompleter.exec(CountedCompleter.java:731)
	at java.util.concurrent.ForkJoinTask.doExec(ForkJoinTask.java:289)
	at java.util.concurrent.ForkJoinPool$WorkQueue.runTask(ForkJoinPool.java:1056)
	at java.util.concurrent.ForkJoinPool.runWorker(ForkJoinPool.java:1692)
	at java.util.concurrent.ForkJoinWorkerThread.run(ForkJoinWorkerThread.java:157)
Caused by: org.apache.ratis.thirdparty.io.grpc.StatusRuntimeException: DEADLINE_EXCEEDED: deadline exceeded after 2999875455ns
	at org.apache.ratis.thirdparty.io.grpc.stub.ClientCalls.toStatusRuntimeException(ClientCalls.java:233)
	at org.apache.ratis.thirdparty.io.grpc.stub.ClientCalls.getUnchecked(ClientCalls.java:214)
	at org.apache.ratis.thirdparty.io.grpc.stub.ClientCalls.blockingUnaryCall(ClientCalls.java:139)
	at org.apache.ratis.proto.grpc.AdminProtocolServiceGrpc$AdminProtocolServiceBlockingStub.groupManagement(AdminProtocolServiceGrpc.java:274)
	at org.apache.ratis.grpc.client.GrpcClientProtocolClient.lambda$groupAdd$3(GrpcClientProtocolClient.java:155)
	at org.apache.ratis.grpc.client.GrpcClientProtocolClient.blockingCall(GrpcClientProtocolClient.java:182)
	... 15 more
2019-10-10 01:27:39,749 [RATISCREATEPIPELINE2] ERROR pipeline.RatisPipelineProvider (RatisPipelineProvider.java:lambda$null$5(237)) - Failed invoke Ratis rpc org.apache.hadoop.hdds.scm.pipeline.RatisPipelineProvider$$Lambda$196/1858172621@12821691 for fe8e0d95-22db-4b8a-875e-83bee4d716fb
org.apache.ratis.protocol.TimeoutIOException: deadline exceeded after 2999887361ns
	at org.apache.ratis.grpc.GrpcUtil.tryUnwrapException(GrpcUtil.java:82)
	at org.apache.ratis.grpc.GrpcUtil.unwrapException(GrpcUtil.java:75)
	at org.apache.ratis.grpc.client.GrpcClientProtocolClient.blockingCall(GrpcClientProtocolClient.java:184)
	at org.apache.ratis.grpc.client.GrpcClientProtocolClient.groupAdd(GrpcClientProtocolClient.java:153)
	at org.apache.ratis.grpc.client.GrpcClientRpc.sendRequest(GrpcClientRpc.java:94)
	at org.apache.ratis.client.impl.RaftClientImpl.sendRequest(RaftClientImpl.java:278)
	at org.apache.ratis.client.impl.RaftClientImpl.groupAdd(RaftClientImpl.java:205)
	at org.apache.hadoop.hdds.scm.pipeline.RatisPipelineProvider.lambda$initializePipeline$4(RatisPipelineProvider.java:198)
	at org.apache.hadoop.hdds.scm.pipeline.RatisPipelineProvider.lambda$null$5(RatisPipelineProvider.java:233)
	at java.util.stream.ForEachOps$ForEachOp$OfRef.accept(ForEachOps.java:184)
	at java.util.ArrayList$ArrayListSpliterator.forEachRemaining(ArrayList.java:1382)
	at java.util.stream.AbstractPipeline.copyInto(AbstractPipeline.java:482)
	at java.util.stream.ForEachOps$ForEachTask.compute(ForEachOps.java:291)
	at java.util.concurrent.CountedCompleter.exec(CountedCompleter.java:731)
	at java.util.concurrent.ForkJoinTask.doExec(ForkJoinTask.java:289)
	at java.util.concurrent.ForkJoinTask.doInvoke(ForkJoinTask.java:401)
	at java.util.concurrent.ForkJoinTask.invoke(ForkJoinTask.java:734)
	at java.util.stream.ForEachOps$ForEachOp.evaluateParallel(ForEachOps.java:160)
	at java.util.stream.ForEachOps$ForEachOp$OfRef.evaluateParallel(ForEachOps.java:174)
	at java.util.stream.AbstractPipeline.evaluate(AbstractPipeline.java:233)
	at java.util.stream.ReferencePipeline.forEach(ReferencePipeline.java:418)
	at java.util.stream.ReferencePipeline$Head.forEach(ReferencePipeline.java:583)
	at org.apache.hadoop.hdds.scm.pipeline.RatisPipelineProvider.lambda$callRatisRpc$6(RatisPipelineProvider.java:227)
	at java.util.concurrent.ForkJoinTask$AdaptedRunnableAction.exec(ForkJoinTask.java:1386)
	at java.util.concurrent.ForkJoinTask.doExec(ForkJoinTask.java:289)
	at java.util.concurrent.ForkJoinPool$WorkQueue.runTask(ForkJoinPool.java:1056)
	at java.util.concurrent.ForkJoinPool.runWorker(ForkJoinPool.java:1692)
	at java.util.concurrent.ForkJoinWorkerThread.run(ForkJoinWorkerThread.java:157)
Caused by: org.apache.ratis.thirdparty.io.grpc.StatusRuntimeException: DEADLINE_EXCEEDED: deadline exceeded after 2999887361ns
	at org.apache.ratis.thirdparty.io.grpc.stub.ClientCalls.toStatusRuntimeException(ClientCalls.java:233)
	at org.apache.ratis.thirdparty.io.grpc.stub.ClientCalls.getUnchecked(ClientCalls.java:214)
	at org.apache.ratis.thirdparty.io.grpc.stub.ClientCalls.blockingUnaryCall(ClientCalls.java:139)
	at org.apache.ratis.proto.grpc.AdminProtocolServiceGrpc$AdminProtocolServiceBlockingStub.groupManagement(AdminProtocolServiceGrpc.java:274)
	at org.apache.ratis.grpc.client.GrpcClientProtocolClient.lambda$groupAdd$3(GrpcClientProtocolClient.java:155)
	at org.apache.ratis.grpc.client.GrpcClientProtocolClient.blockingCall(GrpcClientProtocolClient.java:182)
	... 25 more
2019-10-10 01:27:39,756 [IPC Server handler 18 on 36956] WARN  block.BlockManagerImpl (BlockManagerImpl.java:allocateBlock(194)) - Pipeline creation failed for type:RATIS factor:THREE. Retrying get pipelines call once.
org.apache.hadoop.io.MultipleIOException: 3 exceptions [java.io.IOException: Failed invoke Ratis rpc org.apache.hadoop.hdds.scm.pipeline.RatisPipelineProvider$$Lambda$196/1858172621@12821691 for 993817e1-c77a-472e-865f-a6e34ffe7967, java.io.IOException: Failed invoke Ratis rpc org.apache.hadoop.hdds.scm.pipeline.RatisPipelineProvider$$Lambda$196/1858172621@12821691 for 4b92f2f8-e489-47a4-a90a-1d3fa2a9a07f, java.io.IOException: Failed invoke Ratis rpc org.apache.hadoop.hdds.scm.pipeline.RatisPipelineProvider$$Lambda$196/1858172621@12821691 for fe8e0d95-22db-4b8a-875e-83bee4d716fb]
	at org.apache.hadoop.io.MultipleIOException.createIOException(MultipleIOException.java:53)
	at org.apache.hadoop.hdds.scm.pipeline.RatisPipelineProvider.callRatisRpc(RatisPipelineProvider.java:253)
	at org.apache.hadoop.hdds.scm.pipeline.RatisPipelineProvider.initializePipeline(RatisPipelineProvider.java:196)
	at org.apache.hadoop.hdds.scm.pipeline.RatisPipelineProvider.create(RatisPipelineProvider.java:163)
	at org.apache.hadoop.hdds.scm.pipeline.PipelineFactory.create(PipelineFactory.java:58)
	at org.apache.hadoop.hdds.scm.pipeline.SCMPipelineManager.createPipeline(SCMPipelineManager.java:155)
	at org.apache.hadoop.hdds.scm.block.BlockManagerImpl.allocateBlock(BlockManagerImpl.java:192)
	at org.apache.hadoop.hdds.scm.server.SCMBlockProtocolServer.allocateBlock(SCMBlockProtocolServer.java:182)
	at org.apache.hadoop.hdds.scm.protocol.ScmBlockLocationProtocolServerSideTranslatorPB.allocateScmBlock(ScmBlockLocationProtocolServerSideTranslatorPB.java:159)
	at org.apache.hadoop.hdds.scm.protocol.ScmBlockLocationProtocolServerSideTranslatorPB.processMessage(ScmBlockLocationProtocolServerSideTranslatorPB.java:117)
	at org.apache.hadoop.hdds.server.OzoneProtocolMessageDispatcher.processRequest(OzoneProtocolMessageDispatcher.java:72)
	at org.apache.hadoop.hdds.scm.protocol.ScmBlockLocationProtocolServerSideTranslatorPB.send(ScmBlockLocationProtocolServerSideTranslatorPB.java:98)
	at org.apache.hadoop.hdds.protocol.proto.ScmBlockLocationProtocolProtos$ScmBlockLocationProtocolService$2.callBlockingMethod(ScmBlockLocationProtocolProtos.java:13157)
	at org.apache.hadoop.ipc.ProtobufRpcEngine$Server$ProtoBufRpcInvoker.call(ProtobufRpcEngine.java:524)
	at org.apache.hadoop.ipc.RPC$Server.call(RPC.java:1025)
	at org.apache.hadoop.ipc.Server$RpcCall.run(Server.java:876)
	at org.apache.hadoop.ipc.Server$RpcCall.run(Server.java:822)
	at java.security.AccessController.doPrivileged(Native Method)
	at javax.security.auth.Subject.doAs(Subject.java:422)
	at org.apache.hadoop.security.UserGroupInformation.doAs(UserGroupInformation.java:1730)
	at org.apache.hadoop.ipc.Server$Handler.run(Server.java:2682)
2019-10-10 01:27:39,756 [RatisPipelineUtilsThread] INFO  pipeline.PipelineStateManager (PipelineStateManager.java:removePipeline(108)) - Pipeline Pipeline[ Id: 8094cf12-8a89-433b-9dc2-a20ff7cf4119, Nodes: 4b92f2f8-e489-47a4-a90a-1d3fa2a9a07f{ip: 192.168.151.118, host: pr-hdds-2194-jqrdw-3579824535, networkLocation: /default-rack, certSerialId: null}fe8e0d95-22db-4b8a-875e-83bee4d716fb{ip: 192.168.151.118, host: pr-hdds-2194-jqrdw-3579824535, networkLocation: /default-rack, certSerialId: null}993817e1-c77a-472e-865f-a6e34ffe7967{ip: 192.168.151.118, host: pr-hdds-2194-jqrdw-3579824535, networkLocation: /default-rack, certSerialId: null}, Type:RATIS, Factor:THREE, State:CLOSED] removed from db
2019-10-10 01:27:39,757 [IPC Server handler 18 on 36956] INFO  block.BlockManagerImpl (BlockManagerImpl.java:allocateBlock(200)) - Could not find available pipeline of type:RATIS and factor:THREE even after retrying
2019-10-10 01:27:39,757 [IPC Server handler 18 on 36956] ERROR block.BlockManagerImpl (BlockManagerImpl.java:allocateBlock(224)) - Unable to allocate a block for the size: 4194304, type: RATIS, factor: THREE
2019-10-10 01:27:39,762 [grpc-default-executor-32] INFO  impl.RaftServerProxy (RaftServerProxy.java:remove(95)) - 4b92f2f8-e489-47a4-a90a-1d3fa2a9a07f: remove group-A20FF7CF4119:null
2019-10-10 01:27:39,765 [pool-73-thread-3] ERROR io.BlockOutputStreamEntryPool (BlockOutputStreamEntryPool.java:allocateBlockIfNeeded(307)) - Try to allocate more blocks for write failed, already allocated 0 blocks for this write.
INTERNAL_ERROR org.apache.hadoop.ozone.om.exceptions.OMException: Allocated 0 blocks. Requested 1 blocks
	at org.apache.hadoop.ozone.om.protocolPB.OzoneManagerProtocolClientSideTranslatorPB.handleError(OzoneManagerProtocolClientSideTranslatorPB.java:732)
	at org.apache.hadoop.ozone.om.protocolPB.OzoneManagerProtocolClientSideTranslatorPB.allocateBlock(OzoneManagerProtocolClientSideTranslatorPB.java:764)
	at sun.reflect.NativeMethodAccessorImpl.invoke0(Native Method)
	at sun.reflect.NativeMethodAccessorImpl.invoke(NativeMethodAccessorImpl.java:62)
	at sun.reflect.DelegatingMethodAccessorImpl.invoke(DelegatingMethodAccessorImpl.java:43)
	at java.lang.reflect.Method.invoke(Method.java:498)
	at org.apache.hadoop.hdds.tracing.TraceAllMethod.invoke(TraceAllMethod.java:66)
	at com.sun.proxy.$Proxy37.allocateBlock(Unknown Source)
	at org.apache.hadoop.ozone.client.io.BlockOutputStreamEntryPool.allocateNewBlock(BlockOutputStreamEntryPool.java:256)
	at org.apache.hadoop.ozone.client.io.BlockOutputStreamEntryPool.allocateBlockIfNeeded(BlockOutputStreamEntryPool.java:304)
	at org.apache.hadoop.ozone.client.io.KeyOutputStream.handleWrite(KeyOutputStream.java:198)
	at org.apache.hadoop.ozone.client.io.KeyOutputStream.handleRetry(KeyOutputStream.java:375)
	at org.apache.hadoop.ozone.client.io.KeyOutputStream.handleException(KeyOutputStream.java:324)
	at org.apache.hadoop.ozone.client.io.KeyOutputStream.handleWrite(KeyOutputStream.java:228)
	at org.apache.hadoop.ozone.client.io.KeyOutputStream.handleRetry(KeyOutputStream.java:375)
	at org.apache.hadoop.ozone.client.io.KeyOutputStream.handleException(KeyOutputStream.java:324)
	at org.apache.hadoop.ozone.client.io.KeyOutputStream.handleWrite(KeyOutputStream.java:228)
	at org.apache.hadoop.ozone.client.io.KeyOutputStream.handleRetry(KeyOutputStream.java:375)
	at org.apache.hadoop.ozone.client.io.KeyOutputStream.handleException(KeyOutputStream.java:324)
	at org.apache.hadoop.ozone.client.io.KeyOutputStream.handleWrite(KeyOutputStream.java:228)
	at org.apache.hadoop.ozone.client.io.KeyOutputStream.handleRetry(KeyOutputStream.java:375)
	at org.apache.hadoop.ozone.client.io.KeyOutputStream.handleException(KeyOutputStream.java:324)
	at org.apache.hadoop.ozone.client.io.KeyOutputStream.handleWrite(KeyOutputStream.java:228)
	at org.apache.hadoop.ozone.client.io.KeyOutputStream.handleRetry(KeyOutputStream.java:375)
	at org.apache.hadoop.ozone.client.io.KeyOutputStream.handleException(KeyOutputStream.java:324)
	at org.apache.hadoop.ozone.client.io.KeyOutputStream.handleWrite(KeyOutputStream.java:228)
	at org.apache.hadoop.ozone.client.io.KeyOutputStream.handleRetry(KeyOutputStream.java:375)
	at org.apache.hadoop.ozone.client.io.KeyOutputStream.handleException(KeyOutputStream.java:324)
	at org.apache.hadoop.ozone.client.io.KeyOutputStream.handleWrite(KeyOutputStream.java:228)
	at org.apache.hadoop.ozone.client.io.KeyOutputStream.handleRetry(KeyOutputStream.java:375)
	at org.apache.hadoop.ozone.client.io.KeyOutputStream.handleException(KeyOutputStream.java:324)
	at org.apache.hadoop.ozone.client.io.KeyOutputStream.handleWrite(KeyOutputStream.java:228)
	at org.apache.hadoop.ozone.client.io.KeyOutputStream.handleRetry(KeyOutputStream.java:375)
	at org.apache.hadoop.ozone.client.io.KeyOutputStream.handleException(KeyOutputStream.java:324)
	at org.apache.hadoop.ozone.client.io.KeyOutputStream.handleWrite(KeyOutputStream.java:228)
	at org.apache.hadoop.ozone.client.io.KeyOutputStream.handleRetry(KeyOutputStream.java:375)
	at org.apache.hadoop.ozone.client.io.KeyOutputStream.handleException(KeyOutputStream.java:324)
	at org.apache.hadoop.ozone.client.io.KeyOutputStream.handleWrite(KeyOutputStream.java:228)
	at org.apache.hadoop.ozone.client.io.KeyOutputStream.handleRetry(KeyOutputStream.java:375)
	at org.apache.hadoop.ozone.client.io.KeyOutputStream.handleException(KeyOutputStream.java:324)
	at org.apache.hadoop.ozone.client.io.KeyOutputStream.handleWrite(KeyOutputStream.java:228)
	at org.apache.hadoop.ozone.client.io.KeyOutputStream.write(KeyOutputStream.java:190)
	at org.apache.hadoop.ozone.client.io.OzoneOutputStream.write(OzoneOutputStream.java:49)
	at org.apache.hadoop.ozone.freon.RandomKeyGenerator.createKey(RandomKeyGenerator.java:708)
	at org.apache.hadoop.ozone.freon.RandomKeyGenerator.access$1100(RandomKeyGenerator.java:88)
	at org.apache.hadoop.ozone.freon.RandomKeyGenerator$ObjectCreator.run(RandomKeyGenerator.java:615)
	at java.util.concurrent.Executors$RunnableAdapter.call(Executors.java:511)
	at java.util.concurrent.FutureTask.run(FutureTask.java:266)
	at java.util.concurrent.ThreadPoolExecutor.runWorker(ThreadPoolExecutor.java:1149)
	at java.util.concurrent.ThreadPoolExecutor$Worker.run(ThreadPoolExecutor.java:624)
	at java.lang.Thread.run(Thread.java:748)
2019-10-10 01:27:39,768 [pool-73-thread-3] ERROR freon.RandomKeyGenerator (RandomKeyGenerator.java:createKey(733)) - Exception while adding key: key-0-77785 in bucket: bucket-0-23326 of volume: vol-0-48928.
INTERNAL_ERROR org.apache.hadoop.ozone.om.exceptions.OMException: Allocated 0 blocks. Requested 1 blocks
	at org.apache.hadoop.ozone.om.protocolPB.OzoneManagerProtocolClientSideTranslatorPB.handleError(OzoneManagerProtocolClientSideTranslatorPB.java:732)
	at org.apache.hadoop.ozone.om.protocolPB.OzoneManagerProtocolClientSideTranslatorPB.allocateBlock(OzoneManagerProtocolClientSideTranslatorPB.java:764)
	at sun.reflect.NativeMethodAccessorImpl.invoke0(Native Method)
	at sun.reflect.NativeMethodAccessorImpl.invoke(NativeMethodAccessorImpl.java:62)
	at sun.reflect.DelegatingMethodAccessorImpl.invoke(DelegatingMethodAccessorImpl.java:43)
	at java.lang.reflect.Method.invoke(Method.java:498)
	at org.apache.hadoop.hdds.tracing.TraceAllMethod.invoke(TraceAllMethod.java:66)
	at com.sun.proxy.$Proxy37.allocateBlock(Unknown Source)
	at org.apache.hadoop.ozone.client.io.BlockOutputStreamEntryPool.allocateNewBlock(BlockOutputStreamEntryPool.java:256)
	at org.apache.hadoop.ozone.client.io.BlockOutputStreamEntryPool.allocateBlockIfNeeded(BlockOutputStreamEntryPool.java:304)
	at org.apache.hadoop.ozone.client.io.KeyOutputStream.handleWrite(KeyOutputStream.java:198)
	at org.apache.hadoop.ozone.client.io.KeyOutputStream.handleRetry(KeyOutputStream.java:375)
	at org.apache.hadoop.ozone.client.io.KeyOutputStream.handleException(KeyOutputStream.java:324)
	at org.apache.hadoop.ozone.client.io.KeyOutputStream.handleWrite(KeyOutputStream.java:228)
	at org.apache.hadoop.ozone.client.io.KeyOutputStream.handleRetry(KeyOutputStream.java:375)
	at org.apache.hadoop.ozone.client.io.KeyOutputStream.handleException(KeyOutputStream.java:324)
	at org.apache.hadoop.ozone.client.io.KeyOutputStream.handleWrite(KeyOutputStream.java:228)
	at org.apache.hadoop.ozone.client.io.KeyOutputStream.handleRetry(KeyOutputStream.java:375)
	at org.apache.hadoop.ozone.client.io.KeyOutputStream.handleException(KeyOutputStream.java:324)
	at org.apache.hadoop.ozone.client.io.KeyOutputStream.handleWrite(KeyOutputStream.java:228)
	at org.apache.hadoop.ozone.client.io.KeyOutputStream.handleRetry(KeyOutputStream.java:375)
	at org.apache.hadoop.ozone.client.io.KeyOutputStream.handleException(KeyOutputStream.java:324)
	at org.apache.hadoop.ozone.client.io.KeyOutputStream.handleWrite(KeyOutputStream.java:228)
	at org.apache.hadoop.ozone.client.io.KeyOutputStream.handleRetry(KeyOutputStream.java:375)
	at org.apache.hadoop.ozone.client.io.KeyOutputStream.handleException(KeyOutputStream.java:324)
	at org.apache.hadoop.ozone.client.io.KeyOutputStream.handleWrite(KeyOutputStream.java:228)
	at org.apache.hadoop.ozone.client.io.KeyOutputStream.handleRetry(KeyOutputStream.java:375)
	at org.apache.hadoop.ozone.client.io.KeyOutputStream.handleException(KeyOutputStream.java:324)
	at org.apache.hadoop.ozone.client.io.KeyOutputStream.handleWrite(KeyOutputStream.java:228)
	at org.apache.hadoop.ozone.client.io.KeyOutputStream.handleRetry(KeyOutputStream.java:375)
	at org.apache.hadoop.ozone.client.io.KeyOutputStream.handleException(KeyOutputStream.java:324)
	at org.apache.hadoop.ozone.client.io.KeyOutputStream.handleWrite(KeyOutputStream.java:228)
	at org.apache.hadoop.ozone.client.io.KeyOutputStream.handleRetry(KeyOutputStream.java:375)
	at org.apache.hadoop.ozone.client.io.KeyOutputStream.handleException(KeyOutputStream.java:324)
	at org.apache.hadoop.ozone.client.io.KeyOutputStream.handleWrite(KeyOutputStream.java:228)
	at org.apache.hadoop.ozone.client.io.KeyOutputStream.handleRetry(KeyOutputStream.java:375)
	at org.apache.hadoop.ozone.client.io.KeyOutputStream.handleException(KeyOutputStream.java:324)
	at org.apache.hadoop.ozone.client.io.KeyOutputStream.handleWrite(KeyOutputStream.java:228)
	at org.apache.hadoop.ozone.client.io.KeyOutputStream.handleRetry(KeyOutputStream.java:375)
	at org.apache.hadoop.ozone.client.io.KeyOutputStream.handleException(KeyOutputStream.java:324)
	at org.apache.hadoop.ozone.client.io.KeyOutputStream.handleWrite(KeyOutputStream.java:228)
	at org.apache.hadoop.ozone.client.io.KeyOutputStream.write(KeyOutputStream.java:190)
	at org.apache.hadoop.ozone.client.io.OzoneOutputStream.write(OzoneOutputStream.java:49)
	at org.apache.hadoop.ozone.freon.RandomKeyGenerator.createKey(RandomKeyGenerator.java:708)
	at org.apache.hadoop.ozone.freon.RandomKeyGenerator.access$1100(RandomKeyGenerator.java:88)
	at org.apache.hadoop.ozone.freon.RandomKeyGenerator$ObjectCreator.run(RandomKeyGenerator.java:615)
	at java.util.concurrent.Executors$RunnableAdapter.call(Executors.java:511)
	at java.util.concurrent.FutureTask.run(FutureTask.java:266)
	at java.util.concurrent.ThreadPoolExecutor.runWorker(ThreadPoolExecutor.java:1149)
	at java.util.concurrent.ThreadPoolExecutor$Worker.run(ThreadPoolExecutor.java:624)
	at java.lang.Thread.run(Thread.java:748)
2019-10-10 01:27:39,770 [RatisPipelineUtilsThread] WARN  pipeline.RatisPipelineUtils (RatisPipelineUtils.java:destroyPipeline(69)) - Pipeline destroy failed for pipeline=PipelineID=8094cf12-8a89-433b-9dc2-a20ff7cf4119 dn=4b92f2f8-e489-47a4-a90a-1d3fa2a9a07f{ip: 192.168.151.118, host: pr-hdds-2194-jqrdw-3579824535, networkLocation: /default-rack, certSerialId: null}
2019-10-10 01:27:39,775 [grpc-default-executor-32] INFO  impl.RaftServerProxy (RaftServerProxy.java:remove(95)) - fe8e0d95-22db-4b8a-875e-83bee4d716fb: remove group-A20FF7CF4119:null
2019-10-10 01:27:39,780 [RatisPipelineUtilsThread] WARN  pipeline.RatisPipelineUtils (RatisPipelineUtils.java:destroyPipeline(69)) - Pipeline destroy failed for pipeline=PipelineID=8094cf12-8a89-433b-9dc2-a20ff7cf4119 dn=fe8e0d95-22db-4b8a-875e-83bee4d716fb{ip: 192.168.151.118, host: pr-hdds-2194-jqrdw-3579824535, networkLocation: /default-rack, certSerialId: null}
2019-10-10 01:27:39,784 [grpc-default-executor-32] INFO  impl.RaftServerProxy (RaftServerProxy.java:remove(95)) - 993817e1-c77a-472e-865f-a6e34ffe7967: remove group-A20FF7CF4119:null
2019-10-10 01:27:39,789 [RatisPipelineUtilsThread] WARN  pipeline.RatisPipelineUtils (RatisPipelineUtils.java:destroyPipeline(69)) - Pipeline destroy failed for pipeline=PipelineID=8094cf12-8a89-433b-9dc2-a20ff7cf4119 dn=993817e1-c77a-472e-865f-a6e34ffe7967{ip: 192.168.151.118, host: pr-hdds-2194-jqrdw-3579824535, networkLocation: /default-rack, certSerialId: null}
2019-10-10 01:27:39,789 [RatisPipelineUtilsThread] ERROR pipeline.SCMPipelineManager (Scheduler.java:lambda$schedule$1(70)) - Destroy pipeline failed for pipeline:Pipeline[ Id: 8094cf12-8a89-433b-9dc2-a20ff7cf4119, Nodes: 4b92f2f8-e489-47a4-a90a-1d3fa2a9a07f{ip: 192.168.151.118, host: pr-hdds-2194-jqrdw-3579824535, networkLocation: /default-rack, certSerialId: null}fe8e0d95-22db-4b8a-875e-83bee4d716fb{ip: 192.168.151.118, host: pr-hdds-2194-jqrdw-3579824535, networkLocation: /default-rack, certSerialId: null}993817e1-c77a-472e-865f-a6e34ffe7967{ip: 192.168.151.118, host: pr-hdds-2194-jqrdw-3579824535, networkLocation: /default-rack, certSerialId: null}, Type:RATIS, Factor:THREE, State:CLOSED]
org.apache.hadoop.hdds.scm.pipeline.PipelineNotFoundException: PipelineID=8094cf12-8a89-433b-9dc2-a20ff7cf4119 not found
	at org.apache.hadoop.hdds.scm.pipeline.PipelineStateMap.getPipeline(PipelineStateMap.java:132)
	at org.apache.hadoop.hdds.scm.pipeline.PipelineStateMap.removePipeline(PipelineStateMap.java:322)
	at org.apache.hadoop.hdds.scm.pipeline.PipelineStateManager.removePipeline(PipelineStateManager.java:107)
	at org.apache.hadoop.hdds.scm.pipeline.SCMPipelineManager.removePipeline(SCMPipelineManager.java:427)
	at org.apache.hadoop.hdds.scm.pipeline.SCMPipelineManager.destroyPipeline(SCMPipelineManager.java:413)
	at org.apache.hadoop.hdds.scm.pipeline.SCMPipelineManager.lambda$finalizeAndDestroyPipeline$0(SCMPipelineManager.java:322)
	at org.apache.hadoop.hdds.utils.Scheduler.lambda$schedule$1(Scheduler.java:68)
	at java.util.concurrent.Executors$RunnableAdapter.call(Executors.java:511)
	at java.util.concurrent.FutureTask.run(FutureTask.java:266)
	at java.util.concurrent.ScheduledThreadPoolExecutor$ScheduledFutureTask.access$201(ScheduledThreadPoolExecutor.java:180)
	at java.util.concurrent.ScheduledThreadPoolExecutor$ScheduledFutureTask.run(ScheduledThreadPoolExecutor.java:293)
	at java.util.concurrent.ThreadPoolExecutor.runWorker(ThreadPoolExecutor.java:1149)
	at java.util.concurrent.ThreadPoolExecutor$Worker.run(ThreadPoolExecutor.java:624)
	at java.lang.Thread.run(Thread.java:748)
2019-10-10 01:27:39,807 [grpc-default-executor-25] INFO  impl.RaftServerProxy (RaftServerProxy.java:addNew(89)) - 993817e1-c77a-472e-865f-a6e34ffe7967: addNew group-45CF1BECFE29:[4b92f2f8-e489-47a4-a90a-1d3fa2a9a07f:192.168.151.118:35849, 993817e1-c77a-472e-865f-a6e34ffe7967:192.168.151.118:41261, fe8e0d95-22db-4b8a-875e-83bee4d716fb:192.168.151.118:34352] returns group-45CF1BECFE29:java.util.concurrent.CompletableFuture@a5d293f[Not completed]
2019-10-10 01:27:39,807 [grpc-default-executor-32] INFO  impl.RaftServerProxy (RaftServerProxy.java:addNew(89)) - 4b92f2f8-e489-47a4-a90a-1d3fa2a9a07f: addNew group-45CF1BECFE29:[4b92f2f8-e489-47a4-a90a-1d3fa2a9a07f:192.168.151.118:35849, 993817e1-c77a-472e-865f-a6e34ffe7967:192.168.151.118:41261, fe8e0d95-22db-4b8a-875e-83bee4d716fb:192.168.151.118:34352] returns group-45CF1BECFE29:java.util.concurrent.CompletableFuture@55b2de81[Not completed]
2019-10-10 01:27:39,807 [grpc-default-executor-29] INFO  impl.RaftServerProxy (RaftServerProxy.java:addNew(89)) - fe8e0d95-22db-4b8a-875e-83bee4d716fb: addNew group-45CF1BECFE29:[4b92f2f8-e489-47a4-a90a-1d3fa2a9a07f:192.168.151.118:35849, 993817e1-c77a-472e-865f-a6e34ffe7967:192.168.151.118:41261, fe8e0d95-22db-4b8a-875e-83bee4d716fb:192.168.151.118:34352] returns group-45CF1BECFE29:java.util.concurrent.CompletableFuture@49d479b0[Not completed]
 0.00% |█                                                                                                    |  0/1 Time: 0:11:45 0.00% |█                                                                                                    |  0/1 Time: 0:11:46 0.00% |█                                                                                                    |  0/1 Time: 0:11:472019-10-10 01:27:42,812 [RATISCREATEPIPELINE2] ERROR pipeline.RatisPipelineProvider (RatisPipelineProvider.java:lambda$null$5(237)) - Failed invoke Ratis rpc org.apache.hadoop.hdds.scm.pipeline.RatisPipelineProvider$$Lambda$196/1858172621@239c99ad for fe8e0d95-22db-4b8a-875e-83bee4d716fb
org.apache.ratis.protocol.TimeoutIOException: deadline exceeded after 2999912418ns
	at org.apache.ratis.grpc.GrpcUtil.tryUnwrapException(GrpcUtil.java:82)
	at org.apache.ratis.grpc.GrpcUtil.unwrapException(GrpcUtil.java:75)
	at org.apache.ratis.grpc.client.GrpcClientProtocolClient.blockingCall(GrpcClientProtocolClient.java:184)
	at org.apache.ratis.grpc.client.GrpcClientProtocolClient.groupAdd(GrpcClientProtocolClient.java:153)
	at org.apache.ratis.grpc.client.GrpcClientRpc.sendRequest(GrpcClientRpc.java:94)
	at org.apache.ratis.client.impl.RaftClientImpl.sendRequest(RaftClientImpl.java:278)
	at org.apache.ratis.client.impl.RaftClientImpl.groupAdd(RaftClientImpl.java:205)
	at org.apache.hadoop.hdds.scm.pipeline.RatisPipelineProvider.lambda$initializePipeline$4(RatisPipelineProvider.java:198)
	at org.apache.hadoop.hdds.scm.pipeline.RatisPipelineProvider.lambda$null$5(RatisPipelineProvider.java:233)
	at java.util.stream.ForEachOps$ForEachOp$OfRef.accept(ForEachOps.java:184)
	at java.util.ArrayList$ArrayListSpliterator.forEachRemaining(ArrayList.java:1382)
	at java.util.stream.AbstractPipeline.copyInto(AbstractPipeline.java:482)
	at java.util.stream.ForEachOps$ForEachTask.compute(ForEachOps.java:291)
	at java.util.concurrent.CountedCompleter.exec(CountedCompleter.java:731)
	at java.util.concurrent.ForkJoinTask.doExec(ForkJoinTask.java:289)
	at java.util.concurrent.ForkJoinTask.doInvoke(ForkJoinTask.java:401)
	at java.util.concurrent.ForkJoinTask.invoke(ForkJoinTask.java:734)
	at java.util.stream.ForEachOps$ForEachOp.evaluateParallel(ForEachOps.java:160)
	at java.util.stream.ForEachOps$ForEachOp$OfRef.evaluateParallel(ForEachOps.java:174)
	at java.util.stream.AbstractPipeline.evaluate(AbstractPipeline.java:233)
	at java.util.stream.ReferencePipeline.forEach(ReferencePipeline.java:418)
	at java.util.stream.ReferencePipeline$Head.forEach(ReferencePipeline.java:583)
	at org.apache.hadoop.hdds.scm.pipeline.RatisPipelineProvider.lambda$callRatisRpc$6(RatisPipelineProvider.java:227)
	at java.util.concurrent.ForkJoinTask$AdaptedRunnableAction.exec(ForkJoinTask.java:1386)
	at java.util.concurrent.ForkJoinTask.doExec(ForkJoinTask.java:289)
	at java.util.concurrent.ForkJoinPool$WorkQueue.runTask(ForkJoinPool.java:1056)
	at java.util.concurrent.ForkJoinPool.runWorker(ForkJoinPool.java:1692)
	at java.util.concurrent.ForkJoinWorkerThread.run(ForkJoinWorkerThread.java:157)
Caused by: org.apache.ratis.thirdparty.io.grpc.StatusRuntimeException: DEADLINE_EXCEEDED: deadline exceeded after 2999912418ns
	at org.apache.ratis.thirdparty.io.grpc.stub.ClientCalls.toStatusRuntimeException(ClientCalls.java:233)
	at org.apache.ratis.thirdparty.io.grpc.stub.ClientCalls.getUnchecked(ClientCalls.java:214)
	at org.apache.ratis.thirdparty.io.grpc.stub.ClientCalls.blockingUnaryCall(ClientCalls.java:139)
	at org.apache.ratis.proto.grpc.AdminProtocolServiceGrpc$AdminProtocolServiceBlockingStub.groupManagement(AdminProtocolServiceGrpc.java:274)
	at org.apache.ratis.grpc.client.GrpcClientProtocolClient.lambda$groupAdd$3(GrpcClientProtocolClient.java:155)
	at org.apache.ratis.grpc.client.GrpcClientProtocolClient.blockingCall(GrpcClientProtocolClient.java:182)
	... 25 more
2019-10-10 01:27:42,812 [RATISCREATEPIPELINE0] ERROR pipeline.RatisPipelineProvider (RatisPipelineProvider.java:lambda$null$5(237)) - Failed invoke Ratis rpc org.apache.hadoop.hdds.scm.pipeline.RatisPipelineProvider$$Lambda$196/1858172621@239c99ad for 993817e1-c77a-472e-865f-a6e34ffe7967
org.apache.ratis.protocol.TimeoutIOException: deadline exceeded after 2999863989ns
	at org.apache.ratis.grpc.GrpcUtil.tryUnwrapException(GrpcUtil.java:82)
	at org.apache.ratis.grpc.GrpcUtil.unwrapException(GrpcUtil.java:75)
	at org.apache.ratis.grpc.client.GrpcClientProtocolClient.blockingCall(GrpcClientProtocolClient.java:184)
	at org.apache.ratis.grpc.client.GrpcClientProtocolClient.groupAdd(GrpcClientProtocolClient.java:153)
	at org.apache.ratis.grpc.client.GrpcClientRpc.sendRequest(GrpcClientRpc.java:94)
	at org.apache.ratis.client.impl.RaftClientImpl.sendRequest(RaftClientImpl.java:278)
	at org.apache.ratis.client.impl.RaftClientImpl.groupAdd(RaftClientImpl.java:205)
	at org.apache.hadoop.hdds.scm.pipeline.RatisPipelineProvider.lambda$initializePipeline$4(RatisPipelineProvider.java:198)
	at org.apache.hadoop.hdds.scm.pipeline.RatisPipelineProvider.lambda$null$5(RatisPipelineProvider.java:233)
	at java.util.stream.ForEachOps$ForEachOp$OfRef.accept(ForEachOps.java:184)
	at java.util.ArrayList$ArrayListSpliterator.forEachRemaining(ArrayList.java:1382)
	at java.util.stream.AbstractPipeline.copyInto(AbstractPipeline.java:482)
	at java.util.stream.ForEachOps$ForEachTask.compute(ForEachOps.java:291)
	at java.util.concurrent.CountedCompleter.exec(CountedCompleter.java:731)
	at java.util.concurrent.ForkJoinTask.doExec(ForkJoinTask.java:289)
	at java.util.concurrent.ForkJoinPool$WorkQueue.runTask(ForkJoinPool.java:1056)
	at java.util.concurrent.ForkJoinPool.runWorker(ForkJoinPool.java:1692)
	at java.util.concurrent.ForkJoinWorkerThread.run(ForkJoinWorkerThread.java:157)
Caused by: org.apache.ratis.thirdparty.io.grpc.StatusRuntimeException: DEADLINE_EXCEEDED: deadline exceeded after 2999863989ns
	at org.apache.ratis.thirdparty.io.grpc.stub.ClientCalls.toStatusRuntimeException(ClientCalls.java:233)
	at org.apache.ratis.thirdparty.io.grpc.stub.ClientCalls.getUnchecked(ClientCalls.java:214)
	at org.apache.ratis.thirdparty.io.grpc.stub.ClientCalls.blockingUnaryCall(ClientCalls.java:139)
	at org.apache.ratis.proto.grpc.AdminProtocolServiceGrpc$AdminProtocolServiceBlockingStub.groupManagement(AdminProtocolServiceGrpc.java:274)
	at org.apache.ratis.grpc.client.GrpcClientProtocolClient.lambda$groupAdd$3(GrpcClientProtocolClient.java:155)
	at org.apache.ratis.grpc.client.GrpcClientProtocolClient.blockingCall(GrpcClientProtocolClient.java:182)
	... 15 more
2019-10-10 01:27:42,812 [RATISCREATEPIPELINE3] ERROR pipeline.RatisPipelineProvider (RatisPipelineProvider.java:lambda$null$5(237)) - Failed invoke Ratis rpc org.apache.hadoop.hdds.scm.pipeline.RatisPipelineProvider$$Lambda$196/1858172621@239c99ad for 4b92f2f8-e489-47a4-a90a-1d3fa2a9a07f
org.apache.ratis.protocol.TimeoutIOException: deadline exceeded after 2999912080ns
	at org.apache.ratis.grpc.GrpcUtil.tryUnwrapException(GrpcUtil.java:82)
	at org.apache.ratis.grpc.GrpcUtil.unwrapException(GrpcUtil.java:75)
	at org.apache.ratis.grpc.client.GrpcClientProtocolClient.blockingCall(GrpcClientProtocolClient.java:184)
	at org.apache.ratis.grpc.client.GrpcClientProtocolClient.groupAdd(GrpcClientProtocolClient.java:153)
	at org.apache.ratis.grpc.client.GrpcClientRpc.sendRequest(GrpcClientRpc.java:94)
	at org.apache.ratis.client.impl.RaftClientImpl.sendRequest(RaftClientImpl.java:278)
	at org.apache.ratis.client.impl.RaftClientImpl.groupAdd(RaftClientImpl.java:205)
	at org.apache.hadoop.hdds.scm.pipeline.RatisPipelineProvider.lambda$initializePipeline$4(RatisPipelineProvider.java:198)
	at org.apache.hadoop.hdds.scm.pipeline.RatisPipelineProvider.lambda$null$5(RatisPipelineProvider.java:233)
	at java.util.stream.ForEachOps$ForEachOp$OfRef.accept(ForEachOps.java:184)
	at java.util.ArrayList$ArrayListSpliterator.forEachRemaining(ArrayList.java:1382)
	at java.util.stream.AbstractPipeline.copyInto(AbstractPipeline.java:482)
	at java.util.stream.ForEachOps$ForEachTask.compute(ForEachOps.java:291)
	at java.util.concurrent.CountedCompleter.exec(CountedCompleter.java:731)
	at java.util.concurrent.ForkJoinTask.doExec(ForkJoinTask.java:289)
	at java.util.concurrent.ForkJoinPool$WorkQueue.runTask(ForkJoinPool.java:1056)
	at java.util.concurrent.ForkJoinPool.runWorker(ForkJoinPool.java:1692)
	at java.util.concurrent.ForkJoinWorkerThread.run(ForkJoinWorkerThread.java:157)
Caused by: org.apache.ratis.thirdparty.io.grpc.StatusRuntimeException: DEADLINE_EXCEEDED: deadline exceeded after 2999912080ns
	at org.apache.ratis.thirdparty.io.grpc.stub.ClientCalls.toStatusRuntimeException(ClientCalls.java:233)
	at org.apache.ratis.thirdparty.io.grpc.stub.ClientCalls.getUnchecked(ClientCalls.java:214)
	at org.apache.ratis.thirdparty.io.grpc.stub.ClientCalls.blockingUnaryCall(ClientCalls.java:139)
	at org.apache.ratis.proto.grpc.AdminProtocolServiceGrpc$AdminProtocolServiceBlockingStub.groupManagement(AdminProtocolServiceGrpc.java:274)
	at org.apache.ratis.grpc.client.GrpcClientProtocolClient.lambda$groupAdd$3(GrpcClientProtocolClient.java:155)
	at org.apache.ratis.grpc.client.GrpcClientProtocolClient.blockingCall(GrpcClientProtocolClient.java:182)
	... 15 more
 0.00% |█                                                                                                    |  0/1 Time: 0:11:48 0.00% |█                                                                                                    |  0/1 Time: 0:11:49 100.00% |█████████████████████████████████████████████████████████████████████████████████████████████████████|  1/1 Time: 0:11:50
]]></system-out>
    <system-err><![CDATA[Oct 10, 2019 1:17:05 AM org.apache.ratis.thirdparty.io.grpc.netty.NettyServerHandler onStreamError
WARNING: Stream Error
org.apache.ratis.thirdparty.io.netty.handler.codec.http2.Http2Exception$StreamException: Received DATA frame for an unknown stream 3
	at org.apache.ratis.thirdparty.io.netty.handler.codec.http2.Http2Exception.streamError(Http2Exception.java:129)
	at org.apache.ratis.thirdparty.io.netty.handler.codec.http2.DefaultHttp2ConnectionDecoder$FrameReadListener.shouldIgnoreHeadersOrDataFrame(DefaultHttp2ConnectionDecoder.java:531)
	at org.apache.ratis.thirdparty.io.netty.handler.codec.http2.DefaultHttp2ConnectionDecoder$FrameReadListener.onDataRead(DefaultHttp2ConnectionDecoder.java:183)
	at org.apache.ratis.thirdparty.io.netty.handler.codec.http2.Http2InboundFrameLogger$1.onDataRead(Http2InboundFrameLogger.java:48)
	at org.apache.ratis.thirdparty.io.netty.handler.codec.http2.DefaultHttp2FrameReader.readDataFrame(DefaultHttp2FrameReader.java:421)
	at org.apache.ratis.thirdparty.io.netty.handler.codec.http2.DefaultHttp2FrameReader.processPayloadState(DefaultHttp2FrameReader.java:251)
	at org.apache.ratis.thirdparty.io.netty.handler.codec.http2.DefaultHttp2FrameReader.readFrame(DefaultHttp2FrameReader.java:160)
	at org.apache.ratis.thirdparty.io.netty.handler.codec.http2.Http2InboundFrameLogger.readFrame(Http2InboundFrameLogger.java:41)
	at org.apache.ratis.thirdparty.io.netty.handler.codec.http2.DefaultHttp2ConnectionDecoder.decodeFrame(DefaultHttp2ConnectionDecoder.java:118)
	at org.apache.ratis.thirdparty.io.netty.handler.codec.http2.Http2ConnectionHandler$FrameDecoder.decode(Http2ConnectionHandler.java:390)
	at org.apache.ratis.thirdparty.io.netty.handler.codec.http2.Http2ConnectionHandler.decode(Http2ConnectionHandler.java:450)
	at org.apache.ratis.thirdparty.io.netty.handler.codec.ByteToMessageDecoder.decodeRemovalReentryProtection(ByteToMessageDecoder.java:502)
	at org.apache.ratis.thirdparty.io.netty.handler.codec.ByteToMessageDecoder.callDecode(ByteToMessageDecoder.java:441)
	at org.apache.ratis.thirdparty.io.netty.handler.codec.ByteToMessageDecoder.channelRead(ByteToMessageDecoder.java:278)
	at org.apache.ratis.thirdparty.io.netty.channel.AbstractChannelHandlerContext.invokeChannelRead(AbstractChannelHandlerContext.java:362)
	at org.apache.ratis.thirdparty.io.netty.channel.AbstractChannelHandlerContext.invokeChannelRead(AbstractChannelHandlerContext.java:348)
	at org.apache.ratis.thirdparty.io.netty.channel.AbstractChannelHandlerContext.fireChannelRead(AbstractChannelHandlerContext.java:340)
	at org.apache.ratis.thirdparty.io.netty.channel.DefaultChannelPipeline$HeadContext.channelRead(DefaultChannelPipeline.java:1434)
	at org.apache.ratis.thirdparty.io.netty.channel.AbstractChannelHandlerContext.invokeChannelRead(AbstractChannelHandlerContext.java:362)
	at org.apache.ratis.thirdparty.io.netty.channel.AbstractChannelHandlerContext.invokeChannelRead(AbstractChannelHandlerContext.java:348)
	at org.apache.ratis.thirdparty.io.netty.channel.DefaultChannelPipeline.fireChannelRead(DefaultChannelPipeline.java:965)
	at org.apache.ratis.thirdparty.io.netty.channel.nio.AbstractNioByteChannel$NioByteUnsafe.read(AbstractNioByteChannel.java:163)
	at org.apache.ratis.thirdparty.io.netty.channel.nio.NioEventLoop.processSelectedKey(NioEventLoop.java:644)
	at org.apache.ratis.thirdparty.io.netty.channel.nio.NioEventLoop.processSelectedKeysOptimized(NioEventLoop.java:579)
	at org.apache.ratis.thirdparty.io.netty.channel.nio.NioEventLoop.processSelectedKeys(NioEventLoop.java:496)
	at org.apache.ratis.thirdparty.io.netty.channel.nio.NioEventLoop.run(NioEventLoop.java:458)
	at org.apache.ratis.thirdparty.io.netty.util.concurrent.SingleThreadEventExecutor$5.run(SingleThreadEventExecutor.java:897)
	at org.apache.ratis.thirdparty.io.netty.util.concurrent.FastThreadLocalRunnable.run(FastThreadLocalRunnable.java:30)
	at java.lang.Thread.run(Thread.java:748)

Oct 10, 2019 1:18:18 AM org.apache.ratis.thirdparty.io.grpc.netty.NettyServerHandler onStreamError
WARNING: Stream Error
org.apache.ratis.thirdparty.io.netty.handler.codec.http2.Http2Exception$StreamException: Received DATA frame for an unknown stream 3
	at org.apache.ratis.thirdparty.io.netty.handler.codec.http2.Http2Exception.streamError(Http2Exception.java:129)
	at org.apache.ratis.thirdparty.io.netty.handler.codec.http2.DefaultHttp2ConnectionDecoder$FrameReadListener.shouldIgnoreHeadersOrDataFrame(DefaultHttp2ConnectionDecoder.java:531)
	at org.apache.ratis.thirdparty.io.netty.handler.codec.http2.DefaultHttp2ConnectionDecoder$FrameReadListener.onDataRead(DefaultHttp2ConnectionDecoder.java:183)
	at org.apache.ratis.thirdparty.io.netty.handler.codec.http2.Http2InboundFrameLogger$1.onDataRead(Http2InboundFrameLogger.java:48)
	at org.apache.ratis.thirdparty.io.netty.handler.codec.http2.DefaultHttp2FrameReader.readDataFrame(DefaultHttp2FrameReader.java:421)
	at org.apache.ratis.thirdparty.io.netty.handler.codec.http2.DefaultHttp2FrameReader.processPayloadState(DefaultHttp2FrameReader.java:251)
	at org.apache.ratis.thirdparty.io.netty.handler.codec.http2.DefaultHttp2FrameReader.readFrame(DefaultHttp2FrameReader.java:160)
	at org.apache.ratis.thirdparty.io.netty.handler.codec.http2.Http2InboundFrameLogger.readFrame(Http2InboundFrameLogger.java:41)
	at org.apache.ratis.thirdparty.io.netty.handler.codec.http2.DefaultHttp2ConnectionDecoder.decodeFrame(DefaultHttp2ConnectionDecoder.java:118)
	at org.apache.ratis.thirdparty.io.netty.handler.codec.http2.Http2ConnectionHandler$FrameDecoder.decode(Http2ConnectionHandler.java:390)
	at org.apache.ratis.thirdparty.io.netty.handler.codec.http2.Http2ConnectionHandler.decode(Http2ConnectionHandler.java:450)
	at org.apache.ratis.thirdparty.io.netty.handler.codec.ByteToMessageDecoder.decodeRemovalReentryProtection(ByteToMessageDecoder.java:502)
	at org.apache.ratis.thirdparty.io.netty.handler.codec.ByteToMessageDecoder.callDecode(ByteToMessageDecoder.java:441)
	at org.apache.ratis.thirdparty.io.netty.handler.codec.ByteToMessageDecoder.channelRead(ByteToMessageDecoder.java:278)
	at org.apache.ratis.thirdparty.io.netty.channel.AbstractChannelHandlerContext.invokeChannelRead(AbstractChannelHandlerContext.java:362)
	at org.apache.ratis.thirdparty.io.netty.channel.AbstractChannelHandlerContext.invokeChannelRead(AbstractChannelHandlerContext.java:348)
	at org.apache.ratis.thirdparty.io.netty.channel.AbstractChannelHandlerContext.fireChannelRead(AbstractChannelHandlerContext.java:340)
	at org.apache.ratis.thirdparty.io.netty.channel.DefaultChannelPipeline$HeadContext.channelRead(DefaultChannelPipeline.java:1434)
	at org.apache.ratis.thirdparty.io.netty.channel.AbstractChannelHandlerContext.invokeChannelRead(AbstractChannelHandlerContext.java:362)
	at org.apache.ratis.thirdparty.io.netty.channel.AbstractChannelHandlerContext.invokeChannelRead(AbstractChannelHandlerContext.java:348)
	at org.apache.ratis.thirdparty.io.netty.channel.DefaultChannelPipeline.fireChannelRead(DefaultChannelPipeline.java:965)
	at org.apache.ratis.thirdparty.io.netty.channel.nio.AbstractNioByteChannel$NioByteUnsafe.read(AbstractNioByteChannel.java:163)
	at org.apache.ratis.thirdparty.io.netty.channel.nio.NioEventLoop.processSelectedKey(NioEventLoop.java:644)
	at org.apache.ratis.thirdparty.io.netty.channel.nio.NioEventLoop.processSelectedKeysOptimized(NioEventLoop.java:579)
	at org.apache.ratis.thirdparty.io.netty.channel.nio.NioEventLoop.processSelectedKeys(NioEventLoop.java:496)
	at org.apache.ratis.thirdparty.io.netty.channel.nio.NioEventLoop.run(NioEventLoop.java:458)
	at org.apache.ratis.thirdparty.io.netty.util.concurrent.SingleThreadEventExecutor$5.run(SingleThreadEventExecutor.java:897)
	at org.apache.ratis.thirdparty.io.netty.util.concurrent.FastThreadLocalRunnable.run(FastThreadLocalRunnable.java:30)
	at java.lang.Thread.run(Thread.java:748)

Oct 10, 2019 1:20:38 AM org.apache.ratis.thirdparty.io.grpc.netty.NettyServerHandler onStreamError
WARNING: Stream Error
org.apache.ratis.thirdparty.io.netty.handler.codec.http2.Http2Exception$StreamException: Received DATA frame for an unknown stream 3
	at org.apache.ratis.thirdparty.io.netty.handler.codec.http2.Http2Exception.streamError(Http2Exception.java:129)
	at org.apache.ratis.thirdparty.io.netty.handler.codec.http2.DefaultHttp2ConnectionDecoder$FrameReadListener.shouldIgnoreHeadersOrDataFrame(DefaultHttp2ConnectionDecoder.java:531)
	at org.apache.ratis.thirdparty.io.netty.handler.codec.http2.DefaultHttp2ConnectionDecoder$FrameReadListener.onDataRead(DefaultHttp2ConnectionDecoder.java:183)
	at org.apache.ratis.thirdparty.io.netty.handler.codec.http2.Http2InboundFrameLogger$1.onDataRead(Http2InboundFrameLogger.java:48)
	at org.apache.ratis.thirdparty.io.netty.handler.codec.http2.DefaultHttp2FrameReader.readDataFrame(DefaultHttp2FrameReader.java:421)
	at org.apache.ratis.thirdparty.io.netty.handler.codec.http2.DefaultHttp2FrameReader.processPayloadState(DefaultHttp2FrameReader.java:251)
	at org.apache.ratis.thirdparty.io.netty.handler.codec.http2.DefaultHttp2FrameReader.readFrame(DefaultHttp2FrameReader.java:160)
	at org.apache.ratis.thirdparty.io.netty.handler.codec.http2.Http2InboundFrameLogger.readFrame(Http2InboundFrameLogger.java:41)
	at org.apache.ratis.thirdparty.io.netty.handler.codec.http2.DefaultHttp2ConnectionDecoder.decodeFrame(DefaultHttp2ConnectionDecoder.java:118)
	at org.apache.ratis.thirdparty.io.netty.handler.codec.http2.Http2ConnectionHandler$FrameDecoder.decode(Http2ConnectionHandler.java:390)
	at org.apache.ratis.thirdparty.io.netty.handler.codec.http2.Http2ConnectionHandler.decode(Http2ConnectionHandler.java:450)
	at org.apache.ratis.thirdparty.io.netty.handler.codec.ByteToMessageDecoder.decodeRemovalReentryProtection(ByteToMessageDecoder.java:502)
	at org.apache.ratis.thirdparty.io.netty.handler.codec.ByteToMessageDecoder.callDecode(ByteToMessageDecoder.java:441)
	at org.apache.ratis.thirdparty.io.netty.handler.codec.ByteToMessageDecoder.channelRead(ByteToMessageDecoder.java:278)
	at org.apache.ratis.thirdparty.io.netty.channel.AbstractChannelHandlerContext.invokeChannelRead(AbstractChannelHandlerContext.java:362)
	at org.apache.ratis.thirdparty.io.netty.channel.AbstractChannelHandlerContext.invokeChannelRead(AbstractChannelHandlerContext.java:348)
	at org.apache.ratis.thirdparty.io.netty.channel.AbstractChannelHandlerContext.fireChannelRead(AbstractChannelHandlerContext.java:340)
	at org.apache.ratis.thirdparty.io.netty.channel.DefaultChannelPipeline$HeadContext.channelRead(DefaultChannelPipeline.java:1434)
	at org.apache.ratis.thirdparty.io.netty.channel.AbstractChannelHandlerContext.invokeChannelRead(AbstractChannelHandlerContext.java:362)
	at org.apache.ratis.thirdparty.io.netty.channel.AbstractChannelHandlerContext.invokeChannelRead(AbstractChannelHandlerContext.java:348)
	at org.apache.ratis.thirdparty.io.netty.channel.DefaultChannelPipeline.fireChannelRead(DefaultChannelPipeline.java:965)
	at org.apache.ratis.thirdparty.io.netty.channel.nio.AbstractNioByteChannel$NioByteUnsafe.read(AbstractNioByteChannel.java:163)
	at org.apache.ratis.thirdparty.io.netty.channel.nio.NioEventLoop.processSelectedKey(NioEventLoop.java:644)
	at org.apache.ratis.thirdparty.io.netty.channel.nio.NioEventLoop.processSelectedKeysOptimized(NioEventLoop.java:579)
	at org.apache.ratis.thirdparty.io.netty.channel.nio.NioEventLoop.processSelectedKeys(NioEventLoop.java:496)
	at org.apache.ratis.thirdparty.io.netty.channel.nio.NioEventLoop.run(NioEventLoop.java:458)
	at org.apache.ratis.thirdparty.io.netty.util.concurrent.SingleThreadEventExecutor$5.run(SingleThreadEventExecutor.java:897)
	at org.apache.ratis.thirdparty.io.netty.util.concurrent.FastThreadLocalRunnable.run(FastThreadLocalRunnable.java:30)
	at java.lang.Thread.run(Thread.java:748)

Oct 10, 2019 1:21:45 AM org.apache.ratis.thirdparty.io.grpc.netty.NettyServerHandler onStreamError
WARNING: Stream Error
org.apache.ratis.thirdparty.io.netty.handler.codec.http2.Http2Exception$StreamException: Received DATA frame for an unknown stream 3
	at org.apache.ratis.thirdparty.io.netty.handler.codec.http2.Http2Exception.streamError(Http2Exception.java:129)
	at org.apache.ratis.thirdparty.io.netty.handler.codec.http2.DefaultHttp2ConnectionDecoder$FrameReadListener.shouldIgnoreHeadersOrDataFrame(DefaultHttp2ConnectionDecoder.java:531)
	at org.apache.ratis.thirdparty.io.netty.handler.codec.http2.DefaultHttp2ConnectionDecoder$FrameReadListener.onDataRead(DefaultHttp2ConnectionDecoder.java:183)
	at org.apache.ratis.thirdparty.io.netty.handler.codec.http2.Http2InboundFrameLogger$1.onDataRead(Http2InboundFrameLogger.java:48)
	at org.apache.ratis.thirdparty.io.netty.handler.codec.http2.DefaultHttp2FrameReader.readDataFrame(DefaultHttp2FrameReader.java:421)
	at org.apache.ratis.thirdparty.io.netty.handler.codec.http2.DefaultHttp2FrameReader.processPayloadState(DefaultHttp2FrameReader.java:251)
	at org.apache.ratis.thirdparty.io.netty.handler.codec.http2.DefaultHttp2FrameReader.readFrame(DefaultHttp2FrameReader.java:160)
	at org.apache.ratis.thirdparty.io.netty.handler.codec.http2.Http2InboundFrameLogger.readFrame(Http2InboundFrameLogger.java:41)
	at org.apache.ratis.thirdparty.io.netty.handler.codec.http2.DefaultHttp2ConnectionDecoder.decodeFrame(DefaultHttp2ConnectionDecoder.java:118)
	at org.apache.ratis.thirdparty.io.netty.handler.codec.http2.Http2ConnectionHandler$FrameDecoder.decode(Http2ConnectionHandler.java:390)
	at org.apache.ratis.thirdparty.io.netty.handler.codec.http2.Http2ConnectionHandler.decode(Http2ConnectionHandler.java:450)
	at org.apache.ratis.thirdparty.io.netty.handler.codec.ByteToMessageDecoder.decodeRemovalReentryProtection(ByteToMessageDecoder.java:502)
	at org.apache.ratis.thirdparty.io.netty.handler.codec.ByteToMessageDecoder.callDecode(ByteToMessageDecoder.java:441)
	at org.apache.ratis.thirdparty.io.netty.handler.codec.ByteToMessageDecoder.channelRead(ByteToMessageDecoder.java:278)
	at org.apache.ratis.thirdparty.io.netty.channel.AbstractChannelHandlerContext.invokeChannelRead(AbstractChannelHandlerContext.java:362)
	at org.apache.ratis.thirdparty.io.netty.channel.AbstractChannelHandlerContext.invokeChannelRead(AbstractChannelHandlerContext.java:348)
	at org.apache.ratis.thirdparty.io.netty.channel.AbstractChannelHandlerContext.fireChannelRead(AbstractChannelHandlerContext.java:340)
	at org.apache.ratis.thirdparty.io.netty.channel.DefaultChannelPipeline$HeadContext.channelRead(DefaultChannelPipeline.java:1434)
	at org.apache.ratis.thirdparty.io.netty.channel.AbstractChannelHandlerContext.invokeChannelRead(AbstractChannelHandlerContext.java:362)
	at org.apache.ratis.thirdparty.io.netty.channel.AbstractChannelHandlerContext.invokeChannelRead(AbstractChannelHandlerContext.java:348)
	at org.apache.ratis.thirdparty.io.netty.channel.DefaultChannelPipeline.fireChannelRead(DefaultChannelPipeline.java:965)
	at org.apache.ratis.thirdparty.io.netty.channel.nio.AbstractNioByteChannel$NioByteUnsafe.read(AbstractNioByteChannel.java:163)
	at org.apache.ratis.thirdparty.io.netty.channel.nio.NioEventLoop.processSelectedKey(NioEventLoop.java:644)
	at org.apache.ratis.thirdparty.io.netty.channel.nio.NioEventLoop.processSelectedKeysOptimized(NioEventLoop.java:579)
	at org.apache.ratis.thirdparty.io.netty.channel.nio.NioEventLoop.processSelectedKeys(NioEventLoop.java:496)
	at org.apache.ratis.thirdparty.io.netty.channel.nio.NioEventLoop.run(NioEventLoop.java:458)
	at org.apache.ratis.thirdparty.io.netty.util.concurrent.SingleThreadEventExecutor$5.run(SingleThreadEventExecutor.java:897)
	at org.apache.ratis.thirdparty.io.netty.util.concurrent.FastThreadLocalRunnable.run(FastThreadLocalRunnable.java:30)
	at java.lang.Thread.run(Thread.java:748)

Oct 10, 2019 1:27:06 AM org.apache.ratis.thirdparty.io.grpc.internal.ManagedChannelOrphanWrapper$ManagedChannelReference cleanQueue
SEVERE: *~*~*~ Channel ManagedChannelImpl{logId=2007, target=192.168.151.118:35849} was not terminated properly!!! ~*~*~*
    Make sure to call shutdown()/shutdownNow() and wait until awaitTermination() returns true.
java.lang.RuntimeException: ManagedChannel allocation site
	at org.apache.ratis.thirdparty.io.grpc.internal.ManagedChannelOrphanWrapper$ManagedChannelReference.<init>(ManagedChannelOrphanWrapper.java:103)
	at org.apache.ratis.thirdparty.io.grpc.internal.ManagedChannelOrphanWrapper.<init>(ManagedChannelOrphanWrapper.java:53)
	at org.apache.ratis.thirdparty.io.grpc.internal.ManagedChannelOrphanWrapper.<init>(ManagedChannelOrphanWrapper.java:44)
	at org.apache.ratis.thirdparty.io.grpc.internal.AbstractManagedChannelImplBuilder.build(AbstractManagedChannelImplBuilder.java:411)
	at org.apache.ratis.grpc.server.GrpcServerProtocolClient.<init>(GrpcServerProtocolClient.java:79)
	at org.apache.ratis.grpc.server.GrpcService.lambda$null$0(GrpcService.java:102)
	at org.apache.ratis.util.PeerProxyMap$PeerAndProxy.lambda$getProxy$0(PeerProxyMap.java:61)
	at org.apache.ratis.util.LifeCycle.startAndTransition(LifeCycle.java:202)
	at org.apache.ratis.util.PeerProxyMap$PeerAndProxy.getProxy(PeerProxyMap.java:60)
	at org.apache.ratis.util.PeerProxyMap.getProxy(PeerProxyMap.java:108)
	at org.apache.ratis.grpc.server.GrpcService.requestVote(GrpcService.java:204)
	at org.apache.ratis.server.impl.LeaderElection.lambda$submitRequests$1(LeaderElection.java:234)
	at java.util.concurrent.FutureTask.run(FutureTask.java:266)
	at java.util.concurrent.Executors$RunnableAdapter.call(Executors.java:511)
	at java.util.concurrent.FutureTask.run(FutureTask.java:266)
	at java.util.concurrent.ThreadPoolExecutor.runWorker(ThreadPoolExecutor.java:1149)
	at java.util.concurrent.ThreadPoolExecutor$Worker.run(ThreadPoolExecutor.java:624)
	at java.lang.Thread.run(Thread.java:748)

Oct 10, 2019 1:27:35 AM org.apache.ratis.thirdparty.io.grpc.netty.NettyServerHandler onStreamError
WARNING: Stream Error
org.apache.ratis.thirdparty.io.netty.handler.codec.http2.Http2Exception$StreamException: Received DATA frame for an unknown stream 3
	at org.apache.ratis.thirdparty.io.netty.handler.codec.http2.Http2Exception.streamError(Http2Exception.java:129)
	at org.apache.ratis.thirdparty.io.netty.handler.codec.http2.DefaultHttp2ConnectionDecoder$FrameReadListener.shouldIgnoreHeadersOrDataFrame(DefaultHttp2ConnectionDecoder.java:531)
	at org.apache.ratis.thirdparty.io.netty.handler.codec.http2.DefaultHttp2ConnectionDecoder$FrameReadListener.onDataRead(DefaultHttp2ConnectionDecoder.java:183)
	at org.apache.ratis.thirdparty.io.netty.handler.codec.http2.Http2InboundFrameLogger$1.onDataRead(Http2InboundFrameLogger.java:48)
	at org.apache.ratis.thirdparty.io.netty.handler.codec.http2.DefaultHttp2FrameReader.readDataFrame(DefaultHttp2FrameReader.java:421)
	at org.apache.ratis.thirdparty.io.netty.handler.codec.http2.DefaultHttp2FrameReader.processPayloadState(DefaultHttp2FrameReader.java:251)
	at org.apache.ratis.thirdparty.io.netty.handler.codec.http2.DefaultHttp2FrameReader.readFrame(DefaultHttp2FrameReader.java:160)
	at org.apache.ratis.thirdparty.io.netty.handler.codec.http2.Http2InboundFrameLogger.readFrame(Http2InboundFrameLogger.java:41)
	at org.apache.ratis.thirdparty.io.netty.handler.codec.http2.DefaultHttp2ConnectionDecoder.decodeFrame(DefaultHttp2ConnectionDecoder.java:118)
	at org.apache.ratis.thirdparty.io.netty.handler.codec.http2.Http2ConnectionHandler$FrameDecoder.decode(Http2ConnectionHandler.java:390)
	at org.apache.ratis.thirdparty.io.netty.handler.codec.http2.Http2ConnectionHandler.decode(Http2ConnectionHandler.java:450)
	at org.apache.ratis.thirdparty.io.netty.handler.codec.ByteToMessageDecoder.decodeRemovalReentryProtection(ByteToMessageDecoder.java:502)
	at org.apache.ratis.thirdparty.io.netty.handler.codec.ByteToMessageDecoder.callDecode(ByteToMessageDecoder.java:441)
	at org.apache.ratis.thirdparty.io.netty.handler.codec.ByteToMessageDecoder.channelRead(ByteToMessageDecoder.java:278)
	at org.apache.ratis.thirdparty.io.netty.channel.AbstractChannelHandlerContext.invokeChannelRead(AbstractChannelHandlerContext.java:362)
	at org.apache.ratis.thirdparty.io.netty.channel.AbstractChannelHandlerContext.invokeChannelRead(AbstractChannelHandlerContext.java:348)
	at org.apache.ratis.thirdparty.io.netty.channel.AbstractChannelHandlerContext.fireChannelRead(AbstractChannelHandlerContext.java:340)
	at org.apache.ratis.thirdparty.io.netty.channel.DefaultChannelPipeline$HeadContext.channelRead(DefaultChannelPipeline.java:1434)
	at org.apache.ratis.thirdparty.io.netty.channel.AbstractChannelHandlerContext.invokeChannelRead(AbstractChannelHandlerContext.java:362)
	at org.apache.ratis.thirdparty.io.netty.channel.AbstractChannelHandlerContext.invokeChannelRead(AbstractChannelHandlerContext.java:348)
	at org.apache.ratis.thirdparty.io.netty.channel.DefaultChannelPipeline.fireChannelRead(DefaultChannelPipeline.java:965)
	at org.apache.ratis.thirdparty.io.netty.channel.nio.AbstractNioByteChannel$NioByteUnsafe.read(AbstractNioByteChannel.java:163)
	at org.apache.ratis.thirdparty.io.netty.channel.nio.NioEventLoop.processSelectedKey(NioEventLoop.java:644)
	at org.apache.ratis.thirdparty.io.netty.channel.nio.NioEventLoop.processSelectedKeysOptimized(NioEventLoop.java:579)
	at org.apache.ratis.thirdparty.io.netty.channel.nio.NioEventLoop.processSelectedKeys(NioEventLoop.java:496)
	at org.apache.ratis.thirdparty.io.netty.channel.nio.NioEventLoop.run(NioEventLoop.java:458)
	at org.apache.ratis.thirdparty.io.netty.util.concurrent.SingleThreadEventExecutor$5.run(SingleThreadEventExecutor.java:897)
	at org.apache.ratis.thirdparty.io.netty.util.concurrent.FastThreadLocalRunnable.run(FastThreadLocalRunnable.java:30)
	at java.lang.Thread.run(Thread.java:748)

]]></system-err>
  </testcase>
  <testcase name="standaloneTestLargeKey" classname="org.apache.hadoop.ozone.freon.TestDataValidateWithDummyContainers" time="20.043">
    <error message="Allocated 1 blocks. Requested 5 blocks" type="INTERNAL_ERROR org.apache.hadoop.ozone.om.exceptions.OMException">INTERNAL_ERROR org.apache.hadoop.ozone.om.exceptions.OMException: Allocated 1 blocks. Requested 5 blocks
	at org.apache.hadoop.ozone.om.protocolPB.OzoneManagerProtocolClientSideTranslatorPB.handleError(OzoneManagerProtocolClientSideTranslatorPB.java:732)
	at org.apache.hadoop.ozone.om.protocolPB.OzoneManagerProtocolClientSideTranslatorPB.openKey(OzoneManagerProtocolClientSideTranslatorPB.java:723)
	at sun.reflect.NativeMethodAccessorImpl.invoke0(Native Method)
	at sun.reflect.NativeMethodAccessorImpl.invoke(NativeMethodAccessorImpl.java:62)
	at sun.reflect.DelegatingMethodAccessorImpl.invoke(DelegatingMethodAccessorImpl.java:43)
	at java.lang.reflect.Method.invoke(Method.java:498)
	at org.apache.hadoop.hdds.tracing.TraceAllMethod.invoke(TraceAllMethod.java:66)
	at com.sun.proxy.$Proxy37.openKey(Unknown Source)
	at org.apache.hadoop.ozone.client.rpc.RpcClient.createKey(RpcClient.java:610)
	at org.apache.hadoop.ozone.client.OzoneBucket.createKey(OzoneBucket.java:325)
	at org.apache.hadoop.ozone.freon.RandomKeyGenerator.createKey(RandomKeyGenerator.java:695)
	at org.apache.hadoop.ozone.freon.RandomKeyGenerator.access$1100(RandomKeyGenerator.java:88)
	at org.apache.hadoop.ozone.freon.RandomKeyGenerator$ObjectCreator.run(RandomKeyGenerator.java:615)
	at java.util.concurrent.Executors$RunnableAdapter.call(Executors.java:511)
	at java.util.concurrent.FutureTask.run(FutureTask.java:266)
	at java.util.concurrent.ThreadPoolExecutor.runWorker(ThreadPoolExecutor.java:1149)
	at java.util.concurrent.ThreadPoolExecutor$Worker.run(ThreadPoolExecutor.java:624)
	at java.lang.Thread.run(Thread.java:748)
</error>
    <system-out><![CDATA[2019-10-10 01:27:44,970 [main] INFO  freon.RandomKeyGenerator (RandomKeyGenerator.java:call(258)) - Override validateWrites to false, because hdds.container.chunk.persistdata is set to false.
2019-10-10 01:27:45,003 [main] INFO  freon.RandomKeyGenerator (RandomKeyGenerator.java:call(283)) - Number of Threads: 10
2019-10-10 01:27:45,003 [main] INFO  freon.RandomKeyGenerator (RandomKeyGenerator.java:call(288)) - Number of Volumes: 1.
2019-10-10 01:27:45,004 [main] INFO  freon.RandomKeyGenerator (RandomKeyGenerator.java:call(289)) - Number of Buckets per Volume: 1.
2019-10-10 01:27:45,004 [main] INFO  freon.RandomKeyGenerator (RandomKeyGenerator.java:call(290)) - Number of Keys per Bucket: 1.
2019-10-10 01:27:45,004 [main] INFO  freon.RandomKeyGenerator (RandomKeyGenerator.java:call(291)) - Key size: 20971520 bytes
2019-10-10 01:27:45,005 [main] INFO  freon.RandomKeyGenerator (RandomKeyGenerator.java:call(292)) - Buffer size: 4096 bytes
2019-10-10 01:27:45,005 [main] INFO  freon.RandomKeyGenerator (RandomKeyGenerator.java:call(293)) - validateWrites : false
2019-10-10 01:27:45,007 [main] INFO  freon.RandomKeyGenerator (RandomKeyGenerator.java:call(313)) - Starting progress bar Thread.

 0.00% |█                                                                                                    |  0/1 Time: 0:00:002019-10-10 01:27:45,024 [pool-84-thread-1] INFO  rpc.RpcClient (RpcClient.java:createVolume(272)) - Creating Volume: vol-0-82834, with jenkins1000 as owner.
2019-10-10 01:27:45,030 [IPC Server handler 0 on 36875] INFO  volume.OMVolumeCreateRequest (OMVolumeCreateRequest.java:validateAndUpdateCache(193)) - created volume:vol-0-82834 for user:jenkins1000
2019-10-10 01:27:45,038 [pool-84-thread-2] INFO  rpc.RpcClient (RpcClient.java:createBucket(411)) - Creating Bucket: vol-0-82834/bucket-0-36926, with Versioning false and Storage Type set to DISK and Encryption set to false 
2019-10-10 01:27:45,075 [grpc-default-executor-29] INFO  impl.RaftServerProxy (RaftServerProxy.java:addNew(89)) - fe8e0d95-22db-4b8a-875e-83bee4d716fb: addNew group-81E13198C927:[4b92f2f8-e489-47a4-a90a-1d3fa2a9a07f:192.168.151.118:35849, 993817e1-c77a-472e-865f-a6e34ffe7967:192.168.151.118:41261, fe8e0d95-22db-4b8a-875e-83bee4d716fb:192.168.151.118:34352] returns group-81E13198C927:java.util.concurrent.CompletableFuture@8e9738b[Not completed]
2019-10-10 01:27:45,075 [grpc-default-executor-25] INFO  impl.RaftServerProxy (RaftServerProxy.java:addNew(89)) - 4b92f2f8-e489-47a4-a90a-1d3fa2a9a07f: addNew group-81E13198C927:[4b92f2f8-e489-47a4-a90a-1d3fa2a9a07f:192.168.151.118:35849, 993817e1-c77a-472e-865f-a6e34ffe7967:192.168.151.118:41261, fe8e0d95-22db-4b8a-875e-83bee4d716fb:192.168.151.118:34352] returns group-81E13198C927:java.util.concurrent.CompletableFuture@1d96428e[Not completed]
2019-10-10 01:27:45,075 [grpc-default-executor-32] INFO  impl.RaftServerProxy (RaftServerProxy.java:addNew(89)) - 993817e1-c77a-472e-865f-a6e34ffe7967: addNew group-81E13198C927:[4b92f2f8-e489-47a4-a90a-1d3fa2a9a07f:192.168.151.118:35849, 993817e1-c77a-472e-865f-a6e34ffe7967:192.168.151.118:41261, fe8e0d95-22db-4b8a-875e-83bee4d716fb:192.168.151.118:34352] returns group-81E13198C927:java.util.concurrent.CompletableFuture@38c585a5[Not completed]
2019-10-10 01:27:45,112 [pool-67-thread-1] INFO  storage.RaftStorage (RaftStorage.java:format(84)) - Storage directory /workdir/hadoop-ozone/tools/target/test-dir/MiniOzoneClusterImpl-1e8b0e80-279c-49c4-ae13-42ed318b6149/datanode-4/data/ratis/37749b9b-64f3-4e6e-9d22-8d3ad9d6c54e has been successfully formatted.
2019-10-10 01:27:45,112 [pool-47-thread-1] INFO  storage.RaftStorage (RaftStorage.java:format(84)) - Storage directory /workdir/hadoop-ozone/tools/target/test-dir/MiniOzoneClusterImpl-1e8b0e80-279c-49c4-ae13-42ed318b6149/datanode-2/data/ratis/37749b9b-64f3-4e6e-9d22-8d3ad9d6c54e has been successfully formatted.
2019-10-10 01:27:45,112 [pool-27-thread-1] INFO  storage.RaftStorage (RaftStorage.java:format(84)) - Storage directory /workdir/hadoop-ozone/tools/target/test-dir/MiniOzoneClusterImpl-1e8b0e80-279c-49c4-ae13-42ed318b6149/datanode-0/data/ratis/37749b9b-64f3-4e6e-9d22-8d3ad9d6c54e has been successfully formatted.
2019-10-10 01:27:45,113 [pool-47-thread-1] INFO  ratis.ContainerStateMachine (ContainerStateMachine.java:loadSnapshot(231)) - group-8D3AD9D6C54E: The snapshot info is null. Setting the last applied indexto:(t:0, i:~)
2019-10-10 01:27:45,113 [pool-67-thread-1] INFO  ratis.ContainerStateMachine (ContainerStateMachine.java:loadSnapshot(231)) - group-8D3AD9D6C54E: The snapshot info is null. Setting the last applied indexto:(t:0, i:~)
2019-10-10 01:27:45,113 [pool-47-thread-1] INFO  server.RaftServerConfigKeys (ConfUtils.java:logGet(43)) - raft.server.notification.no-leader.timeout = 120s (custom)
2019-10-10 01:27:45,113 [pool-27-thread-1] INFO  ratis.ContainerStateMachine (ContainerStateMachine.java:loadSnapshot(231)) - group-8D3AD9D6C54E: The snapshot info is null. Setting the last applied indexto:(t:0, i:~)
2019-10-10 01:27:45,113 [pool-47-thread-1] INFO  server.RaftServerConfigKeys (ConfUtils.java:logGet(43)) - raft.server.log.use.memory = false (default)
2019-10-10 01:27:45,113 [pool-67-thread-1] INFO  server.RaftServerConfigKeys (ConfUtils.java:logGet(43)) - raft.server.notification.no-leader.timeout = 120s (custom)
2019-10-10 01:27:45,113 [pool-27-thread-1] INFO  server.RaftServerConfigKeys (ConfUtils.java:logGet(43)) - raft.server.notification.no-leader.timeout = 120s (custom)
2019-10-10 01:27:45,113 [pool-47-thread-1] INFO  server.RaftServerConfigKeys (ConfUtils.java:logGet(43)) - raft.server.log.purge.gap = 1000000 (custom)
2019-10-10 01:27:45,113 [pool-67-thread-1] INFO  server.RaftServerConfigKeys (ConfUtils.java:logGet(43)) - raft.server.log.use.memory = false (default)
2019-10-10 01:27:45,114 [pool-47-thread-1] INFO  server.RaftServerConfigKeys (ConfUtils.java:logGet(43)) - raft.server.log.appender.buffer.byte-limit = 33554432 (custom)
2019-10-10 01:27:45,114 [pool-27-thread-1] INFO  server.RaftServerConfigKeys (ConfUtils.java:logGet(43)) - raft.server.log.use.memory = false (default)
2019-10-10 01:27:45,114 [pool-47-thread-1] INFO  server.RaftServerConfigKeys (ConfUtils.java:logGet(43)) - raft.server.log.segment.size.max = 1048576 (custom)
2019-10-10 01:27:45,114 [pool-67-thread-1] INFO  server.RaftServerConfigKeys (ConfUtils.java:logGet(43)) - raft.server.log.purge.gap = 1000000 (custom)
2019-10-10 01:27:45,114 [pool-27-thread-1] INFO  server.RaftServerConfigKeys (ConfUtils.java:logGet(43)) - raft.server.log.purge.gap = 1000000 (custom)
2019-10-10 01:27:45,114 [pool-67-thread-1] INFO  server.RaftServerConfigKeys (ConfUtils.java:logGet(43)) - raft.server.log.appender.buffer.byte-limit = 33554432 (custom)
2019-10-10 01:27:45,114 [pool-47-thread-1] INFO  server.RaftServerConfigKeys (ConfUtils.java:logGet(43)) - raft.server.log.segment.cache.num.max = 2 (custom)
2019-10-10 01:27:45,114 [pool-67-thread-1] INFO  server.RaftServerConfigKeys (ConfUtils.java:logGet(43)) - raft.server.log.segment.size.max = 1048576 (custom)
2019-10-10 01:27:45,114 [pool-27-thread-1] INFO  server.RaftServerConfigKeys (ConfUtils.java:logGet(43)) - raft.server.log.appender.buffer.byte-limit = 33554432 (custom)
2019-10-10 01:27:45,115 [pool-67-thread-1] INFO  server.RaftServerConfigKeys (ConfUtils.java:logGet(43)) - raft.server.log.segment.cache.num.max = 2 (custom)
2019-10-10 01:27:45,115 [pool-47-thread-1] INFO  segmented.SegmentedRaftLogWorker (SegmentedRaftLogWorker.java:<init>(173)) - new fe8e0d95-22db-4b8a-875e-83bee4d716fb@group-8D3AD9D6C54E-SegmentedRaftLogWorker for RaftStorage:Storage Directory /workdir/hadoop-ozone/tools/target/test-dir/MiniOzoneClusterImpl-1e8b0e80-279c-49c4-ae13-42ed318b6149/datanode-2/data/ratis/37749b9b-64f3-4e6e-9d22-8d3ad9d6c54e
2019-10-10 01:27:45,115 [pool-67-thread-1] INFO  segmented.SegmentedRaftLogWorker (SegmentedRaftLogWorker.java:<init>(173)) - new 4b92f2f8-e489-47a4-a90a-1d3fa2a9a07f@group-8D3AD9D6C54E-SegmentedRaftLogWorker for RaftStorage:Storage Directory /workdir/hadoop-ozone/tools/target/test-dir/MiniOzoneClusterImpl-1e8b0e80-279c-49c4-ae13-42ed318b6149/datanode-4/data/ratis/37749b9b-64f3-4e6e-9d22-8d3ad9d6c54e
2019-10-10 01:27:45,115 [pool-27-thread-1] INFO  server.RaftServerConfigKeys (ConfUtils.java:logGet(43)) - raft.server.log.segment.size.max = 1048576 (custom)
2019-10-10 01:27:45,115 [pool-67-thread-1] INFO  server.RaftServerConfigKeys (ConfUtils.java:logGet(43)) - raft.server.log.queue.byte-limit = 2147483647 (custom)
2019-10-10 01:27:45,115 [pool-67-thread-1] INFO  server.RaftServerConfigKeys (ConfUtils.java:logGet(43)) - raft.server.log.queue.element-limit = 1024 (custom)
2019-10-10 01:27:45,115 [pool-47-thread-1] INFO  server.RaftServerConfigKeys (ConfUtils.java:logGet(43)) - raft.server.log.queue.byte-limit = 2147483647 (custom)
2019-10-10 01:27:45,115 [pool-67-thread-1] INFO  server.RaftServerConfigKeys (ConfUtils.java:logGet(43)) - raft.server.log.segment.size.max = 1048576 (custom)
2019-10-10 01:27:45,115 [pool-27-thread-1] INFO  server.RaftServerConfigKeys (ConfUtils.java:logGet(43)) - raft.server.log.segment.cache.num.max = 2 (custom)
2019-10-10 01:27:45,116 [pool-67-thread-1] INFO  server.RaftServerConfigKeys (ConfUtils.java:logGet(43)) - raft.server.log.preallocated.size = 16384 (custom)
2019-10-10 01:27:45,116 [pool-47-thread-1] INFO  server.RaftServerConfigKeys (ConfUtils.java:logGet(43)) - raft.server.log.queue.element-limit = 1024 (custom)
2019-10-10 01:27:45,116 [pool-67-thread-1] INFO  server.RaftServerConfigKeys (ConfUtils.java:logGet(43)) - raft.server.log.write.buffer.size = 33554432 (custom)
2019-10-10 01:27:45,116 [pool-27-thread-1] INFO  segmented.SegmentedRaftLogWorker (SegmentedRaftLogWorker.java:<init>(173)) - new 993817e1-c77a-472e-865f-a6e34ffe7967@group-8D3AD9D6C54E-SegmentedRaftLogWorker for RaftStorage:Storage Directory /workdir/hadoop-ozone/tools/target/test-dir/MiniOzoneClusterImpl-1e8b0e80-279c-49c4-ae13-42ed318b6149/datanode-0/data/ratis/37749b9b-64f3-4e6e-9d22-8d3ad9d6c54e
2019-10-10 01:27:45,116 [pool-67-thread-1] INFO  server.RaftServerConfigKeys (ConfUtils.java:logGet(43)) - raft.server.log.force.sync.num = 128 (default)
2019-10-10 01:27:45,116 [pool-67-thread-1] INFO  server.RaftServerConfigKeys (ConfUtils.java:logGet(43)) - raft.server.log.statemachine.data.sync = true (default)
2019-10-10 01:27:45,116 [pool-47-thread-1] INFO  server.RaftServerConfigKeys (ConfUtils.java:logGet(43)) - raft.server.log.segment.size.max = 1048576 (custom)
2019-10-10 01:27:45,116 [pool-67-thread-1] INFO  server.RaftServerConfigKeys (ConfUtils.java:logGet(43)) - raft.server.log.statemachine.data.sync.timeout = 10s (default)
2019-10-10 01:27:45,116 [pool-27-thread-1] INFO  server.RaftServerConfigKeys (ConfUtils.java:logGet(43)) - raft.server.log.queue.byte-limit = 2147483647 (custom)
2019-10-10 01:27:45,117 [pool-67-thread-1] INFO  server.RaftServerConfigKeys (ConfUtils.java:logGet(43)) - raft.server.log.statemachine.data.sync.timeout.retry = -1 (default)
2019-10-10 01:27:45,117 [pool-47-thread-1] INFO  server.RaftServerConfigKeys (ConfUtils.java:logGet(43)) - raft.server.log.preallocated.size = 16384 (custom)
2019-10-10 01:27:45,117 [pool-67-thread-1] INFO  server.RaftServerConfigKeys (ConfUtils.java:logGet(43)) - raft.server.log.statemachine.data.caching.enabled = true (custom)
2019-10-10 01:27:45,117 [pool-27-thread-1] INFO  server.RaftServerConfigKeys (ConfUtils.java:logGet(43)) - raft.server.log.queue.element-limit = 1024 (custom)
2019-10-10 01:27:45,117 [pool-47-thread-1] INFO  server.RaftServerConfigKeys (ConfUtils.java:logGet(43)) - raft.server.log.write.buffer.size = 33554432 (custom)
2019-10-10 01:27:45,117 [pool-27-thread-1] INFO  server.RaftServerConfigKeys (ConfUtils.java:logGet(43)) - raft.server.log.segment.size.max = 1048576 (custom)
2019-10-10 01:27:45,117 [pool-67-thread-1] INFO  segmented.SegmentedRaftLogWorker (SegmentedRaftLogWorker.java:lambda$new$0(128)) - 4b92f2f8-e489-47a4-a90a-1d3fa2a9a07f@group-8D3AD9D6C54E-SegmentedRaftLogWorker: flushIndex: setUnconditionally 0 -> -1
2019-10-10 01:27:45,117 [pool-27-thread-1] INFO  server.RaftServerConfigKeys (ConfUtils.java:logGet(43)) - raft.server.log.preallocated.size = 16384 (custom)
2019-10-10 01:27:45,117 [pool-47-thread-1] INFO  server.RaftServerConfigKeys (ConfUtils.java:logGet(43)) - raft.server.log.force.sync.num = 128 (default)
2019-10-10 01:27:45,118 [pool-67-thread-1] INFO  server.RaftServerConfigKeys (ConfUtils.java:logGet(43)) - raft.server.snapshot.auto.trigger.enabled = true (custom)
2019-10-10 01:27:45,118 [pool-27-thread-1] INFO  server.RaftServerConfigKeys (ConfUtils.java:logGet(43)) - raft.server.log.write.buffer.size = 33554432 (custom)
2019-10-10 01:27:45,118 [pool-67-thread-1] INFO  server.RaftServerConfigKeys (ConfUtils.java:logGet(43)) - raft.server.snapshot.auto.trigger.threshold = 10000 (custom)
2019-10-10 01:27:45,118 [pool-47-thread-1] INFO  server.RaftServerConfigKeys (ConfUtils.java:logGet(43)) - raft.server.log.statemachine.data.sync = true (default)
2019-10-10 01:27:45,118 [pool-67-thread-1] INFO  server.RaftServerConfigKeys (ConfUtils.java:logGet(43)) - raft.server.snapshot.retention.file.num = 5 (custom)
2019-10-10 01:27:45,118 [pool-27-thread-1] INFO  server.RaftServerConfigKeys (ConfUtils.java:logGet(43)) - raft.server.log.force.sync.num = 128 (default)
2019-10-10 01:27:45,119 [pool-67-thread-1] INFO  server.RaftServerConfigKeys (ConfUtils.java:logGet(43)) - raft.server.retrycache.expirytime = 600000ms (custom)
2019-10-10 01:27:45,118 [pool-47-thread-1] INFO  server.RaftServerConfigKeys (ConfUtils.java:logGet(43)) - raft.server.log.statemachine.data.sync.timeout = 10s (default)
2019-10-10 01:27:45,119 [pool-27-thread-1] INFO  server.RaftServerConfigKeys (ConfUtils.java:logGet(43)) - raft.server.log.statemachine.data.sync = true (default)
2019-10-10 01:27:45,119 [pool-47-thread-1] INFO  server.RaftServerConfigKeys (ConfUtils.java:logGet(43)) - raft.server.log.statemachine.data.sync.timeout.retry = -1 (default)
2019-10-10 01:27:45,119 [pool-27-thread-1] INFO  server.RaftServerConfigKeys (ConfUtils.java:logGet(43)) - raft.server.log.statemachine.data.sync.timeout = 10s (default)
2019-10-10 01:27:45,119 [pool-47-thread-1] INFO  server.RaftServerConfigKeys (ConfUtils.java:logGet(43)) - raft.server.log.statemachine.data.caching.enabled = true (custom)
2019-10-10 01:27:45,119 [pool-27-thread-1] INFO  server.RaftServerConfigKeys (ConfUtils.java:logGet(43)) - raft.server.log.statemachine.data.sync.timeout.retry = -1 (default)
2019-10-10 01:27:45,120 [pool-47-thread-1] INFO  segmented.SegmentedRaftLogWorker (SegmentedRaftLogWorker.java:lambda$new$0(128)) - fe8e0d95-22db-4b8a-875e-83bee4d716fb@group-8D3AD9D6C54E-SegmentedRaftLogWorker: flushIndex: setUnconditionally 0 -> -1
2019-10-10 01:27:45,120 [pool-27-thread-1] INFO  server.RaftServerConfigKeys (ConfUtils.java:logGet(43)) - raft.server.log.statemachine.data.caching.enabled = true (custom)
2019-10-10 01:27:45,120 [pool-47-thread-1] INFO  server.RaftServerConfigKeys (ConfUtils.java:logGet(43)) - raft.server.snapshot.auto.trigger.enabled = true (custom)
2019-10-10 01:27:45,120 [pool-47-thread-1] INFO  server.RaftServerConfigKeys (ConfUtils.java:logGet(43)) - raft.server.snapshot.auto.trigger.threshold = 10000 (custom)
2019-10-10 01:27:45,120 [pool-27-thread-1] INFO  segmented.SegmentedRaftLogWorker (SegmentedRaftLogWorker.java:lambda$new$0(128)) - 993817e1-c77a-472e-865f-a6e34ffe7967@group-8D3AD9D6C54E-SegmentedRaftLogWorker: flushIndex: setUnconditionally 0 -> -1
2019-10-10 01:27:45,120 [pool-47-thread-1] INFO  server.RaftServerConfigKeys (ConfUtils.java:logGet(43)) - raft.server.snapshot.retention.file.num = 5 (custom)
2019-10-10 01:27:45,121 [pool-47-thread-1] INFO  server.RaftServerConfigKeys (ConfUtils.java:logGet(43)) - raft.server.retrycache.expirytime = 600000ms (custom)
2019-10-10 01:27:45,121 [pool-27-thread-1] INFO  server.RaftServerConfigKeys (ConfUtils.java:logGet(43)) - raft.server.snapshot.auto.trigger.enabled = true (custom)
2019-10-10 01:27:45,121 [pool-27-thread-1] INFO  server.RaftServerConfigKeys (ConfUtils.java:logGet(43)) - raft.server.snapshot.auto.trigger.threshold = 10000 (custom)
2019-10-10 01:27:45,121 [pool-27-thread-1] INFO  server.RaftServerConfigKeys (ConfUtils.java:logGet(43)) - raft.server.snapshot.retention.file.num = 5 (custom)
2019-10-10 01:27:45,121 [pool-27-thread-1] INFO  server.RaftServerConfigKeys (ConfUtils.java:logGet(43)) - raft.server.retrycache.expirytime = 600000ms (custom)
2019-10-10 01:27:45,123 [pool-67-thread-1] INFO  impl.RaftServerImpl (RaftServerImpl.java:<init>(95)) - 4b92f2f8-e489-47a4-a90a-1d3fa2a9a07f: new RaftServerImpl for group-45CF1BECFE29:[4b92f2f8-e489-47a4-a90a-1d3fa2a9a07f:192.168.151.118:35849, 993817e1-c77a-472e-865f-a6e34ffe7967:192.168.151.118:41261, fe8e0d95-22db-4b8a-875e-83bee4d716fb:192.168.151.118:34352] with ContainerStateMachine:uninitialized
2019-10-10 01:27:45,123 [pool-67-thread-1] INFO  server.RaftServerConfigKeys (ConfUtils.java:logGet(43)) - raft.server.rpc.timeout.min = 5s (custom)
2019-10-10 01:27:45,123 [pool-67-thread-1] INFO  server.RaftServerConfigKeys (ConfUtils.java:logGet(43)) - raft.server.rpc.timeout.max = 5200ms (custom)
2019-10-10 01:27:45,123 [pool-67-thread-1] INFO  server.RaftServerConfigKeys (ConfUtils.java:logGet(43)) - raft.server.rpcslowness.timeout = 120s (custom)
2019-10-10 01:27:45,123 [pool-67-thread-1] INFO  server.RaftServerConfigKeys (ConfUtils.java:logGet(43)) - raft.server.sleep.deviation.threshold = 300 (default)
2019-10-10 01:27:45,124 [pool-67-thread-1] INFO  server.RaftServerConfigKeys (ConfUtils.java:logGet(43)) - raft.server.log.appender.install.snapshot.enabled = false (custom)
2019-10-10 01:27:45,124 [pool-67-thread-1] INFO  impl.RaftServerImpl (ServerState.java:<init>(103)) - 4b92f2f8-e489-47a4-a90a-1d3fa2a9a07f@group-45CF1BECFE29: ConfigurationManager, init=-1: [4b92f2f8-e489-47a4-a90a-1d3fa2a9a07f:192.168.151.118:35849, 993817e1-c77a-472e-865f-a6e34ffe7967:192.168.151.118:41261, fe8e0d95-22db-4b8a-875e-83bee4d716fb:192.168.151.118:34352], old=null, confs=<EMPTY_MAP>
2019-10-10 01:27:45,124 [pool-67-thread-1] INFO  server.RaftServerConfigKeys (ConfUtils.java:logGet(43)) - raft.server.storage.dir = [/workdir/hadoop-ozone/tools/target/test-dir/MiniOzoneClusterImpl-1e8b0e80-279c-49c4-ae13-42ed318b6149/datanode-4/data/ratis] (custom)
2019-10-10 01:27:45,124 [pool-47-thread-1] INFO  impl.RaftServerImpl (RaftServerImpl.java:<init>(95)) - fe8e0d95-22db-4b8a-875e-83bee4d716fb: new RaftServerImpl for group-45CF1BECFE29:[4b92f2f8-e489-47a4-a90a-1d3fa2a9a07f:192.168.151.118:35849, 993817e1-c77a-472e-865f-a6e34ffe7967:192.168.151.118:41261, fe8e0d95-22db-4b8a-875e-83bee4d716fb:192.168.151.118:34352] with ContainerStateMachine:uninitialized
2019-10-10 01:27:45,124 [pool-47-thread-1] INFO  server.RaftServerConfigKeys (ConfUtils.java:logGet(43)) - raft.server.rpc.timeout.min = 5s (custom)
2019-10-10 01:27:45,124 [pool-67-thread-1] INFO  server.RaftServerConfigKeys (ConfUtils.java:logGet(43)) - raft.server.log.corruption.policy = EXCEPTION (default)
2019-10-10 01:27:45,124 [pool-47-thread-1] INFO  server.RaftServerConfigKeys (ConfUtils.java:logGet(43)) - raft.server.rpc.timeout.max = 5200ms (custom)
2019-10-10 01:27:45,124 [pool-67-thread-1] INFO  storage.RaftStorageDirectory (RaftStorageDirectory.java:analyzeStorage(246)) - The storage directory /workdir/hadoop-ozone/tools/target/test-dir/MiniOzoneClusterImpl-1e8b0e80-279c-49c4-ae13-42ed318b6149/datanode-4/data/ratis/aa05c754-a88a-4742-af73-45cf1becfe29 does not exist. Creating ...
2019-10-10 01:27:45,124 [pool-47-thread-1] INFO  server.RaftServerConfigKeys (ConfUtils.java:logGet(43)) - raft.server.rpcslowness.timeout = 120s (custom)
2019-10-10 01:27:45,125 [pool-47-thread-1] INFO  server.RaftServerConfigKeys (ConfUtils.java:logGet(43)) - raft.server.sleep.deviation.threshold = 300 (default)
2019-10-10 01:27:45,125 [pool-27-thread-1] INFO  impl.RaftServerImpl (RaftServerImpl.java:<init>(95)) - 993817e1-c77a-472e-865f-a6e34ffe7967: new RaftServerImpl for group-45CF1BECFE29:[4b92f2f8-e489-47a4-a90a-1d3fa2a9a07f:192.168.151.118:35849, 993817e1-c77a-472e-865f-a6e34ffe7967:192.168.151.118:41261, fe8e0d95-22db-4b8a-875e-83bee4d716fb:192.168.151.118:34352] with ContainerStateMachine:uninitialized
2019-10-10 01:27:45,125 [pool-47-thread-1] INFO  server.RaftServerConfigKeys (ConfUtils.java:logGet(43)) - raft.server.log.appender.install.snapshot.enabled = false (custom)
2019-10-10 01:27:45,125 [pool-27-thread-1] INFO  server.RaftServerConfigKeys (ConfUtils.java:logGet(43)) - raft.server.rpc.timeout.min = 5s (custom)
2019-10-10 01:27:45,125 [pool-47-thread-1] INFO  impl.RaftServerImpl (ServerState.java:<init>(103)) - fe8e0d95-22db-4b8a-875e-83bee4d716fb@group-45CF1BECFE29: ConfigurationManager, init=-1: [4b92f2f8-e489-47a4-a90a-1d3fa2a9a07f:192.168.151.118:35849, 993817e1-c77a-472e-865f-a6e34ffe7967:192.168.151.118:41261, fe8e0d95-22db-4b8a-875e-83bee4d716fb:192.168.151.118:34352], old=null, confs=<EMPTY_MAP>
2019-10-10 01:27:45,125 [pool-27-thread-1] INFO  server.RaftServerConfigKeys (ConfUtils.java:logGet(43)) - raft.server.rpc.timeout.max = 5200ms (custom)
2019-10-10 01:27:45,125 [pool-47-thread-1] INFO  server.RaftServerConfigKeys (ConfUtils.java:logGet(43)) - raft.server.storage.dir = [/workdir/hadoop-ozone/tools/target/test-dir/MiniOzoneClusterImpl-1e8b0e80-279c-49c4-ae13-42ed318b6149/datanode-2/data/ratis] (custom)
2019-10-10 01:27:45,125 [pool-27-thread-1] INFO  server.RaftServerConfigKeys (ConfUtils.java:logGet(43)) - raft.server.rpcslowness.timeout = 120s (custom)
2019-10-10 01:27:45,126 [pool-27-thread-1] INFO  server.RaftServerConfigKeys (ConfUtils.java:logGet(43)) - raft.server.sleep.deviation.threshold = 300 (default)
2019-10-10 01:27:45,126 [pool-47-thread-1] INFO  server.RaftServerConfigKeys (ConfUtils.java:logGet(43)) - raft.server.log.corruption.policy = EXCEPTION (default)
2019-10-10 01:27:45,126 [pool-27-thread-1] INFO  server.RaftServerConfigKeys (ConfUtils.java:logGet(43)) - raft.server.log.appender.install.snapshot.enabled = false (custom)
2019-10-10 01:27:45,126 [pool-47-thread-1] INFO  storage.RaftStorageDirectory (RaftStorageDirectory.java:analyzeStorage(246)) - The storage directory /workdir/hadoop-ozone/tools/target/test-dir/MiniOzoneClusterImpl-1e8b0e80-279c-49c4-ae13-42ed318b6149/datanode-2/data/ratis/aa05c754-a88a-4742-af73-45cf1becfe29 does not exist. Creating ...
2019-10-10 01:27:45,126 [pool-27-thread-1] INFO  impl.RaftServerImpl (ServerState.java:<init>(103)) - 993817e1-c77a-472e-865f-a6e34ffe7967@group-45CF1BECFE29: ConfigurationManager, init=-1: [4b92f2f8-e489-47a4-a90a-1d3fa2a9a07f:192.168.151.118:35849, 993817e1-c77a-472e-865f-a6e34ffe7967:192.168.151.118:41261, fe8e0d95-22db-4b8a-875e-83bee4d716fb:192.168.151.118:34352], old=null, confs=<EMPTY_MAP>
2019-10-10 01:27:45,126 [pool-27-thread-1] INFO  server.RaftServerConfigKeys (ConfUtils.java:logGet(43)) - raft.server.storage.dir = [/workdir/hadoop-ozone/tools/target/test-dir/MiniOzoneClusterImpl-1e8b0e80-279c-49c4-ae13-42ed318b6149/datanode-0/data/ratis] (custom)
2019-10-10 01:27:45,126 [pool-27-thread-1] INFO  server.RaftServerConfigKeys (ConfUtils.java:logGet(43)) - raft.server.log.corruption.policy = EXCEPTION (default)
2019-10-10 01:27:45,127 [pool-27-thread-1] INFO  storage.RaftStorageDirectory (RaftStorageDirectory.java:analyzeStorage(246)) - The storage directory /workdir/hadoop-ozone/tools/target/test-dir/MiniOzoneClusterImpl-1e8b0e80-279c-49c4-ae13-42ed318b6149/datanode-0/data/ratis/aa05c754-a88a-4742-af73-45cf1becfe29 does not exist. Creating ...
 0.00% |█                                                                                                    |  0/1 Time: 0:00:01 0.00% |█                                                                                                    |  0/1 Time: 0:00:02 0.00% |█                                                                                                    |  0/1 Time: 0:00:032019-10-10 01:27:48,071 [RATISCREATEPIPELINE3] ERROR pipeline.RatisPipelineProvider (RatisPipelineProvider.java:lambda$null$5(237)) - Failed invoke Ratis rpc org.apache.hadoop.hdds.scm.pipeline.RatisPipelineProvider$$Lambda$196/1858172621@73ffecbb for fe8e0d95-22db-4b8a-875e-83bee4d716fb
org.apache.ratis.protocol.TimeoutIOException: deadline exceeded after 2999735222ns
	at org.apache.ratis.grpc.GrpcUtil.tryUnwrapException(GrpcUtil.java:82)
	at org.apache.ratis.grpc.GrpcUtil.unwrapException(GrpcUtil.java:75)
	at org.apache.ratis.grpc.client.GrpcClientProtocolClient.blockingCall(GrpcClientProtocolClient.java:184)
	at org.apache.ratis.grpc.client.GrpcClientProtocolClient.groupAdd(GrpcClientProtocolClient.java:153)
	at org.apache.ratis.grpc.client.GrpcClientRpc.sendRequest(GrpcClientRpc.java:94)
	at org.apache.ratis.client.impl.RaftClientImpl.sendRequest(RaftClientImpl.java:278)
	at org.apache.ratis.client.impl.RaftClientImpl.groupAdd(RaftClientImpl.java:205)
	at org.apache.hadoop.hdds.scm.pipeline.RatisPipelineProvider.lambda$initializePipeline$4(RatisPipelineProvider.java:198)
	at org.apache.hadoop.hdds.scm.pipeline.RatisPipelineProvider.lambda$null$5(RatisPipelineProvider.java:233)
	at java.util.stream.ForEachOps$ForEachOp$OfRef.accept(ForEachOps.java:184)
	at java.util.ArrayList$ArrayListSpliterator.forEachRemaining(ArrayList.java:1382)
	at java.util.stream.AbstractPipeline.copyInto(AbstractPipeline.java:482)
	at java.util.stream.ForEachOps$ForEachTask.compute(ForEachOps.java:291)
	at java.util.concurrent.CountedCompleter.exec(CountedCompleter.java:731)
	at java.util.concurrent.ForkJoinTask.doExec(ForkJoinTask.java:289)
	at java.util.concurrent.ForkJoinTask.doInvoke(ForkJoinTask.java:401)
	at java.util.concurrent.ForkJoinTask.invoke(ForkJoinTask.java:734)
	at java.util.stream.ForEachOps$ForEachOp.evaluateParallel(ForEachOps.java:160)
	at java.util.stream.ForEachOps$ForEachOp$OfRef.evaluateParallel(ForEachOps.java:174)
	at java.util.stream.AbstractPipeline.evaluate(AbstractPipeline.java:233)
	at java.util.stream.ReferencePipeline.forEach(ReferencePipeline.java:418)
	at java.util.stream.ReferencePipeline$Head.forEach(ReferencePipeline.java:583)
	at org.apache.hadoop.hdds.scm.pipeline.RatisPipelineProvider.lambda$callRatisRpc$6(RatisPipelineProvider.java:227)
	at java.util.concurrent.ForkJoinTask$AdaptedRunnableAction.exec(ForkJoinTask.java:1386)
	at java.util.concurrent.ForkJoinTask.doExec(ForkJoinTask.java:289)
	at java.util.concurrent.ForkJoinPool$WorkQueue.runTask(ForkJoinPool.java:1056)
	at java.util.concurrent.ForkJoinPool.runWorker(ForkJoinPool.java:1692)
	at java.util.concurrent.ForkJoinWorkerThread.run(ForkJoinWorkerThread.java:157)
Caused by: org.apache.ratis.thirdparty.io.grpc.StatusRuntimeException: DEADLINE_EXCEEDED: deadline exceeded after 2999735222ns
	at org.apache.ratis.thirdparty.io.grpc.stub.ClientCalls.toStatusRuntimeException(ClientCalls.java:233)
	at org.apache.ratis.thirdparty.io.grpc.stub.ClientCalls.getUnchecked(ClientCalls.java:214)
	at org.apache.ratis.thirdparty.io.grpc.stub.ClientCalls.blockingUnaryCall(ClientCalls.java:139)
	at org.apache.ratis.proto.grpc.AdminProtocolServiceGrpc$AdminProtocolServiceBlockingStub.groupManagement(AdminProtocolServiceGrpc.java:274)
	at org.apache.ratis.grpc.client.GrpcClientProtocolClient.lambda$groupAdd$3(GrpcClientProtocolClient.java:155)
	at org.apache.ratis.grpc.client.GrpcClientProtocolClient.blockingCall(GrpcClientProtocolClient.java:182)
	... 25 more
2019-10-10 01:27:48,072 [RATISCREATEPIPELINE1] ERROR pipeline.RatisPipelineProvider (RatisPipelineProvider.java:lambda$null$5(237)) - Failed invoke Ratis rpc org.apache.hadoop.hdds.scm.pipeline.RatisPipelineProvider$$Lambda$196/1858172621@73ffecbb for 993817e1-c77a-472e-865f-a6e34ffe7967
org.apache.ratis.protocol.TimeoutIOException: deadline exceeded after 2999766694ns
	at org.apache.ratis.grpc.GrpcUtil.tryUnwrapException(GrpcUtil.java:82)
	at org.apache.ratis.grpc.GrpcUtil.unwrapException(GrpcUtil.java:75)
	at org.apache.ratis.grpc.client.GrpcClientProtocolClient.blockingCall(GrpcClientProtocolClient.java:184)
	at org.apache.ratis.grpc.client.GrpcClientProtocolClient.groupAdd(GrpcClientProtocolClient.java:153)
	at org.apache.ratis.grpc.client.GrpcClientRpc.sendRequest(GrpcClientRpc.java:94)
	at org.apache.ratis.client.impl.RaftClientImpl.sendRequest(RaftClientImpl.java:278)
	at org.apache.ratis.client.impl.RaftClientImpl.groupAdd(RaftClientImpl.java:205)
	at org.apache.hadoop.hdds.scm.pipeline.RatisPipelineProvider.lambda$initializePipeline$4(RatisPipelineProvider.java:198)
	at org.apache.hadoop.hdds.scm.pipeline.RatisPipelineProvider.lambda$null$5(RatisPipelineProvider.java:233)
	at java.util.stream.ForEachOps$ForEachOp$OfRef.accept(ForEachOps.java:184)
	at java.util.ArrayList$ArrayListSpliterator.forEachRemaining(ArrayList.java:1382)
	at java.util.stream.AbstractPipeline.copyInto(AbstractPipeline.java:482)
	at java.util.stream.ForEachOps$ForEachTask.compute(ForEachOps.java:291)
	at java.util.concurrent.CountedCompleter.exec(CountedCompleter.java:731)
	at java.util.concurrent.ForkJoinTask.doExec(ForkJoinTask.java:289)
	at java.util.concurrent.ForkJoinPool$WorkQueue.runTask(ForkJoinPool.java:1056)
	at java.util.concurrent.ForkJoinPool.runWorker(ForkJoinPool.java:1692)
	at java.util.concurrent.ForkJoinWorkerThread.run(ForkJoinWorkerThread.java:157)
Caused by: org.apache.ratis.thirdparty.io.grpc.StatusRuntimeException: DEADLINE_EXCEEDED: deadline exceeded after 2999766694ns
	at org.apache.ratis.thirdparty.io.grpc.stub.ClientCalls.toStatusRuntimeException(ClientCalls.java:233)
	at org.apache.ratis.thirdparty.io.grpc.stub.ClientCalls.getUnchecked(ClientCalls.java:214)
	at org.apache.ratis.thirdparty.io.grpc.stub.ClientCalls.blockingUnaryCall(ClientCalls.java:139)
	at org.apache.ratis.proto.grpc.AdminProtocolServiceGrpc$AdminProtocolServiceBlockingStub.groupManagement(AdminProtocolServiceGrpc.java:274)
	at org.apache.ratis.grpc.client.GrpcClientProtocolClient.lambda$groupAdd$3(GrpcClientProtocolClient.java:155)
	at org.apache.ratis.grpc.client.GrpcClientProtocolClient.blockingCall(GrpcClientProtocolClient.java:182)
	... 15 more
2019-10-10 01:27:48,072 [RATISCREATEPIPELINE0] ERROR pipeline.RatisPipelineProvider (RatisPipelineProvider.java:lambda$null$5(237)) - Failed invoke Ratis rpc org.apache.hadoop.hdds.scm.pipeline.RatisPipelineProvider$$Lambda$196/1858172621@73ffecbb for 4b92f2f8-e489-47a4-a90a-1d3fa2a9a07f
org.apache.ratis.protocol.TimeoutIOException: deadline exceeded after 2999805254ns
	at org.apache.ratis.grpc.GrpcUtil.tryUnwrapException(GrpcUtil.java:82)
	at org.apache.ratis.grpc.GrpcUtil.unwrapException(GrpcUtil.java:75)
	at org.apache.ratis.grpc.client.GrpcClientProtocolClient.blockingCall(GrpcClientProtocolClient.java:184)
	at org.apache.ratis.grpc.client.GrpcClientProtocolClient.groupAdd(GrpcClientProtocolClient.java:153)
	at org.apache.ratis.grpc.client.GrpcClientRpc.sendRequest(GrpcClientRpc.java:94)
	at org.apache.ratis.client.impl.RaftClientImpl.sendRequest(RaftClientImpl.java:278)
	at org.apache.ratis.client.impl.RaftClientImpl.groupAdd(RaftClientImpl.java:205)
	at org.apache.hadoop.hdds.scm.pipeline.RatisPipelineProvider.lambda$initializePipeline$4(RatisPipelineProvider.java:198)
	at org.apache.hadoop.hdds.scm.pipeline.RatisPipelineProvider.lambda$null$5(RatisPipelineProvider.java:233)
	at java.util.stream.ForEachOps$ForEachOp$OfRef.accept(ForEachOps.java:184)
	at java.util.ArrayList$ArrayListSpliterator.forEachRemaining(ArrayList.java:1382)
	at java.util.stream.AbstractPipeline.copyInto(AbstractPipeline.java:482)
	at java.util.stream.ForEachOps$ForEachTask.compute(ForEachOps.java:291)
	at java.util.concurrent.CountedCompleter.exec(CountedCompleter.java:731)
	at java.util.concurrent.ForkJoinTask.doExec(ForkJoinTask.java:289)
	at java.util.concurrent.ForkJoinPool$WorkQueue.runTask(ForkJoinPool.java:1056)
	at java.util.concurrent.ForkJoinPool.runWorker(ForkJoinPool.java:1692)
	at java.util.concurrent.ForkJoinWorkerThread.run(ForkJoinWorkerThread.java:157)
Caused by: org.apache.ratis.thirdparty.io.grpc.StatusRuntimeException: DEADLINE_EXCEEDED: deadline exceeded after 2999805254ns
	at org.apache.ratis.thirdparty.io.grpc.stub.ClientCalls.toStatusRuntimeException(ClientCalls.java:233)
	at org.apache.ratis.thirdparty.io.grpc.stub.ClientCalls.getUnchecked(ClientCalls.java:214)
	at org.apache.ratis.thirdparty.io.grpc.stub.ClientCalls.blockingUnaryCall(ClientCalls.java:139)
	at org.apache.ratis.proto.grpc.AdminProtocolServiceGrpc$AdminProtocolServiceBlockingStub.groupManagement(AdminProtocolServiceGrpc.java:274)
	at org.apache.ratis.grpc.client.GrpcClientProtocolClient.lambda$groupAdd$3(GrpcClientProtocolClient.java:155)
	at org.apache.ratis.grpc.client.GrpcClientProtocolClient.blockingCall(GrpcClientProtocolClient.java:182)
	... 15 more
2019-10-10 01:27:48,077 [IPC Server handler 7 on 36956] WARN  block.BlockManagerImpl (BlockManagerImpl.java:allocateBlock(194)) - Pipeline creation failed for type:RATIS factor:THREE. Retrying get pipelines call once.
org.apache.hadoop.io.MultipleIOException: 3 exceptions [java.io.IOException: Failed invoke Ratis rpc org.apache.hadoop.hdds.scm.pipeline.RatisPipelineProvider$$Lambda$196/1858172621@73ffecbb for fe8e0d95-22db-4b8a-875e-83bee4d716fb, java.io.IOException: Failed invoke Ratis rpc org.apache.hadoop.hdds.scm.pipeline.RatisPipelineProvider$$Lambda$196/1858172621@73ffecbb for 993817e1-c77a-472e-865f-a6e34ffe7967, java.io.IOException: Failed invoke Ratis rpc org.apache.hadoop.hdds.scm.pipeline.RatisPipelineProvider$$Lambda$196/1858172621@73ffecbb for 4b92f2f8-e489-47a4-a90a-1d3fa2a9a07f]
	at org.apache.hadoop.io.MultipleIOException.createIOException(MultipleIOException.java:53)
	at org.apache.hadoop.hdds.scm.pipeline.RatisPipelineProvider.callRatisRpc(RatisPipelineProvider.java:253)
	at org.apache.hadoop.hdds.scm.pipeline.RatisPipelineProvider.initializePipeline(RatisPipelineProvider.java:196)
	at org.apache.hadoop.hdds.scm.pipeline.RatisPipelineProvider.create(RatisPipelineProvider.java:163)
	at org.apache.hadoop.hdds.scm.pipeline.PipelineFactory.create(PipelineFactory.java:58)
	at org.apache.hadoop.hdds.scm.pipeline.SCMPipelineManager.createPipeline(SCMPipelineManager.java:155)
	at org.apache.hadoop.hdds.scm.block.BlockManagerImpl.allocateBlock(BlockManagerImpl.java:192)
	at org.apache.hadoop.hdds.scm.server.SCMBlockProtocolServer.allocateBlock(SCMBlockProtocolServer.java:182)
	at org.apache.hadoop.hdds.scm.protocol.ScmBlockLocationProtocolServerSideTranslatorPB.allocateScmBlock(ScmBlockLocationProtocolServerSideTranslatorPB.java:159)
	at org.apache.hadoop.hdds.scm.protocol.ScmBlockLocationProtocolServerSideTranslatorPB.processMessage(ScmBlockLocationProtocolServerSideTranslatorPB.java:117)
	at org.apache.hadoop.hdds.server.OzoneProtocolMessageDispatcher.processRequest(OzoneProtocolMessageDispatcher.java:72)
	at org.apache.hadoop.hdds.scm.protocol.ScmBlockLocationProtocolServerSideTranslatorPB.send(ScmBlockLocationProtocolServerSideTranslatorPB.java:98)
	at org.apache.hadoop.hdds.protocol.proto.ScmBlockLocationProtocolProtos$ScmBlockLocationProtocolService$2.callBlockingMethod(ScmBlockLocationProtocolProtos.java:13157)
	at org.apache.hadoop.ipc.ProtobufRpcEngine$Server$ProtoBufRpcInvoker.call(ProtobufRpcEngine.java:524)
	at org.apache.hadoop.ipc.RPC$Server.call(RPC.java:1025)
	at org.apache.hadoop.ipc.Server$RpcCall.run(Server.java:876)
	at org.apache.hadoop.ipc.Server$RpcCall.run(Server.java:822)
	at java.security.AccessController.doPrivileged(Native Method)
	at javax.security.auth.Subject.doAs(Subject.java:422)
	at org.apache.hadoop.security.UserGroupInformation.doAs(UserGroupInformation.java:1730)
	at org.apache.hadoop.ipc.Server$Handler.run(Server.java:2682)
2019-10-10 01:27:48,078 [IPC Server handler 7 on 36956] INFO  block.BlockManagerImpl (BlockManagerImpl.java:allocateBlock(200)) - Could not find available pipeline of type:RATIS and factor:THREE even after retrying
2019-10-10 01:27:48,078 [IPC Server handler 7 on 36956] ERROR block.BlockManagerImpl (BlockManagerImpl.java:allocateBlock(224)) - Unable to allocate a block for the size: 4194304, type: RATIS, factor: THREE
2019-10-10 01:27:48,088 [grpc-default-executor-32] INFO  impl.RaftServerProxy (RaftServerProxy.java:addNew(89)) - 993817e1-c77a-472e-865f-a6e34ffe7967: addNew group-258B293B060D:[4b92f2f8-e489-47a4-a90a-1d3fa2a9a07f:192.168.151.118:35849, 993817e1-c77a-472e-865f-a6e34ffe7967:192.168.151.118:41261, fe8e0d95-22db-4b8a-875e-83bee4d716fb:192.168.151.118:34352] returns group-258B293B060D:java.util.concurrent.CompletableFuture@61a66ab[Not completed]
2019-10-10 01:27:48,088 [grpc-default-executor-25] INFO  impl.RaftServerProxy (RaftServerProxy.java:addNew(89)) - fe8e0d95-22db-4b8a-875e-83bee4d716fb: addNew group-258B293B060D:[4b92f2f8-e489-47a4-a90a-1d3fa2a9a07f:192.168.151.118:35849, 993817e1-c77a-472e-865f-a6e34ffe7967:192.168.151.118:41261, fe8e0d95-22db-4b8a-875e-83bee4d716fb:192.168.151.118:34352] returns group-258B293B060D:java.util.concurrent.CompletableFuture@5f3cd6da[Not completed]
2019-10-10 01:27:48,088 [grpc-default-executor-29] INFO  impl.RaftServerProxy (RaftServerProxy.java:addNew(89)) - 4b92f2f8-e489-47a4-a90a-1d3fa2a9a07f: addNew group-258B293B060D:[4b92f2f8-e489-47a4-a90a-1d3fa2a9a07f:192.168.151.118:35849, 993817e1-c77a-472e-865f-a6e34ffe7967:192.168.151.118:41261, fe8e0d95-22db-4b8a-875e-83bee4d716fb:192.168.151.118:34352] returns group-258B293B060D:java.util.concurrent.CompletableFuture@39abfd19[Not completed]
 0.00% |█                                                                                                    |  0/1 Time: 0:00:04 0.00% |█                                                                                                    |  0/1 Time: 0:00:05 0.00% |█                                                                                                    |  0/1 Time: 0:00:062019-10-10 01:27:51,034 [pool-27-thread-1] INFO  storage.RaftStorageDirectory (RaftStorageDirectory.java:tryLock(328)) - Lock on /workdir/hadoop-ozone/tools/target/test-dir/MiniOzoneClusterImpl-1e8b0e80-279c-49c4-ae13-42ed318b6149/datanode-0/data/ratis/aa05c754-a88a-4742-af73-45cf1becfe29/in_use.lock acquired by nodename 12932@pr-hdds-2194-jqrdw-3579824535
2019-10-10 01:27:51,034 [pool-67-thread-1] INFO  storage.RaftStorageDirectory (RaftStorageDirectory.java:tryLock(328)) - Lock on /workdir/hadoop-ozone/tools/target/test-dir/MiniOzoneClusterImpl-1e8b0e80-279c-49c4-ae13-42ed318b6149/datanode-4/data/ratis/aa05c754-a88a-4742-af73-45cf1becfe29/in_use.lock acquired by nodename 12932@pr-hdds-2194-jqrdw-3579824535
2019-10-10 01:27:51,034 [pool-47-thread-1] INFO  storage.RaftStorageDirectory (RaftStorageDirectory.java:tryLock(328)) - Lock on /workdir/hadoop-ozone/tools/target/test-dir/MiniOzoneClusterImpl-1e8b0e80-279c-49c4-ae13-42ed318b6149/datanode-2/data/ratis/aa05c754-a88a-4742-af73-45cf1becfe29/in_use.lock acquired by nodename 12932@pr-hdds-2194-jqrdw-3579824535
2019-10-10 01:27:51,085 [RATISCREATEPIPELINE3] ERROR pipeline.RatisPipelineProvider (RatisPipelineProvider.java:lambda$null$5(237)) - Failed invoke Ratis rpc org.apache.hadoop.hdds.scm.pipeline.RatisPipelineProvider$$Lambda$196/1858172621@369c4c71 for fe8e0d95-22db-4b8a-875e-83bee4d716fb
org.apache.ratis.protocol.TimeoutIOException: deadline exceeded after 2999902738ns
	at org.apache.ratis.grpc.GrpcUtil.tryUnwrapException(GrpcUtil.java:82)
	at org.apache.ratis.grpc.GrpcUtil.unwrapException(GrpcUtil.java:75)
	at org.apache.ratis.grpc.client.GrpcClientProtocolClient.blockingCall(GrpcClientProtocolClient.java:184)
	at org.apache.ratis.grpc.client.GrpcClientProtocolClient.groupAdd(GrpcClientProtocolClient.java:153)
	at org.apache.ratis.grpc.client.GrpcClientRpc.sendRequest(GrpcClientRpc.java:94)
	at org.apache.ratis.client.impl.RaftClientImpl.sendRequest(RaftClientImpl.java:278)
	at org.apache.ratis.client.impl.RaftClientImpl.groupAdd(RaftClientImpl.java:205)
	at org.apache.hadoop.hdds.scm.pipeline.RatisPipelineProvider.lambda$initializePipeline$4(RatisPipelineProvider.java:198)
	at org.apache.hadoop.hdds.scm.pipeline.RatisPipelineProvider.lambda$null$5(RatisPipelineProvider.java:233)
	at java.util.stream.ForEachOps$ForEachOp$OfRef.accept(ForEachOps.java:184)
	at java.util.ArrayList$ArrayListSpliterator.forEachRemaining(ArrayList.java:1382)
	at java.util.stream.AbstractPipeline.copyInto(AbstractPipeline.java:482)
	at java.util.stream.ForEachOps$ForEachTask.compute(ForEachOps.java:291)
	at java.util.concurrent.CountedCompleter.exec(CountedCompleter.java:731)
	at java.util.concurrent.ForkJoinTask.doExec(ForkJoinTask.java:289)
	at java.util.concurrent.ForkJoinTask.doInvoke(ForkJoinTask.java:401)
	at java.util.concurrent.ForkJoinTask.invoke(ForkJoinTask.java:734)
	at java.util.stream.ForEachOps$ForEachOp.evaluateParallel(ForEachOps.java:160)
	at java.util.stream.ForEachOps$ForEachOp$OfRef.evaluateParallel(ForEachOps.java:174)
	at java.util.stream.AbstractPipeline.evaluate(AbstractPipeline.java:233)
	at java.util.stream.ReferencePipeline.forEach(ReferencePipeline.java:418)
	at java.util.stream.ReferencePipeline$Head.forEach(ReferencePipeline.java:583)
	at org.apache.hadoop.hdds.scm.pipeline.RatisPipelineProvider.lambda$callRatisRpc$6(RatisPipelineProvider.java:227)
	at java.util.concurrent.ForkJoinTask$AdaptedRunnableAction.exec(ForkJoinTask.java:1386)
	at java.util.concurrent.ForkJoinTask.doExec(ForkJoinTask.java:289)
	at java.util.concurrent.ForkJoinPool$WorkQueue.runTask(ForkJoinPool.java:1056)
	at java.util.concurrent.ForkJoinPool.runWorker(ForkJoinPool.java:1692)
	at java.util.concurrent.ForkJoinWorkerThread.run(ForkJoinWorkerThread.java:157)
Caused by: org.apache.ratis.thirdparty.io.grpc.StatusRuntimeException: DEADLINE_EXCEEDED: deadline exceeded after 2999902738ns
	at org.apache.ratis.thirdparty.io.grpc.stub.ClientCalls.toStatusRuntimeException(ClientCalls.java:233)
	at org.apache.ratis.thirdparty.io.grpc.stub.ClientCalls.getUnchecked(ClientCalls.java:214)
	at org.apache.ratis.thirdparty.io.grpc.stub.ClientCalls.blockingUnaryCall(ClientCalls.java:139)
	at org.apache.ratis.proto.grpc.AdminProtocolServiceGrpc$AdminProtocolServiceBlockingStub.groupManagement(AdminProtocolServiceGrpc.java:274)
	at org.apache.ratis.grpc.client.GrpcClientProtocolClient.lambda$groupAdd$3(GrpcClientProtocolClient.java:155)
	at org.apache.ratis.grpc.client.GrpcClientProtocolClient.blockingCall(GrpcClientProtocolClient.java:182)
	... 25 more
2019-10-10 01:27:51,088 [RATISCREATEPIPELINE1] ERROR pipeline.RatisPipelineProvider (RatisPipelineProvider.java:lambda$null$5(237)) - Failed invoke Ratis rpc org.apache.hadoop.hdds.scm.pipeline.RatisPipelineProvider$$Lambda$196/1858172621@369c4c71 for 993817e1-c77a-472e-865f-a6e34ffe7967
org.apache.ratis.protocol.TimeoutIOException: deadline exceeded after 2999859622ns
	at org.apache.ratis.grpc.GrpcUtil.tryUnwrapException(GrpcUtil.java:82)
	at org.apache.ratis.grpc.GrpcUtil.unwrapException(GrpcUtil.java:75)
	at org.apache.ratis.grpc.client.GrpcClientProtocolClient.blockingCall(GrpcClientProtocolClient.java:184)
	at org.apache.ratis.grpc.client.GrpcClientProtocolClient.groupAdd(GrpcClientProtocolClient.java:153)
	at org.apache.ratis.grpc.client.GrpcClientRpc.sendRequest(GrpcClientRpc.java:94)
	at org.apache.ratis.client.impl.RaftClientImpl.sendRequest(RaftClientImpl.java:278)
	at org.apache.ratis.client.impl.RaftClientImpl.groupAdd(RaftClientImpl.java:205)
	at org.apache.hadoop.hdds.scm.pipeline.RatisPipelineProvider.lambda$initializePipeline$4(RatisPipelineProvider.java:198)
	at org.apache.hadoop.hdds.scm.pipeline.RatisPipelineProvider.lambda$null$5(RatisPipelineProvider.java:233)
	at java.util.stream.ForEachOps$ForEachOp$OfRef.accept(ForEachOps.java:184)
	at java.util.ArrayList$ArrayListSpliterator.forEachRemaining(ArrayList.java:1382)
	at java.util.stream.AbstractPipeline.copyInto(AbstractPipeline.java:482)
	at java.util.stream.ForEachOps$ForEachTask.compute(ForEachOps.java:291)
	at java.util.concurrent.CountedCompleter.exec(CountedCompleter.java:731)
	at java.util.concurrent.ForkJoinTask.doExec(ForkJoinTask.java:289)
	at java.util.concurrent.ForkJoinPool$WorkQueue.runTask(ForkJoinPool.java:1056)
	at java.util.concurrent.ForkJoinPool.runWorker(ForkJoinPool.java:1692)
	at java.util.concurrent.ForkJoinWorkerThread.run(ForkJoinWorkerThread.java:157)
Caused by: org.apache.ratis.thirdparty.io.grpc.StatusRuntimeException: DEADLINE_EXCEEDED: deadline exceeded after 2999859622ns
	at org.apache.ratis.thirdparty.io.grpc.stub.ClientCalls.toStatusRuntimeException(ClientCalls.java:233)
	at org.apache.ratis.thirdparty.io.grpc.stub.ClientCalls.getUnchecked(ClientCalls.java:214)
	at org.apache.ratis.thirdparty.io.grpc.stub.ClientCalls.blockingUnaryCall(ClientCalls.java:139)
	at org.apache.ratis.proto.grpc.AdminProtocolServiceGrpc$AdminProtocolServiceBlockingStub.groupManagement(AdminProtocolServiceGrpc.java:274)
	at org.apache.ratis.grpc.client.GrpcClientProtocolClient.lambda$groupAdd$3(GrpcClientProtocolClient.java:155)
	at org.apache.ratis.grpc.client.GrpcClientProtocolClient.blockingCall(GrpcClientProtocolClient.java:182)
	... 15 more
2019-10-10 01:27:51,085 [RATISCREATEPIPELINE0] ERROR pipeline.RatisPipelineProvider (RatisPipelineProvider.java:lambda$null$5(237)) - Failed invoke Ratis rpc org.apache.hadoop.hdds.scm.pipeline.RatisPipelineProvider$$Lambda$196/1858172621@369c4c71 for 4b92f2f8-e489-47a4-a90a-1d3fa2a9a07f
org.apache.ratis.protocol.TimeoutIOException: deadline exceeded after 2999852347ns
	at org.apache.ratis.grpc.GrpcUtil.tryUnwrapException(GrpcUtil.java:82)
	at org.apache.ratis.grpc.GrpcUtil.unwrapException(GrpcUtil.java:75)
	at org.apache.ratis.grpc.client.GrpcClientProtocolClient.blockingCall(GrpcClientProtocolClient.java:184)
	at org.apache.ratis.grpc.client.GrpcClientProtocolClient.groupAdd(GrpcClientProtocolClient.java:153)
	at org.apache.ratis.grpc.client.GrpcClientRpc.sendRequest(GrpcClientRpc.java:94)
	at org.apache.ratis.client.impl.RaftClientImpl.sendRequest(RaftClientImpl.java:278)
	at org.apache.ratis.client.impl.RaftClientImpl.groupAdd(RaftClientImpl.java:205)
	at org.apache.hadoop.hdds.scm.pipeline.RatisPipelineProvider.lambda$initializePipeline$4(RatisPipelineProvider.java:198)
	at org.apache.hadoop.hdds.scm.pipeline.RatisPipelineProvider.lambda$null$5(RatisPipelineProvider.java:233)
	at java.util.stream.ForEachOps$ForEachOp$OfRef.accept(ForEachOps.java:184)
	at java.util.ArrayList$ArrayListSpliterator.forEachRemaining(ArrayList.java:1382)
	at java.util.stream.AbstractPipeline.copyInto(AbstractPipeline.java:482)
	at java.util.stream.ForEachOps$ForEachTask.compute(ForEachOps.java:291)
	at java.util.concurrent.CountedCompleter.exec(CountedCompleter.java:731)
	at java.util.concurrent.ForkJoinTask.doExec(ForkJoinTask.java:289)
	at java.util.concurrent.ForkJoinPool$WorkQueue.runTask(ForkJoinPool.java:1056)
	at java.util.concurrent.ForkJoinPool.runWorker(ForkJoinPool.java:1692)
	at java.util.concurrent.ForkJoinWorkerThread.run(ForkJoinWorkerThread.java:157)
Caused by: org.apache.ratis.thirdparty.io.grpc.StatusRuntimeException: DEADLINE_EXCEEDED: deadline exceeded after 2999852347ns
	at org.apache.ratis.thirdparty.io.grpc.stub.ClientCalls.toStatusRuntimeException(ClientCalls.java:233)
	at org.apache.ratis.thirdparty.io.grpc.stub.ClientCalls.getUnchecked(ClientCalls.java:214)
	at org.apache.ratis.thirdparty.io.grpc.stub.ClientCalls.blockingUnaryCall(ClientCalls.java:139)
	at org.apache.ratis.proto.grpc.AdminProtocolServiceGrpc$AdminProtocolServiceBlockingStub.groupManagement(AdminProtocolServiceGrpc.java:274)
	at org.apache.ratis.grpc.client.GrpcClientProtocolClient.lambda$groupAdd$3(GrpcClientProtocolClient.java:155)
	at org.apache.ratis.grpc.client.GrpcClientProtocolClient.blockingCall(GrpcClientProtocolClient.java:182)
	... 15 more
2019-10-10 01:27:51,091 [IPC Server handler 7 on 36956] WARN  block.BlockManagerImpl (BlockManagerImpl.java:allocateBlock(194)) - Pipeline creation failed for type:RATIS factor:THREE. Retrying get pipelines call once.
org.apache.hadoop.io.MultipleIOException: 3 exceptions [java.io.IOException: Failed invoke Ratis rpc org.apache.hadoop.hdds.scm.pipeline.RatisPipelineProvider$$Lambda$196/1858172621@369c4c71 for fe8e0d95-22db-4b8a-875e-83bee4d716fb, java.io.IOException: Failed invoke Ratis rpc org.apache.hadoop.hdds.scm.pipeline.RatisPipelineProvider$$Lambda$196/1858172621@369c4c71 for 993817e1-c77a-472e-865f-a6e34ffe7967, java.io.IOException: Failed invoke Ratis rpc org.apache.hadoop.hdds.scm.pipeline.RatisPipelineProvider$$Lambda$196/1858172621@369c4c71 for 4b92f2f8-e489-47a4-a90a-1d3fa2a9a07f]
	at org.apache.hadoop.io.MultipleIOException.createIOException(MultipleIOException.java:53)
	at org.apache.hadoop.hdds.scm.pipeline.RatisPipelineProvider.callRatisRpc(RatisPipelineProvider.java:253)
	at org.apache.hadoop.hdds.scm.pipeline.RatisPipelineProvider.initializePipeline(RatisPipelineProvider.java:196)
	at org.apache.hadoop.hdds.scm.pipeline.RatisPipelineProvider.create(RatisPipelineProvider.java:163)
	at org.apache.hadoop.hdds.scm.pipeline.PipelineFactory.create(PipelineFactory.java:58)
	at org.apache.hadoop.hdds.scm.pipeline.SCMPipelineManager.createPipeline(SCMPipelineManager.java:155)
	at org.apache.hadoop.hdds.scm.block.BlockManagerImpl.allocateBlock(BlockManagerImpl.java:192)
	at org.apache.hadoop.hdds.scm.server.SCMBlockProtocolServer.allocateBlock(SCMBlockProtocolServer.java:182)
	at org.apache.hadoop.hdds.scm.protocol.ScmBlockLocationProtocolServerSideTranslatorPB.allocateScmBlock(ScmBlockLocationProtocolServerSideTranslatorPB.java:159)
	at org.apache.hadoop.hdds.scm.protocol.ScmBlockLocationProtocolServerSideTranslatorPB.processMessage(ScmBlockLocationProtocolServerSideTranslatorPB.java:117)
	at org.apache.hadoop.hdds.server.OzoneProtocolMessageDispatcher.processRequest(OzoneProtocolMessageDispatcher.java:72)
	at org.apache.hadoop.hdds.scm.protocol.ScmBlockLocationProtocolServerSideTranslatorPB.send(ScmBlockLocationProtocolServerSideTranslatorPB.java:98)
	at org.apache.hadoop.hdds.protocol.proto.ScmBlockLocationProtocolProtos$ScmBlockLocationProtocolService$2.callBlockingMethod(ScmBlockLocationProtocolProtos.java:13157)
	at org.apache.hadoop.ipc.ProtobufRpcEngine$Server$ProtoBufRpcInvoker.call(ProtobufRpcEngine.java:524)
	at org.apache.hadoop.ipc.RPC$Server.call(RPC.java:1025)
	at org.apache.hadoop.ipc.Server$RpcCall.run(Server.java:876)
	at org.apache.hadoop.ipc.Server$RpcCall.run(Server.java:822)
	at java.security.AccessController.doPrivileged(Native Method)
	at javax.security.auth.Subject.doAs(Subject.java:422)
	at org.apache.hadoop.security.UserGroupInformation.doAs(UserGroupInformation.java:1730)
	at org.apache.hadoop.ipc.Server$Handler.run(Server.java:2682)
2019-10-10 01:27:51,092 [IPC Server handler 7 on 36956] INFO  block.BlockManagerImpl (BlockManagerImpl.java:allocateBlock(200)) - Could not find available pipeline of type:RATIS and factor:THREE even after retrying
2019-10-10 01:27:51,092 [IPC Server handler 7 on 36956] ERROR block.BlockManagerImpl (BlockManagerImpl.java:allocateBlock(224)) - Unable to allocate a block for the size: 4194304, type: RATIS, factor: THREE
2019-10-10 01:27:51,106 [grpc-default-executor-32] INFO  impl.RaftServerProxy (RaftServerProxy.java:addNew(89)) - 993817e1-c77a-472e-865f-a6e34ffe7967: addNew group-7EDF480158D1:[4b92f2f8-e489-47a4-a90a-1d3fa2a9a07f:192.168.151.118:35849, 993817e1-c77a-472e-865f-a6e34ffe7967:192.168.151.118:41261, fe8e0d95-22db-4b8a-875e-83bee4d716fb:192.168.151.118:34352] returns group-7EDF480158D1:java.util.concurrent.CompletableFuture@3b478a49[Not completed]
2019-10-10 01:27:51,106 [grpc-default-executor-30] INFO  impl.RaftServerProxy (RaftServerProxy.java:addNew(89)) - fe8e0d95-22db-4b8a-875e-83bee4d716fb: addNew group-7EDF480158D1:[4b92f2f8-e489-47a4-a90a-1d3fa2a9a07f:192.168.151.118:35849, 993817e1-c77a-472e-865f-a6e34ffe7967:192.168.151.118:41261, fe8e0d95-22db-4b8a-875e-83bee4d716fb:192.168.151.118:34352] returns group-7EDF480158D1:java.util.concurrent.CompletableFuture@651c5d72[Not completed]
2019-10-10 01:27:51,106 [grpc-default-executor-25] INFO  impl.RaftServerProxy (RaftServerProxy.java:addNew(89)) - 4b92f2f8-e489-47a4-a90a-1d3fa2a9a07f: addNew group-7EDF480158D1:[4b92f2f8-e489-47a4-a90a-1d3fa2a9a07f:192.168.151.118:35849, 993817e1-c77a-472e-865f-a6e34ffe7967:192.168.151.118:41261, fe8e0d95-22db-4b8a-875e-83bee4d716fb:192.168.151.118:34352] returns group-7EDF480158D1:java.util.concurrent.CompletableFuture@5e498dfe[Not completed]
 0.00% |█                                                                                                    |  0/1 Time: 0:00:07 0.00% |█                                                                                                    |  0/1 Time: 0:00:08 0.00% |█                                                                                                    |  0/1 Time: 0:00:092019-10-10 01:27:54,105 [RATISCREATEPIPELINE3] ERROR pipeline.RatisPipelineProvider (RatisPipelineProvider.java:lambda$null$5(237)) - Failed invoke Ratis rpc org.apache.hadoop.hdds.scm.pipeline.RatisPipelineProvider$$Lambda$196/1858172621@1fd57ac0 for fe8e0d95-22db-4b8a-875e-83bee4d716fb
org.apache.ratis.protocol.TimeoutIOException: deadline exceeded after 2999882100ns
	at org.apache.ratis.grpc.GrpcUtil.tryUnwrapException(GrpcUtil.java:82)
	at org.apache.ratis.grpc.GrpcUtil.unwrapException(GrpcUtil.java:75)
	at org.apache.ratis.grpc.client.GrpcClientProtocolClient.blockingCall(GrpcClientProtocolClient.java:184)
	at org.apache.ratis.grpc.client.GrpcClientProtocolClient.groupAdd(GrpcClientProtocolClient.java:153)
	at org.apache.ratis.grpc.client.GrpcClientRpc.sendRequest(GrpcClientRpc.java:94)
	at org.apache.ratis.client.impl.RaftClientImpl.sendRequest(RaftClientImpl.java:278)
	at org.apache.ratis.client.impl.RaftClientImpl.groupAdd(RaftClientImpl.java:205)
	at org.apache.hadoop.hdds.scm.pipeline.RatisPipelineProvider.lambda$initializePipeline$4(RatisPipelineProvider.java:198)
	at org.apache.hadoop.hdds.scm.pipeline.RatisPipelineProvider.lambda$null$5(RatisPipelineProvider.java:233)
	at java.util.stream.ForEachOps$ForEachOp$OfRef.accept(ForEachOps.java:184)
	at java.util.ArrayList$ArrayListSpliterator.forEachRemaining(ArrayList.java:1382)
	at java.util.stream.AbstractPipeline.copyInto(AbstractPipeline.java:482)
	at java.util.stream.ForEachOps$ForEachTask.compute(ForEachOps.java:291)
	at java.util.concurrent.CountedCompleter.exec(CountedCompleter.java:731)
	at java.util.concurrent.ForkJoinTask.doExec(ForkJoinTask.java:289)
	at java.util.concurrent.ForkJoinTask.doInvoke(ForkJoinTask.java:401)
	at java.util.concurrent.ForkJoinTask.invoke(ForkJoinTask.java:734)
	at java.util.stream.ForEachOps$ForEachOp.evaluateParallel(ForEachOps.java:160)
	at java.util.stream.ForEachOps$ForEachOp$OfRef.evaluateParallel(ForEachOps.java:174)
	at java.util.stream.AbstractPipeline.evaluate(AbstractPipeline.java:233)
	at java.util.stream.ReferencePipeline.forEach(ReferencePipeline.java:418)
	at java.util.stream.ReferencePipeline$Head.forEach(ReferencePipeline.java:583)
	at org.apache.hadoop.hdds.scm.pipeline.RatisPipelineProvider.lambda$callRatisRpc$6(RatisPipelineProvider.java:227)
	at java.util.concurrent.ForkJoinTask$AdaptedRunnableAction.exec(ForkJoinTask.java:1386)
	at java.util.concurrent.ForkJoinTask.doExec(ForkJoinTask.java:289)
	at java.util.concurrent.ForkJoinPool$WorkQueue.runTask(ForkJoinPool.java:1056)
	at java.util.concurrent.ForkJoinPool.runWorker(ForkJoinPool.java:1692)
	at java.util.concurrent.ForkJoinWorkerThread.run(ForkJoinWorkerThread.java:157)
Caused by: org.apache.ratis.thirdparty.io.grpc.StatusRuntimeException: DEADLINE_EXCEEDED: deadline exceeded after 2999882100ns
	at org.apache.ratis.thirdparty.io.grpc.stub.ClientCalls.toStatusRuntimeException(ClientCalls.java:233)
	at org.apache.ratis.thirdparty.io.grpc.stub.ClientCalls.getUnchecked(ClientCalls.java:214)
	at org.apache.ratis.thirdparty.io.grpc.stub.ClientCalls.blockingUnaryCall(ClientCalls.java:139)
	at org.apache.ratis.proto.grpc.AdminProtocolServiceGrpc$AdminProtocolServiceBlockingStub.groupManagement(AdminProtocolServiceGrpc.java:274)
	at org.apache.ratis.grpc.client.GrpcClientProtocolClient.lambda$groupAdd$3(GrpcClientProtocolClient.java:155)
	at org.apache.ratis.grpc.client.GrpcClientProtocolClient.blockingCall(GrpcClientProtocolClient.java:182)
	... 25 more
2019-10-10 01:27:54,106 [RATISCREATEPIPELINE1] ERROR pipeline.RatisPipelineProvider (RatisPipelineProvider.java:lambda$null$5(237)) - Failed invoke Ratis rpc org.apache.hadoop.hdds.scm.pipeline.RatisPipelineProvider$$Lambda$196/1858172621@1fd57ac0 for 993817e1-c77a-472e-865f-a6e34ffe7967
org.apache.ratis.protocol.TimeoutIOException: deadline exceeded after 2999875579ns
	at org.apache.ratis.grpc.GrpcUtil.tryUnwrapException(GrpcUtil.java:82)
	at org.apache.ratis.grpc.GrpcUtil.unwrapException(GrpcUtil.java:75)
	at org.apache.ratis.grpc.client.GrpcClientProtocolClient.blockingCall(GrpcClientProtocolClient.java:184)
	at org.apache.ratis.grpc.client.GrpcClientProtocolClient.groupAdd(GrpcClientProtocolClient.java:153)
	at org.apache.ratis.grpc.client.GrpcClientRpc.sendRequest(GrpcClientRpc.java:94)
	at org.apache.ratis.client.impl.RaftClientImpl.sendRequest(RaftClientImpl.java:278)
	at org.apache.ratis.client.impl.RaftClientImpl.groupAdd(RaftClientImpl.java:205)
	at org.apache.hadoop.hdds.scm.pipeline.RatisPipelineProvider.lambda$initializePipeline$4(RatisPipelineProvider.java:198)
	at org.apache.hadoop.hdds.scm.pipeline.RatisPipelineProvider.lambda$null$5(RatisPipelineProvider.java:233)
	at java.util.stream.ForEachOps$ForEachOp$OfRef.accept(ForEachOps.java:184)
	at java.util.ArrayList$ArrayListSpliterator.forEachRemaining(ArrayList.java:1382)
	at java.util.stream.AbstractPipeline.copyInto(AbstractPipeline.java:482)
	at java.util.stream.ForEachOps$ForEachTask.compute(ForEachOps.java:291)
	at java.util.concurrent.CountedCompleter.exec(CountedCompleter.java:731)
	at java.util.concurrent.ForkJoinTask.doExec(ForkJoinTask.java:289)
	at java.util.concurrent.ForkJoinPool$WorkQueue.runTask(ForkJoinPool.java:1056)
	at java.util.concurrent.ForkJoinPool.runWorker(ForkJoinPool.java:1692)
	at java.util.concurrent.ForkJoinWorkerThread.run(ForkJoinWorkerThread.java:157)
Caused by: org.apache.ratis.thirdparty.io.grpc.StatusRuntimeException: DEADLINE_EXCEEDED: deadline exceeded after 2999875579ns
	at org.apache.ratis.thirdparty.io.grpc.stub.ClientCalls.toStatusRuntimeException(ClientCalls.java:233)
	at org.apache.ratis.thirdparty.io.grpc.stub.ClientCalls.getUnchecked(ClientCalls.java:214)
	at org.apache.ratis.thirdparty.io.grpc.stub.ClientCalls.blockingUnaryCall(ClientCalls.java:139)
	at org.apache.ratis.proto.grpc.AdminProtocolServiceGrpc$AdminProtocolServiceBlockingStub.groupManagement(AdminProtocolServiceGrpc.java:274)
	at org.apache.ratis.grpc.client.GrpcClientProtocolClient.lambda$groupAdd$3(GrpcClientProtocolClient.java:155)
	at org.apache.ratis.grpc.client.GrpcClientProtocolClient.blockingCall(GrpcClientProtocolClient.java:182)
	... 15 more
2019-10-10 01:27:54,105 [RATISCREATEPIPELINE0] ERROR pipeline.RatisPipelineProvider (RatisPipelineProvider.java:lambda$null$5(237)) - Failed invoke Ratis rpc org.apache.hadoop.hdds.scm.pipeline.RatisPipelineProvider$$Lambda$196/1858172621@1fd57ac0 for 4b92f2f8-e489-47a4-a90a-1d3fa2a9a07f
org.apache.ratis.protocol.TimeoutIOException: deadline exceeded after 2999855392ns
	at org.apache.ratis.grpc.GrpcUtil.tryUnwrapException(GrpcUtil.java:82)
	at org.apache.ratis.grpc.GrpcUtil.unwrapException(GrpcUtil.java:75)
	at org.apache.ratis.grpc.client.GrpcClientProtocolClient.blockingCall(GrpcClientProtocolClient.java:184)
	at org.apache.ratis.grpc.client.GrpcClientProtocolClient.groupAdd(GrpcClientProtocolClient.java:153)
	at org.apache.ratis.grpc.client.GrpcClientRpc.sendRequest(GrpcClientRpc.java:94)
	at org.apache.ratis.client.impl.RaftClientImpl.sendRequest(RaftClientImpl.java:278)
	at org.apache.ratis.client.impl.RaftClientImpl.groupAdd(RaftClientImpl.java:205)
	at org.apache.hadoop.hdds.scm.pipeline.RatisPipelineProvider.lambda$initializePipeline$4(RatisPipelineProvider.java:198)
	at org.apache.hadoop.hdds.scm.pipeline.RatisPipelineProvider.lambda$null$5(RatisPipelineProvider.java:233)
	at java.util.stream.ForEachOps$ForEachOp$OfRef.accept(ForEachOps.java:184)
	at java.util.ArrayList$ArrayListSpliterator.forEachRemaining(ArrayList.java:1382)
	at java.util.stream.AbstractPipeline.copyInto(AbstractPipeline.java:482)
	at java.util.stream.ForEachOps$ForEachTask.compute(ForEachOps.java:291)
	at java.util.concurrent.CountedCompleter.exec(CountedCompleter.java:731)
	at java.util.concurrent.ForkJoinTask.doExec(ForkJoinTask.java:289)
	at java.util.concurrent.ForkJoinPool$WorkQueue.runTask(ForkJoinPool.java:1056)
	at java.util.concurrent.ForkJoinPool.runWorker(ForkJoinPool.java:1692)
	at java.util.concurrent.ForkJoinWorkerThread.run(ForkJoinWorkerThread.java:157)
Caused by: org.apache.ratis.thirdparty.io.grpc.StatusRuntimeException: DEADLINE_EXCEEDED: deadline exceeded after 2999855392ns
	at org.apache.ratis.thirdparty.io.grpc.stub.ClientCalls.toStatusRuntimeException(ClientCalls.java:233)
	at org.apache.ratis.thirdparty.io.grpc.stub.ClientCalls.getUnchecked(ClientCalls.java:214)
	at org.apache.ratis.thirdparty.io.grpc.stub.ClientCalls.blockingUnaryCall(ClientCalls.java:139)
	at org.apache.ratis.proto.grpc.AdminProtocolServiceGrpc$AdminProtocolServiceBlockingStub.groupManagement(AdminProtocolServiceGrpc.java:274)
	at org.apache.ratis.grpc.client.GrpcClientProtocolClient.lambda$groupAdd$3(GrpcClientProtocolClient.java:155)
	at org.apache.ratis.grpc.client.GrpcClientProtocolClient.blockingCall(GrpcClientProtocolClient.java:182)
	... 15 more
2019-10-10 01:27:54,110 [IPC Server handler 7 on 36956] WARN  block.BlockManagerImpl (BlockManagerImpl.java:allocateBlock(194)) - Pipeline creation failed for type:RATIS factor:THREE. Retrying get pipelines call once.
org.apache.hadoop.io.MultipleIOException: 3 exceptions [java.io.IOException: Failed invoke Ratis rpc org.apache.hadoop.hdds.scm.pipeline.RatisPipelineProvider$$Lambda$196/1858172621@1fd57ac0 for fe8e0d95-22db-4b8a-875e-83bee4d716fb, java.io.IOException: Failed invoke Ratis rpc org.apache.hadoop.hdds.scm.pipeline.RatisPipelineProvider$$Lambda$196/1858172621@1fd57ac0 for 993817e1-c77a-472e-865f-a6e34ffe7967, java.io.IOException: Failed invoke Ratis rpc org.apache.hadoop.hdds.scm.pipeline.RatisPipelineProvider$$Lambda$196/1858172621@1fd57ac0 for 4b92f2f8-e489-47a4-a90a-1d3fa2a9a07f]
	at org.apache.hadoop.io.MultipleIOException.createIOException(MultipleIOException.java:53)
	at org.apache.hadoop.hdds.scm.pipeline.RatisPipelineProvider.callRatisRpc(RatisPipelineProvider.java:253)
	at org.apache.hadoop.hdds.scm.pipeline.RatisPipelineProvider.initializePipeline(RatisPipelineProvider.java:196)
	at org.apache.hadoop.hdds.scm.pipeline.RatisPipelineProvider.create(RatisPipelineProvider.java:163)
	at org.apache.hadoop.hdds.scm.pipeline.PipelineFactory.create(PipelineFactory.java:58)
	at org.apache.hadoop.hdds.scm.pipeline.SCMPipelineManager.createPipeline(SCMPipelineManager.java:155)
	at org.apache.hadoop.hdds.scm.block.BlockManagerImpl.allocateBlock(BlockManagerImpl.java:192)
	at org.apache.hadoop.hdds.scm.server.SCMBlockProtocolServer.allocateBlock(SCMBlockProtocolServer.java:182)
	at org.apache.hadoop.hdds.scm.protocol.ScmBlockLocationProtocolServerSideTranslatorPB.allocateScmBlock(ScmBlockLocationProtocolServerSideTranslatorPB.java:159)
	at org.apache.hadoop.hdds.scm.protocol.ScmBlockLocationProtocolServerSideTranslatorPB.processMessage(ScmBlockLocationProtocolServerSideTranslatorPB.java:117)
	at org.apache.hadoop.hdds.server.OzoneProtocolMessageDispatcher.processRequest(OzoneProtocolMessageDispatcher.java:72)
	at org.apache.hadoop.hdds.scm.protocol.ScmBlockLocationProtocolServerSideTranslatorPB.send(ScmBlockLocationProtocolServerSideTranslatorPB.java:98)
	at org.apache.hadoop.hdds.protocol.proto.ScmBlockLocationProtocolProtos$ScmBlockLocationProtocolService$2.callBlockingMethod(ScmBlockLocationProtocolProtos.java:13157)
	at org.apache.hadoop.ipc.ProtobufRpcEngine$Server$ProtoBufRpcInvoker.call(ProtobufRpcEngine.java:524)
	at org.apache.hadoop.ipc.RPC$Server.call(RPC.java:1025)
	at org.apache.hadoop.ipc.Server$RpcCall.run(Server.java:876)
	at org.apache.hadoop.ipc.Server$RpcCall.run(Server.java:822)
	at java.security.AccessController.doPrivileged(Native Method)
	at javax.security.auth.Subject.doAs(Subject.java:422)
	at org.apache.hadoop.security.UserGroupInformation.doAs(UserGroupInformation.java:1730)
	at org.apache.hadoop.ipc.Server$Handler.run(Server.java:2682)
2019-10-10 01:27:54,110 [IPC Server handler 7 on 36956] INFO  block.BlockManagerImpl (BlockManagerImpl.java:allocateBlock(200)) - Could not find available pipeline of type:RATIS and factor:THREE even after retrying
2019-10-10 01:27:54,110 [IPC Server handler 7 on 36956] ERROR block.BlockManagerImpl (BlockManagerImpl.java:allocateBlock(224)) - Unable to allocate a block for the size: 4194304, type: RATIS, factor: THREE
2019-10-10 01:27:54,121 [grpc-default-executor-30] INFO  impl.RaftServerProxy (RaftServerProxy.java:addNew(89)) - 4b92f2f8-e489-47a4-a90a-1d3fa2a9a07f: addNew group-FD16B9976704:[4b92f2f8-e489-47a4-a90a-1d3fa2a9a07f:192.168.151.118:35849, 993817e1-c77a-472e-865f-a6e34ffe7967:192.168.151.118:41261, fe8e0d95-22db-4b8a-875e-83bee4d716fb:192.168.151.118:34352] returns group-FD16B9976704:java.util.concurrent.CompletableFuture@54335b26[Not completed]
2019-10-10 01:27:54,121 [grpc-default-executor-32] INFO  impl.RaftServerProxy (RaftServerProxy.java:addNew(89)) - fe8e0d95-22db-4b8a-875e-83bee4d716fb: addNew group-FD16B9976704:[4b92f2f8-e489-47a4-a90a-1d3fa2a9a07f:192.168.151.118:35849, 993817e1-c77a-472e-865f-a6e34ffe7967:192.168.151.118:41261, fe8e0d95-22db-4b8a-875e-83bee4d716fb:192.168.151.118:34352] returns group-FD16B9976704:java.util.concurrent.CompletableFuture@54ea67cf[Not completed]
2019-10-10 01:27:54,121 [grpc-default-executor-25] INFO  impl.RaftServerProxy (RaftServerProxy.java:addNew(89)) - 993817e1-c77a-472e-865f-a6e34ffe7967: addNew group-FD16B9976704:[4b92f2f8-e489-47a4-a90a-1d3fa2a9a07f:192.168.151.118:35849, 993817e1-c77a-472e-865f-a6e34ffe7967:192.168.151.118:41261, fe8e0d95-22db-4b8a-875e-83bee4d716fb:192.168.151.118:34352] returns group-FD16B9976704:java.util.concurrent.CompletableFuture@3f01f72[Not completed]
2019-10-10 01:27:54,744 [grpc-default-executor-17] INFO  interfaces.Container (KeyValueContainer.java:flushAndSyncDB(386)) - Container 12 is synced with bcsId 0.
 0.00% |█                                                                                                    |  0/1 Time: 0:00:102019-10-10 01:27:55,139 [pool-47-thread-1] INFO  storage.RaftStorage (RaftStorage.java:format(84)) - Storage directory /workdir/hadoop-ozone/tools/target/test-dir/MiniOzoneClusterImpl-1e8b0e80-279c-49c4-ae13-42ed318b6149/datanode-2/data/ratis/aa05c754-a88a-4742-af73-45cf1becfe29 has been successfully formatted.
2019-10-10 01:27:55,139 [pool-67-thread-1] INFO  storage.RaftStorage (RaftStorage.java:format(84)) - Storage directory /workdir/hadoop-ozone/tools/target/test-dir/MiniOzoneClusterImpl-1e8b0e80-279c-49c4-ae13-42ed318b6149/datanode-4/data/ratis/aa05c754-a88a-4742-af73-45cf1becfe29 has been successfully formatted.
2019-10-10 01:27:55,139 [pool-27-thread-1] INFO  storage.RaftStorage (RaftStorage.java:format(84)) - Storage directory /workdir/hadoop-ozone/tools/target/test-dir/MiniOzoneClusterImpl-1e8b0e80-279c-49c4-ae13-42ed318b6149/datanode-0/data/ratis/aa05c754-a88a-4742-af73-45cf1becfe29 has been successfully formatted.
2019-10-10 01:27:55,139 [pool-47-thread-1] INFO  ratis.ContainerStateMachine (ContainerStateMachine.java:loadSnapshot(231)) - group-45CF1BECFE29: The snapshot info is null. Setting the last applied indexto:(t:0, i:~)
2019-10-10 01:27:55,139 [pool-27-thread-1] INFO  ratis.ContainerStateMachine (ContainerStateMachine.java:loadSnapshot(231)) - group-45CF1BECFE29: The snapshot info is null. Setting the last applied indexto:(t:0, i:~)
2019-10-10 01:27:55,139 [pool-67-thread-1] INFO  ratis.ContainerStateMachine (ContainerStateMachine.java:loadSnapshot(231)) - group-45CF1BECFE29: The snapshot info is null. Setting the last applied indexto:(t:0, i:~)
2019-10-10 01:27:55,139 [pool-27-thread-1] INFO  server.RaftServerConfigKeys (ConfUtils.java:logGet(43)) - raft.server.notification.no-leader.timeout = 120s (custom)
2019-10-10 01:27:55,139 [pool-47-thread-1] INFO  server.RaftServerConfigKeys (ConfUtils.java:logGet(43)) - raft.server.notification.no-leader.timeout = 120s (custom)
2019-10-10 01:27:55,140 [pool-27-thread-1] INFO  server.RaftServerConfigKeys (ConfUtils.java:logGet(43)) - raft.server.log.use.memory = false (default)
2019-10-10 01:27:55,140 [pool-67-thread-1] INFO  server.RaftServerConfigKeys (ConfUtils.java:logGet(43)) - raft.server.notification.no-leader.timeout = 120s (custom)
2019-10-10 01:27:55,140 [pool-27-thread-1] INFO  server.RaftServerConfigKeys (ConfUtils.java:logGet(43)) - raft.server.log.purge.gap = 1000000 (custom)
2019-10-10 01:27:55,140 [pool-47-thread-1] INFO  server.RaftServerConfigKeys (ConfUtils.java:logGet(43)) - raft.server.log.use.memory = false (default)
2019-10-10 01:27:55,140 [pool-27-thread-1] INFO  server.RaftServerConfigKeys (ConfUtils.java:logGet(43)) - raft.server.log.appender.buffer.byte-limit = 33554432 (custom)
2019-10-10 01:27:55,140 [pool-67-thread-1] INFO  server.RaftServerConfigKeys (ConfUtils.java:logGet(43)) - raft.server.log.use.memory = false (default)
2019-10-10 01:27:55,140 [pool-27-thread-1] INFO  server.RaftServerConfigKeys (ConfUtils.java:logGet(43)) - raft.server.log.segment.size.max = 1048576 (custom)
2019-10-10 01:27:55,140 [pool-47-thread-1] INFO  server.RaftServerConfigKeys (ConfUtils.java:logGet(43)) - raft.server.log.purge.gap = 1000000 (custom)
2019-10-10 01:27:55,141 [pool-27-thread-1] INFO  server.RaftServerConfigKeys (ConfUtils.java:logGet(43)) - raft.server.log.segment.cache.num.max = 2 (custom)
2019-10-10 01:27:55,141 [pool-67-thread-1] INFO  server.RaftServerConfigKeys (ConfUtils.java:logGet(43)) - raft.server.log.purge.gap = 1000000 (custom)
2019-10-10 01:27:55,141 [pool-27-thread-1] INFO  segmented.SegmentedRaftLogWorker (SegmentedRaftLogWorker.java:<init>(173)) - new 993817e1-c77a-472e-865f-a6e34ffe7967@group-45CF1BECFE29-SegmentedRaftLogWorker for RaftStorage:Storage Directory /workdir/hadoop-ozone/tools/target/test-dir/MiniOzoneClusterImpl-1e8b0e80-279c-49c4-ae13-42ed318b6149/datanode-0/data/ratis/aa05c754-a88a-4742-af73-45cf1becfe29
2019-10-10 01:27:55,141 [pool-47-thread-1] INFO  server.RaftServerConfigKeys (ConfUtils.java:logGet(43)) - raft.server.log.appender.buffer.byte-limit = 33554432 (custom)
2019-10-10 01:27:55,141 [pool-27-thread-1] INFO  server.RaftServerConfigKeys (ConfUtils.java:logGet(43)) - raft.server.log.queue.byte-limit = 2147483647 (custom)
2019-10-10 01:27:55,141 [pool-67-thread-1] INFO  server.RaftServerConfigKeys (ConfUtils.java:logGet(43)) - raft.server.log.appender.buffer.byte-limit = 33554432 (custom)
2019-10-10 01:27:55,142 [pool-27-thread-1] INFO  server.RaftServerConfigKeys (ConfUtils.java:logGet(43)) - raft.server.log.queue.element-limit = 1024 (custom)
2019-10-10 01:27:55,141 [pool-47-thread-1] INFO  server.RaftServerConfigKeys (ConfUtils.java:logGet(43)) - raft.server.log.segment.size.max = 1048576 (custom)
2019-10-10 01:27:55,142 [pool-27-thread-1] INFO  server.RaftServerConfigKeys (ConfUtils.java:logGet(43)) - raft.server.log.segment.size.max = 1048576 (custom)
2019-10-10 01:27:55,142 [pool-27-thread-1] INFO  server.RaftServerConfigKeys (ConfUtils.java:logGet(43)) - raft.server.log.preallocated.size = 16384 (custom)
2019-10-10 01:27:55,142 [pool-67-thread-1] INFO  server.RaftServerConfigKeys (ConfUtils.java:logGet(43)) - raft.server.log.segment.size.max = 1048576 (custom)
2019-10-10 01:27:55,142 [pool-27-thread-1] INFO  server.RaftServerConfigKeys (ConfUtils.java:logGet(43)) - raft.server.log.write.buffer.size = 33554432 (custom)
2019-10-10 01:27:55,142 [pool-27-thread-1] INFO  server.RaftServerConfigKeys (ConfUtils.java:logGet(43)) - raft.server.log.force.sync.num = 128 (default)
2019-10-10 01:27:55,142 [pool-47-thread-1] INFO  server.RaftServerConfigKeys (ConfUtils.java:logGet(43)) - raft.server.log.segment.cache.num.max = 2 (custom)
2019-10-10 01:27:55,143 [pool-27-thread-1] INFO  server.RaftServerConfigKeys (ConfUtils.java:logGet(43)) - raft.server.log.statemachine.data.sync = true (default)
2019-10-10 01:27:55,142 [pool-67-thread-1] INFO  server.RaftServerConfigKeys (ConfUtils.java:logGet(43)) - raft.server.log.segment.cache.num.max = 2 (custom)
2019-10-10 01:27:55,143 [pool-27-thread-1] INFO  server.RaftServerConfigKeys (ConfUtils.java:logGet(43)) - raft.server.log.statemachine.data.sync.timeout = 10s (default)
2019-10-10 01:27:55,143 [pool-47-thread-1] INFO  segmented.SegmentedRaftLogWorker (SegmentedRaftLogWorker.java:<init>(173)) - new fe8e0d95-22db-4b8a-875e-83bee4d716fb@group-45CF1BECFE29-SegmentedRaftLogWorker for RaftStorage:Storage Directory /workdir/hadoop-ozone/tools/target/test-dir/MiniOzoneClusterImpl-1e8b0e80-279c-49c4-ae13-42ed318b6149/datanode-2/data/ratis/aa05c754-a88a-4742-af73-45cf1becfe29
2019-10-10 01:27:55,143 [pool-27-thread-1] INFO  server.RaftServerConfigKeys (ConfUtils.java:logGet(43)) - raft.server.log.statemachine.data.sync.timeout.retry = -1 (default)
2019-10-10 01:27:55,143 [pool-67-thread-1] INFO  segmented.SegmentedRaftLogWorker (SegmentedRaftLogWorker.java:<init>(173)) - new 4b92f2f8-e489-47a4-a90a-1d3fa2a9a07f@group-45CF1BECFE29-SegmentedRaftLogWorker for RaftStorage:Storage Directory /workdir/hadoop-ozone/tools/target/test-dir/MiniOzoneClusterImpl-1e8b0e80-279c-49c4-ae13-42ed318b6149/datanode-4/data/ratis/aa05c754-a88a-4742-af73-45cf1becfe29
2019-10-10 01:27:55,143 [pool-27-thread-1] INFO  server.RaftServerConfigKeys (ConfUtils.java:logGet(43)) - raft.server.log.statemachine.data.caching.enabled = true (custom)
2019-10-10 01:27:55,143 [pool-47-thread-1] INFO  server.RaftServerConfigKeys (ConfUtils.java:logGet(43)) - raft.server.log.queue.byte-limit = 2147483647 (custom)
2019-10-10 01:27:55,144 [pool-67-thread-1] INFO  server.RaftServerConfigKeys (ConfUtils.java:logGet(43)) - raft.server.log.queue.byte-limit = 2147483647 (custom)
2019-10-10 01:27:55,144 [pool-47-thread-1] INFO  server.RaftServerConfigKeys (ConfUtils.java:logGet(43)) - raft.server.log.queue.element-limit = 1024 (custom)
2019-10-10 01:27:55,144 [pool-27-thread-1] INFO  segmented.SegmentedRaftLogWorker (SegmentedRaftLogWorker.java:lambda$new$0(128)) - 993817e1-c77a-472e-865f-a6e34ffe7967@group-45CF1BECFE29-SegmentedRaftLogWorker: flushIndex: setUnconditionally 0 -> -1
2019-10-10 01:27:55,144 [pool-47-thread-1] INFO  server.RaftServerConfigKeys (ConfUtils.java:logGet(43)) - raft.server.log.segment.size.max = 1048576 (custom)
2019-10-10 01:27:55,144 [pool-47-thread-1] INFO  server.RaftServerConfigKeys (ConfUtils.java:logGet(43)) - raft.server.log.preallocated.size = 16384 (custom)
2019-10-10 01:27:55,144 [pool-67-thread-1] INFO  server.RaftServerConfigKeys (ConfUtils.java:logGet(43)) - raft.server.log.queue.element-limit = 1024 (custom)
2019-10-10 01:27:55,145 [pool-47-thread-1] INFO  server.RaftServerConfigKeys (ConfUtils.java:logGet(43)) - raft.server.log.write.buffer.size = 33554432 (custom)
2019-10-10 01:27:55,144 [pool-27-thread-1] INFO  server.RaftServerConfigKeys (ConfUtils.java:logGet(43)) - raft.server.snapshot.auto.trigger.enabled = true (custom)
2019-10-10 01:27:55,145 [pool-47-thread-1] INFO  server.RaftServerConfigKeys (ConfUtils.java:logGet(43)) - raft.server.log.force.sync.num = 128 (default)
2019-10-10 01:27:55,145 [pool-67-thread-1] INFO  server.RaftServerConfigKeys (ConfUtils.java:logGet(43)) - raft.server.log.segment.size.max = 1048576 (custom)
2019-10-10 01:27:55,145 [pool-47-thread-1] INFO  server.RaftServerConfigKeys (ConfUtils.java:logGet(43)) - raft.server.log.statemachine.data.sync = true (default)
2019-10-10 01:27:55,145 [pool-27-thread-1] INFO  server.RaftServerConfigKeys (ConfUtils.java:logGet(43)) - raft.server.snapshot.auto.trigger.threshold = 10000 (custom)
2019-10-10 01:27:55,146 [pool-47-thread-1] INFO  server.RaftServerConfigKeys (ConfUtils.java:logGet(43)) - raft.server.log.statemachine.data.sync.timeout = 10s (default)
2019-10-10 01:27:55,146 [pool-47-thread-1] INFO  server.RaftServerConfigKeys (ConfUtils.java:logGet(43)) - raft.server.log.statemachine.data.sync.timeout.retry = -1 (default)
2019-10-10 01:27:55,145 [pool-67-thread-1] INFO  server.RaftServerConfigKeys (ConfUtils.java:logGet(43)) - raft.server.log.preallocated.size = 16384 (custom)
2019-10-10 01:27:55,146 [pool-47-thread-1] INFO  server.RaftServerConfigKeys (ConfUtils.java:logGet(43)) - raft.server.log.statemachine.data.caching.enabled = true (custom)
2019-10-10 01:27:55,146 [pool-27-thread-1] INFO  server.RaftServerConfigKeys (ConfUtils.java:logGet(43)) - raft.server.snapshot.retention.file.num = 5 (custom)
2019-10-10 01:27:55,146 [pool-67-thread-1] INFO  server.RaftServerConfigKeys (ConfUtils.java:logGet(43)) - raft.server.log.write.buffer.size = 33554432 (custom)
2019-10-10 01:27:55,147 [pool-27-thread-1] INFO  server.RaftServerConfigKeys (ConfUtils.java:logGet(43)) - raft.server.retrycache.expirytime = 600000ms (custom)
2019-10-10 01:27:55,147 [pool-47-thread-1] INFO  segmented.SegmentedRaftLogWorker (SegmentedRaftLogWorker.java:lambda$new$0(128)) - fe8e0d95-22db-4b8a-875e-83bee4d716fb@group-45CF1BECFE29-SegmentedRaftLogWorker: flushIndex: setUnconditionally 0 -> -1
2019-10-10 01:27:55,147 [pool-67-thread-1] INFO  server.RaftServerConfigKeys (ConfUtils.java:logGet(43)) - raft.server.log.force.sync.num = 128 (default)
2019-10-10 01:27:55,147 [pool-67-thread-1] INFO  server.RaftServerConfigKeys (ConfUtils.java:logGet(43)) - raft.server.log.statemachine.data.sync = true (default)
2019-10-10 01:27:55,147 [pool-47-thread-1] INFO  server.RaftServerConfigKeys (ConfUtils.java:logGet(43)) - raft.server.snapshot.auto.trigger.enabled = true (custom)
2019-10-10 01:27:55,147 [pool-67-thread-1] INFO  server.RaftServerConfigKeys (ConfUtils.java:logGet(43)) - raft.server.log.statemachine.data.sync.timeout = 10s (default)
2019-10-10 01:27:55,147 [pool-47-thread-1] INFO  server.RaftServerConfigKeys (ConfUtils.java:logGet(43)) - raft.server.snapshot.auto.trigger.threshold = 10000 (custom)
2019-10-10 01:27:55,148 [pool-67-thread-1] INFO  server.RaftServerConfigKeys (ConfUtils.java:logGet(43)) - raft.server.log.statemachine.data.sync.timeout.retry = -1 (default)
2019-10-10 01:27:55,148 [pool-47-thread-1] INFO  server.RaftServerConfigKeys (ConfUtils.java:logGet(43)) - raft.server.snapshot.retention.file.num = 5 (custom)
2019-10-10 01:27:55,148 [pool-67-thread-1] INFO  server.RaftServerConfigKeys (ConfUtils.java:logGet(43)) - raft.server.log.statemachine.data.caching.enabled = true (custom)
2019-10-10 01:27:55,148 [pool-47-thread-1] INFO  server.RaftServerConfigKeys (ConfUtils.java:logGet(43)) - raft.server.retrycache.expirytime = 600000ms (custom)
2019-10-10 01:27:55,148 [pool-67-thread-1] INFO  segmented.SegmentedRaftLogWorker (SegmentedRaftLogWorker.java:lambda$new$0(128)) - 4b92f2f8-e489-47a4-a90a-1d3fa2a9a07f@group-45CF1BECFE29-SegmentedRaftLogWorker: flushIndex: setUnconditionally 0 -> -1
2019-10-10 01:27:55,149 [pool-67-thread-1] INFO  server.RaftServerConfigKeys (ConfUtils.java:logGet(43)) - raft.server.snapshot.auto.trigger.enabled = true (custom)
2019-10-10 01:27:55,149 [pool-67-thread-1] INFO  server.RaftServerConfigKeys (ConfUtils.java:logGet(43)) - raft.server.snapshot.auto.trigger.threshold = 10000 (custom)
2019-10-10 01:27:55,149 [pool-67-thread-1] INFO  server.RaftServerConfigKeys (ConfUtils.java:logGet(43)) - raft.server.snapshot.retention.file.num = 5 (custom)
2019-10-10 01:27:55,149 [pool-67-thread-1] INFO  server.RaftServerConfigKeys (ConfUtils.java:logGet(43)) - raft.server.retrycache.expirytime = 600000ms (custom)
2019-10-10 01:27:55,152 [pool-27-thread-1] INFO  impl.RaftServerImpl (RaftServerImpl.java:<init>(95)) - 993817e1-c77a-472e-865f-a6e34ffe7967: new RaftServerImpl for group-81E13198C927:[4b92f2f8-e489-47a4-a90a-1d3fa2a9a07f:192.168.151.118:35849, 993817e1-c77a-472e-865f-a6e34ffe7967:192.168.151.118:41261, fe8e0d95-22db-4b8a-875e-83bee4d716fb:192.168.151.118:34352] with ContainerStateMachine:uninitialized
2019-10-10 01:27:55,152 [pool-27-thread-1] INFO  server.RaftServerConfigKeys (ConfUtils.java:logGet(43)) - raft.server.rpc.timeout.min = 5s (custom)
2019-10-10 01:27:55,152 [pool-27-thread-1] INFO  server.RaftServerConfigKeys (ConfUtils.java:logGet(43)) - raft.server.rpc.timeout.max = 5200ms (custom)
2019-10-10 01:27:55,153 [pool-27-thread-1] INFO  server.RaftServerConfigKeys (ConfUtils.java:logGet(43)) - raft.server.rpcslowness.timeout = 120s (custom)
2019-10-10 01:27:55,153 [pool-27-thread-1] INFO  server.RaftServerConfigKeys (ConfUtils.java:logGet(43)) - raft.server.sleep.deviation.threshold = 300 (default)
2019-10-10 01:27:55,153 [pool-47-thread-1] INFO  impl.RaftServerImpl (RaftServerImpl.java:<init>(95)) - fe8e0d95-22db-4b8a-875e-83bee4d716fb: new RaftServerImpl for group-81E13198C927:[4b92f2f8-e489-47a4-a90a-1d3fa2a9a07f:192.168.151.118:35849, 993817e1-c77a-472e-865f-a6e34ffe7967:192.168.151.118:41261, fe8e0d95-22db-4b8a-875e-83bee4d716fb:192.168.151.118:34352] with ContainerStateMachine:uninitialized
2019-10-10 01:27:55,153 [pool-27-thread-1] INFO  server.RaftServerConfigKeys (ConfUtils.java:logGet(43)) - raft.server.log.appender.install.snapshot.enabled = false (custom)
2019-10-10 01:27:55,153 [pool-47-thread-1] INFO  server.RaftServerConfigKeys (ConfUtils.java:logGet(43)) - raft.server.rpc.timeout.min = 5s (custom)
2019-10-10 01:27:55,153 [pool-27-thread-1] INFO  impl.RaftServerImpl (ServerState.java:<init>(103)) - 993817e1-c77a-472e-865f-a6e34ffe7967@group-81E13198C927: ConfigurationManager, init=-1: [4b92f2f8-e489-47a4-a90a-1d3fa2a9a07f:192.168.151.118:35849, 993817e1-c77a-472e-865f-a6e34ffe7967:192.168.151.118:41261, fe8e0d95-22db-4b8a-875e-83bee4d716fb:192.168.151.118:34352], old=null, confs=<EMPTY_MAP>
2019-10-10 01:27:55,153 [pool-47-thread-1] INFO  server.RaftServerConfigKeys (ConfUtils.java:logGet(43)) - raft.server.rpc.timeout.max = 5200ms (custom)
2019-10-10 01:27:55,153 [pool-67-thread-1] INFO  impl.RaftServerImpl (RaftServerImpl.java:<init>(95)) - 4b92f2f8-e489-47a4-a90a-1d3fa2a9a07f: new RaftServerImpl for group-81E13198C927:[4b92f2f8-e489-47a4-a90a-1d3fa2a9a07f:192.168.151.118:35849, 993817e1-c77a-472e-865f-a6e34ffe7967:192.168.151.118:41261, fe8e0d95-22db-4b8a-875e-83bee4d716fb:192.168.151.118:34352] with ContainerStateMachine:uninitialized
2019-10-10 01:27:55,153 [pool-27-thread-1] INFO  server.RaftServerConfigKeys (ConfUtils.java:logGet(43)) - raft.server.storage.dir = [/workdir/hadoop-ozone/tools/target/test-dir/MiniOzoneClusterImpl-1e8b0e80-279c-49c4-ae13-42ed318b6149/datanode-0/data/ratis] (custom)
2019-10-10 01:27:55,154 [pool-67-thread-1] INFO  server.RaftServerConfigKeys (ConfUtils.java:logGet(43)) - raft.server.rpc.timeout.min = 5s (custom)
2019-10-10 01:27:55,153 [pool-47-thread-1] INFO  server.RaftServerConfigKeys (ConfUtils.java:logGet(43)) - raft.server.rpcslowness.timeout = 120s (custom)
2019-10-10 01:27:55,154 [pool-27-thread-1] INFO  server.RaftServerConfigKeys (ConfUtils.java:logGet(43)) - raft.server.log.corruption.policy = EXCEPTION (default)
2019-10-10 01:27:55,154 [pool-67-thread-1] INFO  server.RaftServerConfigKeys (ConfUtils.java:logGet(43)) - raft.server.rpc.timeout.max = 5200ms (custom)
2019-10-10 01:27:55,154 [pool-47-thread-1] INFO  server.RaftServerConfigKeys (ConfUtils.java:logGet(43)) - raft.server.sleep.deviation.threshold = 300 (default)
2019-10-10 01:27:55,154 [pool-67-thread-1] INFO  server.RaftServerConfigKeys (ConfUtils.java:logGet(43)) - raft.server.rpcslowness.timeout = 120s (custom)
2019-10-10 01:27:55,154 [pool-27-thread-1] INFO  storage.RaftStorageDirectory (RaftStorageDirectory.java:analyzeStorage(246)) - The storage directory /workdir/hadoop-ozone/tools/target/test-dir/MiniOzoneClusterImpl-1e8b0e80-279c-49c4-ae13-42ed318b6149/datanode-0/data/ratis/a4033b5a-5be3-471a-baf9-81e13198c927 does not exist. Creating ...
2019-10-10 01:27:55,154 [pool-67-thread-1] INFO  server.RaftServerConfigKeys (ConfUtils.java:logGet(43)) - raft.server.sleep.deviation.threshold = 300 (default)
2019-10-10 01:27:55,154 [pool-47-thread-1] INFO  server.RaftServerConfigKeys (ConfUtils.java:logGet(43)) - raft.server.log.appender.install.snapshot.enabled = false (custom)
2019-10-10 01:27:55,155 [pool-67-thread-1] INFO  server.RaftServerConfigKeys (ConfUtils.java:logGet(43)) - raft.server.log.appender.install.snapshot.enabled = false (custom)
2019-10-10 01:27:55,155 [pool-47-thread-1] INFO  impl.RaftServerImpl (ServerState.java:<init>(103)) - fe8e0d95-22db-4b8a-875e-83bee4d716fb@group-81E13198C927: ConfigurationManager, init=-1: [4b92f2f8-e489-47a4-a90a-1d3fa2a9a07f:192.168.151.118:35849, 993817e1-c77a-472e-865f-a6e34ffe7967:192.168.151.118:41261, fe8e0d95-22db-4b8a-875e-83bee4d716fb:192.168.151.118:34352], old=null, confs=<EMPTY_MAP>
2019-10-10 01:27:55,155 [pool-67-thread-1] INFO  impl.RaftServerImpl (ServerState.java:<init>(103)) - 4b92f2f8-e489-47a4-a90a-1d3fa2a9a07f@group-81E13198C927: ConfigurationManager, init=-1: [4b92f2f8-e489-47a4-a90a-1d3fa2a9a07f:192.168.151.118:35849, 993817e1-c77a-472e-865f-a6e34ffe7967:192.168.151.118:41261, fe8e0d95-22db-4b8a-875e-83bee4d716fb:192.168.151.118:34352], old=null, confs=<EMPTY_MAP>
2019-10-10 01:27:55,155 [pool-47-thread-1] INFO  server.RaftServerConfigKeys (ConfUtils.java:logGet(43)) - raft.server.storage.dir = [/workdir/hadoop-ozone/tools/target/test-dir/MiniOzoneClusterImpl-1e8b0e80-279c-49c4-ae13-42ed318b6149/datanode-2/data/ratis] (custom)
2019-10-10 01:27:55,155 [pool-67-thread-1] INFO  server.RaftServerConfigKeys (ConfUtils.java:logGet(43)) - raft.server.storage.dir = [/workdir/hadoop-ozone/tools/target/test-dir/MiniOzoneClusterImpl-1e8b0e80-279c-49c4-ae13-42ed318b6149/datanode-4/data/ratis] (custom)
2019-10-10 01:27:55,156 [pool-47-thread-1] INFO  server.RaftServerConfigKeys (ConfUtils.java:logGet(43)) - raft.server.log.corruption.policy = EXCEPTION (default)
2019-10-10 01:27:55,156 [pool-67-thread-1] INFO  server.RaftServerConfigKeys (ConfUtils.java:logGet(43)) - raft.server.log.corruption.policy = EXCEPTION (default)
2019-10-10 01:27:55,156 [pool-47-thread-1] INFO  storage.RaftStorageDirectory (RaftStorageDirectory.java:analyzeStorage(246)) - The storage directory /workdir/hadoop-ozone/tools/target/test-dir/MiniOzoneClusterImpl-1e8b0e80-279c-49c4-ae13-42ed318b6149/datanode-2/data/ratis/a4033b5a-5be3-471a-baf9-81e13198c927 does not exist. Creating ...
2019-10-10 01:27:55,156 [pool-67-thread-1] INFO  storage.RaftStorageDirectory (RaftStorageDirectory.java:analyzeStorage(246)) - The storage directory /workdir/hadoop-ozone/tools/target/test-dir/MiniOzoneClusterImpl-1e8b0e80-279c-49c4-ae13-42ed318b6149/datanode-4/data/ratis/a4033b5a-5be3-471a-baf9-81e13198c927 does not exist. Creating ...
 0.00% |█                                                                                                    |  0/1 Time: 0:00:11 0.00% |█                                                                                                    |  0/1 Time: 0:00:122019-10-10 01:27:57,117 [RATISCREATEPIPELINE3] ERROR pipeline.RatisPipelineProvider (RatisPipelineProvider.java:lambda$null$5(237)) - Failed invoke Ratis rpc org.apache.hadoop.hdds.scm.pipeline.RatisPipelineProvider$$Lambda$196/1858172621@1b6f09bf for fe8e0d95-22db-4b8a-875e-83bee4d716fb
org.apache.ratis.protocol.TimeoutIOException: deadline exceeded after 2999849328ns
	at org.apache.ratis.grpc.GrpcUtil.tryUnwrapException(GrpcUtil.java:82)
	at org.apache.ratis.grpc.GrpcUtil.unwrapException(GrpcUtil.java:75)
	at org.apache.ratis.grpc.client.GrpcClientProtocolClient.blockingCall(GrpcClientProtocolClient.java:184)
	at org.apache.ratis.grpc.client.GrpcClientProtocolClient.groupAdd(GrpcClientProtocolClient.java:153)
	at org.apache.ratis.grpc.client.GrpcClientRpc.sendRequest(GrpcClientRpc.java:94)
	at org.apache.ratis.client.impl.RaftClientImpl.sendRequest(RaftClientImpl.java:278)
	at org.apache.ratis.client.impl.RaftClientImpl.groupAdd(RaftClientImpl.java:205)
	at org.apache.hadoop.hdds.scm.pipeline.RatisPipelineProvider.lambda$initializePipeline$4(RatisPipelineProvider.java:198)
	at org.apache.hadoop.hdds.scm.pipeline.RatisPipelineProvider.lambda$null$5(RatisPipelineProvider.java:233)
	at java.util.stream.ForEachOps$ForEachOp$OfRef.accept(ForEachOps.java:184)
	at java.util.ArrayList$ArrayListSpliterator.forEachRemaining(ArrayList.java:1382)
	at java.util.stream.AbstractPipeline.copyInto(AbstractPipeline.java:482)
	at java.util.stream.ForEachOps$ForEachTask.compute(ForEachOps.java:291)
	at java.util.concurrent.CountedCompleter.exec(CountedCompleter.java:731)
	at java.util.concurrent.ForkJoinTask.doExec(ForkJoinTask.java:289)
	at java.util.concurrent.ForkJoinTask.doInvoke(ForkJoinTask.java:401)
	at java.util.concurrent.ForkJoinTask.invoke(ForkJoinTask.java:734)
	at java.util.stream.ForEachOps$ForEachOp.evaluateParallel(ForEachOps.java:160)
	at java.util.stream.ForEachOps$ForEachOp$OfRef.evaluateParallel(ForEachOps.java:174)
	at java.util.stream.AbstractPipeline.evaluate(AbstractPipeline.java:233)
	at java.util.stream.ReferencePipeline.forEach(ReferencePipeline.java:418)
	at java.util.stream.ReferencePipeline$Head.forEach(ReferencePipeline.java:583)
	at org.apache.hadoop.hdds.scm.pipeline.RatisPipelineProvider.lambda$callRatisRpc$6(RatisPipelineProvider.java:227)
	at java.util.concurrent.ForkJoinTask$AdaptedRunnableAction.exec(ForkJoinTask.java:1386)
	at java.util.concurrent.ForkJoinTask.doExec(ForkJoinTask.java:289)
	at java.util.concurrent.ForkJoinPool$WorkQueue.runTask(ForkJoinPool.java:1056)
	at java.util.concurrent.ForkJoinPool.runWorker(ForkJoinPool.java:1692)
	at java.util.concurrent.ForkJoinWorkerThread.run(ForkJoinWorkerThread.java:157)
Caused by: org.apache.ratis.thirdparty.io.grpc.StatusRuntimeException: DEADLINE_EXCEEDED: deadline exceeded after 2999849328ns
	at org.apache.ratis.thirdparty.io.grpc.stub.ClientCalls.toStatusRuntimeException(ClientCalls.java:233)
	at org.apache.ratis.thirdparty.io.grpc.stub.ClientCalls.getUnchecked(ClientCalls.java:214)
	at org.apache.ratis.thirdparty.io.grpc.stub.ClientCalls.blockingUnaryCall(ClientCalls.java:139)
	at org.apache.ratis.proto.grpc.AdminProtocolServiceGrpc$AdminProtocolServiceBlockingStub.groupManagement(AdminProtocolServiceGrpc.java:274)
	at org.apache.ratis.grpc.client.GrpcClientProtocolClient.lambda$groupAdd$3(GrpcClientProtocolClient.java:155)
	at org.apache.ratis.grpc.client.GrpcClientProtocolClient.blockingCall(GrpcClientProtocolClient.java:182)
	... 25 more
2019-10-10 01:27:57,117 [RATISCREATEPIPELINE1] ERROR pipeline.RatisPipelineProvider (RatisPipelineProvider.java:lambda$null$5(237)) - Failed invoke Ratis rpc org.apache.hadoop.hdds.scm.pipeline.RatisPipelineProvider$$Lambda$196/1858172621@1b6f09bf for 993817e1-c77a-472e-865f-a6e34ffe7967
org.apache.ratis.protocol.TimeoutIOException: deadline exceeded after 2999828259ns
	at org.apache.ratis.grpc.GrpcUtil.tryUnwrapException(GrpcUtil.java:82)
	at org.apache.ratis.grpc.GrpcUtil.unwrapException(GrpcUtil.java:75)
	at org.apache.ratis.grpc.client.GrpcClientProtocolClient.blockingCall(GrpcClientProtocolClient.java:184)
	at org.apache.ratis.grpc.client.GrpcClientProtocolClient.groupAdd(GrpcClientProtocolClient.java:153)
	at org.apache.ratis.grpc.client.GrpcClientRpc.sendRequest(GrpcClientRpc.java:94)
	at org.apache.ratis.client.impl.RaftClientImpl.sendRequest(RaftClientImpl.java:278)
	at org.apache.ratis.client.impl.RaftClientImpl.groupAdd(RaftClientImpl.java:205)
	at org.apache.hadoop.hdds.scm.pipeline.RatisPipelineProvider.lambda$initializePipeline$4(RatisPipelineProvider.java:198)
	at org.apache.hadoop.hdds.scm.pipeline.RatisPipelineProvider.lambda$null$5(RatisPipelineProvider.java:233)
	at java.util.stream.ForEachOps$ForEachOp$OfRef.accept(ForEachOps.java:184)
	at java.util.ArrayList$ArrayListSpliterator.forEachRemaining(ArrayList.java:1382)
	at java.util.stream.AbstractPipeline.copyInto(AbstractPipeline.java:482)
	at java.util.stream.ForEachOps$ForEachTask.compute(ForEachOps.java:291)
	at java.util.concurrent.CountedCompleter.exec(CountedCompleter.java:731)
	at java.util.concurrent.ForkJoinTask.doExec(ForkJoinTask.java:289)
	at java.util.concurrent.ForkJoinPool$WorkQueue.runTask(ForkJoinPool.java:1056)
	at java.util.concurrent.ForkJoinPool.runWorker(ForkJoinPool.java:1692)
	at java.util.concurrent.ForkJoinWorkerThread.run(ForkJoinWorkerThread.java:157)
Caused by: org.apache.ratis.thirdparty.io.grpc.StatusRuntimeException: DEADLINE_EXCEEDED: deadline exceeded after 2999828259ns
	at org.apache.ratis.thirdparty.io.grpc.stub.ClientCalls.toStatusRuntimeException(ClientCalls.java:233)
	at org.apache.ratis.thirdparty.io.grpc.stub.ClientCalls.getUnchecked(ClientCalls.java:214)
	at org.apache.ratis.thirdparty.io.grpc.stub.ClientCalls.blockingUnaryCall(ClientCalls.java:139)
	at org.apache.ratis.proto.grpc.AdminProtocolServiceGrpc$AdminProtocolServiceBlockingStub.groupManagement(AdminProtocolServiceGrpc.java:274)
	at org.apache.ratis.grpc.client.GrpcClientProtocolClient.lambda$groupAdd$3(GrpcClientProtocolClient.java:155)
	at org.apache.ratis.grpc.client.GrpcClientProtocolClient.blockingCall(GrpcClientProtocolClient.java:182)
	... 15 more
2019-10-10 01:27:57,117 [RATISCREATEPIPELINE0] ERROR pipeline.RatisPipelineProvider (RatisPipelineProvider.java:lambda$null$5(237)) - Failed invoke Ratis rpc org.apache.hadoop.hdds.scm.pipeline.RatisPipelineProvider$$Lambda$196/1858172621@1b6f09bf for 4b92f2f8-e489-47a4-a90a-1d3fa2a9a07f
org.apache.ratis.protocol.TimeoutIOException: deadline exceeded after 2999860079ns
	at org.apache.ratis.grpc.GrpcUtil.tryUnwrapException(GrpcUtil.java:82)
	at org.apache.ratis.grpc.GrpcUtil.unwrapException(GrpcUtil.java:75)
	at org.apache.ratis.grpc.client.GrpcClientProtocolClient.blockingCall(GrpcClientProtocolClient.java:184)
	at org.apache.ratis.grpc.client.GrpcClientProtocolClient.groupAdd(GrpcClientProtocolClient.java:153)
	at org.apache.ratis.grpc.client.GrpcClientRpc.sendRequest(GrpcClientRpc.java:94)
	at org.apache.ratis.client.impl.RaftClientImpl.sendRequest(RaftClientImpl.java:278)
	at org.apache.ratis.client.impl.RaftClientImpl.groupAdd(RaftClientImpl.java:205)
	at org.apache.hadoop.hdds.scm.pipeline.RatisPipelineProvider.lambda$initializePipeline$4(RatisPipelineProvider.java:198)
	at org.apache.hadoop.hdds.scm.pipeline.RatisPipelineProvider.lambda$null$5(RatisPipelineProvider.java:233)
	at java.util.stream.ForEachOps$ForEachOp$OfRef.accept(ForEachOps.java:184)
	at java.util.ArrayList$ArrayListSpliterator.forEachRemaining(ArrayList.java:1382)
	at java.util.stream.AbstractPipeline.copyInto(AbstractPipeline.java:482)
	at java.util.stream.ForEachOps$ForEachTask.compute(ForEachOps.java:291)
	at java.util.concurrent.CountedCompleter.exec(CountedCompleter.java:731)
	at java.util.concurrent.ForkJoinTask.doExec(ForkJoinTask.java:289)
	at java.util.concurrent.ForkJoinPool$WorkQueue.runTask(ForkJoinPool.java:1056)
	at java.util.concurrent.ForkJoinPool.runWorker(ForkJoinPool.java:1692)
	at java.util.concurrent.ForkJoinWorkerThread.run(ForkJoinWorkerThread.java:157)
Caused by: org.apache.ratis.thirdparty.io.grpc.StatusRuntimeException: DEADLINE_EXCEEDED: deadline exceeded after 2999860079ns
	at org.apache.ratis.thirdparty.io.grpc.stub.ClientCalls.toStatusRuntimeException(ClientCalls.java:233)
	at org.apache.ratis.thirdparty.io.grpc.stub.ClientCalls.getUnchecked(ClientCalls.java:214)
	at org.apache.ratis.thirdparty.io.grpc.stub.ClientCalls.blockingUnaryCall(ClientCalls.java:139)
	at org.apache.ratis.proto.grpc.AdminProtocolServiceGrpc$AdminProtocolServiceBlockingStub.groupManagement(AdminProtocolServiceGrpc.java:274)
	at org.apache.ratis.grpc.client.GrpcClientProtocolClient.lambda$groupAdd$3(GrpcClientProtocolClient.java:155)
	at org.apache.ratis.grpc.client.GrpcClientProtocolClient.blockingCall(GrpcClientProtocolClient.java:182)
	... 15 more
2019-10-10 01:27:57,122 [IPC Server handler 7 on 36956] WARN  block.BlockManagerImpl (BlockManagerImpl.java:allocateBlock(194)) - Pipeline creation failed for type:RATIS factor:THREE. Retrying get pipelines call once.
org.apache.hadoop.io.MultipleIOException: 3 exceptions [java.io.IOException: Failed invoke Ratis rpc org.apache.hadoop.hdds.scm.pipeline.RatisPipelineProvider$$Lambda$196/1858172621@1b6f09bf for fe8e0d95-22db-4b8a-875e-83bee4d716fb, java.io.IOException: Failed invoke Ratis rpc org.apache.hadoop.hdds.scm.pipeline.RatisPipelineProvider$$Lambda$196/1858172621@1b6f09bf for 993817e1-c77a-472e-865f-a6e34ffe7967, java.io.IOException: Failed invoke Ratis rpc org.apache.hadoop.hdds.scm.pipeline.RatisPipelineProvider$$Lambda$196/1858172621@1b6f09bf for 4b92f2f8-e489-47a4-a90a-1d3fa2a9a07f]
	at org.apache.hadoop.io.MultipleIOException.createIOException(MultipleIOException.java:53)
	at org.apache.hadoop.hdds.scm.pipeline.RatisPipelineProvider.callRatisRpc(RatisPipelineProvider.java:253)
	at org.apache.hadoop.hdds.scm.pipeline.RatisPipelineProvider.initializePipeline(RatisPipelineProvider.java:196)
	at org.apache.hadoop.hdds.scm.pipeline.RatisPipelineProvider.create(RatisPipelineProvider.java:163)
	at org.apache.hadoop.hdds.scm.pipeline.PipelineFactory.create(PipelineFactory.java:58)
	at org.apache.hadoop.hdds.scm.pipeline.SCMPipelineManager.createPipeline(SCMPipelineManager.java:155)
	at org.apache.hadoop.hdds.scm.block.BlockManagerImpl.allocateBlock(BlockManagerImpl.java:192)
	at org.apache.hadoop.hdds.scm.server.SCMBlockProtocolServer.allocateBlock(SCMBlockProtocolServer.java:182)
	at org.apache.hadoop.hdds.scm.protocol.ScmBlockLocationProtocolServerSideTranslatorPB.allocateScmBlock(ScmBlockLocationProtocolServerSideTranslatorPB.java:159)
	at org.apache.hadoop.hdds.scm.protocol.ScmBlockLocationProtocolServerSideTranslatorPB.processMessage(ScmBlockLocationProtocolServerSideTranslatorPB.java:117)
	at org.apache.hadoop.hdds.server.OzoneProtocolMessageDispatcher.processRequest(OzoneProtocolMessageDispatcher.java:72)
	at org.apache.hadoop.hdds.scm.protocol.ScmBlockLocationProtocolServerSideTranslatorPB.send(ScmBlockLocationProtocolServerSideTranslatorPB.java:98)
	at org.apache.hadoop.hdds.protocol.proto.ScmBlockLocationProtocolProtos$ScmBlockLocationProtocolService$2.callBlockingMethod(ScmBlockLocationProtocolProtos.java:13157)
	at org.apache.hadoop.ipc.ProtobufRpcEngine$Server$ProtoBufRpcInvoker.call(ProtobufRpcEngine.java:524)
	at org.apache.hadoop.ipc.RPC$Server.call(RPC.java:1025)
	at org.apache.hadoop.ipc.Server$RpcCall.run(Server.java:876)
	at org.apache.hadoop.ipc.Server$RpcCall.run(Server.java:822)
	at java.security.AccessController.doPrivileged(Native Method)
	at javax.security.auth.Subject.doAs(Subject.java:422)
	at org.apache.hadoop.security.UserGroupInformation.doAs(UserGroupInformation.java:1730)
	at org.apache.hadoop.ipc.Server$Handler.run(Server.java:2682)
2019-10-10 01:27:57,123 [IPC Server handler 7 on 36956] INFO  block.BlockManagerImpl (BlockManagerImpl.java:allocateBlock(200)) - Could not find available pipeline of type:RATIS and factor:THREE even after retrying
2019-10-10 01:27:57,123 [IPC Server handler 7 on 36956] ERROR block.BlockManagerImpl (BlockManagerImpl.java:allocateBlock(224)) - Unable to allocate a block for the size: 4194304, type: RATIS, factor: THREE
2019-10-10 01:27:57,131 [grpc-default-executor-25] INFO  impl.RaftServerProxy (RaftServerProxy.java:addNew(89)) - 4b92f2f8-e489-47a4-a90a-1d3fa2a9a07f: addNew group-91171958C9A4:[4b92f2f8-e489-47a4-a90a-1d3fa2a9a07f:192.168.151.118:35849, 993817e1-c77a-472e-865f-a6e34ffe7967:192.168.151.118:41261, fe8e0d95-22db-4b8a-875e-83bee4d716fb:192.168.151.118:34352] returns group-91171958C9A4:java.util.concurrent.CompletableFuture@41ebf249[Not completed]
2019-10-10 01:27:57,131 [grpc-default-executor-29] INFO  impl.RaftServerProxy (RaftServerProxy.java:addNew(89)) - 993817e1-c77a-472e-865f-a6e34ffe7967: addNew group-91171958C9A4:[4b92f2f8-e489-47a4-a90a-1d3fa2a9a07f:192.168.151.118:35849, 993817e1-c77a-472e-865f-a6e34ffe7967:192.168.151.118:41261, fe8e0d95-22db-4b8a-875e-83bee4d716fb:192.168.151.118:34352] returns group-91171958C9A4:java.util.concurrent.CompletableFuture@68c68cc4[Not completed]
2019-10-10 01:27:57,131 [grpc-default-executor-30] INFO  impl.RaftServerProxy (RaftServerProxy.java:addNew(89)) - fe8e0d95-22db-4b8a-875e-83bee4d716fb: addNew group-91171958C9A4:[4b92f2f8-e489-47a4-a90a-1d3fa2a9a07f:192.168.151.118:35849, 993817e1-c77a-472e-865f-a6e34ffe7967:192.168.151.118:41261, fe8e0d95-22db-4b8a-875e-83bee4d716fb:192.168.151.118:34352] returns group-91171958C9A4:java.util.concurrent.CompletableFuture@533a23d[Not completed]
 0.00% |█                                                                                                    |  0/1 Time: 0:00:132019-10-10 01:27:58,310 [pool-67-thread-1] INFO  storage.RaftStorageDirectory (RaftStorageDirectory.java:tryLock(328)) - Lock on /workdir/hadoop-ozone/tools/target/test-dir/MiniOzoneClusterImpl-1e8b0e80-279c-49c4-ae13-42ed318b6149/datanode-4/data/ratis/a4033b5a-5be3-471a-baf9-81e13198c927/in_use.lock acquired by nodename 12932@pr-hdds-2194-jqrdw-3579824535
2019-10-10 01:27:58,310 [pool-27-thread-1] INFO  storage.RaftStorageDirectory (RaftStorageDirectory.java:tryLock(328)) - Lock on /workdir/hadoop-ozone/tools/target/test-dir/MiniOzoneClusterImpl-1e8b0e80-279c-49c4-ae13-42ed318b6149/datanode-0/data/ratis/a4033b5a-5be3-471a-baf9-81e13198c927/in_use.lock acquired by nodename 12932@pr-hdds-2194-jqrdw-3579824535
2019-10-10 01:27:58,310 [pool-47-thread-1] INFO  storage.RaftStorageDirectory (RaftStorageDirectory.java:tryLock(328)) - Lock on /workdir/hadoop-ozone/tools/target/test-dir/MiniOzoneClusterImpl-1e8b0e80-279c-49c4-ae13-42ed318b6149/datanode-2/data/ratis/a4033b5a-5be3-471a-baf9-81e13198c927/in_use.lock acquired by nodename 12932@pr-hdds-2194-jqrdw-3579824535
 0.00% |█                                                                                                    |  0/1 Time: 0:00:14 0.00% |█                                                                                                    |  0/1 Time: 0:00:152019-10-10 01:28:00,130 [RATISCREATEPIPELINE3] ERROR pipeline.RatisPipelineProvider (RatisPipelineProvider.java:lambda$null$5(237)) - Failed invoke Ratis rpc org.apache.hadoop.hdds.scm.pipeline.RatisPipelineProvider$$Lambda$196/1858172621@6bd22742 for fe8e0d95-22db-4b8a-875e-83bee4d716fb
org.apache.ratis.protocol.TimeoutIOException: deadline exceeded after 2997905190ns
	at org.apache.ratis.grpc.GrpcUtil.tryUnwrapException(GrpcUtil.java:82)
	at org.apache.ratis.grpc.GrpcUtil.unwrapException(GrpcUtil.java:75)
	at org.apache.ratis.grpc.client.GrpcClientProtocolClient.blockingCall(GrpcClientProtocolClient.java:184)
	at org.apache.ratis.grpc.client.GrpcClientProtocolClient.groupAdd(GrpcClientProtocolClient.java:153)
	at org.apache.ratis.grpc.client.GrpcClientRpc.sendRequest(GrpcClientRpc.java:94)
	at org.apache.ratis.client.impl.RaftClientImpl.sendRequest(RaftClientImpl.java:278)
	at org.apache.ratis.client.impl.RaftClientImpl.groupAdd(RaftClientImpl.java:205)
	at org.apache.hadoop.hdds.scm.pipeline.RatisPipelineProvider.lambda$initializePipeline$4(RatisPipelineProvider.java:198)
	at org.apache.hadoop.hdds.scm.pipeline.RatisPipelineProvider.lambda$null$5(RatisPipelineProvider.java:233)
	at java.util.stream.ForEachOps$ForEachOp$OfRef.accept(ForEachOps.java:184)
	at java.util.ArrayList$ArrayListSpliterator.forEachRemaining(ArrayList.java:1382)
	at java.util.stream.AbstractPipeline.copyInto(AbstractPipeline.java:482)
	at java.util.stream.ForEachOps$ForEachTask.compute(ForEachOps.java:291)
	at java.util.concurrent.CountedCompleter.exec(CountedCompleter.java:731)
	at java.util.concurrent.ForkJoinTask.doExec(ForkJoinTask.java:289)
	at java.util.concurrent.ForkJoinTask.doInvoke(ForkJoinTask.java:401)
	at java.util.concurrent.ForkJoinTask.invoke(ForkJoinTask.java:734)
	at java.util.stream.ForEachOps$ForEachOp.evaluateParallel(ForEachOps.java:160)
	at java.util.stream.ForEachOps$ForEachOp$OfRef.evaluateParallel(ForEachOps.java:174)
	at java.util.stream.AbstractPipeline.evaluate(AbstractPipeline.java:233)
	at java.util.stream.ReferencePipeline.forEach(ReferencePipeline.java:418)
	at java.util.stream.ReferencePipeline$Head.forEach(ReferencePipeline.java:583)
	at org.apache.hadoop.hdds.scm.pipeline.RatisPipelineProvider.lambda$callRatisRpc$6(RatisPipelineProvider.java:227)
	at java.util.concurrent.ForkJoinTask$AdaptedRunnableAction.exec(ForkJoinTask.java:1386)
	at java.util.concurrent.ForkJoinTask.doExec(ForkJoinTask.java:289)
	at java.util.concurrent.ForkJoinPool$WorkQueue.runTask(ForkJoinPool.java:1056)
	at java.util.concurrent.ForkJoinPool.runWorker(ForkJoinPool.java:1692)
	at java.util.concurrent.ForkJoinWorkerThread.run(ForkJoinWorkerThread.java:157)
Caused by: org.apache.ratis.thirdparty.io.grpc.StatusRuntimeException: DEADLINE_EXCEEDED: deadline exceeded after 2997905190ns
	at org.apache.ratis.thirdparty.io.grpc.stub.ClientCalls.toStatusRuntimeException(ClientCalls.java:233)
	at org.apache.ratis.thirdparty.io.grpc.stub.ClientCalls.getUnchecked(ClientCalls.java:214)
	at org.apache.ratis.thirdparty.io.grpc.stub.ClientCalls.blockingUnaryCall(ClientCalls.java:139)
	at org.apache.ratis.proto.grpc.AdminProtocolServiceGrpc$AdminProtocolServiceBlockingStub.groupManagement(AdminProtocolServiceGrpc.java:274)
	at org.apache.ratis.grpc.client.GrpcClientProtocolClient.lambda$groupAdd$3(GrpcClientProtocolClient.java:155)
	at org.apache.ratis.grpc.client.GrpcClientProtocolClient.blockingCall(GrpcClientProtocolClient.java:182)
	... 25 more
2019-10-10 01:28:00,131 [RATISCREATEPIPELINE1] ERROR pipeline.RatisPipelineProvider (RatisPipelineProvider.java:lambda$null$5(237)) - Failed invoke Ratis rpc org.apache.hadoop.hdds.scm.pipeline.RatisPipelineProvider$$Lambda$196/1858172621@6bd22742 for 993817e1-c77a-472e-865f-a6e34ffe7967
org.apache.ratis.protocol.TimeoutIOException
	at org.apache.ratis.grpc.GrpcUtil.tryUnwrapException(GrpcUtil.java:82)
	at org.apache.ratis.grpc.GrpcUtil.unwrapException(GrpcUtil.java:75)
	at org.apache.ratis.grpc.client.GrpcClientProtocolClient.blockingCall(GrpcClientProtocolClient.java:184)
	at org.apache.ratis.grpc.client.GrpcClientProtocolClient.groupAdd(GrpcClientProtocolClient.java:153)
	at org.apache.ratis.grpc.client.GrpcClientRpc.sendRequest(GrpcClientRpc.java:94)
	at org.apache.ratis.client.impl.RaftClientImpl.sendRequest(RaftClientImpl.java:278)
	at org.apache.ratis.client.impl.RaftClientImpl.groupAdd(RaftClientImpl.java:205)
	at org.apache.hadoop.hdds.scm.pipeline.RatisPipelineProvider.lambda$initializePipeline$4(RatisPipelineProvider.java:198)
	at org.apache.hadoop.hdds.scm.pipeline.RatisPipelineProvider.lambda$null$5(RatisPipelineProvider.java:233)
	at java.util.stream.ForEachOps$ForEachOp$OfRef.accept(ForEachOps.java:184)
	at java.util.ArrayList$ArrayListSpliterator.forEachRemaining(ArrayList.java:1382)
	at java.util.stream.AbstractPipeline.copyInto(AbstractPipeline.java:482)
	at java.util.stream.ForEachOps$ForEachTask.compute(ForEachOps.java:291)
	at java.util.concurrent.CountedCompleter.exec(CountedCompleter.java:731)
	at java.util.concurrent.ForkJoinTask.doExec(ForkJoinTask.java:289)
	at java.util.concurrent.ForkJoinPool$WorkQueue.runTask(ForkJoinPool.java:1056)
	at java.util.concurrent.ForkJoinPool.runWorker(ForkJoinPool.java:1692)
	at java.util.concurrent.ForkJoinWorkerThread.run(ForkJoinWorkerThread.java:157)
Caused by: org.apache.ratis.thirdparty.io.grpc.StatusRuntimeException: DEADLINE_EXCEEDED
	at org.apache.ratis.thirdparty.io.grpc.stub.ClientCalls.toStatusRuntimeException(ClientCalls.java:233)
	at org.apache.ratis.thirdparty.io.grpc.stub.ClientCalls.getUnchecked(ClientCalls.java:214)
	at org.apache.ratis.thirdparty.io.grpc.stub.ClientCalls.blockingUnaryCall(ClientCalls.java:139)
	at org.apache.ratis.proto.grpc.AdminProtocolServiceGrpc$AdminProtocolServiceBlockingStub.groupManagement(AdminProtocolServiceGrpc.java:274)
	at org.apache.ratis.grpc.client.GrpcClientProtocolClient.lambda$groupAdd$3(GrpcClientProtocolClient.java:155)
	at org.apache.ratis.grpc.client.GrpcClientProtocolClient.blockingCall(GrpcClientProtocolClient.java:182)
	... 15 more
2019-10-10 01:28:00,141 [RATISCREATEPIPELINE0] ERROR pipeline.RatisPipelineProvider (RatisPipelineProvider.java:lambda$null$5(237)) - Failed invoke Ratis rpc org.apache.hadoop.hdds.scm.pipeline.RatisPipelineProvider$$Lambda$196/1858172621@6bd22742 for 4b92f2f8-e489-47a4-a90a-1d3fa2a9a07f
org.apache.ratis.protocol.TimeoutIOException: deadline exceeded after 2999875092ns
	at org.apache.ratis.grpc.GrpcUtil.tryUnwrapException(GrpcUtil.java:82)
	at org.apache.ratis.grpc.GrpcUtil.unwrapException(GrpcUtil.java:75)
	at org.apache.ratis.grpc.client.GrpcClientProtocolClient.blockingCall(GrpcClientProtocolClient.java:184)
	at org.apache.ratis.grpc.client.GrpcClientProtocolClient.groupAdd(GrpcClientProtocolClient.java:153)
	at org.apache.ratis.grpc.client.GrpcClientRpc.sendRequest(GrpcClientRpc.java:94)
	at org.apache.ratis.client.impl.RaftClientImpl.sendRequest(RaftClientImpl.java:278)
	at org.apache.ratis.client.impl.RaftClientImpl.groupAdd(RaftClientImpl.java:205)
	at org.apache.hadoop.hdds.scm.pipeline.RatisPipelineProvider.lambda$initializePipeline$4(RatisPipelineProvider.java:198)
	at org.apache.hadoop.hdds.scm.pipeline.RatisPipelineProvider.lambda$null$5(RatisPipelineProvider.java:233)
	at java.util.stream.ForEachOps$ForEachOp$OfRef.accept(ForEachOps.java:184)
	at java.util.ArrayList$ArrayListSpliterator.forEachRemaining(ArrayList.java:1382)
	at java.util.stream.AbstractPipeline.copyInto(AbstractPipeline.java:482)
	at java.util.stream.ForEachOps$ForEachTask.compute(ForEachOps.java:291)
	at java.util.concurrent.CountedCompleter.exec(CountedCompleter.java:731)
	at java.util.concurrent.ForkJoinTask.doExec(ForkJoinTask.java:289)
	at java.util.concurrent.ForkJoinPool$WorkQueue.runTask(ForkJoinPool.java:1056)
	at java.util.concurrent.ForkJoinPool.runWorker(ForkJoinPool.java:1692)
	at java.util.concurrent.ForkJoinWorkerThread.run(ForkJoinWorkerThread.java:157)
Caused by: org.apache.ratis.thirdparty.io.grpc.StatusRuntimeException: DEADLINE_EXCEEDED: deadline exceeded after 2999875092ns
	at org.apache.ratis.thirdparty.io.grpc.stub.ClientCalls.toStatusRuntimeException(ClientCalls.java:233)
	at org.apache.ratis.thirdparty.io.grpc.stub.ClientCalls.getUnchecked(ClientCalls.java:214)
	at org.apache.ratis.thirdparty.io.grpc.stub.ClientCalls.blockingUnaryCall(ClientCalls.java:139)
	at org.apache.ratis.proto.grpc.AdminProtocolServiceGrpc$AdminProtocolServiceBlockingStub.groupManagement(AdminProtocolServiceGrpc.java:274)
	at org.apache.ratis.grpc.client.GrpcClientProtocolClient.lambda$groupAdd$3(GrpcClientProtocolClient.java:155)
	at org.apache.ratis.grpc.client.GrpcClientProtocolClient.blockingCall(GrpcClientProtocolClient.java:182)
	... 15 more
2019-10-10 01:28:00,143 [IPC Server handler 7 on 36956] WARN  block.BlockManagerImpl (BlockManagerImpl.java:allocateBlock(194)) - Pipeline creation failed for type:RATIS factor:THREE. Retrying get pipelines call once.
org.apache.hadoop.io.MultipleIOException: 3 exceptions [java.io.IOException: Failed invoke Ratis rpc org.apache.hadoop.hdds.scm.pipeline.RatisPipelineProvider$$Lambda$196/1858172621@6bd22742 for fe8e0d95-22db-4b8a-875e-83bee4d716fb, java.io.IOException: Failed invoke Ratis rpc org.apache.hadoop.hdds.scm.pipeline.RatisPipelineProvider$$Lambda$196/1858172621@6bd22742 for 993817e1-c77a-472e-865f-a6e34ffe7967, java.io.IOException: Failed invoke Ratis rpc org.apache.hadoop.hdds.scm.pipeline.RatisPipelineProvider$$Lambda$196/1858172621@6bd22742 for 4b92f2f8-e489-47a4-a90a-1d3fa2a9a07f]
	at org.apache.hadoop.io.MultipleIOException.createIOException(MultipleIOException.java:53)
	at org.apache.hadoop.hdds.scm.pipeline.RatisPipelineProvider.callRatisRpc(RatisPipelineProvider.java:253)
	at org.apache.hadoop.hdds.scm.pipeline.RatisPipelineProvider.initializePipeline(RatisPipelineProvider.java:196)
	at org.apache.hadoop.hdds.scm.pipeline.RatisPipelineProvider.create(RatisPipelineProvider.java:163)
	at org.apache.hadoop.hdds.scm.pipeline.PipelineFactory.create(PipelineFactory.java:58)
	at org.apache.hadoop.hdds.scm.pipeline.SCMPipelineManager.createPipeline(SCMPipelineManager.java:155)
	at org.apache.hadoop.hdds.scm.block.BlockManagerImpl.allocateBlock(BlockManagerImpl.java:192)
	at org.apache.hadoop.hdds.scm.server.SCMBlockProtocolServer.allocateBlock(SCMBlockProtocolServer.java:182)
	at org.apache.hadoop.hdds.scm.protocol.ScmBlockLocationProtocolServerSideTranslatorPB.allocateScmBlock(ScmBlockLocationProtocolServerSideTranslatorPB.java:159)
	at org.apache.hadoop.hdds.scm.protocol.ScmBlockLocationProtocolServerSideTranslatorPB.processMessage(ScmBlockLocationProtocolServerSideTranslatorPB.java:117)
	at org.apache.hadoop.hdds.server.OzoneProtocolMessageDispatcher.processRequest(OzoneProtocolMessageDispatcher.java:72)
	at org.apache.hadoop.hdds.scm.protocol.ScmBlockLocationProtocolServerSideTranslatorPB.send(ScmBlockLocationProtocolServerSideTranslatorPB.java:98)
	at org.apache.hadoop.hdds.protocol.proto.ScmBlockLocationProtocolProtos$ScmBlockLocationProtocolService$2.callBlockingMethod(ScmBlockLocationProtocolProtos.java:13157)
	at org.apache.hadoop.ipc.ProtobufRpcEngine$Server$ProtoBufRpcInvoker.call(ProtobufRpcEngine.java:524)
	at org.apache.hadoop.ipc.RPC$Server.call(RPC.java:1025)
	at org.apache.hadoop.ipc.Server$RpcCall.run(Server.java:876)
	at org.apache.hadoop.ipc.Server$RpcCall.run(Server.java:822)
	at java.security.AccessController.doPrivileged(Native Method)
	at javax.security.auth.Subject.doAs(Subject.java:422)
	at org.apache.hadoop.security.UserGroupInformation.doAs(UserGroupInformation.java:1730)
	at org.apache.hadoop.ipc.Server$Handler.run(Server.java:2682)
2019-10-10 01:28:00,148 [grpc-default-executor-25] INFO  impl.RaftServerProxy (RaftServerProxy.java:addNew(89)) - 4b92f2f8-e489-47a4-a90a-1d3fa2a9a07f: addNew group-F41FBE1AF940:[4b92f2f8-e489-47a4-a90a-1d3fa2a9a07f:192.168.151.118:35849, 993817e1-c77a-472e-865f-a6e34ffe7967:192.168.151.118:41261, fe8e0d95-22db-4b8a-875e-83bee4d716fb:192.168.151.118:34352] returns group-F41FBE1AF940:java.util.concurrent.CompletableFuture@64a1322e[Not completed]
2019-10-10 01:28:00,148 [grpc-default-executor-30] INFO  impl.RaftServerProxy (RaftServerProxy.java:addNew(89)) - 993817e1-c77a-472e-865f-a6e34ffe7967: addNew group-F41FBE1AF940:[4b92f2f8-e489-47a4-a90a-1d3fa2a9a07f:192.168.151.118:35849, 993817e1-c77a-472e-865f-a6e34ffe7967:192.168.151.118:41261, fe8e0d95-22db-4b8a-875e-83bee4d716fb:192.168.151.118:34352] returns group-F41FBE1AF940:java.util.concurrent.CompletableFuture@7dc7d19[Not completed]
2019-10-10 01:28:00,149 [grpc-default-executor-29] INFO  impl.RaftServerProxy (RaftServerProxy.java:addNew(89)) - fe8e0d95-22db-4b8a-875e-83bee4d716fb: addNew group-F41FBE1AF940:[4b92f2f8-e489-47a4-a90a-1d3fa2a9a07f:192.168.151.118:35849, 993817e1-c77a-472e-865f-a6e34ffe7967:192.168.151.118:41261, fe8e0d95-22db-4b8a-875e-83bee4d716fb:192.168.151.118:34352] returns group-F41FBE1AF940:java.util.concurrent.CompletableFuture@1d11c672[Not completed]
2019-10-10 01:28:00,668 [pool-47-thread-1] INFO  storage.RaftStorage (RaftStorage.java:format(84)) - Storage directory /workdir/hadoop-ozone/tools/target/test-dir/MiniOzoneClusterImpl-1e8b0e80-279c-49c4-ae13-42ed318b6149/datanode-2/data/ratis/a4033b5a-5be3-471a-baf9-81e13198c927 has been successfully formatted.
2019-10-10 01:28:00,668 [pool-27-thread-1] INFO  storage.RaftStorage (RaftStorage.java:format(84)) - Storage directory /workdir/hadoop-ozone/tools/target/test-dir/MiniOzoneClusterImpl-1e8b0e80-279c-49c4-ae13-42ed318b6149/datanode-0/data/ratis/a4033b5a-5be3-471a-baf9-81e13198c927 has been successfully formatted.
2019-10-10 01:28:00,668 [pool-67-thread-1] INFO  storage.RaftStorage (RaftStorage.java:format(84)) - Storage directory /workdir/hadoop-ozone/tools/target/test-dir/MiniOzoneClusterImpl-1e8b0e80-279c-49c4-ae13-42ed318b6149/datanode-4/data/ratis/a4033b5a-5be3-471a-baf9-81e13198c927 has been successfully formatted.
2019-10-10 01:28:00,668 [pool-27-thread-1] INFO  ratis.ContainerStateMachine (ContainerStateMachine.java:loadSnapshot(231)) - group-81E13198C927: The snapshot info is null. Setting the last applied indexto:(t:0, i:~)
2019-10-10 01:28:00,668 [pool-47-thread-1] INFO  ratis.ContainerStateMachine (ContainerStateMachine.java:loadSnapshot(231)) - group-81E13198C927: The snapshot info is null. Setting the last applied indexto:(t:0, i:~)
2019-10-10 01:28:00,669 [pool-27-thread-1] INFO  server.RaftServerConfigKeys (ConfUtils.java:logGet(43)) - raft.server.notification.no-leader.timeout = 120s (custom)
2019-10-10 01:28:00,668 [pool-67-thread-1] INFO  ratis.ContainerStateMachine (ContainerStateMachine.java:loadSnapshot(231)) - group-81E13198C927: The snapshot info is null. Setting the last applied indexto:(t:0, i:~)
2019-10-10 01:28:00,669 [pool-27-thread-1] INFO  server.RaftServerConfigKeys (ConfUtils.java:logGet(43)) - raft.server.log.use.memory = false (default)
2019-10-10 01:28:00,669 [pool-47-thread-1] INFO  server.RaftServerConfigKeys (ConfUtils.java:logGet(43)) - raft.server.notification.no-leader.timeout = 120s (custom)
2019-10-10 01:28:00,669 [pool-27-thread-1] INFO  server.RaftServerConfigKeys (ConfUtils.java:logGet(43)) - raft.server.log.purge.gap = 1000000 (custom)
2019-10-10 01:28:00,669 [pool-67-thread-1] INFO  server.RaftServerConfigKeys (ConfUtils.java:logGet(43)) - raft.server.notification.no-leader.timeout = 120s (custom)
2019-10-10 01:28:00,670 [pool-27-thread-1] INFO  server.RaftServerConfigKeys (ConfUtils.java:logGet(43)) - raft.server.log.appender.buffer.byte-limit = 33554432 (custom)
2019-10-10 01:28:00,669 [pool-47-thread-1] INFO  server.RaftServerConfigKeys (ConfUtils.java:logGet(43)) - raft.server.log.use.memory = false (default)
2019-10-10 01:28:00,670 [pool-27-thread-1] INFO  server.RaftServerConfigKeys (ConfUtils.java:logGet(43)) - raft.server.log.segment.size.max = 1048576 (custom)
2019-10-10 01:28:00,670 [grpc-default-executor-17] INFO  interfaces.Container (KeyValueContainer.java:flushAndSyncDB(386)) - Container 12 is synced with bcsId 0.
2019-10-10 01:28:00,670 [pool-67-thread-1] INFO  server.RaftServerConfigKeys (ConfUtils.java:logGet(43)) - raft.server.log.use.memory = false (default)
2019-10-10 01:28:00,670 [pool-27-thread-1] INFO  server.RaftServerConfigKeys (ConfUtils.java:logGet(43)) - raft.server.log.segment.cache.num.max = 2 (custom)
2019-10-10 01:28:00,670 [pool-47-thread-1] INFO  server.RaftServerConfigKeys (ConfUtils.java:logGet(43)) - raft.server.log.purge.gap = 1000000 (custom)
2019-10-10 01:28:00,671 [pool-27-thread-1] INFO  segmented.SegmentedRaftLogWorker (SegmentedRaftLogWorker.java:<init>(173)) - new 993817e1-c77a-472e-865f-a6e34ffe7967@group-81E13198C927-SegmentedRaftLogWorker for RaftStorage:Storage Directory /workdir/hadoop-ozone/tools/target/test-dir/MiniOzoneClusterImpl-1e8b0e80-279c-49c4-ae13-42ed318b6149/datanode-0/data/ratis/a4033b5a-5be3-471a-baf9-81e13198c927
2019-10-10 01:28:00,671 [pool-67-thread-1] INFO  server.RaftServerConfigKeys (ConfUtils.java:logGet(43)) - raft.server.log.purge.gap = 1000000 (custom)
2019-10-10 01:28:00,671 [pool-27-thread-1] INFO  server.RaftServerConfigKeys (ConfUtils.java:logGet(43)) - raft.server.log.queue.byte-limit = 2147483647 (custom)
2019-10-10 01:28:00,671 [pool-47-thread-1] INFO  server.RaftServerConfigKeys (ConfUtils.java:logGet(43)) - raft.server.log.appender.buffer.byte-limit = 33554432 (custom)
2019-10-10 01:28:00,672 [pool-27-thread-1] INFO  server.RaftServerConfigKeys (ConfUtils.java:logGet(43)) - raft.server.log.queue.element-limit = 1024 (custom)
2019-10-10 01:28:00,671 [pool-67-thread-1] INFO  server.RaftServerConfigKeys (ConfUtils.java:logGet(43)) - raft.server.log.appender.buffer.byte-limit = 33554432 (custom)
2019-10-10 01:28:00,672 [pool-27-thread-1] INFO  server.RaftServerConfigKeys (ConfUtils.java:logGet(43)) - raft.server.log.segment.size.max = 1048576 (custom)
2019-10-10 01:28:00,672 [pool-47-thread-1] INFO  server.RaftServerConfigKeys (ConfUtils.java:logGet(43)) - raft.server.log.segment.size.max = 1048576 (custom)
2019-10-10 01:28:00,672 [pool-27-thread-1] INFO  server.RaftServerConfigKeys (ConfUtils.java:logGet(43)) - raft.server.log.preallocated.size = 16384 (custom)
2019-10-10 01:28:00,672 [pool-67-thread-1] INFO  server.RaftServerConfigKeys (ConfUtils.java:logGet(43)) - raft.server.log.segment.size.max = 1048576 (custom)
2019-10-10 01:28:00,673 [pool-27-thread-1] INFO  server.RaftServerConfigKeys (ConfUtils.java:logGet(43)) - raft.server.log.write.buffer.size = 33554432 (custom)
2019-10-10 01:28:00,672 [pool-47-thread-1] INFO  server.RaftServerConfigKeys (ConfUtils.java:logGet(43)) - raft.server.log.segment.cache.num.max = 2 (custom)
2019-10-10 01:28:00,673 [pool-27-thread-1] INFO  server.RaftServerConfigKeys (ConfUtils.java:logGet(43)) - raft.server.log.force.sync.num = 128 (default)
2019-10-10 01:28:00,673 [pool-67-thread-1] INFO  server.RaftServerConfigKeys (ConfUtils.java:logGet(43)) - raft.server.log.segment.cache.num.max = 2 (custom)
2019-10-10 01:28:00,673 [pool-27-thread-1] INFO  server.RaftServerConfigKeys (ConfUtils.java:logGet(43)) - raft.server.log.statemachine.data.sync = true (default)
2019-10-10 01:28:00,673 [pool-27-thread-1] INFO  server.RaftServerConfigKeys (ConfUtils.java:logGet(43)) - raft.server.log.statemachine.data.sync.timeout = 10s (default)
2019-10-10 01:28:00,673 [pool-47-thread-1] INFO  segmented.SegmentedRaftLogWorker (SegmentedRaftLogWorker.java:<init>(173)) - new fe8e0d95-22db-4b8a-875e-83bee4d716fb@group-81E13198C927-SegmentedRaftLogWorker for RaftStorage:Storage Directory /workdir/hadoop-ozone/tools/target/test-dir/MiniOzoneClusterImpl-1e8b0e80-279c-49c4-ae13-42ed318b6149/datanode-2/data/ratis/a4033b5a-5be3-471a-baf9-81e13198c927
2019-10-10 01:28:00,674 [pool-27-thread-1] INFO  server.RaftServerConfigKeys (ConfUtils.java:logGet(43)) - raft.server.log.statemachine.data.sync.timeout.retry = -1 (default)
2019-10-10 01:28:00,673 [pool-67-thread-1] INFO  segmented.SegmentedRaftLogWorker (SegmentedRaftLogWorker.java:<init>(173)) - new 4b92f2f8-e489-47a4-a90a-1d3fa2a9a07f@group-81E13198C927-SegmentedRaftLogWorker for RaftStorage:Storage Directory /workdir/hadoop-ozone/tools/target/test-dir/MiniOzoneClusterImpl-1e8b0e80-279c-49c4-ae13-42ed318b6149/datanode-4/data/ratis/a4033b5a-5be3-471a-baf9-81e13198c927
2019-10-10 01:28:00,674 [pool-27-thread-1] INFO  server.RaftServerConfigKeys (ConfUtils.java:logGet(43)) - raft.server.log.statemachine.data.caching.enabled = true (custom)
2019-10-10 01:28:00,674 [pool-47-thread-1] INFO  server.RaftServerConfigKeys (ConfUtils.java:logGet(43)) - raft.server.log.queue.byte-limit = 2147483647 (custom)
2019-10-10 01:28:00,674 [pool-67-thread-1] INFO  server.RaftServerConfigKeys (ConfUtils.java:logGet(43)) - raft.server.log.queue.byte-limit = 2147483647 (custom)
2019-10-10 01:28:00,674 [pool-47-thread-1] INFO  server.RaftServerConfigKeys (ConfUtils.java:logGet(43)) - raft.server.log.queue.element-limit = 1024 (custom)
2019-10-10 01:28:00,675 [pool-67-thread-1] INFO  server.RaftServerConfigKeys (ConfUtils.java:logGet(43)) - raft.server.log.queue.element-limit = 1024 (custom)
2019-10-10 01:28:00,675 [pool-47-thread-1] INFO  server.RaftServerConfigKeys (ConfUtils.java:logGet(43)) - raft.server.log.segment.size.max = 1048576 (custom)
2019-10-10 01:28:00,675 [pool-67-thread-1] INFO  server.RaftServerConfigKeys (ConfUtils.java:logGet(43)) - raft.server.log.segment.size.max = 1048576 (custom)
2019-10-10 01:28:00,675 [pool-47-thread-1] INFO  server.RaftServerConfigKeys (ConfUtils.java:logGet(43)) - raft.server.log.preallocated.size = 16384 (custom)
2019-10-10 01:28:00,675 [pool-67-thread-1] INFO  server.RaftServerConfigKeys (ConfUtils.java:logGet(43)) - raft.server.log.preallocated.size = 16384 (custom)
2019-10-10 01:28:00,675 [pool-47-thread-1] INFO  server.RaftServerConfigKeys (ConfUtils.java:logGet(43)) - raft.server.log.write.buffer.size = 33554432 (custom)
2019-10-10 01:28:00,675 [pool-67-thread-1] INFO  server.RaftServerConfigKeys (ConfUtils.java:logGet(43)) - raft.server.log.write.buffer.size = 33554432 (custom)
2019-10-10 01:28:00,675 [pool-47-thread-1] INFO  server.RaftServerConfigKeys (ConfUtils.java:logGet(43)) - raft.server.log.force.sync.num = 128 (default)
2019-10-10 01:28:00,676 [pool-67-thread-1] INFO  server.RaftServerConfigKeys (ConfUtils.java:logGet(43)) - raft.server.log.force.sync.num = 128 (default)
2019-10-10 01:28:00,676 [pool-47-thread-1] INFO  server.RaftServerConfigKeys (ConfUtils.java:logGet(43)) - raft.server.log.statemachine.data.sync = true (default)
2019-10-10 01:28:00,676 [pool-67-thread-1] INFO  server.RaftServerConfigKeys (ConfUtils.java:logGet(43)) - raft.server.log.statemachine.data.sync = true (default)
2019-10-10 01:28:00,676 [pool-47-thread-1] INFO  server.RaftServerConfigKeys (ConfUtils.java:logGet(43)) - raft.server.log.statemachine.data.sync.timeout = 10s (default)
2019-10-10 01:28:00,676 [pool-67-thread-1] INFO  server.RaftServerConfigKeys (ConfUtils.java:logGet(43)) - raft.server.log.statemachine.data.sync.timeout = 10s (default)
2019-10-10 01:28:00,676 [pool-47-thread-1] INFO  server.RaftServerConfigKeys (ConfUtils.java:logGet(43)) - raft.server.log.statemachine.data.sync.timeout.retry = -1 (default)
2019-10-10 01:28:00,676 [pool-67-thread-1] INFO  server.RaftServerConfigKeys (ConfUtils.java:logGet(43)) - raft.server.log.statemachine.data.sync.timeout.retry = -1 (default)
2019-10-10 01:28:00,677 [pool-47-thread-1] INFO  server.RaftServerConfigKeys (ConfUtils.java:logGet(43)) - raft.server.log.statemachine.data.caching.enabled = true (custom)
2019-10-10 01:28:00,677 [pool-67-thread-1] INFO  server.RaftServerConfigKeys (ConfUtils.java:logGet(43)) - raft.server.log.statemachine.data.caching.enabled = true (custom)
2019-10-10 01:28:00,729 [pool-67-thread-1] INFO  segmented.SegmentedRaftLogWorker (SegmentedRaftLogWorker.java:lambda$new$0(128)) - 4b92f2f8-e489-47a4-a90a-1d3fa2a9a07f@group-81E13198C927-SegmentedRaftLogWorker: flushIndex: setUnconditionally 0 -> -1
2019-10-10 01:28:00,729 [pool-47-thread-1] INFO  segmented.SegmentedRaftLogWorker (SegmentedRaftLogWorker.java:lambda$new$0(128)) - fe8e0d95-22db-4b8a-875e-83bee4d716fb@group-81E13198C927-SegmentedRaftLogWorker: flushIndex: setUnconditionally 0 -> -1
2019-10-10 01:28:00,729 [pool-27-thread-1] INFO  segmented.SegmentedRaftLogWorker (SegmentedRaftLogWorker.java:lambda$new$0(128)) - 993817e1-c77a-472e-865f-a6e34ffe7967@group-81E13198C927-SegmentedRaftLogWorker: flushIndex: setUnconditionally 0 -> -1
2019-10-10 01:28:00,729 [pool-67-thread-1] INFO  server.RaftServerConfigKeys (ConfUtils.java:logGet(43)) - raft.server.snapshot.auto.trigger.enabled = true (custom)
2019-10-10 01:28:00,729 [pool-47-thread-1] INFO  server.RaftServerConfigKeys (ConfUtils.java:logGet(43)) - raft.server.snapshot.auto.trigger.enabled = true (custom)
2019-10-10 01:28:00,730 [pool-67-thread-1] INFO  server.RaftServerConfigKeys (ConfUtils.java:logGet(43)) - raft.server.snapshot.auto.trigger.threshold = 10000 (custom)
2019-10-10 01:28:00,730 [pool-27-thread-1] INFO  server.RaftServerConfigKeys (ConfUtils.java:logGet(43)) - raft.server.snapshot.auto.trigger.enabled = true (custom)
2019-10-10 01:28:00,730 [pool-67-thread-1] INFO  server.RaftServerConfigKeys (ConfUtils.java:logGet(43)) - raft.server.snapshot.retention.file.num = 5 (custom)
2019-10-10 01:28:00,730 [pool-47-thread-1] INFO  server.RaftServerConfigKeys (ConfUtils.java:logGet(43)) - raft.server.snapshot.auto.trigger.threshold = 10000 (custom)
2019-10-10 01:28:00,730 [pool-67-thread-1] INFO  server.RaftServerConfigKeys (ConfUtils.java:logGet(43)) - raft.server.retrycache.expirytime = 600000ms (custom)
2019-10-10 01:28:00,730 [pool-27-thread-1] INFO  server.RaftServerConfigKeys (ConfUtils.java:logGet(43)) - raft.server.snapshot.auto.trigger.threshold = 10000 (custom)
2019-10-10 01:28:00,730 [pool-47-thread-1] INFO  server.RaftServerConfigKeys (ConfUtils.java:logGet(43)) - raft.server.snapshot.retention.file.num = 5 (custom)
2019-10-10 01:28:00,731 [pool-27-thread-1] INFO  server.RaftServerConfigKeys (ConfUtils.java:logGet(43)) - raft.server.snapshot.retention.file.num = 5 (custom)
2019-10-10 01:28:00,731 [pool-47-thread-1] INFO  server.RaftServerConfigKeys (ConfUtils.java:logGet(43)) - raft.server.retrycache.expirytime = 600000ms (custom)
2019-10-10 01:28:00,731 [pool-27-thread-1] INFO  server.RaftServerConfigKeys (ConfUtils.java:logGet(43)) - raft.server.retrycache.expirytime = 600000ms (custom)
2019-10-10 01:28:00,734 [pool-67-thread-1] INFO  impl.RaftServerImpl (RaftServerImpl.java:start(181)) - 4b92f2f8-e489-47a4-a90a-1d3fa2a9a07f@group-8D3AD9D6C54E: start as a follower, conf=-1: [4b92f2f8-e489-47a4-a90a-1d3fa2a9a07f:192.168.151.118:35849, 993817e1-c77a-472e-865f-a6e34ffe7967:192.168.151.118:41261, fe8e0d95-22db-4b8a-875e-83bee4d716fb:192.168.151.118:34352], old=null
2019-10-10 01:28:00,734 [pool-67-thread-1] INFO  impl.RaftServerImpl (RaftServerImpl.java:setRole(170)) - 4b92f2f8-e489-47a4-a90a-1d3fa2a9a07f@group-8D3AD9D6C54E: changes role from      null to FOLLOWER at term 0 for startAsFollower
2019-10-10 01:28:00,734 [pool-67-thread-1] INFO  impl.RoleInfo (RoleInfo.java:updateAndGet(143)) - 4b92f2f8-e489-47a4-a90a-1d3fa2a9a07f: start FollowerState
2019-10-10 01:28:00,735 [pool-47-thread-1] INFO  impl.RaftServerImpl (RaftServerImpl.java:start(181)) - fe8e0d95-22db-4b8a-875e-83bee4d716fb@group-8D3AD9D6C54E: start as a follower, conf=-1: [4b92f2f8-e489-47a4-a90a-1d3fa2a9a07f:192.168.151.118:35849, 993817e1-c77a-472e-865f-a6e34ffe7967:192.168.151.118:41261, fe8e0d95-22db-4b8a-875e-83bee4d716fb:192.168.151.118:34352], old=null
2019-10-10 01:28:00,735 [pool-27-thread-1] INFO  impl.RaftServerImpl (RaftServerImpl.java:start(181)) - 993817e1-c77a-472e-865f-a6e34ffe7967@group-8D3AD9D6C54E: start as a follower, conf=-1: [4b92f2f8-e489-47a4-a90a-1d3fa2a9a07f:192.168.151.118:35849, 993817e1-c77a-472e-865f-a6e34ffe7967:192.168.151.118:41261, fe8e0d95-22db-4b8a-875e-83bee4d716fb:192.168.151.118:34352], old=null
2019-10-10 01:28:00,735 [pool-67-thread-1] INFO  util.JmxRegister (JmxRegister.java:tryRegister(44)) - Successfully registered JMX Bean with object name Ratis:service=RaftServer,group=group-8D3AD9D6C54E,id=4b92f2f8-e489-47a4-a90a-1d3fa2a9a07f
2019-10-10 01:28:00,735 [pool-27-thread-1] INFO  impl.RaftServerImpl (RaftServerImpl.java:setRole(170)) - 993817e1-c77a-472e-865f-a6e34ffe7967@group-8D3AD9D6C54E: changes role from      null to FOLLOWER at term 0 for startAsFollower
2019-10-10 01:28:00,735 [pool-47-thread-1] INFO  impl.RaftServerImpl (RaftServerImpl.java:setRole(170)) - fe8e0d95-22db-4b8a-875e-83bee4d716fb@group-8D3AD9D6C54E: changes role from      null to FOLLOWER at term 0 for startAsFollower
2019-10-10 01:28:00,735 [pool-27-thread-1] INFO  impl.RoleInfo (RoleInfo.java:updateAndGet(143)) - 993817e1-c77a-472e-865f-a6e34ffe7967: start FollowerState
2019-10-10 01:28:00,736 [pool-47-thread-1] INFO  impl.RoleInfo (RoleInfo.java:updateAndGet(143)) - fe8e0d95-22db-4b8a-875e-83bee4d716fb: start FollowerState
2019-10-10 01:28:00,736 [pool-27-thread-1] INFO  util.JmxRegister (JmxRegister.java:tryRegister(44)) - Successfully registered JMX Bean with object name Ratis:service=RaftServer,group=group-8D3AD9D6C54E,id=993817e1-c77a-472e-865f-a6e34ffe7967
2019-10-10 01:28:00,736 [pool-47-thread-1] INFO  util.JmxRegister (JmxRegister.java:tryRegister(44)) - Successfully registered JMX Bean with object name Ratis:service=RaftServer,group=group-8D3AD9D6C54E,id=fe8e0d95-22db-4b8a-875e-83bee4d716fb
2019-10-10 01:28:00,740 [pool-67-thread-1] INFO  impl.RaftServerImpl (RaftServerImpl.java:<init>(95)) - 4b92f2f8-e489-47a4-a90a-1d3fa2a9a07f: new RaftServerImpl for group-258B293B060D:[4b92f2f8-e489-47a4-a90a-1d3fa2a9a07f:192.168.151.118:35849, 993817e1-c77a-472e-865f-a6e34ffe7967:192.168.151.118:41261, fe8e0d95-22db-4b8a-875e-83bee4d716fb:192.168.151.118:34352] with ContainerStateMachine:uninitialized
2019-10-10 01:28:00,741 [pool-67-thread-1] INFO  server.RaftServerConfigKeys (ConfUtils.java:logGet(43)) - raft.server.rpc.timeout.min = 5s (custom)
2019-10-10 01:28:00,741 [pool-67-thread-1] INFO  server.RaftServerConfigKeys (ConfUtils.java:logGet(43)) - raft.server.rpc.timeout.max = 5200ms (custom)
2019-10-10 01:28:00,741 [pool-67-thread-1] INFO  server.RaftServerConfigKeys (ConfUtils.java:logGet(43)) - raft.server.rpcslowness.timeout = 120s (custom)
2019-10-10 01:28:00,741 [pool-67-thread-1] INFO  server.RaftServerConfigKeys (ConfUtils.java:logGet(43)) - raft.server.sleep.deviation.threshold = 300 (default)
2019-10-10 01:28:00,741 [pool-67-thread-1] INFO  server.RaftServerConfigKeys (ConfUtils.java:logGet(43)) - raft.server.log.appender.install.snapshot.enabled = false (custom)
2019-10-10 01:28:00,741 [pool-67-thread-1] INFO  impl.RaftServerImpl (ServerState.java:<init>(103)) - 4b92f2f8-e489-47a4-a90a-1d3fa2a9a07f@group-258B293B060D: ConfigurationManager, init=-1: [4b92f2f8-e489-47a4-a90a-1d3fa2a9a07f:192.168.151.118:35849, 993817e1-c77a-472e-865f-a6e34ffe7967:192.168.151.118:41261, fe8e0d95-22db-4b8a-875e-83bee4d716fb:192.168.151.118:34352], old=null, confs=<EMPTY_MAP>
2019-10-10 01:28:00,741 [pool-67-thread-1] INFO  server.RaftServerConfigKeys (ConfUtils.java:logGet(43)) - raft.server.storage.dir = [/workdir/hadoop-ozone/tools/target/test-dir/MiniOzoneClusterImpl-1e8b0e80-279c-49c4-ae13-42ed318b6149/datanode-4/data/ratis] (custom)
2019-10-10 01:28:00,741 [pool-27-thread-1] INFO  impl.RaftServerImpl (RaftServerImpl.java:<init>(95)) - 993817e1-c77a-472e-865f-a6e34ffe7967: new RaftServerImpl for group-258B293B060D:[4b92f2f8-e489-47a4-a90a-1d3fa2a9a07f:192.168.151.118:35849, 993817e1-c77a-472e-865f-a6e34ffe7967:192.168.151.118:41261, fe8e0d95-22db-4b8a-875e-83bee4d716fb:192.168.151.118:34352] with ContainerStateMachine:uninitialized
2019-10-10 01:28:00,742 [pool-27-thread-1] INFO  server.RaftServerConfigKeys (ConfUtils.java:logGet(43)) - raft.server.rpc.timeout.min = 5s (custom)
2019-10-10 01:28:00,742 [pool-67-thread-1] INFO  server.RaftServerConfigKeys (ConfUtils.java:logGet(43)) - raft.server.log.corruption.policy = EXCEPTION (default)
2019-10-10 01:28:00,742 [pool-27-thread-1] INFO  server.RaftServerConfigKeys (ConfUtils.java:logGet(43)) - raft.server.rpc.timeout.max = 5200ms (custom)
2019-10-10 01:28:00,742 [pool-67-thread-1] INFO  storage.RaftStorageDirectory (RaftStorageDirectory.java:analyzeStorage(246)) - The storage directory /workdir/hadoop-ozone/tools/target/test-dir/MiniOzoneClusterImpl-1e8b0e80-279c-49c4-ae13-42ed318b6149/datanode-4/data/ratis/724f14fe-6f9f-42c9-a973-258b293b060d does not exist. Creating ...
2019-10-10 01:28:00,742 [pool-27-thread-1] INFO  server.RaftServerConfigKeys (ConfUtils.java:logGet(43)) - raft.server.rpcslowness.timeout = 120s (custom)
2019-10-10 01:28:00,742 [pool-47-thread-1] INFO  impl.RaftServerImpl (RaftServerImpl.java:<init>(95)) - fe8e0d95-22db-4b8a-875e-83bee4d716fb: new RaftServerImpl for group-258B293B060D:[4b92f2f8-e489-47a4-a90a-1d3fa2a9a07f:192.168.151.118:35849, 993817e1-c77a-472e-865f-a6e34ffe7967:192.168.151.118:41261, fe8e0d95-22db-4b8a-875e-83bee4d716fb:192.168.151.118:34352] with ContainerStateMachine:uninitialized
2019-10-10 01:28:00,742 [pool-27-thread-1] INFO  server.RaftServerConfigKeys (ConfUtils.java:logGet(43)) - raft.server.sleep.deviation.threshold = 300 (default)
2019-10-10 01:28:00,742 [pool-47-thread-1] INFO  server.RaftServerConfigKeys (ConfUtils.java:logGet(43)) - raft.server.rpc.timeout.min = 5s (custom)
2019-10-10 01:28:00,743 [pool-27-thread-1] INFO  server.RaftServerConfigKeys (ConfUtils.java:logGet(43)) - raft.server.log.appender.install.snapshot.enabled = false (custom)
2019-10-10 01:28:00,743 [pool-47-thread-1] INFO  server.RaftServerConfigKeys (ConfUtils.java:logGet(43)) - raft.server.rpc.timeout.max = 5200ms (custom)
2019-10-10 01:28:00,743 [pool-27-thread-1] INFO  impl.RaftServerImpl (ServerState.java:<init>(103)) - 993817e1-c77a-472e-865f-a6e34ffe7967@group-258B293B060D: ConfigurationManager, init=-1: [4b92f2f8-e489-47a4-a90a-1d3fa2a9a07f:192.168.151.118:35849, 993817e1-c77a-472e-865f-a6e34ffe7967:192.168.151.118:41261, fe8e0d95-22db-4b8a-875e-83bee4d716fb:192.168.151.118:34352], old=null, confs=<EMPTY_MAP>
2019-10-10 01:28:00,743 [pool-47-thread-1] INFO  server.RaftServerConfigKeys (ConfUtils.java:logGet(43)) - raft.server.rpcslowness.timeout = 120s (custom)
2019-10-10 01:28:00,743 [pool-27-thread-1] INFO  server.RaftServerConfigKeys (ConfUtils.java:logGet(43)) - raft.server.storage.dir = [/workdir/hadoop-ozone/tools/target/test-dir/MiniOzoneClusterImpl-1e8b0e80-279c-49c4-ae13-42ed318b6149/datanode-0/data/ratis] (custom)
2019-10-10 01:28:00,743 [pool-47-thread-1] INFO  server.RaftServerConfigKeys (ConfUtils.java:logGet(43)) - raft.server.sleep.deviation.threshold = 300 (default)
2019-10-10 01:28:00,743 [pool-47-thread-1] INFO  server.RaftServerConfigKeys (ConfUtils.java:logGet(43)) - raft.server.log.appender.install.snapshot.enabled = false (custom)
2019-10-10 01:28:00,743 [pool-27-thread-1] INFO  server.RaftServerConfigKeys (ConfUtils.java:logGet(43)) - raft.server.log.corruption.policy = EXCEPTION (default)
2019-10-10 01:28:00,744 [pool-47-thread-1] INFO  impl.RaftServerImpl (ServerState.java:<init>(103)) - fe8e0d95-22db-4b8a-875e-83bee4d716fb@group-258B293B060D: ConfigurationManager, init=-1: [4b92f2f8-e489-47a4-a90a-1d3fa2a9a07f:192.168.151.118:35849, 993817e1-c77a-472e-865f-a6e34ffe7967:192.168.151.118:41261, fe8e0d95-22db-4b8a-875e-83bee4d716fb:192.168.151.118:34352], old=null, confs=<EMPTY_MAP>
2019-10-10 01:28:00,744 [pool-27-thread-1] INFO  storage.RaftStorageDirectory (RaftStorageDirectory.java:analyzeStorage(246)) - The storage directory /workdir/hadoop-ozone/tools/target/test-dir/MiniOzoneClusterImpl-1e8b0e80-279c-49c4-ae13-42ed318b6149/datanode-0/data/ratis/724f14fe-6f9f-42c9-a973-258b293b060d does not exist. Creating ...
2019-10-10 01:28:00,744 [pool-47-thread-1] INFO  server.RaftServerConfigKeys (ConfUtils.java:logGet(43)) - raft.server.storage.dir = [/workdir/hadoop-ozone/tools/target/test-dir/MiniOzoneClusterImpl-1e8b0e80-279c-49c4-ae13-42ed318b6149/datanode-2/data/ratis] (custom)
2019-10-10 01:28:00,744 [pool-47-thread-1] INFO  server.RaftServerConfigKeys (ConfUtils.java:logGet(43)) - raft.server.log.corruption.policy = EXCEPTION (default)
2019-10-10 01:28:00,744 [pool-47-thread-1] INFO  storage.RaftStorageDirectory (RaftStorageDirectory.java:analyzeStorage(246)) - The storage directory /workdir/hadoop-ozone/tools/target/test-dir/MiniOzoneClusterImpl-1e8b0e80-279c-49c4-ae13-42ed318b6149/datanode-2/data/ratis/724f14fe-6f9f-42c9-a973-258b293b060d does not exist. Creating ...
 0.00% |█                                                                                                    |  0/1 Time: 0:00:162019-10-10 01:28:01,071 [grpc-default-executor-24] INFO  interfaces.Container (KeyValueContainer.java:flushAndSyncDB(386)) - Container 12 is synced with bcsId 0.
2019-10-10 01:28:01,071 [grpc-default-executor-24] INFO  interfaces.Container (KeyValueContainer.java:flushAndSyncDB(386)) - Container 12 is synced with bcsId 0.
2019-10-10 01:28:01,073 [pool-67-thread-1] INFO  storage.RaftStorageDirectory (RaftStorageDirectory.java:tryLock(328)) - Lock on /workdir/hadoop-ozone/tools/target/test-dir/MiniOzoneClusterImpl-1e8b0e80-279c-49c4-ae13-42ed318b6149/datanode-4/data/ratis/724f14fe-6f9f-42c9-a973-258b293b060d/in_use.lock acquired by nodename 12932@pr-hdds-2194-jqrdw-3579824535
2019-10-10 01:28:01,073 [pool-27-thread-1] INFO  storage.RaftStorageDirectory (RaftStorageDirectory.java:tryLock(328)) - Lock on /workdir/hadoop-ozone/tools/target/test-dir/MiniOzoneClusterImpl-1e8b0e80-279c-49c4-ae13-42ed318b6149/datanode-0/data/ratis/724f14fe-6f9f-42c9-a973-258b293b060d/in_use.lock acquired by nodename 12932@pr-hdds-2194-jqrdw-3579824535
2019-10-10 01:28:01,073 [pool-47-thread-1] INFO  storage.RaftStorageDirectory (RaftStorageDirectory.java:tryLock(328)) - Lock on /workdir/hadoop-ozone/tools/target/test-dir/MiniOzoneClusterImpl-1e8b0e80-279c-49c4-ae13-42ed318b6149/datanode-2/data/ratis/724f14fe-6f9f-42c9-a973-258b293b060d/in_use.lock acquired by nodename 12932@pr-hdds-2194-jqrdw-3579824535
2019-10-10 01:28:01,074 [EventQueue-IncrementalContainerReportForIncrementalContainerReportHandler] INFO  container.IncrementalContainerReportHandler (AbstractContainerReportHandler.java:updateContainerState(171)) - Moving container #12 to QUASI_CLOSED state, datanode 4b92f2f8-e489-47a4-a90a-1d3fa2a9a07f{ip: 192.168.151.118, host: pr-hdds-2194-jqrdw-3579824535, networkLocation: /default-rack, certSerialId: null} reported QUASI_CLOSED replica.
2019-10-10 01:28:01,088 [pool-27-thread-1] INFO  storage.RaftStorage (RaftStorage.java:format(84)) - Storage directory /workdir/hadoop-ozone/tools/target/test-dir/MiniOzoneClusterImpl-1e8b0e80-279c-49c4-ae13-42ed318b6149/datanode-0/data/ratis/724f14fe-6f9f-42c9-a973-258b293b060d has been successfully formatted.
2019-10-10 01:28:01,088 [pool-47-thread-1] INFO  storage.RaftStorage (RaftStorage.java:format(84)) - Storage directory /workdir/hadoop-ozone/tools/target/test-dir/MiniOzoneClusterImpl-1e8b0e80-279c-49c4-ae13-42ed318b6149/datanode-2/data/ratis/724f14fe-6f9f-42c9-a973-258b293b060d has been successfully formatted.
2019-10-10 01:28:01,088 [pool-67-thread-1] INFO  storage.RaftStorage (RaftStorage.java:format(84)) - Storage directory /workdir/hadoop-ozone/tools/target/test-dir/MiniOzoneClusterImpl-1e8b0e80-279c-49c4-ae13-42ed318b6149/datanode-4/data/ratis/724f14fe-6f9f-42c9-a973-258b293b060d has been successfully formatted.
2019-10-10 01:28:01,088 [pool-27-thread-1] INFO  ratis.ContainerStateMachine (ContainerStateMachine.java:loadSnapshot(231)) - group-258B293B060D: The snapshot info is null. Setting the last applied indexto:(t:0, i:~)
2019-10-10 01:28:01,088 [pool-67-thread-1] INFO  ratis.ContainerStateMachine (ContainerStateMachine.java:loadSnapshot(231)) - group-258B293B060D: The snapshot info is null. Setting the last applied indexto:(t:0, i:~)
2019-10-10 01:28:01,088 [pool-47-thread-1] INFO  ratis.ContainerStateMachine (ContainerStateMachine.java:loadSnapshot(231)) - group-258B293B060D: The snapshot info is null. Setting the last applied indexto:(t:0, i:~)
2019-10-10 01:28:01,089 [pool-67-thread-1] INFO  server.RaftServerConfigKeys (ConfUtils.java:logGet(43)) - raft.server.notification.no-leader.timeout = 120s (custom)
2019-10-10 01:28:01,089 [pool-27-thread-1] INFO  server.RaftServerConfigKeys (ConfUtils.java:logGet(43)) - raft.server.notification.no-leader.timeout = 120s (custom)
2019-10-10 01:28:01,089 [pool-67-thread-1] INFO  server.RaftServerConfigKeys (ConfUtils.java:logGet(43)) - raft.server.log.use.memory = false (default)
2019-10-10 01:28:01,089 [pool-47-thread-1] INFO  server.RaftServerConfigKeys (ConfUtils.java:logGet(43)) - raft.server.notification.no-leader.timeout = 120s (custom)
2019-10-10 01:28:01,089 [pool-67-thread-1] INFO  server.RaftServerConfigKeys (ConfUtils.java:logGet(43)) - raft.server.log.purge.gap = 1000000 (custom)
2019-10-10 01:28:01,089 [pool-27-thread-1] INFO  server.RaftServerConfigKeys (ConfUtils.java:logGet(43)) - raft.server.log.use.memory = false (default)
2019-10-10 01:28:01,089 [pool-67-thread-1] INFO  server.RaftServerConfigKeys (ConfUtils.java:logGet(43)) - raft.server.log.appender.buffer.byte-limit = 33554432 (custom)
2019-10-10 01:28:01,089 [pool-47-thread-1] INFO  server.RaftServerConfigKeys (ConfUtils.java:logGet(43)) - raft.server.log.use.memory = false (default)
2019-10-10 01:28:01,090 [pool-67-thread-1] INFO  server.RaftServerConfigKeys (ConfUtils.java:logGet(43)) - raft.server.log.segment.size.max = 1048576 (custom)
2019-10-10 01:28:01,090 [pool-27-thread-1] INFO  server.RaftServerConfigKeys (ConfUtils.java:logGet(43)) - raft.server.log.purge.gap = 1000000 (custom)
2019-10-10 01:28:01,090 [pool-67-thread-1] INFO  server.RaftServerConfigKeys (ConfUtils.java:logGet(43)) - raft.server.log.segment.cache.num.max = 2 (custom)
2019-10-10 01:28:01,090 [pool-47-thread-1] INFO  server.RaftServerConfigKeys (ConfUtils.java:logGet(43)) - raft.server.log.purge.gap = 1000000 (custom)
2019-10-10 01:28:01,090 [pool-67-thread-1] INFO  segmented.SegmentedRaftLogWorker (SegmentedRaftLogWorker.java:<init>(173)) - new 4b92f2f8-e489-47a4-a90a-1d3fa2a9a07f@group-258B293B060D-SegmentedRaftLogWorker for RaftStorage:Storage Directory /workdir/hadoop-ozone/tools/target/test-dir/MiniOzoneClusterImpl-1e8b0e80-279c-49c4-ae13-42ed318b6149/datanode-4/data/ratis/724f14fe-6f9f-42c9-a973-258b293b060d
2019-10-10 01:28:01,090 [pool-67-thread-1] INFO  server.RaftServerConfigKeys (ConfUtils.java:logGet(43)) - raft.server.log.queue.byte-limit = 2147483647 (custom)
2019-10-10 01:28:01,090 [pool-27-thread-1] INFO  server.RaftServerConfigKeys (ConfUtils.java:logGet(43)) - raft.server.log.appender.buffer.byte-limit = 33554432 (custom)
2019-10-10 01:28:01,091 [pool-67-thread-1] INFO  server.RaftServerConfigKeys (ConfUtils.java:logGet(43)) - raft.server.log.queue.element-limit = 1024 (custom)
2019-10-10 01:28:01,090 [pool-47-thread-1] INFO  server.RaftServerConfigKeys (ConfUtils.java:logGet(43)) - raft.server.log.appender.buffer.byte-limit = 33554432 (custom)
2019-10-10 01:28:01,091 [pool-67-thread-1] INFO  server.RaftServerConfigKeys (ConfUtils.java:logGet(43)) - raft.server.log.segment.size.max = 1048576 (custom)
2019-10-10 01:28:01,091 [pool-67-thread-1] INFO  server.RaftServerConfigKeys (ConfUtils.java:logGet(43)) - raft.server.log.preallocated.size = 16384 (custom)
2019-10-10 01:28:01,091 [pool-27-thread-1] INFO  server.RaftServerConfigKeys (ConfUtils.java:logGet(43)) - raft.server.log.segment.size.max = 1048576 (custom)
2019-10-10 01:28:01,091 [pool-67-thread-1] INFO  server.RaftServerConfigKeys (ConfUtils.java:logGet(43)) - raft.server.log.write.buffer.size = 33554432 (custom)
2019-10-10 01:28:01,091 [pool-67-thread-1] INFO  server.RaftServerConfigKeys (ConfUtils.java:logGet(43)) - raft.server.log.force.sync.num = 128 (default)
2019-10-10 01:28:01,092 [pool-67-thread-1] INFO  server.RaftServerConfigKeys (ConfUtils.java:logGet(43)) - raft.server.log.statemachine.data.sync = true (default)
2019-10-10 01:28:01,091 [pool-47-thread-1] INFO  server.RaftServerConfigKeys (ConfUtils.java:logGet(43)) - raft.server.log.segment.size.max = 1048576 (custom)
2019-10-10 01:28:01,092 [pool-67-thread-1] INFO  server.RaftServerConfigKeys (ConfUtils.java:logGet(43)) - raft.server.log.statemachine.data.sync.timeout = 10s (default)
2019-10-10 01:28:01,091 [pool-27-thread-1] INFO  server.RaftServerConfigKeys (ConfUtils.java:logGet(43)) - raft.server.log.segment.cache.num.max = 2 (custom)
2019-10-10 01:28:01,092 [pool-67-thread-1] INFO  server.RaftServerConfigKeys (ConfUtils.java:logGet(43)) - raft.server.log.statemachine.data.sync.timeout.retry = -1 (default)
2019-10-10 01:28:01,092 [pool-47-thread-1] INFO  server.RaftServerConfigKeys (ConfUtils.java:logGet(43)) - raft.server.log.segment.cache.num.max = 2 (custom)
2019-10-10 01:28:01,093 [pool-67-thread-1] INFO  server.RaftServerConfigKeys (ConfUtils.java:logGet(43)) - raft.server.log.statemachine.data.caching.enabled = true (custom)
2019-10-10 01:28:01,092 [pool-27-thread-1] INFO  segmented.SegmentedRaftLogWorker (SegmentedRaftLogWorker.java:<init>(173)) - new 993817e1-c77a-472e-865f-a6e34ffe7967@group-258B293B060D-SegmentedRaftLogWorker for RaftStorage:Storage Directory /workdir/hadoop-ozone/tools/target/test-dir/MiniOzoneClusterImpl-1e8b0e80-279c-49c4-ae13-42ed318b6149/datanode-0/data/ratis/724f14fe-6f9f-42c9-a973-258b293b060d
2019-10-10 01:28:01,093 [pool-47-thread-1] INFO  segmented.SegmentedRaftLogWorker (SegmentedRaftLogWorker.java:<init>(173)) - new fe8e0d95-22db-4b8a-875e-83bee4d716fb@group-258B293B060D-SegmentedRaftLogWorker for RaftStorage:Storage Directory /workdir/hadoop-ozone/tools/target/test-dir/MiniOzoneClusterImpl-1e8b0e80-279c-49c4-ae13-42ed318b6149/datanode-2/data/ratis/724f14fe-6f9f-42c9-a973-258b293b060d
2019-10-10 01:28:01,093 [pool-67-thread-1] INFO  segmented.SegmentedRaftLogWorker (SegmentedRaftLogWorker.java:lambda$new$0(128)) - 4b92f2f8-e489-47a4-a90a-1d3fa2a9a07f@group-258B293B060D-SegmentedRaftLogWorker: flushIndex: setUnconditionally 0 -> -1
2019-10-10 01:28:01,093 [pool-27-thread-1] INFO  server.RaftServerConfigKeys (ConfUtils.java:logGet(43)) - raft.server.log.queue.byte-limit = 2147483647 (custom)
2019-10-10 01:28:01,094 [pool-67-thread-1] INFO  server.RaftServerConfigKeys (ConfUtils.java:logGet(43)) - raft.server.snapshot.auto.trigger.enabled = true (custom)
2019-10-10 01:28:01,093 [pool-47-thread-1] INFO  server.RaftServerConfigKeys (ConfUtils.java:logGet(43)) - raft.server.log.queue.byte-limit = 2147483647 (custom)
2019-10-10 01:28:01,094 [pool-67-thread-1] INFO  server.RaftServerConfigKeys (ConfUtils.java:logGet(43)) - raft.server.snapshot.auto.trigger.threshold = 10000 (custom)
2019-10-10 01:28:01,094 [pool-27-thread-1] INFO  server.RaftServerConfigKeys (ConfUtils.java:logGet(43)) - raft.server.log.queue.element-limit = 1024 (custom)
2019-10-10 01:28:01,094 [pool-67-thread-1] INFO  server.RaftServerConfigKeys (ConfUtils.java:logGet(43)) - raft.server.snapshot.retention.file.num = 5 (custom)
2019-10-10 01:28:01,094 [pool-47-thread-1] INFO  server.RaftServerConfigKeys (ConfUtils.java:logGet(43)) - raft.server.log.queue.element-limit = 1024 (custom)
2019-10-10 01:28:01,094 [pool-67-thread-1] INFO  server.RaftServerConfigKeys (ConfUtils.java:logGet(43)) - raft.server.retrycache.expirytime = 600000ms (custom)
2019-10-10 01:28:01,094 [pool-27-thread-1] INFO  server.RaftServerConfigKeys (ConfUtils.java:logGet(43)) - raft.server.log.segment.size.max = 1048576 (custom)
2019-10-10 01:28:01,094 [pool-47-thread-1] INFO  server.RaftServerConfigKeys (ConfUtils.java:logGet(43)) - raft.server.log.segment.size.max = 1048576 (custom)
2019-10-10 01:28:01,095 [pool-27-thread-1] INFO  server.RaftServerConfigKeys (ConfUtils.java:logGet(43)) - raft.server.log.preallocated.size = 16384 (custom)
2019-10-10 01:28:01,095 [pool-47-thread-1] INFO  server.RaftServerConfigKeys (ConfUtils.java:logGet(43)) - raft.server.log.preallocated.size = 16384 (custom)
2019-10-10 01:28:01,095 [pool-27-thread-1] INFO  server.RaftServerConfigKeys (ConfUtils.java:logGet(43)) - raft.server.log.write.buffer.size = 33554432 (custom)
2019-10-10 01:28:01,095 [pool-47-thread-1] INFO  server.RaftServerConfigKeys (ConfUtils.java:logGet(43)) - raft.server.log.write.buffer.size = 33554432 (custom)
2019-10-10 01:28:01,095 [pool-27-thread-1] INFO  server.RaftServerConfigKeys (ConfUtils.java:logGet(43)) - raft.server.log.force.sync.num = 128 (default)
2019-10-10 01:28:01,095 [pool-47-thread-1] INFO  server.RaftServerConfigKeys (ConfUtils.java:logGet(43)) - raft.server.log.force.sync.num = 128 (default)
2019-10-10 01:28:01,095 [pool-27-thread-1] INFO  server.RaftServerConfigKeys (ConfUtils.java:logGet(43)) - raft.server.log.statemachine.data.sync = true (default)
2019-10-10 01:28:01,096 [pool-47-thread-1] INFO  server.RaftServerConfigKeys (ConfUtils.java:logGet(43)) - raft.server.log.statemachine.data.sync = true (default)
2019-10-10 01:28:01,096 [pool-27-thread-1] INFO  server.RaftServerConfigKeys (ConfUtils.java:logGet(43)) - raft.server.log.statemachine.data.sync.timeout = 10s (default)
2019-10-10 01:28:01,096 [pool-47-thread-1] INFO  server.RaftServerConfigKeys (ConfUtils.java:logGet(43)) - raft.server.log.statemachine.data.sync.timeout = 10s (default)
2019-10-10 01:28:01,096 [pool-27-thread-1] INFO  server.RaftServerConfigKeys (ConfUtils.java:logGet(43)) - raft.server.log.statemachine.data.sync.timeout.retry = -1 (default)
2019-10-10 01:28:01,096 [pool-47-thread-1] INFO  server.RaftServerConfigKeys (ConfUtils.java:logGet(43)) - raft.server.log.statemachine.data.sync.timeout.retry = -1 (default)
2019-10-10 01:28:01,096 [pool-27-thread-1] INFO  server.RaftServerConfigKeys (ConfUtils.java:logGet(43)) - raft.server.log.statemachine.data.caching.enabled = true (custom)
2019-10-10 01:28:01,096 [pool-47-thread-1] INFO  server.RaftServerConfigKeys (ConfUtils.java:logGet(43)) - raft.server.log.statemachine.data.caching.enabled = true (custom)
2019-10-10 01:28:01,097 [pool-27-thread-1] INFO  segmented.SegmentedRaftLogWorker (SegmentedRaftLogWorker.java:lambda$new$0(128)) - 993817e1-c77a-472e-865f-a6e34ffe7967@group-258B293B060D-SegmentedRaftLogWorker: flushIndex: setUnconditionally 0 -> -1
2019-10-10 01:28:01,097 [pool-47-thread-1] INFO  segmented.SegmentedRaftLogWorker (SegmentedRaftLogWorker.java:lambda$new$0(128)) - fe8e0d95-22db-4b8a-875e-83bee4d716fb@group-258B293B060D-SegmentedRaftLogWorker: flushIndex: setUnconditionally 0 -> -1
2019-10-10 01:28:01,097 [pool-27-thread-1] INFO  server.RaftServerConfigKeys (ConfUtils.java:logGet(43)) - raft.server.snapshot.auto.trigger.enabled = true (custom)
2019-10-10 01:28:01,097 [pool-27-thread-1] INFO  server.RaftServerConfigKeys (ConfUtils.java:logGet(43)) - raft.server.snapshot.auto.trigger.threshold = 10000 (custom)
2019-10-10 01:28:01,097 [pool-27-thread-1] INFO  server.RaftServerConfigKeys (ConfUtils.java:logGet(43)) - raft.server.snapshot.retention.file.num = 5 (custom)
2019-10-10 01:28:01,097 [pool-67-thread-1] INFO  impl.RaftServerImpl (RaftServerImpl.java:<init>(95)) - 4b92f2f8-e489-47a4-a90a-1d3fa2a9a07f: new RaftServerImpl for group-7EDF480158D1:[4b92f2f8-e489-47a4-a90a-1d3fa2a9a07f:192.168.151.118:35849, 993817e1-c77a-472e-865f-a6e34ffe7967:192.168.151.118:41261, fe8e0d95-22db-4b8a-875e-83bee4d716fb:192.168.151.118:34352] with ContainerStateMachine:uninitialized
2019-10-10 01:28:01,098 [pool-47-thread-1] INFO  server.RaftServerConfigKeys (ConfUtils.java:logGet(43)) - raft.server.snapshot.auto.trigger.enabled = true (custom)
2019-10-10 01:28:01,098 [pool-27-thread-1] INFO  server.RaftServerConfigKeys (ConfUtils.java:logGet(43)) - raft.server.retrycache.expirytime = 600000ms (custom)
2019-10-10 01:28:01,098 [pool-47-thread-1] INFO  server.RaftServerConfigKeys (ConfUtils.java:logGet(43)) - raft.server.snapshot.auto.trigger.threshold = 10000 (custom)
2019-10-10 01:28:01,098 [pool-67-thread-1] INFO  server.RaftServerConfigKeys (ConfUtils.java:logGet(43)) - raft.server.rpc.timeout.min = 5s (custom)
2019-10-10 01:28:01,098 [pool-47-thread-1] INFO  server.RaftServerConfigKeys (ConfUtils.java:logGet(43)) - raft.server.snapshot.retention.file.num = 5 (custom)
2019-10-10 01:28:01,098 [pool-67-thread-1] INFO  server.RaftServerConfigKeys (ConfUtils.java:logGet(43)) - raft.server.rpc.timeout.max = 5200ms (custom)
2019-10-10 01:28:01,098 [pool-47-thread-1] INFO  server.RaftServerConfigKeys (ConfUtils.java:logGet(43)) - raft.server.retrycache.expirytime = 600000ms (custom)
2019-10-10 01:28:01,098 [pool-67-thread-1] INFO  server.RaftServerConfigKeys (ConfUtils.java:logGet(43)) - raft.server.rpcslowness.timeout = 120s (custom)
2019-10-10 01:28:01,099 [pool-67-thread-1] INFO  server.RaftServerConfigKeys (ConfUtils.java:logGet(43)) - raft.server.sleep.deviation.threshold = 300 (default)
2019-10-10 01:28:01,099 [pool-67-thread-1] INFO  server.RaftServerConfigKeys (ConfUtils.java:logGet(43)) - raft.server.log.appender.install.snapshot.enabled = false (custom)
2019-10-10 01:28:01,099 [pool-67-thread-1] INFO  impl.RaftServerImpl (ServerState.java:<init>(103)) - 4b92f2f8-e489-47a4-a90a-1d3fa2a9a07f@group-7EDF480158D1: ConfigurationManager, init=-1: [4b92f2f8-e489-47a4-a90a-1d3fa2a9a07f:192.168.151.118:35849, 993817e1-c77a-472e-865f-a6e34ffe7967:192.168.151.118:41261, fe8e0d95-22db-4b8a-875e-83bee4d716fb:192.168.151.118:34352], old=null, confs=<EMPTY_MAP>
2019-10-10 01:28:01,099 [pool-67-thread-1] INFO  server.RaftServerConfigKeys (ConfUtils.java:logGet(43)) - raft.server.storage.dir = [/workdir/hadoop-ozone/tools/target/test-dir/MiniOzoneClusterImpl-1e8b0e80-279c-49c4-ae13-42ed318b6149/datanode-4/data/ratis] (custom)
2019-10-10 01:28:01,099 [pool-67-thread-1] INFO  server.RaftServerConfigKeys (ConfUtils.java:logGet(43)) - raft.server.log.corruption.policy = EXCEPTION (default)
2019-10-10 01:28:01,100 [pool-67-thread-1] INFO  storage.RaftStorageDirectory (RaftStorageDirectory.java:analyzeStorage(246)) - The storage directory /workdir/hadoop-ozone/tools/target/test-dir/MiniOzoneClusterImpl-1e8b0e80-279c-49c4-ae13-42ed318b6149/datanode-4/data/ratis/e4e38684-5bf5-4bc8-9a87-7edf480158d1 does not exist. Creating ...
2019-10-10 01:28:01,102 [pool-27-thread-1] INFO  impl.RaftServerImpl (RaftServerImpl.java:<init>(95)) - 993817e1-c77a-472e-865f-a6e34ffe7967: new RaftServerImpl for group-7EDF480158D1:[4b92f2f8-e489-47a4-a90a-1d3fa2a9a07f:192.168.151.118:35849, 993817e1-c77a-472e-865f-a6e34ffe7967:192.168.151.118:41261, fe8e0d95-22db-4b8a-875e-83bee4d716fb:192.168.151.118:34352] with ContainerStateMachine:uninitialized
2019-10-10 01:28:01,102 [pool-27-thread-1] INFO  server.RaftServerConfigKeys (ConfUtils.java:logGet(43)) - raft.server.rpc.timeout.min = 5s (custom)
2019-10-10 01:28:01,102 [pool-27-thread-1] INFO  server.RaftServerConfigKeys (ConfUtils.java:logGet(43)) - raft.server.rpc.timeout.max = 5200ms (custom)
2019-10-10 01:28:01,102 [pool-27-thread-1] INFO  server.RaftServerConfigKeys (ConfUtils.java:logGet(43)) - raft.server.rpcslowness.timeout = 120s (custom)
2019-10-10 01:28:01,102 [pool-27-thread-1] INFO  server.RaftServerConfigKeys (ConfUtils.java:logGet(43)) - raft.server.sleep.deviation.threshold = 300 (default)
2019-10-10 01:28:01,102 [pool-47-thread-1] INFO  impl.RaftServerImpl (RaftServerImpl.java:<init>(95)) - fe8e0d95-22db-4b8a-875e-83bee4d716fb: new RaftServerImpl for group-7EDF480158D1:[4b92f2f8-e489-47a4-a90a-1d3fa2a9a07f:192.168.151.118:35849, 993817e1-c77a-472e-865f-a6e34ffe7967:192.168.151.118:41261, fe8e0d95-22db-4b8a-875e-83bee4d716fb:192.168.151.118:34352] with ContainerStateMachine:uninitialized
2019-10-10 01:28:01,102 [pool-27-thread-1] INFO  server.RaftServerConfigKeys (ConfUtils.java:logGet(43)) - raft.server.log.appender.install.snapshot.enabled = false (custom)
2019-10-10 01:28:01,102 [pool-47-thread-1] INFO  server.RaftServerConfigKeys (ConfUtils.java:logGet(43)) - raft.server.rpc.timeout.min = 5s (custom)
2019-10-10 01:28:01,102 [pool-27-thread-1] INFO  impl.RaftServerImpl (ServerState.java:<init>(103)) - 993817e1-c77a-472e-865f-a6e34ffe7967@group-7EDF480158D1: ConfigurationManager, init=-1: [4b92f2f8-e489-47a4-a90a-1d3fa2a9a07f:192.168.151.118:35849, 993817e1-c77a-472e-865f-a6e34ffe7967:192.168.151.118:41261, fe8e0d95-22db-4b8a-875e-83bee4d716fb:192.168.151.118:34352], old=null, confs=<EMPTY_MAP>
2019-10-10 01:28:01,103 [pool-47-thread-1] INFO  server.RaftServerConfigKeys (ConfUtils.java:logGet(43)) - raft.server.rpc.timeout.max = 5200ms (custom)
2019-10-10 01:28:01,103 [pool-27-thread-1] INFO  server.RaftServerConfigKeys (ConfUtils.java:logGet(43)) - raft.server.storage.dir = [/workdir/hadoop-ozone/tools/target/test-dir/MiniOzoneClusterImpl-1e8b0e80-279c-49c4-ae13-42ed318b6149/datanode-0/data/ratis] (custom)
2019-10-10 01:28:01,103 [pool-47-thread-1] INFO  server.RaftServerConfigKeys (ConfUtils.java:logGet(43)) - raft.server.rpcslowness.timeout = 120s (custom)
2019-10-10 01:28:01,103 [pool-47-thread-1] INFO  server.RaftServerConfigKeys (ConfUtils.java:logGet(43)) - raft.server.sleep.deviation.threshold = 300 (default)
2019-10-10 01:28:01,103 [pool-27-thread-1] INFO  server.RaftServerConfigKeys (ConfUtils.java:logGet(43)) - raft.server.log.corruption.policy = EXCEPTION (default)
2019-10-10 01:28:01,103 [pool-47-thread-1] INFO  server.RaftServerConfigKeys (ConfUtils.java:logGet(43)) - raft.server.log.appender.install.snapshot.enabled = false (custom)
2019-10-10 01:28:01,103 [pool-27-thread-1] INFO  storage.RaftStorageDirectory (RaftStorageDirectory.java:analyzeStorage(246)) - The storage directory /workdir/hadoop-ozone/tools/target/test-dir/MiniOzoneClusterImpl-1e8b0e80-279c-49c4-ae13-42ed318b6149/datanode-0/data/ratis/e4e38684-5bf5-4bc8-9a87-7edf480158d1 does not exist. Creating ...
2019-10-10 01:28:01,103 [pool-47-thread-1] INFO  impl.RaftServerImpl (ServerState.java:<init>(103)) - fe8e0d95-22db-4b8a-875e-83bee4d716fb@group-7EDF480158D1: ConfigurationManager, init=-1: [4b92f2f8-e489-47a4-a90a-1d3fa2a9a07f:192.168.151.118:35849, 993817e1-c77a-472e-865f-a6e34ffe7967:192.168.151.118:41261, fe8e0d95-22db-4b8a-875e-83bee4d716fb:192.168.151.118:34352], old=null, confs=<EMPTY_MAP>
2019-10-10 01:28:01,104 [pool-47-thread-1] INFO  server.RaftServerConfigKeys (ConfUtils.java:logGet(43)) - raft.server.storage.dir = [/workdir/hadoop-ozone/tools/target/test-dir/MiniOzoneClusterImpl-1e8b0e80-279c-49c4-ae13-42ed318b6149/datanode-2/data/ratis] (custom)
2019-10-10 01:28:01,104 [pool-47-thread-1] INFO  server.RaftServerConfigKeys (ConfUtils.java:logGet(43)) - raft.server.log.corruption.policy = EXCEPTION (default)
2019-10-10 01:28:01,104 [pool-47-thread-1] INFO  storage.RaftStorageDirectory (RaftStorageDirectory.java:analyzeStorage(246)) - The storage directory /workdir/hadoop-ozone/tools/target/test-dir/MiniOzoneClusterImpl-1e8b0e80-279c-49c4-ae13-42ed318b6149/datanode-2/data/ratis/e4e38684-5bf5-4bc8-9a87-7edf480158d1 does not exist. Creating ...
2019-10-10 01:28:01,108 [pool-47-thread-1] INFO  storage.RaftStorageDirectory (RaftStorageDirectory.java:tryLock(328)) - Lock on /workdir/hadoop-ozone/tools/target/test-dir/MiniOzoneClusterImpl-1e8b0e80-279c-49c4-ae13-42ed318b6149/datanode-2/data/ratis/e4e38684-5bf5-4bc8-9a87-7edf480158d1/in_use.lock acquired by nodename 12932@pr-hdds-2194-jqrdw-3579824535
2019-10-10 01:28:01,108 [pool-27-thread-1] INFO  storage.RaftStorageDirectory (RaftStorageDirectory.java:tryLock(328)) - Lock on /workdir/hadoop-ozone/tools/target/test-dir/MiniOzoneClusterImpl-1e8b0e80-279c-49c4-ae13-42ed318b6149/datanode-0/data/ratis/e4e38684-5bf5-4bc8-9a87-7edf480158d1/in_use.lock acquired by nodename 12932@pr-hdds-2194-jqrdw-3579824535
2019-10-10 01:28:01,108 [pool-67-thread-1] INFO  storage.RaftStorageDirectory (RaftStorageDirectory.java:tryLock(328)) - Lock on /workdir/hadoop-ozone/tools/target/test-dir/MiniOzoneClusterImpl-1e8b0e80-279c-49c4-ae13-42ed318b6149/datanode-4/data/ratis/e4e38684-5bf5-4bc8-9a87-7edf480158d1/in_use.lock acquired by nodename 12932@pr-hdds-2194-jqrdw-3579824535
2019-10-10 01:28:01,124 [pool-27-thread-1] INFO  storage.RaftStorage (RaftStorage.java:format(84)) - Storage directory /workdir/hadoop-ozone/tools/target/test-dir/MiniOzoneClusterImpl-1e8b0e80-279c-49c4-ae13-42ed318b6149/datanode-0/data/ratis/e4e38684-5bf5-4bc8-9a87-7edf480158d1 has been successfully formatted.
2019-10-10 01:28:01,124 [pool-47-thread-1] INFO  storage.RaftStorage (RaftStorage.java:format(84)) - Storage directory /workdir/hadoop-ozone/tools/target/test-dir/MiniOzoneClusterImpl-1e8b0e80-279c-49c4-ae13-42ed318b6149/datanode-2/data/ratis/e4e38684-5bf5-4bc8-9a87-7edf480158d1 has been successfully formatted.
2019-10-10 01:28:01,124 [pool-67-thread-1] INFO  storage.RaftStorage (RaftStorage.java:format(84)) - Storage directory /workdir/hadoop-ozone/tools/target/test-dir/MiniOzoneClusterImpl-1e8b0e80-279c-49c4-ae13-42ed318b6149/datanode-4/data/ratis/e4e38684-5bf5-4bc8-9a87-7edf480158d1 has been successfully formatted.
2019-10-10 01:28:01,124 [pool-47-thread-1] INFO  ratis.ContainerStateMachine (ContainerStateMachine.java:loadSnapshot(231)) - group-7EDF480158D1: The snapshot info is null. Setting the last applied indexto:(t:0, i:~)
2019-10-10 01:28:01,124 [pool-27-thread-1] INFO  ratis.ContainerStateMachine (ContainerStateMachine.java:loadSnapshot(231)) - group-7EDF480158D1: The snapshot info is null. Setting the last applied indexto:(t:0, i:~)
2019-10-10 01:28:01,125 [pool-47-thread-1] INFO  server.RaftServerConfigKeys (ConfUtils.java:logGet(43)) - raft.server.notification.no-leader.timeout = 120s (custom)
2019-10-10 01:28:01,124 [pool-67-thread-1] INFO  ratis.ContainerStateMachine (ContainerStateMachine.java:loadSnapshot(231)) - group-7EDF480158D1: The snapshot info is null. Setting the last applied indexto:(t:0, i:~)
2019-10-10 01:28:01,125 [pool-47-thread-1] INFO  server.RaftServerConfigKeys (ConfUtils.java:logGet(43)) - raft.server.log.use.memory = false (default)
2019-10-10 01:28:01,125 [pool-27-thread-1] INFO  server.RaftServerConfigKeys (ConfUtils.java:logGet(43)) - raft.server.notification.no-leader.timeout = 120s (custom)
2019-10-10 01:28:01,125 [pool-47-thread-1] INFO  server.RaftServerConfigKeys (ConfUtils.java:logGet(43)) - raft.server.log.purge.gap = 1000000 (custom)
2019-10-10 01:28:01,125 [pool-67-thread-1] INFO  server.RaftServerConfigKeys (ConfUtils.java:logGet(43)) - raft.server.notification.no-leader.timeout = 120s (custom)
2019-10-10 01:28:01,125 [pool-47-thread-1] INFO  server.RaftServerConfigKeys (ConfUtils.java:logGet(43)) - raft.server.log.appender.buffer.byte-limit = 33554432 (custom)
2019-10-10 01:28:01,125 [pool-27-thread-1] INFO  server.RaftServerConfigKeys (ConfUtils.java:logGet(43)) - raft.server.log.use.memory = false (default)
2019-10-10 01:28:01,125 [pool-47-thread-1] INFO  server.RaftServerConfigKeys (ConfUtils.java:logGet(43)) - raft.server.log.segment.size.max = 1048576 (custom)
2019-10-10 01:28:01,125 [pool-67-thread-1] INFO  server.RaftServerConfigKeys (ConfUtils.java:logGet(43)) - raft.server.log.use.memory = false (default)
2019-10-10 01:28:01,126 [pool-47-thread-1] INFO  server.RaftServerConfigKeys (ConfUtils.java:logGet(43)) - raft.server.log.segment.cache.num.max = 2 (custom)
2019-10-10 01:28:01,126 [pool-27-thread-1] INFO  server.RaftServerConfigKeys (ConfUtils.java:logGet(43)) - raft.server.log.purge.gap = 1000000 (custom)
2019-10-10 01:28:01,126 [pool-47-thread-1] INFO  segmented.SegmentedRaftLogWorker (SegmentedRaftLogWorker.java:<init>(173)) - new fe8e0d95-22db-4b8a-875e-83bee4d716fb@group-7EDF480158D1-SegmentedRaftLogWorker for RaftStorage:Storage Directory /workdir/hadoop-ozone/tools/target/test-dir/MiniOzoneClusterImpl-1e8b0e80-279c-49c4-ae13-42ed318b6149/datanode-2/data/ratis/e4e38684-5bf5-4bc8-9a87-7edf480158d1
2019-10-10 01:28:01,126 [pool-67-thread-1] INFO  server.RaftServerConfigKeys (ConfUtils.java:logGet(43)) - raft.server.log.purge.gap = 1000000 (custom)
2019-10-10 01:28:01,126 [pool-47-thread-1] INFO  server.RaftServerConfigKeys (ConfUtils.java:logGet(43)) - raft.server.log.queue.byte-limit = 2147483647 (custom)
2019-10-10 01:28:01,126 [pool-47-thread-1] INFO  server.RaftServerConfigKeys (ConfUtils.java:logGet(43)) - raft.server.log.queue.element-limit = 1024 (custom)
2019-10-10 01:28:01,126 [pool-27-thread-1] INFO  server.RaftServerConfigKeys (ConfUtils.java:logGet(43)) - raft.server.log.appender.buffer.byte-limit = 33554432 (custom)
2019-10-10 01:28:01,127 [pool-47-thread-1] INFO  server.RaftServerConfigKeys (ConfUtils.java:logGet(43)) - raft.server.log.segment.size.max = 1048576 (custom)
2019-10-10 01:28:01,126 [pool-67-thread-1] INFO  server.RaftServerConfigKeys (ConfUtils.java:logGet(43)) - raft.server.log.appender.buffer.byte-limit = 33554432 (custom)
2019-10-10 01:28:01,127 [pool-47-thread-1] INFO  server.RaftServerConfigKeys (ConfUtils.java:logGet(43)) - raft.server.log.preallocated.size = 16384 (custom)
2019-10-10 01:28:01,127 [pool-47-thread-1] INFO  server.RaftServerConfigKeys (ConfUtils.java:logGet(43)) - raft.server.log.write.buffer.size = 33554432 (custom)
2019-10-10 01:28:01,127 [pool-27-thread-1] INFO  server.RaftServerConfigKeys (ConfUtils.java:logGet(43)) - raft.server.log.segment.size.max = 1048576 (custom)
2019-10-10 01:28:01,127 [pool-47-thread-1] INFO  server.RaftServerConfigKeys (ConfUtils.java:logGet(43)) - raft.server.log.force.sync.num = 128 (default)
2019-10-10 01:28:01,127 [pool-67-thread-1] INFO  server.RaftServerConfigKeys (ConfUtils.java:logGet(43)) - raft.server.log.segment.size.max = 1048576 (custom)
2019-10-10 01:28:01,127 [pool-47-thread-1] INFO  server.RaftServerConfigKeys (ConfUtils.java:logGet(43)) - raft.server.log.statemachine.data.sync = true (default)
2019-10-10 01:28:01,128 [pool-47-thread-1] INFO  server.RaftServerConfigKeys (ConfUtils.java:logGet(43)) - raft.server.log.statemachine.data.sync.timeout = 10s (default)
2019-10-10 01:28:01,127 [pool-27-thread-1] INFO  server.RaftServerConfigKeys (ConfUtils.java:logGet(43)) - raft.server.log.segment.cache.num.max = 2 (custom)
2019-10-10 01:28:01,128 [pool-47-thread-1] INFO  server.RaftServerConfigKeys (ConfUtils.java:logGet(43)) - raft.server.log.statemachine.data.sync.timeout.retry = -1 (default)
2019-10-10 01:28:01,128 [pool-67-thread-1] INFO  server.RaftServerConfigKeys (ConfUtils.java:logGet(43)) - raft.server.log.segment.cache.num.max = 2 (custom)
2019-10-10 01:28:01,128 [pool-47-thread-1] INFO  server.RaftServerConfigKeys (ConfUtils.java:logGet(43)) - raft.server.log.statemachine.data.caching.enabled = true (custom)
2019-10-10 01:28:01,128 [pool-27-thread-1] INFO  segmented.SegmentedRaftLogWorker (SegmentedRaftLogWorker.java:<init>(173)) - new 993817e1-c77a-472e-865f-a6e34ffe7967@group-7EDF480158D1-SegmentedRaftLogWorker for RaftStorage:Storage Directory /workdir/hadoop-ozone/tools/target/test-dir/MiniOzoneClusterImpl-1e8b0e80-279c-49c4-ae13-42ed318b6149/datanode-0/data/ratis/e4e38684-5bf5-4bc8-9a87-7edf480158d1
2019-10-10 01:28:01,128 [pool-67-thread-1] INFO  segmented.SegmentedRaftLogWorker (SegmentedRaftLogWorker.java:<init>(173)) - new 4b92f2f8-e489-47a4-a90a-1d3fa2a9a07f@group-7EDF480158D1-SegmentedRaftLogWorker for RaftStorage:Storage Directory /workdir/hadoop-ozone/tools/target/test-dir/MiniOzoneClusterImpl-1e8b0e80-279c-49c4-ae13-42ed318b6149/datanode-4/data/ratis/e4e38684-5bf5-4bc8-9a87-7edf480158d1
2019-10-10 01:28:01,129 [pool-47-thread-1] INFO  segmented.SegmentedRaftLogWorker (SegmentedRaftLogWorker.java:lambda$new$0(128)) - fe8e0d95-22db-4b8a-875e-83bee4d716fb@group-7EDF480158D1-SegmentedRaftLogWorker: flushIndex: setUnconditionally 0 -> -1
2019-10-10 01:28:01,129 [pool-27-thread-1] INFO  server.RaftServerConfigKeys (ConfUtils.java:logGet(43)) - raft.server.log.queue.byte-limit = 2147483647 (custom)
2019-10-10 01:28:01,129 [pool-67-thread-1] INFO  server.RaftServerConfigKeys (ConfUtils.java:logGet(43)) - raft.server.log.queue.byte-limit = 2147483647 (custom)
2019-10-10 01:28:01,129 [pool-47-thread-1] INFO  server.RaftServerConfigKeys (ConfUtils.java:logGet(43)) - raft.server.snapshot.auto.trigger.enabled = true (custom)
2019-10-10 01:28:01,129 [pool-27-thread-1] INFO  server.RaftServerConfigKeys (ConfUtils.java:logGet(43)) - raft.server.log.queue.element-limit = 1024 (custom)
2019-10-10 01:28:01,129 [pool-47-thread-1] INFO  server.RaftServerConfigKeys (ConfUtils.java:logGet(43)) - raft.server.snapshot.auto.trigger.threshold = 10000 (custom)
2019-10-10 01:28:01,129 [pool-67-thread-1] INFO  server.RaftServerConfigKeys (ConfUtils.java:logGet(43)) - raft.server.log.queue.element-limit = 1024 (custom)
2019-10-10 01:28:01,129 [pool-47-thread-1] INFO  server.RaftServerConfigKeys (ConfUtils.java:logGet(43)) - raft.server.snapshot.retention.file.num = 5 (custom)
2019-10-10 01:28:01,129 [pool-27-thread-1] INFO  server.RaftServerConfigKeys (ConfUtils.java:logGet(43)) - raft.server.log.segment.size.max = 1048576 (custom)
2019-10-10 01:28:01,130 [pool-47-thread-1] INFO  server.RaftServerConfigKeys (ConfUtils.java:logGet(43)) - raft.server.retrycache.expirytime = 600000ms (custom)
2019-10-10 01:28:01,130 [pool-67-thread-1] INFO  server.RaftServerConfigKeys (ConfUtils.java:logGet(43)) - raft.server.log.segment.size.max = 1048576 (custom)
2019-10-10 01:28:01,130 [pool-27-thread-1] INFO  server.RaftServerConfigKeys (ConfUtils.java:logGet(43)) - raft.server.log.preallocated.size = 16384 (custom)
2019-10-10 01:28:01,130 [pool-67-thread-1] INFO  server.RaftServerConfigKeys (ConfUtils.java:logGet(43)) - raft.server.log.preallocated.size = 16384 (custom)
2019-10-10 01:28:01,130 [pool-27-thread-1] INFO  server.RaftServerConfigKeys (ConfUtils.java:logGet(43)) - raft.server.log.write.buffer.size = 33554432 (custom)
2019-10-10 01:28:01,130 [pool-67-thread-1] INFO  server.RaftServerConfigKeys (ConfUtils.java:logGet(43)) - raft.server.log.write.buffer.size = 33554432 (custom)
2019-10-10 01:28:01,130 [pool-27-thread-1] INFO  server.RaftServerConfigKeys (ConfUtils.java:logGet(43)) - raft.server.log.force.sync.num = 128 (default)
2019-10-10 01:28:01,130 [pool-67-thread-1] INFO  server.RaftServerConfigKeys (ConfUtils.java:logGet(43)) - raft.server.log.force.sync.num = 128 (default)
2019-10-10 01:28:01,131 [pool-27-thread-1] INFO  server.RaftServerConfigKeys (ConfUtils.java:logGet(43)) - raft.server.log.statemachine.data.sync = true (default)
2019-10-10 01:28:01,131 [pool-67-thread-1] INFO  server.RaftServerConfigKeys (ConfUtils.java:logGet(43)) - raft.server.log.statemachine.data.sync = true (default)
2019-10-10 01:28:01,131 [pool-27-thread-1] INFO  server.RaftServerConfigKeys (ConfUtils.java:logGet(43)) - raft.server.log.statemachine.data.sync.timeout = 10s (default)
2019-10-10 01:28:01,131 [pool-67-thread-1] INFO  server.RaftServerConfigKeys (ConfUtils.java:logGet(43)) - raft.server.log.statemachine.data.sync.timeout = 10s (default)
2019-10-10 01:28:01,131 [pool-27-thread-1] INFO  server.RaftServerConfigKeys (ConfUtils.java:logGet(43)) - raft.server.log.statemachine.data.sync.timeout.retry = -1 (default)
2019-10-10 01:28:01,131 [pool-67-thread-1] INFO  server.RaftServerConfigKeys (ConfUtils.java:logGet(43)) - raft.server.log.statemachine.data.sync.timeout.retry = -1 (default)
2019-10-10 01:28:01,131 [pool-27-thread-1] INFO  server.RaftServerConfigKeys (ConfUtils.java:logGet(43)) - raft.server.log.statemachine.data.caching.enabled = true (custom)
2019-10-10 01:28:01,131 [pool-67-thread-1] INFO  server.RaftServerConfigKeys (ConfUtils.java:logGet(43)) - raft.server.log.statemachine.data.caching.enabled = true (custom)
2019-10-10 01:28:01,132 [pool-27-thread-1] INFO  segmented.SegmentedRaftLogWorker (SegmentedRaftLogWorker.java:lambda$new$0(128)) - 993817e1-c77a-472e-865f-a6e34ffe7967@group-7EDF480158D1-SegmentedRaftLogWorker: flushIndex: setUnconditionally 0 -> -1
2019-10-10 01:28:01,132 [pool-67-thread-1] INFO  segmented.SegmentedRaftLogWorker (SegmentedRaftLogWorker.java:lambda$new$0(128)) - 4b92f2f8-e489-47a4-a90a-1d3fa2a9a07f@group-7EDF480158D1-SegmentedRaftLogWorker: flushIndex: setUnconditionally 0 -> -1
2019-10-10 01:28:01,132 [pool-27-thread-1] INFO  server.RaftServerConfigKeys (ConfUtils.java:logGet(43)) - raft.server.snapshot.auto.trigger.enabled = true (custom)
2019-10-10 01:28:01,132 [pool-27-thread-1] INFO  server.RaftServerConfigKeys (ConfUtils.java:logGet(43)) - raft.server.snapshot.auto.trigger.threshold = 10000 (custom)
2019-10-10 01:28:01,132 [pool-67-thread-1] INFO  server.RaftServerConfigKeys (ConfUtils.java:logGet(43)) - raft.server.snapshot.auto.trigger.enabled = true (custom)
2019-10-10 01:28:01,132 [pool-27-thread-1] INFO  server.RaftServerConfigKeys (ConfUtils.java:logGet(43)) - raft.server.snapshot.retention.file.num = 5 (custom)
2019-10-10 01:28:01,132 [pool-67-thread-1] INFO  server.RaftServerConfigKeys (ConfUtils.java:logGet(43)) - raft.server.snapshot.auto.trigger.threshold = 10000 (custom)
2019-10-10 01:28:01,132 [pool-27-thread-1] INFO  server.RaftServerConfigKeys (ConfUtils.java:logGet(43)) - raft.server.retrycache.expirytime = 600000ms (custom)
2019-10-10 01:28:01,132 [pool-67-thread-1] INFO  server.RaftServerConfigKeys (ConfUtils.java:logGet(43)) - raft.server.snapshot.retention.file.num = 5 (custom)
2019-10-10 01:28:01,133 [pool-67-thread-1] INFO  server.RaftServerConfigKeys (ConfUtils.java:logGet(43)) - raft.server.retrycache.expirytime = 600000ms (custom)
2019-10-10 01:28:01,133 [pool-47-thread-1] INFO  impl.RaftServerImpl (RaftServerImpl.java:<init>(95)) - fe8e0d95-22db-4b8a-875e-83bee4d716fb: new RaftServerImpl for group-FD16B9976704:[4b92f2f8-e489-47a4-a90a-1d3fa2a9a07f:192.168.151.118:35849, 993817e1-c77a-472e-865f-a6e34ffe7967:192.168.151.118:41261, fe8e0d95-22db-4b8a-875e-83bee4d716fb:192.168.151.118:34352] with ContainerStateMachine:uninitialized
2019-10-10 01:28:01,133 [pool-47-thread-1] INFO  server.RaftServerConfigKeys (ConfUtils.java:logGet(43)) - raft.server.rpc.timeout.min = 5s (custom)
2019-10-10 01:28:01,133 [pool-47-thread-1] INFO  server.RaftServerConfigKeys (ConfUtils.java:logGet(43)) - raft.server.rpc.timeout.max = 5200ms (custom)
2019-10-10 01:28:01,134 [pool-47-thread-1] INFO  server.RaftServerConfigKeys (ConfUtils.java:logGet(43)) - raft.server.rpcslowness.timeout = 120s (custom)
2019-10-10 01:28:01,134 [pool-47-thread-1] INFO  server.RaftServerConfigKeys (ConfUtils.java:logGet(43)) - raft.server.sleep.deviation.threshold = 300 (default)
2019-10-10 01:28:01,134 [pool-47-thread-1] INFO  server.RaftServerConfigKeys (ConfUtils.java:logGet(43)) - raft.server.log.appender.install.snapshot.enabled = false (custom)
2019-10-10 01:28:01,134 [pool-47-thread-1] INFO  impl.RaftServerImpl (ServerState.java:<init>(103)) - fe8e0d95-22db-4b8a-875e-83bee4d716fb@group-FD16B9976704: ConfigurationManager, init=-1: [4b92f2f8-e489-47a4-a90a-1d3fa2a9a07f:192.168.151.118:35849, 993817e1-c77a-472e-865f-a6e34ffe7967:192.168.151.118:41261, fe8e0d95-22db-4b8a-875e-83bee4d716fb:192.168.151.118:34352], old=null, confs=<EMPTY_MAP>
2019-10-10 01:28:01,134 [pool-47-thread-1] INFO  server.RaftServerConfigKeys (ConfUtils.java:logGet(43)) - raft.server.storage.dir = [/workdir/hadoop-ozone/tools/target/test-dir/MiniOzoneClusterImpl-1e8b0e80-279c-49c4-ae13-42ed318b6149/datanode-2/data/ratis] (custom)
2019-10-10 01:28:01,134 [pool-47-thread-1] INFO  server.RaftServerConfigKeys (ConfUtils.java:logGet(43)) - raft.server.log.corruption.policy = EXCEPTION (default)
2019-10-10 01:28:01,135 [pool-47-thread-1] INFO  storage.RaftStorageDirectory (RaftStorageDirectory.java:analyzeStorage(246)) - The storage directory /workdir/hadoop-ozone/tools/target/test-dir/MiniOzoneClusterImpl-1e8b0e80-279c-49c4-ae13-42ed318b6149/datanode-2/data/ratis/71f6869a-5d86-4465-9570-fd16b9976704 does not exist. Creating ...
2019-10-10 01:28:01,136 [pool-67-thread-1] INFO  impl.RaftServerImpl (RaftServerImpl.java:<init>(95)) - 4b92f2f8-e489-47a4-a90a-1d3fa2a9a07f: new RaftServerImpl for group-FD16B9976704:[4b92f2f8-e489-47a4-a90a-1d3fa2a9a07f:192.168.151.118:35849, 993817e1-c77a-472e-865f-a6e34ffe7967:192.168.151.118:41261, fe8e0d95-22db-4b8a-875e-83bee4d716fb:192.168.151.118:34352] with ContainerStateMachine:uninitialized
2019-10-10 01:28:01,136 [pool-67-thread-1] INFO  server.RaftServerConfigKeys (ConfUtils.java:logGet(43)) - raft.server.rpc.timeout.min = 5s (custom)
2019-10-10 01:28:01,136 [pool-67-thread-1] INFO  server.RaftServerConfigKeys (ConfUtils.java:logGet(43)) - raft.server.rpc.timeout.max = 5200ms (custom)
2019-10-10 01:28:01,136 [pool-67-thread-1] INFO  server.RaftServerConfigKeys (ConfUtils.java:logGet(43)) - raft.server.rpcslowness.timeout = 120s (custom)
2019-10-10 01:28:01,136 [pool-67-thread-1] INFO  server.RaftServerConfigKeys (ConfUtils.java:logGet(43)) - raft.server.sleep.deviation.threshold = 300 (default)
2019-10-10 01:28:01,136 [pool-67-thread-1] INFO  server.RaftServerConfigKeys (ConfUtils.java:logGet(43)) - raft.server.log.appender.install.snapshot.enabled = false (custom)
2019-10-10 01:28:01,136 [pool-27-thread-1] INFO  impl.RaftServerImpl (RaftServerImpl.java:<init>(95)) - 993817e1-c77a-472e-865f-a6e34ffe7967: new RaftServerImpl for group-FD16B9976704:[4b92f2f8-e489-47a4-a90a-1d3fa2a9a07f:192.168.151.118:35849, 993817e1-c77a-472e-865f-a6e34ffe7967:192.168.151.118:41261, fe8e0d95-22db-4b8a-875e-83bee4d716fb:192.168.151.118:34352] with ContainerStateMachine:uninitialized
2019-10-10 01:28:01,136 [pool-67-thread-1] INFO  impl.RaftServerImpl (ServerState.java:<init>(103)) - 4b92f2f8-e489-47a4-a90a-1d3fa2a9a07f@group-FD16B9976704: ConfigurationManager, init=-1: [4b92f2f8-e489-47a4-a90a-1d3fa2a9a07f:192.168.151.118:35849, 993817e1-c77a-472e-865f-a6e34ffe7967:192.168.151.118:41261, fe8e0d95-22db-4b8a-875e-83bee4d716fb:192.168.151.118:34352], old=null, confs=<EMPTY_MAP>
2019-10-10 01:28:01,136 [pool-27-thread-1] INFO  server.RaftServerConfigKeys (ConfUtils.java:logGet(43)) - raft.server.rpc.timeout.min = 5s (custom)
2019-10-10 01:28:01,136 [pool-67-thread-1] INFO  server.RaftServerConfigKeys (ConfUtils.java:logGet(43)) - raft.server.storage.dir = [/workdir/hadoop-ozone/tools/target/test-dir/MiniOzoneClusterImpl-1e8b0e80-279c-49c4-ae13-42ed318b6149/datanode-4/data/ratis] (custom)
2019-10-10 01:28:01,136 [pool-27-thread-1] INFO  server.RaftServerConfigKeys (ConfUtils.java:logGet(43)) - raft.server.rpc.timeout.max = 5200ms (custom)
2019-10-10 01:28:01,137 [pool-27-thread-1] INFO  server.RaftServerConfigKeys (ConfUtils.java:logGet(43)) - raft.server.rpcslowness.timeout = 120s (custom)
2019-10-10 01:28:01,137 [pool-67-thread-1] INFO  server.RaftServerConfigKeys (ConfUtils.java:logGet(43)) - raft.server.log.corruption.policy = EXCEPTION (default)
2019-10-10 01:28:01,137 [pool-27-thread-1] INFO  server.RaftServerConfigKeys (ConfUtils.java:logGet(43)) - raft.server.sleep.deviation.threshold = 300 (default)
2019-10-10 01:28:01,137 [pool-67-thread-1] INFO  storage.RaftStorageDirectory (RaftStorageDirectory.java:analyzeStorage(246)) - The storage directory /workdir/hadoop-ozone/tools/target/test-dir/MiniOzoneClusterImpl-1e8b0e80-279c-49c4-ae13-42ed318b6149/datanode-4/data/ratis/71f6869a-5d86-4465-9570-fd16b9976704 does not exist. Creating ...
2019-10-10 01:28:01,137 [pool-27-thread-1] INFO  server.RaftServerConfigKeys (ConfUtils.java:logGet(43)) - raft.server.log.appender.install.snapshot.enabled = false (custom)
2019-10-10 01:28:01,137 [pool-27-thread-1] INFO  impl.RaftServerImpl (ServerState.java:<init>(103)) - 993817e1-c77a-472e-865f-a6e34ffe7967@group-FD16B9976704: ConfigurationManager, init=-1: [4b92f2f8-e489-47a4-a90a-1d3fa2a9a07f:192.168.151.118:35849, 993817e1-c77a-472e-865f-a6e34ffe7967:192.168.151.118:41261, fe8e0d95-22db-4b8a-875e-83bee4d716fb:192.168.151.118:34352], old=null, confs=<EMPTY_MAP>
2019-10-10 01:28:01,137 [pool-27-thread-1] INFO  server.RaftServerConfigKeys (ConfUtils.java:logGet(43)) - raft.server.storage.dir = [/workdir/hadoop-ozone/tools/target/test-dir/MiniOzoneClusterImpl-1e8b0e80-279c-49c4-ae13-42ed318b6149/datanode-0/data/ratis] (custom)
2019-10-10 01:28:01,137 [pool-27-thread-1] INFO  server.RaftServerConfigKeys (ConfUtils.java:logGet(43)) - raft.server.log.corruption.policy = EXCEPTION (default)
2019-10-10 01:28:01,138 [pool-27-thread-1] INFO  storage.RaftStorageDirectory (RaftStorageDirectory.java:analyzeStorage(246)) - The storage directory /workdir/hadoop-ozone/tools/target/test-dir/MiniOzoneClusterImpl-1e8b0e80-279c-49c4-ae13-42ed318b6149/datanode-0/data/ratis/71f6869a-5d86-4465-9570-fd16b9976704 does not exist. Creating ...
2019-10-10 01:28:01,154 [pool-27-thread-1] INFO  storage.RaftStorageDirectory (RaftStorageDirectory.java:tryLock(328)) - Lock on /workdir/hadoop-ozone/tools/target/test-dir/MiniOzoneClusterImpl-1e8b0e80-279c-49c4-ae13-42ed318b6149/datanode-0/data/ratis/71f6869a-5d86-4465-9570-fd16b9976704/in_use.lock acquired by nodename 12932@pr-hdds-2194-jqrdw-3579824535
2019-10-10 01:28:01,154 [pool-47-thread-1] INFO  storage.RaftStorageDirectory (RaftStorageDirectory.java:tryLock(328)) - Lock on /workdir/hadoop-ozone/tools/target/test-dir/MiniOzoneClusterImpl-1e8b0e80-279c-49c4-ae13-42ed318b6149/datanode-2/data/ratis/71f6869a-5d86-4465-9570-fd16b9976704/in_use.lock acquired by nodename 12932@pr-hdds-2194-jqrdw-3579824535
2019-10-10 01:28:01,154 [pool-67-thread-1] INFO  storage.RaftStorageDirectory (RaftStorageDirectory.java:tryLock(328)) - Lock on /workdir/hadoop-ozone/tools/target/test-dir/MiniOzoneClusterImpl-1e8b0e80-279c-49c4-ae13-42ed318b6149/datanode-4/data/ratis/71f6869a-5d86-4465-9570-fd16b9976704/in_use.lock acquired by nodename 12932@pr-hdds-2194-jqrdw-3579824535
2019-10-10 01:28:01,170 [pool-27-thread-1] INFO  storage.RaftStorage (RaftStorage.java:format(84)) - Storage directory /workdir/hadoop-ozone/tools/target/test-dir/MiniOzoneClusterImpl-1e8b0e80-279c-49c4-ae13-42ed318b6149/datanode-0/data/ratis/71f6869a-5d86-4465-9570-fd16b9976704 has been successfully formatted.
2019-10-10 01:28:01,170 [pool-47-thread-1] INFO  storage.RaftStorage (RaftStorage.java:format(84)) - Storage directory /workdir/hadoop-ozone/tools/target/test-dir/MiniOzoneClusterImpl-1e8b0e80-279c-49c4-ae13-42ed318b6149/datanode-2/data/ratis/71f6869a-5d86-4465-9570-fd16b9976704 has been successfully formatted.
2019-10-10 01:28:01,170 [pool-67-thread-1] INFO  storage.RaftStorage (RaftStorage.java:format(84)) - Storage directory /workdir/hadoop-ozone/tools/target/test-dir/MiniOzoneClusterImpl-1e8b0e80-279c-49c4-ae13-42ed318b6149/datanode-4/data/ratis/71f6869a-5d86-4465-9570-fd16b9976704 has been successfully formatted.
2019-10-10 01:28:01,170 [pool-27-thread-1] INFO  ratis.ContainerStateMachine (ContainerStateMachine.java:loadSnapshot(231)) - group-FD16B9976704: The snapshot info is null. Setting the last applied indexto:(t:0, i:~)
2019-10-10 01:28:01,171 [pool-67-thread-1] INFO  ratis.ContainerStateMachine (ContainerStateMachine.java:loadSnapshot(231)) - group-FD16B9976704: The snapshot info is null. Setting the last applied indexto:(t:0, i:~)
2019-10-10 01:28:01,170 [pool-47-thread-1] INFO  ratis.ContainerStateMachine (ContainerStateMachine.java:loadSnapshot(231)) - group-FD16B9976704: The snapshot info is null. Setting the last applied indexto:(t:0, i:~)
2019-10-10 01:28:01,171 [pool-67-thread-1] INFO  server.RaftServerConfigKeys (ConfUtils.java:logGet(43)) - raft.server.notification.no-leader.timeout = 120s (custom)
2019-10-10 01:28:01,171 [pool-27-thread-1] INFO  server.RaftServerConfigKeys (ConfUtils.java:logGet(43)) - raft.server.notification.no-leader.timeout = 120s (custom)
2019-10-10 01:28:01,171 [pool-67-thread-1] INFO  server.RaftServerConfigKeys (ConfUtils.java:logGet(43)) - raft.server.log.use.memory = false (default)
2019-10-10 01:28:01,171 [pool-47-thread-1] INFO  server.RaftServerConfigKeys (ConfUtils.java:logGet(43)) - raft.server.notification.no-leader.timeout = 120s (custom)
2019-10-10 01:28:01,171 [pool-67-thread-1] INFO  server.RaftServerConfigKeys (ConfUtils.java:logGet(43)) - raft.server.log.purge.gap = 1000000 (custom)
2019-10-10 01:28:01,171 [pool-27-thread-1] INFO  server.RaftServerConfigKeys (ConfUtils.java:logGet(43)) - raft.server.log.use.memory = false (default)
2019-10-10 01:28:01,171 [pool-67-thread-1] INFO  server.RaftServerConfigKeys (ConfUtils.java:logGet(43)) - raft.server.log.appender.buffer.byte-limit = 33554432 (custom)
2019-10-10 01:28:01,171 [pool-47-thread-1] INFO  server.RaftServerConfigKeys (ConfUtils.java:logGet(43)) - raft.server.log.use.memory = false (default)
2019-10-10 01:28:01,171 [pool-67-thread-1] INFO  server.RaftServerConfigKeys (ConfUtils.java:logGet(43)) - raft.server.log.segment.size.max = 1048576 (custom)
2019-10-10 01:28:01,171 [pool-27-thread-1] INFO  server.RaftServerConfigKeys (ConfUtils.java:logGet(43)) - raft.server.log.purge.gap = 1000000 (custom)
2019-10-10 01:28:01,172 [pool-67-thread-1] INFO  server.RaftServerConfigKeys (ConfUtils.java:logGet(43)) - raft.server.log.segment.cache.num.max = 2 (custom)
2019-10-10 01:28:01,172 [pool-47-thread-1] INFO  server.RaftServerConfigKeys (ConfUtils.java:logGet(43)) - raft.server.log.purge.gap = 1000000 (custom)
2019-10-10 01:28:01,172 [pool-67-thread-1] INFO  segmented.SegmentedRaftLogWorker (SegmentedRaftLogWorker.java:<init>(173)) - new 4b92f2f8-e489-47a4-a90a-1d3fa2a9a07f@group-FD16B9976704-SegmentedRaftLogWorker for RaftStorage:Storage Directory /workdir/hadoop-ozone/tools/target/test-dir/MiniOzoneClusterImpl-1e8b0e80-279c-49c4-ae13-42ed318b6149/datanode-4/data/ratis/71f6869a-5d86-4465-9570-fd16b9976704
2019-10-10 01:28:01,172 [pool-27-thread-1] INFO  server.RaftServerConfigKeys (ConfUtils.java:logGet(43)) - raft.server.log.appender.buffer.byte-limit = 33554432 (custom)
2019-10-10 01:28:01,172 [pool-67-thread-1] INFO  server.RaftServerConfigKeys (ConfUtils.java:logGet(43)) - raft.server.log.queue.byte-limit = 2147483647 (custom)
2019-10-10 01:28:01,172 [pool-67-thread-1] INFO  server.RaftServerConfigKeys (ConfUtils.java:logGet(43)) - raft.server.log.queue.element-limit = 1024 (custom)
2019-10-10 01:28:01,172 [pool-47-thread-1] INFO  server.RaftServerConfigKeys (ConfUtils.java:logGet(43)) - raft.server.log.appender.buffer.byte-limit = 33554432 (custom)
2019-10-10 01:28:01,173 [pool-67-thread-1] INFO  server.RaftServerConfigKeys (ConfUtils.java:logGet(43)) - raft.server.log.segment.size.max = 1048576 (custom)
2019-10-10 01:28:01,172 [pool-27-thread-1] INFO  server.RaftServerConfigKeys (ConfUtils.java:logGet(43)) - raft.server.log.segment.size.max = 1048576 (custom)
2019-10-10 01:28:01,173 [pool-67-thread-1] INFO  server.RaftServerConfigKeys (ConfUtils.java:logGet(43)) - raft.server.log.preallocated.size = 16384 (custom)
2019-10-10 01:28:01,173 [pool-47-thread-1] INFO  server.RaftServerConfigKeys (ConfUtils.java:logGet(43)) - raft.server.log.segment.size.max = 1048576 (custom)
2019-10-10 01:28:01,173 [pool-67-thread-1] INFO  server.RaftServerConfigKeys (ConfUtils.java:logGet(43)) - raft.server.log.write.buffer.size = 33554432 (custom)
2019-10-10 01:28:01,173 [pool-27-thread-1] INFO  server.RaftServerConfigKeys (ConfUtils.java:logGet(43)) - raft.server.log.segment.cache.num.max = 2 (custom)
2019-10-10 01:28:01,173 [pool-67-thread-1] INFO  server.RaftServerConfigKeys (ConfUtils.java:logGet(43)) - raft.server.log.force.sync.num = 128 (default)
2019-10-10 01:28:01,173 [pool-47-thread-1] INFO  server.RaftServerConfigKeys (ConfUtils.java:logGet(43)) - raft.server.log.segment.cache.num.max = 2 (custom)
2019-10-10 01:28:01,173 [pool-67-thread-1] INFO  server.RaftServerConfigKeys (ConfUtils.java:logGet(43)) - raft.server.log.statemachine.data.sync = true (default)
2019-10-10 01:28:01,173 [pool-67-thread-1] INFO  server.RaftServerConfigKeys (ConfUtils.java:logGet(43)) - raft.server.log.statemachine.data.sync.timeout = 10s (default)
2019-10-10 01:28:01,173 [pool-27-thread-1] INFO  segmented.SegmentedRaftLogWorker (SegmentedRaftLogWorker.java:<init>(173)) - new 993817e1-c77a-472e-865f-a6e34ffe7967@group-FD16B9976704-SegmentedRaftLogWorker for RaftStorage:Storage Directory /workdir/hadoop-ozone/tools/target/test-dir/MiniOzoneClusterImpl-1e8b0e80-279c-49c4-ae13-42ed318b6149/datanode-0/data/ratis/71f6869a-5d86-4465-9570-fd16b9976704
2019-10-10 01:28:01,174 [pool-67-thread-1] INFO  server.RaftServerConfigKeys (ConfUtils.java:logGet(43)) - raft.server.log.statemachine.data.sync.timeout.retry = -1 (default)
2019-10-10 01:28:01,173 [pool-47-thread-1] INFO  segmented.SegmentedRaftLogWorker (SegmentedRaftLogWorker.java:<init>(173)) - new fe8e0d95-22db-4b8a-875e-83bee4d716fb@group-FD16B9976704-SegmentedRaftLogWorker for RaftStorage:Storage Directory /workdir/hadoop-ozone/tools/target/test-dir/MiniOzoneClusterImpl-1e8b0e80-279c-49c4-ae13-42ed318b6149/datanode-2/data/ratis/71f6869a-5d86-4465-9570-fd16b9976704
2019-10-10 01:28:01,174 [pool-67-thread-1] INFO  server.RaftServerConfigKeys (ConfUtils.java:logGet(43)) - raft.server.log.statemachine.data.caching.enabled = true (custom)
2019-10-10 01:28:01,174 [pool-27-thread-1] INFO  server.RaftServerConfigKeys (ConfUtils.java:logGet(43)) - raft.server.log.queue.byte-limit = 2147483647 (custom)
2019-10-10 01:28:01,174 [pool-27-thread-1] INFO  server.RaftServerConfigKeys (ConfUtils.java:logGet(43)) - raft.server.log.queue.element-limit = 1024 (custom)
2019-10-10 01:28:01,174 [pool-47-thread-1] INFO  server.RaftServerConfigKeys (ConfUtils.java:logGet(43)) - raft.server.log.queue.byte-limit = 2147483647 (custom)
2019-10-10 01:28:01,174 [pool-27-thread-1] INFO  server.RaftServerConfigKeys (ConfUtils.java:logGet(43)) - raft.server.log.segment.size.max = 1048576 (custom)
2019-10-10 01:28:01,175 [pool-47-thread-1] INFO  server.RaftServerConfigKeys (ConfUtils.java:logGet(43)) - raft.server.log.queue.element-limit = 1024 (custom)
2019-10-10 01:28:01,175 [pool-67-thread-1] INFO  segmented.SegmentedRaftLogWorker (SegmentedRaftLogWorker.java:lambda$new$0(128)) - 4b92f2f8-e489-47a4-a90a-1d3fa2a9a07f@group-FD16B9976704-SegmentedRaftLogWorker: flushIndex: setUnconditionally 0 -> -1
2019-10-10 01:28:01,175 [pool-47-thread-1] INFO  server.RaftServerConfigKeys (ConfUtils.java:logGet(43)) - raft.server.log.segment.size.max = 1048576 (custom)
2019-10-10 01:28:01,175 [pool-47-thread-1] INFO  server.RaftServerConfigKeys (ConfUtils.java:logGet(43)) - raft.server.log.preallocated.size = 16384 (custom)
2019-10-10 01:28:01,175 [pool-27-thread-1] INFO  server.RaftServerConfigKeys (ConfUtils.java:logGet(43)) - raft.server.log.preallocated.size = 16384 (custom)
2019-10-10 01:28:01,175 [pool-47-thread-1] INFO  server.RaftServerConfigKeys (ConfUtils.java:logGet(43)) - raft.server.log.write.buffer.size = 33554432 (custom)
2019-10-10 01:28:01,175 [pool-67-thread-1] INFO  server.RaftServerConfigKeys (ConfUtils.java:logGet(43)) - raft.server.snapshot.auto.trigger.enabled = true (custom)
2019-10-10 01:28:01,175 [pool-47-thread-1] INFO  server.RaftServerConfigKeys (ConfUtils.java:logGet(43)) - raft.server.log.force.sync.num = 128 (default)
2019-10-10 01:28:01,176 [pool-47-thread-1] INFO  server.RaftServerConfigKeys (ConfUtils.java:logGet(43)) - raft.server.log.statemachine.data.sync = true (default)
2019-10-10 01:28:01,175 [pool-27-thread-1] INFO  server.RaftServerConfigKeys (ConfUtils.java:logGet(43)) - raft.server.log.write.buffer.size = 33554432 (custom)
2019-10-10 01:28:01,176 [pool-47-thread-1] INFO  server.RaftServerConfigKeys (ConfUtils.java:logGet(43)) - raft.server.log.statemachine.data.sync.timeout = 10s (default)
2019-10-10 01:28:01,176 [pool-47-thread-1] INFO  server.RaftServerConfigKeys (ConfUtils.java:logGet(43)) - raft.server.log.statemachine.data.sync.timeout.retry = -1 (default)
2019-10-10 01:28:01,175 [pool-67-thread-1] INFO  server.RaftServerConfigKeys (ConfUtils.java:logGet(43)) - raft.server.snapshot.auto.trigger.threshold = 10000 (custom)
2019-10-10 01:28:01,176 [pool-47-thread-1] INFO  server.RaftServerConfigKeys (ConfUtils.java:logGet(43)) - raft.server.log.statemachine.data.caching.enabled = true (custom)
2019-10-10 01:28:01,176 [pool-27-thread-1] INFO  server.RaftServerConfigKeys (ConfUtils.java:logGet(43)) - raft.server.log.force.sync.num = 128 (default)
2019-10-10 01:28:01,176 [pool-67-thread-1] INFO  server.RaftServerConfigKeys (ConfUtils.java:logGet(43)) - raft.server.snapshot.retention.file.num = 5 (custom)
2019-10-10 01:28:01,177 [pool-27-thread-1] INFO  server.RaftServerConfigKeys (ConfUtils.java:logGet(43)) - raft.server.log.statemachine.data.sync = true (default)
2019-10-10 01:28:01,177 [pool-67-thread-1] INFO  server.RaftServerConfigKeys (ConfUtils.java:logGet(43)) - raft.server.retrycache.expirytime = 600000ms (custom)
2019-10-10 01:28:01,177 [pool-27-thread-1] INFO  server.RaftServerConfigKeys (ConfUtils.java:logGet(43)) - raft.server.log.statemachine.data.sync.timeout = 10s (default)
2019-10-10 01:28:01,177 [pool-27-thread-1] INFO  server.RaftServerConfigKeys (ConfUtils.java:logGet(43)) - raft.server.log.statemachine.data.sync.timeout.retry = -1 (default)
2019-10-10 01:28:01,177 [pool-27-thread-1] INFO  server.RaftServerConfigKeys (ConfUtils.java:logGet(43)) - raft.server.log.statemachine.data.caching.enabled = true (custom)
2019-10-10 01:28:01,177 [pool-27-thread-1] INFO  segmented.SegmentedRaftLogWorker (SegmentedRaftLogWorker.java:lambda$new$0(128)) - 993817e1-c77a-472e-865f-a6e34ffe7967@group-FD16B9976704-SegmentedRaftLogWorker: flushIndex: setUnconditionally 0 -> -1
2019-10-10 01:28:01,177 [pool-27-thread-1] INFO  server.RaftServerConfigKeys (ConfUtils.java:logGet(43)) - raft.server.snapshot.auto.trigger.enabled = true (custom)
2019-10-10 01:28:01,177 [pool-47-thread-1] INFO  segmented.SegmentedRaftLogWorker (SegmentedRaftLogWorker.java:lambda$new$0(128)) - fe8e0d95-22db-4b8a-875e-83bee4d716fb@group-FD16B9976704-SegmentedRaftLogWorker: flushIndex: setUnconditionally 0 -> -1
2019-10-10 01:28:01,177 [pool-27-thread-1] INFO  server.RaftServerConfigKeys (ConfUtils.java:logGet(43)) - raft.server.snapshot.auto.trigger.threshold = 10000 (custom)
2019-10-10 01:28:01,178 [pool-27-thread-1] INFO  server.RaftServerConfigKeys (ConfUtils.java:logGet(43)) - raft.server.snapshot.retention.file.num = 5 (custom)
2019-10-10 01:28:01,178 [pool-47-thread-1] INFO  server.RaftServerConfigKeys (ConfUtils.java:logGet(43)) - raft.server.snapshot.auto.trigger.enabled = true (custom)
2019-10-10 01:28:01,178 [pool-27-thread-1] INFO  server.RaftServerConfigKeys (ConfUtils.java:logGet(43)) - raft.server.retrycache.expirytime = 600000ms (custom)
2019-10-10 01:28:01,178 [pool-47-thread-1] INFO  server.RaftServerConfigKeys (ConfUtils.java:logGet(43)) - raft.server.snapshot.auto.trigger.threshold = 10000 (custom)
2019-10-10 01:28:01,178 [pool-67-thread-1] INFO  impl.RaftServerImpl (RaftServerImpl.java:start(181)) - 4b92f2f8-e489-47a4-a90a-1d3fa2a9a07f@group-45CF1BECFE29: start as a follower, conf=-1: [4b92f2f8-e489-47a4-a90a-1d3fa2a9a07f:192.168.151.118:35849, 993817e1-c77a-472e-865f-a6e34ffe7967:192.168.151.118:41261, fe8e0d95-22db-4b8a-875e-83bee4d716fb:192.168.151.118:34352], old=null
2019-10-10 01:28:01,178 [pool-47-thread-1] INFO  server.RaftServerConfigKeys (ConfUtils.java:logGet(43)) - raft.server.snapshot.retention.file.num = 5 (custom)
2019-10-10 01:28:01,178 [pool-67-thread-1] INFO  impl.RaftServerImpl (RaftServerImpl.java:setRole(170)) - 4b92f2f8-e489-47a4-a90a-1d3fa2a9a07f@group-45CF1BECFE29: changes role from      null to FOLLOWER at term 0 for startAsFollower
2019-10-10 01:28:01,178 [pool-67-thread-1] INFO  impl.RoleInfo (RoleInfo.java:updateAndGet(143)) - 4b92f2f8-e489-47a4-a90a-1d3fa2a9a07f: start FollowerState
2019-10-10 01:28:01,178 [pool-47-thread-1] INFO  server.RaftServerConfigKeys (ConfUtils.java:logGet(43)) - raft.server.retrycache.expirytime = 600000ms (custom)
2019-10-10 01:28:01,179 [pool-67-thread-1] INFO  util.JmxRegister (JmxRegister.java:tryRegister(44)) - Successfully registered JMX Bean with object name Ratis:service=RaftServer,group=group-45CF1BECFE29,id=4b92f2f8-e489-47a4-a90a-1d3fa2a9a07f
2019-10-10 01:28:01,179 [pool-27-thread-1] INFO  impl.RaftServerImpl (RaftServerImpl.java:start(181)) - 993817e1-c77a-472e-865f-a6e34ffe7967@group-45CF1BECFE29: start as a follower, conf=-1: [4b92f2f8-e489-47a4-a90a-1d3fa2a9a07f:192.168.151.118:35849, 993817e1-c77a-472e-865f-a6e34ffe7967:192.168.151.118:41261, fe8e0d95-22db-4b8a-875e-83bee4d716fb:192.168.151.118:34352], old=null
2019-10-10 01:28:01,180 [pool-27-thread-1] INFO  impl.RaftServerImpl (RaftServerImpl.java:setRole(170)) - 993817e1-c77a-472e-865f-a6e34ffe7967@group-45CF1BECFE29: changes role from      null to FOLLOWER at term 0 for startAsFollower
2019-10-10 01:28:01,180 [pool-27-thread-1] INFO  impl.RoleInfo (RoleInfo.java:updateAndGet(143)) - 993817e1-c77a-472e-865f-a6e34ffe7967: start FollowerState
2019-10-10 01:28:01,186 [pool-27-thread-1] INFO  util.JmxRegister (JmxRegister.java:tryRegister(44)) - Successfully registered JMX Bean with object name Ratis:service=RaftServer,group=group-45CF1BECFE29,id=993817e1-c77a-472e-865f-a6e34ffe7967
2019-10-10 01:28:01,188 [pool-47-thread-1] INFO  impl.RaftServerImpl (RaftServerImpl.java:start(181)) - fe8e0d95-22db-4b8a-875e-83bee4d716fb@group-45CF1BECFE29: start as a follower, conf=-1: [4b92f2f8-e489-47a4-a90a-1d3fa2a9a07f:192.168.151.118:35849, 993817e1-c77a-472e-865f-a6e34ffe7967:192.168.151.118:41261, fe8e0d95-22db-4b8a-875e-83bee4d716fb:192.168.151.118:34352], old=null
2019-10-10 01:28:01,188 [pool-47-thread-1] INFO  impl.RaftServerImpl (RaftServerImpl.java:setRole(170)) - fe8e0d95-22db-4b8a-875e-83bee4d716fb@group-45CF1BECFE29: changes role from      null to FOLLOWER at term 0 for startAsFollower
2019-10-10 01:28:01,189 [pool-47-thread-1] INFO  impl.RoleInfo (RoleInfo.java:updateAndGet(143)) - fe8e0d95-22db-4b8a-875e-83bee4d716fb: start FollowerState
2019-10-10 01:28:01,189 [pool-47-thread-1] INFO  util.JmxRegister (JmxRegister.java:tryRegister(44)) - Successfully registered JMX Bean with object name Ratis:service=RaftServer,group=group-45CF1BECFE29,id=fe8e0d95-22db-4b8a-875e-83bee4d716fb
2019-10-10 01:28:01,195 [pool-67-thread-1] INFO  impl.RaftServerImpl (RaftServerImpl.java:<init>(95)) - 4b92f2f8-e489-47a4-a90a-1d3fa2a9a07f: new RaftServerImpl for group-91171958C9A4:[4b92f2f8-e489-47a4-a90a-1d3fa2a9a07f:192.168.151.118:35849, 993817e1-c77a-472e-865f-a6e34ffe7967:192.168.151.118:41261, fe8e0d95-22db-4b8a-875e-83bee4d716fb:192.168.151.118:34352] with ContainerStateMachine:uninitialized
2019-10-10 01:28:01,195 [pool-67-thread-1] INFO  server.RaftServerConfigKeys (ConfUtils.java:logGet(43)) - raft.server.rpc.timeout.min = 5s (custom)
2019-10-10 01:28:01,195 [pool-67-thread-1] INFO  server.RaftServerConfigKeys (ConfUtils.java:logGet(43)) - raft.server.rpc.timeout.max = 5200ms (custom)
2019-10-10 01:28:01,195 [pool-67-thread-1] INFO  server.RaftServerConfigKeys (ConfUtils.java:logGet(43)) - raft.server.rpcslowness.timeout = 120s (custom)
2019-10-10 01:28:01,195 [pool-67-thread-1] INFO  server.RaftServerConfigKeys (ConfUtils.java:logGet(43)) - raft.server.sleep.deviation.threshold = 300 (default)
2019-10-10 01:28:01,195 [pool-67-thread-1] INFO  server.RaftServerConfigKeys (ConfUtils.java:logGet(43)) - raft.server.log.appender.install.snapshot.enabled = false (custom)
2019-10-10 01:28:01,195 [pool-67-thread-1] INFO  impl.RaftServerImpl (ServerState.java:<init>(103)) - 4b92f2f8-e489-47a4-a90a-1d3fa2a9a07f@group-91171958C9A4: ConfigurationManager, init=-1: [4b92f2f8-e489-47a4-a90a-1d3fa2a9a07f:192.168.151.118:35849, 993817e1-c77a-472e-865f-a6e34ffe7967:192.168.151.118:41261, fe8e0d95-22db-4b8a-875e-83bee4d716fb:192.168.151.118:34352], old=null, confs=<EMPTY_MAP>
2019-10-10 01:28:01,195 [pool-67-thread-1] INFO  server.RaftServerConfigKeys (ConfUtils.java:logGet(43)) - raft.server.storage.dir = [/workdir/hadoop-ozone/tools/target/test-dir/MiniOzoneClusterImpl-1e8b0e80-279c-49c4-ae13-42ed318b6149/datanode-4/data/ratis] (custom)
2019-10-10 01:28:01,196 [pool-27-thread-1] INFO  impl.RaftServerImpl (RaftServerImpl.java:<init>(95)) - 993817e1-c77a-472e-865f-a6e34ffe7967: new RaftServerImpl for group-91171958C9A4:[4b92f2f8-e489-47a4-a90a-1d3fa2a9a07f:192.168.151.118:35849, 993817e1-c77a-472e-865f-a6e34ffe7967:192.168.151.118:41261, fe8e0d95-22db-4b8a-875e-83bee4d716fb:192.168.151.118:34352] with ContainerStateMachine:uninitialized
2019-10-10 01:28:01,196 [pool-67-thread-1] INFO  server.RaftServerConfigKeys (ConfUtils.java:logGet(43)) - raft.server.log.corruption.policy = EXCEPTION (default)
2019-10-10 01:28:01,196 [pool-27-thread-1] INFO  server.RaftServerConfigKeys (ConfUtils.java:logGet(43)) - raft.server.rpc.timeout.min = 5s (custom)
2019-10-10 01:28:01,196 [pool-27-thread-1] INFO  server.RaftServerConfigKeys (ConfUtils.java:logGet(43)) - raft.server.rpc.timeout.max = 5200ms (custom)
2019-10-10 01:28:01,196 [pool-67-thread-1] INFO  storage.RaftStorageDirectory (RaftStorageDirectory.java:analyzeStorage(246)) - The storage directory /workdir/hadoop-ozone/tools/target/test-dir/MiniOzoneClusterImpl-1e8b0e80-279c-49c4-ae13-42ed318b6149/datanode-4/data/ratis/0467fe35-5c82-4502-b139-91171958c9a4 does not exist. Creating ...
2019-10-10 01:28:01,196 [pool-27-thread-1] INFO  server.RaftServerConfigKeys (ConfUtils.java:logGet(43)) - raft.server.rpcslowness.timeout = 120s (custom)
2019-10-10 01:28:01,196 [pool-27-thread-1] INFO  server.RaftServerConfigKeys (ConfUtils.java:logGet(43)) - raft.server.sleep.deviation.threshold = 300 (default)
2019-10-10 01:28:01,196 [pool-27-thread-1] INFO  server.RaftServerConfigKeys (ConfUtils.java:logGet(43)) - raft.server.log.appender.install.snapshot.enabled = false (custom)
2019-10-10 01:28:01,196 [pool-27-thread-1] INFO  impl.RaftServerImpl (ServerState.java:<init>(103)) - 993817e1-c77a-472e-865f-a6e34ffe7967@group-91171958C9A4: ConfigurationManager, init=-1: [4b92f2f8-e489-47a4-a90a-1d3fa2a9a07f:192.168.151.118:35849, 993817e1-c77a-472e-865f-a6e34ffe7967:192.168.151.118:41261, fe8e0d95-22db-4b8a-875e-83bee4d716fb:192.168.151.118:34352], old=null, confs=<EMPTY_MAP>
2019-10-10 01:28:01,196 [pool-27-thread-1] INFO  server.RaftServerConfigKeys (ConfUtils.java:logGet(43)) - raft.server.storage.dir = [/workdir/hadoop-ozone/tools/target/test-dir/MiniOzoneClusterImpl-1e8b0e80-279c-49c4-ae13-42ed318b6149/datanode-0/data/ratis] (custom)
2019-10-10 01:28:01,196 [pool-27-thread-1] INFO  server.RaftServerConfigKeys (ConfUtils.java:logGet(43)) - raft.server.log.corruption.policy = EXCEPTION (default)
2019-10-10 01:28:01,197 [pool-27-thread-1] INFO  storage.RaftStorageDirectory (RaftStorageDirectory.java:analyzeStorage(246)) - The storage directory /workdir/hadoop-ozone/tools/target/test-dir/MiniOzoneClusterImpl-1e8b0e80-279c-49c4-ae13-42ed318b6149/datanode-0/data/ratis/0467fe35-5c82-4502-b139-91171958c9a4 does not exist. Creating ...
2019-10-10 01:28:01,198 [pool-47-thread-1] INFO  impl.RaftServerImpl (RaftServerImpl.java:<init>(95)) - fe8e0d95-22db-4b8a-875e-83bee4d716fb: new RaftServerImpl for group-91171958C9A4:[4b92f2f8-e489-47a4-a90a-1d3fa2a9a07f:192.168.151.118:35849, 993817e1-c77a-472e-865f-a6e34ffe7967:192.168.151.118:41261, fe8e0d95-22db-4b8a-875e-83bee4d716fb:192.168.151.118:34352] with ContainerStateMachine:uninitialized
2019-10-10 01:28:01,198 [pool-47-thread-1] INFO  server.RaftServerConfigKeys (ConfUtils.java:logGet(43)) - raft.server.rpc.timeout.min = 5s (custom)
2019-10-10 01:28:01,198 [pool-47-thread-1] INFO  server.RaftServerConfigKeys (ConfUtils.java:logGet(43)) - raft.server.rpc.timeout.max = 5200ms (custom)
2019-10-10 01:28:01,199 [pool-47-thread-1] INFO  server.RaftServerConfigKeys (ConfUtils.java:logGet(43)) - raft.server.rpcslowness.timeout = 120s (custom)
2019-10-10 01:28:01,199 [pool-47-thread-1] INFO  server.RaftServerConfigKeys (ConfUtils.java:logGet(43)) - raft.server.sleep.deviation.threshold = 300 (default)
2019-10-10 01:28:01,199 [pool-47-thread-1] INFO  server.RaftServerConfigKeys (ConfUtils.java:logGet(43)) - raft.server.log.appender.install.snapshot.enabled = false (custom)
2019-10-10 01:28:01,199 [pool-47-thread-1] INFO  impl.RaftServerImpl (ServerState.java:<init>(103)) - fe8e0d95-22db-4b8a-875e-83bee4d716fb@group-91171958C9A4: ConfigurationManager, init=-1: [4b92f2f8-e489-47a4-a90a-1d3fa2a9a07f:192.168.151.118:35849, 993817e1-c77a-472e-865f-a6e34ffe7967:192.168.151.118:41261, fe8e0d95-22db-4b8a-875e-83bee4d716fb:192.168.151.118:34352], old=null, confs=<EMPTY_MAP>
2019-10-10 01:28:01,199 [pool-47-thread-1] INFO  server.RaftServerConfigKeys (ConfUtils.java:logGet(43)) - raft.server.storage.dir = [/workdir/hadoop-ozone/tools/target/test-dir/MiniOzoneClusterImpl-1e8b0e80-279c-49c4-ae13-42ed318b6149/datanode-2/data/ratis] (custom)
2019-10-10 01:28:01,200 [pool-47-thread-1] INFO  server.RaftServerConfigKeys (ConfUtils.java:logGet(43)) - raft.server.log.corruption.policy = EXCEPTION (default)
2019-10-10 01:28:01,200 [pool-47-thread-1] INFO  storage.RaftStorageDirectory (RaftStorageDirectory.java:analyzeStorage(246)) - The storage directory /workdir/hadoop-ozone/tools/target/test-dir/MiniOzoneClusterImpl-1e8b0e80-279c-49c4-ae13-42ed318b6149/datanode-2/data/ratis/0467fe35-5c82-4502-b139-91171958c9a4 does not exist. Creating ...
2019-10-10 01:28:01,227 [pool-47-thread-1] INFO  storage.RaftStorageDirectory (RaftStorageDirectory.java:tryLock(328)) - Lock on /workdir/hadoop-ozone/tools/target/test-dir/MiniOzoneClusterImpl-1e8b0e80-279c-49c4-ae13-42ed318b6149/datanode-2/data/ratis/0467fe35-5c82-4502-b139-91171958c9a4/in_use.lock acquired by nodename 12932@pr-hdds-2194-jqrdw-3579824535
2019-10-10 01:28:01,227 [pool-67-thread-1] INFO  storage.RaftStorageDirectory (RaftStorageDirectory.java:tryLock(328)) - Lock on /workdir/hadoop-ozone/tools/target/test-dir/MiniOzoneClusterImpl-1e8b0e80-279c-49c4-ae13-42ed318b6149/datanode-4/data/ratis/0467fe35-5c82-4502-b139-91171958c9a4/in_use.lock acquired by nodename 12932@pr-hdds-2194-jqrdw-3579824535
2019-10-10 01:28:01,227 [pool-27-thread-1] INFO  storage.RaftStorageDirectory (RaftStorageDirectory.java:tryLock(328)) - Lock on /workdir/hadoop-ozone/tools/target/test-dir/MiniOzoneClusterImpl-1e8b0e80-279c-49c4-ae13-42ed318b6149/datanode-0/data/ratis/0467fe35-5c82-4502-b139-91171958c9a4/in_use.lock acquired by nodename 12932@pr-hdds-2194-jqrdw-3579824535
2019-10-10 01:28:01,248 [pool-47-thread-1] INFO  storage.RaftStorage (RaftStorage.java:format(84)) - Storage directory /workdir/hadoop-ozone/tools/target/test-dir/MiniOzoneClusterImpl-1e8b0e80-279c-49c4-ae13-42ed318b6149/datanode-2/data/ratis/0467fe35-5c82-4502-b139-91171958c9a4 has been successfully formatted.
2019-10-10 01:28:01,248 [pool-67-thread-1] INFO  storage.RaftStorage (RaftStorage.java:format(84)) - Storage directory /workdir/hadoop-ozone/tools/target/test-dir/MiniOzoneClusterImpl-1e8b0e80-279c-49c4-ae13-42ed318b6149/datanode-4/data/ratis/0467fe35-5c82-4502-b139-91171958c9a4 has been successfully formatted.
2019-10-10 01:28:01,248 [pool-27-thread-1] INFO  storage.RaftStorage (RaftStorage.java:format(84)) - Storage directory /workdir/hadoop-ozone/tools/target/test-dir/MiniOzoneClusterImpl-1e8b0e80-279c-49c4-ae13-42ed318b6149/datanode-0/data/ratis/0467fe35-5c82-4502-b139-91171958c9a4 has been successfully formatted.
2019-10-10 01:28:01,248 [pool-47-thread-1] INFO  ratis.ContainerStateMachine (ContainerStateMachine.java:loadSnapshot(231)) - group-91171958C9A4: The snapshot info is null. Setting the last applied indexto:(t:0, i:~)
2019-10-10 01:28:01,248 [pool-27-thread-1] INFO  ratis.ContainerStateMachine (ContainerStateMachine.java:loadSnapshot(231)) - group-91171958C9A4: The snapshot info is null. Setting the last applied indexto:(t:0, i:~)
2019-10-10 01:28:01,249 [pool-47-thread-1] INFO  server.RaftServerConfigKeys (ConfUtils.java:logGet(43)) - raft.server.notification.no-leader.timeout = 120s (custom)
2019-10-10 01:28:01,248 [pool-67-thread-1] INFO  ratis.ContainerStateMachine (ContainerStateMachine.java:loadSnapshot(231)) - group-91171958C9A4: The snapshot info is null. Setting the last applied indexto:(t:0, i:~)
2019-10-10 01:28:01,249 [pool-47-thread-1] INFO  server.RaftServerConfigKeys (ConfUtils.java:logGet(43)) - raft.server.log.use.memory = false (default)
2019-10-10 01:28:01,249 [pool-27-thread-1] INFO  server.RaftServerConfigKeys (ConfUtils.java:logGet(43)) - raft.server.notification.no-leader.timeout = 120s (custom)
2019-10-10 01:28:01,249 [pool-47-thread-1] INFO  server.RaftServerConfigKeys (ConfUtils.java:logGet(43)) - raft.server.log.purge.gap = 1000000 (custom)
2019-10-10 01:28:01,249 [pool-67-thread-1] INFO  server.RaftServerConfigKeys (ConfUtils.java:logGet(43)) - raft.server.notification.no-leader.timeout = 120s (custom)
2019-10-10 01:28:01,249 [pool-47-thread-1] INFO  server.RaftServerConfigKeys (ConfUtils.java:logGet(43)) - raft.server.log.appender.buffer.byte-limit = 33554432 (custom)
2019-10-10 01:28:01,249 [pool-27-thread-1] INFO  server.RaftServerConfigKeys (ConfUtils.java:logGet(43)) - raft.server.log.use.memory = false (default)
2019-10-10 01:28:01,249 [pool-47-thread-1] INFO  server.RaftServerConfigKeys (ConfUtils.java:logGet(43)) - raft.server.log.segment.size.max = 1048576 (custom)
2019-10-10 01:28:01,249 [pool-67-thread-1] INFO  server.RaftServerConfigKeys (ConfUtils.java:logGet(43)) - raft.server.log.use.memory = false (default)
2019-10-10 01:28:01,250 [pool-47-thread-1] INFO  server.RaftServerConfigKeys (ConfUtils.java:logGet(43)) - raft.server.log.segment.cache.num.max = 2 (custom)
2019-10-10 01:28:01,250 [pool-27-thread-1] INFO  server.RaftServerConfigKeys (ConfUtils.java:logGet(43)) - raft.server.log.purge.gap = 1000000 (custom)
2019-10-10 01:28:01,250 [pool-47-thread-1] INFO  segmented.SegmentedRaftLogWorker (SegmentedRaftLogWorker.java:<init>(173)) - new fe8e0d95-22db-4b8a-875e-83bee4d716fb@group-91171958C9A4-SegmentedRaftLogWorker for RaftStorage:Storage Directory /workdir/hadoop-ozone/tools/target/test-dir/MiniOzoneClusterImpl-1e8b0e80-279c-49c4-ae13-42ed318b6149/datanode-2/data/ratis/0467fe35-5c82-4502-b139-91171958c9a4
2019-10-10 01:28:01,250 [pool-67-thread-1] INFO  server.RaftServerConfigKeys (ConfUtils.java:logGet(43)) - raft.server.log.purge.gap = 1000000 (custom)
2019-10-10 01:28:01,250 [pool-47-thread-1] INFO  server.RaftServerConfigKeys (ConfUtils.java:logGet(43)) - raft.server.log.queue.byte-limit = 2147483647 (custom)
2019-10-10 01:28:01,250 [pool-27-thread-1] INFO  server.RaftServerConfigKeys (ConfUtils.java:logGet(43)) - raft.server.log.appender.buffer.byte-limit = 33554432 (custom)
2019-10-10 01:28:01,250 [pool-47-thread-1] INFO  server.RaftServerConfigKeys (ConfUtils.java:logGet(43)) - raft.server.log.queue.element-limit = 1024 (custom)
2019-10-10 01:28:01,250 [pool-67-thread-1] INFO  server.RaftServerConfigKeys (ConfUtils.java:logGet(43)) - raft.server.log.appender.buffer.byte-limit = 33554432 (custom)
2019-10-10 01:28:01,251 [pool-47-thread-1] INFO  server.RaftServerConfigKeys (ConfUtils.java:logGet(43)) - raft.server.log.segment.size.max = 1048576 (custom)
2019-10-10 01:28:01,251 [pool-27-thread-1] INFO  server.RaftServerConfigKeys (ConfUtils.java:logGet(43)) - raft.server.log.segment.size.max = 1048576 (custom)
2019-10-10 01:28:01,251 [pool-47-thread-1] INFO  server.RaftServerConfigKeys (ConfUtils.java:logGet(43)) - raft.server.log.preallocated.size = 16384 (custom)
2019-10-10 01:28:01,251 [pool-67-thread-1] INFO  server.RaftServerConfigKeys (ConfUtils.java:logGet(43)) - raft.server.log.segment.size.max = 1048576 (custom)
2019-10-10 01:28:01,251 [pool-47-thread-1] INFO  server.RaftServerConfigKeys (ConfUtils.java:logGet(43)) - raft.server.log.write.buffer.size = 33554432 (custom)
2019-10-10 01:28:01,251 [pool-27-thread-1] INFO  server.RaftServerConfigKeys (ConfUtils.java:logGet(43)) - raft.server.log.segment.cache.num.max = 2 (custom)
2019-10-10 01:28:01,252 [pool-47-thread-1] INFO  server.RaftServerConfigKeys (ConfUtils.java:logGet(43)) - raft.server.log.force.sync.num = 128 (default)
2019-10-10 01:28:01,252 [pool-67-thread-1] INFO  server.RaftServerConfigKeys (ConfUtils.java:logGet(43)) - raft.server.log.segment.cache.num.max = 2 (custom)
2019-10-10 01:28:01,252 [pool-47-thread-1] INFO  server.RaftServerConfigKeys (ConfUtils.java:logGet(43)) - raft.server.log.statemachine.data.sync = true (default)
2019-10-10 01:28:01,252 [pool-27-thread-1] INFO  segmented.SegmentedRaftLogWorker (SegmentedRaftLogWorker.java:<init>(173)) - new 993817e1-c77a-472e-865f-a6e34ffe7967@group-91171958C9A4-SegmentedRaftLogWorker for RaftStorage:Storage Directory /workdir/hadoop-ozone/tools/target/test-dir/MiniOzoneClusterImpl-1e8b0e80-279c-49c4-ae13-42ed318b6149/datanode-0/data/ratis/0467fe35-5c82-4502-b139-91171958c9a4
2019-10-10 01:28:01,252 [pool-47-thread-1] INFO  server.RaftServerConfigKeys (ConfUtils.java:logGet(43)) - raft.server.log.statemachine.data.sync.timeout = 10s (default)
2019-10-10 01:28:01,252 [pool-47-thread-1] INFO  server.RaftServerConfigKeys (ConfUtils.java:logGet(43)) - raft.server.log.statemachine.data.sync.timeout.retry = -1 (default)
2019-10-10 01:28:01,252 [pool-67-thread-1] INFO  segmented.SegmentedRaftLogWorker (SegmentedRaftLogWorker.java:<init>(173)) - new 4b92f2f8-e489-47a4-a90a-1d3fa2a9a07f@group-91171958C9A4-SegmentedRaftLogWorker for RaftStorage:Storage Directory /workdir/hadoop-ozone/tools/target/test-dir/MiniOzoneClusterImpl-1e8b0e80-279c-49c4-ae13-42ed318b6149/datanode-4/data/ratis/0467fe35-5c82-4502-b139-91171958c9a4
2019-10-10 01:28:01,253 [pool-47-thread-1] INFO  server.RaftServerConfigKeys (ConfUtils.java:logGet(43)) - raft.server.log.statemachine.data.caching.enabled = true (custom)
2019-10-10 01:28:01,252 [pool-27-thread-1] INFO  server.RaftServerConfigKeys (ConfUtils.java:logGet(43)) - raft.server.log.queue.byte-limit = 2147483647 (custom)
2019-10-10 01:28:01,253 [pool-67-thread-1] INFO  server.RaftServerConfigKeys (ConfUtils.java:logGet(43)) - raft.server.log.queue.byte-limit = 2147483647 (custom)
2019-10-10 01:28:01,253 [pool-47-thread-1] INFO  segmented.SegmentedRaftLogWorker (SegmentedRaftLogWorker.java:lambda$new$0(128)) - fe8e0d95-22db-4b8a-875e-83bee4d716fb@group-91171958C9A4-SegmentedRaftLogWorker: flushIndex: setUnconditionally 0 -> -1
2019-10-10 01:28:01,253 [pool-27-thread-1] INFO  server.RaftServerConfigKeys (ConfUtils.java:logGet(43)) - raft.server.log.queue.element-limit = 1024 (custom)
2019-10-10 01:28:01,253 [pool-67-thread-1] INFO  server.RaftServerConfigKeys (ConfUtils.java:logGet(43)) - raft.server.log.queue.element-limit = 1024 (custom)
2019-10-10 01:28:01,253 [pool-27-thread-1] INFO  server.RaftServerConfigKeys (ConfUtils.java:logGet(43)) - raft.server.log.segment.size.max = 1048576 (custom)
2019-10-10 01:28:01,253 [pool-47-thread-1] INFO  server.RaftServerConfigKeys (ConfUtils.java:logGet(43)) - raft.server.snapshot.auto.trigger.enabled = true (custom)
2019-10-10 01:28:01,254 [pool-27-thread-1] INFO  server.RaftServerConfigKeys (ConfUtils.java:logGet(43)) - raft.server.log.preallocated.size = 16384 (custom)
2019-10-10 01:28:01,253 [pool-67-thread-1] INFO  server.RaftServerConfigKeys (ConfUtils.java:logGet(43)) - raft.server.log.segment.size.max = 1048576 (custom)
2019-10-10 01:28:01,254 [pool-27-thread-1] INFO  server.RaftServerConfigKeys (ConfUtils.java:logGet(43)) - raft.server.log.write.buffer.size = 33554432 (custom)
2019-10-10 01:28:01,254 [pool-47-thread-1] INFO  server.RaftServerConfigKeys (ConfUtils.java:logGet(43)) - raft.server.snapshot.auto.trigger.threshold = 10000 (custom)
2019-10-10 01:28:01,254 [pool-27-thread-1] INFO  server.RaftServerConfigKeys (ConfUtils.java:logGet(43)) - raft.server.log.force.sync.num = 128 (default)
2019-10-10 01:28:01,254 [pool-27-thread-1] INFO  server.RaftServerConfigKeys (ConfUtils.java:logGet(43)) - raft.server.log.statemachine.data.sync = true (default)
2019-10-10 01:28:01,254 [pool-67-thread-1] INFO  server.RaftServerConfigKeys (ConfUtils.java:logGet(43)) - raft.server.log.preallocated.size = 16384 (custom)
2019-10-10 01:28:01,254 [pool-27-thread-1] INFO  server.RaftServerConfigKeys (ConfUtils.java:logGet(43)) - raft.server.log.statemachine.data.sync.timeout = 10s (default)
2019-10-10 01:28:01,254 [pool-47-thread-1] INFO  server.RaftServerConfigKeys (ConfUtils.java:logGet(43)) - raft.server.snapshot.retention.file.num = 5 (custom)
2019-10-10 01:28:01,255 [pool-27-thread-1] INFO  server.RaftServerConfigKeys (ConfUtils.java:logGet(43)) - raft.server.log.statemachine.data.sync.timeout.retry = -1 (default)
2019-10-10 01:28:01,254 [pool-67-thread-1] INFO  server.RaftServerConfigKeys (ConfUtils.java:logGet(43)) - raft.server.log.write.buffer.size = 33554432 (custom)
2019-10-10 01:28:01,255 [pool-27-thread-1] INFO  server.RaftServerConfigKeys (ConfUtils.java:logGet(43)) - raft.server.log.statemachine.data.caching.enabled = true (custom)
2019-10-10 01:28:01,255 [pool-47-thread-1] INFO  server.RaftServerConfigKeys (ConfUtils.java:logGet(43)) - raft.server.retrycache.expirytime = 600000ms (custom)
2019-10-10 01:28:01,255 [pool-27-thread-1] INFO  segmented.SegmentedRaftLogWorker (SegmentedRaftLogWorker.java:lambda$new$0(128)) - 993817e1-c77a-472e-865f-a6e34ffe7967@group-91171958C9A4-SegmentedRaftLogWorker: flushIndex: setUnconditionally 0 -> -1
2019-10-10 01:28:01,255 [pool-67-thread-1] INFO  server.RaftServerConfigKeys (ConfUtils.java:logGet(43)) - raft.server.log.force.sync.num = 128 (default)
2019-10-10 01:28:01,255 [pool-67-thread-1] INFO  server.RaftServerConfigKeys (ConfUtils.java:logGet(43)) - raft.server.log.statemachine.data.sync = true (default)
2019-10-10 01:28:01,255 [pool-27-thread-1] INFO  server.RaftServerConfigKeys (ConfUtils.java:logGet(43)) - raft.server.snapshot.auto.trigger.enabled = true (custom)
2019-10-10 01:28:01,255 [pool-67-thread-1] INFO  server.RaftServerConfigKeys (ConfUtils.java:logGet(43)) - raft.server.log.statemachine.data.sync.timeout = 10s (default)
2019-10-10 01:28:01,256 [pool-27-thread-1] INFO  server.RaftServerConfigKeys (ConfUtils.java:logGet(43)) - raft.server.snapshot.auto.trigger.threshold = 10000 (custom)
2019-10-10 01:28:01,256 [pool-67-thread-1] INFO  server.RaftServerConfigKeys (ConfUtils.java:logGet(43)) - raft.server.log.statemachine.data.sync.timeout.retry = -1 (default)
2019-10-10 01:28:01,256 [pool-27-thread-1] INFO  server.RaftServerConfigKeys (ConfUtils.java:logGet(43)) - raft.server.snapshot.retention.file.num = 5 (custom)
2019-10-10 01:28:01,256 [pool-67-thread-1] INFO  server.RaftServerConfigKeys (ConfUtils.java:logGet(43)) - raft.server.log.statemachine.data.caching.enabled = true (custom)
2019-10-10 01:28:01,256 [pool-27-thread-1] INFO  server.RaftServerConfigKeys (ConfUtils.java:logGet(43)) - raft.server.retrycache.expirytime = 600000ms (custom)
2019-10-10 01:28:01,256 [pool-67-thread-1] INFO  segmented.SegmentedRaftLogWorker (SegmentedRaftLogWorker.java:lambda$new$0(128)) - 4b92f2f8-e489-47a4-a90a-1d3fa2a9a07f@group-91171958C9A4-SegmentedRaftLogWorker: flushIndex: setUnconditionally 0 -> -1
2019-10-10 01:28:01,256 [pool-67-thread-1] INFO  server.RaftServerConfigKeys (ConfUtils.java:logGet(43)) - raft.server.snapshot.auto.trigger.enabled = true (custom)
2019-10-10 01:28:01,256 [pool-67-thread-1] INFO  server.RaftServerConfigKeys (ConfUtils.java:logGet(43)) - raft.server.snapshot.auto.trigger.threshold = 10000 (custom)
2019-10-10 01:28:01,256 [pool-67-thread-1] INFO  server.RaftServerConfigKeys (ConfUtils.java:logGet(43)) - raft.server.snapshot.retention.file.num = 5 (custom)
2019-10-10 01:28:01,257 [pool-67-thread-1] INFO  server.RaftServerConfigKeys (ConfUtils.java:logGet(43)) - raft.server.retrycache.expirytime = 600000ms (custom)
2019-10-10 01:28:01,258 [pool-47-thread-1] INFO  impl.RaftServerImpl (RaftServerImpl.java:<init>(95)) - fe8e0d95-22db-4b8a-875e-83bee4d716fb: new RaftServerImpl for group-F41FBE1AF940:[4b92f2f8-e489-47a4-a90a-1d3fa2a9a07f:192.168.151.118:35849, 993817e1-c77a-472e-865f-a6e34ffe7967:192.168.151.118:41261, fe8e0d95-22db-4b8a-875e-83bee4d716fb:192.168.151.118:34352] with ContainerStateMachine:uninitialized
2019-10-10 01:28:01,258 [pool-47-thread-1] INFO  server.RaftServerConfigKeys (ConfUtils.java:logGet(43)) - raft.server.rpc.timeout.min = 5s (custom)
2019-10-10 01:28:01,258 [pool-47-thread-1] INFO  server.RaftServerConfigKeys (ConfUtils.java:logGet(43)) - raft.server.rpc.timeout.max = 5200ms (custom)
2019-10-10 01:28:01,258 [pool-47-thread-1] INFO  server.RaftServerConfigKeys (ConfUtils.java:logGet(43)) - raft.server.rpcslowness.timeout = 120s (custom)
2019-10-10 01:28:01,259 [pool-47-thread-1] INFO  server.RaftServerConfigKeys (ConfUtils.java:logGet(43)) - raft.server.sleep.deviation.threshold = 300 (default)
2019-10-10 01:28:01,259 [pool-47-thread-1] INFO  server.RaftServerConfigKeys (ConfUtils.java:logGet(43)) - raft.server.log.appender.install.snapshot.enabled = false (custom)
2019-10-10 01:28:01,259 [pool-47-thread-1] INFO  impl.RaftServerImpl (ServerState.java:<init>(103)) - fe8e0d95-22db-4b8a-875e-83bee4d716fb@group-F41FBE1AF940: ConfigurationManager, init=-1: [4b92f2f8-e489-47a4-a90a-1d3fa2a9a07f:192.168.151.118:35849, 993817e1-c77a-472e-865f-a6e34ffe7967:192.168.151.118:41261, fe8e0d95-22db-4b8a-875e-83bee4d716fb:192.168.151.118:34352], old=null, confs=<EMPTY_MAP>
2019-10-10 01:28:01,259 [pool-47-thread-1] INFO  server.RaftServerConfigKeys (ConfUtils.java:logGet(43)) - raft.server.storage.dir = [/workdir/hadoop-ozone/tools/target/test-dir/MiniOzoneClusterImpl-1e8b0e80-279c-49c4-ae13-42ed318b6149/datanode-2/data/ratis] (custom)
2019-10-10 01:28:01,259 [pool-27-thread-1] INFO  impl.RaftServerImpl (RaftServerImpl.java:<init>(95)) - 993817e1-c77a-472e-865f-a6e34ffe7967: new RaftServerImpl for group-F41FBE1AF940:[4b92f2f8-e489-47a4-a90a-1d3fa2a9a07f:192.168.151.118:35849, 993817e1-c77a-472e-865f-a6e34ffe7967:192.168.151.118:41261, fe8e0d95-22db-4b8a-875e-83bee4d716fb:192.168.151.118:34352] with ContainerStateMachine:uninitialized
2019-10-10 01:28:01,259 [pool-27-thread-1] INFO  server.RaftServerConfigKeys (ConfUtils.java:logGet(43)) - raft.server.rpc.timeout.min = 5s (custom)
2019-10-10 01:28:01,259 [pool-47-thread-1] INFO  server.RaftServerConfigKeys (ConfUtils.java:logGet(43)) - raft.server.log.corruption.policy = EXCEPTION (default)
2019-10-10 01:28:01,259 [pool-67-thread-1] INFO  impl.RaftServerImpl (RaftServerImpl.java:<init>(95)) - 4b92f2f8-e489-47a4-a90a-1d3fa2a9a07f: new RaftServerImpl for group-F41FBE1AF940:[4b92f2f8-e489-47a4-a90a-1d3fa2a9a07f:192.168.151.118:35849, 993817e1-c77a-472e-865f-a6e34ffe7967:192.168.151.118:41261, fe8e0d95-22db-4b8a-875e-83bee4d716fb:192.168.151.118:34352] with ContainerStateMachine:uninitialized
2019-10-10 01:28:01,259 [pool-27-thread-1] INFO  server.RaftServerConfigKeys (ConfUtils.java:logGet(43)) - raft.server.rpc.timeout.max = 5200ms (custom)
2019-10-10 01:28:01,260 [pool-67-thread-1] INFO  server.RaftServerConfigKeys (ConfUtils.java:logGet(43)) - raft.server.rpc.timeout.min = 5s (custom)
2019-10-10 01:28:01,260 [pool-47-thread-1] INFO  storage.RaftStorageDirectory (RaftStorageDirectory.java:analyzeStorage(246)) - The storage directory /workdir/hadoop-ozone/tools/target/test-dir/MiniOzoneClusterImpl-1e8b0e80-279c-49c4-ae13-42ed318b6149/datanode-2/data/ratis/9c5385c6-4945-4364-9e22-f41fbe1af940 does not exist. Creating ...
2019-10-10 01:28:01,260 [pool-67-thread-1] INFO  server.RaftServerConfigKeys (ConfUtils.java:logGet(43)) - raft.server.rpc.timeout.max = 5200ms (custom)
2019-10-10 01:28:01,260 [pool-27-thread-1] INFO  server.RaftServerConfigKeys (ConfUtils.java:logGet(43)) - raft.server.rpcslowness.timeout = 120s (custom)
2019-10-10 01:28:01,260 [pool-67-thread-1] INFO  server.RaftServerConfigKeys (ConfUtils.java:logGet(43)) - raft.server.rpcslowness.timeout = 120s (custom)
2019-10-10 01:28:01,260 [pool-27-thread-1] INFO  server.RaftServerConfigKeys (ConfUtils.java:logGet(43)) - raft.server.sleep.deviation.threshold = 300 (default)
2019-10-10 01:28:01,260 [pool-67-thread-1] INFO  server.RaftServerConfigKeys (ConfUtils.java:logGet(43)) - raft.server.sleep.deviation.threshold = 300 (default)
2019-10-10 01:28:01,260 [pool-27-thread-1] INFO  server.RaftServerConfigKeys (ConfUtils.java:logGet(43)) - raft.server.log.appender.install.snapshot.enabled = false (custom)
2019-10-10 01:28:01,260 [pool-67-thread-1] INFO  server.RaftServerConfigKeys (ConfUtils.java:logGet(43)) - raft.server.log.appender.install.snapshot.enabled = false (custom)
2019-10-10 01:28:01,260 [pool-27-thread-1] INFO  impl.RaftServerImpl (ServerState.java:<init>(103)) - 993817e1-c77a-472e-865f-a6e34ffe7967@group-F41FBE1AF940: ConfigurationManager, init=-1: [4b92f2f8-e489-47a4-a90a-1d3fa2a9a07f:192.168.151.118:35849, 993817e1-c77a-472e-865f-a6e34ffe7967:192.168.151.118:41261, fe8e0d95-22db-4b8a-875e-83bee4d716fb:192.168.151.118:34352], old=null, confs=<EMPTY_MAP>
2019-10-10 01:28:01,260 [pool-67-thread-1] INFO  impl.RaftServerImpl (ServerState.java:<init>(103)) - 4b92f2f8-e489-47a4-a90a-1d3fa2a9a07f@group-F41FBE1AF940: ConfigurationManager, init=-1: [4b92f2f8-e489-47a4-a90a-1d3fa2a9a07f:192.168.151.118:35849, 993817e1-c77a-472e-865f-a6e34ffe7967:192.168.151.118:41261, fe8e0d95-22db-4b8a-875e-83bee4d716fb:192.168.151.118:34352], old=null, confs=<EMPTY_MAP>
2019-10-10 01:28:01,261 [pool-27-thread-1] INFO  server.RaftServerConfigKeys (ConfUtils.java:logGet(43)) - raft.server.storage.dir = [/workdir/hadoop-ozone/tools/target/test-dir/MiniOzoneClusterImpl-1e8b0e80-279c-49c4-ae13-42ed318b6149/datanode-0/data/ratis] (custom)
2019-10-10 01:28:01,261 [pool-67-thread-1] INFO  server.RaftServerConfigKeys (ConfUtils.java:logGet(43)) - raft.server.storage.dir = [/workdir/hadoop-ozone/tools/target/test-dir/MiniOzoneClusterImpl-1e8b0e80-279c-49c4-ae13-42ed318b6149/datanode-4/data/ratis] (custom)
2019-10-10 01:28:01,261 [pool-27-thread-1] INFO  server.RaftServerConfigKeys (ConfUtils.java:logGet(43)) - raft.server.log.corruption.policy = EXCEPTION (default)
2019-10-10 01:28:01,261 [pool-67-thread-1] INFO  server.RaftServerConfigKeys (ConfUtils.java:logGet(43)) - raft.server.log.corruption.policy = EXCEPTION (default)
2019-10-10 01:28:01,261 [pool-27-thread-1] INFO  storage.RaftStorageDirectory (RaftStorageDirectory.java:analyzeStorage(246)) - The storage directory /workdir/hadoop-ozone/tools/target/test-dir/MiniOzoneClusterImpl-1e8b0e80-279c-49c4-ae13-42ed318b6149/datanode-0/data/ratis/9c5385c6-4945-4364-9e22-f41fbe1af940 does not exist. Creating ...
2019-10-10 01:28:01,261 [pool-67-thread-1] INFO  storage.RaftStorageDirectory (RaftStorageDirectory.java:analyzeStorage(246)) - The storage directory /workdir/hadoop-ozone/tools/target/test-dir/MiniOzoneClusterImpl-1e8b0e80-279c-49c4-ae13-42ed318b6149/datanode-4/data/ratis/9c5385c6-4945-4364-9e22-f41fbe1af940 does not exist. Creating ...
2019-10-10 01:28:01,264 [pool-27-thread-1] INFO  storage.RaftStorageDirectory (RaftStorageDirectory.java:tryLock(328)) - Lock on /workdir/hadoop-ozone/tools/target/test-dir/MiniOzoneClusterImpl-1e8b0e80-279c-49c4-ae13-42ed318b6149/datanode-0/data/ratis/9c5385c6-4945-4364-9e22-f41fbe1af940/in_use.lock acquired by nodename 12932@pr-hdds-2194-jqrdw-3579824535
2019-10-10 01:28:01,264 [pool-67-thread-1] INFO  storage.RaftStorageDirectory (RaftStorageDirectory.java:tryLock(328)) - Lock on /workdir/hadoop-ozone/tools/target/test-dir/MiniOzoneClusterImpl-1e8b0e80-279c-49c4-ae13-42ed318b6149/datanode-4/data/ratis/9c5385c6-4945-4364-9e22-f41fbe1af940/in_use.lock acquired by nodename 12932@pr-hdds-2194-jqrdw-3579824535
2019-10-10 01:28:01,264 [pool-47-thread-1] INFO  storage.RaftStorageDirectory (RaftStorageDirectory.java:tryLock(328)) - Lock on /workdir/hadoop-ozone/tools/target/test-dir/MiniOzoneClusterImpl-1e8b0e80-279c-49c4-ae13-42ed318b6149/datanode-2/data/ratis/9c5385c6-4945-4364-9e22-f41fbe1af940/in_use.lock acquired by nodename 12932@pr-hdds-2194-jqrdw-3579824535
2019-10-10 01:28:01,291 [pool-47-thread-1] INFO  storage.RaftStorage (RaftStorage.java:format(84)) - Storage directory /workdir/hadoop-ozone/tools/target/test-dir/MiniOzoneClusterImpl-1e8b0e80-279c-49c4-ae13-42ed318b6149/datanode-2/data/ratis/9c5385c6-4945-4364-9e22-f41fbe1af940 has been successfully formatted.
2019-10-10 01:28:01,291 [pool-67-thread-1] INFO  storage.RaftStorage (RaftStorage.java:format(84)) - Storage directory /workdir/hadoop-ozone/tools/target/test-dir/MiniOzoneClusterImpl-1e8b0e80-279c-49c4-ae13-42ed318b6149/datanode-4/data/ratis/9c5385c6-4945-4364-9e22-f41fbe1af940 has been successfully formatted.
2019-10-10 01:28:01,291 [pool-27-thread-1] INFO  storage.RaftStorage (RaftStorage.java:format(84)) - Storage directory /workdir/hadoop-ozone/tools/target/test-dir/MiniOzoneClusterImpl-1e8b0e80-279c-49c4-ae13-42ed318b6149/datanode-0/data/ratis/9c5385c6-4945-4364-9e22-f41fbe1af940 has been successfully formatted.
2019-10-10 01:28:01,292 [pool-47-thread-1] INFO  ratis.ContainerStateMachine (ContainerStateMachine.java:loadSnapshot(231)) - group-F41FBE1AF940: The snapshot info is null. Setting the last applied indexto:(t:0, i:~)
2019-10-10 01:28:01,292 [pool-27-thread-1] INFO  ratis.ContainerStateMachine (ContainerStateMachine.java:loadSnapshot(231)) - group-F41FBE1AF940: The snapshot info is null. Setting the last applied indexto:(t:0, i:~)
2019-10-10 01:28:01,292 [pool-67-thread-1] INFO  ratis.ContainerStateMachine (ContainerStateMachine.java:loadSnapshot(231)) - group-F41FBE1AF940: The snapshot info is null. Setting the last applied indexto:(t:0, i:~)
2019-10-10 01:28:01,292 [pool-27-thread-1] INFO  server.RaftServerConfigKeys (ConfUtils.java:logGet(43)) - raft.server.notification.no-leader.timeout = 120s (custom)
2019-10-10 01:28:01,292 [pool-47-thread-1] INFO  server.RaftServerConfigKeys (ConfUtils.java:logGet(43)) - raft.server.notification.no-leader.timeout = 120s (custom)
2019-10-10 01:28:01,292 [pool-27-thread-1] INFO  server.RaftServerConfigKeys (ConfUtils.java:logGet(43)) - raft.server.log.use.memory = false (default)
2019-10-10 01:28:01,292 [pool-67-thread-1] INFO  server.RaftServerConfigKeys (ConfUtils.java:logGet(43)) - raft.server.notification.no-leader.timeout = 120s (custom)
2019-10-10 01:28:01,293 [pool-27-thread-1] INFO  server.RaftServerConfigKeys (ConfUtils.java:logGet(43)) - raft.server.log.purge.gap = 1000000 (custom)
2019-10-10 01:28:01,292 [pool-47-thread-1] INFO  server.RaftServerConfigKeys (ConfUtils.java:logGet(43)) - raft.server.log.use.memory = false (default)
2019-10-10 01:28:01,293 [pool-27-thread-1] INFO  server.RaftServerConfigKeys (ConfUtils.java:logGet(43)) - raft.server.log.appender.buffer.byte-limit = 33554432 (custom)
2019-10-10 01:28:01,293 [pool-67-thread-1] INFO  server.RaftServerConfigKeys (ConfUtils.java:logGet(43)) - raft.server.log.use.memory = false (default)
2019-10-10 01:28:01,293 [pool-27-thread-1] INFO  server.RaftServerConfigKeys (ConfUtils.java:logGet(43)) - raft.server.log.segment.size.max = 1048576 (custom)
2019-10-10 01:28:01,293 [pool-47-thread-1] INFO  server.RaftServerConfigKeys (ConfUtils.java:logGet(43)) - raft.server.log.purge.gap = 1000000 (custom)
2019-10-10 01:28:01,293 [pool-27-thread-1] INFO  server.RaftServerConfigKeys (ConfUtils.java:logGet(43)) - raft.server.log.segment.cache.num.max = 2 (custom)
2019-10-10 01:28:01,293 [pool-67-thread-1] INFO  server.RaftServerConfigKeys (ConfUtils.java:logGet(43)) - raft.server.log.purge.gap = 1000000 (custom)
2019-10-10 01:28:01,293 [pool-27-thread-1] INFO  segmented.SegmentedRaftLogWorker (SegmentedRaftLogWorker.java:<init>(173)) - new 993817e1-c77a-472e-865f-a6e34ffe7967@group-F41FBE1AF940-SegmentedRaftLogWorker for RaftStorage:Storage Directory /workdir/hadoop-ozone/tools/target/test-dir/MiniOzoneClusterImpl-1e8b0e80-279c-49c4-ae13-42ed318b6149/datanode-0/data/ratis/9c5385c6-4945-4364-9e22-f41fbe1af940
2019-10-10 01:28:01,293 [pool-47-thread-1] INFO  server.RaftServerConfigKeys (ConfUtils.java:logGet(43)) - raft.server.log.appender.buffer.byte-limit = 33554432 (custom)
2019-10-10 01:28:01,294 [pool-27-thread-1] INFO  server.RaftServerConfigKeys (ConfUtils.java:logGet(43)) - raft.server.log.queue.byte-limit = 2147483647 (custom)
2019-10-10 01:28:01,294 [pool-67-thread-1] INFO  server.RaftServerConfigKeys (ConfUtils.java:logGet(43)) - raft.server.log.appender.buffer.byte-limit = 33554432 (custom)
2019-10-10 01:28:01,294 [pool-27-thread-1] INFO  server.RaftServerConfigKeys (ConfUtils.java:logGet(43)) - raft.server.log.queue.element-limit = 1024 (custom)
2019-10-10 01:28:01,294 [pool-47-thread-1] INFO  server.RaftServerConfigKeys (ConfUtils.java:logGet(43)) - raft.server.log.segment.size.max = 1048576 (custom)
2019-10-10 01:28:01,294 [pool-27-thread-1] INFO  server.RaftServerConfigKeys (ConfUtils.java:logGet(43)) - raft.server.log.segment.size.max = 1048576 (custom)
2019-10-10 01:28:01,294 [pool-67-thread-1] INFO  server.RaftServerConfigKeys (ConfUtils.java:logGet(43)) - raft.server.log.segment.size.max = 1048576 (custom)
2019-10-10 01:28:01,294 [pool-27-thread-1] INFO  server.RaftServerConfigKeys (ConfUtils.java:logGet(43)) - raft.server.log.preallocated.size = 16384 (custom)
2019-10-10 01:28:01,294 [pool-47-thread-1] INFO  server.RaftServerConfigKeys (ConfUtils.java:logGet(43)) - raft.server.log.segment.cache.num.max = 2 (custom)
2019-10-10 01:28:01,295 [pool-27-thread-1] INFO  server.RaftServerConfigKeys (ConfUtils.java:logGet(43)) - raft.server.log.write.buffer.size = 33554432 (custom)
2019-10-10 01:28:01,294 [pool-67-thread-1] INFO  server.RaftServerConfigKeys (ConfUtils.java:logGet(43)) - raft.server.log.segment.cache.num.max = 2 (custom)
2019-10-10 01:28:01,295 [pool-27-thread-1] INFO  server.RaftServerConfigKeys (ConfUtils.java:logGet(43)) - raft.server.log.force.sync.num = 128 (default)
2019-10-10 01:28:01,295 [pool-47-thread-1] INFO  segmented.SegmentedRaftLogWorker (SegmentedRaftLogWorker.java:<init>(173)) - new fe8e0d95-22db-4b8a-875e-83bee4d716fb@group-F41FBE1AF940-SegmentedRaftLogWorker for RaftStorage:Storage Directory /workdir/hadoop-ozone/tools/target/test-dir/MiniOzoneClusterImpl-1e8b0e80-279c-49c4-ae13-42ed318b6149/datanode-2/data/ratis/9c5385c6-4945-4364-9e22-f41fbe1af940
2019-10-10 01:28:01,295 [pool-27-thread-1] INFO  server.RaftServerConfigKeys (ConfUtils.java:logGet(43)) - raft.server.log.statemachine.data.sync = true (default)
2019-10-10 01:28:01,295 [pool-67-thread-1] INFO  segmented.SegmentedRaftLogWorker (SegmentedRaftLogWorker.java:<init>(173)) - new 4b92f2f8-e489-47a4-a90a-1d3fa2a9a07f@group-F41FBE1AF940-SegmentedRaftLogWorker for RaftStorage:Storage Directory /workdir/hadoop-ozone/tools/target/test-dir/MiniOzoneClusterImpl-1e8b0e80-279c-49c4-ae13-42ed318b6149/datanode-4/data/ratis/9c5385c6-4945-4364-9e22-f41fbe1af940
2019-10-10 01:28:01,295 [pool-27-thread-1] INFO  server.RaftServerConfigKeys (ConfUtils.java:logGet(43)) - raft.server.log.statemachine.data.sync.timeout = 10s (default)
2019-10-10 01:28:01,295 [pool-47-thread-1] INFO  server.RaftServerConfigKeys (ConfUtils.java:logGet(43)) - raft.server.log.queue.byte-limit = 2147483647 (custom)
2019-10-10 01:28:01,295 [pool-27-thread-1] INFO  server.RaftServerConfigKeys (ConfUtils.java:logGet(43)) - raft.server.log.statemachine.data.sync.timeout.retry = -1 (default)
2019-10-10 01:28:01,295 [pool-67-thread-1] INFO  server.RaftServerConfigKeys (ConfUtils.java:logGet(43)) - raft.server.log.queue.byte-limit = 2147483647 (custom)
2019-10-10 01:28:01,296 [pool-27-thread-1] INFO  server.RaftServerConfigKeys (ConfUtils.java:logGet(43)) - raft.server.log.statemachine.data.caching.enabled = true (custom)
2019-10-10 01:28:01,296 [pool-47-thread-1] INFO  server.RaftServerConfigKeys (ConfUtils.java:logGet(43)) - raft.server.log.queue.element-limit = 1024 (custom)
2019-10-10 01:28:01,296 [pool-67-thread-1] INFO  server.RaftServerConfigKeys (ConfUtils.java:logGet(43)) - raft.server.log.queue.element-limit = 1024 (custom)
2019-10-10 01:28:01,296 [pool-27-thread-1] INFO  segmented.SegmentedRaftLogWorker (SegmentedRaftLogWorker.java:lambda$new$0(128)) - 993817e1-c77a-472e-865f-a6e34ffe7967@group-F41FBE1AF940-SegmentedRaftLogWorker: flushIndex: setUnconditionally 0 -> -1
2019-10-10 01:28:01,296 [pool-47-thread-1] INFO  server.RaftServerConfigKeys (ConfUtils.java:logGet(43)) - raft.server.log.segment.size.max = 1048576 (custom)
2019-10-10 01:28:01,296 [pool-67-thread-1] INFO  server.RaftServerConfigKeys (ConfUtils.java:logGet(43)) - raft.server.log.segment.size.max = 1048576 (custom)
2019-10-10 01:28:01,296 [pool-27-thread-1] INFO  server.RaftServerConfigKeys (ConfUtils.java:logGet(43)) - raft.server.snapshot.auto.trigger.enabled = true (custom)
2019-10-10 01:28:01,296 [pool-47-thread-1] INFO  server.RaftServerConfigKeys (ConfUtils.java:logGet(43)) - raft.server.log.preallocated.size = 16384 (custom)
2019-10-10 01:28:01,297 [pool-27-thread-1] INFO  server.RaftServerConfigKeys (ConfUtils.java:logGet(43)) - raft.server.snapshot.auto.trigger.threshold = 10000 (custom)
2019-10-10 01:28:01,296 [pool-67-thread-1] INFO  server.RaftServerConfigKeys (ConfUtils.java:logGet(43)) - raft.server.log.preallocated.size = 16384 (custom)
2019-10-10 01:28:01,297 [pool-27-thread-1] INFO  server.RaftServerConfigKeys (ConfUtils.java:logGet(43)) - raft.server.snapshot.retention.file.num = 5 (custom)
2019-10-10 01:28:01,297 [pool-47-thread-1] INFO  server.RaftServerConfigKeys (ConfUtils.java:logGet(43)) - raft.server.log.write.buffer.size = 33554432 (custom)
2019-10-10 01:28:01,297 [pool-27-thread-1] INFO  server.RaftServerConfigKeys (ConfUtils.java:logGet(43)) - raft.server.retrycache.expirytime = 600000ms (custom)
2019-10-10 01:28:01,297 [pool-67-thread-1] INFO  server.RaftServerConfigKeys (ConfUtils.java:logGet(43)) - raft.server.log.write.buffer.size = 33554432 (custom)
2019-10-10 01:28:01,297 [pool-47-thread-1] INFO  server.RaftServerConfigKeys (ConfUtils.java:logGet(43)) - raft.server.log.force.sync.num = 128 (default)
2019-10-10 01:28:01,297 [pool-67-thread-1] INFO  server.RaftServerConfigKeys (ConfUtils.java:logGet(43)) - raft.server.log.force.sync.num = 128 (default)
2019-10-10 01:28:01,297 [pool-47-thread-1] INFO  server.RaftServerConfigKeys (ConfUtils.java:logGet(43)) - raft.server.log.statemachine.data.sync = true (default)
2019-10-10 01:28:01,298 [pool-67-thread-1] INFO  server.RaftServerConfigKeys (ConfUtils.java:logGet(43)) - raft.server.log.statemachine.data.sync = true (default)
2019-10-10 01:28:01,298 [pool-47-thread-1] INFO  server.RaftServerConfigKeys (ConfUtils.java:logGet(43)) - raft.server.log.statemachine.data.sync.timeout = 10s (default)
2019-10-10 01:28:01,298 [pool-67-thread-1] INFO  server.RaftServerConfigKeys (ConfUtils.java:logGet(43)) - raft.server.log.statemachine.data.sync.timeout = 10s (default)
2019-10-10 01:28:01,298 [pool-47-thread-1] INFO  server.RaftServerConfigKeys (ConfUtils.java:logGet(43)) - raft.server.log.statemachine.data.sync.timeout.retry = -1 (default)
2019-10-10 01:28:01,298 [pool-67-thread-1] INFO  server.RaftServerConfigKeys (ConfUtils.java:logGet(43)) - raft.server.log.statemachine.data.sync.timeout.retry = -1 (default)
2019-10-10 01:28:01,298 [pool-47-thread-1] INFO  server.RaftServerConfigKeys (ConfUtils.java:logGet(43)) - raft.server.log.statemachine.data.caching.enabled = true (custom)
2019-10-10 01:28:01,298 [pool-67-thread-1] INFO  server.RaftServerConfigKeys (ConfUtils.java:logGet(43)) - raft.server.log.statemachine.data.caching.enabled = true (custom)
2019-10-10 01:28:01,299 [pool-47-thread-1] INFO  segmented.SegmentedRaftLogWorker (SegmentedRaftLogWorker.java:lambda$new$0(128)) - fe8e0d95-22db-4b8a-875e-83bee4d716fb@group-F41FBE1AF940-SegmentedRaftLogWorker: flushIndex: setUnconditionally 0 -> -1
2019-10-10 01:28:01,299 [pool-67-thread-1] INFO  segmented.SegmentedRaftLogWorker (SegmentedRaftLogWorker.java:lambda$new$0(128)) - 4b92f2f8-e489-47a4-a90a-1d3fa2a9a07f@group-F41FBE1AF940-SegmentedRaftLogWorker: flushIndex: setUnconditionally 0 -> -1
2019-10-10 01:28:01,299 [pool-47-thread-1] INFO  server.RaftServerConfigKeys (ConfUtils.java:logGet(43)) - raft.server.snapshot.auto.trigger.enabled = true (custom)
2019-10-10 01:28:01,299 [pool-67-thread-1] INFO  server.RaftServerConfigKeys (ConfUtils.java:logGet(43)) - raft.server.snapshot.auto.trigger.enabled = true (custom)
2019-10-10 01:28:01,299 [pool-47-thread-1] INFO  server.RaftServerConfigKeys (ConfUtils.java:logGet(43)) - raft.server.snapshot.auto.trigger.threshold = 10000 (custom)
2019-10-10 01:28:01,299 [pool-67-thread-1] INFO  server.RaftServerConfigKeys (ConfUtils.java:logGet(43)) - raft.server.snapshot.auto.trigger.threshold = 10000 (custom)
2019-10-10 01:28:01,299 [pool-47-thread-1] INFO  server.RaftServerConfigKeys (ConfUtils.java:logGet(43)) - raft.server.snapshot.retention.file.num = 5 (custom)
2019-10-10 01:28:01,299 [pool-27-thread-1] INFO  impl.RaftServerImpl (RaftServerImpl.java:start(181)) - 993817e1-c77a-472e-865f-a6e34ffe7967@group-81E13198C927: start as a follower, conf=-1: [4b92f2f8-e489-47a4-a90a-1d3fa2a9a07f:192.168.151.118:35849, 993817e1-c77a-472e-865f-a6e34ffe7967:192.168.151.118:41261, fe8e0d95-22db-4b8a-875e-83bee4d716fb:192.168.151.118:34352], old=null
2019-10-10 01:28:01,299 [pool-67-thread-1] INFO  server.RaftServerConfigKeys (ConfUtils.java:logGet(43)) - raft.server.snapshot.retention.file.num = 5 (custom)
2019-10-10 01:28:01,299 [pool-27-thread-1] INFO  impl.RaftServerImpl (RaftServerImpl.java:setRole(170)) - 993817e1-c77a-472e-865f-a6e34ffe7967@group-81E13198C927: changes role from      null to FOLLOWER at term 0 for startAsFollower
2019-10-10 01:28:01,299 [pool-47-thread-1] INFO  server.RaftServerConfigKeys (ConfUtils.java:logGet(43)) - raft.server.retrycache.expirytime = 600000ms (custom)
2019-10-10 01:28:01,300 [pool-27-thread-1] INFO  impl.RoleInfo (RoleInfo.java:updateAndGet(143)) - 993817e1-c77a-472e-865f-a6e34ffe7967: start FollowerState
2019-10-10 01:28:01,299 [pool-67-thread-1] INFO  server.RaftServerConfigKeys (ConfUtils.java:logGet(43)) - raft.server.retrycache.expirytime = 600000ms (custom)
2019-10-10 01:28:01,300 [pool-27-thread-1] INFO  util.JmxRegister (JmxRegister.java:tryRegister(44)) - Successfully registered JMX Bean with object name Ratis:service=RaftServer,group=group-81E13198C927,id=993817e1-c77a-472e-865f-a6e34ffe7967
2019-10-10 01:28:01,302 [pool-47-thread-1] INFO  impl.RaftServerImpl (RaftServerImpl.java:start(181)) - fe8e0d95-22db-4b8a-875e-83bee4d716fb@group-81E13198C927: start as a follower, conf=-1: [4b92f2f8-e489-47a4-a90a-1d3fa2a9a07f:192.168.151.118:35849, 993817e1-c77a-472e-865f-a6e34ffe7967:192.168.151.118:41261, fe8e0d95-22db-4b8a-875e-83bee4d716fb:192.168.151.118:34352], old=null
2019-10-10 01:28:01,302 [pool-47-thread-1] INFO  impl.RaftServerImpl (RaftServerImpl.java:setRole(170)) - fe8e0d95-22db-4b8a-875e-83bee4d716fb@group-81E13198C927: changes role from      null to FOLLOWER at term 0 for startAsFollower
2019-10-10 01:28:01,302 [pool-47-thread-1] INFO  impl.RoleInfo (RoleInfo.java:updateAndGet(143)) - fe8e0d95-22db-4b8a-875e-83bee4d716fb: start FollowerState
2019-10-10 01:28:01,302 [pool-67-thread-1] INFO  impl.RaftServerImpl (RaftServerImpl.java:start(181)) - 4b92f2f8-e489-47a4-a90a-1d3fa2a9a07f@group-81E13198C927: start as a follower, conf=-1: [4b92f2f8-e489-47a4-a90a-1d3fa2a9a07f:192.168.151.118:35849, 993817e1-c77a-472e-865f-a6e34ffe7967:192.168.151.118:41261, fe8e0d95-22db-4b8a-875e-83bee4d716fb:192.168.151.118:34352], old=null
2019-10-10 01:28:01,302 [pool-67-thread-1] INFO  impl.RaftServerImpl (RaftServerImpl.java:setRole(170)) - 4b92f2f8-e489-47a4-a90a-1d3fa2a9a07f@group-81E13198C927: changes role from      null to FOLLOWER at term 0 for startAsFollower
2019-10-10 01:28:01,303 [pool-47-thread-1] INFO  util.JmxRegister (JmxRegister.java:tryRegister(44)) - Successfully registered JMX Bean with object name Ratis:service=RaftServer,group=group-81E13198C927,id=fe8e0d95-22db-4b8a-875e-83bee4d716fb
2019-10-10 01:28:01,303 [pool-67-thread-1] INFO  impl.RoleInfo (RoleInfo.java:updateAndGet(143)) - 4b92f2f8-e489-47a4-a90a-1d3fa2a9a07f: start FollowerState
2019-10-10 01:28:01,303 [pool-27-thread-1] INFO  impl.RaftServerImpl (RaftServerImpl.java:start(181)) - 993817e1-c77a-472e-865f-a6e34ffe7967@group-258B293B060D: start as a follower, conf=-1: [4b92f2f8-e489-47a4-a90a-1d3fa2a9a07f:192.168.151.118:35849, 993817e1-c77a-472e-865f-a6e34ffe7967:192.168.151.118:41261, fe8e0d95-22db-4b8a-875e-83bee4d716fb:192.168.151.118:34352], old=null
2019-10-10 01:28:01,303 [pool-27-thread-1] INFO  impl.RaftServerImpl (RaftServerImpl.java:setRole(170)) - 993817e1-c77a-472e-865f-a6e34ffe7967@group-258B293B060D: changes role from      null to FOLLOWER at term 0 for startAsFollower
2019-10-10 01:28:01,303 [pool-67-thread-1] INFO  util.JmxRegister (JmxRegister.java:tryRegister(44)) - Successfully registered JMX Bean with object name Ratis:service=RaftServer,group=group-81E13198C927,id=4b92f2f8-e489-47a4-a90a-1d3fa2a9a07f
2019-10-10 01:28:01,303 [pool-27-thread-1] INFO  impl.RoleInfo (RoleInfo.java:updateAndGet(143)) - 993817e1-c77a-472e-865f-a6e34ffe7967: start FollowerState
2019-10-10 01:28:01,303 [pool-27-thread-1] INFO  util.JmxRegister (JmxRegister.java:tryRegister(44)) - Successfully registered JMX Bean with object name Ratis:service=RaftServer,group=group-258B293B060D,id=993817e1-c77a-472e-865f-a6e34ffe7967
2019-10-10 01:28:01,306 [pool-47-thread-1] INFO  impl.RaftServerImpl (RaftServerImpl.java:start(181)) - fe8e0d95-22db-4b8a-875e-83bee4d716fb@group-258B293B060D: start as a follower, conf=-1: [4b92f2f8-e489-47a4-a90a-1d3fa2a9a07f:192.168.151.118:35849, 993817e1-c77a-472e-865f-a6e34ffe7967:192.168.151.118:41261, fe8e0d95-22db-4b8a-875e-83bee4d716fb:192.168.151.118:34352], old=null
2019-10-10 01:28:01,306 [pool-47-thread-1] INFO  impl.RaftServerImpl (RaftServerImpl.java:setRole(170)) - fe8e0d95-22db-4b8a-875e-83bee4d716fb@group-258B293B060D: changes role from      null to FOLLOWER at term 0 for startAsFollower
2019-10-10 01:28:01,306 [pool-47-thread-1] INFO  impl.RoleInfo (RoleInfo.java:updateAndGet(143)) - fe8e0d95-22db-4b8a-875e-83bee4d716fb: start FollowerState
2019-10-10 01:28:01,306 [pool-67-thread-1] INFO  impl.RaftServerImpl (RaftServerImpl.java:start(181)) - 4b92f2f8-e489-47a4-a90a-1d3fa2a9a07f@group-258B293B060D: start as a follower, conf=-1: [4b92f2f8-e489-47a4-a90a-1d3fa2a9a07f:192.168.151.118:35849, 993817e1-c77a-472e-865f-a6e34ffe7967:192.168.151.118:41261, fe8e0d95-22db-4b8a-875e-83bee4d716fb:192.168.151.118:34352], old=null
2019-10-10 01:28:01,306 [pool-67-thread-1] INFO  impl.RaftServerImpl (RaftServerImpl.java:setRole(170)) - 4b92f2f8-e489-47a4-a90a-1d3fa2a9a07f@group-258B293B060D: changes role from      null to FOLLOWER at term 0 for startAsFollower
2019-10-10 01:28:01,306 [pool-47-thread-1] INFO  util.JmxRegister (JmxRegister.java:tryRegister(44)) - Successfully registered JMX Bean with object name Ratis:service=RaftServer,group=group-258B293B060D,id=fe8e0d95-22db-4b8a-875e-83bee4d716fb
2019-10-10 01:28:01,306 [pool-67-thread-1] INFO  impl.RoleInfo (RoleInfo.java:updateAndGet(143)) - 4b92f2f8-e489-47a4-a90a-1d3fa2a9a07f: start FollowerState
2019-10-10 01:28:01,306 [pool-27-thread-1] INFO  impl.RaftServerImpl (RaftServerImpl.java:start(181)) - 993817e1-c77a-472e-865f-a6e34ffe7967@group-7EDF480158D1: start as a follower, conf=-1: [4b92f2f8-e489-47a4-a90a-1d3fa2a9a07f:192.168.151.118:35849, 993817e1-c77a-472e-865f-a6e34ffe7967:192.168.151.118:41261, fe8e0d95-22db-4b8a-875e-83bee4d716fb:192.168.151.118:34352], old=null
2019-10-10 01:28:01,306 [pool-67-thread-1] INFO  util.JmxRegister (JmxRegister.java:tryRegister(44)) - Successfully registered JMX Bean with object name Ratis:service=RaftServer,group=group-258B293B060D,id=4b92f2f8-e489-47a4-a90a-1d3fa2a9a07f
2019-10-10 01:28:01,307 [pool-27-thread-1] INFO  impl.RaftServerImpl (RaftServerImpl.java:setRole(170)) - 993817e1-c77a-472e-865f-a6e34ffe7967@group-7EDF480158D1: changes role from      null to FOLLOWER at term 0 for startAsFollower
2019-10-10 01:28:01,307 [pool-27-thread-1] INFO  impl.RoleInfo (RoleInfo.java:updateAndGet(143)) - 993817e1-c77a-472e-865f-a6e34ffe7967: start FollowerState
2019-10-10 01:28:01,307 [pool-27-thread-1] INFO  util.JmxRegister (JmxRegister.java:tryRegister(44)) - Successfully registered JMX Bean with object name Ratis:service=RaftServer,group=group-7EDF480158D1,id=993817e1-c77a-472e-865f-a6e34ffe7967
2019-10-10 01:28:01,309 [pool-47-thread-1] INFO  impl.RaftServerImpl (RaftServerImpl.java:start(181)) - fe8e0d95-22db-4b8a-875e-83bee4d716fb@group-7EDF480158D1: start as a follower, conf=-1: [4b92f2f8-e489-47a4-a90a-1d3fa2a9a07f:192.168.151.118:35849, 993817e1-c77a-472e-865f-a6e34ffe7967:192.168.151.118:41261, fe8e0d95-22db-4b8a-875e-83bee4d716fb:192.168.151.118:34352], old=null
2019-10-10 01:28:01,309 [pool-47-thread-1] INFO  impl.RaftServerImpl (RaftServerImpl.java:setRole(170)) - fe8e0d95-22db-4b8a-875e-83bee4d716fb@group-7EDF480158D1: changes role from      null to FOLLOWER at term 0 for startAsFollower
2019-10-10 01:28:01,309 [pool-47-thread-1] INFO  impl.RoleInfo (RoleInfo.java:updateAndGet(143)) - fe8e0d95-22db-4b8a-875e-83bee4d716fb: start FollowerState
2019-10-10 01:28:01,309 [pool-47-thread-1] INFO  util.JmxRegister (JmxRegister.java:tryRegister(44)) - Successfully registered JMX Bean with object name Ratis:service=RaftServer,group=group-7EDF480158D1,id=fe8e0d95-22db-4b8a-875e-83bee4d716fb
2019-10-10 01:28:01,310 [pool-67-thread-1] INFO  impl.RaftServerImpl (RaftServerImpl.java:start(181)) - 4b92f2f8-e489-47a4-a90a-1d3fa2a9a07f@group-7EDF480158D1: start as a follower, conf=-1: [4b92f2f8-e489-47a4-a90a-1d3fa2a9a07f:192.168.151.118:35849, 993817e1-c77a-472e-865f-a6e34ffe7967:192.168.151.118:41261, fe8e0d95-22db-4b8a-875e-83bee4d716fb:192.168.151.118:34352], old=null
2019-10-10 01:28:01,310 [pool-67-thread-1] INFO  impl.RaftServerImpl (RaftServerImpl.java:setRole(170)) - 4b92f2f8-e489-47a4-a90a-1d3fa2a9a07f@group-7EDF480158D1: changes role from      null to FOLLOWER at term 0 for startAsFollower
2019-10-10 01:28:01,310 [pool-67-thread-1] INFO  impl.RoleInfo (RoleInfo.java:updateAndGet(143)) - 4b92f2f8-e489-47a4-a90a-1d3fa2a9a07f: start FollowerState
2019-10-10 01:28:01,310 [pool-27-thread-1] INFO  impl.RaftServerImpl (RaftServerImpl.java:start(181)) - 993817e1-c77a-472e-865f-a6e34ffe7967@group-FD16B9976704: start as a follower, conf=-1: [4b92f2f8-e489-47a4-a90a-1d3fa2a9a07f:192.168.151.118:35849, 993817e1-c77a-472e-865f-a6e34ffe7967:192.168.151.118:41261, fe8e0d95-22db-4b8a-875e-83bee4d716fb:192.168.151.118:34352], old=null
2019-10-10 01:28:01,310 [pool-27-thread-1] INFO  impl.RaftServerImpl (RaftServerImpl.java:setRole(170)) - 993817e1-c77a-472e-865f-a6e34ffe7967@group-FD16B9976704: changes role from      null to FOLLOWER at term 0 for startAsFollower
2019-10-10 01:28:01,311 [pool-27-thread-1] INFO  impl.RoleInfo (RoleInfo.java:updateAndGet(143)) - 993817e1-c77a-472e-865f-a6e34ffe7967: start FollowerState
2019-10-10 01:28:01,311 [pool-67-thread-1] INFO  util.JmxRegister (JmxRegister.java:tryRegister(44)) - Successfully registered JMX Bean with object name Ratis:service=RaftServer,group=group-7EDF480158D1,id=4b92f2f8-e489-47a4-a90a-1d3fa2a9a07f
2019-10-10 01:28:01,311 [pool-27-thread-1] INFO  util.JmxRegister (JmxRegister.java:tryRegister(44)) - Successfully registered JMX Bean with object name Ratis:service=RaftServer,group=group-FD16B9976704,id=993817e1-c77a-472e-865f-a6e34ffe7967
2019-10-10 01:28:01,311 [pool-47-thread-1] INFO  impl.RaftServerImpl (RaftServerImpl.java:start(181)) - fe8e0d95-22db-4b8a-875e-83bee4d716fb@group-FD16B9976704: start as a follower, conf=-1: [4b92f2f8-e489-47a4-a90a-1d3fa2a9a07f:192.168.151.118:35849, 993817e1-c77a-472e-865f-a6e34ffe7967:192.168.151.118:41261, fe8e0d95-22db-4b8a-875e-83bee4d716fb:192.168.151.118:34352], old=null
2019-10-10 01:28:01,311 [pool-47-thread-1] INFO  impl.RaftServerImpl (RaftServerImpl.java:setRole(170)) - fe8e0d95-22db-4b8a-875e-83bee4d716fb@group-FD16B9976704: changes role from      null to FOLLOWER at term 0 for startAsFollower
2019-10-10 01:28:01,312 [pool-47-thread-1] INFO  impl.RoleInfo (RoleInfo.java:updateAndGet(143)) - fe8e0d95-22db-4b8a-875e-83bee4d716fb: start FollowerState
2019-10-10 01:28:01,312 [pool-47-thread-1] INFO  util.JmxRegister (JmxRegister.java:tryRegister(44)) - Successfully registered JMX Bean with object name Ratis:service=RaftServer,group=group-FD16B9976704,id=fe8e0d95-22db-4b8a-875e-83bee4d716fb
2019-10-10 01:28:01,314 [pool-67-thread-1] INFO  impl.RaftServerImpl (RaftServerImpl.java:start(181)) - 4b92f2f8-e489-47a4-a90a-1d3fa2a9a07f@group-FD16B9976704: start as a follower, conf=-1: [4b92f2f8-e489-47a4-a90a-1d3fa2a9a07f:192.168.151.118:35849, 993817e1-c77a-472e-865f-a6e34ffe7967:192.168.151.118:41261, fe8e0d95-22db-4b8a-875e-83bee4d716fb:192.168.151.118:34352], old=null
2019-10-10 01:28:01,314 [pool-67-thread-1] INFO  impl.RaftServerImpl (RaftServerImpl.java:setRole(170)) - 4b92f2f8-e489-47a4-a90a-1d3fa2a9a07f@group-FD16B9976704: changes role from      null to FOLLOWER at term 0 for startAsFollower
2019-10-10 01:28:01,314 [pool-67-thread-1] INFO  impl.RoleInfo (RoleInfo.java:updateAndGet(143)) - 4b92f2f8-e489-47a4-a90a-1d3fa2a9a07f: start FollowerState
2019-10-10 01:28:01,314 [pool-27-thread-1] INFO  impl.RaftServerImpl (RaftServerImpl.java:start(181)) - 993817e1-c77a-472e-865f-a6e34ffe7967@group-91171958C9A4: start as a follower, conf=-1: [4b92f2f8-e489-47a4-a90a-1d3fa2a9a07f:192.168.151.118:35849, 993817e1-c77a-472e-865f-a6e34ffe7967:192.168.151.118:41261, fe8e0d95-22db-4b8a-875e-83bee4d716fb:192.168.151.118:34352], old=null
2019-10-10 01:28:01,314 [pool-27-thread-1] INFO  impl.RaftServerImpl (RaftServerImpl.java:setRole(170)) - 993817e1-c77a-472e-865f-a6e34ffe7967@group-91171958C9A4: changes role from      null to FOLLOWER at term 0 for startAsFollower
2019-10-10 01:28:01,314 [pool-67-thread-1] INFO  util.JmxRegister (JmxRegister.java:tryRegister(44)) - Successfully registered JMX Bean with object name Ratis:service=RaftServer,group=group-FD16B9976704,id=4b92f2f8-e489-47a4-a90a-1d3fa2a9a07f
2019-10-10 01:28:01,314 [pool-27-thread-1] INFO  impl.RoleInfo (RoleInfo.java:updateAndGet(143)) - 993817e1-c77a-472e-865f-a6e34ffe7967: start FollowerState
2019-10-10 01:28:01,314 [pool-47-thread-1] INFO  impl.RaftServerImpl (RaftServerImpl.java:start(181)) - fe8e0d95-22db-4b8a-875e-83bee4d716fb@group-91171958C9A4: start as a follower, conf=-1: [4b92f2f8-e489-47a4-a90a-1d3fa2a9a07f:192.168.151.118:35849, 993817e1-c77a-472e-865f-a6e34ffe7967:192.168.151.118:41261, fe8e0d95-22db-4b8a-875e-83bee4d716fb:192.168.151.118:34352], old=null
2019-10-10 01:28:01,315 [pool-47-thread-1] INFO  impl.RaftServerImpl (RaftServerImpl.java:setRole(170)) - fe8e0d95-22db-4b8a-875e-83bee4d716fb@group-91171958C9A4: changes role from      null to FOLLOWER at term 0 for startAsFollower
2019-10-10 01:28:01,315 [pool-27-thread-1] INFO  util.JmxRegister (JmxRegister.java:tryRegister(44)) - Successfully registered JMX Bean with object name Ratis:service=RaftServer,group=group-91171958C9A4,id=993817e1-c77a-472e-865f-a6e34ffe7967
2019-10-10 01:28:01,315 [pool-47-thread-1] INFO  impl.RoleInfo (RoleInfo.java:updateAndGet(143)) - fe8e0d95-22db-4b8a-875e-83bee4d716fb: start FollowerState
2019-10-10 01:28:01,315 [pool-47-thread-1] INFO  util.JmxRegister (JmxRegister.java:tryRegister(44)) - Successfully registered JMX Bean with object name Ratis:service=RaftServer,group=group-91171958C9A4,id=fe8e0d95-22db-4b8a-875e-83bee4d716fb
2019-10-10 01:28:01,318 [pool-67-thread-1] INFO  impl.RaftServerImpl (RaftServerImpl.java:start(181)) - 4b92f2f8-e489-47a4-a90a-1d3fa2a9a07f@group-91171958C9A4: start as a follower, conf=-1: [4b92f2f8-e489-47a4-a90a-1d3fa2a9a07f:192.168.151.118:35849, 993817e1-c77a-472e-865f-a6e34ffe7967:192.168.151.118:41261, fe8e0d95-22db-4b8a-875e-83bee4d716fb:192.168.151.118:34352], old=null
2019-10-10 01:28:01,318 [pool-67-thread-1] INFO  impl.RaftServerImpl (RaftServerImpl.java:setRole(170)) - 4b92f2f8-e489-47a4-a90a-1d3fa2a9a07f@group-91171958C9A4: changes role from      null to FOLLOWER at term 0 for startAsFollower
2019-10-10 01:28:01,318 [pool-27-thread-1] INFO  impl.RaftServerImpl (RaftServerImpl.java:start(181)) - 993817e1-c77a-472e-865f-a6e34ffe7967@group-F41FBE1AF940: start as a follower, conf=-1: [4b92f2f8-e489-47a4-a90a-1d3fa2a9a07f:192.168.151.118:35849, 993817e1-c77a-472e-865f-a6e34ffe7967:192.168.151.118:41261, fe8e0d95-22db-4b8a-875e-83bee4d716fb:192.168.151.118:34352], old=null
2019-10-10 01:28:01,318 [pool-67-thread-1] INFO  impl.RoleInfo (RoleInfo.java:updateAndGet(143)) - 4b92f2f8-e489-47a4-a90a-1d3fa2a9a07f: start FollowerState
2019-10-10 01:28:01,318 [pool-47-thread-1] INFO  impl.RaftServerImpl (RaftServerImpl.java:start(181)) - fe8e0d95-22db-4b8a-875e-83bee4d716fb@group-F41FBE1AF940: start as a follower, conf=-1: [4b92f2f8-e489-47a4-a90a-1d3fa2a9a07f:192.168.151.118:35849, 993817e1-c77a-472e-865f-a6e34ffe7967:192.168.151.118:41261, fe8e0d95-22db-4b8a-875e-83bee4d716fb:192.168.151.118:34352], old=null
2019-10-10 01:28:01,318 [pool-27-thread-1] INFO  impl.RaftServerImpl (RaftServerImpl.java:setRole(170)) - 993817e1-c77a-472e-865f-a6e34ffe7967@group-F41FBE1AF940: changes role from      null to FOLLOWER at term 0 for startAsFollower
2019-10-10 01:28:01,318 [pool-67-thread-1] INFO  util.JmxRegister (JmxRegister.java:tryRegister(44)) - Successfully registered JMX Bean with object name Ratis:service=RaftServer,group=group-91171958C9A4,id=4b92f2f8-e489-47a4-a90a-1d3fa2a9a07f
2019-10-10 01:28:01,318 [pool-47-thread-1] INFO  impl.RaftServerImpl (RaftServerImpl.java:setRole(170)) - fe8e0d95-22db-4b8a-875e-83bee4d716fb@group-F41FBE1AF940: changes role from      null to FOLLOWER at term 0 for startAsFollower
2019-10-10 01:28:01,318 [pool-27-thread-1] INFO  impl.RoleInfo (RoleInfo.java:updateAndGet(143)) - 993817e1-c77a-472e-865f-a6e34ffe7967: start FollowerState
2019-10-10 01:28:01,319 [pool-47-thread-1] INFO  impl.RoleInfo (RoleInfo.java:updateAndGet(143)) - fe8e0d95-22db-4b8a-875e-83bee4d716fb: start FollowerState
2019-10-10 01:28:01,319 [pool-27-thread-1] INFO  util.JmxRegister (JmxRegister.java:tryRegister(44)) - Successfully registered JMX Bean with object name Ratis:service=RaftServer,group=group-F41FBE1AF940,id=993817e1-c77a-472e-865f-a6e34ffe7967
2019-10-10 01:28:01,319 [pool-47-thread-1] INFO  util.JmxRegister (JmxRegister.java:tryRegister(44)) - Successfully registered JMX Bean with object name Ratis:service=RaftServer,group=group-F41FBE1AF940,id=fe8e0d95-22db-4b8a-875e-83bee4d716fb
2019-10-10 01:28:01,320 [pool-67-thread-1] INFO  impl.RaftServerImpl (RaftServerImpl.java:start(181)) - 4b92f2f8-e489-47a4-a90a-1d3fa2a9a07f@group-F41FBE1AF940: start as a follower, conf=-1: [4b92f2f8-e489-47a4-a90a-1d3fa2a9a07f:192.168.151.118:35849, 993817e1-c77a-472e-865f-a6e34ffe7967:192.168.151.118:41261, fe8e0d95-22db-4b8a-875e-83bee4d716fb:192.168.151.118:34352], old=null
2019-10-10 01:28:01,320 [pool-67-thread-1] INFO  impl.RaftServerImpl (RaftServerImpl.java:setRole(170)) - 4b92f2f8-e489-47a4-a90a-1d3fa2a9a07f@group-F41FBE1AF940: changes role from      null to FOLLOWER at term 0 for startAsFollower
2019-10-10 01:28:01,320 [pool-67-thread-1] INFO  impl.RoleInfo (RoleInfo.java:updateAndGet(143)) - 4b92f2f8-e489-47a4-a90a-1d3fa2a9a07f: start FollowerState
2019-10-10 01:28:01,320 [pool-67-thread-1] INFO  util.JmxRegister (JmxRegister.java:tryRegister(44)) - Successfully registered JMX Bean with object name Ratis:service=RaftServer,group=group-F41FBE1AF940,id=4b92f2f8-e489-47a4-a90a-1d3fa2a9a07f
2019-10-10 01:28:01,324 [RatisPipelineUtilsThread] INFO  pipeline.PipelineStateManager (PipelineStateManager.java:addPipeline(56)) - Created pipeline Pipeline[ Id: 9c5385c6-4945-4364-9e22-f41fbe1af940, Nodes: 4b92f2f8-e489-47a4-a90a-1d3fa2a9a07f{ip: 192.168.151.118, host: pr-hdds-2194-jqrdw-3579824535, networkLocation: /default-rack, certSerialId: null}fe8e0d95-22db-4b8a-875e-83bee4d716fb{ip: 192.168.151.118, host: pr-hdds-2194-jqrdw-3579824535, networkLocation: /default-rack, certSerialId: null}993817e1-c77a-472e-865f-a6e34ffe7967{ip: 192.168.151.118, host: pr-hdds-2194-jqrdw-3579824535, networkLocation: /default-rack, certSerialId: null}, Type:RATIS, Factor:THREE, State:OPEN]
2019-10-10 01:28:01,328 [pool-84-thread-3] ERROR freon.RandomKeyGenerator (RandomKeyGenerator.java:createKey(733)) - Exception while adding key: key-0-39389 in bucket: bucket-0-36926 of volume: vol-0-82834.
INTERNAL_ERROR org.apache.hadoop.ozone.om.exceptions.OMException: Allocated 1 blocks. Requested 5 blocks
	at org.apache.hadoop.ozone.om.protocolPB.OzoneManagerProtocolClientSideTranslatorPB.handleError(OzoneManagerProtocolClientSideTranslatorPB.java:732)
	at org.apache.hadoop.ozone.om.protocolPB.OzoneManagerProtocolClientSideTranslatorPB.openKey(OzoneManagerProtocolClientSideTranslatorPB.java:723)
	at sun.reflect.NativeMethodAccessorImpl.invoke0(Native Method)
	at sun.reflect.NativeMethodAccessorImpl.invoke(NativeMethodAccessorImpl.java:62)
	at sun.reflect.DelegatingMethodAccessorImpl.invoke(DelegatingMethodAccessorImpl.java:43)
	at java.lang.reflect.Method.invoke(Method.java:498)
	at org.apache.hadoop.hdds.tracing.TraceAllMethod.invoke(TraceAllMethod.java:66)
	at com.sun.proxy.$Proxy37.openKey(Unknown Source)
	at org.apache.hadoop.ozone.client.rpc.RpcClient.createKey(RpcClient.java:610)
	at org.apache.hadoop.ozone.client.OzoneBucket.createKey(OzoneBucket.java:325)
	at org.apache.hadoop.ozone.freon.RandomKeyGenerator.createKey(RandomKeyGenerator.java:695)
	at org.apache.hadoop.ozone.freon.RandomKeyGenerator.access$1100(RandomKeyGenerator.java:88)
	at org.apache.hadoop.ozone.freon.RandomKeyGenerator$ObjectCreator.run(RandomKeyGenerator.java:615)
	at java.util.concurrent.Executors$RunnableAdapter.call(Executors.java:511)
	at java.util.concurrent.FutureTask.run(FutureTask.java:266)
	at java.util.concurrent.ThreadPoolExecutor.runWorker(ThreadPoolExecutor.java:1149)
	at java.util.concurrent.ThreadPoolExecutor$Worker.run(ThreadPoolExecutor.java:624)
	at java.lang.Thread.run(Thread.java:748)
 0.00% |█                                                                                                    |  0/1 Time: 0:00:17 0.00% |█                                                                                                    |  0/1 Time: 0:00:18 0.00% |█                                                                                                    |  0/1 Time: 0:00:19 100.00% |█████████████████████████████████████████████████████████████████████████████████████████████████████|  1/1 Time: 0:00:20
]]></system-out>
  </testcase>
</testsuite>