<?xml version="1.0" encoding="UTF-8"?>
<testsuite xmlns:xsi="http://www.w3.org/2001/XMLSchema-instance" xsi:noNamespaceSchemaLocation="https://maven.apache.org/surefire/maven-surefire-plugin/xsd/surefire-test-report.xsd" name="org.apache.hadoop.ozone.client.rpc.TestWatchForCommit" time="234.448" tests="5" errors="1" skipped="0" failures="1">
  <properties>
    <property name="awt.toolkit" value="sun.awt.X11.XToolkit"/>
    <property name="file.encoding.pkg" value="sun.io"/>
    <property name="java.specification.version" value="1.8"/>
    <property name="sun.cpu.isalist" value=""/>
    <property name="sun.jnu.encoding" value="ANSI_X3.4-1968"/>
    <property name="java.class.path" value="/workdir/hadoop-ozone/integration-test/target/test-classes:/workdir/hadoop-ozone/integration-test/target/classes:/home/user/.m2/repository/org/apache/hadoop/hadoop-ozone-common/0.5.0-SNAPSHOT/hadoop-ozone-common-0.5.0-SNAPSHOT.jar:/home/user/.m2/repository/org/apache/commons/commons-compress/1.4.1/commons-compress-1.4.1.jar:/home/user/.m2/repository/org/tukaani/xz/1.0/xz-1.0.jar:/home/user/.m2/repository/org/apache/hadoop/hadoop-common/3.2.0/hadoop-common-3.2.0.jar:/home/user/.m2/repository/org/apache/hadoop/hadoop-hdfs/3.2.0/hadoop-hdfs-3.2.0.jar:/home/user/.m2/repository/org/apache/hadoop/hadoop-hdfs-client/3.2.0/hadoop-hdfs-client-3.2.0.jar:/home/user/.m2/repository/com/fasterxml/jackson/core/jackson-annotations/2.9.9/jackson-annotations-2.9.9.jar:/home/user/.m2/repository/org/apache/hadoop/hadoop-hdds-common/0.5.0-SNAPSHOT/hadoop-hdds-common-0.5.0-SNAPSHOT.jar:/home/user/.m2/repository/javax/annotation/javax.annotation-api/1.2/javax.annotation-api-1.2.jar:/home/user/.m2/repository/org/apache/ratis/ratis-server/0.5.0-201fc85-SNAPSHOT/ratis-server-0.5.0-201fc85-SNAPSHOT.jar:/home/user/.m2/repository/org/apache/ratis/ratis-thirdparty-misc/0.2.0/ratis-thirdparty-misc-0.2.0.jar:/home/user/.m2/repository/org/apache/ratis/ratis-proto/0.5.0-201fc85-SNAPSHOT/ratis-proto-0.5.0-201fc85-SNAPSHOT.jar:/home/user/.m2/repository/org/apache/ratis/ratis-common/0.5.0-201fc85-SNAPSHOT/ratis-common-0.5.0-201fc85-SNAPSHOT.jar:/home/user/.m2/repository/org/apache/ratis/ratis-client/0.5.0-201fc85-SNAPSHOT/ratis-client-0.5.0-201fc85-SNAPSHOT.jar:/home/user/.m2/repository/org/apache/ratis/ratis-metrics/0.5.0-201fc85-SNAPSHOT/ratis-metrics-0.5.0-201fc85-SNAPSHOT.jar:/home/user/.m2/repository/com/github/joshelser/dropwizard-metrics-hadoop-metrics2-reporter/0.1.2/dropwizard-metrics-hadoop-metrics2-reporter-0.1.2.jar:/home/user/.m2/repository/io/dropwizard/metrics/metrics-jvm/3.2.5/metrics-jvm-3.2.5.jar:/home/user/.m2/repository/io/dropwizard/metrics/metrics-ganglia/3.2.5/metrics-ganglia-3.2.5.jar:/home/user/.m2/repository/info/ganglia/gmetric4j/gmetric4j/1.0.7/gmetric4j-1.0.7.jar:/home/user/.m2/repository/org/apache/ratis/ratis-netty/0.5.0-201fc85-SNAPSHOT/ratis-netty-0.5.0-201fc85-SNAPSHOT.jar:/home/user/.m2/repository/org/apache/ratis/ratis-grpc/0.5.0-201fc85-SNAPSHOT/ratis-grpc-0.5.0-201fc85-SNAPSHOT.jar:/home/user/.m2/repository/org/rocksdb/rocksdbjni/6.0.1/rocksdbjni-6.0.1.jar:/home/user/.m2/repository/org/apache/logging/log4j/log4j-api/2.11.0/log4j-api-2.11.0.jar:/home/user/.m2/repository/org/apache/logging/log4j/log4j-core/2.11.0/log4j-core-2.11.0.jar:/home/user/.m2/repository/com/lmax/disruptor/3.4.2/disruptor-3.4.2.jar:/home/user/.m2/repository/org/apache/commons/commons-pool2/2.6.0/commons-pool2-2.6.0.jar:/home/user/.m2/repository/org/bouncycastle/bcpkix-jdk15on/1.60/bcpkix-jdk15on-1.60.jar:/home/user/.m2/repository/commons-validator/commons-validator/1.6/commons-validator-1.6.jar:/home/user/.m2/repository/commons-digester/commons-digester/1.8.1/commons-digester-1.8.1.jar:/home/user/.m2/repository/io/jaegertracing/jaeger-client/0.34.0/jaeger-client-0.34.0.jar:/home/user/.m2/repository/io/jaegertracing/jaeger-thrift/0.34.0/jaeger-thrift-0.34.0.jar:/home/user/.m2/repository/org/apache/thrift/libthrift/0.12.0/libthrift-0.12.0.jar:/home/user/.m2/repository/com/squareup/okhttp3/okhttp/3.9.0/okhttp-3.9.0.jar:/home/user/.m2/repository/com/squareup/okio/okio/1.13.0/okio-1.13.0.jar:/home/user/.m2/repository/io/jaegertracing/jaeger-core/0.34.0/jaeger-core-0.34.0.jar:/home/user/.m2/repository/io/jaegertracing/jaeger-tracerresolver/0.34.0/jaeger-tracerresolver-0.34.0.jar:/home/user/.m2/repository/io/opentracing/contrib/opentracing-tracerresolver/0.1.5/opentracing-tracerresolver-0.1.5.jar:/home/user/.m2/repository/io/opentracing/opentracing-util/0.31.0/opentracing-util-0.31.0.jar:/home/user/.m2/repository/io/opentracing/opentracing-api/0.31.0/opentracing-api-0.31.0.jar:/home/user/.m2/repository/io/opentracing/opentracing-noop/0.31.0/opentracing-noop-0.31.0.jar:/home/user/.m2/repository/org/apache/hadoop/hadoop-hdds-server-framework/0.5.0-SNAPSHOT/hadoop-hdds-server-framework-0.5.0-SNAPSHOT.jar:/home/user/.m2/repository/org/apache/hadoop/hadoop-hdds-container-service/0.5.0-SNAPSHOT/hadoop-hdds-container-service-0.5.0-SNAPSHOT.jar:/home/user/.m2/repository/org/apache/hadoop/hadoop-hdds-client/0.5.0-SNAPSHOT/hadoop-hdds-client-0.5.0-SNAPSHOT.jar:/home/user/.m2/repository/org/apache/hadoop/hadoop-hdds-tools/0.5.0-SNAPSHOT/hadoop-hdds-tools-0.5.0-SNAPSHOT.jar:/home/user/.m2/repository/org/apache/hadoop/hadoop-hdds-server-scm/0.5.0-SNAPSHOT/hadoop-hdds-server-scm-0.5.0-SNAPSHOT.jar:/home/user/.m2/repository/org/apache/hadoop/hadoop-hdds-docs/0.5.0-SNAPSHOT/hadoop-hdds-docs-0.5.0-SNAPSHOT.jar:/home/user/.m2/repository/io/dropwizard/metrics/metrics-core/3.2.4/metrics-core-3.2.4.jar:/home/user/.m2/repository/org/hamcrest/hamcrest-all/1.3/hamcrest-all-1.3.jar:/home/user/.m2/repository/org/bouncycastle/bcprov-jdk15on/1.60/bcprov-jdk15on-1.60.jar:/home/user/.m2/repository/info/picocli/picocli/3.9.6/picocli-3.9.6.jar:/home/user/.m2/repository/com/google/protobuf/protobuf-java/2.5.0/protobuf-java-2.5.0.jar:/home/user/.m2/repository/com/google/guava/guava/11.0.2/guava-11.0.2.jar:/home/user/.m2/repository/org/apache/hadoop/hadoop-ozone-ozone-manager/0.5.0-SNAPSHOT/hadoop-ozone-ozone-manager-0.5.0-SNAPSHOT.jar:/home/user/.m2/repository/org/apache/hadoop/hadoop-minikdc/3.2.0/hadoop-minikdc-3.2.0.jar:/home/user/.m2/repository/commons-io/commons-io/2.5/commons-io-2.5.jar:/home/user/.m2/repository/org/apache/kerby/kerb-simplekdc/1.0.1/kerb-simplekdc-1.0.1.jar:/home/user/.m2/repository/org/apache/kerby/kerb-client/1.0.1/kerb-client-1.0.1.jar:/home/user/.m2/repository/org/apache/kerby/kerby-config/1.0.1/kerby-config-1.0.1.jar:/home/user/.m2/repository/org/apache/kerby/kerb-core/1.0.1/kerb-core-1.0.1.jar:/home/user/.m2/repository/org/apache/kerby/kerby-pkix/1.0.1/kerby-pkix-1.0.1.jar:/home/user/.m2/repository/org/apache/kerby/kerby-asn1/1.0.1/kerby-asn1-1.0.1.jar:/home/user/.m2/repository/org/apache/kerby/kerby-util/1.0.1/kerby-util-1.0.1.jar:/home/user/.m2/repository/org/apache/kerby/kerb-common/1.0.1/kerb-common-1.0.1.jar:/home/user/.m2/repository/org/apache/kerby/kerb-crypto/1.0.1/kerb-crypto-1.0.1.jar:/home/user/.m2/repository/org/apache/kerby/kerb-util/1.0.1/kerb-util-1.0.1.jar:/home/user/.m2/repository/org/apache/kerby/token-provider/1.0.1/token-provider-1.0.1.jar:/home/user/.m2/repository/org/apache/kerby/kerb-admin/1.0.1/kerb-admin-1.0.1.jar:/home/user/.m2/repository/org/apache/kerby/kerb-server/1.0.1/kerb-server-1.0.1.jar:/home/user/.m2/repository/org/apache/kerby/kerb-identity/1.0.1/kerb-identity-1.0.1.jar:/home/user/.m2/repository/org/apache/kerby/kerby-xdr/1.0.1/kerby-xdr-1.0.1.jar:/home/user/.m2/repository/org/slf4j/slf4j-log4j12/1.7.25/slf4j-log4j12-1.7.25.jar:/home/user/.m2/repository/org/apache/hadoop/hadoop-ozone-s3gateway/0.5.0-SNAPSHOT/hadoop-ozone-s3gateway-0.5.0-SNAPSHOT.jar:/home/user/.m2/repository/org/jboss/weld/servlet/weld-servlet/2.4.7.Final/weld-servlet-2.4.7.Final.jar:/home/user/.m2/repository/org/glassfish/jersey/containers/jersey-container-servlet-core/2.27/jersey-container-servlet-core-2.27.jar:/home/user/.m2/repository/org/glassfish/hk2/external/javax.inject/2.5.0-b42/javax.inject-2.5.0-b42.jar:/home/user/.m2/repository/org/glassfish/jersey/core/jersey-common/2.27/jersey-common-2.27.jar:/home/user/.m2/repository/org/glassfish/hk2/osgi-resource-locator/1.0.1/osgi-resource-locator-1.0.1.jar:/home/user/.m2/repository/javax/ws/rs/javax.ws.rs-api/2.1/javax.ws.rs-api-2.1.jar:/home/user/.m2/repository/org/glassfish/jersey/ext/cdi/jersey-cdi1x/2.27/jersey-cdi1x-2.27.jar:/home/user/.m2/repository/org/glassfish/jersey/inject/jersey-hk2/2.27/jersey-hk2-2.27.jar:/home/user/.m2/repository/org/glassfish/hk2/hk2-locator/2.5.0-b42/hk2-locator-2.5.0-b42.jar:/home/user/.m2/repository/org/javassist/javassist/3.22.0-CR2/javassist-3.22.0-CR2.jar:/home/user/.m2/repository/org/glassfish/hk2/hk2-api/2.5.0/hk2-api-2.5.0.jar:/home/user/.m2/repository/org/glassfish/hk2/external/jakarta.inject/2.5.0/jakarta.inject-2.5.0.jar:/home/user/.m2/repository/org/glassfish/hk2/hk2-utils/2.5.0/hk2-utils-2.5.0.jar:/home/user/.m2/repository/jakarta/annotation/jakarta.annotation-api/1.3.4/jakarta.annotation-api-1.3.4.jar:/home/user/.m2/repository/org/glassfish/hk2/external/aopalliance-repackaged/2.5.0/aopalliance-repackaged-2.5.0.jar:/home/user/.m2/repository/com/fasterxml/jackson/dataformat/jackson-dataformat-xml/2.9.0/jackson-dataformat-xml-2.9.0.jar:/home/user/.m2/repository/com/fasterxml/jackson/core/jackson-core/2.9.9/jackson-core-2.9.9.jar:/home/user/.m2/repository/com/fasterxml/jackson/module/jackson-module-jaxb-annotations/2.9.9/jackson-module-jaxb-annotations-2.9.9.jar:/home/user/.m2/repository/javax/enterprise/cdi-api/1.2/cdi-api-1.2.jar:/home/user/.m2/repository/javax/el/javax.el-api/3.0.0/javax.el-api-3.0.0.jar:/home/user/.m2/repository/javax/interceptor/javax.interceptor-api/1.2/javax.interceptor-api-1.2.jar:/home/user/.m2/repository/javax/inject/javax.inject/1/javax.inject-1.jar:/home/user/.m2/repository/com/sun/xml/bind/jaxb-impl/2.3.0.1/jaxb-impl-2.3.0.1.jar:/home/user/.m2/repository/com/sun/xml/bind/jaxb-core/2.3.0.1/jaxb-core-2.3.0.1.jar:/home/user/.m2/repository/javax/xml/bind/jaxb-api/2.3.0/jaxb-api-2.3.0.jar:/home/user/.m2/repository/javax/activation/activation/1.1.1/activation-1.1.1.jar:/home/user/.m2/repository/org/apache/hadoop/hadoop-ozone-csi/0.5.0-SNAPSHOT/hadoop-ozone-csi-0.5.0-SNAPSHOT.jar:/home/user/.m2/repository/com/google/protobuf/protobuf-java-util/3.5.1/protobuf-java-util-3.5.1.jar:/home/user/.m2/repository/org/apache/hadoop/hadoop-hdds-config/0.5.0-SNAPSHOT/hadoop-hdds-config-0.5.0-SNAPSHOT.jar:/home/user/.m2/repository/io/grpc/grpc-netty/1.17.1/grpc-netty-1.17.1.jar:/home/user/.m2/repository/io/grpc/grpc-core/1.17.1/grpc-core-1.17.1.jar:/home/user/.m2/repository/io/grpc/grpc-context/1.17.1/grpc-context-1.17.1.jar:/home/user/.m2/repository/com/google/errorprone/error_prone_annotations/2.2.0/error_prone_annotations-2.2.0.jar:/home/user/.m2/repository/org/codehaus/mojo/animal-sniffer-annotations/1.17/animal-sniffer-annotations-1.17.jar:/home/user/.m2/repository/io/opencensus/opencensus-api/0.17.0/opencensus-api-0.17.0.jar:/home/user/.m2/repository/io/opencensus/opencensus-contrib-grpc-metrics/0.17.0/opencensus-contrib-grpc-metrics-0.17.0.jar:/home/user/.m2/repository/io/netty/netty-codec-http2/4.1.30.Final/netty-codec-http2-4.1.30.Final.jar:/home/user/.m2/repository/io/netty/netty-codec-http/4.1.30.Final/netty-codec-http-4.1.30.Final.jar:/home/user/.m2/repository/io/netty/netty-codec/4.1.30.Final/netty-codec-4.1.30.Final.jar:/home/user/.m2/repository/io/netty/netty-handler/4.1.30.Final/netty-handler-4.1.30.Final.jar:/home/user/.m2/repository/io/netty/netty-handler-proxy/4.1.30.Final/netty-handler-proxy-4.1.30.Final.jar:/home/user/.m2/repository/io/netty/netty-codec-socks/4.1.30.Final/netty-codec-socks-4.1.30.Final.jar:/home/user/.m2/repository/io/netty/netty-transport-native-epoll/4.1.30.Final/netty-transport-native-epoll-4.1.30.Final.jar:/home/user/.m2/repository/io/netty/netty-common/4.1.30.Final/netty-common-4.1.30.Final.jar:/home/user/.m2/repository/io/netty/netty-buffer/4.1.30.Final/netty-buffer-4.1.30.Final.jar:/home/user/.m2/repository/io/netty/netty-transport/4.1.30.Final/netty-transport-4.1.30.Final.jar:/home/user/.m2/repository/io/netty/netty-resolver/4.1.30.Final/netty-resolver-4.1.30.Final.jar:/home/user/.m2/repository/io/netty/netty-transport-native-unix-common/4.1.30.Final/netty-transport-native-unix-common-4.1.30.Final.jar:/home/user/.m2/repository/io/grpc/grpc-protobuf/1.17.1/grpc-protobuf-1.17.1.jar:/home/user/.m2/repository/com/google/api/grpc/proto-google-common-protos/1.0.0/proto-google-common-protos-1.0.0.jar:/home/user/.m2/repository/io/grpc/grpc-protobuf-lite/1.17.1/grpc-protobuf-lite-1.17.1.jar:/home/user/.m2/repository/io/grpc/grpc-stub/1.17.1/grpc-stub-1.17.1.jar:/home/user/.m2/repository/org/apache/hadoop/hadoop-ozone-recon/0.5.0-SNAPSHOT/hadoop-ozone-recon-0.5.0-SNAPSHOT.jar:/home/user/.m2/repository/org/apache/hadoop/hadoop-ozone-reconcodegen/0.5.0-SNAPSHOT/hadoop-ozone-reconcodegen-0.5.0-SNAPSHOT.jar:/home/user/.m2/repository/com/google/inject/extensions/guice-multibindings/4.0/guice-multibindings-4.0.jar:/home/user/.m2/repository/com/google/inject/guice/4.0/guice-4.0.jar:/home/user/.m2/repository/aopalliance/aopalliance/1.0/aopalliance-1.0.jar:/home/user/.m2/repository/com/google/inject/extensions/guice-servlet/4.0/guice-servlet-4.0.jar:/home/user/.m2/repository/org/glassfish/jersey/containers/jersey-container-servlet/2.27/jersey-container-servlet-2.27.jar:/home/user/.m2/repository/org/glassfish/hk2/guice-bridge/2.5.0/guice-bridge-2.5.0.jar:/home/user/.m2/repository/org/glassfish/jersey/core/jersey-server/2.27/jersey-server-2.27.jar:/home/user/.m2/repository/org/glassfish/jersey/core/jersey-client/2.27/jersey-client-2.27.jar:/home/user/.m2/repository/org/glassfish/jersey/media/jersey-media-jaxb/2.27/jersey-media-jaxb-2.27.jar:/home/user/.m2/repository/javax/validation/validation-api/1.1.0.Final/validation-api-1.1.0.Final.jar:/home/user/.m2/repository/org/glassfish/jersey/media/jersey-media-json-jackson/2.27/jersey-media-json-jackson-2.27.jar:/home/user/.m2/repository/org/glassfish/jersey/ext/jersey-entity-filtering/2.27/jersey-entity-filtering-2.27.jar:/home/user/.m2/repository/com/google/inject/extensions/guice-assistedinject/4.0/guice-assistedinject-4.0.jar:/home/user/.m2/repository/org/jooq/jooq/3.11.10/jooq-3.11.10.jar:/home/user/.m2/repository/org/jooq/jooq-meta/3.11.10/jooq-meta-3.11.10.jar:/home/user/.m2/repository/org/jooq/jooq-codegen/3.11.10/jooq-codegen-3.11.10.jar:/home/user/.m2/repository/com/jolbox/bonecp/0.8.0.RELEASE/bonecp-0.8.0.RELEASE.jar:/home/user/.m2/repository/org/xerial/sqlite-jdbc/3.25.2/sqlite-jdbc-3.25.2.jar:/home/user/.m2/repository/org/springframework/spring-jdbc/5.1.3.RELEASE/spring-jdbc-5.1.3.RELEASE.jar:/home/user/.m2/repository/org/springframework/spring-beans/5.1.3.RELEASE/spring-beans-5.1.3.RELEASE.jar:/home/user/.m2/repository/org/springframework/spring-core/5.1.3.RELEASE/spring-core-5.1.3.RELEASE.jar:/home/user/.m2/repository/org/springframework/spring-jcl/5.1.3.RELEASE/spring-jcl-5.1.3.RELEASE.jar:/home/user/.m2/repository/org/springframework/spring-tx/5.1.3.RELEASE/spring-tx-5.1.3.RELEASE.jar:/home/user/.m2/repository/org/apache/hadoop/hadoop-ozone-client/0.5.0-SNAPSHOT/hadoop-ozone-client-0.5.0-SNAPSHOT.jar:/home/user/.m2/repository/commons-lang/commons-lang/2.6/commons-lang-2.6.jar:/home/user/.m2/repository/org/apache/hadoop/hadoop-ozone-ozone-manager/0.5.0-SNAPSHOT/hadoop-ozone-ozone-manager-0.5.0-SNAPSHOT-tests.jar:/home/user/.m2/repository/junit/junit/4.11/junit-4.11.jar:/home/user/.m2/repository/org/hamcrest/hamcrest-core/1.3/hamcrest-core-1.3.jar:/home/user/.m2/repository/org/openjdk/jmh/jmh-core/1.19/jmh-core-1.19.jar:/home/user/.m2/repository/net/sf/jopt-simple/jopt-simple/4.6/jopt-simple-4.6.jar:/home/user/.m2/repository/org/apache/commons/commons-math3/3.1.1/commons-math3-3.1.1.jar:/home/user/.m2/repository/org/openjdk/jmh/jmh-generator-annprocess/1.19/jmh-generator-annprocess-1.19.jar:/home/user/.m2/repository/org/mockito/mockito-all/1.8.5/mockito-all-1.8.5.jar:/home/user/.m2/repository/org/apache/hadoop/hadoop-kms/3.2.0/hadoop-kms-3.2.0.jar:/home/user/.m2/repository/org/apache/hadoop/hadoop-auth/3.2.0/hadoop-auth-3.2.0.jar:/home/user/.m2/repository/com/nimbusds/nimbus-jose-jwt/4.41.1/nimbus-jose-jwt-4.41.1.jar:/home/user/.m2/repository/com/github/stephenc/jcip/jcip-annotations/1.0-1/jcip-annotations-1.0-1.jar:/home/user/.m2/repository/net/minidev/json-smart/2.3/json-smart-2.3.jar:/home/user/.m2/repository/net/minidev/accessors-smart/1.2/accessors-smart-1.2.jar:/home/user/.m2/repository/org/ow2/asm/asm/5.0.4/asm-5.0.4.jar:/home/user/.m2/repository/org/apache/curator/curator-framework/2.12.0/curator-framework-2.12.0.jar:/home/user/.m2/repository/com/sun/jersey/jersey-core/1.19/jersey-core-1.19.jar:/home/user/.m2/repository/javax/ws/rs/jsr311-api/1.1.1/jsr311-api-1.1.1.jar:/home/user/.m2/repository/com/sun/jersey/jersey-server/1.19/jersey-server-1.19.jar:/home/user/.m2/repository/javax/servlet/javax.servlet-api/3.1.0/javax.servlet-api-3.1.0.jar:/home/user/.m2/repository/org/eclipse/jetty/jetty-server/9.3.25.v20180904/jetty-server-9.3.25.v20180904.jar:/home/user/.m2/repository/org/eclipse/jetty/jetty-http/9.3.25.v20180904/jetty-http-9.3.25.v20180904.jar:/home/user/.m2/repository/org/eclipse/jetty/jetty-io/9.3.25.v20180904/jetty-io-9.3.25.v20180904.jar:/home/user/.m2/repository/org/eclipse/jetty/jetty-webapp/9.3.25.v20180904/jetty-webapp-9.3.25.v20180904.jar:/home/user/.m2/repository/org/eclipse/jetty/jetty-xml/9.3.25.v20180904/jetty-xml-9.3.25.v20180904.jar:/home/user/.m2/repository/log4j/log4j/1.2.17/log4j-1.2.17.jar:/home/user/.m2/repository/org/slf4j/slf4j-api/1.7.25/slf4j-api-1.7.25.jar:/home/user/.m2/repository/org/slf4j/jul-to-slf4j/1.7.25/jul-to-slf4j-1.7.25.jar:/home/user/.m2/repository/org/eclipse/jetty/jetty-util/9.3.25.v20180904/jetty-util-9.3.25.v20180904.jar:/home/user/.m2/repository/com/fasterxml/jackson/core/jackson-databind/2.9.9/jackson-databind-2.9.9.jar:/home/user/.m2/repository/org/apache/hadoop/hadoop-kms/3.2.0/hadoop-kms-3.2.0-tests.jar:/home/user/.m2/repository/org/apache/hadoop/hadoop-hdds-server-scm/0.5.0-SNAPSHOT/hadoop-hdds-server-scm-0.5.0-SNAPSHOT-tests.jar:/home/user/.m2/repository/org/apache/hadoop/hadoop-hdds-container-service/0.5.0-SNAPSHOT/hadoop-hdds-container-service-0.5.0-SNAPSHOT-tests.jar:/home/user/.m2/repository/org/yaml/snakeyaml/1.16/snakeyaml-1.16.jar:/home/user/.m2/repository/org/apache/hadoop/hadoop-common/3.2.0/hadoop-common-3.2.0-tests.jar:/home/user/.m2/repository/org/apache/hadoop/hadoop-annotations/3.2.0/hadoop-annotations-3.2.0.jar:/usr/lib/jvm/java-1.8.0-openjdk-1.8.0.222.b10-1.el7_7.x86_64/jre/../lib/tools.jar:/home/user/.m2/repository/commons-cli/commons-cli/1.2/commons-cli-1.2.jar:/home/user/.m2/repository/org/apache/httpcomponents/httpclient/4.5.2/httpclient-4.5.2.jar:/home/user/.m2/repository/org/apache/httpcomponents/httpcore/4.4.4/httpcore-4.4.4.jar:/home/user/.m2/repository/commons-codec/commons-codec/1.11/commons-codec-1.11.jar:/home/user/.m2/repository/commons-net/commons-net/3.6/commons-net-3.6.jar:/home/user/.m2/repository/commons-collections/commons-collections/3.2.2/commons-collections-3.2.2.jar:/home/user/.m2/repository/org/eclipse/jetty/jetty-servlet/9.3.25.v20180904/jetty-servlet-9.3.25.v20180904.jar:/home/user/.m2/repository/org/eclipse/jetty/jetty-security/9.3.25.v20180904/jetty-security-9.3.25.v20180904.jar:/home/user/.m2/repository/javax/servlet/jsp/jsp-api/2.1/jsp-api-2.1.jar:/home/user/.m2/repository/com/sun/jersey/jersey-servlet/1.19/jersey-servlet-1.19.jar:/home/user/.m2/repository/com/sun/jersey/jersey-json/1.19/jersey-json-1.19.jar:/home/user/.m2/repository/org/codehaus/jettison/jettison/1.1/jettison-1.1.jar:/home/user/.m2/repository/org/codehaus/jackson/jackson-core-asl/1.9.13/jackson-core-asl-1.9.13.jar:/home/user/.m2/repository/org/codehaus/jackson/jackson-mapper-asl/1.9.13/jackson-mapper-asl-1.9.13.jar:/home/user/.m2/repository/org/codehaus/jackson/jackson-jaxrs/1.9.13/jackson-jaxrs-1.9.13.jar:/home/user/.m2/repository/org/codehaus/jackson/jackson-xc/1.9.13/jackson-xc-1.9.13.jar:/home/user/.m2/repository/commons-logging/commons-logging/1.1.3/commons-logging-1.1.3.jar:/home/user/.m2/repository/commons-beanutils/commons-beanutils/1.9.4/commons-beanutils-1.9.4.jar:/home/user/.m2/repository/org/apache/commons/commons-configuration2/2.1.1/commons-configuration2-2.1.1.jar:/home/user/.m2/repository/org/apache/commons/commons-lang3/3.7/commons-lang3-3.7.jar:/home/user/.m2/repository/org/apache/commons/commons-text/1.4/commons-text-1.4.jar:/home/user/.m2/repository/org/apache/avro/avro/1.7.7/avro-1.7.7.jar:/home/user/.m2/repository/com/thoughtworks/paranamer/paranamer/2.3/paranamer-2.3.jar:/home/user/.m2/repository/org/xerial/snappy/snappy-java/1.0.5/snappy-java-1.0.5.jar:/home/user/.m2/repository/com/google/re2j/re2j/1.1/re2j-1.1.jar:/home/user/.m2/repository/com/google/code/gson/gson/2.2.4/gson-2.2.4.jar:/home/user/.m2/repository/com/jcraft/jsch/0.1.54/jsch-0.1.54.jar:/home/user/.m2/repository/org/apache/curator/curator-client/2.12.0/curator-client-2.12.0.jar:/home/user/.m2/repository/org/apache/curator/curator-recipes/2.12.0/curator-recipes-2.12.0.jar:/home/user/.m2/repository/com/google/code/findbugs/jsr305/3.0.0/jsr305-3.0.0.jar:/home/user/.m2/repository/org/apache/htrace/htrace-core4/4.1.0-incubating/htrace-core4-4.1.0-incubating.jar:/home/user/.m2/repository/org/apache/zookeeper/zookeeper/3.4.13/zookeeper-3.4.13.jar:/home/user/.m2/repository/jline/jline/0.9.94/jline-0.9.94.jar:/home/user/.m2/repository/org/apache/yetus/audience-annotations/0.5.0/audience-annotations-0.5.0.jar:/home/user/.m2/repository/org/codehaus/woodstox/stax2-api/3.1.4/stax2-api-3.1.4.jar:/home/user/.m2/repository/com/fasterxml/woodstox/woodstox-core/5.0.3/woodstox-core-5.0.3.jar:/home/user/.m2/repository/dnsjava/dnsjava/2.1.7/dnsjava-2.1.7.jar:/home/user/.m2/repository/org/apache/hadoop/hadoop-hdfs/3.2.0/hadoop-hdfs-3.2.0-tests.jar:/home/user/.m2/repository/org/eclipse/jetty/jetty-util-ajax/9.3.25.v20180904/jetty-util-ajax-9.3.25.v20180904.jar:/home/user/.m2/repository/commons-daemon/commons-daemon/1.0.13/commons-daemon-1.0.13.jar:/home/user/.m2/repository/io/netty/netty/3.10.5.Final/netty-3.10.5.Final.jar:/home/user/.m2/repository/io/netty/netty-all/4.0.52.Final/netty-all-4.0.52.Final.jar:/home/user/.m2/repository/org/fusesource/leveldbjni/leveldbjni-all/1.8/leveldbjni-all-1.8.jar:"/>
    <property name="java.vm.vendor" value="Oracle Corporation"/>
    <property name="sun.arch.data.model" value="64"/>
    <property name="test.build.dir" value="/workdir/hadoop-ozone/integration-test/target/test-dir"/>
    <property name="test.cache.data" value=""/>
    <property name="java.vendor.url" value="http://java.oracle.com/"/>
    <property name="user.timezone" value=""/>
    <property name="java.vm.specification.version" value="1.8"/>
    <property name="os.name" value="Linux"/>
    <property name="test.build.data" value="/workdir/hadoop-ozone/integration-test/target/test-dir"/>
    <property name="user.country" value="US"/>
    <property name="sun.java.launcher" value="SUN_STANDARD"/>
    <property name="sun.boot.library.path" value="/usr/lib/jvm/java-1.8.0-openjdk-1.8.0.222.b10-1.el7_7.x86_64/jre/lib/amd64"/>
    <property name="sun.java.command" value="/workdir/hadoop-ozone/integration-test/target/surefire/surefirebooter3264914920269421728.jar /workdir/hadoop-ozone/integration-test/target/surefire 2019-10-18T12-52-02_909-jvmRun1 surefire3219650839232325818tmp surefire_405776782043030994755tmp"/>
    <property name="test" value="!TestMiniChaosOzoneCluster"/>
    <property name="surefire.test.class.path" value="/workdir/hadoop-ozone/integration-test/target/test-classes:/workdir/hadoop-ozone/integration-test/target/classes:/home/user/.m2/repository/org/apache/hadoop/hadoop-ozone-common/0.5.0-SNAPSHOT/hadoop-ozone-common-0.5.0-SNAPSHOT.jar:/home/user/.m2/repository/org/apache/commons/commons-compress/1.4.1/commons-compress-1.4.1.jar:/home/user/.m2/repository/org/tukaani/xz/1.0/xz-1.0.jar:/home/user/.m2/repository/org/apache/hadoop/hadoop-common/3.2.0/hadoop-common-3.2.0.jar:/home/user/.m2/repository/org/apache/hadoop/hadoop-hdfs/3.2.0/hadoop-hdfs-3.2.0.jar:/home/user/.m2/repository/org/apache/hadoop/hadoop-hdfs-client/3.2.0/hadoop-hdfs-client-3.2.0.jar:/home/user/.m2/repository/com/fasterxml/jackson/core/jackson-annotations/2.9.9/jackson-annotations-2.9.9.jar:/home/user/.m2/repository/org/apache/hadoop/hadoop-hdds-common/0.5.0-SNAPSHOT/hadoop-hdds-common-0.5.0-SNAPSHOT.jar:/home/user/.m2/repository/javax/annotation/javax.annotation-api/1.2/javax.annotation-api-1.2.jar:/home/user/.m2/repository/org/apache/ratis/ratis-server/0.5.0-201fc85-SNAPSHOT/ratis-server-0.5.0-201fc85-SNAPSHOT.jar:/home/user/.m2/repository/org/apache/ratis/ratis-thirdparty-misc/0.2.0/ratis-thirdparty-misc-0.2.0.jar:/home/user/.m2/repository/org/apache/ratis/ratis-proto/0.5.0-201fc85-SNAPSHOT/ratis-proto-0.5.0-201fc85-SNAPSHOT.jar:/home/user/.m2/repository/org/apache/ratis/ratis-common/0.5.0-201fc85-SNAPSHOT/ratis-common-0.5.0-201fc85-SNAPSHOT.jar:/home/user/.m2/repository/org/apache/ratis/ratis-client/0.5.0-201fc85-SNAPSHOT/ratis-client-0.5.0-201fc85-SNAPSHOT.jar:/home/user/.m2/repository/org/apache/ratis/ratis-metrics/0.5.0-201fc85-SNAPSHOT/ratis-metrics-0.5.0-201fc85-SNAPSHOT.jar:/home/user/.m2/repository/com/github/joshelser/dropwizard-metrics-hadoop-metrics2-reporter/0.1.2/dropwizard-metrics-hadoop-metrics2-reporter-0.1.2.jar:/home/user/.m2/repository/io/dropwizard/metrics/metrics-jvm/3.2.5/metrics-jvm-3.2.5.jar:/home/user/.m2/repository/io/dropwizard/metrics/metrics-ganglia/3.2.5/metrics-ganglia-3.2.5.jar:/home/user/.m2/repository/info/ganglia/gmetric4j/gmetric4j/1.0.7/gmetric4j-1.0.7.jar:/home/user/.m2/repository/org/apache/ratis/ratis-netty/0.5.0-201fc85-SNAPSHOT/ratis-netty-0.5.0-201fc85-SNAPSHOT.jar:/home/user/.m2/repository/org/apache/ratis/ratis-grpc/0.5.0-201fc85-SNAPSHOT/ratis-grpc-0.5.0-201fc85-SNAPSHOT.jar:/home/user/.m2/repository/org/rocksdb/rocksdbjni/6.0.1/rocksdbjni-6.0.1.jar:/home/user/.m2/repository/org/apache/logging/log4j/log4j-api/2.11.0/log4j-api-2.11.0.jar:/home/user/.m2/repository/org/apache/logging/log4j/log4j-core/2.11.0/log4j-core-2.11.0.jar:/home/user/.m2/repository/com/lmax/disruptor/3.4.2/disruptor-3.4.2.jar:/home/user/.m2/repository/org/apache/commons/commons-pool2/2.6.0/commons-pool2-2.6.0.jar:/home/user/.m2/repository/org/bouncycastle/bcpkix-jdk15on/1.60/bcpkix-jdk15on-1.60.jar:/home/user/.m2/repository/commons-validator/commons-validator/1.6/commons-validator-1.6.jar:/home/user/.m2/repository/commons-digester/commons-digester/1.8.1/commons-digester-1.8.1.jar:/home/user/.m2/repository/io/jaegertracing/jaeger-client/0.34.0/jaeger-client-0.34.0.jar:/home/user/.m2/repository/io/jaegertracing/jaeger-thrift/0.34.0/jaeger-thrift-0.34.0.jar:/home/user/.m2/repository/org/apache/thrift/libthrift/0.12.0/libthrift-0.12.0.jar:/home/user/.m2/repository/com/squareup/okhttp3/okhttp/3.9.0/okhttp-3.9.0.jar:/home/user/.m2/repository/com/squareup/okio/okio/1.13.0/okio-1.13.0.jar:/home/user/.m2/repository/io/jaegertracing/jaeger-core/0.34.0/jaeger-core-0.34.0.jar:/home/user/.m2/repository/io/jaegertracing/jaeger-tracerresolver/0.34.0/jaeger-tracerresolver-0.34.0.jar:/home/user/.m2/repository/io/opentracing/contrib/opentracing-tracerresolver/0.1.5/opentracing-tracerresolver-0.1.5.jar:/home/user/.m2/repository/io/opentracing/opentracing-util/0.31.0/opentracing-util-0.31.0.jar:/home/user/.m2/repository/io/opentracing/opentracing-api/0.31.0/opentracing-api-0.31.0.jar:/home/user/.m2/repository/io/opentracing/opentracing-noop/0.31.0/opentracing-noop-0.31.0.jar:/home/user/.m2/repository/org/apache/hadoop/hadoop-hdds-server-framework/0.5.0-SNAPSHOT/hadoop-hdds-server-framework-0.5.0-SNAPSHOT.jar:/home/user/.m2/repository/org/apache/hadoop/hadoop-hdds-container-service/0.5.0-SNAPSHOT/hadoop-hdds-container-service-0.5.0-SNAPSHOT.jar:/home/user/.m2/repository/org/apache/hadoop/hadoop-hdds-client/0.5.0-SNAPSHOT/hadoop-hdds-client-0.5.0-SNAPSHOT.jar:/home/user/.m2/repository/org/apache/hadoop/hadoop-hdds-tools/0.5.0-SNAPSHOT/hadoop-hdds-tools-0.5.0-SNAPSHOT.jar:/home/user/.m2/repository/org/apache/hadoop/hadoop-hdds-server-scm/0.5.0-SNAPSHOT/hadoop-hdds-server-scm-0.5.0-SNAPSHOT.jar:/home/user/.m2/repository/org/apache/hadoop/hadoop-hdds-docs/0.5.0-SNAPSHOT/hadoop-hdds-docs-0.5.0-SNAPSHOT.jar:/home/user/.m2/repository/io/dropwizard/metrics/metrics-core/3.2.4/metrics-core-3.2.4.jar:/home/user/.m2/repository/org/hamcrest/hamcrest-all/1.3/hamcrest-all-1.3.jar:/home/user/.m2/repository/org/bouncycastle/bcprov-jdk15on/1.60/bcprov-jdk15on-1.60.jar:/home/user/.m2/repository/info/picocli/picocli/3.9.6/picocli-3.9.6.jar:/home/user/.m2/repository/com/google/protobuf/protobuf-java/2.5.0/protobuf-java-2.5.0.jar:/home/user/.m2/repository/com/google/guava/guava/11.0.2/guava-11.0.2.jar:/home/user/.m2/repository/org/apache/hadoop/hadoop-ozone-ozone-manager/0.5.0-SNAPSHOT/hadoop-ozone-ozone-manager-0.5.0-SNAPSHOT.jar:/home/user/.m2/repository/org/apache/hadoop/hadoop-minikdc/3.2.0/hadoop-minikdc-3.2.0.jar:/home/user/.m2/repository/commons-io/commons-io/2.5/commons-io-2.5.jar:/home/user/.m2/repository/org/apache/kerby/kerb-simplekdc/1.0.1/kerb-simplekdc-1.0.1.jar:/home/user/.m2/repository/org/apache/kerby/kerb-client/1.0.1/kerb-client-1.0.1.jar:/home/user/.m2/repository/org/apache/kerby/kerby-config/1.0.1/kerby-config-1.0.1.jar:/home/user/.m2/repository/org/apache/kerby/kerb-core/1.0.1/kerb-core-1.0.1.jar:/home/user/.m2/repository/org/apache/kerby/kerby-pkix/1.0.1/kerby-pkix-1.0.1.jar:/home/user/.m2/repository/org/apache/kerby/kerby-asn1/1.0.1/kerby-asn1-1.0.1.jar:/home/user/.m2/repository/org/apache/kerby/kerby-util/1.0.1/kerby-util-1.0.1.jar:/home/user/.m2/repository/org/apache/kerby/kerb-common/1.0.1/kerb-common-1.0.1.jar:/home/user/.m2/repository/org/apache/kerby/kerb-crypto/1.0.1/kerb-crypto-1.0.1.jar:/home/user/.m2/repository/org/apache/kerby/kerb-util/1.0.1/kerb-util-1.0.1.jar:/home/user/.m2/repository/org/apache/kerby/token-provider/1.0.1/token-provider-1.0.1.jar:/home/user/.m2/repository/org/apache/kerby/kerb-admin/1.0.1/kerb-admin-1.0.1.jar:/home/user/.m2/repository/org/apache/kerby/kerb-server/1.0.1/kerb-server-1.0.1.jar:/home/user/.m2/repository/org/apache/kerby/kerb-identity/1.0.1/kerb-identity-1.0.1.jar:/home/user/.m2/repository/org/apache/kerby/kerby-xdr/1.0.1/kerby-xdr-1.0.1.jar:/home/user/.m2/repository/org/slf4j/slf4j-log4j12/1.7.25/slf4j-log4j12-1.7.25.jar:/home/user/.m2/repository/org/apache/hadoop/hadoop-ozone-s3gateway/0.5.0-SNAPSHOT/hadoop-ozone-s3gateway-0.5.0-SNAPSHOT.jar:/home/user/.m2/repository/org/jboss/weld/servlet/weld-servlet/2.4.7.Final/weld-servlet-2.4.7.Final.jar:/home/user/.m2/repository/org/glassfish/jersey/containers/jersey-container-servlet-core/2.27/jersey-container-servlet-core-2.27.jar:/home/user/.m2/repository/org/glassfish/hk2/external/javax.inject/2.5.0-b42/javax.inject-2.5.0-b42.jar:/home/user/.m2/repository/org/glassfish/jersey/core/jersey-common/2.27/jersey-common-2.27.jar:/home/user/.m2/repository/org/glassfish/hk2/osgi-resource-locator/1.0.1/osgi-resource-locator-1.0.1.jar:/home/user/.m2/repository/javax/ws/rs/javax.ws.rs-api/2.1/javax.ws.rs-api-2.1.jar:/home/user/.m2/repository/org/glassfish/jersey/ext/cdi/jersey-cdi1x/2.27/jersey-cdi1x-2.27.jar:/home/user/.m2/repository/org/glassfish/jersey/inject/jersey-hk2/2.27/jersey-hk2-2.27.jar:/home/user/.m2/repository/org/glassfish/hk2/hk2-locator/2.5.0-b42/hk2-locator-2.5.0-b42.jar:/home/user/.m2/repository/org/javassist/javassist/3.22.0-CR2/javassist-3.22.0-CR2.jar:/home/user/.m2/repository/org/glassfish/hk2/hk2-api/2.5.0/hk2-api-2.5.0.jar:/home/user/.m2/repository/org/glassfish/hk2/external/jakarta.inject/2.5.0/jakarta.inject-2.5.0.jar:/home/user/.m2/repository/org/glassfish/hk2/hk2-utils/2.5.0/hk2-utils-2.5.0.jar:/home/user/.m2/repository/jakarta/annotation/jakarta.annotation-api/1.3.4/jakarta.annotation-api-1.3.4.jar:/home/user/.m2/repository/org/glassfish/hk2/external/aopalliance-repackaged/2.5.0/aopalliance-repackaged-2.5.0.jar:/home/user/.m2/repository/com/fasterxml/jackson/dataformat/jackson-dataformat-xml/2.9.0/jackson-dataformat-xml-2.9.0.jar:/home/user/.m2/repository/com/fasterxml/jackson/core/jackson-core/2.9.9/jackson-core-2.9.9.jar:/home/user/.m2/repository/com/fasterxml/jackson/module/jackson-module-jaxb-annotations/2.9.9/jackson-module-jaxb-annotations-2.9.9.jar:/home/user/.m2/repository/javax/enterprise/cdi-api/1.2/cdi-api-1.2.jar:/home/user/.m2/repository/javax/el/javax.el-api/3.0.0/javax.el-api-3.0.0.jar:/home/user/.m2/repository/javax/interceptor/javax.interceptor-api/1.2/javax.interceptor-api-1.2.jar:/home/user/.m2/repository/javax/inject/javax.inject/1/javax.inject-1.jar:/home/user/.m2/repository/com/sun/xml/bind/jaxb-impl/2.3.0.1/jaxb-impl-2.3.0.1.jar:/home/user/.m2/repository/com/sun/xml/bind/jaxb-core/2.3.0.1/jaxb-core-2.3.0.1.jar:/home/user/.m2/repository/javax/xml/bind/jaxb-api/2.3.0/jaxb-api-2.3.0.jar:/home/user/.m2/repository/javax/activation/activation/1.1.1/activation-1.1.1.jar:/home/user/.m2/repository/org/apache/hadoop/hadoop-ozone-csi/0.5.0-SNAPSHOT/hadoop-ozone-csi-0.5.0-SNAPSHOT.jar:/home/user/.m2/repository/com/google/protobuf/protobuf-java-util/3.5.1/protobuf-java-util-3.5.1.jar:/home/user/.m2/repository/org/apache/hadoop/hadoop-hdds-config/0.5.0-SNAPSHOT/hadoop-hdds-config-0.5.0-SNAPSHOT.jar:/home/user/.m2/repository/io/grpc/grpc-netty/1.17.1/grpc-netty-1.17.1.jar:/home/user/.m2/repository/io/grpc/grpc-core/1.17.1/grpc-core-1.17.1.jar:/home/user/.m2/repository/io/grpc/grpc-context/1.17.1/grpc-context-1.17.1.jar:/home/user/.m2/repository/com/google/errorprone/error_prone_annotations/2.2.0/error_prone_annotations-2.2.0.jar:/home/user/.m2/repository/org/codehaus/mojo/animal-sniffer-annotations/1.17/animal-sniffer-annotations-1.17.jar:/home/user/.m2/repository/io/opencensus/opencensus-api/0.17.0/opencensus-api-0.17.0.jar:/home/user/.m2/repository/io/opencensus/opencensus-contrib-grpc-metrics/0.17.0/opencensus-contrib-grpc-metrics-0.17.0.jar:/home/user/.m2/repository/io/netty/netty-codec-http2/4.1.30.Final/netty-codec-http2-4.1.30.Final.jar:/home/user/.m2/repository/io/netty/netty-codec-http/4.1.30.Final/netty-codec-http-4.1.30.Final.jar:/home/user/.m2/repository/io/netty/netty-codec/4.1.30.Final/netty-codec-4.1.30.Final.jar:/home/user/.m2/repository/io/netty/netty-handler/4.1.30.Final/netty-handler-4.1.30.Final.jar:/home/user/.m2/repository/io/netty/netty-handler-proxy/4.1.30.Final/netty-handler-proxy-4.1.30.Final.jar:/home/user/.m2/repository/io/netty/netty-codec-socks/4.1.30.Final/netty-codec-socks-4.1.30.Final.jar:/home/user/.m2/repository/io/netty/netty-transport-native-epoll/4.1.30.Final/netty-transport-native-epoll-4.1.30.Final.jar:/home/user/.m2/repository/io/netty/netty-common/4.1.30.Final/netty-common-4.1.30.Final.jar:/home/user/.m2/repository/io/netty/netty-buffer/4.1.30.Final/netty-buffer-4.1.30.Final.jar:/home/user/.m2/repository/io/netty/netty-transport/4.1.30.Final/netty-transport-4.1.30.Final.jar:/home/user/.m2/repository/io/netty/netty-resolver/4.1.30.Final/netty-resolver-4.1.30.Final.jar:/home/user/.m2/repository/io/netty/netty-transport-native-unix-common/4.1.30.Final/netty-transport-native-unix-common-4.1.30.Final.jar:/home/user/.m2/repository/io/grpc/grpc-protobuf/1.17.1/grpc-protobuf-1.17.1.jar:/home/user/.m2/repository/com/google/api/grpc/proto-google-common-protos/1.0.0/proto-google-common-protos-1.0.0.jar:/home/user/.m2/repository/io/grpc/grpc-protobuf-lite/1.17.1/grpc-protobuf-lite-1.17.1.jar:/home/user/.m2/repository/io/grpc/grpc-stub/1.17.1/grpc-stub-1.17.1.jar:/home/user/.m2/repository/org/apache/hadoop/hadoop-ozone-recon/0.5.0-SNAPSHOT/hadoop-ozone-recon-0.5.0-SNAPSHOT.jar:/home/user/.m2/repository/org/apache/hadoop/hadoop-ozone-reconcodegen/0.5.0-SNAPSHOT/hadoop-ozone-reconcodegen-0.5.0-SNAPSHOT.jar:/home/user/.m2/repository/com/google/inject/extensions/guice-multibindings/4.0/guice-multibindings-4.0.jar:/home/user/.m2/repository/com/google/inject/guice/4.0/guice-4.0.jar:/home/user/.m2/repository/aopalliance/aopalliance/1.0/aopalliance-1.0.jar:/home/user/.m2/repository/com/google/inject/extensions/guice-servlet/4.0/guice-servlet-4.0.jar:/home/user/.m2/repository/org/glassfish/jersey/containers/jersey-container-servlet/2.27/jersey-container-servlet-2.27.jar:/home/user/.m2/repository/org/glassfish/hk2/guice-bridge/2.5.0/guice-bridge-2.5.0.jar:/home/user/.m2/repository/org/glassfish/jersey/core/jersey-server/2.27/jersey-server-2.27.jar:/home/user/.m2/repository/org/glassfish/jersey/core/jersey-client/2.27/jersey-client-2.27.jar:/home/user/.m2/repository/org/glassfish/jersey/media/jersey-media-jaxb/2.27/jersey-media-jaxb-2.27.jar:/home/user/.m2/repository/javax/validation/validation-api/1.1.0.Final/validation-api-1.1.0.Final.jar:/home/user/.m2/repository/org/glassfish/jersey/media/jersey-media-json-jackson/2.27/jersey-media-json-jackson-2.27.jar:/home/user/.m2/repository/org/glassfish/jersey/ext/jersey-entity-filtering/2.27/jersey-entity-filtering-2.27.jar:/home/user/.m2/repository/com/google/inject/extensions/guice-assistedinject/4.0/guice-assistedinject-4.0.jar:/home/user/.m2/repository/org/jooq/jooq/3.11.10/jooq-3.11.10.jar:/home/user/.m2/repository/org/jooq/jooq-meta/3.11.10/jooq-meta-3.11.10.jar:/home/user/.m2/repository/org/jooq/jooq-codegen/3.11.10/jooq-codegen-3.11.10.jar:/home/user/.m2/repository/com/jolbox/bonecp/0.8.0.RELEASE/bonecp-0.8.0.RELEASE.jar:/home/user/.m2/repository/org/xerial/sqlite-jdbc/3.25.2/sqlite-jdbc-3.25.2.jar:/home/user/.m2/repository/org/springframework/spring-jdbc/5.1.3.RELEASE/spring-jdbc-5.1.3.RELEASE.jar:/home/user/.m2/repository/org/springframework/spring-beans/5.1.3.RELEASE/spring-beans-5.1.3.RELEASE.jar:/home/user/.m2/repository/org/springframework/spring-core/5.1.3.RELEASE/spring-core-5.1.3.RELEASE.jar:/home/user/.m2/repository/org/springframework/spring-jcl/5.1.3.RELEASE/spring-jcl-5.1.3.RELEASE.jar:/home/user/.m2/repository/org/springframework/spring-tx/5.1.3.RELEASE/spring-tx-5.1.3.RELEASE.jar:/home/user/.m2/repository/org/apache/hadoop/hadoop-ozone-client/0.5.0-SNAPSHOT/hadoop-ozone-client-0.5.0-SNAPSHOT.jar:/home/user/.m2/repository/commons-lang/commons-lang/2.6/commons-lang-2.6.jar:/home/user/.m2/repository/org/apache/hadoop/hadoop-ozone-ozone-manager/0.5.0-SNAPSHOT/hadoop-ozone-ozone-manager-0.5.0-SNAPSHOT-tests.jar:/home/user/.m2/repository/junit/junit/4.11/junit-4.11.jar:/home/user/.m2/repository/org/hamcrest/hamcrest-core/1.3/hamcrest-core-1.3.jar:/home/user/.m2/repository/org/openjdk/jmh/jmh-core/1.19/jmh-core-1.19.jar:/home/user/.m2/repository/net/sf/jopt-simple/jopt-simple/4.6/jopt-simple-4.6.jar:/home/user/.m2/repository/org/apache/commons/commons-math3/3.1.1/commons-math3-3.1.1.jar:/home/user/.m2/repository/org/openjdk/jmh/jmh-generator-annprocess/1.19/jmh-generator-annprocess-1.19.jar:/home/user/.m2/repository/org/mockito/mockito-all/1.8.5/mockito-all-1.8.5.jar:/home/user/.m2/repository/org/apache/hadoop/hadoop-kms/3.2.0/hadoop-kms-3.2.0.jar:/home/user/.m2/repository/org/apache/hadoop/hadoop-auth/3.2.0/hadoop-auth-3.2.0.jar:/home/user/.m2/repository/com/nimbusds/nimbus-jose-jwt/4.41.1/nimbus-jose-jwt-4.41.1.jar:/home/user/.m2/repository/com/github/stephenc/jcip/jcip-annotations/1.0-1/jcip-annotations-1.0-1.jar:/home/user/.m2/repository/net/minidev/json-smart/2.3/json-smart-2.3.jar:/home/user/.m2/repository/net/minidev/accessors-smart/1.2/accessors-smart-1.2.jar:/home/user/.m2/repository/org/ow2/asm/asm/5.0.4/asm-5.0.4.jar:/home/user/.m2/repository/org/apache/curator/curator-framework/2.12.0/curator-framework-2.12.0.jar:/home/user/.m2/repository/com/sun/jersey/jersey-core/1.19/jersey-core-1.19.jar:/home/user/.m2/repository/javax/ws/rs/jsr311-api/1.1.1/jsr311-api-1.1.1.jar:/home/user/.m2/repository/com/sun/jersey/jersey-server/1.19/jersey-server-1.19.jar:/home/user/.m2/repository/javax/servlet/javax.servlet-api/3.1.0/javax.servlet-api-3.1.0.jar:/home/user/.m2/repository/org/eclipse/jetty/jetty-server/9.3.25.v20180904/jetty-server-9.3.25.v20180904.jar:/home/user/.m2/repository/org/eclipse/jetty/jetty-http/9.3.25.v20180904/jetty-http-9.3.25.v20180904.jar:/home/user/.m2/repository/org/eclipse/jetty/jetty-io/9.3.25.v20180904/jetty-io-9.3.25.v20180904.jar:/home/user/.m2/repository/org/eclipse/jetty/jetty-webapp/9.3.25.v20180904/jetty-webapp-9.3.25.v20180904.jar:/home/user/.m2/repository/org/eclipse/jetty/jetty-xml/9.3.25.v20180904/jetty-xml-9.3.25.v20180904.jar:/home/user/.m2/repository/log4j/log4j/1.2.17/log4j-1.2.17.jar:/home/user/.m2/repository/org/slf4j/slf4j-api/1.7.25/slf4j-api-1.7.25.jar:/home/user/.m2/repository/org/slf4j/jul-to-slf4j/1.7.25/jul-to-slf4j-1.7.25.jar:/home/user/.m2/repository/org/eclipse/jetty/jetty-util/9.3.25.v20180904/jetty-util-9.3.25.v20180904.jar:/home/user/.m2/repository/com/fasterxml/jackson/core/jackson-databind/2.9.9/jackson-databind-2.9.9.jar:/home/user/.m2/repository/org/apache/hadoop/hadoop-kms/3.2.0/hadoop-kms-3.2.0-tests.jar:/home/user/.m2/repository/org/apache/hadoop/hadoop-hdds-server-scm/0.5.0-SNAPSHOT/hadoop-hdds-server-scm-0.5.0-SNAPSHOT-tests.jar:/home/user/.m2/repository/org/apache/hadoop/hadoop-hdds-container-service/0.5.0-SNAPSHOT/hadoop-hdds-container-service-0.5.0-SNAPSHOT-tests.jar:/home/user/.m2/repository/org/yaml/snakeyaml/1.16/snakeyaml-1.16.jar:/home/user/.m2/repository/org/apache/hadoop/hadoop-common/3.2.0/hadoop-common-3.2.0-tests.jar:/home/user/.m2/repository/org/apache/hadoop/hadoop-annotations/3.2.0/hadoop-annotations-3.2.0.jar:/usr/lib/jvm/java-1.8.0-openjdk-1.8.0.222.b10-1.el7_7.x86_64/jre/../lib/tools.jar:/home/user/.m2/repository/commons-cli/commons-cli/1.2/commons-cli-1.2.jar:/home/user/.m2/repository/org/apache/httpcomponents/httpclient/4.5.2/httpclient-4.5.2.jar:/home/user/.m2/repository/org/apache/httpcomponents/httpcore/4.4.4/httpcore-4.4.4.jar:/home/user/.m2/repository/commons-codec/commons-codec/1.11/commons-codec-1.11.jar:/home/user/.m2/repository/commons-net/commons-net/3.6/commons-net-3.6.jar:/home/user/.m2/repository/commons-collections/commons-collections/3.2.2/commons-collections-3.2.2.jar:/home/user/.m2/repository/org/eclipse/jetty/jetty-servlet/9.3.25.v20180904/jetty-servlet-9.3.25.v20180904.jar:/home/user/.m2/repository/org/eclipse/jetty/jetty-security/9.3.25.v20180904/jetty-security-9.3.25.v20180904.jar:/home/user/.m2/repository/javax/servlet/jsp/jsp-api/2.1/jsp-api-2.1.jar:/home/user/.m2/repository/com/sun/jersey/jersey-servlet/1.19/jersey-servlet-1.19.jar:/home/user/.m2/repository/com/sun/jersey/jersey-json/1.19/jersey-json-1.19.jar:/home/user/.m2/repository/org/codehaus/jettison/jettison/1.1/jettison-1.1.jar:/home/user/.m2/repository/org/codehaus/jackson/jackson-core-asl/1.9.13/jackson-core-asl-1.9.13.jar:/home/user/.m2/repository/org/codehaus/jackson/jackson-mapper-asl/1.9.13/jackson-mapper-asl-1.9.13.jar:/home/user/.m2/repository/org/codehaus/jackson/jackson-jaxrs/1.9.13/jackson-jaxrs-1.9.13.jar:/home/user/.m2/repository/org/codehaus/jackson/jackson-xc/1.9.13/jackson-xc-1.9.13.jar:/home/user/.m2/repository/commons-logging/commons-logging/1.1.3/commons-logging-1.1.3.jar:/home/user/.m2/repository/commons-beanutils/commons-beanutils/1.9.4/commons-beanutils-1.9.4.jar:/home/user/.m2/repository/org/apache/commons/commons-configuration2/2.1.1/commons-configuration2-2.1.1.jar:/home/user/.m2/repository/org/apache/commons/commons-lang3/3.7/commons-lang3-3.7.jar:/home/user/.m2/repository/org/apache/commons/commons-text/1.4/commons-text-1.4.jar:/home/user/.m2/repository/org/apache/avro/avro/1.7.7/avro-1.7.7.jar:/home/user/.m2/repository/com/thoughtworks/paranamer/paranamer/2.3/paranamer-2.3.jar:/home/user/.m2/repository/org/xerial/snappy/snappy-java/1.0.5/snappy-java-1.0.5.jar:/home/user/.m2/repository/com/google/re2j/re2j/1.1/re2j-1.1.jar:/home/user/.m2/repository/com/google/code/gson/gson/2.2.4/gson-2.2.4.jar:/home/user/.m2/repository/com/jcraft/jsch/0.1.54/jsch-0.1.54.jar:/home/user/.m2/repository/org/apache/curator/curator-client/2.12.0/curator-client-2.12.0.jar:/home/user/.m2/repository/org/apache/curator/curator-recipes/2.12.0/curator-recipes-2.12.0.jar:/home/user/.m2/repository/com/google/code/findbugs/jsr305/3.0.0/jsr305-3.0.0.jar:/home/user/.m2/repository/org/apache/htrace/htrace-core4/4.1.0-incubating/htrace-core4-4.1.0-incubating.jar:/home/user/.m2/repository/org/apache/zookeeper/zookeeper/3.4.13/zookeeper-3.4.13.jar:/home/user/.m2/repository/jline/jline/0.9.94/jline-0.9.94.jar:/home/user/.m2/repository/org/apache/yetus/audience-annotations/0.5.0/audience-annotations-0.5.0.jar:/home/user/.m2/repository/org/codehaus/woodstox/stax2-api/3.1.4/stax2-api-3.1.4.jar:/home/user/.m2/repository/com/fasterxml/woodstox/woodstox-core/5.0.3/woodstox-core-5.0.3.jar:/home/user/.m2/repository/dnsjava/dnsjava/2.1.7/dnsjava-2.1.7.jar:/home/user/.m2/repository/org/apache/hadoop/hadoop-hdfs/3.2.0/hadoop-hdfs-3.2.0-tests.jar:/home/user/.m2/repository/org/eclipse/jetty/jetty-util-ajax/9.3.25.v20180904/jetty-util-ajax-9.3.25.v20180904.jar:/home/user/.m2/repository/commons-daemon/commons-daemon/1.0.13/commons-daemon-1.0.13.jar:/home/user/.m2/repository/io/netty/netty/3.10.5.Final/netty-3.10.5.Final.jar:/home/user/.m2/repository/io/netty/netty-all/4.0.52.Final/netty-all-4.0.52.Final.jar:/home/user/.m2/repository/org/fusesource/leveldbjni/leveldbjni-all/1.8/leveldbjni-all-1.8.jar:"/>
    <property name="sun.cpu.endian" value="little"/>
    <property name="user.home" value="/home/user"/>
    <property name="user.language" value="en"/>
    <property name="java.specification.vendor" value="Oracle Corporation"/>
    <property name="java.home" value="/usr/lib/jvm/java-1.8.0-openjdk-1.8.0.222.b10-1.el7_7.x86_64/jre"/>
    <property name="surefire.excludesFile" value="/tools/ozone-bad-unit-tests"/>
    <property name="java.security.krb5.conf" value="/workdir/hadoop-ozone/integration-test/target/test-classes/krb5.conf"/>
    <property name="basedir" value="/workdir/hadoop-ozone/integration-test"/>
    <property name="file.separator" value="/"/>
    <property name="line.separator" value="&#10;"/>
    <property name="java.vm.specification.vendor" value="Oracle Corporation"/>
    <property name="java.specification.name" value="Java Platform API Specification"/>
    <property name="java.awt.graphicsenv" value="sun.awt.X11GraphicsEnvironment"/>
    <property name="surefire.real.class.path" value="/workdir/hadoop-ozone/integration-test/target/surefire/surefirebooter3264914920269421728.jar"/>
    <property name="hadoop.log.dir" value="/workdir/hadoop-ozone/integration-test/target/log"/>
    <property name="sun.boot.class.path" value="/usr/lib/jvm/java-1.8.0-openjdk-1.8.0.222.b10-1.el7_7.x86_64/jre/lib/resources.jar:/usr/lib/jvm/java-1.8.0-openjdk-1.8.0.222.b10-1.el7_7.x86_64/jre/lib/rt.jar:/usr/lib/jvm/java-1.8.0-openjdk-1.8.0.222.b10-1.el7_7.x86_64/jre/lib/sunrsasign.jar:/usr/lib/jvm/java-1.8.0-openjdk-1.8.0.222.b10-1.el7_7.x86_64/jre/lib/jsse.jar:/usr/lib/jvm/java-1.8.0-openjdk-1.8.0.222.b10-1.el7_7.x86_64/jre/lib/jce.jar:/usr/lib/jvm/java-1.8.0-openjdk-1.8.0.222.b10-1.el7_7.x86_64/jre/lib/charsets.jar:/usr/lib/jvm/java-1.8.0-openjdk-1.8.0.222.b10-1.el7_7.x86_64/jre/lib/jfr.jar:/usr/lib/jvm/java-1.8.0-openjdk-1.8.0.222.b10-1.el7_7.x86_64/jre/classes"/>
    <property name="sun.management.compiler" value="HotSpot 64-Bit Tiered Compilers"/>
    <property name="java.runtime.version" value="1.8.0_222-b10"/>
    <property name="java.net.preferIPv4Stack" value="true"/>
    <property name="user.name" value="jenkins1000"/>
    <property name="path.separator" value=":"/>
    <property name="java.security.egd" value="file:///dev/urandom"/>
    <property name="os.version" value="3.10.0-957.12.2.el7.x86_64"/>
    <property name="java.endorsed.dirs" value="/usr/lib/jvm/java-1.8.0-openjdk-1.8.0.222.b10-1.el7_7.x86_64/jre/lib/endorsed"/>
    <property name="java.runtime.name" value="OpenJDK Runtime Environment"/>
    <property name="file.encoding" value="ANSI_X3.4-1968"/>
    <property name="java.vm.name" value="OpenJDK 64-Bit Server VM"/>
    <property name="test.build.webapps" value=""/>
    <property name="localRepository" value="/home/user/.m2/repository"/>
    <property name="java.vendor.url.bug" value="http://bugreport.sun.com/bugreport/"/>
    <property name="java.io.tmpdir" value="/tmp"/>
    <property name="require.test.libhadoop" value=""/>
    <property name="java.version" value="1.8.0_222"/>
    <property name="user.dir" value="/workdir/hadoop-ozone/integration-test"/>
    <property name="os.arch" value="amd64"/>
    <property name="java.vm.specification.name" value="Java Virtual Machine Specification"/>
    <property name="test.build.classes" value="/workdir/hadoop-ozone/integration-test/target/test-classes"/>
    <property name="java.awt.printerjob" value="sun.print.PSPrinterJob"/>
    <property name="sun.os.patch.level" value="unknown"/>
    <property name="hadoop.tmp.dir" value="/workdir/hadoop-ozone/integration-test/target/tmp"/>
    <property name="java.library.path" value="/usr/lib:/workdir/hadoop-ozone/integration-test/target/native/target/usr/local/lib:/workdir/hadoop-ozone/integration-test/../../hadoop-common-project/hadoop-common/target/native/target/usr/local/lib:/usr/java/packages/lib/amd64:/usr/lib64:/lib64:/lib:/usr/lib"/>
    <property name="java.vm.info" value="mixed mode"/>
    <property name="java.vendor" value="Oracle Corporation"/>
    <property name="java.vm.version" value="25.222-b10"/>
    <property name="java.ext.dirs" value="/usr/lib/jvm/java-1.8.0-openjdk-1.8.0.222.b10-1.el7_7.x86_64/jre/lib/ext:/usr/java/packages/lib/ext"/>
    <property name="sun.io.unicode.encoding" value="UnicodeLittle"/>
    <property name="java.class.version" value="52.0"/>
  </properties>
  <testcase name="testWatchForCommitWithKeyWrite" classname="org.apache.hadoop.ozone.client.rpc.TestWatchForCommit" time="70.072"/>
  <testcase name="testWatchForCommitWithSmallerTimeoutValue" classname="org.apache.hadoop.ozone.client.rpc.TestWatchForCommit" time="42.333"/>
  <testcase name="testWatchForCommitForRetryfailure" classname="org.apache.hadoop.ozone.client.rpc.TestWatchForCommit" time="60.94">
    <failure type="java.lang.AssertionError">java.lang.AssertionError
	at org.junit.Assert.fail(Assert.java:86)
	at org.junit.Assert.assertTrue(Assert.java:41)
	at org.junit.Assert.assertTrue(Assert.java:52)
	at org.apache.hadoop.ozone.client.rpc.TestWatchForCommit.testWatchForCommitForRetryfailure(TestWatchForCommit.java:348)
	at sun.reflect.NativeMethodAccessorImpl.invoke0(Native Method)
	at sun.reflect.NativeMethodAccessorImpl.invoke(NativeMethodAccessorImpl.java:62)
	at sun.reflect.DelegatingMethodAccessorImpl.invoke(DelegatingMethodAccessorImpl.java:43)
	at java.lang.reflect.Method.invoke(Method.java:498)
	at org.junit.runners.model.FrameworkMethod$1.runReflectiveCall(FrameworkMethod.java:47)
	at org.junit.internal.runners.model.ReflectiveCallable.run(ReflectiveCallable.java:12)
	at org.junit.runners.model.FrameworkMethod.invokeExplosively(FrameworkMethod.java:44)
	at org.junit.internal.runners.statements.InvokeMethod.evaluate(InvokeMethod.java:17)
	at org.junit.runners.ParentRunner.runLeaf(ParentRunner.java:271)
	at org.junit.runners.BlockJUnit4ClassRunner.runChild(BlockJUnit4ClassRunner.java:70)
	at org.junit.runners.BlockJUnit4ClassRunner.runChild(BlockJUnit4ClassRunner.java:50)
	at org.junit.runners.ParentRunner$3.run(ParentRunner.java:238)
	at org.junit.runners.ParentRunner$1.schedule(ParentRunner.java:63)
	at org.junit.runners.ParentRunner.runChildren(ParentRunner.java:236)
	at org.junit.runners.ParentRunner.access$000(ParentRunner.java:53)
	at org.junit.runners.ParentRunner$2.evaluate(ParentRunner.java:229)
	at org.junit.runners.ParentRunner.run(ParentRunner.java:309)
	at org.apache.maven.surefire.junit4.JUnit4Provider.execute(JUnit4Provider.java:365)
	at org.apache.maven.surefire.junit4.JUnit4Provider.executeWithRerun(JUnit4Provider.java:273)
	at org.apache.maven.surefire.junit4.JUnit4Provider.executeTestSet(JUnit4Provider.java:238)
	at org.apache.maven.surefire.junit4.JUnit4Provider.invoke(JUnit4Provider.java:159)
	at org.apache.maven.surefire.booter.ForkedBooter.invokeProviderInSameClassLoader(ForkedBooter.java:384)
	at org.apache.maven.surefire.booter.ForkedBooter.runSuitesInProcess(ForkedBooter.java:345)
	at org.apache.maven.surefire.booter.ForkedBooter.execute(ForkedBooter.java:126)
	at org.apache.maven.surefire.booter.ForkedBooter.main(ForkedBooter.java:418)
</failure>
    <system-out><![CDATA[2019-10-18 13:55:32,909 [main] WARN  server.ServerUtils (ServerUtils.java:getScmDbDir(145)) - ozone.scm.db.dirs is not configured. We recommend adding this setting. Falling back to ozone.metadata.dirs instead.
2019-10-18 13:55:32,969 [main] WARN  server.ServerUtils (ServerUtils.java:getScmDbDir(145)) - ozone.scm.db.dirs is not configured. We recommend adding this setting. Falling back to ozone.metadata.dirs instead.
2019-10-18 13:55:32,970 [main] WARN  server.ServerUtils (ServerUtils.java:getScmDbDir(145)) - ozone.scm.db.dirs is not configured. We recommend adding this setting. Falling back to ozone.metadata.dirs instead.
2019-10-18 13:55:32,971 [main] INFO  db.DBStoreBuilder (DBStoreBuilder.java:addTable(117)) - using custom profile for table: deletedBlocks
2019-10-18 13:55:32,971 [main] INFO  db.DBStoreBuilder (DBStoreBuilder.java:processTables(168)) - Using default column profile:DBProfile.DISK for Table:deletedBlocks
2019-10-18 13:55:32,971 [main] INFO  db.DBStoreBuilder (DBStoreBuilder.java:addTable(117)) - using custom profile for table: validCerts
2019-10-18 13:55:32,972 [main] INFO  db.DBStoreBuilder (DBStoreBuilder.java:processTables(168)) - Using default column profile:DBProfile.DISK for Table:validCerts
2019-10-18 13:55:32,972 [main] INFO  db.DBStoreBuilder (DBStoreBuilder.java:addTable(117)) - using custom profile for table: revokedCerts
2019-10-18 13:55:32,972 [main] INFO  db.DBStoreBuilder (DBStoreBuilder.java:processTables(168)) - Using default column profile:DBProfile.DISK for Table:revokedCerts
2019-10-18 13:55:32,972 [main] INFO  db.DBStoreBuilder (DBStoreBuilder.java:addTable(117)) - using custom profile for table: default
2019-10-18 13:55:32,973 [main] INFO  db.DBStoreBuilder (DBStoreBuilder.java:processTables(174)) - Using default column profile:DBProfile.DISK for Table:default
2019-10-18 13:55:32,973 [main] INFO  db.DBStoreBuilder (DBStoreBuilder.java:getDbProfile(205)) - Using default options. DBProfile.DISK
2019-10-18 13:55:33,098 [main] INFO  net.NodeSchemaLoader (NodeSchemaLoader.java:loadSchemaFromFile(125)) - Loading file from sun.misc.CompoundEnumeration@2b916808
2019-10-18 13:55:33,098 [main] INFO  net.NodeSchemaLoader (NodeSchemaLoader.java:loadSchema(171)) - Loading network topology layer schema file
2019-10-18 13:55:33,102 [main] WARN  server.ServerUtils (ServerUtils.java:sanitizeUserArgs(70)) - ozone.scm.stale.node.interval value = 300000 is larger than max = 100000 based on the key value of ozone.scm.heartbeat.thread.interval, reset to the max value 100000.
2019-10-18 13:55:33,102 [main] WARN  server.ServerUtils (ServerUtils.java:sanitizeUserArgs(70)) - ozone.scm.stale.node.interval value = 300000 is larger than max = 100000 based on the key value of ozone.scm.heartbeat.thread.interval, reset to the max value 100000.
2019-10-18 13:55:33,102 [main] INFO  node.SCMNodeManager (SCMNodeManager.java:<init>(116)) - Entering startup safe mode.
2019-10-18 13:55:33,103 [main] INFO  algorithms.ContainerPlacementPolicyFactory (ContainerPlacementPolicyFactory.java:getPolicy(57)) - Create container placement policy of type org.apache.hadoop.hdds.scm.container.placement.algorithms.SCMContainerPlacementRandom
2019-10-18 13:55:33,103 [main] WARN  server.ServerUtils (ServerUtils.java:getScmDbDir(145)) - ozone.scm.db.dirs is not configured. We recommend adding this setting. Falling back to ozone.metadata.dirs instead.
2019-10-18 13:55:33,129 [main] INFO  pipeline.SCMPipelineManager (SCMPipelineManager.java:initializePipelineState(132)) - No pipeline exists in current db
2019-10-18 13:55:33,129 [main] WARN  server.ServerUtils (ServerUtils.java:getScmDbDir(145)) - ozone.scm.db.dirs is not configured. We recommend adding this setting. Falling back to ozone.metadata.dirs instead.
2019-10-18 13:55:33,169 [main] WARN  events.EventQueue (EventQueue.java:fireEvent(183)) - No event handler registered for event TypedEvent{payloadType=SafeModeStatus, name='SafeModeStatus'}
2019-10-18 13:55:33,169 [main] INFO  ipc.CallQueueManager (CallQueueManager.java:<init>(84)) - Using callQueue: class java.util.concurrent.LinkedBlockingQueue, queueCapacity: 2000, scheduler: class org.apache.hadoop.ipc.DefaultRpcScheduler, ipcBackoff: false.
2019-10-18 13:55:33,170 [Socket Reader #1 for port 41704] INFO  ipc.Server (Server.java:run(1074)) - Starting Socket Reader #1 for port 41704
2019-10-18 13:55:33,172 [main] INFO  ipc.CallQueueManager (CallQueueManager.java:<init>(84)) - Using callQueue: class java.util.concurrent.LinkedBlockingQueue, queueCapacity: 2000, scheduler: class org.apache.hadoop.ipc.DefaultRpcScheduler, ipcBackoff: false.
2019-10-18 13:55:33,173 [Socket Reader #1 for port 34184] INFO  ipc.Server (Server.java:run(1074)) - Starting Socket Reader #1 for port 34184
2019-10-18 13:55:33,174 [main] INFO  ipc.CallQueueManager (CallQueueManager.java:<init>(84)) - Using callQueue: class java.util.concurrent.LinkedBlockingQueue, queueCapacity: 2000, scheduler: class org.apache.hadoop.ipc.DefaultRpcScheduler, ipcBackoff: false.
2019-10-18 13:55:33,175 [Socket Reader #1 for port 40409] INFO  ipc.Server (Server.java:run(1074)) - Starting Socket Reader #1 for port 40409
2019-10-18 13:55:33,177 [main] INFO  hdfs.DFSUtil (DFSUtil.java:httpServerTemplateForNNAndJN(1641)) - Starting Web-server for scm at: http://0.0.0.0:0
2019-10-18 13:55:33,179 [main] INFO  server.AuthenticationFilter (AuthenticationFilter.java:constructSecretProvider(240)) - Unable to initialize FileSignerSecretProvider, falling back to use random secrets.
2019-10-18 13:55:33,180 [main] WARN  http.HttpRequestLog (HttpRequestLog.java:getRequestLog(97)) - Jetty request log can only be enabled using Log4j
2019-10-18 13:55:33,182 [main] INFO  http.HttpServer2 (HttpServer2.java:addGlobalFilter(975)) - Added global filter 'safety' (class=org.apache.hadoop.http.HttpServer2$QuotingInputFilter)
2019-10-18 13:55:33,182 [main] INFO  http.HttpServer2 (HttpServer2.java:addFilter(948)) - Added filter static_user_filter (class=org.apache.hadoop.http.lib.StaticUserWebFilter$StaticUserFilter) to context scm
2019-10-18 13:55:33,183 [main] INFO  http.HttpServer2 (HttpServer2.java:addFilter(958)) - Added filter static_user_filter (class=org.apache.hadoop.http.lib.StaticUserWebFilter$StaticUserFilter) to context static
2019-10-18 13:55:33,183 [main] INFO  http.HttpServer2 (HttpServer2.java:addFilter(958)) - Added filter static_user_filter (class=org.apache.hadoop.http.lib.StaticUserWebFilter$StaticUserFilter) to context logs
2019-10-18 13:55:33,184 [main] INFO  server.StorageContainerManager (StorageContainerManager.java:start(772)) - StorageContainerLocationProtocol RPC server is listening at /0.0.0.0:40409
2019-10-18 13:55:33,186 [main] WARN  impl.MetricsConfig (MetricsConfig.java:loadFirst(134)) - Cannot locate configuration: tried hadoop-metrics2-storagecontainermanager.properties,hadoop-metrics2.properties
2019-10-18 13:55:33,187 [main] INFO  impl.MetricsSystemImpl (MetricsSystemImpl.java:startTimer(374)) - Scheduled Metric snapshot period at 10 second(s).
2019-10-18 13:55:33,187 [main] INFO  impl.MetricsSystemImpl (MetricsSystemImpl.java:start(191)) - StorageContainerManager metrics system started
2019-10-18 13:55:33,193 [main] INFO  lib.Interns (Interns.java:removeEldestEntry(50)) - Metrics intern cache overflow at 2011 for MetricsSystem={MetricsSystem=MetricsInfoImpl{name=MetricsSystem, description=MetricsSystem}, MetricsSystem record=MetricsInfoImpl{name=MetricsSystem, description=MetricsSystem record}}
2019-10-18 13:55:33,238 [main] WARN  impl.MetricsSystemImpl (MetricsSystemImpl.java:register(276)) - Sink prometheus already exists!
2019-10-18 13:55:33,288 [main] INFO  server.SCMClientProtocolServer (SCMClientProtocolServer.java:start(159)) - RPC server for Client  is listening at /0.0.0.0:40409
2019-10-18 13:55:33,288 [IPC Server Responder] INFO  ipc.Server (Server.java:run(1314)) - IPC Server Responder: starting
2019-10-18 13:55:33,289 [IPC Server listener on 40409] INFO  ipc.Server (Server.java:run(1153)) - IPC Server listener on 40409: starting
2019-10-18 13:55:33,294 [main] INFO  server.StorageContainerManager (StorageContainerManager.java:start(782)) - ScmBlockLocationProtocol RPC server is listening at /0.0.0.0:34184
2019-10-18 13:55:33,294 [main] INFO  server.SCMBlockProtocolServer (SCMBlockProtocolServer.java:start(146)) - RPC server for Block Protocol is listening at /0.0.0.0:34184
2019-10-18 13:55:33,295 [IPC Server Responder] INFO  ipc.Server (Server.java:run(1314)) - IPC Server Responder: starting
2019-10-18 13:55:33,295 [IPC Server listener on 34184] INFO  ipc.Server (Server.java:run(1153)) - IPC Server listener on 34184: starting
2019-10-18 13:55:33,298 [main] INFO  server.StorageContainerManager (StorageContainerManager.java:start(786)) - ScmDatanodeProtocl RPC server is listening at /0.0.0.0:41704
2019-10-18 13:55:33,298 [main] INFO  server.SCMDatanodeProtocolServer (SCMDatanodeProtocolServer.java:start(169)) - RPC server for DataNodes is listening at /0.0.0.0:41704
2019-10-18 13:55:33,298 [IPC Server Responder] INFO  ipc.Server (Server.java:run(1314)) - IPC Server Responder: starting
2019-10-18 13:55:33,298 [IPC Server listener on 41704] INFO  ipc.Server (Server.java:run(1153)) - IPC Server listener on 41704: starting
2019-10-18 13:55:33,301 [main] INFO  http.HttpServer2 (HttpServer2.java:bindListener(1191)) - Jetty bound to port 44634
2019-10-18 13:55:33,302 [main] INFO  server.Server (Server.java:doStart(351)) - jetty-9.3.25.v20180904, build timestamp: 2018-09-04T21:11:46Z, git hash: 3ce520221d0240229c862b122d2b06c12a625732
2019-10-18 13:55:33,303 [main] INFO  handler.ContextHandler (ContextHandler.java:doStart(781)) - Started o.e.j.s.ServletContextHandler@77db3d02{/logs,file:///workdir/hadoop-ozone/integration-test/target/log,AVAILABLE}
2019-10-18 13:55:33,304 [main] INFO  handler.ContextHandler (ContextHandler.java:doStart(781)) - Started o.e.j.s.ServletContextHandler@23ed382c{/static,file:///workdir/hadoop-ozone/integration-test/target/test-classes/webapps/static,AVAILABLE}
2019-10-18 13:55:33,323 [main] INFO  handler.ContextHandler (ContextHandler.java:doStart(781)) - Started o.e.j.w.WebAppContext@5f34907b{/,file:///workdir/hadoop-ozone/integration-test/target/test-classes/webapps/scm/,AVAILABLE}{/scm}
2019-10-18 13:55:33,323 [main] INFO  server.AbstractConnector (AbstractConnector.java:doStart(278)) - Started ServerConnector@2b4d4327{HTTP/1.1,[http/1.1]}{0.0.0.0:44634}
2019-10-18 13:55:33,324 [main] INFO  server.Server (Server.java:doStart(419)) - Started @113247ms
2019-10-18 13:55:33,324 [main] WARN  impl.MetricsSystemImpl (MetricsSystemImpl.java:register(276)) - Sink prometheus already exists!
2019-10-18 13:55:33,325 [main] INFO  server.BaseHttpServer (BaseHttpServer.java:updateConnectorAddress(215)) - HTTP server of SCM is listening at http://0.0.0.0:44634
2019-10-18 13:55:33,326 [main] WARN  server.ServerUtils (ServerUtils.java:getDBPath(222)) - ozone.om.db.dirs is not configured. We recommend adding this setting. Falling back to ozone.metadata.dirs instead.
2019-10-18 13:55:33,326 [org.apache.hadoop.util.JvmPauseMonitor$Monitor@671ea6ff] INFO  util.JvmPauseMonitor (JvmPauseMonitor.java:run(188)) - Starting JVM pause monitor
2019-10-18 13:55:33,334 [main] INFO  ha.OMHANodeDetails (OMHANodeDetails.java:loadOMHAConfig(190)) - Configuration either no ozone.om.address set. Falling back to the default OM address /127.0.0.1:0
2019-10-18 13:55:33,335 [main] INFO  ha.OMHANodeDetails (OMHANodeDetails.java:getOMNodeDetails(220)) - OM Service ID is not set. Setting it to the default ID: omServiceIdDefault
2019-10-18 13:55:33,335 [main] WARN  server.ServerUtils (ServerUtils.java:getDBPath(222)) - ozone.om.db.dirs is not configured. We recommend adding this setting. Falling back to ozone.metadata.dirs instead.
2019-10-18 13:55:33,336 [main] WARN  server.ServerUtils (ServerUtils.java:getDBPath(222)) - ozone.om.db.dirs is not configured. We recommend adding this setting. Falling back to ozone.metadata.dirs instead.
2019-10-18 13:55:33,360 [main] WARN  server.ServerUtils (ServerUtils.java:getDBPath(222)) - ozone.om.db.dirs is not configured. We recommend adding this setting. Falling back to ozone.metadata.dirs instead.
2019-10-18 13:55:33,361 [main] INFO  db.DBStoreBuilder (DBStoreBuilder.java:addTable(117)) - using custom profile for table: userTable
2019-10-18 13:55:33,361 [main] INFO  db.DBStoreBuilder (DBStoreBuilder.java:processTables(168)) - Using default column profile:DBProfile.DISK for Table:userTable
2019-10-18 13:55:33,361 [main] INFO  db.DBStoreBuilder (DBStoreBuilder.java:addTable(117)) - using custom profile for table: volumeTable
2019-10-18 13:55:33,361 [main] INFO  db.DBStoreBuilder (DBStoreBuilder.java:processTables(168)) - Using default column profile:DBProfile.DISK for Table:volumeTable
2019-10-18 13:55:33,361 [main] INFO  db.DBStoreBuilder (DBStoreBuilder.java:addTable(117)) - using custom profile for table: bucketTable
2019-10-18 13:55:33,362 [main] INFO  db.DBStoreBuilder (DBStoreBuilder.java:processTables(168)) - Using default column profile:DBProfile.DISK for Table:bucketTable
2019-10-18 13:55:33,362 [main] INFO  db.DBStoreBuilder (DBStoreBuilder.java:addTable(117)) - using custom profile for table: keyTable
2019-10-18 13:55:33,362 [main] INFO  db.DBStoreBuilder (DBStoreBuilder.java:processTables(168)) - Using default column profile:DBProfile.DISK for Table:keyTable
2019-10-18 13:55:33,362 [main] INFO  db.DBStoreBuilder (DBStoreBuilder.java:addTable(117)) - using custom profile for table: deletedTable
2019-10-18 13:55:33,362 [main] INFO  db.DBStoreBuilder (DBStoreBuilder.java:processTables(168)) - Using default column profile:DBProfile.DISK for Table:deletedTable
2019-10-18 13:55:33,362 [main] INFO  db.DBStoreBuilder (DBStoreBuilder.java:addTable(117)) - using custom profile for table: openKeyTable
2019-10-18 13:55:33,362 [main] INFO  db.DBStoreBuilder (DBStoreBuilder.java:processTables(168)) - Using default column profile:DBProfile.DISK for Table:openKeyTable
2019-10-18 13:55:33,363 [main] INFO  db.DBStoreBuilder (DBStoreBuilder.java:addTable(117)) - using custom profile for table: s3Table
2019-10-18 13:55:33,363 [main] INFO  db.DBStoreBuilder (DBStoreBuilder.java:processTables(168)) - Using default column profile:DBProfile.DISK for Table:s3Table
2019-10-18 13:55:33,363 [main] INFO  db.DBStoreBuilder (DBStoreBuilder.java:addTable(117)) - using custom profile for table: multipartInfoTable
2019-10-18 13:55:33,363 [main] INFO  db.DBStoreBuilder (DBStoreBuilder.java:processTables(168)) - Using default column profile:DBProfile.DISK for Table:multipartInfoTable
2019-10-18 13:55:33,363 [main] INFO  db.DBStoreBuilder (DBStoreBuilder.java:addTable(117)) - using custom profile for table: dTokenTable
2019-10-18 13:55:33,363 [main] INFO  db.DBStoreBuilder (DBStoreBuilder.java:processTables(168)) - Using default column profile:DBProfile.DISK for Table:dTokenTable
2019-10-18 13:55:33,363 [main] INFO  db.DBStoreBuilder (DBStoreBuilder.java:addTable(117)) - using custom profile for table: s3SecretTable
2019-10-18 13:55:33,363 [main] INFO  db.DBStoreBuilder (DBStoreBuilder.java:processTables(168)) - Using default column profile:DBProfile.DISK for Table:s3SecretTable
2019-10-18 13:55:33,364 [main] INFO  db.DBStoreBuilder (DBStoreBuilder.java:addTable(117)) - using custom profile for table: prefixTable
2019-10-18 13:55:33,364 [main] INFO  db.DBStoreBuilder (DBStoreBuilder.java:processTables(168)) - Using default column profile:DBProfile.DISK for Table:prefixTable
2019-10-18 13:55:33,364 [main] INFO  db.DBStoreBuilder (DBStoreBuilder.java:addTable(117)) - using custom profile for table: default
2019-10-18 13:55:33,364 [main] INFO  db.DBStoreBuilder (DBStoreBuilder.java:processTables(174)) - Using default column profile:DBProfile.DISK for Table:default
2019-10-18 13:55:33,364 [main] INFO  db.DBStoreBuilder (DBStoreBuilder.java:getDbProfile(205)) - Using default options. DBProfile.DISK
2019-10-18 13:55:33,755 [main] INFO  ipc.CallQueueManager (CallQueueManager.java:<init>(84)) - Using callQueue: class java.util.concurrent.LinkedBlockingQueue, queueCapacity: 2000, scheduler: class org.apache.hadoop.ipc.DefaultRpcScheduler, ipcBackoff: false.
2019-10-18 13:55:33,756 [Socket Reader #1 for port 45342] INFO  ipc.Server (Server.java:run(1074)) - Starting Socket Reader #1 for port 45342
2019-10-18 13:55:33,774 [main] INFO  om.OzoneManager (OzoneManager.java:start(1071)) - OzoneManager RPC server is listening at localhost/127.0.0.1:45342
2019-10-18 13:55:33,774 [main] INFO  impl.MetricsSystemImpl (MetricsSystemImpl.java:init(158)) - OzoneManager metrics system started (again)
2019-10-18 13:55:33,775 [IPC Server Responder] INFO  ipc.Server (Server.java:run(1314)) - IPC Server Responder: starting
2019-10-18 13:55:33,775 [IPC Server listener on 45342] INFO  ipc.Server (Server.java:run(1153)) - IPC Server listener on 45342: starting
2019-10-18 13:55:33,780 [main] INFO  hdfs.DFSUtil (DFSUtil.java:httpServerTemplateForNNAndJN(1641)) - Starting Web-server for ozoneManager at: http://0.0.0.0:0
2019-10-18 13:55:33,781 [main] INFO  server.AuthenticationFilter (AuthenticationFilter.java:constructSecretProvider(240)) - Unable to initialize FileSignerSecretProvider, falling back to use random secrets.
2019-10-18 13:55:33,781 [main] WARN  http.HttpRequestLog (HttpRequestLog.java:getRequestLog(97)) - Jetty request log can only be enabled using Log4j
2019-10-18 13:55:33,783 [main] INFO  http.HttpServer2 (HttpServer2.java:addGlobalFilter(975)) - Added global filter 'safety' (class=org.apache.hadoop.http.HttpServer2$QuotingInputFilter)
2019-10-18 13:55:33,784 [main] INFO  http.HttpServer2 (HttpServer2.java:addFilter(948)) - Added filter static_user_filter (class=org.apache.hadoop.http.lib.StaticUserWebFilter$StaticUserFilter) to context ozoneManager
2019-10-18 13:55:33,784 [main] INFO  http.HttpServer2 (HttpServer2.java:addFilter(958)) - Added filter static_user_filter (class=org.apache.hadoop.http.lib.StaticUserWebFilter$StaticUserFilter) to context static
2019-10-18 13:55:33,784 [main] INFO  http.HttpServer2 (HttpServer2.java:addFilter(958)) - Added filter static_user_filter (class=org.apache.hadoop.http.lib.StaticUserWebFilter$StaticUserFilter) to context logs
2019-10-18 13:55:33,785 [main] INFO  http.HttpServer2 (HttpServer2.java:bindListener(1191)) - Jetty bound to port 36504
2019-10-18 13:55:33,785 [main] INFO  server.Server (Server.java:doStart(351)) - jetty-9.3.25.v20180904, build timestamp: 2018-09-04T21:11:46Z, git hash: 3ce520221d0240229c862b122d2b06c12a625732
2019-10-18 13:55:33,787 [main] INFO  handler.ContextHandler (ContextHandler.java:doStart(781)) - Started o.e.j.s.ServletContextHandler@71370fec{/logs,file:///workdir/hadoop-ozone/integration-test/target/log,AVAILABLE}
2019-10-18 13:55:33,787 [main] INFO  handler.ContextHandler (ContextHandler.java:doStart(781)) - Started o.e.j.s.ServletContextHandler@3fc7c734{/static,file:///workdir/hadoop-ozone/integration-test/target/test-classes/webapps/static,AVAILABLE}
2019-10-18 13:55:33,807 [main] INFO  handler.ContextHandler (ContextHandler.java:doStart(781)) - Started o.e.j.w.WebAppContext@4640195a{/,file:///workdir/hadoop-ozone/integration-test/target/test-classes/webapps/ozoneManager/,AVAILABLE}{/ozoneManager}
2019-10-18 13:55:33,809 [main] INFO  server.AbstractConnector (AbstractConnector.java:doStart(278)) - Started ServerConnector@70d77826{HTTP/1.1,[http/1.1]}{0.0.0.0:36504}
2019-10-18 13:55:33,812 [main] INFO  server.Server (Server.java:doStart(419)) - Started @113735ms
2019-10-18 13:55:33,812 [main] WARN  impl.MetricsSystemImpl (MetricsSystemImpl.java:register(276)) - Sink prometheus already exists!
2019-10-18 13:55:33,813 [main] INFO  server.BaseHttpServer (BaseHttpServer.java:updateConnectorAddress(215)) - HTTP server of OZONEMANAGER is listening at http://0.0.0.0:36504
2019-10-18 13:55:33,836 [main] INFO  impl.MetricsSystemImpl (MetricsSystemImpl.java:init(158)) - HddsDatanode metrics system started (again)
2019-10-18 13:55:33,839 [main] INFO  ozone.HddsDatanodeService (HddsDatanodeService.java:start(184)) - HddsDatanodeService host:pr-hdds-2281-wfpgn-3925442534 ip:192.168.157.239
2019-10-18 13:55:33,845 [main] INFO  volume.HddsVolume (HddsVolume.java:<init>(176)) - Creating Volume: /workdir/hadoop-ozone/integration-test/target/test-dir/MiniOzoneClusterImpl-d3375502-699e-4143-a4c2-dc077696cbd1/datanode-0/data/containers/hdds of  storage type : DISK and capacity : 1482555576320
2019-10-18 13:55:33,846 [main] INFO  volume.VolumeSet (VolumeSet.java:initializeVolumeSet(170)) - Added Volume : /workdir/hadoop-ozone/integration-test/target/test-dir/MiniOzoneClusterImpl-d3375502-699e-4143-a4c2-dc077696cbd1/datanode-0/data/containers/hdds to VolumeSet
2019-10-18 13:55:33,846 [main] INFO  volume.ThrottledAsyncChecker (ThrottledAsyncChecker.java:schedule(141)) - Scheduling a check for org.apache.hadoop.ozone.container.common.volume.HddsVolume@30db5536
2019-10-18 13:55:33,847 [main] INFO  volume.HddsVolumeChecker (HddsVolumeChecker.java:checkAllVolumes(204)) - Scheduled health check for volume org.apache.hadoop.ozone.container.common.volume.HddsVolume@30db5536
2019-10-18 13:55:33,859 [main] INFO  impl.RaftServerProxy (ConfUtils.java:logGet(43)) - raft.rpc.type = GRPC (default)
2019-10-18 13:55:33,860 [main] INFO  grpc.GrpcFactory (GrpcFactory.java:checkPooledByteBufAllocatorUseCacheForAllThreads(45)) - PERFORMANCE WARNING: useCacheForAllThreads is true that may cause Netty to create a lot garbage objects and, as a result, trigger GC.
	It is recommended to disable useCacheForAllThreads by setting -Dorg.apache.ratis.thirdparty.io.netty.allocator.useCacheForAllThreads=false in command line.
2019-10-18 13:55:33,860 [main] INFO  grpc.GrpcConfigKeys$Server (ConfUtils.java:logGet(43)) - raft.grpc.server.port = 0 (default)
2019-10-18 13:55:33,860 [main] INFO  server.GrpcService (ConfUtils.java:logGet(43)) - raft.grpc.message.size.max = 33570816 (custom)
2019-10-18 13:55:33,861 [main] INFO  server.RaftServerConfigKeys (ConfUtils.java:logGet(43)) - raft.server.log.appender.buffer.byte-limit = 33554432 (custom)
2019-10-18 13:55:33,861 [main] INFO  server.GrpcService (ConfUtils.java:logGet(43)) - raft.grpc.flow.control.window = 1MB (=1048576) (default)
2019-10-18 13:55:33,861 [main] INFO  server.RaftServerConfigKeys (ConfUtils.java:logGet(43)) - raft.server.rpc.request.timeout = 3000ms (default)
2019-10-18 13:55:33,862 [main] INFO  server.RaftServerConfigKeys (ConfUtils.java:logGet(43)) - raft.server.storage.dir = [/workdir/hadoop-ozone/integration-test/target/test-dir/MiniOzoneClusterImpl-d3375502-699e-4143-a4c2-dc077696cbd1/datanode-0/data/ratis] (custom)
2019-10-18 13:55:33,864 [main] INFO  hdfs.DFSUtil (DFSUtil.java:httpServerTemplateForNNAndJN(1641)) - Starting Web-server for hddsDatanode at: http://0.0.0.0:0
2019-10-18 13:55:33,865 [main] INFO  server.AuthenticationFilter (AuthenticationFilter.java:constructSecretProvider(240)) - Unable to initialize FileSignerSecretProvider, falling back to use random secrets.
2019-10-18 13:55:33,865 [main] WARN  http.HttpRequestLog (HttpRequestLog.java:getRequestLog(97)) - Jetty request log can only be enabled using Log4j
2019-10-18 13:55:33,867 [main] INFO  http.HttpServer2 (HttpServer2.java:addGlobalFilter(975)) - Added global filter 'safety' (class=org.apache.hadoop.http.HttpServer2$QuotingInputFilter)
2019-10-18 13:55:33,867 [main] INFO  http.HttpServer2 (HttpServer2.java:addFilter(948)) - Added filter static_user_filter (class=org.apache.hadoop.http.lib.StaticUserWebFilter$StaticUserFilter) to context hddsDatanode
2019-10-18 13:55:33,867 [main] INFO  http.HttpServer2 (HttpServer2.java:addFilter(958)) - Added filter static_user_filter (class=org.apache.hadoop.http.lib.StaticUserWebFilter$StaticUserFilter) to context static
2019-10-18 13:55:33,867 [main] INFO  http.HttpServer2 (HttpServer2.java:addFilter(958)) - Added filter static_user_filter (class=org.apache.hadoop.http.lib.StaticUserWebFilter$StaticUserFilter) to context logs
2019-10-18 13:55:33,868 [main] INFO  http.HttpServer2 (HttpServer2.java:bindListener(1191)) - Jetty bound to port 35372
2019-10-18 13:55:33,868 [main] INFO  server.Server (Server.java:doStart(351)) - jetty-9.3.25.v20180904, build timestamp: 2018-09-04T21:11:46Z, git hash: 3ce520221d0240229c862b122d2b06c12a625732
2019-10-18 13:55:33,870 [main] INFO  handler.ContextHandler (ContextHandler.java:doStart(781)) - Started o.e.j.s.ServletContextHandler@7499eac7{/logs,file:///workdir/hadoop-ozone/integration-test/target/log,AVAILABLE}
2019-10-18 13:55:33,871 [main] INFO  handler.ContextHandler (ContextHandler.java:doStart(781)) - Started o.e.j.s.ServletContextHandler@b9d018b{/static,jar:file:/home/user/.m2/repository/org/apache/hadoop/hadoop-hdds-container-service/0.5.0-SNAPSHOT/hadoop-hdds-container-service-0.5.0-SNAPSHOT.jar!/webapps/static,AVAILABLE}
2019-10-18 13:55:33,903 [main] INFO  handler.ContextHandler (ContextHandler.java:doStart(781)) - Started o.e.j.w.WebAppContext@554188ac{/,file:///tmp/jetty-0.0.0.0-35372-hddsDatanode-_-any-1217554270618804766.dir/webapp/,AVAILABLE}{/hddsDatanode}
2019-10-18 13:55:33,904 [main] INFO  server.AbstractConnector (AbstractConnector.java:doStart(278)) - Started ServerConnector@1f43cab7{HTTP/1.1,[http/1.1]}{0.0.0.0:35372}
2019-10-18 13:55:33,904 [main] INFO  server.Server (Server.java:doStart(419)) - Started @113827ms
2019-10-18 13:55:33,905 [main] WARN  impl.MetricsSystemImpl (MetricsSystemImpl.java:register(276)) - Sink prometheus already exists!
2019-10-18 13:55:33,906 [main] INFO  server.BaseHttpServer (BaseHttpServer.java:updateConnectorAddress(215)) - HTTP server of HDDSDATANODE is listening at http://0.0.0.0:35372
2019-10-18 13:55:33,906 [main] INFO  impl.MetricsSystemImpl (MetricsSystemImpl.java:init(158)) - HddsDatanode metrics system started (again)
2019-10-18 13:55:33,909 [org.apache.hadoop.util.JvmPauseMonitor$Monitor@57be981] INFO  util.JvmPauseMonitor (JvmPauseMonitor.java:run(188)) - Starting JVM pause monitor
2019-10-18 13:55:33,910 [main] INFO  ozone.HddsDatanodeService (HddsDatanodeService.java:start(184)) - HddsDatanodeService host:pr-hdds-2281-wfpgn-3925442534 ip:192.168.157.239
2019-10-18 13:55:33,911 [Datanode State Machine Thread - 0] INFO  datanode.InitDatanodeState (InitDatanodeState.java:persistContainerDatanodeDetails(140)) - DatanodeDetails is persisted to /workdir/hadoop-ozone/integration-test/target/test-dir/MiniOzoneClusterImpl-d3375502-699e-4143-a4c2-dc077696cbd1/datanode-0/meta/datanode.id
2019-10-18 13:55:33,916 [main] INFO  volume.HddsVolume (HddsVolume.java:<init>(176)) - Creating Volume: /workdir/hadoop-ozone/integration-test/target/test-dir/MiniOzoneClusterImpl-d3375502-699e-4143-a4c2-dc077696cbd1/datanode-1/data/containers/hdds of  storage type : DISK and capacity : 1482555576320
2019-10-18 13:55:33,916 [main] INFO  volume.VolumeSet (VolumeSet.java:initializeVolumeSet(170)) - Added Volume : /workdir/hadoop-ozone/integration-test/target/test-dir/MiniOzoneClusterImpl-d3375502-699e-4143-a4c2-dc077696cbd1/datanode-1/data/containers/hdds to VolumeSet
2019-10-18 13:55:33,916 [main] INFO  volume.ThrottledAsyncChecker (ThrottledAsyncChecker.java:schedule(141)) - Scheduling a check for org.apache.hadoop.ozone.container.common.volume.HddsVolume@17043b04
2019-10-18 13:55:33,917 [main] INFO  volume.HddsVolumeChecker (HddsVolumeChecker.java:checkAllVolumes(204)) - Scheduled health check for volume org.apache.hadoop.ozone.container.common.volume.HddsVolume@17043b04
2019-10-18 13:55:33,935 [main] INFO  impl.RaftServerProxy (ConfUtils.java:logGet(43)) - raft.rpc.type = GRPC (default)
2019-10-18 13:55:33,935 [main] INFO  grpc.GrpcFactory (GrpcFactory.java:checkPooledByteBufAllocatorUseCacheForAllThreads(45)) - PERFORMANCE WARNING: useCacheForAllThreads is true that may cause Netty to create a lot garbage objects and, as a result, trigger GC.
	It is recommended to disable useCacheForAllThreads by setting -Dorg.apache.ratis.thirdparty.io.netty.allocator.useCacheForAllThreads=false in command line.
2019-10-18 13:55:33,936 [main] INFO  grpc.GrpcConfigKeys$Server (ConfUtils.java:logGet(43)) - raft.grpc.server.port = 0 (default)
2019-10-18 13:55:33,936 [main] INFO  server.GrpcService (ConfUtils.java:logGet(43)) - raft.grpc.message.size.max = 33570816 (custom)
2019-10-18 13:55:33,936 [main] INFO  server.RaftServerConfigKeys (ConfUtils.java:logGet(43)) - raft.server.log.appender.buffer.byte-limit = 33554432 (custom)
2019-10-18 13:55:33,936 [main] INFO  server.GrpcService (ConfUtils.java:logGet(43)) - raft.grpc.flow.control.window = 1MB (=1048576) (default)
2019-10-18 13:55:33,937 [main] INFO  server.RaftServerConfigKeys (ConfUtils.java:logGet(43)) - raft.server.rpc.request.timeout = 3000ms (default)
2019-10-18 13:55:33,937 [main] INFO  server.RaftServerConfigKeys (ConfUtils.java:logGet(43)) - raft.server.storage.dir = [/workdir/hadoop-ozone/integration-test/target/test-dir/MiniOzoneClusterImpl-d3375502-699e-4143-a4c2-dc077696cbd1/datanode-1/data/ratis] (custom)
2019-10-18 13:55:33,940 [main] INFO  hdfs.DFSUtil (DFSUtil.java:httpServerTemplateForNNAndJN(1641)) - Starting Web-server for hddsDatanode at: http://0.0.0.0:0
2019-10-18 13:55:33,944 [main] INFO  server.AuthenticationFilter (AuthenticationFilter.java:constructSecretProvider(240)) - Unable to initialize FileSignerSecretProvider, falling back to use random secrets.
2019-10-18 13:55:33,945 [main] WARN  http.HttpRequestLog (HttpRequestLog.java:getRequestLog(97)) - Jetty request log can only be enabled using Log4j
2019-10-18 13:55:33,946 [main] INFO  http.HttpServer2 (HttpServer2.java:addGlobalFilter(975)) - Added global filter 'safety' (class=org.apache.hadoop.http.HttpServer2$QuotingInputFilter)
2019-10-18 13:55:33,947 [main] INFO  http.HttpServer2 (HttpServer2.java:addFilter(948)) - Added filter static_user_filter (class=org.apache.hadoop.http.lib.StaticUserWebFilter$StaticUserFilter) to context hddsDatanode
2019-10-18 13:55:33,947 [main] INFO  http.HttpServer2 (HttpServer2.java:addFilter(958)) - Added filter static_user_filter (class=org.apache.hadoop.http.lib.StaticUserWebFilter$StaticUserFilter) to context logs
2019-10-18 13:55:33,948 [main] INFO  http.HttpServer2 (HttpServer2.java:addFilter(958)) - Added filter static_user_filter (class=org.apache.hadoop.http.lib.StaticUserWebFilter$StaticUserFilter) to context static
2019-10-18 13:55:33,948 [main] INFO  http.HttpServer2 (HttpServer2.java:bindListener(1191)) - Jetty bound to port 36821
2019-10-18 13:55:33,949 [main] INFO  server.Server (Server.java:doStart(351)) - jetty-9.3.25.v20180904, build timestamp: 2018-09-04T21:11:46Z, git hash: 3ce520221d0240229c862b122d2b06c12a625732
2019-10-18 13:55:33,951 [main] INFO  handler.ContextHandler (ContextHandler.java:doStart(781)) - Started o.e.j.s.ServletContextHandler@327e5be5{/logs,file:///workdir/hadoop-ozone/integration-test/target/log,AVAILABLE}
2019-10-18 13:55:33,951 [main] INFO  handler.ContextHandler (ContextHandler.java:doStart(781)) - Started o.e.j.s.ServletContextHandler@566f1852{/static,jar:file:/home/user/.m2/repository/org/apache/hadoop/hadoop-hdds-container-service/0.5.0-SNAPSHOT/hadoop-hdds-container-service-0.5.0-SNAPSHOT.jar!/webapps/static,AVAILABLE}
2019-10-18 13:55:33,978 [main] INFO  handler.ContextHandler (ContextHandler.java:doStart(781)) - Started o.e.j.w.WebAppContext@2a7d9b41{/,file:///tmp/jetty-0.0.0.0-36821-hddsDatanode-_-any-3878440492222147901.dir/webapp/,AVAILABLE}{/hddsDatanode}
2019-10-18 13:55:33,979 [main] INFO  server.AbstractConnector (AbstractConnector.java:doStart(278)) - Started ServerConnector@25be445f{HTTP/1.1,[http/1.1]}{0.0.0.0:36821}
2019-10-18 13:55:33,981 [main] INFO  server.Server (Server.java:doStart(419)) - Started @113904ms
2019-10-18 13:55:33,981 [main] WARN  impl.MetricsSystemImpl (MetricsSystemImpl.java:register(276)) - Sink prometheus already exists!
2019-10-18 13:55:33,982 [main] INFO  server.BaseHttpServer (BaseHttpServer.java:updateConnectorAddress(215)) - HTTP server of HDDSDATANODE is listening at http://0.0.0.0:36821
2019-10-18 13:55:33,982 [main] INFO  impl.MetricsSystemImpl (MetricsSystemImpl.java:init(158)) - HddsDatanode metrics system started (again)
2019-10-18 13:55:33,985 [org.apache.hadoop.util.JvmPauseMonitor$Monitor@7d3e6bce] INFO  util.JvmPauseMonitor (JvmPauseMonitor.java:run(188)) - Starting JVM pause monitor
2019-10-18 13:55:33,985 [main] INFO  ozone.HddsDatanodeService (HddsDatanodeService.java:start(184)) - HddsDatanodeService host:pr-hdds-2281-wfpgn-3925442534 ip:192.168.157.239
2019-10-18 13:55:33,991 [Datanode State Machine Thread - 0] INFO  datanode.InitDatanodeState (InitDatanodeState.java:persistContainerDatanodeDetails(140)) - DatanodeDetails is persisted to /workdir/hadoop-ozone/integration-test/target/test-dir/MiniOzoneClusterImpl-d3375502-699e-4143-a4c2-dc077696cbd1/datanode-1/meta/datanode.id
2019-10-18 13:55:33,991 [main] INFO  volume.HddsVolume (HddsVolume.java:<init>(176)) - Creating Volume: /workdir/hadoop-ozone/integration-test/target/test-dir/MiniOzoneClusterImpl-d3375502-699e-4143-a4c2-dc077696cbd1/datanode-2/data/containers/hdds of  storage type : DISK and capacity : 1482555576320
2019-10-18 13:55:33,991 [main] INFO  volume.VolumeSet (VolumeSet.java:initializeVolumeSet(170)) - Added Volume : /workdir/hadoop-ozone/integration-test/target/test-dir/MiniOzoneClusterImpl-d3375502-699e-4143-a4c2-dc077696cbd1/datanode-2/data/containers/hdds to VolumeSet
2019-10-18 13:55:33,992 [main] INFO  volume.ThrottledAsyncChecker (ThrottledAsyncChecker.java:schedule(141)) - Scheduling a check for org.apache.hadoop.ozone.container.common.volume.HddsVolume@7f7c420c
2019-10-18 13:55:33,992 [main] INFO  volume.HddsVolumeChecker (HddsVolumeChecker.java:checkAllVolumes(204)) - Scheduled health check for volume org.apache.hadoop.ozone.container.common.volume.HddsVolume@7f7c420c
2019-10-18 13:55:34,003 [main] INFO  impl.RaftServerProxy (ConfUtils.java:logGet(43)) - raft.rpc.type = GRPC (default)
2019-10-18 13:55:34,004 [main] INFO  grpc.GrpcFactory (GrpcFactory.java:checkPooledByteBufAllocatorUseCacheForAllThreads(45)) - PERFORMANCE WARNING: useCacheForAllThreads is true that may cause Netty to create a lot garbage objects and, as a result, trigger GC.
	It is recommended to disable useCacheForAllThreads by setting -Dorg.apache.ratis.thirdparty.io.netty.allocator.useCacheForAllThreads=false in command line.
2019-10-18 13:55:34,004 [main] INFO  grpc.GrpcConfigKeys$Server (ConfUtils.java:logGet(43)) - raft.grpc.server.port = 0 (default)
2019-10-18 13:55:34,004 [main] INFO  server.GrpcService (ConfUtils.java:logGet(43)) - raft.grpc.message.size.max = 33570816 (custom)
2019-10-18 13:55:34,004 [main] INFO  server.RaftServerConfigKeys (ConfUtils.java:logGet(43)) - raft.server.log.appender.buffer.byte-limit = 33554432 (custom)
2019-10-18 13:55:34,004 [main] INFO  server.GrpcService (ConfUtils.java:logGet(43)) - raft.grpc.flow.control.window = 1MB (=1048576) (default)
2019-10-18 13:55:34,004 [main] INFO  server.RaftServerConfigKeys (ConfUtils.java:logGet(43)) - raft.server.rpc.request.timeout = 3000ms (default)
2019-10-18 13:55:34,005 [main] INFO  server.RaftServerConfigKeys (ConfUtils.java:logGet(43)) - raft.server.storage.dir = [/workdir/hadoop-ozone/integration-test/target/test-dir/MiniOzoneClusterImpl-d3375502-699e-4143-a4c2-dc077696cbd1/datanode-2/data/ratis] (custom)
2019-10-18 13:55:34,006 [main] INFO  hdfs.DFSUtil (DFSUtil.java:httpServerTemplateForNNAndJN(1641)) - Starting Web-server for hddsDatanode at: http://0.0.0.0:0
2019-10-18 13:55:34,007 [main] INFO  server.AuthenticationFilter (AuthenticationFilter.java:constructSecretProvider(240)) - Unable to initialize FileSignerSecretProvider, falling back to use random secrets.
2019-10-18 13:55:34,008 [main] WARN  http.HttpRequestLog (HttpRequestLog.java:getRequestLog(97)) - Jetty request log can only be enabled using Log4j
2019-10-18 13:55:34,009 [main] INFO  http.HttpServer2 (HttpServer2.java:addGlobalFilter(975)) - Added global filter 'safety' (class=org.apache.hadoop.http.HttpServer2$QuotingInputFilter)
2019-10-18 13:55:34,009 [main] INFO  http.HttpServer2 (HttpServer2.java:addFilter(948)) - Added filter static_user_filter (class=org.apache.hadoop.http.lib.StaticUserWebFilter$StaticUserFilter) to context hddsDatanode
2019-10-18 13:55:34,009 [main] INFO  http.HttpServer2 (HttpServer2.java:addFilter(958)) - Added filter static_user_filter (class=org.apache.hadoop.http.lib.StaticUserWebFilter$StaticUserFilter) to context static
2019-10-18 13:55:34,009 [main] INFO  http.HttpServer2 (HttpServer2.java:addFilter(958)) - Added filter static_user_filter (class=org.apache.hadoop.http.lib.StaticUserWebFilter$StaticUserFilter) to context logs
2019-10-18 13:55:34,010 [main] INFO  http.HttpServer2 (HttpServer2.java:bindListener(1191)) - Jetty bound to port 34802
2019-10-18 13:55:34,010 [main] INFO  server.Server (Server.java:doStart(351)) - jetty-9.3.25.v20180904, build timestamp: 2018-09-04T21:11:46Z, git hash: 3ce520221d0240229c862b122d2b06c12a625732
2019-10-18 13:55:34,011 [main] INFO  handler.ContextHandler (ContextHandler.java:doStart(781)) - Started o.e.j.s.ServletContextHandler@236eccd1{/logs,file:///workdir/hadoop-ozone/integration-test/target/log,AVAILABLE}
2019-10-18 13:55:34,012 [main] INFO  handler.ContextHandler (ContextHandler.java:doStart(781)) - Started o.e.j.s.ServletContextHandler@707ca986{/static,jar:file:/home/user/.m2/repository/org/apache/hadoop/hadoop-hdds-container-service/0.5.0-SNAPSHOT/hadoop-hdds-container-service-0.5.0-SNAPSHOT.jar!/webapps/static,AVAILABLE}
2019-10-18 13:55:34,038 [main] INFO  handler.ContextHandler (ContextHandler.java:doStart(781)) - Started o.e.j.w.WebAppContext@32d418a9{/,file:///tmp/jetty-0.0.0.0-34802-hddsDatanode-_-any-3318488935177573737.dir/webapp/,AVAILABLE}{/hddsDatanode}
2019-10-18 13:55:34,039 [main] INFO  server.AbstractConnector (AbstractConnector.java:doStart(278)) - Started ServerConnector@52ea0269{HTTP/1.1,[http/1.1]}{0.0.0.0:34802}
2019-10-18 13:55:34,040 [main] INFO  server.Server (Server.java:doStart(419)) - Started @113963ms
2019-10-18 13:55:34,040 [main] WARN  impl.MetricsSystemImpl (MetricsSystemImpl.java:register(276)) - Sink prometheus already exists!
2019-10-18 13:55:34,042 [main] INFO  server.BaseHttpServer (BaseHttpServer.java:updateConnectorAddress(215)) - HTTP server of HDDSDATANODE is listening at http://0.0.0.0:34802
2019-10-18 13:55:34,042 [main] INFO  impl.MetricsSystemImpl (MetricsSystemImpl.java:init(158)) - HddsDatanode metrics system started (again)
2019-10-18 13:55:34,045 [org.apache.hadoop.util.JvmPauseMonitor$Monitor@7b193c08] INFO  util.JvmPauseMonitor (JvmPauseMonitor.java:run(188)) - Starting JVM pause monitor
2019-10-18 13:55:34,045 [main] INFO  ozone.HddsDatanodeService (HddsDatanodeService.java:start(184)) - HddsDatanodeService host:pr-hdds-2281-wfpgn-3925442534 ip:192.168.157.239
2019-10-18 13:55:34,046 [Datanode State Machine Thread - 0] INFO  datanode.InitDatanodeState (InitDatanodeState.java:persistContainerDatanodeDetails(140)) - DatanodeDetails is persisted to /workdir/hadoop-ozone/integration-test/target/test-dir/MiniOzoneClusterImpl-d3375502-699e-4143-a4c2-dc077696cbd1/datanode-2/meta/datanode.id
2019-10-18 13:55:34,051 [main] INFO  volume.HddsVolume (HddsVolume.java:<init>(176)) - Creating Volume: /workdir/hadoop-ozone/integration-test/target/test-dir/MiniOzoneClusterImpl-d3375502-699e-4143-a4c2-dc077696cbd1/datanode-3/data/containers/hdds of  storage type : DISK and capacity : 1482555576320
2019-10-18 13:55:34,051 [main] INFO  volume.VolumeSet (VolumeSet.java:initializeVolumeSet(170)) - Added Volume : /workdir/hadoop-ozone/integration-test/target/test-dir/MiniOzoneClusterImpl-d3375502-699e-4143-a4c2-dc077696cbd1/datanode-3/data/containers/hdds to VolumeSet
2019-10-18 13:55:34,051 [main] INFO  volume.ThrottledAsyncChecker (ThrottledAsyncChecker.java:schedule(141)) - Scheduling a check for org.apache.hadoop.ozone.container.common.volume.HddsVolume@5eabff6b
2019-10-18 13:55:34,052 [main] INFO  volume.HddsVolumeChecker (HddsVolumeChecker.java:checkAllVolumes(204)) - Scheduled health check for volume org.apache.hadoop.ozone.container.common.volume.HddsVolume@5eabff6b
2019-10-18 13:55:34,062 [main] INFO  impl.RaftServerProxy (ConfUtils.java:logGet(43)) - raft.rpc.type = GRPC (default)
2019-10-18 13:55:34,063 [main] INFO  grpc.GrpcFactory (GrpcFactory.java:checkPooledByteBufAllocatorUseCacheForAllThreads(45)) - PERFORMANCE WARNING: useCacheForAllThreads is true that may cause Netty to create a lot garbage objects and, as a result, trigger GC.
	It is recommended to disable useCacheForAllThreads by setting -Dorg.apache.ratis.thirdparty.io.netty.allocator.useCacheForAllThreads=false in command line.
2019-10-18 13:55:34,063 [main] INFO  grpc.GrpcConfigKeys$Server (ConfUtils.java:logGet(43)) - raft.grpc.server.port = 0 (default)
2019-10-18 13:55:34,063 [main] INFO  server.GrpcService (ConfUtils.java:logGet(43)) - raft.grpc.message.size.max = 33570816 (custom)
2019-10-18 13:55:34,063 [main] INFO  server.RaftServerConfigKeys (ConfUtils.java:logGet(43)) - raft.server.log.appender.buffer.byte-limit = 33554432 (custom)
2019-10-18 13:55:34,064 [main] INFO  server.GrpcService (ConfUtils.java:logGet(43)) - raft.grpc.flow.control.window = 1MB (=1048576) (default)
2019-10-18 13:55:34,064 [main] INFO  server.RaftServerConfigKeys (ConfUtils.java:logGet(43)) - raft.server.rpc.request.timeout = 3000ms (default)
2019-10-18 13:55:34,064 [main] INFO  server.RaftServerConfigKeys (ConfUtils.java:logGet(43)) - raft.server.storage.dir = [/workdir/hadoop-ozone/integration-test/target/test-dir/MiniOzoneClusterImpl-d3375502-699e-4143-a4c2-dc077696cbd1/datanode-3/data/ratis] (custom)
2019-10-18 13:55:34,066 [main] INFO  hdfs.DFSUtil (DFSUtil.java:httpServerTemplateForNNAndJN(1641)) - Starting Web-server for hddsDatanode at: http://0.0.0.0:0
2019-10-18 13:55:34,069 [main] INFO  server.AuthenticationFilter (AuthenticationFilter.java:constructSecretProvider(240)) - Unable to initialize FileSignerSecretProvider, falling back to use random secrets.
2019-10-18 13:55:34,069 [main] WARN  http.HttpRequestLog (HttpRequestLog.java:getRequestLog(97)) - Jetty request log can only be enabled using Log4j
2019-10-18 13:55:34,071 [main] INFO  http.HttpServer2 (HttpServer2.java:addGlobalFilter(975)) - Added global filter 'safety' (class=org.apache.hadoop.http.HttpServer2$QuotingInputFilter)
2019-10-18 13:55:34,072 [main] INFO  http.HttpServer2 (HttpServer2.java:addFilter(948)) - Added filter static_user_filter (class=org.apache.hadoop.http.lib.StaticUserWebFilter$StaticUserFilter) to context hddsDatanode
2019-10-18 13:55:34,072 [main] INFO  http.HttpServer2 (HttpServer2.java:addFilter(958)) - Added filter static_user_filter (class=org.apache.hadoop.http.lib.StaticUserWebFilter$StaticUserFilter) to context logs
2019-10-18 13:55:34,072 [main] INFO  http.HttpServer2 (HttpServer2.java:addFilter(958)) - Added filter static_user_filter (class=org.apache.hadoop.http.lib.StaticUserWebFilter$StaticUserFilter) to context static
2019-10-18 13:55:34,073 [main] INFO  http.HttpServer2 (HttpServer2.java:bindListener(1191)) - Jetty bound to port 46147
2019-10-18 13:55:34,074 [main] INFO  server.Server (Server.java:doStart(351)) - jetty-9.3.25.v20180904, build timestamp: 2018-09-04T21:11:46Z, git hash: 3ce520221d0240229c862b122d2b06c12a625732
2019-10-18 13:55:34,076 [main] INFO  handler.ContextHandler (ContextHandler.java:doStart(781)) - Started o.e.j.s.ServletContextHandler@1235151c{/logs,file:///workdir/hadoop-ozone/integration-test/target/log,AVAILABLE}
2019-10-18 13:55:34,076 [main] INFO  handler.ContextHandler (ContextHandler.java:doStart(781)) - Started o.e.j.s.ServletContextHandler@4cc65c2{/static,jar:file:/home/user/.m2/repository/org/apache/hadoop/hadoop-hdds-container-service/0.5.0-SNAPSHOT/hadoop-hdds-container-service-0.5.0-SNAPSHOT.jar!/webapps/static,AVAILABLE}
2019-10-18 13:55:34,103 [main] INFO  handler.ContextHandler (ContextHandler.java:doStart(781)) - Started o.e.j.w.WebAppContext@19c1820d{/,file:///tmp/jetty-0.0.0.0-46147-hddsDatanode-_-any-6916546198211873392.dir/webapp/,AVAILABLE}{/hddsDatanode}
2019-10-18 13:55:34,103 [main] INFO  server.AbstractConnector (AbstractConnector.java:doStart(278)) - Started ServerConnector@40709f9{HTTP/1.1,[http/1.1]}{0.0.0.0:46147}
2019-10-18 13:55:34,104 [main] INFO  server.Server (Server.java:doStart(419)) - Started @114027ms
2019-10-18 13:55:34,104 [main] WARN  impl.MetricsSystemImpl (MetricsSystemImpl.java:register(276)) - Sink prometheus already exists!
2019-10-18 13:55:34,105 [main] INFO  server.BaseHttpServer (BaseHttpServer.java:updateConnectorAddress(215)) - HTTP server of HDDSDATANODE is listening at http://0.0.0.0:46147
2019-10-18 13:55:34,106 [main] INFO  impl.MetricsSystemImpl (MetricsSystemImpl.java:init(158)) - HddsDatanode metrics system started (again)
2019-10-18 13:55:34,109 [org.apache.hadoop.util.JvmPauseMonitor$Monitor@74756d06] INFO  util.JvmPauseMonitor (JvmPauseMonitor.java:run(188)) - Starting JVM pause monitor
2019-10-18 13:55:34,109 [main] INFO  ozone.HddsDatanodeService (HddsDatanodeService.java:start(184)) - HddsDatanodeService host:pr-hdds-2281-wfpgn-3925442534 ip:192.168.157.239
2019-10-18 13:55:34,110 [Datanode State Machine Thread - 0] INFO  datanode.InitDatanodeState (InitDatanodeState.java:persistContainerDatanodeDetails(140)) - DatanodeDetails is persisted to /workdir/hadoop-ozone/integration-test/target/test-dir/MiniOzoneClusterImpl-d3375502-699e-4143-a4c2-dc077696cbd1/datanode-3/meta/datanode.id
2019-10-18 13:55:34,120 [main] INFO  volume.HddsVolume (HddsVolume.java:<init>(176)) - Creating Volume: /workdir/hadoop-ozone/integration-test/target/test-dir/MiniOzoneClusterImpl-d3375502-699e-4143-a4c2-dc077696cbd1/datanode-4/data/containers/hdds of  storage type : DISK and capacity : 1482555576320
2019-10-18 13:55:34,120 [main] INFO  volume.VolumeSet (VolumeSet.java:initializeVolumeSet(170)) - Added Volume : /workdir/hadoop-ozone/integration-test/target/test-dir/MiniOzoneClusterImpl-d3375502-699e-4143-a4c2-dc077696cbd1/datanode-4/data/containers/hdds to VolumeSet
2019-10-18 13:55:34,120 [main] INFO  volume.ThrottledAsyncChecker (ThrottledAsyncChecker.java:schedule(141)) - Scheduling a check for org.apache.hadoop.ozone.container.common.volume.HddsVolume@ec7b5de
2019-10-18 13:55:34,121 [main] INFO  volume.HddsVolumeChecker (HddsVolumeChecker.java:checkAllVolumes(204)) - Scheduled health check for volume org.apache.hadoop.ozone.container.common.volume.HddsVolume@ec7b5de
2019-10-18 13:55:34,132 [main] INFO  impl.RaftServerProxy (ConfUtils.java:logGet(43)) - raft.rpc.type = GRPC (default)
2019-10-18 13:55:34,132 [main] INFO  grpc.GrpcFactory (GrpcFactory.java:checkPooledByteBufAllocatorUseCacheForAllThreads(45)) - PERFORMANCE WARNING: useCacheForAllThreads is true that may cause Netty to create a lot garbage objects and, as a result, trigger GC.
	It is recommended to disable useCacheForAllThreads by setting -Dorg.apache.ratis.thirdparty.io.netty.allocator.useCacheForAllThreads=false in command line.
2019-10-18 13:55:34,132 [main] INFO  grpc.GrpcConfigKeys$Server (ConfUtils.java:logGet(43)) - raft.grpc.server.port = 0 (default)
2019-10-18 13:55:34,133 [main] INFO  server.GrpcService (ConfUtils.java:logGet(43)) - raft.grpc.message.size.max = 33570816 (custom)
2019-10-18 13:55:34,133 [main] INFO  server.RaftServerConfigKeys (ConfUtils.java:logGet(43)) - raft.server.log.appender.buffer.byte-limit = 33554432 (custom)
2019-10-18 13:55:34,133 [main] INFO  server.GrpcService (ConfUtils.java:logGet(43)) - raft.grpc.flow.control.window = 1MB (=1048576) (default)
2019-10-18 13:55:34,133 [main] INFO  server.RaftServerConfigKeys (ConfUtils.java:logGet(43)) - raft.server.rpc.request.timeout = 3000ms (default)
2019-10-18 13:55:34,134 [main] INFO  server.RaftServerConfigKeys (ConfUtils.java:logGet(43)) - raft.server.storage.dir = [/workdir/hadoop-ozone/integration-test/target/test-dir/MiniOzoneClusterImpl-d3375502-699e-4143-a4c2-dc077696cbd1/datanode-4/data/ratis] (custom)
2019-10-18 13:55:34,135 [main] INFO  hdfs.DFSUtil (DFSUtil.java:httpServerTemplateForNNAndJN(1641)) - Starting Web-server for hddsDatanode at: http://0.0.0.0:0
2019-10-18 13:55:34,136 [main] INFO  server.AuthenticationFilter (AuthenticationFilter.java:constructSecretProvider(240)) - Unable to initialize FileSignerSecretProvider, falling back to use random secrets.
2019-10-18 13:55:34,137 [main] WARN  http.HttpRequestLog (HttpRequestLog.java:getRequestLog(97)) - Jetty request log can only be enabled using Log4j
2019-10-18 13:55:34,138 [main] INFO  http.HttpServer2 (HttpServer2.java:addGlobalFilter(975)) - Added global filter 'safety' (class=org.apache.hadoop.http.HttpServer2$QuotingInputFilter)
2019-10-18 13:55:34,139 [main] INFO  http.HttpServer2 (HttpServer2.java:addFilter(948)) - Added filter static_user_filter (class=org.apache.hadoop.http.lib.StaticUserWebFilter$StaticUserFilter) to context hddsDatanode
2019-10-18 13:55:34,139 [main] INFO  http.HttpServer2 (HttpServer2.java:addFilter(958)) - Added filter static_user_filter (class=org.apache.hadoop.http.lib.StaticUserWebFilter$StaticUserFilter) to context static
2019-10-18 13:55:34,139 [main] INFO  http.HttpServer2 (HttpServer2.java:addFilter(958)) - Added filter static_user_filter (class=org.apache.hadoop.http.lib.StaticUserWebFilter$StaticUserFilter) to context logs
2019-10-18 13:55:34,140 [main] INFO  http.HttpServer2 (HttpServer2.java:bindListener(1191)) - Jetty bound to port 40700
2019-10-18 13:55:34,140 [main] INFO  server.Server (Server.java:doStart(351)) - jetty-9.3.25.v20180904, build timestamp: 2018-09-04T21:11:46Z, git hash: 3ce520221d0240229c862b122d2b06c12a625732
2019-10-18 13:55:34,142 [main] INFO  handler.ContextHandler (ContextHandler.java:doStart(781)) - Started o.e.j.s.ServletContextHandler@16a5c7e4{/logs,file:///workdir/hadoop-ozone/integration-test/target/log,AVAILABLE}
2019-10-18 13:55:34,142 [main] INFO  handler.ContextHandler (ContextHandler.java:doStart(781)) - Started o.e.j.s.ServletContextHandler@8aeab9e{/static,jar:file:/home/user/.m2/repository/org/apache/hadoop/hadoop-hdds-container-service/0.5.0-SNAPSHOT/hadoop-hdds-container-service-0.5.0-SNAPSHOT.jar!/webapps/static,AVAILABLE}
2019-10-18 13:55:34,169 [main] INFO  handler.ContextHandler (ContextHandler.java:doStart(781)) - Started o.e.j.w.WebAppContext@5a90265a{/,file:///tmp/jetty-0.0.0.0-40700-hddsDatanode-_-any-7379742326960555441.dir/webapp/,AVAILABLE}{/hddsDatanode}
2019-10-18 13:55:34,170 [main] INFO  server.AbstractConnector (AbstractConnector.java:doStart(278)) - Started ServerConnector@6a32191e{HTTP/1.1,[http/1.1]}{0.0.0.0:40700}
2019-10-18 13:55:34,171 [main] INFO  server.Server (Server.java:doStart(419)) - Started @114093ms
2019-10-18 13:55:34,171 [main] WARN  impl.MetricsSystemImpl (MetricsSystemImpl.java:register(276)) - Sink prometheus already exists!
2019-10-18 13:55:34,172 [main] INFO  server.BaseHttpServer (BaseHttpServer.java:updateConnectorAddress(215)) - HTTP server of HDDSDATANODE is listening at http://0.0.0.0:40700
2019-10-18 13:55:34,172 [main] INFO  impl.MetricsSystemImpl (MetricsSystemImpl.java:init(158)) - HddsDatanode metrics system started (again)
2019-10-18 13:55:34,175 [org.apache.hadoop.util.JvmPauseMonitor$Monitor@24615a57] INFO  util.JvmPauseMonitor (JvmPauseMonitor.java:run(188)) - Starting JVM pause monitor
2019-10-18 13:55:34,176 [main] INFO  ozone.HddsDatanodeService (HddsDatanodeService.java:start(184)) - HddsDatanodeService host:pr-hdds-2281-wfpgn-3925442534 ip:192.168.157.239
2019-10-18 13:55:34,177 [Datanode State Machine Thread - 0] INFO  datanode.InitDatanodeState (InitDatanodeState.java:persistContainerDatanodeDetails(140)) - DatanodeDetails is persisted to /workdir/hadoop-ozone/integration-test/target/test-dir/MiniOzoneClusterImpl-d3375502-699e-4143-a4c2-dc077696cbd1/datanode-4/meta/datanode.id
2019-10-18 13:55:34,181 [main] INFO  volume.HddsVolume (HddsVolume.java:<init>(176)) - Creating Volume: /workdir/hadoop-ozone/integration-test/target/test-dir/MiniOzoneClusterImpl-d3375502-699e-4143-a4c2-dc077696cbd1/datanode-5/data/containers/hdds of  storage type : DISK and capacity : 1482555576320
2019-10-18 13:55:34,181 [main] INFO  volume.VolumeSet (VolumeSet.java:initializeVolumeSet(170)) - Added Volume : /workdir/hadoop-ozone/integration-test/target/test-dir/MiniOzoneClusterImpl-d3375502-699e-4143-a4c2-dc077696cbd1/datanode-5/data/containers/hdds to VolumeSet
2019-10-18 13:55:34,182 [main] INFO  volume.ThrottledAsyncChecker (ThrottledAsyncChecker.java:schedule(141)) - Scheduling a check for org.apache.hadoop.ozone.container.common.volume.HddsVolume@72543547
2019-10-18 13:55:34,182 [main] INFO  volume.HddsVolumeChecker (HddsVolumeChecker.java:checkAllVolumes(204)) - Scheduled health check for volume org.apache.hadoop.ozone.container.common.volume.HddsVolume@72543547
2019-10-18 13:55:34,193 [main] INFO  impl.RaftServerProxy (ConfUtils.java:logGet(43)) - raft.rpc.type = GRPC (default)
2019-10-18 13:55:34,194 [main] INFO  grpc.GrpcFactory (GrpcFactory.java:checkPooledByteBufAllocatorUseCacheForAllThreads(45)) - PERFORMANCE WARNING: useCacheForAllThreads is true that may cause Netty to create a lot garbage objects and, as a result, trigger GC.
	It is recommended to disable useCacheForAllThreads by setting -Dorg.apache.ratis.thirdparty.io.netty.allocator.useCacheForAllThreads=false in command line.
2019-10-18 13:55:34,194 [main] INFO  grpc.GrpcConfigKeys$Server (ConfUtils.java:logGet(43)) - raft.grpc.server.port = 0 (default)
2019-10-18 13:55:34,194 [main] INFO  server.GrpcService (ConfUtils.java:logGet(43)) - raft.grpc.message.size.max = 33570816 (custom)
2019-10-18 13:55:34,194 [main] INFO  server.RaftServerConfigKeys (ConfUtils.java:logGet(43)) - raft.server.log.appender.buffer.byte-limit = 33554432 (custom)
2019-10-18 13:55:34,194 [main] INFO  server.GrpcService (ConfUtils.java:logGet(43)) - raft.grpc.flow.control.window = 1MB (=1048576) (default)
2019-10-18 13:55:34,194 [main] INFO  server.RaftServerConfigKeys (ConfUtils.java:logGet(43)) - raft.server.rpc.request.timeout = 3000ms (default)
2019-10-18 13:55:34,195 [main] INFO  server.RaftServerConfigKeys (ConfUtils.java:logGet(43)) - raft.server.storage.dir = [/workdir/hadoop-ozone/integration-test/target/test-dir/MiniOzoneClusterImpl-d3375502-699e-4143-a4c2-dc077696cbd1/datanode-5/data/ratis] (custom)
2019-10-18 13:55:34,196 [main] INFO  hdfs.DFSUtil (DFSUtil.java:httpServerTemplateForNNAndJN(1641)) - Starting Web-server for hddsDatanode at: http://0.0.0.0:0
2019-10-18 13:55:34,197 [main] INFO  server.AuthenticationFilter (AuthenticationFilter.java:constructSecretProvider(240)) - Unable to initialize FileSignerSecretProvider, falling back to use random secrets.
2019-10-18 13:55:34,198 [main] WARN  http.HttpRequestLog (HttpRequestLog.java:getRequestLog(97)) - Jetty request log can only be enabled using Log4j
2019-10-18 13:55:34,199 [main] INFO  http.HttpServer2 (HttpServer2.java:addGlobalFilter(975)) - Added global filter 'safety' (class=org.apache.hadoop.http.HttpServer2$QuotingInputFilter)
2019-10-18 13:55:34,199 [main] INFO  http.HttpServer2 (HttpServer2.java:addFilter(948)) - Added filter static_user_filter (class=org.apache.hadoop.http.lib.StaticUserWebFilter$StaticUserFilter) to context hddsDatanode
2019-10-18 13:55:34,199 [main] INFO  http.HttpServer2 (HttpServer2.java:addFilter(958)) - Added filter static_user_filter (class=org.apache.hadoop.http.lib.StaticUserWebFilter$StaticUserFilter) to context static
2019-10-18 13:55:34,199 [main] INFO  http.HttpServer2 (HttpServer2.java:addFilter(958)) - Added filter static_user_filter (class=org.apache.hadoop.http.lib.StaticUserWebFilter$StaticUserFilter) to context logs
2019-10-18 13:55:34,200 [main] INFO  http.HttpServer2 (HttpServer2.java:bindListener(1191)) - Jetty bound to port 35166
2019-10-18 13:55:34,200 [main] INFO  server.Server (Server.java:doStart(351)) - jetty-9.3.25.v20180904, build timestamp: 2018-09-04T21:11:46Z, git hash: 3ce520221d0240229c862b122d2b06c12a625732
2019-10-18 13:55:34,202 [main] INFO  handler.ContextHandler (ContextHandler.java:doStart(781)) - Started o.e.j.s.ServletContextHandler@e29f4f6{/logs,file:///workdir/hadoop-ozone/integration-test/target/log,AVAILABLE}
2019-10-18 13:55:34,202 [main] INFO  handler.ContextHandler (ContextHandler.java:doStart(781)) - Started o.e.j.s.ServletContextHandler@1a538ed8{/static,jar:file:/home/user/.m2/repository/org/apache/hadoop/hadoop-hdds-container-service/0.5.0-SNAPSHOT/hadoop-hdds-container-service-0.5.0-SNAPSHOT.jar!/webapps/static,AVAILABLE}
2019-10-18 13:55:34,234 [main] INFO  handler.ContextHandler (ContextHandler.java:doStart(781)) - Started o.e.j.w.WebAppContext@67fa5045{/,file:///tmp/jetty-0.0.0.0-35166-hddsDatanode-_-any-3474342318723648768.dir/webapp/,AVAILABLE}{/hddsDatanode}
2019-10-18 13:55:34,234 [main] INFO  server.AbstractConnector (AbstractConnector.java:doStart(278)) - Started ServerConnector@6f347d7{HTTP/1.1,[http/1.1]}{0.0.0.0:35166}
2019-10-18 13:55:34,236 [main] INFO  server.Server (Server.java:doStart(419)) - Started @114159ms
2019-10-18 13:55:34,236 [main] WARN  impl.MetricsSystemImpl (MetricsSystemImpl.java:register(276)) - Sink prometheus already exists!
2019-10-18 13:55:34,237 [main] INFO  server.BaseHttpServer (BaseHttpServer.java:updateConnectorAddress(215)) - HTTP server of HDDSDATANODE is listening at http://0.0.0.0:35166
2019-10-18 13:55:34,237 [main] INFO  impl.MetricsSystemImpl (MetricsSystemImpl.java:init(158)) - HddsDatanode metrics system started (again)
2019-10-18 13:55:34,241 [org.apache.hadoop.util.JvmPauseMonitor$Monitor@af4ab97] INFO  util.JvmPauseMonitor (JvmPauseMonitor.java:run(188)) - Starting JVM pause monitor
2019-10-18 13:55:34,242 [main] INFO  ozone.HddsDatanodeService (HddsDatanodeService.java:start(184)) - HddsDatanodeService host:pr-hdds-2281-wfpgn-3925442534 ip:192.168.157.239
2019-10-18 13:55:34,243 [Datanode State Machine Thread - 0] INFO  datanode.InitDatanodeState (InitDatanodeState.java:persistContainerDatanodeDetails(140)) - DatanodeDetails is persisted to /workdir/hadoop-ozone/integration-test/target/test-dir/MiniOzoneClusterImpl-d3375502-699e-4143-a4c2-dc077696cbd1/datanode-5/meta/datanode.id
2019-10-18 13:55:34,248 [main] INFO  volume.HddsVolume (HddsVolume.java:<init>(176)) - Creating Volume: /workdir/hadoop-ozone/integration-test/target/test-dir/MiniOzoneClusterImpl-d3375502-699e-4143-a4c2-dc077696cbd1/datanode-6/data/containers/hdds of  storage type : DISK and capacity : 1482555576320
2019-10-18 13:55:34,248 [main] INFO  volume.VolumeSet (VolumeSet.java:initializeVolumeSet(170)) - Added Volume : /workdir/hadoop-ozone/integration-test/target/test-dir/MiniOzoneClusterImpl-d3375502-699e-4143-a4c2-dc077696cbd1/datanode-6/data/containers/hdds to VolumeSet
2019-10-18 13:55:34,248 [main] INFO  volume.ThrottledAsyncChecker (ThrottledAsyncChecker.java:schedule(141)) - Scheduling a check for org.apache.hadoop.ozone.container.common.volume.HddsVolume@7741771e
2019-10-18 13:55:34,249 [main] INFO  volume.HddsVolumeChecker (HddsVolumeChecker.java:checkAllVolumes(204)) - Scheduled health check for volume org.apache.hadoop.ozone.container.common.volume.HddsVolume@7741771e
2019-10-18 13:55:34,263 [main] INFO  impl.RaftServerProxy (ConfUtils.java:logGet(43)) - raft.rpc.type = GRPC (default)
2019-10-18 13:55:34,263 [main] INFO  grpc.GrpcFactory (GrpcFactory.java:checkPooledByteBufAllocatorUseCacheForAllThreads(45)) - PERFORMANCE WARNING: useCacheForAllThreads is true that may cause Netty to create a lot garbage objects and, as a result, trigger GC.
	It is recommended to disable useCacheForAllThreads by setting -Dorg.apache.ratis.thirdparty.io.netty.allocator.useCacheForAllThreads=false in command line.
2019-10-18 13:55:34,263 [main] INFO  grpc.GrpcConfigKeys$Server (ConfUtils.java:logGet(43)) - raft.grpc.server.port = 0 (default)
2019-10-18 13:55:34,263 [main] INFO  server.GrpcService (ConfUtils.java:logGet(43)) - raft.grpc.message.size.max = 33570816 (custom)
2019-10-18 13:55:34,264 [main] INFO  server.RaftServerConfigKeys (ConfUtils.java:logGet(43)) - raft.server.log.appender.buffer.byte-limit = 33554432 (custom)
2019-10-18 13:55:34,264 [main] INFO  server.GrpcService (ConfUtils.java:logGet(43)) - raft.grpc.flow.control.window = 1MB (=1048576) (default)
2019-10-18 13:55:34,264 [main] INFO  server.RaftServerConfigKeys (ConfUtils.java:logGet(43)) - raft.server.rpc.request.timeout = 3000ms (default)
2019-10-18 13:55:34,265 [main] INFO  server.RaftServerConfigKeys (ConfUtils.java:logGet(43)) - raft.server.storage.dir = [/workdir/hadoop-ozone/integration-test/target/test-dir/MiniOzoneClusterImpl-d3375502-699e-4143-a4c2-dc077696cbd1/datanode-6/data/ratis] (custom)
2019-10-18 13:55:34,266 [main] INFO  hdfs.DFSUtil (DFSUtil.java:httpServerTemplateForNNAndJN(1641)) - Starting Web-server for hddsDatanode at: http://0.0.0.0:0
2019-10-18 13:55:34,268 [main] INFO  server.AuthenticationFilter (AuthenticationFilter.java:constructSecretProvider(240)) - Unable to initialize FileSignerSecretProvider, falling back to use random secrets.
2019-10-18 13:55:34,268 [main] WARN  http.HttpRequestLog (HttpRequestLog.java:getRequestLog(97)) - Jetty request log can only be enabled using Log4j
2019-10-18 13:55:34,270 [main] INFO  http.HttpServer2 (HttpServer2.java:addGlobalFilter(975)) - Added global filter 'safety' (class=org.apache.hadoop.http.HttpServer2$QuotingInputFilter)
2019-10-18 13:55:34,270 [main] INFO  http.HttpServer2 (HttpServer2.java:addFilter(948)) - Added filter static_user_filter (class=org.apache.hadoop.http.lib.StaticUserWebFilter$StaticUserFilter) to context hddsDatanode
2019-10-18 13:55:34,270 [main] INFO  http.HttpServer2 (HttpServer2.java:addFilter(958)) - Added filter static_user_filter (class=org.apache.hadoop.http.lib.StaticUserWebFilter$StaticUserFilter) to context logs
2019-10-18 13:55:34,271 [main] INFO  http.HttpServer2 (HttpServer2.java:addFilter(958)) - Added filter static_user_filter (class=org.apache.hadoop.http.lib.StaticUserWebFilter$StaticUserFilter) to context static
2019-10-18 13:55:34,271 [main] INFO  http.HttpServer2 (HttpServer2.java:bindListener(1191)) - Jetty bound to port 36712
2019-10-18 13:55:34,272 [main] INFO  server.Server (Server.java:doStart(351)) - jetty-9.3.25.v20180904, build timestamp: 2018-09-04T21:11:46Z, git hash: 3ce520221d0240229c862b122d2b06c12a625732
2019-10-18 13:55:34,280 [main] INFO  handler.ContextHandler (ContextHandler.java:doStart(781)) - Started o.e.j.s.ServletContextHandler@4dfe8b37{/logs,file:///workdir/hadoop-ozone/integration-test/target/log,AVAILABLE}
2019-10-18 13:55:34,281 [main] INFO  handler.ContextHandler (ContextHandler.java:doStart(781)) - Started o.e.j.s.ServletContextHandler@d13baac{/static,jar:file:/home/user/.m2/repository/org/apache/hadoop/hadoop-hdds-container-service/0.5.0-SNAPSHOT/hadoop-hdds-container-service-0.5.0-SNAPSHOT.jar!/webapps/static,AVAILABLE}
2019-10-18 13:55:34,316 [main] INFO  handler.ContextHandler (ContextHandler.java:doStart(781)) - Started o.e.j.w.WebAppContext@24043ec5{/,file:///tmp/jetty-0.0.0.0-36712-hddsDatanode-_-any-8458532649061793000.dir/webapp/,AVAILABLE}{/hddsDatanode}
2019-10-18 13:55:34,320 [main] INFO  server.AbstractConnector (AbstractConnector.java:doStart(278)) - Started ServerConnector@59a67352{HTTP/1.1,[http/1.1]}{0.0.0.0:36712}
2019-10-18 13:55:34,321 [main] INFO  server.Server (Server.java:doStart(419)) - Started @114243ms
2019-10-18 13:55:34,321 [main] WARN  impl.MetricsSystemImpl (MetricsSystemImpl.java:register(276)) - Sink prometheus already exists!
2019-10-18 13:55:34,322 [main] INFO  server.BaseHttpServer (BaseHttpServer.java:updateConnectorAddress(215)) - HTTP server of HDDSDATANODE is listening at http://0.0.0.0:36712
2019-10-18 13:55:34,322 [main] INFO  ozone.MiniOzoneClusterImpl (MiniOzoneClusterImpl.java:lambda$waitForClusterToBeReady$0(147)) - Waiting for cluster to be ready. Got 0 of 7 DN Heartbeats.
2019-10-18 13:55:34,323 [org.apache.hadoop.util.JvmPauseMonitor$Monitor@2724f076] INFO  util.JvmPauseMonitor (JvmPauseMonitor.java:run(188)) - Starting JVM pause monitor
2019-10-18 13:55:34,325 [Datanode State Machine Thread - 0] INFO  datanode.InitDatanodeState (InitDatanodeState.java:persistContainerDatanodeDetails(140)) - DatanodeDetails is persisted to /workdir/hadoop-ozone/integration-test/target/test-dir/MiniOzoneClusterImpl-d3375502-699e-4143-a4c2-dc077696cbd1/datanode-6/meta/datanode.id
2019-10-18 13:55:35,323 [main] INFO  ozone.MiniOzoneClusterImpl (MiniOzoneClusterImpl.java:lambda$waitForClusterToBeReady$0(147)) - Waiting for cluster to be ready. Got 0 of 7 DN Heartbeats.
2019-10-18 13:55:35,928 [Datanode State Machine Thread - 0] INFO  ozoneimpl.OzoneContainer (OzoneContainer.java:start(213)) - Attempting to start container services.
2019-10-18 13:55:35,929 [Datanode State Machine Thread - 0] INFO  ozoneimpl.OzoneContainer (OzoneContainer.java:startContainerScrub(177)) - Background container scanner has been disabled.
2019-10-18 13:55:35,929 [Datanode State Machine Thread - 0] INFO  ratis.XceiverServerRatis (XceiverServerRatis.java:start(418)) - Starting XceiverServerRatis 8a1104a3-2cf3-46fb-8cbd-4f593888249e at port 0
2019-10-18 13:55:35,935 [Datanode State Machine Thread - 0] INFO  impl.RaftServerProxy (RaftServerProxy.java:lambda$start$3(299)) - 8a1104a3-2cf3-46fb-8cbd-4f593888249e: start RPC server
2019-10-18 13:55:35,936 [Datanode State Machine Thread - 0] INFO  server.GrpcService (GrpcService.java:startImpl(158)) - 8a1104a3-2cf3-46fb-8cbd-4f593888249e: GrpcService started, listening on 0.0.0.0/0.0.0.0:43713
2019-10-18 13:55:35,936 [Datanode State Machine Thread - 0] INFO  ratis.XceiverServerRatis (XceiverServerRatis.java:start(428)) - XceiverServerRatis 8a1104a3-2cf3-46fb-8cbd-4f593888249e is started using port 43713
2019-10-18 13:55:35,936 [Datanode State Machine Thread - 0] INFO  server.XceiverServerGrpc (XceiverServerGrpc.java:start(149)) - XceiverServerGrpc 8a1104a3-2cf3-46fb-8cbd-4f593888249e is started using port 44159
2019-10-18 13:55:35,992 [Datanode State Machine Thread - 0] INFO  ozoneimpl.OzoneContainer (OzoneContainer.java:start(213)) - Attempting to start container services.
2019-10-18 13:55:35,993 [Datanode State Machine Thread - 0] INFO  ozoneimpl.OzoneContainer (OzoneContainer.java:startContainerScrub(177)) - Background container scanner has been disabled.
2019-10-18 13:55:35,993 [Datanode State Machine Thread - 0] INFO  ratis.XceiverServerRatis (XceiverServerRatis.java:start(418)) - Starting XceiverServerRatis deffcaa8-bc06-42ed-9a5f-b537132fe3e6 at port 0
2019-10-18 13:55:35,998 [Datanode State Machine Thread - 0] INFO  impl.RaftServerProxy (RaftServerProxy.java:lambda$start$3(299)) - deffcaa8-bc06-42ed-9a5f-b537132fe3e6: start RPC server
2019-10-18 13:55:35,999 [Datanode State Machine Thread - 0] INFO  server.GrpcService (GrpcService.java:startImpl(158)) - deffcaa8-bc06-42ed-9a5f-b537132fe3e6: GrpcService started, listening on 0.0.0.0/0.0.0.0:37128
2019-10-18 13:55:35,999 [Datanode State Machine Thread - 0] INFO  ratis.XceiverServerRatis (XceiverServerRatis.java:start(428)) - XceiverServerRatis deffcaa8-bc06-42ed-9a5f-b537132fe3e6 is started using port 37128
2019-10-18 13:55:35,999 [Datanode State Machine Thread - 0] INFO  server.XceiverServerGrpc (XceiverServerGrpc.java:start(149)) - XceiverServerGrpc deffcaa8-bc06-42ed-9a5f-b537132fe3e6 is started using port 39884
2019-10-18 13:55:36,056 [Datanode State Machine Thread - 0] INFO  ozoneimpl.OzoneContainer (OzoneContainer.java:start(213)) - Attempting to start container services.
2019-10-18 13:55:36,056 [Datanode State Machine Thread - 0] INFO  ozoneimpl.OzoneContainer (OzoneContainer.java:startContainerScrub(177)) - Background container scanner has been disabled.
2019-10-18 13:55:36,056 [Datanode State Machine Thread - 0] INFO  ratis.XceiverServerRatis (XceiverServerRatis.java:start(418)) - Starting XceiverServerRatis ab55c7e8-b512-415e-a666-846e2c6a6faf at port 0
2019-10-18 13:55:36,060 [Datanode State Machine Thread - 0] INFO  impl.RaftServerProxy (RaftServerProxy.java:lambda$start$3(299)) - ab55c7e8-b512-415e-a666-846e2c6a6faf: start RPC server
2019-10-18 13:55:36,061 [Datanode State Machine Thread - 0] INFO  server.GrpcService (GrpcService.java:startImpl(158)) - ab55c7e8-b512-415e-a666-846e2c6a6faf: GrpcService started, listening on 0.0.0.0/0.0.0.0:44386
2019-10-18 13:55:36,061 [Datanode State Machine Thread - 0] INFO  ratis.XceiverServerRatis (XceiverServerRatis.java:start(428)) - XceiverServerRatis ab55c7e8-b512-415e-a666-846e2c6a6faf is started using port 44386
2019-10-18 13:55:36,061 [Datanode State Machine Thread - 0] INFO  server.XceiverServerGrpc (XceiverServerGrpc.java:start(149)) - XceiverServerGrpc ab55c7e8-b512-415e-a666-846e2c6a6faf is started using port 45416
2019-10-18 13:55:36,124 [Datanode State Machine Thread - 0] INFO  ozoneimpl.OzoneContainer (OzoneContainer.java:start(213)) - Attempting to start container services.
2019-10-18 13:55:36,124 [Datanode State Machine Thread - 0] INFO  ozoneimpl.OzoneContainer (OzoneContainer.java:startContainerScrub(177)) - Background container scanner has been disabled.
2019-10-18 13:55:36,124 [Datanode State Machine Thread - 0] INFO  ratis.XceiverServerRatis (XceiverServerRatis.java:start(418)) - Starting XceiverServerRatis 20bc0158-09c7-4e30-9f85-c6c328e1c2c3 at port 0
2019-10-18 13:55:36,129 [Datanode State Machine Thread - 0] INFO  impl.RaftServerProxy (RaftServerProxy.java:lambda$start$3(299)) - 20bc0158-09c7-4e30-9f85-c6c328e1c2c3: start RPC server
2019-10-18 13:55:36,130 [Datanode State Machine Thread - 0] INFO  server.GrpcService (GrpcService.java:startImpl(158)) - 20bc0158-09c7-4e30-9f85-c6c328e1c2c3: GrpcService started, listening on 0.0.0.0/0.0.0.0:34466
2019-10-18 13:55:36,130 [Datanode State Machine Thread - 0] INFO  ratis.XceiverServerRatis (XceiverServerRatis.java:start(428)) - XceiverServerRatis 20bc0158-09c7-4e30-9f85-c6c328e1c2c3 is started using port 34466
2019-10-18 13:55:36,130 [Datanode State Machine Thread - 0] INFO  server.XceiverServerGrpc (XceiverServerGrpc.java:start(149)) - XceiverServerGrpc 20bc0158-09c7-4e30-9f85-c6c328e1c2c3 is started using port 34886
2019-10-18 13:55:36,189 [Datanode State Machine Thread - 0] INFO  ozoneimpl.OzoneContainer (OzoneContainer.java:start(213)) - Attempting to start container services.
2019-10-18 13:55:36,190 [Datanode State Machine Thread - 0] INFO  ozoneimpl.OzoneContainer (OzoneContainer.java:startContainerScrub(177)) - Background container scanner has been disabled.
2019-10-18 13:55:36,190 [Datanode State Machine Thread - 0] INFO  ratis.XceiverServerRatis (XceiverServerRatis.java:start(418)) - Starting XceiverServerRatis 2c4ede3d-8481-4ebf-ad31-449fc9bb313e at port 0
2019-10-18 13:55:36,194 [Datanode State Machine Thread - 0] INFO  impl.RaftServerProxy (RaftServerProxy.java:lambda$start$3(299)) - 2c4ede3d-8481-4ebf-ad31-449fc9bb313e: start RPC server
2019-10-18 13:55:36,195 [Datanode State Machine Thread - 0] INFO  server.GrpcService (GrpcService.java:startImpl(158)) - 2c4ede3d-8481-4ebf-ad31-449fc9bb313e: GrpcService started, listening on 0.0.0.0/0.0.0.0:46355
2019-10-18 13:55:36,195 [Datanode State Machine Thread - 0] INFO  ratis.XceiverServerRatis (XceiverServerRatis.java:start(428)) - XceiverServerRatis 2c4ede3d-8481-4ebf-ad31-449fc9bb313e is started using port 46355
2019-10-18 13:55:36,195 [Datanode State Machine Thread - 0] INFO  server.XceiverServerGrpc (XceiverServerGrpc.java:start(149)) - XceiverServerGrpc 2c4ede3d-8481-4ebf-ad31-449fc9bb313e is started using port 37575
2019-10-18 13:55:36,267 [Datanode State Machine Thread - 0] INFO  ozoneimpl.OzoneContainer (OzoneContainer.java:start(213)) - Attempting to start container services.
2019-10-18 13:55:36,267 [Datanode State Machine Thread - 0] INFO  ozoneimpl.OzoneContainer (OzoneContainer.java:startContainerScrub(177)) - Background container scanner has been disabled.
2019-10-18 13:55:36,267 [Datanode State Machine Thread - 0] INFO  ratis.XceiverServerRatis (XceiverServerRatis.java:start(418)) - Starting XceiverServerRatis d1508a19-715e-4b85-a912-9e7e82cb6f46 at port 0
2019-10-18 13:55:36,272 [Datanode State Machine Thread - 0] INFO  impl.RaftServerProxy (RaftServerProxy.java:lambda$start$3(299)) - d1508a19-715e-4b85-a912-9e7e82cb6f46: start RPC server
2019-10-18 13:55:36,272 [Datanode State Machine Thread - 0] INFO  server.GrpcService (GrpcService.java:startImpl(158)) - d1508a19-715e-4b85-a912-9e7e82cb6f46: GrpcService started, listening on 0.0.0.0/0.0.0.0:38216
2019-10-18 13:55:36,272 [Datanode State Machine Thread - 0] INFO  ratis.XceiverServerRatis (XceiverServerRatis.java:start(428)) - XceiverServerRatis d1508a19-715e-4b85-a912-9e7e82cb6f46 is started using port 38216
2019-10-18 13:55:36,273 [Datanode State Machine Thread - 0] INFO  server.XceiverServerGrpc (XceiverServerGrpc.java:start(149)) - XceiverServerGrpc d1508a19-715e-4b85-a912-9e7e82cb6f46 is started using port 46038
2019-10-18 13:55:36,323 [main] INFO  ozone.MiniOzoneClusterImpl (MiniOzoneClusterImpl.java:lambda$waitForClusterToBeReady$0(147)) - Waiting for cluster to be ready. Got 0 of 7 DN Heartbeats.
2019-10-18 13:55:36,338 [Datanode State Machine Thread - 0] INFO  ozoneimpl.OzoneContainer (OzoneContainer.java:start(213)) - Attempting to start container services.
2019-10-18 13:55:36,338 [Datanode State Machine Thread - 0] INFO  ozoneimpl.OzoneContainer (OzoneContainer.java:startContainerScrub(177)) - Background container scanner has been disabled.
2019-10-18 13:55:36,338 [Datanode State Machine Thread - 0] INFO  ratis.XceiverServerRatis (XceiverServerRatis.java:start(418)) - Starting XceiverServerRatis 119aa2bc-d14e-47ea-9e7f-8e58165706a3 at port 0
2019-10-18 13:55:36,344 [Datanode State Machine Thread - 0] INFO  impl.RaftServerProxy (RaftServerProxy.java:lambda$start$3(299)) - 119aa2bc-d14e-47ea-9e7f-8e58165706a3: start RPC server
2019-10-18 13:55:36,346 [Datanode State Machine Thread - 0] INFO  server.GrpcService (GrpcService.java:startImpl(158)) - 119aa2bc-d14e-47ea-9e7f-8e58165706a3: GrpcService started, listening on 0.0.0.0/0.0.0.0:37039
2019-10-18 13:55:36,346 [Datanode State Machine Thread - 0] INFO  ratis.XceiverServerRatis (XceiverServerRatis.java:start(428)) - XceiverServerRatis 119aa2bc-d14e-47ea-9e7f-8e58165706a3 is started using port 37039
2019-10-18 13:55:36,347 [Datanode State Machine Thread - 0] INFO  server.XceiverServerGrpc (XceiverServerGrpc.java:start(149)) - XceiverServerGrpc 119aa2bc-d14e-47ea-9e7f-8e58165706a3 is started using port 39760
2019-10-18 13:55:37,324 [main] INFO  ozone.MiniOzoneClusterImpl (MiniOzoneClusterImpl.java:lambda$waitForClusterToBeReady$0(147)) - Waiting for cluster to be ready. Got 0 of 7 DN Heartbeats.
2019-10-18 13:55:37,912 [IPC Server handler 2 on 41704] INFO  net.NetworkTopology (NetworkTopologyImpl.java:add(111)) - Added a new node: /default-rack/8a1104a3-2cf3-46fb-8cbd-4f593888249e
2019-10-18 13:55:37,914 [IPC Server handler 2 on 41704] INFO  node.SCMNodeManager (SCMNodeManager.java:register(268)) - Registered Data node : 8a1104a3-2cf3-46fb-8cbd-4f593888249e{ip: 192.168.157.239, host: pr-hdds-2281-wfpgn-3925442534, networkLocation: /default-rack, certSerialId: null}
2019-10-18 13:55:37,915 [EventQueue-NodeRegistrationContainerReportForDataNodeSafeModeRule] INFO  safemode.SCMSafeModeManager (DataNodeSafeModeRule.java:process(71)) - SCM in safe mode. 1 DataNodes registered, 1 required.
2019-10-18 13:55:37,916 [EventQueue-NodeRegistrationContainerReportForDataNodeSafeModeRule] INFO  safemode.SCMSafeModeManager (SCMSafeModeManager.java:validateSafeModeExitRules(177)) - ScmSafeModeManager, all rules are successfully validated
2019-10-18 13:55:37,917 [EventQueue-NodeRegistrationContainerReportForDataNodeSafeModeRule] INFO  safemode.SCMSafeModeManager (SCMSafeModeManager.java:exitSafeMode(193)) - SCM exiting safe mode.
2019-10-18 13:55:37,924 [grpc-default-executor-11] INFO  impl.RaftServerProxy (RaftServerProxy.java:addNew(89)) - 8a1104a3-2cf3-46fb-8cbd-4f593888249e: addNew group-593350543DFC:[8a1104a3-2cf3-46fb-8cbd-4f593888249e:192.168.157.239:43713] returns group-593350543DFC:java.util.concurrent.CompletableFuture@38a30be[Not completed]
2019-10-18 13:55:37,926 [pool-207-thread-1] INFO  impl.RaftServerImpl (RaftServerImpl.java:<init>(95)) - 8a1104a3-2cf3-46fb-8cbd-4f593888249e: new RaftServerImpl for group-593350543DFC:[8a1104a3-2cf3-46fb-8cbd-4f593888249e:192.168.157.239:43713] with ContainerStateMachine:uninitialized
2019-10-18 13:55:37,926 [pool-207-thread-1] INFO  server.RaftServerConfigKeys (ConfUtils.java:logGet(43)) - raft.server.rpc.timeout.min = 5s (custom)
2019-10-18 13:55:37,927 [pool-207-thread-1] INFO  server.RaftServerConfigKeys (ConfUtils.java:logGet(43)) - raft.server.rpc.timeout.max = 5200ms (custom)
2019-10-18 13:55:37,927 [pool-207-thread-1] INFO  server.RaftServerConfigKeys (ConfUtils.java:logGet(43)) - raft.server.rpcslowness.timeout = 120s (custom)
2019-10-18 13:55:37,927 [pool-207-thread-1] INFO  server.RaftServerConfigKeys (ConfUtils.java:logGet(43)) - raft.server.sleep.deviation.threshold = 300 (default)
2019-10-18 13:55:37,927 [pool-207-thread-1] INFO  server.RaftServerConfigKeys (ConfUtils.java:logGet(43)) - raft.server.log.appender.install.snapshot.enabled = false (custom)
2019-10-18 13:55:37,927 [pool-207-thread-1] INFO  impl.RaftServerImpl (ServerState.java:<init>(103)) - 8a1104a3-2cf3-46fb-8cbd-4f593888249e@group-593350543DFC: ConfigurationManager, init=-1: [8a1104a3-2cf3-46fb-8cbd-4f593888249e:192.168.157.239:43713], old=null, confs=<EMPTY_MAP>
2019-10-18 13:55:37,927 [pool-207-thread-1] INFO  server.RaftServerConfigKeys (ConfUtils.java:logGet(43)) - raft.server.storage.dir = [/workdir/hadoop-ozone/integration-test/target/test-dir/MiniOzoneClusterImpl-d3375502-699e-4143-a4c2-dc077696cbd1/datanode-0/data/ratis] (custom)
2019-10-18 13:55:37,928 [pool-207-thread-1] INFO  server.RaftServerConfigKeys (ConfUtils.java:logGet(43)) - raft.server.log.corruption.policy = EXCEPTION (default)
2019-10-18 13:55:37,928 [pool-207-thread-1] INFO  storage.RaftStorageDirectory (RaftStorageDirectory.java:analyzeStorage(246)) - The storage directory /workdir/hadoop-ozone/integration-test/target/test-dir/MiniOzoneClusterImpl-d3375502-699e-4143-a4c2-dc077696cbd1/datanode-0/data/ratis/8525e9b9-9a5c-49b8-a389-593350543dfc does not exist. Creating ...
2019-10-18 13:55:37,940 [pool-207-thread-1] INFO  storage.RaftStorageDirectory (RaftStorageDirectory.java:tryLock(328)) - Lock on /workdir/hadoop-ozone/integration-test/target/test-dir/MiniOzoneClusterImpl-d3375502-699e-4143-a4c2-dc077696cbd1/datanode-0/data/ratis/8525e9b9-9a5c-49b8-a389-593350543dfc/in_use.lock acquired by nodename 4327@pr-hdds-2281-wfpgn-3925442534
2019-10-18 13:55:37,951 [pool-207-thread-1] INFO  storage.RaftStorage (RaftStorage.java:format(84)) - Storage directory /workdir/hadoop-ozone/integration-test/target/test-dir/MiniOzoneClusterImpl-d3375502-699e-4143-a4c2-dc077696cbd1/datanode-0/data/ratis/8525e9b9-9a5c-49b8-a389-593350543dfc has been successfully formatted.
2019-10-18 13:55:37,952 [pool-207-thread-1] INFO  ratis.ContainerStateMachine (ContainerStateMachine.java:loadSnapshot(231)) - group-593350543DFC: The snapshot info is null. Setting the last applied indexto:(t:0, i:~)
2019-10-18 13:55:37,952 [pool-207-thread-1] INFO  server.RaftServerConfigKeys (ConfUtils.java:logGet(43)) - raft.server.notification.no-leader.timeout = 120s (custom)
2019-10-18 13:55:37,952 [pool-207-thread-1] INFO  server.RaftServerConfigKeys (ConfUtils.java:logGet(43)) - raft.server.log.use.memory = false (default)
2019-10-18 13:55:37,952 [pool-207-thread-1] INFO  server.RaftServerConfigKeys (ConfUtils.java:logGet(43)) - raft.server.log.purge.gap = 1000000 (custom)
2019-10-18 13:55:37,953 [pool-207-thread-1] INFO  server.RaftServerConfigKeys (ConfUtils.java:logGet(43)) - raft.server.log.appender.buffer.byte-limit = 33554432 (custom)
2019-10-18 13:55:37,953 [pool-207-thread-1] INFO  server.RaftServerConfigKeys (ConfUtils.java:logGet(43)) - raft.server.log.segment.size.max = 1048576 (custom)
2019-10-18 13:55:37,955 [pool-207-thread-1] INFO  server.RaftServerConfigKeys (ConfUtils.java:logGet(43)) - raft.server.log.segment.cache.num.max = 2 (custom)
2019-10-18 13:55:37,955 [pool-207-thread-1] INFO  segmented.SegmentedRaftLogWorker (SegmentedRaftLogWorker.java:<init>(173)) - new 8a1104a3-2cf3-46fb-8cbd-4f593888249e@group-593350543DFC-SegmentedRaftLogWorker for RaftStorage:Storage Directory /workdir/hadoop-ozone/integration-test/target/test-dir/MiniOzoneClusterImpl-d3375502-699e-4143-a4c2-dc077696cbd1/datanode-0/data/ratis/8525e9b9-9a5c-49b8-a389-593350543dfc
2019-10-18 13:55:37,955 [pool-207-thread-1] INFO  server.RaftServerConfigKeys (ConfUtils.java:logGet(43)) - raft.server.log.queue.byte-limit = 2147483647 (custom)
2019-10-18 13:55:37,955 [pool-207-thread-1] INFO  server.RaftServerConfigKeys (ConfUtils.java:logGet(43)) - raft.server.log.queue.element-limit = 1024 (custom)
2019-10-18 13:55:37,955 [pool-207-thread-1] INFO  server.RaftServerConfigKeys (ConfUtils.java:logGet(43)) - raft.server.log.segment.size.max = 1048576 (custom)
2019-10-18 13:55:37,955 [pool-207-thread-1] INFO  server.RaftServerConfigKeys (ConfUtils.java:logGet(43)) - raft.server.log.preallocated.size = 16384 (custom)
2019-10-18 13:55:37,956 [pool-207-thread-1] INFO  server.RaftServerConfigKeys (ConfUtils.java:logGet(43)) - raft.server.log.write.buffer.size = 33554432 (custom)
2019-10-18 13:55:37,956 [pool-207-thread-1] INFO  server.RaftServerConfigKeys (ConfUtils.java:logGet(43)) - raft.server.log.force.sync.num = 128 (default)
2019-10-18 13:55:37,956 [pool-207-thread-1] INFO  server.RaftServerConfigKeys (ConfUtils.java:logGet(43)) - raft.server.log.statemachine.data.sync = true (default)
2019-10-18 13:55:37,956 [pool-207-thread-1] INFO  server.RaftServerConfigKeys (ConfUtils.java:logGet(43)) - raft.server.log.statemachine.data.sync.timeout = 10s (default)
2019-10-18 13:55:37,957 [pool-207-thread-1] INFO  server.RaftServerConfigKeys (ConfUtils.java:logGet(43)) - raft.server.log.statemachine.data.sync.timeout.retry = -1 (default)
2019-10-18 13:55:37,957 [pool-207-thread-1] INFO  server.RaftServerConfigKeys (ConfUtils.java:logGet(43)) - raft.server.log.statemachine.data.caching.enabled = true (custom)
2019-10-18 13:55:37,958 [pool-207-thread-1] INFO  segmented.SegmentedRaftLogWorker (SegmentedRaftLogWorker.java:lambda$new$0(128)) - 8a1104a3-2cf3-46fb-8cbd-4f593888249e@group-593350543DFC-SegmentedRaftLogWorker: flushIndex: setUnconditionally 0 -> -1
2019-10-18 13:55:37,958 [pool-207-thread-1] INFO  server.RaftServerConfigKeys (ConfUtils.java:logGet(43)) - raft.server.snapshot.auto.trigger.enabled = true (custom)
2019-10-18 13:55:37,958 [pool-207-thread-1] INFO  server.RaftServerConfigKeys (ConfUtils.java:logGet(43)) - raft.server.snapshot.auto.trigger.threshold = 10000 (custom)
2019-10-18 13:55:37,958 [pool-207-thread-1] INFO  server.RaftServerConfigKeys (ConfUtils.java:logGet(43)) - raft.server.snapshot.retention.file.num = 5 (custom)
2019-10-18 13:55:37,959 [pool-207-thread-1] INFO  server.RaftServerConfigKeys (ConfUtils.java:logGet(43)) - raft.server.retrycache.expirytime = 600000ms (custom)
2019-10-18 13:55:37,960 [pool-207-thread-1] INFO  impl.RaftServerImpl (RaftServerImpl.java:start(181)) - 8a1104a3-2cf3-46fb-8cbd-4f593888249e@group-593350543DFC: start as a follower, conf=-1: [8a1104a3-2cf3-46fb-8cbd-4f593888249e:192.168.157.239:43713], old=null
2019-10-18 13:55:37,960 [pool-207-thread-1] INFO  impl.RaftServerImpl (RaftServerImpl.java:setRole(170)) - 8a1104a3-2cf3-46fb-8cbd-4f593888249e@group-593350543DFC: changes role from      null to FOLLOWER at term 0 for startAsFollower
2019-10-18 13:55:37,960 [pool-207-thread-1] INFO  impl.RoleInfo (RoleInfo.java:updateAndGet(143)) - 8a1104a3-2cf3-46fb-8cbd-4f593888249e: start FollowerState
2019-10-18 13:55:37,960 [pool-207-thread-1] INFO  util.JmxRegister (JmxRegister.java:tryRegister(44)) - Successfully registered JMX Bean with object name Ratis:service=RaftServer,group=group-593350543DFC,id=8a1104a3-2cf3-46fb-8cbd-4f593888249e
2019-10-18 13:55:37,968 [RatisPipelineUtilsThread] INFO  pipeline.PipelineStateManager (PipelineStateManager.java:addPipeline(56)) - Created pipeline Pipeline[ Id: 8525e9b9-9a5c-49b8-a389-593350543dfc, Nodes: 8a1104a3-2cf3-46fb-8cbd-4f593888249e{ip: 192.168.157.239, host: pr-hdds-2281-wfpgn-3925442534, networkLocation: /default-rack, certSerialId: null}, Type:RATIS, Factor:ONE, State:OPEN]
2019-10-18 13:55:37,986 [IPC Server handler 4 on 41704] INFO  net.NetworkTopology (NetworkTopologyImpl.java:add(111)) - Added a new node: /default-rack/deffcaa8-bc06-42ed-9a5f-b537132fe3e6
2019-10-18 13:55:37,986 [IPC Server handler 4 on 41704] INFO  node.SCMNodeManager (SCMNodeManager.java:register(268)) - Registered Data node : deffcaa8-bc06-42ed-9a5f-b537132fe3e6{ip: 192.168.157.239, host: pr-hdds-2281-wfpgn-3925442534, networkLocation: /default-rack, certSerialId: null}
2019-10-18 13:55:38,010 [grpc-default-executor-11] INFO  impl.RaftServerProxy (RaftServerProxy.java:addNew(89)) - deffcaa8-bc06-42ed-9a5f-b537132fe3e6: addNew group-34B8A5869ABB:[deffcaa8-bc06-42ed-9a5f-b537132fe3e6:192.168.157.239:37128] returns group-34B8A5869ABB:java.util.concurrent.CompletableFuture@10d13349[Not completed]
2019-10-18 13:55:38,011 [pool-217-thread-1] INFO  impl.RaftServerImpl (RaftServerImpl.java:<init>(95)) - deffcaa8-bc06-42ed-9a5f-b537132fe3e6: new RaftServerImpl for group-34B8A5869ABB:[deffcaa8-bc06-42ed-9a5f-b537132fe3e6:192.168.157.239:37128] with ContainerStateMachine:uninitialized
2019-10-18 13:55:38,011 [pool-217-thread-1] INFO  server.RaftServerConfigKeys (ConfUtils.java:logGet(43)) - raft.server.rpc.timeout.min = 5s (custom)
2019-10-18 13:55:38,011 [pool-217-thread-1] INFO  server.RaftServerConfigKeys (ConfUtils.java:logGet(43)) - raft.server.rpc.timeout.max = 5200ms (custom)
2019-10-18 13:55:38,012 [pool-217-thread-1] INFO  server.RaftServerConfigKeys (ConfUtils.java:logGet(43)) - raft.server.rpcslowness.timeout = 120s (custom)
2019-10-18 13:55:38,012 [pool-217-thread-1] INFO  server.RaftServerConfigKeys (ConfUtils.java:logGet(43)) - raft.server.sleep.deviation.threshold = 300 (default)
2019-10-18 13:55:38,012 [pool-217-thread-1] INFO  server.RaftServerConfigKeys (ConfUtils.java:logGet(43)) - raft.server.log.appender.install.snapshot.enabled = false (custom)
2019-10-18 13:55:38,012 [pool-217-thread-1] INFO  impl.RaftServerImpl (ServerState.java:<init>(103)) - deffcaa8-bc06-42ed-9a5f-b537132fe3e6@group-34B8A5869ABB: ConfigurationManager, init=-1: [deffcaa8-bc06-42ed-9a5f-b537132fe3e6:192.168.157.239:37128], old=null, confs=<EMPTY_MAP>
2019-10-18 13:55:38,012 [pool-217-thread-1] INFO  server.RaftServerConfigKeys (ConfUtils.java:logGet(43)) - raft.server.storage.dir = [/workdir/hadoop-ozone/integration-test/target/test-dir/MiniOzoneClusterImpl-d3375502-699e-4143-a4c2-dc077696cbd1/datanode-1/data/ratis] (custom)
2019-10-18 13:55:38,012 [pool-217-thread-1] INFO  server.RaftServerConfigKeys (ConfUtils.java:logGet(43)) - raft.server.log.corruption.policy = EXCEPTION (default)
2019-10-18 13:55:38,012 [pool-217-thread-1] INFO  storage.RaftStorageDirectory (RaftStorageDirectory.java:analyzeStorage(246)) - The storage directory /workdir/hadoop-ozone/integration-test/target/test-dir/MiniOzoneClusterImpl-d3375502-699e-4143-a4c2-dc077696cbd1/datanode-1/data/ratis/540f577b-fe31-490b-af3b-34b8a5869abb does not exist. Creating ...
2019-10-18 13:55:38,026 [pool-217-thread-1] INFO  storage.RaftStorageDirectory (RaftStorageDirectory.java:tryLock(328)) - Lock on /workdir/hadoop-ozone/integration-test/target/test-dir/MiniOzoneClusterImpl-d3375502-699e-4143-a4c2-dc077696cbd1/datanode-1/data/ratis/540f577b-fe31-490b-af3b-34b8a5869abb/in_use.lock acquired by nodename 4327@pr-hdds-2281-wfpgn-3925442534
2019-10-18 13:55:38,039 [pool-217-thread-1] INFO  storage.RaftStorage (RaftStorage.java:format(84)) - Storage directory /workdir/hadoop-ozone/integration-test/target/test-dir/MiniOzoneClusterImpl-d3375502-699e-4143-a4c2-dc077696cbd1/datanode-1/data/ratis/540f577b-fe31-490b-af3b-34b8a5869abb has been successfully formatted.
2019-10-18 13:55:38,039 [pool-217-thread-1] INFO  ratis.ContainerStateMachine (ContainerStateMachine.java:loadSnapshot(231)) - group-34B8A5869ABB: The snapshot info is null. Setting the last applied indexto:(t:0, i:~)
2019-10-18 13:55:38,040 [pool-217-thread-1] INFO  server.RaftServerConfigKeys (ConfUtils.java:logGet(43)) - raft.server.notification.no-leader.timeout = 120s (custom)
2019-10-18 13:55:38,040 [pool-217-thread-1] INFO  server.RaftServerConfigKeys (ConfUtils.java:logGet(43)) - raft.server.log.use.memory = false (default)
2019-10-18 13:55:38,040 [pool-217-thread-1] INFO  server.RaftServerConfigKeys (ConfUtils.java:logGet(43)) - raft.server.log.purge.gap = 1000000 (custom)
2019-10-18 13:55:38,040 [pool-217-thread-1] INFO  server.RaftServerConfigKeys (ConfUtils.java:logGet(43)) - raft.server.log.appender.buffer.byte-limit = 33554432 (custom)
2019-10-18 13:55:38,040 [pool-217-thread-1] INFO  server.RaftServerConfigKeys (ConfUtils.java:logGet(43)) - raft.server.log.segment.size.max = 1048576 (custom)
2019-10-18 13:55:38,041 [pool-217-thread-1] INFO  server.RaftServerConfigKeys (ConfUtils.java:logGet(43)) - raft.server.log.segment.cache.num.max = 2 (custom)
2019-10-18 13:55:38,042 [pool-217-thread-1] INFO  segmented.SegmentedRaftLogWorker (SegmentedRaftLogWorker.java:<init>(173)) - new deffcaa8-bc06-42ed-9a5f-b537132fe3e6@group-34B8A5869ABB-SegmentedRaftLogWorker for RaftStorage:Storage Directory /workdir/hadoop-ozone/integration-test/target/test-dir/MiniOzoneClusterImpl-d3375502-699e-4143-a4c2-dc077696cbd1/datanode-1/data/ratis/540f577b-fe31-490b-af3b-34b8a5869abb
2019-10-18 13:55:38,042 [pool-217-thread-1] INFO  server.RaftServerConfigKeys (ConfUtils.java:logGet(43)) - raft.server.log.queue.byte-limit = 2147483647 (custom)
2019-10-18 13:55:38,042 [pool-217-thread-1] INFO  server.RaftServerConfigKeys (ConfUtils.java:logGet(43)) - raft.server.log.queue.element-limit = 1024 (custom)
2019-10-18 13:55:38,042 [pool-217-thread-1] INFO  server.RaftServerConfigKeys (ConfUtils.java:logGet(43)) - raft.server.log.segment.size.max = 1048576 (custom)
2019-10-18 13:55:38,042 [pool-217-thread-1] INFO  server.RaftServerConfigKeys (ConfUtils.java:logGet(43)) - raft.server.log.preallocated.size = 16384 (custom)
2019-10-18 13:55:38,042 [pool-217-thread-1] INFO  server.RaftServerConfigKeys (ConfUtils.java:logGet(43)) - raft.server.log.write.buffer.size = 33554432 (custom)
2019-10-18 13:55:38,042 [pool-217-thread-1] INFO  server.RaftServerConfigKeys (ConfUtils.java:logGet(43)) - raft.server.log.force.sync.num = 128 (default)
2019-10-18 13:55:38,042 [pool-217-thread-1] INFO  server.RaftServerConfigKeys (ConfUtils.java:logGet(43)) - raft.server.log.statemachine.data.sync = true (default)
2019-10-18 13:55:38,042 [pool-217-thread-1] INFO  server.RaftServerConfigKeys (ConfUtils.java:logGet(43)) - raft.server.log.statemachine.data.sync.timeout = 10s (default)
2019-10-18 13:55:38,042 [pool-217-thread-1] INFO  server.RaftServerConfigKeys (ConfUtils.java:logGet(43)) - raft.server.log.statemachine.data.sync.timeout.retry = -1 (default)
2019-10-18 13:55:38,043 [pool-217-thread-1] INFO  server.RaftServerConfigKeys (ConfUtils.java:logGet(43)) - raft.server.log.statemachine.data.caching.enabled = true (custom)
2019-10-18 13:55:38,043 [pool-217-thread-1] INFO  segmented.SegmentedRaftLogWorker (SegmentedRaftLogWorker.java:lambda$new$0(128)) - deffcaa8-bc06-42ed-9a5f-b537132fe3e6@group-34B8A5869ABB-SegmentedRaftLogWorker: flushIndex: setUnconditionally 0 -> -1
2019-10-18 13:55:38,043 [pool-217-thread-1] INFO  server.RaftServerConfigKeys (ConfUtils.java:logGet(43)) - raft.server.snapshot.auto.trigger.enabled = true (custom)
2019-10-18 13:55:38,043 [pool-217-thread-1] INFO  server.RaftServerConfigKeys (ConfUtils.java:logGet(43)) - raft.server.snapshot.auto.trigger.threshold = 10000 (custom)
2019-10-18 13:55:38,043 [pool-217-thread-1] INFO  server.RaftServerConfigKeys (ConfUtils.java:logGet(43)) - raft.server.snapshot.retention.file.num = 5 (custom)
2019-10-18 13:55:38,043 [pool-217-thread-1] INFO  server.RaftServerConfigKeys (ConfUtils.java:logGet(43)) - raft.server.retrycache.expirytime = 600000ms (custom)
2019-10-18 13:55:38,045 [pool-217-thread-1] INFO  impl.RaftServerImpl (RaftServerImpl.java:start(181)) - deffcaa8-bc06-42ed-9a5f-b537132fe3e6@group-34B8A5869ABB: start as a follower, conf=-1: [deffcaa8-bc06-42ed-9a5f-b537132fe3e6:192.168.157.239:37128], old=null
2019-10-18 13:55:38,045 [pool-217-thread-1] INFO  impl.RaftServerImpl (RaftServerImpl.java:setRole(170)) - deffcaa8-bc06-42ed-9a5f-b537132fe3e6@group-34B8A5869ABB: changes role from      null to FOLLOWER at term 0 for startAsFollower
2019-10-18 13:55:38,045 [pool-217-thread-1] INFO  impl.RoleInfo (RoleInfo.java:updateAndGet(143)) - deffcaa8-bc06-42ed-9a5f-b537132fe3e6: start FollowerState
2019-10-18 13:55:38,045 [pool-217-thread-1] INFO  util.JmxRegister (JmxRegister.java:tryRegister(44)) - Successfully registered JMX Bean with object name Ratis:service=RaftServer,group=group-34B8A5869ABB,id=deffcaa8-bc06-42ed-9a5f-b537132fe3e6
2019-10-18 13:55:38,046 [IPC Server handler 6 on 41704] INFO  net.NetworkTopology (NetworkTopologyImpl.java:add(111)) - Added a new node: /default-rack/ab55c7e8-b512-415e-a666-846e2c6a6faf
2019-10-18 13:55:38,046 [IPC Server handler 6 on 41704] INFO  node.SCMNodeManager (SCMNodeManager.java:register(268)) - Registered Data node : ab55c7e8-b512-415e-a666-846e2c6a6faf{ip: 192.168.157.239, host: pr-hdds-2281-wfpgn-3925442534, networkLocation: /default-rack, certSerialId: null}
2019-10-18 13:55:38,050 [RatisPipelineUtilsThread] INFO  pipeline.PipelineStateManager (PipelineStateManager.java:addPipeline(56)) - Created pipeline Pipeline[ Id: 540f577b-fe31-490b-af3b-34b8a5869abb, Nodes: deffcaa8-bc06-42ed-9a5f-b537132fe3e6{ip: 192.168.157.239, host: pr-hdds-2281-wfpgn-3925442534, networkLocation: /default-rack, certSerialId: null}, Type:RATIS, Factor:ONE, State:OPEN]
2019-10-18 13:55:38,055 [grpc-default-executor-11] INFO  impl.RaftServerProxy (RaftServerProxy.java:addNew(89)) - ab55c7e8-b512-415e-a666-846e2c6a6faf: addNew group-E7388A6D01E7:[ab55c7e8-b512-415e-a666-846e2c6a6faf:192.168.157.239:44386] returns group-E7388A6D01E7:java.util.concurrent.CompletableFuture@44d70886[Not completed]
2019-10-18 13:55:38,056 [pool-227-thread-1] INFO  impl.RaftServerImpl (RaftServerImpl.java:<init>(95)) - ab55c7e8-b512-415e-a666-846e2c6a6faf: new RaftServerImpl for group-E7388A6D01E7:[ab55c7e8-b512-415e-a666-846e2c6a6faf:192.168.157.239:44386] with ContainerStateMachine:uninitialized
2019-10-18 13:55:38,056 [pool-227-thread-1] INFO  server.RaftServerConfigKeys (ConfUtils.java:logGet(43)) - raft.server.rpc.timeout.min = 5s (custom)
2019-10-18 13:55:38,056 [pool-227-thread-1] INFO  server.RaftServerConfigKeys (ConfUtils.java:logGet(43)) - raft.server.rpc.timeout.max = 5200ms (custom)
2019-10-18 13:55:38,056 [pool-227-thread-1] INFO  server.RaftServerConfigKeys (ConfUtils.java:logGet(43)) - raft.server.rpcslowness.timeout = 120s (custom)
2019-10-18 13:55:38,056 [pool-227-thread-1] INFO  server.RaftServerConfigKeys (ConfUtils.java:logGet(43)) - raft.server.sleep.deviation.threshold = 300 (default)
2019-10-18 13:55:38,056 [pool-227-thread-1] INFO  server.RaftServerConfigKeys (ConfUtils.java:logGet(43)) - raft.server.log.appender.install.snapshot.enabled = false (custom)
2019-10-18 13:55:38,056 [pool-227-thread-1] INFO  impl.RaftServerImpl (ServerState.java:<init>(103)) - ab55c7e8-b512-415e-a666-846e2c6a6faf@group-E7388A6D01E7: ConfigurationManager, init=-1: [ab55c7e8-b512-415e-a666-846e2c6a6faf:192.168.157.239:44386], old=null, confs=<EMPTY_MAP>
2019-10-18 13:55:38,056 [pool-227-thread-1] INFO  server.RaftServerConfigKeys (ConfUtils.java:logGet(43)) - raft.server.storage.dir = [/workdir/hadoop-ozone/integration-test/target/test-dir/MiniOzoneClusterImpl-d3375502-699e-4143-a4c2-dc077696cbd1/datanode-2/data/ratis] (custom)
2019-10-18 13:55:38,057 [pool-227-thread-1] INFO  server.RaftServerConfigKeys (ConfUtils.java:logGet(43)) - raft.server.log.corruption.policy = EXCEPTION (default)
2019-10-18 13:55:38,057 [pool-227-thread-1] INFO  storage.RaftStorageDirectory (RaftStorageDirectory.java:analyzeStorage(246)) - The storage directory /workdir/hadoop-ozone/integration-test/target/test-dir/MiniOzoneClusterImpl-d3375502-699e-4143-a4c2-dc077696cbd1/datanode-2/data/ratis/b2835854-2d77-4069-a8aa-e7388a6d01e7 does not exist. Creating ...
2019-10-18 13:55:38,082 [pool-227-thread-1] INFO  storage.RaftStorageDirectory (RaftStorageDirectory.java:tryLock(328)) - Lock on /workdir/hadoop-ozone/integration-test/target/test-dir/MiniOzoneClusterImpl-d3375502-699e-4143-a4c2-dc077696cbd1/datanode-2/data/ratis/b2835854-2d77-4069-a8aa-e7388a6d01e7/in_use.lock acquired by nodename 4327@pr-hdds-2281-wfpgn-3925442534
2019-10-18 13:55:38,095 [pool-227-thread-1] INFO  storage.RaftStorage (RaftStorage.java:format(84)) - Storage directory /workdir/hadoop-ozone/integration-test/target/test-dir/MiniOzoneClusterImpl-d3375502-699e-4143-a4c2-dc077696cbd1/datanode-2/data/ratis/b2835854-2d77-4069-a8aa-e7388a6d01e7 has been successfully formatted.
2019-10-18 13:55:38,095 [pool-227-thread-1] INFO  ratis.ContainerStateMachine (ContainerStateMachine.java:loadSnapshot(231)) - group-E7388A6D01E7: The snapshot info is null. Setting the last applied indexto:(t:0, i:~)
2019-10-18 13:55:38,095 [pool-227-thread-1] INFO  server.RaftServerConfigKeys (ConfUtils.java:logGet(43)) - raft.server.notification.no-leader.timeout = 120s (custom)
2019-10-18 13:55:38,095 [pool-227-thread-1] INFO  server.RaftServerConfigKeys (ConfUtils.java:logGet(43)) - raft.server.log.use.memory = false (default)
2019-10-18 13:55:38,095 [pool-227-thread-1] INFO  server.RaftServerConfigKeys (ConfUtils.java:logGet(43)) - raft.server.log.purge.gap = 1000000 (custom)
2019-10-18 13:55:38,095 [pool-227-thread-1] INFO  server.RaftServerConfigKeys (ConfUtils.java:logGet(43)) - raft.server.log.appender.buffer.byte-limit = 33554432 (custom)
2019-10-18 13:55:38,095 [pool-227-thread-1] INFO  server.RaftServerConfigKeys (ConfUtils.java:logGet(43)) - raft.server.log.segment.size.max = 1048576 (custom)
2019-10-18 13:55:38,097 [pool-227-thread-1] INFO  server.RaftServerConfigKeys (ConfUtils.java:logGet(43)) - raft.server.log.segment.cache.num.max = 2 (custom)
2019-10-18 13:55:38,097 [pool-227-thread-1] INFO  segmented.SegmentedRaftLogWorker (SegmentedRaftLogWorker.java:<init>(173)) - new ab55c7e8-b512-415e-a666-846e2c6a6faf@group-E7388A6D01E7-SegmentedRaftLogWorker for RaftStorage:Storage Directory /workdir/hadoop-ozone/integration-test/target/test-dir/MiniOzoneClusterImpl-d3375502-699e-4143-a4c2-dc077696cbd1/datanode-2/data/ratis/b2835854-2d77-4069-a8aa-e7388a6d01e7
2019-10-18 13:55:38,097 [pool-227-thread-1] INFO  server.RaftServerConfigKeys (ConfUtils.java:logGet(43)) - raft.server.log.queue.byte-limit = 2147483647 (custom)
2019-10-18 13:55:38,097 [pool-227-thread-1] INFO  server.RaftServerConfigKeys (ConfUtils.java:logGet(43)) - raft.server.log.queue.element-limit = 1024 (custom)
2019-10-18 13:55:38,097 [pool-227-thread-1] INFO  server.RaftServerConfigKeys (ConfUtils.java:logGet(43)) - raft.server.log.segment.size.max = 1048576 (custom)
2019-10-18 13:55:38,097 [pool-227-thread-1] INFO  server.RaftServerConfigKeys (ConfUtils.java:logGet(43)) - raft.server.log.preallocated.size = 16384 (custom)
2019-10-18 13:55:38,097 [pool-227-thread-1] INFO  server.RaftServerConfigKeys (ConfUtils.java:logGet(43)) - raft.server.log.write.buffer.size = 33554432 (custom)
2019-10-18 13:55:38,097 [pool-227-thread-1] INFO  server.RaftServerConfigKeys (ConfUtils.java:logGet(43)) - raft.server.log.force.sync.num = 128 (default)
2019-10-18 13:55:38,097 [pool-227-thread-1] INFO  server.RaftServerConfigKeys (ConfUtils.java:logGet(43)) - raft.server.log.statemachine.data.sync = true (default)
2019-10-18 13:55:38,097 [pool-227-thread-1] INFO  server.RaftServerConfigKeys (ConfUtils.java:logGet(43)) - raft.server.log.statemachine.data.sync.timeout = 10s (default)
2019-10-18 13:55:38,097 [pool-227-thread-1] INFO  server.RaftServerConfigKeys (ConfUtils.java:logGet(43)) - raft.server.log.statemachine.data.sync.timeout.retry = -1 (default)
2019-10-18 13:55:38,098 [pool-227-thread-1] INFO  server.RaftServerConfigKeys (ConfUtils.java:logGet(43)) - raft.server.log.statemachine.data.caching.enabled = true (custom)
2019-10-18 13:55:38,098 [pool-227-thread-1] INFO  segmented.SegmentedRaftLogWorker (SegmentedRaftLogWorker.java:lambda$new$0(128)) - ab55c7e8-b512-415e-a666-846e2c6a6faf@group-E7388A6D01E7-SegmentedRaftLogWorker: flushIndex: setUnconditionally 0 -> -1
2019-10-18 13:55:38,098 [pool-227-thread-1] INFO  server.RaftServerConfigKeys (ConfUtils.java:logGet(43)) - raft.server.snapshot.auto.trigger.enabled = true (custom)
2019-10-18 13:55:38,098 [pool-227-thread-1] INFO  server.RaftServerConfigKeys (ConfUtils.java:logGet(43)) - raft.server.snapshot.auto.trigger.threshold = 10000 (custom)
2019-10-18 13:55:38,098 [pool-227-thread-1] INFO  server.RaftServerConfigKeys (ConfUtils.java:logGet(43)) - raft.server.snapshot.retention.file.num = 5 (custom)
2019-10-18 13:55:38,098 [pool-227-thread-1] INFO  server.RaftServerConfigKeys (ConfUtils.java:logGet(43)) - raft.server.retrycache.expirytime = 600000ms (custom)
2019-10-18 13:55:38,099 [pool-227-thread-1] INFO  impl.RaftServerImpl (RaftServerImpl.java:start(181)) - ab55c7e8-b512-415e-a666-846e2c6a6faf@group-E7388A6D01E7: start as a follower, conf=-1: [ab55c7e8-b512-415e-a666-846e2c6a6faf:192.168.157.239:44386], old=null
2019-10-18 13:55:38,099 [pool-227-thread-1] INFO  impl.RaftServerImpl (RaftServerImpl.java:setRole(170)) - ab55c7e8-b512-415e-a666-846e2c6a6faf@group-E7388A6D01E7: changes role from      null to FOLLOWER at term 0 for startAsFollower
2019-10-18 13:55:38,099 [pool-227-thread-1] INFO  impl.RoleInfo (RoleInfo.java:updateAndGet(143)) - ab55c7e8-b512-415e-a666-846e2c6a6faf: start FollowerState
2019-10-18 13:55:38,100 [pool-227-thread-1] INFO  util.JmxRegister (JmxRegister.java:tryRegister(44)) - Successfully registered JMX Bean with object name Ratis:service=RaftServer,group=group-E7388A6D01E7,id=ab55c7e8-b512-415e-a666-846e2c6a6faf
2019-10-18 13:55:38,104 [RatisPipelineUtilsThread] INFO  pipeline.PipelineStateManager (PipelineStateManager.java:addPipeline(56)) - Created pipeline Pipeline[ Id: b2835854-2d77-4069-a8aa-e7388a6d01e7, Nodes: ab55c7e8-b512-415e-a666-846e2c6a6faf{ip: 192.168.157.239, host: pr-hdds-2281-wfpgn-3925442534, networkLocation: /default-rack, certSerialId: null}, Type:RATIS, Factor:ONE, State:OPEN]
2019-10-18 13:55:38,110 [IPC Server handler 7 on 41704] INFO  net.NetworkTopology (NetworkTopologyImpl.java:add(111)) - Added a new node: /default-rack/20bc0158-09c7-4e30-9f85-c6c328e1c2c3
2019-10-18 13:55:38,111 [IPC Server handler 7 on 41704] INFO  node.SCMNodeManager (SCMNodeManager.java:register(268)) - Registered Data node : 20bc0158-09c7-4e30-9f85-c6c328e1c2c3{ip: 192.168.157.239, host: pr-hdds-2281-wfpgn-3925442534, networkLocation: /default-rack, certSerialId: null}
2019-10-18 13:55:38,118 [grpc-default-executor-8] INFO  impl.RaftServerProxy (RaftServerProxy.java:addNew(89)) - 8a1104a3-2cf3-46fb-8cbd-4f593888249e: addNew group-CD6A916F54C2:[ab55c7e8-b512-415e-a666-846e2c6a6faf:192.168.157.239:44386, deffcaa8-bc06-42ed-9a5f-b537132fe3e6:192.168.157.239:37128, 8a1104a3-2cf3-46fb-8cbd-4f593888249e:192.168.157.239:43713] returns group-CD6A916F54C2:java.util.concurrent.CompletableFuture@13749495[Not completed]
2019-10-18 13:55:38,118 [grpc-default-executor-5] INFO  impl.RaftServerProxy (RaftServerProxy.java:addNew(89)) - ab55c7e8-b512-415e-a666-846e2c6a6faf: addNew group-CD6A916F54C2:[ab55c7e8-b512-415e-a666-846e2c6a6faf:192.168.157.239:44386, deffcaa8-bc06-42ed-9a5f-b537132fe3e6:192.168.157.239:37128, 8a1104a3-2cf3-46fb-8cbd-4f593888249e:192.168.157.239:43713] returns group-CD6A916F54C2:java.util.concurrent.CompletableFuture@61af5d92[Not completed]
2019-10-18 13:55:38,120 [grpc-default-executor-5] INFO  impl.RaftServerProxy (RaftServerProxy.java:addNew(89)) - deffcaa8-bc06-42ed-9a5f-b537132fe3e6: addNew group-CD6A916F54C2:[ab55c7e8-b512-415e-a666-846e2c6a6faf:192.168.157.239:44386, deffcaa8-bc06-42ed-9a5f-b537132fe3e6:192.168.157.239:37128, 8a1104a3-2cf3-46fb-8cbd-4f593888249e:192.168.157.239:43713] returns group-CD6A916F54C2:java.util.concurrent.CompletableFuture@469533e3[Not completed]
2019-10-18 13:55:38,121 [pool-207-thread-1] INFO  impl.RaftServerImpl (RaftServerImpl.java:<init>(95)) - 8a1104a3-2cf3-46fb-8cbd-4f593888249e: new RaftServerImpl for group-CD6A916F54C2:[ab55c7e8-b512-415e-a666-846e2c6a6faf:192.168.157.239:44386, deffcaa8-bc06-42ed-9a5f-b537132fe3e6:192.168.157.239:37128, 8a1104a3-2cf3-46fb-8cbd-4f593888249e:192.168.157.239:43713] with ContainerStateMachine:uninitialized
2019-10-18 13:55:38,121 [pool-207-thread-1] INFO  server.RaftServerConfigKeys (ConfUtils.java:logGet(43)) - raft.server.rpc.timeout.min = 5s (custom)
2019-10-18 13:55:38,121 [pool-207-thread-1] INFO  server.RaftServerConfigKeys (ConfUtils.java:logGet(43)) - raft.server.rpc.timeout.max = 5200ms (custom)
2019-10-18 13:55:38,121 [pool-207-thread-1] INFO  server.RaftServerConfigKeys (ConfUtils.java:logGet(43)) - raft.server.rpcslowness.timeout = 120s (custom)
2019-10-18 13:55:38,121 [pool-207-thread-1] INFO  server.RaftServerConfigKeys (ConfUtils.java:logGet(43)) - raft.server.sleep.deviation.threshold = 300 (default)
2019-10-18 13:55:38,121 [pool-207-thread-1] INFO  server.RaftServerConfigKeys (ConfUtils.java:logGet(43)) - raft.server.log.appender.install.snapshot.enabled = false (custom)
2019-10-18 13:55:38,122 [pool-207-thread-1] INFO  impl.RaftServerImpl (ServerState.java:<init>(103)) - 8a1104a3-2cf3-46fb-8cbd-4f593888249e@group-CD6A916F54C2: ConfigurationManager, init=-1: [ab55c7e8-b512-415e-a666-846e2c6a6faf:192.168.157.239:44386, deffcaa8-bc06-42ed-9a5f-b537132fe3e6:192.168.157.239:37128, 8a1104a3-2cf3-46fb-8cbd-4f593888249e:192.168.157.239:43713], old=null, confs=<EMPTY_MAP>
2019-10-18 13:55:38,122 [pool-207-thread-1] INFO  server.RaftServerConfigKeys (ConfUtils.java:logGet(43)) - raft.server.storage.dir = [/workdir/hadoop-ozone/integration-test/target/test-dir/MiniOzoneClusterImpl-d3375502-699e-4143-a4c2-dc077696cbd1/datanode-0/data/ratis] (custom)
2019-10-18 13:55:38,122 [pool-207-thread-1] INFO  server.RaftServerConfigKeys (ConfUtils.java:logGet(43)) - raft.server.log.corruption.policy = EXCEPTION (default)
2019-10-18 13:55:38,122 [pool-207-thread-1] INFO  storage.RaftStorageDirectory (RaftStorageDirectory.java:analyzeStorage(246)) - The storage directory /workdir/hadoop-ozone/integration-test/target/test-dir/MiniOzoneClusterImpl-d3375502-699e-4143-a4c2-dc077696cbd1/datanode-0/data/ratis/659804ce-9b7a-4f55-ba47-cd6a916f54c2 does not exist. Creating ...
2019-10-18 13:55:38,122 [pool-227-thread-1] INFO  impl.RaftServerImpl (RaftServerImpl.java:<init>(95)) - ab55c7e8-b512-415e-a666-846e2c6a6faf: new RaftServerImpl for group-CD6A916F54C2:[ab55c7e8-b512-415e-a666-846e2c6a6faf:192.168.157.239:44386, deffcaa8-bc06-42ed-9a5f-b537132fe3e6:192.168.157.239:37128, 8a1104a3-2cf3-46fb-8cbd-4f593888249e:192.168.157.239:43713] with ContainerStateMachine:uninitialized
2019-10-18 13:55:38,122 [pool-227-thread-1] INFO  server.RaftServerConfigKeys (ConfUtils.java:logGet(43)) - raft.server.rpc.timeout.min = 5s (custom)
2019-10-18 13:55:38,122 [pool-227-thread-1] INFO  server.RaftServerConfigKeys (ConfUtils.java:logGet(43)) - raft.server.rpc.timeout.max = 5200ms (custom)
2019-10-18 13:55:38,123 [pool-227-thread-1] INFO  server.RaftServerConfigKeys (ConfUtils.java:logGet(43)) - raft.server.rpcslowness.timeout = 120s (custom)
2019-10-18 13:55:38,123 [pool-227-thread-1] INFO  server.RaftServerConfigKeys (ConfUtils.java:logGet(43)) - raft.server.sleep.deviation.threshold = 300 (default)
2019-10-18 13:55:38,123 [pool-227-thread-1] INFO  server.RaftServerConfigKeys (ConfUtils.java:logGet(43)) - raft.server.log.appender.install.snapshot.enabled = false (custom)
2019-10-18 13:55:38,123 [pool-217-thread-1] INFO  impl.RaftServerImpl (RaftServerImpl.java:<init>(95)) - deffcaa8-bc06-42ed-9a5f-b537132fe3e6: new RaftServerImpl for group-CD6A916F54C2:[ab55c7e8-b512-415e-a666-846e2c6a6faf:192.168.157.239:44386, deffcaa8-bc06-42ed-9a5f-b537132fe3e6:192.168.157.239:37128, 8a1104a3-2cf3-46fb-8cbd-4f593888249e:192.168.157.239:43713] with ContainerStateMachine:uninitialized
2019-10-18 13:55:38,123 [pool-227-thread-1] INFO  impl.RaftServerImpl (ServerState.java:<init>(103)) - ab55c7e8-b512-415e-a666-846e2c6a6faf@group-CD6A916F54C2: ConfigurationManager, init=-1: [ab55c7e8-b512-415e-a666-846e2c6a6faf:192.168.157.239:44386, deffcaa8-bc06-42ed-9a5f-b537132fe3e6:192.168.157.239:37128, 8a1104a3-2cf3-46fb-8cbd-4f593888249e:192.168.157.239:43713], old=null, confs=<EMPTY_MAP>
2019-10-18 13:55:38,123 [pool-217-thread-1] INFO  server.RaftServerConfigKeys (ConfUtils.java:logGet(43)) - raft.server.rpc.timeout.min = 5s (custom)
2019-10-18 13:55:38,123 [pool-227-thread-1] INFO  server.RaftServerConfigKeys (ConfUtils.java:logGet(43)) - raft.server.storage.dir = [/workdir/hadoop-ozone/integration-test/target/test-dir/MiniOzoneClusterImpl-d3375502-699e-4143-a4c2-dc077696cbd1/datanode-2/data/ratis] (custom)
2019-10-18 13:55:38,123 [pool-217-thread-1] INFO  server.RaftServerConfigKeys (ConfUtils.java:logGet(43)) - raft.server.rpc.timeout.max = 5200ms (custom)
2019-10-18 13:55:38,123 [pool-227-thread-1] INFO  server.RaftServerConfigKeys (ConfUtils.java:logGet(43)) - raft.server.log.corruption.policy = EXCEPTION (default)
2019-10-18 13:55:38,123 [pool-217-thread-1] INFO  server.RaftServerConfigKeys (ConfUtils.java:logGet(43)) - raft.server.rpcslowness.timeout = 120s (custom)
2019-10-18 13:55:38,124 [pool-227-thread-1] INFO  storage.RaftStorageDirectory (RaftStorageDirectory.java:analyzeStorage(246)) - The storage directory /workdir/hadoop-ozone/integration-test/target/test-dir/MiniOzoneClusterImpl-d3375502-699e-4143-a4c2-dc077696cbd1/datanode-2/data/ratis/659804ce-9b7a-4f55-ba47-cd6a916f54c2 does not exist. Creating ...
2019-10-18 13:55:38,124 [pool-217-thread-1] INFO  server.RaftServerConfigKeys (ConfUtils.java:logGet(43)) - raft.server.sleep.deviation.threshold = 300 (default)
2019-10-18 13:55:38,124 [pool-217-thread-1] INFO  server.RaftServerConfigKeys (ConfUtils.java:logGet(43)) - raft.server.log.appender.install.snapshot.enabled = false (custom)
2019-10-18 13:55:38,124 [pool-217-thread-1] INFO  impl.RaftServerImpl (ServerState.java:<init>(103)) - deffcaa8-bc06-42ed-9a5f-b537132fe3e6@group-CD6A916F54C2: ConfigurationManager, init=-1: [ab55c7e8-b512-415e-a666-846e2c6a6faf:192.168.157.239:44386, deffcaa8-bc06-42ed-9a5f-b537132fe3e6:192.168.157.239:37128, 8a1104a3-2cf3-46fb-8cbd-4f593888249e:192.168.157.239:43713], old=null, confs=<EMPTY_MAP>
2019-10-18 13:55:38,124 [pool-217-thread-1] INFO  server.RaftServerConfigKeys (ConfUtils.java:logGet(43)) - raft.server.storage.dir = [/workdir/hadoop-ozone/integration-test/target/test-dir/MiniOzoneClusterImpl-d3375502-699e-4143-a4c2-dc077696cbd1/datanode-1/data/ratis] (custom)
2019-10-18 13:55:38,124 [pool-217-thread-1] INFO  server.RaftServerConfigKeys (ConfUtils.java:logGet(43)) - raft.server.log.corruption.policy = EXCEPTION (default)
2019-10-18 13:55:38,125 [pool-217-thread-1] INFO  storage.RaftStorageDirectory (RaftStorageDirectory.java:analyzeStorage(246)) - The storage directory /workdir/hadoop-ozone/integration-test/target/test-dir/MiniOzoneClusterImpl-d3375502-699e-4143-a4c2-dc077696cbd1/datanode-1/data/ratis/659804ce-9b7a-4f55-ba47-cd6a916f54c2 does not exist. Creating ...
2019-10-18 13:55:38,136 [pool-217-thread-1] INFO  storage.RaftStorageDirectory (RaftStorageDirectory.java:tryLock(328)) - Lock on /workdir/hadoop-ozone/integration-test/target/test-dir/MiniOzoneClusterImpl-d3375502-699e-4143-a4c2-dc077696cbd1/datanode-1/data/ratis/659804ce-9b7a-4f55-ba47-cd6a916f54c2/in_use.lock acquired by nodename 4327@pr-hdds-2281-wfpgn-3925442534
2019-10-18 13:55:38,136 [pool-207-thread-1] INFO  storage.RaftStorageDirectory (RaftStorageDirectory.java:tryLock(328)) - Lock on /workdir/hadoop-ozone/integration-test/target/test-dir/MiniOzoneClusterImpl-d3375502-699e-4143-a4c2-dc077696cbd1/datanode-0/data/ratis/659804ce-9b7a-4f55-ba47-cd6a916f54c2/in_use.lock acquired by nodename 4327@pr-hdds-2281-wfpgn-3925442534
2019-10-18 13:55:38,136 [pool-227-thread-1] INFO  storage.RaftStorageDirectory (RaftStorageDirectory.java:tryLock(328)) - Lock on /workdir/hadoop-ozone/integration-test/target/test-dir/MiniOzoneClusterImpl-d3375502-699e-4143-a4c2-dc077696cbd1/datanode-2/data/ratis/659804ce-9b7a-4f55-ba47-cd6a916f54c2/in_use.lock acquired by nodename 4327@pr-hdds-2281-wfpgn-3925442534
2019-10-18 13:55:38,149 [pool-207-thread-1] INFO  storage.RaftStorage (RaftStorage.java:format(84)) - Storage directory /workdir/hadoop-ozone/integration-test/target/test-dir/MiniOzoneClusterImpl-d3375502-699e-4143-a4c2-dc077696cbd1/datanode-0/data/ratis/659804ce-9b7a-4f55-ba47-cd6a916f54c2 has been successfully formatted.
2019-10-18 13:55:38,149 [pool-227-thread-1] INFO  storage.RaftStorage (RaftStorage.java:format(84)) - Storage directory /workdir/hadoop-ozone/integration-test/target/test-dir/MiniOzoneClusterImpl-d3375502-699e-4143-a4c2-dc077696cbd1/datanode-2/data/ratis/659804ce-9b7a-4f55-ba47-cd6a916f54c2 has been successfully formatted.
2019-10-18 13:55:38,149 [pool-217-thread-1] INFO  storage.RaftStorage (RaftStorage.java:format(84)) - Storage directory /workdir/hadoop-ozone/integration-test/target/test-dir/MiniOzoneClusterImpl-d3375502-699e-4143-a4c2-dc077696cbd1/datanode-1/data/ratis/659804ce-9b7a-4f55-ba47-cd6a916f54c2 has been successfully formatted.
2019-10-18 13:55:38,149 [pool-207-thread-1] INFO  ratis.ContainerStateMachine (ContainerStateMachine.java:loadSnapshot(231)) - group-CD6A916F54C2: The snapshot info is null. Setting the last applied indexto:(t:0, i:~)
2019-10-18 13:55:38,149 [pool-227-thread-1] INFO  ratis.ContainerStateMachine (ContainerStateMachine.java:loadSnapshot(231)) - group-CD6A916F54C2: The snapshot info is null. Setting the last applied indexto:(t:0, i:~)
2019-10-18 13:55:38,149 [pool-207-thread-1] INFO  server.RaftServerConfigKeys (ConfUtils.java:logGet(43)) - raft.server.notification.no-leader.timeout = 120s (custom)
2019-10-18 13:55:38,149 [pool-217-thread-1] INFO  ratis.ContainerStateMachine (ContainerStateMachine.java:loadSnapshot(231)) - group-CD6A916F54C2: The snapshot info is null. Setting the last applied indexto:(t:0, i:~)
2019-10-18 13:55:38,149 [pool-207-thread-1] INFO  server.RaftServerConfigKeys (ConfUtils.java:logGet(43)) - raft.server.log.use.memory = false (default)
2019-10-18 13:55:38,149 [pool-227-thread-1] INFO  server.RaftServerConfigKeys (ConfUtils.java:logGet(43)) - raft.server.notification.no-leader.timeout = 120s (custom)
2019-10-18 13:55:38,150 [pool-207-thread-1] INFO  server.RaftServerConfigKeys (ConfUtils.java:logGet(43)) - raft.server.log.purge.gap = 1000000 (custom)
2019-10-18 13:55:38,150 [pool-217-thread-1] INFO  server.RaftServerConfigKeys (ConfUtils.java:logGet(43)) - raft.server.notification.no-leader.timeout = 120s (custom)
2019-10-18 13:55:38,150 [pool-207-thread-1] INFO  server.RaftServerConfigKeys (ConfUtils.java:logGet(43)) - raft.server.log.appender.buffer.byte-limit = 33554432 (custom)
2019-10-18 13:55:38,150 [pool-227-thread-1] INFO  server.RaftServerConfigKeys (ConfUtils.java:logGet(43)) - raft.server.log.use.memory = false (default)
2019-10-18 13:55:38,150 [pool-207-thread-1] INFO  server.RaftServerConfigKeys (ConfUtils.java:logGet(43)) - raft.server.log.segment.size.max = 1048576 (custom)
2019-10-18 13:55:38,150 [pool-217-thread-1] INFO  server.RaftServerConfigKeys (ConfUtils.java:logGet(43)) - raft.server.log.use.memory = false (default)
2019-10-18 13:55:38,150 [pool-207-thread-1] INFO  server.RaftServerConfigKeys (ConfUtils.java:logGet(43)) - raft.server.log.segment.cache.num.max = 2 (custom)
2019-10-18 13:55:38,150 [pool-227-thread-1] INFO  server.RaftServerConfigKeys (ConfUtils.java:logGet(43)) - raft.server.log.purge.gap = 1000000 (custom)
2019-10-18 13:55:38,150 [pool-207-thread-1] INFO  segmented.SegmentedRaftLogWorker (SegmentedRaftLogWorker.java:<init>(173)) - new 8a1104a3-2cf3-46fb-8cbd-4f593888249e@group-CD6A916F54C2-SegmentedRaftLogWorker for RaftStorage:Storage Directory /workdir/hadoop-ozone/integration-test/target/test-dir/MiniOzoneClusterImpl-d3375502-699e-4143-a4c2-dc077696cbd1/datanode-0/data/ratis/659804ce-9b7a-4f55-ba47-cd6a916f54c2
2019-10-18 13:55:38,150 [pool-217-thread-1] INFO  server.RaftServerConfigKeys (ConfUtils.java:logGet(43)) - raft.server.log.purge.gap = 1000000 (custom)
2019-10-18 13:55:38,150 [pool-207-thread-1] INFO  server.RaftServerConfigKeys (ConfUtils.java:logGet(43)) - raft.server.log.queue.byte-limit = 2147483647 (custom)
2019-10-18 13:55:38,150 [pool-227-thread-1] INFO  server.RaftServerConfigKeys (ConfUtils.java:logGet(43)) - raft.server.log.appender.buffer.byte-limit = 33554432 (custom)
2019-10-18 13:55:38,150 [pool-207-thread-1] INFO  server.RaftServerConfigKeys (ConfUtils.java:logGet(43)) - raft.server.log.queue.element-limit = 1024 (custom)
2019-10-18 13:55:38,150 [pool-217-thread-1] INFO  server.RaftServerConfigKeys (ConfUtils.java:logGet(43)) - raft.server.log.appender.buffer.byte-limit = 33554432 (custom)
2019-10-18 13:55:38,151 [pool-207-thread-1] INFO  server.RaftServerConfigKeys (ConfUtils.java:logGet(43)) - raft.server.log.segment.size.max = 1048576 (custom)
2019-10-18 13:55:38,151 [pool-227-thread-1] INFO  server.RaftServerConfigKeys (ConfUtils.java:logGet(43)) - raft.server.log.segment.size.max = 1048576 (custom)
2019-10-18 13:55:38,151 [pool-207-thread-1] INFO  server.RaftServerConfigKeys (ConfUtils.java:logGet(43)) - raft.server.log.preallocated.size = 16384 (custom)
2019-10-18 13:55:38,151 [pool-217-thread-1] INFO  server.RaftServerConfigKeys (ConfUtils.java:logGet(43)) - raft.server.log.segment.size.max = 1048576 (custom)
2019-10-18 13:55:38,151 [pool-207-thread-1] INFO  server.RaftServerConfigKeys (ConfUtils.java:logGet(43)) - raft.server.log.write.buffer.size = 33554432 (custom)
2019-10-18 13:55:38,151 [pool-227-thread-1] INFO  server.RaftServerConfigKeys (ConfUtils.java:logGet(43)) - raft.server.log.segment.cache.num.max = 2 (custom)
2019-10-18 13:55:38,151 [pool-207-thread-1] INFO  server.RaftServerConfigKeys (ConfUtils.java:logGet(43)) - raft.server.log.force.sync.num = 128 (default)
2019-10-18 13:55:38,151 [pool-217-thread-1] INFO  server.RaftServerConfigKeys (ConfUtils.java:logGet(43)) - raft.server.log.segment.cache.num.max = 2 (custom)
2019-10-18 13:55:38,151 [pool-207-thread-1] INFO  server.RaftServerConfigKeys (ConfUtils.java:logGet(43)) - raft.server.log.statemachine.data.sync = true (default)
2019-10-18 13:55:38,151 [pool-227-thread-1] INFO  segmented.SegmentedRaftLogWorker (SegmentedRaftLogWorker.java:<init>(173)) - new ab55c7e8-b512-415e-a666-846e2c6a6faf@group-CD6A916F54C2-SegmentedRaftLogWorker for RaftStorage:Storage Directory /workdir/hadoop-ozone/integration-test/target/test-dir/MiniOzoneClusterImpl-d3375502-699e-4143-a4c2-dc077696cbd1/datanode-2/data/ratis/659804ce-9b7a-4f55-ba47-cd6a916f54c2
2019-10-18 13:55:38,151 [pool-207-thread-1] INFO  server.RaftServerConfigKeys (ConfUtils.java:logGet(43)) - raft.server.log.statemachine.data.sync.timeout = 10s (default)
2019-10-18 13:55:38,151 [pool-217-thread-1] INFO  segmented.SegmentedRaftLogWorker (SegmentedRaftLogWorker.java:<init>(173)) - new deffcaa8-bc06-42ed-9a5f-b537132fe3e6@group-CD6A916F54C2-SegmentedRaftLogWorker for RaftStorage:Storage Directory /workdir/hadoop-ozone/integration-test/target/test-dir/MiniOzoneClusterImpl-d3375502-699e-4143-a4c2-dc077696cbd1/datanode-1/data/ratis/659804ce-9b7a-4f55-ba47-cd6a916f54c2
2019-10-18 13:55:38,151 [pool-207-thread-1] INFO  server.RaftServerConfigKeys (ConfUtils.java:logGet(43)) - raft.server.log.statemachine.data.sync.timeout.retry = -1 (default)
2019-10-18 13:55:38,151 [pool-227-thread-1] INFO  server.RaftServerConfigKeys (ConfUtils.java:logGet(43)) - raft.server.log.queue.byte-limit = 2147483647 (custom)
2019-10-18 13:55:38,152 [pool-207-thread-1] INFO  server.RaftServerConfigKeys (ConfUtils.java:logGet(43)) - raft.server.log.statemachine.data.caching.enabled = true (custom)
2019-10-18 13:55:38,152 [pool-217-thread-1] INFO  server.RaftServerConfigKeys (ConfUtils.java:logGet(43)) - raft.server.log.queue.byte-limit = 2147483647 (custom)
2019-10-18 13:55:38,152 [pool-207-thread-1] INFO  segmented.SegmentedRaftLogWorker (SegmentedRaftLogWorker.java:lambda$new$0(128)) - 8a1104a3-2cf3-46fb-8cbd-4f593888249e@group-CD6A916F54C2-SegmentedRaftLogWorker: flushIndex: setUnconditionally 0 -> -1
2019-10-18 13:55:38,152 [pool-227-thread-1] INFO  server.RaftServerConfigKeys (ConfUtils.java:logGet(43)) - raft.server.log.queue.element-limit = 1024 (custom)
2019-10-18 13:55:38,152 [pool-217-thread-1] INFO  server.RaftServerConfigKeys (ConfUtils.java:logGet(43)) - raft.server.log.queue.element-limit = 1024 (custom)
2019-10-18 13:55:38,152 [pool-227-thread-1] INFO  server.RaftServerConfigKeys (ConfUtils.java:logGet(43)) - raft.server.log.segment.size.max = 1048576 (custom)
2019-10-18 13:55:38,152 [pool-207-thread-1] INFO  server.RaftServerConfigKeys (ConfUtils.java:logGet(43)) - raft.server.snapshot.auto.trigger.enabled = true (custom)
2019-10-18 13:55:38,152 [pool-227-thread-1] INFO  server.RaftServerConfigKeys (ConfUtils.java:logGet(43)) - raft.server.log.preallocated.size = 16384 (custom)
2019-10-18 13:55:38,152 [pool-217-thread-1] INFO  server.RaftServerConfigKeys (ConfUtils.java:logGet(43)) - raft.server.log.segment.size.max = 1048576 (custom)
2019-10-18 13:55:38,152 [pool-227-thread-1] INFO  server.RaftServerConfigKeys (ConfUtils.java:logGet(43)) - raft.server.log.write.buffer.size = 33554432 (custom)
2019-10-18 13:55:38,152 [pool-207-thread-1] INFO  server.RaftServerConfigKeys (ConfUtils.java:logGet(43)) - raft.server.snapshot.auto.trigger.threshold = 10000 (custom)
2019-10-18 13:55:38,153 [pool-227-thread-1] INFO  server.RaftServerConfigKeys (ConfUtils.java:logGet(43)) - raft.server.log.force.sync.num = 128 (default)
2019-10-18 13:55:38,153 [pool-217-thread-1] INFO  server.RaftServerConfigKeys (ConfUtils.java:logGet(43)) - raft.server.log.preallocated.size = 16384 (custom)
2019-10-18 13:55:38,153 [pool-227-thread-1] INFO  server.RaftServerConfigKeys (ConfUtils.java:logGet(43)) - raft.server.log.statemachine.data.sync = true (default)
2019-10-18 13:55:38,153 [pool-207-thread-1] INFO  server.RaftServerConfigKeys (ConfUtils.java:logGet(43)) - raft.server.snapshot.retention.file.num = 5 (custom)
2019-10-18 13:55:38,153 [pool-227-thread-1] INFO  server.RaftServerConfigKeys (ConfUtils.java:logGet(43)) - raft.server.log.statemachine.data.sync.timeout = 10s (default)
2019-10-18 13:55:38,153 [pool-217-thread-1] INFO  server.RaftServerConfigKeys (ConfUtils.java:logGet(43)) - raft.server.log.write.buffer.size = 33554432 (custom)
2019-10-18 13:55:38,153 [pool-227-thread-1] INFO  server.RaftServerConfigKeys (ConfUtils.java:logGet(43)) - raft.server.log.statemachine.data.sync.timeout.retry = -1 (default)
2019-10-18 13:55:38,153 [pool-207-thread-1] INFO  server.RaftServerConfigKeys (ConfUtils.java:logGet(43)) - raft.server.retrycache.expirytime = 600000ms (custom)
2019-10-18 13:55:38,153 [pool-217-thread-1] INFO  server.RaftServerConfigKeys (ConfUtils.java:logGet(43)) - raft.server.log.force.sync.num = 128 (default)
2019-10-18 13:55:38,153 [pool-227-thread-1] INFO  server.RaftServerConfigKeys (ConfUtils.java:logGet(43)) - raft.server.log.statemachine.data.caching.enabled = true (custom)
2019-10-18 13:55:38,153 [pool-217-thread-1] INFO  server.RaftServerConfigKeys (ConfUtils.java:logGet(43)) - raft.server.log.statemachine.data.sync = true (default)
2019-10-18 13:55:38,154 [pool-217-thread-1] INFO  server.RaftServerConfigKeys (ConfUtils.java:logGet(43)) - raft.server.log.statemachine.data.sync.timeout = 10s (default)
2019-10-18 13:55:38,154 [pool-227-thread-1] INFO  segmented.SegmentedRaftLogWorker (SegmentedRaftLogWorker.java:lambda$new$0(128)) - ab55c7e8-b512-415e-a666-846e2c6a6faf@group-CD6A916F54C2-SegmentedRaftLogWorker: flushIndex: setUnconditionally 0 -> -1
2019-10-18 13:55:38,154 [pool-217-thread-1] INFO  server.RaftServerConfigKeys (ConfUtils.java:logGet(43)) - raft.server.log.statemachine.data.sync.timeout.retry = -1 (default)
2019-10-18 13:55:38,154 [pool-227-thread-1] INFO  server.RaftServerConfigKeys (ConfUtils.java:logGet(43)) - raft.server.snapshot.auto.trigger.enabled = true (custom)
2019-10-18 13:55:38,154 [pool-217-thread-1] INFO  server.RaftServerConfigKeys (ConfUtils.java:logGet(43)) - raft.server.log.statemachine.data.caching.enabled = true (custom)
2019-10-18 13:55:38,154 [pool-227-thread-1] INFO  server.RaftServerConfigKeys (ConfUtils.java:logGet(43)) - raft.server.snapshot.auto.trigger.threshold = 10000 (custom)
2019-10-18 13:55:38,154 [pool-227-thread-1] INFO  server.RaftServerConfigKeys (ConfUtils.java:logGet(43)) - raft.server.snapshot.retention.file.num = 5 (custom)
2019-10-18 13:55:38,154 [pool-217-thread-1] INFO  segmented.SegmentedRaftLogWorker (SegmentedRaftLogWorker.java:lambda$new$0(128)) - deffcaa8-bc06-42ed-9a5f-b537132fe3e6@group-CD6A916F54C2-SegmentedRaftLogWorker: flushIndex: setUnconditionally 0 -> -1
2019-10-18 13:55:38,154 [pool-227-thread-1] INFO  server.RaftServerConfigKeys (ConfUtils.java:logGet(43)) - raft.server.retrycache.expirytime = 600000ms (custom)
2019-10-18 13:55:38,154 [pool-217-thread-1] INFO  server.RaftServerConfigKeys (ConfUtils.java:logGet(43)) - raft.server.snapshot.auto.trigger.enabled = true (custom)
2019-10-18 13:55:38,154 [pool-217-thread-1] INFO  server.RaftServerConfigKeys (ConfUtils.java:logGet(43)) - raft.server.snapshot.auto.trigger.threshold = 10000 (custom)
2019-10-18 13:55:38,154 [pool-207-thread-1] INFO  impl.RaftServerImpl (RaftServerImpl.java:start(181)) - 8a1104a3-2cf3-46fb-8cbd-4f593888249e@group-CD6A916F54C2: start as a follower, conf=-1: [ab55c7e8-b512-415e-a666-846e2c6a6faf:192.168.157.239:44386, deffcaa8-bc06-42ed-9a5f-b537132fe3e6:192.168.157.239:37128, 8a1104a3-2cf3-46fb-8cbd-4f593888249e:192.168.157.239:43713], old=null
2019-10-18 13:55:38,155 [pool-217-thread-1] INFO  server.RaftServerConfigKeys (ConfUtils.java:logGet(43)) - raft.server.snapshot.retention.file.num = 5 (custom)
2019-10-18 13:55:38,155 [pool-207-thread-1] INFO  impl.RaftServerImpl (RaftServerImpl.java:setRole(170)) - 8a1104a3-2cf3-46fb-8cbd-4f593888249e@group-CD6A916F54C2: changes role from      null to FOLLOWER at term 0 for startAsFollower
2019-10-18 13:55:38,155 [pool-217-thread-1] INFO  server.RaftServerConfigKeys (ConfUtils.java:logGet(43)) - raft.server.retrycache.expirytime = 600000ms (custom)
2019-10-18 13:55:38,155 [pool-207-thread-1] INFO  impl.RoleInfo (RoleInfo.java:updateAndGet(143)) - 8a1104a3-2cf3-46fb-8cbd-4f593888249e: start FollowerState
2019-10-18 13:55:38,155 [pool-207-thread-1] INFO  util.JmxRegister (JmxRegister.java:tryRegister(44)) - Successfully registered JMX Bean with object name Ratis:service=RaftServer,group=group-CD6A916F54C2,id=8a1104a3-2cf3-46fb-8cbd-4f593888249e
2019-10-18 13:55:38,157 [pool-227-thread-1] INFO  impl.RaftServerImpl (RaftServerImpl.java:start(181)) - ab55c7e8-b512-415e-a666-846e2c6a6faf@group-CD6A916F54C2: start as a follower, conf=-1: [ab55c7e8-b512-415e-a666-846e2c6a6faf:192.168.157.239:44386, deffcaa8-bc06-42ed-9a5f-b537132fe3e6:192.168.157.239:37128, 8a1104a3-2cf3-46fb-8cbd-4f593888249e:192.168.157.239:43713], old=null
2019-10-18 13:55:38,157 [pool-227-thread-1] INFO  impl.RaftServerImpl (RaftServerImpl.java:setRole(170)) - ab55c7e8-b512-415e-a666-846e2c6a6faf@group-CD6A916F54C2: changes role from      null to FOLLOWER at term 0 for startAsFollower
2019-10-18 13:55:38,157 [pool-227-thread-1] INFO  impl.RoleInfo (RoleInfo.java:updateAndGet(143)) - ab55c7e8-b512-415e-a666-846e2c6a6faf: start FollowerState
2019-10-18 13:55:38,157 [pool-217-thread-1] INFO  impl.RaftServerImpl (RaftServerImpl.java:start(181)) - deffcaa8-bc06-42ed-9a5f-b537132fe3e6@group-CD6A916F54C2: start as a follower, conf=-1: [ab55c7e8-b512-415e-a666-846e2c6a6faf:192.168.157.239:44386, deffcaa8-bc06-42ed-9a5f-b537132fe3e6:192.168.157.239:37128, 8a1104a3-2cf3-46fb-8cbd-4f593888249e:192.168.157.239:43713], old=null
2019-10-18 13:55:38,158 [pool-217-thread-1] INFO  impl.RaftServerImpl (RaftServerImpl.java:setRole(170)) - deffcaa8-bc06-42ed-9a5f-b537132fe3e6@group-CD6A916F54C2: changes role from      null to FOLLOWER at term 0 for startAsFollower
2019-10-18 13:55:38,158 [pool-227-thread-1] INFO  util.JmxRegister (JmxRegister.java:tryRegister(44)) - Successfully registered JMX Bean with object name Ratis:service=RaftServer,group=group-CD6A916F54C2,id=ab55c7e8-b512-415e-a666-846e2c6a6faf
2019-10-18 13:55:38,158 [pool-217-thread-1] INFO  impl.RoleInfo (RoleInfo.java:updateAndGet(143)) - deffcaa8-bc06-42ed-9a5f-b537132fe3e6: start FollowerState
2019-10-18 13:55:38,158 [pool-217-thread-1] INFO  util.JmxRegister (JmxRegister.java:tryRegister(44)) - Successfully registered JMX Bean with object name Ratis:service=RaftServer,group=group-CD6A916F54C2,id=deffcaa8-bc06-42ed-9a5f-b537132fe3e6
2019-10-18 13:55:38,166 [RatisPipelineUtilsThread] INFO  pipeline.PipelineStateManager (PipelineStateManager.java:addPipeline(56)) - Created pipeline Pipeline[ Id: 659804ce-9b7a-4f55-ba47-cd6a916f54c2, Nodes: 8a1104a3-2cf3-46fb-8cbd-4f593888249e{ip: 192.168.157.239, host: pr-hdds-2281-wfpgn-3925442534, networkLocation: /default-rack, certSerialId: null}ab55c7e8-b512-415e-a666-846e2c6a6faf{ip: 192.168.157.239, host: pr-hdds-2281-wfpgn-3925442534, networkLocation: /default-rack, certSerialId: null}deffcaa8-bc06-42ed-9a5f-b537132fe3e6{ip: 192.168.157.239, host: pr-hdds-2281-wfpgn-3925442534, networkLocation: /default-rack, certSerialId: null}, Type:RATIS, Factor:THREE, State:OPEN]
2019-10-18 13:55:38,176 [IPC Server handler 11 on 41704] INFO  net.NetworkTopology (NetworkTopologyImpl.java:add(111)) - Added a new node: /default-rack/2c4ede3d-8481-4ebf-ad31-449fc9bb313e
2019-10-18 13:55:38,176 [IPC Server handler 11 on 41704] INFO  node.SCMNodeManager (SCMNodeManager.java:register(268)) - Registered Data node : 2c4ede3d-8481-4ebf-ad31-449fc9bb313e{ip: 192.168.157.239, host: pr-hdds-2281-wfpgn-3925442534, networkLocation: /default-rack, certSerialId: null}
2019-10-18 13:55:38,182 [grpc-default-executor-5] INFO  impl.RaftServerProxy (RaftServerProxy.java:addNew(89)) - 2c4ede3d-8481-4ebf-ad31-449fc9bb313e: addNew group-09562E5E73CB:[2c4ede3d-8481-4ebf-ad31-449fc9bb313e:192.168.157.239:46355] returns group-09562E5E73CB:java.util.concurrent.CompletableFuture@34880cf4[Not completed]
2019-10-18 13:55:38,185 [pool-247-thread-1] INFO  impl.RaftServerImpl (RaftServerImpl.java:<init>(95)) - 2c4ede3d-8481-4ebf-ad31-449fc9bb313e: new RaftServerImpl for group-09562E5E73CB:[2c4ede3d-8481-4ebf-ad31-449fc9bb313e:192.168.157.239:46355] with ContainerStateMachine:uninitialized
2019-10-18 13:55:38,185 [pool-247-thread-1] INFO  server.RaftServerConfigKeys (ConfUtils.java:logGet(43)) - raft.server.rpc.timeout.min = 5s (custom)
2019-10-18 13:55:38,185 [pool-247-thread-1] INFO  server.RaftServerConfigKeys (ConfUtils.java:logGet(43)) - raft.server.rpc.timeout.max = 5200ms (custom)
2019-10-18 13:55:38,185 [pool-247-thread-1] INFO  server.RaftServerConfigKeys (ConfUtils.java:logGet(43)) - raft.server.rpcslowness.timeout = 120s (custom)
2019-10-18 13:55:38,185 [pool-247-thread-1] INFO  server.RaftServerConfigKeys (ConfUtils.java:logGet(43)) - raft.server.sleep.deviation.threshold = 300 (default)
2019-10-18 13:55:38,185 [pool-247-thread-1] INFO  server.RaftServerConfigKeys (ConfUtils.java:logGet(43)) - raft.server.log.appender.install.snapshot.enabled = false (custom)
2019-10-18 13:55:38,185 [pool-247-thread-1] INFO  impl.RaftServerImpl (ServerState.java:<init>(103)) - 2c4ede3d-8481-4ebf-ad31-449fc9bb313e@group-09562E5E73CB: ConfigurationManager, init=-1: [2c4ede3d-8481-4ebf-ad31-449fc9bb313e:192.168.157.239:46355], old=null, confs=<EMPTY_MAP>
2019-10-18 13:55:38,185 [pool-247-thread-1] INFO  server.RaftServerConfigKeys (ConfUtils.java:logGet(43)) - raft.server.storage.dir = [/workdir/hadoop-ozone/integration-test/target/test-dir/MiniOzoneClusterImpl-d3375502-699e-4143-a4c2-dc077696cbd1/datanode-4/data/ratis] (custom)
2019-10-18 13:55:38,186 [pool-247-thread-1] INFO  server.RaftServerConfigKeys (ConfUtils.java:logGet(43)) - raft.server.log.corruption.policy = EXCEPTION (default)
2019-10-18 13:55:38,186 [pool-247-thread-1] INFO  storage.RaftStorageDirectory (RaftStorageDirectory.java:analyzeStorage(246)) - The storage directory /workdir/hadoop-ozone/integration-test/target/test-dir/MiniOzoneClusterImpl-d3375502-699e-4143-a4c2-dc077696cbd1/datanode-4/data/ratis/01e178c9-1cda-488d-a327-09562e5e73cb does not exist. Creating ...
2019-10-18 13:55:38,199 [pool-247-thread-1] INFO  storage.RaftStorageDirectory (RaftStorageDirectory.java:tryLock(328)) - Lock on /workdir/hadoop-ozone/integration-test/target/test-dir/MiniOzoneClusterImpl-d3375502-699e-4143-a4c2-dc077696cbd1/datanode-4/data/ratis/01e178c9-1cda-488d-a327-09562e5e73cb/in_use.lock acquired by nodename 4327@pr-hdds-2281-wfpgn-3925442534
2019-10-18 13:55:38,212 [pool-247-thread-1] INFO  storage.RaftStorage (RaftStorage.java:format(84)) - Storage directory /workdir/hadoop-ozone/integration-test/target/test-dir/MiniOzoneClusterImpl-d3375502-699e-4143-a4c2-dc077696cbd1/datanode-4/data/ratis/01e178c9-1cda-488d-a327-09562e5e73cb has been successfully formatted.
2019-10-18 13:55:38,212 [pool-247-thread-1] INFO  ratis.ContainerStateMachine (ContainerStateMachine.java:loadSnapshot(231)) - group-09562E5E73CB: The snapshot info is null. Setting the last applied indexto:(t:0, i:~)
2019-10-18 13:55:38,213 [pool-247-thread-1] INFO  server.RaftServerConfigKeys (ConfUtils.java:logGet(43)) - raft.server.notification.no-leader.timeout = 120s (custom)
2019-10-18 13:55:38,213 [pool-247-thread-1] INFO  server.RaftServerConfigKeys (ConfUtils.java:logGet(43)) - raft.server.log.use.memory = false (default)
2019-10-18 13:55:38,213 [pool-247-thread-1] INFO  server.RaftServerConfigKeys (ConfUtils.java:logGet(43)) - raft.server.log.purge.gap = 1000000 (custom)
2019-10-18 13:55:38,213 [pool-247-thread-1] INFO  server.RaftServerConfigKeys (ConfUtils.java:logGet(43)) - raft.server.log.appender.buffer.byte-limit = 33554432 (custom)
2019-10-18 13:55:38,213 [pool-247-thread-1] INFO  server.RaftServerConfigKeys (ConfUtils.java:logGet(43)) - raft.server.log.segment.size.max = 1048576 (custom)
2019-10-18 13:55:38,215 [pool-247-thread-1] INFO  server.RaftServerConfigKeys (ConfUtils.java:logGet(43)) - raft.server.log.segment.cache.num.max = 2 (custom)
2019-10-18 13:55:38,215 [pool-247-thread-1] INFO  segmented.SegmentedRaftLogWorker (SegmentedRaftLogWorker.java:<init>(173)) - new 2c4ede3d-8481-4ebf-ad31-449fc9bb313e@group-09562E5E73CB-SegmentedRaftLogWorker for RaftStorage:Storage Directory /workdir/hadoop-ozone/integration-test/target/test-dir/MiniOzoneClusterImpl-d3375502-699e-4143-a4c2-dc077696cbd1/datanode-4/data/ratis/01e178c9-1cda-488d-a327-09562e5e73cb
2019-10-18 13:55:38,215 [pool-247-thread-1] INFO  server.RaftServerConfigKeys (ConfUtils.java:logGet(43)) - raft.server.log.queue.byte-limit = 2147483647 (custom)
2019-10-18 13:55:38,216 [pool-247-thread-1] INFO  server.RaftServerConfigKeys (ConfUtils.java:logGet(43)) - raft.server.log.queue.element-limit = 1024 (custom)
2019-10-18 13:55:38,216 [pool-247-thread-1] INFO  server.RaftServerConfigKeys (ConfUtils.java:logGet(43)) - raft.server.log.segment.size.max = 1048576 (custom)
2019-10-18 13:55:38,216 [pool-247-thread-1] INFO  server.RaftServerConfigKeys (ConfUtils.java:logGet(43)) - raft.server.log.preallocated.size = 16384 (custom)
2019-10-18 13:55:38,216 [pool-247-thread-1] INFO  server.RaftServerConfigKeys (ConfUtils.java:logGet(43)) - raft.server.log.write.buffer.size = 33554432 (custom)
2019-10-18 13:55:38,216 [pool-247-thread-1] INFO  server.RaftServerConfigKeys (ConfUtils.java:logGet(43)) - raft.server.log.force.sync.num = 128 (default)
2019-10-18 13:55:38,216 [pool-247-thread-1] INFO  server.RaftServerConfigKeys (ConfUtils.java:logGet(43)) - raft.server.log.statemachine.data.sync = true (default)
2019-10-18 13:55:38,216 [pool-247-thread-1] INFO  server.RaftServerConfigKeys (ConfUtils.java:logGet(43)) - raft.server.log.statemachine.data.sync.timeout = 10s (default)
2019-10-18 13:55:38,216 [pool-247-thread-1] INFO  server.RaftServerConfigKeys (ConfUtils.java:logGet(43)) - raft.server.log.statemachine.data.sync.timeout.retry = -1 (default)
2019-10-18 13:55:38,217 [pool-247-thread-1] INFO  server.RaftServerConfigKeys (ConfUtils.java:logGet(43)) - raft.server.log.statemachine.data.caching.enabled = true (custom)
2019-10-18 13:55:38,217 [pool-247-thread-1] INFO  segmented.SegmentedRaftLogWorker (SegmentedRaftLogWorker.java:lambda$new$0(128)) - 2c4ede3d-8481-4ebf-ad31-449fc9bb313e@group-09562E5E73CB-SegmentedRaftLogWorker: flushIndex: setUnconditionally 0 -> -1
2019-10-18 13:55:38,217 [pool-247-thread-1] INFO  server.RaftServerConfigKeys (ConfUtils.java:logGet(43)) - raft.server.snapshot.auto.trigger.enabled = true (custom)
2019-10-18 13:55:38,217 [pool-247-thread-1] INFO  server.RaftServerConfigKeys (ConfUtils.java:logGet(43)) - raft.server.snapshot.auto.trigger.threshold = 10000 (custom)
2019-10-18 13:55:38,217 [pool-247-thread-1] INFO  server.RaftServerConfigKeys (ConfUtils.java:logGet(43)) - raft.server.snapshot.retention.file.num = 5 (custom)
2019-10-18 13:55:38,217 [pool-247-thread-1] INFO  server.RaftServerConfigKeys (ConfUtils.java:logGet(43)) - raft.server.retrycache.expirytime = 600000ms (custom)
2019-10-18 13:55:38,219 [pool-247-thread-1] INFO  impl.RaftServerImpl (RaftServerImpl.java:start(181)) - 2c4ede3d-8481-4ebf-ad31-449fc9bb313e@group-09562E5E73CB: start as a follower, conf=-1: [2c4ede3d-8481-4ebf-ad31-449fc9bb313e:192.168.157.239:46355], old=null
2019-10-18 13:55:38,219 [pool-247-thread-1] INFO  impl.RaftServerImpl (RaftServerImpl.java:setRole(170)) - 2c4ede3d-8481-4ebf-ad31-449fc9bb313e@group-09562E5E73CB: changes role from      null to FOLLOWER at term 0 for startAsFollower
2019-10-18 13:55:38,219 [pool-247-thread-1] INFO  impl.RoleInfo (RoleInfo.java:updateAndGet(143)) - 2c4ede3d-8481-4ebf-ad31-449fc9bb313e: start FollowerState
2019-10-18 13:55:38,219 [pool-247-thread-1] INFO  util.JmxRegister (JmxRegister.java:tryRegister(44)) - Successfully registered JMX Bean with object name Ratis:service=RaftServer,group=group-09562E5E73CB,id=2c4ede3d-8481-4ebf-ad31-449fc9bb313e
2019-10-18 13:55:38,224 [RatisPipelineUtilsThread] INFO  pipeline.PipelineStateManager (PipelineStateManager.java:addPipeline(56)) - Created pipeline Pipeline[ Id: 01e178c9-1cda-488d-a327-09562e5e73cb, Nodes: 2c4ede3d-8481-4ebf-ad31-449fc9bb313e{ip: 192.168.157.239, host: pr-hdds-2281-wfpgn-3925442534, networkLocation: /default-rack, certSerialId: null}, Type:RATIS, Factor:ONE, State:OPEN]
2019-10-18 13:55:38,230 [grpc-default-executor-5] INFO  impl.RaftServerProxy (RaftServerProxy.java:addNew(89)) - 20bc0158-09c7-4e30-9f85-c6c328e1c2c3: addNew group-D2851B1E7D83:[20bc0158-09c7-4e30-9f85-c6c328e1c2c3:192.168.157.239:34466] returns group-D2851B1E7D83:java.util.concurrent.CompletableFuture@404756d9[Not completed]
2019-10-18 13:55:38,232 [pool-237-thread-1] INFO  impl.RaftServerImpl (RaftServerImpl.java:<init>(95)) - 20bc0158-09c7-4e30-9f85-c6c328e1c2c3: new RaftServerImpl for group-D2851B1E7D83:[20bc0158-09c7-4e30-9f85-c6c328e1c2c3:192.168.157.239:34466] with ContainerStateMachine:uninitialized
2019-10-18 13:55:38,232 [pool-237-thread-1] INFO  server.RaftServerConfigKeys (ConfUtils.java:logGet(43)) - raft.server.rpc.timeout.min = 5s (custom)
2019-10-18 13:55:38,232 [pool-237-thread-1] INFO  server.RaftServerConfigKeys (ConfUtils.java:logGet(43)) - raft.server.rpc.timeout.max = 5200ms (custom)
2019-10-18 13:55:38,232 [pool-237-thread-1] INFO  server.RaftServerConfigKeys (ConfUtils.java:logGet(43)) - raft.server.rpcslowness.timeout = 120s (custom)
2019-10-18 13:55:38,232 [pool-237-thread-1] INFO  server.RaftServerConfigKeys (ConfUtils.java:logGet(43)) - raft.server.sleep.deviation.threshold = 300 (default)
2019-10-18 13:55:38,232 [pool-237-thread-1] INFO  server.RaftServerConfigKeys (ConfUtils.java:logGet(43)) - raft.server.log.appender.install.snapshot.enabled = false (custom)
2019-10-18 13:55:38,232 [pool-237-thread-1] INFO  impl.RaftServerImpl (ServerState.java:<init>(103)) - 20bc0158-09c7-4e30-9f85-c6c328e1c2c3@group-D2851B1E7D83: ConfigurationManager, init=-1: [20bc0158-09c7-4e30-9f85-c6c328e1c2c3:192.168.157.239:34466], old=null, confs=<EMPTY_MAP>
2019-10-18 13:55:38,232 [pool-237-thread-1] INFO  server.RaftServerConfigKeys (ConfUtils.java:logGet(43)) - raft.server.storage.dir = [/workdir/hadoop-ozone/integration-test/target/test-dir/MiniOzoneClusterImpl-d3375502-699e-4143-a4c2-dc077696cbd1/datanode-3/data/ratis] (custom)
2019-10-18 13:55:38,233 [pool-237-thread-1] INFO  server.RaftServerConfigKeys (ConfUtils.java:logGet(43)) - raft.server.log.corruption.policy = EXCEPTION (default)
2019-10-18 13:55:38,233 [pool-237-thread-1] INFO  storage.RaftStorageDirectory (RaftStorageDirectory.java:analyzeStorage(246)) - The storage directory /workdir/hadoop-ozone/integration-test/target/test-dir/MiniOzoneClusterImpl-d3375502-699e-4143-a4c2-dc077696cbd1/datanode-3/data/ratis/bc10a4fd-4340-46d4-87a4-d2851b1e7d83 does not exist. Creating ...
2019-10-18 13:55:38,242 [IPC Server handler 10 on 41704] INFO  net.NetworkTopology (NetworkTopologyImpl.java:add(111)) - Added a new node: /default-rack/d1508a19-715e-4b85-a912-9e7e82cb6f46
2019-10-18 13:55:38,242 [IPC Server handler 10 on 41704] INFO  node.SCMNodeManager (SCMNodeManager.java:register(268)) - Registered Data node : d1508a19-715e-4b85-a912-9e7e82cb6f46{ip: 192.168.157.239, host: pr-hdds-2281-wfpgn-3925442534, networkLocation: /default-rack, certSerialId: null}
2019-10-18 13:55:38,246 [pool-237-thread-1] INFO  storage.RaftStorageDirectory (RaftStorageDirectory.java:tryLock(328)) - Lock on /workdir/hadoop-ozone/integration-test/target/test-dir/MiniOzoneClusterImpl-d3375502-699e-4143-a4c2-dc077696cbd1/datanode-3/data/ratis/bc10a4fd-4340-46d4-87a4-d2851b1e7d83/in_use.lock acquired by nodename 4327@pr-hdds-2281-wfpgn-3925442534
2019-10-18 13:55:38,292 [pool-237-thread-1] INFO  storage.RaftStorage (RaftStorage.java:format(84)) - Storage directory /workdir/hadoop-ozone/integration-test/target/test-dir/MiniOzoneClusterImpl-d3375502-699e-4143-a4c2-dc077696cbd1/datanode-3/data/ratis/bc10a4fd-4340-46d4-87a4-d2851b1e7d83 has been successfully formatted.
2019-10-18 13:55:38,292 [pool-237-thread-1] INFO  ratis.ContainerStateMachine (ContainerStateMachine.java:loadSnapshot(231)) - group-D2851B1E7D83: The snapshot info is null. Setting the last applied indexto:(t:0, i:~)
2019-10-18 13:55:38,292 [pool-237-thread-1] INFO  server.RaftServerConfigKeys (ConfUtils.java:logGet(43)) - raft.server.notification.no-leader.timeout = 120s (custom)
2019-10-18 13:55:38,292 [pool-237-thread-1] INFO  server.RaftServerConfigKeys (ConfUtils.java:logGet(43)) - raft.server.log.use.memory = false (default)
2019-10-18 13:55:38,292 [pool-237-thread-1] INFO  server.RaftServerConfigKeys (ConfUtils.java:logGet(43)) - raft.server.log.purge.gap = 1000000 (custom)
2019-10-18 13:55:38,292 [pool-237-thread-1] INFO  server.RaftServerConfigKeys (ConfUtils.java:logGet(43)) - raft.server.log.appender.buffer.byte-limit = 33554432 (custom)
2019-10-18 13:55:38,293 [pool-237-thread-1] INFO  server.RaftServerConfigKeys (ConfUtils.java:logGet(43)) - raft.server.log.segment.size.max = 1048576 (custom)
2019-10-18 13:55:38,294 [pool-237-thread-1] INFO  server.RaftServerConfigKeys (ConfUtils.java:logGet(43)) - raft.server.log.segment.cache.num.max = 2 (custom)
2019-10-18 13:55:38,294 [pool-237-thread-1] INFO  segmented.SegmentedRaftLogWorker (SegmentedRaftLogWorker.java:<init>(173)) - new 20bc0158-09c7-4e30-9f85-c6c328e1c2c3@group-D2851B1E7D83-SegmentedRaftLogWorker for RaftStorage:Storage Directory /workdir/hadoop-ozone/integration-test/target/test-dir/MiniOzoneClusterImpl-d3375502-699e-4143-a4c2-dc077696cbd1/datanode-3/data/ratis/bc10a4fd-4340-46d4-87a4-d2851b1e7d83
2019-10-18 13:55:38,294 [pool-237-thread-1] INFO  server.RaftServerConfigKeys (ConfUtils.java:logGet(43)) - raft.server.log.queue.byte-limit = 2147483647 (custom)
2019-10-18 13:55:38,294 [pool-237-thread-1] INFO  server.RaftServerConfigKeys (ConfUtils.java:logGet(43)) - raft.server.log.queue.element-limit = 1024 (custom)
2019-10-18 13:55:38,294 [pool-237-thread-1] INFO  server.RaftServerConfigKeys (ConfUtils.java:logGet(43)) - raft.server.log.segment.size.max = 1048576 (custom)
2019-10-18 13:55:38,294 [pool-237-thread-1] INFO  server.RaftServerConfigKeys (ConfUtils.java:logGet(43)) - raft.server.log.preallocated.size = 16384 (custom)
2019-10-18 13:55:38,294 [pool-237-thread-1] INFO  server.RaftServerConfigKeys (ConfUtils.java:logGet(43)) - raft.server.log.write.buffer.size = 33554432 (custom)
2019-10-18 13:55:38,294 [pool-237-thread-1] INFO  server.RaftServerConfigKeys (ConfUtils.java:logGet(43)) - raft.server.log.force.sync.num = 128 (default)
2019-10-18 13:55:38,294 [pool-237-thread-1] INFO  server.RaftServerConfigKeys (ConfUtils.java:logGet(43)) - raft.server.log.statemachine.data.sync = true (default)
2019-10-18 13:55:38,295 [pool-237-thread-1] INFO  server.RaftServerConfigKeys (ConfUtils.java:logGet(43)) - raft.server.log.statemachine.data.sync.timeout = 10s (default)
2019-10-18 13:55:38,295 [pool-237-thread-1] INFO  server.RaftServerConfigKeys (ConfUtils.java:logGet(43)) - raft.server.log.statemachine.data.sync.timeout.retry = -1 (default)
2019-10-18 13:55:38,295 [pool-237-thread-1] INFO  server.RaftServerConfigKeys (ConfUtils.java:logGet(43)) - raft.server.log.statemachine.data.caching.enabled = true (custom)
2019-10-18 13:55:38,295 [pool-237-thread-1] INFO  segmented.SegmentedRaftLogWorker (SegmentedRaftLogWorker.java:lambda$new$0(128)) - 20bc0158-09c7-4e30-9f85-c6c328e1c2c3@group-D2851B1E7D83-SegmentedRaftLogWorker: flushIndex: setUnconditionally 0 -> -1
2019-10-18 13:55:38,295 [pool-237-thread-1] INFO  server.RaftServerConfigKeys (ConfUtils.java:logGet(43)) - raft.server.snapshot.auto.trigger.enabled = true (custom)
2019-10-18 13:55:38,295 [pool-237-thread-1] INFO  server.RaftServerConfigKeys (ConfUtils.java:logGet(43)) - raft.server.snapshot.auto.trigger.threshold = 10000 (custom)
2019-10-18 13:55:38,296 [pool-237-thread-1] INFO  server.RaftServerConfigKeys (ConfUtils.java:logGet(43)) - raft.server.snapshot.retention.file.num = 5 (custom)
2019-10-18 13:55:38,296 [pool-237-thread-1] INFO  server.RaftServerConfigKeys (ConfUtils.java:logGet(43)) - raft.server.retrycache.expirytime = 600000ms (custom)
2019-10-18 13:55:38,297 [pool-237-thread-1] INFO  impl.RaftServerImpl (RaftServerImpl.java:start(181)) - 20bc0158-09c7-4e30-9f85-c6c328e1c2c3@group-D2851B1E7D83: start as a follower, conf=-1: [20bc0158-09c7-4e30-9f85-c6c328e1c2c3:192.168.157.239:34466], old=null
2019-10-18 13:55:38,298 [pool-237-thread-1] INFO  impl.RaftServerImpl (RaftServerImpl.java:setRole(170)) - 20bc0158-09c7-4e30-9f85-c6c328e1c2c3@group-D2851B1E7D83: changes role from      null to FOLLOWER at term 0 for startAsFollower
2019-10-18 13:55:38,298 [pool-237-thread-1] INFO  impl.RoleInfo (RoleInfo.java:updateAndGet(143)) - 20bc0158-09c7-4e30-9f85-c6c328e1c2c3: start FollowerState
2019-10-18 13:55:38,298 [pool-237-thread-1] INFO  util.JmxRegister (JmxRegister.java:tryRegister(44)) - Successfully registered JMX Bean with object name Ratis:service=RaftServer,group=group-D2851B1E7D83,id=20bc0158-09c7-4e30-9f85-c6c328e1c2c3
2019-10-18 13:55:38,304 [RatisPipelineUtilsThread] INFO  pipeline.PipelineStateManager (PipelineStateManager.java:addPipeline(56)) - Created pipeline Pipeline[ Id: bc10a4fd-4340-46d4-87a4-d2851b1e7d83, Nodes: 20bc0158-09c7-4e30-9f85-c6c328e1c2c3{ip: 192.168.157.239, host: pr-hdds-2281-wfpgn-3925442534, networkLocation: /default-rack, certSerialId: null}, Type:RATIS, Factor:ONE, State:OPEN]
2019-10-18 13:55:38,315 [grpc-default-executor-5] INFO  impl.RaftServerProxy (RaftServerProxy.java:addNew(89)) - d1508a19-715e-4b85-a912-9e7e82cb6f46: addNew group-316C87EB5375:[d1508a19-715e-4b85-a912-9e7e82cb6f46:192.168.157.239:38216] returns group-316C87EB5375:java.util.concurrent.CompletableFuture@5cf11bd6[Not completed]
2019-10-18 13:55:38,316 [pool-257-thread-1] INFO  impl.RaftServerImpl (RaftServerImpl.java:<init>(95)) - d1508a19-715e-4b85-a912-9e7e82cb6f46: new RaftServerImpl for group-316C87EB5375:[d1508a19-715e-4b85-a912-9e7e82cb6f46:192.168.157.239:38216] with ContainerStateMachine:uninitialized
2019-10-18 13:55:38,316 [pool-257-thread-1] INFO  server.RaftServerConfigKeys (ConfUtils.java:logGet(43)) - raft.server.rpc.timeout.min = 5s (custom)
2019-10-18 13:55:38,316 [pool-257-thread-1] INFO  server.RaftServerConfigKeys (ConfUtils.java:logGet(43)) - raft.server.rpc.timeout.max = 5200ms (custom)
2019-10-18 13:55:38,316 [pool-257-thread-1] INFO  server.RaftServerConfigKeys (ConfUtils.java:logGet(43)) - raft.server.rpcslowness.timeout = 120s (custom)
2019-10-18 13:55:38,316 [pool-257-thread-1] INFO  server.RaftServerConfigKeys (ConfUtils.java:logGet(43)) - raft.server.sleep.deviation.threshold = 300 (default)
2019-10-18 13:55:38,316 [pool-257-thread-1] INFO  server.RaftServerConfigKeys (ConfUtils.java:logGet(43)) - raft.server.log.appender.install.snapshot.enabled = false (custom)
2019-10-18 13:55:38,316 [pool-257-thread-1] INFO  impl.RaftServerImpl (ServerState.java:<init>(103)) - d1508a19-715e-4b85-a912-9e7e82cb6f46@group-316C87EB5375: ConfigurationManager, init=-1: [d1508a19-715e-4b85-a912-9e7e82cb6f46:192.168.157.239:38216], old=null, confs=<EMPTY_MAP>
2019-10-18 13:55:38,317 [pool-257-thread-1] INFO  server.RaftServerConfigKeys (ConfUtils.java:logGet(43)) - raft.server.storage.dir = [/workdir/hadoop-ozone/integration-test/target/test-dir/MiniOzoneClusterImpl-d3375502-699e-4143-a4c2-dc077696cbd1/datanode-5/data/ratis] (custom)
2019-10-18 13:55:38,317 [pool-257-thread-1] INFO  server.RaftServerConfigKeys (ConfUtils.java:logGet(43)) - raft.server.log.corruption.policy = EXCEPTION (default)
2019-10-18 13:55:38,317 [pool-257-thread-1] INFO  storage.RaftStorageDirectory (RaftStorageDirectory.java:analyzeStorage(246)) - The storage directory /workdir/hadoop-ozone/integration-test/target/test-dir/MiniOzoneClusterImpl-d3375502-699e-4143-a4c2-dc077696cbd1/datanode-5/data/ratis/4aaebaee-c064-4281-a298-316c87eb5375 does not exist. Creating ...
2019-10-18 13:55:38,323 [pool-257-thread-1] INFO  storage.RaftStorageDirectory (RaftStorageDirectory.java:tryLock(328)) - Lock on /workdir/hadoop-ozone/integration-test/target/test-dir/MiniOzoneClusterImpl-d3375502-699e-4143-a4c2-dc077696cbd1/datanode-5/data/ratis/4aaebaee-c064-4281-a298-316c87eb5375/in_use.lock acquired by nodename 4327@pr-hdds-2281-wfpgn-3925442534
2019-10-18 13:55:38,324 [main] INFO  ozone.MiniOzoneClusterImpl (MiniOzoneClusterImpl.java:lambda$waitForClusterToBeReady$0(147)) - Waiting for cluster to be ready. Got 6 of 7 DN Heartbeats.
2019-10-18 13:55:38,325 [IPC Server handler 2 on 41704] INFO  net.NetworkTopology (NetworkTopologyImpl.java:add(111)) - Added a new node: /default-rack/119aa2bc-d14e-47ea-9e7f-8e58165706a3
2019-10-18 13:55:38,325 [IPC Server handler 2 on 41704] INFO  node.SCMNodeManager (SCMNodeManager.java:register(268)) - Registered Data node : 119aa2bc-d14e-47ea-9e7f-8e58165706a3{ip: 192.168.157.239, host: pr-hdds-2281-wfpgn-3925442534, networkLocation: /default-rack, certSerialId: null}
2019-10-18 13:55:38,336 [pool-257-thread-1] INFO  storage.RaftStorage (RaftStorage.java:format(84)) - Storage directory /workdir/hadoop-ozone/integration-test/target/test-dir/MiniOzoneClusterImpl-d3375502-699e-4143-a4c2-dc077696cbd1/datanode-5/data/ratis/4aaebaee-c064-4281-a298-316c87eb5375 has been successfully formatted.
2019-10-18 13:55:38,336 [pool-257-thread-1] INFO  ratis.ContainerStateMachine (ContainerStateMachine.java:loadSnapshot(231)) - group-316C87EB5375: The snapshot info is null. Setting the last applied indexto:(t:0, i:~)
2019-10-18 13:55:38,336 [pool-257-thread-1] INFO  server.RaftServerConfigKeys (ConfUtils.java:logGet(43)) - raft.server.notification.no-leader.timeout = 120s (custom)
2019-10-18 13:55:38,336 [pool-257-thread-1] INFO  server.RaftServerConfigKeys (ConfUtils.java:logGet(43)) - raft.server.log.use.memory = false (default)
2019-10-18 13:55:38,336 [pool-257-thread-1] INFO  server.RaftServerConfigKeys (ConfUtils.java:logGet(43)) - raft.server.log.purge.gap = 1000000 (custom)
2019-10-18 13:55:38,336 [pool-257-thread-1] INFO  server.RaftServerConfigKeys (ConfUtils.java:logGet(43)) - raft.server.log.appender.buffer.byte-limit = 33554432 (custom)
2019-10-18 13:55:38,336 [pool-257-thread-1] INFO  server.RaftServerConfigKeys (ConfUtils.java:logGet(43)) - raft.server.log.segment.size.max = 1048576 (custom)
2019-10-18 13:55:38,338 [pool-257-thread-1] INFO  server.RaftServerConfigKeys (ConfUtils.java:logGet(43)) - raft.server.log.segment.cache.num.max = 2 (custom)
2019-10-18 13:55:38,338 [pool-257-thread-1] INFO  segmented.SegmentedRaftLogWorker (SegmentedRaftLogWorker.java:<init>(173)) - new d1508a19-715e-4b85-a912-9e7e82cb6f46@group-316C87EB5375-SegmentedRaftLogWorker for RaftStorage:Storage Directory /workdir/hadoop-ozone/integration-test/target/test-dir/MiniOzoneClusterImpl-d3375502-699e-4143-a4c2-dc077696cbd1/datanode-5/data/ratis/4aaebaee-c064-4281-a298-316c87eb5375
2019-10-18 13:55:38,338 [pool-257-thread-1] INFO  server.RaftServerConfigKeys (ConfUtils.java:logGet(43)) - raft.server.log.queue.byte-limit = 2147483647 (custom)
2019-10-18 13:55:38,338 [pool-257-thread-1] INFO  server.RaftServerConfigKeys (ConfUtils.java:logGet(43)) - raft.server.log.queue.element-limit = 1024 (custom)
2019-10-18 13:55:38,338 [pool-257-thread-1] INFO  server.RaftServerConfigKeys (ConfUtils.java:logGet(43)) - raft.server.log.segment.size.max = 1048576 (custom)
2019-10-18 13:55:38,338 [pool-257-thread-1] INFO  server.RaftServerConfigKeys (ConfUtils.java:logGet(43)) - raft.server.log.preallocated.size = 16384 (custom)
2019-10-18 13:55:38,338 [pool-257-thread-1] INFO  server.RaftServerConfigKeys (ConfUtils.java:logGet(43)) - raft.server.log.write.buffer.size = 33554432 (custom)
2019-10-18 13:55:38,338 [pool-257-thread-1] INFO  server.RaftServerConfigKeys (ConfUtils.java:logGet(43)) - raft.server.log.force.sync.num = 128 (default)
2019-10-18 13:55:38,338 [pool-257-thread-1] INFO  server.RaftServerConfigKeys (ConfUtils.java:logGet(43)) - raft.server.log.statemachine.data.sync = true (default)
2019-10-18 13:55:38,338 [pool-257-thread-1] INFO  server.RaftServerConfigKeys (ConfUtils.java:logGet(43)) - raft.server.log.statemachine.data.sync.timeout = 10s (default)
2019-10-18 13:55:38,338 [pool-257-thread-1] INFO  server.RaftServerConfigKeys (ConfUtils.java:logGet(43)) - raft.server.log.statemachine.data.sync.timeout.retry = -1 (default)
2019-10-18 13:55:38,339 [pool-257-thread-1] INFO  server.RaftServerConfigKeys (ConfUtils.java:logGet(43)) - raft.server.log.statemachine.data.caching.enabled = true (custom)
2019-10-18 13:55:38,339 [pool-257-thread-1] INFO  segmented.SegmentedRaftLogWorker (SegmentedRaftLogWorker.java:lambda$new$0(128)) - d1508a19-715e-4b85-a912-9e7e82cb6f46@group-316C87EB5375-SegmentedRaftLogWorker: flushIndex: setUnconditionally 0 -> -1
2019-10-18 13:55:38,339 [pool-257-thread-1] INFO  server.RaftServerConfigKeys (ConfUtils.java:logGet(43)) - raft.server.snapshot.auto.trigger.enabled = true (custom)
2019-10-18 13:55:38,339 [pool-257-thread-1] INFO  server.RaftServerConfigKeys (ConfUtils.java:logGet(43)) - raft.server.snapshot.auto.trigger.threshold = 10000 (custom)
2019-10-18 13:55:38,339 [pool-257-thread-1] INFO  server.RaftServerConfigKeys (ConfUtils.java:logGet(43)) - raft.server.snapshot.retention.file.num = 5 (custom)
2019-10-18 13:55:38,340 [pool-257-thread-1] INFO  server.RaftServerConfigKeys (ConfUtils.java:logGet(43)) - raft.server.retrycache.expirytime = 600000ms (custom)
2019-10-18 13:55:38,341 [pool-257-thread-1] INFO  impl.RaftServerImpl (RaftServerImpl.java:start(181)) - d1508a19-715e-4b85-a912-9e7e82cb6f46@group-316C87EB5375: start as a follower, conf=-1: [d1508a19-715e-4b85-a912-9e7e82cb6f46:192.168.157.239:38216], old=null
2019-10-18 13:55:38,341 [pool-257-thread-1] INFO  impl.RaftServerImpl (RaftServerImpl.java:setRole(170)) - d1508a19-715e-4b85-a912-9e7e82cb6f46@group-316C87EB5375: changes role from      null to FOLLOWER at term 0 for startAsFollower
2019-10-18 13:55:38,341 [pool-257-thread-1] INFO  impl.RoleInfo (RoleInfo.java:updateAndGet(143)) - d1508a19-715e-4b85-a912-9e7e82cb6f46: start FollowerState
2019-10-18 13:55:38,341 [pool-257-thread-1] INFO  util.JmxRegister (JmxRegister.java:tryRegister(44)) - Successfully registered JMX Bean with object name Ratis:service=RaftServer,group=group-316C87EB5375,id=d1508a19-715e-4b85-a912-9e7e82cb6f46
2019-10-18 13:55:38,346 [RatisPipelineUtilsThread] INFO  pipeline.PipelineStateManager (PipelineStateManager.java:addPipeline(56)) - Created pipeline Pipeline[ Id: 4aaebaee-c064-4281-a298-316c87eb5375, Nodes: d1508a19-715e-4b85-a912-9e7e82cb6f46{ip: 192.168.157.239, host: pr-hdds-2281-wfpgn-3925442534, networkLocation: /default-rack, certSerialId: null}, Type:RATIS, Factor:ONE, State:OPEN]
2019-10-18 13:55:38,353 [grpc-default-executor-5] INFO  impl.RaftServerProxy (RaftServerProxy.java:addNew(89)) - 119aa2bc-d14e-47ea-9e7f-8e58165706a3: addNew group-89F464EEB567:[119aa2bc-d14e-47ea-9e7f-8e58165706a3:192.168.157.239:37039] returns group-89F464EEB567:java.util.concurrent.CompletableFuture@7f2813b[Not completed]
2019-10-18 13:55:38,354 [pool-267-thread-1] INFO  impl.RaftServerImpl (RaftServerImpl.java:<init>(95)) - 119aa2bc-d14e-47ea-9e7f-8e58165706a3: new RaftServerImpl for group-89F464EEB567:[119aa2bc-d14e-47ea-9e7f-8e58165706a3:192.168.157.239:37039] with ContainerStateMachine:uninitialized
2019-10-18 13:55:38,354 [pool-267-thread-1] INFO  server.RaftServerConfigKeys (ConfUtils.java:logGet(43)) - raft.server.rpc.timeout.min = 5s (custom)
2019-10-18 13:55:38,355 [pool-267-thread-1] INFO  server.RaftServerConfigKeys (ConfUtils.java:logGet(43)) - raft.server.rpc.timeout.max = 5200ms (custom)
2019-10-18 13:55:38,355 [pool-267-thread-1] INFO  server.RaftServerConfigKeys (ConfUtils.java:logGet(43)) - raft.server.rpcslowness.timeout = 120s (custom)
2019-10-18 13:55:38,355 [pool-267-thread-1] INFO  server.RaftServerConfigKeys (ConfUtils.java:logGet(43)) - raft.server.sleep.deviation.threshold = 300 (default)
2019-10-18 13:55:38,355 [pool-267-thread-1] INFO  server.RaftServerConfigKeys (ConfUtils.java:logGet(43)) - raft.server.log.appender.install.snapshot.enabled = false (custom)
2019-10-18 13:55:38,355 [pool-267-thread-1] INFO  impl.RaftServerImpl (ServerState.java:<init>(103)) - 119aa2bc-d14e-47ea-9e7f-8e58165706a3@group-89F464EEB567: ConfigurationManager, init=-1: [119aa2bc-d14e-47ea-9e7f-8e58165706a3:192.168.157.239:37039], old=null, confs=<EMPTY_MAP>
2019-10-18 13:55:38,355 [pool-267-thread-1] INFO  server.RaftServerConfigKeys (ConfUtils.java:logGet(43)) - raft.server.storage.dir = [/workdir/hadoop-ozone/integration-test/target/test-dir/MiniOzoneClusterImpl-d3375502-699e-4143-a4c2-dc077696cbd1/datanode-6/data/ratis] (custom)
2019-10-18 13:55:38,355 [pool-267-thread-1] INFO  server.RaftServerConfigKeys (ConfUtils.java:logGet(43)) - raft.server.log.corruption.policy = EXCEPTION (default)
2019-10-18 13:55:38,355 [pool-267-thread-1] INFO  storage.RaftStorageDirectory (RaftStorageDirectory.java:analyzeStorage(246)) - The storage directory /workdir/hadoop-ozone/integration-test/target/test-dir/MiniOzoneClusterImpl-d3375502-699e-4143-a4c2-dc077696cbd1/datanode-6/data/ratis/f34bf383-1b83-4c6e-9856-89f464eeb567 does not exist. Creating ...
2019-10-18 13:55:38,368 [pool-267-thread-1] INFO  storage.RaftStorageDirectory (RaftStorageDirectory.java:tryLock(328)) - Lock on /workdir/hadoop-ozone/integration-test/target/test-dir/MiniOzoneClusterImpl-d3375502-699e-4143-a4c2-dc077696cbd1/datanode-6/data/ratis/f34bf383-1b83-4c6e-9856-89f464eeb567/in_use.lock acquired by nodename 4327@pr-hdds-2281-wfpgn-3925442534
2019-10-18 13:55:38,381 [pool-267-thread-1] INFO  storage.RaftStorage (RaftStorage.java:format(84)) - Storage directory /workdir/hadoop-ozone/integration-test/target/test-dir/MiniOzoneClusterImpl-d3375502-699e-4143-a4c2-dc077696cbd1/datanode-6/data/ratis/f34bf383-1b83-4c6e-9856-89f464eeb567 has been successfully formatted.
2019-10-18 13:55:38,382 [pool-267-thread-1] INFO  ratis.ContainerStateMachine (ContainerStateMachine.java:loadSnapshot(231)) - group-89F464EEB567: The snapshot info is null. Setting the last applied indexto:(t:0, i:~)
2019-10-18 13:55:38,382 [pool-267-thread-1] INFO  server.RaftServerConfigKeys (ConfUtils.java:logGet(43)) - raft.server.notification.no-leader.timeout = 120s (custom)
2019-10-18 13:55:38,382 [pool-267-thread-1] INFO  server.RaftServerConfigKeys (ConfUtils.java:logGet(43)) - raft.server.log.use.memory = false (default)
2019-10-18 13:55:38,382 [pool-267-thread-1] INFO  server.RaftServerConfigKeys (ConfUtils.java:logGet(43)) - raft.server.log.purge.gap = 1000000 (custom)
2019-10-18 13:55:38,382 [pool-267-thread-1] INFO  server.RaftServerConfigKeys (ConfUtils.java:logGet(43)) - raft.server.log.appender.buffer.byte-limit = 33554432 (custom)
2019-10-18 13:55:38,382 [pool-267-thread-1] INFO  server.RaftServerConfigKeys (ConfUtils.java:logGet(43)) - raft.server.log.segment.size.max = 1048576 (custom)
2019-10-18 13:55:38,384 [pool-267-thread-1] INFO  server.RaftServerConfigKeys (ConfUtils.java:logGet(43)) - raft.server.log.segment.cache.num.max = 2 (custom)
2019-10-18 13:55:38,384 [pool-267-thread-1] INFO  segmented.SegmentedRaftLogWorker (SegmentedRaftLogWorker.java:<init>(173)) - new 119aa2bc-d14e-47ea-9e7f-8e58165706a3@group-89F464EEB567-SegmentedRaftLogWorker for RaftStorage:Storage Directory /workdir/hadoop-ozone/integration-test/target/test-dir/MiniOzoneClusterImpl-d3375502-699e-4143-a4c2-dc077696cbd1/datanode-6/data/ratis/f34bf383-1b83-4c6e-9856-89f464eeb567
2019-10-18 13:55:38,384 [pool-267-thread-1] INFO  server.RaftServerConfigKeys (ConfUtils.java:logGet(43)) - raft.server.log.queue.byte-limit = 2147483647 (custom)
2019-10-18 13:55:38,384 [pool-267-thread-1] INFO  server.RaftServerConfigKeys (ConfUtils.java:logGet(43)) - raft.server.log.queue.element-limit = 1024 (custom)
2019-10-18 13:55:38,384 [pool-267-thread-1] INFO  server.RaftServerConfigKeys (ConfUtils.java:logGet(43)) - raft.server.log.segment.size.max = 1048576 (custom)
2019-10-18 13:55:38,384 [pool-267-thread-1] INFO  server.RaftServerConfigKeys (ConfUtils.java:logGet(43)) - raft.server.log.preallocated.size = 16384 (custom)
2019-10-18 13:55:38,384 [pool-267-thread-1] INFO  server.RaftServerConfigKeys (ConfUtils.java:logGet(43)) - raft.server.log.write.buffer.size = 33554432 (custom)
2019-10-18 13:55:38,384 [pool-267-thread-1] INFO  server.RaftServerConfigKeys (ConfUtils.java:logGet(43)) - raft.server.log.force.sync.num = 128 (default)
2019-10-18 13:55:38,384 [pool-267-thread-1] INFO  server.RaftServerConfigKeys (ConfUtils.java:logGet(43)) - raft.server.log.statemachine.data.sync = true (default)
2019-10-18 13:55:38,384 [pool-267-thread-1] INFO  server.RaftServerConfigKeys (ConfUtils.java:logGet(43)) - raft.server.log.statemachine.data.sync.timeout = 10s (default)
2019-10-18 13:55:38,385 [pool-267-thread-1] INFO  server.RaftServerConfigKeys (ConfUtils.java:logGet(43)) - raft.server.log.statemachine.data.sync.timeout.retry = -1 (default)
2019-10-18 13:55:38,385 [pool-267-thread-1] INFO  server.RaftServerConfigKeys (ConfUtils.java:logGet(43)) - raft.server.log.statemachine.data.caching.enabled = true (custom)
2019-10-18 13:55:38,385 [pool-267-thread-1] INFO  segmented.SegmentedRaftLogWorker (SegmentedRaftLogWorker.java:lambda$new$0(128)) - 119aa2bc-d14e-47ea-9e7f-8e58165706a3@group-89F464EEB567-SegmentedRaftLogWorker: flushIndex: setUnconditionally 0 -> -1
2019-10-18 13:55:38,385 [pool-267-thread-1] INFO  server.RaftServerConfigKeys (ConfUtils.java:logGet(43)) - raft.server.snapshot.auto.trigger.enabled = true (custom)
2019-10-18 13:55:38,385 [pool-267-thread-1] INFO  server.RaftServerConfigKeys (ConfUtils.java:logGet(43)) - raft.server.snapshot.auto.trigger.threshold = 10000 (custom)
2019-10-18 13:55:38,385 [pool-267-thread-1] INFO  server.RaftServerConfigKeys (ConfUtils.java:logGet(43)) - raft.server.snapshot.retention.file.num = 5 (custom)
2019-10-18 13:55:38,386 [pool-267-thread-1] INFO  server.RaftServerConfigKeys (ConfUtils.java:logGet(43)) - raft.server.retrycache.expirytime = 600000ms (custom)
2019-10-18 13:55:38,387 [pool-267-thread-1] INFO  impl.RaftServerImpl (RaftServerImpl.java:start(181)) - 119aa2bc-d14e-47ea-9e7f-8e58165706a3@group-89F464EEB567: start as a follower, conf=-1: [119aa2bc-d14e-47ea-9e7f-8e58165706a3:192.168.157.239:37039], old=null
2019-10-18 13:55:38,387 [pool-267-thread-1] INFO  impl.RaftServerImpl (RaftServerImpl.java:setRole(170)) - 119aa2bc-d14e-47ea-9e7f-8e58165706a3@group-89F464EEB567: changes role from      null to FOLLOWER at term 0 for startAsFollower
2019-10-18 13:55:38,387 [pool-267-thread-1] INFO  impl.RoleInfo (RoleInfo.java:updateAndGet(143)) - 119aa2bc-d14e-47ea-9e7f-8e58165706a3: start FollowerState
2019-10-18 13:55:38,387 [pool-267-thread-1] INFO  util.JmxRegister (JmxRegister.java:tryRegister(44)) - Successfully registered JMX Bean with object name Ratis:service=RaftServer,group=group-89F464EEB567,id=119aa2bc-d14e-47ea-9e7f-8e58165706a3
2019-10-18 13:55:38,393 [RatisPipelineUtilsThread] INFO  pipeline.PipelineStateManager (PipelineStateManager.java:addPipeline(56)) - Created pipeline Pipeline[ Id: f34bf383-1b83-4c6e-9856-89f464eeb567, Nodes: 119aa2bc-d14e-47ea-9e7f-8e58165706a3{ip: 192.168.157.239, host: pr-hdds-2281-wfpgn-3925442534, networkLocation: /default-rack, certSerialId: null}, Type:RATIS, Factor:ONE, State:OPEN]
2019-10-18 13:55:38,404 [grpc-default-executor-11] INFO  impl.RaftServerProxy (RaftServerProxy.java:addNew(89)) - 119aa2bc-d14e-47ea-9e7f-8e58165706a3: addNew group-D3977815D87B:[d1508a19-715e-4b85-a912-9e7e82cb6f46:192.168.157.239:38216, 119aa2bc-d14e-47ea-9e7f-8e58165706a3:192.168.157.239:37039, 2c4ede3d-8481-4ebf-ad31-449fc9bb313e:192.168.157.239:46355] returns group-D3977815D87B:java.util.concurrent.CompletableFuture@7f3b4ce5[Not completed]
2019-10-18 13:55:38,404 [grpc-default-executor-5] INFO  impl.RaftServerProxy (RaftServerProxy.java:addNew(89)) - d1508a19-715e-4b85-a912-9e7e82cb6f46: addNew group-D3977815D87B:[d1508a19-715e-4b85-a912-9e7e82cb6f46:192.168.157.239:38216, 119aa2bc-d14e-47ea-9e7f-8e58165706a3:192.168.157.239:37039, 2c4ede3d-8481-4ebf-ad31-449fc9bb313e:192.168.157.239:46355] returns group-D3977815D87B:java.util.concurrent.CompletableFuture@26fe1ad1[Not completed]
2019-10-18 13:55:38,404 [grpc-default-executor-8] INFO  impl.RaftServerProxy (RaftServerProxy.java:addNew(89)) - 2c4ede3d-8481-4ebf-ad31-449fc9bb313e: addNew group-D3977815D87B:[d1508a19-715e-4b85-a912-9e7e82cb6f46:192.168.157.239:38216, 119aa2bc-d14e-47ea-9e7f-8e58165706a3:192.168.157.239:37039, 2c4ede3d-8481-4ebf-ad31-449fc9bb313e:192.168.157.239:46355] returns group-D3977815D87B:java.util.concurrent.CompletableFuture@3348787f[Not completed]
2019-10-18 13:55:38,405 [pool-257-thread-1] INFO  impl.RaftServerImpl (RaftServerImpl.java:<init>(95)) - d1508a19-715e-4b85-a912-9e7e82cb6f46: new RaftServerImpl for group-D3977815D87B:[d1508a19-715e-4b85-a912-9e7e82cb6f46:192.168.157.239:38216, 119aa2bc-d14e-47ea-9e7f-8e58165706a3:192.168.157.239:37039, 2c4ede3d-8481-4ebf-ad31-449fc9bb313e:192.168.157.239:46355] with ContainerStateMachine:uninitialized
2019-10-18 13:55:38,405 [pool-257-thread-1] INFO  server.RaftServerConfigKeys (ConfUtils.java:logGet(43)) - raft.server.rpc.timeout.min = 5s (custom)
2019-10-18 13:55:38,406 [pool-257-thread-1] INFO  server.RaftServerConfigKeys (ConfUtils.java:logGet(43)) - raft.server.rpc.timeout.max = 5200ms (custom)
2019-10-18 13:55:38,406 [pool-257-thread-1] INFO  server.RaftServerConfigKeys (ConfUtils.java:logGet(43)) - raft.server.rpcslowness.timeout = 120s (custom)
2019-10-18 13:55:38,406 [pool-257-thread-1] INFO  server.RaftServerConfigKeys (ConfUtils.java:logGet(43)) - raft.server.sleep.deviation.threshold = 300 (default)
2019-10-18 13:55:38,406 [pool-257-thread-1] INFO  server.RaftServerConfigKeys (ConfUtils.java:logGet(43)) - raft.server.log.appender.install.snapshot.enabled = false (custom)
2019-10-18 13:55:38,406 [pool-257-thread-1] INFO  impl.RaftServerImpl (ServerState.java:<init>(103)) - d1508a19-715e-4b85-a912-9e7e82cb6f46@group-D3977815D87B: ConfigurationManager, init=-1: [d1508a19-715e-4b85-a912-9e7e82cb6f46:192.168.157.239:38216, 119aa2bc-d14e-47ea-9e7f-8e58165706a3:192.168.157.239:37039, 2c4ede3d-8481-4ebf-ad31-449fc9bb313e:192.168.157.239:46355], old=null, confs=<EMPTY_MAP>
2019-10-18 13:55:38,406 [pool-257-thread-1] INFO  server.RaftServerConfigKeys (ConfUtils.java:logGet(43)) - raft.server.storage.dir = [/workdir/hadoop-ozone/integration-test/target/test-dir/MiniOzoneClusterImpl-d3375502-699e-4143-a4c2-dc077696cbd1/datanode-5/data/ratis] (custom)
2019-10-18 13:55:38,406 [pool-247-thread-1] INFO  impl.RaftServerImpl (RaftServerImpl.java:<init>(95)) - 2c4ede3d-8481-4ebf-ad31-449fc9bb313e: new RaftServerImpl for group-D3977815D87B:[d1508a19-715e-4b85-a912-9e7e82cb6f46:192.168.157.239:38216, 119aa2bc-d14e-47ea-9e7f-8e58165706a3:192.168.157.239:37039, 2c4ede3d-8481-4ebf-ad31-449fc9bb313e:192.168.157.239:46355] with ContainerStateMachine:uninitialized
2019-10-18 13:55:38,406 [pool-257-thread-1] INFO  server.RaftServerConfigKeys (ConfUtils.java:logGet(43)) - raft.server.log.corruption.policy = EXCEPTION (default)
2019-10-18 13:55:38,406 [pool-247-thread-1] INFO  server.RaftServerConfigKeys (ConfUtils.java:logGet(43)) - raft.server.rpc.timeout.min = 5s (custom)
2019-10-18 13:55:38,406 [pool-257-thread-1] INFO  storage.RaftStorageDirectory (RaftStorageDirectory.java:analyzeStorage(246)) - The storage directory /workdir/hadoop-ozone/integration-test/target/test-dir/MiniOzoneClusterImpl-d3375502-699e-4143-a4c2-dc077696cbd1/datanode-5/data/ratis/e1570b9e-abc3-4a8f-9271-d3977815d87b does not exist. Creating ...
2019-10-18 13:55:38,406 [pool-247-thread-1] INFO  server.RaftServerConfigKeys (ConfUtils.java:logGet(43)) - raft.server.rpc.timeout.max = 5200ms (custom)
2019-10-18 13:55:38,407 [pool-267-thread-1] INFO  impl.RaftServerImpl (RaftServerImpl.java:<init>(95)) - 119aa2bc-d14e-47ea-9e7f-8e58165706a3: new RaftServerImpl for group-D3977815D87B:[d1508a19-715e-4b85-a912-9e7e82cb6f46:192.168.157.239:38216, 119aa2bc-d14e-47ea-9e7f-8e58165706a3:192.168.157.239:37039, 2c4ede3d-8481-4ebf-ad31-449fc9bb313e:192.168.157.239:46355] with ContainerStateMachine:uninitialized
2019-10-18 13:55:38,407 [pool-247-thread-1] INFO  server.RaftServerConfigKeys (ConfUtils.java:logGet(43)) - raft.server.rpcslowness.timeout = 120s (custom)
2019-10-18 13:55:38,407 [pool-267-thread-1] INFO  server.RaftServerConfigKeys (ConfUtils.java:logGet(43)) - raft.server.rpc.timeout.min = 5s (custom)
2019-10-18 13:55:38,407 [pool-247-thread-1] INFO  server.RaftServerConfigKeys (ConfUtils.java:logGet(43)) - raft.server.sleep.deviation.threshold = 300 (default)
2019-10-18 13:55:38,407 [pool-267-thread-1] INFO  server.RaftServerConfigKeys (ConfUtils.java:logGet(43)) - raft.server.rpc.timeout.max = 5200ms (custom)
2019-10-18 13:55:38,407 [pool-247-thread-1] INFO  server.RaftServerConfigKeys (ConfUtils.java:logGet(43)) - raft.server.log.appender.install.snapshot.enabled = false (custom)
2019-10-18 13:55:38,407 [pool-267-thread-1] INFO  server.RaftServerConfigKeys (ConfUtils.java:logGet(43)) - raft.server.rpcslowness.timeout = 120s (custom)
2019-10-18 13:55:38,407 [pool-247-thread-1] INFO  impl.RaftServerImpl (ServerState.java:<init>(103)) - 2c4ede3d-8481-4ebf-ad31-449fc9bb313e@group-D3977815D87B: ConfigurationManager, init=-1: [d1508a19-715e-4b85-a912-9e7e82cb6f46:192.168.157.239:38216, 119aa2bc-d14e-47ea-9e7f-8e58165706a3:192.168.157.239:37039, 2c4ede3d-8481-4ebf-ad31-449fc9bb313e:192.168.157.239:46355], old=null, confs=<EMPTY_MAP>
2019-10-18 13:55:38,407 [pool-267-thread-1] INFO  server.RaftServerConfigKeys (ConfUtils.java:logGet(43)) - raft.server.sleep.deviation.threshold = 300 (default)
2019-10-18 13:55:38,407 [pool-247-thread-1] INFO  server.RaftServerConfigKeys (ConfUtils.java:logGet(43)) - raft.server.storage.dir = [/workdir/hadoop-ozone/integration-test/target/test-dir/MiniOzoneClusterImpl-d3375502-699e-4143-a4c2-dc077696cbd1/datanode-4/data/ratis] (custom)
2019-10-18 13:55:38,408 [pool-267-thread-1] INFO  server.RaftServerConfigKeys (ConfUtils.java:logGet(43)) - raft.server.log.appender.install.snapshot.enabled = false (custom)
2019-10-18 13:55:38,408 [pool-247-thread-1] INFO  server.RaftServerConfigKeys (ConfUtils.java:logGet(43)) - raft.server.log.corruption.policy = EXCEPTION (default)
2019-10-18 13:55:38,408 [pool-267-thread-1] INFO  impl.RaftServerImpl (ServerState.java:<init>(103)) - 119aa2bc-d14e-47ea-9e7f-8e58165706a3@group-D3977815D87B: ConfigurationManager, init=-1: [d1508a19-715e-4b85-a912-9e7e82cb6f46:192.168.157.239:38216, 119aa2bc-d14e-47ea-9e7f-8e58165706a3:192.168.157.239:37039, 2c4ede3d-8481-4ebf-ad31-449fc9bb313e:192.168.157.239:46355], old=null, confs=<EMPTY_MAP>
2019-10-18 13:55:38,408 [pool-247-thread-1] INFO  storage.RaftStorageDirectory (RaftStorageDirectory.java:analyzeStorage(246)) - The storage directory /workdir/hadoop-ozone/integration-test/target/test-dir/MiniOzoneClusterImpl-d3375502-699e-4143-a4c2-dc077696cbd1/datanode-4/data/ratis/e1570b9e-abc3-4a8f-9271-d3977815d87b does not exist. Creating ...
2019-10-18 13:55:38,408 [pool-267-thread-1] INFO  server.RaftServerConfigKeys (ConfUtils.java:logGet(43)) - raft.server.storage.dir = [/workdir/hadoop-ozone/integration-test/target/test-dir/MiniOzoneClusterImpl-d3375502-699e-4143-a4c2-dc077696cbd1/datanode-6/data/ratis] (custom)
2019-10-18 13:55:38,408 [pool-267-thread-1] INFO  server.RaftServerConfigKeys (ConfUtils.java:logGet(43)) - raft.server.log.corruption.policy = EXCEPTION (default)
2019-10-18 13:55:38,409 [pool-267-thread-1] INFO  storage.RaftStorageDirectory (RaftStorageDirectory.java:analyzeStorage(246)) - The storage directory /workdir/hadoop-ozone/integration-test/target/test-dir/MiniOzoneClusterImpl-d3375502-699e-4143-a4c2-dc077696cbd1/datanode-6/data/ratis/e1570b9e-abc3-4a8f-9271-d3977815d87b does not exist. Creating ...
2019-10-18 13:55:38,414 [pool-267-thread-1] INFO  storage.RaftStorageDirectory (RaftStorageDirectory.java:tryLock(328)) - Lock on /workdir/hadoop-ozone/integration-test/target/test-dir/MiniOzoneClusterImpl-d3375502-699e-4143-a4c2-dc077696cbd1/datanode-6/data/ratis/e1570b9e-abc3-4a8f-9271-d3977815d87b/in_use.lock acquired by nodename 4327@pr-hdds-2281-wfpgn-3925442534
2019-10-18 13:55:38,414 [pool-247-thread-1] INFO  storage.RaftStorageDirectory (RaftStorageDirectory.java:tryLock(328)) - Lock on /workdir/hadoop-ozone/integration-test/target/test-dir/MiniOzoneClusterImpl-d3375502-699e-4143-a4c2-dc077696cbd1/datanode-4/data/ratis/e1570b9e-abc3-4a8f-9271-d3977815d87b/in_use.lock acquired by nodename 4327@pr-hdds-2281-wfpgn-3925442534
2019-10-18 13:55:38,414 [pool-257-thread-1] INFO  storage.RaftStorageDirectory (RaftStorageDirectory.java:tryLock(328)) - Lock on /workdir/hadoop-ozone/integration-test/target/test-dir/MiniOzoneClusterImpl-d3375502-699e-4143-a4c2-dc077696cbd1/datanode-5/data/ratis/e1570b9e-abc3-4a8f-9271-d3977815d87b/in_use.lock acquired by nodename 4327@pr-hdds-2281-wfpgn-3925442534
2019-10-18 13:55:38,426 [pool-257-thread-1] INFO  storage.RaftStorage (RaftStorage.java:format(84)) - Storage directory /workdir/hadoop-ozone/integration-test/target/test-dir/MiniOzoneClusterImpl-d3375502-699e-4143-a4c2-dc077696cbd1/datanode-5/data/ratis/e1570b9e-abc3-4a8f-9271-d3977815d87b has been successfully formatted.
2019-10-18 13:55:38,426 [pool-247-thread-1] INFO  storage.RaftStorage (RaftStorage.java:format(84)) - Storage directory /workdir/hadoop-ozone/integration-test/target/test-dir/MiniOzoneClusterImpl-d3375502-699e-4143-a4c2-dc077696cbd1/datanode-4/data/ratis/e1570b9e-abc3-4a8f-9271-d3977815d87b has been successfully formatted.
2019-10-18 13:55:38,426 [pool-267-thread-1] INFO  storage.RaftStorage (RaftStorage.java:format(84)) - Storage directory /workdir/hadoop-ozone/integration-test/target/test-dir/MiniOzoneClusterImpl-d3375502-699e-4143-a4c2-dc077696cbd1/datanode-6/data/ratis/e1570b9e-abc3-4a8f-9271-d3977815d87b has been successfully formatted.
2019-10-18 13:55:38,426 [pool-257-thread-1] INFO  ratis.ContainerStateMachine (ContainerStateMachine.java:loadSnapshot(231)) - group-D3977815D87B: The snapshot info is null. Setting the last applied indexto:(t:0, i:~)
2019-10-18 13:55:38,426 [pool-267-thread-1] INFO  ratis.ContainerStateMachine (ContainerStateMachine.java:loadSnapshot(231)) - group-D3977815D87B: The snapshot info is null. Setting the last applied indexto:(t:0, i:~)
2019-10-18 13:55:38,426 [pool-257-thread-1] INFO  server.RaftServerConfigKeys (ConfUtils.java:logGet(43)) - raft.server.notification.no-leader.timeout = 120s (custom)
2019-10-18 13:55:38,426 [pool-247-thread-1] INFO  ratis.ContainerStateMachine (ContainerStateMachine.java:loadSnapshot(231)) - group-D3977815D87B: The snapshot info is null. Setting the last applied indexto:(t:0, i:~)
2019-10-18 13:55:38,426 [pool-257-thread-1] INFO  server.RaftServerConfigKeys (ConfUtils.java:logGet(43)) - raft.server.log.use.memory = false (default)
2019-10-18 13:55:38,426 [pool-267-thread-1] INFO  server.RaftServerConfigKeys (ConfUtils.java:logGet(43)) - raft.server.notification.no-leader.timeout = 120s (custom)
2019-10-18 13:55:38,426 [pool-257-thread-1] INFO  server.RaftServerConfigKeys (ConfUtils.java:logGet(43)) - raft.server.log.purge.gap = 1000000 (custom)
2019-10-18 13:55:38,426 [pool-247-thread-1] INFO  server.RaftServerConfigKeys (ConfUtils.java:logGet(43)) - raft.server.notification.no-leader.timeout = 120s (custom)
2019-10-18 13:55:38,427 [pool-257-thread-1] INFO  server.RaftServerConfigKeys (ConfUtils.java:logGet(43)) - raft.server.log.appender.buffer.byte-limit = 33554432 (custom)
2019-10-18 13:55:38,427 [pool-267-thread-1] INFO  server.RaftServerConfigKeys (ConfUtils.java:logGet(43)) - raft.server.log.use.memory = false (default)
2019-10-18 13:55:38,427 [pool-257-thread-1] INFO  server.RaftServerConfigKeys (ConfUtils.java:logGet(43)) - raft.server.log.segment.size.max = 1048576 (custom)
2019-10-18 13:55:38,427 [pool-247-thread-1] INFO  server.RaftServerConfigKeys (ConfUtils.java:logGet(43)) - raft.server.log.use.memory = false (default)
2019-10-18 13:55:38,427 [pool-257-thread-1] INFO  server.RaftServerConfigKeys (ConfUtils.java:logGet(43)) - raft.server.log.segment.cache.num.max = 2 (custom)
2019-10-18 13:55:38,427 [pool-267-thread-1] INFO  server.RaftServerConfigKeys (ConfUtils.java:logGet(43)) - raft.server.log.purge.gap = 1000000 (custom)
2019-10-18 13:55:38,427 [pool-257-thread-1] INFO  segmented.SegmentedRaftLogWorker (SegmentedRaftLogWorker.java:<init>(173)) - new d1508a19-715e-4b85-a912-9e7e82cb6f46@group-D3977815D87B-SegmentedRaftLogWorker for RaftStorage:Storage Directory /workdir/hadoop-ozone/integration-test/target/test-dir/MiniOzoneClusterImpl-d3375502-699e-4143-a4c2-dc077696cbd1/datanode-5/data/ratis/e1570b9e-abc3-4a8f-9271-d3977815d87b
2019-10-18 13:55:38,427 [pool-247-thread-1] INFO  server.RaftServerConfigKeys (ConfUtils.java:logGet(43)) - raft.server.log.purge.gap = 1000000 (custom)
2019-10-18 13:55:38,427 [pool-257-thread-1] INFO  server.RaftServerConfigKeys (ConfUtils.java:logGet(43)) - raft.server.log.queue.byte-limit = 2147483647 (custom)
2019-10-18 13:55:38,427 [pool-267-thread-1] INFO  server.RaftServerConfigKeys (ConfUtils.java:logGet(43)) - raft.server.log.appender.buffer.byte-limit = 33554432 (custom)
2019-10-18 13:55:38,428 [pool-257-thread-1] INFO  server.RaftServerConfigKeys (ConfUtils.java:logGet(43)) - raft.server.log.queue.element-limit = 1024 (custom)
2019-10-18 13:55:38,428 [pool-247-thread-1] INFO  server.RaftServerConfigKeys (ConfUtils.java:logGet(43)) - raft.server.log.appender.buffer.byte-limit = 33554432 (custom)
2019-10-18 13:55:38,428 [pool-257-thread-1] INFO  server.RaftServerConfigKeys (ConfUtils.java:logGet(43)) - raft.server.log.segment.size.max = 1048576 (custom)
2019-10-18 13:55:38,428 [pool-267-thread-1] INFO  server.RaftServerConfigKeys (ConfUtils.java:logGet(43)) - raft.server.log.segment.size.max = 1048576 (custom)
2019-10-18 13:55:38,428 [pool-257-thread-1] INFO  server.RaftServerConfigKeys (ConfUtils.java:logGet(43)) - raft.server.log.preallocated.size = 16384 (custom)
2019-10-18 13:55:38,428 [pool-247-thread-1] INFO  server.RaftServerConfigKeys (ConfUtils.java:logGet(43)) - raft.server.log.segment.size.max = 1048576 (custom)
2019-10-18 13:55:38,428 [pool-257-thread-1] INFO  server.RaftServerConfigKeys (ConfUtils.java:logGet(43)) - raft.server.log.write.buffer.size = 33554432 (custom)
2019-10-18 13:55:38,428 [pool-267-thread-1] INFO  server.RaftServerConfigKeys (ConfUtils.java:logGet(43)) - raft.server.log.segment.cache.num.max = 2 (custom)
2019-10-18 13:55:38,429 [pool-257-thread-1] INFO  server.RaftServerConfigKeys (ConfUtils.java:logGet(43)) - raft.server.log.force.sync.num = 128 (default)
2019-10-18 13:55:38,429 [pool-247-thread-1] INFO  server.RaftServerConfigKeys (ConfUtils.java:logGet(43)) - raft.server.log.segment.cache.num.max = 2 (custom)
2019-10-18 13:55:38,429 [pool-257-thread-1] INFO  server.RaftServerConfigKeys (ConfUtils.java:logGet(43)) - raft.server.log.statemachine.data.sync = true (default)
2019-10-18 13:55:38,429 [pool-267-thread-1] INFO  segmented.SegmentedRaftLogWorker (SegmentedRaftLogWorker.java:<init>(173)) - new 119aa2bc-d14e-47ea-9e7f-8e58165706a3@group-D3977815D87B-SegmentedRaftLogWorker for RaftStorage:Storage Directory /workdir/hadoop-ozone/integration-test/target/test-dir/MiniOzoneClusterImpl-d3375502-699e-4143-a4c2-dc077696cbd1/datanode-6/data/ratis/e1570b9e-abc3-4a8f-9271-d3977815d87b
2019-10-18 13:55:38,429 [pool-257-thread-1] INFO  server.RaftServerConfigKeys (ConfUtils.java:logGet(43)) - raft.server.log.statemachine.data.sync.timeout = 10s (default)
2019-10-18 13:55:38,429 [pool-247-thread-1] INFO  segmented.SegmentedRaftLogWorker (SegmentedRaftLogWorker.java:<init>(173)) - new 2c4ede3d-8481-4ebf-ad31-449fc9bb313e@group-D3977815D87B-SegmentedRaftLogWorker for RaftStorage:Storage Directory /workdir/hadoop-ozone/integration-test/target/test-dir/MiniOzoneClusterImpl-d3375502-699e-4143-a4c2-dc077696cbd1/datanode-4/data/ratis/e1570b9e-abc3-4a8f-9271-d3977815d87b
2019-10-18 13:55:38,429 [pool-257-thread-1] INFO  server.RaftServerConfigKeys (ConfUtils.java:logGet(43)) - raft.server.log.statemachine.data.sync.timeout.retry = -1 (default)
2019-10-18 13:55:38,429 [pool-267-thread-1] INFO  server.RaftServerConfigKeys (ConfUtils.java:logGet(43)) - raft.server.log.queue.byte-limit = 2147483647 (custom)
2019-10-18 13:55:38,430 [pool-257-thread-1] INFO  server.RaftServerConfigKeys (ConfUtils.java:logGet(43)) - raft.server.log.statemachine.data.caching.enabled = true (custom)
2019-10-18 13:55:38,429 [pool-247-thread-1] INFO  server.RaftServerConfigKeys (ConfUtils.java:logGet(43)) - raft.server.log.queue.byte-limit = 2147483647 (custom)
2019-10-18 13:55:38,430 [pool-257-thread-1] INFO  segmented.SegmentedRaftLogWorker (SegmentedRaftLogWorker.java:lambda$new$0(128)) - d1508a19-715e-4b85-a912-9e7e82cb6f46@group-D3977815D87B-SegmentedRaftLogWorker: flushIndex: setUnconditionally 0 -> -1
2019-10-18 13:55:38,430 [pool-267-thread-1] INFO  server.RaftServerConfigKeys (ConfUtils.java:logGet(43)) - raft.server.log.queue.element-limit = 1024 (custom)
2019-10-18 13:55:38,430 [pool-257-thread-1] INFO  server.RaftServerConfigKeys (ConfUtils.java:logGet(43)) - raft.server.snapshot.auto.trigger.enabled = true (custom)
2019-10-18 13:55:38,430 [pool-247-thread-1] INFO  server.RaftServerConfigKeys (ConfUtils.java:logGet(43)) - raft.server.log.queue.element-limit = 1024 (custom)
2019-10-18 13:55:38,430 [pool-257-thread-1] INFO  server.RaftServerConfigKeys (ConfUtils.java:logGet(43)) - raft.server.snapshot.auto.trigger.threshold = 10000 (custom)
2019-10-18 13:55:38,430 [pool-267-thread-1] INFO  server.RaftServerConfigKeys (ConfUtils.java:logGet(43)) - raft.server.log.segment.size.max = 1048576 (custom)
2019-10-18 13:55:38,430 [pool-257-thread-1] INFO  server.RaftServerConfigKeys (ConfUtils.java:logGet(43)) - raft.server.snapshot.retention.file.num = 5 (custom)
2019-10-18 13:55:38,430 [pool-247-thread-1] INFO  server.RaftServerConfigKeys (ConfUtils.java:logGet(43)) - raft.server.log.segment.size.max = 1048576 (custom)
2019-10-18 13:55:38,431 [pool-257-thread-1] INFO  server.RaftServerConfigKeys (ConfUtils.java:logGet(43)) - raft.server.retrycache.expirytime = 600000ms (custom)
2019-10-18 13:55:38,431 [pool-267-thread-1] INFO  server.RaftServerConfigKeys (ConfUtils.java:logGet(43)) - raft.server.log.preallocated.size = 16384 (custom)
2019-10-18 13:55:38,431 [pool-247-thread-1] INFO  server.RaftServerConfigKeys (ConfUtils.java:logGet(43)) - raft.server.log.preallocated.size = 16384 (custom)
2019-10-18 13:55:38,431 [pool-267-thread-1] INFO  server.RaftServerConfigKeys (ConfUtils.java:logGet(43)) - raft.server.log.write.buffer.size = 33554432 (custom)
2019-10-18 13:55:38,431 [pool-247-thread-1] INFO  server.RaftServerConfigKeys (ConfUtils.java:logGet(43)) - raft.server.log.write.buffer.size = 33554432 (custom)
2019-10-18 13:55:38,431 [pool-267-thread-1] INFO  server.RaftServerConfigKeys (ConfUtils.java:logGet(43)) - raft.server.log.force.sync.num = 128 (default)
2019-10-18 13:55:38,432 [pool-247-thread-1] INFO  server.RaftServerConfigKeys (ConfUtils.java:logGet(43)) - raft.server.log.force.sync.num = 128 (default)
2019-10-18 13:55:38,432 [pool-267-thread-1] INFO  server.RaftServerConfigKeys (ConfUtils.java:logGet(43)) - raft.server.log.statemachine.data.sync = true (default)
2019-10-18 13:55:38,432 [pool-247-thread-1] INFO  server.RaftServerConfigKeys (ConfUtils.java:logGet(43)) - raft.server.log.statemachine.data.sync = true (default)
2019-10-18 13:55:38,432 [pool-267-thread-1] INFO  server.RaftServerConfigKeys (ConfUtils.java:logGet(43)) - raft.server.log.statemachine.data.sync.timeout = 10s (default)
2019-10-18 13:55:38,432 [pool-247-thread-1] INFO  server.RaftServerConfigKeys (ConfUtils.java:logGet(43)) - raft.server.log.statemachine.data.sync.timeout = 10s (default)
2019-10-18 13:55:38,432 [pool-267-thread-1] INFO  server.RaftServerConfigKeys (ConfUtils.java:logGet(43)) - raft.server.log.statemachine.data.sync.timeout.retry = -1 (default)
2019-10-18 13:55:38,433 [pool-247-thread-1] INFO  server.RaftServerConfigKeys (ConfUtils.java:logGet(43)) - raft.server.log.statemachine.data.sync.timeout.retry = -1 (default)
2019-10-18 13:55:38,433 [pool-267-thread-1] INFO  server.RaftServerConfigKeys (ConfUtils.java:logGet(43)) - raft.server.log.statemachine.data.caching.enabled = true (custom)
2019-10-18 13:55:38,433 [pool-257-thread-1] INFO  impl.RaftServerImpl (RaftServerImpl.java:start(181)) - d1508a19-715e-4b85-a912-9e7e82cb6f46@group-D3977815D87B: start as a follower, conf=-1: [d1508a19-715e-4b85-a912-9e7e82cb6f46:192.168.157.239:38216, 119aa2bc-d14e-47ea-9e7f-8e58165706a3:192.168.157.239:37039, 2c4ede3d-8481-4ebf-ad31-449fc9bb313e:192.168.157.239:46355], old=null
2019-10-18 13:55:38,433 [pool-247-thread-1] INFO  server.RaftServerConfigKeys (ConfUtils.java:logGet(43)) - raft.server.log.statemachine.data.caching.enabled = true (custom)
2019-10-18 13:55:38,433 [pool-257-thread-1] INFO  impl.RaftServerImpl (RaftServerImpl.java:setRole(170)) - d1508a19-715e-4b85-a912-9e7e82cb6f46@group-D3977815D87B: changes role from      null to FOLLOWER at term 0 for startAsFollower
2019-10-18 13:55:38,433 [pool-267-thread-1] INFO  segmented.SegmentedRaftLogWorker (SegmentedRaftLogWorker.java:lambda$new$0(128)) - 119aa2bc-d14e-47ea-9e7f-8e58165706a3@group-D3977815D87B-SegmentedRaftLogWorker: flushIndex: setUnconditionally 0 -> -1
2019-10-18 13:55:38,433 [pool-257-thread-1] INFO  impl.RoleInfo (RoleInfo.java:updateAndGet(143)) - d1508a19-715e-4b85-a912-9e7e82cb6f46: start FollowerState
2019-10-18 13:55:38,434 [pool-247-thread-1] INFO  segmented.SegmentedRaftLogWorker (SegmentedRaftLogWorker.java:lambda$new$0(128)) - 2c4ede3d-8481-4ebf-ad31-449fc9bb313e@group-D3977815D87B-SegmentedRaftLogWorker: flushIndex: setUnconditionally 0 -> -1
2019-10-18 13:55:38,434 [pool-267-thread-1] INFO  server.RaftServerConfigKeys (ConfUtils.java:logGet(43)) - raft.server.snapshot.auto.trigger.enabled = true (custom)
2019-10-18 13:55:38,434 [pool-257-thread-1] INFO  util.JmxRegister (JmxRegister.java:tryRegister(44)) - Successfully registered JMX Bean with object name Ratis:service=RaftServer,group=group-D3977815D87B,id=d1508a19-715e-4b85-a912-9e7e82cb6f46
2019-10-18 13:55:38,434 [pool-267-thread-1] INFO  server.RaftServerConfigKeys (ConfUtils.java:logGet(43)) - raft.server.snapshot.auto.trigger.threshold = 10000 (custom)
2019-10-18 13:55:38,434 [pool-247-thread-1] INFO  server.RaftServerConfigKeys (ConfUtils.java:logGet(43)) - raft.server.snapshot.auto.trigger.enabled = true (custom)
2019-10-18 13:55:38,434 [pool-267-thread-1] INFO  server.RaftServerConfigKeys (ConfUtils.java:logGet(43)) - raft.server.snapshot.retention.file.num = 5 (custom)
2019-10-18 13:55:38,434 [pool-247-thread-1] INFO  server.RaftServerConfigKeys (ConfUtils.java:logGet(43)) - raft.server.snapshot.auto.trigger.threshold = 10000 (custom)
2019-10-18 13:55:38,435 [pool-267-thread-1] INFO  server.RaftServerConfigKeys (ConfUtils.java:logGet(43)) - raft.server.retrycache.expirytime = 600000ms (custom)
2019-10-18 13:55:38,435 [pool-247-thread-1] INFO  server.RaftServerConfigKeys (ConfUtils.java:logGet(43)) - raft.server.snapshot.retention.file.num = 5 (custom)
2019-10-18 13:55:38,435 [pool-247-thread-1] INFO  server.RaftServerConfigKeys (ConfUtils.java:logGet(43)) - raft.server.retrycache.expirytime = 600000ms (custom)
2019-10-18 13:55:38,437 [pool-267-thread-1] INFO  impl.RaftServerImpl (RaftServerImpl.java:start(181)) - 119aa2bc-d14e-47ea-9e7f-8e58165706a3@group-D3977815D87B: start as a follower, conf=-1: [d1508a19-715e-4b85-a912-9e7e82cb6f46:192.168.157.239:38216, 119aa2bc-d14e-47ea-9e7f-8e58165706a3:192.168.157.239:37039, 2c4ede3d-8481-4ebf-ad31-449fc9bb313e:192.168.157.239:46355], old=null
2019-10-18 13:55:38,438 [pool-267-thread-1] INFO  impl.RaftServerImpl (RaftServerImpl.java:setRole(170)) - 119aa2bc-d14e-47ea-9e7f-8e58165706a3@group-D3977815D87B: changes role from      null to FOLLOWER at term 0 for startAsFollower
2019-10-18 13:55:38,438 [pool-267-thread-1] INFO  impl.RoleInfo (RoleInfo.java:updateAndGet(143)) - 119aa2bc-d14e-47ea-9e7f-8e58165706a3: start FollowerState
2019-10-18 13:55:38,438 [pool-267-thread-1] INFO  util.JmxRegister (JmxRegister.java:tryRegister(44)) - Successfully registered JMX Bean with object name Ratis:service=RaftServer,group=group-D3977815D87B,id=119aa2bc-d14e-47ea-9e7f-8e58165706a3
2019-10-18 13:55:38,440 [pool-247-thread-1] INFO  impl.RaftServerImpl (RaftServerImpl.java:start(181)) - 2c4ede3d-8481-4ebf-ad31-449fc9bb313e@group-D3977815D87B: start as a follower, conf=-1: [d1508a19-715e-4b85-a912-9e7e82cb6f46:192.168.157.239:38216, 119aa2bc-d14e-47ea-9e7f-8e58165706a3:192.168.157.239:37039, 2c4ede3d-8481-4ebf-ad31-449fc9bb313e:192.168.157.239:46355], old=null
2019-10-18 13:55:38,440 [pool-247-thread-1] INFO  impl.RaftServerImpl (RaftServerImpl.java:setRole(170)) - 2c4ede3d-8481-4ebf-ad31-449fc9bb313e@group-D3977815D87B: changes role from      null to FOLLOWER at term 0 for startAsFollower
2019-10-18 13:55:38,441 [pool-247-thread-1] INFO  impl.RoleInfo (RoleInfo.java:updateAndGet(143)) - 2c4ede3d-8481-4ebf-ad31-449fc9bb313e: start FollowerState
2019-10-18 13:55:38,441 [pool-247-thread-1] INFO  util.JmxRegister (JmxRegister.java:tryRegister(44)) - Successfully registered JMX Bean with object name Ratis:service=RaftServer,group=group-D3977815D87B,id=2c4ede3d-8481-4ebf-ad31-449fc9bb313e
2019-10-18 13:55:38,447 [RatisPipelineUtilsThread] INFO  pipeline.PipelineStateManager (PipelineStateManager.java:addPipeline(56)) - Created pipeline Pipeline[ Id: e1570b9e-abc3-4a8f-9271-d3977815d87b, Nodes: 119aa2bc-d14e-47ea-9e7f-8e58165706a3{ip: 192.168.157.239, host: pr-hdds-2281-wfpgn-3925442534, networkLocation: /default-rack, certSerialId: null}d1508a19-715e-4b85-a912-9e7e82cb6f46{ip: 192.168.157.239, host: pr-hdds-2281-wfpgn-3925442534, networkLocation: /default-rack, certSerialId: null}2c4ede3d-8481-4ebf-ad31-449fc9bb313e{ip: 192.168.157.239, host: pr-hdds-2281-wfpgn-3925442534, networkLocation: /default-rack, certSerialId: null}, Type:RATIS, Factor:THREE, State:OPEN]
2019-10-18 13:55:39,324 [main] INFO  ozone.MiniOzoneClusterImpl (MiniOzoneClusterImpl.java:lambda$waitForClusterToBeReady$0(147)) - Cluster is ready. Got 7 of 7 DN Heartbeats.
2019-10-18 13:55:39,353 [main] INFO  rpc.RpcClient (RpcClient.java:createVolume(272)) - Creating Volume: watchforcommithandlingtest, with jenkins1000 as owner.
2019-10-18 13:55:39,356 [IPC Server handler 4 on 45342] INFO  volume.OMVolumeCreateRequest (OMVolumeCreateRequest.java:validateAndUpdateCache(193)) - created volume:watchforcommithandlingtest for user:jenkins1000
2019-10-18 13:55:39,365 [main] INFO  rpc.RpcClient (RpcClient.java:createBucket(411)) - Creating Bucket: watchforcommithandlingtest/watchforcommithandlingtest, with Versioning false and Storage Type set to DISK and Encryption set to false 
2019-10-18 13:55:39,368 [main] INFO  ozone.MiniOzoneClusterImpl (MiniOzoneClusterImpl.java:getStorageContainerLocationClient(234)) - Creating StorageContainerLocationProtocol RPC client with address /0.0.0.0:40409
2019-10-18 13:55:40,918 [Thread-1394] INFO  container.ReplicationManager (ReplicationManager.java:start(162)) - Starting Replication Monitor Thread.
2019-10-18 13:55:40,921 [ReplicationMonitor] INFO  container.ReplicationManager (ReplicationManager.java:run(225)) - Replication Monitor Thread took 0 milliseconds for processing 1 containers.
2019-10-18 13:55:43,067 [Thread-1396] INFO  impl.FollowerState (FollowerState.java:run(108)) - 8a1104a3-2cf3-46fb-8cbd-4f593888249e@group-593350543DFC-FollowerState: change to CANDIDATE, lastRpcTime:5106ms, electionTimeout:5106ms
2019-10-18 13:55:43,069 [Thread-1396] INFO  impl.RoleInfo (RoleInfo.java:shutdownFollowerState(121)) - 8a1104a3-2cf3-46fb-8cbd-4f593888249e: shutdown FollowerState
2019-10-18 13:55:43,070 [Thread-1396] INFO  impl.RaftServerImpl (RaftServerImpl.java:setRole(170)) - 8a1104a3-2cf3-46fb-8cbd-4f593888249e@group-593350543DFC: changes role from  FOLLOWER to CANDIDATE at term 0 for changeToCandidate
2019-10-18 13:55:43,070 [Thread-1396] INFO  impl.RoleInfo (RoleInfo.java:updateAndGet(143)) - 8a1104a3-2cf3-46fb-8cbd-4f593888249e: start LeaderElection
2019-10-18 13:55:43,090 [Thread-1399] INFO  impl.FollowerState (FollowerState.java:run(108)) - deffcaa8-bc06-42ed-9a5f-b537132fe3e6@group-34B8A5869ABB-FollowerState: change to CANDIDATE, lastRpcTime:5045ms, electionTimeout:5045ms
2019-10-18 13:55:43,091 [Thread-1399] INFO  impl.RoleInfo (RoleInfo.java:shutdownFollowerState(121)) - deffcaa8-bc06-42ed-9a5f-b537132fe3e6: shutdown FollowerState
2019-10-18 13:55:43,091 [Thread-1399] INFO  impl.RaftServerImpl (RaftServerImpl.java:setRole(170)) - deffcaa8-bc06-42ed-9a5f-b537132fe3e6@group-34B8A5869ABB: changes role from  FOLLOWER to CANDIDATE at term 0 for changeToCandidate
2019-10-18 13:55:43,091 [Thread-1399] INFO  impl.RoleInfo (RoleInfo.java:updateAndGet(143)) - deffcaa8-bc06-42ed-9a5f-b537132fe3e6: start LeaderElection
2019-10-18 13:55:43,142 [8a1104a3-2cf3-46fb-8cbd-4f593888249e@group-593350543DFC-LeaderElection34] INFO  impl.LeaderElection (LeaderElection.java:askForVotes(178)) - 8a1104a3-2cf3-46fb-8cbd-4f593888249e@group-593350543DFC-LeaderElection34: begin an election at term 1 for -1: [8a1104a3-2cf3-46fb-8cbd-4f593888249e:192.168.157.239:43713], old=null
2019-10-18 13:55:43,142 [deffcaa8-bc06-42ed-9a5f-b537132fe3e6@group-34B8A5869ABB-LeaderElection35] INFO  impl.LeaderElection (LeaderElection.java:askForVotes(178)) - deffcaa8-bc06-42ed-9a5f-b537132fe3e6@group-34B8A5869ABB-LeaderElection35: begin an election at term 1 for -1: [deffcaa8-bc06-42ed-9a5f-b537132fe3e6:192.168.157.239:37128], old=null
2019-10-18 13:55:43,142 [8a1104a3-2cf3-46fb-8cbd-4f593888249e@group-593350543DFC-LeaderElection34] INFO  impl.RoleInfo (RoleInfo.java:shutdownLeaderElection(134)) - 8a1104a3-2cf3-46fb-8cbd-4f593888249e: shutdown LeaderElection
2019-10-18 13:55:43,143 [deffcaa8-bc06-42ed-9a5f-b537132fe3e6@group-34B8A5869ABB-LeaderElection35] INFO  impl.RoleInfo (RoleInfo.java:shutdownLeaderElection(134)) - deffcaa8-bc06-42ed-9a5f-b537132fe3e6: shutdown LeaderElection
2019-10-18 13:55:43,143 [8a1104a3-2cf3-46fb-8cbd-4f593888249e@group-593350543DFC-LeaderElection34] INFO  impl.RaftServerImpl (RaftServerImpl.java:setRole(170)) - 8a1104a3-2cf3-46fb-8cbd-4f593888249e@group-593350543DFC: changes role from CANDIDATE to LEADER at term 1 for changeToLeader
2019-10-18 13:55:43,143 [deffcaa8-bc06-42ed-9a5f-b537132fe3e6@group-34B8A5869ABB-LeaderElection35] INFO  impl.RaftServerImpl (RaftServerImpl.java:setRole(170)) - deffcaa8-bc06-42ed-9a5f-b537132fe3e6@group-34B8A5869ABB: changes role from CANDIDATE to LEADER at term 1 for changeToLeader
2019-10-18 13:55:43,143 [deffcaa8-bc06-42ed-9a5f-b537132fe3e6@group-34B8A5869ABB-LeaderElection35] INFO  impl.RaftServerImpl (ServerState.java:setLeader(255)) - deffcaa8-bc06-42ed-9a5f-b537132fe3e6@group-34B8A5869ABB: change Leader from null to deffcaa8-bc06-42ed-9a5f-b537132fe3e6 at term 1 for becomeLeader, leader elected after 5103ms
2019-10-18 13:55:43,143 [8a1104a3-2cf3-46fb-8cbd-4f593888249e@group-593350543DFC-LeaderElection34] INFO  impl.RaftServerImpl (ServerState.java:setLeader(255)) - 8a1104a3-2cf3-46fb-8cbd-4f593888249e@group-593350543DFC: change Leader from null to 8a1104a3-2cf3-46fb-8cbd-4f593888249e at term 1 for becomeLeader, leader elected after 5190ms
2019-10-18 13:55:43,143 [deffcaa8-bc06-42ed-9a5f-b537132fe3e6@group-34B8A5869ABB-LeaderElection35] INFO  server.RaftServerConfigKeys (ConfUtils.java:logGet(43)) - raft.server.staging.catchup.gap = 1000 (default)
2019-10-18 13:55:43,143 [8a1104a3-2cf3-46fb-8cbd-4f593888249e@group-593350543DFC-LeaderElection34] INFO  server.RaftServerConfigKeys (ConfUtils.java:logGet(43)) - raft.server.staging.catchup.gap = 1000 (default)
2019-10-18 13:55:43,143 [deffcaa8-bc06-42ed-9a5f-b537132fe3e6@group-34B8A5869ABB-LeaderElection35] INFO  server.RaftServerConfigKeys (ConfUtils.java:logGet(43)) - raft.server.rpc.sleep.time = 25ms (default)
2019-10-18 13:55:43,143 [8a1104a3-2cf3-46fb-8cbd-4f593888249e@group-593350543DFC-LeaderElection34] INFO  server.RaftServerConfigKeys (ConfUtils.java:logGet(43)) - raft.server.rpc.sleep.time = 25ms (default)
2019-10-18 13:55:43,144 [8a1104a3-2cf3-46fb-8cbd-4f593888249e@group-593350543DFC-LeaderElection34] INFO  server.RaftServerConfigKeys (ConfUtils.java:logGet(43)) - raft.server.write.element-limit = 4096 (default)
2019-10-18 13:55:43,144 [deffcaa8-bc06-42ed-9a5f-b537132fe3e6@group-34B8A5869ABB-LeaderElection35] INFO  server.RaftServerConfigKeys (ConfUtils.java:logGet(43)) - raft.server.write.element-limit = 4096 (default)
2019-10-18 13:55:43,144 [8a1104a3-2cf3-46fb-8cbd-4f593888249e@group-593350543DFC-LeaderElection34] INFO  server.RaftServerConfigKeys (ConfUtils.java:logGet(43)) - raft.server.watch.timeout = 10s (default)
2019-10-18 13:55:43,144 [deffcaa8-bc06-42ed-9a5f-b537132fe3e6@group-34B8A5869ABB-LeaderElection35] INFO  server.RaftServerConfigKeys (ConfUtils.java:logGet(43)) - raft.server.watch.timeout = 10s (default)
2019-10-18 13:55:43,144 [deffcaa8-bc06-42ed-9a5f-b537132fe3e6@group-34B8A5869ABB-LeaderElection35] INFO  server.RaftServerConfigKeys (ConfUtils.java:logGet(43)) - raft.server.watch.timeout.denomination = 1s (default)
2019-10-18 13:55:43,144 [8a1104a3-2cf3-46fb-8cbd-4f593888249e@group-593350543DFC-LeaderElection34] INFO  server.RaftServerConfigKeys (ConfUtils.java:logGet(43)) - raft.server.watch.timeout.denomination = 1s (default)
2019-10-18 13:55:43,144 [deffcaa8-bc06-42ed-9a5f-b537132fe3e6@group-34B8A5869ABB-LeaderElection35] INFO  server.RaftServerConfigKeys (ConfUtils.java:logGet(43)) - raft.server.watch.element-limit = 65536 (default)
2019-10-18 13:55:43,144 [8a1104a3-2cf3-46fb-8cbd-4f593888249e@group-593350543DFC-LeaderElection34] INFO  server.RaftServerConfigKeys (ConfUtils.java:logGet(43)) - raft.server.watch.element-limit = 65536 (default)
2019-10-18 13:55:43,148 [deffcaa8-bc06-42ed-9a5f-b537132fe3e6@group-34B8A5869ABB-LeaderElection35] INFO  impl.RoleInfo (RoleInfo.java:updateAndGet(143)) - deffcaa8-bc06-42ed-9a5f-b537132fe3e6: start LeaderState
2019-10-18 13:55:43,148 [8a1104a3-2cf3-46fb-8cbd-4f593888249e@group-593350543DFC-LeaderElection34] INFO  impl.RoleInfo (RoleInfo.java:updateAndGet(143)) - 8a1104a3-2cf3-46fb-8cbd-4f593888249e: start LeaderState
2019-10-18 13:55:43,148 [deffcaa8-bc06-42ed-9a5f-b537132fe3e6@group-34B8A5869ABB-LeaderElection35] INFO  segmented.SegmentedRaftLogWorker (SegmentedRaftLogWorker.java:startLogSegment(385)) - deffcaa8-bc06-42ed-9a5f-b537132fe3e6@group-34B8A5869ABB-SegmentedRaftLogWorker: Starting segment from index:0
2019-10-18 13:55:43,148 [8a1104a3-2cf3-46fb-8cbd-4f593888249e@group-593350543DFC-LeaderElection34] INFO  segmented.SegmentedRaftLogWorker (SegmentedRaftLogWorker.java:startLogSegment(385)) - 8a1104a3-2cf3-46fb-8cbd-4f593888249e@group-593350543DFC-SegmentedRaftLogWorker: Starting segment from index:0
2019-10-18 13:55:43,149 [deffcaa8-bc06-42ed-9a5f-b537132fe3e6@group-34B8A5869ABB-LeaderElection35] INFO  impl.RaftServerImpl (ServerState.java:setRaftConf(356)) - deffcaa8-bc06-42ed-9a5f-b537132fe3e6@group-34B8A5869ABB: set configuration 0: [deffcaa8-bc06-42ed-9a5f-b537132fe3e6:192.168.157.239:37128], old=null at 0
2019-10-18 13:55:43,149 [8a1104a3-2cf3-46fb-8cbd-4f593888249e@group-593350543DFC-LeaderElection34] INFO  impl.RaftServerImpl (ServerState.java:setRaftConf(356)) - 8a1104a3-2cf3-46fb-8cbd-4f593888249e@group-593350543DFC: set configuration 0: [8a1104a3-2cf3-46fb-8cbd-4f593888249e:192.168.157.239:43713], old=null at 0
2019-10-18 13:55:43,183 [deffcaa8-bc06-42ed-9a5f-b537132fe3e6@group-34B8A5869ABB-SegmentedRaftLogWorker] INFO  segmented.SegmentedRaftLogWorker (SegmentedRaftLogWorker.java:execute(574)) - deffcaa8-bc06-42ed-9a5f-b537132fe3e6@group-34B8A5869ABB-SegmentedRaftLogWorker: created new log segment /workdir/hadoop-ozone/integration-test/target/test-dir/MiniOzoneClusterImpl-d3375502-699e-4143-a4c2-dc077696cbd1/datanode-1/data/ratis/540f577b-fe31-490b-af3b-34b8a5869abb/current/log_inprogress_0
2019-10-18 13:55:43,190 [Thread-1409] INFO  impl.FollowerState (FollowerState.java:run(108)) - deffcaa8-bc06-42ed-9a5f-b537132fe3e6@group-CD6A916F54C2-FollowerState: change to CANDIDATE, lastRpcTime:5032ms, electionTimeout:5032ms
2019-10-18 13:55:43,190 [Thread-1409] INFO  impl.RoleInfo (RoleInfo.java:shutdownFollowerState(121)) - deffcaa8-bc06-42ed-9a5f-b537132fe3e6: shutdown FollowerState
2019-10-18 13:55:43,190 [Thread-1409] INFO  impl.RaftServerImpl (RaftServerImpl.java:setRole(170)) - deffcaa8-bc06-42ed-9a5f-b537132fe3e6@group-CD6A916F54C2: changes role from  FOLLOWER to CANDIDATE at term 0 for changeToCandidate
2019-10-18 13:55:43,191 [Thread-1409] INFO  impl.RoleInfo (RoleInfo.java:updateAndGet(143)) - deffcaa8-bc06-42ed-9a5f-b537132fe3e6: start LeaderElection
2019-10-18 13:55:43,198 [8a1104a3-2cf3-46fb-8cbd-4f593888249e@group-593350543DFC-SegmentedRaftLogWorker] INFO  segmented.SegmentedRaftLogWorker (SegmentedRaftLogWorker.java:execute(574)) - 8a1104a3-2cf3-46fb-8cbd-4f593888249e@group-593350543DFC-SegmentedRaftLogWorker: created new log segment /workdir/hadoop-ozone/integration-test/target/test-dir/MiniOzoneClusterImpl-d3375502-699e-4143-a4c2-dc077696cbd1/datanode-0/data/ratis/8525e9b9-9a5c-49b8-a389-593350543dfc/current/log_inprogress_0
2019-10-18 13:55:43,199 [deffcaa8-bc06-42ed-9a5f-b537132fe3e6@group-CD6A916F54C2-LeaderElection36] INFO  impl.LeaderElection (LeaderElection.java:askForVotes(178)) - deffcaa8-bc06-42ed-9a5f-b537132fe3e6@group-CD6A916F54C2-LeaderElection36: begin an election at term 1 for -1: [ab55c7e8-b512-415e-a666-846e2c6a6faf:192.168.157.239:44386, deffcaa8-bc06-42ed-9a5f-b537132fe3e6:192.168.157.239:37128, 8a1104a3-2cf3-46fb-8cbd-4f593888249e:192.168.157.239:43713], old=null
2019-10-18 13:55:43,206 [grpc-default-executor-8] INFO  impl.RaftServerImpl (RaftServerImpl.java:setRole(170)) - 8a1104a3-2cf3-46fb-8cbd-4f593888249e@group-CD6A916F54C2: changes role from  FOLLOWER to FOLLOWER at term 1 for recognizeCandidate:deffcaa8-bc06-42ed-9a5f-b537132fe3e6
2019-10-18 13:55:43,207 [grpc-default-executor-8] INFO  impl.RoleInfo (RoleInfo.java:shutdownFollowerState(121)) - 8a1104a3-2cf3-46fb-8cbd-4f593888249e: shutdown FollowerState
2019-10-18 13:55:43,226 [grpc-default-executor-8] INFO  impl.RoleInfo (RoleInfo.java:updateAndGet(143)) - 8a1104a3-2cf3-46fb-8cbd-4f593888249e: start FollowerState
2019-10-18 13:55:43,225 [grpc-default-executor-5] INFO  impl.RaftServerImpl (RaftServerImpl.java:setRole(170)) - ab55c7e8-b512-415e-a666-846e2c6a6faf@group-CD6A916F54C2: changes role from  FOLLOWER to FOLLOWER at term 1 for recognizeCandidate:deffcaa8-bc06-42ed-9a5f-b537132fe3e6
2019-10-18 13:55:43,226 [Thread-1407] INFO  impl.FollowerState (FollowerState.java:run(117)) - 8a1104a3-2cf3-46fb-8cbd-4f593888249e@group-CD6A916F54C2-FollowerState was interrupted: java.lang.InterruptedException: sleep interrupted
2019-10-18 13:55:43,226 [grpc-default-executor-5] INFO  impl.RoleInfo (RoleInfo.java:shutdownFollowerState(121)) - ab55c7e8-b512-415e-a666-846e2c6a6faf: shutdown FollowerState
2019-10-18 13:55:43,229 [grpc-default-executor-5] INFO  impl.RoleInfo (RoleInfo.java:updateAndGet(143)) - ab55c7e8-b512-415e-a666-846e2c6a6faf: start FollowerState
2019-10-18 13:55:43,229 [Thread-1408] INFO  impl.FollowerState (FollowerState.java:run(117)) - ab55c7e8-b512-415e-a666-846e2c6a6faf@group-CD6A916F54C2-FollowerState was interrupted: java.lang.InterruptedException: sleep interrupted
2019-10-18 13:55:43,231 [Thread-1402] INFO  impl.FollowerState (FollowerState.java:run(108)) - ab55c7e8-b512-415e-a666-846e2c6a6faf@group-E7388A6D01E7-FollowerState: change to CANDIDATE, lastRpcTime:5131ms, electionTimeout:5131ms
2019-10-18 13:55:43,231 [Thread-1402] INFO  impl.RoleInfo (RoleInfo.java:shutdownFollowerState(121)) - ab55c7e8-b512-415e-a666-846e2c6a6faf: shutdown FollowerState
2019-10-18 13:55:43,231 [Thread-1402] INFO  impl.RaftServerImpl (RaftServerImpl.java:setRole(170)) - ab55c7e8-b512-415e-a666-846e2c6a6faf@group-E7388A6D01E7: changes role from  FOLLOWER to CANDIDATE at term 0 for changeToCandidate
2019-10-18 13:55:43,231 [Thread-1402] INFO  impl.RoleInfo (RoleInfo.java:updateAndGet(143)) - ab55c7e8-b512-415e-a666-846e2c6a6faf: start LeaderElection
2019-10-18 13:55:43,245 [ab55c7e8-b512-415e-a666-846e2c6a6faf@group-E7388A6D01E7-LeaderElection37] INFO  impl.LeaderElection (LeaderElection.java:askForVotes(178)) - ab55c7e8-b512-415e-a666-846e2c6a6faf@group-E7388A6D01E7-LeaderElection37: begin an election at term 1 for -1: [ab55c7e8-b512-415e-a666-846e2c6a6faf:192.168.157.239:44386], old=null
2019-10-18 13:55:43,245 [ab55c7e8-b512-415e-a666-846e2c6a6faf@group-E7388A6D01E7-LeaderElection37] INFO  impl.RoleInfo (RoleInfo.java:shutdownLeaderElection(134)) - ab55c7e8-b512-415e-a666-846e2c6a6faf: shutdown LeaderElection
2019-10-18 13:55:43,246 [ab55c7e8-b512-415e-a666-846e2c6a6faf@group-E7388A6D01E7-LeaderElection37] INFO  impl.RaftServerImpl (RaftServerImpl.java:setRole(170)) - ab55c7e8-b512-415e-a666-846e2c6a6faf@group-E7388A6D01E7: changes role from CANDIDATE to LEADER at term 1 for changeToLeader
2019-10-18 13:55:43,246 [ab55c7e8-b512-415e-a666-846e2c6a6faf@group-E7388A6D01E7-LeaderElection37] INFO  impl.RaftServerImpl (ServerState.java:setLeader(255)) - ab55c7e8-b512-415e-a666-846e2c6a6faf@group-E7388A6D01E7: change Leader from null to ab55c7e8-b512-415e-a666-846e2c6a6faf at term 1 for becomeLeader, leader elected after 5150ms
2019-10-18 13:55:43,246 [ab55c7e8-b512-415e-a666-846e2c6a6faf@group-E7388A6D01E7-LeaderElection37] INFO  server.RaftServerConfigKeys (ConfUtils.java:logGet(43)) - raft.server.staging.catchup.gap = 1000 (default)
2019-10-18 13:55:43,246 [ab55c7e8-b512-415e-a666-846e2c6a6faf@group-E7388A6D01E7-LeaderElection37] INFO  server.RaftServerConfigKeys (ConfUtils.java:logGet(43)) - raft.server.rpc.sleep.time = 25ms (default)
2019-10-18 13:55:43,246 [ab55c7e8-b512-415e-a666-846e2c6a6faf@group-E7388A6D01E7-LeaderElection37] INFO  server.RaftServerConfigKeys (ConfUtils.java:logGet(43)) - raft.server.write.element-limit = 4096 (default)
2019-10-18 13:55:43,248 [ab55c7e8-b512-415e-a666-846e2c6a6faf@group-E7388A6D01E7-LeaderElection37] INFO  server.RaftServerConfigKeys (ConfUtils.java:logGet(43)) - raft.server.watch.timeout = 10s (default)
2019-10-18 13:55:43,248 [ab55c7e8-b512-415e-a666-846e2c6a6faf@group-E7388A6D01E7-LeaderElection37] INFO  server.RaftServerConfigKeys (ConfUtils.java:logGet(43)) - raft.server.watch.timeout.denomination = 1s (default)
2019-10-18 13:55:43,248 [ab55c7e8-b512-415e-a666-846e2c6a6faf@group-E7388A6D01E7-LeaderElection37] INFO  server.RaftServerConfigKeys (ConfUtils.java:logGet(43)) - raft.server.watch.element-limit = 65536 (default)
2019-10-18 13:55:43,248 [deffcaa8-bc06-42ed-9a5f-b537132fe3e6@group-CD6A916F54C2-LeaderElection36] INFO  impl.LeaderElection (LeaderElection.java:logAndReturn(56)) - deffcaa8-bc06-42ed-9a5f-b537132fe3e6@group-CD6A916F54C2-LeaderElection36: Election PASSED; received 1 response(s) [deffcaa8-bc06-42ed-9a5f-b537132fe3e6<-ab55c7e8-b512-415e-a666-846e2c6a6faf#0:OK-t1] and 0 exception(s); deffcaa8-bc06-42ed-9a5f-b537132fe3e6@group-CD6A916F54C2:t1, leader=null, voted=deffcaa8-bc06-42ed-9a5f-b537132fe3e6, raftlog=deffcaa8-bc06-42ed-9a5f-b537132fe3e6@group-CD6A916F54C2-SegmentedRaftLog:OPENED:c-1,f-1,i0, conf=-1: [ab55c7e8-b512-415e-a666-846e2c6a6faf:192.168.157.239:44386, deffcaa8-bc06-42ed-9a5f-b537132fe3e6:192.168.157.239:37128, 8a1104a3-2cf3-46fb-8cbd-4f593888249e:192.168.157.239:43713], old=null
2019-10-18 13:55:43,248 [deffcaa8-bc06-42ed-9a5f-b537132fe3e6@group-CD6A916F54C2-LeaderElection36] INFO  impl.RoleInfo (RoleInfo.java:shutdownLeaderElection(134)) - deffcaa8-bc06-42ed-9a5f-b537132fe3e6: shutdown LeaderElection
2019-10-18 13:55:43,248 [deffcaa8-bc06-42ed-9a5f-b537132fe3e6@group-CD6A916F54C2-LeaderElection36] INFO  impl.RaftServerImpl (RaftServerImpl.java:setRole(170)) - deffcaa8-bc06-42ed-9a5f-b537132fe3e6@group-CD6A916F54C2: changes role from CANDIDATE to LEADER at term 1 for changeToLeader
2019-10-18 13:55:43,248 [deffcaa8-bc06-42ed-9a5f-b537132fe3e6@group-CD6A916F54C2-LeaderElection36] INFO  impl.RaftServerImpl (ServerState.java:setLeader(255)) - deffcaa8-bc06-42ed-9a5f-b537132fe3e6@group-CD6A916F54C2: change Leader from null to deffcaa8-bc06-42ed-9a5f-b537132fe3e6 at term 1 for becomeLeader, leader elected after 5098ms
2019-10-18 13:55:43,249 [deffcaa8-bc06-42ed-9a5f-b537132fe3e6@group-CD6A916F54C2-LeaderElection36] INFO  server.RaftServerConfigKeys (ConfUtils.java:logGet(43)) - raft.server.staging.catchup.gap = 1000 (default)
2019-10-18 13:55:43,249 [deffcaa8-bc06-42ed-9a5f-b537132fe3e6@group-CD6A916F54C2-LeaderElection36] INFO  server.RaftServerConfigKeys (ConfUtils.java:logGet(43)) - raft.server.rpc.sleep.time = 25ms (default)
2019-10-18 13:55:43,249 [deffcaa8-bc06-42ed-9a5f-b537132fe3e6@group-CD6A916F54C2-LeaderElection36] INFO  server.RaftServerConfigKeys (ConfUtils.java:logGet(43)) - raft.server.write.element-limit = 4096 (default)
2019-10-18 13:55:43,249 [deffcaa8-bc06-42ed-9a5f-b537132fe3e6@group-CD6A916F54C2-LeaderElection36] INFO  server.RaftServerConfigKeys (ConfUtils.java:logGet(43)) - raft.server.watch.timeout = 10s (default)
2019-10-18 13:55:43,249 [deffcaa8-bc06-42ed-9a5f-b537132fe3e6@group-CD6A916F54C2-LeaderElection36] INFO  server.RaftServerConfigKeys (ConfUtils.java:logGet(43)) - raft.server.watch.timeout.denomination = 1s (default)
2019-10-18 13:55:43,249 [deffcaa8-bc06-42ed-9a5f-b537132fe3e6@group-CD6A916F54C2-LeaderElection36] INFO  server.RaftServerConfigKeys (ConfUtils.java:logGet(43)) - raft.server.watch.element-limit = 65536 (default)
2019-10-18 13:55:43,249 [ab55c7e8-b512-415e-a666-846e2c6a6faf@group-E7388A6D01E7-LeaderElection37] INFO  impl.RoleInfo (RoleInfo.java:updateAndGet(143)) - ab55c7e8-b512-415e-a666-846e2c6a6faf: start LeaderState
2019-10-18 13:55:43,251 [ab55c7e8-b512-415e-a666-846e2c6a6faf@group-E7388A6D01E7-LeaderElection37] INFO  segmented.SegmentedRaftLogWorker (SegmentedRaftLogWorker.java:startLogSegment(385)) - ab55c7e8-b512-415e-a666-846e2c6a6faf@group-E7388A6D01E7-SegmentedRaftLogWorker: Starting segment from index:0
2019-10-18 13:55:43,251 [ab55c7e8-b512-415e-a666-846e2c6a6faf@group-E7388A6D01E7-LeaderElection37] INFO  impl.RaftServerImpl (ServerState.java:setRaftConf(356)) - ab55c7e8-b512-415e-a666-846e2c6a6faf@group-E7388A6D01E7: set configuration 0: [ab55c7e8-b512-415e-a666-846e2c6a6faf:192.168.157.239:44386], old=null at 0
2019-10-18 13:55:43,252 [deffcaa8-bc06-42ed-9a5f-b537132fe3e6@group-CD6A916F54C2-LeaderElection36] INFO  server.RaftServerConfigKeys (ConfUtils.java:logGet(43)) - raft.server.log.appender.snapshot.chunk.size.max = 16MB (=16777216) (default)
2019-10-18 13:55:43,252 [deffcaa8-bc06-42ed-9a5f-b537132fe3e6@group-CD6A916F54C2-LeaderElection36] INFO  server.RaftServerConfigKeys (ConfUtils.java:logGet(43)) - raft.server.log.appender.buffer.byte-limit = 33554432 (custom)
2019-10-18 13:55:43,253 [deffcaa8-bc06-42ed-9a5f-b537132fe3e6@group-CD6A916F54C2-LeaderElection36] INFO  server.RaftServerConfigKeys (ConfUtils.java:logGet(43)) - raft.server.log.appender.buffer.element-limit = 1 (custom)
2019-10-18 13:55:43,253 [deffcaa8-bc06-42ed-9a5f-b537132fe3e6@group-CD6A916F54C2-LeaderElection36] INFO  grpc.GrpcConfigKeys$Server (ConfUtils.java:logGet(43)) - raft.grpc.server.leader.outstanding.appends.max = 128 (default)
2019-10-18 13:55:43,253 [deffcaa8-bc06-42ed-9a5f-b537132fe3e6@group-CD6A916F54C2-LeaderElection36] INFO  server.RaftServerConfigKeys (ConfUtils.java:logGet(43)) - raft.server.rpc.request.timeout = 3000ms (default)
2019-10-18 13:55:43,253 [deffcaa8-bc06-42ed-9a5f-b537132fe3e6@group-CD6A916F54C2-LeaderElection36] INFO  server.RaftServerConfigKeys (ConfUtils.java:logGet(43)) - raft.server.log.appender.install.snapshot.enabled = false (custom)
2019-10-18 13:55:43,253 [deffcaa8-bc06-42ed-9a5f-b537132fe3e6@group-CD6A916F54C2-LeaderElection36] INFO  server.RaftServerConfigKeys (ConfUtils.java:logGet(43)) - raft.server.log.appender.snapshot.chunk.size.max = 16MB (=16777216) (default)
2019-10-18 13:55:43,254 [deffcaa8-bc06-42ed-9a5f-b537132fe3e6@group-CD6A916F54C2-LeaderElection36] INFO  server.RaftServerConfigKeys (ConfUtils.java:logGet(43)) - raft.server.log.appender.buffer.byte-limit = 33554432 (custom)
2019-10-18 13:55:43,254 [deffcaa8-bc06-42ed-9a5f-b537132fe3e6@group-CD6A916F54C2-LeaderElection36] INFO  server.RaftServerConfigKeys (ConfUtils.java:logGet(43)) - raft.server.log.appender.buffer.element-limit = 1 (custom)
2019-10-18 13:55:43,254 [deffcaa8-bc06-42ed-9a5f-b537132fe3e6@group-CD6A916F54C2-LeaderElection36] INFO  grpc.GrpcConfigKeys$Server (ConfUtils.java:logGet(43)) - raft.grpc.server.leader.outstanding.appends.max = 128 (default)
2019-10-18 13:55:43,254 [deffcaa8-bc06-42ed-9a5f-b537132fe3e6@group-CD6A916F54C2-LeaderElection36] INFO  server.RaftServerConfigKeys (ConfUtils.java:logGet(43)) - raft.server.rpc.request.timeout = 3000ms (default)
2019-10-18 13:55:43,254 [deffcaa8-bc06-42ed-9a5f-b537132fe3e6@group-CD6A916F54C2-LeaderElection36] INFO  server.RaftServerConfigKeys (ConfUtils.java:logGet(43)) - raft.server.log.appender.install.snapshot.enabled = false (custom)
2019-10-18 13:55:43,254 [deffcaa8-bc06-42ed-9a5f-b537132fe3e6@group-CD6A916F54C2-LeaderElection36] INFO  impl.RoleInfo (RoleInfo.java:updateAndGet(143)) - deffcaa8-bc06-42ed-9a5f-b537132fe3e6: start LeaderState
2019-10-18 13:55:43,254 [deffcaa8-bc06-42ed-9a5f-b537132fe3e6@group-CD6A916F54C2-LeaderElection36] INFO  segmented.SegmentedRaftLogWorker (SegmentedRaftLogWorker.java:startLogSegment(385)) - deffcaa8-bc06-42ed-9a5f-b537132fe3e6@group-CD6A916F54C2-SegmentedRaftLogWorker: Starting segment from index:0
2019-10-18 13:55:43,255 [deffcaa8-bc06-42ed-9a5f-b537132fe3e6@group-CD6A916F54C2-LeaderElection36] INFO  impl.RaftServerImpl (ServerState.java:setRaftConf(356)) - deffcaa8-bc06-42ed-9a5f-b537132fe3e6@group-CD6A916F54C2: set configuration 0: [ab55c7e8-b512-415e-a666-846e2c6a6faf:192.168.157.239:44386, deffcaa8-bc06-42ed-9a5f-b537132fe3e6:192.168.157.239:37128, 8a1104a3-2cf3-46fb-8cbd-4f593888249e:192.168.157.239:43713], old=null at 0
2019-10-18 13:55:43,257 [grpc-default-executor-8] INFO  impl.RaftServerImpl (ServerState.java:setLeader(255)) - 8a1104a3-2cf3-46fb-8cbd-4f593888249e@group-CD6A916F54C2: change Leader from null to deffcaa8-bc06-42ed-9a5f-b537132fe3e6 at term 1 for appendEntries, leader elected after 5107ms
2019-10-18 13:55:43,257 [grpc-default-executor-5] INFO  impl.RaftServerImpl (ServerState.java:setLeader(255)) - ab55c7e8-b512-415e-a666-846e2c6a6faf@group-CD6A916F54C2: change Leader from null to deffcaa8-bc06-42ed-9a5f-b537132fe3e6 at term 1 for appendEntries, leader elected after 5107ms
2019-10-18 13:55:43,284 [grpc-default-executor-5] INFO  impl.RaftServerImpl (ServerState.java:setRaftConf(356)) - 8a1104a3-2cf3-46fb-8cbd-4f593888249e@group-CD6A916F54C2: set configuration 0: [ab55c7e8-b512-415e-a666-846e2c6a6faf:192.168.157.239:44386, deffcaa8-bc06-42ed-9a5f-b537132fe3e6:192.168.157.239:37128, 8a1104a3-2cf3-46fb-8cbd-4f593888249e:192.168.157.239:43713], old=null at 0
2019-10-18 13:55:43,284 [grpc-default-executor-8] INFO  impl.RaftServerImpl (ServerState.java:setRaftConf(356)) - ab55c7e8-b512-415e-a666-846e2c6a6faf@group-CD6A916F54C2: set configuration 0: [ab55c7e8-b512-415e-a666-846e2c6a6faf:192.168.157.239:44386, deffcaa8-bc06-42ed-9a5f-b537132fe3e6:192.168.157.239:37128, 8a1104a3-2cf3-46fb-8cbd-4f593888249e:192.168.157.239:43713], old=null at 0
2019-10-18 13:55:43,284 [grpc-default-executor-5] INFO  segmented.SegmentedRaftLogWorker (SegmentedRaftLogWorker.java:startLogSegment(385)) - 8a1104a3-2cf3-46fb-8cbd-4f593888249e@group-CD6A916F54C2-SegmentedRaftLogWorker: Starting segment from index:0
2019-10-18 13:55:43,285 [grpc-default-executor-8] INFO  segmented.SegmentedRaftLogWorker (SegmentedRaftLogWorker.java:startLogSegment(385)) - ab55c7e8-b512-415e-a666-846e2c6a6faf@group-CD6A916F54C2-SegmentedRaftLogWorker: Starting segment from index:0
2019-10-18 13:55:43,294 [ab55c7e8-b512-415e-a666-846e2c6a6faf@group-E7388A6D01E7-SegmentedRaftLogWorker] INFO  segmented.SegmentedRaftLogWorker (SegmentedRaftLogWorker.java:execute(574)) - ab55c7e8-b512-415e-a666-846e2c6a6faf@group-E7388A6D01E7-SegmentedRaftLogWorker: created new log segment /workdir/hadoop-ozone/integration-test/target/test-dir/MiniOzoneClusterImpl-d3375502-699e-4143-a4c2-dc077696cbd1/datanode-2/data/ratis/b2835854-2d77-4069-a8aa-e7388a6d01e7/current/log_inprogress_0
2019-10-18 13:55:43,294 [deffcaa8-bc06-42ed-9a5f-b537132fe3e6@group-CD6A916F54C2-SegmentedRaftLogWorker] INFO  segmented.SegmentedRaftLogWorker (SegmentedRaftLogWorker.java:execute(574)) - deffcaa8-bc06-42ed-9a5f-b537132fe3e6@group-CD6A916F54C2-SegmentedRaftLogWorker: created new log segment /workdir/hadoop-ozone/integration-test/target/test-dir/MiniOzoneClusterImpl-d3375502-699e-4143-a4c2-dc077696cbd1/datanode-1/data/ratis/659804ce-9b7a-4f55-ba47-cd6a916f54c2/current/log_inprogress_0
2019-10-18 13:55:43,320 [8a1104a3-2cf3-46fb-8cbd-4f593888249e@group-CD6A916F54C2-SegmentedRaftLogWorker] INFO  segmented.SegmentedRaftLogWorker (SegmentedRaftLogWorker.java:execute(574)) - 8a1104a3-2cf3-46fb-8cbd-4f593888249e@group-CD6A916F54C2-SegmentedRaftLogWorker: created new log segment /workdir/hadoop-ozone/integration-test/target/test-dir/MiniOzoneClusterImpl-d3375502-699e-4143-a4c2-dc077696cbd1/datanode-0/data/ratis/659804ce-9b7a-4f55-ba47-cd6a916f54c2/current/log_inprogress_0
2019-10-18 13:55:43,320 [ab55c7e8-b512-415e-a666-846e2c6a6faf@group-CD6A916F54C2-SegmentedRaftLogWorker] INFO  segmented.SegmentedRaftLogWorker (SegmentedRaftLogWorker.java:execute(574)) - ab55c7e8-b512-415e-a666-846e2c6a6faf@group-CD6A916F54C2-SegmentedRaftLogWorker: created new log segment /workdir/hadoop-ozone/integration-test/target/test-dir/MiniOzoneClusterImpl-d3375502-699e-4143-a4c2-dc077696cbd1/datanode-2/data/ratis/659804ce-9b7a-4f55-ba47-cd6a916f54c2/current/log_inprogress_0
2019-10-18 13:55:43,327 [Thread-1414] INFO  impl.FollowerState (FollowerState.java:run(108)) - 2c4ede3d-8481-4ebf-ad31-449fc9bb313e@group-09562E5E73CB-FollowerState: change to CANDIDATE, lastRpcTime:5108ms, electionTimeout:5108ms
2019-10-18 13:55:43,327 [Thread-1414] INFO  impl.RoleInfo (RoleInfo.java:shutdownFollowerState(121)) - 2c4ede3d-8481-4ebf-ad31-449fc9bb313e: shutdown FollowerState
2019-10-18 13:55:43,327 [Thread-1414] INFO  impl.RaftServerImpl (RaftServerImpl.java:setRole(170)) - 2c4ede3d-8481-4ebf-ad31-449fc9bb313e@group-09562E5E73CB: changes role from  FOLLOWER to CANDIDATE at term 0 for changeToCandidate
2019-10-18 13:55:43,328 [Thread-1414] INFO  impl.RoleInfo (RoleInfo.java:updateAndGet(143)) - 2c4ede3d-8481-4ebf-ad31-449fc9bb313e: start LeaderElection
2019-10-18 13:55:43,345 [2c4ede3d-8481-4ebf-ad31-449fc9bb313e@group-09562E5E73CB-LeaderElection38] INFO  impl.LeaderElection (LeaderElection.java:askForVotes(178)) - 2c4ede3d-8481-4ebf-ad31-449fc9bb313e@group-09562E5E73CB-LeaderElection38: begin an election at term 1 for -1: [2c4ede3d-8481-4ebf-ad31-449fc9bb313e:192.168.157.239:46355], old=null
2019-10-18 13:55:43,345 [2c4ede3d-8481-4ebf-ad31-449fc9bb313e@group-09562E5E73CB-LeaderElection38] INFO  impl.RoleInfo (RoleInfo.java:shutdownLeaderElection(134)) - 2c4ede3d-8481-4ebf-ad31-449fc9bb313e: shutdown LeaderElection
2019-10-18 13:55:43,345 [2c4ede3d-8481-4ebf-ad31-449fc9bb313e@group-09562E5E73CB-LeaderElection38] INFO  impl.RaftServerImpl (RaftServerImpl.java:setRole(170)) - 2c4ede3d-8481-4ebf-ad31-449fc9bb313e@group-09562E5E73CB: changes role from CANDIDATE to LEADER at term 1 for changeToLeader
2019-10-18 13:55:43,345 [2c4ede3d-8481-4ebf-ad31-449fc9bb313e@group-09562E5E73CB-LeaderElection38] INFO  impl.RaftServerImpl (ServerState.java:setLeader(255)) - 2c4ede3d-8481-4ebf-ad31-449fc9bb313e@group-09562E5E73CB: change Leader from null to 2c4ede3d-8481-4ebf-ad31-449fc9bb313e at term 1 for becomeLeader, leader elected after 5132ms
2019-10-18 13:55:43,346 [2c4ede3d-8481-4ebf-ad31-449fc9bb313e@group-09562E5E73CB-LeaderElection38] INFO  server.RaftServerConfigKeys (ConfUtils.java:logGet(43)) - raft.server.staging.catchup.gap = 1000 (default)
2019-10-18 13:55:43,346 [2c4ede3d-8481-4ebf-ad31-449fc9bb313e@group-09562E5E73CB-LeaderElection38] INFO  server.RaftServerConfigKeys (ConfUtils.java:logGet(43)) - raft.server.rpc.sleep.time = 25ms (default)
2019-10-18 13:55:43,346 [2c4ede3d-8481-4ebf-ad31-449fc9bb313e@group-09562E5E73CB-LeaderElection38] INFO  server.RaftServerConfigKeys (ConfUtils.java:logGet(43)) - raft.server.write.element-limit = 4096 (default)
2019-10-18 13:55:43,346 [2c4ede3d-8481-4ebf-ad31-449fc9bb313e@group-09562E5E73CB-LeaderElection38] INFO  server.RaftServerConfigKeys (ConfUtils.java:logGet(43)) - raft.server.watch.timeout = 10s (default)
2019-10-18 13:55:43,346 [2c4ede3d-8481-4ebf-ad31-449fc9bb313e@group-09562E5E73CB-LeaderElection38] INFO  server.RaftServerConfigKeys (ConfUtils.java:logGet(43)) - raft.server.watch.timeout.denomination = 1s (default)
2019-10-18 13:55:43,346 [2c4ede3d-8481-4ebf-ad31-449fc9bb313e@group-09562E5E73CB-LeaderElection38] INFO  server.RaftServerConfigKeys (ConfUtils.java:logGet(43)) - raft.server.watch.element-limit = 65536 (default)
2019-10-18 13:55:43,347 [2c4ede3d-8481-4ebf-ad31-449fc9bb313e@group-09562E5E73CB-LeaderElection38] INFO  impl.RoleInfo (RoleInfo.java:updateAndGet(143)) - 2c4ede3d-8481-4ebf-ad31-449fc9bb313e: start LeaderState
2019-10-18 13:55:43,348 [2c4ede3d-8481-4ebf-ad31-449fc9bb313e@group-09562E5E73CB-LeaderElection38] INFO  segmented.SegmentedRaftLogWorker (SegmentedRaftLogWorker.java:startLogSegment(385)) - 2c4ede3d-8481-4ebf-ad31-449fc9bb313e@group-09562E5E73CB-SegmentedRaftLogWorker: Starting segment from index:0
2019-10-18 13:55:43,348 [2c4ede3d-8481-4ebf-ad31-449fc9bb313e@group-09562E5E73CB-LeaderElection38] INFO  impl.RaftServerImpl (ServerState.java:setRaftConf(356)) - 2c4ede3d-8481-4ebf-ad31-449fc9bb313e@group-09562E5E73CB: set configuration 0: [2c4ede3d-8481-4ebf-ad31-449fc9bb313e:192.168.157.239:46355], old=null at 0
2019-10-18 13:55:43,375 [2c4ede3d-8481-4ebf-ad31-449fc9bb313e@group-09562E5E73CB-SegmentedRaftLogWorker] INFO  segmented.SegmentedRaftLogWorker (SegmentedRaftLogWorker.java:execute(574)) - 2c4ede3d-8481-4ebf-ad31-449fc9bb313e@group-09562E5E73CB-SegmentedRaftLogWorker: created new log segment /workdir/hadoop-ozone/integration-test/target/test-dir/MiniOzoneClusterImpl-d3375502-699e-4143-a4c2-dc077696cbd1/datanode-4/data/ratis/01e178c9-1cda-488d-a327-09562e5e73cb/current/log_inprogress_0
2019-10-18 13:55:43,401 [Thread-1417] INFO  impl.FollowerState (FollowerState.java:run(108)) - 20bc0158-09c7-4e30-9f85-c6c328e1c2c3@group-D2851B1E7D83-FollowerState: change to CANDIDATE, lastRpcTime:5103ms, electionTimeout:5103ms
2019-10-18 13:55:43,402 [Thread-1417] INFO  impl.RoleInfo (RoleInfo.java:shutdownFollowerState(121)) - 20bc0158-09c7-4e30-9f85-c6c328e1c2c3: shutdown FollowerState
2019-10-18 13:55:43,402 [Thread-1417] INFO  impl.RaftServerImpl (RaftServerImpl.java:setRole(170)) - 20bc0158-09c7-4e30-9f85-c6c328e1c2c3@group-D2851B1E7D83: changes role from  FOLLOWER to CANDIDATE at term 0 for changeToCandidate
2019-10-18 13:55:43,402 [Thread-1417] INFO  impl.RoleInfo (RoleInfo.java:updateAndGet(143)) - 20bc0158-09c7-4e30-9f85-c6c328e1c2c3: start LeaderElection
2019-10-18 13:55:43,411 [20bc0158-09c7-4e30-9f85-c6c328e1c2c3@group-D2851B1E7D83-LeaderElection39] INFO  impl.LeaderElection (LeaderElection.java:askForVotes(178)) - 20bc0158-09c7-4e30-9f85-c6c328e1c2c3@group-D2851B1E7D83-LeaderElection39: begin an election at term 1 for -1: [20bc0158-09c7-4e30-9f85-c6c328e1c2c3:192.168.157.239:34466], old=null
2019-10-18 13:55:43,411 [20bc0158-09c7-4e30-9f85-c6c328e1c2c3@group-D2851B1E7D83-LeaderElection39] INFO  impl.RoleInfo (RoleInfo.java:shutdownLeaderElection(134)) - 20bc0158-09c7-4e30-9f85-c6c328e1c2c3: shutdown LeaderElection
2019-10-18 13:55:43,411 [20bc0158-09c7-4e30-9f85-c6c328e1c2c3@group-D2851B1E7D83-LeaderElection39] INFO  impl.RaftServerImpl (RaftServerImpl.java:setRole(170)) - 20bc0158-09c7-4e30-9f85-c6c328e1c2c3@group-D2851B1E7D83: changes role from CANDIDATE to LEADER at term 1 for changeToLeader
2019-10-18 13:55:43,412 [20bc0158-09c7-4e30-9f85-c6c328e1c2c3@group-D2851B1E7D83-LeaderElection39] INFO  impl.RaftServerImpl (ServerState.java:setLeader(255)) - 20bc0158-09c7-4e30-9f85-c6c328e1c2c3@group-D2851B1E7D83: change Leader from null to 20bc0158-09c7-4e30-9f85-c6c328e1c2c3 at term 1 for becomeLeader, leader elected after 5119ms
2019-10-18 13:55:43,412 [20bc0158-09c7-4e30-9f85-c6c328e1c2c3@group-D2851B1E7D83-LeaderElection39] INFO  server.RaftServerConfigKeys (ConfUtils.java:logGet(43)) - raft.server.staging.catchup.gap = 1000 (default)
2019-10-18 13:55:43,412 [20bc0158-09c7-4e30-9f85-c6c328e1c2c3@group-D2851B1E7D83-LeaderElection39] INFO  server.RaftServerConfigKeys (ConfUtils.java:logGet(43)) - raft.server.rpc.sleep.time = 25ms (default)
2019-10-18 13:55:43,412 [20bc0158-09c7-4e30-9f85-c6c328e1c2c3@group-D2851B1E7D83-LeaderElection39] INFO  server.RaftServerConfigKeys (ConfUtils.java:logGet(43)) - raft.server.write.element-limit = 4096 (default)
2019-10-18 13:55:43,412 [20bc0158-09c7-4e30-9f85-c6c328e1c2c3@group-D2851B1E7D83-LeaderElection39] INFO  server.RaftServerConfigKeys (ConfUtils.java:logGet(43)) - raft.server.watch.timeout = 10s (default)
2019-10-18 13:55:43,412 [20bc0158-09c7-4e30-9f85-c6c328e1c2c3@group-D2851B1E7D83-LeaderElection39] INFO  server.RaftServerConfigKeys (ConfUtils.java:logGet(43)) - raft.server.watch.timeout.denomination = 1s (default)
2019-10-18 13:55:43,412 [20bc0158-09c7-4e30-9f85-c6c328e1c2c3@group-D2851B1E7D83-LeaderElection39] INFO  server.RaftServerConfigKeys (ConfUtils.java:logGet(43)) - raft.server.watch.element-limit = 65536 (default)
2019-10-18 13:55:43,413 [20bc0158-09c7-4e30-9f85-c6c328e1c2c3@group-D2851B1E7D83-LeaderElection39] INFO  impl.RoleInfo (RoleInfo.java:updateAndGet(143)) - 20bc0158-09c7-4e30-9f85-c6c328e1c2c3: start LeaderState
2019-10-18 13:55:43,414 [20bc0158-09c7-4e30-9f85-c6c328e1c2c3@group-D2851B1E7D83-LeaderElection39] INFO  segmented.SegmentedRaftLogWorker (SegmentedRaftLogWorker.java:startLogSegment(385)) - 20bc0158-09c7-4e30-9f85-c6c328e1c2c3@group-D2851B1E7D83-SegmentedRaftLogWorker: Starting segment from index:0
2019-10-18 13:55:43,414 [20bc0158-09c7-4e30-9f85-c6c328e1c2c3@group-D2851B1E7D83-LeaderElection39] INFO  impl.RaftServerImpl (ServerState.java:setRaftConf(356)) - 20bc0158-09c7-4e30-9f85-c6c328e1c2c3@group-D2851B1E7D83: set configuration 0: [20bc0158-09c7-4e30-9f85-c6c328e1c2c3:192.168.157.239:34466], old=null at 0
2019-10-18 13:55:43,440 [20bc0158-09c7-4e30-9f85-c6c328e1c2c3@group-D2851B1E7D83-SegmentedRaftLogWorker] INFO  segmented.SegmentedRaftLogWorker (SegmentedRaftLogWorker.java:execute(574)) - 20bc0158-09c7-4e30-9f85-c6c328e1c2c3@group-D2851B1E7D83-SegmentedRaftLogWorker: created new log segment /workdir/hadoop-ozone/integration-test/target/test-dir/MiniOzoneClusterImpl-d3375502-699e-4143-a4c2-dc077696cbd1/datanode-3/data/ratis/bc10a4fd-4340-46d4-87a4-d2851b1e7d83/current/log_inprogress_0
2019-10-18 13:55:43,458 [Thread-1423] INFO  impl.FollowerState (FollowerState.java:run(108)) - 119aa2bc-d14e-47ea-9e7f-8e58165706a3@group-89F464EEB567-FollowerState: change to CANDIDATE, lastRpcTime:5070ms, electionTimeout:5070ms
2019-10-18 13:55:43,458 [Thread-1423] INFO  impl.RoleInfo (RoleInfo.java:shutdownFollowerState(121)) - 119aa2bc-d14e-47ea-9e7f-8e58165706a3: shutdown FollowerState
2019-10-18 13:55:43,458 [Thread-1423] INFO  impl.RaftServerImpl (RaftServerImpl.java:setRole(170)) - 119aa2bc-d14e-47ea-9e7f-8e58165706a3@group-89F464EEB567: changes role from  FOLLOWER to CANDIDATE at term 0 for changeToCandidate
2019-10-18 13:55:43,458 [Thread-1431] INFO  impl.FollowerState (FollowerState.java:run(108)) - 2c4ede3d-8481-4ebf-ad31-449fc9bb313e@group-D3977815D87B-FollowerState: change to CANDIDATE, lastRpcTime:5017ms, electionTimeout:5017ms
2019-10-18 13:55:43,464 [Thread-1423] INFO  impl.RoleInfo (RoleInfo.java:updateAndGet(143)) - 119aa2bc-d14e-47ea-9e7f-8e58165706a3: start LeaderElection
2019-10-18 13:55:43,464 [Thread-1431] INFO  impl.RoleInfo (RoleInfo.java:shutdownFollowerState(121)) - 2c4ede3d-8481-4ebf-ad31-449fc9bb313e: shutdown FollowerState
2019-10-18 13:55:43,468 [Thread-1431] INFO  impl.RaftServerImpl (RaftServerImpl.java:setRole(170)) - 2c4ede3d-8481-4ebf-ad31-449fc9bb313e@group-D3977815D87B: changes role from  FOLLOWER to CANDIDATE at term 0 for changeToCandidate
2019-10-18 13:55:43,469 [Thread-1431] INFO  impl.RoleInfo (RoleInfo.java:updateAndGet(143)) - 2c4ede3d-8481-4ebf-ad31-449fc9bb313e: start LeaderElection
2019-10-18 13:55:43,485 [119aa2bc-d14e-47ea-9e7f-8e58165706a3@group-89F464EEB567-LeaderElection40] INFO  impl.LeaderElection (LeaderElection.java:askForVotes(178)) - 119aa2bc-d14e-47ea-9e7f-8e58165706a3@group-89F464EEB567-LeaderElection40: begin an election at term 1 for -1: [119aa2bc-d14e-47ea-9e7f-8e58165706a3:192.168.157.239:37039], old=null
2019-10-18 13:55:43,485 [2c4ede3d-8481-4ebf-ad31-449fc9bb313e@group-D3977815D87B-LeaderElection41] INFO  impl.LeaderElection (LeaderElection.java:askForVotes(178)) - 2c4ede3d-8481-4ebf-ad31-449fc9bb313e@group-D3977815D87B-LeaderElection41: begin an election at term 1 for -1: [d1508a19-715e-4b85-a912-9e7e82cb6f46:192.168.157.239:38216, 119aa2bc-d14e-47ea-9e7f-8e58165706a3:192.168.157.239:37039, 2c4ede3d-8481-4ebf-ad31-449fc9bb313e:192.168.157.239:46355], old=null
2019-10-18 13:55:43,485 [119aa2bc-d14e-47ea-9e7f-8e58165706a3@group-89F464EEB567-LeaderElection40] INFO  impl.RoleInfo (RoleInfo.java:shutdownLeaderElection(134)) - 119aa2bc-d14e-47ea-9e7f-8e58165706a3: shutdown LeaderElection
2019-10-18 13:55:43,485 [119aa2bc-d14e-47ea-9e7f-8e58165706a3@group-89F464EEB567-LeaderElection40] INFO  impl.RaftServerImpl (RaftServerImpl.java:setRole(170)) - 119aa2bc-d14e-47ea-9e7f-8e58165706a3@group-89F464EEB567: changes role from CANDIDATE to LEADER at term 1 for changeToLeader
2019-10-18 13:55:43,485 [119aa2bc-d14e-47ea-9e7f-8e58165706a3@group-89F464EEB567-LeaderElection40] INFO  impl.RaftServerImpl (ServerState.java:setLeader(255)) - 119aa2bc-d14e-47ea-9e7f-8e58165706a3@group-89F464EEB567: change Leader from null to 119aa2bc-d14e-47ea-9e7f-8e58165706a3 at term 1 for becomeLeader, leader elected after 5103ms
2019-10-18 13:55:43,485 [119aa2bc-d14e-47ea-9e7f-8e58165706a3@group-89F464EEB567-LeaderElection40] INFO  server.RaftServerConfigKeys (ConfUtils.java:logGet(43)) - raft.server.staging.catchup.gap = 1000 (default)
2019-10-18 13:55:43,485 [119aa2bc-d14e-47ea-9e7f-8e58165706a3@group-89F464EEB567-LeaderElection40] INFO  server.RaftServerConfigKeys (ConfUtils.java:logGet(43)) - raft.server.rpc.sleep.time = 25ms (default)
2019-10-18 13:55:43,486 [119aa2bc-d14e-47ea-9e7f-8e58165706a3@group-89F464EEB567-LeaderElection40] INFO  server.RaftServerConfigKeys (ConfUtils.java:logGet(43)) - raft.server.write.element-limit = 4096 (default)
2019-10-18 13:55:43,486 [119aa2bc-d14e-47ea-9e7f-8e58165706a3@group-89F464EEB567-LeaderElection40] INFO  server.RaftServerConfigKeys (ConfUtils.java:logGet(43)) - raft.server.watch.timeout = 10s (default)
2019-10-18 13:55:43,486 [119aa2bc-d14e-47ea-9e7f-8e58165706a3@group-89F464EEB567-LeaderElection40] INFO  server.RaftServerConfigKeys (ConfUtils.java:logGet(43)) - raft.server.watch.timeout.denomination = 1s (default)
2019-10-18 13:55:43,486 [119aa2bc-d14e-47ea-9e7f-8e58165706a3@group-89F464EEB567-LeaderElection40] INFO  server.RaftServerConfigKeys (ConfUtils.java:logGet(43)) - raft.server.watch.element-limit = 65536 (default)
2019-10-18 13:55:43,489 [119aa2bc-d14e-47ea-9e7f-8e58165706a3@group-89F464EEB567-LeaderElection40] INFO  impl.RoleInfo (RoleInfo.java:updateAndGet(143)) - 119aa2bc-d14e-47ea-9e7f-8e58165706a3: start LeaderState
2019-10-18 13:55:43,492 [grpc-default-executor-5] INFO  impl.RaftServerImpl (RaftServerImpl.java:setRole(170)) - d1508a19-715e-4b85-a912-9e7e82cb6f46@group-D3977815D87B: changes role from  FOLLOWER to FOLLOWER at term 1 for recognizeCandidate:2c4ede3d-8481-4ebf-ad31-449fc9bb313e
2019-10-18 13:55:43,494 [grpc-default-executor-5] INFO  impl.RoleInfo (RoleInfo.java:shutdownFollowerState(121)) - d1508a19-715e-4b85-a912-9e7e82cb6f46: shutdown FollowerState
2019-10-18 13:55:43,496 [grpc-default-executor-8] INFO  impl.RaftServerImpl (RaftServerImpl.java:setRole(170)) - 119aa2bc-d14e-47ea-9e7f-8e58165706a3@group-D3977815D87B: changes role from  FOLLOWER to FOLLOWER at term 1 for recognizeCandidate:2c4ede3d-8481-4ebf-ad31-449fc9bb313e
2019-10-18 13:55:43,494 [119aa2bc-d14e-47ea-9e7f-8e58165706a3@group-89F464EEB567-LeaderElection40] INFO  segmented.SegmentedRaftLogWorker (SegmentedRaftLogWorker.java:startLogSegment(385)) - 119aa2bc-d14e-47ea-9e7f-8e58165706a3@group-89F464EEB567-SegmentedRaftLogWorker: Starting segment from index:0
2019-10-18 13:55:43,496 [grpc-default-executor-8] INFO  impl.RoleInfo (RoleInfo.java:shutdownFollowerState(121)) - 119aa2bc-d14e-47ea-9e7f-8e58165706a3: shutdown FollowerState
2019-10-18 13:55:43,496 [Thread-1426] INFO  impl.FollowerState (FollowerState.java:run(117)) - d1508a19-715e-4b85-a912-9e7e82cb6f46@group-D3977815D87B-FollowerState was interrupted: java.lang.InterruptedException: sleep interrupted
2019-10-18 13:55:43,496 [grpc-default-executor-5] INFO  impl.RoleInfo (RoleInfo.java:updateAndGet(143)) - d1508a19-715e-4b85-a912-9e7e82cb6f46: start FollowerState
2019-10-18 13:55:43,496 [Thread-1430] INFO  impl.FollowerState (FollowerState.java:run(117)) - 119aa2bc-d14e-47ea-9e7f-8e58165706a3@group-D3977815D87B-FollowerState was interrupted: java.lang.InterruptedException: sleep interrupted
2019-10-18 13:55:43,496 [grpc-default-executor-8] INFO  impl.RoleInfo (RoleInfo.java:updateAndGet(143)) - 119aa2bc-d14e-47ea-9e7f-8e58165706a3: start FollowerState
2019-10-18 13:55:43,497 [119aa2bc-d14e-47ea-9e7f-8e58165706a3@group-89F464EEB567-LeaderElection40] INFO  impl.RaftServerImpl (ServerState.java:setRaftConf(356)) - 119aa2bc-d14e-47ea-9e7f-8e58165706a3@group-89F464EEB567: set configuration 0: [119aa2bc-d14e-47ea-9e7f-8e58165706a3:192.168.157.239:37039], old=null at 0
2019-10-18 13:55:43,529 [2c4ede3d-8481-4ebf-ad31-449fc9bb313e@group-D3977815D87B-LeaderElection41] INFO  impl.LeaderElection (LeaderElection.java:logAndReturn(56)) - 2c4ede3d-8481-4ebf-ad31-449fc9bb313e@group-D3977815D87B-LeaderElection41: Election PASSED; received 1 response(s) [2c4ede3d-8481-4ebf-ad31-449fc9bb313e<-d1508a19-715e-4b85-a912-9e7e82cb6f46#0:OK-t1] and 0 exception(s); 2c4ede3d-8481-4ebf-ad31-449fc9bb313e@group-D3977815D87B:t1, leader=null, voted=2c4ede3d-8481-4ebf-ad31-449fc9bb313e, raftlog=2c4ede3d-8481-4ebf-ad31-449fc9bb313e@group-D3977815D87B-SegmentedRaftLog:OPENED:c-1,f-1,i0, conf=-1: [d1508a19-715e-4b85-a912-9e7e82cb6f46:192.168.157.239:38216, 119aa2bc-d14e-47ea-9e7f-8e58165706a3:192.168.157.239:37039, 2c4ede3d-8481-4ebf-ad31-449fc9bb313e:192.168.157.239:46355], old=null
2019-10-18 13:55:43,529 [2c4ede3d-8481-4ebf-ad31-449fc9bb313e@group-D3977815D87B-LeaderElection41] INFO  impl.RoleInfo (RoleInfo.java:shutdownLeaderElection(134)) - 2c4ede3d-8481-4ebf-ad31-449fc9bb313e: shutdown LeaderElection
2019-10-18 13:55:43,530 [2c4ede3d-8481-4ebf-ad31-449fc9bb313e@group-D3977815D87B-LeaderElection41] INFO  impl.RaftServerImpl (RaftServerImpl.java:setRole(170)) - 2c4ede3d-8481-4ebf-ad31-449fc9bb313e@group-D3977815D87B: changes role from CANDIDATE to LEADER at term 1 for changeToLeader
2019-10-18 13:55:43,530 [2c4ede3d-8481-4ebf-ad31-449fc9bb313e@group-D3977815D87B-LeaderElection41] INFO  impl.RaftServerImpl (ServerState.java:setLeader(255)) - 2c4ede3d-8481-4ebf-ad31-449fc9bb313e@group-D3977815D87B: change Leader from null to 2c4ede3d-8481-4ebf-ad31-449fc9bb313e at term 1 for becomeLeader, leader elected after 5103ms
2019-10-18 13:55:43,530 [2c4ede3d-8481-4ebf-ad31-449fc9bb313e@group-D3977815D87B-LeaderElection41] INFO  server.RaftServerConfigKeys (ConfUtils.java:logGet(43)) - raft.server.staging.catchup.gap = 1000 (default)
2019-10-18 13:55:43,531 [2c4ede3d-8481-4ebf-ad31-449fc9bb313e@group-D3977815D87B-LeaderElection41] INFO  server.RaftServerConfigKeys (ConfUtils.java:logGet(43)) - raft.server.rpc.sleep.time = 25ms (default)
2019-10-18 13:55:43,531 [2c4ede3d-8481-4ebf-ad31-449fc9bb313e@group-D3977815D87B-LeaderElection41] INFO  server.RaftServerConfigKeys (ConfUtils.java:logGet(43)) - raft.server.write.element-limit = 4096 (default)
2019-10-18 13:55:43,531 [2c4ede3d-8481-4ebf-ad31-449fc9bb313e@group-D3977815D87B-LeaderElection41] INFO  server.RaftServerConfigKeys (ConfUtils.java:logGet(43)) - raft.server.watch.timeout = 10s (default)
2019-10-18 13:55:43,531 [2c4ede3d-8481-4ebf-ad31-449fc9bb313e@group-D3977815D87B-LeaderElection41] INFO  server.RaftServerConfigKeys (ConfUtils.java:logGet(43)) - raft.server.watch.timeout.denomination = 1s (default)
2019-10-18 13:55:43,531 [119aa2bc-d14e-47ea-9e7f-8e58165706a3@group-89F464EEB567-SegmentedRaftLogWorker] INFO  segmented.SegmentedRaftLogWorker (SegmentedRaftLogWorker.java:execute(574)) - 119aa2bc-d14e-47ea-9e7f-8e58165706a3@group-89F464EEB567-SegmentedRaftLogWorker: created new log segment /workdir/hadoop-ozone/integration-test/target/test-dir/MiniOzoneClusterImpl-d3375502-699e-4143-a4c2-dc077696cbd1/datanode-6/data/ratis/f34bf383-1b83-4c6e-9856-89f464eeb567/current/log_inprogress_0
2019-10-18 13:55:43,531 [2c4ede3d-8481-4ebf-ad31-449fc9bb313e@group-D3977815D87B-LeaderElection41] INFO  server.RaftServerConfigKeys (ConfUtils.java:logGet(43)) - raft.server.watch.element-limit = 65536 (default)
2019-10-18 13:55:43,534 [2c4ede3d-8481-4ebf-ad31-449fc9bb313e@group-D3977815D87B-LeaderElection41] INFO  server.RaftServerConfigKeys (ConfUtils.java:logGet(43)) - raft.server.log.appender.snapshot.chunk.size.max = 16MB (=16777216) (default)
2019-10-18 13:55:43,534 [2c4ede3d-8481-4ebf-ad31-449fc9bb313e@group-D3977815D87B-LeaderElection41] INFO  server.RaftServerConfigKeys (ConfUtils.java:logGet(43)) - raft.server.log.appender.buffer.byte-limit = 33554432 (custom)
2019-10-18 13:55:43,534 [2c4ede3d-8481-4ebf-ad31-449fc9bb313e@group-D3977815D87B-LeaderElection41] INFO  server.RaftServerConfigKeys (ConfUtils.java:logGet(43)) - raft.server.log.appender.buffer.element-limit = 1 (custom)
2019-10-18 13:55:43,534 [2c4ede3d-8481-4ebf-ad31-449fc9bb313e@group-D3977815D87B-LeaderElection41] INFO  grpc.GrpcConfigKeys$Server (ConfUtils.java:logGet(43)) - raft.grpc.server.leader.outstanding.appends.max = 128 (default)
2019-10-18 13:55:43,534 [2c4ede3d-8481-4ebf-ad31-449fc9bb313e@group-D3977815D87B-LeaderElection41] INFO  server.RaftServerConfigKeys (ConfUtils.java:logGet(43)) - raft.server.rpc.request.timeout = 3000ms (default)
2019-10-18 13:55:43,534 [2c4ede3d-8481-4ebf-ad31-449fc9bb313e@group-D3977815D87B-LeaderElection41] INFO  server.RaftServerConfigKeys (ConfUtils.java:logGet(43)) - raft.server.log.appender.install.snapshot.enabled = false (custom)
2019-10-18 13:55:43,535 [2c4ede3d-8481-4ebf-ad31-449fc9bb313e@group-D3977815D87B-LeaderElection41] INFO  server.RaftServerConfigKeys (ConfUtils.java:logGet(43)) - raft.server.log.appender.snapshot.chunk.size.max = 16MB (=16777216) (default)
2019-10-18 13:55:43,535 [2c4ede3d-8481-4ebf-ad31-449fc9bb313e@group-D3977815D87B-LeaderElection41] INFO  server.RaftServerConfigKeys (ConfUtils.java:logGet(43)) - raft.server.log.appender.buffer.byte-limit = 33554432 (custom)
2019-10-18 13:55:43,535 [2c4ede3d-8481-4ebf-ad31-449fc9bb313e@group-D3977815D87B-LeaderElection41] INFO  server.RaftServerConfigKeys (ConfUtils.java:logGet(43)) - raft.server.log.appender.buffer.element-limit = 1 (custom)
2019-10-18 13:55:43,535 [2c4ede3d-8481-4ebf-ad31-449fc9bb313e@group-D3977815D87B-LeaderElection41] INFO  grpc.GrpcConfigKeys$Server (ConfUtils.java:logGet(43)) - raft.grpc.server.leader.outstanding.appends.max = 128 (default)
2019-10-18 13:55:43,535 [2c4ede3d-8481-4ebf-ad31-449fc9bb313e@group-D3977815D87B-LeaderElection41] INFO  server.RaftServerConfigKeys (ConfUtils.java:logGet(43)) - raft.server.rpc.request.timeout = 3000ms (default)
2019-10-18 13:55:43,535 [2c4ede3d-8481-4ebf-ad31-449fc9bb313e@group-D3977815D87B-LeaderElection41] INFO  server.RaftServerConfigKeys (ConfUtils.java:logGet(43)) - raft.server.log.appender.install.snapshot.enabled = false (custom)
2019-10-18 13:55:43,535 [2c4ede3d-8481-4ebf-ad31-449fc9bb313e@group-D3977815D87B-LeaderElection41] INFO  impl.RoleInfo (RoleInfo.java:updateAndGet(143)) - 2c4ede3d-8481-4ebf-ad31-449fc9bb313e: start LeaderState
2019-10-18 13:55:43,536 [2c4ede3d-8481-4ebf-ad31-449fc9bb313e@group-D3977815D87B-LeaderElection41] INFO  segmented.SegmentedRaftLogWorker (SegmentedRaftLogWorker.java:startLogSegment(385)) - 2c4ede3d-8481-4ebf-ad31-449fc9bb313e@group-D3977815D87B-SegmentedRaftLogWorker: Starting segment from index:0
2019-10-18 13:55:43,536 [2c4ede3d-8481-4ebf-ad31-449fc9bb313e@group-D3977815D87B-LeaderElection41] INFO  impl.RaftServerImpl (ServerState.java:setRaftConf(356)) - 2c4ede3d-8481-4ebf-ad31-449fc9bb313e@group-D3977815D87B: set configuration 0: [d1508a19-715e-4b85-a912-9e7e82cb6f46:192.168.157.239:38216, 119aa2bc-d14e-47ea-9e7f-8e58165706a3:192.168.157.239:37039, 2c4ede3d-8481-4ebf-ad31-449fc9bb313e:192.168.157.239:46355], old=null at 0
2019-10-18 13:55:43,562 [Thread-1420] INFO  impl.FollowerState (FollowerState.java:run(108)) - d1508a19-715e-4b85-a912-9e7e82cb6f46@group-316C87EB5375-FollowerState: change to CANDIDATE, lastRpcTime:5221ms, electionTimeout:5199ms
2019-10-18 13:55:43,563 [Thread-1420] INFO  impl.RoleInfo (RoleInfo.java:shutdownFollowerState(121)) - d1508a19-715e-4b85-a912-9e7e82cb6f46: shutdown FollowerState
2019-10-18 13:55:43,563 [Thread-1420] INFO  impl.RaftServerImpl (RaftServerImpl.java:setRole(170)) - d1508a19-715e-4b85-a912-9e7e82cb6f46@group-316C87EB5375: changes role from  FOLLOWER to CANDIDATE at term 0 for changeToCandidate
2019-10-18 13:55:43,563 [Thread-1420] INFO  impl.RoleInfo (RoleInfo.java:updateAndGet(143)) - d1508a19-715e-4b85-a912-9e7e82cb6f46: start LeaderElection
2019-10-18 13:55:43,568 [2c4ede3d-8481-4ebf-ad31-449fc9bb313e@group-D3977815D87B-SegmentedRaftLogWorker] INFO  segmented.SegmentedRaftLogWorker (SegmentedRaftLogWorker.java:execute(574)) - 2c4ede3d-8481-4ebf-ad31-449fc9bb313e@group-D3977815D87B-SegmentedRaftLogWorker: created new log segment /workdir/hadoop-ozone/integration-test/target/test-dir/MiniOzoneClusterImpl-d3375502-699e-4143-a4c2-dc077696cbd1/datanode-4/data/ratis/e1570b9e-abc3-4a8f-9271-d3977815d87b/current/log_inprogress_0
2019-10-18 13:55:43,568 [grpc-default-executor-8] INFO  impl.RaftServerImpl (ServerState.java:setLeader(255)) - 119aa2bc-d14e-47ea-9e7f-8e58165706a3@group-D3977815D87B: change Leader from null to 2c4ede3d-8481-4ebf-ad31-449fc9bb313e at term 1 for appendEntries, leader elected after 5141ms
2019-10-18 13:55:43,568 [grpc-default-executor-5] INFO  impl.RaftServerImpl (ServerState.java:setLeader(255)) - d1508a19-715e-4b85-a912-9e7e82cb6f46@group-D3977815D87B: change Leader from null to 2c4ede3d-8481-4ebf-ad31-449fc9bb313e at term 1 for appendEntries, leader elected after 5142ms
2019-10-18 13:55:43,574 [grpc-default-executor-8] INFO  impl.RaftServerImpl (ServerState.java:setRaftConf(356)) - 119aa2bc-d14e-47ea-9e7f-8e58165706a3@group-D3977815D87B: set configuration 0: [d1508a19-715e-4b85-a912-9e7e82cb6f46:192.168.157.239:38216, 119aa2bc-d14e-47ea-9e7f-8e58165706a3:192.168.157.239:37039, 2c4ede3d-8481-4ebf-ad31-449fc9bb313e:192.168.157.239:46355], old=null at 0
2019-10-18 13:55:43,574 [grpc-default-executor-8] INFO  segmented.SegmentedRaftLogWorker (SegmentedRaftLogWorker.java:startLogSegment(385)) - 119aa2bc-d14e-47ea-9e7f-8e58165706a3@group-D3977815D87B-SegmentedRaftLogWorker: Starting segment from index:0
2019-10-18 13:55:43,574 [grpc-default-executor-5] INFO  impl.RaftServerImpl (ServerState.java:setRaftConf(356)) - d1508a19-715e-4b85-a912-9e7e82cb6f46@group-D3977815D87B: set configuration 0: [d1508a19-715e-4b85-a912-9e7e82cb6f46:192.168.157.239:38216, 119aa2bc-d14e-47ea-9e7f-8e58165706a3:192.168.157.239:37039, 2c4ede3d-8481-4ebf-ad31-449fc9bb313e:192.168.157.239:46355], old=null at 0
2019-10-18 13:55:43,574 [grpc-default-executor-5] INFO  segmented.SegmentedRaftLogWorker (SegmentedRaftLogWorker.java:startLogSegment(385)) - d1508a19-715e-4b85-a912-9e7e82cb6f46@group-D3977815D87B-SegmentedRaftLogWorker: Starting segment from index:0
2019-10-18 13:55:43,578 [d1508a19-715e-4b85-a912-9e7e82cb6f46@group-316C87EB5375-LeaderElection42] INFO  impl.LeaderElection (LeaderElection.java:askForVotes(178)) - d1508a19-715e-4b85-a912-9e7e82cb6f46@group-316C87EB5375-LeaderElection42: begin an election at term 1 for -1: [d1508a19-715e-4b85-a912-9e7e82cb6f46:192.168.157.239:38216], old=null
2019-10-18 13:55:43,610 [d1508a19-715e-4b85-a912-9e7e82cb6f46@group-316C87EB5375-LeaderElection42] INFO  impl.RoleInfo (RoleInfo.java:shutdownLeaderElection(134)) - d1508a19-715e-4b85-a912-9e7e82cb6f46: shutdown LeaderElection
2019-10-18 13:55:43,610 [119aa2bc-d14e-47ea-9e7f-8e58165706a3@group-D3977815D87B-SegmentedRaftLogWorker] INFO  segmented.SegmentedRaftLogWorker (SegmentedRaftLogWorker.java:execute(574)) - 119aa2bc-d14e-47ea-9e7f-8e58165706a3@group-D3977815D87B-SegmentedRaftLogWorker: created new log segment /workdir/hadoop-ozone/integration-test/target/test-dir/MiniOzoneClusterImpl-d3375502-699e-4143-a4c2-dc077696cbd1/datanode-6/data/ratis/e1570b9e-abc3-4a8f-9271-d3977815d87b/current/log_inprogress_0
2019-10-18 13:55:43,610 [d1508a19-715e-4b85-a912-9e7e82cb6f46@group-D3977815D87B-SegmentedRaftLogWorker] INFO  segmented.SegmentedRaftLogWorker (SegmentedRaftLogWorker.java:execute(574)) - d1508a19-715e-4b85-a912-9e7e82cb6f46@group-D3977815D87B-SegmentedRaftLogWorker: created new log segment /workdir/hadoop-ozone/integration-test/target/test-dir/MiniOzoneClusterImpl-d3375502-699e-4143-a4c2-dc077696cbd1/datanode-5/data/ratis/e1570b9e-abc3-4a8f-9271-d3977815d87b/current/log_inprogress_0
2019-10-18 13:55:43,610 [d1508a19-715e-4b85-a912-9e7e82cb6f46@group-316C87EB5375-LeaderElection42] INFO  impl.RaftServerImpl (RaftServerImpl.java:setRole(170)) - d1508a19-715e-4b85-a912-9e7e82cb6f46@group-316C87EB5375: changes role from CANDIDATE to LEADER at term 1 for changeToLeader
2019-10-18 13:55:43,613 [d1508a19-715e-4b85-a912-9e7e82cb6f46@group-316C87EB5375-LeaderElection42] INFO  impl.RaftServerImpl (ServerState.java:setLeader(255)) - d1508a19-715e-4b85-a912-9e7e82cb6f46@group-316C87EB5375: change Leader from null to d1508a19-715e-4b85-a912-9e7e82cb6f46 at term 1 for becomeLeader, leader elected after 5277ms
2019-10-18 13:55:43,613 [d1508a19-715e-4b85-a912-9e7e82cb6f46@group-316C87EB5375-LeaderElection42] INFO  server.RaftServerConfigKeys (ConfUtils.java:logGet(43)) - raft.server.staging.catchup.gap = 1000 (default)
2019-10-18 13:55:43,613 [d1508a19-715e-4b85-a912-9e7e82cb6f46@group-316C87EB5375-LeaderElection42] INFO  server.RaftServerConfigKeys (ConfUtils.java:logGet(43)) - raft.server.rpc.sleep.time = 25ms (default)
2019-10-18 13:55:43,614 [d1508a19-715e-4b85-a912-9e7e82cb6f46@group-316C87EB5375-LeaderElection42] INFO  server.RaftServerConfigKeys (ConfUtils.java:logGet(43)) - raft.server.write.element-limit = 4096 (default)
2019-10-18 13:55:43,616 [d1508a19-715e-4b85-a912-9e7e82cb6f46@group-316C87EB5375-LeaderElection42] INFO  server.RaftServerConfigKeys (ConfUtils.java:logGet(43)) - raft.server.watch.timeout = 10s (default)
2019-10-18 13:55:43,616 [d1508a19-715e-4b85-a912-9e7e82cb6f46@group-316C87EB5375-LeaderElection42] INFO  server.RaftServerConfigKeys (ConfUtils.java:logGet(43)) - raft.server.watch.timeout.denomination = 1s (default)
2019-10-18 13:55:43,616 [d1508a19-715e-4b85-a912-9e7e82cb6f46@group-316C87EB5375-LeaderElection42] INFO  server.RaftServerConfigKeys (ConfUtils.java:logGet(43)) - raft.server.watch.element-limit = 65536 (default)
2019-10-18 13:55:43,618 [d1508a19-715e-4b85-a912-9e7e82cb6f46@group-316C87EB5375-LeaderElection42] INFO  impl.RoleInfo (RoleInfo.java:updateAndGet(143)) - d1508a19-715e-4b85-a912-9e7e82cb6f46: start LeaderState
2019-10-18 13:55:43,618 [d1508a19-715e-4b85-a912-9e7e82cb6f46@group-316C87EB5375-LeaderElection42] INFO  segmented.SegmentedRaftLogWorker (SegmentedRaftLogWorker.java:startLogSegment(385)) - d1508a19-715e-4b85-a912-9e7e82cb6f46@group-316C87EB5375-SegmentedRaftLogWorker: Starting segment from index:0
2019-10-18 13:55:43,619 [d1508a19-715e-4b85-a912-9e7e82cb6f46@group-316C87EB5375-LeaderElection42] INFO  impl.RaftServerImpl (ServerState.java:setRaftConf(356)) - d1508a19-715e-4b85-a912-9e7e82cb6f46@group-316C87EB5375: set configuration 0: [d1508a19-715e-4b85-a912-9e7e82cb6f46:192.168.157.239:38216], old=null at 0
2019-10-18 13:55:43,651 [d1508a19-715e-4b85-a912-9e7e82cb6f46@group-316C87EB5375-SegmentedRaftLogWorker] INFO  segmented.SegmentedRaftLogWorker (SegmentedRaftLogWorker.java:execute(574)) - d1508a19-715e-4b85-a912-9e7e82cb6f46@group-316C87EB5375-SegmentedRaftLogWorker: created new log segment /workdir/hadoop-ozone/integration-test/target/test-dir/MiniOzoneClusterImpl-d3375502-699e-4143-a4c2-dc077696cbd1/datanode-5/data/ratis/4aaebaee-c064-4281-a298-316c87eb5375/current/log_inprogress_0
2019-10-18 13:55:44,603 [Datanode State Machine Thread - 0] INFO  statemachine.DatanodeStateMachine (DatanodeStateMachine.java:lambda$startDaemon$0(350)) - Ozone container server started.
2019-10-18 13:55:48,618 [main] INFO  ozoneimpl.OzoneContainer (OzoneContainer.java:stop(227)) - Attempting to stop container services.
2019-10-18 13:55:48,619 [main] INFO  impl.RaftServerProxy (RaftServerProxy.java:lambda$close$4(314)) - 8a1104a3-2cf3-46fb-8cbd-4f593888249e: close
2019-10-18 13:55:48,619 [main] INFO  impl.RaftServerImpl (RaftServerImpl.java:lambda$shutdown$3(247)) - 8a1104a3-2cf3-46fb-8cbd-4f593888249e@group-CD6A916F54C2: shutdown
2019-10-18 13:55:48,620 [main] INFO  util.JmxRegister (JmxRegister.java:unregister(73)) - Successfully un-registered JMX Bean with object name Ratis:service=RaftServer,group=group-CD6A916F54C2,id=8a1104a3-2cf3-46fb-8cbd-4f593888249e
2019-10-18 13:55:48,620 [main] INFO  impl.RoleInfo (RoleInfo.java:shutdownFollowerState(121)) - 8a1104a3-2cf3-46fb-8cbd-4f593888249e: shutdown FollowerState
2019-10-18 13:55:48,620 [main] INFO  impl.StateMachineUpdater (StateMachineUpdater.java:stopAndJoin(136)) - 8a1104a3-2cf3-46fb-8cbd-4f593888249e@group-CD6A916F54C2-StateMachineUpdater: set stopIndex = 2
2019-10-18 13:55:48,620 [Thread-1453] INFO  impl.FollowerState (FollowerState.java:run(117)) - 8a1104a3-2cf3-46fb-8cbd-4f593888249e@group-CD6A916F54C2-FollowerState was interrupted: java.lang.InterruptedException: sleep interrupted
2019-10-18 13:55:48,620 [8a1104a3-2cf3-46fb-8cbd-4f593888249e@group-CD6A916F54C2-StateMachineUpdater] INFO  ratis.ContainerStateMachine (ContainerStateMachine.java:takeSnapshot(294)) - group-CD6A916F54C2: Taking a snapshot at:(t:1, i:1) file /workdir/hadoop-ozone/integration-test/target/test-dir/MiniOzoneClusterImpl-d3375502-699e-4143-a4c2-dc077696cbd1/datanode-0/data/ratis/659804ce-9b7a-4f55-ba47-cd6a916f54c2/sm/snapshot.1_1
2019-10-18 13:55:48,670 [8a1104a3-2cf3-46fb-8cbd-4f593888249e@group-CD6A916F54C2-StateMachineUpdater] INFO  ratis.ContainerStateMachine (ContainerStateMachine.java:takeSnapshot(305)) - group-CD6A916F54C2: Finished taking a snapshot at:(t:1, i:1) file:/workdir/hadoop-ozone/integration-test/target/test-dir/MiniOzoneClusterImpl-d3375502-699e-4143-a4c2-dc077696cbd1/datanode-0/data/ratis/659804ce-9b7a-4f55-ba47-cd6a916f54c2/sm/snapshot.1_1 time:50
2019-10-18 13:55:48,670 [8a1104a3-2cf3-46fb-8cbd-4f593888249e@group-CD6A916F54C2-StateMachineUpdater] INFO  impl.StateMachineUpdater (StateMachineUpdater.java:takeSnapshot(269)) - 8a1104a3-2cf3-46fb-8cbd-4f593888249e@group-CD6A916F54C2-StateMachineUpdater: Took a snapshot at index 1
2019-10-18 13:55:48,670 [8a1104a3-2cf3-46fb-8cbd-4f593888249e@group-CD6A916F54C2-StateMachineUpdater] INFO  impl.StateMachineUpdater (StateMachineUpdater.java:lambda$new$0(84)) - 8a1104a3-2cf3-46fb-8cbd-4f593888249e@group-CD6A916F54C2-StateMachineUpdater: snapshotIndex: updateIncreasingly -1 -> 1
2019-10-18 13:55:48,671 [8a1104a3-2cf3-46fb-8cbd-4f593888249e@group-CD6A916F54C2-StateMachineUpdater] INFO  ratis.ContainerStateMachine (ContainerStateMachine.java:takeSnapshot(294)) - group-CD6A916F54C2: Taking a snapshot at:(t:1, i:1) file /workdir/hadoop-ozone/integration-test/target/test-dir/MiniOzoneClusterImpl-d3375502-699e-4143-a4c2-dc077696cbd1/datanode-0/data/ratis/659804ce-9b7a-4f55-ba47-cd6a916f54c2/sm/snapshot.1_1
2019-10-18 13:55:48,683 [8a1104a3-2cf3-46fb-8cbd-4f593888249e@group-CD6A916F54C2-StateMachineUpdater] INFO  ratis.ContainerStateMachine (ContainerStateMachine.java:takeSnapshot(305)) - group-CD6A916F54C2: Finished taking a snapshot at:(t:1, i:1) file:/workdir/hadoop-ozone/integration-test/target/test-dir/MiniOzoneClusterImpl-d3375502-699e-4143-a4c2-dc077696cbd1/datanode-0/data/ratis/659804ce-9b7a-4f55-ba47-cd6a916f54c2/sm/snapshot.1_1 time:13
2019-10-18 13:55:48,683 [8a1104a3-2cf3-46fb-8cbd-4f593888249e@group-CD6A916F54C2-StateMachineUpdater] INFO  impl.StateMachineUpdater (StateMachineUpdater.java:takeSnapshot(269)) - 8a1104a3-2cf3-46fb-8cbd-4f593888249e@group-CD6A916F54C2-StateMachineUpdater: Took a snapshot at index 1
2019-10-18 13:55:48,683 [8a1104a3-2cf3-46fb-8cbd-4f593888249e@group-CD6A916F54C2-StateMachineUpdater] INFO  impl.StateMachineUpdater (StateMachineUpdater.java:lambda$new$0(84)) - 8a1104a3-2cf3-46fb-8cbd-4f593888249e@group-CD6A916F54C2-StateMachineUpdater: snapshotIndex: updateIncreasingly 1 -> 1
2019-10-18 13:55:48,684 [main] INFO  impl.RaftServerImpl (ServerState.java:close(387)) - 8a1104a3-2cf3-46fb-8cbd-4f593888249e@group-CD6A916F54C2: closes. applyIndex: 2
2019-10-18 13:55:48,684 [8a1104a3-2cf3-46fb-8cbd-4f593888249e@group-CD6A916F54C2-SegmentedRaftLogWorker] INFO  segmented.SegmentedRaftLogWorker (SegmentedRaftLogWorker.java:run(316)) - 8a1104a3-2cf3-46fb-8cbd-4f593888249e@group-CD6A916F54C2-SegmentedRaftLogWorker was interrupted, exiting. There are 0 tasks remaining in the queue.
2019-10-18 13:55:48,686 [main] INFO  segmented.SegmentedRaftLogWorker (SegmentedRaftLogWorker.java:close(224)) - 8a1104a3-2cf3-46fb-8cbd-4f593888249e@group-CD6A916F54C2-SegmentedRaftLogWorker close()
2019-10-18 13:55:48,688 [main] INFO  impl.RaftServerImpl (RaftServerImpl.java:lambda$shutdown$3(247)) - 8a1104a3-2cf3-46fb-8cbd-4f593888249e@group-593350543DFC: shutdown
2019-10-18 13:55:48,689 [main] INFO  util.JmxRegister (JmxRegister.java:unregister(73)) - Successfully un-registered JMX Bean with object name Ratis:service=RaftServer,group=group-593350543DFC,id=8a1104a3-2cf3-46fb-8cbd-4f593888249e
2019-10-18 13:55:48,689 [main] INFO  impl.RoleInfo (RoleInfo.java:shutdownLeaderState(104)) - 8a1104a3-2cf3-46fb-8cbd-4f593888249e: shutdown LeaderState
2019-10-18 13:55:48,689 [main] INFO  impl.PendingRequests (PendingRequests.java:sendNotLeaderResponses(202)) - 8a1104a3-2cf3-46fb-8cbd-4f593888249e@group-593350543DFC-PendingRequests: sendNotLeaderResponses
2019-10-18 13:55:48,689 [main] INFO  impl.StateMachineUpdater (StateMachineUpdater.java:stopAndJoin(136)) - 8a1104a3-2cf3-46fb-8cbd-4f593888249e@group-593350543DFC-StateMachineUpdater: set stopIndex = 0
2019-10-18 13:55:48,690 [main] INFO  impl.RaftServerImpl (ServerState.java:close(387)) - 8a1104a3-2cf3-46fb-8cbd-4f593888249e@group-593350543DFC: closes. applyIndex: 0
2019-10-18 13:55:48,690 [8a1104a3-2cf3-46fb-8cbd-4f593888249e@group-593350543DFC-SegmentedRaftLogWorker] INFO  segmented.SegmentedRaftLogWorker (SegmentedRaftLogWorker.java:run(316)) - 8a1104a3-2cf3-46fb-8cbd-4f593888249e@group-593350543DFC-SegmentedRaftLogWorker was interrupted, exiting. There are 0 tasks remaining in the queue.
2019-10-18 13:55:48,691 [main] INFO  segmented.SegmentedRaftLogWorker (SegmentedRaftLogWorker.java:close(224)) - 8a1104a3-2cf3-46fb-8cbd-4f593888249e@group-593350543DFC-SegmentedRaftLogWorker close()
2019-10-18 13:55:48,693 [main] INFO  server.GrpcService (GrpcService.java:closeImpl(164)) - 8a1104a3-2cf3-46fb-8cbd-4f593888249e: shutdown server with port 43713 now
2019-10-18 13:55:48,694 [grpc-default-executor-8] WARN  server.GrpcServerProtocolService (LogUtils.java:warn(134)) - 8a1104a3-2cf3-46fb-8cbd-4f593888249e: installSnapshot onError, lastRequest: deffcaa8-bc06-42ed-9a5f-b537132fe3e6->8a1104a3-2cf3-46fb-8cbd-4f593888249e#5-t1, previous=(t:1, i:2), leaderCommit=2, initializing? false, entries: <empty>: org.apache.ratis.thirdparty.io.grpc.StatusRuntimeException: CANCELLED: cancelled before receiving half close
2019-10-18 13:55:48,694 [grpc-default-executor-5] WARN  server.GrpcLogAppender (LogUtils.java:warn(134)) - deffcaa8-bc06-42ed-9a5f-b537132fe3e6@group-CD6A916F54C2->8a1104a3-2cf3-46fb-8cbd-4f593888249e-AppendLogResponseHandler: Failed appendEntries: org.apache.ratis.thirdparty.io.grpc.StatusRuntimeException: CANCELLED: HTTP/2 error code: CANCEL
Received Rst Stream
2019-10-18 13:55:48,694 [main] INFO  server.GrpcService (GrpcService.java:closeImpl(172)) - 8a1104a3-2cf3-46fb-8cbd-4f593888249e: shutdown server with port 43713 successfully
2019-10-18 13:55:48,696 [grpc-default-executor-5] INFO  impl.FollowerInfo (FollowerInfo.java:lambda$new$0(51)) - deffcaa8-bc06-42ed-9a5f-b537132fe3e6@group-CD6A916F54C2->8a1104a3-2cf3-46fb-8cbd-4f593888249e: nextIndex: updateUnconditionally 3 -> 2
2019-10-18 13:55:48,700 [refreshUsed-/workdir/hadoop-ozone/integration-test/target/test-dir/MiniOzoneClusterImpl-d3375502-699e-4143-a4c2-dc077696cbd1/datanode-0/data/containers] WARN  fs.CachingGetSpaceUsed (CachingGetSpaceUsed.java:run(183)) - Thread Interrupted waiting to refresh disk information: sleep interrupted
2019-10-18 13:55:48,711 [main] INFO  utils.BackgroundService (BackgroundService.java:shutdown(151)) - Shutting down service BlockDeletingService
2019-10-18 13:55:48,716 [main] INFO  statemachine.DatanodeStateMachine (DatanodeStateMachine.java:stopDaemon(395)) - Ozone container server stopped.
2019-10-18 13:55:48,717 [main] INFO  handler.ContextHandler (ContextHandler.java:doStop(910)) - Stopped o.e.j.w.WebAppContext@554188ac{/,null,UNAVAILABLE}{/hddsDatanode}
2019-10-18 13:55:48,717 [main] INFO  server.AbstractConnector (AbstractConnector.java:doStop(318)) - Stopped ServerConnector@1f43cab7{HTTP/1.1,[http/1.1]}{0.0.0.0:0}
2019-10-18 13:55:48,718 [main] INFO  handler.ContextHandler (ContextHandler.java:doStop(910)) - Stopped o.e.j.s.ServletContextHandler@b9d018b{/static,jar:file:/home/user/.m2/repository/org/apache/hadoop/hadoop-hdds-container-service/0.5.0-SNAPSHOT/hadoop-hdds-container-service-0.5.0-SNAPSHOT.jar!/webapps/static,UNAVAILABLE}
2019-10-18 13:55:48,718 [main] INFO  handler.ContextHandler (ContextHandler.java:doStop(910)) - Stopped o.e.j.s.ServletContextHandler@7499eac7{/logs,file:///workdir/hadoop-ozone/integration-test/target/log,UNAVAILABLE}
2019-10-18 13:55:49,604 [Datanode State Machine Thread - 0] INFO  statemachine.DatanodeStateMachine (DatanodeStateMachine.java:lambda$startDaemon$0(350)) - Ozone container server started.
2019-10-18 13:55:51,002 [grpc-default-executor-8] WARN  server.GrpcLogAppender (LogUtils.java:warn(134)) - deffcaa8-bc06-42ed-9a5f-b537132fe3e6@group-CD6A916F54C2->8a1104a3-2cf3-46fb-8cbd-4f593888249e-AppendLogResponseHandler: Failed appendEntries: org.apache.ratis.thirdparty.io.grpc.StatusRuntimeException: UNAVAILABLE: io exception
2019-10-18 13:55:51,002 [grpc-default-executor-8] INFO  impl.FollowerInfo (FollowerInfo.java:lambda$new$0(51)) - deffcaa8-bc06-42ed-9a5f-b537132fe3e6@group-CD6A916F54C2->8a1104a3-2cf3-46fb-8cbd-4f593888249e: nextIndex: updateUnconditionally 2 -> 1
2019-10-18 13:55:53,501 [grpc-default-executor-11] WARN  server.GrpcLogAppender (LogUtils.java:warn(134)) - deffcaa8-bc06-42ed-9a5f-b537132fe3e6@group-CD6A916F54C2->8a1104a3-2cf3-46fb-8cbd-4f593888249e-AppendLogResponseHandler: Failed appendEntries: org.apache.ratis.thirdparty.io.grpc.StatusRuntimeException: UNAVAILABLE: io exception
2019-10-18 13:55:53,502 [grpc-default-executor-11] INFO  impl.FollowerInfo (FollowerInfo.java:lambda$new$0(51)) - deffcaa8-bc06-42ed-9a5f-b537132fe3e6@group-CD6A916F54C2->8a1104a3-2cf3-46fb-8cbd-4f593888249e: nextIndex: updateUnconditionally 1 -> 0
2019-10-18 13:55:53,719 [main] INFO  ozoneimpl.OzoneContainer (OzoneContainer.java:stop(227)) - Attempting to stop container services.
2019-10-18 13:55:53,720 [main] INFO  impl.RaftServerProxy (RaftServerProxy.java:lambda$close$4(314)) - ab55c7e8-b512-415e-a666-846e2c6a6faf: close
2019-10-18 13:55:53,720 [main] INFO  impl.RaftServerImpl (RaftServerImpl.java:lambda$shutdown$3(247)) - ab55c7e8-b512-415e-a666-846e2c6a6faf@group-E7388A6D01E7: shutdown
2019-10-18 13:55:53,720 [ForkJoinPool.commonPool-worker-0] INFO  impl.RaftServerImpl (RaftServerImpl.java:lambda$shutdown$3(247)) - ab55c7e8-b512-415e-a666-846e2c6a6faf@group-CD6A916F54C2: shutdown
2019-10-18 13:55:53,720 [main] INFO  util.JmxRegister (JmxRegister.java:unregister(73)) - Successfully un-registered JMX Bean with object name Ratis:service=RaftServer,group=group-E7388A6D01E7,id=ab55c7e8-b512-415e-a666-846e2c6a6faf
2019-10-18 13:55:53,721 [ForkJoinPool.commonPool-worker-0] INFO  util.JmxRegister (JmxRegister.java:unregister(73)) - Successfully un-registered JMX Bean with object name Ratis:service=RaftServer,group=group-CD6A916F54C2,id=ab55c7e8-b512-415e-a666-846e2c6a6faf
2019-10-18 13:55:53,721 [main] INFO  impl.RoleInfo (RoleInfo.java:shutdownLeaderState(104)) - ab55c7e8-b512-415e-a666-846e2c6a6faf: shutdown LeaderState
2019-10-18 13:55:53,721 [ForkJoinPool.commonPool-worker-0] INFO  impl.RoleInfo (RoleInfo.java:shutdownFollowerState(121)) - ab55c7e8-b512-415e-a666-846e2c6a6faf: shutdown FollowerState
2019-10-18 13:55:53,721 [main] INFO  impl.PendingRequests (PendingRequests.java:sendNotLeaderResponses(202)) - ab55c7e8-b512-415e-a666-846e2c6a6faf@group-E7388A6D01E7-PendingRequests: sendNotLeaderResponses
2019-10-18 13:55:53,721 [Thread-1454] INFO  impl.FollowerState (FollowerState.java:run(117)) - ab55c7e8-b512-415e-a666-846e2c6a6faf@group-CD6A916F54C2-FollowerState was interrupted: java.lang.InterruptedException: sleep interrupted
2019-10-18 13:55:53,721 [ForkJoinPool.commonPool-worker-0] INFO  impl.StateMachineUpdater (StateMachineUpdater.java:stopAndJoin(136)) - ab55c7e8-b512-415e-a666-846e2c6a6faf@group-CD6A916F54C2-StateMachineUpdater: set stopIndex = 2
2019-10-18 13:55:53,721 [main] INFO  impl.StateMachineUpdater (StateMachineUpdater.java:stopAndJoin(136)) - ab55c7e8-b512-415e-a666-846e2c6a6faf@group-E7388A6D01E7-StateMachineUpdater: set stopIndex = 0
2019-10-18 13:55:53,721 [ab55c7e8-b512-415e-a666-846e2c6a6faf@group-CD6A916F54C2-StateMachineUpdater] INFO  ratis.ContainerStateMachine (ContainerStateMachine.java:takeSnapshot(294)) - group-CD6A916F54C2: Taking a snapshot at:(t:1, i:1) file /workdir/hadoop-ozone/integration-test/target/test-dir/MiniOzoneClusterImpl-d3375502-699e-4143-a4c2-dc077696cbd1/datanode-2/data/ratis/659804ce-9b7a-4f55-ba47-cd6a916f54c2/sm/snapshot.1_1
2019-10-18 13:55:53,724 [main] INFO  impl.RaftServerImpl (ServerState.java:close(387)) - ab55c7e8-b512-415e-a666-846e2c6a6faf@group-E7388A6D01E7: closes. applyIndex: 0
2019-10-18 13:55:53,725 [ab55c7e8-b512-415e-a666-846e2c6a6faf@group-E7388A6D01E7-SegmentedRaftLogWorker] INFO  segmented.SegmentedRaftLogWorker (SegmentedRaftLogWorker.java:run(316)) - ab55c7e8-b512-415e-a666-846e2c6a6faf@group-E7388A6D01E7-SegmentedRaftLogWorker was interrupted, exiting. There are 0 tasks remaining in the queue.
2019-10-18 13:55:53,726 [main] INFO  segmented.SegmentedRaftLogWorker (SegmentedRaftLogWorker.java:close(224)) - ab55c7e8-b512-415e-a666-846e2c6a6faf@group-E7388A6D01E7-SegmentedRaftLogWorker close()
2019-10-18 13:55:53,732 [ab55c7e8-b512-415e-a666-846e2c6a6faf@group-CD6A916F54C2-StateMachineUpdater] INFO  ratis.ContainerStateMachine (ContainerStateMachine.java:takeSnapshot(305)) - group-CD6A916F54C2: Finished taking a snapshot at:(t:1, i:1) file:/workdir/hadoop-ozone/integration-test/target/test-dir/MiniOzoneClusterImpl-d3375502-699e-4143-a4c2-dc077696cbd1/datanode-2/data/ratis/659804ce-9b7a-4f55-ba47-cd6a916f54c2/sm/snapshot.1_1 time:10
2019-10-18 13:55:53,732 [ab55c7e8-b512-415e-a666-846e2c6a6faf@group-CD6A916F54C2-StateMachineUpdater] INFO  impl.StateMachineUpdater (StateMachineUpdater.java:takeSnapshot(269)) - ab55c7e8-b512-415e-a666-846e2c6a6faf@group-CD6A916F54C2-StateMachineUpdater: Took a snapshot at index 1
2019-10-18 13:55:53,732 [ab55c7e8-b512-415e-a666-846e2c6a6faf@group-CD6A916F54C2-StateMachineUpdater] INFO  impl.StateMachineUpdater (StateMachineUpdater.java:lambda$new$0(84)) - ab55c7e8-b512-415e-a666-846e2c6a6faf@group-CD6A916F54C2-StateMachineUpdater: snapshotIndex: updateIncreasingly -1 -> 1
2019-10-18 13:55:53,732 [ab55c7e8-b512-415e-a666-846e2c6a6faf@group-CD6A916F54C2-StateMachineUpdater] INFO  ratis.ContainerStateMachine (ContainerStateMachine.java:takeSnapshot(294)) - group-CD6A916F54C2: Taking a snapshot at:(t:1, i:1) file /workdir/hadoop-ozone/integration-test/target/test-dir/MiniOzoneClusterImpl-d3375502-699e-4143-a4c2-dc077696cbd1/datanode-2/data/ratis/659804ce-9b7a-4f55-ba47-cd6a916f54c2/sm/snapshot.1_1
2019-10-18 13:55:53,745 [ab55c7e8-b512-415e-a666-846e2c6a6faf@group-CD6A916F54C2-StateMachineUpdater] INFO  ratis.ContainerStateMachine (ContainerStateMachine.java:takeSnapshot(305)) - group-CD6A916F54C2: Finished taking a snapshot at:(t:1, i:1) file:/workdir/hadoop-ozone/integration-test/target/test-dir/MiniOzoneClusterImpl-d3375502-699e-4143-a4c2-dc077696cbd1/datanode-2/data/ratis/659804ce-9b7a-4f55-ba47-cd6a916f54c2/sm/snapshot.1_1 time:12
2019-10-18 13:55:53,745 [ab55c7e8-b512-415e-a666-846e2c6a6faf@group-CD6A916F54C2-StateMachineUpdater] INFO  impl.StateMachineUpdater (StateMachineUpdater.java:takeSnapshot(269)) - ab55c7e8-b512-415e-a666-846e2c6a6faf@group-CD6A916F54C2-StateMachineUpdater: Took a snapshot at index 1
2019-10-18 13:55:53,745 [ab55c7e8-b512-415e-a666-846e2c6a6faf@group-CD6A916F54C2-StateMachineUpdater] INFO  impl.StateMachineUpdater (StateMachineUpdater.java:lambda$new$0(84)) - ab55c7e8-b512-415e-a666-846e2c6a6faf@group-CD6A916F54C2-StateMachineUpdater: snapshotIndex: updateIncreasingly 1 -> 1
2019-10-18 13:55:53,745 [ForkJoinPool.commonPool-worker-0] INFO  impl.RaftServerImpl (ServerState.java:close(387)) - ab55c7e8-b512-415e-a666-846e2c6a6faf@group-CD6A916F54C2: closes. applyIndex: 2
2019-10-18 13:55:53,746 [ab55c7e8-b512-415e-a666-846e2c6a6faf@group-CD6A916F54C2-SegmentedRaftLogWorker] INFO  segmented.SegmentedRaftLogWorker (SegmentedRaftLogWorker.java:run(316)) - ab55c7e8-b512-415e-a666-846e2c6a6faf@group-CD6A916F54C2-SegmentedRaftLogWorker was interrupted, exiting. There are 0 tasks remaining in the queue.
2019-10-18 13:55:53,747 [ForkJoinPool.commonPool-worker-0] INFO  segmented.SegmentedRaftLogWorker (SegmentedRaftLogWorker.java:close(224)) - ab55c7e8-b512-415e-a666-846e2c6a6faf@group-CD6A916F54C2-SegmentedRaftLogWorker close()
2019-10-18 13:55:53,750 [main] INFO  server.GrpcService (GrpcService.java:closeImpl(164)) - ab55c7e8-b512-415e-a666-846e2c6a6faf: shutdown server with port 44386 now
2019-10-18 13:55:53,752 [grpc-default-executor-5] WARN  server.GrpcServerProtocolService (LogUtils.java:warn(134)) - ab55c7e8-b512-415e-a666-846e2c6a6faf: installSnapshot onError, lastRequest: deffcaa8-bc06-42ed-9a5f-b537132fe3e6->ab55c7e8-b512-415e-a666-846e2c6a6faf#7-t1, previous=(t:1, i:2), leaderCommit=2, initializing? false, entries: <empty>: org.apache.ratis.thirdparty.io.grpc.StatusRuntimeException: CANCELLED: cancelled before receiving half close
2019-10-18 13:55:53,753 [grpc-default-executor-8] WARN  server.GrpcLogAppender (LogUtils.java:warn(134)) - deffcaa8-bc06-42ed-9a5f-b537132fe3e6@group-CD6A916F54C2->ab55c7e8-b512-415e-a666-846e2c6a6faf-AppendLogResponseHandler: Failed appendEntries: org.apache.ratis.thirdparty.io.grpc.StatusRuntimeException: CANCELLED: HTTP/2 error code: CANCEL
Received Rst Stream
2019-10-18 13:55:53,753 [main] INFO  server.GrpcService (GrpcService.java:closeImpl(172)) - ab55c7e8-b512-415e-a666-846e2c6a6faf: shutdown server with port 44386 successfully
2019-10-18 13:55:53,753 [grpc-default-executor-8] INFO  impl.FollowerInfo (FollowerInfo.java:lambda$new$0(51)) - deffcaa8-bc06-42ed-9a5f-b537132fe3e6@group-CD6A916F54C2->ab55c7e8-b512-415e-a666-846e2c6a6faf: nextIndex: updateUnconditionally 3 -> 2
2019-10-18 13:55:53,756 [refreshUsed-/workdir/hadoop-ozone/integration-test/target/test-dir/MiniOzoneClusterImpl-d3375502-699e-4143-a4c2-dc077696cbd1/datanode-2/data/containers] WARN  fs.CachingGetSpaceUsed (CachingGetSpaceUsed.java:run(183)) - Thread Interrupted waiting to refresh disk information: sleep interrupted
2019-10-18 13:55:53,770 [main] INFO  utils.BackgroundService (BackgroundService.java:shutdown(151)) - Shutting down service BlockDeletingService
2019-10-18 13:55:53,774 [main] INFO  statemachine.DatanodeStateMachine (DatanodeStateMachine.java:stopDaemon(395)) - Ozone container server stopped.
2019-10-18 13:55:53,793 [main] INFO  handler.ContextHandler (ContextHandler.java:doStop(910)) - Stopped o.e.j.w.WebAppContext@32d418a9{/,null,UNAVAILABLE}{/hddsDatanode}
2019-10-18 13:55:53,794 [main] INFO  server.AbstractConnector (AbstractConnector.java:doStop(318)) - Stopped ServerConnector@52ea0269{HTTP/1.1,[http/1.1]}{0.0.0.0:0}
2019-10-18 13:55:53,794 [main] INFO  handler.ContextHandler (ContextHandler.java:doStop(910)) - Stopped o.e.j.s.ServletContextHandler@707ca986{/static,jar:file:/home/user/.m2/repository/org/apache/hadoop/hadoop-hdds-container-service/0.5.0-SNAPSHOT/hadoop-hdds-container-service-0.5.0-SNAPSHOT.jar!/webapps/static,UNAVAILABLE}
2019-10-18 13:55:53,795 [main] INFO  handler.ContextHandler (ContextHandler.java:doStop(910)) - Stopped o.e.j.s.ServletContextHandler@236eccd1{/logs,file:///workdir/hadoop-ozone/integration-test/target/log,UNAVAILABLE}
2019-10-18 13:55:56,002 [grpc-default-executor-5] WARN  server.GrpcLogAppender (LogUtils.java:warn(134)) - deffcaa8-bc06-42ed-9a5f-b537132fe3e6@group-CD6A916F54C2->8a1104a3-2cf3-46fb-8cbd-4f593888249e-AppendLogResponseHandler: Failed appendEntries: org.apache.ratis.thirdparty.io.grpc.StatusRuntimeException: UNAVAILABLE: io exception
2019-10-18 13:55:56,002 [grpc-default-executor-5] INFO  impl.FollowerInfo (FollowerInfo.java:lambda$new$0(51)) - deffcaa8-bc06-42ed-9a5f-b537132fe3e6@group-CD6A916F54C2->8a1104a3-2cf3-46fb-8cbd-4f593888249e: nextIndex: updateUnconditionally 0 -> 0
2019-10-18 13:55:56,002 [grpc-default-executor-11] WARN  server.GrpcLogAppender (LogUtils.java:warn(134)) - deffcaa8-bc06-42ed-9a5f-b537132fe3e6@group-CD6A916F54C2->ab55c7e8-b512-415e-a666-846e2c6a6faf-AppendLogResponseHandler: Failed appendEntries: org.apache.ratis.thirdparty.io.grpc.StatusRuntimeException: UNAVAILABLE: io exception
2019-10-18 13:55:56,003 [grpc-default-executor-11] INFO  impl.FollowerInfo (FollowerInfo.java:lambda$new$0(51)) - deffcaa8-bc06-42ed-9a5f-b537132fe3e6@group-CD6A916F54C2->ab55c7e8-b512-415e-a666-846e2c6a6faf: nextIndex: updateUnconditionally 2 -> 1
2019-10-18 13:55:58,504 [grpc-default-executor-8] WARN  server.GrpcLogAppender (LogUtils.java:warn(134)) - deffcaa8-bc06-42ed-9a5f-b537132fe3e6@group-CD6A916F54C2->8a1104a3-2cf3-46fb-8cbd-4f593888249e-AppendLogResponseHandler: Failed appendEntries: org.apache.ratis.thirdparty.io.grpc.StatusRuntimeException: UNAVAILABLE: io exception
2019-10-18 13:55:58,504 [grpc-default-executor-8] INFO  impl.FollowerInfo (FollowerInfo.java:lambda$new$0(51)) - deffcaa8-bc06-42ed-9a5f-b537132fe3e6@group-CD6A916F54C2->8a1104a3-2cf3-46fb-8cbd-4f593888249e: nextIndex: updateUnconditionally 0 -> 0
2019-10-18 13:55:58,505 [grpc-default-executor-8] WARN  server.GrpcLogAppender (LogUtils.java:warn(134)) - deffcaa8-bc06-42ed-9a5f-b537132fe3e6@group-CD6A916F54C2->ab55c7e8-b512-415e-a666-846e2c6a6faf-AppendLogResponseHandler: Failed appendEntries: org.apache.ratis.thirdparty.io.grpc.StatusRuntimeException: UNAVAILABLE: io exception
2019-10-18 13:55:58,505 [grpc-default-executor-8] INFO  impl.FollowerInfo (FollowerInfo.java:lambda$new$0(51)) - deffcaa8-bc06-42ed-9a5f-b537132fe3e6@group-CD6A916F54C2->ab55c7e8-b512-415e-a666-846e2c6a6faf: nextIndex: updateUnconditionally 1 -> 0
2019-10-18 13:56:01,005 [grpc-default-executor-11] WARN  server.GrpcLogAppender (LogUtils.java:warn(134)) - deffcaa8-bc06-42ed-9a5f-b537132fe3e6@group-CD6A916F54C2->8a1104a3-2cf3-46fb-8cbd-4f593888249e-AppendLogResponseHandler: Failed appendEntries: org.apache.ratis.thirdparty.io.grpc.StatusRuntimeException: UNAVAILABLE: io exception
2019-10-18 13:56:01,006 [grpc-default-executor-12] WARN  server.GrpcLogAppender (LogUtils.java:warn(134)) - deffcaa8-bc06-42ed-9a5f-b537132fe3e6@group-CD6A916F54C2->ab55c7e8-b512-415e-a666-846e2c6a6faf-AppendLogResponseHandler: Failed appendEntries: org.apache.ratis.thirdparty.io.grpc.StatusRuntimeException: UNAVAILABLE: io exception
2019-10-18 13:56:01,006 [grpc-default-executor-11] INFO  impl.FollowerInfo (FollowerInfo.java:lambda$new$0(51)) - deffcaa8-bc06-42ed-9a5f-b537132fe3e6@group-CD6A916F54C2->8a1104a3-2cf3-46fb-8cbd-4f593888249e: nextIndex: updateUnconditionally 0 -> 0
2019-10-18 13:56:01,006 [grpc-default-executor-12] INFO  impl.FollowerInfo (FollowerInfo.java:lambda$new$0(51)) - deffcaa8-bc06-42ed-9a5f-b537132fe3e6@group-CD6A916F54C2->ab55c7e8-b512-415e-a666-846e2c6a6faf: nextIndex: updateUnconditionally 0 -> 0
2019-10-18 13:56:03,506 [grpc-default-executor-5] WARN  server.GrpcLogAppender (LogUtils.java:warn(134)) - deffcaa8-bc06-42ed-9a5f-b537132fe3e6@group-CD6A916F54C2->ab55c7e8-b512-415e-a666-846e2c6a6faf-AppendLogResponseHandler: Failed appendEntries: org.apache.ratis.thirdparty.io.grpc.StatusRuntimeException: UNAVAILABLE: io exception
2019-10-18 13:56:03,506 [grpc-default-executor-8] WARN  server.GrpcLogAppender (LogUtils.java:warn(134)) - deffcaa8-bc06-42ed-9a5f-b537132fe3e6@group-CD6A916F54C2->8a1104a3-2cf3-46fb-8cbd-4f593888249e-AppendLogResponseHandler: Failed appendEntries: org.apache.ratis.thirdparty.io.grpc.StatusRuntimeException: UNAVAILABLE: io exception
2019-10-18 13:56:03,506 [grpc-default-executor-5] INFO  impl.FollowerInfo (FollowerInfo.java:lambda$new$0(51)) - deffcaa8-bc06-42ed-9a5f-b537132fe3e6@group-CD6A916F54C2->ab55c7e8-b512-415e-a666-846e2c6a6faf: nextIndex: updateUnconditionally 0 -> 0
2019-10-18 13:56:03,506 [grpc-default-executor-8] INFO  impl.FollowerInfo (FollowerInfo.java:lambda$new$0(51)) - deffcaa8-bc06-42ed-9a5f-b537132fe3e6@group-CD6A916F54C2->8a1104a3-2cf3-46fb-8cbd-4f593888249e: nextIndex: updateUnconditionally 0 -> 0
2019-10-18 13:56:04,585 [Thread-1527] INFO  client.GrpcClientProtocolService (GrpcClientProtocolService.java:lambda$processClientRequest$0(278)) - Failed RaftClientRequest:client-FC5C6E9F3F28->deffcaa8-bc06-42ed-9a5f-b537132fe3e6@group-CD6A916F54C2, cid=67, seq=0, Watch-ALL_COMMITTED(78), Message:<EMPTY>, reply=RaftClientReply:client-FC5C6E9F3F28->deffcaa8-bc06-42ed-9a5f-b537132fe3e6@group-CD6A916F54C2, cid=67, FAILED org.apache.ratis.protocol.NotReplicatedException: Request with call Id 67 and log index 78 is not yet replicated to ALL_COMMITTED, logIndex=78, commits[deffcaa8-bc06-42ed-9a5f-b537132fe3e6:c2, ab55c7e8-b512-415e-a666-846e2c6a6faf:c2, 8a1104a3-2cf3-46fb-8cbd-4f593888249e:c2]
2019-10-18 13:56:06,007 [grpc-default-executor-8] WARN  server.GrpcLogAppender (LogUtils.java:warn(134)) - deffcaa8-bc06-42ed-9a5f-b537132fe3e6@group-CD6A916F54C2->ab55c7e8-b512-415e-a666-846e2c6a6faf-AppendLogResponseHandler: Failed appendEntries: org.apache.ratis.thirdparty.io.grpc.StatusRuntimeException: UNAVAILABLE: io exception
2019-10-18 13:56:06,007 [grpc-default-executor-8] INFO  impl.FollowerInfo (FollowerInfo.java:lambda$new$0(51)) - deffcaa8-bc06-42ed-9a5f-b537132fe3e6@group-CD6A916F54C2->ab55c7e8-b512-415e-a666-846e2c6a6faf: nextIndex: updateUnconditionally 0 -> 0
2019-10-18 13:56:06,008 [grpc-default-executor-13] WARN  server.GrpcLogAppender (LogUtils.java:warn(134)) - deffcaa8-bc06-42ed-9a5f-b537132fe3e6@group-CD6A916F54C2->8a1104a3-2cf3-46fb-8cbd-4f593888249e-AppendLogResponseHandler: Failed appendEntries: org.apache.ratis.thirdparty.io.grpc.StatusRuntimeException: UNAVAILABLE: io exception
2019-10-18 13:56:06,010 [grpc-default-executor-13] INFO  impl.FollowerInfo (FollowerInfo.java:lambda$new$0(51)) - deffcaa8-bc06-42ed-9a5f-b537132fe3e6@group-CD6A916F54C2->8a1104a3-2cf3-46fb-8cbd-4f593888249e: nextIndex: updateUnconditionally 0 -> 0
2019-10-18 13:56:08,510 [grpc-default-executor-13] WARN  server.GrpcLogAppender (LogUtils.java:warn(134)) - deffcaa8-bc06-42ed-9a5f-b537132fe3e6@group-CD6A916F54C2->8a1104a3-2cf3-46fb-8cbd-4f593888249e-AppendLogResponseHandler: Failed appendEntries: org.apache.ratis.thirdparty.io.grpc.StatusRuntimeException: UNAVAILABLE: io exception
2019-10-18 13:56:08,510 [grpc-default-executor-5] WARN  server.GrpcLogAppender (LogUtils.java:warn(134)) - deffcaa8-bc06-42ed-9a5f-b537132fe3e6@group-CD6A916F54C2->ab55c7e8-b512-415e-a666-846e2c6a6faf-AppendLogResponseHandler: Failed appendEntries: org.apache.ratis.thirdparty.io.grpc.StatusRuntimeException: UNAVAILABLE: io exception
2019-10-18 13:56:08,512 [grpc-default-executor-5] INFO  impl.FollowerInfo (FollowerInfo.java:lambda$new$0(51)) - deffcaa8-bc06-42ed-9a5f-b537132fe3e6@group-CD6A916F54C2->ab55c7e8-b512-415e-a666-846e2c6a6faf: nextIndex: updateUnconditionally 0 -> 0
2019-10-18 13:56:08,512 [grpc-default-executor-13] INFO  impl.FollowerInfo (FollowerInfo.java:lambda$new$0(51)) - deffcaa8-bc06-42ed-9a5f-b537132fe3e6@group-CD6A916F54C2->8a1104a3-2cf3-46fb-8cbd-4f593888249e: nextIndex: updateUnconditionally 0 -> 0
2019-10-18 13:56:11,010 [grpc-default-executor-5] WARN  server.GrpcLogAppender (LogUtils.java:warn(134)) - deffcaa8-bc06-42ed-9a5f-b537132fe3e6@group-CD6A916F54C2->8a1104a3-2cf3-46fb-8cbd-4f593888249e-AppendLogResponseHandler: Failed appendEntries: org.apache.ratis.thirdparty.io.grpc.StatusRuntimeException: UNAVAILABLE: io exception
2019-10-18 13:56:11,010 [grpc-default-executor-12] WARN  server.GrpcLogAppender (LogUtils.java:warn(134)) - deffcaa8-bc06-42ed-9a5f-b537132fe3e6@group-CD6A916F54C2->ab55c7e8-b512-415e-a666-846e2c6a6faf-AppendLogResponseHandler: Failed appendEntries: org.apache.ratis.thirdparty.io.grpc.StatusRuntimeException: UNAVAILABLE: io exception
2019-10-18 13:56:11,010 [grpc-default-executor-5] INFO  impl.FollowerInfo (FollowerInfo.java:lambda$new$0(51)) - deffcaa8-bc06-42ed-9a5f-b537132fe3e6@group-CD6A916F54C2->8a1104a3-2cf3-46fb-8cbd-4f593888249e: nextIndex: updateUnconditionally 0 -> 0
2019-10-18 13:56:11,010 [grpc-default-executor-12] INFO  impl.FollowerInfo (FollowerInfo.java:lambda$new$0(51)) - deffcaa8-bc06-42ed-9a5f-b537132fe3e6@group-CD6A916F54C2->ab55c7e8-b512-415e-a666-846e2c6a6faf: nextIndex: updateUnconditionally 0 -> 0
2019-10-18 13:56:13,510 [grpc-default-executor-5] WARN  server.GrpcLogAppender (LogUtils.java:warn(134)) - deffcaa8-bc06-42ed-9a5f-b537132fe3e6@group-CD6A916F54C2->ab55c7e8-b512-415e-a666-846e2c6a6faf-AppendLogResponseHandler: Failed appendEntries: org.apache.ratis.thirdparty.io.grpc.StatusRuntimeException: UNAVAILABLE: io exception
2019-10-18 13:56:13,510 [grpc-default-executor-13] WARN  server.GrpcLogAppender (LogUtils.java:warn(134)) - deffcaa8-bc06-42ed-9a5f-b537132fe3e6@group-CD6A916F54C2->8a1104a3-2cf3-46fb-8cbd-4f593888249e-AppendLogResponseHandler: Failed appendEntries: org.apache.ratis.thirdparty.io.grpc.StatusRuntimeException: UNAVAILABLE: io exception
2019-10-18 13:56:13,511 [grpc-default-executor-5] INFO  impl.FollowerInfo (FollowerInfo.java:lambda$new$0(51)) - deffcaa8-bc06-42ed-9a5f-b537132fe3e6@group-CD6A916F54C2->ab55c7e8-b512-415e-a666-846e2c6a6faf: nextIndex: updateUnconditionally 0 -> 0
2019-10-18 13:56:13,511 [grpc-default-executor-13] INFO  impl.FollowerInfo (FollowerInfo.java:lambda$new$0(51)) - deffcaa8-bc06-42ed-9a5f-b537132fe3e6@group-CD6A916F54C2->8a1104a3-2cf3-46fb-8cbd-4f593888249e: nextIndex: updateUnconditionally 0 -> 0
2019-10-18 13:56:13,798 [main] WARN  scm.XceiverClientRatis (XceiverClientRatis.java:watchForCommit(277)) - 3 way commit failed on pipeline Pipeline[ Id: 659804ce-9b7a-4f55-ba47-cd6a916f54c2, Nodes: 8a1104a3-2cf3-46fb-8cbd-4f593888249e{ip: 192.168.157.239, host: pr-hdds-2281-wfpgn-3925442534, networkLocation: /default-rack, certSerialId: null}ab55c7e8-b512-415e-a666-846e2c6a6faf{ip: 192.168.157.239, host: pr-hdds-2281-wfpgn-3925442534, networkLocation: /default-rack, certSerialId: null}deffcaa8-bc06-42ed-9a5f-b537132fe3e6{ip: 192.168.157.239, host: pr-hdds-2281-wfpgn-3925442534, networkLocation: /default-rack, certSerialId: null}, Type:RATIS, Factor:THREE, State:OPEN]
java.util.concurrent.TimeoutException
	at java.util.concurrent.CompletableFuture.timedGet(CompletableFuture.java:1771)
	at java.util.concurrent.CompletableFuture.get(CompletableFuture.java:1915)
	at org.apache.hadoop.hdds.scm.XceiverClientRatis.watchForCommit(XceiverClientRatis.java:274)
	at org.apache.hadoop.ozone.client.rpc.TestWatchForCommit.testWatchForCommitForRetryfailure(TestWatchForCommit.java:345)
	at sun.reflect.NativeMethodAccessorImpl.invoke0(Native Method)
	at sun.reflect.NativeMethodAccessorImpl.invoke(NativeMethodAccessorImpl.java:62)
	at sun.reflect.DelegatingMethodAccessorImpl.invoke(DelegatingMethodAccessorImpl.java:43)
	at java.lang.reflect.Method.invoke(Method.java:498)
	at org.junit.runners.model.FrameworkMethod$1.runReflectiveCall(FrameworkMethod.java:47)
	at org.junit.internal.runners.model.ReflectiveCallable.run(ReflectiveCallable.java:12)
	at org.junit.runners.model.FrameworkMethod.invokeExplosively(FrameworkMethod.java:44)
	at org.junit.internal.runners.statements.InvokeMethod.evaluate(InvokeMethod.java:17)
	at org.junit.runners.ParentRunner.runLeaf(ParentRunner.java:271)
	at org.junit.runners.BlockJUnit4ClassRunner.runChild(BlockJUnit4ClassRunner.java:70)
	at org.junit.runners.BlockJUnit4ClassRunner.runChild(BlockJUnit4ClassRunner.java:50)
	at org.junit.runners.ParentRunner$3.run(ParentRunner.java:238)
	at org.junit.runners.ParentRunner$1.schedule(ParentRunner.java:63)
	at org.junit.runners.ParentRunner.runChildren(ParentRunner.java:236)
	at org.junit.runners.ParentRunner.access$000(ParentRunner.java:53)
	at org.junit.runners.ParentRunner$2.evaluate(ParentRunner.java:229)
	at org.junit.runners.ParentRunner.run(ParentRunner.java:309)
	at org.apache.maven.surefire.junit4.JUnit4Provider.execute(JUnit4Provider.java:365)
	at org.apache.maven.surefire.junit4.JUnit4Provider.executeWithRerun(JUnit4Provider.java:273)
	at org.apache.maven.surefire.junit4.JUnit4Provider.executeTestSet(JUnit4Provider.java:238)
	at org.apache.maven.surefire.junit4.JUnit4Provider.invoke(JUnit4Provider.java:159)
	at org.apache.maven.surefire.booter.ForkedBooter.invokeProviderInSameClassLoader(ForkedBooter.java:384)
	at org.apache.maven.surefire.booter.ForkedBooter.runSuitesInProcess(ForkedBooter.java:345)
	at org.apache.maven.surefire.booter.ForkedBooter.execute(ForkedBooter.java:126)
	at org.apache.maven.surefire.booter.ForkedBooter.main(ForkedBooter.java:418)
2019-10-18 13:56:14,585 [Thread-1542] INFO  client.GrpcClientProtocolService (GrpcClientProtocolService.java:lambda$processClientRequest$0(278)) - Failed RaftClientRequest:client-FC5C6E9F3F28->deffcaa8-bc06-42ed-9a5f-b537132fe3e6@group-CD6A916F54C2, cid=67, seq=0, Watch-ALL_COMMITTED(78), Message:<EMPTY>, reply=RaftClientReply:client-FC5C6E9F3F28->deffcaa8-bc06-42ed-9a5f-b537132fe3e6@group-CD6A916F54C2, cid=67, FAILED org.apache.ratis.protocol.NotReplicatedException: Request with call Id 67 and log index 78 is not yet replicated to ALL_COMMITTED, logIndex=78, commits[deffcaa8-bc06-42ed-9a5f-b537132fe3e6:c2, ab55c7e8-b512-415e-a666-846e2c6a6faf:c2, 8a1104a3-2cf3-46fb-8cbd-4f593888249e:c2]
2019-10-18 13:56:16,014 [grpc-default-executor-8] WARN  server.GrpcLogAppender (LogUtils.java:warn(134)) - deffcaa8-bc06-42ed-9a5f-b537132fe3e6@group-CD6A916F54C2->ab55c7e8-b512-415e-a666-846e2c6a6faf-AppendLogResponseHandler: Failed appendEntries: org.apache.ratis.thirdparty.io.grpc.StatusRuntimeException: UNAVAILABLE: io exception
2019-10-18 13:56:16,016 [grpc-default-executor-5] WARN  server.GrpcLogAppender (LogUtils.java:warn(134)) - deffcaa8-bc06-42ed-9a5f-b537132fe3e6@group-CD6A916F54C2->8a1104a3-2cf3-46fb-8cbd-4f593888249e-AppendLogResponseHandler: Failed appendEntries: org.apache.ratis.thirdparty.io.grpc.StatusRuntimeException: UNAVAILABLE: io exception
2019-10-18 13:56:16,019 [grpc-default-executor-5] INFO  impl.FollowerInfo (FollowerInfo.java:lambda$new$0(51)) - deffcaa8-bc06-42ed-9a5f-b537132fe3e6@group-CD6A916F54C2->8a1104a3-2cf3-46fb-8cbd-4f593888249e: nextIndex: updateUnconditionally 0 -> 0
2019-10-18 13:56:16,019 [grpc-default-executor-8] INFO  impl.FollowerInfo (FollowerInfo.java:lambda$new$0(51)) - deffcaa8-bc06-42ed-9a5f-b537132fe3e6@group-CD6A916F54C2->ab55c7e8-b512-415e-a666-846e2c6a6faf: nextIndex: updateUnconditionally 0 -> 0
2019-10-18 13:56:18,513 [grpc-default-executor-12] WARN  server.GrpcLogAppender (LogUtils.java:warn(134)) - deffcaa8-bc06-42ed-9a5f-b537132fe3e6@group-CD6A916F54C2->ab55c7e8-b512-415e-a666-846e2c6a6faf-AppendLogResponseHandler: Failed appendEntries: org.apache.ratis.thirdparty.io.grpc.StatusRuntimeException: UNAVAILABLE: io exception
2019-10-18 13:56:18,513 [grpc-default-executor-5] WARN  server.GrpcLogAppender (LogUtils.java:warn(134)) - deffcaa8-bc06-42ed-9a5f-b537132fe3e6@group-CD6A916F54C2->8a1104a3-2cf3-46fb-8cbd-4f593888249e-AppendLogResponseHandler: Failed appendEntries: org.apache.ratis.thirdparty.io.grpc.StatusRuntimeException: UNAVAILABLE: io exception
2019-10-18 13:56:18,513 [grpc-default-executor-12] INFO  impl.FollowerInfo (FollowerInfo.java:lambda$new$0(51)) - deffcaa8-bc06-42ed-9a5f-b537132fe3e6@group-CD6A916F54C2->ab55c7e8-b512-415e-a666-846e2c6a6faf: nextIndex: updateUnconditionally 0 -> 0
2019-10-18 13:56:18,514 [grpc-default-executor-5] INFO  impl.FollowerInfo (FollowerInfo.java:lambda$new$0(51)) - deffcaa8-bc06-42ed-9a5f-b537132fe3e6@group-CD6A916F54C2->8a1104a3-2cf3-46fb-8cbd-4f593888249e: nextIndex: updateUnconditionally 0 -> 0
2019-10-18 13:56:21,014 [grpc-default-executor-5] WARN  server.GrpcLogAppender (LogUtils.java:warn(134)) - deffcaa8-bc06-42ed-9a5f-b537132fe3e6@group-CD6A916F54C2->ab55c7e8-b512-415e-a666-846e2c6a6faf-AppendLogResponseHandler: Failed appendEntries: org.apache.ratis.thirdparty.io.grpc.StatusRuntimeException: UNAVAILABLE: io exception
2019-10-18 13:56:21,014 [grpc-default-executor-13] WARN  server.GrpcLogAppender (LogUtils.java:warn(134)) - deffcaa8-bc06-42ed-9a5f-b537132fe3e6@group-CD6A916F54C2->8a1104a3-2cf3-46fb-8cbd-4f593888249e-AppendLogResponseHandler: Failed appendEntries: org.apache.ratis.thirdparty.io.grpc.StatusRuntimeException: UNAVAILABLE: io exception
2019-10-18 13:56:21,015 [grpc-default-executor-5] INFO  impl.FollowerInfo (FollowerInfo.java:lambda$new$0(51)) - deffcaa8-bc06-42ed-9a5f-b537132fe3e6@group-CD6A916F54C2->ab55c7e8-b512-415e-a666-846e2c6a6faf: nextIndex: updateUnconditionally 0 -> 0
2019-10-18 13:56:21,015 [grpc-default-executor-13] INFO  impl.FollowerInfo (FollowerInfo.java:lambda$new$0(51)) - deffcaa8-bc06-42ed-9a5f-b537132fe3e6@group-CD6A916F54C2->8a1104a3-2cf3-46fb-8cbd-4f593888249e: nextIndex: updateUnconditionally 0 -> 0
2019-10-18 13:56:23,514 [grpc-default-executor-5] WARN  server.GrpcLogAppender (LogUtils.java:warn(134)) - deffcaa8-bc06-42ed-9a5f-b537132fe3e6@group-CD6A916F54C2->8a1104a3-2cf3-46fb-8cbd-4f593888249e-AppendLogResponseHandler: Failed appendEntries: org.apache.ratis.thirdparty.io.grpc.StatusRuntimeException: UNAVAILABLE: io exception
2019-10-18 13:56:23,515 [grpc-default-executor-13] WARN  server.GrpcLogAppender (LogUtils.java:warn(134)) - deffcaa8-bc06-42ed-9a5f-b537132fe3e6@group-CD6A916F54C2->ab55c7e8-b512-415e-a666-846e2c6a6faf-AppendLogResponseHandler: Failed appendEntries: org.apache.ratis.thirdparty.io.grpc.StatusRuntimeException: UNAVAILABLE: io exception
2019-10-18 13:56:23,515 [grpc-default-executor-5] INFO  impl.FollowerInfo (FollowerInfo.java:lambda$new$0(51)) - deffcaa8-bc06-42ed-9a5f-b537132fe3e6@group-CD6A916F54C2->8a1104a3-2cf3-46fb-8cbd-4f593888249e: nextIndex: updateUnconditionally 0 -> 0
2019-10-18 13:56:23,515 [grpc-default-executor-13] INFO  impl.FollowerInfo (FollowerInfo.java:lambda$new$0(51)) - deffcaa8-bc06-42ed-9a5f-b537132fe3e6@group-CD6A916F54C2->ab55c7e8-b512-415e-a666-846e2c6a6faf: nextIndex: updateUnconditionally 0 -> 0
2019-10-18 13:56:24,585 [Thread-1559] INFO  client.GrpcClientProtocolService (GrpcClientProtocolService.java:lambda$processClientRequest$0(278)) - Failed RaftClientRequest:client-FC5C6E9F3F28->deffcaa8-bc06-42ed-9a5f-b537132fe3e6@group-CD6A916F54C2, cid=67, seq=0, Watch-ALL_COMMITTED(78), Message:<EMPTY>, reply=RaftClientReply:client-FC5C6E9F3F28->deffcaa8-bc06-42ed-9a5f-b537132fe3e6@group-CD6A916F54C2, cid=67, FAILED org.apache.ratis.protocol.NotReplicatedException: Request with call Id 67 and log index 78 is not yet replicated to ALL_COMMITTED, logIndex=78, commits[deffcaa8-bc06-42ed-9a5f-b537132fe3e6:c2, ab55c7e8-b512-415e-a666-846e2c6a6faf:c2, 8a1104a3-2cf3-46fb-8cbd-4f593888249e:c2]
2019-10-18 13:56:25,584 [Thread-1563] INFO  client.GrpcClientProtocolService (GrpcClientProtocolService.java:lambda$processClientRequest$0(278)) - Failed RaftClientRequest:client-FC5C6E9F3F28->deffcaa8-bc06-42ed-9a5f-b537132fe3e6@group-CD6A916F54C2, cid=68, seq=0, Watch-MAJORITY_COMMITTED(78), Message:<EMPTY>, reply=RaftClientReply:client-FC5C6E9F3F28->deffcaa8-bc06-42ed-9a5f-b537132fe3e6@group-CD6A916F54C2, cid=68, FAILED org.apache.ratis.protocol.NotReplicatedException: Request with call Id 68 and log index 78 is not yet replicated to MAJORITY_COMMITTED, logIndex=78, commits[deffcaa8-bc06-42ed-9a5f-b537132fe3e6:c2, ab55c7e8-b512-415e-a666-846e2c6a6faf:c2, 8a1104a3-2cf3-46fb-8cbd-4f593888249e:c2]
2019-10-18 13:56:26,015 [grpc-default-executor-13] WARN  server.GrpcLogAppender (LogUtils.java:warn(134)) - deffcaa8-bc06-42ed-9a5f-b537132fe3e6@group-CD6A916F54C2->ab55c7e8-b512-415e-a666-846e2c6a6faf-AppendLogResponseHandler: Failed appendEntries: org.apache.ratis.thirdparty.io.grpc.StatusRuntimeException: UNAVAILABLE: io exception
2019-10-18 13:56:26,017 [grpc-default-executor-12] WARN  server.GrpcLogAppender (LogUtils.java:warn(134)) - deffcaa8-bc06-42ed-9a5f-b537132fe3e6@group-CD6A916F54C2->8a1104a3-2cf3-46fb-8cbd-4f593888249e-AppendLogResponseHandler: Failed appendEntries: org.apache.ratis.thirdparty.io.grpc.StatusRuntimeException: UNAVAILABLE: io exception
2019-10-18 13:56:26,018 [grpc-default-executor-13] INFO  impl.FollowerInfo (FollowerInfo.java:lambda$new$0(51)) - deffcaa8-bc06-42ed-9a5f-b537132fe3e6@group-CD6A916F54C2->ab55c7e8-b512-415e-a666-846e2c6a6faf: nextIndex: updateUnconditionally 0 -> 0
2019-10-18 13:56:26,018 [grpc-default-executor-12] INFO  impl.FollowerInfo (FollowerInfo.java:lambda$new$0(51)) - deffcaa8-bc06-42ed-9a5f-b537132fe3e6@group-CD6A916F54C2->8a1104a3-2cf3-46fb-8cbd-4f593888249e: nextIndex: updateUnconditionally 0 -> 0
2019-10-18 13:56:28,518 [grpc-default-executor-13] WARN  server.GrpcLogAppender (LogUtils.java:warn(134)) - deffcaa8-bc06-42ed-9a5f-b537132fe3e6@group-CD6A916F54C2->8a1104a3-2cf3-46fb-8cbd-4f593888249e-AppendLogResponseHandler: Failed appendEntries: org.apache.ratis.thirdparty.io.grpc.StatusRuntimeException: UNAVAILABLE: io exception
2019-10-18 13:56:28,518 [grpc-default-executor-12] WARN  server.GrpcLogAppender (LogUtils.java:warn(134)) - deffcaa8-bc06-42ed-9a5f-b537132fe3e6@group-CD6A916F54C2->ab55c7e8-b512-415e-a666-846e2c6a6faf-AppendLogResponseHandler: Failed appendEntries: org.apache.ratis.thirdparty.io.grpc.StatusRuntimeException: UNAVAILABLE: io exception
2019-10-18 13:56:28,518 [grpc-default-executor-13] INFO  impl.FollowerInfo (FollowerInfo.java:lambda$new$0(51)) - deffcaa8-bc06-42ed-9a5f-b537132fe3e6@group-CD6A916F54C2->8a1104a3-2cf3-46fb-8cbd-4f593888249e: nextIndex: updateUnconditionally 0 -> 0
2019-10-18 13:56:28,519 [grpc-default-executor-12] INFO  impl.FollowerInfo (FollowerInfo.java:lambda$new$0(51)) - deffcaa8-bc06-42ed-9a5f-b537132fe3e6@group-CD6A916F54C2->ab55c7e8-b512-415e-a666-846e2c6a6faf: nextIndex: updateUnconditionally 0 -> 0
2019-10-18 13:56:31,020 [grpc-default-executor-12] WARN  server.GrpcLogAppender (LogUtils.java:warn(134)) - deffcaa8-bc06-42ed-9a5f-b537132fe3e6@group-CD6A916F54C2->8a1104a3-2cf3-46fb-8cbd-4f593888249e-AppendLogResponseHandler: Failed appendEntries: org.apache.ratis.thirdparty.io.grpc.StatusRuntimeException: UNAVAILABLE: io exception
2019-10-18 13:56:31,020 [grpc-default-executor-13] WARN  server.GrpcLogAppender (LogUtils.java:warn(134)) - deffcaa8-bc06-42ed-9a5f-b537132fe3e6@group-CD6A916F54C2->ab55c7e8-b512-415e-a666-846e2c6a6faf-AppendLogResponseHandler: Failed appendEntries: org.apache.ratis.thirdparty.io.grpc.StatusRuntimeException: UNAVAILABLE: io exception
2019-10-18 13:56:31,020 [grpc-default-executor-13] INFO  impl.FollowerInfo (FollowerInfo.java:lambda$new$0(51)) - deffcaa8-bc06-42ed-9a5f-b537132fe3e6@group-CD6A916F54C2->ab55c7e8-b512-415e-a666-846e2c6a6faf: nextIndex: updateUnconditionally 0 -> 0
2019-10-18 13:56:31,020 [grpc-default-executor-12] INFO  impl.FollowerInfo (FollowerInfo.java:lambda$new$0(51)) - deffcaa8-bc06-42ed-9a5f-b537132fe3e6@group-CD6A916F54C2->8a1104a3-2cf3-46fb-8cbd-4f593888249e: nextIndex: updateUnconditionally 0 -> 0
2019-10-18 13:56:33,525 [grpc-default-executor-12] WARN  server.GrpcLogAppender (LogUtils.java:warn(134)) - deffcaa8-bc06-42ed-9a5f-b537132fe3e6@group-CD6A916F54C2->8a1104a3-2cf3-46fb-8cbd-4f593888249e-AppendLogResponseHandler: Failed appendEntries: org.apache.ratis.thirdparty.io.grpc.StatusRuntimeException: UNAVAILABLE: io exception
2019-10-18 13:56:33,525 [grpc-default-executor-13] WARN  server.GrpcLogAppender (LogUtils.java:warn(134)) - deffcaa8-bc06-42ed-9a5f-b537132fe3e6@group-CD6A916F54C2->ab55c7e8-b512-415e-a666-846e2c6a6faf-AppendLogResponseHandler: Failed appendEntries: org.apache.ratis.thirdparty.io.grpc.StatusRuntimeException: UNAVAILABLE: io exception
2019-10-18 13:56:33,526 [grpc-default-executor-12] INFO  impl.FollowerInfo (FollowerInfo.java:lambda$new$0(51)) - deffcaa8-bc06-42ed-9a5f-b537132fe3e6@group-CD6A916F54C2->8a1104a3-2cf3-46fb-8cbd-4f593888249e: nextIndex: updateUnconditionally 0 -> 0
2019-10-18 13:56:33,526 [grpc-default-executor-13] INFO  impl.FollowerInfo (FollowerInfo.java:lambda$new$0(51)) - deffcaa8-bc06-42ed-9a5f-b537132fe3e6@group-CD6A916F54C2->ab55c7e8-b512-415e-a666-846e2c6a6faf: nextIndex: updateUnconditionally 0 -> 0
]]></system-out>
    <system-err><![CDATA[Oct 18, 2019 1:55:48 PM org.apache.ratis.thirdparty.io.grpc.internal.SerializingExecutor run
SEVERE: Exception while executing runnable org.apache.ratis.thirdparty.io.grpc.internal.ServerImpl$JumpToApplicationThreadServerStreamListener$1Closed@768bb4c8
org.apache.ratis.thirdparty.io.grpc.StatusRuntimeException: CANCELLED: call already cancelled
	at org.apache.ratis.thirdparty.io.grpc.Status.asRuntimeException(Status.java:517)
	at org.apache.ratis.thirdparty.io.grpc.stub.ServerCalls$ServerCallStreamObserverImpl.onCompleted(ServerCalls.java:356)
	at org.apache.ratis.grpc.server.GrpcServerProtocolService$ServerRequestStreamObserver.onError(GrpcServerProtocolService.java:121)
	at org.apache.ratis.thirdparty.io.grpc.stub.ServerCalls$StreamingServerCallHandler$StreamingServerCallListener.onCancel(ServerCalls.java:269)
	at org.apache.ratis.thirdparty.io.grpc.internal.ServerCallImpl$ServerStreamListenerImpl.closed(ServerCallImpl.java:293)
	at org.apache.ratis.thirdparty.io.grpc.internal.ServerImpl$JumpToApplicationThreadServerStreamListener$1Closed.runInContext(ServerImpl.java:741)
	at org.apache.ratis.thirdparty.io.grpc.internal.ContextRunnable.run(ContextRunnable.java:37)
	at org.apache.ratis.thirdparty.io.grpc.internal.SerializingExecutor.run(SerializingExecutor.java:123)
	at java.util.concurrent.ThreadPoolExecutor.runWorker(ThreadPoolExecutor.java:1149)
	at java.util.concurrent.ThreadPoolExecutor$Worker.run(ThreadPoolExecutor.java:624)
	at java.lang.Thread.run(Thread.java:748)

Oct 18, 2019 1:55:53 PM org.apache.ratis.thirdparty.io.grpc.internal.SerializingExecutor run
SEVERE: Exception while executing runnable org.apache.ratis.thirdparty.io.grpc.internal.ServerImpl$JumpToApplicationThreadServerStreamListener$1Closed@2cc55f9e
org.apache.ratis.thirdparty.io.grpc.StatusRuntimeException: CANCELLED: call already cancelled
	at org.apache.ratis.thirdparty.io.grpc.Status.asRuntimeException(Status.java:517)
	at org.apache.ratis.thirdparty.io.grpc.stub.ServerCalls$ServerCallStreamObserverImpl.onCompleted(ServerCalls.java:356)
	at org.apache.ratis.grpc.server.GrpcServerProtocolService$ServerRequestStreamObserver.onError(GrpcServerProtocolService.java:121)
	at org.apache.ratis.thirdparty.io.grpc.stub.ServerCalls$StreamingServerCallHandler$StreamingServerCallListener.onCancel(ServerCalls.java:269)
	at org.apache.ratis.thirdparty.io.grpc.internal.ServerCallImpl$ServerStreamListenerImpl.closed(ServerCallImpl.java:293)
	at org.apache.ratis.thirdparty.io.grpc.internal.ServerImpl$JumpToApplicationThreadServerStreamListener$1Closed.runInContext(ServerImpl.java:741)
	at org.apache.ratis.thirdparty.io.grpc.internal.ContextRunnable.run(ContextRunnable.java:37)
	at org.apache.ratis.thirdparty.io.grpc.internal.SerializingExecutor.run(SerializingExecutor.java:123)
	at java.util.concurrent.ThreadPoolExecutor.runWorker(ThreadPoolExecutor.java:1149)
	at java.util.concurrent.ThreadPoolExecutor$Worker.run(ThreadPoolExecutor.java:624)
	at java.lang.Thread.run(Thread.java:748)

]]></system-err>
  </testcase>
  <testcase name="testWatchForCommitForGroupMismatchException" classname="org.apache.hadoop.ozone.client.rpc.TestWatchForCommit" time="38.526"/>
  <testcase name="test2WayCommitForTimeoutException" classname="org.apache.hadoop.ozone.client.rpc.TestWatchForCommit" time="22.523">
    <error type="java.util.concurrent.TimeoutException">java.util.concurrent.TimeoutException
	at java.util.concurrent.CompletableFuture.timedGet(CompletableFuture.java:1771)
	at java.util.concurrent.CompletableFuture.get(CompletableFuture.java:1915)
	at org.apache.hadoop.hdds.scm.XceiverClientRatis.watchForCommit(XceiverClientRatis.java:283)
	at org.apache.hadoop.ozone.client.rpc.TestWatchForCommit.test2WayCommitForTimeoutException(TestWatchForCommit.java:391)
	at sun.reflect.NativeMethodAccessorImpl.invoke0(Native Method)
	at sun.reflect.NativeMethodAccessorImpl.invoke(NativeMethodAccessorImpl.java:62)
	at sun.reflect.DelegatingMethodAccessorImpl.invoke(DelegatingMethodAccessorImpl.java:43)
	at java.lang.reflect.Method.invoke(Method.java:498)
	at org.junit.runners.model.FrameworkMethod$1.runReflectiveCall(FrameworkMethod.java:47)
	at org.junit.internal.runners.model.ReflectiveCallable.run(ReflectiveCallable.java:12)
	at org.junit.runners.model.FrameworkMethod.invokeExplosively(FrameworkMethod.java:44)
	at org.junit.internal.runners.statements.InvokeMethod.evaluate(InvokeMethod.java:17)
	at org.junit.runners.ParentRunner.runLeaf(ParentRunner.java:271)
	at org.junit.runners.BlockJUnit4ClassRunner.runChild(BlockJUnit4ClassRunner.java:70)
	at org.junit.runners.BlockJUnit4ClassRunner.runChild(BlockJUnit4ClassRunner.java:50)
	at org.junit.runners.ParentRunner$3.run(ParentRunner.java:238)
	at org.junit.runners.ParentRunner$1.schedule(ParentRunner.java:63)
	at org.junit.runners.ParentRunner.runChildren(ParentRunner.java:236)
	at org.junit.runners.ParentRunner.access$000(ParentRunner.java:53)
	at org.junit.runners.ParentRunner$2.evaluate(ParentRunner.java:229)
	at org.junit.runners.ParentRunner.run(ParentRunner.java:309)
	at org.apache.maven.surefire.junit4.JUnit4Provider.execute(JUnit4Provider.java:365)
	at org.apache.maven.surefire.junit4.JUnit4Provider.executeWithRerun(JUnit4Provider.java:273)
	at org.apache.maven.surefire.junit4.JUnit4Provider.executeTestSet(JUnit4Provider.java:238)
	at org.apache.maven.surefire.junit4.JUnit4Provider.invoke(JUnit4Provider.java:159)
	at org.apache.maven.surefire.booter.ForkedBooter.invokeProviderInSameClassLoader(ForkedBooter.java:384)
	at org.apache.maven.surefire.booter.ForkedBooter.runSuitesInProcess(ForkedBooter.java:345)
	at org.apache.maven.surefire.booter.ForkedBooter.execute(ForkedBooter.java:126)
	at org.apache.maven.surefire.booter.ForkedBooter.main(ForkedBooter.java:418)
</error>
    <system-out><![CDATA[2019-10-18 13:57:12,352 [main] WARN  server.ServerUtils (ServerUtils.java:getScmDbDir(145)) - ozone.scm.db.dirs is not configured. We recommend adding this setting. Falling back to ozone.metadata.dirs instead.
2019-10-18 13:57:12,381 [main] WARN  server.ServerUtils (ServerUtils.java:getScmDbDir(145)) - ozone.scm.db.dirs is not configured. We recommend adding this setting. Falling back to ozone.metadata.dirs instead.
2019-10-18 13:57:12,381 [main] WARN  server.ServerUtils (ServerUtils.java:getScmDbDir(145)) - ozone.scm.db.dirs is not configured. We recommend adding this setting. Falling back to ozone.metadata.dirs instead.
2019-10-18 13:57:12,382 [main] INFO  db.DBStoreBuilder (DBStoreBuilder.java:addTable(117)) - using custom profile for table: deletedBlocks
2019-10-18 13:57:12,382 [main] INFO  db.DBStoreBuilder (DBStoreBuilder.java:processTables(168)) - Using default column profile:DBProfile.DISK for Table:deletedBlocks
2019-10-18 13:57:12,382 [main] INFO  db.DBStoreBuilder (DBStoreBuilder.java:addTable(117)) - using custom profile for table: validCerts
2019-10-18 13:57:12,382 [main] INFO  db.DBStoreBuilder (DBStoreBuilder.java:processTables(168)) - Using default column profile:DBProfile.DISK for Table:validCerts
2019-10-18 13:57:12,383 [main] INFO  db.DBStoreBuilder (DBStoreBuilder.java:addTable(117)) - using custom profile for table: revokedCerts
2019-10-18 13:57:12,383 [main] INFO  db.DBStoreBuilder (DBStoreBuilder.java:processTables(168)) - Using default column profile:DBProfile.DISK for Table:revokedCerts
2019-10-18 13:57:12,383 [main] INFO  db.DBStoreBuilder (DBStoreBuilder.java:addTable(117)) - using custom profile for table: default
2019-10-18 13:57:12,383 [main] INFO  db.DBStoreBuilder (DBStoreBuilder.java:processTables(174)) - Using default column profile:DBProfile.DISK for Table:default
2019-10-18 13:57:12,383 [main] INFO  db.DBStoreBuilder (DBStoreBuilder.java:getDbProfile(205)) - Using default options. DBProfile.DISK
2019-10-18 13:57:12,520 [main] INFO  net.NodeSchemaLoader (NodeSchemaLoader.java:loadSchemaFromFile(125)) - Loading file from sun.misc.CompoundEnumeration@2d28fb02
2019-10-18 13:57:12,520 [main] INFO  net.NodeSchemaLoader (NodeSchemaLoader.java:loadSchema(171)) - Loading network topology layer schema file
2019-10-18 13:57:12,526 [main] WARN  server.ServerUtils (ServerUtils.java:sanitizeUserArgs(70)) - ozone.scm.stale.node.interval value = 300000 is larger than max = 100000 based on the key value of ozone.scm.heartbeat.thread.interval, reset to the max value 100000.
2019-10-18 13:57:12,527 [main] WARN  server.ServerUtils (ServerUtils.java:sanitizeUserArgs(70)) - ozone.scm.stale.node.interval value = 300000 is larger than max = 100000 based on the key value of ozone.scm.heartbeat.thread.interval, reset to the max value 100000.
2019-10-18 13:57:12,527 [main] INFO  node.SCMNodeManager (SCMNodeManager.java:<init>(116)) - Entering startup safe mode.
2019-10-18 13:57:12,528 [main] INFO  algorithms.ContainerPlacementPolicyFactory (ContainerPlacementPolicyFactory.java:getPolicy(57)) - Create container placement policy of type org.apache.hadoop.hdds.scm.container.placement.algorithms.SCMContainerPlacementRandom
2019-10-18 13:57:12,528 [main] WARN  server.ServerUtils (ServerUtils.java:getScmDbDir(145)) - ozone.scm.db.dirs is not configured. We recommend adding this setting. Falling back to ozone.metadata.dirs instead.
2019-10-18 13:57:12,584 [main] INFO  pipeline.SCMPipelineManager (SCMPipelineManager.java:initializePipelineState(132)) - No pipeline exists in current db
2019-10-18 13:57:12,584 [main] WARN  server.ServerUtils (ServerUtils.java:getScmDbDir(145)) - ozone.scm.db.dirs is not configured. We recommend adding this setting. Falling back to ozone.metadata.dirs instead.
2019-10-18 13:57:12,645 [main] WARN  events.EventQueue (EventQueue.java:fireEvent(183)) - No event handler registered for event TypedEvent{payloadType=SafeModeStatus, name='SafeModeStatus'}
2019-10-18 13:57:12,646 [main] INFO  ipc.CallQueueManager (CallQueueManager.java:<init>(84)) - Using callQueue: class java.util.concurrent.LinkedBlockingQueue, queueCapacity: 2000, scheduler: class org.apache.hadoop.ipc.DefaultRpcScheduler, ipcBackoff: false.
2019-10-18 13:57:12,647 [Socket Reader #1 for port 46427] INFO  ipc.Server (Server.java:run(1074)) - Starting Socket Reader #1 for port 46427
2019-10-18 13:57:12,658 [main] INFO  ipc.CallQueueManager (CallQueueManager.java:<init>(84)) - Using callQueue: class java.util.concurrent.LinkedBlockingQueue, queueCapacity: 2000, scheduler: class org.apache.hadoop.ipc.DefaultRpcScheduler, ipcBackoff: false.
2019-10-18 13:57:12,659 [Socket Reader #1 for port 43938] INFO  ipc.Server (Server.java:run(1074)) - Starting Socket Reader #1 for port 43938
2019-10-18 13:57:12,662 [main] INFO  ipc.CallQueueManager (CallQueueManager.java:<init>(84)) - Using callQueue: class java.util.concurrent.LinkedBlockingQueue, queueCapacity: 2000, scheduler: class org.apache.hadoop.ipc.DefaultRpcScheduler, ipcBackoff: false.
2019-10-18 13:57:12,662 [Socket Reader #1 for port 45682] INFO  ipc.Server (Server.java:run(1074)) - Starting Socket Reader #1 for port 45682
2019-10-18 13:57:12,665 [main] INFO  hdfs.DFSUtil (DFSUtil.java:httpServerTemplateForNNAndJN(1641)) - Starting Web-server for scm at: http://0.0.0.0:0
2019-10-18 13:57:12,668 [main] INFO  server.AuthenticationFilter (AuthenticationFilter.java:constructSecretProvider(240)) - Unable to initialize FileSignerSecretProvider, falling back to use random secrets.
2019-10-18 13:57:12,668 [main] WARN  http.HttpRequestLog (HttpRequestLog.java:getRequestLog(97)) - Jetty request log can only be enabled using Log4j
2019-10-18 13:57:12,670 [main] INFO  http.HttpServer2 (HttpServer2.java:addGlobalFilter(975)) - Added global filter 'safety' (class=org.apache.hadoop.http.HttpServer2$QuotingInputFilter)
2019-10-18 13:57:12,670 [main] INFO  http.HttpServer2 (HttpServer2.java:addFilter(948)) - Added filter static_user_filter (class=org.apache.hadoop.http.lib.StaticUserWebFilter$StaticUserFilter) to context scm
2019-10-18 13:57:12,670 [main] INFO  http.HttpServer2 (HttpServer2.java:addFilter(958)) - Added filter static_user_filter (class=org.apache.hadoop.http.lib.StaticUserWebFilter$StaticUserFilter) to context static
2019-10-18 13:57:12,671 [main] INFO  http.HttpServer2 (HttpServer2.java:addFilter(958)) - Added filter static_user_filter (class=org.apache.hadoop.http.lib.StaticUserWebFilter$StaticUserFilter) to context logs
2019-10-18 13:57:12,673 [main] INFO  server.StorageContainerManager (StorageContainerManager.java:start(772)) - StorageContainerLocationProtocol RPC server is listening at /0.0.0.0:45682
2019-10-18 13:57:12,675 [main] WARN  impl.MetricsConfig (MetricsConfig.java:loadFirst(134)) - Cannot locate configuration: tried hadoop-metrics2-storagecontainermanager.properties,hadoop-metrics2.properties
2019-10-18 13:57:12,676 [main] INFO  impl.MetricsSystemImpl (MetricsSystemImpl.java:startTimer(374)) - Scheduled Metric snapshot period at 10 second(s).
2019-10-18 13:57:12,676 [main] INFO  impl.MetricsSystemImpl (MetricsSystemImpl.java:start(191)) - StorageContainerManager metrics system started
2019-10-18 13:57:12,935 [main] WARN  impl.MetricsSystemImpl (MetricsSystemImpl.java:register(276)) - Sink prometheus already exists!
2019-10-18 13:57:13,189 [main] INFO  server.SCMClientProtocolServer (SCMClientProtocolServer.java:start(159)) - RPC server for Client  is listening at /0.0.0.0:45682
2019-10-18 13:57:13,189 [IPC Server Responder] INFO  ipc.Server (Server.java:run(1314)) - IPC Server Responder: starting
2019-10-18 13:57:13,189 [IPC Server listener on 45682] INFO  ipc.Server (Server.java:run(1153)) - IPC Server listener on 45682: starting
2019-10-18 13:57:13,195 [main] INFO  server.StorageContainerManager (StorageContainerManager.java:start(782)) - ScmBlockLocationProtocol RPC server is listening at /0.0.0.0:43938
2019-10-18 13:57:13,195 [main] INFO  server.SCMBlockProtocolServer (SCMBlockProtocolServer.java:start(146)) - RPC server for Block Protocol is listening at /0.0.0.0:43938
2019-10-18 13:57:13,196 [IPC Server Responder] INFO  ipc.Server (Server.java:run(1314)) - IPC Server Responder: starting
2019-10-18 13:57:13,196 [IPC Server listener on 43938] INFO  ipc.Server (Server.java:run(1153)) - IPC Server listener on 43938: starting
2019-10-18 13:57:13,205 [main] INFO  server.StorageContainerManager (StorageContainerManager.java:start(786)) - ScmDatanodeProtocl RPC server is listening at /0.0.0.0:46427
2019-10-18 13:57:13,205 [main] INFO  server.SCMDatanodeProtocolServer (SCMDatanodeProtocolServer.java:start(169)) - RPC server for DataNodes is listening at /0.0.0.0:46427
2019-10-18 13:57:13,206 [IPC Server Responder] INFO  ipc.Server (Server.java:run(1314)) - IPC Server Responder: starting
2019-10-18 13:57:13,206 [IPC Server listener on 46427] INFO  ipc.Server (Server.java:run(1153)) - IPC Server listener on 46427: starting
2019-10-18 13:57:13,212 [main] INFO  http.HttpServer2 (HttpServer2.java:bindListener(1191)) - Jetty bound to port 39886
2019-10-18 13:57:13,212 [main] INFO  server.Server (Server.java:doStart(351)) - jetty-9.3.25.v20180904, build timestamp: 2018-09-04T21:11:46Z, git hash: 3ce520221d0240229c862b122d2b06c12a625732
2019-10-18 13:57:13,215 [main] INFO  handler.ContextHandler (ContextHandler.java:doStart(781)) - Started o.e.j.s.ServletContextHandler@89caf47{/logs,file:///workdir/hadoop-ozone/integration-test/target/log,AVAILABLE}
2019-10-18 13:57:13,215 [main] INFO  handler.ContextHandler (ContextHandler.java:doStart(781)) - Started o.e.j.s.ServletContextHandler@2b877a54{/static,file:///workdir/hadoop-ozone/integration-test/target/test-classes/webapps/static,AVAILABLE}
2019-10-18 13:57:13,221 [main] INFO  handler.ContextHandler (ContextHandler.java:doStart(781)) - Started o.e.j.w.WebAppContext@280fafd{/,file:///workdir/hadoop-ozone/integration-test/target/test-classes/webapps/scm/,AVAILABLE}{/scm}
2019-10-18 13:57:13,222 [main] INFO  server.AbstractConnector (AbstractConnector.java:doStart(278)) - Started ServerConnector@39e53bef{HTTP/1.1,[http/1.1]}{0.0.0.0:39886}
2019-10-18 13:57:13,224 [main] INFO  server.Server (Server.java:doStart(419)) - Started @213146ms
2019-10-18 13:57:13,224 [main] WARN  impl.MetricsSystemImpl (MetricsSystemImpl.java:register(276)) - Sink prometheus already exists!
2019-10-18 13:57:13,225 [main] INFO  server.BaseHttpServer (BaseHttpServer.java:updateConnectorAddress(215)) - HTTP server of SCM is listening at http://0.0.0.0:39886
2019-10-18 13:57:13,227 [main] WARN  server.ServerUtils (ServerUtils.java:getDBPath(222)) - ozone.om.db.dirs is not configured. We recommend adding this setting. Falling back to ozone.metadata.dirs instead.
2019-10-18 13:57:13,227 [org.apache.hadoop.util.JvmPauseMonitor$Monitor@4ed18798] INFO  util.JvmPauseMonitor (JvmPauseMonitor.java:run(188)) - Starting JVM pause monitor
2019-10-18 13:57:13,241 [main] INFO  ha.OMHANodeDetails (OMHANodeDetails.java:loadOMHAConfig(190)) - Configuration either no ozone.om.address set. Falling back to the default OM address /127.0.0.1:0
2019-10-18 13:57:13,241 [main] INFO  ha.OMHANodeDetails (OMHANodeDetails.java:getOMNodeDetails(220)) - OM Service ID is not set. Setting it to the default ID: omServiceIdDefault
2019-10-18 13:57:13,242 [main] WARN  server.ServerUtils (ServerUtils.java:getDBPath(222)) - ozone.om.db.dirs is not configured. We recommend adding this setting. Falling back to ozone.metadata.dirs instead.
2019-10-18 13:57:13,242 [main] WARN  server.ServerUtils (ServerUtils.java:getDBPath(222)) - ozone.om.db.dirs is not configured. We recommend adding this setting. Falling back to ozone.metadata.dirs instead.
2019-10-18 13:57:13,254 [main] WARN  server.ServerUtils (ServerUtils.java:getDBPath(222)) - ozone.om.db.dirs is not configured. We recommend adding this setting. Falling back to ozone.metadata.dirs instead.
2019-10-18 13:57:13,255 [main] INFO  db.DBStoreBuilder (DBStoreBuilder.java:addTable(117)) - using custom profile for table: userTable
2019-10-18 13:57:13,255 [main] INFO  db.DBStoreBuilder (DBStoreBuilder.java:processTables(168)) - Using default column profile:DBProfile.DISK for Table:userTable
2019-10-18 13:57:13,255 [main] INFO  db.DBStoreBuilder (DBStoreBuilder.java:addTable(117)) - using custom profile for table: volumeTable
2019-10-18 13:57:13,256 [main] INFO  db.DBStoreBuilder (DBStoreBuilder.java:processTables(168)) - Using default column profile:DBProfile.DISK for Table:volumeTable
2019-10-18 13:57:13,256 [main] INFO  db.DBStoreBuilder (DBStoreBuilder.java:addTable(117)) - using custom profile for table: bucketTable
2019-10-18 13:57:13,256 [main] INFO  db.DBStoreBuilder (DBStoreBuilder.java:processTables(168)) - Using default column profile:DBProfile.DISK for Table:bucketTable
2019-10-18 13:57:13,256 [main] INFO  db.DBStoreBuilder (DBStoreBuilder.java:addTable(117)) - using custom profile for table: keyTable
2019-10-18 13:57:13,256 [main] INFO  db.DBStoreBuilder (DBStoreBuilder.java:processTables(168)) - Using default column profile:DBProfile.DISK for Table:keyTable
2019-10-18 13:57:13,257 [main] INFO  db.DBStoreBuilder (DBStoreBuilder.java:addTable(117)) - using custom profile for table: deletedTable
2019-10-18 13:57:13,257 [main] INFO  db.DBStoreBuilder (DBStoreBuilder.java:processTables(168)) - Using default column profile:DBProfile.DISK for Table:deletedTable
2019-10-18 13:57:13,257 [main] INFO  db.DBStoreBuilder (DBStoreBuilder.java:addTable(117)) - using custom profile for table: openKeyTable
2019-10-18 13:57:13,257 [main] INFO  db.DBStoreBuilder (DBStoreBuilder.java:processTables(168)) - Using default column profile:DBProfile.DISK for Table:openKeyTable
2019-10-18 13:57:13,257 [main] INFO  db.DBStoreBuilder (DBStoreBuilder.java:addTable(117)) - using custom profile for table: s3Table
2019-10-18 13:57:13,258 [main] INFO  db.DBStoreBuilder (DBStoreBuilder.java:processTables(168)) - Using default column profile:DBProfile.DISK for Table:s3Table
2019-10-18 13:57:13,258 [main] INFO  db.DBStoreBuilder (DBStoreBuilder.java:addTable(117)) - using custom profile for table: multipartInfoTable
2019-10-18 13:57:13,258 [main] INFO  db.DBStoreBuilder (DBStoreBuilder.java:processTables(168)) - Using default column profile:DBProfile.DISK for Table:multipartInfoTable
2019-10-18 13:57:13,258 [main] INFO  db.DBStoreBuilder (DBStoreBuilder.java:addTable(117)) - using custom profile for table: dTokenTable
2019-10-18 13:57:13,258 [main] INFO  db.DBStoreBuilder (DBStoreBuilder.java:processTables(168)) - Using default column profile:DBProfile.DISK for Table:dTokenTable
2019-10-18 13:57:13,259 [main] INFO  db.DBStoreBuilder (DBStoreBuilder.java:addTable(117)) - using custom profile for table: s3SecretTable
2019-10-18 13:57:13,259 [main] INFO  db.DBStoreBuilder (DBStoreBuilder.java:processTables(168)) - Using default column profile:DBProfile.DISK for Table:s3SecretTable
2019-10-18 13:57:13,259 [main] INFO  db.DBStoreBuilder (DBStoreBuilder.java:addTable(117)) - using custom profile for table: prefixTable
2019-10-18 13:57:13,259 [main] INFO  db.DBStoreBuilder (DBStoreBuilder.java:processTables(168)) - Using default column profile:DBProfile.DISK for Table:prefixTable
2019-10-18 13:57:13,259 [main] INFO  db.DBStoreBuilder (DBStoreBuilder.java:addTable(117)) - using custom profile for table: default
2019-10-18 13:57:13,260 [main] INFO  db.DBStoreBuilder (DBStoreBuilder.java:processTables(174)) - Using default column profile:DBProfile.DISK for Table:default
2019-10-18 13:57:13,260 [main] INFO  db.DBStoreBuilder (DBStoreBuilder.java:getDbProfile(205)) - Using default options. DBProfile.DISK
2019-10-18 13:57:13,537 [grpc-default-executor-11] WARN  server.GrpcLogAppender (LogUtils.java:warn(134)) - deffcaa8-bc06-42ed-9a5f-b537132fe3e6@group-CD6A916F54C2->8a1104a3-2cf3-46fb-8cbd-4f593888249e-AppendLogResponseHandler: Failed appendEntries: org.apache.ratis.thirdparty.io.grpc.StatusRuntimeException: UNAVAILABLE: io exception
2019-10-18 13:57:13,537 [grpc-default-executor-11] INFO  impl.FollowerInfo (FollowerInfo.java:lambda$new$0(51)) - deffcaa8-bc06-42ed-9a5f-b537132fe3e6@group-CD6A916F54C2->8a1104a3-2cf3-46fb-8cbd-4f593888249e: nextIndex: updateUnconditionally 0 -> 0
2019-10-18 13:57:13,541 [grpc-default-executor-11] WARN  server.GrpcLogAppender (LogUtils.java:warn(134)) - deffcaa8-bc06-42ed-9a5f-b537132fe3e6@group-CD6A916F54C2->ab55c7e8-b512-415e-a666-846e2c6a6faf-AppendLogResponseHandler: Failed appendEntries: org.apache.ratis.thirdparty.io.grpc.StatusRuntimeException: UNAVAILABLE: io exception
2019-10-18 13:57:13,542 [grpc-default-executor-11] INFO  impl.FollowerInfo (FollowerInfo.java:lambda$new$0(51)) - deffcaa8-bc06-42ed-9a5f-b537132fe3e6@group-CD6A916F54C2->ab55c7e8-b512-415e-a666-846e2c6a6faf: nextIndex: updateUnconditionally 0 -> 0
2019-10-18 13:57:13,573 [main] INFO  ipc.CallQueueManager (CallQueueManager.java:<init>(84)) - Using callQueue: class java.util.concurrent.LinkedBlockingQueue, queueCapacity: 2000, scheduler: class org.apache.hadoop.ipc.DefaultRpcScheduler, ipcBackoff: false.
2019-10-18 13:57:13,574 [Socket Reader #1 for port 46345] INFO  ipc.Server (Server.java:run(1074)) - Starting Socket Reader #1 for port 46345
2019-10-18 13:57:13,587 [main] INFO  om.OzoneManager (OzoneManager.java:start(1071)) - OzoneManager RPC server is listening at localhost/127.0.0.1:46345
2019-10-18 13:57:13,587 [main] INFO  impl.MetricsSystemImpl (MetricsSystemImpl.java:init(158)) - OzoneManager metrics system started (again)
2019-10-18 13:57:13,588 [IPC Server Responder] INFO  ipc.Server (Server.java:run(1314)) - IPC Server Responder: starting
2019-10-18 13:57:13,590 [IPC Server listener on 46345] INFO  ipc.Server (Server.java:run(1153)) - IPC Server listener on 46345: starting
2019-10-18 13:57:13,595 [main] INFO  hdfs.DFSUtil (DFSUtil.java:httpServerTemplateForNNAndJN(1641)) - Starting Web-server for ozoneManager at: http://0.0.0.0:0
2019-10-18 13:57:13,598 [main] INFO  server.AuthenticationFilter (AuthenticationFilter.java:constructSecretProvider(240)) - Unable to initialize FileSignerSecretProvider, falling back to use random secrets.
2019-10-18 13:57:13,599 [main] WARN  http.HttpRequestLog (HttpRequestLog.java:getRequestLog(97)) - Jetty request log can only be enabled using Log4j
2019-10-18 13:57:13,601 [main] INFO  http.HttpServer2 (HttpServer2.java:addGlobalFilter(975)) - Added global filter 'safety' (class=org.apache.hadoop.http.HttpServer2$QuotingInputFilter)
2019-10-18 13:57:13,601 [main] INFO  http.HttpServer2 (HttpServer2.java:addFilter(948)) - Added filter static_user_filter (class=org.apache.hadoop.http.lib.StaticUserWebFilter$StaticUserFilter) to context ozoneManager
2019-10-18 13:57:13,601 [main] INFO  http.HttpServer2 (HttpServer2.java:addFilter(958)) - Added filter static_user_filter (class=org.apache.hadoop.http.lib.StaticUserWebFilter$StaticUserFilter) to context logs
2019-10-18 13:57:13,601 [main] INFO  http.HttpServer2 (HttpServer2.java:addFilter(958)) - Added filter static_user_filter (class=org.apache.hadoop.http.lib.StaticUserWebFilter$StaticUserFilter) to context static
2019-10-18 13:57:13,602 [main] INFO  http.HttpServer2 (HttpServer2.java:bindListener(1191)) - Jetty bound to port 40181
2019-10-18 13:57:13,602 [main] INFO  server.Server (Server.java:doStart(351)) - jetty-9.3.25.v20180904, build timestamp: 2018-09-04T21:11:46Z, git hash: 3ce520221d0240229c862b122d2b06c12a625732
2019-10-18 13:57:13,603 [main] INFO  handler.ContextHandler (ContextHandler.java:doStart(781)) - Started o.e.j.s.ServletContextHandler@39832280{/logs,file:///workdir/hadoop-ozone/integration-test/target/log,AVAILABLE}
2019-10-18 13:57:13,604 [main] INFO  handler.ContextHandler (ContextHandler.java:doStart(781)) - Started o.e.j.s.ServletContextHandler@7f0f84d4{/static,file:///workdir/hadoop-ozone/integration-test/target/test-classes/webapps/static,AVAILABLE}
2019-10-18 13:57:13,607 [main] INFO  handler.ContextHandler (ContextHandler.java:doStart(781)) - Started o.e.j.w.WebAppContext@1c98b4eb{/,file:///workdir/hadoop-ozone/integration-test/target/test-classes/webapps/ozoneManager/,AVAILABLE}{/ozoneManager}
2019-10-18 13:57:13,607 [main] INFO  server.AbstractConnector (AbstractConnector.java:doStart(278)) - Started ServerConnector@45801322{HTTP/1.1,[http/1.1]}{0.0.0.0:40181}
2019-10-18 13:57:13,609 [main] INFO  server.Server (Server.java:doStart(419)) - Started @213532ms
2019-10-18 13:57:13,609 [main] WARN  impl.MetricsSystemImpl (MetricsSystemImpl.java:register(276)) - Sink prometheus already exists!
2019-10-18 13:57:13,610 [main] INFO  server.BaseHttpServer (BaseHttpServer.java:updateConnectorAddress(215)) - HTTP server of OZONEMANAGER is listening at http://0.0.0.0:40181
2019-10-18 13:57:13,625 [main] INFO  impl.MetricsSystemImpl (MetricsSystemImpl.java:init(158)) - HddsDatanode metrics system started (again)
2019-10-18 13:57:13,643 [main] INFO  ozone.HddsDatanodeService (HddsDatanodeService.java:start(184)) - HddsDatanodeService host:pr-hdds-2281-wfpgn-3925442534 ip:192.168.157.239
2019-10-18 13:57:13,652 [main] INFO  volume.HddsVolume (HddsVolume.java:<init>(176)) - Creating Volume: /workdir/hadoop-ozone/integration-test/target/test-dir/MiniOzoneClusterImpl-8a3750fb-3d25-424a-a3cd-d2dfc269c2c3/datanode-0/data/containers/hdds of  storage type : DISK and capacity : 1482555576320
2019-10-18 13:57:13,653 [main] INFO  volume.VolumeSet (VolumeSet.java:initializeVolumeSet(170)) - Added Volume : /workdir/hadoop-ozone/integration-test/target/test-dir/MiniOzoneClusterImpl-8a3750fb-3d25-424a-a3cd-d2dfc269c2c3/datanode-0/data/containers/hdds to VolumeSet
2019-10-18 13:57:13,653 [main] INFO  volume.ThrottledAsyncChecker (ThrottledAsyncChecker.java:schedule(141)) - Scheduling a check for org.apache.hadoop.ozone.container.common.volume.HddsVolume@391515c7
2019-10-18 13:57:13,654 [main] INFO  volume.HddsVolumeChecker (HddsVolumeChecker.java:checkAllVolumes(204)) - Scheduled health check for volume org.apache.hadoop.ozone.container.common.volume.HddsVolume@391515c7
2019-10-18 13:57:13,671 [main] INFO  impl.RaftServerProxy (ConfUtils.java:logGet(43)) - raft.rpc.type = GRPC (default)
2019-10-18 13:57:13,671 [main] INFO  grpc.GrpcFactory (GrpcFactory.java:checkPooledByteBufAllocatorUseCacheForAllThreads(45)) - PERFORMANCE WARNING: useCacheForAllThreads is true that may cause Netty to create a lot garbage objects and, as a result, trigger GC.
	It is recommended to disable useCacheForAllThreads by setting -Dorg.apache.ratis.thirdparty.io.netty.allocator.useCacheForAllThreads=false in command line.
2019-10-18 13:57:13,671 [main] INFO  grpc.GrpcConfigKeys$Server (ConfUtils.java:logGet(43)) - raft.grpc.server.port = 0 (default)
2019-10-18 13:57:13,672 [main] INFO  server.GrpcService (ConfUtils.java:logGet(43)) - raft.grpc.message.size.max = 33570816 (custom)
2019-10-18 13:57:13,672 [main] INFO  server.RaftServerConfigKeys (ConfUtils.java:logGet(43)) - raft.server.log.appender.buffer.byte-limit = 33554432 (custom)
2019-10-18 13:57:13,672 [main] INFO  server.GrpcService (ConfUtils.java:logGet(43)) - raft.grpc.flow.control.window = 1MB (=1048576) (default)
2019-10-18 13:57:13,672 [main] INFO  server.RaftServerConfigKeys (ConfUtils.java:logGet(43)) - raft.server.rpc.request.timeout = 3000ms (default)
2019-10-18 13:57:13,672 [main] INFO  server.RaftServerConfigKeys (ConfUtils.java:logGet(43)) - raft.server.storage.dir = [/workdir/hadoop-ozone/integration-test/target/test-dir/MiniOzoneClusterImpl-8a3750fb-3d25-424a-a3cd-d2dfc269c2c3/datanode-0/data/ratis] (custom)
2019-10-18 13:57:13,674 [main] INFO  hdfs.DFSUtil (DFSUtil.java:httpServerTemplateForNNAndJN(1641)) - Starting Web-server for hddsDatanode at: http://0.0.0.0:0
2019-10-18 13:57:13,676 [main] INFO  server.AuthenticationFilter (AuthenticationFilter.java:constructSecretProvider(240)) - Unable to initialize FileSignerSecretProvider, falling back to use random secrets.
2019-10-18 13:57:13,676 [main] WARN  http.HttpRequestLog (HttpRequestLog.java:getRequestLog(97)) - Jetty request log can only be enabled using Log4j
2019-10-18 13:57:13,677 [main] INFO  http.HttpServer2 (HttpServer2.java:addGlobalFilter(975)) - Added global filter 'safety' (class=org.apache.hadoop.http.HttpServer2$QuotingInputFilter)
2019-10-18 13:57:13,678 [main] INFO  http.HttpServer2 (HttpServer2.java:addFilter(948)) - Added filter static_user_filter (class=org.apache.hadoop.http.lib.StaticUserWebFilter$StaticUserFilter) to context hddsDatanode
2019-10-18 13:57:13,678 [main] INFO  http.HttpServer2 (HttpServer2.java:addFilter(958)) - Added filter static_user_filter (class=org.apache.hadoop.http.lib.StaticUserWebFilter$StaticUserFilter) to context logs
2019-10-18 13:57:13,678 [main] INFO  http.HttpServer2 (HttpServer2.java:addFilter(958)) - Added filter static_user_filter (class=org.apache.hadoop.http.lib.StaticUserWebFilter$StaticUserFilter) to context static
2019-10-18 13:57:13,679 [main] INFO  http.HttpServer2 (HttpServer2.java:bindListener(1191)) - Jetty bound to port 42267
2019-10-18 13:57:13,679 [main] INFO  server.Server (Server.java:doStart(351)) - jetty-9.3.25.v20180904, build timestamp: 2018-09-04T21:11:46Z, git hash: 3ce520221d0240229c862b122d2b06c12a625732
2019-10-18 13:57:13,681 [main] INFO  handler.ContextHandler (ContextHandler.java:doStart(781)) - Started o.e.j.s.ServletContextHandler@706f6d26{/logs,file:///workdir/hadoop-ozone/integration-test/target/log,AVAILABLE}
2019-10-18 13:57:13,682 [main] INFO  handler.ContextHandler (ContextHandler.java:doStart(781)) - Started o.e.j.s.ServletContextHandler@6af65f29{/static,jar:file:/home/user/.m2/repository/org/apache/hadoop/hadoop-hdds-container-service/0.5.0-SNAPSHOT/hadoop-hdds-container-service-0.5.0-SNAPSHOT.jar!/webapps/static,AVAILABLE}
2019-10-18 13:57:13,722 [main] INFO  handler.ContextHandler (ContextHandler.java:doStart(781)) - Started o.e.j.w.WebAppContext@69ec93c2{/,file:///tmp/jetty-0.0.0.0-42267-hddsDatanode-_-any-1607584870052962059.dir/webapp/,AVAILABLE}{/hddsDatanode}
2019-10-18 13:57:13,722 [main] INFO  server.AbstractConnector (AbstractConnector.java:doStart(278)) - Started ServerConnector@19fec3d6{HTTP/1.1,[http/1.1]}{0.0.0.0:42267}
2019-10-18 13:57:13,725 [main] INFO  server.Server (Server.java:doStart(419)) - Started @213647ms
2019-10-18 13:57:13,725 [main] WARN  impl.MetricsSystemImpl (MetricsSystemImpl.java:register(276)) - Sink prometheus already exists!
2019-10-18 13:57:13,726 [main] INFO  server.BaseHttpServer (BaseHttpServer.java:updateConnectorAddress(215)) - HTTP server of HDDSDATANODE is listening at http://0.0.0.0:42267
2019-10-18 13:57:13,726 [main] INFO  impl.MetricsSystemImpl (MetricsSystemImpl.java:init(158)) - HddsDatanode metrics system started (again)
2019-10-18 13:57:13,743 [org.apache.hadoop.util.JvmPauseMonitor$Monitor@17f8f0f5] INFO  util.JvmPauseMonitor (JvmPauseMonitor.java:run(188)) - Starting JVM pause monitor
2019-10-18 13:57:13,745 [Datanode State Machine Thread - 0] INFO  datanode.InitDatanodeState (InitDatanodeState.java:persistContainerDatanodeDetails(140)) - DatanodeDetails is persisted to /workdir/hadoop-ozone/integration-test/target/test-dir/MiniOzoneClusterImpl-8a3750fb-3d25-424a-a3cd-d2dfc269c2c3/datanode-0/meta/datanode.id
2019-10-18 13:57:13,745 [main] INFO  ozone.HddsDatanodeService (HddsDatanodeService.java:start(184)) - HddsDatanodeService host:pr-hdds-2281-wfpgn-3925442534 ip:192.168.157.239
2019-10-18 13:57:13,754 [main] INFO  volume.HddsVolume (HddsVolume.java:<init>(176)) - Creating Volume: /workdir/hadoop-ozone/integration-test/target/test-dir/MiniOzoneClusterImpl-8a3750fb-3d25-424a-a3cd-d2dfc269c2c3/datanode-1/data/containers/hdds of  storage type : DISK and capacity : 1482555576320
2019-10-18 13:57:13,754 [main] INFO  volume.VolumeSet (VolumeSet.java:initializeVolumeSet(170)) - Added Volume : /workdir/hadoop-ozone/integration-test/target/test-dir/MiniOzoneClusterImpl-8a3750fb-3d25-424a-a3cd-d2dfc269c2c3/datanode-1/data/containers/hdds to VolumeSet
2019-10-18 13:57:13,755 [main] INFO  volume.ThrottledAsyncChecker (ThrottledAsyncChecker.java:schedule(141)) - Scheduling a check for org.apache.hadoop.ozone.container.common.volume.HddsVolume@3af10d0b
2019-10-18 13:57:13,755 [main] INFO  volume.HddsVolumeChecker (HddsVolumeChecker.java:checkAllVolumes(204)) - Scheduled health check for volume org.apache.hadoop.ozone.container.common.volume.HddsVolume@3af10d0b
2019-10-18 13:57:13,770 [main] INFO  impl.RaftServerProxy (ConfUtils.java:logGet(43)) - raft.rpc.type = GRPC (default)
2019-10-18 13:57:13,770 [main] INFO  grpc.GrpcFactory (GrpcFactory.java:checkPooledByteBufAllocatorUseCacheForAllThreads(45)) - PERFORMANCE WARNING: useCacheForAllThreads is true that may cause Netty to create a lot garbage objects and, as a result, trigger GC.
	It is recommended to disable useCacheForAllThreads by setting -Dorg.apache.ratis.thirdparty.io.netty.allocator.useCacheForAllThreads=false in command line.
2019-10-18 13:57:13,770 [main] INFO  grpc.GrpcConfigKeys$Server (ConfUtils.java:logGet(43)) - raft.grpc.server.port = 0 (default)
2019-10-18 13:57:13,771 [main] INFO  server.GrpcService (ConfUtils.java:logGet(43)) - raft.grpc.message.size.max = 33570816 (custom)
2019-10-18 13:57:13,771 [main] INFO  server.RaftServerConfigKeys (ConfUtils.java:logGet(43)) - raft.server.log.appender.buffer.byte-limit = 33554432 (custom)
2019-10-18 13:57:13,771 [main] INFO  server.GrpcService (ConfUtils.java:logGet(43)) - raft.grpc.flow.control.window = 1MB (=1048576) (default)
2019-10-18 13:57:13,771 [main] INFO  server.RaftServerConfigKeys (ConfUtils.java:logGet(43)) - raft.server.rpc.request.timeout = 3000ms (default)
2019-10-18 13:57:13,771 [main] INFO  server.RaftServerConfigKeys (ConfUtils.java:logGet(43)) - raft.server.storage.dir = [/workdir/hadoop-ozone/integration-test/target/test-dir/MiniOzoneClusterImpl-8a3750fb-3d25-424a-a3cd-d2dfc269c2c3/datanode-1/data/ratis] (custom)
2019-10-18 13:57:13,773 [main] INFO  hdfs.DFSUtil (DFSUtil.java:httpServerTemplateForNNAndJN(1641)) - Starting Web-server for hddsDatanode at: http://0.0.0.0:0
2019-10-18 13:57:13,775 [main] INFO  server.AuthenticationFilter (AuthenticationFilter.java:constructSecretProvider(240)) - Unable to initialize FileSignerSecretProvider, falling back to use random secrets.
2019-10-18 13:57:13,775 [main] WARN  http.HttpRequestLog (HttpRequestLog.java:getRequestLog(97)) - Jetty request log can only be enabled using Log4j
2019-10-18 13:57:13,777 [main] INFO  http.HttpServer2 (HttpServer2.java:addGlobalFilter(975)) - Added global filter 'safety' (class=org.apache.hadoop.http.HttpServer2$QuotingInputFilter)
2019-10-18 13:57:13,778 [main] INFO  http.HttpServer2 (HttpServer2.java:addFilter(948)) - Added filter static_user_filter (class=org.apache.hadoop.http.lib.StaticUserWebFilter$StaticUserFilter) to context hddsDatanode
2019-10-18 13:57:13,778 [main] INFO  http.HttpServer2 (HttpServer2.java:addFilter(958)) - Added filter static_user_filter (class=org.apache.hadoop.http.lib.StaticUserWebFilter$StaticUserFilter) to context static
2019-10-18 13:57:13,778 [main] INFO  http.HttpServer2 (HttpServer2.java:addFilter(958)) - Added filter static_user_filter (class=org.apache.hadoop.http.lib.StaticUserWebFilter$StaticUserFilter) to context logs
2019-10-18 13:57:13,779 [main] INFO  http.HttpServer2 (HttpServer2.java:bindListener(1191)) - Jetty bound to port 45291
2019-10-18 13:57:13,779 [main] INFO  server.Server (Server.java:doStart(351)) - jetty-9.3.25.v20180904, build timestamp: 2018-09-04T21:11:46Z, git hash: 3ce520221d0240229c862b122d2b06c12a625732
2019-10-18 13:57:13,781 [main] INFO  handler.ContextHandler (ContextHandler.java:doStart(781)) - Started o.e.j.s.ServletContextHandler@53dd42d6{/logs,file:///workdir/hadoop-ozone/integration-test/target/log,AVAILABLE}
2019-10-18 13:57:13,781 [main] INFO  handler.ContextHandler (ContextHandler.java:doStart(781)) - Started o.e.j.s.ServletContextHandler@447fa959{/static,jar:file:/home/user/.m2/repository/org/apache/hadoop/hadoop-hdds-container-service/0.5.0-SNAPSHOT/hadoop-hdds-container-service-0.5.0-SNAPSHOT.jar!/webapps/static,AVAILABLE}
2019-10-18 13:57:13,818 [main] INFO  handler.ContextHandler (ContextHandler.java:doStart(781)) - Started o.e.j.w.WebAppContext@2478b629{/,file:///tmp/jetty-0.0.0.0-45291-hddsDatanode-_-any-7052907910321042644.dir/webapp/,AVAILABLE}{/hddsDatanode}
2019-10-18 13:57:13,819 [main] INFO  server.AbstractConnector (AbstractConnector.java:doStart(278)) - Started ServerConnector@39023dbf{HTTP/1.1,[http/1.1]}{0.0.0.0:45291}
2019-10-18 13:57:13,822 [main] INFO  server.Server (Server.java:doStart(419)) - Started @213744ms
2019-10-18 13:57:13,822 [main] WARN  impl.MetricsSystemImpl (MetricsSystemImpl.java:register(276)) - Sink prometheus already exists!
2019-10-18 13:57:13,823 [main] INFO  server.BaseHttpServer (BaseHttpServer.java:updateConnectorAddress(215)) - HTTP server of HDDSDATANODE is listening at http://0.0.0.0:45291
2019-10-18 13:57:13,823 [main] INFO  impl.MetricsSystemImpl (MetricsSystemImpl.java:init(158)) - HddsDatanode metrics system started (again)
2019-10-18 13:57:13,841 [org.apache.hadoop.util.JvmPauseMonitor$Monitor@41165d3e] INFO  util.JvmPauseMonitor (JvmPauseMonitor.java:run(188)) - Starting JVM pause monitor
2019-10-18 13:57:13,842 [Datanode State Machine Thread - 0] INFO  datanode.InitDatanodeState (InitDatanodeState.java:persistContainerDatanodeDetails(140)) - DatanodeDetails is persisted to /workdir/hadoop-ozone/integration-test/target/test-dir/MiniOzoneClusterImpl-8a3750fb-3d25-424a-a3cd-d2dfc269c2c3/datanode-1/meta/datanode.id
2019-10-18 13:57:13,843 [main] INFO  ozone.HddsDatanodeService (HddsDatanodeService.java:start(184)) - HddsDatanodeService host:pr-hdds-2281-wfpgn-3925442534 ip:192.168.157.239
2019-10-18 13:57:13,852 [main] INFO  volume.HddsVolume (HddsVolume.java:<init>(176)) - Creating Volume: /workdir/hadoop-ozone/integration-test/target/test-dir/MiniOzoneClusterImpl-8a3750fb-3d25-424a-a3cd-d2dfc269c2c3/datanode-2/data/containers/hdds of  storage type : DISK and capacity : 1482555576320
2019-10-18 13:57:13,852 [main] INFO  volume.VolumeSet (VolumeSet.java:initializeVolumeSet(170)) - Added Volume : /workdir/hadoop-ozone/integration-test/target/test-dir/MiniOzoneClusterImpl-8a3750fb-3d25-424a-a3cd-d2dfc269c2c3/datanode-2/data/containers/hdds to VolumeSet
2019-10-18 13:57:13,852 [main] INFO  volume.ThrottledAsyncChecker (ThrottledAsyncChecker.java:schedule(141)) - Scheduling a check for org.apache.hadoop.ozone.container.common.volume.HddsVolume@1a1f79ce
2019-10-18 13:57:13,852 [main] INFO  volume.HddsVolumeChecker (HddsVolumeChecker.java:checkAllVolumes(204)) - Scheduled health check for volume org.apache.hadoop.ozone.container.common.volume.HddsVolume@1a1f79ce
2019-10-18 13:57:13,865 [main] INFO  impl.RaftServerProxy (ConfUtils.java:logGet(43)) - raft.rpc.type = GRPC (default)
2019-10-18 13:57:13,865 [main] INFO  grpc.GrpcFactory (GrpcFactory.java:checkPooledByteBufAllocatorUseCacheForAllThreads(45)) - PERFORMANCE WARNING: useCacheForAllThreads is true that may cause Netty to create a lot garbage objects and, as a result, trigger GC.
	It is recommended to disable useCacheForAllThreads by setting -Dorg.apache.ratis.thirdparty.io.netty.allocator.useCacheForAllThreads=false in command line.
2019-10-18 13:57:13,865 [main] INFO  grpc.GrpcConfigKeys$Server (ConfUtils.java:logGet(43)) - raft.grpc.server.port = 0 (default)
2019-10-18 13:57:13,866 [main] INFO  server.GrpcService (ConfUtils.java:logGet(43)) - raft.grpc.message.size.max = 33570816 (custom)
2019-10-18 13:57:13,866 [main] INFO  server.RaftServerConfigKeys (ConfUtils.java:logGet(43)) - raft.server.log.appender.buffer.byte-limit = 33554432 (custom)
2019-10-18 13:57:13,866 [main] INFO  server.GrpcService (ConfUtils.java:logGet(43)) - raft.grpc.flow.control.window = 1MB (=1048576) (default)
2019-10-18 13:57:13,866 [main] INFO  server.RaftServerConfigKeys (ConfUtils.java:logGet(43)) - raft.server.rpc.request.timeout = 3000ms (default)
2019-10-18 13:57:13,866 [main] INFO  server.RaftServerConfigKeys (ConfUtils.java:logGet(43)) - raft.server.storage.dir = [/workdir/hadoop-ozone/integration-test/target/test-dir/MiniOzoneClusterImpl-8a3750fb-3d25-424a-a3cd-d2dfc269c2c3/datanode-2/data/ratis] (custom)
2019-10-18 13:57:13,868 [main] INFO  hdfs.DFSUtil (DFSUtil.java:httpServerTemplateForNNAndJN(1641)) - Starting Web-server for hddsDatanode at: http://0.0.0.0:0
2019-10-18 13:57:13,869 [main] INFO  server.AuthenticationFilter (AuthenticationFilter.java:constructSecretProvider(240)) - Unable to initialize FileSignerSecretProvider, falling back to use random secrets.
2019-10-18 13:57:13,869 [main] WARN  http.HttpRequestLog (HttpRequestLog.java:getRequestLog(97)) - Jetty request log can only be enabled using Log4j
2019-10-18 13:57:13,870 [main] INFO  http.HttpServer2 (HttpServer2.java:addGlobalFilter(975)) - Added global filter 'safety' (class=org.apache.hadoop.http.HttpServer2$QuotingInputFilter)
2019-10-18 13:57:13,871 [main] INFO  http.HttpServer2 (HttpServer2.java:addFilter(948)) - Added filter static_user_filter (class=org.apache.hadoop.http.lib.StaticUserWebFilter$StaticUserFilter) to context hddsDatanode
2019-10-18 13:57:13,871 [main] INFO  http.HttpServer2 (HttpServer2.java:addFilter(958)) - Added filter static_user_filter (class=org.apache.hadoop.http.lib.StaticUserWebFilter$StaticUserFilter) to context logs
2019-10-18 13:57:13,871 [main] INFO  http.HttpServer2 (HttpServer2.java:addFilter(958)) - Added filter static_user_filter (class=org.apache.hadoop.http.lib.StaticUserWebFilter$StaticUserFilter) to context static
2019-10-18 13:57:13,871 [main] INFO  http.HttpServer2 (HttpServer2.java:bindListener(1191)) - Jetty bound to port 44022
2019-10-18 13:57:13,872 [main] INFO  server.Server (Server.java:doStart(351)) - jetty-9.3.25.v20180904, build timestamp: 2018-09-04T21:11:46Z, git hash: 3ce520221d0240229c862b122d2b06c12a625732
2019-10-18 13:57:13,873 [main] INFO  handler.ContextHandler (ContextHandler.java:doStart(781)) - Started o.e.j.s.ServletContextHandler@257f30f7{/logs,file:///workdir/hadoop-ozone/integration-test/target/log,AVAILABLE}
2019-10-18 13:57:13,873 [main] INFO  handler.ContextHandler (ContextHandler.java:doStart(781)) - Started o.e.j.s.ServletContextHandler@1f916219{/static,jar:file:/home/user/.m2/repository/org/apache/hadoop/hadoop-hdds-container-service/0.5.0-SNAPSHOT/hadoop-hdds-container-service-0.5.0-SNAPSHOT.jar!/webapps/static,AVAILABLE}
2019-10-18 13:57:13,902 [main] INFO  handler.ContextHandler (ContextHandler.java:doStart(781)) - Started o.e.j.w.WebAppContext@1fb2eec{/,file:///tmp/jetty-0.0.0.0-44022-hddsDatanode-_-any-3127694283067093507.dir/webapp/,AVAILABLE}{/hddsDatanode}
2019-10-18 13:57:13,903 [main] INFO  server.AbstractConnector (AbstractConnector.java:doStart(278)) - Started ServerConnector@4c18516{HTTP/1.1,[http/1.1]}{0.0.0.0:44022}
2019-10-18 13:57:13,905 [main] INFO  server.Server (Server.java:doStart(419)) - Started @213828ms
2019-10-18 13:57:13,905 [main] WARN  impl.MetricsSystemImpl (MetricsSystemImpl.java:register(276)) - Sink prometheus already exists!
2019-10-18 13:57:13,906 [main] INFO  server.BaseHttpServer (BaseHttpServer.java:updateConnectorAddress(215)) - HTTP server of HDDSDATANODE is listening at http://0.0.0.0:44022
2019-10-18 13:57:13,906 [main] INFO  impl.MetricsSystemImpl (MetricsSystemImpl.java:init(158)) - HddsDatanode metrics system started (again)
2019-10-18 13:57:13,928 [org.apache.hadoop.util.JvmPauseMonitor$Monitor@49cfd506] INFO  util.JvmPauseMonitor (JvmPauseMonitor.java:run(188)) - Starting JVM pause monitor
2019-10-18 13:57:13,929 [Datanode State Machine Thread - 0] INFO  datanode.InitDatanodeState (InitDatanodeState.java:persistContainerDatanodeDetails(140)) - DatanodeDetails is persisted to /workdir/hadoop-ozone/integration-test/target/test-dir/MiniOzoneClusterImpl-8a3750fb-3d25-424a-a3cd-d2dfc269c2c3/datanode-2/meta/datanode.id
2019-10-18 13:57:13,930 [main] INFO  ozone.HddsDatanodeService (HddsDatanodeService.java:start(184)) - HddsDatanodeService host:pr-hdds-2281-wfpgn-3925442534 ip:192.168.157.239
2019-10-18 13:57:13,938 [main] INFO  volume.HddsVolume (HddsVolume.java:<init>(176)) - Creating Volume: /workdir/hadoop-ozone/integration-test/target/test-dir/MiniOzoneClusterImpl-8a3750fb-3d25-424a-a3cd-d2dfc269c2c3/datanode-3/data/containers/hdds of  storage type : DISK and capacity : 1482555576320
2019-10-18 13:57:13,938 [main] INFO  volume.VolumeSet (VolumeSet.java:initializeVolumeSet(170)) - Added Volume : /workdir/hadoop-ozone/integration-test/target/test-dir/MiniOzoneClusterImpl-8a3750fb-3d25-424a-a3cd-d2dfc269c2c3/datanode-3/data/containers/hdds to VolumeSet
2019-10-18 13:57:13,939 [main] INFO  volume.ThrottledAsyncChecker (ThrottledAsyncChecker.java:schedule(141)) - Scheduling a check for org.apache.hadoop.ozone.container.common.volume.HddsVolume@76396509
2019-10-18 13:57:13,939 [main] INFO  volume.HddsVolumeChecker (HddsVolumeChecker.java:checkAllVolumes(204)) - Scheduled health check for volume org.apache.hadoop.ozone.container.common.volume.HddsVolume@76396509
2019-10-18 13:57:13,956 [main] INFO  impl.RaftServerProxy (ConfUtils.java:logGet(43)) - raft.rpc.type = GRPC (default)
2019-10-18 13:57:13,956 [main] INFO  grpc.GrpcFactory (GrpcFactory.java:checkPooledByteBufAllocatorUseCacheForAllThreads(45)) - PERFORMANCE WARNING: useCacheForAllThreads is true that may cause Netty to create a lot garbage objects and, as a result, trigger GC.
	It is recommended to disable useCacheForAllThreads by setting -Dorg.apache.ratis.thirdparty.io.netty.allocator.useCacheForAllThreads=false in command line.
2019-10-18 13:57:13,957 [main] INFO  grpc.GrpcConfigKeys$Server (ConfUtils.java:logGet(43)) - raft.grpc.server.port = 0 (default)
2019-10-18 13:57:13,957 [main] INFO  server.GrpcService (ConfUtils.java:logGet(43)) - raft.grpc.message.size.max = 33570816 (custom)
2019-10-18 13:57:13,957 [main] INFO  server.RaftServerConfigKeys (ConfUtils.java:logGet(43)) - raft.server.log.appender.buffer.byte-limit = 33554432 (custom)
2019-10-18 13:57:13,957 [main] INFO  server.GrpcService (ConfUtils.java:logGet(43)) - raft.grpc.flow.control.window = 1MB (=1048576) (default)
2019-10-18 13:57:13,957 [main] INFO  server.RaftServerConfigKeys (ConfUtils.java:logGet(43)) - raft.server.rpc.request.timeout = 3000ms (default)
2019-10-18 13:57:13,958 [main] INFO  server.RaftServerConfigKeys (ConfUtils.java:logGet(43)) - raft.server.storage.dir = [/workdir/hadoop-ozone/integration-test/target/test-dir/MiniOzoneClusterImpl-8a3750fb-3d25-424a-a3cd-d2dfc269c2c3/datanode-3/data/ratis] (custom)
2019-10-18 13:57:13,960 [main] INFO  hdfs.DFSUtil (DFSUtil.java:httpServerTemplateForNNAndJN(1641)) - Starting Web-server for hddsDatanode at: http://0.0.0.0:0
2019-10-18 13:57:13,961 [main] INFO  server.AuthenticationFilter (AuthenticationFilter.java:constructSecretProvider(240)) - Unable to initialize FileSignerSecretProvider, falling back to use random secrets.
2019-10-18 13:57:13,962 [main] WARN  http.HttpRequestLog (HttpRequestLog.java:getRequestLog(97)) - Jetty request log can only be enabled using Log4j
2019-10-18 13:57:13,963 [main] INFO  http.HttpServer2 (HttpServer2.java:addGlobalFilter(975)) - Added global filter 'safety' (class=org.apache.hadoop.http.HttpServer2$QuotingInputFilter)
2019-10-18 13:57:13,964 [main] INFO  http.HttpServer2 (HttpServer2.java:addFilter(948)) - Added filter static_user_filter (class=org.apache.hadoop.http.lib.StaticUserWebFilter$StaticUserFilter) to context hddsDatanode
2019-10-18 13:57:13,964 [main] INFO  http.HttpServer2 (HttpServer2.java:addFilter(958)) - Added filter static_user_filter (class=org.apache.hadoop.http.lib.StaticUserWebFilter$StaticUserFilter) to context logs
2019-10-18 13:57:13,964 [main] INFO  http.HttpServer2 (HttpServer2.java:addFilter(958)) - Added filter static_user_filter (class=org.apache.hadoop.http.lib.StaticUserWebFilter$StaticUserFilter) to context static
2019-10-18 13:57:13,965 [main] INFO  http.HttpServer2 (HttpServer2.java:bindListener(1191)) - Jetty bound to port 36588
2019-10-18 13:57:13,966 [main] INFO  server.Server (Server.java:doStart(351)) - jetty-9.3.25.v20180904, build timestamp: 2018-09-04T21:11:46Z, git hash: 3ce520221d0240229c862b122d2b06c12a625732
2019-10-18 13:57:13,967 [main] INFO  handler.ContextHandler (ContextHandler.java:doStart(781)) - Started o.e.j.s.ServletContextHandler@5fef0c19{/logs,file:///workdir/hadoop-ozone/integration-test/target/log,AVAILABLE}
2019-10-18 13:57:13,968 [main] INFO  handler.ContextHandler (ContextHandler.java:doStart(781)) - Started o.e.j.s.ServletContextHandler@22a6d75c{/static,jar:file:/home/user/.m2/repository/org/apache/hadoop/hadoop-hdds-container-service/0.5.0-SNAPSHOT/hadoop-hdds-container-service-0.5.0-SNAPSHOT.jar!/webapps/static,AVAILABLE}
2019-10-18 13:57:14,003 [main] INFO  handler.ContextHandler (ContextHandler.java:doStart(781)) - Started o.e.j.w.WebAppContext@350da119{/,file:///tmp/jetty-0.0.0.0-36588-hddsDatanode-_-any-3762821281050444873.dir/webapp/,AVAILABLE}{/hddsDatanode}
2019-10-18 13:57:14,004 [main] INFO  server.AbstractConnector (AbstractConnector.java:doStart(278)) - Started ServerConnector@6a09484c{HTTP/1.1,[http/1.1]}{0.0.0.0:36588}
2019-10-18 13:57:14,006 [main] INFO  server.Server (Server.java:doStart(419)) - Started @213929ms
2019-10-18 13:57:14,006 [main] WARN  impl.MetricsSystemImpl (MetricsSystemImpl.java:register(276)) - Sink prometheus already exists!
2019-10-18 13:57:14,008 [main] INFO  server.BaseHttpServer (BaseHttpServer.java:updateConnectorAddress(215)) - HTTP server of HDDSDATANODE is listening at http://0.0.0.0:36588
2019-10-18 13:57:14,008 [main] INFO  impl.MetricsSystemImpl (MetricsSystemImpl.java:init(158)) - HddsDatanode metrics system started (again)
2019-10-18 13:57:14,032 [org.apache.hadoop.util.JvmPauseMonitor$Monitor@15591a3d] INFO  util.JvmPauseMonitor (JvmPauseMonitor.java:run(188)) - Starting JVM pause monitor
2019-10-18 13:57:14,033 [Datanode State Machine Thread - 0] INFO  datanode.InitDatanodeState (InitDatanodeState.java:persistContainerDatanodeDetails(140)) - DatanodeDetails is persisted to /workdir/hadoop-ozone/integration-test/target/test-dir/MiniOzoneClusterImpl-8a3750fb-3d25-424a-a3cd-d2dfc269c2c3/datanode-3/meta/datanode.id
2019-10-18 13:57:14,034 [main] INFO  ozone.HddsDatanodeService (HddsDatanodeService.java:start(184)) - HddsDatanodeService host:pr-hdds-2281-wfpgn-3925442534 ip:192.168.157.239
2019-10-18 13:57:14,043 [main] INFO  volume.HddsVolume (HddsVolume.java:<init>(176)) - Creating Volume: /workdir/hadoop-ozone/integration-test/target/test-dir/MiniOzoneClusterImpl-8a3750fb-3d25-424a-a3cd-d2dfc269c2c3/datanode-4/data/containers/hdds of  storage type : DISK and capacity : 1482555576320
2019-10-18 13:57:14,043 [main] INFO  volume.VolumeSet (VolumeSet.java:initializeVolumeSet(170)) - Added Volume : /workdir/hadoop-ozone/integration-test/target/test-dir/MiniOzoneClusterImpl-8a3750fb-3d25-424a-a3cd-d2dfc269c2c3/datanode-4/data/containers/hdds to VolumeSet
2019-10-18 13:57:14,044 [main] INFO  volume.ThrottledAsyncChecker (ThrottledAsyncChecker.java:schedule(141)) - Scheduling a check for org.apache.hadoop.ozone.container.common.volume.HddsVolume@3815146b
2019-10-18 13:57:14,044 [main] INFO  volume.HddsVolumeChecker (HddsVolumeChecker.java:checkAllVolumes(204)) - Scheduled health check for volume org.apache.hadoop.ozone.container.common.volume.HddsVolume@3815146b
2019-10-18 13:57:14,062 [main] INFO  impl.RaftServerProxy (ConfUtils.java:logGet(43)) - raft.rpc.type = GRPC (default)
2019-10-18 13:57:14,062 [main] INFO  grpc.GrpcFactory (GrpcFactory.java:checkPooledByteBufAllocatorUseCacheForAllThreads(45)) - PERFORMANCE WARNING: useCacheForAllThreads is true that may cause Netty to create a lot garbage objects and, as a result, trigger GC.
	It is recommended to disable useCacheForAllThreads by setting -Dorg.apache.ratis.thirdparty.io.netty.allocator.useCacheForAllThreads=false in command line.
2019-10-18 13:57:14,062 [main] INFO  grpc.GrpcConfigKeys$Server (ConfUtils.java:logGet(43)) - raft.grpc.server.port = 0 (default)
2019-10-18 13:57:14,062 [main] INFO  server.GrpcService (ConfUtils.java:logGet(43)) - raft.grpc.message.size.max = 33570816 (custom)
2019-10-18 13:57:14,063 [main] INFO  server.RaftServerConfigKeys (ConfUtils.java:logGet(43)) - raft.server.log.appender.buffer.byte-limit = 33554432 (custom)
2019-10-18 13:57:14,063 [main] INFO  server.GrpcService (ConfUtils.java:logGet(43)) - raft.grpc.flow.control.window = 1MB (=1048576) (default)
2019-10-18 13:57:14,063 [main] INFO  server.RaftServerConfigKeys (ConfUtils.java:logGet(43)) - raft.server.rpc.request.timeout = 3000ms (default)
2019-10-18 13:57:14,064 [main] INFO  server.RaftServerConfigKeys (ConfUtils.java:logGet(43)) - raft.server.storage.dir = [/workdir/hadoop-ozone/integration-test/target/test-dir/MiniOzoneClusterImpl-8a3750fb-3d25-424a-a3cd-d2dfc269c2c3/datanode-4/data/ratis] (custom)
2019-10-18 13:57:14,065 [main] INFO  hdfs.DFSUtil (DFSUtil.java:httpServerTemplateForNNAndJN(1641)) - Starting Web-server for hddsDatanode at: http://0.0.0.0:0
2019-10-18 13:57:14,067 [main] INFO  server.AuthenticationFilter (AuthenticationFilter.java:constructSecretProvider(240)) - Unable to initialize FileSignerSecretProvider, falling back to use random secrets.
2019-10-18 13:57:14,068 [main] WARN  http.HttpRequestLog (HttpRequestLog.java:getRequestLog(97)) - Jetty request log can only be enabled using Log4j
2019-10-18 13:57:14,070 [main] INFO  http.HttpServer2 (HttpServer2.java:addGlobalFilter(975)) - Added global filter 'safety' (class=org.apache.hadoop.http.HttpServer2$QuotingInputFilter)
2019-10-18 13:57:14,070 [main] INFO  http.HttpServer2 (HttpServer2.java:addFilter(948)) - Added filter static_user_filter (class=org.apache.hadoop.http.lib.StaticUserWebFilter$StaticUserFilter) to context hddsDatanode
2019-10-18 13:57:14,071 [main] INFO  http.HttpServer2 (HttpServer2.java:addFilter(958)) - Added filter static_user_filter (class=org.apache.hadoop.http.lib.StaticUserWebFilter$StaticUserFilter) to context static
2019-10-18 13:57:14,071 [main] INFO  http.HttpServer2 (HttpServer2.java:addFilter(958)) - Added filter static_user_filter (class=org.apache.hadoop.http.lib.StaticUserWebFilter$StaticUserFilter) to context logs
2019-10-18 13:57:14,072 [main] INFO  http.HttpServer2 (HttpServer2.java:bindListener(1191)) - Jetty bound to port 40979
2019-10-18 13:57:14,072 [main] INFO  server.Server (Server.java:doStart(351)) - jetty-9.3.25.v20180904, build timestamp: 2018-09-04T21:11:46Z, git hash: 3ce520221d0240229c862b122d2b06c12a625732
2019-10-18 13:57:14,074 [main] INFO  handler.ContextHandler (ContextHandler.java:doStart(781)) - Started o.e.j.s.ServletContextHandler@cdb3c85{/logs,file:///workdir/hadoop-ozone/integration-test/target/log,AVAILABLE}
2019-10-18 13:57:14,074 [main] INFO  handler.ContextHandler (ContextHandler.java:doStart(781)) - Started o.e.j.s.ServletContextHandler@33d28f0a{/static,jar:file:/home/user/.m2/repository/org/apache/hadoop/hadoop-hdds-container-service/0.5.0-SNAPSHOT/hadoop-hdds-container-service-0.5.0-SNAPSHOT.jar!/webapps/static,AVAILABLE}
2019-10-18 13:57:14,103 [main] INFO  handler.ContextHandler (ContextHandler.java:doStart(781)) - Started o.e.j.w.WebAppContext@49a38b1{/,file:///tmp/jetty-0.0.0.0-40979-hddsDatanode-_-any-309464504277669523.dir/webapp/,AVAILABLE}{/hddsDatanode}
2019-10-18 13:57:14,104 [main] INFO  server.AbstractConnector (AbstractConnector.java:doStart(278)) - Started ServerConnector@681061d6{HTTP/1.1,[http/1.1]}{0.0.0.0:40979}
2019-10-18 13:57:14,106 [main] INFO  server.Server (Server.java:doStart(419)) - Started @214029ms
2019-10-18 13:57:14,106 [main] WARN  impl.MetricsSystemImpl (MetricsSystemImpl.java:register(276)) - Sink prometheus already exists!
2019-10-18 13:57:14,107 [main] INFO  server.BaseHttpServer (BaseHttpServer.java:updateConnectorAddress(215)) - HTTP server of HDDSDATANODE is listening at http://0.0.0.0:40979
2019-10-18 13:57:14,107 [main] INFO  impl.MetricsSystemImpl (MetricsSystemImpl.java:init(158)) - HddsDatanode metrics system started (again)
2019-10-18 13:57:14,130 [org.apache.hadoop.util.JvmPauseMonitor$Monitor@5e1708b9] INFO  util.JvmPauseMonitor (JvmPauseMonitor.java:run(188)) - Starting JVM pause monitor
2019-10-18 13:57:14,132 [Datanode State Machine Thread - 0] INFO  datanode.InitDatanodeState (InitDatanodeState.java:persistContainerDatanodeDetails(140)) - DatanodeDetails is persisted to /workdir/hadoop-ozone/integration-test/target/test-dir/MiniOzoneClusterImpl-8a3750fb-3d25-424a-a3cd-d2dfc269c2c3/datanode-4/meta/datanode.id
2019-10-18 13:57:14,133 [main] INFO  ozone.HddsDatanodeService (HddsDatanodeService.java:start(184)) - HddsDatanodeService host:pr-hdds-2281-wfpgn-3925442534 ip:192.168.157.239
2019-10-18 13:57:14,141 [main] INFO  volume.HddsVolume (HddsVolume.java:<init>(176)) - Creating Volume: /workdir/hadoop-ozone/integration-test/target/test-dir/MiniOzoneClusterImpl-8a3750fb-3d25-424a-a3cd-d2dfc269c2c3/datanode-5/data/containers/hdds of  storage type : DISK and capacity : 1482555576320
2019-10-18 13:57:14,142 [main] INFO  volume.VolumeSet (VolumeSet.java:initializeVolumeSet(170)) - Added Volume : /workdir/hadoop-ozone/integration-test/target/test-dir/MiniOzoneClusterImpl-8a3750fb-3d25-424a-a3cd-d2dfc269c2c3/datanode-5/data/containers/hdds to VolumeSet
2019-10-18 13:57:14,142 [main] INFO  volume.ThrottledAsyncChecker (ThrottledAsyncChecker.java:schedule(141)) - Scheduling a check for org.apache.hadoop.ozone.container.common.volume.HddsVolume@10b8b900
2019-10-18 13:57:14,142 [main] INFO  volume.HddsVolumeChecker (HddsVolumeChecker.java:checkAllVolumes(204)) - Scheduled health check for volume org.apache.hadoop.ozone.container.common.volume.HddsVolume@10b8b900
2019-10-18 13:57:14,161 [main] INFO  impl.RaftServerProxy (ConfUtils.java:logGet(43)) - raft.rpc.type = GRPC (default)
2019-10-18 13:57:14,161 [main] INFO  grpc.GrpcFactory (GrpcFactory.java:checkPooledByteBufAllocatorUseCacheForAllThreads(45)) - PERFORMANCE WARNING: useCacheForAllThreads is true that may cause Netty to create a lot garbage objects and, as a result, trigger GC.
	It is recommended to disable useCacheForAllThreads by setting -Dorg.apache.ratis.thirdparty.io.netty.allocator.useCacheForAllThreads=false in command line.
2019-10-18 13:57:14,161 [main] INFO  grpc.GrpcConfigKeys$Server (ConfUtils.java:logGet(43)) - raft.grpc.server.port = 0 (default)
2019-10-18 13:57:14,162 [main] INFO  server.GrpcService (ConfUtils.java:logGet(43)) - raft.grpc.message.size.max = 33570816 (custom)
2019-10-18 13:57:14,162 [main] INFO  server.RaftServerConfigKeys (ConfUtils.java:logGet(43)) - raft.server.log.appender.buffer.byte-limit = 33554432 (custom)
2019-10-18 13:57:14,162 [main] INFO  server.GrpcService (ConfUtils.java:logGet(43)) - raft.grpc.flow.control.window = 1MB (=1048576) (default)
2019-10-18 13:57:14,162 [main] INFO  server.RaftServerConfigKeys (ConfUtils.java:logGet(43)) - raft.server.rpc.request.timeout = 3000ms (default)
2019-10-18 13:57:14,163 [main] INFO  server.RaftServerConfigKeys (ConfUtils.java:logGet(43)) - raft.server.storage.dir = [/workdir/hadoop-ozone/integration-test/target/test-dir/MiniOzoneClusterImpl-8a3750fb-3d25-424a-a3cd-d2dfc269c2c3/datanode-5/data/ratis] (custom)
2019-10-18 13:57:14,164 [main] INFO  hdfs.DFSUtil (DFSUtil.java:httpServerTemplateForNNAndJN(1641)) - Starting Web-server for hddsDatanode at: http://0.0.0.0:0
2019-10-18 13:57:14,166 [main] INFO  server.AuthenticationFilter (AuthenticationFilter.java:constructSecretProvider(240)) - Unable to initialize FileSignerSecretProvider, falling back to use random secrets.
2019-10-18 13:57:14,166 [main] WARN  http.HttpRequestLog (HttpRequestLog.java:getRequestLog(97)) - Jetty request log can only be enabled using Log4j
2019-10-18 13:57:14,167 [main] INFO  http.HttpServer2 (HttpServer2.java:addGlobalFilter(975)) - Added global filter 'safety' (class=org.apache.hadoop.http.HttpServer2$QuotingInputFilter)
2019-10-18 13:57:14,168 [main] INFO  http.HttpServer2 (HttpServer2.java:addFilter(948)) - Added filter static_user_filter (class=org.apache.hadoop.http.lib.StaticUserWebFilter$StaticUserFilter) to context hddsDatanode
2019-10-18 13:57:14,168 [main] INFO  http.HttpServer2 (HttpServer2.java:addFilter(958)) - Added filter static_user_filter (class=org.apache.hadoop.http.lib.StaticUserWebFilter$StaticUserFilter) to context logs
2019-10-18 13:57:14,168 [main] INFO  http.HttpServer2 (HttpServer2.java:addFilter(958)) - Added filter static_user_filter (class=org.apache.hadoop.http.lib.StaticUserWebFilter$StaticUserFilter) to context static
2019-10-18 13:57:14,169 [main] INFO  http.HttpServer2 (HttpServer2.java:bindListener(1191)) - Jetty bound to port 37643
2019-10-18 13:57:14,169 [main] INFO  server.Server (Server.java:doStart(351)) - jetty-9.3.25.v20180904, build timestamp: 2018-09-04T21:11:46Z, git hash: 3ce520221d0240229c862b122d2b06c12a625732
2019-10-18 13:57:14,170 [main] INFO  handler.ContextHandler (ContextHandler.java:doStart(781)) - Started o.e.j.s.ServletContextHandler@7b9088f2{/logs,file:///workdir/hadoop-ozone/integration-test/target/log,AVAILABLE}
2019-10-18 13:57:14,170 [main] INFO  handler.ContextHandler (ContextHandler.java:doStart(781)) - Started o.e.j.s.ServletContextHandler@43d76a92{/static,jar:file:/home/user/.m2/repository/org/apache/hadoop/hadoop-hdds-container-service/0.5.0-SNAPSHOT/hadoop-hdds-container-service-0.5.0-SNAPSHOT.jar!/webapps/static,AVAILABLE}
2019-10-18 13:57:14,196 [main] INFO  handler.ContextHandler (ContextHandler.java:doStart(781)) - Started o.e.j.w.WebAppContext@2b6fb197{/,file:///tmp/jetty-0.0.0.0-37643-hddsDatanode-_-any-8658896452908233408.dir/webapp/,AVAILABLE}{/hddsDatanode}
2019-10-18 13:57:14,196 [main] INFO  server.AbstractConnector (AbstractConnector.java:doStart(278)) - Started ServerConnector@2eb0cefe{HTTP/1.1,[http/1.1]}{0.0.0.0:37643}
2019-10-18 13:57:14,199 [main] INFO  server.Server (Server.java:doStart(419)) - Started @214119ms
2019-10-18 13:57:14,199 [main] WARN  impl.MetricsSystemImpl (MetricsSystemImpl.java:register(276)) - Sink prometheus already exists!
2019-10-18 13:57:14,200 [main] INFO  server.BaseHttpServer (BaseHttpServer.java:updateConnectorAddress(215)) - HTTP server of HDDSDATANODE is listening at http://0.0.0.0:37643
2019-10-18 13:57:14,201 [main] INFO  impl.MetricsSystemImpl (MetricsSystemImpl.java:init(158)) - HddsDatanode metrics system started (again)
2019-10-18 13:57:14,221 [org.apache.hadoop.util.JvmPauseMonitor$Monitor@77bb5a5a] INFO  util.JvmPauseMonitor (JvmPauseMonitor.java:run(188)) - Starting JVM pause monitor
2019-10-18 13:57:14,222 [Datanode State Machine Thread - 0] INFO  datanode.InitDatanodeState (InitDatanodeState.java:persistContainerDatanodeDetails(140)) - DatanodeDetails is persisted to /workdir/hadoop-ozone/integration-test/target/test-dir/MiniOzoneClusterImpl-8a3750fb-3d25-424a-a3cd-d2dfc269c2c3/datanode-5/meta/datanode.id
2019-10-18 13:57:14,224 [main] INFO  ozone.HddsDatanodeService (HddsDatanodeService.java:start(184)) - HddsDatanodeService host:pr-hdds-2281-wfpgn-3925442534 ip:192.168.157.239
2019-10-18 13:57:14,232 [main] INFO  volume.HddsVolume (HddsVolume.java:<init>(176)) - Creating Volume: /workdir/hadoop-ozone/integration-test/target/test-dir/MiniOzoneClusterImpl-8a3750fb-3d25-424a-a3cd-d2dfc269c2c3/datanode-6/data/containers/hdds of  storage type : DISK and capacity : 1482555576320
2019-10-18 13:57:14,233 [main] INFO  volume.VolumeSet (VolumeSet.java:initializeVolumeSet(170)) - Added Volume : /workdir/hadoop-ozone/integration-test/target/test-dir/MiniOzoneClusterImpl-8a3750fb-3d25-424a-a3cd-d2dfc269c2c3/datanode-6/data/containers/hdds to VolumeSet
2019-10-18 13:57:14,233 [main] INFO  volume.ThrottledAsyncChecker (ThrottledAsyncChecker.java:schedule(141)) - Scheduling a check for org.apache.hadoop.ozone.container.common.volume.HddsVolume@3a4a5f3c
2019-10-18 13:57:14,233 [main] INFO  volume.HddsVolumeChecker (HddsVolumeChecker.java:checkAllVolumes(204)) - Scheduled health check for volume org.apache.hadoop.ozone.container.common.volume.HddsVolume@3a4a5f3c
2019-10-18 13:57:14,248 [main] INFO  impl.RaftServerProxy (ConfUtils.java:logGet(43)) - raft.rpc.type = GRPC (default)
2019-10-18 13:57:14,249 [main] INFO  grpc.GrpcFactory (GrpcFactory.java:checkPooledByteBufAllocatorUseCacheForAllThreads(45)) - PERFORMANCE WARNING: useCacheForAllThreads is true that may cause Netty to create a lot garbage objects and, as a result, trigger GC.
	It is recommended to disable useCacheForAllThreads by setting -Dorg.apache.ratis.thirdparty.io.netty.allocator.useCacheForAllThreads=false in command line.
2019-10-18 13:57:14,249 [main] INFO  grpc.GrpcConfigKeys$Server (ConfUtils.java:logGet(43)) - raft.grpc.server.port = 0 (default)
2019-10-18 13:57:14,249 [main] INFO  server.GrpcService (ConfUtils.java:logGet(43)) - raft.grpc.message.size.max = 33570816 (custom)
2019-10-18 13:57:14,249 [main] INFO  server.RaftServerConfigKeys (ConfUtils.java:logGet(43)) - raft.server.log.appender.buffer.byte-limit = 33554432 (custom)
2019-10-18 13:57:14,249 [main] INFO  server.GrpcService (ConfUtils.java:logGet(43)) - raft.grpc.flow.control.window = 1MB (=1048576) (default)
2019-10-18 13:57:14,250 [main] INFO  server.RaftServerConfigKeys (ConfUtils.java:logGet(43)) - raft.server.rpc.request.timeout = 3000ms (default)
2019-10-18 13:57:14,250 [main] INFO  server.RaftServerConfigKeys (ConfUtils.java:logGet(43)) - raft.server.storage.dir = [/workdir/hadoop-ozone/integration-test/target/test-dir/MiniOzoneClusterImpl-8a3750fb-3d25-424a-a3cd-d2dfc269c2c3/datanode-6/data/ratis] (custom)
2019-10-18 13:57:14,251 [main] INFO  hdfs.DFSUtil (DFSUtil.java:httpServerTemplateForNNAndJN(1641)) - Starting Web-server for hddsDatanode at: http://0.0.0.0:0
2019-10-18 13:57:14,253 [main] INFO  server.AuthenticationFilter (AuthenticationFilter.java:constructSecretProvider(240)) - Unable to initialize FileSignerSecretProvider, falling back to use random secrets.
2019-10-18 13:57:14,253 [main] WARN  http.HttpRequestLog (HttpRequestLog.java:getRequestLog(97)) - Jetty request log can only be enabled using Log4j
2019-10-18 13:57:14,254 [main] INFO  http.HttpServer2 (HttpServer2.java:addGlobalFilter(975)) - Added global filter 'safety' (class=org.apache.hadoop.http.HttpServer2$QuotingInputFilter)
2019-10-18 13:57:14,254 [main] INFO  http.HttpServer2 (HttpServer2.java:addFilter(948)) - Added filter static_user_filter (class=org.apache.hadoop.http.lib.StaticUserWebFilter$StaticUserFilter) to context hddsDatanode
2019-10-18 13:57:14,255 [main] INFO  http.HttpServer2 (HttpServer2.java:addFilter(958)) - Added filter static_user_filter (class=org.apache.hadoop.http.lib.StaticUserWebFilter$StaticUserFilter) to context static
2019-10-18 13:57:14,255 [main] INFO  http.HttpServer2 (HttpServer2.java:addFilter(958)) - Added filter static_user_filter (class=org.apache.hadoop.http.lib.StaticUserWebFilter$StaticUserFilter) to context logs
2019-10-18 13:57:14,255 [main] INFO  http.HttpServer2 (HttpServer2.java:bindListener(1191)) - Jetty bound to port 44099
2019-10-18 13:57:14,255 [main] INFO  server.Server (Server.java:doStart(351)) - jetty-9.3.25.v20180904, build timestamp: 2018-09-04T21:11:46Z, git hash: 3ce520221d0240229c862b122d2b06c12a625732
2019-10-18 13:57:14,257 [main] INFO  handler.ContextHandler (ContextHandler.java:doStart(781)) - Started o.e.j.s.ServletContextHandler@3b4ef59f{/logs,file:///workdir/hadoop-ozone/integration-test/target/log,AVAILABLE}
2019-10-18 13:57:14,257 [main] INFO  handler.ContextHandler (ContextHandler.java:doStart(781)) - Started o.e.j.s.ServletContextHandler@33e4b9c4{/static,jar:file:/home/user/.m2/repository/org/apache/hadoop/hadoop-hdds-container-service/0.5.0-SNAPSHOT/hadoop-hdds-container-service-0.5.0-SNAPSHOT.jar!/webapps/static,AVAILABLE}
2019-10-18 13:57:14,284 [main] INFO  handler.ContextHandler (ContextHandler.java:doStart(781)) - Started o.e.j.w.WebAppContext@4fd74223{/,file:///tmp/jetty-0.0.0.0-44099-hddsDatanode-_-any-5824159152720100374.dir/webapp/,AVAILABLE}{/hddsDatanode}
2019-10-18 13:57:14,284 [main] INFO  server.AbstractConnector (AbstractConnector.java:doStart(278)) - Started ServerConnector@4fea840f{HTTP/1.1,[http/1.1]}{0.0.0.0:44099}
2019-10-18 13:57:14,287 [main] INFO  server.Server (Server.java:doStart(419)) - Started @214210ms
2019-10-18 13:57:14,287 [main] WARN  impl.MetricsSystemImpl (MetricsSystemImpl.java:register(276)) - Sink prometheus already exists!
2019-10-18 13:57:14,288 [main] INFO  server.BaseHttpServer (BaseHttpServer.java:updateConnectorAddress(215)) - HTTP server of HDDSDATANODE is listening at http://0.0.0.0:44099
2019-10-18 13:57:14,288 [main] INFO  ozone.MiniOzoneClusterImpl (MiniOzoneClusterImpl.java:lambda$waitForClusterToBeReady$0(147)) - Waiting for cluster to be ready. Got 0 of 7 DN Heartbeats.
2019-10-18 13:57:14,289 [org.apache.hadoop.util.JvmPauseMonitor$Monitor@55733f24] INFO  util.JvmPauseMonitor (JvmPauseMonitor.java:run(188)) - Starting JVM pause monitor
2019-10-18 13:57:14,290 [Datanode State Machine Thread - 0] INFO  datanode.InitDatanodeState (InitDatanodeState.java:persistContainerDatanodeDetails(140)) - DatanodeDetails is persisted to /workdir/hadoop-ozone/integration-test/target/test-dir/MiniOzoneClusterImpl-8a3750fb-3d25-424a-a3cd-d2dfc269c2c3/datanode-6/meta/datanode.id
2019-10-18 13:57:15,288 [main] INFO  ozone.MiniOzoneClusterImpl (MiniOzoneClusterImpl.java:lambda$waitForClusterToBeReady$0(147)) - Waiting for cluster to be ready. Got 0 of 7 DN Heartbeats.
2019-10-18 13:57:16,038 [grpc-default-executor-11] WARN  server.GrpcLogAppender (LogUtils.java:warn(134)) - deffcaa8-bc06-42ed-9a5f-b537132fe3e6@group-CD6A916F54C2->8a1104a3-2cf3-46fb-8cbd-4f593888249e-AppendLogResponseHandler: Failed appendEntries: org.apache.ratis.thirdparty.io.grpc.StatusRuntimeException: UNAVAILABLE: io exception
2019-10-18 13:57:16,039 [grpc-default-executor-11] INFO  impl.FollowerInfo (FollowerInfo.java:lambda$new$0(51)) - deffcaa8-bc06-42ed-9a5f-b537132fe3e6@group-CD6A916F54C2->8a1104a3-2cf3-46fb-8cbd-4f593888249e: nextIndex: updateUnconditionally 0 -> 0
2019-10-18 13:57:16,042 [grpc-default-executor-8] WARN  server.GrpcLogAppender (LogUtils.java:warn(134)) - deffcaa8-bc06-42ed-9a5f-b537132fe3e6@group-CD6A916F54C2->ab55c7e8-b512-415e-a666-846e2c6a6faf-AppendLogResponseHandler: Failed appendEntries: org.apache.ratis.thirdparty.io.grpc.StatusRuntimeException: UNAVAILABLE: io exception
2019-10-18 13:57:16,042 [grpc-default-executor-8] INFO  impl.FollowerInfo (FollowerInfo.java:lambda$new$0(51)) - deffcaa8-bc06-42ed-9a5f-b537132fe3e6@group-CD6A916F54C2->ab55c7e8-b512-415e-a666-846e2c6a6faf: nextIndex: updateUnconditionally 0 -> 0
2019-10-18 13:57:16,130 [Datanode State Machine Thread - 0] INFO  ozoneimpl.OzoneContainer (OzoneContainer.java:start(213)) - Attempting to start container services.
2019-10-18 13:57:16,130 [Datanode State Machine Thread - 0] INFO  ozoneimpl.OzoneContainer (OzoneContainer.java:start(213)) - Attempting to start container services.
2019-10-18 13:57:16,130 [Datanode State Machine Thread - 0] INFO  ozoneimpl.OzoneContainer (OzoneContainer.java:start(213)) - Attempting to start container services.
2019-10-18 13:57:16,130 [Datanode State Machine Thread - 0] INFO  ozoneimpl.OzoneContainer (OzoneContainer.java:start(213)) - Attempting to start container services.
2019-10-18 13:57:16,130 [Datanode State Machine Thread - 0] INFO  ozoneimpl.OzoneContainer (OzoneContainer.java:startContainerScrub(177)) - Background container scanner has been disabled.
2019-10-18 13:57:16,130 [Datanode State Machine Thread - 0] INFO  ozoneimpl.OzoneContainer (OzoneContainer.java:startContainerScrub(177)) - Background container scanner has been disabled.
2019-10-18 13:57:16,130 [Datanode State Machine Thread - 0] INFO  ozoneimpl.OzoneContainer (OzoneContainer.java:startContainerScrub(177)) - Background container scanner has been disabled.
2019-10-18 13:57:16,130 [Datanode State Machine Thread - 0] INFO  ozoneimpl.OzoneContainer (OzoneContainer.java:startContainerScrub(177)) - Background container scanner has been disabled.
2019-10-18 13:57:16,130 [Datanode State Machine Thread - 0] INFO  ratis.XceiverServerRatis (XceiverServerRatis.java:start(418)) - Starting XceiverServerRatis 62e65786-d471-4ea9-88e1-e005cc6fe5d2 at port 0
2019-10-18 13:57:16,130 [Datanode State Machine Thread - 0] INFO  ratis.XceiverServerRatis (XceiverServerRatis.java:start(418)) - Starting XceiverServerRatis 1d4c4d1b-de56-4b6b-a065-89df82a2d1e0 at port 0
2019-10-18 13:57:16,130 [Datanode State Machine Thread - 0] INFO  ratis.XceiverServerRatis (XceiverServerRatis.java:start(418)) - Starting XceiverServerRatis b16ea328-00cd-4f3d-a12b-8ef29d09128f at port 0
2019-10-18 13:57:16,130 [Datanode State Machine Thread - 0] INFO  ratis.XceiverServerRatis (XceiverServerRatis.java:start(418)) - Starting XceiverServerRatis 7b8c9e6a-f170-4881-8c70-63ed6b115387 at port 0
2019-10-18 13:57:16,144 [Datanode State Machine Thread - 0] INFO  ozoneimpl.OzoneContainer (OzoneContainer.java:start(213)) - Attempting to start container services.
2019-10-18 13:57:16,145 [Datanode State Machine Thread - 0] INFO  ozoneimpl.OzoneContainer (OzoneContainer.java:startContainerScrub(177)) - Background container scanner has been disabled.
2019-10-18 13:57:16,145 [Datanode State Machine Thread - 0] INFO  ratis.XceiverServerRatis (XceiverServerRatis.java:start(418)) - Starting XceiverServerRatis f2765c75-2fdb-40be-82bb-4b7afa7583ff at port 0
2019-10-18 13:57:16,152 [Datanode State Machine Thread - 0] INFO  impl.RaftServerProxy (RaftServerProxy.java:lambda$start$3(299)) - 7b8c9e6a-f170-4881-8c70-63ed6b115387: start RPC server
2019-10-18 13:57:16,152 [Datanode State Machine Thread - 0] INFO  impl.RaftServerProxy (RaftServerProxy.java:lambda$start$3(299)) - 1d4c4d1b-de56-4b6b-a065-89df82a2d1e0: start RPC server
2019-10-18 13:57:16,153 [Datanode State Machine Thread - 0] INFO  server.GrpcService (GrpcService.java:startImpl(158)) - 7b8c9e6a-f170-4881-8c70-63ed6b115387: GrpcService started, listening on 0.0.0.0/0.0.0.0:37880
2019-10-18 13:57:16,153 [Datanode State Machine Thread - 0] INFO  server.GrpcService (GrpcService.java:startImpl(158)) - 1d4c4d1b-de56-4b6b-a065-89df82a2d1e0: GrpcService started, listening on 0.0.0.0/0.0.0.0:40209
2019-10-18 13:57:16,153 [Datanode State Machine Thread - 0] INFO  ratis.XceiverServerRatis (XceiverServerRatis.java:start(428)) - XceiverServerRatis 7b8c9e6a-f170-4881-8c70-63ed6b115387 is started using port 37880
2019-10-18 13:57:16,153 [Datanode State Machine Thread - 0] INFO  ratis.XceiverServerRatis (XceiverServerRatis.java:start(428)) - XceiverServerRatis 1d4c4d1b-de56-4b6b-a065-89df82a2d1e0 is started using port 40209
2019-10-18 13:57:16,153 [Datanode State Machine Thread - 0] INFO  server.XceiverServerGrpc (XceiverServerGrpc.java:start(149)) - XceiverServerGrpc 7b8c9e6a-f170-4881-8c70-63ed6b115387 is started using port 45172
2019-10-18 13:57:16,157 [Datanode State Machine Thread - 0] INFO  server.XceiverServerGrpc (XceiverServerGrpc.java:start(149)) - XceiverServerGrpc 1d4c4d1b-de56-4b6b-a065-89df82a2d1e0 is started using port 41887
2019-10-18 13:57:16,158 [Datanode State Machine Thread - 0] INFO  impl.RaftServerProxy (RaftServerProxy.java:lambda$start$3(299)) - b16ea328-00cd-4f3d-a12b-8ef29d09128f: start RPC server
2019-10-18 13:57:16,158 [Datanode State Machine Thread - 0] INFO  server.GrpcService (GrpcService.java:startImpl(158)) - b16ea328-00cd-4f3d-a12b-8ef29d09128f: GrpcService started, listening on 0.0.0.0/0.0.0.0:39988
2019-10-18 13:57:16,162 [Datanode State Machine Thread - 0] INFO  impl.RaftServerProxy (RaftServerProxy.java:lambda$start$3(299)) - 62e65786-d471-4ea9-88e1-e005cc6fe5d2: start RPC server
2019-10-18 13:57:16,162 [Datanode State Machine Thread - 0] INFO  ratis.XceiverServerRatis (XceiverServerRatis.java:start(428)) - XceiverServerRatis b16ea328-00cd-4f3d-a12b-8ef29d09128f is started using port 39988
2019-10-18 13:57:16,165 [Datanode State Machine Thread - 0] INFO  impl.RaftServerProxy (RaftServerProxy.java:lambda$start$3(299)) - f2765c75-2fdb-40be-82bb-4b7afa7583ff: start RPC server
2019-10-18 13:57:16,175 [Datanode State Machine Thread - 0] INFO  server.XceiverServerGrpc (XceiverServerGrpc.java:start(149)) - XceiverServerGrpc b16ea328-00cd-4f3d-a12b-8ef29d09128f is started using port 40271
2019-10-18 13:57:16,175 [Datanode State Machine Thread - 0] INFO  server.GrpcService (GrpcService.java:startImpl(158)) - 62e65786-d471-4ea9-88e1-e005cc6fe5d2: GrpcService started, listening on 0.0.0.0/0.0.0.0:40203
2019-10-18 13:57:16,175 [Datanode State Machine Thread - 0] INFO  server.GrpcService (GrpcService.java:startImpl(158)) - f2765c75-2fdb-40be-82bb-4b7afa7583ff: GrpcService started, listening on 0.0.0.0/0.0.0.0:33758
2019-10-18 13:57:16,175 [Datanode State Machine Thread - 0] INFO  ratis.XceiverServerRatis (XceiverServerRatis.java:start(428)) - XceiverServerRatis 62e65786-d471-4ea9-88e1-e005cc6fe5d2 is started using port 40203
2019-10-18 13:57:16,175 [Datanode State Machine Thread - 0] INFO  ratis.XceiverServerRatis (XceiverServerRatis.java:start(428)) - XceiverServerRatis f2765c75-2fdb-40be-82bb-4b7afa7583ff is started using port 33758
2019-10-18 13:57:16,178 [Datanode State Machine Thread - 0] INFO  server.XceiverServerGrpc (XceiverServerGrpc.java:start(149)) - XceiverServerGrpc 62e65786-d471-4ea9-88e1-e005cc6fe5d2 is started using port 39564
2019-10-18 13:57:16,178 [Datanode State Machine Thread - 0] INFO  server.XceiverServerGrpc (XceiverServerGrpc.java:start(149)) - XceiverServerGrpc f2765c75-2fdb-40be-82bb-4b7afa7583ff is started using port 34110
2019-10-18 13:57:16,237 [Datanode State Machine Thread - 0] INFO  ozoneimpl.OzoneContainer (OzoneContainer.java:start(213)) - Attempting to start container services.
2019-10-18 13:57:16,237 [Datanode State Machine Thread - 0] INFO  ozoneimpl.OzoneContainer (OzoneContainer.java:startContainerScrub(177)) - Background container scanner has been disabled.
2019-10-18 13:57:16,237 [Datanode State Machine Thread - 0] INFO  ratis.XceiverServerRatis (XceiverServerRatis.java:start(418)) - Starting XceiverServerRatis e32dc334-fb80-4e0c-a53a-d822a4f067ce at port 0
2019-10-18 13:57:16,242 [Datanode State Machine Thread - 0] INFO  impl.RaftServerProxy (RaftServerProxy.java:lambda$start$3(299)) - e32dc334-fb80-4e0c-a53a-d822a4f067ce: start RPC server
2019-10-18 13:57:16,243 [Datanode State Machine Thread - 0] INFO  server.GrpcService (GrpcService.java:startImpl(158)) - e32dc334-fb80-4e0c-a53a-d822a4f067ce: GrpcService started, listening on 0.0.0.0/0.0.0.0:36578
2019-10-18 13:57:16,243 [Datanode State Machine Thread - 0] INFO  ratis.XceiverServerRatis (XceiverServerRatis.java:start(428)) - XceiverServerRatis e32dc334-fb80-4e0c-a53a-d822a4f067ce is started using port 36578
2019-10-18 13:57:16,243 [Datanode State Machine Thread - 0] INFO  server.XceiverServerGrpc (XceiverServerGrpc.java:start(149)) - XceiverServerGrpc e32dc334-fb80-4e0c-a53a-d822a4f067ce is started using port 45313
2019-10-18 13:57:16,298 [main] INFO  ozone.MiniOzoneClusterImpl (MiniOzoneClusterImpl.java:lambda$waitForClusterToBeReady$0(147)) - Waiting for cluster to be ready. Got 0 of 7 DN Heartbeats.
2019-10-18 13:57:16,303 [Datanode State Machine Thread - 0] INFO  ozoneimpl.OzoneContainer (OzoneContainer.java:start(213)) - Attempting to start container services.
2019-10-18 13:57:16,304 [Datanode State Machine Thread - 0] INFO  ozoneimpl.OzoneContainer (OzoneContainer.java:startContainerScrub(177)) - Background container scanner has been disabled.
2019-10-18 13:57:16,304 [Datanode State Machine Thread - 0] INFO  ratis.XceiverServerRatis (XceiverServerRatis.java:start(418)) - Starting XceiverServerRatis ebc82f6b-f27c-4747-80e9-92d48571062b at port 0
2019-10-18 13:57:16,308 [Datanode State Machine Thread - 0] INFO  impl.RaftServerProxy (RaftServerProxy.java:lambda$start$3(299)) - ebc82f6b-f27c-4747-80e9-92d48571062b: start RPC server
2019-10-18 13:57:16,309 [Datanode State Machine Thread - 0] INFO  server.GrpcService (GrpcService.java:startImpl(158)) - ebc82f6b-f27c-4747-80e9-92d48571062b: GrpcService started, listening on 0.0.0.0/0.0.0.0:35107
2019-10-18 13:57:16,309 [Datanode State Machine Thread - 0] INFO  ratis.XceiverServerRatis (XceiverServerRatis.java:start(428)) - XceiverServerRatis ebc82f6b-f27c-4747-80e9-92d48571062b is started using port 35107
2019-10-18 13:57:16,314 [Datanode State Machine Thread - 0] INFO  server.XceiverServerGrpc (XceiverServerGrpc.java:start(149)) - XceiverServerGrpc ebc82f6b-f27c-4747-80e9-92d48571062b is started using port 38177
2019-10-18 13:57:17,298 [main] INFO  ozone.MiniOzoneClusterImpl (MiniOzoneClusterImpl.java:lambda$waitForClusterToBeReady$0(147)) - Waiting for cluster to be ready. Got 0 of 7 DN Heartbeats.
2019-10-18 13:57:17,748 [IPC Server handler 2 on 46427] INFO  net.NetworkTopology (NetworkTopologyImpl.java:add(111)) - Added a new node: /default-rack/7b8c9e6a-f170-4881-8c70-63ed6b115387
2019-10-18 13:57:17,751 [IPC Server handler 2 on 46427] INFO  node.SCMNodeManager (SCMNodeManager.java:register(268)) - Registered Data node : 7b8c9e6a-f170-4881-8c70-63ed6b115387{ip: 192.168.157.239, host: pr-hdds-2281-wfpgn-3925442534, networkLocation: /default-rack, certSerialId: null}
2019-10-18 13:57:17,752 [EventQueue-NodeRegistrationContainerReportForDataNodeSafeModeRule] INFO  safemode.SCMSafeModeManager (DataNodeSafeModeRule.java:process(71)) - SCM in safe mode. 1 DataNodes registered, 1 required.
2019-10-18 13:57:17,769 [EventQueue-NodeRegistrationContainerReportForContainerSafeModeRule] INFO  safemode.SCMSafeModeManager (SCMSafeModeManager.java:validateSafeModeExitRules(177)) - ScmSafeModeManager, all rules are successfully validated
2019-10-18 13:57:17,769 [EventQueue-NodeRegistrationContainerReportForContainerSafeModeRule] INFO  safemode.SCMSafeModeManager (SCMSafeModeManager.java:exitSafeMode(193)) - SCM exiting safe mode.
2019-10-18 13:57:17,769 [grpc-default-executor-8] INFO  impl.RaftServerProxy (RaftServerProxy.java:addNew(89)) - 7b8c9e6a-f170-4881-8c70-63ed6b115387: addNew group-C9CC82C256D5:[7b8c9e6a-f170-4881-8c70-63ed6b115387:192.168.157.239:37880] returns group-C9CC82C256D5:java.util.concurrent.CompletableFuture@6d126e8e[Not completed]
2019-10-18 13:57:17,771 [pool-383-thread-1] INFO  impl.RaftServerImpl (RaftServerImpl.java:<init>(95)) - 7b8c9e6a-f170-4881-8c70-63ed6b115387: new RaftServerImpl for group-C9CC82C256D5:[7b8c9e6a-f170-4881-8c70-63ed6b115387:192.168.157.239:37880] with ContainerStateMachine:uninitialized
2019-10-18 13:57:17,771 [pool-383-thread-1] INFO  server.RaftServerConfigKeys (ConfUtils.java:logGet(43)) - raft.server.rpc.timeout.min = 5s (custom)
2019-10-18 13:57:17,771 [pool-383-thread-1] INFO  server.RaftServerConfigKeys (ConfUtils.java:logGet(43)) - raft.server.rpc.timeout.max = 5200ms (custom)
2019-10-18 13:57:17,771 [pool-383-thread-1] INFO  server.RaftServerConfigKeys (ConfUtils.java:logGet(43)) - raft.server.rpcslowness.timeout = 120s (custom)
2019-10-18 13:57:17,771 [pool-383-thread-1] INFO  server.RaftServerConfigKeys (ConfUtils.java:logGet(43)) - raft.server.sleep.deviation.threshold = 300 (default)
2019-10-18 13:57:17,772 [pool-383-thread-1] INFO  server.RaftServerConfigKeys (ConfUtils.java:logGet(43)) - raft.server.log.appender.install.snapshot.enabled = false (custom)
2019-10-18 13:57:17,772 [pool-383-thread-1] INFO  impl.RaftServerImpl (ServerState.java:<init>(103)) - 7b8c9e6a-f170-4881-8c70-63ed6b115387@group-C9CC82C256D5: ConfigurationManager, init=-1: [7b8c9e6a-f170-4881-8c70-63ed6b115387:192.168.157.239:37880], old=null, confs=<EMPTY_MAP>
2019-10-18 13:57:17,772 [pool-383-thread-1] INFO  server.RaftServerConfigKeys (ConfUtils.java:logGet(43)) - raft.server.storage.dir = [/workdir/hadoop-ozone/integration-test/target/test-dir/MiniOzoneClusterImpl-8a3750fb-3d25-424a-a3cd-d2dfc269c2c3/datanode-0/data/ratis] (custom)
2019-10-18 13:57:17,772 [pool-383-thread-1] INFO  server.RaftServerConfigKeys (ConfUtils.java:logGet(43)) - raft.server.log.corruption.policy = EXCEPTION (default)
2019-10-18 13:57:17,773 [pool-383-thread-1] INFO  storage.RaftStorageDirectory (RaftStorageDirectory.java:analyzeStorage(246)) - The storage directory /workdir/hadoop-ozone/integration-test/target/test-dir/MiniOzoneClusterImpl-8a3750fb-3d25-424a-a3cd-d2dfc269c2c3/datanode-0/data/ratis/4a19012c-69c7-4c54-8262-c9cc82c256d5 does not exist. Creating ...
2019-10-18 13:57:17,842 [IPC Server handler 3 on 46427] INFO  net.NetworkTopology (NetworkTopologyImpl.java:add(111)) - Added a new node: /default-rack/62e65786-d471-4ea9-88e1-e005cc6fe5d2
2019-10-18 13:57:17,842 [IPC Server handler 3 on 46427] INFO  node.SCMNodeManager (SCMNodeManager.java:register(268)) - Registered Data node : 62e65786-d471-4ea9-88e1-e005cc6fe5d2{ip: 192.168.157.239, host: pr-hdds-2281-wfpgn-3925442534, networkLocation: /default-rack, certSerialId: null}
2019-10-18 13:57:17,856 [pool-383-thread-1] INFO  storage.RaftStorageDirectory (RaftStorageDirectory.java:tryLock(328)) - Lock on /workdir/hadoop-ozone/integration-test/target/test-dir/MiniOzoneClusterImpl-8a3750fb-3d25-424a-a3cd-d2dfc269c2c3/datanode-0/data/ratis/4a19012c-69c7-4c54-8262-c9cc82c256d5/in_use.lock acquired by nodename 4327@pr-hdds-2281-wfpgn-3925442534
2019-10-18 13:57:17,873 [pool-383-thread-1] INFO  storage.RaftStorage (RaftStorage.java:format(84)) - Storage directory /workdir/hadoop-ozone/integration-test/target/test-dir/MiniOzoneClusterImpl-8a3750fb-3d25-424a-a3cd-d2dfc269c2c3/datanode-0/data/ratis/4a19012c-69c7-4c54-8262-c9cc82c256d5 has been successfully formatted.
2019-10-18 13:57:17,873 [pool-383-thread-1] INFO  ratis.ContainerStateMachine (ContainerStateMachine.java:loadSnapshot(231)) - group-C9CC82C256D5: The snapshot info is null. Setting the last applied indexto:(t:0, i:~)
2019-10-18 13:57:17,873 [pool-383-thread-1] INFO  server.RaftServerConfigKeys (ConfUtils.java:logGet(43)) - raft.server.notification.no-leader.timeout = 120s (custom)
2019-10-18 13:57:17,873 [pool-383-thread-1] INFO  server.RaftServerConfigKeys (ConfUtils.java:logGet(43)) - raft.server.log.use.memory = false (default)
2019-10-18 13:57:17,874 [pool-383-thread-1] INFO  server.RaftServerConfigKeys (ConfUtils.java:logGet(43)) - raft.server.log.purge.gap = 1000000 (custom)
2019-10-18 13:57:17,874 [pool-383-thread-1] INFO  server.RaftServerConfigKeys (ConfUtils.java:logGet(43)) - raft.server.log.appender.buffer.byte-limit = 33554432 (custom)
2019-10-18 13:57:17,874 [pool-383-thread-1] INFO  server.RaftServerConfigKeys (ConfUtils.java:logGet(43)) - raft.server.log.segment.size.max = 1048576 (custom)
2019-10-18 13:57:17,876 [pool-383-thread-1] INFO  server.RaftServerConfigKeys (ConfUtils.java:logGet(43)) - raft.server.log.segment.cache.num.max = 2 (custom)
2019-10-18 13:57:17,876 [pool-383-thread-1] INFO  segmented.SegmentedRaftLogWorker (SegmentedRaftLogWorker.java:<init>(173)) - new 7b8c9e6a-f170-4881-8c70-63ed6b115387@group-C9CC82C256D5-SegmentedRaftLogWorker for RaftStorage:Storage Directory /workdir/hadoop-ozone/integration-test/target/test-dir/MiniOzoneClusterImpl-8a3750fb-3d25-424a-a3cd-d2dfc269c2c3/datanode-0/data/ratis/4a19012c-69c7-4c54-8262-c9cc82c256d5
2019-10-18 13:57:17,876 [pool-383-thread-1] INFO  server.RaftServerConfigKeys (ConfUtils.java:logGet(43)) - raft.server.log.queue.byte-limit = 2147483647 (custom)
2019-10-18 13:57:17,876 [pool-383-thread-1] INFO  server.RaftServerConfigKeys (ConfUtils.java:logGet(43)) - raft.server.log.queue.element-limit = 1024 (custom)
2019-10-18 13:57:17,876 [pool-383-thread-1] INFO  server.RaftServerConfigKeys (ConfUtils.java:logGet(43)) - raft.server.log.segment.size.max = 1048576 (custom)
2019-10-18 13:57:17,876 [pool-383-thread-1] INFO  server.RaftServerConfigKeys (ConfUtils.java:logGet(43)) - raft.server.log.preallocated.size = 16384 (custom)
2019-10-18 13:57:17,877 [pool-383-thread-1] INFO  server.RaftServerConfigKeys (ConfUtils.java:logGet(43)) - raft.server.log.write.buffer.size = 33554432 (custom)
2019-10-18 13:57:17,877 [pool-383-thread-1] INFO  server.RaftServerConfigKeys (ConfUtils.java:logGet(43)) - raft.server.log.force.sync.num = 128 (default)
2019-10-18 13:57:17,877 [pool-383-thread-1] INFO  server.RaftServerConfigKeys (ConfUtils.java:logGet(43)) - raft.server.log.statemachine.data.sync = true (default)
2019-10-18 13:57:17,877 [pool-383-thread-1] INFO  server.RaftServerConfigKeys (ConfUtils.java:logGet(43)) - raft.server.log.statemachine.data.sync.timeout = 10s (default)
2019-10-18 13:57:17,877 [pool-383-thread-1] INFO  server.RaftServerConfigKeys (ConfUtils.java:logGet(43)) - raft.server.log.statemachine.data.sync.timeout.retry = -1 (default)
2019-10-18 13:57:17,877 [pool-383-thread-1] INFO  server.RaftServerConfigKeys (ConfUtils.java:logGet(43)) - raft.server.log.statemachine.data.caching.enabled = true (custom)
2019-10-18 13:57:17,878 [pool-383-thread-1] INFO  segmented.SegmentedRaftLogWorker (SegmentedRaftLogWorker.java:lambda$new$0(128)) - 7b8c9e6a-f170-4881-8c70-63ed6b115387@group-C9CC82C256D5-SegmentedRaftLogWorker: flushIndex: setUnconditionally 0 -> -1
2019-10-18 13:57:17,878 [pool-383-thread-1] INFO  server.RaftServerConfigKeys (ConfUtils.java:logGet(43)) - raft.server.snapshot.auto.trigger.enabled = true (custom)
2019-10-18 13:57:17,878 [pool-383-thread-1] INFO  server.RaftServerConfigKeys (ConfUtils.java:logGet(43)) - raft.server.snapshot.auto.trigger.threshold = 10000 (custom)
2019-10-18 13:57:17,878 [pool-383-thread-1] INFO  server.RaftServerConfigKeys (ConfUtils.java:logGet(43)) - raft.server.snapshot.retention.file.num = 5 (custom)
2019-10-18 13:57:17,878 [pool-383-thread-1] INFO  server.RaftServerConfigKeys (ConfUtils.java:logGet(43)) - raft.server.retrycache.expirytime = 600000ms (custom)
2019-10-18 13:57:17,880 [pool-383-thread-1] INFO  impl.RaftServerImpl (RaftServerImpl.java:start(181)) - 7b8c9e6a-f170-4881-8c70-63ed6b115387@group-C9CC82C256D5: start as a follower, conf=-1: [7b8c9e6a-f170-4881-8c70-63ed6b115387:192.168.157.239:37880], old=null
2019-10-18 13:57:17,880 [pool-383-thread-1] INFO  impl.RaftServerImpl (RaftServerImpl.java:setRole(170)) - 7b8c9e6a-f170-4881-8c70-63ed6b115387@group-C9CC82C256D5: changes role from      null to FOLLOWER at term 0 for startAsFollower
2019-10-18 13:57:17,880 [pool-383-thread-1] INFO  impl.RoleInfo (RoleInfo.java:updateAndGet(143)) - 7b8c9e6a-f170-4881-8c70-63ed6b115387: start FollowerState
2019-10-18 13:57:17,880 [pool-383-thread-1] INFO  util.JmxRegister (JmxRegister.java:tryRegister(44)) - Successfully registered JMX Bean with object name Ratis:service=RaftServer,group=group-C9CC82C256D5,id=7b8c9e6a-f170-4881-8c70-63ed6b115387
2019-10-18 13:57:17,902 [RatisPipelineUtilsThread] INFO  pipeline.PipelineStateManager (PipelineStateManager.java:addPipeline(56)) - Created pipeline Pipeline[ Id: 4a19012c-69c7-4c54-8262-c9cc82c256d5, Nodes: 7b8c9e6a-f170-4881-8c70-63ed6b115387{ip: 192.168.157.239, host: pr-hdds-2281-wfpgn-3925442534, networkLocation: /default-rack, certSerialId: null}, Type:RATIS, Factor:ONE, State:OPEN]
2019-10-18 13:57:17,909 [grpc-default-executor-8] INFO  impl.RaftServerProxy (RaftServerProxy.java:addNew(89)) - 62e65786-d471-4ea9-88e1-e005cc6fe5d2: addNew group-87F147720664:[62e65786-d471-4ea9-88e1-e005cc6fe5d2:192.168.157.239:40203] returns group-87F147720664:java.util.concurrent.CompletableFuture@10a223a7[Not completed]
2019-10-18 13:57:17,911 [pool-393-thread-1] INFO  impl.RaftServerImpl (RaftServerImpl.java:<init>(95)) - 62e65786-d471-4ea9-88e1-e005cc6fe5d2: new RaftServerImpl for group-87F147720664:[62e65786-d471-4ea9-88e1-e005cc6fe5d2:192.168.157.239:40203] with ContainerStateMachine:uninitialized
2019-10-18 13:57:17,911 [pool-393-thread-1] INFO  server.RaftServerConfigKeys (ConfUtils.java:logGet(43)) - raft.server.rpc.timeout.min = 5s (custom)
2019-10-18 13:57:17,911 [pool-393-thread-1] INFO  server.RaftServerConfigKeys (ConfUtils.java:logGet(43)) - raft.server.rpc.timeout.max = 5200ms (custom)
2019-10-18 13:57:17,911 [pool-393-thread-1] INFO  server.RaftServerConfigKeys (ConfUtils.java:logGet(43)) - raft.server.rpcslowness.timeout = 120s (custom)
2019-10-18 13:57:17,911 [pool-393-thread-1] INFO  server.RaftServerConfigKeys (ConfUtils.java:logGet(43)) - raft.server.sleep.deviation.threshold = 300 (default)
2019-10-18 13:57:17,911 [pool-393-thread-1] INFO  server.RaftServerConfigKeys (ConfUtils.java:logGet(43)) - raft.server.log.appender.install.snapshot.enabled = false (custom)
2019-10-18 13:57:17,911 [pool-393-thread-1] INFO  impl.RaftServerImpl (ServerState.java:<init>(103)) - 62e65786-d471-4ea9-88e1-e005cc6fe5d2@group-87F147720664: ConfigurationManager, init=-1: [62e65786-d471-4ea9-88e1-e005cc6fe5d2:192.168.157.239:40203], old=null, confs=<EMPTY_MAP>
2019-10-18 13:57:17,911 [pool-393-thread-1] INFO  server.RaftServerConfigKeys (ConfUtils.java:logGet(43)) - raft.server.storage.dir = [/workdir/hadoop-ozone/integration-test/target/test-dir/MiniOzoneClusterImpl-8a3750fb-3d25-424a-a3cd-d2dfc269c2c3/datanode-1/data/ratis] (custom)
2019-10-18 13:57:17,911 [pool-393-thread-1] INFO  server.RaftServerConfigKeys (ConfUtils.java:logGet(43)) - raft.server.log.corruption.policy = EXCEPTION (default)
2019-10-18 13:57:17,912 [pool-393-thread-1] INFO  storage.RaftStorageDirectory (RaftStorageDirectory.java:analyzeStorage(246)) - The storage directory /workdir/hadoop-ozone/integration-test/target/test-dir/MiniOzoneClusterImpl-8a3750fb-3d25-424a-a3cd-d2dfc269c2c3/datanode-1/data/ratis/9804b07a-c387-4290-96df-87f147720664 does not exist. Creating ...
2019-10-18 13:57:17,928 [IPC Server handler 4 on 46427] INFO  net.NetworkTopology (NetworkTopologyImpl.java:add(111)) - Added a new node: /default-rack/b16ea328-00cd-4f3d-a12b-8ef29d09128f
2019-10-18 13:57:17,928 [IPC Server handler 4 on 46427] INFO  node.SCMNodeManager (SCMNodeManager.java:register(268)) - Registered Data node : b16ea328-00cd-4f3d-a12b-8ef29d09128f{ip: 192.168.157.239, host: pr-hdds-2281-wfpgn-3925442534, networkLocation: /default-rack, certSerialId: null}
2019-10-18 13:57:17,934 [pool-393-thread-1] INFO  storage.RaftStorageDirectory (RaftStorageDirectory.java:tryLock(328)) - Lock on /workdir/hadoop-ozone/integration-test/target/test-dir/MiniOzoneClusterImpl-8a3750fb-3d25-424a-a3cd-d2dfc269c2c3/datanode-1/data/ratis/9804b07a-c387-4290-96df-87f147720664/in_use.lock acquired by nodename 4327@pr-hdds-2281-wfpgn-3925442534
2019-10-18 13:57:17,947 [pool-393-thread-1] INFO  storage.RaftStorage (RaftStorage.java:format(84)) - Storage directory /workdir/hadoop-ozone/integration-test/target/test-dir/MiniOzoneClusterImpl-8a3750fb-3d25-424a-a3cd-d2dfc269c2c3/datanode-1/data/ratis/9804b07a-c387-4290-96df-87f147720664 has been successfully formatted.
2019-10-18 13:57:17,948 [pool-393-thread-1] INFO  ratis.ContainerStateMachine (ContainerStateMachine.java:loadSnapshot(231)) - group-87F147720664: The snapshot info is null. Setting the last applied indexto:(t:0, i:~)
2019-10-18 13:57:17,948 [pool-393-thread-1] INFO  server.RaftServerConfigKeys (ConfUtils.java:logGet(43)) - raft.server.notification.no-leader.timeout = 120s (custom)
2019-10-18 13:57:17,948 [pool-393-thread-1] INFO  server.RaftServerConfigKeys (ConfUtils.java:logGet(43)) - raft.server.log.use.memory = false (default)
2019-10-18 13:57:17,948 [pool-393-thread-1] INFO  server.RaftServerConfigKeys (ConfUtils.java:logGet(43)) - raft.server.log.purge.gap = 1000000 (custom)
2019-10-18 13:57:17,948 [pool-393-thread-1] INFO  server.RaftServerConfigKeys (ConfUtils.java:logGet(43)) - raft.server.log.appender.buffer.byte-limit = 33554432 (custom)
2019-10-18 13:57:17,948 [pool-393-thread-1] INFO  server.RaftServerConfigKeys (ConfUtils.java:logGet(43)) - raft.server.log.segment.size.max = 1048576 (custom)
2019-10-18 13:57:17,949 [pool-393-thread-1] INFO  server.RaftServerConfigKeys (ConfUtils.java:logGet(43)) - raft.server.log.segment.cache.num.max = 2 (custom)
2019-10-18 13:57:17,950 [pool-393-thread-1] INFO  segmented.SegmentedRaftLogWorker (SegmentedRaftLogWorker.java:<init>(173)) - new 62e65786-d471-4ea9-88e1-e005cc6fe5d2@group-87F147720664-SegmentedRaftLogWorker for RaftStorage:Storage Directory /workdir/hadoop-ozone/integration-test/target/test-dir/MiniOzoneClusterImpl-8a3750fb-3d25-424a-a3cd-d2dfc269c2c3/datanode-1/data/ratis/9804b07a-c387-4290-96df-87f147720664
2019-10-18 13:57:17,950 [pool-393-thread-1] INFO  server.RaftServerConfigKeys (ConfUtils.java:logGet(43)) - raft.server.log.queue.byte-limit = 2147483647 (custom)
2019-10-18 13:57:17,950 [pool-393-thread-1] INFO  server.RaftServerConfigKeys (ConfUtils.java:logGet(43)) - raft.server.log.queue.element-limit = 1024 (custom)
2019-10-18 13:57:17,950 [pool-393-thread-1] INFO  server.RaftServerConfigKeys (ConfUtils.java:logGet(43)) - raft.server.log.segment.size.max = 1048576 (custom)
2019-10-18 13:57:17,950 [pool-393-thread-1] INFO  server.RaftServerConfigKeys (ConfUtils.java:logGet(43)) - raft.server.log.preallocated.size = 16384 (custom)
2019-10-18 13:57:17,950 [pool-393-thread-1] INFO  server.RaftServerConfigKeys (ConfUtils.java:logGet(43)) - raft.server.log.write.buffer.size = 33554432 (custom)
2019-10-18 13:57:17,950 [pool-393-thread-1] INFO  server.RaftServerConfigKeys (ConfUtils.java:logGet(43)) - raft.server.log.force.sync.num = 128 (default)
2019-10-18 13:57:17,950 [pool-393-thread-1] INFO  server.RaftServerConfigKeys (ConfUtils.java:logGet(43)) - raft.server.log.statemachine.data.sync = true (default)
2019-10-18 13:57:17,950 [pool-393-thread-1] INFO  server.RaftServerConfigKeys (ConfUtils.java:logGet(43)) - raft.server.log.statemachine.data.sync.timeout = 10s (default)
2019-10-18 13:57:17,950 [pool-393-thread-1] INFO  server.RaftServerConfigKeys (ConfUtils.java:logGet(43)) - raft.server.log.statemachine.data.sync.timeout.retry = -1 (default)
2019-10-18 13:57:17,951 [pool-393-thread-1] INFO  server.RaftServerConfigKeys (ConfUtils.java:logGet(43)) - raft.server.log.statemachine.data.caching.enabled = true (custom)
2019-10-18 13:57:17,951 [pool-393-thread-1] INFO  segmented.SegmentedRaftLogWorker (SegmentedRaftLogWorker.java:lambda$new$0(128)) - 62e65786-d471-4ea9-88e1-e005cc6fe5d2@group-87F147720664-SegmentedRaftLogWorker: flushIndex: setUnconditionally 0 -> -1
2019-10-18 13:57:17,951 [pool-393-thread-1] INFO  server.RaftServerConfigKeys (ConfUtils.java:logGet(43)) - raft.server.snapshot.auto.trigger.enabled = true (custom)
2019-10-18 13:57:17,951 [pool-393-thread-1] INFO  server.RaftServerConfigKeys (ConfUtils.java:logGet(43)) - raft.server.snapshot.auto.trigger.threshold = 10000 (custom)
2019-10-18 13:57:17,951 [pool-393-thread-1] INFO  server.RaftServerConfigKeys (ConfUtils.java:logGet(43)) - raft.server.snapshot.retention.file.num = 5 (custom)
2019-10-18 13:57:17,951 [pool-393-thread-1] INFO  server.RaftServerConfigKeys (ConfUtils.java:logGet(43)) - raft.server.retrycache.expirytime = 600000ms (custom)
2019-10-18 13:57:17,952 [pool-393-thread-1] INFO  impl.RaftServerImpl (RaftServerImpl.java:start(181)) - 62e65786-d471-4ea9-88e1-e005cc6fe5d2@group-87F147720664: start as a follower, conf=-1: [62e65786-d471-4ea9-88e1-e005cc6fe5d2:192.168.157.239:40203], old=null
2019-10-18 13:57:17,953 [pool-393-thread-1] INFO  impl.RaftServerImpl (RaftServerImpl.java:setRole(170)) - 62e65786-d471-4ea9-88e1-e005cc6fe5d2@group-87F147720664: changes role from      null to FOLLOWER at term 0 for startAsFollower
2019-10-18 13:57:17,953 [pool-393-thread-1] INFO  impl.RoleInfo (RoleInfo.java:updateAndGet(143)) - 62e65786-d471-4ea9-88e1-e005cc6fe5d2: start FollowerState
2019-10-18 13:57:17,953 [pool-393-thread-1] INFO  util.JmxRegister (JmxRegister.java:tryRegister(44)) - Successfully registered JMX Bean with object name Ratis:service=RaftServer,group=group-87F147720664,id=62e65786-d471-4ea9-88e1-e005cc6fe5d2
2019-10-18 13:57:17,960 [RatisPipelineUtilsThread] INFO  pipeline.PipelineStateManager (PipelineStateManager.java:addPipeline(56)) - Created pipeline Pipeline[ Id: 9804b07a-c387-4290-96df-87f147720664, Nodes: 62e65786-d471-4ea9-88e1-e005cc6fe5d2{ip: 192.168.157.239, host: pr-hdds-2281-wfpgn-3925442534, networkLocation: /default-rack, certSerialId: null}, Type:RATIS, Factor:ONE, State:OPEN]
2019-10-18 13:57:17,968 [grpc-default-executor-8] INFO  impl.RaftServerProxy (RaftServerProxy.java:addNew(89)) - b16ea328-00cd-4f3d-a12b-8ef29d09128f: addNew group-796D70DB3CEF:[b16ea328-00cd-4f3d-a12b-8ef29d09128f:192.168.157.239:39988] returns group-796D70DB3CEF:java.util.concurrent.CompletableFuture@6a52871f[Not completed]
2019-10-18 13:57:17,969 [pool-403-thread-1] INFO  impl.RaftServerImpl (RaftServerImpl.java:<init>(95)) - b16ea328-00cd-4f3d-a12b-8ef29d09128f: new RaftServerImpl for group-796D70DB3CEF:[b16ea328-00cd-4f3d-a12b-8ef29d09128f:192.168.157.239:39988] with ContainerStateMachine:uninitialized
2019-10-18 13:57:17,969 [pool-403-thread-1] INFO  server.RaftServerConfigKeys (ConfUtils.java:logGet(43)) - raft.server.rpc.timeout.min = 5s (custom)
2019-10-18 13:57:17,969 [pool-403-thread-1] INFO  server.RaftServerConfigKeys (ConfUtils.java:logGet(43)) - raft.server.rpc.timeout.max = 5200ms (custom)
2019-10-18 13:57:17,969 [pool-403-thread-1] INFO  server.RaftServerConfigKeys (ConfUtils.java:logGet(43)) - raft.server.rpcslowness.timeout = 120s (custom)
2019-10-18 13:57:17,969 [pool-403-thread-1] INFO  server.RaftServerConfigKeys (ConfUtils.java:logGet(43)) - raft.server.sleep.deviation.threshold = 300 (default)
2019-10-18 13:57:17,969 [pool-403-thread-1] INFO  server.RaftServerConfigKeys (ConfUtils.java:logGet(43)) - raft.server.log.appender.install.snapshot.enabled = false (custom)
2019-10-18 13:57:17,969 [pool-403-thread-1] INFO  impl.RaftServerImpl (ServerState.java:<init>(103)) - b16ea328-00cd-4f3d-a12b-8ef29d09128f@group-796D70DB3CEF: ConfigurationManager, init=-1: [b16ea328-00cd-4f3d-a12b-8ef29d09128f:192.168.157.239:39988], old=null, confs=<EMPTY_MAP>
2019-10-18 13:57:17,969 [pool-403-thread-1] INFO  server.RaftServerConfigKeys (ConfUtils.java:logGet(43)) - raft.server.storage.dir = [/workdir/hadoop-ozone/integration-test/target/test-dir/MiniOzoneClusterImpl-8a3750fb-3d25-424a-a3cd-d2dfc269c2c3/datanode-2/data/ratis] (custom)
2019-10-18 13:57:17,970 [pool-403-thread-1] INFO  server.RaftServerConfigKeys (ConfUtils.java:logGet(43)) - raft.server.log.corruption.policy = EXCEPTION (default)
2019-10-18 13:57:17,970 [pool-403-thread-1] INFO  storage.RaftStorageDirectory (RaftStorageDirectory.java:analyzeStorage(246)) - The storage directory /workdir/hadoop-ozone/integration-test/target/test-dir/MiniOzoneClusterImpl-8a3750fb-3d25-424a-a3cd-d2dfc269c2c3/datanode-2/data/ratis/c94ae1e5-0a1e-4ec6-8c4f-796d70db3cef does not exist. Creating ...
2019-10-18 13:57:17,982 [pool-403-thread-1] INFO  storage.RaftStorageDirectory (RaftStorageDirectory.java:tryLock(328)) - Lock on /workdir/hadoop-ozone/integration-test/target/test-dir/MiniOzoneClusterImpl-8a3750fb-3d25-424a-a3cd-d2dfc269c2c3/datanode-2/data/ratis/c94ae1e5-0a1e-4ec6-8c4f-796d70db3cef/in_use.lock acquired by nodename 4327@pr-hdds-2281-wfpgn-3925442534
2019-10-18 13:57:17,995 [pool-403-thread-1] INFO  storage.RaftStorage (RaftStorage.java:format(84)) - Storage directory /workdir/hadoop-ozone/integration-test/target/test-dir/MiniOzoneClusterImpl-8a3750fb-3d25-424a-a3cd-d2dfc269c2c3/datanode-2/data/ratis/c94ae1e5-0a1e-4ec6-8c4f-796d70db3cef has been successfully formatted.
2019-10-18 13:57:17,995 [pool-403-thread-1] INFO  ratis.ContainerStateMachine (ContainerStateMachine.java:loadSnapshot(231)) - group-796D70DB3CEF: The snapshot info is null. Setting the last applied indexto:(t:0, i:~)
2019-10-18 13:57:17,996 [pool-403-thread-1] INFO  server.RaftServerConfigKeys (ConfUtils.java:logGet(43)) - raft.server.notification.no-leader.timeout = 120s (custom)
2019-10-18 13:57:17,996 [pool-403-thread-1] INFO  server.RaftServerConfigKeys (ConfUtils.java:logGet(43)) - raft.server.log.use.memory = false (default)
2019-10-18 13:57:17,996 [pool-403-thread-1] INFO  server.RaftServerConfigKeys (ConfUtils.java:logGet(43)) - raft.server.log.purge.gap = 1000000 (custom)
2019-10-18 13:57:17,996 [pool-403-thread-1] INFO  server.RaftServerConfigKeys (ConfUtils.java:logGet(43)) - raft.server.log.appender.buffer.byte-limit = 33554432 (custom)
2019-10-18 13:57:17,996 [pool-403-thread-1] INFO  server.RaftServerConfigKeys (ConfUtils.java:logGet(43)) - raft.server.log.segment.size.max = 1048576 (custom)
2019-10-18 13:57:17,997 [pool-403-thread-1] INFO  server.RaftServerConfigKeys (ConfUtils.java:logGet(43)) - raft.server.log.segment.cache.num.max = 2 (custom)
2019-10-18 13:57:17,997 [pool-403-thread-1] INFO  segmented.SegmentedRaftLogWorker (SegmentedRaftLogWorker.java:<init>(173)) - new b16ea328-00cd-4f3d-a12b-8ef29d09128f@group-796D70DB3CEF-SegmentedRaftLogWorker for RaftStorage:Storage Directory /workdir/hadoop-ozone/integration-test/target/test-dir/MiniOzoneClusterImpl-8a3750fb-3d25-424a-a3cd-d2dfc269c2c3/datanode-2/data/ratis/c94ae1e5-0a1e-4ec6-8c4f-796d70db3cef
2019-10-18 13:57:17,997 [pool-403-thread-1] INFO  server.RaftServerConfigKeys (ConfUtils.java:logGet(43)) - raft.server.log.queue.byte-limit = 2147483647 (custom)
2019-10-18 13:57:17,997 [pool-403-thread-1] INFO  server.RaftServerConfigKeys (ConfUtils.java:logGet(43)) - raft.server.log.queue.element-limit = 1024 (custom)
2019-10-18 13:57:17,997 [pool-403-thread-1] INFO  server.RaftServerConfigKeys (ConfUtils.java:logGet(43)) - raft.server.log.segment.size.max = 1048576 (custom)
2019-10-18 13:57:17,997 [pool-403-thread-1] INFO  server.RaftServerConfigKeys (ConfUtils.java:logGet(43)) - raft.server.log.preallocated.size = 16384 (custom)
2019-10-18 13:57:17,997 [pool-403-thread-1] INFO  server.RaftServerConfigKeys (ConfUtils.java:logGet(43)) - raft.server.log.write.buffer.size = 33554432 (custom)
2019-10-18 13:57:17,997 [pool-403-thread-1] INFO  server.RaftServerConfigKeys (ConfUtils.java:logGet(43)) - raft.server.log.force.sync.num = 128 (default)
2019-10-18 13:57:17,997 [pool-403-thread-1] INFO  server.RaftServerConfigKeys (ConfUtils.java:logGet(43)) - raft.server.log.statemachine.data.sync = true (default)
2019-10-18 13:57:17,997 [pool-403-thread-1] INFO  server.RaftServerConfigKeys (ConfUtils.java:logGet(43)) - raft.server.log.statemachine.data.sync.timeout = 10s (default)
2019-10-18 13:57:17,997 [pool-403-thread-1] INFO  server.RaftServerConfigKeys (ConfUtils.java:logGet(43)) - raft.server.log.statemachine.data.sync.timeout.retry = -1 (default)
2019-10-18 13:57:17,998 [pool-403-thread-1] INFO  server.RaftServerConfigKeys (ConfUtils.java:logGet(43)) - raft.server.log.statemachine.data.caching.enabled = true (custom)
2019-10-18 13:57:17,998 [pool-403-thread-1] INFO  segmented.SegmentedRaftLogWorker (SegmentedRaftLogWorker.java:lambda$new$0(128)) - b16ea328-00cd-4f3d-a12b-8ef29d09128f@group-796D70DB3CEF-SegmentedRaftLogWorker: flushIndex: setUnconditionally 0 -> -1
2019-10-18 13:57:17,998 [pool-403-thread-1] INFO  server.RaftServerConfigKeys (ConfUtils.java:logGet(43)) - raft.server.snapshot.auto.trigger.enabled = true (custom)
2019-10-18 13:57:17,998 [pool-403-thread-1] INFO  server.RaftServerConfigKeys (ConfUtils.java:logGet(43)) - raft.server.snapshot.auto.trigger.threshold = 10000 (custom)
2019-10-18 13:57:17,998 [pool-403-thread-1] INFO  server.RaftServerConfigKeys (ConfUtils.java:logGet(43)) - raft.server.snapshot.retention.file.num = 5 (custom)
2019-10-18 13:57:17,998 [pool-403-thread-1] INFO  server.RaftServerConfigKeys (ConfUtils.java:logGet(43)) - raft.server.retrycache.expirytime = 600000ms (custom)
2019-10-18 13:57:17,999 [pool-403-thread-1] INFO  impl.RaftServerImpl (RaftServerImpl.java:start(181)) - b16ea328-00cd-4f3d-a12b-8ef29d09128f@group-796D70DB3CEF: start as a follower, conf=-1: [b16ea328-00cd-4f3d-a12b-8ef29d09128f:192.168.157.239:39988], old=null
2019-10-18 13:57:17,999 [pool-403-thread-1] INFO  impl.RaftServerImpl (RaftServerImpl.java:setRole(170)) - b16ea328-00cd-4f3d-a12b-8ef29d09128f@group-796D70DB3CEF: changes role from      null to FOLLOWER at term 0 for startAsFollower
2019-10-18 13:57:17,999 [pool-403-thread-1] INFO  impl.RoleInfo (RoleInfo.java:updateAndGet(143)) - b16ea328-00cd-4f3d-a12b-8ef29d09128f: start FollowerState
2019-10-18 13:57:18,000 [pool-403-thread-1] INFO  util.JmxRegister (JmxRegister.java:tryRegister(44)) - Successfully registered JMX Bean with object name Ratis:service=RaftServer,group=group-796D70DB3CEF,id=b16ea328-00cd-4f3d-a12b-8ef29d09128f
2019-10-18 13:57:18,006 [RatisPipelineUtilsThread] INFO  pipeline.PipelineStateManager (PipelineStateManager.java:addPipeline(56)) - Created pipeline Pipeline[ Id: c94ae1e5-0a1e-4ec6-8c4f-796d70db3cef, Nodes: b16ea328-00cd-4f3d-a12b-8ef29d09128f{ip: 192.168.157.239, host: pr-hdds-2281-wfpgn-3925442534, networkLocation: /default-rack, certSerialId: null}, Type:RATIS, Factor:ONE, State:OPEN]
2019-10-18 13:57:18,017 [grpc-default-executor-5] INFO  impl.RaftServerProxy (RaftServerProxy.java:addNew(89)) - b16ea328-00cd-4f3d-a12b-8ef29d09128f: addNew group-8DE2CD5B60C6:[7b8c9e6a-f170-4881-8c70-63ed6b115387:192.168.157.239:37880, 62e65786-d471-4ea9-88e1-e005cc6fe5d2:192.168.157.239:40203, b16ea328-00cd-4f3d-a12b-8ef29d09128f:192.168.157.239:39988] returns group-8DE2CD5B60C6:java.util.concurrent.CompletableFuture@798b3971[Not completed]
2019-10-18 13:57:18,020 [grpc-default-executor-11] INFO  impl.RaftServerProxy (RaftServerProxy.java:addNew(89)) - 62e65786-d471-4ea9-88e1-e005cc6fe5d2: addNew group-8DE2CD5B60C6:[7b8c9e6a-f170-4881-8c70-63ed6b115387:192.168.157.239:37880, 62e65786-d471-4ea9-88e1-e005cc6fe5d2:192.168.157.239:40203, b16ea328-00cd-4f3d-a12b-8ef29d09128f:192.168.157.239:39988] returns group-8DE2CD5B60C6:java.util.concurrent.CompletableFuture@4c98f66e[Not completed]
2019-10-18 13:57:18,017 [grpc-default-executor-8] INFO  impl.RaftServerProxy (RaftServerProxy.java:addNew(89)) - 7b8c9e6a-f170-4881-8c70-63ed6b115387: addNew group-8DE2CD5B60C6:[7b8c9e6a-f170-4881-8c70-63ed6b115387:192.168.157.239:37880, 62e65786-d471-4ea9-88e1-e005cc6fe5d2:192.168.157.239:40203, b16ea328-00cd-4f3d-a12b-8ef29d09128f:192.168.157.239:39988] returns group-8DE2CD5B60C6:java.util.concurrent.CompletableFuture@57a391f6[Not completed]
2019-10-18 13:57:18,021 [pool-383-thread-1] INFO  impl.RaftServerImpl (RaftServerImpl.java:<init>(95)) - 7b8c9e6a-f170-4881-8c70-63ed6b115387: new RaftServerImpl for group-8DE2CD5B60C6:[7b8c9e6a-f170-4881-8c70-63ed6b115387:192.168.157.239:37880, 62e65786-d471-4ea9-88e1-e005cc6fe5d2:192.168.157.239:40203, b16ea328-00cd-4f3d-a12b-8ef29d09128f:192.168.157.239:39988] with ContainerStateMachine:uninitialized
2019-10-18 13:57:18,021 [pool-383-thread-1] INFO  server.RaftServerConfigKeys (ConfUtils.java:logGet(43)) - raft.server.rpc.timeout.min = 5s (custom)
2019-10-18 13:57:18,021 [pool-383-thread-1] INFO  server.RaftServerConfigKeys (ConfUtils.java:logGet(43)) - raft.server.rpc.timeout.max = 5200ms (custom)
2019-10-18 13:57:18,021 [pool-383-thread-1] INFO  server.RaftServerConfigKeys (ConfUtils.java:logGet(43)) - raft.server.rpcslowness.timeout = 120s (custom)
2019-10-18 13:57:18,021 [pool-383-thread-1] INFO  server.RaftServerConfigKeys (ConfUtils.java:logGet(43)) - raft.server.sleep.deviation.threshold = 300 (default)
2019-10-18 13:57:18,021 [pool-383-thread-1] INFO  server.RaftServerConfigKeys (ConfUtils.java:logGet(43)) - raft.server.log.appender.install.snapshot.enabled = false (custom)
2019-10-18 13:57:18,021 [pool-383-thread-1] INFO  impl.RaftServerImpl (ServerState.java:<init>(103)) - 7b8c9e6a-f170-4881-8c70-63ed6b115387@group-8DE2CD5B60C6: ConfigurationManager, init=-1: [7b8c9e6a-f170-4881-8c70-63ed6b115387:192.168.157.239:37880, 62e65786-d471-4ea9-88e1-e005cc6fe5d2:192.168.157.239:40203, b16ea328-00cd-4f3d-a12b-8ef29d09128f:192.168.157.239:39988], old=null, confs=<EMPTY_MAP>
2019-10-18 13:57:18,022 [pool-393-thread-1] INFO  impl.RaftServerImpl (RaftServerImpl.java:<init>(95)) - 62e65786-d471-4ea9-88e1-e005cc6fe5d2: new RaftServerImpl for group-8DE2CD5B60C6:[7b8c9e6a-f170-4881-8c70-63ed6b115387:192.168.157.239:37880, 62e65786-d471-4ea9-88e1-e005cc6fe5d2:192.168.157.239:40203, b16ea328-00cd-4f3d-a12b-8ef29d09128f:192.168.157.239:39988] with ContainerStateMachine:uninitialized
2019-10-18 13:57:18,022 [pool-383-thread-1] INFO  server.RaftServerConfigKeys (ConfUtils.java:logGet(43)) - raft.server.storage.dir = [/workdir/hadoop-ozone/integration-test/target/test-dir/MiniOzoneClusterImpl-8a3750fb-3d25-424a-a3cd-d2dfc269c2c3/datanode-0/data/ratis] (custom)
2019-10-18 13:57:18,022 [pool-393-thread-1] INFO  server.RaftServerConfigKeys (ConfUtils.java:logGet(43)) - raft.server.rpc.timeout.min = 5s (custom)
2019-10-18 13:57:18,022 [pool-393-thread-1] INFO  server.RaftServerConfigKeys (ConfUtils.java:logGet(43)) - raft.server.rpc.timeout.max = 5200ms (custom)
2019-10-18 13:57:18,022 [pool-383-thread-1] INFO  server.RaftServerConfigKeys (ConfUtils.java:logGet(43)) - raft.server.log.corruption.policy = EXCEPTION (default)
2019-10-18 13:57:18,022 [pool-403-thread-1] INFO  impl.RaftServerImpl (RaftServerImpl.java:<init>(95)) - b16ea328-00cd-4f3d-a12b-8ef29d09128f: new RaftServerImpl for group-8DE2CD5B60C6:[7b8c9e6a-f170-4881-8c70-63ed6b115387:192.168.157.239:37880, 62e65786-d471-4ea9-88e1-e005cc6fe5d2:192.168.157.239:40203, b16ea328-00cd-4f3d-a12b-8ef29d09128f:192.168.157.239:39988] with ContainerStateMachine:uninitialized
2019-10-18 13:57:18,022 [pool-383-thread-1] INFO  storage.RaftStorageDirectory (RaftStorageDirectory.java:analyzeStorage(246)) - The storage directory /workdir/hadoop-ozone/integration-test/target/test-dir/MiniOzoneClusterImpl-8a3750fb-3d25-424a-a3cd-d2dfc269c2c3/datanode-0/data/ratis/bf1b77d0-de1b-4c77-821d-8de2cd5b60c6 does not exist. Creating ...
2019-10-18 13:57:18,022 [pool-393-thread-1] INFO  server.RaftServerConfigKeys (ConfUtils.java:logGet(43)) - raft.server.rpcslowness.timeout = 120s (custom)
2019-10-18 13:57:18,022 [pool-403-thread-1] INFO  server.RaftServerConfigKeys (ConfUtils.java:logGet(43)) - raft.server.rpc.timeout.min = 5s (custom)
2019-10-18 13:57:18,022 [pool-393-thread-1] INFO  server.RaftServerConfigKeys (ConfUtils.java:logGet(43)) - raft.server.sleep.deviation.threshold = 300 (default)
2019-10-18 13:57:18,022 [pool-403-thread-1] INFO  server.RaftServerConfigKeys (ConfUtils.java:logGet(43)) - raft.server.rpc.timeout.max = 5200ms (custom)
2019-10-18 13:57:18,022 [pool-393-thread-1] INFO  server.RaftServerConfigKeys (ConfUtils.java:logGet(43)) - raft.server.log.appender.install.snapshot.enabled = false (custom)
2019-10-18 13:57:18,023 [pool-403-thread-1] INFO  server.RaftServerConfigKeys (ConfUtils.java:logGet(43)) - raft.server.rpcslowness.timeout = 120s (custom)
2019-10-18 13:57:18,023 [pool-393-thread-1] INFO  impl.RaftServerImpl (ServerState.java:<init>(103)) - 62e65786-d471-4ea9-88e1-e005cc6fe5d2@group-8DE2CD5B60C6: ConfigurationManager, init=-1: [7b8c9e6a-f170-4881-8c70-63ed6b115387:192.168.157.239:37880, 62e65786-d471-4ea9-88e1-e005cc6fe5d2:192.168.157.239:40203, b16ea328-00cd-4f3d-a12b-8ef29d09128f:192.168.157.239:39988], old=null, confs=<EMPTY_MAP>
2019-10-18 13:57:18,023 [pool-403-thread-1] INFO  server.RaftServerConfigKeys (ConfUtils.java:logGet(43)) - raft.server.sleep.deviation.threshold = 300 (default)
2019-10-18 13:57:18,023 [pool-393-thread-1] INFO  server.RaftServerConfigKeys (ConfUtils.java:logGet(43)) - raft.server.storage.dir = [/workdir/hadoop-ozone/integration-test/target/test-dir/MiniOzoneClusterImpl-8a3750fb-3d25-424a-a3cd-d2dfc269c2c3/datanode-1/data/ratis] (custom)
2019-10-18 13:57:18,023 [pool-403-thread-1] INFO  server.RaftServerConfigKeys (ConfUtils.java:logGet(43)) - raft.server.log.appender.install.snapshot.enabled = false (custom)
2019-10-18 13:57:18,023 [pool-393-thread-1] INFO  server.RaftServerConfigKeys (ConfUtils.java:logGet(43)) - raft.server.log.corruption.policy = EXCEPTION (default)
2019-10-18 13:57:18,023 [pool-403-thread-1] INFO  impl.RaftServerImpl (ServerState.java:<init>(103)) - b16ea328-00cd-4f3d-a12b-8ef29d09128f@group-8DE2CD5B60C6: ConfigurationManager, init=-1: [7b8c9e6a-f170-4881-8c70-63ed6b115387:192.168.157.239:37880, 62e65786-d471-4ea9-88e1-e005cc6fe5d2:192.168.157.239:40203, b16ea328-00cd-4f3d-a12b-8ef29d09128f:192.168.157.239:39988], old=null, confs=<EMPTY_MAP>
2019-10-18 13:57:18,023 [pool-393-thread-1] INFO  storage.RaftStorageDirectory (RaftStorageDirectory.java:analyzeStorage(246)) - The storage directory /workdir/hadoop-ozone/integration-test/target/test-dir/MiniOzoneClusterImpl-8a3750fb-3d25-424a-a3cd-d2dfc269c2c3/datanode-1/data/ratis/bf1b77d0-de1b-4c77-821d-8de2cd5b60c6 does not exist. Creating ...
2019-10-18 13:57:18,023 [pool-403-thread-1] INFO  server.RaftServerConfigKeys (ConfUtils.java:logGet(43)) - raft.server.storage.dir = [/workdir/hadoop-ozone/integration-test/target/test-dir/MiniOzoneClusterImpl-8a3750fb-3d25-424a-a3cd-d2dfc269c2c3/datanode-2/data/ratis] (custom)
2019-10-18 13:57:18,023 [pool-403-thread-1] INFO  server.RaftServerConfigKeys (ConfUtils.java:logGet(43)) - raft.server.log.corruption.policy = EXCEPTION (default)
2019-10-18 13:57:18,023 [pool-403-thread-1] INFO  storage.RaftStorageDirectory (RaftStorageDirectory.java:analyzeStorage(246)) - The storage directory /workdir/hadoop-ozone/integration-test/target/test-dir/MiniOzoneClusterImpl-8a3750fb-3d25-424a-a3cd-d2dfc269c2c3/datanode-2/data/ratis/bf1b77d0-de1b-4c77-821d-8de2cd5b60c6 does not exist. Creating ...
2019-10-18 13:57:18,033 [IPC Server handler 5 on 46427] INFO  net.NetworkTopology (NetworkTopologyImpl.java:add(111)) - Added a new node: /default-rack/1d4c4d1b-de56-4b6b-a065-89df82a2d1e0
2019-10-18 13:57:18,033 [IPC Server handler 5 on 46427] INFO  node.SCMNodeManager (SCMNodeManager.java:register(268)) - Registered Data node : 1d4c4d1b-de56-4b6b-a065-89df82a2d1e0{ip: 192.168.157.239, host: pr-hdds-2281-wfpgn-3925442534, networkLocation: /default-rack, certSerialId: null}
2019-10-18 13:57:18,036 [pool-383-thread-1] INFO  storage.RaftStorageDirectory (RaftStorageDirectory.java:tryLock(328)) - Lock on /workdir/hadoop-ozone/integration-test/target/test-dir/MiniOzoneClusterImpl-8a3750fb-3d25-424a-a3cd-d2dfc269c2c3/datanode-0/data/ratis/bf1b77d0-de1b-4c77-821d-8de2cd5b60c6/in_use.lock acquired by nodename 4327@pr-hdds-2281-wfpgn-3925442534
2019-10-18 13:57:18,036 [pool-403-thread-1] INFO  storage.RaftStorageDirectory (RaftStorageDirectory.java:tryLock(328)) - Lock on /workdir/hadoop-ozone/integration-test/target/test-dir/MiniOzoneClusterImpl-8a3750fb-3d25-424a-a3cd-d2dfc269c2c3/datanode-2/data/ratis/bf1b77d0-de1b-4c77-821d-8de2cd5b60c6/in_use.lock acquired by nodename 4327@pr-hdds-2281-wfpgn-3925442534
2019-10-18 13:57:18,036 [pool-393-thread-1] INFO  storage.RaftStorageDirectory (RaftStorageDirectory.java:tryLock(328)) - Lock on /workdir/hadoop-ozone/integration-test/target/test-dir/MiniOzoneClusterImpl-8a3750fb-3d25-424a-a3cd-d2dfc269c2c3/datanode-1/data/ratis/bf1b77d0-de1b-4c77-821d-8de2cd5b60c6/in_use.lock acquired by nodename 4327@pr-hdds-2281-wfpgn-3925442534
2019-10-18 13:57:18,050 [pool-403-thread-1] INFO  storage.RaftStorage (RaftStorage.java:format(84)) - Storage directory /workdir/hadoop-ozone/integration-test/target/test-dir/MiniOzoneClusterImpl-8a3750fb-3d25-424a-a3cd-d2dfc269c2c3/datanode-2/data/ratis/bf1b77d0-de1b-4c77-821d-8de2cd5b60c6 has been successfully formatted.
2019-10-18 13:57:18,050 [pool-383-thread-1] INFO  storage.RaftStorage (RaftStorage.java:format(84)) - Storage directory /workdir/hadoop-ozone/integration-test/target/test-dir/MiniOzoneClusterImpl-8a3750fb-3d25-424a-a3cd-d2dfc269c2c3/datanode-0/data/ratis/bf1b77d0-de1b-4c77-821d-8de2cd5b60c6 has been successfully formatted.
2019-10-18 13:57:18,050 [pool-393-thread-1] INFO  storage.RaftStorage (RaftStorage.java:format(84)) - Storage directory /workdir/hadoop-ozone/integration-test/target/test-dir/MiniOzoneClusterImpl-8a3750fb-3d25-424a-a3cd-d2dfc269c2c3/datanode-1/data/ratis/bf1b77d0-de1b-4c77-821d-8de2cd5b60c6 has been successfully formatted.
2019-10-18 13:57:18,050 [pool-403-thread-1] INFO  ratis.ContainerStateMachine (ContainerStateMachine.java:loadSnapshot(231)) - group-8DE2CD5B60C6: The snapshot info is null. Setting the last applied indexto:(t:0, i:~)
2019-10-18 13:57:18,050 [pool-383-thread-1] INFO  ratis.ContainerStateMachine (ContainerStateMachine.java:loadSnapshot(231)) - group-8DE2CD5B60C6: The snapshot info is null. Setting the last applied indexto:(t:0, i:~)
2019-10-18 13:57:18,050 [pool-403-thread-1] INFO  server.RaftServerConfigKeys (ConfUtils.java:logGet(43)) - raft.server.notification.no-leader.timeout = 120s (custom)
2019-10-18 13:57:18,051 [pool-383-thread-1] INFO  server.RaftServerConfigKeys (ConfUtils.java:logGet(43)) - raft.server.notification.no-leader.timeout = 120s (custom)
2019-10-18 13:57:18,051 [pool-403-thread-1] INFO  server.RaftServerConfigKeys (ConfUtils.java:logGet(43)) - raft.server.log.use.memory = false (default)
2019-10-18 13:57:18,051 [pool-383-thread-1] INFO  server.RaftServerConfigKeys (ConfUtils.java:logGet(43)) - raft.server.log.use.memory = false (default)
2019-10-18 13:57:18,051 [pool-403-thread-1] INFO  server.RaftServerConfigKeys (ConfUtils.java:logGet(43)) - raft.server.log.purge.gap = 1000000 (custom)
2019-10-18 13:57:18,051 [pool-383-thread-1] INFO  server.RaftServerConfigKeys (ConfUtils.java:logGet(43)) - raft.server.log.purge.gap = 1000000 (custom)
2019-10-18 13:57:18,051 [pool-403-thread-1] INFO  server.RaftServerConfigKeys (ConfUtils.java:logGet(43)) - raft.server.log.appender.buffer.byte-limit = 33554432 (custom)
2019-10-18 13:57:18,051 [pool-383-thread-1] INFO  server.RaftServerConfigKeys (ConfUtils.java:logGet(43)) - raft.server.log.appender.buffer.byte-limit = 33554432 (custom)
2019-10-18 13:57:18,051 [pool-393-thread-1] INFO  ratis.ContainerStateMachine (ContainerStateMachine.java:loadSnapshot(231)) - group-8DE2CD5B60C6: The snapshot info is null. Setting the last applied indexto:(t:0, i:~)
2019-10-18 13:57:18,051 [pool-403-thread-1] INFO  server.RaftServerConfigKeys (ConfUtils.java:logGet(43)) - raft.server.log.segment.size.max = 1048576 (custom)
2019-10-18 13:57:18,052 [pool-393-thread-1] INFO  server.RaftServerConfigKeys (ConfUtils.java:logGet(43)) - raft.server.notification.no-leader.timeout = 120s (custom)
2019-10-18 13:57:18,052 [pool-383-thread-1] INFO  server.RaftServerConfigKeys (ConfUtils.java:logGet(43)) - raft.server.log.segment.size.max = 1048576 (custom)
2019-10-18 13:57:18,052 [pool-393-thread-1] INFO  server.RaftServerConfigKeys (ConfUtils.java:logGet(43)) - raft.server.log.use.memory = false (default)
2019-10-18 13:57:18,052 [pool-403-thread-1] INFO  server.RaftServerConfigKeys (ConfUtils.java:logGet(43)) - raft.server.log.segment.cache.num.max = 2 (custom)
2019-10-18 13:57:18,052 [pool-393-thread-1] INFO  server.RaftServerConfigKeys (ConfUtils.java:logGet(43)) - raft.server.log.purge.gap = 1000000 (custom)
2019-10-18 13:57:18,052 [pool-383-thread-1] INFO  server.RaftServerConfigKeys (ConfUtils.java:logGet(43)) - raft.server.log.segment.cache.num.max = 2 (custom)
2019-10-18 13:57:18,052 [pool-393-thread-1] INFO  server.RaftServerConfigKeys (ConfUtils.java:logGet(43)) - raft.server.log.appender.buffer.byte-limit = 33554432 (custom)
2019-10-18 13:57:18,052 [pool-403-thread-1] INFO  segmented.SegmentedRaftLogWorker (SegmentedRaftLogWorker.java:<init>(173)) - new b16ea328-00cd-4f3d-a12b-8ef29d09128f@group-8DE2CD5B60C6-SegmentedRaftLogWorker for RaftStorage:Storage Directory /workdir/hadoop-ozone/integration-test/target/test-dir/MiniOzoneClusterImpl-8a3750fb-3d25-424a-a3cd-d2dfc269c2c3/datanode-2/data/ratis/bf1b77d0-de1b-4c77-821d-8de2cd5b60c6
2019-10-18 13:57:18,053 [pool-393-thread-1] INFO  server.RaftServerConfigKeys (ConfUtils.java:logGet(43)) - raft.server.log.segment.size.max = 1048576 (custom)
2019-10-18 13:57:18,052 [pool-383-thread-1] INFO  segmented.SegmentedRaftLogWorker (SegmentedRaftLogWorker.java:<init>(173)) - new 7b8c9e6a-f170-4881-8c70-63ed6b115387@group-8DE2CD5B60C6-SegmentedRaftLogWorker for RaftStorage:Storage Directory /workdir/hadoop-ozone/integration-test/target/test-dir/MiniOzoneClusterImpl-8a3750fb-3d25-424a-a3cd-d2dfc269c2c3/datanode-0/data/ratis/bf1b77d0-de1b-4c77-821d-8de2cd5b60c6
2019-10-18 13:57:18,053 [pool-393-thread-1] INFO  server.RaftServerConfigKeys (ConfUtils.java:logGet(43)) - raft.server.log.segment.cache.num.max = 2 (custom)
2019-10-18 13:57:18,053 [pool-403-thread-1] INFO  server.RaftServerConfigKeys (ConfUtils.java:logGet(43)) - raft.server.log.queue.byte-limit = 2147483647 (custom)
2019-10-18 13:57:18,053 [pool-393-thread-1] INFO  segmented.SegmentedRaftLogWorker (SegmentedRaftLogWorker.java:<init>(173)) - new 62e65786-d471-4ea9-88e1-e005cc6fe5d2@group-8DE2CD5B60C6-SegmentedRaftLogWorker for RaftStorage:Storage Directory /workdir/hadoop-ozone/integration-test/target/test-dir/MiniOzoneClusterImpl-8a3750fb-3d25-424a-a3cd-d2dfc269c2c3/datanode-1/data/ratis/bf1b77d0-de1b-4c77-821d-8de2cd5b60c6
2019-10-18 13:57:18,053 [pool-383-thread-1] INFO  server.RaftServerConfigKeys (ConfUtils.java:logGet(43)) - raft.server.log.queue.byte-limit = 2147483647 (custom)
2019-10-18 13:57:18,053 [pool-393-thread-1] INFO  server.RaftServerConfigKeys (ConfUtils.java:logGet(43)) - raft.server.log.queue.byte-limit = 2147483647 (custom)
2019-10-18 13:57:18,053 [pool-393-thread-1] INFO  server.RaftServerConfigKeys (ConfUtils.java:logGet(43)) - raft.server.log.queue.element-limit = 1024 (custom)
2019-10-18 13:57:18,053 [pool-403-thread-1] INFO  server.RaftServerConfigKeys (ConfUtils.java:logGet(43)) - raft.server.log.queue.element-limit = 1024 (custom)
2019-10-18 13:57:18,053 [pool-393-thread-1] INFO  server.RaftServerConfigKeys (ConfUtils.java:logGet(43)) - raft.server.log.segment.size.max = 1048576 (custom)
2019-10-18 13:57:18,053 [pool-383-thread-1] INFO  server.RaftServerConfigKeys (ConfUtils.java:logGet(43)) - raft.server.log.queue.element-limit = 1024 (custom)
2019-10-18 13:57:18,054 [pool-393-thread-1] INFO  server.RaftServerConfigKeys (ConfUtils.java:logGet(43)) - raft.server.log.preallocated.size = 16384 (custom)
2019-10-18 13:57:18,054 [pool-393-thread-1] INFO  server.RaftServerConfigKeys (ConfUtils.java:logGet(43)) - raft.server.log.write.buffer.size = 33554432 (custom)
2019-10-18 13:57:18,053 [pool-403-thread-1] INFO  server.RaftServerConfigKeys (ConfUtils.java:logGet(43)) - raft.server.log.segment.size.max = 1048576 (custom)
2019-10-18 13:57:18,054 [pool-393-thread-1] INFO  server.RaftServerConfigKeys (ConfUtils.java:logGet(43)) - raft.server.log.force.sync.num = 128 (default)
2019-10-18 13:57:18,054 [pool-383-thread-1] INFO  server.RaftServerConfigKeys (ConfUtils.java:logGet(43)) - raft.server.log.segment.size.max = 1048576 (custom)
2019-10-18 13:57:18,054 [pool-393-thread-1] INFO  server.RaftServerConfigKeys (ConfUtils.java:logGet(43)) - raft.server.log.statemachine.data.sync = true (default)
2019-10-18 13:57:18,054 [pool-403-thread-1] INFO  server.RaftServerConfigKeys (ConfUtils.java:logGet(43)) - raft.server.log.preallocated.size = 16384 (custom)
2019-10-18 13:57:18,054 [pool-393-thread-1] INFO  server.RaftServerConfigKeys (ConfUtils.java:logGet(43)) - raft.server.log.statemachine.data.sync.timeout = 10s (default)
2019-10-18 13:57:18,054 [pool-383-thread-1] INFO  server.RaftServerConfigKeys (ConfUtils.java:logGet(43)) - raft.server.log.preallocated.size = 16384 (custom)
2019-10-18 13:57:18,054 [pool-393-thread-1] INFO  server.RaftServerConfigKeys (ConfUtils.java:logGet(43)) - raft.server.log.statemachine.data.sync.timeout.retry = -1 (default)
2019-10-18 13:57:18,054 [pool-403-thread-1] INFO  server.RaftServerConfigKeys (ConfUtils.java:logGet(43)) - raft.server.log.write.buffer.size = 33554432 (custom)
2019-10-18 13:57:18,055 [pool-403-thread-1] INFO  server.RaftServerConfigKeys (ConfUtils.java:logGet(43)) - raft.server.log.force.sync.num = 128 (default)
2019-10-18 13:57:18,055 [pool-383-thread-1] INFO  server.RaftServerConfigKeys (ConfUtils.java:logGet(43)) - raft.server.log.write.buffer.size = 33554432 (custom)
2019-10-18 13:57:18,055 [pool-403-thread-1] INFO  server.RaftServerConfigKeys (ConfUtils.java:logGet(43)) - raft.server.log.statemachine.data.sync = true (default)
2019-10-18 13:57:18,055 [pool-403-thread-1] INFO  server.RaftServerConfigKeys (ConfUtils.java:logGet(43)) - raft.server.log.statemachine.data.sync.timeout = 10s (default)
2019-10-18 13:57:18,055 [pool-393-thread-1] INFO  server.RaftServerConfigKeys (ConfUtils.java:logGet(43)) - raft.server.log.statemachine.data.caching.enabled = true (custom)
2019-10-18 13:57:18,055 [pool-403-thread-1] INFO  server.RaftServerConfigKeys (ConfUtils.java:logGet(43)) - raft.server.log.statemachine.data.sync.timeout.retry = -1 (default)
2019-10-18 13:57:18,055 [pool-383-thread-1] INFO  server.RaftServerConfigKeys (ConfUtils.java:logGet(43)) - raft.server.log.force.sync.num = 128 (default)
2019-10-18 13:57:18,055 [pool-403-thread-1] INFO  server.RaftServerConfigKeys (ConfUtils.java:logGet(43)) - raft.server.log.statemachine.data.caching.enabled = true (custom)
2019-10-18 13:57:18,055 [pool-383-thread-1] INFO  server.RaftServerConfigKeys (ConfUtils.java:logGet(43)) - raft.server.log.statemachine.data.sync = true (default)
2019-10-18 13:57:18,055 [pool-393-thread-1] INFO  segmented.SegmentedRaftLogWorker (SegmentedRaftLogWorker.java:lambda$new$0(128)) - 62e65786-d471-4ea9-88e1-e005cc6fe5d2@group-8DE2CD5B60C6-SegmentedRaftLogWorker: flushIndex: setUnconditionally 0 -> -1
2019-10-18 13:57:18,056 [pool-403-thread-1] INFO  segmented.SegmentedRaftLogWorker (SegmentedRaftLogWorker.java:lambda$new$0(128)) - b16ea328-00cd-4f3d-a12b-8ef29d09128f@group-8DE2CD5B60C6-SegmentedRaftLogWorker: flushIndex: setUnconditionally 0 -> -1
2019-10-18 13:57:18,056 [pool-383-thread-1] INFO  server.RaftServerConfigKeys (ConfUtils.java:logGet(43)) - raft.server.log.statemachine.data.sync.timeout = 10s (default)
2019-10-18 13:57:18,056 [pool-393-thread-1] INFO  server.RaftServerConfigKeys (ConfUtils.java:logGet(43)) - raft.server.snapshot.auto.trigger.enabled = true (custom)
2019-10-18 13:57:18,056 [pool-403-thread-1] INFO  server.RaftServerConfigKeys (ConfUtils.java:logGet(43)) - raft.server.snapshot.auto.trigger.enabled = true (custom)
2019-10-18 13:57:18,056 [pool-383-thread-1] INFO  server.RaftServerConfigKeys (ConfUtils.java:logGet(43)) - raft.server.log.statemachine.data.sync.timeout.retry = -1 (default)
2019-10-18 13:57:18,056 [pool-403-thread-1] INFO  server.RaftServerConfigKeys (ConfUtils.java:logGet(43)) - raft.server.snapshot.auto.trigger.threshold = 10000 (custom)
2019-10-18 13:57:18,056 [pool-403-thread-1] INFO  server.RaftServerConfigKeys (ConfUtils.java:logGet(43)) - raft.server.snapshot.retention.file.num = 5 (custom)
2019-10-18 13:57:18,056 [pool-393-thread-1] INFO  server.RaftServerConfigKeys (ConfUtils.java:logGet(43)) - raft.server.snapshot.auto.trigger.threshold = 10000 (custom)
2019-10-18 13:57:18,056 [pool-403-thread-1] INFO  server.RaftServerConfigKeys (ConfUtils.java:logGet(43)) - raft.server.retrycache.expirytime = 600000ms (custom)
2019-10-18 13:57:18,056 [pool-383-thread-1] INFO  server.RaftServerConfigKeys (ConfUtils.java:logGet(43)) - raft.server.log.statemachine.data.caching.enabled = true (custom)
2019-10-18 13:57:18,056 [pool-393-thread-1] INFO  server.RaftServerConfigKeys (ConfUtils.java:logGet(43)) - raft.server.snapshot.retention.file.num = 5 (custom)
2019-10-18 13:57:18,057 [pool-393-thread-1] INFO  server.RaftServerConfigKeys (ConfUtils.java:logGet(43)) - raft.server.retrycache.expirytime = 600000ms (custom)
2019-10-18 13:57:18,057 [pool-383-thread-1] INFO  segmented.SegmentedRaftLogWorker (SegmentedRaftLogWorker.java:lambda$new$0(128)) - 7b8c9e6a-f170-4881-8c70-63ed6b115387@group-8DE2CD5B60C6-SegmentedRaftLogWorker: flushIndex: setUnconditionally 0 -> -1
2019-10-18 13:57:18,057 [pool-383-thread-1] INFO  server.RaftServerConfigKeys (ConfUtils.java:logGet(43)) - raft.server.snapshot.auto.trigger.enabled = true (custom)
2019-10-18 13:57:18,057 [pool-383-thread-1] INFO  server.RaftServerConfigKeys (ConfUtils.java:logGet(43)) - raft.server.snapshot.auto.trigger.threshold = 10000 (custom)
2019-10-18 13:57:18,057 [pool-383-thread-1] INFO  server.RaftServerConfigKeys (ConfUtils.java:logGet(43)) - raft.server.snapshot.retention.file.num = 5 (custom)
2019-10-18 13:57:18,058 [pool-383-thread-1] INFO  server.RaftServerConfigKeys (ConfUtils.java:logGet(43)) - raft.server.retrycache.expirytime = 600000ms (custom)
2019-10-18 13:57:18,060 [pool-403-thread-1] INFO  impl.RaftServerImpl (RaftServerImpl.java:start(181)) - b16ea328-00cd-4f3d-a12b-8ef29d09128f@group-8DE2CD5B60C6: start as a follower, conf=-1: [7b8c9e6a-f170-4881-8c70-63ed6b115387:192.168.157.239:37880, 62e65786-d471-4ea9-88e1-e005cc6fe5d2:192.168.157.239:40203, b16ea328-00cd-4f3d-a12b-8ef29d09128f:192.168.157.239:39988], old=null
2019-10-18 13:57:18,060 [pool-393-thread-1] INFO  impl.RaftServerImpl (RaftServerImpl.java:start(181)) - 62e65786-d471-4ea9-88e1-e005cc6fe5d2@group-8DE2CD5B60C6: start as a follower, conf=-1: [7b8c9e6a-f170-4881-8c70-63ed6b115387:192.168.157.239:37880, 62e65786-d471-4ea9-88e1-e005cc6fe5d2:192.168.157.239:40203, b16ea328-00cd-4f3d-a12b-8ef29d09128f:192.168.157.239:39988], old=null
2019-10-18 13:57:18,060 [pool-403-thread-1] INFO  impl.RaftServerImpl (RaftServerImpl.java:setRole(170)) - b16ea328-00cd-4f3d-a12b-8ef29d09128f@group-8DE2CD5B60C6: changes role from      null to FOLLOWER at term 0 for startAsFollower
2019-10-18 13:57:18,061 [pool-393-thread-1] INFO  impl.RaftServerImpl (RaftServerImpl.java:setRole(170)) - 62e65786-d471-4ea9-88e1-e005cc6fe5d2@group-8DE2CD5B60C6: changes role from      null to FOLLOWER at term 0 for startAsFollower
2019-10-18 13:57:18,061 [pool-403-thread-1] INFO  impl.RoleInfo (RoleInfo.java:updateAndGet(143)) - b16ea328-00cd-4f3d-a12b-8ef29d09128f: start FollowerState
2019-10-18 13:57:18,061 [pool-383-thread-1] INFO  impl.RaftServerImpl (RaftServerImpl.java:start(181)) - 7b8c9e6a-f170-4881-8c70-63ed6b115387@group-8DE2CD5B60C6: start as a follower, conf=-1: [7b8c9e6a-f170-4881-8c70-63ed6b115387:192.168.157.239:37880, 62e65786-d471-4ea9-88e1-e005cc6fe5d2:192.168.157.239:40203, b16ea328-00cd-4f3d-a12b-8ef29d09128f:192.168.157.239:39988], old=null
2019-10-18 13:57:18,061 [pool-393-thread-1] INFO  impl.RoleInfo (RoleInfo.java:updateAndGet(143)) - 62e65786-d471-4ea9-88e1-e005cc6fe5d2: start FollowerState
2019-10-18 13:57:18,061 [pool-383-thread-1] INFO  impl.RaftServerImpl (RaftServerImpl.java:setRole(170)) - 7b8c9e6a-f170-4881-8c70-63ed6b115387@group-8DE2CD5B60C6: changes role from      null to FOLLOWER at term 0 for startAsFollower
2019-10-18 13:57:18,061 [pool-403-thread-1] INFO  util.JmxRegister (JmxRegister.java:tryRegister(44)) - Successfully registered JMX Bean with object name Ratis:service=RaftServer,group=group-8DE2CD5B60C6,id=b16ea328-00cd-4f3d-a12b-8ef29d09128f
2019-10-18 13:57:18,061 [pool-383-thread-1] INFO  impl.RoleInfo (RoleInfo.java:updateAndGet(143)) - 7b8c9e6a-f170-4881-8c70-63ed6b115387: start FollowerState
2019-10-18 13:57:18,061 [pool-393-thread-1] INFO  util.JmxRegister (JmxRegister.java:tryRegister(44)) - Successfully registered JMX Bean with object name Ratis:service=RaftServer,group=group-8DE2CD5B60C6,id=62e65786-d471-4ea9-88e1-e005cc6fe5d2
2019-10-18 13:57:18,062 [pool-383-thread-1] INFO  util.JmxRegister (JmxRegister.java:tryRegister(44)) - Successfully registered JMX Bean with object name Ratis:service=RaftServer,group=group-8DE2CD5B60C6,id=7b8c9e6a-f170-4881-8c70-63ed6b115387
2019-10-18 13:57:18,072 [RatisPipelineUtilsThread] INFO  pipeline.PipelineStateManager (PipelineStateManager.java:addPipeline(56)) - Created pipeline Pipeline[ Id: bf1b77d0-de1b-4c77-821d-8de2cd5b60c6, Nodes: 62e65786-d471-4ea9-88e1-e005cc6fe5d2{ip: 192.168.157.239, host: pr-hdds-2281-wfpgn-3925442534, networkLocation: /default-rack, certSerialId: null}b16ea328-00cd-4f3d-a12b-8ef29d09128f{ip: 192.168.157.239, host: pr-hdds-2281-wfpgn-3925442534, networkLocation: /default-rack, certSerialId: null}7b8c9e6a-f170-4881-8c70-63ed6b115387{ip: 192.168.157.239, host: pr-hdds-2281-wfpgn-3925442534, networkLocation: /default-rack, certSerialId: null}, Type:RATIS, Factor:THREE, State:OPEN]
2019-10-18 13:57:18,079 [grpc-default-executor-8] INFO  impl.RaftServerProxy (RaftServerProxy.java:addNew(89)) - 1d4c4d1b-de56-4b6b-a065-89df82a2d1e0: addNew group-DE9E3C51C32B:[1d4c4d1b-de56-4b6b-a065-89df82a2d1e0:192.168.157.239:40209] returns group-DE9E3C51C32B:java.util.concurrent.CompletableFuture@3a863e6a[Not completed]
2019-10-18 13:57:18,080 [pool-413-thread-1] INFO  impl.RaftServerImpl (RaftServerImpl.java:<init>(95)) - 1d4c4d1b-de56-4b6b-a065-89df82a2d1e0: new RaftServerImpl for group-DE9E3C51C32B:[1d4c4d1b-de56-4b6b-a065-89df82a2d1e0:192.168.157.239:40209] with ContainerStateMachine:uninitialized
2019-10-18 13:57:18,082 [pool-413-thread-1] INFO  server.RaftServerConfigKeys (ConfUtils.java:logGet(43)) - raft.server.rpc.timeout.min = 5s (custom)
2019-10-18 13:57:18,082 [pool-413-thread-1] INFO  server.RaftServerConfigKeys (ConfUtils.java:logGet(43)) - raft.server.rpc.timeout.max = 5200ms (custom)
2019-10-18 13:57:18,082 [pool-413-thread-1] INFO  server.RaftServerConfigKeys (ConfUtils.java:logGet(43)) - raft.server.rpcslowness.timeout = 120s (custom)
2019-10-18 13:57:18,082 [pool-413-thread-1] INFO  server.RaftServerConfigKeys (ConfUtils.java:logGet(43)) - raft.server.sleep.deviation.threshold = 300 (default)
2019-10-18 13:57:18,082 [pool-413-thread-1] INFO  server.RaftServerConfigKeys (ConfUtils.java:logGet(43)) - raft.server.log.appender.install.snapshot.enabled = false (custom)
2019-10-18 13:57:18,083 [pool-413-thread-1] INFO  impl.RaftServerImpl (ServerState.java:<init>(103)) - 1d4c4d1b-de56-4b6b-a065-89df82a2d1e0@group-DE9E3C51C32B: ConfigurationManager, init=-1: [1d4c4d1b-de56-4b6b-a065-89df82a2d1e0:192.168.157.239:40209], old=null, confs=<EMPTY_MAP>
2019-10-18 13:57:18,083 [pool-413-thread-1] INFO  server.RaftServerConfigKeys (ConfUtils.java:logGet(43)) - raft.server.storage.dir = [/workdir/hadoop-ozone/integration-test/target/test-dir/MiniOzoneClusterImpl-8a3750fb-3d25-424a-a3cd-d2dfc269c2c3/datanode-3/data/ratis] (custom)
2019-10-18 13:57:18,083 [pool-413-thread-1] INFO  server.RaftServerConfigKeys (ConfUtils.java:logGet(43)) - raft.server.log.corruption.policy = EXCEPTION (default)
2019-10-18 13:57:18,083 [pool-413-thread-1] INFO  storage.RaftStorageDirectory (RaftStorageDirectory.java:analyzeStorage(246)) - The storage directory /workdir/hadoop-ozone/integration-test/target/test-dir/MiniOzoneClusterImpl-8a3750fb-3d25-424a-a3cd-d2dfc269c2c3/datanode-3/data/ratis/18375f0e-3dfd-415e-a812-de9e3c51c32b does not exist. Creating ...
2019-10-18 13:57:18,097 [pool-413-thread-1] INFO  storage.RaftStorageDirectory (RaftStorageDirectory.java:tryLock(328)) - Lock on /workdir/hadoop-ozone/integration-test/target/test-dir/MiniOzoneClusterImpl-8a3750fb-3d25-424a-a3cd-d2dfc269c2c3/datanode-3/data/ratis/18375f0e-3dfd-415e-a812-de9e3c51c32b/in_use.lock acquired by nodename 4327@pr-hdds-2281-wfpgn-3925442534
2019-10-18 13:57:18,127 [pool-413-thread-1] INFO  storage.RaftStorage (RaftStorage.java:format(84)) - Storage directory /workdir/hadoop-ozone/integration-test/target/test-dir/MiniOzoneClusterImpl-8a3750fb-3d25-424a-a3cd-d2dfc269c2c3/datanode-3/data/ratis/18375f0e-3dfd-415e-a812-de9e3c51c32b has been successfully formatted.
2019-10-18 13:57:18,127 [pool-413-thread-1] INFO  ratis.ContainerStateMachine (ContainerStateMachine.java:loadSnapshot(231)) - group-DE9E3C51C32B: The snapshot info is null. Setting the last applied indexto:(t:0, i:~)
2019-10-18 13:57:18,127 [pool-413-thread-1] INFO  server.RaftServerConfigKeys (ConfUtils.java:logGet(43)) - raft.server.notification.no-leader.timeout = 120s (custom)
2019-10-18 13:57:18,128 [pool-413-thread-1] INFO  server.RaftServerConfigKeys (ConfUtils.java:logGet(43)) - raft.server.log.use.memory = false (default)
2019-10-18 13:57:18,128 [pool-413-thread-1] INFO  server.RaftServerConfigKeys (ConfUtils.java:logGet(43)) - raft.server.log.purge.gap = 1000000 (custom)
2019-10-18 13:57:18,128 [pool-413-thread-1] INFO  server.RaftServerConfigKeys (ConfUtils.java:logGet(43)) - raft.server.log.appender.buffer.byte-limit = 33554432 (custom)
2019-10-18 13:57:18,128 [pool-413-thread-1] INFO  server.RaftServerConfigKeys (ConfUtils.java:logGet(43)) - raft.server.log.segment.size.max = 1048576 (custom)
2019-10-18 13:57:18,129 [pool-413-thread-1] INFO  server.RaftServerConfigKeys (ConfUtils.java:logGet(43)) - raft.server.log.segment.cache.num.max = 2 (custom)
2019-10-18 13:57:18,129 [pool-413-thread-1] INFO  segmented.SegmentedRaftLogWorker (SegmentedRaftLogWorker.java:<init>(173)) - new 1d4c4d1b-de56-4b6b-a065-89df82a2d1e0@group-DE9E3C51C32B-SegmentedRaftLogWorker for RaftStorage:Storage Directory /workdir/hadoop-ozone/integration-test/target/test-dir/MiniOzoneClusterImpl-8a3750fb-3d25-424a-a3cd-d2dfc269c2c3/datanode-3/data/ratis/18375f0e-3dfd-415e-a812-de9e3c51c32b
2019-10-18 13:57:18,129 [pool-413-thread-1] INFO  server.RaftServerConfigKeys (ConfUtils.java:logGet(43)) - raft.server.log.queue.byte-limit = 2147483647 (custom)
2019-10-18 13:57:18,129 [pool-413-thread-1] INFO  server.RaftServerConfigKeys (ConfUtils.java:logGet(43)) - raft.server.log.queue.element-limit = 1024 (custom)
2019-10-18 13:57:18,129 [pool-413-thread-1] INFO  server.RaftServerConfigKeys (ConfUtils.java:logGet(43)) - raft.server.log.segment.size.max = 1048576 (custom)
2019-10-18 13:57:18,129 [pool-413-thread-1] INFO  server.RaftServerConfigKeys (ConfUtils.java:logGet(43)) - raft.server.log.preallocated.size = 16384 (custom)
2019-10-18 13:57:18,130 [pool-413-thread-1] INFO  server.RaftServerConfigKeys (ConfUtils.java:logGet(43)) - raft.server.log.write.buffer.size = 33554432 (custom)
2019-10-18 13:57:18,130 [pool-413-thread-1] INFO  server.RaftServerConfigKeys (ConfUtils.java:logGet(43)) - raft.server.log.force.sync.num = 128 (default)
2019-10-18 13:57:18,130 [pool-413-thread-1] INFO  server.RaftServerConfigKeys (ConfUtils.java:logGet(43)) - raft.server.log.statemachine.data.sync = true (default)
2019-10-18 13:57:18,130 [pool-413-thread-1] INFO  server.RaftServerConfigKeys (ConfUtils.java:logGet(43)) - raft.server.log.statemachine.data.sync.timeout = 10s (default)
2019-10-18 13:57:18,130 [pool-413-thread-1] INFO  server.RaftServerConfigKeys (ConfUtils.java:logGet(43)) - raft.server.log.statemachine.data.sync.timeout.retry = -1 (default)
2019-10-18 13:57:18,130 [pool-413-thread-1] INFO  server.RaftServerConfigKeys (ConfUtils.java:logGet(43)) - raft.server.log.statemachine.data.caching.enabled = true (custom)
2019-10-18 13:57:18,130 [pool-413-thread-1] INFO  segmented.SegmentedRaftLogWorker (SegmentedRaftLogWorker.java:lambda$new$0(128)) - 1d4c4d1b-de56-4b6b-a065-89df82a2d1e0@group-DE9E3C51C32B-SegmentedRaftLogWorker: flushIndex: setUnconditionally 0 -> -1
2019-10-18 13:57:18,130 [pool-413-thread-1] INFO  server.RaftServerConfigKeys (ConfUtils.java:logGet(43)) - raft.server.snapshot.auto.trigger.enabled = true (custom)
2019-10-18 13:57:18,131 [pool-413-thread-1] INFO  server.RaftServerConfigKeys (ConfUtils.java:logGet(43)) - raft.server.snapshot.auto.trigger.threshold = 10000 (custom)
2019-10-18 13:57:18,131 [pool-413-thread-1] INFO  server.RaftServerConfigKeys (ConfUtils.java:logGet(43)) - raft.server.snapshot.retention.file.num = 5 (custom)
2019-10-18 13:57:18,131 [pool-413-thread-1] INFO  server.RaftServerConfigKeys (ConfUtils.java:logGet(43)) - raft.server.retrycache.expirytime = 600000ms (custom)
2019-10-18 13:57:18,132 [IPC Server handler 6 on 46427] INFO  net.NetworkTopology (NetworkTopologyImpl.java:add(111)) - Added a new node: /default-rack/f2765c75-2fdb-40be-82bb-4b7afa7583ff
2019-10-18 13:57:18,132 [IPC Server handler 6 on 46427] INFO  node.SCMNodeManager (SCMNodeManager.java:register(268)) - Registered Data node : f2765c75-2fdb-40be-82bb-4b7afa7583ff{ip: 192.168.157.239, host: pr-hdds-2281-wfpgn-3925442534, networkLocation: /default-rack, certSerialId: null}
2019-10-18 13:57:18,132 [pool-413-thread-1] INFO  impl.RaftServerImpl (RaftServerImpl.java:start(181)) - 1d4c4d1b-de56-4b6b-a065-89df82a2d1e0@group-DE9E3C51C32B: start as a follower, conf=-1: [1d4c4d1b-de56-4b6b-a065-89df82a2d1e0:192.168.157.239:40209], old=null
2019-10-18 13:57:18,132 [pool-413-thread-1] INFO  impl.RaftServerImpl (RaftServerImpl.java:setRole(170)) - 1d4c4d1b-de56-4b6b-a065-89df82a2d1e0@group-DE9E3C51C32B: changes role from      null to FOLLOWER at term 0 for startAsFollower
2019-10-18 13:57:18,132 [pool-413-thread-1] INFO  impl.RoleInfo (RoleInfo.java:updateAndGet(143)) - 1d4c4d1b-de56-4b6b-a065-89df82a2d1e0: start FollowerState
2019-10-18 13:57:18,133 [pool-413-thread-1] INFO  util.JmxRegister (JmxRegister.java:tryRegister(44)) - Successfully registered JMX Bean with object name Ratis:service=RaftServer,group=group-DE9E3C51C32B,id=1d4c4d1b-de56-4b6b-a065-89df82a2d1e0
2019-10-18 13:57:18,139 [RatisPipelineUtilsThread] INFO  pipeline.PipelineStateManager (PipelineStateManager.java:addPipeline(56)) - Created pipeline Pipeline[ Id: 18375f0e-3dfd-415e-a812-de9e3c51c32b, Nodes: 1d4c4d1b-de56-4b6b-a065-89df82a2d1e0{ip: 192.168.157.239, host: pr-hdds-2281-wfpgn-3925442534, networkLocation: /default-rack, certSerialId: null}, Type:RATIS, Factor:ONE, State:OPEN]
2019-10-18 13:57:18,146 [grpc-default-executor-8] INFO  impl.RaftServerProxy (RaftServerProxy.java:addNew(89)) - f2765c75-2fdb-40be-82bb-4b7afa7583ff: addNew group-0D1AD02D71B1:[f2765c75-2fdb-40be-82bb-4b7afa7583ff:192.168.157.239:33758] returns group-0D1AD02D71B1:java.util.concurrent.CompletableFuture@2fce4352[Not completed]
2019-10-18 13:57:18,147 [pool-423-thread-1] INFO  impl.RaftServerImpl (RaftServerImpl.java:<init>(95)) - f2765c75-2fdb-40be-82bb-4b7afa7583ff: new RaftServerImpl for group-0D1AD02D71B1:[f2765c75-2fdb-40be-82bb-4b7afa7583ff:192.168.157.239:33758] with ContainerStateMachine:uninitialized
2019-10-18 13:57:18,147 [pool-423-thread-1] INFO  server.RaftServerConfigKeys (ConfUtils.java:logGet(43)) - raft.server.rpc.timeout.min = 5s (custom)
2019-10-18 13:57:18,148 [pool-423-thread-1] INFO  server.RaftServerConfigKeys (ConfUtils.java:logGet(43)) - raft.server.rpc.timeout.max = 5200ms (custom)
2019-10-18 13:57:18,148 [pool-423-thread-1] INFO  server.RaftServerConfigKeys (ConfUtils.java:logGet(43)) - raft.server.rpcslowness.timeout = 120s (custom)
2019-10-18 13:57:18,148 [pool-423-thread-1] INFO  server.RaftServerConfigKeys (ConfUtils.java:logGet(43)) - raft.server.sleep.deviation.threshold = 300 (default)
2019-10-18 13:57:18,148 [pool-423-thread-1] INFO  server.RaftServerConfigKeys (ConfUtils.java:logGet(43)) - raft.server.log.appender.install.snapshot.enabled = false (custom)
2019-10-18 13:57:18,148 [pool-423-thread-1] INFO  impl.RaftServerImpl (ServerState.java:<init>(103)) - f2765c75-2fdb-40be-82bb-4b7afa7583ff@group-0D1AD02D71B1: ConfigurationManager, init=-1: [f2765c75-2fdb-40be-82bb-4b7afa7583ff:192.168.157.239:33758], old=null, confs=<EMPTY_MAP>
2019-10-18 13:57:18,148 [pool-423-thread-1] INFO  server.RaftServerConfigKeys (ConfUtils.java:logGet(43)) - raft.server.storage.dir = [/workdir/hadoop-ozone/integration-test/target/test-dir/MiniOzoneClusterImpl-8a3750fb-3d25-424a-a3cd-d2dfc269c2c3/datanode-4/data/ratis] (custom)
2019-10-18 13:57:18,148 [pool-423-thread-1] INFO  server.RaftServerConfigKeys (ConfUtils.java:logGet(43)) - raft.server.log.corruption.policy = EXCEPTION (default)
2019-10-18 13:57:18,148 [pool-423-thread-1] INFO  storage.RaftStorageDirectory (RaftStorageDirectory.java:analyzeStorage(246)) - The storage directory /workdir/hadoop-ozone/integration-test/target/test-dir/MiniOzoneClusterImpl-8a3750fb-3d25-424a-a3cd-d2dfc269c2c3/datanode-4/data/ratis/2f5eb0c1-229f-498f-a4f8-0d1ad02d71b1 does not exist. Creating ...
2019-10-18 13:57:18,162 [pool-423-thread-1] INFO  storage.RaftStorageDirectory (RaftStorageDirectory.java:tryLock(328)) - Lock on /workdir/hadoop-ozone/integration-test/target/test-dir/MiniOzoneClusterImpl-8a3750fb-3d25-424a-a3cd-d2dfc269c2c3/datanode-4/data/ratis/2f5eb0c1-229f-498f-a4f8-0d1ad02d71b1/in_use.lock acquired by nodename 4327@pr-hdds-2281-wfpgn-3925442534
2019-10-18 13:57:18,175 [pool-423-thread-1] INFO  storage.RaftStorage (RaftStorage.java:format(84)) - Storage directory /workdir/hadoop-ozone/integration-test/target/test-dir/MiniOzoneClusterImpl-8a3750fb-3d25-424a-a3cd-d2dfc269c2c3/datanode-4/data/ratis/2f5eb0c1-229f-498f-a4f8-0d1ad02d71b1 has been successfully formatted.
2019-10-18 13:57:18,175 [pool-423-thread-1] INFO  ratis.ContainerStateMachine (ContainerStateMachine.java:loadSnapshot(231)) - group-0D1AD02D71B1: The snapshot info is null. Setting the last applied indexto:(t:0, i:~)
2019-10-18 13:57:18,175 [pool-423-thread-1] INFO  server.RaftServerConfigKeys (ConfUtils.java:logGet(43)) - raft.server.notification.no-leader.timeout = 120s (custom)
2019-10-18 13:57:18,176 [pool-423-thread-1] INFO  server.RaftServerConfigKeys (ConfUtils.java:logGet(43)) - raft.server.log.use.memory = false (default)
2019-10-18 13:57:18,176 [pool-423-thread-1] INFO  server.RaftServerConfigKeys (ConfUtils.java:logGet(43)) - raft.server.log.purge.gap = 1000000 (custom)
2019-10-18 13:57:18,176 [pool-423-thread-1] INFO  server.RaftServerConfigKeys (ConfUtils.java:logGet(43)) - raft.server.log.appender.buffer.byte-limit = 33554432 (custom)
2019-10-18 13:57:18,176 [pool-423-thread-1] INFO  server.RaftServerConfigKeys (ConfUtils.java:logGet(43)) - raft.server.log.segment.size.max = 1048576 (custom)
2019-10-18 13:57:18,177 [pool-423-thread-1] INFO  server.RaftServerConfigKeys (ConfUtils.java:logGet(43)) - raft.server.log.segment.cache.num.max = 2 (custom)
2019-10-18 13:57:18,178 [pool-423-thread-1] INFO  segmented.SegmentedRaftLogWorker (SegmentedRaftLogWorker.java:<init>(173)) - new f2765c75-2fdb-40be-82bb-4b7afa7583ff@group-0D1AD02D71B1-SegmentedRaftLogWorker for RaftStorage:Storage Directory /workdir/hadoop-ozone/integration-test/target/test-dir/MiniOzoneClusterImpl-8a3750fb-3d25-424a-a3cd-d2dfc269c2c3/datanode-4/data/ratis/2f5eb0c1-229f-498f-a4f8-0d1ad02d71b1
2019-10-18 13:57:18,178 [pool-423-thread-1] INFO  server.RaftServerConfigKeys (ConfUtils.java:logGet(43)) - raft.server.log.queue.byte-limit = 2147483647 (custom)
2019-10-18 13:57:18,178 [pool-423-thread-1] INFO  server.RaftServerConfigKeys (ConfUtils.java:logGet(43)) - raft.server.log.queue.element-limit = 1024 (custom)
2019-10-18 13:57:18,178 [pool-423-thread-1] INFO  server.RaftServerConfigKeys (ConfUtils.java:logGet(43)) - raft.server.log.segment.size.max = 1048576 (custom)
2019-10-18 13:57:18,178 [pool-423-thread-1] INFO  server.RaftServerConfigKeys (ConfUtils.java:logGet(43)) - raft.server.log.preallocated.size = 16384 (custom)
2019-10-18 13:57:18,178 [pool-423-thread-1] INFO  server.RaftServerConfigKeys (ConfUtils.java:logGet(43)) - raft.server.log.write.buffer.size = 33554432 (custom)
2019-10-18 13:57:18,178 [pool-423-thread-1] INFO  server.RaftServerConfigKeys (ConfUtils.java:logGet(43)) - raft.server.log.force.sync.num = 128 (default)
2019-10-18 13:57:18,178 [pool-423-thread-1] INFO  server.RaftServerConfigKeys (ConfUtils.java:logGet(43)) - raft.server.log.statemachine.data.sync = true (default)
2019-10-18 13:57:18,178 [pool-423-thread-1] INFO  server.RaftServerConfigKeys (ConfUtils.java:logGet(43)) - raft.server.log.statemachine.data.sync.timeout = 10s (default)
2019-10-18 13:57:18,178 [pool-423-thread-1] INFO  server.RaftServerConfigKeys (ConfUtils.java:logGet(43)) - raft.server.log.statemachine.data.sync.timeout.retry = -1 (default)
2019-10-18 13:57:18,179 [pool-423-thread-1] INFO  server.RaftServerConfigKeys (ConfUtils.java:logGet(43)) - raft.server.log.statemachine.data.caching.enabled = true (custom)
2019-10-18 13:57:18,179 [pool-423-thread-1] INFO  segmented.SegmentedRaftLogWorker (SegmentedRaftLogWorker.java:lambda$new$0(128)) - f2765c75-2fdb-40be-82bb-4b7afa7583ff@group-0D1AD02D71B1-SegmentedRaftLogWorker: flushIndex: setUnconditionally 0 -> -1
2019-10-18 13:57:18,179 [pool-423-thread-1] INFO  server.RaftServerConfigKeys (ConfUtils.java:logGet(43)) - raft.server.snapshot.auto.trigger.enabled = true (custom)
2019-10-18 13:57:18,179 [pool-423-thread-1] INFO  server.RaftServerConfigKeys (ConfUtils.java:logGet(43)) - raft.server.snapshot.auto.trigger.threshold = 10000 (custom)
2019-10-18 13:57:18,179 [pool-423-thread-1] INFO  server.RaftServerConfigKeys (ConfUtils.java:logGet(43)) - raft.server.snapshot.retention.file.num = 5 (custom)
2019-10-18 13:57:18,179 [pool-423-thread-1] INFO  server.RaftServerConfigKeys (ConfUtils.java:logGet(43)) - raft.server.retrycache.expirytime = 600000ms (custom)
2019-10-18 13:57:18,181 [pool-423-thread-1] INFO  impl.RaftServerImpl (RaftServerImpl.java:start(181)) - f2765c75-2fdb-40be-82bb-4b7afa7583ff@group-0D1AD02D71B1: start as a follower, conf=-1: [f2765c75-2fdb-40be-82bb-4b7afa7583ff:192.168.157.239:33758], old=null
2019-10-18 13:57:18,181 [pool-423-thread-1] INFO  impl.RaftServerImpl (RaftServerImpl.java:setRole(170)) - f2765c75-2fdb-40be-82bb-4b7afa7583ff@group-0D1AD02D71B1: changes role from      null to FOLLOWER at term 0 for startAsFollower
2019-10-18 13:57:18,181 [pool-423-thread-1] INFO  impl.RoleInfo (RoleInfo.java:updateAndGet(143)) - f2765c75-2fdb-40be-82bb-4b7afa7583ff: start FollowerState
2019-10-18 13:57:18,181 [pool-423-thread-1] INFO  util.JmxRegister (JmxRegister.java:tryRegister(44)) - Successfully registered JMX Bean with object name Ratis:service=RaftServer,group=group-0D1AD02D71B1,id=f2765c75-2fdb-40be-82bb-4b7afa7583ff
2019-10-18 13:57:18,187 [RatisPipelineUtilsThread] INFO  pipeline.PipelineStateManager (PipelineStateManager.java:addPipeline(56)) - Created pipeline Pipeline[ Id: 2f5eb0c1-229f-498f-a4f8-0d1ad02d71b1, Nodes: f2765c75-2fdb-40be-82bb-4b7afa7583ff{ip: 192.168.157.239, host: pr-hdds-2281-wfpgn-3925442534, networkLocation: /default-rack, certSerialId: null}, Type:RATIS, Factor:ONE, State:OPEN]
2019-10-18 13:57:18,223 [IPC Server handler 0 on 46427] INFO  net.NetworkTopology (NetworkTopologyImpl.java:add(111)) - Added a new node: /default-rack/e32dc334-fb80-4e0c-a53a-d822a4f067ce
2019-10-18 13:57:18,223 [IPC Server handler 0 on 46427] INFO  node.SCMNodeManager (SCMNodeManager.java:register(268)) - Registered Data node : e32dc334-fb80-4e0c-a53a-d822a4f067ce{ip: 192.168.157.239, host: pr-hdds-2281-wfpgn-3925442534, networkLocation: /default-rack, certSerialId: null}
2019-10-18 13:57:18,229 [grpc-default-executor-8] INFO  impl.RaftServerProxy (RaftServerProxy.java:addNew(89)) - e32dc334-fb80-4e0c-a53a-d822a4f067ce: addNew group-7D0A5CFDEC9E:[e32dc334-fb80-4e0c-a53a-d822a4f067ce:192.168.157.239:36578] returns group-7D0A5CFDEC9E:java.util.concurrent.CompletableFuture@19a49d44[Not completed]
2019-10-18 13:57:18,230 [pool-433-thread-1] INFO  impl.RaftServerImpl (RaftServerImpl.java:<init>(95)) - e32dc334-fb80-4e0c-a53a-d822a4f067ce: new RaftServerImpl for group-7D0A5CFDEC9E:[e32dc334-fb80-4e0c-a53a-d822a4f067ce:192.168.157.239:36578] with ContainerStateMachine:uninitialized
2019-10-18 13:57:18,230 [pool-433-thread-1] INFO  server.RaftServerConfigKeys (ConfUtils.java:logGet(43)) - raft.server.rpc.timeout.min = 5s (custom)
2019-10-18 13:57:18,231 [pool-433-thread-1] INFO  server.RaftServerConfigKeys (ConfUtils.java:logGet(43)) - raft.server.rpc.timeout.max = 5200ms (custom)
2019-10-18 13:57:18,231 [pool-433-thread-1] INFO  server.RaftServerConfigKeys (ConfUtils.java:logGet(43)) - raft.server.rpcslowness.timeout = 120s (custom)
2019-10-18 13:57:18,231 [pool-433-thread-1] INFO  server.RaftServerConfigKeys (ConfUtils.java:logGet(43)) - raft.server.sleep.deviation.threshold = 300 (default)
2019-10-18 13:57:18,231 [pool-433-thread-1] INFO  server.RaftServerConfigKeys (ConfUtils.java:logGet(43)) - raft.server.log.appender.install.snapshot.enabled = false (custom)
2019-10-18 13:57:18,231 [pool-433-thread-1] INFO  impl.RaftServerImpl (ServerState.java:<init>(103)) - e32dc334-fb80-4e0c-a53a-d822a4f067ce@group-7D0A5CFDEC9E: ConfigurationManager, init=-1: [e32dc334-fb80-4e0c-a53a-d822a4f067ce:192.168.157.239:36578], old=null, confs=<EMPTY_MAP>
2019-10-18 13:57:18,231 [pool-433-thread-1] INFO  server.RaftServerConfigKeys (ConfUtils.java:logGet(43)) - raft.server.storage.dir = [/workdir/hadoop-ozone/integration-test/target/test-dir/MiniOzoneClusterImpl-8a3750fb-3d25-424a-a3cd-d2dfc269c2c3/datanode-5/data/ratis] (custom)
2019-10-18 13:57:18,231 [pool-433-thread-1] INFO  server.RaftServerConfigKeys (ConfUtils.java:logGet(43)) - raft.server.log.corruption.policy = EXCEPTION (default)
2019-10-18 13:57:18,231 [pool-433-thread-1] INFO  storage.RaftStorageDirectory (RaftStorageDirectory.java:analyzeStorage(246)) - The storage directory /workdir/hadoop-ozone/integration-test/target/test-dir/MiniOzoneClusterImpl-8a3750fb-3d25-424a-a3cd-d2dfc269c2c3/datanode-5/data/ratis/0da701ec-0e30-47ca-bd3c-7d0a5cfdec9e does not exist. Creating ...
2019-10-18 13:57:18,245 [pool-433-thread-1] INFO  storage.RaftStorageDirectory (RaftStorageDirectory.java:tryLock(328)) - Lock on /workdir/hadoop-ozone/integration-test/target/test-dir/MiniOzoneClusterImpl-8a3750fb-3d25-424a-a3cd-d2dfc269c2c3/datanode-5/data/ratis/0da701ec-0e30-47ca-bd3c-7d0a5cfdec9e/in_use.lock acquired by nodename 4327@pr-hdds-2281-wfpgn-3925442534
2019-10-18 13:57:18,259 [pool-433-thread-1] INFO  storage.RaftStorage (RaftStorage.java:format(84)) - Storage directory /workdir/hadoop-ozone/integration-test/target/test-dir/MiniOzoneClusterImpl-8a3750fb-3d25-424a-a3cd-d2dfc269c2c3/datanode-5/data/ratis/0da701ec-0e30-47ca-bd3c-7d0a5cfdec9e has been successfully formatted.
2019-10-18 13:57:18,259 [pool-433-thread-1] INFO  ratis.ContainerStateMachine (ContainerStateMachine.java:loadSnapshot(231)) - group-7D0A5CFDEC9E: The snapshot info is null. Setting the last applied indexto:(t:0, i:~)
2019-10-18 13:57:18,259 [pool-433-thread-1] INFO  server.RaftServerConfigKeys (ConfUtils.java:logGet(43)) - raft.server.notification.no-leader.timeout = 120s (custom)
2019-10-18 13:57:18,259 [pool-433-thread-1] INFO  server.RaftServerConfigKeys (ConfUtils.java:logGet(43)) - raft.server.log.use.memory = false (default)
2019-10-18 13:57:18,259 [pool-433-thread-1] INFO  server.RaftServerConfigKeys (ConfUtils.java:logGet(43)) - raft.server.log.purge.gap = 1000000 (custom)
2019-10-18 13:57:18,259 [pool-433-thread-1] INFO  server.RaftServerConfigKeys (ConfUtils.java:logGet(43)) - raft.server.log.appender.buffer.byte-limit = 33554432 (custom)
2019-10-18 13:57:18,259 [pool-433-thread-1] INFO  server.RaftServerConfigKeys (ConfUtils.java:logGet(43)) - raft.server.log.segment.size.max = 1048576 (custom)
2019-10-18 13:57:18,260 [pool-433-thread-1] INFO  server.RaftServerConfigKeys (ConfUtils.java:logGet(43)) - raft.server.log.segment.cache.num.max = 2 (custom)
2019-10-18 13:57:18,261 [pool-433-thread-1] INFO  segmented.SegmentedRaftLogWorker (SegmentedRaftLogWorker.java:<init>(173)) - new e32dc334-fb80-4e0c-a53a-d822a4f067ce@group-7D0A5CFDEC9E-SegmentedRaftLogWorker for RaftStorage:Storage Directory /workdir/hadoop-ozone/integration-test/target/test-dir/MiniOzoneClusterImpl-8a3750fb-3d25-424a-a3cd-d2dfc269c2c3/datanode-5/data/ratis/0da701ec-0e30-47ca-bd3c-7d0a5cfdec9e
2019-10-18 13:57:18,261 [pool-433-thread-1] INFO  server.RaftServerConfigKeys (ConfUtils.java:logGet(43)) - raft.server.log.queue.byte-limit = 2147483647 (custom)
2019-10-18 13:57:18,261 [pool-433-thread-1] INFO  server.RaftServerConfigKeys (ConfUtils.java:logGet(43)) - raft.server.log.queue.element-limit = 1024 (custom)
2019-10-18 13:57:18,261 [pool-433-thread-1] INFO  server.RaftServerConfigKeys (ConfUtils.java:logGet(43)) - raft.server.log.segment.size.max = 1048576 (custom)
2019-10-18 13:57:18,261 [pool-433-thread-1] INFO  server.RaftServerConfigKeys (ConfUtils.java:logGet(43)) - raft.server.log.preallocated.size = 16384 (custom)
2019-10-18 13:57:18,261 [pool-433-thread-1] INFO  server.RaftServerConfigKeys (ConfUtils.java:logGet(43)) - raft.server.log.write.buffer.size = 33554432 (custom)
2019-10-18 13:57:18,261 [pool-433-thread-1] INFO  server.RaftServerConfigKeys (ConfUtils.java:logGet(43)) - raft.server.log.force.sync.num = 128 (default)
2019-10-18 13:57:18,261 [pool-433-thread-1] INFO  server.RaftServerConfigKeys (ConfUtils.java:logGet(43)) - raft.server.log.statemachine.data.sync = true (default)
2019-10-18 13:57:18,261 [pool-433-thread-1] INFO  server.RaftServerConfigKeys (ConfUtils.java:logGet(43)) - raft.server.log.statemachine.data.sync.timeout = 10s (default)
2019-10-18 13:57:18,261 [pool-433-thread-1] INFO  server.RaftServerConfigKeys (ConfUtils.java:logGet(43)) - raft.server.log.statemachine.data.sync.timeout.retry = -1 (default)
2019-10-18 13:57:18,262 [pool-433-thread-1] INFO  server.RaftServerConfigKeys (ConfUtils.java:logGet(43)) - raft.server.log.statemachine.data.caching.enabled = true (custom)
2019-10-18 13:57:18,262 [pool-433-thread-1] INFO  segmented.SegmentedRaftLogWorker (SegmentedRaftLogWorker.java:lambda$new$0(128)) - e32dc334-fb80-4e0c-a53a-d822a4f067ce@group-7D0A5CFDEC9E-SegmentedRaftLogWorker: flushIndex: setUnconditionally 0 -> -1
2019-10-18 13:57:18,262 [pool-433-thread-1] INFO  server.RaftServerConfigKeys (ConfUtils.java:logGet(43)) - raft.server.snapshot.auto.trigger.enabled = true (custom)
2019-10-18 13:57:18,262 [pool-433-thread-1] INFO  server.RaftServerConfigKeys (ConfUtils.java:logGet(43)) - raft.server.snapshot.auto.trigger.threshold = 10000 (custom)
2019-10-18 13:57:18,262 [pool-433-thread-1] INFO  server.RaftServerConfigKeys (ConfUtils.java:logGet(43)) - raft.server.snapshot.retention.file.num = 5 (custom)
2019-10-18 13:57:18,262 [pool-433-thread-1] INFO  server.RaftServerConfigKeys (ConfUtils.java:logGet(43)) - raft.server.retrycache.expirytime = 600000ms (custom)
2019-10-18 13:57:18,263 [pool-433-thread-1] INFO  impl.RaftServerImpl (RaftServerImpl.java:start(181)) - e32dc334-fb80-4e0c-a53a-d822a4f067ce@group-7D0A5CFDEC9E: start as a follower, conf=-1: [e32dc334-fb80-4e0c-a53a-d822a4f067ce:192.168.157.239:36578], old=null
2019-10-18 13:57:18,263 [pool-433-thread-1] INFO  impl.RaftServerImpl (RaftServerImpl.java:setRole(170)) - e32dc334-fb80-4e0c-a53a-d822a4f067ce@group-7D0A5CFDEC9E: changes role from      null to FOLLOWER at term 0 for startAsFollower
2019-10-18 13:57:18,263 [pool-433-thread-1] INFO  impl.RoleInfo (RoleInfo.java:updateAndGet(143)) - e32dc334-fb80-4e0c-a53a-d822a4f067ce: start FollowerState
2019-10-18 13:57:18,264 [pool-433-thread-1] INFO  util.JmxRegister (JmxRegister.java:tryRegister(44)) - Successfully registered JMX Bean with object name Ratis:service=RaftServer,group=group-7D0A5CFDEC9E,id=e32dc334-fb80-4e0c-a53a-d822a4f067ce
2019-10-18 13:57:18,270 [RatisPipelineUtilsThread] INFO  pipeline.PipelineStateManager (PipelineStateManager.java:addPipeline(56)) - Created pipeline Pipeline[ Id: 0da701ec-0e30-47ca-bd3c-7d0a5cfdec9e, Nodes: e32dc334-fb80-4e0c-a53a-d822a4f067ce{ip: 192.168.157.239, host: pr-hdds-2281-wfpgn-3925442534, networkLocation: /default-rack, certSerialId: null}, Type:RATIS, Factor:ONE, State:OPEN]
2019-10-18 13:57:18,285 [grpc-default-executor-5] INFO  impl.RaftServerProxy (RaftServerProxy.java:addNew(89)) - e32dc334-fb80-4e0c-a53a-d822a4f067ce: addNew group-E9507E1BA7A9:[e32dc334-fb80-4e0c-a53a-d822a4f067ce:192.168.157.239:36578, f2765c75-2fdb-40be-82bb-4b7afa7583ff:192.168.157.239:33758, 1d4c4d1b-de56-4b6b-a065-89df82a2d1e0:192.168.157.239:40209] returns group-E9507E1BA7A9:java.util.concurrent.CompletableFuture@6ff8e2bc[Not completed]
2019-10-18 13:57:18,285 [grpc-default-executor-8] INFO  impl.RaftServerProxy (RaftServerProxy.java:addNew(89)) - f2765c75-2fdb-40be-82bb-4b7afa7583ff: addNew group-E9507E1BA7A9:[e32dc334-fb80-4e0c-a53a-d822a4f067ce:192.168.157.239:36578, f2765c75-2fdb-40be-82bb-4b7afa7583ff:192.168.157.239:33758, 1d4c4d1b-de56-4b6b-a065-89df82a2d1e0:192.168.157.239:40209] returns group-E9507E1BA7A9:java.util.concurrent.CompletableFuture@62d669fe[Not completed]
2019-10-18 13:57:18,285 [grpc-default-executor-11] INFO  impl.RaftServerProxy (RaftServerProxy.java:addNew(89)) - 1d4c4d1b-de56-4b6b-a065-89df82a2d1e0: addNew group-E9507E1BA7A9:[e32dc334-fb80-4e0c-a53a-d822a4f067ce:192.168.157.239:36578, f2765c75-2fdb-40be-82bb-4b7afa7583ff:192.168.157.239:33758, 1d4c4d1b-de56-4b6b-a065-89df82a2d1e0:192.168.157.239:40209] returns group-E9507E1BA7A9:java.util.concurrent.CompletableFuture@51a44410[Not completed]
2019-10-18 13:57:18,286 [pool-413-thread-1] INFO  impl.RaftServerImpl (RaftServerImpl.java:<init>(95)) - 1d4c4d1b-de56-4b6b-a065-89df82a2d1e0: new RaftServerImpl for group-E9507E1BA7A9:[e32dc334-fb80-4e0c-a53a-d822a4f067ce:192.168.157.239:36578, f2765c75-2fdb-40be-82bb-4b7afa7583ff:192.168.157.239:33758, 1d4c4d1b-de56-4b6b-a065-89df82a2d1e0:192.168.157.239:40209] with ContainerStateMachine:uninitialized
2019-10-18 13:57:18,286 [pool-413-thread-1] INFO  server.RaftServerConfigKeys (ConfUtils.java:logGet(43)) - raft.server.rpc.timeout.min = 5s (custom)
2019-10-18 13:57:18,286 [pool-413-thread-1] INFO  server.RaftServerConfigKeys (ConfUtils.java:logGet(43)) - raft.server.rpc.timeout.max = 5200ms (custom)
2019-10-18 13:57:18,286 [pool-413-thread-1] INFO  server.RaftServerConfigKeys (ConfUtils.java:logGet(43)) - raft.server.rpcslowness.timeout = 120s (custom)
2019-10-18 13:57:18,286 [pool-413-thread-1] INFO  server.RaftServerConfigKeys (ConfUtils.java:logGet(43)) - raft.server.sleep.deviation.threshold = 300 (default)
2019-10-18 13:57:18,286 [pool-423-thread-1] INFO  impl.RaftServerImpl (RaftServerImpl.java:<init>(95)) - f2765c75-2fdb-40be-82bb-4b7afa7583ff: new RaftServerImpl for group-E9507E1BA7A9:[e32dc334-fb80-4e0c-a53a-d822a4f067ce:192.168.157.239:36578, f2765c75-2fdb-40be-82bb-4b7afa7583ff:192.168.157.239:33758, 1d4c4d1b-de56-4b6b-a065-89df82a2d1e0:192.168.157.239:40209] with ContainerStateMachine:uninitialized
2019-10-18 13:57:18,286 [pool-413-thread-1] INFO  server.RaftServerConfigKeys (ConfUtils.java:logGet(43)) - raft.server.log.appender.install.snapshot.enabled = false (custom)
2019-10-18 13:57:18,286 [pool-423-thread-1] INFO  server.RaftServerConfigKeys (ConfUtils.java:logGet(43)) - raft.server.rpc.timeout.min = 5s (custom)
2019-10-18 13:57:18,286 [pool-413-thread-1] INFO  impl.RaftServerImpl (ServerState.java:<init>(103)) - 1d4c4d1b-de56-4b6b-a065-89df82a2d1e0@group-E9507E1BA7A9: ConfigurationManager, init=-1: [e32dc334-fb80-4e0c-a53a-d822a4f067ce:192.168.157.239:36578, f2765c75-2fdb-40be-82bb-4b7afa7583ff:192.168.157.239:33758, 1d4c4d1b-de56-4b6b-a065-89df82a2d1e0:192.168.157.239:40209], old=null, confs=<EMPTY_MAP>
2019-10-18 13:57:18,287 [pool-433-thread-1] INFO  impl.RaftServerImpl (RaftServerImpl.java:<init>(95)) - e32dc334-fb80-4e0c-a53a-d822a4f067ce: new RaftServerImpl for group-E9507E1BA7A9:[e32dc334-fb80-4e0c-a53a-d822a4f067ce:192.168.157.239:36578, f2765c75-2fdb-40be-82bb-4b7afa7583ff:192.168.157.239:33758, 1d4c4d1b-de56-4b6b-a065-89df82a2d1e0:192.168.157.239:40209] with ContainerStateMachine:uninitialized
2019-10-18 13:57:18,287 [pool-413-thread-1] INFO  server.RaftServerConfigKeys (ConfUtils.java:logGet(43)) - raft.server.storage.dir = [/workdir/hadoop-ozone/integration-test/target/test-dir/MiniOzoneClusterImpl-8a3750fb-3d25-424a-a3cd-d2dfc269c2c3/datanode-3/data/ratis] (custom)
2019-10-18 13:57:18,287 [pool-423-thread-1] INFO  server.RaftServerConfigKeys (ConfUtils.java:logGet(43)) - raft.server.rpc.timeout.max = 5200ms (custom)
2019-10-18 13:57:18,287 [pool-433-thread-1] INFO  server.RaftServerConfigKeys (ConfUtils.java:logGet(43)) - raft.server.rpc.timeout.min = 5s (custom)
2019-10-18 13:57:18,287 [pool-413-thread-1] INFO  server.RaftServerConfigKeys (ConfUtils.java:logGet(43)) - raft.server.log.corruption.policy = EXCEPTION (default)
2019-10-18 13:57:18,287 [pool-423-thread-1] INFO  server.RaftServerConfigKeys (ConfUtils.java:logGet(43)) - raft.server.rpcslowness.timeout = 120s (custom)
2019-10-18 13:57:18,287 [pool-433-thread-1] INFO  server.RaftServerConfigKeys (ConfUtils.java:logGet(43)) - raft.server.rpc.timeout.max = 5200ms (custom)
2019-10-18 13:57:18,287 [pool-423-thread-1] INFO  server.RaftServerConfigKeys (ConfUtils.java:logGet(43)) - raft.server.sleep.deviation.threshold = 300 (default)
2019-10-18 13:57:18,287 [pool-413-thread-1] INFO  storage.RaftStorageDirectory (RaftStorageDirectory.java:analyzeStorage(246)) - The storage directory /workdir/hadoop-ozone/integration-test/target/test-dir/MiniOzoneClusterImpl-8a3750fb-3d25-424a-a3cd-d2dfc269c2c3/datanode-3/data/ratis/7c6852ae-8397-4664-8866-e9507e1ba7a9 does not exist. Creating ...
2019-10-18 13:57:18,287 [pool-423-thread-1] INFO  server.RaftServerConfigKeys (ConfUtils.java:logGet(43)) - raft.server.log.appender.install.snapshot.enabled = false (custom)
2019-10-18 13:57:18,287 [pool-433-thread-1] INFO  server.RaftServerConfigKeys (ConfUtils.java:logGet(43)) - raft.server.rpcslowness.timeout = 120s (custom)
2019-10-18 13:57:18,288 [pool-423-thread-1] INFO  impl.RaftServerImpl (ServerState.java:<init>(103)) - f2765c75-2fdb-40be-82bb-4b7afa7583ff@group-E9507E1BA7A9: ConfigurationManager, init=-1: [e32dc334-fb80-4e0c-a53a-d822a4f067ce:192.168.157.239:36578, f2765c75-2fdb-40be-82bb-4b7afa7583ff:192.168.157.239:33758, 1d4c4d1b-de56-4b6b-a065-89df82a2d1e0:192.168.157.239:40209], old=null, confs=<EMPTY_MAP>
2019-10-18 13:57:18,288 [pool-433-thread-1] INFO  server.RaftServerConfigKeys (ConfUtils.java:logGet(43)) - raft.server.sleep.deviation.threshold = 300 (default)
2019-10-18 13:57:18,288 [pool-423-thread-1] INFO  server.RaftServerConfigKeys (ConfUtils.java:logGet(43)) - raft.server.storage.dir = [/workdir/hadoop-ozone/integration-test/target/test-dir/MiniOzoneClusterImpl-8a3750fb-3d25-424a-a3cd-d2dfc269c2c3/datanode-4/data/ratis] (custom)
2019-10-18 13:57:18,288 [pool-433-thread-1] INFO  server.RaftServerConfigKeys (ConfUtils.java:logGet(43)) - raft.server.log.appender.install.snapshot.enabled = false (custom)
2019-10-18 13:57:18,288 [pool-433-thread-1] INFO  impl.RaftServerImpl (ServerState.java:<init>(103)) - e32dc334-fb80-4e0c-a53a-d822a4f067ce@group-E9507E1BA7A9: ConfigurationManager, init=-1: [e32dc334-fb80-4e0c-a53a-d822a4f067ce:192.168.157.239:36578, f2765c75-2fdb-40be-82bb-4b7afa7583ff:192.168.157.239:33758, 1d4c4d1b-de56-4b6b-a065-89df82a2d1e0:192.168.157.239:40209], old=null, confs=<EMPTY_MAP>
2019-10-18 13:57:18,288 [pool-423-thread-1] INFO  server.RaftServerConfigKeys (ConfUtils.java:logGet(43)) - raft.server.log.corruption.policy = EXCEPTION (default)
2019-10-18 13:57:18,288 [pool-433-thread-1] INFO  server.RaftServerConfigKeys (ConfUtils.java:logGet(43)) - raft.server.storage.dir = [/workdir/hadoop-ozone/integration-test/target/test-dir/MiniOzoneClusterImpl-8a3750fb-3d25-424a-a3cd-d2dfc269c2c3/datanode-5/data/ratis] (custom)
2019-10-18 13:57:18,288 [pool-423-thread-1] INFO  storage.RaftStorageDirectory (RaftStorageDirectory.java:analyzeStorage(246)) - The storage directory /workdir/hadoop-ozone/integration-test/target/test-dir/MiniOzoneClusterImpl-8a3750fb-3d25-424a-a3cd-d2dfc269c2c3/datanode-4/data/ratis/7c6852ae-8397-4664-8866-e9507e1ba7a9 does not exist. Creating ...
2019-10-18 13:57:18,288 [pool-433-thread-1] INFO  server.RaftServerConfigKeys (ConfUtils.java:logGet(43)) - raft.server.log.corruption.policy = EXCEPTION (default)
2019-10-18 13:57:18,288 [pool-433-thread-1] INFO  storage.RaftStorageDirectory (RaftStorageDirectory.java:analyzeStorage(246)) - The storage directory /workdir/hadoop-ozone/integration-test/target/test-dir/MiniOzoneClusterImpl-8a3750fb-3d25-424a-a3cd-d2dfc269c2c3/datanode-5/data/ratis/7c6852ae-8397-4664-8866-e9507e1ba7a9 does not exist. Creating ...
2019-10-18 13:57:18,290 [IPC Server handler 2 on 46427] INFO  net.NetworkTopology (NetworkTopologyImpl.java:add(111)) - Added a new node: /default-rack/ebc82f6b-f27c-4747-80e9-92d48571062b
2019-10-18 13:57:18,290 [IPC Server handler 2 on 46427] INFO  node.SCMNodeManager (SCMNodeManager.java:register(268)) - Registered Data node : ebc82f6b-f27c-4747-80e9-92d48571062b{ip: 192.168.157.239, host: pr-hdds-2281-wfpgn-3925442534, networkLocation: /default-rack, certSerialId: null}
2019-10-18 13:57:18,299 [main] INFO  ozone.MiniOzoneClusterImpl (MiniOzoneClusterImpl.java:lambda$waitForClusterToBeReady$0(147)) - Cluster is ready. Got 7 of 7 DN Heartbeats.
2019-10-18 13:57:18,304 [pool-433-thread-1] INFO  storage.RaftStorageDirectory (RaftStorageDirectory.java:tryLock(328)) - Lock on /workdir/hadoop-ozone/integration-test/target/test-dir/MiniOzoneClusterImpl-8a3750fb-3d25-424a-a3cd-d2dfc269c2c3/datanode-5/data/ratis/7c6852ae-8397-4664-8866-e9507e1ba7a9/in_use.lock acquired by nodename 4327@pr-hdds-2281-wfpgn-3925442534
2019-10-18 13:57:18,304 [pool-413-thread-1] INFO  storage.RaftStorageDirectory (RaftStorageDirectory.java:tryLock(328)) - Lock on /workdir/hadoop-ozone/integration-test/target/test-dir/MiniOzoneClusterImpl-8a3750fb-3d25-424a-a3cd-d2dfc269c2c3/datanode-3/data/ratis/7c6852ae-8397-4664-8866-e9507e1ba7a9/in_use.lock acquired by nodename 4327@pr-hdds-2281-wfpgn-3925442534
2019-10-18 13:57:18,306 [pool-423-thread-1] INFO  storage.RaftStorageDirectory (RaftStorageDirectory.java:tryLock(328)) - Lock on /workdir/hadoop-ozone/integration-test/target/test-dir/MiniOzoneClusterImpl-8a3750fb-3d25-424a-a3cd-d2dfc269c2c3/datanode-4/data/ratis/7c6852ae-8397-4664-8866-e9507e1ba7a9/in_use.lock acquired by nodename 4327@pr-hdds-2281-wfpgn-3925442534
2019-10-18 13:57:18,320 [pool-413-thread-1] INFO  storage.RaftStorage (RaftStorage.java:format(84)) - Storage directory /workdir/hadoop-ozone/integration-test/target/test-dir/MiniOzoneClusterImpl-8a3750fb-3d25-424a-a3cd-d2dfc269c2c3/datanode-3/data/ratis/7c6852ae-8397-4664-8866-e9507e1ba7a9 has been successfully formatted.
2019-10-18 13:57:18,320 [pool-433-thread-1] INFO  storage.RaftStorage (RaftStorage.java:format(84)) - Storage directory /workdir/hadoop-ozone/integration-test/target/test-dir/MiniOzoneClusterImpl-8a3750fb-3d25-424a-a3cd-d2dfc269c2c3/datanode-5/data/ratis/7c6852ae-8397-4664-8866-e9507e1ba7a9 has been successfully formatted.
2019-10-18 13:57:18,320 [pool-423-thread-1] INFO  storage.RaftStorage (RaftStorage.java:format(84)) - Storage directory /workdir/hadoop-ozone/integration-test/target/test-dir/MiniOzoneClusterImpl-8a3750fb-3d25-424a-a3cd-d2dfc269c2c3/datanode-4/data/ratis/7c6852ae-8397-4664-8866-e9507e1ba7a9 has been successfully formatted.
2019-10-18 13:57:18,321 [pool-433-thread-1] INFO  ratis.ContainerStateMachine (ContainerStateMachine.java:loadSnapshot(231)) - group-E9507E1BA7A9: The snapshot info is null. Setting the last applied indexto:(t:0, i:~)
2019-10-18 13:57:18,321 [pool-413-thread-1] INFO  ratis.ContainerStateMachine (ContainerStateMachine.java:loadSnapshot(231)) - group-E9507E1BA7A9: The snapshot info is null. Setting the last applied indexto:(t:0, i:~)
2019-10-18 13:57:18,321 [pool-433-thread-1] INFO  server.RaftServerConfigKeys (ConfUtils.java:logGet(43)) - raft.server.notification.no-leader.timeout = 120s (custom)
2019-10-18 13:57:18,321 [pool-423-thread-1] INFO  ratis.ContainerStateMachine (ContainerStateMachine.java:loadSnapshot(231)) - group-E9507E1BA7A9: The snapshot info is null. Setting the last applied indexto:(t:0, i:~)
2019-10-18 13:57:18,325 [pool-433-thread-1] INFO  server.RaftServerConfigKeys (ConfUtils.java:logGet(43)) - raft.server.log.use.memory = false (default)
2019-10-18 13:57:18,321 [pool-413-thread-1] INFO  server.RaftServerConfigKeys (ConfUtils.java:logGet(43)) - raft.server.notification.no-leader.timeout = 120s (custom)
2019-10-18 13:57:18,325 [pool-433-thread-1] INFO  server.RaftServerConfigKeys (ConfUtils.java:logGet(43)) - raft.server.log.purge.gap = 1000000 (custom)
2019-10-18 13:57:18,325 [pool-423-thread-1] INFO  server.RaftServerConfigKeys (ConfUtils.java:logGet(43)) - raft.server.notification.no-leader.timeout = 120s (custom)
2019-10-18 13:57:18,325 [pool-433-thread-1] INFO  server.RaftServerConfigKeys (ConfUtils.java:logGet(43)) - raft.server.log.appender.buffer.byte-limit = 33554432 (custom)
2019-10-18 13:57:18,325 [pool-413-thread-1] INFO  server.RaftServerConfigKeys (ConfUtils.java:logGet(43)) - raft.server.log.use.memory = false (default)
2019-10-18 13:57:18,325 [pool-433-thread-1] INFO  server.RaftServerConfigKeys (ConfUtils.java:logGet(43)) - raft.server.log.segment.size.max = 1048576 (custom)
2019-10-18 13:57:18,325 [pool-423-thread-1] INFO  server.RaftServerConfigKeys (ConfUtils.java:logGet(43)) - raft.server.log.use.memory = false (default)
2019-10-18 13:57:18,325 [pool-433-thread-1] INFO  server.RaftServerConfigKeys (ConfUtils.java:logGet(43)) - raft.server.log.segment.cache.num.max = 2 (custom)
2019-10-18 13:57:18,325 [pool-413-thread-1] INFO  server.RaftServerConfigKeys (ConfUtils.java:logGet(43)) - raft.server.log.purge.gap = 1000000 (custom)
2019-10-18 13:57:18,326 [pool-433-thread-1] INFO  segmented.SegmentedRaftLogWorker (SegmentedRaftLogWorker.java:<init>(173)) - new e32dc334-fb80-4e0c-a53a-d822a4f067ce@group-E9507E1BA7A9-SegmentedRaftLogWorker for RaftStorage:Storage Directory /workdir/hadoop-ozone/integration-test/target/test-dir/MiniOzoneClusterImpl-8a3750fb-3d25-424a-a3cd-d2dfc269c2c3/datanode-5/data/ratis/7c6852ae-8397-4664-8866-e9507e1ba7a9
2019-10-18 13:57:18,325 [pool-423-thread-1] INFO  server.RaftServerConfigKeys (ConfUtils.java:logGet(43)) - raft.server.log.purge.gap = 1000000 (custom)
2019-10-18 13:57:18,326 [pool-433-thread-1] INFO  server.RaftServerConfigKeys (ConfUtils.java:logGet(43)) - raft.server.log.queue.byte-limit = 2147483647 (custom)
2019-10-18 13:57:18,326 [pool-413-thread-1] INFO  server.RaftServerConfigKeys (ConfUtils.java:logGet(43)) - raft.server.log.appender.buffer.byte-limit = 33554432 (custom)
2019-10-18 13:57:18,326 [pool-433-thread-1] INFO  server.RaftServerConfigKeys (ConfUtils.java:logGet(43)) - raft.server.log.queue.element-limit = 1024 (custom)
2019-10-18 13:57:18,326 [pool-423-thread-1] INFO  server.RaftServerConfigKeys (ConfUtils.java:logGet(43)) - raft.server.log.appender.buffer.byte-limit = 33554432 (custom)
2019-10-18 13:57:18,326 [pool-433-thread-1] INFO  server.RaftServerConfigKeys (ConfUtils.java:logGet(43)) - raft.server.log.segment.size.max = 1048576 (custom)
2019-10-18 13:57:18,326 [pool-413-thread-1] INFO  server.RaftServerConfigKeys (ConfUtils.java:logGet(43)) - raft.server.log.segment.size.max = 1048576 (custom)
2019-10-18 13:57:18,326 [pool-433-thread-1] INFO  server.RaftServerConfigKeys (ConfUtils.java:logGet(43)) - raft.server.log.preallocated.size = 16384 (custom)
2019-10-18 13:57:18,326 [pool-423-thread-1] INFO  server.RaftServerConfigKeys (ConfUtils.java:logGet(43)) - raft.server.log.segment.size.max = 1048576 (custom)
2019-10-18 13:57:18,326 [pool-433-thread-1] INFO  server.RaftServerConfigKeys (ConfUtils.java:logGet(43)) - raft.server.log.write.buffer.size = 33554432 (custom)
2019-10-18 13:57:18,326 [pool-413-thread-1] INFO  server.RaftServerConfigKeys (ConfUtils.java:logGet(43)) - raft.server.log.segment.cache.num.max = 2 (custom)
2019-10-18 13:57:18,327 [pool-433-thread-1] INFO  server.RaftServerConfigKeys (ConfUtils.java:logGet(43)) - raft.server.log.force.sync.num = 128 (default)
2019-10-18 13:57:18,327 [pool-423-thread-1] INFO  server.RaftServerConfigKeys (ConfUtils.java:logGet(43)) - raft.server.log.segment.cache.num.max = 2 (custom)
2019-10-18 13:57:18,327 [pool-433-thread-1] INFO  server.RaftServerConfigKeys (ConfUtils.java:logGet(43)) - raft.server.log.statemachine.data.sync = true (default)
2019-10-18 13:57:18,327 [pool-413-thread-1] INFO  segmented.SegmentedRaftLogWorker (SegmentedRaftLogWorker.java:<init>(173)) - new 1d4c4d1b-de56-4b6b-a065-89df82a2d1e0@group-E9507E1BA7A9-SegmentedRaftLogWorker for RaftStorage:Storage Directory /workdir/hadoop-ozone/integration-test/target/test-dir/MiniOzoneClusterImpl-8a3750fb-3d25-424a-a3cd-d2dfc269c2c3/datanode-3/data/ratis/7c6852ae-8397-4664-8866-e9507e1ba7a9
2019-10-18 13:57:18,327 [pool-433-thread-1] INFO  server.RaftServerConfigKeys (ConfUtils.java:logGet(43)) - raft.server.log.statemachine.data.sync.timeout = 10s (default)
2019-10-18 13:57:18,327 [pool-423-thread-1] INFO  segmented.SegmentedRaftLogWorker (SegmentedRaftLogWorker.java:<init>(173)) - new f2765c75-2fdb-40be-82bb-4b7afa7583ff@group-E9507E1BA7A9-SegmentedRaftLogWorker for RaftStorage:Storage Directory /workdir/hadoop-ozone/integration-test/target/test-dir/MiniOzoneClusterImpl-8a3750fb-3d25-424a-a3cd-d2dfc269c2c3/datanode-4/data/ratis/7c6852ae-8397-4664-8866-e9507e1ba7a9
2019-10-18 13:57:18,329 [pool-433-thread-1] INFO  server.RaftServerConfigKeys (ConfUtils.java:logGet(43)) - raft.server.log.statemachine.data.sync.timeout.retry = -1 (default)
2019-10-18 13:57:18,327 [pool-413-thread-1] INFO  server.RaftServerConfigKeys (ConfUtils.java:logGet(43)) - raft.server.log.queue.byte-limit = 2147483647 (custom)
2019-10-18 13:57:18,330 [pool-433-thread-1] INFO  server.RaftServerConfigKeys (ConfUtils.java:logGet(43)) - raft.server.log.statemachine.data.caching.enabled = true (custom)
2019-10-18 13:57:18,330 [pool-423-thread-1] INFO  server.RaftServerConfigKeys (ConfUtils.java:logGet(43)) - raft.server.log.queue.byte-limit = 2147483647 (custom)
2019-10-18 13:57:18,330 [pool-413-thread-1] INFO  server.RaftServerConfigKeys (ConfUtils.java:logGet(43)) - raft.server.log.queue.element-limit = 1024 (custom)
2019-10-18 13:57:18,333 [pool-423-thread-1] INFO  server.RaftServerConfigKeys (ConfUtils.java:logGet(43)) - raft.server.log.queue.element-limit = 1024 (custom)
2019-10-18 13:57:18,334 [main] INFO  rpc.RpcClient (RpcClient.java:createVolume(272)) - Creating Volume: watchforcommithandlingtest, with jenkins1000 as owner.
2019-10-18 13:57:18,333 [pool-413-thread-1] INFO  server.RaftServerConfigKeys (ConfUtils.java:logGet(43)) - raft.server.log.segment.size.max = 1048576 (custom)
2019-10-18 13:57:18,333 [pool-433-thread-1] INFO  segmented.SegmentedRaftLogWorker (SegmentedRaftLogWorker.java:lambda$new$0(128)) - e32dc334-fb80-4e0c-a53a-d822a4f067ce@group-E9507E1BA7A9-SegmentedRaftLogWorker: flushIndex: setUnconditionally 0 -> -1
2019-10-18 13:57:18,334 [pool-413-thread-1] INFO  server.RaftServerConfigKeys (ConfUtils.java:logGet(43)) - raft.server.log.preallocated.size = 16384 (custom)
2019-10-18 13:57:18,334 [pool-423-thread-1] INFO  server.RaftServerConfigKeys (ConfUtils.java:logGet(43)) - raft.server.log.segment.size.max = 1048576 (custom)
2019-10-18 13:57:18,335 [pool-413-thread-1] INFO  server.RaftServerConfigKeys (ConfUtils.java:logGet(43)) - raft.server.log.write.buffer.size = 33554432 (custom)
2019-10-18 13:57:18,335 [pool-423-thread-1] INFO  server.RaftServerConfigKeys (ConfUtils.java:logGet(43)) - raft.server.log.preallocated.size = 16384 (custom)
2019-10-18 13:57:18,335 [pool-433-thread-1] INFO  server.RaftServerConfigKeys (ConfUtils.java:logGet(43)) - raft.server.snapshot.auto.trigger.enabled = true (custom)
2019-10-18 13:57:18,335 [pool-423-thread-1] INFO  server.RaftServerConfigKeys (ConfUtils.java:logGet(43)) - raft.server.log.write.buffer.size = 33554432 (custom)
2019-10-18 13:57:18,335 [pool-413-thread-1] INFO  server.RaftServerConfigKeys (ConfUtils.java:logGet(43)) - raft.server.log.force.sync.num = 128 (default)
2019-10-18 13:57:18,335 [pool-423-thread-1] INFO  server.RaftServerConfigKeys (ConfUtils.java:logGet(43)) - raft.server.log.force.sync.num = 128 (default)
2019-10-18 13:57:18,335 [pool-433-thread-1] INFO  server.RaftServerConfigKeys (ConfUtils.java:logGet(43)) - raft.server.snapshot.auto.trigger.threshold = 10000 (custom)
2019-10-18 13:57:18,335 [pool-423-thread-1] INFO  server.RaftServerConfigKeys (ConfUtils.java:logGet(43)) - raft.server.log.statemachine.data.sync = true (default)
2019-10-18 13:57:18,335 [pool-413-thread-1] INFO  server.RaftServerConfigKeys (ConfUtils.java:logGet(43)) - raft.server.log.statemachine.data.sync = true (default)
2019-10-18 13:57:18,335 [pool-423-thread-1] INFO  server.RaftServerConfigKeys (ConfUtils.java:logGet(43)) - raft.server.log.statemachine.data.sync.timeout = 10s (default)
2019-10-18 13:57:18,335 [pool-433-thread-1] INFO  server.RaftServerConfigKeys (ConfUtils.java:logGet(43)) - raft.server.snapshot.retention.file.num = 5 (custom)
2019-10-18 13:57:18,336 [pool-423-thread-1] INFO  server.RaftServerConfigKeys (ConfUtils.java:logGet(43)) - raft.server.log.statemachine.data.sync.timeout.retry = -1 (default)
2019-10-18 13:57:18,336 [pool-413-thread-1] INFO  server.RaftServerConfigKeys (ConfUtils.java:logGet(43)) - raft.server.log.statemachine.data.sync.timeout = 10s (default)
2019-10-18 13:57:18,336 [pool-423-thread-1] INFO  server.RaftServerConfigKeys (ConfUtils.java:logGet(43)) - raft.server.log.statemachine.data.caching.enabled = true (custom)
2019-10-18 13:57:18,336 [IPC Server handler 1 on 46345] INFO  volume.OMVolumeCreateRequest (OMVolumeCreateRequest.java:validateAndUpdateCache(193)) - created volume:watchforcommithandlingtest for user:jenkins1000
2019-10-18 13:57:18,336 [pool-433-thread-1] INFO  server.RaftServerConfigKeys (ConfUtils.java:logGet(43)) - raft.server.retrycache.expirytime = 600000ms (custom)
2019-10-18 13:57:18,336 [pool-423-thread-1] INFO  segmented.SegmentedRaftLogWorker (SegmentedRaftLogWorker.java:lambda$new$0(128)) - f2765c75-2fdb-40be-82bb-4b7afa7583ff@group-E9507E1BA7A9-SegmentedRaftLogWorker: flushIndex: setUnconditionally 0 -> -1
2019-10-18 13:57:18,336 [pool-413-thread-1] INFO  server.RaftServerConfigKeys (ConfUtils.java:logGet(43)) - raft.server.log.statemachine.data.sync.timeout.retry = -1 (default)
2019-10-18 13:57:18,337 [pool-423-thread-1] INFO  server.RaftServerConfigKeys (ConfUtils.java:logGet(43)) - raft.server.snapshot.auto.trigger.enabled = true (custom)
2019-10-18 13:57:18,337 [pool-413-thread-1] INFO  server.RaftServerConfigKeys (ConfUtils.java:logGet(43)) - raft.server.log.statemachine.data.caching.enabled = true (custom)
2019-10-18 13:57:18,337 [pool-423-thread-1] INFO  server.RaftServerConfigKeys (ConfUtils.java:logGet(43)) - raft.server.snapshot.auto.trigger.threshold = 10000 (custom)
2019-10-18 13:57:18,337 [pool-423-thread-1] INFO  server.RaftServerConfigKeys (ConfUtils.java:logGet(43)) - raft.server.snapshot.retention.file.num = 5 (custom)
2019-10-18 13:57:18,337 [pool-413-thread-1] INFO  segmented.SegmentedRaftLogWorker (SegmentedRaftLogWorker.java:lambda$new$0(128)) - 1d4c4d1b-de56-4b6b-a065-89df82a2d1e0@group-E9507E1BA7A9-SegmentedRaftLogWorker: flushIndex: setUnconditionally 0 -> -1
2019-10-18 13:57:18,337 [pool-423-thread-1] INFO  server.RaftServerConfigKeys (ConfUtils.java:logGet(43)) - raft.server.retrycache.expirytime = 600000ms (custom)
2019-10-18 13:57:18,337 [pool-413-thread-1] INFO  server.RaftServerConfigKeys (ConfUtils.java:logGet(43)) - raft.server.snapshot.auto.trigger.enabled = true (custom)
2019-10-18 13:57:18,337 [pool-413-thread-1] INFO  server.RaftServerConfigKeys (ConfUtils.java:logGet(43)) - raft.server.snapshot.auto.trigger.threshold = 10000 (custom)
2019-10-18 13:57:18,338 [pool-413-thread-1] INFO  server.RaftServerConfigKeys (ConfUtils.java:logGet(43)) - raft.server.snapshot.retention.file.num = 5 (custom)
2019-10-18 13:57:18,338 [pool-413-thread-1] INFO  server.RaftServerConfigKeys (ConfUtils.java:logGet(43)) - raft.server.retrycache.expirytime = 600000ms (custom)
2019-10-18 13:57:18,341 [pool-433-thread-1] INFO  impl.RaftServerImpl (RaftServerImpl.java:start(181)) - e32dc334-fb80-4e0c-a53a-d822a4f067ce@group-E9507E1BA7A9: start as a follower, conf=-1: [e32dc334-fb80-4e0c-a53a-d822a4f067ce:192.168.157.239:36578, f2765c75-2fdb-40be-82bb-4b7afa7583ff:192.168.157.239:33758, 1d4c4d1b-de56-4b6b-a065-89df82a2d1e0:192.168.157.239:40209], old=null
2019-10-18 13:57:18,341 [pool-433-thread-1] INFO  impl.RaftServerImpl (RaftServerImpl.java:setRole(170)) - e32dc334-fb80-4e0c-a53a-d822a4f067ce@group-E9507E1BA7A9: changes role from      null to FOLLOWER at term 0 for startAsFollower
2019-10-18 13:57:18,345 [pool-433-thread-1] INFO  impl.RoleInfo (RoleInfo.java:updateAndGet(143)) - e32dc334-fb80-4e0c-a53a-d822a4f067ce: start FollowerState
2019-10-18 13:57:18,349 [pool-433-thread-1] INFO  util.JmxRegister (JmxRegister.java:tryRegister(44)) - Successfully registered JMX Bean with object name Ratis:service=RaftServer,group=group-E9507E1BA7A9,id=e32dc334-fb80-4e0c-a53a-d822a4f067ce
2019-10-18 13:57:18,349 [main] INFO  rpc.RpcClient (RpcClient.java:createBucket(411)) - Creating Bucket: watchforcommithandlingtest/watchforcommithandlingtest, with Versioning false and Storage Type set to DISK and Encryption set to false 
2019-10-18 13:57:18,350 [pool-423-thread-1] INFO  impl.RaftServerImpl (RaftServerImpl.java:start(181)) - f2765c75-2fdb-40be-82bb-4b7afa7583ff@group-E9507E1BA7A9: start as a follower, conf=-1: [e32dc334-fb80-4e0c-a53a-d822a4f067ce:192.168.157.239:36578, f2765c75-2fdb-40be-82bb-4b7afa7583ff:192.168.157.239:33758, 1d4c4d1b-de56-4b6b-a065-89df82a2d1e0:192.168.157.239:40209], old=null
2019-10-18 13:57:18,350 [pool-423-thread-1] INFO  impl.RaftServerImpl (RaftServerImpl.java:setRole(170)) - f2765c75-2fdb-40be-82bb-4b7afa7583ff@group-E9507E1BA7A9: changes role from      null to FOLLOWER at term 0 for startAsFollower
2019-10-18 13:57:18,350 [pool-413-thread-1] INFO  impl.RaftServerImpl (RaftServerImpl.java:start(181)) - 1d4c4d1b-de56-4b6b-a065-89df82a2d1e0@group-E9507E1BA7A9: start as a follower, conf=-1: [e32dc334-fb80-4e0c-a53a-d822a4f067ce:192.168.157.239:36578, f2765c75-2fdb-40be-82bb-4b7afa7583ff:192.168.157.239:33758, 1d4c4d1b-de56-4b6b-a065-89df82a2d1e0:192.168.157.239:40209], old=null
2019-10-18 13:57:18,350 [pool-423-thread-1] INFO  impl.RoleInfo (RoleInfo.java:updateAndGet(143)) - f2765c75-2fdb-40be-82bb-4b7afa7583ff: start FollowerState
2019-10-18 13:57:18,350 [pool-413-thread-1] INFO  impl.RaftServerImpl (RaftServerImpl.java:setRole(170)) - 1d4c4d1b-de56-4b6b-a065-89df82a2d1e0@group-E9507E1BA7A9: changes role from      null to FOLLOWER at term 0 for startAsFollower
2019-10-18 13:57:18,350 [pool-413-thread-1] INFO  impl.RoleInfo (RoleInfo.java:updateAndGet(143)) - 1d4c4d1b-de56-4b6b-a065-89df82a2d1e0: start FollowerState
2019-10-18 13:57:18,350 [pool-423-thread-1] INFO  util.JmxRegister (JmxRegister.java:tryRegister(44)) - Successfully registered JMX Bean with object name Ratis:service=RaftServer,group=group-E9507E1BA7A9,id=f2765c75-2fdb-40be-82bb-4b7afa7583ff
2019-10-18 13:57:18,350 [pool-413-thread-1] INFO  util.JmxRegister (JmxRegister.java:tryRegister(44)) - Successfully registered JMX Bean with object name Ratis:service=RaftServer,group=group-E9507E1BA7A9,id=1d4c4d1b-de56-4b6b-a065-89df82a2d1e0
2019-10-18 13:57:18,357 [main] INFO  ozone.MiniOzoneClusterImpl (MiniOzoneClusterImpl.java:getStorageContainerLocationClient(234)) - Creating StorageContainerLocationProtocol RPC client with address /0.0.0.0:45682
2019-10-18 13:57:18,366 [RatisPipelineUtilsThread] INFO  pipeline.PipelineStateManager (PipelineStateManager.java:addPipeline(56)) - Created pipeline Pipeline[ Id: 7c6852ae-8397-4664-8866-e9507e1ba7a9, Nodes: 1d4c4d1b-de56-4b6b-a065-89df82a2d1e0{ip: 192.168.157.239, host: pr-hdds-2281-wfpgn-3925442534, networkLocation: /default-rack, certSerialId: null}e32dc334-fb80-4e0c-a53a-d822a4f067ce{ip: 192.168.157.239, host: pr-hdds-2281-wfpgn-3925442534, networkLocation: /default-rack, certSerialId: null}f2765c75-2fdb-40be-82bb-4b7afa7583ff{ip: 192.168.157.239, host: pr-hdds-2281-wfpgn-3925442534, networkLocation: /default-rack, certSerialId: null}, Type:RATIS, Factor:THREE, State:OPEN]
2019-10-18 13:57:18,539 [grpc-default-executor-5] WARN  server.GrpcLogAppender (LogUtils.java:warn(134)) - deffcaa8-bc06-42ed-9a5f-b537132fe3e6@group-CD6A916F54C2->8a1104a3-2cf3-46fb-8cbd-4f593888249e-AppendLogResponseHandler: Failed appendEntries: org.apache.ratis.thirdparty.io.grpc.StatusRuntimeException: UNAVAILABLE: io exception
2019-10-18 13:57:18,539 [grpc-default-executor-5] INFO  impl.FollowerInfo (FollowerInfo.java:lambda$new$0(51)) - deffcaa8-bc06-42ed-9a5f-b537132fe3e6@group-CD6A916F54C2->8a1104a3-2cf3-46fb-8cbd-4f593888249e: nextIndex: updateUnconditionally 0 -> 0
2019-10-18 13:57:18,542 [grpc-default-executor-8] WARN  server.GrpcLogAppender (LogUtils.java:warn(134)) - deffcaa8-bc06-42ed-9a5f-b537132fe3e6@group-CD6A916F54C2->ab55c7e8-b512-415e-a666-846e2c6a6faf-AppendLogResponseHandler: Failed appendEntries: org.apache.ratis.thirdparty.io.grpc.StatusRuntimeException: UNAVAILABLE: io exception
2019-10-18 13:57:18,547 [grpc-default-executor-8] INFO  impl.FollowerInfo (FollowerInfo.java:lambda$new$0(51)) - deffcaa8-bc06-42ed-9a5f-b537132fe3e6@group-CD6A916F54C2->ab55c7e8-b512-415e-a666-846e2c6a6faf: nextIndex: updateUnconditionally 0 -> 0
2019-10-18 13:57:19,584 [Thread-2309] INFO  client.GrpcClientProtocolService (GrpcClientProtocolService.java:lambda$processClientRequest$0(278)) - Failed RaftClientRequest:client-FC5C6E9F3F28->deffcaa8-bc06-42ed-9a5f-b537132fe3e6@group-CD6A916F54C2, cid=68, seq=0, Watch-MAJORITY_COMMITTED(78), Message:<EMPTY>, reply=RaftClientReply:client-FC5C6E9F3F28->deffcaa8-bc06-42ed-9a5f-b537132fe3e6@group-CD6A916F54C2, cid=68, FAILED org.apache.ratis.protocol.NotReplicatedException: Request with call Id 68 and log index 78 is not yet replicated to MAJORITY_COMMITTED, logIndex=78, commits[deffcaa8-bc06-42ed-9a5f-b537132fe3e6:c2, ab55c7e8-b512-415e-a666-846e2c6a6faf:c2, 8a1104a3-2cf3-46fb-8cbd-4f593888249e:c2]
2019-10-18 13:57:19,584 [Thread-2310] INFO  client.GrpcClientProtocolService (GrpcClientProtocolService.java:lambda$processClientRequest$0(278)) - Failed RaftClientRequest:client-FC5C6E9F3F28->deffcaa8-bc06-42ed-9a5f-b537132fe3e6@group-CD6A916F54C2, cid=67, seq=0, Watch-ALL_COMMITTED(78), Message:<EMPTY>, reply=RaftClientReply:client-FC5C6E9F3F28->deffcaa8-bc06-42ed-9a5f-b537132fe3e6@group-CD6A916F54C2, cid=67, FAILED org.apache.ratis.protocol.NotReplicatedException: Request with call Id 67 and log index 78 is not yet replicated to ALL_COMMITTED, logIndex=78, commits[deffcaa8-bc06-42ed-9a5f-b537132fe3e6:c2, ab55c7e8-b512-415e-a666-846e2c6a6faf:c2, 8a1104a3-2cf3-46fb-8cbd-4f593888249e:c2]
2019-10-18 13:57:20,775 [Thread-2260] INFO  container.ReplicationManager (ReplicationManager.java:start(162)) - Starting Replication Monitor Thread.
2019-10-18 13:57:20,783 [ReplicationMonitor] INFO  container.ReplicationManager (ReplicationManager.java:run(225)) - Replication Monitor Thread took 0 milliseconds for processing 1 containers.
2019-10-18 13:57:21,040 [grpc-default-executor-8] WARN  server.GrpcLogAppender (LogUtils.java:warn(134)) - deffcaa8-bc06-42ed-9a5f-b537132fe3e6@group-CD6A916F54C2->8a1104a3-2cf3-46fb-8cbd-4f593888249e-AppendLogResponseHandler: Failed appendEntries: org.apache.ratis.thirdparty.io.grpc.StatusRuntimeException: UNAVAILABLE: io exception
2019-10-18 13:57:21,040 [grpc-default-executor-8] INFO  impl.FollowerInfo (FollowerInfo.java:lambda$new$0(51)) - deffcaa8-bc06-42ed-9a5f-b537132fe3e6@group-CD6A916F54C2->8a1104a3-2cf3-46fb-8cbd-4f593888249e: nextIndex: updateUnconditionally 0 -> 0
2019-10-18 13:57:21,043 [grpc-default-executor-11] WARN  server.GrpcLogAppender (LogUtils.java:warn(134)) - deffcaa8-bc06-42ed-9a5f-b537132fe3e6@group-CD6A916F54C2->ab55c7e8-b512-415e-a666-846e2c6a6faf-AppendLogResponseHandler: Failed appendEntries: org.apache.ratis.thirdparty.io.grpc.StatusRuntimeException: UNAVAILABLE: io exception
2019-10-18 13:57:21,043 [grpc-default-executor-11] INFO  impl.FollowerInfo (FollowerInfo.java:lambda$new$0(51)) - deffcaa8-bc06-42ed-9a5f-b537132fe3e6@group-CD6A916F54C2->ab55c7e8-b512-415e-a666-846e2c6a6faf: nextIndex: updateUnconditionally 0 -> 0
2019-10-18 13:57:22,961 [Thread-2262] INFO  impl.FollowerState (FollowerState.java:run(108)) - 7b8c9e6a-f170-4881-8c70-63ed6b115387@group-C9CC82C256D5-FollowerState: change to CANDIDATE, lastRpcTime:5081ms, electionTimeout:5081ms
2019-10-18 13:57:22,962 [Thread-2262] INFO  impl.RoleInfo (RoleInfo.java:shutdownFollowerState(121)) - 7b8c9e6a-f170-4881-8c70-63ed6b115387: shutdown FollowerState
2019-10-18 13:57:22,962 [Thread-2262] INFO  impl.RaftServerImpl (RaftServerImpl.java:setRole(170)) - 7b8c9e6a-f170-4881-8c70-63ed6b115387@group-C9CC82C256D5: changes role from  FOLLOWER to CANDIDATE at term 0 for changeToCandidate
2019-10-18 13:57:22,962 [Thread-2262] INFO  impl.RoleInfo (RoleInfo.java:updateAndGet(143)) - 7b8c9e6a-f170-4881-8c70-63ed6b115387: start LeaderElection
2019-10-18 13:57:23,038 [Thread-2267] INFO  impl.FollowerState (FollowerState.java:run(108)) - 62e65786-d471-4ea9-88e1-e005cc6fe5d2@group-87F147720664-FollowerState: change to CANDIDATE, lastRpcTime:5085ms, electionTimeout:5085ms
2019-10-18 13:57:23,038 [Thread-2267] INFO  impl.RoleInfo (RoleInfo.java:shutdownFollowerState(121)) - 62e65786-d471-4ea9-88e1-e005cc6fe5d2: shutdown FollowerState
2019-10-18 13:57:23,038 [Thread-2267] INFO  impl.RaftServerImpl (RaftServerImpl.java:setRole(170)) - 62e65786-d471-4ea9-88e1-e005cc6fe5d2@group-87F147720664: changes role from  FOLLOWER to CANDIDATE at term 0 for changeToCandidate
2019-10-18 13:57:23,039 [Thread-2267] INFO  impl.RoleInfo (RoleInfo.java:updateAndGet(143)) - 62e65786-d471-4ea9-88e1-e005cc6fe5d2: start LeaderElection
2019-10-18 13:57:23,054 [Thread-2270] INFO  impl.FollowerState (FollowerState.java:run(108)) - b16ea328-00cd-4f3d-a12b-8ef29d09128f@group-796D70DB3CEF-FollowerState: change to CANDIDATE, lastRpcTime:5054ms, electionTimeout:5054ms
2019-10-18 13:57:23,054 [Thread-2270] INFO  impl.RoleInfo (RoleInfo.java:shutdownFollowerState(121)) - b16ea328-00cd-4f3d-a12b-8ef29d09128f: shutdown FollowerState
2019-10-18 13:57:23,054 [Thread-2270] INFO  impl.RaftServerImpl (RaftServerImpl.java:setRole(170)) - b16ea328-00cd-4f3d-a12b-8ef29d09128f@group-796D70DB3CEF: changes role from  FOLLOWER to CANDIDATE at term 0 for changeToCandidate
2019-10-18 13:57:23,055 [Thread-2270] INFO  impl.RoleInfo (RoleInfo.java:updateAndGet(143)) - b16ea328-00cd-4f3d-a12b-8ef29d09128f: start LeaderElection
2019-10-18 13:57:23,062 [Thread-2277] INFO  impl.FollowerState (FollowerState.java:run(108)) - 7b8c9e6a-f170-4881-8c70-63ed6b115387@group-8DE2CD5B60C6-FollowerState: change to CANDIDATE, lastRpcTime:5000ms, electionTimeout:5000ms
2019-10-18 13:57:23,062 [Thread-2277] INFO  impl.RoleInfo (RoleInfo.java:shutdownFollowerState(121)) - 7b8c9e6a-f170-4881-8c70-63ed6b115387: shutdown FollowerState
2019-10-18 13:57:23,062 [Thread-2277] INFO  impl.RaftServerImpl (RaftServerImpl.java:setRole(170)) - 7b8c9e6a-f170-4881-8c70-63ed6b115387@group-8DE2CD5B60C6: changes role from  FOLLOWER to CANDIDATE at term 0 for changeToCandidate
2019-10-18 13:57:23,062 [Thread-2277] INFO  impl.RoleInfo (RoleInfo.java:updateAndGet(143)) - 7b8c9e6a-f170-4881-8c70-63ed6b115387: start LeaderElection
2019-10-18 13:57:23,069 [7b8c9e6a-f170-4881-8c70-63ed6b115387@group-C9CC82C256D5-LeaderElection54] INFO  impl.LeaderElection (LeaderElection.java:askForVotes(178)) - 7b8c9e6a-f170-4881-8c70-63ed6b115387@group-C9CC82C256D5-LeaderElection54: begin an election at term 1 for -1: [7b8c9e6a-f170-4881-8c70-63ed6b115387:192.168.157.239:37880], old=null
2019-10-18 13:57:23,069 [7b8c9e6a-f170-4881-8c70-63ed6b115387@group-C9CC82C256D5-LeaderElection54] INFO  impl.RoleInfo (RoleInfo.java:shutdownLeaderElection(134)) - 7b8c9e6a-f170-4881-8c70-63ed6b115387: shutdown LeaderElection
2019-10-18 13:57:23,069 [7b8c9e6a-f170-4881-8c70-63ed6b115387@group-C9CC82C256D5-LeaderElection54] INFO  impl.RaftServerImpl (RaftServerImpl.java:setRole(170)) - 7b8c9e6a-f170-4881-8c70-63ed6b115387@group-C9CC82C256D5: changes role from CANDIDATE to LEADER at term 1 for changeToLeader
2019-10-18 13:57:23,070 [7b8c9e6a-f170-4881-8c70-63ed6b115387@group-C9CC82C256D5-LeaderElection54] INFO  impl.RaftServerImpl (ServerState.java:setLeader(255)) - 7b8c9e6a-f170-4881-8c70-63ed6b115387@group-C9CC82C256D5: change Leader from null to 7b8c9e6a-f170-4881-8c70-63ed6b115387 at term 1 for becomeLeader, leader elected after 5196ms
2019-10-18 13:57:23,070 [7b8c9e6a-f170-4881-8c70-63ed6b115387@group-C9CC82C256D5-LeaderElection54] INFO  server.RaftServerConfigKeys (ConfUtils.java:logGet(43)) - raft.server.staging.catchup.gap = 1000 (default)
2019-10-18 13:57:23,070 [7b8c9e6a-f170-4881-8c70-63ed6b115387@group-C9CC82C256D5-LeaderElection54] INFO  server.RaftServerConfigKeys (ConfUtils.java:logGet(43)) - raft.server.rpc.sleep.time = 25ms (default)
2019-10-18 13:57:23,070 [7b8c9e6a-f170-4881-8c70-63ed6b115387@group-C9CC82C256D5-LeaderElection54] INFO  server.RaftServerConfigKeys (ConfUtils.java:logGet(43)) - raft.server.write.element-limit = 4096 (default)
2019-10-18 13:57:23,070 [7b8c9e6a-f170-4881-8c70-63ed6b115387@group-8DE2CD5B60C6-LeaderElection57] INFO  impl.LeaderElection (LeaderElection.java:askForVotes(178)) - 7b8c9e6a-f170-4881-8c70-63ed6b115387@group-8DE2CD5B60C6-LeaderElection57: begin an election at term 1 for -1: [7b8c9e6a-f170-4881-8c70-63ed6b115387:192.168.157.239:37880, 62e65786-d471-4ea9-88e1-e005cc6fe5d2:192.168.157.239:40203, b16ea328-00cd-4f3d-a12b-8ef29d09128f:192.168.157.239:39988], old=null
2019-10-18 13:57:23,070 [7b8c9e6a-f170-4881-8c70-63ed6b115387@group-C9CC82C256D5-LeaderElection54] INFO  server.RaftServerConfigKeys (ConfUtils.java:logGet(43)) - raft.server.watch.timeout = 10s (default)
2019-10-18 13:57:23,070 [b16ea328-00cd-4f3d-a12b-8ef29d09128f@group-796D70DB3CEF-LeaderElection56] INFO  impl.LeaderElection (LeaderElection.java:askForVotes(178)) - b16ea328-00cd-4f3d-a12b-8ef29d09128f@group-796D70DB3CEF-LeaderElection56: begin an election at term 1 for -1: [b16ea328-00cd-4f3d-a12b-8ef29d09128f:192.168.157.239:39988], old=null
2019-10-18 13:57:23,070 [62e65786-d471-4ea9-88e1-e005cc6fe5d2@group-87F147720664-LeaderElection55] INFO  impl.LeaderElection (LeaderElection.java:askForVotes(178)) - 62e65786-d471-4ea9-88e1-e005cc6fe5d2@group-87F147720664-LeaderElection55: begin an election at term 1 for -1: [62e65786-d471-4ea9-88e1-e005cc6fe5d2:192.168.157.239:40203], old=null
2019-10-18 13:57:23,070 [b16ea328-00cd-4f3d-a12b-8ef29d09128f@group-796D70DB3CEF-LeaderElection56] INFO  impl.RoleInfo (RoleInfo.java:shutdownLeaderElection(134)) - b16ea328-00cd-4f3d-a12b-8ef29d09128f: shutdown LeaderElection
2019-10-18 13:57:23,070 [7b8c9e6a-f170-4881-8c70-63ed6b115387@group-C9CC82C256D5-LeaderElection54] INFO  server.RaftServerConfigKeys (ConfUtils.java:logGet(43)) - raft.server.watch.timeout.denomination = 1s (default)
2019-10-18 13:57:23,070 [b16ea328-00cd-4f3d-a12b-8ef29d09128f@group-796D70DB3CEF-LeaderElection56] INFO  impl.RaftServerImpl (RaftServerImpl.java:setRole(170)) - b16ea328-00cd-4f3d-a12b-8ef29d09128f@group-796D70DB3CEF: changes role from CANDIDATE to LEADER at term 1 for changeToLeader
2019-10-18 13:57:23,070 [62e65786-d471-4ea9-88e1-e005cc6fe5d2@group-87F147720664-LeaderElection55] INFO  impl.RoleInfo (RoleInfo.java:shutdownLeaderElection(134)) - 62e65786-d471-4ea9-88e1-e005cc6fe5d2: shutdown LeaderElection
2019-10-18 13:57:23,071 [b16ea328-00cd-4f3d-a12b-8ef29d09128f@group-796D70DB3CEF-LeaderElection56] INFO  impl.RaftServerImpl (ServerState.java:setLeader(255)) - b16ea328-00cd-4f3d-a12b-8ef29d09128f@group-796D70DB3CEF: change Leader from null to b16ea328-00cd-4f3d-a12b-8ef29d09128f at term 1 for becomeLeader, leader elected after 5075ms
2019-10-18 13:57:23,071 [7b8c9e6a-f170-4881-8c70-63ed6b115387@group-C9CC82C256D5-LeaderElection54] INFO  server.RaftServerConfigKeys (ConfUtils.java:logGet(43)) - raft.server.watch.element-limit = 65536 (default)
2019-10-18 13:57:23,071 [b16ea328-00cd-4f3d-a12b-8ef29d09128f@group-796D70DB3CEF-LeaderElection56] INFO  server.RaftServerConfigKeys (ConfUtils.java:logGet(43)) - raft.server.staging.catchup.gap = 1000 (default)
2019-10-18 13:57:23,071 [b16ea328-00cd-4f3d-a12b-8ef29d09128f@group-796D70DB3CEF-LeaderElection56] INFO  server.RaftServerConfigKeys (ConfUtils.java:logGet(43)) - raft.server.rpc.sleep.time = 25ms (default)
2019-10-18 13:57:23,071 [b16ea328-00cd-4f3d-a12b-8ef29d09128f@group-796D70DB3CEF-LeaderElection56] INFO  server.RaftServerConfigKeys (ConfUtils.java:logGet(43)) - raft.server.write.element-limit = 4096 (default)
2019-10-18 13:57:23,071 [b16ea328-00cd-4f3d-a12b-8ef29d09128f@group-796D70DB3CEF-LeaderElection56] INFO  server.RaftServerConfigKeys (ConfUtils.java:logGet(43)) - raft.server.watch.timeout = 10s (default)
2019-10-18 13:57:23,071 [b16ea328-00cd-4f3d-a12b-8ef29d09128f@group-796D70DB3CEF-LeaderElection56] INFO  server.RaftServerConfigKeys (ConfUtils.java:logGet(43)) - raft.server.watch.timeout.denomination = 1s (default)
2019-10-18 13:57:23,071 [62e65786-d471-4ea9-88e1-e005cc6fe5d2@group-87F147720664-LeaderElection55] INFO  impl.RaftServerImpl (RaftServerImpl.java:setRole(170)) - 62e65786-d471-4ea9-88e1-e005cc6fe5d2@group-87F147720664: changes role from CANDIDATE to LEADER at term 1 for changeToLeader
2019-10-18 13:57:23,072 [62e65786-d471-4ea9-88e1-e005cc6fe5d2@group-87F147720664-LeaderElection55] INFO  impl.RaftServerImpl (ServerState.java:setLeader(255)) - 62e65786-d471-4ea9-88e1-e005cc6fe5d2@group-87F147720664: change Leader from null to 62e65786-d471-4ea9-88e1-e005cc6fe5d2 at term 1 for becomeLeader, leader elected after 5123ms
2019-10-18 13:57:23,072 [62e65786-d471-4ea9-88e1-e005cc6fe5d2@group-87F147720664-LeaderElection55] INFO  server.RaftServerConfigKeys (ConfUtils.java:logGet(43)) - raft.server.staging.catchup.gap = 1000 (default)
2019-10-18 13:57:23,072 [62e65786-d471-4ea9-88e1-e005cc6fe5d2@group-87F147720664-LeaderElection55] INFO  server.RaftServerConfigKeys (ConfUtils.java:logGet(43)) - raft.server.rpc.sleep.time = 25ms (default)
2019-10-18 13:57:23,072 [62e65786-d471-4ea9-88e1-e005cc6fe5d2@group-87F147720664-LeaderElection55] INFO  server.RaftServerConfigKeys (ConfUtils.java:logGet(43)) - raft.server.write.element-limit = 4096 (default)
2019-10-18 13:57:23,072 [62e65786-d471-4ea9-88e1-e005cc6fe5d2@group-87F147720664-LeaderElection55] INFO  server.RaftServerConfigKeys (ConfUtils.java:logGet(43)) - raft.server.watch.timeout = 10s (default)
2019-10-18 13:57:23,072 [62e65786-d471-4ea9-88e1-e005cc6fe5d2@group-87F147720664-LeaderElection55] INFO  server.RaftServerConfigKeys (ConfUtils.java:logGet(43)) - raft.server.watch.timeout.denomination = 1s (default)
2019-10-18 13:57:23,073 [62e65786-d471-4ea9-88e1-e005cc6fe5d2@group-87F147720664-LeaderElection55] INFO  server.RaftServerConfigKeys (ConfUtils.java:logGet(43)) - raft.server.watch.element-limit = 65536 (default)
2019-10-18 13:57:23,073 [7b8c9e6a-f170-4881-8c70-63ed6b115387@group-C9CC82C256D5-LeaderElection54] INFO  impl.RoleInfo (RoleInfo.java:updateAndGet(143)) - 7b8c9e6a-f170-4881-8c70-63ed6b115387: start LeaderState
2019-10-18 13:57:23,071 [b16ea328-00cd-4f3d-a12b-8ef29d09128f@group-796D70DB3CEF-LeaderElection56] INFO  server.RaftServerConfigKeys (ConfUtils.java:logGet(43)) - raft.server.watch.element-limit = 65536 (default)
2019-10-18 13:57:23,073 [7b8c9e6a-f170-4881-8c70-63ed6b115387@group-C9CC82C256D5-LeaderElection54] INFO  segmented.SegmentedRaftLogWorker (SegmentedRaftLogWorker.java:startLogSegment(385)) - 7b8c9e6a-f170-4881-8c70-63ed6b115387@group-C9CC82C256D5-SegmentedRaftLogWorker: Starting segment from index:0
2019-10-18 13:57:23,074 [grpc-default-executor-11] INFO  impl.RaftServerImpl (RaftServerImpl.java:setRole(170)) - 62e65786-d471-4ea9-88e1-e005cc6fe5d2@group-8DE2CD5B60C6: changes role from  FOLLOWER to FOLLOWER at term 1 for recognizeCandidate:7b8c9e6a-f170-4881-8c70-63ed6b115387
2019-10-18 13:57:23,074 [grpc-default-executor-5] INFO  impl.RaftServerImpl (RaftServerImpl.java:setRole(170)) - b16ea328-00cd-4f3d-a12b-8ef29d09128f@group-8DE2CD5B60C6: changes role from  FOLLOWER to FOLLOWER at term 1 for recognizeCandidate:7b8c9e6a-f170-4881-8c70-63ed6b115387
2019-10-18 13:57:23,074 [grpc-default-executor-11] INFO  impl.RoleInfo (RoleInfo.java:shutdownFollowerState(121)) - 62e65786-d471-4ea9-88e1-e005cc6fe5d2: shutdown FollowerState
2019-10-18 13:57:23,074 [7b8c9e6a-f170-4881-8c70-63ed6b115387@group-C9CC82C256D5-LeaderElection54] INFO  impl.RaftServerImpl (ServerState.java:setRaftConf(356)) - 7b8c9e6a-f170-4881-8c70-63ed6b115387@group-C9CC82C256D5: set configuration 0: [7b8c9e6a-f170-4881-8c70-63ed6b115387:192.168.157.239:37880], old=null at 0
2019-10-18 13:57:23,074 [Thread-2276] INFO  impl.FollowerState (FollowerState.java:run(117)) - 62e65786-d471-4ea9-88e1-e005cc6fe5d2@group-8DE2CD5B60C6-FollowerState was interrupted: java.lang.InterruptedException: sleep interrupted
2019-10-18 13:57:23,074 [grpc-default-executor-5] INFO  impl.RoleInfo (RoleInfo.java:shutdownFollowerState(121)) - b16ea328-00cd-4f3d-a12b-8ef29d09128f: shutdown FollowerState
2019-10-18 13:57:23,074 [grpc-default-executor-11] INFO  impl.RoleInfo (RoleInfo.java:updateAndGet(143)) - 62e65786-d471-4ea9-88e1-e005cc6fe5d2: start FollowerState
2019-10-18 13:57:23,078 [Thread-2275] INFO  impl.FollowerState (FollowerState.java:run(117)) - b16ea328-00cd-4f3d-a12b-8ef29d09128f@group-8DE2CD5B60C6-FollowerState was interrupted: java.lang.InterruptedException: sleep interrupted
2019-10-18 13:57:23,078 [grpc-default-executor-5] INFO  impl.RoleInfo (RoleInfo.java:updateAndGet(143)) - b16ea328-00cd-4f3d-a12b-8ef29d09128f: start FollowerState
2019-10-18 13:57:23,103 [b16ea328-00cd-4f3d-a12b-8ef29d09128f@group-796D70DB3CEF-LeaderElection56] INFO  impl.RoleInfo (RoleInfo.java:updateAndGet(143)) - b16ea328-00cd-4f3d-a12b-8ef29d09128f: start LeaderState
2019-10-18 13:57:23,104 [b16ea328-00cd-4f3d-a12b-8ef29d09128f@group-796D70DB3CEF-LeaderElection56] INFO  segmented.SegmentedRaftLogWorker (SegmentedRaftLogWorker.java:startLogSegment(385)) - b16ea328-00cd-4f3d-a12b-8ef29d09128f@group-796D70DB3CEF-SegmentedRaftLogWorker: Starting segment from index:0
2019-10-18 13:57:23,104 [b16ea328-00cd-4f3d-a12b-8ef29d09128f@group-796D70DB3CEF-LeaderElection56] INFO  impl.RaftServerImpl (ServerState.java:setRaftConf(356)) - b16ea328-00cd-4f3d-a12b-8ef29d09128f@group-796D70DB3CEF: set configuration 0: [b16ea328-00cd-4f3d-a12b-8ef29d09128f:192.168.157.239:39988], old=null at 0
2019-10-18 13:57:23,111 [62e65786-d471-4ea9-88e1-e005cc6fe5d2@group-87F147720664-LeaderElection55] INFO  impl.RoleInfo (RoleInfo.java:updateAndGet(143)) - 62e65786-d471-4ea9-88e1-e005cc6fe5d2: start LeaderState
2019-10-18 13:57:23,111 [62e65786-d471-4ea9-88e1-e005cc6fe5d2@group-87F147720664-LeaderElection55] INFO  segmented.SegmentedRaftLogWorker (SegmentedRaftLogWorker.java:startLogSegment(385)) - 62e65786-d471-4ea9-88e1-e005cc6fe5d2@group-87F147720664-SegmentedRaftLogWorker: Starting segment from index:0
2019-10-18 13:57:23,112 [7b8c9e6a-f170-4881-8c70-63ed6b115387@group-C9CC82C256D5-SegmentedRaftLogWorker] INFO  segmented.SegmentedRaftLogWorker (SegmentedRaftLogWorker.java:execute(574)) - 7b8c9e6a-f170-4881-8c70-63ed6b115387@group-C9CC82C256D5-SegmentedRaftLogWorker: created new log segment /workdir/hadoop-ozone/integration-test/target/test-dir/MiniOzoneClusterImpl-8a3750fb-3d25-424a-a3cd-d2dfc269c2c3/datanode-0/data/ratis/4a19012c-69c7-4c54-8262-c9cc82c256d5/current/log_inprogress_0
2019-10-18 13:57:23,113 [62e65786-d471-4ea9-88e1-e005cc6fe5d2@group-87F147720664-LeaderElection55] INFO  impl.RaftServerImpl (ServerState.java:setRaftConf(356)) - 62e65786-d471-4ea9-88e1-e005cc6fe5d2@group-87F147720664: set configuration 0: [62e65786-d471-4ea9-88e1-e005cc6fe5d2:192.168.157.239:40203], old=null at 0
2019-10-18 13:57:23,156 [b16ea328-00cd-4f3d-a12b-8ef29d09128f@group-796D70DB3CEF-SegmentedRaftLogWorker] INFO  segmented.SegmentedRaftLogWorker (SegmentedRaftLogWorker.java:execute(574)) - b16ea328-00cd-4f3d-a12b-8ef29d09128f@group-796D70DB3CEF-SegmentedRaftLogWorker: created new log segment /workdir/hadoop-ozone/integration-test/target/test-dir/MiniOzoneClusterImpl-8a3750fb-3d25-424a-a3cd-d2dfc269c2c3/datanode-2/data/ratis/c94ae1e5-0a1e-4ec6-8c4f-796d70db3cef/current/log_inprogress_0
2019-10-18 13:57:23,156 [62e65786-d471-4ea9-88e1-e005cc6fe5d2@group-87F147720664-SegmentedRaftLogWorker] INFO  segmented.SegmentedRaftLogWorker (SegmentedRaftLogWorker.java:execute(574)) - 62e65786-d471-4ea9-88e1-e005cc6fe5d2@group-87F147720664-SegmentedRaftLogWorker: created new log segment /workdir/hadoop-ozone/integration-test/target/test-dir/MiniOzoneClusterImpl-8a3750fb-3d25-424a-a3cd-d2dfc269c2c3/datanode-1/data/ratis/9804b07a-c387-4290-96df-87f147720664/current/log_inprogress_0
2019-10-18 13:57:23,156 [7b8c9e6a-f170-4881-8c70-63ed6b115387@group-8DE2CD5B60C6-LeaderElection57] INFO  impl.LeaderElection (LeaderElection.java:logAndReturn(56)) - 7b8c9e6a-f170-4881-8c70-63ed6b115387@group-8DE2CD5B60C6-LeaderElection57: Election PASSED; received 1 response(s) [7b8c9e6a-f170-4881-8c70-63ed6b115387<-b16ea328-00cd-4f3d-a12b-8ef29d09128f#0:OK-t1] and 0 exception(s); 7b8c9e6a-f170-4881-8c70-63ed6b115387@group-8DE2CD5B60C6:t1, leader=null, voted=7b8c9e6a-f170-4881-8c70-63ed6b115387, raftlog=7b8c9e6a-f170-4881-8c70-63ed6b115387@group-8DE2CD5B60C6-SegmentedRaftLog:OPENED:c-1,f-1,i0, conf=-1: [7b8c9e6a-f170-4881-8c70-63ed6b115387:192.168.157.239:37880, 62e65786-d471-4ea9-88e1-e005cc6fe5d2:192.168.157.239:40203, b16ea328-00cd-4f3d-a12b-8ef29d09128f:192.168.157.239:39988], old=null
2019-10-18 13:57:23,156 [7b8c9e6a-f170-4881-8c70-63ed6b115387@group-8DE2CD5B60C6-LeaderElection57] INFO  impl.RoleInfo (RoleInfo.java:shutdownLeaderElection(134)) - 7b8c9e6a-f170-4881-8c70-63ed6b115387: shutdown LeaderElection
2019-10-18 13:57:23,156 [7b8c9e6a-f170-4881-8c70-63ed6b115387@group-8DE2CD5B60C6-LeaderElection57] INFO  impl.RaftServerImpl (RaftServerImpl.java:setRole(170)) - 7b8c9e6a-f170-4881-8c70-63ed6b115387@group-8DE2CD5B60C6: changes role from CANDIDATE to LEADER at term 1 for changeToLeader
2019-10-18 13:57:23,156 [7b8c9e6a-f170-4881-8c70-63ed6b115387@group-8DE2CD5B60C6-LeaderElection57] INFO  impl.RaftServerImpl (ServerState.java:setLeader(255)) - 7b8c9e6a-f170-4881-8c70-63ed6b115387@group-8DE2CD5B60C6: change Leader from null to 7b8c9e6a-f170-4881-8c70-63ed6b115387 at term 1 for becomeLeader, leader elected after 5105ms
2019-10-18 13:57:23,157 [7b8c9e6a-f170-4881-8c70-63ed6b115387@group-8DE2CD5B60C6-LeaderElection57] INFO  server.RaftServerConfigKeys (ConfUtils.java:logGet(43)) - raft.server.staging.catchup.gap = 1000 (default)
2019-10-18 13:57:23,157 [7b8c9e6a-f170-4881-8c70-63ed6b115387@group-8DE2CD5B60C6-LeaderElection57] INFO  server.RaftServerConfigKeys (ConfUtils.java:logGet(43)) - raft.server.rpc.sleep.time = 25ms (default)
2019-10-18 13:57:23,157 [7b8c9e6a-f170-4881-8c70-63ed6b115387@group-8DE2CD5B60C6-LeaderElection57] INFO  server.RaftServerConfigKeys (ConfUtils.java:logGet(43)) - raft.server.write.element-limit = 4096 (default)
2019-10-18 13:57:23,157 [7b8c9e6a-f170-4881-8c70-63ed6b115387@group-8DE2CD5B60C6-LeaderElection57] INFO  server.RaftServerConfigKeys (ConfUtils.java:logGet(43)) - raft.server.watch.timeout = 10s (default)
2019-10-18 13:57:23,157 [7b8c9e6a-f170-4881-8c70-63ed6b115387@group-8DE2CD5B60C6-LeaderElection57] INFO  server.RaftServerConfigKeys (ConfUtils.java:logGet(43)) - raft.server.watch.timeout.denomination = 1s (default)
2019-10-18 13:57:23,157 [7b8c9e6a-f170-4881-8c70-63ed6b115387@group-8DE2CD5B60C6-LeaderElection57] INFO  server.RaftServerConfigKeys (ConfUtils.java:logGet(43)) - raft.server.watch.element-limit = 65536 (default)
2019-10-18 13:57:23,158 [7b8c9e6a-f170-4881-8c70-63ed6b115387@group-8DE2CD5B60C6-LeaderElection57] INFO  server.RaftServerConfigKeys (ConfUtils.java:logGet(43)) - raft.server.log.appender.snapshot.chunk.size.max = 16MB (=16777216) (default)
2019-10-18 13:57:23,158 [7b8c9e6a-f170-4881-8c70-63ed6b115387@group-8DE2CD5B60C6-LeaderElection57] INFO  server.RaftServerConfigKeys (ConfUtils.java:logGet(43)) - raft.server.log.appender.buffer.byte-limit = 33554432 (custom)
2019-10-18 13:57:23,158 [7b8c9e6a-f170-4881-8c70-63ed6b115387@group-8DE2CD5B60C6-LeaderElection57] INFO  server.RaftServerConfigKeys (ConfUtils.java:logGet(43)) - raft.server.log.appender.buffer.element-limit = 1 (custom)
2019-10-18 13:57:23,159 [7b8c9e6a-f170-4881-8c70-63ed6b115387@group-8DE2CD5B60C6-LeaderElection57] INFO  grpc.GrpcConfigKeys$Server (ConfUtils.java:logGet(43)) - raft.grpc.server.leader.outstanding.appends.max = 128 (default)
2019-10-18 13:57:23,159 [7b8c9e6a-f170-4881-8c70-63ed6b115387@group-8DE2CD5B60C6-LeaderElection57] INFO  server.RaftServerConfigKeys (ConfUtils.java:logGet(43)) - raft.server.rpc.request.timeout = 3000ms (default)
2019-10-18 13:57:23,159 [7b8c9e6a-f170-4881-8c70-63ed6b115387@group-8DE2CD5B60C6-LeaderElection57] INFO  server.RaftServerConfigKeys (ConfUtils.java:logGet(43)) - raft.server.log.appender.install.snapshot.enabled = false (custom)
2019-10-18 13:57:23,159 [7b8c9e6a-f170-4881-8c70-63ed6b115387@group-8DE2CD5B60C6-LeaderElection57] INFO  server.RaftServerConfigKeys (ConfUtils.java:logGet(43)) - raft.server.log.appender.snapshot.chunk.size.max = 16MB (=16777216) (default)
2019-10-18 13:57:23,159 [7b8c9e6a-f170-4881-8c70-63ed6b115387@group-8DE2CD5B60C6-LeaderElection57] INFO  server.RaftServerConfigKeys (ConfUtils.java:logGet(43)) - raft.server.log.appender.buffer.byte-limit = 33554432 (custom)
2019-10-18 13:57:23,159 [7b8c9e6a-f170-4881-8c70-63ed6b115387@group-8DE2CD5B60C6-LeaderElection57] INFO  server.RaftServerConfigKeys (ConfUtils.java:logGet(43)) - raft.server.log.appender.buffer.element-limit = 1 (custom)
2019-10-18 13:57:23,159 [7b8c9e6a-f170-4881-8c70-63ed6b115387@group-8DE2CD5B60C6-LeaderElection57] INFO  grpc.GrpcConfigKeys$Server (ConfUtils.java:logGet(43)) - raft.grpc.server.leader.outstanding.appends.max = 128 (default)
2019-10-18 13:57:23,159 [7b8c9e6a-f170-4881-8c70-63ed6b115387@group-8DE2CD5B60C6-LeaderElection57] INFO  server.RaftServerConfigKeys (ConfUtils.java:logGet(43)) - raft.server.rpc.request.timeout = 3000ms (default)
2019-10-18 13:57:23,160 [7b8c9e6a-f170-4881-8c70-63ed6b115387@group-8DE2CD5B60C6-LeaderElection57] INFO  server.RaftServerConfigKeys (ConfUtils.java:logGet(43)) - raft.server.log.appender.install.snapshot.enabled = false (custom)
2019-10-18 13:57:23,160 [7b8c9e6a-f170-4881-8c70-63ed6b115387@group-8DE2CD5B60C6-LeaderElection57] INFO  impl.RoleInfo (RoleInfo.java:updateAndGet(143)) - 7b8c9e6a-f170-4881-8c70-63ed6b115387: start LeaderState
2019-10-18 13:57:23,160 [7b8c9e6a-f170-4881-8c70-63ed6b115387@group-8DE2CD5B60C6-LeaderElection57] INFO  segmented.SegmentedRaftLogWorker (SegmentedRaftLogWorker.java:startLogSegment(385)) - 7b8c9e6a-f170-4881-8c70-63ed6b115387@group-8DE2CD5B60C6-SegmentedRaftLogWorker: Starting segment from index:0
2019-10-18 13:57:23,160 [7b8c9e6a-f170-4881-8c70-63ed6b115387@group-8DE2CD5B60C6-LeaderElection57] INFO  impl.RaftServerImpl (ServerState.java:setRaftConf(356)) - 7b8c9e6a-f170-4881-8c70-63ed6b115387@group-8DE2CD5B60C6: set configuration 0: [7b8c9e6a-f170-4881-8c70-63ed6b115387:192.168.157.239:37880, 62e65786-d471-4ea9-88e1-e005cc6fe5d2:192.168.157.239:40203, b16ea328-00cd-4f3d-a12b-8ef29d09128f:192.168.157.239:39988], old=null at 0
2019-10-18 13:57:23,183 [grpc-default-executor-11] INFO  impl.RaftServerImpl (ServerState.java:setLeader(255)) - b16ea328-00cd-4f3d-a12b-8ef29d09128f@group-8DE2CD5B60C6: change Leader from null to 7b8c9e6a-f170-4881-8c70-63ed6b115387 at term 1 for appendEntries, leader elected after 5132ms
2019-10-18 13:57:23,186 [grpc-default-executor-11] INFO  impl.RaftServerImpl (ServerState.java:setLeader(255)) - 62e65786-d471-4ea9-88e1-e005cc6fe5d2@group-8DE2CD5B60C6: change Leader from null to 7b8c9e6a-f170-4881-8c70-63ed6b115387 at term 1 for appendEntries, leader elected after 5134ms
2019-10-18 13:57:23,196 [7b8c9e6a-f170-4881-8c70-63ed6b115387@group-8DE2CD5B60C6-SegmentedRaftLogWorker] INFO  segmented.SegmentedRaftLogWorker (SegmentedRaftLogWorker.java:execute(574)) - 7b8c9e6a-f170-4881-8c70-63ed6b115387@group-8DE2CD5B60C6-SegmentedRaftLogWorker: created new log segment /workdir/hadoop-ozone/integration-test/target/test-dir/MiniOzoneClusterImpl-8a3750fb-3d25-424a-a3cd-d2dfc269c2c3/datanode-0/data/ratis/bf1b77d0-de1b-4c77-821d-8de2cd5b60c6/current/log_inprogress_0
2019-10-18 13:57:23,197 [grpc-default-executor-11] INFO  impl.RaftServerImpl (ServerState.java:setRaftConf(356)) - b16ea328-00cd-4f3d-a12b-8ef29d09128f@group-8DE2CD5B60C6: set configuration 0: [7b8c9e6a-f170-4881-8c70-63ed6b115387:192.168.157.239:37880, 62e65786-d471-4ea9-88e1-e005cc6fe5d2:192.168.157.239:40203, b16ea328-00cd-4f3d-a12b-8ef29d09128f:192.168.157.239:39988], old=null at 0
2019-10-18 13:57:23,197 [grpc-default-executor-5] INFO  impl.RaftServerImpl (ServerState.java:setRaftConf(356)) - 62e65786-d471-4ea9-88e1-e005cc6fe5d2@group-8DE2CD5B60C6: set configuration 0: [7b8c9e6a-f170-4881-8c70-63ed6b115387:192.168.157.239:37880, 62e65786-d471-4ea9-88e1-e005cc6fe5d2:192.168.157.239:40203, b16ea328-00cd-4f3d-a12b-8ef29d09128f:192.168.157.239:39988], old=null at 0
2019-10-18 13:57:23,197 [grpc-default-executor-11] INFO  segmented.SegmentedRaftLogWorker (SegmentedRaftLogWorker.java:startLogSegment(385)) - b16ea328-00cd-4f3d-a12b-8ef29d09128f@group-8DE2CD5B60C6-SegmentedRaftLogWorker: Starting segment from index:0
2019-10-18 13:57:23,197 [grpc-default-executor-5] INFO  segmented.SegmentedRaftLogWorker (SegmentedRaftLogWorker.java:startLogSegment(385)) - 62e65786-d471-4ea9-88e1-e005cc6fe5d2@group-8DE2CD5B60C6-SegmentedRaftLogWorker: Starting segment from index:0
2019-10-18 13:57:23,231 [b16ea328-00cd-4f3d-a12b-8ef29d09128f@group-8DE2CD5B60C6-SegmentedRaftLogWorker] INFO  segmented.SegmentedRaftLogWorker (SegmentedRaftLogWorker.java:execute(574)) - b16ea328-00cd-4f3d-a12b-8ef29d09128f@group-8DE2CD5B60C6-SegmentedRaftLogWorker: created new log segment /workdir/hadoop-ozone/integration-test/target/test-dir/MiniOzoneClusterImpl-8a3750fb-3d25-424a-a3cd-d2dfc269c2c3/datanode-2/data/ratis/bf1b77d0-de1b-4c77-821d-8de2cd5b60c6/current/log_inprogress_0
2019-10-18 13:57:23,231 [62e65786-d471-4ea9-88e1-e005cc6fe5d2@group-8DE2CD5B60C6-SegmentedRaftLogWorker] INFO  segmented.SegmentedRaftLogWorker (SegmentedRaftLogWorker.java:execute(574)) - 62e65786-d471-4ea9-88e1-e005cc6fe5d2@group-8DE2CD5B60C6-SegmentedRaftLogWorker: created new log segment /workdir/hadoop-ozone/integration-test/target/test-dir/MiniOzoneClusterImpl-8a3750fb-3d25-424a-a3cd-d2dfc269c2c3/datanode-1/data/ratis/bf1b77d0-de1b-4c77-821d-8de2cd5b60c6/current/log_inprogress_0
2019-10-18 13:57:23,250 [Thread-2285] INFO  impl.FollowerState (FollowerState.java:run(108)) - f2765c75-2fdb-40be-82bb-4b7afa7583ff@group-0D1AD02D71B1-FollowerState: change to CANDIDATE, lastRpcTime:5069ms, electionTimeout:5069ms
2019-10-18 13:57:23,251 [Thread-2285] INFO  impl.RoleInfo (RoleInfo.java:shutdownFollowerState(121)) - f2765c75-2fdb-40be-82bb-4b7afa7583ff: shutdown FollowerState
2019-10-18 13:57:23,251 [Thread-2285] INFO  impl.RaftServerImpl (RaftServerImpl.java:setRole(170)) - f2765c75-2fdb-40be-82bb-4b7afa7583ff@group-0D1AD02D71B1: changes role from  FOLLOWER to CANDIDATE at term 0 for changeToCandidate
2019-10-18 13:57:23,251 [Thread-2285] INFO  impl.RoleInfo (RoleInfo.java:updateAndGet(143)) - f2765c75-2fdb-40be-82bb-4b7afa7583ff: start LeaderElection
2019-10-18 13:57:23,262 [f2765c75-2fdb-40be-82bb-4b7afa7583ff@group-0D1AD02D71B1-LeaderElection58] INFO  impl.LeaderElection (LeaderElection.java:askForVotes(178)) - f2765c75-2fdb-40be-82bb-4b7afa7583ff@group-0D1AD02D71B1-LeaderElection58: begin an election at term 1 for -1: [f2765c75-2fdb-40be-82bb-4b7afa7583ff:192.168.157.239:33758], old=null
2019-10-18 13:57:23,262 [f2765c75-2fdb-40be-82bb-4b7afa7583ff@group-0D1AD02D71B1-LeaderElection58] INFO  impl.RoleInfo (RoleInfo.java:shutdownLeaderElection(134)) - f2765c75-2fdb-40be-82bb-4b7afa7583ff: shutdown LeaderElection
2019-10-18 13:57:23,262 [f2765c75-2fdb-40be-82bb-4b7afa7583ff@group-0D1AD02D71B1-LeaderElection58] INFO  impl.RaftServerImpl (RaftServerImpl.java:setRole(170)) - f2765c75-2fdb-40be-82bb-4b7afa7583ff@group-0D1AD02D71B1: changes role from CANDIDATE to LEADER at term 1 for changeToLeader
2019-10-18 13:57:23,262 [f2765c75-2fdb-40be-82bb-4b7afa7583ff@group-0D1AD02D71B1-LeaderElection58] INFO  impl.RaftServerImpl (ServerState.java:setLeader(255)) - f2765c75-2fdb-40be-82bb-4b7afa7583ff@group-0D1AD02D71B1: change Leader from null to f2765c75-2fdb-40be-82bb-4b7afa7583ff at term 1 for becomeLeader, leader elected after 5086ms
2019-10-18 13:57:23,262 [f2765c75-2fdb-40be-82bb-4b7afa7583ff@group-0D1AD02D71B1-LeaderElection58] INFO  server.RaftServerConfigKeys (ConfUtils.java:logGet(43)) - raft.server.staging.catchup.gap = 1000 (default)
2019-10-18 13:57:23,262 [f2765c75-2fdb-40be-82bb-4b7afa7583ff@group-0D1AD02D71B1-LeaderElection58] INFO  server.RaftServerConfigKeys (ConfUtils.java:logGet(43)) - raft.server.rpc.sleep.time = 25ms (default)
2019-10-18 13:57:23,262 [f2765c75-2fdb-40be-82bb-4b7afa7583ff@group-0D1AD02D71B1-LeaderElection58] INFO  server.RaftServerConfigKeys (ConfUtils.java:logGet(43)) - raft.server.write.element-limit = 4096 (default)
2019-10-18 13:57:23,262 [f2765c75-2fdb-40be-82bb-4b7afa7583ff@group-0D1AD02D71B1-LeaderElection58] INFO  server.RaftServerConfigKeys (ConfUtils.java:logGet(43)) - raft.server.watch.timeout = 10s (default)
2019-10-18 13:57:23,263 [f2765c75-2fdb-40be-82bb-4b7afa7583ff@group-0D1AD02D71B1-LeaderElection58] INFO  server.RaftServerConfigKeys (ConfUtils.java:logGet(43)) - raft.server.watch.timeout.denomination = 1s (default)
2019-10-18 13:57:23,263 [f2765c75-2fdb-40be-82bb-4b7afa7583ff@group-0D1AD02D71B1-LeaderElection58] INFO  server.RaftServerConfigKeys (ConfUtils.java:logGet(43)) - raft.server.watch.element-limit = 65536 (default)
2019-10-18 13:57:23,264 [f2765c75-2fdb-40be-82bb-4b7afa7583ff@group-0D1AD02D71B1-LeaderElection58] INFO  impl.RoleInfo (RoleInfo.java:updateAndGet(143)) - f2765c75-2fdb-40be-82bb-4b7afa7583ff: start LeaderState
2019-10-18 13:57:23,264 [f2765c75-2fdb-40be-82bb-4b7afa7583ff@group-0D1AD02D71B1-LeaderElection58] INFO  segmented.SegmentedRaftLogWorker (SegmentedRaftLogWorker.java:startLogSegment(385)) - f2765c75-2fdb-40be-82bb-4b7afa7583ff@group-0D1AD02D71B1-SegmentedRaftLogWorker: Starting segment from index:0
2019-10-18 13:57:23,264 [f2765c75-2fdb-40be-82bb-4b7afa7583ff@group-0D1AD02D71B1-LeaderElection58] INFO  impl.RaftServerImpl (ServerState.java:setRaftConf(356)) - f2765c75-2fdb-40be-82bb-4b7afa7583ff@group-0D1AD02D71B1: set configuration 0: [f2765c75-2fdb-40be-82bb-4b7afa7583ff:192.168.157.239:33758], old=null at 0
2019-10-18 13:57:23,271 [Thread-2282] INFO  impl.FollowerState (FollowerState.java:run(108)) - 1d4c4d1b-de56-4b6b-a065-89df82a2d1e0@group-DE9E3C51C32B-FollowerState: change to CANDIDATE, lastRpcTime:5138ms, electionTimeout:5138ms
2019-10-18 13:57:23,271 [Thread-2282] INFO  impl.RoleInfo (RoleInfo.java:shutdownFollowerState(121)) - 1d4c4d1b-de56-4b6b-a065-89df82a2d1e0: shutdown FollowerState
2019-10-18 13:57:23,271 [Thread-2282] INFO  impl.RaftServerImpl (RaftServerImpl.java:setRole(170)) - 1d4c4d1b-de56-4b6b-a065-89df82a2d1e0@group-DE9E3C51C32B: changes role from  FOLLOWER to CANDIDATE at term 0 for changeToCandidate
2019-10-18 13:57:23,271 [Thread-2282] INFO  impl.RoleInfo (RoleInfo.java:updateAndGet(143)) - 1d4c4d1b-de56-4b6b-a065-89df82a2d1e0: start LeaderElection
2019-10-18 13:57:23,288 [Thread-2288] INFO  impl.FollowerState (FollowerState.java:run(108)) - e32dc334-fb80-4e0c-a53a-d822a4f067ce@group-7D0A5CFDEC9E-FollowerState: change to CANDIDATE, lastRpcTime:5024ms, electionTimeout:5017ms
2019-10-18 13:57:23,291 [Thread-2288] INFO  impl.RoleInfo (RoleInfo.java:shutdownFollowerState(121)) - e32dc334-fb80-4e0c-a53a-d822a4f067ce: shutdown FollowerState
2019-10-18 13:57:23,291 [Thread-2288] INFO  impl.RaftServerImpl (RaftServerImpl.java:setRole(170)) - e32dc334-fb80-4e0c-a53a-d822a4f067ce@group-7D0A5CFDEC9E: changes role from  FOLLOWER to CANDIDATE at term 0 for changeToCandidate
2019-10-18 13:57:23,291 [f2765c75-2fdb-40be-82bb-4b7afa7583ff@group-0D1AD02D71B1-SegmentedRaftLogWorker] INFO  segmented.SegmentedRaftLogWorker (SegmentedRaftLogWorker.java:execute(574)) - f2765c75-2fdb-40be-82bb-4b7afa7583ff@group-0D1AD02D71B1-SegmentedRaftLogWorker: created new log segment /workdir/hadoop-ozone/integration-test/target/test-dir/MiniOzoneClusterImpl-8a3750fb-3d25-424a-a3cd-d2dfc269c2c3/datanode-4/data/ratis/2f5eb0c1-229f-498f-a4f8-0d1ad02d71b1/current/log_inprogress_0
2019-10-18 13:57:23,292 [Thread-2288] INFO  impl.RoleInfo (RoleInfo.java:updateAndGet(143)) - e32dc334-fb80-4e0c-a53a-d822a4f067ce: start LeaderElection
2019-10-18 13:57:23,294 [1d4c4d1b-de56-4b6b-a065-89df82a2d1e0@group-DE9E3C51C32B-LeaderElection59] INFO  impl.LeaderElection (LeaderElection.java:askForVotes(178)) - 1d4c4d1b-de56-4b6b-a065-89df82a2d1e0@group-DE9E3C51C32B-LeaderElection59: begin an election at term 1 for -1: [1d4c4d1b-de56-4b6b-a065-89df82a2d1e0:192.168.157.239:40209], old=null
2019-10-18 13:57:23,297 [1d4c4d1b-de56-4b6b-a065-89df82a2d1e0@group-DE9E3C51C32B-LeaderElection59] INFO  impl.RoleInfo (RoleInfo.java:shutdownLeaderElection(134)) - 1d4c4d1b-de56-4b6b-a065-89df82a2d1e0: shutdown LeaderElection
2019-10-18 13:57:23,297 [1d4c4d1b-de56-4b6b-a065-89df82a2d1e0@group-DE9E3C51C32B-LeaderElection59] INFO  impl.RaftServerImpl (RaftServerImpl.java:setRole(170)) - 1d4c4d1b-de56-4b6b-a065-89df82a2d1e0@group-DE9E3C51C32B: changes role from CANDIDATE to LEADER at term 1 for changeToLeader
2019-10-18 13:57:23,297 [1d4c4d1b-de56-4b6b-a065-89df82a2d1e0@group-DE9E3C51C32B-LeaderElection59] INFO  impl.RaftServerImpl (ServerState.java:setLeader(255)) - 1d4c4d1b-de56-4b6b-a065-89df82a2d1e0@group-DE9E3C51C32B: change Leader from null to 1d4c4d1b-de56-4b6b-a065-89df82a2d1e0 at term 1 for becomeLeader, leader elected after 5169ms
2019-10-18 13:57:23,297 [1d4c4d1b-de56-4b6b-a065-89df82a2d1e0@group-DE9E3C51C32B-LeaderElection59] INFO  server.RaftServerConfigKeys (ConfUtils.java:logGet(43)) - raft.server.staging.catchup.gap = 1000 (default)
2019-10-18 13:57:23,297 [1d4c4d1b-de56-4b6b-a065-89df82a2d1e0@group-DE9E3C51C32B-LeaderElection59] INFO  server.RaftServerConfigKeys (ConfUtils.java:logGet(43)) - raft.server.rpc.sleep.time = 25ms (default)
2019-10-18 13:57:23,297 [1d4c4d1b-de56-4b6b-a065-89df82a2d1e0@group-DE9E3C51C32B-LeaderElection59] INFO  server.RaftServerConfigKeys (ConfUtils.java:logGet(43)) - raft.server.write.element-limit = 4096 (default)
2019-10-18 13:57:23,297 [1d4c4d1b-de56-4b6b-a065-89df82a2d1e0@group-DE9E3C51C32B-LeaderElection59] INFO  server.RaftServerConfigKeys (ConfUtils.java:logGet(43)) - raft.server.watch.timeout = 10s (default)
2019-10-18 13:57:23,297 [1d4c4d1b-de56-4b6b-a065-89df82a2d1e0@group-DE9E3C51C32B-LeaderElection59] INFO  server.RaftServerConfigKeys (ConfUtils.java:logGet(43)) - raft.server.watch.timeout.denomination = 1s (default)
2019-10-18 13:57:23,297 [1d4c4d1b-de56-4b6b-a065-89df82a2d1e0@group-DE9E3C51C32B-LeaderElection59] INFO  server.RaftServerConfigKeys (ConfUtils.java:logGet(43)) - raft.server.watch.element-limit = 65536 (default)
2019-10-18 13:57:23,298 [1d4c4d1b-de56-4b6b-a065-89df82a2d1e0@group-DE9E3C51C32B-LeaderElection59] INFO  impl.RoleInfo (RoleInfo.java:updateAndGet(143)) - 1d4c4d1b-de56-4b6b-a065-89df82a2d1e0: start LeaderState
2019-10-18 13:57:23,299 [1d4c4d1b-de56-4b6b-a065-89df82a2d1e0@group-DE9E3C51C32B-LeaderElection59] INFO  segmented.SegmentedRaftLogWorker (SegmentedRaftLogWorker.java:startLogSegment(385)) - 1d4c4d1b-de56-4b6b-a065-89df82a2d1e0@group-DE9E3C51C32B-SegmentedRaftLogWorker: Starting segment from index:0
2019-10-18 13:57:23,299 [1d4c4d1b-de56-4b6b-a065-89df82a2d1e0@group-DE9E3C51C32B-LeaderElection59] INFO  impl.RaftServerImpl (ServerState.java:setRaftConf(356)) - 1d4c4d1b-de56-4b6b-a065-89df82a2d1e0@group-DE9E3C51C32B: set configuration 0: [1d4c4d1b-de56-4b6b-a065-89df82a2d1e0:192.168.157.239:40209], old=null at 0
2019-10-18 13:57:23,306 [e32dc334-fb80-4e0c-a53a-d822a4f067ce@group-7D0A5CFDEC9E-LeaderElection60] INFO  impl.LeaderElection (LeaderElection.java:askForVotes(178)) - e32dc334-fb80-4e0c-a53a-d822a4f067ce@group-7D0A5CFDEC9E-LeaderElection60: begin an election at term 1 for -1: [e32dc334-fb80-4e0c-a53a-d822a4f067ce:192.168.157.239:36578], old=null
2019-10-18 13:57:23,306 [e32dc334-fb80-4e0c-a53a-d822a4f067ce@group-7D0A5CFDEC9E-LeaderElection60] INFO  impl.RoleInfo (RoleInfo.java:shutdownLeaderElection(134)) - e32dc334-fb80-4e0c-a53a-d822a4f067ce: shutdown LeaderElection
2019-10-18 13:57:23,306 [e32dc334-fb80-4e0c-a53a-d822a4f067ce@group-7D0A5CFDEC9E-LeaderElection60] INFO  impl.RaftServerImpl (RaftServerImpl.java:setRole(170)) - e32dc334-fb80-4e0c-a53a-d822a4f067ce@group-7D0A5CFDEC9E: changes role from CANDIDATE to LEADER at term 1 for changeToLeader
2019-10-18 13:57:23,306 [e32dc334-fb80-4e0c-a53a-d822a4f067ce@group-7D0A5CFDEC9E-LeaderElection60] INFO  impl.RaftServerImpl (ServerState.java:setLeader(255)) - e32dc334-fb80-4e0c-a53a-d822a4f067ce@group-7D0A5CFDEC9E: change Leader from null to e32dc334-fb80-4e0c-a53a-d822a4f067ce at term 1 for becomeLeader, leader elected after 5047ms
2019-10-18 13:57:23,306 [e32dc334-fb80-4e0c-a53a-d822a4f067ce@group-7D0A5CFDEC9E-LeaderElection60] INFO  server.RaftServerConfigKeys (ConfUtils.java:logGet(43)) - raft.server.staging.catchup.gap = 1000 (default)
2019-10-18 13:57:23,306 [e32dc334-fb80-4e0c-a53a-d822a4f067ce@group-7D0A5CFDEC9E-LeaderElection60] INFO  server.RaftServerConfigKeys (ConfUtils.java:logGet(43)) - raft.server.rpc.sleep.time = 25ms (default)
2019-10-18 13:57:23,306 [e32dc334-fb80-4e0c-a53a-d822a4f067ce@group-7D0A5CFDEC9E-LeaderElection60] INFO  server.RaftServerConfigKeys (ConfUtils.java:logGet(43)) - raft.server.write.element-limit = 4096 (default)
2019-10-18 13:57:23,307 [e32dc334-fb80-4e0c-a53a-d822a4f067ce@group-7D0A5CFDEC9E-LeaderElection60] INFO  server.RaftServerConfigKeys (ConfUtils.java:logGet(43)) - raft.server.watch.timeout = 10s (default)
2019-10-18 13:57:23,307 [e32dc334-fb80-4e0c-a53a-d822a4f067ce@group-7D0A5CFDEC9E-LeaderElection60] INFO  server.RaftServerConfigKeys (ConfUtils.java:logGet(43)) - raft.server.watch.timeout.denomination = 1s (default)
2019-10-18 13:57:23,307 [e32dc334-fb80-4e0c-a53a-d822a4f067ce@group-7D0A5CFDEC9E-LeaderElection60] INFO  server.RaftServerConfigKeys (ConfUtils.java:logGet(43)) - raft.server.watch.element-limit = 65536 (default)
2019-10-18 13:57:23,308 [e32dc334-fb80-4e0c-a53a-d822a4f067ce@group-7D0A5CFDEC9E-LeaderElection60] INFO  impl.RoleInfo (RoleInfo.java:updateAndGet(143)) - e32dc334-fb80-4e0c-a53a-d822a4f067ce: start LeaderState
2019-10-18 13:57:23,308 [e32dc334-fb80-4e0c-a53a-d822a4f067ce@group-7D0A5CFDEC9E-LeaderElection60] INFO  segmented.SegmentedRaftLogWorker (SegmentedRaftLogWorker.java:startLogSegment(385)) - e32dc334-fb80-4e0c-a53a-d822a4f067ce@group-7D0A5CFDEC9E-SegmentedRaftLogWorker: Starting segment from index:0
2019-10-18 13:57:23,308 [e32dc334-fb80-4e0c-a53a-d822a4f067ce@group-7D0A5CFDEC9E-LeaderElection60] INFO  impl.RaftServerImpl (ServerState.java:setRaftConf(356)) - e32dc334-fb80-4e0c-a53a-d822a4f067ce@group-7D0A5CFDEC9E: set configuration 0: [e32dc334-fb80-4e0c-a53a-d822a4f067ce:192.168.157.239:36578], old=null at 0
2019-10-18 13:57:23,326 [1d4c4d1b-de56-4b6b-a065-89df82a2d1e0@group-DE9E3C51C32B-SegmentedRaftLogWorker] INFO  segmented.SegmentedRaftLogWorker (SegmentedRaftLogWorker.java:execute(574)) - 1d4c4d1b-de56-4b6b-a065-89df82a2d1e0@group-DE9E3C51C32B-SegmentedRaftLogWorker: created new log segment /workdir/hadoop-ozone/integration-test/target/test-dir/MiniOzoneClusterImpl-8a3750fb-3d25-424a-a3cd-d2dfc269c2c3/datanode-3/data/ratis/18375f0e-3dfd-415e-a812-de9e3c51c32b/current/log_inprogress_0
2019-10-18 13:57:23,339 [e32dc334-fb80-4e0c-a53a-d822a4f067ce@group-7D0A5CFDEC9E-SegmentedRaftLogWorker] INFO  segmented.SegmentedRaftLogWorker (SegmentedRaftLogWorker.java:execute(574)) - e32dc334-fb80-4e0c-a53a-d822a4f067ce@group-7D0A5CFDEC9E-SegmentedRaftLogWorker: created new log segment /workdir/hadoop-ozone/integration-test/target/test-dir/MiniOzoneClusterImpl-8a3750fb-3d25-424a-a3cd-d2dfc269c2c3/datanode-5/data/ratis/0da701ec-0e30-47ca-bd3c-7d0a5cfdec9e/current/log_inprogress_0
2019-10-18 13:57:23,377 [Thread-2296] INFO  impl.FollowerState (FollowerState.java:run(108)) - f2765c75-2fdb-40be-82bb-4b7afa7583ff@group-E9507E1BA7A9-FollowerState: change to CANDIDATE, lastRpcTime:5027ms, electionTimeout:5027ms
2019-10-18 13:57:23,377 [Thread-2296] INFO  impl.RoleInfo (RoleInfo.java:shutdownFollowerState(121)) - f2765c75-2fdb-40be-82bb-4b7afa7583ff: shutdown FollowerState
2019-10-18 13:57:23,378 [Thread-2296] INFO  impl.RaftServerImpl (RaftServerImpl.java:setRole(170)) - f2765c75-2fdb-40be-82bb-4b7afa7583ff@group-E9507E1BA7A9: changes role from  FOLLOWER to CANDIDATE at term 0 for changeToCandidate
2019-10-18 13:57:23,378 [Thread-2296] INFO  impl.RoleInfo (RoleInfo.java:updateAndGet(143)) - f2765c75-2fdb-40be-82bb-4b7afa7583ff: start LeaderElection
2019-10-18 13:57:23,397 [f2765c75-2fdb-40be-82bb-4b7afa7583ff@group-E9507E1BA7A9-LeaderElection61] INFO  impl.LeaderElection (LeaderElection.java:askForVotes(178)) - f2765c75-2fdb-40be-82bb-4b7afa7583ff@group-E9507E1BA7A9-LeaderElection61: begin an election at term 1 for -1: [e32dc334-fb80-4e0c-a53a-d822a4f067ce:192.168.157.239:36578, f2765c75-2fdb-40be-82bb-4b7afa7583ff:192.168.157.239:33758, 1d4c4d1b-de56-4b6b-a065-89df82a2d1e0:192.168.157.239:40209], old=null
2019-10-18 13:57:23,400 [Thread-2297] INFO  impl.FollowerState (FollowerState.java:run(108)) - 1d4c4d1b-de56-4b6b-a065-89df82a2d1e0@group-E9507E1BA7A9-FollowerState: change to CANDIDATE, lastRpcTime:5050ms, electionTimeout:5050ms
2019-10-18 13:57:23,401 [Thread-2297] INFO  impl.RoleInfo (RoleInfo.java:shutdownFollowerState(121)) - 1d4c4d1b-de56-4b6b-a065-89df82a2d1e0: shutdown FollowerState
2019-10-18 13:57:23,401 [Thread-2297] INFO  impl.RaftServerImpl (RaftServerImpl.java:setRole(170)) - 1d4c4d1b-de56-4b6b-a065-89df82a2d1e0@group-E9507E1BA7A9: changes role from  FOLLOWER to CANDIDATE at term 0 for changeToCandidate
2019-10-18 13:57:23,401 [Thread-2297] INFO  impl.RoleInfo (RoleInfo.java:updateAndGet(143)) - 1d4c4d1b-de56-4b6b-a065-89df82a2d1e0: start LeaderElection
2019-10-18 13:57:23,410 [grpc-default-executor-5] INFO  impl.RaftServerImpl (RaftServerImpl.java:setRole(170)) - e32dc334-fb80-4e0c-a53a-d822a4f067ce@group-E9507E1BA7A9: changes role from  FOLLOWER to FOLLOWER at term 1 for recognizeCandidate:f2765c75-2fdb-40be-82bb-4b7afa7583ff
2019-10-18 13:57:23,411 [grpc-default-executor-5] INFO  impl.RoleInfo (RoleInfo.java:shutdownFollowerState(121)) - e32dc334-fb80-4e0c-a53a-d822a4f067ce: shutdown FollowerState
2019-10-18 13:57:23,411 [grpc-default-executor-5] INFO  impl.RoleInfo (RoleInfo.java:updateAndGet(143)) - e32dc334-fb80-4e0c-a53a-d822a4f067ce: start FollowerState
2019-10-18 13:57:23,411 [Thread-2295] INFO  impl.FollowerState (FollowerState.java:run(117)) - e32dc334-fb80-4e0c-a53a-d822a4f067ce@group-E9507E1BA7A9-FollowerState was interrupted: java.lang.InterruptedException: sleep interrupted
2019-10-18 13:57:23,417 [1d4c4d1b-de56-4b6b-a065-89df82a2d1e0@group-E9507E1BA7A9-LeaderElection62] INFO  impl.LeaderElection (LeaderElection.java:askForVotes(178)) - 1d4c4d1b-de56-4b6b-a065-89df82a2d1e0@group-E9507E1BA7A9-LeaderElection62: begin an election at term 1 for -1: [e32dc334-fb80-4e0c-a53a-d822a4f067ce:192.168.157.239:36578, f2765c75-2fdb-40be-82bb-4b7afa7583ff:192.168.157.239:33758, 1d4c4d1b-de56-4b6b-a065-89df82a2d1e0:192.168.157.239:40209], old=null
2019-10-18 13:57:23,426 [f2765c75-2fdb-40be-82bb-4b7afa7583ff@group-E9507E1BA7A9-LeaderElection61] INFO  impl.LeaderElection (LeaderElection.java:logAndReturn(56)) - f2765c75-2fdb-40be-82bb-4b7afa7583ff@group-E9507E1BA7A9-LeaderElection61: Election PASSED; received 2 response(s) [f2765c75-2fdb-40be-82bb-4b7afa7583ff<-e32dc334-fb80-4e0c-a53a-d822a4f067ce#0:OK-t1, f2765c75-2fdb-40be-82bb-4b7afa7583ff<-1d4c4d1b-de56-4b6b-a065-89df82a2d1e0#0:FAIL-t1] and 0 exception(s); f2765c75-2fdb-40be-82bb-4b7afa7583ff@group-E9507E1BA7A9:t1, leader=null, voted=f2765c75-2fdb-40be-82bb-4b7afa7583ff, raftlog=f2765c75-2fdb-40be-82bb-4b7afa7583ff@group-E9507E1BA7A9-SegmentedRaftLog:OPENED:c-1,f-1,i0, conf=-1: [e32dc334-fb80-4e0c-a53a-d822a4f067ce:192.168.157.239:36578, f2765c75-2fdb-40be-82bb-4b7afa7583ff:192.168.157.239:33758, 1d4c4d1b-de56-4b6b-a065-89df82a2d1e0:192.168.157.239:40209], old=null
2019-10-18 13:57:23,426 [f2765c75-2fdb-40be-82bb-4b7afa7583ff@group-E9507E1BA7A9-LeaderElection61] INFO  impl.RoleInfo (RoleInfo.java:shutdownLeaderElection(134)) - f2765c75-2fdb-40be-82bb-4b7afa7583ff: shutdown LeaderElection
2019-10-18 13:57:23,426 [f2765c75-2fdb-40be-82bb-4b7afa7583ff@group-E9507E1BA7A9-LeaderElection61] INFO  impl.RaftServerImpl (RaftServerImpl.java:setRole(170)) - f2765c75-2fdb-40be-82bb-4b7afa7583ff@group-E9507E1BA7A9: changes role from CANDIDATE to LEADER at term 1 for changeToLeader
2019-10-18 13:57:23,426 [f2765c75-2fdb-40be-82bb-4b7afa7583ff@group-E9507E1BA7A9-LeaderElection61] INFO  impl.RaftServerImpl (ServerState.java:setLeader(255)) - f2765c75-2fdb-40be-82bb-4b7afa7583ff@group-E9507E1BA7A9: change Leader from null to f2765c75-2fdb-40be-82bb-4b7afa7583ff at term 1 for becomeLeader, leader elected after 5101ms
2019-10-18 13:57:23,427 [f2765c75-2fdb-40be-82bb-4b7afa7583ff@group-E9507E1BA7A9-LeaderElection61] INFO  server.RaftServerConfigKeys (ConfUtils.java:logGet(43)) - raft.server.staging.catchup.gap = 1000 (default)
2019-10-18 13:57:23,427 [f2765c75-2fdb-40be-82bb-4b7afa7583ff@group-E9507E1BA7A9-LeaderElection61] INFO  server.RaftServerConfigKeys (ConfUtils.java:logGet(43)) - raft.server.rpc.sleep.time = 25ms (default)
2019-10-18 13:57:23,427 [f2765c75-2fdb-40be-82bb-4b7afa7583ff@group-E9507E1BA7A9-LeaderElection61] INFO  server.RaftServerConfigKeys (ConfUtils.java:logGet(43)) - raft.server.write.element-limit = 4096 (default)
2019-10-18 13:57:23,427 [f2765c75-2fdb-40be-82bb-4b7afa7583ff@group-E9507E1BA7A9-LeaderElection61] INFO  server.RaftServerConfigKeys (ConfUtils.java:logGet(43)) - raft.server.watch.timeout = 10s (default)
2019-10-18 13:57:23,430 [f2765c75-2fdb-40be-82bb-4b7afa7583ff@group-E9507E1BA7A9-LeaderElection61] INFO  server.RaftServerConfigKeys (ConfUtils.java:logGet(43)) - raft.server.watch.timeout.denomination = 1s (default)
2019-10-18 13:57:23,430 [f2765c75-2fdb-40be-82bb-4b7afa7583ff@group-E9507E1BA7A9-LeaderElection61] INFO  server.RaftServerConfigKeys (ConfUtils.java:logGet(43)) - raft.server.watch.element-limit = 65536 (default)
2019-10-18 13:57:23,434 [f2765c75-2fdb-40be-82bb-4b7afa7583ff@group-E9507E1BA7A9-LeaderElection61] INFO  server.RaftServerConfigKeys (ConfUtils.java:logGet(43)) - raft.server.log.appender.snapshot.chunk.size.max = 16MB (=16777216) (default)
2019-10-18 13:57:23,434 [f2765c75-2fdb-40be-82bb-4b7afa7583ff@group-E9507E1BA7A9-LeaderElection61] INFO  server.RaftServerConfigKeys (ConfUtils.java:logGet(43)) - raft.server.log.appender.buffer.byte-limit = 33554432 (custom)
2019-10-18 13:57:23,434 [f2765c75-2fdb-40be-82bb-4b7afa7583ff@group-E9507E1BA7A9-LeaderElection61] INFO  server.RaftServerConfigKeys (ConfUtils.java:logGet(43)) - raft.server.log.appender.buffer.element-limit = 1 (custom)
2019-10-18 13:57:23,435 [f2765c75-2fdb-40be-82bb-4b7afa7583ff@group-E9507E1BA7A9-LeaderElection61] INFO  grpc.GrpcConfigKeys$Server (ConfUtils.java:logGet(43)) - raft.grpc.server.leader.outstanding.appends.max = 128 (default)
2019-10-18 13:57:23,435 [f2765c75-2fdb-40be-82bb-4b7afa7583ff@group-E9507E1BA7A9-LeaderElection61] INFO  server.RaftServerConfigKeys (ConfUtils.java:logGet(43)) - raft.server.rpc.request.timeout = 3000ms (default)
2019-10-18 13:57:23,435 [f2765c75-2fdb-40be-82bb-4b7afa7583ff@group-E9507E1BA7A9-LeaderElection61] INFO  server.RaftServerConfigKeys (ConfUtils.java:logGet(43)) - raft.server.log.appender.install.snapshot.enabled = false (custom)
2019-10-18 13:57:23,435 [f2765c75-2fdb-40be-82bb-4b7afa7583ff@group-E9507E1BA7A9-LeaderElection61] INFO  server.RaftServerConfigKeys (ConfUtils.java:logGet(43)) - raft.server.log.appender.snapshot.chunk.size.max = 16MB (=16777216) (default)
2019-10-18 13:57:23,435 [f2765c75-2fdb-40be-82bb-4b7afa7583ff@group-E9507E1BA7A9-LeaderElection61] INFO  server.RaftServerConfigKeys (ConfUtils.java:logGet(43)) - raft.server.log.appender.buffer.byte-limit = 33554432 (custom)
2019-10-18 13:57:23,435 [f2765c75-2fdb-40be-82bb-4b7afa7583ff@group-E9507E1BA7A9-LeaderElection61] INFO  server.RaftServerConfigKeys (ConfUtils.java:logGet(43)) - raft.server.log.appender.buffer.element-limit = 1 (custom)
2019-10-18 13:57:23,436 [f2765c75-2fdb-40be-82bb-4b7afa7583ff@group-E9507E1BA7A9-LeaderElection61] INFO  grpc.GrpcConfigKeys$Server (ConfUtils.java:logGet(43)) - raft.grpc.server.leader.outstanding.appends.max = 128 (default)
2019-10-18 13:57:23,436 [f2765c75-2fdb-40be-82bb-4b7afa7583ff@group-E9507E1BA7A9-LeaderElection61] INFO  server.RaftServerConfigKeys (ConfUtils.java:logGet(43)) - raft.server.rpc.request.timeout = 3000ms (default)
2019-10-18 13:57:23,436 [f2765c75-2fdb-40be-82bb-4b7afa7583ff@group-E9507E1BA7A9-LeaderElection61] INFO  server.RaftServerConfigKeys (ConfUtils.java:logGet(43)) - raft.server.log.appender.install.snapshot.enabled = false (custom)
2019-10-18 13:57:23,436 [f2765c75-2fdb-40be-82bb-4b7afa7583ff@group-E9507E1BA7A9-LeaderElection61] INFO  impl.RoleInfo (RoleInfo.java:updateAndGet(143)) - f2765c75-2fdb-40be-82bb-4b7afa7583ff: start LeaderState
2019-10-18 13:57:23,436 [f2765c75-2fdb-40be-82bb-4b7afa7583ff@group-E9507E1BA7A9-LeaderElection61] INFO  segmented.SegmentedRaftLogWorker (SegmentedRaftLogWorker.java:startLogSegment(385)) - f2765c75-2fdb-40be-82bb-4b7afa7583ff@group-E9507E1BA7A9-SegmentedRaftLogWorker: Starting segment from index:0
2019-10-18 13:57:23,437 [f2765c75-2fdb-40be-82bb-4b7afa7583ff@group-E9507E1BA7A9-LeaderElection61] INFO  impl.RaftServerImpl (ServerState.java:setRaftConf(356)) - f2765c75-2fdb-40be-82bb-4b7afa7583ff@group-E9507E1BA7A9: set configuration 0: [e32dc334-fb80-4e0c-a53a-d822a4f067ce:192.168.157.239:36578, f2765c75-2fdb-40be-82bb-4b7afa7583ff:192.168.157.239:33758, 1d4c4d1b-de56-4b6b-a065-89df82a2d1e0:192.168.157.239:40209], old=null at 0
2019-10-18 13:57:23,437 [grpc-default-executor-5] INFO  impl.RaftServerImpl (RaftServerImpl.java:requestVote(754)) - f2765c75-2fdb-40be-82bb-4b7afa7583ff@group-E9507E1BA7A9-   LEADER: Withhold vote from candidate 1d4c4d1b-de56-4b6b-a065-89df82a2d1e0 with term 1. State: leader=f2765c75-2fdb-40be-82bb-4b7afa7583ff, term=1, lastRpcElapsed=null
2019-10-18 13:57:23,465 [grpc-default-executor-11] INFO  impl.RaftServerImpl (RaftServerImpl.java:setRole(170)) - 1d4c4d1b-de56-4b6b-a065-89df82a2d1e0@group-E9507E1BA7A9: changes role from CANDIDATE to FOLLOWER at term 1 for appendEntries
2019-10-18 13:57:23,465 [grpc-default-executor-8] INFO  impl.RaftServerImpl (ServerState.java:setLeader(255)) - e32dc334-fb80-4e0c-a53a-d822a4f067ce@group-E9507E1BA7A9: change Leader from null to f2765c75-2fdb-40be-82bb-4b7afa7583ff at term 1 for appendEntries, leader elected after 5143ms
2019-10-18 13:57:23,465 [1d4c4d1b-de56-4b6b-a065-89df82a2d1e0@group-E9507E1BA7A9-LeaderElection62] INFO  impl.LeaderElection (LeaderElection.java:logAndReturn(56)) - 1d4c4d1b-de56-4b6b-a065-89df82a2d1e0@group-E9507E1BA7A9-LeaderElection62: Election REJECTED; received 2 response(s) [1d4c4d1b-de56-4b6b-a065-89df82a2d1e0<-e32dc334-fb80-4e0c-a53a-d822a4f067ce#0:FAIL-t1, 1d4c4d1b-de56-4b6b-a065-89df82a2d1e0<-f2765c75-2fdb-40be-82bb-4b7afa7583ff#0:FAIL-t1] and 0 exception(s); 1d4c4d1b-de56-4b6b-a065-89df82a2d1e0@group-E9507E1BA7A9:t1, leader=null, voted=1d4c4d1b-de56-4b6b-a065-89df82a2d1e0, raftlog=1d4c4d1b-de56-4b6b-a065-89df82a2d1e0@group-E9507E1BA7A9-SegmentedRaftLog:OPENED:c-1,f-1,i0, conf=-1: [e32dc334-fb80-4e0c-a53a-d822a4f067ce:192.168.157.239:36578, f2765c75-2fdb-40be-82bb-4b7afa7583ff:192.168.157.239:33758, 1d4c4d1b-de56-4b6b-a065-89df82a2d1e0:192.168.157.239:40209], old=null
2019-10-18 13:57:23,465 [grpc-default-executor-11] INFO  impl.RoleInfo (RoleInfo.java:shutdownLeaderElection(134)) - 1d4c4d1b-de56-4b6b-a065-89df82a2d1e0: shutdown LeaderElection
2019-10-18 13:57:23,465 [grpc-default-executor-11] INFO  impl.RoleInfo (RoleInfo.java:updateAndGet(143)) - 1d4c4d1b-de56-4b6b-a065-89df82a2d1e0: start FollowerState
2019-10-18 13:57:23,465 [grpc-default-executor-11] INFO  impl.RaftServerImpl (ServerState.java:setLeader(255)) - 1d4c4d1b-de56-4b6b-a065-89df82a2d1e0@group-E9507E1BA7A9: change Leader from null to f2765c75-2fdb-40be-82bb-4b7afa7583ff at term 1 for appendEntries, leader elected after 5144ms
2019-10-18 13:57:23,471 [f2765c75-2fdb-40be-82bb-4b7afa7583ff@group-E9507E1BA7A9-SegmentedRaftLogWorker] INFO  segmented.SegmentedRaftLogWorker (SegmentedRaftLogWorker.java:execute(574)) - f2765c75-2fdb-40be-82bb-4b7afa7583ff@group-E9507E1BA7A9-SegmentedRaftLogWorker: created new log segment /workdir/hadoop-ozone/integration-test/target/test-dir/MiniOzoneClusterImpl-8a3750fb-3d25-424a-a3cd-d2dfc269c2c3/datanode-4/data/ratis/7c6852ae-8397-4664-8866-e9507e1ba7a9/current/log_inprogress_0
2019-10-18 13:57:23,473 [grpc-default-executor-8] INFO  impl.RaftServerImpl (ServerState.java:setRaftConf(356)) - e32dc334-fb80-4e0c-a53a-d822a4f067ce@group-E9507E1BA7A9: set configuration 0: [e32dc334-fb80-4e0c-a53a-d822a4f067ce:192.168.157.239:36578, f2765c75-2fdb-40be-82bb-4b7afa7583ff:192.168.157.239:33758, 1d4c4d1b-de56-4b6b-a065-89df82a2d1e0:192.168.157.239:40209], old=null at 0
2019-10-18 13:57:23,473 [grpc-default-executor-11] INFO  impl.RaftServerImpl (ServerState.java:setRaftConf(356)) - 1d4c4d1b-de56-4b6b-a065-89df82a2d1e0@group-E9507E1BA7A9: set configuration 0: [e32dc334-fb80-4e0c-a53a-d822a4f067ce:192.168.157.239:36578, f2765c75-2fdb-40be-82bb-4b7afa7583ff:192.168.157.239:33758, 1d4c4d1b-de56-4b6b-a065-89df82a2d1e0:192.168.157.239:40209], old=null at 0
2019-10-18 13:57:23,473 [grpc-default-executor-8] INFO  segmented.SegmentedRaftLogWorker (SegmentedRaftLogWorker.java:startLogSegment(385)) - e32dc334-fb80-4e0c-a53a-d822a4f067ce@group-E9507E1BA7A9-SegmentedRaftLogWorker: Starting segment from index:0
2019-10-18 13:57:23,473 [grpc-default-executor-11] INFO  segmented.SegmentedRaftLogWorker (SegmentedRaftLogWorker.java:startLogSegment(385)) - 1d4c4d1b-de56-4b6b-a065-89df82a2d1e0@group-E9507E1BA7A9-SegmentedRaftLogWorker: Starting segment from index:0
2019-10-18 13:57:23,511 [e32dc334-fb80-4e0c-a53a-d822a4f067ce@group-E9507E1BA7A9-SegmentedRaftLogWorker] INFO  segmented.SegmentedRaftLogWorker (SegmentedRaftLogWorker.java:execute(574)) - e32dc334-fb80-4e0c-a53a-d822a4f067ce@group-E9507E1BA7A9-SegmentedRaftLogWorker: created new log segment /workdir/hadoop-ozone/integration-test/target/test-dir/MiniOzoneClusterImpl-8a3750fb-3d25-424a-a3cd-d2dfc269c2c3/datanode-5/data/ratis/7c6852ae-8397-4664-8866-e9507e1ba7a9/current/log_inprogress_0
2019-10-18 13:57:23,511 [1d4c4d1b-de56-4b6b-a065-89df82a2d1e0@group-E9507E1BA7A9-SegmentedRaftLogWorker] INFO  segmented.SegmentedRaftLogWorker (SegmentedRaftLogWorker.java:execute(574)) - 1d4c4d1b-de56-4b6b-a065-89df82a2d1e0@group-E9507E1BA7A9-SegmentedRaftLogWorker: created new log segment /workdir/hadoop-ozone/integration-test/target/test-dir/MiniOzoneClusterImpl-8a3750fb-3d25-424a-a3cd-d2dfc269c2c3/datanode-3/data/ratis/7c6852ae-8397-4664-8866-e9507e1ba7a9/current/log_inprogress_0
2019-10-18 13:57:23,540 [grpc-default-executor-8] WARN  server.GrpcLogAppender (LogUtils.java:warn(134)) - deffcaa8-bc06-42ed-9a5f-b537132fe3e6@group-CD6A916F54C2->8a1104a3-2cf3-46fb-8cbd-4f593888249e-AppendLogResponseHandler: Failed appendEntries: org.apache.ratis.thirdparty.io.grpc.StatusRuntimeException: UNAVAILABLE: io exception
2019-10-18 13:57:23,540 [grpc-default-executor-8] INFO  impl.FollowerInfo (FollowerInfo.java:lambda$new$0(51)) - deffcaa8-bc06-42ed-9a5f-b537132fe3e6@group-CD6A916F54C2->8a1104a3-2cf3-46fb-8cbd-4f593888249e: nextIndex: updateUnconditionally 0 -> 0
2019-10-18 13:57:23,543 [grpc-default-executor-5] WARN  server.GrpcLogAppender (LogUtils.java:warn(134)) - deffcaa8-bc06-42ed-9a5f-b537132fe3e6@group-CD6A916F54C2->ab55c7e8-b512-415e-a666-846e2c6a6faf-AppendLogResponseHandler: Failed appendEntries: org.apache.ratis.thirdparty.io.grpc.StatusRuntimeException: UNAVAILABLE: io exception
2019-10-18 13:57:23,543 [grpc-default-executor-5] INFO  impl.FollowerInfo (FollowerInfo.java:lambda$new$0(51)) - deffcaa8-bc06-42ed-9a5f-b537132fe3e6@group-CD6A916F54C2->ab55c7e8-b512-415e-a666-846e2c6a6faf: nextIndex: updateUnconditionally 0 -> 0
2019-10-18 13:57:23,628 [Datanode State Machine Thread - 0] INFO  statemachine.DatanodeStateMachine (DatanodeStateMachine.java:lambda$startDaemon$0(350)) - Ozone container server started.
2019-10-18 13:57:23,701 [EventQueue-StaleNodeForStaleNodeHandler] INFO  node.StaleNodeHandler (StaleNodeHandler.java:onMessage(58)) - Datanode 8a1104a3-2cf3-46fb-8cbd-4f593888249e{ip: 192.168.157.239, host: pr-hdds-2281-wfpgn-3925442534, networkLocation: /default-rack, certSerialId: null} moved to stale state. Finalizing its pipelines [PipelineID=659804ce-9b7a-4f55-ba47-cd6a916f54c2, PipelineID=8525e9b9-9a5c-49b8-a389-593350543dfc]
2019-10-18 13:57:23,702 [EventQueue-StaleNodeForStaleNodeHandler] INFO  pipeline.SCMPipelineManager (SCMPipelineManager.java:finalizeAndDestroyPipeline(315)) - destroying pipeline:Pipeline[ Id: 659804ce-9b7a-4f55-ba47-cd6a916f54c2, Nodes: 8a1104a3-2cf3-46fb-8cbd-4f593888249e{ip: 192.168.157.239, host: pr-hdds-2281-wfpgn-3925442534, networkLocation: /default-rack, certSerialId: null}ab55c7e8-b512-415e-a666-846e2c6a6faf{ip: 192.168.157.239, host: pr-hdds-2281-wfpgn-3925442534, networkLocation: /default-rack, certSerialId: null}deffcaa8-bc06-42ed-9a5f-b537132fe3e6{ip: 192.168.157.239, host: pr-hdds-2281-wfpgn-3925442534, networkLocation: /default-rack, certSerialId: null}, Type:RATIS, Factor:THREE, State:OPEN]
2019-10-18 13:57:23,702 [EventQueue-StaleNodeForStaleNodeHandler] INFO  pipeline.PipelineStateManager (PipelineStateManager.java:finalizePipeline(123)) - Pipeline Pipeline[ Id: 659804ce-9b7a-4f55-ba47-cd6a916f54c2, Nodes: 8a1104a3-2cf3-46fb-8cbd-4f593888249e{ip: 192.168.157.239, host: pr-hdds-2281-wfpgn-3925442534, networkLocation: /default-rack, certSerialId: null}ab55c7e8-b512-415e-a666-846e2c6a6faf{ip: 192.168.157.239, host: pr-hdds-2281-wfpgn-3925442534, networkLocation: /default-rack, certSerialId: null}deffcaa8-bc06-42ed-9a5f-b537132fe3e6{ip: 192.168.157.239, host: pr-hdds-2281-wfpgn-3925442534, networkLocation: /default-rack, certSerialId: null}, Type:RATIS, Factor:THREE, State:CLOSED] moved to CLOSED state
2019-10-18 13:57:23,702 [EventQueue-StaleNodeForStaleNodeHandler] INFO  pipeline.SCMPipelineManager (SCMPipelineManager.java:finalizeAndDestroyPipeline(315)) - destroying pipeline:Pipeline[ Id: 8525e9b9-9a5c-49b8-a389-593350543dfc, Nodes: 8a1104a3-2cf3-46fb-8cbd-4f593888249e{ip: 192.168.157.239, host: pr-hdds-2281-wfpgn-3925442534, networkLocation: /default-rack, certSerialId: null}, Type:RATIS, Factor:ONE, State:OPEN]
2019-10-18 13:57:23,702 [EventQueue-CloseContainerForCloseContainerEventHandler] INFO  container.CloseContainerEventHandler (CloseContainerEventHandler.java:onMessage(61)) - Close container Event triggered for container : #1
2019-10-18 13:57:23,702 [EventQueue-StaleNodeForStaleNodeHandler] INFO  pipeline.PipelineStateManager (PipelineStateManager.java:finalizePipeline(123)) - Pipeline Pipeline[ Id: 8525e9b9-9a5c-49b8-a389-593350543dfc, Nodes: 8a1104a3-2cf3-46fb-8cbd-4f593888249e{ip: 192.168.157.239, host: pr-hdds-2281-wfpgn-3925442534, networkLocation: /default-rack, certSerialId: null}, Type:RATIS, Factor:ONE, State:CLOSED] moved to CLOSED state
2019-10-18 13:57:26,040 [grpc-default-executor-11] WARN  server.GrpcLogAppender (LogUtils.java:warn(134)) - deffcaa8-bc06-42ed-9a5f-b537132fe3e6@group-CD6A916F54C2->8a1104a3-2cf3-46fb-8cbd-4f593888249e-AppendLogResponseHandler: Failed appendEntries: org.apache.ratis.thirdparty.io.grpc.StatusRuntimeException: UNAVAILABLE: io exception
2019-10-18 13:57:26,041 [grpc-default-executor-11] INFO  impl.FollowerInfo (FollowerInfo.java:lambda$new$0(51)) - deffcaa8-bc06-42ed-9a5f-b537132fe3e6@group-CD6A916F54C2->8a1104a3-2cf3-46fb-8cbd-4f593888249e: nextIndex: updateUnconditionally 0 -> 0
2019-10-18 13:57:26,043 [grpc-default-executor-5] WARN  server.GrpcLogAppender (LogUtils.java:warn(134)) - deffcaa8-bc06-42ed-9a5f-b537132fe3e6@group-CD6A916F54C2->ab55c7e8-b512-415e-a666-846e2c6a6faf-AppendLogResponseHandler: Failed appendEntries: org.apache.ratis.thirdparty.io.grpc.StatusRuntimeException: UNAVAILABLE: io exception
2019-10-18 13:57:26,043 [grpc-default-executor-5] INFO  impl.FollowerInfo (FollowerInfo.java:lambda$new$0(51)) - deffcaa8-bc06-42ed-9a5f-b537132fe3e6@group-CD6A916F54C2->ab55c7e8-b512-415e-a666-846e2c6a6faf: nextIndex: updateUnconditionally 0 -> 0
2019-10-18 13:57:26,668 [grpc-default-executor-5] WARN  server.GrpcLogAppender (LogUtils.java:warn(134)) - deffcaa8-bc06-42ed-9a5f-b537132fe3e6@group-CD6A916F54C2->8a1104a3-2cf3-46fb-8cbd-4f593888249e-AppendLogResponseHandler: Failed appendEntries: org.apache.ratis.thirdparty.io.grpc.StatusRuntimeException: UNAVAILABLE: io exception
2019-10-18 13:57:26,668 [grpc-default-executor-8] WARN  server.GrpcLogAppender (LogUtils.java:warn(134)) - deffcaa8-bc06-42ed-9a5f-b537132fe3e6@group-CD6A916F54C2->ab55c7e8-b512-415e-a666-846e2c6a6faf-AppendLogResponseHandler: Failed appendEntries: org.apache.ratis.thirdparty.io.grpc.StatusRuntimeException: UNAVAILABLE: io exception
2019-10-18 13:57:26,668 [grpc-default-executor-5] INFO  impl.FollowerInfo (FollowerInfo.java:lambda$new$0(51)) - deffcaa8-bc06-42ed-9a5f-b537132fe3e6@group-CD6A916F54C2->8a1104a3-2cf3-46fb-8cbd-4f593888249e: nextIndex: updateUnconditionally 1 -> 0
2019-10-18 13:57:26,668 [grpc-default-executor-8] INFO  impl.FollowerInfo (FollowerInfo.java:lambda$new$0(51)) - deffcaa8-bc06-42ed-9a5f-b537132fe3e6@group-CD6A916F54C2->ab55c7e8-b512-415e-a666-846e2c6a6faf: nextIndex: updateUnconditionally 1 -> 0
2019-10-18 13:57:28,606 [EventQueue-StaleNodeForStaleNodeHandler] INFO  node.StaleNodeHandler (StaleNodeHandler.java:onMessage(58)) - Datanode ab55c7e8-b512-415e-a666-846e2c6a6faf{ip: 192.168.157.239, host: pr-hdds-2281-wfpgn-3925442534, networkLocation: /default-rack, certSerialId: null} moved to stale state. Finalizing its pipelines [PipelineID=b2835854-2d77-4069-a8aa-e7388a6d01e7, PipelineID=659804ce-9b7a-4f55-ba47-cd6a916f54c2]
2019-10-18 13:57:28,607 [EventQueue-StaleNodeForStaleNodeHandler] INFO  pipeline.SCMPipelineManager (SCMPipelineManager.java:finalizeAndDestroyPipeline(315)) - destroying pipeline:Pipeline[ Id: b2835854-2d77-4069-a8aa-e7388a6d01e7, Nodes: ab55c7e8-b512-415e-a666-846e2c6a6faf{ip: 192.168.157.239, host: pr-hdds-2281-wfpgn-3925442534, networkLocation: /default-rack, certSerialId: null}, Type:RATIS, Factor:ONE, State:OPEN]
2019-10-18 13:57:28,607 [EventQueue-StaleNodeForStaleNodeHandler] INFO  pipeline.PipelineStateManager (PipelineStateManager.java:finalizePipeline(123)) - Pipeline Pipeline[ Id: b2835854-2d77-4069-a8aa-e7388a6d01e7, Nodes: ab55c7e8-b512-415e-a666-846e2c6a6faf{ip: 192.168.157.239, host: pr-hdds-2281-wfpgn-3925442534, networkLocation: /default-rack, certSerialId: null}, Type:RATIS, Factor:ONE, State:CLOSED] moved to CLOSED state
2019-10-18 13:57:28,607 [EventQueue-StaleNodeForStaleNodeHandler] INFO  pipeline.SCMPipelineManager (SCMPipelineManager.java:finalizeAndDestroyPipeline(315)) - destroying pipeline:Pipeline[ Id: 659804ce-9b7a-4f55-ba47-cd6a916f54c2, Nodes: 8a1104a3-2cf3-46fb-8cbd-4f593888249e{ip: 192.168.157.239, host: pr-hdds-2281-wfpgn-3925442534, networkLocation: /default-rack, certSerialId: null}ab55c7e8-b512-415e-a666-846e2c6a6faf{ip: 192.168.157.239, host: pr-hdds-2281-wfpgn-3925442534, networkLocation: /default-rack, certSerialId: null}deffcaa8-bc06-42ed-9a5f-b537132fe3e6{ip: 192.168.157.239, host: pr-hdds-2281-wfpgn-3925442534, networkLocation: /default-rack, certSerialId: null}, Type:RATIS, Factor:THREE, State:CLOSED]
2019-10-18 13:57:28,616 [main] INFO  ozoneimpl.OzoneContainer (OzoneContainer.java:stop(227)) - Attempting to stop container services.
2019-10-18 13:57:28,616 [main] INFO  impl.RaftServerProxy (RaftServerProxy.java:lambda$close$4(314)) - 62e65786-d471-4ea9-88e1-e005cc6fe5d2: close
2019-10-18 13:57:28,617 [main] INFO  impl.RaftServerImpl (RaftServerImpl.java:lambda$shutdown$3(247)) - 62e65786-d471-4ea9-88e1-e005cc6fe5d2@group-87F147720664: shutdown
2019-10-18 13:57:28,617 [main] INFO  util.JmxRegister (JmxRegister.java:unregister(73)) - Successfully un-registered JMX Bean with object name Ratis:service=RaftServer,group=group-87F147720664,id=62e65786-d471-4ea9-88e1-e005cc6fe5d2
2019-10-18 13:57:28,617 [main] INFO  impl.RoleInfo (RoleInfo.java:shutdownLeaderState(104)) - 62e65786-d471-4ea9-88e1-e005cc6fe5d2: shutdown LeaderState
2019-10-18 13:57:28,618 [main] INFO  impl.PendingRequests (PendingRequests.java:sendNotLeaderResponses(202)) - 62e65786-d471-4ea9-88e1-e005cc6fe5d2@group-87F147720664-PendingRequests: sendNotLeaderResponses
2019-10-18 13:57:28,618 [main] INFO  impl.StateMachineUpdater (StateMachineUpdater.java:stopAndJoin(136)) - 62e65786-d471-4ea9-88e1-e005cc6fe5d2@group-87F147720664-StateMachineUpdater: set stopIndex = 0
2019-10-18 13:57:28,618 [main] INFO  impl.RaftServerImpl (ServerState.java:close(387)) - 62e65786-d471-4ea9-88e1-e005cc6fe5d2@group-87F147720664: closes. applyIndex: 0
2019-10-18 13:57:28,619 [62e65786-d471-4ea9-88e1-e005cc6fe5d2@group-87F147720664-SegmentedRaftLogWorker] INFO  segmented.SegmentedRaftLogWorker (SegmentedRaftLogWorker.java:run(316)) - 62e65786-d471-4ea9-88e1-e005cc6fe5d2@group-87F147720664-SegmentedRaftLogWorker was interrupted, exiting. There are 0 tasks remaining in the queue.
2019-10-18 13:57:28,626 [main] INFO  segmented.SegmentedRaftLogWorker (SegmentedRaftLogWorker.java:close(224)) - 62e65786-d471-4ea9-88e1-e005cc6fe5d2@group-87F147720664-SegmentedRaftLogWorker close()
2019-10-18 13:57:28,631 [main] INFO  impl.RaftServerImpl (RaftServerImpl.java:lambda$shutdown$3(247)) - 62e65786-d471-4ea9-88e1-e005cc6fe5d2@group-8DE2CD5B60C6: shutdown
2019-10-18 13:57:28,631 [main] INFO  util.JmxRegister (JmxRegister.java:unregister(73)) - Successfully un-registered JMX Bean with object name Ratis:service=RaftServer,group=group-8DE2CD5B60C6,id=62e65786-d471-4ea9-88e1-e005cc6fe5d2
2019-10-18 13:57:28,631 [main] INFO  impl.RoleInfo (RoleInfo.java:shutdownFollowerState(121)) - 62e65786-d471-4ea9-88e1-e005cc6fe5d2: shutdown FollowerState
2019-10-18 13:57:28,632 [main] INFO  impl.StateMachineUpdater (StateMachineUpdater.java:stopAndJoin(136)) - 62e65786-d471-4ea9-88e1-e005cc6fe5d2@group-8DE2CD5B60C6-StateMachineUpdater: set stopIndex = 2
2019-10-18 13:57:28,632 [62e65786-d471-4ea9-88e1-e005cc6fe5d2@group-8DE2CD5B60C6-StateMachineUpdater] INFO  ratis.ContainerStateMachine (ContainerStateMachine.java:takeSnapshot(294)) - group-8DE2CD5B60C6: Taking a snapshot at:(t:1, i:1) file /workdir/hadoop-ozone/integration-test/target/test-dir/MiniOzoneClusterImpl-8a3750fb-3d25-424a-a3cd-d2dfc269c2c3/datanode-1/data/ratis/bf1b77d0-de1b-4c77-821d-8de2cd5b60c6/sm/snapshot.1_1
2019-10-18 13:57:28,632 [Thread-2330] INFO  impl.FollowerState (FollowerState.java:run(117)) - 62e65786-d471-4ea9-88e1-e005cc6fe5d2@group-8DE2CD5B60C6-FollowerState was interrupted: java.lang.InterruptedException: sleep interrupted
2019-10-18 13:57:28,690 [62e65786-d471-4ea9-88e1-e005cc6fe5d2@group-8DE2CD5B60C6-StateMachineUpdater] INFO  ratis.ContainerStateMachine (ContainerStateMachine.java:takeSnapshot(305)) - group-8DE2CD5B60C6: Finished taking a snapshot at:(t:1, i:1) file:/workdir/hadoop-ozone/integration-test/target/test-dir/MiniOzoneClusterImpl-8a3750fb-3d25-424a-a3cd-d2dfc269c2c3/datanode-1/data/ratis/bf1b77d0-de1b-4c77-821d-8de2cd5b60c6/sm/snapshot.1_1 time:59
2019-10-18 13:57:28,691 [62e65786-d471-4ea9-88e1-e005cc6fe5d2@group-8DE2CD5B60C6-StateMachineUpdater] INFO  impl.StateMachineUpdater (StateMachineUpdater.java:takeSnapshot(269)) - 62e65786-d471-4ea9-88e1-e005cc6fe5d2@group-8DE2CD5B60C6-StateMachineUpdater: Took a snapshot at index 1
2019-10-18 13:57:28,691 [62e65786-d471-4ea9-88e1-e005cc6fe5d2@group-8DE2CD5B60C6-StateMachineUpdater] INFO  impl.StateMachineUpdater (StateMachineUpdater.java:lambda$new$0(84)) - 62e65786-d471-4ea9-88e1-e005cc6fe5d2@group-8DE2CD5B60C6-StateMachineUpdater: snapshotIndex: updateIncreasingly -1 -> 1
2019-10-18 13:57:28,691 [62e65786-d471-4ea9-88e1-e005cc6fe5d2@group-8DE2CD5B60C6-StateMachineUpdater] INFO  ratis.ContainerStateMachine (ContainerStateMachine.java:takeSnapshot(294)) - group-8DE2CD5B60C6: Taking a snapshot at:(t:1, i:1) file /workdir/hadoop-ozone/integration-test/target/test-dir/MiniOzoneClusterImpl-8a3750fb-3d25-424a-a3cd-d2dfc269c2c3/datanode-1/data/ratis/bf1b77d0-de1b-4c77-821d-8de2cd5b60c6/sm/snapshot.1_1
2019-10-18 13:57:28,704 [62e65786-d471-4ea9-88e1-e005cc6fe5d2@group-8DE2CD5B60C6-StateMachineUpdater] INFO  ratis.ContainerStateMachine (ContainerStateMachine.java:takeSnapshot(305)) - group-8DE2CD5B60C6: Finished taking a snapshot at:(t:1, i:1) file:/workdir/hadoop-ozone/integration-test/target/test-dir/MiniOzoneClusterImpl-8a3750fb-3d25-424a-a3cd-d2dfc269c2c3/datanode-1/data/ratis/bf1b77d0-de1b-4c77-821d-8de2cd5b60c6/sm/snapshot.1_1 time:12
2019-10-18 13:57:28,704 [62e65786-d471-4ea9-88e1-e005cc6fe5d2@group-8DE2CD5B60C6-StateMachineUpdater] INFO  impl.StateMachineUpdater (StateMachineUpdater.java:takeSnapshot(269)) - 62e65786-d471-4ea9-88e1-e005cc6fe5d2@group-8DE2CD5B60C6-StateMachineUpdater: Took a snapshot at index 1
2019-10-18 13:57:28,704 [62e65786-d471-4ea9-88e1-e005cc6fe5d2@group-8DE2CD5B60C6-StateMachineUpdater] INFO  impl.StateMachineUpdater (StateMachineUpdater.java:lambda$new$0(84)) - 62e65786-d471-4ea9-88e1-e005cc6fe5d2@group-8DE2CD5B60C6-StateMachineUpdater: snapshotIndex: updateIncreasingly 1 -> 1
2019-10-18 13:57:28,704 [main] INFO  impl.RaftServerImpl (ServerState.java:close(387)) - 62e65786-d471-4ea9-88e1-e005cc6fe5d2@group-8DE2CD5B60C6: closes. applyIndex: 2
2019-10-18 13:57:28,705 [62e65786-d471-4ea9-88e1-e005cc6fe5d2@group-8DE2CD5B60C6-SegmentedRaftLogWorker] INFO  segmented.SegmentedRaftLogWorker (SegmentedRaftLogWorker.java:run(316)) - 62e65786-d471-4ea9-88e1-e005cc6fe5d2@group-8DE2CD5B60C6-SegmentedRaftLogWorker was interrupted, exiting. There are 0 tasks remaining in the queue.
2019-10-18 13:57:28,714 [main] INFO  segmented.SegmentedRaftLogWorker (SegmentedRaftLogWorker.java:close(224)) - 62e65786-d471-4ea9-88e1-e005cc6fe5d2@group-8DE2CD5B60C6-SegmentedRaftLogWorker close()
2019-10-18 13:57:28,718 [main] INFO  server.GrpcService (GrpcService.java:closeImpl(164)) - 62e65786-d471-4ea9-88e1-e005cc6fe5d2: shutdown server with port 40203 now
2019-10-18 13:57:28,719 [grpc-default-executor-8] WARN  server.GrpcServerProtocolService (LogUtils.java:warn(134)) - 62e65786-d471-4ea9-88e1-e005cc6fe5d2: installSnapshot onError, lastRequest: 7b8c9e6a-f170-4881-8c70-63ed6b115387->62e65786-d471-4ea9-88e1-e005cc6fe5d2#5-t1, previous=(t:1, i:2), leaderCommit=2, initializing? false, entries: <empty>: org.apache.ratis.thirdparty.io.grpc.StatusRuntimeException: CANCELLED: cancelled before receiving half close
2019-10-18 13:57:28,719 [grpc-default-executor-12] WARN  server.GrpcLogAppender (LogUtils.java:warn(134)) - 7b8c9e6a-f170-4881-8c70-63ed6b115387@group-8DE2CD5B60C6->62e65786-d471-4ea9-88e1-e005cc6fe5d2-AppendLogResponseHandler: Failed appendEntries: org.apache.ratis.thirdparty.io.grpc.StatusRuntimeException: CANCELLED: HTTP/2 error code: CANCEL
Received Rst Stream
2019-10-18 13:57:28,719 [main] INFO  server.GrpcService (GrpcService.java:closeImpl(172)) - 62e65786-d471-4ea9-88e1-e005cc6fe5d2: shutdown server with port 40203 successfully
2019-10-18 13:57:28,719 [grpc-default-executor-12] INFO  impl.FollowerInfo (FollowerInfo.java:lambda$new$0(51)) - 7b8c9e6a-f170-4881-8c70-63ed6b115387@group-8DE2CD5B60C6->62e65786-d471-4ea9-88e1-e005cc6fe5d2: nextIndex: updateUnconditionally 3 -> 2
2019-10-18 13:57:28,720 [refreshUsed-/workdir/hadoop-ozone/integration-test/target/test-dir/MiniOzoneClusterImpl-8a3750fb-3d25-424a-a3cd-d2dfc269c2c3/datanode-1/data/containers] WARN  fs.CachingGetSpaceUsed (CachingGetSpaceUsed.java:run(183)) - Thread Interrupted waiting to refresh disk information: sleep interrupted
2019-10-18 13:57:28,732 [main] INFO  utils.BackgroundService (BackgroundService.java:shutdown(151)) - Shutting down service BlockDeletingService
2019-10-18 13:57:28,739 [main] INFO  statemachine.DatanodeStateMachine (DatanodeStateMachine.java:stopDaemon(395)) - Ozone container server stopped.
2019-10-18 13:57:28,740 [main] INFO  handler.ContextHandler (ContextHandler.java:doStop(910)) - Stopped o.e.j.w.WebAppContext@2478b629{/,null,UNAVAILABLE}{/hddsDatanode}
2019-10-18 13:57:28,740 [main] INFO  server.AbstractConnector (AbstractConnector.java:doStop(318)) - Stopped ServerConnector@39023dbf{HTTP/1.1,[http/1.1]}{0.0.0.0:0}
2019-10-18 13:57:28,740 [main] INFO  handler.ContextHandler (ContextHandler.java:doStop(910)) - Stopped o.e.j.s.ServletContextHandler@447fa959{/static,jar:file:/home/user/.m2/repository/org/apache/hadoop/hadoop-hdds-container-service/0.5.0-SNAPSHOT/hadoop-hdds-container-service-0.5.0-SNAPSHOT.jar!/webapps/static,UNAVAILABLE}
2019-10-18 13:57:28,741 [main] INFO  handler.ContextHandler (ContextHandler.java:doStop(910)) - Stopped o.e.j.s.ServletContextHandler@53dd42d6{/logs,file:///workdir/hadoop-ozone/integration-test/target/log,UNAVAILABLE}
2019-10-18 13:57:28,746 [grpc-default-executor-5] WARN  server.GrpcLogAppender (LogUtils.java:warn(134)) - 7b8c9e6a-f170-4881-8c70-63ed6b115387@group-8DE2CD5B60C6->62e65786-d471-4ea9-88e1-e005cc6fe5d2-AppendLogResponseHandler: Failed appendEntries: org.apache.ratis.thirdparty.io.grpc.StatusRuntimeException: UNAVAILABLE: io exception
2019-10-18 13:57:28,746 [grpc-default-executor-5] INFO  impl.FollowerInfo (FollowerInfo.java:lambda$new$0(51)) - 7b8c9e6a-f170-4881-8c70-63ed6b115387@group-8DE2CD5B60C6->62e65786-d471-4ea9-88e1-e005cc6fe5d2: nextIndex: updateUnconditionally 3 -> 2
2019-10-18 13:57:28,752 [grpc-default-executor-8] WARN  server.GrpcLogAppender (LogUtils.java:warn(134)) - 7b8c9e6a-f170-4881-8c70-63ed6b115387@group-8DE2CD5B60C6->62e65786-d471-4ea9-88e1-e005cc6fe5d2-AppendLogResponseHandler: Failed appendEntries: org.apache.ratis.thirdparty.io.grpc.StatusRuntimeException: UNAVAILABLE: io exception
2019-10-18 13:57:28,753 [grpc-default-executor-8] INFO  impl.FollowerInfo (FollowerInfo.java:lambda$new$0(51)) - 7b8c9e6a-f170-4881-8c70-63ed6b115387@group-8DE2CD5B60C6->62e65786-d471-4ea9-88e1-e005cc6fe5d2: nextIndex: updateUnconditionally 3 -> 2
2019-10-18 13:57:28,765 [grpc-default-executor-8] WARN  server.GrpcLogAppender (LogUtils.java:warn(134)) - 7b8c9e6a-f170-4881-8c70-63ed6b115387@group-8DE2CD5B60C6->62e65786-d471-4ea9-88e1-e005cc6fe5d2-AppendLogResponseHandler: Failed appendEntries: org.apache.ratis.thirdparty.io.grpc.StatusRuntimeException: UNAVAILABLE: io exception
2019-10-18 13:57:28,765 [grpc-default-executor-8] INFO  impl.FollowerInfo (FollowerInfo.java:lambda$new$0(51)) - 7b8c9e6a-f170-4881-8c70-63ed6b115387@group-8DE2CD5B60C6->62e65786-d471-4ea9-88e1-e005cc6fe5d2: nextIndex: updateUnconditionally 3 -> 2
2019-10-18 13:57:28,766 [EventQueue-IncrementalContainerReportForIncrementalContainerReportHandler] WARN  container.IncrementalContainerReportHandler (AbstractContainerReportHandler.java:updateContainerState(145)) - Container #1 is in OPEN state, but the datanode 7b8c9e6a-f170-4881-8c70-63ed6b115387{ip: 192.168.157.239, host: pr-hdds-2281-wfpgn-3925442534, networkLocation: /default-rack, certSerialId: null} reports an CLOSING replica.
2019-10-18 13:57:28,770 [EventQueue-IncrementalContainerReportForIncrementalContainerReportHandler] WARN  container.IncrementalContainerReportHandler (AbstractContainerReportHandler.java:updateContainerState(145)) - Container #1 is in OPEN state, but the datanode b16ea328-00cd-4f3d-a12b-8ef29d09128f{ip: 192.168.157.239, host: pr-hdds-2281-wfpgn-3925442534, networkLocation: /default-rack, certSerialId: null} reports an CLOSING replica.
2019-10-18 13:57:28,813 [RatisApplyTransactionExecutor 1] INFO  interfaces.Container (KeyValueContainer.java:flushAndSyncDB(386)) - Container 1 is synced with bcsId 0.
2019-10-18 13:57:28,827 [RatisApplyTransactionExecutor 1] INFO  interfaces.Container (KeyValueContainer.java:flushAndSyncDB(386)) - Container 1 is synced with bcsId 0.
2019-10-18 13:57:28,830 [RatisApplyTransactionExecutor 1] INFO  interfaces.Container (KeyValueContainer.java:flushAndSyncDB(386)) - Container 1 is synced with bcsId 0.
2019-10-18 13:57:28,830 [RatisApplyTransactionExecutor 1] INFO  interfaces.Container (KeyValueContainer.java:flushAndSyncDB(386)) - Container 1 is synced with bcsId 0.
2019-10-18 13:57:28,834 [RatisApplyTransactionExecutor 1] INFO  interfaces.Container (KeyValueContainer.java:close(335)) - Container 1 is closed with bcsId 0.
2019-10-18 13:57:28,842 [RatisApplyTransactionExecutor 1] INFO  interfaces.Container (KeyValueContainer.java:close(335)) - Container 1 is closed with bcsId 0.
2019-10-18 13:57:28,844 [EventQueue-IncrementalContainerReportForIncrementalContainerReportHandler] WARN  container.IncrementalContainerReportHandler (AbstractContainerReportHandler.java:updateContainerState(145)) - Container #1 is in OPEN state, but the datanode 7b8c9e6a-f170-4881-8c70-63ed6b115387{ip: 192.168.157.239, host: pr-hdds-2281-wfpgn-3925442534, networkLocation: /default-rack, certSerialId: null} reports an CLOSED replica.
2019-10-18 13:57:28,853 [EventQueue-IncrementalContainerReportForIncrementalContainerReportHandler] WARN  container.IncrementalContainerReportHandler (AbstractContainerReportHandler.java:updateContainerState(145)) - Container #1 is in OPEN state, but the datanode b16ea328-00cd-4f3d-a12b-8ef29d09128f{ip: 192.168.157.239, host: pr-hdds-2281-wfpgn-3925442534, networkLocation: /default-rack, certSerialId: null} reports an CLOSED replica.
2019-10-18 13:57:29,169 [grpc-default-executor-11] WARN  server.GrpcLogAppender (LogUtils.java:warn(134)) - deffcaa8-bc06-42ed-9a5f-b537132fe3e6@group-CD6A916F54C2->8a1104a3-2cf3-46fb-8cbd-4f593888249e-AppendLogResponseHandler: Failed appendEntries: org.apache.ratis.thirdparty.io.grpc.StatusRuntimeException: UNAVAILABLE: io exception
2019-10-18 13:57:29,169 [grpc-default-executor-13] WARN  server.GrpcLogAppender (LogUtils.java:warn(134)) - deffcaa8-bc06-42ed-9a5f-b537132fe3e6@group-CD6A916F54C2->ab55c7e8-b512-415e-a666-846e2c6a6faf-AppendLogResponseHandler: Failed appendEntries: org.apache.ratis.thirdparty.io.grpc.StatusRuntimeException: UNAVAILABLE: io exception
2019-10-18 13:57:29,169 [grpc-default-executor-11] INFO  impl.FollowerInfo (FollowerInfo.java:lambda$new$0(51)) - deffcaa8-bc06-42ed-9a5f-b537132fe3e6@group-CD6A916F54C2->8a1104a3-2cf3-46fb-8cbd-4f593888249e: nextIndex: updateUnconditionally 0 -> 0
2019-10-18 13:57:29,169 [grpc-default-executor-13] INFO  impl.FollowerInfo (FollowerInfo.java:lambda$new$0(51)) - deffcaa8-bc06-42ed-9a5f-b537132fe3e6@group-CD6A916F54C2->ab55c7e8-b512-415e-a666-846e2c6a6faf: nextIndex: updateUnconditionally 0 -> 0
2019-10-18 13:57:29,584 [Thread-2399] INFO  client.GrpcClientProtocolService (GrpcClientProtocolService.java:lambda$processClientRequest$0(278)) - Failed RaftClientRequest:client-FC5C6E9F3F28->deffcaa8-bc06-42ed-9a5f-b537132fe3e6@group-CD6A916F54C2, cid=68, seq=0, Watch-MAJORITY_COMMITTED(78), Message:<EMPTY>, reply=RaftClientReply:client-FC5C6E9F3F28->deffcaa8-bc06-42ed-9a5f-b537132fe3e6@group-CD6A916F54C2, cid=68, FAILED org.apache.ratis.protocol.NotReplicatedException: Request with call Id 68 and log index 78 is not yet replicated to MAJORITY_COMMITTED, logIndex=78, commits[deffcaa8-bc06-42ed-9a5f-b537132fe3e6:c2, ab55c7e8-b512-415e-a666-846e2c6a6faf:c2, 8a1104a3-2cf3-46fb-8cbd-4f593888249e:c2]
2019-10-18 13:57:31,266 [grpc-default-executor-13] WARN  server.GrpcLogAppender (LogUtils.java:warn(134)) - 7b8c9e6a-f170-4881-8c70-63ed6b115387@group-8DE2CD5B60C6->62e65786-d471-4ea9-88e1-e005cc6fe5d2-AppendLogResponseHandler: Failed appendEntries: org.apache.ratis.thirdparty.io.grpc.StatusRuntimeException: UNAVAILABLE: io exception
2019-10-18 13:57:31,266 [grpc-default-executor-13] INFO  impl.FollowerInfo (FollowerInfo.java:lambda$new$0(51)) - 7b8c9e6a-f170-4881-8c70-63ed6b115387@group-8DE2CD5B60C6->62e65786-d471-4ea9-88e1-e005cc6fe5d2: nextIndex: updateUnconditionally 2 -> 1
2019-10-18 13:57:31,669 [grpc-default-executor-12] WARN  server.GrpcLogAppender (LogUtils.java:warn(134)) - deffcaa8-bc06-42ed-9a5f-b537132fe3e6@group-CD6A916F54C2->ab55c7e8-b512-415e-a666-846e2c6a6faf-AppendLogResponseHandler: Failed appendEntries: org.apache.ratis.thirdparty.io.grpc.StatusRuntimeException: UNAVAILABLE: io exception
2019-10-18 13:57:31,669 [grpc-default-executor-8] WARN  server.GrpcLogAppender (LogUtils.java:warn(134)) - deffcaa8-bc06-42ed-9a5f-b537132fe3e6@group-CD6A916F54C2->8a1104a3-2cf3-46fb-8cbd-4f593888249e-AppendLogResponseHandler: Failed appendEntries: org.apache.ratis.thirdparty.io.grpc.StatusRuntimeException: UNAVAILABLE: io exception
2019-10-18 13:57:31,676 [grpc-default-executor-12] INFO  impl.FollowerInfo (FollowerInfo.java:lambda$new$0(51)) - deffcaa8-bc06-42ed-9a5f-b537132fe3e6@group-CD6A916F54C2->ab55c7e8-b512-415e-a666-846e2c6a6faf: nextIndex: updateUnconditionally 0 -> 0
2019-10-18 13:57:31,677 [grpc-default-executor-8] INFO  impl.FollowerInfo (FollowerInfo.java:lambda$new$0(51)) - deffcaa8-bc06-42ed-9a5f-b537132fe3e6@group-CD6A916F54C2->8a1104a3-2cf3-46fb-8cbd-4f593888249e: nextIndex: updateUnconditionally 0 -> 0
2019-10-18 13:57:31,854 [main] WARN  scm.XceiverClientRatis (XceiverClientRatis.java:watchForCommit(277)) - 3 way commit failed on pipeline Pipeline[ Id: bf1b77d0-de1b-4c77-821d-8de2cd5b60c6, Nodes: 62e65786-d471-4ea9-88e1-e005cc6fe5d2{ip: 192.168.157.239, host: pr-hdds-2281-wfpgn-3925442534, networkLocation: /default-rack, certSerialId: null}b16ea328-00cd-4f3d-a12b-8ef29d09128f{ip: 192.168.157.239, host: pr-hdds-2281-wfpgn-3925442534, networkLocation: /default-rack, certSerialId: null}7b8c9e6a-f170-4881-8c70-63ed6b115387{ip: 192.168.157.239, host: pr-hdds-2281-wfpgn-3925442534, networkLocation: /default-rack, certSerialId: null}, Type:RATIS, Factor:THREE, State:OPEN]
java.util.concurrent.TimeoutException
	at java.util.concurrent.CompletableFuture.timedGet(CompletableFuture.java:1771)
	at java.util.concurrent.CompletableFuture.get(CompletableFuture.java:1915)
	at org.apache.hadoop.hdds.scm.XceiverClientRatis.watchForCommit(XceiverClientRatis.java:274)
	at org.apache.hadoop.ozone.client.rpc.TestWatchForCommit.test2WayCommitForTimeoutException(TestWatchForCommit.java:391)
	at sun.reflect.NativeMethodAccessorImpl.invoke0(Native Method)
	at sun.reflect.NativeMethodAccessorImpl.invoke(NativeMethodAccessorImpl.java:62)
	at sun.reflect.DelegatingMethodAccessorImpl.invoke(DelegatingMethodAccessorImpl.java:43)
	at java.lang.reflect.Method.invoke(Method.java:498)
	at org.junit.runners.model.FrameworkMethod$1.runReflectiveCall(FrameworkMethod.java:47)
	at org.junit.internal.runners.model.ReflectiveCallable.run(ReflectiveCallable.java:12)
	at org.junit.runners.model.FrameworkMethod.invokeExplosively(FrameworkMethod.java:44)
	at org.junit.internal.runners.statements.InvokeMethod.evaluate(InvokeMethod.java:17)
	at org.junit.runners.ParentRunner.runLeaf(ParentRunner.java:271)
	at org.junit.runners.BlockJUnit4ClassRunner.runChild(BlockJUnit4ClassRunner.java:70)
	at org.junit.runners.BlockJUnit4ClassRunner.runChild(BlockJUnit4ClassRunner.java:50)
	at org.junit.runners.ParentRunner$3.run(ParentRunner.java:238)
	at org.junit.runners.ParentRunner$1.schedule(ParentRunner.java:63)
	at org.junit.runners.ParentRunner.runChildren(ParentRunner.java:236)
	at org.junit.runners.ParentRunner.access$000(ParentRunner.java:53)
	at org.junit.runners.ParentRunner$2.evaluate(ParentRunner.java:229)
	at org.junit.runners.ParentRunner.run(ParentRunner.java:309)
	at org.apache.maven.surefire.junit4.JUnit4Provider.execute(JUnit4Provider.java:365)
	at org.apache.maven.surefire.junit4.JUnit4Provider.executeWithRerun(JUnit4Provider.java:273)
	at org.apache.maven.surefire.junit4.JUnit4Provider.executeTestSet(JUnit4Provider.java:238)
	at org.apache.maven.surefire.junit4.JUnit4Provider.invoke(JUnit4Provider.java:159)
	at org.apache.maven.surefire.booter.ForkedBooter.invokeProviderInSameClassLoader(ForkedBooter.java:384)
	at org.apache.maven.surefire.booter.ForkedBooter.runSuitesInProcess(ForkedBooter.java:345)
	at org.apache.maven.surefire.booter.ForkedBooter.execute(ForkedBooter.java:126)
	at org.apache.maven.surefire.booter.ForkedBooter.main(ForkedBooter.java:418)
2019-10-18 13:57:33,767 [grpc-default-executor-12] WARN  server.GrpcLogAppender (LogUtils.java:warn(134)) - 7b8c9e6a-f170-4881-8c70-63ed6b115387@group-8DE2CD5B60C6->62e65786-d471-4ea9-88e1-e005cc6fe5d2-AppendLogResponseHandler: Failed appendEntries: org.apache.ratis.thirdparty.io.grpc.StatusRuntimeException: UNAVAILABLE: io exception
2019-10-18 13:57:33,773 [grpc-default-executor-12] INFO  impl.FollowerInfo (FollowerInfo.java:lambda$new$0(51)) - 7b8c9e6a-f170-4881-8c70-63ed6b115387@group-8DE2CD5B60C6->62e65786-d471-4ea9-88e1-e005cc6fe5d2: nextIndex: updateUnconditionally 1 -> 0
2019-10-18 13:57:34,170 [grpc-default-executor-12] WARN  server.GrpcLogAppender (LogUtils.java:warn(134)) - deffcaa8-bc06-42ed-9a5f-b537132fe3e6@group-CD6A916F54C2->8a1104a3-2cf3-46fb-8cbd-4f593888249e-AppendLogResponseHandler: Failed appendEntries: org.apache.ratis.thirdparty.io.grpc.StatusRuntimeException: UNAVAILABLE: io exception
2019-10-18 13:57:34,170 [grpc-default-executor-13] WARN  server.GrpcLogAppender (LogUtils.java:warn(134)) - deffcaa8-bc06-42ed-9a5f-b537132fe3e6@group-CD6A916F54C2->ab55c7e8-b512-415e-a666-846e2c6a6faf-AppendLogResponseHandler: Failed appendEntries: org.apache.ratis.thirdparty.io.grpc.StatusRuntimeException: UNAVAILABLE: io exception
2019-10-18 13:57:34,173 [grpc-default-executor-12] INFO  impl.FollowerInfo (FollowerInfo.java:lambda$new$0(51)) - deffcaa8-bc06-42ed-9a5f-b537132fe3e6@group-CD6A916F54C2->8a1104a3-2cf3-46fb-8cbd-4f593888249e: nextIndex: updateUnconditionally 0 -> 0
2019-10-18 13:57:34,173 [grpc-default-executor-13] INFO  impl.FollowerInfo (FollowerInfo.java:lambda$new$0(51)) - deffcaa8-bc06-42ed-9a5f-b537132fe3e6@group-CD6A916F54C2->ab55c7e8-b512-415e-a666-846e2c6a6faf: nextIndex: updateUnconditionally 0 -> 0
]]></system-out>
    <system-err><![CDATA[Oct 18, 2019 1:57:28 PM org.apache.ratis.thirdparty.io.grpc.internal.SerializingExecutor run
SEVERE: Exception while executing runnable org.apache.ratis.thirdparty.io.grpc.internal.ServerImpl$JumpToApplicationThreadServerStreamListener$1Closed@37bf534f
org.apache.ratis.thirdparty.io.grpc.StatusRuntimeException: CANCELLED: call already cancelled
	at org.apache.ratis.thirdparty.io.grpc.Status.asRuntimeException(Status.java:517)
	at org.apache.ratis.thirdparty.io.grpc.stub.ServerCalls$ServerCallStreamObserverImpl.onCompleted(ServerCalls.java:356)
	at org.apache.ratis.grpc.server.GrpcServerProtocolService$ServerRequestStreamObserver.onError(GrpcServerProtocolService.java:121)
	at org.apache.ratis.thirdparty.io.grpc.stub.ServerCalls$StreamingServerCallHandler$StreamingServerCallListener.onCancel(ServerCalls.java:269)
	at org.apache.ratis.thirdparty.io.grpc.internal.ServerCallImpl$ServerStreamListenerImpl.closed(ServerCallImpl.java:293)
	at org.apache.ratis.thirdparty.io.grpc.internal.ServerImpl$JumpToApplicationThreadServerStreamListener$1Closed.runInContext(ServerImpl.java:741)
	at org.apache.ratis.thirdparty.io.grpc.internal.ContextRunnable.run(ContextRunnable.java:37)
	at org.apache.ratis.thirdparty.io.grpc.internal.SerializingExecutor.run(SerializingExecutor.java:123)
	at java.util.concurrent.ThreadPoolExecutor.runWorker(ThreadPoolExecutor.java:1149)
	at java.util.concurrent.ThreadPoolExecutor$Worker.run(ThreadPoolExecutor.java:624)
	at java.lang.Thread.run(Thread.java:748)

]]></system-err>
  </testcase>
</testsuite>