<?xml version="1.0" encoding="UTF-8"?>
<testsuite xmlns:xsi="http://www.w3.org/2001/XMLSchema-instance" xsi:noNamespaceSchemaLocation="https://maven.apache.org/surefire/maven-surefire-plugin/xsd/surefire-test-report.xsd" name="org.apache.hadoop.ozone.client.rpc.TestDeleteWithSlowFollower" time="132.811" tests="1" errors="0" skipped="0" failures="1">
  <properties>
    <property name="awt.toolkit" value="sun.awt.X11.XToolkit"/>
    <property name="file.encoding.pkg" value="sun.io"/>
    <property name="java.specification.version" value="1.8"/>
    <property name="sun.cpu.isalist" value=""/>
    <property name="sun.jnu.encoding" value="ANSI_X3.4-1968"/>
    <property name="java.class.path" value="/workdir/hadoop-ozone/integration-test/target/test-classes:/workdir/hadoop-ozone/integration-test/target/classes:/home/user/.m2/repository/org/apache/hadoop/hadoop-ozone-common/0.5.0-SNAPSHOT/hadoop-ozone-common-0.5.0-SNAPSHOT.jar:/home/user/.m2/repository/org/apache/commons/commons-compress/1.4.1/commons-compress-1.4.1.jar:/home/user/.m2/repository/org/tukaani/xz/1.0/xz-1.0.jar:/home/user/.m2/repository/org/apache/hadoop/hadoop-common/3.2.0/hadoop-common-3.2.0.jar:/home/user/.m2/repository/org/apache/hadoop/hadoop-hdfs/3.2.0/hadoop-hdfs-3.2.0.jar:/home/user/.m2/repository/org/apache/hadoop/hadoop-hdfs-client/3.2.0/hadoop-hdfs-client-3.2.0.jar:/home/user/.m2/repository/com/fasterxml/jackson/core/jackson-annotations/2.9.9/jackson-annotations-2.9.9.jar:/home/user/.m2/repository/org/apache/hadoop/hadoop-hdds-common/0.5.0-SNAPSHOT/hadoop-hdds-common-0.5.0-SNAPSHOT.jar:/home/user/.m2/repository/javax/annotation/javax.annotation-api/1.2/javax.annotation-api-1.2.jar:/home/user/.m2/repository/org/apache/ratis/ratis-server/0.5.0-3f446aa-SNAPSHOT/ratis-server-0.5.0-3f446aa-SNAPSHOT.jar:/home/user/.m2/repository/org/apache/ratis/ratis-thirdparty-misc/0.2.0/ratis-thirdparty-misc-0.2.0.jar:/home/user/.m2/repository/org/apache/ratis/ratis-proto/0.5.0-3f446aa-SNAPSHOT/ratis-proto-0.5.0-3f446aa-SNAPSHOT.jar:/home/user/.m2/repository/org/apache/ratis/ratis-common/0.5.0-3f446aa-SNAPSHOT/ratis-common-0.5.0-3f446aa-SNAPSHOT.jar:/home/user/.m2/repository/org/apache/ratis/ratis-client/0.5.0-3f446aa-SNAPSHOT/ratis-client-0.5.0-3f446aa-SNAPSHOT.jar:/home/user/.m2/repository/org/apache/ratis/ratis-metrics/0.5.0-3f446aa-SNAPSHOT/ratis-metrics-0.5.0-3f446aa-SNAPSHOT.jar:/home/user/.m2/repository/com/github/joshelser/dropwizard-metrics-hadoop-metrics2-reporter/0.1.2/dropwizard-metrics-hadoop-metrics2-reporter-0.1.2.jar:/home/user/.m2/repository/io/dropwizard/metrics/metrics-jvm/3.2.5/metrics-jvm-3.2.5.jar:/home/user/.m2/repository/io/dropwizard/metrics/metrics-ganglia/3.2.5/metrics-ganglia-3.2.5.jar:/home/user/.m2/repository/info/ganglia/gmetric4j/gmetric4j/1.0.7/gmetric4j-1.0.7.jar:/home/user/.m2/repository/org/apache/ratis/ratis-netty/0.5.0-3f446aa-SNAPSHOT/ratis-netty-0.5.0-3f446aa-SNAPSHOT.jar:/home/user/.m2/repository/org/apache/ratis/ratis-grpc/0.5.0-3f446aa-SNAPSHOT/ratis-grpc-0.5.0-3f446aa-SNAPSHOT.jar:/home/user/.m2/repository/org/rocksdb/rocksdbjni/6.0.1/rocksdbjni-6.0.1.jar:/home/user/.m2/repository/org/apache/logging/log4j/log4j-api/2.11.0/log4j-api-2.11.0.jar:/home/user/.m2/repository/org/apache/logging/log4j/log4j-core/2.11.0/log4j-core-2.11.0.jar:/home/user/.m2/repository/com/lmax/disruptor/3.4.2/disruptor-3.4.2.jar:/home/user/.m2/repository/org/apache/commons/commons-pool2/2.6.0/commons-pool2-2.6.0.jar:/home/user/.m2/repository/org/bouncycastle/bcpkix-jdk15on/1.60/bcpkix-jdk15on-1.60.jar:/home/user/.m2/repository/commons-validator/commons-validator/1.6/commons-validator-1.6.jar:/home/user/.m2/repository/commons-digester/commons-digester/1.8.1/commons-digester-1.8.1.jar:/home/user/.m2/repository/io/jaegertracing/jaeger-client/0.34.0/jaeger-client-0.34.0.jar:/home/user/.m2/repository/io/jaegertracing/jaeger-thrift/0.34.0/jaeger-thrift-0.34.0.jar:/home/user/.m2/repository/org/apache/thrift/libthrift/0.12.0/libthrift-0.12.0.jar:/home/user/.m2/repository/com/squareup/okhttp3/okhttp/3.9.0/okhttp-3.9.0.jar:/home/user/.m2/repository/com/squareup/okio/okio/1.13.0/okio-1.13.0.jar:/home/user/.m2/repository/io/jaegertracing/jaeger-core/0.34.0/jaeger-core-0.34.0.jar:/home/user/.m2/repository/io/jaegertracing/jaeger-tracerresolver/0.34.0/jaeger-tracerresolver-0.34.0.jar:/home/user/.m2/repository/io/opentracing/contrib/opentracing-tracerresolver/0.1.5/opentracing-tracerresolver-0.1.5.jar:/home/user/.m2/repository/io/opentracing/opentracing-util/0.31.0/opentracing-util-0.31.0.jar:/home/user/.m2/repository/io/opentracing/opentracing-api/0.31.0/opentracing-api-0.31.0.jar:/home/user/.m2/repository/io/opentracing/opentracing-noop/0.31.0/opentracing-noop-0.31.0.jar:/home/user/.m2/repository/org/apache/hadoop/hadoop-hdds-server-framework/0.5.0-SNAPSHOT/hadoop-hdds-server-framework-0.5.0-SNAPSHOT.jar:/home/user/.m2/repository/org/apache/hadoop/hadoop-hdds-container-service/0.5.0-SNAPSHOT/hadoop-hdds-container-service-0.5.0-SNAPSHOT.jar:/home/user/.m2/repository/org/apache/hadoop/hadoop-hdds-client/0.5.0-SNAPSHOT/hadoop-hdds-client-0.5.0-SNAPSHOT.jar:/home/user/.m2/repository/org/apache/hadoop/hadoop-hdds-tools/0.5.0-SNAPSHOT/hadoop-hdds-tools-0.5.0-SNAPSHOT.jar:/home/user/.m2/repository/org/apache/hadoop/hadoop-hdds-server-scm/0.5.0-SNAPSHOT/hadoop-hdds-server-scm-0.5.0-SNAPSHOT.jar:/home/user/.m2/repository/org/apache/hadoop/hadoop-hdds-docs/0.5.0-SNAPSHOT/hadoop-hdds-docs-0.5.0-SNAPSHOT.jar:/home/user/.m2/repository/io/dropwizard/metrics/metrics-core/3.2.4/metrics-core-3.2.4.jar:/home/user/.m2/repository/org/hamcrest/hamcrest-all/1.3/hamcrest-all-1.3.jar:/home/user/.m2/repository/org/bouncycastle/bcprov-jdk15on/1.60/bcprov-jdk15on-1.60.jar:/home/user/.m2/repository/info/picocli/picocli/3.9.6/picocli-3.9.6.jar:/home/user/.m2/repository/com/google/protobuf/protobuf-java/2.5.0/protobuf-java-2.5.0.jar:/home/user/.m2/repository/com/google/guava/guava/11.0.2/guava-11.0.2.jar:/home/user/.m2/repository/org/apache/hadoop/hadoop-ozone-ozone-manager/0.5.0-SNAPSHOT/hadoop-ozone-ozone-manager-0.5.0-SNAPSHOT.jar:/home/user/.m2/repository/org/apache/hadoop/hadoop-minikdc/3.2.0/hadoop-minikdc-3.2.0.jar:/home/user/.m2/repository/commons-io/commons-io/2.5/commons-io-2.5.jar:/home/user/.m2/repository/org/apache/kerby/kerb-simplekdc/1.0.1/kerb-simplekdc-1.0.1.jar:/home/user/.m2/repository/org/apache/kerby/kerb-client/1.0.1/kerb-client-1.0.1.jar:/home/user/.m2/repository/org/apache/kerby/kerby-config/1.0.1/kerby-config-1.0.1.jar:/home/user/.m2/repository/org/apache/kerby/kerb-core/1.0.1/kerb-core-1.0.1.jar:/home/user/.m2/repository/org/apache/kerby/kerby-pkix/1.0.1/kerby-pkix-1.0.1.jar:/home/user/.m2/repository/org/apache/kerby/kerby-asn1/1.0.1/kerby-asn1-1.0.1.jar:/home/user/.m2/repository/org/apache/kerby/kerby-util/1.0.1/kerby-util-1.0.1.jar:/home/user/.m2/repository/org/apache/kerby/kerb-common/1.0.1/kerb-common-1.0.1.jar:/home/user/.m2/repository/org/apache/kerby/kerb-crypto/1.0.1/kerb-crypto-1.0.1.jar:/home/user/.m2/repository/org/apache/kerby/kerb-util/1.0.1/kerb-util-1.0.1.jar:/home/user/.m2/repository/org/apache/kerby/token-provider/1.0.1/token-provider-1.0.1.jar:/home/user/.m2/repository/org/apache/kerby/kerb-admin/1.0.1/kerb-admin-1.0.1.jar:/home/user/.m2/repository/org/apache/kerby/kerb-server/1.0.1/kerb-server-1.0.1.jar:/home/user/.m2/repository/org/apache/kerby/kerb-identity/1.0.1/kerb-identity-1.0.1.jar:/home/user/.m2/repository/org/apache/kerby/kerby-xdr/1.0.1/kerby-xdr-1.0.1.jar:/home/user/.m2/repository/org/slf4j/slf4j-log4j12/1.7.25/slf4j-log4j12-1.7.25.jar:/home/user/.m2/repository/org/apache/hadoop/hadoop-ozone-s3gateway/0.5.0-SNAPSHOT/hadoop-ozone-s3gateway-0.5.0-SNAPSHOT.jar:/home/user/.m2/repository/org/jboss/weld/servlet/weld-servlet/2.4.7.Final/weld-servlet-2.4.7.Final.jar:/home/user/.m2/repository/org/glassfish/jersey/containers/jersey-container-servlet-core/2.27/jersey-container-servlet-core-2.27.jar:/home/user/.m2/repository/org/glassfish/hk2/external/javax.inject/2.5.0-b42/javax.inject-2.5.0-b42.jar:/home/user/.m2/repository/org/glassfish/jersey/core/jersey-common/2.27/jersey-common-2.27.jar:/home/user/.m2/repository/org/glassfish/hk2/osgi-resource-locator/1.0.1/osgi-resource-locator-1.0.1.jar:/home/user/.m2/repository/javax/ws/rs/javax.ws.rs-api/2.1/javax.ws.rs-api-2.1.jar:/home/user/.m2/repository/org/glassfish/jersey/ext/cdi/jersey-cdi1x/2.27/jersey-cdi1x-2.27.jar:/home/user/.m2/repository/org/glassfish/jersey/inject/jersey-hk2/2.27/jersey-hk2-2.27.jar:/home/user/.m2/repository/org/glassfish/hk2/hk2-locator/2.5.0-b42/hk2-locator-2.5.0-b42.jar:/home/user/.m2/repository/org/javassist/javassist/3.22.0-CR2/javassist-3.22.0-CR2.jar:/home/user/.m2/repository/org/glassfish/hk2/hk2-api/2.5.0/hk2-api-2.5.0.jar:/home/user/.m2/repository/org/glassfish/hk2/external/jakarta.inject/2.5.0/jakarta.inject-2.5.0.jar:/home/user/.m2/repository/org/glassfish/hk2/hk2-utils/2.5.0/hk2-utils-2.5.0.jar:/home/user/.m2/repository/jakarta/annotation/jakarta.annotation-api/1.3.4/jakarta.annotation-api-1.3.4.jar:/home/user/.m2/repository/org/glassfish/hk2/external/aopalliance-repackaged/2.5.0/aopalliance-repackaged-2.5.0.jar:/home/user/.m2/repository/com/fasterxml/jackson/dataformat/jackson-dataformat-xml/2.9.0/jackson-dataformat-xml-2.9.0.jar:/home/user/.m2/repository/com/fasterxml/jackson/core/jackson-core/2.9.9/jackson-core-2.9.9.jar:/home/user/.m2/repository/com/fasterxml/jackson/module/jackson-module-jaxb-annotations/2.9.9/jackson-module-jaxb-annotations-2.9.9.jar:/home/user/.m2/repository/javax/enterprise/cdi-api/1.2/cdi-api-1.2.jar:/home/user/.m2/repository/javax/el/javax.el-api/3.0.0/javax.el-api-3.0.0.jar:/home/user/.m2/repository/javax/interceptor/javax.interceptor-api/1.2/javax.interceptor-api-1.2.jar:/home/user/.m2/repository/javax/inject/javax.inject/1/javax.inject-1.jar:/home/user/.m2/repository/com/sun/xml/bind/jaxb-impl/2.3.0.1/jaxb-impl-2.3.0.1.jar:/home/user/.m2/repository/com/sun/xml/bind/jaxb-core/2.3.0.1/jaxb-core-2.3.0.1.jar:/home/user/.m2/repository/javax/xml/bind/jaxb-api/2.3.0/jaxb-api-2.3.0.jar:/home/user/.m2/repository/javax/activation/activation/1.1.1/activation-1.1.1.jar:/home/user/.m2/repository/org/apache/hadoop/hadoop-ozone-csi/0.5.0-SNAPSHOT/hadoop-ozone-csi-0.5.0-SNAPSHOT.jar:/home/user/.m2/repository/com/google/protobuf/protobuf-java-util/3.5.1/protobuf-java-util-3.5.1.jar:/home/user/.m2/repository/org/apache/hadoop/hadoop-hdds-config/0.5.0-SNAPSHOT/hadoop-hdds-config-0.5.0-SNAPSHOT.jar:/home/user/.m2/repository/io/grpc/grpc-netty/1.17.1/grpc-netty-1.17.1.jar:/home/user/.m2/repository/io/grpc/grpc-core/1.17.1/grpc-core-1.17.1.jar:/home/user/.m2/repository/io/grpc/grpc-context/1.17.1/grpc-context-1.17.1.jar:/home/user/.m2/repository/com/google/errorprone/error_prone_annotations/2.2.0/error_prone_annotations-2.2.0.jar:/home/user/.m2/repository/org/codehaus/mojo/animal-sniffer-annotations/1.17/animal-sniffer-annotations-1.17.jar:/home/user/.m2/repository/io/opencensus/opencensus-api/0.17.0/opencensus-api-0.17.0.jar:/home/user/.m2/repository/io/opencensus/opencensus-contrib-grpc-metrics/0.17.0/opencensus-contrib-grpc-metrics-0.17.0.jar:/home/user/.m2/repository/io/netty/netty-codec-http2/4.1.30.Final/netty-codec-http2-4.1.30.Final.jar:/home/user/.m2/repository/io/netty/netty-codec-http/4.1.30.Final/netty-codec-http-4.1.30.Final.jar:/home/user/.m2/repository/io/netty/netty-codec/4.1.30.Final/netty-codec-4.1.30.Final.jar:/home/user/.m2/repository/io/netty/netty-handler/4.1.30.Final/netty-handler-4.1.30.Final.jar:/home/user/.m2/repository/io/netty/netty-handler-proxy/4.1.30.Final/netty-handler-proxy-4.1.30.Final.jar:/home/user/.m2/repository/io/netty/netty-codec-socks/4.1.30.Final/netty-codec-socks-4.1.30.Final.jar:/home/user/.m2/repository/io/netty/netty-transport-native-epoll/4.1.30.Final/netty-transport-native-epoll-4.1.30.Final.jar:/home/user/.m2/repository/io/netty/netty-common/4.1.30.Final/netty-common-4.1.30.Final.jar:/home/user/.m2/repository/io/netty/netty-buffer/4.1.30.Final/netty-buffer-4.1.30.Final.jar:/home/user/.m2/repository/io/netty/netty-transport/4.1.30.Final/netty-transport-4.1.30.Final.jar:/home/user/.m2/repository/io/netty/netty-resolver/4.1.30.Final/netty-resolver-4.1.30.Final.jar:/home/user/.m2/repository/io/netty/netty-transport-native-unix-common/4.1.30.Final/netty-transport-native-unix-common-4.1.30.Final.jar:/home/user/.m2/repository/io/grpc/grpc-protobuf/1.17.1/grpc-protobuf-1.17.1.jar:/home/user/.m2/repository/com/google/api/grpc/proto-google-common-protos/1.0.0/proto-google-common-protos-1.0.0.jar:/home/user/.m2/repository/io/grpc/grpc-protobuf-lite/1.17.1/grpc-protobuf-lite-1.17.1.jar:/home/user/.m2/repository/io/grpc/grpc-stub/1.17.1/grpc-stub-1.17.1.jar:/home/user/.m2/repository/org/apache/hadoop/hadoop-ozone-recon/0.5.0-SNAPSHOT/hadoop-ozone-recon-0.5.0-SNAPSHOT.jar:/home/user/.m2/repository/org/apache/hadoop/hadoop-ozone-reconcodegen/0.5.0-SNAPSHOT/hadoop-ozone-reconcodegen-0.5.0-SNAPSHOT.jar:/home/user/.m2/repository/com/google/inject/extensions/guice-multibindings/4.0/guice-multibindings-4.0.jar:/home/user/.m2/repository/com/google/inject/guice/4.0/guice-4.0.jar:/home/user/.m2/repository/aopalliance/aopalliance/1.0/aopalliance-1.0.jar:/home/user/.m2/repository/com/google/inject/extensions/guice-servlet/4.0/guice-servlet-4.0.jar:/home/user/.m2/repository/org/glassfish/jersey/containers/jersey-container-servlet/2.27/jersey-container-servlet-2.27.jar:/home/user/.m2/repository/org/glassfish/hk2/guice-bridge/2.5.0/guice-bridge-2.5.0.jar:/home/user/.m2/repository/org/glassfish/jersey/core/jersey-server/2.27/jersey-server-2.27.jar:/home/user/.m2/repository/org/glassfish/jersey/core/jersey-client/2.27/jersey-client-2.27.jar:/home/user/.m2/repository/org/glassfish/jersey/media/jersey-media-jaxb/2.27/jersey-media-jaxb-2.27.jar:/home/user/.m2/repository/javax/validation/validation-api/1.1.0.Final/validation-api-1.1.0.Final.jar:/home/user/.m2/repository/org/glassfish/jersey/media/jersey-media-json-jackson/2.27/jersey-media-json-jackson-2.27.jar:/home/user/.m2/repository/org/glassfish/jersey/ext/jersey-entity-filtering/2.27/jersey-entity-filtering-2.27.jar:/home/user/.m2/repository/com/google/inject/extensions/guice-assistedinject/4.0/guice-assistedinject-4.0.jar:/home/user/.m2/repository/org/jooq/jooq/3.11.10/jooq-3.11.10.jar:/home/user/.m2/repository/org/jooq/jooq-meta/3.11.10/jooq-meta-3.11.10.jar:/home/user/.m2/repository/org/jooq/jooq-codegen/3.11.10/jooq-codegen-3.11.10.jar:/home/user/.m2/repository/com/jolbox/bonecp/0.8.0.RELEASE/bonecp-0.8.0.RELEASE.jar:/home/user/.m2/repository/org/xerial/sqlite-jdbc/3.25.2/sqlite-jdbc-3.25.2.jar:/home/user/.m2/repository/org/springframework/spring-jdbc/5.1.3.RELEASE/spring-jdbc-5.1.3.RELEASE.jar:/home/user/.m2/repository/org/springframework/spring-beans/5.1.3.RELEASE/spring-beans-5.1.3.RELEASE.jar:/home/user/.m2/repository/org/springframework/spring-core/5.1.3.RELEASE/spring-core-5.1.3.RELEASE.jar:/home/user/.m2/repository/org/springframework/spring-jcl/5.1.3.RELEASE/spring-jcl-5.1.3.RELEASE.jar:/home/user/.m2/repository/org/springframework/spring-tx/5.1.3.RELEASE/spring-tx-5.1.3.RELEASE.jar:/home/user/.m2/repository/org/apache/hadoop/hadoop-ozone-client/0.5.0-SNAPSHOT/hadoop-ozone-client-0.5.0-SNAPSHOT.jar:/home/user/.m2/repository/commons-lang/commons-lang/2.6/commons-lang-2.6.jar:/home/user/.m2/repository/org/apache/hadoop/hadoop-ozone-ozone-manager/0.5.0-SNAPSHOT/hadoop-ozone-ozone-manager-0.5.0-SNAPSHOT-tests.jar:/home/user/.m2/repository/junit/junit/4.11/junit-4.11.jar:/home/user/.m2/repository/org/hamcrest/hamcrest-core/1.3/hamcrest-core-1.3.jar:/home/user/.m2/repository/org/openjdk/jmh/jmh-core/1.19/jmh-core-1.19.jar:/home/user/.m2/repository/net/sf/jopt-simple/jopt-simple/4.6/jopt-simple-4.6.jar:/home/user/.m2/repository/org/apache/commons/commons-math3/3.1.1/commons-math3-3.1.1.jar:/home/user/.m2/repository/org/openjdk/jmh/jmh-generator-annprocess/1.19/jmh-generator-annprocess-1.19.jar:/home/user/.m2/repository/org/mockito/mockito-all/1.8.5/mockito-all-1.8.5.jar:/home/user/.m2/repository/org/apache/hadoop/hadoop-kms/3.2.0/hadoop-kms-3.2.0.jar:/home/user/.m2/repository/org/apache/hadoop/hadoop-auth/3.2.0/hadoop-auth-3.2.0.jar:/home/user/.m2/repository/com/nimbusds/nimbus-jose-jwt/4.41.1/nimbus-jose-jwt-4.41.1.jar:/home/user/.m2/repository/com/github/stephenc/jcip/jcip-annotations/1.0-1/jcip-annotations-1.0-1.jar:/home/user/.m2/repository/net/minidev/json-smart/2.3/json-smart-2.3.jar:/home/user/.m2/repository/net/minidev/accessors-smart/1.2/accessors-smart-1.2.jar:/home/user/.m2/repository/org/ow2/asm/asm/5.0.4/asm-5.0.4.jar:/home/user/.m2/repository/org/apache/curator/curator-framework/2.12.0/curator-framework-2.12.0.jar:/home/user/.m2/repository/com/sun/jersey/jersey-core/1.19/jersey-core-1.19.jar:/home/user/.m2/repository/javax/ws/rs/jsr311-api/1.1.1/jsr311-api-1.1.1.jar:/home/user/.m2/repository/com/sun/jersey/jersey-server/1.19/jersey-server-1.19.jar:/home/user/.m2/repository/javax/servlet/javax.servlet-api/3.1.0/javax.servlet-api-3.1.0.jar:/home/user/.m2/repository/org/eclipse/jetty/jetty-server/9.3.25.v20180904/jetty-server-9.3.25.v20180904.jar:/home/user/.m2/repository/org/eclipse/jetty/jetty-http/9.3.25.v20180904/jetty-http-9.3.25.v20180904.jar:/home/user/.m2/repository/org/eclipse/jetty/jetty-io/9.3.25.v20180904/jetty-io-9.3.25.v20180904.jar:/home/user/.m2/repository/org/eclipse/jetty/jetty-webapp/9.3.25.v20180904/jetty-webapp-9.3.25.v20180904.jar:/home/user/.m2/repository/org/eclipse/jetty/jetty-xml/9.3.25.v20180904/jetty-xml-9.3.25.v20180904.jar:/home/user/.m2/repository/log4j/log4j/1.2.17/log4j-1.2.17.jar:/home/user/.m2/repository/org/slf4j/slf4j-api/1.7.25/slf4j-api-1.7.25.jar:/home/user/.m2/repository/org/slf4j/jul-to-slf4j/1.7.25/jul-to-slf4j-1.7.25.jar:/home/user/.m2/repository/org/eclipse/jetty/jetty-util/9.3.25.v20180904/jetty-util-9.3.25.v20180904.jar:/home/user/.m2/repository/com/fasterxml/jackson/core/jackson-databind/2.9.9/jackson-databind-2.9.9.jar:/home/user/.m2/repository/org/apache/hadoop/hadoop-kms/3.2.0/hadoop-kms-3.2.0-tests.jar:/home/user/.m2/repository/org/apache/hadoop/hadoop-hdds-server-scm/0.5.0-SNAPSHOT/hadoop-hdds-server-scm-0.5.0-SNAPSHOT-tests.jar:/home/user/.m2/repository/org/apache/hadoop/hadoop-hdds-container-service/0.5.0-SNAPSHOT/hadoop-hdds-container-service-0.5.0-SNAPSHOT-tests.jar:/home/user/.m2/repository/org/yaml/snakeyaml/1.16/snakeyaml-1.16.jar:/home/user/.m2/repository/org/apache/hadoop/hadoop-common/3.2.0/hadoop-common-3.2.0-tests.jar:/home/user/.m2/repository/org/apache/hadoop/hadoop-annotations/3.2.0/hadoop-annotations-3.2.0.jar:/usr/lib/jvm/java-1.8.0-openjdk-1.8.0.222.b10-1.el7_7.x86_64/jre/../lib/tools.jar:/home/user/.m2/repository/commons-cli/commons-cli/1.2/commons-cli-1.2.jar:/home/user/.m2/repository/org/apache/httpcomponents/httpclient/4.5.2/httpclient-4.5.2.jar:/home/user/.m2/repository/org/apache/httpcomponents/httpcore/4.4.4/httpcore-4.4.4.jar:/home/user/.m2/repository/commons-codec/commons-codec/1.11/commons-codec-1.11.jar:/home/user/.m2/repository/commons-net/commons-net/3.6/commons-net-3.6.jar:/home/user/.m2/repository/commons-collections/commons-collections/3.2.2/commons-collections-3.2.2.jar:/home/user/.m2/repository/org/eclipse/jetty/jetty-servlet/9.3.25.v20180904/jetty-servlet-9.3.25.v20180904.jar:/home/user/.m2/repository/org/eclipse/jetty/jetty-security/9.3.25.v20180904/jetty-security-9.3.25.v20180904.jar:/home/user/.m2/repository/javax/servlet/jsp/jsp-api/2.1/jsp-api-2.1.jar:/home/user/.m2/repository/com/sun/jersey/jersey-servlet/1.19/jersey-servlet-1.19.jar:/home/user/.m2/repository/com/sun/jersey/jersey-json/1.19/jersey-json-1.19.jar:/home/user/.m2/repository/org/codehaus/jettison/jettison/1.1/jettison-1.1.jar:/home/user/.m2/repository/org/codehaus/jackson/jackson-core-asl/1.9.13/jackson-core-asl-1.9.13.jar:/home/user/.m2/repository/org/codehaus/jackson/jackson-mapper-asl/1.9.13/jackson-mapper-asl-1.9.13.jar:/home/user/.m2/repository/org/codehaus/jackson/jackson-jaxrs/1.9.13/jackson-jaxrs-1.9.13.jar:/home/user/.m2/repository/org/codehaus/jackson/jackson-xc/1.9.13/jackson-xc-1.9.13.jar:/home/user/.m2/repository/commons-logging/commons-logging/1.1.3/commons-logging-1.1.3.jar:/home/user/.m2/repository/commons-beanutils/commons-beanutils/1.9.4/commons-beanutils-1.9.4.jar:/home/user/.m2/repository/org/apache/commons/commons-configuration2/2.1.1/commons-configuration2-2.1.1.jar:/home/user/.m2/repository/org/apache/commons/commons-lang3/3.7/commons-lang3-3.7.jar:/home/user/.m2/repository/org/apache/commons/commons-text/1.4/commons-text-1.4.jar:/home/user/.m2/repository/org/apache/avro/avro/1.7.7/avro-1.7.7.jar:/home/user/.m2/repository/com/thoughtworks/paranamer/paranamer/2.3/paranamer-2.3.jar:/home/user/.m2/repository/org/xerial/snappy/snappy-java/1.0.5/snappy-java-1.0.5.jar:/home/user/.m2/repository/com/google/re2j/re2j/1.1/re2j-1.1.jar:/home/user/.m2/repository/com/google/code/gson/gson/2.2.4/gson-2.2.4.jar:/home/user/.m2/repository/com/jcraft/jsch/0.1.54/jsch-0.1.54.jar:/home/user/.m2/repository/org/apache/curator/curator-client/2.12.0/curator-client-2.12.0.jar:/home/user/.m2/repository/org/apache/curator/curator-recipes/2.12.0/curator-recipes-2.12.0.jar:/home/user/.m2/repository/com/google/code/findbugs/jsr305/3.0.0/jsr305-3.0.0.jar:/home/user/.m2/repository/org/apache/htrace/htrace-core4/4.1.0-incubating/htrace-core4-4.1.0-incubating.jar:/home/user/.m2/repository/org/apache/zookeeper/zookeeper/3.4.13/zookeeper-3.4.13.jar:/home/user/.m2/repository/jline/jline/0.9.94/jline-0.9.94.jar:/home/user/.m2/repository/org/apache/yetus/audience-annotations/0.5.0/audience-annotations-0.5.0.jar:/home/user/.m2/repository/org/codehaus/woodstox/stax2-api/3.1.4/stax2-api-3.1.4.jar:/home/user/.m2/repository/com/fasterxml/woodstox/woodstox-core/5.0.3/woodstox-core-5.0.3.jar:/home/user/.m2/repository/dnsjava/dnsjava/2.1.7/dnsjava-2.1.7.jar:/home/user/.m2/repository/org/apache/hadoop/hadoop-hdfs/3.2.0/hadoop-hdfs-3.2.0-tests.jar:/home/user/.m2/repository/org/eclipse/jetty/jetty-util-ajax/9.3.25.v20180904/jetty-util-ajax-9.3.25.v20180904.jar:/home/user/.m2/repository/commons-daemon/commons-daemon/1.0.13/commons-daemon-1.0.13.jar:/home/user/.m2/repository/io/netty/netty/3.10.5.Final/netty-3.10.5.Final.jar:/home/user/.m2/repository/io/netty/netty-all/4.0.52.Final/netty-all-4.0.52.Final.jar:/home/user/.m2/repository/org/fusesource/leveldbjni/leveldbjni-all/1.8/leveldbjni-all-1.8.jar:"/>
    <property name="java.vm.vendor" value="Oracle Corporation"/>
    <property name="sun.arch.data.model" value="64"/>
    <property name="test.build.dir" value="/workdir/hadoop-ozone/integration-test/target/test-dir"/>
    <property name="test.cache.data" value=""/>
    <property name="java.vendor.url" value="http://java.oracle.com/"/>
    <property name="user.timezone" value=""/>
    <property name="java.vm.specification.version" value="1.8"/>
    <property name="os.name" value="Linux"/>
    <property name="test.build.data" value="/workdir/hadoop-ozone/integration-test/target/test-dir"/>
    <property name="user.country" value="US"/>
    <property name="sun.java.launcher" value="SUN_STANDARD"/>
    <property name="sun.boot.library.path" value="/usr/lib/jvm/java-1.8.0-openjdk-1.8.0.222.b10-1.el7_7.x86_64/jre/lib/amd64"/>
    <property name="sun.java.command" value="/workdir/hadoop-ozone/integration-test/target/surefire/surefirebooter8359649455638959221.jar /workdir/hadoop-ozone/integration-test/target/surefire 2019-10-15T15-18-31_558-jvmRun1 surefire8361130977970952328tmp surefire_263455432313259173467tmp"/>
    <property name="surefire.test.class.path" value="/workdir/hadoop-ozone/integration-test/target/test-classes:/workdir/hadoop-ozone/integration-test/target/classes:/home/user/.m2/repository/org/apache/hadoop/hadoop-ozone-common/0.5.0-SNAPSHOT/hadoop-ozone-common-0.5.0-SNAPSHOT.jar:/home/user/.m2/repository/org/apache/commons/commons-compress/1.4.1/commons-compress-1.4.1.jar:/home/user/.m2/repository/org/tukaani/xz/1.0/xz-1.0.jar:/home/user/.m2/repository/org/apache/hadoop/hadoop-common/3.2.0/hadoop-common-3.2.0.jar:/home/user/.m2/repository/org/apache/hadoop/hadoop-hdfs/3.2.0/hadoop-hdfs-3.2.0.jar:/home/user/.m2/repository/org/apache/hadoop/hadoop-hdfs-client/3.2.0/hadoop-hdfs-client-3.2.0.jar:/home/user/.m2/repository/com/fasterxml/jackson/core/jackson-annotations/2.9.9/jackson-annotations-2.9.9.jar:/home/user/.m2/repository/org/apache/hadoop/hadoop-hdds-common/0.5.0-SNAPSHOT/hadoop-hdds-common-0.5.0-SNAPSHOT.jar:/home/user/.m2/repository/javax/annotation/javax.annotation-api/1.2/javax.annotation-api-1.2.jar:/home/user/.m2/repository/org/apache/ratis/ratis-server/0.5.0-3f446aa-SNAPSHOT/ratis-server-0.5.0-3f446aa-SNAPSHOT.jar:/home/user/.m2/repository/org/apache/ratis/ratis-thirdparty-misc/0.2.0/ratis-thirdparty-misc-0.2.0.jar:/home/user/.m2/repository/org/apache/ratis/ratis-proto/0.5.0-3f446aa-SNAPSHOT/ratis-proto-0.5.0-3f446aa-SNAPSHOT.jar:/home/user/.m2/repository/org/apache/ratis/ratis-common/0.5.0-3f446aa-SNAPSHOT/ratis-common-0.5.0-3f446aa-SNAPSHOT.jar:/home/user/.m2/repository/org/apache/ratis/ratis-client/0.5.0-3f446aa-SNAPSHOT/ratis-client-0.5.0-3f446aa-SNAPSHOT.jar:/home/user/.m2/repository/org/apache/ratis/ratis-metrics/0.5.0-3f446aa-SNAPSHOT/ratis-metrics-0.5.0-3f446aa-SNAPSHOT.jar:/home/user/.m2/repository/com/github/joshelser/dropwizard-metrics-hadoop-metrics2-reporter/0.1.2/dropwizard-metrics-hadoop-metrics2-reporter-0.1.2.jar:/home/user/.m2/repository/io/dropwizard/metrics/metrics-jvm/3.2.5/metrics-jvm-3.2.5.jar:/home/user/.m2/repository/io/dropwizard/metrics/metrics-ganglia/3.2.5/metrics-ganglia-3.2.5.jar:/home/user/.m2/repository/info/ganglia/gmetric4j/gmetric4j/1.0.7/gmetric4j-1.0.7.jar:/home/user/.m2/repository/org/apache/ratis/ratis-netty/0.5.0-3f446aa-SNAPSHOT/ratis-netty-0.5.0-3f446aa-SNAPSHOT.jar:/home/user/.m2/repository/org/apache/ratis/ratis-grpc/0.5.0-3f446aa-SNAPSHOT/ratis-grpc-0.5.0-3f446aa-SNAPSHOT.jar:/home/user/.m2/repository/org/rocksdb/rocksdbjni/6.0.1/rocksdbjni-6.0.1.jar:/home/user/.m2/repository/org/apache/logging/log4j/log4j-api/2.11.0/log4j-api-2.11.0.jar:/home/user/.m2/repository/org/apache/logging/log4j/log4j-core/2.11.0/log4j-core-2.11.0.jar:/home/user/.m2/repository/com/lmax/disruptor/3.4.2/disruptor-3.4.2.jar:/home/user/.m2/repository/org/apache/commons/commons-pool2/2.6.0/commons-pool2-2.6.0.jar:/home/user/.m2/repository/org/bouncycastle/bcpkix-jdk15on/1.60/bcpkix-jdk15on-1.60.jar:/home/user/.m2/repository/commons-validator/commons-validator/1.6/commons-validator-1.6.jar:/home/user/.m2/repository/commons-digester/commons-digester/1.8.1/commons-digester-1.8.1.jar:/home/user/.m2/repository/io/jaegertracing/jaeger-client/0.34.0/jaeger-client-0.34.0.jar:/home/user/.m2/repository/io/jaegertracing/jaeger-thrift/0.34.0/jaeger-thrift-0.34.0.jar:/home/user/.m2/repository/org/apache/thrift/libthrift/0.12.0/libthrift-0.12.0.jar:/home/user/.m2/repository/com/squareup/okhttp3/okhttp/3.9.0/okhttp-3.9.0.jar:/home/user/.m2/repository/com/squareup/okio/okio/1.13.0/okio-1.13.0.jar:/home/user/.m2/repository/io/jaegertracing/jaeger-core/0.34.0/jaeger-core-0.34.0.jar:/home/user/.m2/repository/io/jaegertracing/jaeger-tracerresolver/0.34.0/jaeger-tracerresolver-0.34.0.jar:/home/user/.m2/repository/io/opentracing/contrib/opentracing-tracerresolver/0.1.5/opentracing-tracerresolver-0.1.5.jar:/home/user/.m2/repository/io/opentracing/opentracing-util/0.31.0/opentracing-util-0.31.0.jar:/home/user/.m2/repository/io/opentracing/opentracing-api/0.31.0/opentracing-api-0.31.0.jar:/home/user/.m2/repository/io/opentracing/opentracing-noop/0.31.0/opentracing-noop-0.31.0.jar:/home/user/.m2/repository/org/apache/hadoop/hadoop-hdds-server-framework/0.5.0-SNAPSHOT/hadoop-hdds-server-framework-0.5.0-SNAPSHOT.jar:/home/user/.m2/repository/org/apache/hadoop/hadoop-hdds-container-service/0.5.0-SNAPSHOT/hadoop-hdds-container-service-0.5.0-SNAPSHOT.jar:/home/user/.m2/repository/org/apache/hadoop/hadoop-hdds-client/0.5.0-SNAPSHOT/hadoop-hdds-client-0.5.0-SNAPSHOT.jar:/home/user/.m2/repository/org/apache/hadoop/hadoop-hdds-tools/0.5.0-SNAPSHOT/hadoop-hdds-tools-0.5.0-SNAPSHOT.jar:/home/user/.m2/repository/org/apache/hadoop/hadoop-hdds-server-scm/0.5.0-SNAPSHOT/hadoop-hdds-server-scm-0.5.0-SNAPSHOT.jar:/home/user/.m2/repository/org/apache/hadoop/hadoop-hdds-docs/0.5.0-SNAPSHOT/hadoop-hdds-docs-0.5.0-SNAPSHOT.jar:/home/user/.m2/repository/io/dropwizard/metrics/metrics-core/3.2.4/metrics-core-3.2.4.jar:/home/user/.m2/repository/org/hamcrest/hamcrest-all/1.3/hamcrest-all-1.3.jar:/home/user/.m2/repository/org/bouncycastle/bcprov-jdk15on/1.60/bcprov-jdk15on-1.60.jar:/home/user/.m2/repository/info/picocli/picocli/3.9.6/picocli-3.9.6.jar:/home/user/.m2/repository/com/google/protobuf/protobuf-java/2.5.0/protobuf-java-2.5.0.jar:/home/user/.m2/repository/com/google/guava/guava/11.0.2/guava-11.0.2.jar:/home/user/.m2/repository/org/apache/hadoop/hadoop-ozone-ozone-manager/0.5.0-SNAPSHOT/hadoop-ozone-ozone-manager-0.5.0-SNAPSHOT.jar:/home/user/.m2/repository/org/apache/hadoop/hadoop-minikdc/3.2.0/hadoop-minikdc-3.2.0.jar:/home/user/.m2/repository/commons-io/commons-io/2.5/commons-io-2.5.jar:/home/user/.m2/repository/org/apache/kerby/kerb-simplekdc/1.0.1/kerb-simplekdc-1.0.1.jar:/home/user/.m2/repository/org/apache/kerby/kerb-client/1.0.1/kerb-client-1.0.1.jar:/home/user/.m2/repository/org/apache/kerby/kerby-config/1.0.1/kerby-config-1.0.1.jar:/home/user/.m2/repository/org/apache/kerby/kerb-core/1.0.1/kerb-core-1.0.1.jar:/home/user/.m2/repository/org/apache/kerby/kerby-pkix/1.0.1/kerby-pkix-1.0.1.jar:/home/user/.m2/repository/org/apache/kerby/kerby-asn1/1.0.1/kerby-asn1-1.0.1.jar:/home/user/.m2/repository/org/apache/kerby/kerby-util/1.0.1/kerby-util-1.0.1.jar:/home/user/.m2/repository/org/apache/kerby/kerb-common/1.0.1/kerb-common-1.0.1.jar:/home/user/.m2/repository/org/apache/kerby/kerb-crypto/1.0.1/kerb-crypto-1.0.1.jar:/home/user/.m2/repository/org/apache/kerby/kerb-util/1.0.1/kerb-util-1.0.1.jar:/home/user/.m2/repository/org/apache/kerby/token-provider/1.0.1/token-provider-1.0.1.jar:/home/user/.m2/repository/org/apache/kerby/kerb-admin/1.0.1/kerb-admin-1.0.1.jar:/home/user/.m2/repository/org/apache/kerby/kerb-server/1.0.1/kerb-server-1.0.1.jar:/home/user/.m2/repository/org/apache/kerby/kerb-identity/1.0.1/kerb-identity-1.0.1.jar:/home/user/.m2/repository/org/apache/kerby/kerby-xdr/1.0.1/kerby-xdr-1.0.1.jar:/home/user/.m2/repository/org/slf4j/slf4j-log4j12/1.7.25/slf4j-log4j12-1.7.25.jar:/home/user/.m2/repository/org/apache/hadoop/hadoop-ozone-s3gateway/0.5.0-SNAPSHOT/hadoop-ozone-s3gateway-0.5.0-SNAPSHOT.jar:/home/user/.m2/repository/org/jboss/weld/servlet/weld-servlet/2.4.7.Final/weld-servlet-2.4.7.Final.jar:/home/user/.m2/repository/org/glassfish/jersey/containers/jersey-container-servlet-core/2.27/jersey-container-servlet-core-2.27.jar:/home/user/.m2/repository/org/glassfish/hk2/external/javax.inject/2.5.0-b42/javax.inject-2.5.0-b42.jar:/home/user/.m2/repository/org/glassfish/jersey/core/jersey-common/2.27/jersey-common-2.27.jar:/home/user/.m2/repository/org/glassfish/hk2/osgi-resource-locator/1.0.1/osgi-resource-locator-1.0.1.jar:/home/user/.m2/repository/javax/ws/rs/javax.ws.rs-api/2.1/javax.ws.rs-api-2.1.jar:/home/user/.m2/repository/org/glassfish/jersey/ext/cdi/jersey-cdi1x/2.27/jersey-cdi1x-2.27.jar:/home/user/.m2/repository/org/glassfish/jersey/inject/jersey-hk2/2.27/jersey-hk2-2.27.jar:/home/user/.m2/repository/org/glassfish/hk2/hk2-locator/2.5.0-b42/hk2-locator-2.5.0-b42.jar:/home/user/.m2/repository/org/javassist/javassist/3.22.0-CR2/javassist-3.22.0-CR2.jar:/home/user/.m2/repository/org/glassfish/hk2/hk2-api/2.5.0/hk2-api-2.5.0.jar:/home/user/.m2/repository/org/glassfish/hk2/external/jakarta.inject/2.5.0/jakarta.inject-2.5.0.jar:/home/user/.m2/repository/org/glassfish/hk2/hk2-utils/2.5.0/hk2-utils-2.5.0.jar:/home/user/.m2/repository/jakarta/annotation/jakarta.annotation-api/1.3.4/jakarta.annotation-api-1.3.4.jar:/home/user/.m2/repository/org/glassfish/hk2/external/aopalliance-repackaged/2.5.0/aopalliance-repackaged-2.5.0.jar:/home/user/.m2/repository/com/fasterxml/jackson/dataformat/jackson-dataformat-xml/2.9.0/jackson-dataformat-xml-2.9.0.jar:/home/user/.m2/repository/com/fasterxml/jackson/core/jackson-core/2.9.9/jackson-core-2.9.9.jar:/home/user/.m2/repository/com/fasterxml/jackson/module/jackson-module-jaxb-annotations/2.9.9/jackson-module-jaxb-annotations-2.9.9.jar:/home/user/.m2/repository/javax/enterprise/cdi-api/1.2/cdi-api-1.2.jar:/home/user/.m2/repository/javax/el/javax.el-api/3.0.0/javax.el-api-3.0.0.jar:/home/user/.m2/repository/javax/interceptor/javax.interceptor-api/1.2/javax.interceptor-api-1.2.jar:/home/user/.m2/repository/javax/inject/javax.inject/1/javax.inject-1.jar:/home/user/.m2/repository/com/sun/xml/bind/jaxb-impl/2.3.0.1/jaxb-impl-2.3.0.1.jar:/home/user/.m2/repository/com/sun/xml/bind/jaxb-core/2.3.0.1/jaxb-core-2.3.0.1.jar:/home/user/.m2/repository/javax/xml/bind/jaxb-api/2.3.0/jaxb-api-2.3.0.jar:/home/user/.m2/repository/javax/activation/activation/1.1.1/activation-1.1.1.jar:/home/user/.m2/repository/org/apache/hadoop/hadoop-ozone-csi/0.5.0-SNAPSHOT/hadoop-ozone-csi-0.5.0-SNAPSHOT.jar:/home/user/.m2/repository/com/google/protobuf/protobuf-java-util/3.5.1/protobuf-java-util-3.5.1.jar:/home/user/.m2/repository/org/apache/hadoop/hadoop-hdds-config/0.5.0-SNAPSHOT/hadoop-hdds-config-0.5.0-SNAPSHOT.jar:/home/user/.m2/repository/io/grpc/grpc-netty/1.17.1/grpc-netty-1.17.1.jar:/home/user/.m2/repository/io/grpc/grpc-core/1.17.1/grpc-core-1.17.1.jar:/home/user/.m2/repository/io/grpc/grpc-context/1.17.1/grpc-context-1.17.1.jar:/home/user/.m2/repository/com/google/errorprone/error_prone_annotations/2.2.0/error_prone_annotations-2.2.0.jar:/home/user/.m2/repository/org/codehaus/mojo/animal-sniffer-annotations/1.17/animal-sniffer-annotations-1.17.jar:/home/user/.m2/repository/io/opencensus/opencensus-api/0.17.0/opencensus-api-0.17.0.jar:/home/user/.m2/repository/io/opencensus/opencensus-contrib-grpc-metrics/0.17.0/opencensus-contrib-grpc-metrics-0.17.0.jar:/home/user/.m2/repository/io/netty/netty-codec-http2/4.1.30.Final/netty-codec-http2-4.1.30.Final.jar:/home/user/.m2/repository/io/netty/netty-codec-http/4.1.30.Final/netty-codec-http-4.1.30.Final.jar:/home/user/.m2/repository/io/netty/netty-codec/4.1.30.Final/netty-codec-4.1.30.Final.jar:/home/user/.m2/repository/io/netty/netty-handler/4.1.30.Final/netty-handler-4.1.30.Final.jar:/home/user/.m2/repository/io/netty/netty-handler-proxy/4.1.30.Final/netty-handler-proxy-4.1.30.Final.jar:/home/user/.m2/repository/io/netty/netty-codec-socks/4.1.30.Final/netty-codec-socks-4.1.30.Final.jar:/home/user/.m2/repository/io/netty/netty-transport-native-epoll/4.1.30.Final/netty-transport-native-epoll-4.1.30.Final.jar:/home/user/.m2/repository/io/netty/netty-common/4.1.30.Final/netty-common-4.1.30.Final.jar:/home/user/.m2/repository/io/netty/netty-buffer/4.1.30.Final/netty-buffer-4.1.30.Final.jar:/home/user/.m2/repository/io/netty/netty-transport/4.1.30.Final/netty-transport-4.1.30.Final.jar:/home/user/.m2/repository/io/netty/netty-resolver/4.1.30.Final/netty-resolver-4.1.30.Final.jar:/home/user/.m2/repository/io/netty/netty-transport-native-unix-common/4.1.30.Final/netty-transport-native-unix-common-4.1.30.Final.jar:/home/user/.m2/repository/io/grpc/grpc-protobuf/1.17.1/grpc-protobuf-1.17.1.jar:/home/user/.m2/repository/com/google/api/grpc/proto-google-common-protos/1.0.0/proto-google-common-protos-1.0.0.jar:/home/user/.m2/repository/io/grpc/grpc-protobuf-lite/1.17.1/grpc-protobuf-lite-1.17.1.jar:/home/user/.m2/repository/io/grpc/grpc-stub/1.17.1/grpc-stub-1.17.1.jar:/home/user/.m2/repository/org/apache/hadoop/hadoop-ozone-recon/0.5.0-SNAPSHOT/hadoop-ozone-recon-0.5.0-SNAPSHOT.jar:/home/user/.m2/repository/org/apache/hadoop/hadoop-ozone-reconcodegen/0.5.0-SNAPSHOT/hadoop-ozone-reconcodegen-0.5.0-SNAPSHOT.jar:/home/user/.m2/repository/com/google/inject/extensions/guice-multibindings/4.0/guice-multibindings-4.0.jar:/home/user/.m2/repository/com/google/inject/guice/4.0/guice-4.0.jar:/home/user/.m2/repository/aopalliance/aopalliance/1.0/aopalliance-1.0.jar:/home/user/.m2/repository/com/google/inject/extensions/guice-servlet/4.0/guice-servlet-4.0.jar:/home/user/.m2/repository/org/glassfish/jersey/containers/jersey-container-servlet/2.27/jersey-container-servlet-2.27.jar:/home/user/.m2/repository/org/glassfish/hk2/guice-bridge/2.5.0/guice-bridge-2.5.0.jar:/home/user/.m2/repository/org/glassfish/jersey/core/jersey-server/2.27/jersey-server-2.27.jar:/home/user/.m2/repository/org/glassfish/jersey/core/jersey-client/2.27/jersey-client-2.27.jar:/home/user/.m2/repository/org/glassfish/jersey/media/jersey-media-jaxb/2.27/jersey-media-jaxb-2.27.jar:/home/user/.m2/repository/javax/validation/validation-api/1.1.0.Final/validation-api-1.1.0.Final.jar:/home/user/.m2/repository/org/glassfish/jersey/media/jersey-media-json-jackson/2.27/jersey-media-json-jackson-2.27.jar:/home/user/.m2/repository/org/glassfish/jersey/ext/jersey-entity-filtering/2.27/jersey-entity-filtering-2.27.jar:/home/user/.m2/repository/com/google/inject/extensions/guice-assistedinject/4.0/guice-assistedinject-4.0.jar:/home/user/.m2/repository/org/jooq/jooq/3.11.10/jooq-3.11.10.jar:/home/user/.m2/repository/org/jooq/jooq-meta/3.11.10/jooq-meta-3.11.10.jar:/home/user/.m2/repository/org/jooq/jooq-codegen/3.11.10/jooq-codegen-3.11.10.jar:/home/user/.m2/repository/com/jolbox/bonecp/0.8.0.RELEASE/bonecp-0.8.0.RELEASE.jar:/home/user/.m2/repository/org/xerial/sqlite-jdbc/3.25.2/sqlite-jdbc-3.25.2.jar:/home/user/.m2/repository/org/springframework/spring-jdbc/5.1.3.RELEASE/spring-jdbc-5.1.3.RELEASE.jar:/home/user/.m2/repository/org/springframework/spring-beans/5.1.3.RELEASE/spring-beans-5.1.3.RELEASE.jar:/home/user/.m2/repository/org/springframework/spring-core/5.1.3.RELEASE/spring-core-5.1.3.RELEASE.jar:/home/user/.m2/repository/org/springframework/spring-jcl/5.1.3.RELEASE/spring-jcl-5.1.3.RELEASE.jar:/home/user/.m2/repository/org/springframework/spring-tx/5.1.3.RELEASE/spring-tx-5.1.3.RELEASE.jar:/home/user/.m2/repository/org/apache/hadoop/hadoop-ozone-client/0.5.0-SNAPSHOT/hadoop-ozone-client-0.5.0-SNAPSHOT.jar:/home/user/.m2/repository/commons-lang/commons-lang/2.6/commons-lang-2.6.jar:/home/user/.m2/repository/org/apache/hadoop/hadoop-ozone-ozone-manager/0.5.0-SNAPSHOT/hadoop-ozone-ozone-manager-0.5.0-SNAPSHOT-tests.jar:/home/user/.m2/repository/junit/junit/4.11/junit-4.11.jar:/home/user/.m2/repository/org/hamcrest/hamcrest-core/1.3/hamcrest-core-1.3.jar:/home/user/.m2/repository/org/openjdk/jmh/jmh-core/1.19/jmh-core-1.19.jar:/home/user/.m2/repository/net/sf/jopt-simple/jopt-simple/4.6/jopt-simple-4.6.jar:/home/user/.m2/repository/org/apache/commons/commons-math3/3.1.1/commons-math3-3.1.1.jar:/home/user/.m2/repository/org/openjdk/jmh/jmh-generator-annprocess/1.19/jmh-generator-annprocess-1.19.jar:/home/user/.m2/repository/org/mockito/mockito-all/1.8.5/mockito-all-1.8.5.jar:/home/user/.m2/repository/org/apache/hadoop/hadoop-kms/3.2.0/hadoop-kms-3.2.0.jar:/home/user/.m2/repository/org/apache/hadoop/hadoop-auth/3.2.0/hadoop-auth-3.2.0.jar:/home/user/.m2/repository/com/nimbusds/nimbus-jose-jwt/4.41.1/nimbus-jose-jwt-4.41.1.jar:/home/user/.m2/repository/com/github/stephenc/jcip/jcip-annotations/1.0-1/jcip-annotations-1.0-1.jar:/home/user/.m2/repository/net/minidev/json-smart/2.3/json-smart-2.3.jar:/home/user/.m2/repository/net/minidev/accessors-smart/1.2/accessors-smart-1.2.jar:/home/user/.m2/repository/org/ow2/asm/asm/5.0.4/asm-5.0.4.jar:/home/user/.m2/repository/org/apache/curator/curator-framework/2.12.0/curator-framework-2.12.0.jar:/home/user/.m2/repository/com/sun/jersey/jersey-core/1.19/jersey-core-1.19.jar:/home/user/.m2/repository/javax/ws/rs/jsr311-api/1.1.1/jsr311-api-1.1.1.jar:/home/user/.m2/repository/com/sun/jersey/jersey-server/1.19/jersey-server-1.19.jar:/home/user/.m2/repository/javax/servlet/javax.servlet-api/3.1.0/javax.servlet-api-3.1.0.jar:/home/user/.m2/repository/org/eclipse/jetty/jetty-server/9.3.25.v20180904/jetty-server-9.3.25.v20180904.jar:/home/user/.m2/repository/org/eclipse/jetty/jetty-http/9.3.25.v20180904/jetty-http-9.3.25.v20180904.jar:/home/user/.m2/repository/org/eclipse/jetty/jetty-io/9.3.25.v20180904/jetty-io-9.3.25.v20180904.jar:/home/user/.m2/repository/org/eclipse/jetty/jetty-webapp/9.3.25.v20180904/jetty-webapp-9.3.25.v20180904.jar:/home/user/.m2/repository/org/eclipse/jetty/jetty-xml/9.3.25.v20180904/jetty-xml-9.3.25.v20180904.jar:/home/user/.m2/repository/log4j/log4j/1.2.17/log4j-1.2.17.jar:/home/user/.m2/repository/org/slf4j/slf4j-api/1.7.25/slf4j-api-1.7.25.jar:/home/user/.m2/repository/org/slf4j/jul-to-slf4j/1.7.25/jul-to-slf4j-1.7.25.jar:/home/user/.m2/repository/org/eclipse/jetty/jetty-util/9.3.25.v20180904/jetty-util-9.3.25.v20180904.jar:/home/user/.m2/repository/com/fasterxml/jackson/core/jackson-databind/2.9.9/jackson-databind-2.9.9.jar:/home/user/.m2/repository/org/apache/hadoop/hadoop-kms/3.2.0/hadoop-kms-3.2.0-tests.jar:/home/user/.m2/repository/org/apache/hadoop/hadoop-hdds-server-scm/0.5.0-SNAPSHOT/hadoop-hdds-server-scm-0.5.0-SNAPSHOT-tests.jar:/home/user/.m2/repository/org/apache/hadoop/hadoop-hdds-container-service/0.5.0-SNAPSHOT/hadoop-hdds-container-service-0.5.0-SNAPSHOT-tests.jar:/home/user/.m2/repository/org/yaml/snakeyaml/1.16/snakeyaml-1.16.jar:/home/user/.m2/repository/org/apache/hadoop/hadoop-common/3.2.0/hadoop-common-3.2.0-tests.jar:/home/user/.m2/repository/org/apache/hadoop/hadoop-annotations/3.2.0/hadoop-annotations-3.2.0.jar:/usr/lib/jvm/java-1.8.0-openjdk-1.8.0.222.b10-1.el7_7.x86_64/jre/../lib/tools.jar:/home/user/.m2/repository/commons-cli/commons-cli/1.2/commons-cli-1.2.jar:/home/user/.m2/repository/org/apache/httpcomponents/httpclient/4.5.2/httpclient-4.5.2.jar:/home/user/.m2/repository/org/apache/httpcomponents/httpcore/4.4.4/httpcore-4.4.4.jar:/home/user/.m2/repository/commons-codec/commons-codec/1.11/commons-codec-1.11.jar:/home/user/.m2/repository/commons-net/commons-net/3.6/commons-net-3.6.jar:/home/user/.m2/repository/commons-collections/commons-collections/3.2.2/commons-collections-3.2.2.jar:/home/user/.m2/repository/org/eclipse/jetty/jetty-servlet/9.3.25.v20180904/jetty-servlet-9.3.25.v20180904.jar:/home/user/.m2/repository/org/eclipse/jetty/jetty-security/9.3.25.v20180904/jetty-security-9.3.25.v20180904.jar:/home/user/.m2/repository/javax/servlet/jsp/jsp-api/2.1/jsp-api-2.1.jar:/home/user/.m2/repository/com/sun/jersey/jersey-servlet/1.19/jersey-servlet-1.19.jar:/home/user/.m2/repository/com/sun/jersey/jersey-json/1.19/jersey-json-1.19.jar:/home/user/.m2/repository/org/codehaus/jettison/jettison/1.1/jettison-1.1.jar:/home/user/.m2/repository/org/codehaus/jackson/jackson-core-asl/1.9.13/jackson-core-asl-1.9.13.jar:/home/user/.m2/repository/org/codehaus/jackson/jackson-mapper-asl/1.9.13/jackson-mapper-asl-1.9.13.jar:/home/user/.m2/repository/org/codehaus/jackson/jackson-jaxrs/1.9.13/jackson-jaxrs-1.9.13.jar:/home/user/.m2/repository/org/codehaus/jackson/jackson-xc/1.9.13/jackson-xc-1.9.13.jar:/home/user/.m2/repository/commons-logging/commons-logging/1.1.3/commons-logging-1.1.3.jar:/home/user/.m2/repository/commons-beanutils/commons-beanutils/1.9.4/commons-beanutils-1.9.4.jar:/home/user/.m2/repository/org/apache/commons/commons-configuration2/2.1.1/commons-configuration2-2.1.1.jar:/home/user/.m2/repository/org/apache/commons/commons-lang3/3.7/commons-lang3-3.7.jar:/home/user/.m2/repository/org/apache/commons/commons-text/1.4/commons-text-1.4.jar:/home/user/.m2/repository/org/apache/avro/avro/1.7.7/avro-1.7.7.jar:/home/user/.m2/repository/com/thoughtworks/paranamer/paranamer/2.3/paranamer-2.3.jar:/home/user/.m2/repository/org/xerial/snappy/snappy-java/1.0.5/snappy-java-1.0.5.jar:/home/user/.m2/repository/com/google/re2j/re2j/1.1/re2j-1.1.jar:/home/user/.m2/repository/com/google/code/gson/gson/2.2.4/gson-2.2.4.jar:/home/user/.m2/repository/com/jcraft/jsch/0.1.54/jsch-0.1.54.jar:/home/user/.m2/repository/org/apache/curator/curator-client/2.12.0/curator-client-2.12.0.jar:/home/user/.m2/repository/org/apache/curator/curator-recipes/2.12.0/curator-recipes-2.12.0.jar:/home/user/.m2/repository/com/google/code/findbugs/jsr305/3.0.0/jsr305-3.0.0.jar:/home/user/.m2/repository/org/apache/htrace/htrace-core4/4.1.0-incubating/htrace-core4-4.1.0-incubating.jar:/home/user/.m2/repository/org/apache/zookeeper/zookeeper/3.4.13/zookeeper-3.4.13.jar:/home/user/.m2/repository/jline/jline/0.9.94/jline-0.9.94.jar:/home/user/.m2/repository/org/apache/yetus/audience-annotations/0.5.0/audience-annotations-0.5.0.jar:/home/user/.m2/repository/org/codehaus/woodstox/stax2-api/3.1.4/stax2-api-3.1.4.jar:/home/user/.m2/repository/com/fasterxml/woodstox/woodstox-core/5.0.3/woodstox-core-5.0.3.jar:/home/user/.m2/repository/dnsjava/dnsjava/2.1.7/dnsjava-2.1.7.jar:/home/user/.m2/repository/org/apache/hadoop/hadoop-hdfs/3.2.0/hadoop-hdfs-3.2.0-tests.jar:/home/user/.m2/repository/org/eclipse/jetty/jetty-util-ajax/9.3.25.v20180904/jetty-util-ajax-9.3.25.v20180904.jar:/home/user/.m2/repository/commons-daemon/commons-daemon/1.0.13/commons-daemon-1.0.13.jar:/home/user/.m2/repository/io/netty/netty/3.10.5.Final/netty-3.10.5.Final.jar:/home/user/.m2/repository/io/netty/netty-all/4.0.52.Final/netty-all-4.0.52.Final.jar:/home/user/.m2/repository/org/fusesource/leveldbjni/leveldbjni-all/1.8/leveldbjni-all-1.8.jar:"/>
    <property name="sun.cpu.endian" value="little"/>
    <property name="user.home" value="/home/user"/>
    <property name="user.language" value="en"/>
    <property name="java.specification.vendor" value="Oracle Corporation"/>
    <property name="java.home" value="/usr/lib/jvm/java-1.8.0-openjdk-1.8.0.222.b10-1.el7_7.x86_64/jre"/>
    <property name="surefire.excludesFile" value="/tools/ozone-bad-unit-tests"/>
    <property name="java.security.krb5.conf" value="/workdir/hadoop-ozone/integration-test/target/test-classes/krb5.conf"/>
    <property name="basedir" value="/workdir/hadoop-ozone/integration-test"/>
    <property name="file.separator" value="/"/>
    <property name="line.separator" value="&#10;"/>
    <property name="java.vm.specification.vendor" value="Oracle Corporation"/>
    <property name="java.specification.name" value="Java Platform API Specification"/>
    <property name="java.awt.graphicsenv" value="sun.awt.X11GraphicsEnvironment"/>
    <property name="surefire.real.class.path" value="/workdir/hadoop-ozone/integration-test/target/surefire/surefirebooter8359649455638959221.jar"/>
    <property name="hadoop.log.dir" value="/workdir/hadoop-ozone/integration-test/target/log"/>
    <property name="sun.boot.class.path" value="/usr/lib/jvm/java-1.8.0-openjdk-1.8.0.222.b10-1.el7_7.x86_64/jre/lib/resources.jar:/usr/lib/jvm/java-1.8.0-openjdk-1.8.0.222.b10-1.el7_7.x86_64/jre/lib/rt.jar:/usr/lib/jvm/java-1.8.0-openjdk-1.8.0.222.b10-1.el7_7.x86_64/jre/lib/sunrsasign.jar:/usr/lib/jvm/java-1.8.0-openjdk-1.8.0.222.b10-1.el7_7.x86_64/jre/lib/jsse.jar:/usr/lib/jvm/java-1.8.0-openjdk-1.8.0.222.b10-1.el7_7.x86_64/jre/lib/jce.jar:/usr/lib/jvm/java-1.8.0-openjdk-1.8.0.222.b10-1.el7_7.x86_64/jre/lib/charsets.jar:/usr/lib/jvm/java-1.8.0-openjdk-1.8.0.222.b10-1.el7_7.x86_64/jre/lib/jfr.jar:/usr/lib/jvm/java-1.8.0-openjdk-1.8.0.222.b10-1.el7_7.x86_64/jre/classes"/>
    <property name="sun.management.compiler" value="HotSpot 64-Bit Tiered Compilers"/>
    <property name="java.runtime.version" value="1.8.0_222-b10"/>
    <property name="java.net.preferIPv4Stack" value="true"/>
    <property name="user.name" value="jenkins1000"/>
    <property name="path.separator" value=":"/>
    <property name="java.security.egd" value="file:///dev/urandom"/>
    <property name="os.version" value="3.10.0-957.12.2.el7.x86_64"/>
    <property name="java.endorsed.dirs" value="/usr/lib/jvm/java-1.8.0-openjdk-1.8.0.222.b10-1.el7_7.x86_64/jre/lib/endorsed"/>
    <property name="java.runtime.name" value="OpenJDK Runtime Environment"/>
    <property name="file.encoding" value="ANSI_X3.4-1968"/>
    <property name="java.vm.name" value="OpenJDK 64-Bit Server VM"/>
    <property name="test.build.webapps" value=""/>
    <property name="localRepository" value="/home/user/.m2/repository"/>
    <property name="java.vendor.url.bug" value="http://bugreport.sun.com/bugreport/"/>
    <property name="java.io.tmpdir" value="/tmp"/>
    <property name="require.test.libhadoop" value=""/>
    <property name="java.version" value="1.8.0_222"/>
    <property name="user.dir" value="/workdir/hadoop-ozone/integration-test"/>
    <property name="os.arch" value="amd64"/>
    <property name="java.vm.specification.name" value="Java Virtual Machine Specification"/>
    <property name="test.build.classes" value="/workdir/hadoop-ozone/integration-test/target/test-classes"/>
    <property name="java.awt.printerjob" value="sun.print.PSPrinterJob"/>
    <property name="sun.os.patch.level" value="unknown"/>
    <property name="hadoop.tmp.dir" value="/workdir/hadoop-ozone/integration-test/target/tmp"/>
    <property name="java.library.path" value="/usr/lib:/workdir/hadoop-ozone/integration-test/target/native/target/usr/local/lib:/workdir/hadoop-ozone/integration-test/../../hadoop-common-project/hadoop-common/target/native/target/usr/local/lib:/usr/java/packages/lib/amd64:/usr/lib64:/lib64:/lib:/usr/lib"/>
    <property name="java.vm.info" value="mixed mode"/>
    <property name="java.vendor" value="Oracle Corporation"/>
    <property name="java.vm.version" value="25.222-b10"/>
    <property name="java.ext.dirs" value="/usr/lib/jvm/java-1.8.0-openjdk-1.8.0.222.b10-1.el7_7.x86_64/jre/lib/ext:/usr/java/packages/lib/ext"/>
    <property name="sun.io.unicode.encoding" value="UnicodeLittle"/>
    <property name="java.class.version" value="52.0"/>
  </properties>
  <testcase name="testDeleteKeyWithSlowFollower" classname="org.apache.hadoop.ozone.client.rpc.TestDeleteWithSlowFollower" time="112.055">
    <failure type="java.lang.AssertionError">java.lang.AssertionError
	at org.junit.Assert.fail(Assert.java:86)
	at org.junit.Assert.assertTrue(Assert.java:41)
	at org.junit.Assert.assertTrue(Assert.java:52)
	at org.apache.hadoop.ozone.client.rpc.TestDeleteWithSlowFollower.testDeleteKeyWithSlowFollower(TestDeleteWithSlowFollower.java:265)
	at sun.reflect.NativeMethodAccessorImpl.invoke0(Native Method)
	at sun.reflect.NativeMethodAccessorImpl.invoke(NativeMethodAccessorImpl.java:62)
	at sun.reflect.DelegatingMethodAccessorImpl.invoke(DelegatingMethodAccessorImpl.java:43)
	at java.lang.reflect.Method.invoke(Method.java:498)
	at org.junit.runners.model.FrameworkMethod$1.runReflectiveCall(FrameworkMethod.java:47)
	at org.junit.internal.runners.model.ReflectiveCallable.run(ReflectiveCallable.java:12)
	at org.junit.runners.model.FrameworkMethod.invokeExplosively(FrameworkMethod.java:44)
	at org.junit.internal.runners.statements.InvokeMethod.evaluate(InvokeMethod.java:17)
	at org.junit.runners.ParentRunner.runLeaf(ParentRunner.java:271)
	at org.junit.runners.BlockJUnit4ClassRunner.runChild(BlockJUnit4ClassRunner.java:70)
	at org.junit.runners.BlockJUnit4ClassRunner.runChild(BlockJUnit4ClassRunner.java:50)
	at org.junit.runners.ParentRunner$3.run(ParentRunner.java:238)
	at org.junit.runners.ParentRunner$1.schedule(ParentRunner.java:63)
	at org.junit.runners.ParentRunner.runChildren(ParentRunner.java:236)
	at org.junit.runners.ParentRunner.access$000(ParentRunner.java:53)
	at org.junit.runners.ParentRunner$2.evaluate(ParentRunner.java:229)
	at org.junit.internal.runners.statements.RunBefores.evaluate(RunBefores.java:26)
	at org.junit.internal.runners.statements.RunAfters.evaluate(RunAfters.java:27)
	at org.junit.runners.ParentRunner.run(ParentRunner.java:309)
	at org.apache.maven.surefire.junit4.JUnit4Provider.execute(JUnit4Provider.java:365)
	at org.apache.maven.surefire.junit4.JUnit4Provider.executeWithRerun(JUnit4Provider.java:273)
	at org.apache.maven.surefire.junit4.JUnit4Provider.executeTestSet(JUnit4Provider.java:238)
	at org.apache.maven.surefire.junit4.JUnit4Provider.invoke(JUnit4Provider.java:159)
	at org.apache.maven.surefire.booter.ForkedBooter.invokeProviderInSameClassLoader(ForkedBooter.java:384)
	at org.apache.maven.surefire.booter.ForkedBooter.runSuitesInProcess(ForkedBooter.java:345)
	at org.apache.maven.surefire.booter.ForkedBooter.execute(ForkedBooter.java:126)
	at org.apache.maven.surefire.booter.ForkedBooter.main(ForkedBooter.java:418)
</failure>
    <system-out><![CDATA[2019-10-15 15:54:17,498 [main] WARN  server.ServerUtils (ServerUtils.java:getScmDbDir(145)) - ozone.scm.db.dirs is not configured. We recommend adding this setting. Falling back to ozone.metadata.dirs instead.
2019-10-15 15:54:17,676 [main] WARN  server.ServerUtils (ServerUtils.java:getScmDbDir(145)) - ozone.scm.db.dirs is not configured. We recommend adding this setting. Falling back to ozone.metadata.dirs instead.
2019-10-15 15:54:17,680 [main] WARN  server.ServerUtils (ServerUtils.java:getScmDbDir(145)) - ozone.scm.db.dirs is not configured. We recommend adding this setting. Falling back to ozone.metadata.dirs instead.
2019-10-15 15:54:17,710 [main] INFO  util.log (Log.java:initialized(192)) - Logging initialized @876ms
2019-10-15 15:54:17,811 [main] INFO  db.DBStoreBuilder (DBStoreBuilder.java:addTable(117)) - using custom profile for table: deletedBlocks
2019-10-15 15:54:17,812 [main] INFO  db.DBStoreBuilder (DBStoreBuilder.java:processTables(168)) - Using default column profile:DBProfile.DISK for Table:deletedBlocks
2019-10-15 15:54:17,812 [main] INFO  db.DBStoreBuilder (DBStoreBuilder.java:addTable(117)) - using custom profile for table: validCerts
2019-10-15 15:54:17,813 [main] INFO  db.DBStoreBuilder (DBStoreBuilder.java:processTables(168)) - Using default column profile:DBProfile.DISK for Table:validCerts
2019-10-15 15:54:17,813 [main] INFO  db.DBStoreBuilder (DBStoreBuilder.java:addTable(117)) - using custom profile for table: revokedCerts
2019-10-15 15:54:17,813 [main] INFO  db.DBStoreBuilder (DBStoreBuilder.java:processTables(168)) - Using default column profile:DBProfile.DISK for Table:revokedCerts
2019-10-15 15:54:17,829 [main] INFO  db.DBStoreBuilder (DBStoreBuilder.java:addTable(117)) - using custom profile for table: default
2019-10-15 15:54:17,830 [main] INFO  db.DBStoreBuilder (DBStoreBuilder.java:processTables(174)) - Using default column profile:DBProfile.DISK for Table:default
2019-10-15 15:54:17,832 [main] INFO  db.DBStoreBuilder (DBStoreBuilder.java:getDbProfile(205)) - Using default options. DBProfile.DISK
2019-10-15 15:54:18,076 [main] INFO  net.NodeSchemaLoader (NodeSchemaLoader.java:loadSchemaFromFile(125)) - Loading file from sun.misc.CompoundEnumeration@74235045
2019-10-15 15:54:18,077 [main] INFO  net.NodeSchemaLoader (NodeSchemaLoader.java:loadSchema(171)) - Loading network topology layer schema file
2019-10-15 15:54:18,131 [main] WARN  server.ServerUtils (ServerUtils.java:sanitizeUserArgs(70)) - ozone.scm.stale.node.interval value = 1000000 is larger than max = 100000 based on the key value of ozone.scm.heartbeat.thread.interval, reset to the max value 100000.
2019-10-15 15:54:18,133 [main] WARN  server.ServerUtils (ServerUtils.java:sanitizeUserArgs(70)) - ozone.scm.stale.node.interval value = 1000000 is larger than max = 100000 based on the key value of ozone.scm.heartbeat.thread.interval, reset to the max value 100000.
2019-10-15 15:54:18,136 [main] INFO  node.SCMNodeManager (SCMNodeManager.java:<init>(116)) - Entering startup safe mode.
2019-10-15 15:54:18,198 [main] INFO  algorithms.ContainerPlacementPolicyFactory (ContainerPlacementPolicyFactory.java:getPolicy(57)) - Create container placement policy of type org.apache.hadoop.hdds.scm.container.placement.algorithms.SCMContainerPlacementRandom
2019-10-15 15:54:18,211 [main] WARN  server.ServerUtils (ServerUtils.java:getScmDbDir(145)) - ozone.scm.db.dirs is not configured. We recommend adding this setting. Falling back to ozone.metadata.dirs instead.
2019-10-15 15:54:18,288 [main] INFO  pipeline.SCMPipelineManager (SCMPipelineManager.java:initializePipelineState(132)) - No pipeline exists in current db
2019-10-15 15:54:18,291 [main] WARN  server.ServerUtils (ServerUtils.java:getScmDbDir(145)) - ozone.scm.db.dirs is not configured. We recommend adding this setting. Falling back to ozone.metadata.dirs instead.
2019-10-15 15:54:18,411 [main] WARN  events.EventQueue (EventQueue.java:fireEvent(183)) - No event handler registered for event TypedEvent{payloadType=SafeModeStatus, name='SafeModeStatus'}
2019-10-15 15:54:18,763 [main] INFO  ipc.CallQueueManager (CallQueueManager.java:<init>(84)) - Using callQueue: class java.util.concurrent.LinkedBlockingQueue, queueCapacity: 2000, scheduler: class org.apache.hadoop.ipc.DefaultRpcScheduler, ipcBackoff: false.
2019-10-15 15:54:18,863 [Socket Reader #1 for port 44313] INFO  ipc.Server (Server.java:run(1074)) - Starting Socket Reader #1 for port 44313
2019-10-15 15:54:18,891 [main] INFO  ipc.CallQueueManager (CallQueueManager.java:<init>(84)) - Using callQueue: class java.util.concurrent.LinkedBlockingQueue, queueCapacity: 2000, scheduler: class org.apache.hadoop.ipc.DefaultRpcScheduler, ipcBackoff: false.
2019-10-15 15:54:18,892 [Socket Reader #1 for port 36984] INFO  ipc.Server (Server.java:run(1074)) - Starting Socket Reader #1 for port 36984
2019-10-15 15:54:18,900 [main] INFO  ipc.CallQueueManager (CallQueueManager.java:<init>(84)) - Using callQueue: class java.util.concurrent.LinkedBlockingQueue, queueCapacity: 2000, scheduler: class org.apache.hadoop.ipc.DefaultRpcScheduler, ipcBackoff: false.
2019-10-15 15:54:18,901 [Socket Reader #1 for port 42804] INFO  ipc.Server (Server.java:run(1074)) - Starting Socket Reader #1 for port 42804
2019-10-15 15:54:18,923 [main] INFO  hdfs.DFSUtil (DFSUtil.java:httpServerTemplateForNNAndJN(1641)) - Starting Web-server for scm at: http://0.0.0.0:0
2019-10-15 15:54:19,073 [main] INFO  server.AuthenticationFilter (AuthenticationFilter.java:constructSecretProvider(240)) - Unable to initialize FileSignerSecretProvider, falling back to use random secrets.
2019-10-15 15:54:19,083 [main] WARN  http.HttpRequestLog (HttpRequestLog.java:getRequestLog(97)) - Jetty request log can only be enabled using Log4j
2019-10-15 15:54:19,091 [main] INFO  http.HttpServer2 (HttpServer2.java:addGlobalFilter(975)) - Added global filter 'safety' (class=org.apache.hadoop.http.HttpServer2$QuotingInputFilter)
2019-10-15 15:54:19,094 [main] INFO  http.HttpServer2 (HttpServer2.java:addFilter(948)) - Added filter static_user_filter (class=org.apache.hadoop.http.lib.StaticUserWebFilter$StaticUserFilter) to context scm
2019-10-15 15:54:19,094 [main] INFO  http.HttpServer2 (HttpServer2.java:addFilter(958)) - Added filter static_user_filter (class=org.apache.hadoop.http.lib.StaticUserWebFilter$StaticUserFilter) to context logs
2019-10-15 15:54:19,094 [main] INFO  http.HttpServer2 (HttpServer2.java:addFilter(958)) - Added filter static_user_filter (class=org.apache.hadoop.http.lib.StaticUserWebFilter$StaticUserFilter) to context static
2019-10-15 15:54:19,126 [main] INFO  server.StorageContainerManager (StorageContainerManager.java:start(772)) - StorageContainerLocationProtocol RPC server is listening at /0.0.0.0:42804
2019-10-15 15:54:19,192 [main] WARN  impl.MetricsConfig (MetricsConfig.java:loadFirst(134)) - Cannot locate configuration: tried hadoop-metrics2-storagecontainermanager.properties,hadoop-metrics2.properties
2019-10-15 15:54:19,206 [main] INFO  impl.MetricsSystemImpl (MetricsSystemImpl.java:startTimer(374)) - Scheduled Metric snapshot period at 10 second(s).
2019-10-15 15:54:19,206 [main] INFO  impl.MetricsSystemImpl (MetricsSystemImpl.java:start(191)) - StorageContainerManager metrics system started
2019-10-15 15:54:19,435 [main] INFO  server.SCMClientProtocolServer (SCMClientProtocolServer.java:start(159)) - RPC server for Client  is listening at /0.0.0.0:42804
2019-10-15 15:54:19,435 [IPC Server Responder] INFO  ipc.Server (Server.java:run(1314)) - IPC Server Responder: starting
2019-10-15 15:54:19,435 [IPC Server listener on 42804] INFO  ipc.Server (Server.java:run(1153)) - IPC Server listener on 42804: starting
2019-10-15 15:54:19,438 [main] INFO  server.StorageContainerManager (StorageContainerManager.java:start(782)) - ScmBlockLocationProtocol RPC server is listening at /0.0.0.0:36984
2019-10-15 15:54:19,439 [main] INFO  server.SCMBlockProtocolServer (SCMBlockProtocolServer.java:start(146)) - RPC server for Block Protocol is listening at /0.0.0.0:36984
2019-10-15 15:54:19,439 [IPC Server listener on 36984] INFO  ipc.Server (Server.java:run(1153)) - IPC Server listener on 36984: starting
2019-10-15 15:54:19,440 [IPC Server Responder] INFO  ipc.Server (Server.java:run(1314)) - IPC Server Responder: starting
2019-10-15 15:54:19,442 [main] INFO  server.StorageContainerManager (StorageContainerManager.java:start(786)) - ScmDatanodeProtocl RPC server is listening at /0.0.0.0:44313
2019-10-15 15:54:19,442 [main] INFO  server.SCMDatanodeProtocolServer (SCMDatanodeProtocolServer.java:start(169)) - RPC server for DataNodes is listening at /0.0.0.0:44313
2019-10-15 15:54:19,443 [IPC Server Responder] INFO  ipc.Server (Server.java:run(1314)) - IPC Server Responder: starting
2019-10-15 15:54:19,443 [IPC Server listener on 44313] INFO  ipc.Server (Server.java:run(1153)) - IPC Server listener on 44313: starting
2019-10-15 15:54:19,447 [main] INFO  http.HttpServer2 (HttpServer2.java:bindListener(1191)) - Jetty bound to port 46041
2019-10-15 15:54:19,449 [main] INFO  server.Server (Server.java:doStart(351)) - jetty-9.3.25.v20180904, build timestamp: 2018-09-04T21:11:46Z, git hash: 3ce520221d0240229c862b122d2b06c12a625732
2019-10-15 15:54:19,486 [main] INFO  handler.ContextHandler (ContextHandler.java:doStart(781)) - Started o.e.j.s.ServletContextHandler@42f8285e{/logs,file:///workdir/hadoop-ozone/integration-test/target/log,AVAILABLE}
2019-10-15 15:54:19,487 [main] INFO  handler.ContextHandler (ContextHandler.java:doStart(781)) - Started o.e.j.s.ServletContextHandler@3724af13{/static,file:///workdir/hadoop-ozone/integration-test/target/test-classes/webapps/static,AVAILABLE}
2019-10-15 15:54:19,520 [main] INFO  handler.ContextHandler (ContextHandler.java:doStart(781)) - Started o.e.j.w.WebAppContext@24a1c17f{/,file:///workdir/hadoop-ozone/integration-test/target/test-classes/webapps/scm/,AVAILABLE}{/scm}
2019-10-15 15:54:19,526 [main] INFO  server.AbstractConnector (AbstractConnector.java:doStart(278)) - Started ServerConnector@4d63b624{HTTP/1.1,[http/1.1]}{0.0.0.0:46041}
2019-10-15 15:54:19,526 [main] INFO  server.Server (Server.java:doStart(419)) - Started @2692ms
2019-10-15 15:54:19,529 [main] INFO  impl.MetricsSinkAdapter (MetricsSinkAdapter.java:start(204)) - Sink prometheus started
2019-10-15 15:54:19,529 [main] INFO  impl.MetricsSystemImpl (MetricsSystemImpl.java:registerSink(301)) - Registered sink prometheus
2019-10-15 15:54:19,530 [main] INFO  server.BaseHttpServer (BaseHttpServer.java:updateConnectorAddress(215)) - HTTP server of SCM is listening at http://0.0.0.0:46041
2019-10-15 15:54:19,535 [org.apache.hadoop.util.JvmPauseMonitor$Monitor@4b629f13] INFO  util.JvmPauseMonitor (JvmPauseMonitor.java:run(188)) - Starting JVM pause monitor
2019-10-15 15:54:19,538 [main] WARN  server.ServerUtils (ServerUtils.java:getDBPath(222)) - ozone.om.db.dirs is not configured. We recommend adding this setting. Falling back to ozone.metadata.dirs instead.
2019-10-15 15:54:19,631 [main] INFO  ha.OMHANodeDetails (OMHANodeDetails.java:loadOMHAConfig(190)) - Configuration either no ozone.om.address set. Falling back to the default OM address /127.0.0.1:0
2019-10-15 15:54:19,632 [main] INFO  ha.OMHANodeDetails (OMHANodeDetails.java:getOMNodeDetails(220)) - OM Service ID is not set. Setting it to the default ID: omServiceIdDefault
2019-10-15 15:54:19,633 [main] WARN  server.ServerUtils (ServerUtils.java:getDBPath(222)) - ozone.om.db.dirs is not configured. We recommend adding this setting. Falling back to ozone.metadata.dirs instead.
2019-10-15 15:54:19,634 [main] WARN  server.ServerUtils (ServerUtils.java:getDBPath(222)) - ozone.om.db.dirs is not configured. We recommend adding this setting. Falling back to ozone.metadata.dirs instead.
2019-10-15 15:54:20,211 [main] WARN  server.ServerUtils (ServerUtils.java:getDBPath(222)) - ozone.om.db.dirs is not configured. We recommend adding this setting. Falling back to ozone.metadata.dirs instead.
2019-10-15 15:54:20,219 [main] INFO  db.DBStoreBuilder (DBStoreBuilder.java:addTable(117)) - using custom profile for table: userTable
2019-10-15 15:54:20,220 [main] INFO  db.DBStoreBuilder (DBStoreBuilder.java:processTables(168)) - Using default column profile:DBProfile.DISK for Table:userTable
2019-10-15 15:54:20,220 [main] INFO  db.DBStoreBuilder (DBStoreBuilder.java:addTable(117)) - using custom profile for table: volumeTable
2019-10-15 15:54:20,220 [main] INFO  db.DBStoreBuilder (DBStoreBuilder.java:processTables(168)) - Using default column profile:DBProfile.DISK for Table:volumeTable
2019-10-15 15:54:20,220 [main] INFO  db.DBStoreBuilder (DBStoreBuilder.java:addTable(117)) - using custom profile for table: bucketTable
2019-10-15 15:54:20,221 [main] INFO  db.DBStoreBuilder (DBStoreBuilder.java:processTables(168)) - Using default column profile:DBProfile.DISK for Table:bucketTable
2019-10-15 15:54:20,221 [main] INFO  db.DBStoreBuilder (DBStoreBuilder.java:addTable(117)) - using custom profile for table: keyTable
2019-10-15 15:54:20,221 [main] INFO  db.DBStoreBuilder (DBStoreBuilder.java:processTables(168)) - Using default column profile:DBProfile.DISK for Table:keyTable
2019-10-15 15:54:20,221 [main] INFO  db.DBStoreBuilder (DBStoreBuilder.java:addTable(117)) - using custom profile for table: deletedTable
2019-10-15 15:54:20,221 [main] INFO  db.DBStoreBuilder (DBStoreBuilder.java:processTables(168)) - Using default column profile:DBProfile.DISK for Table:deletedTable
2019-10-15 15:54:20,222 [main] INFO  db.DBStoreBuilder (DBStoreBuilder.java:addTable(117)) - using custom profile for table: openKeyTable
2019-10-15 15:54:20,222 [main] INFO  db.DBStoreBuilder (DBStoreBuilder.java:processTables(168)) - Using default column profile:DBProfile.DISK for Table:openKeyTable
2019-10-15 15:54:20,222 [main] INFO  db.DBStoreBuilder (DBStoreBuilder.java:addTable(117)) - using custom profile for table: s3Table
2019-10-15 15:54:20,222 [main] INFO  db.DBStoreBuilder (DBStoreBuilder.java:processTables(168)) - Using default column profile:DBProfile.DISK for Table:s3Table
2019-10-15 15:54:20,223 [main] INFO  db.DBStoreBuilder (DBStoreBuilder.java:addTable(117)) - using custom profile for table: multipartInfoTable
2019-10-15 15:54:20,223 [main] INFO  db.DBStoreBuilder (DBStoreBuilder.java:processTables(168)) - Using default column profile:DBProfile.DISK for Table:multipartInfoTable
2019-10-15 15:54:20,223 [main] INFO  db.DBStoreBuilder (DBStoreBuilder.java:addTable(117)) - using custom profile for table: dTokenTable
2019-10-15 15:54:20,223 [main] INFO  db.DBStoreBuilder (DBStoreBuilder.java:processTables(168)) - Using default column profile:DBProfile.DISK for Table:dTokenTable
2019-10-15 15:54:20,223 [main] INFO  db.DBStoreBuilder (DBStoreBuilder.java:addTable(117)) - using custom profile for table: s3SecretTable
2019-10-15 15:54:20,224 [main] INFO  db.DBStoreBuilder (DBStoreBuilder.java:processTables(168)) - Using default column profile:DBProfile.DISK for Table:s3SecretTable
2019-10-15 15:54:20,224 [main] INFO  db.DBStoreBuilder (DBStoreBuilder.java:addTable(117)) - using custom profile for table: prefixTable
2019-10-15 15:54:20,224 [main] INFO  db.DBStoreBuilder (DBStoreBuilder.java:processTables(168)) - Using default column profile:DBProfile.DISK for Table:prefixTable
2019-10-15 15:54:20,224 [main] INFO  db.DBStoreBuilder (DBStoreBuilder.java:addTable(117)) - using custom profile for table: default
2019-10-15 15:54:20,224 [main] INFO  db.DBStoreBuilder (DBStoreBuilder.java:processTables(174)) - Using default column profile:DBProfile.DISK for Table:default
2019-10-15 15:54:20,225 [main] INFO  db.DBStoreBuilder (DBStoreBuilder.java:getDbProfile(205)) - Using default options. DBProfile.DISK
2019-10-15 15:54:20,717 [main] INFO  ipc.CallQueueManager (CallQueueManager.java:<init>(84)) - Using callQueue: class java.util.concurrent.LinkedBlockingQueue, queueCapacity: 2000, scheduler: class org.apache.hadoop.ipc.DefaultRpcScheduler, ipcBackoff: false.
2019-10-15 15:54:20,718 [Socket Reader #1 for port 38351] INFO  ipc.Server (Server.java:run(1074)) - Starting Socket Reader #1 for port 38351
2019-10-15 15:54:20,738 [main] INFO  om.OzoneManager (OzoneManager.java:start(1071)) - OzoneManager RPC server is listening at localhost/127.0.0.1:38351
2019-10-15 15:54:20,738 [main] INFO  impl.MetricsSystemImpl (MetricsSystemImpl.java:init(158)) - OzoneManager metrics system started (again)
2019-10-15 15:54:20,745 [IPC Server Responder] INFO  ipc.Server (Server.java:run(1314)) - IPC Server Responder: starting
2019-10-15 15:54:20,746 [IPC Server listener on 38351] INFO  ipc.Server (Server.java:run(1153)) - IPC Server listener on 38351: starting
2019-10-15 15:54:20,750 [main] INFO  hdfs.DFSUtil (DFSUtil.java:httpServerTemplateForNNAndJN(1641)) - Starting Web-server for ozoneManager at: http://0.0.0.0:0
2019-10-15 15:54:20,752 [main] INFO  server.AuthenticationFilter (AuthenticationFilter.java:constructSecretProvider(240)) - Unable to initialize FileSignerSecretProvider, falling back to use random secrets.
2019-10-15 15:54:20,752 [main] WARN  http.HttpRequestLog (HttpRequestLog.java:getRequestLog(97)) - Jetty request log can only be enabled using Log4j
2019-10-15 15:54:20,755 [main] INFO  http.HttpServer2 (HttpServer2.java:addGlobalFilter(975)) - Added global filter 'safety' (class=org.apache.hadoop.http.HttpServer2$QuotingInputFilter)
2019-10-15 15:54:20,756 [main] INFO  http.HttpServer2 (HttpServer2.java:addFilter(948)) - Added filter static_user_filter (class=org.apache.hadoop.http.lib.StaticUserWebFilter$StaticUserFilter) to context ozoneManager
2019-10-15 15:54:20,756 [main] INFO  http.HttpServer2 (HttpServer2.java:addFilter(958)) - Added filter static_user_filter (class=org.apache.hadoop.http.lib.StaticUserWebFilter$StaticUserFilter) to context static
2019-10-15 15:54:20,756 [main] INFO  http.HttpServer2 (HttpServer2.java:addFilter(958)) - Added filter static_user_filter (class=org.apache.hadoop.http.lib.StaticUserWebFilter$StaticUserFilter) to context logs
2019-10-15 15:54:20,759 [main] INFO  http.HttpServer2 (HttpServer2.java:bindListener(1191)) - Jetty bound to port 41511
2019-10-15 15:54:20,759 [main] INFO  server.Server (Server.java:doStart(351)) - jetty-9.3.25.v20180904, build timestamp: 2018-09-04T21:11:46Z, git hash: 3ce520221d0240229c862b122d2b06c12a625732
2019-10-15 15:54:20,761 [main] INFO  handler.ContextHandler (ContextHandler.java:doStart(781)) - Started o.e.j.s.ServletContextHandler@aa10649{/logs,file:///workdir/hadoop-ozone/integration-test/target/log,AVAILABLE}
2019-10-15 15:54:20,762 [main] INFO  handler.ContextHandler (ContextHandler.java:doStart(781)) - Started o.e.j.s.ServletContextHandler@37095ded{/static,file:///workdir/hadoop-ozone/integration-test/target/test-classes/webapps/static,AVAILABLE}
2019-10-15 15:54:20,772 [main] INFO  handler.ContextHandler (ContextHandler.java:doStart(781)) - Started o.e.j.w.WebAppContext@75b3673{/,file:///workdir/hadoop-ozone/integration-test/target/test-classes/webapps/ozoneManager/,AVAILABLE}{/ozoneManager}
2019-10-15 15:54:20,772 [main] INFO  server.AbstractConnector (AbstractConnector.java:doStart(278)) - Started ServerConnector@1bcb79c2{HTTP/1.1,[http/1.1]}{0.0.0.0:41511}
2019-10-15 15:54:20,773 [main] INFO  server.Server (Server.java:doStart(419)) - Started @3939ms
2019-10-15 15:54:20,773 [main] WARN  impl.MetricsSystemImpl (MetricsSystemImpl.java:register(276)) - Sink prometheus already exists!
2019-10-15 15:54:20,774 [main] INFO  server.BaseHttpServer (BaseHttpServer.java:updateConnectorAddress(215)) - HTTP server of OZONEMANAGER is listening at http://0.0.0.0:41511
2019-10-15 15:54:21,025 [main] INFO  impl.MetricsSystemImpl (MetricsSystemImpl.java:init(158)) - HddsDatanode metrics system started (again)
2019-10-15 15:54:21,070 [main] INFO  ozone.HddsDatanodeService (HddsDatanodeService.java:start(184)) - HddsDatanodeService host:dev-nightly-20191015-w4nf7-692592917 ip:192.168.69.88
2019-10-15 15:54:21,102 [main] INFO  volume.HddsVolume (HddsVolume.java:<init>(176)) - Creating Volume: /workdir/hadoop-ozone/integration-test/target/test-dir/MiniOzoneClusterImpl-2530a391-4f7b-47ef-8901-f981e4040dda/datanode-0/data/containers/hdds of  storage type : DISK and capacity : 1482555576320
2019-10-15 15:54:21,104 [main] INFO  volume.VolumeSet (VolumeSet.java:initializeVolumeSet(170)) - Added Volume : /workdir/hadoop-ozone/integration-test/target/test-dir/MiniOzoneClusterImpl-2530a391-4f7b-47ef-8901-f981e4040dda/datanode-0/data/containers/hdds to VolumeSet
2019-10-15 15:54:21,107 [main] INFO  volume.ThrottledAsyncChecker (ThrottledAsyncChecker.java:schedule(141)) - Scheduling a check for /workdir/hadoop-ozone/integration-test/target/test-dir/MiniOzoneClusterImpl-2530a391-4f7b-47ef-8901-f981e4040dda/datanode-0/data/containers/hdds
2019-10-15 15:54:21,123 [main] INFO  volume.HddsVolumeChecker (HddsVolumeChecker.java:checkAllVolumes(204)) - Scheduled health check for volume /workdir/hadoop-ozone/integration-test/target/test-dir/MiniOzoneClusterImpl-2530a391-4f7b-47ef-8901-f981e4040dda/datanode-0/data/containers/hdds
2019-10-15 15:54:21,232 [main] INFO  impl.RaftServerProxy (ConfUtils.java:logGet(43)) - raft.rpc.type = GRPC (default)
2019-10-15 15:54:21,297 [main] INFO  grpc.GrpcFactory (GrpcFactory.java:checkPooledByteBufAllocatorUseCacheForAllThreads(45)) - PERFORMANCE WARNING: useCacheForAllThreads is true that may cause Netty to create a lot garbage objects and, as a result, trigger GC.
	It is recommended to disable useCacheForAllThreads by setting -Dorg.apache.ratis.thirdparty.io.netty.allocator.useCacheForAllThreads=false in command line.
2019-10-15 15:54:21,302 [main] INFO  grpc.GrpcConfigKeys$Server (ConfUtils.java:logGet(43)) - raft.grpc.server.port = 0 (default)
2019-10-15 15:54:21,303 [main] INFO  server.GrpcService (ConfUtils.java:logGet(43)) - raft.grpc.message.size.max = 33570816 (custom)
2019-10-15 15:54:21,305 [main] INFO  server.RaftServerConfigKeys (ConfUtils.java:logGet(43)) - raft.server.log.appender.buffer.byte-limit = 33554432 (custom)
2019-10-15 15:54:21,306 [main] INFO  server.GrpcService (ConfUtils.java:logGet(43)) - raft.grpc.flow.control.window = 1MB (=1048576) (default)
2019-10-15 15:54:21,308 [main] INFO  server.RaftServerConfigKeys (ConfUtils.java:logGet(43)) - raft.server.rpc.request.timeout = 3000ms (default)
2019-10-15 15:54:21,469 [main] INFO  server.RaftServerConfigKeys (ConfUtils.java:logGet(43)) - raft.server.storage.dir = [/workdir/hadoop-ozone/integration-test/target/test-dir/MiniOzoneClusterImpl-2530a391-4f7b-47ef-8901-f981e4040dda/datanode-0/data/ratis] (custom)
2019-10-15 15:54:21,521 [main] INFO  hdfs.DFSUtil (DFSUtil.java:httpServerTemplateForNNAndJN(1641)) - Starting Web-server for hddsDatanode at: http://0.0.0.0:0
2019-10-15 15:54:21,523 [main] INFO  server.AuthenticationFilter (AuthenticationFilter.java:constructSecretProvider(240)) - Unable to initialize FileSignerSecretProvider, falling back to use random secrets.
2019-10-15 15:54:21,524 [main] WARN  http.HttpRequestLog (HttpRequestLog.java:getRequestLog(97)) - Jetty request log can only be enabled using Log4j
2019-10-15 15:54:21,526 [main] INFO  http.HttpServer2 (HttpServer2.java:addGlobalFilter(975)) - Added global filter 'safety' (class=org.apache.hadoop.http.HttpServer2$QuotingInputFilter)
2019-10-15 15:54:21,526 [main] INFO  http.HttpServer2 (HttpServer2.java:addFilter(948)) - Added filter static_user_filter (class=org.apache.hadoop.http.lib.StaticUserWebFilter$StaticUserFilter) to context hddsDatanode
2019-10-15 15:54:21,526 [main] INFO  http.HttpServer2 (HttpServer2.java:addFilter(958)) - Added filter static_user_filter (class=org.apache.hadoop.http.lib.StaticUserWebFilter$StaticUserFilter) to context logs
2019-10-15 15:54:21,527 [main] INFO  http.HttpServer2 (HttpServer2.java:addFilter(958)) - Added filter static_user_filter (class=org.apache.hadoop.http.lib.StaticUserWebFilter$StaticUserFilter) to context static
2019-10-15 15:54:21,528 [main] INFO  http.HttpServer2 (HttpServer2.java:bindListener(1191)) - Jetty bound to port 44471
2019-10-15 15:54:21,528 [main] INFO  server.Server (Server.java:doStart(351)) - jetty-9.3.25.v20180904, build timestamp: 2018-09-04T21:11:46Z, git hash: 3ce520221d0240229c862b122d2b06c12a625732
2019-10-15 15:54:21,530 [main] INFO  handler.ContextHandler (ContextHandler.java:doStart(781)) - Started o.e.j.s.ServletContextHandler@60cf62ad{/logs,file:///workdir/hadoop-ozone/integration-test/target/log,AVAILABLE}
2019-10-15 15:54:21,531 [main] INFO  handler.ContextHandler (ContextHandler.java:doStart(781)) - Started o.e.j.s.ServletContextHandler@1ac4ccad{/static,jar:file:/home/user/.m2/repository/org/apache/hadoop/hadoop-hdds-container-service/0.5.0-SNAPSHOT/hadoop-hdds-container-service-0.5.0-SNAPSHOT.jar!/webapps/static,AVAILABLE}
2019-10-15 15:54:21,566 [main] INFO  handler.ContextHandler (ContextHandler.java:doStart(781)) - Started o.e.j.w.WebAppContext@de8039f{/,file:///tmp/jetty-0.0.0.0-44471-hddsDatanode-_-any-2577858808370504232.dir/webapp/,AVAILABLE}{/hddsDatanode}
2019-10-15 15:54:21,567 [main] INFO  server.AbstractConnector (AbstractConnector.java:doStart(278)) - Started ServerConnector@1deceb67{HTTP/1.1,[http/1.1]}{0.0.0.0:44471}
2019-10-15 15:54:21,568 [main] INFO  server.Server (Server.java:doStart(419)) - Started @4734ms
2019-10-15 15:54:21,568 [main] WARN  impl.MetricsSystemImpl (MetricsSystemImpl.java:register(276)) - Sink prometheus already exists!
2019-10-15 15:54:21,569 [main] INFO  server.BaseHttpServer (BaseHttpServer.java:updateConnectorAddress(215)) - HTTP server of HDDSDATANODE is listening at http://0.0.0.0:44471
2019-10-15 15:54:21,570 [main] INFO  impl.MetricsSystemImpl (MetricsSystemImpl.java:init(158)) - HddsDatanode metrics system started (again)
2019-10-15 15:54:21,572 [main] INFO  ozone.HddsDatanodeService (HddsDatanodeService.java:start(184)) - HddsDatanodeService host:dev-nightly-20191015-w4nf7-692592917 ip:192.168.69.88
2019-10-15 15:54:21,573 [org.apache.hadoop.util.JvmPauseMonitor$Monitor@3b946576] INFO  util.JvmPauseMonitor (JvmPauseMonitor.java:run(188)) - Starting JVM pause monitor
2019-10-15 15:54:21,580 [main] INFO  volume.HddsVolume (HddsVolume.java:<init>(176)) - Creating Volume: /workdir/hadoop-ozone/integration-test/target/test-dir/MiniOzoneClusterImpl-2530a391-4f7b-47ef-8901-f981e4040dda/datanode-1/data/containers/hdds of  storage type : DISK and capacity : 1482555576320
2019-10-15 15:54:21,580 [main] INFO  volume.VolumeSet (VolumeSet.java:initializeVolumeSet(170)) - Added Volume : /workdir/hadoop-ozone/integration-test/target/test-dir/MiniOzoneClusterImpl-2530a391-4f7b-47ef-8901-f981e4040dda/datanode-1/data/containers/hdds to VolumeSet
2019-10-15 15:54:21,581 [main] INFO  volume.ThrottledAsyncChecker (ThrottledAsyncChecker.java:schedule(141)) - Scheduling a check for /workdir/hadoop-ozone/integration-test/target/test-dir/MiniOzoneClusterImpl-2530a391-4f7b-47ef-8901-f981e4040dda/datanode-1/data/containers/hdds
2019-10-15 15:54:21,581 [main] INFO  volume.HddsVolumeChecker (HddsVolumeChecker.java:checkAllVolumes(204)) - Scheduled health check for volume /workdir/hadoop-ozone/integration-test/target/test-dir/MiniOzoneClusterImpl-2530a391-4f7b-47ef-8901-f981e4040dda/datanode-1/data/containers/hdds
2019-10-15 15:54:21,599 [main] INFO  impl.RaftServerProxy (ConfUtils.java:logGet(43)) - raft.rpc.type = GRPC (default)
2019-10-15 15:54:21,599 [main] INFO  grpc.GrpcFactory (GrpcFactory.java:checkPooledByteBufAllocatorUseCacheForAllThreads(45)) - PERFORMANCE WARNING: useCacheForAllThreads is true that may cause Netty to create a lot garbage objects and, as a result, trigger GC.
	It is recommended to disable useCacheForAllThreads by setting -Dorg.apache.ratis.thirdparty.io.netty.allocator.useCacheForAllThreads=false in command line.
2019-10-15 15:54:21,599 [main] INFO  grpc.GrpcConfigKeys$Server (ConfUtils.java:logGet(43)) - raft.grpc.server.port = 0 (default)
2019-10-15 15:54:21,600 [main] INFO  server.GrpcService (ConfUtils.java:logGet(43)) - raft.grpc.message.size.max = 33570816 (custom)
2019-10-15 15:54:21,600 [main] INFO  server.RaftServerConfigKeys (ConfUtils.java:logGet(43)) - raft.server.log.appender.buffer.byte-limit = 33554432 (custom)
2019-10-15 15:54:21,601 [main] INFO  server.GrpcService (ConfUtils.java:logGet(43)) - raft.grpc.flow.control.window = 1MB (=1048576) (default)
2019-10-15 15:54:21,601 [main] INFO  server.RaftServerConfigKeys (ConfUtils.java:logGet(43)) - raft.server.rpc.request.timeout = 3000ms (default)
2019-10-15 15:54:21,602 [main] INFO  server.RaftServerConfigKeys (ConfUtils.java:logGet(43)) - raft.server.storage.dir = [/workdir/hadoop-ozone/integration-test/target/test-dir/MiniOzoneClusterImpl-2530a391-4f7b-47ef-8901-f981e4040dda/datanode-1/data/ratis] (custom)
2019-10-15 15:54:21,604 [main] INFO  hdfs.DFSUtil (DFSUtil.java:httpServerTemplateForNNAndJN(1641)) - Starting Web-server for hddsDatanode at: http://0.0.0.0:0
2019-10-15 15:54:21,605 [main] INFO  server.AuthenticationFilter (AuthenticationFilter.java:constructSecretProvider(240)) - Unable to initialize FileSignerSecretProvider, falling back to use random secrets.
2019-10-15 15:54:21,606 [main] WARN  http.HttpRequestLog (HttpRequestLog.java:getRequestLog(97)) - Jetty request log can only be enabled using Log4j
2019-10-15 15:54:21,608 [main] INFO  http.HttpServer2 (HttpServer2.java:addGlobalFilter(975)) - Added global filter 'safety' (class=org.apache.hadoop.http.HttpServer2$QuotingInputFilter)
2019-10-15 15:54:21,609 [main] INFO  http.HttpServer2 (HttpServer2.java:addFilter(948)) - Added filter static_user_filter (class=org.apache.hadoop.http.lib.StaticUserWebFilter$StaticUserFilter) to context hddsDatanode
2019-10-15 15:54:21,609 [main] INFO  http.HttpServer2 (HttpServer2.java:addFilter(958)) - Added filter static_user_filter (class=org.apache.hadoop.http.lib.StaticUserWebFilter$StaticUserFilter) to context logs
2019-10-15 15:54:21,609 [main] INFO  http.HttpServer2 (HttpServer2.java:addFilter(958)) - Added filter static_user_filter (class=org.apache.hadoop.http.lib.StaticUserWebFilter$StaticUserFilter) to context static
2019-10-15 15:54:21,610 [main] INFO  http.HttpServer2 (HttpServer2.java:bindListener(1191)) - Jetty bound to port 38929
2019-10-15 15:54:21,611 [main] INFO  server.Server (Server.java:doStart(351)) - jetty-9.3.25.v20180904, build timestamp: 2018-09-04T21:11:46Z, git hash: 3ce520221d0240229c862b122d2b06c12a625732
2019-10-15 15:54:21,613 [main] INFO  handler.ContextHandler (ContextHandler.java:doStart(781)) - Started o.e.j.s.ServletContextHandler@5e65afb6{/logs,file:///workdir/hadoop-ozone/integration-test/target/log,AVAILABLE}
2019-10-15 15:54:21,613 [main] INFO  handler.ContextHandler (ContextHandler.java:doStart(781)) - Started o.e.j.s.ServletContextHandler@8851ce1{/static,jar:file:/home/user/.m2/repository/org/apache/hadoop/hadoop-hdds-container-service/0.5.0-SNAPSHOT/hadoop-hdds-container-service-0.5.0-SNAPSHOT.jar!/webapps/static,AVAILABLE}
2019-10-15 15:54:21,653 [main] INFO  handler.ContextHandler (ContextHandler.java:doStart(781)) - Started o.e.j.w.WebAppContext@7a0ef219{/,file:///tmp/jetty-0.0.0.0-38929-hddsDatanode-_-any-4104342948196057727.dir/webapp/,AVAILABLE}{/hddsDatanode}
2019-10-15 15:54:21,655 [main] INFO  server.AbstractConnector (AbstractConnector.java:doStart(278)) - Started ServerConnector@1b1f5012{HTTP/1.1,[http/1.1]}{0.0.0.0:38929}
2019-10-15 15:54:21,656 [main] INFO  server.Server (Server.java:doStart(419)) - Started @4822ms
2019-10-15 15:54:21,656 [main] WARN  impl.MetricsSystemImpl (MetricsSystemImpl.java:register(276)) - Sink prometheus already exists!
2019-10-15 15:54:21,657 [main] INFO  server.BaseHttpServer (BaseHttpServer.java:updateConnectorAddress(215)) - HTTP server of HDDSDATANODE is listening at http://0.0.0.0:38929
2019-10-15 15:54:21,658 [main] INFO  impl.MetricsSystemImpl (MetricsSystemImpl.java:init(158)) - HddsDatanode metrics system started (again)
2019-10-15 15:54:21,660 [org.apache.hadoop.util.JvmPauseMonitor$Monitor@702d8d3d] INFO  util.JvmPauseMonitor (JvmPauseMonitor.java:run(188)) - Starting JVM pause monitor
2019-10-15 15:54:21,660 [main] INFO  ozone.HddsDatanodeService (HddsDatanodeService.java:start(184)) - HddsDatanodeService host:dev-nightly-20191015-w4nf7-692592917 ip:192.168.69.88
2019-10-15 15:54:21,667 [main] INFO  volume.HddsVolume (HddsVolume.java:<init>(176)) - Creating Volume: /workdir/hadoop-ozone/integration-test/target/test-dir/MiniOzoneClusterImpl-2530a391-4f7b-47ef-8901-f981e4040dda/datanode-2/data/containers/hdds of  storage type : DISK and capacity : 1482555576320
2019-10-15 15:54:21,668 [main] INFO  volume.VolumeSet (VolumeSet.java:initializeVolumeSet(170)) - Added Volume : /workdir/hadoop-ozone/integration-test/target/test-dir/MiniOzoneClusterImpl-2530a391-4f7b-47ef-8901-f981e4040dda/datanode-2/data/containers/hdds to VolumeSet
2019-10-15 15:54:21,668 [main] INFO  volume.ThrottledAsyncChecker (ThrottledAsyncChecker.java:schedule(141)) - Scheduling a check for /workdir/hadoop-ozone/integration-test/target/test-dir/MiniOzoneClusterImpl-2530a391-4f7b-47ef-8901-f981e4040dda/datanode-2/data/containers/hdds
2019-10-15 15:54:21,669 [main] INFO  volume.HddsVolumeChecker (HddsVolumeChecker.java:checkAllVolumes(204)) - Scheduled health check for volume /workdir/hadoop-ozone/integration-test/target/test-dir/MiniOzoneClusterImpl-2530a391-4f7b-47ef-8901-f981e4040dda/datanode-2/data/containers/hdds
2019-10-15 15:54:21,678 [Datanode State Machine Thread - 0] INFO  datanode.InitDatanodeState (InitDatanodeState.java:persistContainerDatanodeDetails(140)) - DatanodeDetails is persisted to /workdir/hadoop-ozone/integration-test/target/test-dir/MiniOzoneClusterImpl-2530a391-4f7b-47ef-8901-f981e4040dda/datanode-0/meta/datanode.id
2019-10-15 15:54:21,681 [Datanode State Machine Thread - 0] INFO  datanode.InitDatanodeState (InitDatanodeState.java:persistContainerDatanodeDetails(140)) - DatanodeDetails is persisted to /workdir/hadoop-ozone/integration-test/target/test-dir/MiniOzoneClusterImpl-2530a391-4f7b-47ef-8901-f981e4040dda/datanode-1/meta/datanode.id
2019-10-15 15:54:21,685 [main] INFO  impl.RaftServerProxy (ConfUtils.java:logGet(43)) - raft.rpc.type = GRPC (default)
2019-10-15 15:54:21,686 [main] INFO  grpc.GrpcFactory (GrpcFactory.java:checkPooledByteBufAllocatorUseCacheForAllThreads(45)) - PERFORMANCE WARNING: useCacheForAllThreads is true that may cause Netty to create a lot garbage objects and, as a result, trigger GC.
	It is recommended to disable useCacheForAllThreads by setting -Dorg.apache.ratis.thirdparty.io.netty.allocator.useCacheForAllThreads=false in command line.
2019-10-15 15:54:21,686 [main] INFO  grpc.GrpcConfigKeys$Server (ConfUtils.java:logGet(43)) - raft.grpc.server.port = 0 (default)
2019-10-15 15:54:21,686 [main] INFO  server.GrpcService (ConfUtils.java:logGet(43)) - raft.grpc.message.size.max = 33570816 (custom)
2019-10-15 15:54:21,686 [main] INFO  server.RaftServerConfigKeys (ConfUtils.java:logGet(43)) - raft.server.log.appender.buffer.byte-limit = 33554432 (custom)
2019-10-15 15:54:21,686 [main] INFO  server.GrpcService (ConfUtils.java:logGet(43)) - raft.grpc.flow.control.window = 1MB (=1048576) (default)
2019-10-15 15:54:21,687 [main] INFO  server.RaftServerConfigKeys (ConfUtils.java:logGet(43)) - raft.server.rpc.request.timeout = 3000ms (default)
2019-10-15 15:54:21,687 [main] INFO  server.RaftServerConfigKeys (ConfUtils.java:logGet(43)) - raft.server.storage.dir = [/workdir/hadoop-ozone/integration-test/target/test-dir/MiniOzoneClusterImpl-2530a391-4f7b-47ef-8901-f981e4040dda/datanode-2/data/ratis] (custom)
2019-10-15 15:54:21,691 [main] INFO  hdfs.DFSUtil (DFSUtil.java:httpServerTemplateForNNAndJN(1641)) - Starting Web-server for hddsDatanode at: http://0.0.0.0:0
2019-10-15 15:54:21,692 [main] INFO  server.AuthenticationFilter (AuthenticationFilter.java:constructSecretProvider(240)) - Unable to initialize FileSignerSecretProvider, falling back to use random secrets.
2019-10-15 15:54:21,693 [main] WARN  http.HttpRequestLog (HttpRequestLog.java:getRequestLog(97)) - Jetty request log can only be enabled using Log4j
2019-10-15 15:54:21,694 [main] INFO  http.HttpServer2 (HttpServer2.java:addGlobalFilter(975)) - Added global filter 'safety' (class=org.apache.hadoop.http.HttpServer2$QuotingInputFilter)
2019-10-15 15:54:21,695 [main] INFO  http.HttpServer2 (HttpServer2.java:addFilter(948)) - Added filter static_user_filter (class=org.apache.hadoop.http.lib.StaticUserWebFilter$StaticUserFilter) to context hddsDatanode
2019-10-15 15:54:21,695 [main] INFO  http.HttpServer2 (HttpServer2.java:addFilter(958)) - Added filter static_user_filter (class=org.apache.hadoop.http.lib.StaticUserWebFilter$StaticUserFilter) to context logs
2019-10-15 15:54:21,695 [main] INFO  http.HttpServer2 (HttpServer2.java:addFilter(958)) - Added filter static_user_filter (class=org.apache.hadoop.http.lib.StaticUserWebFilter$StaticUserFilter) to context static
2019-10-15 15:54:21,696 [main] INFO  http.HttpServer2 (HttpServer2.java:bindListener(1191)) - Jetty bound to port 41130
2019-10-15 15:54:21,696 [main] INFO  server.Server (Server.java:doStart(351)) - jetty-9.3.25.v20180904, build timestamp: 2018-09-04T21:11:46Z, git hash: 3ce520221d0240229c862b122d2b06c12a625732
2019-10-15 15:54:21,700 [main] INFO  handler.ContextHandler (ContextHandler.java:doStart(781)) - Started o.e.j.s.ServletContextHandler@5fa23c{/logs,file:///workdir/hadoop-ozone/integration-test/target/log,AVAILABLE}
2019-10-15 15:54:21,701 [main] INFO  handler.ContextHandler (ContextHandler.java:doStart(781)) - Started o.e.j.s.ServletContextHandler@433348bc{/static,jar:file:/home/user/.m2/repository/org/apache/hadoop/hadoop-hdds-container-service/0.5.0-SNAPSHOT/hadoop-hdds-container-service-0.5.0-SNAPSHOT.jar!/webapps/static,AVAILABLE}
2019-10-15 15:54:21,730 [main] INFO  handler.ContextHandler (ContextHandler.java:doStart(781)) - Started o.e.j.w.WebAppContext@43e9089{/,file:///tmp/jetty-0.0.0.0-41130-hddsDatanode-_-any-8295457113287707321.dir/webapp/,AVAILABLE}{/hddsDatanode}
2019-10-15 15:54:21,731 [main] INFO  server.AbstractConnector (AbstractConnector.java:doStart(278)) - Started ServerConnector@3c5dbdf8{HTTP/1.1,[http/1.1]}{0.0.0.0:41130}
2019-10-15 15:54:21,732 [main] INFO  server.Server (Server.java:doStart(419)) - Started @4898ms
2019-10-15 15:54:21,732 [main] WARN  impl.MetricsSystemImpl (MetricsSystemImpl.java:register(276)) - Sink prometheus already exists!
2019-10-15 15:54:21,733 [main] INFO  server.BaseHttpServer (BaseHttpServer.java:updateConnectorAddress(215)) - HTTP server of HDDSDATANODE is listening at http://0.0.0.0:41130
2019-10-15 15:54:21,735 [main] INFO  ozone.MiniOzoneClusterImpl (MiniOzoneClusterImpl.java:lambda$waitForClusterToBeReady$0(147)) - Waiting for cluster to be ready. Got 0 of 3 DN Heartbeats.
2019-10-15 15:54:21,735 [org.apache.hadoop.util.JvmPauseMonitor$Monitor@48fb9297] INFO  util.JvmPauseMonitor (JvmPauseMonitor.java:run(188)) - Starting JVM pause monitor
2019-10-15 15:54:21,737 [Datanode State Machine Thread - 0] INFO  datanode.InitDatanodeState (InitDatanodeState.java:persistContainerDatanodeDetails(140)) - DatanodeDetails is persisted to /workdir/hadoop-ozone/integration-test/target/test-dir/MiniOzoneClusterImpl-2530a391-4f7b-47ef-8901-f981e4040dda/datanode-2/meta/datanode.id
2019-10-15 15:54:22,735 [main] INFO  ozone.MiniOzoneClusterImpl (MiniOzoneClusterImpl.java:lambda$waitForClusterToBeReady$0(147)) - Waiting for cluster to be ready. Got 0 of 3 DN Heartbeats.
2019-10-15 15:54:23,677 [Datanode State Machine Thread - 0] INFO  ozoneimpl.OzoneContainer (OzoneContainer.java:start(213)) - Attempting to start container services.
2019-10-15 15:54:23,679 [Datanode State Machine Thread - 0] INFO  ozoneimpl.OzoneContainer (OzoneContainer.java:startContainerScrub(177)) - Background container scanner has been disabled.
2019-10-15 15:54:23,680 [Datanode State Machine Thread - 0] INFO  ratis.XceiverServerRatis (XceiverServerRatis.java:start(418)) - Starting XceiverServerRatis b7ff31bb-ae39-4067-a71c-fb5e6b3a0e64 at port 0
2019-10-15 15:54:23,680 [Datanode State Machine Thread - 0] INFO  ozoneimpl.OzoneContainer (OzoneContainer.java:start(213)) - Attempting to start container services.
2019-10-15 15:54:23,684 [Datanode State Machine Thread - 0] INFO  ozoneimpl.OzoneContainer (OzoneContainer.java:startContainerScrub(177)) - Background container scanner has been disabled.
2019-10-15 15:54:23,684 [Datanode State Machine Thread - 0] INFO  ratis.XceiverServerRatis (XceiverServerRatis.java:start(418)) - Starting XceiverServerRatis 9efa5aa2-6c41-460f-b55e-e6135d265426 at port 0
2019-10-15 15:54:23,705 [Datanode State Machine Thread - 0] INFO  impl.RaftServerProxy (RaftServerProxy.java:lambda$start$3(299)) - 9efa5aa2-6c41-460f-b55e-e6135d265426: start RPC server
2019-10-15 15:54:23,705 [Datanode State Machine Thread - 0] INFO  impl.RaftServerProxy (RaftServerProxy.java:lambda$start$3(299)) - b7ff31bb-ae39-4067-a71c-fb5e6b3a0e64: start RPC server
2019-10-15 15:54:23,736 [main] INFO  ozone.MiniOzoneClusterImpl (MiniOzoneClusterImpl.java:lambda$waitForClusterToBeReady$0(147)) - Waiting for cluster to be ready. Got 0 of 3 DN Heartbeats.
2019-10-15 15:54:23,750 [Datanode State Machine Thread - 0] INFO  ozoneimpl.OzoneContainer (OzoneContainer.java:start(213)) - Attempting to start container services.
2019-10-15 15:54:23,752 [Datanode State Machine Thread - 0] INFO  ozoneimpl.OzoneContainer (OzoneContainer.java:startContainerScrub(177)) - Background container scanner has been disabled.
2019-10-15 15:54:23,752 [Datanode State Machine Thread - 0] INFO  ratis.XceiverServerRatis (XceiverServerRatis.java:start(418)) - Starting XceiverServerRatis 502b81c0-94cc-42d9-ac22-46124b9f2555 at port 0
2019-10-15 15:54:23,759 [Datanode State Machine Thread - 0] INFO  impl.RaftServerProxy (RaftServerProxy.java:lambda$start$3(299)) - 502b81c0-94cc-42d9-ac22-46124b9f2555: start RPC server
2019-10-15 15:54:23,816 [Datanode State Machine Thread - 0] INFO  server.GrpcService (GrpcService.java:startImpl(158)) - 502b81c0-94cc-42d9-ac22-46124b9f2555: GrpcService started, listening on 0.0.0.0/0.0.0.0:45179
2019-10-15 15:54:23,816 [Datanode State Machine Thread - 0] INFO  server.GrpcService (GrpcService.java:startImpl(158)) - 9efa5aa2-6c41-460f-b55e-e6135d265426: GrpcService started, listening on 0.0.0.0/0.0.0.0:35771
2019-10-15 15:54:23,816 [Datanode State Machine Thread - 0] INFO  server.GrpcService (GrpcService.java:startImpl(158)) - b7ff31bb-ae39-4067-a71c-fb5e6b3a0e64: GrpcService started, listening on 0.0.0.0/0.0.0.0:37247
2019-10-15 15:54:23,817 [Datanode State Machine Thread - 0] INFO  ratis.XceiverServerRatis (XceiverServerRatis.java:start(428)) - XceiverServerRatis 9efa5aa2-6c41-460f-b55e-e6135d265426 is started using port 35771
2019-10-15 15:54:23,817 [Datanode State Machine Thread - 0] INFO  ratis.XceiverServerRatis (XceiverServerRatis.java:start(428)) - XceiverServerRatis 502b81c0-94cc-42d9-ac22-46124b9f2555 is started using port 45179
2019-10-15 15:54:23,818 [Datanode State Machine Thread - 0] INFO  ratis.XceiverServerRatis (XceiverServerRatis.java:start(428)) - XceiverServerRatis b7ff31bb-ae39-4067-a71c-fb5e6b3a0e64 is started using port 37247
2019-10-15 15:54:23,822 [Datanode State Machine Thread - 0] INFO  server.XceiverServerGrpc (XceiverServerGrpc.java:start(149)) - XceiverServerGrpc b7ff31bb-ae39-4067-a71c-fb5e6b3a0e64 is started using port 40567
2019-10-15 15:54:23,822 [Datanode State Machine Thread - 0] INFO  server.XceiverServerGrpc (XceiverServerGrpc.java:start(149)) - XceiverServerGrpc 9efa5aa2-6c41-460f-b55e-e6135d265426 is started using port 38565
2019-10-15 15:54:23,822 [Datanode State Machine Thread - 0] INFO  server.XceiverServerGrpc (XceiverServerGrpc.java:start(149)) - XceiverServerGrpc 502b81c0-94cc-42d9-ac22-46124b9f2555 is started using port 33751
2019-10-15 15:54:24,736 [main] INFO  ozone.MiniOzoneClusterImpl (MiniOzoneClusterImpl.java:lambda$waitForClusterToBeReady$0(147)) - Waiting for cluster to be ready. Got 0 of 3 DN Heartbeats.
2019-10-15 15:54:25,605 [IPC Server handler 0 on 44313] INFO  net.NetworkTopology (NetworkTopologyImpl.java:add(111)) - Added a new node: /default-rack/b7ff31bb-ae39-4067-a71c-fb5e6b3a0e64
2019-10-15 15:54:25,606 [IPC Server handler 0 on 44313] INFO  node.SCMNodeManager (SCMNodeManager.java:register(268)) - Registered Data node : b7ff31bb-ae39-4067-a71c-fb5e6b3a0e64{ip: 192.168.69.88, host: dev-nightly-20191015-w4nf7-692592917, networkLocation: /default-rack, certSerialId: null}
2019-10-15 15:54:25,608 [EventQueue-NodeRegistrationContainerReportForDataNodeSafeModeRule] INFO  safemode.SCMSafeModeManager (DataNodeSafeModeRule.java:process(71)) - SCM in safe mode. 1 DataNodes registered, 1 required.
2019-10-15 15:54:25,608 [EventQueue-NodeRegistrationContainerReportForContainerSafeModeRule] INFO  safemode.SCMSafeModeManager (SCMSafeModeManager.java:validateSafeModeExitRules(177)) - ScmSafeModeManager, all rules are successfully validated
2019-10-15 15:54:25,609 [EventQueue-NodeRegistrationContainerReportForContainerSafeModeRule] INFO  safemode.SCMSafeModeManager (SCMSafeModeManager.java:exitSafeMode(193)) - SCM exiting safe mode.
2019-10-15 15:54:25,662 [IPC Server handler 1 on 44313] INFO  net.NetworkTopology (NetworkTopologyImpl.java:add(111)) - Added a new node: /default-rack/9efa5aa2-6c41-460f-b55e-e6135d265426
2019-10-15 15:54:25,662 [IPC Server handler 1 on 44313] INFO  node.SCMNodeManager (SCMNodeManager.java:register(268)) - Registered Data node : 9efa5aa2-6c41-460f-b55e-e6135d265426{ip: 192.168.69.88, host: dev-nightly-20191015-w4nf7-692592917, networkLocation: /default-rack, certSerialId: null}
2019-10-15 15:54:25,737 [main] INFO  ozone.MiniOzoneClusterImpl (MiniOzoneClusterImpl.java:lambda$waitForClusterToBeReady$0(147)) - Waiting for cluster to be ready. Got 2 of 3 DN Heartbeats.
2019-10-15 15:54:25,740 [IPC Server handler 3 on 44313] INFO  net.NetworkTopology (NetworkTopologyImpl.java:add(111)) - Added a new node: /default-rack/502b81c0-94cc-42d9-ac22-46124b9f2555
2019-10-15 15:54:25,741 [IPC Server handler 3 on 44313] INFO  node.SCMNodeManager (SCMNodeManager.java:register(268)) - Registered Data node : 502b81c0-94cc-42d9-ac22-46124b9f2555{ip: 192.168.69.88, host: dev-nightly-20191015-w4nf7-692592917, networkLocation: /default-rack, certSerialId: null}
2019-10-15 15:54:26,033 [grpc-default-executor-0] INFO  impl.RaftServerProxy (RaftServerProxy.java:addNew(89)) - b7ff31bb-ae39-4067-a71c-fb5e6b3a0e64: addNew group-6593AF88071A:[b7ff31bb-ae39-4067-a71c-fb5e6b3a0e64:192.168.69.88:37247] returns group-6593AF88071A:java.util.concurrent.CompletableFuture@59ac4658[Not completed]
2019-10-15 15:54:26,043 [pool-27-thread-1] INFO  impl.RaftServerImpl (RaftServerImpl.java:<init>(104)) - b7ff31bb-ae39-4067-a71c-fb5e6b3a0e64: new RaftServerImpl for group-6593AF88071A:[b7ff31bb-ae39-4067-a71c-fb5e6b3a0e64:192.168.69.88:37247] with ContainerStateMachine:uninitialized
2019-10-15 15:54:26,045 [pool-27-thread-1] INFO  server.RaftServerConfigKeys (ConfUtils.java:logGet(43)) - raft.server.rpc.timeout.min = 5s (custom)
2019-10-15 15:54:26,046 [pool-27-thread-1] INFO  server.RaftServerConfigKeys (ConfUtils.java:logGet(43)) - raft.server.rpc.timeout.max = 5200ms (custom)
2019-10-15 15:54:26,046 [pool-27-thread-1] INFO  server.RaftServerConfigKeys (ConfUtils.java:logGet(43)) - raft.server.rpcslowness.timeout = 1000s (custom)
2019-10-15 15:54:26,046 [pool-27-thread-1] INFO  server.RaftServerConfigKeys (ConfUtils.java:logGet(43)) - raft.server.sleep.deviation.threshold = 300 (default)
2019-10-15 15:54:26,047 [pool-27-thread-1] INFO  server.RaftServerConfigKeys (ConfUtils.java:logGet(43)) - raft.server.log.appender.install.snapshot.enabled = false (custom)
2019-10-15 15:54:26,053 [pool-27-thread-1] INFO  impl.RaftServerImpl (ServerState.java:<init>(103)) - b7ff31bb-ae39-4067-a71c-fb5e6b3a0e64@group-6593AF88071A: ConfigurationManager, init=-1: [b7ff31bb-ae39-4067-a71c-fb5e6b3a0e64:192.168.69.88:37247], old=null, confs=<EMPTY_MAP>
2019-10-15 15:54:26,054 [pool-27-thread-1] INFO  server.RaftServerConfigKeys (ConfUtils.java:logGet(43)) - raft.server.storage.dir = [/workdir/hadoop-ozone/integration-test/target/test-dir/MiniOzoneClusterImpl-2530a391-4f7b-47ef-8901-f981e4040dda/datanode-0/data/ratis] (custom)
2019-10-15 15:54:26,059 [pool-27-thread-1] INFO  server.RaftServerConfigKeys (ConfUtils.java:logGet(43)) - raft.server.log.corruption.policy = EXCEPTION (default)
2019-10-15 15:54:26,060 [pool-27-thread-1] INFO  storage.RaftStorageDirectory (RaftStorageDirectory.java:analyzeStorage(246)) - The storage directory /workdir/hadoop-ozone/integration-test/target/test-dir/MiniOzoneClusterImpl-2530a391-4f7b-47ef-8901-f981e4040dda/datanode-0/data/ratis/7a91d9f7-45cc-46e2-b796-6593af88071a does not exist. Creating ...
2019-10-15 15:54:26,077 [pool-27-thread-1] INFO  storage.RaftStorageDirectory (RaftStorageDirectory.java:tryLock(328)) - Lock on /workdir/hadoop-ozone/integration-test/target/test-dir/MiniOzoneClusterImpl-2530a391-4f7b-47ef-8901-f981e4040dda/datanode-0/data/ratis/7a91d9f7-45cc-46e2-b796-6593af88071a/in_use.lock acquired by nodename 25648@dev-nightly-20191015-w4nf7-692592917
2019-10-15 15:54:26,095 [pool-27-thread-1] INFO  storage.RaftStorage (RaftStorage.java:format(84)) - Storage directory /workdir/hadoop-ozone/integration-test/target/test-dir/MiniOzoneClusterImpl-2530a391-4f7b-47ef-8901-f981e4040dda/datanode-0/data/ratis/7a91d9f7-45cc-46e2-b796-6593af88071a has been successfully formatted.
2019-10-15 15:54:26,097 [pool-27-thread-1] INFO  ratis.ContainerStateMachine (ContainerStateMachine.java:loadSnapshot(231)) - group-6593AF88071A: The snapshot info is null. Setting the last applied indexto:(t:0, i:~)
2019-10-15 15:54:26,098 [pool-27-thread-1] INFO  server.RaftServerConfigKeys (ConfUtils.java:logGet(43)) - raft.server.notification.no-leader.timeout = 1000s (custom)
2019-10-15 15:54:26,099 [pool-27-thread-1] INFO  server.RaftServerConfigKeys (ConfUtils.java:logGet(43)) - raft.server.log.use.memory = false (default)
2019-10-15 15:54:26,104 [pool-27-thread-1] INFO  server.RaftServerConfigKeys (ConfUtils.java:logGet(43)) - raft.server.log.purge.gap = 1000000 (custom)
2019-10-15 15:54:26,104 [pool-27-thread-1] INFO  server.RaftServerConfigKeys (ConfUtils.java:logGet(43)) - raft.server.log.appender.buffer.byte-limit = 33554432 (custom)
2019-10-15 15:54:26,106 [pool-27-thread-1] INFO  server.RaftServerConfigKeys (ConfUtils.java:logGet(43)) - raft.server.log.segment.size.max = 1048576 (custom)
2019-10-15 15:54:26,107 [pool-27-thread-1] INFO  impl.MetricsSystemImpl (MetricsSystemImpl.java:init(158)) - ratis metrics system started (again)
2019-10-15 15:54:26,112 [pool-27-thread-1] INFO  metrics.MetricRegistries (MetricRegistriesLoader.java:load(64)) - Loaded MetricRegistries class org.apache.ratis.metrics.impl.MetricRegistriesImpl
2019-10-15 15:54:26,146 [pool-27-thread-1] INFO  server.RaftServerConfigKeys (ConfUtils.java:logGet(43)) - raft.server.log.segment.cache.num.max = 2 (custom)
2019-10-15 15:54:26,151 [pool-27-thread-1] INFO  segmented.SegmentedRaftLogWorker (SegmentedRaftLogWorker.java:<init>(173)) - new b7ff31bb-ae39-4067-a71c-fb5e6b3a0e64@group-6593AF88071A-SegmentedRaftLogWorker for RaftStorage:Storage Directory /workdir/hadoop-ozone/integration-test/target/test-dir/MiniOzoneClusterImpl-2530a391-4f7b-47ef-8901-f981e4040dda/datanode-0/data/ratis/7a91d9f7-45cc-46e2-b796-6593af88071a
2019-10-15 15:54:26,152 [pool-27-thread-1] INFO  server.RaftServerConfigKeys (ConfUtils.java:logGet(43)) - raft.server.log.queue.byte-limit = 2147483647 (custom)
2019-10-15 15:54:26,152 [pool-27-thread-1] INFO  server.RaftServerConfigKeys (ConfUtils.java:logGet(43)) - raft.server.log.queue.element-limit = 1024 (custom)
2019-10-15 15:54:26,153 [pool-27-thread-1] INFO  server.RaftServerConfigKeys (ConfUtils.java:logGet(43)) - raft.server.log.segment.size.max = 1048576 (custom)
2019-10-15 15:54:26,154 [pool-27-thread-1] INFO  server.RaftServerConfigKeys (ConfUtils.java:logGet(43)) - raft.server.log.preallocated.size = 16384 (custom)
2019-10-15 15:54:26,154 [pool-27-thread-1] INFO  server.RaftServerConfigKeys (ConfUtils.java:logGet(43)) - raft.server.log.write.buffer.size = 33554432 (custom)
2019-10-15 15:54:26,155 [pool-27-thread-1] INFO  server.RaftServerConfigKeys (ConfUtils.java:logGet(43)) - raft.server.log.force.sync.num = 128 (default)
2019-10-15 15:54:26,155 [pool-27-thread-1] INFO  server.RaftServerConfigKeys (ConfUtils.java:logGet(43)) - raft.server.log.statemachine.data.sync = true (default)
2019-10-15 15:54:26,156 [pool-27-thread-1] INFO  server.RaftServerConfigKeys (ConfUtils.java:logGet(43)) - raft.server.log.statemachine.data.sync.timeout = 10s (default)
2019-10-15 15:54:26,156 [pool-27-thread-1] INFO  server.RaftServerConfigKeys (ConfUtils.java:logGet(43)) - raft.server.log.statemachine.data.sync.timeout.retry = -1 (default)
2019-10-15 15:54:26,166 [pool-27-thread-1] INFO  server.RaftServerConfigKeys (ConfUtils.java:logGet(43)) - raft.server.log.statemachine.data.caching.enabled = true (custom)
2019-10-15 15:54:26,171 [pool-27-thread-1] INFO  segmented.SegmentedRaftLogWorker (SegmentedRaftLogWorker.java:lambda$new$0(128)) - b7ff31bb-ae39-4067-a71c-fb5e6b3a0e64@group-6593AF88071A-SegmentedRaftLogWorker: flushIndex: setUnconditionally 0 -> -1
2019-10-15 15:54:26,175 [pool-27-thread-1] INFO  server.RaftServerConfigKeys (ConfUtils.java:logGet(43)) - raft.server.snapshot.auto.trigger.enabled = true (custom)
2019-10-15 15:54:26,176 [pool-27-thread-1] INFO  server.RaftServerConfigKeys (ConfUtils.java:logGet(43)) - raft.server.snapshot.auto.trigger.threshold = 10000 (custom)
2019-10-15 15:54:26,176 [pool-27-thread-1] INFO  server.RaftServerConfigKeys (ConfUtils.java:logGet(43)) - raft.server.snapshot.retention.file.num = 5 (custom)
2019-10-15 15:54:26,177 [pool-27-thread-1] INFO  server.RaftServerConfigKeys (ConfUtils.java:logGet(43)) - raft.server.retrycache.expirytime = 600000ms (custom)
2019-10-15 15:54:26,207 [pool-27-thread-1] INFO  impl.RaftServerImpl (RaftServerImpl.java:start(195)) - b7ff31bb-ae39-4067-a71c-fb5e6b3a0e64@group-6593AF88071A: start as a follower, conf=-1: [b7ff31bb-ae39-4067-a71c-fb5e6b3a0e64:192.168.69.88:37247], old=null
2019-10-15 15:54:26,208 [pool-27-thread-1] INFO  impl.RaftServerImpl (RaftServerImpl.java:setRole(184)) - b7ff31bb-ae39-4067-a71c-fb5e6b3a0e64@group-6593AF88071A: changes role from      null to FOLLOWER at term 0 for startAsFollower
2019-10-15 15:54:26,210 [pool-27-thread-1] INFO  impl.RoleInfo (RoleInfo.java:updateAndGet(143)) - b7ff31bb-ae39-4067-a71c-fb5e6b3a0e64: start FollowerState
2019-10-15 15:54:26,211 [pool-27-thread-1] INFO  util.JmxRegister (JmxRegister.java:tryRegister(44)) - Successfully registered JMX Bean with object name Ratis:service=RaftServer,group=group-6593AF88071A,id=b7ff31bb-ae39-4067-a71c-fb5e6b3a0e64
2019-10-15 15:54:26,221 [Thread-186] INFO  impl.FollowerState (FollowerState.java:run(108)) - b7ff31bb-ae39-4067-a71c-fb5e6b3a0e64@group-6593AF88071A-FollowerState: change to CANDIDATE, lastRpcTime:11ms, electionTimeout:11ms
2019-10-15 15:54:26,224 [Thread-186] INFO  impl.RoleInfo (RoleInfo.java:shutdownFollowerState(121)) - b7ff31bb-ae39-4067-a71c-fb5e6b3a0e64: shutdown FollowerState
2019-10-15 15:54:26,224 [Thread-186] INFO  impl.RaftServerImpl (RaftServerImpl.java:setRole(184)) - b7ff31bb-ae39-4067-a71c-fb5e6b3a0e64@group-6593AF88071A: changes role from  FOLLOWER to CANDIDATE at term 0 for changeToCandidate
2019-10-15 15:54:26,228 [Thread-186] INFO  impl.RoleInfo (RoleInfo.java:updateAndGet(143)) - b7ff31bb-ae39-4067-a71c-fb5e6b3a0e64: start LeaderElection
2019-10-15 15:54:26,260 [b7ff31bb-ae39-4067-a71c-fb5e6b3a0e64@group-6593AF88071A-LeaderElection1] INFO  impl.LeaderElection (LeaderElection.java:askForVotes(178)) - b7ff31bb-ae39-4067-a71c-fb5e6b3a0e64@group-6593AF88071A-LeaderElection1: begin an election at term 1 for -1: [b7ff31bb-ae39-4067-a71c-fb5e6b3a0e64:192.168.69.88:37247], old=null
2019-10-15 15:54:26,261 [b7ff31bb-ae39-4067-a71c-fb5e6b3a0e64@group-6593AF88071A-LeaderElection1] INFO  impl.RoleInfo (RoleInfo.java:shutdownLeaderElection(134)) - b7ff31bb-ae39-4067-a71c-fb5e6b3a0e64: shutdown LeaderElection
2019-10-15 15:54:26,261 [b7ff31bb-ae39-4067-a71c-fb5e6b3a0e64@group-6593AF88071A-LeaderElection1] INFO  impl.RaftServerImpl (RaftServerImpl.java:setRole(184)) - b7ff31bb-ae39-4067-a71c-fb5e6b3a0e64@group-6593AF88071A: changes role from CANDIDATE to LEADER at term 1 for changeToLeader
2019-10-15 15:54:26,261 [b7ff31bb-ae39-4067-a71c-fb5e6b3a0e64@group-6593AF88071A-LeaderElection1] INFO  impl.RaftServerImpl (ServerState.java:setLeader(256)) - b7ff31bb-ae39-4067-a71c-fb5e6b3a0e64@group-6593AF88071A: change Leader from null to b7ff31bb-ae39-4067-a71c-fb5e6b3a0e64 at term 1 for becomeLeader, leader elected after 163ms
2019-10-15 15:54:26,265 [b7ff31bb-ae39-4067-a71c-fb5e6b3a0e64@group-6593AF88071A-LeaderElection1] INFO  server.RaftServerConfigKeys (ConfUtils.java:logGet(43)) - raft.server.staging.catchup.gap = 1000 (default)
2019-10-15 15:54:26,265 [b7ff31bb-ae39-4067-a71c-fb5e6b3a0e64@group-6593AF88071A-LeaderElection1] INFO  server.RaftServerConfigKeys (ConfUtils.java:logGet(43)) - raft.server.rpc.sleep.time = 25ms (default)
2019-10-15 15:54:26,268 [b7ff31bb-ae39-4067-a71c-fb5e6b3a0e64@group-6593AF88071A-LeaderElection1] INFO  server.RaftServerConfigKeys (ConfUtils.java:logGet(43)) - raft.server.write.element-limit = 4096 (default)
2019-10-15 15:54:26,270 [b7ff31bb-ae39-4067-a71c-fb5e6b3a0e64@group-6593AF88071A-LeaderElection1] INFO  server.RaftServerConfigKeys (ConfUtils.java:logGet(43)) - raft.server.watch.timeout = 10s (default)
2019-10-15 15:54:26,270 [b7ff31bb-ae39-4067-a71c-fb5e6b3a0e64@group-6593AF88071A-LeaderElection1] INFO  server.RaftServerConfigKeys (ConfUtils.java:logGet(43)) - raft.server.watch.timeout.denomination = 1s (default)
2019-10-15 15:54:26,271 [b7ff31bb-ae39-4067-a71c-fb5e6b3a0e64@group-6593AF88071A-LeaderElection1] INFO  server.RaftServerConfigKeys (ConfUtils.java:logGet(43)) - raft.server.watch.element-limit = 65536 (default)
2019-10-15 15:54:26,288 [RatisPipelineUtilsThread] INFO  pipeline.PipelineStateManager (PipelineStateManager.java:addPipeline(56)) - Created pipeline Pipeline[ Id: 7a91d9f7-45cc-46e2-b796-6593af88071a, Nodes: b7ff31bb-ae39-4067-a71c-fb5e6b3a0e64{ip: 192.168.69.88, host: dev-nightly-20191015-w4nf7-692592917, networkLocation: /default-rack, certSerialId: null}, Type:RATIS, Factor:ONE, State:OPEN]
2019-10-15 15:54:26,296 [b7ff31bb-ae39-4067-a71c-fb5e6b3a0e64@group-6593AF88071A-LeaderElection1] INFO  impl.RoleInfo (RoleInfo.java:updateAndGet(143)) - b7ff31bb-ae39-4067-a71c-fb5e6b3a0e64: start LeaderState
2019-10-15 15:54:26,303 [grpc-default-executor-0] INFO  impl.RaftServerProxy (RaftServerProxy.java:addNew(89)) - 502b81c0-94cc-42d9-ac22-46124b9f2555: addNew group-F646FEF37820:[502b81c0-94cc-42d9-ac22-46124b9f2555:192.168.69.88:45179] returns group-F646FEF37820:java.util.concurrent.CompletableFuture@7b2da6ce[Not completed]
2019-10-15 15:54:26,305 [pool-47-thread-1] INFO  impl.RaftServerImpl (RaftServerImpl.java:<init>(104)) - 502b81c0-94cc-42d9-ac22-46124b9f2555: new RaftServerImpl for group-F646FEF37820:[502b81c0-94cc-42d9-ac22-46124b9f2555:192.168.69.88:45179] with ContainerStateMachine:uninitialized
2019-10-15 15:54:26,305 [pool-47-thread-1] INFO  server.RaftServerConfigKeys (ConfUtils.java:logGet(43)) - raft.server.rpc.timeout.min = 5s (custom)
2019-10-15 15:54:26,306 [pool-47-thread-1] INFO  server.RaftServerConfigKeys (ConfUtils.java:logGet(43)) - raft.server.rpc.timeout.max = 5200ms (custom)
2019-10-15 15:54:26,306 [pool-47-thread-1] INFO  server.RaftServerConfigKeys (ConfUtils.java:logGet(43)) - raft.server.rpcslowness.timeout = 1000s (custom)
2019-10-15 15:54:26,306 [pool-47-thread-1] INFO  server.RaftServerConfigKeys (ConfUtils.java:logGet(43)) - raft.server.sleep.deviation.threshold = 300 (default)
2019-10-15 15:54:26,306 [pool-47-thread-1] INFO  server.RaftServerConfigKeys (ConfUtils.java:logGet(43)) - raft.server.log.appender.install.snapshot.enabled = false (custom)
2019-10-15 15:54:26,306 [pool-47-thread-1] INFO  impl.RaftServerImpl (ServerState.java:<init>(103)) - 502b81c0-94cc-42d9-ac22-46124b9f2555@group-F646FEF37820: ConfigurationManager, init=-1: [502b81c0-94cc-42d9-ac22-46124b9f2555:192.168.69.88:45179], old=null, confs=<EMPTY_MAP>
2019-10-15 15:54:26,306 [pool-47-thread-1] INFO  server.RaftServerConfigKeys (ConfUtils.java:logGet(43)) - raft.server.storage.dir = [/workdir/hadoop-ozone/integration-test/target/test-dir/MiniOzoneClusterImpl-2530a391-4f7b-47ef-8901-f981e4040dda/datanode-2/data/ratis] (custom)
2019-10-15 15:54:26,306 [pool-47-thread-1] INFO  server.RaftServerConfigKeys (ConfUtils.java:logGet(43)) - raft.server.log.corruption.policy = EXCEPTION (default)
2019-10-15 15:54:26,307 [pool-47-thread-1] INFO  storage.RaftStorageDirectory (RaftStorageDirectory.java:analyzeStorage(246)) - The storage directory /workdir/hadoop-ozone/integration-test/target/test-dir/MiniOzoneClusterImpl-2530a391-4f7b-47ef-8901-f981e4040dda/datanode-2/data/ratis/84d84c4d-835f-4c6b-9fcd-f646fef37820 does not exist. Creating ...
2019-10-15 15:54:26,316 [b7ff31bb-ae39-4067-a71c-fb5e6b3a0e64@group-6593AF88071A-LeaderElection1] INFO  segmented.SegmentedRaftLogWorker (SegmentedRaftLogWorker.java:startLogSegment(385)) - b7ff31bb-ae39-4067-a71c-fb5e6b3a0e64@group-6593AF88071A-SegmentedRaftLogWorker: Starting segment from index:0
2019-10-15 15:54:26,321 [pool-47-thread-1] INFO  storage.RaftStorageDirectory (RaftStorageDirectory.java:tryLock(328)) - Lock on /workdir/hadoop-ozone/integration-test/target/test-dir/MiniOzoneClusterImpl-2530a391-4f7b-47ef-8901-f981e4040dda/datanode-2/data/ratis/84d84c4d-835f-4c6b-9fcd-f646fef37820/in_use.lock acquired by nodename 25648@dev-nightly-20191015-w4nf7-692592917
2019-10-15 15:54:26,324 [b7ff31bb-ae39-4067-a71c-fb5e6b3a0e64@group-6593AF88071A-LeaderElection1] INFO  impl.RaftServerImpl (ServerState.java:setRaftConf(357)) - b7ff31bb-ae39-4067-a71c-fb5e6b3a0e64@group-6593AF88071A: set configuration 0: [b7ff31bb-ae39-4067-a71c-fb5e6b3a0e64:192.168.69.88:37247], old=null at 0
2019-10-15 15:54:26,337 [pool-47-thread-1] INFO  storage.RaftStorage (RaftStorage.java:format(84)) - Storage directory /workdir/hadoop-ozone/integration-test/target/test-dir/MiniOzoneClusterImpl-2530a391-4f7b-47ef-8901-f981e4040dda/datanode-2/data/ratis/84d84c4d-835f-4c6b-9fcd-f646fef37820 has been successfully formatted.
2019-10-15 15:54:26,338 [pool-47-thread-1] INFO  ratis.ContainerStateMachine (ContainerStateMachine.java:loadSnapshot(231)) - group-F646FEF37820: The snapshot info is null. Setting the last applied indexto:(t:0, i:~)
2019-10-15 15:54:26,338 [pool-47-thread-1] INFO  server.RaftServerConfigKeys (ConfUtils.java:logGet(43)) - raft.server.notification.no-leader.timeout = 1000s (custom)
2019-10-15 15:54:26,339 [pool-47-thread-1] INFO  server.RaftServerConfigKeys (ConfUtils.java:logGet(43)) - raft.server.log.use.memory = false (default)
2019-10-15 15:54:26,339 [pool-47-thread-1] INFO  server.RaftServerConfigKeys (ConfUtils.java:logGet(43)) - raft.server.log.purge.gap = 1000000 (custom)
2019-10-15 15:54:26,339 [pool-47-thread-1] INFO  server.RaftServerConfigKeys (ConfUtils.java:logGet(43)) - raft.server.log.appender.buffer.byte-limit = 33554432 (custom)
2019-10-15 15:54:26,339 [pool-47-thread-1] INFO  server.RaftServerConfigKeys (ConfUtils.java:logGet(43)) - raft.server.log.segment.size.max = 1048576 (custom)
2019-10-15 15:54:26,360 [pool-47-thread-1] INFO  server.RaftServerConfigKeys (ConfUtils.java:logGet(43)) - raft.server.log.segment.cache.num.max = 2 (custom)
2019-10-15 15:54:26,360 [pool-47-thread-1] INFO  segmented.SegmentedRaftLogWorker (SegmentedRaftLogWorker.java:<init>(173)) - new 502b81c0-94cc-42d9-ac22-46124b9f2555@group-F646FEF37820-SegmentedRaftLogWorker for RaftStorage:Storage Directory /workdir/hadoop-ozone/integration-test/target/test-dir/MiniOzoneClusterImpl-2530a391-4f7b-47ef-8901-f981e4040dda/datanode-2/data/ratis/84d84c4d-835f-4c6b-9fcd-f646fef37820
2019-10-15 15:54:26,361 [pool-47-thread-1] INFO  server.RaftServerConfigKeys (ConfUtils.java:logGet(43)) - raft.server.log.queue.byte-limit = 2147483647 (custom)
2019-10-15 15:54:26,361 [pool-47-thread-1] INFO  server.RaftServerConfigKeys (ConfUtils.java:logGet(43)) - raft.server.log.queue.element-limit = 1024 (custom)
2019-10-15 15:54:26,361 [pool-47-thread-1] INFO  server.RaftServerConfigKeys (ConfUtils.java:logGet(43)) - raft.server.log.segment.size.max = 1048576 (custom)
2019-10-15 15:54:26,361 [pool-47-thread-1] INFO  server.RaftServerConfigKeys (ConfUtils.java:logGet(43)) - raft.server.log.preallocated.size = 16384 (custom)
2019-10-15 15:54:26,361 [pool-47-thread-1] INFO  server.RaftServerConfigKeys (ConfUtils.java:logGet(43)) - raft.server.log.write.buffer.size = 33554432 (custom)
2019-10-15 15:54:26,361 [pool-47-thread-1] INFO  server.RaftServerConfigKeys (ConfUtils.java:logGet(43)) - raft.server.log.force.sync.num = 128 (default)
2019-10-15 15:54:26,361 [pool-47-thread-1] INFO  server.RaftServerConfigKeys (ConfUtils.java:logGet(43)) - raft.server.log.statemachine.data.sync = true (default)
2019-10-15 15:54:26,361 [pool-47-thread-1] INFO  server.RaftServerConfigKeys (ConfUtils.java:logGet(43)) - raft.server.log.statemachine.data.sync.timeout = 10s (default)
2019-10-15 15:54:26,361 [pool-47-thread-1] INFO  server.RaftServerConfigKeys (ConfUtils.java:logGet(43)) - raft.server.log.statemachine.data.sync.timeout.retry = -1 (default)
2019-10-15 15:54:26,362 [pool-47-thread-1] INFO  server.RaftServerConfigKeys (ConfUtils.java:logGet(43)) - raft.server.log.statemachine.data.caching.enabled = true (custom)
2019-10-15 15:54:26,362 [pool-47-thread-1] INFO  segmented.SegmentedRaftLogWorker (SegmentedRaftLogWorker.java:lambda$new$0(128)) - 502b81c0-94cc-42d9-ac22-46124b9f2555@group-F646FEF37820-SegmentedRaftLogWorker: flushIndex: setUnconditionally 0 -> -1
2019-10-15 15:54:26,363 [pool-47-thread-1] INFO  server.RaftServerConfigKeys (ConfUtils.java:logGet(43)) - raft.server.snapshot.auto.trigger.enabled = true (custom)
2019-10-15 15:54:26,363 [pool-47-thread-1] INFO  server.RaftServerConfigKeys (ConfUtils.java:logGet(43)) - raft.server.snapshot.auto.trigger.threshold = 10000 (custom)
2019-10-15 15:54:26,363 [pool-47-thread-1] INFO  server.RaftServerConfigKeys (ConfUtils.java:logGet(43)) - raft.server.snapshot.retention.file.num = 5 (custom)
2019-10-15 15:54:26,363 [pool-47-thread-1] INFO  server.RaftServerConfigKeys (ConfUtils.java:logGet(43)) - raft.server.retrycache.expirytime = 600000ms (custom)
2019-10-15 15:54:26,371 [pool-47-thread-1] INFO  impl.RaftServerImpl (RaftServerImpl.java:start(195)) - 502b81c0-94cc-42d9-ac22-46124b9f2555@group-F646FEF37820: start as a follower, conf=-1: [502b81c0-94cc-42d9-ac22-46124b9f2555:192.168.69.88:45179], old=null
2019-10-15 15:54:26,371 [pool-47-thread-1] INFO  impl.RaftServerImpl (RaftServerImpl.java:setRole(184)) - 502b81c0-94cc-42d9-ac22-46124b9f2555@group-F646FEF37820: changes role from      null to FOLLOWER at term 0 for startAsFollower
2019-10-15 15:54:26,371 [pool-47-thread-1] INFO  impl.RoleInfo (RoleInfo.java:updateAndGet(143)) - 502b81c0-94cc-42d9-ac22-46124b9f2555: start FollowerState
2019-10-15 15:54:26,371 [pool-47-thread-1] INFO  util.JmxRegister (JmxRegister.java:tryRegister(44)) - Successfully registered JMX Bean with object name Ratis:service=RaftServer,group=group-F646FEF37820,id=502b81c0-94cc-42d9-ac22-46124b9f2555
2019-10-15 15:54:26,385 [RatisPipelineUtilsThread] INFO  pipeline.PipelineStateManager (PipelineStateManager.java:addPipeline(56)) - Created pipeline Pipeline[ Id: 84d84c4d-835f-4c6b-9fcd-f646fef37820, Nodes: 502b81c0-94cc-42d9-ac22-46124b9f2555{ip: 192.168.69.88, host: dev-nightly-20191015-w4nf7-692592917, networkLocation: /default-rack, certSerialId: null}, Type:RATIS, Factor:ONE, State:OPEN]
2019-10-15 15:54:26,400 [grpc-default-executor-0] INFO  impl.RaftServerProxy (RaftServerProxy.java:addNew(89)) - 9efa5aa2-6c41-460f-b55e-e6135d265426: addNew group-14CCC76D478A:[9efa5aa2-6c41-460f-b55e-e6135d265426:192.168.69.88:35771] returns group-14CCC76D478A:java.util.concurrent.CompletableFuture@2e708a4b[Not completed]
2019-10-15 15:54:26,409 [pool-37-thread-1] INFO  impl.RaftServerImpl (RaftServerImpl.java:<init>(104)) - 9efa5aa2-6c41-460f-b55e-e6135d265426: new RaftServerImpl for group-14CCC76D478A:[9efa5aa2-6c41-460f-b55e-e6135d265426:192.168.69.88:35771] with ContainerStateMachine:uninitialized
2019-10-15 15:54:26,410 [pool-37-thread-1] INFO  server.RaftServerConfigKeys (ConfUtils.java:logGet(43)) - raft.server.rpc.timeout.min = 5s (custom)
2019-10-15 15:54:26,410 [pool-37-thread-1] INFO  server.RaftServerConfigKeys (ConfUtils.java:logGet(43)) - raft.server.rpc.timeout.max = 5200ms (custom)
2019-10-15 15:54:26,410 [pool-37-thread-1] INFO  server.RaftServerConfigKeys (ConfUtils.java:logGet(43)) - raft.server.rpcslowness.timeout = 1000s (custom)
2019-10-15 15:54:26,410 [pool-37-thread-1] INFO  server.RaftServerConfigKeys (ConfUtils.java:logGet(43)) - raft.server.sleep.deviation.threshold = 300 (default)
2019-10-15 15:54:26,411 [pool-37-thread-1] INFO  server.RaftServerConfigKeys (ConfUtils.java:logGet(43)) - raft.server.log.appender.install.snapshot.enabled = false (custom)
2019-10-15 15:54:26,411 [pool-37-thread-1] INFO  impl.RaftServerImpl (ServerState.java:<init>(103)) - 9efa5aa2-6c41-460f-b55e-e6135d265426@group-14CCC76D478A: ConfigurationManager, init=-1: [9efa5aa2-6c41-460f-b55e-e6135d265426:192.168.69.88:35771], old=null, confs=<EMPTY_MAP>
2019-10-15 15:54:26,411 [pool-37-thread-1] INFO  server.RaftServerConfigKeys (ConfUtils.java:logGet(43)) - raft.server.storage.dir = [/workdir/hadoop-ozone/integration-test/target/test-dir/MiniOzoneClusterImpl-2530a391-4f7b-47ef-8901-f981e4040dda/datanode-1/data/ratis] (custom)
2019-10-15 15:54:26,412 [pool-37-thread-1] INFO  server.RaftServerConfigKeys (ConfUtils.java:logGet(43)) - raft.server.log.corruption.policy = EXCEPTION (default)
2019-10-15 15:54:26,412 [pool-37-thread-1] INFO  storage.RaftStorageDirectory (RaftStorageDirectory.java:analyzeStorage(246)) - The storage directory /workdir/hadoop-ozone/integration-test/target/test-dir/MiniOzoneClusterImpl-2530a391-4f7b-47ef-8901-f981e4040dda/datanode-1/data/ratis/50344d3e-3028-4ac8-bfc2-14ccc76d478a does not exist. Creating ...
2019-10-15 15:54:26,425 [pool-37-thread-1] INFO  storage.RaftStorageDirectory (RaftStorageDirectory.java:tryLock(328)) - Lock on /workdir/hadoop-ozone/integration-test/target/test-dir/MiniOzoneClusterImpl-2530a391-4f7b-47ef-8901-f981e4040dda/datanode-1/data/ratis/50344d3e-3028-4ac8-bfc2-14ccc76d478a/in_use.lock acquired by nodename 25648@dev-nightly-20191015-w4nf7-692592917
2019-10-15 15:54:26,438 [pool-37-thread-1] INFO  storage.RaftStorage (RaftStorage.java:format(84)) - Storage directory /workdir/hadoop-ozone/integration-test/target/test-dir/MiniOzoneClusterImpl-2530a391-4f7b-47ef-8901-f981e4040dda/datanode-1/data/ratis/50344d3e-3028-4ac8-bfc2-14ccc76d478a has been successfully formatted.
2019-10-15 15:54:26,439 [pool-37-thread-1] INFO  ratis.ContainerStateMachine (ContainerStateMachine.java:loadSnapshot(231)) - group-14CCC76D478A: The snapshot info is null. Setting the last applied indexto:(t:0, i:~)
2019-10-15 15:54:26,439 [pool-37-thread-1] INFO  server.RaftServerConfigKeys (ConfUtils.java:logGet(43)) - raft.server.notification.no-leader.timeout = 1000s (custom)
2019-10-15 15:54:26,439 [pool-37-thread-1] INFO  server.RaftServerConfigKeys (ConfUtils.java:logGet(43)) - raft.server.log.use.memory = false (default)
2019-10-15 15:54:26,439 [pool-37-thread-1] INFO  server.RaftServerConfigKeys (ConfUtils.java:logGet(43)) - raft.server.log.purge.gap = 1000000 (custom)
2019-10-15 15:54:26,439 [pool-37-thread-1] INFO  server.RaftServerConfigKeys (ConfUtils.java:logGet(43)) - raft.server.log.appender.buffer.byte-limit = 33554432 (custom)
2019-10-15 15:54:26,440 [pool-37-thread-1] INFO  server.RaftServerConfigKeys (ConfUtils.java:logGet(43)) - raft.server.log.segment.size.max = 1048576 (custom)
2019-10-15 15:54:26,443 [pool-37-thread-1] INFO  server.RaftServerConfigKeys (ConfUtils.java:logGet(43)) - raft.server.log.segment.cache.num.max = 2 (custom)
2019-10-15 15:54:26,443 [pool-37-thread-1] INFO  segmented.SegmentedRaftLogWorker (SegmentedRaftLogWorker.java:<init>(173)) - new 9efa5aa2-6c41-460f-b55e-e6135d265426@group-14CCC76D478A-SegmentedRaftLogWorker for RaftStorage:Storage Directory /workdir/hadoop-ozone/integration-test/target/test-dir/MiniOzoneClusterImpl-2530a391-4f7b-47ef-8901-f981e4040dda/datanode-1/data/ratis/50344d3e-3028-4ac8-bfc2-14ccc76d478a
2019-10-15 15:54:26,443 [pool-37-thread-1] INFO  server.RaftServerConfigKeys (ConfUtils.java:logGet(43)) - raft.server.log.queue.byte-limit = 2147483647 (custom)
2019-10-15 15:54:26,443 [pool-37-thread-1] INFO  server.RaftServerConfigKeys (ConfUtils.java:logGet(43)) - raft.server.log.queue.element-limit = 1024 (custom)
2019-10-15 15:54:26,443 [pool-37-thread-1] INFO  server.RaftServerConfigKeys (ConfUtils.java:logGet(43)) - raft.server.log.segment.size.max = 1048576 (custom)
2019-10-15 15:54:26,444 [pool-37-thread-1] INFO  server.RaftServerConfigKeys (ConfUtils.java:logGet(43)) - raft.server.log.preallocated.size = 16384 (custom)
2019-10-15 15:54:26,444 [pool-37-thread-1] INFO  server.RaftServerConfigKeys (ConfUtils.java:logGet(43)) - raft.server.log.write.buffer.size = 33554432 (custom)
2019-10-15 15:54:26,444 [pool-37-thread-1] INFO  server.RaftServerConfigKeys (ConfUtils.java:logGet(43)) - raft.server.log.force.sync.num = 128 (default)
2019-10-15 15:54:26,444 [pool-37-thread-1] INFO  server.RaftServerConfigKeys (ConfUtils.java:logGet(43)) - raft.server.log.statemachine.data.sync = true (default)
2019-10-15 15:54:26,444 [pool-37-thread-1] INFO  server.RaftServerConfigKeys (ConfUtils.java:logGet(43)) - raft.server.log.statemachine.data.sync.timeout = 10s (default)
2019-10-15 15:54:26,444 [pool-37-thread-1] INFO  server.RaftServerConfigKeys (ConfUtils.java:logGet(43)) - raft.server.log.statemachine.data.sync.timeout.retry = -1 (default)
2019-10-15 15:54:26,445 [pool-37-thread-1] INFO  server.RaftServerConfigKeys (ConfUtils.java:logGet(43)) - raft.server.log.statemachine.data.caching.enabled = true (custom)
2019-10-15 15:54:26,445 [pool-37-thread-1] INFO  segmented.SegmentedRaftLogWorker (SegmentedRaftLogWorker.java:lambda$new$0(128)) - 9efa5aa2-6c41-460f-b55e-e6135d265426@group-14CCC76D478A-SegmentedRaftLogWorker: flushIndex: setUnconditionally 0 -> -1
2019-10-15 15:54:26,445 [pool-37-thread-1] INFO  server.RaftServerConfigKeys (ConfUtils.java:logGet(43)) - raft.server.snapshot.auto.trigger.enabled = true (custom)
2019-10-15 15:54:26,445 [pool-37-thread-1] INFO  server.RaftServerConfigKeys (ConfUtils.java:logGet(43)) - raft.server.snapshot.auto.trigger.threshold = 10000 (custom)
2019-10-15 15:54:26,446 [pool-37-thread-1] INFO  server.RaftServerConfigKeys (ConfUtils.java:logGet(43)) - raft.server.snapshot.retention.file.num = 5 (custom)
2019-10-15 15:54:26,446 [pool-37-thread-1] INFO  server.RaftServerConfigKeys (ConfUtils.java:logGet(43)) - raft.server.retrycache.expirytime = 600000ms (custom)
2019-10-15 15:54:26,450 [pool-37-thread-1] INFO  impl.RaftServerImpl (RaftServerImpl.java:start(195)) - 9efa5aa2-6c41-460f-b55e-e6135d265426@group-14CCC76D478A: start as a follower, conf=-1: [9efa5aa2-6c41-460f-b55e-e6135d265426:192.168.69.88:35771], old=null
2019-10-15 15:54:26,450 [pool-37-thread-1] INFO  impl.RaftServerImpl (RaftServerImpl.java:setRole(184)) - 9efa5aa2-6c41-460f-b55e-e6135d265426@group-14CCC76D478A: changes role from      null to FOLLOWER at term 0 for startAsFollower
2019-10-15 15:54:26,450 [pool-37-thread-1] INFO  impl.RoleInfo (RoleInfo.java:updateAndGet(143)) - 9efa5aa2-6c41-460f-b55e-e6135d265426: start FollowerState
2019-10-15 15:54:26,450 [pool-37-thread-1] INFO  util.JmxRegister (JmxRegister.java:tryRegister(44)) - Successfully registered JMX Bean with object name Ratis:service=RaftServer,group=group-14CCC76D478A,id=9efa5aa2-6c41-460f-b55e-e6135d265426
2019-10-15 15:54:26,459 [RatisPipelineUtilsThread] INFO  pipeline.PipelineStateManager (PipelineStateManager.java:addPipeline(56)) - Created pipeline Pipeline[ Id: 50344d3e-3028-4ac8-bfc2-14ccc76d478a, Nodes: 9efa5aa2-6c41-460f-b55e-e6135d265426{ip: 192.168.69.88, host: dev-nightly-20191015-w4nf7-692592917, networkLocation: /default-rack, certSerialId: null}, Type:RATIS, Factor:ONE, State:OPEN]
2019-10-15 15:54:26,480 [grpc-default-executor-1] INFO  impl.RaftServerProxy (RaftServerProxy.java:addNew(89)) - b7ff31bb-ae39-4067-a71c-fb5e6b3a0e64: addNew group-103D57857047:[502b81c0-94cc-42d9-ac22-46124b9f2555:192.168.69.88:45179, 9efa5aa2-6c41-460f-b55e-e6135d265426:192.168.69.88:35771, b7ff31bb-ae39-4067-a71c-fb5e6b3a0e64:192.168.69.88:37247] returns group-103D57857047:java.util.concurrent.CompletableFuture@2c300c2[Not completed]
2019-10-15 15:54:26,480 [grpc-default-executor-2] INFO  impl.RaftServerProxy (RaftServerProxy.java:addNew(89)) - 502b81c0-94cc-42d9-ac22-46124b9f2555: addNew group-103D57857047:[502b81c0-94cc-42d9-ac22-46124b9f2555:192.168.69.88:45179, 9efa5aa2-6c41-460f-b55e-e6135d265426:192.168.69.88:35771, b7ff31bb-ae39-4067-a71c-fb5e6b3a0e64:192.168.69.88:37247] returns group-103D57857047:java.util.concurrent.CompletableFuture@51c3166d[Not completed]
2019-10-15 15:54:26,480 [Thread-191] INFO  impl.FollowerState (FollowerState.java:run(108)) - 502b81c0-94cc-42d9-ac22-46124b9f2555@group-F646FEF37820-FollowerState: change to CANDIDATE, lastRpcTime:109ms, electionTimeout:109ms
2019-10-15 15:54:26,481 [Thread-191] INFO  impl.RoleInfo (RoleInfo.java:shutdownFollowerState(121)) - 502b81c0-94cc-42d9-ac22-46124b9f2555: shutdown FollowerState
2019-10-15 15:54:26,481 [Thread-191] INFO  impl.RaftServerImpl (RaftServerImpl.java:setRole(184)) - 502b81c0-94cc-42d9-ac22-46124b9f2555@group-F646FEF37820: changes role from  FOLLOWER to CANDIDATE at term 0 for changeToCandidate
2019-10-15 15:54:26,481 [grpc-default-executor-2] INFO  impl.RaftServerProxy (RaftServerProxy.java:addNew(89)) - 9efa5aa2-6c41-460f-b55e-e6135d265426: addNew group-103D57857047:[502b81c0-94cc-42d9-ac22-46124b9f2555:192.168.69.88:45179, 9efa5aa2-6c41-460f-b55e-e6135d265426:192.168.69.88:35771, b7ff31bb-ae39-4067-a71c-fb5e6b3a0e64:192.168.69.88:37247] returns group-103D57857047:java.util.concurrent.CompletableFuture@14c19231[Not completed]
2019-10-15 15:54:26,482 [Thread-191] INFO  impl.RoleInfo (RoleInfo.java:updateAndGet(143)) - 502b81c0-94cc-42d9-ac22-46124b9f2555: start LeaderElection
2019-10-15 15:54:26,484 [pool-27-thread-1] INFO  impl.RaftServerImpl (RaftServerImpl.java:<init>(104)) - b7ff31bb-ae39-4067-a71c-fb5e6b3a0e64: new RaftServerImpl for group-103D57857047:[502b81c0-94cc-42d9-ac22-46124b9f2555:192.168.69.88:45179, 9efa5aa2-6c41-460f-b55e-e6135d265426:192.168.69.88:35771, b7ff31bb-ae39-4067-a71c-fb5e6b3a0e64:192.168.69.88:37247] with ContainerStateMachine:uninitialized
2019-10-15 15:54:26,484 [pool-27-thread-1] INFO  server.RaftServerConfigKeys (ConfUtils.java:logGet(43)) - raft.server.rpc.timeout.min = 5s (custom)
2019-10-15 15:54:26,484 [pool-27-thread-1] INFO  server.RaftServerConfigKeys (ConfUtils.java:logGet(43)) - raft.server.rpc.timeout.max = 5200ms (custom)
2019-10-15 15:54:26,484 [pool-37-thread-1] INFO  impl.RaftServerImpl (RaftServerImpl.java:<init>(104)) - 9efa5aa2-6c41-460f-b55e-e6135d265426: new RaftServerImpl for group-103D57857047:[502b81c0-94cc-42d9-ac22-46124b9f2555:192.168.69.88:45179, 9efa5aa2-6c41-460f-b55e-e6135d265426:192.168.69.88:35771, b7ff31bb-ae39-4067-a71c-fb5e6b3a0e64:192.168.69.88:37247] with ContainerStateMachine:uninitialized
2019-10-15 15:54:26,484 [pool-27-thread-1] INFO  server.RaftServerConfigKeys (ConfUtils.java:logGet(43)) - raft.server.rpcslowness.timeout = 1000s (custom)
2019-10-15 15:54:26,484 [pool-37-thread-1] INFO  server.RaftServerConfigKeys (ConfUtils.java:logGet(43)) - raft.server.rpc.timeout.min = 5s (custom)
2019-10-15 15:54:26,485 [pool-27-thread-1] INFO  server.RaftServerConfigKeys (ConfUtils.java:logGet(43)) - raft.server.sleep.deviation.threshold = 300 (default)
2019-10-15 15:54:26,485 [pool-37-thread-1] INFO  server.RaftServerConfigKeys (ConfUtils.java:logGet(43)) - raft.server.rpc.timeout.max = 5200ms (custom)
2019-10-15 15:54:26,485 [pool-27-thread-1] INFO  server.RaftServerConfigKeys (ConfUtils.java:logGet(43)) - raft.server.log.appender.install.snapshot.enabled = false (custom)
2019-10-15 15:54:26,485 [pool-37-thread-1] INFO  server.RaftServerConfigKeys (ConfUtils.java:logGet(43)) - raft.server.rpcslowness.timeout = 1000s (custom)
2019-10-15 15:54:26,485 [pool-27-thread-1] INFO  impl.RaftServerImpl (ServerState.java:<init>(103)) - b7ff31bb-ae39-4067-a71c-fb5e6b3a0e64@group-103D57857047: ConfigurationManager, init=-1: [502b81c0-94cc-42d9-ac22-46124b9f2555:192.168.69.88:45179, 9efa5aa2-6c41-460f-b55e-e6135d265426:192.168.69.88:35771, b7ff31bb-ae39-4067-a71c-fb5e6b3a0e64:192.168.69.88:37247], old=null, confs=<EMPTY_MAP>
2019-10-15 15:54:26,485 [pool-37-thread-1] INFO  server.RaftServerConfigKeys (ConfUtils.java:logGet(43)) - raft.server.sleep.deviation.threshold = 300 (default)
2019-10-15 15:54:26,485 [pool-37-thread-1] INFO  server.RaftServerConfigKeys (ConfUtils.java:logGet(43)) - raft.server.log.appender.install.snapshot.enabled = false (custom)
2019-10-15 15:54:26,485 [pool-47-thread-1] INFO  impl.RaftServerImpl (RaftServerImpl.java:<init>(104)) - 502b81c0-94cc-42d9-ac22-46124b9f2555: new RaftServerImpl for group-103D57857047:[502b81c0-94cc-42d9-ac22-46124b9f2555:192.168.69.88:45179, 9efa5aa2-6c41-460f-b55e-e6135d265426:192.168.69.88:35771, b7ff31bb-ae39-4067-a71c-fb5e6b3a0e64:192.168.69.88:37247] with ContainerStateMachine:uninitialized
2019-10-15 15:54:26,485 [pool-27-thread-1] INFO  server.RaftServerConfigKeys (ConfUtils.java:logGet(43)) - raft.server.storage.dir = [/workdir/hadoop-ozone/integration-test/target/test-dir/MiniOzoneClusterImpl-2530a391-4f7b-47ef-8901-f981e4040dda/datanode-0/data/ratis] (custom)
2019-10-15 15:54:26,485 [pool-47-thread-1] INFO  server.RaftServerConfigKeys (ConfUtils.java:logGet(43)) - raft.server.rpc.timeout.min = 5s (custom)
2019-10-15 15:54:26,485 [pool-37-thread-1] INFO  impl.RaftServerImpl (ServerState.java:<init>(103)) - 9efa5aa2-6c41-460f-b55e-e6135d265426@group-103D57857047: ConfigurationManager, init=-1: [502b81c0-94cc-42d9-ac22-46124b9f2555:192.168.69.88:45179, 9efa5aa2-6c41-460f-b55e-e6135d265426:192.168.69.88:35771, b7ff31bb-ae39-4067-a71c-fb5e6b3a0e64:192.168.69.88:37247], old=null, confs=<EMPTY_MAP>
2019-10-15 15:54:26,486 [pool-47-thread-1] INFO  server.RaftServerConfigKeys (ConfUtils.java:logGet(43)) - raft.server.rpc.timeout.max = 5200ms (custom)
2019-10-15 15:54:26,486 [pool-27-thread-1] INFO  server.RaftServerConfigKeys (ConfUtils.java:logGet(43)) - raft.server.log.corruption.policy = EXCEPTION (default)
2019-10-15 15:54:26,486 [pool-47-thread-1] INFO  server.RaftServerConfigKeys (ConfUtils.java:logGet(43)) - raft.server.rpcslowness.timeout = 1000s (custom)
2019-10-15 15:54:26,486 [pool-27-thread-1] INFO  storage.RaftStorageDirectory (RaftStorageDirectory.java:analyzeStorage(246)) - The storage directory /workdir/hadoop-ozone/integration-test/target/test-dir/MiniOzoneClusterImpl-2530a391-4f7b-47ef-8901-f981e4040dda/datanode-0/data/ratis/1cf6151f-af98-4e08-a2d2-103d57857047 does not exist. Creating ...
2019-10-15 15:54:26,486 [pool-37-thread-1] INFO  server.RaftServerConfigKeys (ConfUtils.java:logGet(43)) - raft.server.storage.dir = [/workdir/hadoop-ozone/integration-test/target/test-dir/MiniOzoneClusterImpl-2530a391-4f7b-47ef-8901-f981e4040dda/datanode-1/data/ratis] (custom)
2019-10-15 15:54:26,486 [pool-47-thread-1] INFO  server.RaftServerConfigKeys (ConfUtils.java:logGet(43)) - raft.server.sleep.deviation.threshold = 300 (default)
2019-10-15 15:54:26,486 [pool-37-thread-1] INFO  server.RaftServerConfigKeys (ConfUtils.java:logGet(43)) - raft.server.log.corruption.policy = EXCEPTION (default)
2019-10-15 15:54:26,486 [pool-47-thread-1] INFO  server.RaftServerConfigKeys (ConfUtils.java:logGet(43)) - raft.server.log.appender.install.snapshot.enabled = false (custom)
2019-10-15 15:54:26,486 [pool-37-thread-1] INFO  storage.RaftStorageDirectory (RaftStorageDirectory.java:analyzeStorage(246)) - The storage directory /workdir/hadoop-ozone/integration-test/target/test-dir/MiniOzoneClusterImpl-2530a391-4f7b-47ef-8901-f981e4040dda/datanode-1/data/ratis/1cf6151f-af98-4e08-a2d2-103d57857047 does not exist. Creating ...
2019-10-15 15:54:26,487 [pool-47-thread-1] INFO  impl.RaftServerImpl (ServerState.java:<init>(103)) - 502b81c0-94cc-42d9-ac22-46124b9f2555@group-103D57857047: ConfigurationManager, init=-1: [502b81c0-94cc-42d9-ac22-46124b9f2555:192.168.69.88:45179, 9efa5aa2-6c41-460f-b55e-e6135d265426:192.168.69.88:35771, b7ff31bb-ae39-4067-a71c-fb5e6b3a0e64:192.168.69.88:37247], old=null, confs=<EMPTY_MAP>
2019-10-15 15:54:26,487 [pool-47-thread-1] INFO  server.RaftServerConfigKeys (ConfUtils.java:logGet(43)) - raft.server.storage.dir = [/workdir/hadoop-ozone/integration-test/target/test-dir/MiniOzoneClusterImpl-2530a391-4f7b-47ef-8901-f981e4040dda/datanode-2/data/ratis] (custom)
2019-10-15 15:54:26,487 [pool-47-thread-1] INFO  server.RaftServerConfigKeys (ConfUtils.java:logGet(43)) - raft.server.log.corruption.policy = EXCEPTION (default)
2019-10-15 15:54:26,487 [pool-47-thread-1] INFO  storage.RaftStorageDirectory (RaftStorageDirectory.java:analyzeStorage(246)) - The storage directory /workdir/hadoop-ozone/integration-test/target/test-dir/MiniOzoneClusterImpl-2530a391-4f7b-47ef-8901-f981e4040dda/datanode-2/data/ratis/1cf6151f-af98-4e08-a2d2-103d57857047 does not exist. Creating ...
2019-10-15 15:54:26,497 [pool-37-thread-1] INFO  storage.RaftStorageDirectory (RaftStorageDirectory.java:tryLock(328)) - Lock on /workdir/hadoop-ozone/integration-test/target/test-dir/MiniOzoneClusterImpl-2530a391-4f7b-47ef-8901-f981e4040dda/datanode-1/data/ratis/1cf6151f-af98-4e08-a2d2-103d57857047/in_use.lock acquired by nodename 25648@dev-nightly-20191015-w4nf7-692592917
2019-10-15 15:54:26,497 [502b81c0-94cc-42d9-ac22-46124b9f2555@group-F646FEF37820-LeaderElection2] INFO  impl.LeaderElection (LeaderElection.java:askForVotes(178)) - 502b81c0-94cc-42d9-ac22-46124b9f2555@group-F646FEF37820-LeaderElection2: begin an election at term 1 for -1: [502b81c0-94cc-42d9-ac22-46124b9f2555:192.168.69.88:45179], old=null
2019-10-15 15:54:26,497 [pool-47-thread-1] INFO  storage.RaftStorageDirectory (RaftStorageDirectory.java:tryLock(328)) - Lock on /workdir/hadoop-ozone/integration-test/target/test-dir/MiniOzoneClusterImpl-2530a391-4f7b-47ef-8901-f981e4040dda/datanode-2/data/ratis/1cf6151f-af98-4e08-a2d2-103d57857047/in_use.lock acquired by nodename 25648@dev-nightly-20191015-w4nf7-692592917
2019-10-15 15:54:26,497 [pool-27-thread-1] INFO  storage.RaftStorageDirectory (RaftStorageDirectory.java:tryLock(328)) - Lock on /workdir/hadoop-ozone/integration-test/target/test-dir/MiniOzoneClusterImpl-2530a391-4f7b-47ef-8901-f981e4040dda/datanode-0/data/ratis/1cf6151f-af98-4e08-a2d2-103d57857047/in_use.lock acquired by nodename 25648@dev-nightly-20191015-w4nf7-692592917
2019-10-15 15:54:26,508 [502b81c0-94cc-42d9-ac22-46124b9f2555@group-F646FEF37820-LeaderElection2] INFO  impl.RoleInfo (RoleInfo.java:shutdownLeaderElection(134)) - 502b81c0-94cc-42d9-ac22-46124b9f2555: shutdown LeaderElection
2019-10-15 15:54:26,509 [502b81c0-94cc-42d9-ac22-46124b9f2555@group-F646FEF37820-LeaderElection2] INFO  impl.RaftServerImpl (RaftServerImpl.java:setRole(184)) - 502b81c0-94cc-42d9-ac22-46124b9f2555@group-F646FEF37820: changes role from CANDIDATE to LEADER at term 1 for changeToLeader
2019-10-15 15:54:26,509 [502b81c0-94cc-42d9-ac22-46124b9f2555@group-F646FEF37820-LeaderElection2] INFO  impl.RaftServerImpl (ServerState.java:setLeader(256)) - 502b81c0-94cc-42d9-ac22-46124b9f2555@group-F646FEF37820: change Leader from null to 502b81c0-94cc-42d9-ac22-46124b9f2555 at term 1 for becomeLeader, leader elected after 170ms
2019-10-15 15:54:26,509 [502b81c0-94cc-42d9-ac22-46124b9f2555@group-F646FEF37820-LeaderElection2] INFO  server.RaftServerConfigKeys (ConfUtils.java:logGet(43)) - raft.server.staging.catchup.gap = 1000 (default)
2019-10-15 15:54:26,509 [502b81c0-94cc-42d9-ac22-46124b9f2555@group-F646FEF37820-LeaderElection2] INFO  server.RaftServerConfigKeys (ConfUtils.java:logGet(43)) - raft.server.rpc.sleep.time = 25ms (default)
2019-10-15 15:54:26,509 [502b81c0-94cc-42d9-ac22-46124b9f2555@group-F646FEF37820-LeaderElection2] INFO  server.RaftServerConfigKeys (ConfUtils.java:logGet(43)) - raft.server.write.element-limit = 4096 (default)
2019-10-15 15:54:26,510 [502b81c0-94cc-42d9-ac22-46124b9f2555@group-F646FEF37820-LeaderElection2] INFO  server.RaftServerConfigKeys (ConfUtils.java:logGet(43)) - raft.server.watch.timeout = 10s (default)
2019-10-15 15:54:26,510 [502b81c0-94cc-42d9-ac22-46124b9f2555@group-F646FEF37820-LeaderElection2] INFO  server.RaftServerConfigKeys (ConfUtils.java:logGet(43)) - raft.server.watch.timeout.denomination = 1s (default)
2019-10-15 15:54:26,510 [502b81c0-94cc-42d9-ac22-46124b9f2555@group-F646FEF37820-LeaderElection2] INFO  server.RaftServerConfigKeys (ConfUtils.java:logGet(43)) - raft.server.watch.element-limit = 65536 (default)
2019-10-15 15:54:26,512 [502b81c0-94cc-42d9-ac22-46124b9f2555@group-F646FEF37820-LeaderElection2] INFO  impl.RoleInfo (RoleInfo.java:updateAndGet(143)) - 502b81c0-94cc-42d9-ac22-46124b9f2555: start LeaderState
2019-10-15 15:54:26,512 [502b81c0-94cc-42d9-ac22-46124b9f2555@group-F646FEF37820-LeaderElection2] INFO  segmented.SegmentedRaftLogWorker (SegmentedRaftLogWorker.java:startLogSegment(385)) - 502b81c0-94cc-42d9-ac22-46124b9f2555@group-F646FEF37820-SegmentedRaftLogWorker: Starting segment from index:0
2019-10-15 15:54:26,513 [502b81c0-94cc-42d9-ac22-46124b9f2555@group-F646FEF37820-LeaderElection2] INFO  impl.RaftServerImpl (ServerState.java:setRaftConf(357)) - 502b81c0-94cc-42d9-ac22-46124b9f2555@group-F646FEF37820: set configuration 0: [502b81c0-94cc-42d9-ac22-46124b9f2555:192.168.69.88:45179], old=null at 0
2019-10-15 15:54:26,535 [pool-47-thread-1] INFO  storage.RaftStorage (RaftStorage.java:format(84)) - Storage directory /workdir/hadoop-ozone/integration-test/target/test-dir/MiniOzoneClusterImpl-2530a391-4f7b-47ef-8901-f981e4040dda/datanode-2/data/ratis/1cf6151f-af98-4e08-a2d2-103d57857047 has been successfully formatted.
2019-10-15 15:54:26,535 [pool-27-thread-1] INFO  storage.RaftStorage (RaftStorage.java:format(84)) - Storage directory /workdir/hadoop-ozone/integration-test/target/test-dir/MiniOzoneClusterImpl-2530a391-4f7b-47ef-8901-f981e4040dda/datanode-0/data/ratis/1cf6151f-af98-4e08-a2d2-103d57857047 has been successfully formatted.
2019-10-15 15:54:26,535 [b7ff31bb-ae39-4067-a71c-fb5e6b3a0e64@group-6593AF88071A-SegmentedRaftLogWorker] INFO  segmented.SegmentedRaftLogWorker (SegmentedRaftLogWorker.java:execute(576)) - b7ff31bb-ae39-4067-a71c-fb5e6b3a0e64@group-6593AF88071A-SegmentedRaftLogWorker: created new log segment /workdir/hadoop-ozone/integration-test/target/test-dir/MiniOzoneClusterImpl-2530a391-4f7b-47ef-8901-f981e4040dda/datanode-0/data/ratis/7a91d9f7-45cc-46e2-b796-6593af88071a/current/log_inprogress_0
2019-10-15 15:54:26,535 [pool-37-thread-1] INFO  storage.RaftStorage (RaftStorage.java:format(84)) - Storage directory /workdir/hadoop-ozone/integration-test/target/test-dir/MiniOzoneClusterImpl-2530a391-4f7b-47ef-8901-f981e4040dda/datanode-1/data/ratis/1cf6151f-af98-4e08-a2d2-103d57857047 has been successfully formatted.
2019-10-15 15:54:26,535 [pool-27-thread-1] INFO  ratis.ContainerStateMachine (ContainerStateMachine.java:loadSnapshot(231)) - group-103D57857047: The snapshot info is null. Setting the last applied indexto:(t:0, i:~)
2019-10-15 15:54:26,536 [pool-37-thread-1] INFO  ratis.ContainerStateMachine (ContainerStateMachine.java:loadSnapshot(231)) - group-103D57857047: The snapshot info is null. Setting the last applied indexto:(t:0, i:~)
2019-10-15 15:54:26,535 [pool-47-thread-1] INFO  ratis.ContainerStateMachine (ContainerStateMachine.java:loadSnapshot(231)) - group-103D57857047: The snapshot info is null. Setting the last applied indexto:(t:0, i:~)
2019-10-15 15:54:26,536 [pool-37-thread-1] INFO  server.RaftServerConfigKeys (ConfUtils.java:logGet(43)) - raft.server.notification.no-leader.timeout = 1000s (custom)
2019-10-15 15:54:26,536 [pool-27-thread-1] INFO  server.RaftServerConfigKeys (ConfUtils.java:logGet(43)) - raft.server.notification.no-leader.timeout = 1000s (custom)
2019-10-15 15:54:26,536 [pool-37-thread-1] INFO  server.RaftServerConfigKeys (ConfUtils.java:logGet(43)) - raft.server.log.use.memory = false (default)
2019-10-15 15:54:26,536 [pool-47-thread-1] INFO  server.RaftServerConfigKeys (ConfUtils.java:logGet(43)) - raft.server.notification.no-leader.timeout = 1000s (custom)
2019-10-15 15:54:26,536 [pool-37-thread-1] INFO  server.RaftServerConfigKeys (ConfUtils.java:logGet(43)) - raft.server.log.purge.gap = 1000000 (custom)
2019-10-15 15:54:26,536 [pool-27-thread-1] INFO  server.RaftServerConfigKeys (ConfUtils.java:logGet(43)) - raft.server.log.use.memory = false (default)
2019-10-15 15:54:26,536 [pool-37-thread-1] INFO  server.RaftServerConfigKeys (ConfUtils.java:logGet(43)) - raft.server.log.appender.buffer.byte-limit = 33554432 (custom)
2019-10-15 15:54:26,536 [pool-47-thread-1] INFO  server.RaftServerConfigKeys (ConfUtils.java:logGet(43)) - raft.server.log.use.memory = false (default)
2019-10-15 15:54:26,537 [pool-37-thread-1] INFO  server.RaftServerConfigKeys (ConfUtils.java:logGet(43)) - raft.server.log.segment.size.max = 1048576 (custom)
2019-10-15 15:54:26,537 [pool-27-thread-1] INFO  server.RaftServerConfigKeys (ConfUtils.java:logGet(43)) - raft.server.log.purge.gap = 1000000 (custom)
2019-10-15 15:54:26,537 [pool-37-thread-1] INFO  server.RaftServerConfigKeys (ConfUtils.java:logGet(43)) - raft.server.log.segment.cache.num.max = 2 (custom)
2019-10-15 15:54:26,537 [pool-47-thread-1] INFO  server.RaftServerConfigKeys (ConfUtils.java:logGet(43)) - raft.server.log.purge.gap = 1000000 (custom)
2019-10-15 15:54:26,537 [pool-37-thread-1] INFO  segmented.SegmentedRaftLogWorker (SegmentedRaftLogWorker.java:<init>(173)) - new 9efa5aa2-6c41-460f-b55e-e6135d265426@group-103D57857047-SegmentedRaftLogWorker for RaftStorage:Storage Directory /workdir/hadoop-ozone/integration-test/target/test-dir/MiniOzoneClusterImpl-2530a391-4f7b-47ef-8901-f981e4040dda/datanode-1/data/ratis/1cf6151f-af98-4e08-a2d2-103d57857047
2019-10-15 15:54:26,537 [pool-27-thread-1] INFO  server.RaftServerConfigKeys (ConfUtils.java:logGet(43)) - raft.server.log.appender.buffer.byte-limit = 33554432 (custom)
2019-10-15 15:54:26,537 [pool-37-thread-1] INFO  server.RaftServerConfigKeys (ConfUtils.java:logGet(43)) - raft.server.log.queue.byte-limit = 2147483647 (custom)
2019-10-15 15:54:26,537 [pool-47-thread-1] INFO  server.RaftServerConfigKeys (ConfUtils.java:logGet(43)) - raft.server.log.appender.buffer.byte-limit = 33554432 (custom)
2019-10-15 15:54:26,537 [pool-37-thread-1] INFO  server.RaftServerConfigKeys (ConfUtils.java:logGet(43)) - raft.server.log.queue.element-limit = 1024 (custom)
2019-10-15 15:54:26,537 [pool-27-thread-1] INFO  server.RaftServerConfigKeys (ConfUtils.java:logGet(43)) - raft.server.log.segment.size.max = 1048576 (custom)
2019-10-15 15:54:26,538 [pool-37-thread-1] INFO  server.RaftServerConfigKeys (ConfUtils.java:logGet(43)) - raft.server.log.segment.size.max = 1048576 (custom)
2019-10-15 15:54:26,538 [pool-47-thread-1] INFO  server.RaftServerConfigKeys (ConfUtils.java:logGet(43)) - raft.server.log.segment.size.max = 1048576 (custom)
2019-10-15 15:54:26,538 [pool-37-thread-1] INFO  server.RaftServerConfigKeys (ConfUtils.java:logGet(43)) - raft.server.log.preallocated.size = 16384 (custom)
2019-10-15 15:54:26,538 [pool-27-thread-1] INFO  server.RaftServerConfigKeys (ConfUtils.java:logGet(43)) - raft.server.log.segment.cache.num.max = 2 (custom)
2019-10-15 15:54:26,538 [pool-37-thread-1] INFO  server.RaftServerConfigKeys (ConfUtils.java:logGet(43)) - raft.server.log.write.buffer.size = 33554432 (custom)
2019-10-15 15:54:26,538 [pool-47-thread-1] INFO  server.RaftServerConfigKeys (ConfUtils.java:logGet(43)) - raft.server.log.segment.cache.num.max = 2 (custom)
2019-10-15 15:54:26,538 [pool-37-thread-1] INFO  server.RaftServerConfigKeys (ConfUtils.java:logGet(43)) - raft.server.log.force.sync.num = 128 (default)
2019-10-15 15:54:26,538 [pool-27-thread-1] INFO  segmented.SegmentedRaftLogWorker (SegmentedRaftLogWorker.java:<init>(173)) - new b7ff31bb-ae39-4067-a71c-fb5e6b3a0e64@group-103D57857047-SegmentedRaftLogWorker for RaftStorage:Storage Directory /workdir/hadoop-ozone/integration-test/target/test-dir/MiniOzoneClusterImpl-2530a391-4f7b-47ef-8901-f981e4040dda/datanode-0/data/ratis/1cf6151f-af98-4e08-a2d2-103d57857047
2019-10-15 15:54:26,538 [pool-37-thread-1] INFO  server.RaftServerConfigKeys (ConfUtils.java:logGet(43)) - raft.server.log.statemachine.data.sync = true (default)
2019-10-15 15:54:26,538 [pool-47-thread-1] INFO  segmented.SegmentedRaftLogWorker (SegmentedRaftLogWorker.java:<init>(173)) - new 502b81c0-94cc-42d9-ac22-46124b9f2555@group-103D57857047-SegmentedRaftLogWorker for RaftStorage:Storage Directory /workdir/hadoop-ozone/integration-test/target/test-dir/MiniOzoneClusterImpl-2530a391-4f7b-47ef-8901-f981e4040dda/datanode-2/data/ratis/1cf6151f-af98-4e08-a2d2-103d57857047
2019-10-15 15:54:26,539 [pool-37-thread-1] INFO  server.RaftServerConfigKeys (ConfUtils.java:logGet(43)) - raft.server.log.statemachine.data.sync.timeout = 10s (default)
2019-10-15 15:54:26,539 [pool-27-thread-1] INFO  server.RaftServerConfigKeys (ConfUtils.java:logGet(43)) - raft.server.log.queue.byte-limit = 2147483647 (custom)
2019-10-15 15:54:26,539 [pool-37-thread-1] INFO  server.RaftServerConfigKeys (ConfUtils.java:logGet(43)) - raft.server.log.statemachine.data.sync.timeout.retry = -1 (default)
2019-10-15 15:54:26,539 [pool-47-thread-1] INFO  server.RaftServerConfigKeys (ConfUtils.java:logGet(43)) - raft.server.log.queue.byte-limit = 2147483647 (custom)
2019-10-15 15:54:26,539 [pool-27-thread-1] INFO  server.RaftServerConfigKeys (ConfUtils.java:logGet(43)) - raft.server.log.queue.element-limit = 1024 (custom)
2019-10-15 15:54:26,539 [pool-37-thread-1] INFO  server.RaftServerConfigKeys (ConfUtils.java:logGet(43)) - raft.server.log.statemachine.data.caching.enabled = true (custom)
2019-10-15 15:54:26,539 [pool-47-thread-1] INFO  server.RaftServerConfigKeys (ConfUtils.java:logGet(43)) - raft.server.log.queue.element-limit = 1024 (custom)
2019-10-15 15:54:26,539 [pool-27-thread-1] INFO  server.RaftServerConfigKeys (ConfUtils.java:logGet(43)) - raft.server.log.segment.size.max = 1048576 (custom)
2019-10-15 15:54:26,539 [pool-37-thread-1] INFO  segmented.SegmentedRaftLogWorker (SegmentedRaftLogWorker.java:lambda$new$0(128)) - 9efa5aa2-6c41-460f-b55e-e6135d265426@group-103D57857047-SegmentedRaftLogWorker: flushIndex: setUnconditionally 0 -> -1
2019-10-15 15:54:26,539 [pool-47-thread-1] INFO  server.RaftServerConfigKeys (ConfUtils.java:logGet(43)) - raft.server.log.segment.size.max = 1048576 (custom)
2019-10-15 15:54:26,539 [pool-27-thread-1] INFO  server.RaftServerConfigKeys (ConfUtils.java:logGet(43)) - raft.server.log.preallocated.size = 16384 (custom)
2019-10-15 15:54:26,540 [pool-37-thread-1] INFO  server.RaftServerConfigKeys (ConfUtils.java:logGet(43)) - raft.server.snapshot.auto.trigger.enabled = true (custom)
2019-10-15 15:54:26,540 [pool-47-thread-1] INFO  server.RaftServerConfigKeys (ConfUtils.java:logGet(43)) - raft.server.log.preallocated.size = 16384 (custom)
2019-10-15 15:54:26,540 [pool-37-thread-1] INFO  server.RaftServerConfigKeys (ConfUtils.java:logGet(43)) - raft.server.snapshot.auto.trigger.threshold = 10000 (custom)
2019-10-15 15:54:26,540 [pool-27-thread-1] INFO  server.RaftServerConfigKeys (ConfUtils.java:logGet(43)) - raft.server.log.write.buffer.size = 33554432 (custom)
2019-10-15 15:54:26,540 [pool-37-thread-1] INFO  server.RaftServerConfigKeys (ConfUtils.java:logGet(43)) - raft.server.snapshot.retention.file.num = 5 (custom)
2019-10-15 15:54:26,540 [pool-47-thread-1] INFO  server.RaftServerConfigKeys (ConfUtils.java:logGet(43)) - raft.server.log.write.buffer.size = 33554432 (custom)
2019-10-15 15:54:26,540 [pool-27-thread-1] INFO  server.RaftServerConfigKeys (ConfUtils.java:logGet(43)) - raft.server.log.force.sync.num = 128 (default)
2019-10-15 15:54:26,540 [pool-37-thread-1] INFO  server.RaftServerConfigKeys (ConfUtils.java:logGet(43)) - raft.server.retrycache.expirytime = 600000ms (custom)
2019-10-15 15:54:26,540 [pool-47-thread-1] INFO  server.RaftServerConfigKeys (ConfUtils.java:logGet(43)) - raft.server.log.force.sync.num = 128 (default)
2019-10-15 15:54:26,540 [pool-27-thread-1] INFO  server.RaftServerConfigKeys (ConfUtils.java:logGet(43)) - raft.server.log.statemachine.data.sync = true (default)
2019-10-15 15:54:26,541 [pool-47-thread-1] INFO  server.RaftServerConfigKeys (ConfUtils.java:logGet(43)) - raft.server.log.statemachine.data.sync = true (default)
2019-10-15 15:54:26,541 [pool-27-thread-1] INFO  server.RaftServerConfigKeys (ConfUtils.java:logGet(43)) - raft.server.log.statemachine.data.sync.timeout = 10s (default)
2019-10-15 15:54:26,541 [pool-47-thread-1] INFO  server.RaftServerConfigKeys (ConfUtils.java:logGet(43)) - raft.server.log.statemachine.data.sync.timeout = 10s (default)
2019-10-15 15:54:26,541 [pool-27-thread-1] INFO  server.RaftServerConfigKeys (ConfUtils.java:logGet(43)) - raft.server.log.statemachine.data.sync.timeout.retry = -1 (default)
2019-10-15 15:54:26,541 [pool-47-thread-1] INFO  server.RaftServerConfigKeys (ConfUtils.java:logGet(43)) - raft.server.log.statemachine.data.sync.timeout.retry = -1 (default)
2019-10-15 15:54:26,541 [pool-47-thread-1] INFO  server.RaftServerConfigKeys (ConfUtils.java:logGet(43)) - raft.server.log.statemachine.data.caching.enabled = true (custom)
2019-10-15 15:54:26,541 [pool-27-thread-1] INFO  server.RaftServerConfigKeys (ConfUtils.java:logGet(43)) - raft.server.log.statemachine.data.caching.enabled = true (custom)
2019-10-15 15:54:26,542 [pool-37-thread-1] INFO  impl.RaftServerImpl (RaftServerImpl.java:start(195)) - 9efa5aa2-6c41-460f-b55e-e6135d265426@group-103D57857047: start as a follower, conf=-1: [502b81c0-94cc-42d9-ac22-46124b9f2555:192.168.69.88:45179, 9efa5aa2-6c41-460f-b55e-e6135d265426:192.168.69.88:35771, b7ff31bb-ae39-4067-a71c-fb5e6b3a0e64:192.168.69.88:37247], old=null
2019-10-15 15:54:26,542 [pool-47-thread-1] INFO  segmented.SegmentedRaftLogWorker (SegmentedRaftLogWorker.java:lambda$new$0(128)) - 502b81c0-94cc-42d9-ac22-46124b9f2555@group-103D57857047-SegmentedRaftLogWorker: flushIndex: setUnconditionally 0 -> -1
2019-10-15 15:54:26,543 [pool-27-thread-1] INFO  segmented.SegmentedRaftLogWorker (SegmentedRaftLogWorker.java:lambda$new$0(128)) - b7ff31bb-ae39-4067-a71c-fb5e6b3a0e64@group-103D57857047-SegmentedRaftLogWorker: flushIndex: setUnconditionally 0 -> -1
2019-10-15 15:54:26,543 [pool-37-thread-1] INFO  impl.RaftServerImpl (RaftServerImpl.java:setRole(184)) - 9efa5aa2-6c41-460f-b55e-e6135d265426@group-103D57857047: changes role from      null to FOLLOWER at term 0 for startAsFollower
2019-10-15 15:54:26,543 [pool-47-thread-1] INFO  server.RaftServerConfigKeys (ConfUtils.java:logGet(43)) - raft.server.snapshot.auto.trigger.enabled = true (custom)
2019-10-15 15:54:26,543 [pool-27-thread-1] INFO  server.RaftServerConfigKeys (ConfUtils.java:logGet(43)) - raft.server.snapshot.auto.trigger.enabled = true (custom)
2019-10-15 15:54:26,543 [pool-37-thread-1] INFO  impl.RoleInfo (RoleInfo.java:updateAndGet(143)) - 9efa5aa2-6c41-460f-b55e-e6135d265426: start FollowerState
2019-10-15 15:54:26,543 [pool-27-thread-1] INFO  server.RaftServerConfigKeys (ConfUtils.java:logGet(43)) - raft.server.snapshot.auto.trigger.threshold = 10000 (custom)
2019-10-15 15:54:26,543 [pool-47-thread-1] INFO  server.RaftServerConfigKeys (ConfUtils.java:logGet(43)) - raft.server.snapshot.auto.trigger.threshold = 10000 (custom)
2019-10-15 15:54:26,543 [502b81c0-94cc-42d9-ac22-46124b9f2555@group-F646FEF37820-SegmentedRaftLogWorker] INFO  segmented.SegmentedRaftLogWorker (SegmentedRaftLogWorker.java:execute(576)) - 502b81c0-94cc-42d9-ac22-46124b9f2555@group-F646FEF37820-SegmentedRaftLogWorker: created new log segment /workdir/hadoop-ozone/integration-test/target/test-dir/MiniOzoneClusterImpl-2530a391-4f7b-47ef-8901-f981e4040dda/datanode-2/data/ratis/84d84c4d-835f-4c6b-9fcd-f646fef37820/current/log_inprogress_0
2019-10-15 15:54:26,544 [pool-47-thread-1] INFO  server.RaftServerConfigKeys (ConfUtils.java:logGet(43)) - raft.server.snapshot.retention.file.num = 5 (custom)
2019-10-15 15:54:26,543 [pool-37-thread-1] INFO  util.JmxRegister (JmxRegister.java:tryRegister(44)) - Successfully registered JMX Bean with object name Ratis:service=RaftServer,group=group-103D57857047,id=9efa5aa2-6c41-460f-b55e-e6135d265426
2019-10-15 15:54:26,543 [pool-27-thread-1] INFO  server.RaftServerConfigKeys (ConfUtils.java:logGet(43)) - raft.server.snapshot.retention.file.num = 5 (custom)
2019-10-15 15:54:26,544 [pool-47-thread-1] INFO  server.RaftServerConfigKeys (ConfUtils.java:logGet(43)) - raft.server.retrycache.expirytime = 600000ms (custom)
2019-10-15 15:54:26,544 [pool-27-thread-1] INFO  server.RaftServerConfigKeys (ConfUtils.java:logGet(43)) - raft.server.retrycache.expirytime = 600000ms (custom)
2019-10-15 15:54:26,547 [pool-27-thread-1] INFO  impl.RaftServerImpl (RaftServerImpl.java:start(195)) - b7ff31bb-ae39-4067-a71c-fb5e6b3a0e64@group-103D57857047: start as a follower, conf=-1: [502b81c0-94cc-42d9-ac22-46124b9f2555:192.168.69.88:45179, 9efa5aa2-6c41-460f-b55e-e6135d265426:192.168.69.88:35771, b7ff31bb-ae39-4067-a71c-fb5e6b3a0e64:192.168.69.88:37247], old=null
2019-10-15 15:54:26,547 [pool-47-thread-1] INFO  impl.RaftServerImpl (RaftServerImpl.java:start(195)) - 502b81c0-94cc-42d9-ac22-46124b9f2555@group-103D57857047: start as a follower, conf=-1: [502b81c0-94cc-42d9-ac22-46124b9f2555:192.168.69.88:45179, 9efa5aa2-6c41-460f-b55e-e6135d265426:192.168.69.88:35771, b7ff31bb-ae39-4067-a71c-fb5e6b3a0e64:192.168.69.88:37247], old=null
2019-10-15 15:54:26,548 [pool-27-thread-1] INFO  impl.RaftServerImpl (RaftServerImpl.java:setRole(184)) - b7ff31bb-ae39-4067-a71c-fb5e6b3a0e64@group-103D57857047: changes role from      null to FOLLOWER at term 0 for startAsFollower
2019-10-15 15:54:26,549 [pool-47-thread-1] INFO  impl.RaftServerImpl (RaftServerImpl.java:setRole(184)) - 502b81c0-94cc-42d9-ac22-46124b9f2555@group-103D57857047: changes role from      null to FOLLOWER at term 0 for startAsFollower
2019-10-15 15:54:26,549 [pool-27-thread-1] INFO  impl.RoleInfo (RoleInfo.java:updateAndGet(143)) - b7ff31bb-ae39-4067-a71c-fb5e6b3a0e64: start FollowerState
2019-10-15 15:54:26,549 [pool-47-thread-1] INFO  impl.RoleInfo (RoleInfo.java:updateAndGet(143)) - 502b81c0-94cc-42d9-ac22-46124b9f2555: start FollowerState
2019-10-15 15:54:26,550 [pool-27-thread-1] INFO  util.JmxRegister (JmxRegister.java:tryRegister(44)) - Successfully registered JMX Bean with object name Ratis:service=RaftServer,group=group-103D57857047,id=b7ff31bb-ae39-4067-a71c-fb5e6b3a0e64
2019-10-15 15:54:26,550 [pool-47-thread-1] INFO  util.JmxRegister (JmxRegister.java:tryRegister(44)) - Successfully registered JMX Bean with object name Ratis:service=RaftServer,group=group-103D57857047,id=502b81c0-94cc-42d9-ac22-46124b9f2555
2019-10-15 15:54:26,564 [RatisPipelineUtilsThread] INFO  pipeline.PipelineStateManager (PipelineStateManager.java:addPipeline(56)) - Created pipeline Pipeline[ Id: 1cf6151f-af98-4e08-a2d2-103d57857047, Nodes: 502b81c0-94cc-42d9-ac22-46124b9f2555{ip: 192.168.69.88, host: dev-nightly-20191015-w4nf7-692592917, networkLocation: /default-rack, certSerialId: null}b7ff31bb-ae39-4067-a71c-fb5e6b3a0e64{ip: 192.168.69.88, host: dev-nightly-20191015-w4nf7-692592917, networkLocation: /default-rack, certSerialId: null}9efa5aa2-6c41-460f-b55e-e6135d265426{ip: 192.168.69.88, host: dev-nightly-20191015-w4nf7-692592917, networkLocation: /default-rack, certSerialId: null}, Type:RATIS, Factor:THREE, State:OPEN]
2019-10-15 15:54:26,603 [Thread-199] INFO  impl.FollowerState (FollowerState.java:run(108)) - 9efa5aa2-6c41-460f-b55e-e6135d265426@group-103D57857047-FollowerState: change to CANDIDATE, lastRpcTime:59ms, electionTimeout:59ms
2019-10-15 15:54:26,603 [Thread-199] INFO  impl.RoleInfo (RoleInfo.java:shutdownFollowerState(121)) - 9efa5aa2-6c41-460f-b55e-e6135d265426: shutdown FollowerState
2019-10-15 15:54:26,603 [Thread-199] INFO  impl.RaftServerImpl (RaftServerImpl.java:setRole(184)) - 9efa5aa2-6c41-460f-b55e-e6135d265426@group-103D57857047: changes role from  FOLLOWER to CANDIDATE at term 0 for changeToCandidate
2019-10-15 15:54:26,603 [Thread-199] INFO  impl.RoleInfo (RoleInfo.java:updateAndGet(143)) - 9efa5aa2-6c41-460f-b55e-e6135d265426: start LeaderElection
2019-10-15 15:54:26,618 [9efa5aa2-6c41-460f-b55e-e6135d265426@group-103D57857047-LeaderElection3] INFO  impl.LeaderElection (LeaderElection.java:askForVotes(178)) - 9efa5aa2-6c41-460f-b55e-e6135d265426@group-103D57857047-LeaderElection3: begin an election at term 1 for -1: [502b81c0-94cc-42d9-ac22-46124b9f2555:192.168.69.88:45179, 9efa5aa2-6c41-460f-b55e-e6135d265426:192.168.69.88:35771, b7ff31bb-ae39-4067-a71c-fb5e6b3a0e64:192.168.69.88:37247], old=null
2019-10-15 15:54:26,624 [Thread-194] INFO  impl.FollowerState (FollowerState.java:run(108)) - 9efa5aa2-6c41-460f-b55e-e6135d265426@group-14CCC76D478A-FollowerState: change to CANDIDATE, lastRpcTime:173ms, electionTimeout:173ms
2019-10-15 15:54:26,624 [Thread-194] INFO  impl.RoleInfo (RoleInfo.java:shutdownFollowerState(121)) - 9efa5aa2-6c41-460f-b55e-e6135d265426: shutdown FollowerState
2019-10-15 15:54:26,624 [Thread-194] INFO  impl.RaftServerImpl (RaftServerImpl.java:setRole(184)) - 9efa5aa2-6c41-460f-b55e-e6135d265426@group-14CCC76D478A: changes role from  FOLLOWER to CANDIDATE at term 0 for changeToCandidate
2019-10-15 15:54:26,624 [Thread-194] INFO  impl.RoleInfo (RoleInfo.java:updateAndGet(143)) - 9efa5aa2-6c41-460f-b55e-e6135d265426: start LeaderElection
2019-10-15 15:54:26,640 [9efa5aa2-6c41-460f-b55e-e6135d265426@group-14CCC76D478A-LeaderElection4] INFO  impl.LeaderElection (LeaderElection.java:askForVotes(178)) - 9efa5aa2-6c41-460f-b55e-e6135d265426@group-14CCC76D478A-LeaderElection4: begin an election at term 1 for -1: [9efa5aa2-6c41-460f-b55e-e6135d265426:192.168.69.88:35771], old=null
2019-10-15 15:54:26,643 [9efa5aa2-6c41-460f-b55e-e6135d265426@group-14CCC76D478A-LeaderElection4] INFO  impl.RoleInfo (RoleInfo.java:shutdownLeaderElection(134)) - 9efa5aa2-6c41-460f-b55e-e6135d265426: shutdown LeaderElection
2019-10-15 15:54:26,643 [9efa5aa2-6c41-460f-b55e-e6135d265426@group-14CCC76D478A-LeaderElection4] INFO  impl.RaftServerImpl (RaftServerImpl.java:setRole(184)) - 9efa5aa2-6c41-460f-b55e-e6135d265426@group-14CCC76D478A: changes role from CANDIDATE to LEADER at term 1 for changeToLeader
2019-10-15 15:54:26,643 [9efa5aa2-6c41-460f-b55e-e6135d265426@group-14CCC76D478A-LeaderElection4] INFO  impl.RaftServerImpl (ServerState.java:setLeader(256)) - 9efa5aa2-6c41-460f-b55e-e6135d265426@group-14CCC76D478A: change Leader from null to 9efa5aa2-6c41-460f-b55e-e6135d265426 at term 1 for becomeLeader, leader elected after 204ms
2019-10-15 15:54:26,643 [9efa5aa2-6c41-460f-b55e-e6135d265426@group-14CCC76D478A-LeaderElection4] INFO  server.RaftServerConfigKeys (ConfUtils.java:logGet(43)) - raft.server.staging.catchup.gap = 1000 (default)
2019-10-15 15:54:26,643 [9efa5aa2-6c41-460f-b55e-e6135d265426@group-14CCC76D478A-LeaderElection4] INFO  server.RaftServerConfigKeys (ConfUtils.java:logGet(43)) - raft.server.rpc.sleep.time = 25ms (default)
2019-10-15 15:54:26,644 [9efa5aa2-6c41-460f-b55e-e6135d265426@group-14CCC76D478A-LeaderElection4] INFO  server.RaftServerConfigKeys (ConfUtils.java:logGet(43)) - raft.server.write.element-limit = 4096 (default)
2019-10-15 15:54:26,644 [9efa5aa2-6c41-460f-b55e-e6135d265426@group-14CCC76D478A-LeaderElection4] INFO  server.RaftServerConfigKeys (ConfUtils.java:logGet(43)) - raft.server.watch.timeout = 10s (default)
2019-10-15 15:54:26,644 [9efa5aa2-6c41-460f-b55e-e6135d265426@group-14CCC76D478A-LeaderElection4] INFO  server.RaftServerConfigKeys (ConfUtils.java:logGet(43)) - raft.server.watch.timeout.denomination = 1s (default)
2019-10-15 15:54:26,644 [9efa5aa2-6c41-460f-b55e-e6135d265426@group-14CCC76D478A-LeaderElection4] INFO  server.RaftServerConfigKeys (ConfUtils.java:logGet(43)) - raft.server.watch.element-limit = 65536 (default)
2019-10-15 15:54:26,647 [9efa5aa2-6c41-460f-b55e-e6135d265426@group-14CCC76D478A-LeaderElection4] INFO  impl.RoleInfo (RoleInfo.java:updateAndGet(143)) - 9efa5aa2-6c41-460f-b55e-e6135d265426: start LeaderState
2019-10-15 15:54:26,647 [9efa5aa2-6c41-460f-b55e-e6135d265426@group-14CCC76D478A-LeaderElection4] INFO  segmented.SegmentedRaftLogWorker (SegmentedRaftLogWorker.java:startLogSegment(385)) - 9efa5aa2-6c41-460f-b55e-e6135d265426@group-14CCC76D478A-SegmentedRaftLogWorker: Starting segment from index:0
2019-10-15 15:54:26,671 [Thread-203] INFO  impl.FollowerState (FollowerState.java:run(108)) - b7ff31bb-ae39-4067-a71c-fb5e6b3a0e64@group-103D57857047-FollowerState: change to CANDIDATE, lastRpcTime:122ms, electionTimeout:105ms
2019-10-15 15:54:26,671 [9efa5aa2-6c41-460f-b55e-e6135d265426@group-14CCC76D478A-LeaderElection4] INFO  impl.RaftServerImpl (ServerState.java:setRaftConf(357)) - 9efa5aa2-6c41-460f-b55e-e6135d265426@group-14CCC76D478A: set configuration 0: [9efa5aa2-6c41-460f-b55e-e6135d265426:192.168.69.88:35771], old=null at 0
2019-10-15 15:54:26,671 [Thread-203] INFO  impl.RoleInfo (RoleInfo.java:shutdownFollowerState(121)) - b7ff31bb-ae39-4067-a71c-fb5e6b3a0e64: shutdown FollowerState
2019-10-15 15:54:26,672 [Thread-203] INFO  impl.RaftServerImpl (RaftServerImpl.java:setRole(184)) - b7ff31bb-ae39-4067-a71c-fb5e6b3a0e64@group-103D57857047: changes role from  FOLLOWER to CANDIDATE at term 0 for changeToCandidate
2019-10-15 15:54:26,673 [Thread-203] INFO  impl.RoleInfo (RoleInfo.java:updateAndGet(143)) - b7ff31bb-ae39-4067-a71c-fb5e6b3a0e64: start LeaderElection
2019-10-15 15:54:26,676 [9efa5aa2-6c41-460f-b55e-e6135d265426@group-14CCC76D478A-SegmentedRaftLogWorker] INFO  segmented.SegmentedRaftLogWorker (SegmentedRaftLogWorker.java:execute(576)) - 9efa5aa2-6c41-460f-b55e-e6135d265426@group-14CCC76D478A-SegmentedRaftLogWorker: created new log segment /workdir/hadoop-ozone/integration-test/target/test-dir/MiniOzoneClusterImpl-2530a391-4f7b-47ef-8901-f981e4040dda/datanode-1/data/ratis/50344d3e-3028-4ac8-bfc2-14ccc76d478a/current/log_inprogress_0
2019-10-15 15:54:26,677 [grpc-default-executor-1] INFO  impl.RaftServerImpl (RaftServerImpl.java:setRole(184)) - 502b81c0-94cc-42d9-ac22-46124b9f2555@group-103D57857047: changes role from  FOLLOWER to FOLLOWER at term 1 for recognizeCandidate:9efa5aa2-6c41-460f-b55e-e6135d265426
2019-10-15 15:54:26,677 [grpc-default-executor-1] INFO  impl.RoleInfo (RoleInfo.java:shutdownFollowerState(121)) - 502b81c0-94cc-42d9-ac22-46124b9f2555: shutdown FollowerState
2019-10-15 15:54:26,677 [Thread-204] INFO  impl.FollowerState (FollowerState.java:run(117)) - 502b81c0-94cc-42d9-ac22-46124b9f2555@group-103D57857047-FollowerState was interrupted: java.lang.InterruptedException: sleep interrupted
2019-10-15 15:54:26,677 [grpc-default-executor-1] INFO  impl.RoleInfo (RoleInfo.java:updateAndGet(143)) - 502b81c0-94cc-42d9-ac22-46124b9f2555: start FollowerState
2019-10-15 15:54:26,678 [b7ff31bb-ae39-4067-a71c-fb5e6b3a0e64@group-103D57857047-LeaderElection5] INFO  impl.LeaderElection (LeaderElection.java:askForVotes(178)) - b7ff31bb-ae39-4067-a71c-fb5e6b3a0e64@group-103D57857047-LeaderElection5: begin an election at term 1 for -1: [502b81c0-94cc-42d9-ac22-46124b9f2555:192.168.69.88:45179, 9efa5aa2-6c41-460f-b55e-e6135d265426:192.168.69.88:35771, b7ff31bb-ae39-4067-a71c-fb5e6b3a0e64:192.168.69.88:37247], old=null
2019-10-15 15:54:26,690 [Thread-213] INFO  impl.FollowerState (FollowerState.java:run(108)) - 502b81c0-94cc-42d9-ac22-46124b9f2555@group-103D57857047-FollowerState: change to CANDIDATE, lastRpcTime:13ms, electionTimeout:7ms
2019-10-15 15:54:26,691 [Thread-213] INFO  impl.RoleInfo (RoleInfo.java:shutdownFollowerState(121)) - 502b81c0-94cc-42d9-ac22-46124b9f2555: shutdown FollowerState
2019-10-15 15:54:26,691 [Thread-213] INFO  impl.RaftServerImpl (RaftServerImpl.java:setRole(184)) - 502b81c0-94cc-42d9-ac22-46124b9f2555@group-103D57857047: changes role from  FOLLOWER to CANDIDATE at term 1 for changeToCandidate
2019-10-15 15:54:26,692 [Thread-213] INFO  impl.RoleInfo (RoleInfo.java:updateAndGet(143)) - 502b81c0-94cc-42d9-ac22-46124b9f2555: start LeaderElection
2019-10-15 15:54:26,698 [9efa5aa2-6c41-460f-b55e-e6135d265426@group-103D57857047-LeaderElection3] INFO  impl.LeaderElection (LeaderElection.java:logAndReturn(56)) - 9efa5aa2-6c41-460f-b55e-e6135d265426@group-103D57857047-LeaderElection3: Election PASSED; received 2 response(s) [9efa5aa2-6c41-460f-b55e-e6135d265426<-502b81c0-94cc-42d9-ac22-46124b9f2555#0:OK-t1, 9efa5aa2-6c41-460f-b55e-e6135d265426<-b7ff31bb-ae39-4067-a71c-fb5e6b3a0e64#0:FAIL-t1] and 0 exception(s); 9efa5aa2-6c41-460f-b55e-e6135d265426@group-103D57857047:t1, leader=null, voted=9efa5aa2-6c41-460f-b55e-e6135d265426, raftlog=9efa5aa2-6c41-460f-b55e-e6135d265426@group-103D57857047-SegmentedRaftLog:OPENED:c-1,f-1,i0, conf=-1: [502b81c0-94cc-42d9-ac22-46124b9f2555:192.168.69.88:45179, 9efa5aa2-6c41-460f-b55e-e6135d265426:192.168.69.88:35771, b7ff31bb-ae39-4067-a71c-fb5e6b3a0e64:192.168.69.88:37247], old=null
2019-10-15 15:54:26,698 [9efa5aa2-6c41-460f-b55e-e6135d265426@group-103D57857047-LeaderElection3] INFO  impl.RoleInfo (RoleInfo.java:shutdownLeaderElection(134)) - 9efa5aa2-6c41-460f-b55e-e6135d265426: shutdown LeaderElection
2019-10-15 15:54:26,699 [9efa5aa2-6c41-460f-b55e-e6135d265426@group-103D57857047-LeaderElection3] INFO  impl.RaftServerImpl (RaftServerImpl.java:setRole(184)) - 9efa5aa2-6c41-460f-b55e-e6135d265426@group-103D57857047: changes role from CANDIDATE to LEADER at term 1 for changeToLeader
2019-10-15 15:54:26,699 [9efa5aa2-6c41-460f-b55e-e6135d265426@group-103D57857047-LeaderElection3] INFO  impl.RaftServerImpl (ServerState.java:setLeader(256)) - 9efa5aa2-6c41-460f-b55e-e6135d265426@group-103D57857047: change Leader from null to 9efa5aa2-6c41-460f-b55e-e6135d265426 at term 1 for becomeLeader, leader elected after 163ms
2019-10-15 15:54:26,699 [502b81c0-94cc-42d9-ac22-46124b9f2555@group-103D57857047-LeaderElection6] INFO  impl.LeaderElection (LeaderElection.java:askForVotes(178)) - 502b81c0-94cc-42d9-ac22-46124b9f2555@group-103D57857047-LeaderElection6: begin an election at term 2 for -1: [502b81c0-94cc-42d9-ac22-46124b9f2555:192.168.69.88:45179, 9efa5aa2-6c41-460f-b55e-e6135d265426:192.168.69.88:35771, b7ff31bb-ae39-4067-a71c-fb5e6b3a0e64:192.168.69.88:37247], old=null
2019-10-15 15:54:26,699 [9efa5aa2-6c41-460f-b55e-e6135d265426@group-103D57857047-LeaderElection3] INFO  server.RaftServerConfigKeys (ConfUtils.java:logGet(43)) - raft.server.staging.catchup.gap = 1000 (default)
2019-10-15 15:54:26,700 [9efa5aa2-6c41-460f-b55e-e6135d265426@group-103D57857047-LeaderElection3] INFO  server.RaftServerConfigKeys (ConfUtils.java:logGet(43)) - raft.server.rpc.sleep.time = 25ms (default)
2019-10-15 15:54:26,700 [9efa5aa2-6c41-460f-b55e-e6135d265426@group-103D57857047-LeaderElection3] INFO  server.RaftServerConfigKeys (ConfUtils.java:logGet(43)) - raft.server.write.element-limit = 4096 (default)
2019-10-15 15:54:26,700 [9efa5aa2-6c41-460f-b55e-e6135d265426@group-103D57857047-LeaderElection3] INFO  server.RaftServerConfigKeys (ConfUtils.java:logGet(43)) - raft.server.watch.timeout = 10s (default)
2019-10-15 15:54:26,700 [9efa5aa2-6c41-460f-b55e-e6135d265426@group-103D57857047-LeaderElection3] INFO  server.RaftServerConfigKeys (ConfUtils.java:logGet(43)) - raft.server.watch.timeout.denomination = 1s (default)
2019-10-15 15:54:26,700 [9efa5aa2-6c41-460f-b55e-e6135d265426@group-103D57857047-LeaderElection3] INFO  server.RaftServerConfigKeys (ConfUtils.java:logGet(43)) - raft.server.watch.element-limit = 65536 (default)
2019-10-15 15:54:26,705 [b7ff31bb-ae39-4067-a71c-fb5e6b3a0e64@group-103D57857047-LeaderElection5] INFO  impl.LeaderElection (LeaderElection.java:logAndReturn(56)) - b7ff31bb-ae39-4067-a71c-fb5e6b3a0e64@group-103D57857047-LeaderElection5: Election DISCOVERED_A_NEW_TERM; received 2 response(s) [b7ff31bb-ae39-4067-a71c-fb5e6b3a0e64<-502b81c0-94cc-42d9-ac22-46124b9f2555#0:FAIL-t2, b7ff31bb-ae39-4067-a71c-fb5e6b3a0e64<-9efa5aa2-6c41-460f-b55e-e6135d265426#0:FAIL-t1] and 0 exception(s); b7ff31bb-ae39-4067-a71c-fb5e6b3a0e64@group-103D57857047:t1, leader=null, voted=b7ff31bb-ae39-4067-a71c-fb5e6b3a0e64, raftlog=b7ff31bb-ae39-4067-a71c-fb5e6b3a0e64@group-103D57857047-SegmentedRaftLog:OPENED:c-1,f-1,i0, conf=-1: [502b81c0-94cc-42d9-ac22-46124b9f2555:192.168.69.88:45179, 9efa5aa2-6c41-460f-b55e-e6135d265426:192.168.69.88:35771, b7ff31bb-ae39-4067-a71c-fb5e6b3a0e64:192.168.69.88:37247], old=null
2019-10-15 15:54:26,705 [b7ff31bb-ae39-4067-a71c-fb5e6b3a0e64@group-103D57857047-LeaderElection5] INFO  impl.RaftServerImpl (RaftServerImpl.java:setRole(184)) - b7ff31bb-ae39-4067-a71c-fb5e6b3a0e64@group-103D57857047: changes role from CANDIDATE to FOLLOWER at term 2 for DISCOVERED_A_NEW_TERM
2019-10-15 15:54:26,705 [b7ff31bb-ae39-4067-a71c-fb5e6b3a0e64@group-103D57857047-LeaderElection5] INFO  impl.RoleInfo (RoleInfo.java:shutdownLeaderElection(134)) - b7ff31bb-ae39-4067-a71c-fb5e6b3a0e64: shutdown LeaderElection
2019-10-15 15:54:26,706 [b7ff31bb-ae39-4067-a71c-fb5e6b3a0e64@group-103D57857047-LeaderElection5] INFO  impl.RoleInfo (RoleInfo.java:updateAndGet(143)) - b7ff31bb-ae39-4067-a71c-fb5e6b3a0e64: start FollowerState
2019-10-15 15:54:26,711 [9efa5aa2-6c41-460f-b55e-e6135d265426@group-103D57857047-LeaderElection3] INFO  server.RaftServerConfigKeys (ConfUtils.java:logGet(43)) - raft.server.log.appender.snapshot.chunk.size.max = 16MB (=16777216) (default)
2019-10-15 15:54:26,711 [9efa5aa2-6c41-460f-b55e-e6135d265426@group-103D57857047-LeaderElection3] INFO  server.RaftServerConfigKeys (ConfUtils.java:logGet(43)) - raft.server.log.appender.buffer.byte-limit = 33554432 (custom)
2019-10-15 15:54:26,712 [9efa5aa2-6c41-460f-b55e-e6135d265426@group-103D57857047-LeaderElection3] INFO  server.RaftServerConfigKeys (ConfUtils.java:logGet(43)) - raft.server.log.appender.buffer.element-limit = 1 (custom)
2019-10-15 15:54:26,715 [grpc-default-executor-1] INFO  impl.RaftServerImpl (RaftServerImpl.java:setRole(184)) - b7ff31bb-ae39-4067-a71c-fb5e6b3a0e64@group-103D57857047: changes role from  FOLLOWER to FOLLOWER at term 2 for recognizeCandidate:502b81c0-94cc-42d9-ac22-46124b9f2555
2019-10-15 15:54:26,715 [grpc-default-executor-1] INFO  impl.RoleInfo (RoleInfo.java:shutdownFollowerState(121)) - b7ff31bb-ae39-4067-a71c-fb5e6b3a0e64: shutdown FollowerState
2019-10-15 15:54:26,715 [Thread-220] INFO  impl.FollowerState (FollowerState.java:run(117)) - b7ff31bb-ae39-4067-a71c-fb5e6b3a0e64@group-103D57857047-FollowerState was interrupted: java.lang.InterruptedException: sleep interrupted
2019-10-15 15:54:26,715 [grpc-default-executor-1] INFO  impl.RoleInfo (RoleInfo.java:updateAndGet(143)) - b7ff31bb-ae39-4067-a71c-fb5e6b3a0e64: start FollowerState
2019-10-15 15:54:26,716 [9efa5aa2-6c41-460f-b55e-e6135d265426@group-103D57857047-LeaderElection3] INFO  grpc.GrpcConfigKeys$Server (ConfUtils.java:logGet(43)) - raft.grpc.server.leader.outstanding.appends.max = 128 (default)
2019-10-15 15:54:26,718 [9efa5aa2-6c41-460f-b55e-e6135d265426@group-103D57857047-LeaderElection3] INFO  server.RaftServerConfigKeys (ConfUtils.java:logGet(43)) - raft.server.rpc.request.timeout = 3000ms (default)
2019-10-15 15:54:26,718 [9efa5aa2-6c41-460f-b55e-e6135d265426@group-103D57857047-LeaderElection3] INFO  server.RaftServerConfigKeys (ConfUtils.java:logGet(43)) - raft.server.log.appender.install.snapshot.enabled = false (custom)
2019-10-15 15:54:26,722 [9efa5aa2-6c41-460f-b55e-e6135d265426@group-103D57857047-LeaderElection3] INFO  server.RaftServerConfigKeys (ConfUtils.java:logGet(43)) - raft.server.log.appender.snapshot.chunk.size.max = 16MB (=16777216) (default)
2019-10-15 15:54:26,722 [9efa5aa2-6c41-460f-b55e-e6135d265426@group-103D57857047-LeaderElection3] INFO  server.RaftServerConfigKeys (ConfUtils.java:logGet(43)) - raft.server.log.appender.buffer.byte-limit = 33554432 (custom)
2019-10-15 15:54:26,723 [9efa5aa2-6c41-460f-b55e-e6135d265426@group-103D57857047-LeaderElection3] INFO  server.RaftServerConfigKeys (ConfUtils.java:logGet(43)) - raft.server.log.appender.buffer.element-limit = 1 (custom)
2019-10-15 15:54:26,723 [9efa5aa2-6c41-460f-b55e-e6135d265426@group-103D57857047-LeaderElection3] INFO  grpc.GrpcConfigKeys$Server (ConfUtils.java:logGet(43)) - raft.grpc.server.leader.outstanding.appends.max = 128 (default)
2019-10-15 15:54:26,723 [9efa5aa2-6c41-460f-b55e-e6135d265426@group-103D57857047-LeaderElection3] INFO  server.RaftServerConfigKeys (ConfUtils.java:logGet(43)) - raft.server.rpc.request.timeout = 3000ms (default)
2019-10-15 15:54:26,724 [9efa5aa2-6c41-460f-b55e-e6135d265426@group-103D57857047-LeaderElection3] INFO  server.RaftServerConfigKeys (ConfUtils.java:logGet(43)) - raft.server.log.appender.install.snapshot.enabled = false (custom)
2019-10-15 15:54:26,724 [502b81c0-94cc-42d9-ac22-46124b9f2555@group-103D57857047-LeaderElection6] INFO  impl.LeaderElection (LeaderElection.java:logAndReturn(56)) - 502b81c0-94cc-42d9-ac22-46124b9f2555@group-103D57857047-LeaderElection6: Election PASSED; received 1 response(s) [502b81c0-94cc-42d9-ac22-46124b9f2555<-b7ff31bb-ae39-4067-a71c-fb5e6b3a0e64#0:OK-t2] and 0 exception(s); 502b81c0-94cc-42d9-ac22-46124b9f2555@group-103D57857047:t2, leader=null, voted=502b81c0-94cc-42d9-ac22-46124b9f2555, raftlog=502b81c0-94cc-42d9-ac22-46124b9f2555@group-103D57857047-SegmentedRaftLog:OPENED:c-1,f-1,i0, conf=-1: [502b81c0-94cc-42d9-ac22-46124b9f2555:192.168.69.88:45179, 9efa5aa2-6c41-460f-b55e-e6135d265426:192.168.69.88:35771, b7ff31bb-ae39-4067-a71c-fb5e6b3a0e64:192.168.69.88:37247], old=null
2019-10-15 15:54:26,724 [502b81c0-94cc-42d9-ac22-46124b9f2555@group-103D57857047-LeaderElection6] INFO  impl.RoleInfo (RoleInfo.java:shutdownLeaderElection(134)) - 502b81c0-94cc-42d9-ac22-46124b9f2555: shutdown LeaderElection
2019-10-15 15:54:26,725 [502b81c0-94cc-42d9-ac22-46124b9f2555@group-103D57857047-LeaderElection6] INFO  impl.RaftServerImpl (RaftServerImpl.java:setRole(184)) - 502b81c0-94cc-42d9-ac22-46124b9f2555@group-103D57857047: changes role from CANDIDATE to LEADER at term 2 for changeToLeader
2019-10-15 15:54:26,725 [502b81c0-94cc-42d9-ac22-46124b9f2555@group-103D57857047-LeaderElection6] INFO  impl.RaftServerImpl (ServerState.java:setLeader(256)) - 502b81c0-94cc-42d9-ac22-46124b9f2555@group-103D57857047: change Leader from null to 502b81c0-94cc-42d9-ac22-46124b9f2555 at term 2 for becomeLeader, leader elected after 189ms
2019-10-15 15:54:26,725 [502b81c0-94cc-42d9-ac22-46124b9f2555@group-103D57857047-LeaderElection6] INFO  server.RaftServerConfigKeys (ConfUtils.java:logGet(43)) - raft.server.staging.catchup.gap = 1000 (default)
2019-10-15 15:54:26,725 [502b81c0-94cc-42d9-ac22-46124b9f2555@group-103D57857047-LeaderElection6] INFO  server.RaftServerConfigKeys (ConfUtils.java:logGet(43)) - raft.server.rpc.sleep.time = 25ms (default)
2019-10-15 15:54:26,725 [502b81c0-94cc-42d9-ac22-46124b9f2555@group-103D57857047-LeaderElection6] INFO  server.RaftServerConfigKeys (ConfUtils.java:logGet(43)) - raft.server.write.element-limit = 4096 (default)
2019-10-15 15:54:26,725 [502b81c0-94cc-42d9-ac22-46124b9f2555@group-103D57857047-LeaderElection6] INFO  server.RaftServerConfigKeys (ConfUtils.java:logGet(43)) - raft.server.watch.timeout = 10s (default)
2019-10-15 15:54:26,725 [502b81c0-94cc-42d9-ac22-46124b9f2555@group-103D57857047-LeaderElection6] INFO  server.RaftServerConfigKeys (ConfUtils.java:logGet(43)) - raft.server.watch.timeout.denomination = 1s (default)
2019-10-15 15:54:26,726 [502b81c0-94cc-42d9-ac22-46124b9f2555@group-103D57857047-LeaderElection6] INFO  server.RaftServerConfigKeys (ConfUtils.java:logGet(43)) - raft.server.watch.element-limit = 65536 (default)
2019-10-15 15:54:26,727 [502b81c0-94cc-42d9-ac22-46124b9f2555@group-103D57857047-LeaderElection6] INFO  server.RaftServerConfigKeys (ConfUtils.java:logGet(43)) - raft.server.log.appender.snapshot.chunk.size.max = 16MB (=16777216) (default)
2019-10-15 15:54:26,728 [502b81c0-94cc-42d9-ac22-46124b9f2555@group-103D57857047-LeaderElection6] INFO  server.RaftServerConfigKeys (ConfUtils.java:logGet(43)) - raft.server.log.appender.buffer.byte-limit = 33554432 (custom)
2019-10-15 15:54:26,728 [502b81c0-94cc-42d9-ac22-46124b9f2555@group-103D57857047-LeaderElection6] INFO  server.RaftServerConfigKeys (ConfUtils.java:logGet(43)) - raft.server.log.appender.buffer.element-limit = 1 (custom)
2019-10-15 15:54:26,728 [502b81c0-94cc-42d9-ac22-46124b9f2555@group-103D57857047-LeaderElection6] INFO  grpc.GrpcConfigKeys$Server (ConfUtils.java:logGet(43)) - raft.grpc.server.leader.outstanding.appends.max = 128 (default)
2019-10-15 15:54:26,728 [502b81c0-94cc-42d9-ac22-46124b9f2555@group-103D57857047-LeaderElection6] INFO  server.RaftServerConfigKeys (ConfUtils.java:logGet(43)) - raft.server.rpc.request.timeout = 3000ms (default)
2019-10-15 15:54:26,728 [502b81c0-94cc-42d9-ac22-46124b9f2555@group-103D57857047-LeaderElection6] INFO  server.RaftServerConfigKeys (ConfUtils.java:logGet(43)) - raft.server.log.appender.install.snapshot.enabled = false (custom)
2019-10-15 15:54:26,729 [9efa5aa2-6c41-460f-b55e-e6135d265426@group-103D57857047-LeaderElection3] INFO  impl.RoleInfo (RoleInfo.java:updateAndGet(143)) - 9efa5aa2-6c41-460f-b55e-e6135d265426: start LeaderState
2019-10-15 15:54:26,730 [9efa5aa2-6c41-460f-b55e-e6135d265426@group-103D57857047-LeaderElection3] INFO  segmented.SegmentedRaftLogWorker (SegmentedRaftLogWorker.java:startLogSegment(385)) - 9efa5aa2-6c41-460f-b55e-e6135d265426@group-103D57857047-SegmentedRaftLogWorker: Starting segment from index:0
2019-10-15 15:54:26,730 [9efa5aa2-6c41-460f-b55e-e6135d265426@group-103D57857047-LeaderElection3] INFO  impl.RaftServerImpl (ServerState.java:setRaftConf(357)) - 9efa5aa2-6c41-460f-b55e-e6135d265426@group-103D57857047: set configuration 0: [502b81c0-94cc-42d9-ac22-46124b9f2555:192.168.69.88:45179, 9efa5aa2-6c41-460f-b55e-e6135d265426:192.168.69.88:35771, b7ff31bb-ae39-4067-a71c-fb5e6b3a0e64:192.168.69.88:37247], old=null at 0
2019-10-15 15:54:26,752 [main] INFO  ozone.MiniOzoneClusterImpl (MiniOzoneClusterImpl.java:lambda$waitForClusterToBeReady$0(147)) - Cluster is ready. Got 3 of 3 DN Heartbeats.
2019-10-15 15:54:26,753 [grpc-default-executor-3] INFO  impl.RaftServerImpl (ServerState.java:setLeader(256)) - 9efa5aa2-6c41-460f-b55e-e6135d265426@group-103D57857047: change Leader from 9efa5aa2-6c41-460f-b55e-e6135d265426 to null at term 2 for updateCurrentTerm
2019-10-15 15:54:26,753 [grpc-default-executor-3] INFO  impl.RaftServerImpl (RaftServerImpl.java:setRole(184)) - 9efa5aa2-6c41-460f-b55e-e6135d265426@group-103D57857047: changes role from    LEADER to FOLLOWER at term 2 for recognizeCandidate:502b81c0-94cc-42d9-ac22-46124b9f2555
2019-10-15 15:54:26,753 [grpc-default-executor-3] INFO  impl.RoleInfo (RoleInfo.java:shutdownLeaderState(104)) - 9efa5aa2-6c41-460f-b55e-e6135d265426: shutdown LeaderState
2019-10-15 15:54:26,753 [502b81c0-94cc-42d9-ac22-46124b9f2555@group-103D57857047-LeaderElection6] INFO  server.RaftServerConfigKeys (ConfUtils.java:logGet(43)) - raft.server.log.appender.snapshot.chunk.size.max = 16MB (=16777216) (default)
2019-10-15 15:54:26,754 [502b81c0-94cc-42d9-ac22-46124b9f2555@group-103D57857047-LeaderElection6] INFO  server.RaftServerConfigKeys (ConfUtils.java:logGet(43)) - raft.server.log.appender.buffer.byte-limit = 33554432 (custom)
2019-10-15 15:54:26,755 [502b81c0-94cc-42d9-ac22-46124b9f2555@group-103D57857047-LeaderElection6] INFO  server.RaftServerConfigKeys (ConfUtils.java:logGet(43)) - raft.server.log.appender.buffer.element-limit = 1 (custom)
2019-10-15 15:54:26,756 [grpc-default-executor-3] INFO  impl.PendingRequests (PendingRequests.java:sendNotLeaderResponses(202)) - 9efa5aa2-6c41-460f-b55e-e6135d265426@group-103D57857047-PendingRequests: sendNotLeaderResponses
2019-10-15 15:54:26,756 [502b81c0-94cc-42d9-ac22-46124b9f2555@group-103D57857047-LeaderElection6] INFO  grpc.GrpcConfigKeys$Server (ConfUtils.java:logGet(43)) - raft.grpc.server.leader.outstanding.appends.max = 128 (default)
2019-10-15 15:54:26,756 [502b81c0-94cc-42d9-ac22-46124b9f2555@group-103D57857047-LeaderElection6] INFO  server.RaftServerConfigKeys (ConfUtils.java:logGet(43)) - raft.server.rpc.request.timeout = 3000ms (default)
2019-10-15 15:54:26,756 [502b81c0-94cc-42d9-ac22-46124b9f2555@group-103D57857047-LeaderElection6] INFO  server.RaftServerConfigKeys (ConfUtils.java:logGet(43)) - raft.server.log.appender.install.snapshot.enabled = false (custom)
2019-10-15 15:54:26,757 [grpc-default-executor-3] INFO  impl.RoleInfo (RoleInfo.java:updateAndGet(143)) - 9efa5aa2-6c41-460f-b55e-e6135d265426: start FollowerState
2019-10-15 15:54:26,759 [502b81c0-94cc-42d9-ac22-46124b9f2555@group-103D57857047-LeaderElection6] INFO  impl.RoleInfo (RoleInfo.java:updateAndGet(143)) - 502b81c0-94cc-42d9-ac22-46124b9f2555: start LeaderState
2019-10-15 15:54:26,760 [502b81c0-94cc-42d9-ac22-46124b9f2555@group-103D57857047-LeaderElection6] INFO  segmented.SegmentedRaftLogWorker (SegmentedRaftLogWorker.java:startLogSegment(385)) - 502b81c0-94cc-42d9-ac22-46124b9f2555@group-103D57857047-SegmentedRaftLogWorker: Starting segment from index:0
2019-10-15 15:54:26,761 [502b81c0-94cc-42d9-ac22-46124b9f2555@group-103D57857047-LeaderElection6] INFO  impl.RaftServerImpl (ServerState.java:setRaftConf(357)) - 502b81c0-94cc-42d9-ac22-46124b9f2555@group-103D57857047: set configuration 0: [502b81c0-94cc-42d9-ac22-46124b9f2555:192.168.69.88:45179, 9efa5aa2-6c41-460f-b55e-e6135d265426:192.168.69.88:35771, b7ff31bb-ae39-4067-a71c-fb5e6b3a0e64:192.168.69.88:37247], old=null at 0
2019-10-15 15:54:26,784 [9efa5aa2-6c41-460f-b55e-e6135d265426@group-103D57857047-SegmentedRaftLogWorker] INFO  segmented.SegmentedRaftLogWorker (SegmentedRaftLogWorker.java:execute(576)) - 9efa5aa2-6c41-460f-b55e-e6135d265426@group-103D57857047-SegmentedRaftLogWorker: created new log segment /workdir/hadoop-ozone/integration-test/target/test-dir/MiniOzoneClusterImpl-2530a391-4f7b-47ef-8901-f981e4040dda/datanode-1/data/ratis/1cf6151f-af98-4e08-a2d2-103d57857047/current/log_inprogress_0
2019-10-15 15:54:26,787 [org.apache.ratis.server.impl.LogAppender$AppenderDaemon$$Lambda$396/315024990@4c0031cc] WARN  server.GrpcLogAppender (GrpcLogAppender.java:mayWait(149)) - 9efa5aa2-6c41-460f-b55e-e6135d265426@group-103D57857047->502b81c0-94cc-42d9-ac22-46124b9f2555-GrpcLogAppender: Wait interrupted by java.lang.InterruptedException
2019-10-15 15:54:26,788 [org.apache.ratis.server.impl.LogAppender$AppenderDaemon$$Lambda$396/315024990@38edb5a0] WARN  server.GrpcLogAppender (GrpcLogAppender.java:mayWait(149)) - 9efa5aa2-6c41-460f-b55e-e6135d265426@group-103D57857047->b7ff31bb-ae39-4067-a71c-fb5e6b3a0e64-GrpcLogAppender: Wait interrupted by java.lang.InterruptedException
2019-10-15 15:54:26,798 [502b81c0-94cc-42d9-ac22-46124b9f2555@group-103D57857047-SegmentedRaftLogWorker] INFO  segmented.SegmentedRaftLogWorker (SegmentedRaftLogWorker.java:execute(576)) - 502b81c0-94cc-42d9-ac22-46124b9f2555@group-103D57857047-SegmentedRaftLogWorker: created new log segment /workdir/hadoop-ozone/integration-test/target/test-dir/MiniOzoneClusterImpl-2530a391-4f7b-47ef-8901-f981e4040dda/datanode-2/data/ratis/1cf6151f-af98-4e08-a2d2-103d57857047/current/log_inprogress_0
2019-10-15 15:54:26,800 [grpc-default-executor-0] INFO  server.GrpcServerProtocolService (GrpcServerProtocolService.java:onCompleted(113)) - 502b81c0-94cc-42d9-ac22-46124b9f2555: Completed APPEND_ENTRIES, lastRequest: null
2019-10-15 15:54:26,800 [grpc-default-executor-3] INFO  server.GrpcServerProtocolService (GrpcServerProtocolService.java:onCompleted(113)) - b7ff31bb-ae39-4067-a71c-fb5e6b3a0e64: Completed APPEND_ENTRIES, lastRequest: null
2019-10-15 15:54:26,803 [grpc-default-executor-3] INFO  server.GrpcLogAppender (GrpcLogAppender.java:onCompleted(308)) - 9efa5aa2-6c41-460f-b55e-e6135d265426@group-103D57857047->502b81c0-94cc-42d9-ac22-46124b9f2555-AppendLogResponseHandler: follower responses appendEntries COMPLETED
2019-10-15 15:54:26,804 [grpc-default-executor-0] INFO  server.GrpcLogAppender (GrpcLogAppender.java:onCompleted(308)) - 9efa5aa2-6c41-460f-b55e-e6135d265426@group-103D57857047->b7ff31bb-ae39-4067-a71c-fb5e6b3a0e64-AppendLogResponseHandler: follower responses appendEntries COMPLETED
2019-10-15 15:54:26,807 [grpc-default-executor-4] INFO  impl.RaftServerImpl (ServerState.java:setLeader(256)) - 9efa5aa2-6c41-460f-b55e-e6135d265426@group-103D57857047: change Leader from null to 502b81c0-94cc-42d9-ac22-46124b9f2555 at term 2 for appendEntries, leader elected after 54ms
2019-10-15 15:54:26,807 [grpc-default-executor-3] INFO  impl.FollowerInfo (FollowerInfo.java:lambda$new$0(51)) - 9efa5aa2-6c41-460f-b55e-e6135d265426@group-103D57857047->502b81c0-94cc-42d9-ac22-46124b9f2555: nextIndex: updateUnconditionally 0 -> 0
2019-10-15 15:54:26,817 [grpc-default-executor-0] INFO  impl.FollowerInfo (FollowerInfo.java:lambda$new$0(51)) - 9efa5aa2-6c41-460f-b55e-e6135d265426@group-103D57857047->b7ff31bb-ae39-4067-a71c-fb5e6b3a0e64: nextIndex: updateUnconditionally 0 -> 0
2019-10-15 15:54:26,819 [grpc-default-executor-1] INFO  impl.RaftServerImpl (ServerState.java:setLeader(256)) - b7ff31bb-ae39-4067-a71c-fb5e6b3a0e64@group-103D57857047: change Leader from null to 502b81c0-94cc-42d9-ac22-46124b9f2555 at term 2 for appendEntries, leader elected after 283ms
2019-10-15 15:54:26,830 [grpc-default-executor-4] INFO  impl.RaftServerImpl (ServerState.java:setRaftConf(357)) - b7ff31bb-ae39-4067-a71c-fb5e6b3a0e64@group-103D57857047: set configuration 0: [502b81c0-94cc-42d9-ac22-46124b9f2555:192.168.69.88:45179, 9efa5aa2-6c41-460f-b55e-e6135d265426:192.168.69.88:35771, b7ff31bb-ae39-4067-a71c-fb5e6b3a0e64:192.168.69.88:37247], old=null at 0
2019-10-15 15:54:26,830 [grpc-default-executor-1] INFO  impl.RaftServerImpl (ServerState.java:setRaftConf(357)) - 9efa5aa2-6c41-460f-b55e-e6135d265426@group-103D57857047: set configuration 0: [502b81c0-94cc-42d9-ac22-46124b9f2555:192.168.69.88:45179, 9efa5aa2-6c41-460f-b55e-e6135d265426:192.168.69.88:35771, b7ff31bb-ae39-4067-a71c-fb5e6b3a0e64:192.168.69.88:37247], old=null at 0
2019-10-15 15:54:26,830 [grpc-default-executor-4] INFO  segmented.SegmentedRaftLogWorker (SegmentedRaftLogWorker.java:startLogSegment(385)) - b7ff31bb-ae39-4067-a71c-fb5e6b3a0e64@group-103D57857047-SegmentedRaftLogWorker: Starting segment from index:0
2019-10-15 15:54:26,833 [grpc-default-executor-1] INFO  segmented.SegmentedRaftLogWorker (SegmentedRaftLogWorker.java:truncate(401)) - 9efa5aa2-6c41-460f-b55e-e6135d265426@group-103D57857047-SegmentedRaftLogWorker: Truncating segments toTruncate: null
  toDelete: [(0, 0) isOpen? true, length=0, newEndIndex=-1], start index 0
2019-10-15 15:54:26,834 [grpc-default-executor-1] INFO  segmented.SegmentedRaftLogWorker (SegmentedRaftLogWorker.java:startLogSegment(385)) - 9efa5aa2-6c41-460f-b55e-e6135d265426@group-103D57857047-SegmentedRaftLogWorker: Starting segment from index:0
2019-10-15 15:54:26,835 [9efa5aa2-6c41-460f-b55e-e6135d265426@group-103D57857047-SegmentedRaftLogWorker] INFO  segmented.SegmentedRaftLogWorker (SegmentedRaftLogWorker.java:execute(640)) - 9efa5aa2-6c41-460f-b55e-e6135d265426@group-103D57857047-SegmentedRaftLogWorker: Deleted log file /workdir/hadoop-ozone/integration-test/target/test-dir/MiniOzoneClusterImpl-2530a391-4f7b-47ef-8901-f981e4040dda/datanode-1/data/ratis/1cf6151f-af98-4e08-a2d2-103d57857047/current/log_inprogress_0
2019-10-15 15:54:26,836 [9efa5aa2-6c41-460f-b55e-e6135d265426@group-103D57857047-SegmentedRaftLogWorker] INFO  segmented.SegmentedRaftLogWorker (SegmentedRaftLogWorker.java:lambda$new$0(128)) - 9efa5aa2-6c41-460f-b55e-e6135d265426@group-103D57857047-SegmentedRaftLogWorker: flushIndex: setUnconditionally 0 -> -1
2019-10-15 15:54:26,875 [9efa5aa2-6c41-460f-b55e-e6135d265426@group-103D57857047-SegmentedRaftLogWorker] INFO  segmented.SegmentedRaftLogWorker (SegmentedRaftLogWorker.java:execute(576)) - 9efa5aa2-6c41-460f-b55e-e6135d265426@group-103D57857047-SegmentedRaftLogWorker: created new log segment /workdir/hadoop-ozone/integration-test/target/test-dir/MiniOzoneClusterImpl-2530a391-4f7b-47ef-8901-f981e4040dda/datanode-1/data/ratis/1cf6151f-af98-4e08-a2d2-103d57857047/current/log_inprogress_0
2019-10-15 15:54:26,875 [b7ff31bb-ae39-4067-a71c-fb5e6b3a0e64@group-103D57857047-SegmentedRaftLogWorker] INFO  segmented.SegmentedRaftLogWorker (SegmentedRaftLogWorker.java:execute(576)) - b7ff31bb-ae39-4067-a71c-fb5e6b3a0e64@group-103D57857047-SegmentedRaftLogWorker: created new log segment /workdir/hadoop-ozone/integration-test/target/test-dir/MiniOzoneClusterImpl-2530a391-4f7b-47ef-8901-f981e4040dda/datanode-0/data/ratis/1cf6151f-af98-4e08-a2d2-103d57857047/current/log_inprogress_0
2019-10-15 15:54:27,474 [main] INFO  rpc.RpcClient (RpcClient.java:createVolume(272)) - Creating Volume: testcontainerstatemachinefailures, with jenkins1000 as owner.
2019-10-15 15:54:27,551 [IPC Server handler 18 on 38351] INFO  volume.OMVolumeCreateRequest (OMVolumeCreateRequest.java:validateAndUpdateCache(193)) - created volume:testcontainerstatemachinefailures for user:jenkins1000
2019-10-15 15:54:27,571 [main] INFO  rpc.RpcClient (RpcClient.java:createBucket(411)) - Creating Bucket: testcontainerstatemachinefailures/testcontainerstatemachinefailures, with Versioning false and Storage Type set to DISK and Encryption set to false 
2019-10-15 15:54:27,701 [main] INFO  impl.MetricsSystemImpl (MetricsSystemImpl.java:init(158)) - XceiverClientMetrics metrics system started (again)
2019-10-15 15:54:28,144 [Datanode State Machine Thread - 0] INFO  statemachine.DatanodeStateMachine (DatanodeStateMachine.java:lambda$startDaemon$0(350)) - Ozone container server started.
2019-10-15 15:54:28,612 [Thread-181] INFO  container.ReplicationManager (ReplicationManager.java:start(162)) - Starting Replication Monitor Thread.
2019-10-15 15:54:28,614 [ReplicationMonitor] INFO  container.ReplicationManager (ReplicationManager.java:run(225)) - Replication Monitor Thread took 0 milliseconds for processing 1 containers.
2019-10-15 15:54:33,108 [main] INFO  ozoneimpl.OzoneContainer (OzoneContainer.java:stop(227)) - Attempting to stop container services.
2019-10-15 15:54:33,109 [main] INFO  impl.RaftServerProxy (RaftServerProxy.java:lambda$close$4(314)) - 9efa5aa2-6c41-460f-b55e-e6135d265426: close
2019-10-15 15:54:33,111 [main] INFO  impl.RaftServerImpl (RaftServerImpl.java:lambda$shutdown$3(261)) - 9efa5aa2-6c41-460f-b55e-e6135d265426@group-14CCC76D478A: shutdown
2019-10-15 15:54:33,111 [main] INFO  util.JmxRegister (JmxRegister.java:unregister(73)) - Successfully un-registered JMX Bean with object name Ratis:service=RaftServer,group=group-14CCC76D478A,id=9efa5aa2-6c41-460f-b55e-e6135d265426
2019-10-15 15:54:33,112 [main] INFO  impl.RoleInfo (RoleInfo.java:shutdownLeaderState(104)) - 9efa5aa2-6c41-460f-b55e-e6135d265426: shutdown LeaderState
2019-10-15 15:54:33,112 [main] INFO  impl.PendingRequests (PendingRequests.java:sendNotLeaderResponses(202)) - 9efa5aa2-6c41-460f-b55e-e6135d265426@group-14CCC76D478A-PendingRequests: sendNotLeaderResponses
2019-10-15 15:54:33,114 [main] INFO  impl.StateMachineUpdater (StateMachineUpdater.java:stopAndJoin(136)) - 9efa5aa2-6c41-460f-b55e-e6135d265426@group-14CCC76D478A-StateMachineUpdater: set stopIndex = 0
2019-10-15 15:54:33,115 [main] INFO  impl.RaftServerImpl (ServerState.java:close(388)) - 9efa5aa2-6c41-460f-b55e-e6135d265426@group-14CCC76D478A: closes. applyIndex: 0
2019-10-15 15:54:33,116 [9efa5aa2-6c41-460f-b55e-e6135d265426@group-14CCC76D478A-SegmentedRaftLogWorker] INFO  segmented.SegmentedRaftLogWorker (SegmentedRaftLogWorker.java:run(316)) - 9efa5aa2-6c41-460f-b55e-e6135d265426@group-14CCC76D478A-SegmentedRaftLogWorker was interrupted, exiting. There are 0 tasks remaining in the queue.
2019-10-15 15:54:33,117 [main] INFO  segmented.SegmentedRaftLogWorker (SegmentedRaftLogWorker.java:close(224)) - 9efa5aa2-6c41-460f-b55e-e6135d265426@group-14CCC76D478A-SegmentedRaftLogWorker close()
2019-10-15 15:54:33,118 [main] INFO  impl.RaftServerImpl (RaftServerImpl.java:lambda$shutdown$3(261)) - 9efa5aa2-6c41-460f-b55e-e6135d265426@group-103D57857047: shutdown
2019-10-15 15:54:33,118 [main] INFO  util.JmxRegister (JmxRegister.java:unregister(73)) - Successfully un-registered JMX Bean with object name Ratis:service=RaftServer,group=group-103D57857047,id=9efa5aa2-6c41-460f-b55e-e6135d265426
2019-10-15 15:54:33,119 [main] INFO  impl.RoleInfo (RoleInfo.java:shutdownFollowerState(121)) - 9efa5aa2-6c41-460f-b55e-e6135d265426: shutdown FollowerState
2019-10-15 15:54:33,119 [main] INFO  impl.StateMachineUpdater (StateMachineUpdater.java:stopAndJoin(136)) - 9efa5aa2-6c41-460f-b55e-e6135d265426@group-103D57857047-StateMachineUpdater: set stopIndex = 4
2019-10-15 15:54:33,119 [Thread-227] INFO  impl.FollowerState (FollowerState.java:run(117)) - 9efa5aa2-6c41-460f-b55e-e6135d265426@group-103D57857047-FollowerState was interrupted: java.lang.InterruptedException: sleep interrupted
2019-10-15 15:54:33,120 [9efa5aa2-6c41-460f-b55e-e6135d265426@group-103D57857047-StateMachineUpdater] INFO  ratis.ContainerStateMachine (ContainerStateMachine.java:takeSnapshot(294)) - group-103D57857047: Taking a snapshot at:(t:2, i:3) file /workdir/hadoop-ozone/integration-test/target/test-dir/MiniOzoneClusterImpl-2530a391-4f7b-47ef-8901-f981e4040dda/datanode-1/data/ratis/1cf6151f-af98-4e08-a2d2-103d57857047/sm/snapshot.2_3
2019-10-15 15:54:33,247 [9efa5aa2-6c41-460f-b55e-e6135d265426@group-103D57857047-StateMachineUpdater] INFO  ratis.ContainerStateMachine (ContainerStateMachine.java:takeSnapshot(305)) - group-103D57857047: Finished taking a snapshot at:(t:2, i:3) file:/workdir/hadoop-ozone/integration-test/target/test-dir/MiniOzoneClusterImpl-2530a391-4f7b-47ef-8901-f981e4040dda/datanode-1/data/ratis/1cf6151f-af98-4e08-a2d2-103d57857047/sm/snapshot.2_3 time:128
2019-10-15 15:54:33,249 [9efa5aa2-6c41-460f-b55e-e6135d265426@group-103D57857047-StateMachineUpdater] INFO  impl.StateMachineUpdater (StateMachineUpdater.java:takeSnapshot(269)) - 9efa5aa2-6c41-460f-b55e-e6135d265426@group-103D57857047-StateMachineUpdater: Took a snapshot at index 3
2019-10-15 15:54:33,251 [9efa5aa2-6c41-460f-b55e-e6135d265426@group-103D57857047-StateMachineUpdater] INFO  impl.StateMachineUpdater (StateMachineUpdater.java:lambda$new$0(84)) - 9efa5aa2-6c41-460f-b55e-e6135d265426@group-103D57857047-StateMachineUpdater: snapshotIndex: updateIncreasingly -1 -> 3
2019-10-15 15:54:33,254 [9efa5aa2-6c41-460f-b55e-e6135d265426@group-103D57857047-StateMachineUpdater] INFO  ratis.ContainerStateMachine (ContainerStateMachine.java:takeSnapshot(294)) - group-103D57857047: Taking a snapshot at:(t:2, i:3) file /workdir/hadoop-ozone/integration-test/target/test-dir/MiniOzoneClusterImpl-2530a391-4f7b-47ef-8901-f981e4040dda/datanode-1/data/ratis/1cf6151f-af98-4e08-a2d2-103d57857047/sm/snapshot.2_3
2019-10-15 15:54:33,266 [9efa5aa2-6c41-460f-b55e-e6135d265426@group-103D57857047-StateMachineUpdater] INFO  ratis.ContainerStateMachine (ContainerStateMachine.java:takeSnapshot(305)) - group-103D57857047: Finished taking a snapshot at:(t:2, i:3) file:/workdir/hadoop-ozone/integration-test/target/test-dir/MiniOzoneClusterImpl-2530a391-4f7b-47ef-8901-f981e4040dda/datanode-1/data/ratis/1cf6151f-af98-4e08-a2d2-103d57857047/sm/snapshot.2_3 time:12
2019-10-15 15:54:33,267 [9efa5aa2-6c41-460f-b55e-e6135d265426@group-103D57857047-StateMachineUpdater] INFO  impl.StateMachineUpdater (StateMachineUpdater.java:takeSnapshot(269)) - 9efa5aa2-6c41-460f-b55e-e6135d265426@group-103D57857047-StateMachineUpdater: Took a snapshot at index 3
2019-10-15 15:54:33,267 [9efa5aa2-6c41-460f-b55e-e6135d265426@group-103D57857047-StateMachineUpdater] INFO  impl.StateMachineUpdater (StateMachineUpdater.java:lambda$new$0(84)) - 9efa5aa2-6c41-460f-b55e-e6135d265426@group-103D57857047-StateMachineUpdater: snapshotIndex: updateIncreasingly 3 -> 3
2019-10-15 15:54:33,267 [main] INFO  impl.RaftServerImpl (ServerState.java:close(388)) - 9efa5aa2-6c41-460f-b55e-e6135d265426@group-103D57857047: closes. applyIndex: 4
2019-10-15 15:54:33,268 [9efa5aa2-6c41-460f-b55e-e6135d265426@group-103D57857047-SegmentedRaftLogWorker] INFO  segmented.SegmentedRaftLogWorker (SegmentedRaftLogWorker.java:run(316)) - 9efa5aa2-6c41-460f-b55e-e6135d265426@group-103D57857047-SegmentedRaftLogWorker was interrupted, exiting. There are 0 tasks remaining in the queue.
2019-10-15 15:54:33,269 [main] INFO  segmented.SegmentedRaftLogWorker (SegmentedRaftLogWorker.java:close(224)) - 9efa5aa2-6c41-460f-b55e-e6135d265426@group-103D57857047-SegmentedRaftLogWorker close()
2019-10-15 15:54:33,271 [main] INFO  server.GrpcService (GrpcService.java:closeImpl(164)) - 9efa5aa2-6c41-460f-b55e-e6135d265426: shutdown server with port 35771 now
2019-10-15 15:54:33,280 [grpc-default-executor-4] WARN  server.GrpcServerProtocolService (LogUtils.java:warn(134)) - 9efa5aa2-6c41-460f-b55e-e6135d265426: installSnapshot onError, lastRequest: 502b81c0-94cc-42d9-ac22-46124b9f2555->9efa5aa2-6c41-460f-b55e-e6135d265426#7-t2, previous=(t:2, i:4), leaderCommit=4, initializing? false, entries: <empty>: org.apache.ratis.thirdparty.io.grpc.StatusRuntimeException: CANCELLED: cancelled before receiving half close
2019-10-15 15:54:33,281 [main] INFO  server.GrpcService (GrpcService.java:closeImpl(172)) - 9efa5aa2-6c41-460f-b55e-e6135d265426: shutdown server with port 35771 successfully
2019-10-15 15:54:33,282 [grpc-default-executor-0] WARN  server.GrpcLogAppender (LogUtils.java:warn(134)) - 502b81c0-94cc-42d9-ac22-46124b9f2555@group-103D57857047->9efa5aa2-6c41-460f-b55e-e6135d265426-AppendLogResponseHandler: Failed appendEntries: org.apache.ratis.thirdparty.io.grpc.StatusRuntimeException: CANCELLED: HTTP/2 error code: CANCEL
Received Rst Stream
2019-10-15 15:54:33,284 [refreshUsed-/workdir/hadoop-ozone/integration-test/target/test-dir/MiniOzoneClusterImpl-2530a391-4f7b-47ef-8901-f981e4040dda/datanode-1/data/containers] WARN  fs.CachingGetSpaceUsed (CachingGetSpaceUsed.java:run(183)) - Thread Interrupted waiting to refresh disk information: sleep interrupted
2019-10-15 15:54:33,298 [main] INFO  utils.BackgroundService (BackgroundService.java:shutdown(151)) - Shutting down service BlockDeletingService
2019-10-15 15:54:33,301 [main] INFO  statemachine.DatanodeStateMachine (DatanodeStateMachine.java:stopDaemon(395)) - Ozone container server stopped.
2019-10-15 15:54:33,305 [main] INFO  handler.ContextHandler (ContextHandler.java:doStop(910)) - Stopped o.e.j.w.WebAppContext@7a0ef219{/,null,UNAVAILABLE}{/hddsDatanode}
2019-10-15 15:54:33,310 [main] INFO  server.AbstractConnector (AbstractConnector.java:doStop(318)) - Stopped ServerConnector@1b1f5012{HTTP/1.1,[http/1.1]}{0.0.0.0:0}
2019-10-15 15:54:33,310 [main] INFO  handler.ContextHandler (ContextHandler.java:doStop(910)) - Stopped o.e.j.s.ServletContextHandler@8851ce1{/static,jar:file:/home/user/.m2/repository/org/apache/hadoop/hadoop-hdds-container-service/0.5.0-SNAPSHOT/hadoop-hdds-container-service-0.5.0-SNAPSHOT.jar!/webapps/static,UNAVAILABLE}
2019-10-15 15:54:33,310 [main] INFO  handler.ContextHandler (ContextHandler.java:doStop(910)) - Stopped o.e.j.s.ServletContextHandler@5e65afb6{/logs,file:///workdir/hadoop-ozone/integration-test/target/log,UNAVAILABLE}
2019-10-15 15:54:36,318 [java.util.concurrent.ThreadPoolExecutor$Worker@6f70a200[State = -1, empty queue]] WARN  server.GrpcLogAppender (GrpcLogAppender.java:timeoutAppendRequest(209)) - 502b81c0-94cc-42d9-ac22-46124b9f2555@group-103D57857047->9efa5aa2-6c41-460f-b55e-e6135d265426-GrpcLogAppender: appendEntries Timeout, request=502b81c0-94cc-42d9-ac22-46124b9f2555->9efa5aa2-6c41-460f-b55e-e6135d265426#8-t2, previous=(t:2, i:4), leaderCommit=4, initializing? false, entries: size=1, first=(t:2, i:5), STATEMACHINELOGENTRY, client-9849FE5BA529, cid=8
2019-10-15 15:54:36,319 [java.util.concurrent.ThreadPoolExecutor$Worker@6f70a200[State = -1, empty queue]] WARN  server.GrpcLogAppender (GrpcLogAppender.java:timeoutAppendRequest(209)) - 502b81c0-94cc-42d9-ac22-46124b9f2555@group-103D57857047->9efa5aa2-6c41-460f-b55e-e6135d265426-GrpcLogAppender: appendEntries Timeout, request=502b81c0-94cc-42d9-ac22-46124b9f2555->9efa5aa2-6c41-460f-b55e-e6135d265426#9-t2, previous=(t:2, i:5), leaderCommit=4, initializing? false, entries: size=1, first=(t:2, i:6), STATEMACHINELOGENTRY, client-9849FE5BA529, cid=9
2019-10-15 15:54:36,334 [java.util.concurrent.ThreadPoolExecutor$Worker@6f70a200[State = -1, empty queue]] WARN  server.GrpcLogAppender (GrpcLogAppender.java:timeoutAppendRequest(209)) - 502b81c0-94cc-42d9-ac22-46124b9f2555@group-103D57857047->9efa5aa2-6c41-460f-b55e-e6135d265426-GrpcLogAppender: appendEntries Timeout, request=502b81c0-94cc-42d9-ac22-46124b9f2555->9efa5aa2-6c41-460f-b55e-e6135d265426#10-t2, previous=(t:2, i:6), leaderCommit=6, initializing? false, entries: size=1, first=(t:2, i:7), METADATAENTRY(c5)
2019-10-15 15:54:36,334 [java.util.concurrent.ThreadPoolExecutor$Worker@6f70a200[State = -1, empty queue]] WARN  server.GrpcLogAppender (GrpcLogAppender.java:timeoutAppendRequest(209)) - 502b81c0-94cc-42d9-ac22-46124b9f2555@group-103D57857047->9efa5aa2-6c41-460f-b55e-e6135d265426-GrpcLogAppender: appendEntries Timeout, request=502b81c0-94cc-42d9-ac22-46124b9f2555->9efa5aa2-6c41-460f-b55e-e6135d265426#11-t2, previous=(t:2, i:7), leaderCommit=6, initializing? false, entries: size=1, first=(t:2, i:8), METADATAENTRY(c6)
2019-10-15 15:54:38,835 [java.util.concurrent.ThreadPoolExecutor$Worker@6f70a200[State = -1, empty queue]] WARN  server.GrpcLogAppender (GrpcLogAppender.java:timeoutAppendRequest(209)) - 502b81c0-94cc-42d9-ac22-46124b9f2555@group-103D57857047->9efa5aa2-6c41-460f-b55e-e6135d265426-GrpcLogAppender: appendEntries Timeout, request=502b81c0-94cc-42d9-ac22-46124b9f2555->9efa5aa2-6c41-460f-b55e-e6135d265426#12-t2, previous=(t:2, i:8), leaderCommit=8, initializing? false, entries: <empty>
2019-10-15 15:54:41,336 [java.util.concurrent.ThreadPoolExecutor$Worker@6f70a200[State = -1, empty queue]] WARN  server.GrpcLogAppender (GrpcLogAppender.java:timeoutAppendRequest(209)) - 502b81c0-94cc-42d9-ac22-46124b9f2555@group-103D57857047->9efa5aa2-6c41-460f-b55e-e6135d265426-GrpcLogAppender: appendEntries Timeout, request=502b81c0-94cc-42d9-ac22-46124b9f2555->9efa5aa2-6c41-460f-b55e-e6135d265426#13-t2, previous=(t:2, i:8), leaderCommit=8, initializing? false, entries: <empty>
2019-10-15 15:54:43,837 [java.util.concurrent.ThreadPoolExecutor$Worker@6f70a200[State = -1, empty queue]] WARN  server.GrpcLogAppender (GrpcLogAppender.java:timeoutAppendRequest(209)) - 502b81c0-94cc-42d9-ac22-46124b9f2555@group-103D57857047->9efa5aa2-6c41-460f-b55e-e6135d265426-GrpcLogAppender: appendEntries Timeout, request=502b81c0-94cc-42d9-ac22-46124b9f2555->9efa5aa2-6c41-460f-b55e-e6135d265426#14-t2, previous=(t:2, i:8), leaderCommit=8, initializing? false, entries: <empty>
2019-10-15 15:54:43,889 [Thread-291] INFO  client.GrpcClientProtocolService (GrpcClientProtocolService.java:lambda$processClientRequest$0(278)) - Failed RaftClientRequest:client-9849FE5BA529->502b81c0-94cc-42d9-ac22-46124b9f2555@group-103D57857047, cid=10, seq=0, Watch-ALL_COMMITTED(6), Message:<EMPTY>, reply=RaftClientReply:client-9849FE5BA529->502b81c0-94cc-42d9-ac22-46124b9f2555@group-103D57857047, cid=10, FAILED org.apache.ratis.protocol.NotReplicatedException: Request with call Id 10 and log index 6 is not yet replicated to ALL_COMMITTED, logIndex=6, commits[502b81c0-94cc-42d9-ac22-46124b9f2555:c8, 9efa5aa2-6c41-460f-b55e-e6135d265426:c4, b7ff31bb-ae39-4067-a71c-fb5e6b3a0e64:c8]
2019-10-15 15:54:46,338 [java.util.concurrent.ThreadPoolExecutor$Worker@6f70a200[State = -1, empty queue]] WARN  server.GrpcLogAppender (GrpcLogAppender.java:timeoutAppendRequest(209)) - 502b81c0-94cc-42d9-ac22-46124b9f2555@group-103D57857047->9efa5aa2-6c41-460f-b55e-e6135d265426-GrpcLogAppender: appendEntries Timeout, request=502b81c0-94cc-42d9-ac22-46124b9f2555->9efa5aa2-6c41-460f-b55e-e6135d265426#15-t2, previous=(t:2, i:8), leaderCommit=8, initializing? false, entries: <empty>
2019-10-15 15:54:48,838 [java.util.concurrent.ThreadPoolExecutor$Worker@6f70a200[State = -1, empty queue]] WARN  server.GrpcLogAppender (GrpcLogAppender.java:timeoutAppendRequest(209)) - 502b81c0-94cc-42d9-ac22-46124b9f2555@group-103D57857047->9efa5aa2-6c41-460f-b55e-e6135d265426-GrpcLogAppender: appendEntries Timeout, request=502b81c0-94cc-42d9-ac22-46124b9f2555->9efa5aa2-6c41-460f-b55e-e6135d265426#16-t2, previous=(t:2, i:8), leaderCommit=8, initializing? false, entries: <empty>
2019-10-15 15:54:51,341 [java.util.concurrent.ThreadPoolExecutor$Worker@6f70a200[State = -1, empty queue]] WARN  server.GrpcLogAppender (GrpcLogAppender.java:timeoutAppendRequest(209)) - 502b81c0-94cc-42d9-ac22-46124b9f2555@group-103D57857047->9efa5aa2-6c41-460f-b55e-e6135d265426-GrpcLogAppender: appendEntries Timeout, request=502b81c0-94cc-42d9-ac22-46124b9f2555->9efa5aa2-6c41-460f-b55e-e6135d265426#17-t2, previous=(t:2, i:8), leaderCommit=8, initializing? false, entries: <empty>
2019-10-15 15:54:52,393 [Thread-297] INFO  client.GrpcClientProtocolService (GrpcClientProtocolService.java:lambda$processClientRequest$0(278)) - Failed RaftClientRequest:client-9849FE5BA529->b7ff31bb-ae39-4067-a71c-fb5e6b3a0e64@group-103D57857047, cid=10, seq=0, Watch-ALL_COMMITTED(6), Message:<EMPTY>, reply=RaftClientReply:client-9849FE5BA529->b7ff31bb-ae39-4067-a71c-fb5e6b3a0e64@group-103D57857047, cid=10, FAILED org.apache.ratis.protocol.NotLeaderException: Server b7ff31bb-ae39-4067-a71c-fb5e6b3a0e64@group-103D57857047 is not the leader 502b81c0-94cc-42d9-ac22-46124b9f2555:192.168.69.88:45179, logIndex=0, commits[b7ff31bb-ae39-4067-a71c-fb5e6b3a0e64:c8, 502b81c0-94cc-42d9-ac22-46124b9f2555:c8, 9efa5aa2-6c41-460f-b55e-e6135d265426:c4]
2019-10-15 15:54:53,841 [java.util.concurrent.ThreadPoolExecutor$Worker@6f70a200[State = -1, empty queue]] WARN  server.GrpcLogAppender (GrpcLogAppender.java:timeoutAppendRequest(209)) - 502b81c0-94cc-42d9-ac22-46124b9f2555@group-103D57857047->9efa5aa2-6c41-460f-b55e-e6135d265426-GrpcLogAppender: appendEntries Timeout, request=502b81c0-94cc-42d9-ac22-46124b9f2555->9efa5aa2-6c41-460f-b55e-e6135d265426#18-t2, previous=(t:2, i:8), leaderCommit=8, initializing? false, entries: <empty>
2019-10-15 15:54:53,884 [Thread-301] INFO  client.GrpcClientProtocolService (GrpcClientProtocolService.java:lambda$processClientRequest$0(278)) - Failed RaftClientRequest:client-9849FE5BA529->502b81c0-94cc-42d9-ac22-46124b9f2555@group-103D57857047, cid=10, seq=0, Watch-ALL_COMMITTED(6), Message:<EMPTY>, reply=RaftClientReply:client-9849FE5BA529->502b81c0-94cc-42d9-ac22-46124b9f2555@group-103D57857047, cid=10, FAILED org.apache.ratis.protocol.NotReplicatedException: Request with call Id 10 and log index 6 is not yet replicated to ALL_COMMITTED, logIndex=6, commits[502b81c0-94cc-42d9-ac22-46124b9f2555:c8, 9efa5aa2-6c41-460f-b55e-e6135d265426:c4, b7ff31bb-ae39-4067-a71c-fb5e6b3a0e64:c8]
2019-10-15 15:54:56,342 [java.util.concurrent.ThreadPoolExecutor$Worker@6f70a200[State = -1, empty queue]] WARN  server.GrpcLogAppender (GrpcLogAppender.java:timeoutAppendRequest(209)) - 502b81c0-94cc-42d9-ac22-46124b9f2555@group-103D57857047->9efa5aa2-6c41-460f-b55e-e6135d265426-GrpcLogAppender: appendEntries Timeout, request=502b81c0-94cc-42d9-ac22-46124b9f2555->9efa5aa2-6c41-460f-b55e-e6135d265426#19-t2, previous=(t:2, i:8), leaderCommit=8, initializing? false, entries: <empty>
2019-10-15 15:54:58,843 [java.util.concurrent.ThreadPoolExecutor$Worker@6f70a200[State = -1, empty queue]] WARN  server.GrpcLogAppender (GrpcLogAppender.java:timeoutAppendRequest(209)) - 502b81c0-94cc-42d9-ac22-46124b9f2555@group-103D57857047->9efa5aa2-6c41-460f-b55e-e6135d265426-GrpcLogAppender: appendEntries Timeout, request=502b81c0-94cc-42d9-ac22-46124b9f2555->9efa5aa2-6c41-460f-b55e-e6135d265426#20-t2, previous=(t:2, i:8), leaderCommit=8, initializing? false, entries: <empty>
2019-10-15 15:55:01,345 [java.util.concurrent.ThreadPoolExecutor$Worker@6f70a200[State = -1, empty queue]] WARN  server.GrpcLogAppender (GrpcLogAppender.java:timeoutAppendRequest(209)) - 502b81c0-94cc-42d9-ac22-46124b9f2555@group-103D57857047->9efa5aa2-6c41-460f-b55e-e6135d265426-GrpcLogAppender: appendEntries Timeout, request=502b81c0-94cc-42d9-ac22-46124b9f2555->9efa5aa2-6c41-460f-b55e-e6135d265426#21-t2, previous=(t:2, i:8), leaderCommit=8, initializing? false, entries: <empty>
2019-10-15 15:55:01,431 [Thread-307] INFO  client.GrpcClientProtocolService (GrpcClientProtocolService.java:lambda$processClientRequest$0(278)) - Failed RaftClientRequest:client-9849FE5BA529->b7ff31bb-ae39-4067-a71c-fb5e6b3a0e64@group-103D57857047, cid=10, seq=0, Watch-ALL_COMMITTED(6), Message:<EMPTY>, reply=RaftClientReply:client-9849FE5BA529->b7ff31bb-ae39-4067-a71c-fb5e6b3a0e64@group-103D57857047, cid=10, FAILED org.apache.ratis.protocol.NotLeaderException: Server b7ff31bb-ae39-4067-a71c-fb5e6b3a0e64@group-103D57857047 is not the leader 502b81c0-94cc-42d9-ac22-46124b9f2555:192.168.69.88:45179, logIndex=0, commits[b7ff31bb-ae39-4067-a71c-fb5e6b3a0e64:c8, 502b81c0-94cc-42d9-ac22-46124b9f2555:c8, 9efa5aa2-6c41-460f-b55e-e6135d265426:c4]
2019-10-15 15:55:02,884 [Thread-310] INFO  client.GrpcClientProtocolService (GrpcClientProtocolService.java:lambda$processClientRequest$0(278)) - Failed RaftClientRequest:client-9849FE5BA529->502b81c0-94cc-42d9-ac22-46124b9f2555@group-103D57857047, cid=10, seq=0, Watch-ALL_COMMITTED(6), Message:<EMPTY>, reply=RaftClientReply:client-9849FE5BA529->502b81c0-94cc-42d9-ac22-46124b9f2555@group-103D57857047, cid=10, FAILED org.apache.ratis.protocol.NotReplicatedException: Request with call Id 10 and log index 6 is not yet replicated to ALL_COMMITTED, logIndex=6, commits[502b81c0-94cc-42d9-ac22-46124b9f2555:c8, 9efa5aa2-6c41-460f-b55e-e6135d265426:c4, b7ff31bb-ae39-4067-a71c-fb5e6b3a0e64:c8]
2019-10-15 15:55:03,352 [main] WARN  scm.XceiverClientRatis (XceiverClientRatis.java:watchForCommit(277)) - 3 way commit failed on pipeline Pipeline[ Id: 1cf6151f-af98-4e08-a2d2-103d57857047, Nodes: 502b81c0-94cc-42d9-ac22-46124b9f2555{ip: 192.168.69.88, host: dev-nightly-20191015-w4nf7-692592917, networkLocation: /default-rack, certSerialId: null}b7ff31bb-ae39-4067-a71c-fb5e6b3a0e64{ip: 192.168.69.88, host: dev-nightly-20191015-w4nf7-692592917, networkLocation: /default-rack, certSerialId: null}9efa5aa2-6c41-460f-b55e-e6135d265426{ip: 192.168.69.88, host: dev-nightly-20191015-w4nf7-692592917, networkLocation: /default-rack, certSerialId: null}, Type:RATIS, Factor:THREE, State:OPEN]
java.util.concurrent.TimeoutException
	at java.util.concurrent.CompletableFuture.timedGet(CompletableFuture.java:1771)
	at java.util.concurrent.CompletableFuture.get(CompletableFuture.java:1915)
	at org.apache.hadoop.hdds.scm.XceiverClientRatis.watchForCommit(XceiverClientRatis.java:274)
	at org.apache.hadoop.hdds.scm.storage.CommitWatcher.watchForCommit(CommitWatcher.java:198)
	at org.apache.hadoop.hdds.scm.storage.CommitWatcher.watchOnLastIndex(CommitWatcher.java:161)
	at org.apache.hadoop.hdds.scm.storage.BlockOutputStream.watchForCommit(BlockOutputStream.java:346)
	at org.apache.hadoop.hdds.scm.storage.BlockOutputStream.handleFlush(BlockOutputStream.java:482)
	at org.apache.hadoop.hdds.scm.storage.BlockOutputStream.close(BlockOutputStream.java:496)
	at org.apache.hadoop.ozone.client.io.BlockOutputStreamEntry.close(BlockOutputStreamEntry.java:143)
	at org.apache.hadoop.ozone.client.io.KeyOutputStream.handleFlushOrClose(KeyOutputStream.java:435)
	at org.apache.hadoop.ozone.client.io.KeyOutputStream.close(KeyOutputStream.java:473)
	at org.apache.hadoop.ozone.client.io.OzoneOutputStream.close(OzoneOutputStream.java:60)
	at org.apache.hadoop.ozone.client.rpc.TestDeleteWithSlowFollower.testDeleteKeyWithSlowFollower(TestDeleteWithSlowFollower.java:193)
	at sun.reflect.NativeMethodAccessorImpl.invoke0(Native Method)
	at sun.reflect.NativeMethodAccessorImpl.invoke(NativeMethodAccessorImpl.java:62)
	at sun.reflect.DelegatingMethodAccessorImpl.invoke(DelegatingMethodAccessorImpl.java:43)
	at java.lang.reflect.Method.invoke(Method.java:498)
	at org.junit.runners.model.FrameworkMethod$1.runReflectiveCall(FrameworkMethod.java:47)
	at org.junit.internal.runners.model.ReflectiveCallable.run(ReflectiveCallable.java:12)
	at org.junit.runners.model.FrameworkMethod.invokeExplosively(FrameworkMethod.java:44)
	at org.junit.internal.runners.statements.InvokeMethod.evaluate(InvokeMethod.java:17)
	at org.junit.runners.ParentRunner.runLeaf(ParentRunner.java:271)
	at org.junit.runners.BlockJUnit4ClassRunner.runChild(BlockJUnit4ClassRunner.java:70)
	at org.junit.runners.BlockJUnit4ClassRunner.runChild(BlockJUnit4ClassRunner.java:50)
	at org.junit.runners.ParentRunner$3.run(ParentRunner.java:238)
	at org.junit.runners.ParentRunner$1.schedule(ParentRunner.java:63)
	at org.junit.runners.ParentRunner.runChildren(ParentRunner.java:236)
	at org.junit.runners.ParentRunner.access$000(ParentRunner.java:53)
	at org.junit.runners.ParentRunner$2.evaluate(ParentRunner.java:229)
	at org.junit.internal.runners.statements.RunBefores.evaluate(RunBefores.java:26)
	at org.junit.internal.runners.statements.RunAfters.evaluate(RunAfters.java:27)
	at org.junit.runners.ParentRunner.run(ParentRunner.java:309)
	at org.apache.maven.surefire.junit4.JUnit4Provider.execute(JUnit4Provider.java:365)
	at org.apache.maven.surefire.junit4.JUnit4Provider.executeWithRerun(JUnit4Provider.java:273)
	at org.apache.maven.surefire.junit4.JUnit4Provider.executeTestSet(JUnit4Provider.java:238)
	at org.apache.maven.surefire.junit4.JUnit4Provider.invoke(JUnit4Provider.java:159)
	at org.apache.maven.surefire.booter.ForkedBooter.invokeProviderInSameClassLoader(ForkedBooter.java:384)
	at org.apache.maven.surefire.booter.ForkedBooter.runSuitesInProcess(ForkedBooter.java:345)
	at org.apache.maven.surefire.booter.ForkedBooter.execute(ForkedBooter.java:126)
	at org.apache.maven.surefire.booter.ForkedBooter.main(ForkedBooter.java:418)
2019-10-15 15:55:03,372 [main] INFO  scm.XceiverClientRatis (XceiverClientRatis.java:lambda$watchForCommit$5(295)) - Could not commit index 6 on pipeline Pipeline[ Id: 1cf6151f-af98-4e08-a2d2-103d57857047, Nodes: 502b81c0-94cc-42d9-ac22-46124b9f2555{ip: 192.168.69.88, host: dev-nightly-20191015-w4nf7-692592917, networkLocation: /default-rack, certSerialId: null}b7ff31bb-ae39-4067-a71c-fb5e6b3a0e64{ip: 192.168.69.88, host: dev-nightly-20191015-w4nf7-692592917, networkLocation: /default-rack, certSerialId: null}9efa5aa2-6c41-460f-b55e-e6135d265426{ip: 192.168.69.88, host: dev-nightly-20191015-w4nf7-692592917, networkLocation: /default-rack, certSerialId: null}, Type:RATIS, Factor:THREE, State:OPEN] to all the nodes. Server 9efa5aa2-6c41-460f-b55e-e6135d265426 has failed. Committed by majority.
2019-10-15 15:55:03,373 [main] WARN  storage.BlockOutputStream (BlockOutputStream.java:watchForCommit(352)) - Failed to commit BlockId conID: 1 locID: 102967205405851648 bcsId: 6 on Pipeline[ Id: 1cf6151f-af98-4e08-a2d2-103d57857047, Nodes: 502b81c0-94cc-42d9-ac22-46124b9f2555{ip: 192.168.69.88, host: dev-nightly-20191015-w4nf7-692592917, networkLocation: /default-rack, certSerialId: null}b7ff31bb-ae39-4067-a71c-fb5e6b3a0e64{ip: 192.168.69.88, host: dev-nightly-20191015-w4nf7-692592917, networkLocation: /default-rack, certSerialId: null}9efa5aa2-6c41-460f-b55e-e6135d265426{ip: 192.168.69.88, host: dev-nightly-20191015-w4nf7-692592917, networkLocation: /default-rack, certSerialId: null}, Type:RATIS, Factor:THREE, State:OPEN]. Failed nodes: [9efa5aa2-6c41-460f-b55e-e6135d265426{ip: null, host: null, networkLocation: /default-rack, certSerialId: null}]
2019-10-15 15:55:03,446 [EventQueue-IncrementalContainerReportForIncrementalContainerReportHandler] WARN  container.IncrementalContainerReportHandler (AbstractContainerReportHandler.java:updateContainerState(145)) - Container #1 is in OPEN state, but the datanode 502b81c0-94cc-42d9-ac22-46124b9f2555{ip: 192.168.69.88, host: dev-nightly-20191015-w4nf7-692592917, networkLocation: /default-rack, certSerialId: null} reports an CLOSING replica.
2019-10-15 15:55:03,447 [RatisApplyTransactionExecutor 1] INFO  interfaces.Container (KeyValueContainer.java:flushAndSyncDB(386)) - Container 1 is synced with bcsId 6.
2019-10-15 15:55:03,448 [RatisApplyTransactionExecutor 1] INFO  interfaces.Container (KeyValueContainer.java:flushAndSyncDB(386)) - Container 1 is synced with bcsId 6.
2019-10-15 15:55:03,453 [EventQueue-IncrementalContainerReportForIncrementalContainerReportHandler] WARN  container.IncrementalContainerReportHandler (AbstractContainerReportHandler.java:updateContainerState(145)) - Container #1 is in OPEN state, but the datanode b7ff31bb-ae39-4067-a71c-fb5e6b3a0e64{ip: 192.168.69.88, host: dev-nightly-20191015-w4nf7-692592917, networkLocation: /default-rack, certSerialId: null} reports an CLOSING replica.
2019-10-15 15:55:03,454 [RatisApplyTransactionExecutor 1] INFO  interfaces.Container (KeyValueContainer.java:flushAndSyncDB(386)) - Container 1 is synced with bcsId 6.
2019-10-15 15:55:03,455 [RatisApplyTransactionExecutor 1] INFO  interfaces.Container (KeyValueContainer.java:close(335)) - Container 1 is closed with bcsId 6.
2019-10-15 15:55:03,455 [RatisApplyTransactionExecutor 1] INFO  interfaces.Container (KeyValueContainer.java:flushAndSyncDB(386)) - Container 1 is synced with bcsId 6.
2019-10-15 15:55:03,457 [EventQueue-IncrementalContainerReportForIncrementalContainerReportHandler] WARN  container.IncrementalContainerReportHandler (AbstractContainerReportHandler.java:updateContainerState(145)) - Container #1 is in OPEN state, but the datanode 502b81c0-94cc-42d9-ac22-46124b9f2555{ip: 192.168.69.88, host: dev-nightly-20191015-w4nf7-692592917, networkLocation: /default-rack, certSerialId: null} reports an CLOSED replica.
2019-10-15 15:55:03,465 [RatisApplyTransactionExecutor 1] INFO  interfaces.Container (KeyValueContainer.java:close(335)) - Container 1 is closed with bcsId 6.
2019-10-15 15:55:03,467 [EventQueue-IncrementalContainerReportForIncrementalContainerReportHandler] WARN  container.IncrementalContainerReportHandler (AbstractContainerReportHandler.java:updateContainerState(145)) - Container #1 is in OPEN state, but the datanode b7ff31bb-ae39-4067-a71c-fb5e6b3a0e64{ip: 192.168.69.88, host: dev-nightly-20191015-w4nf7-692592917, networkLocation: /default-rack, certSerialId: null} reports an CLOSED replica.
2019-10-15 15:55:03,555 [EventQueue-ContainerReportForContainerReportHandler] WARN  container.ContainerReportHandler (AbstractContainerReportHandler.java:updateContainerState(145)) - Container #1 is in OPEN state, but the datanode 502b81c0-94cc-42d9-ac22-46124b9f2555{ip: 192.168.69.88, host: dev-nightly-20191015-w4nf7-692592917, networkLocation: /default-rack, certSerialId: null} reports an CLOSED replica.
2019-10-15 15:55:03,668 [EventQueue-ContainerReportForContainerReportHandler] WARN  container.ContainerReportHandler (AbstractContainerReportHandler.java:updateContainerState(145)) - Container #1 is in OPEN state, but the datanode b7ff31bb-ae39-4067-a71c-fb5e6b3a0e64{ip: 192.168.69.88, host: dev-nightly-20191015-w4nf7-692592917, networkLocation: /default-rack, certSerialId: null} reports an CLOSED replica.
2019-10-15 15:55:03,785 [IPC Server handler 17 on 36984] INFO  server.SCMBlockProtocolServer (SCMBlockProtocolServer.java:deleteKeyBlocks(212)) - SCM is informed by OM to delete 1 blocks
2019-10-15 15:55:03,785 [IPC Server handler 17 on 36984] INFO  block.BlockManagerImpl (BlockManagerImpl.java:deleteBlocks(285)) - Deleting blocks conID: 1 locID: 102967205405851648 bcsId: 0
2019-10-15 15:55:03,849 [java.util.concurrent.ThreadPoolExecutor$Worker@6f70a200[State = -1, empty queue]] WARN  server.GrpcLogAppender (GrpcLogAppender.java:timeoutAppendRequest(209)) - 502b81c0-94cc-42d9-ac22-46124b9f2555@group-103D57857047->9efa5aa2-6c41-460f-b55e-e6135d265426-GrpcLogAppender: appendEntries Timeout, request=502b81c0-94cc-42d9-ac22-46124b9f2555->9efa5aa2-6c41-460f-b55e-e6135d265426#22-t2, previous=(t:2, i:8), leaderCommit=8, initializing? false, entries: <empty>
2019-10-15 15:55:03,857 [EventQueue-ContainerReportForContainerReportHandler] WARN  container.ContainerReportHandler (AbstractContainerReportHandler.java:updateContainerState(145)) - Container #1 is in OPEN state, but the datanode 502b81c0-94cc-42d9-ac22-46124b9f2555{ip: 192.168.69.88, host: dev-nightly-20191015-w4nf7-692592917, networkLocation: /default-rack, certSerialId: null} reports an CLOSED replica.
2019-10-15 15:55:03,859 [BlockDeletingService#2] WARN  background.BlockDeletingService (BlockDeletingService.java:isDeletionAllowed(187)) - Close Container log Index 6 is not replicated across allthe servers in the pipeline 1cf6151f-af98-4e08-a2d2-103d57857047 as the min replicated index is 4. Deletion is not allowed in this container yet.
2019-10-15 15:55:03,859 [BlockDeletingService#2] WARN  background.BlockDeletingService (BlockDeletingService.java:isDeletionAllowed(187)) - Close Container log Index 6 is not replicated across allthe servers in the pipeline 1cf6151f-af98-4e08-a2d2-103d57857047 as the min replicated index is 4. Deletion is not allowed in this container yet.
2019-10-15 15:55:04,056 [EventQueue-ContainerReportForContainerReportHandler] WARN  container.ContainerReportHandler (AbstractContainerReportHandler.java:updateContainerState(145)) - Container #1 is in OPEN state, but the datanode 502b81c0-94cc-42d9-ac22-46124b9f2555{ip: 192.168.69.88, host: dev-nightly-20191015-w4nf7-692592917, networkLocation: /default-rack, certSerialId: null} reports an CLOSED replica.
2019-10-15 15:55:04,068 [EventQueue-ContainerReportForContainerReportHandler] WARN  container.ContainerReportHandler (AbstractContainerReportHandler.java:updateContainerState(145)) - Container #1 is in OPEN state, but the datanode b7ff31bb-ae39-4067-a71c-fb5e6b3a0e64{ip: 192.168.69.88, host: dev-nightly-20191015-w4nf7-692592917, networkLocation: /default-rack, certSerialId: null} reports an CLOSED replica.
2019-10-15 15:55:04,457 [EventQueue-ContainerReportForContainerReportHandler] WARN  container.ContainerReportHandler (AbstractContainerReportHandler.java:updateContainerState(145)) - Container #1 is in OPEN state, but the datanode 502b81c0-94cc-42d9-ac22-46124b9f2555{ip: 192.168.69.88, host: dev-nightly-20191015-w4nf7-692592917, networkLocation: /default-rack, certSerialId: null} reports an CLOSED replica.
2019-10-15 15:55:04,468 [EventQueue-ContainerReportForContainerReportHandler] WARN  container.ContainerReportHandler (AbstractContainerReportHandler.java:updateContainerState(145)) - Container #1 is in OPEN state, but the datanode b7ff31bb-ae39-4067-a71c-fb5e6b3a0e64{ip: 192.168.69.88, host: dev-nightly-20191015-w4nf7-692592917, networkLocation: /default-rack, certSerialId: null} reports an CLOSED replica.
2019-10-15 15:55:04,669 [EventQueue-ContainerReportForContainerReportHandler] WARN  container.ContainerReportHandler (AbstractContainerReportHandler.java:updateContainerState(145)) - Container #1 is in OPEN state, but the datanode b7ff31bb-ae39-4067-a71c-fb5e6b3a0e64{ip: 192.168.69.88, host: dev-nightly-20191015-w4nf7-692592917, networkLocation: /default-rack, certSerialId: null} reports an CLOSED replica.
2019-10-15 15:55:04,757 [EventQueue-ContainerReportForContainerReportHandler] WARN  container.ContainerReportHandler (AbstractContainerReportHandler.java:updateContainerState(145)) - Container #1 is in OPEN state, but the datanode 502b81c0-94cc-42d9-ac22-46124b9f2555{ip: 192.168.69.88, host: dev-nightly-20191015-w4nf7-692592917, networkLocation: /default-rack, certSerialId: null} reports an CLOSED replica.
2019-10-15 15:55:04,861 [BlockDeletingService#2] WARN  background.BlockDeletingService (BlockDeletingService.java:isDeletionAllowed(187)) - Close Container log Index 6 is not replicated across allthe servers in the pipeline 1cf6151f-af98-4e08-a2d2-103d57857047 as the min replicated index is 4. Deletion is not allowed in this container yet.
2019-10-15 15:55:04,862 [BlockDeletingService#2] WARN  background.BlockDeletingService (BlockDeletingService.java:isDeletionAllowed(187)) - Close Container log Index 6 is not replicated across allthe servers in the pipeline 1cf6151f-af98-4e08-a2d2-103d57857047 as the min replicated index is 4. Deletion is not allowed in this container yet.
2019-10-15 15:55:04,968 [EventQueue-ContainerReportForContainerReportHandler] WARN  container.ContainerReportHandler (AbstractContainerReportHandler.java:updateContainerState(145)) - Container #1 is in OPEN state, but the datanode b7ff31bb-ae39-4067-a71c-fb5e6b3a0e64{ip: 192.168.69.88, host: dev-nightly-20191015-w4nf7-692592917, networkLocation: /default-rack, certSerialId: null} reports an CLOSED replica.
2019-10-15 15:55:05,158 [EventQueue-ContainerReportForContainerReportHandler] WARN  container.ContainerReportHandler (AbstractContainerReportHandler.java:updateContainerState(145)) - Container #1 is in OPEN state, but the datanode 502b81c0-94cc-42d9-ac22-46124b9f2555{ip: 192.168.69.88, host: dev-nightly-20191015-w4nf7-692592917, networkLocation: /default-rack, certSerialId: null} reports an CLOSED replica.
2019-10-15 15:55:05,168 [EventQueue-ContainerReportForContainerReportHandler] WARN  container.ContainerReportHandler (AbstractContainerReportHandler.java:updateContainerState(145)) - Container #1 is in OPEN state, but the datanode b7ff31bb-ae39-4067-a71c-fb5e6b3a0e64{ip: 192.168.69.88, host: dev-nightly-20191015-w4nf7-692592917, networkLocation: /default-rack, certSerialId: null} reports an CLOSED replica.
2019-10-15 15:55:05,358 [EventQueue-ContainerReportForContainerReportHandler] WARN  container.ContainerReportHandler (AbstractContainerReportHandler.java:updateContainerState(145)) - Container #1 is in OPEN state, but the datanode 502b81c0-94cc-42d9-ac22-46124b9f2555{ip: 192.168.69.88, host: dev-nightly-20191015-w4nf7-692592917, networkLocation: /default-rack, certSerialId: null} reports an CLOSED replica.
2019-10-15 15:55:05,368 [EventQueue-ContainerReportForContainerReportHandler] WARN  container.ContainerReportHandler (AbstractContainerReportHandler.java:updateContainerState(145)) - Container #1 is in OPEN state, but the datanode b7ff31bb-ae39-4067-a71c-fb5e6b3a0e64{ip: 192.168.69.88, host: dev-nightly-20191015-w4nf7-692592917, networkLocation: /default-rack, certSerialId: null} reports an CLOSED replica.
2019-10-15 15:55:05,568 [EventQueue-ContainerReportForContainerReportHandler] WARN  container.ContainerReportHandler (AbstractContainerReportHandler.java:updateContainerState(145)) - Container #1 is in OPEN state, but the datanode b7ff31bb-ae39-4067-a71c-fb5e6b3a0e64{ip: 192.168.69.88, host: dev-nightly-20191015-w4nf7-692592917, networkLocation: /default-rack, certSerialId: null} reports an CLOSED replica.
2019-10-15 15:55:05,657 [EventQueue-ContainerReportForContainerReportHandler] WARN  container.ContainerReportHandler (AbstractContainerReportHandler.java:updateContainerState(145)) - Container #1 is in OPEN state, but the datanode 502b81c0-94cc-42d9-ac22-46124b9f2555{ip: 192.168.69.88, host: dev-nightly-20191015-w4nf7-692592917, networkLocation: /default-rack, certSerialId: null} reports an CLOSED replica.
2019-10-15 15:55:05,863 [BlockDeletingService#2] WARN  background.BlockDeletingService (BlockDeletingService.java:isDeletionAllowed(187)) - Close Container log Index 6 is not replicated across allthe servers in the pipeline 1cf6151f-af98-4e08-a2d2-103d57857047 as the min replicated index is 4. Deletion is not allowed in this container yet.
2019-10-15 15:55:05,863 [BlockDeletingService#2] WARN  background.BlockDeletingService (BlockDeletingService.java:isDeletionAllowed(187)) - Close Container log Index 6 is not replicated across allthe servers in the pipeline 1cf6151f-af98-4e08-a2d2-103d57857047 as the min replicated index is 4. Deletion is not allowed in this container yet.
2019-10-15 15:55:05,869 [EventQueue-ContainerReportForContainerReportHandler] WARN  container.ContainerReportHandler (AbstractContainerReportHandler.java:updateContainerState(145)) - Container #1 is in OPEN state, but the datanode b7ff31bb-ae39-4067-a71c-fb5e6b3a0e64{ip: 192.168.69.88, host: dev-nightly-20191015-w4nf7-692592917, networkLocation: /default-rack, certSerialId: null} reports an CLOSED replica.
2019-10-15 15:55:05,957 [EventQueue-ContainerReportForContainerReportHandler] WARN  container.ContainerReportHandler (AbstractContainerReportHandler.java:updateContainerState(145)) - Container #1 is in OPEN state, but the datanode 502b81c0-94cc-42d9-ac22-46124b9f2555{ip: 192.168.69.88, host: dev-nightly-20191015-w4nf7-692592917, networkLocation: /default-rack, certSerialId: null} reports an CLOSED replica.
2019-10-15 15:55:06,169 [EventQueue-ContainerReportForContainerReportHandler] WARN  container.ContainerReportHandler (AbstractContainerReportHandler.java:updateContainerState(145)) - Container #1 is in OPEN state, but the datanode b7ff31bb-ae39-4067-a71c-fb5e6b3a0e64{ip: 192.168.69.88, host: dev-nightly-20191015-w4nf7-692592917, networkLocation: /default-rack, certSerialId: null} reports an CLOSED replica.
2019-10-15 15:55:06,257 [EventQueue-ContainerReportForContainerReportHandler] WARN  container.ContainerReportHandler (AbstractContainerReportHandler.java:updateContainerState(145)) - Container #1 is in OPEN state, but the datanode 502b81c0-94cc-42d9-ac22-46124b9f2555{ip: 192.168.69.88, host: dev-nightly-20191015-w4nf7-692592917, networkLocation: /default-rack, certSerialId: null} reports an CLOSED replica.
2019-10-15 15:55:06,351 [java.util.concurrent.ThreadPoolExecutor$Worker@6f70a200[State = -1, empty queue]] WARN  server.GrpcLogAppender (GrpcLogAppender.java:timeoutAppendRequest(209)) - 502b81c0-94cc-42d9-ac22-46124b9f2555@group-103D57857047->9efa5aa2-6c41-460f-b55e-e6135d265426-GrpcLogAppender: appendEntries Timeout, request=502b81c0-94cc-42d9-ac22-46124b9f2555->9efa5aa2-6c41-460f-b55e-e6135d265426#23-t2, previous=(t:2, i:8), leaderCommit=8, initializing? false, entries: <empty>
2019-10-15 15:55:06,419 [java.util.concurrent.ThreadPoolExecutor$Worker@6f70a200[State = -1, empty queue]] WARN  server.GrpcLogAppender (GrpcLogAppender.java:timeoutAppendRequest(209)) - 502b81c0-94cc-42d9-ac22-46124b9f2555@group-103D57857047->9efa5aa2-6c41-460f-b55e-e6135d265426-GrpcLogAppender: appendEntries Timeout, request=502b81c0-94cc-42d9-ac22-46124b9f2555->9efa5aa2-6c41-460f-b55e-e6135d265426#24-t2, previous=(t:2, i:8), leaderCommit=8, initializing? false, entries: size=1, first=(t:2, i:9), STATEMACHINELOGENTRY, client-A3D19B906B4B, cid=12
2019-10-15 15:55:06,432 [java.util.concurrent.ThreadPoolExecutor$Worker@6f70a200[State = -1, empty queue]] WARN  server.GrpcLogAppender (GrpcLogAppender.java:timeoutAppendRequest(209)) - 502b81c0-94cc-42d9-ac22-46124b9f2555@group-103D57857047->9efa5aa2-6c41-460f-b55e-e6135d265426-GrpcLogAppender: appendEntries Timeout, request=502b81c0-94cc-42d9-ac22-46124b9f2555->9efa5aa2-6c41-460f-b55e-e6135d265426#25-t2, previous=(t:2, i:9), leaderCommit=9, initializing? false, entries: size=1, first=(t:2, i:10), METADATAENTRY(c9)
2019-10-15 15:55:06,469 [EventQueue-ContainerReportForContainerReportHandler] WARN  container.ContainerReportHandler (AbstractContainerReportHandler.java:updateContainerState(145)) - Container #1 is in OPEN state, but the datanode b7ff31bb-ae39-4067-a71c-fb5e6b3a0e64{ip: 192.168.69.88, host: dev-nightly-20191015-w4nf7-692592917, networkLocation: /default-rack, certSerialId: null} reports an CLOSED replica.
2019-10-15 15:55:06,657 [EventQueue-ContainerReportForContainerReportHandler] WARN  container.ContainerReportHandler (AbstractContainerReportHandler.java:updateContainerState(145)) - Container #1 is in OPEN state, but the datanode 502b81c0-94cc-42d9-ac22-46124b9f2555{ip: 192.168.69.88, host: dev-nightly-20191015-w4nf7-692592917, networkLocation: /default-rack, certSerialId: null} reports an CLOSED replica.
2019-10-15 15:55:06,768 [EventQueue-ContainerReportForContainerReportHandler] WARN  container.ContainerReportHandler (AbstractContainerReportHandler.java:updateContainerState(145)) - Container #1 is in OPEN state, but the datanode b7ff31bb-ae39-4067-a71c-fb5e6b3a0e64{ip: 192.168.69.88, host: dev-nightly-20191015-w4nf7-692592917, networkLocation: /default-rack, certSerialId: null} reports an CLOSED replica.
2019-10-15 15:55:06,865 [BlockDeletingService#2] WARN  background.BlockDeletingService (BlockDeletingService.java:isDeletionAllowed(187)) - Close Container log Index 6 is not replicated across allthe servers in the pipeline 1cf6151f-af98-4e08-a2d2-103d57857047 as the min replicated index is 4. Deletion is not allowed in this container yet.
2019-10-15 15:55:06,865 [BlockDeletingService#2] WARN  background.BlockDeletingService (BlockDeletingService.java:isDeletionAllowed(187)) - Close Container log Index 6 is not replicated across allthe servers in the pipeline 1cf6151f-af98-4e08-a2d2-103d57857047 as the min replicated index is 4. Deletion is not allowed in this container yet.
2019-10-15 15:55:07,059 [EventQueue-ContainerReportForContainerReportHandler] WARN  container.ContainerReportHandler (AbstractContainerReportHandler.java:updateContainerState(145)) - Container #1 is in OPEN state, but the datanode 502b81c0-94cc-42d9-ac22-46124b9f2555{ip: 192.168.69.88, host: dev-nightly-20191015-w4nf7-692592917, networkLocation: /default-rack, certSerialId: null} reports an CLOSED replica.
2019-10-15 15:55:07,068 [EventQueue-ContainerReportForContainerReportHandler] WARN  container.ContainerReportHandler (AbstractContainerReportHandler.java:updateContainerState(145)) - Container #1 is in OPEN state, but the datanode b7ff31bb-ae39-4067-a71c-fb5e6b3a0e64{ip: 192.168.69.88, host: dev-nightly-20191015-w4nf7-692592917, networkLocation: /default-rack, certSerialId: null} reports an CLOSED replica.
2019-10-15 15:55:07,359 [EventQueue-ContainerReportForContainerReportHandler] WARN  container.ContainerReportHandler (AbstractContainerReportHandler.java:updateContainerState(145)) - Container #1 is in OPEN state, but the datanode 502b81c0-94cc-42d9-ac22-46124b9f2555{ip: 192.168.69.88, host: dev-nightly-20191015-w4nf7-692592917, networkLocation: /default-rack, certSerialId: null} reports an CLOSED replica.
2019-10-15 15:55:07,368 [EventQueue-ContainerReportForContainerReportHandler] WARN  container.ContainerReportHandler (AbstractContainerReportHandler.java:updateContainerState(145)) - Container #1 is in OPEN state, but the datanode b7ff31bb-ae39-4067-a71c-fb5e6b3a0e64{ip: 192.168.69.88, host: dev-nightly-20191015-w4nf7-692592917, networkLocation: /default-rack, certSerialId: null} reports an CLOSED replica.
2019-10-15 15:55:07,559 [EventQueue-ContainerReportForContainerReportHandler] WARN  container.ContainerReportHandler (AbstractContainerReportHandler.java:updateContainerState(145)) - Container #1 is in OPEN state, but the datanode 502b81c0-94cc-42d9-ac22-46124b9f2555{ip: 192.168.69.88, host: dev-nightly-20191015-w4nf7-692592917, networkLocation: /default-rack, certSerialId: null} reports an CLOSED replica.
2019-10-15 15:55:07,668 [EventQueue-ContainerReportForContainerReportHandler] WARN  container.ContainerReportHandler (AbstractContainerReportHandler.java:updateContainerState(145)) - Container #1 is in OPEN state, but the datanode b7ff31bb-ae39-4067-a71c-fb5e6b3a0e64{ip: 192.168.69.88, host: dev-nightly-20191015-w4nf7-692592917, networkLocation: /default-rack, certSerialId: null} reports an CLOSED replica.
2019-10-15 15:55:07,859 [EventQueue-ContainerReportForContainerReportHandler] WARN  container.ContainerReportHandler (AbstractContainerReportHandler.java:updateContainerState(145)) - Container #1 is in OPEN state, but the datanode 502b81c0-94cc-42d9-ac22-46124b9f2555{ip: 192.168.69.88, host: dev-nightly-20191015-w4nf7-692592917, networkLocation: /default-rack, certSerialId: null} reports an CLOSED replica.
2019-10-15 15:55:07,870 [BlockDeletingService#2] WARN  background.BlockDeletingService (BlockDeletingService.java:isDeletionAllowed(187)) - Close Container log Index 6 is not replicated across allthe servers in the pipeline 1cf6151f-af98-4e08-a2d2-103d57857047 as the min replicated index is 4. Deletion is not allowed in this container yet.
2019-10-15 15:55:07,870 [BlockDeletingService#2] WARN  background.BlockDeletingService (BlockDeletingService.java:isDeletionAllowed(187)) - Close Container log Index 6 is not replicated across allthe servers in the pipeline 1cf6151f-af98-4e08-a2d2-103d57857047 as the min replicated index is 4. Deletion is not allowed in this container yet.
2019-10-15 15:55:07,969 [EventQueue-ContainerReportForContainerReportHandler] WARN  container.ContainerReportHandler (AbstractContainerReportHandler.java:updateContainerState(145)) - Container #1 is in OPEN state, but the datanode b7ff31bb-ae39-4067-a71c-fb5e6b3a0e64{ip: 192.168.69.88, host: dev-nightly-20191015-w4nf7-692592917, networkLocation: /default-rack, certSerialId: null} reports an CLOSED replica.
2019-10-15 15:55:08,161 [EventQueue-ContainerReportForContainerReportHandler] WARN  container.ContainerReportHandler (AbstractContainerReportHandler.java:updateContainerState(145)) - Container #1 is in OPEN state, but the datanode 502b81c0-94cc-42d9-ac22-46124b9f2555{ip: 192.168.69.88, host: dev-nightly-20191015-w4nf7-692592917, networkLocation: /default-rack, certSerialId: null} reports an CLOSED replica.
2019-10-15 15:55:08,269 [EventQueue-ContainerReportForContainerReportHandler] WARN  container.ContainerReportHandler (AbstractContainerReportHandler.java:updateContainerState(145)) - Container #1 is in OPEN state, but the datanode b7ff31bb-ae39-4067-a71c-fb5e6b3a0e64{ip: 192.168.69.88, host: dev-nightly-20191015-w4nf7-692592917, networkLocation: /default-rack, certSerialId: null} reports an CLOSED replica.
2019-10-15 15:55:08,460 [EventQueue-ContainerReportForContainerReportHandler] WARN  container.ContainerReportHandler (AbstractContainerReportHandler.java:updateContainerState(145)) - Container #1 is in OPEN state, but the datanode 502b81c0-94cc-42d9-ac22-46124b9f2555{ip: 192.168.69.88, host: dev-nightly-20191015-w4nf7-692592917, networkLocation: /default-rack, certSerialId: null} reports an CLOSED replica.
2019-10-15 15:55:08,570 [EventQueue-ContainerReportForContainerReportHandler] WARN  container.ContainerReportHandler (AbstractContainerReportHandler.java:updateContainerState(145)) - Container #1 is in OPEN state, but the datanode b7ff31bb-ae39-4067-a71c-fb5e6b3a0e64{ip: 192.168.69.88, host: dev-nightly-20191015-w4nf7-692592917, networkLocation: /default-rack, certSerialId: null} reports an CLOSED replica.
2019-10-15 15:55:08,761 [EventQueue-ContainerReportForContainerReportHandler] WARN  container.ContainerReportHandler (AbstractContainerReportHandler.java:updateContainerState(145)) - Container #1 is in OPEN state, but the datanode 502b81c0-94cc-42d9-ac22-46124b9f2555{ip: 192.168.69.88, host: dev-nightly-20191015-w4nf7-692592917, networkLocation: /default-rack, certSerialId: null} reports an CLOSED replica.
2019-10-15 15:55:08,872 [BlockDeletingService#2] WARN  background.BlockDeletingService (BlockDeletingService.java:isDeletionAllowed(187)) - Close Container log Index 6 is not replicated across allthe servers in the pipeline 1cf6151f-af98-4e08-a2d2-103d57857047 as the min replicated index is 4. Deletion is not allowed in this container yet.
2019-10-15 15:55:08,872 [BlockDeletingService#2] WARN  background.BlockDeletingService (BlockDeletingService.java:isDeletionAllowed(187)) - Close Container log Index 6 is not replicated across allthe servers in the pipeline 1cf6151f-af98-4e08-a2d2-103d57857047 as the min replicated index is 4. Deletion is not allowed in this container yet.
2019-10-15 15:55:08,934 [java.util.concurrent.ThreadPoolExecutor$Worker@6f70a200[State = -1, empty queue]] WARN  server.GrpcLogAppender (GrpcLogAppender.java:timeoutAppendRequest(209)) - 502b81c0-94cc-42d9-ac22-46124b9f2555@group-103D57857047->9efa5aa2-6c41-460f-b55e-e6135d265426-GrpcLogAppender: appendEntries Timeout, request=502b81c0-94cc-42d9-ac22-46124b9f2555->9efa5aa2-6c41-460f-b55e-e6135d265426#26-t2, previous=(t:2, i:10), leaderCommit=10, initializing? false, entries: <empty>
2019-10-15 15:55:08,972 [EventQueue-ContainerReportForContainerReportHandler] WARN  container.ContainerReportHandler (AbstractContainerReportHandler.java:updateContainerState(145)) - Container #1 is in OPEN state, but the datanode b7ff31bb-ae39-4067-a71c-fb5e6b3a0e64{ip: 192.168.69.88, host: dev-nightly-20191015-w4nf7-692592917, networkLocation: /default-rack, certSerialId: null} reports an CLOSED replica.
2019-10-15 15:55:09,060 [EventQueue-ContainerReportForContainerReportHandler] WARN  container.ContainerReportHandler (AbstractContainerReportHandler.java:updateContainerState(145)) - Container #1 is in OPEN state, but the datanode 502b81c0-94cc-42d9-ac22-46124b9f2555{ip: 192.168.69.88, host: dev-nightly-20191015-w4nf7-692592917, networkLocation: /default-rack, certSerialId: null} reports an CLOSED replica.
2019-10-15 15:55:09,374 [EventQueue-ContainerReportForContainerReportHandler] WARN  container.ContainerReportHandler (AbstractContainerReportHandler.java:updateContainerState(145)) - Container #1 is in OPEN state, but the datanode b7ff31bb-ae39-4067-a71c-fb5e6b3a0e64{ip: 192.168.69.88, host: dev-nightly-20191015-w4nf7-692592917, networkLocation: /default-rack, certSerialId: null} reports an CLOSED replica.
2019-10-15 15:55:09,461 [EventQueue-ContainerReportForContainerReportHandler] WARN  container.ContainerReportHandler (AbstractContainerReportHandler.java:updateContainerState(145)) - Container #1 is in OPEN state, but the datanode 502b81c0-94cc-42d9-ac22-46124b9f2555{ip: 192.168.69.88, host: dev-nightly-20191015-w4nf7-692592917, networkLocation: /default-rack, certSerialId: null} reports an CLOSED replica.
2019-10-15 15:55:09,673 [EventQueue-ContainerReportForContainerReportHandler] WARN  container.ContainerReportHandler (AbstractContainerReportHandler.java:updateContainerState(145)) - Container #1 is in OPEN state, but the datanode b7ff31bb-ae39-4067-a71c-fb5e6b3a0e64{ip: 192.168.69.88, host: dev-nightly-20191015-w4nf7-692592917, networkLocation: /default-rack, certSerialId: null} reports an CLOSED replica.
2019-10-15 15:55:09,762 [EventQueue-ContainerReportForContainerReportHandler] WARN  container.ContainerReportHandler (AbstractContainerReportHandler.java:updateContainerState(145)) - Container #1 is in OPEN state, but the datanode 502b81c0-94cc-42d9-ac22-46124b9f2555{ip: 192.168.69.88, host: dev-nightly-20191015-w4nf7-692592917, networkLocation: /default-rack, certSerialId: null} reports an CLOSED replica.
2019-10-15 15:55:09,874 [BlockDeletingService#2] WARN  background.BlockDeletingService (BlockDeletingService.java:isDeletionAllowed(187)) - Close Container log Index 6 is not replicated across allthe servers in the pipeline 1cf6151f-af98-4e08-a2d2-103d57857047 as the min replicated index is 4. Deletion is not allowed in this container yet.
2019-10-15 15:55:09,874 [BlockDeletingService#2] WARN  background.BlockDeletingService (BlockDeletingService.java:isDeletionAllowed(187)) - Close Container log Index 6 is not replicated across allthe servers in the pipeline 1cf6151f-af98-4e08-a2d2-103d57857047 as the min replicated index is 4. Deletion is not allowed in this container yet.
2019-10-15 15:55:09,963 [EventQueue-ContainerReportForContainerReportHandler] WARN  container.ContainerReportHandler (AbstractContainerReportHandler.java:updateContainerState(145)) - Container #1 is in OPEN state, but the datanode 502b81c0-94cc-42d9-ac22-46124b9f2555{ip: 192.168.69.88, host: dev-nightly-20191015-w4nf7-692592917, networkLocation: /default-rack, certSerialId: null} reports an CLOSED replica.
2019-10-15 15:55:09,974 [EventQueue-ContainerReportForContainerReportHandler] WARN  container.ContainerReportHandler (AbstractContainerReportHandler.java:updateContainerState(145)) - Container #1 is in OPEN state, but the datanode b7ff31bb-ae39-4067-a71c-fb5e6b3a0e64{ip: 192.168.69.88, host: dev-nightly-20191015-w4nf7-692592917, networkLocation: /default-rack, certSerialId: null} reports an CLOSED replica.
2019-10-15 15:55:10,166 [EventQueue-ContainerReportForContainerReportHandler] WARN  container.ContainerReportHandler (AbstractContainerReportHandler.java:updateContainerState(145)) - Container #1 is in OPEN state, but the datanode 502b81c0-94cc-42d9-ac22-46124b9f2555{ip: 192.168.69.88, host: dev-nightly-20191015-w4nf7-692592917, networkLocation: /default-rack, certSerialId: null} reports an CLOSED replica.
2019-10-15 15:55:10,374 [EventQueue-ContainerReportForContainerReportHandler] WARN  container.ContainerReportHandler (AbstractContainerReportHandler.java:updateContainerState(145)) - Container #1 is in OPEN state, but the datanode b7ff31bb-ae39-4067-a71c-fb5e6b3a0e64{ip: 192.168.69.88, host: dev-nightly-20191015-w4nf7-692592917, networkLocation: /default-rack, certSerialId: null} reports an CLOSED replica.
2019-10-15 15:55:10,563 [EventQueue-ContainerReportForContainerReportHandler] WARN  container.ContainerReportHandler (AbstractContainerReportHandler.java:updateContainerState(145)) - Container #1 is in OPEN state, but the datanode 502b81c0-94cc-42d9-ac22-46124b9f2555{ip: 192.168.69.88, host: dev-nightly-20191015-w4nf7-692592917, networkLocation: /default-rack, certSerialId: null} reports an CLOSED replica.
2019-10-15 15:55:10,674 [EventQueue-ContainerReportForContainerReportHandler] WARN  container.ContainerReportHandler (AbstractContainerReportHandler.java:updateContainerState(145)) - Container #1 is in OPEN state, but the datanode b7ff31bb-ae39-4067-a71c-fb5e6b3a0e64{ip: 192.168.69.88, host: dev-nightly-20191015-w4nf7-692592917, networkLocation: /default-rack, certSerialId: null} reports an CLOSED replica.
2019-10-15 15:55:10,875 [BlockDeletingService#2] WARN  background.BlockDeletingService (BlockDeletingService.java:isDeletionAllowed(187)) - Close Container log Index 6 is not replicated across allthe servers in the pipeline 1cf6151f-af98-4e08-a2d2-103d57857047 as the min replicated index is 4. Deletion is not allowed in this container yet.
2019-10-15 15:55:10,875 [BlockDeletingService#2] WARN  background.BlockDeletingService (BlockDeletingService.java:isDeletionAllowed(187)) - Close Container log Index 6 is not replicated across allthe servers in the pipeline 1cf6151f-af98-4e08-a2d2-103d57857047 as the min replicated index is 4. Deletion is not allowed in this container yet.
2019-10-15 15:55:10,963 [EventQueue-ContainerReportForContainerReportHandler] WARN  container.ContainerReportHandler (AbstractContainerReportHandler.java:updateContainerState(145)) - Container #1 is in OPEN state, but the datanode 502b81c0-94cc-42d9-ac22-46124b9f2555{ip: 192.168.69.88, host: dev-nightly-20191015-w4nf7-692592917, networkLocation: /default-rack, certSerialId: null} reports an CLOSED replica.
2019-10-15 15:55:10,974 [EventQueue-ContainerReportForContainerReportHandler] WARN  container.ContainerReportHandler (AbstractContainerReportHandler.java:updateContainerState(145)) - Container #1 is in OPEN state, but the datanode b7ff31bb-ae39-4067-a71c-fb5e6b3a0e64{ip: 192.168.69.88, host: dev-nightly-20191015-w4nf7-692592917, networkLocation: /default-rack, certSerialId: null} reports an CLOSED replica.
2019-10-15 15:55:11,264 [EventQueue-ContainerReportForContainerReportHandler] WARN  container.ContainerReportHandler (AbstractContainerReportHandler.java:updateContainerState(145)) - Container #1 is in OPEN state, but the datanode 502b81c0-94cc-42d9-ac22-46124b9f2555{ip: 192.168.69.88, host: dev-nightly-20191015-w4nf7-692592917, networkLocation: /default-rack, certSerialId: null} reports an CLOSED replica.
2019-10-15 15:55:11,275 [EventQueue-ContainerReportForContainerReportHandler] WARN  container.ContainerReportHandler (AbstractContainerReportHandler.java:updateContainerState(145)) - Container #1 is in OPEN state, but the datanode b7ff31bb-ae39-4067-a71c-fb5e6b3a0e64{ip: 192.168.69.88, host: dev-nightly-20191015-w4nf7-692592917, networkLocation: /default-rack, certSerialId: null} reports an CLOSED replica.
2019-10-15 15:55:11,437 [java.util.concurrent.ThreadPoolExecutor$Worker@6f70a200[State = -1, empty queue]] WARN  server.GrpcLogAppender (GrpcLogAppender.java:timeoutAppendRequest(209)) - 502b81c0-94cc-42d9-ac22-46124b9f2555@group-103D57857047->9efa5aa2-6c41-460f-b55e-e6135d265426-GrpcLogAppender: appendEntries Timeout, request=502b81c0-94cc-42d9-ac22-46124b9f2555->9efa5aa2-6c41-460f-b55e-e6135d265426#27-t2, previous=(t:2, i:10), leaderCommit=10, initializing? false, entries: <empty>
2019-10-15 15:55:11,477 [EventQueue-ContainerReportForContainerReportHandler] WARN  container.ContainerReportHandler (AbstractContainerReportHandler.java:updateContainerState(145)) - Container #1 is in OPEN state, but the datanode b7ff31bb-ae39-4067-a71c-fb5e6b3a0e64{ip: 192.168.69.88, host: dev-nightly-20191015-w4nf7-692592917, networkLocation: /default-rack, certSerialId: null} reports an CLOSED replica.
2019-10-15 15:55:11,564 [EventQueue-ContainerReportForContainerReportHandler] WARN  container.ContainerReportHandler (AbstractContainerReportHandler.java:updateContainerState(145)) - Container #1 is in OPEN state, but the datanode 502b81c0-94cc-42d9-ac22-46124b9f2555{ip: 192.168.69.88, host: dev-nightly-20191015-w4nf7-692592917, networkLocation: /default-rack, certSerialId: null} reports an CLOSED replica.
2019-10-15 15:55:11,764 [EventQueue-ContainerReportForContainerReportHandler] WARN  container.ContainerReportHandler (AbstractContainerReportHandler.java:updateContainerState(145)) - Container #1 is in OPEN state, but the datanode 502b81c0-94cc-42d9-ac22-46124b9f2555{ip: 192.168.69.88, host: dev-nightly-20191015-w4nf7-692592917, networkLocation: /default-rack, certSerialId: null} reports an CLOSED replica.
2019-10-15 15:55:11,776 [EventQueue-ContainerReportForContainerReportHandler] WARN  container.ContainerReportHandler (AbstractContainerReportHandler.java:updateContainerState(145)) - Container #1 is in OPEN state, but the datanode b7ff31bb-ae39-4067-a71c-fb5e6b3a0e64{ip: 192.168.69.88, host: dev-nightly-20191015-w4nf7-692592917, networkLocation: /default-rack, certSerialId: null} reports an CLOSED replica.
2019-10-15 15:55:11,877 [BlockDeletingService#2] WARN  background.BlockDeletingService (BlockDeletingService.java:isDeletionAllowed(187)) - Close Container log Index 6 is not replicated across allthe servers in the pipeline 1cf6151f-af98-4e08-a2d2-103d57857047 as the min replicated index is 4. Deletion is not allowed in this container yet.
2019-10-15 15:55:11,877 [BlockDeletingService#2] WARN  background.BlockDeletingService (BlockDeletingService.java:isDeletionAllowed(187)) - Close Container log Index 6 is not replicated across allthe servers in the pipeline 1cf6151f-af98-4e08-a2d2-103d57857047 as the min replicated index is 4. Deletion is not allowed in this container yet.
2019-10-15 15:55:11,884 [Thread-345] INFO  client.GrpcClientProtocolService (GrpcClientProtocolService.java:lambda$processClientRequest$0(278)) - Failed RaftClientRequest:client-9849FE5BA529->502b81c0-94cc-42d9-ac22-46124b9f2555@group-103D57857047, cid=10, seq=0, Watch-ALL_COMMITTED(6), Message:<EMPTY>, reply=RaftClientReply:client-9849FE5BA529->502b81c0-94cc-42d9-ac22-46124b9f2555@group-103D57857047, cid=10, FAILED org.apache.ratis.protocol.NotReplicatedException: Request with call Id 10 and log index 6 is not yet replicated to ALL_COMMITTED, logIndex=6, commits[502b81c0-94cc-42d9-ac22-46124b9f2555:c10, 9efa5aa2-6c41-460f-b55e-e6135d265426:c4, b7ff31bb-ae39-4067-a71c-fb5e6b3a0e64:c10]
2019-10-15 15:55:12,077 [EventQueue-ContainerReportForContainerReportHandler] WARN  container.ContainerReportHandler (AbstractContainerReportHandler.java:updateContainerState(145)) - Container #1 is in OPEN state, but the datanode b7ff31bb-ae39-4067-a71c-fb5e6b3a0e64{ip: 192.168.69.88, host: dev-nightly-20191015-w4nf7-692592917, networkLocation: /default-rack, certSerialId: null} reports an CLOSED replica.
2019-10-15 15:55:12,165 [EventQueue-ContainerReportForContainerReportHandler] WARN  container.ContainerReportHandler (AbstractContainerReportHandler.java:updateContainerState(145)) - Container #1 is in OPEN state, but the datanode 502b81c0-94cc-42d9-ac22-46124b9f2555{ip: 192.168.69.88, host: dev-nightly-20191015-w4nf7-692592917, networkLocation: /default-rack, certSerialId: null} reports an CLOSED replica.
2019-10-15 15:55:12,466 [EventQueue-ContainerReportForContainerReportHandler] WARN  container.ContainerReportHandler (AbstractContainerReportHandler.java:updateContainerState(145)) - Container #1 is in OPEN state, but the datanode 502b81c0-94cc-42d9-ac22-46124b9f2555{ip: 192.168.69.88, host: dev-nightly-20191015-w4nf7-692592917, networkLocation: /default-rack, certSerialId: null} reports an CLOSED replica.
2019-10-15 15:55:12,477 [EventQueue-ContainerReportForContainerReportHandler] WARN  container.ContainerReportHandler (AbstractContainerReportHandler.java:updateContainerState(145)) - Container #1 is in OPEN state, but the datanode b7ff31bb-ae39-4067-a71c-fb5e6b3a0e64{ip: 192.168.69.88, host: dev-nightly-20191015-w4nf7-692592917, networkLocation: /default-rack, certSerialId: null} reports an CLOSED replica.
2019-10-15 15:55:12,767 [EventQueue-ContainerReportForContainerReportHandler] WARN  container.ContainerReportHandler (AbstractContainerReportHandler.java:updateContainerState(145)) - Container #1 is in OPEN state, but the datanode 502b81c0-94cc-42d9-ac22-46124b9f2555{ip: 192.168.69.88, host: dev-nightly-20191015-w4nf7-692592917, networkLocation: /default-rack, certSerialId: null} reports an CLOSED replica.
2019-10-15 15:55:12,777 [EventQueue-ContainerReportForContainerReportHandler] WARN  container.ContainerReportHandler (AbstractContainerReportHandler.java:updateContainerState(145)) - Container #1 is in OPEN state, but the datanode b7ff31bb-ae39-4067-a71c-fb5e6b3a0e64{ip: 192.168.69.88, host: dev-nightly-20191015-w4nf7-692592917, networkLocation: /default-rack, certSerialId: null} reports an CLOSED replica.
2019-10-15 15:55:12,878 [BlockDeletingService#2] WARN  background.BlockDeletingService (BlockDeletingService.java:isDeletionAllowed(187)) - Close Container log Index 6 is not replicated across allthe servers in the pipeline 1cf6151f-af98-4e08-a2d2-103d57857047 as the min replicated index is 4. Deletion is not allowed in this container yet.
2019-10-15 15:55:12,878 [BlockDeletingService#2] WARN  background.BlockDeletingService (BlockDeletingService.java:isDeletionAllowed(187)) - Close Container log Index 6 is not replicated across allthe servers in the pipeline 1cf6151f-af98-4e08-a2d2-103d57857047 as the min replicated index is 4. Deletion is not allowed in this container yet.
2019-10-15 15:55:13,066 [EventQueue-ContainerReportForContainerReportHandler] WARN  container.ContainerReportHandler (AbstractContainerReportHandler.java:updateContainerState(145)) - Container #1 is in OPEN state, but the datanode 502b81c0-94cc-42d9-ac22-46124b9f2555{ip: 192.168.69.88, host: dev-nightly-20191015-w4nf7-692592917, networkLocation: /default-rack, certSerialId: null} reports an CLOSED replica.
2019-10-15 15:55:13,077 [EventQueue-ContainerReportForContainerReportHandler] WARN  container.ContainerReportHandler (AbstractContainerReportHandler.java:updateContainerState(145)) - Container #1 is in OPEN state, but the datanode b7ff31bb-ae39-4067-a71c-fb5e6b3a0e64{ip: 192.168.69.88, host: dev-nightly-20191015-w4nf7-692592917, networkLocation: /default-rack, certSerialId: null} reports an CLOSED replica.
2019-10-15 15:55:13,366 [EventQueue-ContainerReportForContainerReportHandler] WARN  container.ContainerReportHandler (AbstractContainerReportHandler.java:updateContainerState(145)) - Container #1 is in OPEN state, but the datanode 502b81c0-94cc-42d9-ac22-46124b9f2555{ip: 192.168.69.88, host: dev-nightly-20191015-w4nf7-692592917, networkLocation: /default-rack, certSerialId: null} reports an CLOSED replica.
2019-10-15 15:55:13,377 [EventQueue-ContainerReportForContainerReportHandler] WARN  container.ContainerReportHandler (AbstractContainerReportHandler.java:updateContainerState(145)) - Container #1 is in OPEN state, but the datanode b7ff31bb-ae39-4067-a71c-fb5e6b3a0e64{ip: 192.168.69.88, host: dev-nightly-20191015-w4nf7-692592917, networkLocation: /default-rack, certSerialId: null} reports an CLOSED replica.
2019-10-15 15:55:13,666 [EventQueue-ContainerReportForContainerReportHandler] WARN  container.ContainerReportHandler (AbstractContainerReportHandler.java:updateContainerState(145)) - Container #1 is in OPEN state, but the datanode 502b81c0-94cc-42d9-ac22-46124b9f2555{ip: 192.168.69.88, host: dev-nightly-20191015-w4nf7-692592917, networkLocation: /default-rack, certSerialId: null} reports an CLOSED replica.
2019-10-15 15:55:13,677 [EventQueue-ContainerReportForContainerReportHandler] WARN  container.ContainerReportHandler (AbstractContainerReportHandler.java:updateContainerState(145)) - Container #1 is in OPEN state, but the datanode b7ff31bb-ae39-4067-a71c-fb5e6b3a0e64{ip: 192.168.69.88, host: dev-nightly-20191015-w4nf7-692592917, networkLocation: /default-rack, certSerialId: null} reports an CLOSED replica.
2019-10-15 15:55:13,882 [BlockDeletingService#2] WARN  background.BlockDeletingService (BlockDeletingService.java:isDeletionAllowed(187)) - Close Container log Index 6 is not replicated across allthe servers in the pipeline 1cf6151f-af98-4e08-a2d2-103d57857047 as the min replicated index is 4. Deletion is not allowed in this container yet.
2019-10-15 15:55:13,882 [BlockDeletingService#2] WARN  background.BlockDeletingService (BlockDeletingService.java:isDeletionAllowed(187)) - Close Container log Index 6 is not replicated across allthe servers in the pipeline 1cf6151f-af98-4e08-a2d2-103d57857047 as the min replicated index is 4. Deletion is not allowed in this container yet.
2019-10-15 15:55:13,938 [java.util.concurrent.ThreadPoolExecutor$Worker@6f70a200[State = -1, empty queue]] WARN  server.GrpcLogAppender (GrpcLogAppender.java:timeoutAppendRequest(209)) - 502b81c0-94cc-42d9-ac22-46124b9f2555@group-103D57857047->9efa5aa2-6c41-460f-b55e-e6135d265426-GrpcLogAppender: appendEntries Timeout, request=502b81c0-94cc-42d9-ac22-46124b9f2555->9efa5aa2-6c41-460f-b55e-e6135d265426#28-t2, previous=(t:2, i:10), leaderCommit=10, initializing? false, entries: <empty>
2019-10-15 15:55:13,967 [EventQueue-ContainerReportForContainerReportHandler] WARN  container.ContainerReportHandler (AbstractContainerReportHandler.java:updateContainerState(145)) - Container #1 is in OPEN state, but the datanode 502b81c0-94cc-42d9-ac22-46124b9f2555{ip: 192.168.69.88, host: dev-nightly-20191015-w4nf7-692592917, networkLocation: /default-rack, certSerialId: null} reports an CLOSED replica.
2019-10-15 15:55:14,077 [EventQueue-ContainerReportForContainerReportHandler] WARN  container.ContainerReportHandler (AbstractContainerReportHandler.java:updateContainerState(145)) - Container #1 is in OPEN state, but the datanode b7ff31bb-ae39-4067-a71c-fb5e6b3a0e64{ip: 192.168.69.88, host: dev-nightly-20191015-w4nf7-692592917, networkLocation: /default-rack, certSerialId: null} reports an CLOSED replica.
2019-10-15 15:55:14,167 [EventQueue-ContainerReportForContainerReportHandler] WARN  container.ContainerReportHandler (AbstractContainerReportHandler.java:updateContainerState(145)) - Container #1 is in OPEN state, but the datanode 502b81c0-94cc-42d9-ac22-46124b9f2555{ip: 192.168.69.88, host: dev-nightly-20191015-w4nf7-692592917, networkLocation: /default-rack, certSerialId: null} reports an CLOSED replica.
2019-10-15 15:55:14,278 [EventQueue-ContainerReportForContainerReportHandler] WARN  container.ContainerReportHandler (AbstractContainerReportHandler.java:updateContainerState(145)) - Container #1 is in OPEN state, but the datanode b7ff31bb-ae39-4067-a71c-fb5e6b3a0e64{ip: 192.168.69.88, host: dev-nightly-20191015-w4nf7-692592917, networkLocation: /default-rack, certSerialId: null} reports an CLOSED replica.
2019-10-15 15:55:14,478 [EventQueue-ContainerReportForContainerReportHandler] WARN  container.ContainerReportHandler (AbstractContainerReportHandler.java:updateContainerState(145)) - Container #1 is in OPEN state, but the datanode b7ff31bb-ae39-4067-a71c-fb5e6b3a0e64{ip: 192.168.69.88, host: dev-nightly-20191015-w4nf7-692592917, networkLocation: /default-rack, certSerialId: null} reports an CLOSED replica.
2019-10-15 15:55:14,568 [EventQueue-ContainerReportForContainerReportHandler] WARN  container.ContainerReportHandler (AbstractContainerReportHandler.java:updateContainerState(145)) - Container #1 is in OPEN state, but the datanode 502b81c0-94cc-42d9-ac22-46124b9f2555{ip: 192.168.69.88, host: dev-nightly-20191015-w4nf7-692592917, networkLocation: /default-rack, certSerialId: null} reports an CLOSED replica.
2019-10-15 15:55:14,779 [EventQueue-ContainerReportForContainerReportHandler] WARN  container.ContainerReportHandler (AbstractContainerReportHandler.java:updateContainerState(145)) - Container #1 is in OPEN state, but the datanode b7ff31bb-ae39-4067-a71c-fb5e6b3a0e64{ip: 192.168.69.88, host: dev-nightly-20191015-w4nf7-692592917, networkLocation: /default-rack, certSerialId: null} reports an CLOSED replica.
2019-10-15 15:55:14,867 [EventQueue-ContainerReportForContainerReportHandler] WARN  container.ContainerReportHandler (AbstractContainerReportHandler.java:updateContainerState(145)) - Container #1 is in OPEN state, but the datanode 502b81c0-94cc-42d9-ac22-46124b9f2555{ip: 192.168.69.88, host: dev-nightly-20191015-w4nf7-692592917, networkLocation: /default-rack, certSerialId: null} reports an CLOSED replica.
2019-10-15 15:55:14,883 [BlockDeletingService#2] WARN  background.BlockDeletingService (BlockDeletingService.java:isDeletionAllowed(187)) - Close Container log Index 6 is not replicated across allthe servers in the pipeline 1cf6151f-af98-4e08-a2d2-103d57857047 as the min replicated index is 4. Deletion is not allowed in this container yet.
2019-10-15 15:55:14,883 [BlockDeletingService#2] WARN  background.BlockDeletingService (BlockDeletingService.java:isDeletionAllowed(187)) - Close Container log Index 6 is not replicated across allthe servers in the pipeline 1cf6151f-af98-4e08-a2d2-103d57857047 as the min replicated index is 4. Deletion is not allowed in this container yet.
2019-10-15 15:55:14,980 [EventQueue-ContainerReportForContainerReportHandler] WARN  container.ContainerReportHandler (AbstractContainerReportHandler.java:updateContainerState(145)) - Container #1 is in OPEN state, but the datanode b7ff31bb-ae39-4067-a71c-fb5e6b3a0e64{ip: 192.168.69.88, host: dev-nightly-20191015-w4nf7-692592917, networkLocation: /default-rack, certSerialId: null} reports an CLOSED replica.
2019-10-15 15:55:15,167 [EventQueue-ContainerReportForContainerReportHandler] WARN  container.ContainerReportHandler (AbstractContainerReportHandler.java:updateContainerState(145)) - Container #1 is in OPEN state, but the datanode 502b81c0-94cc-42d9-ac22-46124b9f2555{ip: 192.168.69.88, host: dev-nightly-20191015-w4nf7-692592917, networkLocation: /default-rack, certSerialId: null} reports an CLOSED replica.
2019-10-15 15:55:15,279 [EventQueue-ContainerReportForContainerReportHandler] WARN  container.ContainerReportHandler (AbstractContainerReportHandler.java:updateContainerState(145)) - Container #1 is in OPEN state, but the datanode b7ff31bb-ae39-4067-a71c-fb5e6b3a0e64{ip: 192.168.69.88, host: dev-nightly-20191015-w4nf7-692592917, networkLocation: /default-rack, certSerialId: null} reports an CLOSED replica.
2019-10-15 15:55:15,480 [EventQueue-ContainerReportForContainerReportHandler] WARN  container.ContainerReportHandler (AbstractContainerReportHandler.java:updateContainerState(145)) - Container #1 is in OPEN state, but the datanode b7ff31bb-ae39-4067-a71c-fb5e6b3a0e64{ip: 192.168.69.88, host: dev-nightly-20191015-w4nf7-692592917, networkLocation: /default-rack, certSerialId: null} reports an CLOSED replica.
2019-10-15 15:55:15,568 [EventQueue-ContainerReportForContainerReportHandler] WARN  container.ContainerReportHandler (AbstractContainerReportHandler.java:updateContainerState(145)) - Container #1 is in OPEN state, but the datanode 502b81c0-94cc-42d9-ac22-46124b9f2555{ip: 192.168.69.88, host: dev-nightly-20191015-w4nf7-692592917, networkLocation: /default-rack, certSerialId: null} reports an CLOSED replica.
2019-10-15 15:55:15,869 [EventQueue-ContainerReportForContainerReportHandler] WARN  container.ContainerReportHandler (AbstractContainerReportHandler.java:updateContainerState(145)) - Container #1 is in OPEN state, but the datanode 502b81c0-94cc-42d9-ac22-46124b9f2555{ip: 192.168.69.88, host: dev-nightly-20191015-w4nf7-692592917, networkLocation: /default-rack, certSerialId: null} reports an CLOSED replica.
2019-10-15 15:55:15,879 [EventQueue-ContainerReportForContainerReportHandler] WARN  container.ContainerReportHandler (AbstractContainerReportHandler.java:updateContainerState(145)) - Container #1 is in OPEN state, but the datanode b7ff31bb-ae39-4067-a71c-fb5e6b3a0e64{ip: 192.168.69.88, host: dev-nightly-20191015-w4nf7-692592917, networkLocation: /default-rack, certSerialId: null} reports an CLOSED replica.
2019-10-15 15:55:15,884 [BlockDeletingService#2] WARN  background.BlockDeletingService (BlockDeletingService.java:isDeletionAllowed(187)) - Close Container log Index 6 is not replicated across allthe servers in the pipeline 1cf6151f-af98-4e08-a2d2-103d57857047 as the min replicated index is 4. Deletion is not allowed in this container yet.
2019-10-15 15:55:15,884 [BlockDeletingService#2] WARN  background.BlockDeletingService (BlockDeletingService.java:isDeletionAllowed(187)) - Close Container log Index 6 is not replicated across allthe servers in the pipeline 1cf6151f-af98-4e08-a2d2-103d57857047 as the min replicated index is 4. Deletion is not allowed in this container yet.
2019-10-15 15:55:16,079 [EventQueue-ContainerReportForContainerReportHandler] WARN  container.ContainerReportHandler (AbstractContainerReportHandler.java:updateContainerState(145)) - Container #1 is in OPEN state, but the datanode b7ff31bb-ae39-4067-a71c-fb5e6b3a0e64{ip: 192.168.69.88, host: dev-nightly-20191015-w4nf7-692592917, networkLocation: /default-rack, certSerialId: null} reports an CLOSED replica.
2019-10-15 15:55:16,270 [EventQueue-ContainerReportForContainerReportHandler] WARN  container.ContainerReportHandler (AbstractContainerReportHandler.java:updateContainerState(145)) - Container #1 is in OPEN state, but the datanode 502b81c0-94cc-42d9-ac22-46124b9f2555{ip: 192.168.69.88, host: dev-nightly-20191015-w4nf7-692592917, networkLocation: /default-rack, certSerialId: null} reports an CLOSED replica.
2019-10-15 15:55:16,380 [EventQueue-ContainerReportForContainerReportHandler] WARN  container.ContainerReportHandler (AbstractContainerReportHandler.java:updateContainerState(145)) - Container #1 is in OPEN state, but the datanode b7ff31bb-ae39-4067-a71c-fb5e6b3a0e64{ip: 192.168.69.88, host: dev-nightly-20191015-w4nf7-692592917, networkLocation: /default-rack, certSerialId: null} reports an CLOSED replica.
2019-10-15 15:55:16,438 [java.util.concurrent.ThreadPoolExecutor$Worker@6f70a200[State = -1, empty queue]] WARN  server.GrpcLogAppender (GrpcLogAppender.java:timeoutAppendRequest(209)) - 502b81c0-94cc-42d9-ac22-46124b9f2555@group-103D57857047->9efa5aa2-6c41-460f-b55e-e6135d265426-GrpcLogAppender: appendEntries Timeout, request=502b81c0-94cc-42d9-ac22-46124b9f2555->9efa5aa2-6c41-460f-b55e-e6135d265426#29-t2, previous=(t:2, i:10), leaderCommit=10, initializing? false, entries: <empty>
2019-10-15 15:55:16,571 [EventQueue-ContainerReportForContainerReportHandler] WARN  container.ContainerReportHandler (AbstractContainerReportHandler.java:updateContainerState(145)) - Container #1 is in OPEN state, but the datanode 502b81c0-94cc-42d9-ac22-46124b9f2555{ip: 192.168.69.88, host: dev-nightly-20191015-w4nf7-692592917, networkLocation: /default-rack, certSerialId: null} reports an CLOSED replica.
2019-10-15 15:55:16,681 [EventQueue-ContainerReportForContainerReportHandler] WARN  container.ContainerReportHandler (AbstractContainerReportHandler.java:updateContainerState(145)) - Container #1 is in OPEN state, but the datanode b7ff31bb-ae39-4067-a71c-fb5e6b3a0e64{ip: 192.168.69.88, host: dev-nightly-20191015-w4nf7-692592917, networkLocation: /default-rack, certSerialId: null} reports an CLOSED replica.
2019-10-15 15:55:16,882 [EventQueue-ContainerReportForContainerReportHandler] WARN  container.ContainerReportHandler (AbstractContainerReportHandler.java:updateContainerState(145)) - Container #1 is in OPEN state, but the datanode b7ff31bb-ae39-4067-a71c-fb5e6b3a0e64{ip: 192.168.69.88, host: dev-nightly-20191015-w4nf7-692592917, networkLocation: /default-rack, certSerialId: null} reports an CLOSED replica.
2019-10-15 15:55:16,886 [BlockDeletingService#2] WARN  background.BlockDeletingService (BlockDeletingService.java:isDeletionAllowed(187)) - Close Container log Index 6 is not replicated across allthe servers in the pipeline 1cf6151f-af98-4e08-a2d2-103d57857047 as the min replicated index is 4. Deletion is not allowed in this container yet.
2019-10-15 15:55:16,886 [BlockDeletingService#2] WARN  background.BlockDeletingService (BlockDeletingService.java:isDeletionAllowed(187)) - Close Container log Index 6 is not replicated across allthe servers in the pipeline 1cf6151f-af98-4e08-a2d2-103d57857047 as the min replicated index is 4. Deletion is not allowed in this container yet.
2019-10-15 15:55:16,973 [EventQueue-ContainerReportForContainerReportHandler] WARN  container.ContainerReportHandler (AbstractContainerReportHandler.java:updateContainerState(145)) - Container #1 is in OPEN state, but the datanode 502b81c0-94cc-42d9-ac22-46124b9f2555{ip: 192.168.69.88, host: dev-nightly-20191015-w4nf7-692592917, networkLocation: /default-rack, certSerialId: null} reports an CLOSED replica.
2019-10-15 15:55:17,082 [EventQueue-ContainerReportForContainerReportHandler] WARN  container.ContainerReportHandler (AbstractContainerReportHandler.java:updateContainerState(145)) - Container #1 is in OPEN state, but the datanode b7ff31bb-ae39-4067-a71c-fb5e6b3a0e64{ip: 192.168.69.88, host: dev-nightly-20191015-w4nf7-692592917, networkLocation: /default-rack, certSerialId: null} reports an CLOSED replica.
2019-10-15 15:55:17,174 [EventQueue-ContainerReportForContainerReportHandler] WARN  container.ContainerReportHandler (AbstractContainerReportHandler.java:updateContainerState(145)) - Container #1 is in OPEN state, but the datanode 502b81c0-94cc-42d9-ac22-46124b9f2555{ip: 192.168.69.88, host: dev-nightly-20191015-w4nf7-692592917, networkLocation: /default-rack, certSerialId: null} reports an CLOSED replica.
2019-10-15 15:55:17,282 [EventQueue-ContainerReportForContainerReportHandler] WARN  container.ContainerReportHandler (AbstractContainerReportHandler.java:updateContainerState(145)) - Container #1 is in OPEN state, but the datanode b7ff31bb-ae39-4067-a71c-fb5e6b3a0e64{ip: 192.168.69.88, host: dev-nightly-20191015-w4nf7-692592917, networkLocation: /default-rack, certSerialId: null} reports an CLOSED replica.
2019-10-15 15:55:17,375 [EventQueue-ContainerReportForContainerReportHandler] WARN  container.ContainerReportHandler (AbstractContainerReportHandler.java:updateContainerState(145)) - Container #1 is in OPEN state, but the datanode 502b81c0-94cc-42d9-ac22-46124b9f2555{ip: 192.168.69.88, host: dev-nightly-20191015-w4nf7-692592917, networkLocation: /default-rack, certSerialId: null} reports an CLOSED replica.
2019-10-15 15:55:17,582 [EventQueue-ContainerReportForContainerReportHandler] WARN  container.ContainerReportHandler (AbstractContainerReportHandler.java:updateContainerState(145)) - Container #1 is in OPEN state, but the datanode b7ff31bb-ae39-4067-a71c-fb5e6b3a0e64{ip: 192.168.69.88, host: dev-nightly-20191015-w4nf7-692592917, networkLocation: /default-rack, certSerialId: null} reports an CLOSED replica.
2019-10-15 15:55:17,675 [EventQueue-ContainerReportForContainerReportHandler] WARN  container.ContainerReportHandler (AbstractContainerReportHandler.java:updateContainerState(145)) - Container #1 is in OPEN state, but the datanode 502b81c0-94cc-42d9-ac22-46124b9f2555{ip: 192.168.69.88, host: dev-nightly-20191015-w4nf7-692592917, networkLocation: /default-rack, certSerialId: null} reports an CLOSED replica.
2019-10-15 15:55:17,876 [EventQueue-ContainerReportForContainerReportHandler] WARN  container.ContainerReportHandler (AbstractContainerReportHandler.java:updateContainerState(145)) - Container #1 is in OPEN state, but the datanode 502b81c0-94cc-42d9-ac22-46124b9f2555{ip: 192.168.69.88, host: dev-nightly-20191015-w4nf7-692592917, networkLocation: /default-rack, certSerialId: null} reports an CLOSED replica.
2019-10-15 15:55:17,887 [BlockDeletingService#2] WARN  background.BlockDeletingService (BlockDeletingService.java:isDeletionAllowed(187)) - Close Container log Index 6 is not replicated across allthe servers in the pipeline 1cf6151f-af98-4e08-a2d2-103d57857047 as the min replicated index is 4. Deletion is not allowed in this container yet.
2019-10-15 15:55:17,887 [BlockDeletingService#2] WARN  background.BlockDeletingService (BlockDeletingService.java:isDeletionAllowed(187)) - Close Container log Index 6 is not replicated across allthe servers in the pipeline 1cf6151f-af98-4e08-a2d2-103d57857047 as the min replicated index is 4. Deletion is not allowed in this container yet.
2019-10-15 15:55:17,983 [EventQueue-ContainerReportForContainerReportHandler] WARN  container.ContainerReportHandler (AbstractContainerReportHandler.java:updateContainerState(145)) - Container #1 is in OPEN state, but the datanode b7ff31bb-ae39-4067-a71c-fb5e6b3a0e64{ip: 192.168.69.88, host: dev-nightly-20191015-w4nf7-692592917, networkLocation: /default-rack, certSerialId: null} reports an CLOSED replica.
2019-10-15 15:55:18,176 [EventQueue-ContainerReportForContainerReportHandler] WARN  container.ContainerReportHandler (AbstractContainerReportHandler.java:updateContainerState(145)) - Container #1 is in OPEN state, but the datanode 502b81c0-94cc-42d9-ac22-46124b9f2555{ip: 192.168.69.88, host: dev-nightly-20191015-w4nf7-692592917, networkLocation: /default-rack, certSerialId: null} reports an CLOSED replica.
2019-10-15 15:55:18,184 [EventQueue-ContainerReportForContainerReportHandler] WARN  container.ContainerReportHandler (AbstractContainerReportHandler.java:updateContainerState(145)) - Container #1 is in OPEN state, but the datanode b7ff31bb-ae39-4067-a71c-fb5e6b3a0e64{ip: 192.168.69.88, host: dev-nightly-20191015-w4nf7-692592917, networkLocation: /default-rack, certSerialId: null} reports an CLOSED replica.
2019-10-15 15:55:18,476 [EventQueue-ContainerReportForContainerReportHandler] WARN  container.ContainerReportHandler (AbstractContainerReportHandler.java:updateContainerState(145)) - Container #1 is in OPEN state, but the datanode 502b81c0-94cc-42d9-ac22-46124b9f2555{ip: 192.168.69.88, host: dev-nightly-20191015-w4nf7-692592917, networkLocation: /default-rack, certSerialId: null} reports an CLOSED replica.
2019-10-15 15:55:18,583 [EventQueue-ContainerReportForContainerReportHandler] WARN  container.ContainerReportHandler (AbstractContainerReportHandler.java:updateContainerState(145)) - Container #1 is in OPEN state, but the datanode b7ff31bb-ae39-4067-a71c-fb5e6b3a0e64{ip: 192.168.69.88, host: dev-nightly-20191015-w4nf7-692592917, networkLocation: /default-rack, certSerialId: null} reports an CLOSED replica.
2019-10-15 15:55:18,776 [EventQueue-ContainerReportForContainerReportHandler] WARN  container.ContainerReportHandler (AbstractContainerReportHandler.java:updateContainerState(145)) - Container #1 is in OPEN state, but the datanode 502b81c0-94cc-42d9-ac22-46124b9f2555{ip: 192.168.69.88, host: dev-nightly-20191015-w4nf7-692592917, networkLocation: /default-rack, certSerialId: null} reports an CLOSED replica.
2019-10-15 15:55:18,883 [EventQueue-ContainerReportForContainerReportHandler] WARN  container.ContainerReportHandler (AbstractContainerReportHandler.java:updateContainerState(145)) - Container #1 is in OPEN state, but the datanode b7ff31bb-ae39-4067-a71c-fb5e6b3a0e64{ip: 192.168.69.88, host: dev-nightly-20191015-w4nf7-692592917, networkLocation: /default-rack, certSerialId: null} reports an CLOSED replica.
2019-10-15 15:55:18,889 [BlockDeletingService#2] WARN  background.BlockDeletingService (BlockDeletingService.java:isDeletionAllowed(187)) - Close Container log Index 6 is not replicated across allthe servers in the pipeline 1cf6151f-af98-4e08-a2d2-103d57857047 as the min replicated index is 4. Deletion is not allowed in this container yet.
2019-10-15 15:55:18,889 [BlockDeletingService#2] WARN  background.BlockDeletingService (BlockDeletingService.java:isDeletionAllowed(187)) - Close Container log Index 6 is not replicated across allthe servers in the pipeline 1cf6151f-af98-4e08-a2d2-103d57857047 as the min replicated index is 4. Deletion is not allowed in this container yet.
2019-10-15 15:55:18,939 [java.util.concurrent.ThreadPoolExecutor$Worker@6f70a200[State = -1, empty queue]] WARN  server.GrpcLogAppender (GrpcLogAppender.java:timeoutAppendRequest(209)) - 502b81c0-94cc-42d9-ac22-46124b9f2555@group-103D57857047->9efa5aa2-6c41-460f-b55e-e6135d265426-GrpcLogAppender: appendEntries Timeout, request=502b81c0-94cc-42d9-ac22-46124b9f2555->9efa5aa2-6c41-460f-b55e-e6135d265426#30-t2, previous=(t:2, i:10), leaderCommit=10, initializing? false, entries: <empty>
2019-10-15 15:55:19,076 [EventQueue-ContainerReportForContainerReportHandler] WARN  container.ContainerReportHandler (AbstractContainerReportHandler.java:updateContainerState(145)) - Container #1 is in OPEN state, but the datanode 502b81c0-94cc-42d9-ac22-46124b9f2555{ip: 192.168.69.88, host: dev-nightly-20191015-w4nf7-692592917, networkLocation: /default-rack, certSerialId: null} reports an CLOSED replica.
2019-10-15 15:55:19,285 [EventQueue-ContainerReportForContainerReportHandler] WARN  container.ContainerReportHandler (AbstractContainerReportHandler.java:updateContainerState(145)) - Container #1 is in OPEN state, but the datanode b7ff31bb-ae39-4067-a71c-fb5e6b3a0e64{ip: 192.168.69.88, host: dev-nightly-20191015-w4nf7-692592917, networkLocation: /default-rack, certSerialId: null} reports an CLOSED replica.
2019-10-15 15:55:19,376 [EventQueue-ContainerReportForContainerReportHandler] WARN  container.ContainerReportHandler (AbstractContainerReportHandler.java:updateContainerState(145)) - Container #1 is in OPEN state, but the datanode 502b81c0-94cc-42d9-ac22-46124b9f2555{ip: 192.168.69.88, host: dev-nightly-20191015-w4nf7-692592917, networkLocation: /default-rack, certSerialId: null} reports an CLOSED replica.
2019-10-15 15:55:19,684 [EventQueue-ContainerReportForContainerReportHandler] WARN  container.ContainerReportHandler (AbstractContainerReportHandler.java:updateContainerState(145)) - Container #1 is in OPEN state, but the datanode b7ff31bb-ae39-4067-a71c-fb5e6b3a0e64{ip: 192.168.69.88, host: dev-nightly-20191015-w4nf7-692592917, networkLocation: /default-rack, certSerialId: null} reports an CLOSED replica.
2019-10-15 15:55:19,777 [EventQueue-ContainerReportForContainerReportHandler] WARN  container.ContainerReportHandler (AbstractContainerReportHandler.java:updateContainerState(145)) - Container #1 is in OPEN state, but the datanode 502b81c0-94cc-42d9-ac22-46124b9f2555{ip: 192.168.69.88, host: dev-nightly-20191015-w4nf7-692592917, networkLocation: /default-rack, certSerialId: null} reports an CLOSED replica.
2019-10-15 15:55:19,885 [EventQueue-ContainerReportForContainerReportHandler] WARN  container.ContainerReportHandler (AbstractContainerReportHandler.java:updateContainerState(145)) - Container #1 is in OPEN state, but the datanode b7ff31bb-ae39-4067-a71c-fb5e6b3a0e64{ip: 192.168.69.88, host: dev-nightly-20191015-w4nf7-692592917, networkLocation: /default-rack, certSerialId: null} reports an CLOSED replica.
2019-10-15 15:55:19,890 [BlockDeletingService#2] WARN  background.BlockDeletingService (BlockDeletingService.java:isDeletionAllowed(187)) - Close Container log Index 6 is not replicated across allthe servers in the pipeline 1cf6151f-af98-4e08-a2d2-103d57857047 as the min replicated index is 4. Deletion is not allowed in this container yet.
2019-10-15 15:55:19,890 [BlockDeletingService#2] WARN  background.BlockDeletingService (BlockDeletingService.java:isDeletionAllowed(187)) - Close Container log Index 6 is not replicated across allthe servers in the pipeline 1cf6151f-af98-4e08-a2d2-103d57857047 as the min replicated index is 4. Deletion is not allowed in this container yet.
2019-10-15 15:55:20,078 [EventQueue-ContainerReportForContainerReportHandler] WARN  container.ContainerReportHandler (AbstractContainerReportHandler.java:updateContainerState(145)) - Container #1 is in OPEN state, but the datanode 502b81c0-94cc-42d9-ac22-46124b9f2555{ip: 192.168.69.88, host: dev-nightly-20191015-w4nf7-692592917, networkLocation: /default-rack, certSerialId: null} reports an CLOSED replica.
2019-10-15 15:55:20,185 [EventQueue-ContainerReportForContainerReportHandler] WARN  container.ContainerReportHandler (AbstractContainerReportHandler.java:updateContainerState(145)) - Container #1 is in OPEN state, but the datanode b7ff31bb-ae39-4067-a71c-fb5e6b3a0e64{ip: 192.168.69.88, host: dev-nightly-20191015-w4nf7-692592917, networkLocation: /default-rack, certSerialId: null} reports an CLOSED replica.
2019-10-15 15:55:20,278 [EventQueue-ContainerReportForContainerReportHandler] WARN  container.ContainerReportHandler (AbstractContainerReportHandler.java:updateContainerState(145)) - Container #1 is in OPEN state, but the datanode 502b81c0-94cc-42d9-ac22-46124b9f2555{ip: 192.168.69.88, host: dev-nightly-20191015-w4nf7-692592917, networkLocation: /default-rack, certSerialId: null} reports an CLOSED replica.
2019-10-15 15:55:20,477 [Thread-367] INFO  client.GrpcClientProtocolService (GrpcClientProtocolService.java:lambda$processClientRequest$0(278)) - Failed RaftClientRequest:client-9849FE5BA529->b7ff31bb-ae39-4067-a71c-fb5e6b3a0e64@group-103D57857047, cid=10, seq=0, Watch-ALL_COMMITTED(6), Message:<EMPTY>, reply=RaftClientReply:client-9849FE5BA529->b7ff31bb-ae39-4067-a71c-fb5e6b3a0e64@group-103D57857047, cid=10, FAILED org.apache.ratis.protocol.NotLeaderException: Server b7ff31bb-ae39-4067-a71c-fb5e6b3a0e64@group-103D57857047 is not the leader 502b81c0-94cc-42d9-ac22-46124b9f2555:192.168.69.88:45179, logIndex=0, commits[b7ff31bb-ae39-4067-a71c-fb5e6b3a0e64:c10, 502b81c0-94cc-42d9-ac22-46124b9f2555:c10, 9efa5aa2-6c41-460f-b55e-e6135d265426:c4]
2019-10-15 15:55:20,488 [EventQueue-ContainerReportForContainerReportHandler] WARN  container.ContainerReportHandler (AbstractContainerReportHandler.java:updateContainerState(145)) - Container #1 is in OPEN state, but the datanode b7ff31bb-ae39-4067-a71c-fb5e6b3a0e64{ip: 192.168.69.88, host: dev-nightly-20191015-w4nf7-692592917, networkLocation: /default-rack, certSerialId: null} reports an CLOSED replica.
2019-10-15 15:55:20,679 [EventQueue-ContainerReportForContainerReportHandler] WARN  container.ContainerReportHandler (AbstractContainerReportHandler.java:updateContainerState(145)) - Container #1 is in OPEN state, but the datanode 502b81c0-94cc-42d9-ac22-46124b9f2555{ip: 192.168.69.88, host: dev-nightly-20191015-w4nf7-692592917, networkLocation: /default-rack, certSerialId: null} reports an CLOSED replica.
2019-10-15 15:55:20,786 [EventQueue-ContainerReportForContainerReportHandler] WARN  container.ContainerReportHandler (AbstractContainerReportHandler.java:updateContainerState(145)) - Container #1 is in OPEN state, but the datanode b7ff31bb-ae39-4067-a71c-fb5e6b3a0e64{ip: 192.168.69.88, host: dev-nightly-20191015-w4nf7-692592917, networkLocation: /default-rack, certSerialId: null} reports an CLOSED replica.
2019-10-15 15:55:20,891 [BlockDeletingService#2] WARN  background.BlockDeletingService (BlockDeletingService.java:isDeletionAllowed(187)) - Close Container log Index 6 is not replicated across allthe servers in the pipeline 1cf6151f-af98-4e08-a2d2-103d57857047 as the min replicated index is 4. Deletion is not allowed in this container yet.
2019-10-15 15:55:20,893 [BlockDeletingService#2] WARN  background.BlockDeletingService (BlockDeletingService.java:isDeletionAllowed(187)) - Close Container log Index 6 is not replicated across allthe servers in the pipeline 1cf6151f-af98-4e08-a2d2-103d57857047 as the min replicated index is 4. Deletion is not allowed in this container yet.
2019-10-15 15:55:20,985 [EventQueue-ContainerReportForContainerReportHandler] WARN  container.ContainerReportHandler (AbstractContainerReportHandler.java:updateContainerState(145)) - Container #1 is in OPEN state, but the datanode b7ff31bb-ae39-4067-a71c-fb5e6b3a0e64{ip: 192.168.69.88, host: dev-nightly-20191015-w4nf7-692592917, networkLocation: /default-rack, certSerialId: null} reports an CLOSED replica.
2019-10-15 15:55:21,078 [EventQueue-ContainerReportForContainerReportHandler] WARN  container.ContainerReportHandler (AbstractContainerReportHandler.java:updateContainerState(145)) - Container #1 is in OPEN state, but the datanode 502b81c0-94cc-42d9-ac22-46124b9f2555{ip: 192.168.69.88, host: dev-nightly-20191015-w4nf7-692592917, networkLocation: /default-rack, certSerialId: null} reports an CLOSED replica.
2019-10-15 15:55:21,278 [EventQueue-ContainerReportForContainerReportHandler] WARN  container.ContainerReportHandler (AbstractContainerReportHandler.java:updateContainerState(145)) - Container #1 is in OPEN state, but the datanode 502b81c0-94cc-42d9-ac22-46124b9f2555{ip: 192.168.69.88, host: dev-nightly-20191015-w4nf7-692592917, networkLocation: /default-rack, certSerialId: null} reports an CLOSED replica.
2019-10-15 15:55:21,285 [EventQueue-ContainerReportForContainerReportHandler] WARN  container.ContainerReportHandler (AbstractContainerReportHandler.java:updateContainerState(145)) - Container #1 is in OPEN state, but the datanode b7ff31bb-ae39-4067-a71c-fb5e6b3a0e64{ip: 192.168.69.88, host: dev-nightly-20191015-w4nf7-692592917, networkLocation: /default-rack, certSerialId: null} reports an CLOSED replica.
2019-10-15 15:55:21,440 [java.util.concurrent.ThreadPoolExecutor$Worker@6f70a200[State = -1, empty queue]] WARN  server.GrpcLogAppender (GrpcLogAppender.java:timeoutAppendRequest(209)) - 502b81c0-94cc-42d9-ac22-46124b9f2555@group-103D57857047->9efa5aa2-6c41-460f-b55e-e6135d265426-GrpcLogAppender: appendEntries Timeout, request=502b81c0-94cc-42d9-ac22-46124b9f2555->9efa5aa2-6c41-460f-b55e-e6135d265426#31-t2, previous=(t:2, i:10), leaderCommit=10, initializing? false, entries: <empty>
2019-10-15 15:55:21,479 [EventQueue-ContainerReportForContainerReportHandler] WARN  container.ContainerReportHandler (AbstractContainerReportHandler.java:updateContainerState(145)) - Container #1 is in OPEN state, but the datanode 502b81c0-94cc-42d9-ac22-46124b9f2555{ip: 192.168.69.88, host: dev-nightly-20191015-w4nf7-692592917, networkLocation: /default-rack, certSerialId: null} reports an CLOSED replica.
2019-10-15 15:55:21,686 [EventQueue-ContainerReportForContainerReportHandler] WARN  container.ContainerReportHandler (AbstractContainerReportHandler.java:updateContainerState(145)) - Container #1 is in OPEN state, but the datanode b7ff31bb-ae39-4067-a71c-fb5e6b3a0e64{ip: 192.168.69.88, host: dev-nightly-20191015-w4nf7-692592917, networkLocation: /default-rack, certSerialId: null} reports an CLOSED replica.
2019-10-15 15:55:21,779 [EventQueue-ContainerReportForContainerReportHandler] WARN  container.ContainerReportHandler (AbstractContainerReportHandler.java:updateContainerState(145)) - Container #1 is in OPEN state, but the datanode 502b81c0-94cc-42d9-ac22-46124b9f2555{ip: 192.168.69.88, host: dev-nightly-20191015-w4nf7-692592917, networkLocation: /default-rack, certSerialId: null} reports an CLOSED replica.
2019-10-15 15:55:21,884 [Thread-374] INFO  client.GrpcClientProtocolService (GrpcClientProtocolService.java:lambda$processClientRequest$0(278)) - Failed RaftClientRequest:client-9849FE5BA529->502b81c0-94cc-42d9-ac22-46124b9f2555@group-103D57857047, cid=10, seq=0, Watch-ALL_COMMITTED(6), Message:<EMPTY>, reply=RaftClientReply:client-9849FE5BA529->502b81c0-94cc-42d9-ac22-46124b9f2555@group-103D57857047, cid=10, FAILED org.apache.ratis.protocol.NotReplicatedException: Request with call Id 10 and log index 6 is not yet replicated to ALL_COMMITTED, logIndex=6, commits[502b81c0-94cc-42d9-ac22-46124b9f2555:c10, 9efa5aa2-6c41-460f-b55e-e6135d265426:c4, b7ff31bb-ae39-4067-a71c-fb5e6b3a0e64:c10]
2019-10-15 15:55:21,894 [BlockDeletingService#2] WARN  background.BlockDeletingService (BlockDeletingService.java:isDeletionAllowed(187)) - Close Container log Index 6 is not replicated across allthe servers in the pipeline 1cf6151f-af98-4e08-a2d2-103d57857047 as the min replicated index is 4. Deletion is not allowed in this container yet.
2019-10-15 15:55:21,894 [BlockDeletingService#2] WARN  background.BlockDeletingService (BlockDeletingService.java:isDeletionAllowed(187)) - Close Container log Index 6 is not replicated across allthe servers in the pipeline 1cf6151f-af98-4e08-a2d2-103d57857047 as the min replicated index is 4. Deletion is not allowed in this container yet.
2019-10-15 15:55:21,979 [EventQueue-ContainerReportForContainerReportHandler] WARN  container.ContainerReportHandler (AbstractContainerReportHandler.java:updateContainerState(145)) - Container #1 is in OPEN state, but the datanode 502b81c0-94cc-42d9-ac22-46124b9f2555{ip: 192.168.69.88, host: dev-nightly-20191015-w4nf7-692592917, networkLocation: /default-rack, certSerialId: null} reports an CLOSED replica.
2019-10-15 15:55:21,987 [EventQueue-ContainerReportForContainerReportHandler] WARN  container.ContainerReportHandler (AbstractContainerReportHandler.java:updateContainerState(145)) - Container #1 is in OPEN state, but the datanode b7ff31bb-ae39-4067-a71c-fb5e6b3a0e64{ip: 192.168.69.88, host: dev-nightly-20191015-w4nf7-692592917, networkLocation: /default-rack, certSerialId: null} reports an CLOSED replica.
2019-10-15 15:55:22,280 [EventQueue-ContainerReportForContainerReportHandler] WARN  container.ContainerReportHandler (AbstractContainerReportHandler.java:updateContainerState(145)) - Container #1 is in OPEN state, but the datanode 502b81c0-94cc-42d9-ac22-46124b9f2555{ip: 192.168.69.88, host: dev-nightly-20191015-w4nf7-692592917, networkLocation: /default-rack, certSerialId: null} reports an CLOSED replica.
2019-10-15 15:55:22,288 [EventQueue-ContainerReportForContainerReportHandler] WARN  container.ContainerReportHandler (AbstractContainerReportHandler.java:updateContainerState(145)) - Container #1 is in OPEN state, but the datanode b7ff31bb-ae39-4067-a71c-fb5e6b3a0e64{ip: 192.168.69.88, host: dev-nightly-20191015-w4nf7-692592917, networkLocation: /default-rack, certSerialId: null} reports an CLOSED replica.
2019-10-15 15:55:22,479 [EventQueue-ContainerReportForContainerReportHandler] WARN  container.ContainerReportHandler (AbstractContainerReportHandler.java:updateContainerState(145)) - Container #1 is in OPEN state, but the datanode 502b81c0-94cc-42d9-ac22-46124b9f2555{ip: 192.168.69.88, host: dev-nightly-20191015-w4nf7-692592917, networkLocation: /default-rack, certSerialId: null} reports an CLOSED replica.
2019-10-15 15:55:22,588 [EventQueue-ContainerReportForContainerReportHandler] WARN  container.ContainerReportHandler (AbstractContainerReportHandler.java:updateContainerState(145)) - Container #1 is in OPEN state, but the datanode b7ff31bb-ae39-4067-a71c-fb5e6b3a0e64{ip: 192.168.69.88, host: dev-nightly-20191015-w4nf7-692592917, networkLocation: /default-rack, certSerialId: null} reports an CLOSED replica.
2019-10-15 15:55:22,679 [EventQueue-ContainerReportForContainerReportHandler] WARN  container.ContainerReportHandler (AbstractContainerReportHandler.java:updateContainerState(145)) - Container #1 is in OPEN state, but the datanode 502b81c0-94cc-42d9-ac22-46124b9f2555{ip: 192.168.69.88, host: dev-nightly-20191015-w4nf7-692592917, networkLocation: /default-rack, certSerialId: null} reports an CLOSED replica.
2019-10-15 15:55:22,895 [BlockDeletingService#7] WARN  background.BlockDeletingService (BlockDeletingService.java:isDeletionAllowed(187)) - Close Container log Index 6 is not replicated across allthe servers in the pipeline 1cf6151f-af98-4e08-a2d2-103d57857047 as the min replicated index is 4. Deletion is not allowed in this container yet.
2019-10-15 15:55:22,896 [BlockDeletingService#2] WARN  background.BlockDeletingService (BlockDeletingService.java:isDeletionAllowed(187)) - Close Container log Index 6 is not replicated across allthe servers in the pipeline 1cf6151f-af98-4e08-a2d2-103d57857047 as the min replicated index is 4. Deletion is not allowed in this container yet.
2019-10-15 15:55:22,979 [EventQueue-ContainerReportForContainerReportHandler] WARN  container.ContainerReportHandler (AbstractContainerReportHandler.java:updateContainerState(145)) - Container #1 is in OPEN state, but the datanode 502b81c0-94cc-42d9-ac22-46124b9f2555{ip: 192.168.69.88, host: dev-nightly-20191015-w4nf7-692592917, networkLocation: /default-rack, certSerialId: null} reports an CLOSED replica.
2019-10-15 15:55:22,988 [EventQueue-ContainerReportForContainerReportHandler] WARN  container.ContainerReportHandler (AbstractContainerReportHandler.java:updateContainerState(145)) - Container #1 is in OPEN state, but the datanode b7ff31bb-ae39-4067-a71c-fb5e6b3a0e64{ip: 192.168.69.88, host: dev-nightly-20191015-w4nf7-692592917, networkLocation: /default-rack, certSerialId: null} reports an CLOSED replica.
2019-10-15 15:55:23,288 [EventQueue-ContainerReportForContainerReportHandler] WARN  container.ContainerReportHandler (AbstractContainerReportHandler.java:updateContainerState(145)) - Container #1 is in OPEN state, but the datanode b7ff31bb-ae39-4067-a71c-fb5e6b3a0e64{ip: 192.168.69.88, host: dev-nightly-20191015-w4nf7-692592917, networkLocation: /default-rack, certSerialId: null} reports an CLOSED replica.
2019-10-15 15:55:23,381 [EventQueue-ContainerReportForContainerReportHandler] WARN  container.ContainerReportHandler (AbstractContainerReportHandler.java:updateContainerState(145)) - Container #1 is in OPEN state, but the datanode 502b81c0-94cc-42d9-ac22-46124b9f2555{ip: 192.168.69.88, host: dev-nightly-20191015-w4nf7-692592917, networkLocation: /default-rack, certSerialId: null} reports an CLOSED replica.
2019-10-15 15:55:23,590 [EventQueue-ContainerReportForContainerReportHandler] WARN  container.ContainerReportHandler (AbstractContainerReportHandler.java:updateContainerState(145)) - Container #1 is in OPEN state, but the datanode b7ff31bb-ae39-4067-a71c-fb5e6b3a0e64{ip: 192.168.69.88, host: dev-nightly-20191015-w4nf7-692592917, networkLocation: /default-rack, certSerialId: null} reports an CLOSED replica.
2019-10-15 15:55:23,681 [EventQueue-ContainerReportForContainerReportHandler] WARN  container.ContainerReportHandler (AbstractContainerReportHandler.java:updateContainerState(145)) - Container #1 is in OPEN state, but the datanode 502b81c0-94cc-42d9-ac22-46124b9f2555{ip: 192.168.69.88, host: dev-nightly-20191015-w4nf7-692592917, networkLocation: /default-rack, certSerialId: null} reports an CLOSED replica.
2019-10-15 15:55:23,889 [EventQueue-ContainerReportForContainerReportHandler] WARN  container.ContainerReportHandler (AbstractContainerReportHandler.java:updateContainerState(145)) - Container #1 is in OPEN state, but the datanode b7ff31bb-ae39-4067-a71c-fb5e6b3a0e64{ip: 192.168.69.88, host: dev-nightly-20191015-w4nf7-692592917, networkLocation: /default-rack, certSerialId: null} reports an CLOSED replica.
2019-10-15 15:55:23,897 [BlockDeletingService#2] WARN  background.BlockDeletingService (BlockDeletingService.java:isDeletionAllowed(187)) - Close Container log Index 6 is not replicated across allthe servers in the pipeline 1cf6151f-af98-4e08-a2d2-103d57857047 as the min replicated index is 4. Deletion is not allowed in this container yet.
2019-10-15 15:55:23,897 [BlockDeletingService#7] WARN  background.BlockDeletingService (BlockDeletingService.java:isDeletionAllowed(187)) - Close Container log Index 6 is not replicated across allthe servers in the pipeline 1cf6151f-af98-4e08-a2d2-103d57857047 as the min replicated index is 4. Deletion is not allowed in this container yet.
2019-10-15 15:55:23,940 [java.util.concurrent.ThreadPoolExecutor$Worker@6f70a200[State = -1, empty queue]] WARN  server.GrpcLogAppender (GrpcLogAppender.java:timeoutAppendRequest(209)) - 502b81c0-94cc-42d9-ac22-46124b9f2555@group-103D57857047->9efa5aa2-6c41-460f-b55e-e6135d265426-GrpcLogAppender: appendEntries Timeout, request=502b81c0-94cc-42d9-ac22-46124b9f2555->9efa5aa2-6c41-460f-b55e-e6135d265426#32-t2, previous=(t:2, i:10), leaderCommit=10, initializing? false, entries: <empty>
2019-10-15 15:55:23,981 [EventQueue-ContainerReportForContainerReportHandler] WARN  container.ContainerReportHandler (AbstractContainerReportHandler.java:updateContainerState(145)) - Container #1 is in OPEN state, but the datanode 502b81c0-94cc-42d9-ac22-46124b9f2555{ip: 192.168.69.88, host: dev-nightly-20191015-w4nf7-692592917, networkLocation: /default-rack, certSerialId: null} reports an CLOSED replica.
2019-10-15 15:55:24,291 [EventQueue-ContainerReportForContainerReportHandler] WARN  container.ContainerReportHandler (AbstractContainerReportHandler.java:updateContainerState(145)) - Container #1 is in OPEN state, but the datanode b7ff31bb-ae39-4067-a71c-fb5e6b3a0e64{ip: 192.168.69.88, host: dev-nightly-20191015-w4nf7-692592917, networkLocation: /default-rack, certSerialId: null} reports an CLOSED replica.
2019-10-15 15:55:24,381 [EventQueue-ContainerReportForContainerReportHandler] WARN  container.ContainerReportHandler (AbstractContainerReportHandler.java:updateContainerState(145)) - Container #1 is in OPEN state, but the datanode 502b81c0-94cc-42d9-ac22-46124b9f2555{ip: 192.168.69.88, host: dev-nightly-20191015-w4nf7-692592917, networkLocation: /default-rack, certSerialId: null} reports an CLOSED replica.
2019-10-15 15:55:24,690 [EventQueue-ContainerReportForContainerReportHandler] WARN  container.ContainerReportHandler (AbstractContainerReportHandler.java:updateContainerState(145)) - Container #1 is in OPEN state, but the datanode b7ff31bb-ae39-4067-a71c-fb5e6b3a0e64{ip: 192.168.69.88, host: dev-nightly-20191015-w4nf7-692592917, networkLocation: /default-rack, certSerialId: null} reports an CLOSED replica.
2019-10-15 15:55:24,781 [EventQueue-ContainerReportForContainerReportHandler] WARN  container.ContainerReportHandler (AbstractContainerReportHandler.java:updateContainerState(145)) - Container #1 is in OPEN state, but the datanode 502b81c0-94cc-42d9-ac22-46124b9f2555{ip: 192.168.69.88, host: dev-nightly-20191015-w4nf7-692592917, networkLocation: /default-rack, certSerialId: null} reports an CLOSED replica.
2019-10-15 15:55:24,890 [EventQueue-ContainerReportForContainerReportHandler] WARN  container.ContainerReportHandler (AbstractContainerReportHandler.java:updateContainerState(145)) - Container #1 is in OPEN state, but the datanode b7ff31bb-ae39-4067-a71c-fb5e6b3a0e64{ip: 192.168.69.88, host: dev-nightly-20191015-w4nf7-692592917, networkLocation: /default-rack, certSerialId: null} reports an CLOSED replica.
2019-10-15 15:55:24,900 [BlockDeletingService#7] WARN  background.BlockDeletingService (BlockDeletingService.java:isDeletionAllowed(187)) - Close Container log Index 6 is not replicated across allthe servers in the pipeline 1cf6151f-af98-4e08-a2d2-103d57857047 as the min replicated index is 4. Deletion is not allowed in this container yet.
2019-10-15 15:55:24,900 [BlockDeletingService#2] WARN  background.BlockDeletingService (BlockDeletingService.java:isDeletionAllowed(187)) - Close Container log Index 6 is not replicated across allthe servers in the pipeline 1cf6151f-af98-4e08-a2d2-103d57857047 as the min replicated index is 4. Deletion is not allowed in this container yet.
2019-10-15 15:55:25,082 [EventQueue-ContainerReportForContainerReportHandler] WARN  container.ContainerReportHandler (AbstractContainerReportHandler.java:updateContainerState(145)) - Container #1 is in OPEN state, but the datanode 502b81c0-94cc-42d9-ac22-46124b9f2555{ip: 192.168.69.88, host: dev-nightly-20191015-w4nf7-692592917, networkLocation: /default-rack, certSerialId: null} reports an CLOSED replica.
2019-10-15 15:55:25,192 [EventQueue-ContainerReportForContainerReportHandler] WARN  container.ContainerReportHandler (AbstractContainerReportHandler.java:updateContainerState(145)) - Container #1 is in OPEN state, but the datanode b7ff31bb-ae39-4067-a71c-fb5e6b3a0e64{ip: 192.168.69.88, host: dev-nightly-20191015-w4nf7-692592917, networkLocation: /default-rack, certSerialId: null} reports an CLOSED replica.
2019-10-15 15:55:25,383 [EventQueue-ContainerReportForContainerReportHandler] WARN  container.ContainerReportHandler (AbstractContainerReportHandler.java:updateContainerState(145)) - Container #1 is in OPEN state, but the datanode 502b81c0-94cc-42d9-ac22-46124b9f2555{ip: 192.168.69.88, host: dev-nightly-20191015-w4nf7-692592917, networkLocation: /default-rack, certSerialId: null} reports an CLOSED replica.
2019-10-15 15:55:25,391 [EventQueue-ContainerReportForContainerReportHandler] WARN  container.ContainerReportHandler (AbstractContainerReportHandler.java:updateContainerState(145)) - Container #1 is in OPEN state, but the datanode b7ff31bb-ae39-4067-a71c-fb5e6b3a0e64{ip: 192.168.69.88, host: dev-nightly-20191015-w4nf7-692592917, networkLocation: /default-rack, certSerialId: null} reports an CLOSED replica.
2019-10-15 15:55:25,683 [EventQueue-ContainerReportForContainerReportHandler] WARN  container.ContainerReportHandler (AbstractContainerReportHandler.java:updateContainerState(145)) - Container #1 is in OPEN state, but the datanode 502b81c0-94cc-42d9-ac22-46124b9f2555{ip: 192.168.69.88, host: dev-nightly-20191015-w4nf7-692592917, networkLocation: /default-rack, certSerialId: null} reports an CLOSED replica.
2019-10-15 15:55:25,793 [EventQueue-ContainerReportForContainerReportHandler] WARN  container.ContainerReportHandler (AbstractContainerReportHandler.java:updateContainerState(145)) - Container #1 is in OPEN state, but the datanode b7ff31bb-ae39-4067-a71c-fb5e6b3a0e64{ip: 192.168.69.88, host: dev-nightly-20191015-w4nf7-692592917, networkLocation: /default-rack, certSerialId: null} reports an CLOSED replica.
2019-10-15 15:55:25,883 [EventQueue-ContainerReportForContainerReportHandler] WARN  container.ContainerReportHandler (AbstractContainerReportHandler.java:updateContainerState(145)) - Container #1 is in OPEN state, but the datanode 502b81c0-94cc-42d9-ac22-46124b9f2555{ip: 192.168.69.88, host: dev-nightly-20191015-w4nf7-692592917, networkLocation: /default-rack, certSerialId: null} reports an CLOSED replica.
2019-10-15 15:55:25,902 [BlockDeletingService#7] WARN  background.BlockDeletingService (BlockDeletingService.java:isDeletionAllowed(187)) - Close Container log Index 6 is not replicated across allthe servers in the pipeline 1cf6151f-af98-4e08-a2d2-103d57857047 as the min replicated index is 4. Deletion is not allowed in this container yet.
2019-10-15 15:55:25,902 [BlockDeletingService#2] WARN  background.BlockDeletingService (BlockDeletingService.java:isDeletionAllowed(187)) - Close Container log Index 6 is not replicated across allthe servers in the pipeline 1cf6151f-af98-4e08-a2d2-103d57857047 as the min replicated index is 4. Deletion is not allowed in this container yet.
2019-10-15 15:55:26,092 [EventQueue-ContainerReportForContainerReportHandler] WARN  container.ContainerReportHandler (AbstractContainerReportHandler.java:updateContainerState(145)) - Container #1 is in OPEN state, but the datanode b7ff31bb-ae39-4067-a71c-fb5e6b3a0e64{ip: 192.168.69.88, host: dev-nightly-20191015-w4nf7-692592917, networkLocation: /default-rack, certSerialId: null} reports an CLOSED replica.
2019-10-15 15:55:26,282 [EventQueue-ContainerReportForContainerReportHandler] WARN  container.ContainerReportHandler (AbstractContainerReportHandler.java:updateContainerState(145)) - Container #1 is in OPEN state, but the datanode 502b81c0-94cc-42d9-ac22-46124b9f2555{ip: 192.168.69.88, host: dev-nightly-20191015-w4nf7-692592917, networkLocation: /default-rack, certSerialId: null} reports an CLOSED replica.
2019-10-15 15:55:26,392 [EventQueue-ContainerReportForContainerReportHandler] WARN  container.ContainerReportHandler (AbstractContainerReportHandler.java:updateContainerState(145)) - Container #1 is in OPEN state, but the datanode b7ff31bb-ae39-4067-a71c-fb5e6b3a0e64{ip: 192.168.69.88, host: dev-nightly-20191015-w4nf7-692592917, networkLocation: /default-rack, certSerialId: null} reports an CLOSED replica.
2019-10-15 15:55:26,441 [java.util.concurrent.ThreadPoolExecutor$Worker@6f70a200[State = -1, empty queue]] WARN  server.GrpcLogAppender (GrpcLogAppender.java:timeoutAppendRequest(209)) - 502b81c0-94cc-42d9-ac22-46124b9f2555@group-103D57857047->9efa5aa2-6c41-460f-b55e-e6135d265426-GrpcLogAppender: appendEntries Timeout, request=502b81c0-94cc-42d9-ac22-46124b9f2555->9efa5aa2-6c41-460f-b55e-e6135d265426#33-t2, previous=(t:2, i:10), leaderCommit=10, initializing? false, entries: <empty>
2019-10-15 15:55:26,483 [EventQueue-ContainerReportForContainerReportHandler] WARN  container.ContainerReportHandler (AbstractContainerReportHandler.java:updateContainerState(145)) - Container #1 is in OPEN state, but the datanode 502b81c0-94cc-42d9-ac22-46124b9f2555{ip: 192.168.69.88, host: dev-nightly-20191015-w4nf7-692592917, networkLocation: /default-rack, certSerialId: null} reports an CLOSED replica.
2019-10-15 15:55:26,692 [EventQueue-ContainerReportForContainerReportHandler] WARN  container.ContainerReportHandler (AbstractContainerReportHandler.java:updateContainerState(145)) - Container #1 is in OPEN state, but the datanode b7ff31bb-ae39-4067-a71c-fb5e6b3a0e64{ip: 192.168.69.88, host: dev-nightly-20191015-w4nf7-692592917, networkLocation: /default-rack, certSerialId: null} reports an CLOSED replica.
2019-10-15 15:55:26,782 [EventQueue-ContainerReportForContainerReportHandler] WARN  container.ContainerReportHandler (AbstractContainerReportHandler.java:updateContainerState(145)) - Container #1 is in OPEN state, but the datanode 502b81c0-94cc-42d9-ac22-46124b9f2555{ip: 192.168.69.88, host: dev-nightly-20191015-w4nf7-692592917, networkLocation: /default-rack, certSerialId: null} reports an CLOSED replica.
2019-10-15 15:55:26,904 [BlockDeletingService#7] WARN  background.BlockDeletingService (BlockDeletingService.java:isDeletionAllowed(187)) - Close Container log Index 6 is not replicated across allthe servers in the pipeline 1cf6151f-af98-4e08-a2d2-103d57857047 as the min replicated index is 4. Deletion is not allowed in this container yet.
2019-10-15 15:55:26,904 [BlockDeletingService#2] WARN  background.BlockDeletingService (BlockDeletingService.java:isDeletionAllowed(187)) - Close Container log Index 6 is not replicated across allthe servers in the pipeline 1cf6151f-af98-4e08-a2d2-103d57857047 as the min replicated index is 4. Deletion is not allowed in this container yet.
2019-10-15 15:55:27,092 [EventQueue-ContainerReportForContainerReportHandler] WARN  container.ContainerReportHandler (AbstractContainerReportHandler.java:updateContainerState(145)) - Container #1 is in OPEN state, but the datanode b7ff31bb-ae39-4067-a71c-fb5e6b3a0e64{ip: 192.168.69.88, host: dev-nightly-20191015-w4nf7-692592917, networkLocation: /default-rack, certSerialId: null} reports an CLOSED replica.
2019-10-15 15:55:27,183 [EventQueue-ContainerReportForContainerReportHandler] WARN  container.ContainerReportHandler (AbstractContainerReportHandler.java:updateContainerState(145)) - Container #1 is in OPEN state, but the datanode 502b81c0-94cc-42d9-ac22-46124b9f2555{ip: 192.168.69.88, host: dev-nightly-20191015-w4nf7-692592917, networkLocation: /default-rack, certSerialId: null} reports an CLOSED replica.
2019-10-15 15:55:27,395 [EventQueue-ContainerReportForContainerReportHandler] WARN  container.ContainerReportHandler (AbstractContainerReportHandler.java:updateContainerState(145)) - Container #1 is in OPEN state, but the datanode b7ff31bb-ae39-4067-a71c-fb5e6b3a0e64{ip: 192.168.69.88, host: dev-nightly-20191015-w4nf7-692592917, networkLocation: /default-rack, certSerialId: null} reports an CLOSED replica.
2019-10-15 15:55:27,484 [EventQueue-ContainerReportForContainerReportHandler] WARN  container.ContainerReportHandler (AbstractContainerReportHandler.java:updateContainerState(145)) - Container #1 is in OPEN state, but the datanode 502b81c0-94cc-42d9-ac22-46124b9f2555{ip: 192.168.69.88, host: dev-nightly-20191015-w4nf7-692592917, networkLocation: /default-rack, certSerialId: null} reports an CLOSED replica.
2019-10-15 15:55:27,596 [EventQueue-ContainerReportForContainerReportHandler] WARN  container.ContainerReportHandler (AbstractContainerReportHandler.java:updateContainerState(145)) - Container #1 is in OPEN state, but the datanode b7ff31bb-ae39-4067-a71c-fb5e6b3a0e64{ip: 192.168.69.88, host: dev-nightly-20191015-w4nf7-692592917, networkLocation: /default-rack, certSerialId: null} reports an CLOSED replica.
2019-10-15 15:55:27,783 [EventQueue-ContainerReportForContainerReportHandler] WARN  container.ContainerReportHandler (AbstractContainerReportHandler.java:updateContainerState(145)) - Container #1 is in OPEN state, but the datanode 502b81c0-94cc-42d9-ac22-46124b9f2555{ip: 192.168.69.88, host: dev-nightly-20191015-w4nf7-692592917, networkLocation: /default-rack, certSerialId: null} reports an CLOSED replica.
2019-10-15 15:55:27,899 [EventQueue-ContainerReportForContainerReportHandler] WARN  container.ContainerReportHandler (AbstractContainerReportHandler.java:updateContainerState(145)) - Container #1 is in OPEN state, but the datanode b7ff31bb-ae39-4067-a71c-fb5e6b3a0e64{ip: 192.168.69.88, host: dev-nightly-20191015-w4nf7-692592917, networkLocation: /default-rack, certSerialId: null} reports an CLOSED replica.
2019-10-15 15:55:27,906 [BlockDeletingService#7] WARN  background.BlockDeletingService (BlockDeletingService.java:isDeletionAllowed(187)) - Close Container log Index 6 is not replicated across allthe servers in the pipeline 1cf6151f-af98-4e08-a2d2-103d57857047 as the min replicated index is 4. Deletion is not allowed in this container yet.
2019-10-15 15:55:27,906 [BlockDeletingService#2] WARN  background.BlockDeletingService (BlockDeletingService.java:isDeletionAllowed(187)) - Close Container log Index 6 is not replicated across allthe servers in the pipeline 1cf6151f-af98-4e08-a2d2-103d57857047 as the min replicated index is 4. Deletion is not allowed in this container yet.
2019-10-15 15:55:28,083 [EventQueue-ContainerReportForContainerReportHandler] WARN  container.ContainerReportHandler (AbstractContainerReportHandler.java:updateContainerState(145)) - Container #1 is in OPEN state, but the datanode 502b81c0-94cc-42d9-ac22-46124b9f2555{ip: 192.168.69.88, host: dev-nightly-20191015-w4nf7-692592917, networkLocation: /default-rack, certSerialId: null} reports an CLOSED replica.
2019-10-15 15:55:28,199 [EventQueue-ContainerReportForContainerReportHandler] WARN  container.ContainerReportHandler (AbstractContainerReportHandler.java:updateContainerState(145)) - Container #1 is in OPEN state, but the datanode b7ff31bb-ae39-4067-a71c-fb5e6b3a0e64{ip: 192.168.69.88, host: dev-nightly-20191015-w4nf7-692592917, networkLocation: /default-rack, certSerialId: null} reports an CLOSED replica.
2019-10-15 15:55:28,383 [EventQueue-ContainerReportForContainerReportHandler] WARN  container.ContainerReportHandler (AbstractContainerReportHandler.java:updateContainerState(145)) - Container #1 is in OPEN state, but the datanode 502b81c0-94cc-42d9-ac22-46124b9f2555{ip: 192.168.69.88, host: dev-nightly-20191015-w4nf7-692592917, networkLocation: /default-rack, certSerialId: null} reports an CLOSED replica.
2019-10-15 15:55:28,399 [EventQueue-ContainerReportForContainerReportHandler] WARN  container.ContainerReportHandler (AbstractContainerReportHandler.java:updateContainerState(145)) - Container #1 is in OPEN state, but the datanode b7ff31bb-ae39-4067-a71c-fb5e6b3a0e64{ip: 192.168.69.88, host: dev-nightly-20191015-w4nf7-692592917, networkLocation: /default-rack, certSerialId: null} reports an CLOSED replica.
2019-10-15 15:55:28,784 [EventQueue-ContainerReportForContainerReportHandler] WARN  container.ContainerReportHandler (AbstractContainerReportHandler.java:updateContainerState(145)) - Container #1 is in OPEN state, but the datanode 502b81c0-94cc-42d9-ac22-46124b9f2555{ip: 192.168.69.88, host: dev-nightly-20191015-w4nf7-692592917, networkLocation: /default-rack, certSerialId: null} reports an CLOSED replica.
2019-10-15 15:55:28,800 [EventQueue-ContainerReportForContainerReportHandler] WARN  container.ContainerReportHandler (AbstractContainerReportHandler.java:updateContainerState(145)) - Container #1 is in OPEN state, but the datanode b7ff31bb-ae39-4067-a71c-fb5e6b3a0e64{ip: 192.168.69.88, host: dev-nightly-20191015-w4nf7-692592917, networkLocation: /default-rack, certSerialId: null} reports an CLOSED replica.
2019-10-15 15:55:28,907 [BlockDeletingService#7] WARN  background.BlockDeletingService (BlockDeletingService.java:isDeletionAllowed(187)) - Close Container log Index 6 is not replicated across allthe servers in the pipeline 1cf6151f-af98-4e08-a2d2-103d57857047 as the min replicated index is 4. Deletion is not allowed in this container yet.
2019-10-15 15:55:28,907 [BlockDeletingService#2] WARN  background.BlockDeletingService (BlockDeletingService.java:isDeletionAllowed(187)) - Close Container log Index 6 is not replicated across allthe servers in the pipeline 1cf6151f-af98-4e08-a2d2-103d57857047 as the min replicated index is 4. Deletion is not allowed in this container yet.
2019-10-15 15:55:28,944 [java.util.concurrent.ThreadPoolExecutor$Worker@6f70a200[State = -1, empty queue]] WARN  server.GrpcLogAppender (GrpcLogAppender.java:timeoutAppendRequest(209)) - 502b81c0-94cc-42d9-ac22-46124b9f2555@group-103D57857047->9efa5aa2-6c41-460f-b55e-e6135d265426-GrpcLogAppender: appendEntries Timeout, request=502b81c0-94cc-42d9-ac22-46124b9f2555->9efa5aa2-6c41-460f-b55e-e6135d265426#34-t2, previous=(t:2, i:10), leaderCommit=10, initializing? false, entries: <empty>
2019-10-15 15:55:29,085 [EventQueue-ContainerReportForContainerReportHandler] WARN  container.ContainerReportHandler (AbstractContainerReportHandler.java:updateContainerState(145)) - Container #1 is in OPEN state, but the datanode 502b81c0-94cc-42d9-ac22-46124b9f2555{ip: 192.168.69.88, host: dev-nightly-20191015-w4nf7-692592917, networkLocation: /default-rack, certSerialId: null} reports an CLOSED replica.
2019-10-15 15:55:29,100 [EventQueue-ContainerReportForContainerReportHandler] WARN  container.ContainerReportHandler (AbstractContainerReportHandler.java:updateContainerState(145)) - Container #1 is in OPEN state, but the datanode b7ff31bb-ae39-4067-a71c-fb5e6b3a0e64{ip: 192.168.69.88, host: dev-nightly-20191015-w4nf7-692592917, networkLocation: /default-rack, certSerialId: null} reports an CLOSED replica.
2019-10-15 15:55:29,284 [EventQueue-ContainerReportForContainerReportHandler] WARN  container.ContainerReportHandler (AbstractContainerReportHandler.java:updateContainerState(145)) - Container #1 is in OPEN state, but the datanode 502b81c0-94cc-42d9-ac22-46124b9f2555{ip: 192.168.69.88, host: dev-nightly-20191015-w4nf7-692592917, networkLocation: /default-rack, certSerialId: null} reports an CLOSED replica.
2019-10-15 15:55:29,400 [EventQueue-ContainerReportForContainerReportHandler] WARN  container.ContainerReportHandler (AbstractContainerReportHandler.java:updateContainerState(145)) - Container #1 is in OPEN state, but the datanode b7ff31bb-ae39-4067-a71c-fb5e6b3a0e64{ip: 192.168.69.88, host: dev-nightly-20191015-w4nf7-692592917, networkLocation: /default-rack, certSerialId: null} reports an CLOSED replica.
2019-10-15 15:55:29,508 [Thread-396] INFO  client.GrpcClientProtocolService (GrpcClientProtocolService.java:lambda$processClientRequest$0(278)) - Failed RaftClientRequest:client-9849FE5BA529->b7ff31bb-ae39-4067-a71c-fb5e6b3a0e64@group-103D57857047, cid=10, seq=0, Watch-ALL_COMMITTED(6), Message:<EMPTY>, reply=RaftClientReply:client-9849FE5BA529->b7ff31bb-ae39-4067-a71c-fb5e6b3a0e64@group-103D57857047, cid=10, FAILED org.apache.ratis.protocol.NotLeaderException: Server b7ff31bb-ae39-4067-a71c-fb5e6b3a0e64@group-103D57857047 is not the leader 502b81c0-94cc-42d9-ac22-46124b9f2555:192.168.69.88:45179, logIndex=0, commits[b7ff31bb-ae39-4067-a71c-fb5e6b3a0e64:c10, 502b81c0-94cc-42d9-ac22-46124b9f2555:c10, 9efa5aa2-6c41-460f-b55e-e6135d265426:c4]
2019-10-15 15:55:29,685 [EventQueue-ContainerReportForContainerReportHandler] WARN  container.ContainerReportHandler (AbstractContainerReportHandler.java:updateContainerState(145)) - Container #1 is in OPEN state, but the datanode 502b81c0-94cc-42d9-ac22-46124b9f2555{ip: 192.168.69.88, host: dev-nightly-20191015-w4nf7-692592917, networkLocation: /default-rack, certSerialId: null} reports an CLOSED replica.
2019-10-15 15:55:29,700 [EventQueue-ContainerReportForContainerReportHandler] WARN  container.ContainerReportHandler (AbstractContainerReportHandler.java:updateContainerState(145)) - Container #1 is in OPEN state, but the datanode b7ff31bb-ae39-4067-a71c-fb5e6b3a0e64{ip: 192.168.69.88, host: dev-nightly-20191015-w4nf7-692592917, networkLocation: /default-rack, certSerialId: null} reports an CLOSED replica.
2019-10-15 15:55:29,909 [BlockDeletingService#7] WARN  background.BlockDeletingService (BlockDeletingService.java:isDeletionAllowed(187)) - Close Container log Index 6 is not replicated across allthe servers in the pipeline 1cf6151f-af98-4e08-a2d2-103d57857047 as the min replicated index is 4. Deletion is not allowed in this container yet.
2019-10-15 15:55:29,909 [BlockDeletingService#2] WARN  background.BlockDeletingService (BlockDeletingService.java:isDeletionAllowed(187)) - Close Container log Index 6 is not replicated across allthe servers in the pipeline 1cf6151f-af98-4e08-a2d2-103d57857047 as the min replicated index is 4. Deletion is not allowed in this container yet.
2019-10-15 15:55:29,984 [EventQueue-ContainerReportForContainerReportHandler] WARN  container.ContainerReportHandler (AbstractContainerReportHandler.java:updateContainerState(145)) - Container #1 is in OPEN state, but the datanode 502b81c0-94cc-42d9-ac22-46124b9f2555{ip: 192.168.69.88, host: dev-nightly-20191015-w4nf7-692592917, networkLocation: /default-rack, certSerialId: null} reports an CLOSED replica.
2019-10-15 15:55:30,000 [EventQueue-ContainerReportForContainerReportHandler] WARN  container.ContainerReportHandler (AbstractContainerReportHandler.java:updateContainerState(145)) - Container #1 is in OPEN state, but the datanode b7ff31bb-ae39-4067-a71c-fb5e6b3a0e64{ip: 192.168.69.88, host: dev-nightly-20191015-w4nf7-692592917, networkLocation: /default-rack, certSerialId: null} reports an CLOSED replica.
2019-10-15 15:55:30,185 [EventQueue-ContainerReportForContainerReportHandler] WARN  container.ContainerReportHandler (AbstractContainerReportHandler.java:updateContainerState(145)) - Container #1 is in OPEN state, but the datanode 502b81c0-94cc-42d9-ac22-46124b9f2555{ip: 192.168.69.88, host: dev-nightly-20191015-w4nf7-692592917, networkLocation: /default-rack, certSerialId: null} reports an CLOSED replica.
2019-10-15 15:55:30,402 [EventQueue-ContainerReportForContainerReportHandler] WARN  container.ContainerReportHandler (AbstractContainerReportHandler.java:updateContainerState(145)) - Container #1 is in OPEN state, but the datanode b7ff31bb-ae39-4067-a71c-fb5e6b3a0e64{ip: 192.168.69.88, host: dev-nightly-20191015-w4nf7-692592917, networkLocation: /default-rack, certSerialId: null} reports an CLOSED replica.
2019-10-15 15:55:30,585 [EventQueue-ContainerReportForContainerReportHandler] WARN  container.ContainerReportHandler (AbstractContainerReportHandler.java:updateContainerState(145)) - Container #1 is in OPEN state, but the datanode 502b81c0-94cc-42d9-ac22-46124b9f2555{ip: 192.168.69.88, host: dev-nightly-20191015-w4nf7-692592917, networkLocation: /default-rack, certSerialId: null} reports an CLOSED replica.
2019-10-15 15:55:30,803 [EventQueue-ContainerReportForContainerReportHandler] WARN  container.ContainerReportHandler (AbstractContainerReportHandler.java:updateContainerState(145)) - Container #1 is in OPEN state, but the datanode b7ff31bb-ae39-4067-a71c-fb5e6b3a0e64{ip: 192.168.69.88, host: dev-nightly-20191015-w4nf7-692592917, networkLocation: /default-rack, certSerialId: null} reports an CLOSED replica.
2019-10-15 15:55:30,884 [Thread-401] INFO  client.GrpcClientProtocolService (GrpcClientProtocolService.java:lambda$processClientRequest$0(278)) - Failed RaftClientRequest:client-9849FE5BA529->502b81c0-94cc-42d9-ac22-46124b9f2555@group-103D57857047, cid=10, seq=0, Watch-ALL_COMMITTED(6), Message:<EMPTY>, reply=RaftClientReply:client-9849FE5BA529->502b81c0-94cc-42d9-ac22-46124b9f2555@group-103D57857047, cid=10, FAILED org.apache.ratis.protocol.NotReplicatedException: Request with call Id 10 and log index 6 is not yet replicated to ALL_COMMITTED, logIndex=6, commits[502b81c0-94cc-42d9-ac22-46124b9f2555:c10, 9efa5aa2-6c41-460f-b55e-e6135d265426:c4, b7ff31bb-ae39-4067-a71c-fb5e6b3a0e64:c10]
2019-10-15 15:55:30,887 [EventQueue-ContainerReportForContainerReportHandler] WARN  container.ContainerReportHandler (AbstractContainerReportHandler.java:updateContainerState(145)) - Container #1 is in OPEN state, but the datanode 502b81c0-94cc-42d9-ac22-46124b9f2555{ip: 192.168.69.88, host: dev-nightly-20191015-w4nf7-692592917, networkLocation: /default-rack, certSerialId: null} reports an CLOSED replica.
2019-10-15 15:55:30,912 [BlockDeletingService#2] WARN  background.BlockDeletingService (BlockDeletingService.java:isDeletionAllowed(187)) - Close Container log Index 6 is not replicated across allthe servers in the pipeline 1cf6151f-af98-4e08-a2d2-103d57857047 as the min replicated index is 4. Deletion is not allowed in this container yet.
2019-10-15 15:55:30,912 [BlockDeletingService#7] WARN  background.BlockDeletingService (BlockDeletingService.java:isDeletionAllowed(187)) - Close Container log Index 6 is not replicated across allthe servers in the pipeline 1cf6151f-af98-4e08-a2d2-103d57857047 as the min replicated index is 4. Deletion is not allowed in this container yet.
2019-10-15 15:55:31,102 [EventQueue-ContainerReportForContainerReportHandler] WARN  container.ContainerReportHandler (AbstractContainerReportHandler.java:updateContainerState(145)) - Container #1 is in OPEN state, but the datanode b7ff31bb-ae39-4067-a71c-fb5e6b3a0e64{ip: 192.168.69.88, host: dev-nightly-20191015-w4nf7-692592917, networkLocation: /default-rack, certSerialId: null} reports an CLOSED replica.
2019-10-15 15:55:31,188 [EventQueue-ContainerReportForContainerReportHandler] WARN  container.ContainerReportHandler (AbstractContainerReportHandler.java:updateContainerState(145)) - Container #1 is in OPEN state, but the datanode 502b81c0-94cc-42d9-ac22-46124b9f2555{ip: 192.168.69.88, host: dev-nightly-20191015-w4nf7-692592917, networkLocation: /default-rack, certSerialId: null} reports an CLOSED replica.
2019-10-15 15:55:31,402 [EventQueue-ContainerReportForContainerReportHandler] WARN  container.ContainerReportHandler (AbstractContainerReportHandler.java:updateContainerState(145)) - Container #1 is in OPEN state, but the datanode b7ff31bb-ae39-4067-a71c-fb5e6b3a0e64{ip: 192.168.69.88, host: dev-nightly-20191015-w4nf7-692592917, networkLocation: /default-rack, certSerialId: null} reports an CLOSED replica.
2019-10-15 15:55:31,445 [java.util.concurrent.ThreadPoolExecutor$Worker@6f70a200[State = -1, empty queue]] WARN  server.GrpcLogAppender (GrpcLogAppender.java:timeoutAppendRequest(209)) - 502b81c0-94cc-42d9-ac22-46124b9f2555@group-103D57857047->9efa5aa2-6c41-460f-b55e-e6135d265426-GrpcLogAppender: appendEntries Timeout, request=502b81c0-94cc-42d9-ac22-46124b9f2555->9efa5aa2-6c41-460f-b55e-e6135d265426#35-t2, previous=(t:2, i:10), leaderCommit=10, initializing? false, entries: <empty>
2019-10-15 15:55:31,487 [EventQueue-ContainerReportForContainerReportHandler] WARN  container.ContainerReportHandler (AbstractContainerReportHandler.java:updateContainerState(145)) - Container #1 is in OPEN state, but the datanode 502b81c0-94cc-42d9-ac22-46124b9f2555{ip: 192.168.69.88, host: dev-nightly-20191015-w4nf7-692592917, networkLocation: /default-rack, certSerialId: null} reports an CLOSED replica.
2019-10-15 15:55:31,687 [EventQueue-ContainerReportForContainerReportHandler] WARN  container.ContainerReportHandler (AbstractContainerReportHandler.java:updateContainerState(145)) - Container #1 is in OPEN state, but the datanode 502b81c0-94cc-42d9-ac22-46124b9f2555{ip: 192.168.69.88, host: dev-nightly-20191015-w4nf7-692592917, networkLocation: /default-rack, certSerialId: null} reports an CLOSED replica.
2019-10-15 15:55:31,706 [EventQueue-ContainerReportForContainerReportHandler] WARN  container.ContainerReportHandler (AbstractContainerReportHandler.java:updateContainerState(145)) - Container #1 is in OPEN state, but the datanode b7ff31bb-ae39-4067-a71c-fb5e6b3a0e64{ip: 192.168.69.88, host: dev-nightly-20191015-w4nf7-692592917, networkLocation: /default-rack, certSerialId: null} reports an CLOSED replica.
2019-10-15 15:55:31,915 [BlockDeletingService#7] WARN  background.BlockDeletingService (BlockDeletingService.java:isDeletionAllowed(187)) - Close Container log Index 6 is not replicated across allthe servers in the pipeline 1cf6151f-af98-4e08-a2d2-103d57857047 as the min replicated index is 4. Deletion is not allowed in this container yet.
2019-10-15 15:55:31,915 [BlockDeletingService#2] WARN  background.BlockDeletingService (BlockDeletingService.java:isDeletionAllowed(187)) - Close Container log Index 6 is not replicated across allthe servers in the pipeline 1cf6151f-af98-4e08-a2d2-103d57857047 as the min replicated index is 4. Deletion is not allowed in this container yet.
2019-10-15 15:55:32,088 [EventQueue-ContainerReportForContainerReportHandler] WARN  container.ContainerReportHandler (AbstractContainerReportHandler.java:updateContainerState(145)) - Container #1 is in OPEN state, but the datanode 502b81c0-94cc-42d9-ac22-46124b9f2555{ip: 192.168.69.88, host: dev-nightly-20191015-w4nf7-692592917, networkLocation: /default-rack, certSerialId: null} reports an CLOSED replica.
2019-10-15 15:55:32,105 [EventQueue-ContainerReportForContainerReportHandler] WARN  container.ContainerReportHandler (AbstractContainerReportHandler.java:updateContainerState(145)) - Container #1 is in OPEN state, but the datanode b7ff31bb-ae39-4067-a71c-fb5e6b3a0e64{ip: 192.168.69.88, host: dev-nightly-20191015-w4nf7-692592917, networkLocation: /default-rack, certSerialId: null} reports an CLOSED replica.
2019-10-15 15:55:32,289 [EventQueue-ContainerReportForContainerReportHandler] WARN  container.ContainerReportHandler (AbstractContainerReportHandler.java:updateContainerState(145)) - Container #1 is in OPEN state, but the datanode 502b81c0-94cc-42d9-ac22-46124b9f2555{ip: 192.168.69.88, host: dev-nightly-20191015-w4nf7-692592917, networkLocation: /default-rack, certSerialId: null} reports an CLOSED replica.
2019-10-15 15:55:32,305 [EventQueue-ContainerReportForContainerReportHandler] WARN  container.ContainerReportHandler (AbstractContainerReportHandler.java:updateContainerState(145)) - Container #1 is in OPEN state, but the datanode b7ff31bb-ae39-4067-a71c-fb5e6b3a0e64{ip: 192.168.69.88, host: dev-nightly-20191015-w4nf7-692592917, networkLocation: /default-rack, certSerialId: null} reports an CLOSED replica.
2019-10-15 15:55:32,505 [EventQueue-ContainerReportForContainerReportHandler] WARN  container.ContainerReportHandler (AbstractContainerReportHandler.java:updateContainerState(145)) - Container #1 is in OPEN state, but the datanode b7ff31bb-ae39-4067-a71c-fb5e6b3a0e64{ip: 192.168.69.88, host: dev-nightly-20191015-w4nf7-692592917, networkLocation: /default-rack, certSerialId: null} reports an CLOSED replica.
2019-10-15 15:55:32,590 [EventQueue-ContainerReportForContainerReportHandler] WARN  container.ContainerReportHandler (AbstractContainerReportHandler.java:updateContainerState(145)) - Container #1 is in OPEN state, but the datanode 502b81c0-94cc-42d9-ac22-46124b9f2555{ip: 192.168.69.88, host: dev-nightly-20191015-w4nf7-692592917, networkLocation: /default-rack, certSerialId: null} reports an CLOSED replica.
2019-10-15 15:55:32,789 [EventQueue-ContainerReportForContainerReportHandler] WARN  container.ContainerReportHandler (AbstractContainerReportHandler.java:updateContainerState(145)) - Container #1 is in OPEN state, but the datanode 502b81c0-94cc-42d9-ac22-46124b9f2555{ip: 192.168.69.88, host: dev-nightly-20191015-w4nf7-692592917, networkLocation: /default-rack, certSerialId: null} reports an CLOSED replica.
2019-10-15 15:55:32,805 [EventQueue-ContainerReportForContainerReportHandler] WARN  container.ContainerReportHandler (AbstractContainerReportHandler.java:updateContainerState(145)) - Container #1 is in OPEN state, but the datanode b7ff31bb-ae39-4067-a71c-fb5e6b3a0e64{ip: 192.168.69.88, host: dev-nightly-20191015-w4nf7-692592917, networkLocation: /default-rack, certSerialId: null} reports an CLOSED replica.
2019-10-15 15:55:32,916 [BlockDeletingService#7] WARN  background.BlockDeletingService (BlockDeletingService.java:isDeletionAllowed(187)) - Close Container log Index 6 is not replicated across allthe servers in the pipeline 1cf6151f-af98-4e08-a2d2-103d57857047 as the min replicated index is 4. Deletion is not allowed in this container yet.
2019-10-15 15:55:32,916 [BlockDeletingService#2] WARN  background.BlockDeletingService (BlockDeletingService.java:isDeletionAllowed(187)) - Close Container log Index 6 is not replicated across allthe servers in the pipeline 1cf6151f-af98-4e08-a2d2-103d57857047 as the min replicated index is 4. Deletion is not allowed in this container yet.
2019-10-15 15:55:33,190 [EventQueue-ContainerReportForContainerReportHandler] WARN  container.ContainerReportHandler (AbstractContainerReportHandler.java:updateContainerState(145)) - Container #1 is in OPEN state, but the datanode 502b81c0-94cc-42d9-ac22-46124b9f2555{ip: 192.168.69.88, host: dev-nightly-20191015-w4nf7-692592917, networkLocation: /default-rack, certSerialId: null} reports an CLOSED replica.
2019-10-15 15:55:33,206 [EventQueue-ContainerReportForContainerReportHandler] WARN  container.ContainerReportHandler (AbstractContainerReportHandler.java:updateContainerState(145)) - Container #1 is in OPEN state, but the datanode b7ff31bb-ae39-4067-a71c-fb5e6b3a0e64{ip: 192.168.69.88, host: dev-nightly-20191015-w4nf7-692592917, networkLocation: /default-rack, certSerialId: null} reports an CLOSED replica.
2019-10-15 15:55:33,491 [EventQueue-ContainerReportForContainerReportHandler] WARN  container.ContainerReportHandler (AbstractContainerReportHandler.java:updateContainerState(145)) - Container #1 is in OPEN state, but the datanode 502b81c0-94cc-42d9-ac22-46124b9f2555{ip: 192.168.69.88, host: dev-nightly-20191015-w4nf7-692592917, networkLocation: /default-rack, certSerialId: null} reports an CLOSED replica.
2019-10-15 15:55:33,605 [EventQueue-ContainerReportForContainerReportHandler] WARN  container.ContainerReportHandler (AbstractContainerReportHandler.java:updateContainerState(145)) - Container #1 is in OPEN state, but the datanode b7ff31bb-ae39-4067-a71c-fb5e6b3a0e64{ip: 192.168.69.88, host: dev-nightly-20191015-w4nf7-692592917, networkLocation: /default-rack, certSerialId: null} reports an CLOSED replica.
2019-10-15 15:55:33,806 [EventQueue-ContainerReportForContainerReportHandler] WARN  container.ContainerReportHandler (AbstractContainerReportHandler.java:updateContainerState(145)) - Container #1 is in OPEN state, but the datanode b7ff31bb-ae39-4067-a71c-fb5e6b3a0e64{ip: 192.168.69.88, host: dev-nightly-20191015-w4nf7-692592917, networkLocation: /default-rack, certSerialId: null} reports an CLOSED replica.
2019-10-15 15:55:33,891 [EventQueue-ContainerReportForContainerReportHandler] WARN  container.ContainerReportHandler (AbstractContainerReportHandler.java:updateContainerState(145)) - Container #1 is in OPEN state, but the datanode 502b81c0-94cc-42d9-ac22-46124b9f2555{ip: 192.168.69.88, host: dev-nightly-20191015-w4nf7-692592917, networkLocation: /default-rack, certSerialId: null} reports an CLOSED replica.
2019-10-15 15:55:33,917 [BlockDeletingService#7] WARN  background.BlockDeletingService (BlockDeletingService.java:isDeletionAllowed(187)) - Close Container log Index 6 is not replicated across allthe servers in the pipeline 1cf6151f-af98-4e08-a2d2-103d57857047 as the min replicated index is 4. Deletion is not allowed in this container yet.
2019-10-15 15:55:33,917 [BlockDeletingService#2] WARN  background.BlockDeletingService (BlockDeletingService.java:isDeletionAllowed(187)) - Close Container log Index 6 is not replicated across allthe servers in the pipeline 1cf6151f-af98-4e08-a2d2-103d57857047 as the min replicated index is 4. Deletion is not allowed in this container yet.
2019-10-15 15:55:33,945 [java.util.concurrent.ThreadPoolExecutor$Worker@6f70a200[State = -1, empty queue]] WARN  server.GrpcLogAppender (GrpcLogAppender.java:timeoutAppendRequest(209)) - 502b81c0-94cc-42d9-ac22-46124b9f2555@group-103D57857047->9efa5aa2-6c41-460f-b55e-e6135d265426-GrpcLogAppender: appendEntries Timeout, request=502b81c0-94cc-42d9-ac22-46124b9f2555->9efa5aa2-6c41-460f-b55e-e6135d265426#36-t2, previous=(t:2, i:10), leaderCommit=10, initializing? false, entries: <empty>
2019-10-15 15:55:34,106 [EventQueue-ContainerReportForContainerReportHandler] WARN  container.ContainerReportHandler (AbstractContainerReportHandler.java:updateContainerState(145)) - Container #1 is in OPEN state, but the datanode b7ff31bb-ae39-4067-a71c-fb5e6b3a0e64{ip: 192.168.69.88, host: dev-nightly-20191015-w4nf7-692592917, networkLocation: /default-rack, certSerialId: null} reports an CLOSED replica.
2019-10-15 15:55:34,191 [EventQueue-ContainerReportForContainerReportHandler] WARN  container.ContainerReportHandler (AbstractContainerReportHandler.java:updateContainerState(145)) - Container #1 is in OPEN state, but the datanode 502b81c0-94cc-42d9-ac22-46124b9f2555{ip: 192.168.69.88, host: dev-nightly-20191015-w4nf7-692592917, networkLocation: /default-rack, certSerialId: null} reports an CLOSED replica.
2019-10-15 15:55:34,407 [EventQueue-ContainerReportForContainerReportHandler] WARN  container.ContainerReportHandler (AbstractContainerReportHandler.java:updateContainerState(145)) - Container #1 is in OPEN state, but the datanode b7ff31bb-ae39-4067-a71c-fb5e6b3a0e64{ip: 192.168.69.88, host: dev-nightly-20191015-w4nf7-692592917, networkLocation: /default-rack, certSerialId: null} reports an CLOSED replica.
2019-10-15 15:55:34,492 [EventQueue-ContainerReportForContainerReportHandler] WARN  container.ContainerReportHandler (AbstractContainerReportHandler.java:updateContainerState(145)) - Container #1 is in OPEN state, but the datanode 502b81c0-94cc-42d9-ac22-46124b9f2555{ip: 192.168.69.88, host: dev-nightly-20191015-w4nf7-692592917, networkLocation: /default-rack, certSerialId: null} reports an CLOSED replica.
2019-10-15 15:55:34,793 [EventQueue-ContainerReportForContainerReportHandler] WARN  container.ContainerReportHandler (AbstractContainerReportHandler.java:updateContainerState(145)) - Container #1 is in OPEN state, but the datanode 502b81c0-94cc-42d9-ac22-46124b9f2555{ip: 192.168.69.88, host: dev-nightly-20191015-w4nf7-692592917, networkLocation: /default-rack, certSerialId: null} reports an CLOSED replica.
2019-10-15 15:55:34,806 [EventQueue-ContainerReportForContainerReportHandler] WARN  container.ContainerReportHandler (AbstractContainerReportHandler.java:updateContainerState(145)) - Container #1 is in OPEN state, but the datanode b7ff31bb-ae39-4067-a71c-fb5e6b3a0e64{ip: 192.168.69.88, host: dev-nightly-20191015-w4nf7-692592917, networkLocation: /default-rack, certSerialId: null} reports an CLOSED replica.
2019-10-15 15:55:34,919 [BlockDeletingService#7] WARN  background.BlockDeletingService (BlockDeletingService.java:isDeletionAllowed(187)) - Close Container log Index 6 is not replicated across allthe servers in the pipeline 1cf6151f-af98-4e08-a2d2-103d57857047 as the min replicated index is 4. Deletion is not allowed in this container yet.
2019-10-15 15:55:34,919 [BlockDeletingService#2] WARN  background.BlockDeletingService (BlockDeletingService.java:isDeletionAllowed(187)) - Close Container log Index 6 is not replicated across allthe servers in the pipeline 1cf6151f-af98-4e08-a2d2-103d57857047 as the min replicated index is 4. Deletion is not allowed in this container yet.
2019-10-15 15:55:35,093 [EventQueue-ContainerReportForContainerReportHandler] WARN  container.ContainerReportHandler (AbstractContainerReportHandler.java:updateContainerState(145)) - Container #1 is in OPEN state, but the datanode 502b81c0-94cc-42d9-ac22-46124b9f2555{ip: 192.168.69.88, host: dev-nightly-20191015-w4nf7-692592917, networkLocation: /default-rack, certSerialId: null} reports an CLOSED replica.
2019-10-15 15:55:35,106 [EventQueue-ContainerReportForContainerReportHandler] WARN  container.ContainerReportHandler (AbstractContainerReportHandler.java:updateContainerState(145)) - Container #1 is in OPEN state, but the datanode b7ff31bb-ae39-4067-a71c-fb5e6b3a0e64{ip: 192.168.69.88, host: dev-nightly-20191015-w4nf7-692592917, networkLocation: /default-rack, certSerialId: null} reports an CLOSED replica.
2019-10-15 15:55:35,393 [EventQueue-ContainerReportForContainerReportHandler] WARN  container.ContainerReportHandler (AbstractContainerReportHandler.java:updateContainerState(145)) - Container #1 is in OPEN state, but the datanode 502b81c0-94cc-42d9-ac22-46124b9f2555{ip: 192.168.69.88, host: dev-nightly-20191015-w4nf7-692592917, networkLocation: /default-rack, certSerialId: null} reports an CLOSED replica.
2019-10-15 15:55:35,406 [EventQueue-ContainerReportForContainerReportHandler] WARN  container.ContainerReportHandler (AbstractContainerReportHandler.java:updateContainerState(145)) - Container #1 is in OPEN state, but the datanode b7ff31bb-ae39-4067-a71c-fb5e6b3a0e64{ip: 192.168.69.88, host: dev-nightly-20191015-w4nf7-692592917, networkLocation: /default-rack, certSerialId: null} reports an CLOSED replica.
2019-10-15 15:55:35,793 [EventQueue-ContainerReportForContainerReportHandler] WARN  container.ContainerReportHandler (AbstractContainerReportHandler.java:updateContainerState(145)) - Container #1 is in OPEN state, but the datanode 502b81c0-94cc-42d9-ac22-46124b9f2555{ip: 192.168.69.88, host: dev-nightly-20191015-w4nf7-692592917, networkLocation: /default-rack, certSerialId: null} reports an CLOSED replica.
2019-10-15 15:55:35,806 [EventQueue-ContainerReportForContainerReportHandler] WARN  container.ContainerReportHandler (AbstractContainerReportHandler.java:updateContainerState(145)) - Container #1 is in OPEN state, but the datanode b7ff31bb-ae39-4067-a71c-fb5e6b3a0e64{ip: 192.168.69.88, host: dev-nightly-20191015-w4nf7-692592917, networkLocation: /default-rack, certSerialId: null} reports an CLOSED replica.
2019-10-15 15:55:35,920 [BlockDeletingService#2] WARN  background.BlockDeletingService (BlockDeletingService.java:isDeletionAllowed(187)) - Close Container log Index 6 is not replicated across allthe servers in the pipeline 1cf6151f-af98-4e08-a2d2-103d57857047 as the min replicated index is 4. Deletion is not allowed in this container yet.
2019-10-15 15:55:35,920 [BlockDeletingService#7] WARN  background.BlockDeletingService (BlockDeletingService.java:isDeletionAllowed(187)) - Close Container log Index 6 is not replicated across allthe servers in the pipeline 1cf6151f-af98-4e08-a2d2-103d57857047 as the min replicated index is 4. Deletion is not allowed in this container yet.
2019-10-15 15:55:35,993 [EventQueue-ContainerReportForContainerReportHandler] WARN  container.ContainerReportHandler (AbstractContainerReportHandler.java:updateContainerState(145)) - Container #1 is in OPEN state, but the datanode 502b81c0-94cc-42d9-ac22-46124b9f2555{ip: 192.168.69.88, host: dev-nightly-20191015-w4nf7-692592917, networkLocation: /default-rack, certSerialId: null} reports an CLOSED replica.
2019-10-15 15:55:36,107 [EventQueue-ContainerReportForContainerReportHandler] WARN  container.ContainerReportHandler (AbstractContainerReportHandler.java:updateContainerState(145)) - Container #1 is in OPEN state, but the datanode b7ff31bb-ae39-4067-a71c-fb5e6b3a0e64{ip: 192.168.69.88, host: dev-nightly-20191015-w4nf7-692592917, networkLocation: /default-rack, certSerialId: null} reports an CLOSED replica.
2019-10-15 15:55:36,194 [EventQueue-ContainerReportForContainerReportHandler] WARN  container.ContainerReportHandler (AbstractContainerReportHandler.java:updateContainerState(145)) - Container #1 is in OPEN state, but the datanode 502b81c0-94cc-42d9-ac22-46124b9f2555{ip: 192.168.69.88, host: dev-nightly-20191015-w4nf7-692592917, networkLocation: /default-rack, certSerialId: null} reports an CLOSED replica.
2019-10-15 15:55:36,407 [EventQueue-ContainerReportForContainerReportHandler] WARN  container.ContainerReportHandler (AbstractContainerReportHandler.java:updateContainerState(145)) - Container #1 is in OPEN state, but the datanode b7ff31bb-ae39-4067-a71c-fb5e6b3a0e64{ip: 192.168.69.88, host: dev-nightly-20191015-w4nf7-692592917, networkLocation: /default-rack, certSerialId: null} reports an CLOSED replica.
2019-10-15 15:55:36,446 [java.util.concurrent.ThreadPoolExecutor$Worker@6f70a200[State = -1, empty queue]] WARN  server.GrpcLogAppender (GrpcLogAppender.java:timeoutAppendRequest(209)) - 502b81c0-94cc-42d9-ac22-46124b9f2555@group-103D57857047->9efa5aa2-6c41-460f-b55e-e6135d265426-GrpcLogAppender: appendEntries Timeout, request=502b81c0-94cc-42d9-ac22-46124b9f2555->9efa5aa2-6c41-460f-b55e-e6135d265426#37-t2, previous=(t:2, i:10), leaderCommit=10, initializing? false, entries: <empty>
2019-10-15 15:55:36,593 [EventQueue-ContainerReportForContainerReportHandler] WARN  container.ContainerReportHandler (AbstractContainerReportHandler.java:updateContainerState(145)) - Container #1 is in OPEN state, but the datanode 502b81c0-94cc-42d9-ac22-46124b9f2555{ip: 192.168.69.88, host: dev-nightly-20191015-w4nf7-692592917, networkLocation: /default-rack, certSerialId: null} reports an CLOSED replica.
2019-10-15 15:55:36,708 [EventQueue-ContainerReportForContainerReportHandler] WARN  container.ContainerReportHandler (AbstractContainerReportHandler.java:updateContainerState(145)) - Container #1 is in OPEN state, but the datanode b7ff31bb-ae39-4067-a71c-fb5e6b3a0e64{ip: 192.168.69.88, host: dev-nightly-20191015-w4nf7-692592917, networkLocation: /default-rack, certSerialId: null} reports an CLOSED replica.
2019-10-15 15:55:36,894 [EventQueue-ContainerReportForContainerReportHandler] WARN  container.ContainerReportHandler (AbstractContainerReportHandler.java:updateContainerState(145)) - Container #1 is in OPEN state, but the datanode 502b81c0-94cc-42d9-ac22-46124b9f2555{ip: 192.168.69.88, host: dev-nightly-20191015-w4nf7-692592917, networkLocation: /default-rack, certSerialId: null} reports an CLOSED replica.
2019-10-15 15:55:36,908 [EventQueue-ContainerReportForContainerReportHandler] WARN  container.ContainerReportHandler (AbstractContainerReportHandler.java:updateContainerState(145)) - Container #1 is in OPEN state, but the datanode b7ff31bb-ae39-4067-a71c-fb5e6b3a0e64{ip: 192.168.69.88, host: dev-nightly-20191015-w4nf7-692592917, networkLocation: /default-rack, certSerialId: null} reports an CLOSED replica.
2019-10-15 15:55:36,921 [BlockDeletingService#2] WARN  background.BlockDeletingService (BlockDeletingService.java:isDeletionAllowed(187)) - Close Container log Index 6 is not replicated across allthe servers in the pipeline 1cf6151f-af98-4e08-a2d2-103d57857047 as the min replicated index is 4. Deletion is not allowed in this container yet.
2019-10-15 15:55:36,922 [BlockDeletingService#7] WARN  background.BlockDeletingService (BlockDeletingService.java:isDeletionAllowed(187)) - Close Container log Index 6 is not replicated across allthe servers in the pipeline 1cf6151f-af98-4e08-a2d2-103d57857047 as the min replicated index is 4. Deletion is not allowed in this container yet.
2019-10-15 15:55:37,208 [EventQueue-ContainerReportForContainerReportHandler] WARN  container.ContainerReportHandler (AbstractContainerReportHandler.java:updateContainerState(145)) - Container #1 is in OPEN state, but the datanode b7ff31bb-ae39-4067-a71c-fb5e6b3a0e64{ip: 192.168.69.88, host: dev-nightly-20191015-w4nf7-692592917, networkLocation: /default-rack, certSerialId: null} reports an CLOSED replica.
2019-10-15 15:55:37,294 [EventQueue-ContainerReportForContainerReportHandler] WARN  container.ContainerReportHandler (AbstractContainerReportHandler.java:updateContainerState(145)) - Container #1 is in OPEN state, but the datanode 502b81c0-94cc-42d9-ac22-46124b9f2555{ip: 192.168.69.88, host: dev-nightly-20191015-w4nf7-692592917, networkLocation: /default-rack, certSerialId: null} reports an CLOSED replica.
2019-10-15 15:55:37,594 [EventQueue-ContainerReportForContainerReportHandler] WARN  container.ContainerReportHandler (AbstractContainerReportHandler.java:updateContainerState(145)) - Container #1 is in OPEN state, but the datanode 502b81c0-94cc-42d9-ac22-46124b9f2555{ip: 192.168.69.88, host: dev-nightly-20191015-w4nf7-692592917, networkLocation: /default-rack, certSerialId: null} reports an CLOSED replica.
2019-10-15 15:55:37,608 [EventQueue-ContainerReportForContainerReportHandler] WARN  container.ContainerReportHandler (AbstractContainerReportHandler.java:updateContainerState(145)) - Container #1 is in OPEN state, but the datanode b7ff31bb-ae39-4067-a71c-fb5e6b3a0e64{ip: 192.168.69.88, host: dev-nightly-20191015-w4nf7-692592917, networkLocation: /default-rack, certSerialId: null} reports an CLOSED replica.
2019-10-15 15:55:37,795 [EventQueue-ContainerReportForContainerReportHandler] WARN  container.ContainerReportHandler (AbstractContainerReportHandler.java:updateContainerState(145)) - Container #1 is in OPEN state, but the datanode 502b81c0-94cc-42d9-ac22-46124b9f2555{ip: 192.168.69.88, host: dev-nightly-20191015-w4nf7-692592917, networkLocation: /default-rack, certSerialId: null} reports an CLOSED replica.
2019-10-15 15:55:37,909 [EventQueue-ContainerReportForContainerReportHandler] WARN  container.ContainerReportHandler (AbstractContainerReportHandler.java:updateContainerState(145)) - Container #1 is in OPEN state, but the datanode b7ff31bb-ae39-4067-a71c-fb5e6b3a0e64{ip: 192.168.69.88, host: dev-nightly-20191015-w4nf7-692592917, networkLocation: /default-rack, certSerialId: null} reports an CLOSED replica.
2019-10-15 15:55:37,923 [BlockDeletingService#7] WARN  background.BlockDeletingService (BlockDeletingService.java:isDeletionAllowed(187)) - Close Container log Index 6 is not replicated across allthe servers in the pipeline 1cf6151f-af98-4e08-a2d2-103d57857047 as the min replicated index is 4. Deletion is not allowed in this container yet.
2019-10-15 15:55:37,923 [BlockDeletingService#2] WARN  background.BlockDeletingService (BlockDeletingService.java:isDeletionAllowed(187)) - Close Container log Index 6 is not replicated across allthe servers in the pipeline 1cf6151f-af98-4e08-a2d2-103d57857047 as the min replicated index is 4. Deletion is not allowed in this container yet.
2019-10-15 15:55:38,196 [EventQueue-ContainerReportForContainerReportHandler] WARN  container.ContainerReportHandler (AbstractContainerReportHandler.java:updateContainerState(145)) - Container #1 is in OPEN state, but the datanode 502b81c0-94cc-42d9-ac22-46124b9f2555{ip: 192.168.69.88, host: dev-nightly-20191015-w4nf7-692592917, networkLocation: /default-rack, certSerialId: null} reports an CLOSED replica.
2019-10-15 15:55:38,208 [EventQueue-ContainerReportForContainerReportHandler] WARN  container.ContainerReportHandler (AbstractContainerReportHandler.java:updateContainerState(145)) - Container #1 is in OPEN state, but the datanode b7ff31bb-ae39-4067-a71c-fb5e6b3a0e64{ip: 192.168.69.88, host: dev-nightly-20191015-w4nf7-692592917, networkLocation: /default-rack, certSerialId: null} reports an CLOSED replica.
2019-10-15 15:55:38,408 [EventQueue-ContainerReportForContainerReportHandler] WARN  container.ContainerReportHandler (AbstractContainerReportHandler.java:updateContainerState(145)) - Container #1 is in OPEN state, but the datanode b7ff31bb-ae39-4067-a71c-fb5e6b3a0e64{ip: 192.168.69.88, host: dev-nightly-20191015-w4nf7-692592917, networkLocation: /default-rack, certSerialId: null} reports an CLOSED replica.
2019-10-15 15:55:38,532 [Thread-424] INFO  client.GrpcClientProtocolService (GrpcClientProtocolService.java:lambda$processClientRequest$0(278)) - Failed RaftClientRequest:client-9849FE5BA529->b7ff31bb-ae39-4067-a71c-fb5e6b3a0e64@group-103D57857047, cid=10, seq=0, Watch-ALL_COMMITTED(6), Message:<EMPTY>, reply=RaftClientReply:client-9849FE5BA529->b7ff31bb-ae39-4067-a71c-fb5e6b3a0e64@group-103D57857047, cid=10, FAILED org.apache.ratis.protocol.NotLeaderException: Server b7ff31bb-ae39-4067-a71c-fb5e6b3a0e64@group-103D57857047 is not the leader 502b81c0-94cc-42d9-ac22-46124b9f2555:192.168.69.88:45179, logIndex=0, commits[b7ff31bb-ae39-4067-a71c-fb5e6b3a0e64:c10, 502b81c0-94cc-42d9-ac22-46124b9f2555:c10, 9efa5aa2-6c41-460f-b55e-e6135d265426:c4]
2019-10-15 15:55:38,596 [EventQueue-ContainerReportForContainerReportHandler] WARN  container.ContainerReportHandler (AbstractContainerReportHandler.java:updateContainerState(145)) - Container #1 is in OPEN state, but the datanode 502b81c0-94cc-42d9-ac22-46124b9f2555{ip: 192.168.69.88, host: dev-nightly-20191015-w4nf7-692592917, networkLocation: /default-rack, certSerialId: null} reports an CLOSED replica.
2019-10-15 15:55:38,808 [EventQueue-ContainerReportForContainerReportHandler] WARN  container.ContainerReportHandler (AbstractContainerReportHandler.java:updateContainerState(145)) - Container #1 is in OPEN state, but the datanode b7ff31bb-ae39-4067-a71c-fb5e6b3a0e64{ip: 192.168.69.88, host: dev-nightly-20191015-w4nf7-692592917, networkLocation: /default-rack, certSerialId: null} reports an CLOSED replica.
2019-10-15 15:55:38,924 [BlockDeletingService#7] WARN  background.BlockDeletingService (BlockDeletingService.java:isDeletionAllowed(187)) - Close Container log Index 6 is not replicated across allthe servers in the pipeline 1cf6151f-af98-4e08-a2d2-103d57857047 as the min replicated index is 4. Deletion is not allowed in this container yet.
2019-10-15 15:55:38,924 [BlockDeletingService#2] WARN  background.BlockDeletingService (BlockDeletingService.java:isDeletionAllowed(187)) - Close Container log Index 6 is not replicated across allthe servers in the pipeline 1cf6151f-af98-4e08-a2d2-103d57857047 as the min replicated index is 4. Deletion is not allowed in this container yet.
2019-10-15 15:55:38,947 [java.util.concurrent.ThreadPoolExecutor$Worker@6f70a200[State = -1, empty queue]] WARN  server.GrpcLogAppender (GrpcLogAppender.java:timeoutAppendRequest(209)) - 502b81c0-94cc-42d9-ac22-46124b9f2555@group-103D57857047->9efa5aa2-6c41-460f-b55e-e6135d265426-GrpcLogAppender: appendEntries Timeout, request=502b81c0-94cc-42d9-ac22-46124b9f2555->9efa5aa2-6c41-460f-b55e-e6135d265426#38-t2, previous=(t:2, i:10), leaderCommit=10, initializing? false, entries: <empty>
2019-10-15 15:55:38,998 [EventQueue-ContainerReportForContainerReportHandler] WARN  container.ContainerReportHandler (AbstractContainerReportHandler.java:updateContainerState(145)) - Container #1 is in OPEN state, but the datanode 502b81c0-94cc-42d9-ac22-46124b9f2555{ip: 192.168.69.88, host: dev-nightly-20191015-w4nf7-692592917, networkLocation: /default-rack, certSerialId: null} reports an CLOSED replica.
2019-10-15 15:55:39,108 [EventQueue-ContainerReportForContainerReportHandler] WARN  container.ContainerReportHandler (AbstractContainerReportHandler.java:updateContainerState(145)) - Container #1 is in OPEN state, but the datanode b7ff31bb-ae39-4067-a71c-fb5e6b3a0e64{ip: 192.168.69.88, host: dev-nightly-20191015-w4nf7-692592917, networkLocation: /default-rack, certSerialId: null} reports an CLOSED replica.
2019-10-15 15:55:39,198 [EventQueue-ContainerReportForContainerReportHandler] WARN  container.ContainerReportHandler (AbstractContainerReportHandler.java:updateContainerState(145)) - Container #1 is in OPEN state, but the datanode 502b81c0-94cc-42d9-ac22-46124b9f2555{ip: 192.168.69.88, host: dev-nightly-20191015-w4nf7-692592917, networkLocation: /default-rack, certSerialId: null} reports an CLOSED replica.
2019-10-15 15:55:39,308 [EventQueue-ContainerReportForContainerReportHandler] WARN  container.ContainerReportHandler (AbstractContainerReportHandler.java:updateContainerState(145)) - Container #1 is in OPEN state, but the datanode b7ff31bb-ae39-4067-a71c-fb5e6b3a0e64{ip: 192.168.69.88, host: dev-nightly-20191015-w4nf7-692592917, networkLocation: /default-rack, certSerialId: null} reports an CLOSED replica.
2019-10-15 15:55:39,399 [EventQueue-ContainerReportForContainerReportHandler] WARN  container.ContainerReportHandler (AbstractContainerReportHandler.java:updateContainerState(145)) - Container #1 is in OPEN state, but the datanode 502b81c0-94cc-42d9-ac22-46124b9f2555{ip: 192.168.69.88, host: dev-nightly-20191015-w4nf7-692592917, networkLocation: /default-rack, certSerialId: null} reports an CLOSED replica.
2019-10-15 15:55:39,608 [EventQueue-ContainerReportForContainerReportHandler] WARN  container.ContainerReportHandler (AbstractContainerReportHandler.java:updateContainerState(145)) - Container #1 is in OPEN state, but the datanode b7ff31bb-ae39-4067-a71c-fb5e6b3a0e64{ip: 192.168.69.88, host: dev-nightly-20191015-w4nf7-692592917, networkLocation: /default-rack, certSerialId: null} reports an CLOSED replica.
2019-10-15 15:55:39,799 [EventQueue-ContainerReportForContainerReportHandler] WARN  container.ContainerReportHandler (AbstractContainerReportHandler.java:updateContainerState(145)) - Container #1 is in OPEN state, but the datanode 502b81c0-94cc-42d9-ac22-46124b9f2555{ip: 192.168.69.88, host: dev-nightly-20191015-w4nf7-692592917, networkLocation: /default-rack, certSerialId: null} reports an CLOSED replica.
2019-10-15 15:55:39,884 [Thread-429] INFO  client.GrpcClientProtocolService (GrpcClientProtocolService.java:lambda$processClientRequest$0(278)) - Failed RaftClientRequest:client-9849FE5BA529->502b81c0-94cc-42d9-ac22-46124b9f2555@group-103D57857047, cid=10, seq=0, Watch-ALL_COMMITTED(6), Message:<EMPTY>, reply=RaftClientReply:client-9849FE5BA529->502b81c0-94cc-42d9-ac22-46124b9f2555@group-103D57857047, cid=10, FAILED org.apache.ratis.protocol.NotReplicatedException: Request with call Id 10 and log index 6 is not yet replicated to ALL_COMMITTED, logIndex=6, commits[502b81c0-94cc-42d9-ac22-46124b9f2555:c10, 9efa5aa2-6c41-460f-b55e-e6135d265426:c4, b7ff31bb-ae39-4067-a71c-fb5e6b3a0e64:c10]
2019-10-15 15:55:39,908 [EventQueue-ContainerReportForContainerReportHandler] WARN  container.ContainerReportHandler (AbstractContainerReportHandler.java:updateContainerState(145)) - Container #1 is in OPEN state, but the datanode b7ff31bb-ae39-4067-a71c-fb5e6b3a0e64{ip: 192.168.69.88, host: dev-nightly-20191015-w4nf7-692592917, networkLocation: /default-rack, certSerialId: null} reports an CLOSED replica.
2019-10-15 15:55:39,927 [BlockDeletingService#7] WARN  background.BlockDeletingService (BlockDeletingService.java:isDeletionAllowed(187)) - Close Container log Index 6 is not replicated across allthe servers in the pipeline 1cf6151f-af98-4e08-a2d2-103d57857047 as the min replicated index is 4. Deletion is not allowed in this container yet.
2019-10-15 15:55:39,927 [BlockDeletingService#2] WARN  background.BlockDeletingService (BlockDeletingService.java:isDeletionAllowed(187)) - Close Container log Index 6 is not replicated across allthe servers in the pipeline 1cf6151f-af98-4e08-a2d2-103d57857047 as the min replicated index is 4. Deletion is not allowed in this container yet.
2019-10-15 15:55:40,000 [EventQueue-ContainerReportForContainerReportHandler] WARN  container.ContainerReportHandler (AbstractContainerReportHandler.java:updateContainerState(145)) - Container #1 is in OPEN state, but the datanode 502b81c0-94cc-42d9-ac22-46124b9f2555{ip: 192.168.69.88, host: dev-nightly-20191015-w4nf7-692592917, networkLocation: /default-rack, certSerialId: null} reports an CLOSED replica.
2019-10-15 15:55:40,209 [EventQueue-ContainerReportForContainerReportHandler] WARN  container.ContainerReportHandler (AbstractContainerReportHandler.java:updateContainerState(145)) - Container #1 is in OPEN state, but the datanode b7ff31bb-ae39-4067-a71c-fb5e6b3a0e64{ip: 192.168.69.88, host: dev-nightly-20191015-w4nf7-692592917, networkLocation: /default-rack, certSerialId: null} reports an CLOSED replica.
2019-10-15 15:55:40,300 [EventQueue-ContainerReportForContainerReportHandler] WARN  container.ContainerReportHandler (AbstractContainerReportHandler.java:updateContainerState(145)) - Container #1 is in OPEN state, but the datanode 502b81c0-94cc-42d9-ac22-46124b9f2555{ip: 192.168.69.88, host: dev-nightly-20191015-w4nf7-692592917, networkLocation: /default-rack, certSerialId: null} reports an CLOSED replica.
2019-10-15 15:55:40,509 [EventQueue-ContainerReportForContainerReportHandler] WARN  container.ContainerReportHandler (AbstractContainerReportHandler.java:updateContainerState(145)) - Container #1 is in OPEN state, but the datanode b7ff31bb-ae39-4067-a71c-fb5e6b3a0e64{ip: 192.168.69.88, host: dev-nightly-20191015-w4nf7-692592917, networkLocation: /default-rack, certSerialId: null} reports an CLOSED replica.
2019-10-15 15:55:40,600 [EventQueue-ContainerReportForContainerReportHandler] WARN  container.ContainerReportHandler (AbstractContainerReportHandler.java:updateContainerState(145)) - Container #1 is in OPEN state, but the datanode 502b81c0-94cc-42d9-ac22-46124b9f2555{ip: 192.168.69.88, host: dev-nightly-20191015-w4nf7-692592917, networkLocation: /default-rack, certSerialId: null} reports an CLOSED replica.
2019-10-15 15:55:40,709 [EventQueue-ContainerReportForContainerReportHandler] WARN  container.ContainerReportHandler (AbstractContainerReportHandler.java:updateContainerState(145)) - Container #1 is in OPEN state, but the datanode b7ff31bb-ae39-4067-a71c-fb5e6b3a0e64{ip: 192.168.69.88, host: dev-nightly-20191015-w4nf7-692592917, networkLocation: /default-rack, certSerialId: null} reports an CLOSED replica.
2019-10-15 15:55:40,899 [EventQueue-ContainerReportForContainerReportHandler] WARN  container.ContainerReportHandler (AbstractContainerReportHandler.java:updateContainerState(145)) - Container #1 is in OPEN state, but the datanode 502b81c0-94cc-42d9-ac22-46124b9f2555{ip: 192.168.69.88, host: dev-nightly-20191015-w4nf7-692592917, networkLocation: /default-rack, certSerialId: null} reports an CLOSED replica.
2019-10-15 15:55:40,931 [BlockDeletingService#7] WARN  background.BlockDeletingService (BlockDeletingService.java:isDeletionAllowed(187)) - Close Container log Index 6 is not replicated across allthe servers in the pipeline 1cf6151f-af98-4e08-a2d2-103d57857047 as the min replicated index is 4. Deletion is not allowed in this container yet.
2019-10-15 15:55:40,931 [BlockDeletingService#2] WARN  background.BlockDeletingService (BlockDeletingService.java:isDeletionAllowed(187)) - Close Container log Index 6 is not replicated across allthe servers in the pipeline 1cf6151f-af98-4e08-a2d2-103d57857047 as the min replicated index is 4. Deletion is not allowed in this container yet.
2019-10-15 15:55:41,008 [EventQueue-ContainerReportForContainerReportHandler] WARN  container.ContainerReportHandler (AbstractContainerReportHandler.java:updateContainerState(145)) - Container #1 is in OPEN state, but the datanode b7ff31bb-ae39-4067-a71c-fb5e6b3a0e64{ip: 192.168.69.88, host: dev-nightly-20191015-w4nf7-692592917, networkLocation: /default-rack, certSerialId: null} reports an CLOSED replica.
2019-10-15 15:55:41,199 [EventQueue-ContainerReportForContainerReportHandler] WARN  container.ContainerReportHandler (AbstractContainerReportHandler.java:updateContainerState(145)) - Container #1 is in OPEN state, but the datanode 502b81c0-94cc-42d9-ac22-46124b9f2555{ip: 192.168.69.88, host: dev-nightly-20191015-w4nf7-692592917, networkLocation: /default-rack, certSerialId: null} reports an CLOSED replica.
2019-10-15 15:55:41,308 [EventQueue-ContainerReportForContainerReportHandler] WARN  container.ContainerReportHandler (AbstractContainerReportHandler.java:updateContainerState(145)) - Container #1 is in OPEN state, but the datanode b7ff31bb-ae39-4067-a71c-fb5e6b3a0e64{ip: 192.168.69.88, host: dev-nightly-20191015-w4nf7-692592917, networkLocation: /default-rack, certSerialId: null} reports an CLOSED replica.
2019-10-15 15:55:41,399 [EventQueue-ContainerReportForContainerReportHandler] WARN  container.ContainerReportHandler (AbstractContainerReportHandler.java:updateContainerState(145)) - Container #1 is in OPEN state, but the datanode 502b81c0-94cc-42d9-ac22-46124b9f2555{ip: 192.168.69.88, host: dev-nightly-20191015-w4nf7-692592917, networkLocation: /default-rack, certSerialId: null} reports an CLOSED replica.
2019-10-15 15:55:41,447 [java.util.concurrent.ThreadPoolExecutor$Worker@6f70a200[State = -1, empty queue]] WARN  server.GrpcLogAppender (GrpcLogAppender.java:timeoutAppendRequest(209)) - 502b81c0-94cc-42d9-ac22-46124b9f2555@group-103D57857047->9efa5aa2-6c41-460f-b55e-e6135d265426-GrpcLogAppender: appendEntries Timeout, request=502b81c0-94cc-42d9-ac22-46124b9f2555->9efa5aa2-6c41-460f-b55e-e6135d265426#39-t2, previous=(t:2, i:10), leaderCommit=10, initializing? false, entries: <empty>
2019-10-15 15:55:41,508 [EventQueue-ContainerReportForContainerReportHandler] WARN  container.ContainerReportHandler (AbstractContainerReportHandler.java:updateContainerState(145)) - Container #1 is in OPEN state, but the datanode b7ff31bb-ae39-4067-a71c-fb5e6b3a0e64{ip: 192.168.69.88, host: dev-nightly-20191015-w4nf7-692592917, networkLocation: /default-rack, certSerialId: null} reports an CLOSED replica.
2019-10-15 15:55:41,599 [EventQueue-ContainerReportForContainerReportHandler] WARN  container.ContainerReportHandler (AbstractContainerReportHandler.java:updateContainerState(145)) - Container #1 is in OPEN state, but the datanode 502b81c0-94cc-42d9-ac22-46124b9f2555{ip: 192.168.69.88, host: dev-nightly-20191015-w4nf7-692592917, networkLocation: /default-rack, certSerialId: null} reports an CLOSED replica.
2019-10-15 15:55:41,808 [EventQueue-ContainerReportForContainerReportHandler] WARN  container.ContainerReportHandler (AbstractContainerReportHandler.java:updateContainerState(145)) - Container #1 is in OPEN state, but the datanode b7ff31bb-ae39-4067-a71c-fb5e6b3a0e64{ip: 192.168.69.88, host: dev-nightly-20191015-w4nf7-692592917, networkLocation: /default-rack, certSerialId: null} reports an CLOSED replica.
2019-10-15 15:55:41,933 [BlockDeletingService#2] WARN  background.BlockDeletingService (BlockDeletingService.java:isDeletionAllowed(187)) - Close Container log Index 6 is not replicated across allthe servers in the pipeline 1cf6151f-af98-4e08-a2d2-103d57857047 as the min replicated index is 4. Deletion is not allowed in this container yet.
2019-10-15 15:55:41,933 [BlockDeletingService#7] WARN  background.BlockDeletingService (BlockDeletingService.java:isDeletionAllowed(187)) - Close Container log Index 6 is not replicated across allthe servers in the pipeline 1cf6151f-af98-4e08-a2d2-103d57857047 as the min replicated index is 4. Deletion is not allowed in this container yet.
2019-10-15 15:55:41,999 [EventQueue-ContainerReportForContainerReportHandler] WARN  container.ContainerReportHandler (AbstractContainerReportHandler.java:updateContainerState(145)) - Container #1 is in OPEN state, but the datanode 502b81c0-94cc-42d9-ac22-46124b9f2555{ip: 192.168.69.88, host: dev-nightly-20191015-w4nf7-692592917, networkLocation: /default-rack, certSerialId: null} reports an CLOSED replica.
2019-10-15 15:55:42,108 [EventQueue-ContainerReportForContainerReportHandler] WARN  container.ContainerReportHandler (AbstractContainerReportHandler.java:updateContainerState(145)) - Container #1 is in OPEN state, but the datanode b7ff31bb-ae39-4067-a71c-fb5e6b3a0e64{ip: 192.168.69.88, host: dev-nightly-20191015-w4nf7-692592917, networkLocation: /default-rack, certSerialId: null} reports an CLOSED replica.
2019-10-15 15:55:42,199 [EventQueue-ContainerReportForContainerReportHandler] WARN  container.ContainerReportHandler (AbstractContainerReportHandler.java:updateContainerState(145)) - Container #1 is in OPEN state, but the datanode 502b81c0-94cc-42d9-ac22-46124b9f2555{ip: 192.168.69.88, host: dev-nightly-20191015-w4nf7-692592917, networkLocation: /default-rack, certSerialId: null} reports an CLOSED replica.
2019-10-15 15:55:42,308 [EventQueue-ContainerReportForContainerReportHandler] WARN  container.ContainerReportHandler (AbstractContainerReportHandler.java:updateContainerState(145)) - Container #1 is in OPEN state, but the datanode b7ff31bb-ae39-4067-a71c-fb5e6b3a0e64{ip: 192.168.69.88, host: dev-nightly-20191015-w4nf7-692592917, networkLocation: /default-rack, certSerialId: null} reports an CLOSED replica.
2019-10-15 15:55:42,499 [EventQueue-ContainerReportForContainerReportHandler] WARN  container.ContainerReportHandler (AbstractContainerReportHandler.java:updateContainerState(145)) - Container #1 is in OPEN state, but the datanode 502b81c0-94cc-42d9-ac22-46124b9f2555{ip: 192.168.69.88, host: dev-nightly-20191015-w4nf7-692592917, networkLocation: /default-rack, certSerialId: null} reports an CLOSED replica.
2019-10-15 15:55:42,608 [EventQueue-ContainerReportForContainerReportHandler] WARN  container.ContainerReportHandler (AbstractContainerReportHandler.java:updateContainerState(145)) - Container #1 is in OPEN state, but the datanode b7ff31bb-ae39-4067-a71c-fb5e6b3a0e64{ip: 192.168.69.88, host: dev-nightly-20191015-w4nf7-692592917, networkLocation: /default-rack, certSerialId: null} reports an CLOSED replica.
2019-10-15 15:55:42,800 [EventQueue-ContainerReportForContainerReportHandler] WARN  container.ContainerReportHandler (AbstractContainerReportHandler.java:updateContainerState(145)) - Container #1 is in OPEN state, but the datanode 502b81c0-94cc-42d9-ac22-46124b9f2555{ip: 192.168.69.88, host: dev-nightly-20191015-w4nf7-692592917, networkLocation: /default-rack, certSerialId: null} reports an CLOSED replica.
2019-10-15 15:55:42,908 [EventQueue-ContainerReportForContainerReportHandler] WARN  container.ContainerReportHandler (AbstractContainerReportHandler.java:updateContainerState(145)) - Container #1 is in OPEN state, but the datanode b7ff31bb-ae39-4067-a71c-fb5e6b3a0e64{ip: 192.168.69.88, host: dev-nightly-20191015-w4nf7-692592917, networkLocation: /default-rack, certSerialId: null} reports an CLOSED replica.
2019-10-15 15:55:42,936 [BlockDeletingService#7] WARN  background.BlockDeletingService (BlockDeletingService.java:isDeletionAllowed(187)) - Close Container log Index 6 is not replicated across allthe servers in the pipeline 1cf6151f-af98-4e08-a2d2-103d57857047 as the min replicated index is 4. Deletion is not allowed in this container yet.
2019-10-15 15:55:42,936 [BlockDeletingService#2] WARN  background.BlockDeletingService (BlockDeletingService.java:isDeletionAllowed(187)) - Close Container log Index 6 is not replicated across allthe servers in the pipeline 1cf6151f-af98-4e08-a2d2-103d57857047 as the min replicated index is 4. Deletion is not allowed in this container yet.
2019-10-15 15:55:43,000 [EventQueue-ContainerReportForContainerReportHandler] WARN  container.ContainerReportHandler (AbstractContainerReportHandler.java:updateContainerState(145)) - Container #1 is in OPEN state, but the datanode 502b81c0-94cc-42d9-ac22-46124b9f2555{ip: 192.168.69.88, host: dev-nightly-20191015-w4nf7-692592917, networkLocation: /default-rack, certSerialId: null} reports an CLOSED replica.
2019-10-15 15:55:43,301 [EventQueue-ContainerReportForContainerReportHandler] WARN  container.ContainerReportHandler (AbstractContainerReportHandler.java:updateContainerState(145)) - Container #1 is in OPEN state, but the datanode 502b81c0-94cc-42d9-ac22-46124b9f2555{ip: 192.168.69.88, host: dev-nightly-20191015-w4nf7-692592917, networkLocation: /default-rack, certSerialId: null} reports an CLOSED replica.
2019-10-15 15:55:43,308 [EventQueue-ContainerReportForContainerReportHandler] WARN  container.ContainerReportHandler (AbstractContainerReportHandler.java:updateContainerState(145)) - Container #1 is in OPEN state, but the datanode b7ff31bb-ae39-4067-a71c-fb5e6b3a0e64{ip: 192.168.69.88, host: dev-nightly-20191015-w4nf7-692592917, networkLocation: /default-rack, certSerialId: null} reports an CLOSED replica.
2019-10-15 15:55:43,601 [EventQueue-ContainerReportForContainerReportHandler] WARN  container.ContainerReportHandler (AbstractContainerReportHandler.java:updateContainerState(145)) - Container #1 is in OPEN state, but the datanode 502b81c0-94cc-42d9-ac22-46124b9f2555{ip: 192.168.69.88, host: dev-nightly-20191015-w4nf7-692592917, networkLocation: /default-rack, certSerialId: null} reports an CLOSED replica.
2019-10-15 15:55:43,608 [EventQueue-ContainerReportForContainerReportHandler] WARN  container.ContainerReportHandler (AbstractContainerReportHandler.java:updateContainerState(145)) - Container #1 is in OPEN state, but the datanode b7ff31bb-ae39-4067-a71c-fb5e6b3a0e64{ip: 192.168.69.88, host: dev-nightly-20191015-w4nf7-692592917, networkLocation: /default-rack, certSerialId: null} reports an CLOSED replica.
2019-10-15 15:55:43,808 [EventQueue-ContainerReportForContainerReportHandler] WARN  container.ContainerReportHandler (AbstractContainerReportHandler.java:updateContainerState(145)) - Container #1 is in OPEN state, but the datanode b7ff31bb-ae39-4067-a71c-fb5e6b3a0e64{ip: 192.168.69.88, host: dev-nightly-20191015-w4nf7-692592917, networkLocation: /default-rack, certSerialId: null} reports an CLOSED replica.
2019-10-15 15:55:43,902 [EventQueue-ContainerReportForContainerReportHandler] WARN  container.ContainerReportHandler (AbstractContainerReportHandler.java:updateContainerState(145)) - Container #1 is in OPEN state, but the datanode 502b81c0-94cc-42d9-ac22-46124b9f2555{ip: 192.168.69.88, host: dev-nightly-20191015-w4nf7-692592917, networkLocation: /default-rack, certSerialId: null} reports an CLOSED replica.
2019-10-15 15:55:43,937 [BlockDeletingService#2] WARN  background.BlockDeletingService (BlockDeletingService.java:isDeletionAllowed(187)) - Close Container log Index 6 is not replicated across allthe servers in the pipeline 1cf6151f-af98-4e08-a2d2-103d57857047 as the min replicated index is 4. Deletion is not allowed in this container yet.
2019-10-15 15:55:43,937 [BlockDeletingService#7] WARN  background.BlockDeletingService (BlockDeletingService.java:isDeletionAllowed(187)) - Close Container log Index 6 is not replicated across allthe servers in the pipeline 1cf6151f-af98-4e08-a2d2-103d57857047 as the min replicated index is 4. Deletion is not allowed in this container yet.
2019-10-15 15:55:43,948 [java.util.concurrent.ThreadPoolExecutor$Worker@6f70a200[State = -1, empty queue]] WARN  server.GrpcLogAppender (GrpcLogAppender.java:timeoutAppendRequest(209)) - 502b81c0-94cc-42d9-ac22-46124b9f2555@group-103D57857047->9efa5aa2-6c41-460f-b55e-e6135d265426-GrpcLogAppender: appendEntries Timeout, request=502b81c0-94cc-42d9-ac22-46124b9f2555->9efa5aa2-6c41-460f-b55e-e6135d265426#40-t2, previous=(t:2, i:10), leaderCommit=10, initializing? false, entries: <empty>
2019-10-15 15:55:44,202 [EventQueue-ContainerReportForContainerReportHandler] WARN  container.ContainerReportHandler (AbstractContainerReportHandler.java:updateContainerState(145)) - Container #1 is in OPEN state, but the datanode 502b81c0-94cc-42d9-ac22-46124b9f2555{ip: 192.168.69.88, host: dev-nightly-20191015-w4nf7-692592917, networkLocation: /default-rack, certSerialId: null} reports an CLOSED replica.
2019-10-15 15:55:44,210 [EventQueue-ContainerReportForContainerReportHandler] WARN  container.ContainerReportHandler (AbstractContainerReportHandler.java:updateContainerState(145)) - Container #1 is in OPEN state, but the datanode b7ff31bb-ae39-4067-a71c-fb5e6b3a0e64{ip: 192.168.69.88, host: dev-nightly-20191015-w4nf7-692592917, networkLocation: /default-rack, certSerialId: null} reports an CLOSED replica.
2019-10-15 15:55:44,401 [EventQueue-ContainerReportForContainerReportHandler] WARN  container.ContainerReportHandler (AbstractContainerReportHandler.java:updateContainerState(145)) - Container #1 is in OPEN state, but the datanode 502b81c0-94cc-42d9-ac22-46124b9f2555{ip: 192.168.69.88, host: dev-nightly-20191015-w4nf7-692592917, networkLocation: /default-rack, certSerialId: null} reports an CLOSED replica.
2019-10-15 15:55:44,512 [EventQueue-ContainerReportForContainerReportHandler] WARN  container.ContainerReportHandler (AbstractContainerReportHandler.java:updateContainerState(145)) - Container #1 is in OPEN state, but the datanode b7ff31bb-ae39-4067-a71c-fb5e6b3a0e64{ip: 192.168.69.88, host: dev-nightly-20191015-w4nf7-692592917, networkLocation: /default-rack, certSerialId: null} reports an CLOSED replica.
2019-10-15 15:55:44,713 [EventQueue-ContainerReportForContainerReportHandler] WARN  container.ContainerReportHandler (AbstractContainerReportHandler.java:updateContainerState(145)) - Container #1 is in OPEN state, but the datanode b7ff31bb-ae39-4067-a71c-fb5e6b3a0e64{ip: 192.168.69.88, host: dev-nightly-20191015-w4nf7-692592917, networkLocation: /default-rack, certSerialId: null} reports an CLOSED replica.
2019-10-15 15:55:44,804 [EventQueue-ContainerReportForContainerReportHandler] WARN  container.ContainerReportHandler (AbstractContainerReportHandler.java:updateContainerState(145)) - Container #1 is in OPEN state, but the datanode 502b81c0-94cc-42d9-ac22-46124b9f2555{ip: 192.168.69.88, host: dev-nightly-20191015-w4nf7-692592917, networkLocation: /default-rack, certSerialId: null} reports an CLOSED replica.
2019-10-15 15:55:44,941 [BlockDeletingService#7] WARN  background.BlockDeletingService (BlockDeletingService.java:isDeletionAllowed(187)) - Close Container log Index 6 is not replicated across allthe servers in the pipeline 1cf6151f-af98-4e08-a2d2-103d57857047 as the min replicated index is 4. Deletion is not allowed in this container yet.
2019-10-15 15:55:44,941 [BlockDeletingService#2] WARN  background.BlockDeletingService (BlockDeletingService.java:isDeletionAllowed(187)) - Close Container log Index 6 is not replicated across allthe servers in the pipeline 1cf6151f-af98-4e08-a2d2-103d57857047 as the min replicated index is 4. Deletion is not allowed in this container yet.
2019-10-15 15:55:45,001 [EventQueue-ContainerReportForContainerReportHandler] WARN  container.ContainerReportHandler (AbstractContainerReportHandler.java:updateContainerState(145)) - Container #1 is in OPEN state, but the datanode 502b81c0-94cc-42d9-ac22-46124b9f2555{ip: 192.168.69.88, host: dev-nightly-20191015-w4nf7-692592917, networkLocation: /default-rack, certSerialId: null} reports an CLOSED replica.
2019-10-15 15:55:45,014 [EventQueue-ContainerReportForContainerReportHandler] WARN  container.ContainerReportHandler (AbstractContainerReportHandler.java:updateContainerState(145)) - Container #1 is in OPEN state, but the datanode b7ff31bb-ae39-4067-a71c-fb5e6b3a0e64{ip: 192.168.69.88, host: dev-nightly-20191015-w4nf7-692592917, networkLocation: /default-rack, certSerialId: null} reports an CLOSED replica.
2019-10-15 15:55:45,202 [EventQueue-ContainerReportForContainerReportHandler] WARN  container.ContainerReportHandler (AbstractContainerReportHandler.java:updateContainerState(145)) - Container #1 is in OPEN state, but the datanode 502b81c0-94cc-42d9-ac22-46124b9f2555{ip: 192.168.69.88, host: dev-nightly-20191015-w4nf7-692592917, networkLocation: /default-rack, certSerialId: null} reports an CLOSED replica.
2019-10-15 15:55:45,417 [EventQueue-ContainerReportForContainerReportHandler] WARN  container.ContainerReportHandler (AbstractContainerReportHandler.java:updateContainerState(145)) - Container #1 is in OPEN state, but the datanode b7ff31bb-ae39-4067-a71c-fb5e6b3a0e64{ip: 192.168.69.88, host: dev-nightly-20191015-w4nf7-692592917, networkLocation: /default-rack, certSerialId: null} reports an CLOSED replica.
2019-10-15 15:55:45,502 [EventQueue-ContainerReportForContainerReportHandler] WARN  container.ContainerReportHandler (AbstractContainerReportHandler.java:updateContainerState(145)) - Container #1 is in OPEN state, but the datanode 502b81c0-94cc-42d9-ac22-46124b9f2555{ip: 192.168.69.88, host: dev-nightly-20191015-w4nf7-692592917, networkLocation: /default-rack, certSerialId: null} reports an CLOSED replica.
2019-10-15 15:55:45,616 [EventQueue-ContainerReportForContainerReportHandler] WARN  container.ContainerReportHandler (AbstractContainerReportHandler.java:updateContainerState(145)) - Container #1 is in OPEN state, but the datanode b7ff31bb-ae39-4067-a71c-fb5e6b3a0e64{ip: 192.168.69.88, host: dev-nightly-20191015-w4nf7-692592917, networkLocation: /default-rack, certSerialId: null} reports an CLOSED replica.
2019-10-15 15:55:45,803 [EventQueue-ContainerReportForContainerReportHandler] WARN  container.ContainerReportHandler (AbstractContainerReportHandler.java:updateContainerState(145)) - Container #1 is in OPEN state, but the datanode 502b81c0-94cc-42d9-ac22-46124b9f2555{ip: 192.168.69.88, host: dev-nightly-20191015-w4nf7-692592917, networkLocation: /default-rack, certSerialId: null} reports an CLOSED replica.
2019-10-15 15:55:45,943 [BlockDeletingService#7] WARN  background.BlockDeletingService (BlockDeletingService.java:isDeletionAllowed(187)) - Close Container log Index 6 is not replicated across allthe servers in the pipeline 1cf6151f-af98-4e08-a2d2-103d57857047 as the min replicated index is 4. Deletion is not allowed in this container yet.
2019-10-15 15:55:45,943 [BlockDeletingService#2] WARN  background.BlockDeletingService (BlockDeletingService.java:isDeletionAllowed(187)) - Close Container log Index 6 is not replicated across allthe servers in the pipeline 1cf6151f-af98-4e08-a2d2-103d57857047 as the min replicated index is 4. Deletion is not allowed in this container yet.
2019-10-15 15:55:46,016 [EventQueue-ContainerReportForContainerReportHandler] WARN  container.ContainerReportHandler (AbstractContainerReportHandler.java:updateContainerState(145)) - Container #1 is in OPEN state, but the datanode b7ff31bb-ae39-4067-a71c-fb5e6b3a0e64{ip: 192.168.69.88, host: dev-nightly-20191015-w4nf7-692592917, networkLocation: /default-rack, certSerialId: null} reports an CLOSED replica.
2019-10-15 15:55:46,204 [EventQueue-ContainerReportForContainerReportHandler] WARN  container.ContainerReportHandler (AbstractContainerReportHandler.java:updateContainerState(145)) - Container #1 is in OPEN state, but the datanode 502b81c0-94cc-42d9-ac22-46124b9f2555{ip: 192.168.69.88, host: dev-nightly-20191015-w4nf7-692592917, networkLocation: /default-rack, certSerialId: null} reports an CLOSED replica.
2019-10-15 15:55:46,316 [EventQueue-ContainerReportForContainerReportHandler] WARN  container.ContainerReportHandler (AbstractContainerReportHandler.java:updateContainerState(145)) - Container #1 is in OPEN state, but the datanode b7ff31bb-ae39-4067-a71c-fb5e6b3a0e64{ip: 192.168.69.88, host: dev-nightly-20191015-w4nf7-692592917, networkLocation: /default-rack, certSerialId: null} reports an CLOSED replica.
2019-10-15 15:55:46,404 [EventQueue-ContainerReportForContainerReportHandler] WARN  container.ContainerReportHandler (AbstractContainerReportHandler.java:updateContainerState(145)) - Container #1 is in OPEN state, but the datanode 502b81c0-94cc-42d9-ac22-46124b9f2555{ip: 192.168.69.88, host: dev-nightly-20191015-w4nf7-692592917, networkLocation: /default-rack, certSerialId: null} reports an CLOSED replica.
2019-10-15 15:55:46,451 [java.util.concurrent.ThreadPoolExecutor$Worker@6f70a200[State = -1, empty queue]] WARN  server.GrpcLogAppender (GrpcLogAppender.java:timeoutAppendRequest(209)) - 502b81c0-94cc-42d9-ac22-46124b9f2555@group-103D57857047->9efa5aa2-6c41-460f-b55e-e6135d265426-GrpcLogAppender: appendEntries Timeout, request=502b81c0-94cc-42d9-ac22-46124b9f2555->9efa5aa2-6c41-460f-b55e-e6135d265426#41-t2, previous=(t:2, i:10), leaderCommit=10, initializing? false, entries: <empty>
2019-10-15 15:55:46,516 [EventQueue-ContainerReportForContainerReportHandler] WARN  container.ContainerReportHandler (AbstractContainerReportHandler.java:updateContainerState(145)) - Container #1 is in OPEN state, but the datanode b7ff31bb-ae39-4067-a71c-fb5e6b3a0e64{ip: 192.168.69.88, host: dev-nightly-20191015-w4nf7-692592917, networkLocation: /default-rack, certSerialId: null} reports an CLOSED replica.
2019-10-15 15:55:46,716 [EventQueue-ContainerReportForContainerReportHandler] WARN  container.ContainerReportHandler (AbstractContainerReportHandler.java:updateContainerState(145)) - Container #1 is in OPEN state, but the datanode b7ff31bb-ae39-4067-a71c-fb5e6b3a0e64{ip: 192.168.69.88, host: dev-nightly-20191015-w4nf7-692592917, networkLocation: /default-rack, certSerialId: null} reports an CLOSED replica.
2019-10-15 15:55:46,805 [EventQueue-ContainerReportForContainerReportHandler] WARN  container.ContainerReportHandler (AbstractContainerReportHandler.java:updateContainerState(145)) - Container #1 is in OPEN state, but the datanode 502b81c0-94cc-42d9-ac22-46124b9f2555{ip: 192.168.69.88, host: dev-nightly-20191015-w4nf7-692592917, networkLocation: /default-rack, certSerialId: null} reports an CLOSED replica.
2019-10-15 15:55:46,944 [BlockDeletingService#2] WARN  background.BlockDeletingService (BlockDeletingService.java:isDeletionAllowed(187)) - Close Container log Index 6 is not replicated across allthe servers in the pipeline 1cf6151f-af98-4e08-a2d2-103d57857047 as the min replicated index is 4. Deletion is not allowed in this container yet.
2019-10-15 15:55:46,944 [BlockDeletingService#7] WARN  background.BlockDeletingService (BlockDeletingService.java:isDeletionAllowed(187)) - Close Container log Index 6 is not replicated across allthe servers in the pipeline 1cf6151f-af98-4e08-a2d2-103d57857047 as the min replicated index is 4. Deletion is not allowed in this container yet.
2019-10-15 15:55:47,117 [EventQueue-ContainerReportForContainerReportHandler] WARN  container.ContainerReportHandler (AbstractContainerReportHandler.java:updateContainerState(145)) - Container #1 is in OPEN state, but the datanode b7ff31bb-ae39-4067-a71c-fb5e6b3a0e64{ip: 192.168.69.88, host: dev-nightly-20191015-w4nf7-692592917, networkLocation: /default-rack, certSerialId: null} reports an CLOSED replica.
2019-10-15 15:55:47,205 [EventQueue-ContainerReportForContainerReportHandler] WARN  container.ContainerReportHandler (AbstractContainerReportHandler.java:updateContainerState(145)) - Container #1 is in OPEN state, but the datanode 502b81c0-94cc-42d9-ac22-46124b9f2555{ip: 192.168.69.88, host: dev-nightly-20191015-w4nf7-692592917, networkLocation: /default-rack, certSerialId: null} reports an CLOSED replica.
2019-10-15 15:55:47,416 [EventQueue-ContainerReportForContainerReportHandler] WARN  container.ContainerReportHandler (AbstractContainerReportHandler.java:updateContainerState(145)) - Container #1 is in OPEN state, but the datanode b7ff31bb-ae39-4067-a71c-fb5e6b3a0e64{ip: 192.168.69.88, host: dev-nightly-20191015-w4nf7-692592917, networkLocation: /default-rack, certSerialId: null} reports an CLOSED replica.
2019-10-15 15:55:47,506 [EventQueue-ContainerReportForContainerReportHandler] WARN  container.ContainerReportHandler (AbstractContainerReportHandler.java:updateContainerState(145)) - Container #1 is in OPEN state, but the datanode 502b81c0-94cc-42d9-ac22-46124b9f2555{ip: 192.168.69.88, host: dev-nightly-20191015-w4nf7-692592917, networkLocation: /default-rack, certSerialId: null} reports an CLOSED replica.
2019-10-15 15:55:47,559 [Thread-451] INFO  client.GrpcClientProtocolService (GrpcClientProtocolService.java:lambda$processClientRequest$0(278)) - Failed RaftClientRequest:client-9849FE5BA529->b7ff31bb-ae39-4067-a71c-fb5e6b3a0e64@group-103D57857047, cid=10, seq=0, Watch-ALL_COMMITTED(6), Message:<EMPTY>, reply=RaftClientReply:client-9849FE5BA529->b7ff31bb-ae39-4067-a71c-fb5e6b3a0e64@group-103D57857047, cid=10, FAILED org.apache.ratis.protocol.NotLeaderException: Server b7ff31bb-ae39-4067-a71c-fb5e6b3a0e64@group-103D57857047 is not the leader 502b81c0-94cc-42d9-ac22-46124b9f2555:192.168.69.88:45179, logIndex=0, commits[b7ff31bb-ae39-4067-a71c-fb5e6b3a0e64:c10, 502b81c0-94cc-42d9-ac22-46124b9f2555:c10, 9efa5aa2-6c41-460f-b55e-e6135d265426:c4]
2019-10-15 15:55:47,705 [EventQueue-ContainerReportForContainerReportHandler] WARN  container.ContainerReportHandler (AbstractContainerReportHandler.java:updateContainerState(145)) - Container #1 is in OPEN state, but the datanode 502b81c0-94cc-42d9-ac22-46124b9f2555{ip: 192.168.69.88, host: dev-nightly-20191015-w4nf7-692592917, networkLocation: /default-rack, certSerialId: null} reports an CLOSED replica.
2019-10-15 15:55:47,816 [EventQueue-ContainerReportForContainerReportHandler] WARN  container.ContainerReportHandler (AbstractContainerReportHandler.java:updateContainerState(145)) - Container #1 is in OPEN state, but the datanode b7ff31bb-ae39-4067-a71c-fb5e6b3a0e64{ip: 192.168.69.88, host: dev-nightly-20191015-w4nf7-692592917, networkLocation: /default-rack, certSerialId: null} reports an CLOSED replica.
2019-10-15 15:55:47,905 [EventQueue-ContainerReportForContainerReportHandler] WARN  container.ContainerReportHandler (AbstractContainerReportHandler.java:updateContainerState(145)) - Container #1 is in OPEN state, but the datanode 502b81c0-94cc-42d9-ac22-46124b9f2555{ip: 192.168.69.88, host: dev-nightly-20191015-w4nf7-692592917, networkLocation: /default-rack, certSerialId: null} reports an CLOSED replica.
2019-10-15 15:55:47,946 [BlockDeletingService#7] WARN  background.BlockDeletingService (BlockDeletingService.java:isDeletionAllowed(187)) - Close Container log Index 6 is not replicated across allthe servers in the pipeline 1cf6151f-af98-4e08-a2d2-103d57857047 as the min replicated index is 4. Deletion is not allowed in this container yet.
2019-10-15 15:55:47,946 [BlockDeletingService#2] WARN  background.BlockDeletingService (BlockDeletingService.java:isDeletionAllowed(187)) - Close Container log Index 6 is not replicated across allthe servers in the pipeline 1cf6151f-af98-4e08-a2d2-103d57857047 as the min replicated index is 4. Deletion is not allowed in this container yet.
2019-10-15 15:55:48,116 [EventQueue-ContainerReportForContainerReportHandler] WARN  container.ContainerReportHandler (AbstractContainerReportHandler.java:updateContainerState(145)) - Container #1 is in OPEN state, but the datanode b7ff31bb-ae39-4067-a71c-fb5e6b3a0e64{ip: 192.168.69.88, host: dev-nightly-20191015-w4nf7-692592917, networkLocation: /default-rack, certSerialId: null} reports an CLOSED replica.
2019-10-15 15:55:48,306 [EventQueue-ContainerReportForContainerReportHandler] WARN  container.ContainerReportHandler (AbstractContainerReportHandler.java:updateContainerState(145)) - Container #1 is in OPEN state, but the datanode 502b81c0-94cc-42d9-ac22-46124b9f2555{ip: 192.168.69.88, host: dev-nightly-20191015-w4nf7-692592917, networkLocation: /default-rack, certSerialId: null} reports an CLOSED replica.
2019-10-15 15:55:48,417 [EventQueue-ContainerReportForContainerReportHandler] WARN  container.ContainerReportHandler (AbstractContainerReportHandler.java:updateContainerState(145)) - Container #1 is in OPEN state, but the datanode b7ff31bb-ae39-4067-a71c-fb5e6b3a0e64{ip: 192.168.69.88, host: dev-nightly-20191015-w4nf7-692592917, networkLocation: /default-rack, certSerialId: null} reports an CLOSED replica.
2019-10-15 15:55:48,708 [EventQueue-ContainerReportForContainerReportHandler] WARN  container.ContainerReportHandler (AbstractContainerReportHandler.java:updateContainerState(145)) - Container #1 is in OPEN state, but the datanode 502b81c0-94cc-42d9-ac22-46124b9f2555{ip: 192.168.69.88, host: dev-nightly-20191015-w4nf7-692592917, networkLocation: /default-rack, certSerialId: null} reports an CLOSED replica.
2019-10-15 15:55:48,718 [EventQueue-ContainerReportForContainerReportHandler] WARN  container.ContainerReportHandler (AbstractContainerReportHandler.java:updateContainerState(145)) - Container #1 is in OPEN state, but the datanode b7ff31bb-ae39-4067-a71c-fb5e6b3a0e64{ip: 192.168.69.88, host: dev-nightly-20191015-w4nf7-692592917, networkLocation: /default-rack, certSerialId: null} reports an CLOSED replica.
2019-10-15 15:55:48,884 [Thread-457] INFO  client.GrpcClientProtocolService (GrpcClientProtocolService.java:lambda$processClientRequest$0(278)) - Failed RaftClientRequest:client-9849FE5BA529->502b81c0-94cc-42d9-ac22-46124b9f2555@group-103D57857047, cid=10, seq=0, Watch-ALL_COMMITTED(6), Message:<EMPTY>, reply=RaftClientReply:client-9849FE5BA529->502b81c0-94cc-42d9-ac22-46124b9f2555@group-103D57857047, cid=10, FAILED org.apache.ratis.protocol.NotReplicatedException: Request with call Id 10 and log index 6 is not yet replicated to ALL_COMMITTED, logIndex=6, commits[502b81c0-94cc-42d9-ac22-46124b9f2555:c10, 9efa5aa2-6c41-460f-b55e-e6135d265426:c4, b7ff31bb-ae39-4067-a71c-fb5e6b3a0e64:c10]
2019-10-15 15:55:48,948 [BlockDeletingService#7] WARN  background.BlockDeletingService (BlockDeletingService.java:isDeletionAllowed(187)) - Close Container log Index 6 is not replicated across allthe servers in the pipeline 1cf6151f-af98-4e08-a2d2-103d57857047 as the min replicated index is 4. Deletion is not allowed in this container yet.
2019-10-15 15:55:48,948 [BlockDeletingService#2] WARN  background.BlockDeletingService (BlockDeletingService.java:isDeletionAllowed(187)) - Close Container log Index 6 is not replicated across allthe servers in the pipeline 1cf6151f-af98-4e08-a2d2-103d57857047 as the min replicated index is 4. Deletion is not allowed in this container yet.
2019-10-15 15:55:48,953 [java.util.concurrent.ThreadPoolExecutor$Worker@6f70a200[State = -1, empty queue]] WARN  server.GrpcLogAppender (GrpcLogAppender.java:timeoutAppendRequest(209)) - 502b81c0-94cc-42d9-ac22-46124b9f2555@group-103D57857047->9efa5aa2-6c41-460f-b55e-e6135d265426-GrpcLogAppender: appendEntries Timeout, request=502b81c0-94cc-42d9-ac22-46124b9f2555->9efa5aa2-6c41-460f-b55e-e6135d265426#42-t2, previous=(t:2, i:10), leaderCommit=10, initializing? false, entries: <empty>
2019-10-15 15:55:49,018 [EventQueue-ContainerReportForContainerReportHandler] WARN  container.ContainerReportHandler (AbstractContainerReportHandler.java:updateContainerState(145)) - Container #1 is in OPEN state, but the datanode b7ff31bb-ae39-4067-a71c-fb5e6b3a0e64{ip: 192.168.69.88, host: dev-nightly-20191015-w4nf7-692592917, networkLocation: /default-rack, certSerialId: null} reports an CLOSED replica.
2019-10-15 15:55:49,108 [EventQueue-ContainerReportForContainerReportHandler] WARN  container.ContainerReportHandler (AbstractContainerReportHandler.java:updateContainerState(145)) - Container #1 is in OPEN state, but the datanode 502b81c0-94cc-42d9-ac22-46124b9f2555{ip: 192.168.69.88, host: dev-nightly-20191015-w4nf7-692592917, networkLocation: /default-rack, certSerialId: null} reports an CLOSED replica.
2019-10-15 15:55:49,409 [EventQueue-ContainerReportForContainerReportHandler] WARN  container.ContainerReportHandler (AbstractContainerReportHandler.java:updateContainerState(145)) - Container #1 is in OPEN state, but the datanode 502b81c0-94cc-42d9-ac22-46124b9f2555{ip: 192.168.69.88, host: dev-nightly-20191015-w4nf7-692592917, networkLocation: /default-rack, certSerialId: null} reports an CLOSED replica.
2019-10-15 15:55:49,418 [EventQueue-ContainerReportForContainerReportHandler] WARN  container.ContainerReportHandler (AbstractContainerReportHandler.java:updateContainerState(145)) - Container #1 is in OPEN state, but the datanode b7ff31bb-ae39-4067-a71c-fb5e6b3a0e64{ip: 192.168.69.88, host: dev-nightly-20191015-w4nf7-692592917, networkLocation: /default-rack, certSerialId: null} reports an CLOSED replica.
2019-10-15 15:55:49,810 [EventQueue-ContainerReportForContainerReportHandler] WARN  container.ContainerReportHandler (AbstractContainerReportHandler.java:updateContainerState(145)) - Container #1 is in OPEN state, but the datanode 502b81c0-94cc-42d9-ac22-46124b9f2555{ip: 192.168.69.88, host: dev-nightly-20191015-w4nf7-692592917, networkLocation: /default-rack, certSerialId: null} reports an CLOSED replica.
2019-10-15 15:55:49,820 [EventQueue-ContainerReportForContainerReportHandler] WARN  container.ContainerReportHandler (AbstractContainerReportHandler.java:updateContainerState(145)) - Container #1 is in OPEN state, but the datanode b7ff31bb-ae39-4067-a71c-fb5e6b3a0e64{ip: 192.168.69.88, host: dev-nightly-20191015-w4nf7-692592917, networkLocation: /default-rack, certSerialId: null} reports an CLOSED replica.
2019-10-15 15:55:49,951 [BlockDeletingService#7] WARN  background.BlockDeletingService (BlockDeletingService.java:isDeletionAllowed(187)) - Close Container log Index 6 is not replicated across allthe servers in the pipeline 1cf6151f-af98-4e08-a2d2-103d57857047 as the min replicated index is 4. Deletion is not allowed in this container yet.
2019-10-15 15:55:49,952 [BlockDeletingService#2] WARN  background.BlockDeletingService (BlockDeletingService.java:isDeletionAllowed(187)) - Close Container log Index 6 is not replicated across allthe servers in the pipeline 1cf6151f-af98-4e08-a2d2-103d57857047 as the min replicated index is 4. Deletion is not allowed in this container yet.
2019-10-15 15:55:50,011 [EventQueue-ContainerReportForContainerReportHandler] WARN  container.ContainerReportHandler (AbstractContainerReportHandler.java:updateContainerState(145)) - Container #1 is in OPEN state, but the datanode 502b81c0-94cc-42d9-ac22-46124b9f2555{ip: 192.168.69.88, host: dev-nightly-20191015-w4nf7-692592917, networkLocation: /default-rack, certSerialId: null} reports an CLOSED replica.
2019-10-15 15:55:50,122 [EventQueue-ContainerReportForContainerReportHandler] WARN  container.ContainerReportHandler (AbstractContainerReportHandler.java:updateContainerState(145)) - Container #1 is in OPEN state, but the datanode b7ff31bb-ae39-4067-a71c-fb5e6b3a0e64{ip: 192.168.69.88, host: dev-nightly-20191015-w4nf7-692592917, networkLocation: /default-rack, certSerialId: null} reports an CLOSED replica.
2019-10-15 15:55:50,311 [EventQueue-ContainerReportForContainerReportHandler] WARN  container.ContainerReportHandler (AbstractContainerReportHandler.java:updateContainerState(145)) - Container #1 is in OPEN state, but the datanode 502b81c0-94cc-42d9-ac22-46124b9f2555{ip: 192.168.69.88, host: dev-nightly-20191015-w4nf7-692592917, networkLocation: /default-rack, certSerialId: null} reports an CLOSED replica.
2019-10-15 15:55:50,423 [EventQueue-ContainerReportForContainerReportHandler] WARN  container.ContainerReportHandler (AbstractContainerReportHandler.java:updateContainerState(145)) - Container #1 is in OPEN state, but the datanode b7ff31bb-ae39-4067-a71c-fb5e6b3a0e64{ip: 192.168.69.88, host: dev-nightly-20191015-w4nf7-692592917, networkLocation: /default-rack, certSerialId: null} reports an CLOSED replica.
2019-10-15 15:55:50,611 [EventQueue-ContainerReportForContainerReportHandler] WARN  container.ContainerReportHandler (AbstractContainerReportHandler.java:updateContainerState(145)) - Container #1 is in OPEN state, but the datanode 502b81c0-94cc-42d9-ac22-46124b9f2555{ip: 192.168.69.88, host: dev-nightly-20191015-w4nf7-692592917, networkLocation: /default-rack, certSerialId: null} reports an CLOSED replica.
2019-10-15 15:55:50,622 [EventQueue-ContainerReportForContainerReportHandler] WARN  container.ContainerReportHandler (AbstractContainerReportHandler.java:updateContainerState(145)) - Container #1 is in OPEN state, but the datanode b7ff31bb-ae39-4067-a71c-fb5e6b3a0e64{ip: 192.168.69.88, host: dev-nightly-20191015-w4nf7-692592917, networkLocation: /default-rack, certSerialId: null} reports an CLOSED replica.
2019-10-15 15:55:50,810 [EventQueue-ContainerReportForContainerReportHandler] WARN  container.ContainerReportHandler (AbstractContainerReportHandler.java:updateContainerState(145)) - Container #1 is in OPEN state, but the datanode 502b81c0-94cc-42d9-ac22-46124b9f2555{ip: 192.168.69.88, host: dev-nightly-20191015-w4nf7-692592917, networkLocation: /default-rack, certSerialId: null} reports an CLOSED replica.
2019-10-15 15:55:50,954 [BlockDeletingService#2] WARN  background.BlockDeletingService (BlockDeletingService.java:isDeletionAllowed(187)) - Close Container log Index 6 is not replicated across allthe servers in the pipeline 1cf6151f-af98-4e08-a2d2-103d57857047 as the min replicated index is 4. Deletion is not allowed in this container yet.
2019-10-15 15:55:50,954 [BlockDeletingService#7] WARN  background.BlockDeletingService (BlockDeletingService.java:isDeletionAllowed(187)) - Close Container log Index 6 is not replicated across allthe servers in the pipeline 1cf6151f-af98-4e08-a2d2-103d57857047 as the min replicated index is 4. Deletion is not allowed in this container yet.
2019-10-15 15:55:51,023 [EventQueue-ContainerReportForContainerReportHandler] WARN  container.ContainerReportHandler (AbstractContainerReportHandler.java:updateContainerState(145)) - Container #1 is in OPEN state, but the datanode b7ff31bb-ae39-4067-a71c-fb5e6b3a0e64{ip: 192.168.69.88, host: dev-nightly-20191015-w4nf7-692592917, networkLocation: /default-rack, certSerialId: null} reports an CLOSED replica.
2019-10-15 15:55:51,210 [EventQueue-ContainerReportForContainerReportHandler] WARN  container.ContainerReportHandler (AbstractContainerReportHandler.java:updateContainerState(145)) - Container #1 is in OPEN state, but the datanode 502b81c0-94cc-42d9-ac22-46124b9f2555{ip: 192.168.69.88, host: dev-nightly-20191015-w4nf7-692592917, networkLocation: /default-rack, certSerialId: null} reports an CLOSED replica.
2019-10-15 15:55:51,322 [EventQueue-ContainerReportForContainerReportHandler] WARN  container.ContainerReportHandler (AbstractContainerReportHandler.java:updateContainerState(145)) - Container #1 is in OPEN state, but the datanode b7ff31bb-ae39-4067-a71c-fb5e6b3a0e64{ip: 192.168.69.88, host: dev-nightly-20191015-w4nf7-692592917, networkLocation: /default-rack, certSerialId: null} reports an CLOSED replica.
2019-10-15 15:55:51,454 [java.util.concurrent.ThreadPoolExecutor$Worker@6f70a200[State = -1, empty queue]] WARN  server.GrpcLogAppender (GrpcLogAppender.java:timeoutAppendRequest(209)) - 502b81c0-94cc-42d9-ac22-46124b9f2555@group-103D57857047->9efa5aa2-6c41-460f-b55e-e6135d265426-GrpcLogAppender: appendEntries Timeout, request=502b81c0-94cc-42d9-ac22-46124b9f2555->9efa5aa2-6c41-460f-b55e-e6135d265426#43-t2, previous=(t:2, i:10), leaderCommit=10, initializing? false, entries: <empty>
2019-10-15 15:55:51,510 [EventQueue-ContainerReportForContainerReportHandler] WARN  container.ContainerReportHandler (AbstractContainerReportHandler.java:updateContainerState(145)) - Container #1 is in OPEN state, but the datanode 502b81c0-94cc-42d9-ac22-46124b9f2555{ip: 192.168.69.88, host: dev-nightly-20191015-w4nf7-692592917, networkLocation: /default-rack, certSerialId: null} reports an CLOSED replica.
2019-10-15 15:55:51,710 [EventQueue-ContainerReportForContainerReportHandler] WARN  container.ContainerReportHandler (AbstractContainerReportHandler.java:updateContainerState(145)) - Container #1 is in OPEN state, but the datanode 502b81c0-94cc-42d9-ac22-46124b9f2555{ip: 192.168.69.88, host: dev-nightly-20191015-w4nf7-692592917, networkLocation: /default-rack, certSerialId: null} reports an CLOSED replica.
2019-10-15 15:55:51,723 [EventQueue-ContainerReportForContainerReportHandler] WARN  container.ContainerReportHandler (AbstractContainerReportHandler.java:updateContainerState(145)) - Container #1 is in OPEN state, but the datanode b7ff31bb-ae39-4067-a71c-fb5e6b3a0e64{ip: 192.168.69.88, host: dev-nightly-20191015-w4nf7-692592917, networkLocation: /default-rack, certSerialId: null} reports an CLOSED replica.
2019-10-15 15:55:51,956 [BlockDeletingService#7] WARN  background.BlockDeletingService (BlockDeletingService.java:isDeletionAllowed(187)) - Close Container log Index 6 is not replicated across allthe servers in the pipeline 1cf6151f-af98-4e08-a2d2-103d57857047 as the min replicated index is 4. Deletion is not allowed in this container yet.
2019-10-15 15:55:51,956 [BlockDeletingService#2] WARN  background.BlockDeletingService (BlockDeletingService.java:isDeletionAllowed(187)) - Close Container log Index 6 is not replicated across allthe servers in the pipeline 1cf6151f-af98-4e08-a2d2-103d57857047 as the min replicated index is 4. Deletion is not allowed in this container yet.
2019-10-15 15:55:52,110 [EventQueue-ContainerReportForContainerReportHandler] WARN  container.ContainerReportHandler (AbstractContainerReportHandler.java:updateContainerState(145)) - Container #1 is in OPEN state, but the datanode 502b81c0-94cc-42d9-ac22-46124b9f2555{ip: 192.168.69.88, host: dev-nightly-20191015-w4nf7-692592917, networkLocation: /default-rack, certSerialId: null} reports an CLOSED replica.
2019-10-15 15:55:52,122 [EventQueue-ContainerReportForContainerReportHandler] WARN  container.ContainerReportHandler (AbstractContainerReportHandler.java:updateContainerState(145)) - Container #1 is in OPEN state, but the datanode b7ff31bb-ae39-4067-a71c-fb5e6b3a0e64{ip: 192.168.69.88, host: dev-nightly-20191015-w4nf7-692592917, networkLocation: /default-rack, certSerialId: null} reports an CLOSED replica.
2019-10-15 15:55:52,411 [EventQueue-ContainerReportForContainerReportHandler] WARN  container.ContainerReportHandler (AbstractContainerReportHandler.java:updateContainerState(145)) - Container #1 is in OPEN state, but the datanode 502b81c0-94cc-42d9-ac22-46124b9f2555{ip: 192.168.69.88, host: dev-nightly-20191015-w4nf7-692592917, networkLocation: /default-rack, certSerialId: null} reports an CLOSED replica.
2019-10-15 15:55:52,424 [EventQueue-ContainerReportForContainerReportHandler] WARN  container.ContainerReportHandler (AbstractContainerReportHandler.java:updateContainerState(145)) - Container #1 is in OPEN state, but the datanode b7ff31bb-ae39-4067-a71c-fb5e6b3a0e64{ip: 192.168.69.88, host: dev-nightly-20191015-w4nf7-692592917, networkLocation: /default-rack, certSerialId: null} reports an CLOSED replica.
2019-10-15 15:55:52,612 [EventQueue-ContainerReportForContainerReportHandler] WARN  container.ContainerReportHandler (AbstractContainerReportHandler.java:updateContainerState(145)) - Container #1 is in OPEN state, but the datanode 502b81c0-94cc-42d9-ac22-46124b9f2555{ip: 192.168.69.88, host: dev-nightly-20191015-w4nf7-692592917, networkLocation: /default-rack, certSerialId: null} reports an CLOSED replica.
2019-10-15 15:55:52,823 [EventQueue-ContainerReportForContainerReportHandler] WARN  container.ContainerReportHandler (AbstractContainerReportHandler.java:updateContainerState(145)) - Container #1 is in OPEN state, but the datanode b7ff31bb-ae39-4067-a71c-fb5e6b3a0e64{ip: 192.168.69.88, host: dev-nightly-20191015-w4nf7-692592917, networkLocation: /default-rack, certSerialId: null} reports an CLOSED replica.
2019-10-15 15:55:52,957 [BlockDeletingService#7] WARN  background.BlockDeletingService (BlockDeletingService.java:isDeletionAllowed(187)) - Close Container log Index 6 is not replicated across allthe servers in the pipeline 1cf6151f-af98-4e08-a2d2-103d57857047 as the min replicated index is 4. Deletion is not allowed in this container yet.
2019-10-15 15:55:52,957 [BlockDeletingService#2] WARN  background.BlockDeletingService (BlockDeletingService.java:isDeletionAllowed(187)) - Close Container log Index 6 is not replicated across allthe servers in the pipeline 1cf6151f-af98-4e08-a2d2-103d57857047 as the min replicated index is 4. Deletion is not allowed in this container yet.
2019-10-15 15:55:53,013 [EventQueue-ContainerReportForContainerReportHandler] WARN  container.ContainerReportHandler (AbstractContainerReportHandler.java:updateContainerState(145)) - Container #1 is in OPEN state, but the datanode 502b81c0-94cc-42d9-ac22-46124b9f2555{ip: 192.168.69.88, host: dev-nightly-20191015-w4nf7-692592917, networkLocation: /default-rack, certSerialId: null} reports an CLOSED replica.
2019-10-15 15:55:53,223 [EventQueue-ContainerReportForContainerReportHandler] WARN  container.ContainerReportHandler (AbstractContainerReportHandler.java:updateContainerState(145)) - Container #1 is in OPEN state, but the datanode b7ff31bb-ae39-4067-a71c-fb5e6b3a0e64{ip: 192.168.69.88, host: dev-nightly-20191015-w4nf7-692592917, networkLocation: /default-rack, certSerialId: null} reports an CLOSED replica.
2019-10-15 15:55:53,413 [EventQueue-ContainerReportForContainerReportHandler] WARN  container.ContainerReportHandler (AbstractContainerReportHandler.java:updateContainerState(145)) - Container #1 is in OPEN state, but the datanode 502b81c0-94cc-42d9-ac22-46124b9f2555{ip: 192.168.69.88, host: dev-nightly-20191015-w4nf7-692592917, networkLocation: /default-rack, certSerialId: null} reports an CLOSED replica.
2019-10-15 15:55:53,524 [EventQueue-ContainerReportForContainerReportHandler] WARN  container.ContainerReportHandler (AbstractContainerReportHandler.java:updateContainerState(145)) - Container #1 is in OPEN state, but the datanode b7ff31bb-ae39-4067-a71c-fb5e6b3a0e64{ip: 192.168.69.88, host: dev-nightly-20191015-w4nf7-692592917, networkLocation: /default-rack, certSerialId: null} reports an CLOSED replica.
2019-10-15 15:55:53,714 [EventQueue-ContainerReportForContainerReportHandler] WARN  container.ContainerReportHandler (AbstractContainerReportHandler.java:updateContainerState(145)) - Container #1 is in OPEN state, but the datanode 502b81c0-94cc-42d9-ac22-46124b9f2555{ip: 192.168.69.88, host: dev-nightly-20191015-w4nf7-692592917, networkLocation: /default-rack, certSerialId: null} reports an CLOSED replica.
2019-10-15 15:55:53,824 [EventQueue-ContainerReportForContainerReportHandler] WARN  container.ContainerReportHandler (AbstractContainerReportHandler.java:updateContainerState(145)) - Container #1 is in OPEN state, but the datanode b7ff31bb-ae39-4067-a71c-fb5e6b3a0e64{ip: 192.168.69.88, host: dev-nightly-20191015-w4nf7-692592917, networkLocation: /default-rack, certSerialId: null} reports an CLOSED replica.
2019-10-15 15:55:53,915 [EventQueue-ContainerReportForContainerReportHandler] WARN  container.ContainerReportHandler (AbstractContainerReportHandler.java:updateContainerState(145)) - Container #1 is in OPEN state, but the datanode 502b81c0-94cc-42d9-ac22-46124b9f2555{ip: 192.168.69.88, host: dev-nightly-20191015-w4nf7-692592917, networkLocation: /default-rack, certSerialId: null} reports an CLOSED replica.
2019-10-15 15:55:53,956 [java.util.concurrent.ThreadPoolExecutor$Worker@6f70a200[State = -1, empty queue]] WARN  server.GrpcLogAppender (GrpcLogAppender.java:timeoutAppendRequest(209)) - 502b81c0-94cc-42d9-ac22-46124b9f2555@group-103D57857047->9efa5aa2-6c41-460f-b55e-e6135d265426-GrpcLogAppender: appendEntries Timeout, request=502b81c0-94cc-42d9-ac22-46124b9f2555->9efa5aa2-6c41-460f-b55e-e6135d265426#44-t2, previous=(t:2, i:10), leaderCommit=10, initializing? false, entries: <empty>
2019-10-15 15:55:53,959 [BlockDeletingService#7] WARN  background.BlockDeletingService (BlockDeletingService.java:isDeletionAllowed(187)) - Close Container log Index 6 is not replicated across allthe servers in the pipeline 1cf6151f-af98-4e08-a2d2-103d57857047 as the min replicated index is 4. Deletion is not allowed in this container yet.
2019-10-15 15:55:53,959 [BlockDeletingService#2] WARN  background.BlockDeletingService (BlockDeletingService.java:isDeletionAllowed(187)) - Close Container log Index 6 is not replicated across allthe servers in the pipeline 1cf6151f-af98-4e08-a2d2-103d57857047 as the min replicated index is 4. Deletion is not allowed in this container yet.
2019-10-15 15:55:54,026 [EventQueue-ContainerReportForContainerReportHandler] WARN  container.ContainerReportHandler (AbstractContainerReportHandler.java:updateContainerState(145)) - Container #1 is in OPEN state, but the datanode b7ff31bb-ae39-4067-a71c-fb5e6b3a0e64{ip: 192.168.69.88, host: dev-nightly-20191015-w4nf7-692592917, networkLocation: /default-rack, certSerialId: null} reports an CLOSED replica.
2019-10-15 15:55:54,214 [EventQueue-ContainerReportForContainerReportHandler] WARN  container.ContainerReportHandler (AbstractContainerReportHandler.java:updateContainerState(145)) - Container #1 is in OPEN state, but the datanode 502b81c0-94cc-42d9-ac22-46124b9f2555{ip: 192.168.69.88, host: dev-nightly-20191015-w4nf7-692592917, networkLocation: /default-rack, certSerialId: null} reports an CLOSED replica.
2019-10-15 15:55:54,324 [EventQueue-ContainerReportForContainerReportHandler] WARN  container.ContainerReportHandler (AbstractContainerReportHandler.java:updateContainerState(145)) - Container #1 is in OPEN state, but the datanode b7ff31bb-ae39-4067-a71c-fb5e6b3a0e64{ip: 192.168.69.88, host: dev-nightly-20191015-w4nf7-692592917, networkLocation: /default-rack, certSerialId: null} reports an CLOSED replica.
2019-10-15 15:55:54,514 [EventQueue-ContainerReportForContainerReportHandler] WARN  container.ContainerReportHandler (AbstractContainerReportHandler.java:updateContainerState(145)) - Container #1 is in OPEN state, but the datanode 502b81c0-94cc-42d9-ac22-46124b9f2555{ip: 192.168.69.88, host: dev-nightly-20191015-w4nf7-692592917, networkLocation: /default-rack, certSerialId: null} reports an CLOSED replica.
2019-10-15 15:55:54,724 [EventQueue-ContainerReportForContainerReportHandler] WARN  container.ContainerReportHandler (AbstractContainerReportHandler.java:updateContainerState(145)) - Container #1 is in OPEN state, but the datanode b7ff31bb-ae39-4067-a71c-fb5e6b3a0e64{ip: 192.168.69.88, host: dev-nightly-20191015-w4nf7-692592917, networkLocation: /default-rack, certSerialId: null} reports an CLOSED replica.
2019-10-15 15:55:54,814 [EventQueue-ContainerReportForContainerReportHandler] WARN  container.ContainerReportHandler (AbstractContainerReportHandler.java:updateContainerState(145)) - Container #1 is in OPEN state, but the datanode 502b81c0-94cc-42d9-ac22-46124b9f2555{ip: 192.168.69.88, host: dev-nightly-20191015-w4nf7-692592917, networkLocation: /default-rack, certSerialId: null} reports an CLOSED replica.
2019-10-15 15:55:54,924 [EventQueue-ContainerReportForContainerReportHandler] WARN  container.ContainerReportHandler (AbstractContainerReportHandler.java:updateContainerState(145)) - Container #1 is in OPEN state, but the datanode b7ff31bb-ae39-4067-a71c-fb5e6b3a0e64{ip: 192.168.69.88, host: dev-nightly-20191015-w4nf7-692592917, networkLocation: /default-rack, certSerialId: null} reports an CLOSED replica.
2019-10-15 15:55:54,961 [BlockDeletingService#2] WARN  background.BlockDeletingService (BlockDeletingService.java:isDeletionAllowed(187)) - Close Container log Index 6 is not replicated across allthe servers in the pipeline 1cf6151f-af98-4e08-a2d2-103d57857047 as the min replicated index is 4. Deletion is not allowed in this container yet.
2019-10-15 15:55:54,961 [BlockDeletingService#7] WARN  background.BlockDeletingService (BlockDeletingService.java:isDeletionAllowed(187)) - Close Container log Index 6 is not replicated across allthe servers in the pipeline 1cf6151f-af98-4e08-a2d2-103d57857047 as the min replicated index is 4. Deletion is not allowed in this container yet.
2019-10-15 15:55:55,215 [EventQueue-ContainerReportForContainerReportHandler] WARN  container.ContainerReportHandler (AbstractContainerReportHandler.java:updateContainerState(145)) - Container #1 is in OPEN state, but the datanode 502b81c0-94cc-42d9-ac22-46124b9f2555{ip: 192.168.69.88, host: dev-nightly-20191015-w4nf7-692592917, networkLocation: /default-rack, certSerialId: null} reports an CLOSED replica.
2019-10-15 15:55:55,224 [EventQueue-ContainerReportForContainerReportHandler] WARN  container.ContainerReportHandler (AbstractContainerReportHandler.java:updateContainerState(145)) - Container #1 is in OPEN state, but the datanode b7ff31bb-ae39-4067-a71c-fb5e6b3a0e64{ip: 192.168.69.88, host: dev-nightly-20191015-w4nf7-692592917, networkLocation: /default-rack, certSerialId: null} reports an CLOSED replica.
2019-10-15 15:55:55,424 [EventQueue-ContainerReportForContainerReportHandler] WARN  container.ContainerReportHandler (AbstractContainerReportHandler.java:updateContainerState(145)) - Container #1 is in OPEN state, but the datanode b7ff31bb-ae39-4067-a71c-fb5e6b3a0e64{ip: 192.168.69.88, host: dev-nightly-20191015-w4nf7-692592917, networkLocation: /default-rack, certSerialId: null} reports an CLOSED replica.
2019-10-15 15:55:55,516 [EventQueue-ContainerReportForContainerReportHandler] WARN  container.ContainerReportHandler (AbstractContainerReportHandler.java:updateContainerState(145)) - Container #1 is in OPEN state, but the datanode 502b81c0-94cc-42d9-ac22-46124b9f2555{ip: 192.168.69.88, host: dev-nightly-20191015-w4nf7-692592917, networkLocation: /default-rack, certSerialId: null} reports an CLOSED replica.
2019-10-15 15:55:55,724 [EventQueue-ContainerReportForContainerReportHandler] WARN  container.ContainerReportHandler (AbstractContainerReportHandler.java:updateContainerState(145)) - Container #1 is in OPEN state, but the datanode b7ff31bb-ae39-4067-a71c-fb5e6b3a0e64{ip: 192.168.69.88, host: dev-nightly-20191015-w4nf7-692592917, networkLocation: /default-rack, certSerialId: null} reports an CLOSED replica.
2019-10-15 15:55:55,817 [EventQueue-ContainerReportForContainerReportHandler] WARN  container.ContainerReportHandler (AbstractContainerReportHandler.java:updateContainerState(145)) - Container #1 is in OPEN state, but the datanode 502b81c0-94cc-42d9-ac22-46124b9f2555{ip: 192.168.69.88, host: dev-nightly-20191015-w4nf7-692592917, networkLocation: /default-rack, certSerialId: null} reports an CLOSED replica.
2019-10-15 15:55:55,963 [BlockDeletingService#2] WARN  background.BlockDeletingService (BlockDeletingService.java:isDeletionAllowed(187)) - Close Container log Index 6 is not replicated across allthe servers in the pipeline 1cf6151f-af98-4e08-a2d2-103d57857047 as the min replicated index is 4. Deletion is not allowed in this container yet.
2019-10-15 15:55:55,963 [BlockDeletingService#7] WARN  background.BlockDeletingService (BlockDeletingService.java:isDeletionAllowed(187)) - Close Container log Index 6 is not replicated across allthe servers in the pipeline 1cf6151f-af98-4e08-a2d2-103d57857047 as the min replicated index is 4. Deletion is not allowed in this container yet.
2019-10-15 15:55:56,025 [EventQueue-ContainerReportForContainerReportHandler] WARN  container.ContainerReportHandler (AbstractContainerReportHandler.java:updateContainerState(145)) - Container #1 is in OPEN state, but the datanode b7ff31bb-ae39-4067-a71c-fb5e6b3a0e64{ip: 192.168.69.88, host: dev-nightly-20191015-w4nf7-692592917, networkLocation: /default-rack, certSerialId: null} reports an CLOSED replica.
2019-10-15 15:55:56,117 [EventQueue-ContainerReportForContainerReportHandler] WARN  container.ContainerReportHandler (AbstractContainerReportHandler.java:updateContainerState(145)) - Container #1 is in OPEN state, but the datanode 502b81c0-94cc-42d9-ac22-46124b9f2555{ip: 192.168.69.88, host: dev-nightly-20191015-w4nf7-692592917, networkLocation: /default-rack, certSerialId: null} reports an CLOSED replica.
2019-10-15 15:55:56,324 [EventQueue-ContainerReportForContainerReportHandler] WARN  container.ContainerReportHandler (AbstractContainerReportHandler.java:updateContainerState(145)) - Container #1 is in OPEN state, but the datanode b7ff31bb-ae39-4067-a71c-fb5e6b3a0e64{ip: 192.168.69.88, host: dev-nightly-20191015-w4nf7-692592917, networkLocation: /default-rack, certSerialId: null} reports an CLOSED replica.
2019-10-15 15:55:56,417 [EventQueue-ContainerReportForContainerReportHandler] WARN  container.ContainerReportHandler (AbstractContainerReportHandler.java:updateContainerState(145)) - Container #1 is in OPEN state, but the datanode 502b81c0-94cc-42d9-ac22-46124b9f2555{ip: 192.168.69.88, host: dev-nightly-20191015-w4nf7-692592917, networkLocation: /default-rack, certSerialId: null} reports an CLOSED replica.
2019-10-15 15:55:56,457 [java.util.concurrent.ThreadPoolExecutor$Worker@6f70a200[State = -1, empty queue]] WARN  server.GrpcLogAppender (GrpcLogAppender.java:timeoutAppendRequest(209)) - 502b81c0-94cc-42d9-ac22-46124b9f2555@group-103D57857047->9efa5aa2-6c41-460f-b55e-e6135d265426-GrpcLogAppender: appendEntries Timeout, request=502b81c0-94cc-42d9-ac22-46124b9f2555->9efa5aa2-6c41-460f-b55e-e6135d265426#45-t2, previous=(t:2, i:10), leaderCommit=10, initializing? false, entries: <empty>
2019-10-15 15:55:56,600 [Thread-479] INFO  client.GrpcClientProtocolService (GrpcClientProtocolService.java:lambda$processClientRequest$0(278)) - Failed RaftClientRequest:client-9849FE5BA529->b7ff31bb-ae39-4067-a71c-fb5e6b3a0e64@group-103D57857047, cid=10, seq=0, Watch-ALL_COMMITTED(6), Message:<EMPTY>, reply=RaftClientReply:client-9849FE5BA529->b7ff31bb-ae39-4067-a71c-fb5e6b3a0e64@group-103D57857047, cid=10, FAILED org.apache.ratis.protocol.NotLeaderException: Server b7ff31bb-ae39-4067-a71c-fb5e6b3a0e64@group-103D57857047 is not the leader 502b81c0-94cc-42d9-ac22-46124b9f2555:192.168.69.88:45179, logIndex=0, commits[b7ff31bb-ae39-4067-a71c-fb5e6b3a0e64:c10, 502b81c0-94cc-42d9-ac22-46124b9f2555:c10, 9efa5aa2-6c41-460f-b55e-e6135d265426:c4]
2019-10-15 15:55:56,624 [EventQueue-ContainerReportForContainerReportHandler] WARN  container.ContainerReportHandler (AbstractContainerReportHandler.java:updateContainerState(145)) - Container #1 is in OPEN state, but the datanode b7ff31bb-ae39-4067-a71c-fb5e6b3a0e64{ip: 192.168.69.88, host: dev-nightly-20191015-w4nf7-692592917, networkLocation: /default-rack, certSerialId: null} reports an CLOSED replica.
2019-10-15 15:55:56,817 [EventQueue-ContainerReportForContainerReportHandler] WARN  container.ContainerReportHandler (AbstractContainerReportHandler.java:updateContainerState(145)) - Container #1 is in OPEN state, but the datanode 502b81c0-94cc-42d9-ac22-46124b9f2555{ip: 192.168.69.88, host: dev-nightly-20191015-w4nf7-692592917, networkLocation: /default-rack, certSerialId: null} reports an CLOSED replica.
2019-10-15 15:55:56,925 [EventQueue-ContainerReportForContainerReportHandler] WARN  container.ContainerReportHandler (AbstractContainerReportHandler.java:updateContainerState(145)) - Container #1 is in OPEN state, but the datanode b7ff31bb-ae39-4067-a71c-fb5e6b3a0e64{ip: 192.168.69.88, host: dev-nightly-20191015-w4nf7-692592917, networkLocation: /default-rack, certSerialId: null} reports an CLOSED replica.
2019-10-15 15:55:56,965 [BlockDeletingService#2] WARN  background.BlockDeletingService (BlockDeletingService.java:isDeletionAllowed(187)) - Close Container log Index 6 is not replicated across allthe servers in the pipeline 1cf6151f-af98-4e08-a2d2-103d57857047 as the min replicated index is 4. Deletion is not allowed in this container yet.
2019-10-15 15:55:56,965 [BlockDeletingService#7] WARN  background.BlockDeletingService (BlockDeletingService.java:isDeletionAllowed(187)) - Close Container log Index 6 is not replicated across allthe servers in the pipeline 1cf6151f-af98-4e08-a2d2-103d57857047 as the min replicated index is 4. Deletion is not allowed in this container yet.
2019-10-15 15:55:57,117 [EventQueue-ContainerReportForContainerReportHandler] WARN  container.ContainerReportHandler (AbstractContainerReportHandler.java:updateContainerState(145)) - Container #1 is in OPEN state, but the datanode 502b81c0-94cc-42d9-ac22-46124b9f2555{ip: 192.168.69.88, host: dev-nightly-20191015-w4nf7-692592917, networkLocation: /default-rack, certSerialId: null} reports an CLOSED replica.
2019-10-15 15:55:57,318 [EventQueue-ContainerReportForContainerReportHandler] WARN  container.ContainerReportHandler (AbstractContainerReportHandler.java:updateContainerState(145)) - Container #1 is in OPEN state, but the datanode 502b81c0-94cc-42d9-ac22-46124b9f2555{ip: 192.168.69.88, host: dev-nightly-20191015-w4nf7-692592917, networkLocation: /default-rack, certSerialId: null} reports an CLOSED replica.
2019-10-15 15:55:57,325 [EventQueue-ContainerReportForContainerReportHandler] WARN  container.ContainerReportHandler (AbstractContainerReportHandler.java:updateContainerState(145)) - Container #1 is in OPEN state, but the datanode b7ff31bb-ae39-4067-a71c-fb5e6b3a0e64{ip: 192.168.69.88, host: dev-nightly-20191015-w4nf7-692592917, networkLocation: /default-rack, certSerialId: null} reports an CLOSED replica.
2019-10-15 15:55:57,618 [EventQueue-ContainerReportForContainerReportHandler] WARN  container.ContainerReportHandler (AbstractContainerReportHandler.java:updateContainerState(145)) - Container #1 is in OPEN state, but the datanode 502b81c0-94cc-42d9-ac22-46124b9f2555{ip: 192.168.69.88, host: dev-nightly-20191015-w4nf7-692592917, networkLocation: /default-rack, certSerialId: null} reports an CLOSED replica.
2019-10-15 15:55:57,625 [EventQueue-ContainerReportForContainerReportHandler] WARN  container.ContainerReportHandler (AbstractContainerReportHandler.java:updateContainerState(145)) - Container #1 is in OPEN state, but the datanode b7ff31bb-ae39-4067-a71c-fb5e6b3a0e64{ip: 192.168.69.88, host: dev-nightly-20191015-w4nf7-692592917, networkLocation: /default-rack, certSerialId: null} reports an CLOSED replica.
2019-10-15 15:55:57,819 [EventQueue-ContainerReportForContainerReportHandler] WARN  container.ContainerReportHandler (AbstractContainerReportHandler.java:updateContainerState(145)) - Container #1 is in OPEN state, but the datanode 502b81c0-94cc-42d9-ac22-46124b9f2555{ip: 192.168.69.88, host: dev-nightly-20191015-w4nf7-692592917, networkLocation: /default-rack, certSerialId: null} reports an CLOSED replica.
2019-10-15 15:55:57,884 [Thread-484] INFO  client.GrpcClientProtocolService (GrpcClientProtocolService.java:lambda$processClientRequest$0(278)) - Failed RaftClientRequest:client-9849FE5BA529->502b81c0-94cc-42d9-ac22-46124b9f2555@group-103D57857047, cid=10, seq=0, Watch-ALL_COMMITTED(6), Message:<EMPTY>, reply=RaftClientReply:client-9849FE5BA529->502b81c0-94cc-42d9-ac22-46124b9f2555@group-103D57857047, cid=10, FAILED org.apache.ratis.protocol.NotReplicatedException: Request with call Id 10 and log index 6 is not yet replicated to ALL_COMMITTED, logIndex=6, commits[502b81c0-94cc-42d9-ac22-46124b9f2555:c10, 9efa5aa2-6c41-460f-b55e-e6135d265426:c4, b7ff31bb-ae39-4067-a71c-fb5e6b3a0e64:c10]
2019-10-15 15:55:57,969 [BlockDeletingService#7] WARN  background.BlockDeletingService (BlockDeletingService.java:isDeletionAllowed(187)) - Close Container log Index 6 is not replicated across allthe servers in the pipeline 1cf6151f-af98-4e08-a2d2-103d57857047 as the min replicated index is 4. Deletion is not allowed in this container yet.
2019-10-15 15:55:57,969 [BlockDeletingService#2] WARN  background.BlockDeletingService (BlockDeletingService.java:isDeletionAllowed(187)) - Close Container log Index 6 is not replicated across allthe servers in the pipeline 1cf6151f-af98-4e08-a2d2-103d57857047 as the min replicated index is 4. Deletion is not allowed in this container yet.
2019-10-15 15:55:58,025 [EventQueue-ContainerReportForContainerReportHandler] WARN  container.ContainerReportHandler (AbstractContainerReportHandler.java:updateContainerState(145)) - Container #1 is in OPEN state, but the datanode b7ff31bb-ae39-4067-a71c-fb5e6b3a0e64{ip: 192.168.69.88, host: dev-nightly-20191015-w4nf7-692592917, networkLocation: /default-rack, certSerialId: null} reports an CLOSED replica.
2019-10-15 15:55:58,219 [EventQueue-ContainerReportForContainerReportHandler] WARN  container.ContainerReportHandler (AbstractContainerReportHandler.java:updateContainerState(145)) - Container #1 is in OPEN state, but the datanode 502b81c0-94cc-42d9-ac22-46124b9f2555{ip: 192.168.69.88, host: dev-nightly-20191015-w4nf7-692592917, networkLocation: /default-rack, certSerialId: null} reports an CLOSED replica.
2019-10-15 15:55:58,325 [EventQueue-ContainerReportForContainerReportHandler] WARN  container.ContainerReportHandler (AbstractContainerReportHandler.java:updateContainerState(145)) - Container #1 is in OPEN state, but the datanode b7ff31bb-ae39-4067-a71c-fb5e6b3a0e64{ip: 192.168.69.88, host: dev-nightly-20191015-w4nf7-692592917, networkLocation: /default-rack, certSerialId: null} reports an CLOSED replica.
2019-10-15 15:55:58,520 [EventQueue-ContainerReportForContainerReportHandler] WARN  container.ContainerReportHandler (AbstractContainerReportHandler.java:updateContainerState(145)) - Container #1 is in OPEN state, but the datanode 502b81c0-94cc-42d9-ac22-46124b9f2555{ip: 192.168.69.88, host: dev-nightly-20191015-w4nf7-692592917, networkLocation: /default-rack, certSerialId: null} reports an CLOSED replica.
2019-10-15 15:55:58,626 [EventQueue-ContainerReportForContainerReportHandler] WARN  container.ContainerReportHandler (AbstractContainerReportHandler.java:updateContainerState(145)) - Container #1 is in OPEN state, but the datanode b7ff31bb-ae39-4067-a71c-fb5e6b3a0e64{ip: 192.168.69.88, host: dev-nightly-20191015-w4nf7-692592917, networkLocation: /default-rack, certSerialId: null} reports an CLOSED replica.
2019-10-15 15:55:58,720 [EventQueue-ContainerReportForContainerReportHandler] WARN  container.ContainerReportHandler (AbstractContainerReportHandler.java:updateContainerState(145)) - Container #1 is in OPEN state, but the datanode 502b81c0-94cc-42d9-ac22-46124b9f2555{ip: 192.168.69.88, host: dev-nightly-20191015-w4nf7-692592917, networkLocation: /default-rack, certSerialId: null} reports an CLOSED replica.
2019-10-15 15:55:58,959 [java.util.concurrent.ThreadPoolExecutor$Worker@6f70a200[State = -1, empty queue]] WARN  server.GrpcLogAppender (GrpcLogAppender.java:timeoutAppendRequest(209)) - 502b81c0-94cc-42d9-ac22-46124b9f2555@group-103D57857047->9efa5aa2-6c41-460f-b55e-e6135d265426-GrpcLogAppender: appendEntries Timeout, request=502b81c0-94cc-42d9-ac22-46124b9f2555->9efa5aa2-6c41-460f-b55e-e6135d265426#46-t2, previous=(t:2, i:10), leaderCommit=10, initializing? false, entries: <empty>
2019-10-15 15:55:58,972 [BlockDeletingService#7] WARN  background.BlockDeletingService (BlockDeletingService.java:isDeletionAllowed(187)) - Close Container log Index 6 is not replicated across allthe servers in the pipeline 1cf6151f-af98-4e08-a2d2-103d57857047 as the min replicated index is 4. Deletion is not allowed in this container yet.
2019-10-15 15:55:58,973 [BlockDeletingService#2] WARN  background.BlockDeletingService (BlockDeletingService.java:isDeletionAllowed(187)) - Close Container log Index 6 is not replicated across allthe servers in the pipeline 1cf6151f-af98-4e08-a2d2-103d57857047 as the min replicated index is 4. Deletion is not allowed in this container yet.
2019-10-15 15:55:59,020 [EventQueue-ContainerReportForContainerReportHandler] WARN  container.ContainerReportHandler (AbstractContainerReportHandler.java:updateContainerState(145)) - Container #1 is in OPEN state, but the datanode 502b81c0-94cc-42d9-ac22-46124b9f2555{ip: 192.168.69.88, host: dev-nightly-20191015-w4nf7-692592917, networkLocation: /default-rack, certSerialId: null} reports an CLOSED replica.
2019-10-15 15:55:59,026 [EventQueue-ContainerReportForContainerReportHandler] WARN  container.ContainerReportHandler (AbstractContainerReportHandler.java:updateContainerState(145)) - Container #1 is in OPEN state, but the datanode b7ff31bb-ae39-4067-a71c-fb5e6b3a0e64{ip: 192.168.69.88, host: dev-nightly-20191015-w4nf7-692592917, networkLocation: /default-rack, certSerialId: null} reports an CLOSED replica.
2019-10-15 15:55:59,321 [EventQueue-ContainerReportForContainerReportHandler] WARN  container.ContainerReportHandler (AbstractContainerReportHandler.java:updateContainerState(145)) - Container #1 is in OPEN state, but the datanode 502b81c0-94cc-42d9-ac22-46124b9f2555{ip: 192.168.69.88, host: dev-nightly-20191015-w4nf7-692592917, networkLocation: /default-rack, certSerialId: null} reports an CLOSED replica.
2019-10-15 15:55:59,426 [EventQueue-ContainerReportForContainerReportHandler] WARN  container.ContainerReportHandler (AbstractContainerReportHandler.java:updateContainerState(145)) - Container #1 is in OPEN state, but the datanode b7ff31bb-ae39-4067-a71c-fb5e6b3a0e64{ip: 192.168.69.88, host: dev-nightly-20191015-w4nf7-692592917, networkLocation: /default-rack, certSerialId: null} reports an CLOSED replica.
2019-10-15 15:55:59,520 [EventQueue-ContainerReportForContainerReportHandler] WARN  container.ContainerReportHandler (AbstractContainerReportHandler.java:updateContainerState(145)) - Container #1 is in OPEN state, but the datanode 502b81c0-94cc-42d9-ac22-46124b9f2555{ip: 192.168.69.88, host: dev-nightly-20191015-w4nf7-692592917, networkLocation: /default-rack, certSerialId: null} reports an CLOSED replica.
2019-10-15 15:55:59,824 [EventQueue-ContainerReportForContainerReportHandler] WARN  container.ContainerReportHandler (AbstractContainerReportHandler.java:updateContainerState(145)) - Container #1 is in OPEN state, but the datanode 502b81c0-94cc-42d9-ac22-46124b9f2555{ip: 192.168.69.88, host: dev-nightly-20191015-w4nf7-692592917, networkLocation: /default-rack, certSerialId: null} reports an CLOSED replica.
2019-10-15 15:55:59,827 [EventQueue-ContainerReportForContainerReportHandler] WARN  container.ContainerReportHandler (AbstractContainerReportHandler.java:updateContainerState(145)) - Container #1 is in OPEN state, but the datanode b7ff31bb-ae39-4067-a71c-fb5e6b3a0e64{ip: 192.168.69.88, host: dev-nightly-20191015-w4nf7-692592917, networkLocation: /default-rack, certSerialId: null} reports an CLOSED replica.
2019-10-15 15:55:59,974 [BlockDeletingService#2] WARN  background.BlockDeletingService (BlockDeletingService.java:isDeletionAllowed(187)) - Close Container log Index 6 is not replicated across allthe servers in the pipeline 1cf6151f-af98-4e08-a2d2-103d57857047 as the min replicated index is 4. Deletion is not allowed in this container yet.
2019-10-15 15:55:59,974 [BlockDeletingService#7] WARN  background.BlockDeletingService (BlockDeletingService.java:isDeletionAllowed(187)) - Close Container log Index 6 is not replicated across allthe servers in the pipeline 1cf6151f-af98-4e08-a2d2-103d57857047 as the min replicated index is 4. Deletion is not allowed in this container yet.
2019-10-15 15:56:00,125 [EventQueue-ContainerReportForContainerReportHandler] WARN  container.ContainerReportHandler (AbstractContainerReportHandler.java:updateContainerState(145)) - Container #1 is in OPEN state, but the datanode 502b81c0-94cc-42d9-ac22-46124b9f2555{ip: 192.168.69.88, host: dev-nightly-20191015-w4nf7-692592917, networkLocation: /default-rack, certSerialId: null} reports an CLOSED replica.
2019-10-15 15:56:00,127 [EventQueue-ContainerReportForContainerReportHandler] WARN  container.ContainerReportHandler (AbstractContainerReportHandler.java:updateContainerState(145)) - Container #1 is in OPEN state, but the datanode b7ff31bb-ae39-4067-a71c-fb5e6b3a0e64{ip: 192.168.69.88, host: dev-nightly-20191015-w4nf7-692592917, networkLocation: /default-rack, certSerialId: null} reports an CLOSED replica.
2019-10-15 15:56:00,426 [EventQueue-ContainerReportForContainerReportHandler] WARN  container.ContainerReportHandler (AbstractContainerReportHandler.java:updateContainerState(145)) - Container #1 is in OPEN state, but the datanode 502b81c0-94cc-42d9-ac22-46124b9f2555{ip: 192.168.69.88, host: dev-nightly-20191015-w4nf7-692592917, networkLocation: /default-rack, certSerialId: null} reports an CLOSED replica.
2019-10-15 15:56:00,428 [EventQueue-ContainerReportForContainerReportHandler] WARN  container.ContainerReportHandler (AbstractContainerReportHandler.java:updateContainerState(145)) - Container #1 is in OPEN state, but the datanode b7ff31bb-ae39-4067-a71c-fb5e6b3a0e64{ip: 192.168.69.88, host: dev-nightly-20191015-w4nf7-692592917, networkLocation: /default-rack, certSerialId: null} reports an CLOSED replica.
2019-10-15 15:56:00,725 [EventQueue-ContainerReportForContainerReportHandler] WARN  container.ContainerReportHandler (AbstractContainerReportHandler.java:updateContainerState(145)) - Container #1 is in OPEN state, but the datanode 502b81c0-94cc-42d9-ac22-46124b9f2555{ip: 192.168.69.88, host: dev-nightly-20191015-w4nf7-692592917, networkLocation: /default-rack, certSerialId: null} reports an CLOSED replica.
2019-10-15 15:56:00,728 [EventQueue-ContainerReportForContainerReportHandler] WARN  container.ContainerReportHandler (AbstractContainerReportHandler.java:updateContainerState(145)) - Container #1 is in OPEN state, but the datanode b7ff31bb-ae39-4067-a71c-fb5e6b3a0e64{ip: 192.168.69.88, host: dev-nightly-20191015-w4nf7-692592917, networkLocation: /default-rack, certSerialId: null} reports an CLOSED replica.
2019-10-15 15:56:00,926 [EventQueue-ContainerReportForContainerReportHandler] WARN  container.ContainerReportHandler (AbstractContainerReportHandler.java:updateContainerState(145)) - Container #1 is in OPEN state, but the datanode 502b81c0-94cc-42d9-ac22-46124b9f2555{ip: 192.168.69.88, host: dev-nightly-20191015-w4nf7-692592917, networkLocation: /default-rack, certSerialId: null} reports an CLOSED replica.
2019-10-15 15:56:00,976 [BlockDeletingService#2] WARN  background.BlockDeletingService (BlockDeletingService.java:isDeletionAllowed(187)) - Close Container log Index 6 is not replicated across allthe servers in the pipeline 1cf6151f-af98-4e08-a2d2-103d57857047 as the min replicated index is 4. Deletion is not allowed in this container yet.
2019-10-15 15:56:00,976 [BlockDeletingService#7] WARN  background.BlockDeletingService (BlockDeletingService.java:isDeletionAllowed(187)) - Close Container log Index 6 is not replicated across allthe servers in the pipeline 1cf6151f-af98-4e08-a2d2-103d57857047 as the min replicated index is 4. Deletion is not allowed in this container yet.
2019-10-15 15:56:01,028 [EventQueue-ContainerReportForContainerReportHandler] WARN  container.ContainerReportHandler (AbstractContainerReportHandler.java:updateContainerState(145)) - Container #1 is in OPEN state, but the datanode b7ff31bb-ae39-4067-a71c-fb5e6b3a0e64{ip: 192.168.69.88, host: dev-nightly-20191015-w4nf7-692592917, networkLocation: /default-rack, certSerialId: null} reports an CLOSED replica.
2019-10-15 15:56:01,225 [EventQueue-ContainerReportForContainerReportHandler] WARN  container.ContainerReportHandler (AbstractContainerReportHandler.java:updateContainerState(145)) - Container #1 is in OPEN state, but the datanode 502b81c0-94cc-42d9-ac22-46124b9f2555{ip: 192.168.69.88, host: dev-nightly-20191015-w4nf7-692592917, networkLocation: /default-rack, certSerialId: null} reports an CLOSED replica.
2019-10-15 15:56:01,329 [EventQueue-ContainerReportForContainerReportHandler] WARN  container.ContainerReportHandler (AbstractContainerReportHandler.java:updateContainerState(145)) - Container #1 is in OPEN state, but the datanode b7ff31bb-ae39-4067-a71c-fb5e6b3a0e64{ip: 192.168.69.88, host: dev-nightly-20191015-w4nf7-692592917, networkLocation: /default-rack, certSerialId: null} reports an CLOSED replica.
2019-10-15 15:56:01,426 [EventQueue-ContainerReportForContainerReportHandler] WARN  container.ContainerReportHandler (AbstractContainerReportHandler.java:updateContainerState(145)) - Container #1 is in OPEN state, but the datanode 502b81c0-94cc-42d9-ac22-46124b9f2555{ip: 192.168.69.88, host: dev-nightly-20191015-w4nf7-692592917, networkLocation: /default-rack, certSerialId: null} reports an CLOSED replica.
2019-10-15 15:56:01,459 [java.util.concurrent.ThreadPoolExecutor$Worker@6f70a200[State = -1, empty queue]] WARN  server.GrpcLogAppender (GrpcLogAppender.java:timeoutAppendRequest(209)) - 502b81c0-94cc-42d9-ac22-46124b9f2555@group-103D57857047->9efa5aa2-6c41-460f-b55e-e6135d265426-GrpcLogAppender: appendEntries Timeout, request=502b81c0-94cc-42d9-ac22-46124b9f2555->9efa5aa2-6c41-460f-b55e-e6135d265426#47-t2, previous=(t:2, i:10), leaderCommit=10, initializing? false, entries: <empty>
2019-10-15 15:56:01,629 [EventQueue-ContainerReportForContainerReportHandler] WARN  container.ContainerReportHandler (AbstractContainerReportHandler.java:updateContainerState(145)) - Container #1 is in OPEN state, but the datanode b7ff31bb-ae39-4067-a71c-fb5e6b3a0e64{ip: 192.168.69.88, host: dev-nightly-20191015-w4nf7-692592917, networkLocation: /default-rack, certSerialId: null} reports an CLOSED replica.
2019-10-15 15:56:01,725 [EventQueue-ContainerReportForContainerReportHandler] WARN  container.ContainerReportHandler (AbstractContainerReportHandler.java:updateContainerState(145)) - Container #1 is in OPEN state, but the datanode 502b81c0-94cc-42d9-ac22-46124b9f2555{ip: 192.168.69.88, host: dev-nightly-20191015-w4nf7-692592917, networkLocation: /default-rack, certSerialId: null} reports an CLOSED replica.
2019-10-15 15:56:01,829 [EventQueue-ContainerReportForContainerReportHandler] WARN  container.ContainerReportHandler (AbstractContainerReportHandler.java:updateContainerState(145)) - Container #1 is in OPEN state, but the datanode b7ff31bb-ae39-4067-a71c-fb5e6b3a0e64{ip: 192.168.69.88, host: dev-nightly-20191015-w4nf7-692592917, networkLocation: /default-rack, certSerialId: null} reports an CLOSED replica.
2019-10-15 15:56:01,977 [BlockDeletingService#7] WARN  background.BlockDeletingService (BlockDeletingService.java:isDeletionAllowed(187)) - Close Container log Index 6 is not replicated across allthe servers in the pipeline 1cf6151f-af98-4e08-a2d2-103d57857047 as the min replicated index is 4. Deletion is not allowed in this container yet.
2019-10-15 15:56:01,977 [BlockDeletingService#2] WARN  background.BlockDeletingService (BlockDeletingService.java:isDeletionAllowed(187)) - Close Container log Index 6 is not replicated across allthe servers in the pipeline 1cf6151f-af98-4e08-a2d2-103d57857047 as the min replicated index is 4. Deletion is not allowed in this container yet.
2019-10-15 15:56:02,025 [EventQueue-ContainerReportForContainerReportHandler] WARN  container.ContainerReportHandler (AbstractContainerReportHandler.java:updateContainerState(145)) - Container #1 is in OPEN state, but the datanode 502b81c0-94cc-42d9-ac22-46124b9f2555{ip: 192.168.69.88, host: dev-nightly-20191015-w4nf7-692592917, networkLocation: /default-rack, certSerialId: null} reports an CLOSED replica.
2019-10-15 15:56:02,129 [EventQueue-ContainerReportForContainerReportHandler] WARN  container.ContainerReportHandler (AbstractContainerReportHandler.java:updateContainerState(145)) - Container #1 is in OPEN state, but the datanode b7ff31bb-ae39-4067-a71c-fb5e6b3a0e64{ip: 192.168.69.88, host: dev-nightly-20191015-w4nf7-692592917, networkLocation: /default-rack, certSerialId: null} reports an CLOSED replica.
2019-10-15 15:56:02,225 [EventQueue-ContainerReportForContainerReportHandler] WARN  container.ContainerReportHandler (AbstractContainerReportHandler.java:updateContainerState(145)) - Container #1 is in OPEN state, but the datanode 502b81c0-94cc-42d9-ac22-46124b9f2555{ip: 192.168.69.88, host: dev-nightly-20191015-w4nf7-692592917, networkLocation: /default-rack, certSerialId: null} reports an CLOSED replica.
2019-10-15 15:56:02,526 [EventQueue-ContainerReportForContainerReportHandler] WARN  container.ContainerReportHandler (AbstractContainerReportHandler.java:updateContainerState(145)) - Container #1 is in OPEN state, but the datanode 502b81c0-94cc-42d9-ac22-46124b9f2555{ip: 192.168.69.88, host: dev-nightly-20191015-w4nf7-692592917, networkLocation: /default-rack, certSerialId: null} reports an CLOSED replica.
2019-10-15 15:56:02,529 [EventQueue-ContainerReportForContainerReportHandler] WARN  container.ContainerReportHandler (AbstractContainerReportHandler.java:updateContainerState(145)) - Container #1 is in OPEN state, but the datanode b7ff31bb-ae39-4067-a71c-fb5e6b3a0e64{ip: 192.168.69.88, host: dev-nightly-20191015-w4nf7-692592917, networkLocation: /default-rack, certSerialId: null} reports an CLOSED replica.
2019-10-15 15:56:02,725 [EventQueue-ContainerReportForContainerReportHandler] WARN  container.ContainerReportHandler (AbstractContainerReportHandler.java:updateContainerState(145)) - Container #1 is in OPEN state, but the datanode 502b81c0-94cc-42d9-ac22-46124b9f2555{ip: 192.168.69.88, host: dev-nightly-20191015-w4nf7-692592917, networkLocation: /default-rack, certSerialId: null} reports an CLOSED replica.
2019-10-15 15:56:02,830 [EventQueue-ContainerReportForContainerReportHandler] WARN  container.ContainerReportHandler (AbstractContainerReportHandler.java:updateContainerState(145)) - Container #1 is in OPEN state, but the datanode b7ff31bb-ae39-4067-a71c-fb5e6b3a0e64{ip: 192.168.69.88, host: dev-nightly-20191015-w4nf7-692592917, networkLocation: /default-rack, certSerialId: null} reports an CLOSED replica.
2019-10-15 15:56:02,979 [BlockDeletingService#7] WARN  background.BlockDeletingService (BlockDeletingService.java:isDeletionAllowed(187)) - Close Container log Index 6 is not replicated across allthe servers in the pipeline 1cf6151f-af98-4e08-a2d2-103d57857047 as the min replicated index is 4. Deletion is not allowed in this container yet.
2019-10-15 15:56:02,979 [BlockDeletingService#2] WARN  background.BlockDeletingService (BlockDeletingService.java:isDeletionAllowed(187)) - Close Container log Index 6 is not replicated across allthe servers in the pipeline 1cf6151f-af98-4e08-a2d2-103d57857047 as the min replicated index is 4. Deletion is not allowed in this container yet.
2019-10-15 15:56:03,125 [EventQueue-ContainerReportForContainerReportHandler] WARN  container.ContainerReportHandler (AbstractContainerReportHandler.java:updateContainerState(145)) - Container #1 is in OPEN state, but the datanode 502b81c0-94cc-42d9-ac22-46124b9f2555{ip: 192.168.69.88, host: dev-nightly-20191015-w4nf7-692592917, networkLocation: /default-rack, certSerialId: null} reports an CLOSED replica.
2019-10-15 15:56:03,130 [EventQueue-ContainerReportForContainerReportHandler] WARN  container.ContainerReportHandler (AbstractContainerReportHandler.java:updateContainerState(145)) - Container #1 is in OPEN state, but the datanode b7ff31bb-ae39-4067-a71c-fb5e6b3a0e64{ip: 192.168.69.88, host: dev-nightly-20191015-w4nf7-692592917, networkLocation: /default-rack, certSerialId: null} reports an CLOSED replica.
2019-10-15 15:56:03,331 [EventQueue-ContainerReportForContainerReportHandler] WARN  container.ContainerReportHandler (AbstractContainerReportHandler.java:updateContainerState(145)) - Container #1 is in OPEN state, but the datanode b7ff31bb-ae39-4067-a71c-fb5e6b3a0e64{ip: 192.168.69.88, host: dev-nightly-20191015-w4nf7-692592917, networkLocation: /default-rack, certSerialId: null} reports an CLOSED replica.
2019-10-15 15:56:03,425 [EventQueue-ContainerReportForContainerReportHandler] WARN  container.ContainerReportHandler (AbstractContainerReportHandler.java:updateContainerState(145)) - Container #1 is in OPEN state, but the datanode 502b81c0-94cc-42d9-ac22-46124b9f2555{ip: 192.168.69.88, host: dev-nightly-20191015-w4nf7-692592917, networkLocation: /default-rack, certSerialId: null} reports an CLOSED replica.
2019-10-15 15:56:03,531 [EventQueue-ContainerReportForContainerReportHandler] WARN  container.ContainerReportHandler (AbstractContainerReportHandler.java:updateContainerState(145)) - Container #1 is in OPEN state, but the datanode b7ff31bb-ae39-4067-a71c-fb5e6b3a0e64{ip: 192.168.69.88, host: dev-nightly-20191015-w4nf7-692592917, networkLocation: /default-rack, certSerialId: null} reports an CLOSED replica.
2019-10-15 15:56:03,725 [EventQueue-ContainerReportForContainerReportHandler] WARN  container.ContainerReportHandler (AbstractContainerReportHandler.java:updateContainerState(145)) - Container #1 is in OPEN state, but the datanode 502b81c0-94cc-42d9-ac22-46124b9f2555{ip: 192.168.69.88, host: dev-nightly-20191015-w4nf7-692592917, networkLocation: /default-rack, certSerialId: null} reports an CLOSED replica.
2019-10-15 15:56:03,831 [EventQueue-ContainerReportForContainerReportHandler] WARN  container.ContainerReportHandler (AbstractContainerReportHandler.java:updateContainerState(145)) - Container #1 is in OPEN state, but the datanode b7ff31bb-ae39-4067-a71c-fb5e6b3a0e64{ip: 192.168.69.88, host: dev-nightly-20191015-w4nf7-692592917, networkLocation: /default-rack, certSerialId: null} reports an CLOSED replica.
2019-10-15 15:56:03,962 [java.util.concurrent.ThreadPoolExecutor$Worker@6f70a200[State = -1, empty queue]] WARN  server.GrpcLogAppender (GrpcLogAppender.java:timeoutAppendRequest(209)) - 502b81c0-94cc-42d9-ac22-46124b9f2555@group-103D57857047->9efa5aa2-6c41-460f-b55e-e6135d265426-GrpcLogAppender: appendEntries Timeout, request=502b81c0-94cc-42d9-ac22-46124b9f2555->9efa5aa2-6c41-460f-b55e-e6135d265426#48-t2, previous=(t:2, i:10), leaderCommit=10, initializing? false, entries: <empty>
2019-10-15 15:56:03,980 [BlockDeletingService#7] WARN  background.BlockDeletingService (BlockDeletingService.java:isDeletionAllowed(187)) - Close Container log Index 6 is not replicated across allthe servers in the pipeline 1cf6151f-af98-4e08-a2d2-103d57857047 as the min replicated index is 4. Deletion is not allowed in this container yet.
2019-10-15 15:56:03,980 [BlockDeletingService#2] WARN  background.BlockDeletingService (BlockDeletingService.java:isDeletionAllowed(187)) - Close Container log Index 6 is not replicated across allthe servers in the pipeline 1cf6151f-af98-4e08-a2d2-103d57857047 as the min replicated index is 4. Deletion is not allowed in this container yet.
2019-10-15 15:56:04,025 [EventQueue-ContainerReportForContainerReportHandler] WARN  container.ContainerReportHandler (AbstractContainerReportHandler.java:updateContainerState(145)) - Container #1 is in OPEN state, but the datanode 502b81c0-94cc-42d9-ac22-46124b9f2555{ip: 192.168.69.88, host: dev-nightly-20191015-w4nf7-692592917, networkLocation: /default-rack, certSerialId: null} reports an CLOSED replica.
2019-10-15 15:56:04,231 [EventQueue-ContainerReportForContainerReportHandler] WARN  container.ContainerReportHandler (AbstractContainerReportHandler.java:updateContainerState(145)) - Container #1 is in OPEN state, but the datanode b7ff31bb-ae39-4067-a71c-fb5e6b3a0e64{ip: 192.168.69.88, host: dev-nightly-20191015-w4nf7-692592917, networkLocation: /default-rack, certSerialId: null} reports an CLOSED replica.
2019-10-15 15:56:04,426 [EventQueue-ContainerReportForContainerReportHandler] WARN  container.ContainerReportHandler (AbstractContainerReportHandler.java:updateContainerState(145)) - Container #1 is in OPEN state, but the datanode 502b81c0-94cc-42d9-ac22-46124b9f2555{ip: 192.168.69.88, host: dev-nightly-20191015-w4nf7-692592917, networkLocation: /default-rack, certSerialId: null} reports an CLOSED replica.
2019-10-15 15:56:04,632 [EventQueue-ContainerReportForContainerReportHandler] WARN  container.ContainerReportHandler (AbstractContainerReportHandler.java:updateContainerState(145)) - Container #1 is in OPEN state, but the datanode b7ff31bb-ae39-4067-a71c-fb5e6b3a0e64{ip: 192.168.69.88, host: dev-nightly-20191015-w4nf7-692592917, networkLocation: /default-rack, certSerialId: null} reports an CLOSED replica.
2019-10-15 15:56:04,726 [EventQueue-ContainerReportForContainerReportHandler] WARN  container.ContainerReportHandler (AbstractContainerReportHandler.java:updateContainerState(145)) - Container #1 is in OPEN state, but the datanode 502b81c0-94cc-42d9-ac22-46124b9f2555{ip: 192.168.69.88, host: dev-nightly-20191015-w4nf7-692592917, networkLocation: /default-rack, certSerialId: null} reports an CLOSED replica.
2019-10-15 15:56:04,927 [EventQueue-ContainerReportForContainerReportHandler] WARN  container.ContainerReportHandler (AbstractContainerReportHandler.java:updateContainerState(145)) - Container #1 is in OPEN state, but the datanode 502b81c0-94cc-42d9-ac22-46124b9f2555{ip: 192.168.69.88, host: dev-nightly-20191015-w4nf7-692592917, networkLocation: /default-rack, certSerialId: null} reports an CLOSED replica.
2019-10-15 15:56:04,982 [BlockDeletingService#7] WARN  background.BlockDeletingService (BlockDeletingService.java:isDeletionAllowed(187)) - Close Container log Index 6 is not replicated across allthe servers in the pipeline 1cf6151f-af98-4e08-a2d2-103d57857047 as the min replicated index is 4. Deletion is not allowed in this container yet.
2019-10-15 15:56:04,982 [BlockDeletingService#2] WARN  background.BlockDeletingService (BlockDeletingService.java:isDeletionAllowed(187)) - Close Container log Index 6 is not replicated across allthe servers in the pipeline 1cf6151f-af98-4e08-a2d2-103d57857047 as the min replicated index is 4. Deletion is not allowed in this container yet.
2019-10-15 15:56:05,033 [EventQueue-ContainerReportForContainerReportHandler] WARN  container.ContainerReportHandler (AbstractContainerReportHandler.java:updateContainerState(145)) - Container #1 is in OPEN state, but the datanode b7ff31bb-ae39-4067-a71c-fb5e6b3a0e64{ip: 192.168.69.88, host: dev-nightly-20191015-w4nf7-692592917, networkLocation: /default-rack, certSerialId: null} reports an CLOSED replica.
2019-10-15 15:56:05,227 [EventQueue-ContainerReportForContainerReportHandler] WARN  container.ContainerReportHandler (AbstractContainerReportHandler.java:updateContainerState(145)) - Container #1 is in OPEN state, but the datanode 502b81c0-94cc-42d9-ac22-46124b9f2555{ip: 192.168.69.88, host: dev-nightly-20191015-w4nf7-692592917, networkLocation: /default-rack, certSerialId: null} reports an CLOSED replica.
2019-10-15 15:56:05,333 [EventQueue-ContainerReportForContainerReportHandler] WARN  container.ContainerReportHandler (AbstractContainerReportHandler.java:updateContainerState(145)) - Container #1 is in OPEN state, but the datanode b7ff31bb-ae39-4067-a71c-fb5e6b3a0e64{ip: 192.168.69.88, host: dev-nightly-20191015-w4nf7-692592917, networkLocation: /default-rack, certSerialId: null} reports an CLOSED replica.
2019-10-15 15:56:05,527 [EventQueue-ContainerReportForContainerReportHandler] WARN  container.ContainerReportHandler (AbstractContainerReportHandler.java:updateContainerState(145)) - Container #1 is in OPEN state, but the datanode 502b81c0-94cc-42d9-ac22-46124b9f2555{ip: 192.168.69.88, host: dev-nightly-20191015-w4nf7-692592917, networkLocation: /default-rack, certSerialId: null} reports an CLOSED replica.
2019-10-15 15:56:05,533 [EventQueue-ContainerReportForContainerReportHandler] WARN  container.ContainerReportHandler (AbstractContainerReportHandler.java:updateContainerState(145)) - Container #1 is in OPEN state, but the datanode b7ff31bb-ae39-4067-a71c-fb5e6b3a0e64{ip: 192.168.69.88, host: dev-nightly-20191015-w4nf7-692592917, networkLocation: /default-rack, certSerialId: null} reports an CLOSED replica.
2019-10-15 15:56:05,634 [Thread-506] INFO  client.GrpcClientProtocolService (GrpcClientProtocolService.java:lambda$processClientRequest$0(278)) - Failed RaftClientRequest:client-9849FE5BA529->b7ff31bb-ae39-4067-a71c-fb5e6b3a0e64@group-103D57857047, cid=10, seq=0, Watch-ALL_COMMITTED(6), Message:<EMPTY>, reply=RaftClientReply:client-9849FE5BA529->b7ff31bb-ae39-4067-a71c-fb5e6b3a0e64@group-103D57857047, cid=10, FAILED org.apache.ratis.protocol.NotLeaderException: Server b7ff31bb-ae39-4067-a71c-fb5e6b3a0e64@group-103D57857047 is not the leader 502b81c0-94cc-42d9-ac22-46124b9f2555:192.168.69.88:45179, logIndex=0, commits[b7ff31bb-ae39-4067-a71c-fb5e6b3a0e64:c10, 502b81c0-94cc-42d9-ac22-46124b9f2555:c10, 9efa5aa2-6c41-460f-b55e-e6135d265426:c4]
2019-10-15 15:56:05,769 [EventQueue-ContainerReportForContainerReportHandler] WARN  container.ContainerReportHandler (AbstractContainerReportHandler.java:updateContainerState(145)) - Container #1 is in OPEN state, but the datanode 502b81c0-94cc-42d9-ac22-46124b9f2555{ip: 192.168.69.88, host: dev-nightly-20191015-w4nf7-692592917, networkLocation: /default-rack, certSerialId: null} reports an CLOSED replica.
2019-10-15 15:56:05,933 [EventQueue-ContainerReportForContainerReportHandler] WARN  container.ContainerReportHandler (AbstractContainerReportHandler.java:updateContainerState(145)) - Container #1 is in OPEN state, but the datanode b7ff31bb-ae39-4067-a71c-fb5e6b3a0e64{ip: 192.168.69.88, host: dev-nightly-20191015-w4nf7-692592917, networkLocation: /default-rack, certSerialId: null} reports an CLOSED replica.
2019-10-15 15:56:05,983 [BlockDeletingService#2] WARN  background.BlockDeletingService (BlockDeletingService.java:isDeletionAllowed(187)) - Close Container log Index 6 is not replicated across allthe servers in the pipeline 1cf6151f-af98-4e08-a2d2-103d57857047 as the min replicated index is 4. Deletion is not allowed in this container yet.
2019-10-15 15:56:05,985 [BlockDeletingService#7] WARN  background.BlockDeletingService (BlockDeletingService.java:isDeletionAllowed(187)) - Close Container log Index 6 is not replicated across allthe servers in the pipeline 1cf6151f-af98-4e08-a2d2-103d57857047 as the min replicated index is 4. Deletion is not allowed in this container yet.
2019-10-15 15:56:06,028 [EventQueue-ContainerReportForContainerReportHandler] WARN  container.ContainerReportHandler (AbstractContainerReportHandler.java:updateContainerState(145)) - Container #1 is in OPEN state, but the datanode 502b81c0-94cc-42d9-ac22-46124b9f2555{ip: 192.168.69.88, host: dev-nightly-20191015-w4nf7-692592917, networkLocation: /default-rack, certSerialId: null} reports an CLOSED replica.
2019-10-15 15:56:06,233 [EventQueue-ContainerReportForContainerReportHandler] WARN  container.ContainerReportHandler (AbstractContainerReportHandler.java:updateContainerState(145)) - Container #1 is in OPEN state, but the datanode b7ff31bb-ae39-4067-a71c-fb5e6b3a0e64{ip: 192.168.69.88, host: dev-nightly-20191015-w4nf7-692592917, networkLocation: /default-rack, certSerialId: null} reports an CLOSED replica.
2019-10-15 15:56:06,329 [EventQueue-ContainerReportForContainerReportHandler] WARN  container.ContainerReportHandler (AbstractContainerReportHandler.java:updateContainerState(145)) - Container #1 is in OPEN state, but the datanode 502b81c0-94cc-42d9-ac22-46124b9f2555{ip: 192.168.69.88, host: dev-nightly-20191015-w4nf7-692592917, networkLocation: /default-rack, certSerialId: null} reports an CLOSED replica.
2019-10-15 15:56:06,462 [java.util.concurrent.ThreadPoolExecutor$Worker@6f70a200[State = -1, empty queue]] WARN  server.GrpcLogAppender (GrpcLogAppender.java:timeoutAppendRequest(209)) - 502b81c0-94cc-42d9-ac22-46124b9f2555@group-103D57857047->9efa5aa2-6c41-460f-b55e-e6135d265426-GrpcLogAppender: appendEntries Timeout, request=502b81c0-94cc-42d9-ac22-46124b9f2555->9efa5aa2-6c41-460f-b55e-e6135d265426#49-t2, previous=(t:2, i:10), leaderCommit=10, initializing? false, entries: <empty>
2019-10-15 15:56:06,533 [EventQueue-ContainerReportForContainerReportHandler] WARN  container.ContainerReportHandler (AbstractContainerReportHandler.java:updateContainerState(145)) - Container #1 is in OPEN state, but the datanode b7ff31bb-ae39-4067-a71c-fb5e6b3a0e64{ip: 192.168.69.88, host: dev-nightly-20191015-w4nf7-692592917, networkLocation: /default-rack, certSerialId: null} reports an CLOSED replica.
2019-10-15 15:56:06,630 [EventQueue-ContainerReportForContainerReportHandler] WARN  container.ContainerReportHandler (AbstractContainerReportHandler.java:updateContainerState(145)) - Container #1 is in OPEN state, but the datanode 502b81c0-94cc-42d9-ac22-46124b9f2555{ip: 192.168.69.88, host: dev-nightly-20191015-w4nf7-692592917, networkLocation: /default-rack, certSerialId: null} reports an CLOSED replica.
2019-10-15 15:56:06,829 [EventQueue-ContainerReportForContainerReportHandler] WARN  container.ContainerReportHandler (AbstractContainerReportHandler.java:updateContainerState(145)) - Container #1 is in OPEN state, but the datanode 502b81c0-94cc-42d9-ac22-46124b9f2555{ip: 192.168.69.88, host: dev-nightly-20191015-w4nf7-692592917, networkLocation: /default-rack, certSerialId: null} reports an CLOSED replica.
2019-10-15 15:56:06,834 [EventQueue-ContainerReportForContainerReportHandler] WARN  container.ContainerReportHandler (AbstractContainerReportHandler.java:updateContainerState(145)) - Container #1 is in OPEN state, but the datanode b7ff31bb-ae39-4067-a71c-fb5e6b3a0e64{ip: 192.168.69.88, host: dev-nightly-20191015-w4nf7-692592917, networkLocation: /default-rack, certSerialId: null} reports an CLOSED replica.
2019-10-15 15:56:06,884 [Thread-512] INFO  client.GrpcClientProtocolService (GrpcClientProtocolService.java:lambda$processClientRequest$0(278)) - Failed RaftClientRequest:client-9849FE5BA529->502b81c0-94cc-42d9-ac22-46124b9f2555@group-103D57857047, cid=10, seq=0, Watch-ALL_COMMITTED(6), Message:<EMPTY>, reply=RaftClientReply:client-9849FE5BA529->502b81c0-94cc-42d9-ac22-46124b9f2555@group-103D57857047, cid=10, FAILED org.apache.ratis.protocol.NotReplicatedException: Request with call Id 10 and log index 6 is not yet replicated to ALL_COMMITTED, logIndex=6, commits[502b81c0-94cc-42d9-ac22-46124b9f2555:c10, 9efa5aa2-6c41-460f-b55e-e6135d265426:c4, b7ff31bb-ae39-4067-a71c-fb5e6b3a0e64:c10]
2019-10-15 15:56:06,986 [BlockDeletingService#2] WARN  background.BlockDeletingService (BlockDeletingService.java:isDeletionAllowed(187)) - Close Container log Index 6 is not replicated across allthe servers in the pipeline 1cf6151f-af98-4e08-a2d2-103d57857047 as the min replicated index is 4. Deletion is not allowed in this container yet.
2019-10-15 15:56:06,986 [BlockDeletingService#7] WARN  background.BlockDeletingService (BlockDeletingService.java:isDeletionAllowed(187)) - Close Container log Index 6 is not replicated across allthe servers in the pipeline 1cf6151f-af98-4e08-a2d2-103d57857047 as the min replicated index is 4. Deletion is not allowed in this container yet.
2019-10-15 15:56:07,135 [EventQueue-ContainerReportForContainerReportHandler] WARN  container.ContainerReportHandler (AbstractContainerReportHandler.java:updateContainerState(145)) - Container #1 is in OPEN state, but the datanode b7ff31bb-ae39-4067-a71c-fb5e6b3a0e64{ip: 192.168.69.88, host: dev-nightly-20191015-w4nf7-692592917, networkLocation: /default-rack, certSerialId: null} reports an CLOSED replica.
2019-10-15 15:56:07,230 [EventQueue-ContainerReportForContainerReportHandler] WARN  container.ContainerReportHandler (AbstractContainerReportHandler.java:updateContainerState(145)) - Container #1 is in OPEN state, but the datanode 502b81c0-94cc-42d9-ac22-46124b9f2555{ip: 192.168.69.88, host: dev-nightly-20191015-w4nf7-692592917, networkLocation: /default-rack, certSerialId: null} reports an CLOSED replica.
2019-10-15 15:56:07,429 [EventQueue-ContainerReportForContainerReportHandler] WARN  container.ContainerReportHandler (AbstractContainerReportHandler.java:updateContainerState(145)) - Container #1 is in OPEN state, but the datanode 502b81c0-94cc-42d9-ac22-46124b9f2555{ip: 192.168.69.88, host: dev-nightly-20191015-w4nf7-692592917, networkLocation: /default-rack, certSerialId: null} reports an CLOSED replica.
2019-10-15 15:56:07,436 [EventQueue-ContainerReportForContainerReportHandler] WARN  container.ContainerReportHandler (AbstractContainerReportHandler.java:updateContainerState(145)) - Container #1 is in OPEN state, but the datanode b7ff31bb-ae39-4067-a71c-fb5e6b3a0e64{ip: 192.168.69.88, host: dev-nightly-20191015-w4nf7-692592917, networkLocation: /default-rack, certSerialId: null} reports an CLOSED replica.
2019-10-15 15:56:07,630 [EventQueue-ContainerReportForContainerReportHandler] WARN  container.ContainerReportHandler (AbstractContainerReportHandler.java:updateContainerState(145)) - Container #1 is in OPEN state, but the datanode 502b81c0-94cc-42d9-ac22-46124b9f2555{ip: 192.168.69.88, host: dev-nightly-20191015-w4nf7-692592917, networkLocation: /default-rack, certSerialId: null} reports an CLOSED replica.
2019-10-15 15:56:07,737 [EventQueue-ContainerReportForContainerReportHandler] WARN  container.ContainerReportHandler (AbstractContainerReportHandler.java:updateContainerState(145)) - Container #1 is in OPEN state, but the datanode b7ff31bb-ae39-4067-a71c-fb5e6b3a0e64{ip: 192.168.69.88, host: dev-nightly-20191015-w4nf7-692592917, networkLocation: /default-rack, certSerialId: null} reports an CLOSED replica.
2019-10-15 15:56:07,829 [EventQueue-ContainerReportForContainerReportHandler] WARN  container.ContainerReportHandler (AbstractContainerReportHandler.java:updateContainerState(145)) - Container #1 is in OPEN state, but the datanode 502b81c0-94cc-42d9-ac22-46124b9f2555{ip: 192.168.69.88, host: dev-nightly-20191015-w4nf7-692592917, networkLocation: /default-rack, certSerialId: null} reports an CLOSED replica.
2019-10-15 15:56:07,938 [EventQueue-ContainerReportForContainerReportHandler] WARN  container.ContainerReportHandler (AbstractContainerReportHandler.java:updateContainerState(145)) - Container #1 is in OPEN state, but the datanode b7ff31bb-ae39-4067-a71c-fb5e6b3a0e64{ip: 192.168.69.88, host: dev-nightly-20191015-w4nf7-692592917, networkLocation: /default-rack, certSerialId: null} reports an CLOSED replica.
2019-10-15 15:56:07,987 [BlockDeletingService#2] WARN  background.BlockDeletingService (BlockDeletingService.java:isDeletionAllowed(187)) - Close Container log Index 6 is not replicated across allthe servers in the pipeline 1cf6151f-af98-4e08-a2d2-103d57857047 as the min replicated index is 4. Deletion is not allowed in this container yet.
2019-10-15 15:56:07,989 [BlockDeletingService#7] WARN  background.BlockDeletingService (BlockDeletingService.java:isDeletionAllowed(187)) - Close Container log Index 6 is not replicated across allthe servers in the pipeline 1cf6151f-af98-4e08-a2d2-103d57857047 as the min replicated index is 4. Deletion is not allowed in this container yet.
2019-10-15 15:56:08,129 [EventQueue-ContainerReportForContainerReportHandler] WARN  container.ContainerReportHandler (AbstractContainerReportHandler.java:updateContainerState(145)) - Container #1 is in OPEN state, but the datanode 502b81c0-94cc-42d9-ac22-46124b9f2555{ip: 192.168.69.88, host: dev-nightly-20191015-w4nf7-692592917, networkLocation: /default-rack, certSerialId: null} reports an CLOSED replica.
2019-10-15 15:56:08,136 [EventQueue-StaleNodeForStaleNodeHandler] INFO  node.StaleNodeHandler (StaleNodeHandler.java:onMessage(58)) - Datanode 9efa5aa2-6c41-460f-b55e-e6135d265426{ip: 192.168.69.88, host: dev-nightly-20191015-w4nf7-692592917, networkLocation: /default-rack, certSerialId: null} moved to stale state. Finalizing its pipelines [PipelineID=50344d3e-3028-4ac8-bfc2-14ccc76d478a, PipelineID=1cf6151f-af98-4e08-a2d2-103d57857047]
2019-10-15 15:56:08,137 [EventQueue-StaleNodeForStaleNodeHandler] INFO  pipeline.SCMPipelineManager (SCMPipelineManager.java:finalizeAndDestroyPipeline(315)) - destroying pipeline:Pipeline[ Id: 50344d3e-3028-4ac8-bfc2-14ccc76d478a, Nodes: 9efa5aa2-6c41-460f-b55e-e6135d265426{ip: 192.168.69.88, host: dev-nightly-20191015-w4nf7-692592917, networkLocation: /default-rack, certSerialId: null}, Type:RATIS, Factor:ONE, State:OPEN]
2019-10-15 15:56:08,139 [EventQueue-StaleNodeForStaleNodeHandler] INFO  pipeline.PipelineStateManager (PipelineStateManager.java:finalizePipeline(123)) - Pipeline Pipeline[ Id: 50344d3e-3028-4ac8-bfc2-14ccc76d478a, Nodes: 9efa5aa2-6c41-460f-b55e-e6135d265426{ip: 192.168.69.88, host: dev-nightly-20191015-w4nf7-692592917, networkLocation: /default-rack, certSerialId: null}, Type:RATIS, Factor:ONE, State:CLOSED] moved to CLOSED state
2019-10-15 15:56:08,140 [EventQueue-StaleNodeForStaleNodeHandler] INFO  pipeline.SCMPipelineManager (SCMPipelineManager.java:finalizeAndDestroyPipeline(315)) - destroying pipeline:Pipeline[ Id: 1cf6151f-af98-4e08-a2d2-103d57857047, Nodes: 502b81c0-94cc-42d9-ac22-46124b9f2555{ip: 192.168.69.88, host: dev-nightly-20191015-w4nf7-692592917, networkLocation: /default-rack, certSerialId: null}b7ff31bb-ae39-4067-a71c-fb5e6b3a0e64{ip: 192.168.69.88, host: dev-nightly-20191015-w4nf7-692592917, networkLocation: /default-rack, certSerialId: null}9efa5aa2-6c41-460f-b55e-e6135d265426{ip: 192.168.69.88, host: dev-nightly-20191015-w4nf7-692592917, networkLocation: /default-rack, certSerialId: null}, Type:RATIS, Factor:THREE, State:OPEN]
2019-10-15 15:56:08,140 [EventQueue-StaleNodeForStaleNodeHandler] INFO  pipeline.PipelineStateManager (PipelineStateManager.java:finalizePipeline(123)) - Pipeline Pipeline[ Id: 1cf6151f-af98-4e08-a2d2-103d57857047, Nodes: 502b81c0-94cc-42d9-ac22-46124b9f2555{ip: 192.168.69.88, host: dev-nightly-20191015-w4nf7-692592917, networkLocation: /default-rack, certSerialId: null}b7ff31bb-ae39-4067-a71c-fb5e6b3a0e64{ip: 192.168.69.88, host: dev-nightly-20191015-w4nf7-692592917, networkLocation: /default-rack, certSerialId: null}9efa5aa2-6c41-460f-b55e-e6135d265426{ip: 192.168.69.88, host: dev-nightly-20191015-w4nf7-692592917, networkLocation: /default-rack, certSerialId: null}, Type:RATIS, Factor:THREE, State:CLOSED] moved to CLOSED state
2019-10-15 15:56:08,141 [EventQueue-CloseContainerForCloseContainerEventHandler] INFO  container.CloseContainerEventHandler (CloseContainerEventHandler.java:onMessage(61)) - Close container Event triggered for container : #1
2019-10-15 15:56:08,337 [EventQueue-ContainerReportForContainerReportHandler] INFO  container.ContainerReportHandler (AbstractContainerReportHandler.java:updateContainerState(178)) - Moving container #1 to CLOSED state, datanode b7ff31bb-ae39-4067-a71c-fb5e6b3a0e64{ip: 192.168.69.88, host: dev-nightly-20191015-w4nf7-692592917, networkLocation: /default-rack, certSerialId: null} reported CLOSED replica.
2019-10-15 15:56:08,609 [SCMBlockDeletingService#0] INFO  block.SCMBlockDeletingService (SCMBlockDeletingService.java:call(184)) - Totally added 3 delete blocks command for 3 datanodes, task elapsed time: 6ms
2019-10-15 15:56:08,640 [EventQueue-PendingDeleteStatusForPendingDeleteHandler] INFO  block.SCMBlockDeletingService (SCMBlockDeletingService.java:handlePendingDeletes(115)) - Block deletion txnID mismatch in datanode b7ff31bb-ae39-4067-a71c-fb5e6b3a0e64 for containerID 1. Datanode delete txnID: 0, SCM txnID: 1
2019-10-15 15:56:08,830 [EventQueue-PendingDeleteStatusForPendingDeleteHandler] INFO  block.SCMBlockDeletingService (SCMBlockDeletingService.java:handlePendingDeletes(115)) - Block deletion txnID mismatch in datanode 502b81c0-94cc-42d9-ac22-46124b9f2555 for containerID 1. Datanode delete txnID: 0, SCM txnID: 1
2019-10-15 15:56:08,938 [EventQueue-PendingDeleteStatusForPendingDeleteHandler] INFO  block.SCMBlockDeletingService (SCMBlockDeletingService.java:handlePendingDeletes(115)) - Block deletion txnID mismatch in datanode b7ff31bb-ae39-4067-a71c-fb5e6b3a0e64 for containerID 1. Datanode delete txnID: 0, SCM txnID: 1
2019-10-15 15:56:08,963 [java.util.concurrent.ThreadPoolExecutor$Worker@6f70a200[State = -1, empty queue]] WARN  server.GrpcLogAppender (GrpcLogAppender.java:timeoutAppendRequest(209)) - 502b81c0-94cc-42d9-ac22-46124b9f2555@group-103D57857047->9efa5aa2-6c41-460f-b55e-e6135d265426-GrpcLogAppender: appendEntries Timeout, request=502b81c0-94cc-42d9-ac22-46124b9f2555->9efa5aa2-6c41-460f-b55e-e6135d265426#50-t2, previous=(t:2, i:10), leaderCommit=10, initializing? false, entries: <empty>
2019-10-15 15:56:08,988 [BlockDeletingService#2] WARN  background.BlockDeletingService (BlockDeletingService.java:isDeletionAllowed(187)) - Close Container log Index 6 is not replicated across allthe servers in the pipeline 1cf6151f-af98-4e08-a2d2-103d57857047 as the min replicated index is 4. Deletion is not allowed in this container yet.
2019-10-15 15:56:08,990 [BlockDeletingService#7] WARN  background.BlockDeletingService (BlockDeletingService.java:isDeletionAllowed(187)) - Close Container log Index 6 is not replicated across allthe servers in the pipeline 1cf6151f-af98-4e08-a2d2-103d57857047 as the min replicated index is 4. Deletion is not allowed in this container yet.
2019-10-15 15:56:09,029 [EventQueue-PendingDeleteStatusForPendingDeleteHandler] INFO  block.SCMBlockDeletingService (SCMBlockDeletingService.java:handlePendingDeletes(115)) - Block deletion txnID mismatch in datanode 502b81c0-94cc-42d9-ac22-46124b9f2555 for containerID 1. Datanode delete txnID: 0, SCM txnID: 1
2019-10-15 15:56:09,138 [EventQueue-PendingDeleteStatusForPendingDeleteHandler] INFO  block.SCMBlockDeletingService (SCMBlockDeletingService.java:handlePendingDeletes(115)) - Block deletion txnID mismatch in datanode b7ff31bb-ae39-4067-a71c-fb5e6b3a0e64 for containerID 1. Datanode delete txnID: 0, SCM txnID: 1
2019-10-15 15:56:09,231 [Command processor thread] INFO  commandhandler.DeleteBlocksCommandHandler (DeleteBlocksCommandHandler.java:handle(106)) - Start to delete container blocks, TXIDs=[1(0)], numOfContainers=1, numOfBlocks=1
2019-10-15 15:56:09,330 [EventQueue-PendingDeleteStatusForPendingDeleteHandler] INFO  block.SCMBlockDeletingService (SCMBlockDeletingService.java:handlePendingDeletes(115)) - Block deletion txnID mismatch in datanode 502b81c0-94cc-42d9-ac22-46124b9f2555 for containerID 1. Datanode delete txnID: 0, SCM txnID: 1
2019-10-15 15:56:09,338 [EventQueue-PendingDeleteStatusForPendingDeleteHandler] INFO  block.SCMBlockDeletingService (SCMBlockDeletingService.java:handlePendingDeletes(115)) - Block deletion txnID mismatch in datanode b7ff31bb-ae39-4067-a71c-fb5e6b3a0e64 for containerID 1. Datanode delete txnID: 0, SCM txnID: 1
2019-10-15 15:56:09,494 [main] INFO  impl.MetricsSystemImpl (MetricsSystemImpl.java:init(158)) - HddsDatanode metrics system started (again)
2019-10-15 15:56:09,532 [main] INFO  ozone.HddsDatanodeService (HddsDatanodeService.java:start(184)) - HddsDatanodeService host:dev-nightly-20191015-w4nf7-692592917 ip:192.168.69.88
2019-10-15 15:56:09,536 [main] INFO  volume.VolumeUsage (VolumeUsage.java:loadScmUsed(144)) - Cached ScmUsed found for /workdir/hadoop-ozone/integration-test/target/test-dir/MiniOzoneClusterImpl-2530a391-4f7b-47ef-8901-f981e4040dda/datanode-1/data/containers : 4096 
2019-10-15 15:56:09,536 [main] INFO  volume.HddsVolume (HddsVolume.java:<init>(176)) - Creating Volume: /workdir/hadoop-ozone/integration-test/target/test-dir/MiniOzoneClusterImpl-2530a391-4f7b-47ef-8901-f981e4040dda/datanode-1/data/containers/hdds of  storage type : DISK and capacity : 1482555576320
2019-10-15 15:56:09,537 [main] INFO  volume.VolumeSet (VolumeSet.java:initializeVolumeSet(170)) - Added Volume : /workdir/hadoop-ozone/integration-test/target/test-dir/MiniOzoneClusterImpl-2530a391-4f7b-47ef-8901-f981e4040dda/datanode-1/data/containers/hdds to VolumeSet
2019-10-15 15:56:09,537 [main] INFO  volume.ThrottledAsyncChecker (ThrottledAsyncChecker.java:schedule(141)) - Scheduling a check for /workdir/hadoop-ozone/integration-test/target/test-dir/MiniOzoneClusterImpl-2530a391-4f7b-47ef-8901-f981e4040dda/datanode-1/data/containers/hdds
2019-10-15 15:56:09,538 [main] INFO  volume.HddsVolumeChecker (HddsVolumeChecker.java:checkAllVolumes(204)) - Scheduled health check for volume /workdir/hadoop-ozone/integration-test/target/test-dir/MiniOzoneClusterImpl-2530a391-4f7b-47ef-8901-f981e4040dda/datanode-1/data/containers/hdds
2019-10-15 15:56:09,574 [main] INFO  impl.RaftServerProxy (ConfUtils.java:logGet(43)) - raft.rpc.type = GRPC (default)
2019-10-15 15:56:09,574 [main] INFO  grpc.GrpcFactory (GrpcFactory.java:checkPooledByteBufAllocatorUseCacheForAllThreads(45)) - PERFORMANCE WARNING: useCacheForAllThreads is true that may cause Netty to create a lot garbage objects and, as a result, trigger GC.
	It is recommended to disable useCacheForAllThreads by setting -Dorg.apache.ratis.thirdparty.io.netty.allocator.useCacheForAllThreads=false in command line.
2019-10-15 15:56:09,574 [main] INFO  grpc.GrpcConfigKeys$Server (ConfUtils.java:logGet(43)) - raft.grpc.server.port = 35771 (custom)
2019-10-15 15:56:09,574 [main] INFO  server.GrpcService (ConfUtils.java:logGet(43)) - raft.grpc.message.size.max = 33570816 (custom)
2019-10-15 15:56:09,575 [main] INFO  server.RaftServerConfigKeys (ConfUtils.java:logGet(43)) - raft.server.log.appender.buffer.byte-limit = 33554432 (custom)
2019-10-15 15:56:09,575 [main] INFO  server.GrpcService (ConfUtils.java:logGet(43)) - raft.grpc.flow.control.window = 1MB (=1048576) (default)
2019-10-15 15:56:09,575 [main] INFO  server.RaftServerConfigKeys (ConfUtils.java:logGet(43)) - raft.server.rpc.request.timeout = 3000ms (default)
2019-10-15 15:56:09,576 [main] INFO  server.RaftServerConfigKeys (ConfUtils.java:logGet(43)) - raft.server.storage.dir = [/workdir/hadoop-ozone/integration-test/target/test-dir/MiniOzoneClusterImpl-2530a391-4f7b-47ef-8901-f981e4040dda/datanode-1/data/ratis] (custom)
2019-10-15 15:56:09,576 [main] INFO  impl.RaftServerProxy (RaftServerProxy.java:lambda$null$0(191)) - 9efa5aa2-6c41-460f-b55e-e6135d265426: found a subdirectory /workdir/hadoop-ozone/integration-test/target/test-dir/MiniOzoneClusterImpl-2530a391-4f7b-47ef-8901-f981e4040dda/datanode-1/data/ratis/50344d3e-3028-4ac8-bfc2-14ccc76d478a
2019-10-15 15:56:09,577 [main] INFO  impl.RaftServerProxy (RaftServerProxy.java:addNew(89)) - 9efa5aa2-6c41-460f-b55e-e6135d265426: addNew group-14CCC76D478A:[] returns group-14CCC76D478A:java.util.concurrent.CompletableFuture@6ca8fcf3[Not completed]
2019-10-15 15:56:09,577 [main] INFO  impl.RaftServerProxy (RaftServerProxy.java:lambda$null$0(191)) - 9efa5aa2-6c41-460f-b55e-e6135d265426: found a subdirectory /workdir/hadoop-ozone/integration-test/target/test-dir/MiniOzoneClusterImpl-2530a391-4f7b-47ef-8901-f981e4040dda/datanode-1/data/ratis/1cf6151f-af98-4e08-a2d2-103d57857047
2019-10-15 15:56:09,577 [main] INFO  impl.RaftServerProxy (RaftServerProxy.java:addNew(89)) - 9efa5aa2-6c41-460f-b55e-e6135d265426: addNew group-103D57857047:[] returns group-103D57857047:java.util.concurrent.CompletableFuture@69f0b0f4[Not completed]
2019-10-15 15:56:09,580 [pool-59-thread-1] INFO  impl.RaftServerImpl (RaftServerImpl.java:<init>(104)) - 9efa5aa2-6c41-460f-b55e-e6135d265426: new RaftServerImpl for group-14CCC76D478A:[] with ContainerStateMachine:uninitialized
2019-10-15 15:56:09,580 [main] INFO  hdfs.DFSUtil (DFSUtil.java:httpServerTemplateForNNAndJN(1641)) - Starting Web-server for hddsDatanode at: http://0.0.0.0:38929
2019-10-15 15:56:09,581 [pool-59-thread-1] INFO  server.RaftServerConfigKeys (ConfUtils.java:logGet(43)) - raft.server.rpc.timeout.min = 5s (custom)
2019-10-15 15:56:09,581 [pool-59-thread-1] INFO  server.RaftServerConfigKeys (ConfUtils.java:logGet(43)) - raft.server.rpc.timeout.max = 5200ms (custom)
2019-10-15 15:56:09,581 [pool-59-thread-1] INFO  server.RaftServerConfigKeys (ConfUtils.java:logGet(43)) - raft.server.rpcslowness.timeout = 1000s (custom)
2019-10-15 15:56:09,582 [pool-59-thread-1] INFO  server.RaftServerConfigKeys (ConfUtils.java:logGet(43)) - raft.server.sleep.deviation.threshold = 300 (default)
2019-10-15 15:56:09,582 [pool-59-thread-1] INFO  server.RaftServerConfigKeys (ConfUtils.java:logGet(43)) - raft.server.log.appender.install.snapshot.enabled = false (custom)
2019-10-15 15:56:09,582 [pool-59-thread-1] INFO  impl.RaftServerImpl (ServerState.java:<init>(103)) - 9efa5aa2-6c41-460f-b55e-e6135d265426@group-14CCC76D478A: ConfigurationManager, init=-1: [], old=null, confs=<EMPTY_MAP>
2019-10-15 15:56:09,582 [pool-59-thread-1] INFO  server.RaftServerConfigKeys (ConfUtils.java:logGet(43)) - raft.server.storage.dir = [/workdir/hadoop-ozone/integration-test/target/test-dir/MiniOzoneClusterImpl-2530a391-4f7b-47ef-8901-f981e4040dda/datanode-1/data/ratis] (custom)
2019-10-15 15:56:09,582 [pool-59-thread-1] INFO  server.RaftServerConfigKeys (ConfUtils.java:logGet(43)) - raft.server.log.corruption.policy = EXCEPTION (default)
2019-10-15 15:56:09,583 [main] INFO  server.AuthenticationFilter (AuthenticationFilter.java:constructSecretProvider(240)) - Unable to initialize FileSignerSecretProvider, falling back to use random secrets.
2019-10-15 15:56:09,584 [main] WARN  http.HttpRequestLog (HttpRequestLog.java:getRequestLog(97)) - Jetty request log can only be enabled using Log4j
2019-10-15 15:56:09,586 [main] INFO  http.HttpServer2 (HttpServer2.java:addGlobalFilter(975)) - Added global filter 'safety' (class=org.apache.hadoop.http.HttpServer2$QuotingInputFilter)
2019-10-15 15:56:09,587 [main] INFO  http.HttpServer2 (HttpServer2.java:addFilter(948)) - Added filter static_user_filter (class=org.apache.hadoop.http.lib.StaticUserWebFilter$StaticUserFilter) to context hddsDatanode
2019-10-15 15:56:09,587 [main] INFO  http.HttpServer2 (HttpServer2.java:addFilter(958)) - Added filter static_user_filter (class=org.apache.hadoop.http.lib.StaticUserWebFilter$StaticUserFilter) to context static
2019-10-15 15:56:09,587 [main] INFO  http.HttpServer2 (HttpServer2.java:addFilter(958)) - Added filter static_user_filter (class=org.apache.hadoop.http.lib.StaticUserWebFilter$StaticUserFilter) to context logs
2019-10-15 15:56:09,588 [main] INFO  http.HttpServer2 (HttpServer2.java:bindListener(1191)) - Jetty bound to port 38929
2019-10-15 15:56:09,589 [main] INFO  server.Server (Server.java:doStart(351)) - jetty-9.3.25.v20180904, build timestamp: 2018-09-04T21:11:46Z, git hash: 3ce520221d0240229c862b122d2b06c12a625732
2019-10-15 15:56:09,590 [main] INFO  handler.ContextHandler (ContextHandler.java:doStart(781)) - Started o.e.j.s.ServletContextHandler@4f327096{/logs,file:///workdir/hadoop-ozone/integration-test/target/log,AVAILABLE}
2019-10-15 15:56:09,591 [main] INFO  handler.ContextHandler (ContextHandler.java:doStart(781)) - Started o.e.j.s.ServletContextHandler@78a515e4{/static,jar:file:/home/user/.m2/repository/org/apache/hadoop/hadoop-hdds-container-service/0.5.0-SNAPSHOT/hadoop-hdds-container-service-0.5.0-SNAPSHOT.jar!/webapps/static,AVAILABLE}
2019-10-15 15:56:09,606 [pool-59-thread-1] INFO  storage.RaftStorageDirectory (RaftStorageDirectory.java:tryLock(328)) - Lock on /workdir/hadoop-ozone/integration-test/target/test-dir/MiniOzoneClusterImpl-2530a391-4f7b-47ef-8901-f981e4040dda/datanode-1/data/ratis/50344d3e-3028-4ac8-bfc2-14ccc76d478a/in_use.lock acquired by nodename 25648@dev-nightly-20191015-w4nf7-692592917
2019-10-15 15:56:09,607 [pool-59-thread-1] INFO  ratis.ContainerStateMachine (ContainerStateMachine.java:loadSnapshot(231)) - group-14CCC76D478A: The snapshot info is null. Setting the last applied indexto:(t:0, i:~)
2019-10-15 15:56:09,607 [pool-59-thread-1] INFO  server.RaftServerConfigKeys (ConfUtils.java:logGet(43)) - raft.server.notification.no-leader.timeout = 1000s (custom)
2019-10-15 15:56:09,607 [pool-59-thread-1] INFO  server.RaftServerConfigKeys (ConfUtils.java:logGet(43)) - raft.server.log.use.memory = false (default)
2019-10-15 15:56:09,607 [pool-59-thread-1] INFO  server.RaftServerConfigKeys (ConfUtils.java:logGet(43)) - raft.server.log.purge.gap = 1000000 (custom)
2019-10-15 15:56:09,607 [pool-59-thread-1] INFO  server.RaftServerConfigKeys (ConfUtils.java:logGet(43)) - raft.server.log.appender.buffer.byte-limit = 33554432 (custom)
2019-10-15 15:56:09,608 [pool-59-thread-1] INFO  server.RaftServerConfigKeys (ConfUtils.java:logGet(43)) - raft.server.log.segment.size.max = 1048576 (custom)
2019-10-15 15:56:09,608 [pool-59-thread-1] INFO  server.RaftServerConfigKeys (ConfUtils.java:logGet(43)) - raft.server.log.segment.cache.num.max = 2 (custom)
2019-10-15 15:56:09,608 [pool-59-thread-1] INFO  segmented.SegmentedRaftLogWorker (SegmentedRaftLogWorker.java:<init>(173)) - new 9efa5aa2-6c41-460f-b55e-e6135d265426@group-14CCC76D478A-SegmentedRaftLogWorker for RaftStorage:Storage Directory /workdir/hadoop-ozone/integration-test/target/test-dir/MiniOzoneClusterImpl-2530a391-4f7b-47ef-8901-f981e4040dda/datanode-1/data/ratis/50344d3e-3028-4ac8-bfc2-14ccc76d478a
2019-10-15 15:56:09,608 [pool-59-thread-1] INFO  server.RaftServerConfigKeys (ConfUtils.java:logGet(43)) - raft.server.log.queue.byte-limit = 2147483647 (custom)
2019-10-15 15:56:09,608 [pool-59-thread-1] INFO  server.RaftServerConfigKeys (ConfUtils.java:logGet(43)) - raft.server.log.queue.element-limit = 1024 (custom)
2019-10-15 15:56:09,608 [pool-59-thread-1] INFO  server.RaftServerConfigKeys (ConfUtils.java:logGet(43)) - raft.server.log.segment.size.max = 1048576 (custom)
2019-10-15 15:56:09,608 [pool-59-thread-1] INFO  server.RaftServerConfigKeys (ConfUtils.java:logGet(43)) - raft.server.log.preallocated.size = 16384 (custom)
2019-10-15 15:56:09,608 [pool-59-thread-1] INFO  server.RaftServerConfigKeys (ConfUtils.java:logGet(43)) - raft.server.log.write.buffer.size = 33554432 (custom)
2019-10-15 15:56:09,608 [pool-59-thread-1] INFO  server.RaftServerConfigKeys (ConfUtils.java:logGet(43)) - raft.server.log.force.sync.num = 128 (default)
2019-10-15 15:56:09,608 [pool-59-thread-1] INFO  server.RaftServerConfigKeys (ConfUtils.java:logGet(43)) - raft.server.log.statemachine.data.sync = true (default)
2019-10-15 15:56:09,609 [pool-59-thread-1] INFO  server.RaftServerConfigKeys (ConfUtils.java:logGet(43)) - raft.server.log.statemachine.data.sync.timeout = 10s (default)
2019-10-15 15:56:09,609 [pool-59-thread-1] INFO  server.RaftServerConfigKeys (ConfUtils.java:logGet(43)) - raft.server.log.statemachine.data.sync.timeout.retry = -1 (default)
2019-10-15 15:56:09,609 [pool-59-thread-1] INFO  server.RaftServerConfigKeys (ConfUtils.java:logGet(43)) - raft.server.log.statemachine.data.caching.enabled = true (custom)
2019-10-15 15:56:09,610 [SCMBlockDeletingService#0] INFO  block.SCMBlockDeletingService (SCMBlockDeletingService.java:call(184)) - Totally added 2 delete blocks command for 2 datanodes, task elapsed time: 1ms
2019-10-15 15:56:09,611 [pool-7-thread-2] INFO  commands.RetriableDatanodeEventWatcher (RetriableDatanodeEventWatcher.java:onTimeout(47)) - RetriableDatanodeCommand type=deleteBlocksCommand with id=1571154968609 timed out. Retrying.
2019-10-15 15:56:09,611 [pool-7-thread-1] INFO  commands.RetriableDatanodeEventWatcher (RetriableDatanodeEventWatcher.java:onTimeout(47)) - RetriableDatanodeCommand type=deleteBlocksCommand with id=1571154968610 timed out. Retrying.
2019-10-15 15:56:09,614 [pool-59-thread-1] INFO  impl.RaftServerImpl (ServerState.java:setRaftConf(357)) - 9efa5aa2-6c41-460f-b55e-e6135d265426@group-14CCC76D478A: set configuration 0: [9efa5aa2-6c41-460f-b55e-e6135d265426:192.168.69.88:35771], old=null at 0
2019-10-15 15:56:09,615 [pool-59-thread-1] INFO  segmented.LogSegment (LogSegment.java:loadSegment(140)) - Successfully read 1 entries from segment file /workdir/hadoop-ozone/integration-test/target/test-dir/MiniOzoneClusterImpl-2530a391-4f7b-47ef-8901-f981e4040dda/datanode-1/data/ratis/50344d3e-3028-4ac8-bfc2-14ccc76d478a/current/log_inprogress_0
2019-10-15 15:56:09,615 [pool-59-thread-1] INFO  segmented.SegmentedRaftLogWorker (SegmentedRaftLogWorker.java:lambda$new$0(128)) - 9efa5aa2-6c41-460f-b55e-e6135d265426@group-14CCC76D478A-SegmentedRaftLogWorker: flushIndex: setUnconditionally 0 -> 0
2019-10-15 15:56:09,629 [main] INFO  handler.ContextHandler (ContextHandler.java:doStart(781)) - Started o.e.j.w.WebAppContext@3c91530d{/,file:///tmp/jetty-0.0.0.0-38929-hddsDatanode-_-any-2307860480384149966.dir/webapp/,AVAILABLE}{/hddsDatanode}
2019-10-15 15:56:09,638 [main] INFO  server.AbstractConnector (AbstractConnector.java:doStart(278)) - Started ServerConnector@7d70638{HTTP/1.1,[http/1.1]}{0.0.0.0:38929}
2019-10-15 15:56:09,638 [Command processor thread] INFO  commandhandler.DeleteBlocksCommandHandler (DeleteBlocksCommandHandler.java:handle(106)) - Start to delete container blocks, TXIDs=[1(0)], numOfContainers=1, numOfBlocks=1
2019-10-15 15:56:09,639 [main] INFO  server.Server (Server.java:doStart(419)) - Started @112805ms
2019-10-15 15:56:09,639 [pool-59-thread-1] INFO  server.RaftServerConfigKeys (ConfUtils.java:logGet(43)) - raft.server.snapshot.auto.trigger.enabled = true (custom)
2019-10-15 15:56:09,639 [main] WARN  impl.MetricsSystemImpl (MetricsSystemImpl.java:register(276)) - Sink prometheus already exists!
2019-10-15 15:56:09,639 [pool-59-thread-1] INFO  server.RaftServerConfigKeys (ConfUtils.java:logGet(43)) - raft.server.snapshot.auto.trigger.threshold = 10000 (custom)
2019-10-15 15:56:09,640 [pool-59-thread-1] INFO  server.RaftServerConfigKeys (ConfUtils.java:logGet(43)) - raft.server.snapshot.retention.file.num = 5 (custom)
2019-10-15 15:56:09,640 [pool-59-thread-1] INFO  server.RaftServerConfigKeys (ConfUtils.java:logGet(43)) - raft.server.retrycache.expirytime = 600000ms (custom)
2019-10-15 15:56:09,641 [main] INFO  server.BaseHttpServer (BaseHttpServer.java:updateConnectorAddress(215)) - HTTP server of HDDSDATANODE is listening at http://0.0.0.0:38929
2019-10-15 15:56:09,641 [pool-59-thread-1] INFO  impl.RaftServerImpl (RaftServerImpl.java:<init>(104)) - 9efa5aa2-6c41-460f-b55e-e6135d265426: new RaftServerImpl for group-103D57857047:[] with ContainerStateMachine:uninitialized
2019-10-15 15:56:09,642 [pool-59-thread-1] INFO  server.RaftServerConfigKeys (ConfUtils.java:logGet(43)) - raft.server.rpc.timeout.min = 5s (custom)
2019-10-15 15:56:09,642 [pool-59-thread-1] INFO  server.RaftServerConfigKeys (ConfUtils.java:logGet(43)) - raft.server.rpc.timeout.max = 5200ms (custom)
2019-10-15 15:56:09,642 [EventQueue-PendingDeleteStatusForPendingDeleteHandler] INFO  block.SCMBlockDeletingService (SCMBlockDeletingService.java:handlePendingDeletes(115)) - Block deletion txnID mismatch in datanode b7ff31bb-ae39-4067-a71c-fb5e6b3a0e64 for containerID 1. Datanode delete txnID: 0, SCM txnID: 1
2019-10-15 15:56:09,642 [org.apache.hadoop.util.JvmPauseMonitor$Monitor@2c9e70dc] INFO  util.JvmPauseMonitor (JvmPauseMonitor.java:run(188)) - Starting JVM pause monitor
2019-10-15 15:56:09,642 [pool-59-thread-1] INFO  server.RaftServerConfigKeys (ConfUtils.java:logGet(43)) - raft.server.rpcslowness.timeout = 1000s (custom)
2019-10-15 15:56:09,642 [pool-59-thread-1] INFO  server.RaftServerConfigKeys (ConfUtils.java:logGet(43)) - raft.server.sleep.deviation.threshold = 300 (default)
2019-10-15 15:56:09,642 [pool-59-thread-1] INFO  server.RaftServerConfigKeys (ConfUtils.java:logGet(43)) - raft.server.log.appender.install.snapshot.enabled = false (custom)
2019-10-15 15:56:09,642 [pool-59-thread-1] INFO  impl.RaftServerImpl (ServerState.java:<init>(103)) - 9efa5aa2-6c41-460f-b55e-e6135d265426@group-103D57857047: ConfigurationManager, init=-1: [], old=null, confs=<EMPTY_MAP>
2019-10-15 15:56:09,642 [pool-59-thread-1] INFO  server.RaftServerConfigKeys (ConfUtils.java:logGet(43)) - raft.server.storage.dir = [/workdir/hadoop-ozone/integration-test/target/test-dir/MiniOzoneClusterImpl-2530a391-4f7b-47ef-8901-f981e4040dda/datanode-1/data/ratis] (custom)
2019-10-15 15:56:09,643 [pool-59-thread-1] INFO  server.RaftServerConfigKeys (ConfUtils.java:logGet(43)) - raft.server.log.corruption.policy = EXCEPTION (default)
2019-10-15 15:56:09,648 [pool-59-thread-1] INFO  storage.RaftStorageDirectory (RaftStorageDirectory.java:tryLock(328)) - Lock on /workdir/hadoop-ozone/integration-test/target/test-dir/MiniOzoneClusterImpl-2530a391-4f7b-47ef-8901-f981e4040dda/datanode-1/data/ratis/1cf6151f-af98-4e08-a2d2-103d57857047/in_use.lock acquired by nodename 25648@dev-nightly-20191015-w4nf7-692592917
2019-10-15 15:56:09,650 [pool-59-thread-1] INFO  ratis.ContainerStateMachine (ContainerStateMachine.java:loadSnapshot(240)) - group-103D57857047: Setting the last applied index to (t:2, i:3)
2019-10-15 15:56:09,655 [pool-59-thread-1] INFO  impl.RaftServerImpl (ServerState.java:setRaftConf(357)) - 9efa5aa2-6c41-460f-b55e-e6135d265426@group-103D57857047: set configuration 0: [502b81c0-94cc-42d9-ac22-46124b9f2555:192.168.69.88:45179, 9efa5aa2-6c41-460f-b55e-e6135d265426:192.168.69.88:35771, b7ff31bb-ae39-4067-a71c-fb5e6b3a0e64:192.168.69.88:37247], old=null at 0
2019-10-15 15:56:09,655 [pool-59-thread-1] INFO  server.RaftServerConfigKeys (ConfUtils.java:logGet(43)) - raft.server.notification.no-leader.timeout = 1000s (custom)
2019-10-15 15:56:09,655 [pool-59-thread-1] INFO  server.RaftServerConfigKeys (ConfUtils.java:logGet(43)) - raft.server.log.use.memory = false (default)
2019-10-15 15:56:09,655 [pool-59-thread-1] INFO  server.RaftServerConfigKeys (ConfUtils.java:logGet(43)) - raft.server.log.purge.gap = 1000000 (custom)
2019-10-15 15:56:09,655 [pool-59-thread-1] INFO  server.RaftServerConfigKeys (ConfUtils.java:logGet(43)) - raft.server.log.appender.buffer.byte-limit = 33554432 (custom)
2019-10-15 15:56:09,655 [pool-59-thread-1] INFO  server.RaftServerConfigKeys (ConfUtils.java:logGet(43)) - raft.server.log.segment.size.max = 1048576 (custom)
2019-10-15 15:56:09,655 [pool-59-thread-1] INFO  server.RaftServerConfigKeys (ConfUtils.java:logGet(43)) - raft.server.log.segment.cache.num.max = 2 (custom)
2019-10-15 15:56:09,655 [pool-59-thread-1] INFO  segmented.SegmentedRaftLogWorker (SegmentedRaftLogWorker.java:<init>(173)) - new 9efa5aa2-6c41-460f-b55e-e6135d265426@group-103D57857047-SegmentedRaftLogWorker for RaftStorage:Storage Directory /workdir/hadoop-ozone/integration-test/target/test-dir/MiniOzoneClusterImpl-2530a391-4f7b-47ef-8901-f981e4040dda/datanode-1/data/ratis/1cf6151f-af98-4e08-a2d2-103d57857047
2019-10-15 15:56:09,656 [pool-59-thread-1] INFO  server.RaftServerConfigKeys (ConfUtils.java:logGet(43)) - raft.server.log.queue.byte-limit = 2147483647 (custom)
2019-10-15 15:56:09,656 [pool-59-thread-1] INFO  server.RaftServerConfigKeys (ConfUtils.java:logGet(43)) - raft.server.log.queue.element-limit = 1024 (custom)
2019-10-15 15:56:09,656 [pool-59-thread-1] INFO  server.RaftServerConfigKeys (ConfUtils.java:logGet(43)) - raft.server.log.segment.size.max = 1048576 (custom)
2019-10-15 15:56:09,656 [pool-59-thread-1] INFO  server.RaftServerConfigKeys (ConfUtils.java:logGet(43)) - raft.server.log.preallocated.size = 16384 (custom)
2019-10-15 15:56:09,656 [pool-59-thread-1] INFO  server.RaftServerConfigKeys (ConfUtils.java:logGet(43)) - raft.server.log.write.buffer.size = 33554432 (custom)
2019-10-15 15:56:09,656 [pool-59-thread-1] INFO  server.RaftServerConfigKeys (ConfUtils.java:logGet(43)) - raft.server.log.force.sync.num = 128 (default)
2019-10-15 15:56:09,656 [pool-59-thread-1] INFO  server.RaftServerConfigKeys (ConfUtils.java:logGet(43)) - raft.server.log.statemachine.data.sync = true (default)
2019-10-15 15:56:09,656 [pool-59-thread-1] INFO  server.RaftServerConfigKeys (ConfUtils.java:logGet(43)) - raft.server.log.statemachine.data.sync.timeout = 10s (default)
2019-10-15 15:56:09,656 [pool-59-thread-1] INFO  server.RaftServerConfigKeys (ConfUtils.java:logGet(43)) - raft.server.log.statemachine.data.sync.timeout.retry = -1 (default)
2019-10-15 15:56:09,656 [pool-59-thread-1] INFO  server.RaftServerConfigKeys (ConfUtils.java:logGet(43)) - raft.server.log.statemachine.data.caching.enabled = true (custom)
2019-10-15 15:56:09,657 [pool-59-thread-1] INFO  impl.RaftServerImpl (ServerState.java:setRaftConf(357)) - 9efa5aa2-6c41-460f-b55e-e6135d265426@group-103D57857047: set configuration 0: [502b81c0-94cc-42d9-ac22-46124b9f2555:192.168.69.88:45179, 9efa5aa2-6c41-460f-b55e-e6135d265426:192.168.69.88:35771, b7ff31bb-ae39-4067-a71c-fb5e6b3a0e64:192.168.69.88:37247], old=null at 0
2019-10-15 15:56:09,657 [pool-59-thread-1] INFO  segmented.LogSegment (LogSegment.java:loadSegment(140)) - Successfully read 5 entries from segment file /workdir/hadoop-ozone/integration-test/target/test-dir/MiniOzoneClusterImpl-2530a391-4f7b-47ef-8901-f981e4040dda/datanode-1/data/ratis/1cf6151f-af98-4e08-a2d2-103d57857047/current/log_inprogress_0
2019-10-15 15:56:09,658 [pool-59-thread-1] INFO  segmented.SegmentedRaftLogWorker (SegmentedRaftLogWorker.java:lambda$new$0(128)) - 9efa5aa2-6c41-460f-b55e-e6135d265426@group-103D57857047-SegmentedRaftLogWorker: flushIndex: setUnconditionally 0 -> 4
2019-10-15 15:56:09,680 [pool-59-thread-1] INFO  raftlog.RaftLog (RaftLog.java:lambda$new$0(61)) - 9efa5aa2-6c41-460f-b55e-e6135d265426@group-103D57857047-SegmentedRaftLog: commitIndex: updateToMax old=3, new=3, updated? false
2019-10-15 15:56:09,680 [pool-59-thread-1] INFO  server.RaftServerConfigKeys (ConfUtils.java:logGet(43)) - raft.server.snapshot.auto.trigger.enabled = true (custom)
2019-10-15 15:56:09,680 [pool-59-thread-1] INFO  server.RaftServerConfigKeys (ConfUtils.java:logGet(43)) - raft.server.snapshot.auto.trigger.threshold = 10000 (custom)
2019-10-15 15:56:09,680 [pool-59-thread-1] INFO  server.RaftServerConfigKeys (ConfUtils.java:logGet(43)) - raft.server.snapshot.retention.file.num = 5 (custom)
2019-10-15 15:56:09,681 [pool-59-thread-1] INFO  server.RaftServerConfigKeys (ConfUtils.java:logGet(43)) - raft.server.retrycache.expirytime = 600000ms (custom)
2019-10-15 15:56:09,989 [BlockDeletingService#2] WARN  background.BlockDeletingService (BlockDeletingService.java:isDeletionAllowed(187)) - Close Container log Index 6 is not replicated across allthe servers in the pipeline 1cf6151f-af98-4e08-a2d2-103d57857047 as the min replicated index is 4. Deletion is not allowed in this container yet.
2019-10-15 15:56:09,991 [BlockDeletingService#7] WARN  background.BlockDeletingService (BlockDeletingService.java:isDeletionAllowed(187)) - Close Container log Index 6 is not replicated across allthe servers in the pipeline 1cf6151f-af98-4e08-a2d2-103d57857047 as the min replicated index is 4. Deletion is not allowed in this container yet.
2019-10-15 15:56:10,610 [pool-7-thread-2] INFO  commands.RetriableDatanodeEventWatcher (RetriableDatanodeEventWatcher.java:onTimeout(47)) - RetriableDatanodeCommand type=deleteBlocksCommand with id=1571154968611 timed out. Retrying.
2019-10-15 15:56:10,611 [pool-7-thread-3] INFO  commands.RetriableDatanodeEventWatcher (RetriableDatanodeEventWatcher.java:onTimeout(47)) - RetriableDatanodeCommand type=deleteBlocksCommand with id=1571154968609 timed out. Retrying.
2019-10-15 15:56:10,611 [pool-7-thread-1] INFO  commands.RetriableDatanodeEventWatcher (RetriableDatanodeEventWatcher.java:onTimeout(47)) - RetriableDatanodeCommand type=deleteBlocksCommand with id=1571154968612 timed out. Retrying.
2019-10-15 15:56:10,611 [pool-7-thread-1] INFO  commands.RetriableDatanodeEventWatcher (RetriableDatanodeEventWatcher.java:onTimeout(47)) - RetriableDatanodeCommand type=deleteBlocksCommand with id=1571154968610 timed out. Retrying.
2019-10-15 15:56:10,611 [SCMBlockDeletingService#0] INFO  block.SCMBlockDeletingService (SCMBlockDeletingService.java:call(184)) - Totally added 2 delete blocks command for 2 datanodes, task elapsed time: 1ms
2019-10-15 15:56:10,642 [Command processor thread] INFO  commandhandler.DeleteBlocksCommandHandler (DeleteBlocksCommandHandler.java:handle(106)) - Start to delete container blocks, TXIDs=[1(2)], numOfContainers=1, numOfBlocks=1
2019-10-15 15:56:10,642 [Command processor thread] INFO  commandhandler.DeleteBlocksCommandHandler (DeleteBlocksCommandHandler.java:handle(106)) - Start to delete container blocks, TXIDs=[1(0)], numOfContainers=1, numOfBlocks=1
2019-10-15 15:56:10,992 [BlockDeletingService#7] WARN  background.BlockDeletingService (BlockDeletingService.java:isDeletionAllowed(187)) - Close Container log Index 6 is not replicated across allthe servers in the pipeline 1cf6151f-af98-4e08-a2d2-103d57857047 as the min replicated index is 4. Deletion is not allowed in this container yet.
2019-10-15 15:56:10,992 [BlockDeletingService#2] WARN  background.BlockDeletingService (BlockDeletingService.java:isDeletionAllowed(187)) - Close Container log Index 6 is not replicated across allthe servers in the pipeline 1cf6151f-af98-4e08-a2d2-103d57857047 as the min replicated index is 4. Deletion is not allowed in this container yet.
2019-10-15 15:56:11,464 [java.util.concurrent.ThreadPoolExecutor$Worker@6f70a200[State = -1, empty queue]] WARN  server.GrpcLogAppender (GrpcLogAppender.java:timeoutAppendRequest(209)) - 502b81c0-94cc-42d9-ac22-46124b9f2555@group-103D57857047->9efa5aa2-6c41-460f-b55e-e6135d265426-GrpcLogAppender: appendEntries Timeout, request=502b81c0-94cc-42d9-ac22-46124b9f2555->9efa5aa2-6c41-460f-b55e-e6135d265426#51-t2, previous=(t:2, i:10), leaderCommit=10, initializing? false, entries: <empty>
2019-10-15 15:56:11,611 [pool-7-thread-1] INFO  commands.RetriableDatanodeEventWatcher (RetriableDatanodeEventWatcher.java:onTimeout(47)) - RetriableDatanodeCommand type=deleteBlocksCommand with id=1571154968614 timed out. Retrying.
2019-10-15 15:56:11,611 [pool-7-thread-4] INFO  commands.RetriableDatanodeEventWatcher (RetriableDatanodeEventWatcher.java:onTimeout(47)) - RetriableDatanodeCommand type=deleteBlocksCommand with id=1571154968609 timed out. Retrying.
2019-10-15 15:56:11,611 [pool-7-thread-2] INFO  commands.RetriableDatanodeEventWatcher (RetriableDatanodeEventWatcher.java:onTimeout(47)) - RetriableDatanodeCommand type=deleteBlocksCommand with id=1571154968611 timed out. Retrying.
2019-10-15 15:56:11,612 [pool-7-thread-3] INFO  commands.RetriableDatanodeEventWatcher (RetriableDatanodeEventWatcher.java:onTimeout(47)) - RetriableDatanodeCommand type=deleteBlocksCommand with id=1571154968613 timed out. Retrying.
2019-10-15 15:56:11,612 [pool-7-thread-3] INFO  commands.RetriableDatanodeEventWatcher (RetriableDatanodeEventWatcher.java:onTimeout(47)) - RetriableDatanodeCommand type=deleteBlocksCommand with id=1571154968612 timed out. Retrying.
2019-10-15 15:56:11,612 [pool-7-thread-2] INFO  commands.RetriableDatanodeEventWatcher (RetriableDatanodeEventWatcher.java:onTimeout(47)) - RetriableDatanodeCommand type=deleteBlocksCommand with id=1571154968610 timed out. Retrying.
2019-10-15 15:56:11,613 [SCMBlockDeletingService#0] INFO  block.SCMBlockDeletingService (SCMBlockDeletingService.java:call(184)) - Totally added 2 delete blocks command for 2 datanodes, task elapsed time: 1ms
2019-10-15 15:56:11,644 [Datanode State Machine Thread - 0] INFO  ozoneimpl.OzoneContainer (OzoneContainer.java:start(213)) - Attempting to start container services.
2019-10-15 15:56:11,645 [Datanode State Machine Thread - 0] INFO  ozoneimpl.OzoneContainer (OzoneContainer.java:startContainerScrub(177)) - Background container scanner has been disabled.
2019-10-15 15:56:11,645 [Datanode State Machine Thread - 0] INFO  ratis.XceiverServerRatis (XceiverServerRatis.java:start(418)) - Starting XceiverServerRatis 9efa5aa2-6c41-460f-b55e-e6135d265426 at port 35771
2019-10-15 15:56:11,658 [Datanode State Machine Thread - 0] INFO  impl.RaftServerImpl (RaftServerImpl.java:start(195)) - 9efa5aa2-6c41-460f-b55e-e6135d265426@group-103D57857047: start as a follower, conf=0: [502b81c0-94cc-42d9-ac22-46124b9f2555:192.168.69.88:45179, 9efa5aa2-6c41-460f-b55e-e6135d265426:192.168.69.88:35771, b7ff31bb-ae39-4067-a71c-fb5e6b3a0e64:192.168.69.88:37247], old=null
2019-10-15 15:56:11,659 [ForkJoinPool.commonPool-worker-0] INFO  impl.RaftServerImpl (RaftServerImpl.java:start(195)) - 9efa5aa2-6c41-460f-b55e-e6135d265426@group-14CCC76D478A: start as a follower, conf=0: [9efa5aa2-6c41-460f-b55e-e6135d265426:192.168.69.88:35771], old=null
2019-10-15 15:56:11,659 [Datanode State Machine Thread - 0] INFO  impl.RaftServerImpl (RaftServerImpl.java:setRole(184)) - 9efa5aa2-6c41-460f-b55e-e6135d265426@group-103D57857047: changes role from      null to FOLLOWER at term 2 for startAsFollower
2019-10-15 15:56:11,659 [ForkJoinPool.commonPool-worker-0] INFO  impl.RaftServerImpl (RaftServerImpl.java:setRole(184)) - 9efa5aa2-6c41-460f-b55e-e6135d265426@group-14CCC76D478A: changes role from      null to FOLLOWER at term 1 for startAsFollower
2019-10-15 15:56:11,659 [Datanode State Machine Thread - 0] INFO  impl.RoleInfo (RoleInfo.java:updateAndGet(143)) - 9efa5aa2-6c41-460f-b55e-e6135d265426: start FollowerState
2019-10-15 15:56:11,659 [ForkJoinPool.commonPool-worker-0] INFO  impl.RoleInfo (RoleInfo.java:updateAndGet(143)) - 9efa5aa2-6c41-460f-b55e-e6135d265426: start FollowerState
2019-10-15 15:56:11,660 [Datanode State Machine Thread - 0] INFO  util.JmxRegister (JmxRegister.java:tryRegister(44)) - Successfully registered JMX Bean with object name Ratis:service=RaftServer,group=group-103D57857047,id=9efa5aa2-6c41-460f-b55e-e6135d265426
2019-10-15 15:56:11,660 [ForkJoinPool.commonPool-worker-0] INFO  util.JmxRegister (JmxRegister.java:tryRegister(44)) - Successfully registered JMX Bean with object name Ratis:service=RaftServer,group=group-14CCC76D478A,id=9efa5aa2-6c41-460f-b55e-e6135d265426
2019-10-15 15:56:11,662 [Datanode State Machine Thread - 0] INFO  impl.RaftServerProxy (RaftServerProxy.java:lambda$start$3(299)) - 9efa5aa2-6c41-460f-b55e-e6135d265426: start RPC server
2019-10-15 15:56:11,665 [Datanode State Machine Thread - 0] INFO  server.GrpcService (GrpcService.java:startImpl(158)) - 9efa5aa2-6c41-460f-b55e-e6135d265426: GrpcService started, listening on 0.0.0.0/0.0.0.0:35771
2019-10-15 15:56:11,743 [Command processor thread] INFO  commandhandler.DeleteBlocksCommandHandler (DeleteBlocksCommandHandler.java:handle(106)) - Start to delete container blocks, TXIDs=[1(2)], numOfContainers=1, numOfBlocks=1
2019-10-15 15:56:11,744 [Command processor thread] INFO  commandhandler.DeleteBlocksCommandHandler (DeleteBlocksCommandHandler.java:handle(106)) - Start to delete container blocks, TXIDs=[1(4)], numOfContainers=1, numOfBlocks=1
2019-10-15 15:56:11,744 [Command processor thread] INFO  commandhandler.DeleteBlocksCommandHandler (DeleteBlocksCommandHandler.java:handle(106)) - Start to delete container blocks, TXIDs=[1(0)], numOfContainers=1, numOfBlocks=1
2019-10-15 15:56:11,745 [Command processor thread] INFO  commandhandler.DeleteBlocksCommandHandler (DeleteBlocksCommandHandler.java:handle(106)) - Start to delete container blocks, TXIDs=[1(0)], numOfContainers=1, numOfBlocks=1
2019-10-15 15:56:11,745 [Command processor thread] INFO  commandhandler.DeleteBlocksCommandHandler (DeleteBlocksCommandHandler.java:handle(106)) - Start to delete container blocks, TXIDs=[1(2)], numOfContainers=1, numOfBlocks=1
2019-10-15 15:56:11,745 [Thread-550] INFO  impl.FollowerState (FollowerState.java:run(108)) - 9efa5aa2-6c41-460f-b55e-e6135d265426@group-14CCC76D478A-FollowerState: change to CANDIDATE, lastRpcTime:85ms, electionTimeout:85ms
2019-10-15 15:56:11,745 [Command processor thread] INFO  commandhandler.DeleteBlocksCommandHandler (DeleteBlocksCommandHandler.java:handle(106)) - Start to delete container blocks, TXIDs=[1(4)], numOfContainers=1, numOfBlocks=1
2019-10-15 15:56:11,745 [Thread-550] INFO  impl.RoleInfo (RoleInfo.java:shutdownFollowerState(121)) - 9efa5aa2-6c41-460f-b55e-e6135d265426: shutdown FollowerState
2019-10-15 15:56:11,745 [Command processor thread] INFO  commandhandler.DeleteBlocksCommandHandler (DeleteBlocksCommandHandler.java:handle(106)) - Start to delete container blocks, TXIDs=[1(7)], numOfContainers=1, numOfBlocks=1
2019-10-15 15:56:11,745 [Thread-550] INFO  impl.RaftServerImpl (RaftServerImpl.java:setRole(184)) - 9efa5aa2-6c41-460f-b55e-e6135d265426@group-14CCC76D478A: changes role from  FOLLOWER to CANDIDATE at term 1 for changeToCandidate
2019-10-15 15:56:11,746 [Thread-550] INFO  impl.RoleInfo (RoleInfo.java:updateAndGet(143)) - 9efa5aa2-6c41-460f-b55e-e6135d265426: start LeaderElection
2019-10-15 15:56:11,764 [9efa5aa2-6c41-460f-b55e-e6135d265426@group-14CCC76D478A-LeaderElection7] INFO  impl.LeaderElection (LeaderElection.java:askForVotes(178)) - 9efa5aa2-6c41-460f-b55e-e6135d265426@group-14CCC76D478A-LeaderElection7: begin an election at term 2 for 0: [9efa5aa2-6c41-460f-b55e-e6135d265426:192.168.69.88:35771], old=null
2019-10-15 15:56:11,764 [9efa5aa2-6c41-460f-b55e-e6135d265426@group-14CCC76D478A-LeaderElection7] INFO  impl.RoleInfo (RoleInfo.java:shutdownLeaderElection(134)) - 9efa5aa2-6c41-460f-b55e-e6135d265426: shutdown LeaderElection
2019-10-15 15:56:11,764 [9efa5aa2-6c41-460f-b55e-e6135d265426@group-14CCC76D478A-LeaderElection7] INFO  impl.RaftServerImpl (RaftServerImpl.java:setRole(184)) - 9efa5aa2-6c41-460f-b55e-e6135d265426@group-14CCC76D478A: changes role from CANDIDATE to LEADER at term 2 for changeToLeader
2019-10-15 15:56:11,764 [9efa5aa2-6c41-460f-b55e-e6135d265426@group-14CCC76D478A-LeaderElection7] INFO  impl.RaftServerImpl (ServerState.java:setLeader(256)) - 9efa5aa2-6c41-460f-b55e-e6135d265426@group-14CCC76D478A: change Leader from null to 9efa5aa2-6c41-460f-b55e-e6135d265426 at term 2 for becomeLeader, leader elected after 2157ms
2019-10-15 15:56:11,764 [9efa5aa2-6c41-460f-b55e-e6135d265426@group-14CCC76D478A-LeaderElection7] INFO  server.RaftServerConfigKeys (ConfUtils.java:logGet(43)) - raft.server.staging.catchup.gap = 1000 (default)
2019-10-15 15:56:11,765 [9efa5aa2-6c41-460f-b55e-e6135d265426@group-14CCC76D478A-LeaderElection7] INFO  server.RaftServerConfigKeys (ConfUtils.java:logGet(43)) - raft.server.rpc.sleep.time = 25ms (default)
2019-10-15 15:56:11,765 [9efa5aa2-6c41-460f-b55e-e6135d265426@group-14CCC76D478A-LeaderElection7] INFO  server.RaftServerConfigKeys (ConfUtils.java:logGet(43)) - raft.server.write.element-limit = 4096 (default)
2019-10-15 15:56:11,765 [9efa5aa2-6c41-460f-b55e-e6135d265426@group-14CCC76D478A-LeaderElection7] INFO  server.RaftServerConfigKeys (ConfUtils.java:logGet(43)) - raft.server.watch.timeout = 10s (default)
2019-10-15 15:56:11,765 [9efa5aa2-6c41-460f-b55e-e6135d265426@group-14CCC76D478A-LeaderElection7] INFO  server.RaftServerConfigKeys (ConfUtils.java:logGet(43)) - raft.server.watch.timeout.denomination = 1s (default)
2019-10-15 15:56:11,765 [9efa5aa2-6c41-460f-b55e-e6135d265426@group-14CCC76D478A-LeaderElection7] INFO  server.RaftServerConfigKeys (ConfUtils.java:logGet(43)) - raft.server.watch.element-limit = 65536 (default)
2019-10-15 15:56:11,766 [9efa5aa2-6c41-460f-b55e-e6135d265426@group-14CCC76D478A-LeaderElection7] INFO  impl.RoleInfo (RoleInfo.java:updateAndGet(143)) - 9efa5aa2-6c41-460f-b55e-e6135d265426: start LeaderState
2019-10-15 15:56:11,767 [9efa5aa2-6c41-460f-b55e-e6135d265426@group-14CCC76D478A-LeaderElection7] INFO  segmented.SegmentedRaftLogWorker (SegmentedRaftLogWorker.java:rollLogSegment(390)) - 9efa5aa2-6c41-460f-b55e-e6135d265426@group-14CCC76D478A-SegmentedRaftLogWorker: Rolling segment log-0_0 to index:0
2019-10-15 15:56:11,771 [9efa5aa2-6c41-460f-b55e-e6135d265426@group-14CCC76D478A-LeaderElection7] INFO  impl.RaftServerImpl (ServerState.java:setRaftConf(357)) - 9efa5aa2-6c41-460f-b55e-e6135d265426@group-14CCC76D478A: set configuration 1: [9efa5aa2-6c41-460f-b55e-e6135d265426:192.168.69.88:35771], old=null at 1
2019-10-15 15:56:11,772 [9efa5aa2-6c41-460f-b55e-e6135d265426@group-14CCC76D478A-SegmentedRaftLogWorker] INFO  segmented.SegmentedRaftLogWorker (SegmentedRaftLogWorker.java:execute(533)) - 9efa5aa2-6c41-460f-b55e-e6135d265426@group-14CCC76D478A-SegmentedRaftLogWorker: Rolled log segment from /workdir/hadoop-ozone/integration-test/target/test-dir/MiniOzoneClusterImpl-2530a391-4f7b-47ef-8901-f981e4040dda/datanode-1/data/ratis/50344d3e-3028-4ac8-bfc2-14ccc76d478a/current/log_inprogress_0 to /workdir/hadoop-ozone/integration-test/target/test-dir/MiniOzoneClusterImpl-2530a391-4f7b-47ef-8901-f981e4040dda/datanode-1/data/ratis/50344d3e-3028-4ac8-bfc2-14ccc76d478a/current/log_0-0
2019-10-15 15:56:11,808 [9efa5aa2-6c41-460f-b55e-e6135d265426@group-14CCC76D478A-SegmentedRaftLogWorker] INFO  segmented.SegmentedRaftLogWorker (SegmentedRaftLogWorker.java:execute(576)) - 9efa5aa2-6c41-460f-b55e-e6135d265426@group-14CCC76D478A-SegmentedRaftLogWorker: created new log segment /workdir/hadoop-ozone/integration-test/target/test-dir/MiniOzoneClusterImpl-2530a391-4f7b-47ef-8901-f981e4040dda/datanode-1/data/ratis/50344d3e-3028-4ac8-bfc2-14ccc76d478a/current/log_inprogress_1
2019-10-15 15:56:11,813 [Thread-549] INFO  impl.FollowerState (FollowerState.java:run(108)) - 9efa5aa2-6c41-460f-b55e-e6135d265426@group-103D57857047-FollowerState: change to CANDIDATE, lastRpcTime:153ms, electionTimeout:153ms
2019-10-15 15:56:11,814 [Thread-549] INFO  impl.RoleInfo (RoleInfo.java:shutdownFollowerState(121)) - 9efa5aa2-6c41-460f-b55e-e6135d265426: shutdown FollowerState
2019-10-15 15:56:11,814 [Thread-549] INFO  impl.RaftServerImpl (RaftServerImpl.java:setRole(184)) - 9efa5aa2-6c41-460f-b55e-e6135d265426@group-103D57857047: changes role from  FOLLOWER to CANDIDATE at term 2 for changeToCandidate
2019-10-15 15:56:11,815 [Thread-549] INFO  impl.RoleInfo (RoleInfo.java:updateAndGet(143)) - 9efa5aa2-6c41-460f-b55e-e6135d265426: start LeaderElection
2019-10-15 15:56:11,819 [9efa5aa2-6c41-460f-b55e-e6135d265426@group-103D57857047-LeaderElection8] INFO  impl.LeaderElection (LeaderElection.java:askForVotes(178)) - 9efa5aa2-6c41-460f-b55e-e6135d265426@group-103D57857047-LeaderElection8: begin an election at term 3 for 0: [502b81c0-94cc-42d9-ac22-46124b9f2555:192.168.69.88:45179, 9efa5aa2-6c41-460f-b55e-e6135d265426:192.168.69.88:35771, b7ff31bb-ae39-4067-a71c-fb5e6b3a0e64:192.168.69.88:37247], old=null
2019-10-15 15:56:11,829 [grpc-default-executor-0] INFO  impl.RaftServerImpl (ServerState.java:setLeader(256)) - b7ff31bb-ae39-4067-a71c-fb5e6b3a0e64@group-103D57857047: change Leader from 502b81c0-94cc-42d9-ac22-46124b9f2555 to null at term 3 for updateCurrentTerm
2019-10-15 15:56:11,829 [grpc-default-executor-1] INFO  impl.RaftServerImpl (ServerState.java:setLeader(256)) - 502b81c0-94cc-42d9-ac22-46124b9f2555@group-103D57857047: change Leader from 502b81c0-94cc-42d9-ac22-46124b9f2555 to null at term 3 for updateCurrentTerm
2019-10-15 15:56:11,830 [grpc-default-executor-0] INFO  impl.RaftServerImpl (RaftServerImpl.java:setRole(184)) - b7ff31bb-ae39-4067-a71c-fb5e6b3a0e64@group-103D57857047: changes role from  FOLLOWER to FOLLOWER at term 3 for recognizeCandidate:9efa5aa2-6c41-460f-b55e-e6135d265426
2019-10-15 15:56:11,830 [grpc-default-executor-1] INFO  impl.RaftServerImpl (RaftServerImpl.java:setRole(184)) - 502b81c0-94cc-42d9-ac22-46124b9f2555@group-103D57857047: changes role from    LEADER to FOLLOWER at term 3 for recognizeCandidate:9efa5aa2-6c41-460f-b55e-e6135d265426
2019-10-15 15:56:11,830 [grpc-default-executor-0] INFO  impl.RoleInfo (RoleInfo.java:shutdownFollowerState(121)) - b7ff31bb-ae39-4067-a71c-fb5e6b3a0e64: shutdown FollowerState
2019-10-15 15:56:11,830 [grpc-default-executor-1] INFO  impl.RoleInfo (RoleInfo.java:shutdownLeaderState(104)) - 502b81c0-94cc-42d9-ac22-46124b9f2555: shutdown LeaderState
2019-10-15 15:56:11,830 [Thread-221] INFO  impl.FollowerState (FollowerState.java:run(117)) - b7ff31bb-ae39-4067-a71c-fb5e6b3a0e64@group-103D57857047-FollowerState was interrupted: java.lang.InterruptedException: sleep interrupted
2019-10-15 15:56:11,831 [grpc-default-executor-0] INFO  impl.RoleInfo (RoleInfo.java:updateAndGet(143)) - b7ff31bb-ae39-4067-a71c-fb5e6b3a0e64: start FollowerState
2019-10-15 15:56:11,831 [org.apache.ratis.server.impl.LogAppender$AppenderDaemon$$Lambda$396/315024990@d4e3c6c] WARN  server.GrpcLogAppender (GrpcLogAppender.java:mayWait(149)) - 502b81c0-94cc-42d9-ac22-46124b9f2555@group-103D57857047->9efa5aa2-6c41-460f-b55e-e6135d265426-GrpcLogAppender: Wait interrupted by java.lang.InterruptedException
2019-10-15 15:56:11,832 [org.apache.ratis.server.impl.LogAppender$AppenderDaemon$$Lambda$396/315024990@3c091016] WARN  server.GrpcLogAppender (GrpcLogAppender.java:mayWait(149)) - 502b81c0-94cc-42d9-ac22-46124b9f2555@group-103D57857047->b7ff31bb-ae39-4067-a71c-fb5e6b3a0e64-GrpcLogAppender: Wait interrupted by java.lang.InterruptedException
2019-10-15 15:56:11,832 [grpc-default-executor-1] INFO  impl.PendingRequests (PendingRequests.java:sendNotLeaderResponses(202)) - 502b81c0-94cc-42d9-ac22-46124b9f2555@group-103D57857047-PendingRequests: sendNotLeaderResponses
2019-10-15 15:56:11,835 [grpc-default-executor-5] INFO  server.GrpcServerProtocolService (GrpcServerProtocolService.java:onCompleted(113)) - b7ff31bb-ae39-4067-a71c-fb5e6b3a0e64: Completed APPEND_ENTRIES, lastRequest: 502b81c0-94cc-42d9-ac22-46124b9f2555->b7ff31bb-ae39-4067-a71c-fb5e6b3a0e64#52-t2, previous=(t:2, i:10), leaderCommit=10, initializing? false, entries: <empty>
2019-10-15 15:56:11,835 [grpc-default-executor-1] INFO  impl.RoleInfo (RoleInfo.java:updateAndGet(143)) - 502b81c0-94cc-42d9-ac22-46124b9f2555: start FollowerState
2019-10-15 15:56:11,835 [Thread-559] INFO  client.GrpcClientProtocolService (GrpcClientProtocolService.java:lambda$processClientRequest$0(278)) - Failed RaftClientRequest:client-9849FE5BA529->502b81c0-94cc-42d9-ac22-46124b9f2555@group-103D57857047, cid=10, seq=0, Watch-ALL_COMMITTED(6), Message:<EMPTY>, reply=RaftClientReply:client-9849FE5BA529->502b81c0-94cc-42d9-ac22-46124b9f2555@group-103D57857047, cid=10, FAILED org.apache.ratis.protocol.NotLeaderException: Server 502b81c0-94cc-42d9-ac22-46124b9f2555@group-103D57857047 is not the leader, logIndex=0, commits[502b81c0-94cc-42d9-ac22-46124b9f2555:c10, 9efa5aa2-6c41-460f-b55e-e6135d265426:c4, b7ff31bb-ae39-4067-a71c-fb5e6b3a0e64:c10]
2019-10-15 15:56:11,838 [grpc-default-executor-7] INFO  server.GrpcLogAppender (GrpcLogAppender.java:onCompleted(308)) - 502b81c0-94cc-42d9-ac22-46124b9f2555@group-103D57857047->b7ff31bb-ae39-4067-a71c-fb5e6b3a0e64-AppendLogResponseHandler: follower responses appendEntries COMPLETED
2019-10-15 15:56:11,847 [grpc-default-executor-7] INFO  impl.FollowerInfo (FollowerInfo.java:lambda$new$0(51)) - 502b81c0-94cc-42d9-ac22-46124b9f2555@group-103D57857047->b7ff31bb-ae39-4067-a71c-fb5e6b3a0e64: nextIndex: updateUnconditionally 11 -> 10
2019-10-15 15:56:11,852 [9efa5aa2-6c41-460f-b55e-e6135d265426@group-103D57857047-LeaderElection8] INFO  impl.LeaderElection (LeaderElection.java:logAndReturn(56)) - 9efa5aa2-6c41-460f-b55e-e6135d265426@group-103D57857047-LeaderElection8: Election REJECTED; received 2 response(s) [9efa5aa2-6c41-460f-b55e-e6135d265426<-502b81c0-94cc-42d9-ac22-46124b9f2555#0:FAIL-t3, 9efa5aa2-6c41-460f-b55e-e6135d265426<-b7ff31bb-ae39-4067-a71c-fb5e6b3a0e64#0:FAIL-t3] and 0 exception(s); 9efa5aa2-6c41-460f-b55e-e6135d265426@group-103D57857047:t3, leader=null, voted=9efa5aa2-6c41-460f-b55e-e6135d265426, raftlog=9efa5aa2-6c41-460f-b55e-e6135d265426@group-103D57857047-SegmentedRaftLog:OPENED:c3,f4,i4, conf=0: [502b81c0-94cc-42d9-ac22-46124b9f2555:192.168.69.88:45179, 9efa5aa2-6c41-460f-b55e-e6135d265426:192.168.69.88:35771, b7ff31bb-ae39-4067-a71c-fb5e6b3a0e64:192.168.69.88:37247], old=null
2019-10-15 15:56:11,853 [9efa5aa2-6c41-460f-b55e-e6135d265426@group-103D57857047-LeaderElection8] INFO  impl.RaftServerImpl (RaftServerImpl.java:setRole(184)) - 9efa5aa2-6c41-460f-b55e-e6135d265426@group-103D57857047: changes role from CANDIDATE to FOLLOWER at term 3 for DISCOVERED_A_NEW_TERM
2019-10-15 15:56:11,854 [9efa5aa2-6c41-460f-b55e-e6135d265426@group-103D57857047-LeaderElection8] INFO  impl.RoleInfo (RoleInfo.java:shutdownLeaderElection(134)) - 9efa5aa2-6c41-460f-b55e-e6135d265426: shutdown LeaderElection
2019-10-15 15:56:11,854 [9efa5aa2-6c41-460f-b55e-e6135d265426@group-103D57857047-LeaderElection8] INFO  impl.RoleInfo (RoleInfo.java:updateAndGet(143)) - 9efa5aa2-6c41-460f-b55e-e6135d265426: start FollowerState
2019-10-15 15:56:11,994 [BlockDeletingService#2] WARN  background.BlockDeletingService (BlockDeletingService.java:isDeletionAllowed(187)) - Close Container log Index 6 is not replicated across allthe servers in the pipeline 1cf6151f-af98-4e08-a2d2-103d57857047 as the min replicated index is 4. Deletion is not allowed in this container yet.
2019-10-15 15:56:11,994 [BlockDeletingService#7] WARN  background.BlockDeletingService (BlockDeletingService.java:isDeletionAllowed(187)) - Close Container log Index 6 is not replicated across allthe servers in the pipeline 1cf6151f-af98-4e08-a2d2-103d57857047 as the min replicated index is 4. Deletion is not allowed in this container yet.
2019-10-15 15:56:12,034 [Thread-561] INFO  impl.FollowerState (FollowerState.java:run(108)) - 9efa5aa2-6c41-460f-b55e-e6135d265426@group-103D57857047-FollowerState: change to CANDIDATE, lastRpcTime:180ms, electionTimeout:177ms
2019-10-15 15:56:12,035 [Thread-561] INFO  impl.RoleInfo (RoleInfo.java:shutdownFollowerState(121)) - 9efa5aa2-6c41-460f-b55e-e6135d265426: shutdown FollowerState
2019-10-15 15:56:12,035 [Thread-561] INFO  impl.RaftServerImpl (RaftServerImpl.java:setRole(184)) - 9efa5aa2-6c41-460f-b55e-e6135d265426@group-103D57857047: changes role from  FOLLOWER to CANDIDATE at term 3 for changeToCandidate
2019-10-15 15:56:12,035 [Thread-561] INFO  impl.RoleInfo (RoleInfo.java:updateAndGet(143)) - 9efa5aa2-6c41-460f-b55e-e6135d265426: start LeaderElection
2019-10-15 15:56:12,049 [9efa5aa2-6c41-460f-b55e-e6135d265426@group-103D57857047-LeaderElection9] INFO  impl.LeaderElection (LeaderElection.java:askForVotes(178)) - 9efa5aa2-6c41-460f-b55e-e6135d265426@group-103D57857047-LeaderElection9: begin an election at term 4 for 0: [502b81c0-94cc-42d9-ac22-46124b9f2555:192.168.69.88:45179, 9efa5aa2-6c41-460f-b55e-e6135d265426:192.168.69.88:35771, b7ff31bb-ae39-4067-a71c-fb5e6b3a0e64:192.168.69.88:37247], old=null
2019-10-15 15:56:12,054 [grpc-default-executor-0] INFO  impl.RaftServerImpl (RaftServerImpl.java:setRole(184)) - 502b81c0-94cc-42d9-ac22-46124b9f2555@group-103D57857047: changes role from  FOLLOWER to FOLLOWER at term 4 for recognizeCandidate:9efa5aa2-6c41-460f-b55e-e6135d265426
2019-10-15 15:56:12,054 [grpc-default-executor-7] INFO  impl.RaftServerImpl (RaftServerImpl.java:setRole(184)) - b7ff31bb-ae39-4067-a71c-fb5e6b3a0e64@group-103D57857047: changes role from  FOLLOWER to FOLLOWER at term 4 for recognizeCandidate:9efa5aa2-6c41-460f-b55e-e6135d265426
2019-10-15 15:56:12,054 [grpc-default-executor-0] INFO  impl.RoleInfo (RoleInfo.java:shutdownFollowerState(121)) - 502b81c0-94cc-42d9-ac22-46124b9f2555: shutdown FollowerState
2019-10-15 15:56:12,054 [grpc-default-executor-7] INFO  impl.RoleInfo (RoleInfo.java:shutdownFollowerState(121)) - b7ff31bb-ae39-4067-a71c-fb5e6b3a0e64: shutdown FollowerState
2019-10-15 15:56:12,054 [grpc-default-executor-0] INFO  impl.RoleInfo (RoleInfo.java:updateAndGet(143)) - 502b81c0-94cc-42d9-ac22-46124b9f2555: start FollowerState
2019-10-15 15:56:12,054 [Thread-558] INFO  impl.FollowerState (FollowerState.java:run(117)) - b7ff31bb-ae39-4067-a71c-fb5e6b3a0e64@group-103D57857047-FollowerState was interrupted: java.lang.InterruptedException: sleep interrupted
2019-10-15 15:56:12,054 [grpc-default-executor-7] INFO  impl.RoleInfo (RoleInfo.java:updateAndGet(143)) - b7ff31bb-ae39-4067-a71c-fb5e6b3a0e64: start FollowerState
2019-10-15 15:56:12,054 [Thread-560] INFO  impl.FollowerState (FollowerState.java:run(117)) - 502b81c0-94cc-42d9-ac22-46124b9f2555@group-103D57857047-FollowerState was interrupted: java.lang.InterruptedException: sleep interrupted
2019-10-15 15:56:12,073 [9efa5aa2-6c41-460f-b55e-e6135d265426@group-103D57857047-LeaderElection9] INFO  impl.LeaderElection (LeaderElection.java:logAndReturn(56)) - 9efa5aa2-6c41-460f-b55e-e6135d265426@group-103D57857047-LeaderElection9: Election REJECTED; received 2 response(s) [9efa5aa2-6c41-460f-b55e-e6135d265426<-502b81c0-94cc-42d9-ac22-46124b9f2555#0:FAIL-t4, 9efa5aa2-6c41-460f-b55e-e6135d265426<-b7ff31bb-ae39-4067-a71c-fb5e6b3a0e64#0:FAIL-t4] and 0 exception(s); 9efa5aa2-6c41-460f-b55e-e6135d265426@group-103D57857047:t4, leader=null, voted=9efa5aa2-6c41-460f-b55e-e6135d265426, raftlog=9efa5aa2-6c41-460f-b55e-e6135d265426@group-103D57857047-SegmentedRaftLog:OPENED:c3,f4,i4, conf=0: [502b81c0-94cc-42d9-ac22-46124b9f2555:192.168.69.88:45179, 9efa5aa2-6c41-460f-b55e-e6135d265426:192.168.69.88:35771, b7ff31bb-ae39-4067-a71c-fb5e6b3a0e64:192.168.69.88:37247], old=null
2019-10-15 15:56:12,074 [9efa5aa2-6c41-460f-b55e-e6135d265426@group-103D57857047-LeaderElection9] INFO  impl.RaftServerImpl (RaftServerImpl.java:setRole(184)) - 9efa5aa2-6c41-460f-b55e-e6135d265426@group-103D57857047: changes role from CANDIDATE to FOLLOWER at term 4 for DISCOVERED_A_NEW_TERM
2019-10-15 15:56:12,075 [9efa5aa2-6c41-460f-b55e-e6135d265426@group-103D57857047-LeaderElection9] INFO  impl.RoleInfo (RoleInfo.java:shutdownLeaderElection(134)) - 9efa5aa2-6c41-460f-b55e-e6135d265426: shutdown LeaderElection
2019-10-15 15:56:12,075 [9efa5aa2-6c41-460f-b55e-e6135d265426@group-103D57857047-LeaderElection9] INFO  impl.RoleInfo (RoleInfo.java:updateAndGet(143)) - 9efa5aa2-6c41-460f-b55e-e6135d265426: start FollowerState
2019-10-15 15:56:12,183 [Thread-569] INFO  impl.FollowerState (FollowerState.java:run(108)) - 9efa5aa2-6c41-460f-b55e-e6135d265426@group-103D57857047-FollowerState: change to CANDIDATE, lastRpcTime:108ms, electionTimeout:107ms
2019-10-15 15:56:12,185 [Thread-569] INFO  impl.RoleInfo (RoleInfo.java:shutdownFollowerState(121)) - 9efa5aa2-6c41-460f-b55e-e6135d265426: shutdown FollowerState
2019-10-15 15:56:12,185 [Thread-569] INFO  impl.RaftServerImpl (RaftServerImpl.java:setRole(184)) - 9efa5aa2-6c41-460f-b55e-e6135d265426@group-103D57857047: changes role from  FOLLOWER to CANDIDATE at term 4 for changeToCandidate
2019-10-15 15:56:12,185 [Thread-569] INFO  impl.RoleInfo (RoleInfo.java:updateAndGet(143)) - 9efa5aa2-6c41-460f-b55e-e6135d265426: start LeaderElection
2019-10-15 15:56:12,200 [9efa5aa2-6c41-460f-b55e-e6135d265426@group-103D57857047-LeaderElection10] INFO  impl.LeaderElection (LeaderElection.java:askForVotes(178)) - 9efa5aa2-6c41-460f-b55e-e6135d265426@group-103D57857047-LeaderElection10: begin an election at term 5 for 0: [502b81c0-94cc-42d9-ac22-46124b9f2555:192.168.69.88:45179, 9efa5aa2-6c41-460f-b55e-e6135d265426:192.168.69.88:35771, b7ff31bb-ae39-4067-a71c-fb5e6b3a0e64:192.168.69.88:37247], old=null
2019-10-15 15:56:12,205 [grpc-default-executor-0] INFO  impl.RaftServerImpl (RaftServerImpl.java:setRole(184)) - b7ff31bb-ae39-4067-a71c-fb5e6b3a0e64@group-103D57857047: changes role from  FOLLOWER to FOLLOWER at term 5 for recognizeCandidate:9efa5aa2-6c41-460f-b55e-e6135d265426
2019-10-15 15:56:12,206 [grpc-default-executor-0] INFO  impl.RoleInfo (RoleInfo.java:shutdownFollowerState(121)) - b7ff31bb-ae39-4067-a71c-fb5e6b3a0e64: shutdown FollowerState
2019-10-15 15:56:12,206 [grpc-default-executor-7] INFO  impl.RaftServerImpl (RaftServerImpl.java:setRole(184)) - 502b81c0-94cc-42d9-ac22-46124b9f2555@group-103D57857047: changes role from  FOLLOWER to FOLLOWER at term 5 for recognizeCandidate:9efa5aa2-6c41-460f-b55e-e6135d265426
2019-10-15 15:56:12,206 [grpc-default-executor-0] INFO  impl.RoleInfo (RoleInfo.java:updateAndGet(143)) - b7ff31bb-ae39-4067-a71c-fb5e6b3a0e64: start FollowerState
2019-10-15 15:56:12,206 [Thread-568] INFO  impl.FollowerState (FollowerState.java:run(117)) - b7ff31bb-ae39-4067-a71c-fb5e6b3a0e64@group-103D57857047-FollowerState was interrupted: java.lang.InterruptedException: sleep interrupted
2019-10-15 15:56:12,206 [grpc-default-executor-7] INFO  impl.RoleInfo (RoleInfo.java:shutdownFollowerState(121)) - 502b81c0-94cc-42d9-ac22-46124b9f2555: shutdown FollowerState
2019-10-15 15:56:12,208 [Thread-567] INFO  impl.FollowerState (FollowerState.java:run(117)) - 502b81c0-94cc-42d9-ac22-46124b9f2555@group-103D57857047-FollowerState was interrupted: java.lang.InterruptedException: sleep interrupted
2019-10-15 15:56:12,208 [grpc-default-executor-7] INFO  impl.RoleInfo (RoleInfo.java:updateAndGet(143)) - 502b81c0-94cc-42d9-ac22-46124b9f2555: start FollowerState
2019-10-15 15:56:12,215 [9efa5aa2-6c41-460f-b55e-e6135d265426@group-103D57857047-LeaderElection10] INFO  impl.LeaderElection (LeaderElection.java:logAndReturn(56)) - 9efa5aa2-6c41-460f-b55e-e6135d265426@group-103D57857047-LeaderElection10: Election TIMEOUT; received 0 response(s) [] and 0 exception(s); 9efa5aa2-6c41-460f-b55e-e6135d265426@group-103D57857047:t5, leader=null, voted=9efa5aa2-6c41-460f-b55e-e6135d265426, raftlog=9efa5aa2-6c41-460f-b55e-e6135d265426@group-103D57857047-SegmentedRaftLog:OPENED:c3,f4,i4, conf=0: [502b81c0-94cc-42d9-ac22-46124b9f2555:192.168.69.88:45179, 9efa5aa2-6c41-460f-b55e-e6135d265426:192.168.69.88:35771, b7ff31bb-ae39-4067-a71c-fb5e6b3a0e64:192.168.69.88:37247], old=null
2019-10-15 15:56:12,222 [9efa5aa2-6c41-460f-b55e-e6135d265426@group-103D57857047-LeaderElection10] INFO  impl.LeaderElection (LeaderElection.java:askForVotes(178)) - 9efa5aa2-6c41-460f-b55e-e6135d265426@group-103D57857047-LeaderElection10: begin an election at term 6 for 0: [502b81c0-94cc-42d9-ac22-46124b9f2555:192.168.69.88:45179, 9efa5aa2-6c41-460f-b55e-e6135d265426:192.168.69.88:35771, b7ff31bb-ae39-4067-a71c-fb5e6b3a0e64:192.168.69.88:37247], old=null
2019-10-15 15:56:12,230 [grpc-default-executor-0] INFO  impl.RaftServerImpl (RaftServerImpl.java:setRole(184)) - b7ff31bb-ae39-4067-a71c-fb5e6b3a0e64@group-103D57857047: changes role from  FOLLOWER to FOLLOWER at term 6 for recognizeCandidate:9efa5aa2-6c41-460f-b55e-e6135d265426
2019-10-15 15:56:12,231 [grpc-default-executor-0] INFO  impl.RoleInfo (RoleInfo.java:shutdownFollowerState(121)) - b7ff31bb-ae39-4067-a71c-fb5e6b3a0e64: shutdown FollowerState
2019-10-15 15:56:12,232 [Thread-573] INFO  impl.FollowerState (FollowerState.java:run(117)) - b7ff31bb-ae39-4067-a71c-fb5e6b3a0e64@group-103D57857047-FollowerState was interrupted: java.lang.InterruptedException: sleep interrupted
2019-10-15 15:56:12,232 [grpc-default-executor-0] INFO  impl.RoleInfo (RoleInfo.java:updateAndGet(143)) - b7ff31bb-ae39-4067-a71c-fb5e6b3a0e64: start FollowerState
2019-10-15 15:56:12,233 [grpc-default-executor-7] INFO  impl.RaftServerImpl (RaftServerImpl.java:setRole(184)) - 502b81c0-94cc-42d9-ac22-46124b9f2555@group-103D57857047: changes role from  FOLLOWER to FOLLOWER at term 6 for recognizeCandidate:9efa5aa2-6c41-460f-b55e-e6135d265426
2019-10-15 15:56:12,233 [grpc-default-executor-7] INFO  impl.RoleInfo (RoleInfo.java:shutdownFollowerState(121)) - 502b81c0-94cc-42d9-ac22-46124b9f2555: shutdown FollowerState
2019-10-15 15:56:12,233 [Thread-574] INFO  impl.FollowerState (FollowerState.java:run(117)) - 502b81c0-94cc-42d9-ac22-46124b9f2555@group-103D57857047-FollowerState was interrupted: java.lang.InterruptedException: sleep interrupted
2019-10-15 15:56:12,233 [grpc-default-executor-7] INFO  impl.RoleInfo (RoleInfo.java:updateAndGet(143)) - 502b81c0-94cc-42d9-ac22-46124b9f2555: start FollowerState
2019-10-15 15:56:12,258 [9efa5aa2-6c41-460f-b55e-e6135d265426@group-103D57857047-LeaderElection10] INFO  impl.LeaderElection (LeaderElection.java:logAndReturn(56)) - 9efa5aa2-6c41-460f-b55e-e6135d265426@group-103D57857047-LeaderElection10: Election REJECTED; received 2 response(s) [9efa5aa2-6c41-460f-b55e-e6135d265426<-502b81c0-94cc-42d9-ac22-46124b9f2555#0:FAIL-t6, 9efa5aa2-6c41-460f-b55e-e6135d265426<-b7ff31bb-ae39-4067-a71c-fb5e6b3a0e64#0:FAIL-t6] and 0 exception(s); 9efa5aa2-6c41-460f-b55e-e6135d265426@group-103D57857047:t6, leader=null, voted=9efa5aa2-6c41-460f-b55e-e6135d265426, raftlog=9efa5aa2-6c41-460f-b55e-e6135d265426@group-103D57857047-SegmentedRaftLog:OPENED:c3,f4,i4, conf=0: [502b81c0-94cc-42d9-ac22-46124b9f2555:192.168.69.88:45179, 9efa5aa2-6c41-460f-b55e-e6135d265426:192.168.69.88:35771, b7ff31bb-ae39-4067-a71c-fb5e6b3a0e64:192.168.69.88:37247], old=null
2019-10-15 15:56:12,258 [9efa5aa2-6c41-460f-b55e-e6135d265426@group-103D57857047-LeaderElection10] INFO  impl.RaftServerImpl (RaftServerImpl.java:setRole(184)) - 9efa5aa2-6c41-460f-b55e-e6135d265426@group-103D57857047: changes role from CANDIDATE to FOLLOWER at term 6 for DISCOVERED_A_NEW_TERM
2019-10-15 15:56:12,259 [9efa5aa2-6c41-460f-b55e-e6135d265426@group-103D57857047-LeaderElection10] INFO  impl.RoleInfo (RoleInfo.java:shutdownLeaderElection(134)) - 9efa5aa2-6c41-460f-b55e-e6135d265426: shutdown LeaderElection
2019-10-15 15:56:12,259 [9efa5aa2-6c41-460f-b55e-e6135d265426@group-103D57857047-LeaderElection10] INFO  impl.RoleInfo (RoleInfo.java:updateAndGet(143)) - 9efa5aa2-6c41-460f-b55e-e6135d265426: start FollowerState
2019-10-15 15:56:12,290 [Thread-579] INFO  impl.FollowerState (FollowerState.java:run(108)) - 9efa5aa2-6c41-460f-b55e-e6135d265426@group-103D57857047-FollowerState: change to CANDIDATE, lastRpcTime:30ms, electionTimeout:29ms
2019-10-15 15:56:12,291 [Thread-579] INFO  impl.RoleInfo (RoleInfo.java:shutdownFollowerState(121)) - 9efa5aa2-6c41-460f-b55e-e6135d265426: shutdown FollowerState
2019-10-15 15:56:12,291 [Thread-579] INFO  impl.RaftServerImpl (RaftServerImpl.java:setRole(184)) - 9efa5aa2-6c41-460f-b55e-e6135d265426@group-103D57857047: changes role from  FOLLOWER to CANDIDATE at term 6 for changeToCandidate
2019-10-15 15:56:12,291 [Thread-579] INFO  impl.RoleInfo (RoleInfo.java:updateAndGet(143)) - 9efa5aa2-6c41-460f-b55e-e6135d265426: start LeaderElection
2019-10-15 15:56:12,297 [9efa5aa2-6c41-460f-b55e-e6135d265426@group-103D57857047-LeaderElection11] INFO  impl.LeaderElection (LeaderElection.java:askForVotes(178)) - 9efa5aa2-6c41-460f-b55e-e6135d265426@group-103D57857047-LeaderElection11: begin an election at term 7 for 0: [502b81c0-94cc-42d9-ac22-46124b9f2555:192.168.69.88:45179, 9efa5aa2-6c41-460f-b55e-e6135d265426:192.168.69.88:35771, b7ff31bb-ae39-4067-a71c-fb5e6b3a0e64:192.168.69.88:37247], old=null
2019-10-15 15:56:12,303 [grpc-default-executor-7] INFO  impl.RaftServerImpl (RaftServerImpl.java:setRole(184)) - 502b81c0-94cc-42d9-ac22-46124b9f2555@group-103D57857047: changes role from  FOLLOWER to FOLLOWER at term 7 for recognizeCandidate:9efa5aa2-6c41-460f-b55e-e6135d265426
2019-10-15 15:56:12,303 [grpc-default-executor-7] INFO  impl.RoleInfo (RoleInfo.java:shutdownFollowerState(121)) - 502b81c0-94cc-42d9-ac22-46124b9f2555: shutdown FollowerState
2019-10-15 15:56:12,303 [grpc-default-executor-0] INFO  impl.RaftServerImpl (RaftServerImpl.java:setRole(184)) - b7ff31bb-ae39-4067-a71c-fb5e6b3a0e64@group-103D57857047: changes role from  FOLLOWER to FOLLOWER at term 7 for recognizeCandidate:9efa5aa2-6c41-460f-b55e-e6135d265426
2019-10-15 15:56:12,303 [grpc-default-executor-7] INFO  impl.RoleInfo (RoleInfo.java:updateAndGet(143)) - 502b81c0-94cc-42d9-ac22-46124b9f2555: start FollowerState
2019-10-15 15:56:12,303 [Thread-578] INFO  impl.FollowerState (FollowerState.java:run(117)) - 502b81c0-94cc-42d9-ac22-46124b9f2555@group-103D57857047-FollowerState was interrupted: java.lang.InterruptedException: sleep interrupted
2019-10-15 15:56:12,303 [grpc-default-executor-0] INFO  impl.RoleInfo (RoleInfo.java:shutdownFollowerState(121)) - b7ff31bb-ae39-4067-a71c-fb5e6b3a0e64: shutdown FollowerState
2019-10-15 15:56:12,305 [Thread-577] INFO  impl.FollowerState (FollowerState.java:run(117)) - b7ff31bb-ae39-4067-a71c-fb5e6b3a0e64@group-103D57857047-FollowerState was interrupted: java.lang.InterruptedException: sleep interrupted
2019-10-15 15:56:12,305 [grpc-default-executor-0] INFO  impl.RoleInfo (RoleInfo.java:updateAndGet(143)) - b7ff31bb-ae39-4067-a71c-fb5e6b3a0e64: start FollowerState
2019-10-15 15:56:12,330 [9efa5aa2-6c41-460f-b55e-e6135d265426@group-103D57857047-LeaderElection11] INFO  impl.LeaderElection (LeaderElection.java:logAndReturn(56)) - 9efa5aa2-6c41-460f-b55e-e6135d265426@group-103D57857047-LeaderElection11: Election REJECTED; received 2 response(s) [9efa5aa2-6c41-460f-b55e-e6135d265426<-502b81c0-94cc-42d9-ac22-46124b9f2555#0:FAIL-t7, 9efa5aa2-6c41-460f-b55e-e6135d265426<-b7ff31bb-ae39-4067-a71c-fb5e6b3a0e64#0:FAIL-t7] and 0 exception(s); 9efa5aa2-6c41-460f-b55e-e6135d265426@group-103D57857047:t7, leader=null, voted=9efa5aa2-6c41-460f-b55e-e6135d265426, raftlog=9efa5aa2-6c41-460f-b55e-e6135d265426@group-103D57857047-SegmentedRaftLog:OPENED:c3,f4,i4, conf=0: [502b81c0-94cc-42d9-ac22-46124b9f2555:192.168.69.88:45179, 9efa5aa2-6c41-460f-b55e-e6135d265426:192.168.69.88:35771, b7ff31bb-ae39-4067-a71c-fb5e6b3a0e64:192.168.69.88:37247], old=null
2019-10-15 15:56:12,330 [9efa5aa2-6c41-460f-b55e-e6135d265426@group-103D57857047-LeaderElection11] INFO  impl.RaftServerImpl (RaftServerImpl.java:setRole(184)) - 9efa5aa2-6c41-460f-b55e-e6135d265426@group-103D57857047: changes role from CANDIDATE to FOLLOWER at term 7 for DISCOVERED_A_NEW_TERM
2019-10-15 15:56:12,332 [9efa5aa2-6c41-460f-b55e-e6135d265426@group-103D57857047-LeaderElection11] INFO  impl.RoleInfo (RoleInfo.java:shutdownLeaderElection(134)) - 9efa5aa2-6c41-460f-b55e-e6135d265426: shutdown LeaderElection
2019-10-15 15:56:12,332 [9efa5aa2-6c41-460f-b55e-e6135d265426@group-103D57857047-LeaderElection11] INFO  impl.RoleInfo (RoleInfo.java:updateAndGet(143)) - 9efa5aa2-6c41-460f-b55e-e6135d265426: start FollowerState
2019-10-15 15:56:12,484 [Thread-585] INFO  impl.FollowerState (FollowerState.java:run(108)) - 9efa5aa2-6c41-460f-b55e-e6135d265426@group-103D57857047-FollowerState: change to CANDIDATE, lastRpcTime:152ms, electionTimeout:151ms
2019-10-15 15:56:12,486 [Thread-585] INFO  impl.RoleInfo (RoleInfo.java:shutdownFollowerState(121)) - 9efa5aa2-6c41-460f-b55e-e6135d265426: shutdown FollowerState
2019-10-15 15:56:12,486 [Thread-585] INFO  impl.RaftServerImpl (RaftServerImpl.java:setRole(184)) - 9efa5aa2-6c41-460f-b55e-e6135d265426@group-103D57857047: changes role from  FOLLOWER to CANDIDATE at term 7 for changeToCandidate
2019-10-15 15:56:12,486 [Thread-585] INFO  impl.RoleInfo (RoleInfo.java:updateAndGet(143)) - 9efa5aa2-6c41-460f-b55e-e6135d265426: start LeaderElection
2019-10-15 15:56:12,501 [9efa5aa2-6c41-460f-b55e-e6135d265426@group-103D57857047-LeaderElection12] INFO  impl.LeaderElection (LeaderElection.java:askForVotes(178)) - 9efa5aa2-6c41-460f-b55e-e6135d265426@group-103D57857047-LeaderElection12: begin an election at term 8 for 0: [502b81c0-94cc-42d9-ac22-46124b9f2555:192.168.69.88:45179, 9efa5aa2-6c41-460f-b55e-e6135d265426:192.168.69.88:35771, b7ff31bb-ae39-4067-a71c-fb5e6b3a0e64:192.168.69.88:37247], old=null
2019-10-15 15:56:12,506 [grpc-default-executor-7] INFO  impl.RaftServerImpl (RaftServerImpl.java:setRole(184)) - 502b81c0-94cc-42d9-ac22-46124b9f2555@group-103D57857047: changes role from  FOLLOWER to FOLLOWER at term 8 for recognizeCandidate:9efa5aa2-6c41-460f-b55e-e6135d265426
2019-10-15 15:56:12,506 [grpc-default-executor-0] INFO  impl.RaftServerImpl (RaftServerImpl.java:setRole(184)) - b7ff31bb-ae39-4067-a71c-fb5e6b3a0e64@group-103D57857047: changes role from  FOLLOWER to FOLLOWER at term 8 for recognizeCandidate:9efa5aa2-6c41-460f-b55e-e6135d265426
2019-10-15 15:56:12,506 [grpc-default-executor-7] INFO  impl.RoleInfo (RoleInfo.java:shutdownFollowerState(121)) - 502b81c0-94cc-42d9-ac22-46124b9f2555: shutdown FollowerState
2019-10-15 15:56:12,506 [grpc-default-executor-0] INFO  impl.RoleInfo (RoleInfo.java:shutdownFollowerState(121)) - b7ff31bb-ae39-4067-a71c-fb5e6b3a0e64: shutdown FollowerState
2019-10-15 15:56:12,507 [grpc-default-executor-7] INFO  impl.RoleInfo (RoleInfo.java:updateAndGet(143)) - 502b81c0-94cc-42d9-ac22-46124b9f2555: start FollowerState
2019-10-15 15:56:12,507 [Thread-583] INFO  impl.FollowerState (FollowerState.java:run(117)) - 502b81c0-94cc-42d9-ac22-46124b9f2555@group-103D57857047-FollowerState was interrupted: java.lang.InterruptedException: sleep interrupted
2019-10-15 15:56:12,507 [grpc-default-executor-0] INFO  impl.RoleInfo (RoleInfo.java:updateAndGet(143)) - b7ff31bb-ae39-4067-a71c-fb5e6b3a0e64: start FollowerState
2019-10-15 15:56:12,507 [Thread-584] INFO  impl.FollowerState (FollowerState.java:run(117)) - b7ff31bb-ae39-4067-a71c-fb5e6b3a0e64@group-103D57857047-FollowerState was interrupted: java.lang.InterruptedException: sleep interrupted
2019-10-15 15:56:12,523 [9efa5aa2-6c41-460f-b55e-e6135d265426@group-103D57857047-LeaderElection12] INFO  impl.LeaderElection (LeaderElection.java:logAndReturn(56)) - 9efa5aa2-6c41-460f-b55e-e6135d265426@group-103D57857047-LeaderElection12: Election REJECTED; received 2 response(s) [9efa5aa2-6c41-460f-b55e-e6135d265426<-502b81c0-94cc-42d9-ac22-46124b9f2555#0:FAIL-t8, 9efa5aa2-6c41-460f-b55e-e6135d265426<-b7ff31bb-ae39-4067-a71c-fb5e6b3a0e64#0:FAIL-t8] and 0 exception(s); 9efa5aa2-6c41-460f-b55e-e6135d265426@group-103D57857047:t8, leader=null, voted=9efa5aa2-6c41-460f-b55e-e6135d265426, raftlog=9efa5aa2-6c41-460f-b55e-e6135d265426@group-103D57857047-SegmentedRaftLog:OPENED:c3,f4,i4, conf=0: [502b81c0-94cc-42d9-ac22-46124b9f2555:192.168.69.88:45179, 9efa5aa2-6c41-460f-b55e-e6135d265426:192.168.69.88:35771, b7ff31bb-ae39-4067-a71c-fb5e6b3a0e64:192.168.69.88:37247], old=null
2019-10-15 15:56:12,524 [9efa5aa2-6c41-460f-b55e-e6135d265426@group-103D57857047-LeaderElection12] INFO  impl.RaftServerImpl (RaftServerImpl.java:setRole(184)) - 9efa5aa2-6c41-460f-b55e-e6135d265426@group-103D57857047: changes role from CANDIDATE to FOLLOWER at term 8 for DISCOVERED_A_NEW_TERM
2019-10-15 15:56:12,525 [9efa5aa2-6c41-460f-b55e-e6135d265426@group-103D57857047-LeaderElection12] INFO  impl.RoleInfo (RoleInfo.java:shutdownLeaderElection(134)) - 9efa5aa2-6c41-460f-b55e-e6135d265426: shutdown LeaderElection
2019-10-15 15:56:12,525 [9efa5aa2-6c41-460f-b55e-e6135d265426@group-103D57857047-LeaderElection12] INFO  impl.RoleInfo (RoleInfo.java:updateAndGet(143)) - 9efa5aa2-6c41-460f-b55e-e6135d265426: start FollowerState
2019-10-15 15:56:12,612 [pool-7-thread-2] INFO  commands.RetriableDatanodeEventWatcher (RetriableDatanodeEventWatcher.java:onTimeout(47)) - RetriableDatanodeCommand type=deleteBlocksCommand with id=1571154968614 timed out. Retrying.
2019-10-15 15:56:12,613 [pool-7-thread-4] INFO  commands.RetriableDatanodeEventWatcher (RetriableDatanodeEventWatcher.java:onTimeout(47)) - RetriableDatanodeCommand type=deleteBlocksCommand with id=1571154968612 timed out. Retrying.
2019-10-15 15:56:12,613 [pool-7-thread-3] INFO  commands.RetriableDatanodeEventWatcher (RetriableDatanodeEventWatcher.java:onTimeout(47)) - RetriableDatanodeCommand type=deleteBlocksCommand with id=1571154968616 timed out. Retrying.
2019-10-15 15:56:12,613 [pool-7-thread-1] INFO  commands.RetriableDatanodeEventWatcher (RetriableDatanodeEventWatcher.java:onTimeout(47)) - RetriableDatanodeCommand type=deleteBlocksCommand with id=1571154968610 timed out. Retrying.
2019-10-15 15:56:12,613 [SCMBlockDeletingService#0] INFO  block.SCMBlockDeletingService (SCMBlockDeletingService.java:call(184)) - Totally added 1 delete blocks command for 1 datanodes, task elapsed time: 1ms
2019-10-15 15:56:12,662 [Thread-591] INFO  impl.FollowerState (FollowerState.java:run(108)) - 9efa5aa2-6c41-460f-b55e-e6135d265426@group-103D57857047-FollowerState: change to CANDIDATE, lastRpcTime:137ms, electionTimeout:136ms
2019-10-15 15:56:12,662 [Thread-591] INFO  impl.RoleInfo (RoleInfo.java:shutdownFollowerState(121)) - 9efa5aa2-6c41-460f-b55e-e6135d265426: shutdown FollowerState
2019-10-15 15:56:12,663 [Thread-591] INFO  impl.RaftServerImpl (RaftServerImpl.java:setRole(184)) - 9efa5aa2-6c41-460f-b55e-e6135d265426@group-103D57857047: changes role from  FOLLOWER to CANDIDATE at term 8 for changeToCandidate
2019-10-15 15:56:12,663 [Thread-591] INFO  impl.RoleInfo (RoleInfo.java:updateAndGet(143)) - 9efa5aa2-6c41-460f-b55e-e6135d265426: start LeaderElection
2019-10-15 15:56:12,677 [9efa5aa2-6c41-460f-b55e-e6135d265426@group-103D57857047-LeaderElection13] INFO  impl.LeaderElection (LeaderElection.java:askForVotes(178)) - 9efa5aa2-6c41-460f-b55e-e6135d265426@group-103D57857047-LeaderElection13: begin an election at term 9 for 0: [502b81c0-94cc-42d9-ac22-46124b9f2555:192.168.69.88:45179, 9efa5aa2-6c41-460f-b55e-e6135d265426:192.168.69.88:35771, b7ff31bb-ae39-4067-a71c-fb5e6b3a0e64:192.168.69.88:37247], old=null
2019-10-15 15:56:12,682 [grpc-default-executor-0] INFO  impl.RaftServerImpl (RaftServerImpl.java:setRole(184)) - 502b81c0-94cc-42d9-ac22-46124b9f2555@group-103D57857047: changes role from  FOLLOWER to FOLLOWER at term 9 for recognizeCandidate:9efa5aa2-6c41-460f-b55e-e6135d265426
2019-10-15 15:56:12,682 [grpc-default-executor-7] INFO  impl.RaftServerImpl (RaftServerImpl.java:setRole(184)) - b7ff31bb-ae39-4067-a71c-fb5e6b3a0e64@group-103D57857047: changes role from  FOLLOWER to FOLLOWER at term 9 for recognizeCandidate:9efa5aa2-6c41-460f-b55e-e6135d265426
2019-10-15 15:56:12,682 [grpc-default-executor-0] INFO  impl.RoleInfo (RoleInfo.java:shutdownFollowerState(121)) - 502b81c0-94cc-42d9-ac22-46124b9f2555: shutdown FollowerState
2019-10-15 15:56:12,682 [grpc-default-executor-7] INFO  impl.RoleInfo (RoleInfo.java:shutdownFollowerState(121)) - b7ff31bb-ae39-4067-a71c-fb5e6b3a0e64: shutdown FollowerState
2019-10-15 15:56:12,682 [Thread-589] INFO  impl.FollowerState (FollowerState.java:run(117)) - 502b81c0-94cc-42d9-ac22-46124b9f2555@group-103D57857047-FollowerState was interrupted: java.lang.InterruptedException: sleep interrupted
2019-10-15 15:56:12,682 [grpc-default-executor-0] INFO  impl.RoleInfo (RoleInfo.java:updateAndGet(143)) - 502b81c0-94cc-42d9-ac22-46124b9f2555: start FollowerState
2019-10-15 15:56:12,682 [grpc-default-executor-7] INFO  impl.RoleInfo (RoleInfo.java:updateAndGet(143)) - b7ff31bb-ae39-4067-a71c-fb5e6b3a0e64: start FollowerState
2019-10-15 15:56:12,682 [Thread-590] INFO  impl.FollowerState (FollowerState.java:run(117)) - b7ff31bb-ae39-4067-a71c-fb5e6b3a0e64@group-103D57857047-FollowerState was interrupted: java.lang.InterruptedException: sleep interrupted
2019-10-15 15:56:12,700 [9efa5aa2-6c41-460f-b55e-e6135d265426@group-103D57857047-LeaderElection13] INFO  impl.LeaderElection (LeaderElection.java:logAndReturn(56)) - 9efa5aa2-6c41-460f-b55e-e6135d265426@group-103D57857047-LeaderElection13: Election REJECTED; received 2 response(s) [9efa5aa2-6c41-460f-b55e-e6135d265426<-502b81c0-94cc-42d9-ac22-46124b9f2555#0:FAIL-t9, 9efa5aa2-6c41-460f-b55e-e6135d265426<-b7ff31bb-ae39-4067-a71c-fb5e6b3a0e64#0:FAIL-t9] and 0 exception(s); 9efa5aa2-6c41-460f-b55e-e6135d265426@group-103D57857047:t9, leader=null, voted=9efa5aa2-6c41-460f-b55e-e6135d265426, raftlog=9efa5aa2-6c41-460f-b55e-e6135d265426@group-103D57857047-SegmentedRaftLog:OPENED:c3,f4,i4, conf=0: [502b81c0-94cc-42d9-ac22-46124b9f2555:192.168.69.88:45179, 9efa5aa2-6c41-460f-b55e-e6135d265426:192.168.69.88:35771, b7ff31bb-ae39-4067-a71c-fb5e6b3a0e64:192.168.69.88:37247], old=null
2019-10-15 15:56:12,701 [9efa5aa2-6c41-460f-b55e-e6135d265426@group-103D57857047-LeaderElection13] INFO  impl.RaftServerImpl (RaftServerImpl.java:setRole(184)) - 9efa5aa2-6c41-460f-b55e-e6135d265426@group-103D57857047: changes role from CANDIDATE to FOLLOWER at term 9 for DISCOVERED_A_NEW_TERM
2019-10-15 15:56:12,702 [9efa5aa2-6c41-460f-b55e-e6135d265426@group-103D57857047-LeaderElection13] INFO  impl.RoleInfo (RoleInfo.java:shutdownLeaderElection(134)) - 9efa5aa2-6c41-460f-b55e-e6135d265426: shutdown LeaderElection
2019-10-15 15:56:12,702 [9efa5aa2-6c41-460f-b55e-e6135d265426@group-103D57857047-LeaderElection13] INFO  impl.RoleInfo (RoleInfo.java:updateAndGet(143)) - 9efa5aa2-6c41-460f-b55e-e6135d265426: start FollowerState
2019-10-15 15:56:12,854 [Thread-600] INFO  client.GrpcClientProtocolService (GrpcClientProtocolService.java:lambda$processClientRequest$0(278)) - Failed RaftClientRequest:client-9849FE5BA529->b7ff31bb-ae39-4067-a71c-fb5e6b3a0e64@group-103D57857047, cid=10, seq=0, Watch-ALL_COMMITTED(6), Message:<EMPTY>, reply=RaftClientReply:client-9849FE5BA529->b7ff31bb-ae39-4067-a71c-fb5e6b3a0e64@group-103D57857047, cid=10, FAILED org.apache.ratis.protocol.NotLeaderException: Server b7ff31bb-ae39-4067-a71c-fb5e6b3a0e64@group-103D57857047 is not the leader, logIndex=0, commits[b7ff31bb-ae39-4067-a71c-fb5e6b3a0e64:c10, 502b81c0-94cc-42d9-ac22-46124b9f2555:c10, 9efa5aa2-6c41-460f-b55e-e6135d265426:c4]
2019-10-15 15:56:12,878 [Thread-598] INFO  impl.FollowerState (FollowerState.java:run(108)) - 9efa5aa2-6c41-460f-b55e-e6135d265426@group-103D57857047-FollowerState: change to CANDIDATE, lastRpcTime:175ms, electionTimeout:174ms
2019-10-15 15:56:12,879 [Thread-598] INFO  impl.RoleInfo (RoleInfo.java:shutdownFollowerState(121)) - 9efa5aa2-6c41-460f-b55e-e6135d265426: shutdown FollowerState
2019-10-15 15:56:12,879 [Thread-598] INFO  impl.RaftServerImpl (RaftServerImpl.java:setRole(184)) - 9efa5aa2-6c41-460f-b55e-e6135d265426@group-103D57857047: changes role from  FOLLOWER to CANDIDATE at term 9 for changeToCandidate
2019-10-15 15:56:12,879 [Thread-598] INFO  impl.RoleInfo (RoleInfo.java:updateAndGet(143)) - 9efa5aa2-6c41-460f-b55e-e6135d265426: start LeaderElection
2019-10-15 15:56:12,894 [9efa5aa2-6c41-460f-b55e-e6135d265426@group-103D57857047-LeaderElection14] INFO  impl.LeaderElection (LeaderElection.java:askForVotes(178)) - 9efa5aa2-6c41-460f-b55e-e6135d265426@group-103D57857047-LeaderElection14: begin an election at term 10 for 0: [502b81c0-94cc-42d9-ac22-46124b9f2555:192.168.69.88:45179, 9efa5aa2-6c41-460f-b55e-e6135d265426:192.168.69.88:35771, b7ff31bb-ae39-4067-a71c-fb5e6b3a0e64:192.168.69.88:37247], old=null
2019-10-15 15:56:12,897 [grpc-default-executor-0] INFO  impl.RaftServerImpl (RaftServerImpl.java:setRole(184)) - 502b81c0-94cc-42d9-ac22-46124b9f2555@group-103D57857047: changes role from  FOLLOWER to FOLLOWER at term 10 for recognizeCandidate:9efa5aa2-6c41-460f-b55e-e6135d265426
2019-10-15 15:56:12,898 [grpc-default-executor-0] INFO  impl.RoleInfo (RoleInfo.java:shutdownFollowerState(121)) - 502b81c0-94cc-42d9-ac22-46124b9f2555: shutdown FollowerState
2019-10-15 15:56:12,898 [grpc-default-executor-0] INFO  impl.RoleInfo (RoleInfo.java:updateAndGet(143)) - 502b81c0-94cc-42d9-ac22-46124b9f2555: start FollowerState
2019-10-15 15:56:12,898 [Thread-596] INFO  impl.FollowerState (FollowerState.java:run(117)) - 502b81c0-94cc-42d9-ac22-46124b9f2555@group-103D57857047-FollowerState was interrupted: java.lang.InterruptedException: sleep interrupted
2019-10-15 15:56:12,900 [grpc-default-executor-7] INFO  impl.RaftServerImpl (RaftServerImpl.java:setRole(184)) - b7ff31bb-ae39-4067-a71c-fb5e6b3a0e64@group-103D57857047: changes role from  FOLLOWER to FOLLOWER at term 10 for recognizeCandidate:9efa5aa2-6c41-460f-b55e-e6135d265426
2019-10-15 15:56:12,900 [grpc-default-executor-7] INFO  impl.RoleInfo (RoleInfo.java:shutdownFollowerState(121)) - b7ff31bb-ae39-4067-a71c-fb5e6b3a0e64: shutdown FollowerState
2019-10-15 15:56:12,900 [grpc-default-executor-7] INFO  impl.RoleInfo (RoleInfo.java:updateAndGet(143)) - b7ff31bb-ae39-4067-a71c-fb5e6b3a0e64: start FollowerState
2019-10-15 15:56:12,900 [Thread-597] INFO  impl.FollowerState (FollowerState.java:run(117)) - b7ff31bb-ae39-4067-a71c-fb5e6b3a0e64@group-103D57857047-FollowerState was interrupted: java.lang.InterruptedException: sleep interrupted
2019-10-15 15:56:12,914 [9efa5aa2-6c41-460f-b55e-e6135d265426@group-103D57857047-LeaderElection14] INFO  impl.LeaderElection (LeaderElection.java:logAndReturn(56)) - 9efa5aa2-6c41-460f-b55e-e6135d265426@group-103D57857047-LeaderElection14: Election REJECTED; received 2 response(s) [9efa5aa2-6c41-460f-b55e-e6135d265426<-502b81c0-94cc-42d9-ac22-46124b9f2555#0:FAIL-t10, 9efa5aa2-6c41-460f-b55e-e6135d265426<-b7ff31bb-ae39-4067-a71c-fb5e6b3a0e64#0:FAIL-t10] and 0 exception(s); 9efa5aa2-6c41-460f-b55e-e6135d265426@group-103D57857047:t10, leader=null, voted=9efa5aa2-6c41-460f-b55e-e6135d265426, raftlog=9efa5aa2-6c41-460f-b55e-e6135d265426@group-103D57857047-SegmentedRaftLog:OPENED:c3,f4,i4, conf=0: [502b81c0-94cc-42d9-ac22-46124b9f2555:192.168.69.88:45179, 9efa5aa2-6c41-460f-b55e-e6135d265426:192.168.69.88:35771, b7ff31bb-ae39-4067-a71c-fb5e6b3a0e64:192.168.69.88:37247], old=null
2019-10-15 15:56:12,914 [9efa5aa2-6c41-460f-b55e-e6135d265426@group-103D57857047-LeaderElection14] INFO  impl.RaftServerImpl (RaftServerImpl.java:setRole(184)) - 9efa5aa2-6c41-460f-b55e-e6135d265426@group-103D57857047: changes role from CANDIDATE to FOLLOWER at term 10 for DISCOVERED_A_NEW_TERM
2019-10-15 15:56:12,917 [9efa5aa2-6c41-460f-b55e-e6135d265426@group-103D57857047-LeaderElection14] INFO  impl.RoleInfo (RoleInfo.java:shutdownLeaderElection(134)) - 9efa5aa2-6c41-460f-b55e-e6135d265426: shutdown LeaderElection
2019-10-15 15:56:12,917 [9efa5aa2-6c41-460f-b55e-e6135d265426@group-103D57857047-LeaderElection14] INFO  impl.RoleInfo (RoleInfo.java:updateAndGet(143)) - 9efa5aa2-6c41-460f-b55e-e6135d265426: start FollowerState
2019-10-15 15:56:12,940 [Thread-607] INFO  impl.FollowerState (FollowerState.java:run(108)) - 9efa5aa2-6c41-460f-b55e-e6135d265426@group-103D57857047-FollowerState: change to CANDIDATE, lastRpcTime:23ms, electionTimeout:23ms
2019-10-15 15:56:12,941 [Thread-607] INFO  impl.RoleInfo (RoleInfo.java:shutdownFollowerState(121)) - 9efa5aa2-6c41-460f-b55e-e6135d265426: shutdown FollowerState
2019-10-15 15:56:12,941 [Thread-607] INFO  impl.RaftServerImpl (RaftServerImpl.java:setRole(184)) - 9efa5aa2-6c41-460f-b55e-e6135d265426@group-103D57857047: changes role from  FOLLOWER to CANDIDATE at term 10 for changeToCandidate
2019-10-15 15:56:12,941 [Thread-607] INFO  impl.RoleInfo (RoleInfo.java:updateAndGet(143)) - 9efa5aa2-6c41-460f-b55e-e6135d265426: start LeaderElection
2019-10-15 15:56:12,956 [9efa5aa2-6c41-460f-b55e-e6135d265426@group-103D57857047-LeaderElection15] INFO  impl.LeaderElection (LeaderElection.java:askForVotes(178)) - 9efa5aa2-6c41-460f-b55e-e6135d265426@group-103D57857047-LeaderElection15: begin an election at term 11 for 0: [502b81c0-94cc-42d9-ac22-46124b9f2555:192.168.69.88:45179, 9efa5aa2-6c41-460f-b55e-e6135d265426:192.168.69.88:35771, b7ff31bb-ae39-4067-a71c-fb5e6b3a0e64:192.168.69.88:37247], old=null
2019-10-15 15:56:12,960 [grpc-default-executor-0] INFO  impl.RaftServerImpl (RaftServerImpl.java:setRole(184)) - b7ff31bb-ae39-4067-a71c-fb5e6b3a0e64@group-103D57857047: changes role from  FOLLOWER to FOLLOWER at term 11 for recognizeCandidate:9efa5aa2-6c41-460f-b55e-e6135d265426
2019-10-15 15:56:12,960 [grpc-default-executor-7] INFO  impl.RaftServerImpl (RaftServerImpl.java:setRole(184)) - 502b81c0-94cc-42d9-ac22-46124b9f2555@group-103D57857047: changes role from  FOLLOWER to FOLLOWER at term 11 for recognizeCandidate:9efa5aa2-6c41-460f-b55e-e6135d265426
2019-10-15 15:56:12,961 [grpc-default-executor-0] INFO  impl.RoleInfo (RoleInfo.java:shutdownFollowerState(121)) - b7ff31bb-ae39-4067-a71c-fb5e6b3a0e64: shutdown FollowerState
2019-10-15 15:56:12,961 [grpc-default-executor-7] INFO  impl.RoleInfo (RoleInfo.java:shutdownFollowerState(121)) - 502b81c0-94cc-42d9-ac22-46124b9f2555: shutdown FollowerState
2019-10-15 15:56:12,961 [grpc-default-executor-0] INFO  impl.RoleInfo (RoleInfo.java:updateAndGet(143)) - b7ff31bb-ae39-4067-a71c-fb5e6b3a0e64: start FollowerState
2019-10-15 15:56:12,961 [Thread-606] INFO  impl.FollowerState (FollowerState.java:run(117)) - b7ff31bb-ae39-4067-a71c-fb5e6b3a0e64@group-103D57857047-FollowerState was interrupted: java.lang.InterruptedException: sleep interrupted
2019-10-15 15:56:12,961 [grpc-default-executor-7] INFO  impl.RoleInfo (RoleInfo.java:updateAndGet(143)) - 502b81c0-94cc-42d9-ac22-46124b9f2555: start FollowerState
2019-10-15 15:56:12,961 [Thread-605] INFO  impl.FollowerState (FollowerState.java:run(117)) - 502b81c0-94cc-42d9-ac22-46124b9f2555@group-103D57857047-FollowerState was interrupted: java.lang.InterruptedException: sleep interrupted
2019-10-15 15:56:12,978 [9efa5aa2-6c41-460f-b55e-e6135d265426@group-103D57857047-LeaderElection15] INFO  impl.LeaderElection (LeaderElection.java:logAndReturn(56)) - 9efa5aa2-6c41-460f-b55e-e6135d265426@group-103D57857047-LeaderElection15: Election REJECTED; received 2 response(s) [9efa5aa2-6c41-460f-b55e-e6135d265426<-502b81c0-94cc-42d9-ac22-46124b9f2555#0:FAIL-t11, 9efa5aa2-6c41-460f-b55e-e6135d265426<-b7ff31bb-ae39-4067-a71c-fb5e6b3a0e64#0:FAIL-t11] and 0 exception(s); 9efa5aa2-6c41-460f-b55e-e6135d265426@group-103D57857047:t11, leader=null, voted=9efa5aa2-6c41-460f-b55e-e6135d265426, raftlog=9efa5aa2-6c41-460f-b55e-e6135d265426@group-103D57857047-SegmentedRaftLog:OPENED:c3,f4,i4, conf=0: [502b81c0-94cc-42d9-ac22-46124b9f2555:192.168.69.88:45179, 9efa5aa2-6c41-460f-b55e-e6135d265426:192.168.69.88:35771, b7ff31bb-ae39-4067-a71c-fb5e6b3a0e64:192.168.69.88:37247], old=null
2019-10-15 15:56:12,978 [9efa5aa2-6c41-460f-b55e-e6135d265426@group-103D57857047-LeaderElection15] INFO  impl.RaftServerImpl (RaftServerImpl.java:setRole(184)) - 9efa5aa2-6c41-460f-b55e-e6135d265426@group-103D57857047: changes role from CANDIDATE to FOLLOWER at term 11 for DISCOVERED_A_NEW_TERM
2019-10-15 15:56:12,978 [9efa5aa2-6c41-460f-b55e-e6135d265426@group-103D57857047-LeaderElection15] INFO  impl.RoleInfo (RoleInfo.java:shutdownLeaderElection(134)) - 9efa5aa2-6c41-460f-b55e-e6135d265426: shutdown LeaderElection
2019-10-15 15:56:12,978 [9efa5aa2-6c41-460f-b55e-e6135d265426@group-103D57857047-LeaderElection15] INFO  impl.RoleInfo (RoleInfo.java:updateAndGet(143)) - 9efa5aa2-6c41-460f-b55e-e6135d265426: start FollowerState
2019-10-15 15:56:13,054 [Thread-613] INFO  impl.FollowerState (FollowerState.java:run(108)) - 9efa5aa2-6c41-460f-b55e-e6135d265426@group-103D57857047-FollowerState: change to CANDIDATE, lastRpcTime:75ms, electionTimeout:43ms
2019-10-15 15:56:13,059 [Thread-613] INFO  impl.RoleInfo (RoleInfo.java:shutdownFollowerState(121)) - 9efa5aa2-6c41-460f-b55e-e6135d265426: shutdown FollowerState
2019-10-15 15:56:13,059 [BlockDeletingService#2] WARN  background.BlockDeletingService (BlockDeletingService.java:isDeletionAllowed(187)) - Close Container log Index 6 is not replicated across allthe servers in the pipeline 1cf6151f-af98-4e08-a2d2-103d57857047 as the min replicated index is 4. Deletion is not allowed in this container yet.
2019-10-15 15:56:13,059 [BlockDeletingService#7] WARN  background.BlockDeletingService (BlockDeletingService.java:isDeletionAllowed(187)) - Close Container log Index 6 is not replicated across allthe servers in the pipeline 1cf6151f-af98-4e08-a2d2-103d57857047 as the min replicated index is 4. Deletion is not allowed in this container yet.
2019-10-15 15:56:13,059 [Thread-613] INFO  impl.RaftServerImpl (RaftServerImpl.java:setRole(184)) - 9efa5aa2-6c41-460f-b55e-e6135d265426@group-103D57857047: changes role from  FOLLOWER to CANDIDATE at term 11 for changeToCandidate
2019-10-15 15:56:13,060 [Thread-613] INFO  impl.RoleInfo (RoleInfo.java:updateAndGet(143)) - 9efa5aa2-6c41-460f-b55e-e6135d265426: start LeaderElection
2019-10-15 15:56:13,074 [9efa5aa2-6c41-460f-b55e-e6135d265426@group-103D57857047-LeaderElection16] INFO  impl.LeaderElection (LeaderElection.java:askForVotes(178)) - 9efa5aa2-6c41-460f-b55e-e6135d265426@group-103D57857047-LeaderElection16: begin an election at term 12 for 0: [502b81c0-94cc-42d9-ac22-46124b9f2555:192.168.69.88:45179, 9efa5aa2-6c41-460f-b55e-e6135d265426:192.168.69.88:35771, b7ff31bb-ae39-4067-a71c-fb5e6b3a0e64:192.168.69.88:37247], old=null
2019-10-15 15:56:13,079 [grpc-default-executor-0] INFO  impl.RaftServerImpl (RaftServerImpl.java:setRole(184)) - 502b81c0-94cc-42d9-ac22-46124b9f2555@group-103D57857047: changes role from  FOLLOWER to FOLLOWER at term 12 for recognizeCandidate:9efa5aa2-6c41-460f-b55e-e6135d265426
2019-10-15 15:56:13,079 [grpc-default-executor-7] INFO  impl.RaftServerImpl (RaftServerImpl.java:setRole(184)) - b7ff31bb-ae39-4067-a71c-fb5e6b3a0e64@group-103D57857047: changes role from  FOLLOWER to FOLLOWER at term 12 for recognizeCandidate:9efa5aa2-6c41-460f-b55e-e6135d265426
2019-10-15 15:56:13,079 [grpc-default-executor-0] INFO  impl.RoleInfo (RoleInfo.java:shutdownFollowerState(121)) - 502b81c0-94cc-42d9-ac22-46124b9f2555: shutdown FollowerState
2019-10-15 15:56:13,079 [grpc-default-executor-7] INFO  impl.RoleInfo (RoleInfo.java:shutdownFollowerState(121)) - b7ff31bb-ae39-4067-a71c-fb5e6b3a0e64: shutdown FollowerState
2019-10-15 15:56:13,080 [grpc-default-executor-0] INFO  impl.RoleInfo (RoleInfo.java:updateAndGet(143)) - 502b81c0-94cc-42d9-ac22-46124b9f2555: start FollowerState
2019-10-15 15:56:13,080 [Thread-611] INFO  impl.FollowerState (FollowerState.java:run(117)) - b7ff31bb-ae39-4067-a71c-fb5e6b3a0e64@group-103D57857047-FollowerState was interrupted: java.lang.InterruptedException: sleep interrupted
2019-10-15 15:56:13,080 [grpc-default-executor-7] INFO  impl.RoleInfo (RoleInfo.java:updateAndGet(143)) - b7ff31bb-ae39-4067-a71c-fb5e6b3a0e64: start FollowerState
2019-10-15 15:56:13,080 [Thread-612] INFO  impl.FollowerState (FollowerState.java:run(117)) - 502b81c0-94cc-42d9-ac22-46124b9f2555@group-103D57857047-FollowerState was interrupted: java.lang.InterruptedException: sleep interrupted
2019-10-15 15:56:13,092 [9efa5aa2-6c41-460f-b55e-e6135d265426@group-103D57857047-LeaderElection16] INFO  impl.LeaderElection (LeaderElection.java:logAndReturn(56)) - 9efa5aa2-6c41-460f-b55e-e6135d265426@group-103D57857047-LeaderElection16: Election REJECTED; received 2 response(s) [9efa5aa2-6c41-460f-b55e-e6135d265426<-502b81c0-94cc-42d9-ac22-46124b9f2555#0:FAIL-t12, 9efa5aa2-6c41-460f-b55e-e6135d265426<-b7ff31bb-ae39-4067-a71c-fb5e6b3a0e64#0:FAIL-t12] and 0 exception(s); 9efa5aa2-6c41-460f-b55e-e6135d265426@group-103D57857047:t12, leader=null, voted=9efa5aa2-6c41-460f-b55e-e6135d265426, raftlog=9efa5aa2-6c41-460f-b55e-e6135d265426@group-103D57857047-SegmentedRaftLog:OPENED:c3,f4,i4, conf=0: [502b81c0-94cc-42d9-ac22-46124b9f2555:192.168.69.88:45179, 9efa5aa2-6c41-460f-b55e-e6135d265426:192.168.69.88:35771, b7ff31bb-ae39-4067-a71c-fb5e6b3a0e64:192.168.69.88:37247], old=null
2019-10-15 15:56:13,092 [9efa5aa2-6c41-460f-b55e-e6135d265426@group-103D57857047-LeaderElection16] INFO  impl.RaftServerImpl (RaftServerImpl.java:setRole(184)) - 9efa5aa2-6c41-460f-b55e-e6135d265426@group-103D57857047: changes role from CANDIDATE to FOLLOWER at term 12 for DISCOVERED_A_NEW_TERM
2019-10-15 15:56:13,092 [9efa5aa2-6c41-460f-b55e-e6135d265426@group-103D57857047-LeaderElection16] INFO  impl.RoleInfo (RoleInfo.java:shutdownLeaderElection(134)) - 9efa5aa2-6c41-460f-b55e-e6135d265426: shutdown LeaderElection
2019-10-15 15:56:13,092 [9efa5aa2-6c41-460f-b55e-e6135d265426@group-103D57857047-LeaderElection16] INFO  impl.RoleInfo (RoleInfo.java:updateAndGet(143)) - 9efa5aa2-6c41-460f-b55e-e6135d265426: start FollowerState
2019-10-15 15:56:13,156 [Thread-621] INFO  impl.FollowerState (FollowerState.java:run(108)) - 9efa5aa2-6c41-460f-b55e-e6135d265426@group-103D57857047-FollowerState: change to CANDIDATE, lastRpcTime:63ms, electionTimeout:63ms
2019-10-15 15:56:13,157 [Thread-621] INFO  impl.RoleInfo (RoleInfo.java:shutdownFollowerState(121)) - 9efa5aa2-6c41-460f-b55e-e6135d265426: shutdown FollowerState
2019-10-15 15:56:13,157 [Thread-621] INFO  impl.RaftServerImpl (RaftServerImpl.java:setRole(184)) - 9efa5aa2-6c41-460f-b55e-e6135d265426@group-103D57857047: changes role from  FOLLOWER to CANDIDATE at term 12 for changeToCandidate
2019-10-15 15:56:13,157 [Thread-621] INFO  impl.RoleInfo (RoleInfo.java:updateAndGet(143)) - 9efa5aa2-6c41-460f-b55e-e6135d265426: start LeaderElection
2019-10-15 15:56:13,205 [9efa5aa2-6c41-460f-b55e-e6135d265426@group-103D57857047-LeaderElection17] INFO  impl.LeaderElection (LeaderElection.java:askForVotes(178)) - 9efa5aa2-6c41-460f-b55e-e6135d265426@group-103D57857047-LeaderElection17: begin an election at term 13 for 0: [502b81c0-94cc-42d9-ac22-46124b9f2555:192.168.69.88:45179, 9efa5aa2-6c41-460f-b55e-e6135d265426:192.168.69.88:35771, b7ff31bb-ae39-4067-a71c-fb5e6b3a0e64:192.168.69.88:37247], old=null
2019-10-15 15:56:13,207 [grpc-default-executor-7] INFO  impl.RaftServerImpl (RaftServerImpl.java:setRole(184)) - 502b81c0-94cc-42d9-ac22-46124b9f2555@group-103D57857047: changes role from  FOLLOWER to FOLLOWER at term 13 for recognizeCandidate:9efa5aa2-6c41-460f-b55e-e6135d265426
2019-10-15 15:56:13,207 [grpc-default-executor-0] INFO  impl.RaftServerImpl (RaftServerImpl.java:setRole(184)) - b7ff31bb-ae39-4067-a71c-fb5e6b3a0e64@group-103D57857047: changes role from  FOLLOWER to FOLLOWER at term 13 for recognizeCandidate:9efa5aa2-6c41-460f-b55e-e6135d265426
2019-10-15 15:56:13,208 [grpc-default-executor-0] INFO  impl.RoleInfo (RoleInfo.java:shutdownFollowerState(121)) - b7ff31bb-ae39-4067-a71c-fb5e6b3a0e64: shutdown FollowerState
2019-10-15 15:56:13,207 [grpc-default-executor-7] INFO  impl.RoleInfo (RoleInfo.java:shutdownFollowerState(121)) - 502b81c0-94cc-42d9-ac22-46124b9f2555: shutdown FollowerState
2019-10-15 15:56:13,208 [grpc-default-executor-0] INFO  impl.RoleInfo (RoleInfo.java:updateAndGet(143)) - b7ff31bb-ae39-4067-a71c-fb5e6b3a0e64: start FollowerState
2019-10-15 15:56:13,208 [Thread-620] INFO  impl.FollowerState (FollowerState.java:run(117)) - b7ff31bb-ae39-4067-a71c-fb5e6b3a0e64@group-103D57857047-FollowerState was interrupted: java.lang.InterruptedException: sleep interrupted
2019-10-15 15:56:13,208 [grpc-default-executor-7] INFO  impl.RoleInfo (RoleInfo.java:updateAndGet(143)) - 502b81c0-94cc-42d9-ac22-46124b9f2555: start FollowerState
2019-10-15 15:56:13,208 [Thread-619] INFO  impl.FollowerState (FollowerState.java:run(117)) - 502b81c0-94cc-42d9-ac22-46124b9f2555@group-103D57857047-FollowerState was interrupted: java.lang.InterruptedException: sleep interrupted
2019-10-15 15:56:13,227 [9efa5aa2-6c41-460f-b55e-e6135d265426@group-103D57857047-LeaderElection17] INFO  impl.LeaderElection (LeaderElection.java:logAndReturn(56)) - 9efa5aa2-6c41-460f-b55e-e6135d265426@group-103D57857047-LeaderElection17: Election REJECTED; received 2 response(s) [9efa5aa2-6c41-460f-b55e-e6135d265426<-502b81c0-94cc-42d9-ac22-46124b9f2555#0:FAIL-t13, 9efa5aa2-6c41-460f-b55e-e6135d265426<-b7ff31bb-ae39-4067-a71c-fb5e6b3a0e64#0:FAIL-t13] and 0 exception(s); 9efa5aa2-6c41-460f-b55e-e6135d265426@group-103D57857047:t13, leader=null, voted=9efa5aa2-6c41-460f-b55e-e6135d265426, raftlog=9efa5aa2-6c41-460f-b55e-e6135d265426@group-103D57857047-SegmentedRaftLog:OPENED:c3,f4,i4, conf=0: [502b81c0-94cc-42d9-ac22-46124b9f2555:192.168.69.88:45179, 9efa5aa2-6c41-460f-b55e-e6135d265426:192.168.69.88:35771, b7ff31bb-ae39-4067-a71c-fb5e6b3a0e64:192.168.69.88:37247], old=null
2019-10-15 15:56:13,228 [9efa5aa2-6c41-460f-b55e-e6135d265426@group-103D57857047-LeaderElection17] INFO  impl.RaftServerImpl (RaftServerImpl.java:setRole(184)) - 9efa5aa2-6c41-460f-b55e-e6135d265426@group-103D57857047: changes role from CANDIDATE to FOLLOWER at term 13 for DISCOVERED_A_NEW_TERM
2019-10-15 15:56:13,228 [9efa5aa2-6c41-460f-b55e-e6135d265426@group-103D57857047-LeaderElection17] INFO  impl.RoleInfo (RoleInfo.java:shutdownLeaderElection(134)) - 9efa5aa2-6c41-460f-b55e-e6135d265426: shutdown LeaderElection
2019-10-15 15:56:13,228 [9efa5aa2-6c41-460f-b55e-e6135d265426@group-103D57857047-LeaderElection17] INFO  impl.RoleInfo (RoleInfo.java:updateAndGet(143)) - 9efa5aa2-6c41-460f-b55e-e6135d265426: start FollowerState
2019-10-15 15:56:13,400 [Thread-627] INFO  impl.FollowerState (FollowerState.java:run(108)) - 9efa5aa2-6c41-460f-b55e-e6135d265426@group-103D57857047-FollowerState: change to CANDIDATE, lastRpcTime:172ms, electionTimeout:172ms
2019-10-15 15:56:13,401 [Thread-627] INFO  impl.RoleInfo (RoleInfo.java:shutdownFollowerState(121)) - 9efa5aa2-6c41-460f-b55e-e6135d265426: shutdown FollowerState
2019-10-15 15:56:13,402 [Thread-627] INFO  impl.RaftServerImpl (RaftServerImpl.java:setRole(184)) - 9efa5aa2-6c41-460f-b55e-e6135d265426@group-103D57857047: changes role from  FOLLOWER to CANDIDATE at term 13 for changeToCandidate
2019-10-15 15:56:13,402 [Thread-627] INFO  impl.RoleInfo (RoleInfo.java:updateAndGet(143)) - 9efa5aa2-6c41-460f-b55e-e6135d265426: start LeaderElection
2019-10-15 15:56:13,408 [9efa5aa2-6c41-460f-b55e-e6135d265426@group-103D57857047-LeaderElection18] INFO  impl.LeaderElection (LeaderElection.java:askForVotes(178)) - 9efa5aa2-6c41-460f-b55e-e6135d265426@group-103D57857047-LeaderElection18: begin an election at term 14 for 0: [502b81c0-94cc-42d9-ac22-46124b9f2555:192.168.69.88:45179, 9efa5aa2-6c41-460f-b55e-e6135d265426:192.168.69.88:35771, b7ff31bb-ae39-4067-a71c-fb5e6b3a0e64:192.168.69.88:37247], old=null
2019-10-15 15:56:13,410 [grpc-default-executor-7] INFO  impl.RaftServerImpl (RaftServerImpl.java:setRole(184)) - b7ff31bb-ae39-4067-a71c-fb5e6b3a0e64@group-103D57857047: changes role from  FOLLOWER to FOLLOWER at term 14 for recognizeCandidate:9efa5aa2-6c41-460f-b55e-e6135d265426
2019-10-15 15:56:13,410 [grpc-default-executor-7] INFO  impl.RoleInfo (RoleInfo.java:shutdownFollowerState(121)) - b7ff31bb-ae39-4067-a71c-fb5e6b3a0e64: shutdown FollowerState
2019-10-15 15:56:13,410 [grpc-default-executor-0] INFO  impl.RaftServerImpl (RaftServerImpl.java:setRole(184)) - 502b81c0-94cc-42d9-ac22-46124b9f2555@group-103D57857047: changes role from  FOLLOWER to FOLLOWER at term 14 for recognizeCandidate:9efa5aa2-6c41-460f-b55e-e6135d265426
2019-10-15 15:56:13,411 [grpc-default-executor-7] INFO  impl.RoleInfo (RoleInfo.java:updateAndGet(143)) - b7ff31bb-ae39-4067-a71c-fb5e6b3a0e64: start FollowerState
2019-10-15 15:56:13,411 [Thread-625] INFO  impl.FollowerState (FollowerState.java:run(117)) - b7ff31bb-ae39-4067-a71c-fb5e6b3a0e64@group-103D57857047-FollowerState was interrupted: java.lang.InterruptedException: sleep interrupted
2019-10-15 15:56:13,411 [grpc-default-executor-0] INFO  impl.RoleInfo (RoleInfo.java:shutdownFollowerState(121)) - 502b81c0-94cc-42d9-ac22-46124b9f2555: shutdown FollowerState
2019-10-15 15:56:13,411 [grpc-default-executor-0] INFO  impl.RoleInfo (RoleInfo.java:updateAndGet(143)) - 502b81c0-94cc-42d9-ac22-46124b9f2555: start FollowerState
2019-10-15 15:56:13,411 [Thread-626] INFO  impl.FollowerState (FollowerState.java:run(117)) - 502b81c0-94cc-42d9-ac22-46124b9f2555@group-103D57857047-FollowerState was interrupted: java.lang.InterruptedException: sleep interrupted
2019-10-15 15:56:13,425 [9efa5aa2-6c41-460f-b55e-e6135d265426@group-103D57857047-LeaderElection18] INFO  impl.LeaderElection (LeaderElection.java:logAndReturn(56)) - 9efa5aa2-6c41-460f-b55e-e6135d265426@group-103D57857047-LeaderElection18: Election REJECTED; received 2 response(s) [9efa5aa2-6c41-460f-b55e-e6135d265426<-502b81c0-94cc-42d9-ac22-46124b9f2555#0:FAIL-t14, 9efa5aa2-6c41-460f-b55e-e6135d265426<-b7ff31bb-ae39-4067-a71c-fb5e6b3a0e64#0:FAIL-t14] and 0 exception(s); 9efa5aa2-6c41-460f-b55e-e6135d265426@group-103D57857047:t14, leader=null, voted=9efa5aa2-6c41-460f-b55e-e6135d265426, raftlog=9efa5aa2-6c41-460f-b55e-e6135d265426@group-103D57857047-SegmentedRaftLog:OPENED:c3,f4,i4, conf=0: [502b81c0-94cc-42d9-ac22-46124b9f2555:192.168.69.88:45179, 9efa5aa2-6c41-460f-b55e-e6135d265426:192.168.69.88:35771, b7ff31bb-ae39-4067-a71c-fb5e6b3a0e64:192.168.69.88:37247], old=null
2019-10-15 15:56:13,426 [9efa5aa2-6c41-460f-b55e-e6135d265426@group-103D57857047-LeaderElection18] INFO  impl.RaftServerImpl (RaftServerImpl.java:setRole(184)) - 9efa5aa2-6c41-460f-b55e-e6135d265426@group-103D57857047: changes role from CANDIDATE to FOLLOWER at term 14 for DISCOVERED_A_NEW_TERM
2019-10-15 15:56:13,426 [9efa5aa2-6c41-460f-b55e-e6135d265426@group-103D57857047-LeaderElection18] INFO  impl.RoleInfo (RoleInfo.java:shutdownLeaderElection(134)) - 9efa5aa2-6c41-460f-b55e-e6135d265426: shutdown LeaderElection
2019-10-15 15:56:13,426 [9efa5aa2-6c41-460f-b55e-e6135d265426@group-103D57857047-LeaderElection18] INFO  impl.RoleInfo (RoleInfo.java:updateAndGet(143)) - 9efa5aa2-6c41-460f-b55e-e6135d265426: start FollowerState
2019-10-15 15:56:13,610 [Thread-633] INFO  impl.FollowerState (FollowerState.java:run(108)) - 9efa5aa2-6c41-460f-b55e-e6135d265426@group-103D57857047-FollowerState: change to CANDIDATE, lastRpcTime:184ms, electionTimeout:184ms
2019-10-15 15:56:13,612 [Thread-633] INFO  impl.RoleInfo (RoleInfo.java:shutdownFollowerState(121)) - 9efa5aa2-6c41-460f-b55e-e6135d265426: shutdown FollowerState
2019-10-15 15:56:13,612 [Thread-633] INFO  impl.RaftServerImpl (RaftServerImpl.java:setRole(184)) - 9efa5aa2-6c41-460f-b55e-e6135d265426@group-103D57857047: changes role from  FOLLOWER to CANDIDATE at term 14 for changeToCandidate
2019-10-15 15:56:13,612 [Thread-633] INFO  impl.RoleInfo (RoleInfo.java:updateAndGet(143)) - 9efa5aa2-6c41-460f-b55e-e6135d265426: start LeaderElection
2019-10-15 15:56:13,614 [pool-7-thread-1] INFO  commands.RetriableDatanodeEventWatcher (RetriableDatanodeEventWatcher.java:onTimeout(47)) - RetriableDatanodeCommand type=deleteBlocksCommand with id=1571154968617 timed out. Retrying.
2019-10-15 15:56:13,614 [pool-7-thread-3] INFO  commands.RetriableDatanodeEventWatcher (RetriableDatanodeEventWatcher.java:onTimeout(47)) - RetriableDatanodeCommand type=deleteBlocksCommand with id=1571154968616 timed out. Retrying.
2019-10-15 15:56:13,614 [pool-7-thread-4] INFO  commands.RetriableDatanodeEventWatcher (RetriableDatanodeEventWatcher.java:onTimeout(47)) - RetriableDatanodeCommand type=deleteBlocksCommand with id=1571154968614 timed out. Retrying.
2019-10-15 15:56:13,614 [SCMBlockDeletingService#0] INFO  block.SCMBlockDeletingService (SCMBlockDeletingService.java:call(184)) - Totally added 1 delete blocks command for 1 datanodes, task elapsed time: 1ms
2019-10-15 15:56:13,614 [pool-7-thread-2] INFO  commands.RetriableDatanodeEventWatcher (RetriableDatanodeEventWatcher.java:onTimeout(47)) - RetriableDatanodeCommand type=deleteBlocksCommand with id=1571154968612 timed out. Retrying.
2019-10-15 15:56:13,615 [pool-7-thread-5] INFO  commands.RetriableDatanodeEventWatcher (RetriableDatanodeEventWatcher.java:onTimeout(47)) - RetriableDatanodeCommand type=deleteBlocksCommand with id=1571154968610 timed out. Retrying.
2019-10-15 15:56:13,643 [EventQueue-PendingDeleteStatusForPendingDeleteHandler] INFO  block.SCMBlockDeletingService (SCMBlockDeletingService.java:handlePendingDeletes(115)) - Block deletion txnID mismatch in datanode 9efa5aa2-6c41-460f-b55e-e6135d265426 for containerID 1. Datanode delete txnID: 0, SCM txnID: 1
2019-10-15 15:56:13,656 [9efa5aa2-6c41-460f-b55e-e6135d265426@group-103D57857047-LeaderElection19] INFO  impl.LeaderElection (LeaderElection.java:askForVotes(178)) - 9efa5aa2-6c41-460f-b55e-e6135d265426@group-103D57857047-LeaderElection19: begin an election at term 15 for 0: [502b81c0-94cc-42d9-ac22-46124b9f2555:192.168.69.88:45179, 9efa5aa2-6c41-460f-b55e-e6135d265426:192.168.69.88:35771, b7ff31bb-ae39-4067-a71c-fb5e6b3a0e64:192.168.69.88:37247], old=null
2019-10-15 15:56:13,659 [grpc-default-executor-0] INFO  impl.RaftServerImpl (RaftServerImpl.java:setRole(184)) - b7ff31bb-ae39-4067-a71c-fb5e6b3a0e64@group-103D57857047: changes role from  FOLLOWER to FOLLOWER at term 15 for recognizeCandidate:9efa5aa2-6c41-460f-b55e-e6135d265426
2019-10-15 15:56:13,659 [grpc-default-executor-7] INFO  impl.RaftServerImpl (RaftServerImpl.java:setRole(184)) - 502b81c0-94cc-42d9-ac22-46124b9f2555@group-103D57857047: changes role from  FOLLOWER to FOLLOWER at term 15 for recognizeCandidate:9efa5aa2-6c41-460f-b55e-e6135d265426
2019-10-15 15:56:13,659 [grpc-default-executor-0] INFO  impl.RoleInfo (RoleInfo.java:shutdownFollowerState(121)) - b7ff31bb-ae39-4067-a71c-fb5e6b3a0e64: shutdown FollowerState
2019-10-15 15:56:13,660 [grpc-default-executor-7] INFO  impl.RoleInfo (RoleInfo.java:shutdownFollowerState(121)) - 502b81c0-94cc-42d9-ac22-46124b9f2555: shutdown FollowerState
2019-10-15 15:56:13,660 [grpc-default-executor-0] INFO  impl.RoleInfo (RoleInfo.java:updateAndGet(143)) - b7ff31bb-ae39-4067-a71c-fb5e6b3a0e64: start FollowerState
2019-10-15 15:56:13,660 [grpc-default-executor-7] INFO  impl.RoleInfo (RoleInfo.java:updateAndGet(143)) - 502b81c0-94cc-42d9-ac22-46124b9f2555: start FollowerState
2019-10-15 15:56:13,660 [Thread-631] INFO  impl.FollowerState (FollowerState.java:run(117)) - b7ff31bb-ae39-4067-a71c-fb5e6b3a0e64@group-103D57857047-FollowerState was interrupted: java.lang.InterruptedException: sleep interrupted
2019-10-15 15:56:13,660 [Thread-632] INFO  impl.FollowerState (FollowerState.java:run(117)) - 502b81c0-94cc-42d9-ac22-46124b9f2555@group-103D57857047-FollowerState was interrupted: java.lang.InterruptedException: sleep interrupted
2019-10-15 15:56:13,681 [9efa5aa2-6c41-460f-b55e-e6135d265426@group-103D57857047-LeaderElection19] INFO  impl.LeaderElection (LeaderElection.java:logAndReturn(56)) - 9efa5aa2-6c41-460f-b55e-e6135d265426@group-103D57857047-LeaderElection19: Election REJECTED; received 2 response(s) [9efa5aa2-6c41-460f-b55e-e6135d265426<-502b81c0-94cc-42d9-ac22-46124b9f2555#0:FAIL-t15, 9efa5aa2-6c41-460f-b55e-e6135d265426<-b7ff31bb-ae39-4067-a71c-fb5e6b3a0e64#0:FAIL-t15] and 0 exception(s); 9efa5aa2-6c41-460f-b55e-e6135d265426@group-103D57857047:t15, leader=null, voted=9efa5aa2-6c41-460f-b55e-e6135d265426, raftlog=9efa5aa2-6c41-460f-b55e-e6135d265426@group-103D57857047-SegmentedRaftLog:OPENED:c3,f4,i4, conf=0: [502b81c0-94cc-42d9-ac22-46124b9f2555:192.168.69.88:45179, 9efa5aa2-6c41-460f-b55e-e6135d265426:192.168.69.88:35771, b7ff31bb-ae39-4067-a71c-fb5e6b3a0e64:192.168.69.88:37247], old=null
2019-10-15 15:56:13,682 [9efa5aa2-6c41-460f-b55e-e6135d265426@group-103D57857047-LeaderElection19] INFO  impl.RaftServerImpl (RaftServerImpl.java:setRole(184)) - 9efa5aa2-6c41-460f-b55e-e6135d265426@group-103D57857047: changes role from CANDIDATE to FOLLOWER at term 15 for DISCOVERED_A_NEW_TERM
2019-10-15 15:56:13,682 [9efa5aa2-6c41-460f-b55e-e6135d265426@group-103D57857047-LeaderElection19] INFO  impl.RoleInfo (RoleInfo.java:shutdownLeaderElection(134)) - 9efa5aa2-6c41-460f-b55e-e6135d265426: shutdown LeaderElection
2019-10-15 15:56:13,682 [9efa5aa2-6c41-460f-b55e-e6135d265426@group-103D57857047-LeaderElection19] INFO  impl.RoleInfo (RoleInfo.java:updateAndGet(143)) - 9efa5aa2-6c41-460f-b55e-e6135d265426: start FollowerState
2019-10-15 15:56:13,855 [Thread-640] INFO  impl.FollowerState (FollowerState.java:run(108)) - 9efa5aa2-6c41-460f-b55e-e6135d265426@group-103D57857047-FollowerState: change to CANDIDATE, lastRpcTime:173ms, electionTimeout:173ms
2019-10-15 15:56:13,859 [Thread-640] INFO  impl.RoleInfo (RoleInfo.java:shutdownFollowerState(121)) - 9efa5aa2-6c41-460f-b55e-e6135d265426: shutdown FollowerState
2019-10-15 15:56:13,859 [Thread-640] INFO  impl.RaftServerImpl (RaftServerImpl.java:setRole(184)) - 9efa5aa2-6c41-460f-b55e-e6135d265426@group-103D57857047: changes role from  FOLLOWER to CANDIDATE at term 15 for changeToCandidate
2019-10-15 15:56:13,859 [Thread-640] INFO  impl.RoleInfo (RoleInfo.java:updateAndGet(143)) - 9efa5aa2-6c41-460f-b55e-e6135d265426: start LeaderElection
2019-10-15 15:56:13,870 [Thread-643] INFO  client.GrpcClientProtocolService (GrpcClientProtocolService.java:lambda$processClientRequest$0(278)) - Failed RaftClientRequest:client-9849FE5BA529->9efa5aa2-6c41-460f-b55e-e6135d265426@group-103D57857047, cid=10, seq=0, Watch-ALL_COMMITTED(6), Message:<EMPTY>, reply=RaftClientReply:client-9849FE5BA529->9efa5aa2-6c41-460f-b55e-e6135d265426@group-103D57857047, cid=10, FAILED org.apache.ratis.protocol.NotLeaderException: Server 9efa5aa2-6c41-460f-b55e-e6135d265426@group-103D57857047 is not the leader, logIndex=0, commits[9efa5aa2-6c41-460f-b55e-e6135d265426:c3]
2019-10-15 15:56:13,883 [9efa5aa2-6c41-460f-b55e-e6135d265426@group-103D57857047-LeaderElection20] INFO  impl.LeaderElection (LeaderElection.java:askForVotes(178)) - 9efa5aa2-6c41-460f-b55e-e6135d265426@group-103D57857047-LeaderElection20: begin an election at term 16 for 0: [502b81c0-94cc-42d9-ac22-46124b9f2555:192.168.69.88:45179, 9efa5aa2-6c41-460f-b55e-e6135d265426:192.168.69.88:35771, b7ff31bb-ae39-4067-a71c-fb5e6b3a0e64:192.168.69.88:37247], old=null
2019-10-15 15:56:13,885 [grpc-default-executor-1] INFO  impl.RaftServerImpl (RaftServerImpl.java:setRole(184)) - 502b81c0-94cc-42d9-ac22-46124b9f2555@group-103D57857047: changes role from  FOLLOWER to FOLLOWER at term 16 for recognizeCandidate:9efa5aa2-6c41-460f-b55e-e6135d265426
2019-10-15 15:56:13,885 [grpc-default-executor-7] INFO  impl.RaftServerImpl (RaftServerImpl.java:setRole(184)) - b7ff31bb-ae39-4067-a71c-fb5e6b3a0e64@group-103D57857047: changes role from  FOLLOWER to FOLLOWER at term 16 for recognizeCandidate:9efa5aa2-6c41-460f-b55e-e6135d265426
2019-10-15 15:56:13,885 [grpc-default-executor-7] INFO  impl.RoleInfo (RoleInfo.java:shutdownFollowerState(121)) - b7ff31bb-ae39-4067-a71c-fb5e6b3a0e64: shutdown FollowerState
2019-10-15 15:56:13,885 [grpc-default-executor-1] INFO  impl.RoleInfo (RoleInfo.java:shutdownFollowerState(121)) - 502b81c0-94cc-42d9-ac22-46124b9f2555: shutdown FollowerState
2019-10-15 15:56:13,886 [grpc-default-executor-7] INFO  impl.RoleInfo (RoleInfo.java:updateAndGet(143)) - b7ff31bb-ae39-4067-a71c-fb5e6b3a0e64: start FollowerState
2019-10-15 15:56:13,886 [grpc-default-executor-1] INFO  impl.RoleInfo (RoleInfo.java:updateAndGet(143)) - 502b81c0-94cc-42d9-ac22-46124b9f2555: start FollowerState
2019-10-15 15:56:13,886 [Thread-638] INFO  impl.FollowerState (FollowerState.java:run(117)) - 502b81c0-94cc-42d9-ac22-46124b9f2555@group-103D57857047-FollowerState was interrupted: java.lang.InterruptedException: sleep interrupted
2019-10-15 15:56:13,886 [Thread-637] INFO  impl.FollowerState (FollowerState.java:run(117)) - b7ff31bb-ae39-4067-a71c-fb5e6b3a0e64@group-103D57857047-FollowerState was interrupted: java.lang.InterruptedException: sleep interrupted
2019-10-15 15:56:13,892 [9efa5aa2-6c41-460f-b55e-e6135d265426@group-103D57857047-LeaderElection20] INFO  impl.LeaderElection (LeaderElection.java:logAndReturn(56)) - 9efa5aa2-6c41-460f-b55e-e6135d265426@group-103D57857047-LeaderElection20: Election REJECTED; received 2 response(s) [9efa5aa2-6c41-460f-b55e-e6135d265426<-502b81c0-94cc-42d9-ac22-46124b9f2555#0:FAIL-t16, 9efa5aa2-6c41-460f-b55e-e6135d265426<-b7ff31bb-ae39-4067-a71c-fb5e6b3a0e64#0:FAIL-t16] and 0 exception(s); 9efa5aa2-6c41-460f-b55e-e6135d265426@group-103D57857047:t16, leader=null, voted=9efa5aa2-6c41-460f-b55e-e6135d265426, raftlog=9efa5aa2-6c41-460f-b55e-e6135d265426@group-103D57857047-SegmentedRaftLog:OPENED:c3,f4,i4, conf=0: [502b81c0-94cc-42d9-ac22-46124b9f2555:192.168.69.88:45179, 9efa5aa2-6c41-460f-b55e-e6135d265426:192.168.69.88:35771, b7ff31bb-ae39-4067-a71c-fb5e6b3a0e64:192.168.69.88:37247], old=null
2019-10-15 15:56:13,892 [9efa5aa2-6c41-460f-b55e-e6135d265426@group-103D57857047-LeaderElection20] INFO  impl.RaftServerImpl (RaftServerImpl.java:setRole(184)) - 9efa5aa2-6c41-460f-b55e-e6135d265426@group-103D57857047: changes role from CANDIDATE to FOLLOWER at term 16 for DISCOVERED_A_NEW_TERM
2019-10-15 15:56:13,892 [9efa5aa2-6c41-460f-b55e-e6135d265426@group-103D57857047-LeaderElection20] INFO  impl.RoleInfo (RoleInfo.java:shutdownLeaderElection(134)) - 9efa5aa2-6c41-460f-b55e-e6135d265426: shutdown LeaderElection
2019-10-15 15:56:13,892 [9efa5aa2-6c41-460f-b55e-e6135d265426@group-103D57857047-LeaderElection20] INFO  impl.RoleInfo (RoleInfo.java:updateAndGet(143)) - 9efa5aa2-6c41-460f-b55e-e6135d265426: start FollowerState
2019-10-15 15:56:13,936 [Thread-649] INFO  impl.FollowerState (FollowerState.java:run(108)) - 9efa5aa2-6c41-460f-b55e-e6135d265426@group-103D57857047-FollowerState: change to CANDIDATE, lastRpcTime:44ms, electionTimeout:44ms
2019-10-15 15:56:13,937 [Thread-649] INFO  impl.RoleInfo (RoleInfo.java:shutdownFollowerState(121)) - 9efa5aa2-6c41-460f-b55e-e6135d265426: shutdown FollowerState
2019-10-15 15:56:13,937 [Thread-649] INFO  impl.RaftServerImpl (RaftServerImpl.java:setRole(184)) - 9efa5aa2-6c41-460f-b55e-e6135d265426@group-103D57857047: changes role from  FOLLOWER to CANDIDATE at term 16 for changeToCandidate
2019-10-15 15:56:13,937 [Thread-649] INFO  impl.RoleInfo (RoleInfo.java:updateAndGet(143)) - 9efa5aa2-6c41-460f-b55e-e6135d265426: start LeaderElection
2019-10-15 15:56:13,940 [9efa5aa2-6c41-460f-b55e-e6135d265426@group-103D57857047-LeaderElection21] INFO  impl.LeaderElection (LeaderElection.java:askForVotes(178)) - 9efa5aa2-6c41-460f-b55e-e6135d265426@group-103D57857047-LeaderElection21: begin an election at term 17 for 0: [502b81c0-94cc-42d9-ac22-46124b9f2555:192.168.69.88:45179, 9efa5aa2-6c41-460f-b55e-e6135d265426:192.168.69.88:35771, b7ff31bb-ae39-4067-a71c-fb5e6b3a0e64:192.168.69.88:37247], old=null
2019-10-15 15:56:13,942 [grpc-default-executor-1] INFO  impl.RaftServerImpl (RaftServerImpl.java:setRole(184)) - 502b81c0-94cc-42d9-ac22-46124b9f2555@group-103D57857047: changes role from  FOLLOWER to FOLLOWER at term 17 for recognizeCandidate:9efa5aa2-6c41-460f-b55e-e6135d265426
2019-10-15 15:56:13,942 [grpc-default-executor-1] INFO  impl.RoleInfo (RoleInfo.java:shutdownFollowerState(121)) - 502b81c0-94cc-42d9-ac22-46124b9f2555: shutdown FollowerState
2019-10-15 15:56:13,942 [grpc-default-executor-7] INFO  impl.RaftServerImpl (RaftServerImpl.java:setRole(184)) - b7ff31bb-ae39-4067-a71c-fb5e6b3a0e64@group-103D57857047: changes role from  FOLLOWER to FOLLOWER at term 17 for recognizeCandidate:9efa5aa2-6c41-460f-b55e-e6135d265426
2019-10-15 15:56:13,942 [Thread-648] INFO  impl.FollowerState (FollowerState.java:run(117)) - 502b81c0-94cc-42d9-ac22-46124b9f2555@group-103D57857047-FollowerState was interrupted: java.lang.InterruptedException: sleep interrupted
2019-10-15 15:56:13,942 [grpc-default-executor-1] INFO  impl.RoleInfo (RoleInfo.java:updateAndGet(143)) - 502b81c0-94cc-42d9-ac22-46124b9f2555: start FollowerState
2019-10-15 15:56:13,943 [grpc-default-executor-7] INFO  impl.RoleInfo (RoleInfo.java:shutdownFollowerState(121)) - b7ff31bb-ae39-4067-a71c-fb5e6b3a0e64: shutdown FollowerState
2019-10-15 15:56:13,943 [Thread-647] INFO  impl.FollowerState (FollowerState.java:run(117)) - b7ff31bb-ae39-4067-a71c-fb5e6b3a0e64@group-103D57857047-FollowerState was interrupted: java.lang.InterruptedException: sleep interrupted
2019-10-15 15:56:13,943 [grpc-default-executor-7] INFO  impl.RoleInfo (RoleInfo.java:updateAndGet(143)) - b7ff31bb-ae39-4067-a71c-fb5e6b3a0e64: start FollowerState
2019-10-15 15:56:13,948 [9efa5aa2-6c41-460f-b55e-e6135d265426@group-103D57857047-LeaderElection21] INFO  impl.LeaderElection (LeaderElection.java:logAndReturn(56)) - 9efa5aa2-6c41-460f-b55e-e6135d265426@group-103D57857047-LeaderElection21: Election REJECTED; received 2 response(s) [9efa5aa2-6c41-460f-b55e-e6135d265426<-502b81c0-94cc-42d9-ac22-46124b9f2555#0:FAIL-t17, 9efa5aa2-6c41-460f-b55e-e6135d265426<-b7ff31bb-ae39-4067-a71c-fb5e6b3a0e64#0:FAIL-t17] and 0 exception(s); 9efa5aa2-6c41-460f-b55e-e6135d265426@group-103D57857047:t17, leader=null, voted=9efa5aa2-6c41-460f-b55e-e6135d265426, raftlog=9efa5aa2-6c41-460f-b55e-e6135d265426@group-103D57857047-SegmentedRaftLog:OPENED:c3,f4,i4, conf=0: [502b81c0-94cc-42d9-ac22-46124b9f2555:192.168.69.88:45179, 9efa5aa2-6c41-460f-b55e-e6135d265426:192.168.69.88:35771, b7ff31bb-ae39-4067-a71c-fb5e6b3a0e64:192.168.69.88:37247], old=null
2019-10-15 15:56:13,948 [9efa5aa2-6c41-460f-b55e-e6135d265426@group-103D57857047-LeaderElection21] INFO  impl.RaftServerImpl (RaftServerImpl.java:setRole(184)) - 9efa5aa2-6c41-460f-b55e-e6135d265426@group-103D57857047: changes role from CANDIDATE to FOLLOWER at term 17 for DISCOVERED_A_NEW_TERM
2019-10-15 15:56:13,948 [9efa5aa2-6c41-460f-b55e-e6135d265426@group-103D57857047-LeaderElection21] INFO  impl.RoleInfo (RoleInfo.java:shutdownLeaderElection(134)) - 9efa5aa2-6c41-460f-b55e-e6135d265426: shutdown LeaderElection
2019-10-15 15:56:13,948 [9efa5aa2-6c41-460f-b55e-e6135d265426@group-103D57857047-LeaderElection21] INFO  impl.RoleInfo (RoleInfo.java:updateAndGet(143)) - 9efa5aa2-6c41-460f-b55e-e6135d265426: start FollowerState
2019-10-15 15:56:13,965 [java.util.concurrent.ThreadPoolExecutor$Worker@6f70a200[State = -1, empty queue]] WARN  server.GrpcLogAppender (GrpcLogAppender.java:timeoutAppendRequest(209)) - 502b81c0-94cc-42d9-ac22-46124b9f2555@group-103D57857047->9efa5aa2-6c41-460f-b55e-e6135d265426-GrpcLogAppender: appendEntries Timeout, request=502b81c0-94cc-42d9-ac22-46124b9f2555->9efa5aa2-6c41-460f-b55e-e6135d265426#52-t2, previous=(t:2, i:10), leaderCommit=10, initializing? false, entries: <empty>
2019-10-15 15:56:13,984 [Thread-655] INFO  impl.FollowerState (FollowerState.java:run(108)) - 9efa5aa2-6c41-460f-b55e-e6135d265426@group-103D57857047-FollowerState: change to CANDIDATE, lastRpcTime:36ms, electionTimeout:36ms
2019-10-15 15:56:13,984 [Thread-655] INFO  impl.RoleInfo (RoleInfo.java:shutdownFollowerState(121)) - 9efa5aa2-6c41-460f-b55e-e6135d265426: shutdown FollowerState
2019-10-15 15:56:13,985 [Thread-655] INFO  impl.RaftServerImpl (RaftServerImpl.java:setRole(184)) - 9efa5aa2-6c41-460f-b55e-e6135d265426@group-103D57857047: changes role from  FOLLOWER to CANDIDATE at term 17 for changeToCandidate
2019-10-15 15:56:13,985 [Thread-655] INFO  impl.RoleInfo (RoleInfo.java:updateAndGet(143)) - 9efa5aa2-6c41-460f-b55e-e6135d265426: start LeaderElection
2019-10-15 15:56:13,989 [9efa5aa2-6c41-460f-b55e-e6135d265426@group-103D57857047-LeaderElection22] INFO  impl.LeaderElection (LeaderElection.java:askForVotes(178)) - 9efa5aa2-6c41-460f-b55e-e6135d265426@group-103D57857047-LeaderElection22: begin an election at term 18 for 0: [502b81c0-94cc-42d9-ac22-46124b9f2555:192.168.69.88:45179, 9efa5aa2-6c41-460f-b55e-e6135d265426:192.168.69.88:35771, b7ff31bb-ae39-4067-a71c-fb5e6b3a0e64:192.168.69.88:37247], old=null
2019-10-15 15:56:13,991 [grpc-default-executor-7] INFO  impl.RaftServerImpl (RaftServerImpl.java:setRole(184)) - 502b81c0-94cc-42d9-ac22-46124b9f2555@group-103D57857047: changes role from  FOLLOWER to FOLLOWER at term 18 for recognizeCandidate:9efa5aa2-6c41-460f-b55e-e6135d265426
2019-10-15 15:56:13,991 [grpc-default-executor-1] INFO  impl.RaftServerImpl (RaftServerImpl.java:setRole(184)) - b7ff31bb-ae39-4067-a71c-fb5e6b3a0e64@group-103D57857047: changes role from  FOLLOWER to FOLLOWER at term 18 for recognizeCandidate:9efa5aa2-6c41-460f-b55e-e6135d265426
2019-10-15 15:56:13,991 [grpc-default-executor-7] INFO  impl.RoleInfo (RoleInfo.java:shutdownFollowerState(121)) - 502b81c0-94cc-42d9-ac22-46124b9f2555: shutdown FollowerState
2019-10-15 15:56:13,991 [grpc-default-executor-1] INFO  impl.RoleInfo (RoleInfo.java:shutdownFollowerState(121)) - b7ff31bb-ae39-4067-a71c-fb5e6b3a0e64: shutdown FollowerState
2019-10-15 15:56:13,991 [grpc-default-executor-7] INFO  impl.RoleInfo (RoleInfo.java:updateAndGet(143)) - 502b81c0-94cc-42d9-ac22-46124b9f2555: start FollowerState
2019-10-15 15:56:13,991 [Thread-654] INFO  impl.FollowerState (FollowerState.java:run(117)) - b7ff31bb-ae39-4067-a71c-fb5e6b3a0e64@group-103D57857047-FollowerState was interrupted: java.lang.InterruptedException: sleep interrupted
2019-10-15 15:56:13,991 [grpc-default-executor-1] INFO  impl.RoleInfo (RoleInfo.java:updateAndGet(143)) - b7ff31bb-ae39-4067-a71c-fb5e6b3a0e64: start FollowerState
2019-10-15 15:56:13,991 [Thread-653] INFO  impl.FollowerState (FollowerState.java:run(117)) - 502b81c0-94cc-42d9-ac22-46124b9f2555@group-103D57857047-FollowerState was interrupted: java.lang.InterruptedException: sleep interrupted
2019-10-15 15:56:13,999 [9efa5aa2-6c41-460f-b55e-e6135d265426@group-103D57857047-LeaderElection22] INFO  impl.LeaderElection (LeaderElection.java:logAndReturn(56)) - 9efa5aa2-6c41-460f-b55e-e6135d265426@group-103D57857047-LeaderElection22: Election REJECTED; received 2 response(s) [9efa5aa2-6c41-460f-b55e-e6135d265426<-502b81c0-94cc-42d9-ac22-46124b9f2555#0:FAIL-t18, 9efa5aa2-6c41-460f-b55e-e6135d265426<-b7ff31bb-ae39-4067-a71c-fb5e6b3a0e64#0:FAIL-t18] and 0 exception(s); 9efa5aa2-6c41-460f-b55e-e6135d265426@group-103D57857047:t18, leader=null, voted=9efa5aa2-6c41-460f-b55e-e6135d265426, raftlog=9efa5aa2-6c41-460f-b55e-e6135d265426@group-103D57857047-SegmentedRaftLog:OPENED:c3,f4,i4, conf=0: [502b81c0-94cc-42d9-ac22-46124b9f2555:192.168.69.88:45179, 9efa5aa2-6c41-460f-b55e-e6135d265426:192.168.69.88:35771, b7ff31bb-ae39-4067-a71c-fb5e6b3a0e64:192.168.69.88:37247], old=null
2019-10-15 15:56:14,000 [9efa5aa2-6c41-460f-b55e-e6135d265426@group-103D57857047-LeaderElection22] INFO  impl.RaftServerImpl (RaftServerImpl.java:setRole(184)) - 9efa5aa2-6c41-460f-b55e-e6135d265426@group-103D57857047: changes role from CANDIDATE to FOLLOWER at term 18 for DISCOVERED_A_NEW_TERM
2019-10-15 15:56:14,000 [9efa5aa2-6c41-460f-b55e-e6135d265426@group-103D57857047-LeaderElection22] INFO  impl.RoleInfo (RoleInfo.java:shutdownLeaderElection(134)) - 9efa5aa2-6c41-460f-b55e-e6135d265426: shutdown LeaderElection
2019-10-15 15:56:14,000 [9efa5aa2-6c41-460f-b55e-e6135d265426@group-103D57857047-LeaderElection22] INFO  impl.RoleInfo (RoleInfo.java:updateAndGet(143)) - 9efa5aa2-6c41-460f-b55e-e6135d265426: start FollowerState
2019-10-15 15:56:14,061 [BlockDeletingService#7] WARN  background.BlockDeletingService (BlockDeletingService.java:isDeletionAllowed(187)) - Close Container log Index 6 is not replicated across allthe servers in the pipeline 1cf6151f-af98-4e08-a2d2-103d57857047 as the min replicated index is 4. Deletion is not allowed in this container yet.
2019-10-15 15:56:14,061 [BlockDeletingService#2] WARN  background.BlockDeletingService (BlockDeletingService.java:isDeletionAllowed(187)) - Close Container log Index 6 is not replicated across allthe servers in the pipeline 1cf6151f-af98-4e08-a2d2-103d57857047 as the min replicated index is 4. Deletion is not allowed in this container yet.
2019-10-15 15:56:14,120 [Thread-661] INFO  impl.FollowerState (FollowerState.java:run(108)) - 9efa5aa2-6c41-460f-b55e-e6135d265426@group-103D57857047-FollowerState: change to CANDIDATE, lastRpcTime:120ms, electionTimeout:120ms
2019-10-15 15:56:14,120 [Thread-661] INFO  impl.RoleInfo (RoleInfo.java:shutdownFollowerState(121)) - 9efa5aa2-6c41-460f-b55e-e6135d265426: shutdown FollowerState
2019-10-15 15:56:14,120 [Thread-661] INFO  impl.RaftServerImpl (RaftServerImpl.java:setRole(184)) - 9efa5aa2-6c41-460f-b55e-e6135d265426@group-103D57857047: changes role from  FOLLOWER to CANDIDATE at term 18 for changeToCandidate
2019-10-15 15:56:14,120 [Thread-661] INFO  impl.RoleInfo (RoleInfo.java:updateAndGet(143)) - 9efa5aa2-6c41-460f-b55e-e6135d265426: start LeaderElection
2019-10-15 15:56:14,143 [9efa5aa2-6c41-460f-b55e-e6135d265426@group-103D57857047-LeaderElection23] INFO  impl.LeaderElection (LeaderElection.java:askForVotes(178)) - 9efa5aa2-6c41-460f-b55e-e6135d265426@group-103D57857047-LeaderElection23: begin an election at term 19 for 0: [502b81c0-94cc-42d9-ac22-46124b9f2555:192.168.69.88:45179, 9efa5aa2-6c41-460f-b55e-e6135d265426:192.168.69.88:35771, b7ff31bb-ae39-4067-a71c-fb5e6b3a0e64:192.168.69.88:37247], old=null
2019-10-15 15:56:14,146 [grpc-default-executor-1] INFO  impl.RaftServerImpl (RaftServerImpl.java:setRole(184)) - 502b81c0-94cc-42d9-ac22-46124b9f2555@group-103D57857047: changes role from  FOLLOWER to FOLLOWER at term 19 for recognizeCandidate:9efa5aa2-6c41-460f-b55e-e6135d265426
2019-10-15 15:56:14,146 [grpc-default-executor-7] INFO  impl.RaftServerImpl (RaftServerImpl.java:setRole(184)) - b7ff31bb-ae39-4067-a71c-fb5e6b3a0e64@group-103D57857047: changes role from  FOLLOWER to FOLLOWER at term 19 for recognizeCandidate:9efa5aa2-6c41-460f-b55e-e6135d265426
2019-10-15 15:56:14,146 [grpc-default-executor-1] INFO  impl.RoleInfo (RoleInfo.java:shutdownFollowerState(121)) - 502b81c0-94cc-42d9-ac22-46124b9f2555: shutdown FollowerState
2019-10-15 15:56:14,146 [grpc-default-executor-7] INFO  impl.RoleInfo (RoleInfo.java:shutdownFollowerState(121)) - b7ff31bb-ae39-4067-a71c-fb5e6b3a0e64: shutdown FollowerState
2019-10-15 15:56:14,146 [grpc-default-executor-1] INFO  impl.RoleInfo (RoleInfo.java:updateAndGet(143)) - 502b81c0-94cc-42d9-ac22-46124b9f2555: start FollowerState
2019-10-15 15:56:14,146 [Thread-659] INFO  impl.FollowerState (FollowerState.java:run(117)) - 502b81c0-94cc-42d9-ac22-46124b9f2555@group-103D57857047-FollowerState was interrupted: java.lang.InterruptedException: sleep interrupted
2019-10-15 15:56:14,146 [grpc-default-executor-7] INFO  impl.RoleInfo (RoleInfo.java:updateAndGet(143)) - b7ff31bb-ae39-4067-a71c-fb5e6b3a0e64: start FollowerState
2019-10-15 15:56:14,146 [Thread-660] INFO  impl.FollowerState (FollowerState.java:run(117)) - b7ff31bb-ae39-4067-a71c-fb5e6b3a0e64@group-103D57857047-FollowerState was interrupted: java.lang.InterruptedException: sleep interrupted
2019-10-15 15:56:14,160 [9efa5aa2-6c41-460f-b55e-e6135d265426@group-103D57857047-LeaderElection23] INFO  impl.LeaderElection (LeaderElection.java:logAndReturn(56)) - 9efa5aa2-6c41-460f-b55e-e6135d265426@group-103D57857047-LeaderElection23: Election REJECTED; received 2 response(s) [9efa5aa2-6c41-460f-b55e-e6135d265426<-502b81c0-94cc-42d9-ac22-46124b9f2555#0:FAIL-t19, 9efa5aa2-6c41-460f-b55e-e6135d265426<-b7ff31bb-ae39-4067-a71c-fb5e6b3a0e64#0:FAIL-t19] and 0 exception(s); 9efa5aa2-6c41-460f-b55e-e6135d265426@group-103D57857047:t19, leader=null, voted=9efa5aa2-6c41-460f-b55e-e6135d265426, raftlog=9efa5aa2-6c41-460f-b55e-e6135d265426@group-103D57857047-SegmentedRaftLog:OPENED:c3,f4,i4, conf=0: [502b81c0-94cc-42d9-ac22-46124b9f2555:192.168.69.88:45179, 9efa5aa2-6c41-460f-b55e-e6135d265426:192.168.69.88:35771, b7ff31bb-ae39-4067-a71c-fb5e6b3a0e64:192.168.69.88:37247], old=null
2019-10-15 15:56:14,161 [9efa5aa2-6c41-460f-b55e-e6135d265426@group-103D57857047-LeaderElection23] INFO  impl.RaftServerImpl (RaftServerImpl.java:setRole(184)) - 9efa5aa2-6c41-460f-b55e-e6135d265426@group-103D57857047: changes role from CANDIDATE to FOLLOWER at term 19 for DISCOVERED_A_NEW_TERM
2019-10-15 15:56:14,161 [9efa5aa2-6c41-460f-b55e-e6135d265426@group-103D57857047-LeaderElection23] INFO  impl.RoleInfo (RoleInfo.java:shutdownLeaderElection(134)) - 9efa5aa2-6c41-460f-b55e-e6135d265426: shutdown LeaderElection
2019-10-15 15:56:14,161 [9efa5aa2-6c41-460f-b55e-e6135d265426@group-103D57857047-LeaderElection23] INFO  impl.RoleInfo (RoleInfo.java:updateAndGet(143)) - 9efa5aa2-6c41-460f-b55e-e6135d265426: start FollowerState
2019-10-15 15:56:14,232 [Thread-669] INFO  impl.FollowerState (FollowerState.java:run(108)) - 9efa5aa2-6c41-460f-b55e-e6135d265426@group-103D57857047-FollowerState: change to CANDIDATE, lastRpcTime:71ms, electionTimeout:71ms
2019-10-15 15:56:14,233 [Thread-669] INFO  impl.RoleInfo (RoleInfo.java:shutdownFollowerState(121)) - 9efa5aa2-6c41-460f-b55e-e6135d265426: shutdown FollowerState
2019-10-15 15:56:14,233 [Thread-669] INFO  impl.RaftServerImpl (RaftServerImpl.java:setRole(184)) - 9efa5aa2-6c41-460f-b55e-e6135d265426@group-103D57857047: changes role from  FOLLOWER to CANDIDATE at term 19 for changeToCandidate
2019-10-15 15:56:14,234 [Thread-669] INFO  impl.RoleInfo (RoleInfo.java:updateAndGet(143)) - 9efa5aa2-6c41-460f-b55e-e6135d265426: start LeaderElection
2019-10-15 15:56:14,242 [9efa5aa2-6c41-460f-b55e-e6135d265426@group-103D57857047-LeaderElection24] INFO  impl.LeaderElection (LeaderElection.java:askForVotes(178)) - 9efa5aa2-6c41-460f-b55e-e6135d265426@group-103D57857047-LeaderElection24: begin an election at term 20 for 0: [502b81c0-94cc-42d9-ac22-46124b9f2555:192.168.69.88:45179, 9efa5aa2-6c41-460f-b55e-e6135d265426:192.168.69.88:35771, b7ff31bb-ae39-4067-a71c-fb5e6b3a0e64:192.168.69.88:37247], old=null
2019-10-15 15:56:14,244 [grpc-default-executor-7] INFO  impl.RaftServerImpl (RaftServerImpl.java:setRole(184)) - 502b81c0-94cc-42d9-ac22-46124b9f2555@group-103D57857047: changes role from  FOLLOWER to FOLLOWER at term 20 for recognizeCandidate:9efa5aa2-6c41-460f-b55e-e6135d265426
2019-10-15 15:56:14,244 [grpc-default-executor-1] INFO  impl.RaftServerImpl (RaftServerImpl.java:setRole(184)) - b7ff31bb-ae39-4067-a71c-fb5e6b3a0e64@group-103D57857047: changes role from  FOLLOWER to FOLLOWER at term 20 for recognizeCandidate:9efa5aa2-6c41-460f-b55e-e6135d265426
2019-10-15 15:56:14,244 [grpc-default-executor-7] INFO  impl.RoleInfo (RoleInfo.java:shutdownFollowerState(121)) - 502b81c0-94cc-42d9-ac22-46124b9f2555: shutdown FollowerState
2019-10-15 15:56:14,244 [grpc-default-executor-1] INFO  impl.RoleInfo (RoleInfo.java:shutdownFollowerState(121)) - b7ff31bb-ae39-4067-a71c-fb5e6b3a0e64: shutdown FollowerState
2019-10-15 15:56:14,245 [Thread-667] INFO  impl.FollowerState (FollowerState.java:run(117)) - 502b81c0-94cc-42d9-ac22-46124b9f2555@group-103D57857047-FollowerState was interrupted: java.lang.InterruptedException: sleep interrupted
2019-10-15 15:56:14,245 [grpc-default-executor-1] INFO  impl.RoleInfo (RoleInfo.java:updateAndGet(143)) - b7ff31bb-ae39-4067-a71c-fb5e6b3a0e64: start FollowerState
2019-10-15 15:56:14,245 [grpc-default-executor-7] INFO  impl.RoleInfo (RoleInfo.java:updateAndGet(143)) - 502b81c0-94cc-42d9-ac22-46124b9f2555: start FollowerState
2019-10-15 15:56:14,245 [Thread-668] INFO  impl.FollowerState (FollowerState.java:run(117)) - b7ff31bb-ae39-4067-a71c-fb5e6b3a0e64@group-103D57857047-FollowerState was interrupted: java.lang.InterruptedException: sleep interrupted
2019-10-15 15:56:14,260 [9efa5aa2-6c41-460f-b55e-e6135d265426@group-103D57857047-LeaderElection24] INFO  impl.LeaderElection (LeaderElection.java:logAndReturn(56)) - 9efa5aa2-6c41-460f-b55e-e6135d265426@group-103D57857047-LeaderElection24: Election REJECTED; received 2 response(s) [9efa5aa2-6c41-460f-b55e-e6135d265426<-502b81c0-94cc-42d9-ac22-46124b9f2555#0:FAIL-t20, 9efa5aa2-6c41-460f-b55e-e6135d265426<-b7ff31bb-ae39-4067-a71c-fb5e6b3a0e64#0:FAIL-t20] and 0 exception(s); 9efa5aa2-6c41-460f-b55e-e6135d265426@group-103D57857047:t20, leader=null, voted=9efa5aa2-6c41-460f-b55e-e6135d265426, raftlog=9efa5aa2-6c41-460f-b55e-e6135d265426@group-103D57857047-SegmentedRaftLog:OPENED:c3,f4,i4, conf=0: [502b81c0-94cc-42d9-ac22-46124b9f2555:192.168.69.88:45179, 9efa5aa2-6c41-460f-b55e-e6135d265426:192.168.69.88:35771, b7ff31bb-ae39-4067-a71c-fb5e6b3a0e64:192.168.69.88:37247], old=null
2019-10-15 15:56:14,261 [9efa5aa2-6c41-460f-b55e-e6135d265426@group-103D57857047-LeaderElection24] INFO  impl.RaftServerImpl (RaftServerImpl.java:setRole(184)) - 9efa5aa2-6c41-460f-b55e-e6135d265426@group-103D57857047: changes role from CANDIDATE to FOLLOWER at term 20 for DISCOVERED_A_NEW_TERM
2019-10-15 15:56:14,261 [9efa5aa2-6c41-460f-b55e-e6135d265426@group-103D57857047-LeaderElection24] INFO  impl.RoleInfo (RoleInfo.java:shutdownLeaderElection(134)) - 9efa5aa2-6c41-460f-b55e-e6135d265426: shutdown LeaderElection
2019-10-15 15:56:14,261 [9efa5aa2-6c41-460f-b55e-e6135d265426@group-103D57857047-LeaderElection24] INFO  impl.RoleInfo (RoleInfo.java:updateAndGet(143)) - 9efa5aa2-6c41-460f-b55e-e6135d265426: start FollowerState
2019-10-15 15:56:14,299 [Thread-675] INFO  impl.FollowerState (FollowerState.java:run(108)) - 9efa5aa2-6c41-460f-b55e-e6135d265426@group-103D57857047-FollowerState: change to CANDIDATE, lastRpcTime:38ms, electionTimeout:38ms
2019-10-15 15:56:14,300 [Thread-675] INFO  impl.RoleInfo (RoleInfo.java:shutdownFollowerState(121)) - 9efa5aa2-6c41-460f-b55e-e6135d265426: shutdown FollowerState
2019-10-15 15:56:14,300 [Thread-675] INFO  impl.RaftServerImpl (RaftServerImpl.java:setRole(184)) - 9efa5aa2-6c41-460f-b55e-e6135d265426@group-103D57857047: changes role from  FOLLOWER to CANDIDATE at term 20 for changeToCandidate
2019-10-15 15:56:14,300 [Thread-675] INFO  impl.RoleInfo (RoleInfo.java:updateAndGet(143)) - 9efa5aa2-6c41-460f-b55e-e6135d265426: start LeaderElection
2019-10-15 15:56:14,313 [9efa5aa2-6c41-460f-b55e-e6135d265426@group-103D57857047-LeaderElection25] INFO  impl.LeaderElection (LeaderElection.java:askForVotes(178)) - 9efa5aa2-6c41-460f-b55e-e6135d265426@group-103D57857047-LeaderElection25: begin an election at term 21 for 0: [502b81c0-94cc-42d9-ac22-46124b9f2555:192.168.69.88:45179, 9efa5aa2-6c41-460f-b55e-e6135d265426:192.168.69.88:35771, b7ff31bb-ae39-4067-a71c-fb5e6b3a0e64:192.168.69.88:37247], old=null
2019-10-15 15:56:14,315 [grpc-default-executor-1] INFO  impl.RaftServerImpl (RaftServerImpl.java:setRole(184)) - 502b81c0-94cc-42d9-ac22-46124b9f2555@group-103D57857047: changes role from  FOLLOWER to FOLLOWER at term 21 for recognizeCandidate:9efa5aa2-6c41-460f-b55e-e6135d265426
2019-10-15 15:56:14,315 [grpc-default-executor-7] INFO  impl.RaftServerImpl (RaftServerImpl.java:setRole(184)) - b7ff31bb-ae39-4067-a71c-fb5e6b3a0e64@group-103D57857047: changes role from  FOLLOWER to FOLLOWER at term 21 for recognizeCandidate:9efa5aa2-6c41-460f-b55e-e6135d265426
2019-10-15 15:56:14,315 [grpc-default-executor-1] INFO  impl.RoleInfo (RoleInfo.java:shutdownFollowerState(121)) - 502b81c0-94cc-42d9-ac22-46124b9f2555: shutdown FollowerState
2019-10-15 15:56:14,315 [grpc-default-executor-7] INFO  impl.RoleInfo (RoleInfo.java:shutdownFollowerState(121)) - b7ff31bb-ae39-4067-a71c-fb5e6b3a0e64: shutdown FollowerState
2019-10-15 15:56:14,316 [Thread-673] INFO  impl.FollowerState (FollowerState.java:run(117)) - 502b81c0-94cc-42d9-ac22-46124b9f2555@group-103D57857047-FollowerState was interrupted: java.lang.InterruptedException: sleep interrupted
2019-10-15 15:56:14,316 [grpc-default-executor-7] INFO  impl.RoleInfo (RoleInfo.java:updateAndGet(143)) - b7ff31bb-ae39-4067-a71c-fb5e6b3a0e64: start FollowerState
2019-10-15 15:56:14,316 [Thread-674] INFO  impl.FollowerState (FollowerState.java:run(117)) - b7ff31bb-ae39-4067-a71c-fb5e6b3a0e64@group-103D57857047-FollowerState was interrupted: java.lang.InterruptedException: sleep interrupted
2019-10-15 15:56:14,316 [grpc-default-executor-1] INFO  impl.RoleInfo (RoleInfo.java:updateAndGet(143)) - 502b81c0-94cc-42d9-ac22-46124b9f2555: start FollowerState
2019-10-15 15:56:14,332 [9efa5aa2-6c41-460f-b55e-e6135d265426@group-103D57857047-LeaderElection25] INFO  impl.LeaderElection (LeaderElection.java:logAndReturn(56)) - 9efa5aa2-6c41-460f-b55e-e6135d265426@group-103D57857047-LeaderElection25: Election REJECTED; received 2 response(s) [9efa5aa2-6c41-460f-b55e-e6135d265426<-502b81c0-94cc-42d9-ac22-46124b9f2555#0:FAIL-t21, 9efa5aa2-6c41-460f-b55e-e6135d265426<-b7ff31bb-ae39-4067-a71c-fb5e6b3a0e64#0:FAIL-t21] and 0 exception(s); 9efa5aa2-6c41-460f-b55e-e6135d265426@group-103D57857047:t21, leader=null, voted=9efa5aa2-6c41-460f-b55e-e6135d265426, raftlog=9efa5aa2-6c41-460f-b55e-e6135d265426@group-103D57857047-SegmentedRaftLog:OPENED:c3,f4,i4, conf=0: [502b81c0-94cc-42d9-ac22-46124b9f2555:192.168.69.88:45179, 9efa5aa2-6c41-460f-b55e-e6135d265426:192.168.69.88:35771, b7ff31bb-ae39-4067-a71c-fb5e6b3a0e64:192.168.69.88:37247], old=null
2019-10-15 15:56:14,332 [9efa5aa2-6c41-460f-b55e-e6135d265426@group-103D57857047-LeaderElection25] INFO  impl.RaftServerImpl (RaftServerImpl.java:setRole(184)) - 9efa5aa2-6c41-460f-b55e-e6135d265426@group-103D57857047: changes role from CANDIDATE to FOLLOWER at term 21 for DISCOVERED_A_NEW_TERM
2019-10-15 15:56:14,332 [9efa5aa2-6c41-460f-b55e-e6135d265426@group-103D57857047-LeaderElection25] INFO  impl.RoleInfo (RoleInfo.java:shutdownLeaderElection(134)) - 9efa5aa2-6c41-460f-b55e-e6135d265426: shutdown LeaderElection
2019-10-15 15:56:14,332 [9efa5aa2-6c41-460f-b55e-e6135d265426@group-103D57857047-LeaderElection25] INFO  impl.RoleInfo (RoleInfo.java:updateAndGet(143)) - 9efa5aa2-6c41-460f-b55e-e6135d265426: start FollowerState
2019-10-15 15:56:14,469 [Thread-681] INFO  impl.FollowerState (FollowerState.java:run(108)) - 9efa5aa2-6c41-460f-b55e-e6135d265426@group-103D57857047-FollowerState: change to CANDIDATE, lastRpcTime:137ms, electionTimeout:137ms
2019-10-15 15:56:14,471 [Thread-681] INFO  impl.RoleInfo (RoleInfo.java:shutdownFollowerState(121)) - 9efa5aa2-6c41-460f-b55e-e6135d265426: shutdown FollowerState
2019-10-15 15:56:14,471 [Thread-681] INFO  impl.RaftServerImpl (RaftServerImpl.java:setRole(184)) - 9efa5aa2-6c41-460f-b55e-e6135d265426@group-103D57857047: changes role from  FOLLOWER to CANDIDATE at term 21 for changeToCandidate
2019-10-15 15:56:14,471 [Thread-681] INFO  impl.RoleInfo (RoleInfo.java:updateAndGet(143)) - 9efa5aa2-6c41-460f-b55e-e6135d265426: start LeaderElection
2019-10-15 15:56:14,476 [9efa5aa2-6c41-460f-b55e-e6135d265426@group-103D57857047-LeaderElection26] INFO  impl.LeaderElection (LeaderElection.java:askForVotes(178)) - 9efa5aa2-6c41-460f-b55e-e6135d265426@group-103D57857047-LeaderElection26: begin an election at term 22 for 0: [502b81c0-94cc-42d9-ac22-46124b9f2555:192.168.69.88:45179, 9efa5aa2-6c41-460f-b55e-e6135d265426:192.168.69.88:35771, b7ff31bb-ae39-4067-a71c-fb5e6b3a0e64:192.168.69.88:37247], old=null
2019-10-15 15:56:14,478 [grpc-default-executor-7] INFO  impl.RaftServerImpl (RaftServerImpl.java:setRole(184)) - 502b81c0-94cc-42d9-ac22-46124b9f2555@group-103D57857047: changes role from  FOLLOWER to FOLLOWER at term 22 for recognizeCandidate:9efa5aa2-6c41-460f-b55e-e6135d265426
2019-10-15 15:56:14,478 [grpc-default-executor-1] INFO  impl.RaftServerImpl (RaftServerImpl.java:setRole(184)) - b7ff31bb-ae39-4067-a71c-fb5e6b3a0e64@group-103D57857047: changes role from  FOLLOWER to FOLLOWER at term 22 for recognizeCandidate:9efa5aa2-6c41-460f-b55e-e6135d265426
2019-10-15 15:56:14,478 [grpc-default-executor-7] INFO  impl.RoleInfo (RoleInfo.java:shutdownFollowerState(121)) - 502b81c0-94cc-42d9-ac22-46124b9f2555: shutdown FollowerState
2019-10-15 15:56:14,478 [grpc-default-executor-1] INFO  impl.RoleInfo (RoleInfo.java:shutdownFollowerState(121)) - b7ff31bb-ae39-4067-a71c-fb5e6b3a0e64: shutdown FollowerState
2019-10-15 15:56:14,479 [Thread-679] INFO  impl.FollowerState (FollowerState.java:run(117)) - 502b81c0-94cc-42d9-ac22-46124b9f2555@group-103D57857047-FollowerState was interrupted: java.lang.InterruptedException: sleep interrupted
2019-10-15 15:56:14,479 [grpc-default-executor-7] INFO  impl.RoleInfo (RoleInfo.java:updateAndGet(143)) - 502b81c0-94cc-42d9-ac22-46124b9f2555: start FollowerState
2019-10-15 15:56:14,479 [grpc-default-executor-1] INFO  impl.RoleInfo (RoleInfo.java:updateAndGet(143)) - b7ff31bb-ae39-4067-a71c-fb5e6b3a0e64: start FollowerState
2019-10-15 15:56:14,479 [Thread-680] INFO  impl.FollowerState (FollowerState.java:run(117)) - b7ff31bb-ae39-4067-a71c-fb5e6b3a0e64@group-103D57857047-FollowerState was interrupted: java.lang.InterruptedException: sleep interrupted
2019-10-15 15:56:14,485 [9efa5aa2-6c41-460f-b55e-e6135d265426@group-103D57857047-LeaderElection26] INFO  impl.LeaderElection (LeaderElection.java:logAndReturn(56)) - 9efa5aa2-6c41-460f-b55e-e6135d265426@group-103D57857047-LeaderElection26: Election REJECTED; received 2 response(s) [9efa5aa2-6c41-460f-b55e-e6135d265426<-502b81c0-94cc-42d9-ac22-46124b9f2555#0:FAIL-t22, 9efa5aa2-6c41-460f-b55e-e6135d265426<-b7ff31bb-ae39-4067-a71c-fb5e6b3a0e64#0:FAIL-t22] and 0 exception(s); 9efa5aa2-6c41-460f-b55e-e6135d265426@group-103D57857047:t22, leader=null, voted=9efa5aa2-6c41-460f-b55e-e6135d265426, raftlog=9efa5aa2-6c41-460f-b55e-e6135d265426@group-103D57857047-SegmentedRaftLog:OPENED:c3,f4,i4, conf=0: [502b81c0-94cc-42d9-ac22-46124b9f2555:192.168.69.88:45179, 9efa5aa2-6c41-460f-b55e-e6135d265426:192.168.69.88:35771, b7ff31bb-ae39-4067-a71c-fb5e6b3a0e64:192.168.69.88:37247], old=null
2019-10-15 15:56:14,485 [9efa5aa2-6c41-460f-b55e-e6135d265426@group-103D57857047-LeaderElection26] INFO  impl.RaftServerImpl (RaftServerImpl.java:setRole(184)) - 9efa5aa2-6c41-460f-b55e-e6135d265426@group-103D57857047: changes role from CANDIDATE to FOLLOWER at term 22 for DISCOVERED_A_NEW_TERM
2019-10-15 15:56:14,486 [9efa5aa2-6c41-460f-b55e-e6135d265426@group-103D57857047-LeaderElection26] INFO  impl.RoleInfo (RoleInfo.java:shutdownLeaderElection(134)) - 9efa5aa2-6c41-460f-b55e-e6135d265426: shutdown LeaderElection
2019-10-15 15:56:14,486 [9efa5aa2-6c41-460f-b55e-e6135d265426@group-103D57857047-LeaderElection26] INFO  impl.RoleInfo (RoleInfo.java:updateAndGet(143)) - 9efa5aa2-6c41-460f-b55e-e6135d265426: start FollowerState
2019-10-15 15:56:14,614 [pool-7-thread-5] INFO  commands.RetriableDatanodeEventWatcher (RetriableDatanodeEventWatcher.java:onTimeout(47)) - RetriableDatanodeCommand type=deleteBlocksCommand with id=1571154968618 timed out. Retrying.
2019-10-15 15:56:14,616 [pool-7-thread-6] INFO  commands.RetriableDatanodeEventWatcher (RetriableDatanodeEventWatcher.java:onTimeout(47)) - RetriableDatanodeCommand type=deleteBlocksCommand with id=1571154968610 timed out. Retrying.
2019-10-15 15:56:14,616 [pool-7-thread-4] INFO  commands.RetriableDatanodeEventWatcher (RetriableDatanodeEventWatcher.java:onTimeout(47)) - RetriableDatanodeCommand type=deleteBlocksCommand with id=1571154968616 timed out. Retrying.
2019-10-15 15:56:14,616 [SCMBlockDeletingService#0] INFO  block.SCMBlockDeletingService (SCMBlockDeletingService.java:call(184)) - Totally added 1 delete blocks command for 1 datanodes, task elapsed time: 1ms
2019-10-15 15:56:14,616 [pool-7-thread-1] INFO  commands.RetriableDatanodeEventWatcher (RetriableDatanodeEventWatcher.java:onTimeout(47)) - RetriableDatanodeCommand type=deleteBlocksCommand with id=1571154968612 timed out. Retrying.
2019-10-15 15:56:14,617 [pool-7-thread-3] INFO  commands.RetriableDatanodeEventWatcher (RetriableDatanodeEventWatcher.java:onTimeout(47)) - RetriableDatanodeCommand type=deleteBlocksCommand with id=1571154968614 timed out. Retrying.
2019-10-15 15:56:14,617 [pool-7-thread-2] INFO  commands.RetriableDatanodeEventWatcher (RetriableDatanodeEventWatcher.java:onTimeout(47)) - RetriableDatanodeCommand type=deleteBlocksCommand with id=1571154968617 timed out. Retrying.
2019-10-15 15:56:14,668 [Thread-687] INFO  impl.FollowerState (FollowerState.java:run(108)) - 9efa5aa2-6c41-460f-b55e-e6135d265426@group-103D57857047-FollowerState: change to CANDIDATE, lastRpcTime:182ms, electionTimeout:182ms
2019-10-15 15:56:14,668 [Thread-687] INFO  impl.RoleInfo (RoleInfo.java:shutdownFollowerState(121)) - 9efa5aa2-6c41-460f-b55e-e6135d265426: shutdown FollowerState
2019-10-15 15:56:14,668 [Thread-687] INFO  impl.RaftServerImpl (RaftServerImpl.java:setRole(184)) - 9efa5aa2-6c41-460f-b55e-e6135d265426@group-103D57857047: changes role from  FOLLOWER to CANDIDATE at term 22 for changeToCandidate
2019-10-15 15:56:14,668 [Thread-687] INFO  impl.RoleInfo (RoleInfo.java:updateAndGet(143)) - 9efa5aa2-6c41-460f-b55e-e6135d265426: start LeaderElection
2019-10-15 15:56:14,683 [9efa5aa2-6c41-460f-b55e-e6135d265426@group-103D57857047-LeaderElection27] INFO  impl.LeaderElection (LeaderElection.java:askForVotes(178)) - 9efa5aa2-6c41-460f-b55e-e6135d265426@group-103D57857047-LeaderElection27: begin an election at term 23 for 0: [502b81c0-94cc-42d9-ac22-46124b9f2555:192.168.69.88:45179, 9efa5aa2-6c41-460f-b55e-e6135d265426:192.168.69.88:35771, b7ff31bb-ae39-4067-a71c-fb5e6b3a0e64:192.168.69.88:37247], old=null
2019-10-15 15:56:14,686 [grpc-default-executor-7] INFO  impl.RaftServerImpl (RaftServerImpl.java:setRole(184)) - 502b81c0-94cc-42d9-ac22-46124b9f2555@group-103D57857047: changes role from  FOLLOWER to FOLLOWER at term 23 for recognizeCandidate:9efa5aa2-6c41-460f-b55e-e6135d265426
2019-10-15 15:56:14,686 [grpc-default-executor-1] INFO  impl.RaftServerImpl (RaftServerImpl.java:setRole(184)) - b7ff31bb-ae39-4067-a71c-fb5e6b3a0e64@group-103D57857047: changes role from  FOLLOWER to FOLLOWER at term 23 for recognizeCandidate:9efa5aa2-6c41-460f-b55e-e6135d265426
2019-10-15 15:56:14,686 [grpc-default-executor-7] INFO  impl.RoleInfo (RoleInfo.java:shutdownFollowerState(121)) - 502b81c0-94cc-42d9-ac22-46124b9f2555: shutdown FollowerState
2019-10-15 15:56:14,686 [grpc-default-executor-1] INFO  impl.RoleInfo (RoleInfo.java:shutdownFollowerState(121)) - b7ff31bb-ae39-4067-a71c-fb5e6b3a0e64: shutdown FollowerState
2019-10-15 15:56:14,686 [grpc-default-executor-7] INFO  impl.RoleInfo (RoleInfo.java:updateAndGet(143)) - 502b81c0-94cc-42d9-ac22-46124b9f2555: start FollowerState
2019-10-15 15:56:14,686 [Thread-685] INFO  impl.FollowerState (FollowerState.java:run(117)) - 502b81c0-94cc-42d9-ac22-46124b9f2555@group-103D57857047-FollowerState was interrupted: java.lang.InterruptedException: sleep interrupted
2019-10-15 15:56:14,686 [grpc-default-executor-1] INFO  impl.RoleInfo (RoleInfo.java:updateAndGet(143)) - b7ff31bb-ae39-4067-a71c-fb5e6b3a0e64: start FollowerState
2019-10-15 15:56:14,686 [Thread-686] INFO  impl.FollowerState (FollowerState.java:run(117)) - b7ff31bb-ae39-4067-a71c-fb5e6b3a0e64@group-103D57857047-FollowerState was interrupted: java.lang.InterruptedException: sleep interrupted
2019-10-15 15:56:14,703 [9efa5aa2-6c41-460f-b55e-e6135d265426@group-103D57857047-LeaderElection27] INFO  impl.LeaderElection (LeaderElection.java:logAndReturn(56)) - 9efa5aa2-6c41-460f-b55e-e6135d265426@group-103D57857047-LeaderElection27: Election REJECTED; received 2 response(s) [9efa5aa2-6c41-460f-b55e-e6135d265426<-502b81c0-94cc-42d9-ac22-46124b9f2555#0:FAIL-t23, 9efa5aa2-6c41-460f-b55e-e6135d265426<-b7ff31bb-ae39-4067-a71c-fb5e6b3a0e64#0:FAIL-t23] and 0 exception(s); 9efa5aa2-6c41-460f-b55e-e6135d265426@group-103D57857047:t23, leader=null, voted=9efa5aa2-6c41-460f-b55e-e6135d265426, raftlog=9efa5aa2-6c41-460f-b55e-e6135d265426@group-103D57857047-SegmentedRaftLog:OPENED:c3,f4,i4, conf=0: [502b81c0-94cc-42d9-ac22-46124b9f2555:192.168.69.88:45179, 9efa5aa2-6c41-460f-b55e-e6135d265426:192.168.69.88:35771, b7ff31bb-ae39-4067-a71c-fb5e6b3a0e64:192.168.69.88:37247], old=null
2019-10-15 15:56:14,703 [9efa5aa2-6c41-460f-b55e-e6135d265426@group-103D57857047-LeaderElection27] INFO  impl.RaftServerImpl (RaftServerImpl.java:setRole(184)) - 9efa5aa2-6c41-460f-b55e-e6135d265426@group-103D57857047: changes role from CANDIDATE to FOLLOWER at term 23 for DISCOVERED_A_NEW_TERM
2019-10-15 15:56:14,703 [9efa5aa2-6c41-460f-b55e-e6135d265426@group-103D57857047-LeaderElection27] INFO  impl.RoleInfo (RoleInfo.java:shutdownLeaderElection(134)) - 9efa5aa2-6c41-460f-b55e-e6135d265426: shutdown LeaderElection
2019-10-15 15:56:14,703 [9efa5aa2-6c41-460f-b55e-e6135d265426@group-103D57857047-LeaderElection27] INFO  impl.RoleInfo (RoleInfo.java:updateAndGet(143)) - 9efa5aa2-6c41-460f-b55e-e6135d265426: start FollowerState
2019-10-15 15:56:14,829 [Thread-694] INFO  impl.FollowerState (FollowerState.java:run(108)) - 9efa5aa2-6c41-460f-b55e-e6135d265426@group-103D57857047-FollowerState: change to CANDIDATE, lastRpcTime:126ms, electionTimeout:126ms
2019-10-15 15:56:14,831 [Thread-694] INFO  impl.RoleInfo (RoleInfo.java:shutdownFollowerState(121)) - 9efa5aa2-6c41-460f-b55e-e6135d265426: shutdown FollowerState
2019-10-15 15:56:14,831 [Thread-694] INFO  impl.RaftServerImpl (RaftServerImpl.java:setRole(184)) - 9efa5aa2-6c41-460f-b55e-e6135d265426@group-103D57857047: changes role from  FOLLOWER to CANDIDATE at term 23 for changeToCandidate
2019-10-15 15:56:14,831 [Thread-694] INFO  impl.RoleInfo (RoleInfo.java:updateAndGet(143)) - 9efa5aa2-6c41-460f-b55e-e6135d265426: start LeaderElection
2019-10-15 15:56:14,844 [9efa5aa2-6c41-460f-b55e-e6135d265426@group-103D57857047-LeaderElection28] INFO  impl.LeaderElection (LeaderElection.java:askForVotes(178)) - 9efa5aa2-6c41-460f-b55e-e6135d265426@group-103D57857047-LeaderElection28: begin an election at term 24 for 0: [502b81c0-94cc-42d9-ac22-46124b9f2555:192.168.69.88:45179, 9efa5aa2-6c41-460f-b55e-e6135d265426:192.168.69.88:35771, b7ff31bb-ae39-4067-a71c-fb5e6b3a0e64:192.168.69.88:37247], old=null
2019-10-15 15:56:14,847 [grpc-default-executor-1] INFO  impl.RaftServerImpl (RaftServerImpl.java:setRole(184)) - 502b81c0-94cc-42d9-ac22-46124b9f2555@group-103D57857047: changes role from  FOLLOWER to FOLLOWER at term 24 for recognizeCandidate:9efa5aa2-6c41-460f-b55e-e6135d265426
2019-10-15 15:56:14,847 [grpc-default-executor-1] INFO  impl.RoleInfo (RoleInfo.java:shutdownFollowerState(121)) - 502b81c0-94cc-42d9-ac22-46124b9f2555: shutdown FollowerState
2019-10-15 15:56:14,848 [grpc-default-executor-7] INFO  impl.RaftServerImpl (RaftServerImpl.java:setRole(184)) - b7ff31bb-ae39-4067-a71c-fb5e6b3a0e64@group-103D57857047: changes role from  FOLLOWER to FOLLOWER at term 24 for recognizeCandidate:9efa5aa2-6c41-460f-b55e-e6135d265426
2019-10-15 15:56:14,848 [grpc-default-executor-7] INFO  impl.RoleInfo (RoleInfo.java:shutdownFollowerState(121)) - b7ff31bb-ae39-4067-a71c-fb5e6b3a0e64: shutdown FollowerState
2019-10-15 15:56:14,848 [grpc-default-executor-1] INFO  impl.RoleInfo (RoleInfo.java:updateAndGet(143)) - 502b81c0-94cc-42d9-ac22-46124b9f2555: start FollowerState
2019-10-15 15:56:14,848 [Thread-692] INFO  impl.FollowerState (FollowerState.java:run(117)) - 502b81c0-94cc-42d9-ac22-46124b9f2555@group-103D57857047-FollowerState was interrupted: java.lang.InterruptedException: sleep interrupted
2019-10-15 15:56:14,848 [Thread-693] INFO  impl.FollowerState (FollowerState.java:run(117)) - b7ff31bb-ae39-4067-a71c-fb5e6b3a0e64@group-103D57857047-FollowerState was interrupted: java.lang.InterruptedException: sleep interrupted
2019-10-15 15:56:14,848 [grpc-default-executor-7] INFO  impl.RoleInfo (RoleInfo.java:updateAndGet(143)) - b7ff31bb-ae39-4067-a71c-fb5e6b3a0e64: start FollowerState
2019-10-15 15:56:14,863 [9efa5aa2-6c41-460f-b55e-e6135d265426@group-103D57857047-LeaderElection28] INFO  impl.LeaderElection (LeaderElection.java:logAndReturn(56)) - 9efa5aa2-6c41-460f-b55e-e6135d265426@group-103D57857047-LeaderElection28: Election REJECTED; received 2 response(s) [9efa5aa2-6c41-460f-b55e-e6135d265426<-502b81c0-94cc-42d9-ac22-46124b9f2555#0:FAIL-t24, 9efa5aa2-6c41-460f-b55e-e6135d265426<-b7ff31bb-ae39-4067-a71c-fb5e6b3a0e64#0:FAIL-t24] and 0 exception(s); 9efa5aa2-6c41-460f-b55e-e6135d265426@group-103D57857047:t24, leader=null, voted=9efa5aa2-6c41-460f-b55e-e6135d265426, raftlog=9efa5aa2-6c41-460f-b55e-e6135d265426@group-103D57857047-SegmentedRaftLog:OPENED:c3,f4,i4, conf=0: [502b81c0-94cc-42d9-ac22-46124b9f2555:192.168.69.88:45179, 9efa5aa2-6c41-460f-b55e-e6135d265426:192.168.69.88:35771, b7ff31bb-ae39-4067-a71c-fb5e6b3a0e64:192.168.69.88:37247], old=null
2019-10-15 15:56:14,863 [9efa5aa2-6c41-460f-b55e-e6135d265426@group-103D57857047-LeaderElection28] INFO  impl.RaftServerImpl (RaftServerImpl.java:setRole(184)) - 9efa5aa2-6c41-460f-b55e-e6135d265426@group-103D57857047: changes role from CANDIDATE to FOLLOWER at term 24 for DISCOVERED_A_NEW_TERM
2019-10-15 15:56:14,863 [9efa5aa2-6c41-460f-b55e-e6135d265426@group-103D57857047-LeaderElection28] INFO  impl.RoleInfo (RoleInfo.java:shutdownLeaderElection(134)) - 9efa5aa2-6c41-460f-b55e-e6135d265426: shutdown LeaderElection
2019-10-15 15:56:14,863 [9efa5aa2-6c41-460f-b55e-e6135d265426@group-103D57857047-LeaderElection28] INFO  impl.RoleInfo (RoleInfo.java:updateAndGet(143)) - 9efa5aa2-6c41-460f-b55e-e6135d265426: start FollowerState
2019-10-15 15:56:14,887 [Thread-702] INFO  client.GrpcClientProtocolService (GrpcClientProtocolService.java:lambda$processClientRequest$0(278)) - Failed RaftClientRequest:client-9849FE5BA529->502b81c0-94cc-42d9-ac22-46124b9f2555@group-103D57857047, cid=10, seq=0, Watch-ALL_COMMITTED(6), Message:<EMPTY>, reply=RaftClientReply:client-9849FE5BA529->502b81c0-94cc-42d9-ac22-46124b9f2555@group-103D57857047, cid=10, FAILED org.apache.ratis.protocol.NotLeaderException: Server 502b81c0-94cc-42d9-ac22-46124b9f2555@group-103D57857047 is not the leader, logIndex=0, commits[502b81c0-94cc-42d9-ac22-46124b9f2555:c10, 9efa5aa2-6c41-460f-b55e-e6135d265426:c4, b7ff31bb-ae39-4067-a71c-fb5e6b3a0e64:c10]
2019-10-15 15:56:14,976 [Thread-700] INFO  impl.FollowerState (FollowerState.java:run(108)) - 9efa5aa2-6c41-460f-b55e-e6135d265426@group-103D57857047-FollowerState: change to CANDIDATE, lastRpcTime:112ms, electionTimeout:112ms
2019-10-15 15:56:14,976 [Thread-700] INFO  impl.RoleInfo (RoleInfo.java:shutdownFollowerState(121)) - 9efa5aa2-6c41-460f-b55e-e6135d265426: shutdown FollowerState
2019-10-15 15:56:14,976 [Thread-700] INFO  impl.RaftServerImpl (RaftServerImpl.java:setRole(184)) - 9efa5aa2-6c41-460f-b55e-e6135d265426@group-103D57857047: changes role from  FOLLOWER to CANDIDATE at term 24 for changeToCandidate
2019-10-15 15:56:14,976 [Thread-700] INFO  impl.RoleInfo (RoleInfo.java:updateAndGet(143)) - 9efa5aa2-6c41-460f-b55e-e6135d265426: start LeaderElection
2019-10-15 15:56:14,990 [9efa5aa2-6c41-460f-b55e-e6135d265426@group-103D57857047-LeaderElection29] INFO  impl.LeaderElection (LeaderElection.java:askForVotes(178)) - 9efa5aa2-6c41-460f-b55e-e6135d265426@group-103D57857047-LeaderElection29: begin an election at term 25 for 0: [502b81c0-94cc-42d9-ac22-46124b9f2555:192.168.69.88:45179, 9efa5aa2-6c41-460f-b55e-e6135d265426:192.168.69.88:35771, b7ff31bb-ae39-4067-a71c-fb5e6b3a0e64:192.168.69.88:37247], old=null
2019-10-15 15:56:14,994 [grpc-default-executor-7] INFO  impl.RaftServerImpl (RaftServerImpl.java:setRole(184)) - b7ff31bb-ae39-4067-a71c-fb5e6b3a0e64@group-103D57857047: changes role from  FOLLOWER to FOLLOWER at term 25 for recognizeCandidate:9efa5aa2-6c41-460f-b55e-e6135d265426
2019-10-15 15:56:14,994 [grpc-default-executor-1] INFO  impl.RaftServerImpl (RaftServerImpl.java:setRole(184)) - 502b81c0-94cc-42d9-ac22-46124b9f2555@group-103D57857047: changes role from  FOLLOWER to FOLLOWER at term 25 for recognizeCandidate:9efa5aa2-6c41-460f-b55e-e6135d265426
2019-10-15 15:56:14,994 [grpc-default-executor-7] INFO  impl.RoleInfo (RoleInfo.java:shutdownFollowerState(121)) - b7ff31bb-ae39-4067-a71c-fb5e6b3a0e64: shutdown FollowerState
2019-10-15 15:56:14,994 [grpc-default-executor-1] INFO  impl.RoleInfo (RoleInfo.java:shutdownFollowerState(121)) - 502b81c0-94cc-42d9-ac22-46124b9f2555: shutdown FollowerState
2019-10-15 15:56:14,994 [grpc-default-executor-7] INFO  impl.RoleInfo (RoleInfo.java:updateAndGet(143)) - b7ff31bb-ae39-4067-a71c-fb5e6b3a0e64: start FollowerState
2019-10-15 15:56:14,994 [grpc-default-executor-1] INFO  impl.RoleInfo (RoleInfo.java:updateAndGet(143)) - 502b81c0-94cc-42d9-ac22-46124b9f2555: start FollowerState
2019-10-15 15:56:14,994 [Thread-698] INFO  impl.FollowerState (FollowerState.java:run(117)) - 502b81c0-94cc-42d9-ac22-46124b9f2555@group-103D57857047-FollowerState was interrupted: java.lang.InterruptedException: sleep interrupted
2019-10-15 15:56:14,994 [Thread-699] INFO  impl.FollowerState (FollowerState.java:run(117)) - b7ff31bb-ae39-4067-a71c-fb5e6b3a0e64@group-103D57857047-FollowerState was interrupted: java.lang.InterruptedException: sleep interrupted
2019-10-15 15:56:15,010 [9efa5aa2-6c41-460f-b55e-e6135d265426@group-103D57857047-LeaderElection29] INFO  impl.LeaderElection (LeaderElection.java:logAndReturn(56)) - 9efa5aa2-6c41-460f-b55e-e6135d265426@group-103D57857047-LeaderElection29: Election REJECTED; received 2 response(s) [9efa5aa2-6c41-460f-b55e-e6135d265426<-502b81c0-94cc-42d9-ac22-46124b9f2555#0:FAIL-t25, 9efa5aa2-6c41-460f-b55e-e6135d265426<-b7ff31bb-ae39-4067-a71c-fb5e6b3a0e64#0:FAIL-t25] and 0 exception(s); 9efa5aa2-6c41-460f-b55e-e6135d265426@group-103D57857047:t25, leader=null, voted=9efa5aa2-6c41-460f-b55e-e6135d265426, raftlog=9efa5aa2-6c41-460f-b55e-e6135d265426@group-103D57857047-SegmentedRaftLog:OPENED:c3,f4,i4, conf=0: [502b81c0-94cc-42d9-ac22-46124b9f2555:192.168.69.88:45179, 9efa5aa2-6c41-460f-b55e-e6135d265426:192.168.69.88:35771, b7ff31bb-ae39-4067-a71c-fb5e6b3a0e64:192.168.69.88:37247], old=null
2019-10-15 15:56:15,010 [9efa5aa2-6c41-460f-b55e-e6135d265426@group-103D57857047-LeaderElection29] INFO  impl.RaftServerImpl (RaftServerImpl.java:setRole(184)) - 9efa5aa2-6c41-460f-b55e-e6135d265426@group-103D57857047: changes role from CANDIDATE to FOLLOWER at term 25 for DISCOVERED_A_NEW_TERM
2019-10-15 15:56:15,010 [9efa5aa2-6c41-460f-b55e-e6135d265426@group-103D57857047-LeaderElection29] INFO  impl.RoleInfo (RoleInfo.java:shutdownLeaderElection(134)) - 9efa5aa2-6c41-460f-b55e-e6135d265426: shutdown LeaderElection
2019-10-15 15:56:15,010 [9efa5aa2-6c41-460f-b55e-e6135d265426@group-103D57857047-LeaderElection29] INFO  impl.RoleInfo (RoleInfo.java:updateAndGet(143)) - 9efa5aa2-6c41-460f-b55e-e6135d265426: start FollowerState
2019-10-15 15:56:15,063 [BlockDeletingService#7] WARN  background.BlockDeletingService (BlockDeletingService.java:isDeletionAllowed(187)) - Close Container log Index 6 is not replicated across allthe servers in the pipeline 1cf6151f-af98-4e08-a2d2-103d57857047 as the min replicated index is 4. Deletion is not allowed in this container yet.
2019-10-15 15:56:15,064 [BlockDeletingService#2] WARN  background.BlockDeletingService (BlockDeletingService.java:isDeletionAllowed(187)) - Close Container log Index 6 is not replicated across allthe servers in the pipeline 1cf6151f-af98-4e08-a2d2-103d57857047 as the min replicated index is 4. Deletion is not allowed in this container yet.
2019-10-15 15:56:15,126 [Thread-709] INFO  impl.FollowerState (FollowerState.java:run(108)) - 9efa5aa2-6c41-460f-b55e-e6135d265426@group-103D57857047-FollowerState: change to CANDIDATE, lastRpcTime:115ms, electionTimeout:115ms
2019-10-15 15:56:15,126 [Thread-709] INFO  impl.RoleInfo (RoleInfo.java:shutdownFollowerState(121)) - 9efa5aa2-6c41-460f-b55e-e6135d265426: shutdown FollowerState
2019-10-15 15:56:15,126 [Thread-709] INFO  impl.RaftServerImpl (RaftServerImpl.java:setRole(184)) - 9efa5aa2-6c41-460f-b55e-e6135d265426@group-103D57857047: changes role from  FOLLOWER to CANDIDATE at term 25 for changeToCandidate
2019-10-15 15:56:15,126 [Thread-709] INFO  impl.RoleInfo (RoleInfo.java:updateAndGet(143)) - 9efa5aa2-6c41-460f-b55e-e6135d265426: start LeaderElection
2019-10-15 15:56:15,139 [9efa5aa2-6c41-460f-b55e-e6135d265426@group-103D57857047-LeaderElection30] INFO  impl.LeaderElection (LeaderElection.java:askForVotes(178)) - 9efa5aa2-6c41-460f-b55e-e6135d265426@group-103D57857047-LeaderElection30: begin an election at term 26 for 0: [502b81c0-94cc-42d9-ac22-46124b9f2555:192.168.69.88:45179, 9efa5aa2-6c41-460f-b55e-e6135d265426:192.168.69.88:35771, b7ff31bb-ae39-4067-a71c-fb5e6b3a0e64:192.168.69.88:37247], old=null
2019-10-15 15:56:15,142 [grpc-default-executor-7] INFO  impl.RaftServerImpl (RaftServerImpl.java:setRole(184)) - b7ff31bb-ae39-4067-a71c-fb5e6b3a0e64@group-103D57857047: changes role from  FOLLOWER to FOLLOWER at term 26 for recognizeCandidate:9efa5aa2-6c41-460f-b55e-e6135d265426
2019-10-15 15:56:15,142 [grpc-default-executor-1] INFO  impl.RaftServerImpl (RaftServerImpl.java:setRole(184)) - 502b81c0-94cc-42d9-ac22-46124b9f2555@group-103D57857047: changes role from  FOLLOWER to FOLLOWER at term 26 for recognizeCandidate:9efa5aa2-6c41-460f-b55e-e6135d265426
2019-10-15 15:56:15,142 [grpc-default-executor-7] INFO  impl.RoleInfo (RoleInfo.java:shutdownFollowerState(121)) - b7ff31bb-ae39-4067-a71c-fb5e6b3a0e64: shutdown FollowerState
2019-10-15 15:56:15,143 [grpc-default-executor-1] INFO  impl.RoleInfo (RoleInfo.java:shutdownFollowerState(121)) - 502b81c0-94cc-42d9-ac22-46124b9f2555: shutdown FollowerState
2019-10-15 15:56:15,143 [Thread-707] INFO  impl.FollowerState (FollowerState.java:run(117)) - b7ff31bb-ae39-4067-a71c-fb5e6b3a0e64@group-103D57857047-FollowerState was interrupted: java.lang.InterruptedException: sleep interrupted
2019-10-15 15:56:15,143 [Thread-708] INFO  impl.FollowerState (FollowerState.java:run(117)) - 502b81c0-94cc-42d9-ac22-46124b9f2555@group-103D57857047-FollowerState was interrupted: java.lang.InterruptedException: sleep interrupted
2019-10-15 15:56:15,143 [grpc-default-executor-1] INFO  impl.RoleInfo (RoleInfo.java:updateAndGet(143)) - 502b81c0-94cc-42d9-ac22-46124b9f2555: start FollowerState
2019-10-15 15:56:15,143 [grpc-default-executor-7] INFO  impl.RoleInfo (RoleInfo.java:updateAndGet(143)) - b7ff31bb-ae39-4067-a71c-fb5e6b3a0e64: start FollowerState
2019-10-15 15:56:15,158 [9efa5aa2-6c41-460f-b55e-e6135d265426@group-103D57857047-LeaderElection30] INFO  impl.LeaderElection (LeaderElection.java:logAndReturn(56)) - 9efa5aa2-6c41-460f-b55e-e6135d265426@group-103D57857047-LeaderElection30: Election REJECTED; received 2 response(s) [9efa5aa2-6c41-460f-b55e-e6135d265426<-502b81c0-94cc-42d9-ac22-46124b9f2555#0:FAIL-t26, 9efa5aa2-6c41-460f-b55e-e6135d265426<-b7ff31bb-ae39-4067-a71c-fb5e6b3a0e64#0:FAIL-t26] and 0 exception(s); 9efa5aa2-6c41-460f-b55e-e6135d265426@group-103D57857047:t26, leader=null, voted=9efa5aa2-6c41-460f-b55e-e6135d265426, raftlog=9efa5aa2-6c41-460f-b55e-e6135d265426@group-103D57857047-SegmentedRaftLog:OPENED:c3,f4,i4, conf=0: [502b81c0-94cc-42d9-ac22-46124b9f2555:192.168.69.88:45179, 9efa5aa2-6c41-460f-b55e-e6135d265426:192.168.69.88:35771, b7ff31bb-ae39-4067-a71c-fb5e6b3a0e64:192.168.69.88:37247], old=null
2019-10-15 15:56:15,158 [9efa5aa2-6c41-460f-b55e-e6135d265426@group-103D57857047-LeaderElection30] INFO  impl.RaftServerImpl (RaftServerImpl.java:setRole(184)) - 9efa5aa2-6c41-460f-b55e-e6135d265426@group-103D57857047: changes role from CANDIDATE to FOLLOWER at term 26 for DISCOVERED_A_NEW_TERM
2019-10-15 15:56:15,158 [9efa5aa2-6c41-460f-b55e-e6135d265426@group-103D57857047-LeaderElection30] INFO  impl.RoleInfo (RoleInfo.java:shutdownLeaderElection(134)) - 9efa5aa2-6c41-460f-b55e-e6135d265426: shutdown LeaderElection
2019-10-15 15:56:15,159 [9efa5aa2-6c41-460f-b55e-e6135d265426@group-103D57857047-LeaderElection30] INFO  impl.RoleInfo (RoleInfo.java:updateAndGet(143)) - 9efa5aa2-6c41-460f-b55e-e6135d265426: start FollowerState
2019-10-15 15:56:15,256 [Thread-717] INFO  impl.FollowerState (FollowerState.java:run(108)) - 9efa5aa2-6c41-460f-b55e-e6135d265426@group-103D57857047-FollowerState: change to CANDIDATE, lastRpcTime:97ms, electionTimeout:97ms
2019-10-15 15:56:15,258 [Thread-717] INFO  impl.RoleInfo (RoleInfo.java:shutdownFollowerState(121)) - 9efa5aa2-6c41-460f-b55e-e6135d265426: shutdown FollowerState
2019-10-15 15:56:15,258 [Thread-717] INFO  impl.RaftServerImpl (RaftServerImpl.java:setRole(184)) - 9efa5aa2-6c41-460f-b55e-e6135d265426@group-103D57857047: changes role from  FOLLOWER to CANDIDATE at term 26 for changeToCandidate
2019-10-15 15:56:15,258 [Thread-717] INFO  impl.RoleInfo (RoleInfo.java:updateAndGet(143)) - 9efa5aa2-6c41-460f-b55e-e6135d265426: start LeaderElection
2019-10-15 15:56:15,270 [9efa5aa2-6c41-460f-b55e-e6135d265426@group-103D57857047-LeaderElection31] INFO  impl.LeaderElection (LeaderElection.java:askForVotes(178)) - 9efa5aa2-6c41-460f-b55e-e6135d265426@group-103D57857047-LeaderElection31: begin an election at term 27 for 0: [502b81c0-94cc-42d9-ac22-46124b9f2555:192.168.69.88:45179, 9efa5aa2-6c41-460f-b55e-e6135d265426:192.168.69.88:35771, b7ff31bb-ae39-4067-a71c-fb5e6b3a0e64:192.168.69.88:37247], old=null
2019-10-15 15:56:15,273 [grpc-default-executor-7] INFO  impl.RaftServerImpl (RaftServerImpl.java:setRole(184)) - 502b81c0-94cc-42d9-ac22-46124b9f2555@group-103D57857047: changes role from  FOLLOWER to FOLLOWER at term 27 for recognizeCandidate:9efa5aa2-6c41-460f-b55e-e6135d265426
2019-10-15 15:56:15,273 [grpc-default-executor-1] INFO  impl.RaftServerImpl (RaftServerImpl.java:setRole(184)) - b7ff31bb-ae39-4067-a71c-fb5e6b3a0e64@group-103D57857047: changes role from  FOLLOWER to FOLLOWER at term 27 for recognizeCandidate:9efa5aa2-6c41-460f-b55e-e6135d265426
2019-10-15 15:56:15,273 [grpc-default-executor-7] INFO  impl.RoleInfo (RoleInfo.java:shutdownFollowerState(121)) - 502b81c0-94cc-42d9-ac22-46124b9f2555: shutdown FollowerState
2019-10-15 15:56:15,273 [grpc-default-executor-1] INFO  impl.RoleInfo (RoleInfo.java:shutdownFollowerState(121)) - b7ff31bb-ae39-4067-a71c-fb5e6b3a0e64: shutdown FollowerState
2019-10-15 15:56:15,274 [grpc-default-executor-7] INFO  impl.RoleInfo (RoleInfo.java:updateAndGet(143)) - 502b81c0-94cc-42d9-ac22-46124b9f2555: start FollowerState
2019-10-15 15:56:15,274 [Thread-716] INFO  impl.FollowerState (FollowerState.java:run(117)) - 502b81c0-94cc-42d9-ac22-46124b9f2555@group-103D57857047-FollowerState was interrupted: java.lang.InterruptedException: sleep interrupted
2019-10-15 15:56:15,274 [grpc-default-executor-1] INFO  impl.RoleInfo (RoleInfo.java:updateAndGet(143)) - b7ff31bb-ae39-4067-a71c-fb5e6b3a0e64: start FollowerState
2019-10-15 15:56:15,274 [Thread-715] INFO  impl.FollowerState (FollowerState.java:run(117)) - b7ff31bb-ae39-4067-a71c-fb5e6b3a0e64@group-103D57857047-FollowerState was interrupted: java.lang.InterruptedException: sleep interrupted
2019-10-15 15:56:15,284 [9efa5aa2-6c41-460f-b55e-e6135d265426@group-103D57857047-LeaderElection31] INFO  impl.LeaderElection (LeaderElection.java:logAndReturn(56)) - 9efa5aa2-6c41-460f-b55e-e6135d265426@group-103D57857047-LeaderElection31: Election REJECTED; received 2 response(s) [9efa5aa2-6c41-460f-b55e-e6135d265426<-502b81c0-94cc-42d9-ac22-46124b9f2555#0:FAIL-t27, 9efa5aa2-6c41-460f-b55e-e6135d265426<-b7ff31bb-ae39-4067-a71c-fb5e6b3a0e64#0:FAIL-t27] and 0 exception(s); 9efa5aa2-6c41-460f-b55e-e6135d265426@group-103D57857047:t27, leader=null, voted=9efa5aa2-6c41-460f-b55e-e6135d265426, raftlog=9efa5aa2-6c41-460f-b55e-e6135d265426@group-103D57857047-SegmentedRaftLog:OPENED:c3,f4,i4, conf=0: [502b81c0-94cc-42d9-ac22-46124b9f2555:192.168.69.88:45179, 9efa5aa2-6c41-460f-b55e-e6135d265426:192.168.69.88:35771, b7ff31bb-ae39-4067-a71c-fb5e6b3a0e64:192.168.69.88:37247], old=null
2019-10-15 15:56:15,284 [9efa5aa2-6c41-460f-b55e-e6135d265426@group-103D57857047-LeaderElection31] INFO  impl.RaftServerImpl (RaftServerImpl.java:setRole(184)) - 9efa5aa2-6c41-460f-b55e-e6135d265426@group-103D57857047: changes role from CANDIDATE to FOLLOWER at term 27 for DISCOVERED_A_NEW_TERM
2019-10-15 15:56:15,284 [9efa5aa2-6c41-460f-b55e-e6135d265426@group-103D57857047-LeaderElection31] INFO  impl.RoleInfo (RoleInfo.java:shutdownLeaderElection(134)) - 9efa5aa2-6c41-460f-b55e-e6135d265426: shutdown LeaderElection
2019-10-15 15:56:15,284 [9efa5aa2-6c41-460f-b55e-e6135d265426@group-103D57857047-LeaderElection31] INFO  impl.RoleInfo (RoleInfo.java:updateAndGet(143)) - 9efa5aa2-6c41-460f-b55e-e6135d265426: start FollowerState
2019-10-15 15:56:15,392 [Thread-723] INFO  impl.FollowerState (FollowerState.java:run(108)) - 9efa5aa2-6c41-460f-b55e-e6135d265426@group-103D57857047-FollowerState: change to CANDIDATE, lastRpcTime:107ms, electionTimeout:107ms
2019-10-15 15:56:15,393 [Thread-723] INFO  impl.RoleInfo (RoleInfo.java:shutdownFollowerState(121)) - 9efa5aa2-6c41-460f-b55e-e6135d265426: shutdown FollowerState
2019-10-15 15:56:15,393 [Thread-723] INFO  impl.RaftServerImpl (RaftServerImpl.java:setRole(184)) - 9efa5aa2-6c41-460f-b55e-e6135d265426@group-103D57857047: changes role from  FOLLOWER to CANDIDATE at term 27 for changeToCandidate
2019-10-15 15:56:15,394 [Thread-723] INFO  impl.RoleInfo (RoleInfo.java:updateAndGet(143)) - 9efa5aa2-6c41-460f-b55e-e6135d265426: start LeaderElection
2019-10-15 15:56:15,426 [9efa5aa2-6c41-460f-b55e-e6135d265426@group-103D57857047-LeaderElection32] INFO  impl.LeaderElection (LeaderElection.java:askForVotes(178)) - 9efa5aa2-6c41-460f-b55e-e6135d265426@group-103D57857047-LeaderElection32: begin an election at term 28 for 0: [502b81c0-94cc-42d9-ac22-46124b9f2555:192.168.69.88:45179, 9efa5aa2-6c41-460f-b55e-e6135d265426:192.168.69.88:35771, b7ff31bb-ae39-4067-a71c-fb5e6b3a0e64:192.168.69.88:37247], old=null
2019-10-15 15:56:15,428 [grpc-default-executor-1] INFO  impl.RaftServerImpl (RaftServerImpl.java:setRole(184)) - 502b81c0-94cc-42d9-ac22-46124b9f2555@group-103D57857047: changes role from  FOLLOWER to FOLLOWER at term 28 for recognizeCandidate:9efa5aa2-6c41-460f-b55e-e6135d265426
2019-10-15 15:56:15,428 [grpc-default-executor-7] INFO  impl.RaftServerImpl (RaftServerImpl.java:setRole(184)) - b7ff31bb-ae39-4067-a71c-fb5e6b3a0e64@group-103D57857047: changes role from  FOLLOWER to FOLLOWER at term 28 for recognizeCandidate:9efa5aa2-6c41-460f-b55e-e6135d265426
2019-10-15 15:56:15,429 [grpc-default-executor-1] INFO  impl.RoleInfo (RoleInfo.java:shutdownFollowerState(121)) - 502b81c0-94cc-42d9-ac22-46124b9f2555: shutdown FollowerState
2019-10-15 15:56:15,429 [grpc-default-executor-7] INFO  impl.RoleInfo (RoleInfo.java:shutdownFollowerState(121)) - b7ff31bb-ae39-4067-a71c-fb5e6b3a0e64: shutdown FollowerState
2019-10-15 15:56:15,429 [grpc-default-executor-1] INFO  impl.RoleInfo (RoleInfo.java:updateAndGet(143)) - 502b81c0-94cc-42d9-ac22-46124b9f2555: start FollowerState
2019-10-15 15:56:15,429 [Thread-721] INFO  impl.FollowerState (FollowerState.java:run(117)) - 502b81c0-94cc-42d9-ac22-46124b9f2555@group-103D57857047-FollowerState was interrupted: java.lang.InterruptedException: sleep interrupted
2019-10-15 15:56:15,429 [grpc-default-executor-7] INFO  impl.RoleInfo (RoleInfo.java:updateAndGet(143)) - b7ff31bb-ae39-4067-a71c-fb5e6b3a0e64: start FollowerState
2019-10-15 15:56:15,429 [Thread-722] INFO  impl.FollowerState (FollowerState.java:run(117)) - b7ff31bb-ae39-4067-a71c-fb5e6b3a0e64@group-103D57857047-FollowerState was interrupted: java.lang.InterruptedException: sleep interrupted
2019-10-15 15:56:15,435 [9efa5aa2-6c41-460f-b55e-e6135d265426@group-103D57857047-LeaderElection32] INFO  impl.LeaderElection (LeaderElection.java:logAndReturn(56)) - 9efa5aa2-6c41-460f-b55e-e6135d265426@group-103D57857047-LeaderElection32: Election REJECTED; received 2 response(s) [9efa5aa2-6c41-460f-b55e-e6135d265426<-502b81c0-94cc-42d9-ac22-46124b9f2555#0:FAIL-t28, 9efa5aa2-6c41-460f-b55e-e6135d265426<-b7ff31bb-ae39-4067-a71c-fb5e6b3a0e64#0:FAIL-t28] and 0 exception(s); 9efa5aa2-6c41-460f-b55e-e6135d265426@group-103D57857047:t28, leader=null, voted=9efa5aa2-6c41-460f-b55e-e6135d265426, raftlog=9efa5aa2-6c41-460f-b55e-e6135d265426@group-103D57857047-SegmentedRaftLog:OPENED:c3,f4,i4, conf=0: [502b81c0-94cc-42d9-ac22-46124b9f2555:192.168.69.88:45179, 9efa5aa2-6c41-460f-b55e-e6135d265426:192.168.69.88:35771, b7ff31bb-ae39-4067-a71c-fb5e6b3a0e64:192.168.69.88:37247], old=null
2019-10-15 15:56:15,436 [9efa5aa2-6c41-460f-b55e-e6135d265426@group-103D57857047-LeaderElection32] INFO  impl.RaftServerImpl (RaftServerImpl.java:setRole(184)) - 9efa5aa2-6c41-460f-b55e-e6135d265426@group-103D57857047: changes role from CANDIDATE to FOLLOWER at term 28 for DISCOVERED_A_NEW_TERM
2019-10-15 15:56:15,436 [9efa5aa2-6c41-460f-b55e-e6135d265426@group-103D57857047-LeaderElection32] INFO  impl.RoleInfo (RoleInfo.java:shutdownLeaderElection(134)) - 9efa5aa2-6c41-460f-b55e-e6135d265426: shutdown LeaderElection
2019-10-15 15:56:15,436 [9efa5aa2-6c41-460f-b55e-e6135d265426@group-103D57857047-LeaderElection32] INFO  impl.RoleInfo (RoleInfo.java:updateAndGet(143)) - 9efa5aa2-6c41-460f-b55e-e6135d265426: start FollowerState
2019-10-15 15:56:15,470 [Thread-729] INFO  impl.FollowerState (FollowerState.java:run(108)) - 9efa5aa2-6c41-460f-b55e-e6135d265426@group-103D57857047-FollowerState: change to CANDIDATE, lastRpcTime:34ms, electionTimeout:34ms
2019-10-15 15:56:15,472 [Thread-729] INFO  impl.RoleInfo (RoleInfo.java:shutdownFollowerState(121)) - 9efa5aa2-6c41-460f-b55e-e6135d265426: shutdown FollowerState
2019-10-15 15:56:15,472 [Thread-729] INFO  impl.RaftServerImpl (RaftServerImpl.java:setRole(184)) - 9efa5aa2-6c41-460f-b55e-e6135d265426@group-103D57857047: changes role from  FOLLOWER to CANDIDATE at term 28 for changeToCandidate
2019-10-15 15:56:15,472 [Thread-729] INFO  impl.RoleInfo (RoleInfo.java:updateAndGet(143)) - 9efa5aa2-6c41-460f-b55e-e6135d265426: start LeaderElection
2019-10-15 15:56:15,486 [9efa5aa2-6c41-460f-b55e-e6135d265426@group-103D57857047-LeaderElection33] INFO  impl.LeaderElection (LeaderElection.java:askForVotes(178)) - 9efa5aa2-6c41-460f-b55e-e6135d265426@group-103D57857047-LeaderElection33: begin an election at term 29 for 0: [502b81c0-94cc-42d9-ac22-46124b9f2555:192.168.69.88:45179, 9efa5aa2-6c41-460f-b55e-e6135d265426:192.168.69.88:35771, b7ff31bb-ae39-4067-a71c-fb5e6b3a0e64:192.168.69.88:37247], old=null
2019-10-15 15:56:15,489 [grpc-default-executor-7] INFO  impl.RaftServerImpl (RaftServerImpl.java:setRole(184)) - 502b81c0-94cc-42d9-ac22-46124b9f2555@group-103D57857047: changes role from  FOLLOWER to FOLLOWER at term 29 for recognizeCandidate:9efa5aa2-6c41-460f-b55e-e6135d265426
2019-10-15 15:56:15,489 [grpc-default-executor-7] INFO  impl.RoleInfo (RoleInfo.java:shutdownFollowerState(121)) - 502b81c0-94cc-42d9-ac22-46124b9f2555: shutdown FollowerState
2019-10-15 15:56:15,489 [grpc-default-executor-1] INFO  impl.RaftServerImpl (RaftServerImpl.java:setRole(184)) - b7ff31bb-ae39-4067-a71c-fb5e6b3a0e64@group-103D57857047: changes role from  FOLLOWER to FOLLOWER at term 29 for recognizeCandidate:9efa5aa2-6c41-460f-b55e-e6135d265426
2019-10-15 15:56:15,489 [grpc-default-executor-7] INFO  impl.RoleInfo (RoleInfo.java:updateAndGet(143)) - 502b81c0-94cc-42d9-ac22-46124b9f2555: start FollowerState
2019-10-15 15:56:15,489 [Thread-727] INFO  impl.FollowerState (FollowerState.java:run(117)) - 502b81c0-94cc-42d9-ac22-46124b9f2555@group-103D57857047-FollowerState was interrupted: java.lang.InterruptedException: sleep interrupted
2019-10-15 15:56:15,489 [grpc-default-executor-1] INFO  impl.RoleInfo (RoleInfo.java:shutdownFollowerState(121)) - b7ff31bb-ae39-4067-a71c-fb5e6b3a0e64: shutdown FollowerState
2019-10-15 15:56:15,490 [Thread-728] INFO  impl.FollowerState (FollowerState.java:run(117)) - b7ff31bb-ae39-4067-a71c-fb5e6b3a0e64@group-103D57857047-FollowerState was interrupted: java.lang.InterruptedException: sleep interrupted
2019-10-15 15:56:15,490 [grpc-default-executor-1] INFO  impl.RoleInfo (RoleInfo.java:updateAndGet(143)) - b7ff31bb-ae39-4067-a71c-fb5e6b3a0e64: start FollowerState
2019-10-15 15:56:15,521 [9efa5aa2-6c41-460f-b55e-e6135d265426@group-103D57857047-LeaderElection33] INFO  impl.LeaderElection (LeaderElection.java:logAndReturn(56)) - 9efa5aa2-6c41-460f-b55e-e6135d265426@group-103D57857047-LeaderElection33: Election TIMEOUT; received 0 response(s) [] and 0 exception(s); 9efa5aa2-6c41-460f-b55e-e6135d265426@group-103D57857047:t29, leader=null, voted=9efa5aa2-6c41-460f-b55e-e6135d265426, raftlog=9efa5aa2-6c41-460f-b55e-e6135d265426@group-103D57857047-SegmentedRaftLog:OPENED:c3,f4,i4, conf=0: [502b81c0-94cc-42d9-ac22-46124b9f2555:192.168.69.88:45179, 9efa5aa2-6c41-460f-b55e-e6135d265426:192.168.69.88:35771, b7ff31bb-ae39-4067-a71c-fb5e6b3a0e64:192.168.69.88:37247], old=null
2019-10-15 15:56:15,528 [9efa5aa2-6c41-460f-b55e-e6135d265426@group-103D57857047-LeaderElection33] INFO  impl.LeaderElection (LeaderElection.java:askForVotes(178)) - 9efa5aa2-6c41-460f-b55e-e6135d265426@group-103D57857047-LeaderElection33: begin an election at term 30 for 0: [502b81c0-94cc-42d9-ac22-46124b9f2555:192.168.69.88:45179, 9efa5aa2-6c41-460f-b55e-e6135d265426:192.168.69.88:35771, b7ff31bb-ae39-4067-a71c-fb5e6b3a0e64:192.168.69.88:37247], old=null
2019-10-15 15:56:15,530 [grpc-default-executor-1] INFO  impl.RaftServerImpl (RaftServerImpl.java:setRole(184)) - b7ff31bb-ae39-4067-a71c-fb5e6b3a0e64@group-103D57857047: changes role from  FOLLOWER to FOLLOWER at term 30 for recognizeCandidate:9efa5aa2-6c41-460f-b55e-e6135d265426
2019-10-15 15:56:15,530 [grpc-default-executor-7] INFO  impl.RaftServerImpl (RaftServerImpl.java:setRole(184)) - 502b81c0-94cc-42d9-ac22-46124b9f2555@group-103D57857047: changes role from  FOLLOWER to FOLLOWER at term 30 for recognizeCandidate:9efa5aa2-6c41-460f-b55e-e6135d265426
2019-10-15 15:56:15,532 [grpc-default-executor-1] INFO  impl.RoleInfo (RoleInfo.java:shutdownFollowerState(121)) - b7ff31bb-ae39-4067-a71c-fb5e6b3a0e64: shutdown FollowerState
2019-10-15 15:56:15,532 [grpc-default-executor-7] INFO  impl.RoleInfo (RoleInfo.java:shutdownFollowerState(121)) - 502b81c0-94cc-42d9-ac22-46124b9f2555: shutdown FollowerState
2019-10-15 15:56:15,532 [Thread-734] INFO  impl.FollowerState (FollowerState.java:run(117)) - b7ff31bb-ae39-4067-a71c-fb5e6b3a0e64@group-103D57857047-FollowerState was interrupted: java.lang.InterruptedException: sleep interrupted
2019-10-15 15:56:15,532 [grpc-default-executor-1] INFO  impl.RoleInfo (RoleInfo.java:updateAndGet(143)) - b7ff31bb-ae39-4067-a71c-fb5e6b3a0e64: start FollowerState
2019-10-15 15:56:15,533 [grpc-default-executor-7] INFO  impl.RoleInfo (RoleInfo.java:updateAndGet(143)) - 502b81c0-94cc-42d9-ac22-46124b9f2555: start FollowerState
2019-10-15 15:56:15,532 [Thread-733] INFO  impl.FollowerState (FollowerState.java:run(117)) - 502b81c0-94cc-42d9-ac22-46124b9f2555@group-103D57857047-FollowerState was interrupted: java.lang.InterruptedException: sleep interrupted
2019-10-15 15:56:15,548 [9efa5aa2-6c41-460f-b55e-e6135d265426@group-103D57857047-LeaderElection33] INFO  impl.LeaderElection (LeaderElection.java:logAndReturn(56)) - 9efa5aa2-6c41-460f-b55e-e6135d265426@group-103D57857047-LeaderElection33: Election REJECTED; received 2 response(s) [9efa5aa2-6c41-460f-b55e-e6135d265426<-502b81c0-94cc-42d9-ac22-46124b9f2555#0:FAIL-t30, 9efa5aa2-6c41-460f-b55e-e6135d265426<-b7ff31bb-ae39-4067-a71c-fb5e6b3a0e64#0:FAIL-t30] and 0 exception(s); 9efa5aa2-6c41-460f-b55e-e6135d265426@group-103D57857047:t30, leader=null, voted=9efa5aa2-6c41-460f-b55e-e6135d265426, raftlog=9efa5aa2-6c41-460f-b55e-e6135d265426@group-103D57857047-SegmentedRaftLog:OPENED:c3,f4,i4, conf=0: [502b81c0-94cc-42d9-ac22-46124b9f2555:192.168.69.88:45179, 9efa5aa2-6c41-460f-b55e-e6135d265426:192.168.69.88:35771, b7ff31bb-ae39-4067-a71c-fb5e6b3a0e64:192.168.69.88:37247], old=null
2019-10-15 15:56:15,548 [9efa5aa2-6c41-460f-b55e-e6135d265426@group-103D57857047-LeaderElection33] INFO  impl.RaftServerImpl (RaftServerImpl.java:setRole(184)) - 9efa5aa2-6c41-460f-b55e-e6135d265426@group-103D57857047: changes role from CANDIDATE to FOLLOWER at term 30 for DISCOVERED_A_NEW_TERM
2019-10-15 15:56:15,548 [9efa5aa2-6c41-460f-b55e-e6135d265426@group-103D57857047-LeaderElection33] INFO  impl.RoleInfo (RoleInfo.java:shutdownLeaderElection(134)) - 9efa5aa2-6c41-460f-b55e-e6135d265426: shutdown LeaderElection
2019-10-15 15:56:15,549 [9efa5aa2-6c41-460f-b55e-e6135d265426@group-103D57857047-LeaderElection33] INFO  impl.RoleInfo (RoleInfo.java:updateAndGet(143)) - 9efa5aa2-6c41-460f-b55e-e6135d265426: start FollowerState
2019-10-15 15:56:15,616 [pool-7-thread-2] INFO  commands.RetriableDatanodeEventWatcher (RetriableDatanodeEventWatcher.java:onTimeout(47)) - RetriableDatanodeCommand type=deleteBlocksCommand with id=1571154968618 timed out. Retrying.
2019-10-15 15:56:15,618 [pool-7-thread-6] INFO  commands.RetriableDatanodeEventWatcher (RetriableDatanodeEventWatcher.java:onTimeout(47)) - RetriableDatanodeCommand type=deleteBlocksCommand with id=1571154968614 timed out. Retrying.
2019-10-15 15:56:15,618 [pool-7-thread-5] INFO  commands.RetriableDatanodeEventWatcher (RetriableDatanodeEventWatcher.java:onTimeout(47)) - RetriableDatanodeCommand type=deleteBlocksCommand with id=1571154968612 timed out. Retrying.
2019-10-15 15:56:15,619 [pool-7-thread-4] INFO  commands.RetriableDatanodeEventWatcher (RetriableDatanodeEventWatcher.java:onTimeout(47)) - RetriableDatanodeCommand type=deleteBlocksCommand with id=1571154968616 timed out. Retrying.
2019-10-15 15:56:15,619 [SCMBlockDeletingService#0] INFO  block.SCMBlockDeletingService (SCMBlockDeletingService.java:call(184)) - Totally added 1 delete blocks command for 1 datanodes, task elapsed time: 1ms
2019-10-15 15:56:15,619 [pool-7-thread-3] INFO  commands.RetriableDatanodeEventWatcher (RetriableDatanodeEventWatcher.java:onTimeout(47)) - RetriableDatanodeCommand type=deleteBlocksCommand with id=1571154968619 timed out. Retrying.
2019-10-15 15:56:15,619 [pool-7-thread-1] INFO  commands.RetriableDatanodeEventWatcher (RetriableDatanodeEventWatcher.java:onTimeout(47)) - RetriableDatanodeCommand type=deleteBlocksCommand with id=1571154968617 timed out. Retrying.
2019-10-15 15:56:15,619 [pool-7-thread-7] INFO  commands.RetriableDatanodeEventWatcher (RetriableDatanodeEventWatcher.java:onTimeout(47)) - RetriableDatanodeCommand type=deleteBlocksCommand with id=1571154968610 timed out. Retrying.
2019-10-15 15:56:15,643 [EventQueue-PendingDeleteStatusForPendingDeleteHandler] INFO  block.SCMBlockDeletingService (SCMBlockDeletingService.java:handlePendingDeletes(115)) - Block deletion txnID mismatch in datanode 9efa5aa2-6c41-460f-b55e-e6135d265426 for containerID 1. Datanode delete txnID: 0, SCM txnID: 1
2019-10-15 15:56:15,665 [Thread-739] INFO  impl.FollowerState (FollowerState.java:run(108)) - 9efa5aa2-6c41-460f-b55e-e6135d265426@group-103D57857047-FollowerState: change to CANDIDATE, lastRpcTime:116ms, electionTimeout:116ms
2019-10-15 15:56:15,665 [Thread-739] INFO  impl.RoleInfo (RoleInfo.java:shutdownFollowerState(121)) - 9efa5aa2-6c41-460f-b55e-e6135d265426: shutdown FollowerState
2019-10-15 15:56:15,665 [Thread-739] INFO  impl.RaftServerImpl (RaftServerImpl.java:setRole(184)) - 9efa5aa2-6c41-460f-b55e-e6135d265426@group-103D57857047: changes role from  FOLLOWER to CANDIDATE at term 30 for changeToCandidate
2019-10-15 15:56:15,666 [Thread-739] INFO  impl.RoleInfo (RoleInfo.java:updateAndGet(143)) - 9efa5aa2-6c41-460f-b55e-e6135d265426: start LeaderElection
2019-10-15 15:56:15,673 [grpc-default-executor-1] INFO  impl.RaftServerProxy (RaftServerProxy.java:addNew(89)) - 9efa5aa2-6c41-460f-b55e-e6135d265426: addNew group-09B52BF1AC4A:[9efa5aa2-6c41-460f-b55e-e6135d265426:192.168.69.88:35771] returns group-09B52BF1AC4A:java.util.concurrent.CompletableFuture@47bdd44e[Not completed]
2019-10-15 15:56:15,676 [pool-59-thread-1] INFO  impl.RaftServerImpl (RaftServerImpl.java:<init>(104)) - 9efa5aa2-6c41-460f-b55e-e6135d265426: new RaftServerImpl for group-09B52BF1AC4A:[9efa5aa2-6c41-460f-b55e-e6135d265426:192.168.69.88:35771] with ContainerStateMachine:uninitialized
2019-10-15 15:56:15,676 [pool-59-thread-1] INFO  server.RaftServerConfigKeys (ConfUtils.java:logGet(43)) - raft.server.rpc.timeout.min = 5s (custom)
2019-10-15 15:56:15,676 [pool-59-thread-1] INFO  server.RaftServerConfigKeys (ConfUtils.java:logGet(43)) - raft.server.rpc.timeout.max = 5200ms (custom)
2019-10-15 15:56:15,676 [pool-59-thread-1] INFO  server.RaftServerConfigKeys (ConfUtils.java:logGet(43)) - raft.server.rpcslowness.timeout = 1000s (custom)
2019-10-15 15:56:15,676 [pool-59-thread-1] INFO  server.RaftServerConfigKeys (ConfUtils.java:logGet(43)) - raft.server.sleep.deviation.threshold = 300 (default)
2019-10-15 15:56:15,677 [pool-59-thread-1] INFO  server.RaftServerConfigKeys (ConfUtils.java:logGet(43)) - raft.server.log.appender.install.snapshot.enabled = false (custom)
2019-10-15 15:56:15,677 [pool-59-thread-1] INFO  impl.RaftServerImpl (ServerState.java:<init>(103)) - 9efa5aa2-6c41-460f-b55e-e6135d265426@group-09B52BF1AC4A: ConfigurationManager, init=-1: [9efa5aa2-6c41-460f-b55e-e6135d265426:192.168.69.88:35771], old=null, confs=<EMPTY_MAP>
2019-10-15 15:56:15,677 [pool-59-thread-1] INFO  server.RaftServerConfigKeys (ConfUtils.java:logGet(43)) - raft.server.storage.dir = [/workdir/hadoop-ozone/integration-test/target/test-dir/MiniOzoneClusterImpl-2530a391-4f7b-47ef-8901-f981e4040dda/datanode-1/data/ratis] (custom)
2019-10-15 15:56:15,677 [pool-59-thread-1] INFO  server.RaftServerConfigKeys (ConfUtils.java:logGet(43)) - raft.server.log.corruption.policy = EXCEPTION (default)
2019-10-15 15:56:15,678 [pool-59-thread-1] INFO  storage.RaftStorageDirectory (RaftStorageDirectory.java:analyzeStorage(246)) - The storage directory /workdir/hadoop-ozone/integration-test/target/test-dir/MiniOzoneClusterImpl-2530a391-4f7b-47ef-8901-f981e4040dda/datanode-1/data/ratis/7b9b4e8d-0971-40f1-ae4c-09b52bf1ac4a does not exist. Creating ...
2019-10-15 15:56:15,680 [9efa5aa2-6c41-460f-b55e-e6135d265426@group-103D57857047-LeaderElection34] INFO  impl.LeaderElection (LeaderElection.java:askForVotes(178)) - 9efa5aa2-6c41-460f-b55e-e6135d265426@group-103D57857047-LeaderElection34: begin an election at term 31 for 0: [502b81c0-94cc-42d9-ac22-46124b9f2555:192.168.69.88:45179, 9efa5aa2-6c41-460f-b55e-e6135d265426:192.168.69.88:35771, b7ff31bb-ae39-4067-a71c-fb5e6b3a0e64:192.168.69.88:37247], old=null
2019-10-15 15:56:15,682 [pool-59-thread-1] INFO  storage.RaftStorageDirectory (RaftStorageDirectory.java:tryLock(328)) - Lock on /workdir/hadoop-ozone/integration-test/target/test-dir/MiniOzoneClusterImpl-2530a391-4f7b-47ef-8901-f981e4040dda/datanode-1/data/ratis/7b9b4e8d-0971-40f1-ae4c-09b52bf1ac4a/in_use.lock acquired by nodename 25648@dev-nightly-20191015-w4nf7-692592917
2019-10-15 15:56:15,683 [grpc-default-executor-1] INFO  impl.RaftServerImpl (RaftServerImpl.java:setRole(184)) - 502b81c0-94cc-42d9-ac22-46124b9f2555@group-103D57857047: changes role from  FOLLOWER to FOLLOWER at term 31 for recognizeCandidate:9efa5aa2-6c41-460f-b55e-e6135d265426
2019-10-15 15:56:15,683 [grpc-default-executor-7] INFO  impl.RaftServerImpl (RaftServerImpl.java:setRole(184)) - b7ff31bb-ae39-4067-a71c-fb5e6b3a0e64@group-103D57857047: changes role from  FOLLOWER to FOLLOWER at term 31 for recognizeCandidate:9efa5aa2-6c41-460f-b55e-e6135d265426
2019-10-15 15:56:15,683 [grpc-default-executor-1] INFO  impl.RoleInfo (RoleInfo.java:shutdownFollowerState(121)) - 502b81c0-94cc-42d9-ac22-46124b9f2555: shutdown FollowerState
2019-10-15 15:56:15,683 [grpc-default-executor-7] INFO  impl.RoleInfo (RoleInfo.java:shutdownFollowerState(121)) - b7ff31bb-ae39-4067-a71c-fb5e6b3a0e64: shutdown FollowerState
2019-10-15 15:56:15,684 [grpc-default-executor-1] INFO  impl.RoleInfo (RoleInfo.java:updateAndGet(143)) - 502b81c0-94cc-42d9-ac22-46124b9f2555: start FollowerState
2019-10-15 15:56:15,684 [Thread-737] INFO  impl.FollowerState (FollowerState.java:run(117)) - b7ff31bb-ae39-4067-a71c-fb5e6b3a0e64@group-103D57857047-FollowerState was interrupted: java.lang.InterruptedException: sleep interrupted
2019-10-15 15:56:15,684 [Thread-738] INFO  impl.FollowerState (FollowerState.java:run(117)) - 502b81c0-94cc-42d9-ac22-46124b9f2555@group-103D57857047-FollowerState was interrupted: java.lang.InterruptedException: sleep interrupted
2019-10-15 15:56:15,684 [grpc-default-executor-7] INFO  impl.RoleInfo (RoleInfo.java:updateAndGet(143)) - b7ff31bb-ae39-4067-a71c-fb5e6b3a0e64: start FollowerState
2019-10-15 15:56:15,696 [pool-59-thread-1] INFO  storage.RaftStorage (RaftStorage.java:format(84)) - Storage directory /workdir/hadoop-ozone/integration-test/target/test-dir/MiniOzoneClusterImpl-2530a391-4f7b-47ef-8901-f981e4040dda/datanode-1/data/ratis/7b9b4e8d-0971-40f1-ae4c-09b52bf1ac4a has been successfully formatted.
2019-10-15 15:56:15,696 [pool-59-thread-1] INFO  ratis.ContainerStateMachine (ContainerStateMachine.java:loadSnapshot(231)) - group-09B52BF1AC4A: The snapshot info is null. Setting the last applied indexto:(t:0, i:~)
2019-10-15 15:56:15,696 [pool-59-thread-1] INFO  server.RaftServerConfigKeys (ConfUtils.java:logGet(43)) - raft.server.notification.no-leader.timeout = 1000s (custom)
2019-10-15 15:56:15,696 [pool-59-thread-1] INFO  server.RaftServerConfigKeys (ConfUtils.java:logGet(43)) - raft.server.log.use.memory = false (default)
2019-10-15 15:56:15,697 [pool-59-thread-1] INFO  server.RaftServerConfigKeys (ConfUtils.java:logGet(43)) - raft.server.log.purge.gap = 1000000 (custom)
2019-10-15 15:56:15,697 [pool-59-thread-1] INFO  server.RaftServerConfigKeys (ConfUtils.java:logGet(43)) - raft.server.log.appender.buffer.byte-limit = 33554432 (custom)
2019-10-15 15:56:15,697 [pool-59-thread-1] INFO  server.RaftServerConfigKeys (ConfUtils.java:logGet(43)) - raft.server.log.segment.size.max = 1048576 (custom)
2019-10-15 15:56:15,697 [9efa5aa2-6c41-460f-b55e-e6135d265426@group-103D57857047-LeaderElection34] INFO  impl.LeaderElection (LeaderElection.java:logAndReturn(56)) - 9efa5aa2-6c41-460f-b55e-e6135d265426@group-103D57857047-LeaderElection34: Election REJECTED; received 2 response(s) [9efa5aa2-6c41-460f-b55e-e6135d265426<-502b81c0-94cc-42d9-ac22-46124b9f2555#0:FAIL-t31, 9efa5aa2-6c41-460f-b55e-e6135d265426<-b7ff31bb-ae39-4067-a71c-fb5e6b3a0e64#0:FAIL-t31] and 0 exception(s); 9efa5aa2-6c41-460f-b55e-e6135d265426@group-103D57857047:t31, leader=null, voted=9efa5aa2-6c41-460f-b55e-e6135d265426, raftlog=9efa5aa2-6c41-460f-b55e-e6135d265426@group-103D57857047-SegmentedRaftLog:OPENED:c3,f4,i4, conf=0: [502b81c0-94cc-42d9-ac22-46124b9f2555:192.168.69.88:45179, 9efa5aa2-6c41-460f-b55e-e6135d265426:192.168.69.88:35771, b7ff31bb-ae39-4067-a71c-fb5e6b3a0e64:192.168.69.88:37247], old=null
2019-10-15 15:56:15,697 [pool-59-thread-1] INFO  server.RaftServerConfigKeys (ConfUtils.java:logGet(43)) - raft.server.log.segment.cache.num.max = 2 (custom)
2019-10-15 15:56:15,697 [9efa5aa2-6c41-460f-b55e-e6135d265426@group-103D57857047-LeaderElection34] INFO  impl.RaftServerImpl (RaftServerImpl.java:setRole(184)) - 9efa5aa2-6c41-460f-b55e-e6135d265426@group-103D57857047: changes role from CANDIDATE to FOLLOWER at term 31 for DISCOVERED_A_NEW_TERM
2019-10-15 15:56:15,697 [pool-59-thread-1] INFO  segmented.SegmentedRaftLogWorker (SegmentedRaftLogWorker.java:<init>(173)) - new 9efa5aa2-6c41-460f-b55e-e6135d265426@group-09B52BF1AC4A-SegmentedRaftLogWorker for RaftStorage:Storage Directory /workdir/hadoop-ozone/integration-test/target/test-dir/MiniOzoneClusterImpl-2530a391-4f7b-47ef-8901-f981e4040dda/datanode-1/data/ratis/7b9b4e8d-0971-40f1-ae4c-09b52bf1ac4a
2019-10-15 15:56:15,698 [9efa5aa2-6c41-460f-b55e-e6135d265426@group-103D57857047-LeaderElection34] INFO  impl.RoleInfo (RoleInfo.java:shutdownLeaderElection(134)) - 9efa5aa2-6c41-460f-b55e-e6135d265426: shutdown LeaderElection
2019-10-15 15:56:15,698 [pool-59-thread-1] INFO  server.RaftServerConfigKeys (ConfUtils.java:logGet(43)) - raft.server.log.queue.byte-limit = 2147483647 (custom)
2019-10-15 15:56:15,699 [9efa5aa2-6c41-460f-b55e-e6135d265426@group-103D57857047-LeaderElection34] INFO  impl.RoleInfo (RoleInfo.java:updateAndGet(143)) - 9efa5aa2-6c41-460f-b55e-e6135d265426: start FollowerState
2019-10-15 15:56:15,699 [pool-59-thread-1] INFO  server.RaftServerConfigKeys (ConfUtils.java:logGet(43)) - raft.server.log.queue.element-limit = 1024 (custom)
2019-10-15 15:56:15,699 [pool-59-thread-1] INFO  server.RaftServerConfigKeys (ConfUtils.java:logGet(43)) - raft.server.log.segment.size.max = 1048576 (custom)
2019-10-15 15:56:15,699 [pool-59-thread-1] INFO  server.RaftServerConfigKeys (ConfUtils.java:logGet(43)) - raft.server.log.preallocated.size = 16384 (custom)
2019-10-15 15:56:15,699 [pool-59-thread-1] INFO  server.RaftServerConfigKeys (ConfUtils.java:logGet(43)) - raft.server.log.write.buffer.size = 33554432 (custom)
2019-10-15 15:56:15,699 [pool-59-thread-1] INFO  server.RaftServerConfigKeys (ConfUtils.java:logGet(43)) - raft.server.log.force.sync.num = 128 (default)
2019-10-15 15:56:15,699 [pool-59-thread-1] INFO  server.RaftServerConfigKeys (ConfUtils.java:logGet(43)) - raft.server.log.statemachine.data.sync = true (default)
2019-10-15 15:56:15,700 [pool-59-thread-1] INFO  server.RaftServerConfigKeys (ConfUtils.java:logGet(43)) - raft.server.log.statemachine.data.sync.timeout = 10s (default)
2019-10-15 15:56:15,700 [pool-59-thread-1] INFO  server.RaftServerConfigKeys (ConfUtils.java:logGet(43)) - raft.server.log.statemachine.data.sync.timeout.retry = -1 (default)
2019-10-15 15:56:15,700 [pool-59-thread-1] INFO  server.RaftServerConfigKeys (ConfUtils.java:logGet(43)) - raft.server.log.statemachine.data.caching.enabled = true (custom)
2019-10-15 15:56:15,700 [pool-59-thread-1] INFO  segmented.SegmentedRaftLogWorker (SegmentedRaftLogWorker.java:lambda$new$0(128)) - 9efa5aa2-6c41-460f-b55e-e6135d265426@group-09B52BF1AC4A-SegmentedRaftLogWorker: flushIndex: setUnconditionally 0 -> -1
2019-10-15 15:56:15,700 [pool-59-thread-1] INFO  server.RaftServerConfigKeys (ConfUtils.java:logGet(43)) - raft.server.snapshot.auto.trigger.enabled = true (custom)
2019-10-15 15:56:15,701 [pool-59-thread-1] INFO  server.RaftServerConfigKeys (ConfUtils.java:logGet(43)) - raft.server.snapshot.auto.trigger.threshold = 10000 (custom)
2019-10-15 15:56:15,701 [pool-59-thread-1] INFO  server.RaftServerConfigKeys (ConfUtils.java:logGet(43)) - raft.server.snapshot.retention.file.num = 5 (custom)
2019-10-15 15:56:15,701 [pool-59-thread-1] INFO  server.RaftServerConfigKeys (ConfUtils.java:logGet(43)) - raft.server.retrycache.expirytime = 600000ms (custom)
2019-10-15 15:56:15,704 [pool-59-thread-1] INFO  impl.RaftServerImpl (RaftServerImpl.java:start(195)) - 9efa5aa2-6c41-460f-b55e-e6135d265426@group-09B52BF1AC4A: start as a follower, conf=-1: [9efa5aa2-6c41-460f-b55e-e6135d265426:192.168.69.88:35771], old=null
2019-10-15 15:56:15,704 [pool-59-thread-1] INFO  impl.RaftServerImpl (RaftServerImpl.java:setRole(184)) - 9efa5aa2-6c41-460f-b55e-e6135d265426@group-09B52BF1AC4A: changes role from      null to FOLLOWER at term 0 for startAsFollower
2019-10-15 15:56:15,704 [pool-59-thread-1] INFO  impl.RoleInfo (RoleInfo.java:updateAndGet(143)) - 9efa5aa2-6c41-460f-b55e-e6135d265426: start FollowerState
2019-10-15 15:56:15,704 [pool-59-thread-1] INFO  util.JmxRegister (JmxRegister.java:tryRegister(44)) - Successfully registered JMX Bean with object name Ratis:service=RaftServer,group=group-09B52BF1AC4A,id=9efa5aa2-6c41-460f-b55e-e6135d265426
2019-10-15 15:56:15,711 [RatisPipelineUtilsThread] INFO  pipeline.PipelineStateManager (PipelineStateManager.java:addPipeline(56)) - Created pipeline Pipeline[ Id: 7b9b4e8d-0971-40f1-ae4c-09b52bf1ac4a, Nodes: 9efa5aa2-6c41-460f-b55e-e6135d265426{ip: 192.168.69.88, host: dev-nightly-20191015-w4nf7-692592917, networkLocation: /default-rack, certSerialId: null}, Type:RATIS, Factor:ONE, State:OPEN]
2019-10-15 15:56:15,724 [grpc-default-executor-0] INFO  impl.RaftServerProxy (RaftServerProxy.java:addNew(89)) - b7ff31bb-ae39-4067-a71c-fb5e6b3a0e64: addNew group-F17EFAF4A2E1:[502b81c0-94cc-42d9-ac22-46124b9f2555:192.168.69.88:45179, 9efa5aa2-6c41-460f-b55e-e6135d265426:192.168.69.88:35771, b7ff31bb-ae39-4067-a71c-fb5e6b3a0e64:192.168.69.88:37247] returns group-F17EFAF4A2E1:java.util.concurrent.CompletableFuture@70b8a9f3[Not completed]
2019-10-15 15:56:15,724 [grpc-default-executor-7] INFO  impl.RaftServerProxy (RaftServerProxy.java:addNew(89)) - 502b81c0-94cc-42d9-ac22-46124b9f2555: addNew group-F17EFAF4A2E1:[502b81c0-94cc-42d9-ac22-46124b9f2555:192.168.69.88:45179, 9efa5aa2-6c41-460f-b55e-e6135d265426:192.168.69.88:35771, b7ff31bb-ae39-4067-a71c-fb5e6b3a0e64:192.168.69.88:37247] returns group-F17EFAF4A2E1:java.util.concurrent.CompletableFuture@23474e4e[Not completed]
2019-10-15 15:56:15,724 [grpc-default-executor-1] INFO  impl.RaftServerProxy (RaftServerProxy.java:addNew(89)) - 9efa5aa2-6c41-460f-b55e-e6135d265426: addNew group-F17EFAF4A2E1:[502b81c0-94cc-42d9-ac22-46124b9f2555:192.168.69.88:45179, 9efa5aa2-6c41-460f-b55e-e6135d265426:192.168.69.88:35771, b7ff31bb-ae39-4067-a71c-fb5e6b3a0e64:192.168.69.88:37247] returns group-F17EFAF4A2E1:java.util.concurrent.CompletableFuture@3dc22b58[Not completed]
2019-10-15 15:56:15,726 [pool-27-thread-1] INFO  impl.RaftServerImpl (RaftServerImpl.java:<init>(104)) - b7ff31bb-ae39-4067-a71c-fb5e6b3a0e64: new RaftServerImpl for group-F17EFAF4A2E1:[502b81c0-94cc-42d9-ac22-46124b9f2555:192.168.69.88:45179, 9efa5aa2-6c41-460f-b55e-e6135d265426:192.168.69.88:35771, b7ff31bb-ae39-4067-a71c-fb5e6b3a0e64:192.168.69.88:37247] with ContainerStateMachine:uninitialized
2019-10-15 15:56:15,726 [pool-27-thread-1] INFO  server.RaftServerConfigKeys (ConfUtils.java:logGet(43)) - raft.server.rpc.timeout.min = 5s (custom)
2019-10-15 15:56:15,726 [pool-27-thread-1] INFO  server.RaftServerConfigKeys (ConfUtils.java:logGet(43)) - raft.server.rpc.timeout.max = 5200ms (custom)
2019-10-15 15:56:15,726 [pool-27-thread-1] INFO  server.RaftServerConfigKeys (ConfUtils.java:logGet(43)) - raft.server.rpcslowness.timeout = 1000s (custom)
2019-10-15 15:56:15,726 [pool-27-thread-1] INFO  server.RaftServerConfigKeys (ConfUtils.java:logGet(43)) - raft.server.sleep.deviation.threshold = 300 (default)
2019-10-15 15:56:15,726 [pool-27-thread-1] INFO  server.RaftServerConfigKeys (ConfUtils.java:logGet(43)) - raft.server.log.appender.install.snapshot.enabled = false (custom)
2019-10-15 15:56:15,726 [pool-27-thread-1] INFO  impl.RaftServerImpl (ServerState.java:<init>(103)) - b7ff31bb-ae39-4067-a71c-fb5e6b3a0e64@group-F17EFAF4A2E1: ConfigurationManager, init=-1: [502b81c0-94cc-42d9-ac22-46124b9f2555:192.168.69.88:45179, 9efa5aa2-6c41-460f-b55e-e6135d265426:192.168.69.88:35771, b7ff31bb-ae39-4067-a71c-fb5e6b3a0e64:192.168.69.88:37247], old=null, confs=<EMPTY_MAP>
2019-10-15 15:56:15,726 [pool-27-thread-1] INFO  server.RaftServerConfigKeys (ConfUtils.java:logGet(43)) - raft.server.storage.dir = [/workdir/hadoop-ozone/integration-test/target/test-dir/MiniOzoneClusterImpl-2530a391-4f7b-47ef-8901-f981e4040dda/datanode-0/data/ratis] (custom)
2019-10-15 15:56:15,727 [pool-27-thread-1] INFO  server.RaftServerConfigKeys (ConfUtils.java:logGet(43)) - raft.server.log.corruption.policy = EXCEPTION (default)
2019-10-15 15:56:15,727 [pool-47-thread-1] INFO  impl.RaftServerImpl (RaftServerImpl.java:<init>(104)) - 502b81c0-94cc-42d9-ac22-46124b9f2555: new RaftServerImpl for group-F17EFAF4A2E1:[502b81c0-94cc-42d9-ac22-46124b9f2555:192.168.69.88:45179, 9efa5aa2-6c41-460f-b55e-e6135d265426:192.168.69.88:35771, b7ff31bb-ae39-4067-a71c-fb5e6b3a0e64:192.168.69.88:37247] with ContainerStateMachine:uninitialized
2019-10-15 15:56:15,727 [pool-27-thread-1] INFO  storage.RaftStorageDirectory (RaftStorageDirectory.java:analyzeStorage(246)) - The storage directory /workdir/hadoop-ozone/integration-test/target/test-dir/MiniOzoneClusterImpl-2530a391-4f7b-47ef-8901-f981e4040dda/datanode-0/data/ratis/b54c41f9-fcf9-4d8f-91cc-f17efaf4a2e1 does not exist. Creating ...
2019-10-15 15:56:15,727 [pool-47-thread-1] INFO  server.RaftServerConfigKeys (ConfUtils.java:logGet(43)) - raft.server.rpc.timeout.min = 5s (custom)
2019-10-15 15:56:15,727 [pool-47-thread-1] INFO  server.RaftServerConfigKeys (ConfUtils.java:logGet(43)) - raft.server.rpc.timeout.max = 5200ms (custom)
2019-10-15 15:56:15,727 [pool-47-thread-1] INFO  server.RaftServerConfigKeys (ConfUtils.java:logGet(43)) - raft.server.rpcslowness.timeout = 1000s (custom)
2019-10-15 15:56:15,728 [pool-47-thread-1] INFO  server.RaftServerConfigKeys (ConfUtils.java:logGet(43)) - raft.server.sleep.deviation.threshold = 300 (default)
2019-10-15 15:56:15,728 [pool-59-thread-1] INFO  impl.RaftServerImpl (RaftServerImpl.java:<init>(104)) - 9efa5aa2-6c41-460f-b55e-e6135d265426: new RaftServerImpl for group-F17EFAF4A2E1:[502b81c0-94cc-42d9-ac22-46124b9f2555:192.168.69.88:45179, 9efa5aa2-6c41-460f-b55e-e6135d265426:192.168.69.88:35771, b7ff31bb-ae39-4067-a71c-fb5e6b3a0e64:192.168.69.88:37247] with ContainerStateMachine:uninitialized
2019-10-15 15:56:15,728 [pool-47-thread-1] INFO  server.RaftServerConfigKeys (ConfUtils.java:logGet(43)) - raft.server.log.appender.install.snapshot.enabled = false (custom)
2019-10-15 15:56:15,728 [pool-59-thread-1] INFO  server.RaftServerConfigKeys (ConfUtils.java:logGet(43)) - raft.server.rpc.timeout.min = 5s (custom)
2019-10-15 15:56:15,728 [pool-47-thread-1] INFO  impl.RaftServerImpl (ServerState.java:<init>(103)) - 502b81c0-94cc-42d9-ac22-46124b9f2555@group-F17EFAF4A2E1: ConfigurationManager, init=-1: [502b81c0-94cc-42d9-ac22-46124b9f2555:192.168.69.88:45179, 9efa5aa2-6c41-460f-b55e-e6135d265426:192.168.69.88:35771, b7ff31bb-ae39-4067-a71c-fb5e6b3a0e64:192.168.69.88:37247], old=null, confs=<EMPTY_MAP>
2019-10-15 15:56:15,728 [pool-59-thread-1] INFO  server.RaftServerConfigKeys (ConfUtils.java:logGet(43)) - raft.server.rpc.timeout.max = 5200ms (custom)
2019-10-15 15:56:15,728 [pool-47-thread-1] INFO  server.RaftServerConfigKeys (ConfUtils.java:logGet(43)) - raft.server.storage.dir = [/workdir/hadoop-ozone/integration-test/target/test-dir/MiniOzoneClusterImpl-2530a391-4f7b-47ef-8901-f981e4040dda/datanode-2/data/ratis] (custom)
2019-10-15 15:56:15,728 [pool-59-thread-1] INFO  server.RaftServerConfigKeys (ConfUtils.java:logGet(43)) - raft.server.rpcslowness.timeout = 1000s (custom)
2019-10-15 15:56:15,728 [pool-59-thread-1] INFO  server.RaftServerConfigKeys (ConfUtils.java:logGet(43)) - raft.server.sleep.deviation.threshold = 300 (default)
2019-10-15 15:56:15,729 [pool-59-thread-1] INFO  server.RaftServerConfigKeys (ConfUtils.java:logGet(43)) - raft.server.log.appender.install.snapshot.enabled = false (custom)
2019-10-15 15:56:15,729 [pool-47-thread-1] INFO  server.RaftServerConfigKeys (ConfUtils.java:logGet(43)) - raft.server.log.corruption.policy = EXCEPTION (default)
2019-10-15 15:56:15,729 [pool-59-thread-1] INFO  impl.RaftServerImpl (ServerState.java:<init>(103)) - 9efa5aa2-6c41-460f-b55e-e6135d265426@group-F17EFAF4A2E1: ConfigurationManager, init=-1: [502b81c0-94cc-42d9-ac22-46124b9f2555:192.168.69.88:45179, 9efa5aa2-6c41-460f-b55e-e6135d265426:192.168.69.88:35771, b7ff31bb-ae39-4067-a71c-fb5e6b3a0e64:192.168.69.88:37247], old=null, confs=<EMPTY_MAP>
2019-10-15 15:56:15,729 [pool-47-thread-1] INFO  storage.RaftStorageDirectory (RaftStorageDirectory.java:analyzeStorage(246)) - The storage directory /workdir/hadoop-ozone/integration-test/target/test-dir/MiniOzoneClusterImpl-2530a391-4f7b-47ef-8901-f981e4040dda/datanode-2/data/ratis/b54c41f9-fcf9-4d8f-91cc-f17efaf4a2e1 does not exist. Creating ...
2019-10-15 15:56:15,729 [pool-59-thread-1] INFO  server.RaftServerConfigKeys (ConfUtils.java:logGet(43)) - raft.server.storage.dir = [/workdir/hadoop-ozone/integration-test/target/test-dir/MiniOzoneClusterImpl-2530a391-4f7b-47ef-8901-f981e4040dda/datanode-1/data/ratis] (custom)
2019-10-15 15:56:15,729 [pool-59-thread-1] INFO  server.RaftServerConfigKeys (ConfUtils.java:logGet(43)) - raft.server.log.corruption.policy = EXCEPTION (default)
2019-10-15 15:56:15,729 [pool-59-thread-1] INFO  storage.RaftStorageDirectory (RaftStorageDirectory.java:analyzeStorage(246)) - The storage directory /workdir/hadoop-ozone/integration-test/target/test-dir/MiniOzoneClusterImpl-2530a391-4f7b-47ef-8901-f981e4040dda/datanode-1/data/ratis/b54c41f9-fcf9-4d8f-91cc-f17efaf4a2e1 does not exist. Creating ...
2019-10-15 15:56:15,740 [pool-27-thread-1] INFO  storage.RaftStorageDirectory (RaftStorageDirectory.java:tryLock(328)) - Lock on /workdir/hadoop-ozone/integration-test/target/test-dir/MiniOzoneClusterImpl-2530a391-4f7b-47ef-8901-f981e4040dda/datanode-0/data/ratis/b54c41f9-fcf9-4d8f-91cc-f17efaf4a2e1/in_use.lock acquired by nodename 25648@dev-nightly-20191015-w4nf7-692592917
2019-10-15 15:56:15,741 [pool-47-thread-1] INFO  storage.RaftStorageDirectory (RaftStorageDirectory.java:tryLock(328)) - Lock on /workdir/hadoop-ozone/integration-test/target/test-dir/MiniOzoneClusterImpl-2530a391-4f7b-47ef-8901-f981e4040dda/datanode-2/data/ratis/b54c41f9-fcf9-4d8f-91cc-f17efaf4a2e1/in_use.lock acquired by nodename 25648@dev-nightly-20191015-w4nf7-692592917
2019-10-15 15:56:15,740 [pool-59-thread-1] INFO  storage.RaftStorageDirectory (RaftStorageDirectory.java:tryLock(328)) - Lock on /workdir/hadoop-ozone/integration-test/target/test-dir/MiniOzoneClusterImpl-2530a391-4f7b-47ef-8901-f981e4040dda/datanode-1/data/ratis/b54c41f9-fcf9-4d8f-91cc-f17efaf4a2e1/in_use.lock acquired by nodename 25648@dev-nightly-20191015-w4nf7-692592917
2019-10-15 15:56:15,748 [Thread-747] INFO  impl.FollowerState (FollowerState.java:run(108)) - 9efa5aa2-6c41-460f-b55e-e6135d265426@group-103D57857047-FollowerState: change to CANDIDATE, lastRpcTime:49ms, electionTimeout:49ms
2019-10-15 15:56:15,748 [Thread-747] INFO  impl.RoleInfo (RoleInfo.java:shutdownFollowerState(121)) - 9efa5aa2-6c41-460f-b55e-e6135d265426: shutdown FollowerState
2019-10-15 15:56:15,748 [Thread-747] INFO  impl.RaftServerImpl (RaftServerImpl.java:setRole(184)) - 9efa5aa2-6c41-460f-b55e-e6135d265426@group-103D57857047: changes role from  FOLLOWER to CANDIDATE at term 31 for changeToCandidate
2019-10-15 15:56:15,748 [Thread-747] INFO  impl.RoleInfo (RoleInfo.java:updateAndGet(143)) - 9efa5aa2-6c41-460f-b55e-e6135d265426: start LeaderElection
2019-10-15 15:56:15,756 [pool-27-thread-1] INFO  storage.RaftStorage (RaftStorage.java:format(84)) - Storage directory /workdir/hadoop-ozone/integration-test/target/test-dir/MiniOzoneClusterImpl-2530a391-4f7b-47ef-8901-f981e4040dda/datanode-0/data/ratis/b54c41f9-fcf9-4d8f-91cc-f17efaf4a2e1 has been successfully formatted.
2019-10-15 15:56:15,756 [pool-47-thread-1] INFO  storage.RaftStorage (RaftStorage.java:format(84)) - Storage directory /workdir/hadoop-ozone/integration-test/target/test-dir/MiniOzoneClusterImpl-2530a391-4f7b-47ef-8901-f981e4040dda/datanode-2/data/ratis/b54c41f9-fcf9-4d8f-91cc-f17efaf4a2e1 has been successfully formatted.
2019-10-15 15:56:15,756 [pool-59-thread-1] INFO  storage.RaftStorage (RaftStorage.java:format(84)) - Storage directory /workdir/hadoop-ozone/integration-test/target/test-dir/MiniOzoneClusterImpl-2530a391-4f7b-47ef-8901-f981e4040dda/datanode-1/data/ratis/b54c41f9-fcf9-4d8f-91cc-f17efaf4a2e1 has been successfully formatted.
2019-10-15 15:56:15,756 [pool-27-thread-1] INFO  ratis.ContainerStateMachine (ContainerStateMachine.java:loadSnapshot(231)) - group-F17EFAF4A2E1: The snapshot info is null. Setting the last applied indexto:(t:0, i:~)
2019-10-15 15:56:15,756 [9efa5aa2-6c41-460f-b55e-e6135d265426@group-103D57857047-LeaderElection35] INFO  impl.LeaderElection (LeaderElection.java:askForVotes(178)) - 9efa5aa2-6c41-460f-b55e-e6135d265426@group-103D57857047-LeaderElection35: begin an election at term 32 for 0: [502b81c0-94cc-42d9-ac22-46124b9f2555:192.168.69.88:45179, 9efa5aa2-6c41-460f-b55e-e6135d265426:192.168.69.88:35771, b7ff31bb-ae39-4067-a71c-fb5e6b3a0e64:192.168.69.88:37247], old=null
2019-10-15 15:56:15,756 [pool-59-thread-1] INFO  ratis.ContainerStateMachine (ContainerStateMachine.java:loadSnapshot(231)) - group-F17EFAF4A2E1: The snapshot info is null. Setting the last applied indexto:(t:0, i:~)
2019-10-15 15:56:15,756 [pool-27-thread-1] INFO  server.RaftServerConfigKeys (ConfUtils.java:logGet(43)) - raft.server.notification.no-leader.timeout = 1000s (custom)
2019-10-15 15:56:15,756 [pool-47-thread-1] INFO  ratis.ContainerStateMachine (ContainerStateMachine.java:loadSnapshot(231)) - group-F17EFAF4A2E1: The snapshot info is null. Setting the last applied indexto:(t:0, i:~)
2019-10-15 15:56:15,757 [pool-27-thread-1] INFO  server.RaftServerConfigKeys (ConfUtils.java:logGet(43)) - raft.server.log.use.memory = false (default)
2019-10-15 15:56:15,757 [pool-59-thread-1] INFO  server.RaftServerConfigKeys (ConfUtils.java:logGet(43)) - raft.server.notification.no-leader.timeout = 1000s (custom)
2019-10-15 15:56:15,757 [pool-27-thread-1] INFO  server.RaftServerConfigKeys (ConfUtils.java:logGet(43)) - raft.server.log.purge.gap = 1000000 (custom)
2019-10-15 15:56:15,757 [pool-47-thread-1] INFO  server.RaftServerConfigKeys (ConfUtils.java:logGet(43)) - raft.server.notification.no-leader.timeout = 1000s (custom)
2019-10-15 15:56:15,757 [pool-27-thread-1] INFO  server.RaftServerConfigKeys (ConfUtils.java:logGet(43)) - raft.server.log.appender.buffer.byte-limit = 33554432 (custom)
2019-10-15 15:56:15,757 [pool-59-thread-1] INFO  server.RaftServerConfigKeys (ConfUtils.java:logGet(43)) - raft.server.log.use.memory = false (default)
2019-10-15 15:56:15,757 [pool-27-thread-1] INFO  server.RaftServerConfigKeys (ConfUtils.java:logGet(43)) - raft.server.log.segment.size.max = 1048576 (custom)
2019-10-15 15:56:15,757 [pool-47-thread-1] INFO  server.RaftServerConfigKeys (ConfUtils.java:logGet(43)) - raft.server.log.use.memory = false (default)
2019-10-15 15:56:15,758 [pool-27-thread-1] INFO  server.RaftServerConfigKeys (ConfUtils.java:logGet(43)) - raft.server.log.segment.cache.num.max = 2 (custom)
2019-10-15 15:56:15,757 [pool-59-thread-1] INFO  server.RaftServerConfigKeys (ConfUtils.java:logGet(43)) - raft.server.log.purge.gap = 1000000 (custom)
2019-10-15 15:56:15,758 [pool-27-thread-1] INFO  segmented.SegmentedRaftLogWorker (SegmentedRaftLogWorker.java:<init>(173)) - new b7ff31bb-ae39-4067-a71c-fb5e6b3a0e64@group-F17EFAF4A2E1-SegmentedRaftLogWorker for RaftStorage:Storage Directory /workdir/hadoop-ozone/integration-test/target/test-dir/MiniOzoneClusterImpl-2530a391-4f7b-47ef-8901-f981e4040dda/datanode-0/data/ratis/b54c41f9-fcf9-4d8f-91cc-f17efaf4a2e1
2019-10-15 15:56:15,758 [pool-47-thread-1] INFO  server.RaftServerConfigKeys (ConfUtils.java:logGet(43)) - raft.server.log.purge.gap = 1000000 (custom)
2019-10-15 15:56:15,758 [pool-27-thread-1] INFO  server.RaftServerConfigKeys (ConfUtils.java:logGet(43)) - raft.server.log.queue.byte-limit = 2147483647 (custom)
2019-10-15 15:56:15,758 [pool-59-thread-1] INFO  server.RaftServerConfigKeys (ConfUtils.java:logGet(43)) - raft.server.log.appender.buffer.byte-limit = 33554432 (custom)
2019-10-15 15:56:15,758 [pool-27-thread-1] INFO  server.RaftServerConfigKeys (ConfUtils.java:logGet(43)) - raft.server.log.queue.element-limit = 1024 (custom)
2019-10-15 15:56:15,758 [pool-47-thread-1] INFO  server.RaftServerConfigKeys (ConfUtils.java:logGet(43)) - raft.server.log.appender.buffer.byte-limit = 33554432 (custom)
2019-10-15 15:56:15,758 [pool-27-thread-1] INFO  server.RaftServerConfigKeys (ConfUtils.java:logGet(43)) - raft.server.log.segment.size.max = 1048576 (custom)
2019-10-15 15:56:15,758 [pool-27-thread-1] INFO  server.RaftServerConfigKeys (ConfUtils.java:logGet(43)) - raft.server.log.preallocated.size = 16384 (custom)
2019-10-15 15:56:15,758 [pool-59-thread-1] INFO  server.RaftServerConfigKeys (ConfUtils.java:logGet(43)) - raft.server.log.segment.size.max = 1048576 (custom)
2019-10-15 15:56:15,759 [pool-27-thread-1] INFO  server.RaftServerConfigKeys (ConfUtils.java:logGet(43)) - raft.server.log.write.buffer.size = 33554432 (custom)
2019-10-15 15:56:15,758 [pool-47-thread-1] INFO  server.RaftServerConfigKeys (ConfUtils.java:logGet(43)) - raft.server.log.segment.size.max = 1048576 (custom)
2019-10-15 15:56:15,759 [pool-27-thread-1] INFO  server.RaftServerConfigKeys (ConfUtils.java:logGet(43)) - raft.server.log.force.sync.num = 128 (default)
2019-10-15 15:56:15,759 [grpc-default-executor-7] INFO  impl.RaftServerImpl (RaftServerImpl.java:setRole(184)) - b7ff31bb-ae39-4067-a71c-fb5e6b3a0e64@group-103D57857047: changes role from  FOLLOWER to FOLLOWER at term 32 for recognizeCandidate:9efa5aa2-6c41-460f-b55e-e6135d265426
2019-10-15 15:56:15,759 [pool-59-thread-1] INFO  server.RaftServerConfigKeys (ConfUtils.java:logGet(43)) - raft.server.log.segment.cache.num.max = 2 (custom)
2019-10-15 15:56:15,759 [grpc-default-executor-7] INFO  impl.RoleInfo (RoleInfo.java:shutdownFollowerState(121)) - b7ff31bb-ae39-4067-a71c-fb5e6b3a0e64: shutdown FollowerState
2019-10-15 15:56:15,759 [pool-27-thread-1] INFO  server.RaftServerConfigKeys (ConfUtils.java:logGet(43)) - raft.server.log.statemachine.data.sync = true (default)
2019-10-15 15:56:15,759 [grpc-default-executor-7] INFO  impl.RoleInfo (RoleInfo.java:updateAndGet(143)) - b7ff31bb-ae39-4067-a71c-fb5e6b3a0e64: start FollowerState
2019-10-15 15:56:15,759 [pool-47-thread-1] INFO  server.RaftServerConfigKeys (ConfUtils.java:logGet(43)) - raft.server.log.segment.cache.num.max = 2 (custom)
2019-10-15 15:56:15,760 [pool-47-thread-1] INFO  segmented.SegmentedRaftLogWorker (SegmentedRaftLogWorker.java:<init>(173)) - new 502b81c0-94cc-42d9-ac22-46124b9f2555@group-F17EFAF4A2E1-SegmentedRaftLogWorker for RaftStorage:Storage Directory /workdir/hadoop-ozone/integration-test/target/test-dir/MiniOzoneClusterImpl-2530a391-4f7b-47ef-8901-f981e4040dda/datanode-2/data/ratis/b54c41f9-fcf9-4d8f-91cc-f17efaf4a2e1
2019-10-15 15:56:15,759 [grpc-default-executor-1] INFO  impl.RaftServerImpl (RaftServerImpl.java:setRole(184)) - 502b81c0-94cc-42d9-ac22-46124b9f2555@group-103D57857047: changes role from  FOLLOWER to FOLLOWER at term 32 for recognizeCandidate:9efa5aa2-6c41-460f-b55e-e6135d265426
2019-10-15 15:56:15,760 [pool-47-thread-1] INFO  server.RaftServerConfigKeys (ConfUtils.java:logGet(43)) - raft.server.log.queue.byte-limit = 2147483647 (custom)
2019-10-15 15:56:15,760 [pool-47-thread-1] INFO  server.RaftServerConfigKeys (ConfUtils.java:logGet(43)) - raft.server.log.queue.element-limit = 1024 (custom)
2019-10-15 15:56:15,759 [Thread-746] INFO  impl.FollowerState (FollowerState.java:run(117)) - b7ff31bb-ae39-4067-a71c-fb5e6b3a0e64@group-103D57857047-FollowerState was interrupted: java.lang.InterruptedException: sleep interrupted
2019-10-15 15:56:15,759 [pool-27-thread-1] INFO  server.RaftServerConfigKeys (ConfUtils.java:logGet(43)) - raft.server.log.statemachine.data.sync.timeout = 10s (default)
2019-10-15 15:56:15,759 [pool-59-thread-1] INFO  segmented.SegmentedRaftLogWorker (SegmentedRaftLogWorker.java:<init>(173)) - new 9efa5aa2-6c41-460f-b55e-e6135d265426@group-F17EFAF4A2E1-SegmentedRaftLogWorker for RaftStorage:Storage Directory /workdir/hadoop-ozone/integration-test/target/test-dir/MiniOzoneClusterImpl-2530a391-4f7b-47ef-8901-f981e4040dda/datanode-1/data/ratis/b54c41f9-fcf9-4d8f-91cc-f17efaf4a2e1
2019-10-15 15:56:15,760 [pool-27-thread-1] INFO  server.RaftServerConfigKeys (ConfUtils.java:logGet(43)) - raft.server.log.statemachine.data.sync.timeout.retry = -1 (default)
2019-10-15 15:56:15,760 [pool-47-thread-1] INFO  server.RaftServerConfigKeys (ConfUtils.java:logGet(43)) - raft.server.log.segment.size.max = 1048576 (custom)
2019-10-15 15:56:15,760 [grpc-default-executor-1] INFO  impl.RoleInfo (RoleInfo.java:shutdownFollowerState(121)) - 502b81c0-94cc-42d9-ac22-46124b9f2555: shutdown FollowerState
2019-10-15 15:56:15,761 [pool-47-thread-1] INFO  server.RaftServerConfigKeys (ConfUtils.java:logGet(43)) - raft.server.log.preallocated.size = 16384 (custom)
2019-10-15 15:56:15,761 [pool-27-thread-1] INFO  server.RaftServerConfigKeys (ConfUtils.java:logGet(43)) - raft.server.log.statemachine.data.caching.enabled = true (custom)
2019-10-15 15:56:15,760 [pool-59-thread-1] INFO  server.RaftServerConfigKeys (ConfUtils.java:logGet(43)) - raft.server.log.queue.byte-limit = 2147483647 (custom)
2019-10-15 15:56:15,761 [grpc-default-executor-1] INFO  impl.RoleInfo (RoleInfo.java:updateAndGet(143)) - 502b81c0-94cc-42d9-ac22-46124b9f2555: start FollowerState
2019-10-15 15:56:15,761 [pool-47-thread-1] INFO  server.RaftServerConfigKeys (ConfUtils.java:logGet(43)) - raft.server.log.write.buffer.size = 33554432 (custom)
2019-10-15 15:56:15,761 [Thread-745] INFO  impl.FollowerState (FollowerState.java:run(117)) - 502b81c0-94cc-42d9-ac22-46124b9f2555@group-103D57857047-FollowerState was interrupted: java.lang.InterruptedException: sleep interrupted
2019-10-15 15:56:15,761 [pool-47-thread-1] INFO  server.RaftServerConfigKeys (ConfUtils.java:logGet(43)) - raft.server.log.force.sync.num = 128 (default)
2019-10-15 15:56:15,761 [pool-59-thread-1] INFO  server.RaftServerConfigKeys (ConfUtils.java:logGet(43)) - raft.server.log.queue.element-limit = 1024 (custom)
2019-10-15 15:56:15,761 [pool-27-thread-1] INFO  segmented.SegmentedRaftLogWorker (SegmentedRaftLogWorker.java:lambda$new$0(128)) - b7ff31bb-ae39-4067-a71c-fb5e6b3a0e64@group-F17EFAF4A2E1-SegmentedRaftLogWorker: flushIndex: setUnconditionally 0 -> -1
2019-10-15 15:56:15,762 [pool-59-thread-1] INFO  server.RaftServerConfigKeys (ConfUtils.java:logGet(43)) - raft.server.log.segment.size.max = 1048576 (custom)
2019-10-15 15:56:15,762 [pool-27-thread-1] INFO  server.RaftServerConfigKeys (ConfUtils.java:logGet(43)) - raft.server.snapshot.auto.trigger.enabled = true (custom)
2019-10-15 15:56:15,761 [pool-47-thread-1] INFO  server.RaftServerConfigKeys (ConfUtils.java:logGet(43)) - raft.server.log.statemachine.data.sync = true (default)
2019-10-15 15:56:15,762 [pool-27-thread-1] INFO  server.RaftServerConfigKeys (ConfUtils.java:logGet(43)) - raft.server.snapshot.auto.trigger.threshold = 10000 (custom)
2019-10-15 15:56:15,762 [pool-59-thread-1] INFO  server.RaftServerConfigKeys (ConfUtils.java:logGet(43)) - raft.server.log.preallocated.size = 16384 (custom)
2019-10-15 15:56:15,762 [pool-27-thread-1] INFO  server.RaftServerConfigKeys (ConfUtils.java:logGet(43)) - raft.server.snapshot.retention.file.num = 5 (custom)
2019-10-15 15:56:15,762 [pool-47-thread-1] INFO  server.RaftServerConfigKeys (ConfUtils.java:logGet(43)) - raft.server.log.statemachine.data.sync.timeout = 10s (default)
2019-10-15 15:56:15,762 [pool-27-thread-1] INFO  server.RaftServerConfigKeys (ConfUtils.java:logGet(43)) - raft.server.retrycache.expirytime = 600000ms (custom)
2019-10-15 15:56:15,762 [pool-59-thread-1] INFO  server.RaftServerConfigKeys (ConfUtils.java:logGet(43)) - raft.server.log.write.buffer.size = 33554432 (custom)
2019-10-15 15:56:15,762 [pool-47-thread-1] INFO  server.RaftServerConfigKeys (ConfUtils.java:logGet(43)) - raft.server.log.statemachine.data.sync.timeout.retry = -1 (default)
2019-10-15 15:56:15,763 [pool-59-thread-1] INFO  server.RaftServerConfigKeys (ConfUtils.java:logGet(43)) - raft.server.log.force.sync.num = 128 (default)
2019-10-15 15:56:15,763 [pool-47-thread-1] INFO  server.RaftServerConfigKeys (ConfUtils.java:logGet(43)) - raft.server.log.statemachine.data.caching.enabled = true (custom)
2019-10-15 15:56:15,763 [pool-59-thread-1] INFO  server.RaftServerConfigKeys (ConfUtils.java:logGet(43)) - raft.server.log.statemachine.data.sync = true (default)
2019-10-15 15:56:15,763 [pool-59-thread-1] INFO  server.RaftServerConfigKeys (ConfUtils.java:logGet(43)) - raft.server.log.statemachine.data.sync.timeout = 10s (default)
2019-10-15 15:56:15,763 [pool-47-thread-1] INFO  segmented.SegmentedRaftLogWorker (SegmentedRaftLogWorker.java:lambda$new$0(128)) - 502b81c0-94cc-42d9-ac22-46124b9f2555@group-F17EFAF4A2E1-SegmentedRaftLogWorker: flushIndex: setUnconditionally 0 -> -1
2019-10-15 15:56:15,763 [pool-59-thread-1] INFO  server.RaftServerConfigKeys (ConfUtils.java:logGet(43)) - raft.server.log.statemachine.data.sync.timeout.retry = -1 (default)
2019-10-15 15:56:15,763 [pool-47-thread-1] INFO  server.RaftServerConfigKeys (ConfUtils.java:logGet(43)) - raft.server.snapshot.auto.trigger.enabled = true (custom)
2019-10-15 15:56:15,763 [pool-59-thread-1] INFO  server.RaftServerConfigKeys (ConfUtils.java:logGet(43)) - raft.server.log.statemachine.data.caching.enabled = true (custom)
2019-10-15 15:56:15,763 [pool-47-thread-1] INFO  server.RaftServerConfigKeys (ConfUtils.java:logGet(43)) - raft.server.snapshot.auto.trigger.threshold = 10000 (custom)
2019-10-15 15:56:15,764 [pool-47-thread-1] INFO  server.RaftServerConfigKeys (ConfUtils.java:logGet(43)) - raft.server.snapshot.retention.file.num = 5 (custom)
2019-10-15 15:56:15,764 [pool-59-thread-1] INFO  segmented.SegmentedRaftLogWorker (SegmentedRaftLogWorker.java:lambda$new$0(128)) - 9efa5aa2-6c41-460f-b55e-e6135d265426@group-F17EFAF4A2E1-SegmentedRaftLogWorker: flushIndex: setUnconditionally 0 -> -1
2019-10-15 15:56:15,764 [pool-47-thread-1] INFO  server.RaftServerConfigKeys (ConfUtils.java:logGet(43)) - raft.server.retrycache.expirytime = 600000ms (custom)
2019-10-15 15:56:15,764 [pool-59-thread-1] INFO  server.RaftServerConfigKeys (ConfUtils.java:logGet(43)) - raft.server.snapshot.auto.trigger.enabled = true (custom)
2019-10-15 15:56:15,764 [pool-59-thread-1] INFO  server.RaftServerConfigKeys (ConfUtils.java:logGet(43)) - raft.server.snapshot.auto.trigger.threshold = 10000 (custom)
2019-10-15 15:56:15,764 [pool-27-thread-1] INFO  impl.RaftServerImpl (RaftServerImpl.java:start(195)) - b7ff31bb-ae39-4067-a71c-fb5e6b3a0e64@group-F17EFAF4A2E1: start as a follower, conf=-1: [502b81c0-94cc-42d9-ac22-46124b9f2555:192.168.69.88:45179, 9efa5aa2-6c41-460f-b55e-e6135d265426:192.168.69.88:35771, b7ff31bb-ae39-4067-a71c-fb5e6b3a0e64:192.168.69.88:37247], old=null
2019-10-15 15:56:15,764 [pool-59-thread-1] INFO  server.RaftServerConfigKeys (ConfUtils.java:logGet(43)) - raft.server.snapshot.retention.file.num = 5 (custom)
2019-10-15 15:56:15,764 [pool-27-thread-1] INFO  impl.RaftServerImpl (RaftServerImpl.java:setRole(184)) - b7ff31bb-ae39-4067-a71c-fb5e6b3a0e64@group-F17EFAF4A2E1: changes role from      null to FOLLOWER at term 0 for startAsFollower
2019-10-15 15:56:15,764 [pool-59-thread-1] INFO  server.RaftServerConfigKeys (ConfUtils.java:logGet(43)) - raft.server.retrycache.expirytime = 600000ms (custom)
2019-10-15 15:56:15,764 [pool-27-thread-1] INFO  impl.RoleInfo (RoleInfo.java:updateAndGet(143)) - b7ff31bb-ae39-4067-a71c-fb5e6b3a0e64: start FollowerState
2019-10-15 15:56:15,765 [pool-27-thread-1] INFO  util.JmxRegister (JmxRegister.java:tryRegister(44)) - Successfully registered JMX Bean with object name Ratis:service=RaftServer,group=group-F17EFAF4A2E1,id=b7ff31bb-ae39-4067-a71c-fb5e6b3a0e64
2019-10-15 15:56:15,769 [pool-47-thread-1] INFO  impl.RaftServerImpl (RaftServerImpl.java:start(195)) - 502b81c0-94cc-42d9-ac22-46124b9f2555@group-F17EFAF4A2E1: start as a follower, conf=-1: [502b81c0-94cc-42d9-ac22-46124b9f2555:192.168.69.88:45179, 9efa5aa2-6c41-460f-b55e-e6135d265426:192.168.69.88:35771, b7ff31bb-ae39-4067-a71c-fb5e6b3a0e64:192.168.69.88:37247], old=null
2019-10-15 15:56:15,769 [pool-47-thread-1] INFO  impl.RaftServerImpl (RaftServerImpl.java:setRole(184)) - 502b81c0-94cc-42d9-ac22-46124b9f2555@group-F17EFAF4A2E1: changes role from      null to FOLLOWER at term 0 for startAsFollower
2019-10-15 15:56:15,769 [pool-47-thread-1] INFO  impl.RoleInfo (RoleInfo.java:updateAndGet(143)) - 502b81c0-94cc-42d9-ac22-46124b9f2555: start FollowerState
2019-10-15 15:56:15,769 [pool-59-thread-1] INFO  impl.RaftServerImpl (RaftServerImpl.java:start(195)) - 9efa5aa2-6c41-460f-b55e-e6135d265426@group-F17EFAF4A2E1: start as a follower, conf=-1: [502b81c0-94cc-42d9-ac22-46124b9f2555:192.168.69.88:45179, 9efa5aa2-6c41-460f-b55e-e6135d265426:192.168.69.88:35771, b7ff31bb-ae39-4067-a71c-fb5e6b3a0e64:192.168.69.88:37247], old=null
2019-10-15 15:56:15,769 [pool-59-thread-1] INFO  impl.RaftServerImpl (RaftServerImpl.java:setRole(184)) - 9efa5aa2-6c41-460f-b55e-e6135d265426@group-F17EFAF4A2E1: changes role from      null to FOLLOWER at term 0 for startAsFollower
2019-10-15 15:56:15,769 [pool-59-thread-1] INFO  impl.RoleInfo (RoleInfo.java:updateAndGet(143)) - 9efa5aa2-6c41-460f-b55e-e6135d265426: start FollowerState
2019-10-15 15:56:15,769 [pool-47-thread-1] INFO  util.JmxRegister (JmxRegister.java:tryRegister(44)) - Successfully registered JMX Bean with object name Ratis:service=RaftServer,group=group-F17EFAF4A2E1,id=502b81c0-94cc-42d9-ac22-46124b9f2555
2019-10-15 15:56:15,770 [pool-59-thread-1] INFO  util.JmxRegister (JmxRegister.java:tryRegister(44)) - Successfully registered JMX Bean with object name Ratis:service=RaftServer,group=group-F17EFAF4A2E1,id=9efa5aa2-6c41-460f-b55e-e6135d265426
2019-10-15 15:56:15,776 [9efa5aa2-6c41-460f-b55e-e6135d265426@group-103D57857047-LeaderElection35] INFO  impl.LeaderElection (LeaderElection.java:logAndReturn(56)) - 9efa5aa2-6c41-460f-b55e-e6135d265426@group-103D57857047-LeaderElection35: Election REJECTED; received 2 response(s) [9efa5aa2-6c41-460f-b55e-e6135d265426<-502b81c0-94cc-42d9-ac22-46124b9f2555#0:FAIL-t32, 9efa5aa2-6c41-460f-b55e-e6135d265426<-b7ff31bb-ae39-4067-a71c-fb5e6b3a0e64#0:FAIL-t32] and 0 exception(s); 9efa5aa2-6c41-460f-b55e-e6135d265426@group-103D57857047:t32, leader=null, voted=9efa5aa2-6c41-460f-b55e-e6135d265426, raftlog=9efa5aa2-6c41-460f-b55e-e6135d265426@group-103D57857047-SegmentedRaftLog:OPENED:c3,f4,i4, conf=0: [502b81c0-94cc-42d9-ac22-46124b9f2555:192.168.69.88:45179, 9efa5aa2-6c41-460f-b55e-e6135d265426:192.168.69.88:35771, b7ff31bb-ae39-4067-a71c-fb5e6b3a0e64:192.168.69.88:37247], old=null
2019-10-15 15:56:15,776 [9efa5aa2-6c41-460f-b55e-e6135d265426@group-103D57857047-LeaderElection35] INFO  impl.RaftServerImpl (RaftServerImpl.java:setRole(184)) - 9efa5aa2-6c41-460f-b55e-e6135d265426@group-103D57857047: changes role from CANDIDATE to FOLLOWER at term 32 for DISCOVERED_A_NEW_TERM
2019-10-15 15:56:15,776 [9efa5aa2-6c41-460f-b55e-e6135d265426@group-103D57857047-LeaderElection35] INFO  impl.RoleInfo (RoleInfo.java:shutdownLeaderElection(134)) - 9efa5aa2-6c41-460f-b55e-e6135d265426: shutdown LeaderElection
2019-10-15 15:56:15,776 [9efa5aa2-6c41-460f-b55e-e6135d265426@group-103D57857047-LeaderElection35] INFO  impl.RoleInfo (RoleInfo.java:updateAndGet(143)) - 9efa5aa2-6c41-460f-b55e-e6135d265426: start FollowerState
2019-10-15 15:56:15,777 [RatisPipelineUtilsThread] INFO  pipeline.PipelineStateManager (PipelineStateManager.java:addPipeline(56)) - Created pipeline Pipeline[ Id: b54c41f9-fcf9-4d8f-91cc-f17efaf4a2e1, Nodes: 502b81c0-94cc-42d9-ac22-46124b9f2555{ip: 192.168.69.88, host: dev-nightly-20191015-w4nf7-692592917, networkLocation: /default-rack, certSerialId: null}b7ff31bb-ae39-4067-a71c-fb5e6b3a0e64{ip: 192.168.69.88, host: dev-nightly-20191015-w4nf7-692592917, networkLocation: /default-rack, certSerialId: null}9efa5aa2-6c41-460f-b55e-e6135d265426{ip: 192.168.69.88, host: dev-nightly-20191015-w4nf7-692592917, networkLocation: /default-rack, certSerialId: null}, Type:RATIS, Factor:THREE, State:OPEN]
2019-10-15 15:56:15,784 [Thread-759] INFO  impl.FollowerState (FollowerState.java:run(108)) - b7ff31bb-ae39-4067-a71c-fb5e6b3a0e64@group-F17EFAF4A2E1-FollowerState: change to CANDIDATE, lastRpcTime:19ms, electionTimeout:19ms
2019-10-15 15:56:15,784 [Thread-759] INFO  impl.RoleInfo (RoleInfo.java:shutdownFollowerState(121)) - b7ff31bb-ae39-4067-a71c-fb5e6b3a0e64: shutdown FollowerState
2019-10-15 15:56:15,784 [Thread-759] INFO  impl.RaftServerImpl (RaftServerImpl.java:setRole(184)) - b7ff31bb-ae39-4067-a71c-fb5e6b3a0e64@group-F17EFAF4A2E1: changes role from  FOLLOWER to CANDIDATE at term 0 for changeToCandidate
2019-10-15 15:56:15,785 [Thread-759] INFO  impl.RoleInfo (RoleInfo.java:updateAndGet(143)) - b7ff31bb-ae39-4067-a71c-fb5e6b3a0e64: start LeaderElection
2019-10-15 15:56:15,801 [b7ff31bb-ae39-4067-a71c-fb5e6b3a0e64@group-F17EFAF4A2E1-LeaderElection36] INFO  impl.LeaderElection (LeaderElection.java:askForVotes(178)) - b7ff31bb-ae39-4067-a71c-fb5e6b3a0e64@group-F17EFAF4A2E1-LeaderElection36: begin an election at term 1 for -1: [502b81c0-94cc-42d9-ac22-46124b9f2555:192.168.69.88:45179, 9efa5aa2-6c41-460f-b55e-e6135d265426:192.168.69.88:35771, b7ff31bb-ae39-4067-a71c-fb5e6b3a0e64:192.168.69.88:37247], old=null
2019-10-15 15:56:15,802 [Thread-760] INFO  impl.FollowerState (FollowerState.java:run(108)) - 502b81c0-94cc-42d9-ac22-46124b9f2555@group-F17EFAF4A2E1-FollowerState: change to CANDIDATE, lastRpcTime:33ms, electionTimeout:33ms
2019-10-15 15:56:15,803 [Thread-760] INFO  impl.RoleInfo (RoleInfo.java:shutdownFollowerState(121)) - 502b81c0-94cc-42d9-ac22-46124b9f2555: shutdown FollowerState
2019-10-15 15:56:15,804 [Thread-760] INFO  impl.RaftServerImpl (RaftServerImpl.java:setRole(184)) - 502b81c0-94cc-42d9-ac22-46124b9f2555@group-F17EFAF4A2E1: changes role from  FOLLOWER to CANDIDATE at term 0 for changeToCandidate
2019-10-15 15:56:15,804 [Thread-760] INFO  impl.RoleInfo (RoleInfo.java:updateAndGet(143)) - 502b81c0-94cc-42d9-ac22-46124b9f2555: start LeaderElection
2019-10-15 15:56:15,808 [grpc-default-executor-7] INFO  impl.RaftServerImpl (RaftServerImpl.java:setRole(184)) - 9efa5aa2-6c41-460f-b55e-e6135d265426@group-F17EFAF4A2E1: changes role from  FOLLOWER to FOLLOWER at term 1 for recognizeCandidate:b7ff31bb-ae39-4067-a71c-fb5e6b3a0e64
2019-10-15 15:56:15,809 [grpc-default-executor-7] INFO  impl.RoleInfo (RoleInfo.java:shutdownFollowerState(121)) - 9efa5aa2-6c41-460f-b55e-e6135d265426: shutdown FollowerState
2019-10-15 15:56:15,809 [Thread-761] INFO  impl.FollowerState (FollowerState.java:run(117)) - 9efa5aa2-6c41-460f-b55e-e6135d265426@group-F17EFAF4A2E1-FollowerState was interrupted: java.lang.InterruptedException: sleep interrupted
2019-10-15 15:56:15,809 [grpc-default-executor-7] INFO  impl.RoleInfo (RoleInfo.java:updateAndGet(143)) - 9efa5aa2-6c41-460f-b55e-e6135d265426: start FollowerState
2019-10-15 15:56:15,843 [EventQueue-PendingDeleteStatusForPendingDeleteHandler] INFO  block.SCMBlockDeletingService (SCMBlockDeletingService.java:handlePendingDeletes(115)) - Block deletion txnID mismatch in datanode 9efa5aa2-6c41-460f-b55e-e6135d265426 for containerID 1. Datanode delete txnID: 0, SCM txnID: 1
2019-10-15 15:56:15,844 [502b81c0-94cc-42d9-ac22-46124b9f2555@group-F17EFAF4A2E1-LeaderElection37] INFO  impl.LeaderElection (LeaderElection.java:askForVotes(178)) - 502b81c0-94cc-42d9-ac22-46124b9f2555@group-F17EFAF4A2E1-LeaderElection37: begin an election at term 1 for -1: [502b81c0-94cc-42d9-ac22-46124b9f2555:192.168.69.88:45179, 9efa5aa2-6c41-460f-b55e-e6135d265426:192.168.69.88:35771, b7ff31bb-ae39-4067-a71c-fb5e6b3a0e64:192.168.69.88:37247], old=null
2019-10-15 15:56:15,846 [b7ff31bb-ae39-4067-a71c-fb5e6b3a0e64@group-F17EFAF4A2E1-LeaderElection36] INFO  impl.LeaderElection (LeaderElection.java:logAndReturn(56)) - b7ff31bb-ae39-4067-a71c-fb5e6b3a0e64@group-F17EFAF4A2E1-LeaderElection36: Election PASSED; received 2 response(s) [b7ff31bb-ae39-4067-a71c-fb5e6b3a0e64<-502b81c0-94cc-42d9-ac22-46124b9f2555#0:FAIL-t1, b7ff31bb-ae39-4067-a71c-fb5e6b3a0e64<-9efa5aa2-6c41-460f-b55e-e6135d265426#0:OK-t1] and 0 exception(s); b7ff31bb-ae39-4067-a71c-fb5e6b3a0e64@group-F17EFAF4A2E1:t1, leader=null, voted=b7ff31bb-ae39-4067-a71c-fb5e6b3a0e64, raftlog=b7ff31bb-ae39-4067-a71c-fb5e6b3a0e64@group-F17EFAF4A2E1-SegmentedRaftLog:OPENED:c-1,f-1,i0, conf=-1: [502b81c0-94cc-42d9-ac22-46124b9f2555:192.168.69.88:45179, 9efa5aa2-6c41-460f-b55e-e6135d265426:192.168.69.88:35771, b7ff31bb-ae39-4067-a71c-fb5e6b3a0e64:192.168.69.88:37247], old=null
2019-10-15 15:56:15,850 [b7ff31bb-ae39-4067-a71c-fb5e6b3a0e64@group-F17EFAF4A2E1-LeaderElection36] INFO  impl.RoleInfo (RoleInfo.java:shutdownLeaderElection(134)) - b7ff31bb-ae39-4067-a71c-fb5e6b3a0e64: shutdown LeaderElection
2019-10-15 15:56:15,850 [b7ff31bb-ae39-4067-a71c-fb5e6b3a0e64@group-F17EFAF4A2E1-LeaderElection36] INFO  impl.RaftServerImpl (RaftServerImpl.java:setRole(184)) - b7ff31bb-ae39-4067-a71c-fb5e6b3a0e64@group-F17EFAF4A2E1: changes role from CANDIDATE to LEADER at term 1 for changeToLeader
2019-10-15 15:56:15,850 [b7ff31bb-ae39-4067-a71c-fb5e6b3a0e64@group-F17EFAF4A2E1-LeaderElection36] INFO  impl.RaftServerImpl (ServerState.java:setLeader(256)) - b7ff31bb-ae39-4067-a71c-fb5e6b3a0e64@group-F17EFAF4A2E1: change Leader from null to b7ff31bb-ae39-4067-a71c-fb5e6b3a0e64 at term 1 for becomeLeader, leader elected after 94ms
2019-10-15 15:56:15,851 [b7ff31bb-ae39-4067-a71c-fb5e6b3a0e64@group-F17EFAF4A2E1-LeaderElection36] INFO  server.RaftServerConfigKeys (ConfUtils.java:logGet(43)) - raft.server.staging.catchup.gap = 1000 (default)
2019-10-15 15:56:15,851 [b7ff31bb-ae39-4067-a71c-fb5e6b3a0e64@group-F17EFAF4A2E1-LeaderElection36] INFO  server.RaftServerConfigKeys (ConfUtils.java:logGet(43)) - raft.server.rpc.sleep.time = 25ms (default)
2019-10-15 15:56:15,852 [b7ff31bb-ae39-4067-a71c-fb5e6b3a0e64@group-F17EFAF4A2E1-LeaderElection36] INFO  server.RaftServerConfigKeys (ConfUtils.java:logGet(43)) - raft.server.write.element-limit = 4096 (default)
2019-10-15 15:56:15,853 [b7ff31bb-ae39-4067-a71c-fb5e6b3a0e64@group-F17EFAF4A2E1-LeaderElection36] INFO  server.RaftServerConfigKeys (ConfUtils.java:logGet(43)) - raft.server.watch.timeout = 10s (default)
2019-10-15 15:56:15,853 [b7ff31bb-ae39-4067-a71c-fb5e6b3a0e64@group-F17EFAF4A2E1-LeaderElection36] INFO  server.RaftServerConfigKeys (ConfUtils.java:logGet(43)) - raft.server.watch.timeout.denomination = 1s (default)
2019-10-15 15:56:15,853 [b7ff31bb-ae39-4067-a71c-fb5e6b3a0e64@group-F17EFAF4A2E1-LeaderElection36] INFO  server.RaftServerConfigKeys (ConfUtils.java:logGet(43)) - raft.server.watch.element-limit = 65536 (default)
2019-10-15 15:56:15,856 [b7ff31bb-ae39-4067-a71c-fb5e6b3a0e64@group-F17EFAF4A2E1-LeaderElection36] INFO  server.RaftServerConfigKeys (ConfUtils.java:logGet(43)) - raft.server.log.appender.snapshot.chunk.size.max = 16MB (=16777216) (default)
2019-10-15 15:56:15,856 [b7ff31bb-ae39-4067-a71c-fb5e6b3a0e64@group-F17EFAF4A2E1-LeaderElection36] INFO  server.RaftServerConfigKeys (ConfUtils.java:logGet(43)) - raft.server.log.appender.buffer.byte-limit = 33554432 (custom)
2019-10-15 15:56:15,856 [b7ff31bb-ae39-4067-a71c-fb5e6b3a0e64@group-F17EFAF4A2E1-LeaderElection36] INFO  server.RaftServerConfigKeys (ConfUtils.java:logGet(43)) - raft.server.log.appender.buffer.element-limit = 1 (custom)
2019-10-15 15:56:15,857 [b7ff31bb-ae39-4067-a71c-fb5e6b3a0e64@group-F17EFAF4A2E1-LeaderElection36] INFO  grpc.GrpcConfigKeys$Server (ConfUtils.java:logGet(43)) - raft.grpc.server.leader.outstanding.appends.max = 128 (default)
2019-10-15 15:56:15,857 [b7ff31bb-ae39-4067-a71c-fb5e6b3a0e64@group-F17EFAF4A2E1-LeaderElection36] INFO  server.RaftServerConfigKeys (ConfUtils.java:logGet(43)) - raft.server.rpc.request.timeout = 3000ms (default)
2019-10-15 15:56:15,857 [b7ff31bb-ae39-4067-a71c-fb5e6b3a0e64@group-F17EFAF4A2E1-LeaderElection36] INFO  server.RaftServerConfigKeys (ConfUtils.java:logGet(43)) - raft.server.log.appender.install.snapshot.enabled = false (custom)
2019-10-15 15:56:15,859 [b7ff31bb-ae39-4067-a71c-fb5e6b3a0e64@group-F17EFAF4A2E1-LeaderElection36] INFO  server.RaftServerConfigKeys (ConfUtils.java:logGet(43)) - raft.server.log.appender.snapshot.chunk.size.max = 16MB (=16777216) (default)
2019-10-15 15:56:15,859 [b7ff31bb-ae39-4067-a71c-fb5e6b3a0e64@group-F17EFAF4A2E1-LeaderElection36] INFO  server.RaftServerConfigKeys (ConfUtils.java:logGet(43)) - raft.server.log.appender.buffer.byte-limit = 33554432 (custom)
2019-10-15 15:56:15,859 [b7ff31bb-ae39-4067-a71c-fb5e6b3a0e64@group-F17EFAF4A2E1-LeaderElection36] INFO  server.RaftServerConfigKeys (ConfUtils.java:logGet(43)) - raft.server.log.appender.buffer.element-limit = 1 (custom)
2019-10-15 15:56:15,859 [b7ff31bb-ae39-4067-a71c-fb5e6b3a0e64@group-F17EFAF4A2E1-LeaderElection36] INFO  grpc.GrpcConfigKeys$Server (ConfUtils.java:logGet(43)) - raft.grpc.server.leader.outstanding.appends.max = 128 (default)
2019-10-15 15:56:15,859 [b7ff31bb-ae39-4067-a71c-fb5e6b3a0e64@group-F17EFAF4A2E1-LeaderElection36] INFO  server.RaftServerConfigKeys (ConfUtils.java:logGet(43)) - raft.server.rpc.request.timeout = 3000ms (default)
2019-10-15 15:56:15,859 [b7ff31bb-ae39-4067-a71c-fb5e6b3a0e64@group-F17EFAF4A2E1-LeaderElection36] INFO  server.RaftServerConfigKeys (ConfUtils.java:logGet(43)) - raft.server.log.appender.install.snapshot.enabled = false (custom)
2019-10-15 15:56:15,861 [b7ff31bb-ae39-4067-a71c-fb5e6b3a0e64@group-F17EFAF4A2E1-LeaderElection36] INFO  impl.RoleInfo (RoleInfo.java:updateAndGet(143)) - b7ff31bb-ae39-4067-a71c-fb5e6b3a0e64: start LeaderState
2019-10-15 15:56:15,861 [b7ff31bb-ae39-4067-a71c-fb5e6b3a0e64@group-F17EFAF4A2E1-LeaderElection36] INFO  segmented.SegmentedRaftLogWorker (SegmentedRaftLogWorker.java:startLogSegment(385)) - b7ff31bb-ae39-4067-a71c-fb5e6b3a0e64@group-F17EFAF4A2E1-SegmentedRaftLogWorker: Starting segment from index:0
2019-10-15 15:56:15,862 [b7ff31bb-ae39-4067-a71c-fb5e6b3a0e64@group-F17EFAF4A2E1-LeaderElection36] INFO  impl.RaftServerImpl (ServerState.java:setRaftConf(357)) - b7ff31bb-ae39-4067-a71c-fb5e6b3a0e64@group-F17EFAF4A2E1: set configuration 0: [502b81c0-94cc-42d9-ac22-46124b9f2555:192.168.69.88:45179, 9efa5aa2-6c41-460f-b55e-e6135d265426:192.168.69.88:35771, b7ff31bb-ae39-4067-a71c-fb5e6b3a0e64:192.168.69.88:37247], old=null at 0
2019-10-15 15:56:15,862 [grpc-default-executor-7] INFO  impl.RaftServerImpl (RaftServerImpl.java:requestVote(776)) - b7ff31bb-ae39-4067-a71c-fb5e6b3a0e64@group-F17EFAF4A2E1-   LEADER: Withhold vote from candidate 502b81c0-94cc-42d9-ac22-46124b9f2555 with term 1. State: leader=b7ff31bb-ae39-4067-a71c-fb5e6b3a0e64, term=1, lastRpcElapsed=null
2019-10-15 15:56:15,864 [grpc-default-executor-1] INFO  impl.RaftServerImpl (RaftServerImpl.java:setRole(184)) - 502b81c0-94cc-42d9-ac22-46124b9f2555@group-F17EFAF4A2E1: changes role from CANDIDATE to FOLLOWER at term 1 for appendEntries
2019-10-15 15:56:15,894 [Thread-749] INFO  impl.FollowerState (FollowerState.java:run(108)) - 9efa5aa2-6c41-460f-b55e-e6135d265426@group-09B52BF1AC4A-FollowerState: change to CANDIDATE, lastRpcTime:190ms, electionTimeout:178ms
2019-10-15 15:56:15,864 [grpc-default-executor-7] INFO  impl.RaftServerImpl (ServerState.java:setLeader(256)) - 9efa5aa2-6c41-460f-b55e-e6135d265426@group-F17EFAF4A2E1: change Leader from null to b7ff31bb-ae39-4067-a71c-fb5e6b3a0e64 at term 1 for appendEntries, leader elected after 107ms
2019-10-15 15:56:15,896 [Thread-749] INFO  impl.RoleInfo (RoleInfo.java:shutdownFollowerState(121)) - 9efa5aa2-6c41-460f-b55e-e6135d265426: shutdown FollowerState
2019-10-15 15:56:15,896 [Thread-749] INFO  impl.RaftServerImpl (RaftServerImpl.java:setRole(184)) - 9efa5aa2-6c41-460f-b55e-e6135d265426@group-09B52BF1AC4A: changes role from  FOLLOWER to CANDIDATE at term 0 for changeToCandidate
2019-10-15 15:56:15,895 [grpc-default-executor-1] INFO  impl.RoleInfo (RoleInfo.java:shutdownLeaderElection(134)) - 502b81c0-94cc-42d9-ac22-46124b9f2555: shutdown LeaderElection
2019-10-15 15:56:15,896 [Thread-749] INFO  impl.RoleInfo (RoleInfo.java:updateAndGet(143)) - 9efa5aa2-6c41-460f-b55e-e6135d265426: start LeaderElection
2019-10-15 15:56:15,896 [502b81c0-94cc-42d9-ac22-46124b9f2555@group-F17EFAF4A2E1-LeaderElection37] INFO  impl.LeaderElection (LeaderElection.java:logAndReturn(56)) - 502b81c0-94cc-42d9-ac22-46124b9f2555@group-F17EFAF4A2E1-LeaderElection37: Election REJECTED; received 2 response(s) [502b81c0-94cc-42d9-ac22-46124b9f2555<-9efa5aa2-6c41-460f-b55e-e6135d265426#0:FAIL-t1, 502b81c0-94cc-42d9-ac22-46124b9f2555<-b7ff31bb-ae39-4067-a71c-fb5e6b3a0e64#0:FAIL-t1] and 0 exception(s); 502b81c0-94cc-42d9-ac22-46124b9f2555@group-F17EFAF4A2E1:t1, leader=null, voted=502b81c0-94cc-42d9-ac22-46124b9f2555, raftlog=502b81c0-94cc-42d9-ac22-46124b9f2555@group-F17EFAF4A2E1-SegmentedRaftLog:OPENED:c-1,f-1,i0, conf=-1: [502b81c0-94cc-42d9-ac22-46124b9f2555:192.168.69.88:45179, 9efa5aa2-6c41-460f-b55e-e6135d265426:192.168.69.88:35771, b7ff31bb-ae39-4067-a71c-fb5e6b3a0e64:192.168.69.88:37247], old=null
2019-10-15 15:56:15,897 [grpc-default-executor-1] INFO  impl.RoleInfo (RoleInfo.java:updateAndGet(143)) - 502b81c0-94cc-42d9-ac22-46124b9f2555: start FollowerState
2019-10-15 15:56:15,897 [grpc-default-executor-1] INFO  impl.RaftServerImpl (ServerState.java:setLeader(256)) - 502b81c0-94cc-42d9-ac22-46124b9f2555@group-F17EFAF4A2E1: change Leader from null to b7ff31bb-ae39-4067-a71c-fb5e6b3a0e64 at term 1 for appendEntries, leader elected after 140ms
2019-10-15 15:56:15,902 [grpc-default-executor-1] INFO  impl.RaftServerImpl (ServerState.java:setRaftConf(357)) - 9efa5aa2-6c41-460f-b55e-e6135d265426@group-F17EFAF4A2E1: set configuration 0: [502b81c0-94cc-42d9-ac22-46124b9f2555:192.168.69.88:45179, 9efa5aa2-6c41-460f-b55e-e6135d265426:192.168.69.88:35771, b7ff31bb-ae39-4067-a71c-fb5e6b3a0e64:192.168.69.88:37247], old=null at 0
2019-10-15 15:56:15,902 [grpc-default-executor-1] INFO  segmented.SegmentedRaftLogWorker (SegmentedRaftLogWorker.java:startLogSegment(385)) - 9efa5aa2-6c41-460f-b55e-e6135d265426@group-F17EFAF4A2E1-SegmentedRaftLogWorker: Starting segment from index:0
2019-10-15 15:56:15,903 [grpc-default-executor-7] INFO  impl.RaftServerImpl (ServerState.java:setRaftConf(357)) - 502b81c0-94cc-42d9-ac22-46124b9f2555@group-F17EFAF4A2E1: set configuration 0: [502b81c0-94cc-42d9-ac22-46124b9f2555:192.168.69.88:45179, 9efa5aa2-6c41-460f-b55e-e6135d265426:192.168.69.88:35771, b7ff31bb-ae39-4067-a71c-fb5e6b3a0e64:192.168.69.88:37247], old=null at 0
2019-10-15 15:56:15,903 [grpc-default-executor-7] INFO  segmented.SegmentedRaftLogWorker (SegmentedRaftLogWorker.java:startLogSegment(385)) - 502b81c0-94cc-42d9-ac22-46124b9f2555@group-F17EFAF4A2E1-SegmentedRaftLogWorker: Starting segment from index:0
2019-10-15 15:56:15,903 [Thread-783] INFO  client.GrpcClientProtocolService (GrpcClientProtocolService.java:lambda$processClientRequest$0(278)) - Failed RaftClientRequest:client-9849FE5BA529->b7ff31bb-ae39-4067-a71c-fb5e6b3a0e64@group-103D57857047, cid=10, seq=0, Watch-ALL_COMMITTED(6), Message:<EMPTY>, reply=RaftClientReply:client-9849FE5BA529->b7ff31bb-ae39-4067-a71c-fb5e6b3a0e64@group-103D57857047, cid=10, FAILED org.apache.ratis.protocol.NotLeaderException: Server b7ff31bb-ae39-4067-a71c-fb5e6b3a0e64@group-103D57857047 is not the leader, logIndex=0, commits[b7ff31bb-ae39-4067-a71c-fb5e6b3a0e64:c10, 502b81c0-94cc-42d9-ac22-46124b9f2555:c10, 9efa5aa2-6c41-460f-b55e-e6135d265426:c4]
2019-10-15 15:56:15,931 [Thread-765] INFO  impl.FollowerState (FollowerState.java:run(108)) - 9efa5aa2-6c41-460f-b55e-e6135d265426@group-103D57857047-FollowerState: change to CANDIDATE, lastRpcTime:154ms, electionTimeout:138ms
2019-10-15 15:56:15,931 [b7ff31bb-ae39-4067-a71c-fb5e6b3a0e64@group-F17EFAF4A2E1-SegmentedRaftLogWorker] INFO  segmented.SegmentedRaftLogWorker (SegmentedRaftLogWorker.java:execute(576)) - b7ff31bb-ae39-4067-a71c-fb5e6b3a0e64@group-F17EFAF4A2E1-SegmentedRaftLogWorker: created new log segment /workdir/hadoop-ozone/integration-test/target/test-dir/MiniOzoneClusterImpl-2530a391-4f7b-47ef-8901-f981e4040dda/datanode-0/data/ratis/b54c41f9-fcf9-4d8f-91cc-f17efaf4a2e1/current/log_inprogress_0
2019-10-15 15:56:15,931 [Thread-765] INFO  impl.RoleInfo (RoleInfo.java:shutdownFollowerState(121)) - 9efa5aa2-6c41-460f-b55e-e6135d265426: shutdown FollowerState
2019-10-15 15:56:15,931 [Thread-765] INFO  impl.RaftServerImpl (RaftServerImpl.java:setRole(184)) - 9efa5aa2-6c41-460f-b55e-e6135d265426@group-103D57857047: changes role from  FOLLOWER to CANDIDATE at term 32 for changeToCandidate
2019-10-15 15:56:15,931 [Thread-765] INFO  impl.RoleInfo (RoleInfo.java:updateAndGet(143)) - 9efa5aa2-6c41-460f-b55e-e6135d265426: start LeaderElection
2019-10-15 15:56:15,931 [9efa5aa2-6c41-460f-b55e-e6135d265426@group-09B52BF1AC4A-LeaderElection38] INFO  impl.LeaderElection (LeaderElection.java:askForVotes(178)) - 9efa5aa2-6c41-460f-b55e-e6135d265426@group-09B52BF1AC4A-LeaderElection38: begin an election at term 1 for -1: [9efa5aa2-6c41-460f-b55e-e6135d265426:192.168.69.88:35771], old=null
2019-10-15 15:56:15,960 [9efa5aa2-6c41-460f-b55e-e6135d265426@group-09B52BF1AC4A-LeaderElection38] INFO  impl.RoleInfo (RoleInfo.java:shutdownLeaderElection(134)) - 9efa5aa2-6c41-460f-b55e-e6135d265426: shutdown LeaderElection
2019-10-15 15:56:15,960 [9efa5aa2-6c41-460f-b55e-e6135d265426@group-F17EFAF4A2E1-SegmentedRaftLogWorker] INFO  segmented.SegmentedRaftLogWorker (SegmentedRaftLogWorker.java:execute(576)) - 9efa5aa2-6c41-460f-b55e-e6135d265426@group-F17EFAF4A2E1-SegmentedRaftLogWorker: created new log segment /workdir/hadoop-ozone/integration-test/target/test-dir/MiniOzoneClusterImpl-2530a391-4f7b-47ef-8901-f981e4040dda/datanode-1/data/ratis/b54c41f9-fcf9-4d8f-91cc-f17efaf4a2e1/current/log_inprogress_0
2019-10-15 15:56:15,960 [9efa5aa2-6c41-460f-b55e-e6135d265426@group-09B52BF1AC4A-LeaderElection38] INFO  impl.RaftServerImpl (RaftServerImpl.java:setRole(184)) - 9efa5aa2-6c41-460f-b55e-e6135d265426@group-09B52BF1AC4A: changes role from CANDIDATE to LEADER at term 1 for changeToLeader
2019-10-15 15:56:15,960 [9efa5aa2-6c41-460f-b55e-e6135d265426@group-09B52BF1AC4A-LeaderElection38] INFO  impl.RaftServerImpl (ServerState.java:setLeader(256)) - 9efa5aa2-6c41-460f-b55e-e6135d265426@group-09B52BF1AC4A: change Leader from null to 9efa5aa2-6c41-460f-b55e-e6135d265426 at term 1 for becomeLeader, leader elected after 263ms
2019-10-15 15:56:15,960 [9efa5aa2-6c41-460f-b55e-e6135d265426@group-09B52BF1AC4A-LeaderElection38] INFO  server.RaftServerConfigKeys (ConfUtils.java:logGet(43)) - raft.server.staging.catchup.gap = 1000 (default)
2019-10-15 15:56:15,961 [9efa5aa2-6c41-460f-b55e-e6135d265426@group-09B52BF1AC4A-LeaderElection38] INFO  server.RaftServerConfigKeys (ConfUtils.java:logGet(43)) - raft.server.rpc.sleep.time = 25ms (default)
2019-10-15 15:56:15,961 [9efa5aa2-6c41-460f-b55e-e6135d265426@group-09B52BF1AC4A-LeaderElection38] INFO  server.RaftServerConfigKeys (ConfUtils.java:logGet(43)) - raft.server.write.element-limit = 4096 (default)
2019-10-15 15:56:15,962 [9efa5aa2-6c41-460f-b55e-e6135d265426@group-09B52BF1AC4A-LeaderElection38] INFO  server.RaftServerConfigKeys (ConfUtils.java:logGet(43)) - raft.server.watch.timeout = 10s (default)
2019-10-15 15:56:15,963 [9efa5aa2-6c41-460f-b55e-e6135d265426@group-09B52BF1AC4A-LeaderElection38] INFO  server.RaftServerConfigKeys (ConfUtils.java:logGet(43)) - raft.server.watch.timeout.denomination = 1s (default)
2019-10-15 15:56:15,963 [9efa5aa2-6c41-460f-b55e-e6135d265426@group-09B52BF1AC4A-LeaderElection38] INFO  server.RaftServerConfigKeys (ConfUtils.java:logGet(43)) - raft.server.watch.element-limit = 65536 (default)
2019-10-15 15:56:15,965 [9efa5aa2-6c41-460f-b55e-e6135d265426@group-09B52BF1AC4A-LeaderElection38] INFO  impl.RoleInfo (RoleInfo.java:updateAndGet(143)) - 9efa5aa2-6c41-460f-b55e-e6135d265426: start LeaderState
2019-10-15 15:56:15,965 [9efa5aa2-6c41-460f-b55e-e6135d265426@group-09B52BF1AC4A-LeaderElection38] INFO  segmented.SegmentedRaftLogWorker (SegmentedRaftLogWorker.java:startLogSegment(385)) - 9efa5aa2-6c41-460f-b55e-e6135d265426@group-09B52BF1AC4A-SegmentedRaftLogWorker: Starting segment from index:0
2019-10-15 15:56:15,966 [9efa5aa2-6c41-460f-b55e-e6135d265426@group-09B52BF1AC4A-LeaderElection38] INFO  impl.RaftServerImpl (ServerState.java:setRaftConf(357)) - 9efa5aa2-6c41-460f-b55e-e6135d265426@group-09B52BF1AC4A: set configuration 0: [9efa5aa2-6c41-460f-b55e-e6135d265426:192.168.69.88:35771], old=null at 0
2019-10-15 15:56:15,972 [502b81c0-94cc-42d9-ac22-46124b9f2555@group-F17EFAF4A2E1-SegmentedRaftLogWorker] INFO  segmented.SegmentedRaftLogWorker (SegmentedRaftLogWorker.java:execute(576)) - 502b81c0-94cc-42d9-ac22-46124b9f2555@group-F17EFAF4A2E1-SegmentedRaftLogWorker: created new log segment /workdir/hadoop-ozone/integration-test/target/test-dir/MiniOzoneClusterImpl-2530a391-4f7b-47ef-8901-f981e4040dda/datanode-2/data/ratis/b54c41f9-fcf9-4d8f-91cc-f17efaf4a2e1/current/log_inprogress_0
2019-10-15 15:56:15,972 [9efa5aa2-6c41-460f-b55e-e6135d265426@group-103D57857047-LeaderElection39] INFO  impl.LeaderElection (LeaderElection.java:askForVotes(178)) - 9efa5aa2-6c41-460f-b55e-e6135d265426@group-103D57857047-LeaderElection39: begin an election at term 33 for 0: [502b81c0-94cc-42d9-ac22-46124b9f2555:192.168.69.88:45179, 9efa5aa2-6c41-460f-b55e-e6135d265426:192.168.69.88:35771, b7ff31bb-ae39-4067-a71c-fb5e6b3a0e64:192.168.69.88:37247], old=null
2019-10-15 15:56:15,975 [grpc-default-executor-7] INFO  impl.RaftServerImpl (RaftServerImpl.java:setRole(184)) - 502b81c0-94cc-42d9-ac22-46124b9f2555@group-103D57857047: changes role from  FOLLOWER to FOLLOWER at term 33 for recognizeCandidate:9efa5aa2-6c41-460f-b55e-e6135d265426
2019-10-15 15:56:15,975 [grpc-default-executor-0] INFO  impl.RaftServerImpl (RaftServerImpl.java:setRole(184)) - b7ff31bb-ae39-4067-a71c-fb5e6b3a0e64@group-103D57857047: changes role from  FOLLOWER to FOLLOWER at term 33 for recognizeCandidate:9efa5aa2-6c41-460f-b55e-e6135d265426
2019-10-15 15:56:15,975 [grpc-default-executor-7] INFO  impl.RoleInfo (RoleInfo.java:shutdownFollowerState(121)) - 502b81c0-94cc-42d9-ac22-46124b9f2555: shutdown FollowerState
2019-10-15 15:56:15,975 [grpc-default-executor-0] INFO  impl.RoleInfo (RoleInfo.java:shutdownFollowerState(121)) - b7ff31bb-ae39-4067-a71c-fb5e6b3a0e64: shutdown FollowerState
2019-10-15 15:56:15,975 [grpc-default-executor-7] INFO  impl.RoleInfo (RoleInfo.java:updateAndGet(143)) - 502b81c0-94cc-42d9-ac22-46124b9f2555: start FollowerState
2019-10-15 15:56:15,975 [Thread-755] INFO  impl.FollowerState (FollowerState.java:run(117)) - 502b81c0-94cc-42d9-ac22-46124b9f2555@group-103D57857047-FollowerState was interrupted: java.lang.InterruptedException: sleep interrupted
2019-10-15 15:56:15,975 [Thread-754] INFO  impl.FollowerState (FollowerState.java:run(117)) - b7ff31bb-ae39-4067-a71c-fb5e6b3a0e64@group-103D57857047-FollowerState was interrupted: java.lang.InterruptedException: sleep interrupted
2019-10-15 15:56:15,975 [grpc-default-executor-0] INFO  impl.RoleInfo (RoleInfo.java:updateAndGet(143)) - b7ff31bb-ae39-4067-a71c-fb5e6b3a0e64: start FollowerState
2019-10-15 15:56:15,988 [9efa5aa2-6c41-460f-b55e-e6135d265426@group-103D57857047-LeaderElection39] INFO  impl.LeaderElection (LeaderElection.java:logAndReturn(56)) - 9efa5aa2-6c41-460f-b55e-e6135d265426@group-103D57857047-LeaderElection39: Election REJECTED; received 2 response(s) [9efa5aa2-6c41-460f-b55e-e6135d265426<-502b81c0-94cc-42d9-ac22-46124b9f2555#0:FAIL-t33, 9efa5aa2-6c41-460f-b55e-e6135d265426<-b7ff31bb-ae39-4067-a71c-fb5e6b3a0e64#0:FAIL-t33] and 0 exception(s); 9efa5aa2-6c41-460f-b55e-e6135d265426@group-103D57857047:t33, leader=null, voted=9efa5aa2-6c41-460f-b55e-e6135d265426, raftlog=9efa5aa2-6c41-460f-b55e-e6135d265426@group-103D57857047-SegmentedRaftLog:OPENED:c3,f4,i4, conf=0: [502b81c0-94cc-42d9-ac22-46124b9f2555:192.168.69.88:45179, 9efa5aa2-6c41-460f-b55e-e6135d265426:192.168.69.88:35771, b7ff31bb-ae39-4067-a71c-fb5e6b3a0e64:192.168.69.88:37247], old=null
2019-10-15 15:56:15,989 [9efa5aa2-6c41-460f-b55e-e6135d265426@group-103D57857047-LeaderElection39] INFO  impl.RaftServerImpl (RaftServerImpl.java:setRole(184)) - 9efa5aa2-6c41-460f-b55e-e6135d265426@group-103D57857047: changes role from CANDIDATE to FOLLOWER at term 33 for DISCOVERED_A_NEW_TERM
2019-10-15 15:56:15,989 [9efa5aa2-6c41-460f-b55e-e6135d265426@group-103D57857047-LeaderElection39] INFO  impl.RoleInfo (RoleInfo.java:shutdownLeaderElection(134)) - 9efa5aa2-6c41-460f-b55e-e6135d265426: shutdown LeaderElection
2019-10-15 15:56:15,989 [9efa5aa2-6c41-460f-b55e-e6135d265426@group-103D57857047-LeaderElection39] INFO  impl.RoleInfo (RoleInfo.java:updateAndGet(143)) - 9efa5aa2-6c41-460f-b55e-e6135d265426: start FollowerState
2019-10-15 15:56:16,023 [9efa5aa2-6c41-460f-b55e-e6135d265426@group-09B52BF1AC4A-SegmentedRaftLogWorker] INFO  segmented.SegmentedRaftLogWorker (SegmentedRaftLogWorker.java:execute(576)) - 9efa5aa2-6c41-460f-b55e-e6135d265426@group-09B52BF1AC4A-SegmentedRaftLogWorker: created new log segment /workdir/hadoop-ozone/integration-test/target/test-dir/MiniOzoneClusterImpl-2530a391-4f7b-47ef-8901-f981e4040dda/datanode-1/data/ratis/7b9b4e8d-0971-40f1-ae4c-09b52bf1ac4a/current/log_inprogress_0
2019-10-15 15:56:16,048 [Thread-793] INFO  impl.FollowerState (FollowerState.java:run(108)) - 9efa5aa2-6c41-460f-b55e-e6135d265426@group-103D57857047-FollowerState: change to CANDIDATE, lastRpcTime:59ms, electionTimeout:59ms
2019-10-15 15:56:16,048 [Thread-793] INFO  impl.RoleInfo (RoleInfo.java:shutdownFollowerState(121)) - 9efa5aa2-6c41-460f-b55e-e6135d265426: shutdown FollowerState
2019-10-15 15:56:16,048 [Thread-793] INFO  impl.RaftServerImpl (RaftServerImpl.java:setRole(184)) - 9efa5aa2-6c41-460f-b55e-e6135d265426@group-103D57857047: changes role from  FOLLOWER to CANDIDATE at term 33 for changeToCandidate
2019-10-15 15:56:16,049 [Thread-793] INFO  impl.RoleInfo (RoleInfo.java:updateAndGet(143)) - 9efa5aa2-6c41-460f-b55e-e6135d265426: start LeaderElection
2019-10-15 15:56:16,053 [9efa5aa2-6c41-460f-b55e-e6135d265426@group-103D57857047-LeaderElection40] INFO  impl.LeaderElection (LeaderElection.java:askForVotes(178)) - 9efa5aa2-6c41-460f-b55e-e6135d265426@group-103D57857047-LeaderElection40: begin an election at term 34 for 0: [502b81c0-94cc-42d9-ac22-46124b9f2555:192.168.69.88:45179, 9efa5aa2-6c41-460f-b55e-e6135d265426:192.168.69.88:35771, b7ff31bb-ae39-4067-a71c-fb5e6b3a0e64:192.168.69.88:37247], old=null
2019-10-15 15:56:16,055 [grpc-default-executor-0] INFO  impl.RaftServerImpl (RaftServerImpl.java:setRole(184)) - b7ff31bb-ae39-4067-a71c-fb5e6b3a0e64@group-103D57857047: changes role from  FOLLOWER to FOLLOWER at term 34 for recognizeCandidate:9efa5aa2-6c41-460f-b55e-e6135d265426
2019-10-15 15:56:16,055 [grpc-default-executor-7] INFO  impl.RaftServerImpl (RaftServerImpl.java:setRole(184)) - 502b81c0-94cc-42d9-ac22-46124b9f2555@group-103D57857047: changes role from  FOLLOWER to FOLLOWER at term 34 for recognizeCandidate:9efa5aa2-6c41-460f-b55e-e6135d265426
2019-10-15 15:56:16,055 [grpc-default-executor-0] INFO  impl.RoleInfo (RoleInfo.java:shutdownFollowerState(121)) - b7ff31bb-ae39-4067-a71c-fb5e6b3a0e64: shutdown FollowerState
2019-10-15 15:56:16,055 [grpc-default-executor-7] INFO  impl.RoleInfo (RoleInfo.java:shutdownFollowerState(121)) - 502b81c0-94cc-42d9-ac22-46124b9f2555: shutdown FollowerState
2019-10-15 15:56:16,056 [grpc-default-executor-0] INFO  impl.RoleInfo (RoleInfo.java:updateAndGet(143)) - b7ff31bb-ae39-4067-a71c-fb5e6b3a0e64: start FollowerState
2019-10-15 15:56:16,056 [Thread-792] INFO  impl.FollowerState (FollowerState.java:run(117)) - b7ff31bb-ae39-4067-a71c-fb5e6b3a0e64@group-103D57857047-FollowerState was interrupted: java.lang.InterruptedException: sleep interrupted
2019-10-15 15:56:16,056 [Thread-791] INFO  impl.FollowerState (FollowerState.java:run(117)) - 502b81c0-94cc-42d9-ac22-46124b9f2555@group-103D57857047-FollowerState was interrupted: java.lang.InterruptedException: sleep interrupted
2019-10-15 15:56:16,056 [grpc-default-executor-7] INFO  impl.RoleInfo (RoleInfo.java:updateAndGet(143)) - 502b81c0-94cc-42d9-ac22-46124b9f2555: start FollowerState
2019-10-15 15:56:16,065 [BlockDeletingService#7] WARN  background.BlockDeletingService (BlockDeletingService.java:isDeletionAllowed(187)) - Close Container log Index 6 is not replicated across allthe servers in the pipeline 1cf6151f-af98-4e08-a2d2-103d57857047 as the min replicated index is 4. Deletion is not allowed in this container yet.
2019-10-15 15:56:16,065 [BlockDeletingService#2] WARN  background.BlockDeletingService (BlockDeletingService.java:isDeletionAllowed(187)) - Close Container log Index 6 is not replicated across allthe servers in the pipeline 1cf6151f-af98-4e08-a2d2-103d57857047 as the min replicated index is 4. Deletion is not allowed in this container yet.
2019-10-15 15:56:16,070 [9efa5aa2-6c41-460f-b55e-e6135d265426@group-103D57857047-LeaderElection40] INFO  impl.LeaderElection (LeaderElection.java:logAndReturn(56)) - 9efa5aa2-6c41-460f-b55e-e6135d265426@group-103D57857047-LeaderElection40: Election REJECTED; received 2 response(s) [9efa5aa2-6c41-460f-b55e-e6135d265426<-502b81c0-94cc-42d9-ac22-46124b9f2555#0:FAIL-t34, 9efa5aa2-6c41-460f-b55e-e6135d265426<-b7ff31bb-ae39-4067-a71c-fb5e6b3a0e64#0:FAIL-t34] and 0 exception(s); 9efa5aa2-6c41-460f-b55e-e6135d265426@group-103D57857047:t34, leader=null, voted=9efa5aa2-6c41-460f-b55e-e6135d265426, raftlog=9efa5aa2-6c41-460f-b55e-e6135d265426@group-103D57857047-SegmentedRaftLog:OPENED:c3,f4,i4, conf=0: [502b81c0-94cc-42d9-ac22-46124b9f2555:192.168.69.88:45179, 9efa5aa2-6c41-460f-b55e-e6135d265426:192.168.69.88:35771, b7ff31bb-ae39-4067-a71c-fb5e6b3a0e64:192.168.69.88:37247], old=null
2019-10-15 15:56:16,070 [9efa5aa2-6c41-460f-b55e-e6135d265426@group-103D57857047-LeaderElection40] INFO  impl.RaftServerImpl (RaftServerImpl.java:setRole(184)) - 9efa5aa2-6c41-460f-b55e-e6135d265426@group-103D57857047: changes role from CANDIDATE to FOLLOWER at term 34 for DISCOVERED_A_NEW_TERM
2019-10-15 15:56:16,070 [9efa5aa2-6c41-460f-b55e-e6135d265426@group-103D57857047-LeaderElection40] INFO  impl.RoleInfo (RoleInfo.java:shutdownLeaderElection(134)) - 9efa5aa2-6c41-460f-b55e-e6135d265426: shutdown LeaderElection
2019-10-15 15:56:16,070 [9efa5aa2-6c41-460f-b55e-e6135d265426@group-103D57857047-LeaderElection40] INFO  impl.RoleInfo (RoleInfo.java:updateAndGet(143)) - 9efa5aa2-6c41-460f-b55e-e6135d265426: start FollowerState
2019-10-15 15:56:16,260 [Thread-801] INFO  impl.FollowerState (FollowerState.java:run(108)) - 9efa5aa2-6c41-460f-b55e-e6135d265426@group-103D57857047-FollowerState: change to CANDIDATE, lastRpcTime:189ms, electionTimeout:189ms
2019-10-15 15:56:16,260 [Thread-801] INFO  impl.RoleInfo (RoleInfo.java:shutdownFollowerState(121)) - 9efa5aa2-6c41-460f-b55e-e6135d265426: shutdown FollowerState
2019-10-15 15:56:16,260 [Thread-801] INFO  impl.RaftServerImpl (RaftServerImpl.java:setRole(184)) - 9efa5aa2-6c41-460f-b55e-e6135d265426@group-103D57857047: changes role from  FOLLOWER to CANDIDATE at term 34 for changeToCandidate
2019-10-15 15:56:16,260 [Thread-801] INFO  impl.RoleInfo (RoleInfo.java:updateAndGet(143)) - 9efa5aa2-6c41-460f-b55e-e6135d265426: start LeaderElection
2019-10-15 15:56:16,260 [EventQueue-PendingDeleteStatusForPendingDeleteHandler] INFO  block.SCMBlockDeletingService (SCMBlockDeletingService.java:handlePendingDeletes(115)) - Block deletion txnID mismatch in datanode 9efa5aa2-6c41-460f-b55e-e6135d265426 for containerID 1. Datanode delete txnID: 0, SCM txnID: 1
2019-10-15 15:56:16,310 [9efa5aa2-6c41-460f-b55e-e6135d265426@group-103D57857047-LeaderElection41] INFO  impl.LeaderElection (LeaderElection.java:askForVotes(178)) - 9efa5aa2-6c41-460f-b55e-e6135d265426@group-103D57857047-LeaderElection41: begin an election at term 35 for 0: [502b81c0-94cc-42d9-ac22-46124b9f2555:192.168.69.88:45179, 9efa5aa2-6c41-460f-b55e-e6135d265426:192.168.69.88:35771, b7ff31bb-ae39-4067-a71c-fb5e6b3a0e64:192.168.69.88:37247], old=null
2019-10-15 15:56:16,313 [grpc-default-executor-0] INFO  impl.RaftServerImpl (RaftServerImpl.java:setRole(184)) - b7ff31bb-ae39-4067-a71c-fb5e6b3a0e64@group-103D57857047: changes role from  FOLLOWER to FOLLOWER at term 35 for recognizeCandidate:9efa5aa2-6c41-460f-b55e-e6135d265426
2019-10-15 15:56:16,313 [grpc-default-executor-7] INFO  impl.RaftServerImpl (RaftServerImpl.java:setRole(184)) - 502b81c0-94cc-42d9-ac22-46124b9f2555@group-103D57857047: changes role from  FOLLOWER to FOLLOWER at term 35 for recognizeCandidate:9efa5aa2-6c41-460f-b55e-e6135d265426
2019-10-15 15:56:16,313 [grpc-default-executor-0] INFO  impl.RoleInfo (RoleInfo.java:shutdownFollowerState(121)) - b7ff31bb-ae39-4067-a71c-fb5e6b3a0e64: shutdown FollowerState
2019-10-15 15:56:16,313 [grpc-default-executor-7] INFO  impl.RoleInfo (RoleInfo.java:shutdownFollowerState(121)) - 502b81c0-94cc-42d9-ac22-46124b9f2555: shutdown FollowerState
2019-10-15 15:56:16,313 [grpc-default-executor-0] INFO  impl.RoleInfo (RoleInfo.java:updateAndGet(143)) - b7ff31bb-ae39-4067-a71c-fb5e6b3a0e64: start FollowerState
2019-10-15 15:56:16,313 [Thread-798] INFO  impl.FollowerState (FollowerState.java:run(117)) - 502b81c0-94cc-42d9-ac22-46124b9f2555@group-103D57857047-FollowerState was interrupted: java.lang.InterruptedException: sleep interrupted
2019-10-15 15:56:16,313 [grpc-default-executor-7] INFO  impl.RoleInfo (RoleInfo.java:updateAndGet(143)) - 502b81c0-94cc-42d9-ac22-46124b9f2555: start FollowerState
2019-10-15 15:56:16,313 [Thread-797] INFO  impl.FollowerState (FollowerState.java:run(117)) - b7ff31bb-ae39-4067-a71c-fb5e6b3a0e64@group-103D57857047-FollowerState was interrupted: java.lang.InterruptedException: sleep interrupted
2019-10-15 15:56:16,327 [9efa5aa2-6c41-460f-b55e-e6135d265426@group-103D57857047-LeaderElection41] INFO  impl.LeaderElection (LeaderElection.java:logAndReturn(56)) - 9efa5aa2-6c41-460f-b55e-e6135d265426@group-103D57857047-LeaderElection41: Election REJECTED; received 2 response(s) [9efa5aa2-6c41-460f-b55e-e6135d265426<-502b81c0-94cc-42d9-ac22-46124b9f2555#0:FAIL-t35, 9efa5aa2-6c41-460f-b55e-e6135d265426<-b7ff31bb-ae39-4067-a71c-fb5e6b3a0e64#0:FAIL-t35] and 0 exception(s); 9efa5aa2-6c41-460f-b55e-e6135d265426@group-103D57857047:t35, leader=null, voted=9efa5aa2-6c41-460f-b55e-e6135d265426, raftlog=9efa5aa2-6c41-460f-b55e-e6135d265426@group-103D57857047-SegmentedRaftLog:OPENED:c3,f4,i4, conf=0: [502b81c0-94cc-42d9-ac22-46124b9f2555:192.168.69.88:45179, 9efa5aa2-6c41-460f-b55e-e6135d265426:192.168.69.88:35771, b7ff31bb-ae39-4067-a71c-fb5e6b3a0e64:192.168.69.88:37247], old=null
2019-10-15 15:56:16,328 [9efa5aa2-6c41-460f-b55e-e6135d265426@group-103D57857047-LeaderElection41] INFO  impl.RaftServerImpl (RaftServerImpl.java:setRole(184)) - 9efa5aa2-6c41-460f-b55e-e6135d265426@group-103D57857047: changes role from CANDIDATE to FOLLOWER at term 35 for DISCOVERED_A_NEW_TERM
2019-10-15 15:56:16,328 [9efa5aa2-6c41-460f-b55e-e6135d265426@group-103D57857047-LeaderElection41] INFO  impl.RoleInfo (RoleInfo.java:shutdownLeaderElection(134)) - 9efa5aa2-6c41-460f-b55e-e6135d265426: shutdown LeaderElection
2019-10-15 15:56:16,328 [9efa5aa2-6c41-460f-b55e-e6135d265426@group-103D57857047-LeaderElection41] INFO  impl.RoleInfo (RoleInfo.java:updateAndGet(143)) - 9efa5aa2-6c41-460f-b55e-e6135d265426: start FollowerState
2019-10-15 15:56:16,423 [Thread-807] INFO  impl.FollowerState (FollowerState.java:run(108)) - 9efa5aa2-6c41-460f-b55e-e6135d265426@group-103D57857047-FollowerState: change to CANDIDATE, lastRpcTime:95ms, electionTimeout:95ms
2019-10-15 15:56:16,423 [Thread-807] INFO  impl.RoleInfo (RoleInfo.java:shutdownFollowerState(121)) - 9efa5aa2-6c41-460f-b55e-e6135d265426: shutdown FollowerState
2019-10-15 15:56:16,424 [Thread-807] INFO  impl.RaftServerImpl (RaftServerImpl.java:setRole(184)) - 9efa5aa2-6c41-460f-b55e-e6135d265426@group-103D57857047: changes role from  FOLLOWER to CANDIDATE at term 35 for changeToCandidate
2019-10-15 15:56:16,424 [Thread-807] INFO  impl.RoleInfo (RoleInfo.java:updateAndGet(143)) - 9efa5aa2-6c41-460f-b55e-e6135d265426: start LeaderElection
2019-10-15 15:56:16,437 [9efa5aa2-6c41-460f-b55e-e6135d265426@group-103D57857047-LeaderElection42] INFO  impl.LeaderElection (LeaderElection.java:askForVotes(178)) - 9efa5aa2-6c41-460f-b55e-e6135d265426@group-103D57857047-LeaderElection42: begin an election at term 36 for 0: [502b81c0-94cc-42d9-ac22-46124b9f2555:192.168.69.88:45179, 9efa5aa2-6c41-460f-b55e-e6135d265426:192.168.69.88:35771, b7ff31bb-ae39-4067-a71c-fb5e6b3a0e64:192.168.69.88:37247], old=null
2019-10-15 15:56:16,440 [grpc-default-executor-0] INFO  impl.RaftServerImpl (RaftServerImpl.java:setRole(184)) - 502b81c0-94cc-42d9-ac22-46124b9f2555@group-103D57857047: changes role from  FOLLOWER to FOLLOWER at term 36 for recognizeCandidate:9efa5aa2-6c41-460f-b55e-e6135d265426
2019-10-15 15:56:16,440 [grpc-default-executor-7] INFO  impl.RaftServerImpl (RaftServerImpl.java:setRole(184)) - b7ff31bb-ae39-4067-a71c-fb5e6b3a0e64@group-103D57857047: changes role from  FOLLOWER to FOLLOWER at term 36 for recognizeCandidate:9efa5aa2-6c41-460f-b55e-e6135d265426
2019-10-15 15:56:16,440 [grpc-default-executor-0] INFO  impl.RoleInfo (RoleInfo.java:shutdownFollowerState(121)) - 502b81c0-94cc-42d9-ac22-46124b9f2555: shutdown FollowerState
2019-10-15 15:56:16,441 [grpc-default-executor-7] INFO  impl.RoleInfo (RoleInfo.java:shutdownFollowerState(121)) - b7ff31bb-ae39-4067-a71c-fb5e6b3a0e64: shutdown FollowerState
2019-10-15 15:56:16,441 [Thread-806] INFO  impl.FollowerState (FollowerState.java:run(117)) - 502b81c0-94cc-42d9-ac22-46124b9f2555@group-103D57857047-FollowerState was interrupted: java.lang.InterruptedException: sleep interrupted
2019-10-15 15:56:16,441 [grpc-default-executor-0] INFO  impl.RoleInfo (RoleInfo.java:updateAndGet(143)) - 502b81c0-94cc-42d9-ac22-46124b9f2555: start FollowerState
2019-10-15 15:56:16,441 [Thread-805] INFO  impl.FollowerState (FollowerState.java:run(117)) - b7ff31bb-ae39-4067-a71c-fb5e6b3a0e64@group-103D57857047-FollowerState was interrupted: java.lang.InterruptedException: sleep interrupted
2019-10-15 15:56:16,441 [grpc-default-executor-7] INFO  impl.RoleInfo (RoleInfo.java:updateAndGet(143)) - b7ff31bb-ae39-4067-a71c-fb5e6b3a0e64: start FollowerState
2019-10-15 15:56:16,456 [9efa5aa2-6c41-460f-b55e-e6135d265426@group-103D57857047-LeaderElection42] INFO  impl.LeaderElection (LeaderElection.java:logAndReturn(56)) - 9efa5aa2-6c41-460f-b55e-e6135d265426@group-103D57857047-LeaderElection42: Election REJECTED; received 2 response(s) [9efa5aa2-6c41-460f-b55e-e6135d265426<-502b81c0-94cc-42d9-ac22-46124b9f2555#0:FAIL-t36, 9efa5aa2-6c41-460f-b55e-e6135d265426<-b7ff31bb-ae39-4067-a71c-fb5e6b3a0e64#0:FAIL-t36] and 0 exception(s); 9efa5aa2-6c41-460f-b55e-e6135d265426@group-103D57857047:t36, leader=null, voted=9efa5aa2-6c41-460f-b55e-e6135d265426, raftlog=9efa5aa2-6c41-460f-b55e-e6135d265426@group-103D57857047-SegmentedRaftLog:OPENED:c3,f4,i4, conf=0: [502b81c0-94cc-42d9-ac22-46124b9f2555:192.168.69.88:45179, 9efa5aa2-6c41-460f-b55e-e6135d265426:192.168.69.88:35771, b7ff31bb-ae39-4067-a71c-fb5e6b3a0e64:192.168.69.88:37247], old=null
2019-10-15 15:56:16,456 [9efa5aa2-6c41-460f-b55e-e6135d265426@group-103D57857047-LeaderElection42] INFO  impl.RaftServerImpl (RaftServerImpl.java:setRole(184)) - 9efa5aa2-6c41-460f-b55e-e6135d265426@group-103D57857047: changes role from CANDIDATE to FOLLOWER at term 36 for DISCOVERED_A_NEW_TERM
2019-10-15 15:56:16,456 [9efa5aa2-6c41-460f-b55e-e6135d265426@group-103D57857047-LeaderElection42] INFO  impl.RoleInfo (RoleInfo.java:shutdownLeaderElection(134)) - 9efa5aa2-6c41-460f-b55e-e6135d265426: shutdown LeaderElection
2019-10-15 15:56:16,457 [9efa5aa2-6c41-460f-b55e-e6135d265426@group-103D57857047-LeaderElection42] INFO  impl.RoleInfo (RoleInfo.java:updateAndGet(143)) - 9efa5aa2-6c41-460f-b55e-e6135d265426: start FollowerState
2019-10-15 15:56:16,460 [EventQueue-PendingDeleteStatusForPendingDeleteHandler] INFO  block.SCMBlockDeletingService (SCMBlockDeletingService.java:handlePendingDeletes(115)) - Block deletion txnID mismatch in datanode 9efa5aa2-6c41-460f-b55e-e6135d265426 for containerID 1. Datanode delete txnID: 0, SCM txnID: 1
2019-10-15 15:56:16,567 [Thread-813] INFO  impl.FollowerState (FollowerState.java:run(108)) - 9efa5aa2-6c41-460f-b55e-e6135d265426@group-103D57857047-FollowerState: change to CANDIDATE, lastRpcTime:110ms, electionTimeout:110ms
2019-10-15 15:56:16,567 [Thread-813] INFO  impl.RoleInfo (RoleInfo.java:shutdownFollowerState(121)) - 9efa5aa2-6c41-460f-b55e-e6135d265426: shutdown FollowerState
2019-10-15 15:56:16,567 [Thread-813] INFO  impl.RaftServerImpl (RaftServerImpl.java:setRole(184)) - 9efa5aa2-6c41-460f-b55e-e6135d265426@group-103D57857047: changes role from  FOLLOWER to CANDIDATE at term 36 for changeToCandidate
2019-10-15 15:56:16,567 [Thread-813] INFO  impl.RoleInfo (RoleInfo.java:updateAndGet(143)) - 9efa5aa2-6c41-460f-b55e-e6135d265426: start LeaderElection
2019-10-15 15:56:16,582 [9efa5aa2-6c41-460f-b55e-e6135d265426@group-103D57857047-LeaderElection43] INFO  impl.LeaderElection (LeaderElection.java:askForVotes(178)) - 9efa5aa2-6c41-460f-b55e-e6135d265426@group-103D57857047-LeaderElection43: begin an election at term 37 for 0: [502b81c0-94cc-42d9-ac22-46124b9f2555:192.168.69.88:45179, 9efa5aa2-6c41-460f-b55e-e6135d265426:192.168.69.88:35771, b7ff31bb-ae39-4067-a71c-fb5e6b3a0e64:192.168.69.88:37247], old=null
2019-10-15 15:56:16,584 [grpc-default-executor-0] INFO  impl.RaftServerImpl (RaftServerImpl.java:setRole(184)) - b7ff31bb-ae39-4067-a71c-fb5e6b3a0e64@group-103D57857047: changes role from  FOLLOWER to FOLLOWER at term 37 for recognizeCandidate:9efa5aa2-6c41-460f-b55e-e6135d265426
2019-10-15 15:56:16,584 [grpc-default-executor-7] INFO  impl.RaftServerImpl (RaftServerImpl.java:setRole(184)) - 502b81c0-94cc-42d9-ac22-46124b9f2555@group-103D57857047: changes role from  FOLLOWER to FOLLOWER at term 37 for recognizeCandidate:9efa5aa2-6c41-460f-b55e-e6135d265426
2019-10-15 15:56:16,584 [grpc-default-executor-0] INFO  impl.RoleInfo (RoleInfo.java:shutdownFollowerState(121)) - b7ff31bb-ae39-4067-a71c-fb5e6b3a0e64: shutdown FollowerState
2019-10-15 15:56:16,584 [grpc-default-executor-7] INFO  impl.RoleInfo (RoleInfo.java:shutdownFollowerState(121)) - 502b81c0-94cc-42d9-ac22-46124b9f2555: shutdown FollowerState
2019-10-15 15:56:16,585 [grpc-default-executor-0] INFO  impl.RoleInfo (RoleInfo.java:updateAndGet(143)) - b7ff31bb-ae39-4067-a71c-fb5e6b3a0e64: start FollowerState
2019-10-15 15:56:16,585 [Thread-812] INFO  impl.FollowerState (FollowerState.java:run(117)) - b7ff31bb-ae39-4067-a71c-fb5e6b3a0e64@group-103D57857047-FollowerState was interrupted: java.lang.InterruptedException: sleep interrupted
2019-10-15 15:56:16,585 [Thread-811] INFO  impl.FollowerState (FollowerState.java:run(117)) - 502b81c0-94cc-42d9-ac22-46124b9f2555@group-103D57857047-FollowerState was interrupted: java.lang.InterruptedException: sleep interrupted
2019-10-15 15:56:16,585 [grpc-default-executor-7] INFO  impl.RoleInfo (RoleInfo.java:updateAndGet(143)) - 502b81c0-94cc-42d9-ac22-46124b9f2555: start FollowerState
2019-10-15 15:56:16,619 [pool-7-thread-7] INFO  commands.RetriableDatanodeEventWatcher (RetriableDatanodeEventWatcher.java:onTimeout(47)) - RetriableDatanodeCommand type=deleteBlocksCommand with id=1571154968618 timed out. Retrying.
2019-10-15 15:56:16,619 [pool-7-thread-7] INFO  commands.RetriableDatanodeEventWatcher (RetriableDatanodeEventWatcher.java:onTimeout(47)) - RetriableDatanodeCommand type=deleteBlocksCommand with id=1571154968620 timed out. Retrying.
2019-10-15 15:56:16,619 [pool-7-thread-2] INFO  commands.RetriableDatanodeEventWatcher (RetriableDatanodeEventWatcher.java:onTimeout(47)) - RetriableDatanodeCommand type=deleteBlocksCommand with id=1571154968610 timed out. Retrying.
2019-10-15 15:56:16,619 [pool-7-thread-5] INFO  commands.RetriableDatanodeEventWatcher (RetriableDatanodeEventWatcher.java:onTimeout(47)) - RetriableDatanodeCommand type=deleteBlocksCommand with id=1571154968614 timed out. Retrying.
2019-10-15 15:56:16,619 [pool-7-thread-6] INFO  commands.RetriableDatanodeEventWatcher (RetriableDatanodeEventWatcher.java:onTimeout(47)) - RetriableDatanodeCommand type=deleteBlocksCommand with id=1571154968612 timed out. Retrying.
2019-10-15 15:56:16,620 [SCMBlockDeletingService#0] INFO  block.SCMBlockDeletingService (SCMBlockDeletingService.java:call(184)) - Totally added 1 delete blocks command for 1 datanodes, task elapsed time: 0ms
2019-10-15 15:56:16,620 [pool-7-thread-4] INFO  commands.RetriableDatanodeEventWatcher (RetriableDatanodeEventWatcher.java:onTimeout(47)) - RetriableDatanodeCommand type=deleteBlocksCommand with id=1571154968616 timed out. Retrying.
2019-10-15 15:56:16,620 [pool-7-thread-3] INFO  commands.RetriableDatanodeEventWatcher (RetriableDatanodeEventWatcher.java:onTimeout(47)) - RetriableDatanodeCommand type=deleteBlocksCommand with id=1571154968617 timed out. Retrying.
2019-10-15 15:56:16,620 [pool-7-thread-1] INFO  commands.RetriableDatanodeEventWatcher (RetriableDatanodeEventWatcher.java:onTimeout(47)) - RetriableDatanodeCommand type=deleteBlocksCommand with id=1571154968619 timed out. Retrying.
2019-10-15 15:56:16,621 [9efa5aa2-6c41-460f-b55e-e6135d265426@group-103D57857047-LeaderElection43] INFO  impl.LeaderElection (LeaderElection.java:logAndReturn(56)) - 9efa5aa2-6c41-460f-b55e-e6135d265426@group-103D57857047-LeaderElection43: Election REJECTED; received 2 response(s) [9efa5aa2-6c41-460f-b55e-e6135d265426<-502b81c0-94cc-42d9-ac22-46124b9f2555#0:FAIL-t37, 9efa5aa2-6c41-460f-b55e-e6135d265426<-b7ff31bb-ae39-4067-a71c-fb5e6b3a0e64#0:FAIL-t37] and 0 exception(s); 9efa5aa2-6c41-460f-b55e-e6135d265426@group-103D57857047:t37, leader=null, voted=9efa5aa2-6c41-460f-b55e-e6135d265426, raftlog=9efa5aa2-6c41-460f-b55e-e6135d265426@group-103D57857047-SegmentedRaftLog:OPENED:c3,f4,i4, conf=0: [502b81c0-94cc-42d9-ac22-46124b9f2555:192.168.69.88:45179, 9efa5aa2-6c41-460f-b55e-e6135d265426:192.168.69.88:35771, b7ff31bb-ae39-4067-a71c-fb5e6b3a0e64:192.168.69.88:37247], old=null
2019-10-15 15:56:16,621 [9efa5aa2-6c41-460f-b55e-e6135d265426@group-103D57857047-LeaderElection43] INFO  impl.RaftServerImpl (RaftServerImpl.java:setRole(184)) - 9efa5aa2-6c41-460f-b55e-e6135d265426@group-103D57857047: changes role from CANDIDATE to FOLLOWER at term 37 for DISCOVERED_A_NEW_TERM
2019-10-15 15:56:16,621 [9efa5aa2-6c41-460f-b55e-e6135d265426@group-103D57857047-LeaderElection43] INFO  impl.RoleInfo (RoleInfo.java:shutdownLeaderElection(134)) - 9efa5aa2-6c41-460f-b55e-e6135d265426: shutdown LeaderElection
2019-10-15 15:56:16,621 [9efa5aa2-6c41-460f-b55e-e6135d265426@group-103D57857047-LeaderElection43] INFO  impl.RoleInfo (RoleInfo.java:updateAndGet(143)) - 9efa5aa2-6c41-460f-b55e-e6135d265426: start FollowerState
2019-10-15 15:56:16,657 [Command processor thread] INFO  commandhandler.DeleteBlocksCommandHandler (DeleteBlocksCommandHandler.java:handle(106)) - Start to delete container blocks, TXIDs=[1(0)], numOfContainers=1, numOfBlocks=1
2019-10-15 15:56:16,657 [Command processor thread] INFO  commandhandler.DeleteBlocksCommandHandler (DeleteBlocksCommandHandler.java:handle(106)) - Start to delete container blocks, TXIDs=[1(2)], numOfContainers=1, numOfBlocks=1
2019-10-15 15:56:16,658 [Command processor thread] INFO  commandhandler.DeleteBlocksCommandHandler (DeleteBlocksCommandHandler.java:handle(106)) - Start to delete container blocks, TXIDs=[1(0)], numOfContainers=1, numOfBlocks=1
2019-10-15 15:56:16,658 [Command processor thread] INFO  commandhandler.DeleteBlocksCommandHandler (DeleteBlocksCommandHandler.java:handle(106)) - Start to delete container blocks, TXIDs=[1(4)], numOfContainers=1, numOfBlocks=1
2019-10-15 15:56:16,658 [Command processor thread] INFO  commandhandler.DeleteBlocksCommandHandler (DeleteBlocksCommandHandler.java:handle(106)) - Start to delete container blocks, TXIDs=[1(2)], numOfContainers=1, numOfBlocks=1
2019-10-15 15:56:16,658 [Command processor thread] INFO  commandhandler.DeleteBlocksCommandHandler (DeleteBlocksCommandHandler.java:handle(106)) - Start to delete container blocks, TXIDs=[1(0)], numOfContainers=1, numOfBlocks=1
2019-10-15 15:56:16,658 [Command processor thread] INFO  commandhandler.DeleteBlocksCommandHandler (DeleteBlocksCommandHandler.java:handle(106)) - Start to delete container blocks, TXIDs=[1(4)], numOfContainers=1, numOfBlocks=1
2019-10-15 15:56:16,658 [Command processor thread] INFO  commandhandler.DeleteBlocksCommandHandler (DeleteBlocksCommandHandler.java:handle(106)) - Start to delete container blocks, TXIDs=[1(2)], numOfContainers=1, numOfBlocks=1
2019-10-15 15:56:16,658 [Command processor thread] INFO  commandhandler.DeleteBlocksCommandHandler (DeleteBlocksCommandHandler.java:handle(106)) - Start to delete container blocks, TXIDs=[1(7)], numOfContainers=1, numOfBlocks=1
2019-10-15 15:56:16,659 [Command processor thread] INFO  commandhandler.DeleteBlocksCommandHandler (DeleteBlocksCommandHandler.java:handle(106)) - Start to delete container blocks, TXIDs=[1(0)], numOfContainers=1, numOfBlocks=1
2019-10-15 15:56:16,659 [Command processor thread] INFO  commandhandler.DeleteBlocksCommandHandler (DeleteBlocksCommandHandler.java:handle(106)) - Start to delete container blocks, TXIDs=[1(4)], numOfContainers=1, numOfBlocks=1
2019-10-15 15:56:16,659 [Command processor thread] INFO  commandhandler.DeleteBlocksCommandHandler (DeleteBlocksCommandHandler.java:handle(106)) - Start to delete container blocks, TXIDs=[1(2)], numOfContainers=1, numOfBlocks=1
2019-10-15 15:56:16,659 [Command processor thread] INFO  commandhandler.DeleteBlocksCommandHandler (DeleteBlocksCommandHandler.java:handle(106)) - Start to delete container blocks, TXIDs=[1(11)], numOfContainers=1, numOfBlocks=1
2019-10-15 15:56:16,659 [Command processor thread] INFO  commandhandler.DeleteBlocksCommandHandler (DeleteBlocksCommandHandler.java:handle(106)) - Start to delete container blocks, TXIDs=[1(7)], numOfContainers=1, numOfBlocks=1
2019-10-15 15:56:16,659 [Command processor thread] INFO  commandhandler.DeleteBlocksCommandHandler (DeleteBlocksCommandHandler.java:handle(106)) - Start to delete container blocks, TXIDs=[1(0)], numOfContainers=1, numOfBlocks=1
2019-10-15 15:56:16,659 [Command processor thread] INFO  commandhandler.DeleteBlocksCommandHandler (DeleteBlocksCommandHandler.java:handle(106)) - Start to delete container blocks, TXIDs=[1(11)], numOfContainers=1, numOfBlocks=1
2019-10-15 15:56:16,660 [Command processor thread] INFO  commandhandler.DeleteBlocksCommandHandler (DeleteBlocksCommandHandler.java:handle(106)) - Start to delete container blocks, TXIDs=[1(11)], numOfContainers=1, numOfBlocks=1
2019-10-15 15:56:16,660 [Command processor thread] INFO  commandhandler.DeleteBlocksCommandHandler (DeleteBlocksCommandHandler.java:handle(106)) - Start to delete container blocks, TXIDs=[1(7)], numOfContainers=1, numOfBlocks=1
2019-10-15 15:56:16,660 [Command processor thread] INFO  commandhandler.DeleteBlocksCommandHandler (DeleteBlocksCommandHandler.java:handle(106)) - Start to delete container blocks, TXIDs=[1(4)], numOfContainers=1, numOfBlocks=1
2019-10-15 15:56:16,660 [Command processor thread] INFO  commandhandler.DeleteBlocksCommandHandler (DeleteBlocksCommandHandler.java:handle(106)) - Start to delete container blocks, TXIDs=[1(2)], numOfContainers=1, numOfBlocks=1
2019-10-15 15:56:16,660 [Command processor thread] INFO  commandhandler.DeleteBlocksCommandHandler (DeleteBlocksCommandHandler.java:handle(106)) - Start to delete container blocks, TXIDs=[1(0)], numOfContainers=1, numOfBlocks=1
2019-10-15 15:56:16,660 [Command processor thread] INFO  commandhandler.DeleteBlocksCommandHandler (DeleteBlocksCommandHandler.java:handle(106)) - Start to delete container blocks, TXIDs=[1(11)], numOfContainers=1, numOfBlocks=1
2019-10-15 15:56:16,661 [Command processor thread] INFO  commandhandler.DeleteBlocksCommandHandler (DeleteBlocksCommandHandler.java:handle(106)) - Start to delete container blocks, TXIDs=[1(11)], numOfContainers=1, numOfBlocks=1
2019-10-15 15:56:16,661 [Command processor thread] INFO  commandhandler.DeleteBlocksCommandHandler (DeleteBlocksCommandHandler.java:handle(106)) - Start to delete container blocks, TXIDs=[1(0)], numOfContainers=1, numOfBlocks=1
2019-10-15 15:56:16,661 [Command processor thread] INFO  commandhandler.DeleteBlocksCommandHandler (DeleteBlocksCommandHandler.java:handle(106)) - Start to delete container blocks, TXIDs=[1(7)], numOfContainers=1, numOfBlocks=1
2019-10-15 15:56:16,661 [Command processor thread] INFO  commandhandler.DeleteBlocksCommandHandler (DeleteBlocksCommandHandler.java:handle(106)) - Start to delete container blocks, TXIDs=[1(2)], numOfContainers=1, numOfBlocks=1
2019-10-15 15:56:16,661 [Command processor thread] INFO  commandhandler.DeleteBlocksCommandHandler (DeleteBlocksCommandHandler.java:handle(106)) - Start to delete container blocks, TXIDs=[1(4)], numOfContainers=1, numOfBlocks=1
2019-10-15 15:56:16,661 [Command processor thread] INFO  commandhandler.DeleteBlocksCommandHandler (DeleteBlocksCommandHandler.java:handle(106)) - Start to delete container blocks, TXIDs=[1(11)], numOfContainers=1, numOfBlocks=1
2019-10-15 15:56:16,661 [Command processor thread] INFO  commandhandler.DeleteBlocksCommandHandler (DeleteBlocksCommandHandler.java:handle(106)) - Start to delete container blocks, TXIDs=[1(11)], numOfContainers=1, numOfBlocks=1
2019-10-15 15:56:16,662 [Command processor thread] INFO  commandhandler.DeleteBlocksCommandHandler (DeleteBlocksCommandHandler.java:handle(106)) - Start to delete container blocks, TXIDs=[1(11)], numOfContainers=1, numOfBlocks=1
2019-10-15 15:56:16,662 [Command processor thread] INFO  commandhandler.DeleteBlocksCommandHandler (DeleteBlocksCommandHandler.java:handle(106)) - Start to delete container blocks, TXIDs=[1(4)], numOfContainers=1, numOfBlocks=1
2019-10-15 15:56:16,662 [Command processor thread] INFO  commandhandler.DeleteBlocksCommandHandler (DeleteBlocksCommandHandler.java:handle(106)) - Start to delete container blocks, TXIDs=[1(2)], numOfContainers=1, numOfBlocks=1
2019-10-15 15:56:16,662 [Command processor thread] INFO  commandhandler.DeleteBlocksCommandHandler (DeleteBlocksCommandHandler.java:handle(106)) - Start to delete container blocks, TXIDs=[1(7)], numOfContainers=1, numOfBlocks=1
2019-10-15 15:56:16,662 [Command processor thread] INFO  commandhandler.DeleteBlocksCommandHandler (DeleteBlocksCommandHandler.java:handle(106)) - Start to delete container blocks, TXIDs=[1(11)], numOfContainers=1, numOfBlocks=1
2019-10-15 15:56:16,662 [Command processor thread] INFO  commandhandler.DeleteBlocksCommandHandler (DeleteBlocksCommandHandler.java:handle(106)) - Start to delete container blocks, TXIDs=[1(11)], numOfContainers=1, numOfBlocks=1
2019-10-15 15:56:16,662 [Command processor thread] INFO  commandhandler.DeleteBlocksCommandHandler (DeleteBlocksCommandHandler.java:handle(106)) - Start to delete container blocks, TXIDs=[1(0)], numOfContainers=1, numOfBlocks=1
2019-10-15 15:56:16,663 [Command processor thread] INFO  commandhandler.DeleteBlocksCommandHandler (DeleteBlocksCommandHandler.java:handle(106)) - Start to delete container blocks, TXIDs=[1(11)], numOfContainers=1, numOfBlocks=1
2019-10-15 15:56:16,663 [Command processor thread] INFO  commandhandler.DeleteBlocksCommandHandler (DeleteBlocksCommandHandler.java:handle(106)) - Start to delete container blocks, TXIDs=[1(11)], numOfContainers=1, numOfBlocks=1
2019-10-15 15:56:16,663 [Command processor thread] INFO  commandhandler.DeleteBlocksCommandHandler (DeleteBlocksCommandHandler.java:handle(106)) - Start to delete container blocks, TXIDs=[1(0)], numOfContainers=1, numOfBlocks=1
2019-10-15 15:56:16,663 [Command processor thread] INFO  commandhandler.DeleteBlocksCommandHandler (DeleteBlocksCommandHandler.java:handle(106)) - Start to delete container blocks, TXIDs=[1(47)], numOfContainers=1, numOfBlocks=1
2019-10-15 15:56:16,663 [Command processor thread] INFO  commandhandler.DeleteBlocksCommandHandler (DeleteBlocksCommandHandler.java:handle(106)) - Start to delete container blocks, TXIDs=[1(4)], numOfContainers=1, numOfBlocks=1
2019-10-15 15:56:16,663 [Command processor thread] INFO  commandhandler.DeleteBlocksCommandHandler (DeleteBlocksCommandHandler.java:handle(106)) - Start to delete container blocks, TXIDs=[1(2)], numOfContainers=1, numOfBlocks=1
2019-10-15 15:56:16,664 [Command processor thread] INFO  commandhandler.DeleteBlocksCommandHandler (DeleteBlocksCommandHandler.java:handle(106)) - Start to delete container blocks, TXIDs=[1(7)], numOfContainers=1, numOfBlocks=1
2019-10-15 15:56:16,664 [Command processor thread] INFO  commandhandler.DeleteBlocksCommandHandler (DeleteBlocksCommandHandler.java:handle(106)) - Start to delete container blocks, TXIDs=[1(11)], numOfContainers=1, numOfBlocks=1
2019-10-15 15:56:16,664 [Command processor thread] INFO  commandhandler.DeleteBlocksCommandHandler (DeleteBlocksCommandHandler.java:handle(106)) - Start to delete container blocks, TXIDs=[1(11)], numOfContainers=1, numOfBlocks=1
2019-10-15 15:56:16,758 [EventQueue-DeleteBlockStatusForDeletedBlockLogImpl] WARN  block.DeletedBlockLogImpl (DeletedBlockLogImpl.java:commitTransactions(205)) - Transaction txId=1 commit by dnId=9efa5aa2-6c41-460f-b55e-e6135d265426 for containerID=#1 failed. Corresponding entry not found.
2019-10-15 15:56:16,758 [EventQueue-DeleteBlockStatusForDeletedBlockLogImpl] WARN  block.DeletedBlockLogImpl (DeletedBlockLogImpl.java:commitTransactions(205)) - Transaction txId=1 commit by dnId=9efa5aa2-6c41-460f-b55e-e6135d265426 for containerID=#1 failed. Corresponding entry not found.
2019-10-15 15:56:16,758 [EventQueue-DeleteBlockStatusForDeletedBlockLogImpl] WARN  block.DeletedBlockLogImpl (DeletedBlockLogImpl.java:commitTransactions(205)) - Transaction txId=1 commit by dnId=9efa5aa2-6c41-460f-b55e-e6135d265426 for containerID=#1 failed. Corresponding entry not found.
2019-10-15 15:56:16,758 [EventQueue-DeleteBlockStatusForDeletedBlockLogImpl] WARN  block.DeletedBlockLogImpl (DeletedBlockLogImpl.java:commitTransactions(205)) - Transaction txId=1 commit by dnId=9efa5aa2-6c41-460f-b55e-e6135d265426 for containerID=#1 failed. Corresponding entry not found.
2019-10-15 15:56:16,758 [EventQueue-DeleteBlockStatusForDeletedBlockLogImpl] WARN  block.DeletedBlockLogImpl (DeletedBlockLogImpl.java:commitTransactions(205)) - Transaction txId=1 commit by dnId=9efa5aa2-6c41-460f-b55e-e6135d265426 for containerID=#1 failed. Corresponding entry not found.
2019-10-15 15:56:16,759 [EventQueue-DeleteBlockStatusForDeletedBlockLogImpl] WARN  block.DeletedBlockLogImpl (DeletedBlockLogImpl.java:commitTransactions(205)) - Transaction txId=1 commit by dnId=9efa5aa2-6c41-460f-b55e-e6135d265426 for containerID=#1 failed. Corresponding entry not found.
2019-10-15 15:56:16,759 [EventQueue-DeleteBlockStatusForDeletedBlockLogImpl] WARN  block.DeletedBlockLogImpl (DeletedBlockLogImpl.java:commitTransactions(205)) - Transaction txId=1 commit by dnId=9efa5aa2-6c41-460f-b55e-e6135d265426 for containerID=#1 failed. Corresponding entry not found.
2019-10-15 15:56:16,793 [Thread-819] INFO  impl.FollowerState (FollowerState.java:run(108)) - 9efa5aa2-6c41-460f-b55e-e6135d265426@group-103D57857047-FollowerState: change to CANDIDATE, lastRpcTime:172ms, electionTimeout:172ms
2019-10-15 15:56:16,793 [Thread-819] INFO  impl.RoleInfo (RoleInfo.java:shutdownFollowerState(121)) - 9efa5aa2-6c41-460f-b55e-e6135d265426: shutdown FollowerState
2019-10-15 15:56:16,793 [Thread-819] INFO  impl.RaftServerImpl (RaftServerImpl.java:setRole(184)) - 9efa5aa2-6c41-460f-b55e-e6135d265426@group-103D57857047: changes role from  FOLLOWER to CANDIDATE at term 37 for changeToCandidate
2019-10-15 15:56:16,794 [Thread-819] INFO  impl.RoleInfo (RoleInfo.java:updateAndGet(143)) - 9efa5aa2-6c41-460f-b55e-e6135d265426: start LeaderElection
2019-10-15 15:56:16,807 [9efa5aa2-6c41-460f-b55e-e6135d265426@group-103D57857047-LeaderElection44] INFO  impl.LeaderElection (LeaderElection.java:askForVotes(178)) - 9efa5aa2-6c41-460f-b55e-e6135d265426@group-103D57857047-LeaderElection44: begin an election at term 38 for 0: [502b81c0-94cc-42d9-ac22-46124b9f2555:192.168.69.88:45179, 9efa5aa2-6c41-460f-b55e-e6135d265426:192.168.69.88:35771, b7ff31bb-ae39-4067-a71c-fb5e6b3a0e64:192.168.69.88:37247], old=null
2019-10-15 15:56:16,810 [grpc-default-executor-0] INFO  impl.RaftServerImpl (RaftServerImpl.java:setRole(184)) - 502b81c0-94cc-42d9-ac22-46124b9f2555@group-103D57857047: changes role from  FOLLOWER to FOLLOWER at term 38 for recognizeCandidate:9efa5aa2-6c41-460f-b55e-e6135d265426
2019-10-15 15:56:16,810 [grpc-default-executor-7] INFO  impl.RaftServerImpl (RaftServerImpl.java:setRole(184)) - b7ff31bb-ae39-4067-a71c-fb5e6b3a0e64@group-103D57857047: changes role from  FOLLOWER to FOLLOWER at term 38 for recognizeCandidate:9efa5aa2-6c41-460f-b55e-e6135d265426
2019-10-15 15:56:16,810 [grpc-default-executor-0] INFO  impl.RoleInfo (RoleInfo.java:shutdownFollowerState(121)) - 502b81c0-94cc-42d9-ac22-46124b9f2555: shutdown FollowerState
2019-10-15 15:56:16,810 [grpc-default-executor-7] INFO  impl.RoleInfo (RoleInfo.java:shutdownFollowerState(121)) - b7ff31bb-ae39-4067-a71c-fb5e6b3a0e64: shutdown FollowerState
2019-10-15 15:56:16,810 [Thread-818] INFO  impl.FollowerState (FollowerState.java:run(117)) - 502b81c0-94cc-42d9-ac22-46124b9f2555@group-103D57857047-FollowerState was interrupted: java.lang.InterruptedException: sleep interrupted
2019-10-15 15:56:16,810 [grpc-default-executor-0] INFO  impl.RoleInfo (RoleInfo.java:updateAndGet(143)) - 502b81c0-94cc-42d9-ac22-46124b9f2555: start FollowerState
2019-10-15 15:56:16,811 [grpc-default-executor-7] INFO  impl.RoleInfo (RoleInfo.java:updateAndGet(143)) - b7ff31bb-ae39-4067-a71c-fb5e6b3a0e64: start FollowerState
2019-10-15 15:56:16,811 [Thread-817] INFO  impl.FollowerState (FollowerState.java:run(117)) - b7ff31bb-ae39-4067-a71c-fb5e6b3a0e64@group-103D57857047-FollowerState was interrupted: java.lang.InterruptedException: sleep interrupted
2019-10-15 15:56:16,818 [9efa5aa2-6c41-460f-b55e-e6135d265426@group-103D57857047-LeaderElection44] INFO  impl.LeaderElection (LeaderElection.java:logAndReturn(56)) - 9efa5aa2-6c41-460f-b55e-e6135d265426@group-103D57857047-LeaderElection44: Election REJECTED; received 2 response(s) [9efa5aa2-6c41-460f-b55e-e6135d265426<-502b81c0-94cc-42d9-ac22-46124b9f2555#0:FAIL-t38, 9efa5aa2-6c41-460f-b55e-e6135d265426<-b7ff31bb-ae39-4067-a71c-fb5e6b3a0e64#0:FAIL-t38] and 0 exception(s); 9efa5aa2-6c41-460f-b55e-e6135d265426@group-103D57857047:t38, leader=null, voted=9efa5aa2-6c41-460f-b55e-e6135d265426, raftlog=9efa5aa2-6c41-460f-b55e-e6135d265426@group-103D57857047-SegmentedRaftLog:OPENED:c3,f4,i4, conf=0: [502b81c0-94cc-42d9-ac22-46124b9f2555:192.168.69.88:45179, 9efa5aa2-6c41-460f-b55e-e6135d265426:192.168.69.88:35771, b7ff31bb-ae39-4067-a71c-fb5e6b3a0e64:192.168.69.88:37247], old=null
2019-10-15 15:56:16,819 [9efa5aa2-6c41-460f-b55e-e6135d265426@group-103D57857047-LeaderElection44] INFO  impl.RaftServerImpl (RaftServerImpl.java:setRole(184)) - 9efa5aa2-6c41-460f-b55e-e6135d265426@group-103D57857047: changes role from CANDIDATE to FOLLOWER at term 38 for DISCOVERED_A_NEW_TERM
2019-10-15 15:56:16,819 [9efa5aa2-6c41-460f-b55e-e6135d265426@group-103D57857047-LeaderElection44] INFO  impl.RoleInfo (RoleInfo.java:shutdownLeaderElection(134)) - 9efa5aa2-6c41-460f-b55e-e6135d265426: shutdown LeaderElection
2019-10-15 15:56:16,819 [9efa5aa2-6c41-460f-b55e-e6135d265426@group-103D57857047-LeaderElection44] INFO  impl.RoleInfo (RoleInfo.java:updateAndGet(143)) - 9efa5aa2-6c41-460f-b55e-e6135d265426: start FollowerState
2019-10-15 15:56:16,958 [EventQueue-DeleteBlockStatusForDeletedBlockLogImpl] WARN  block.DeletedBlockLogImpl (DeletedBlockLogImpl.java:commitTransactions(205)) - Transaction txId=1 commit by dnId=9efa5aa2-6c41-460f-b55e-e6135d265426 for containerID=#1 failed. Corresponding entry not found.
2019-10-15 15:56:16,964 [Thread-826] INFO  impl.FollowerState (FollowerState.java:run(108)) - 9efa5aa2-6c41-460f-b55e-e6135d265426@group-103D57857047-FollowerState: change to CANDIDATE, lastRpcTime:145ms, electionTimeout:145ms
2019-10-15 15:56:16,964 [Thread-826] INFO  impl.RoleInfo (RoleInfo.java:shutdownFollowerState(121)) - 9efa5aa2-6c41-460f-b55e-e6135d265426: shutdown FollowerState
2019-10-15 15:56:16,965 [Thread-826] INFO  impl.RaftServerImpl (RaftServerImpl.java:setRole(184)) - 9efa5aa2-6c41-460f-b55e-e6135d265426@group-103D57857047: changes role from  FOLLOWER to CANDIDATE at term 38 for changeToCandidate
2019-10-15 15:56:16,965 [Thread-826] INFO  impl.RoleInfo (RoleInfo.java:updateAndGet(143)) - 9efa5aa2-6c41-460f-b55e-e6135d265426: start LeaderElection
2019-10-15 15:56:16,972 [Thread-829] INFO  client.GrpcClientProtocolService (GrpcClientProtocolService.java:lambda$processClientRequest$0(278)) - Failed RaftClientRequest:client-9849FE5BA529->502b81c0-94cc-42d9-ac22-46124b9f2555@group-103D57857047, cid=10, seq=0, Watch-ALL_COMMITTED(6), Message:<EMPTY>, reply=RaftClientReply:client-9849FE5BA529->502b81c0-94cc-42d9-ac22-46124b9f2555@group-103D57857047, cid=10, FAILED org.apache.ratis.protocol.NotLeaderException: Server 502b81c0-94cc-42d9-ac22-46124b9f2555@group-103D57857047 is not the leader, logIndex=0, commits[502b81c0-94cc-42d9-ac22-46124b9f2555:c10, 9efa5aa2-6c41-460f-b55e-e6135d265426:c4, b7ff31bb-ae39-4067-a71c-fb5e6b3a0e64:c10]
2019-10-15 15:56:16,981 [9efa5aa2-6c41-460f-b55e-e6135d265426@group-103D57857047-LeaderElection45] INFO  impl.LeaderElection (LeaderElection.java:askForVotes(178)) - 9efa5aa2-6c41-460f-b55e-e6135d265426@group-103D57857047-LeaderElection45: begin an election at term 39 for 0: [502b81c0-94cc-42d9-ac22-46124b9f2555:192.168.69.88:45179, 9efa5aa2-6c41-460f-b55e-e6135d265426:192.168.69.88:35771, b7ff31bb-ae39-4067-a71c-fb5e6b3a0e64:192.168.69.88:37247], old=null
2019-10-15 15:56:16,983 [grpc-default-executor-7] INFO  impl.RaftServerImpl (RaftServerImpl.java:setRole(184)) - 502b81c0-94cc-42d9-ac22-46124b9f2555@group-103D57857047: changes role from  FOLLOWER to FOLLOWER at term 39 for recognizeCandidate:9efa5aa2-6c41-460f-b55e-e6135d265426
2019-10-15 15:56:16,983 [grpc-default-executor-7] INFO  impl.RoleInfo (RoleInfo.java:shutdownFollowerState(121)) - 502b81c0-94cc-42d9-ac22-46124b9f2555: shutdown FollowerState
2019-10-15 15:56:16,983 [grpc-default-executor-0] INFO  impl.RaftServerImpl (RaftServerImpl.java:setRole(184)) - b7ff31bb-ae39-4067-a71c-fb5e6b3a0e64@group-103D57857047: changes role from  FOLLOWER to FOLLOWER at term 39 for recognizeCandidate:9efa5aa2-6c41-460f-b55e-e6135d265426
2019-10-15 15:56:16,983 [grpc-default-executor-7] INFO  impl.RoleInfo (RoleInfo.java:updateAndGet(143)) - 502b81c0-94cc-42d9-ac22-46124b9f2555: start FollowerState
2019-10-15 15:56:16,983 [Thread-824] INFO  impl.FollowerState (FollowerState.java:run(117)) - 502b81c0-94cc-42d9-ac22-46124b9f2555@group-103D57857047-FollowerState was interrupted: java.lang.InterruptedException: sleep interrupted
2019-10-15 15:56:16,983 [grpc-default-executor-0] INFO  impl.RoleInfo (RoleInfo.java:shutdownFollowerState(121)) - b7ff31bb-ae39-4067-a71c-fb5e6b3a0e64: shutdown FollowerState
2019-10-15 15:56:16,984 [Thread-825] INFO  impl.FollowerState (FollowerState.java:run(117)) - b7ff31bb-ae39-4067-a71c-fb5e6b3a0e64@group-103D57857047-FollowerState was interrupted: java.lang.InterruptedException: sleep interrupted
2019-10-15 15:56:16,984 [grpc-default-executor-0] INFO  impl.RoleInfo (RoleInfo.java:updateAndGet(143)) - b7ff31bb-ae39-4067-a71c-fb5e6b3a0e64: start FollowerState
2019-10-15 15:56:16,998 [9efa5aa2-6c41-460f-b55e-e6135d265426@group-103D57857047-LeaderElection45] INFO  impl.LeaderElection (LeaderElection.java:logAndReturn(56)) - 9efa5aa2-6c41-460f-b55e-e6135d265426@group-103D57857047-LeaderElection45: Election REJECTED; received 2 response(s) [9efa5aa2-6c41-460f-b55e-e6135d265426<-502b81c0-94cc-42d9-ac22-46124b9f2555#0:FAIL-t39, 9efa5aa2-6c41-460f-b55e-e6135d265426<-b7ff31bb-ae39-4067-a71c-fb5e6b3a0e64#0:FAIL-t39] and 0 exception(s); 9efa5aa2-6c41-460f-b55e-e6135d265426@group-103D57857047:t39, leader=null, voted=9efa5aa2-6c41-460f-b55e-e6135d265426, raftlog=9efa5aa2-6c41-460f-b55e-e6135d265426@group-103D57857047-SegmentedRaftLog:OPENED:c3,f4,i4, conf=0: [502b81c0-94cc-42d9-ac22-46124b9f2555:192.168.69.88:45179, 9efa5aa2-6c41-460f-b55e-e6135d265426:192.168.69.88:35771, b7ff31bb-ae39-4067-a71c-fb5e6b3a0e64:192.168.69.88:37247], old=null
2019-10-15 15:56:16,998 [9efa5aa2-6c41-460f-b55e-e6135d265426@group-103D57857047-LeaderElection45] INFO  impl.RaftServerImpl (RaftServerImpl.java:setRole(184)) - 9efa5aa2-6c41-460f-b55e-e6135d265426@group-103D57857047: changes role from CANDIDATE to FOLLOWER at term 39 for DISCOVERED_A_NEW_TERM
2019-10-15 15:56:16,998 [9efa5aa2-6c41-460f-b55e-e6135d265426@group-103D57857047-LeaderElection45] INFO  impl.RoleInfo (RoleInfo.java:shutdownLeaderElection(134)) - 9efa5aa2-6c41-460f-b55e-e6135d265426: shutdown LeaderElection
2019-10-15 15:56:16,998 [9efa5aa2-6c41-460f-b55e-e6135d265426@group-103D57857047-LeaderElection45] INFO  impl.RoleInfo (RoleInfo.java:updateAndGet(143)) - 9efa5aa2-6c41-460f-b55e-e6135d265426: start FollowerState
2019-10-15 15:56:17,045 [Thread-835] INFO  impl.FollowerState (FollowerState.java:run(108)) - 9efa5aa2-6c41-460f-b55e-e6135d265426@group-103D57857047-FollowerState: change to CANDIDATE, lastRpcTime:46ms, electionTimeout:46ms
2019-10-15 15:56:17,045 [Thread-835] INFO  impl.RoleInfo (RoleInfo.java:shutdownFollowerState(121)) - 9efa5aa2-6c41-460f-b55e-e6135d265426: shutdown FollowerState
2019-10-15 15:56:17,045 [Thread-835] INFO  impl.RaftServerImpl (RaftServerImpl.java:setRole(184)) - 9efa5aa2-6c41-460f-b55e-e6135d265426@group-103D57857047: changes role from  FOLLOWER to CANDIDATE at term 39 for changeToCandidate
2019-10-15 15:56:17,045 [Thread-835] INFO  impl.RoleInfo (RoleInfo.java:updateAndGet(143)) - 9efa5aa2-6c41-460f-b55e-e6135d265426: start LeaderElection
2019-10-15 15:56:17,059 [9efa5aa2-6c41-460f-b55e-e6135d265426@group-103D57857047-LeaderElection46] INFO  impl.LeaderElection (LeaderElection.java:askForVotes(178)) - 9efa5aa2-6c41-460f-b55e-e6135d265426@group-103D57857047-LeaderElection46: begin an election at term 40 for 0: [502b81c0-94cc-42d9-ac22-46124b9f2555:192.168.69.88:45179, 9efa5aa2-6c41-460f-b55e-e6135d265426:192.168.69.88:35771, b7ff31bb-ae39-4067-a71c-fb5e6b3a0e64:192.168.69.88:37247], old=null
2019-10-15 15:56:17,062 [grpc-default-executor-0] INFO  impl.RaftServerImpl (RaftServerImpl.java:setRole(184)) - 502b81c0-94cc-42d9-ac22-46124b9f2555@group-103D57857047: changes role from  FOLLOWER to FOLLOWER at term 40 for recognizeCandidate:9efa5aa2-6c41-460f-b55e-e6135d265426
2019-10-15 15:56:17,062 [grpc-default-executor-7] INFO  impl.RaftServerImpl (RaftServerImpl.java:setRole(184)) - b7ff31bb-ae39-4067-a71c-fb5e6b3a0e64@group-103D57857047: changes role from  FOLLOWER to FOLLOWER at term 40 for recognizeCandidate:9efa5aa2-6c41-460f-b55e-e6135d265426
2019-10-15 15:56:17,062 [grpc-default-executor-0] INFO  impl.RoleInfo (RoleInfo.java:shutdownFollowerState(121)) - 502b81c0-94cc-42d9-ac22-46124b9f2555: shutdown FollowerState
2019-10-15 15:56:17,062 [grpc-default-executor-7] INFO  impl.RoleInfo (RoleInfo.java:shutdownFollowerState(121)) - b7ff31bb-ae39-4067-a71c-fb5e6b3a0e64: shutdown FollowerState
2019-10-15 15:56:17,062 [grpc-default-executor-0] INFO  impl.RoleInfo (RoleInfo.java:updateAndGet(143)) - 502b81c0-94cc-42d9-ac22-46124b9f2555: start FollowerState
2019-10-15 15:56:17,063 [grpc-default-executor-7] INFO  impl.RoleInfo (RoleInfo.java:updateAndGet(143)) - b7ff31bb-ae39-4067-a71c-fb5e6b3a0e64: start FollowerState
2019-10-15 15:56:17,062 [Thread-833] INFO  impl.FollowerState (FollowerState.java:run(117)) - 502b81c0-94cc-42d9-ac22-46124b9f2555@group-103D57857047-FollowerState was interrupted: java.lang.InterruptedException: sleep interrupted
2019-10-15 15:56:17,063 [Thread-834] INFO  impl.FollowerState (FollowerState.java:run(117)) - b7ff31bb-ae39-4067-a71c-fb5e6b3a0e64@group-103D57857047-FollowerState was interrupted: java.lang.InterruptedException: sleep interrupted
2019-10-15 15:56:17,066 [BlockDeletingService#7] WARN  background.BlockDeletingService (BlockDeletingService.java:isDeletionAllowed(187)) - Close Container log Index 6 is not replicated across allthe servers in the pipeline 1cf6151f-af98-4e08-a2d2-103d57857047 as the min replicated index is 4. Deletion is not allowed in this container yet.
2019-10-15 15:56:17,066 [BlockDeletingService#2] WARN  background.BlockDeletingService (BlockDeletingService.java:isDeletionAllowed(187)) - Close Container log Index 6 is not replicated across allthe servers in the pipeline 1cf6151f-af98-4e08-a2d2-103d57857047 as the min replicated index is 4. Deletion is not allowed in this container yet.
2019-10-15 15:56:17,067 [9efa5aa2-6c41-460f-b55e-e6135d265426@group-103D57857047-LeaderElection46] INFO  impl.LeaderElection (LeaderElection.java:logAndReturn(56)) - 9efa5aa2-6c41-460f-b55e-e6135d265426@group-103D57857047-LeaderElection46: Election TIMEOUT; received 0 response(s) [] and 0 exception(s); 9efa5aa2-6c41-460f-b55e-e6135d265426@group-103D57857047:t40, leader=null, voted=9efa5aa2-6c41-460f-b55e-e6135d265426, raftlog=9efa5aa2-6c41-460f-b55e-e6135d265426@group-103D57857047-SegmentedRaftLog:OPENED:c3,f4,i4, conf=0: [502b81c0-94cc-42d9-ac22-46124b9f2555:192.168.69.88:45179, 9efa5aa2-6c41-460f-b55e-e6135d265426:192.168.69.88:35771, b7ff31bb-ae39-4067-a71c-fb5e6b3a0e64:192.168.69.88:37247], old=null
2019-10-15 15:56:17,077 [9efa5aa2-6c41-460f-b55e-e6135d265426@group-103D57857047-LeaderElection46] INFO  impl.LeaderElection (LeaderElection.java:askForVotes(178)) - 9efa5aa2-6c41-460f-b55e-e6135d265426@group-103D57857047-LeaderElection46: begin an election at term 41 for 0: [502b81c0-94cc-42d9-ac22-46124b9f2555:192.168.69.88:45179, 9efa5aa2-6c41-460f-b55e-e6135d265426:192.168.69.88:35771, b7ff31bb-ae39-4067-a71c-fb5e6b3a0e64:192.168.69.88:37247], old=null
2019-10-15 15:56:17,079 [grpc-default-executor-0] INFO  impl.RaftServerImpl (RaftServerImpl.java:setRole(184)) - 502b81c0-94cc-42d9-ac22-46124b9f2555@group-103D57857047: changes role from  FOLLOWER to FOLLOWER at term 41 for recognizeCandidate:9efa5aa2-6c41-460f-b55e-e6135d265426
2019-10-15 15:56:17,079 [grpc-default-executor-7] INFO  impl.RaftServerImpl (RaftServerImpl.java:setRole(184)) - b7ff31bb-ae39-4067-a71c-fb5e6b3a0e64@group-103D57857047: changes role from  FOLLOWER to FOLLOWER at term 41 for recognizeCandidate:9efa5aa2-6c41-460f-b55e-e6135d265426
2019-10-15 15:56:17,079 [grpc-default-executor-0] INFO  impl.RoleInfo (RoleInfo.java:shutdownFollowerState(121)) - 502b81c0-94cc-42d9-ac22-46124b9f2555: shutdown FollowerState
2019-10-15 15:56:17,079 [grpc-default-executor-7] INFO  impl.RoleInfo (RoleInfo.java:shutdownFollowerState(121)) - b7ff31bb-ae39-4067-a71c-fb5e6b3a0e64: shutdown FollowerState
2019-10-15 15:56:17,079 [grpc-default-executor-0] INFO  impl.RoleInfo (RoleInfo.java:updateAndGet(143)) - 502b81c0-94cc-42d9-ac22-46124b9f2555: start FollowerState
2019-10-15 15:56:17,079 [Thread-839] INFO  impl.FollowerState (FollowerState.java:run(117)) - 502b81c0-94cc-42d9-ac22-46124b9f2555@group-103D57857047-FollowerState was interrupted: java.lang.InterruptedException: sleep interrupted
2019-10-15 15:56:17,079 [Thread-840] INFO  impl.FollowerState (FollowerState.java:run(117)) - b7ff31bb-ae39-4067-a71c-fb5e6b3a0e64@group-103D57857047-FollowerState was interrupted: java.lang.InterruptedException: sleep interrupted
2019-10-15 15:56:17,079 [grpc-default-executor-7] INFO  impl.RoleInfo (RoleInfo.java:updateAndGet(143)) - b7ff31bb-ae39-4067-a71c-fb5e6b3a0e64: start FollowerState
2019-10-15 15:56:17,094 [9efa5aa2-6c41-460f-b55e-e6135d265426@group-103D57857047-LeaderElection46] INFO  impl.LeaderElection (LeaderElection.java:logAndReturn(56)) - 9efa5aa2-6c41-460f-b55e-e6135d265426@group-103D57857047-LeaderElection46: Election REJECTED; received 2 response(s) [9efa5aa2-6c41-460f-b55e-e6135d265426<-502b81c0-94cc-42d9-ac22-46124b9f2555#0:FAIL-t41, 9efa5aa2-6c41-460f-b55e-e6135d265426<-b7ff31bb-ae39-4067-a71c-fb5e6b3a0e64#0:FAIL-t41] and 0 exception(s); 9efa5aa2-6c41-460f-b55e-e6135d265426@group-103D57857047:t41, leader=null, voted=9efa5aa2-6c41-460f-b55e-e6135d265426, raftlog=9efa5aa2-6c41-460f-b55e-e6135d265426@group-103D57857047-SegmentedRaftLog:OPENED:c3,f4,i4, conf=0: [502b81c0-94cc-42d9-ac22-46124b9f2555:192.168.69.88:45179, 9efa5aa2-6c41-460f-b55e-e6135d265426:192.168.69.88:35771, b7ff31bb-ae39-4067-a71c-fb5e6b3a0e64:192.168.69.88:37247], old=null
2019-10-15 15:56:17,094 [9efa5aa2-6c41-460f-b55e-e6135d265426@group-103D57857047-LeaderElection46] INFO  impl.RaftServerImpl (RaftServerImpl.java:setRole(184)) - 9efa5aa2-6c41-460f-b55e-e6135d265426@group-103D57857047: changes role from CANDIDATE to FOLLOWER at term 41 for DISCOVERED_A_NEW_TERM
2019-10-15 15:56:17,094 [9efa5aa2-6c41-460f-b55e-e6135d265426@group-103D57857047-LeaderElection46] INFO  impl.RoleInfo (RoleInfo.java:shutdownLeaderElection(134)) - 9efa5aa2-6c41-460f-b55e-e6135d265426: shutdown LeaderElection
2019-10-15 15:56:17,094 [9efa5aa2-6c41-460f-b55e-e6135d265426@group-103D57857047-LeaderElection46] INFO  impl.RoleInfo (RoleInfo.java:updateAndGet(143)) - 9efa5aa2-6c41-460f-b55e-e6135d265426: start FollowerState
2019-10-15 15:56:17,254 [Thread-847] INFO  impl.FollowerState (FollowerState.java:run(108)) - 9efa5aa2-6c41-460f-b55e-e6135d265426@group-103D57857047-FollowerState: change to CANDIDATE, lastRpcTime:159ms, electionTimeout:159ms
2019-10-15 15:56:17,254 [Thread-847] INFO  impl.RoleInfo (RoleInfo.java:shutdownFollowerState(121)) - 9efa5aa2-6c41-460f-b55e-e6135d265426: shutdown FollowerState
2019-10-15 15:56:17,254 [Thread-847] INFO  impl.RaftServerImpl (RaftServerImpl.java:setRole(184)) - 9efa5aa2-6c41-460f-b55e-e6135d265426@group-103D57857047: changes role from  FOLLOWER to CANDIDATE at term 41 for changeToCandidate
2019-10-15 15:56:17,254 [Thread-847] INFO  impl.RoleInfo (RoleInfo.java:updateAndGet(143)) - 9efa5aa2-6c41-460f-b55e-e6135d265426: start LeaderElection
2019-10-15 15:56:17,281 [9efa5aa2-6c41-460f-b55e-e6135d265426@group-103D57857047-LeaderElection47] INFO  impl.LeaderElection (LeaderElection.java:askForVotes(178)) - 9efa5aa2-6c41-460f-b55e-e6135d265426@group-103D57857047-LeaderElection47: begin an election at term 42 for 0: [502b81c0-94cc-42d9-ac22-46124b9f2555:192.168.69.88:45179, 9efa5aa2-6c41-460f-b55e-e6135d265426:192.168.69.88:35771, b7ff31bb-ae39-4067-a71c-fb5e6b3a0e64:192.168.69.88:37247], old=null
2019-10-15 15:56:17,284 [grpc-default-executor-0] INFO  impl.RaftServerImpl (RaftServerImpl.java:setRole(184)) - b7ff31bb-ae39-4067-a71c-fb5e6b3a0e64@group-103D57857047: changes role from  FOLLOWER to FOLLOWER at term 42 for recognizeCandidate:9efa5aa2-6c41-460f-b55e-e6135d265426
2019-10-15 15:56:17,284 [grpc-default-executor-7] INFO  impl.RaftServerImpl (RaftServerImpl.java:setRole(184)) - 502b81c0-94cc-42d9-ac22-46124b9f2555@group-103D57857047: changes role from  FOLLOWER to FOLLOWER at term 42 for recognizeCandidate:9efa5aa2-6c41-460f-b55e-e6135d265426
2019-10-15 15:56:17,284 [grpc-default-executor-0] INFO  impl.RoleInfo (RoleInfo.java:shutdownFollowerState(121)) - b7ff31bb-ae39-4067-a71c-fb5e6b3a0e64: shutdown FollowerState
2019-10-15 15:56:17,284 [grpc-default-executor-7] INFO  impl.RoleInfo (RoleInfo.java:shutdownFollowerState(121)) - 502b81c0-94cc-42d9-ac22-46124b9f2555: shutdown FollowerState
2019-10-15 15:56:17,284 [Thread-846] INFO  impl.FollowerState (FollowerState.java:run(117)) - b7ff31bb-ae39-4067-a71c-fb5e6b3a0e64@group-103D57857047-FollowerState was interrupted: java.lang.InterruptedException: sleep interrupted
2019-10-15 15:56:17,284 [grpc-default-executor-0] INFO  impl.RoleInfo (RoleInfo.java:updateAndGet(143)) - b7ff31bb-ae39-4067-a71c-fb5e6b3a0e64: start FollowerState
2019-10-15 15:56:17,285 [grpc-default-executor-7] INFO  impl.RoleInfo (RoleInfo.java:updateAndGet(143)) - 502b81c0-94cc-42d9-ac22-46124b9f2555: start FollowerState
2019-10-15 15:56:17,285 [Thread-845] INFO  impl.FollowerState (FollowerState.java:run(117)) - 502b81c0-94cc-42d9-ac22-46124b9f2555@group-103D57857047-FollowerState was interrupted: java.lang.InterruptedException: sleep interrupted
2019-10-15 15:56:17,296 [9efa5aa2-6c41-460f-b55e-e6135d265426@group-103D57857047-LeaderElection47] INFO  impl.LeaderElection (LeaderElection.java:logAndReturn(56)) - 9efa5aa2-6c41-460f-b55e-e6135d265426@group-103D57857047-LeaderElection47: Election REJECTED; received 2 response(s) [9efa5aa2-6c41-460f-b55e-e6135d265426<-502b81c0-94cc-42d9-ac22-46124b9f2555#0:FAIL-t42, 9efa5aa2-6c41-460f-b55e-e6135d265426<-b7ff31bb-ae39-4067-a71c-fb5e6b3a0e64#0:FAIL-t42] and 0 exception(s); 9efa5aa2-6c41-460f-b55e-e6135d265426@group-103D57857047:t42, leader=null, voted=9efa5aa2-6c41-460f-b55e-e6135d265426, raftlog=9efa5aa2-6c41-460f-b55e-e6135d265426@group-103D57857047-SegmentedRaftLog:OPENED:c3,f4,i4, conf=0: [502b81c0-94cc-42d9-ac22-46124b9f2555:192.168.69.88:45179, 9efa5aa2-6c41-460f-b55e-e6135d265426:192.168.69.88:35771, b7ff31bb-ae39-4067-a71c-fb5e6b3a0e64:192.168.69.88:37247], old=null
2019-10-15 15:56:17,296 [9efa5aa2-6c41-460f-b55e-e6135d265426@group-103D57857047-LeaderElection47] INFO  impl.RaftServerImpl (RaftServerImpl.java:setRole(184)) - 9efa5aa2-6c41-460f-b55e-e6135d265426@group-103D57857047: changes role from CANDIDATE to FOLLOWER at term 42 for DISCOVERED_A_NEW_TERM
2019-10-15 15:56:17,296 [9efa5aa2-6c41-460f-b55e-e6135d265426@group-103D57857047-LeaderElection47] INFO  impl.RoleInfo (RoleInfo.java:shutdownLeaderElection(134)) - 9efa5aa2-6c41-460f-b55e-e6135d265426: shutdown LeaderElection
2019-10-15 15:56:17,296 [9efa5aa2-6c41-460f-b55e-e6135d265426@group-103D57857047-LeaderElection47] INFO  impl.RoleInfo (RoleInfo.java:updateAndGet(143)) - 9efa5aa2-6c41-460f-b55e-e6135d265426: start FollowerState
2019-10-15 15:56:17,322 [Thread-853] INFO  impl.FollowerState (FollowerState.java:run(108)) - 9efa5aa2-6c41-460f-b55e-e6135d265426@group-103D57857047-FollowerState: change to CANDIDATE, lastRpcTime:25ms, electionTimeout:25ms
2019-10-15 15:56:17,322 [Thread-853] INFO  impl.RoleInfo (RoleInfo.java:shutdownFollowerState(121)) - 9efa5aa2-6c41-460f-b55e-e6135d265426: shutdown FollowerState
2019-10-15 15:56:17,322 [Thread-853] INFO  impl.RaftServerImpl (RaftServerImpl.java:setRole(184)) - 9efa5aa2-6c41-460f-b55e-e6135d265426@group-103D57857047: changes role from  FOLLOWER to CANDIDATE at term 42 for changeToCandidate
2019-10-15 15:56:17,322 [Thread-853] INFO  impl.RoleInfo (RoleInfo.java:updateAndGet(143)) - 9efa5aa2-6c41-460f-b55e-e6135d265426: start LeaderElection
2019-10-15 15:56:17,335 [9efa5aa2-6c41-460f-b55e-e6135d265426@group-103D57857047-LeaderElection48] INFO  impl.LeaderElection (LeaderElection.java:askForVotes(178)) - 9efa5aa2-6c41-460f-b55e-e6135d265426@group-103D57857047-LeaderElection48: begin an election at term 43 for 0: [502b81c0-94cc-42d9-ac22-46124b9f2555:192.168.69.88:45179, 9efa5aa2-6c41-460f-b55e-e6135d265426:192.168.69.88:35771, b7ff31bb-ae39-4067-a71c-fb5e6b3a0e64:192.168.69.88:37247], old=null
2019-10-15 15:56:17,338 [grpc-default-executor-0] INFO  impl.RaftServerImpl (RaftServerImpl.java:setRole(184)) - b7ff31bb-ae39-4067-a71c-fb5e6b3a0e64@group-103D57857047: changes role from  FOLLOWER to FOLLOWER at term 43 for recognizeCandidate:9efa5aa2-6c41-460f-b55e-e6135d265426
2019-10-15 15:56:17,338 [grpc-default-executor-7] INFO  impl.RaftServerImpl (RaftServerImpl.java:setRole(184)) - 502b81c0-94cc-42d9-ac22-46124b9f2555@group-103D57857047: changes role from  FOLLOWER to FOLLOWER at term 43 for recognizeCandidate:9efa5aa2-6c41-460f-b55e-e6135d265426
2019-10-15 15:56:17,338 [grpc-default-executor-0] INFO  impl.RoleInfo (RoleInfo.java:shutdownFollowerState(121)) - b7ff31bb-ae39-4067-a71c-fb5e6b3a0e64: shutdown FollowerState
2019-10-15 15:56:17,338 [grpc-default-executor-7] INFO  impl.RoleInfo (RoleInfo.java:shutdownFollowerState(121)) - 502b81c0-94cc-42d9-ac22-46124b9f2555: shutdown FollowerState
2019-10-15 15:56:17,338 [Thread-851] INFO  impl.FollowerState (FollowerState.java:run(117)) - b7ff31bb-ae39-4067-a71c-fb5e6b3a0e64@group-103D57857047-FollowerState was interrupted: java.lang.InterruptedException: sleep interrupted
2019-10-15 15:56:17,338 [grpc-default-executor-0] INFO  impl.RoleInfo (RoleInfo.java:updateAndGet(143)) - b7ff31bb-ae39-4067-a71c-fb5e6b3a0e64: start FollowerState
2019-10-15 15:56:17,339 [Thread-852] INFO  impl.FollowerState (FollowerState.java:run(117)) - 502b81c0-94cc-42d9-ac22-46124b9f2555@group-103D57857047-FollowerState was interrupted: java.lang.InterruptedException: sleep interrupted
2019-10-15 15:56:17,339 [grpc-default-executor-7] INFO  impl.RoleInfo (RoleInfo.java:updateAndGet(143)) - 502b81c0-94cc-42d9-ac22-46124b9f2555: start FollowerState
2019-10-15 15:56:17,360 [9efa5aa2-6c41-460f-b55e-e6135d265426@group-103D57857047-LeaderElection48] INFO  impl.LeaderElection (LeaderElection.java:logAndReturn(56)) - 9efa5aa2-6c41-460f-b55e-e6135d265426@group-103D57857047-LeaderElection48: Election REJECTED; received 2 response(s) [9efa5aa2-6c41-460f-b55e-e6135d265426<-502b81c0-94cc-42d9-ac22-46124b9f2555#0:FAIL-t43, 9efa5aa2-6c41-460f-b55e-e6135d265426<-b7ff31bb-ae39-4067-a71c-fb5e6b3a0e64#0:FAIL-t43] and 0 exception(s); 9efa5aa2-6c41-460f-b55e-e6135d265426@group-103D57857047:t43, leader=null, voted=9efa5aa2-6c41-460f-b55e-e6135d265426, raftlog=9efa5aa2-6c41-460f-b55e-e6135d265426@group-103D57857047-SegmentedRaftLog:OPENED:c3,f4,i4, conf=0: [502b81c0-94cc-42d9-ac22-46124b9f2555:192.168.69.88:45179, 9efa5aa2-6c41-460f-b55e-e6135d265426:192.168.69.88:35771, b7ff31bb-ae39-4067-a71c-fb5e6b3a0e64:192.168.69.88:37247], old=null
2019-10-15 15:56:17,361 [9efa5aa2-6c41-460f-b55e-e6135d265426@group-103D57857047-LeaderElection48] INFO  impl.RaftServerImpl (RaftServerImpl.java:setRole(184)) - 9efa5aa2-6c41-460f-b55e-e6135d265426@group-103D57857047: changes role from CANDIDATE to FOLLOWER at term 43 for DISCOVERED_A_NEW_TERM
2019-10-15 15:56:17,361 [9efa5aa2-6c41-460f-b55e-e6135d265426@group-103D57857047-LeaderElection48] INFO  impl.RoleInfo (RoleInfo.java:shutdownLeaderElection(134)) - 9efa5aa2-6c41-460f-b55e-e6135d265426: shutdown LeaderElection
2019-10-15 15:56:17,361 [9efa5aa2-6c41-460f-b55e-e6135d265426@group-103D57857047-LeaderElection48] INFO  impl.RoleInfo (RoleInfo.java:updateAndGet(143)) - 9efa5aa2-6c41-460f-b55e-e6135d265426: start FollowerState
2019-10-15 15:56:17,500 [Thread-859] INFO  impl.FollowerState (FollowerState.java:run(108)) - 9efa5aa2-6c41-460f-b55e-e6135d265426@group-103D57857047-FollowerState: change to CANDIDATE, lastRpcTime:139ms, electionTimeout:139ms
2019-10-15 15:56:17,501 [Thread-859] INFO  impl.RoleInfo (RoleInfo.java:shutdownFollowerState(121)) - 9efa5aa2-6c41-460f-b55e-e6135d265426: shutdown FollowerState
2019-10-15 15:56:17,501 [Thread-859] INFO  impl.RaftServerImpl (RaftServerImpl.java:setRole(184)) - 9efa5aa2-6c41-460f-b55e-e6135d265426@group-103D57857047: changes role from  FOLLOWER to CANDIDATE at term 43 for changeToCandidate
2019-10-15 15:56:17,501 [Thread-859] INFO  impl.RoleInfo (RoleInfo.java:updateAndGet(143)) - 9efa5aa2-6c41-460f-b55e-e6135d265426: start LeaderElection
2019-10-15 15:56:17,514 [9efa5aa2-6c41-460f-b55e-e6135d265426@group-103D57857047-LeaderElection49] INFO  impl.LeaderElection (LeaderElection.java:askForVotes(178)) - 9efa5aa2-6c41-460f-b55e-e6135d265426@group-103D57857047-LeaderElection49: begin an election at term 44 for 0: [502b81c0-94cc-42d9-ac22-46124b9f2555:192.168.69.88:45179, 9efa5aa2-6c41-460f-b55e-e6135d265426:192.168.69.88:35771, b7ff31bb-ae39-4067-a71c-fb5e6b3a0e64:192.168.69.88:37247], old=null
2019-10-15 15:56:17,517 [grpc-default-executor-0] INFO  impl.RaftServerImpl (RaftServerImpl.java:setRole(184)) - b7ff31bb-ae39-4067-a71c-fb5e6b3a0e64@group-103D57857047: changes role from  FOLLOWER to FOLLOWER at term 44 for recognizeCandidate:9efa5aa2-6c41-460f-b55e-e6135d265426
2019-10-15 15:56:17,517 [grpc-default-executor-7] INFO  impl.RaftServerImpl (RaftServerImpl.java:setRole(184)) - 502b81c0-94cc-42d9-ac22-46124b9f2555@group-103D57857047: changes role from  FOLLOWER to FOLLOWER at term 44 for recognizeCandidate:9efa5aa2-6c41-460f-b55e-e6135d265426
2019-10-15 15:56:17,517 [grpc-default-executor-0] INFO  impl.RoleInfo (RoleInfo.java:shutdownFollowerState(121)) - b7ff31bb-ae39-4067-a71c-fb5e6b3a0e64: shutdown FollowerState
2019-10-15 15:56:17,517 [grpc-default-executor-7] INFO  impl.RoleInfo (RoleInfo.java:shutdownFollowerState(121)) - 502b81c0-94cc-42d9-ac22-46124b9f2555: shutdown FollowerState
2019-10-15 15:56:17,517 [Thread-857] INFO  impl.FollowerState (FollowerState.java:run(117)) - b7ff31bb-ae39-4067-a71c-fb5e6b3a0e64@group-103D57857047-FollowerState was interrupted: java.lang.InterruptedException: sleep interrupted
2019-10-15 15:56:17,517 [grpc-default-executor-0] INFO  impl.RoleInfo (RoleInfo.java:updateAndGet(143)) - b7ff31bb-ae39-4067-a71c-fb5e6b3a0e64: start FollowerState
2019-10-15 15:56:17,517 [Thread-858] INFO  impl.FollowerState (FollowerState.java:run(117)) - 502b81c0-94cc-42d9-ac22-46124b9f2555@group-103D57857047-FollowerState was interrupted: java.lang.InterruptedException: sleep interrupted
2019-10-15 15:56:17,517 [grpc-default-executor-7] INFO  impl.RoleInfo (RoleInfo.java:updateAndGet(143)) - 502b81c0-94cc-42d9-ac22-46124b9f2555: start FollowerState
2019-10-15 15:56:17,531 [9efa5aa2-6c41-460f-b55e-e6135d265426@group-103D57857047-LeaderElection49] INFO  impl.LeaderElection (LeaderElection.java:logAndReturn(56)) - 9efa5aa2-6c41-460f-b55e-e6135d265426@group-103D57857047-LeaderElection49: Election REJECTED; received 2 response(s) [9efa5aa2-6c41-460f-b55e-e6135d265426<-502b81c0-94cc-42d9-ac22-46124b9f2555#0:FAIL-t44, 9efa5aa2-6c41-460f-b55e-e6135d265426<-b7ff31bb-ae39-4067-a71c-fb5e6b3a0e64#0:FAIL-t44] and 0 exception(s); 9efa5aa2-6c41-460f-b55e-e6135d265426@group-103D57857047:t44, leader=null, voted=9efa5aa2-6c41-460f-b55e-e6135d265426, raftlog=9efa5aa2-6c41-460f-b55e-e6135d265426@group-103D57857047-SegmentedRaftLog:OPENED:c3,f4,i4, conf=0: [502b81c0-94cc-42d9-ac22-46124b9f2555:192.168.69.88:45179, 9efa5aa2-6c41-460f-b55e-e6135d265426:192.168.69.88:35771, b7ff31bb-ae39-4067-a71c-fb5e6b3a0e64:192.168.69.88:37247], old=null
2019-10-15 15:56:17,531 [9efa5aa2-6c41-460f-b55e-e6135d265426@group-103D57857047-LeaderElection49] INFO  impl.RaftServerImpl (RaftServerImpl.java:setRole(184)) - 9efa5aa2-6c41-460f-b55e-e6135d265426@group-103D57857047: changes role from CANDIDATE to FOLLOWER at term 44 for DISCOVERED_A_NEW_TERM
2019-10-15 15:56:17,531 [9efa5aa2-6c41-460f-b55e-e6135d265426@group-103D57857047-LeaderElection49] INFO  impl.RoleInfo (RoleInfo.java:shutdownLeaderElection(134)) - 9efa5aa2-6c41-460f-b55e-e6135d265426: shutdown LeaderElection
2019-10-15 15:56:17,531 [9efa5aa2-6c41-460f-b55e-e6135d265426@group-103D57857047-LeaderElection49] INFO  impl.RoleInfo (RoleInfo.java:updateAndGet(143)) - 9efa5aa2-6c41-460f-b55e-e6135d265426: start FollowerState
2019-10-15 15:56:17,573 [Thread-865] INFO  impl.FollowerState (FollowerState.java:run(108)) - 9efa5aa2-6c41-460f-b55e-e6135d265426@group-103D57857047-FollowerState: change to CANDIDATE, lastRpcTime:42ms, electionTimeout:42ms
2019-10-15 15:56:17,574 [Thread-865] INFO  impl.RoleInfo (RoleInfo.java:shutdownFollowerState(121)) - 9efa5aa2-6c41-460f-b55e-e6135d265426: shutdown FollowerState
2019-10-15 15:56:17,574 [Thread-865] INFO  impl.RaftServerImpl (RaftServerImpl.java:setRole(184)) - 9efa5aa2-6c41-460f-b55e-e6135d265426@group-103D57857047: changes role from  FOLLOWER to CANDIDATE at term 44 for changeToCandidate
2019-10-15 15:56:17,574 [Thread-865] INFO  impl.RoleInfo (RoleInfo.java:updateAndGet(143)) - 9efa5aa2-6c41-460f-b55e-e6135d265426: start LeaderElection
2019-10-15 15:56:17,587 [9efa5aa2-6c41-460f-b55e-e6135d265426@group-103D57857047-LeaderElection50] INFO  impl.LeaderElection (LeaderElection.java:askForVotes(178)) - 9efa5aa2-6c41-460f-b55e-e6135d265426@group-103D57857047-LeaderElection50: begin an election at term 45 for 0: [502b81c0-94cc-42d9-ac22-46124b9f2555:192.168.69.88:45179, 9efa5aa2-6c41-460f-b55e-e6135d265426:192.168.69.88:35771, b7ff31bb-ae39-4067-a71c-fb5e6b3a0e64:192.168.69.88:37247], old=null
2019-10-15 15:56:17,589 [grpc-default-executor-7] INFO  impl.RaftServerImpl (RaftServerImpl.java:setRole(184)) - 502b81c0-94cc-42d9-ac22-46124b9f2555@group-103D57857047: changes role from  FOLLOWER to FOLLOWER at term 45 for recognizeCandidate:9efa5aa2-6c41-460f-b55e-e6135d265426
2019-10-15 15:56:17,589 [grpc-default-executor-0] INFO  impl.RaftServerImpl (RaftServerImpl.java:setRole(184)) - b7ff31bb-ae39-4067-a71c-fb5e6b3a0e64@group-103D57857047: changes role from  FOLLOWER to FOLLOWER at term 45 for recognizeCandidate:9efa5aa2-6c41-460f-b55e-e6135d265426
2019-10-15 15:56:17,589 [grpc-default-executor-7] INFO  impl.RoleInfo (RoleInfo.java:shutdownFollowerState(121)) - 502b81c0-94cc-42d9-ac22-46124b9f2555: shutdown FollowerState
2019-10-15 15:56:17,589 [grpc-default-executor-0] INFO  impl.RoleInfo (RoleInfo.java:shutdownFollowerState(121)) - b7ff31bb-ae39-4067-a71c-fb5e6b3a0e64: shutdown FollowerState
2019-10-15 15:56:17,589 [Thread-864] INFO  impl.FollowerState (FollowerState.java:run(117)) - 502b81c0-94cc-42d9-ac22-46124b9f2555@group-103D57857047-FollowerState was interrupted: java.lang.InterruptedException: sleep interrupted
2019-10-15 15:56:17,589 [grpc-default-executor-7] INFO  impl.RoleInfo (RoleInfo.java:updateAndGet(143)) - 502b81c0-94cc-42d9-ac22-46124b9f2555: start FollowerState
2019-10-15 15:56:17,589 [Thread-863] INFO  impl.FollowerState (FollowerState.java:run(117)) - b7ff31bb-ae39-4067-a71c-fb5e6b3a0e64@group-103D57857047-FollowerState was interrupted: java.lang.InterruptedException: sleep interrupted
2019-10-15 15:56:17,589 [grpc-default-executor-0] INFO  impl.RoleInfo (RoleInfo.java:updateAndGet(143)) - b7ff31bb-ae39-4067-a71c-fb5e6b3a0e64: start FollowerState
2019-10-15 15:56:17,607 [9efa5aa2-6c41-460f-b55e-e6135d265426@group-103D57857047-LeaderElection50] INFO  impl.LeaderElection (LeaderElection.java:logAndReturn(56)) - 9efa5aa2-6c41-460f-b55e-e6135d265426@group-103D57857047-LeaderElection50: Election REJECTED; received 2 response(s) [9efa5aa2-6c41-460f-b55e-e6135d265426<-502b81c0-94cc-42d9-ac22-46124b9f2555#0:FAIL-t45, 9efa5aa2-6c41-460f-b55e-e6135d265426<-b7ff31bb-ae39-4067-a71c-fb5e6b3a0e64#0:FAIL-t45] and 0 exception(s); 9efa5aa2-6c41-460f-b55e-e6135d265426@group-103D57857047:t45, leader=null, voted=9efa5aa2-6c41-460f-b55e-e6135d265426, raftlog=9efa5aa2-6c41-460f-b55e-e6135d265426@group-103D57857047-SegmentedRaftLog:OPENED:c3,f4,i4, conf=0: [502b81c0-94cc-42d9-ac22-46124b9f2555:192.168.69.88:45179, 9efa5aa2-6c41-460f-b55e-e6135d265426:192.168.69.88:35771, b7ff31bb-ae39-4067-a71c-fb5e6b3a0e64:192.168.69.88:37247], old=null
2019-10-15 15:56:17,607 [9efa5aa2-6c41-460f-b55e-e6135d265426@group-103D57857047-LeaderElection50] INFO  impl.RaftServerImpl (RaftServerImpl.java:setRole(184)) - 9efa5aa2-6c41-460f-b55e-e6135d265426@group-103D57857047: changes role from CANDIDATE to FOLLOWER at term 45 for DISCOVERED_A_NEW_TERM
2019-10-15 15:56:17,608 [9efa5aa2-6c41-460f-b55e-e6135d265426@group-103D57857047-LeaderElection50] INFO  impl.RoleInfo (RoleInfo.java:shutdownLeaderElection(134)) - 9efa5aa2-6c41-460f-b55e-e6135d265426: shutdown LeaderElection
2019-10-15 15:56:17,608 [9efa5aa2-6c41-460f-b55e-e6135d265426@group-103D57857047-LeaderElection50] INFO  impl.RoleInfo (RoleInfo.java:updateAndGet(143)) - 9efa5aa2-6c41-460f-b55e-e6135d265426: start FollowerState
2019-10-15 15:56:17,625 [Thread-871] INFO  impl.FollowerState (FollowerState.java:run(108)) - 9efa5aa2-6c41-460f-b55e-e6135d265426@group-103D57857047-FollowerState: change to CANDIDATE, lastRpcTime:17ms, electionTimeout:17ms
2019-10-15 15:56:17,625 [Thread-871] INFO  impl.RoleInfo (RoleInfo.java:shutdownFollowerState(121)) - 9efa5aa2-6c41-460f-b55e-e6135d265426: shutdown FollowerState
2019-10-15 15:56:17,625 [Thread-871] INFO  impl.RaftServerImpl (RaftServerImpl.java:setRole(184)) - 9efa5aa2-6c41-460f-b55e-e6135d265426@group-103D57857047: changes role from  FOLLOWER to CANDIDATE at term 45 for changeToCandidate
2019-10-15 15:56:17,625 [Thread-871] INFO  impl.RoleInfo (RoleInfo.java:updateAndGet(143)) - 9efa5aa2-6c41-460f-b55e-e6135d265426: start LeaderElection
2019-10-15 15:56:17,642 [9efa5aa2-6c41-460f-b55e-e6135d265426@group-103D57857047-LeaderElection51] INFO  impl.LeaderElection (LeaderElection.java:askForVotes(178)) - 9efa5aa2-6c41-460f-b55e-e6135d265426@group-103D57857047-LeaderElection51: begin an election at term 46 for 0: [502b81c0-94cc-42d9-ac22-46124b9f2555:192.168.69.88:45179, 9efa5aa2-6c41-460f-b55e-e6135d265426:192.168.69.88:35771, b7ff31bb-ae39-4067-a71c-fb5e6b3a0e64:192.168.69.88:37247], old=null
2019-10-15 15:56:17,644 [grpc-default-executor-0] INFO  impl.RaftServerImpl (RaftServerImpl.java:setRole(184)) - b7ff31bb-ae39-4067-a71c-fb5e6b3a0e64@group-103D57857047: changes role from  FOLLOWER to FOLLOWER at term 46 for recognizeCandidate:9efa5aa2-6c41-460f-b55e-e6135d265426
2019-10-15 15:56:17,644 [grpc-default-executor-7] INFO  impl.RaftServerImpl (RaftServerImpl.java:setRole(184)) - 502b81c0-94cc-42d9-ac22-46124b9f2555@group-103D57857047: changes role from  FOLLOWER to FOLLOWER at term 46 for recognizeCandidate:9efa5aa2-6c41-460f-b55e-e6135d265426
2019-10-15 15:56:17,644 [grpc-default-executor-0] INFO  impl.RoleInfo (RoleInfo.java:shutdownFollowerState(121)) - b7ff31bb-ae39-4067-a71c-fb5e6b3a0e64: shutdown FollowerState
2019-10-15 15:56:17,644 [grpc-default-executor-7] INFO  impl.RoleInfo (RoleInfo.java:shutdownFollowerState(121)) - 502b81c0-94cc-42d9-ac22-46124b9f2555: shutdown FollowerState
2019-10-15 15:56:17,644 [Thread-870] INFO  impl.FollowerState (FollowerState.java:run(117)) - b7ff31bb-ae39-4067-a71c-fb5e6b3a0e64@group-103D57857047-FollowerState was interrupted: java.lang.InterruptedException: sleep interrupted
2019-10-15 15:56:17,644 [grpc-default-executor-0] INFO  impl.RoleInfo (RoleInfo.java:updateAndGet(143)) - b7ff31bb-ae39-4067-a71c-fb5e6b3a0e64: start FollowerState
2019-10-15 15:56:17,644 [grpc-default-executor-7] INFO  impl.RoleInfo (RoleInfo.java:updateAndGet(143)) - 502b81c0-94cc-42d9-ac22-46124b9f2555: start FollowerState
2019-10-15 15:56:17,644 [Thread-869] INFO  impl.FollowerState (FollowerState.java:run(117)) - 502b81c0-94cc-42d9-ac22-46124b9f2555@group-103D57857047-FollowerState was interrupted: java.lang.InterruptedException: sleep interrupted
2019-10-15 15:56:17,671 [9efa5aa2-6c41-460f-b55e-e6135d265426@group-103D57857047-LeaderElection51] INFO  impl.LeaderElection (LeaderElection.java:logAndReturn(56)) - 9efa5aa2-6c41-460f-b55e-e6135d265426@group-103D57857047-LeaderElection51: Election REJECTED; received 2 response(s) [9efa5aa2-6c41-460f-b55e-e6135d265426<-502b81c0-94cc-42d9-ac22-46124b9f2555#0:FAIL-t46, 9efa5aa2-6c41-460f-b55e-e6135d265426<-b7ff31bb-ae39-4067-a71c-fb5e6b3a0e64#0:FAIL-t46] and 0 exception(s); 9efa5aa2-6c41-460f-b55e-e6135d265426@group-103D57857047:t46, leader=null, voted=9efa5aa2-6c41-460f-b55e-e6135d265426, raftlog=9efa5aa2-6c41-460f-b55e-e6135d265426@group-103D57857047-SegmentedRaftLog:OPENED:c3,f4,i4, conf=0: [502b81c0-94cc-42d9-ac22-46124b9f2555:192.168.69.88:45179, 9efa5aa2-6c41-460f-b55e-e6135d265426:192.168.69.88:35771, b7ff31bb-ae39-4067-a71c-fb5e6b3a0e64:192.168.69.88:37247], old=null
2019-10-15 15:56:17,671 [9efa5aa2-6c41-460f-b55e-e6135d265426@group-103D57857047-LeaderElection51] INFO  impl.RaftServerImpl (RaftServerImpl.java:setRole(184)) - 9efa5aa2-6c41-460f-b55e-e6135d265426@group-103D57857047: changes role from CANDIDATE to FOLLOWER at term 46 for DISCOVERED_A_NEW_TERM
2019-10-15 15:56:17,671 [9efa5aa2-6c41-460f-b55e-e6135d265426@group-103D57857047-LeaderElection51] INFO  impl.RoleInfo (RoleInfo.java:shutdownLeaderElection(134)) - 9efa5aa2-6c41-460f-b55e-e6135d265426: shutdown LeaderElection
2019-10-15 15:56:17,671 [9efa5aa2-6c41-460f-b55e-e6135d265426@group-103D57857047-LeaderElection51] INFO  impl.RoleInfo (RoleInfo.java:updateAndGet(143)) - 9efa5aa2-6c41-460f-b55e-e6135d265426: start FollowerState
2019-10-15 15:56:17,826 [Thread-878] INFO  impl.FollowerState (FollowerState.java:run(108)) - 9efa5aa2-6c41-460f-b55e-e6135d265426@group-103D57857047-FollowerState: change to CANDIDATE, lastRpcTime:154ms, electionTimeout:154ms
2019-10-15 15:56:17,826 [Thread-878] INFO  impl.RoleInfo (RoleInfo.java:shutdownFollowerState(121)) - 9efa5aa2-6c41-460f-b55e-e6135d265426: shutdown FollowerState
2019-10-15 15:56:17,826 [Thread-878] INFO  impl.RaftServerImpl (RaftServerImpl.java:setRole(184)) - 9efa5aa2-6c41-460f-b55e-e6135d265426@group-103D57857047: changes role from  FOLLOWER to CANDIDATE at term 46 for changeToCandidate
2019-10-15 15:56:17,826 [Thread-878] INFO  impl.RoleInfo (RoleInfo.java:updateAndGet(143)) - 9efa5aa2-6c41-460f-b55e-e6135d265426: start LeaderElection
2019-10-15 15:56:17,839 [9efa5aa2-6c41-460f-b55e-e6135d265426@group-103D57857047-LeaderElection52] INFO  impl.LeaderElection (LeaderElection.java:askForVotes(178)) - 9efa5aa2-6c41-460f-b55e-e6135d265426@group-103D57857047-LeaderElection52: begin an election at term 47 for 0: [502b81c0-94cc-42d9-ac22-46124b9f2555:192.168.69.88:45179, 9efa5aa2-6c41-460f-b55e-e6135d265426:192.168.69.88:35771, b7ff31bb-ae39-4067-a71c-fb5e6b3a0e64:192.168.69.88:37247], old=null
2019-10-15 15:56:17,842 [grpc-default-executor-7] INFO  impl.RaftServerImpl (RaftServerImpl.java:setRole(184)) - b7ff31bb-ae39-4067-a71c-fb5e6b3a0e64@group-103D57857047: changes role from  FOLLOWER to FOLLOWER at term 47 for recognizeCandidate:9efa5aa2-6c41-460f-b55e-e6135d265426
2019-10-15 15:56:17,842 [grpc-default-executor-0] INFO  impl.RaftServerImpl (RaftServerImpl.java:setRole(184)) - 502b81c0-94cc-42d9-ac22-46124b9f2555@group-103D57857047: changes role from  FOLLOWER to FOLLOWER at term 47 for recognizeCandidate:9efa5aa2-6c41-460f-b55e-e6135d265426
2019-10-15 15:56:17,842 [grpc-default-executor-7] INFO  impl.RoleInfo (RoleInfo.java:shutdownFollowerState(121)) - b7ff31bb-ae39-4067-a71c-fb5e6b3a0e64: shutdown FollowerState
2019-10-15 15:56:17,842 [grpc-default-executor-0] INFO  impl.RoleInfo (RoleInfo.java:shutdownFollowerState(121)) - 502b81c0-94cc-42d9-ac22-46124b9f2555: shutdown FollowerState
2019-10-15 15:56:17,842 [Thread-875] INFO  impl.FollowerState (FollowerState.java:run(117)) - b7ff31bb-ae39-4067-a71c-fb5e6b3a0e64@group-103D57857047-FollowerState was interrupted: java.lang.InterruptedException: sleep interrupted
2019-10-15 15:56:17,842 [grpc-default-executor-7] INFO  impl.RoleInfo (RoleInfo.java:updateAndGet(143)) - b7ff31bb-ae39-4067-a71c-fb5e6b3a0e64: start FollowerState
2019-10-15 15:56:17,842 [Thread-876] INFO  impl.FollowerState (FollowerState.java:run(117)) - 502b81c0-94cc-42d9-ac22-46124b9f2555@group-103D57857047-FollowerState was interrupted: java.lang.InterruptedException: sleep interrupted
2019-10-15 15:56:17,842 [grpc-default-executor-0] INFO  impl.RoleInfo (RoleInfo.java:updateAndGet(143)) - 502b81c0-94cc-42d9-ac22-46124b9f2555: start FollowerState
2019-10-15 15:56:17,861 [9efa5aa2-6c41-460f-b55e-e6135d265426@group-103D57857047-LeaderElection52] INFO  impl.LeaderElection (LeaderElection.java:logAndReturn(56)) - 9efa5aa2-6c41-460f-b55e-e6135d265426@group-103D57857047-LeaderElection52: Election REJECTED; received 2 response(s) [9efa5aa2-6c41-460f-b55e-e6135d265426<-502b81c0-94cc-42d9-ac22-46124b9f2555#0:FAIL-t47, 9efa5aa2-6c41-460f-b55e-e6135d265426<-b7ff31bb-ae39-4067-a71c-fb5e6b3a0e64#0:FAIL-t47] and 0 exception(s); 9efa5aa2-6c41-460f-b55e-e6135d265426@group-103D57857047:t47, leader=null, voted=9efa5aa2-6c41-460f-b55e-e6135d265426, raftlog=9efa5aa2-6c41-460f-b55e-e6135d265426@group-103D57857047-SegmentedRaftLog:OPENED:c3,f4,i4, conf=0: [502b81c0-94cc-42d9-ac22-46124b9f2555:192.168.69.88:45179, 9efa5aa2-6c41-460f-b55e-e6135d265426:192.168.69.88:35771, b7ff31bb-ae39-4067-a71c-fb5e6b3a0e64:192.168.69.88:37247], old=null
2019-10-15 15:56:17,862 [9efa5aa2-6c41-460f-b55e-e6135d265426@group-103D57857047-LeaderElection52] INFO  impl.RaftServerImpl (RaftServerImpl.java:setRole(184)) - 9efa5aa2-6c41-460f-b55e-e6135d265426@group-103D57857047: changes role from CANDIDATE to FOLLOWER at term 47 for DISCOVERED_A_NEW_TERM
2019-10-15 15:56:17,862 [9efa5aa2-6c41-460f-b55e-e6135d265426@group-103D57857047-LeaderElection52] INFO  impl.RoleInfo (RoleInfo.java:shutdownLeaderElection(134)) - 9efa5aa2-6c41-460f-b55e-e6135d265426: shutdown LeaderElection
2019-10-15 15:56:17,862 [9efa5aa2-6c41-460f-b55e-e6135d265426@group-103D57857047-LeaderElection52] INFO  impl.RoleInfo (RoleInfo.java:updateAndGet(143)) - 9efa5aa2-6c41-460f-b55e-e6135d265426: start FollowerState
2019-10-15 15:56:17,889 [Thread-884] INFO  impl.FollowerState (FollowerState.java:run(108)) - 9efa5aa2-6c41-460f-b55e-e6135d265426@group-103D57857047-FollowerState: change to CANDIDATE, lastRpcTime:27ms, electionTimeout:27ms
2019-10-15 15:56:17,889 [Thread-884] INFO  impl.RoleInfo (RoleInfo.java:shutdownFollowerState(121)) - 9efa5aa2-6c41-460f-b55e-e6135d265426: shutdown FollowerState
2019-10-15 15:56:17,890 [Thread-884] INFO  impl.RaftServerImpl (RaftServerImpl.java:setRole(184)) - 9efa5aa2-6c41-460f-b55e-e6135d265426@group-103D57857047: changes role from  FOLLOWER to CANDIDATE at term 47 for changeToCandidate
2019-10-15 15:56:17,890 [Thread-884] INFO  impl.RoleInfo (RoleInfo.java:updateAndGet(143)) - 9efa5aa2-6c41-460f-b55e-e6135d265426: start LeaderElection
2019-10-15 15:56:17,903 [9efa5aa2-6c41-460f-b55e-e6135d265426@group-103D57857047-LeaderElection53] INFO  impl.LeaderElection (LeaderElection.java:askForVotes(178)) - 9efa5aa2-6c41-460f-b55e-e6135d265426@group-103D57857047-LeaderElection53: begin an election at term 48 for 0: [502b81c0-94cc-42d9-ac22-46124b9f2555:192.168.69.88:45179, 9efa5aa2-6c41-460f-b55e-e6135d265426:192.168.69.88:35771, b7ff31bb-ae39-4067-a71c-fb5e6b3a0e64:192.168.69.88:37247], old=null
2019-10-15 15:56:17,905 [grpc-default-executor-0] INFO  impl.RaftServerImpl (RaftServerImpl.java:setRole(184)) - 502b81c0-94cc-42d9-ac22-46124b9f2555@group-103D57857047: changes role from  FOLLOWER to FOLLOWER at term 48 for recognizeCandidate:9efa5aa2-6c41-460f-b55e-e6135d265426
2019-10-15 15:56:17,905 [grpc-default-executor-7] INFO  impl.RaftServerImpl (RaftServerImpl.java:setRole(184)) - b7ff31bb-ae39-4067-a71c-fb5e6b3a0e64@group-103D57857047: changes role from  FOLLOWER to FOLLOWER at term 48 for recognizeCandidate:9efa5aa2-6c41-460f-b55e-e6135d265426
2019-10-15 15:56:17,905 [grpc-default-executor-0] INFO  impl.RoleInfo (RoleInfo.java:shutdownFollowerState(121)) - 502b81c0-94cc-42d9-ac22-46124b9f2555: shutdown FollowerState
2019-10-15 15:56:17,905 [grpc-default-executor-7] INFO  impl.RoleInfo (RoleInfo.java:shutdownFollowerState(121)) - b7ff31bb-ae39-4067-a71c-fb5e6b3a0e64: shutdown FollowerState
2019-10-15 15:56:17,906 [grpc-default-executor-0] INFO  impl.RoleInfo (RoleInfo.java:updateAndGet(143)) - 502b81c0-94cc-42d9-ac22-46124b9f2555: start FollowerState
2019-10-15 15:56:17,906 [Thread-882] INFO  impl.FollowerState (FollowerState.java:run(117)) - b7ff31bb-ae39-4067-a71c-fb5e6b3a0e64@group-103D57857047-FollowerState was interrupted: java.lang.InterruptedException: sleep interrupted
2019-10-15 15:56:17,906 [grpc-default-executor-7] INFO  impl.RoleInfo (RoleInfo.java:updateAndGet(143)) - b7ff31bb-ae39-4067-a71c-fb5e6b3a0e64: start FollowerState
2019-10-15 15:56:17,906 [Thread-883] INFO  impl.FollowerState (FollowerState.java:run(117)) - 502b81c0-94cc-42d9-ac22-46124b9f2555@group-103D57857047-FollowerState was interrupted: java.lang.InterruptedException: sleep interrupted
2019-10-15 15:56:17,919 [9efa5aa2-6c41-460f-b55e-e6135d265426@group-103D57857047-LeaderElection53] INFO  impl.LeaderElection (LeaderElection.java:logAndReturn(56)) - 9efa5aa2-6c41-460f-b55e-e6135d265426@group-103D57857047-LeaderElection53: Election REJECTED; received 2 response(s) [9efa5aa2-6c41-460f-b55e-e6135d265426<-502b81c0-94cc-42d9-ac22-46124b9f2555#0:FAIL-t48, 9efa5aa2-6c41-460f-b55e-e6135d265426<-b7ff31bb-ae39-4067-a71c-fb5e6b3a0e64#0:FAIL-t48] and 0 exception(s); 9efa5aa2-6c41-460f-b55e-e6135d265426@group-103D57857047:t48, leader=null, voted=9efa5aa2-6c41-460f-b55e-e6135d265426, raftlog=9efa5aa2-6c41-460f-b55e-e6135d265426@group-103D57857047-SegmentedRaftLog:OPENED:c3,f4,i4, conf=0: [502b81c0-94cc-42d9-ac22-46124b9f2555:192.168.69.88:45179, 9efa5aa2-6c41-460f-b55e-e6135d265426:192.168.69.88:35771, b7ff31bb-ae39-4067-a71c-fb5e6b3a0e64:192.168.69.88:37247], old=null
2019-10-15 15:56:17,920 [9efa5aa2-6c41-460f-b55e-e6135d265426@group-103D57857047-LeaderElection53] INFO  impl.RaftServerImpl (RaftServerImpl.java:setRole(184)) - 9efa5aa2-6c41-460f-b55e-e6135d265426@group-103D57857047: changes role from CANDIDATE to FOLLOWER at term 48 for DISCOVERED_A_NEW_TERM
2019-10-15 15:56:17,920 [9efa5aa2-6c41-460f-b55e-e6135d265426@group-103D57857047-LeaderElection53] INFO  impl.RoleInfo (RoleInfo.java:shutdownLeaderElection(134)) - 9efa5aa2-6c41-460f-b55e-e6135d265426: shutdown LeaderElection
2019-10-15 15:56:17,920 [9efa5aa2-6c41-460f-b55e-e6135d265426@group-103D57857047-LeaderElection53] INFO  impl.RoleInfo (RoleInfo.java:updateAndGet(143)) - 9efa5aa2-6c41-460f-b55e-e6135d265426: start FollowerState
2019-10-15 15:56:17,988 [Thread-892] INFO  client.GrpcClientProtocolService (GrpcClientProtocolService.java:lambda$processClientRequest$0(278)) - Failed RaftClientRequest:client-9849FE5BA529->b7ff31bb-ae39-4067-a71c-fb5e6b3a0e64@group-103D57857047, cid=10, seq=0, Watch-ALL_COMMITTED(6), Message:<EMPTY>, reply=RaftClientReply:client-9849FE5BA529->b7ff31bb-ae39-4067-a71c-fb5e6b3a0e64@group-103D57857047, cid=10, FAILED org.apache.ratis.protocol.NotLeaderException: Server b7ff31bb-ae39-4067-a71c-fb5e6b3a0e64@group-103D57857047 is not the leader, logIndex=0, commits[b7ff31bb-ae39-4067-a71c-fb5e6b3a0e64:c10, 502b81c0-94cc-42d9-ac22-46124b9f2555:c10, 9efa5aa2-6c41-460f-b55e-e6135d265426:c4]
2019-10-15 15:56:18,067 [BlockDeletingService#7] WARN  background.BlockDeletingService (BlockDeletingService.java:isDeletionAllowed(187)) - Close Container log Index 6 is not replicated across allthe servers in the pipeline 1cf6151f-af98-4e08-a2d2-103d57857047 as the min replicated index is 4. Deletion is not allowed in this container yet.
2019-10-15 15:56:18,067 [BlockDeletingService#2] WARN  background.BlockDeletingService (BlockDeletingService.java:isDeletionAllowed(187)) - Close Container log Index 6 is not replicated across allthe servers in the pipeline 1cf6151f-af98-4e08-a2d2-103d57857047 as the min replicated index is 4. Deletion is not allowed in this container yet.
2019-10-15 15:56:18,104 [Thread-890] INFO  impl.FollowerState (FollowerState.java:run(108)) - 9efa5aa2-6c41-460f-b55e-e6135d265426@group-103D57857047-FollowerState: change to CANDIDATE, lastRpcTime:184ms, electionTimeout:184ms
2019-10-15 15:56:18,104 [Thread-890] INFO  impl.RoleInfo (RoleInfo.java:shutdownFollowerState(121)) - 9efa5aa2-6c41-460f-b55e-e6135d265426: shutdown FollowerState
2019-10-15 15:56:18,104 [Thread-890] INFO  impl.RaftServerImpl (RaftServerImpl.java:setRole(184)) - 9efa5aa2-6c41-460f-b55e-e6135d265426@group-103D57857047: changes role from  FOLLOWER to CANDIDATE at term 48 for changeToCandidate
2019-10-15 15:56:18,104 [Thread-890] INFO  impl.RoleInfo (RoleInfo.java:updateAndGet(143)) - 9efa5aa2-6c41-460f-b55e-e6135d265426: start LeaderElection
2019-10-15 15:56:18,117 [9efa5aa2-6c41-460f-b55e-e6135d265426@group-103D57857047-LeaderElection54] INFO  impl.LeaderElection (LeaderElection.java:askForVotes(178)) - 9efa5aa2-6c41-460f-b55e-e6135d265426@group-103D57857047-LeaderElection54: begin an election at term 49 for 0: [502b81c0-94cc-42d9-ac22-46124b9f2555:192.168.69.88:45179, 9efa5aa2-6c41-460f-b55e-e6135d265426:192.168.69.88:35771, b7ff31bb-ae39-4067-a71c-fb5e6b3a0e64:192.168.69.88:37247], old=null
2019-10-15 15:56:18,120 [grpc-default-executor-0] INFO  impl.RaftServerImpl (RaftServerImpl.java:setRole(184)) - 502b81c0-94cc-42d9-ac22-46124b9f2555@group-103D57857047: changes role from  FOLLOWER to FOLLOWER at term 49 for recognizeCandidate:9efa5aa2-6c41-460f-b55e-e6135d265426
2019-10-15 15:56:18,120 [grpc-default-executor-7] INFO  impl.RaftServerImpl (RaftServerImpl.java:setRole(184)) - b7ff31bb-ae39-4067-a71c-fb5e6b3a0e64@group-103D57857047: changes role from  FOLLOWER to FOLLOWER at term 49 for recognizeCandidate:9efa5aa2-6c41-460f-b55e-e6135d265426
2019-10-15 15:56:18,120 [grpc-default-executor-0] INFO  impl.RoleInfo (RoleInfo.java:shutdownFollowerState(121)) - 502b81c0-94cc-42d9-ac22-46124b9f2555: shutdown FollowerState
2019-10-15 15:56:18,120 [grpc-default-executor-7] INFO  impl.RoleInfo (RoleInfo.java:shutdownFollowerState(121)) - b7ff31bb-ae39-4067-a71c-fb5e6b3a0e64: shutdown FollowerState
2019-10-15 15:56:18,121 [grpc-default-executor-0] INFO  impl.RoleInfo (RoleInfo.java:updateAndGet(143)) - 502b81c0-94cc-42d9-ac22-46124b9f2555: start FollowerState
2019-10-15 15:56:18,121 [Thread-889] INFO  impl.FollowerState (FollowerState.java:run(117)) - b7ff31bb-ae39-4067-a71c-fb5e6b3a0e64@group-103D57857047-FollowerState was interrupted: java.lang.InterruptedException: sleep interrupted
2019-10-15 15:56:18,121 [grpc-default-executor-7] INFO  impl.RoleInfo (RoleInfo.java:updateAndGet(143)) - b7ff31bb-ae39-4067-a71c-fb5e6b3a0e64: start FollowerState
2019-10-15 15:56:18,121 [Thread-888] INFO  impl.FollowerState (FollowerState.java:run(117)) - 502b81c0-94cc-42d9-ac22-46124b9f2555@group-103D57857047-FollowerState was interrupted: java.lang.InterruptedException: sleep interrupted
2019-10-15 15:56:18,129 [9efa5aa2-6c41-460f-b55e-e6135d265426@group-103D57857047-LeaderElection54] INFO  impl.LeaderElection (LeaderElection.java:logAndReturn(56)) - 9efa5aa2-6c41-460f-b55e-e6135d265426@group-103D57857047-LeaderElection54: Election TIMEOUT; received 0 response(s) [] and 0 exception(s); 9efa5aa2-6c41-460f-b55e-e6135d265426@group-103D57857047:t49, leader=null, voted=9efa5aa2-6c41-460f-b55e-e6135d265426, raftlog=9efa5aa2-6c41-460f-b55e-e6135d265426@group-103D57857047-SegmentedRaftLog:OPENED:c3,f4,i4, conf=0: [502b81c0-94cc-42d9-ac22-46124b9f2555:192.168.69.88:45179, 9efa5aa2-6c41-460f-b55e-e6135d265426:192.168.69.88:35771, b7ff31bb-ae39-4067-a71c-fb5e6b3a0e64:192.168.69.88:37247], old=null
2019-10-15 15:56:18,140 [9efa5aa2-6c41-460f-b55e-e6135d265426@group-103D57857047-LeaderElection54] INFO  impl.LeaderElection (LeaderElection.java:askForVotes(178)) - 9efa5aa2-6c41-460f-b55e-e6135d265426@group-103D57857047-LeaderElection54: begin an election at term 50 for 0: [502b81c0-94cc-42d9-ac22-46124b9f2555:192.168.69.88:45179, 9efa5aa2-6c41-460f-b55e-e6135d265426:192.168.69.88:35771, b7ff31bb-ae39-4067-a71c-fb5e6b3a0e64:192.168.69.88:37247], old=null
2019-10-15 15:56:18,142 [grpc-default-executor-0] INFO  impl.RaftServerImpl (RaftServerImpl.java:setRole(184)) - 502b81c0-94cc-42d9-ac22-46124b9f2555@group-103D57857047: changes role from  FOLLOWER to FOLLOWER at term 50 for recognizeCandidate:9efa5aa2-6c41-460f-b55e-e6135d265426
2019-10-15 15:56:18,142 [grpc-default-executor-0] INFO  impl.RoleInfo (RoleInfo.java:shutdownFollowerState(121)) - 502b81c0-94cc-42d9-ac22-46124b9f2555: shutdown FollowerState
2019-10-15 15:56:18,143 [grpc-default-executor-0] INFO  impl.RoleInfo (RoleInfo.java:updateAndGet(143)) - 502b81c0-94cc-42d9-ac22-46124b9f2555: start FollowerState
2019-10-15 15:56:18,143 [Thread-899] INFO  impl.FollowerState (FollowerState.java:run(117)) - 502b81c0-94cc-42d9-ac22-46124b9f2555@group-103D57857047-FollowerState was interrupted: java.lang.InterruptedException: sleep interrupted
2019-10-15 15:56:18,143 [grpc-default-executor-7] INFO  impl.RaftServerImpl (RaftServerImpl.java:setRole(184)) - b7ff31bb-ae39-4067-a71c-fb5e6b3a0e64@group-103D57857047: changes role from  FOLLOWER to FOLLOWER at term 50 for recognizeCandidate:9efa5aa2-6c41-460f-b55e-e6135d265426
2019-10-15 15:56:18,143 [grpc-default-executor-7] INFO  impl.RoleInfo (RoleInfo.java:shutdownFollowerState(121)) - b7ff31bb-ae39-4067-a71c-fb5e6b3a0e64: shutdown FollowerState
2019-10-15 15:56:18,143 [grpc-default-executor-7] INFO  impl.RoleInfo (RoleInfo.java:updateAndGet(143)) - b7ff31bb-ae39-4067-a71c-fb5e6b3a0e64: start FollowerState
2019-10-15 15:56:18,143 [Thread-900] INFO  impl.FollowerState (FollowerState.java:run(117)) - b7ff31bb-ae39-4067-a71c-fb5e6b3a0e64@group-103D57857047-FollowerState was interrupted: java.lang.InterruptedException: sleep interrupted
2019-10-15 15:56:18,152 [9efa5aa2-6c41-460f-b55e-e6135d265426@group-103D57857047-LeaderElection54] INFO  impl.LeaderElection (LeaderElection.java:logAndReturn(56)) - 9efa5aa2-6c41-460f-b55e-e6135d265426@group-103D57857047-LeaderElection54: Election REJECTED; received 2 response(s) [9efa5aa2-6c41-460f-b55e-e6135d265426<-502b81c0-94cc-42d9-ac22-46124b9f2555#0:FAIL-t50, 9efa5aa2-6c41-460f-b55e-e6135d265426<-b7ff31bb-ae39-4067-a71c-fb5e6b3a0e64#0:FAIL-t50] and 0 exception(s); 9efa5aa2-6c41-460f-b55e-e6135d265426@group-103D57857047:t50, leader=null, voted=9efa5aa2-6c41-460f-b55e-e6135d265426, raftlog=9efa5aa2-6c41-460f-b55e-e6135d265426@group-103D57857047-SegmentedRaftLog:OPENED:c3,f4,i4, conf=0: [502b81c0-94cc-42d9-ac22-46124b9f2555:192.168.69.88:45179, 9efa5aa2-6c41-460f-b55e-e6135d265426:192.168.69.88:35771, b7ff31bb-ae39-4067-a71c-fb5e6b3a0e64:192.168.69.88:37247], old=null
2019-10-15 15:56:18,152 [9efa5aa2-6c41-460f-b55e-e6135d265426@group-103D57857047-LeaderElection54] INFO  impl.RaftServerImpl (RaftServerImpl.java:setRole(184)) - 9efa5aa2-6c41-460f-b55e-e6135d265426@group-103D57857047: changes role from CANDIDATE to FOLLOWER at term 50 for DISCOVERED_A_NEW_TERM
2019-10-15 15:56:18,152 [9efa5aa2-6c41-460f-b55e-e6135d265426@group-103D57857047-LeaderElection54] INFO  impl.RoleInfo (RoleInfo.java:shutdownLeaderElection(134)) - 9efa5aa2-6c41-460f-b55e-e6135d265426: shutdown LeaderElection
2019-10-15 15:56:18,152 [9efa5aa2-6c41-460f-b55e-e6135d265426@group-103D57857047-LeaderElection54] INFO  impl.RoleInfo (RoleInfo.java:updateAndGet(143)) - 9efa5aa2-6c41-460f-b55e-e6135d265426: start FollowerState
2019-10-15 15:56:18,295 [Thread-905] INFO  impl.FollowerState (FollowerState.java:run(108)) - 9efa5aa2-6c41-460f-b55e-e6135d265426@group-103D57857047-FollowerState: change to CANDIDATE, lastRpcTime:142ms, electionTimeout:142ms
2019-10-15 15:56:18,295 [Thread-905] INFO  impl.RoleInfo (RoleInfo.java:shutdownFollowerState(121)) - 9efa5aa2-6c41-460f-b55e-e6135d265426: shutdown FollowerState
2019-10-15 15:56:18,295 [Thread-905] INFO  impl.RaftServerImpl (RaftServerImpl.java:setRole(184)) - 9efa5aa2-6c41-460f-b55e-e6135d265426@group-103D57857047: changes role from  FOLLOWER to CANDIDATE at term 50 for changeToCandidate
2019-10-15 15:56:18,295 [Thread-905] INFO  impl.RoleInfo (RoleInfo.java:updateAndGet(143)) - 9efa5aa2-6c41-460f-b55e-e6135d265426: start LeaderElection
2019-10-15 15:56:18,321 [9efa5aa2-6c41-460f-b55e-e6135d265426@group-103D57857047-LeaderElection55] INFO  impl.LeaderElection (LeaderElection.java:askForVotes(178)) - 9efa5aa2-6c41-460f-b55e-e6135d265426@group-103D57857047-LeaderElection55: begin an election at term 51 for 0: [502b81c0-94cc-42d9-ac22-46124b9f2555:192.168.69.88:45179, 9efa5aa2-6c41-460f-b55e-e6135d265426:192.168.69.88:35771, b7ff31bb-ae39-4067-a71c-fb5e6b3a0e64:192.168.69.88:37247], old=null
2019-10-15 15:56:18,324 [grpc-default-executor-0] INFO  impl.RaftServerImpl (RaftServerImpl.java:setRole(184)) - b7ff31bb-ae39-4067-a71c-fb5e6b3a0e64@group-103D57857047: changes role from  FOLLOWER to FOLLOWER at term 51 for recognizeCandidate:9efa5aa2-6c41-460f-b55e-e6135d265426
2019-10-15 15:56:18,324 [grpc-default-executor-7] INFO  impl.RaftServerImpl (RaftServerImpl.java:setRole(184)) - 502b81c0-94cc-42d9-ac22-46124b9f2555@group-103D57857047: changes role from  FOLLOWER to FOLLOWER at term 51 for recognizeCandidate:9efa5aa2-6c41-460f-b55e-e6135d265426
2019-10-15 15:56:18,325 [grpc-default-executor-0] INFO  impl.RoleInfo (RoleInfo.java:shutdownFollowerState(121)) - b7ff31bb-ae39-4067-a71c-fb5e6b3a0e64: shutdown FollowerState
2019-10-15 15:56:18,325 [grpc-default-executor-7] INFO  impl.RoleInfo (RoleInfo.java:shutdownFollowerState(121)) - 502b81c0-94cc-42d9-ac22-46124b9f2555: shutdown FollowerState
2019-10-15 15:56:18,325 [grpc-default-executor-0] INFO  impl.RoleInfo (RoleInfo.java:updateAndGet(143)) - b7ff31bb-ae39-4067-a71c-fb5e6b3a0e64: start FollowerState
2019-10-15 15:56:18,325 [Thread-904] INFO  impl.FollowerState (FollowerState.java:run(117)) - b7ff31bb-ae39-4067-a71c-fb5e6b3a0e64@group-103D57857047-FollowerState was interrupted: java.lang.InterruptedException: sleep interrupted
2019-10-15 15:56:18,325 [grpc-default-executor-7] INFO  impl.RoleInfo (RoleInfo.java:updateAndGet(143)) - 502b81c0-94cc-42d9-ac22-46124b9f2555: start FollowerState
2019-10-15 15:56:18,325 [Thread-903] INFO  impl.FollowerState (FollowerState.java:run(117)) - 502b81c0-94cc-42d9-ac22-46124b9f2555@group-103D57857047-FollowerState was interrupted: java.lang.InterruptedException: sleep interrupted
2019-10-15 15:56:18,340 [9efa5aa2-6c41-460f-b55e-e6135d265426@group-103D57857047-LeaderElection55] INFO  impl.LeaderElection (LeaderElection.java:logAndReturn(56)) - 9efa5aa2-6c41-460f-b55e-e6135d265426@group-103D57857047-LeaderElection55: Election REJECTED; received 2 response(s) [9efa5aa2-6c41-460f-b55e-e6135d265426<-502b81c0-94cc-42d9-ac22-46124b9f2555#0:FAIL-t51, 9efa5aa2-6c41-460f-b55e-e6135d265426<-b7ff31bb-ae39-4067-a71c-fb5e6b3a0e64#0:FAIL-t51] and 0 exception(s); 9efa5aa2-6c41-460f-b55e-e6135d265426@group-103D57857047:t51, leader=null, voted=9efa5aa2-6c41-460f-b55e-e6135d265426, raftlog=9efa5aa2-6c41-460f-b55e-e6135d265426@group-103D57857047-SegmentedRaftLog:OPENED:c3,f4,i4, conf=0: [502b81c0-94cc-42d9-ac22-46124b9f2555:192.168.69.88:45179, 9efa5aa2-6c41-460f-b55e-e6135d265426:192.168.69.88:35771, b7ff31bb-ae39-4067-a71c-fb5e6b3a0e64:192.168.69.88:37247], old=null
2019-10-15 15:56:18,340 [9efa5aa2-6c41-460f-b55e-e6135d265426@group-103D57857047-LeaderElection55] INFO  impl.RaftServerImpl (RaftServerImpl.java:setRole(184)) - 9efa5aa2-6c41-460f-b55e-e6135d265426@group-103D57857047: changes role from CANDIDATE to FOLLOWER at term 51 for DISCOVERED_A_NEW_TERM
2019-10-15 15:56:18,340 [9efa5aa2-6c41-460f-b55e-e6135d265426@group-103D57857047-LeaderElection55] INFO  impl.RoleInfo (RoleInfo.java:shutdownLeaderElection(134)) - 9efa5aa2-6c41-460f-b55e-e6135d265426: shutdown LeaderElection
2019-10-15 15:56:18,340 [9efa5aa2-6c41-460f-b55e-e6135d265426@group-103D57857047-LeaderElection55] INFO  impl.RoleInfo (RoleInfo.java:updateAndGet(143)) - 9efa5aa2-6c41-460f-b55e-e6135d265426: start FollowerState
2019-10-15 15:56:18,362 [Thread-911] INFO  impl.FollowerState (FollowerState.java:run(108)) - 9efa5aa2-6c41-460f-b55e-e6135d265426@group-103D57857047-FollowerState: change to CANDIDATE, lastRpcTime:21ms, electionTimeout:21ms
2019-10-15 15:56:18,362 [Thread-911] INFO  impl.RoleInfo (RoleInfo.java:shutdownFollowerState(121)) - 9efa5aa2-6c41-460f-b55e-e6135d265426: shutdown FollowerState
2019-10-15 15:56:18,362 [Thread-911] INFO  impl.RaftServerImpl (RaftServerImpl.java:setRole(184)) - 9efa5aa2-6c41-460f-b55e-e6135d265426@group-103D57857047: changes role from  FOLLOWER to CANDIDATE at term 51 for changeToCandidate
2019-10-15 15:56:18,362 [Thread-911] INFO  impl.RoleInfo (RoleInfo.java:updateAndGet(143)) - 9efa5aa2-6c41-460f-b55e-e6135d265426: start LeaderElection
2019-10-15 15:56:18,378 [9efa5aa2-6c41-460f-b55e-e6135d265426@group-103D57857047-LeaderElection56] INFO  impl.LeaderElection (LeaderElection.java:askForVotes(178)) - 9efa5aa2-6c41-460f-b55e-e6135d265426@group-103D57857047-LeaderElection56: begin an election at term 52 for 0: [502b81c0-94cc-42d9-ac22-46124b9f2555:192.168.69.88:45179, 9efa5aa2-6c41-460f-b55e-e6135d265426:192.168.69.88:35771, b7ff31bb-ae39-4067-a71c-fb5e6b3a0e64:192.168.69.88:37247], old=null
2019-10-15 15:56:18,381 [grpc-default-executor-0] INFO  impl.RaftServerImpl (RaftServerImpl.java:setRole(184)) - 502b81c0-94cc-42d9-ac22-46124b9f2555@group-103D57857047: changes role from  FOLLOWER to FOLLOWER at term 52 for recognizeCandidate:9efa5aa2-6c41-460f-b55e-e6135d265426
2019-10-15 15:56:18,381 [grpc-default-executor-0] INFO  impl.RoleInfo (RoleInfo.java:shutdownFollowerState(121)) - 502b81c0-94cc-42d9-ac22-46124b9f2555: shutdown FollowerState
2019-10-15 15:56:18,381 [grpc-default-executor-7] INFO  impl.RaftServerImpl (RaftServerImpl.java:setRole(184)) - b7ff31bb-ae39-4067-a71c-fb5e6b3a0e64@group-103D57857047: changes role from  FOLLOWER to FOLLOWER at term 52 for recognizeCandidate:9efa5aa2-6c41-460f-b55e-e6135d265426
2019-10-15 15:56:18,381 [Thread-910] INFO  impl.FollowerState (FollowerState.java:run(117)) - 502b81c0-94cc-42d9-ac22-46124b9f2555@group-103D57857047-FollowerState was interrupted: java.lang.InterruptedException: sleep interrupted
2019-10-15 15:56:18,381 [grpc-default-executor-0] INFO  impl.RoleInfo (RoleInfo.java:updateAndGet(143)) - 502b81c0-94cc-42d9-ac22-46124b9f2555: start FollowerState
2019-10-15 15:56:18,381 [grpc-default-executor-7] INFO  impl.RoleInfo (RoleInfo.java:shutdownFollowerState(121)) - b7ff31bb-ae39-4067-a71c-fb5e6b3a0e64: shutdown FollowerState
2019-10-15 15:56:18,382 [grpc-default-executor-7] INFO  impl.RoleInfo (RoleInfo.java:updateAndGet(143)) - b7ff31bb-ae39-4067-a71c-fb5e6b3a0e64: start FollowerState
2019-10-15 15:56:18,382 [Thread-909] INFO  impl.FollowerState (FollowerState.java:run(117)) - b7ff31bb-ae39-4067-a71c-fb5e6b3a0e64@group-103D57857047-FollowerState was interrupted: java.lang.InterruptedException: sleep interrupted
2019-10-15 15:56:18,391 [9efa5aa2-6c41-460f-b55e-e6135d265426@group-103D57857047-LeaderElection56] INFO  impl.LeaderElection (LeaderElection.java:logAndReturn(56)) - 9efa5aa2-6c41-460f-b55e-e6135d265426@group-103D57857047-LeaderElection56: Election REJECTED; received 2 response(s) [9efa5aa2-6c41-460f-b55e-e6135d265426<-502b81c0-94cc-42d9-ac22-46124b9f2555#0:FAIL-t52, 9efa5aa2-6c41-460f-b55e-e6135d265426<-b7ff31bb-ae39-4067-a71c-fb5e6b3a0e64#0:FAIL-t52] and 0 exception(s); 9efa5aa2-6c41-460f-b55e-e6135d265426@group-103D57857047:t52, leader=null, voted=9efa5aa2-6c41-460f-b55e-e6135d265426, raftlog=9efa5aa2-6c41-460f-b55e-e6135d265426@group-103D57857047-SegmentedRaftLog:OPENED:c3,f4,i4, conf=0: [502b81c0-94cc-42d9-ac22-46124b9f2555:192.168.69.88:45179, 9efa5aa2-6c41-460f-b55e-e6135d265426:192.168.69.88:35771, b7ff31bb-ae39-4067-a71c-fb5e6b3a0e64:192.168.69.88:37247], old=null
2019-10-15 15:56:18,391 [9efa5aa2-6c41-460f-b55e-e6135d265426@group-103D57857047-LeaderElection56] INFO  impl.RaftServerImpl (RaftServerImpl.java:setRole(184)) - 9efa5aa2-6c41-460f-b55e-e6135d265426@group-103D57857047: changes role from CANDIDATE to FOLLOWER at term 52 for DISCOVERED_A_NEW_TERM
2019-10-15 15:56:18,391 [9efa5aa2-6c41-460f-b55e-e6135d265426@group-103D57857047-LeaderElection56] INFO  impl.RoleInfo (RoleInfo.java:shutdownLeaderElection(134)) - 9efa5aa2-6c41-460f-b55e-e6135d265426: shutdown LeaderElection
2019-10-15 15:56:18,391 [9efa5aa2-6c41-460f-b55e-e6135d265426@group-103D57857047-LeaderElection56] INFO  impl.RoleInfo (RoleInfo.java:updateAndGet(143)) - 9efa5aa2-6c41-460f-b55e-e6135d265426: start FollowerState
2019-10-15 15:56:18,537 [Thread-917] INFO  impl.FollowerState (FollowerState.java:run(108)) - 9efa5aa2-6c41-460f-b55e-e6135d265426@group-103D57857047-FollowerState: change to CANDIDATE, lastRpcTime:145ms, electionTimeout:145ms
2019-10-15 15:56:18,537 [Thread-917] INFO  impl.RoleInfo (RoleInfo.java:shutdownFollowerState(121)) - 9efa5aa2-6c41-460f-b55e-e6135d265426: shutdown FollowerState
2019-10-15 15:56:18,537 [Thread-917] INFO  impl.RaftServerImpl (RaftServerImpl.java:setRole(184)) - 9efa5aa2-6c41-460f-b55e-e6135d265426@group-103D57857047: changes role from  FOLLOWER to CANDIDATE at term 52 for changeToCandidate
2019-10-15 15:56:18,537 [Thread-917] INFO  impl.RoleInfo (RoleInfo.java:updateAndGet(143)) - 9efa5aa2-6c41-460f-b55e-e6135d265426: start LeaderElection
2019-10-15 15:56:18,552 [9efa5aa2-6c41-460f-b55e-e6135d265426@group-103D57857047-LeaderElection57] INFO  impl.LeaderElection (LeaderElection.java:askForVotes(178)) - 9efa5aa2-6c41-460f-b55e-e6135d265426@group-103D57857047-LeaderElection57: begin an election at term 53 for 0: [502b81c0-94cc-42d9-ac22-46124b9f2555:192.168.69.88:45179, 9efa5aa2-6c41-460f-b55e-e6135d265426:192.168.69.88:35771, b7ff31bb-ae39-4067-a71c-fb5e6b3a0e64:192.168.69.88:37247], old=null
2019-10-15 15:56:18,554 [grpc-default-executor-0] INFO  impl.RaftServerImpl (RaftServerImpl.java:setRole(184)) - b7ff31bb-ae39-4067-a71c-fb5e6b3a0e64@group-103D57857047: changes role from  FOLLOWER to FOLLOWER at term 53 for recognizeCandidate:9efa5aa2-6c41-460f-b55e-e6135d265426
2019-10-15 15:56:18,554 [grpc-default-executor-7] INFO  impl.RaftServerImpl (RaftServerImpl.java:setRole(184)) - 502b81c0-94cc-42d9-ac22-46124b9f2555@group-103D57857047: changes role from  FOLLOWER to FOLLOWER at term 53 for recognizeCandidate:9efa5aa2-6c41-460f-b55e-e6135d265426
2019-10-15 15:56:18,555 [grpc-default-executor-0] INFO  impl.RoleInfo (RoleInfo.java:shutdownFollowerState(121)) - b7ff31bb-ae39-4067-a71c-fb5e6b3a0e64: shutdown FollowerState
2019-10-15 15:56:18,555 [grpc-default-executor-7] INFO  impl.RoleInfo (RoleInfo.java:shutdownFollowerState(121)) - 502b81c0-94cc-42d9-ac22-46124b9f2555: shutdown FollowerState
2019-10-15 15:56:18,555 [Thread-916] INFO  impl.FollowerState (FollowerState.java:run(117)) - b7ff31bb-ae39-4067-a71c-fb5e6b3a0e64@group-103D57857047-FollowerState was interrupted: java.lang.InterruptedException: sleep interrupted
2019-10-15 15:56:18,555 [grpc-default-executor-0] INFO  impl.RoleInfo (RoleInfo.java:updateAndGet(143)) - b7ff31bb-ae39-4067-a71c-fb5e6b3a0e64: start FollowerState
2019-10-15 15:56:18,555 [grpc-default-executor-7] INFO  impl.RoleInfo (RoleInfo.java:updateAndGet(143)) - 502b81c0-94cc-42d9-ac22-46124b9f2555: start FollowerState
2019-10-15 15:56:18,555 [Thread-915] INFO  impl.FollowerState (FollowerState.java:run(117)) - 502b81c0-94cc-42d9-ac22-46124b9f2555@group-103D57857047-FollowerState was interrupted: java.lang.InterruptedException: sleep interrupted
2019-10-15 15:56:18,572 [9efa5aa2-6c41-460f-b55e-e6135d265426@group-103D57857047-LeaderElection57] INFO  impl.LeaderElection (LeaderElection.java:logAndReturn(56)) - 9efa5aa2-6c41-460f-b55e-e6135d265426@group-103D57857047-LeaderElection57: Election REJECTED; received 2 response(s) [9efa5aa2-6c41-460f-b55e-e6135d265426<-502b81c0-94cc-42d9-ac22-46124b9f2555#0:FAIL-t53, 9efa5aa2-6c41-460f-b55e-e6135d265426<-b7ff31bb-ae39-4067-a71c-fb5e6b3a0e64#0:FAIL-t53] and 0 exception(s); 9efa5aa2-6c41-460f-b55e-e6135d265426@group-103D57857047:t53, leader=null, voted=9efa5aa2-6c41-460f-b55e-e6135d265426, raftlog=9efa5aa2-6c41-460f-b55e-e6135d265426@group-103D57857047-SegmentedRaftLog:OPENED:c3,f4,i4, conf=0: [502b81c0-94cc-42d9-ac22-46124b9f2555:192.168.69.88:45179, 9efa5aa2-6c41-460f-b55e-e6135d265426:192.168.69.88:35771, b7ff31bb-ae39-4067-a71c-fb5e6b3a0e64:192.168.69.88:37247], old=null
2019-10-15 15:56:18,573 [9efa5aa2-6c41-460f-b55e-e6135d265426@group-103D57857047-LeaderElection57] INFO  impl.RaftServerImpl (RaftServerImpl.java:setRole(184)) - 9efa5aa2-6c41-460f-b55e-e6135d265426@group-103D57857047: changes role from CANDIDATE to FOLLOWER at term 53 for DISCOVERED_A_NEW_TERM
2019-10-15 15:56:18,573 [9efa5aa2-6c41-460f-b55e-e6135d265426@group-103D57857047-LeaderElection57] INFO  impl.RoleInfo (RoleInfo.java:shutdownLeaderElection(134)) - 9efa5aa2-6c41-460f-b55e-e6135d265426: shutdown LeaderElection
2019-10-15 15:56:18,573 [9efa5aa2-6c41-460f-b55e-e6135d265426@group-103D57857047-LeaderElection57] INFO  impl.RoleInfo (RoleInfo.java:updateAndGet(143)) - 9efa5aa2-6c41-460f-b55e-e6135d265426: start FollowerState
2019-10-15 15:56:18,677 [Thread-925] INFO  impl.FollowerState (FollowerState.java:run(108)) - 9efa5aa2-6c41-460f-b55e-e6135d265426@group-103D57857047-FollowerState: change to CANDIDATE, lastRpcTime:104ms, electionTimeout:104ms
2019-10-15 15:56:18,677 [Thread-925] INFO  impl.RoleInfo (RoleInfo.java:shutdownFollowerState(121)) - 9efa5aa2-6c41-460f-b55e-e6135d265426: shutdown FollowerState
2019-10-15 15:56:18,678 [Thread-925] INFO  impl.RaftServerImpl (RaftServerImpl.java:setRole(184)) - 9efa5aa2-6c41-460f-b55e-e6135d265426@group-103D57857047: changes role from  FOLLOWER to CANDIDATE at term 53 for changeToCandidate
2019-10-15 15:56:18,678 [Thread-925] INFO  impl.RoleInfo (RoleInfo.java:updateAndGet(143)) - 9efa5aa2-6c41-460f-b55e-e6135d265426: start LeaderElection
2019-10-15 15:56:18,682 [9efa5aa2-6c41-460f-b55e-e6135d265426@group-103D57857047-LeaderElection58] INFO  impl.LeaderElection (LeaderElection.java:askForVotes(178)) - 9efa5aa2-6c41-460f-b55e-e6135d265426@group-103D57857047-LeaderElection58: begin an election at term 54 for 0: [502b81c0-94cc-42d9-ac22-46124b9f2555:192.168.69.88:45179, 9efa5aa2-6c41-460f-b55e-e6135d265426:192.168.69.88:35771, b7ff31bb-ae39-4067-a71c-fb5e6b3a0e64:192.168.69.88:37247], old=null
2019-10-15 15:56:18,687 [grpc-default-executor-0] INFO  impl.RaftServerImpl (RaftServerImpl.java:setRole(184)) - b7ff31bb-ae39-4067-a71c-fb5e6b3a0e64@group-103D57857047: changes role from  FOLLOWER to FOLLOWER at term 54 for recognizeCandidate:9efa5aa2-6c41-460f-b55e-e6135d265426
2019-10-15 15:56:18,687 [grpc-default-executor-7] INFO  impl.RaftServerImpl (RaftServerImpl.java:setRole(184)) - 502b81c0-94cc-42d9-ac22-46124b9f2555@group-103D57857047: changes role from  FOLLOWER to FOLLOWER at term 54 for recognizeCandidate:9efa5aa2-6c41-460f-b55e-e6135d265426
2019-10-15 15:56:18,687 [grpc-default-executor-0] INFO  impl.RoleInfo (RoleInfo.java:shutdownFollowerState(121)) - b7ff31bb-ae39-4067-a71c-fb5e6b3a0e64: shutdown FollowerState
2019-10-15 15:56:18,687 [grpc-default-executor-7] INFO  impl.RoleInfo (RoleInfo.java:shutdownFollowerState(121)) - 502b81c0-94cc-42d9-ac22-46124b9f2555: shutdown FollowerState
2019-10-15 15:56:18,687 [Thread-923] INFO  impl.FollowerState (FollowerState.java:run(117)) - b7ff31bb-ae39-4067-a71c-fb5e6b3a0e64@group-103D57857047-FollowerState was interrupted: java.lang.InterruptedException: sleep interrupted
2019-10-15 15:56:18,688 [Thread-924] INFO  impl.FollowerState (FollowerState.java:run(117)) - 502b81c0-94cc-42d9-ac22-46124b9f2555@group-103D57857047-FollowerState was interrupted: java.lang.InterruptedException: sleep interrupted
2019-10-15 15:56:18,687 [grpc-default-executor-0] INFO  impl.RoleInfo (RoleInfo.java:updateAndGet(143)) - b7ff31bb-ae39-4067-a71c-fb5e6b3a0e64: start FollowerState
2019-10-15 15:56:18,688 [grpc-default-executor-7] INFO  impl.RoleInfo (RoleInfo.java:updateAndGet(143)) - 502b81c0-94cc-42d9-ac22-46124b9f2555: start FollowerState
2019-10-15 15:56:18,693 [9efa5aa2-6c41-460f-b55e-e6135d265426@group-103D57857047-LeaderElection58] INFO  impl.LeaderElection (LeaderElection.java:logAndReturn(56)) - 9efa5aa2-6c41-460f-b55e-e6135d265426@group-103D57857047-LeaderElection58: Election REJECTED; received 2 response(s) [9efa5aa2-6c41-460f-b55e-e6135d265426<-502b81c0-94cc-42d9-ac22-46124b9f2555#0:FAIL-t54, 9efa5aa2-6c41-460f-b55e-e6135d265426<-b7ff31bb-ae39-4067-a71c-fb5e6b3a0e64#0:FAIL-t54] and 0 exception(s); 9efa5aa2-6c41-460f-b55e-e6135d265426@group-103D57857047:t54, leader=null, voted=9efa5aa2-6c41-460f-b55e-e6135d265426, raftlog=9efa5aa2-6c41-460f-b55e-e6135d265426@group-103D57857047-SegmentedRaftLog:OPENED:c3,f4,i4, conf=0: [502b81c0-94cc-42d9-ac22-46124b9f2555:192.168.69.88:45179, 9efa5aa2-6c41-460f-b55e-e6135d265426:192.168.69.88:35771, b7ff31bb-ae39-4067-a71c-fb5e6b3a0e64:192.168.69.88:37247], old=null
2019-10-15 15:56:18,693 [9efa5aa2-6c41-460f-b55e-e6135d265426@group-103D57857047-LeaderElection58] INFO  impl.RaftServerImpl (RaftServerImpl.java:setRole(184)) - 9efa5aa2-6c41-460f-b55e-e6135d265426@group-103D57857047: changes role from CANDIDATE to FOLLOWER at term 54 for DISCOVERED_A_NEW_TERM
2019-10-15 15:56:18,693 [9efa5aa2-6c41-460f-b55e-e6135d265426@group-103D57857047-LeaderElection58] INFO  impl.RoleInfo (RoleInfo.java:shutdownLeaderElection(134)) - 9efa5aa2-6c41-460f-b55e-e6135d265426: shutdown LeaderElection
2019-10-15 15:56:18,693 [9efa5aa2-6c41-460f-b55e-e6135d265426@group-103D57857047-LeaderElection58] INFO  impl.RoleInfo (RoleInfo.java:updateAndGet(143)) - 9efa5aa2-6c41-460f-b55e-e6135d265426: start FollowerState
2019-10-15 15:56:18,885 [Thread-932] INFO  impl.FollowerState (FollowerState.java:run(108)) - 9efa5aa2-6c41-460f-b55e-e6135d265426@group-103D57857047-FollowerState: change to CANDIDATE, lastRpcTime:192ms, electionTimeout:192ms
2019-10-15 15:56:18,886 [Thread-932] INFO  impl.RoleInfo (RoleInfo.java:shutdownFollowerState(121)) - 9efa5aa2-6c41-460f-b55e-e6135d265426: shutdown FollowerState
2019-10-15 15:56:18,886 [Thread-932] INFO  impl.RaftServerImpl (RaftServerImpl.java:setRole(184)) - 9efa5aa2-6c41-460f-b55e-e6135d265426@group-103D57857047: changes role from  FOLLOWER to CANDIDATE at term 54 for changeToCandidate
2019-10-15 15:56:18,886 [Thread-932] INFO  impl.RoleInfo (RoleInfo.java:updateAndGet(143)) - 9efa5aa2-6c41-460f-b55e-e6135d265426: start LeaderElection
2019-10-15 15:56:18,924 [9efa5aa2-6c41-460f-b55e-e6135d265426@group-103D57857047-LeaderElection59] INFO  impl.LeaderElection (LeaderElection.java:askForVotes(178)) - 9efa5aa2-6c41-460f-b55e-e6135d265426@group-103D57857047-LeaderElection59: begin an election at term 55 for 0: [502b81c0-94cc-42d9-ac22-46124b9f2555:192.168.69.88:45179, 9efa5aa2-6c41-460f-b55e-e6135d265426:192.168.69.88:35771, b7ff31bb-ae39-4067-a71c-fb5e6b3a0e64:192.168.69.88:37247], old=null
2019-10-15 15:56:18,929 [grpc-default-executor-0] INFO  impl.RaftServerImpl (RaftServerImpl.java:setRole(184)) - b7ff31bb-ae39-4067-a71c-fb5e6b3a0e64@group-103D57857047: changes role from  FOLLOWER to FOLLOWER at term 55 for recognizeCandidate:9efa5aa2-6c41-460f-b55e-e6135d265426
2019-10-15 15:56:18,929 [grpc-default-executor-7] INFO  impl.RaftServerImpl (RaftServerImpl.java:setRole(184)) - 502b81c0-94cc-42d9-ac22-46124b9f2555@group-103D57857047: changes role from  FOLLOWER to FOLLOWER at term 55 for recognizeCandidate:9efa5aa2-6c41-460f-b55e-e6135d265426
2019-10-15 15:56:18,929 [grpc-default-executor-0] INFO  impl.RoleInfo (RoleInfo.java:shutdownFollowerState(121)) - b7ff31bb-ae39-4067-a71c-fb5e6b3a0e64: shutdown FollowerState
2019-10-15 15:56:18,929 [grpc-default-executor-7] INFO  impl.RoleInfo (RoleInfo.java:shutdownFollowerState(121)) - 502b81c0-94cc-42d9-ac22-46124b9f2555: shutdown FollowerState
2019-10-15 15:56:18,929 [grpc-default-executor-0] INFO  impl.RoleInfo (RoleInfo.java:updateAndGet(143)) - b7ff31bb-ae39-4067-a71c-fb5e6b3a0e64: start FollowerState
2019-10-15 15:56:18,929 [Thread-931] INFO  impl.FollowerState (FollowerState.java:run(117)) - 502b81c0-94cc-42d9-ac22-46124b9f2555@group-103D57857047-FollowerState was interrupted: java.lang.InterruptedException: sleep interrupted
2019-10-15 15:56:18,929 [grpc-default-executor-7] INFO  impl.RoleInfo (RoleInfo.java:updateAndGet(143)) - 502b81c0-94cc-42d9-ac22-46124b9f2555: start FollowerState
2019-10-15 15:56:18,929 [Thread-930] INFO  impl.FollowerState (FollowerState.java:run(117)) - b7ff31bb-ae39-4067-a71c-fb5e6b3a0e64@group-103D57857047-FollowerState was interrupted: java.lang.InterruptedException: sleep interrupted
2019-10-15 15:56:18,947 [9efa5aa2-6c41-460f-b55e-e6135d265426@group-103D57857047-LeaderElection59] INFO  impl.LeaderElection (LeaderElection.java:logAndReturn(56)) - 9efa5aa2-6c41-460f-b55e-e6135d265426@group-103D57857047-LeaderElection59: Election REJECTED; received 2 response(s) [9efa5aa2-6c41-460f-b55e-e6135d265426<-502b81c0-94cc-42d9-ac22-46124b9f2555#0:FAIL-t55, 9efa5aa2-6c41-460f-b55e-e6135d265426<-b7ff31bb-ae39-4067-a71c-fb5e6b3a0e64#0:FAIL-t55] and 0 exception(s); 9efa5aa2-6c41-460f-b55e-e6135d265426@group-103D57857047:t55, leader=null, voted=9efa5aa2-6c41-460f-b55e-e6135d265426, raftlog=9efa5aa2-6c41-460f-b55e-e6135d265426@group-103D57857047-SegmentedRaftLog:OPENED:c3,f4,i4, conf=0: [502b81c0-94cc-42d9-ac22-46124b9f2555:192.168.69.88:45179, 9efa5aa2-6c41-460f-b55e-e6135d265426:192.168.69.88:35771, b7ff31bb-ae39-4067-a71c-fb5e6b3a0e64:192.168.69.88:37247], old=null
2019-10-15 15:56:18,947 [9efa5aa2-6c41-460f-b55e-e6135d265426@group-103D57857047-LeaderElection59] INFO  impl.RaftServerImpl (RaftServerImpl.java:setRole(184)) - 9efa5aa2-6c41-460f-b55e-e6135d265426@group-103D57857047: changes role from CANDIDATE to FOLLOWER at term 55 for DISCOVERED_A_NEW_TERM
2019-10-15 15:56:18,947 [9efa5aa2-6c41-460f-b55e-e6135d265426@group-103D57857047-LeaderElection59] INFO  impl.RoleInfo (RoleInfo.java:shutdownLeaderElection(134)) - 9efa5aa2-6c41-460f-b55e-e6135d265426: shutdown LeaderElection
2019-10-15 15:56:18,947 [9efa5aa2-6c41-460f-b55e-e6135d265426@group-103D57857047-LeaderElection59] INFO  impl.RoleInfo (RoleInfo.java:updateAndGet(143)) - 9efa5aa2-6c41-460f-b55e-e6135d265426: start FollowerState
2019-10-15 15:56:19,006 [Thread-940] INFO  client.GrpcClientProtocolService (GrpcClientProtocolService.java:lambda$processClientRequest$0(278)) - Failed RaftClientRequest:client-9849FE5BA529->502b81c0-94cc-42d9-ac22-46124b9f2555@group-103D57857047, cid=10, seq=0, Watch-ALL_COMMITTED(6), Message:<EMPTY>, reply=RaftClientReply:client-9849FE5BA529->502b81c0-94cc-42d9-ac22-46124b9f2555@group-103D57857047, cid=10, FAILED org.apache.ratis.protocol.NotLeaderException: Server 502b81c0-94cc-42d9-ac22-46124b9f2555@group-103D57857047 is not the leader, logIndex=0, commits[502b81c0-94cc-42d9-ac22-46124b9f2555:c10, 9efa5aa2-6c41-460f-b55e-e6135d265426:c4, b7ff31bb-ae39-4067-a71c-fb5e6b3a0e64:c10]
2019-10-15 15:56:19,069 [BlockDeletingService#2] WARN  background.BlockDeletingService (BlockDeletingService.java:isDeletionAllowed(187)) - Close Container log Index 6 is not replicated across allthe servers in the pipeline 1cf6151f-af98-4e08-a2d2-103d57857047 as the min replicated index is 4. Deletion is not allowed in this container yet.
2019-10-15 15:56:19,069 [BlockDeletingService#7] WARN  background.BlockDeletingService (BlockDeletingService.java:isDeletionAllowed(187)) - Close Container log Index 6 is not replicated across allthe servers in the pipeline 1cf6151f-af98-4e08-a2d2-103d57857047 as the min replicated index is 4. Deletion is not allowed in this container yet.
2019-10-15 15:56:19,103 [Thread-938] INFO  impl.FollowerState (FollowerState.java:run(108)) - 9efa5aa2-6c41-460f-b55e-e6135d265426@group-103D57857047-FollowerState: change to CANDIDATE, lastRpcTime:155ms, electionTimeout:155ms
2019-10-15 15:56:19,103 [Thread-938] INFO  impl.RoleInfo (RoleInfo.java:shutdownFollowerState(121)) - 9efa5aa2-6c41-460f-b55e-e6135d265426: shutdown FollowerState
2019-10-15 15:56:19,103 [Thread-938] INFO  impl.RaftServerImpl (RaftServerImpl.java:setRole(184)) - 9efa5aa2-6c41-460f-b55e-e6135d265426@group-103D57857047: changes role from  FOLLOWER to CANDIDATE at term 55 for changeToCandidate
2019-10-15 15:56:19,103 [Thread-938] INFO  impl.RoleInfo (RoleInfo.java:updateAndGet(143)) - 9efa5aa2-6c41-460f-b55e-e6135d265426: start LeaderElection
2019-10-15 15:56:19,119 [9efa5aa2-6c41-460f-b55e-e6135d265426@group-103D57857047-LeaderElection60] INFO  impl.LeaderElection (LeaderElection.java:askForVotes(178)) - 9efa5aa2-6c41-460f-b55e-e6135d265426@group-103D57857047-LeaderElection60: begin an election at term 56 for 0: [502b81c0-94cc-42d9-ac22-46124b9f2555:192.168.69.88:45179, 9efa5aa2-6c41-460f-b55e-e6135d265426:192.168.69.88:35771, b7ff31bb-ae39-4067-a71c-fb5e6b3a0e64:192.168.69.88:37247], old=null
2019-10-15 15:56:19,122 [grpc-default-executor-7] INFO  impl.RaftServerImpl (RaftServerImpl.java:setRole(184)) - b7ff31bb-ae39-4067-a71c-fb5e6b3a0e64@group-103D57857047: changes role from  FOLLOWER to FOLLOWER at term 56 for recognizeCandidate:9efa5aa2-6c41-460f-b55e-e6135d265426
2019-10-15 15:56:19,122 [grpc-default-executor-7] INFO  impl.RoleInfo (RoleInfo.java:shutdownFollowerState(121)) - b7ff31bb-ae39-4067-a71c-fb5e6b3a0e64: shutdown FollowerState
2019-10-15 15:56:19,123 [grpc-default-executor-7] INFO  impl.RoleInfo (RoleInfo.java:updateAndGet(143)) - b7ff31bb-ae39-4067-a71c-fb5e6b3a0e64: start FollowerState
2019-10-15 15:56:19,123 [grpc-default-executor-0] INFO  impl.RaftServerImpl (RaftServerImpl.java:setRole(184)) - 502b81c0-94cc-42d9-ac22-46124b9f2555@group-103D57857047: changes role from  FOLLOWER to FOLLOWER at term 56 for recognizeCandidate:9efa5aa2-6c41-460f-b55e-e6135d265426
2019-10-15 15:56:19,123 [Thread-936] INFO  impl.FollowerState (FollowerState.java:run(117)) - b7ff31bb-ae39-4067-a71c-fb5e6b3a0e64@group-103D57857047-FollowerState was interrupted: java.lang.InterruptedException: sleep interrupted
2019-10-15 15:56:19,123 [grpc-default-executor-0] INFO  impl.RoleInfo (RoleInfo.java:shutdownFollowerState(121)) - 502b81c0-94cc-42d9-ac22-46124b9f2555: shutdown FollowerState
2019-10-15 15:56:19,123 [grpc-default-executor-0] INFO  impl.RoleInfo (RoleInfo.java:updateAndGet(143)) - 502b81c0-94cc-42d9-ac22-46124b9f2555: start FollowerState
2019-10-15 15:56:19,123 [Thread-937] INFO  impl.FollowerState (FollowerState.java:run(117)) - 502b81c0-94cc-42d9-ac22-46124b9f2555@group-103D57857047-FollowerState was interrupted: java.lang.InterruptedException: sleep interrupted
2019-10-15 15:56:19,137 [9efa5aa2-6c41-460f-b55e-e6135d265426@group-103D57857047-LeaderElection60] INFO  impl.LeaderElection (LeaderElection.java:logAndReturn(56)) - 9efa5aa2-6c41-460f-b55e-e6135d265426@group-103D57857047-LeaderElection60: Election REJECTED; received 2 response(s) [9efa5aa2-6c41-460f-b55e-e6135d265426<-502b81c0-94cc-42d9-ac22-46124b9f2555#0:FAIL-t56, 9efa5aa2-6c41-460f-b55e-e6135d265426<-b7ff31bb-ae39-4067-a71c-fb5e6b3a0e64#0:FAIL-t56] and 0 exception(s); 9efa5aa2-6c41-460f-b55e-e6135d265426@group-103D57857047:t56, leader=null, voted=9efa5aa2-6c41-460f-b55e-e6135d265426, raftlog=9efa5aa2-6c41-460f-b55e-e6135d265426@group-103D57857047-SegmentedRaftLog:OPENED:c3,f4,i4, conf=0: [502b81c0-94cc-42d9-ac22-46124b9f2555:192.168.69.88:45179, 9efa5aa2-6c41-460f-b55e-e6135d265426:192.168.69.88:35771, b7ff31bb-ae39-4067-a71c-fb5e6b3a0e64:192.168.69.88:37247], old=null
2019-10-15 15:56:19,138 [9efa5aa2-6c41-460f-b55e-e6135d265426@group-103D57857047-LeaderElection60] INFO  impl.RaftServerImpl (RaftServerImpl.java:setRole(184)) - 9efa5aa2-6c41-460f-b55e-e6135d265426@group-103D57857047: changes role from CANDIDATE to FOLLOWER at term 56 for DISCOVERED_A_NEW_TERM
2019-10-15 15:56:19,138 [9efa5aa2-6c41-460f-b55e-e6135d265426@group-103D57857047-LeaderElection60] INFO  impl.RoleInfo (RoleInfo.java:shutdownLeaderElection(134)) - 9efa5aa2-6c41-460f-b55e-e6135d265426: shutdown LeaderElection
2019-10-15 15:56:19,138 [9efa5aa2-6c41-460f-b55e-e6135d265426@group-103D57857047-LeaderElection60] INFO  impl.RoleInfo (RoleInfo.java:updateAndGet(143)) - 9efa5aa2-6c41-460f-b55e-e6135d265426: start FollowerState
2019-10-15 15:56:19,326 [Thread-949] INFO  impl.FollowerState (FollowerState.java:run(108)) - 9efa5aa2-6c41-460f-b55e-e6135d265426@group-103D57857047-FollowerState: change to CANDIDATE, lastRpcTime:188ms, electionTimeout:188ms
2019-10-15 15:56:19,327 [Thread-949] INFO  impl.RoleInfo (RoleInfo.java:shutdownFollowerState(121)) - 9efa5aa2-6c41-460f-b55e-e6135d265426: shutdown FollowerState
2019-10-15 15:56:19,327 [Thread-949] INFO  impl.RaftServerImpl (RaftServerImpl.java:setRole(184)) - 9efa5aa2-6c41-460f-b55e-e6135d265426@group-103D57857047: changes role from  FOLLOWER to CANDIDATE at term 56 for changeToCandidate
2019-10-15 15:56:19,327 [Thread-949] INFO  impl.RoleInfo (RoleInfo.java:updateAndGet(143)) - 9efa5aa2-6c41-460f-b55e-e6135d265426: start LeaderElection
2019-10-15 15:56:19,342 [9efa5aa2-6c41-460f-b55e-e6135d265426@group-103D57857047-LeaderElection61] INFO  impl.LeaderElection (LeaderElection.java:askForVotes(178)) - 9efa5aa2-6c41-460f-b55e-e6135d265426@group-103D57857047-LeaderElection61: begin an election at term 57 for 0: [502b81c0-94cc-42d9-ac22-46124b9f2555:192.168.69.88:45179, 9efa5aa2-6c41-460f-b55e-e6135d265426:192.168.69.88:35771, b7ff31bb-ae39-4067-a71c-fb5e6b3a0e64:192.168.69.88:37247], old=null
2019-10-15 15:56:19,342 [9efa5aa2-6c41-460f-b55e-e6135d265426@group-103D57857047-LeaderElection61] INFO  impl.LeaderElection (LeaderElection.java:logAndReturn(56)) - 9efa5aa2-6c41-460f-b55e-e6135d265426@group-103D57857047-LeaderElection61: Election TIMEOUT; received 0 response(s) [] and 0 exception(s); 9efa5aa2-6c41-460f-b55e-e6135d265426@group-103D57857047:t57, leader=null, voted=9efa5aa2-6c41-460f-b55e-e6135d265426, raftlog=9efa5aa2-6c41-460f-b55e-e6135d265426@group-103D57857047-SegmentedRaftLog:OPENED:c3,f4,i4, conf=0: [502b81c0-94cc-42d9-ac22-46124b9f2555:192.168.69.88:45179, 9efa5aa2-6c41-460f-b55e-e6135d265426:192.168.69.88:35771, b7ff31bb-ae39-4067-a71c-fb5e6b3a0e64:192.168.69.88:37247], old=null
2019-10-15 15:56:19,346 [grpc-default-executor-0] INFO  impl.RaftServerImpl (RaftServerImpl.java:setRole(184)) - b7ff31bb-ae39-4067-a71c-fb5e6b3a0e64@group-103D57857047: changes role from  FOLLOWER to FOLLOWER at term 57 for recognizeCandidate:9efa5aa2-6c41-460f-b55e-e6135d265426
2019-10-15 15:56:19,346 [grpc-default-executor-7] INFO  impl.RaftServerImpl (RaftServerImpl.java:setRole(184)) - 502b81c0-94cc-42d9-ac22-46124b9f2555@group-103D57857047: changes role from  FOLLOWER to FOLLOWER at term 57 for recognizeCandidate:9efa5aa2-6c41-460f-b55e-e6135d265426
2019-10-15 15:56:19,346 [grpc-default-executor-0] INFO  impl.RoleInfo (RoleInfo.java:shutdownFollowerState(121)) - b7ff31bb-ae39-4067-a71c-fb5e6b3a0e64: shutdown FollowerState
2019-10-15 15:56:19,347 [grpc-default-executor-7] INFO  impl.RoleInfo (RoleInfo.java:shutdownFollowerState(121)) - 502b81c0-94cc-42d9-ac22-46124b9f2555: shutdown FollowerState
2019-10-15 15:56:19,347 [grpc-default-executor-0] INFO  impl.RoleInfo (RoleInfo.java:updateAndGet(143)) - b7ff31bb-ae39-4067-a71c-fb5e6b3a0e64: start FollowerState
2019-10-15 15:56:19,347 [Thread-947] INFO  impl.FollowerState (FollowerState.java:run(117)) - b7ff31bb-ae39-4067-a71c-fb5e6b3a0e64@group-103D57857047-FollowerState was interrupted: java.lang.InterruptedException: sleep interrupted
2019-10-15 15:56:19,347 [Thread-948] INFO  impl.FollowerState (FollowerState.java:run(117)) - 502b81c0-94cc-42d9-ac22-46124b9f2555@group-103D57857047-FollowerState was interrupted: java.lang.InterruptedException: sleep interrupted
2019-10-15 15:56:19,347 [grpc-default-executor-7] INFO  impl.RoleInfo (RoleInfo.java:updateAndGet(143)) - 502b81c0-94cc-42d9-ac22-46124b9f2555: start FollowerState
2019-10-15 15:56:19,356 [9efa5aa2-6c41-460f-b55e-e6135d265426@group-103D57857047-LeaderElection61] INFO  impl.LeaderElection (LeaderElection.java:askForVotes(178)) - 9efa5aa2-6c41-460f-b55e-e6135d265426@group-103D57857047-LeaderElection61: begin an election at term 58 for 0: [502b81c0-94cc-42d9-ac22-46124b9f2555:192.168.69.88:45179, 9efa5aa2-6c41-460f-b55e-e6135d265426:192.168.69.88:35771, b7ff31bb-ae39-4067-a71c-fb5e6b3a0e64:192.168.69.88:37247], old=null
2019-10-15 15:56:19,363 [grpc-default-executor-7] INFO  impl.RaftServerImpl (RaftServerImpl.java:setRole(184)) - 502b81c0-94cc-42d9-ac22-46124b9f2555@group-103D57857047: changes role from  FOLLOWER to FOLLOWER at term 58 for recognizeCandidate:9efa5aa2-6c41-460f-b55e-e6135d265426
2019-10-15 15:56:19,363 [grpc-default-executor-0] INFO  impl.RaftServerImpl (RaftServerImpl.java:setRole(184)) - b7ff31bb-ae39-4067-a71c-fb5e6b3a0e64@group-103D57857047: changes role from  FOLLOWER to FOLLOWER at term 58 for recognizeCandidate:9efa5aa2-6c41-460f-b55e-e6135d265426
2019-10-15 15:56:19,363 [grpc-default-executor-7] INFO  impl.RoleInfo (RoleInfo.java:shutdownFollowerState(121)) - 502b81c0-94cc-42d9-ac22-46124b9f2555: shutdown FollowerState
2019-10-15 15:56:19,364 [grpc-default-executor-0] INFO  impl.RoleInfo (RoleInfo.java:shutdownFollowerState(121)) - b7ff31bb-ae39-4067-a71c-fb5e6b3a0e64: shutdown FollowerState
2019-10-15 15:56:19,364 [Thread-954] INFO  impl.FollowerState (FollowerState.java:run(117)) - 502b81c0-94cc-42d9-ac22-46124b9f2555@group-103D57857047-FollowerState was interrupted: java.lang.InterruptedException: sleep interrupted
2019-10-15 15:56:19,364 [grpc-default-executor-7] INFO  impl.RoleInfo (RoleInfo.java:updateAndGet(143)) - 502b81c0-94cc-42d9-ac22-46124b9f2555: start FollowerState
2019-10-15 15:56:19,364 [grpc-default-executor-0] INFO  impl.RoleInfo (RoleInfo.java:updateAndGet(143)) - b7ff31bb-ae39-4067-a71c-fb5e6b3a0e64: start FollowerState
2019-10-15 15:56:19,364 [Thread-953] INFO  impl.FollowerState (FollowerState.java:run(117)) - b7ff31bb-ae39-4067-a71c-fb5e6b3a0e64@group-103D57857047-FollowerState was interrupted: java.lang.InterruptedException: sleep interrupted
2019-10-15 15:56:19,380 [9efa5aa2-6c41-460f-b55e-e6135d265426@group-103D57857047-LeaderElection61] INFO  impl.LeaderElection (LeaderElection.java:logAndReturn(56)) - 9efa5aa2-6c41-460f-b55e-e6135d265426@group-103D57857047-LeaderElection61: Election REJECTED; received 2 response(s) [9efa5aa2-6c41-460f-b55e-e6135d265426<-502b81c0-94cc-42d9-ac22-46124b9f2555#0:FAIL-t58, 9efa5aa2-6c41-460f-b55e-e6135d265426<-b7ff31bb-ae39-4067-a71c-fb5e6b3a0e64#0:FAIL-t58] and 0 exception(s); 9efa5aa2-6c41-460f-b55e-e6135d265426@group-103D57857047:t58, leader=null, voted=9efa5aa2-6c41-460f-b55e-e6135d265426, raftlog=9efa5aa2-6c41-460f-b55e-e6135d265426@group-103D57857047-SegmentedRaftLog:OPENED:c3,f4,i4, conf=0: [502b81c0-94cc-42d9-ac22-46124b9f2555:192.168.69.88:45179, 9efa5aa2-6c41-460f-b55e-e6135d265426:192.168.69.88:35771, b7ff31bb-ae39-4067-a71c-fb5e6b3a0e64:192.168.69.88:37247], old=null
2019-10-15 15:56:19,380 [9efa5aa2-6c41-460f-b55e-e6135d265426@group-103D57857047-LeaderElection61] INFO  impl.RaftServerImpl (RaftServerImpl.java:setRole(184)) - 9efa5aa2-6c41-460f-b55e-e6135d265426@group-103D57857047: changes role from CANDIDATE to FOLLOWER at term 58 for DISCOVERED_A_NEW_TERM
2019-10-15 15:56:19,380 [9efa5aa2-6c41-460f-b55e-e6135d265426@group-103D57857047-LeaderElection61] INFO  impl.RoleInfo (RoleInfo.java:shutdownLeaderElection(134)) - 9efa5aa2-6c41-460f-b55e-e6135d265426: shutdown LeaderElection
2019-10-15 15:56:19,381 [9efa5aa2-6c41-460f-b55e-e6135d265426@group-103D57857047-LeaderElection61] INFO  impl.RoleInfo (RoleInfo.java:updateAndGet(143)) - 9efa5aa2-6c41-460f-b55e-e6135d265426: start FollowerState
2019-10-15 15:56:19,431 [Thread-959] INFO  impl.FollowerState (FollowerState.java:run(108)) - 9efa5aa2-6c41-460f-b55e-e6135d265426@group-103D57857047-FollowerState: change to CANDIDATE, lastRpcTime:50ms, electionTimeout:50ms
2019-10-15 15:56:19,431 [Thread-959] INFO  impl.RoleInfo (RoleInfo.java:shutdownFollowerState(121)) - 9efa5aa2-6c41-460f-b55e-e6135d265426: shutdown FollowerState
2019-10-15 15:56:19,431 [Thread-959] INFO  impl.RaftServerImpl (RaftServerImpl.java:setRole(184)) - 9efa5aa2-6c41-460f-b55e-e6135d265426@group-103D57857047: changes role from  FOLLOWER to CANDIDATE at term 58 for changeToCandidate
2019-10-15 15:56:19,432 [Thread-959] INFO  impl.RoleInfo (RoleInfo.java:updateAndGet(143)) - 9efa5aa2-6c41-460f-b55e-e6135d265426: start LeaderElection
2019-10-15 15:56:19,446 [9efa5aa2-6c41-460f-b55e-e6135d265426@group-103D57857047-LeaderElection62] INFO  impl.LeaderElection (LeaderElection.java:askForVotes(178)) - 9efa5aa2-6c41-460f-b55e-e6135d265426@group-103D57857047-LeaderElection62: begin an election at term 59 for 0: [502b81c0-94cc-42d9-ac22-46124b9f2555:192.168.69.88:45179, 9efa5aa2-6c41-460f-b55e-e6135d265426:192.168.69.88:35771, b7ff31bb-ae39-4067-a71c-fb5e6b3a0e64:192.168.69.88:37247], old=null
2019-10-15 15:56:19,449 [grpc-default-executor-7] INFO  impl.RaftServerImpl (RaftServerImpl.java:setRole(184)) - b7ff31bb-ae39-4067-a71c-fb5e6b3a0e64@group-103D57857047: changes role from  FOLLOWER to FOLLOWER at term 59 for recognizeCandidate:9efa5aa2-6c41-460f-b55e-e6135d265426
2019-10-15 15:56:19,450 [grpc-default-executor-7] INFO  impl.RoleInfo (RoleInfo.java:shutdownFollowerState(121)) - b7ff31bb-ae39-4067-a71c-fb5e6b3a0e64: shutdown FollowerState
2019-10-15 15:56:19,450 [grpc-default-executor-0] INFO  impl.RaftServerImpl (RaftServerImpl.java:setRole(184)) - 502b81c0-94cc-42d9-ac22-46124b9f2555@group-103D57857047: changes role from  FOLLOWER to FOLLOWER at term 59 for recognizeCandidate:9efa5aa2-6c41-460f-b55e-e6135d265426
2019-10-15 15:56:19,451 [Thread-958] INFO  impl.FollowerState (FollowerState.java:run(117)) - b7ff31bb-ae39-4067-a71c-fb5e6b3a0e64@group-103D57857047-FollowerState was interrupted: java.lang.InterruptedException: sleep interrupted
2019-10-15 15:56:19,451 [grpc-default-executor-7] INFO  impl.RoleInfo (RoleInfo.java:updateAndGet(143)) - b7ff31bb-ae39-4067-a71c-fb5e6b3a0e64: start FollowerState
2019-10-15 15:56:19,451 [grpc-default-executor-0] INFO  impl.RoleInfo (RoleInfo.java:shutdownFollowerState(121)) - 502b81c0-94cc-42d9-ac22-46124b9f2555: shutdown FollowerState
2019-10-15 15:56:19,451 [grpc-default-executor-0] INFO  impl.RoleInfo (RoleInfo.java:updateAndGet(143)) - 502b81c0-94cc-42d9-ac22-46124b9f2555: start FollowerState
2019-10-15 15:56:19,451 [Thread-957] INFO  impl.FollowerState (FollowerState.java:run(117)) - 502b81c0-94cc-42d9-ac22-46124b9f2555@group-103D57857047-FollowerState was interrupted: java.lang.InterruptedException: sleep interrupted
2019-10-15 15:56:19,478 [9efa5aa2-6c41-460f-b55e-e6135d265426@group-103D57857047-LeaderElection62] INFO  impl.LeaderElection (LeaderElection.java:logAndReturn(56)) - 9efa5aa2-6c41-460f-b55e-e6135d265426@group-103D57857047-LeaderElection62: Election REJECTED; received 2 response(s) [9efa5aa2-6c41-460f-b55e-e6135d265426<-502b81c0-94cc-42d9-ac22-46124b9f2555#0:FAIL-t59, 9efa5aa2-6c41-460f-b55e-e6135d265426<-b7ff31bb-ae39-4067-a71c-fb5e6b3a0e64#0:FAIL-t59] and 0 exception(s); 9efa5aa2-6c41-460f-b55e-e6135d265426@group-103D57857047:t59, leader=null, voted=9efa5aa2-6c41-460f-b55e-e6135d265426, raftlog=9efa5aa2-6c41-460f-b55e-e6135d265426@group-103D57857047-SegmentedRaftLog:OPENED:c3,f4,i4, conf=0: [502b81c0-94cc-42d9-ac22-46124b9f2555:192.168.69.88:45179, 9efa5aa2-6c41-460f-b55e-e6135d265426:192.168.69.88:35771, b7ff31bb-ae39-4067-a71c-fb5e6b3a0e64:192.168.69.88:37247], old=null
2019-10-15 15:56:19,479 [9efa5aa2-6c41-460f-b55e-e6135d265426@group-103D57857047-LeaderElection62] INFO  impl.RaftServerImpl (RaftServerImpl.java:setRole(184)) - 9efa5aa2-6c41-460f-b55e-e6135d265426@group-103D57857047: changes role from CANDIDATE to FOLLOWER at term 59 for DISCOVERED_A_NEW_TERM
2019-10-15 15:56:19,479 [9efa5aa2-6c41-460f-b55e-e6135d265426@group-103D57857047-LeaderElection62] INFO  impl.RoleInfo (RoleInfo.java:shutdownLeaderElection(134)) - 9efa5aa2-6c41-460f-b55e-e6135d265426: shutdown LeaderElection
2019-10-15 15:56:19,479 [9efa5aa2-6c41-460f-b55e-e6135d265426@group-103D57857047-LeaderElection62] INFO  impl.RoleInfo (RoleInfo.java:updateAndGet(143)) - 9efa5aa2-6c41-460f-b55e-e6135d265426: start FollowerState
2019-10-15 15:56:19,505 [Thread-965] INFO  impl.FollowerState (FollowerState.java:run(108)) - 9efa5aa2-6c41-460f-b55e-e6135d265426@group-103D57857047-FollowerState: change to CANDIDATE, lastRpcTime:25ms, electionTimeout:25ms
2019-10-15 15:56:19,505 [Thread-965] INFO  impl.RoleInfo (RoleInfo.java:shutdownFollowerState(121)) - 9efa5aa2-6c41-460f-b55e-e6135d265426: shutdown FollowerState
2019-10-15 15:56:19,505 [Thread-965] INFO  impl.RaftServerImpl (RaftServerImpl.java:setRole(184)) - 9efa5aa2-6c41-460f-b55e-e6135d265426@group-103D57857047: changes role from  FOLLOWER to CANDIDATE at term 59 for changeToCandidate
2019-10-15 15:56:19,505 [Thread-965] INFO  impl.RoleInfo (RoleInfo.java:updateAndGet(143)) - 9efa5aa2-6c41-460f-b55e-e6135d265426: start LeaderElection
2019-10-15 15:56:19,531 [9efa5aa2-6c41-460f-b55e-e6135d265426@group-103D57857047-LeaderElection63] INFO  impl.LeaderElection (LeaderElection.java:askForVotes(178)) - 9efa5aa2-6c41-460f-b55e-e6135d265426@group-103D57857047-LeaderElection63: begin an election at term 60 for 0: [502b81c0-94cc-42d9-ac22-46124b9f2555:192.168.69.88:45179, 9efa5aa2-6c41-460f-b55e-e6135d265426:192.168.69.88:35771, b7ff31bb-ae39-4067-a71c-fb5e6b3a0e64:192.168.69.88:37247], old=null
2019-10-15 15:56:19,533 [grpc-default-executor-7] INFO  impl.RaftServerImpl (RaftServerImpl.java:setRole(184)) - b7ff31bb-ae39-4067-a71c-fb5e6b3a0e64@group-103D57857047: changes role from  FOLLOWER to FOLLOWER at term 60 for recognizeCandidate:9efa5aa2-6c41-460f-b55e-e6135d265426
2019-10-15 15:56:19,533 [grpc-default-executor-0] INFO  impl.RaftServerImpl (RaftServerImpl.java:setRole(184)) - 502b81c0-94cc-42d9-ac22-46124b9f2555@group-103D57857047: changes role from  FOLLOWER to FOLLOWER at term 60 for recognizeCandidate:9efa5aa2-6c41-460f-b55e-e6135d265426
2019-10-15 15:56:19,534 [grpc-default-executor-7] INFO  impl.RoleInfo (RoleInfo.java:shutdownFollowerState(121)) - b7ff31bb-ae39-4067-a71c-fb5e6b3a0e64: shutdown FollowerState
2019-10-15 15:56:19,534 [grpc-default-executor-0] INFO  impl.RoleInfo (RoleInfo.java:shutdownFollowerState(121)) - 502b81c0-94cc-42d9-ac22-46124b9f2555: shutdown FollowerState
2019-10-15 15:56:19,534 [grpc-default-executor-7] INFO  impl.RoleInfo (RoleInfo.java:updateAndGet(143)) - b7ff31bb-ae39-4067-a71c-fb5e6b3a0e64: start FollowerState
2019-10-15 15:56:19,534 [Thread-963] INFO  impl.FollowerState (FollowerState.java:run(117)) - b7ff31bb-ae39-4067-a71c-fb5e6b3a0e64@group-103D57857047-FollowerState was interrupted: java.lang.InterruptedException: sleep interrupted
2019-10-15 15:56:19,534 [Thread-964] INFO  impl.FollowerState (FollowerState.java:run(117)) - 502b81c0-94cc-42d9-ac22-46124b9f2555@group-103D57857047-FollowerState was interrupted: java.lang.InterruptedException: sleep interrupted
2019-10-15 15:56:19,534 [grpc-default-executor-0] INFO  impl.RoleInfo (RoleInfo.java:updateAndGet(143)) - 502b81c0-94cc-42d9-ac22-46124b9f2555: start FollowerState
2019-10-15 15:56:19,550 [9efa5aa2-6c41-460f-b55e-e6135d265426@group-103D57857047-LeaderElection63] INFO  impl.LeaderElection (LeaderElection.java:logAndReturn(56)) - 9efa5aa2-6c41-460f-b55e-e6135d265426@group-103D57857047-LeaderElection63: Election REJECTED; received 2 response(s) [9efa5aa2-6c41-460f-b55e-e6135d265426<-502b81c0-94cc-42d9-ac22-46124b9f2555#0:FAIL-t60, 9efa5aa2-6c41-460f-b55e-e6135d265426<-b7ff31bb-ae39-4067-a71c-fb5e6b3a0e64#0:FAIL-t60] and 0 exception(s); 9efa5aa2-6c41-460f-b55e-e6135d265426@group-103D57857047:t60, leader=null, voted=9efa5aa2-6c41-460f-b55e-e6135d265426, raftlog=9efa5aa2-6c41-460f-b55e-e6135d265426@group-103D57857047-SegmentedRaftLog:OPENED:c3,f4,i4, conf=0: [502b81c0-94cc-42d9-ac22-46124b9f2555:192.168.69.88:45179, 9efa5aa2-6c41-460f-b55e-e6135d265426:192.168.69.88:35771, b7ff31bb-ae39-4067-a71c-fb5e6b3a0e64:192.168.69.88:37247], old=null
2019-10-15 15:56:19,550 [9efa5aa2-6c41-460f-b55e-e6135d265426@group-103D57857047-LeaderElection63] INFO  impl.RaftServerImpl (RaftServerImpl.java:setRole(184)) - 9efa5aa2-6c41-460f-b55e-e6135d265426@group-103D57857047: changes role from CANDIDATE to FOLLOWER at term 60 for DISCOVERED_A_NEW_TERM
2019-10-15 15:56:19,550 [9efa5aa2-6c41-460f-b55e-e6135d265426@group-103D57857047-LeaderElection63] INFO  impl.RoleInfo (RoleInfo.java:shutdownLeaderElection(134)) - 9efa5aa2-6c41-460f-b55e-e6135d265426: shutdown LeaderElection
2019-10-15 15:56:19,550 [9efa5aa2-6c41-460f-b55e-e6135d265426@group-103D57857047-LeaderElection63] INFO  impl.RoleInfo (RoleInfo.java:updateAndGet(143)) - 9efa5aa2-6c41-460f-b55e-e6135d265426: start FollowerState
2019-10-15 15:56:19,637 [Thread-971] INFO  impl.FollowerState (FollowerState.java:run(108)) - 9efa5aa2-6c41-460f-b55e-e6135d265426@group-103D57857047-FollowerState: change to CANDIDATE, lastRpcTime:86ms, electionTimeout:86ms
2019-10-15 15:56:19,637 [Thread-971] INFO  impl.RoleInfo (RoleInfo.java:shutdownFollowerState(121)) - 9efa5aa2-6c41-460f-b55e-e6135d265426: shutdown FollowerState
2019-10-15 15:56:19,637 [Thread-971] INFO  impl.RaftServerImpl (RaftServerImpl.java:setRole(184)) - 9efa5aa2-6c41-460f-b55e-e6135d265426@group-103D57857047: changes role from  FOLLOWER to CANDIDATE at term 60 for changeToCandidate
2019-10-15 15:56:19,637 [Thread-971] INFO  impl.RoleInfo (RoleInfo.java:updateAndGet(143)) - 9efa5aa2-6c41-460f-b55e-e6135d265426: start LeaderElection
2019-10-15 15:56:19,652 [9efa5aa2-6c41-460f-b55e-e6135d265426@group-103D57857047-LeaderElection64] INFO  impl.LeaderElection (LeaderElection.java:askForVotes(178)) - 9efa5aa2-6c41-460f-b55e-e6135d265426@group-103D57857047-LeaderElection64: begin an election at term 61 for 0: [502b81c0-94cc-42d9-ac22-46124b9f2555:192.168.69.88:45179, 9efa5aa2-6c41-460f-b55e-e6135d265426:192.168.69.88:35771, b7ff31bb-ae39-4067-a71c-fb5e6b3a0e64:192.168.69.88:37247], old=null
]]></system-out>
    <system-err><![CDATA[ERROR StatusLogger No Log4j 2 configuration file found. Using default configuration (logging only errors to the console), or user programmatically provided configurations. Set system property 'log4j2.debug' to show Log4j 2 internal initialization logging. See https://logging.apache.org/log4j/2.x/manual/configuration.html for instructions on how to configure Log4j 2
Oct 15, 2019 3:54:33 PM org.apache.ratis.thirdparty.io.grpc.internal.SerializingExecutor run
SEVERE: Exception while executing runnable org.apache.ratis.thirdparty.io.grpc.internal.ServerImpl$JumpToApplicationThreadServerStreamListener$1Closed@6f36e3ee
org.apache.ratis.thirdparty.io.grpc.StatusRuntimeException: CANCELLED: call already cancelled
	at org.apache.ratis.thirdparty.io.grpc.Status.asRuntimeException(Status.java:517)
	at org.apache.ratis.thirdparty.io.grpc.stub.ServerCalls$ServerCallStreamObserverImpl.onCompleted(ServerCalls.java:356)
	at org.apache.ratis.grpc.server.GrpcServerProtocolService$ServerRequestStreamObserver.onError(GrpcServerProtocolService.java:121)
	at org.apache.ratis.thirdparty.io.grpc.stub.ServerCalls$StreamingServerCallHandler$StreamingServerCallListener.onCancel(ServerCalls.java:269)
	at org.apache.ratis.thirdparty.io.grpc.internal.ServerCallImpl$ServerStreamListenerImpl.closed(ServerCallImpl.java:293)
	at org.apache.ratis.thirdparty.io.grpc.internal.ServerImpl$JumpToApplicationThreadServerStreamListener$1Closed.runInContext(ServerImpl.java:741)
	at org.apache.ratis.thirdparty.io.grpc.internal.ContextRunnable.run(ContextRunnable.java:37)
	at org.apache.ratis.thirdparty.io.grpc.internal.SerializingExecutor.run(SerializingExecutor.java:123)
	at java.util.concurrent.ThreadPoolExecutor.runWorker(ThreadPoolExecutor.java:1149)
	at java.util.concurrent.ThreadPoolExecutor$Worker.run(ThreadPoolExecutor.java:624)
	at java.lang.Thread.run(Thread.java:748)

Oct 15, 2019 3:54:33 PM org.apache.ratis.thirdparty.io.grpc.internal.SerializingExecutor run
SEVERE: Exception while executing runnable org.apache.ratis.thirdparty.io.grpc.internal.ClientCallImpl$ClientStreamListenerImpl$1StreamClosed@711ad0cf
java.lang.NullPointerException
	at org.apache.ratis.grpc.server.GrpcLogAppender$AppendLogResponseHandler.onError(GrpcLogAppender.java:303)
	at org.apache.ratis.thirdparty.io.grpc.stub.ClientCalls$StreamObserverToCallListenerAdapter.onClose(ClientCalls.java:434)
	at org.apache.ratis.thirdparty.io.grpc.PartialForwardingClientCallListener.onClose(PartialForwardingClientCallListener.java:39)
	at org.apache.ratis.thirdparty.io.grpc.ForwardingClientCallListener.onClose(ForwardingClientCallListener.java:23)
	at org.apache.ratis.thirdparty.io.grpc.ForwardingClientCallListener$SimpleForwardingClientCallListener.onClose(ForwardingClientCallListener.java:40)
	at org.apache.ratis.thirdparty.io.grpc.internal.CensusStatsModule$StatsClientInterceptor$1$1.onClose(CensusStatsModule.java:678)
	at org.apache.ratis.thirdparty.io.grpc.PartialForwardingClientCallListener.onClose(PartialForwardingClientCallListener.java:39)
	at org.apache.ratis.thirdparty.io.grpc.ForwardingClientCallListener.onClose(ForwardingClientCallListener.java:23)
	at org.apache.ratis.thirdparty.io.grpc.ForwardingClientCallListener$SimpleForwardingClientCallListener.onClose(ForwardingClientCallListener.java:40)
	at org.apache.ratis.thirdparty.io.grpc.internal.CensusTracingModule$TracingClientInterceptor$1$1.onClose(CensusTracingModule.java:397)
	at org.apache.ratis.thirdparty.io.grpc.internal.ClientCallImpl.closeObserver(ClientCallImpl.java:459)
	at org.apache.ratis.thirdparty.io.grpc.internal.ClientCallImpl.access$300(ClientCallImpl.java:63)
	at org.apache.ratis.thirdparty.io.grpc.internal.ClientCallImpl$ClientStreamListenerImpl.close(ClientCallImpl.java:546)
	at org.apache.ratis.thirdparty.io.grpc.internal.ClientCallImpl$ClientStreamListenerImpl.access$600(ClientCallImpl.java:467)
	at org.apache.ratis.thirdparty.io.grpc.internal.ClientCallImpl$ClientStreamListenerImpl$1StreamClosed.runInContext(ClientCallImpl.java:584)
	at org.apache.ratis.thirdparty.io.grpc.internal.ContextRunnable.run(ContextRunnable.java:37)
	at org.apache.ratis.thirdparty.io.grpc.internal.SerializingExecutor.run(SerializingExecutor.java:123)
	at java.util.concurrent.ThreadPoolExecutor.runWorker(ThreadPoolExecutor.java:1149)
	at java.util.concurrent.ThreadPoolExecutor$Worker.run(ThreadPoolExecutor.java:624)
	at java.lang.Thread.run(Thread.java:748)

]]></system-err>
  </testcase>
</testsuite>