<?xml version="1.0" encoding="UTF-8"?>
<testsuite xmlns:xsi="http://www.w3.org/2001/XMLSchema-instance" xsi:noNamespaceSchemaLocation="https://maven.apache.org/surefire/maven-surefire-plugin/xsd/surefire-test-report.xsd" name="org.apache.hadoop.ozone.scm.TestSCMContainerPlacementPolicyMetrics" time="81.113" tests="1" errors="1" skipped="0" failures="0">
  <properties>
    <property name="awt.toolkit" value="sun.awt.X11.XToolkit"/>
    <property name="file.encoding.pkg" value="sun.io"/>
    <property name="java.specification.version" value="1.8"/>
    <property name="sun.cpu.isalist" value=""/>
    <property name="sun.jnu.encoding" value="ANSI_X3.4-1968"/>
    <property name="java.class.path" value="/workdir/hadoop-ozone/integration-test/target/test-classes:/workdir/hadoop-ozone/integration-test/target/classes:/home/user/.m2/repository/org/apache/hadoop/hadoop-ozone-common/0.5.0-SNAPSHOT/hadoop-ozone-common-0.5.0-SNAPSHOT.jar:/home/user/.m2/repository/org/apache/commons/commons-compress/1.4.1/commons-compress-1.4.1.jar:/home/user/.m2/repository/org/tukaani/xz/1.0/xz-1.0.jar:/home/user/.m2/repository/org/apache/hadoop/hadoop-common/3.2.0/hadoop-common-3.2.0.jar:/home/user/.m2/repository/org/apache/hadoop/hadoop-hdfs/3.2.0/hadoop-hdfs-3.2.0.jar:/home/user/.m2/repository/org/apache/hadoop/hadoop-hdfs-client/3.2.0/hadoop-hdfs-client-3.2.0.jar:/home/user/.m2/repository/com/fasterxml/jackson/core/jackson-annotations/2.9.9/jackson-annotations-2.9.9.jar:/home/user/.m2/repository/org/apache/hadoop/hadoop-hdds-common/0.5.0-SNAPSHOT/hadoop-hdds-common-0.5.0-SNAPSHOT.jar:/home/user/.m2/repository/javax/annotation/javax.annotation-api/1.2/javax.annotation-api-1.2.jar:/home/user/.m2/repository/org/apache/ratis/ratis-server/0.5.0-3f446aa-SNAPSHOT/ratis-server-0.5.0-3f446aa-SNAPSHOT.jar:/home/user/.m2/repository/org/apache/ratis/ratis-thirdparty-misc/0.2.0/ratis-thirdparty-misc-0.2.0.jar:/home/user/.m2/repository/org/apache/ratis/ratis-proto/0.5.0-3f446aa-SNAPSHOT/ratis-proto-0.5.0-3f446aa-SNAPSHOT.jar:/home/user/.m2/repository/org/apache/ratis/ratis-common/0.5.0-3f446aa-SNAPSHOT/ratis-common-0.5.0-3f446aa-SNAPSHOT.jar:/home/user/.m2/repository/org/apache/ratis/ratis-client/0.5.0-3f446aa-SNAPSHOT/ratis-client-0.5.0-3f446aa-SNAPSHOT.jar:/home/user/.m2/repository/org/apache/ratis/ratis-metrics/0.5.0-3f446aa-SNAPSHOT/ratis-metrics-0.5.0-3f446aa-SNAPSHOT.jar:/home/user/.m2/repository/com/github/joshelser/dropwizard-metrics-hadoop-metrics2-reporter/0.1.2/dropwizard-metrics-hadoop-metrics2-reporter-0.1.2.jar:/home/user/.m2/repository/io/dropwizard/metrics/metrics-jvm/3.2.5/metrics-jvm-3.2.5.jar:/home/user/.m2/repository/io/dropwizard/metrics/metrics-ganglia/3.2.5/metrics-ganglia-3.2.5.jar:/home/user/.m2/repository/info/ganglia/gmetric4j/gmetric4j/1.0.7/gmetric4j-1.0.7.jar:/home/user/.m2/repository/org/apache/ratis/ratis-netty/0.5.0-3f446aa-SNAPSHOT/ratis-netty-0.5.0-3f446aa-SNAPSHOT.jar:/home/user/.m2/repository/org/apache/ratis/ratis-grpc/0.5.0-3f446aa-SNAPSHOT/ratis-grpc-0.5.0-3f446aa-SNAPSHOT.jar:/home/user/.m2/repository/org/rocksdb/rocksdbjni/6.0.1/rocksdbjni-6.0.1.jar:/home/user/.m2/repository/org/apache/logging/log4j/log4j-api/2.11.0/log4j-api-2.11.0.jar:/home/user/.m2/repository/org/apache/logging/log4j/log4j-core/2.11.0/log4j-core-2.11.0.jar:/home/user/.m2/repository/com/lmax/disruptor/3.4.2/disruptor-3.4.2.jar:/home/user/.m2/repository/org/apache/commons/commons-pool2/2.6.0/commons-pool2-2.6.0.jar:/home/user/.m2/repository/org/bouncycastle/bcpkix-jdk15on/1.60/bcpkix-jdk15on-1.60.jar:/home/user/.m2/repository/commons-validator/commons-validator/1.6/commons-validator-1.6.jar:/home/user/.m2/repository/commons-digester/commons-digester/1.8.1/commons-digester-1.8.1.jar:/home/user/.m2/repository/io/jaegertracing/jaeger-client/0.34.0/jaeger-client-0.34.0.jar:/home/user/.m2/repository/io/jaegertracing/jaeger-thrift/0.34.0/jaeger-thrift-0.34.0.jar:/home/user/.m2/repository/org/apache/thrift/libthrift/0.12.0/libthrift-0.12.0.jar:/home/user/.m2/repository/com/squareup/okhttp3/okhttp/3.9.0/okhttp-3.9.0.jar:/home/user/.m2/repository/com/squareup/okio/okio/1.13.0/okio-1.13.0.jar:/home/user/.m2/repository/io/jaegertracing/jaeger-core/0.34.0/jaeger-core-0.34.0.jar:/home/user/.m2/repository/io/jaegertracing/jaeger-tracerresolver/0.34.0/jaeger-tracerresolver-0.34.0.jar:/home/user/.m2/repository/io/opentracing/contrib/opentracing-tracerresolver/0.1.5/opentracing-tracerresolver-0.1.5.jar:/home/user/.m2/repository/io/opentracing/opentracing-util/0.31.0/opentracing-util-0.31.0.jar:/home/user/.m2/repository/io/opentracing/opentracing-api/0.31.0/opentracing-api-0.31.0.jar:/home/user/.m2/repository/io/opentracing/opentracing-noop/0.31.0/opentracing-noop-0.31.0.jar:/home/user/.m2/repository/org/apache/hadoop/hadoop-hdds-server-framework/0.5.0-SNAPSHOT/hadoop-hdds-server-framework-0.5.0-SNAPSHOT.jar:/home/user/.m2/repository/org/apache/hadoop/hadoop-hdds-container-service/0.5.0-SNAPSHOT/hadoop-hdds-container-service-0.5.0-SNAPSHOT.jar:/home/user/.m2/repository/org/apache/hadoop/hadoop-hdds-client/0.5.0-SNAPSHOT/hadoop-hdds-client-0.5.0-SNAPSHOT.jar:/home/user/.m2/repository/org/apache/hadoop/hadoop-hdds-tools/0.5.0-SNAPSHOT/hadoop-hdds-tools-0.5.0-SNAPSHOT.jar:/home/user/.m2/repository/org/apache/hadoop/hadoop-hdds-server-scm/0.5.0-SNAPSHOT/hadoop-hdds-server-scm-0.5.0-SNAPSHOT.jar:/home/user/.m2/repository/org/apache/hadoop/hadoop-hdds-docs/0.5.0-SNAPSHOT/hadoop-hdds-docs-0.5.0-SNAPSHOT.jar:/home/user/.m2/repository/io/dropwizard/metrics/metrics-core/3.2.4/metrics-core-3.2.4.jar:/home/user/.m2/repository/org/hamcrest/hamcrest-all/1.3/hamcrest-all-1.3.jar:/home/user/.m2/repository/org/bouncycastle/bcprov-jdk15on/1.60/bcprov-jdk15on-1.60.jar:/home/user/.m2/repository/info/picocli/picocli/3.9.6/picocli-3.9.6.jar:/home/user/.m2/repository/com/google/protobuf/protobuf-java/2.5.0/protobuf-java-2.5.0.jar:/home/user/.m2/repository/com/google/guava/guava/11.0.2/guava-11.0.2.jar:/home/user/.m2/repository/org/apache/hadoop/hadoop-ozone-ozone-manager/0.5.0-SNAPSHOT/hadoop-ozone-ozone-manager-0.5.0-SNAPSHOT.jar:/home/user/.m2/repository/org/apache/hadoop/hadoop-minikdc/3.2.0/hadoop-minikdc-3.2.0.jar:/home/user/.m2/repository/commons-io/commons-io/2.5/commons-io-2.5.jar:/home/user/.m2/repository/org/apache/kerby/kerb-simplekdc/1.0.1/kerb-simplekdc-1.0.1.jar:/home/user/.m2/repository/org/apache/kerby/kerb-client/1.0.1/kerb-client-1.0.1.jar:/home/user/.m2/repository/org/apache/kerby/kerby-config/1.0.1/kerby-config-1.0.1.jar:/home/user/.m2/repository/org/apache/kerby/kerb-core/1.0.1/kerb-core-1.0.1.jar:/home/user/.m2/repository/org/apache/kerby/kerby-pkix/1.0.1/kerby-pkix-1.0.1.jar:/home/user/.m2/repository/org/apache/kerby/kerby-asn1/1.0.1/kerby-asn1-1.0.1.jar:/home/user/.m2/repository/org/apache/kerby/kerby-util/1.0.1/kerby-util-1.0.1.jar:/home/user/.m2/repository/org/apache/kerby/kerb-common/1.0.1/kerb-common-1.0.1.jar:/home/user/.m2/repository/org/apache/kerby/kerb-crypto/1.0.1/kerb-crypto-1.0.1.jar:/home/user/.m2/repository/org/apache/kerby/kerb-util/1.0.1/kerb-util-1.0.1.jar:/home/user/.m2/repository/org/apache/kerby/token-provider/1.0.1/token-provider-1.0.1.jar:/home/user/.m2/repository/org/apache/kerby/kerb-admin/1.0.1/kerb-admin-1.0.1.jar:/home/user/.m2/repository/org/apache/kerby/kerb-server/1.0.1/kerb-server-1.0.1.jar:/home/user/.m2/repository/org/apache/kerby/kerb-identity/1.0.1/kerb-identity-1.0.1.jar:/home/user/.m2/repository/org/apache/kerby/kerby-xdr/1.0.1/kerby-xdr-1.0.1.jar:/home/user/.m2/repository/org/slf4j/slf4j-log4j12/1.7.25/slf4j-log4j12-1.7.25.jar:/home/user/.m2/repository/org/apache/hadoop/hadoop-ozone-s3gateway/0.5.0-SNAPSHOT/hadoop-ozone-s3gateway-0.5.0-SNAPSHOT.jar:/home/user/.m2/repository/org/jboss/weld/servlet/weld-servlet/2.4.7.Final/weld-servlet-2.4.7.Final.jar:/home/user/.m2/repository/org/glassfish/jersey/containers/jersey-container-servlet-core/2.27/jersey-container-servlet-core-2.27.jar:/home/user/.m2/repository/org/glassfish/hk2/external/javax.inject/2.5.0-b42/javax.inject-2.5.0-b42.jar:/home/user/.m2/repository/org/glassfish/jersey/core/jersey-common/2.27/jersey-common-2.27.jar:/home/user/.m2/repository/org/glassfish/hk2/osgi-resource-locator/1.0.1/osgi-resource-locator-1.0.1.jar:/home/user/.m2/repository/javax/ws/rs/javax.ws.rs-api/2.1/javax.ws.rs-api-2.1.jar:/home/user/.m2/repository/org/glassfish/jersey/ext/cdi/jersey-cdi1x/2.27/jersey-cdi1x-2.27.jar:/home/user/.m2/repository/org/glassfish/jersey/inject/jersey-hk2/2.27/jersey-hk2-2.27.jar:/home/user/.m2/repository/org/glassfish/hk2/hk2-locator/2.5.0-b42/hk2-locator-2.5.0-b42.jar:/home/user/.m2/repository/org/javassist/javassist/3.22.0-CR2/javassist-3.22.0-CR2.jar:/home/user/.m2/repository/org/glassfish/hk2/hk2-api/2.5.0/hk2-api-2.5.0.jar:/home/user/.m2/repository/org/glassfish/hk2/external/jakarta.inject/2.5.0/jakarta.inject-2.5.0.jar:/home/user/.m2/repository/org/glassfish/hk2/hk2-utils/2.5.0/hk2-utils-2.5.0.jar:/home/user/.m2/repository/jakarta/annotation/jakarta.annotation-api/1.3.4/jakarta.annotation-api-1.3.4.jar:/home/user/.m2/repository/org/glassfish/hk2/external/aopalliance-repackaged/2.5.0/aopalliance-repackaged-2.5.0.jar:/home/user/.m2/repository/com/fasterxml/jackson/dataformat/jackson-dataformat-xml/2.9.0/jackson-dataformat-xml-2.9.0.jar:/home/user/.m2/repository/com/fasterxml/jackson/core/jackson-core/2.9.9/jackson-core-2.9.9.jar:/home/user/.m2/repository/com/fasterxml/jackson/module/jackson-module-jaxb-annotations/2.9.9/jackson-module-jaxb-annotations-2.9.9.jar:/home/user/.m2/repository/javax/enterprise/cdi-api/1.2/cdi-api-1.2.jar:/home/user/.m2/repository/javax/el/javax.el-api/3.0.0/javax.el-api-3.0.0.jar:/home/user/.m2/repository/javax/interceptor/javax.interceptor-api/1.2/javax.interceptor-api-1.2.jar:/home/user/.m2/repository/javax/inject/javax.inject/1/javax.inject-1.jar:/home/user/.m2/repository/com/sun/xml/bind/jaxb-impl/2.3.0.1/jaxb-impl-2.3.0.1.jar:/home/user/.m2/repository/com/sun/xml/bind/jaxb-core/2.3.0.1/jaxb-core-2.3.0.1.jar:/home/user/.m2/repository/javax/xml/bind/jaxb-api/2.3.0/jaxb-api-2.3.0.jar:/home/user/.m2/repository/javax/activation/activation/1.1.1/activation-1.1.1.jar:/home/user/.m2/repository/org/apache/hadoop/hadoop-ozone-csi/0.5.0-SNAPSHOT/hadoop-ozone-csi-0.5.0-SNAPSHOT.jar:/home/user/.m2/repository/com/google/protobuf/protobuf-java-util/3.5.1/protobuf-java-util-3.5.1.jar:/home/user/.m2/repository/org/apache/hadoop/hadoop-hdds-config/0.5.0-SNAPSHOT/hadoop-hdds-config-0.5.0-SNAPSHOT.jar:/home/user/.m2/repository/io/grpc/grpc-netty/1.17.1/grpc-netty-1.17.1.jar:/home/user/.m2/repository/io/grpc/grpc-core/1.17.1/grpc-core-1.17.1.jar:/home/user/.m2/repository/io/grpc/grpc-context/1.17.1/grpc-context-1.17.1.jar:/home/user/.m2/repository/com/google/errorprone/error_prone_annotations/2.2.0/error_prone_annotations-2.2.0.jar:/home/user/.m2/repository/org/codehaus/mojo/animal-sniffer-annotations/1.17/animal-sniffer-annotations-1.17.jar:/home/user/.m2/repository/io/opencensus/opencensus-api/0.17.0/opencensus-api-0.17.0.jar:/home/user/.m2/repository/io/opencensus/opencensus-contrib-grpc-metrics/0.17.0/opencensus-contrib-grpc-metrics-0.17.0.jar:/home/user/.m2/repository/io/netty/netty-codec-http2/4.1.30.Final/netty-codec-http2-4.1.30.Final.jar:/home/user/.m2/repository/io/netty/netty-codec-http/4.1.30.Final/netty-codec-http-4.1.30.Final.jar:/home/user/.m2/repository/io/netty/netty-codec/4.1.30.Final/netty-codec-4.1.30.Final.jar:/home/user/.m2/repository/io/netty/netty-handler/4.1.30.Final/netty-handler-4.1.30.Final.jar:/home/user/.m2/repository/io/netty/netty-handler-proxy/4.1.30.Final/netty-handler-proxy-4.1.30.Final.jar:/home/user/.m2/repository/io/netty/netty-codec-socks/4.1.30.Final/netty-codec-socks-4.1.30.Final.jar:/home/user/.m2/repository/io/netty/netty-transport-native-epoll/4.1.30.Final/netty-transport-native-epoll-4.1.30.Final.jar:/home/user/.m2/repository/io/netty/netty-common/4.1.30.Final/netty-common-4.1.30.Final.jar:/home/user/.m2/repository/io/netty/netty-buffer/4.1.30.Final/netty-buffer-4.1.30.Final.jar:/home/user/.m2/repository/io/netty/netty-transport/4.1.30.Final/netty-transport-4.1.30.Final.jar:/home/user/.m2/repository/io/netty/netty-resolver/4.1.30.Final/netty-resolver-4.1.30.Final.jar:/home/user/.m2/repository/io/netty/netty-transport-native-unix-common/4.1.30.Final/netty-transport-native-unix-common-4.1.30.Final.jar:/home/user/.m2/repository/io/grpc/grpc-protobuf/1.17.1/grpc-protobuf-1.17.1.jar:/home/user/.m2/repository/com/google/api/grpc/proto-google-common-protos/1.0.0/proto-google-common-protos-1.0.0.jar:/home/user/.m2/repository/io/grpc/grpc-protobuf-lite/1.17.1/grpc-protobuf-lite-1.17.1.jar:/home/user/.m2/repository/io/grpc/grpc-stub/1.17.1/grpc-stub-1.17.1.jar:/home/user/.m2/repository/org/apache/hadoop/hadoop-ozone-recon/0.5.0-SNAPSHOT/hadoop-ozone-recon-0.5.0-SNAPSHOT.jar:/home/user/.m2/repository/org/apache/hadoop/hadoop-ozone-reconcodegen/0.5.0-SNAPSHOT/hadoop-ozone-reconcodegen-0.5.0-SNAPSHOT.jar:/home/user/.m2/repository/com/google/inject/extensions/guice-multibindings/4.0/guice-multibindings-4.0.jar:/home/user/.m2/repository/com/google/inject/guice/4.0/guice-4.0.jar:/home/user/.m2/repository/aopalliance/aopalliance/1.0/aopalliance-1.0.jar:/home/user/.m2/repository/com/google/inject/extensions/guice-servlet/4.0/guice-servlet-4.0.jar:/home/user/.m2/repository/org/glassfish/jersey/containers/jersey-container-servlet/2.27/jersey-container-servlet-2.27.jar:/home/user/.m2/repository/org/glassfish/hk2/guice-bridge/2.5.0/guice-bridge-2.5.0.jar:/home/user/.m2/repository/org/glassfish/jersey/core/jersey-server/2.27/jersey-server-2.27.jar:/home/user/.m2/repository/org/glassfish/jersey/core/jersey-client/2.27/jersey-client-2.27.jar:/home/user/.m2/repository/org/glassfish/jersey/media/jersey-media-jaxb/2.27/jersey-media-jaxb-2.27.jar:/home/user/.m2/repository/javax/validation/validation-api/1.1.0.Final/validation-api-1.1.0.Final.jar:/home/user/.m2/repository/org/glassfish/jersey/media/jersey-media-json-jackson/2.27/jersey-media-json-jackson-2.27.jar:/home/user/.m2/repository/org/glassfish/jersey/ext/jersey-entity-filtering/2.27/jersey-entity-filtering-2.27.jar:/home/user/.m2/repository/com/google/inject/extensions/guice-assistedinject/4.0/guice-assistedinject-4.0.jar:/home/user/.m2/repository/org/jooq/jooq/3.11.10/jooq-3.11.10.jar:/home/user/.m2/repository/org/jooq/jooq-meta/3.11.10/jooq-meta-3.11.10.jar:/home/user/.m2/repository/org/jooq/jooq-codegen/3.11.10/jooq-codegen-3.11.10.jar:/home/user/.m2/repository/com/jolbox/bonecp/0.8.0.RELEASE/bonecp-0.8.0.RELEASE.jar:/home/user/.m2/repository/org/xerial/sqlite-jdbc/3.25.2/sqlite-jdbc-3.25.2.jar:/home/user/.m2/repository/org/springframework/spring-jdbc/5.1.3.RELEASE/spring-jdbc-5.1.3.RELEASE.jar:/home/user/.m2/repository/org/springframework/spring-beans/5.1.3.RELEASE/spring-beans-5.1.3.RELEASE.jar:/home/user/.m2/repository/org/springframework/spring-core/5.1.3.RELEASE/spring-core-5.1.3.RELEASE.jar:/home/user/.m2/repository/org/springframework/spring-jcl/5.1.3.RELEASE/spring-jcl-5.1.3.RELEASE.jar:/home/user/.m2/repository/org/springframework/spring-tx/5.1.3.RELEASE/spring-tx-5.1.3.RELEASE.jar:/home/user/.m2/repository/org/apache/hadoop/hadoop-ozone-client/0.5.0-SNAPSHOT/hadoop-ozone-client-0.5.0-SNAPSHOT.jar:/home/user/.m2/repository/commons-lang/commons-lang/2.6/commons-lang-2.6.jar:/home/user/.m2/repository/org/apache/hadoop/hadoop-ozone-ozone-manager/0.5.0-SNAPSHOT/hadoop-ozone-ozone-manager-0.5.0-SNAPSHOT-tests.jar:/home/user/.m2/repository/junit/junit/4.11/junit-4.11.jar:/home/user/.m2/repository/org/hamcrest/hamcrest-core/1.3/hamcrest-core-1.3.jar:/home/user/.m2/repository/org/openjdk/jmh/jmh-core/1.19/jmh-core-1.19.jar:/home/user/.m2/repository/net/sf/jopt-simple/jopt-simple/4.6/jopt-simple-4.6.jar:/home/user/.m2/repository/org/apache/commons/commons-math3/3.1.1/commons-math3-3.1.1.jar:/home/user/.m2/repository/org/openjdk/jmh/jmh-generator-annprocess/1.19/jmh-generator-annprocess-1.19.jar:/home/user/.m2/repository/org/mockito/mockito-all/1.8.5/mockito-all-1.8.5.jar:/home/user/.m2/repository/org/apache/hadoop/hadoop-kms/3.2.0/hadoop-kms-3.2.0.jar:/home/user/.m2/repository/org/apache/hadoop/hadoop-auth/3.2.0/hadoop-auth-3.2.0.jar:/home/user/.m2/repository/com/nimbusds/nimbus-jose-jwt/4.41.1/nimbus-jose-jwt-4.41.1.jar:/home/user/.m2/repository/com/github/stephenc/jcip/jcip-annotations/1.0-1/jcip-annotations-1.0-1.jar:/home/user/.m2/repository/net/minidev/json-smart/2.3/json-smart-2.3.jar:/home/user/.m2/repository/net/minidev/accessors-smart/1.2/accessors-smart-1.2.jar:/home/user/.m2/repository/org/ow2/asm/asm/5.0.4/asm-5.0.4.jar:/home/user/.m2/repository/org/apache/curator/curator-framework/2.12.0/curator-framework-2.12.0.jar:/home/user/.m2/repository/com/sun/jersey/jersey-core/1.19/jersey-core-1.19.jar:/home/user/.m2/repository/javax/ws/rs/jsr311-api/1.1.1/jsr311-api-1.1.1.jar:/home/user/.m2/repository/com/sun/jersey/jersey-server/1.19/jersey-server-1.19.jar:/home/user/.m2/repository/javax/servlet/javax.servlet-api/3.1.0/javax.servlet-api-3.1.0.jar:/home/user/.m2/repository/org/eclipse/jetty/jetty-server/9.3.25.v20180904/jetty-server-9.3.25.v20180904.jar:/home/user/.m2/repository/org/eclipse/jetty/jetty-http/9.3.25.v20180904/jetty-http-9.3.25.v20180904.jar:/home/user/.m2/repository/org/eclipse/jetty/jetty-io/9.3.25.v20180904/jetty-io-9.3.25.v20180904.jar:/home/user/.m2/repository/org/eclipse/jetty/jetty-webapp/9.3.25.v20180904/jetty-webapp-9.3.25.v20180904.jar:/home/user/.m2/repository/org/eclipse/jetty/jetty-xml/9.3.25.v20180904/jetty-xml-9.3.25.v20180904.jar:/home/user/.m2/repository/log4j/log4j/1.2.17/log4j-1.2.17.jar:/home/user/.m2/repository/org/slf4j/slf4j-api/1.7.25/slf4j-api-1.7.25.jar:/home/user/.m2/repository/org/slf4j/jul-to-slf4j/1.7.25/jul-to-slf4j-1.7.25.jar:/home/user/.m2/repository/org/eclipse/jetty/jetty-util/9.3.25.v20180904/jetty-util-9.3.25.v20180904.jar:/home/user/.m2/repository/com/fasterxml/jackson/core/jackson-databind/2.9.9/jackson-databind-2.9.9.jar:/home/user/.m2/repository/org/apache/hadoop/hadoop-kms/3.2.0/hadoop-kms-3.2.0-tests.jar:/home/user/.m2/repository/org/apache/hadoop/hadoop-hdds-server-scm/0.5.0-SNAPSHOT/hadoop-hdds-server-scm-0.5.0-SNAPSHOT-tests.jar:/home/user/.m2/repository/org/apache/hadoop/hadoop-hdds-container-service/0.5.0-SNAPSHOT/hadoop-hdds-container-service-0.5.0-SNAPSHOT-tests.jar:/home/user/.m2/repository/org/yaml/snakeyaml/1.16/snakeyaml-1.16.jar:/home/user/.m2/repository/org/apache/hadoop/hadoop-common/3.2.0/hadoop-common-3.2.0-tests.jar:/home/user/.m2/repository/org/apache/hadoop/hadoop-annotations/3.2.0/hadoop-annotations-3.2.0.jar:/usr/lib/jvm/java-1.8.0-openjdk-1.8.0.222.b10-1.el7_7.x86_64/jre/../lib/tools.jar:/home/user/.m2/repository/commons-cli/commons-cli/1.2/commons-cli-1.2.jar:/home/user/.m2/repository/org/apache/httpcomponents/httpclient/4.5.2/httpclient-4.5.2.jar:/home/user/.m2/repository/org/apache/httpcomponents/httpcore/4.4.4/httpcore-4.4.4.jar:/home/user/.m2/repository/commons-codec/commons-codec/1.11/commons-codec-1.11.jar:/home/user/.m2/repository/commons-net/commons-net/3.6/commons-net-3.6.jar:/home/user/.m2/repository/commons-collections/commons-collections/3.2.2/commons-collections-3.2.2.jar:/home/user/.m2/repository/org/eclipse/jetty/jetty-servlet/9.3.25.v20180904/jetty-servlet-9.3.25.v20180904.jar:/home/user/.m2/repository/org/eclipse/jetty/jetty-security/9.3.25.v20180904/jetty-security-9.3.25.v20180904.jar:/home/user/.m2/repository/javax/servlet/jsp/jsp-api/2.1/jsp-api-2.1.jar:/home/user/.m2/repository/com/sun/jersey/jersey-servlet/1.19/jersey-servlet-1.19.jar:/home/user/.m2/repository/com/sun/jersey/jersey-json/1.19/jersey-json-1.19.jar:/home/user/.m2/repository/org/codehaus/jettison/jettison/1.1/jettison-1.1.jar:/home/user/.m2/repository/org/codehaus/jackson/jackson-core-asl/1.9.13/jackson-core-asl-1.9.13.jar:/home/user/.m2/repository/org/codehaus/jackson/jackson-mapper-asl/1.9.13/jackson-mapper-asl-1.9.13.jar:/home/user/.m2/repository/org/codehaus/jackson/jackson-jaxrs/1.9.13/jackson-jaxrs-1.9.13.jar:/home/user/.m2/repository/org/codehaus/jackson/jackson-xc/1.9.13/jackson-xc-1.9.13.jar:/home/user/.m2/repository/commons-logging/commons-logging/1.1.3/commons-logging-1.1.3.jar:/home/user/.m2/repository/commons-beanutils/commons-beanutils/1.9.4/commons-beanutils-1.9.4.jar:/home/user/.m2/repository/org/apache/commons/commons-configuration2/2.1.1/commons-configuration2-2.1.1.jar:/home/user/.m2/repository/org/apache/commons/commons-lang3/3.7/commons-lang3-3.7.jar:/home/user/.m2/repository/org/apache/commons/commons-text/1.4/commons-text-1.4.jar:/home/user/.m2/repository/org/apache/avro/avro/1.7.7/avro-1.7.7.jar:/home/user/.m2/repository/com/thoughtworks/paranamer/paranamer/2.3/paranamer-2.3.jar:/home/user/.m2/repository/org/xerial/snappy/snappy-java/1.0.5/snappy-java-1.0.5.jar:/home/user/.m2/repository/com/google/re2j/re2j/1.1/re2j-1.1.jar:/home/user/.m2/repository/com/google/code/gson/gson/2.2.4/gson-2.2.4.jar:/home/user/.m2/repository/com/jcraft/jsch/0.1.54/jsch-0.1.54.jar:/home/user/.m2/repository/org/apache/curator/curator-client/2.12.0/curator-client-2.12.0.jar:/home/user/.m2/repository/org/apache/curator/curator-recipes/2.12.0/curator-recipes-2.12.0.jar:/home/user/.m2/repository/com/google/code/findbugs/jsr305/3.0.0/jsr305-3.0.0.jar:/home/user/.m2/repository/org/apache/htrace/htrace-core4/4.1.0-incubating/htrace-core4-4.1.0-incubating.jar:/home/user/.m2/repository/org/apache/zookeeper/zookeeper/3.4.13/zookeeper-3.4.13.jar:/home/user/.m2/repository/jline/jline/0.9.94/jline-0.9.94.jar:/home/user/.m2/repository/org/apache/yetus/audience-annotations/0.5.0/audience-annotations-0.5.0.jar:/home/user/.m2/repository/org/codehaus/woodstox/stax2-api/3.1.4/stax2-api-3.1.4.jar:/home/user/.m2/repository/com/fasterxml/woodstox/woodstox-core/5.0.3/woodstox-core-5.0.3.jar:/home/user/.m2/repository/dnsjava/dnsjava/2.1.7/dnsjava-2.1.7.jar:/home/user/.m2/repository/org/apache/hadoop/hadoop-hdfs/3.2.0/hadoop-hdfs-3.2.0-tests.jar:/home/user/.m2/repository/org/eclipse/jetty/jetty-util-ajax/9.3.25.v20180904/jetty-util-ajax-9.3.25.v20180904.jar:/home/user/.m2/repository/commons-daemon/commons-daemon/1.0.13/commons-daemon-1.0.13.jar:/home/user/.m2/repository/io/netty/netty/3.10.5.Final/netty-3.10.5.Final.jar:/home/user/.m2/repository/io/netty/netty-all/4.0.52.Final/netty-all-4.0.52.Final.jar:/home/user/.m2/repository/org/fusesource/leveldbjni/leveldbjni-all/1.8/leveldbjni-all-1.8.jar:"/>
    <property name="java.vm.vendor" value="Oracle Corporation"/>
    <property name="sun.arch.data.model" value="64"/>
    <property name="test.build.dir" value="/workdir/hadoop-ozone/integration-test/target/test-dir"/>
    <property name="test.cache.data" value=""/>
    <property name="java.vendor.url" value="http://java.oracle.com/"/>
    <property name="user.timezone" value=""/>
    <property name="java.vm.specification.version" value="1.8"/>
    <property name="os.name" value="Linux"/>
    <property name="test.build.data" value="/workdir/hadoop-ozone/integration-test/target/test-dir"/>
    <property name="user.country" value="US"/>
    <property name="sun.java.launcher" value="SUN_STANDARD"/>
    <property name="sun.boot.library.path" value="/usr/lib/jvm/java-1.8.0-openjdk-1.8.0.222.b10-1.el7_7.x86_64/jre/lib/amd64"/>
    <property name="sun.java.command" value="/workdir/hadoop-ozone/integration-test/target/surefire/surefirebooter6705098123591128388.jar /workdir/hadoop-ozone/integration-test/target/surefire 2019-10-15T15-18-31_558-jvmRun1 surefire8655304904343322241tmp surefire_366049550164194030862tmp"/>
    <property name="surefire.test.class.path" value="/workdir/hadoop-ozone/integration-test/target/test-classes:/workdir/hadoop-ozone/integration-test/target/classes:/home/user/.m2/repository/org/apache/hadoop/hadoop-ozone-common/0.5.0-SNAPSHOT/hadoop-ozone-common-0.5.0-SNAPSHOT.jar:/home/user/.m2/repository/org/apache/commons/commons-compress/1.4.1/commons-compress-1.4.1.jar:/home/user/.m2/repository/org/tukaani/xz/1.0/xz-1.0.jar:/home/user/.m2/repository/org/apache/hadoop/hadoop-common/3.2.0/hadoop-common-3.2.0.jar:/home/user/.m2/repository/org/apache/hadoop/hadoop-hdfs/3.2.0/hadoop-hdfs-3.2.0.jar:/home/user/.m2/repository/org/apache/hadoop/hadoop-hdfs-client/3.2.0/hadoop-hdfs-client-3.2.0.jar:/home/user/.m2/repository/com/fasterxml/jackson/core/jackson-annotations/2.9.9/jackson-annotations-2.9.9.jar:/home/user/.m2/repository/org/apache/hadoop/hadoop-hdds-common/0.5.0-SNAPSHOT/hadoop-hdds-common-0.5.0-SNAPSHOT.jar:/home/user/.m2/repository/javax/annotation/javax.annotation-api/1.2/javax.annotation-api-1.2.jar:/home/user/.m2/repository/org/apache/ratis/ratis-server/0.5.0-3f446aa-SNAPSHOT/ratis-server-0.5.0-3f446aa-SNAPSHOT.jar:/home/user/.m2/repository/org/apache/ratis/ratis-thirdparty-misc/0.2.0/ratis-thirdparty-misc-0.2.0.jar:/home/user/.m2/repository/org/apache/ratis/ratis-proto/0.5.0-3f446aa-SNAPSHOT/ratis-proto-0.5.0-3f446aa-SNAPSHOT.jar:/home/user/.m2/repository/org/apache/ratis/ratis-common/0.5.0-3f446aa-SNAPSHOT/ratis-common-0.5.0-3f446aa-SNAPSHOT.jar:/home/user/.m2/repository/org/apache/ratis/ratis-client/0.5.0-3f446aa-SNAPSHOT/ratis-client-0.5.0-3f446aa-SNAPSHOT.jar:/home/user/.m2/repository/org/apache/ratis/ratis-metrics/0.5.0-3f446aa-SNAPSHOT/ratis-metrics-0.5.0-3f446aa-SNAPSHOT.jar:/home/user/.m2/repository/com/github/joshelser/dropwizard-metrics-hadoop-metrics2-reporter/0.1.2/dropwizard-metrics-hadoop-metrics2-reporter-0.1.2.jar:/home/user/.m2/repository/io/dropwizard/metrics/metrics-jvm/3.2.5/metrics-jvm-3.2.5.jar:/home/user/.m2/repository/io/dropwizard/metrics/metrics-ganglia/3.2.5/metrics-ganglia-3.2.5.jar:/home/user/.m2/repository/info/ganglia/gmetric4j/gmetric4j/1.0.7/gmetric4j-1.0.7.jar:/home/user/.m2/repository/org/apache/ratis/ratis-netty/0.5.0-3f446aa-SNAPSHOT/ratis-netty-0.5.0-3f446aa-SNAPSHOT.jar:/home/user/.m2/repository/org/apache/ratis/ratis-grpc/0.5.0-3f446aa-SNAPSHOT/ratis-grpc-0.5.0-3f446aa-SNAPSHOT.jar:/home/user/.m2/repository/org/rocksdb/rocksdbjni/6.0.1/rocksdbjni-6.0.1.jar:/home/user/.m2/repository/org/apache/logging/log4j/log4j-api/2.11.0/log4j-api-2.11.0.jar:/home/user/.m2/repository/org/apache/logging/log4j/log4j-core/2.11.0/log4j-core-2.11.0.jar:/home/user/.m2/repository/com/lmax/disruptor/3.4.2/disruptor-3.4.2.jar:/home/user/.m2/repository/org/apache/commons/commons-pool2/2.6.0/commons-pool2-2.6.0.jar:/home/user/.m2/repository/org/bouncycastle/bcpkix-jdk15on/1.60/bcpkix-jdk15on-1.60.jar:/home/user/.m2/repository/commons-validator/commons-validator/1.6/commons-validator-1.6.jar:/home/user/.m2/repository/commons-digester/commons-digester/1.8.1/commons-digester-1.8.1.jar:/home/user/.m2/repository/io/jaegertracing/jaeger-client/0.34.0/jaeger-client-0.34.0.jar:/home/user/.m2/repository/io/jaegertracing/jaeger-thrift/0.34.0/jaeger-thrift-0.34.0.jar:/home/user/.m2/repository/org/apache/thrift/libthrift/0.12.0/libthrift-0.12.0.jar:/home/user/.m2/repository/com/squareup/okhttp3/okhttp/3.9.0/okhttp-3.9.0.jar:/home/user/.m2/repository/com/squareup/okio/okio/1.13.0/okio-1.13.0.jar:/home/user/.m2/repository/io/jaegertracing/jaeger-core/0.34.0/jaeger-core-0.34.0.jar:/home/user/.m2/repository/io/jaegertracing/jaeger-tracerresolver/0.34.0/jaeger-tracerresolver-0.34.0.jar:/home/user/.m2/repository/io/opentracing/contrib/opentracing-tracerresolver/0.1.5/opentracing-tracerresolver-0.1.5.jar:/home/user/.m2/repository/io/opentracing/opentracing-util/0.31.0/opentracing-util-0.31.0.jar:/home/user/.m2/repository/io/opentracing/opentracing-api/0.31.0/opentracing-api-0.31.0.jar:/home/user/.m2/repository/io/opentracing/opentracing-noop/0.31.0/opentracing-noop-0.31.0.jar:/home/user/.m2/repository/org/apache/hadoop/hadoop-hdds-server-framework/0.5.0-SNAPSHOT/hadoop-hdds-server-framework-0.5.0-SNAPSHOT.jar:/home/user/.m2/repository/org/apache/hadoop/hadoop-hdds-container-service/0.5.0-SNAPSHOT/hadoop-hdds-container-service-0.5.0-SNAPSHOT.jar:/home/user/.m2/repository/org/apache/hadoop/hadoop-hdds-client/0.5.0-SNAPSHOT/hadoop-hdds-client-0.5.0-SNAPSHOT.jar:/home/user/.m2/repository/org/apache/hadoop/hadoop-hdds-tools/0.5.0-SNAPSHOT/hadoop-hdds-tools-0.5.0-SNAPSHOT.jar:/home/user/.m2/repository/org/apache/hadoop/hadoop-hdds-server-scm/0.5.0-SNAPSHOT/hadoop-hdds-server-scm-0.5.0-SNAPSHOT.jar:/home/user/.m2/repository/org/apache/hadoop/hadoop-hdds-docs/0.5.0-SNAPSHOT/hadoop-hdds-docs-0.5.0-SNAPSHOT.jar:/home/user/.m2/repository/io/dropwizard/metrics/metrics-core/3.2.4/metrics-core-3.2.4.jar:/home/user/.m2/repository/org/hamcrest/hamcrest-all/1.3/hamcrest-all-1.3.jar:/home/user/.m2/repository/org/bouncycastle/bcprov-jdk15on/1.60/bcprov-jdk15on-1.60.jar:/home/user/.m2/repository/info/picocli/picocli/3.9.6/picocli-3.9.6.jar:/home/user/.m2/repository/com/google/protobuf/protobuf-java/2.5.0/protobuf-java-2.5.0.jar:/home/user/.m2/repository/com/google/guava/guava/11.0.2/guava-11.0.2.jar:/home/user/.m2/repository/org/apache/hadoop/hadoop-ozone-ozone-manager/0.5.0-SNAPSHOT/hadoop-ozone-ozone-manager-0.5.0-SNAPSHOT.jar:/home/user/.m2/repository/org/apache/hadoop/hadoop-minikdc/3.2.0/hadoop-minikdc-3.2.0.jar:/home/user/.m2/repository/commons-io/commons-io/2.5/commons-io-2.5.jar:/home/user/.m2/repository/org/apache/kerby/kerb-simplekdc/1.0.1/kerb-simplekdc-1.0.1.jar:/home/user/.m2/repository/org/apache/kerby/kerb-client/1.0.1/kerb-client-1.0.1.jar:/home/user/.m2/repository/org/apache/kerby/kerby-config/1.0.1/kerby-config-1.0.1.jar:/home/user/.m2/repository/org/apache/kerby/kerb-core/1.0.1/kerb-core-1.0.1.jar:/home/user/.m2/repository/org/apache/kerby/kerby-pkix/1.0.1/kerby-pkix-1.0.1.jar:/home/user/.m2/repository/org/apache/kerby/kerby-asn1/1.0.1/kerby-asn1-1.0.1.jar:/home/user/.m2/repository/org/apache/kerby/kerby-util/1.0.1/kerby-util-1.0.1.jar:/home/user/.m2/repository/org/apache/kerby/kerb-common/1.0.1/kerb-common-1.0.1.jar:/home/user/.m2/repository/org/apache/kerby/kerb-crypto/1.0.1/kerb-crypto-1.0.1.jar:/home/user/.m2/repository/org/apache/kerby/kerb-util/1.0.1/kerb-util-1.0.1.jar:/home/user/.m2/repository/org/apache/kerby/token-provider/1.0.1/token-provider-1.0.1.jar:/home/user/.m2/repository/org/apache/kerby/kerb-admin/1.0.1/kerb-admin-1.0.1.jar:/home/user/.m2/repository/org/apache/kerby/kerb-server/1.0.1/kerb-server-1.0.1.jar:/home/user/.m2/repository/org/apache/kerby/kerb-identity/1.0.1/kerb-identity-1.0.1.jar:/home/user/.m2/repository/org/apache/kerby/kerby-xdr/1.0.1/kerby-xdr-1.0.1.jar:/home/user/.m2/repository/org/slf4j/slf4j-log4j12/1.7.25/slf4j-log4j12-1.7.25.jar:/home/user/.m2/repository/org/apache/hadoop/hadoop-ozone-s3gateway/0.5.0-SNAPSHOT/hadoop-ozone-s3gateway-0.5.0-SNAPSHOT.jar:/home/user/.m2/repository/org/jboss/weld/servlet/weld-servlet/2.4.7.Final/weld-servlet-2.4.7.Final.jar:/home/user/.m2/repository/org/glassfish/jersey/containers/jersey-container-servlet-core/2.27/jersey-container-servlet-core-2.27.jar:/home/user/.m2/repository/org/glassfish/hk2/external/javax.inject/2.5.0-b42/javax.inject-2.5.0-b42.jar:/home/user/.m2/repository/org/glassfish/jersey/core/jersey-common/2.27/jersey-common-2.27.jar:/home/user/.m2/repository/org/glassfish/hk2/osgi-resource-locator/1.0.1/osgi-resource-locator-1.0.1.jar:/home/user/.m2/repository/javax/ws/rs/javax.ws.rs-api/2.1/javax.ws.rs-api-2.1.jar:/home/user/.m2/repository/org/glassfish/jersey/ext/cdi/jersey-cdi1x/2.27/jersey-cdi1x-2.27.jar:/home/user/.m2/repository/org/glassfish/jersey/inject/jersey-hk2/2.27/jersey-hk2-2.27.jar:/home/user/.m2/repository/org/glassfish/hk2/hk2-locator/2.5.0-b42/hk2-locator-2.5.0-b42.jar:/home/user/.m2/repository/org/javassist/javassist/3.22.0-CR2/javassist-3.22.0-CR2.jar:/home/user/.m2/repository/org/glassfish/hk2/hk2-api/2.5.0/hk2-api-2.5.0.jar:/home/user/.m2/repository/org/glassfish/hk2/external/jakarta.inject/2.5.0/jakarta.inject-2.5.0.jar:/home/user/.m2/repository/org/glassfish/hk2/hk2-utils/2.5.0/hk2-utils-2.5.0.jar:/home/user/.m2/repository/jakarta/annotation/jakarta.annotation-api/1.3.4/jakarta.annotation-api-1.3.4.jar:/home/user/.m2/repository/org/glassfish/hk2/external/aopalliance-repackaged/2.5.0/aopalliance-repackaged-2.5.0.jar:/home/user/.m2/repository/com/fasterxml/jackson/dataformat/jackson-dataformat-xml/2.9.0/jackson-dataformat-xml-2.9.0.jar:/home/user/.m2/repository/com/fasterxml/jackson/core/jackson-core/2.9.9/jackson-core-2.9.9.jar:/home/user/.m2/repository/com/fasterxml/jackson/module/jackson-module-jaxb-annotations/2.9.9/jackson-module-jaxb-annotations-2.9.9.jar:/home/user/.m2/repository/javax/enterprise/cdi-api/1.2/cdi-api-1.2.jar:/home/user/.m2/repository/javax/el/javax.el-api/3.0.0/javax.el-api-3.0.0.jar:/home/user/.m2/repository/javax/interceptor/javax.interceptor-api/1.2/javax.interceptor-api-1.2.jar:/home/user/.m2/repository/javax/inject/javax.inject/1/javax.inject-1.jar:/home/user/.m2/repository/com/sun/xml/bind/jaxb-impl/2.3.0.1/jaxb-impl-2.3.0.1.jar:/home/user/.m2/repository/com/sun/xml/bind/jaxb-core/2.3.0.1/jaxb-core-2.3.0.1.jar:/home/user/.m2/repository/javax/xml/bind/jaxb-api/2.3.0/jaxb-api-2.3.0.jar:/home/user/.m2/repository/javax/activation/activation/1.1.1/activation-1.1.1.jar:/home/user/.m2/repository/org/apache/hadoop/hadoop-ozone-csi/0.5.0-SNAPSHOT/hadoop-ozone-csi-0.5.0-SNAPSHOT.jar:/home/user/.m2/repository/com/google/protobuf/protobuf-java-util/3.5.1/protobuf-java-util-3.5.1.jar:/home/user/.m2/repository/org/apache/hadoop/hadoop-hdds-config/0.5.0-SNAPSHOT/hadoop-hdds-config-0.5.0-SNAPSHOT.jar:/home/user/.m2/repository/io/grpc/grpc-netty/1.17.1/grpc-netty-1.17.1.jar:/home/user/.m2/repository/io/grpc/grpc-core/1.17.1/grpc-core-1.17.1.jar:/home/user/.m2/repository/io/grpc/grpc-context/1.17.1/grpc-context-1.17.1.jar:/home/user/.m2/repository/com/google/errorprone/error_prone_annotations/2.2.0/error_prone_annotations-2.2.0.jar:/home/user/.m2/repository/org/codehaus/mojo/animal-sniffer-annotations/1.17/animal-sniffer-annotations-1.17.jar:/home/user/.m2/repository/io/opencensus/opencensus-api/0.17.0/opencensus-api-0.17.0.jar:/home/user/.m2/repository/io/opencensus/opencensus-contrib-grpc-metrics/0.17.0/opencensus-contrib-grpc-metrics-0.17.0.jar:/home/user/.m2/repository/io/netty/netty-codec-http2/4.1.30.Final/netty-codec-http2-4.1.30.Final.jar:/home/user/.m2/repository/io/netty/netty-codec-http/4.1.30.Final/netty-codec-http-4.1.30.Final.jar:/home/user/.m2/repository/io/netty/netty-codec/4.1.30.Final/netty-codec-4.1.30.Final.jar:/home/user/.m2/repository/io/netty/netty-handler/4.1.30.Final/netty-handler-4.1.30.Final.jar:/home/user/.m2/repository/io/netty/netty-handler-proxy/4.1.30.Final/netty-handler-proxy-4.1.30.Final.jar:/home/user/.m2/repository/io/netty/netty-codec-socks/4.1.30.Final/netty-codec-socks-4.1.30.Final.jar:/home/user/.m2/repository/io/netty/netty-transport-native-epoll/4.1.30.Final/netty-transport-native-epoll-4.1.30.Final.jar:/home/user/.m2/repository/io/netty/netty-common/4.1.30.Final/netty-common-4.1.30.Final.jar:/home/user/.m2/repository/io/netty/netty-buffer/4.1.30.Final/netty-buffer-4.1.30.Final.jar:/home/user/.m2/repository/io/netty/netty-transport/4.1.30.Final/netty-transport-4.1.30.Final.jar:/home/user/.m2/repository/io/netty/netty-resolver/4.1.30.Final/netty-resolver-4.1.30.Final.jar:/home/user/.m2/repository/io/netty/netty-transport-native-unix-common/4.1.30.Final/netty-transport-native-unix-common-4.1.30.Final.jar:/home/user/.m2/repository/io/grpc/grpc-protobuf/1.17.1/grpc-protobuf-1.17.1.jar:/home/user/.m2/repository/com/google/api/grpc/proto-google-common-protos/1.0.0/proto-google-common-protos-1.0.0.jar:/home/user/.m2/repository/io/grpc/grpc-protobuf-lite/1.17.1/grpc-protobuf-lite-1.17.1.jar:/home/user/.m2/repository/io/grpc/grpc-stub/1.17.1/grpc-stub-1.17.1.jar:/home/user/.m2/repository/org/apache/hadoop/hadoop-ozone-recon/0.5.0-SNAPSHOT/hadoop-ozone-recon-0.5.0-SNAPSHOT.jar:/home/user/.m2/repository/org/apache/hadoop/hadoop-ozone-reconcodegen/0.5.0-SNAPSHOT/hadoop-ozone-reconcodegen-0.5.0-SNAPSHOT.jar:/home/user/.m2/repository/com/google/inject/extensions/guice-multibindings/4.0/guice-multibindings-4.0.jar:/home/user/.m2/repository/com/google/inject/guice/4.0/guice-4.0.jar:/home/user/.m2/repository/aopalliance/aopalliance/1.0/aopalliance-1.0.jar:/home/user/.m2/repository/com/google/inject/extensions/guice-servlet/4.0/guice-servlet-4.0.jar:/home/user/.m2/repository/org/glassfish/jersey/containers/jersey-container-servlet/2.27/jersey-container-servlet-2.27.jar:/home/user/.m2/repository/org/glassfish/hk2/guice-bridge/2.5.0/guice-bridge-2.5.0.jar:/home/user/.m2/repository/org/glassfish/jersey/core/jersey-server/2.27/jersey-server-2.27.jar:/home/user/.m2/repository/org/glassfish/jersey/core/jersey-client/2.27/jersey-client-2.27.jar:/home/user/.m2/repository/org/glassfish/jersey/media/jersey-media-jaxb/2.27/jersey-media-jaxb-2.27.jar:/home/user/.m2/repository/javax/validation/validation-api/1.1.0.Final/validation-api-1.1.0.Final.jar:/home/user/.m2/repository/org/glassfish/jersey/media/jersey-media-json-jackson/2.27/jersey-media-json-jackson-2.27.jar:/home/user/.m2/repository/org/glassfish/jersey/ext/jersey-entity-filtering/2.27/jersey-entity-filtering-2.27.jar:/home/user/.m2/repository/com/google/inject/extensions/guice-assistedinject/4.0/guice-assistedinject-4.0.jar:/home/user/.m2/repository/org/jooq/jooq/3.11.10/jooq-3.11.10.jar:/home/user/.m2/repository/org/jooq/jooq-meta/3.11.10/jooq-meta-3.11.10.jar:/home/user/.m2/repository/org/jooq/jooq-codegen/3.11.10/jooq-codegen-3.11.10.jar:/home/user/.m2/repository/com/jolbox/bonecp/0.8.0.RELEASE/bonecp-0.8.0.RELEASE.jar:/home/user/.m2/repository/org/xerial/sqlite-jdbc/3.25.2/sqlite-jdbc-3.25.2.jar:/home/user/.m2/repository/org/springframework/spring-jdbc/5.1.3.RELEASE/spring-jdbc-5.1.3.RELEASE.jar:/home/user/.m2/repository/org/springframework/spring-beans/5.1.3.RELEASE/spring-beans-5.1.3.RELEASE.jar:/home/user/.m2/repository/org/springframework/spring-core/5.1.3.RELEASE/spring-core-5.1.3.RELEASE.jar:/home/user/.m2/repository/org/springframework/spring-jcl/5.1.3.RELEASE/spring-jcl-5.1.3.RELEASE.jar:/home/user/.m2/repository/org/springframework/spring-tx/5.1.3.RELEASE/spring-tx-5.1.3.RELEASE.jar:/home/user/.m2/repository/org/apache/hadoop/hadoop-ozone-client/0.5.0-SNAPSHOT/hadoop-ozone-client-0.5.0-SNAPSHOT.jar:/home/user/.m2/repository/commons-lang/commons-lang/2.6/commons-lang-2.6.jar:/home/user/.m2/repository/org/apache/hadoop/hadoop-ozone-ozone-manager/0.5.0-SNAPSHOT/hadoop-ozone-ozone-manager-0.5.0-SNAPSHOT-tests.jar:/home/user/.m2/repository/junit/junit/4.11/junit-4.11.jar:/home/user/.m2/repository/org/hamcrest/hamcrest-core/1.3/hamcrest-core-1.3.jar:/home/user/.m2/repository/org/openjdk/jmh/jmh-core/1.19/jmh-core-1.19.jar:/home/user/.m2/repository/net/sf/jopt-simple/jopt-simple/4.6/jopt-simple-4.6.jar:/home/user/.m2/repository/org/apache/commons/commons-math3/3.1.1/commons-math3-3.1.1.jar:/home/user/.m2/repository/org/openjdk/jmh/jmh-generator-annprocess/1.19/jmh-generator-annprocess-1.19.jar:/home/user/.m2/repository/org/mockito/mockito-all/1.8.5/mockito-all-1.8.5.jar:/home/user/.m2/repository/org/apache/hadoop/hadoop-kms/3.2.0/hadoop-kms-3.2.0.jar:/home/user/.m2/repository/org/apache/hadoop/hadoop-auth/3.2.0/hadoop-auth-3.2.0.jar:/home/user/.m2/repository/com/nimbusds/nimbus-jose-jwt/4.41.1/nimbus-jose-jwt-4.41.1.jar:/home/user/.m2/repository/com/github/stephenc/jcip/jcip-annotations/1.0-1/jcip-annotations-1.0-1.jar:/home/user/.m2/repository/net/minidev/json-smart/2.3/json-smart-2.3.jar:/home/user/.m2/repository/net/minidev/accessors-smart/1.2/accessors-smart-1.2.jar:/home/user/.m2/repository/org/ow2/asm/asm/5.0.4/asm-5.0.4.jar:/home/user/.m2/repository/org/apache/curator/curator-framework/2.12.0/curator-framework-2.12.0.jar:/home/user/.m2/repository/com/sun/jersey/jersey-core/1.19/jersey-core-1.19.jar:/home/user/.m2/repository/javax/ws/rs/jsr311-api/1.1.1/jsr311-api-1.1.1.jar:/home/user/.m2/repository/com/sun/jersey/jersey-server/1.19/jersey-server-1.19.jar:/home/user/.m2/repository/javax/servlet/javax.servlet-api/3.1.0/javax.servlet-api-3.1.0.jar:/home/user/.m2/repository/org/eclipse/jetty/jetty-server/9.3.25.v20180904/jetty-server-9.3.25.v20180904.jar:/home/user/.m2/repository/org/eclipse/jetty/jetty-http/9.3.25.v20180904/jetty-http-9.3.25.v20180904.jar:/home/user/.m2/repository/org/eclipse/jetty/jetty-io/9.3.25.v20180904/jetty-io-9.3.25.v20180904.jar:/home/user/.m2/repository/org/eclipse/jetty/jetty-webapp/9.3.25.v20180904/jetty-webapp-9.3.25.v20180904.jar:/home/user/.m2/repository/org/eclipse/jetty/jetty-xml/9.3.25.v20180904/jetty-xml-9.3.25.v20180904.jar:/home/user/.m2/repository/log4j/log4j/1.2.17/log4j-1.2.17.jar:/home/user/.m2/repository/org/slf4j/slf4j-api/1.7.25/slf4j-api-1.7.25.jar:/home/user/.m2/repository/org/slf4j/jul-to-slf4j/1.7.25/jul-to-slf4j-1.7.25.jar:/home/user/.m2/repository/org/eclipse/jetty/jetty-util/9.3.25.v20180904/jetty-util-9.3.25.v20180904.jar:/home/user/.m2/repository/com/fasterxml/jackson/core/jackson-databind/2.9.9/jackson-databind-2.9.9.jar:/home/user/.m2/repository/org/apache/hadoop/hadoop-kms/3.2.0/hadoop-kms-3.2.0-tests.jar:/home/user/.m2/repository/org/apache/hadoop/hadoop-hdds-server-scm/0.5.0-SNAPSHOT/hadoop-hdds-server-scm-0.5.0-SNAPSHOT-tests.jar:/home/user/.m2/repository/org/apache/hadoop/hadoop-hdds-container-service/0.5.0-SNAPSHOT/hadoop-hdds-container-service-0.5.0-SNAPSHOT-tests.jar:/home/user/.m2/repository/org/yaml/snakeyaml/1.16/snakeyaml-1.16.jar:/home/user/.m2/repository/org/apache/hadoop/hadoop-common/3.2.0/hadoop-common-3.2.0-tests.jar:/home/user/.m2/repository/org/apache/hadoop/hadoop-annotations/3.2.0/hadoop-annotations-3.2.0.jar:/usr/lib/jvm/java-1.8.0-openjdk-1.8.0.222.b10-1.el7_7.x86_64/jre/../lib/tools.jar:/home/user/.m2/repository/commons-cli/commons-cli/1.2/commons-cli-1.2.jar:/home/user/.m2/repository/org/apache/httpcomponents/httpclient/4.5.2/httpclient-4.5.2.jar:/home/user/.m2/repository/org/apache/httpcomponents/httpcore/4.4.4/httpcore-4.4.4.jar:/home/user/.m2/repository/commons-codec/commons-codec/1.11/commons-codec-1.11.jar:/home/user/.m2/repository/commons-net/commons-net/3.6/commons-net-3.6.jar:/home/user/.m2/repository/commons-collections/commons-collections/3.2.2/commons-collections-3.2.2.jar:/home/user/.m2/repository/org/eclipse/jetty/jetty-servlet/9.3.25.v20180904/jetty-servlet-9.3.25.v20180904.jar:/home/user/.m2/repository/org/eclipse/jetty/jetty-security/9.3.25.v20180904/jetty-security-9.3.25.v20180904.jar:/home/user/.m2/repository/javax/servlet/jsp/jsp-api/2.1/jsp-api-2.1.jar:/home/user/.m2/repository/com/sun/jersey/jersey-servlet/1.19/jersey-servlet-1.19.jar:/home/user/.m2/repository/com/sun/jersey/jersey-json/1.19/jersey-json-1.19.jar:/home/user/.m2/repository/org/codehaus/jettison/jettison/1.1/jettison-1.1.jar:/home/user/.m2/repository/org/codehaus/jackson/jackson-core-asl/1.9.13/jackson-core-asl-1.9.13.jar:/home/user/.m2/repository/org/codehaus/jackson/jackson-mapper-asl/1.9.13/jackson-mapper-asl-1.9.13.jar:/home/user/.m2/repository/org/codehaus/jackson/jackson-jaxrs/1.9.13/jackson-jaxrs-1.9.13.jar:/home/user/.m2/repository/org/codehaus/jackson/jackson-xc/1.9.13/jackson-xc-1.9.13.jar:/home/user/.m2/repository/commons-logging/commons-logging/1.1.3/commons-logging-1.1.3.jar:/home/user/.m2/repository/commons-beanutils/commons-beanutils/1.9.4/commons-beanutils-1.9.4.jar:/home/user/.m2/repository/org/apache/commons/commons-configuration2/2.1.1/commons-configuration2-2.1.1.jar:/home/user/.m2/repository/org/apache/commons/commons-lang3/3.7/commons-lang3-3.7.jar:/home/user/.m2/repository/org/apache/commons/commons-text/1.4/commons-text-1.4.jar:/home/user/.m2/repository/org/apache/avro/avro/1.7.7/avro-1.7.7.jar:/home/user/.m2/repository/com/thoughtworks/paranamer/paranamer/2.3/paranamer-2.3.jar:/home/user/.m2/repository/org/xerial/snappy/snappy-java/1.0.5/snappy-java-1.0.5.jar:/home/user/.m2/repository/com/google/re2j/re2j/1.1/re2j-1.1.jar:/home/user/.m2/repository/com/google/code/gson/gson/2.2.4/gson-2.2.4.jar:/home/user/.m2/repository/com/jcraft/jsch/0.1.54/jsch-0.1.54.jar:/home/user/.m2/repository/org/apache/curator/curator-client/2.12.0/curator-client-2.12.0.jar:/home/user/.m2/repository/org/apache/curator/curator-recipes/2.12.0/curator-recipes-2.12.0.jar:/home/user/.m2/repository/com/google/code/findbugs/jsr305/3.0.0/jsr305-3.0.0.jar:/home/user/.m2/repository/org/apache/htrace/htrace-core4/4.1.0-incubating/htrace-core4-4.1.0-incubating.jar:/home/user/.m2/repository/org/apache/zookeeper/zookeeper/3.4.13/zookeeper-3.4.13.jar:/home/user/.m2/repository/jline/jline/0.9.94/jline-0.9.94.jar:/home/user/.m2/repository/org/apache/yetus/audience-annotations/0.5.0/audience-annotations-0.5.0.jar:/home/user/.m2/repository/org/codehaus/woodstox/stax2-api/3.1.4/stax2-api-3.1.4.jar:/home/user/.m2/repository/com/fasterxml/woodstox/woodstox-core/5.0.3/woodstox-core-5.0.3.jar:/home/user/.m2/repository/dnsjava/dnsjava/2.1.7/dnsjava-2.1.7.jar:/home/user/.m2/repository/org/apache/hadoop/hadoop-hdfs/3.2.0/hadoop-hdfs-3.2.0-tests.jar:/home/user/.m2/repository/org/eclipse/jetty/jetty-util-ajax/9.3.25.v20180904/jetty-util-ajax-9.3.25.v20180904.jar:/home/user/.m2/repository/commons-daemon/commons-daemon/1.0.13/commons-daemon-1.0.13.jar:/home/user/.m2/repository/io/netty/netty/3.10.5.Final/netty-3.10.5.Final.jar:/home/user/.m2/repository/io/netty/netty-all/4.0.52.Final/netty-all-4.0.52.Final.jar:/home/user/.m2/repository/org/fusesource/leveldbjni/leveldbjni-all/1.8/leveldbjni-all-1.8.jar:"/>
    <property name="sun.cpu.endian" value="little"/>
    <property name="user.home" value="/home/user"/>
    <property name="user.language" value="en"/>
    <property name="java.specification.vendor" value="Oracle Corporation"/>
    <property name="java.home" value="/usr/lib/jvm/java-1.8.0-openjdk-1.8.0.222.b10-1.el7_7.x86_64/jre"/>
    <property name="surefire.excludesFile" value="/tools/ozone-bad-unit-tests"/>
    <property name="java.security.krb5.conf" value="/workdir/hadoop-ozone/integration-test/target/test-classes/krb5.conf"/>
    <property name="basedir" value="/workdir/hadoop-ozone/integration-test"/>
    <property name="file.separator" value="/"/>
    <property name="line.separator" value="&#10;"/>
    <property name="java.vm.specification.vendor" value="Oracle Corporation"/>
    <property name="java.specification.name" value="Java Platform API Specification"/>
    <property name="java.awt.graphicsenv" value="sun.awt.X11GraphicsEnvironment"/>
    <property name="surefire.real.class.path" value="/workdir/hadoop-ozone/integration-test/target/surefire/surefirebooter6705098123591128388.jar"/>
    <property name="hadoop.log.dir" value="/workdir/hadoop-ozone/integration-test/target/log"/>
    <property name="sun.boot.class.path" value="/usr/lib/jvm/java-1.8.0-openjdk-1.8.0.222.b10-1.el7_7.x86_64/jre/lib/resources.jar:/usr/lib/jvm/java-1.8.0-openjdk-1.8.0.222.b10-1.el7_7.x86_64/jre/lib/rt.jar:/usr/lib/jvm/java-1.8.0-openjdk-1.8.0.222.b10-1.el7_7.x86_64/jre/lib/sunrsasign.jar:/usr/lib/jvm/java-1.8.0-openjdk-1.8.0.222.b10-1.el7_7.x86_64/jre/lib/jsse.jar:/usr/lib/jvm/java-1.8.0-openjdk-1.8.0.222.b10-1.el7_7.x86_64/jre/lib/jce.jar:/usr/lib/jvm/java-1.8.0-openjdk-1.8.0.222.b10-1.el7_7.x86_64/jre/lib/charsets.jar:/usr/lib/jvm/java-1.8.0-openjdk-1.8.0.222.b10-1.el7_7.x86_64/jre/lib/jfr.jar:/usr/lib/jvm/java-1.8.0-openjdk-1.8.0.222.b10-1.el7_7.x86_64/jre/classes"/>
    <property name="sun.management.compiler" value="HotSpot 64-Bit Tiered Compilers"/>
    <property name="java.runtime.version" value="1.8.0_222-b10"/>
    <property name="java.net.preferIPv4Stack" value="true"/>
    <property name="user.name" value="jenkins1000"/>
    <property name="path.separator" value=":"/>
    <property name="java.security.egd" value="file:///dev/urandom"/>
    <property name="os.version" value="3.10.0-957.12.2.el7.x86_64"/>
    <property name="java.endorsed.dirs" value="/usr/lib/jvm/java-1.8.0-openjdk-1.8.0.222.b10-1.el7_7.x86_64/jre/lib/endorsed"/>
    <property name="java.runtime.name" value="OpenJDK Runtime Environment"/>
    <property name="file.encoding" value="ANSI_X3.4-1968"/>
    <property name="java.vm.name" value="OpenJDK 64-Bit Server VM"/>
    <property name="test.build.webapps" value=""/>
    <property name="localRepository" value="/home/user/.m2/repository"/>
    <property name="java.vendor.url.bug" value="http://bugreport.sun.com/bugreport/"/>
    <property name="java.io.tmpdir" value="/tmp"/>
    <property name="require.test.libhadoop" value=""/>
    <property name="java.version" value="1.8.0_222"/>
    <property name="user.dir" value="/workdir/hadoop-ozone/integration-test"/>
    <property name="os.arch" value="amd64"/>
    <property name="java.vm.specification.name" value="Java Virtual Machine Specification"/>
    <property name="test.build.classes" value="/workdir/hadoop-ozone/integration-test/target/test-classes"/>
    <property name="java.awt.printerjob" value="sun.print.PSPrinterJob"/>
    <property name="sun.os.patch.level" value="unknown"/>
    <property name="hadoop.tmp.dir" value="/workdir/hadoop-ozone/integration-test/target/tmp"/>
    <property name="java.library.path" value="/usr/lib:/workdir/hadoop-ozone/integration-test/target/native/target/usr/local/lib:/workdir/hadoop-ozone/integration-test/../../hadoop-common-project/hadoop-common/target/native/target/usr/local/lib:/usr/java/packages/lib/amd64:/usr/lib64:/lib64:/lib:/usr/lib"/>
    <property name="java.vm.info" value="mixed mode"/>
    <property name="java.vendor" value="Oracle Corporation"/>
    <property name="java.vm.version" value="25.222-b10"/>
    <property name="java.ext.dirs" value="/usr/lib/jvm/java-1.8.0-openjdk-1.8.0.222.b10-1.el7_7.x86_64/jre/lib/ext:/usr/java/packages/lib/ext"/>
    <property name="sun.io.unicode.encoding" value="UnicodeLittle"/>
    <property name="java.class.version" value="52.0"/>
  </properties>
  <testcase name="test" classname="org.apache.hadoop.ozone.scm.TestSCMContainerPlacementPolicyMetrics" time="81.052">
    <error message="test timed out after 60000 milliseconds" type="java.lang.Exception">java.lang.Exception: test timed out after 60000 milliseconds
	at sun.misc.Unsafe.park(Native Method)
	at java.util.concurrent.locks.LockSupport.park(LockSupport.java:175)
	at java.util.concurrent.CompletableFuture$Signaller.block(CompletableFuture.java:1693)
	at java.util.concurrent.ForkJoinPool.managedBlock(ForkJoinPool.java:3323)
	at java.util.concurrent.CompletableFuture.waitingGet(CompletableFuture.java:1729)
	at java.util.concurrent.CompletableFuture.get(CompletableFuture.java:1895)
	at org.apache.hadoop.hdds.scm.storage.BlockOutputStream.waitOnFlushFutures(BlockOutputStream.java:518)
	at org.apache.hadoop.hdds.scm.storage.BlockOutputStream.handleFlush(BlockOutputStream.java:481)
	at org.apache.hadoop.hdds.scm.storage.BlockOutputStream.close(BlockOutputStream.java:496)
	at org.apache.hadoop.ozone.client.io.BlockOutputStreamEntry.close(BlockOutputStreamEntry.java:143)
	at org.apache.hadoop.ozone.client.io.KeyOutputStream.handleFlushOrClose(KeyOutputStream.java:435)
	at org.apache.hadoop.ozone.client.io.KeyOutputStream.close(KeyOutputStream.java:473)
	at org.apache.hadoop.ozone.client.io.OzoneOutputStream.close(OzoneOutputStream.java:60)
	at org.apache.hadoop.ozone.scm.TestSCMContainerPlacementPolicyMetrics.test(TestSCMContainerPlacementPolicyMetrics.java:112)
	at sun.reflect.NativeMethodAccessorImpl.invoke0(Native Method)
	at sun.reflect.NativeMethodAccessorImpl.invoke(NativeMethodAccessorImpl.java:62)
	at sun.reflect.DelegatingMethodAccessorImpl.invoke(DelegatingMethodAccessorImpl.java:43)
	at java.lang.reflect.Method.invoke(Method.java:498)
	at org.junit.runners.model.FrameworkMethod$1.runReflectiveCall(FrameworkMethod.java:47)
	at org.junit.internal.runners.model.ReflectiveCallable.run(ReflectiveCallable.java:12)
	at org.junit.runners.model.FrameworkMethod.invokeExplosively(FrameworkMethod.java:44)
	at org.junit.internal.runners.statements.InvokeMethod.evaluate(InvokeMethod.java:17)
	at org.junit.internal.runners.statements.FailOnTimeout$StatementThread.run(FailOnTimeout.java:74)
</error>
    <system-out><![CDATA[2019-10-15 16:11:22,171 [main] WARN  server.ServerUtils (ServerUtils.java:getScmDbDir(145)) - ozone.scm.db.dirs is not configured. We recommend adding this setting. Falling back to ozone.metadata.dirs instead.
2019-10-15 16:11:22,298 [main] WARN  server.ServerUtils (ServerUtils.java:getScmDbDir(145)) - ozone.scm.db.dirs is not configured. We recommend adding this setting. Falling back to ozone.metadata.dirs instead.
2019-10-15 16:11:22,302 [main] WARN  server.ServerUtils (ServerUtils.java:getScmDbDir(145)) - ozone.scm.db.dirs is not configured. We recommend adding this setting. Falling back to ozone.metadata.dirs instead.
2019-10-15 16:11:22,331 [main] INFO  util.log (Log.java:initialized(192)) - Logging initialized @875ms
2019-10-15 16:11:22,429 [main] INFO  db.DBStoreBuilder (DBStoreBuilder.java:addTable(117)) - using custom profile for table: deletedBlocks
2019-10-15 16:11:22,430 [main] INFO  db.DBStoreBuilder (DBStoreBuilder.java:processTables(168)) - Using default column profile:DBProfile.DISK for Table:deletedBlocks
2019-10-15 16:11:22,430 [main] INFO  db.DBStoreBuilder (DBStoreBuilder.java:addTable(117)) - using custom profile for table: validCerts
2019-10-15 16:11:22,430 [main] INFO  db.DBStoreBuilder (DBStoreBuilder.java:processTables(168)) - Using default column profile:DBProfile.DISK for Table:validCerts
2019-10-15 16:11:22,431 [main] INFO  db.DBStoreBuilder (DBStoreBuilder.java:addTable(117)) - using custom profile for table: revokedCerts
2019-10-15 16:11:22,431 [main] INFO  db.DBStoreBuilder (DBStoreBuilder.java:processTables(168)) - Using default column profile:DBProfile.DISK for Table:revokedCerts
2019-10-15 16:11:22,442 [main] INFO  db.DBStoreBuilder (DBStoreBuilder.java:addTable(117)) - using custom profile for table: default
2019-10-15 16:11:22,442 [main] INFO  db.DBStoreBuilder (DBStoreBuilder.java:processTables(174)) - Using default column profile:DBProfile.DISK for Table:default
2019-10-15 16:11:22,444 [main] INFO  db.DBStoreBuilder (DBStoreBuilder.java:getDbProfile(205)) - Using default options. DBProfile.DISK
2019-10-15 16:11:22,654 [main] INFO  net.NodeSchemaLoader (NodeSchemaLoader.java:loadSchemaFromFile(125)) - Loading file from sun.misc.CompoundEnumeration@75d4a5c2
2019-10-15 16:11:22,656 [main] INFO  net.NodeSchemaLoader (NodeSchemaLoader.java:loadSchema(171)) - Loading network topology layer schema file
2019-10-15 16:11:22,716 [main] WARN  server.ServerUtils (ServerUtils.java:sanitizeUserArgs(70)) - ozone.scm.stale.node.interval value = 300000 is larger than max = 100000 based on the key value of ozone.scm.heartbeat.thread.interval, reset to the max value 100000.
2019-10-15 16:11:22,718 [main] WARN  server.ServerUtils (ServerUtils.java:sanitizeUserArgs(70)) - ozone.scm.stale.node.interval value = 300000 is larger than max = 100000 based on the key value of ozone.scm.heartbeat.thread.interval, reset to the max value 100000.
2019-10-15 16:11:22,720 [main] INFO  node.SCMNodeManager (SCMNodeManager.java:<init>(116)) - Entering startup safe mode.
2019-10-15 16:11:22,779 [main] INFO  Configuration.deprecation (Configuration.java:logDeprecation(1394)) - hadoop.configured.node.mapping is deprecated. Instead, use net.topology.configured.node.mapping
2019-10-15 16:11:22,783 [main] INFO  algorithms.ContainerPlacementPolicyFactory (ContainerPlacementPolicyFactory.java:getPolicy(57)) - Create container placement policy of type org.apache.hadoop.hdds.scm.container.placement.algorithms.SCMContainerPlacementRackAware
2019-10-15 16:11:22,797 [main] WARN  server.ServerUtils (ServerUtils.java:getScmDbDir(145)) - ozone.scm.db.dirs is not configured. We recommend adding this setting. Falling back to ozone.metadata.dirs instead.
2019-10-15 16:11:22,846 [main] INFO  pipeline.SCMPipelineManager (SCMPipelineManager.java:initializePipelineState(132)) - No pipeline exists in current db
2019-10-15 16:11:22,849 [main] WARN  server.ServerUtils (ServerUtils.java:getScmDbDir(145)) - ozone.scm.db.dirs is not configured. We recommend adding this setting. Falling back to ozone.metadata.dirs instead.
2019-10-15 16:11:22,919 [main] WARN  events.EventQueue (EventQueue.java:fireEvent(183)) - No event handler registered for event TypedEvent{payloadType=SafeModeStatus, name='SafeModeStatus'}
2019-10-15 16:11:23,301 [main] INFO  ipc.CallQueueManager (CallQueueManager.java:<init>(84)) - Using callQueue: class java.util.concurrent.LinkedBlockingQueue, queueCapacity: 2000, scheduler: class org.apache.hadoop.ipc.DefaultRpcScheduler, ipcBackoff: false.
2019-10-15 16:11:23,330 [Socket Reader #1 for port 33641] INFO  ipc.Server (Server.java:run(1074)) - Starting Socket Reader #1 for port 33641
2019-10-15 16:11:23,444 [main] INFO  ipc.CallQueueManager (CallQueueManager.java:<init>(84)) - Using callQueue: class java.util.concurrent.LinkedBlockingQueue, queueCapacity: 2000, scheduler: class org.apache.hadoop.ipc.DefaultRpcScheduler, ipcBackoff: false.
2019-10-15 16:11:23,445 [Socket Reader #1 for port 38067] INFO  ipc.Server (Server.java:run(1074)) - Starting Socket Reader #1 for port 38067
2019-10-15 16:11:23,452 [main] INFO  ipc.CallQueueManager (CallQueueManager.java:<init>(84)) - Using callQueue: class java.util.concurrent.LinkedBlockingQueue, queueCapacity: 2000, scheduler: class org.apache.hadoop.ipc.DefaultRpcScheduler, ipcBackoff: false.
2019-10-15 16:11:23,453 [Socket Reader #1 for port 41888] INFO  ipc.Server (Server.java:run(1074)) - Starting Socket Reader #1 for port 41888
2019-10-15 16:11:23,472 [main] INFO  hdfs.DFSUtil (DFSUtil.java:httpServerTemplateForNNAndJN(1641)) - Starting Web-server for scm at: http://0.0.0.0:0
2019-10-15 16:11:23,659 [main] INFO  server.AuthenticationFilter (AuthenticationFilter.java:constructSecretProvider(240)) - Unable to initialize FileSignerSecretProvider, falling back to use random secrets.
2019-10-15 16:11:23,668 [main] WARN  http.HttpRequestLog (HttpRequestLog.java:getRequestLog(97)) - Jetty request log can only be enabled using Log4j
2019-10-15 16:11:23,677 [main] INFO  http.HttpServer2 (HttpServer2.java:addGlobalFilter(975)) - Added global filter 'safety' (class=org.apache.hadoop.http.HttpServer2$QuotingInputFilter)
2019-10-15 16:11:23,680 [main] INFO  http.HttpServer2 (HttpServer2.java:addFilter(948)) - Added filter static_user_filter (class=org.apache.hadoop.http.lib.StaticUserWebFilter$StaticUserFilter) to context scm
2019-10-15 16:11:23,680 [main] INFO  http.HttpServer2 (HttpServer2.java:addFilter(958)) - Added filter static_user_filter (class=org.apache.hadoop.http.lib.StaticUserWebFilter$StaticUserFilter) to context logs
2019-10-15 16:11:23,681 [main] INFO  http.HttpServer2 (HttpServer2.java:addFilter(958)) - Added filter static_user_filter (class=org.apache.hadoop.http.lib.StaticUserWebFilter$StaticUserFilter) to context static
2019-10-15 16:11:23,712 [main] INFO  server.StorageContainerManager (StorageContainerManager.java:start(772)) - StorageContainerLocationProtocol RPC server is listening at /0.0.0.0:41888
2019-10-15 16:11:23,770 [main] WARN  impl.MetricsConfig (MetricsConfig.java:loadFirst(134)) - Cannot locate configuration: tried hadoop-metrics2-storagecontainermanager.properties,hadoop-metrics2.properties
2019-10-15 16:11:23,783 [main] INFO  impl.MetricsSystemImpl (MetricsSystemImpl.java:startTimer(374)) - Scheduled Metric snapshot period at 10 second(s).
2019-10-15 16:11:23,784 [main] INFO  impl.MetricsSystemImpl (MetricsSystemImpl.java:start(191)) - StorageContainerManager metrics system started
2019-10-15 16:11:24,015 [main] INFO  server.SCMClientProtocolServer (SCMClientProtocolServer.java:start(159)) - RPC server for Client  is listening at /0.0.0.0:41888
2019-10-15 16:11:24,016 [IPC Server Responder] INFO  ipc.Server (Server.java:run(1314)) - IPC Server Responder: starting
2019-10-15 16:11:24,016 [IPC Server listener on 41888] INFO  ipc.Server (Server.java:run(1153)) - IPC Server listener on 41888: starting
2019-10-15 16:11:24,019 [main] INFO  server.StorageContainerManager (StorageContainerManager.java:start(782)) - ScmBlockLocationProtocol RPC server is listening at /0.0.0.0:38067
2019-10-15 16:11:24,020 [main] INFO  server.SCMBlockProtocolServer (SCMBlockProtocolServer.java:start(146)) - RPC server for Block Protocol is listening at /0.0.0.0:38067
2019-10-15 16:11:24,020 [IPC Server Responder] INFO  ipc.Server (Server.java:run(1314)) - IPC Server Responder: starting
2019-10-15 16:11:24,020 [IPC Server listener on 38067] INFO  ipc.Server (Server.java:run(1153)) - IPC Server listener on 38067: starting
2019-10-15 16:11:24,023 [main] INFO  server.StorageContainerManager (StorageContainerManager.java:start(786)) - ScmDatanodeProtocl RPC server is listening at /0.0.0.0:33641
2019-10-15 16:11:24,023 [main] INFO  server.SCMDatanodeProtocolServer (SCMDatanodeProtocolServer.java:start(169)) - RPC server for DataNodes is listening at /0.0.0.0:33641
2019-10-15 16:11:24,024 [IPC Server Responder] INFO  ipc.Server (Server.java:run(1314)) - IPC Server Responder: starting
2019-10-15 16:11:24,024 [IPC Server listener on 33641] INFO  ipc.Server (Server.java:run(1153)) - IPC Server listener on 33641: starting
2019-10-15 16:11:24,027 [main] INFO  http.HttpServer2 (HttpServer2.java:bindListener(1191)) - Jetty bound to port 39319
2019-10-15 16:11:24,029 [main] INFO  server.Server (Server.java:doStart(351)) - jetty-9.3.25.v20180904, build timestamp: 2018-09-04T21:11:46Z, git hash: 3ce520221d0240229c862b122d2b06c12a625732
2019-10-15 16:11:24,065 [main] INFO  handler.ContextHandler (ContextHandler.java:doStart(781)) - Started o.e.j.s.ServletContextHandler@a43ce46{/logs,file:///workdir/hadoop-ozone/integration-test/target/log,AVAILABLE}
2019-10-15 16:11:24,066 [main] INFO  handler.ContextHandler (ContextHandler.java:doStart(781)) - Started o.e.j.s.ServletContextHandler@424ebba3{/static,file:///workdir/hadoop-ozone/integration-test/target/test-classes/webapps/static,AVAILABLE}
2019-10-15 16:11:24,098 [main] INFO  handler.ContextHandler (ContextHandler.java:doStart(781)) - Started o.e.j.w.WebAppContext@7fb9f71f{/,file:///workdir/hadoop-ozone/integration-test/target/test-classes/webapps/scm/,AVAILABLE}{/scm}
2019-10-15 16:11:24,103 [main] INFO  server.AbstractConnector (AbstractConnector.java:doStart(278)) - Started ServerConnector@407cf41{HTTP/1.1,[http/1.1]}{0.0.0.0:39319}
2019-10-15 16:11:24,104 [main] INFO  server.Server (Server.java:doStart(419)) - Started @2648ms
2019-10-15 16:11:24,106 [main] INFO  impl.MetricsSinkAdapter (MetricsSinkAdapter.java:start(204)) - Sink prometheus started
2019-10-15 16:11:24,106 [main] INFO  impl.MetricsSystemImpl (MetricsSystemImpl.java:registerSink(301)) - Registered sink prometheus
2019-10-15 16:11:24,108 [main] INFO  server.BaseHttpServer (BaseHttpServer.java:updateConnectorAddress(215)) - HTTP server of SCM is listening at http://0.0.0.0:39319
2019-10-15 16:11:24,115 [org.apache.hadoop.util.JvmPauseMonitor$Monitor@5922ae77] INFO  util.JvmPauseMonitor (JvmPauseMonitor.java:run(188)) - Starting JVM pause monitor
2019-10-15 16:11:24,119 [main] WARN  server.ServerUtils (ServerUtils.java:getDBPath(222)) - ozone.om.db.dirs is not configured. We recommend adding this setting. Falling back to ozone.metadata.dirs instead.
2019-10-15 16:11:24,246 [main] INFO  ha.OMHANodeDetails (OMHANodeDetails.java:loadOMHAConfig(190)) - Configuration either no ozone.om.address set. Falling back to the default OM address /127.0.0.1:0
2019-10-15 16:11:24,247 [main] INFO  ha.OMHANodeDetails (OMHANodeDetails.java:getOMNodeDetails(220)) - OM Service ID is not set. Setting it to the default ID: omServiceIdDefault
2019-10-15 16:11:24,249 [main] WARN  server.ServerUtils (ServerUtils.java:getDBPath(222)) - ozone.om.db.dirs is not configured. We recommend adding this setting. Falling back to ozone.metadata.dirs instead.
2019-10-15 16:11:24,250 [main] WARN  server.ServerUtils (ServerUtils.java:getDBPath(222)) - ozone.om.db.dirs is not configured. We recommend adding this setting. Falling back to ozone.metadata.dirs instead.
2019-10-15 16:11:24,913 [main] WARN  server.ServerUtils (ServerUtils.java:getDBPath(222)) - ozone.om.db.dirs is not configured. We recommend adding this setting. Falling back to ozone.metadata.dirs instead.
2019-10-15 16:11:24,920 [main] INFO  db.DBStoreBuilder (DBStoreBuilder.java:addTable(117)) - using custom profile for table: userTable
2019-10-15 16:11:24,920 [main] INFO  db.DBStoreBuilder (DBStoreBuilder.java:processTables(168)) - Using default column profile:DBProfile.DISK for Table:userTable
2019-10-15 16:11:24,920 [main] INFO  db.DBStoreBuilder (DBStoreBuilder.java:addTable(117)) - using custom profile for table: volumeTable
2019-10-15 16:11:24,920 [main] INFO  db.DBStoreBuilder (DBStoreBuilder.java:processTables(168)) - Using default column profile:DBProfile.DISK for Table:volumeTable
2019-10-15 16:11:24,921 [main] INFO  db.DBStoreBuilder (DBStoreBuilder.java:addTable(117)) - using custom profile for table: bucketTable
2019-10-15 16:11:24,921 [main] INFO  db.DBStoreBuilder (DBStoreBuilder.java:processTables(168)) - Using default column profile:DBProfile.DISK for Table:bucketTable
2019-10-15 16:11:24,921 [main] INFO  db.DBStoreBuilder (DBStoreBuilder.java:addTable(117)) - using custom profile for table: keyTable
2019-10-15 16:11:24,921 [main] INFO  db.DBStoreBuilder (DBStoreBuilder.java:processTables(168)) - Using default column profile:DBProfile.DISK for Table:keyTable
2019-10-15 16:11:24,922 [main] INFO  db.DBStoreBuilder (DBStoreBuilder.java:addTable(117)) - using custom profile for table: deletedTable
2019-10-15 16:11:24,922 [main] INFO  db.DBStoreBuilder (DBStoreBuilder.java:processTables(168)) - Using default column profile:DBProfile.DISK for Table:deletedTable
2019-10-15 16:11:24,922 [main] INFO  db.DBStoreBuilder (DBStoreBuilder.java:addTable(117)) - using custom profile for table: openKeyTable
2019-10-15 16:11:24,922 [main] INFO  db.DBStoreBuilder (DBStoreBuilder.java:processTables(168)) - Using default column profile:DBProfile.DISK for Table:openKeyTable
2019-10-15 16:11:24,922 [main] INFO  db.DBStoreBuilder (DBStoreBuilder.java:addTable(117)) - using custom profile for table: s3Table
2019-10-15 16:11:24,923 [main] INFO  db.DBStoreBuilder (DBStoreBuilder.java:processTables(168)) - Using default column profile:DBProfile.DISK for Table:s3Table
2019-10-15 16:11:24,923 [main] INFO  db.DBStoreBuilder (DBStoreBuilder.java:addTable(117)) - using custom profile for table: multipartInfoTable
2019-10-15 16:11:24,923 [main] INFO  db.DBStoreBuilder (DBStoreBuilder.java:processTables(168)) - Using default column profile:DBProfile.DISK for Table:multipartInfoTable
2019-10-15 16:11:24,923 [main] INFO  db.DBStoreBuilder (DBStoreBuilder.java:addTable(117)) - using custom profile for table: dTokenTable
2019-10-15 16:11:24,923 [main] INFO  db.DBStoreBuilder (DBStoreBuilder.java:processTables(168)) - Using default column profile:DBProfile.DISK for Table:dTokenTable
2019-10-15 16:11:24,924 [main] INFO  db.DBStoreBuilder (DBStoreBuilder.java:addTable(117)) - using custom profile for table: s3SecretTable
2019-10-15 16:11:24,924 [main] INFO  db.DBStoreBuilder (DBStoreBuilder.java:processTables(168)) - Using default column profile:DBProfile.DISK for Table:s3SecretTable
2019-10-15 16:11:24,924 [main] INFO  db.DBStoreBuilder (DBStoreBuilder.java:addTable(117)) - using custom profile for table: prefixTable
2019-10-15 16:11:24,924 [main] INFO  db.DBStoreBuilder (DBStoreBuilder.java:processTables(168)) - Using default column profile:DBProfile.DISK for Table:prefixTable
2019-10-15 16:11:24,925 [main] INFO  db.DBStoreBuilder (DBStoreBuilder.java:addTable(117)) - using custom profile for table: default
2019-10-15 16:11:24,925 [main] INFO  db.DBStoreBuilder (DBStoreBuilder.java:processTables(174)) - Using default column profile:DBProfile.DISK for Table:default
2019-10-15 16:11:24,925 [main] INFO  db.DBStoreBuilder (DBStoreBuilder.java:getDbProfile(205)) - Using default options. DBProfile.DISK
2019-10-15 16:11:25,168 [main] WARN  scm.HddsServerUtil (HddsServerUtil.java:getDefaultRatisDirectory(354)) - Storage directory for Ratis is not configured. It is a good idea to map this to an SSD disk. Falling back to ozone.metadata.dirs
2019-10-15 16:11:25,191 [main] INFO  ratis.OzoneManagerRatisServer (OzoneManagerRatisServer.java:<init>(243)) - Instantiating OM Ratis server with GroupID: omServiceIdDefault and Raft Peers: localhost:9872
2019-10-15 16:11:25,215 [main] INFO  impl.RaftServerProxy (ConfUtils.java:logGet(43)) - raft.rpc.type = GRPC (default)
2019-10-15 16:11:25,395 [main] INFO  grpc.GrpcFactory (GrpcFactory.java:checkPooledByteBufAllocatorUseCacheForAllThreads(45)) - PERFORMANCE WARNING: useCacheForAllThreads is true that may cause Netty to create a lot garbage objects and, as a result, trigger GC.
	It is recommended to disable useCacheForAllThreads by setting -Dorg.apache.ratis.thirdparty.io.netty.allocator.useCacheForAllThreads=false in command line.
2019-10-15 16:11:25,401 [main] INFO  grpc.GrpcConfigKeys$Server (ConfUtils.java:logGet(43)) - raft.grpc.server.port = 9872 (custom)
2019-10-15 16:11:25,402 [main] INFO  server.GrpcService (ConfUtils.java:logGet(43)) - raft.grpc.message.size.max = 33554432 (custom)
2019-10-15 16:11:25,403 [main] INFO  server.RaftServerConfigKeys (ConfUtils.java:logGet(43)) - raft.server.log.appender.buffer.byte-limit = 33554432 (custom)
2019-10-15 16:11:25,404 [main] INFO  server.GrpcService (ConfUtils.java:logGet(43)) - raft.grpc.flow.control.window = 1MB (=1048576) (default)
2019-10-15 16:11:25,405 [main] INFO  server.RaftServerConfigKeys (ConfUtils.java:logGet(43)) - raft.server.rpc.request.timeout = 3000ms (default)
2019-10-15 16:11:25,558 [main] INFO  server.RaftServerConfigKeys (ConfUtils.java:logGet(43)) - raft.server.storage.dir = [/workdir/hadoop-ozone/integration-test/target/test-dir/MiniOzoneClusterImpl-071139da-cec0-4bc6-bd27-be6b85e7151a/ozone-meta/ratis] (custom)
2019-10-15 16:11:25,564 [main] INFO  impl.RaftServerProxy (RaftServerProxy.java:addNew(89)) - ebfddc3f-f2a6-42c8-b529-746899c45d90: addNew group-C5BA1605619E:[ebfddc3f-f2a6-42c8-b529-746899c45d90:localhost:9872] returns group-C5BA1605619E:java.util.concurrent.CompletableFuture@69fa8e76[Not completed]
2019-10-15 16:11:25,565 [main] INFO  om.OzoneManager (OzoneManager.java:initializeRatisServer(1217)) - OzoneManager Ratis server initialized at port 9872
2019-10-15 16:11:25,567 [main] WARN  scm.HddsServerUtil (HddsServerUtil.java:getDefaultRatisDirectory(354)) - Storage directory for Ratis is not configured. It is a good idea to map this to an SSD disk. Falling back to ozone.metadata.dirs
2019-10-15 16:11:25,567 [main] WARN  scm.HddsServerUtil (HddsServerUtil.java:getDefaultRatisDirectory(354)) - Storage directory for Ratis is not configured. It is a good idea to map this to an SSD disk. Falling back to ozone.metadata.dirs
2019-10-15 16:11:25,575 [pool-22-thread-1] INFO  impl.RaftServerImpl (RaftServerImpl.java:<init>(104)) - ebfddc3f-f2a6-42c8-b529-746899c45d90: new RaftServerImpl for group-C5BA1605619E:[ebfddc3f-f2a6-42c8-b529-746899c45d90:localhost:9872] with OzoneManagerStateMachine:uninitialized
2019-10-15 16:11:25,577 [pool-22-thread-1] INFO  server.RaftServerConfigKeys (ConfUtils.java:logGet(43)) - raft.server.rpc.timeout.min = 1s (custom)
2019-10-15 16:11:25,577 [pool-22-thread-1] INFO  server.RaftServerConfigKeys (ConfUtils.java:logGet(43)) - raft.server.rpc.timeout.max = 1200ms (custom)
2019-10-15 16:11:25,577 [pool-22-thread-1] INFO  server.RaftServerConfigKeys (ConfUtils.java:logGet(43)) - raft.server.rpcslowness.timeout = 120s (custom)
2019-10-15 16:11:25,578 [pool-22-thread-1] INFO  server.RaftServerConfigKeys (ConfUtils.java:logGet(43)) - raft.server.sleep.deviation.threshold = 300 (default)
2019-10-15 16:11:25,579 [pool-22-thread-1] INFO  server.RaftServerConfigKeys (ConfUtils.java:logGet(43)) - raft.server.log.appender.install.snapshot.enabled = false (custom)
2019-10-15 16:11:25,580 [main] INFO  ipc.CallQueueManager (CallQueueManager.java:<init>(84)) - Using callQueue: class java.util.concurrent.LinkedBlockingQueue, queueCapacity: 2000, scheduler: class org.apache.hadoop.ipc.DefaultRpcScheduler, ipcBackoff: false.
2019-10-15 16:11:25,581 [Socket Reader #1 for port 42861] INFO  ipc.Server (Server.java:run(1074)) - Starting Socket Reader #1 for port 42861
2019-10-15 16:11:25,590 [pool-22-thread-1] INFO  impl.RaftServerImpl (ServerState.java:<init>(103)) - ebfddc3f-f2a6-42c8-b529-746899c45d90@group-C5BA1605619E: ConfigurationManager, init=-1: [ebfddc3f-f2a6-42c8-b529-746899c45d90:localhost:9872], old=null, confs=<EMPTY_MAP>
2019-10-15 16:11:25,591 [pool-22-thread-1] INFO  server.RaftServerConfigKeys (ConfUtils.java:logGet(43)) - raft.server.storage.dir = [/workdir/hadoop-ozone/integration-test/target/test-dir/MiniOzoneClusterImpl-071139da-cec0-4bc6-bd27-be6b85e7151a/ozone-meta/ratis] (custom)
2019-10-15 16:11:25,601 [main] INFO  om.OzoneManager (OzoneManager.java:start(1071)) - OzoneManager RPC server is listening at localhost/127.0.0.1:42861
2019-10-15 16:11:25,601 [main] INFO  impl.MetricsSystemImpl (MetricsSystemImpl.java:init(158)) - OzoneManager metrics system started (again)
2019-10-15 16:11:25,601 [main] INFO  ratis.OzoneManagerRatisServer (OzoneManagerRatisServer.java:start(333)) - Starting OzoneManagerRatisServer ebfddc3f-f2a6-42c8-b529-746899c45d90 at port 9872
2019-10-15 16:11:25,603 [pool-22-thread-1] INFO  server.RaftServerConfigKeys (ConfUtils.java:logGet(43)) - raft.server.log.corruption.policy = EXCEPTION (default)
2019-10-15 16:11:25,605 [pool-22-thread-1] INFO  storage.RaftStorageDirectory (RaftStorageDirectory.java:analyzeStorage(246)) - The storage directory /workdir/hadoop-ozone/integration-test/target/test-dir/MiniOzoneClusterImpl-071139da-cec0-4bc6-bd27-be6b85e7151a/ozone-meta/ratis/bf265839-605b-3f16-9796-c5ba1605619e does not exist. Creating ...
2019-10-15 16:11:25,623 [pool-22-thread-1] INFO  storage.RaftStorageDirectory (RaftStorageDirectory.java:tryLock(328)) - Lock on /workdir/hadoop-ozone/integration-test/target/test-dir/MiniOzoneClusterImpl-071139da-cec0-4bc6-bd27-be6b85e7151a/ozone-meta/ratis/bf265839-605b-3f16-9796-c5ba1605619e/in_use.lock acquired by nodename 11264@dev-nightly-20191015-w4nf7-692592917
2019-10-15 16:11:25,640 [pool-22-thread-1] INFO  storage.RaftStorage (RaftStorage.java:format(84)) - Storage directory /workdir/hadoop-ozone/integration-test/target/test-dir/MiniOzoneClusterImpl-071139da-cec0-4bc6-bd27-be6b85e7151a/ozone-meta/ratis/bf265839-605b-3f16-9796-c5ba1605619e has been successfully formatted.
2019-10-15 16:11:25,645 [pool-22-thread-1] INFO  server.RaftServerConfigKeys (ConfUtils.java:logGet(43)) - raft.server.notification.no-leader.timeout = 120s (custom)
2019-10-15 16:11:25,647 [pool-22-thread-1] INFO  server.RaftServerConfigKeys (ConfUtils.java:logGet(43)) - raft.server.log.use.memory = false (default)
2019-10-15 16:11:25,653 [pool-22-thread-1] INFO  server.RaftServerConfigKeys (ConfUtils.java:logGet(43)) - raft.server.log.purge.gap = 1000000 (custom)
2019-10-15 16:11:25,653 [pool-22-thread-1] INFO  server.RaftServerConfigKeys (ConfUtils.java:logGet(43)) - raft.server.log.appender.buffer.byte-limit = 33554432 (custom)
2019-10-15 16:11:25,655 [pool-22-thread-1] INFO  server.RaftServerConfigKeys (ConfUtils.java:logGet(43)) - raft.server.log.segment.size.max = 16384 (custom)
2019-10-15 16:11:25,657 [pool-22-thread-1] INFO  impl.MetricsSystemImpl (MetricsSystemImpl.java:init(158)) - ratis metrics system started (again)
2019-10-15 16:11:25,660 [pool-22-thread-1] INFO  metrics.MetricRegistries (MetricRegistriesLoader.java:load(64)) - Loaded MetricRegistries class org.apache.ratis.metrics.impl.MetricRegistriesImpl
2019-10-15 16:11:25,696 [pool-22-thread-1] INFO  server.RaftServerConfigKeys (ConfUtils.java:logGet(43)) - raft.server.log.segment.cache.num.max = 2 (custom)
2019-10-15 16:11:25,701 [pool-22-thread-1] INFO  segmented.SegmentedRaftLogWorker (SegmentedRaftLogWorker.java:<init>(173)) - new ebfddc3f-f2a6-42c8-b529-746899c45d90@group-C5BA1605619E-SegmentedRaftLogWorker for RaftStorage:Storage Directory /workdir/hadoop-ozone/integration-test/target/test-dir/MiniOzoneClusterImpl-071139da-cec0-4bc6-bd27-be6b85e7151a/ozone-meta/ratis/bf265839-605b-3f16-9796-c5ba1605619e
2019-10-15 16:11:25,701 [pool-22-thread-1] INFO  server.RaftServerConfigKeys (ConfUtils.java:logGet(43)) - raft.server.log.queue.byte-limit = 64MB (=67108864) (default)
2019-10-15 16:11:25,702 [pool-22-thread-1] INFO  server.RaftServerConfigKeys (ConfUtils.java:logGet(43)) - raft.server.log.queue.element-limit = 4096 (default)
2019-10-15 16:11:25,703 [pool-22-thread-1] INFO  server.RaftServerConfigKeys (ConfUtils.java:logGet(43)) - raft.server.log.segment.size.max = 16384 (custom)
2019-10-15 16:11:25,704 [pool-22-thread-1] INFO  server.RaftServerConfigKeys (ConfUtils.java:logGet(43)) - raft.server.log.preallocated.size = 16384 (custom)
2019-10-15 16:11:25,704 [pool-22-thread-1] INFO  server.RaftServerConfigKeys (ConfUtils.java:logGet(43)) - raft.server.log.write.buffer.size = 64KB (=65536) (default)
2019-10-15 16:11:25,704 [pool-22-thread-1] INFO  server.RaftServerConfigKeys (ConfUtils.java:logGet(43)) - raft.server.log.force.sync.num = 128 (default)
2019-10-15 16:11:25,706 [pool-22-thread-1] INFO  server.RaftServerConfigKeys (ConfUtils.java:logGet(43)) - raft.server.log.statemachine.data.sync = true (default)
2019-10-15 16:11:25,706 [pool-22-thread-1] INFO  server.RaftServerConfigKeys (ConfUtils.java:logGet(43)) - raft.server.log.statemachine.data.sync.timeout = 10s (default)
2019-10-15 16:11:25,707 [pool-22-thread-1] INFO  server.RaftServerConfigKeys (ConfUtils.java:logGet(43)) - raft.server.log.statemachine.data.sync.timeout.retry = -1 (default)
2019-10-15 16:11:25,718 [pool-22-thread-1] INFO  server.RaftServerConfigKeys (ConfUtils.java:logGet(43)) - raft.server.log.statemachine.data.caching.enabled = false (default)
2019-10-15 16:11:25,723 [pool-22-thread-1] INFO  segmented.SegmentedRaftLogWorker (SegmentedRaftLogWorker.java:lambda$new$0(128)) - ebfddc3f-f2a6-42c8-b529-746899c45d90@group-C5BA1605619E-SegmentedRaftLogWorker: flushIndex: setUnconditionally 0 -> -1
2019-10-15 16:11:25,727 [pool-22-thread-1] INFO  server.RaftServerConfigKeys (ConfUtils.java:logGet(43)) - raft.server.snapshot.auto.trigger.enabled = true (custom)
2019-10-15 16:11:25,728 [pool-22-thread-1] INFO  server.RaftServerConfigKeys (ConfUtils.java:logGet(43)) - raft.server.snapshot.auto.trigger.threshold = 400000 (default)
2019-10-15 16:11:25,728 [pool-22-thread-1] INFO  server.RaftServerConfigKeys (ConfUtils.java:logGet(43)) - raft.server.snapshot.retention.file.num = -1 (default)
2019-10-15 16:11:25,729 [pool-22-thread-1] INFO  server.RaftServerConfigKeys (ConfUtils.java:logGet(43)) - raft.server.retrycache.expirytime = 600000ms (custom)
2019-10-15 16:11:25,759 [main] INFO  impl.RaftServerImpl (RaftServerImpl.java:start(195)) - ebfddc3f-f2a6-42c8-b529-746899c45d90@group-C5BA1605619E: start as a follower, conf=-1: [ebfddc3f-f2a6-42c8-b529-746899c45d90:localhost:9872], old=null
2019-10-15 16:11:25,762 [main] INFO  impl.RaftServerImpl (RaftServerImpl.java:setRole(184)) - ebfddc3f-f2a6-42c8-b529-746899c45d90@group-C5BA1605619E: changes role from      null to FOLLOWER at term 0 for startAsFollower
2019-10-15 16:11:25,764 [main] INFO  impl.RoleInfo (RoleInfo.java:updateAndGet(143)) - ebfddc3f-f2a6-42c8-b529-746899c45d90: start FollowerState
2019-10-15 16:11:25,767 [main] INFO  util.JmxRegister (JmxRegister.java:tryRegister(44)) - Successfully registered JMX Bean with object name Ratis:service=RaftServer,group=group-C5BA1605619E,id=ebfddc3f-f2a6-42c8-b529-746899c45d90
2019-10-15 16:11:25,784 [main] INFO  impl.RaftServerProxy (RaftServerProxy.java:lambda$start$3(299)) - ebfddc3f-f2a6-42c8-b529-746899c45d90: start RPC server
2019-10-15 16:11:25,788 [Thread-93] INFO  impl.FollowerState (FollowerState.java:run(108)) - ebfddc3f-f2a6-42c8-b529-746899c45d90@group-C5BA1605619E-FollowerState: change to CANDIDATE, lastRpcTime:24ms, electionTimeout:23ms
2019-10-15 16:11:25,790 [Thread-93] INFO  impl.RoleInfo (RoleInfo.java:shutdownFollowerState(121)) - ebfddc3f-f2a6-42c8-b529-746899c45d90: shutdown FollowerState
2019-10-15 16:11:25,791 [Thread-93] INFO  impl.RaftServerImpl (RaftServerImpl.java:setRole(184)) - ebfddc3f-f2a6-42c8-b529-746899c45d90@group-C5BA1605619E: changes role from  FOLLOWER to CANDIDATE at term 0 for changeToCandidate
2019-10-15 16:11:25,795 [Thread-93] INFO  impl.RoleInfo (RoleInfo.java:updateAndGet(143)) - ebfddc3f-f2a6-42c8-b529-746899c45d90: start LeaderElection
2019-10-15 16:11:25,810 [ebfddc3f-f2a6-42c8-b529-746899c45d90@group-C5BA1605619E-LeaderElection1] INFO  impl.LeaderElection (LeaderElection.java:askForVotes(178)) - ebfddc3f-f2a6-42c8-b529-746899c45d90@group-C5BA1605619E-LeaderElection1: begin an election at term 1 for -1: [ebfddc3f-f2a6-42c8-b529-746899c45d90:localhost:9872], old=null
2019-10-15 16:11:25,811 [ebfddc3f-f2a6-42c8-b529-746899c45d90@group-C5BA1605619E-LeaderElection1] INFO  impl.RoleInfo (RoleInfo.java:shutdownLeaderElection(134)) - ebfddc3f-f2a6-42c8-b529-746899c45d90: shutdown LeaderElection
2019-10-15 16:11:25,812 [ebfddc3f-f2a6-42c8-b529-746899c45d90@group-C5BA1605619E-LeaderElection1] INFO  impl.RaftServerImpl (RaftServerImpl.java:setRole(184)) - ebfddc3f-f2a6-42c8-b529-746899c45d90@group-C5BA1605619E: changes role from CANDIDATE to LEADER at term 1 for changeToLeader
2019-10-15 16:11:25,812 [ebfddc3f-f2a6-42c8-b529-746899c45d90@group-C5BA1605619E-LeaderElection1] INFO  impl.RaftServerImpl (ServerState.java:setLeader(256)) - ebfddc3f-f2a6-42c8-b529-746899c45d90@group-C5BA1605619E: change Leader from null to ebfddc3f-f2a6-42c8-b529-746899c45d90 at term 1 for becomeLeader, leader elected after 167ms
2019-10-15 16:11:25,817 [ebfddc3f-f2a6-42c8-b529-746899c45d90@group-C5BA1605619E-LeaderElection1] INFO  server.RaftServerConfigKeys (ConfUtils.java:logGet(43)) - raft.server.staging.catchup.gap = 1000 (default)
2019-10-15 16:11:25,817 [ebfddc3f-f2a6-42c8-b529-746899c45d90@group-C5BA1605619E-LeaderElection1] INFO  server.RaftServerConfigKeys (ConfUtils.java:logGet(43)) - raft.server.rpc.sleep.time = 25ms (default)
2019-10-15 16:11:25,822 [ebfddc3f-f2a6-42c8-b529-746899c45d90@group-C5BA1605619E-LeaderElection1] INFO  server.RaftServerConfigKeys (ConfUtils.java:logGet(43)) - raft.server.write.element-limit = 4096 (default)
2019-10-15 16:11:25,827 [ebfddc3f-f2a6-42c8-b529-746899c45d90@group-C5BA1605619E-LeaderElection1] INFO  server.RaftServerConfigKeys (ConfUtils.java:logGet(43)) - raft.server.watch.timeout = 10s (default)
2019-10-15 16:11:25,827 [ebfddc3f-f2a6-42c8-b529-746899c45d90@group-C5BA1605619E-LeaderElection1] INFO  server.RaftServerConfigKeys (ConfUtils.java:logGet(43)) - raft.server.watch.timeout.denomination = 1s (default)
2019-10-15 16:11:25,828 [ebfddc3f-f2a6-42c8-b529-746899c45d90@group-C5BA1605619E-LeaderElection1] INFO  server.RaftServerConfigKeys (ConfUtils.java:logGet(43)) - raft.server.watch.element-limit = 65536 (default)
2019-10-15 16:11:25,848 [ebfddc3f-f2a6-42c8-b529-746899c45d90@group-C5BA1605619E-LeaderElection1] INFO  impl.RoleInfo (RoleInfo.java:updateAndGet(143)) - ebfddc3f-f2a6-42c8-b529-746899c45d90: start LeaderState
2019-10-15 16:11:25,871 [ebfddc3f-f2a6-42c8-b529-746899c45d90@group-C5BA1605619E-LeaderElection1] INFO  segmented.SegmentedRaftLogWorker (SegmentedRaftLogWorker.java:startLogSegment(385)) - ebfddc3f-f2a6-42c8-b529-746899c45d90@group-C5BA1605619E-SegmentedRaftLogWorker: Starting segment from index:0
2019-10-15 16:11:25,888 [ebfddc3f-f2a6-42c8-b529-746899c45d90@group-C5BA1605619E-LeaderElection1] INFO  impl.RaftServerImpl (ServerState.java:setRaftConf(357)) - ebfddc3f-f2a6-42c8-b529-746899c45d90@group-C5BA1605619E: set configuration 0: [ebfddc3f-f2a6-42c8-b529-746899c45d90:localhost:9872], old=null at 0
2019-10-15 16:11:25,914 [main] INFO  server.GrpcService (GrpcService.java:startImpl(158)) - ebfddc3f-f2a6-42c8-b529-746899c45d90: GrpcService started, listening on 0.0.0.0/0.0.0.0:9872
2019-10-15 16:11:25,928 [IPC Server Responder] INFO  ipc.Server (Server.java:run(1314)) - IPC Server Responder: starting
2019-10-15 16:11:25,929 [IPC Server listener on 42861] INFO  ipc.Server (Server.java:run(1153)) - IPC Server listener on 42861: starting
2019-10-15 16:11:25,936 [main] INFO  hdfs.DFSUtil (DFSUtil.java:httpServerTemplateForNNAndJN(1641)) - Starting Web-server for ozoneManager at: http://0.0.0.0:0
2019-10-15 16:11:25,937 [main] INFO  server.AuthenticationFilter (AuthenticationFilter.java:constructSecretProvider(240)) - Unable to initialize FileSignerSecretProvider, falling back to use random secrets.
2019-10-15 16:11:25,938 [main] WARN  http.HttpRequestLog (HttpRequestLog.java:getRequestLog(97)) - Jetty request log can only be enabled using Log4j
2019-10-15 16:11:25,940 [main] INFO  http.HttpServer2 (HttpServer2.java:addGlobalFilter(975)) - Added global filter 'safety' (class=org.apache.hadoop.http.HttpServer2$QuotingInputFilter)
2019-10-15 16:11:25,941 [main] INFO  http.HttpServer2 (HttpServer2.java:addFilter(948)) - Added filter static_user_filter (class=org.apache.hadoop.http.lib.StaticUserWebFilter$StaticUserFilter) to context ozoneManager
2019-10-15 16:11:25,941 [main] INFO  http.HttpServer2 (HttpServer2.java:addFilter(958)) - Added filter static_user_filter (class=org.apache.hadoop.http.lib.StaticUserWebFilter$StaticUserFilter) to context static
2019-10-15 16:11:25,941 [main] INFO  http.HttpServer2 (HttpServer2.java:addFilter(958)) - Added filter static_user_filter (class=org.apache.hadoop.http.lib.StaticUserWebFilter$StaticUserFilter) to context logs
2019-10-15 16:11:25,943 [main] INFO  http.HttpServer2 (HttpServer2.java:bindListener(1191)) - Jetty bound to port 35532
2019-10-15 16:11:25,943 [main] INFO  server.Server (Server.java:doStart(351)) - jetty-9.3.25.v20180904, build timestamp: 2018-09-04T21:11:46Z, git hash: 3ce520221d0240229c862b122d2b06c12a625732
2019-10-15 16:11:25,945 [main] INFO  handler.ContextHandler (ContextHandler.java:doStart(781)) - Started o.e.j.s.ServletContextHandler@4867ab9f{/logs,file:///workdir/hadoop-ozone/integration-test/target/log,AVAILABLE}
2019-10-15 16:11:25,946 [main] INFO  handler.ContextHandler (ContextHandler.java:doStart(781)) - Started o.e.j.s.ServletContextHandler@5fe7f967{/static,file:///workdir/hadoop-ozone/integration-test/target/test-classes/webapps/static,AVAILABLE}
2019-10-15 16:11:25,951 [main] INFO  handler.ContextHandler (ContextHandler.java:doStart(781)) - Started o.e.j.w.WebAppContext@6ba30587{/,file:///workdir/hadoop-ozone/integration-test/target/test-classes/webapps/ozoneManager/,AVAILABLE}{/ozoneManager}
2019-10-15 16:11:25,951 [main] INFO  server.AbstractConnector (AbstractConnector.java:doStart(278)) - Started ServerConnector@35764bef{HTTP/1.1,[http/1.1]}{0.0.0.0:35532}
2019-10-15 16:11:25,952 [main] INFO  server.Server (Server.java:doStart(419)) - Started @4496ms
2019-10-15 16:11:25,954 [main] WARN  impl.MetricsSystemImpl (MetricsSystemImpl.java:register(276)) - Sink prometheus already exists!
2019-10-15 16:11:25,955 [main] INFO  server.BaseHttpServer (BaseHttpServer.java:updateConnectorAddress(215)) - HTTP server of OZONEMANAGER is listening at http://0.0.0.0:35532
2019-10-15 16:11:26,025 [ebfddc3f-f2a6-42c8-b529-746899c45d90@group-C5BA1605619E-SegmentedRaftLogWorker] INFO  segmented.SegmentedRaftLogWorker (SegmentedRaftLogWorker.java:execute(576)) - ebfddc3f-f2a6-42c8-b529-746899c45d90@group-C5BA1605619E-SegmentedRaftLogWorker: created new log segment /workdir/hadoop-ozone/integration-test/target/test-dir/MiniOzoneClusterImpl-071139da-cec0-4bc6-bd27-be6b85e7151a/ozone-meta/ratis/bf265839-605b-3f16-9796-c5ba1605619e/current/log_inprogress_0
2019-10-15 16:11:26,094 [main] INFO  impl.MetricsSystemImpl (MetricsSystemImpl.java:init(158)) - HddsDatanode metrics system started (again)
2019-10-15 16:11:26,140 [main] INFO  ozone.HddsDatanodeService (HddsDatanodeService.java:start(184)) - HddsDatanodeService host:dev-nightly-20191015-w4nf7-692592917 ip:192.168.69.88
2019-10-15 16:11:26,169 [main] INFO  volume.HddsVolume (HddsVolume.java:<init>(176)) - Creating Volume: /workdir/hadoop-ozone/integration-test/target/test-dir/MiniOzoneClusterImpl-071139da-cec0-4bc6-bd27-be6b85e7151a/datanode-0/data/containers/hdds of  storage type : DISK and capacity : 1482555576320
2019-10-15 16:11:26,171 [main] INFO  volume.VolumeSet (VolumeSet.java:initializeVolumeSet(170)) - Added Volume : /workdir/hadoop-ozone/integration-test/target/test-dir/MiniOzoneClusterImpl-071139da-cec0-4bc6-bd27-be6b85e7151a/datanode-0/data/containers/hdds to VolumeSet
2019-10-15 16:11:26,174 [main] INFO  volume.ThrottledAsyncChecker (ThrottledAsyncChecker.java:schedule(141)) - Scheduling a check for /workdir/hadoop-ozone/integration-test/target/test-dir/MiniOzoneClusterImpl-071139da-cec0-4bc6-bd27-be6b85e7151a/datanode-0/data/containers/hdds
2019-10-15 16:11:26,193 [main] INFO  volume.HddsVolumeChecker (HddsVolumeChecker.java:checkAllVolumes(204)) - Scheduled health check for volume /workdir/hadoop-ozone/integration-test/target/test-dir/MiniOzoneClusterImpl-071139da-cec0-4bc6-bd27-be6b85e7151a/datanode-0/data/containers/hdds
2019-10-15 16:11:26,252 [main] INFO  impl.RaftServerProxy (ConfUtils.java:logGet(43)) - raft.rpc.type = GRPC (default)
2019-10-15 16:11:26,252 [main] INFO  grpc.GrpcFactory (GrpcFactory.java:checkPooledByteBufAllocatorUseCacheForAllThreads(45)) - PERFORMANCE WARNING: useCacheForAllThreads is true that may cause Netty to create a lot garbage objects and, as a result, trigger GC.
	It is recommended to disable useCacheForAllThreads by setting -Dorg.apache.ratis.thirdparty.io.netty.allocator.useCacheForAllThreads=false in command line.
2019-10-15 16:11:26,252 [main] INFO  grpc.GrpcConfigKeys$Server (ConfUtils.java:logGet(43)) - raft.grpc.server.port = 0 (default)
2019-10-15 16:11:26,253 [main] INFO  server.GrpcService (ConfUtils.java:logGet(43)) - raft.grpc.message.size.max = 33570816 (custom)
2019-10-15 16:11:26,253 [main] INFO  server.RaftServerConfigKeys (ConfUtils.java:logGet(43)) - raft.server.log.appender.buffer.byte-limit = 33554432 (custom)
2019-10-15 16:11:26,253 [main] INFO  server.GrpcService (ConfUtils.java:logGet(43)) - raft.grpc.flow.control.window = 1MB (=1048576) (default)
2019-10-15 16:11:26,253 [main] INFO  server.RaftServerConfigKeys (ConfUtils.java:logGet(43)) - raft.server.rpc.request.timeout = 3000ms (default)
2019-10-15 16:11:26,256 [main] INFO  server.RaftServerConfigKeys (ConfUtils.java:logGet(43)) - raft.server.storage.dir = [/workdir/hadoop-ozone/integration-test/target/test-dir/MiniOzoneClusterImpl-071139da-cec0-4bc6-bd27-be6b85e7151a/datanode-0/data/ratis] (custom)
2019-10-15 16:11:26,301 [main] INFO  hdfs.DFSUtil (DFSUtil.java:httpServerTemplateForNNAndJN(1641)) - Starting Web-server for hddsDatanode at: http://0.0.0.0:0
2019-10-15 16:11:26,303 [main] INFO  server.AuthenticationFilter (AuthenticationFilter.java:constructSecretProvider(240)) - Unable to initialize FileSignerSecretProvider, falling back to use random secrets.
2019-10-15 16:11:26,304 [main] WARN  http.HttpRequestLog (HttpRequestLog.java:getRequestLog(97)) - Jetty request log can only be enabled using Log4j
2019-10-15 16:11:26,306 [main] INFO  http.HttpServer2 (HttpServer2.java:addGlobalFilter(975)) - Added global filter 'safety' (class=org.apache.hadoop.http.HttpServer2$QuotingInputFilter)
2019-10-15 16:11:26,307 [main] INFO  http.HttpServer2 (HttpServer2.java:addFilter(948)) - Added filter static_user_filter (class=org.apache.hadoop.http.lib.StaticUserWebFilter$StaticUserFilter) to context hddsDatanode
2019-10-15 16:11:26,307 [main] INFO  http.HttpServer2 (HttpServer2.java:addFilter(958)) - Added filter static_user_filter (class=org.apache.hadoop.http.lib.StaticUserWebFilter$StaticUserFilter) to context logs
2019-10-15 16:11:26,308 [main] INFO  http.HttpServer2 (HttpServer2.java:addFilter(958)) - Added filter static_user_filter (class=org.apache.hadoop.http.lib.StaticUserWebFilter$StaticUserFilter) to context static
2019-10-15 16:11:26,309 [main] INFO  http.HttpServer2 (HttpServer2.java:bindListener(1191)) - Jetty bound to port 39302
2019-10-15 16:11:26,309 [main] INFO  server.Server (Server.java:doStart(351)) - jetty-9.3.25.v20180904, build timestamp: 2018-09-04T21:11:46Z, git hash: 3ce520221d0240229c862b122d2b06c12a625732
2019-10-15 16:11:26,312 [main] INFO  handler.ContextHandler (ContextHandler.java:doStart(781)) - Started o.e.j.s.ServletContextHandler@7c8c70d6{/logs,file:///workdir/hadoop-ozone/integration-test/target/log,AVAILABLE}
2019-10-15 16:11:26,312 [main] INFO  handler.ContextHandler (ContextHandler.java:doStart(781)) - Started o.e.j.s.ServletContextHandler@6edf29c1{/static,jar:file:/home/user/.m2/repository/org/apache/hadoop/hadoop-hdds-container-service/0.5.0-SNAPSHOT/hadoop-hdds-container-service-0.5.0-SNAPSHOT.jar!/webapps/static,AVAILABLE}
2019-10-15 16:11:26,349 [main] INFO  handler.ContextHandler (ContextHandler.java:doStart(781)) - Started o.e.j.w.WebAppContext@57272109{/,file:///tmp/jetty-0.0.0.0-39302-hddsDatanode-_-any-3999364600977358008.dir/webapp/,AVAILABLE}{/hddsDatanode}
2019-10-15 16:11:26,350 [main] INFO  server.AbstractConnector (AbstractConnector.java:doStart(278)) - Started ServerConnector@59696551{HTTP/1.1,[http/1.1]}{0.0.0.0:39302}
2019-10-15 16:11:26,351 [main] INFO  server.Server (Server.java:doStart(419)) - Started @4895ms
2019-10-15 16:11:26,351 [main] WARN  impl.MetricsSystemImpl (MetricsSystemImpl.java:register(276)) - Sink prometheus already exists!
2019-10-15 16:11:26,352 [main] INFO  server.BaseHttpServer (BaseHttpServer.java:updateConnectorAddress(215)) - HTTP server of HDDSDATANODE is listening at http://0.0.0.0:39302
2019-10-15 16:11:26,354 [main] INFO  impl.MetricsSystemImpl (MetricsSystemImpl.java:init(158)) - HddsDatanode metrics system started (again)
2019-10-15 16:11:26,358 [main] INFO  ozone.HddsDatanodeService (HddsDatanodeService.java:start(184)) - HddsDatanodeService host:dev-nightly-20191015-w4nf7-692592917 ip:192.168.69.88
2019-10-15 16:11:26,358 [org.apache.hadoop.util.JvmPauseMonitor$Monitor@556f22a2] INFO  util.JvmPauseMonitor (JvmPauseMonitor.java:run(188)) - Starting JVM pause monitor
2019-10-15 16:11:26,368 [main] INFO  volume.HddsVolume (HddsVolume.java:<init>(176)) - Creating Volume: /workdir/hadoop-ozone/integration-test/target/test-dir/MiniOzoneClusterImpl-071139da-cec0-4bc6-bd27-be6b85e7151a/datanode-1/data/containers/hdds of  storage type : DISK and capacity : 1482555576320
2019-10-15 16:11:26,369 [main] INFO  volume.VolumeSet (VolumeSet.java:initializeVolumeSet(170)) - Added Volume : /workdir/hadoop-ozone/integration-test/target/test-dir/MiniOzoneClusterImpl-071139da-cec0-4bc6-bd27-be6b85e7151a/datanode-1/data/containers/hdds to VolumeSet
2019-10-15 16:11:26,369 [main] INFO  volume.ThrottledAsyncChecker (ThrottledAsyncChecker.java:schedule(141)) - Scheduling a check for /workdir/hadoop-ozone/integration-test/target/test-dir/MiniOzoneClusterImpl-071139da-cec0-4bc6-bd27-be6b85e7151a/datanode-1/data/containers/hdds
2019-10-15 16:11:26,370 [main] INFO  volume.HddsVolumeChecker (HddsVolumeChecker.java:checkAllVolumes(204)) - Scheduled health check for volume /workdir/hadoop-ozone/integration-test/target/test-dir/MiniOzoneClusterImpl-071139da-cec0-4bc6-bd27-be6b85e7151a/datanode-1/data/containers/hdds
2019-10-15 16:11:26,389 [main] INFO  impl.RaftServerProxy (ConfUtils.java:logGet(43)) - raft.rpc.type = GRPC (default)
2019-10-15 16:11:26,389 [main] INFO  grpc.GrpcFactory (GrpcFactory.java:checkPooledByteBufAllocatorUseCacheForAllThreads(45)) - PERFORMANCE WARNING: useCacheForAllThreads is true that may cause Netty to create a lot garbage objects and, as a result, trigger GC.
	It is recommended to disable useCacheForAllThreads by setting -Dorg.apache.ratis.thirdparty.io.netty.allocator.useCacheForAllThreads=false in command line.
2019-10-15 16:11:26,390 [main] INFO  grpc.GrpcConfigKeys$Server (ConfUtils.java:logGet(43)) - raft.grpc.server.port = 0 (default)
2019-10-15 16:11:26,390 [main] INFO  server.GrpcService (ConfUtils.java:logGet(43)) - raft.grpc.message.size.max = 33570816 (custom)
2019-10-15 16:11:26,390 [main] INFO  server.RaftServerConfigKeys (ConfUtils.java:logGet(43)) - raft.server.log.appender.buffer.byte-limit = 33554432 (custom)
2019-10-15 16:11:26,391 [main] INFO  server.GrpcService (ConfUtils.java:logGet(43)) - raft.grpc.flow.control.window = 1MB (=1048576) (default)
2019-10-15 16:11:26,391 [main] INFO  server.RaftServerConfigKeys (ConfUtils.java:logGet(43)) - raft.server.rpc.request.timeout = 3000ms (default)
2019-10-15 16:11:26,392 [main] INFO  server.RaftServerConfigKeys (ConfUtils.java:logGet(43)) - raft.server.storage.dir = [/workdir/hadoop-ozone/integration-test/target/test-dir/MiniOzoneClusterImpl-071139da-cec0-4bc6-bd27-be6b85e7151a/datanode-1/data/ratis] (custom)
2019-10-15 16:11:26,394 [main] INFO  hdfs.DFSUtil (DFSUtil.java:httpServerTemplateForNNAndJN(1641)) - Starting Web-server for hddsDatanode at: http://0.0.0.0:0
2019-10-15 16:11:26,395 [main] INFO  server.AuthenticationFilter (AuthenticationFilter.java:constructSecretProvider(240)) - Unable to initialize FileSignerSecretProvider, falling back to use random secrets.
2019-10-15 16:11:26,396 [main] WARN  http.HttpRequestLog (HttpRequestLog.java:getRequestLog(97)) - Jetty request log can only be enabled using Log4j
2019-10-15 16:11:26,397 [main] INFO  http.HttpServer2 (HttpServer2.java:addGlobalFilter(975)) - Added global filter 'safety' (class=org.apache.hadoop.http.HttpServer2$QuotingInputFilter)
2019-10-15 16:11:26,398 [main] INFO  http.HttpServer2 (HttpServer2.java:addFilter(948)) - Added filter static_user_filter (class=org.apache.hadoop.http.lib.StaticUserWebFilter$StaticUserFilter) to context hddsDatanode
2019-10-15 16:11:26,398 [main] INFO  http.HttpServer2 (HttpServer2.java:addFilter(958)) - Added filter static_user_filter (class=org.apache.hadoop.http.lib.StaticUserWebFilter$StaticUserFilter) to context logs
2019-10-15 16:11:26,398 [main] INFO  http.HttpServer2 (HttpServer2.java:addFilter(958)) - Added filter static_user_filter (class=org.apache.hadoop.http.lib.StaticUserWebFilter$StaticUserFilter) to context static
2019-10-15 16:11:26,399 [main] INFO  http.HttpServer2 (HttpServer2.java:bindListener(1191)) - Jetty bound to port 32831
2019-10-15 16:11:26,399 [main] INFO  server.Server (Server.java:doStart(351)) - jetty-9.3.25.v20180904, build timestamp: 2018-09-04T21:11:46Z, git hash: 3ce520221d0240229c862b122d2b06c12a625732
2019-10-15 16:11:26,402 [main] INFO  handler.ContextHandler (ContextHandler.java:doStart(781)) - Started o.e.j.s.ServletContextHandler@29a98d9f{/logs,file:///workdir/hadoop-ozone/integration-test/target/log,AVAILABLE}
2019-10-15 16:11:26,403 [main] INFO  handler.ContextHandler (ContextHandler.java:doStart(781)) - Started o.e.j.s.ServletContextHandler@544e8149{/static,jar:file:/home/user/.m2/repository/org/apache/hadoop/hadoop-hdds-container-service/0.5.0-SNAPSHOT/hadoop-hdds-container-service-0.5.0-SNAPSHOT.jar!/webapps/static,AVAILABLE}
2019-10-15 16:11:26,434 [main] INFO  handler.ContextHandler (ContextHandler.java:doStart(781)) - Started o.e.j.w.WebAppContext@7e446d92{/,file:///tmp/jetty-0.0.0.0-32831-hddsDatanode-_-any-1937680818481339491.dir/webapp/,AVAILABLE}{/hddsDatanode}
2019-10-15 16:11:26,435 [main] INFO  server.AbstractConnector (AbstractConnector.java:doStart(278)) - Started ServerConnector@57f9b467{HTTP/1.1,[http/1.1]}{0.0.0.0:32831}
2019-10-15 16:11:26,435 [main] INFO  server.Server (Server.java:doStart(419)) - Started @4980ms
2019-10-15 16:11:26,436 [main] WARN  impl.MetricsSystemImpl (MetricsSystemImpl.java:register(276)) - Sink prometheus already exists!
2019-10-15 16:11:26,437 [main] INFO  server.BaseHttpServer (BaseHttpServer.java:updateConnectorAddress(215)) - HTTP server of HDDSDATANODE is listening at http://0.0.0.0:32831
2019-10-15 16:11:26,438 [main] INFO  impl.MetricsSystemImpl (MetricsSystemImpl.java:init(158)) - HddsDatanode metrics system started (again)
2019-10-15 16:11:26,440 [main] INFO  ozone.HddsDatanodeService (HddsDatanodeService.java:start(184)) - HddsDatanodeService host:dev-nightly-20191015-w4nf7-692592917 ip:192.168.69.88
2019-10-15 16:11:26,441 [org.apache.hadoop.util.JvmPauseMonitor$Monitor@780547b7] INFO  util.JvmPauseMonitor (JvmPauseMonitor.java:run(188)) - Starting JVM pause monitor
2019-10-15 16:11:26,461 [main] INFO  volume.HddsVolume (HddsVolume.java:<init>(176)) - Creating Volume: /workdir/hadoop-ozone/integration-test/target/test-dir/MiniOzoneClusterImpl-071139da-cec0-4bc6-bd27-be6b85e7151a/datanode-2/data/containers/hdds of  storage type : DISK and capacity : 1482555576320
2019-10-15 16:11:26,462 [main] INFO  volume.VolumeSet (VolumeSet.java:initializeVolumeSet(170)) - Added Volume : /workdir/hadoop-ozone/integration-test/target/test-dir/MiniOzoneClusterImpl-071139da-cec0-4bc6-bd27-be6b85e7151a/datanode-2/data/containers/hdds to VolumeSet
2019-10-15 16:11:26,462 [main] INFO  volume.ThrottledAsyncChecker (ThrottledAsyncChecker.java:schedule(141)) - Scheduling a check for /workdir/hadoop-ozone/integration-test/target/test-dir/MiniOzoneClusterImpl-071139da-cec0-4bc6-bd27-be6b85e7151a/datanode-2/data/containers/hdds
2019-10-15 16:11:26,463 [main] INFO  volume.HddsVolumeChecker (HddsVolumeChecker.java:checkAllVolumes(204)) - Scheduled health check for volume /workdir/hadoop-ozone/integration-test/target/test-dir/MiniOzoneClusterImpl-071139da-cec0-4bc6-bd27-be6b85e7151a/datanode-2/data/containers/hdds
2019-10-15 16:11:26,482 [main] INFO  impl.RaftServerProxy (ConfUtils.java:logGet(43)) - raft.rpc.type = GRPC (default)
2019-10-15 16:11:26,482 [main] INFO  grpc.GrpcFactory (GrpcFactory.java:checkPooledByteBufAllocatorUseCacheForAllThreads(45)) - PERFORMANCE WARNING: useCacheForAllThreads is true that may cause Netty to create a lot garbage objects and, as a result, trigger GC.
	It is recommended to disable useCacheForAllThreads by setting -Dorg.apache.ratis.thirdparty.io.netty.allocator.useCacheForAllThreads=false in command line.
2019-10-15 16:11:26,482 [main] INFO  grpc.GrpcConfigKeys$Server (ConfUtils.java:logGet(43)) - raft.grpc.server.port = 0 (default)
2019-10-15 16:11:26,483 [main] INFO  server.GrpcService (ConfUtils.java:logGet(43)) - raft.grpc.message.size.max = 33570816 (custom)
2019-10-15 16:11:26,483 [main] INFO  server.RaftServerConfigKeys (ConfUtils.java:logGet(43)) - raft.server.log.appender.buffer.byte-limit = 33554432 (custom)
2019-10-15 16:11:26,483 [main] INFO  server.GrpcService (ConfUtils.java:logGet(43)) - raft.grpc.flow.control.window = 1MB (=1048576) (default)
2019-10-15 16:11:26,483 [main] INFO  server.RaftServerConfigKeys (ConfUtils.java:logGet(43)) - raft.server.rpc.request.timeout = 3000ms (default)
2019-10-15 16:11:26,484 [main] INFO  server.RaftServerConfigKeys (ConfUtils.java:logGet(43)) - raft.server.storage.dir = [/workdir/hadoop-ozone/integration-test/target/test-dir/MiniOzoneClusterImpl-071139da-cec0-4bc6-bd27-be6b85e7151a/datanode-2/data/ratis] (custom)
2019-10-15 16:11:26,486 [main] INFO  hdfs.DFSUtil (DFSUtil.java:httpServerTemplateForNNAndJN(1641)) - Starting Web-server for hddsDatanode at: http://0.0.0.0:0
2019-10-15 16:11:26,489 [main] INFO  server.AuthenticationFilter (AuthenticationFilter.java:constructSecretProvider(240)) - Unable to initialize FileSignerSecretProvider, falling back to use random secrets.
2019-10-15 16:11:26,490 [main] WARN  http.HttpRequestLog (HttpRequestLog.java:getRequestLog(97)) - Jetty request log can only be enabled using Log4j
2019-10-15 16:11:26,492 [Datanode State Machine Thread - 0] INFO  datanode.InitDatanodeState (InitDatanodeState.java:persistContainerDatanodeDetails(140)) - DatanodeDetails is persisted to /workdir/hadoop-ozone/integration-test/target/test-dir/MiniOzoneClusterImpl-071139da-cec0-4bc6-bd27-be6b85e7151a/datanode-0/meta/datanode.id
2019-10-15 16:11:26,494 [main] INFO  http.HttpServer2 (HttpServer2.java:addGlobalFilter(975)) - Added global filter 'safety' (class=org.apache.hadoop.http.HttpServer2$QuotingInputFilter)
2019-10-15 16:11:26,495 [main] INFO  http.HttpServer2 (HttpServer2.java:addFilter(948)) - Added filter static_user_filter (class=org.apache.hadoop.http.lib.StaticUserWebFilter$StaticUserFilter) to context hddsDatanode
2019-10-15 16:11:26,495 [Datanode State Machine Thread - 0] INFO  datanode.InitDatanodeState (InitDatanodeState.java:persistContainerDatanodeDetails(140)) - DatanodeDetails is persisted to /workdir/hadoop-ozone/integration-test/target/test-dir/MiniOzoneClusterImpl-071139da-cec0-4bc6-bd27-be6b85e7151a/datanode-1/meta/datanode.id
2019-10-15 16:11:26,495 [main] INFO  http.HttpServer2 (HttpServer2.java:addFilter(958)) - Added filter static_user_filter (class=org.apache.hadoop.http.lib.StaticUserWebFilter$StaticUserFilter) to context logs
2019-10-15 16:11:26,496 [main] INFO  http.HttpServer2 (HttpServer2.java:addFilter(958)) - Added filter static_user_filter (class=org.apache.hadoop.http.lib.StaticUserWebFilter$StaticUserFilter) to context static
2019-10-15 16:11:26,497 [main] INFO  http.HttpServer2 (HttpServer2.java:bindListener(1191)) - Jetty bound to port 36729
2019-10-15 16:11:26,497 [main] INFO  server.Server (Server.java:doStart(351)) - jetty-9.3.25.v20180904, build timestamp: 2018-09-04T21:11:46Z, git hash: 3ce520221d0240229c862b122d2b06c12a625732
2019-10-15 16:11:26,499 [main] INFO  handler.ContextHandler (ContextHandler.java:doStart(781)) - Started o.e.j.s.ServletContextHandler@37468787{/logs,file:///workdir/hadoop-ozone/integration-test/target/log,AVAILABLE}
2019-10-15 16:11:26,500 [main] INFO  handler.ContextHandler (ContextHandler.java:doStart(781)) - Started o.e.j.s.ServletContextHandler@714f3da4{/static,jar:file:/home/user/.m2/repository/org/apache/hadoop/hadoop-hdds-container-service/0.5.0-SNAPSHOT/hadoop-hdds-container-service-0.5.0-SNAPSHOT.jar!/webapps/static,AVAILABLE}
2019-10-15 16:11:26,532 [main] INFO  handler.ContextHandler (ContextHandler.java:doStart(781)) - Started o.e.j.w.WebAppContext@6192a5d5{/,file:///tmp/jetty-0.0.0.0-36729-hddsDatanode-_-any-6760211127087786432.dir/webapp/,AVAILABLE}{/hddsDatanode}
2019-10-15 16:11:26,532 [main] INFO  server.AbstractConnector (AbstractConnector.java:doStart(278)) - Started ServerConnector@3722c145{HTTP/1.1,[http/1.1]}{0.0.0.0:36729}
2019-10-15 16:11:26,533 [main] INFO  server.Server (Server.java:doStart(419)) - Started @5078ms
2019-10-15 16:11:26,533 [main] WARN  impl.MetricsSystemImpl (MetricsSystemImpl.java:register(276)) - Sink prometheus already exists!
2019-10-15 16:11:26,535 [main] INFO  server.BaseHttpServer (BaseHttpServer.java:updateConnectorAddress(215)) - HTTP server of HDDSDATANODE is listening at http://0.0.0.0:36729
2019-10-15 16:11:26,535 [main] INFO  impl.MetricsSystemImpl (MetricsSystemImpl.java:init(158)) - HddsDatanode metrics system started (again)
2019-10-15 16:11:26,538 [main] INFO  ozone.HddsDatanodeService (HddsDatanodeService.java:start(184)) - HddsDatanodeService host:dev-nightly-20191015-w4nf7-692592917 ip:192.168.69.88
2019-10-15 16:11:26,538 [org.apache.hadoop.util.JvmPauseMonitor$Monitor@37e690bc] INFO  util.JvmPauseMonitor (JvmPauseMonitor.java:run(188)) - Starting JVM pause monitor
2019-10-15 16:11:26,542 [Datanode State Machine Thread - 0] INFO  datanode.InitDatanodeState (InitDatanodeState.java:persistContainerDatanodeDetails(140)) - DatanodeDetails is persisted to /workdir/hadoop-ozone/integration-test/target/test-dir/MiniOzoneClusterImpl-071139da-cec0-4bc6-bd27-be6b85e7151a/datanode-2/meta/datanode.id
2019-10-15 16:11:26,545 [main] INFO  volume.HddsVolume (HddsVolume.java:<init>(176)) - Creating Volume: /workdir/hadoop-ozone/integration-test/target/test-dir/MiniOzoneClusterImpl-071139da-cec0-4bc6-bd27-be6b85e7151a/datanode-3/data/containers/hdds of  storage type : DISK and capacity : 1482555576320
2019-10-15 16:11:26,545 [main] INFO  volume.VolumeSet (VolumeSet.java:initializeVolumeSet(170)) - Added Volume : /workdir/hadoop-ozone/integration-test/target/test-dir/MiniOzoneClusterImpl-071139da-cec0-4bc6-bd27-be6b85e7151a/datanode-3/data/containers/hdds to VolumeSet
2019-10-15 16:11:26,545 [main] INFO  volume.ThrottledAsyncChecker (ThrottledAsyncChecker.java:schedule(141)) - Scheduling a check for /workdir/hadoop-ozone/integration-test/target/test-dir/MiniOzoneClusterImpl-071139da-cec0-4bc6-bd27-be6b85e7151a/datanode-3/data/containers/hdds
2019-10-15 16:11:26,546 [main] INFO  volume.HddsVolumeChecker (HddsVolumeChecker.java:checkAllVolumes(204)) - Scheduled health check for volume /workdir/hadoop-ozone/integration-test/target/test-dir/MiniOzoneClusterImpl-071139da-cec0-4bc6-bd27-be6b85e7151a/datanode-3/data/containers/hdds
2019-10-15 16:11:26,565 [main] INFO  impl.RaftServerProxy (ConfUtils.java:logGet(43)) - raft.rpc.type = GRPC (default)
2019-10-15 16:11:26,565 [main] INFO  grpc.GrpcFactory (GrpcFactory.java:checkPooledByteBufAllocatorUseCacheForAllThreads(45)) - PERFORMANCE WARNING: useCacheForAllThreads is true that may cause Netty to create a lot garbage objects and, as a result, trigger GC.
	It is recommended to disable useCacheForAllThreads by setting -Dorg.apache.ratis.thirdparty.io.netty.allocator.useCacheForAllThreads=false in command line.
2019-10-15 16:11:26,565 [main] INFO  grpc.GrpcConfigKeys$Server (ConfUtils.java:logGet(43)) - raft.grpc.server.port = 0 (default)
2019-10-15 16:11:26,566 [main] INFO  server.GrpcService (ConfUtils.java:logGet(43)) - raft.grpc.message.size.max = 33570816 (custom)
2019-10-15 16:11:26,566 [main] INFO  server.RaftServerConfigKeys (ConfUtils.java:logGet(43)) - raft.server.log.appender.buffer.byte-limit = 33554432 (custom)
2019-10-15 16:11:26,567 [main] INFO  server.GrpcService (ConfUtils.java:logGet(43)) - raft.grpc.flow.control.window = 1MB (=1048576) (default)
2019-10-15 16:11:26,567 [main] INFO  server.RaftServerConfigKeys (ConfUtils.java:logGet(43)) - raft.server.rpc.request.timeout = 3000ms (default)
2019-10-15 16:11:26,568 [main] INFO  server.RaftServerConfigKeys (ConfUtils.java:logGet(43)) - raft.server.storage.dir = [/workdir/hadoop-ozone/integration-test/target/test-dir/MiniOzoneClusterImpl-071139da-cec0-4bc6-bd27-be6b85e7151a/datanode-3/data/ratis] (custom)
2019-10-15 16:11:26,571 [main] INFO  hdfs.DFSUtil (DFSUtil.java:httpServerTemplateForNNAndJN(1641)) - Starting Web-server for hddsDatanode at: http://0.0.0.0:0
2019-10-15 16:11:26,572 [main] INFO  server.AuthenticationFilter (AuthenticationFilter.java:constructSecretProvider(240)) - Unable to initialize FileSignerSecretProvider, falling back to use random secrets.
2019-10-15 16:11:26,573 [main] WARN  http.HttpRequestLog (HttpRequestLog.java:getRequestLog(97)) - Jetty request log can only be enabled using Log4j
2019-10-15 16:11:26,575 [main] INFO  http.HttpServer2 (HttpServer2.java:addGlobalFilter(975)) - Added global filter 'safety' (class=org.apache.hadoop.http.HttpServer2$QuotingInputFilter)
2019-10-15 16:11:26,576 [main] INFO  http.HttpServer2 (HttpServer2.java:addFilter(948)) - Added filter static_user_filter (class=org.apache.hadoop.http.lib.StaticUserWebFilter$StaticUserFilter) to context hddsDatanode
2019-10-15 16:11:26,576 [main] INFO  http.HttpServer2 (HttpServer2.java:addFilter(958)) - Added filter static_user_filter (class=org.apache.hadoop.http.lib.StaticUserWebFilter$StaticUserFilter) to context static
2019-10-15 16:11:26,576 [main] INFO  http.HttpServer2 (HttpServer2.java:addFilter(958)) - Added filter static_user_filter (class=org.apache.hadoop.http.lib.StaticUserWebFilter$StaticUserFilter) to context logs
2019-10-15 16:11:26,577 [main] INFO  http.HttpServer2 (HttpServer2.java:bindListener(1191)) - Jetty bound to port 35615
2019-10-15 16:11:26,577 [main] INFO  server.Server (Server.java:doStart(351)) - jetty-9.3.25.v20180904, build timestamp: 2018-09-04T21:11:46Z, git hash: 3ce520221d0240229c862b122d2b06c12a625732
2019-10-15 16:11:26,581 [main] INFO  handler.ContextHandler (ContextHandler.java:doStart(781)) - Started o.e.j.s.ServletContextHandler@6fa13e6{/logs,file:///workdir/hadoop-ozone/integration-test/target/log,AVAILABLE}
2019-10-15 16:11:26,582 [main] INFO  handler.ContextHandler (ContextHandler.java:doStart(781)) - Started o.e.j.s.ServletContextHandler@77049094{/static,jar:file:/home/user/.m2/repository/org/apache/hadoop/hadoop-hdds-container-service/0.5.0-SNAPSHOT/hadoop-hdds-container-service-0.5.0-SNAPSHOT.jar!/webapps/static,AVAILABLE}
2019-10-15 16:11:26,617 [main] INFO  handler.ContextHandler (ContextHandler.java:doStart(781)) - Started o.e.j.w.WebAppContext@4aa21f9d{/,file:///tmp/jetty-0.0.0.0-35615-hddsDatanode-_-any-8722359115654739956.dir/webapp/,AVAILABLE}{/hddsDatanode}
2019-10-15 16:11:26,618 [main] INFO  server.AbstractConnector (AbstractConnector.java:doStart(278)) - Started ServerConnector@71c17a57{HTTP/1.1,[http/1.1]}{0.0.0.0:35615}
2019-10-15 16:11:26,619 [main] INFO  server.Server (Server.java:doStart(419)) - Started @5163ms
2019-10-15 16:11:26,619 [main] WARN  impl.MetricsSystemImpl (MetricsSystemImpl.java:register(276)) - Sink prometheus already exists!
2019-10-15 16:11:26,620 [main] INFO  server.BaseHttpServer (BaseHttpServer.java:updateConnectorAddress(215)) - HTTP server of HDDSDATANODE is listening at http://0.0.0.0:35615
2019-10-15 16:11:26,621 [main] INFO  ozone.MiniOzoneClusterImpl (MiniOzoneClusterImpl.java:lambda$waitForClusterToBeReady$0(147)) - Waiting for cluster to be ready. Got 0 of 4 DN Heartbeats.
2019-10-15 16:11:26,623 [org.apache.hadoop.util.JvmPauseMonitor$Monitor@226d8a2c] INFO  util.JvmPauseMonitor (JvmPauseMonitor.java:run(188)) - Starting JVM pause monitor
2019-10-15 16:11:26,625 [Datanode State Machine Thread - 0] INFO  datanode.InitDatanodeState (InitDatanodeState.java:persistContainerDatanodeDetails(140)) - DatanodeDetails is persisted to /workdir/hadoop-ozone/integration-test/target/test-dir/MiniOzoneClusterImpl-071139da-cec0-4bc6-bd27-be6b85e7151a/datanode-3/meta/datanode.id
2019-10-15 16:11:27,622 [main] INFO  ozone.MiniOzoneClusterImpl (MiniOzoneClusterImpl.java:lambda$waitForClusterToBeReady$0(147)) - Waiting for cluster to be ready. Got 0 of 4 DN Heartbeats.
2019-10-15 16:11:28,443 [Datanode State Machine Thread - 0] INFO  ozoneimpl.OzoneContainer (OzoneContainer.java:start(213)) - Attempting to start container services.
2019-10-15 16:11:28,446 [Datanode State Machine Thread - 0] INFO  ozoneimpl.OzoneContainer (OzoneContainer.java:startContainerScrub(177)) - Background container scanner has been disabled.
2019-10-15 16:11:28,446 [Datanode State Machine Thread - 0] INFO  ratis.XceiverServerRatis (XceiverServerRatis.java:start(418)) - Starting XceiverServerRatis 90c6e2d0-0cfc-4ac6-8fdc-c488196327d4 at port 0
2019-10-15 16:11:28,455 [Datanode State Machine Thread - 0] INFO  impl.RaftServerProxy (RaftServerProxy.java:lambda$start$3(299)) - 90c6e2d0-0cfc-4ac6-8fdc-c488196327d4: start RPC server
2019-10-15 16:11:28,456 [Datanode State Machine Thread - 0] INFO  ozoneimpl.OzoneContainer (OzoneContainer.java:start(213)) - Attempting to start container services.
2019-10-15 16:11:28,458 [Datanode State Machine Thread - 0] INFO  ozoneimpl.OzoneContainer (OzoneContainer.java:startContainerScrub(177)) - Background container scanner has been disabled.
2019-10-15 16:11:28,458 [Datanode State Machine Thread - 0] INFO  ratis.XceiverServerRatis (XceiverServerRatis.java:start(418)) - Starting XceiverServerRatis 50423279-f647-4a18-8e85-347d68eaf856 at port 0
2019-10-15 16:11:28,462 [Datanode State Machine Thread - 0] INFO  server.GrpcService (GrpcService.java:startImpl(158)) - 90c6e2d0-0cfc-4ac6-8fdc-c488196327d4: GrpcService started, listening on 0.0.0.0/0.0.0.0:35788
2019-10-15 16:11:28,462 [Datanode State Machine Thread - 0] INFO  ratis.XceiverServerRatis (XceiverServerRatis.java:start(428)) - XceiverServerRatis 90c6e2d0-0cfc-4ac6-8fdc-c488196327d4 is started using port 35788
2019-10-15 16:11:28,466 [Datanode State Machine Thread - 0] INFO  server.XceiverServerGrpc (XceiverServerGrpc.java:start(149)) - XceiverServerGrpc 90c6e2d0-0cfc-4ac6-8fdc-c488196327d4 is started using port 39789
2019-10-15 16:11:28,468 [Datanode State Machine Thread - 0] INFO  impl.RaftServerProxy (RaftServerProxy.java:lambda$start$3(299)) - 50423279-f647-4a18-8e85-347d68eaf856: start RPC server
2019-10-15 16:11:28,470 [Datanode State Machine Thread - 0] INFO  server.GrpcService (GrpcService.java:startImpl(158)) - 50423279-f647-4a18-8e85-347d68eaf856: GrpcService started, listening on 0.0.0.0/0.0.0.0:39583
2019-10-15 16:11:28,471 [Datanode State Machine Thread - 0] INFO  ratis.XceiverServerRatis (XceiverServerRatis.java:start(428)) - XceiverServerRatis 50423279-f647-4a18-8e85-347d68eaf856 is started using port 39583
2019-10-15 16:11:28,472 [Datanode State Machine Thread - 0] INFO  server.XceiverServerGrpc (XceiverServerGrpc.java:start(149)) - XceiverServerGrpc 50423279-f647-4a18-8e85-347d68eaf856 is started using port 44139
2019-10-15 16:11:28,546 [Datanode State Machine Thread - 0] INFO  ozoneimpl.OzoneContainer (OzoneContainer.java:start(213)) - Attempting to start container services.
2019-10-15 16:11:28,547 [Datanode State Machine Thread - 0] INFO  ozoneimpl.OzoneContainer (OzoneContainer.java:startContainerScrub(177)) - Background container scanner has been disabled.
2019-10-15 16:11:28,547 [Datanode State Machine Thread - 0] INFO  ratis.XceiverServerRatis (XceiverServerRatis.java:start(418)) - Starting XceiverServerRatis 25d6372c-77fd-4a39-ac2a-e48debad48df at port 0
2019-10-15 16:11:28,556 [Datanode State Machine Thread - 0] INFO  impl.RaftServerProxy (RaftServerProxy.java:lambda$start$3(299)) - 25d6372c-77fd-4a39-ac2a-e48debad48df: start RPC server
2019-10-15 16:11:28,559 [Datanode State Machine Thread - 0] INFO  server.GrpcService (GrpcService.java:startImpl(158)) - 25d6372c-77fd-4a39-ac2a-e48debad48df: GrpcService started, listening on 0.0.0.0/0.0.0.0:39591
2019-10-15 16:11:28,559 [Datanode State Machine Thread - 0] INFO  ratis.XceiverServerRatis (XceiverServerRatis.java:start(428)) - XceiverServerRatis 25d6372c-77fd-4a39-ac2a-e48debad48df is started using port 39591
2019-10-15 16:11:28,561 [Datanode State Machine Thread - 0] INFO  server.XceiverServerGrpc (XceiverServerGrpc.java:start(149)) - XceiverServerGrpc 25d6372c-77fd-4a39-ac2a-e48debad48df is started using port 33342
2019-10-15 16:11:28,622 [main] INFO  ozone.MiniOzoneClusterImpl (MiniOzoneClusterImpl.java:lambda$waitForClusterToBeReady$0(147)) - Waiting for cluster to be ready. Got 0 of 4 DN Heartbeats.
2019-10-15 16:11:28,630 [Datanode State Machine Thread - 0] INFO  ozoneimpl.OzoneContainer (OzoneContainer.java:start(213)) - Attempting to start container services.
2019-10-15 16:11:28,631 [Datanode State Machine Thread - 0] INFO  ozoneimpl.OzoneContainer (OzoneContainer.java:startContainerScrub(177)) - Background container scanner has been disabled.
2019-10-15 16:11:28,632 [Datanode State Machine Thread - 0] INFO  ratis.XceiverServerRatis (XceiverServerRatis.java:start(418)) - Starting XceiverServerRatis 2ec85f63-33fb-4317-9145-71357d145af9 at port 0
2019-10-15 16:11:28,641 [Datanode State Machine Thread - 0] INFO  impl.RaftServerProxy (RaftServerProxy.java:lambda$start$3(299)) - 2ec85f63-33fb-4317-9145-71357d145af9: start RPC server
2019-10-15 16:11:28,644 [Datanode State Machine Thread - 0] INFO  server.GrpcService (GrpcService.java:startImpl(158)) - 2ec85f63-33fb-4317-9145-71357d145af9: GrpcService started, listening on 0.0.0.0/0.0.0.0:42357
2019-10-15 16:11:28,644 [Datanode State Machine Thread - 0] INFO  ratis.XceiverServerRatis (XceiverServerRatis.java:start(428)) - XceiverServerRatis 2ec85f63-33fb-4317-9145-71357d145af9 is started using port 42357
2019-10-15 16:11:28,646 [Datanode State Machine Thread - 0] INFO  server.XceiverServerGrpc (XceiverServerGrpc.java:start(149)) - XceiverServerGrpc 2ec85f63-33fb-4317-9145-71357d145af9 is started using port 42476
2019-10-15 16:11:29,623 [main] INFO  ozone.MiniOzoneClusterImpl (MiniOzoneClusterImpl.java:lambda$waitForClusterToBeReady$0(147)) - Waiting for cluster to be ready. Got 0 of 4 DN Heartbeats.
2019-10-15 16:11:30,401 [IPC Server handler 0 on 33641] INFO  net.NetworkTopology (NetworkTopologyImpl.java:add(111)) - Added a new node: /rack1/90c6e2d0-0cfc-4ac6-8fdc-c488196327d4
2019-10-15 16:11:30,402 [IPC Server handler 0 on 33641] INFO  node.SCMNodeManager (SCMNodeManager.java:register(268)) - Registered Data node : 90c6e2d0-0cfc-4ac6-8fdc-c488196327d4{ip: 192.168.69.88, host: dev-nightly-20191015-w4nf7-692592917, networkLocation: /rack1, certSerialId: null}
2019-10-15 16:11:30,406 [EventQueue-NodeRegistrationContainerReportForDataNodeSafeModeRule] INFO  safemode.SCMSafeModeManager (DataNodeSafeModeRule.java:process(71)) - SCM in safe mode. 1 DataNodes registered, 1 required.
2019-10-15 16:11:30,406 [EventQueue-NodeRegistrationContainerReportForDataNodeSafeModeRule] INFO  safemode.SCMSafeModeManager (SCMSafeModeManager.java:validateSafeModeExitRules(177)) - ScmSafeModeManager, all rules are successfully validated
2019-10-15 16:11:30,406 [EventQueue-NodeRegistrationContainerReportForDataNodeSafeModeRule] INFO  safemode.SCMSafeModeManager (SCMSafeModeManager.java:exitSafeMode(193)) - SCM exiting safe mode.
2019-10-15 16:11:30,444 [IPC Server handler 1 on 33641] INFO  net.NetworkTopology (NetworkTopologyImpl.java:add(111)) - Added a new node: /rack1/50423279-f647-4a18-8e85-347d68eaf856
2019-10-15 16:11:30,444 [IPC Server handler 1 on 33641] INFO  node.SCMNodeManager (SCMNodeManager.java:register(268)) - Registered Data node : 50423279-f647-4a18-8e85-347d68eaf856{ip: 192.168.69.88, host: dev-nightly-20191015-w4nf7-692592917, networkLocation: /rack1, certSerialId: null}
2019-10-15 16:11:30,543 [IPC Server handler 3 on 33641] INFO  net.NetworkTopology (NetworkTopologyImpl.java:add(111)) - Added a new node: /rack1/25d6372c-77fd-4a39-ac2a-e48debad48df
2019-10-15 16:11:30,543 [IPC Server handler 3 on 33641] INFO  node.SCMNodeManager (SCMNodeManager.java:register(268)) - Registered Data node : 25d6372c-77fd-4a39-ac2a-e48debad48df{ip: 192.168.69.88, host: dev-nightly-20191015-w4nf7-692592917, networkLocation: /rack1, certSerialId: null}
2019-10-15 16:11:30,625 [main] INFO  ozone.MiniOzoneClusterImpl (MiniOzoneClusterImpl.java:lambda$waitForClusterToBeReady$0(147)) - Waiting for cluster to be ready. Got 3 of 4 DN Heartbeats.
2019-10-15 16:11:30,626 [IPC Server handler 4 on 33641] INFO  net.NetworkTopology (NetworkTopologyImpl.java:add(111)) - Added a new node: /rack1/2ec85f63-33fb-4317-9145-71357d145af9
2019-10-15 16:11:30,626 [IPC Server handler 4 on 33641] INFO  node.SCMNodeManager (SCMNodeManager.java:register(268)) - Registered Data node : 2ec85f63-33fb-4317-9145-71357d145af9{ip: 192.168.69.88, host: dev-nightly-20191015-w4nf7-692592917, networkLocation: /rack1, certSerialId: null}
2019-10-15 16:11:30,819 [grpc-default-executor-0] INFO  impl.RaftServerProxy (RaftServerProxy.java:addNew(89)) - 90c6e2d0-0cfc-4ac6-8fdc-c488196327d4: addNew group-87CA124469BE:[90c6e2d0-0cfc-4ac6-8fdc-c488196327d4:192.168.69.88:35788] returns group-87CA124469BE:java.util.concurrent.CompletableFuture@3bc2c7b6[Not completed]
2019-10-15 16:11:30,831 [pool-32-thread-1] INFO  impl.RaftServerImpl (RaftServerImpl.java:<init>(104)) - 90c6e2d0-0cfc-4ac6-8fdc-c488196327d4: new RaftServerImpl for group-87CA124469BE:[90c6e2d0-0cfc-4ac6-8fdc-c488196327d4:192.168.69.88:35788] with ContainerStateMachine:uninitialized
2019-10-15 16:11:30,832 [pool-32-thread-1] INFO  server.RaftServerConfigKeys (ConfUtils.java:logGet(43)) - raft.server.rpc.timeout.min = 5s (custom)
2019-10-15 16:11:30,832 [pool-32-thread-1] INFO  server.RaftServerConfigKeys (ConfUtils.java:logGet(43)) - raft.server.rpc.timeout.max = 5200ms (custom)
2019-10-15 16:11:30,832 [pool-32-thread-1] INFO  server.RaftServerConfigKeys (ConfUtils.java:logGet(43)) - raft.server.rpcslowness.timeout = 120s (custom)
2019-10-15 16:11:30,833 [pool-32-thread-1] INFO  server.RaftServerConfigKeys (ConfUtils.java:logGet(43)) - raft.server.sleep.deviation.threshold = 300 (default)
2019-10-15 16:11:30,833 [pool-32-thread-1] INFO  server.RaftServerConfigKeys (ConfUtils.java:logGet(43)) - raft.server.log.appender.install.snapshot.enabled = false (custom)
2019-10-15 16:11:30,833 [pool-32-thread-1] INFO  impl.RaftServerImpl (ServerState.java:<init>(103)) - 90c6e2d0-0cfc-4ac6-8fdc-c488196327d4@group-87CA124469BE: ConfigurationManager, init=-1: [90c6e2d0-0cfc-4ac6-8fdc-c488196327d4:192.168.69.88:35788], old=null, confs=<EMPTY_MAP>
2019-10-15 16:11:30,833 [pool-32-thread-1] INFO  server.RaftServerConfigKeys (ConfUtils.java:logGet(43)) - raft.server.storage.dir = [/workdir/hadoop-ozone/integration-test/target/test-dir/MiniOzoneClusterImpl-071139da-cec0-4bc6-bd27-be6b85e7151a/datanode-0/data/ratis] (custom)
2019-10-15 16:11:30,834 [pool-32-thread-1] INFO  server.RaftServerConfigKeys (ConfUtils.java:logGet(43)) - raft.server.log.corruption.policy = EXCEPTION (default)
2019-10-15 16:11:30,834 [pool-32-thread-1] INFO  storage.RaftStorageDirectory (RaftStorageDirectory.java:analyzeStorage(246)) - The storage directory /workdir/hadoop-ozone/integration-test/target/test-dir/MiniOzoneClusterImpl-071139da-cec0-4bc6-bd27-be6b85e7151a/datanode-0/data/ratis/15d65865-5126-4db7-879b-87ca124469be does not exist. Creating ...
2019-10-15 16:11:30,848 [pool-32-thread-1] INFO  storage.RaftStorageDirectory (RaftStorageDirectory.java:tryLock(328)) - Lock on /workdir/hadoop-ozone/integration-test/target/test-dir/MiniOzoneClusterImpl-071139da-cec0-4bc6-bd27-be6b85e7151a/datanode-0/data/ratis/15d65865-5126-4db7-879b-87ca124469be/in_use.lock acquired by nodename 11264@dev-nightly-20191015-w4nf7-692592917
2019-10-15 16:11:30,861 [pool-32-thread-1] INFO  storage.RaftStorage (RaftStorage.java:format(84)) - Storage directory /workdir/hadoop-ozone/integration-test/target/test-dir/MiniOzoneClusterImpl-071139da-cec0-4bc6-bd27-be6b85e7151a/datanode-0/data/ratis/15d65865-5126-4db7-879b-87ca124469be has been successfully formatted.
2019-10-15 16:11:30,863 [pool-32-thread-1] INFO  ratis.ContainerStateMachine (ContainerStateMachine.java:loadSnapshot(231)) - group-87CA124469BE: The snapshot info is null. Setting the last applied indexto:(t:0, i:~)
2019-10-15 16:11:30,864 [pool-32-thread-1] INFO  server.RaftServerConfigKeys (ConfUtils.java:logGet(43)) - raft.server.notification.no-leader.timeout = 120s (custom)
2019-10-15 16:11:30,864 [pool-32-thread-1] INFO  server.RaftServerConfigKeys (ConfUtils.java:logGet(43)) - raft.server.log.use.memory = false (default)
2019-10-15 16:11:30,864 [pool-32-thread-1] INFO  server.RaftServerConfigKeys (ConfUtils.java:logGet(43)) - raft.server.log.purge.gap = 1000000 (custom)
2019-10-15 16:11:30,865 [pool-32-thread-1] INFO  server.RaftServerConfigKeys (ConfUtils.java:logGet(43)) - raft.server.log.appender.buffer.byte-limit = 33554432 (custom)
2019-10-15 16:11:30,865 [pool-32-thread-1] INFO  server.RaftServerConfigKeys (ConfUtils.java:logGet(43)) - raft.server.log.segment.size.max = 1048576 (custom)
2019-10-15 16:11:30,873 [pool-32-thread-1] INFO  server.RaftServerConfigKeys (ConfUtils.java:logGet(43)) - raft.server.log.segment.cache.num.max = 2 (custom)
2019-10-15 16:11:30,874 [pool-32-thread-1] INFO  segmented.SegmentedRaftLogWorker (SegmentedRaftLogWorker.java:<init>(173)) - new 90c6e2d0-0cfc-4ac6-8fdc-c488196327d4@group-87CA124469BE-SegmentedRaftLogWorker for RaftStorage:Storage Directory /workdir/hadoop-ozone/integration-test/target/test-dir/MiniOzoneClusterImpl-071139da-cec0-4bc6-bd27-be6b85e7151a/datanode-0/data/ratis/15d65865-5126-4db7-879b-87ca124469be
2019-10-15 16:11:30,874 [pool-32-thread-1] INFO  server.RaftServerConfigKeys (ConfUtils.java:logGet(43)) - raft.server.log.queue.byte-limit = 2147483647 (custom)
2019-10-15 16:11:30,874 [pool-32-thread-1] INFO  server.RaftServerConfigKeys (ConfUtils.java:logGet(43)) - raft.server.log.queue.element-limit = 1024 (custom)
2019-10-15 16:11:30,875 [pool-32-thread-1] INFO  server.RaftServerConfigKeys (ConfUtils.java:logGet(43)) - raft.server.log.segment.size.max = 1048576 (custom)
2019-10-15 16:11:30,875 [pool-32-thread-1] INFO  server.RaftServerConfigKeys (ConfUtils.java:logGet(43)) - raft.server.log.preallocated.size = 16384 (custom)
2019-10-15 16:11:30,875 [pool-32-thread-1] INFO  server.RaftServerConfigKeys (ConfUtils.java:logGet(43)) - raft.server.log.write.buffer.size = 33554432 (custom)
2019-10-15 16:11:30,875 [pool-32-thread-1] INFO  server.RaftServerConfigKeys (ConfUtils.java:logGet(43)) - raft.server.log.force.sync.num = 128 (default)
2019-10-15 16:11:30,875 [pool-32-thread-1] INFO  server.RaftServerConfigKeys (ConfUtils.java:logGet(43)) - raft.server.log.statemachine.data.sync = true (default)
2019-10-15 16:11:30,875 [pool-32-thread-1] INFO  server.RaftServerConfigKeys (ConfUtils.java:logGet(43)) - raft.server.log.statemachine.data.sync.timeout = 10s (default)
2019-10-15 16:11:30,876 [pool-32-thread-1] INFO  server.RaftServerConfigKeys (ConfUtils.java:logGet(43)) - raft.server.log.statemachine.data.sync.timeout.retry = -1 (default)
2019-10-15 16:11:30,876 [pool-32-thread-1] INFO  server.RaftServerConfigKeys (ConfUtils.java:logGet(43)) - raft.server.log.statemachine.data.caching.enabled = true (custom)
2019-10-15 16:11:30,877 [pool-32-thread-1] INFO  segmented.SegmentedRaftLogWorker (SegmentedRaftLogWorker.java:lambda$new$0(128)) - 90c6e2d0-0cfc-4ac6-8fdc-c488196327d4@group-87CA124469BE-SegmentedRaftLogWorker: flushIndex: setUnconditionally 0 -> -1
2019-10-15 16:11:30,877 [pool-32-thread-1] INFO  server.RaftServerConfigKeys (ConfUtils.java:logGet(43)) - raft.server.snapshot.auto.trigger.enabled = true (custom)
2019-10-15 16:11:30,878 [pool-32-thread-1] INFO  server.RaftServerConfigKeys (ConfUtils.java:logGet(43)) - raft.server.snapshot.auto.trigger.threshold = 10000 (custom)
2019-10-15 16:11:30,878 [pool-32-thread-1] INFO  server.RaftServerConfigKeys (ConfUtils.java:logGet(43)) - raft.server.snapshot.retention.file.num = 5 (custom)
2019-10-15 16:11:30,878 [pool-32-thread-1] INFO  server.RaftServerConfigKeys (ConfUtils.java:logGet(43)) - raft.server.retrycache.expirytime = 600000ms (custom)
2019-10-15 16:11:30,888 [pool-32-thread-1] INFO  impl.RaftServerImpl (RaftServerImpl.java:start(195)) - 90c6e2d0-0cfc-4ac6-8fdc-c488196327d4@group-87CA124469BE: start as a follower, conf=-1: [90c6e2d0-0cfc-4ac6-8fdc-c488196327d4:192.168.69.88:35788], old=null
2019-10-15 16:11:30,888 [pool-32-thread-1] INFO  impl.RaftServerImpl (RaftServerImpl.java:setRole(184)) - 90c6e2d0-0cfc-4ac6-8fdc-c488196327d4@group-87CA124469BE: changes role from      null to FOLLOWER at term 0 for startAsFollower
2019-10-15 16:11:30,889 [pool-32-thread-1] INFO  impl.RoleInfo (RoleInfo.java:updateAndGet(143)) - 90c6e2d0-0cfc-4ac6-8fdc-c488196327d4: start FollowerState
2019-10-15 16:11:30,889 [pool-32-thread-1] INFO  util.JmxRegister (JmxRegister.java:tryRegister(44)) - Successfully registered JMX Bean with object name Ratis:service=RaftServer,group=group-87CA124469BE,id=90c6e2d0-0cfc-4ac6-8fdc-c488196327d4
2019-10-15 16:11:30,920 [Thread-202] INFO  impl.FollowerState (FollowerState.java:run(108)) - 90c6e2d0-0cfc-4ac6-8fdc-c488196327d4@group-87CA124469BE-FollowerState: change to CANDIDATE, lastRpcTime:31ms, electionTimeout:31ms
2019-10-15 16:11:30,924 [Thread-202] INFO  impl.RoleInfo (RoleInfo.java:shutdownFollowerState(121)) - 90c6e2d0-0cfc-4ac6-8fdc-c488196327d4: shutdown FollowerState
2019-10-15 16:11:30,924 [Thread-202] INFO  impl.RaftServerImpl (RaftServerImpl.java:setRole(184)) - 90c6e2d0-0cfc-4ac6-8fdc-c488196327d4@group-87CA124469BE: changes role from  FOLLOWER to CANDIDATE at term 0 for changeToCandidate
2019-10-15 16:11:30,925 [Thread-202] INFO  impl.RoleInfo (RoleInfo.java:updateAndGet(143)) - 90c6e2d0-0cfc-4ac6-8fdc-c488196327d4: start LeaderElection
2019-10-15 16:11:30,931 [90c6e2d0-0cfc-4ac6-8fdc-c488196327d4@group-87CA124469BE-LeaderElection2] INFO  impl.LeaderElection (LeaderElection.java:askForVotes(178)) - 90c6e2d0-0cfc-4ac6-8fdc-c488196327d4@group-87CA124469BE-LeaderElection2: begin an election at term 1 for -1: [90c6e2d0-0cfc-4ac6-8fdc-c488196327d4:192.168.69.88:35788], old=null
2019-10-15 16:11:30,932 [90c6e2d0-0cfc-4ac6-8fdc-c488196327d4@group-87CA124469BE-LeaderElection2] INFO  impl.RoleInfo (RoleInfo.java:shutdownLeaderElection(134)) - 90c6e2d0-0cfc-4ac6-8fdc-c488196327d4: shutdown LeaderElection
2019-10-15 16:11:30,932 [90c6e2d0-0cfc-4ac6-8fdc-c488196327d4@group-87CA124469BE-LeaderElection2] INFO  impl.RaftServerImpl (RaftServerImpl.java:setRole(184)) - 90c6e2d0-0cfc-4ac6-8fdc-c488196327d4@group-87CA124469BE: changes role from CANDIDATE to LEADER at term 1 for changeToLeader
2019-10-15 16:11:30,933 [90c6e2d0-0cfc-4ac6-8fdc-c488196327d4@group-87CA124469BE-LeaderElection2] INFO  impl.RaftServerImpl (ServerState.java:setLeader(256)) - 90c6e2d0-0cfc-4ac6-8fdc-c488196327d4@group-87CA124469BE: change Leader from null to 90c6e2d0-0cfc-4ac6-8fdc-c488196327d4 at term 1 for becomeLeader, leader elected after 69ms
2019-10-15 16:11:30,933 [90c6e2d0-0cfc-4ac6-8fdc-c488196327d4@group-87CA124469BE-LeaderElection2] INFO  server.RaftServerConfigKeys (ConfUtils.java:logGet(43)) - raft.server.staging.catchup.gap = 1000 (default)
2019-10-15 16:11:30,933 [90c6e2d0-0cfc-4ac6-8fdc-c488196327d4@group-87CA124469BE-LeaderElection2] INFO  server.RaftServerConfigKeys (ConfUtils.java:logGet(43)) - raft.server.rpc.sleep.time = 25ms (default)
2019-10-15 16:11:30,933 [90c6e2d0-0cfc-4ac6-8fdc-c488196327d4@group-87CA124469BE-LeaderElection2] INFO  server.RaftServerConfigKeys (ConfUtils.java:logGet(43)) - raft.server.write.element-limit = 4096 (default)
2019-10-15 16:11:30,933 [90c6e2d0-0cfc-4ac6-8fdc-c488196327d4@group-87CA124469BE-LeaderElection2] INFO  server.RaftServerConfigKeys (ConfUtils.java:logGet(43)) - raft.server.watch.timeout = 10s (default)
2019-10-15 16:11:30,934 [90c6e2d0-0cfc-4ac6-8fdc-c488196327d4@group-87CA124469BE-LeaderElection2] INFO  server.RaftServerConfigKeys (ConfUtils.java:logGet(43)) - raft.server.watch.timeout.denomination = 1s (default)
2019-10-15 16:11:30,934 [90c6e2d0-0cfc-4ac6-8fdc-c488196327d4@group-87CA124469BE-LeaderElection2] INFO  server.RaftServerConfigKeys (ConfUtils.java:logGet(43)) - raft.server.watch.element-limit = 65536 (default)
2019-10-15 16:11:30,937 [90c6e2d0-0cfc-4ac6-8fdc-c488196327d4@group-87CA124469BE-LeaderElection2] INFO  impl.RoleInfo (RoleInfo.java:updateAndGet(143)) - 90c6e2d0-0cfc-4ac6-8fdc-c488196327d4: start LeaderState
2019-10-15 16:11:30,937 [90c6e2d0-0cfc-4ac6-8fdc-c488196327d4@group-87CA124469BE-LeaderElection2] INFO  segmented.SegmentedRaftLogWorker (SegmentedRaftLogWorker.java:startLogSegment(385)) - 90c6e2d0-0cfc-4ac6-8fdc-c488196327d4@group-87CA124469BE-SegmentedRaftLogWorker: Starting segment from index:0
2019-10-15 16:11:30,938 [90c6e2d0-0cfc-4ac6-8fdc-c488196327d4@group-87CA124469BE-LeaderElection2] INFO  impl.RaftServerImpl (ServerState.java:setRaftConf(357)) - 90c6e2d0-0cfc-4ac6-8fdc-c488196327d4@group-87CA124469BE: set configuration 0: [90c6e2d0-0cfc-4ac6-8fdc-c488196327d4:192.168.69.88:35788], old=null at 0
2019-10-15 16:11:30,973 [90c6e2d0-0cfc-4ac6-8fdc-c488196327d4@group-87CA124469BE-SegmentedRaftLogWorker] INFO  segmented.SegmentedRaftLogWorker (SegmentedRaftLogWorker.java:execute(576)) - 90c6e2d0-0cfc-4ac6-8fdc-c488196327d4@group-87CA124469BE-SegmentedRaftLogWorker: created new log segment /workdir/hadoop-ozone/integration-test/target/test-dir/MiniOzoneClusterImpl-071139da-cec0-4bc6-bd27-be6b85e7151a/datanode-0/data/ratis/15d65865-5126-4db7-879b-87ca124469be/current/log_inprogress_0
2019-10-15 16:11:30,987 [RatisPipelineUtilsThread] INFO  pipeline.PipelineStateManager (PipelineStateManager.java:addPipeline(56)) - Created pipeline Pipeline[ Id: 15d65865-5126-4db7-879b-87ca124469be, Nodes: 90c6e2d0-0cfc-4ac6-8fdc-c488196327d4{ip: 192.168.69.88, host: dev-nightly-20191015-w4nf7-692592917, networkLocation: /rack1, certSerialId: null}, Type:RATIS, Factor:ONE, State:OPEN]
2019-10-15 16:11:31,004 [grpc-default-executor-0] INFO  impl.RaftServerProxy (RaftServerProxy.java:addNew(89)) - 50423279-f647-4a18-8e85-347d68eaf856: addNew group-B2A273AF50A5:[50423279-f647-4a18-8e85-347d68eaf856:192.168.69.88:39583] returns group-B2A273AF50A5:java.util.concurrent.CompletableFuture@60164aa4[Not completed]
2019-10-15 16:11:31,012 [pool-42-thread-1] INFO  impl.RaftServerImpl (RaftServerImpl.java:<init>(104)) - 50423279-f647-4a18-8e85-347d68eaf856: new RaftServerImpl for group-B2A273AF50A5:[50423279-f647-4a18-8e85-347d68eaf856:192.168.69.88:39583] with ContainerStateMachine:uninitialized
2019-10-15 16:11:31,013 [pool-42-thread-1] INFO  server.RaftServerConfigKeys (ConfUtils.java:logGet(43)) - raft.server.rpc.timeout.min = 5s (custom)
2019-10-15 16:11:31,013 [pool-42-thread-1] INFO  server.RaftServerConfigKeys (ConfUtils.java:logGet(43)) - raft.server.rpc.timeout.max = 5200ms (custom)
2019-10-15 16:11:31,014 [pool-42-thread-1] INFO  server.RaftServerConfigKeys (ConfUtils.java:logGet(43)) - raft.server.rpcslowness.timeout = 120s (custom)
2019-10-15 16:11:31,014 [pool-42-thread-1] INFO  server.RaftServerConfigKeys (ConfUtils.java:logGet(43)) - raft.server.sleep.deviation.threshold = 300 (default)
2019-10-15 16:11:31,014 [pool-42-thread-1] INFO  server.RaftServerConfigKeys (ConfUtils.java:logGet(43)) - raft.server.log.appender.install.snapshot.enabled = false (custom)
2019-10-15 16:11:31,014 [pool-42-thread-1] INFO  impl.RaftServerImpl (ServerState.java:<init>(103)) - 50423279-f647-4a18-8e85-347d68eaf856@group-B2A273AF50A5: ConfigurationManager, init=-1: [50423279-f647-4a18-8e85-347d68eaf856:192.168.69.88:39583], old=null, confs=<EMPTY_MAP>
2019-10-15 16:11:31,014 [pool-42-thread-1] INFO  server.RaftServerConfigKeys (ConfUtils.java:logGet(43)) - raft.server.storage.dir = [/workdir/hadoop-ozone/integration-test/target/test-dir/MiniOzoneClusterImpl-071139da-cec0-4bc6-bd27-be6b85e7151a/datanode-1/data/ratis] (custom)
2019-10-15 16:11:31,014 [pool-42-thread-1] INFO  server.RaftServerConfigKeys (ConfUtils.java:logGet(43)) - raft.server.log.corruption.policy = EXCEPTION (default)
2019-10-15 16:11:31,015 [pool-42-thread-1] INFO  storage.RaftStorageDirectory (RaftStorageDirectory.java:analyzeStorage(246)) - The storage directory /workdir/hadoop-ozone/integration-test/target/test-dir/MiniOzoneClusterImpl-071139da-cec0-4bc6-bd27-be6b85e7151a/datanode-1/data/ratis/9a4e7e1c-6a98-41ea-a7f1-b2a273af50a5 does not exist. Creating ...
2019-10-15 16:11:31,024 [pool-42-thread-1] INFO  storage.RaftStorageDirectory (RaftStorageDirectory.java:tryLock(328)) - Lock on /workdir/hadoop-ozone/integration-test/target/test-dir/MiniOzoneClusterImpl-071139da-cec0-4bc6-bd27-be6b85e7151a/datanode-1/data/ratis/9a4e7e1c-6a98-41ea-a7f1-b2a273af50a5/in_use.lock acquired by nodename 11264@dev-nightly-20191015-w4nf7-692592917
2019-10-15 16:11:31,028 [pool-42-thread-1] INFO  storage.RaftStorage (RaftStorage.java:format(84)) - Storage directory /workdir/hadoop-ozone/integration-test/target/test-dir/MiniOzoneClusterImpl-071139da-cec0-4bc6-bd27-be6b85e7151a/datanode-1/data/ratis/9a4e7e1c-6a98-41ea-a7f1-b2a273af50a5 has been successfully formatted.
2019-10-15 16:11:31,028 [pool-42-thread-1] INFO  ratis.ContainerStateMachine (ContainerStateMachine.java:loadSnapshot(231)) - group-B2A273AF50A5: The snapshot info is null. Setting the last applied indexto:(t:0, i:~)
2019-10-15 16:11:31,029 [pool-42-thread-1] INFO  server.RaftServerConfigKeys (ConfUtils.java:logGet(43)) - raft.server.notification.no-leader.timeout = 120s (custom)
2019-10-15 16:11:31,030 [pool-42-thread-1] INFO  server.RaftServerConfigKeys (ConfUtils.java:logGet(43)) - raft.server.log.use.memory = false (default)
2019-10-15 16:11:31,030 [pool-42-thread-1] INFO  server.RaftServerConfigKeys (ConfUtils.java:logGet(43)) - raft.server.log.purge.gap = 1000000 (custom)
2019-10-15 16:11:31,030 [pool-42-thread-1] INFO  server.RaftServerConfigKeys (ConfUtils.java:logGet(43)) - raft.server.log.appender.buffer.byte-limit = 33554432 (custom)
2019-10-15 16:11:31,030 [pool-42-thread-1] INFO  server.RaftServerConfigKeys (ConfUtils.java:logGet(43)) - raft.server.log.segment.size.max = 1048576 (custom)
2019-10-15 16:11:31,033 [pool-42-thread-1] INFO  server.RaftServerConfigKeys (ConfUtils.java:logGet(43)) - raft.server.log.segment.cache.num.max = 2 (custom)
2019-10-15 16:11:31,033 [pool-42-thread-1] INFO  segmented.SegmentedRaftLogWorker (SegmentedRaftLogWorker.java:<init>(173)) - new 50423279-f647-4a18-8e85-347d68eaf856@group-B2A273AF50A5-SegmentedRaftLogWorker for RaftStorage:Storage Directory /workdir/hadoop-ozone/integration-test/target/test-dir/MiniOzoneClusterImpl-071139da-cec0-4bc6-bd27-be6b85e7151a/datanode-1/data/ratis/9a4e7e1c-6a98-41ea-a7f1-b2a273af50a5
2019-10-15 16:11:31,033 [pool-42-thread-1] INFO  server.RaftServerConfigKeys (ConfUtils.java:logGet(43)) - raft.server.log.queue.byte-limit = 2147483647 (custom)
2019-10-15 16:11:31,033 [pool-42-thread-1] INFO  server.RaftServerConfigKeys (ConfUtils.java:logGet(43)) - raft.server.log.queue.element-limit = 1024 (custom)
2019-10-15 16:11:31,034 [pool-42-thread-1] INFO  server.RaftServerConfigKeys (ConfUtils.java:logGet(43)) - raft.server.log.segment.size.max = 1048576 (custom)
2019-10-15 16:11:31,034 [pool-42-thread-1] INFO  server.RaftServerConfigKeys (ConfUtils.java:logGet(43)) - raft.server.log.preallocated.size = 16384 (custom)
2019-10-15 16:11:31,034 [pool-42-thread-1] INFO  server.RaftServerConfigKeys (ConfUtils.java:logGet(43)) - raft.server.log.write.buffer.size = 33554432 (custom)
2019-10-15 16:11:31,034 [pool-42-thread-1] INFO  server.RaftServerConfigKeys (ConfUtils.java:logGet(43)) - raft.server.log.force.sync.num = 128 (default)
2019-10-15 16:11:31,035 [pool-42-thread-1] INFO  server.RaftServerConfigKeys (ConfUtils.java:logGet(43)) - raft.server.log.statemachine.data.sync = true (default)
2019-10-15 16:11:31,036 [pool-42-thread-1] INFO  server.RaftServerConfigKeys (ConfUtils.java:logGet(43)) - raft.server.log.statemachine.data.sync.timeout = 10s (default)
2019-10-15 16:11:31,037 [pool-42-thread-1] INFO  server.RaftServerConfigKeys (ConfUtils.java:logGet(43)) - raft.server.log.statemachine.data.sync.timeout.retry = -1 (default)
2019-10-15 16:11:31,038 [pool-42-thread-1] INFO  server.RaftServerConfigKeys (ConfUtils.java:logGet(43)) - raft.server.log.statemachine.data.caching.enabled = true (custom)
2019-10-15 16:11:31,039 [pool-42-thread-1] INFO  segmented.SegmentedRaftLogWorker (SegmentedRaftLogWorker.java:lambda$new$0(128)) - 50423279-f647-4a18-8e85-347d68eaf856@group-B2A273AF50A5-SegmentedRaftLogWorker: flushIndex: setUnconditionally 0 -> -1
2019-10-15 16:11:31,040 [pool-42-thread-1] INFO  server.RaftServerConfigKeys (ConfUtils.java:logGet(43)) - raft.server.snapshot.auto.trigger.enabled = true (custom)
2019-10-15 16:11:31,040 [pool-42-thread-1] INFO  server.RaftServerConfigKeys (ConfUtils.java:logGet(43)) - raft.server.snapshot.auto.trigger.threshold = 10000 (custom)
2019-10-15 16:11:31,040 [pool-42-thread-1] INFO  server.RaftServerConfigKeys (ConfUtils.java:logGet(43)) - raft.server.snapshot.retention.file.num = 5 (custom)
2019-10-15 16:11:31,040 [pool-42-thread-1] INFO  server.RaftServerConfigKeys (ConfUtils.java:logGet(43)) - raft.server.retrycache.expirytime = 600000ms (custom)
2019-10-15 16:11:31,048 [pool-42-thread-1] INFO  impl.RaftServerImpl (RaftServerImpl.java:start(195)) - 50423279-f647-4a18-8e85-347d68eaf856@group-B2A273AF50A5: start as a follower, conf=-1: [50423279-f647-4a18-8e85-347d68eaf856:192.168.69.88:39583], old=null
2019-10-15 16:11:31,048 [pool-42-thread-1] INFO  impl.RaftServerImpl (RaftServerImpl.java:setRole(184)) - 50423279-f647-4a18-8e85-347d68eaf856@group-B2A273AF50A5: changes role from      null to FOLLOWER at term 0 for startAsFollower
2019-10-15 16:11:31,049 [pool-42-thread-1] INFO  impl.RoleInfo (RoleInfo.java:updateAndGet(143)) - 50423279-f647-4a18-8e85-347d68eaf856: start FollowerState
2019-10-15 16:11:31,049 [pool-42-thread-1] INFO  util.JmxRegister (JmxRegister.java:tryRegister(44)) - Successfully registered JMX Bean with object name Ratis:service=RaftServer,group=group-B2A273AF50A5,id=50423279-f647-4a18-8e85-347d68eaf856
2019-10-15 16:11:31,063 [Thread-207] INFO  impl.FollowerState (FollowerState.java:run(108)) - 50423279-f647-4a18-8e85-347d68eaf856@group-B2A273AF50A5-FollowerState: change to CANDIDATE, lastRpcTime:14ms, electionTimeout:14ms
2019-10-15 16:11:31,063 [Thread-207] INFO  impl.RoleInfo (RoleInfo.java:shutdownFollowerState(121)) - 50423279-f647-4a18-8e85-347d68eaf856: shutdown FollowerState
2019-10-15 16:11:31,064 [Thread-207] INFO  impl.RaftServerImpl (RaftServerImpl.java:setRole(184)) - 50423279-f647-4a18-8e85-347d68eaf856@group-B2A273AF50A5: changes role from  FOLLOWER to CANDIDATE at term 0 for changeToCandidate
2019-10-15 16:11:31,064 [Thread-207] INFO  impl.RoleInfo (RoleInfo.java:updateAndGet(143)) - 50423279-f647-4a18-8e85-347d68eaf856: start LeaderElection
2019-10-15 16:11:31,065 [RatisPipelineUtilsThread] INFO  pipeline.PipelineStateManager (PipelineStateManager.java:addPipeline(56)) - Created pipeline Pipeline[ Id: 9a4e7e1c-6a98-41ea-a7f1-b2a273af50a5, Nodes: 50423279-f647-4a18-8e85-347d68eaf856{ip: 192.168.69.88, host: dev-nightly-20191015-w4nf7-692592917, networkLocation: /rack1, certSerialId: null}, Type:RATIS, Factor:ONE, State:OPEN]
2019-10-15 16:11:31,070 [50423279-f647-4a18-8e85-347d68eaf856@group-B2A273AF50A5-LeaderElection3] INFO  impl.LeaderElection (LeaderElection.java:askForVotes(178)) - 50423279-f647-4a18-8e85-347d68eaf856@group-B2A273AF50A5-LeaderElection3: begin an election at term 1 for -1: [50423279-f647-4a18-8e85-347d68eaf856:192.168.69.88:39583], old=null
2019-10-15 16:11:31,071 [50423279-f647-4a18-8e85-347d68eaf856@group-B2A273AF50A5-LeaderElection3] INFO  impl.RoleInfo (RoleInfo.java:shutdownLeaderElection(134)) - 50423279-f647-4a18-8e85-347d68eaf856: shutdown LeaderElection
2019-10-15 16:11:31,071 [50423279-f647-4a18-8e85-347d68eaf856@group-B2A273AF50A5-LeaderElection3] INFO  impl.RaftServerImpl (RaftServerImpl.java:setRole(184)) - 50423279-f647-4a18-8e85-347d68eaf856@group-B2A273AF50A5: changes role from CANDIDATE to LEADER at term 1 for changeToLeader
2019-10-15 16:11:31,071 [50423279-f647-4a18-8e85-347d68eaf856@group-B2A273AF50A5-LeaderElection3] INFO  impl.RaftServerImpl (ServerState.java:setLeader(256)) - 50423279-f647-4a18-8e85-347d68eaf856@group-B2A273AF50A5: change Leader from null to 50423279-f647-4a18-8e85-347d68eaf856 at term 1 for becomeLeader, leader elected after 41ms
2019-10-15 16:11:31,071 [50423279-f647-4a18-8e85-347d68eaf856@group-B2A273AF50A5-LeaderElection3] INFO  server.RaftServerConfigKeys (ConfUtils.java:logGet(43)) - raft.server.staging.catchup.gap = 1000 (default)
2019-10-15 16:11:31,071 [50423279-f647-4a18-8e85-347d68eaf856@group-B2A273AF50A5-LeaderElection3] INFO  server.RaftServerConfigKeys (ConfUtils.java:logGet(43)) - raft.server.rpc.sleep.time = 25ms (default)
2019-10-15 16:11:31,077 [50423279-f647-4a18-8e85-347d68eaf856@group-B2A273AF50A5-LeaderElection3] INFO  server.RaftServerConfigKeys (ConfUtils.java:logGet(43)) - raft.server.write.element-limit = 4096 (default)
2019-10-15 16:11:31,077 [50423279-f647-4a18-8e85-347d68eaf856@group-B2A273AF50A5-LeaderElection3] INFO  server.RaftServerConfigKeys (ConfUtils.java:logGet(43)) - raft.server.watch.timeout = 10s (default)
2019-10-15 16:11:31,077 [50423279-f647-4a18-8e85-347d68eaf856@group-B2A273AF50A5-LeaderElection3] INFO  server.RaftServerConfigKeys (ConfUtils.java:logGet(43)) - raft.server.watch.timeout.denomination = 1s (default)
2019-10-15 16:11:31,077 [50423279-f647-4a18-8e85-347d68eaf856@group-B2A273AF50A5-LeaderElection3] INFO  server.RaftServerConfigKeys (ConfUtils.java:logGet(43)) - raft.server.watch.element-limit = 65536 (default)
2019-10-15 16:11:31,081 [50423279-f647-4a18-8e85-347d68eaf856@group-B2A273AF50A5-LeaderElection3] INFO  impl.RoleInfo (RoleInfo.java:updateAndGet(143)) - 50423279-f647-4a18-8e85-347d68eaf856: start LeaderState
2019-10-15 16:11:31,082 [50423279-f647-4a18-8e85-347d68eaf856@group-B2A273AF50A5-LeaderElection3] INFO  segmented.SegmentedRaftLogWorker (SegmentedRaftLogWorker.java:startLogSegment(385)) - 50423279-f647-4a18-8e85-347d68eaf856@group-B2A273AF50A5-SegmentedRaftLogWorker: Starting segment from index:0
2019-10-15 16:11:31,082 [grpc-default-executor-0] INFO  impl.RaftServerProxy (RaftServerProxy.java:addNew(89)) - 2ec85f63-33fb-4317-9145-71357d145af9: addNew group-677B4D601BAE:[2ec85f63-33fb-4317-9145-71357d145af9:192.168.69.88:42357] returns group-677B4D601BAE:java.util.concurrent.CompletableFuture@3a4511b2[Not completed]
2019-10-15 16:11:31,083 [50423279-f647-4a18-8e85-347d68eaf856@group-B2A273AF50A5-LeaderElection3] INFO  impl.RaftServerImpl (ServerState.java:setRaftConf(357)) - 50423279-f647-4a18-8e85-347d68eaf856@group-B2A273AF50A5: set configuration 0: [50423279-f647-4a18-8e85-347d68eaf856:192.168.69.88:39583], old=null at 0
2019-10-15 16:11:31,085 [pool-62-thread-1] INFO  impl.RaftServerImpl (RaftServerImpl.java:<init>(104)) - 2ec85f63-33fb-4317-9145-71357d145af9: new RaftServerImpl for group-677B4D601BAE:[2ec85f63-33fb-4317-9145-71357d145af9:192.168.69.88:42357] with ContainerStateMachine:uninitialized
2019-10-15 16:11:31,108 [pool-62-thread-1] INFO  server.RaftServerConfigKeys (ConfUtils.java:logGet(43)) - raft.server.rpc.timeout.min = 5s (custom)
2019-10-15 16:11:31,109 [pool-62-thread-1] INFO  server.RaftServerConfigKeys (ConfUtils.java:logGet(43)) - raft.server.rpc.timeout.max = 5200ms (custom)
2019-10-15 16:11:31,109 [pool-62-thread-1] INFO  server.RaftServerConfigKeys (ConfUtils.java:logGet(43)) - raft.server.rpcslowness.timeout = 120s (custom)
2019-10-15 16:11:31,109 [pool-62-thread-1] INFO  server.RaftServerConfigKeys (ConfUtils.java:logGet(43)) - raft.server.sleep.deviation.threshold = 300 (default)
2019-10-15 16:11:31,109 [pool-62-thread-1] INFO  server.RaftServerConfigKeys (ConfUtils.java:logGet(43)) - raft.server.log.appender.install.snapshot.enabled = false (custom)
2019-10-15 16:11:31,110 [pool-62-thread-1] INFO  impl.RaftServerImpl (ServerState.java:<init>(103)) - 2ec85f63-33fb-4317-9145-71357d145af9@group-677B4D601BAE: ConfigurationManager, init=-1: [2ec85f63-33fb-4317-9145-71357d145af9:192.168.69.88:42357], old=null, confs=<EMPTY_MAP>
2019-10-15 16:11:31,110 [pool-62-thread-1] INFO  server.RaftServerConfigKeys (ConfUtils.java:logGet(43)) - raft.server.storage.dir = [/workdir/hadoop-ozone/integration-test/target/test-dir/MiniOzoneClusterImpl-071139da-cec0-4bc6-bd27-be6b85e7151a/datanode-3/data/ratis] (custom)
2019-10-15 16:11:31,111 [pool-62-thread-1] INFO  server.RaftServerConfigKeys (ConfUtils.java:logGet(43)) - raft.server.log.corruption.policy = EXCEPTION (default)
2019-10-15 16:11:31,111 [pool-62-thread-1] INFO  storage.RaftStorageDirectory (RaftStorageDirectory.java:analyzeStorage(246)) - The storage directory /workdir/hadoop-ozone/integration-test/target/test-dir/MiniOzoneClusterImpl-071139da-cec0-4bc6-bd27-be6b85e7151a/datanode-3/data/ratis/c2142d14-7647-45a9-b6ac-677b4d601bae does not exist. Creating ...
2019-10-15 16:11:31,113 [50423279-f647-4a18-8e85-347d68eaf856@group-B2A273AF50A5-SegmentedRaftLogWorker] INFO  segmented.SegmentedRaftLogWorker (SegmentedRaftLogWorker.java:execute(576)) - 50423279-f647-4a18-8e85-347d68eaf856@group-B2A273AF50A5-SegmentedRaftLogWorker: created new log segment /workdir/hadoop-ozone/integration-test/target/test-dir/MiniOzoneClusterImpl-071139da-cec0-4bc6-bd27-be6b85e7151a/datanode-1/data/ratis/9a4e7e1c-6a98-41ea-a7f1-b2a273af50a5/current/log_inprogress_0
2019-10-15 16:11:31,116 [pool-62-thread-1] INFO  storage.RaftStorageDirectory (RaftStorageDirectory.java:tryLock(328)) - Lock on /workdir/hadoop-ozone/integration-test/target/test-dir/MiniOzoneClusterImpl-071139da-cec0-4bc6-bd27-be6b85e7151a/datanode-3/data/ratis/c2142d14-7647-45a9-b6ac-677b4d601bae/in_use.lock acquired by nodename 11264@dev-nightly-20191015-w4nf7-692592917
2019-10-15 16:11:31,120 [pool-62-thread-1] INFO  storage.RaftStorage (RaftStorage.java:format(84)) - Storage directory /workdir/hadoop-ozone/integration-test/target/test-dir/MiniOzoneClusterImpl-071139da-cec0-4bc6-bd27-be6b85e7151a/datanode-3/data/ratis/c2142d14-7647-45a9-b6ac-677b4d601bae has been successfully formatted.
2019-10-15 16:11:31,120 [pool-62-thread-1] INFO  ratis.ContainerStateMachine (ContainerStateMachine.java:loadSnapshot(231)) - group-677B4D601BAE: The snapshot info is null. Setting the last applied indexto:(t:0, i:~)
2019-10-15 16:11:31,121 [pool-62-thread-1] INFO  server.RaftServerConfigKeys (ConfUtils.java:logGet(43)) - raft.server.notification.no-leader.timeout = 120s (custom)
2019-10-15 16:11:31,121 [pool-62-thread-1] INFO  server.RaftServerConfigKeys (ConfUtils.java:logGet(43)) - raft.server.log.use.memory = false (default)
2019-10-15 16:11:31,121 [pool-62-thread-1] INFO  server.RaftServerConfigKeys (ConfUtils.java:logGet(43)) - raft.server.log.purge.gap = 1000000 (custom)
2019-10-15 16:11:31,121 [pool-62-thread-1] INFO  server.RaftServerConfigKeys (ConfUtils.java:logGet(43)) - raft.server.log.appender.buffer.byte-limit = 33554432 (custom)
2019-10-15 16:11:31,121 [pool-62-thread-1] INFO  server.RaftServerConfigKeys (ConfUtils.java:logGet(43)) - raft.server.log.segment.size.max = 1048576 (custom)
2019-10-15 16:11:31,123 [pool-62-thread-1] INFO  server.RaftServerConfigKeys (ConfUtils.java:logGet(43)) - raft.server.log.segment.cache.num.max = 2 (custom)
2019-10-15 16:11:31,123 [pool-62-thread-1] INFO  segmented.SegmentedRaftLogWorker (SegmentedRaftLogWorker.java:<init>(173)) - new 2ec85f63-33fb-4317-9145-71357d145af9@group-677B4D601BAE-SegmentedRaftLogWorker for RaftStorage:Storage Directory /workdir/hadoop-ozone/integration-test/target/test-dir/MiniOzoneClusterImpl-071139da-cec0-4bc6-bd27-be6b85e7151a/datanode-3/data/ratis/c2142d14-7647-45a9-b6ac-677b4d601bae
2019-10-15 16:11:31,123 [pool-62-thread-1] INFO  server.RaftServerConfigKeys (ConfUtils.java:logGet(43)) - raft.server.log.queue.byte-limit = 2147483647 (custom)
2019-10-15 16:11:31,124 [pool-62-thread-1] INFO  server.RaftServerConfigKeys (ConfUtils.java:logGet(43)) - raft.server.log.queue.element-limit = 1024 (custom)
2019-10-15 16:11:31,124 [pool-62-thread-1] INFO  server.RaftServerConfigKeys (ConfUtils.java:logGet(43)) - raft.server.log.segment.size.max = 1048576 (custom)
2019-10-15 16:11:31,124 [pool-62-thread-1] INFO  server.RaftServerConfigKeys (ConfUtils.java:logGet(43)) - raft.server.log.preallocated.size = 16384 (custom)
2019-10-15 16:11:31,124 [pool-62-thread-1] INFO  server.RaftServerConfigKeys (ConfUtils.java:logGet(43)) - raft.server.log.write.buffer.size = 33554432 (custom)
2019-10-15 16:11:31,124 [pool-62-thread-1] INFO  server.RaftServerConfigKeys (ConfUtils.java:logGet(43)) - raft.server.log.force.sync.num = 128 (default)
2019-10-15 16:11:31,124 [pool-62-thread-1] INFO  server.RaftServerConfigKeys (ConfUtils.java:logGet(43)) - raft.server.log.statemachine.data.sync = true (default)
2019-10-15 16:11:31,124 [pool-62-thread-1] INFO  server.RaftServerConfigKeys (ConfUtils.java:logGet(43)) - raft.server.log.statemachine.data.sync.timeout = 10s (default)
2019-10-15 16:11:31,124 [pool-62-thread-1] INFO  server.RaftServerConfigKeys (ConfUtils.java:logGet(43)) - raft.server.log.statemachine.data.sync.timeout.retry = -1 (default)
2019-10-15 16:11:31,125 [pool-62-thread-1] INFO  server.RaftServerConfigKeys (ConfUtils.java:logGet(43)) - raft.server.log.statemachine.data.caching.enabled = true (custom)
2019-10-15 16:11:31,125 [pool-62-thread-1] INFO  segmented.SegmentedRaftLogWorker (SegmentedRaftLogWorker.java:lambda$new$0(128)) - 2ec85f63-33fb-4317-9145-71357d145af9@group-677B4D601BAE-SegmentedRaftLogWorker: flushIndex: setUnconditionally 0 -> -1
2019-10-15 16:11:31,126 [pool-62-thread-1] INFO  server.RaftServerConfigKeys (ConfUtils.java:logGet(43)) - raft.server.snapshot.auto.trigger.enabled = true (custom)
2019-10-15 16:11:31,126 [pool-62-thread-1] INFO  server.RaftServerConfigKeys (ConfUtils.java:logGet(43)) - raft.server.snapshot.auto.trigger.threshold = 10000 (custom)
2019-10-15 16:11:31,126 [pool-62-thread-1] INFO  server.RaftServerConfigKeys (ConfUtils.java:logGet(43)) - raft.server.snapshot.retention.file.num = 5 (custom)
2019-10-15 16:11:31,126 [pool-62-thread-1] INFO  server.RaftServerConfigKeys (ConfUtils.java:logGet(43)) - raft.server.retrycache.expirytime = 600000ms (custom)
2019-10-15 16:11:31,130 [pool-62-thread-1] INFO  impl.RaftServerImpl (RaftServerImpl.java:start(195)) - 2ec85f63-33fb-4317-9145-71357d145af9@group-677B4D601BAE: start as a follower, conf=-1: [2ec85f63-33fb-4317-9145-71357d145af9:192.168.69.88:42357], old=null
2019-10-15 16:11:31,130 [pool-62-thread-1] INFO  impl.RaftServerImpl (RaftServerImpl.java:setRole(184)) - 2ec85f63-33fb-4317-9145-71357d145af9@group-677B4D601BAE: changes role from      null to FOLLOWER at term 0 for startAsFollower
2019-10-15 16:11:31,130 [pool-62-thread-1] INFO  impl.RoleInfo (RoleInfo.java:updateAndGet(143)) - 2ec85f63-33fb-4317-9145-71357d145af9: start FollowerState
2019-10-15 16:11:31,130 [pool-62-thread-1] INFO  util.JmxRegister (JmxRegister.java:tryRegister(44)) - Successfully registered JMX Bean with object name Ratis:service=RaftServer,group=group-677B4D601BAE,id=2ec85f63-33fb-4317-9145-71357d145af9
2019-10-15 16:11:31,139 [RatisPipelineUtilsThread] INFO  pipeline.PipelineStateManager (PipelineStateManager.java:addPipeline(56)) - Created pipeline Pipeline[ Id: c2142d14-7647-45a9-b6ac-677b4d601bae, Nodes: 2ec85f63-33fb-4317-9145-71357d145af9{ip: 192.168.69.88, host: dev-nightly-20191015-w4nf7-692592917, networkLocation: /rack1, certSerialId: null}, Type:RATIS, Factor:ONE, State:OPEN]
2019-10-15 16:11:31,152 [grpc-default-executor-0] INFO  impl.RaftServerProxy (RaftServerProxy.java:addNew(89)) - 25d6372c-77fd-4a39-ac2a-e48debad48df: addNew group-BF08C0AB32A1:[25d6372c-77fd-4a39-ac2a-e48debad48df:192.168.69.88:39591] returns group-BF08C0AB32A1:java.util.concurrent.CompletableFuture@4a760e5[Not completed]
2019-10-15 16:11:31,155 [pool-52-thread-1] INFO  impl.RaftServerImpl (RaftServerImpl.java:<init>(104)) - 25d6372c-77fd-4a39-ac2a-e48debad48df: new RaftServerImpl for group-BF08C0AB32A1:[25d6372c-77fd-4a39-ac2a-e48debad48df:192.168.69.88:39591] with ContainerStateMachine:uninitialized
2019-10-15 16:11:31,155 [pool-52-thread-1] INFO  server.RaftServerConfigKeys (ConfUtils.java:logGet(43)) - raft.server.rpc.timeout.min = 5s (custom)
2019-10-15 16:11:31,155 [pool-52-thread-1] INFO  server.RaftServerConfigKeys (ConfUtils.java:logGet(43)) - raft.server.rpc.timeout.max = 5200ms (custom)
2019-10-15 16:11:31,155 [pool-52-thread-1] INFO  server.RaftServerConfigKeys (ConfUtils.java:logGet(43)) - raft.server.rpcslowness.timeout = 120s (custom)
2019-10-15 16:11:31,155 [pool-52-thread-1] INFO  server.RaftServerConfigKeys (ConfUtils.java:logGet(43)) - raft.server.sleep.deviation.threshold = 300 (default)
2019-10-15 16:11:31,156 [pool-52-thread-1] INFO  server.RaftServerConfigKeys (ConfUtils.java:logGet(43)) - raft.server.log.appender.install.snapshot.enabled = false (custom)
2019-10-15 16:11:31,156 [pool-52-thread-1] INFO  impl.RaftServerImpl (ServerState.java:<init>(103)) - 25d6372c-77fd-4a39-ac2a-e48debad48df@group-BF08C0AB32A1: ConfigurationManager, init=-1: [25d6372c-77fd-4a39-ac2a-e48debad48df:192.168.69.88:39591], old=null, confs=<EMPTY_MAP>
2019-10-15 16:11:31,156 [pool-52-thread-1] INFO  server.RaftServerConfigKeys (ConfUtils.java:logGet(43)) - raft.server.storage.dir = [/workdir/hadoop-ozone/integration-test/target/test-dir/MiniOzoneClusterImpl-071139da-cec0-4bc6-bd27-be6b85e7151a/datanode-2/data/ratis] (custom)
2019-10-15 16:11:31,156 [pool-52-thread-1] INFO  server.RaftServerConfigKeys (ConfUtils.java:logGet(43)) - raft.server.log.corruption.policy = EXCEPTION (default)
2019-10-15 16:11:31,157 [pool-52-thread-1] INFO  storage.RaftStorageDirectory (RaftStorageDirectory.java:analyzeStorage(246)) - The storage directory /workdir/hadoop-ozone/integration-test/target/test-dir/MiniOzoneClusterImpl-071139da-cec0-4bc6-bd27-be6b85e7151a/datanode-2/data/ratis/a5604a56-a4a6-43d4-9c4a-bf08c0ab32a1 does not exist. Creating ...
2019-10-15 16:11:31,169 [pool-52-thread-1] INFO  storage.RaftStorageDirectory (RaftStorageDirectory.java:tryLock(328)) - Lock on /workdir/hadoop-ozone/integration-test/target/test-dir/MiniOzoneClusterImpl-071139da-cec0-4bc6-bd27-be6b85e7151a/datanode-2/data/ratis/a5604a56-a4a6-43d4-9c4a-bf08c0ab32a1/in_use.lock acquired by nodename 11264@dev-nightly-20191015-w4nf7-692592917
2019-10-15 16:11:31,174 [pool-52-thread-1] INFO  storage.RaftStorage (RaftStorage.java:format(84)) - Storage directory /workdir/hadoop-ozone/integration-test/target/test-dir/MiniOzoneClusterImpl-071139da-cec0-4bc6-bd27-be6b85e7151a/datanode-2/data/ratis/a5604a56-a4a6-43d4-9c4a-bf08c0ab32a1 has been successfully formatted.
2019-10-15 16:11:31,174 [pool-52-thread-1] INFO  ratis.ContainerStateMachine (ContainerStateMachine.java:loadSnapshot(231)) - group-BF08C0AB32A1: The snapshot info is null. Setting the last applied indexto:(t:0, i:~)
2019-10-15 16:11:31,174 [pool-52-thread-1] INFO  server.RaftServerConfigKeys (ConfUtils.java:logGet(43)) - raft.server.notification.no-leader.timeout = 120s (custom)
2019-10-15 16:11:31,174 [pool-52-thread-1] INFO  server.RaftServerConfigKeys (ConfUtils.java:logGet(43)) - raft.server.log.use.memory = false (default)
2019-10-15 16:11:31,175 [pool-52-thread-1] INFO  server.RaftServerConfigKeys (ConfUtils.java:logGet(43)) - raft.server.log.purge.gap = 1000000 (custom)
2019-10-15 16:11:31,175 [pool-52-thread-1] INFO  server.RaftServerConfigKeys (ConfUtils.java:logGet(43)) - raft.server.log.appender.buffer.byte-limit = 33554432 (custom)
2019-10-15 16:11:31,175 [pool-52-thread-1] INFO  server.RaftServerConfigKeys (ConfUtils.java:logGet(43)) - raft.server.log.segment.size.max = 1048576 (custom)
2019-10-15 16:11:31,178 [pool-52-thread-1] INFO  server.RaftServerConfigKeys (ConfUtils.java:logGet(43)) - raft.server.log.segment.cache.num.max = 2 (custom)
2019-10-15 16:11:31,178 [pool-52-thread-1] INFO  segmented.SegmentedRaftLogWorker (SegmentedRaftLogWorker.java:<init>(173)) - new 25d6372c-77fd-4a39-ac2a-e48debad48df@group-BF08C0AB32A1-SegmentedRaftLogWorker for RaftStorage:Storage Directory /workdir/hadoop-ozone/integration-test/target/test-dir/MiniOzoneClusterImpl-071139da-cec0-4bc6-bd27-be6b85e7151a/datanode-2/data/ratis/a5604a56-a4a6-43d4-9c4a-bf08c0ab32a1
2019-10-15 16:11:31,178 [pool-52-thread-1] INFO  server.RaftServerConfigKeys (ConfUtils.java:logGet(43)) - raft.server.log.queue.byte-limit = 2147483647 (custom)
2019-10-15 16:11:31,178 [pool-52-thread-1] INFO  server.RaftServerConfigKeys (ConfUtils.java:logGet(43)) - raft.server.log.queue.element-limit = 1024 (custom)
2019-10-15 16:11:31,179 [pool-52-thread-1] INFO  server.RaftServerConfigKeys (ConfUtils.java:logGet(43)) - raft.server.log.segment.size.max = 1048576 (custom)
2019-10-15 16:11:31,179 [pool-52-thread-1] INFO  server.RaftServerConfigKeys (ConfUtils.java:logGet(43)) - raft.server.log.preallocated.size = 16384 (custom)
2019-10-15 16:11:31,179 [pool-52-thread-1] INFO  server.RaftServerConfigKeys (ConfUtils.java:logGet(43)) - raft.server.log.write.buffer.size = 33554432 (custom)
2019-10-15 16:11:31,179 [pool-52-thread-1] INFO  server.RaftServerConfigKeys (ConfUtils.java:logGet(43)) - raft.server.log.force.sync.num = 128 (default)
2019-10-15 16:11:31,179 [pool-52-thread-1] INFO  server.RaftServerConfigKeys (ConfUtils.java:logGet(43)) - raft.server.log.statemachine.data.sync = true (default)
2019-10-15 16:11:31,179 [pool-52-thread-1] INFO  server.RaftServerConfigKeys (ConfUtils.java:logGet(43)) - raft.server.log.statemachine.data.sync.timeout = 10s (default)
2019-10-15 16:11:31,179 [pool-52-thread-1] INFO  server.RaftServerConfigKeys (ConfUtils.java:logGet(43)) - raft.server.log.statemachine.data.sync.timeout.retry = -1 (default)
2019-10-15 16:11:31,180 [pool-52-thread-1] INFO  server.RaftServerConfigKeys (ConfUtils.java:logGet(43)) - raft.server.log.statemachine.data.caching.enabled = true (custom)
2019-10-15 16:11:31,180 [Thread-212] INFO  impl.FollowerState (FollowerState.java:run(108)) - 2ec85f63-33fb-4317-9145-71357d145af9@group-677B4D601BAE-FollowerState: change to CANDIDATE, lastRpcTime:50ms, electionTimeout:50ms
2019-10-15 16:11:31,180 [pool-52-thread-1] INFO  segmented.SegmentedRaftLogWorker (SegmentedRaftLogWorker.java:lambda$new$0(128)) - 25d6372c-77fd-4a39-ac2a-e48debad48df@group-BF08C0AB32A1-SegmentedRaftLogWorker: flushIndex: setUnconditionally 0 -> -1
2019-10-15 16:11:31,181 [Thread-212] INFO  impl.RoleInfo (RoleInfo.java:shutdownFollowerState(121)) - 2ec85f63-33fb-4317-9145-71357d145af9: shutdown FollowerState
2019-10-15 16:11:31,181 [Thread-212] INFO  impl.RaftServerImpl (RaftServerImpl.java:setRole(184)) - 2ec85f63-33fb-4317-9145-71357d145af9@group-677B4D601BAE: changes role from  FOLLOWER to CANDIDATE at term 0 for changeToCandidate
2019-10-15 16:11:31,181 [pool-52-thread-1] INFO  server.RaftServerConfigKeys (ConfUtils.java:logGet(43)) - raft.server.snapshot.auto.trigger.enabled = true (custom)
2019-10-15 16:11:31,181 [Thread-212] INFO  impl.RoleInfo (RoleInfo.java:updateAndGet(143)) - 2ec85f63-33fb-4317-9145-71357d145af9: start LeaderElection
2019-10-15 16:11:31,181 [pool-52-thread-1] INFO  server.RaftServerConfigKeys (ConfUtils.java:logGet(43)) - raft.server.snapshot.auto.trigger.threshold = 10000 (custom)
2019-10-15 16:11:31,181 [pool-52-thread-1] INFO  server.RaftServerConfigKeys (ConfUtils.java:logGet(43)) - raft.server.snapshot.retention.file.num = 5 (custom)
2019-10-15 16:11:31,183 [pool-52-thread-1] INFO  server.RaftServerConfigKeys (ConfUtils.java:logGet(43)) - raft.server.retrycache.expirytime = 600000ms (custom)
2019-10-15 16:11:31,188 [2ec85f63-33fb-4317-9145-71357d145af9@group-677B4D601BAE-LeaderElection4] INFO  impl.LeaderElection (LeaderElection.java:askForVotes(178)) - 2ec85f63-33fb-4317-9145-71357d145af9@group-677B4D601BAE-LeaderElection4: begin an election at term 1 for -1: [2ec85f63-33fb-4317-9145-71357d145af9:192.168.69.88:42357], old=null
2019-10-15 16:11:31,188 [2ec85f63-33fb-4317-9145-71357d145af9@group-677B4D601BAE-LeaderElection4] INFO  impl.RoleInfo (RoleInfo.java:shutdownLeaderElection(134)) - 2ec85f63-33fb-4317-9145-71357d145af9: shutdown LeaderElection
2019-10-15 16:11:31,188 [2ec85f63-33fb-4317-9145-71357d145af9@group-677B4D601BAE-LeaderElection4] INFO  impl.RaftServerImpl (RaftServerImpl.java:setRole(184)) - 2ec85f63-33fb-4317-9145-71357d145af9@group-677B4D601BAE: changes role from CANDIDATE to LEADER at term 1 for changeToLeader
2019-10-15 16:11:31,188 [2ec85f63-33fb-4317-9145-71357d145af9@group-677B4D601BAE-LeaderElection4] INFO  impl.RaftServerImpl (ServerState.java:setLeader(256)) - 2ec85f63-33fb-4317-9145-71357d145af9@group-677B4D601BAE: change Leader from null to 2ec85f63-33fb-4317-9145-71357d145af9 at term 1 for becomeLeader, leader elected after 67ms
2019-10-15 16:11:31,189 [2ec85f63-33fb-4317-9145-71357d145af9@group-677B4D601BAE-LeaderElection4] INFO  server.RaftServerConfigKeys (ConfUtils.java:logGet(43)) - raft.server.staging.catchup.gap = 1000 (default)
2019-10-15 16:11:31,189 [2ec85f63-33fb-4317-9145-71357d145af9@group-677B4D601BAE-LeaderElection4] INFO  server.RaftServerConfigKeys (ConfUtils.java:logGet(43)) - raft.server.rpc.sleep.time = 25ms (default)
2019-10-15 16:11:31,189 [pool-52-thread-1] INFO  impl.RaftServerImpl (RaftServerImpl.java:start(195)) - 25d6372c-77fd-4a39-ac2a-e48debad48df@group-BF08C0AB32A1: start as a follower, conf=-1: [25d6372c-77fd-4a39-ac2a-e48debad48df:192.168.69.88:39591], old=null
2019-10-15 16:11:31,189 [pool-52-thread-1] INFO  impl.RaftServerImpl (RaftServerImpl.java:setRole(184)) - 25d6372c-77fd-4a39-ac2a-e48debad48df@group-BF08C0AB32A1: changes role from      null to FOLLOWER at term 0 for startAsFollower
2019-10-15 16:11:31,189 [2ec85f63-33fb-4317-9145-71357d145af9@group-677B4D601BAE-LeaderElection4] INFO  server.RaftServerConfigKeys (ConfUtils.java:logGet(43)) - raft.server.write.element-limit = 4096 (default)
2019-10-15 16:11:31,190 [pool-52-thread-1] INFO  impl.RoleInfo (RoleInfo.java:updateAndGet(143)) - 25d6372c-77fd-4a39-ac2a-e48debad48df: start FollowerState
2019-10-15 16:11:31,190 [2ec85f63-33fb-4317-9145-71357d145af9@group-677B4D601BAE-LeaderElection4] INFO  server.RaftServerConfigKeys (ConfUtils.java:logGet(43)) - raft.server.watch.timeout = 10s (default)
2019-10-15 16:11:31,190 [2ec85f63-33fb-4317-9145-71357d145af9@group-677B4D601BAE-LeaderElection4] INFO  server.RaftServerConfigKeys (ConfUtils.java:logGet(43)) - raft.server.watch.timeout.denomination = 1s (default)
2019-10-15 16:11:31,190 [2ec85f63-33fb-4317-9145-71357d145af9@group-677B4D601BAE-LeaderElection4] INFO  server.RaftServerConfigKeys (ConfUtils.java:logGet(43)) - raft.server.watch.element-limit = 65536 (default)
2019-10-15 16:11:31,190 [pool-52-thread-1] INFO  util.JmxRegister (JmxRegister.java:tryRegister(44)) - Successfully registered JMX Bean with object name Ratis:service=RaftServer,group=group-BF08C0AB32A1,id=25d6372c-77fd-4a39-ac2a-e48debad48df
2019-10-15 16:11:31,193 [2ec85f63-33fb-4317-9145-71357d145af9@group-677B4D601BAE-LeaderElection4] INFO  impl.RoleInfo (RoleInfo.java:updateAndGet(143)) - 2ec85f63-33fb-4317-9145-71357d145af9: start LeaderState
2019-10-15 16:11:31,193 [2ec85f63-33fb-4317-9145-71357d145af9@group-677B4D601BAE-LeaderElection4] INFO  segmented.SegmentedRaftLogWorker (SegmentedRaftLogWorker.java:startLogSegment(385)) - 2ec85f63-33fb-4317-9145-71357d145af9@group-677B4D601BAE-SegmentedRaftLogWorker: Starting segment from index:0
2019-10-15 16:11:31,194 [2ec85f63-33fb-4317-9145-71357d145af9@group-677B4D601BAE-LeaderElection4] INFO  impl.RaftServerImpl (ServerState.java:setRaftConf(357)) - 2ec85f63-33fb-4317-9145-71357d145af9@group-677B4D601BAE: set configuration 0: [2ec85f63-33fb-4317-9145-71357d145af9:192.168.69.88:42357], old=null at 0
2019-10-15 16:11:31,223 [2ec85f63-33fb-4317-9145-71357d145af9@group-677B4D601BAE-SegmentedRaftLogWorker] INFO  segmented.SegmentedRaftLogWorker (SegmentedRaftLogWorker.java:execute(576)) - 2ec85f63-33fb-4317-9145-71357d145af9@group-677B4D601BAE-SegmentedRaftLogWorker: created new log segment /workdir/hadoop-ozone/integration-test/target/test-dir/MiniOzoneClusterImpl-071139da-cec0-4bc6-bd27-be6b85e7151a/datanode-3/data/ratis/c2142d14-7647-45a9-b6ac-677b4d601bae/current/log_inprogress_0
2019-10-15 16:11:31,226 [RatisPipelineUtilsThread] INFO  pipeline.PipelineStateManager (PipelineStateManager.java:addPipeline(56)) - Created pipeline Pipeline[ Id: a5604a56-a4a6-43d4-9c4a-bf08c0ab32a1, Nodes: 25d6372c-77fd-4a39-ac2a-e48debad48df{ip: 192.168.69.88, host: dev-nightly-20191015-w4nf7-692592917, networkLocation: /rack1, certSerialId: null}, Type:RATIS, Factor:ONE, State:OPEN]
2019-10-15 16:11:31,252 [Thread-217] INFO  impl.FollowerState (FollowerState.java:run(108)) - 25d6372c-77fd-4a39-ac2a-e48debad48df@group-BF08C0AB32A1-FollowerState: change to CANDIDATE, lastRpcTime:61ms, electionTimeout:60ms
2019-10-15 16:11:31,252 [Thread-217] INFO  impl.RoleInfo (RoleInfo.java:shutdownFollowerState(121)) - 25d6372c-77fd-4a39-ac2a-e48debad48df: shutdown FollowerState
2019-10-15 16:11:31,252 [Thread-217] INFO  impl.RaftServerImpl (RaftServerImpl.java:setRole(184)) - 25d6372c-77fd-4a39-ac2a-e48debad48df@group-BF08C0AB32A1: changes role from  FOLLOWER to CANDIDATE at term 0 for changeToCandidate
2019-10-15 16:11:31,252 [Thread-217] INFO  impl.RoleInfo (RoleInfo.java:updateAndGet(143)) - 25d6372c-77fd-4a39-ac2a-e48debad48df: start LeaderElection
2019-10-15 16:11:31,252 [grpc-default-executor-2] INFO  impl.RaftServerProxy (RaftServerProxy.java:addNew(89)) - 25d6372c-77fd-4a39-ac2a-e48debad48df: addNew group-B2671EB745D2:[50423279-f647-4a18-8e85-347d68eaf856:192.168.69.88:39583, 2ec85f63-33fb-4317-9145-71357d145af9:192.168.69.88:42357, 25d6372c-77fd-4a39-ac2a-e48debad48df:192.168.69.88:39591] returns group-B2671EB745D2:java.util.concurrent.CompletableFuture@3ef15f18[Not completed]
2019-10-15 16:11:31,253 [grpc-default-executor-1] INFO  impl.RaftServerProxy (RaftServerProxy.java:addNew(89)) - 2ec85f63-33fb-4317-9145-71357d145af9: addNew group-B2671EB745D2:[50423279-f647-4a18-8e85-347d68eaf856:192.168.69.88:39583, 2ec85f63-33fb-4317-9145-71357d145af9:192.168.69.88:42357, 25d6372c-77fd-4a39-ac2a-e48debad48df:192.168.69.88:39591] returns group-B2671EB745D2:java.util.concurrent.CompletableFuture@533745d5[Not completed]
2019-10-15 16:11:31,256 [grpc-default-executor-0] INFO  impl.RaftServerProxy (RaftServerProxy.java:addNew(89)) - 50423279-f647-4a18-8e85-347d68eaf856: addNew group-B2671EB745D2:[50423279-f647-4a18-8e85-347d68eaf856:192.168.69.88:39583, 2ec85f63-33fb-4317-9145-71357d145af9:192.168.69.88:42357, 25d6372c-77fd-4a39-ac2a-e48debad48df:192.168.69.88:39591] returns group-B2671EB745D2:java.util.concurrent.CompletableFuture@5f199926[Not completed]
2019-10-15 16:11:31,257 [pool-62-thread-1] INFO  impl.RaftServerImpl (RaftServerImpl.java:<init>(104)) - 2ec85f63-33fb-4317-9145-71357d145af9: new RaftServerImpl for group-B2671EB745D2:[50423279-f647-4a18-8e85-347d68eaf856:192.168.69.88:39583, 2ec85f63-33fb-4317-9145-71357d145af9:192.168.69.88:42357, 25d6372c-77fd-4a39-ac2a-e48debad48df:192.168.69.88:39591] with ContainerStateMachine:uninitialized
2019-10-15 16:11:31,257 [pool-62-thread-1] INFO  server.RaftServerConfigKeys (ConfUtils.java:logGet(43)) - raft.server.rpc.timeout.min = 5s (custom)
2019-10-15 16:11:31,257 [pool-62-thread-1] INFO  server.RaftServerConfigKeys (ConfUtils.java:logGet(43)) - raft.server.rpc.timeout.max = 5200ms (custom)
2019-10-15 16:11:31,257 [pool-62-thread-1] INFO  server.RaftServerConfigKeys (ConfUtils.java:logGet(43)) - raft.server.rpcslowness.timeout = 120s (custom)
2019-10-15 16:11:31,258 [pool-62-thread-1] INFO  server.RaftServerConfigKeys (ConfUtils.java:logGet(43)) - raft.server.sleep.deviation.threshold = 300 (default)
2019-10-15 16:11:31,258 [pool-62-thread-1] INFO  server.RaftServerConfigKeys (ConfUtils.java:logGet(43)) - raft.server.log.appender.install.snapshot.enabled = false (custom)
2019-10-15 16:11:31,258 [pool-62-thread-1] INFO  impl.RaftServerImpl (ServerState.java:<init>(103)) - 2ec85f63-33fb-4317-9145-71357d145af9@group-B2671EB745D2: ConfigurationManager, init=-1: [50423279-f647-4a18-8e85-347d68eaf856:192.168.69.88:39583, 2ec85f63-33fb-4317-9145-71357d145af9:192.168.69.88:42357, 25d6372c-77fd-4a39-ac2a-e48debad48df:192.168.69.88:39591], old=null, confs=<EMPTY_MAP>
2019-10-15 16:11:31,258 [pool-62-thread-1] INFO  server.RaftServerConfigKeys (ConfUtils.java:logGet(43)) - raft.server.storage.dir = [/workdir/hadoop-ozone/integration-test/target/test-dir/MiniOzoneClusterImpl-071139da-cec0-4bc6-bd27-be6b85e7151a/datanode-3/data/ratis] (custom)
2019-10-15 16:11:31,258 [pool-42-thread-1] INFO  impl.RaftServerImpl (RaftServerImpl.java:<init>(104)) - 50423279-f647-4a18-8e85-347d68eaf856: new RaftServerImpl for group-B2671EB745D2:[50423279-f647-4a18-8e85-347d68eaf856:192.168.69.88:39583, 2ec85f63-33fb-4317-9145-71357d145af9:192.168.69.88:42357, 25d6372c-77fd-4a39-ac2a-e48debad48df:192.168.69.88:39591] with ContainerStateMachine:uninitialized
2019-10-15 16:11:31,258 [pool-62-thread-1] INFO  server.RaftServerConfigKeys (ConfUtils.java:logGet(43)) - raft.server.log.corruption.policy = EXCEPTION (default)
2019-10-15 16:11:31,258 [pool-42-thread-1] INFO  server.RaftServerConfigKeys (ConfUtils.java:logGet(43)) - raft.server.rpc.timeout.min = 5s (custom)
2019-10-15 16:11:31,259 [pool-62-thread-1] INFO  storage.RaftStorageDirectory (RaftStorageDirectory.java:analyzeStorage(246)) - The storage directory /workdir/hadoop-ozone/integration-test/target/test-dir/MiniOzoneClusterImpl-071139da-cec0-4bc6-bd27-be6b85e7151a/datanode-3/data/ratis/ebadf54c-eaad-41cd-815a-b2671eb745d2 does not exist. Creating ...
2019-10-15 16:11:31,259 [pool-42-thread-1] INFO  server.RaftServerConfigKeys (ConfUtils.java:logGet(43)) - raft.server.rpc.timeout.max = 5200ms (custom)
2019-10-15 16:11:31,259 [pool-42-thread-1] INFO  server.RaftServerConfigKeys (ConfUtils.java:logGet(43)) - raft.server.rpcslowness.timeout = 120s (custom)
2019-10-15 16:11:31,259 [pool-42-thread-1] INFO  server.RaftServerConfigKeys (ConfUtils.java:logGet(43)) - raft.server.sleep.deviation.threshold = 300 (default)
2019-10-15 16:11:31,259 [pool-42-thread-1] INFO  server.RaftServerConfigKeys (ConfUtils.java:logGet(43)) - raft.server.log.appender.install.snapshot.enabled = false (custom)
2019-10-15 16:11:31,259 [pool-42-thread-1] INFO  impl.RaftServerImpl (ServerState.java:<init>(103)) - 50423279-f647-4a18-8e85-347d68eaf856@group-B2671EB745D2: ConfigurationManager, init=-1: [50423279-f647-4a18-8e85-347d68eaf856:192.168.69.88:39583, 2ec85f63-33fb-4317-9145-71357d145af9:192.168.69.88:42357, 25d6372c-77fd-4a39-ac2a-e48debad48df:192.168.69.88:39591], old=null, confs=<EMPTY_MAP>
2019-10-15 16:11:31,259 [pool-42-thread-1] INFO  server.RaftServerConfigKeys (ConfUtils.java:logGet(43)) - raft.server.storage.dir = [/workdir/hadoop-ozone/integration-test/target/test-dir/MiniOzoneClusterImpl-071139da-cec0-4bc6-bd27-be6b85e7151a/datanode-1/data/ratis] (custom)
2019-10-15 16:11:31,259 [pool-42-thread-1] INFO  server.RaftServerConfigKeys (ConfUtils.java:logGet(43)) - raft.server.log.corruption.policy = EXCEPTION (default)
2019-10-15 16:11:31,260 [pool-42-thread-1] INFO  storage.RaftStorageDirectory (RaftStorageDirectory.java:analyzeStorage(246)) - The storage directory /workdir/hadoop-ozone/integration-test/target/test-dir/MiniOzoneClusterImpl-071139da-cec0-4bc6-bd27-be6b85e7151a/datanode-1/data/ratis/ebadf54c-eaad-41cd-815a-b2671eb745d2 does not exist. Creating ...
2019-10-15 16:11:31,260 [pool-52-thread-1] INFO  impl.RaftServerImpl (RaftServerImpl.java:<init>(104)) - 25d6372c-77fd-4a39-ac2a-e48debad48df: new RaftServerImpl for group-B2671EB745D2:[50423279-f647-4a18-8e85-347d68eaf856:192.168.69.88:39583, 2ec85f63-33fb-4317-9145-71357d145af9:192.168.69.88:42357, 25d6372c-77fd-4a39-ac2a-e48debad48df:192.168.69.88:39591] with ContainerStateMachine:uninitialized
2019-10-15 16:11:31,260 [pool-52-thread-1] INFO  server.RaftServerConfigKeys (ConfUtils.java:logGet(43)) - raft.server.rpc.timeout.min = 5s (custom)
2019-10-15 16:11:31,260 [pool-52-thread-1] INFO  server.RaftServerConfigKeys (ConfUtils.java:logGet(43)) - raft.server.rpc.timeout.max = 5200ms (custom)
2019-10-15 16:11:31,260 [pool-52-thread-1] INFO  server.RaftServerConfigKeys (ConfUtils.java:logGet(43)) - raft.server.rpcslowness.timeout = 120s (custom)
2019-10-15 16:11:31,261 [pool-52-thread-1] INFO  server.RaftServerConfigKeys (ConfUtils.java:logGet(43)) - raft.server.sleep.deviation.threshold = 300 (default)
2019-10-15 16:11:31,261 [pool-52-thread-1] INFO  server.RaftServerConfigKeys (ConfUtils.java:logGet(43)) - raft.server.log.appender.install.snapshot.enabled = false (custom)
2019-10-15 16:11:31,261 [pool-52-thread-1] INFO  impl.RaftServerImpl (ServerState.java:<init>(103)) - 25d6372c-77fd-4a39-ac2a-e48debad48df@group-B2671EB745D2: ConfigurationManager, init=-1: [50423279-f647-4a18-8e85-347d68eaf856:192.168.69.88:39583, 2ec85f63-33fb-4317-9145-71357d145af9:192.168.69.88:42357, 25d6372c-77fd-4a39-ac2a-e48debad48df:192.168.69.88:39591], old=null, confs=<EMPTY_MAP>
2019-10-15 16:11:31,261 [pool-52-thread-1] INFO  server.RaftServerConfigKeys (ConfUtils.java:logGet(43)) - raft.server.storage.dir = [/workdir/hadoop-ozone/integration-test/target/test-dir/MiniOzoneClusterImpl-071139da-cec0-4bc6-bd27-be6b85e7151a/datanode-2/data/ratis] (custom)
2019-10-15 16:11:31,262 [pool-52-thread-1] INFO  server.RaftServerConfigKeys (ConfUtils.java:logGet(43)) - raft.server.log.corruption.policy = EXCEPTION (default)
2019-10-15 16:11:31,262 [pool-52-thread-1] INFO  storage.RaftStorageDirectory (RaftStorageDirectory.java:analyzeStorage(246)) - The storage directory /workdir/hadoop-ozone/integration-test/target/test-dir/MiniOzoneClusterImpl-071139da-cec0-4bc6-bd27-be6b85e7151a/datanode-2/data/ratis/ebadf54c-eaad-41cd-815a-b2671eb745d2 does not exist. Creating ...
2019-10-15 16:11:31,269 [pool-62-thread-1] INFO  storage.RaftStorageDirectory (RaftStorageDirectory.java:tryLock(328)) - Lock on /workdir/hadoop-ozone/integration-test/target/test-dir/MiniOzoneClusterImpl-071139da-cec0-4bc6-bd27-be6b85e7151a/datanode-3/data/ratis/ebadf54c-eaad-41cd-815a-b2671eb745d2/in_use.lock acquired by nodename 11264@dev-nightly-20191015-w4nf7-692592917
2019-10-15 16:11:31,269 [pool-52-thread-1] INFO  storage.RaftStorageDirectory (RaftStorageDirectory.java:tryLock(328)) - Lock on /workdir/hadoop-ozone/integration-test/target/test-dir/MiniOzoneClusterImpl-071139da-cec0-4bc6-bd27-be6b85e7151a/datanode-2/data/ratis/ebadf54c-eaad-41cd-815a-b2671eb745d2/in_use.lock acquired by nodename 11264@dev-nightly-20191015-w4nf7-692592917
2019-10-15 16:11:31,269 [pool-42-thread-1] INFO  storage.RaftStorageDirectory (RaftStorageDirectory.java:tryLock(328)) - Lock on /workdir/hadoop-ozone/integration-test/target/test-dir/MiniOzoneClusterImpl-071139da-cec0-4bc6-bd27-be6b85e7151a/datanode-1/data/ratis/ebadf54c-eaad-41cd-815a-b2671eb745d2/in_use.lock acquired by nodename 11264@dev-nightly-20191015-w4nf7-692592917
2019-10-15 16:11:31,269 [25d6372c-77fd-4a39-ac2a-e48debad48df@group-BF08C0AB32A1-LeaderElection5] INFO  impl.LeaderElection (LeaderElection.java:askForVotes(178)) - 25d6372c-77fd-4a39-ac2a-e48debad48df@group-BF08C0AB32A1-LeaderElection5: begin an election at term 1 for -1: [25d6372c-77fd-4a39-ac2a-e48debad48df:192.168.69.88:39591], old=null
2019-10-15 16:11:31,270 [25d6372c-77fd-4a39-ac2a-e48debad48df@group-BF08C0AB32A1-LeaderElection5] INFO  impl.RoleInfo (RoleInfo.java:shutdownLeaderElection(134)) - 25d6372c-77fd-4a39-ac2a-e48debad48df: shutdown LeaderElection
2019-10-15 16:11:31,270 [25d6372c-77fd-4a39-ac2a-e48debad48df@group-BF08C0AB32A1-LeaderElection5] INFO  impl.RaftServerImpl (RaftServerImpl.java:setRole(184)) - 25d6372c-77fd-4a39-ac2a-e48debad48df@group-BF08C0AB32A1: changes role from CANDIDATE to LEADER at term 1 for changeToLeader
2019-10-15 16:11:31,270 [25d6372c-77fd-4a39-ac2a-e48debad48df@group-BF08C0AB32A1-LeaderElection5] INFO  impl.RaftServerImpl (ServerState.java:setLeader(256)) - 25d6372c-77fd-4a39-ac2a-e48debad48df@group-BF08C0AB32A1: change Leader from null to 25d6372c-77fd-4a39-ac2a-e48debad48df at term 1 for becomeLeader, leader elected after 95ms
2019-10-15 16:11:31,271 [25d6372c-77fd-4a39-ac2a-e48debad48df@group-BF08C0AB32A1-LeaderElection5] INFO  server.RaftServerConfigKeys (ConfUtils.java:logGet(43)) - raft.server.staging.catchup.gap = 1000 (default)
2019-10-15 16:11:31,271 [25d6372c-77fd-4a39-ac2a-e48debad48df@group-BF08C0AB32A1-LeaderElection5] INFO  server.RaftServerConfigKeys (ConfUtils.java:logGet(43)) - raft.server.rpc.sleep.time = 25ms (default)
2019-10-15 16:11:31,271 [25d6372c-77fd-4a39-ac2a-e48debad48df@group-BF08C0AB32A1-LeaderElection5] INFO  server.RaftServerConfigKeys (ConfUtils.java:logGet(43)) - raft.server.write.element-limit = 4096 (default)
2019-10-15 16:11:31,271 [25d6372c-77fd-4a39-ac2a-e48debad48df@group-BF08C0AB32A1-LeaderElection5] INFO  server.RaftServerConfigKeys (ConfUtils.java:logGet(43)) - raft.server.watch.timeout = 10s (default)
2019-10-15 16:11:31,271 [25d6372c-77fd-4a39-ac2a-e48debad48df@group-BF08C0AB32A1-LeaderElection5] INFO  server.RaftServerConfigKeys (ConfUtils.java:logGet(43)) - raft.server.watch.timeout.denomination = 1s (default)
2019-10-15 16:11:31,271 [25d6372c-77fd-4a39-ac2a-e48debad48df@group-BF08C0AB32A1-LeaderElection5] INFO  server.RaftServerConfigKeys (ConfUtils.java:logGet(43)) - raft.server.watch.element-limit = 65536 (default)
2019-10-15 16:11:31,273 [25d6372c-77fd-4a39-ac2a-e48debad48df@group-BF08C0AB32A1-LeaderElection5] INFO  impl.RoleInfo (RoleInfo.java:updateAndGet(143)) - 25d6372c-77fd-4a39-ac2a-e48debad48df: start LeaderState
2019-10-15 16:11:31,274 [25d6372c-77fd-4a39-ac2a-e48debad48df@group-BF08C0AB32A1-LeaderElection5] INFO  segmented.SegmentedRaftLogWorker (SegmentedRaftLogWorker.java:startLogSegment(385)) - 25d6372c-77fd-4a39-ac2a-e48debad48df@group-BF08C0AB32A1-SegmentedRaftLogWorker: Starting segment from index:0
2019-10-15 16:11:31,274 [25d6372c-77fd-4a39-ac2a-e48debad48df@group-BF08C0AB32A1-LeaderElection5] INFO  impl.RaftServerImpl (ServerState.java:setRaftConf(357)) - 25d6372c-77fd-4a39-ac2a-e48debad48df@group-BF08C0AB32A1: set configuration 0: [25d6372c-77fd-4a39-ac2a-e48debad48df:192.168.69.88:39591], old=null at 0
2019-10-15 16:11:31,298 [pool-62-thread-1] INFO  storage.RaftStorage (RaftStorage.java:format(84)) - Storage directory /workdir/hadoop-ozone/integration-test/target/test-dir/MiniOzoneClusterImpl-071139da-cec0-4bc6-bd27-be6b85e7151a/datanode-3/data/ratis/ebadf54c-eaad-41cd-815a-b2671eb745d2 has been successfully formatted.
2019-10-15 16:11:31,298 [pool-42-thread-1] INFO  storage.RaftStorage (RaftStorage.java:format(84)) - Storage directory /workdir/hadoop-ozone/integration-test/target/test-dir/MiniOzoneClusterImpl-071139da-cec0-4bc6-bd27-be6b85e7151a/datanode-1/data/ratis/ebadf54c-eaad-41cd-815a-b2671eb745d2 has been successfully formatted.
2019-10-15 16:11:31,298 [pool-52-thread-1] INFO  storage.RaftStorage (RaftStorage.java:format(84)) - Storage directory /workdir/hadoop-ozone/integration-test/target/test-dir/MiniOzoneClusterImpl-071139da-cec0-4bc6-bd27-be6b85e7151a/datanode-2/data/ratis/ebadf54c-eaad-41cd-815a-b2671eb745d2 has been successfully formatted.
2019-10-15 16:11:31,298 [pool-62-thread-1] INFO  ratis.ContainerStateMachine (ContainerStateMachine.java:loadSnapshot(231)) - group-B2671EB745D2: The snapshot info is null. Setting the last applied indexto:(t:0, i:~)
2019-10-15 16:11:31,298 [pool-42-thread-1] INFO  ratis.ContainerStateMachine (ContainerStateMachine.java:loadSnapshot(231)) - group-B2671EB745D2: The snapshot info is null. Setting the last applied indexto:(t:0, i:~)
2019-10-15 16:11:31,298 [pool-62-thread-1] INFO  server.RaftServerConfigKeys (ConfUtils.java:logGet(43)) - raft.server.notification.no-leader.timeout = 120s (custom)
2019-10-15 16:11:31,298 [pool-52-thread-1] INFO  ratis.ContainerStateMachine (ContainerStateMachine.java:loadSnapshot(231)) - group-B2671EB745D2: The snapshot info is null. Setting the last applied indexto:(t:0, i:~)
2019-10-15 16:11:31,299 [pool-62-thread-1] INFO  server.RaftServerConfigKeys (ConfUtils.java:logGet(43)) - raft.server.log.use.memory = false (default)
2019-10-15 16:11:31,298 [pool-42-thread-1] INFO  server.RaftServerConfigKeys (ConfUtils.java:logGet(43)) - raft.server.notification.no-leader.timeout = 120s (custom)
2019-10-15 16:11:31,299 [pool-62-thread-1] INFO  server.RaftServerConfigKeys (ConfUtils.java:logGet(43)) - raft.server.log.purge.gap = 1000000 (custom)
2019-10-15 16:11:31,299 [pool-52-thread-1] INFO  server.RaftServerConfigKeys (ConfUtils.java:logGet(43)) - raft.server.notification.no-leader.timeout = 120s (custom)
2019-10-15 16:11:31,299 [pool-62-thread-1] INFO  server.RaftServerConfigKeys (ConfUtils.java:logGet(43)) - raft.server.log.appender.buffer.byte-limit = 33554432 (custom)
2019-10-15 16:11:31,299 [pool-42-thread-1] INFO  server.RaftServerConfigKeys (ConfUtils.java:logGet(43)) - raft.server.log.use.memory = false (default)
2019-10-15 16:11:31,299 [pool-62-thread-1] INFO  server.RaftServerConfigKeys (ConfUtils.java:logGet(43)) - raft.server.log.segment.size.max = 1048576 (custom)
2019-10-15 16:11:31,299 [pool-52-thread-1] INFO  server.RaftServerConfigKeys (ConfUtils.java:logGet(43)) - raft.server.log.use.memory = false (default)
2019-10-15 16:11:31,300 [pool-62-thread-1] INFO  server.RaftServerConfigKeys (ConfUtils.java:logGet(43)) - raft.server.log.segment.cache.num.max = 2 (custom)
2019-10-15 16:11:31,299 [pool-42-thread-1] INFO  server.RaftServerConfigKeys (ConfUtils.java:logGet(43)) - raft.server.log.purge.gap = 1000000 (custom)
2019-10-15 16:11:31,300 [pool-62-thread-1] INFO  segmented.SegmentedRaftLogWorker (SegmentedRaftLogWorker.java:<init>(173)) - new 2ec85f63-33fb-4317-9145-71357d145af9@group-B2671EB745D2-SegmentedRaftLogWorker for RaftStorage:Storage Directory /workdir/hadoop-ozone/integration-test/target/test-dir/MiniOzoneClusterImpl-071139da-cec0-4bc6-bd27-be6b85e7151a/datanode-3/data/ratis/ebadf54c-eaad-41cd-815a-b2671eb745d2
2019-10-15 16:11:31,300 [pool-52-thread-1] INFO  server.RaftServerConfigKeys (ConfUtils.java:logGet(43)) - raft.server.log.purge.gap = 1000000 (custom)
2019-10-15 16:11:31,300 [pool-62-thread-1] INFO  server.RaftServerConfigKeys (ConfUtils.java:logGet(43)) - raft.server.log.queue.byte-limit = 2147483647 (custom)
2019-10-15 16:11:31,300 [pool-42-thread-1] INFO  server.RaftServerConfigKeys (ConfUtils.java:logGet(43)) - raft.server.log.appender.buffer.byte-limit = 33554432 (custom)
2019-10-15 16:11:31,300 [pool-62-thread-1] INFO  server.RaftServerConfigKeys (ConfUtils.java:logGet(43)) - raft.server.log.queue.element-limit = 1024 (custom)
2019-10-15 16:11:31,300 [pool-42-thread-1] INFO  server.RaftServerConfigKeys (ConfUtils.java:logGet(43)) - raft.server.log.segment.size.max = 1048576 (custom)
2019-10-15 16:11:31,300 [pool-52-thread-1] INFO  server.RaftServerConfigKeys (ConfUtils.java:logGet(43)) - raft.server.log.appender.buffer.byte-limit = 33554432 (custom)
2019-10-15 16:11:31,300 [pool-42-thread-1] INFO  server.RaftServerConfigKeys (ConfUtils.java:logGet(43)) - raft.server.log.segment.cache.num.max = 2 (custom)
2019-10-15 16:11:31,300 [pool-62-thread-1] INFO  server.RaftServerConfigKeys (ConfUtils.java:logGet(43)) - raft.server.log.segment.size.max = 1048576 (custom)
2019-10-15 16:11:31,301 [pool-42-thread-1] INFO  segmented.SegmentedRaftLogWorker (SegmentedRaftLogWorker.java:<init>(173)) - new 50423279-f647-4a18-8e85-347d68eaf856@group-B2671EB745D2-SegmentedRaftLogWorker for RaftStorage:Storage Directory /workdir/hadoop-ozone/integration-test/target/test-dir/MiniOzoneClusterImpl-071139da-cec0-4bc6-bd27-be6b85e7151a/datanode-1/data/ratis/ebadf54c-eaad-41cd-815a-b2671eb745d2
2019-10-15 16:11:31,301 [pool-52-thread-1] INFO  server.RaftServerConfigKeys (ConfUtils.java:logGet(43)) - raft.server.log.segment.size.max = 1048576 (custom)
2019-10-15 16:11:31,301 [pool-42-thread-1] INFO  server.RaftServerConfigKeys (ConfUtils.java:logGet(43)) - raft.server.log.queue.byte-limit = 2147483647 (custom)
2019-10-15 16:11:31,301 [pool-62-thread-1] INFO  server.RaftServerConfigKeys (ConfUtils.java:logGet(43)) - raft.server.log.preallocated.size = 16384 (custom)
2019-10-15 16:11:31,301 [pool-42-thread-1] INFO  server.RaftServerConfigKeys (ConfUtils.java:logGet(43)) - raft.server.log.queue.element-limit = 1024 (custom)
2019-10-15 16:11:31,301 [25d6372c-77fd-4a39-ac2a-e48debad48df@group-BF08C0AB32A1-SegmentedRaftLogWorker] INFO  segmented.SegmentedRaftLogWorker (SegmentedRaftLogWorker.java:execute(576)) - 25d6372c-77fd-4a39-ac2a-e48debad48df@group-BF08C0AB32A1-SegmentedRaftLogWorker: created new log segment /workdir/hadoop-ozone/integration-test/target/test-dir/MiniOzoneClusterImpl-071139da-cec0-4bc6-bd27-be6b85e7151a/datanode-2/data/ratis/a5604a56-a4a6-43d4-9c4a-bf08c0ab32a1/current/log_inprogress_0
2019-10-15 16:11:31,301 [pool-52-thread-1] INFO  server.RaftServerConfigKeys (ConfUtils.java:logGet(43)) - raft.server.log.segment.cache.num.max = 2 (custom)
2019-10-15 16:11:31,301 [pool-42-thread-1] INFO  server.RaftServerConfigKeys (ConfUtils.java:logGet(43)) - raft.server.log.segment.size.max = 1048576 (custom)
2019-10-15 16:11:31,301 [pool-62-thread-1] INFO  server.RaftServerConfigKeys (ConfUtils.java:logGet(43)) - raft.server.log.write.buffer.size = 33554432 (custom)
2019-10-15 16:11:31,302 [pool-52-thread-1] INFO  segmented.SegmentedRaftLogWorker (SegmentedRaftLogWorker.java:<init>(173)) - new 25d6372c-77fd-4a39-ac2a-e48debad48df@group-B2671EB745D2-SegmentedRaftLogWorker for RaftStorage:Storage Directory /workdir/hadoop-ozone/integration-test/target/test-dir/MiniOzoneClusterImpl-071139da-cec0-4bc6-bd27-be6b85e7151a/datanode-2/data/ratis/ebadf54c-eaad-41cd-815a-b2671eb745d2
2019-10-15 16:11:31,302 [pool-42-thread-1] INFO  server.RaftServerConfigKeys (ConfUtils.java:logGet(43)) - raft.server.log.preallocated.size = 16384 (custom)
2019-10-15 16:11:31,302 [pool-62-thread-1] INFO  server.RaftServerConfigKeys (ConfUtils.java:logGet(43)) - raft.server.log.force.sync.num = 128 (default)
2019-10-15 16:11:31,302 [pool-42-thread-1] INFO  server.RaftServerConfigKeys (ConfUtils.java:logGet(43)) - raft.server.log.write.buffer.size = 33554432 (custom)
2019-10-15 16:11:31,302 [pool-52-thread-1] INFO  server.RaftServerConfigKeys (ConfUtils.java:logGet(43)) - raft.server.log.queue.byte-limit = 2147483647 (custom)
2019-10-15 16:11:31,302 [pool-42-thread-1] INFO  server.RaftServerConfigKeys (ConfUtils.java:logGet(43)) - raft.server.log.force.sync.num = 128 (default)
2019-10-15 16:11:31,302 [pool-62-thread-1] INFO  server.RaftServerConfigKeys (ConfUtils.java:logGet(43)) - raft.server.log.statemachine.data.sync = true (default)
2019-10-15 16:11:31,303 [pool-42-thread-1] INFO  server.RaftServerConfigKeys (ConfUtils.java:logGet(43)) - raft.server.log.statemachine.data.sync = true (default)
2019-10-15 16:11:31,302 [pool-52-thread-1] INFO  server.RaftServerConfigKeys (ConfUtils.java:logGet(43)) - raft.server.log.queue.element-limit = 1024 (custom)
2019-10-15 16:11:31,303 [pool-42-thread-1] INFO  server.RaftServerConfigKeys (ConfUtils.java:logGet(43)) - raft.server.log.statemachine.data.sync.timeout = 10s (default)
2019-10-15 16:11:31,303 [pool-62-thread-1] INFO  server.RaftServerConfigKeys (ConfUtils.java:logGet(43)) - raft.server.log.statemachine.data.sync.timeout = 10s (default)
2019-10-15 16:11:31,303 [pool-42-thread-1] INFO  server.RaftServerConfigKeys (ConfUtils.java:logGet(43)) - raft.server.log.statemachine.data.sync.timeout.retry = -1 (default)
2019-10-15 16:11:31,303 [pool-52-thread-1] INFO  server.RaftServerConfigKeys (ConfUtils.java:logGet(43)) - raft.server.log.segment.size.max = 1048576 (custom)
2019-10-15 16:11:31,303 [pool-62-thread-1] INFO  server.RaftServerConfigKeys (ConfUtils.java:logGet(43)) - raft.server.log.statemachine.data.sync.timeout.retry = -1 (default)
2019-10-15 16:11:31,303 [pool-52-thread-1] INFO  server.RaftServerConfigKeys (ConfUtils.java:logGet(43)) - raft.server.log.preallocated.size = 16384 (custom)
2019-10-15 16:11:31,303 [pool-42-thread-1] INFO  server.RaftServerConfigKeys (ConfUtils.java:logGet(43)) - raft.server.log.statemachine.data.caching.enabled = true (custom)
2019-10-15 16:11:31,304 [pool-62-thread-1] INFO  server.RaftServerConfigKeys (ConfUtils.java:logGet(43)) - raft.server.log.statemachine.data.caching.enabled = true (custom)
2019-10-15 16:11:31,304 [pool-52-thread-1] INFO  server.RaftServerConfigKeys (ConfUtils.java:logGet(43)) - raft.server.log.write.buffer.size = 33554432 (custom)
2019-10-15 16:11:31,304 [pool-52-thread-1] INFO  server.RaftServerConfigKeys (ConfUtils.java:logGet(43)) - raft.server.log.force.sync.num = 128 (default)
2019-10-15 16:11:31,304 [pool-42-thread-1] INFO  segmented.SegmentedRaftLogWorker (SegmentedRaftLogWorker.java:lambda$new$0(128)) - 50423279-f647-4a18-8e85-347d68eaf856@group-B2671EB745D2-SegmentedRaftLogWorker: flushIndex: setUnconditionally 0 -> -1
2019-10-15 16:11:31,304 [pool-62-thread-1] INFO  segmented.SegmentedRaftLogWorker (SegmentedRaftLogWorker.java:lambda$new$0(128)) - 2ec85f63-33fb-4317-9145-71357d145af9@group-B2671EB745D2-SegmentedRaftLogWorker: flushIndex: setUnconditionally 0 -> -1
2019-10-15 16:11:31,304 [pool-52-thread-1] INFO  server.RaftServerConfigKeys (ConfUtils.java:logGet(43)) - raft.server.log.statemachine.data.sync = true (default)
2019-10-15 16:11:31,304 [pool-42-thread-1] INFO  server.RaftServerConfigKeys (ConfUtils.java:logGet(43)) - raft.server.snapshot.auto.trigger.enabled = true (custom)
2019-10-15 16:11:31,305 [pool-62-thread-1] INFO  server.RaftServerConfigKeys (ConfUtils.java:logGet(43)) - raft.server.snapshot.auto.trigger.enabled = true (custom)
2019-10-15 16:11:31,304 [pool-52-thread-1] INFO  server.RaftServerConfigKeys (ConfUtils.java:logGet(43)) - raft.server.log.statemachine.data.sync.timeout = 10s (default)
2019-10-15 16:11:31,305 [pool-62-thread-1] INFO  server.RaftServerConfigKeys (ConfUtils.java:logGet(43)) - raft.server.snapshot.auto.trigger.threshold = 10000 (custom)
2019-10-15 16:11:31,305 [pool-42-thread-1] INFO  server.RaftServerConfigKeys (ConfUtils.java:logGet(43)) - raft.server.snapshot.auto.trigger.threshold = 10000 (custom)
2019-10-15 16:11:31,305 [pool-62-thread-1] INFO  server.RaftServerConfigKeys (ConfUtils.java:logGet(43)) - raft.server.snapshot.retention.file.num = 5 (custom)
2019-10-15 16:11:31,305 [pool-52-thread-1] INFO  server.RaftServerConfigKeys (ConfUtils.java:logGet(43)) - raft.server.log.statemachine.data.sync.timeout.retry = -1 (default)
2019-10-15 16:11:31,305 [pool-42-thread-1] INFO  server.RaftServerConfigKeys (ConfUtils.java:logGet(43)) - raft.server.snapshot.retention.file.num = 5 (custom)
2019-10-15 16:11:31,305 [pool-52-thread-1] INFO  server.RaftServerConfigKeys (ConfUtils.java:logGet(43)) - raft.server.log.statemachine.data.caching.enabled = true (custom)
2019-10-15 16:11:31,305 [pool-62-thread-1] INFO  server.RaftServerConfigKeys (ConfUtils.java:logGet(43)) - raft.server.retrycache.expirytime = 600000ms (custom)
2019-10-15 16:11:31,305 [pool-42-thread-1] INFO  server.RaftServerConfigKeys (ConfUtils.java:logGet(43)) - raft.server.retrycache.expirytime = 600000ms (custom)
2019-10-15 16:11:31,306 [pool-52-thread-1] INFO  segmented.SegmentedRaftLogWorker (SegmentedRaftLogWorker.java:lambda$new$0(128)) - 25d6372c-77fd-4a39-ac2a-e48debad48df@group-B2671EB745D2-SegmentedRaftLogWorker: flushIndex: setUnconditionally 0 -> -1
2019-10-15 16:11:31,306 [pool-52-thread-1] INFO  server.RaftServerConfigKeys (ConfUtils.java:logGet(43)) - raft.server.snapshot.auto.trigger.enabled = true (custom)
2019-10-15 16:11:31,306 [pool-52-thread-1] INFO  server.RaftServerConfigKeys (ConfUtils.java:logGet(43)) - raft.server.snapshot.auto.trigger.threshold = 10000 (custom)
2019-10-15 16:11:31,306 [pool-52-thread-1] INFO  server.RaftServerConfigKeys (ConfUtils.java:logGet(43)) - raft.server.snapshot.retention.file.num = 5 (custom)
2019-10-15 16:11:31,306 [pool-52-thread-1] INFO  server.RaftServerConfigKeys (ConfUtils.java:logGet(43)) - raft.server.retrycache.expirytime = 600000ms (custom)
2019-10-15 16:11:31,309 [pool-62-thread-1] INFO  impl.RaftServerImpl (RaftServerImpl.java:start(195)) - 2ec85f63-33fb-4317-9145-71357d145af9@group-B2671EB745D2: start as a follower, conf=-1: [50423279-f647-4a18-8e85-347d68eaf856:192.168.69.88:39583, 2ec85f63-33fb-4317-9145-71357d145af9:192.168.69.88:42357, 25d6372c-77fd-4a39-ac2a-e48debad48df:192.168.69.88:39591], old=null
2019-10-15 16:11:31,310 [pool-62-thread-1] INFO  impl.RaftServerImpl (RaftServerImpl.java:setRole(184)) - 2ec85f63-33fb-4317-9145-71357d145af9@group-B2671EB745D2: changes role from      null to FOLLOWER at term 0 for startAsFollower
2019-10-15 16:11:31,310 [pool-62-thread-1] INFO  impl.RoleInfo (RoleInfo.java:updateAndGet(143)) - 2ec85f63-33fb-4317-9145-71357d145af9: start FollowerState
2019-10-15 16:11:31,310 [pool-62-thread-1] INFO  util.JmxRegister (JmxRegister.java:tryRegister(44)) - Successfully registered JMX Bean with object name Ratis:service=RaftServer,group=group-B2671EB745D2,id=2ec85f63-33fb-4317-9145-71357d145af9
2019-10-15 16:11:31,311 [pool-52-thread-1] INFO  impl.RaftServerImpl (RaftServerImpl.java:start(195)) - 25d6372c-77fd-4a39-ac2a-e48debad48df@group-B2671EB745D2: start as a follower, conf=-1: [50423279-f647-4a18-8e85-347d68eaf856:192.168.69.88:39583, 2ec85f63-33fb-4317-9145-71357d145af9:192.168.69.88:42357, 25d6372c-77fd-4a39-ac2a-e48debad48df:192.168.69.88:39591], old=null
2019-10-15 16:11:31,311 [pool-52-thread-1] INFO  impl.RaftServerImpl (RaftServerImpl.java:setRole(184)) - 25d6372c-77fd-4a39-ac2a-e48debad48df@group-B2671EB745D2: changes role from      null to FOLLOWER at term 0 for startAsFollower
2019-10-15 16:11:31,311 [pool-52-thread-1] INFO  impl.RoleInfo (RoleInfo.java:updateAndGet(143)) - 25d6372c-77fd-4a39-ac2a-e48debad48df: start FollowerState
2019-10-15 16:11:31,311 [pool-42-thread-1] INFO  impl.RaftServerImpl (RaftServerImpl.java:start(195)) - 50423279-f647-4a18-8e85-347d68eaf856@group-B2671EB745D2: start as a follower, conf=-1: [50423279-f647-4a18-8e85-347d68eaf856:192.168.69.88:39583, 2ec85f63-33fb-4317-9145-71357d145af9:192.168.69.88:42357, 25d6372c-77fd-4a39-ac2a-e48debad48df:192.168.69.88:39591], old=null
2019-10-15 16:11:31,311 [pool-42-thread-1] INFO  impl.RaftServerImpl (RaftServerImpl.java:setRole(184)) - 50423279-f647-4a18-8e85-347d68eaf856@group-B2671EB745D2: changes role from      null to FOLLOWER at term 0 for startAsFollower
2019-10-15 16:11:31,312 [pool-52-thread-1] INFO  util.JmxRegister (JmxRegister.java:tryRegister(44)) - Successfully registered JMX Bean with object name Ratis:service=RaftServer,group=group-B2671EB745D2,id=25d6372c-77fd-4a39-ac2a-e48debad48df
2019-10-15 16:11:31,312 [pool-42-thread-1] INFO  impl.RoleInfo (RoleInfo.java:updateAndGet(143)) - 50423279-f647-4a18-8e85-347d68eaf856: start FollowerState
2019-10-15 16:11:31,312 [Thread-224] INFO  impl.FollowerState (FollowerState.java:run(108)) - 2ec85f63-33fb-4317-9145-71357d145af9@group-B2671EB745D2-FollowerState: change to CANDIDATE, lastRpcTime:2ms, electionTimeout:2ms
2019-10-15 16:11:31,312 [Thread-224] INFO  impl.RoleInfo (RoleInfo.java:shutdownFollowerState(121)) - 2ec85f63-33fb-4317-9145-71357d145af9: shutdown FollowerState
2019-10-15 16:11:31,312 [pool-42-thread-1] INFO  util.JmxRegister (JmxRegister.java:tryRegister(44)) - Successfully registered JMX Bean with object name Ratis:service=RaftServer,group=group-B2671EB745D2,id=50423279-f647-4a18-8e85-347d68eaf856
2019-10-15 16:11:31,312 [Thread-224] INFO  impl.RaftServerImpl (RaftServerImpl.java:setRole(184)) - 2ec85f63-33fb-4317-9145-71357d145af9@group-B2671EB745D2: changes role from  FOLLOWER to CANDIDATE at term 0 for changeToCandidate
2019-10-15 16:11:31,313 [Thread-224] INFO  impl.RoleInfo (RoleInfo.java:updateAndGet(143)) - 2ec85f63-33fb-4317-9145-71357d145af9: start LeaderElection
2019-10-15 16:11:31,320 [2ec85f63-33fb-4317-9145-71357d145af9@group-B2671EB745D2-LeaderElection6] INFO  impl.LeaderElection (LeaderElection.java:askForVotes(178)) - 2ec85f63-33fb-4317-9145-71357d145af9@group-B2671EB745D2-LeaderElection6: begin an election at term 1 for -1: [50423279-f647-4a18-8e85-347d68eaf856:192.168.69.88:39583, 2ec85f63-33fb-4317-9145-71357d145af9:192.168.69.88:42357, 25d6372c-77fd-4a39-ac2a-e48debad48df:192.168.69.88:39591], old=null
2019-10-15 16:11:31,333 [RatisPipelineUtilsThread] INFO  pipeline.PipelineStateManager (PipelineStateManager.java:addPipeline(56)) - Created pipeline Pipeline[ Id: ebadf54c-eaad-41cd-815a-b2671eb745d2, Nodes: 50423279-f647-4a18-8e85-347d68eaf856{ip: 192.168.69.88, host: dev-nightly-20191015-w4nf7-692592917, networkLocation: /rack1, certSerialId: null}2ec85f63-33fb-4317-9145-71357d145af9{ip: 192.168.69.88, host: dev-nightly-20191015-w4nf7-692592917, networkLocation: /rack1, certSerialId: null}25d6372c-77fd-4a39-ac2a-e48debad48df{ip: 192.168.69.88, host: dev-nightly-20191015-w4nf7-692592917, networkLocation: /rack1, certSerialId: null}, Type:RATIS, Factor:THREE, State:OPEN]
2019-10-15 16:11:31,349 [grpc-default-executor-0] INFO  impl.RaftServerImpl (RaftServerImpl.java:setRole(184)) - 25d6372c-77fd-4a39-ac2a-e48debad48df@group-B2671EB745D2: changes role from  FOLLOWER to FOLLOWER at term 1 for recognizeCandidate:2ec85f63-33fb-4317-9145-71357d145af9
2019-10-15 16:11:31,349 [grpc-default-executor-1] INFO  impl.RaftServerImpl (RaftServerImpl.java:setRole(184)) - 50423279-f647-4a18-8e85-347d68eaf856@group-B2671EB745D2: changes role from  FOLLOWER to FOLLOWER at term 1 for recognizeCandidate:2ec85f63-33fb-4317-9145-71357d145af9
2019-10-15 16:11:31,349 [grpc-default-executor-0] INFO  impl.RoleInfo (RoleInfo.java:shutdownFollowerState(121)) - 25d6372c-77fd-4a39-ac2a-e48debad48df: shutdown FollowerState
2019-10-15 16:11:31,350 [grpc-default-executor-1] INFO  impl.RoleInfo (RoleInfo.java:shutdownFollowerState(121)) - 50423279-f647-4a18-8e85-347d68eaf856: shutdown FollowerState
2019-10-15 16:11:31,350 [Thread-225] INFO  impl.FollowerState (FollowerState.java:run(117)) - 25d6372c-77fd-4a39-ac2a-e48debad48df@group-B2671EB745D2-FollowerState was interrupted: java.lang.InterruptedException: sleep interrupted
2019-10-15 16:11:31,350 [Thread-226] INFO  impl.FollowerState (FollowerState.java:run(117)) - 50423279-f647-4a18-8e85-347d68eaf856@group-B2671EB745D2-FollowerState was interrupted: java.lang.InterruptedException: sleep interrupted
2019-10-15 16:11:31,350 [grpc-default-executor-0] INFO  impl.RoleInfo (RoleInfo.java:updateAndGet(143)) - 25d6372c-77fd-4a39-ac2a-e48debad48df: start FollowerState
2019-10-15 16:11:31,350 [grpc-default-executor-1] INFO  impl.RoleInfo (RoleInfo.java:updateAndGet(143)) - 50423279-f647-4a18-8e85-347d68eaf856: start FollowerState
2019-10-15 16:11:31,364 [Thread-234] INFO  impl.FollowerState (FollowerState.java:run(108)) - 50423279-f647-4a18-8e85-347d68eaf856@group-B2671EB745D2-FollowerState: change to CANDIDATE, lastRpcTime:14ms, electionTimeout:12ms
2019-10-15 16:11:31,365 [Thread-234] INFO  impl.RoleInfo (RoleInfo.java:shutdownFollowerState(121)) - 50423279-f647-4a18-8e85-347d68eaf856: shutdown FollowerState
2019-10-15 16:11:31,365 [Thread-234] INFO  impl.RaftServerImpl (RaftServerImpl.java:setRole(184)) - 50423279-f647-4a18-8e85-347d68eaf856@group-B2671EB745D2: changes role from  FOLLOWER to CANDIDATE at term 1 for changeToCandidate
2019-10-15 16:11:31,365 [Thread-234] INFO  impl.RoleInfo (RoleInfo.java:updateAndGet(143)) - 50423279-f647-4a18-8e85-347d68eaf856: start LeaderElection
2019-10-15 16:11:31,368 [2ec85f63-33fb-4317-9145-71357d145af9@group-B2671EB745D2-LeaderElection6] INFO  impl.LeaderElection (LeaderElection.java:logAndReturn(56)) - 2ec85f63-33fb-4317-9145-71357d145af9@group-B2671EB745D2-LeaderElection6: Election PASSED; received 1 response(s) [2ec85f63-33fb-4317-9145-71357d145af9<-25d6372c-77fd-4a39-ac2a-e48debad48df#0:OK-t1] and 0 exception(s); 2ec85f63-33fb-4317-9145-71357d145af9@group-B2671EB745D2:t1, leader=null, voted=2ec85f63-33fb-4317-9145-71357d145af9, raftlog=2ec85f63-33fb-4317-9145-71357d145af9@group-B2671EB745D2-SegmentedRaftLog:OPENED:c-1,f-1,i0, conf=-1: [50423279-f647-4a18-8e85-347d68eaf856:192.168.69.88:39583, 2ec85f63-33fb-4317-9145-71357d145af9:192.168.69.88:42357, 25d6372c-77fd-4a39-ac2a-e48debad48df:192.168.69.88:39591], old=null
2019-10-15 16:11:31,368 [2ec85f63-33fb-4317-9145-71357d145af9@group-B2671EB745D2-LeaderElection6] INFO  impl.RoleInfo (RoleInfo.java:shutdownLeaderElection(134)) - 2ec85f63-33fb-4317-9145-71357d145af9: shutdown LeaderElection
2019-10-15 16:11:31,369 [2ec85f63-33fb-4317-9145-71357d145af9@group-B2671EB745D2-LeaderElection6] INFO  impl.RaftServerImpl (RaftServerImpl.java:setRole(184)) - 2ec85f63-33fb-4317-9145-71357d145af9@group-B2671EB745D2: changes role from CANDIDATE to LEADER at term 1 for changeToLeader
2019-10-15 16:11:31,370 [2ec85f63-33fb-4317-9145-71357d145af9@group-B2671EB745D2-LeaderElection6] INFO  impl.RaftServerImpl (ServerState.java:setLeader(256)) - 2ec85f63-33fb-4317-9145-71357d145af9@group-B2671EB745D2: change Leader from null to 2ec85f63-33fb-4317-9145-71357d145af9 at term 1 for becomeLeader, leader elected after 70ms
2019-10-15 16:11:31,370 [2ec85f63-33fb-4317-9145-71357d145af9@group-B2671EB745D2-LeaderElection6] INFO  server.RaftServerConfigKeys (ConfUtils.java:logGet(43)) - raft.server.staging.catchup.gap = 1000 (default)
2019-10-15 16:11:31,370 [2ec85f63-33fb-4317-9145-71357d145af9@group-B2671EB745D2-LeaderElection6] INFO  server.RaftServerConfigKeys (ConfUtils.java:logGet(43)) - raft.server.rpc.sleep.time = 25ms (default)
2019-10-15 16:11:31,370 [2ec85f63-33fb-4317-9145-71357d145af9@group-B2671EB745D2-LeaderElection6] INFO  server.RaftServerConfigKeys (ConfUtils.java:logGet(43)) - raft.server.write.element-limit = 4096 (default)
2019-10-15 16:11:31,370 [2ec85f63-33fb-4317-9145-71357d145af9@group-B2671EB745D2-LeaderElection6] INFO  server.RaftServerConfigKeys (ConfUtils.java:logGet(43)) - raft.server.watch.timeout = 10s (default)
2019-10-15 16:11:31,370 [2ec85f63-33fb-4317-9145-71357d145af9@group-B2671EB745D2-LeaderElection6] INFO  server.RaftServerConfigKeys (ConfUtils.java:logGet(43)) - raft.server.watch.timeout.denomination = 1s (default)
2019-10-15 16:11:31,371 [2ec85f63-33fb-4317-9145-71357d145af9@group-B2671EB745D2-LeaderElection6] INFO  server.RaftServerConfigKeys (ConfUtils.java:logGet(43)) - raft.server.watch.element-limit = 65536 (default)
2019-10-15 16:11:31,371 [50423279-f647-4a18-8e85-347d68eaf856@group-B2671EB745D2-LeaderElection7] INFO  impl.LeaderElection (LeaderElection.java:askForVotes(178)) - 50423279-f647-4a18-8e85-347d68eaf856@group-B2671EB745D2-LeaderElection7: begin an election at term 2 for -1: [50423279-f647-4a18-8e85-347d68eaf856:192.168.69.88:39583, 2ec85f63-33fb-4317-9145-71357d145af9:192.168.69.88:42357, 25d6372c-77fd-4a39-ac2a-e48debad48df:192.168.69.88:39591], old=null
2019-10-15 16:11:31,379 [2ec85f63-33fb-4317-9145-71357d145af9@group-B2671EB745D2-LeaderElection6] INFO  server.RaftServerConfigKeys (ConfUtils.java:logGet(43)) - raft.server.log.appender.snapshot.chunk.size.max = 16MB (=16777216) (default)
2019-10-15 16:11:31,379 [2ec85f63-33fb-4317-9145-71357d145af9@group-B2671EB745D2-LeaderElection6] INFO  server.RaftServerConfigKeys (ConfUtils.java:logGet(43)) - raft.server.log.appender.buffer.byte-limit = 33554432 (custom)
2019-10-15 16:11:31,380 [2ec85f63-33fb-4317-9145-71357d145af9@group-B2671EB745D2-LeaderElection6] INFO  server.RaftServerConfigKeys (ConfUtils.java:logGet(43)) - raft.server.log.appender.buffer.element-limit = 1 (custom)
2019-10-15 16:11:31,382 [grpc-default-executor-0] INFO  impl.RaftServerImpl (RaftServerImpl.java:setRole(184)) - 25d6372c-77fd-4a39-ac2a-e48debad48df@group-B2671EB745D2: changes role from  FOLLOWER to FOLLOWER at term 2 for recognizeCandidate:50423279-f647-4a18-8e85-347d68eaf856
2019-10-15 16:11:31,383 [grpc-default-executor-0] INFO  impl.RoleInfo (RoleInfo.java:shutdownFollowerState(121)) - 25d6372c-77fd-4a39-ac2a-e48debad48df: shutdown FollowerState
2019-10-15 16:11:31,383 [grpc-default-executor-0] INFO  impl.RoleInfo (RoleInfo.java:updateAndGet(143)) - 25d6372c-77fd-4a39-ac2a-e48debad48df: start FollowerState
2019-10-15 16:11:31,383 [Thread-233] INFO  impl.FollowerState (FollowerState.java:run(117)) - 25d6372c-77fd-4a39-ac2a-e48debad48df@group-B2671EB745D2-FollowerState was interrupted: java.lang.InterruptedException: sleep interrupted
2019-10-15 16:11:31,386 [2ec85f63-33fb-4317-9145-71357d145af9@group-B2671EB745D2-LeaderElection6] INFO  grpc.GrpcConfigKeys$Server (ConfUtils.java:logGet(43)) - raft.grpc.server.leader.outstanding.appends.max = 128 (default)
2019-10-15 16:11:31,386 [2ec85f63-33fb-4317-9145-71357d145af9@group-B2671EB745D2-LeaderElection6] INFO  server.RaftServerConfigKeys (ConfUtils.java:logGet(43)) - raft.server.rpc.request.timeout = 3000ms (default)
2019-10-15 16:11:31,387 [2ec85f63-33fb-4317-9145-71357d145af9@group-B2671EB745D2-LeaderElection6] INFO  server.RaftServerConfigKeys (ConfUtils.java:logGet(43)) - raft.server.log.appender.install.snapshot.enabled = false (custom)
2019-10-15 16:11:31,392 [2ec85f63-33fb-4317-9145-71357d145af9@group-B2671EB745D2-LeaderElection6] INFO  server.RaftServerConfigKeys (ConfUtils.java:logGet(43)) - raft.server.log.appender.snapshot.chunk.size.max = 16MB (=16777216) (default)
2019-10-15 16:11:31,393 [2ec85f63-33fb-4317-9145-71357d145af9@group-B2671EB745D2-LeaderElection6] INFO  server.RaftServerConfigKeys (ConfUtils.java:logGet(43)) - raft.server.log.appender.buffer.byte-limit = 33554432 (custom)
2019-10-15 16:11:31,393 [2ec85f63-33fb-4317-9145-71357d145af9@group-B2671EB745D2-LeaderElection6] INFO  server.RaftServerConfigKeys (ConfUtils.java:logGet(43)) - raft.server.log.appender.buffer.element-limit = 1 (custom)
2019-10-15 16:11:31,393 [50423279-f647-4a18-8e85-347d68eaf856@group-B2671EB745D2-LeaderElection7] INFO  impl.LeaderElection (LeaderElection.java:logAndReturn(56)) - 50423279-f647-4a18-8e85-347d68eaf856@group-B2671EB745D2-LeaderElection7: Election PASSED; received 1 response(s) [50423279-f647-4a18-8e85-347d68eaf856<-25d6372c-77fd-4a39-ac2a-e48debad48df#0:OK-t2] and 0 exception(s); 50423279-f647-4a18-8e85-347d68eaf856@group-B2671EB745D2:t2, leader=null, voted=50423279-f647-4a18-8e85-347d68eaf856, raftlog=50423279-f647-4a18-8e85-347d68eaf856@group-B2671EB745D2-SegmentedRaftLog:OPENED:c-1,f-1,i0, conf=-1: [50423279-f647-4a18-8e85-347d68eaf856:192.168.69.88:39583, 2ec85f63-33fb-4317-9145-71357d145af9:192.168.69.88:42357, 25d6372c-77fd-4a39-ac2a-e48debad48df:192.168.69.88:39591], old=null
2019-10-15 16:11:31,393 [50423279-f647-4a18-8e85-347d68eaf856@group-B2671EB745D2-LeaderElection7] INFO  impl.RoleInfo (RoleInfo.java:shutdownLeaderElection(134)) - 50423279-f647-4a18-8e85-347d68eaf856: shutdown LeaderElection
2019-10-15 16:11:31,393 [2ec85f63-33fb-4317-9145-71357d145af9@group-B2671EB745D2-LeaderElection6] INFO  grpc.GrpcConfigKeys$Server (ConfUtils.java:logGet(43)) - raft.grpc.server.leader.outstanding.appends.max = 128 (default)
2019-10-15 16:11:31,395 [50423279-f647-4a18-8e85-347d68eaf856@group-B2671EB745D2-LeaderElection7] INFO  impl.RaftServerImpl (RaftServerImpl.java:setRole(184)) - 50423279-f647-4a18-8e85-347d68eaf856@group-B2671EB745D2: changes role from CANDIDATE to LEADER at term 2 for changeToLeader
2019-10-15 16:11:31,395 [2ec85f63-33fb-4317-9145-71357d145af9@group-B2671EB745D2-LeaderElection6] INFO  server.RaftServerConfigKeys (ConfUtils.java:logGet(43)) - raft.server.rpc.request.timeout = 3000ms (default)
2019-10-15 16:11:31,395 [50423279-f647-4a18-8e85-347d68eaf856@group-B2671EB745D2-LeaderElection7] INFO  impl.RaftServerImpl (ServerState.java:setLeader(256)) - 50423279-f647-4a18-8e85-347d68eaf856@group-B2671EB745D2: change Leader from null to 50423279-f647-4a18-8e85-347d68eaf856 at term 2 for becomeLeader, leader elected after 96ms
2019-10-15 16:11:31,395 [2ec85f63-33fb-4317-9145-71357d145af9@group-B2671EB745D2-LeaderElection6] INFO  server.RaftServerConfigKeys (ConfUtils.java:logGet(43)) - raft.server.log.appender.install.snapshot.enabled = false (custom)
2019-10-15 16:11:31,395 [50423279-f647-4a18-8e85-347d68eaf856@group-B2671EB745D2-LeaderElection7] INFO  server.RaftServerConfigKeys (ConfUtils.java:logGet(43)) - raft.server.staging.catchup.gap = 1000 (default)
2019-10-15 16:11:31,395 [50423279-f647-4a18-8e85-347d68eaf856@group-B2671EB745D2-LeaderElection7] INFO  server.RaftServerConfigKeys (ConfUtils.java:logGet(43)) - raft.server.rpc.sleep.time = 25ms (default)
2019-10-15 16:11:31,395 [50423279-f647-4a18-8e85-347d68eaf856@group-B2671EB745D2-LeaderElection7] INFO  server.RaftServerConfigKeys (ConfUtils.java:logGet(43)) - raft.server.write.element-limit = 4096 (default)
2019-10-15 16:11:31,395 [50423279-f647-4a18-8e85-347d68eaf856@group-B2671EB745D2-LeaderElection7] INFO  server.RaftServerConfigKeys (ConfUtils.java:logGet(43)) - raft.server.watch.timeout = 10s (default)
2019-10-15 16:11:31,395 [50423279-f647-4a18-8e85-347d68eaf856@group-B2671EB745D2-LeaderElection7] INFO  server.RaftServerConfigKeys (ConfUtils.java:logGet(43)) - raft.server.watch.timeout.denomination = 1s (default)
2019-10-15 16:11:31,396 [50423279-f647-4a18-8e85-347d68eaf856@group-B2671EB745D2-LeaderElection7] INFO  server.RaftServerConfigKeys (ConfUtils.java:logGet(43)) - raft.server.watch.element-limit = 65536 (default)
2019-10-15 16:11:31,398 [50423279-f647-4a18-8e85-347d68eaf856@group-B2671EB745D2-LeaderElection7] INFO  server.RaftServerConfigKeys (ConfUtils.java:logGet(43)) - raft.server.log.appender.snapshot.chunk.size.max = 16MB (=16777216) (default)
2019-10-15 16:11:31,398 [50423279-f647-4a18-8e85-347d68eaf856@group-B2671EB745D2-LeaderElection7] INFO  server.RaftServerConfigKeys (ConfUtils.java:logGet(43)) - raft.server.log.appender.buffer.byte-limit = 33554432 (custom)
2019-10-15 16:11:31,398 [50423279-f647-4a18-8e85-347d68eaf856@group-B2671EB745D2-LeaderElection7] INFO  server.RaftServerConfigKeys (ConfUtils.java:logGet(43)) - raft.server.log.appender.buffer.element-limit = 1 (custom)
2019-10-15 16:11:31,398 [50423279-f647-4a18-8e85-347d68eaf856@group-B2671EB745D2-LeaderElection7] INFO  grpc.GrpcConfigKeys$Server (ConfUtils.java:logGet(43)) - raft.grpc.server.leader.outstanding.appends.max = 128 (default)
2019-10-15 16:11:31,398 [50423279-f647-4a18-8e85-347d68eaf856@group-B2671EB745D2-LeaderElection7] INFO  server.RaftServerConfigKeys (ConfUtils.java:logGet(43)) - raft.server.rpc.request.timeout = 3000ms (default)
2019-10-15 16:11:31,399 [50423279-f647-4a18-8e85-347d68eaf856@group-B2671EB745D2-LeaderElection7] INFO  server.RaftServerConfigKeys (ConfUtils.java:logGet(43)) - raft.server.log.appender.install.snapshot.enabled = false (custom)
2019-10-15 16:11:31,400 [2ec85f63-33fb-4317-9145-71357d145af9@group-B2671EB745D2-LeaderElection6] INFO  impl.RoleInfo (RoleInfo.java:updateAndGet(143)) - 2ec85f63-33fb-4317-9145-71357d145af9: start LeaderState
2019-10-15 16:11:31,400 [2ec85f63-33fb-4317-9145-71357d145af9@group-B2671EB745D2-LeaderElection6] INFO  segmented.SegmentedRaftLogWorker (SegmentedRaftLogWorker.java:startLogSegment(385)) - 2ec85f63-33fb-4317-9145-71357d145af9@group-B2671EB745D2-SegmentedRaftLogWorker: Starting segment from index:0
2019-10-15 16:11:31,401 [2ec85f63-33fb-4317-9145-71357d145af9@group-B2671EB745D2-LeaderElection6] INFO  impl.RaftServerImpl (ServerState.java:setRaftConf(357)) - 2ec85f63-33fb-4317-9145-71357d145af9@group-B2671EB745D2: set configuration 0: [50423279-f647-4a18-8e85-347d68eaf856:192.168.69.88:39583, 2ec85f63-33fb-4317-9145-71357d145af9:192.168.69.88:42357, 25d6372c-77fd-4a39-ac2a-e48debad48df:192.168.69.88:39591], old=null at 0
2019-10-15 16:11:31,425 [Thread-239] INFO  impl.FollowerState (FollowerState.java:run(108)) - 25d6372c-77fd-4a39-ac2a-e48debad48df@group-B2671EB745D2-FollowerState: change to CANDIDATE, lastRpcTime:42ms, electionTimeout:22ms
2019-10-15 16:11:31,425 [grpc-default-executor-1] INFO  impl.RaftServerImpl (ServerState.java:setLeader(256)) - 2ec85f63-33fb-4317-9145-71357d145af9@group-B2671EB745D2: change Leader from 2ec85f63-33fb-4317-9145-71357d145af9 to null at term 2 for updateCurrentTerm
2019-10-15 16:11:31,425 [Thread-239] INFO  impl.RoleInfo (RoleInfo.java:shutdownFollowerState(121)) - 25d6372c-77fd-4a39-ac2a-e48debad48df: shutdown FollowerState
2019-10-15 16:11:31,425 [grpc-default-executor-1] INFO  impl.RaftServerImpl (RaftServerImpl.java:setRole(184)) - 2ec85f63-33fb-4317-9145-71357d145af9@group-B2671EB745D2: changes role from    LEADER to FOLLOWER at term 2 for recognizeCandidate:50423279-f647-4a18-8e85-347d68eaf856
2019-10-15 16:11:31,425 [Thread-239] INFO  impl.RaftServerImpl (RaftServerImpl.java:setRole(184)) - 25d6372c-77fd-4a39-ac2a-e48debad48df@group-B2671EB745D2: changes role from  FOLLOWER to CANDIDATE at term 2 for changeToCandidate
2019-10-15 16:11:31,425 [grpc-default-executor-1] INFO  impl.RoleInfo (RoleInfo.java:shutdownLeaderState(104)) - 2ec85f63-33fb-4317-9145-71357d145af9: shutdown LeaderState
2019-10-15 16:11:31,426 [Thread-239] INFO  impl.RoleInfo (RoleInfo.java:updateAndGet(143)) - 25d6372c-77fd-4a39-ac2a-e48debad48df: start LeaderElection
2019-10-15 16:11:31,430 [2ec85f63-33fb-4317-9145-71357d145af9@group-B2671EB745D2-SegmentedRaftLogWorker] INFO  segmented.SegmentedRaftLogWorker (SegmentedRaftLogWorker.java:execute(576)) - 2ec85f63-33fb-4317-9145-71357d145af9@group-B2671EB745D2-SegmentedRaftLogWorker: created new log segment /workdir/hadoop-ozone/integration-test/target/test-dir/MiniOzoneClusterImpl-071139da-cec0-4bc6-bd27-be6b85e7151a/datanode-3/data/ratis/ebadf54c-eaad-41cd-815a-b2671eb745d2/current/log_inprogress_0
2019-10-15 16:11:31,430 [50423279-f647-4a18-8e85-347d68eaf856@group-B2671EB745D2-LeaderElection7] INFO  server.RaftServerConfigKeys (ConfUtils.java:logGet(43)) - raft.server.log.appender.snapshot.chunk.size.max = 16MB (=16777216) (default)
2019-10-15 16:11:31,431 [50423279-f647-4a18-8e85-347d68eaf856@group-B2671EB745D2-LeaderElection7] INFO  server.RaftServerConfigKeys (ConfUtils.java:logGet(43)) - raft.server.log.appender.buffer.byte-limit = 33554432 (custom)
2019-10-15 16:11:31,431 [50423279-f647-4a18-8e85-347d68eaf856@group-B2671EB745D2-LeaderElection7] INFO  server.RaftServerConfigKeys (ConfUtils.java:logGet(43)) - raft.server.log.appender.buffer.element-limit = 1 (custom)
2019-10-15 16:11:31,431 [grpc-default-executor-1] INFO  impl.PendingRequests (PendingRequests.java:sendNotLeaderResponses(202)) - 2ec85f63-33fb-4317-9145-71357d145af9@group-B2671EB745D2-PendingRequests: sendNotLeaderResponses
2019-10-15 16:11:31,431 [50423279-f647-4a18-8e85-347d68eaf856@group-B2671EB745D2-LeaderElection7] INFO  grpc.GrpcConfigKeys$Server (ConfUtils.java:logGet(43)) - raft.grpc.server.leader.outstanding.appends.max = 128 (default)
2019-10-15 16:11:31,431 [50423279-f647-4a18-8e85-347d68eaf856@group-B2671EB745D2-LeaderElection7] INFO  server.RaftServerConfigKeys (ConfUtils.java:logGet(43)) - raft.server.rpc.request.timeout = 3000ms (default)
2019-10-15 16:11:31,431 [50423279-f647-4a18-8e85-347d68eaf856@group-B2671EB745D2-LeaderElection7] INFO  server.RaftServerConfigKeys (ConfUtils.java:logGet(43)) - raft.server.log.appender.install.snapshot.enabled = false (custom)
2019-10-15 16:11:31,432 [grpc-default-executor-1] INFO  impl.RoleInfo (RoleInfo.java:updateAndGet(143)) - 2ec85f63-33fb-4317-9145-71357d145af9: start FollowerState
2019-10-15 16:11:31,434 [25d6372c-77fd-4a39-ac2a-e48debad48df@group-B2671EB745D2-LeaderElection8] INFO  impl.LeaderElection (LeaderElection.java:askForVotes(178)) - 25d6372c-77fd-4a39-ac2a-e48debad48df@group-B2671EB745D2-LeaderElection8: begin an election at term 3 for -1: [50423279-f647-4a18-8e85-347d68eaf856:192.168.69.88:39583, 2ec85f63-33fb-4317-9145-71357d145af9:192.168.69.88:42357, 25d6372c-77fd-4a39-ac2a-e48debad48df:192.168.69.88:39591], old=null
2019-10-15 16:11:31,434 [org.apache.ratis.server.impl.LogAppender$AppenderDaemon$$Lambda$397/1106471027@54516cc6] WARN  server.GrpcLogAppender (GrpcLogAppender.java:mayWait(149)) - 2ec85f63-33fb-4317-9145-71357d145af9@group-B2671EB745D2->25d6372c-77fd-4a39-ac2a-e48debad48df-GrpcLogAppender: Wait interrupted by java.lang.InterruptedException
2019-10-15 16:11:31,435 [org.apache.ratis.server.impl.LogAppender$AppenderDaemon$$Lambda$397/1106471027@30c3ab88] WARN  server.GrpcLogAppender (GrpcLogAppender.java:mayWait(149)) - 2ec85f63-33fb-4317-9145-71357d145af9@group-B2671EB745D2->50423279-f647-4a18-8e85-347d68eaf856-GrpcLogAppender: Wait interrupted by java.lang.InterruptedException
2019-10-15 16:11:31,436 [50423279-f647-4a18-8e85-347d68eaf856@group-B2671EB745D2-LeaderElection7] INFO  impl.RoleInfo (RoleInfo.java:updateAndGet(143)) - 50423279-f647-4a18-8e85-347d68eaf856: start LeaderState
2019-10-15 16:11:31,438 [50423279-f647-4a18-8e85-347d68eaf856@group-B2671EB745D2-LeaderElection7] INFO  segmented.SegmentedRaftLogWorker (SegmentedRaftLogWorker.java:startLogSegment(385)) - 50423279-f647-4a18-8e85-347d68eaf856@group-B2671EB745D2-SegmentedRaftLogWorker: Starting segment from index:0
2019-10-15 16:11:31,464 [25d6372c-77fd-4a39-ac2a-e48debad48df@group-B2671EB745D2-LeaderElection8] INFO  impl.LeaderElection (LeaderElection.java:logAndReturn(56)) - 25d6372c-77fd-4a39-ac2a-e48debad48df@group-B2671EB745D2-LeaderElection8: Election TIMEOUT; received 0 response(s) [] and 0 exception(s); 25d6372c-77fd-4a39-ac2a-e48debad48df@group-B2671EB745D2:t3, leader=null, voted=25d6372c-77fd-4a39-ac2a-e48debad48df, raftlog=25d6372c-77fd-4a39-ac2a-e48debad48df@group-B2671EB745D2-SegmentedRaftLog:OPENED:c-1,f-1,i0, conf=-1: [50423279-f647-4a18-8e85-347d68eaf856:192.168.69.88:39583, 2ec85f63-33fb-4317-9145-71357d145af9:192.168.69.88:42357, 25d6372c-77fd-4a39-ac2a-e48debad48df:192.168.69.88:39591], old=null
2019-10-15 16:11:31,464 [50423279-f647-4a18-8e85-347d68eaf856@group-B2671EB745D2-LeaderElection7] INFO  impl.RaftServerImpl (ServerState.java:setRaftConf(357)) - 50423279-f647-4a18-8e85-347d68eaf856@group-B2671EB745D2: set configuration 0: [50423279-f647-4a18-8e85-347d68eaf856:192.168.69.88:39583, 2ec85f63-33fb-4317-9145-71357d145af9:192.168.69.88:42357, 25d6372c-77fd-4a39-ac2a-e48debad48df:192.168.69.88:39591], old=null at 0
2019-10-15 16:11:31,469 [50423279-f647-4a18-8e85-347d68eaf856@group-B2671EB745D2-SegmentedRaftLogWorker] INFO  segmented.SegmentedRaftLogWorker (SegmentedRaftLogWorker.java:execute(576)) - 50423279-f647-4a18-8e85-347d68eaf856@group-B2671EB745D2-SegmentedRaftLogWorker: created new log segment /workdir/hadoop-ozone/integration-test/target/test-dir/MiniOzoneClusterImpl-071139da-cec0-4bc6-bd27-be6b85e7151a/datanode-1/data/ratis/ebadf54c-eaad-41cd-815a-b2671eb745d2/current/log_inprogress_0
2019-10-15 16:11:31,469 [25d6372c-77fd-4a39-ac2a-e48debad48df@group-B2671EB745D2-LeaderElection8] INFO  impl.LeaderElection (LeaderElection.java:askForVotes(178)) - 25d6372c-77fd-4a39-ac2a-e48debad48df@group-B2671EB745D2-LeaderElection8: begin an election at term 4 for -1: [50423279-f647-4a18-8e85-347d68eaf856:192.168.69.88:39583, 2ec85f63-33fb-4317-9145-71357d145af9:192.168.69.88:42357, 25d6372c-77fd-4a39-ac2a-e48debad48df:192.168.69.88:39591], old=null
2019-10-15 16:11:31,471 [grpc-default-executor-0] INFO  server.GrpcServerProtocolService (GrpcServerProtocolService.java:onCompleted(113)) - 50423279-f647-4a18-8e85-347d68eaf856: Completed APPEND_ENTRIES, lastRequest: null
2019-10-15 16:11:31,471 [grpc-default-executor-2] INFO  server.GrpcServerProtocolService (GrpcServerProtocolService.java:onCompleted(113)) - 25d6372c-77fd-4a39-ac2a-e48debad48df: Completed APPEND_ENTRIES, lastRequest: null
2019-10-15 16:11:31,476 [grpc-default-executor-2] INFO  server.GrpcLogAppender (GrpcLogAppender.java:onCompleted(308)) - 2ec85f63-33fb-4317-9145-71357d145af9@group-B2671EB745D2->25d6372c-77fd-4a39-ac2a-e48debad48df-AppendLogResponseHandler: follower responses appendEntries COMPLETED
2019-10-15 16:11:31,481 [grpc-default-executor-3] INFO  server.GrpcLogAppender (GrpcLogAppender.java:onCompleted(308)) - 2ec85f63-33fb-4317-9145-71357d145af9@group-B2671EB745D2->50423279-f647-4a18-8e85-347d68eaf856-AppendLogResponseHandler: follower responses appendEntries COMPLETED
2019-10-15 16:11:31,484 [grpc-default-executor-0] INFO  impl.RaftServerImpl (ServerState.java:setLeader(256)) - 2ec85f63-33fb-4317-9145-71357d145af9@group-B2671EB745D2: change Leader from null to 50423279-f647-4a18-8e85-347d68eaf856 at term 2 for appendEntries, leader elected after 58ms
2019-10-15 16:11:31,484 [grpc-default-executor-2] INFO  impl.FollowerInfo (FollowerInfo.java:lambda$new$0(51)) - 2ec85f63-33fb-4317-9145-71357d145af9@group-B2671EB745D2->25d6372c-77fd-4a39-ac2a-e48debad48df: nextIndex: updateUnconditionally 0 -> 0
2019-10-15 16:11:31,484 [grpc-default-executor-4] INFO  impl.RaftServerImpl (ServerState.java:setLeader(256)) - 50423279-f647-4a18-8e85-347d68eaf856@group-B2671EB745D2: change Leader from 50423279-f647-4a18-8e85-347d68eaf856 to null at term 3 for updateCurrentTerm
2019-10-15 16:11:31,485 [grpc-default-executor-4] INFO  impl.RaftServerImpl (RaftServerImpl.java:setRole(184)) - 50423279-f647-4a18-8e85-347d68eaf856@group-B2671EB745D2: changes role from    LEADER to FOLLOWER at term 3 for recognizeCandidate:25d6372c-77fd-4a39-ac2a-e48debad48df
2019-10-15 16:11:31,485 [grpc-default-executor-4] INFO  impl.RoleInfo (RoleInfo.java:shutdownLeaderState(104)) - 50423279-f647-4a18-8e85-347d68eaf856: shutdown LeaderState
2019-10-15 16:11:31,485 [grpc-default-executor-3] INFO  impl.FollowerInfo (FollowerInfo.java:lambda$new$0(51)) - 2ec85f63-33fb-4317-9145-71357d145af9@group-B2671EB745D2->50423279-f647-4a18-8e85-347d68eaf856: nextIndex: updateUnconditionally 0 -> 0
2019-10-15 16:11:31,487 [grpc-default-executor-4] INFO  impl.PendingRequests (PendingRequests.java:sendNotLeaderResponses(202)) - 50423279-f647-4a18-8e85-347d68eaf856@group-B2671EB745D2-PendingRequests: sendNotLeaderResponses
2019-10-15 16:11:31,487 [org.apache.ratis.server.impl.LogAppender$AppenderDaemon$$Lambda$397/1106471027@2243de80] WARN  server.GrpcLogAppender (GrpcLogAppender.java:mayWait(149)) - 50423279-f647-4a18-8e85-347d68eaf856@group-B2671EB745D2->2ec85f63-33fb-4317-9145-71357d145af9-GrpcLogAppender: Wait interrupted by java.lang.InterruptedException
2019-10-15 16:11:31,487 [org.apache.ratis.server.impl.LogAppender$AppenderDaemon$$Lambda$397/1106471027@132bd818] WARN  server.GrpcLogAppender (GrpcLogAppender.java:mayWait(149)) - 50423279-f647-4a18-8e85-347d68eaf856@group-B2671EB745D2->25d6372c-77fd-4a39-ac2a-e48debad48df-GrpcLogAppender: Wait interrupted by java.lang.InterruptedException
2019-10-15 16:11:31,488 [grpc-default-executor-4] INFO  impl.RoleInfo (RoleInfo.java:updateAndGet(143)) - 50423279-f647-4a18-8e85-347d68eaf856: start FollowerState
2019-10-15 16:11:31,488 [grpc-default-executor-6] INFO  impl.RaftServerImpl (ServerState.java:setLeader(256)) - 2ec85f63-33fb-4317-9145-71357d145af9@group-B2671EB745D2: change Leader from 50423279-f647-4a18-8e85-347d68eaf856 to null at term 3 for updateCurrentTerm
2019-10-15 16:11:31,489 [grpc-default-executor-6] INFO  impl.RaftServerImpl (RaftServerImpl.java:setRole(184)) - 2ec85f63-33fb-4317-9145-71357d145af9@group-B2671EB745D2: changes role from  FOLLOWER to FOLLOWER at term 3 for recognizeCandidate:25d6372c-77fd-4a39-ac2a-e48debad48df
2019-10-15 16:11:31,490 [grpc-default-executor-6] INFO  impl.RoleInfo (RoleInfo.java:shutdownFollowerState(121)) - 2ec85f63-33fb-4317-9145-71357d145af9: shutdown FollowerState
2019-10-15 16:11:31,491 [grpc-default-executor-6] INFO  impl.RoleInfo (RoleInfo.java:updateAndGet(143)) - 2ec85f63-33fb-4317-9145-71357d145af9: start FollowerState
2019-10-15 16:11:31,491 [Thread-246] INFO  impl.FollowerState (FollowerState.java:run(117)) - 2ec85f63-33fb-4317-9145-71357d145af9@group-B2671EB745D2-FollowerState was interrupted: java.lang.InterruptedException: sleep interrupted
2019-10-15 16:11:31,492 [grpc-default-executor-1] INFO  server.GrpcServerProtocolService (GrpcServerProtocolService.java:onCompleted(113)) - 25d6372c-77fd-4a39-ac2a-e48debad48df: Completed APPEND_ENTRIES, lastRequest: 50423279-f647-4a18-8e85-347d68eaf856->25d6372c-77fd-4a39-ac2a-e48debad48df#0-t2, previous=(t:0, i:0), leaderCommit=-1, initializing? false, entries: <empty>
2019-10-15 16:11:31,504 [grpc-default-executor-2] INFO  impl.RaftServerImpl (RaftServerImpl.java:setRole(184)) - 2ec85f63-33fb-4317-9145-71357d145af9@group-B2671EB745D2: changes role from  FOLLOWER to FOLLOWER at term 4 for recognizeCandidate:25d6372c-77fd-4a39-ac2a-e48debad48df
2019-10-15 16:11:31,504 [grpc-default-executor-1] INFO  server.GrpcLogAppender (GrpcLogAppender.java:onCompleted(308)) - 50423279-f647-4a18-8e85-347d68eaf856@group-B2671EB745D2->25d6372c-77fd-4a39-ac2a-e48debad48df-AppendLogResponseHandler: follower responses appendEntries COMPLETED
2019-10-15 16:11:31,504 [grpc-default-executor-5] INFO  impl.RaftServerImpl (RaftServerImpl.java:setRole(184)) - 50423279-f647-4a18-8e85-347d68eaf856@group-B2671EB745D2: changes role from  FOLLOWER to FOLLOWER at term 4 for recognizeCandidate:25d6372c-77fd-4a39-ac2a-e48debad48df
2019-10-15 16:11:31,504 [grpc-default-executor-2] INFO  impl.RoleInfo (RoleInfo.java:shutdownFollowerState(121)) - 2ec85f63-33fb-4317-9145-71357d145af9: shutdown FollowerState
2019-10-15 16:11:31,505 [grpc-default-executor-5] INFO  impl.RoleInfo (RoleInfo.java:shutdownFollowerState(121)) - 50423279-f647-4a18-8e85-347d68eaf856: shutdown FollowerState
2019-10-15 16:11:31,505 [Thread-255] INFO  impl.FollowerState (FollowerState.java:run(117)) - 2ec85f63-33fb-4317-9145-71357d145af9@group-B2671EB745D2-FollowerState was interrupted: java.lang.InterruptedException: sleep interrupted
2019-10-15 16:11:31,505 [grpc-default-executor-0] INFO  server.GrpcServerProtocolService (GrpcServerProtocolService.java:onCompleted(113)) - 2ec85f63-33fb-4317-9145-71357d145af9: Completed APPEND_ENTRIES, lastRequest: 50423279-f647-4a18-8e85-347d68eaf856->2ec85f63-33fb-4317-9145-71357d145af9#0-t2, previous=(t:0, i:0), leaderCommit=-1, initializing? false, entries: <empty>
2019-10-15 16:11:31,506 [Thread-253] INFO  impl.FollowerState (FollowerState.java:run(117)) - 50423279-f647-4a18-8e85-347d68eaf856@group-B2671EB745D2-FollowerState was interrupted: java.lang.InterruptedException: sleep interrupted
2019-10-15 16:11:31,506 [grpc-default-executor-5] INFO  impl.RoleInfo (RoleInfo.java:updateAndGet(143)) - 50423279-f647-4a18-8e85-347d68eaf856: start FollowerState
2019-10-15 16:11:31,506 [grpc-default-executor-2] INFO  impl.RoleInfo (RoleInfo.java:updateAndGet(143)) - 2ec85f63-33fb-4317-9145-71357d145af9: start FollowerState
2019-10-15 16:11:31,508 [grpc-default-executor-1] INFO  impl.FollowerInfo (FollowerInfo.java:lambda$new$0(51)) - 50423279-f647-4a18-8e85-347d68eaf856@group-B2671EB745D2->25d6372c-77fd-4a39-ac2a-e48debad48df: nextIndex: updateUnconditionally 0 -> 0
2019-10-15 16:11:31,516 [grpc-default-executor-0] INFO  server.GrpcLogAppender (GrpcLogAppender.java:onCompleted(308)) - 50423279-f647-4a18-8e85-347d68eaf856@group-B2671EB745D2->2ec85f63-33fb-4317-9145-71357d145af9-AppendLogResponseHandler: follower responses appendEntries COMPLETED
2019-10-15 16:11:31,518 [grpc-default-executor-0] INFO  impl.FollowerInfo (FollowerInfo.java:lambda$new$0(51)) - 50423279-f647-4a18-8e85-347d68eaf856@group-B2671EB745D2->2ec85f63-33fb-4317-9145-71357d145af9: nextIndex: updateUnconditionally 0 -> 0
2019-10-15 16:11:31,528 [25d6372c-77fd-4a39-ac2a-e48debad48df@group-B2671EB745D2-LeaderElection8] INFO  impl.LeaderElection (LeaderElection.java:logAndReturn(56)) - 25d6372c-77fd-4a39-ac2a-e48debad48df@group-B2671EB745D2-LeaderElection8: Election REJECTED; received 2 response(s) [25d6372c-77fd-4a39-ac2a-e48debad48df<-2ec85f63-33fb-4317-9145-71357d145af9#0:FAIL-t4, 25d6372c-77fd-4a39-ac2a-e48debad48df<-50423279-f647-4a18-8e85-347d68eaf856#0:FAIL-t4] and 0 exception(s); 25d6372c-77fd-4a39-ac2a-e48debad48df@group-B2671EB745D2:t4, leader=null, voted=25d6372c-77fd-4a39-ac2a-e48debad48df, raftlog=25d6372c-77fd-4a39-ac2a-e48debad48df@group-B2671EB745D2-SegmentedRaftLog:OPENED:c-1,f-1,i0, conf=-1: [50423279-f647-4a18-8e85-347d68eaf856:192.168.69.88:39583, 2ec85f63-33fb-4317-9145-71357d145af9:192.168.69.88:42357, 25d6372c-77fd-4a39-ac2a-e48debad48df:192.168.69.88:39591], old=null
2019-10-15 16:11:31,529 [25d6372c-77fd-4a39-ac2a-e48debad48df@group-B2671EB745D2-LeaderElection8] INFO  impl.RaftServerImpl (RaftServerImpl.java:setRole(184)) - 25d6372c-77fd-4a39-ac2a-e48debad48df@group-B2671EB745D2: changes role from CANDIDATE to FOLLOWER at term 4 for DISCOVERED_A_NEW_TERM
2019-10-15 16:11:31,531 [25d6372c-77fd-4a39-ac2a-e48debad48df@group-B2671EB745D2-LeaderElection8] INFO  impl.RoleInfo (RoleInfo.java:shutdownLeaderElection(134)) - 25d6372c-77fd-4a39-ac2a-e48debad48df: shutdown LeaderElection
2019-10-15 16:11:31,532 [25d6372c-77fd-4a39-ac2a-e48debad48df@group-B2671EB745D2-LeaderElection8] INFO  impl.RoleInfo (RoleInfo.java:updateAndGet(143)) - 25d6372c-77fd-4a39-ac2a-e48debad48df: start FollowerState
2019-10-15 16:11:31,625 [main] INFO  ozone.MiniOzoneClusterImpl (MiniOzoneClusterImpl.java:lambda$waitForClusterToBeReady$0(147)) - Cluster is ready. Got 4 of 4 DN Heartbeats.
2019-10-15 16:11:31,681 [Thread-258] INFO  impl.FollowerState (FollowerState.java:run(108)) - 25d6372c-77fd-4a39-ac2a-e48debad48df@group-B2671EB745D2-FollowerState: change to CANDIDATE, lastRpcTime:148ms, electionTimeout:146ms
2019-10-15 16:11:31,681 [Thread-258] INFO  impl.RoleInfo (RoleInfo.java:shutdownFollowerState(121)) - 25d6372c-77fd-4a39-ac2a-e48debad48df: shutdown FollowerState
2019-10-15 16:11:31,681 [Thread-258] INFO  impl.RaftServerImpl (RaftServerImpl.java:setRole(184)) - 25d6372c-77fd-4a39-ac2a-e48debad48df@group-B2671EB745D2: changes role from  FOLLOWER to CANDIDATE at term 4 for changeToCandidate
2019-10-15 16:11:31,681 [Thread-258] INFO  impl.RoleInfo (RoleInfo.java:updateAndGet(143)) - 25d6372c-77fd-4a39-ac2a-e48debad48df: start LeaderElection
2019-10-15 16:11:31,695 [25d6372c-77fd-4a39-ac2a-e48debad48df@group-B2671EB745D2-LeaderElection9] INFO  impl.LeaderElection (LeaderElection.java:askForVotes(178)) - 25d6372c-77fd-4a39-ac2a-e48debad48df@group-B2671EB745D2-LeaderElection9: begin an election at term 5 for -1: [50423279-f647-4a18-8e85-347d68eaf856:192.168.69.88:39583, 2ec85f63-33fb-4317-9145-71357d145af9:192.168.69.88:42357, 25d6372c-77fd-4a39-ac2a-e48debad48df:192.168.69.88:39591], old=null
2019-10-15 16:11:31,701 [grpc-default-executor-2] INFO  impl.RaftServerImpl (RaftServerImpl.java:setRole(184)) - 2ec85f63-33fb-4317-9145-71357d145af9@group-B2671EB745D2: changes role from  FOLLOWER to FOLLOWER at term 5 for recognizeCandidate:25d6372c-77fd-4a39-ac2a-e48debad48df
2019-10-15 16:11:31,701 [grpc-default-executor-2] INFO  impl.RoleInfo (RoleInfo.java:shutdownFollowerState(121)) - 2ec85f63-33fb-4317-9145-71357d145af9: shutdown FollowerState
2019-10-15 16:11:31,701 [grpc-default-executor-5] INFO  impl.RaftServerImpl (RaftServerImpl.java:setRole(184)) - 50423279-f647-4a18-8e85-347d68eaf856@group-B2671EB745D2: changes role from  FOLLOWER to FOLLOWER at term 5 for recognizeCandidate:25d6372c-77fd-4a39-ac2a-e48debad48df
2019-10-15 16:11:31,701 [grpc-default-executor-2] INFO  impl.RoleInfo (RoleInfo.java:updateAndGet(143)) - 2ec85f63-33fb-4317-9145-71357d145af9: start FollowerState
2019-10-15 16:11:31,701 [Thread-256] INFO  impl.FollowerState (FollowerState.java:run(117)) - 2ec85f63-33fb-4317-9145-71357d145af9@group-B2671EB745D2-FollowerState was interrupted: java.lang.InterruptedException: sleep interrupted
2019-10-15 16:11:31,701 [grpc-default-executor-5] INFO  impl.RoleInfo (RoleInfo.java:shutdownFollowerState(121)) - 50423279-f647-4a18-8e85-347d68eaf856: shutdown FollowerState
2019-10-15 16:11:31,702 [Thread-257] INFO  impl.FollowerState (FollowerState.java:run(117)) - 50423279-f647-4a18-8e85-347d68eaf856@group-B2671EB745D2-FollowerState was interrupted: java.lang.InterruptedException: sleep interrupted
2019-10-15 16:11:31,702 [grpc-default-executor-5] INFO  impl.RoleInfo (RoleInfo.java:updateAndGet(143)) - 50423279-f647-4a18-8e85-347d68eaf856: start FollowerState
2019-10-15 16:11:31,710 [25d6372c-77fd-4a39-ac2a-e48debad48df@group-B2671EB745D2-LeaderElection9] INFO  impl.LeaderElection (LeaderElection.java:logAndReturn(56)) - 25d6372c-77fd-4a39-ac2a-e48debad48df@group-B2671EB745D2-LeaderElection9: Election REJECTED; received 2 response(s) [25d6372c-77fd-4a39-ac2a-e48debad48df<-2ec85f63-33fb-4317-9145-71357d145af9#0:FAIL-t5, 25d6372c-77fd-4a39-ac2a-e48debad48df<-50423279-f647-4a18-8e85-347d68eaf856#0:FAIL-t5] and 0 exception(s); 25d6372c-77fd-4a39-ac2a-e48debad48df@group-B2671EB745D2:t5, leader=null, voted=25d6372c-77fd-4a39-ac2a-e48debad48df, raftlog=25d6372c-77fd-4a39-ac2a-e48debad48df@group-B2671EB745D2-SegmentedRaftLog:OPENED:c-1,f-1,i0, conf=-1: [50423279-f647-4a18-8e85-347d68eaf856:192.168.69.88:39583, 2ec85f63-33fb-4317-9145-71357d145af9:192.168.69.88:42357, 25d6372c-77fd-4a39-ac2a-e48debad48df:192.168.69.88:39591], old=null
2019-10-15 16:11:31,710 [25d6372c-77fd-4a39-ac2a-e48debad48df@group-B2671EB745D2-LeaderElection9] INFO  impl.RaftServerImpl (RaftServerImpl.java:setRole(184)) - 25d6372c-77fd-4a39-ac2a-e48debad48df@group-B2671EB745D2: changes role from CANDIDATE to FOLLOWER at term 5 for DISCOVERED_A_NEW_TERM
2019-10-15 16:11:31,710 [25d6372c-77fd-4a39-ac2a-e48debad48df@group-B2671EB745D2-LeaderElection9] INFO  impl.RoleInfo (RoleInfo.java:shutdownLeaderElection(134)) - 25d6372c-77fd-4a39-ac2a-e48debad48df: shutdown LeaderElection
2019-10-15 16:11:31,711 [25d6372c-77fd-4a39-ac2a-e48debad48df@group-B2671EB745D2-LeaderElection9] INFO  impl.RoleInfo (RoleInfo.java:updateAndGet(143)) - 25d6372c-77fd-4a39-ac2a-e48debad48df: start FollowerState
2019-10-15 16:11:31,743 [Thread-264] INFO  impl.FollowerState (FollowerState.java:run(108)) - 25d6372c-77fd-4a39-ac2a-e48debad48df@group-B2671EB745D2-FollowerState: change to CANDIDATE, lastRpcTime:31ms, electionTimeout:31ms
2019-10-15 16:11:31,744 [Thread-264] INFO  impl.RoleInfo (RoleInfo.java:shutdownFollowerState(121)) - 25d6372c-77fd-4a39-ac2a-e48debad48df: shutdown FollowerState
2019-10-15 16:11:31,744 [Thread-264] INFO  impl.RaftServerImpl (RaftServerImpl.java:setRole(184)) - 25d6372c-77fd-4a39-ac2a-e48debad48df@group-B2671EB745D2: changes role from  FOLLOWER to CANDIDATE at term 5 for changeToCandidate
2019-10-15 16:11:31,744 [Thread-264] INFO  impl.RoleInfo (RoleInfo.java:updateAndGet(143)) - 25d6372c-77fd-4a39-ac2a-e48debad48df: start LeaderElection
2019-10-15 16:11:31,759 [25d6372c-77fd-4a39-ac2a-e48debad48df@group-B2671EB745D2-LeaderElection10] INFO  impl.LeaderElection (LeaderElection.java:askForVotes(178)) - 25d6372c-77fd-4a39-ac2a-e48debad48df@group-B2671EB745D2-LeaderElection10: begin an election at term 6 for -1: [50423279-f647-4a18-8e85-347d68eaf856:192.168.69.88:39583, 2ec85f63-33fb-4317-9145-71357d145af9:192.168.69.88:42357, 25d6372c-77fd-4a39-ac2a-e48debad48df:192.168.69.88:39591], old=null
2019-10-15 16:11:31,767 [grpc-default-executor-5] INFO  impl.RaftServerImpl (RaftServerImpl.java:setRole(184)) - 50423279-f647-4a18-8e85-347d68eaf856@group-B2671EB745D2: changes role from  FOLLOWER to FOLLOWER at term 6 for recognizeCandidate:25d6372c-77fd-4a39-ac2a-e48debad48df
2019-10-15 16:11:31,767 [grpc-default-executor-2] INFO  impl.RaftServerImpl (RaftServerImpl.java:setRole(184)) - 2ec85f63-33fb-4317-9145-71357d145af9@group-B2671EB745D2: changes role from  FOLLOWER to FOLLOWER at term 6 for recognizeCandidate:25d6372c-77fd-4a39-ac2a-e48debad48df
2019-10-15 16:11:31,767 [grpc-default-executor-5] INFO  impl.RoleInfo (RoleInfo.java:shutdownFollowerState(121)) - 50423279-f647-4a18-8e85-347d68eaf856: shutdown FollowerState
2019-10-15 16:11:31,767 [grpc-default-executor-2] INFO  impl.RoleInfo (RoleInfo.java:shutdownFollowerState(121)) - 2ec85f63-33fb-4317-9145-71357d145af9: shutdown FollowerState
2019-10-15 16:11:31,768 [Thread-263] INFO  impl.FollowerState (FollowerState.java:run(117)) - 50423279-f647-4a18-8e85-347d68eaf856@group-B2671EB745D2-FollowerState was interrupted: java.lang.InterruptedException: sleep interrupted
2019-10-15 16:11:31,768 [grpc-default-executor-5] INFO  impl.RoleInfo (RoleInfo.java:updateAndGet(143)) - 50423279-f647-4a18-8e85-347d68eaf856: start FollowerState
2019-10-15 16:11:31,768 [grpc-default-executor-2] INFO  impl.RoleInfo (RoleInfo.java:updateAndGet(143)) - 2ec85f63-33fb-4317-9145-71357d145af9: start FollowerState
2019-10-15 16:11:31,768 [Thread-262] INFO  impl.FollowerState (FollowerState.java:run(117)) - 2ec85f63-33fb-4317-9145-71357d145af9@group-B2671EB745D2-FollowerState was interrupted: java.lang.InterruptedException: sleep interrupted
2019-10-15 16:11:31,785 [25d6372c-77fd-4a39-ac2a-e48debad48df@group-B2671EB745D2-LeaderElection10] INFO  impl.LeaderElection (LeaderElection.java:logAndReturn(56)) - 25d6372c-77fd-4a39-ac2a-e48debad48df@group-B2671EB745D2-LeaderElection10: Election REJECTED; received 2 response(s) [25d6372c-77fd-4a39-ac2a-e48debad48df<-50423279-f647-4a18-8e85-347d68eaf856#0:FAIL-t6, 25d6372c-77fd-4a39-ac2a-e48debad48df<-2ec85f63-33fb-4317-9145-71357d145af9#0:FAIL-t6] and 0 exception(s); 25d6372c-77fd-4a39-ac2a-e48debad48df@group-B2671EB745D2:t6, leader=null, voted=25d6372c-77fd-4a39-ac2a-e48debad48df, raftlog=25d6372c-77fd-4a39-ac2a-e48debad48df@group-B2671EB745D2-SegmentedRaftLog:OPENED:c-1,f-1,i0, conf=-1: [50423279-f647-4a18-8e85-347d68eaf856:192.168.69.88:39583, 2ec85f63-33fb-4317-9145-71357d145af9:192.168.69.88:42357, 25d6372c-77fd-4a39-ac2a-e48debad48df:192.168.69.88:39591], old=null
2019-10-15 16:11:31,785 [25d6372c-77fd-4a39-ac2a-e48debad48df@group-B2671EB745D2-LeaderElection10] INFO  impl.RaftServerImpl (RaftServerImpl.java:setRole(184)) - 25d6372c-77fd-4a39-ac2a-e48debad48df@group-B2671EB745D2: changes role from CANDIDATE to FOLLOWER at term 6 for DISCOVERED_A_NEW_TERM
2019-10-15 16:11:31,786 [25d6372c-77fd-4a39-ac2a-e48debad48df@group-B2671EB745D2-LeaderElection10] INFO  impl.RoleInfo (RoleInfo.java:shutdownLeaderElection(134)) - 25d6372c-77fd-4a39-ac2a-e48debad48df: shutdown LeaderElection
2019-10-15 16:11:31,787 [25d6372c-77fd-4a39-ac2a-e48debad48df@group-B2671EB745D2-LeaderElection10] INFO  impl.RoleInfo (RoleInfo.java:updateAndGet(143)) - 25d6372c-77fd-4a39-ac2a-e48debad48df: start FollowerState
2019-10-15 16:11:31,943 [Thread-270] INFO  impl.FollowerState (FollowerState.java:run(108)) - 25d6372c-77fd-4a39-ac2a-e48debad48df@group-B2671EB745D2-FollowerState: change to CANDIDATE, lastRpcTime:155ms, electionTimeout:155ms
2019-10-15 16:11:31,945 [Thread-270] INFO  impl.RoleInfo (RoleInfo.java:shutdownFollowerState(121)) - 25d6372c-77fd-4a39-ac2a-e48debad48df: shutdown FollowerState
2019-10-15 16:11:31,945 [Thread-270] INFO  impl.RaftServerImpl (RaftServerImpl.java:setRole(184)) - 25d6372c-77fd-4a39-ac2a-e48debad48df@group-B2671EB745D2: changes role from  FOLLOWER to CANDIDATE at term 6 for changeToCandidate
2019-10-15 16:11:31,945 [Thread-270] INFO  impl.RoleInfo (RoleInfo.java:updateAndGet(143)) - 25d6372c-77fd-4a39-ac2a-e48debad48df: start LeaderElection
2019-10-15 16:11:31,953 [25d6372c-77fd-4a39-ac2a-e48debad48df@group-B2671EB745D2-LeaderElection11] INFO  impl.LeaderElection (LeaderElection.java:askForVotes(178)) - 25d6372c-77fd-4a39-ac2a-e48debad48df@group-B2671EB745D2-LeaderElection11: begin an election at term 7 for -1: [50423279-f647-4a18-8e85-347d68eaf856:192.168.69.88:39583, 2ec85f63-33fb-4317-9145-71357d145af9:192.168.69.88:42357, 25d6372c-77fd-4a39-ac2a-e48debad48df:192.168.69.88:39591], old=null
2019-10-15 16:11:31,961 [grpc-default-executor-2] INFO  impl.RaftServerImpl (RaftServerImpl.java:setRole(184)) - 50423279-f647-4a18-8e85-347d68eaf856@group-B2671EB745D2: changes role from  FOLLOWER to FOLLOWER at term 7 for recognizeCandidate:25d6372c-77fd-4a39-ac2a-e48debad48df
2019-10-15 16:11:31,961 [grpc-default-executor-5] INFO  impl.RaftServerImpl (RaftServerImpl.java:setRole(184)) - 2ec85f63-33fb-4317-9145-71357d145af9@group-B2671EB745D2: changes role from  FOLLOWER to FOLLOWER at term 7 for recognizeCandidate:25d6372c-77fd-4a39-ac2a-e48debad48df
2019-10-15 16:11:31,961 [grpc-default-executor-2] INFO  impl.RoleInfo (RoleInfo.java:shutdownFollowerState(121)) - 50423279-f647-4a18-8e85-347d68eaf856: shutdown FollowerState
2019-10-15 16:11:31,961 [grpc-default-executor-5] INFO  impl.RoleInfo (RoleInfo.java:shutdownFollowerState(121)) - 2ec85f63-33fb-4317-9145-71357d145af9: shutdown FollowerState
2019-10-15 16:11:31,962 [grpc-default-executor-2] INFO  impl.RoleInfo (RoleInfo.java:updateAndGet(143)) - 50423279-f647-4a18-8e85-347d68eaf856: start FollowerState
2019-10-15 16:11:31,962 [Thread-268] INFO  impl.FollowerState (FollowerState.java:run(117)) - 50423279-f647-4a18-8e85-347d68eaf856@group-B2671EB745D2-FollowerState was interrupted: java.lang.InterruptedException: sleep interrupted
2019-10-15 16:11:31,962 [Thread-269] INFO  impl.FollowerState (FollowerState.java:run(117)) - 2ec85f63-33fb-4317-9145-71357d145af9@group-B2671EB745D2-FollowerState was interrupted: java.lang.InterruptedException: sleep interrupted
2019-10-15 16:11:31,962 [grpc-default-executor-5] INFO  impl.RoleInfo (RoleInfo.java:updateAndGet(143)) - 2ec85f63-33fb-4317-9145-71357d145af9: start FollowerState
2019-10-15 16:11:31,973 [25d6372c-77fd-4a39-ac2a-e48debad48df@group-B2671EB745D2-LeaderElection11] INFO  impl.LeaderElection (LeaderElection.java:logAndReturn(56)) - 25d6372c-77fd-4a39-ac2a-e48debad48df@group-B2671EB745D2-LeaderElection11: Election REJECTED; received 2 response(s) [25d6372c-77fd-4a39-ac2a-e48debad48df<-2ec85f63-33fb-4317-9145-71357d145af9#0:FAIL-t7, 25d6372c-77fd-4a39-ac2a-e48debad48df<-50423279-f647-4a18-8e85-347d68eaf856#0:FAIL-t7] and 0 exception(s); 25d6372c-77fd-4a39-ac2a-e48debad48df@group-B2671EB745D2:t7, leader=null, voted=25d6372c-77fd-4a39-ac2a-e48debad48df, raftlog=25d6372c-77fd-4a39-ac2a-e48debad48df@group-B2671EB745D2-SegmentedRaftLog:OPENED:c-1,f-1,i0, conf=-1: [50423279-f647-4a18-8e85-347d68eaf856:192.168.69.88:39583, 2ec85f63-33fb-4317-9145-71357d145af9:192.168.69.88:42357, 25d6372c-77fd-4a39-ac2a-e48debad48df:192.168.69.88:39591], old=null
2019-10-15 16:11:31,973 [25d6372c-77fd-4a39-ac2a-e48debad48df@group-B2671EB745D2-LeaderElection11] INFO  impl.RaftServerImpl (RaftServerImpl.java:setRole(184)) - 25d6372c-77fd-4a39-ac2a-e48debad48df@group-B2671EB745D2: changes role from CANDIDATE to FOLLOWER at term 7 for DISCOVERED_A_NEW_TERM
2019-10-15 16:11:31,978 [25d6372c-77fd-4a39-ac2a-e48debad48df@group-B2671EB745D2-LeaderElection11] INFO  impl.RoleInfo (RoleInfo.java:shutdownLeaderElection(134)) - 25d6372c-77fd-4a39-ac2a-e48debad48df: shutdown LeaderElection
2019-10-15 16:11:31,978 [25d6372c-77fd-4a39-ac2a-e48debad48df@group-B2671EB745D2-LeaderElection11] INFO  impl.RoleInfo (RoleInfo.java:updateAndGet(143)) - 25d6372c-77fd-4a39-ac2a-e48debad48df: start FollowerState
2019-10-15 16:11:32,129 [Thread-277] INFO  impl.FollowerState (FollowerState.java:run(108)) - 25d6372c-77fd-4a39-ac2a-e48debad48df@group-B2671EB745D2-FollowerState: change to CANDIDATE, lastRpcTime:150ms, electionTimeout:148ms
2019-10-15 16:11:32,413 [Thread-277] INFO  impl.RoleInfo (RoleInfo.java:shutdownFollowerState(121)) - 25d6372c-77fd-4a39-ac2a-e48debad48df: shutdown FollowerState
2019-10-15 16:11:32,413 [Thread-277] INFO  impl.RaftServerImpl (RaftServerImpl.java:setRole(184)) - 25d6372c-77fd-4a39-ac2a-e48debad48df@group-B2671EB745D2: changes role from  FOLLOWER to CANDIDATE at term 7 for changeToCandidate
2019-10-15 16:11:32,413 [Thread-277] INFO  impl.RoleInfo (RoleInfo.java:updateAndGet(143)) - 25d6372c-77fd-4a39-ac2a-e48debad48df: start LeaderElection
2019-10-15 16:11:32,435 [25d6372c-77fd-4a39-ac2a-e48debad48df@group-B2671EB745D2-LeaderElection12] INFO  impl.LeaderElection (LeaderElection.java:askForVotes(178)) - 25d6372c-77fd-4a39-ac2a-e48debad48df@group-B2671EB745D2-LeaderElection12: begin an election at term 8 for -1: [50423279-f647-4a18-8e85-347d68eaf856:192.168.69.88:39583, 2ec85f63-33fb-4317-9145-71357d145af9:192.168.69.88:42357, 25d6372c-77fd-4a39-ac2a-e48debad48df:192.168.69.88:39591], old=null
2019-10-15 16:11:32,459 [grpc-default-executor-5] INFO  impl.RaftServerImpl (RaftServerImpl.java:setRole(184)) - 50423279-f647-4a18-8e85-347d68eaf856@group-B2671EB745D2: changes role from  FOLLOWER to FOLLOWER at term 8 for recognizeCandidate:25d6372c-77fd-4a39-ac2a-e48debad48df
2019-10-15 16:11:32,459 [grpc-default-executor-2] INFO  impl.RaftServerImpl (RaftServerImpl.java:setRole(184)) - 2ec85f63-33fb-4317-9145-71357d145af9@group-B2671EB745D2: changes role from  FOLLOWER to FOLLOWER at term 8 for recognizeCandidate:25d6372c-77fd-4a39-ac2a-e48debad48df
2019-10-15 16:11:32,460 [grpc-default-executor-5] INFO  impl.RoleInfo (RoleInfo.java:shutdownFollowerState(121)) - 50423279-f647-4a18-8e85-347d68eaf856: shutdown FollowerState
2019-10-15 16:11:32,460 [grpc-default-executor-2] INFO  impl.RoleInfo (RoleInfo.java:shutdownFollowerState(121)) - 2ec85f63-33fb-4317-9145-71357d145af9: shutdown FollowerState
2019-10-15 16:11:32,460 [Thread-274] INFO  impl.FollowerState (FollowerState.java:run(117)) - 50423279-f647-4a18-8e85-347d68eaf856@group-B2671EB745D2-FollowerState was interrupted: java.lang.InterruptedException: sleep interrupted
2019-10-15 16:11:32,460 [grpc-default-executor-5] INFO  impl.RoleInfo (RoleInfo.java:updateAndGet(143)) - 50423279-f647-4a18-8e85-347d68eaf856: start FollowerState
2019-10-15 16:11:32,460 [grpc-default-executor-2] INFO  impl.RoleInfo (RoleInfo.java:updateAndGet(143)) - 2ec85f63-33fb-4317-9145-71357d145af9: start FollowerState
2019-10-15 16:11:32,460 [Thread-275] INFO  impl.FollowerState (FollowerState.java:run(117)) - 2ec85f63-33fb-4317-9145-71357d145af9@group-B2671EB745D2-FollowerState was interrupted: java.lang.InterruptedException: sleep interrupted
2019-10-15 16:11:32,472 [25d6372c-77fd-4a39-ac2a-e48debad48df@group-B2671EB745D2-LeaderElection12] INFO  impl.LeaderElection (LeaderElection.java:logAndReturn(56)) - 25d6372c-77fd-4a39-ac2a-e48debad48df@group-B2671EB745D2-LeaderElection12: Election REJECTED; received 2 response(s) [25d6372c-77fd-4a39-ac2a-e48debad48df<-2ec85f63-33fb-4317-9145-71357d145af9#0:FAIL-t8, 25d6372c-77fd-4a39-ac2a-e48debad48df<-50423279-f647-4a18-8e85-347d68eaf856#0:FAIL-t8] and 0 exception(s); 25d6372c-77fd-4a39-ac2a-e48debad48df@group-B2671EB745D2:t8, leader=null, voted=25d6372c-77fd-4a39-ac2a-e48debad48df, raftlog=25d6372c-77fd-4a39-ac2a-e48debad48df@group-B2671EB745D2-SegmentedRaftLog:OPENED:c-1,f-1,i0, conf=-1: [50423279-f647-4a18-8e85-347d68eaf856:192.168.69.88:39583, 2ec85f63-33fb-4317-9145-71357d145af9:192.168.69.88:42357, 25d6372c-77fd-4a39-ac2a-e48debad48df:192.168.69.88:39591], old=null
2019-10-15 16:11:32,472 [25d6372c-77fd-4a39-ac2a-e48debad48df@group-B2671EB745D2-LeaderElection12] INFO  impl.RaftServerImpl (RaftServerImpl.java:setRole(184)) - 25d6372c-77fd-4a39-ac2a-e48debad48df@group-B2671EB745D2: changes role from CANDIDATE to FOLLOWER at term 8 for DISCOVERED_A_NEW_TERM
2019-10-15 16:11:32,474 [25d6372c-77fd-4a39-ac2a-e48debad48df@group-B2671EB745D2-LeaderElection12] INFO  impl.RoleInfo (RoleInfo.java:shutdownLeaderElection(134)) - 25d6372c-77fd-4a39-ac2a-e48debad48df: shutdown LeaderElection
2019-10-15 16:11:32,475 [25d6372c-77fd-4a39-ac2a-e48debad48df@group-B2671EB745D2-LeaderElection12] INFO  impl.RoleInfo (RoleInfo.java:updateAndGet(143)) - 25d6372c-77fd-4a39-ac2a-e48debad48df: start FollowerState
2019-10-15 16:11:32,570 [Thread-283] INFO  impl.FollowerState (FollowerState.java:run(108)) - 25d6372c-77fd-4a39-ac2a-e48debad48df@group-B2671EB745D2-FollowerState: change to CANDIDATE, lastRpcTime:95ms, electionTimeout:93ms
2019-10-15 16:11:32,571 [Thread-283] INFO  impl.RoleInfo (RoleInfo.java:shutdownFollowerState(121)) - 25d6372c-77fd-4a39-ac2a-e48debad48df: shutdown FollowerState
2019-10-15 16:11:32,571 [Thread-283] INFO  impl.RaftServerImpl (RaftServerImpl.java:setRole(184)) - 25d6372c-77fd-4a39-ac2a-e48debad48df@group-B2671EB745D2: changes role from  FOLLOWER to CANDIDATE at term 8 for changeToCandidate
2019-10-15 16:11:32,572 [Thread-283] INFO  impl.RoleInfo (RoleInfo.java:updateAndGet(143)) - 25d6372c-77fd-4a39-ac2a-e48debad48df: start LeaderElection
2019-10-15 16:11:32,584 [25d6372c-77fd-4a39-ac2a-e48debad48df@group-B2671EB745D2-LeaderElection13] INFO  impl.LeaderElection (LeaderElection.java:askForVotes(178)) - 25d6372c-77fd-4a39-ac2a-e48debad48df@group-B2671EB745D2-LeaderElection13: begin an election at term 9 for -1: [50423279-f647-4a18-8e85-347d68eaf856:192.168.69.88:39583, 2ec85f63-33fb-4317-9145-71357d145af9:192.168.69.88:42357, 25d6372c-77fd-4a39-ac2a-e48debad48df:192.168.69.88:39591], old=null
2019-10-15 16:11:32,590 [grpc-default-executor-5] INFO  impl.RaftServerImpl (RaftServerImpl.java:setRole(184)) - 2ec85f63-33fb-4317-9145-71357d145af9@group-B2671EB745D2: changes role from  FOLLOWER to FOLLOWER at term 9 for recognizeCandidate:25d6372c-77fd-4a39-ac2a-e48debad48df
2019-10-15 16:11:32,590 [grpc-default-executor-5] INFO  impl.RoleInfo (RoleInfo.java:shutdownFollowerState(121)) - 2ec85f63-33fb-4317-9145-71357d145af9: shutdown FollowerState
2019-10-15 16:11:32,590 [grpc-default-executor-2] INFO  impl.RaftServerImpl (RaftServerImpl.java:setRole(184)) - 50423279-f647-4a18-8e85-347d68eaf856@group-B2671EB745D2: changes role from  FOLLOWER to FOLLOWER at term 9 for recognizeCandidate:25d6372c-77fd-4a39-ac2a-e48debad48df
2019-10-15 16:11:32,590 [Thread-282] INFO  impl.FollowerState (FollowerState.java:run(117)) - 2ec85f63-33fb-4317-9145-71357d145af9@group-B2671EB745D2-FollowerState was interrupted: java.lang.InterruptedException: sleep interrupted
2019-10-15 16:11:32,590 [grpc-default-executor-5] INFO  impl.RoleInfo (RoleInfo.java:updateAndGet(143)) - 2ec85f63-33fb-4317-9145-71357d145af9: start FollowerState
2019-10-15 16:11:32,591 [grpc-default-executor-2] INFO  impl.RoleInfo (RoleInfo.java:shutdownFollowerState(121)) - 50423279-f647-4a18-8e85-347d68eaf856: shutdown FollowerState
2019-10-15 16:11:32,592 [grpc-default-executor-2] INFO  impl.RoleInfo (RoleInfo.java:updateAndGet(143)) - 50423279-f647-4a18-8e85-347d68eaf856: start FollowerState
2019-10-15 16:11:32,592 [Thread-281] INFO  impl.FollowerState (FollowerState.java:run(117)) - 50423279-f647-4a18-8e85-347d68eaf856@group-B2671EB745D2-FollowerState was interrupted: java.lang.InterruptedException: sleep interrupted
2019-10-15 16:11:32,614 [25d6372c-77fd-4a39-ac2a-e48debad48df@group-B2671EB745D2-LeaderElection13] INFO  impl.LeaderElection (LeaderElection.java:logAndReturn(56)) - 25d6372c-77fd-4a39-ac2a-e48debad48df@group-B2671EB745D2-LeaderElection13: Election REJECTED; received 2 response(s) [25d6372c-77fd-4a39-ac2a-e48debad48df<-2ec85f63-33fb-4317-9145-71357d145af9#0:FAIL-t9, 25d6372c-77fd-4a39-ac2a-e48debad48df<-50423279-f647-4a18-8e85-347d68eaf856#0:FAIL-t9] and 0 exception(s); 25d6372c-77fd-4a39-ac2a-e48debad48df@group-B2671EB745D2:t9, leader=null, voted=25d6372c-77fd-4a39-ac2a-e48debad48df, raftlog=25d6372c-77fd-4a39-ac2a-e48debad48df@group-B2671EB745D2-SegmentedRaftLog:OPENED:c-1,f-1,i0, conf=-1: [50423279-f647-4a18-8e85-347d68eaf856:192.168.69.88:39583, 2ec85f63-33fb-4317-9145-71357d145af9:192.168.69.88:42357, 25d6372c-77fd-4a39-ac2a-e48debad48df:192.168.69.88:39591], old=null
2019-10-15 16:11:32,614 [25d6372c-77fd-4a39-ac2a-e48debad48df@group-B2671EB745D2-LeaderElection13] INFO  impl.RaftServerImpl (RaftServerImpl.java:setRole(184)) - 25d6372c-77fd-4a39-ac2a-e48debad48df@group-B2671EB745D2: changes role from CANDIDATE to FOLLOWER at term 9 for DISCOVERED_A_NEW_TERM
2019-10-15 16:11:32,614 [25d6372c-77fd-4a39-ac2a-e48debad48df@group-B2671EB745D2-LeaderElection13] INFO  impl.RoleInfo (RoleInfo.java:shutdownLeaderElection(134)) - 25d6372c-77fd-4a39-ac2a-e48debad48df: shutdown LeaderElection
2019-10-15 16:11:32,615 [25d6372c-77fd-4a39-ac2a-e48debad48df@group-B2671EB745D2-LeaderElection13] INFO  impl.RoleInfo (RoleInfo.java:updateAndGet(143)) - 25d6372c-77fd-4a39-ac2a-e48debad48df: start FollowerState
2019-10-15 16:11:32,631 [Thread-290] INFO  rpc.RpcClient (RpcClient.java:createVolume(272)) - Creating Volume: 0ba4c8b5-cd21-4dfe-b18d-827cf7d4a236, with jenkins1000 as owner.
2019-10-15 16:11:32,705 [Thread-292] INFO  impl.FollowerState (FollowerState.java:run(108)) - 25d6372c-77fd-4a39-ac2a-e48debad48df@group-B2671EB745D2-FollowerState: change to CANDIDATE, lastRpcTime:89ms, electionTimeout:88ms
2019-10-15 16:11:32,705 [Thread-292] INFO  impl.RoleInfo (RoleInfo.java:shutdownFollowerState(121)) - 25d6372c-77fd-4a39-ac2a-e48debad48df: shutdown FollowerState
2019-10-15 16:11:32,705 [Thread-292] INFO  impl.RaftServerImpl (RaftServerImpl.java:setRole(184)) - 25d6372c-77fd-4a39-ac2a-e48debad48df@group-B2671EB745D2: changes role from  FOLLOWER to CANDIDATE at term 9 for changeToCandidate
2019-10-15 16:11:32,706 [Thread-292] INFO  impl.RoleInfo (RoleInfo.java:updateAndGet(143)) - 25d6372c-77fd-4a39-ac2a-e48debad48df: start LeaderElection
2019-10-15 16:11:32,715 [25d6372c-77fd-4a39-ac2a-e48debad48df@group-B2671EB745D2-LeaderElection14] INFO  impl.LeaderElection (LeaderElection.java:askForVotes(178)) - 25d6372c-77fd-4a39-ac2a-e48debad48df@group-B2671EB745D2-LeaderElection14: begin an election at term 10 for -1: [50423279-f647-4a18-8e85-347d68eaf856:192.168.69.88:39583, 2ec85f63-33fb-4317-9145-71357d145af9:192.168.69.88:42357, 25d6372c-77fd-4a39-ac2a-e48debad48df:192.168.69.88:39591], old=null
2019-10-15 16:11:32,721 [grpc-default-executor-5] INFO  impl.RaftServerImpl (RaftServerImpl.java:setRole(184)) - 50423279-f647-4a18-8e85-347d68eaf856@group-B2671EB745D2: changes role from  FOLLOWER to FOLLOWER at term 10 for recognizeCandidate:25d6372c-77fd-4a39-ac2a-e48debad48df
2019-10-15 16:11:32,721 [grpc-default-executor-2] INFO  impl.RaftServerImpl (RaftServerImpl.java:setRole(184)) - 2ec85f63-33fb-4317-9145-71357d145af9@group-B2671EB745D2: changes role from  FOLLOWER to FOLLOWER at term 10 for recognizeCandidate:25d6372c-77fd-4a39-ac2a-e48debad48df
2019-10-15 16:11:32,722 [grpc-default-executor-5] INFO  impl.RoleInfo (RoleInfo.java:shutdownFollowerState(121)) - 50423279-f647-4a18-8e85-347d68eaf856: shutdown FollowerState
2019-10-15 16:11:32,722 [grpc-default-executor-2] INFO  impl.RoleInfo (RoleInfo.java:shutdownFollowerState(121)) - 2ec85f63-33fb-4317-9145-71357d145af9: shutdown FollowerState
2019-10-15 16:11:32,722 [Thread-289] INFO  impl.FollowerState (FollowerState.java:run(117)) - 50423279-f647-4a18-8e85-347d68eaf856@group-B2671EB745D2-FollowerState was interrupted: java.lang.InterruptedException: sleep interrupted
2019-10-15 16:11:32,722 [grpc-default-executor-2] INFO  impl.RoleInfo (RoleInfo.java:updateAndGet(143)) - 2ec85f63-33fb-4317-9145-71357d145af9: start FollowerState
2019-10-15 16:11:32,722 [grpc-default-executor-5] INFO  impl.RoleInfo (RoleInfo.java:updateAndGet(143)) - 50423279-f647-4a18-8e85-347d68eaf856: start FollowerState
2019-10-15 16:11:32,722 [Thread-288] INFO  impl.FollowerState (FollowerState.java:run(117)) - 2ec85f63-33fb-4317-9145-71357d145af9@group-B2671EB745D2-FollowerState was interrupted: java.lang.InterruptedException: sleep interrupted
2019-10-15 16:11:32,737 [25d6372c-77fd-4a39-ac2a-e48debad48df@group-B2671EB745D2-LeaderElection14] INFO  impl.LeaderElection (LeaderElection.java:logAndReturn(56)) - 25d6372c-77fd-4a39-ac2a-e48debad48df@group-B2671EB745D2-LeaderElection14: Election REJECTED; received 2 response(s) [25d6372c-77fd-4a39-ac2a-e48debad48df<-2ec85f63-33fb-4317-9145-71357d145af9#0:FAIL-t10, 25d6372c-77fd-4a39-ac2a-e48debad48df<-50423279-f647-4a18-8e85-347d68eaf856#0:FAIL-t10] and 0 exception(s); 25d6372c-77fd-4a39-ac2a-e48debad48df@group-B2671EB745D2:t10, leader=null, voted=25d6372c-77fd-4a39-ac2a-e48debad48df, raftlog=25d6372c-77fd-4a39-ac2a-e48debad48df@group-B2671EB745D2-SegmentedRaftLog:OPENED:c-1,f-1,i0, conf=-1: [50423279-f647-4a18-8e85-347d68eaf856:192.168.69.88:39583, 2ec85f63-33fb-4317-9145-71357d145af9:192.168.69.88:42357, 25d6372c-77fd-4a39-ac2a-e48debad48df:192.168.69.88:39591], old=null
2019-10-15 16:11:32,737 [25d6372c-77fd-4a39-ac2a-e48debad48df@group-B2671EB745D2-LeaderElection14] INFO  impl.RaftServerImpl (RaftServerImpl.java:setRole(184)) - 25d6372c-77fd-4a39-ac2a-e48debad48df@group-B2671EB745D2: changes role from CANDIDATE to FOLLOWER at term 10 for DISCOVERED_A_NEW_TERM
2019-10-15 16:11:32,738 [25d6372c-77fd-4a39-ac2a-e48debad48df@group-B2671EB745D2-LeaderElection14] INFO  impl.RoleInfo (RoleInfo.java:shutdownLeaderElection(134)) - 25d6372c-77fd-4a39-ac2a-e48debad48df: shutdown LeaderElection
2019-10-15 16:11:32,738 [25d6372c-77fd-4a39-ac2a-e48debad48df@group-B2671EB745D2-LeaderElection14] INFO  impl.RoleInfo (RoleInfo.java:updateAndGet(143)) - 25d6372c-77fd-4a39-ac2a-e48debad48df: start FollowerState
2019-10-15 16:11:32,751 [OM StateMachine ApplyTransaction Thread - 0] INFO  volume.OMVolumeCreateRequest (OMVolumeCreateRequest.java:validateAndUpdateCache(193)) - created volume:0ba4c8b5-cd21-4dfe-b18d-827cf7d4a236 for user:jenkins1000
2019-10-15 16:11:32,772 [Thread-290] INFO  rpc.RpcClient (RpcClient.java:createBucket(411)) - Creating Bucket: 0ba4c8b5-cd21-4dfe-b18d-827cf7d4a236/2e254033-b872-43cf-ba0a-8098bec40456, with Versioning false and Storage Type set to DISK and Encryption set to false 
2019-10-15 16:11:32,841 [Thread-298] INFO  impl.FollowerState (FollowerState.java:run(108)) - 25d6372c-77fd-4a39-ac2a-e48debad48df@group-B2671EB745D2-FollowerState: change to CANDIDATE, lastRpcTime:103ms, electionTimeout:102ms
2019-10-15 16:11:32,842 [Thread-298] INFO  impl.RoleInfo (RoleInfo.java:shutdownFollowerState(121)) - 25d6372c-77fd-4a39-ac2a-e48debad48df: shutdown FollowerState
2019-10-15 16:11:32,843 [Thread-298] INFO  impl.RaftServerImpl (RaftServerImpl.java:setRole(184)) - 25d6372c-77fd-4a39-ac2a-e48debad48df@group-B2671EB745D2: changes role from  FOLLOWER to CANDIDATE at term 10 for changeToCandidate
2019-10-15 16:11:32,843 [Thread-298] INFO  impl.RoleInfo (RoleInfo.java:updateAndGet(143)) - 25d6372c-77fd-4a39-ac2a-e48debad48df: start LeaderElection
2019-10-15 16:11:32,848 [25d6372c-77fd-4a39-ac2a-e48debad48df@group-B2671EB745D2-LeaderElection15] INFO  impl.LeaderElection (LeaderElection.java:askForVotes(178)) - 25d6372c-77fd-4a39-ac2a-e48debad48df@group-B2671EB745D2-LeaderElection15: begin an election at term 11 for -1: [50423279-f647-4a18-8e85-347d68eaf856:192.168.69.88:39583, 2ec85f63-33fb-4317-9145-71357d145af9:192.168.69.88:42357, 25d6372c-77fd-4a39-ac2a-e48debad48df:192.168.69.88:39591], old=null
2019-10-15 16:11:32,854 [grpc-default-executor-2] INFO  impl.RaftServerImpl (RaftServerImpl.java:setRole(184)) - 2ec85f63-33fb-4317-9145-71357d145af9@group-B2671EB745D2: changes role from  FOLLOWER to FOLLOWER at term 11 for recognizeCandidate:25d6372c-77fd-4a39-ac2a-e48debad48df
2019-10-15 16:11:32,854 [grpc-default-executor-5] INFO  impl.RaftServerImpl (RaftServerImpl.java:setRole(184)) - 50423279-f647-4a18-8e85-347d68eaf856@group-B2671EB745D2: changes role from  FOLLOWER to FOLLOWER at term 11 for recognizeCandidate:25d6372c-77fd-4a39-ac2a-e48debad48df
2019-10-15 16:11:32,854 [grpc-default-executor-2] INFO  impl.RoleInfo (RoleInfo.java:shutdownFollowerState(121)) - 2ec85f63-33fb-4317-9145-71357d145af9: shutdown FollowerState
2019-10-15 16:11:32,854 [grpc-default-executor-5] INFO  impl.RoleInfo (RoleInfo.java:shutdownFollowerState(121)) - 50423279-f647-4a18-8e85-347d68eaf856: shutdown FollowerState
2019-10-15 16:11:32,854 [Thread-297] INFO  impl.FollowerState (FollowerState.java:run(117)) - 2ec85f63-33fb-4317-9145-71357d145af9@group-B2671EB745D2-FollowerState was interrupted: java.lang.InterruptedException: sleep interrupted
2019-10-15 16:11:32,854 [Thread-296] INFO  impl.FollowerState (FollowerState.java:run(117)) - 50423279-f647-4a18-8e85-347d68eaf856@group-B2671EB745D2-FollowerState was interrupted: java.lang.InterruptedException: sleep interrupted
2019-10-15 16:11:32,854 [grpc-default-executor-5] INFO  impl.RoleInfo (RoleInfo.java:updateAndGet(143)) - 50423279-f647-4a18-8e85-347d68eaf856: start FollowerState
2019-10-15 16:11:32,854 [grpc-default-executor-2] INFO  impl.RoleInfo (RoleInfo.java:updateAndGet(143)) - 2ec85f63-33fb-4317-9145-71357d145af9: start FollowerState
2019-10-15 16:11:32,896 [25d6372c-77fd-4a39-ac2a-e48debad48df@group-B2671EB745D2-LeaderElection15] INFO  impl.LeaderElection (LeaderElection.java:logAndReturn(56)) - 25d6372c-77fd-4a39-ac2a-e48debad48df@group-B2671EB745D2-LeaderElection15: Election REJECTED; received 2 response(s) [25d6372c-77fd-4a39-ac2a-e48debad48df<-50423279-f647-4a18-8e85-347d68eaf856#0:FAIL-t11, 25d6372c-77fd-4a39-ac2a-e48debad48df<-2ec85f63-33fb-4317-9145-71357d145af9#0:FAIL-t11] and 0 exception(s); 25d6372c-77fd-4a39-ac2a-e48debad48df@group-B2671EB745D2:t11, leader=null, voted=25d6372c-77fd-4a39-ac2a-e48debad48df, raftlog=25d6372c-77fd-4a39-ac2a-e48debad48df@group-B2671EB745D2-SegmentedRaftLog:OPENED:c-1,f-1,i0, conf=-1: [50423279-f647-4a18-8e85-347d68eaf856:192.168.69.88:39583, 2ec85f63-33fb-4317-9145-71357d145af9:192.168.69.88:42357, 25d6372c-77fd-4a39-ac2a-e48debad48df:192.168.69.88:39591], old=null
2019-10-15 16:11:32,898 [25d6372c-77fd-4a39-ac2a-e48debad48df@group-B2671EB745D2-LeaderElection15] INFO  impl.RaftServerImpl (RaftServerImpl.java:setRole(184)) - 25d6372c-77fd-4a39-ac2a-e48debad48df@group-B2671EB745D2: changes role from CANDIDATE to FOLLOWER at term 11 for DISCOVERED_A_NEW_TERM
2019-10-15 16:11:32,902 [25d6372c-77fd-4a39-ac2a-e48debad48df@group-B2671EB745D2-LeaderElection15] INFO  impl.RoleInfo (RoleInfo.java:shutdownLeaderElection(134)) - 25d6372c-77fd-4a39-ac2a-e48debad48df: shutdown LeaderElection
2019-10-15 16:11:32,902 [25d6372c-77fd-4a39-ac2a-e48debad48df@group-B2671EB745D2-LeaderElection15] INFO  impl.RoleInfo (RoleInfo.java:updateAndGet(143)) - 25d6372c-77fd-4a39-ac2a-e48debad48df: start FollowerState
2019-10-15 16:11:32,960 [Thread-290] INFO  impl.MetricsSystemImpl (MetricsSystemImpl.java:init(158)) - XceiverClientMetrics metrics system started (again)
2019-10-15 16:11:32,972 [Thread-304] INFO  impl.FollowerState (FollowerState.java:run(108)) - 25d6372c-77fd-4a39-ac2a-e48debad48df@group-B2671EB745D2-FollowerState: change to CANDIDATE, lastRpcTime:69ms, electionTimeout:69ms
2019-10-15 16:11:32,972 [Thread-304] INFO  impl.RoleInfo (RoleInfo.java:shutdownFollowerState(121)) - 25d6372c-77fd-4a39-ac2a-e48debad48df: shutdown FollowerState
2019-10-15 16:11:32,972 [Thread-304] INFO  impl.RaftServerImpl (RaftServerImpl.java:setRole(184)) - 25d6372c-77fd-4a39-ac2a-e48debad48df@group-B2671EB745D2: changes role from  FOLLOWER to CANDIDATE at term 11 for changeToCandidate
2019-10-15 16:11:32,972 [Thread-304] INFO  impl.RoleInfo (RoleInfo.java:updateAndGet(143)) - 25d6372c-77fd-4a39-ac2a-e48debad48df: start LeaderElection
2019-10-15 16:11:32,977 [25d6372c-77fd-4a39-ac2a-e48debad48df@group-B2671EB745D2-LeaderElection16] INFO  impl.LeaderElection (LeaderElection.java:askForVotes(178)) - 25d6372c-77fd-4a39-ac2a-e48debad48df@group-B2671EB745D2-LeaderElection16: begin an election at term 12 for -1: [50423279-f647-4a18-8e85-347d68eaf856:192.168.69.88:39583, 2ec85f63-33fb-4317-9145-71357d145af9:192.168.69.88:42357, 25d6372c-77fd-4a39-ac2a-e48debad48df:192.168.69.88:39591], old=null
2019-10-15 16:11:32,982 [grpc-default-executor-5] INFO  impl.RaftServerImpl (RaftServerImpl.java:setRole(184)) - 2ec85f63-33fb-4317-9145-71357d145af9@group-B2671EB745D2: changes role from  FOLLOWER to FOLLOWER at term 12 for recognizeCandidate:25d6372c-77fd-4a39-ac2a-e48debad48df
2019-10-15 16:11:32,982 [grpc-default-executor-5] INFO  impl.RoleInfo (RoleInfo.java:shutdownFollowerState(121)) - 2ec85f63-33fb-4317-9145-71357d145af9: shutdown FollowerState
2019-10-15 16:11:32,982 [grpc-default-executor-5] INFO  impl.RoleInfo (RoleInfo.java:updateAndGet(143)) - 2ec85f63-33fb-4317-9145-71357d145af9: start FollowerState
2019-10-15 16:11:32,982 [Thread-302] INFO  impl.FollowerState (FollowerState.java:run(117)) - 2ec85f63-33fb-4317-9145-71357d145af9@group-B2671EB745D2-FollowerState was interrupted: java.lang.InterruptedException: sleep interrupted
2019-10-15 16:11:32,982 [grpc-default-executor-2] INFO  impl.RaftServerImpl (RaftServerImpl.java:setRole(184)) - 50423279-f647-4a18-8e85-347d68eaf856@group-B2671EB745D2: changes role from  FOLLOWER to FOLLOWER at term 12 for recognizeCandidate:25d6372c-77fd-4a39-ac2a-e48debad48df
2019-10-15 16:11:32,983 [grpc-default-executor-2] INFO  impl.RoleInfo (RoleInfo.java:shutdownFollowerState(121)) - 50423279-f647-4a18-8e85-347d68eaf856: shutdown FollowerState
2019-10-15 16:11:32,984 [Thread-303] INFO  impl.FollowerState (FollowerState.java:run(117)) - 50423279-f647-4a18-8e85-347d68eaf856@group-B2671EB745D2-FollowerState was interrupted: java.lang.InterruptedException: sleep interrupted
2019-10-15 16:11:32,984 [grpc-default-executor-2] INFO  impl.RoleInfo (RoleInfo.java:updateAndGet(143)) - 50423279-f647-4a18-8e85-347d68eaf856: start FollowerState
2019-10-15 16:11:32,994 [25d6372c-77fd-4a39-ac2a-e48debad48df@group-B2671EB745D2-LeaderElection16] INFO  impl.LeaderElection (LeaderElection.java:logAndReturn(56)) - 25d6372c-77fd-4a39-ac2a-e48debad48df@group-B2671EB745D2-LeaderElection16: Election REJECTED; received 2 response(s) [25d6372c-77fd-4a39-ac2a-e48debad48df<-50423279-f647-4a18-8e85-347d68eaf856#0:FAIL-t12, 25d6372c-77fd-4a39-ac2a-e48debad48df<-2ec85f63-33fb-4317-9145-71357d145af9#0:FAIL-t12] and 0 exception(s); 25d6372c-77fd-4a39-ac2a-e48debad48df@group-B2671EB745D2:t12, leader=null, voted=25d6372c-77fd-4a39-ac2a-e48debad48df, raftlog=25d6372c-77fd-4a39-ac2a-e48debad48df@group-B2671EB745D2-SegmentedRaftLog:OPENED:c-1,f-1,i0, conf=-1: [50423279-f647-4a18-8e85-347d68eaf856:192.168.69.88:39583, 2ec85f63-33fb-4317-9145-71357d145af9:192.168.69.88:42357, 25d6372c-77fd-4a39-ac2a-e48debad48df:192.168.69.88:39591], old=null
2019-10-15 16:11:32,994 [25d6372c-77fd-4a39-ac2a-e48debad48df@group-B2671EB745D2-LeaderElection16] INFO  impl.RaftServerImpl (RaftServerImpl.java:setRole(184)) - 25d6372c-77fd-4a39-ac2a-e48debad48df@group-B2671EB745D2: changes role from CANDIDATE to FOLLOWER at term 12 for DISCOVERED_A_NEW_TERM
2019-10-15 16:11:32,994 [25d6372c-77fd-4a39-ac2a-e48debad48df@group-B2671EB745D2-LeaderElection16] INFO  impl.RoleInfo (RoleInfo.java:shutdownLeaderElection(134)) - 25d6372c-77fd-4a39-ac2a-e48debad48df: shutdown LeaderElection
2019-10-15 16:11:32,995 [25d6372c-77fd-4a39-ac2a-e48debad48df@group-B2671EB745D2-LeaderElection16] INFO  impl.RoleInfo (RoleInfo.java:updateAndGet(143)) - 25d6372c-77fd-4a39-ac2a-e48debad48df: start FollowerState
2019-10-15 16:11:33,134 [Thread-310] INFO  impl.FollowerState (FollowerState.java:run(108)) - 25d6372c-77fd-4a39-ac2a-e48debad48df@group-B2671EB745D2-FollowerState: change to CANDIDATE, lastRpcTime:139ms, electionTimeout:139ms
2019-10-15 16:11:33,135 [Thread-310] INFO  impl.RoleInfo (RoleInfo.java:shutdownFollowerState(121)) - 25d6372c-77fd-4a39-ac2a-e48debad48df: shutdown FollowerState
2019-10-15 16:11:33,136 [Thread-310] INFO  impl.RaftServerImpl (RaftServerImpl.java:setRole(184)) - 25d6372c-77fd-4a39-ac2a-e48debad48df@group-B2671EB745D2: changes role from  FOLLOWER to CANDIDATE at term 12 for changeToCandidate
2019-10-15 16:11:33,136 [Thread-310] INFO  impl.RoleInfo (RoleInfo.java:updateAndGet(143)) - 25d6372c-77fd-4a39-ac2a-e48debad48df: start LeaderElection
2019-10-15 16:11:33,142 [25d6372c-77fd-4a39-ac2a-e48debad48df@group-B2671EB745D2-LeaderElection17] INFO  impl.LeaderElection (LeaderElection.java:askForVotes(178)) - 25d6372c-77fd-4a39-ac2a-e48debad48df@group-B2671EB745D2-LeaderElection17: begin an election at term 13 for -1: [50423279-f647-4a18-8e85-347d68eaf856:192.168.69.88:39583, 2ec85f63-33fb-4317-9145-71357d145af9:192.168.69.88:42357, 25d6372c-77fd-4a39-ac2a-e48debad48df:192.168.69.88:39591], old=null
2019-10-15 16:11:33,146 [grpc-default-executor-5] INFO  impl.RaftServerImpl (RaftServerImpl.java:setRole(184)) - 50423279-f647-4a18-8e85-347d68eaf856@group-B2671EB745D2: changes role from  FOLLOWER to FOLLOWER at term 13 for recognizeCandidate:25d6372c-77fd-4a39-ac2a-e48debad48df
2019-10-15 16:11:33,147 [grpc-default-executor-5] INFO  impl.RoleInfo (RoleInfo.java:shutdownFollowerState(121)) - 50423279-f647-4a18-8e85-347d68eaf856: shutdown FollowerState
2019-10-15 16:11:33,147 [grpc-default-executor-2] INFO  impl.RaftServerImpl (RaftServerImpl.java:setRole(184)) - 2ec85f63-33fb-4317-9145-71357d145af9@group-B2671EB745D2: changes role from  FOLLOWER to FOLLOWER at term 13 for recognizeCandidate:25d6372c-77fd-4a39-ac2a-e48debad48df
2019-10-15 16:11:33,147 [Thread-309] INFO  impl.FollowerState (FollowerState.java:run(117)) - 50423279-f647-4a18-8e85-347d68eaf856@group-B2671EB745D2-FollowerState was interrupted: java.lang.InterruptedException: sleep interrupted
2019-10-15 16:11:33,147 [grpc-default-executor-2] INFO  impl.RoleInfo (RoleInfo.java:shutdownFollowerState(121)) - 2ec85f63-33fb-4317-9145-71357d145af9: shutdown FollowerState
2019-10-15 16:11:33,147 [grpc-default-executor-5] INFO  impl.RoleInfo (RoleInfo.java:updateAndGet(143)) - 50423279-f647-4a18-8e85-347d68eaf856: start FollowerState
2019-10-15 16:11:33,151 [Thread-308] INFO  impl.FollowerState (FollowerState.java:run(117)) - 2ec85f63-33fb-4317-9145-71357d145af9@group-B2671EB745D2-FollowerState was interrupted: java.lang.InterruptedException: sleep interrupted
2019-10-15 16:11:33,151 [grpc-default-executor-2] INFO  impl.RoleInfo (RoleInfo.java:updateAndGet(143)) - 2ec85f63-33fb-4317-9145-71357d145af9: start FollowerState
2019-10-15 16:11:33,163 [25d6372c-77fd-4a39-ac2a-e48debad48df@group-B2671EB745D2-LeaderElection17] INFO  impl.LeaderElection (LeaderElection.java:logAndReturn(56)) - 25d6372c-77fd-4a39-ac2a-e48debad48df@group-B2671EB745D2-LeaderElection17: Election REJECTED; received 2 response(s) [25d6372c-77fd-4a39-ac2a-e48debad48df<-2ec85f63-33fb-4317-9145-71357d145af9#0:FAIL-t13, 25d6372c-77fd-4a39-ac2a-e48debad48df<-50423279-f647-4a18-8e85-347d68eaf856#0:FAIL-t13] and 0 exception(s); 25d6372c-77fd-4a39-ac2a-e48debad48df@group-B2671EB745D2:t13, leader=null, voted=25d6372c-77fd-4a39-ac2a-e48debad48df, raftlog=25d6372c-77fd-4a39-ac2a-e48debad48df@group-B2671EB745D2-SegmentedRaftLog:OPENED:c-1,f-1,i0, conf=-1: [50423279-f647-4a18-8e85-347d68eaf856:192.168.69.88:39583, 2ec85f63-33fb-4317-9145-71357d145af9:192.168.69.88:42357, 25d6372c-77fd-4a39-ac2a-e48debad48df:192.168.69.88:39591], old=null
2019-10-15 16:11:33,163 [25d6372c-77fd-4a39-ac2a-e48debad48df@group-B2671EB745D2-LeaderElection17] INFO  impl.RaftServerImpl (RaftServerImpl.java:setRole(184)) - 25d6372c-77fd-4a39-ac2a-e48debad48df@group-B2671EB745D2: changes role from CANDIDATE to FOLLOWER at term 13 for DISCOVERED_A_NEW_TERM
2019-10-15 16:11:33,163 [25d6372c-77fd-4a39-ac2a-e48debad48df@group-B2671EB745D2-LeaderElection17] INFO  impl.RoleInfo (RoleInfo.java:shutdownLeaderElection(134)) - 25d6372c-77fd-4a39-ac2a-e48debad48df: shutdown LeaderElection
2019-10-15 16:11:33,163 [25d6372c-77fd-4a39-ac2a-e48debad48df@group-B2671EB745D2-LeaderElection17] INFO  impl.RoleInfo (RoleInfo.java:updateAndGet(143)) - 25d6372c-77fd-4a39-ac2a-e48debad48df: start FollowerState
2019-10-15 16:11:33,316 [Thread-319] INFO  impl.FollowerState (FollowerState.java:run(108)) - 25d6372c-77fd-4a39-ac2a-e48debad48df@group-B2671EB745D2-FollowerState: change to CANDIDATE, lastRpcTime:152ms, electionTimeout:152ms
2019-10-15 16:11:33,317 [Thread-319] INFO  impl.RoleInfo (RoleInfo.java:shutdownFollowerState(121)) - 25d6372c-77fd-4a39-ac2a-e48debad48df: shutdown FollowerState
2019-10-15 16:11:33,317 [Thread-319] INFO  impl.RaftServerImpl (RaftServerImpl.java:setRole(184)) - 25d6372c-77fd-4a39-ac2a-e48debad48df@group-B2671EB745D2: changes role from  FOLLOWER to CANDIDATE at term 13 for changeToCandidate
2019-10-15 16:11:33,318 [Thread-319] INFO  impl.RoleInfo (RoleInfo.java:updateAndGet(143)) - 25d6372c-77fd-4a39-ac2a-e48debad48df: start LeaderElection
2019-10-15 16:11:33,332 [25d6372c-77fd-4a39-ac2a-e48debad48df@group-B2671EB745D2-LeaderElection18] INFO  impl.LeaderElection (LeaderElection.java:askForVotes(178)) - 25d6372c-77fd-4a39-ac2a-e48debad48df@group-B2671EB745D2-LeaderElection18: begin an election at term 14 for -1: [50423279-f647-4a18-8e85-347d68eaf856:192.168.69.88:39583, 2ec85f63-33fb-4317-9145-71357d145af9:192.168.69.88:42357, 25d6372c-77fd-4a39-ac2a-e48debad48df:192.168.69.88:39591], old=null
2019-10-15 16:11:33,338 [grpc-default-executor-5] INFO  impl.RaftServerImpl (RaftServerImpl.java:setRole(184)) - 2ec85f63-33fb-4317-9145-71357d145af9@group-B2671EB745D2: changes role from  FOLLOWER to FOLLOWER at term 14 for recognizeCandidate:25d6372c-77fd-4a39-ac2a-e48debad48df
2019-10-15 16:11:33,338 [grpc-default-executor-2] INFO  impl.RaftServerImpl (RaftServerImpl.java:setRole(184)) - 50423279-f647-4a18-8e85-347d68eaf856@group-B2671EB745D2: changes role from  FOLLOWER to FOLLOWER at term 14 for recognizeCandidate:25d6372c-77fd-4a39-ac2a-e48debad48df
2019-10-15 16:11:33,338 [grpc-default-executor-5] INFO  impl.RoleInfo (RoleInfo.java:shutdownFollowerState(121)) - 2ec85f63-33fb-4317-9145-71357d145af9: shutdown FollowerState
2019-10-15 16:11:33,338 [grpc-default-executor-2] INFO  impl.RoleInfo (RoleInfo.java:shutdownFollowerState(121)) - 50423279-f647-4a18-8e85-347d68eaf856: shutdown FollowerState
2019-10-15 16:11:33,338 [grpc-default-executor-5] INFO  impl.RoleInfo (RoleInfo.java:updateAndGet(143)) - 2ec85f63-33fb-4317-9145-71357d145af9: start FollowerState
2019-10-15 16:11:33,338 [grpc-default-executor-2] INFO  impl.RoleInfo (RoleInfo.java:updateAndGet(143)) - 50423279-f647-4a18-8e85-347d68eaf856: start FollowerState
2019-10-15 16:11:33,338 [Thread-317] INFO  impl.FollowerState (FollowerState.java:run(117)) - 50423279-f647-4a18-8e85-347d68eaf856@group-B2671EB745D2-FollowerState was interrupted: java.lang.InterruptedException: sleep interrupted
2019-10-15 16:11:33,338 [Thread-318] INFO  impl.FollowerState (FollowerState.java:run(117)) - 2ec85f63-33fb-4317-9145-71357d145af9@group-B2671EB745D2-FollowerState was interrupted: java.lang.InterruptedException: sleep interrupted
2019-10-15 16:11:33,343 [25d6372c-77fd-4a39-ac2a-e48debad48df@group-B2671EB745D2-LeaderElection18] INFO  impl.LeaderElection (LeaderElection.java:logAndReturn(56)) - 25d6372c-77fd-4a39-ac2a-e48debad48df@group-B2671EB745D2-LeaderElection18: Election REJECTED; received 2 response(s) [25d6372c-77fd-4a39-ac2a-e48debad48df<-2ec85f63-33fb-4317-9145-71357d145af9#0:FAIL-t14, 25d6372c-77fd-4a39-ac2a-e48debad48df<-50423279-f647-4a18-8e85-347d68eaf856#0:FAIL-t14] and 0 exception(s); 25d6372c-77fd-4a39-ac2a-e48debad48df@group-B2671EB745D2:t14, leader=null, voted=25d6372c-77fd-4a39-ac2a-e48debad48df, raftlog=25d6372c-77fd-4a39-ac2a-e48debad48df@group-B2671EB745D2-SegmentedRaftLog:OPENED:c-1,f-1,i0, conf=-1: [50423279-f647-4a18-8e85-347d68eaf856:192.168.69.88:39583, 2ec85f63-33fb-4317-9145-71357d145af9:192.168.69.88:42357, 25d6372c-77fd-4a39-ac2a-e48debad48df:192.168.69.88:39591], old=null
2019-10-15 16:11:33,344 [25d6372c-77fd-4a39-ac2a-e48debad48df@group-B2671EB745D2-LeaderElection18] INFO  impl.RaftServerImpl (RaftServerImpl.java:setRole(184)) - 25d6372c-77fd-4a39-ac2a-e48debad48df@group-B2671EB745D2: changes role from CANDIDATE to FOLLOWER at term 14 for DISCOVERED_A_NEW_TERM
2019-10-15 16:11:33,344 [25d6372c-77fd-4a39-ac2a-e48debad48df@group-B2671EB745D2-LeaderElection18] INFO  impl.RoleInfo (RoleInfo.java:shutdownLeaderElection(134)) - 25d6372c-77fd-4a39-ac2a-e48debad48df: shutdown LeaderElection
2019-10-15 16:11:33,344 [25d6372c-77fd-4a39-ac2a-e48debad48df@group-B2671EB745D2-LeaderElection18] INFO  impl.RoleInfo (RoleInfo.java:updateAndGet(143)) - 25d6372c-77fd-4a39-ac2a-e48debad48df: start FollowerState
2019-10-15 16:11:33,416 [Thread-200] INFO  container.ReplicationManager (ReplicationManager.java:start(162)) - Starting Replication Monitor Thread.
2019-10-15 16:11:33,422 [ReplicationMonitor] INFO  container.ReplicationManager (ReplicationManager.java:run(225)) - Replication Monitor Thread took 3 milliseconds for processing 1 containers.
2019-10-15 16:11:33,474 [Thread-325] INFO  impl.FollowerState (FollowerState.java:run(108)) - 25d6372c-77fd-4a39-ac2a-e48debad48df@group-B2671EB745D2-FollowerState: change to CANDIDATE, lastRpcTime:130ms, electionTimeout:130ms
2019-10-15 16:11:33,475 [Thread-325] INFO  impl.RoleInfo (RoleInfo.java:shutdownFollowerState(121)) - 25d6372c-77fd-4a39-ac2a-e48debad48df: shutdown FollowerState
2019-10-15 16:11:33,475 [Thread-325] INFO  impl.RaftServerImpl (RaftServerImpl.java:setRole(184)) - 25d6372c-77fd-4a39-ac2a-e48debad48df@group-B2671EB745D2: changes role from  FOLLOWER to CANDIDATE at term 14 for changeToCandidate
2019-10-15 16:11:33,475 [Thread-325] INFO  impl.RoleInfo (RoleInfo.java:updateAndGet(143)) - 25d6372c-77fd-4a39-ac2a-e48debad48df: start LeaderElection
2019-10-15 16:11:33,481 [25d6372c-77fd-4a39-ac2a-e48debad48df@group-B2671EB745D2-LeaderElection19] INFO  impl.LeaderElection (LeaderElection.java:askForVotes(178)) - 25d6372c-77fd-4a39-ac2a-e48debad48df@group-B2671EB745D2-LeaderElection19: begin an election at term 15 for -1: [50423279-f647-4a18-8e85-347d68eaf856:192.168.69.88:39583, 2ec85f63-33fb-4317-9145-71357d145af9:192.168.69.88:42357, 25d6372c-77fd-4a39-ac2a-e48debad48df:192.168.69.88:39591], old=null
2019-10-15 16:11:33,488 [grpc-default-executor-2] INFO  impl.RaftServerImpl (RaftServerImpl.java:setRole(184)) - 50423279-f647-4a18-8e85-347d68eaf856@group-B2671EB745D2: changes role from  FOLLOWER to FOLLOWER at term 15 for recognizeCandidate:25d6372c-77fd-4a39-ac2a-e48debad48df
2019-10-15 16:11:33,488 [grpc-default-executor-5] INFO  impl.RaftServerImpl (RaftServerImpl.java:setRole(184)) - 2ec85f63-33fb-4317-9145-71357d145af9@group-B2671EB745D2: changes role from  FOLLOWER to FOLLOWER at term 15 for recognizeCandidate:25d6372c-77fd-4a39-ac2a-e48debad48df
2019-10-15 16:11:33,488 [grpc-default-executor-2] INFO  impl.RoleInfo (RoleInfo.java:shutdownFollowerState(121)) - 50423279-f647-4a18-8e85-347d68eaf856: shutdown FollowerState
2019-10-15 16:11:33,489 [grpc-default-executor-5] INFO  impl.RoleInfo (RoleInfo.java:shutdownFollowerState(121)) - 2ec85f63-33fb-4317-9145-71357d145af9: shutdown FollowerState
2019-10-15 16:11:33,489 [grpc-default-executor-2] INFO  impl.RoleInfo (RoleInfo.java:updateAndGet(143)) - 50423279-f647-4a18-8e85-347d68eaf856: start FollowerState
2019-10-15 16:11:33,489 [Thread-324] INFO  impl.FollowerState (FollowerState.java:run(117)) - 50423279-f647-4a18-8e85-347d68eaf856@group-B2671EB745D2-FollowerState was interrupted: java.lang.InterruptedException: sleep interrupted
2019-10-15 16:11:33,489 [Thread-323] INFO  impl.FollowerState (FollowerState.java:run(117)) - 2ec85f63-33fb-4317-9145-71357d145af9@group-B2671EB745D2-FollowerState was interrupted: java.lang.InterruptedException: sleep interrupted
2019-10-15 16:11:33,489 [grpc-default-executor-5] INFO  impl.RoleInfo (RoleInfo.java:updateAndGet(143)) - 2ec85f63-33fb-4317-9145-71357d145af9: start FollowerState
2019-10-15 16:11:33,496 [25d6372c-77fd-4a39-ac2a-e48debad48df@group-B2671EB745D2-LeaderElection19] INFO  impl.LeaderElection (LeaderElection.java:logAndReturn(56)) - 25d6372c-77fd-4a39-ac2a-e48debad48df@group-B2671EB745D2-LeaderElection19: Election REJECTED; received 2 response(s) [25d6372c-77fd-4a39-ac2a-e48debad48df<-50423279-f647-4a18-8e85-347d68eaf856#0:FAIL-t15, 25d6372c-77fd-4a39-ac2a-e48debad48df<-2ec85f63-33fb-4317-9145-71357d145af9#0:FAIL-t15] and 0 exception(s); 25d6372c-77fd-4a39-ac2a-e48debad48df@group-B2671EB745D2:t15, leader=null, voted=25d6372c-77fd-4a39-ac2a-e48debad48df, raftlog=25d6372c-77fd-4a39-ac2a-e48debad48df@group-B2671EB745D2-SegmentedRaftLog:OPENED:c-1,f-1,i0, conf=-1: [50423279-f647-4a18-8e85-347d68eaf856:192.168.69.88:39583, 2ec85f63-33fb-4317-9145-71357d145af9:192.168.69.88:42357, 25d6372c-77fd-4a39-ac2a-e48debad48df:192.168.69.88:39591], old=null
2019-10-15 16:11:33,496 [25d6372c-77fd-4a39-ac2a-e48debad48df@group-B2671EB745D2-LeaderElection19] INFO  impl.RaftServerImpl (RaftServerImpl.java:setRole(184)) - 25d6372c-77fd-4a39-ac2a-e48debad48df@group-B2671EB745D2: changes role from CANDIDATE to FOLLOWER at term 15 for DISCOVERED_A_NEW_TERM
2019-10-15 16:11:33,496 [25d6372c-77fd-4a39-ac2a-e48debad48df@group-B2671EB745D2-LeaderElection19] INFO  impl.RoleInfo (RoleInfo.java:shutdownLeaderElection(134)) - 25d6372c-77fd-4a39-ac2a-e48debad48df: shutdown LeaderElection
2019-10-15 16:11:33,496 [25d6372c-77fd-4a39-ac2a-e48debad48df@group-B2671EB745D2-LeaderElection19] INFO  impl.RoleInfo (RoleInfo.java:updateAndGet(143)) - 25d6372c-77fd-4a39-ac2a-e48debad48df: start FollowerState
2019-10-15 16:11:33,684 [Thread-332] INFO  impl.FollowerState (FollowerState.java:run(108)) - 25d6372c-77fd-4a39-ac2a-e48debad48df@group-B2671EB745D2-FollowerState: change to CANDIDATE, lastRpcTime:187ms, electionTimeout:187ms
2019-10-15 16:11:33,685 [Thread-332] INFO  impl.RoleInfo (RoleInfo.java:shutdownFollowerState(121)) - 25d6372c-77fd-4a39-ac2a-e48debad48df: shutdown FollowerState
2019-10-15 16:11:33,685 [Thread-332] INFO  impl.RaftServerImpl (RaftServerImpl.java:setRole(184)) - 25d6372c-77fd-4a39-ac2a-e48debad48df@group-B2671EB745D2: changes role from  FOLLOWER to CANDIDATE at term 15 for changeToCandidate
2019-10-15 16:11:33,686 [Thread-332] INFO  impl.RoleInfo (RoleInfo.java:updateAndGet(143)) - 25d6372c-77fd-4a39-ac2a-e48debad48df: start LeaderElection
2019-10-15 16:11:33,758 [25d6372c-77fd-4a39-ac2a-e48debad48df@group-B2671EB745D2-LeaderElection20] INFO  impl.LeaderElection (LeaderElection.java:askForVotes(178)) - 25d6372c-77fd-4a39-ac2a-e48debad48df@group-B2671EB745D2-LeaderElection20: begin an election at term 16 for -1: [50423279-f647-4a18-8e85-347d68eaf856:192.168.69.88:39583, 2ec85f63-33fb-4317-9145-71357d145af9:192.168.69.88:42357, 25d6372c-77fd-4a39-ac2a-e48debad48df:192.168.69.88:39591], old=null
2019-10-15 16:11:33,759 [25d6372c-77fd-4a39-ac2a-e48debad48df@group-B2671EB745D2-LeaderElection20] INFO  impl.LeaderElection (LeaderElection.java:logAndReturn(56)) - 25d6372c-77fd-4a39-ac2a-e48debad48df@group-B2671EB745D2-LeaderElection20: Election TIMEOUT; received 0 response(s) [] and 0 exception(s); 25d6372c-77fd-4a39-ac2a-e48debad48df@group-B2671EB745D2:t16, leader=null, voted=25d6372c-77fd-4a39-ac2a-e48debad48df, raftlog=25d6372c-77fd-4a39-ac2a-e48debad48df@group-B2671EB745D2-SegmentedRaftLog:OPENED:c-1,f-1,i0, conf=-1: [50423279-f647-4a18-8e85-347d68eaf856:192.168.69.88:39583, 2ec85f63-33fb-4317-9145-71357d145af9:192.168.69.88:42357, 25d6372c-77fd-4a39-ac2a-e48debad48df:192.168.69.88:39591], old=null
2019-10-15 16:11:33,762 [grpc-default-executor-5] INFO  impl.RaftServerImpl (RaftServerImpl.java:setRole(184)) - 50423279-f647-4a18-8e85-347d68eaf856@group-B2671EB745D2: changes role from  FOLLOWER to FOLLOWER at term 16 for recognizeCandidate:25d6372c-77fd-4a39-ac2a-e48debad48df
2019-10-15 16:11:33,762 [grpc-default-executor-2] INFO  impl.RaftServerImpl (RaftServerImpl.java:setRole(184)) - 2ec85f63-33fb-4317-9145-71357d145af9@group-B2671EB745D2: changes role from  FOLLOWER to FOLLOWER at term 16 for recognizeCandidate:25d6372c-77fd-4a39-ac2a-e48debad48df
2019-10-15 16:11:33,764 [grpc-default-executor-2] INFO  impl.RoleInfo (RoleInfo.java:shutdownFollowerState(121)) - 2ec85f63-33fb-4317-9145-71357d145af9: shutdown FollowerState
2019-10-15 16:11:33,762 [grpc-default-executor-5] INFO  impl.RoleInfo (RoleInfo.java:shutdownFollowerState(121)) - 50423279-f647-4a18-8e85-347d68eaf856: shutdown FollowerState
2019-10-15 16:11:33,764 [grpc-default-executor-2] INFO  impl.RoleInfo (RoleInfo.java:updateAndGet(143)) - 2ec85f63-33fb-4317-9145-71357d145af9: start FollowerState
2019-10-15 16:11:33,764 [Thread-331] INFO  impl.FollowerState (FollowerState.java:run(117)) - 2ec85f63-33fb-4317-9145-71357d145af9@group-B2671EB745D2-FollowerState was interrupted: java.lang.InterruptedException: sleep interrupted
2019-10-15 16:11:33,764 [grpc-default-executor-5] INFO  impl.RoleInfo (RoleInfo.java:updateAndGet(143)) - 50423279-f647-4a18-8e85-347d68eaf856: start FollowerState
2019-10-15 16:11:33,764 [Thread-330] INFO  impl.FollowerState (FollowerState.java:run(117)) - 50423279-f647-4a18-8e85-347d68eaf856@group-B2671EB745D2-FollowerState was interrupted: java.lang.InterruptedException: sleep interrupted
2019-10-15 16:11:33,768 [25d6372c-77fd-4a39-ac2a-e48debad48df@group-B2671EB745D2-LeaderElection20] INFO  impl.LeaderElection (LeaderElection.java:askForVotes(178)) - 25d6372c-77fd-4a39-ac2a-e48debad48df@group-B2671EB745D2-LeaderElection20: begin an election at term 17 for -1: [50423279-f647-4a18-8e85-347d68eaf856:192.168.69.88:39583, 2ec85f63-33fb-4317-9145-71357d145af9:192.168.69.88:42357, 25d6372c-77fd-4a39-ac2a-e48debad48df:192.168.69.88:39591], old=null
2019-10-15 16:11:33,771 [grpc-default-executor-2] INFO  impl.RaftServerImpl (RaftServerImpl.java:setRole(184)) - 2ec85f63-33fb-4317-9145-71357d145af9@group-B2671EB745D2: changes role from  FOLLOWER to FOLLOWER at term 17 for recognizeCandidate:25d6372c-77fd-4a39-ac2a-e48debad48df
2019-10-15 16:11:33,771 [grpc-default-executor-5] INFO  impl.RaftServerImpl (RaftServerImpl.java:setRole(184)) - 50423279-f647-4a18-8e85-347d68eaf856@group-B2671EB745D2: changes role from  FOLLOWER to FOLLOWER at term 17 for recognizeCandidate:25d6372c-77fd-4a39-ac2a-e48debad48df
2019-10-15 16:11:33,771 [grpc-default-executor-2] INFO  impl.RoleInfo (RoleInfo.java:shutdownFollowerState(121)) - 2ec85f63-33fb-4317-9145-71357d145af9: shutdown FollowerState
2019-10-15 16:11:33,771 [grpc-default-executor-5] INFO  impl.RoleInfo (RoleInfo.java:shutdownFollowerState(121)) - 50423279-f647-4a18-8e85-347d68eaf856: shutdown FollowerState
2019-10-15 16:11:33,771 [grpc-default-executor-2] INFO  impl.RoleInfo (RoleInfo.java:updateAndGet(143)) - 2ec85f63-33fb-4317-9145-71357d145af9: start FollowerState
2019-10-15 16:11:33,771 [Thread-336] INFO  impl.FollowerState (FollowerState.java:run(117)) - 2ec85f63-33fb-4317-9145-71357d145af9@group-B2671EB745D2-FollowerState was interrupted: java.lang.InterruptedException: sleep interrupted
2019-10-15 16:11:33,771 [Thread-337] INFO  impl.FollowerState (FollowerState.java:run(117)) - 50423279-f647-4a18-8e85-347d68eaf856@group-B2671EB745D2-FollowerState was interrupted: java.lang.InterruptedException: sleep interrupted
2019-10-15 16:11:33,771 [grpc-default-executor-5] INFO  impl.RoleInfo (RoleInfo.java:updateAndGet(143)) - 50423279-f647-4a18-8e85-347d68eaf856: start FollowerState
2019-10-15 16:11:33,778 [25d6372c-77fd-4a39-ac2a-e48debad48df@group-B2671EB745D2-LeaderElection20] INFO  impl.LeaderElection (LeaderElection.java:logAndReturn(56)) - 25d6372c-77fd-4a39-ac2a-e48debad48df@group-B2671EB745D2-LeaderElection20: Election REJECTED; received 2 response(s) [25d6372c-77fd-4a39-ac2a-e48debad48df<-50423279-f647-4a18-8e85-347d68eaf856#0:FAIL-t17, 25d6372c-77fd-4a39-ac2a-e48debad48df<-2ec85f63-33fb-4317-9145-71357d145af9#0:FAIL-t17] and 0 exception(s); 25d6372c-77fd-4a39-ac2a-e48debad48df@group-B2671EB745D2:t17, leader=null, voted=25d6372c-77fd-4a39-ac2a-e48debad48df, raftlog=25d6372c-77fd-4a39-ac2a-e48debad48df@group-B2671EB745D2-SegmentedRaftLog:OPENED:c-1,f-1,i0, conf=-1: [50423279-f647-4a18-8e85-347d68eaf856:192.168.69.88:39583, 2ec85f63-33fb-4317-9145-71357d145af9:192.168.69.88:42357, 25d6372c-77fd-4a39-ac2a-e48debad48df:192.168.69.88:39591], old=null
2019-10-15 16:11:33,779 [25d6372c-77fd-4a39-ac2a-e48debad48df@group-B2671EB745D2-LeaderElection20] INFO  impl.RaftServerImpl (RaftServerImpl.java:setRole(184)) - 25d6372c-77fd-4a39-ac2a-e48debad48df@group-B2671EB745D2: changes role from CANDIDATE to FOLLOWER at term 17 for DISCOVERED_A_NEW_TERM
2019-10-15 16:11:33,779 [25d6372c-77fd-4a39-ac2a-e48debad48df@group-B2671EB745D2-LeaderElection20] INFO  impl.RoleInfo (RoleInfo.java:shutdownLeaderElection(134)) - 25d6372c-77fd-4a39-ac2a-e48debad48df: shutdown LeaderElection
2019-10-15 16:11:33,779 [25d6372c-77fd-4a39-ac2a-e48debad48df@group-B2671EB745D2-LeaderElection20] INFO  impl.RoleInfo (RoleInfo.java:updateAndGet(143)) - 25d6372c-77fd-4a39-ac2a-e48debad48df: start FollowerState
2019-10-15 16:11:33,968 [Thread-342] INFO  impl.FollowerState (FollowerState.java:run(108)) - 25d6372c-77fd-4a39-ac2a-e48debad48df@group-B2671EB745D2-FollowerState: change to CANDIDATE, lastRpcTime:189ms, electionTimeout:189ms
2019-10-15 16:11:33,970 [Thread-342] INFO  impl.RoleInfo (RoleInfo.java:shutdownFollowerState(121)) - 25d6372c-77fd-4a39-ac2a-e48debad48df: shutdown FollowerState
2019-10-15 16:11:33,970 [Thread-342] INFO  impl.RaftServerImpl (RaftServerImpl.java:setRole(184)) - 25d6372c-77fd-4a39-ac2a-e48debad48df@group-B2671EB745D2: changes role from  FOLLOWER to CANDIDATE at term 17 for changeToCandidate
2019-10-15 16:11:33,970 [Thread-342] INFO  impl.RoleInfo (RoleInfo.java:updateAndGet(143)) - 25d6372c-77fd-4a39-ac2a-e48debad48df: start LeaderElection
2019-10-15 16:11:33,983 [25d6372c-77fd-4a39-ac2a-e48debad48df@group-B2671EB745D2-LeaderElection21] INFO  impl.LeaderElection (LeaderElection.java:askForVotes(178)) - 25d6372c-77fd-4a39-ac2a-e48debad48df@group-B2671EB745D2-LeaderElection21: begin an election at term 18 for -1: [50423279-f647-4a18-8e85-347d68eaf856:192.168.69.88:39583, 2ec85f63-33fb-4317-9145-71357d145af9:192.168.69.88:42357, 25d6372c-77fd-4a39-ac2a-e48debad48df:192.168.69.88:39591], old=null
2019-10-15 16:11:33,986 [grpc-default-executor-2] INFO  impl.RaftServerImpl (RaftServerImpl.java:setRole(184)) - 2ec85f63-33fb-4317-9145-71357d145af9@group-B2671EB745D2: changes role from  FOLLOWER to FOLLOWER at term 18 for recognizeCandidate:25d6372c-77fd-4a39-ac2a-e48debad48df
2019-10-15 16:11:33,986 [grpc-default-executor-5] INFO  impl.RaftServerImpl (RaftServerImpl.java:setRole(184)) - 50423279-f647-4a18-8e85-347d68eaf856@group-B2671EB745D2: changes role from  FOLLOWER to FOLLOWER at term 18 for recognizeCandidate:25d6372c-77fd-4a39-ac2a-e48debad48df
2019-10-15 16:11:33,986 [grpc-default-executor-2] INFO  impl.RoleInfo (RoleInfo.java:shutdownFollowerState(121)) - 2ec85f63-33fb-4317-9145-71357d145af9: shutdown FollowerState
2019-10-15 16:11:33,986 [grpc-default-executor-5] INFO  impl.RoleInfo (RoleInfo.java:shutdownFollowerState(121)) - 50423279-f647-4a18-8e85-347d68eaf856: shutdown FollowerState
2019-10-15 16:11:33,987 [Thread-340] INFO  impl.FollowerState (FollowerState.java:run(117)) - 2ec85f63-33fb-4317-9145-71357d145af9@group-B2671EB745D2-FollowerState was interrupted: java.lang.InterruptedException: sleep interrupted
2019-10-15 16:11:33,986 [grpc-default-executor-2] INFO  impl.RoleInfo (RoleInfo.java:updateAndGet(143)) - 2ec85f63-33fb-4317-9145-71357d145af9: start FollowerState
2019-10-15 16:11:33,987 [Thread-341] INFO  impl.FollowerState (FollowerState.java:run(117)) - 50423279-f647-4a18-8e85-347d68eaf856@group-B2671EB745D2-FollowerState was interrupted: java.lang.InterruptedException: sleep interrupted
2019-10-15 16:11:33,987 [grpc-default-executor-5] INFO  impl.RoleInfo (RoleInfo.java:updateAndGet(143)) - 50423279-f647-4a18-8e85-347d68eaf856: start FollowerState
2019-10-15 16:11:33,994 [25d6372c-77fd-4a39-ac2a-e48debad48df@group-B2671EB745D2-LeaderElection21] INFO  impl.LeaderElection (LeaderElection.java:logAndReturn(56)) - 25d6372c-77fd-4a39-ac2a-e48debad48df@group-B2671EB745D2-LeaderElection21: Election REJECTED; received 2 response(s) [25d6372c-77fd-4a39-ac2a-e48debad48df<-50423279-f647-4a18-8e85-347d68eaf856#0:FAIL-t18, 25d6372c-77fd-4a39-ac2a-e48debad48df<-2ec85f63-33fb-4317-9145-71357d145af9#0:FAIL-t18] and 0 exception(s); 25d6372c-77fd-4a39-ac2a-e48debad48df@group-B2671EB745D2:t18, leader=null, voted=25d6372c-77fd-4a39-ac2a-e48debad48df, raftlog=25d6372c-77fd-4a39-ac2a-e48debad48df@group-B2671EB745D2-SegmentedRaftLog:OPENED:c-1,f-1,i0, conf=-1: [50423279-f647-4a18-8e85-347d68eaf856:192.168.69.88:39583, 2ec85f63-33fb-4317-9145-71357d145af9:192.168.69.88:42357, 25d6372c-77fd-4a39-ac2a-e48debad48df:192.168.69.88:39591], old=null
2019-10-15 16:11:33,994 [25d6372c-77fd-4a39-ac2a-e48debad48df@group-B2671EB745D2-LeaderElection21] INFO  impl.RaftServerImpl (RaftServerImpl.java:setRole(184)) - 25d6372c-77fd-4a39-ac2a-e48debad48df@group-B2671EB745D2: changes role from CANDIDATE to FOLLOWER at term 18 for DISCOVERED_A_NEW_TERM
2019-10-15 16:11:33,994 [25d6372c-77fd-4a39-ac2a-e48debad48df@group-B2671EB745D2-LeaderElection21] INFO  impl.RoleInfo (RoleInfo.java:shutdownLeaderElection(134)) - 25d6372c-77fd-4a39-ac2a-e48debad48df: shutdown LeaderElection
2019-10-15 16:11:33,995 [25d6372c-77fd-4a39-ac2a-e48debad48df@group-B2671EB745D2-LeaderElection21] INFO  impl.RoleInfo (RoleInfo.java:updateAndGet(143)) - 25d6372c-77fd-4a39-ac2a-e48debad48df: start FollowerState
2019-10-15 16:11:34,176 [Thread-348] INFO  impl.FollowerState (FollowerState.java:run(108)) - 25d6372c-77fd-4a39-ac2a-e48debad48df@group-B2671EB745D2-FollowerState: change to CANDIDATE, lastRpcTime:181ms, electionTimeout:181ms
2019-10-15 16:11:34,178 [Thread-348] INFO  impl.RoleInfo (RoleInfo.java:shutdownFollowerState(121)) - 25d6372c-77fd-4a39-ac2a-e48debad48df: shutdown FollowerState
2019-10-15 16:11:34,178 [Thread-348] INFO  impl.RaftServerImpl (RaftServerImpl.java:setRole(184)) - 25d6372c-77fd-4a39-ac2a-e48debad48df@group-B2671EB745D2: changes role from  FOLLOWER to CANDIDATE at term 18 for changeToCandidate
2019-10-15 16:11:34,178 [Thread-348] INFO  impl.RoleInfo (RoleInfo.java:updateAndGet(143)) - 25d6372c-77fd-4a39-ac2a-e48debad48df: start LeaderElection
2019-10-15 16:11:34,192 [25d6372c-77fd-4a39-ac2a-e48debad48df@group-B2671EB745D2-LeaderElection22] INFO  impl.LeaderElection (LeaderElection.java:askForVotes(178)) - 25d6372c-77fd-4a39-ac2a-e48debad48df@group-B2671EB745D2-LeaderElection22: begin an election at term 19 for -1: [50423279-f647-4a18-8e85-347d68eaf856:192.168.69.88:39583, 2ec85f63-33fb-4317-9145-71357d145af9:192.168.69.88:42357, 25d6372c-77fd-4a39-ac2a-e48debad48df:192.168.69.88:39591], old=null
2019-10-15 16:11:34,196 [grpc-default-executor-5] INFO  impl.RaftServerImpl (RaftServerImpl.java:setRole(184)) - 2ec85f63-33fb-4317-9145-71357d145af9@group-B2671EB745D2: changes role from  FOLLOWER to FOLLOWER at term 19 for recognizeCandidate:25d6372c-77fd-4a39-ac2a-e48debad48df
2019-10-15 16:11:34,196 [grpc-default-executor-2] INFO  impl.RaftServerImpl (RaftServerImpl.java:setRole(184)) - 50423279-f647-4a18-8e85-347d68eaf856@group-B2671EB745D2: changes role from  FOLLOWER to FOLLOWER at term 19 for recognizeCandidate:25d6372c-77fd-4a39-ac2a-e48debad48df
2019-10-15 16:11:34,196 [grpc-default-executor-5] INFO  impl.RoleInfo (RoleInfo.java:shutdownFollowerState(121)) - 2ec85f63-33fb-4317-9145-71357d145af9: shutdown FollowerState
2019-10-15 16:11:34,196 [grpc-default-executor-2] INFO  impl.RoleInfo (RoleInfo.java:shutdownFollowerState(121)) - 50423279-f647-4a18-8e85-347d68eaf856: shutdown FollowerState
2019-10-15 16:11:34,197 [grpc-default-executor-5] INFO  impl.RoleInfo (RoleInfo.java:updateAndGet(143)) - 2ec85f63-33fb-4317-9145-71357d145af9: start FollowerState
2019-10-15 16:11:34,197 [Thread-347] INFO  impl.FollowerState (FollowerState.java:run(117)) - 50423279-f647-4a18-8e85-347d68eaf856@group-B2671EB745D2-FollowerState was interrupted: java.lang.InterruptedException: sleep interrupted
2019-10-15 16:11:34,197 [grpc-default-executor-2] INFO  impl.RoleInfo (RoleInfo.java:updateAndGet(143)) - 50423279-f647-4a18-8e85-347d68eaf856: start FollowerState
2019-10-15 16:11:34,197 [Thread-346] INFO  impl.FollowerState (FollowerState.java:run(117)) - 2ec85f63-33fb-4317-9145-71357d145af9@group-B2671EB745D2-FollowerState was interrupted: java.lang.InterruptedException: sleep interrupted
2019-10-15 16:11:34,211 [25d6372c-77fd-4a39-ac2a-e48debad48df@group-B2671EB745D2-LeaderElection22] INFO  impl.LeaderElection (LeaderElection.java:logAndReturn(56)) - 25d6372c-77fd-4a39-ac2a-e48debad48df@group-B2671EB745D2-LeaderElection22: Election REJECTED; received 2 response(s) [25d6372c-77fd-4a39-ac2a-e48debad48df<-2ec85f63-33fb-4317-9145-71357d145af9#0:FAIL-t19, 25d6372c-77fd-4a39-ac2a-e48debad48df<-50423279-f647-4a18-8e85-347d68eaf856#0:FAIL-t19] and 0 exception(s); 25d6372c-77fd-4a39-ac2a-e48debad48df@group-B2671EB745D2:t19, leader=null, voted=25d6372c-77fd-4a39-ac2a-e48debad48df, raftlog=25d6372c-77fd-4a39-ac2a-e48debad48df@group-B2671EB745D2-SegmentedRaftLog:OPENED:c-1,f-1,i0, conf=-1: [50423279-f647-4a18-8e85-347d68eaf856:192.168.69.88:39583, 2ec85f63-33fb-4317-9145-71357d145af9:192.168.69.88:42357, 25d6372c-77fd-4a39-ac2a-e48debad48df:192.168.69.88:39591], old=null
2019-10-15 16:11:34,212 [25d6372c-77fd-4a39-ac2a-e48debad48df@group-B2671EB745D2-LeaderElection22] INFO  impl.RaftServerImpl (RaftServerImpl.java:setRole(184)) - 25d6372c-77fd-4a39-ac2a-e48debad48df@group-B2671EB745D2: changes role from CANDIDATE to FOLLOWER at term 19 for DISCOVERED_A_NEW_TERM
2019-10-15 16:11:34,212 [25d6372c-77fd-4a39-ac2a-e48debad48df@group-B2671EB745D2-LeaderElection22] INFO  impl.RoleInfo (RoleInfo.java:shutdownLeaderElection(134)) - 25d6372c-77fd-4a39-ac2a-e48debad48df: shutdown LeaderElection
2019-10-15 16:11:34,212 [25d6372c-77fd-4a39-ac2a-e48debad48df@group-B2671EB745D2-LeaderElection22] INFO  impl.RoleInfo (RoleInfo.java:updateAndGet(143)) - 25d6372c-77fd-4a39-ac2a-e48debad48df: start FollowerState
2019-10-15 16:11:34,368 [Thread-356] INFO  impl.FollowerState (FollowerState.java:run(108)) - 25d6372c-77fd-4a39-ac2a-e48debad48df@group-B2671EB745D2-FollowerState: change to CANDIDATE, lastRpcTime:156ms, electionTimeout:156ms
2019-10-15 16:11:34,374 [Thread-356] INFO  impl.RoleInfo (RoleInfo.java:shutdownFollowerState(121)) - 25d6372c-77fd-4a39-ac2a-e48debad48df: shutdown FollowerState
2019-10-15 16:11:34,374 [Thread-356] INFO  impl.RaftServerImpl (RaftServerImpl.java:setRole(184)) - 25d6372c-77fd-4a39-ac2a-e48debad48df@group-B2671EB745D2: changes role from  FOLLOWER to CANDIDATE at term 19 for changeToCandidate
2019-10-15 16:11:34,374 [Thread-356] INFO  impl.RoleInfo (RoleInfo.java:updateAndGet(143)) - 25d6372c-77fd-4a39-ac2a-e48debad48df: start LeaderElection
2019-10-15 16:11:34,389 [25d6372c-77fd-4a39-ac2a-e48debad48df@group-B2671EB745D2-LeaderElection23] INFO  impl.LeaderElection (LeaderElection.java:askForVotes(178)) - 25d6372c-77fd-4a39-ac2a-e48debad48df@group-B2671EB745D2-LeaderElection23: begin an election at term 20 for -1: [50423279-f647-4a18-8e85-347d68eaf856:192.168.69.88:39583, 2ec85f63-33fb-4317-9145-71357d145af9:192.168.69.88:42357, 25d6372c-77fd-4a39-ac2a-e48debad48df:192.168.69.88:39591], old=null
2019-10-15 16:11:34,393 [grpc-default-executor-2] INFO  impl.RaftServerImpl (RaftServerImpl.java:setRole(184)) - 50423279-f647-4a18-8e85-347d68eaf856@group-B2671EB745D2: changes role from  FOLLOWER to FOLLOWER at term 20 for recognizeCandidate:25d6372c-77fd-4a39-ac2a-e48debad48df
2019-10-15 16:11:34,393 [grpc-default-executor-5] INFO  impl.RaftServerImpl (RaftServerImpl.java:setRole(184)) - 2ec85f63-33fb-4317-9145-71357d145af9@group-B2671EB745D2: changes role from  FOLLOWER to FOLLOWER at term 20 for recognizeCandidate:25d6372c-77fd-4a39-ac2a-e48debad48df
2019-10-15 16:11:34,393 [grpc-default-executor-2] INFO  impl.RoleInfo (RoleInfo.java:shutdownFollowerState(121)) - 50423279-f647-4a18-8e85-347d68eaf856: shutdown FollowerState
2019-10-15 16:11:34,393 [grpc-default-executor-5] INFO  impl.RoleInfo (RoleInfo.java:shutdownFollowerState(121)) - 2ec85f63-33fb-4317-9145-71357d145af9: shutdown FollowerState
2019-10-15 16:11:34,394 [grpc-default-executor-2] INFO  impl.RoleInfo (RoleInfo.java:updateAndGet(143)) - 50423279-f647-4a18-8e85-347d68eaf856: start FollowerState
2019-10-15 16:11:34,394 [Thread-354] INFO  impl.FollowerState (FollowerState.java:run(117)) - 2ec85f63-33fb-4317-9145-71357d145af9@group-B2671EB745D2-FollowerState was interrupted: java.lang.InterruptedException: sleep interrupted
2019-10-15 16:11:34,394 [grpc-default-executor-5] INFO  impl.RoleInfo (RoleInfo.java:updateAndGet(143)) - 2ec85f63-33fb-4317-9145-71357d145af9: start FollowerState
2019-10-15 16:11:34,394 [Thread-355] INFO  impl.FollowerState (FollowerState.java:run(117)) - 50423279-f647-4a18-8e85-347d68eaf856@group-B2671EB745D2-FollowerState was interrupted: java.lang.InterruptedException: sleep interrupted
2019-10-15 16:11:34,410 [25d6372c-77fd-4a39-ac2a-e48debad48df@group-B2671EB745D2-LeaderElection23] INFO  impl.LeaderElection (LeaderElection.java:logAndReturn(56)) - 25d6372c-77fd-4a39-ac2a-e48debad48df@group-B2671EB745D2-LeaderElection23: Election REJECTED; received 2 response(s) [25d6372c-77fd-4a39-ac2a-e48debad48df<-50423279-f647-4a18-8e85-347d68eaf856#0:FAIL-t20, 25d6372c-77fd-4a39-ac2a-e48debad48df<-2ec85f63-33fb-4317-9145-71357d145af9#0:FAIL-t20] and 0 exception(s); 25d6372c-77fd-4a39-ac2a-e48debad48df@group-B2671EB745D2:t20, leader=null, voted=25d6372c-77fd-4a39-ac2a-e48debad48df, raftlog=25d6372c-77fd-4a39-ac2a-e48debad48df@group-B2671EB745D2-SegmentedRaftLog:OPENED:c-1,f-1,i0, conf=-1: [50423279-f647-4a18-8e85-347d68eaf856:192.168.69.88:39583, 2ec85f63-33fb-4317-9145-71357d145af9:192.168.69.88:42357, 25d6372c-77fd-4a39-ac2a-e48debad48df:192.168.69.88:39591], old=null
2019-10-15 16:11:34,411 [25d6372c-77fd-4a39-ac2a-e48debad48df@group-B2671EB745D2-LeaderElection23] INFO  impl.RaftServerImpl (RaftServerImpl.java:setRole(184)) - 25d6372c-77fd-4a39-ac2a-e48debad48df@group-B2671EB745D2: changes role from CANDIDATE to FOLLOWER at term 20 for DISCOVERED_A_NEW_TERM
2019-10-15 16:11:34,411 [25d6372c-77fd-4a39-ac2a-e48debad48df@group-B2671EB745D2-LeaderElection23] INFO  impl.RoleInfo (RoleInfo.java:shutdownLeaderElection(134)) - 25d6372c-77fd-4a39-ac2a-e48debad48df: shutdown LeaderElection
2019-10-15 16:11:34,411 [25d6372c-77fd-4a39-ac2a-e48debad48df@group-B2671EB745D2-LeaderElection23] INFO  impl.RoleInfo (RoleInfo.java:updateAndGet(143)) - 25d6372c-77fd-4a39-ac2a-e48debad48df: start FollowerState
2019-10-15 16:11:34,475 [Thread-362] INFO  impl.FollowerState (FollowerState.java:run(108)) - 25d6372c-77fd-4a39-ac2a-e48debad48df@group-B2671EB745D2-FollowerState: change to CANDIDATE, lastRpcTime:64ms, electionTimeout:64ms
2019-10-15 16:11:34,477 [Thread-362] INFO  impl.RoleInfo (RoleInfo.java:shutdownFollowerState(121)) - 25d6372c-77fd-4a39-ac2a-e48debad48df: shutdown FollowerState
2019-10-15 16:11:34,477 [Thread-362] INFO  impl.RaftServerImpl (RaftServerImpl.java:setRole(184)) - 25d6372c-77fd-4a39-ac2a-e48debad48df@group-B2671EB745D2: changes role from  FOLLOWER to CANDIDATE at term 20 for changeToCandidate
2019-10-15 16:11:34,477 [Thread-362] INFO  impl.RoleInfo (RoleInfo.java:updateAndGet(143)) - 25d6372c-77fd-4a39-ac2a-e48debad48df: start LeaderElection
2019-10-15 16:11:34,490 [25d6372c-77fd-4a39-ac2a-e48debad48df@group-B2671EB745D2-LeaderElection24] INFO  impl.LeaderElection (LeaderElection.java:askForVotes(178)) - 25d6372c-77fd-4a39-ac2a-e48debad48df@group-B2671EB745D2-LeaderElection24: begin an election at term 21 for -1: [50423279-f647-4a18-8e85-347d68eaf856:192.168.69.88:39583, 2ec85f63-33fb-4317-9145-71357d145af9:192.168.69.88:42357, 25d6372c-77fd-4a39-ac2a-e48debad48df:192.168.69.88:39591], old=null
2019-10-15 16:11:34,494 [grpc-default-executor-5] INFO  impl.RaftServerImpl (RaftServerImpl.java:setRole(184)) - 2ec85f63-33fb-4317-9145-71357d145af9@group-B2671EB745D2: changes role from  FOLLOWER to FOLLOWER at term 21 for recognizeCandidate:25d6372c-77fd-4a39-ac2a-e48debad48df
2019-10-15 16:11:34,494 [grpc-default-executor-2] INFO  impl.RaftServerImpl (RaftServerImpl.java:setRole(184)) - 50423279-f647-4a18-8e85-347d68eaf856@group-B2671EB745D2: changes role from  FOLLOWER to FOLLOWER at term 21 for recognizeCandidate:25d6372c-77fd-4a39-ac2a-e48debad48df
2019-10-15 16:11:34,494 [grpc-default-executor-5] INFO  impl.RoleInfo (RoleInfo.java:shutdownFollowerState(121)) - 2ec85f63-33fb-4317-9145-71357d145af9: shutdown FollowerState
2019-10-15 16:11:34,495 [grpc-default-executor-2] INFO  impl.RoleInfo (RoleInfo.java:shutdownFollowerState(121)) - 50423279-f647-4a18-8e85-347d68eaf856: shutdown FollowerState
2019-10-15 16:11:34,495 [grpc-default-executor-5] INFO  impl.RoleInfo (RoleInfo.java:updateAndGet(143)) - 2ec85f63-33fb-4317-9145-71357d145af9: start FollowerState
2019-10-15 16:11:34,495 [grpc-default-executor-2] INFO  impl.RoleInfo (RoleInfo.java:updateAndGet(143)) - 50423279-f647-4a18-8e85-347d68eaf856: start FollowerState
2019-10-15 16:11:34,495 [Thread-361] INFO  impl.FollowerState (FollowerState.java:run(117)) - 2ec85f63-33fb-4317-9145-71357d145af9@group-B2671EB745D2-FollowerState was interrupted: java.lang.InterruptedException: sleep interrupted
2019-10-15 16:11:34,495 [Thread-360] INFO  impl.FollowerState (FollowerState.java:run(117)) - 50423279-f647-4a18-8e85-347d68eaf856@group-B2671EB745D2-FollowerState was interrupted: java.lang.InterruptedException: sleep interrupted
2019-10-15 16:11:34,510 [25d6372c-77fd-4a39-ac2a-e48debad48df@group-B2671EB745D2-LeaderElection24] INFO  impl.LeaderElection (LeaderElection.java:logAndReturn(56)) - 25d6372c-77fd-4a39-ac2a-e48debad48df@group-B2671EB745D2-LeaderElection24: Election REJECTED; received 2 response(s) [25d6372c-77fd-4a39-ac2a-e48debad48df<-2ec85f63-33fb-4317-9145-71357d145af9#0:FAIL-t21, 25d6372c-77fd-4a39-ac2a-e48debad48df<-50423279-f647-4a18-8e85-347d68eaf856#0:FAIL-t21] and 0 exception(s); 25d6372c-77fd-4a39-ac2a-e48debad48df@group-B2671EB745D2:t21, leader=null, voted=25d6372c-77fd-4a39-ac2a-e48debad48df, raftlog=25d6372c-77fd-4a39-ac2a-e48debad48df@group-B2671EB745D2-SegmentedRaftLog:OPENED:c-1,f-1,i0, conf=-1: [50423279-f647-4a18-8e85-347d68eaf856:192.168.69.88:39583, 2ec85f63-33fb-4317-9145-71357d145af9:192.168.69.88:42357, 25d6372c-77fd-4a39-ac2a-e48debad48df:192.168.69.88:39591], old=null
2019-10-15 16:11:34,510 [25d6372c-77fd-4a39-ac2a-e48debad48df@group-B2671EB745D2-LeaderElection24] INFO  impl.RaftServerImpl (RaftServerImpl.java:setRole(184)) - 25d6372c-77fd-4a39-ac2a-e48debad48df@group-B2671EB745D2: changes role from CANDIDATE to FOLLOWER at term 21 for DISCOVERED_A_NEW_TERM
2019-10-15 16:11:34,510 [25d6372c-77fd-4a39-ac2a-e48debad48df@group-B2671EB745D2-LeaderElection24] INFO  impl.RoleInfo (RoleInfo.java:shutdownLeaderElection(134)) - 25d6372c-77fd-4a39-ac2a-e48debad48df: shutdown LeaderElection
2019-10-15 16:11:34,510 [25d6372c-77fd-4a39-ac2a-e48debad48df@group-B2671EB745D2-LeaderElection24] INFO  impl.RoleInfo (RoleInfo.java:updateAndGet(143)) - 25d6372c-77fd-4a39-ac2a-e48debad48df: start FollowerState
2019-10-15 16:11:34,624 [Thread-368] INFO  impl.FollowerState (FollowerState.java:run(108)) - 25d6372c-77fd-4a39-ac2a-e48debad48df@group-B2671EB745D2-FollowerState: change to CANDIDATE, lastRpcTime:113ms, electionTimeout:113ms
2019-10-15 16:11:34,625 [Thread-368] INFO  impl.RoleInfo (RoleInfo.java:shutdownFollowerState(121)) - 25d6372c-77fd-4a39-ac2a-e48debad48df: shutdown FollowerState
2019-10-15 16:11:34,627 [Thread-368] INFO  impl.RaftServerImpl (RaftServerImpl.java:setRole(184)) - 25d6372c-77fd-4a39-ac2a-e48debad48df@group-B2671EB745D2: changes role from  FOLLOWER to CANDIDATE at term 21 for changeToCandidate
2019-10-15 16:11:34,627 [Thread-368] INFO  impl.RoleInfo (RoleInfo.java:updateAndGet(143)) - 25d6372c-77fd-4a39-ac2a-e48debad48df: start LeaderElection
2019-10-15 16:11:34,641 [25d6372c-77fd-4a39-ac2a-e48debad48df@group-B2671EB745D2-LeaderElection25] INFO  impl.LeaderElection (LeaderElection.java:askForVotes(178)) - 25d6372c-77fd-4a39-ac2a-e48debad48df@group-B2671EB745D2-LeaderElection25: begin an election at term 22 for -1: [50423279-f647-4a18-8e85-347d68eaf856:192.168.69.88:39583, 2ec85f63-33fb-4317-9145-71357d145af9:192.168.69.88:42357, 25d6372c-77fd-4a39-ac2a-e48debad48df:192.168.69.88:39591], old=null
2019-10-15 16:11:34,645 [grpc-default-executor-2] INFO  impl.RaftServerImpl (RaftServerImpl.java:setRole(184)) - 50423279-f647-4a18-8e85-347d68eaf856@group-B2671EB745D2: changes role from  FOLLOWER to FOLLOWER at term 22 for recognizeCandidate:25d6372c-77fd-4a39-ac2a-e48debad48df
2019-10-15 16:11:34,645 [grpc-default-executor-5] INFO  impl.RaftServerImpl (RaftServerImpl.java:setRole(184)) - 2ec85f63-33fb-4317-9145-71357d145af9@group-B2671EB745D2: changes role from  FOLLOWER to FOLLOWER at term 22 for recognizeCandidate:25d6372c-77fd-4a39-ac2a-e48debad48df
2019-10-15 16:11:34,645 [grpc-default-executor-2] INFO  impl.RoleInfo (RoleInfo.java:shutdownFollowerState(121)) - 50423279-f647-4a18-8e85-347d68eaf856: shutdown FollowerState
2019-10-15 16:11:34,645 [grpc-default-executor-5] INFO  impl.RoleInfo (RoleInfo.java:shutdownFollowerState(121)) - 2ec85f63-33fb-4317-9145-71357d145af9: shutdown FollowerState
2019-10-15 16:11:34,645 [grpc-default-executor-2] INFO  impl.RoleInfo (RoleInfo.java:updateAndGet(143)) - 50423279-f647-4a18-8e85-347d68eaf856: start FollowerState
2019-10-15 16:11:34,646 [Thread-366] INFO  impl.FollowerState (FollowerState.java:run(117)) - 2ec85f63-33fb-4317-9145-71357d145af9@group-B2671EB745D2-FollowerState was interrupted: java.lang.InterruptedException: sleep interrupted
2019-10-15 16:11:34,645 [grpc-default-executor-5] INFO  impl.RoleInfo (RoleInfo.java:updateAndGet(143)) - 2ec85f63-33fb-4317-9145-71357d145af9: start FollowerState
2019-10-15 16:11:34,645 [Thread-367] INFO  impl.FollowerState (FollowerState.java:run(117)) - 50423279-f647-4a18-8e85-347d68eaf856@group-B2671EB745D2-FollowerState was interrupted: java.lang.InterruptedException: sleep interrupted
2019-10-15 16:11:34,661 [25d6372c-77fd-4a39-ac2a-e48debad48df@group-B2671EB745D2-LeaderElection25] INFO  impl.LeaderElection (LeaderElection.java:logAndReturn(56)) - 25d6372c-77fd-4a39-ac2a-e48debad48df@group-B2671EB745D2-LeaderElection25: Election REJECTED; received 2 response(s) [25d6372c-77fd-4a39-ac2a-e48debad48df<-50423279-f647-4a18-8e85-347d68eaf856#0:FAIL-t22, 25d6372c-77fd-4a39-ac2a-e48debad48df<-2ec85f63-33fb-4317-9145-71357d145af9#0:FAIL-t22] and 0 exception(s); 25d6372c-77fd-4a39-ac2a-e48debad48df@group-B2671EB745D2:t22, leader=null, voted=25d6372c-77fd-4a39-ac2a-e48debad48df, raftlog=25d6372c-77fd-4a39-ac2a-e48debad48df@group-B2671EB745D2-SegmentedRaftLog:OPENED:c-1,f-1,i0, conf=-1: [50423279-f647-4a18-8e85-347d68eaf856:192.168.69.88:39583, 2ec85f63-33fb-4317-9145-71357d145af9:192.168.69.88:42357, 25d6372c-77fd-4a39-ac2a-e48debad48df:192.168.69.88:39591], old=null
2019-10-15 16:11:34,661 [25d6372c-77fd-4a39-ac2a-e48debad48df@group-B2671EB745D2-LeaderElection25] INFO  impl.RaftServerImpl (RaftServerImpl.java:setRole(184)) - 25d6372c-77fd-4a39-ac2a-e48debad48df@group-B2671EB745D2: changes role from CANDIDATE to FOLLOWER at term 22 for DISCOVERED_A_NEW_TERM
2019-10-15 16:11:34,661 [25d6372c-77fd-4a39-ac2a-e48debad48df@group-B2671EB745D2-LeaderElection25] INFO  impl.RoleInfo (RoleInfo.java:shutdownLeaderElection(134)) - 25d6372c-77fd-4a39-ac2a-e48debad48df: shutdown LeaderElection
2019-10-15 16:11:34,661 [25d6372c-77fd-4a39-ac2a-e48debad48df@group-B2671EB745D2-LeaderElection25] INFO  impl.RoleInfo (RoleInfo.java:updateAndGet(143)) - 25d6372c-77fd-4a39-ac2a-e48debad48df: start FollowerState
2019-10-15 16:11:34,723 [Thread-374] INFO  impl.FollowerState (FollowerState.java:run(108)) - 25d6372c-77fd-4a39-ac2a-e48debad48df@group-B2671EB745D2-FollowerState: change to CANDIDATE, lastRpcTime:61ms, electionTimeout:61ms
2019-10-15 16:11:34,725 [Thread-374] INFO  impl.RoleInfo (RoleInfo.java:shutdownFollowerState(121)) - 25d6372c-77fd-4a39-ac2a-e48debad48df: shutdown FollowerState
2019-10-15 16:11:34,725 [Thread-374] INFO  impl.RaftServerImpl (RaftServerImpl.java:setRole(184)) - 25d6372c-77fd-4a39-ac2a-e48debad48df@group-B2671EB745D2: changes role from  FOLLOWER to CANDIDATE at term 22 for changeToCandidate
2019-10-15 16:11:34,725 [Thread-374] INFO  impl.RoleInfo (RoleInfo.java:updateAndGet(143)) - 25d6372c-77fd-4a39-ac2a-e48debad48df: start LeaderElection
2019-10-15 16:11:34,739 [25d6372c-77fd-4a39-ac2a-e48debad48df@group-B2671EB745D2-LeaderElection26] INFO  impl.LeaderElection (LeaderElection.java:askForVotes(178)) - 25d6372c-77fd-4a39-ac2a-e48debad48df@group-B2671EB745D2-LeaderElection26: begin an election at term 23 for -1: [50423279-f647-4a18-8e85-347d68eaf856:192.168.69.88:39583, 2ec85f63-33fb-4317-9145-71357d145af9:192.168.69.88:42357, 25d6372c-77fd-4a39-ac2a-e48debad48df:192.168.69.88:39591], old=null
2019-10-15 16:11:34,743 [grpc-default-executor-2] INFO  impl.RaftServerImpl (RaftServerImpl.java:setRole(184)) - 2ec85f63-33fb-4317-9145-71357d145af9@group-B2671EB745D2: changes role from  FOLLOWER to FOLLOWER at term 23 for recognizeCandidate:25d6372c-77fd-4a39-ac2a-e48debad48df
2019-10-15 16:11:34,743 [grpc-default-executor-5] INFO  impl.RaftServerImpl (RaftServerImpl.java:setRole(184)) - 50423279-f647-4a18-8e85-347d68eaf856@group-B2671EB745D2: changes role from  FOLLOWER to FOLLOWER at term 23 for recognizeCandidate:25d6372c-77fd-4a39-ac2a-e48debad48df
2019-10-15 16:11:34,743 [grpc-default-executor-2] INFO  impl.RoleInfo (RoleInfo.java:shutdownFollowerState(121)) - 2ec85f63-33fb-4317-9145-71357d145af9: shutdown FollowerState
2019-10-15 16:11:34,743 [grpc-default-executor-5] INFO  impl.RoleInfo (RoleInfo.java:shutdownFollowerState(121)) - 50423279-f647-4a18-8e85-347d68eaf856: shutdown FollowerState
2019-10-15 16:11:34,743 [grpc-default-executor-2] INFO  impl.RoleInfo (RoleInfo.java:updateAndGet(143)) - 2ec85f63-33fb-4317-9145-71357d145af9: start FollowerState
2019-10-15 16:11:34,743 [Thread-372] INFO  impl.FollowerState (FollowerState.java:run(117)) - 50423279-f647-4a18-8e85-347d68eaf856@group-B2671EB745D2-FollowerState was interrupted: java.lang.InterruptedException: sleep interrupted
2019-10-15 16:11:34,743 [grpc-default-executor-5] INFO  impl.RoleInfo (RoleInfo.java:updateAndGet(143)) - 50423279-f647-4a18-8e85-347d68eaf856: start FollowerState
2019-10-15 16:11:34,743 [Thread-373] INFO  impl.FollowerState (FollowerState.java:run(117)) - 2ec85f63-33fb-4317-9145-71357d145af9@group-B2671EB745D2-FollowerState was interrupted: java.lang.InterruptedException: sleep interrupted
2019-10-15 16:11:34,767 [25d6372c-77fd-4a39-ac2a-e48debad48df@group-B2671EB745D2-LeaderElection26] INFO  impl.LeaderElection (LeaderElection.java:logAndReturn(56)) - 25d6372c-77fd-4a39-ac2a-e48debad48df@group-B2671EB745D2-LeaderElection26: Election REJECTED; received 2 response(s) [25d6372c-77fd-4a39-ac2a-e48debad48df<-2ec85f63-33fb-4317-9145-71357d145af9#0:FAIL-t23, 25d6372c-77fd-4a39-ac2a-e48debad48df<-50423279-f647-4a18-8e85-347d68eaf856#0:FAIL-t23] and 0 exception(s); 25d6372c-77fd-4a39-ac2a-e48debad48df@group-B2671EB745D2:t23, leader=null, voted=25d6372c-77fd-4a39-ac2a-e48debad48df, raftlog=25d6372c-77fd-4a39-ac2a-e48debad48df@group-B2671EB745D2-SegmentedRaftLog:OPENED:c-1,f-1,i0, conf=-1: [50423279-f647-4a18-8e85-347d68eaf856:192.168.69.88:39583, 2ec85f63-33fb-4317-9145-71357d145af9:192.168.69.88:42357, 25d6372c-77fd-4a39-ac2a-e48debad48df:192.168.69.88:39591], old=null
2019-10-15 16:11:34,767 [25d6372c-77fd-4a39-ac2a-e48debad48df@group-B2671EB745D2-LeaderElection26] INFO  impl.RaftServerImpl (RaftServerImpl.java:setRole(184)) - 25d6372c-77fd-4a39-ac2a-e48debad48df@group-B2671EB745D2: changes role from CANDIDATE to FOLLOWER at term 23 for DISCOVERED_A_NEW_TERM
2019-10-15 16:11:34,767 [25d6372c-77fd-4a39-ac2a-e48debad48df@group-B2671EB745D2-LeaderElection26] INFO  impl.RoleInfo (RoleInfo.java:shutdownLeaderElection(134)) - 25d6372c-77fd-4a39-ac2a-e48debad48df: shutdown LeaderElection
2019-10-15 16:11:34,768 [25d6372c-77fd-4a39-ac2a-e48debad48df@group-B2671EB745D2-LeaderElection26] INFO  impl.RoleInfo (RoleInfo.java:updateAndGet(143)) - 25d6372c-77fd-4a39-ac2a-e48debad48df: start FollowerState
2019-10-15 16:11:34,947 [Thread-380] INFO  impl.FollowerState (FollowerState.java:run(108)) - 25d6372c-77fd-4a39-ac2a-e48debad48df@group-B2671EB745D2-FollowerState: change to CANDIDATE, lastRpcTime:179ms, electionTimeout:179ms
2019-10-15 16:11:34,948 [Thread-380] INFO  impl.RoleInfo (RoleInfo.java:shutdownFollowerState(121)) - 25d6372c-77fd-4a39-ac2a-e48debad48df: shutdown FollowerState
2019-10-15 16:11:34,949 [Thread-380] INFO  impl.RaftServerImpl (RaftServerImpl.java:setRole(184)) - 25d6372c-77fd-4a39-ac2a-e48debad48df@group-B2671EB745D2: changes role from  FOLLOWER to CANDIDATE at term 23 for changeToCandidate
2019-10-15 16:11:34,949 [Thread-380] INFO  impl.RoleInfo (RoleInfo.java:updateAndGet(143)) - 25d6372c-77fd-4a39-ac2a-e48debad48df: start LeaderElection
2019-10-15 16:11:34,964 [25d6372c-77fd-4a39-ac2a-e48debad48df@group-B2671EB745D2-LeaderElection27] INFO  impl.LeaderElection (LeaderElection.java:askForVotes(178)) - 25d6372c-77fd-4a39-ac2a-e48debad48df@group-B2671EB745D2-LeaderElection27: begin an election at term 24 for -1: [50423279-f647-4a18-8e85-347d68eaf856:192.168.69.88:39583, 2ec85f63-33fb-4317-9145-71357d145af9:192.168.69.88:42357, 25d6372c-77fd-4a39-ac2a-e48debad48df:192.168.69.88:39591], old=null
2019-10-15 16:11:34,967 [grpc-default-executor-2] INFO  impl.RaftServerImpl (RaftServerImpl.java:setRole(184)) - 50423279-f647-4a18-8e85-347d68eaf856@group-B2671EB745D2: changes role from  FOLLOWER to FOLLOWER at term 24 for recognizeCandidate:25d6372c-77fd-4a39-ac2a-e48debad48df
2019-10-15 16:11:34,967 [grpc-default-executor-2] INFO  impl.RoleInfo (RoleInfo.java:shutdownFollowerState(121)) - 50423279-f647-4a18-8e85-347d68eaf856: shutdown FollowerState
2019-10-15 16:11:34,967 [grpc-default-executor-5] INFO  impl.RaftServerImpl (RaftServerImpl.java:setRole(184)) - 2ec85f63-33fb-4317-9145-71357d145af9@group-B2671EB745D2: changes role from  FOLLOWER to FOLLOWER at term 24 for recognizeCandidate:25d6372c-77fd-4a39-ac2a-e48debad48df
2019-10-15 16:11:34,967 [Thread-379] INFO  impl.FollowerState (FollowerState.java:run(117)) - 50423279-f647-4a18-8e85-347d68eaf856@group-B2671EB745D2-FollowerState was interrupted: java.lang.InterruptedException: sleep interrupted
2019-10-15 16:11:34,967 [grpc-default-executor-2] INFO  impl.RoleInfo (RoleInfo.java:updateAndGet(143)) - 50423279-f647-4a18-8e85-347d68eaf856: start FollowerState
2019-10-15 16:11:34,968 [grpc-default-executor-5] INFO  impl.RoleInfo (RoleInfo.java:shutdownFollowerState(121)) - 2ec85f63-33fb-4317-9145-71357d145af9: shutdown FollowerState
2019-10-15 16:11:34,968 [Thread-378] INFO  impl.FollowerState (FollowerState.java:run(117)) - 2ec85f63-33fb-4317-9145-71357d145af9@group-B2671EB745D2-FollowerState was interrupted: java.lang.InterruptedException: sleep interrupted
2019-10-15 16:11:34,968 [grpc-default-executor-5] INFO  impl.RoleInfo (RoleInfo.java:updateAndGet(143)) - 2ec85f63-33fb-4317-9145-71357d145af9: start FollowerState
2019-10-15 16:11:34,983 [25d6372c-77fd-4a39-ac2a-e48debad48df@group-B2671EB745D2-LeaderElection27] INFO  impl.LeaderElection (LeaderElection.java:logAndReturn(56)) - 25d6372c-77fd-4a39-ac2a-e48debad48df@group-B2671EB745D2-LeaderElection27: Election REJECTED; received 2 response(s) [25d6372c-77fd-4a39-ac2a-e48debad48df<-50423279-f647-4a18-8e85-347d68eaf856#0:FAIL-t24, 25d6372c-77fd-4a39-ac2a-e48debad48df<-2ec85f63-33fb-4317-9145-71357d145af9#0:FAIL-t24] and 0 exception(s); 25d6372c-77fd-4a39-ac2a-e48debad48df@group-B2671EB745D2:t24, leader=null, voted=25d6372c-77fd-4a39-ac2a-e48debad48df, raftlog=25d6372c-77fd-4a39-ac2a-e48debad48df@group-B2671EB745D2-SegmentedRaftLog:OPENED:c-1,f-1,i0, conf=-1: [50423279-f647-4a18-8e85-347d68eaf856:192.168.69.88:39583, 2ec85f63-33fb-4317-9145-71357d145af9:192.168.69.88:42357, 25d6372c-77fd-4a39-ac2a-e48debad48df:192.168.69.88:39591], old=null
2019-10-15 16:11:34,983 [25d6372c-77fd-4a39-ac2a-e48debad48df@group-B2671EB745D2-LeaderElection27] INFO  impl.RaftServerImpl (RaftServerImpl.java:setRole(184)) - 25d6372c-77fd-4a39-ac2a-e48debad48df@group-B2671EB745D2: changes role from CANDIDATE to FOLLOWER at term 24 for DISCOVERED_A_NEW_TERM
2019-10-15 16:11:34,983 [25d6372c-77fd-4a39-ac2a-e48debad48df@group-B2671EB745D2-LeaderElection27] INFO  impl.RoleInfo (RoleInfo.java:shutdownLeaderElection(134)) - 25d6372c-77fd-4a39-ac2a-e48debad48df: shutdown LeaderElection
2019-10-15 16:11:34,984 [25d6372c-77fd-4a39-ac2a-e48debad48df@group-B2671EB745D2-LeaderElection27] INFO  impl.RoleInfo (RoleInfo.java:updateAndGet(143)) - 25d6372c-77fd-4a39-ac2a-e48debad48df: start FollowerState
2019-10-15 16:11:35,106 [Thread-386] INFO  impl.FollowerState (FollowerState.java:run(108)) - 25d6372c-77fd-4a39-ac2a-e48debad48df@group-B2671EB745D2-FollowerState: change to CANDIDATE, lastRpcTime:122ms, electionTimeout:122ms
2019-10-15 16:11:35,107 [Thread-386] INFO  impl.RoleInfo (RoleInfo.java:shutdownFollowerState(121)) - 25d6372c-77fd-4a39-ac2a-e48debad48df: shutdown FollowerState
2019-10-15 16:11:35,107 [Thread-386] INFO  impl.RaftServerImpl (RaftServerImpl.java:setRole(184)) - 25d6372c-77fd-4a39-ac2a-e48debad48df@group-B2671EB745D2: changes role from  FOLLOWER to CANDIDATE at term 24 for changeToCandidate
2019-10-15 16:11:35,107 [Thread-386] INFO  impl.RoleInfo (RoleInfo.java:updateAndGet(143)) - 25d6372c-77fd-4a39-ac2a-e48debad48df: start LeaderElection
2019-10-15 16:11:35,119 [25d6372c-77fd-4a39-ac2a-e48debad48df@group-B2671EB745D2-LeaderElection28] INFO  impl.LeaderElection (LeaderElection.java:askForVotes(178)) - 25d6372c-77fd-4a39-ac2a-e48debad48df@group-B2671EB745D2-LeaderElection28: begin an election at term 25 for -1: [50423279-f647-4a18-8e85-347d68eaf856:192.168.69.88:39583, 2ec85f63-33fb-4317-9145-71357d145af9:192.168.69.88:42357, 25d6372c-77fd-4a39-ac2a-e48debad48df:192.168.69.88:39591], old=null
2019-10-15 16:11:35,122 [grpc-default-executor-2] INFO  impl.RaftServerImpl (RaftServerImpl.java:setRole(184)) - 2ec85f63-33fb-4317-9145-71357d145af9@group-B2671EB745D2: changes role from  FOLLOWER to FOLLOWER at term 25 for recognizeCandidate:25d6372c-77fd-4a39-ac2a-e48debad48df
2019-10-15 16:11:35,122 [grpc-default-executor-5] INFO  impl.RaftServerImpl (RaftServerImpl.java:setRole(184)) - 50423279-f647-4a18-8e85-347d68eaf856@group-B2671EB745D2: changes role from  FOLLOWER to FOLLOWER at term 25 for recognizeCandidate:25d6372c-77fd-4a39-ac2a-e48debad48df
2019-10-15 16:11:35,122 [grpc-default-executor-2] INFO  impl.RoleInfo (RoleInfo.java:shutdownFollowerState(121)) - 2ec85f63-33fb-4317-9145-71357d145af9: shutdown FollowerState
2019-10-15 16:11:35,122 [grpc-default-executor-5] INFO  impl.RoleInfo (RoleInfo.java:shutdownFollowerState(121)) - 50423279-f647-4a18-8e85-347d68eaf856: shutdown FollowerState
2019-10-15 16:11:35,122 [grpc-default-executor-2] INFO  impl.RoleInfo (RoleInfo.java:updateAndGet(143)) - 2ec85f63-33fb-4317-9145-71357d145af9: start FollowerState
2019-10-15 16:11:35,122 [Thread-385] INFO  impl.FollowerState (FollowerState.java:run(117)) - 2ec85f63-33fb-4317-9145-71357d145af9@group-B2671EB745D2-FollowerState was interrupted: java.lang.InterruptedException: sleep interrupted
2019-10-15 16:11:35,122 [Thread-384] INFO  impl.FollowerState (FollowerState.java:run(117)) - 50423279-f647-4a18-8e85-347d68eaf856@group-B2671EB745D2-FollowerState was interrupted: java.lang.InterruptedException: sleep interrupted
2019-10-15 16:11:35,122 [grpc-default-executor-5] INFO  impl.RoleInfo (RoleInfo.java:updateAndGet(143)) - 50423279-f647-4a18-8e85-347d68eaf856: start FollowerState
2019-10-15 16:11:35,131 [25d6372c-77fd-4a39-ac2a-e48debad48df@group-B2671EB745D2-LeaderElection28] INFO  impl.LeaderElection (LeaderElection.java:logAndReturn(56)) - 25d6372c-77fd-4a39-ac2a-e48debad48df@group-B2671EB745D2-LeaderElection28: Election REJECTED; received 2 response(s) [25d6372c-77fd-4a39-ac2a-e48debad48df<-2ec85f63-33fb-4317-9145-71357d145af9#0:FAIL-t25, 25d6372c-77fd-4a39-ac2a-e48debad48df<-50423279-f647-4a18-8e85-347d68eaf856#0:FAIL-t25] and 0 exception(s); 25d6372c-77fd-4a39-ac2a-e48debad48df@group-B2671EB745D2:t25, leader=null, voted=25d6372c-77fd-4a39-ac2a-e48debad48df, raftlog=25d6372c-77fd-4a39-ac2a-e48debad48df@group-B2671EB745D2-SegmentedRaftLog:OPENED:c-1,f-1,i0, conf=-1: [50423279-f647-4a18-8e85-347d68eaf856:192.168.69.88:39583, 2ec85f63-33fb-4317-9145-71357d145af9:192.168.69.88:42357, 25d6372c-77fd-4a39-ac2a-e48debad48df:192.168.69.88:39591], old=null
2019-10-15 16:11:35,131 [25d6372c-77fd-4a39-ac2a-e48debad48df@group-B2671EB745D2-LeaderElection28] INFO  impl.RaftServerImpl (RaftServerImpl.java:setRole(184)) - 25d6372c-77fd-4a39-ac2a-e48debad48df@group-B2671EB745D2: changes role from CANDIDATE to FOLLOWER at term 25 for DISCOVERED_A_NEW_TERM
2019-10-15 16:11:35,132 [25d6372c-77fd-4a39-ac2a-e48debad48df@group-B2671EB745D2-LeaderElection28] INFO  impl.RoleInfo (RoleInfo.java:shutdownLeaderElection(134)) - 25d6372c-77fd-4a39-ac2a-e48debad48df: shutdown LeaderElection
2019-10-15 16:11:35,132 [25d6372c-77fd-4a39-ac2a-e48debad48df@group-B2671EB745D2-LeaderElection28] INFO  impl.RoleInfo (RoleInfo.java:updateAndGet(143)) - 25d6372c-77fd-4a39-ac2a-e48debad48df: start FollowerState
2019-10-15 16:11:35,324 [Thread-394] INFO  impl.FollowerState (FollowerState.java:run(108)) - 25d6372c-77fd-4a39-ac2a-e48debad48df@group-B2671EB745D2-FollowerState: change to CANDIDATE, lastRpcTime:192ms, electionTimeout:192ms
2019-10-15 16:11:35,326 [Thread-394] INFO  impl.RoleInfo (RoleInfo.java:shutdownFollowerState(121)) - 25d6372c-77fd-4a39-ac2a-e48debad48df: shutdown FollowerState
2019-10-15 16:11:35,327 [Thread-394] INFO  impl.RaftServerImpl (RaftServerImpl.java:setRole(184)) - 25d6372c-77fd-4a39-ac2a-e48debad48df@group-B2671EB745D2: changes role from  FOLLOWER to CANDIDATE at term 25 for changeToCandidate
2019-10-15 16:11:35,327 [Thread-394] INFO  impl.RoleInfo (RoleInfo.java:updateAndGet(143)) - 25d6372c-77fd-4a39-ac2a-e48debad48df: start LeaderElection
2019-10-15 16:11:35,332 [25d6372c-77fd-4a39-ac2a-e48debad48df@group-B2671EB745D2-LeaderElection29] INFO  impl.LeaderElection (LeaderElection.java:askForVotes(178)) - 25d6372c-77fd-4a39-ac2a-e48debad48df@group-B2671EB745D2-LeaderElection29: begin an election at term 26 for -1: [50423279-f647-4a18-8e85-347d68eaf856:192.168.69.88:39583, 2ec85f63-33fb-4317-9145-71357d145af9:192.168.69.88:42357, 25d6372c-77fd-4a39-ac2a-e48debad48df:192.168.69.88:39591], old=null
2019-10-15 16:11:35,336 [grpc-default-executor-2] INFO  impl.RaftServerImpl (RaftServerImpl.java:setRole(184)) - 2ec85f63-33fb-4317-9145-71357d145af9@group-B2671EB745D2: changes role from  FOLLOWER to FOLLOWER at term 26 for recognizeCandidate:25d6372c-77fd-4a39-ac2a-e48debad48df
2019-10-15 16:11:35,337 [grpc-default-executor-2] INFO  impl.RoleInfo (RoleInfo.java:shutdownFollowerState(121)) - 2ec85f63-33fb-4317-9145-71357d145af9: shutdown FollowerState
2019-10-15 16:11:35,337 [Thread-392] INFO  impl.FollowerState (FollowerState.java:run(117)) - 2ec85f63-33fb-4317-9145-71357d145af9@group-B2671EB745D2-FollowerState was interrupted: java.lang.InterruptedException: sleep interrupted
2019-10-15 16:11:35,337 [grpc-default-executor-5] INFO  impl.RaftServerImpl (RaftServerImpl.java:setRole(184)) - 50423279-f647-4a18-8e85-347d68eaf856@group-B2671EB745D2: changes role from  FOLLOWER to FOLLOWER at term 26 for recognizeCandidate:25d6372c-77fd-4a39-ac2a-e48debad48df
2019-10-15 16:11:35,337 [grpc-default-executor-2] INFO  impl.RoleInfo (RoleInfo.java:updateAndGet(143)) - 2ec85f63-33fb-4317-9145-71357d145af9: start FollowerState
2019-10-15 16:11:35,337 [grpc-default-executor-5] INFO  impl.RoleInfo (RoleInfo.java:shutdownFollowerState(121)) - 50423279-f647-4a18-8e85-347d68eaf856: shutdown FollowerState
2019-10-15 16:11:35,337 [grpc-default-executor-5] INFO  impl.RoleInfo (RoleInfo.java:updateAndGet(143)) - 50423279-f647-4a18-8e85-347d68eaf856: start FollowerState
2019-10-15 16:11:35,337 [Thread-393] INFO  impl.FollowerState (FollowerState.java:run(117)) - 50423279-f647-4a18-8e85-347d68eaf856@group-B2671EB745D2-FollowerState was interrupted: java.lang.InterruptedException: sleep interrupted
2019-10-15 16:11:35,346 [25d6372c-77fd-4a39-ac2a-e48debad48df@group-B2671EB745D2-LeaderElection29] INFO  impl.LeaderElection (LeaderElection.java:logAndReturn(56)) - 25d6372c-77fd-4a39-ac2a-e48debad48df@group-B2671EB745D2-LeaderElection29: Election REJECTED; received 2 response(s) [25d6372c-77fd-4a39-ac2a-e48debad48df<-2ec85f63-33fb-4317-9145-71357d145af9#0:FAIL-t26, 25d6372c-77fd-4a39-ac2a-e48debad48df<-50423279-f647-4a18-8e85-347d68eaf856#0:FAIL-t26] and 0 exception(s); 25d6372c-77fd-4a39-ac2a-e48debad48df@group-B2671EB745D2:t26, leader=null, voted=25d6372c-77fd-4a39-ac2a-e48debad48df, raftlog=25d6372c-77fd-4a39-ac2a-e48debad48df@group-B2671EB745D2-SegmentedRaftLog:OPENED:c-1,f-1,i0, conf=-1: [50423279-f647-4a18-8e85-347d68eaf856:192.168.69.88:39583, 2ec85f63-33fb-4317-9145-71357d145af9:192.168.69.88:42357, 25d6372c-77fd-4a39-ac2a-e48debad48df:192.168.69.88:39591], old=null
2019-10-15 16:11:35,346 [25d6372c-77fd-4a39-ac2a-e48debad48df@group-B2671EB745D2-LeaderElection29] INFO  impl.RaftServerImpl (RaftServerImpl.java:setRole(184)) - 25d6372c-77fd-4a39-ac2a-e48debad48df@group-B2671EB745D2: changes role from CANDIDATE to FOLLOWER at term 26 for DISCOVERED_A_NEW_TERM
2019-10-15 16:11:35,346 [25d6372c-77fd-4a39-ac2a-e48debad48df@group-B2671EB745D2-LeaderElection29] INFO  impl.RoleInfo (RoleInfo.java:shutdownLeaderElection(134)) - 25d6372c-77fd-4a39-ac2a-e48debad48df: shutdown LeaderElection
2019-10-15 16:11:35,346 [25d6372c-77fd-4a39-ac2a-e48debad48df@group-B2671EB745D2-LeaderElection29] INFO  impl.RoleInfo (RoleInfo.java:updateAndGet(143)) - 25d6372c-77fd-4a39-ac2a-e48debad48df: start FollowerState
2019-10-15 16:11:35,544 [Thread-400] INFO  impl.FollowerState (FollowerState.java:run(108)) - 25d6372c-77fd-4a39-ac2a-e48debad48df@group-B2671EB745D2-FollowerState: change to CANDIDATE, lastRpcTime:197ms, electionTimeout:197ms
2019-10-15 16:11:35,545 [Thread-400] INFO  impl.RoleInfo (RoleInfo.java:shutdownFollowerState(121)) - 25d6372c-77fd-4a39-ac2a-e48debad48df: shutdown FollowerState
2019-10-15 16:11:35,545 [Thread-400] INFO  impl.RaftServerImpl (RaftServerImpl.java:setRole(184)) - 25d6372c-77fd-4a39-ac2a-e48debad48df@group-B2671EB745D2: changes role from  FOLLOWER to CANDIDATE at term 26 for changeToCandidate
2019-10-15 16:11:35,546 [Thread-400] INFO  impl.RoleInfo (RoleInfo.java:updateAndGet(143)) - 25d6372c-77fd-4a39-ac2a-e48debad48df: start LeaderElection
2019-10-15 16:11:35,559 [25d6372c-77fd-4a39-ac2a-e48debad48df@group-B2671EB745D2-LeaderElection30] INFO  impl.LeaderElection (LeaderElection.java:askForVotes(178)) - 25d6372c-77fd-4a39-ac2a-e48debad48df@group-B2671EB745D2-LeaderElection30: begin an election at term 27 for -1: [50423279-f647-4a18-8e85-347d68eaf856:192.168.69.88:39583, 2ec85f63-33fb-4317-9145-71357d145af9:192.168.69.88:42357, 25d6372c-77fd-4a39-ac2a-e48debad48df:192.168.69.88:39591], old=null
2019-10-15 16:11:35,563 [grpc-default-executor-2] INFO  impl.RaftServerImpl (RaftServerImpl.java:setRole(184)) - 50423279-f647-4a18-8e85-347d68eaf856@group-B2671EB745D2: changes role from  FOLLOWER to FOLLOWER at term 27 for recognizeCandidate:25d6372c-77fd-4a39-ac2a-e48debad48df
2019-10-15 16:11:35,563 [grpc-default-executor-2] INFO  impl.RoleInfo (RoleInfo.java:shutdownFollowerState(121)) - 50423279-f647-4a18-8e85-347d68eaf856: shutdown FollowerState
2019-10-15 16:11:35,563 [grpc-default-executor-5] INFO  impl.RaftServerImpl (RaftServerImpl.java:setRole(184)) - 2ec85f63-33fb-4317-9145-71357d145af9@group-B2671EB745D2: changes role from  FOLLOWER to FOLLOWER at term 27 for recognizeCandidate:25d6372c-77fd-4a39-ac2a-e48debad48df
2019-10-15 16:11:35,563 [Thread-399] INFO  impl.FollowerState (FollowerState.java:run(117)) - 50423279-f647-4a18-8e85-347d68eaf856@group-B2671EB745D2-FollowerState was interrupted: java.lang.InterruptedException: sleep interrupted
2019-10-15 16:11:35,563 [grpc-default-executor-2] INFO  impl.RoleInfo (RoleInfo.java:updateAndGet(143)) - 50423279-f647-4a18-8e85-347d68eaf856: start FollowerState
2019-10-15 16:11:35,564 [grpc-default-executor-5] INFO  impl.RoleInfo (RoleInfo.java:shutdownFollowerState(121)) - 2ec85f63-33fb-4317-9145-71357d145af9: shutdown FollowerState
2019-10-15 16:11:35,564 [grpc-default-executor-5] INFO  impl.RoleInfo (RoleInfo.java:updateAndGet(143)) - 2ec85f63-33fb-4317-9145-71357d145af9: start FollowerState
2019-10-15 16:11:35,564 [Thread-398] INFO  impl.FollowerState (FollowerState.java:run(117)) - 2ec85f63-33fb-4317-9145-71357d145af9@group-B2671EB745D2-FollowerState was interrupted: java.lang.InterruptedException: sleep interrupted
2019-10-15 16:11:35,583 [25d6372c-77fd-4a39-ac2a-e48debad48df@group-B2671EB745D2-LeaderElection30] INFO  impl.LeaderElection (LeaderElection.java:logAndReturn(56)) - 25d6372c-77fd-4a39-ac2a-e48debad48df@group-B2671EB745D2-LeaderElection30: Election REJECTED; received 2 response(s) [25d6372c-77fd-4a39-ac2a-e48debad48df<-50423279-f647-4a18-8e85-347d68eaf856#0:FAIL-t27, 25d6372c-77fd-4a39-ac2a-e48debad48df<-2ec85f63-33fb-4317-9145-71357d145af9#0:FAIL-t27] and 0 exception(s); 25d6372c-77fd-4a39-ac2a-e48debad48df@group-B2671EB745D2:t27, leader=null, voted=25d6372c-77fd-4a39-ac2a-e48debad48df, raftlog=25d6372c-77fd-4a39-ac2a-e48debad48df@group-B2671EB745D2-SegmentedRaftLog:OPENED:c-1,f-1,i0, conf=-1: [50423279-f647-4a18-8e85-347d68eaf856:192.168.69.88:39583, 2ec85f63-33fb-4317-9145-71357d145af9:192.168.69.88:42357, 25d6372c-77fd-4a39-ac2a-e48debad48df:192.168.69.88:39591], old=null
2019-10-15 16:11:35,583 [25d6372c-77fd-4a39-ac2a-e48debad48df@group-B2671EB745D2-LeaderElection30] INFO  impl.RaftServerImpl (RaftServerImpl.java:setRole(184)) - 25d6372c-77fd-4a39-ac2a-e48debad48df@group-B2671EB745D2: changes role from CANDIDATE to FOLLOWER at term 27 for DISCOVERED_A_NEW_TERM
2019-10-15 16:11:35,584 [25d6372c-77fd-4a39-ac2a-e48debad48df@group-B2671EB745D2-LeaderElection30] INFO  impl.RoleInfo (RoleInfo.java:shutdownLeaderElection(134)) - 25d6372c-77fd-4a39-ac2a-e48debad48df: shutdown LeaderElection
2019-10-15 16:11:35,584 [25d6372c-77fd-4a39-ac2a-e48debad48df@group-B2671EB745D2-LeaderElection30] INFO  impl.RoleInfo (RoleInfo.java:updateAndGet(143)) - 25d6372c-77fd-4a39-ac2a-e48debad48df: start FollowerState
2019-10-15 16:11:35,717 [Thread-406] INFO  impl.FollowerState (FollowerState.java:run(108)) - 25d6372c-77fd-4a39-ac2a-e48debad48df@group-B2671EB745D2-FollowerState: change to CANDIDATE, lastRpcTime:133ms, electionTimeout:133ms
2019-10-15 16:11:35,718 [Thread-406] INFO  impl.RoleInfo (RoleInfo.java:shutdownFollowerState(121)) - 25d6372c-77fd-4a39-ac2a-e48debad48df: shutdown FollowerState
2019-10-15 16:11:35,719 [Thread-406] INFO  impl.RaftServerImpl (RaftServerImpl.java:setRole(184)) - 25d6372c-77fd-4a39-ac2a-e48debad48df@group-B2671EB745D2: changes role from  FOLLOWER to CANDIDATE at term 27 for changeToCandidate
2019-10-15 16:11:35,719 [Thread-406] INFO  impl.RoleInfo (RoleInfo.java:updateAndGet(143)) - 25d6372c-77fd-4a39-ac2a-e48debad48df: start LeaderElection
2019-10-15 16:11:35,736 [25d6372c-77fd-4a39-ac2a-e48debad48df@group-B2671EB745D2-LeaderElection31] INFO  impl.LeaderElection (LeaderElection.java:askForVotes(178)) - 25d6372c-77fd-4a39-ac2a-e48debad48df@group-B2671EB745D2-LeaderElection31: begin an election at term 28 for -1: [50423279-f647-4a18-8e85-347d68eaf856:192.168.69.88:39583, 2ec85f63-33fb-4317-9145-71357d145af9:192.168.69.88:42357, 25d6372c-77fd-4a39-ac2a-e48debad48df:192.168.69.88:39591], old=null
2019-10-15 16:11:35,739 [grpc-default-executor-2] INFO  impl.RaftServerImpl (RaftServerImpl.java:setRole(184)) - 50423279-f647-4a18-8e85-347d68eaf856@group-B2671EB745D2: changes role from  FOLLOWER to FOLLOWER at term 28 for recognizeCandidate:25d6372c-77fd-4a39-ac2a-e48debad48df
2019-10-15 16:11:35,739 [grpc-default-executor-2] INFO  impl.RoleInfo (RoleInfo.java:shutdownFollowerState(121)) - 50423279-f647-4a18-8e85-347d68eaf856: shutdown FollowerState
2019-10-15 16:11:35,739 [grpc-default-executor-5] INFO  impl.RaftServerImpl (RaftServerImpl.java:setRole(184)) - 2ec85f63-33fb-4317-9145-71357d145af9@group-B2671EB745D2: changes role from  FOLLOWER to FOLLOWER at term 28 for recognizeCandidate:25d6372c-77fd-4a39-ac2a-e48debad48df
2019-10-15 16:11:35,739 [Thread-404] INFO  impl.FollowerState (FollowerState.java:run(117)) - 50423279-f647-4a18-8e85-347d68eaf856@group-B2671EB745D2-FollowerState was interrupted: java.lang.InterruptedException: sleep interrupted
2019-10-15 16:11:35,739 [grpc-default-executor-2] INFO  impl.RoleInfo (RoleInfo.java:updateAndGet(143)) - 50423279-f647-4a18-8e85-347d68eaf856: start FollowerState
2019-10-15 16:11:35,739 [grpc-default-executor-5] INFO  impl.RoleInfo (RoleInfo.java:shutdownFollowerState(121)) - 2ec85f63-33fb-4317-9145-71357d145af9: shutdown FollowerState
2019-10-15 16:11:35,740 [grpc-default-executor-5] INFO  impl.RoleInfo (RoleInfo.java:updateAndGet(143)) - 2ec85f63-33fb-4317-9145-71357d145af9: start FollowerState
2019-10-15 16:11:35,740 [Thread-405] INFO  impl.FollowerState (FollowerState.java:run(117)) - 2ec85f63-33fb-4317-9145-71357d145af9@group-B2671EB745D2-FollowerState was interrupted: java.lang.InterruptedException: sleep interrupted
2019-10-15 16:11:35,751 [25d6372c-77fd-4a39-ac2a-e48debad48df@group-B2671EB745D2-LeaderElection31] INFO  impl.LeaderElection (LeaderElection.java:logAndReturn(56)) - 25d6372c-77fd-4a39-ac2a-e48debad48df@group-B2671EB745D2-LeaderElection31: Election TIMEOUT; received 0 response(s) [] and 0 exception(s); 25d6372c-77fd-4a39-ac2a-e48debad48df@group-B2671EB745D2:t28, leader=null, voted=25d6372c-77fd-4a39-ac2a-e48debad48df, raftlog=25d6372c-77fd-4a39-ac2a-e48debad48df@group-B2671EB745D2-SegmentedRaftLog:OPENED:c-1,f-1,i0, conf=-1: [50423279-f647-4a18-8e85-347d68eaf856:192.168.69.88:39583, 2ec85f63-33fb-4317-9145-71357d145af9:192.168.69.88:42357, 25d6372c-77fd-4a39-ac2a-e48debad48df:192.168.69.88:39591], old=null
2019-10-15 16:11:35,760 [25d6372c-77fd-4a39-ac2a-e48debad48df@group-B2671EB745D2-LeaderElection31] INFO  impl.LeaderElection (LeaderElection.java:askForVotes(178)) - 25d6372c-77fd-4a39-ac2a-e48debad48df@group-B2671EB745D2-LeaderElection31: begin an election at term 29 for -1: [50423279-f647-4a18-8e85-347d68eaf856:192.168.69.88:39583, 2ec85f63-33fb-4317-9145-71357d145af9:192.168.69.88:42357, 25d6372c-77fd-4a39-ac2a-e48debad48df:192.168.69.88:39591], old=null
2019-10-15 16:11:35,763 [grpc-default-executor-5] INFO  impl.RaftServerImpl (RaftServerImpl.java:setRole(184)) - 50423279-f647-4a18-8e85-347d68eaf856@group-B2671EB745D2: changes role from  FOLLOWER to FOLLOWER at term 29 for recognizeCandidate:25d6372c-77fd-4a39-ac2a-e48debad48df
2019-10-15 16:11:35,764 [grpc-default-executor-2] INFO  impl.RaftServerImpl (RaftServerImpl.java:setRole(184)) - 2ec85f63-33fb-4317-9145-71357d145af9@group-B2671EB745D2: changes role from  FOLLOWER to FOLLOWER at term 29 for recognizeCandidate:25d6372c-77fd-4a39-ac2a-e48debad48df
2019-10-15 16:11:35,764 [grpc-default-executor-5] INFO  impl.RoleInfo (RoleInfo.java:shutdownFollowerState(121)) - 50423279-f647-4a18-8e85-347d68eaf856: shutdown FollowerState
2019-10-15 16:11:35,764 [grpc-default-executor-2] INFO  impl.RoleInfo (RoleInfo.java:shutdownFollowerState(121)) - 2ec85f63-33fb-4317-9145-71357d145af9: shutdown FollowerState
2019-10-15 16:11:35,764 [Thread-410] INFO  impl.FollowerState (FollowerState.java:run(117)) - 50423279-f647-4a18-8e85-347d68eaf856@group-B2671EB745D2-FollowerState was interrupted: java.lang.InterruptedException: sleep interrupted
2019-10-15 16:11:35,764 [grpc-default-executor-2] INFO  impl.RoleInfo (RoleInfo.java:updateAndGet(143)) - 2ec85f63-33fb-4317-9145-71357d145af9: start FollowerState
2019-10-15 16:11:35,764 [grpc-default-executor-5] INFO  impl.RoleInfo (RoleInfo.java:updateAndGet(143)) - 50423279-f647-4a18-8e85-347d68eaf856: start FollowerState
2019-10-15 16:11:35,764 [Thread-411] INFO  impl.FollowerState (FollowerState.java:run(117)) - 2ec85f63-33fb-4317-9145-71357d145af9@group-B2671EB745D2-FollowerState was interrupted: java.lang.InterruptedException: sleep interrupted
2019-10-15 16:11:35,777 [25d6372c-77fd-4a39-ac2a-e48debad48df@group-B2671EB745D2-LeaderElection31] INFO  impl.LeaderElection (LeaderElection.java:logAndReturn(56)) - 25d6372c-77fd-4a39-ac2a-e48debad48df@group-B2671EB745D2-LeaderElection31: Election REJECTED; received 2 response(s) [25d6372c-77fd-4a39-ac2a-e48debad48df<-50423279-f647-4a18-8e85-347d68eaf856#0:FAIL-t29, 25d6372c-77fd-4a39-ac2a-e48debad48df<-2ec85f63-33fb-4317-9145-71357d145af9#0:FAIL-t29] and 0 exception(s); 25d6372c-77fd-4a39-ac2a-e48debad48df@group-B2671EB745D2:t29, leader=null, voted=25d6372c-77fd-4a39-ac2a-e48debad48df, raftlog=25d6372c-77fd-4a39-ac2a-e48debad48df@group-B2671EB745D2-SegmentedRaftLog:OPENED:c-1,f-1,i0, conf=-1: [50423279-f647-4a18-8e85-347d68eaf856:192.168.69.88:39583, 2ec85f63-33fb-4317-9145-71357d145af9:192.168.69.88:42357, 25d6372c-77fd-4a39-ac2a-e48debad48df:192.168.69.88:39591], old=null
2019-10-15 16:11:35,778 [25d6372c-77fd-4a39-ac2a-e48debad48df@group-B2671EB745D2-LeaderElection31] INFO  impl.RaftServerImpl (RaftServerImpl.java:setRole(184)) - 25d6372c-77fd-4a39-ac2a-e48debad48df@group-B2671EB745D2: changes role from CANDIDATE to FOLLOWER at term 29 for DISCOVERED_A_NEW_TERM
2019-10-15 16:11:35,778 [25d6372c-77fd-4a39-ac2a-e48debad48df@group-B2671EB745D2-LeaderElection31] INFO  impl.RoleInfo (RoleInfo.java:shutdownLeaderElection(134)) - 25d6372c-77fd-4a39-ac2a-e48debad48df: shutdown LeaderElection
2019-10-15 16:11:35,778 [25d6372c-77fd-4a39-ac2a-e48debad48df@group-B2671EB745D2-LeaderElection31] INFO  impl.RoleInfo (RoleInfo.java:updateAndGet(143)) - 25d6372c-77fd-4a39-ac2a-e48debad48df: start FollowerState
2019-10-15 16:11:35,960 [Thread-416] INFO  impl.FollowerState (FollowerState.java:run(108)) - 25d6372c-77fd-4a39-ac2a-e48debad48df@group-B2671EB745D2-FollowerState: change to CANDIDATE, lastRpcTime:182ms, electionTimeout:182ms
2019-10-15 16:11:35,962 [Thread-416] INFO  impl.RoleInfo (RoleInfo.java:shutdownFollowerState(121)) - 25d6372c-77fd-4a39-ac2a-e48debad48df: shutdown FollowerState
2019-10-15 16:11:35,962 [Thread-416] INFO  impl.RaftServerImpl (RaftServerImpl.java:setRole(184)) - 25d6372c-77fd-4a39-ac2a-e48debad48df@group-B2671EB745D2: changes role from  FOLLOWER to CANDIDATE at term 29 for changeToCandidate
2019-10-15 16:11:35,962 [Thread-416] INFO  impl.RoleInfo (RoleInfo.java:updateAndGet(143)) - 25d6372c-77fd-4a39-ac2a-e48debad48df: start LeaderElection
2019-10-15 16:11:35,971 [25d6372c-77fd-4a39-ac2a-e48debad48df@group-B2671EB745D2-LeaderElection32] INFO  impl.LeaderElection (LeaderElection.java:askForVotes(178)) - 25d6372c-77fd-4a39-ac2a-e48debad48df@group-B2671EB745D2-LeaderElection32: begin an election at term 30 for -1: [50423279-f647-4a18-8e85-347d68eaf856:192.168.69.88:39583, 2ec85f63-33fb-4317-9145-71357d145af9:192.168.69.88:42357, 25d6372c-77fd-4a39-ac2a-e48debad48df:192.168.69.88:39591], old=null
2019-10-15 16:11:35,975 [grpc-default-executor-5] INFO  impl.RaftServerImpl (RaftServerImpl.java:setRole(184)) - 50423279-f647-4a18-8e85-347d68eaf856@group-B2671EB745D2: changes role from  FOLLOWER to FOLLOWER at term 30 for recognizeCandidate:25d6372c-77fd-4a39-ac2a-e48debad48df
2019-10-15 16:11:35,975 [grpc-default-executor-5] INFO  impl.RoleInfo (RoleInfo.java:shutdownFollowerState(121)) - 50423279-f647-4a18-8e85-347d68eaf856: shutdown FollowerState
2019-10-15 16:11:35,975 [grpc-default-executor-2] INFO  impl.RaftServerImpl (RaftServerImpl.java:setRole(184)) - 2ec85f63-33fb-4317-9145-71357d145af9@group-B2671EB745D2: changes role from  FOLLOWER to FOLLOWER at term 30 for recognizeCandidate:25d6372c-77fd-4a39-ac2a-e48debad48df
2019-10-15 16:11:35,975 [grpc-default-executor-5] INFO  impl.RoleInfo (RoleInfo.java:updateAndGet(143)) - 50423279-f647-4a18-8e85-347d68eaf856: start FollowerState
2019-10-15 16:11:35,975 [Thread-414] INFO  impl.FollowerState (FollowerState.java:run(117)) - 50423279-f647-4a18-8e85-347d68eaf856@group-B2671EB745D2-FollowerState was interrupted: java.lang.InterruptedException: sleep interrupted
2019-10-15 16:11:35,975 [grpc-default-executor-2] INFO  impl.RoleInfo (RoleInfo.java:shutdownFollowerState(121)) - 2ec85f63-33fb-4317-9145-71357d145af9: shutdown FollowerState
2019-10-15 16:11:35,976 [Thread-415] INFO  impl.FollowerState (FollowerState.java:run(117)) - 2ec85f63-33fb-4317-9145-71357d145af9@group-B2671EB745D2-FollowerState was interrupted: java.lang.InterruptedException: sleep interrupted
2019-10-15 16:11:35,976 [grpc-default-executor-2] INFO  impl.RoleInfo (RoleInfo.java:updateAndGet(143)) - 2ec85f63-33fb-4317-9145-71357d145af9: start FollowerState
2019-10-15 16:11:35,995 [25d6372c-77fd-4a39-ac2a-e48debad48df@group-B2671EB745D2-LeaderElection32] INFO  impl.LeaderElection (LeaderElection.java:logAndReturn(56)) - 25d6372c-77fd-4a39-ac2a-e48debad48df@group-B2671EB745D2-LeaderElection32: Election REJECTED; received 2 response(s) [25d6372c-77fd-4a39-ac2a-e48debad48df<-2ec85f63-33fb-4317-9145-71357d145af9#0:FAIL-t30, 25d6372c-77fd-4a39-ac2a-e48debad48df<-50423279-f647-4a18-8e85-347d68eaf856#0:FAIL-t30] and 0 exception(s); 25d6372c-77fd-4a39-ac2a-e48debad48df@group-B2671EB745D2:t30, leader=null, voted=25d6372c-77fd-4a39-ac2a-e48debad48df, raftlog=25d6372c-77fd-4a39-ac2a-e48debad48df@group-B2671EB745D2-SegmentedRaftLog:OPENED:c-1,f-1,i0, conf=-1: [50423279-f647-4a18-8e85-347d68eaf856:192.168.69.88:39583, 2ec85f63-33fb-4317-9145-71357d145af9:192.168.69.88:42357, 25d6372c-77fd-4a39-ac2a-e48debad48df:192.168.69.88:39591], old=null
2019-10-15 16:11:35,995 [25d6372c-77fd-4a39-ac2a-e48debad48df@group-B2671EB745D2-LeaderElection32] INFO  impl.RaftServerImpl (RaftServerImpl.java:setRole(184)) - 25d6372c-77fd-4a39-ac2a-e48debad48df@group-B2671EB745D2: changes role from CANDIDATE to FOLLOWER at term 30 for DISCOVERED_A_NEW_TERM
2019-10-15 16:11:35,995 [25d6372c-77fd-4a39-ac2a-e48debad48df@group-B2671EB745D2-LeaderElection32] INFO  impl.RoleInfo (RoleInfo.java:shutdownLeaderElection(134)) - 25d6372c-77fd-4a39-ac2a-e48debad48df: shutdown LeaderElection
2019-10-15 16:11:35,995 [25d6372c-77fd-4a39-ac2a-e48debad48df@group-B2671EB745D2-LeaderElection32] INFO  impl.RoleInfo (RoleInfo.java:updateAndGet(143)) - 25d6372c-77fd-4a39-ac2a-e48debad48df: start FollowerState
2019-10-15 16:11:36,189 [Thread-422] INFO  impl.FollowerState (FollowerState.java:run(108)) - 25d6372c-77fd-4a39-ac2a-e48debad48df@group-B2671EB745D2-FollowerState: change to CANDIDATE, lastRpcTime:194ms, electionTimeout:194ms
2019-10-15 16:11:36,191 [Thread-422] INFO  impl.RoleInfo (RoleInfo.java:shutdownFollowerState(121)) - 25d6372c-77fd-4a39-ac2a-e48debad48df: shutdown FollowerState
2019-10-15 16:11:36,191 [Thread-422] INFO  impl.RaftServerImpl (RaftServerImpl.java:setRole(184)) - 25d6372c-77fd-4a39-ac2a-e48debad48df@group-B2671EB745D2: changes role from  FOLLOWER to CANDIDATE at term 30 for changeToCandidate
2019-10-15 16:11:36,191 [Thread-422] INFO  impl.RoleInfo (RoleInfo.java:updateAndGet(143)) - 25d6372c-77fd-4a39-ac2a-e48debad48df: start LeaderElection
2019-10-15 16:11:36,204 [25d6372c-77fd-4a39-ac2a-e48debad48df@group-B2671EB745D2-LeaderElection33] INFO  impl.LeaderElection (LeaderElection.java:askForVotes(178)) - 25d6372c-77fd-4a39-ac2a-e48debad48df@group-B2671EB745D2-LeaderElection33: begin an election at term 31 for -1: [50423279-f647-4a18-8e85-347d68eaf856:192.168.69.88:39583, 2ec85f63-33fb-4317-9145-71357d145af9:192.168.69.88:42357, 25d6372c-77fd-4a39-ac2a-e48debad48df:192.168.69.88:39591], old=null
2019-10-15 16:11:36,207 [grpc-default-executor-2] INFO  impl.RaftServerImpl (RaftServerImpl.java:setRole(184)) - 2ec85f63-33fb-4317-9145-71357d145af9@group-B2671EB745D2: changes role from  FOLLOWER to FOLLOWER at term 31 for recognizeCandidate:25d6372c-77fd-4a39-ac2a-e48debad48df
2019-10-15 16:11:36,207 [grpc-default-executor-5] INFO  impl.RaftServerImpl (RaftServerImpl.java:setRole(184)) - 50423279-f647-4a18-8e85-347d68eaf856@group-B2671EB745D2: changes role from  FOLLOWER to FOLLOWER at term 31 for recognizeCandidate:25d6372c-77fd-4a39-ac2a-e48debad48df
2019-10-15 16:11:36,207 [grpc-default-executor-2] INFO  impl.RoleInfo (RoleInfo.java:shutdownFollowerState(121)) - 2ec85f63-33fb-4317-9145-71357d145af9: shutdown FollowerState
2019-10-15 16:11:36,207 [grpc-default-executor-5] INFO  impl.RoleInfo (RoleInfo.java:shutdownFollowerState(121)) - 50423279-f647-4a18-8e85-347d68eaf856: shutdown FollowerState
2019-10-15 16:11:36,207 [Thread-421] INFO  impl.FollowerState (FollowerState.java:run(117)) - 2ec85f63-33fb-4317-9145-71357d145af9@group-B2671EB745D2-FollowerState was interrupted: java.lang.InterruptedException: sleep interrupted
2019-10-15 16:11:36,207 [grpc-default-executor-2] INFO  impl.RoleInfo (RoleInfo.java:updateAndGet(143)) - 2ec85f63-33fb-4317-9145-71357d145af9: start FollowerState
2019-10-15 16:11:36,208 [Thread-420] INFO  impl.FollowerState (FollowerState.java:run(117)) - 50423279-f647-4a18-8e85-347d68eaf856@group-B2671EB745D2-FollowerState was interrupted: java.lang.InterruptedException: sleep interrupted
2019-10-15 16:11:36,208 [grpc-default-executor-5] INFO  impl.RoleInfo (RoleInfo.java:updateAndGet(143)) - 50423279-f647-4a18-8e85-347d68eaf856: start FollowerState
2019-10-15 16:11:36,223 [25d6372c-77fd-4a39-ac2a-e48debad48df@group-B2671EB745D2-LeaderElection33] INFO  impl.LeaderElection (LeaderElection.java:logAndReturn(56)) - 25d6372c-77fd-4a39-ac2a-e48debad48df@group-B2671EB745D2-LeaderElection33: Election REJECTED; received 2 response(s) [25d6372c-77fd-4a39-ac2a-e48debad48df<-50423279-f647-4a18-8e85-347d68eaf856#0:FAIL-t31, 25d6372c-77fd-4a39-ac2a-e48debad48df<-2ec85f63-33fb-4317-9145-71357d145af9#0:FAIL-t31] and 0 exception(s); 25d6372c-77fd-4a39-ac2a-e48debad48df@group-B2671EB745D2:t31, leader=null, voted=25d6372c-77fd-4a39-ac2a-e48debad48df, raftlog=25d6372c-77fd-4a39-ac2a-e48debad48df@group-B2671EB745D2-SegmentedRaftLog:OPENED:c-1,f-1,i0, conf=-1: [50423279-f647-4a18-8e85-347d68eaf856:192.168.69.88:39583, 2ec85f63-33fb-4317-9145-71357d145af9:192.168.69.88:42357, 25d6372c-77fd-4a39-ac2a-e48debad48df:192.168.69.88:39591], old=null
2019-10-15 16:11:36,224 [25d6372c-77fd-4a39-ac2a-e48debad48df@group-B2671EB745D2-LeaderElection33] INFO  impl.RaftServerImpl (RaftServerImpl.java:setRole(184)) - 25d6372c-77fd-4a39-ac2a-e48debad48df@group-B2671EB745D2: changes role from CANDIDATE to FOLLOWER at term 31 for DISCOVERED_A_NEW_TERM
2019-10-15 16:11:36,224 [25d6372c-77fd-4a39-ac2a-e48debad48df@group-B2671EB745D2-LeaderElection33] INFO  impl.RoleInfo (RoleInfo.java:shutdownLeaderElection(134)) - 25d6372c-77fd-4a39-ac2a-e48debad48df: shutdown LeaderElection
2019-10-15 16:11:36,224 [25d6372c-77fd-4a39-ac2a-e48debad48df@group-B2671EB745D2-LeaderElection33] INFO  impl.RoleInfo (RoleInfo.java:updateAndGet(143)) - 25d6372c-77fd-4a39-ac2a-e48debad48df: start FollowerState
2019-10-15 16:11:36,344 [Thread-430] INFO  impl.FollowerState (FollowerState.java:run(108)) - 25d6372c-77fd-4a39-ac2a-e48debad48df@group-B2671EB745D2-FollowerState: change to CANDIDATE, lastRpcTime:120ms, electionTimeout:120ms
2019-10-15 16:11:36,346 [Thread-430] INFO  impl.RoleInfo (RoleInfo.java:shutdownFollowerState(121)) - 25d6372c-77fd-4a39-ac2a-e48debad48df: shutdown FollowerState
2019-10-15 16:11:36,347 [Thread-430] INFO  impl.RaftServerImpl (RaftServerImpl.java:setRole(184)) - 25d6372c-77fd-4a39-ac2a-e48debad48df@group-B2671EB745D2: changes role from  FOLLOWER to CANDIDATE at term 31 for changeToCandidate
2019-10-15 16:11:36,347 [Thread-430] INFO  impl.RoleInfo (RoleInfo.java:updateAndGet(143)) - 25d6372c-77fd-4a39-ac2a-e48debad48df: start LeaderElection
2019-10-15 16:11:36,353 [25d6372c-77fd-4a39-ac2a-e48debad48df@group-B2671EB745D2-LeaderElection34] INFO  impl.LeaderElection (LeaderElection.java:askForVotes(178)) - 25d6372c-77fd-4a39-ac2a-e48debad48df@group-B2671EB745D2-LeaderElection34: begin an election at term 32 for -1: [50423279-f647-4a18-8e85-347d68eaf856:192.168.69.88:39583, 2ec85f63-33fb-4317-9145-71357d145af9:192.168.69.88:42357, 25d6372c-77fd-4a39-ac2a-e48debad48df:192.168.69.88:39591], old=null
2019-10-15 16:11:36,356 [grpc-default-executor-2] INFO  impl.RaftServerImpl (RaftServerImpl.java:setRole(184)) - 2ec85f63-33fb-4317-9145-71357d145af9@group-B2671EB745D2: changes role from  FOLLOWER to FOLLOWER at term 32 for recognizeCandidate:25d6372c-77fd-4a39-ac2a-e48debad48df
2019-10-15 16:11:36,356 [grpc-default-executor-5] INFO  impl.RaftServerImpl (RaftServerImpl.java:setRole(184)) - 50423279-f647-4a18-8e85-347d68eaf856@group-B2671EB745D2: changes role from  FOLLOWER to FOLLOWER at term 32 for recognizeCandidate:25d6372c-77fd-4a39-ac2a-e48debad48df
2019-10-15 16:11:36,357 [grpc-default-executor-2] INFO  impl.RoleInfo (RoleInfo.java:shutdownFollowerState(121)) - 2ec85f63-33fb-4317-9145-71357d145af9: shutdown FollowerState
2019-10-15 16:11:36,357 [grpc-default-executor-5] INFO  impl.RoleInfo (RoleInfo.java:shutdownFollowerState(121)) - 50423279-f647-4a18-8e85-347d68eaf856: shutdown FollowerState
2019-10-15 16:11:36,357 [grpc-default-executor-2] INFO  impl.RoleInfo (RoleInfo.java:updateAndGet(143)) - 2ec85f63-33fb-4317-9145-71357d145af9: start FollowerState
2019-10-15 16:11:36,357 [Thread-428] INFO  impl.FollowerState (FollowerState.java:run(117)) - 2ec85f63-33fb-4317-9145-71357d145af9@group-B2671EB745D2-FollowerState was interrupted: java.lang.InterruptedException: sleep interrupted
2019-10-15 16:11:36,357 [Thread-429] INFO  impl.FollowerState (FollowerState.java:run(117)) - 50423279-f647-4a18-8e85-347d68eaf856@group-B2671EB745D2-FollowerState was interrupted: java.lang.InterruptedException: sleep interrupted
2019-10-15 16:11:36,357 [grpc-default-executor-5] INFO  impl.RoleInfo (RoleInfo.java:updateAndGet(143)) - 50423279-f647-4a18-8e85-347d68eaf856: start FollowerState
2019-10-15 16:11:36,364 [25d6372c-77fd-4a39-ac2a-e48debad48df@group-B2671EB745D2-LeaderElection34] INFO  impl.LeaderElection (LeaderElection.java:logAndReturn(56)) - 25d6372c-77fd-4a39-ac2a-e48debad48df@group-B2671EB745D2-LeaderElection34: Election REJECTED; received 2 response(s) [25d6372c-77fd-4a39-ac2a-e48debad48df<-2ec85f63-33fb-4317-9145-71357d145af9#0:FAIL-t32, 25d6372c-77fd-4a39-ac2a-e48debad48df<-50423279-f647-4a18-8e85-347d68eaf856#0:FAIL-t32] and 0 exception(s); 25d6372c-77fd-4a39-ac2a-e48debad48df@group-B2671EB745D2:t32, leader=null, voted=25d6372c-77fd-4a39-ac2a-e48debad48df, raftlog=25d6372c-77fd-4a39-ac2a-e48debad48df@group-B2671EB745D2-SegmentedRaftLog:OPENED:c-1,f-1,i0, conf=-1: [50423279-f647-4a18-8e85-347d68eaf856:192.168.69.88:39583, 2ec85f63-33fb-4317-9145-71357d145af9:192.168.69.88:42357, 25d6372c-77fd-4a39-ac2a-e48debad48df:192.168.69.88:39591], old=null
2019-10-15 16:11:36,364 [25d6372c-77fd-4a39-ac2a-e48debad48df@group-B2671EB745D2-LeaderElection34] INFO  impl.RaftServerImpl (RaftServerImpl.java:setRole(184)) - 25d6372c-77fd-4a39-ac2a-e48debad48df@group-B2671EB745D2: changes role from CANDIDATE to FOLLOWER at term 32 for DISCOVERED_A_NEW_TERM
2019-10-15 16:11:36,365 [25d6372c-77fd-4a39-ac2a-e48debad48df@group-B2671EB745D2-LeaderElection34] INFO  impl.RoleInfo (RoleInfo.java:shutdownLeaderElection(134)) - 25d6372c-77fd-4a39-ac2a-e48debad48df: shutdown LeaderElection
2019-10-15 16:11:36,365 [25d6372c-77fd-4a39-ac2a-e48debad48df@group-B2671EB745D2-LeaderElection34] INFO  impl.RoleInfo (RoleInfo.java:updateAndGet(143)) - 25d6372c-77fd-4a39-ac2a-e48debad48df: start FollowerState
2019-10-15 16:11:36,400 [Thread-436] INFO  impl.FollowerState (FollowerState.java:run(108)) - 25d6372c-77fd-4a39-ac2a-e48debad48df@group-B2671EB745D2-FollowerState: change to CANDIDATE, lastRpcTime:35ms, electionTimeout:35ms
2019-10-15 16:11:36,402 [Thread-436] INFO  impl.RoleInfo (RoleInfo.java:shutdownFollowerState(121)) - 25d6372c-77fd-4a39-ac2a-e48debad48df: shutdown FollowerState
2019-10-15 16:11:36,402 [Thread-436] INFO  impl.RaftServerImpl (RaftServerImpl.java:setRole(184)) - 25d6372c-77fd-4a39-ac2a-e48debad48df@group-B2671EB745D2: changes role from  FOLLOWER to CANDIDATE at term 32 for changeToCandidate
2019-10-15 16:11:36,402 [Thread-436] INFO  impl.RoleInfo (RoleInfo.java:updateAndGet(143)) - 25d6372c-77fd-4a39-ac2a-e48debad48df: start LeaderElection
2019-10-15 16:11:36,407 [25d6372c-77fd-4a39-ac2a-e48debad48df@group-B2671EB745D2-LeaderElection35] INFO  impl.LeaderElection (LeaderElection.java:askForVotes(178)) - 25d6372c-77fd-4a39-ac2a-e48debad48df@group-B2671EB745D2-LeaderElection35: begin an election at term 33 for -1: [50423279-f647-4a18-8e85-347d68eaf856:192.168.69.88:39583, 2ec85f63-33fb-4317-9145-71357d145af9:192.168.69.88:42357, 25d6372c-77fd-4a39-ac2a-e48debad48df:192.168.69.88:39591], old=null
2019-10-15 16:11:36,410 [grpc-default-executor-5] INFO  impl.RaftServerImpl (RaftServerImpl.java:setRole(184)) - 2ec85f63-33fb-4317-9145-71357d145af9@group-B2671EB745D2: changes role from  FOLLOWER to FOLLOWER at term 33 for recognizeCandidate:25d6372c-77fd-4a39-ac2a-e48debad48df
2019-10-15 16:11:36,410 [grpc-default-executor-2] INFO  impl.RaftServerImpl (RaftServerImpl.java:setRole(184)) - 50423279-f647-4a18-8e85-347d68eaf856@group-B2671EB745D2: changes role from  FOLLOWER to FOLLOWER at term 33 for recognizeCandidate:25d6372c-77fd-4a39-ac2a-e48debad48df
2019-10-15 16:11:36,411 [grpc-default-executor-5] INFO  impl.RoleInfo (RoleInfo.java:shutdownFollowerState(121)) - 2ec85f63-33fb-4317-9145-71357d145af9: shutdown FollowerState
2019-10-15 16:11:36,411 [grpc-default-executor-2] INFO  impl.RoleInfo (RoleInfo.java:shutdownFollowerState(121)) - 50423279-f647-4a18-8e85-347d68eaf856: shutdown FollowerState
2019-10-15 16:11:36,411 [grpc-default-executor-5] INFO  impl.RoleInfo (RoleInfo.java:updateAndGet(143)) - 2ec85f63-33fb-4317-9145-71357d145af9: start FollowerState
2019-10-15 16:11:36,411 [Thread-434] INFO  impl.FollowerState (FollowerState.java:run(117)) - 2ec85f63-33fb-4317-9145-71357d145af9@group-B2671EB745D2-FollowerState was interrupted: java.lang.InterruptedException: sleep interrupted
2019-10-15 16:11:36,411 [grpc-default-executor-2] INFO  impl.RoleInfo (RoleInfo.java:updateAndGet(143)) - 50423279-f647-4a18-8e85-347d68eaf856: start FollowerState
2019-10-15 16:11:36,411 [Thread-435] INFO  impl.FollowerState (FollowerState.java:run(117)) - 50423279-f647-4a18-8e85-347d68eaf856@group-B2671EB745D2-FollowerState was interrupted: java.lang.InterruptedException: sleep interrupted
2019-10-15 16:11:36,418 [25d6372c-77fd-4a39-ac2a-e48debad48df@group-B2671EB745D2-LeaderElection35] INFO  impl.LeaderElection (LeaderElection.java:logAndReturn(56)) - 25d6372c-77fd-4a39-ac2a-e48debad48df@group-B2671EB745D2-LeaderElection35: Election REJECTED; received 2 response(s) [25d6372c-77fd-4a39-ac2a-e48debad48df<-2ec85f63-33fb-4317-9145-71357d145af9#0:FAIL-t33, 25d6372c-77fd-4a39-ac2a-e48debad48df<-50423279-f647-4a18-8e85-347d68eaf856#0:FAIL-t33] and 0 exception(s); 25d6372c-77fd-4a39-ac2a-e48debad48df@group-B2671EB745D2:t33, leader=null, voted=25d6372c-77fd-4a39-ac2a-e48debad48df, raftlog=25d6372c-77fd-4a39-ac2a-e48debad48df@group-B2671EB745D2-SegmentedRaftLog:OPENED:c-1,f-1,i0, conf=-1: [50423279-f647-4a18-8e85-347d68eaf856:192.168.69.88:39583, 2ec85f63-33fb-4317-9145-71357d145af9:192.168.69.88:42357, 25d6372c-77fd-4a39-ac2a-e48debad48df:192.168.69.88:39591], old=null
2019-10-15 16:11:36,418 [25d6372c-77fd-4a39-ac2a-e48debad48df@group-B2671EB745D2-LeaderElection35] INFO  impl.RaftServerImpl (RaftServerImpl.java:setRole(184)) - 25d6372c-77fd-4a39-ac2a-e48debad48df@group-B2671EB745D2: changes role from CANDIDATE to FOLLOWER at term 33 for DISCOVERED_A_NEW_TERM
2019-10-15 16:11:36,418 [25d6372c-77fd-4a39-ac2a-e48debad48df@group-B2671EB745D2-LeaderElection35] INFO  impl.RoleInfo (RoleInfo.java:shutdownLeaderElection(134)) - 25d6372c-77fd-4a39-ac2a-e48debad48df: shutdown LeaderElection
2019-10-15 16:11:36,418 [25d6372c-77fd-4a39-ac2a-e48debad48df@group-B2671EB745D2-LeaderElection35] INFO  impl.RoleInfo (RoleInfo.java:updateAndGet(143)) - 25d6372c-77fd-4a39-ac2a-e48debad48df: start FollowerState
2019-10-15 16:11:36,597 [Thread-442] INFO  impl.FollowerState (FollowerState.java:run(108)) - 25d6372c-77fd-4a39-ac2a-e48debad48df@group-B2671EB745D2-FollowerState: change to CANDIDATE, lastRpcTime:178ms, electionTimeout:178ms
2019-10-15 16:11:36,598 [Thread-442] INFO  impl.RoleInfo (RoleInfo.java:shutdownFollowerState(121)) - 25d6372c-77fd-4a39-ac2a-e48debad48df: shutdown FollowerState
2019-10-15 16:11:36,598 [Thread-442] INFO  impl.RaftServerImpl (RaftServerImpl.java:setRole(184)) - 25d6372c-77fd-4a39-ac2a-e48debad48df@group-B2671EB745D2: changes role from  FOLLOWER to CANDIDATE at term 33 for changeToCandidate
2019-10-15 16:11:36,599 [Thread-442] INFO  impl.RoleInfo (RoleInfo.java:updateAndGet(143)) - 25d6372c-77fd-4a39-ac2a-e48debad48df: start LeaderElection
2019-10-15 16:11:36,605 [25d6372c-77fd-4a39-ac2a-e48debad48df@group-B2671EB745D2-LeaderElection36] INFO  impl.LeaderElection (LeaderElection.java:askForVotes(178)) - 25d6372c-77fd-4a39-ac2a-e48debad48df@group-B2671EB745D2-LeaderElection36: begin an election at term 34 for -1: [50423279-f647-4a18-8e85-347d68eaf856:192.168.69.88:39583, 2ec85f63-33fb-4317-9145-71357d145af9:192.168.69.88:42357, 25d6372c-77fd-4a39-ac2a-e48debad48df:192.168.69.88:39591], old=null
2019-10-15 16:11:36,609 [grpc-default-executor-5] INFO  impl.RaftServerImpl (RaftServerImpl.java:setRole(184)) - 2ec85f63-33fb-4317-9145-71357d145af9@group-B2671EB745D2: changes role from  FOLLOWER to FOLLOWER at term 34 for recognizeCandidate:25d6372c-77fd-4a39-ac2a-e48debad48df
2019-10-15 16:11:36,609 [grpc-default-executor-2] INFO  impl.RaftServerImpl (RaftServerImpl.java:setRole(184)) - 50423279-f647-4a18-8e85-347d68eaf856@group-B2671EB745D2: changes role from  FOLLOWER to FOLLOWER at term 34 for recognizeCandidate:25d6372c-77fd-4a39-ac2a-e48debad48df
2019-10-15 16:11:36,609 [grpc-default-executor-5] INFO  impl.RoleInfo (RoleInfo.java:shutdownFollowerState(121)) - 2ec85f63-33fb-4317-9145-71357d145af9: shutdown FollowerState
2019-10-15 16:11:36,609 [grpc-default-executor-2] INFO  impl.RoleInfo (RoleInfo.java:shutdownFollowerState(121)) - 50423279-f647-4a18-8e85-347d68eaf856: shutdown FollowerState
2019-10-15 16:11:36,609 [Thread-440] INFO  impl.FollowerState (FollowerState.java:run(117)) - 2ec85f63-33fb-4317-9145-71357d145af9@group-B2671EB745D2-FollowerState was interrupted: java.lang.InterruptedException: sleep interrupted
2019-10-15 16:11:36,609 [grpc-default-executor-5] INFO  impl.RoleInfo (RoleInfo.java:updateAndGet(143)) - 2ec85f63-33fb-4317-9145-71357d145af9: start FollowerState
2019-10-15 16:11:36,609 [Thread-441] INFO  impl.FollowerState (FollowerState.java:run(117)) - 50423279-f647-4a18-8e85-347d68eaf856@group-B2671EB745D2-FollowerState was interrupted: java.lang.InterruptedException: sleep interrupted
2019-10-15 16:11:36,609 [grpc-default-executor-2] INFO  impl.RoleInfo (RoleInfo.java:updateAndGet(143)) - 50423279-f647-4a18-8e85-347d68eaf856: start FollowerState
2019-10-15 16:11:36,618 [25d6372c-77fd-4a39-ac2a-e48debad48df@group-B2671EB745D2-LeaderElection36] INFO  impl.LeaderElection (LeaderElection.java:logAndReturn(56)) - 25d6372c-77fd-4a39-ac2a-e48debad48df@group-B2671EB745D2-LeaderElection36: Election REJECTED; received 2 response(s) [25d6372c-77fd-4a39-ac2a-e48debad48df<-50423279-f647-4a18-8e85-347d68eaf856#0:FAIL-t34, 25d6372c-77fd-4a39-ac2a-e48debad48df<-2ec85f63-33fb-4317-9145-71357d145af9#0:FAIL-t34] and 0 exception(s); 25d6372c-77fd-4a39-ac2a-e48debad48df@group-B2671EB745D2:t34, leader=null, voted=25d6372c-77fd-4a39-ac2a-e48debad48df, raftlog=25d6372c-77fd-4a39-ac2a-e48debad48df@group-B2671EB745D2-SegmentedRaftLog:OPENED:c-1,f-1,i0, conf=-1: [50423279-f647-4a18-8e85-347d68eaf856:192.168.69.88:39583, 2ec85f63-33fb-4317-9145-71357d145af9:192.168.69.88:42357, 25d6372c-77fd-4a39-ac2a-e48debad48df:192.168.69.88:39591], old=null
2019-10-15 16:11:36,618 [25d6372c-77fd-4a39-ac2a-e48debad48df@group-B2671EB745D2-LeaderElection36] INFO  impl.RaftServerImpl (RaftServerImpl.java:setRole(184)) - 25d6372c-77fd-4a39-ac2a-e48debad48df@group-B2671EB745D2: changes role from CANDIDATE to FOLLOWER at term 34 for DISCOVERED_A_NEW_TERM
2019-10-15 16:11:36,618 [25d6372c-77fd-4a39-ac2a-e48debad48df@group-B2671EB745D2-LeaderElection36] INFO  impl.RoleInfo (RoleInfo.java:shutdownLeaderElection(134)) - 25d6372c-77fd-4a39-ac2a-e48debad48df: shutdown LeaderElection
2019-10-15 16:11:36,619 [25d6372c-77fd-4a39-ac2a-e48debad48df@group-B2671EB745D2-LeaderElection36] INFO  impl.RoleInfo (RoleInfo.java:updateAndGet(143)) - 25d6372c-77fd-4a39-ac2a-e48debad48df: start FollowerState
2019-10-15 16:11:36,726 [Thread-448] INFO  impl.FollowerState (FollowerState.java:run(108)) - 25d6372c-77fd-4a39-ac2a-e48debad48df@group-B2671EB745D2-FollowerState: change to CANDIDATE, lastRpcTime:107ms, electionTimeout:107ms
2019-10-15 16:11:36,727 [Thread-448] INFO  impl.RoleInfo (RoleInfo.java:shutdownFollowerState(121)) - 25d6372c-77fd-4a39-ac2a-e48debad48df: shutdown FollowerState
2019-10-15 16:11:36,728 [Thread-448] INFO  impl.RaftServerImpl (RaftServerImpl.java:setRole(184)) - 25d6372c-77fd-4a39-ac2a-e48debad48df@group-B2671EB745D2: changes role from  FOLLOWER to CANDIDATE at term 34 for changeToCandidate
2019-10-15 16:11:36,728 [Thread-448] INFO  impl.RoleInfo (RoleInfo.java:updateAndGet(143)) - 25d6372c-77fd-4a39-ac2a-e48debad48df: start LeaderElection
2019-10-15 16:11:36,734 [25d6372c-77fd-4a39-ac2a-e48debad48df@group-B2671EB745D2-LeaderElection37] INFO  impl.LeaderElection (LeaderElection.java:askForVotes(178)) - 25d6372c-77fd-4a39-ac2a-e48debad48df@group-B2671EB745D2-LeaderElection37: begin an election at term 35 for -1: [50423279-f647-4a18-8e85-347d68eaf856:192.168.69.88:39583, 2ec85f63-33fb-4317-9145-71357d145af9:192.168.69.88:42357, 25d6372c-77fd-4a39-ac2a-e48debad48df:192.168.69.88:39591], old=null
2019-10-15 16:11:36,738 [grpc-default-executor-5] INFO  impl.RaftServerImpl (RaftServerImpl.java:setRole(184)) - 2ec85f63-33fb-4317-9145-71357d145af9@group-B2671EB745D2: changes role from  FOLLOWER to FOLLOWER at term 35 for recognizeCandidate:25d6372c-77fd-4a39-ac2a-e48debad48df
2019-10-15 16:11:36,738 [grpc-default-executor-2] INFO  impl.RaftServerImpl (RaftServerImpl.java:setRole(184)) - 50423279-f647-4a18-8e85-347d68eaf856@group-B2671EB745D2: changes role from  FOLLOWER to FOLLOWER at term 35 for recognizeCandidate:25d6372c-77fd-4a39-ac2a-e48debad48df
2019-10-15 16:11:36,738 [grpc-default-executor-5] INFO  impl.RoleInfo (RoleInfo.java:shutdownFollowerState(121)) - 2ec85f63-33fb-4317-9145-71357d145af9: shutdown FollowerState
2019-10-15 16:11:36,739 [grpc-default-executor-2] INFO  impl.RoleInfo (RoleInfo.java:shutdownFollowerState(121)) - 50423279-f647-4a18-8e85-347d68eaf856: shutdown FollowerState
2019-10-15 16:11:36,739 [grpc-default-executor-5] INFO  impl.RoleInfo (RoleInfo.java:updateAndGet(143)) - 2ec85f63-33fb-4317-9145-71357d145af9: start FollowerState
2019-10-15 16:11:36,739 [Thread-446] INFO  impl.FollowerState (FollowerState.java:run(117)) - 2ec85f63-33fb-4317-9145-71357d145af9@group-B2671EB745D2-FollowerState was interrupted: java.lang.InterruptedException: sleep interrupted
2019-10-15 16:11:36,739 [Thread-447] INFO  impl.FollowerState (FollowerState.java:run(117)) - 50423279-f647-4a18-8e85-347d68eaf856@group-B2671EB745D2-FollowerState was interrupted: java.lang.InterruptedException: sleep interrupted
2019-10-15 16:11:36,739 [grpc-default-executor-2] INFO  impl.RoleInfo (RoleInfo.java:updateAndGet(143)) - 50423279-f647-4a18-8e85-347d68eaf856: start FollowerState
2019-10-15 16:11:36,751 [25d6372c-77fd-4a39-ac2a-e48debad48df@group-B2671EB745D2-LeaderElection37] INFO  impl.LeaderElection (LeaderElection.java:logAndReturn(56)) - 25d6372c-77fd-4a39-ac2a-e48debad48df@group-B2671EB745D2-LeaderElection37: Election REJECTED; received 2 response(s) [25d6372c-77fd-4a39-ac2a-e48debad48df<-2ec85f63-33fb-4317-9145-71357d145af9#0:FAIL-t35, 25d6372c-77fd-4a39-ac2a-e48debad48df<-50423279-f647-4a18-8e85-347d68eaf856#0:FAIL-t35] and 0 exception(s); 25d6372c-77fd-4a39-ac2a-e48debad48df@group-B2671EB745D2:t35, leader=null, voted=25d6372c-77fd-4a39-ac2a-e48debad48df, raftlog=25d6372c-77fd-4a39-ac2a-e48debad48df@group-B2671EB745D2-SegmentedRaftLog:OPENED:c-1,f-1,i0, conf=-1: [50423279-f647-4a18-8e85-347d68eaf856:192.168.69.88:39583, 2ec85f63-33fb-4317-9145-71357d145af9:192.168.69.88:42357, 25d6372c-77fd-4a39-ac2a-e48debad48df:192.168.69.88:39591], old=null
2019-10-15 16:11:36,751 [25d6372c-77fd-4a39-ac2a-e48debad48df@group-B2671EB745D2-LeaderElection37] INFO  impl.RaftServerImpl (RaftServerImpl.java:setRole(184)) - 25d6372c-77fd-4a39-ac2a-e48debad48df@group-B2671EB745D2: changes role from CANDIDATE to FOLLOWER at term 35 for DISCOVERED_A_NEW_TERM
2019-10-15 16:11:36,751 [25d6372c-77fd-4a39-ac2a-e48debad48df@group-B2671EB745D2-LeaderElection37] INFO  impl.RoleInfo (RoleInfo.java:shutdownLeaderElection(134)) - 25d6372c-77fd-4a39-ac2a-e48debad48df: shutdown LeaderElection
2019-10-15 16:11:36,751 [25d6372c-77fd-4a39-ac2a-e48debad48df@group-B2671EB745D2-LeaderElection37] INFO  impl.RoleInfo (RoleInfo.java:updateAndGet(143)) - 25d6372c-77fd-4a39-ac2a-e48debad48df: start FollowerState
2019-10-15 16:11:36,766 [Thread-454] INFO  impl.FollowerState (FollowerState.java:run(108)) - 25d6372c-77fd-4a39-ac2a-e48debad48df@group-B2671EB745D2-FollowerState: change to CANDIDATE, lastRpcTime:14ms, electionTimeout:14ms
2019-10-15 16:11:36,767 [Thread-454] INFO  impl.RoleInfo (RoleInfo.java:shutdownFollowerState(121)) - 25d6372c-77fd-4a39-ac2a-e48debad48df: shutdown FollowerState
2019-10-15 16:11:36,767 [Thread-454] INFO  impl.RaftServerImpl (RaftServerImpl.java:setRole(184)) - 25d6372c-77fd-4a39-ac2a-e48debad48df@group-B2671EB745D2: changes role from  FOLLOWER to CANDIDATE at term 35 for changeToCandidate
2019-10-15 16:11:36,767 [Thread-454] INFO  impl.RoleInfo (RoleInfo.java:updateAndGet(143)) - 25d6372c-77fd-4a39-ac2a-e48debad48df: start LeaderElection
2019-10-15 16:11:36,781 [25d6372c-77fd-4a39-ac2a-e48debad48df@group-B2671EB745D2-LeaderElection38] INFO  impl.LeaderElection (LeaderElection.java:askForVotes(178)) - 25d6372c-77fd-4a39-ac2a-e48debad48df@group-B2671EB745D2-LeaderElection38: begin an election at term 36 for -1: [50423279-f647-4a18-8e85-347d68eaf856:192.168.69.88:39583, 2ec85f63-33fb-4317-9145-71357d145af9:192.168.69.88:42357, 25d6372c-77fd-4a39-ac2a-e48debad48df:192.168.69.88:39591], old=null
2019-10-15 16:11:36,784 [grpc-default-executor-5] INFO  impl.RaftServerImpl (RaftServerImpl.java:setRole(184)) - 50423279-f647-4a18-8e85-347d68eaf856@group-B2671EB745D2: changes role from  FOLLOWER to FOLLOWER at term 36 for recognizeCandidate:25d6372c-77fd-4a39-ac2a-e48debad48df
2019-10-15 16:11:36,784 [grpc-default-executor-5] INFO  impl.RoleInfo (RoleInfo.java:shutdownFollowerState(121)) - 50423279-f647-4a18-8e85-347d68eaf856: shutdown FollowerState
2019-10-15 16:11:36,784 [grpc-default-executor-5] INFO  impl.RoleInfo (RoleInfo.java:updateAndGet(143)) - 50423279-f647-4a18-8e85-347d68eaf856: start FollowerState
2019-10-15 16:11:36,785 [Thread-453] INFO  impl.FollowerState (FollowerState.java:run(117)) - 50423279-f647-4a18-8e85-347d68eaf856@group-B2671EB745D2-FollowerState was interrupted: java.lang.InterruptedException: sleep interrupted
2019-10-15 16:11:36,785 [grpc-default-executor-2] INFO  impl.RaftServerImpl (RaftServerImpl.java:setRole(184)) - 2ec85f63-33fb-4317-9145-71357d145af9@group-B2671EB745D2: changes role from  FOLLOWER to FOLLOWER at term 36 for recognizeCandidate:25d6372c-77fd-4a39-ac2a-e48debad48df
2019-10-15 16:11:36,785 [grpc-default-executor-2] INFO  impl.RoleInfo (RoleInfo.java:shutdownFollowerState(121)) - 2ec85f63-33fb-4317-9145-71357d145af9: shutdown FollowerState
2019-10-15 16:11:36,785 [Thread-452] INFO  impl.FollowerState (FollowerState.java:run(117)) - 2ec85f63-33fb-4317-9145-71357d145af9@group-B2671EB745D2-FollowerState was interrupted: java.lang.InterruptedException: sleep interrupted
2019-10-15 16:11:36,785 [grpc-default-executor-2] INFO  impl.RoleInfo (RoleInfo.java:updateAndGet(143)) - 2ec85f63-33fb-4317-9145-71357d145af9: start FollowerState
2019-10-15 16:11:36,791 [25d6372c-77fd-4a39-ac2a-e48debad48df@group-B2671EB745D2-LeaderElection38] INFO  impl.LeaderElection (LeaderElection.java:logAndReturn(56)) - 25d6372c-77fd-4a39-ac2a-e48debad48df@group-B2671EB745D2-LeaderElection38: Election REJECTED; received 2 response(s) [25d6372c-77fd-4a39-ac2a-e48debad48df<-50423279-f647-4a18-8e85-347d68eaf856#0:FAIL-t36, 25d6372c-77fd-4a39-ac2a-e48debad48df<-2ec85f63-33fb-4317-9145-71357d145af9#0:FAIL-t36] and 0 exception(s); 25d6372c-77fd-4a39-ac2a-e48debad48df@group-B2671EB745D2:t36, leader=null, voted=25d6372c-77fd-4a39-ac2a-e48debad48df, raftlog=25d6372c-77fd-4a39-ac2a-e48debad48df@group-B2671EB745D2-SegmentedRaftLog:OPENED:c-1,f-1,i0, conf=-1: [50423279-f647-4a18-8e85-347d68eaf856:192.168.69.88:39583, 2ec85f63-33fb-4317-9145-71357d145af9:192.168.69.88:42357, 25d6372c-77fd-4a39-ac2a-e48debad48df:192.168.69.88:39591], old=null
2019-10-15 16:11:36,792 [25d6372c-77fd-4a39-ac2a-e48debad48df@group-B2671EB745D2-LeaderElection38] INFO  impl.RaftServerImpl (RaftServerImpl.java:setRole(184)) - 25d6372c-77fd-4a39-ac2a-e48debad48df@group-B2671EB745D2: changes role from CANDIDATE to FOLLOWER at term 36 for DISCOVERED_A_NEW_TERM
2019-10-15 16:11:36,792 [25d6372c-77fd-4a39-ac2a-e48debad48df@group-B2671EB745D2-LeaderElection38] INFO  impl.RoleInfo (RoleInfo.java:shutdownLeaderElection(134)) - 25d6372c-77fd-4a39-ac2a-e48debad48df: shutdown LeaderElection
2019-10-15 16:11:36,792 [25d6372c-77fd-4a39-ac2a-e48debad48df@group-B2671EB745D2-LeaderElection38] INFO  impl.RoleInfo (RoleInfo.java:updateAndGet(143)) - 25d6372c-77fd-4a39-ac2a-e48debad48df: start FollowerState
2019-10-15 16:11:36,885 [Thread-460] INFO  impl.FollowerState (FollowerState.java:run(108)) - 25d6372c-77fd-4a39-ac2a-e48debad48df@group-B2671EB745D2-FollowerState: change to CANDIDATE, lastRpcTime:93ms, electionTimeout:93ms
2019-10-15 16:11:36,887 [Thread-460] INFO  impl.RoleInfo (RoleInfo.java:shutdownFollowerState(121)) - 25d6372c-77fd-4a39-ac2a-e48debad48df: shutdown FollowerState
2019-10-15 16:11:36,887 [Thread-460] INFO  impl.RaftServerImpl (RaftServerImpl.java:setRole(184)) - 25d6372c-77fd-4a39-ac2a-e48debad48df@group-B2671EB745D2: changes role from  FOLLOWER to CANDIDATE at term 36 for changeToCandidate
2019-10-15 16:11:36,887 [Thread-460] INFO  impl.RoleInfo (RoleInfo.java:updateAndGet(143)) - 25d6372c-77fd-4a39-ac2a-e48debad48df: start LeaderElection
2019-10-15 16:11:36,892 [25d6372c-77fd-4a39-ac2a-e48debad48df@group-B2671EB745D2-LeaderElection39] INFO  impl.LeaderElection (LeaderElection.java:askForVotes(178)) - 25d6372c-77fd-4a39-ac2a-e48debad48df@group-B2671EB745D2-LeaderElection39: begin an election at term 37 for -1: [50423279-f647-4a18-8e85-347d68eaf856:192.168.69.88:39583, 2ec85f63-33fb-4317-9145-71357d145af9:192.168.69.88:42357, 25d6372c-77fd-4a39-ac2a-e48debad48df:192.168.69.88:39591], old=null
2019-10-15 16:11:36,896 [grpc-default-executor-2] INFO  impl.RaftServerImpl (RaftServerImpl.java:setRole(184)) - 50423279-f647-4a18-8e85-347d68eaf856@group-B2671EB745D2: changes role from  FOLLOWER to FOLLOWER at term 37 for recognizeCandidate:25d6372c-77fd-4a39-ac2a-e48debad48df
2019-10-15 16:11:36,896 [grpc-default-executor-2] INFO  impl.RoleInfo (RoleInfo.java:shutdownFollowerState(121)) - 50423279-f647-4a18-8e85-347d68eaf856: shutdown FollowerState
2019-10-15 16:11:36,896 [grpc-default-executor-5] INFO  impl.RaftServerImpl (RaftServerImpl.java:setRole(184)) - 2ec85f63-33fb-4317-9145-71357d145af9@group-B2671EB745D2: changes role from  FOLLOWER to FOLLOWER at term 37 for recognizeCandidate:25d6372c-77fd-4a39-ac2a-e48debad48df
2019-10-15 16:11:36,897 [grpc-default-executor-2] INFO  impl.RoleInfo (RoleInfo.java:updateAndGet(143)) - 50423279-f647-4a18-8e85-347d68eaf856: start FollowerState
2019-10-15 16:11:36,897 [Thread-458] INFO  impl.FollowerState (FollowerState.java:run(117)) - 50423279-f647-4a18-8e85-347d68eaf856@group-B2671EB745D2-FollowerState was interrupted: java.lang.InterruptedException: sleep interrupted
2019-10-15 16:11:36,897 [grpc-default-executor-5] INFO  impl.RoleInfo (RoleInfo.java:shutdownFollowerState(121)) - 2ec85f63-33fb-4317-9145-71357d145af9: shutdown FollowerState
2019-10-15 16:11:36,897 [grpc-default-executor-5] INFO  impl.RoleInfo (RoleInfo.java:updateAndGet(143)) - 2ec85f63-33fb-4317-9145-71357d145af9: start FollowerState
2019-10-15 16:11:36,897 [Thread-459] INFO  impl.FollowerState (FollowerState.java:run(117)) - 2ec85f63-33fb-4317-9145-71357d145af9@group-B2671EB745D2-FollowerState was interrupted: java.lang.InterruptedException: sleep interrupted
2019-10-15 16:11:36,904 [25d6372c-77fd-4a39-ac2a-e48debad48df@group-B2671EB745D2-LeaderElection39] INFO  impl.LeaderElection (LeaderElection.java:logAndReturn(56)) - 25d6372c-77fd-4a39-ac2a-e48debad48df@group-B2671EB745D2-LeaderElection39: Election REJECTED; received 2 response(s) [25d6372c-77fd-4a39-ac2a-e48debad48df<-2ec85f63-33fb-4317-9145-71357d145af9#0:FAIL-t37, 25d6372c-77fd-4a39-ac2a-e48debad48df<-50423279-f647-4a18-8e85-347d68eaf856#0:FAIL-t37] and 0 exception(s); 25d6372c-77fd-4a39-ac2a-e48debad48df@group-B2671EB745D2:t37, leader=null, voted=25d6372c-77fd-4a39-ac2a-e48debad48df, raftlog=25d6372c-77fd-4a39-ac2a-e48debad48df@group-B2671EB745D2-SegmentedRaftLog:OPENED:c-1,f-1,i0, conf=-1: [50423279-f647-4a18-8e85-347d68eaf856:192.168.69.88:39583, 2ec85f63-33fb-4317-9145-71357d145af9:192.168.69.88:42357, 25d6372c-77fd-4a39-ac2a-e48debad48df:192.168.69.88:39591], old=null
2019-10-15 16:11:36,904 [25d6372c-77fd-4a39-ac2a-e48debad48df@group-B2671EB745D2-LeaderElection39] INFO  impl.RaftServerImpl (RaftServerImpl.java:setRole(184)) - 25d6372c-77fd-4a39-ac2a-e48debad48df@group-B2671EB745D2: changes role from CANDIDATE to FOLLOWER at term 37 for DISCOVERED_A_NEW_TERM
2019-10-15 16:11:36,904 [25d6372c-77fd-4a39-ac2a-e48debad48df@group-B2671EB745D2-LeaderElection39] INFO  impl.RoleInfo (RoleInfo.java:shutdownLeaderElection(134)) - 25d6372c-77fd-4a39-ac2a-e48debad48df: shutdown LeaderElection
2019-10-15 16:11:36,904 [25d6372c-77fd-4a39-ac2a-e48debad48df@group-B2671EB745D2-LeaderElection39] INFO  impl.RoleInfo (RoleInfo.java:updateAndGet(143)) - 25d6372c-77fd-4a39-ac2a-e48debad48df: start FollowerState
2019-10-15 16:11:37,037 [Thread-466] INFO  impl.FollowerState (FollowerState.java:run(108)) - 25d6372c-77fd-4a39-ac2a-e48debad48df@group-B2671EB745D2-FollowerState: change to CANDIDATE, lastRpcTime:132ms, electionTimeout:132ms
2019-10-15 16:11:37,039 [Thread-466] INFO  impl.RoleInfo (RoleInfo.java:shutdownFollowerState(121)) - 25d6372c-77fd-4a39-ac2a-e48debad48df: shutdown FollowerState
2019-10-15 16:11:37,039 [Thread-466] INFO  impl.RaftServerImpl (RaftServerImpl.java:setRole(184)) - 25d6372c-77fd-4a39-ac2a-e48debad48df@group-B2671EB745D2: changes role from  FOLLOWER to CANDIDATE at term 37 for changeToCandidate
2019-10-15 16:11:37,039 [Thread-466] INFO  impl.RoleInfo (RoleInfo.java:updateAndGet(143)) - 25d6372c-77fd-4a39-ac2a-e48debad48df: start LeaderElection
2019-10-15 16:11:37,046 [25d6372c-77fd-4a39-ac2a-e48debad48df@group-B2671EB745D2-LeaderElection40] INFO  impl.LeaderElection (LeaderElection.java:askForVotes(178)) - 25d6372c-77fd-4a39-ac2a-e48debad48df@group-B2671EB745D2-LeaderElection40: begin an election at term 38 for -1: [50423279-f647-4a18-8e85-347d68eaf856:192.168.69.88:39583, 2ec85f63-33fb-4317-9145-71357d145af9:192.168.69.88:42357, 25d6372c-77fd-4a39-ac2a-e48debad48df:192.168.69.88:39591], old=null
2019-10-15 16:11:37,050 [grpc-default-executor-2] INFO  impl.RaftServerImpl (RaftServerImpl.java:setRole(184)) - 2ec85f63-33fb-4317-9145-71357d145af9@group-B2671EB745D2: changes role from  FOLLOWER to FOLLOWER at term 38 for recognizeCandidate:25d6372c-77fd-4a39-ac2a-e48debad48df
2019-10-15 16:11:37,050 [grpc-default-executor-5] INFO  impl.RaftServerImpl (RaftServerImpl.java:setRole(184)) - 50423279-f647-4a18-8e85-347d68eaf856@group-B2671EB745D2: changes role from  FOLLOWER to FOLLOWER at term 38 for recognizeCandidate:25d6372c-77fd-4a39-ac2a-e48debad48df
2019-10-15 16:11:37,050 [grpc-default-executor-2] INFO  impl.RoleInfo (RoleInfo.java:shutdownFollowerState(121)) - 2ec85f63-33fb-4317-9145-71357d145af9: shutdown FollowerState
2019-10-15 16:11:37,051 [grpc-default-executor-5] INFO  impl.RoleInfo (RoleInfo.java:shutdownFollowerState(121)) - 50423279-f647-4a18-8e85-347d68eaf856: shutdown FollowerState
2019-10-15 16:11:37,051 [grpc-default-executor-2] INFO  impl.RoleInfo (RoleInfo.java:updateAndGet(143)) - 2ec85f63-33fb-4317-9145-71357d145af9: start FollowerState
2019-10-15 16:11:37,051 [Thread-465] INFO  impl.FollowerState (FollowerState.java:run(117)) - 2ec85f63-33fb-4317-9145-71357d145af9@group-B2671EB745D2-FollowerState was interrupted: java.lang.InterruptedException: sleep interrupted
2019-10-15 16:11:37,051 [Thread-464] INFO  impl.FollowerState (FollowerState.java:run(117)) - 50423279-f647-4a18-8e85-347d68eaf856@group-B2671EB745D2-FollowerState was interrupted: java.lang.InterruptedException: sleep interrupted
2019-10-15 16:11:37,051 [grpc-default-executor-5] INFO  impl.RoleInfo (RoleInfo.java:updateAndGet(143)) - 50423279-f647-4a18-8e85-347d68eaf856: start FollowerState
2019-10-15 16:11:37,058 [25d6372c-77fd-4a39-ac2a-e48debad48df@group-B2671EB745D2-LeaderElection40] INFO  impl.LeaderElection (LeaderElection.java:logAndReturn(56)) - 25d6372c-77fd-4a39-ac2a-e48debad48df@group-B2671EB745D2-LeaderElection40: Election REJECTED; received 2 response(s) [25d6372c-77fd-4a39-ac2a-e48debad48df<-50423279-f647-4a18-8e85-347d68eaf856#0:FAIL-t38, 25d6372c-77fd-4a39-ac2a-e48debad48df<-2ec85f63-33fb-4317-9145-71357d145af9#0:FAIL-t38] and 0 exception(s); 25d6372c-77fd-4a39-ac2a-e48debad48df@group-B2671EB745D2:t38, leader=null, voted=25d6372c-77fd-4a39-ac2a-e48debad48df, raftlog=25d6372c-77fd-4a39-ac2a-e48debad48df@group-B2671EB745D2-SegmentedRaftLog:OPENED:c-1,f-1,i0, conf=-1: [50423279-f647-4a18-8e85-347d68eaf856:192.168.69.88:39583, 2ec85f63-33fb-4317-9145-71357d145af9:192.168.69.88:42357, 25d6372c-77fd-4a39-ac2a-e48debad48df:192.168.69.88:39591], old=null
2019-10-15 16:11:37,058 [25d6372c-77fd-4a39-ac2a-e48debad48df@group-B2671EB745D2-LeaderElection40] INFO  impl.RaftServerImpl (RaftServerImpl.java:setRole(184)) - 25d6372c-77fd-4a39-ac2a-e48debad48df@group-B2671EB745D2: changes role from CANDIDATE to FOLLOWER at term 38 for DISCOVERED_A_NEW_TERM
2019-10-15 16:11:37,058 [25d6372c-77fd-4a39-ac2a-e48debad48df@group-B2671EB745D2-LeaderElection40] INFO  impl.RoleInfo (RoleInfo.java:shutdownLeaderElection(134)) - 25d6372c-77fd-4a39-ac2a-e48debad48df: shutdown LeaderElection
2019-10-15 16:11:37,062 [25d6372c-77fd-4a39-ac2a-e48debad48df@group-B2671EB745D2-LeaderElection40] INFO  impl.RoleInfo (RoleInfo.java:updateAndGet(143)) - 25d6372c-77fd-4a39-ac2a-e48debad48df: start FollowerState
2019-10-15 16:11:37,214 [Thread-472] INFO  impl.FollowerState (FollowerState.java:run(108)) - 25d6372c-77fd-4a39-ac2a-e48debad48df@group-B2671EB745D2-FollowerState: change to CANDIDATE, lastRpcTime:152ms, electionTimeout:151ms
2019-10-15 16:11:37,218 [Thread-472] INFO  impl.RoleInfo (RoleInfo.java:shutdownFollowerState(121)) - 25d6372c-77fd-4a39-ac2a-e48debad48df: shutdown FollowerState
2019-10-15 16:11:37,218 [Thread-472] INFO  impl.RaftServerImpl (RaftServerImpl.java:setRole(184)) - 25d6372c-77fd-4a39-ac2a-e48debad48df@group-B2671EB745D2: changes role from  FOLLOWER to CANDIDATE at term 38 for changeToCandidate
2019-10-15 16:11:37,219 [Thread-472] INFO  impl.RoleInfo (RoleInfo.java:updateAndGet(143)) - 25d6372c-77fd-4a39-ac2a-e48debad48df: start LeaderElection
2019-10-15 16:11:37,225 [25d6372c-77fd-4a39-ac2a-e48debad48df@group-B2671EB745D2-LeaderElection41] INFO  impl.LeaderElection (LeaderElection.java:askForVotes(178)) - 25d6372c-77fd-4a39-ac2a-e48debad48df@group-B2671EB745D2-LeaderElection41: begin an election at term 39 for -1: [50423279-f647-4a18-8e85-347d68eaf856:192.168.69.88:39583, 2ec85f63-33fb-4317-9145-71357d145af9:192.168.69.88:42357, 25d6372c-77fd-4a39-ac2a-e48debad48df:192.168.69.88:39591], old=null
2019-10-15 16:11:37,229 [grpc-default-executor-2] INFO  impl.RaftServerImpl (RaftServerImpl.java:setRole(184)) - 50423279-f647-4a18-8e85-347d68eaf856@group-B2671EB745D2: changes role from  FOLLOWER to FOLLOWER at term 39 for recognizeCandidate:25d6372c-77fd-4a39-ac2a-e48debad48df
2019-10-15 16:11:37,230 [grpc-default-executor-2] INFO  impl.RoleInfo (RoleInfo.java:shutdownFollowerState(121)) - 50423279-f647-4a18-8e85-347d68eaf856: shutdown FollowerState
2019-10-15 16:11:37,230 [grpc-default-executor-5] INFO  impl.RaftServerImpl (RaftServerImpl.java:setRole(184)) - 2ec85f63-33fb-4317-9145-71357d145af9@group-B2671EB745D2: changes role from  FOLLOWER to FOLLOWER at term 39 for recognizeCandidate:25d6372c-77fd-4a39-ac2a-e48debad48df
2019-10-15 16:11:37,230 [grpc-default-executor-2] INFO  impl.RoleInfo (RoleInfo.java:updateAndGet(143)) - 50423279-f647-4a18-8e85-347d68eaf856: start FollowerState
2019-10-15 16:11:37,230 [Thread-471] INFO  impl.FollowerState (FollowerState.java:run(117)) - 50423279-f647-4a18-8e85-347d68eaf856@group-B2671EB745D2-FollowerState was interrupted: java.lang.InterruptedException: sleep interrupted
2019-10-15 16:11:37,230 [grpc-default-executor-5] INFO  impl.RoleInfo (RoleInfo.java:shutdownFollowerState(121)) - 2ec85f63-33fb-4317-9145-71357d145af9: shutdown FollowerState
2019-10-15 16:11:37,230 [grpc-default-executor-5] INFO  impl.RoleInfo (RoleInfo.java:updateAndGet(143)) - 2ec85f63-33fb-4317-9145-71357d145af9: start FollowerState
2019-10-15 16:11:37,230 [Thread-470] INFO  impl.FollowerState (FollowerState.java:run(117)) - 2ec85f63-33fb-4317-9145-71357d145af9@group-B2671EB745D2-FollowerState was interrupted: java.lang.InterruptedException: sleep interrupted
2019-10-15 16:11:37,239 [25d6372c-77fd-4a39-ac2a-e48debad48df@group-B2671EB745D2-LeaderElection41] INFO  impl.LeaderElection (LeaderElection.java:logAndReturn(56)) - 25d6372c-77fd-4a39-ac2a-e48debad48df@group-B2671EB745D2-LeaderElection41: Election REJECTED; received 2 response(s) [25d6372c-77fd-4a39-ac2a-e48debad48df<-2ec85f63-33fb-4317-9145-71357d145af9#0:FAIL-t39, 25d6372c-77fd-4a39-ac2a-e48debad48df<-50423279-f647-4a18-8e85-347d68eaf856#0:FAIL-t39] and 0 exception(s); 25d6372c-77fd-4a39-ac2a-e48debad48df@group-B2671EB745D2:t39, leader=null, voted=25d6372c-77fd-4a39-ac2a-e48debad48df, raftlog=25d6372c-77fd-4a39-ac2a-e48debad48df@group-B2671EB745D2-SegmentedRaftLog:OPENED:c-1,f-1,i0, conf=-1: [50423279-f647-4a18-8e85-347d68eaf856:192.168.69.88:39583, 2ec85f63-33fb-4317-9145-71357d145af9:192.168.69.88:42357, 25d6372c-77fd-4a39-ac2a-e48debad48df:192.168.69.88:39591], old=null
2019-10-15 16:11:37,239 [25d6372c-77fd-4a39-ac2a-e48debad48df@group-B2671EB745D2-LeaderElection41] INFO  impl.RaftServerImpl (RaftServerImpl.java:setRole(184)) - 25d6372c-77fd-4a39-ac2a-e48debad48df@group-B2671EB745D2: changes role from CANDIDATE to FOLLOWER at term 39 for DISCOVERED_A_NEW_TERM
2019-10-15 16:11:37,240 [25d6372c-77fd-4a39-ac2a-e48debad48df@group-B2671EB745D2-LeaderElection41] INFO  impl.RoleInfo (RoleInfo.java:shutdownLeaderElection(134)) - 25d6372c-77fd-4a39-ac2a-e48debad48df: shutdown LeaderElection
2019-10-15 16:11:37,240 [25d6372c-77fd-4a39-ac2a-e48debad48df@group-B2671EB745D2-LeaderElection41] INFO  impl.RoleInfo (RoleInfo.java:updateAndGet(143)) - 25d6372c-77fd-4a39-ac2a-e48debad48df: start FollowerState
2019-10-15 16:11:37,368 [Thread-480] INFO  impl.FollowerState (FollowerState.java:run(108)) - 25d6372c-77fd-4a39-ac2a-e48debad48df@group-B2671EB745D2-FollowerState: change to CANDIDATE, lastRpcTime:128ms, electionTimeout:128ms
2019-10-15 16:11:37,368 [Thread-480] INFO  impl.RoleInfo (RoleInfo.java:shutdownFollowerState(121)) - 25d6372c-77fd-4a39-ac2a-e48debad48df: shutdown FollowerState
2019-10-15 16:11:37,369 [Thread-480] INFO  impl.RaftServerImpl (RaftServerImpl.java:setRole(184)) - 25d6372c-77fd-4a39-ac2a-e48debad48df@group-B2671EB745D2: changes role from  FOLLOWER to CANDIDATE at term 39 for changeToCandidate
2019-10-15 16:11:37,369 [Thread-480] INFO  impl.RoleInfo (RoleInfo.java:updateAndGet(143)) - 25d6372c-77fd-4a39-ac2a-e48debad48df: start LeaderElection
2019-10-15 16:11:37,380 [25d6372c-77fd-4a39-ac2a-e48debad48df@group-B2671EB745D2-LeaderElection42] INFO  impl.LeaderElection (LeaderElection.java:askForVotes(178)) - 25d6372c-77fd-4a39-ac2a-e48debad48df@group-B2671EB745D2-LeaderElection42: begin an election at term 40 for -1: [50423279-f647-4a18-8e85-347d68eaf856:192.168.69.88:39583, 2ec85f63-33fb-4317-9145-71357d145af9:192.168.69.88:42357, 25d6372c-77fd-4a39-ac2a-e48debad48df:192.168.69.88:39591], old=null
2019-10-15 16:11:37,383 [grpc-default-executor-5] INFO  impl.RaftServerImpl (RaftServerImpl.java:setRole(184)) - 2ec85f63-33fb-4317-9145-71357d145af9@group-B2671EB745D2: changes role from  FOLLOWER to FOLLOWER at term 40 for recognizeCandidate:25d6372c-77fd-4a39-ac2a-e48debad48df
2019-10-15 16:11:37,383 [grpc-default-executor-2] INFO  impl.RaftServerImpl (RaftServerImpl.java:setRole(184)) - 50423279-f647-4a18-8e85-347d68eaf856@group-B2671EB745D2: changes role from  FOLLOWER to FOLLOWER at term 40 for recognizeCandidate:25d6372c-77fd-4a39-ac2a-e48debad48df
2019-10-15 16:11:37,383 [grpc-default-executor-5] INFO  impl.RoleInfo (RoleInfo.java:shutdownFollowerState(121)) - 2ec85f63-33fb-4317-9145-71357d145af9: shutdown FollowerState
2019-10-15 16:11:37,383 [grpc-default-executor-2] INFO  impl.RoleInfo (RoleInfo.java:shutdownFollowerState(121)) - 50423279-f647-4a18-8e85-347d68eaf856: shutdown FollowerState
2019-10-15 16:11:37,384 [Thread-479] INFO  impl.FollowerState (FollowerState.java:run(117)) - 2ec85f63-33fb-4317-9145-71357d145af9@group-B2671EB745D2-FollowerState was interrupted: java.lang.InterruptedException: sleep interrupted
2019-10-15 16:11:37,384 [grpc-default-executor-5] INFO  impl.RoleInfo (RoleInfo.java:updateAndGet(143)) - 2ec85f63-33fb-4317-9145-71357d145af9: start FollowerState
2019-10-15 16:11:37,384 [Thread-478] INFO  impl.FollowerState (FollowerState.java:run(117)) - 50423279-f647-4a18-8e85-347d68eaf856@group-B2671EB745D2-FollowerState was interrupted: java.lang.InterruptedException: sleep interrupted
2019-10-15 16:11:37,384 [grpc-default-executor-2] INFO  impl.RoleInfo (RoleInfo.java:updateAndGet(143)) - 50423279-f647-4a18-8e85-347d68eaf856: start FollowerState
2019-10-15 16:11:37,390 [25d6372c-77fd-4a39-ac2a-e48debad48df@group-B2671EB745D2-LeaderElection42] INFO  impl.LeaderElection (LeaderElection.java:logAndReturn(56)) - 25d6372c-77fd-4a39-ac2a-e48debad48df@group-B2671EB745D2-LeaderElection42: Election REJECTED; received 2 response(s) [25d6372c-77fd-4a39-ac2a-e48debad48df<-2ec85f63-33fb-4317-9145-71357d145af9#0:FAIL-t40, 25d6372c-77fd-4a39-ac2a-e48debad48df<-50423279-f647-4a18-8e85-347d68eaf856#0:FAIL-t40] and 0 exception(s); 25d6372c-77fd-4a39-ac2a-e48debad48df@group-B2671EB745D2:t40, leader=null, voted=25d6372c-77fd-4a39-ac2a-e48debad48df, raftlog=25d6372c-77fd-4a39-ac2a-e48debad48df@group-B2671EB745D2-SegmentedRaftLog:OPENED:c-1,f-1,i0, conf=-1: [50423279-f647-4a18-8e85-347d68eaf856:192.168.69.88:39583, 2ec85f63-33fb-4317-9145-71357d145af9:192.168.69.88:42357, 25d6372c-77fd-4a39-ac2a-e48debad48df:192.168.69.88:39591], old=null
2019-10-15 16:11:37,390 [25d6372c-77fd-4a39-ac2a-e48debad48df@group-B2671EB745D2-LeaderElection42] INFO  impl.RaftServerImpl (RaftServerImpl.java:setRole(184)) - 25d6372c-77fd-4a39-ac2a-e48debad48df@group-B2671EB745D2: changes role from CANDIDATE to FOLLOWER at term 40 for DISCOVERED_A_NEW_TERM
2019-10-15 16:11:37,390 [25d6372c-77fd-4a39-ac2a-e48debad48df@group-B2671EB745D2-LeaderElection42] INFO  impl.RoleInfo (RoleInfo.java:shutdownLeaderElection(134)) - 25d6372c-77fd-4a39-ac2a-e48debad48df: shutdown LeaderElection
2019-10-15 16:11:37,391 [25d6372c-77fd-4a39-ac2a-e48debad48df@group-B2671EB745D2-LeaderElection42] INFO  impl.RoleInfo (RoleInfo.java:updateAndGet(143)) - 25d6372c-77fd-4a39-ac2a-e48debad48df: start FollowerState
2019-10-15 16:11:37,577 [Thread-486] INFO  impl.FollowerState (FollowerState.java:run(108)) - 25d6372c-77fd-4a39-ac2a-e48debad48df@group-B2671EB745D2-FollowerState: change to CANDIDATE, lastRpcTime:186ms, electionTimeout:186ms
2019-10-15 16:11:37,577 [Thread-486] INFO  impl.RoleInfo (RoleInfo.java:shutdownFollowerState(121)) - 25d6372c-77fd-4a39-ac2a-e48debad48df: shutdown FollowerState
2019-10-15 16:11:37,577 [Thread-486] INFO  impl.RaftServerImpl (RaftServerImpl.java:setRole(184)) - 25d6372c-77fd-4a39-ac2a-e48debad48df@group-B2671EB745D2: changes role from  FOLLOWER to CANDIDATE at term 40 for changeToCandidate
2019-10-15 16:11:37,578 [Thread-486] INFO  impl.RoleInfo (RoleInfo.java:updateAndGet(143)) - 25d6372c-77fd-4a39-ac2a-e48debad48df: start LeaderElection
2019-10-15 16:11:37,592 [25d6372c-77fd-4a39-ac2a-e48debad48df@group-B2671EB745D2-LeaderElection43] INFO  impl.LeaderElection (LeaderElection.java:askForVotes(178)) - 25d6372c-77fd-4a39-ac2a-e48debad48df@group-B2671EB745D2-LeaderElection43: begin an election at term 41 for -1: [50423279-f647-4a18-8e85-347d68eaf856:192.168.69.88:39583, 2ec85f63-33fb-4317-9145-71357d145af9:192.168.69.88:42357, 25d6372c-77fd-4a39-ac2a-e48debad48df:192.168.69.88:39591], old=null
2019-10-15 16:11:37,595 [grpc-default-executor-5] INFO  impl.RaftServerImpl (RaftServerImpl.java:setRole(184)) - 2ec85f63-33fb-4317-9145-71357d145af9@group-B2671EB745D2: changes role from  FOLLOWER to FOLLOWER at term 41 for recognizeCandidate:25d6372c-77fd-4a39-ac2a-e48debad48df
2019-10-15 16:11:37,596 [grpc-default-executor-5] INFO  impl.RoleInfo (RoleInfo.java:shutdownFollowerState(121)) - 2ec85f63-33fb-4317-9145-71357d145af9: shutdown FollowerState
2019-10-15 16:11:37,596 [grpc-default-executor-2] INFO  impl.RaftServerImpl (RaftServerImpl.java:setRole(184)) - 50423279-f647-4a18-8e85-347d68eaf856@group-B2671EB745D2: changes role from  FOLLOWER to FOLLOWER at term 41 for recognizeCandidate:25d6372c-77fd-4a39-ac2a-e48debad48df
2019-10-15 16:11:37,596 [Thread-484] INFO  impl.FollowerState (FollowerState.java:run(117)) - 2ec85f63-33fb-4317-9145-71357d145af9@group-B2671EB745D2-FollowerState was interrupted: java.lang.InterruptedException: sleep interrupted
2019-10-15 16:11:37,596 [grpc-default-executor-5] INFO  impl.RoleInfo (RoleInfo.java:updateAndGet(143)) - 2ec85f63-33fb-4317-9145-71357d145af9: start FollowerState
2019-10-15 16:11:37,596 [grpc-default-executor-2] INFO  impl.RoleInfo (RoleInfo.java:shutdownFollowerState(121)) - 50423279-f647-4a18-8e85-347d68eaf856: shutdown FollowerState
2019-10-15 16:11:37,596 [Thread-485] INFO  impl.FollowerState (FollowerState.java:run(117)) - 50423279-f647-4a18-8e85-347d68eaf856@group-B2671EB745D2-FollowerState was interrupted: java.lang.InterruptedException: sleep interrupted
2019-10-15 16:11:37,596 [grpc-default-executor-2] INFO  impl.RoleInfo (RoleInfo.java:updateAndGet(143)) - 50423279-f647-4a18-8e85-347d68eaf856: start FollowerState
2019-10-15 16:11:37,611 [25d6372c-77fd-4a39-ac2a-e48debad48df@group-B2671EB745D2-LeaderElection43] INFO  impl.LeaderElection (LeaderElection.java:logAndReturn(56)) - 25d6372c-77fd-4a39-ac2a-e48debad48df@group-B2671EB745D2-LeaderElection43: Election REJECTED; received 2 response(s) [25d6372c-77fd-4a39-ac2a-e48debad48df<-2ec85f63-33fb-4317-9145-71357d145af9#0:FAIL-t41, 25d6372c-77fd-4a39-ac2a-e48debad48df<-50423279-f647-4a18-8e85-347d68eaf856#0:FAIL-t41] and 0 exception(s); 25d6372c-77fd-4a39-ac2a-e48debad48df@group-B2671EB745D2:t41, leader=null, voted=25d6372c-77fd-4a39-ac2a-e48debad48df, raftlog=25d6372c-77fd-4a39-ac2a-e48debad48df@group-B2671EB745D2-SegmentedRaftLog:OPENED:c-1,f-1,i0, conf=-1: [50423279-f647-4a18-8e85-347d68eaf856:192.168.69.88:39583, 2ec85f63-33fb-4317-9145-71357d145af9:192.168.69.88:42357, 25d6372c-77fd-4a39-ac2a-e48debad48df:192.168.69.88:39591], old=null
2019-10-15 16:11:37,611 [25d6372c-77fd-4a39-ac2a-e48debad48df@group-B2671EB745D2-LeaderElection43] INFO  impl.RaftServerImpl (RaftServerImpl.java:setRole(184)) - 25d6372c-77fd-4a39-ac2a-e48debad48df@group-B2671EB745D2: changes role from CANDIDATE to FOLLOWER at term 41 for DISCOVERED_A_NEW_TERM
2019-10-15 16:11:37,611 [25d6372c-77fd-4a39-ac2a-e48debad48df@group-B2671EB745D2-LeaderElection43] INFO  impl.RoleInfo (RoleInfo.java:shutdownLeaderElection(134)) - 25d6372c-77fd-4a39-ac2a-e48debad48df: shutdown LeaderElection
2019-10-15 16:11:37,612 [25d6372c-77fd-4a39-ac2a-e48debad48df@group-B2671EB745D2-LeaderElection43] INFO  impl.RoleInfo (RoleInfo.java:updateAndGet(143)) - 25d6372c-77fd-4a39-ac2a-e48debad48df: start FollowerState
2019-10-15 16:11:37,667 [Thread-492] INFO  impl.FollowerState (FollowerState.java:run(108)) - 25d6372c-77fd-4a39-ac2a-e48debad48df@group-B2671EB745D2-FollowerState: change to CANDIDATE, lastRpcTime:55ms, electionTimeout:55ms
2019-10-15 16:11:37,667 [Thread-492] INFO  impl.RoleInfo (RoleInfo.java:shutdownFollowerState(121)) - 25d6372c-77fd-4a39-ac2a-e48debad48df: shutdown FollowerState
2019-10-15 16:11:37,667 [Thread-492] INFO  impl.RaftServerImpl (RaftServerImpl.java:setRole(184)) - 25d6372c-77fd-4a39-ac2a-e48debad48df@group-B2671EB745D2: changes role from  FOLLOWER to CANDIDATE at term 41 for changeToCandidate
2019-10-15 16:11:37,668 [Thread-492] INFO  impl.RoleInfo (RoleInfo.java:updateAndGet(143)) - 25d6372c-77fd-4a39-ac2a-e48debad48df: start LeaderElection
2019-10-15 16:11:37,676 [25d6372c-77fd-4a39-ac2a-e48debad48df@group-B2671EB745D2-LeaderElection44] INFO  impl.LeaderElection (LeaderElection.java:askForVotes(178)) - 25d6372c-77fd-4a39-ac2a-e48debad48df@group-B2671EB745D2-LeaderElection44: begin an election at term 42 for -1: [50423279-f647-4a18-8e85-347d68eaf856:192.168.69.88:39583, 2ec85f63-33fb-4317-9145-71357d145af9:192.168.69.88:42357, 25d6372c-77fd-4a39-ac2a-e48debad48df:192.168.69.88:39591], old=null
2019-10-15 16:11:37,679 [grpc-default-executor-5] INFO  impl.RaftServerImpl (RaftServerImpl.java:setRole(184)) - 2ec85f63-33fb-4317-9145-71357d145af9@group-B2671EB745D2: changes role from  FOLLOWER to FOLLOWER at term 42 for recognizeCandidate:25d6372c-77fd-4a39-ac2a-e48debad48df
2019-10-15 16:11:37,679 [grpc-default-executor-2] INFO  impl.RaftServerImpl (RaftServerImpl.java:setRole(184)) - 50423279-f647-4a18-8e85-347d68eaf856@group-B2671EB745D2: changes role from  FOLLOWER to FOLLOWER at term 42 for recognizeCandidate:25d6372c-77fd-4a39-ac2a-e48debad48df
2019-10-15 16:11:37,679 [grpc-default-executor-5] INFO  impl.RoleInfo (RoleInfo.java:shutdownFollowerState(121)) - 2ec85f63-33fb-4317-9145-71357d145af9: shutdown FollowerState
2019-10-15 16:11:37,679 [grpc-default-executor-2] INFO  impl.RoleInfo (RoleInfo.java:shutdownFollowerState(121)) - 50423279-f647-4a18-8e85-347d68eaf856: shutdown FollowerState
2019-10-15 16:11:37,679 [Thread-490] INFO  impl.FollowerState (FollowerState.java:run(117)) - 2ec85f63-33fb-4317-9145-71357d145af9@group-B2671EB745D2-FollowerState was interrupted: java.lang.InterruptedException: sleep interrupted
2019-10-15 16:11:37,679 [grpc-default-executor-5] INFO  impl.RoleInfo (RoleInfo.java:updateAndGet(143)) - 2ec85f63-33fb-4317-9145-71357d145af9: start FollowerState
2019-10-15 16:11:37,679 [grpc-default-executor-2] INFO  impl.RoleInfo (RoleInfo.java:updateAndGet(143)) - 50423279-f647-4a18-8e85-347d68eaf856: start FollowerState
2019-10-15 16:11:37,679 [Thread-491] INFO  impl.FollowerState (FollowerState.java:run(117)) - 50423279-f647-4a18-8e85-347d68eaf856@group-B2671EB745D2-FollowerState was interrupted: java.lang.InterruptedException: sleep interrupted
2019-10-15 16:11:37,692 [25d6372c-77fd-4a39-ac2a-e48debad48df@group-B2671EB745D2-LeaderElection44] INFO  impl.LeaderElection (LeaderElection.java:logAndReturn(56)) - 25d6372c-77fd-4a39-ac2a-e48debad48df@group-B2671EB745D2-LeaderElection44: Election REJECTED; received 2 response(s) [25d6372c-77fd-4a39-ac2a-e48debad48df<-2ec85f63-33fb-4317-9145-71357d145af9#0:FAIL-t42, 25d6372c-77fd-4a39-ac2a-e48debad48df<-50423279-f647-4a18-8e85-347d68eaf856#0:FAIL-t42] and 0 exception(s); 25d6372c-77fd-4a39-ac2a-e48debad48df@group-B2671EB745D2:t42, leader=null, voted=25d6372c-77fd-4a39-ac2a-e48debad48df, raftlog=25d6372c-77fd-4a39-ac2a-e48debad48df@group-B2671EB745D2-SegmentedRaftLog:OPENED:c-1,f-1,i0, conf=-1: [50423279-f647-4a18-8e85-347d68eaf856:192.168.69.88:39583, 2ec85f63-33fb-4317-9145-71357d145af9:192.168.69.88:42357, 25d6372c-77fd-4a39-ac2a-e48debad48df:192.168.69.88:39591], old=null
2019-10-15 16:11:37,692 [25d6372c-77fd-4a39-ac2a-e48debad48df@group-B2671EB745D2-LeaderElection44] INFO  impl.RaftServerImpl (RaftServerImpl.java:setRole(184)) - 25d6372c-77fd-4a39-ac2a-e48debad48df@group-B2671EB745D2: changes role from CANDIDATE to FOLLOWER at term 42 for DISCOVERED_A_NEW_TERM
2019-10-15 16:11:37,692 [25d6372c-77fd-4a39-ac2a-e48debad48df@group-B2671EB745D2-LeaderElection44] INFO  impl.RoleInfo (RoleInfo.java:shutdownLeaderElection(134)) - 25d6372c-77fd-4a39-ac2a-e48debad48df: shutdown LeaderElection
2019-10-15 16:11:37,692 [25d6372c-77fd-4a39-ac2a-e48debad48df@group-B2671EB745D2-LeaderElection44] INFO  impl.RoleInfo (RoleInfo.java:updateAndGet(143)) - 25d6372c-77fd-4a39-ac2a-e48debad48df: start FollowerState
2019-10-15 16:11:37,768 [Thread-498] INFO  impl.FollowerState (FollowerState.java:run(108)) - 25d6372c-77fd-4a39-ac2a-e48debad48df@group-B2671EB745D2-FollowerState: change to CANDIDATE, lastRpcTime:75ms, electionTimeout:75ms
2019-10-15 16:11:37,768 [Thread-498] INFO  impl.RoleInfo (RoleInfo.java:shutdownFollowerState(121)) - 25d6372c-77fd-4a39-ac2a-e48debad48df: shutdown FollowerState
2019-10-15 16:11:37,768 [Thread-498] INFO  impl.RaftServerImpl (RaftServerImpl.java:setRole(184)) - 25d6372c-77fd-4a39-ac2a-e48debad48df@group-B2671EB745D2: changes role from  FOLLOWER to CANDIDATE at term 42 for changeToCandidate
2019-10-15 16:11:37,768 [Thread-498] INFO  impl.RoleInfo (RoleInfo.java:updateAndGet(143)) - 25d6372c-77fd-4a39-ac2a-e48debad48df: start LeaderElection
2019-10-15 16:11:37,905 [25d6372c-77fd-4a39-ac2a-e48debad48df@group-B2671EB745D2-LeaderElection45] INFO  impl.LeaderElection (LeaderElection.java:askForVotes(178)) - 25d6372c-77fd-4a39-ac2a-e48debad48df@group-B2671EB745D2-LeaderElection45: begin an election at term 43 for -1: [50423279-f647-4a18-8e85-347d68eaf856:192.168.69.88:39583, 2ec85f63-33fb-4317-9145-71357d145af9:192.168.69.88:42357, 25d6372c-77fd-4a39-ac2a-e48debad48df:192.168.69.88:39591], old=null
2019-10-15 16:11:37,909 [grpc-default-executor-2] INFO  impl.RaftServerImpl (RaftServerImpl.java:setRole(184)) - 50423279-f647-4a18-8e85-347d68eaf856@group-B2671EB745D2: changes role from  FOLLOWER to FOLLOWER at term 43 for recognizeCandidate:25d6372c-77fd-4a39-ac2a-e48debad48df
2019-10-15 16:11:37,909 [grpc-default-executor-5] INFO  impl.RaftServerImpl (RaftServerImpl.java:setRole(184)) - 2ec85f63-33fb-4317-9145-71357d145af9@group-B2671EB745D2: changes role from  FOLLOWER to FOLLOWER at term 43 for recognizeCandidate:25d6372c-77fd-4a39-ac2a-e48debad48df
2019-10-15 16:11:37,909 [grpc-default-executor-2] INFO  impl.RoleInfo (RoleInfo.java:shutdownFollowerState(121)) - 50423279-f647-4a18-8e85-347d68eaf856: shutdown FollowerState
2019-10-15 16:11:37,909 [grpc-default-executor-5] INFO  impl.RoleInfo (RoleInfo.java:shutdownFollowerState(121)) - 2ec85f63-33fb-4317-9145-71357d145af9: shutdown FollowerState
2019-10-15 16:11:37,910 [Thread-497] INFO  impl.FollowerState (FollowerState.java:run(117)) - 50423279-f647-4a18-8e85-347d68eaf856@group-B2671EB745D2-FollowerState was interrupted: java.lang.InterruptedException: sleep interrupted
2019-10-15 16:11:37,910 [grpc-default-executor-5] INFO  impl.RoleInfo (RoleInfo.java:updateAndGet(143)) - 2ec85f63-33fb-4317-9145-71357d145af9: start FollowerState
2019-10-15 16:11:37,910 [grpc-default-executor-2] INFO  impl.RoleInfo (RoleInfo.java:updateAndGet(143)) - 50423279-f647-4a18-8e85-347d68eaf856: start FollowerState
2019-10-15 16:11:37,910 [Thread-496] INFO  impl.FollowerState (FollowerState.java:run(117)) - 2ec85f63-33fb-4317-9145-71357d145af9@group-B2671EB745D2-FollowerState was interrupted: java.lang.InterruptedException: sleep interrupted
2019-10-15 16:11:37,973 [25d6372c-77fd-4a39-ac2a-e48debad48df@group-B2671EB745D2-LeaderElection45] INFO  impl.LeaderElection (LeaderElection.java:logAndReturn(56)) - 25d6372c-77fd-4a39-ac2a-e48debad48df@group-B2671EB745D2-LeaderElection45: Election REJECTED; received 2 response(s) [25d6372c-77fd-4a39-ac2a-e48debad48df<-50423279-f647-4a18-8e85-347d68eaf856#0:FAIL-t43, 25d6372c-77fd-4a39-ac2a-e48debad48df<-2ec85f63-33fb-4317-9145-71357d145af9#0:FAIL-t43] and 0 exception(s); 25d6372c-77fd-4a39-ac2a-e48debad48df@group-B2671EB745D2:t43, leader=null, voted=25d6372c-77fd-4a39-ac2a-e48debad48df, raftlog=25d6372c-77fd-4a39-ac2a-e48debad48df@group-B2671EB745D2-SegmentedRaftLog:OPENED:c-1,f-1,i0, conf=-1: [50423279-f647-4a18-8e85-347d68eaf856:192.168.69.88:39583, 2ec85f63-33fb-4317-9145-71357d145af9:192.168.69.88:42357, 25d6372c-77fd-4a39-ac2a-e48debad48df:192.168.69.88:39591], old=null
2019-10-15 16:11:37,973 [25d6372c-77fd-4a39-ac2a-e48debad48df@group-B2671EB745D2-LeaderElection45] INFO  impl.RaftServerImpl (RaftServerImpl.java:setRole(184)) - 25d6372c-77fd-4a39-ac2a-e48debad48df@group-B2671EB745D2: changes role from CANDIDATE to FOLLOWER at term 43 for DISCOVERED_A_NEW_TERM
2019-10-15 16:11:37,974 [25d6372c-77fd-4a39-ac2a-e48debad48df@group-B2671EB745D2-LeaderElection45] INFO  impl.RoleInfo (RoleInfo.java:shutdownLeaderElection(134)) - 25d6372c-77fd-4a39-ac2a-e48debad48df: shutdown LeaderElection
2019-10-15 16:11:37,974 [25d6372c-77fd-4a39-ac2a-e48debad48df@group-B2671EB745D2-LeaderElection45] INFO  impl.RoleInfo (RoleInfo.java:updateAndGet(143)) - 25d6372c-77fd-4a39-ac2a-e48debad48df: start FollowerState
2019-10-15 16:11:38,002 [Thread-504] INFO  impl.FollowerState (FollowerState.java:run(108)) - 25d6372c-77fd-4a39-ac2a-e48debad48df@group-B2671EB745D2-FollowerState: change to CANDIDATE, lastRpcTime:28ms, electionTimeout:28ms
2019-10-15 16:11:38,002 [Thread-504] INFO  impl.RoleInfo (RoleInfo.java:shutdownFollowerState(121)) - 25d6372c-77fd-4a39-ac2a-e48debad48df: shutdown FollowerState
2019-10-15 16:11:38,003 [Thread-504] INFO  impl.RaftServerImpl (RaftServerImpl.java:setRole(184)) - 25d6372c-77fd-4a39-ac2a-e48debad48df@group-B2671EB745D2: changes role from  FOLLOWER to CANDIDATE at term 43 for changeToCandidate
2019-10-15 16:11:38,003 [Thread-504] INFO  impl.RoleInfo (RoleInfo.java:updateAndGet(143)) - 25d6372c-77fd-4a39-ac2a-e48debad48df: start LeaderElection
2019-10-15 16:11:38,017 [25d6372c-77fd-4a39-ac2a-e48debad48df@group-B2671EB745D2-LeaderElection46] INFO  impl.LeaderElection (LeaderElection.java:askForVotes(178)) - 25d6372c-77fd-4a39-ac2a-e48debad48df@group-B2671EB745D2-LeaderElection46: begin an election at term 44 for -1: [50423279-f647-4a18-8e85-347d68eaf856:192.168.69.88:39583, 2ec85f63-33fb-4317-9145-71357d145af9:192.168.69.88:42357, 25d6372c-77fd-4a39-ac2a-e48debad48df:192.168.69.88:39591], old=null
2019-10-15 16:11:38,020 [grpc-default-executor-5] INFO  impl.RaftServerImpl (RaftServerImpl.java:setRole(184)) - 2ec85f63-33fb-4317-9145-71357d145af9@group-B2671EB745D2: changes role from  FOLLOWER to FOLLOWER at term 44 for recognizeCandidate:25d6372c-77fd-4a39-ac2a-e48debad48df
2019-10-15 16:11:38,020 [grpc-default-executor-2] INFO  impl.RaftServerImpl (RaftServerImpl.java:setRole(184)) - 50423279-f647-4a18-8e85-347d68eaf856@group-B2671EB745D2: changes role from  FOLLOWER to FOLLOWER at term 44 for recognizeCandidate:25d6372c-77fd-4a39-ac2a-e48debad48df
2019-10-15 16:11:38,020 [grpc-default-executor-5] INFO  impl.RoleInfo (RoleInfo.java:shutdownFollowerState(121)) - 2ec85f63-33fb-4317-9145-71357d145af9: shutdown FollowerState
2019-10-15 16:11:38,021 [grpc-default-executor-2] INFO  impl.RoleInfo (RoleInfo.java:shutdownFollowerState(121)) - 50423279-f647-4a18-8e85-347d68eaf856: shutdown FollowerState
2019-10-15 16:11:38,021 [Thread-503] INFO  impl.FollowerState (FollowerState.java:run(117)) - 2ec85f63-33fb-4317-9145-71357d145af9@group-B2671EB745D2-FollowerState was interrupted: java.lang.InterruptedException: sleep interrupted
2019-10-15 16:11:38,021 [grpc-default-executor-2] INFO  impl.RoleInfo (RoleInfo.java:updateAndGet(143)) - 50423279-f647-4a18-8e85-347d68eaf856: start FollowerState
2019-10-15 16:11:38,021 [Thread-502] INFO  impl.FollowerState (FollowerState.java:run(117)) - 50423279-f647-4a18-8e85-347d68eaf856@group-B2671EB745D2-FollowerState was interrupted: java.lang.InterruptedException: sleep interrupted
2019-10-15 16:11:38,021 [grpc-default-executor-5] INFO  impl.RoleInfo (RoleInfo.java:updateAndGet(143)) - 2ec85f63-33fb-4317-9145-71357d145af9: start FollowerState
2019-10-15 16:11:38,048 [25d6372c-77fd-4a39-ac2a-e48debad48df@group-B2671EB745D2-LeaderElection46] INFO  impl.LeaderElection (LeaderElection.java:logAndReturn(56)) - 25d6372c-77fd-4a39-ac2a-e48debad48df@group-B2671EB745D2-LeaderElection46: Election REJECTED; received 2 response(s) [25d6372c-77fd-4a39-ac2a-e48debad48df<-2ec85f63-33fb-4317-9145-71357d145af9#0:FAIL-t44, 25d6372c-77fd-4a39-ac2a-e48debad48df<-50423279-f647-4a18-8e85-347d68eaf856#0:FAIL-t44] and 0 exception(s); 25d6372c-77fd-4a39-ac2a-e48debad48df@group-B2671EB745D2:t44, leader=null, voted=25d6372c-77fd-4a39-ac2a-e48debad48df, raftlog=25d6372c-77fd-4a39-ac2a-e48debad48df@group-B2671EB745D2-SegmentedRaftLog:OPENED:c-1,f-1,i0, conf=-1: [50423279-f647-4a18-8e85-347d68eaf856:192.168.69.88:39583, 2ec85f63-33fb-4317-9145-71357d145af9:192.168.69.88:42357, 25d6372c-77fd-4a39-ac2a-e48debad48df:192.168.69.88:39591], old=null
2019-10-15 16:11:38,048 [25d6372c-77fd-4a39-ac2a-e48debad48df@group-B2671EB745D2-LeaderElection46] INFO  impl.RaftServerImpl (RaftServerImpl.java:setRole(184)) - 25d6372c-77fd-4a39-ac2a-e48debad48df@group-B2671EB745D2: changes role from CANDIDATE to FOLLOWER at term 44 for DISCOVERED_A_NEW_TERM
2019-10-15 16:11:38,048 [25d6372c-77fd-4a39-ac2a-e48debad48df@group-B2671EB745D2-LeaderElection46] INFO  impl.RoleInfo (RoleInfo.java:shutdownLeaderElection(134)) - 25d6372c-77fd-4a39-ac2a-e48debad48df: shutdown LeaderElection
2019-10-15 16:11:38,048 [25d6372c-77fd-4a39-ac2a-e48debad48df@group-B2671EB745D2-LeaderElection46] INFO  impl.RoleInfo (RoleInfo.java:updateAndGet(143)) - 25d6372c-77fd-4a39-ac2a-e48debad48df: start FollowerState
2019-10-15 16:11:38,189 [Thread-510] INFO  impl.FollowerState (FollowerState.java:run(108)) - 25d6372c-77fd-4a39-ac2a-e48debad48df@group-B2671EB745D2-FollowerState: change to CANDIDATE, lastRpcTime:141ms, electionTimeout:141ms
2019-10-15 16:11:38,190 [Thread-510] INFO  impl.RoleInfo (RoleInfo.java:shutdownFollowerState(121)) - 25d6372c-77fd-4a39-ac2a-e48debad48df: shutdown FollowerState
2019-10-15 16:11:38,190 [Thread-510] INFO  impl.RaftServerImpl (RaftServerImpl.java:setRole(184)) - 25d6372c-77fd-4a39-ac2a-e48debad48df@group-B2671EB745D2: changes role from  FOLLOWER to CANDIDATE at term 44 for changeToCandidate
2019-10-15 16:11:38,190 [Thread-510] INFO  impl.RoleInfo (RoleInfo.java:updateAndGet(143)) - 25d6372c-77fd-4a39-ac2a-e48debad48df: start LeaderElection
2019-10-15 16:11:38,214 [25d6372c-77fd-4a39-ac2a-e48debad48df@group-B2671EB745D2-LeaderElection47] INFO  impl.LeaderElection (LeaderElection.java:askForVotes(178)) - 25d6372c-77fd-4a39-ac2a-e48debad48df@group-B2671EB745D2-LeaderElection47: begin an election at term 45 for -1: [50423279-f647-4a18-8e85-347d68eaf856:192.168.69.88:39583, 2ec85f63-33fb-4317-9145-71357d145af9:192.168.69.88:42357, 25d6372c-77fd-4a39-ac2a-e48debad48df:192.168.69.88:39591], old=null
2019-10-15 16:11:38,217 [grpc-default-executor-5] INFO  impl.RaftServerImpl (RaftServerImpl.java:setRole(184)) - 50423279-f647-4a18-8e85-347d68eaf856@group-B2671EB745D2: changes role from  FOLLOWER to FOLLOWER at term 45 for recognizeCandidate:25d6372c-77fd-4a39-ac2a-e48debad48df
2019-10-15 16:11:38,217 [grpc-default-executor-2] INFO  impl.RaftServerImpl (RaftServerImpl.java:setRole(184)) - 2ec85f63-33fb-4317-9145-71357d145af9@group-B2671EB745D2: changes role from  FOLLOWER to FOLLOWER at term 45 for recognizeCandidate:25d6372c-77fd-4a39-ac2a-e48debad48df
2019-10-15 16:11:38,217 [grpc-default-executor-5] INFO  impl.RoleInfo (RoleInfo.java:shutdownFollowerState(121)) - 50423279-f647-4a18-8e85-347d68eaf856: shutdown FollowerState
2019-10-15 16:11:38,218 [grpc-default-executor-2] INFO  impl.RoleInfo (RoleInfo.java:shutdownFollowerState(121)) - 2ec85f63-33fb-4317-9145-71357d145af9: shutdown FollowerState
2019-10-15 16:11:38,218 [Thread-509] INFO  impl.FollowerState (FollowerState.java:run(117)) - 50423279-f647-4a18-8e85-347d68eaf856@group-B2671EB745D2-FollowerState was interrupted: java.lang.InterruptedException: sleep interrupted
2019-10-15 16:11:38,218 [grpc-default-executor-5] INFO  impl.RoleInfo (RoleInfo.java:updateAndGet(143)) - 50423279-f647-4a18-8e85-347d68eaf856: start FollowerState
2019-10-15 16:11:38,218 [grpc-default-executor-2] INFO  impl.RoleInfo (RoleInfo.java:updateAndGet(143)) - 2ec85f63-33fb-4317-9145-71357d145af9: start FollowerState
2019-10-15 16:11:38,218 [Thread-508] INFO  impl.FollowerState (FollowerState.java:run(117)) - 2ec85f63-33fb-4317-9145-71357d145af9@group-B2671EB745D2-FollowerState was interrupted: java.lang.InterruptedException: sleep interrupted
2019-10-15 16:11:38,227 [25d6372c-77fd-4a39-ac2a-e48debad48df@group-B2671EB745D2-LeaderElection47] INFO  impl.LeaderElection (LeaderElection.java:logAndReturn(56)) - 25d6372c-77fd-4a39-ac2a-e48debad48df@group-B2671EB745D2-LeaderElection47: Election REJECTED; received 2 response(s) [25d6372c-77fd-4a39-ac2a-e48debad48df<-50423279-f647-4a18-8e85-347d68eaf856#0:FAIL-t45, 25d6372c-77fd-4a39-ac2a-e48debad48df<-2ec85f63-33fb-4317-9145-71357d145af9#0:FAIL-t45] and 0 exception(s); 25d6372c-77fd-4a39-ac2a-e48debad48df@group-B2671EB745D2:t45, leader=null, voted=25d6372c-77fd-4a39-ac2a-e48debad48df, raftlog=25d6372c-77fd-4a39-ac2a-e48debad48df@group-B2671EB745D2-SegmentedRaftLog:OPENED:c-1,f-1,i0, conf=-1: [50423279-f647-4a18-8e85-347d68eaf856:192.168.69.88:39583, 2ec85f63-33fb-4317-9145-71357d145af9:192.168.69.88:42357, 25d6372c-77fd-4a39-ac2a-e48debad48df:192.168.69.88:39591], old=null
2019-10-15 16:11:38,227 [25d6372c-77fd-4a39-ac2a-e48debad48df@group-B2671EB745D2-LeaderElection47] INFO  impl.RaftServerImpl (RaftServerImpl.java:setRole(184)) - 25d6372c-77fd-4a39-ac2a-e48debad48df@group-B2671EB745D2: changes role from CANDIDATE to FOLLOWER at term 45 for DISCOVERED_A_NEW_TERM
2019-10-15 16:11:38,227 [25d6372c-77fd-4a39-ac2a-e48debad48df@group-B2671EB745D2-LeaderElection47] INFO  impl.RoleInfo (RoleInfo.java:shutdownLeaderElection(134)) - 25d6372c-77fd-4a39-ac2a-e48debad48df: shutdown LeaderElection
2019-10-15 16:11:38,228 [25d6372c-77fd-4a39-ac2a-e48debad48df@group-B2671EB745D2-LeaderElection47] INFO  impl.RoleInfo (RoleInfo.java:updateAndGet(143)) - 25d6372c-77fd-4a39-ac2a-e48debad48df: start FollowerState
2019-10-15 16:11:38,352 [Thread-518] INFO  impl.FollowerState (FollowerState.java:run(108)) - 25d6372c-77fd-4a39-ac2a-e48debad48df@group-B2671EB745D2-FollowerState: change to CANDIDATE, lastRpcTime:124ms, electionTimeout:124ms
2019-10-15 16:11:38,352 [Thread-518] INFO  impl.RoleInfo (RoleInfo.java:shutdownFollowerState(121)) - 25d6372c-77fd-4a39-ac2a-e48debad48df: shutdown FollowerState
2019-10-15 16:11:38,353 [Thread-518] INFO  impl.RaftServerImpl (RaftServerImpl.java:setRole(184)) - 25d6372c-77fd-4a39-ac2a-e48debad48df@group-B2671EB745D2: changes role from  FOLLOWER to CANDIDATE at term 45 for changeToCandidate
2019-10-15 16:11:38,353 [Thread-518] INFO  impl.RoleInfo (RoleInfo.java:updateAndGet(143)) - 25d6372c-77fd-4a39-ac2a-e48debad48df: start LeaderElection
2019-10-15 16:11:38,360 [25d6372c-77fd-4a39-ac2a-e48debad48df@group-B2671EB745D2-LeaderElection48] INFO  impl.LeaderElection (LeaderElection.java:askForVotes(178)) - 25d6372c-77fd-4a39-ac2a-e48debad48df@group-B2671EB745D2-LeaderElection48: begin an election at term 46 for -1: [50423279-f647-4a18-8e85-347d68eaf856:192.168.69.88:39583, 2ec85f63-33fb-4317-9145-71357d145af9:192.168.69.88:42357, 25d6372c-77fd-4a39-ac2a-e48debad48df:192.168.69.88:39591], old=null
2019-10-15 16:11:38,363 [grpc-default-executor-2] INFO  impl.RaftServerImpl (RaftServerImpl.java:setRole(184)) - 2ec85f63-33fb-4317-9145-71357d145af9@group-B2671EB745D2: changes role from  FOLLOWER to FOLLOWER at term 46 for recognizeCandidate:25d6372c-77fd-4a39-ac2a-e48debad48df
2019-10-15 16:11:38,363 [grpc-default-executor-5] INFO  impl.RaftServerImpl (RaftServerImpl.java:setRole(184)) - 50423279-f647-4a18-8e85-347d68eaf856@group-B2671EB745D2: changes role from  FOLLOWER to FOLLOWER at term 46 for recognizeCandidate:25d6372c-77fd-4a39-ac2a-e48debad48df
2019-10-15 16:11:38,363 [grpc-default-executor-2] INFO  impl.RoleInfo (RoleInfo.java:shutdownFollowerState(121)) - 2ec85f63-33fb-4317-9145-71357d145af9: shutdown FollowerState
2019-10-15 16:11:38,363 [grpc-default-executor-5] INFO  impl.RoleInfo (RoleInfo.java:shutdownFollowerState(121)) - 50423279-f647-4a18-8e85-347d68eaf856: shutdown FollowerState
2019-10-15 16:11:38,364 [grpc-default-executor-2] INFO  impl.RoleInfo (RoleInfo.java:updateAndGet(143)) - 2ec85f63-33fb-4317-9145-71357d145af9: start FollowerState
2019-10-15 16:11:38,364 [Thread-517] INFO  impl.FollowerState (FollowerState.java:run(117)) - 2ec85f63-33fb-4317-9145-71357d145af9@group-B2671EB745D2-FollowerState was interrupted: java.lang.InterruptedException: sleep interrupted
2019-10-15 16:11:38,364 [Thread-516] INFO  impl.FollowerState (FollowerState.java:run(117)) - 50423279-f647-4a18-8e85-347d68eaf856@group-B2671EB745D2-FollowerState was interrupted: java.lang.InterruptedException: sleep interrupted
2019-10-15 16:11:38,364 [grpc-default-executor-5] INFO  impl.RoleInfo (RoleInfo.java:updateAndGet(143)) - 50423279-f647-4a18-8e85-347d68eaf856: start FollowerState
2019-10-15 16:11:38,380 [25d6372c-77fd-4a39-ac2a-e48debad48df@group-B2671EB745D2-LeaderElection48] INFO  impl.LeaderElection (LeaderElection.java:logAndReturn(56)) - 25d6372c-77fd-4a39-ac2a-e48debad48df@group-B2671EB745D2-LeaderElection48: Election REJECTED; received 2 response(s) [25d6372c-77fd-4a39-ac2a-e48debad48df<-50423279-f647-4a18-8e85-347d68eaf856#0:FAIL-t46, 25d6372c-77fd-4a39-ac2a-e48debad48df<-2ec85f63-33fb-4317-9145-71357d145af9#0:FAIL-t46] and 0 exception(s); 25d6372c-77fd-4a39-ac2a-e48debad48df@group-B2671EB745D2:t46, leader=null, voted=25d6372c-77fd-4a39-ac2a-e48debad48df, raftlog=25d6372c-77fd-4a39-ac2a-e48debad48df@group-B2671EB745D2-SegmentedRaftLog:OPENED:c-1,f-1,i0, conf=-1: [50423279-f647-4a18-8e85-347d68eaf856:192.168.69.88:39583, 2ec85f63-33fb-4317-9145-71357d145af9:192.168.69.88:42357, 25d6372c-77fd-4a39-ac2a-e48debad48df:192.168.69.88:39591], old=null
2019-10-15 16:11:38,380 [25d6372c-77fd-4a39-ac2a-e48debad48df@group-B2671EB745D2-LeaderElection48] INFO  impl.RaftServerImpl (RaftServerImpl.java:setRole(184)) - 25d6372c-77fd-4a39-ac2a-e48debad48df@group-B2671EB745D2: changes role from CANDIDATE to FOLLOWER at term 46 for DISCOVERED_A_NEW_TERM
2019-10-15 16:11:38,380 [25d6372c-77fd-4a39-ac2a-e48debad48df@group-B2671EB745D2-LeaderElection48] INFO  impl.RoleInfo (RoleInfo.java:shutdownLeaderElection(134)) - 25d6372c-77fd-4a39-ac2a-e48debad48df: shutdown LeaderElection
2019-10-15 16:11:38,381 [25d6372c-77fd-4a39-ac2a-e48debad48df@group-B2671EB745D2-LeaderElection48] INFO  impl.RoleInfo (RoleInfo.java:updateAndGet(143)) - 25d6372c-77fd-4a39-ac2a-e48debad48df: start FollowerState
2019-10-15 16:11:38,456 [Thread-524] INFO  impl.FollowerState (FollowerState.java:run(108)) - 25d6372c-77fd-4a39-ac2a-e48debad48df@group-B2671EB745D2-FollowerState: change to CANDIDATE, lastRpcTime:75ms, electionTimeout:75ms
2019-10-15 16:11:38,457 [Thread-524] INFO  impl.RoleInfo (RoleInfo.java:shutdownFollowerState(121)) - 25d6372c-77fd-4a39-ac2a-e48debad48df: shutdown FollowerState
2019-10-15 16:11:38,457 [Thread-524] INFO  impl.RaftServerImpl (RaftServerImpl.java:setRole(184)) - 25d6372c-77fd-4a39-ac2a-e48debad48df@group-B2671EB745D2: changes role from  FOLLOWER to CANDIDATE at term 46 for changeToCandidate
2019-10-15 16:11:38,457 [Thread-524] INFO  impl.RoleInfo (RoleInfo.java:updateAndGet(143)) - 25d6372c-77fd-4a39-ac2a-e48debad48df: start LeaderElection
2019-10-15 16:11:38,477 [25d6372c-77fd-4a39-ac2a-e48debad48df@group-B2671EB745D2-LeaderElection49] INFO  impl.LeaderElection (LeaderElection.java:askForVotes(178)) - 25d6372c-77fd-4a39-ac2a-e48debad48df@group-B2671EB745D2-LeaderElection49: begin an election at term 47 for -1: [50423279-f647-4a18-8e85-347d68eaf856:192.168.69.88:39583, 2ec85f63-33fb-4317-9145-71357d145af9:192.168.69.88:42357, 25d6372c-77fd-4a39-ac2a-e48debad48df:192.168.69.88:39591], old=null
2019-10-15 16:11:38,481 [grpc-default-executor-5] INFO  impl.RaftServerImpl (RaftServerImpl.java:setRole(184)) - 2ec85f63-33fb-4317-9145-71357d145af9@group-B2671EB745D2: changes role from  FOLLOWER to FOLLOWER at term 47 for recognizeCandidate:25d6372c-77fd-4a39-ac2a-e48debad48df
2019-10-15 16:11:38,481 [grpc-default-executor-2] INFO  impl.RaftServerImpl (RaftServerImpl.java:setRole(184)) - 50423279-f647-4a18-8e85-347d68eaf856@group-B2671EB745D2: changes role from  FOLLOWER to FOLLOWER at term 47 for recognizeCandidate:25d6372c-77fd-4a39-ac2a-e48debad48df
2019-10-15 16:11:38,481 [grpc-default-executor-5] INFO  impl.RoleInfo (RoleInfo.java:shutdownFollowerState(121)) - 2ec85f63-33fb-4317-9145-71357d145af9: shutdown FollowerState
2019-10-15 16:11:38,481 [grpc-default-executor-2] INFO  impl.RoleInfo (RoleInfo.java:shutdownFollowerState(121)) - 50423279-f647-4a18-8e85-347d68eaf856: shutdown FollowerState
2019-10-15 16:11:38,481 [Thread-522] INFO  impl.FollowerState (FollowerState.java:run(117)) - 2ec85f63-33fb-4317-9145-71357d145af9@group-B2671EB745D2-FollowerState was interrupted: java.lang.InterruptedException: sleep interrupted
2019-10-15 16:11:38,481 [grpc-default-executor-5] INFO  impl.RoleInfo (RoleInfo.java:updateAndGet(143)) - 2ec85f63-33fb-4317-9145-71357d145af9: start FollowerState
2019-10-15 16:11:38,481 [Thread-523] INFO  impl.FollowerState (FollowerState.java:run(117)) - 50423279-f647-4a18-8e85-347d68eaf856@group-B2671EB745D2-FollowerState was interrupted: java.lang.InterruptedException: sleep interrupted
2019-10-15 16:11:38,481 [grpc-default-executor-2] INFO  impl.RoleInfo (RoleInfo.java:updateAndGet(143)) - 50423279-f647-4a18-8e85-347d68eaf856: start FollowerState
2019-10-15 16:11:38,491 [25d6372c-77fd-4a39-ac2a-e48debad48df@group-B2671EB745D2-LeaderElection49] INFO  impl.LeaderElection (LeaderElection.java:logAndReturn(56)) - 25d6372c-77fd-4a39-ac2a-e48debad48df@group-B2671EB745D2-LeaderElection49: Election REJECTED; received 2 response(s) [25d6372c-77fd-4a39-ac2a-e48debad48df<-50423279-f647-4a18-8e85-347d68eaf856#0:FAIL-t47, 25d6372c-77fd-4a39-ac2a-e48debad48df<-2ec85f63-33fb-4317-9145-71357d145af9#0:FAIL-t47] and 0 exception(s); 25d6372c-77fd-4a39-ac2a-e48debad48df@group-B2671EB745D2:t47, leader=null, voted=25d6372c-77fd-4a39-ac2a-e48debad48df, raftlog=25d6372c-77fd-4a39-ac2a-e48debad48df@group-B2671EB745D2-SegmentedRaftLog:OPENED:c-1,f-1,i0, conf=-1: [50423279-f647-4a18-8e85-347d68eaf856:192.168.69.88:39583, 2ec85f63-33fb-4317-9145-71357d145af9:192.168.69.88:42357, 25d6372c-77fd-4a39-ac2a-e48debad48df:192.168.69.88:39591], old=null
2019-10-15 16:11:38,491 [25d6372c-77fd-4a39-ac2a-e48debad48df@group-B2671EB745D2-LeaderElection49] INFO  impl.RaftServerImpl (RaftServerImpl.java:setRole(184)) - 25d6372c-77fd-4a39-ac2a-e48debad48df@group-B2671EB745D2: changes role from CANDIDATE to FOLLOWER at term 47 for DISCOVERED_A_NEW_TERM
2019-10-15 16:11:38,491 [25d6372c-77fd-4a39-ac2a-e48debad48df@group-B2671EB745D2-LeaderElection49] INFO  impl.RoleInfo (RoleInfo.java:shutdownLeaderElection(134)) - 25d6372c-77fd-4a39-ac2a-e48debad48df: shutdown LeaderElection
2019-10-15 16:11:38,491 [25d6372c-77fd-4a39-ac2a-e48debad48df@group-B2671EB745D2-LeaderElection49] INFO  impl.RoleInfo (RoleInfo.java:updateAndGet(143)) - 25d6372c-77fd-4a39-ac2a-e48debad48df: start FollowerState
2019-10-15 16:11:38,644 [Thread-530] INFO  impl.FollowerState (FollowerState.java:run(108)) - 25d6372c-77fd-4a39-ac2a-e48debad48df@group-B2671EB745D2-FollowerState: change to CANDIDATE, lastRpcTime:153ms, electionTimeout:153ms
2019-10-15 16:11:38,645 [Thread-530] INFO  impl.RoleInfo (RoleInfo.java:shutdownFollowerState(121)) - 25d6372c-77fd-4a39-ac2a-e48debad48df: shutdown FollowerState
2019-10-15 16:11:38,645 [Thread-530] INFO  impl.RaftServerImpl (RaftServerImpl.java:setRole(184)) - 25d6372c-77fd-4a39-ac2a-e48debad48df@group-B2671EB745D2: changes role from  FOLLOWER to CANDIDATE at term 47 for changeToCandidate
2019-10-15 16:11:38,645 [Thread-530] INFO  impl.RoleInfo (RoleInfo.java:updateAndGet(143)) - 25d6372c-77fd-4a39-ac2a-e48debad48df: start LeaderElection
2019-10-15 16:11:38,649 [25d6372c-77fd-4a39-ac2a-e48debad48df@group-B2671EB745D2-LeaderElection50] INFO  impl.LeaderElection (LeaderElection.java:askForVotes(178)) - 25d6372c-77fd-4a39-ac2a-e48debad48df@group-B2671EB745D2-LeaderElection50: begin an election at term 48 for -1: [50423279-f647-4a18-8e85-347d68eaf856:192.168.69.88:39583, 2ec85f63-33fb-4317-9145-71357d145af9:192.168.69.88:42357, 25d6372c-77fd-4a39-ac2a-e48debad48df:192.168.69.88:39591], old=null
2019-10-15 16:11:38,652 [grpc-default-executor-2] INFO  impl.RaftServerImpl (RaftServerImpl.java:setRole(184)) - 50423279-f647-4a18-8e85-347d68eaf856@group-B2671EB745D2: changes role from  FOLLOWER to FOLLOWER at term 48 for recognizeCandidate:25d6372c-77fd-4a39-ac2a-e48debad48df
2019-10-15 16:11:38,652 [grpc-default-executor-5] INFO  impl.RaftServerImpl (RaftServerImpl.java:setRole(184)) - 2ec85f63-33fb-4317-9145-71357d145af9@group-B2671EB745D2: changes role from  FOLLOWER to FOLLOWER at term 48 for recognizeCandidate:25d6372c-77fd-4a39-ac2a-e48debad48df
2019-10-15 16:11:38,653 [grpc-default-executor-2] INFO  impl.RoleInfo (RoleInfo.java:shutdownFollowerState(121)) - 50423279-f647-4a18-8e85-347d68eaf856: shutdown FollowerState
2019-10-15 16:11:38,653 [grpc-default-executor-5] INFO  impl.RoleInfo (RoleInfo.java:shutdownFollowerState(121)) - 2ec85f63-33fb-4317-9145-71357d145af9: shutdown FollowerState
2019-10-15 16:11:38,653 [Thread-529] INFO  impl.FollowerState (FollowerState.java:run(117)) - 50423279-f647-4a18-8e85-347d68eaf856@group-B2671EB745D2-FollowerState was interrupted: java.lang.InterruptedException: sleep interrupted
2019-10-15 16:11:38,653 [grpc-default-executor-2] INFO  impl.RoleInfo (RoleInfo.java:updateAndGet(143)) - 50423279-f647-4a18-8e85-347d68eaf856: start FollowerState
2019-10-15 16:11:38,653 [Thread-528] INFO  impl.FollowerState (FollowerState.java:run(117)) - 2ec85f63-33fb-4317-9145-71357d145af9@group-B2671EB745D2-FollowerState was interrupted: java.lang.InterruptedException: sleep interrupted
2019-10-15 16:11:38,653 [grpc-default-executor-5] INFO  impl.RoleInfo (RoleInfo.java:updateAndGet(143)) - 2ec85f63-33fb-4317-9145-71357d145af9: start FollowerState
2019-10-15 16:11:38,664 [25d6372c-77fd-4a39-ac2a-e48debad48df@group-B2671EB745D2-LeaderElection50] INFO  impl.LeaderElection (LeaderElection.java:logAndReturn(56)) - 25d6372c-77fd-4a39-ac2a-e48debad48df@group-B2671EB745D2-LeaderElection50: Election REJECTED; received 2 response(s) [25d6372c-77fd-4a39-ac2a-e48debad48df<-50423279-f647-4a18-8e85-347d68eaf856#0:FAIL-t48, 25d6372c-77fd-4a39-ac2a-e48debad48df<-2ec85f63-33fb-4317-9145-71357d145af9#0:FAIL-t48] and 0 exception(s); 25d6372c-77fd-4a39-ac2a-e48debad48df@group-B2671EB745D2:t48, leader=null, voted=25d6372c-77fd-4a39-ac2a-e48debad48df, raftlog=25d6372c-77fd-4a39-ac2a-e48debad48df@group-B2671EB745D2-SegmentedRaftLog:OPENED:c-1,f-1,i0, conf=-1: [50423279-f647-4a18-8e85-347d68eaf856:192.168.69.88:39583, 2ec85f63-33fb-4317-9145-71357d145af9:192.168.69.88:42357, 25d6372c-77fd-4a39-ac2a-e48debad48df:192.168.69.88:39591], old=null
2019-10-15 16:11:38,665 [25d6372c-77fd-4a39-ac2a-e48debad48df@group-B2671EB745D2-LeaderElection50] INFO  impl.RaftServerImpl (RaftServerImpl.java:setRole(184)) - 25d6372c-77fd-4a39-ac2a-e48debad48df@group-B2671EB745D2: changes role from CANDIDATE to FOLLOWER at term 48 for DISCOVERED_A_NEW_TERM
2019-10-15 16:11:38,665 [25d6372c-77fd-4a39-ac2a-e48debad48df@group-B2671EB745D2-LeaderElection50] INFO  impl.RoleInfo (RoleInfo.java:shutdownLeaderElection(134)) - 25d6372c-77fd-4a39-ac2a-e48debad48df: shutdown LeaderElection
2019-10-15 16:11:38,665 [25d6372c-77fd-4a39-ac2a-e48debad48df@group-B2671EB745D2-LeaderElection50] INFO  impl.RoleInfo (RoleInfo.java:updateAndGet(143)) - 25d6372c-77fd-4a39-ac2a-e48debad48df: start FollowerState
2019-10-15 16:11:38,669 [Thread-536] INFO  impl.FollowerState (FollowerState.java:run(108)) - 25d6372c-77fd-4a39-ac2a-e48debad48df@group-B2671EB745D2-FollowerState: change to CANDIDATE, lastRpcTime:4ms, electionTimeout:4ms
2019-10-15 16:11:38,670 [Thread-536] INFO  impl.RoleInfo (RoleInfo.java:shutdownFollowerState(121)) - 25d6372c-77fd-4a39-ac2a-e48debad48df: shutdown FollowerState
2019-10-15 16:11:38,670 [Thread-536] INFO  impl.RaftServerImpl (RaftServerImpl.java:setRole(184)) - 25d6372c-77fd-4a39-ac2a-e48debad48df@group-B2671EB745D2: changes role from  FOLLOWER to CANDIDATE at term 48 for changeToCandidate
2019-10-15 16:11:38,670 [Thread-536] INFO  impl.RoleInfo (RoleInfo.java:updateAndGet(143)) - 25d6372c-77fd-4a39-ac2a-e48debad48df: start LeaderElection
2019-10-15 16:11:38,688 [25d6372c-77fd-4a39-ac2a-e48debad48df@group-B2671EB745D2-LeaderElection51] INFO  impl.LeaderElection (LeaderElection.java:askForVotes(178)) - 25d6372c-77fd-4a39-ac2a-e48debad48df@group-B2671EB745D2-LeaderElection51: begin an election at term 49 for -1: [50423279-f647-4a18-8e85-347d68eaf856:192.168.69.88:39583, 2ec85f63-33fb-4317-9145-71357d145af9:192.168.69.88:42357, 25d6372c-77fd-4a39-ac2a-e48debad48df:192.168.69.88:39591], old=null
2019-10-15 16:11:38,690 [grpc-default-executor-5] INFO  impl.RaftServerImpl (RaftServerImpl.java:setRole(184)) - 50423279-f647-4a18-8e85-347d68eaf856@group-B2671EB745D2: changes role from  FOLLOWER to FOLLOWER at term 49 for recognizeCandidate:25d6372c-77fd-4a39-ac2a-e48debad48df
2019-10-15 16:11:38,690 [grpc-default-executor-5] INFO  impl.RoleInfo (RoleInfo.java:shutdownFollowerState(121)) - 50423279-f647-4a18-8e85-347d68eaf856: shutdown FollowerState
2019-10-15 16:11:38,690 [grpc-default-executor-5] INFO  impl.RoleInfo (RoleInfo.java:updateAndGet(143)) - 50423279-f647-4a18-8e85-347d68eaf856: start FollowerState
2019-10-15 16:11:38,690 [Thread-534] INFO  impl.FollowerState (FollowerState.java:run(117)) - 50423279-f647-4a18-8e85-347d68eaf856@group-B2671EB745D2-FollowerState was interrupted: java.lang.InterruptedException: sleep interrupted
2019-10-15 16:11:38,690 [grpc-default-executor-2] INFO  impl.RaftServerImpl (RaftServerImpl.java:setRole(184)) - 2ec85f63-33fb-4317-9145-71357d145af9@group-B2671EB745D2: changes role from  FOLLOWER to FOLLOWER at term 49 for recognizeCandidate:25d6372c-77fd-4a39-ac2a-e48debad48df
2019-10-15 16:11:38,691 [grpc-default-executor-2] INFO  impl.RoleInfo (RoleInfo.java:shutdownFollowerState(121)) - 2ec85f63-33fb-4317-9145-71357d145af9: shutdown FollowerState
2019-10-15 16:11:38,691 [Thread-535] INFO  impl.FollowerState (FollowerState.java:run(117)) - 2ec85f63-33fb-4317-9145-71357d145af9@group-B2671EB745D2-FollowerState was interrupted: java.lang.InterruptedException: sleep interrupted
2019-10-15 16:11:38,691 [grpc-default-executor-2] INFO  impl.RoleInfo (RoleInfo.java:updateAndGet(143)) - 2ec85f63-33fb-4317-9145-71357d145af9: start FollowerState
2019-10-15 16:11:38,699 [25d6372c-77fd-4a39-ac2a-e48debad48df@group-B2671EB745D2-LeaderElection51] INFO  impl.LeaderElection (LeaderElection.java:logAndReturn(56)) - 25d6372c-77fd-4a39-ac2a-e48debad48df@group-B2671EB745D2-LeaderElection51: Election REJECTED; received 2 response(s) [25d6372c-77fd-4a39-ac2a-e48debad48df<-50423279-f647-4a18-8e85-347d68eaf856#0:FAIL-t49, 25d6372c-77fd-4a39-ac2a-e48debad48df<-2ec85f63-33fb-4317-9145-71357d145af9#0:FAIL-t49] and 0 exception(s); 25d6372c-77fd-4a39-ac2a-e48debad48df@group-B2671EB745D2:t49, leader=null, voted=25d6372c-77fd-4a39-ac2a-e48debad48df, raftlog=25d6372c-77fd-4a39-ac2a-e48debad48df@group-B2671EB745D2-SegmentedRaftLog:OPENED:c-1,f-1,i0, conf=-1: [50423279-f647-4a18-8e85-347d68eaf856:192.168.69.88:39583, 2ec85f63-33fb-4317-9145-71357d145af9:192.168.69.88:42357, 25d6372c-77fd-4a39-ac2a-e48debad48df:192.168.69.88:39591], old=null
2019-10-15 16:11:38,699 [25d6372c-77fd-4a39-ac2a-e48debad48df@group-B2671EB745D2-LeaderElection51] INFO  impl.RaftServerImpl (RaftServerImpl.java:setRole(184)) - 25d6372c-77fd-4a39-ac2a-e48debad48df@group-B2671EB745D2: changes role from CANDIDATE to FOLLOWER at term 49 for DISCOVERED_A_NEW_TERM
2019-10-15 16:11:38,699 [25d6372c-77fd-4a39-ac2a-e48debad48df@group-B2671EB745D2-LeaderElection51] INFO  impl.RoleInfo (RoleInfo.java:shutdownLeaderElection(134)) - 25d6372c-77fd-4a39-ac2a-e48debad48df: shutdown LeaderElection
2019-10-15 16:11:38,699 [25d6372c-77fd-4a39-ac2a-e48debad48df@group-B2671EB745D2-LeaderElection51] INFO  impl.RoleInfo (RoleInfo.java:updateAndGet(143)) - 25d6372c-77fd-4a39-ac2a-e48debad48df: start FollowerState
2019-10-15 16:11:38,762 [Thread-542] INFO  impl.FollowerState (FollowerState.java:run(108)) - 25d6372c-77fd-4a39-ac2a-e48debad48df@group-B2671EB745D2-FollowerState: change to CANDIDATE, lastRpcTime:62ms, electionTimeout:62ms
2019-10-15 16:11:38,762 [Thread-542] INFO  impl.RoleInfo (RoleInfo.java:shutdownFollowerState(121)) - 25d6372c-77fd-4a39-ac2a-e48debad48df: shutdown FollowerState
2019-10-15 16:11:38,762 [Thread-542] INFO  impl.RaftServerImpl (RaftServerImpl.java:setRole(184)) - 25d6372c-77fd-4a39-ac2a-e48debad48df@group-B2671EB745D2: changes role from  FOLLOWER to CANDIDATE at term 49 for changeToCandidate
2019-10-15 16:11:38,762 [Thread-542] INFO  impl.RoleInfo (RoleInfo.java:updateAndGet(143)) - 25d6372c-77fd-4a39-ac2a-e48debad48df: start LeaderElection
2019-10-15 16:11:38,769 [25d6372c-77fd-4a39-ac2a-e48debad48df@group-B2671EB745D2-LeaderElection52] INFO  impl.LeaderElection (LeaderElection.java:askForVotes(178)) - 25d6372c-77fd-4a39-ac2a-e48debad48df@group-B2671EB745D2-LeaderElection52: begin an election at term 50 for -1: [50423279-f647-4a18-8e85-347d68eaf856:192.168.69.88:39583, 2ec85f63-33fb-4317-9145-71357d145af9:192.168.69.88:42357, 25d6372c-77fd-4a39-ac2a-e48debad48df:192.168.69.88:39591], old=null
2019-10-15 16:11:38,772 [grpc-default-executor-5] INFO  impl.RaftServerImpl (RaftServerImpl.java:setRole(184)) - 50423279-f647-4a18-8e85-347d68eaf856@group-B2671EB745D2: changes role from  FOLLOWER to FOLLOWER at term 50 for recognizeCandidate:25d6372c-77fd-4a39-ac2a-e48debad48df
2019-10-15 16:11:38,772 [grpc-default-executor-5] INFO  impl.RoleInfo (RoleInfo.java:shutdownFollowerState(121)) - 50423279-f647-4a18-8e85-347d68eaf856: shutdown FollowerState
2019-10-15 16:11:38,772 [grpc-default-executor-5] INFO  impl.RoleInfo (RoleInfo.java:updateAndGet(143)) - 50423279-f647-4a18-8e85-347d68eaf856: start FollowerState
2019-10-15 16:11:38,772 [grpc-default-executor-2] INFO  impl.RaftServerImpl (RaftServerImpl.java:setRole(184)) - 2ec85f63-33fb-4317-9145-71357d145af9@group-B2671EB745D2: changes role from  FOLLOWER to FOLLOWER at term 50 for recognizeCandidate:25d6372c-77fd-4a39-ac2a-e48debad48df
2019-10-15 16:11:38,772 [Thread-540] INFO  impl.FollowerState (FollowerState.java:run(117)) - 50423279-f647-4a18-8e85-347d68eaf856@group-B2671EB745D2-FollowerState was interrupted: java.lang.InterruptedException: sleep interrupted
2019-10-15 16:11:38,773 [grpc-default-executor-2] INFO  impl.RoleInfo (RoleInfo.java:shutdownFollowerState(121)) - 2ec85f63-33fb-4317-9145-71357d145af9: shutdown FollowerState
2019-10-15 16:11:38,773 [grpc-default-executor-2] INFO  impl.RoleInfo (RoleInfo.java:updateAndGet(143)) - 2ec85f63-33fb-4317-9145-71357d145af9: start FollowerState
2019-10-15 16:11:38,773 [Thread-541] INFO  impl.FollowerState (FollowerState.java:run(117)) - 2ec85f63-33fb-4317-9145-71357d145af9@group-B2671EB745D2-FollowerState was interrupted: java.lang.InterruptedException: sleep interrupted
2019-10-15 16:11:38,778 [25d6372c-77fd-4a39-ac2a-e48debad48df@group-B2671EB745D2-LeaderElection52] INFO  impl.LeaderElection (LeaderElection.java:logAndReturn(56)) - 25d6372c-77fd-4a39-ac2a-e48debad48df@group-B2671EB745D2-LeaderElection52: Election TIMEOUT; received 0 response(s) [] and 0 exception(s); 25d6372c-77fd-4a39-ac2a-e48debad48df@group-B2671EB745D2:t50, leader=null, voted=25d6372c-77fd-4a39-ac2a-e48debad48df, raftlog=25d6372c-77fd-4a39-ac2a-e48debad48df@group-B2671EB745D2-SegmentedRaftLog:OPENED:c-1,f-1,i0, conf=-1: [50423279-f647-4a18-8e85-347d68eaf856:192.168.69.88:39583, 2ec85f63-33fb-4317-9145-71357d145af9:192.168.69.88:42357, 25d6372c-77fd-4a39-ac2a-e48debad48df:192.168.69.88:39591], old=null
2019-10-15 16:11:38,786 [25d6372c-77fd-4a39-ac2a-e48debad48df@group-B2671EB745D2-LeaderElection52] INFO  impl.LeaderElection (LeaderElection.java:askForVotes(178)) - 25d6372c-77fd-4a39-ac2a-e48debad48df@group-B2671EB745D2-LeaderElection52: begin an election at term 51 for -1: [50423279-f647-4a18-8e85-347d68eaf856:192.168.69.88:39583, 2ec85f63-33fb-4317-9145-71357d145af9:192.168.69.88:42357, 25d6372c-77fd-4a39-ac2a-e48debad48df:192.168.69.88:39591], old=null
2019-10-15 16:11:38,789 [grpc-default-executor-5] INFO  impl.RaftServerImpl (RaftServerImpl.java:setRole(184)) - 50423279-f647-4a18-8e85-347d68eaf856@group-B2671EB745D2: changes role from  FOLLOWER to FOLLOWER at term 51 for recognizeCandidate:25d6372c-77fd-4a39-ac2a-e48debad48df
2019-10-15 16:11:38,789 [grpc-default-executor-2] INFO  impl.RaftServerImpl (RaftServerImpl.java:setRole(184)) - 2ec85f63-33fb-4317-9145-71357d145af9@group-B2671EB745D2: changes role from  FOLLOWER to FOLLOWER at term 51 for recognizeCandidate:25d6372c-77fd-4a39-ac2a-e48debad48df
2019-10-15 16:11:38,789 [grpc-default-executor-5] INFO  impl.RoleInfo (RoleInfo.java:shutdownFollowerState(121)) - 50423279-f647-4a18-8e85-347d68eaf856: shutdown FollowerState
2019-10-15 16:11:38,789 [grpc-default-executor-5] INFO  impl.RoleInfo (RoleInfo.java:updateAndGet(143)) - 50423279-f647-4a18-8e85-347d68eaf856: start FollowerState
2019-10-15 16:11:38,789 [grpc-default-executor-2] INFO  impl.RoleInfo (RoleInfo.java:shutdownFollowerState(121)) - 2ec85f63-33fb-4317-9145-71357d145af9: shutdown FollowerState
2019-10-15 16:11:38,789 [Thread-546] INFO  impl.FollowerState (FollowerState.java:run(117)) - 50423279-f647-4a18-8e85-347d68eaf856@group-B2671EB745D2-FollowerState was interrupted: java.lang.InterruptedException: sleep interrupted
2019-10-15 16:11:38,789 [Thread-547] INFO  impl.FollowerState (FollowerState.java:run(117)) - 2ec85f63-33fb-4317-9145-71357d145af9@group-B2671EB745D2-FollowerState was interrupted: java.lang.InterruptedException: sleep interrupted
2019-10-15 16:11:38,789 [grpc-default-executor-2] INFO  impl.RoleInfo (RoleInfo.java:updateAndGet(143)) - 2ec85f63-33fb-4317-9145-71357d145af9: start FollowerState
2019-10-15 16:11:38,799 [25d6372c-77fd-4a39-ac2a-e48debad48df@group-B2671EB745D2-LeaderElection52] INFO  impl.LeaderElection (LeaderElection.java:logAndReturn(56)) - 25d6372c-77fd-4a39-ac2a-e48debad48df@group-B2671EB745D2-LeaderElection52: Election REJECTED; received 2 response(s) [25d6372c-77fd-4a39-ac2a-e48debad48df<-2ec85f63-33fb-4317-9145-71357d145af9#0:FAIL-t51, 25d6372c-77fd-4a39-ac2a-e48debad48df<-50423279-f647-4a18-8e85-347d68eaf856#0:FAIL-t51] and 0 exception(s); 25d6372c-77fd-4a39-ac2a-e48debad48df@group-B2671EB745D2:t51, leader=null, voted=25d6372c-77fd-4a39-ac2a-e48debad48df, raftlog=25d6372c-77fd-4a39-ac2a-e48debad48df@group-B2671EB745D2-SegmentedRaftLog:OPENED:c-1,f-1,i0, conf=-1: [50423279-f647-4a18-8e85-347d68eaf856:192.168.69.88:39583, 2ec85f63-33fb-4317-9145-71357d145af9:192.168.69.88:42357, 25d6372c-77fd-4a39-ac2a-e48debad48df:192.168.69.88:39591], old=null
2019-10-15 16:11:38,799 [25d6372c-77fd-4a39-ac2a-e48debad48df@group-B2671EB745D2-LeaderElection52] INFO  impl.RaftServerImpl (RaftServerImpl.java:setRole(184)) - 25d6372c-77fd-4a39-ac2a-e48debad48df@group-B2671EB745D2: changes role from CANDIDATE to FOLLOWER at term 51 for DISCOVERED_A_NEW_TERM
2019-10-15 16:11:38,799 [25d6372c-77fd-4a39-ac2a-e48debad48df@group-B2671EB745D2-LeaderElection52] INFO  impl.RoleInfo (RoleInfo.java:shutdownLeaderElection(134)) - 25d6372c-77fd-4a39-ac2a-e48debad48df: shutdown LeaderElection
2019-10-15 16:11:38,799 [25d6372c-77fd-4a39-ac2a-e48debad48df@group-B2671EB745D2-LeaderElection52] INFO  impl.RoleInfo (RoleInfo.java:updateAndGet(143)) - 25d6372c-77fd-4a39-ac2a-e48debad48df: start FollowerState
2019-10-15 16:11:38,898 [Thread-552] INFO  impl.FollowerState (FollowerState.java:run(108)) - 25d6372c-77fd-4a39-ac2a-e48debad48df@group-B2671EB745D2-FollowerState: change to CANDIDATE, lastRpcTime:98ms, electionTimeout:98ms
2019-10-15 16:11:38,898 [Thread-552] INFO  impl.RoleInfo (RoleInfo.java:shutdownFollowerState(121)) - 25d6372c-77fd-4a39-ac2a-e48debad48df: shutdown FollowerState
2019-10-15 16:11:38,898 [Thread-552] INFO  impl.RaftServerImpl (RaftServerImpl.java:setRole(184)) - 25d6372c-77fd-4a39-ac2a-e48debad48df@group-B2671EB745D2: changes role from  FOLLOWER to CANDIDATE at term 51 for changeToCandidate
2019-10-15 16:11:38,898 [Thread-552] INFO  impl.RoleInfo (RoleInfo.java:updateAndGet(143)) - 25d6372c-77fd-4a39-ac2a-e48debad48df: start LeaderElection
2019-10-15 16:11:38,906 [25d6372c-77fd-4a39-ac2a-e48debad48df@group-B2671EB745D2-LeaderElection53] INFO  impl.LeaderElection (LeaderElection.java:askForVotes(178)) - 25d6372c-77fd-4a39-ac2a-e48debad48df@group-B2671EB745D2-LeaderElection53: begin an election at term 52 for -1: [50423279-f647-4a18-8e85-347d68eaf856:192.168.69.88:39583, 2ec85f63-33fb-4317-9145-71357d145af9:192.168.69.88:42357, 25d6372c-77fd-4a39-ac2a-e48debad48df:192.168.69.88:39591], old=null
2019-10-15 16:11:38,909 [grpc-default-executor-2] INFO  impl.RaftServerImpl (RaftServerImpl.java:setRole(184)) - 50423279-f647-4a18-8e85-347d68eaf856@group-B2671EB745D2: changes role from  FOLLOWER to FOLLOWER at term 52 for recognizeCandidate:25d6372c-77fd-4a39-ac2a-e48debad48df
2019-10-15 16:11:38,909 [grpc-default-executor-2] INFO  impl.RoleInfo (RoleInfo.java:shutdownFollowerState(121)) - 50423279-f647-4a18-8e85-347d68eaf856: shutdown FollowerState
2019-10-15 16:11:38,909 [grpc-default-executor-2] INFO  impl.RoleInfo (RoleInfo.java:updateAndGet(143)) - 50423279-f647-4a18-8e85-347d68eaf856: start FollowerState
2019-10-15 16:11:38,909 [Thread-550] INFO  impl.FollowerState (FollowerState.java:run(117)) - 50423279-f647-4a18-8e85-347d68eaf856@group-B2671EB745D2-FollowerState was interrupted: java.lang.InterruptedException: sleep interrupted
2019-10-15 16:11:38,910 [grpc-default-executor-5] INFO  impl.RaftServerImpl (RaftServerImpl.java:setRole(184)) - 2ec85f63-33fb-4317-9145-71357d145af9@group-B2671EB745D2: changes role from  FOLLOWER to FOLLOWER at term 52 for recognizeCandidate:25d6372c-77fd-4a39-ac2a-e48debad48df
2019-10-15 16:11:38,910 [grpc-default-executor-5] INFO  impl.RoleInfo (RoleInfo.java:shutdownFollowerState(121)) - 2ec85f63-33fb-4317-9145-71357d145af9: shutdown FollowerState
2019-10-15 16:11:38,910 [grpc-default-executor-5] INFO  impl.RoleInfo (RoleInfo.java:updateAndGet(143)) - 2ec85f63-33fb-4317-9145-71357d145af9: start FollowerState
2019-10-15 16:11:38,910 [Thread-551] INFO  impl.FollowerState (FollowerState.java:run(117)) - 2ec85f63-33fb-4317-9145-71357d145af9@group-B2671EB745D2-FollowerState was interrupted: java.lang.InterruptedException: sleep interrupted
2019-10-15 16:11:38,923 [25d6372c-77fd-4a39-ac2a-e48debad48df@group-B2671EB745D2-LeaderElection53] INFO  impl.LeaderElection (LeaderElection.java:logAndReturn(56)) - 25d6372c-77fd-4a39-ac2a-e48debad48df@group-B2671EB745D2-LeaderElection53: Election REJECTED; received 2 response(s) [25d6372c-77fd-4a39-ac2a-e48debad48df<-2ec85f63-33fb-4317-9145-71357d145af9#0:FAIL-t52, 25d6372c-77fd-4a39-ac2a-e48debad48df<-50423279-f647-4a18-8e85-347d68eaf856#0:FAIL-t52] and 0 exception(s); 25d6372c-77fd-4a39-ac2a-e48debad48df@group-B2671EB745D2:t52, leader=null, voted=25d6372c-77fd-4a39-ac2a-e48debad48df, raftlog=25d6372c-77fd-4a39-ac2a-e48debad48df@group-B2671EB745D2-SegmentedRaftLog:OPENED:c-1,f-1,i0, conf=-1: [50423279-f647-4a18-8e85-347d68eaf856:192.168.69.88:39583, 2ec85f63-33fb-4317-9145-71357d145af9:192.168.69.88:42357, 25d6372c-77fd-4a39-ac2a-e48debad48df:192.168.69.88:39591], old=null
2019-10-15 16:11:38,923 [25d6372c-77fd-4a39-ac2a-e48debad48df@group-B2671EB745D2-LeaderElection53] INFO  impl.RaftServerImpl (RaftServerImpl.java:setRole(184)) - 25d6372c-77fd-4a39-ac2a-e48debad48df@group-B2671EB745D2: changes role from CANDIDATE to FOLLOWER at term 52 for DISCOVERED_A_NEW_TERM
2019-10-15 16:11:38,924 [25d6372c-77fd-4a39-ac2a-e48debad48df@group-B2671EB745D2-LeaderElection53] INFO  impl.RoleInfo (RoleInfo.java:shutdownLeaderElection(134)) - 25d6372c-77fd-4a39-ac2a-e48debad48df: shutdown LeaderElection
2019-10-15 16:11:38,924 [25d6372c-77fd-4a39-ac2a-e48debad48df@group-B2671EB745D2-LeaderElection53] INFO  impl.RoleInfo (RoleInfo.java:updateAndGet(143)) - 25d6372c-77fd-4a39-ac2a-e48debad48df: start FollowerState
2019-10-15 16:11:39,123 [Thread-558] INFO  impl.FollowerState (FollowerState.java:run(108)) - 25d6372c-77fd-4a39-ac2a-e48debad48df@group-B2671EB745D2-FollowerState: change to CANDIDATE, lastRpcTime:199ms, electionTimeout:199ms
2019-10-15 16:11:39,123 [Thread-558] INFO  impl.RoleInfo (RoleInfo.java:shutdownFollowerState(121)) - 25d6372c-77fd-4a39-ac2a-e48debad48df: shutdown FollowerState
2019-10-15 16:11:39,124 [Thread-558] INFO  impl.RaftServerImpl (RaftServerImpl.java:setRole(184)) - 25d6372c-77fd-4a39-ac2a-e48debad48df@group-B2671EB745D2: changes role from  FOLLOWER to CANDIDATE at term 52 for changeToCandidate
2019-10-15 16:11:39,124 [Thread-558] INFO  impl.RoleInfo (RoleInfo.java:updateAndGet(143)) - 25d6372c-77fd-4a39-ac2a-e48debad48df: start LeaderElection
2019-10-15 16:11:39,134 [25d6372c-77fd-4a39-ac2a-e48debad48df@group-B2671EB745D2-LeaderElection54] INFO  impl.LeaderElection (LeaderElection.java:askForVotes(178)) - 25d6372c-77fd-4a39-ac2a-e48debad48df@group-B2671EB745D2-LeaderElection54: begin an election at term 53 for -1: [50423279-f647-4a18-8e85-347d68eaf856:192.168.69.88:39583, 2ec85f63-33fb-4317-9145-71357d145af9:192.168.69.88:42357, 25d6372c-77fd-4a39-ac2a-e48debad48df:192.168.69.88:39591], old=null
2019-10-15 16:11:39,137 [grpc-default-executor-2] INFO  impl.RaftServerImpl (RaftServerImpl.java:setRole(184)) - 50423279-f647-4a18-8e85-347d68eaf856@group-B2671EB745D2: changes role from  FOLLOWER to FOLLOWER at term 53 for recognizeCandidate:25d6372c-77fd-4a39-ac2a-e48debad48df
2019-10-15 16:11:39,137 [grpc-default-executor-5] INFO  impl.RaftServerImpl (RaftServerImpl.java:setRole(184)) - 2ec85f63-33fb-4317-9145-71357d145af9@group-B2671EB745D2: changes role from  FOLLOWER to FOLLOWER at term 53 for recognizeCandidate:25d6372c-77fd-4a39-ac2a-e48debad48df
2019-10-15 16:11:39,137 [grpc-default-executor-2] INFO  impl.RoleInfo (RoleInfo.java:shutdownFollowerState(121)) - 50423279-f647-4a18-8e85-347d68eaf856: shutdown FollowerState
2019-10-15 16:11:39,138 [grpc-default-executor-5] INFO  impl.RoleInfo (RoleInfo.java:shutdownFollowerState(121)) - 2ec85f63-33fb-4317-9145-71357d145af9: shutdown FollowerState
2019-10-15 16:11:39,138 [grpc-default-executor-2] INFO  impl.RoleInfo (RoleInfo.java:updateAndGet(143)) - 50423279-f647-4a18-8e85-347d68eaf856: start FollowerState
2019-10-15 16:11:39,138 [Thread-556] INFO  impl.FollowerState (FollowerState.java:run(117)) - 50423279-f647-4a18-8e85-347d68eaf856@group-B2671EB745D2-FollowerState was interrupted: java.lang.InterruptedException: sleep interrupted
2019-10-15 16:11:39,138 [Thread-557] INFO  impl.FollowerState (FollowerState.java:run(117)) - 2ec85f63-33fb-4317-9145-71357d145af9@group-B2671EB745D2-FollowerState was interrupted: java.lang.InterruptedException: sleep interrupted
2019-10-15 16:11:39,138 [grpc-default-executor-5] INFO  impl.RoleInfo (RoleInfo.java:updateAndGet(143)) - 2ec85f63-33fb-4317-9145-71357d145af9: start FollowerState
2019-10-15 16:11:39,158 [25d6372c-77fd-4a39-ac2a-e48debad48df@group-B2671EB745D2-LeaderElection54] INFO  impl.LeaderElection (LeaderElection.java:logAndReturn(56)) - 25d6372c-77fd-4a39-ac2a-e48debad48df@group-B2671EB745D2-LeaderElection54: Election REJECTED; received 2 response(s) [25d6372c-77fd-4a39-ac2a-e48debad48df<-2ec85f63-33fb-4317-9145-71357d145af9#0:FAIL-t53, 25d6372c-77fd-4a39-ac2a-e48debad48df<-50423279-f647-4a18-8e85-347d68eaf856#0:FAIL-t53] and 0 exception(s); 25d6372c-77fd-4a39-ac2a-e48debad48df@group-B2671EB745D2:t53, leader=null, voted=25d6372c-77fd-4a39-ac2a-e48debad48df, raftlog=25d6372c-77fd-4a39-ac2a-e48debad48df@group-B2671EB745D2-SegmentedRaftLog:OPENED:c-1,f-1,i0, conf=-1: [50423279-f647-4a18-8e85-347d68eaf856:192.168.69.88:39583, 2ec85f63-33fb-4317-9145-71357d145af9:192.168.69.88:42357, 25d6372c-77fd-4a39-ac2a-e48debad48df:192.168.69.88:39591], old=null
2019-10-15 16:11:39,158 [25d6372c-77fd-4a39-ac2a-e48debad48df@group-B2671EB745D2-LeaderElection54] INFO  impl.RaftServerImpl (RaftServerImpl.java:setRole(184)) - 25d6372c-77fd-4a39-ac2a-e48debad48df@group-B2671EB745D2: changes role from CANDIDATE to FOLLOWER at term 53 for DISCOVERED_A_NEW_TERM
2019-10-15 16:11:39,158 [25d6372c-77fd-4a39-ac2a-e48debad48df@group-B2671EB745D2-LeaderElection54] INFO  impl.RoleInfo (RoleInfo.java:shutdownLeaderElection(134)) - 25d6372c-77fd-4a39-ac2a-e48debad48df: shutdown LeaderElection
2019-10-15 16:11:39,158 [25d6372c-77fd-4a39-ac2a-e48debad48df@group-B2671EB745D2-LeaderElection54] INFO  impl.RoleInfo (RoleInfo.java:updateAndGet(143)) - 25d6372c-77fd-4a39-ac2a-e48debad48df: start FollowerState
2019-10-15 16:11:39,269 [Thread-565] INFO  impl.FollowerState (FollowerState.java:run(108)) - 25d6372c-77fd-4a39-ac2a-e48debad48df@group-B2671EB745D2-FollowerState: change to CANDIDATE, lastRpcTime:110ms, electionTimeout:110ms
2019-10-15 16:11:39,269 [Thread-565] INFO  impl.RoleInfo (RoleInfo.java:shutdownFollowerState(121)) - 25d6372c-77fd-4a39-ac2a-e48debad48df: shutdown FollowerState
2019-10-15 16:11:39,269 [Thread-565] INFO  impl.RaftServerImpl (RaftServerImpl.java:setRole(184)) - 25d6372c-77fd-4a39-ac2a-e48debad48df@group-B2671EB745D2: changes role from  FOLLOWER to CANDIDATE at term 53 for changeToCandidate
2019-10-15 16:11:39,269 [Thread-565] INFO  impl.RoleInfo (RoleInfo.java:updateAndGet(143)) - 25d6372c-77fd-4a39-ac2a-e48debad48df: start LeaderElection
2019-10-15 16:11:39,276 [25d6372c-77fd-4a39-ac2a-e48debad48df@group-B2671EB745D2-LeaderElection55] INFO  impl.LeaderElection (LeaderElection.java:askForVotes(178)) - 25d6372c-77fd-4a39-ac2a-e48debad48df@group-B2671EB745D2-LeaderElection55: begin an election at term 54 for -1: [50423279-f647-4a18-8e85-347d68eaf856:192.168.69.88:39583, 2ec85f63-33fb-4317-9145-71357d145af9:192.168.69.88:42357, 25d6372c-77fd-4a39-ac2a-e48debad48df:192.168.69.88:39591], old=null
2019-10-15 16:11:39,280 [grpc-default-executor-0] INFO  impl.RaftServerImpl (RaftServerImpl.java:setRole(184)) - 2ec85f63-33fb-4317-9145-71357d145af9@group-B2671EB745D2: changes role from  FOLLOWER to FOLLOWER at term 54 for recognizeCandidate:25d6372c-77fd-4a39-ac2a-e48debad48df
2019-10-15 16:11:39,280 [grpc-default-executor-2] INFO  impl.RaftServerImpl (RaftServerImpl.java:setRole(184)) - 50423279-f647-4a18-8e85-347d68eaf856@group-B2671EB745D2: changes role from  FOLLOWER to FOLLOWER at term 54 for recognizeCandidate:25d6372c-77fd-4a39-ac2a-e48debad48df
2019-10-15 16:11:39,280 [grpc-default-executor-0] INFO  impl.RoleInfo (RoleInfo.java:shutdownFollowerState(121)) - 2ec85f63-33fb-4317-9145-71357d145af9: shutdown FollowerState
2019-10-15 16:11:39,280 [grpc-default-executor-2] INFO  impl.RoleInfo (RoleInfo.java:shutdownFollowerState(121)) - 50423279-f647-4a18-8e85-347d68eaf856: shutdown FollowerState
2019-10-15 16:11:39,280 [Thread-563] INFO  impl.FollowerState (FollowerState.java:run(117)) - 2ec85f63-33fb-4317-9145-71357d145af9@group-B2671EB745D2-FollowerState was interrupted: java.lang.InterruptedException: sleep interrupted
2019-10-15 16:11:39,281 [grpc-default-executor-2] INFO  impl.RoleInfo (RoleInfo.java:updateAndGet(143)) - 50423279-f647-4a18-8e85-347d68eaf856: start FollowerState
2019-10-15 16:11:39,280 [grpc-default-executor-0] INFO  impl.RoleInfo (RoleInfo.java:updateAndGet(143)) - 2ec85f63-33fb-4317-9145-71357d145af9: start FollowerState
2019-10-15 16:11:39,281 [Thread-562] INFO  impl.FollowerState (FollowerState.java:run(117)) - 50423279-f647-4a18-8e85-347d68eaf856@group-B2671EB745D2-FollowerState was interrupted: java.lang.InterruptedException: sleep interrupted
2019-10-15 16:11:39,292 [25d6372c-77fd-4a39-ac2a-e48debad48df@group-B2671EB745D2-LeaderElection55] INFO  impl.LeaderElection (LeaderElection.java:logAndReturn(56)) - 25d6372c-77fd-4a39-ac2a-e48debad48df@group-B2671EB745D2-LeaderElection55: Election REJECTED; received 2 response(s) [25d6372c-77fd-4a39-ac2a-e48debad48df<-2ec85f63-33fb-4317-9145-71357d145af9#0:FAIL-t54, 25d6372c-77fd-4a39-ac2a-e48debad48df<-50423279-f647-4a18-8e85-347d68eaf856#0:FAIL-t54] and 0 exception(s); 25d6372c-77fd-4a39-ac2a-e48debad48df@group-B2671EB745D2:t54, leader=null, voted=25d6372c-77fd-4a39-ac2a-e48debad48df, raftlog=25d6372c-77fd-4a39-ac2a-e48debad48df@group-B2671EB745D2-SegmentedRaftLog:OPENED:c-1,f-1,i0, conf=-1: [50423279-f647-4a18-8e85-347d68eaf856:192.168.69.88:39583, 2ec85f63-33fb-4317-9145-71357d145af9:192.168.69.88:42357, 25d6372c-77fd-4a39-ac2a-e48debad48df:192.168.69.88:39591], old=null
2019-10-15 16:11:39,292 [25d6372c-77fd-4a39-ac2a-e48debad48df@group-B2671EB745D2-LeaderElection55] INFO  impl.RaftServerImpl (RaftServerImpl.java:setRole(184)) - 25d6372c-77fd-4a39-ac2a-e48debad48df@group-B2671EB745D2: changes role from CANDIDATE to FOLLOWER at term 54 for DISCOVERED_A_NEW_TERM
2019-10-15 16:11:39,292 [25d6372c-77fd-4a39-ac2a-e48debad48df@group-B2671EB745D2-LeaderElection55] INFO  impl.RoleInfo (RoleInfo.java:shutdownLeaderElection(134)) - 25d6372c-77fd-4a39-ac2a-e48debad48df: shutdown LeaderElection
2019-10-15 16:11:39,292 [25d6372c-77fd-4a39-ac2a-e48debad48df@group-B2671EB745D2-LeaderElection55] INFO  impl.RoleInfo (RoleInfo.java:updateAndGet(143)) - 25d6372c-77fd-4a39-ac2a-e48debad48df: start FollowerState
2019-10-15 16:11:39,487 [Thread-572] INFO  impl.FollowerState (FollowerState.java:run(108)) - 25d6372c-77fd-4a39-ac2a-e48debad48df@group-B2671EB745D2-FollowerState: change to CANDIDATE, lastRpcTime:194ms, electionTimeout:194ms
2019-10-15 16:11:39,487 [Thread-572] INFO  impl.RoleInfo (RoleInfo.java:shutdownFollowerState(121)) - 25d6372c-77fd-4a39-ac2a-e48debad48df: shutdown FollowerState
2019-10-15 16:11:39,487 [Thread-572] INFO  impl.RaftServerImpl (RaftServerImpl.java:setRole(184)) - 25d6372c-77fd-4a39-ac2a-e48debad48df@group-B2671EB745D2: changes role from  FOLLOWER to CANDIDATE at term 54 for changeToCandidate
2019-10-15 16:11:39,487 [Thread-572] INFO  impl.RoleInfo (RoleInfo.java:updateAndGet(143)) - 25d6372c-77fd-4a39-ac2a-e48debad48df: start LeaderElection
2019-10-15 16:11:39,499 [25d6372c-77fd-4a39-ac2a-e48debad48df@group-B2671EB745D2-LeaderElection56] INFO  impl.LeaderElection (LeaderElection.java:askForVotes(178)) - 25d6372c-77fd-4a39-ac2a-e48debad48df@group-B2671EB745D2-LeaderElection56: begin an election at term 55 for -1: [50423279-f647-4a18-8e85-347d68eaf856:192.168.69.88:39583, 2ec85f63-33fb-4317-9145-71357d145af9:192.168.69.88:42357, 25d6372c-77fd-4a39-ac2a-e48debad48df:192.168.69.88:39591], old=null
2019-10-15 16:11:39,502 [grpc-default-executor-2] INFO  impl.RaftServerImpl (RaftServerImpl.java:setRole(184)) - 2ec85f63-33fb-4317-9145-71357d145af9@group-B2671EB745D2: changes role from  FOLLOWER to FOLLOWER at term 55 for recognizeCandidate:25d6372c-77fd-4a39-ac2a-e48debad48df
2019-10-15 16:11:39,502 [grpc-default-executor-2] INFO  impl.RoleInfo (RoleInfo.java:shutdownFollowerState(121)) - 2ec85f63-33fb-4317-9145-71357d145af9: shutdown FollowerState
2019-10-15 16:11:39,502 [grpc-default-executor-2] INFO  impl.RoleInfo (RoleInfo.java:updateAndGet(143)) - 2ec85f63-33fb-4317-9145-71357d145af9: start FollowerState
2019-10-15 16:11:39,502 [Thread-570] INFO  impl.FollowerState (FollowerState.java:run(117)) - 2ec85f63-33fb-4317-9145-71357d145af9@group-B2671EB745D2-FollowerState was interrupted: java.lang.InterruptedException: sleep interrupted
2019-10-15 16:11:39,502 [grpc-default-executor-0] INFO  impl.RaftServerImpl (RaftServerImpl.java:setRole(184)) - 50423279-f647-4a18-8e85-347d68eaf856@group-B2671EB745D2: changes role from  FOLLOWER to FOLLOWER at term 55 for recognizeCandidate:25d6372c-77fd-4a39-ac2a-e48debad48df
2019-10-15 16:11:39,502 [grpc-default-executor-0] INFO  impl.RoleInfo (RoleInfo.java:shutdownFollowerState(121)) - 50423279-f647-4a18-8e85-347d68eaf856: shutdown FollowerState
2019-10-15 16:11:39,502 [grpc-default-executor-0] INFO  impl.RoleInfo (RoleInfo.java:updateAndGet(143)) - 50423279-f647-4a18-8e85-347d68eaf856: start FollowerState
2019-10-15 16:11:39,502 [Thread-571] INFO  impl.FollowerState (FollowerState.java:run(117)) - 50423279-f647-4a18-8e85-347d68eaf856@group-B2671EB745D2-FollowerState was interrupted: java.lang.InterruptedException: sleep interrupted
2019-10-15 16:11:39,539 [25d6372c-77fd-4a39-ac2a-e48debad48df@group-B2671EB745D2-LeaderElection56] INFO  impl.LeaderElection (LeaderElection.java:logAndReturn(56)) - 25d6372c-77fd-4a39-ac2a-e48debad48df@group-B2671EB745D2-LeaderElection56: Election REJECTED; received 2 response(s) [25d6372c-77fd-4a39-ac2a-e48debad48df<-50423279-f647-4a18-8e85-347d68eaf856#0:FAIL-t55, 25d6372c-77fd-4a39-ac2a-e48debad48df<-2ec85f63-33fb-4317-9145-71357d145af9#0:FAIL-t55] and 0 exception(s); 25d6372c-77fd-4a39-ac2a-e48debad48df@group-B2671EB745D2:t55, leader=null, voted=25d6372c-77fd-4a39-ac2a-e48debad48df, raftlog=25d6372c-77fd-4a39-ac2a-e48debad48df@group-B2671EB745D2-SegmentedRaftLog:OPENED:c-1,f-1,i0, conf=-1: [50423279-f647-4a18-8e85-347d68eaf856:192.168.69.88:39583, 2ec85f63-33fb-4317-9145-71357d145af9:192.168.69.88:42357, 25d6372c-77fd-4a39-ac2a-e48debad48df:192.168.69.88:39591], old=null
2019-10-15 16:11:39,539 [25d6372c-77fd-4a39-ac2a-e48debad48df@group-B2671EB745D2-LeaderElection56] INFO  impl.RaftServerImpl (RaftServerImpl.java:setRole(184)) - 25d6372c-77fd-4a39-ac2a-e48debad48df@group-B2671EB745D2: changes role from CANDIDATE to FOLLOWER at term 55 for DISCOVERED_A_NEW_TERM
2019-10-15 16:11:39,539 [25d6372c-77fd-4a39-ac2a-e48debad48df@group-B2671EB745D2-LeaderElection56] INFO  impl.RoleInfo (RoleInfo.java:shutdownLeaderElection(134)) - 25d6372c-77fd-4a39-ac2a-e48debad48df: shutdown LeaderElection
2019-10-15 16:11:39,539 [25d6372c-77fd-4a39-ac2a-e48debad48df@group-B2671EB745D2-LeaderElection56] INFO  impl.RoleInfo (RoleInfo.java:updateAndGet(143)) - 25d6372c-77fd-4a39-ac2a-e48debad48df: start FollowerState
2019-10-15 16:11:39,683 [Thread-578] INFO  impl.FollowerState (FollowerState.java:run(108)) - 25d6372c-77fd-4a39-ac2a-e48debad48df@group-B2671EB745D2-FollowerState: change to CANDIDATE, lastRpcTime:143ms, electionTimeout:143ms
2019-10-15 16:11:39,683 [Thread-578] INFO  impl.RoleInfo (RoleInfo.java:shutdownFollowerState(121)) - 25d6372c-77fd-4a39-ac2a-e48debad48df: shutdown FollowerState
2019-10-15 16:11:39,683 [Thread-578] INFO  impl.RaftServerImpl (RaftServerImpl.java:setRole(184)) - 25d6372c-77fd-4a39-ac2a-e48debad48df@group-B2671EB745D2: changes role from  FOLLOWER to CANDIDATE at term 55 for changeToCandidate
2019-10-15 16:11:39,684 [Thread-578] INFO  impl.RoleInfo (RoleInfo.java:updateAndGet(143)) - 25d6372c-77fd-4a39-ac2a-e48debad48df: start LeaderElection
2019-10-15 16:11:39,688 [25d6372c-77fd-4a39-ac2a-e48debad48df@group-B2671EB745D2-LeaderElection57] INFO  impl.LeaderElection (LeaderElection.java:askForVotes(178)) - 25d6372c-77fd-4a39-ac2a-e48debad48df@group-B2671EB745D2-LeaderElection57: begin an election at term 56 for -1: [50423279-f647-4a18-8e85-347d68eaf856:192.168.69.88:39583, 2ec85f63-33fb-4317-9145-71357d145af9:192.168.69.88:42357, 25d6372c-77fd-4a39-ac2a-e48debad48df:192.168.69.88:39591], old=null
2019-10-15 16:11:39,692 [grpc-default-executor-0] INFO  impl.RaftServerImpl (RaftServerImpl.java:setRole(184)) - 50423279-f647-4a18-8e85-347d68eaf856@group-B2671EB745D2: changes role from  FOLLOWER to FOLLOWER at term 56 for recognizeCandidate:25d6372c-77fd-4a39-ac2a-e48debad48df
2019-10-15 16:11:39,692 [grpc-default-executor-0] INFO  impl.RoleInfo (RoleInfo.java:shutdownFollowerState(121)) - 50423279-f647-4a18-8e85-347d68eaf856: shutdown FollowerState
2019-10-15 16:11:39,692 [grpc-default-executor-2] INFO  impl.RaftServerImpl (RaftServerImpl.java:setRole(184)) - 2ec85f63-33fb-4317-9145-71357d145af9@group-B2671EB745D2: changes role from  FOLLOWER to FOLLOWER at term 56 for recognizeCandidate:25d6372c-77fd-4a39-ac2a-e48debad48df
2019-10-15 16:11:39,692 [Thread-577] INFO  impl.FollowerState (FollowerState.java:run(117)) - 50423279-f647-4a18-8e85-347d68eaf856@group-B2671EB745D2-FollowerState was interrupted: java.lang.InterruptedException: sleep interrupted
2019-10-15 16:11:39,692 [grpc-default-executor-0] INFO  impl.RoleInfo (RoleInfo.java:updateAndGet(143)) - 50423279-f647-4a18-8e85-347d68eaf856: start FollowerState
2019-10-15 16:11:39,692 [grpc-default-executor-2] INFO  impl.RoleInfo (RoleInfo.java:shutdownFollowerState(121)) - 2ec85f63-33fb-4317-9145-71357d145af9: shutdown FollowerState
2019-10-15 16:11:39,692 [grpc-default-executor-2] INFO  impl.RoleInfo (RoleInfo.java:updateAndGet(143)) - 2ec85f63-33fb-4317-9145-71357d145af9: start FollowerState
2019-10-15 16:11:39,692 [Thread-576] INFO  impl.FollowerState (FollowerState.java:run(117)) - 2ec85f63-33fb-4317-9145-71357d145af9@group-B2671EB745D2-FollowerState was interrupted: java.lang.InterruptedException: sleep interrupted
2019-10-15 16:11:39,695 [25d6372c-77fd-4a39-ac2a-e48debad48df@group-B2671EB745D2-LeaderElection57] INFO  impl.LeaderElection (LeaderElection.java:logAndReturn(56)) - 25d6372c-77fd-4a39-ac2a-e48debad48df@group-B2671EB745D2-LeaderElection57: Election TIMEOUT; received 0 response(s) [] and 0 exception(s); 25d6372c-77fd-4a39-ac2a-e48debad48df@group-B2671EB745D2:t56, leader=null, voted=25d6372c-77fd-4a39-ac2a-e48debad48df, raftlog=25d6372c-77fd-4a39-ac2a-e48debad48df@group-B2671EB745D2-SegmentedRaftLog:OPENED:c-1,f-1,i0, conf=-1: [50423279-f647-4a18-8e85-347d68eaf856:192.168.69.88:39583, 2ec85f63-33fb-4317-9145-71357d145af9:192.168.69.88:42357, 25d6372c-77fd-4a39-ac2a-e48debad48df:192.168.69.88:39591], old=null
2019-10-15 16:11:39,699 [25d6372c-77fd-4a39-ac2a-e48debad48df@group-B2671EB745D2-LeaderElection57] INFO  impl.LeaderElection (LeaderElection.java:askForVotes(178)) - 25d6372c-77fd-4a39-ac2a-e48debad48df@group-B2671EB745D2-LeaderElection57: begin an election at term 57 for -1: [50423279-f647-4a18-8e85-347d68eaf856:192.168.69.88:39583, 2ec85f63-33fb-4317-9145-71357d145af9:192.168.69.88:42357, 25d6372c-77fd-4a39-ac2a-e48debad48df:192.168.69.88:39591], old=null
2019-10-15 16:11:39,701 [grpc-default-executor-2] INFO  impl.RaftServerImpl (RaftServerImpl.java:setRole(184)) - 50423279-f647-4a18-8e85-347d68eaf856@group-B2671EB745D2: changes role from  FOLLOWER to FOLLOWER at term 57 for recognizeCandidate:25d6372c-77fd-4a39-ac2a-e48debad48df
2019-10-15 16:11:39,701 [grpc-default-executor-2] INFO  impl.RoleInfo (RoleInfo.java:shutdownFollowerState(121)) - 50423279-f647-4a18-8e85-347d68eaf856: shutdown FollowerState
2019-10-15 16:11:39,702 [grpc-default-executor-0] INFO  impl.RaftServerImpl (RaftServerImpl.java:setRole(184)) - 2ec85f63-33fb-4317-9145-71357d145af9@group-B2671EB745D2: changes role from  FOLLOWER to FOLLOWER at term 57 for recognizeCandidate:25d6372c-77fd-4a39-ac2a-e48debad48df
2019-10-15 16:11:39,702 [grpc-default-executor-0] INFO  impl.RoleInfo (RoleInfo.java:shutdownFollowerState(121)) - 2ec85f63-33fb-4317-9145-71357d145af9: shutdown FollowerState
2019-10-15 16:11:39,702 [grpc-default-executor-2] INFO  impl.RoleInfo (RoleInfo.java:updateAndGet(143)) - 50423279-f647-4a18-8e85-347d68eaf856: start FollowerState
2019-10-15 16:11:39,702 [Thread-582] INFO  impl.FollowerState (FollowerState.java:run(117)) - 50423279-f647-4a18-8e85-347d68eaf856@group-B2671EB745D2-FollowerState was interrupted: java.lang.InterruptedException: sleep interrupted
2019-10-15 16:11:39,702 [grpc-default-executor-0] INFO  impl.RoleInfo (RoleInfo.java:updateAndGet(143)) - 2ec85f63-33fb-4317-9145-71357d145af9: start FollowerState
2019-10-15 16:11:39,702 [Thread-583] INFO  impl.FollowerState (FollowerState.java:run(117)) - 2ec85f63-33fb-4317-9145-71357d145af9@group-B2671EB745D2-FollowerState was interrupted: java.lang.InterruptedException: sleep interrupted
2019-10-15 16:11:39,706 [25d6372c-77fd-4a39-ac2a-e48debad48df@group-B2671EB745D2-LeaderElection57] INFO  impl.LeaderElection (LeaderElection.java:logAndReturn(56)) - 25d6372c-77fd-4a39-ac2a-e48debad48df@group-B2671EB745D2-LeaderElection57: Election TIMEOUT; received 0 response(s) [] and 0 exception(s); 25d6372c-77fd-4a39-ac2a-e48debad48df@group-B2671EB745D2:t57, leader=null, voted=25d6372c-77fd-4a39-ac2a-e48debad48df, raftlog=25d6372c-77fd-4a39-ac2a-e48debad48df@group-B2671EB745D2-SegmentedRaftLog:OPENED:c-1,f-1,i0, conf=-1: [50423279-f647-4a18-8e85-347d68eaf856:192.168.69.88:39583, 2ec85f63-33fb-4317-9145-71357d145af9:192.168.69.88:42357, 25d6372c-77fd-4a39-ac2a-e48debad48df:192.168.69.88:39591], old=null
2019-10-15 16:11:39,711 [25d6372c-77fd-4a39-ac2a-e48debad48df@group-B2671EB745D2-LeaderElection57] INFO  impl.LeaderElection (LeaderElection.java:askForVotes(178)) - 25d6372c-77fd-4a39-ac2a-e48debad48df@group-B2671EB745D2-LeaderElection57: begin an election at term 58 for -1: [50423279-f647-4a18-8e85-347d68eaf856:192.168.69.88:39583, 2ec85f63-33fb-4317-9145-71357d145af9:192.168.69.88:42357, 25d6372c-77fd-4a39-ac2a-e48debad48df:192.168.69.88:39591], old=null
2019-10-15 16:11:39,713 [grpc-default-executor-2] INFO  impl.RaftServerImpl (RaftServerImpl.java:setRole(184)) - 50423279-f647-4a18-8e85-347d68eaf856@group-B2671EB745D2: changes role from  FOLLOWER to FOLLOWER at term 58 for recognizeCandidate:25d6372c-77fd-4a39-ac2a-e48debad48df
2019-10-15 16:11:39,713 [grpc-default-executor-2] INFO  impl.RoleInfo (RoleInfo.java:shutdownFollowerState(121)) - 50423279-f647-4a18-8e85-347d68eaf856: shutdown FollowerState
2019-10-15 16:11:39,713 [grpc-default-executor-0] INFO  impl.RaftServerImpl (RaftServerImpl.java:setRole(184)) - 2ec85f63-33fb-4317-9145-71357d145af9@group-B2671EB745D2: changes role from  FOLLOWER to FOLLOWER at term 58 for recognizeCandidate:25d6372c-77fd-4a39-ac2a-e48debad48df
2019-10-15 16:11:39,714 [grpc-default-executor-2] INFO  impl.RoleInfo (RoleInfo.java:updateAndGet(143)) - 50423279-f647-4a18-8e85-347d68eaf856: start FollowerState
2019-10-15 16:11:39,714 [Thread-586] INFO  impl.FollowerState (FollowerState.java:run(117)) - 50423279-f647-4a18-8e85-347d68eaf856@group-B2671EB745D2-FollowerState was interrupted: java.lang.InterruptedException: sleep interrupted
2019-10-15 16:11:39,714 [grpc-default-executor-0] INFO  impl.RoleInfo (RoleInfo.java:shutdownFollowerState(121)) - 2ec85f63-33fb-4317-9145-71357d145af9: shutdown FollowerState
2019-10-15 16:11:39,714 [Thread-587] INFO  impl.FollowerState (FollowerState.java:run(117)) - 2ec85f63-33fb-4317-9145-71357d145af9@group-B2671EB745D2-FollowerState was interrupted: java.lang.InterruptedException: sleep interrupted
2019-10-15 16:11:39,714 [grpc-default-executor-0] INFO  impl.RoleInfo (RoleInfo.java:updateAndGet(143)) - 2ec85f63-33fb-4317-9145-71357d145af9: start FollowerState
2019-10-15 16:11:39,719 [25d6372c-77fd-4a39-ac2a-e48debad48df@group-B2671EB745D2-LeaderElection57] INFO  impl.LeaderElection (LeaderElection.java:logAndReturn(56)) - 25d6372c-77fd-4a39-ac2a-e48debad48df@group-B2671EB745D2-LeaderElection57: Election REJECTED; received 2 response(s) [25d6372c-77fd-4a39-ac2a-e48debad48df<-50423279-f647-4a18-8e85-347d68eaf856#0:FAIL-t58, 25d6372c-77fd-4a39-ac2a-e48debad48df<-2ec85f63-33fb-4317-9145-71357d145af9#0:FAIL-t58] and 0 exception(s); 25d6372c-77fd-4a39-ac2a-e48debad48df@group-B2671EB745D2:t58, leader=null, voted=25d6372c-77fd-4a39-ac2a-e48debad48df, raftlog=25d6372c-77fd-4a39-ac2a-e48debad48df@group-B2671EB745D2-SegmentedRaftLog:OPENED:c-1,f-1,i0, conf=-1: [50423279-f647-4a18-8e85-347d68eaf856:192.168.69.88:39583, 2ec85f63-33fb-4317-9145-71357d145af9:192.168.69.88:42357, 25d6372c-77fd-4a39-ac2a-e48debad48df:192.168.69.88:39591], old=null
2019-10-15 16:11:39,720 [25d6372c-77fd-4a39-ac2a-e48debad48df@group-B2671EB745D2-LeaderElection57] INFO  impl.RaftServerImpl (RaftServerImpl.java:setRole(184)) - 25d6372c-77fd-4a39-ac2a-e48debad48df@group-B2671EB745D2: changes role from CANDIDATE to FOLLOWER at term 58 for DISCOVERED_A_NEW_TERM
2019-10-15 16:11:39,720 [25d6372c-77fd-4a39-ac2a-e48debad48df@group-B2671EB745D2-LeaderElection57] INFO  impl.RoleInfo (RoleInfo.java:shutdownLeaderElection(134)) - 25d6372c-77fd-4a39-ac2a-e48debad48df: shutdown LeaderElection
2019-10-15 16:11:39,720 [25d6372c-77fd-4a39-ac2a-e48debad48df@group-B2671EB745D2-LeaderElection57] INFO  impl.RoleInfo (RoleInfo.java:updateAndGet(143)) - 25d6372c-77fd-4a39-ac2a-e48debad48df: start FollowerState
2019-10-15 16:11:39,825 [Thread-592] INFO  impl.FollowerState (FollowerState.java:run(108)) - 25d6372c-77fd-4a39-ac2a-e48debad48df@group-B2671EB745D2-FollowerState: change to CANDIDATE, lastRpcTime:105ms, electionTimeout:105ms
2019-10-15 16:11:39,825 [Thread-592] INFO  impl.RoleInfo (RoleInfo.java:shutdownFollowerState(121)) - 25d6372c-77fd-4a39-ac2a-e48debad48df: shutdown FollowerState
2019-10-15 16:11:39,826 [Thread-592] INFO  impl.RaftServerImpl (RaftServerImpl.java:setRole(184)) - 25d6372c-77fd-4a39-ac2a-e48debad48df@group-B2671EB745D2: changes role from  FOLLOWER to CANDIDATE at term 58 for changeToCandidate
2019-10-15 16:11:39,826 [Thread-592] INFO  impl.RoleInfo (RoleInfo.java:updateAndGet(143)) - 25d6372c-77fd-4a39-ac2a-e48debad48df: start LeaderElection
2019-10-15 16:11:39,840 [25d6372c-77fd-4a39-ac2a-e48debad48df@group-B2671EB745D2-LeaderElection58] INFO  impl.LeaderElection (LeaderElection.java:askForVotes(178)) - 25d6372c-77fd-4a39-ac2a-e48debad48df@group-B2671EB745D2-LeaderElection58: begin an election at term 59 for -1: [50423279-f647-4a18-8e85-347d68eaf856:192.168.69.88:39583, 2ec85f63-33fb-4317-9145-71357d145af9:192.168.69.88:42357, 25d6372c-77fd-4a39-ac2a-e48debad48df:192.168.69.88:39591], old=null
2019-10-15 16:11:39,843 [grpc-default-executor-2] INFO  impl.RaftServerImpl (RaftServerImpl.java:setRole(184)) - 50423279-f647-4a18-8e85-347d68eaf856@group-B2671EB745D2: changes role from  FOLLOWER to FOLLOWER at term 59 for recognizeCandidate:25d6372c-77fd-4a39-ac2a-e48debad48df
2019-10-15 16:11:39,844 [grpc-default-executor-2] INFO  impl.RoleInfo (RoleInfo.java:shutdownFollowerState(121)) - 50423279-f647-4a18-8e85-347d68eaf856: shutdown FollowerState
2019-10-15 16:11:39,844 [grpc-default-executor-2] INFO  impl.RoleInfo (RoleInfo.java:updateAndGet(143)) - 50423279-f647-4a18-8e85-347d68eaf856: start FollowerState
2019-10-15 16:11:39,844 [grpc-default-executor-0] INFO  impl.RaftServerImpl (RaftServerImpl.java:setRole(184)) - 2ec85f63-33fb-4317-9145-71357d145af9@group-B2671EB745D2: changes role from  FOLLOWER to FOLLOWER at term 59 for recognizeCandidate:25d6372c-77fd-4a39-ac2a-e48debad48df
2019-10-15 16:11:39,844 [Thread-590] INFO  impl.FollowerState (FollowerState.java:run(117)) - 50423279-f647-4a18-8e85-347d68eaf856@group-B2671EB745D2-FollowerState was interrupted: java.lang.InterruptedException: sleep interrupted
2019-10-15 16:11:39,844 [grpc-default-executor-0] INFO  impl.RoleInfo (RoleInfo.java:shutdownFollowerState(121)) - 2ec85f63-33fb-4317-9145-71357d145af9: shutdown FollowerState
2019-10-15 16:11:39,844 [Thread-591] INFO  impl.FollowerState (FollowerState.java:run(117)) - 2ec85f63-33fb-4317-9145-71357d145af9@group-B2671EB745D2-FollowerState was interrupted: java.lang.InterruptedException: sleep interrupted
2019-10-15 16:11:39,844 [grpc-default-executor-0] INFO  impl.RoleInfo (RoleInfo.java:updateAndGet(143)) - 2ec85f63-33fb-4317-9145-71357d145af9: start FollowerState
2019-10-15 16:11:39,852 [25d6372c-77fd-4a39-ac2a-e48debad48df@group-B2671EB745D2-LeaderElection58] INFO  impl.LeaderElection (LeaderElection.java:logAndReturn(56)) - 25d6372c-77fd-4a39-ac2a-e48debad48df@group-B2671EB745D2-LeaderElection58: Election REJECTED; received 2 response(s) [25d6372c-77fd-4a39-ac2a-e48debad48df<-50423279-f647-4a18-8e85-347d68eaf856#0:FAIL-t59, 25d6372c-77fd-4a39-ac2a-e48debad48df<-2ec85f63-33fb-4317-9145-71357d145af9#0:FAIL-t59] and 0 exception(s); 25d6372c-77fd-4a39-ac2a-e48debad48df@group-B2671EB745D2:t59, leader=null, voted=25d6372c-77fd-4a39-ac2a-e48debad48df, raftlog=25d6372c-77fd-4a39-ac2a-e48debad48df@group-B2671EB745D2-SegmentedRaftLog:OPENED:c-1,f-1,i0, conf=-1: [50423279-f647-4a18-8e85-347d68eaf856:192.168.69.88:39583, 2ec85f63-33fb-4317-9145-71357d145af9:192.168.69.88:42357, 25d6372c-77fd-4a39-ac2a-e48debad48df:192.168.69.88:39591], old=null
2019-10-15 16:11:39,852 [25d6372c-77fd-4a39-ac2a-e48debad48df@group-B2671EB745D2-LeaderElection58] INFO  impl.RaftServerImpl (RaftServerImpl.java:setRole(184)) - 25d6372c-77fd-4a39-ac2a-e48debad48df@group-B2671EB745D2: changes role from CANDIDATE to FOLLOWER at term 59 for DISCOVERED_A_NEW_TERM
2019-10-15 16:11:39,853 [25d6372c-77fd-4a39-ac2a-e48debad48df@group-B2671EB745D2-LeaderElection58] INFO  impl.RoleInfo (RoleInfo.java:shutdownLeaderElection(134)) - 25d6372c-77fd-4a39-ac2a-e48debad48df: shutdown LeaderElection
2019-10-15 16:11:39,853 [25d6372c-77fd-4a39-ac2a-e48debad48df@group-B2671EB745D2-LeaderElection58] INFO  impl.RoleInfo (RoleInfo.java:updateAndGet(143)) - 25d6372c-77fd-4a39-ac2a-e48debad48df: start FollowerState
2019-10-15 16:11:39,866 [Thread-598] INFO  impl.FollowerState (FollowerState.java:run(108)) - 25d6372c-77fd-4a39-ac2a-e48debad48df@group-B2671EB745D2-FollowerState: change to CANDIDATE, lastRpcTime:13ms, electionTimeout:13ms
2019-10-15 16:11:39,866 [Thread-598] INFO  impl.RoleInfo (RoleInfo.java:shutdownFollowerState(121)) - 25d6372c-77fd-4a39-ac2a-e48debad48df: shutdown FollowerState
2019-10-15 16:11:39,866 [Thread-598] INFO  impl.RaftServerImpl (RaftServerImpl.java:setRole(184)) - 25d6372c-77fd-4a39-ac2a-e48debad48df@group-B2671EB745D2: changes role from  FOLLOWER to CANDIDATE at term 59 for changeToCandidate
2019-10-15 16:11:39,866 [Thread-598] INFO  impl.RoleInfo (RoleInfo.java:updateAndGet(143)) - 25d6372c-77fd-4a39-ac2a-e48debad48df: start LeaderElection
2019-10-15 16:11:39,911 [25d6372c-77fd-4a39-ac2a-e48debad48df@group-B2671EB745D2-LeaderElection59] INFO  impl.LeaderElection (LeaderElection.java:askForVotes(178)) - 25d6372c-77fd-4a39-ac2a-e48debad48df@group-B2671EB745D2-LeaderElection59: begin an election at term 60 for -1: [50423279-f647-4a18-8e85-347d68eaf856:192.168.69.88:39583, 2ec85f63-33fb-4317-9145-71357d145af9:192.168.69.88:42357, 25d6372c-77fd-4a39-ac2a-e48debad48df:192.168.69.88:39591], old=null
2019-10-15 16:11:39,914 [grpc-default-executor-2] INFO  impl.RaftServerImpl (RaftServerImpl.java:setRole(184)) - 50423279-f647-4a18-8e85-347d68eaf856@group-B2671EB745D2: changes role from  FOLLOWER to FOLLOWER at term 60 for recognizeCandidate:25d6372c-77fd-4a39-ac2a-e48debad48df
2019-10-15 16:11:39,914 [grpc-default-executor-2] INFO  impl.RoleInfo (RoleInfo.java:shutdownFollowerState(121)) - 50423279-f647-4a18-8e85-347d68eaf856: shutdown FollowerState
2019-10-15 16:11:39,914 [grpc-default-executor-2] INFO  impl.RoleInfo (RoleInfo.java:updateAndGet(143)) - 50423279-f647-4a18-8e85-347d68eaf856: start FollowerState
2019-10-15 16:11:39,914 [Thread-596] INFO  impl.FollowerState (FollowerState.java:run(117)) - 50423279-f647-4a18-8e85-347d68eaf856@group-B2671EB745D2-FollowerState was interrupted: java.lang.InterruptedException: sleep interrupted
2019-10-15 16:11:39,914 [grpc-default-executor-0] INFO  impl.RaftServerImpl (RaftServerImpl.java:setRole(184)) - 2ec85f63-33fb-4317-9145-71357d145af9@group-B2671EB745D2: changes role from  FOLLOWER to FOLLOWER at term 60 for recognizeCandidate:25d6372c-77fd-4a39-ac2a-e48debad48df
2019-10-15 16:11:39,915 [grpc-default-executor-0] INFO  impl.RoleInfo (RoleInfo.java:shutdownFollowerState(121)) - 2ec85f63-33fb-4317-9145-71357d145af9: shutdown FollowerState
2019-10-15 16:11:39,915 [Thread-597] INFO  impl.FollowerState (FollowerState.java:run(117)) - 2ec85f63-33fb-4317-9145-71357d145af9@group-B2671EB745D2-FollowerState was interrupted: java.lang.InterruptedException: sleep interrupted
2019-10-15 16:11:39,915 [grpc-default-executor-0] INFO  impl.RoleInfo (RoleInfo.java:updateAndGet(143)) - 2ec85f63-33fb-4317-9145-71357d145af9: start FollowerState
2019-10-15 16:11:39,927 [25d6372c-77fd-4a39-ac2a-e48debad48df@group-B2671EB745D2-LeaderElection59] INFO  impl.LeaderElection (LeaderElection.java:logAndReturn(56)) - 25d6372c-77fd-4a39-ac2a-e48debad48df@group-B2671EB745D2-LeaderElection59: Election TIMEOUT; received 0 response(s) [] and 0 exception(s); 25d6372c-77fd-4a39-ac2a-e48debad48df@group-B2671EB745D2:t60, leader=null, voted=25d6372c-77fd-4a39-ac2a-e48debad48df, raftlog=25d6372c-77fd-4a39-ac2a-e48debad48df@group-B2671EB745D2-SegmentedRaftLog:OPENED:c-1,f-1,i0, conf=-1: [50423279-f647-4a18-8e85-347d68eaf856:192.168.69.88:39583, 2ec85f63-33fb-4317-9145-71357d145af9:192.168.69.88:42357, 25d6372c-77fd-4a39-ac2a-e48debad48df:192.168.69.88:39591], old=null
2019-10-15 16:11:39,930 [25d6372c-77fd-4a39-ac2a-e48debad48df@group-B2671EB745D2-LeaderElection59] INFO  impl.LeaderElection (LeaderElection.java:askForVotes(178)) - 25d6372c-77fd-4a39-ac2a-e48debad48df@group-B2671EB745D2-LeaderElection59: begin an election at term 61 for -1: [50423279-f647-4a18-8e85-347d68eaf856:192.168.69.88:39583, 2ec85f63-33fb-4317-9145-71357d145af9:192.168.69.88:42357, 25d6372c-77fd-4a39-ac2a-e48debad48df:192.168.69.88:39591], old=null
2019-10-15 16:11:39,932 [grpc-default-executor-2] INFO  impl.RaftServerImpl (RaftServerImpl.java:setRole(184)) - 50423279-f647-4a18-8e85-347d68eaf856@group-B2671EB745D2: changes role from  FOLLOWER to FOLLOWER at term 61 for recognizeCandidate:25d6372c-77fd-4a39-ac2a-e48debad48df
2019-10-15 16:11:39,933 [grpc-default-executor-2] INFO  impl.RoleInfo (RoleInfo.java:shutdownFollowerState(121)) - 50423279-f647-4a18-8e85-347d68eaf856: shutdown FollowerState
2019-10-15 16:11:39,933 [grpc-default-executor-0] INFO  impl.RaftServerImpl (RaftServerImpl.java:setRole(184)) - 2ec85f63-33fb-4317-9145-71357d145af9@group-B2671EB745D2: changes role from  FOLLOWER to FOLLOWER at term 61 for recognizeCandidate:25d6372c-77fd-4a39-ac2a-e48debad48df
2019-10-15 16:11:39,933 [grpc-default-executor-0] INFO  impl.RoleInfo (RoleInfo.java:shutdownFollowerState(121)) - 2ec85f63-33fb-4317-9145-71357d145af9: shutdown FollowerState
2019-10-15 16:11:39,933 [grpc-default-executor-2] INFO  impl.RoleInfo (RoleInfo.java:updateAndGet(143)) - 50423279-f647-4a18-8e85-347d68eaf856: start FollowerState
2019-10-15 16:11:39,933 [Thread-602] INFO  impl.FollowerState (FollowerState.java:run(117)) - 50423279-f647-4a18-8e85-347d68eaf856@group-B2671EB745D2-FollowerState was interrupted: java.lang.InterruptedException: sleep interrupted
2019-10-15 16:11:39,933 [Thread-603] INFO  impl.FollowerState (FollowerState.java:run(117)) - 2ec85f63-33fb-4317-9145-71357d145af9@group-B2671EB745D2-FollowerState was interrupted: java.lang.InterruptedException: sleep interrupted
2019-10-15 16:11:39,933 [grpc-default-executor-0] INFO  impl.RoleInfo (RoleInfo.java:updateAndGet(143)) - 2ec85f63-33fb-4317-9145-71357d145af9: start FollowerState
2019-10-15 16:11:39,942 [25d6372c-77fd-4a39-ac2a-e48debad48df@group-B2671EB745D2-LeaderElection59] INFO  impl.LeaderElection (LeaderElection.java:logAndReturn(56)) - 25d6372c-77fd-4a39-ac2a-e48debad48df@group-B2671EB745D2-LeaderElection59: Election TIMEOUT; received 0 response(s) [] and 0 exception(s); 25d6372c-77fd-4a39-ac2a-e48debad48df@group-B2671EB745D2:t61, leader=null, voted=25d6372c-77fd-4a39-ac2a-e48debad48df, raftlog=25d6372c-77fd-4a39-ac2a-e48debad48df@group-B2671EB745D2-SegmentedRaftLog:OPENED:c-1,f-1,i0, conf=-1: [50423279-f647-4a18-8e85-347d68eaf856:192.168.69.88:39583, 2ec85f63-33fb-4317-9145-71357d145af9:192.168.69.88:42357, 25d6372c-77fd-4a39-ac2a-e48debad48df:192.168.69.88:39591], old=null
2019-10-15 16:11:39,947 [25d6372c-77fd-4a39-ac2a-e48debad48df@group-B2671EB745D2-LeaderElection59] INFO  impl.LeaderElection (LeaderElection.java:askForVotes(178)) - 25d6372c-77fd-4a39-ac2a-e48debad48df@group-B2671EB745D2-LeaderElection59: begin an election at term 62 for -1: [50423279-f647-4a18-8e85-347d68eaf856:192.168.69.88:39583, 2ec85f63-33fb-4317-9145-71357d145af9:192.168.69.88:42357, 25d6372c-77fd-4a39-ac2a-e48debad48df:192.168.69.88:39591], old=null
2019-10-15 16:11:39,949 [grpc-default-executor-2] INFO  impl.RaftServerImpl (RaftServerImpl.java:setRole(184)) - 50423279-f647-4a18-8e85-347d68eaf856@group-B2671EB745D2: changes role from  FOLLOWER to FOLLOWER at term 62 for recognizeCandidate:25d6372c-77fd-4a39-ac2a-e48debad48df
2019-10-15 16:11:39,949 [grpc-default-executor-0] INFO  impl.RaftServerImpl (RaftServerImpl.java:setRole(184)) - 2ec85f63-33fb-4317-9145-71357d145af9@group-B2671EB745D2: changes role from  FOLLOWER to FOLLOWER at term 62 for recognizeCandidate:25d6372c-77fd-4a39-ac2a-e48debad48df
2019-10-15 16:11:39,949 [grpc-default-executor-2] INFO  impl.RoleInfo (RoleInfo.java:shutdownFollowerState(121)) - 50423279-f647-4a18-8e85-347d68eaf856: shutdown FollowerState
2019-10-15 16:11:39,949 [grpc-default-executor-0] INFO  impl.RoleInfo (RoleInfo.java:shutdownFollowerState(121)) - 2ec85f63-33fb-4317-9145-71357d145af9: shutdown FollowerState
2019-10-15 16:11:39,949 [grpc-default-executor-2] INFO  impl.RoleInfo (RoleInfo.java:updateAndGet(143)) - 50423279-f647-4a18-8e85-347d68eaf856: start FollowerState
2019-10-15 16:11:39,949 [Thread-606] INFO  impl.FollowerState (FollowerState.java:run(117)) - 50423279-f647-4a18-8e85-347d68eaf856@group-B2671EB745D2-FollowerState was interrupted: java.lang.InterruptedException: sleep interrupted
2019-10-15 16:11:39,950 [Thread-607] INFO  impl.FollowerState (FollowerState.java:run(117)) - 2ec85f63-33fb-4317-9145-71357d145af9@group-B2671EB745D2-FollowerState was interrupted: java.lang.InterruptedException: sleep interrupted
2019-10-15 16:11:39,950 [grpc-default-executor-0] INFO  impl.RoleInfo (RoleInfo.java:updateAndGet(143)) - 2ec85f63-33fb-4317-9145-71357d145af9: start FollowerState
2019-10-15 16:11:39,956 [25d6372c-77fd-4a39-ac2a-e48debad48df@group-B2671EB745D2-LeaderElection59] INFO  impl.LeaderElection (LeaderElection.java:logAndReturn(56)) - 25d6372c-77fd-4a39-ac2a-e48debad48df@group-B2671EB745D2-LeaderElection59: Election REJECTED; received 2 response(s) [25d6372c-77fd-4a39-ac2a-e48debad48df<-2ec85f63-33fb-4317-9145-71357d145af9#0:FAIL-t62, 25d6372c-77fd-4a39-ac2a-e48debad48df<-50423279-f647-4a18-8e85-347d68eaf856#0:FAIL-t62] and 0 exception(s); 25d6372c-77fd-4a39-ac2a-e48debad48df@group-B2671EB745D2:t62, leader=null, voted=25d6372c-77fd-4a39-ac2a-e48debad48df, raftlog=25d6372c-77fd-4a39-ac2a-e48debad48df@group-B2671EB745D2-SegmentedRaftLog:OPENED:c-1,f-1,i0, conf=-1: [50423279-f647-4a18-8e85-347d68eaf856:192.168.69.88:39583, 2ec85f63-33fb-4317-9145-71357d145af9:192.168.69.88:42357, 25d6372c-77fd-4a39-ac2a-e48debad48df:192.168.69.88:39591], old=null
2019-10-15 16:11:39,956 [25d6372c-77fd-4a39-ac2a-e48debad48df@group-B2671EB745D2-LeaderElection59] INFO  impl.RaftServerImpl (RaftServerImpl.java:setRole(184)) - 25d6372c-77fd-4a39-ac2a-e48debad48df@group-B2671EB745D2: changes role from CANDIDATE to FOLLOWER at term 62 for DISCOVERED_A_NEW_TERM
2019-10-15 16:11:39,956 [25d6372c-77fd-4a39-ac2a-e48debad48df@group-B2671EB745D2-LeaderElection59] INFO  impl.RoleInfo (RoleInfo.java:shutdownLeaderElection(134)) - 25d6372c-77fd-4a39-ac2a-e48debad48df: shutdown LeaderElection
2019-10-15 16:11:39,956 [25d6372c-77fd-4a39-ac2a-e48debad48df@group-B2671EB745D2-LeaderElection59] INFO  impl.RoleInfo (RoleInfo.java:updateAndGet(143)) - 25d6372c-77fd-4a39-ac2a-e48debad48df: start FollowerState
2019-10-15 16:11:39,993 [Thread-612] INFO  impl.FollowerState (FollowerState.java:run(108)) - 25d6372c-77fd-4a39-ac2a-e48debad48df@group-B2671EB745D2-FollowerState: change to CANDIDATE, lastRpcTime:36ms, electionTimeout:36ms
2019-10-15 16:11:39,993 [Thread-612] INFO  impl.RoleInfo (RoleInfo.java:shutdownFollowerState(121)) - 25d6372c-77fd-4a39-ac2a-e48debad48df: shutdown FollowerState
2019-10-15 16:11:39,993 [Thread-612] INFO  impl.RaftServerImpl (RaftServerImpl.java:setRole(184)) - 25d6372c-77fd-4a39-ac2a-e48debad48df@group-B2671EB745D2: changes role from  FOLLOWER to CANDIDATE at term 62 for changeToCandidate
2019-10-15 16:11:39,993 [Thread-612] INFO  impl.RoleInfo (RoleInfo.java:updateAndGet(143)) - 25d6372c-77fd-4a39-ac2a-e48debad48df: start LeaderElection
2019-10-15 16:11:39,998 [25d6372c-77fd-4a39-ac2a-e48debad48df@group-B2671EB745D2-LeaderElection60] INFO  impl.LeaderElection (LeaderElection.java:askForVotes(178)) - 25d6372c-77fd-4a39-ac2a-e48debad48df@group-B2671EB745D2-LeaderElection60: begin an election at term 63 for -1: [50423279-f647-4a18-8e85-347d68eaf856:192.168.69.88:39583, 2ec85f63-33fb-4317-9145-71357d145af9:192.168.69.88:42357, 25d6372c-77fd-4a39-ac2a-e48debad48df:192.168.69.88:39591], old=null
2019-10-15 16:11:40,001 [grpc-default-executor-2] INFO  impl.RaftServerImpl (RaftServerImpl.java:setRole(184)) - 50423279-f647-4a18-8e85-347d68eaf856@group-B2671EB745D2: changes role from  FOLLOWER to FOLLOWER at term 63 for recognizeCandidate:25d6372c-77fd-4a39-ac2a-e48debad48df
2019-10-15 16:11:40,001 [grpc-default-executor-0] INFO  impl.RaftServerImpl (RaftServerImpl.java:setRole(184)) - 2ec85f63-33fb-4317-9145-71357d145af9@group-B2671EB745D2: changes role from  FOLLOWER to FOLLOWER at term 63 for recognizeCandidate:25d6372c-77fd-4a39-ac2a-e48debad48df
2019-10-15 16:11:40,001 [grpc-default-executor-0] INFO  impl.RoleInfo (RoleInfo.java:shutdownFollowerState(121)) - 2ec85f63-33fb-4317-9145-71357d145af9: shutdown FollowerState
2019-10-15 16:11:40,001 [grpc-default-executor-2] INFO  impl.RoleInfo (RoleInfo.java:shutdownFollowerState(121)) - 50423279-f647-4a18-8e85-347d68eaf856: shutdown FollowerState
2019-10-15 16:11:40,001 [grpc-default-executor-0] INFO  impl.RoleInfo (RoleInfo.java:updateAndGet(143)) - 2ec85f63-33fb-4317-9145-71357d145af9: start FollowerState
2019-10-15 16:11:40,001 [Thread-611] INFO  impl.FollowerState (FollowerState.java:run(117)) - 2ec85f63-33fb-4317-9145-71357d145af9@group-B2671EB745D2-FollowerState was interrupted: java.lang.InterruptedException: sleep interrupted
2019-10-15 16:11:40,001 [grpc-default-executor-2] INFO  impl.RoleInfo (RoleInfo.java:updateAndGet(143)) - 50423279-f647-4a18-8e85-347d68eaf856: start FollowerState
2019-10-15 16:11:40,001 [Thread-610] INFO  impl.FollowerState (FollowerState.java:run(117)) - 50423279-f647-4a18-8e85-347d68eaf856@group-B2671EB745D2-FollowerState was interrupted: java.lang.InterruptedException: sleep interrupted
2019-10-15 16:11:40,008 [25d6372c-77fd-4a39-ac2a-e48debad48df@group-B2671EB745D2-LeaderElection60] INFO  impl.LeaderElection (LeaderElection.java:logAndReturn(56)) - 25d6372c-77fd-4a39-ac2a-e48debad48df@group-B2671EB745D2-LeaderElection60: Election REJECTED; received 2 response(s) [25d6372c-77fd-4a39-ac2a-e48debad48df<-50423279-f647-4a18-8e85-347d68eaf856#0:FAIL-t63, 25d6372c-77fd-4a39-ac2a-e48debad48df<-2ec85f63-33fb-4317-9145-71357d145af9#0:FAIL-t63] and 0 exception(s); 25d6372c-77fd-4a39-ac2a-e48debad48df@group-B2671EB745D2:t63, leader=null, voted=25d6372c-77fd-4a39-ac2a-e48debad48df, raftlog=25d6372c-77fd-4a39-ac2a-e48debad48df@group-B2671EB745D2-SegmentedRaftLog:OPENED:c-1,f-1,i0, conf=-1: [50423279-f647-4a18-8e85-347d68eaf856:192.168.69.88:39583, 2ec85f63-33fb-4317-9145-71357d145af9:192.168.69.88:42357, 25d6372c-77fd-4a39-ac2a-e48debad48df:192.168.69.88:39591], old=null
2019-10-15 16:11:40,009 [25d6372c-77fd-4a39-ac2a-e48debad48df@group-B2671EB745D2-LeaderElection60] INFO  impl.RaftServerImpl (RaftServerImpl.java:setRole(184)) - 25d6372c-77fd-4a39-ac2a-e48debad48df@group-B2671EB745D2: changes role from CANDIDATE to FOLLOWER at term 63 for DISCOVERED_A_NEW_TERM
2019-10-15 16:11:40,009 [25d6372c-77fd-4a39-ac2a-e48debad48df@group-B2671EB745D2-LeaderElection60] INFO  impl.RoleInfo (RoleInfo.java:shutdownLeaderElection(134)) - 25d6372c-77fd-4a39-ac2a-e48debad48df: shutdown LeaderElection
2019-10-15 16:11:40,009 [25d6372c-77fd-4a39-ac2a-e48debad48df@group-B2671EB745D2-LeaderElection60] INFO  impl.RoleInfo (RoleInfo.java:updateAndGet(143)) - 25d6372c-77fd-4a39-ac2a-e48debad48df: start FollowerState
2019-10-15 16:11:40,137 [Thread-618] INFO  impl.FollowerState (FollowerState.java:run(108)) - 25d6372c-77fd-4a39-ac2a-e48debad48df@group-B2671EB745D2-FollowerState: change to CANDIDATE, lastRpcTime:128ms, electionTimeout:128ms
2019-10-15 16:11:40,138 [Thread-618] INFO  impl.RoleInfo (RoleInfo.java:shutdownFollowerState(121)) - 25d6372c-77fd-4a39-ac2a-e48debad48df: shutdown FollowerState
2019-10-15 16:11:40,138 [Thread-618] INFO  impl.RaftServerImpl (RaftServerImpl.java:setRole(184)) - 25d6372c-77fd-4a39-ac2a-e48debad48df@group-B2671EB745D2: changes role from  FOLLOWER to CANDIDATE at term 63 for changeToCandidate
2019-10-15 16:11:40,138 [Thread-618] INFO  impl.RoleInfo (RoleInfo.java:updateAndGet(143)) - 25d6372c-77fd-4a39-ac2a-e48debad48df: start LeaderElection
2019-10-15 16:11:40,145 [25d6372c-77fd-4a39-ac2a-e48debad48df@group-B2671EB745D2-LeaderElection61] INFO  impl.LeaderElection (LeaderElection.java:askForVotes(178)) - 25d6372c-77fd-4a39-ac2a-e48debad48df@group-B2671EB745D2-LeaderElection61: begin an election at term 64 for -1: [50423279-f647-4a18-8e85-347d68eaf856:192.168.69.88:39583, 2ec85f63-33fb-4317-9145-71357d145af9:192.168.69.88:42357, 25d6372c-77fd-4a39-ac2a-e48debad48df:192.168.69.88:39591], old=null
2019-10-15 16:11:40,148 [grpc-default-executor-2] INFO  impl.RaftServerImpl (RaftServerImpl.java:setRole(184)) - 50423279-f647-4a18-8e85-347d68eaf856@group-B2671EB745D2: changes role from  FOLLOWER to FOLLOWER at term 64 for recognizeCandidate:25d6372c-77fd-4a39-ac2a-e48debad48df
2019-10-15 16:11:40,148 [grpc-default-executor-0] INFO  impl.RaftServerImpl (RaftServerImpl.java:setRole(184)) - 2ec85f63-33fb-4317-9145-71357d145af9@group-B2671EB745D2: changes role from  FOLLOWER to FOLLOWER at term 64 for recognizeCandidate:25d6372c-77fd-4a39-ac2a-e48debad48df
2019-10-15 16:11:40,148 [grpc-default-executor-2] INFO  impl.RoleInfo (RoleInfo.java:shutdownFollowerState(121)) - 50423279-f647-4a18-8e85-347d68eaf856: shutdown FollowerState
2019-10-15 16:11:40,149 [grpc-default-executor-0] INFO  impl.RoleInfo (RoleInfo.java:shutdownFollowerState(121)) - 2ec85f63-33fb-4317-9145-71357d145af9: shutdown FollowerState
2019-10-15 16:11:40,149 [Thread-617] INFO  impl.FollowerState (FollowerState.java:run(117)) - 50423279-f647-4a18-8e85-347d68eaf856@group-B2671EB745D2-FollowerState was interrupted: java.lang.InterruptedException: sleep interrupted
2019-10-15 16:11:40,149 [grpc-default-executor-2] INFO  impl.RoleInfo (RoleInfo.java:updateAndGet(143)) - 50423279-f647-4a18-8e85-347d68eaf856: start FollowerState
2019-10-15 16:11:40,149 [grpc-default-executor-0] INFO  impl.RoleInfo (RoleInfo.java:updateAndGet(143)) - 2ec85f63-33fb-4317-9145-71357d145af9: start FollowerState
2019-10-15 16:11:40,149 [Thread-616] INFO  impl.FollowerState (FollowerState.java:run(117)) - 2ec85f63-33fb-4317-9145-71357d145af9@group-B2671EB745D2-FollowerState was interrupted: java.lang.InterruptedException: sleep interrupted
2019-10-15 16:11:40,157 [25d6372c-77fd-4a39-ac2a-e48debad48df@group-B2671EB745D2-LeaderElection61] INFO  impl.LeaderElection (LeaderElection.java:logAndReturn(56)) - 25d6372c-77fd-4a39-ac2a-e48debad48df@group-B2671EB745D2-LeaderElection61: Election REJECTED; received 2 response(s) [25d6372c-77fd-4a39-ac2a-e48debad48df<-50423279-f647-4a18-8e85-347d68eaf856#0:FAIL-t64, 25d6372c-77fd-4a39-ac2a-e48debad48df<-2ec85f63-33fb-4317-9145-71357d145af9#0:FAIL-t64] and 0 exception(s); 25d6372c-77fd-4a39-ac2a-e48debad48df@group-B2671EB745D2:t64, leader=null, voted=25d6372c-77fd-4a39-ac2a-e48debad48df, raftlog=25d6372c-77fd-4a39-ac2a-e48debad48df@group-B2671EB745D2-SegmentedRaftLog:OPENED:c-1,f-1,i0, conf=-1: [50423279-f647-4a18-8e85-347d68eaf856:192.168.69.88:39583, 2ec85f63-33fb-4317-9145-71357d145af9:192.168.69.88:42357, 25d6372c-77fd-4a39-ac2a-e48debad48df:192.168.69.88:39591], old=null
2019-10-15 16:11:40,157 [25d6372c-77fd-4a39-ac2a-e48debad48df@group-B2671EB745D2-LeaderElection61] INFO  impl.RaftServerImpl (RaftServerImpl.java:setRole(184)) - 25d6372c-77fd-4a39-ac2a-e48debad48df@group-B2671EB745D2: changes role from CANDIDATE to FOLLOWER at term 64 for DISCOVERED_A_NEW_TERM
2019-10-15 16:11:40,157 [25d6372c-77fd-4a39-ac2a-e48debad48df@group-B2671EB745D2-LeaderElection61] INFO  impl.RoleInfo (RoleInfo.java:shutdownLeaderElection(134)) - 25d6372c-77fd-4a39-ac2a-e48debad48df: shutdown LeaderElection
2019-10-15 16:11:40,157 [25d6372c-77fd-4a39-ac2a-e48debad48df@group-B2671EB745D2-LeaderElection61] INFO  impl.RoleInfo (RoleInfo.java:updateAndGet(143)) - 25d6372c-77fd-4a39-ac2a-e48debad48df: start FollowerState
2019-10-15 16:11:40,219 [Thread-624] INFO  impl.FollowerState (FollowerState.java:run(108)) - 25d6372c-77fd-4a39-ac2a-e48debad48df@group-B2671EB745D2-FollowerState: change to CANDIDATE, lastRpcTime:61ms, electionTimeout:61ms
2019-10-15 16:11:40,219 [Thread-624] INFO  impl.RoleInfo (RoleInfo.java:shutdownFollowerState(121)) - 25d6372c-77fd-4a39-ac2a-e48debad48df: shutdown FollowerState
2019-10-15 16:11:40,219 [Thread-624] INFO  impl.RaftServerImpl (RaftServerImpl.java:setRole(184)) - 25d6372c-77fd-4a39-ac2a-e48debad48df@group-B2671EB745D2: changes role from  FOLLOWER to CANDIDATE at term 64 for changeToCandidate
2019-10-15 16:11:40,219 [Thread-624] INFO  impl.RoleInfo (RoleInfo.java:updateAndGet(143)) - 25d6372c-77fd-4a39-ac2a-e48debad48df: start LeaderElection
2019-10-15 16:11:40,242 [25d6372c-77fd-4a39-ac2a-e48debad48df@group-B2671EB745D2-LeaderElection62] INFO  impl.LeaderElection (LeaderElection.java:askForVotes(178)) - 25d6372c-77fd-4a39-ac2a-e48debad48df@group-B2671EB745D2-LeaderElection62: begin an election at term 65 for -1: [50423279-f647-4a18-8e85-347d68eaf856:192.168.69.88:39583, 2ec85f63-33fb-4317-9145-71357d145af9:192.168.69.88:42357, 25d6372c-77fd-4a39-ac2a-e48debad48df:192.168.69.88:39591], old=null
2019-10-15 16:11:40,245 [grpc-default-executor-0] INFO  impl.RaftServerImpl (RaftServerImpl.java:setRole(184)) - 2ec85f63-33fb-4317-9145-71357d145af9@group-B2671EB745D2: changes role from  FOLLOWER to FOLLOWER at term 65 for recognizeCandidate:25d6372c-77fd-4a39-ac2a-e48debad48df
2019-10-15 16:11:40,245 [grpc-default-executor-2] INFO  impl.RaftServerImpl (RaftServerImpl.java:setRole(184)) - 50423279-f647-4a18-8e85-347d68eaf856@group-B2671EB745D2: changes role from  FOLLOWER to FOLLOWER at term 65 for recognizeCandidate:25d6372c-77fd-4a39-ac2a-e48debad48df
2019-10-15 16:11:40,246 [grpc-default-executor-0] INFO  impl.RoleInfo (RoleInfo.java:shutdownFollowerState(121)) - 2ec85f63-33fb-4317-9145-71357d145af9: shutdown FollowerState
2019-10-15 16:11:40,246 [grpc-default-executor-2] INFO  impl.RoleInfo (RoleInfo.java:shutdownFollowerState(121)) - 50423279-f647-4a18-8e85-347d68eaf856: shutdown FollowerState
2019-10-15 16:11:40,246 [Thread-623] INFO  impl.FollowerState (FollowerState.java:run(117)) - 2ec85f63-33fb-4317-9145-71357d145af9@group-B2671EB745D2-FollowerState was interrupted: java.lang.InterruptedException: sleep interrupted
2019-10-15 16:11:40,246 [grpc-default-executor-0] INFO  impl.RoleInfo (RoleInfo.java:updateAndGet(143)) - 2ec85f63-33fb-4317-9145-71357d145af9: start FollowerState
2019-10-15 16:11:40,246 [Thread-622] INFO  impl.FollowerState (FollowerState.java:run(117)) - 50423279-f647-4a18-8e85-347d68eaf856@group-B2671EB745D2-FollowerState was interrupted: java.lang.InterruptedException: sleep interrupted
2019-10-15 16:11:40,246 [grpc-default-executor-2] INFO  impl.RoleInfo (RoleInfo.java:updateAndGet(143)) - 50423279-f647-4a18-8e85-347d68eaf856: start FollowerState
2019-10-15 16:11:40,266 [25d6372c-77fd-4a39-ac2a-e48debad48df@group-B2671EB745D2-LeaderElection62] INFO  impl.LeaderElection (LeaderElection.java:logAndReturn(56)) - 25d6372c-77fd-4a39-ac2a-e48debad48df@group-B2671EB745D2-LeaderElection62: Election REJECTED; received 2 response(s) [25d6372c-77fd-4a39-ac2a-e48debad48df<-50423279-f647-4a18-8e85-347d68eaf856#0:FAIL-t65, 25d6372c-77fd-4a39-ac2a-e48debad48df<-2ec85f63-33fb-4317-9145-71357d145af9#0:FAIL-t65] and 0 exception(s); 25d6372c-77fd-4a39-ac2a-e48debad48df@group-B2671EB745D2:t65, leader=null, voted=25d6372c-77fd-4a39-ac2a-e48debad48df, raftlog=25d6372c-77fd-4a39-ac2a-e48debad48df@group-B2671EB745D2-SegmentedRaftLog:OPENED:c-1,f-1,i0, conf=-1: [50423279-f647-4a18-8e85-347d68eaf856:192.168.69.88:39583, 2ec85f63-33fb-4317-9145-71357d145af9:192.168.69.88:42357, 25d6372c-77fd-4a39-ac2a-e48debad48df:192.168.69.88:39591], old=null
2019-10-15 16:11:40,267 [25d6372c-77fd-4a39-ac2a-e48debad48df@group-B2671EB745D2-LeaderElection62] INFO  impl.RaftServerImpl (RaftServerImpl.java:setRole(184)) - 25d6372c-77fd-4a39-ac2a-e48debad48df@group-B2671EB745D2: changes role from CANDIDATE to FOLLOWER at term 65 for DISCOVERED_A_NEW_TERM
2019-10-15 16:11:40,267 [25d6372c-77fd-4a39-ac2a-e48debad48df@group-B2671EB745D2-LeaderElection62] INFO  impl.RoleInfo (RoleInfo.java:shutdownLeaderElection(134)) - 25d6372c-77fd-4a39-ac2a-e48debad48df: shutdown LeaderElection
2019-10-15 16:11:40,267 [25d6372c-77fd-4a39-ac2a-e48debad48df@group-B2671EB745D2-LeaderElection62] INFO  impl.RoleInfo (RoleInfo.java:updateAndGet(143)) - 25d6372c-77fd-4a39-ac2a-e48debad48df: start FollowerState
2019-10-15 16:11:40,387 [Thread-632] INFO  impl.FollowerState (FollowerState.java:run(108)) - 25d6372c-77fd-4a39-ac2a-e48debad48df@group-B2671EB745D2-FollowerState: change to CANDIDATE, lastRpcTime:120ms, electionTimeout:120ms
2019-10-15 16:11:40,388 [Thread-632] INFO  impl.RoleInfo (RoleInfo.java:shutdownFollowerState(121)) - 25d6372c-77fd-4a39-ac2a-e48debad48df: shutdown FollowerState
2019-10-15 16:11:40,388 [Thread-632] INFO  impl.RaftServerImpl (RaftServerImpl.java:setRole(184)) - 25d6372c-77fd-4a39-ac2a-e48debad48df@group-B2671EB745D2: changes role from  FOLLOWER to CANDIDATE at term 65 for changeToCandidate
2019-10-15 16:11:40,388 [Thread-632] INFO  impl.RoleInfo (RoleInfo.java:updateAndGet(143)) - 25d6372c-77fd-4a39-ac2a-e48debad48df: start LeaderElection
2019-10-15 16:11:40,401 [25d6372c-77fd-4a39-ac2a-e48debad48df@group-B2671EB745D2-LeaderElection63] INFO  impl.LeaderElection (LeaderElection.java:askForVotes(178)) - 25d6372c-77fd-4a39-ac2a-e48debad48df@group-B2671EB745D2-LeaderElection63: begin an election at term 66 for -1: [50423279-f647-4a18-8e85-347d68eaf856:192.168.69.88:39583, 2ec85f63-33fb-4317-9145-71357d145af9:192.168.69.88:42357, 25d6372c-77fd-4a39-ac2a-e48debad48df:192.168.69.88:39591], old=null
2019-10-15 16:11:40,405 [grpc-default-executor-0] INFO  impl.RaftServerImpl (RaftServerImpl.java:setRole(184)) - 50423279-f647-4a18-8e85-347d68eaf856@group-B2671EB745D2: changes role from  FOLLOWER to FOLLOWER at term 66 for recognizeCandidate:25d6372c-77fd-4a39-ac2a-e48debad48df
2019-10-15 16:11:40,405 [grpc-default-executor-2] INFO  impl.RaftServerImpl (RaftServerImpl.java:setRole(184)) - 2ec85f63-33fb-4317-9145-71357d145af9@group-B2671EB745D2: changes role from  FOLLOWER to FOLLOWER at term 66 for recognizeCandidate:25d6372c-77fd-4a39-ac2a-e48debad48df
2019-10-15 16:11:40,405 [grpc-default-executor-0] INFO  impl.RoleInfo (RoleInfo.java:shutdownFollowerState(121)) - 50423279-f647-4a18-8e85-347d68eaf856: shutdown FollowerState
2019-10-15 16:11:40,405 [grpc-default-executor-2] INFO  impl.RoleInfo (RoleInfo.java:shutdownFollowerState(121)) - 2ec85f63-33fb-4317-9145-71357d145af9: shutdown FollowerState
2019-10-15 16:11:40,405 [Thread-631] INFO  impl.FollowerState (FollowerState.java:run(117)) - 50423279-f647-4a18-8e85-347d68eaf856@group-B2671EB745D2-FollowerState was interrupted: java.lang.InterruptedException: sleep interrupted
2019-10-15 16:11:40,405 [grpc-default-executor-0] INFO  impl.RoleInfo (RoleInfo.java:updateAndGet(143)) - 50423279-f647-4a18-8e85-347d68eaf856: start FollowerState
2019-10-15 16:11:40,405 [grpc-default-executor-2] INFO  impl.RoleInfo (RoleInfo.java:updateAndGet(143)) - 2ec85f63-33fb-4317-9145-71357d145af9: start FollowerState
2019-10-15 16:11:40,405 [Thread-630] INFO  impl.FollowerState (FollowerState.java:run(117)) - 2ec85f63-33fb-4317-9145-71357d145af9@group-B2671EB745D2-FollowerState was interrupted: java.lang.InterruptedException: sleep interrupted
2019-10-15 16:11:40,421 [25d6372c-77fd-4a39-ac2a-e48debad48df@group-B2671EB745D2-LeaderElection63] INFO  impl.LeaderElection (LeaderElection.java:logAndReturn(56)) - 25d6372c-77fd-4a39-ac2a-e48debad48df@group-B2671EB745D2-LeaderElection63: Election REJECTED; received 2 response(s) [25d6372c-77fd-4a39-ac2a-e48debad48df<-2ec85f63-33fb-4317-9145-71357d145af9#0:FAIL-t66, 25d6372c-77fd-4a39-ac2a-e48debad48df<-50423279-f647-4a18-8e85-347d68eaf856#0:FAIL-t66] and 0 exception(s); 25d6372c-77fd-4a39-ac2a-e48debad48df@group-B2671EB745D2:t66, leader=null, voted=25d6372c-77fd-4a39-ac2a-e48debad48df, raftlog=25d6372c-77fd-4a39-ac2a-e48debad48df@group-B2671EB745D2-SegmentedRaftLog:OPENED:c-1,f-1,i0, conf=-1: [50423279-f647-4a18-8e85-347d68eaf856:192.168.69.88:39583, 2ec85f63-33fb-4317-9145-71357d145af9:192.168.69.88:42357, 25d6372c-77fd-4a39-ac2a-e48debad48df:192.168.69.88:39591], old=null
2019-10-15 16:11:40,421 [25d6372c-77fd-4a39-ac2a-e48debad48df@group-B2671EB745D2-LeaderElection63] INFO  impl.RaftServerImpl (RaftServerImpl.java:setRole(184)) - 25d6372c-77fd-4a39-ac2a-e48debad48df@group-B2671EB745D2: changes role from CANDIDATE to FOLLOWER at term 66 for DISCOVERED_A_NEW_TERM
2019-10-15 16:11:40,421 [25d6372c-77fd-4a39-ac2a-e48debad48df@group-B2671EB745D2-LeaderElection63] INFO  impl.RoleInfo (RoleInfo.java:shutdownLeaderElection(134)) - 25d6372c-77fd-4a39-ac2a-e48debad48df: shutdown LeaderElection
2019-10-15 16:11:40,421 [25d6372c-77fd-4a39-ac2a-e48debad48df@group-B2671EB745D2-LeaderElection63] INFO  impl.RoleInfo (RoleInfo.java:updateAndGet(143)) - 25d6372c-77fd-4a39-ac2a-e48debad48df: start FollowerState
2019-10-15 16:11:40,551 [Thread-638] INFO  impl.FollowerState (FollowerState.java:run(108)) - 25d6372c-77fd-4a39-ac2a-e48debad48df@group-B2671EB745D2-FollowerState: change to CANDIDATE, lastRpcTime:129ms, electionTimeout:129ms
2019-10-15 16:11:40,551 [Thread-638] INFO  impl.RoleInfo (RoleInfo.java:shutdownFollowerState(121)) - 25d6372c-77fd-4a39-ac2a-e48debad48df: shutdown FollowerState
2019-10-15 16:11:40,551 [Thread-638] INFO  impl.RaftServerImpl (RaftServerImpl.java:setRole(184)) - 25d6372c-77fd-4a39-ac2a-e48debad48df@group-B2671EB745D2: changes role from  FOLLOWER to CANDIDATE at term 66 for changeToCandidate
2019-10-15 16:11:40,551 [Thread-638] INFO  impl.RoleInfo (RoleInfo.java:updateAndGet(143)) - 25d6372c-77fd-4a39-ac2a-e48debad48df: start LeaderElection
2019-10-15 16:11:40,565 [25d6372c-77fd-4a39-ac2a-e48debad48df@group-B2671EB745D2-LeaderElection64] INFO  impl.LeaderElection (LeaderElection.java:askForVotes(178)) - 25d6372c-77fd-4a39-ac2a-e48debad48df@group-B2671EB745D2-LeaderElection64: begin an election at term 67 for -1: [50423279-f647-4a18-8e85-347d68eaf856:192.168.69.88:39583, 2ec85f63-33fb-4317-9145-71357d145af9:192.168.69.88:42357, 25d6372c-77fd-4a39-ac2a-e48debad48df:192.168.69.88:39591], old=null
2019-10-15 16:11:40,568 [grpc-default-executor-0] INFO  impl.RaftServerImpl (RaftServerImpl.java:setRole(184)) - 50423279-f647-4a18-8e85-347d68eaf856@group-B2671EB745D2: changes role from  FOLLOWER to FOLLOWER at term 67 for recognizeCandidate:25d6372c-77fd-4a39-ac2a-e48debad48df
2019-10-15 16:11:40,568 [grpc-default-executor-2] INFO  impl.RaftServerImpl (RaftServerImpl.java:setRole(184)) - 2ec85f63-33fb-4317-9145-71357d145af9@group-B2671EB745D2: changes role from  FOLLOWER to FOLLOWER at term 67 for recognizeCandidate:25d6372c-77fd-4a39-ac2a-e48debad48df
2019-10-15 16:11:40,568 [grpc-default-executor-0] INFO  impl.RoleInfo (RoleInfo.java:shutdownFollowerState(121)) - 50423279-f647-4a18-8e85-347d68eaf856: shutdown FollowerState
2019-10-15 16:11:40,569 [grpc-default-executor-2] INFO  impl.RoleInfo (RoleInfo.java:shutdownFollowerState(121)) - 2ec85f63-33fb-4317-9145-71357d145af9: shutdown FollowerState
2019-10-15 16:11:40,569 [grpc-default-executor-0] INFO  impl.RoleInfo (RoleInfo.java:updateAndGet(143)) - 50423279-f647-4a18-8e85-347d68eaf856: start FollowerState
2019-10-15 16:11:40,569 [Thread-636] INFO  impl.FollowerState (FollowerState.java:run(117)) - 50423279-f647-4a18-8e85-347d68eaf856@group-B2671EB745D2-FollowerState was interrupted: java.lang.InterruptedException: sleep interrupted
2019-10-15 16:11:40,569 [Thread-637] INFO  impl.FollowerState (FollowerState.java:run(117)) - 2ec85f63-33fb-4317-9145-71357d145af9@group-B2671EB745D2-FollowerState was interrupted: java.lang.InterruptedException: sleep interrupted
2019-10-15 16:11:40,569 [grpc-default-executor-2] INFO  impl.RoleInfo (RoleInfo.java:updateAndGet(143)) - 2ec85f63-33fb-4317-9145-71357d145af9: start FollowerState
2019-10-15 16:11:40,575 [25d6372c-77fd-4a39-ac2a-e48debad48df@group-B2671EB745D2-LeaderElection64] INFO  impl.LeaderElection (LeaderElection.java:logAndReturn(56)) - 25d6372c-77fd-4a39-ac2a-e48debad48df@group-B2671EB745D2-LeaderElection64: Election REJECTED; received 2 response(s) [25d6372c-77fd-4a39-ac2a-e48debad48df<-50423279-f647-4a18-8e85-347d68eaf856#0:FAIL-t67, 25d6372c-77fd-4a39-ac2a-e48debad48df<-2ec85f63-33fb-4317-9145-71357d145af9#0:FAIL-t67] and 0 exception(s); 25d6372c-77fd-4a39-ac2a-e48debad48df@group-B2671EB745D2:t67, leader=null, voted=25d6372c-77fd-4a39-ac2a-e48debad48df, raftlog=25d6372c-77fd-4a39-ac2a-e48debad48df@group-B2671EB745D2-SegmentedRaftLog:OPENED:c-1,f-1,i0, conf=-1: [50423279-f647-4a18-8e85-347d68eaf856:192.168.69.88:39583, 2ec85f63-33fb-4317-9145-71357d145af9:192.168.69.88:42357, 25d6372c-77fd-4a39-ac2a-e48debad48df:192.168.69.88:39591], old=null
2019-10-15 16:11:40,575 [25d6372c-77fd-4a39-ac2a-e48debad48df@group-B2671EB745D2-LeaderElection64] INFO  impl.RaftServerImpl (RaftServerImpl.java:setRole(184)) - 25d6372c-77fd-4a39-ac2a-e48debad48df@group-B2671EB745D2: changes role from CANDIDATE to FOLLOWER at term 67 for DISCOVERED_A_NEW_TERM
2019-10-15 16:11:40,575 [25d6372c-77fd-4a39-ac2a-e48debad48df@group-B2671EB745D2-LeaderElection64] INFO  impl.RoleInfo (RoleInfo.java:shutdownLeaderElection(134)) - 25d6372c-77fd-4a39-ac2a-e48debad48df: shutdown LeaderElection
2019-10-15 16:11:40,575 [25d6372c-77fd-4a39-ac2a-e48debad48df@group-B2671EB745D2-LeaderElection64] INFO  impl.RoleInfo (RoleInfo.java:updateAndGet(143)) - 25d6372c-77fd-4a39-ac2a-e48debad48df: start FollowerState
2019-10-15 16:11:40,657 [Thread-644] INFO  impl.FollowerState (FollowerState.java:run(108)) - 25d6372c-77fd-4a39-ac2a-e48debad48df@group-B2671EB745D2-FollowerState: change to CANDIDATE, lastRpcTime:81ms, electionTimeout:81ms
2019-10-15 16:11:40,657 [Thread-644] INFO  impl.RoleInfo (RoleInfo.java:shutdownFollowerState(121)) - 25d6372c-77fd-4a39-ac2a-e48debad48df: shutdown FollowerState
2019-10-15 16:11:40,657 [Thread-644] INFO  impl.RaftServerImpl (RaftServerImpl.java:setRole(184)) - 25d6372c-77fd-4a39-ac2a-e48debad48df@group-B2671EB745D2: changes role from  FOLLOWER to CANDIDATE at term 67 for changeToCandidate
2019-10-15 16:11:40,657 [Thread-644] INFO  impl.RoleInfo (RoleInfo.java:updateAndGet(143)) - 25d6372c-77fd-4a39-ac2a-e48debad48df: start LeaderElection
2019-10-15 16:11:40,673 [25d6372c-77fd-4a39-ac2a-e48debad48df@group-B2671EB745D2-LeaderElection65] INFO  impl.LeaderElection (LeaderElection.java:askForVotes(178)) - 25d6372c-77fd-4a39-ac2a-e48debad48df@group-B2671EB745D2-LeaderElection65: begin an election at term 68 for -1: [50423279-f647-4a18-8e85-347d68eaf856:192.168.69.88:39583, 2ec85f63-33fb-4317-9145-71357d145af9:192.168.69.88:42357, 25d6372c-77fd-4a39-ac2a-e48debad48df:192.168.69.88:39591], old=null
2019-10-15 16:11:40,676 [grpc-default-executor-2] INFO  impl.RaftServerImpl (RaftServerImpl.java:setRole(184)) - 2ec85f63-33fb-4317-9145-71357d145af9@group-B2671EB745D2: changes role from  FOLLOWER to FOLLOWER at term 68 for recognizeCandidate:25d6372c-77fd-4a39-ac2a-e48debad48df
2019-10-15 16:11:40,676 [grpc-default-executor-0] INFO  impl.RaftServerImpl (RaftServerImpl.java:setRole(184)) - 50423279-f647-4a18-8e85-347d68eaf856@group-B2671EB745D2: changes role from  FOLLOWER to FOLLOWER at term 68 for recognizeCandidate:25d6372c-77fd-4a39-ac2a-e48debad48df
2019-10-15 16:11:40,676 [grpc-default-executor-2] INFO  impl.RoleInfo (RoleInfo.java:shutdownFollowerState(121)) - 2ec85f63-33fb-4317-9145-71357d145af9: shutdown FollowerState
2019-10-15 16:11:40,677 [grpc-default-executor-0] INFO  impl.RoleInfo (RoleInfo.java:shutdownFollowerState(121)) - 50423279-f647-4a18-8e85-347d68eaf856: shutdown FollowerState
2019-10-15 16:11:40,677 [Thread-643] INFO  impl.FollowerState (FollowerState.java:run(117)) - 2ec85f63-33fb-4317-9145-71357d145af9@group-B2671EB745D2-FollowerState was interrupted: java.lang.InterruptedException: sleep interrupted
2019-10-15 16:11:40,677 [grpc-default-executor-2] INFO  impl.RoleInfo (RoleInfo.java:updateAndGet(143)) - 2ec85f63-33fb-4317-9145-71357d145af9: start FollowerState
2019-10-15 16:11:40,677 [Thread-642] INFO  impl.FollowerState (FollowerState.java:run(117)) - 50423279-f647-4a18-8e85-347d68eaf856@group-B2671EB745D2-FollowerState was interrupted: java.lang.InterruptedException: sleep interrupted
2019-10-15 16:11:40,677 [grpc-default-executor-0] INFO  impl.RoleInfo (RoleInfo.java:updateAndGet(143)) - 50423279-f647-4a18-8e85-347d68eaf856: start FollowerState
2019-10-15 16:11:40,694 [25d6372c-77fd-4a39-ac2a-e48debad48df@group-B2671EB745D2-LeaderElection65] INFO  impl.LeaderElection (LeaderElection.java:logAndReturn(56)) - 25d6372c-77fd-4a39-ac2a-e48debad48df@group-B2671EB745D2-LeaderElection65: Election REJECTED; received 2 response(s) [25d6372c-77fd-4a39-ac2a-e48debad48df<-50423279-f647-4a18-8e85-347d68eaf856#0:FAIL-t68, 25d6372c-77fd-4a39-ac2a-e48debad48df<-2ec85f63-33fb-4317-9145-71357d145af9#0:FAIL-t68] and 0 exception(s); 25d6372c-77fd-4a39-ac2a-e48debad48df@group-B2671EB745D2:t68, leader=null, voted=25d6372c-77fd-4a39-ac2a-e48debad48df, raftlog=25d6372c-77fd-4a39-ac2a-e48debad48df@group-B2671EB745D2-SegmentedRaftLog:OPENED:c-1,f-1,i0, conf=-1: [50423279-f647-4a18-8e85-347d68eaf856:192.168.69.88:39583, 2ec85f63-33fb-4317-9145-71357d145af9:192.168.69.88:42357, 25d6372c-77fd-4a39-ac2a-e48debad48df:192.168.69.88:39591], old=null
2019-10-15 16:11:40,694 [25d6372c-77fd-4a39-ac2a-e48debad48df@group-B2671EB745D2-LeaderElection65] INFO  impl.RaftServerImpl (RaftServerImpl.java:setRole(184)) - 25d6372c-77fd-4a39-ac2a-e48debad48df@group-B2671EB745D2: changes role from CANDIDATE to FOLLOWER at term 68 for DISCOVERED_A_NEW_TERM
2019-10-15 16:11:40,694 [25d6372c-77fd-4a39-ac2a-e48debad48df@group-B2671EB745D2-LeaderElection65] INFO  impl.RoleInfo (RoleInfo.java:shutdownLeaderElection(134)) - 25d6372c-77fd-4a39-ac2a-e48debad48df: shutdown LeaderElection
2019-10-15 16:11:40,694 [25d6372c-77fd-4a39-ac2a-e48debad48df@group-B2671EB745D2-LeaderElection65] INFO  impl.RoleInfo (RoleInfo.java:updateAndGet(143)) - 25d6372c-77fd-4a39-ac2a-e48debad48df: start FollowerState
2019-10-15 16:11:40,879 [Thread-650] INFO  impl.FollowerState (FollowerState.java:run(108)) - 25d6372c-77fd-4a39-ac2a-e48debad48df@group-B2671EB745D2-FollowerState: change to CANDIDATE, lastRpcTime:185ms, electionTimeout:185ms
2019-10-15 16:11:40,879 [Thread-650] INFO  impl.RoleInfo (RoleInfo.java:shutdownFollowerState(121)) - 25d6372c-77fd-4a39-ac2a-e48debad48df: shutdown FollowerState
2019-10-15 16:11:40,880 [Thread-650] INFO  impl.RaftServerImpl (RaftServerImpl.java:setRole(184)) - 25d6372c-77fd-4a39-ac2a-e48debad48df@group-B2671EB745D2: changes role from  FOLLOWER to CANDIDATE at term 68 for changeToCandidate
2019-10-15 16:11:40,880 [Thread-650] INFO  impl.RoleInfo (RoleInfo.java:updateAndGet(143)) - 25d6372c-77fd-4a39-ac2a-e48debad48df: start LeaderElection
2019-10-15 16:11:40,887 [25d6372c-77fd-4a39-ac2a-e48debad48df@group-B2671EB745D2-LeaderElection66] INFO  impl.LeaderElection (LeaderElection.java:askForVotes(178)) - 25d6372c-77fd-4a39-ac2a-e48debad48df@group-B2671EB745D2-LeaderElection66: begin an election at term 69 for -1: [50423279-f647-4a18-8e85-347d68eaf856:192.168.69.88:39583, 2ec85f63-33fb-4317-9145-71357d145af9:192.168.69.88:42357, 25d6372c-77fd-4a39-ac2a-e48debad48df:192.168.69.88:39591], old=null
2019-10-15 16:11:40,890 [grpc-default-executor-0] INFO  impl.RaftServerImpl (RaftServerImpl.java:setRole(184)) - 50423279-f647-4a18-8e85-347d68eaf856@group-B2671EB745D2: changes role from  FOLLOWER to FOLLOWER at term 69 for recognizeCandidate:25d6372c-77fd-4a39-ac2a-e48debad48df
2019-10-15 16:11:40,890 [grpc-default-executor-2] INFO  impl.RaftServerImpl (RaftServerImpl.java:setRole(184)) - 2ec85f63-33fb-4317-9145-71357d145af9@group-B2671EB745D2: changes role from  FOLLOWER to FOLLOWER at term 69 for recognizeCandidate:25d6372c-77fd-4a39-ac2a-e48debad48df
2019-10-15 16:11:40,890 [grpc-default-executor-0] INFO  impl.RoleInfo (RoleInfo.java:shutdownFollowerState(121)) - 50423279-f647-4a18-8e85-347d68eaf856: shutdown FollowerState
2019-10-15 16:11:40,891 [grpc-default-executor-2] INFO  impl.RoleInfo (RoleInfo.java:shutdownFollowerState(121)) - 2ec85f63-33fb-4317-9145-71357d145af9: shutdown FollowerState
2019-10-15 16:11:40,891 [grpc-default-executor-0] INFO  impl.RoleInfo (RoleInfo.java:updateAndGet(143)) - 50423279-f647-4a18-8e85-347d68eaf856: start FollowerState
2019-10-15 16:11:40,891 [Thread-649] INFO  impl.FollowerState (FollowerState.java:run(117)) - 50423279-f647-4a18-8e85-347d68eaf856@group-B2671EB745D2-FollowerState was interrupted: java.lang.InterruptedException: sleep interrupted
2019-10-15 16:11:40,891 [grpc-default-executor-2] INFO  impl.RoleInfo (RoleInfo.java:updateAndGet(143)) - 2ec85f63-33fb-4317-9145-71357d145af9: start FollowerState
2019-10-15 16:11:40,891 [Thread-648] INFO  impl.FollowerState (FollowerState.java:run(117)) - 2ec85f63-33fb-4317-9145-71357d145af9@group-B2671EB745D2-FollowerState was interrupted: java.lang.InterruptedException: sleep interrupted
2019-10-15 16:11:40,913 [25d6372c-77fd-4a39-ac2a-e48debad48df@group-B2671EB745D2-LeaderElection66] INFO  impl.LeaderElection (LeaderElection.java:logAndReturn(56)) - 25d6372c-77fd-4a39-ac2a-e48debad48df@group-B2671EB745D2-LeaderElection66: Election REJECTED; received 2 response(s) [25d6372c-77fd-4a39-ac2a-e48debad48df<-50423279-f647-4a18-8e85-347d68eaf856#0:FAIL-t69, 25d6372c-77fd-4a39-ac2a-e48debad48df<-2ec85f63-33fb-4317-9145-71357d145af9#0:FAIL-t69] and 0 exception(s); 25d6372c-77fd-4a39-ac2a-e48debad48df@group-B2671EB745D2:t69, leader=null, voted=25d6372c-77fd-4a39-ac2a-e48debad48df, raftlog=25d6372c-77fd-4a39-ac2a-e48debad48df@group-B2671EB745D2-SegmentedRaftLog:OPENED:c-1,f-1,i0, conf=-1: [50423279-f647-4a18-8e85-347d68eaf856:192.168.69.88:39583, 2ec85f63-33fb-4317-9145-71357d145af9:192.168.69.88:42357, 25d6372c-77fd-4a39-ac2a-e48debad48df:192.168.69.88:39591], old=null
2019-10-15 16:11:40,914 [25d6372c-77fd-4a39-ac2a-e48debad48df@group-B2671EB745D2-LeaderElection66] INFO  impl.RaftServerImpl (RaftServerImpl.java:setRole(184)) - 25d6372c-77fd-4a39-ac2a-e48debad48df@group-B2671EB745D2: changes role from CANDIDATE to FOLLOWER at term 69 for DISCOVERED_A_NEW_TERM
2019-10-15 16:11:40,914 [25d6372c-77fd-4a39-ac2a-e48debad48df@group-B2671EB745D2-LeaderElection66] INFO  impl.RoleInfo (RoleInfo.java:shutdownLeaderElection(134)) - 25d6372c-77fd-4a39-ac2a-e48debad48df: shutdown LeaderElection
2019-10-15 16:11:40,914 [25d6372c-77fd-4a39-ac2a-e48debad48df@group-B2671EB745D2-LeaderElection66] INFO  impl.RoleInfo (RoleInfo.java:updateAndGet(143)) - 25d6372c-77fd-4a39-ac2a-e48debad48df: start FollowerState
2019-10-15 16:11:41,069 [Thread-656] INFO  impl.FollowerState (FollowerState.java:run(108)) - 25d6372c-77fd-4a39-ac2a-e48debad48df@group-B2671EB745D2-FollowerState: change to CANDIDATE, lastRpcTime:154ms, electionTimeout:154ms
2019-10-15 16:11:41,069 [Thread-656] INFO  impl.RoleInfo (RoleInfo.java:shutdownFollowerState(121)) - 25d6372c-77fd-4a39-ac2a-e48debad48df: shutdown FollowerState
2019-10-15 16:11:41,069 [Thread-656] INFO  impl.RaftServerImpl (RaftServerImpl.java:setRole(184)) - 25d6372c-77fd-4a39-ac2a-e48debad48df@group-B2671EB745D2: changes role from  FOLLOWER to CANDIDATE at term 69 for changeToCandidate
2019-10-15 16:11:41,069 [Thread-656] INFO  impl.RoleInfo (RoleInfo.java:updateAndGet(143)) - 25d6372c-77fd-4a39-ac2a-e48debad48df: start LeaderElection
2019-10-15 16:11:41,084 [25d6372c-77fd-4a39-ac2a-e48debad48df@group-B2671EB745D2-LeaderElection67] INFO  impl.LeaderElection (LeaderElection.java:askForVotes(178)) - 25d6372c-77fd-4a39-ac2a-e48debad48df@group-B2671EB745D2-LeaderElection67: begin an election at term 70 for -1: [50423279-f647-4a18-8e85-347d68eaf856:192.168.69.88:39583, 2ec85f63-33fb-4317-9145-71357d145af9:192.168.69.88:42357, 25d6372c-77fd-4a39-ac2a-e48debad48df:192.168.69.88:39591], old=null
2019-10-15 16:11:41,086 [grpc-default-executor-2] INFO  impl.RaftServerImpl (RaftServerImpl.java:setRole(184)) - 50423279-f647-4a18-8e85-347d68eaf856@group-B2671EB745D2: changes role from  FOLLOWER to FOLLOWER at term 70 for recognizeCandidate:25d6372c-77fd-4a39-ac2a-e48debad48df
2019-10-15 16:11:41,086 [grpc-default-executor-0] INFO  impl.RaftServerImpl (RaftServerImpl.java:setRole(184)) - 2ec85f63-33fb-4317-9145-71357d145af9@group-B2671EB745D2: changes role from  FOLLOWER to FOLLOWER at term 70 for recognizeCandidate:25d6372c-77fd-4a39-ac2a-e48debad48df
2019-10-15 16:11:41,087 [grpc-default-executor-2] INFO  impl.RoleInfo (RoleInfo.java:shutdownFollowerState(121)) - 50423279-f647-4a18-8e85-347d68eaf856: shutdown FollowerState
2019-10-15 16:11:41,087 [grpc-default-executor-0] INFO  impl.RoleInfo (RoleInfo.java:shutdownFollowerState(121)) - 2ec85f63-33fb-4317-9145-71357d145af9: shutdown FollowerState
2019-10-15 16:11:41,087 [Thread-654] INFO  impl.FollowerState (FollowerState.java:run(117)) - 50423279-f647-4a18-8e85-347d68eaf856@group-B2671EB745D2-FollowerState was interrupted: java.lang.InterruptedException: sleep interrupted
2019-10-15 16:11:41,087 [grpc-default-executor-2] INFO  impl.RoleInfo (RoleInfo.java:updateAndGet(143)) - 50423279-f647-4a18-8e85-347d68eaf856: start FollowerState
2019-10-15 16:11:41,087 [Thread-655] INFO  impl.FollowerState (FollowerState.java:run(117)) - 2ec85f63-33fb-4317-9145-71357d145af9@group-B2671EB745D2-FollowerState was interrupted: java.lang.InterruptedException: sleep interrupted
2019-10-15 16:11:41,087 [grpc-default-executor-0] INFO  impl.RoleInfo (RoleInfo.java:updateAndGet(143)) - 2ec85f63-33fb-4317-9145-71357d145af9: start FollowerState
2019-10-15 16:11:41,100 [25d6372c-77fd-4a39-ac2a-e48debad48df@group-B2671EB745D2-LeaderElection67] INFO  impl.LeaderElection (LeaderElection.java:logAndReturn(56)) - 25d6372c-77fd-4a39-ac2a-e48debad48df@group-B2671EB745D2-LeaderElection67: Election REJECTED; received 2 response(s) [25d6372c-77fd-4a39-ac2a-e48debad48df<-50423279-f647-4a18-8e85-347d68eaf856#0:FAIL-t70, 25d6372c-77fd-4a39-ac2a-e48debad48df<-2ec85f63-33fb-4317-9145-71357d145af9#0:FAIL-t70] and 0 exception(s); 25d6372c-77fd-4a39-ac2a-e48debad48df@group-B2671EB745D2:t70, leader=null, voted=25d6372c-77fd-4a39-ac2a-e48debad48df, raftlog=25d6372c-77fd-4a39-ac2a-e48debad48df@group-B2671EB745D2-SegmentedRaftLog:OPENED:c-1,f-1,i0, conf=-1: [50423279-f647-4a18-8e85-347d68eaf856:192.168.69.88:39583, 2ec85f63-33fb-4317-9145-71357d145af9:192.168.69.88:42357, 25d6372c-77fd-4a39-ac2a-e48debad48df:192.168.69.88:39591], old=null
2019-10-15 16:11:41,100 [25d6372c-77fd-4a39-ac2a-e48debad48df@group-B2671EB745D2-LeaderElection67] INFO  impl.RaftServerImpl (RaftServerImpl.java:setRole(184)) - 25d6372c-77fd-4a39-ac2a-e48debad48df@group-B2671EB745D2: changes role from CANDIDATE to FOLLOWER at term 70 for DISCOVERED_A_NEW_TERM
2019-10-15 16:11:41,100 [25d6372c-77fd-4a39-ac2a-e48debad48df@group-B2671EB745D2-LeaderElection67] INFO  impl.RoleInfo (RoleInfo.java:shutdownLeaderElection(134)) - 25d6372c-77fd-4a39-ac2a-e48debad48df: shutdown LeaderElection
2019-10-15 16:11:41,100 [25d6372c-77fd-4a39-ac2a-e48debad48df@group-B2671EB745D2-LeaderElection67] INFO  impl.RoleInfo (RoleInfo.java:updateAndGet(143)) - 25d6372c-77fd-4a39-ac2a-e48debad48df: start FollowerState
2019-10-15 16:11:41,189 [Thread-662] INFO  impl.FollowerState (FollowerState.java:run(108)) - 25d6372c-77fd-4a39-ac2a-e48debad48df@group-B2671EB745D2-FollowerState: change to CANDIDATE, lastRpcTime:88ms, electionTimeout:88ms
2019-10-15 16:11:41,189 [Thread-662] INFO  impl.RoleInfo (RoleInfo.java:shutdownFollowerState(121)) - 25d6372c-77fd-4a39-ac2a-e48debad48df: shutdown FollowerState
2019-10-15 16:11:41,189 [Thread-662] INFO  impl.RaftServerImpl (RaftServerImpl.java:setRole(184)) - 25d6372c-77fd-4a39-ac2a-e48debad48df@group-B2671EB745D2: changes role from  FOLLOWER to CANDIDATE at term 70 for changeToCandidate
2019-10-15 16:11:41,189 [Thread-662] INFO  impl.RoleInfo (RoleInfo.java:updateAndGet(143)) - 25d6372c-77fd-4a39-ac2a-e48debad48df: start LeaderElection
2019-10-15 16:11:41,203 [25d6372c-77fd-4a39-ac2a-e48debad48df@group-B2671EB745D2-LeaderElection68] INFO  impl.LeaderElection (LeaderElection.java:askForVotes(178)) - 25d6372c-77fd-4a39-ac2a-e48debad48df@group-B2671EB745D2-LeaderElection68: begin an election at term 71 for -1: [50423279-f647-4a18-8e85-347d68eaf856:192.168.69.88:39583, 2ec85f63-33fb-4317-9145-71357d145af9:192.168.69.88:42357, 25d6372c-77fd-4a39-ac2a-e48debad48df:192.168.69.88:39591], old=null
2019-10-15 16:11:41,207 [grpc-default-executor-0] INFO  impl.RaftServerImpl (RaftServerImpl.java:setRole(184)) - 50423279-f647-4a18-8e85-347d68eaf856@group-B2671EB745D2: changes role from  FOLLOWER to FOLLOWER at term 71 for recognizeCandidate:25d6372c-77fd-4a39-ac2a-e48debad48df
2019-10-15 16:11:41,207 [grpc-default-executor-0] INFO  impl.RoleInfo (RoleInfo.java:shutdownFollowerState(121)) - 50423279-f647-4a18-8e85-347d68eaf856: shutdown FollowerState
2019-10-15 16:11:41,207 [grpc-default-executor-0] INFO  impl.RoleInfo (RoleInfo.java:updateAndGet(143)) - 50423279-f647-4a18-8e85-347d68eaf856: start FollowerState
2019-10-15 16:11:41,207 [Thread-660] INFO  impl.FollowerState (FollowerState.java:run(117)) - 50423279-f647-4a18-8e85-347d68eaf856@group-B2671EB745D2-FollowerState was interrupted: java.lang.InterruptedException: sleep interrupted
2019-10-15 16:11:41,207 [grpc-default-executor-2] INFO  impl.RaftServerImpl (RaftServerImpl.java:setRole(184)) - 2ec85f63-33fb-4317-9145-71357d145af9@group-B2671EB745D2: changes role from  FOLLOWER to FOLLOWER at term 71 for recognizeCandidate:25d6372c-77fd-4a39-ac2a-e48debad48df
2019-10-15 16:11:41,208 [grpc-default-executor-2] INFO  impl.RoleInfo (RoleInfo.java:shutdownFollowerState(121)) - 2ec85f63-33fb-4317-9145-71357d145af9: shutdown FollowerState
2019-10-15 16:11:41,208 [grpc-default-executor-2] INFO  impl.RoleInfo (RoleInfo.java:updateAndGet(143)) - 2ec85f63-33fb-4317-9145-71357d145af9: start FollowerState
2019-10-15 16:11:41,208 [Thread-661] INFO  impl.FollowerState (FollowerState.java:run(117)) - 2ec85f63-33fb-4317-9145-71357d145af9@group-B2671EB745D2-FollowerState was interrupted: java.lang.InterruptedException: sleep interrupted
2019-10-15 16:11:41,222 [25d6372c-77fd-4a39-ac2a-e48debad48df@group-B2671EB745D2-LeaderElection68] INFO  impl.LeaderElection (LeaderElection.java:logAndReturn(56)) - 25d6372c-77fd-4a39-ac2a-e48debad48df@group-B2671EB745D2-LeaderElection68: Election REJECTED; received 2 response(s) [25d6372c-77fd-4a39-ac2a-e48debad48df<-50423279-f647-4a18-8e85-347d68eaf856#0:FAIL-t71, 25d6372c-77fd-4a39-ac2a-e48debad48df<-2ec85f63-33fb-4317-9145-71357d145af9#0:FAIL-t71] and 0 exception(s); 25d6372c-77fd-4a39-ac2a-e48debad48df@group-B2671EB745D2:t71, leader=null, voted=25d6372c-77fd-4a39-ac2a-e48debad48df, raftlog=25d6372c-77fd-4a39-ac2a-e48debad48df@group-B2671EB745D2-SegmentedRaftLog:OPENED:c-1,f-1,i0, conf=-1: [50423279-f647-4a18-8e85-347d68eaf856:192.168.69.88:39583, 2ec85f63-33fb-4317-9145-71357d145af9:192.168.69.88:42357, 25d6372c-77fd-4a39-ac2a-e48debad48df:192.168.69.88:39591], old=null
2019-10-15 16:11:41,222 [25d6372c-77fd-4a39-ac2a-e48debad48df@group-B2671EB745D2-LeaderElection68] INFO  impl.RaftServerImpl (RaftServerImpl.java:setRole(184)) - 25d6372c-77fd-4a39-ac2a-e48debad48df@group-B2671EB745D2: changes role from CANDIDATE to FOLLOWER at term 71 for DISCOVERED_A_NEW_TERM
2019-10-15 16:11:41,223 [25d6372c-77fd-4a39-ac2a-e48debad48df@group-B2671EB745D2-LeaderElection68] INFO  impl.RoleInfo (RoleInfo.java:shutdownLeaderElection(134)) - 25d6372c-77fd-4a39-ac2a-e48debad48df: shutdown LeaderElection
2019-10-15 16:11:41,223 [25d6372c-77fd-4a39-ac2a-e48debad48df@group-B2671EB745D2-LeaderElection68] INFO  impl.RoleInfo (RoleInfo.java:updateAndGet(143)) - 25d6372c-77fd-4a39-ac2a-e48debad48df: start FollowerState
2019-10-15 16:11:41,242 [Thread-670] INFO  impl.FollowerState (FollowerState.java:run(108)) - 25d6372c-77fd-4a39-ac2a-e48debad48df@group-B2671EB745D2-FollowerState: change to CANDIDATE, lastRpcTime:19ms, electionTimeout:19ms
2019-10-15 16:11:41,242 [Thread-670] INFO  impl.RoleInfo (RoleInfo.java:shutdownFollowerState(121)) - 25d6372c-77fd-4a39-ac2a-e48debad48df: shutdown FollowerState
2019-10-15 16:11:41,242 [Thread-670] INFO  impl.RaftServerImpl (RaftServerImpl.java:setRole(184)) - 25d6372c-77fd-4a39-ac2a-e48debad48df@group-B2671EB745D2: changes role from  FOLLOWER to CANDIDATE at term 71 for changeToCandidate
2019-10-15 16:11:41,243 [Thread-670] INFO  impl.RoleInfo (RoleInfo.java:updateAndGet(143)) - 25d6372c-77fd-4a39-ac2a-e48debad48df: start LeaderElection
2019-10-15 16:11:41,247 [25d6372c-77fd-4a39-ac2a-e48debad48df@group-B2671EB745D2-LeaderElection69] INFO  impl.LeaderElection (LeaderElection.java:askForVotes(178)) - 25d6372c-77fd-4a39-ac2a-e48debad48df@group-B2671EB745D2-LeaderElection69: begin an election at term 72 for -1: [50423279-f647-4a18-8e85-347d68eaf856:192.168.69.88:39583, 2ec85f63-33fb-4317-9145-71357d145af9:192.168.69.88:42357, 25d6372c-77fd-4a39-ac2a-e48debad48df:192.168.69.88:39591], old=null
2019-10-15 16:11:41,250 [grpc-default-executor-2] INFO  impl.RaftServerImpl (RaftServerImpl.java:setRole(184)) - 50423279-f647-4a18-8e85-347d68eaf856@group-B2671EB745D2: changes role from  FOLLOWER to FOLLOWER at term 72 for recognizeCandidate:25d6372c-77fd-4a39-ac2a-e48debad48df
2019-10-15 16:11:41,250 [grpc-default-executor-0] INFO  impl.RaftServerImpl (RaftServerImpl.java:setRole(184)) - 2ec85f63-33fb-4317-9145-71357d145af9@group-B2671EB745D2: changes role from  FOLLOWER to FOLLOWER at term 72 for recognizeCandidate:25d6372c-77fd-4a39-ac2a-e48debad48df
2019-10-15 16:11:41,250 [grpc-default-executor-2] INFO  impl.RoleInfo (RoleInfo.java:shutdownFollowerState(121)) - 50423279-f647-4a18-8e85-347d68eaf856: shutdown FollowerState
2019-10-15 16:11:41,250 [grpc-default-executor-0] INFO  impl.RoleInfo (RoleInfo.java:shutdownFollowerState(121)) - 2ec85f63-33fb-4317-9145-71357d145af9: shutdown FollowerState
2019-10-15 16:11:41,250 [grpc-default-executor-2] INFO  impl.RoleInfo (RoleInfo.java:updateAndGet(143)) - 50423279-f647-4a18-8e85-347d68eaf856: start FollowerState
2019-10-15 16:11:41,250 [Thread-668] INFO  impl.FollowerState (FollowerState.java:run(117)) - 50423279-f647-4a18-8e85-347d68eaf856@group-B2671EB745D2-FollowerState was interrupted: java.lang.InterruptedException: sleep interrupted
2019-10-15 16:11:41,250 [Thread-669] INFO  impl.FollowerState (FollowerState.java:run(117)) - 2ec85f63-33fb-4317-9145-71357d145af9@group-B2671EB745D2-FollowerState was interrupted: java.lang.InterruptedException: sleep interrupted
2019-10-15 16:11:41,250 [grpc-default-executor-0] INFO  impl.RoleInfo (RoleInfo.java:updateAndGet(143)) - 2ec85f63-33fb-4317-9145-71357d145af9: start FollowerState
2019-10-15 16:11:41,258 [25d6372c-77fd-4a39-ac2a-e48debad48df@group-B2671EB745D2-LeaderElection69] INFO  impl.LeaderElection (LeaderElection.java:logAndReturn(56)) - 25d6372c-77fd-4a39-ac2a-e48debad48df@group-B2671EB745D2-LeaderElection69: Election REJECTED; received 2 response(s) [25d6372c-77fd-4a39-ac2a-e48debad48df<-2ec85f63-33fb-4317-9145-71357d145af9#0:FAIL-t72, 25d6372c-77fd-4a39-ac2a-e48debad48df<-50423279-f647-4a18-8e85-347d68eaf856#0:FAIL-t72] and 0 exception(s); 25d6372c-77fd-4a39-ac2a-e48debad48df@group-B2671EB745D2:t72, leader=null, voted=25d6372c-77fd-4a39-ac2a-e48debad48df, raftlog=25d6372c-77fd-4a39-ac2a-e48debad48df@group-B2671EB745D2-SegmentedRaftLog:OPENED:c-1,f-1,i0, conf=-1: [50423279-f647-4a18-8e85-347d68eaf856:192.168.69.88:39583, 2ec85f63-33fb-4317-9145-71357d145af9:192.168.69.88:42357, 25d6372c-77fd-4a39-ac2a-e48debad48df:192.168.69.88:39591], old=null
2019-10-15 16:11:41,258 [25d6372c-77fd-4a39-ac2a-e48debad48df@group-B2671EB745D2-LeaderElection69] INFO  impl.RaftServerImpl (RaftServerImpl.java:setRole(184)) - 25d6372c-77fd-4a39-ac2a-e48debad48df@group-B2671EB745D2: changes role from CANDIDATE to FOLLOWER at term 72 for DISCOVERED_A_NEW_TERM
2019-10-15 16:11:41,258 [25d6372c-77fd-4a39-ac2a-e48debad48df@group-B2671EB745D2-LeaderElection69] INFO  impl.RoleInfo (RoleInfo.java:shutdownLeaderElection(134)) - 25d6372c-77fd-4a39-ac2a-e48debad48df: shutdown LeaderElection
2019-10-15 16:11:41,258 [25d6372c-77fd-4a39-ac2a-e48debad48df@group-B2671EB745D2-LeaderElection69] INFO  impl.RoleInfo (RoleInfo.java:updateAndGet(143)) - 25d6372c-77fd-4a39-ac2a-e48debad48df: start FollowerState
2019-10-15 16:11:41,287 [Thread-676] INFO  impl.FollowerState (FollowerState.java:run(108)) - 25d6372c-77fd-4a39-ac2a-e48debad48df@group-B2671EB745D2-FollowerState: change to CANDIDATE, lastRpcTime:28ms, electionTimeout:28ms
2019-10-15 16:11:41,287 [Thread-676] INFO  impl.RoleInfo (RoleInfo.java:shutdownFollowerState(121)) - 25d6372c-77fd-4a39-ac2a-e48debad48df: shutdown FollowerState
2019-10-15 16:11:41,287 [Thread-676] INFO  impl.RaftServerImpl (RaftServerImpl.java:setRole(184)) - 25d6372c-77fd-4a39-ac2a-e48debad48df@group-B2671EB745D2: changes role from  FOLLOWER to CANDIDATE at term 72 for changeToCandidate
2019-10-15 16:11:41,287 [Thread-676] INFO  impl.RoleInfo (RoleInfo.java:updateAndGet(143)) - 25d6372c-77fd-4a39-ac2a-e48debad48df: start LeaderElection
2019-10-15 16:11:41,300 [25d6372c-77fd-4a39-ac2a-e48debad48df@group-B2671EB745D2-LeaderElection70] INFO  impl.LeaderElection (LeaderElection.java:askForVotes(178)) - 25d6372c-77fd-4a39-ac2a-e48debad48df@group-B2671EB745D2-LeaderElection70: begin an election at term 73 for -1: [50423279-f647-4a18-8e85-347d68eaf856:192.168.69.88:39583, 2ec85f63-33fb-4317-9145-71357d145af9:192.168.69.88:42357, 25d6372c-77fd-4a39-ac2a-e48debad48df:192.168.69.88:39591], old=null
2019-10-15 16:11:41,302 [grpc-default-executor-2] INFO  impl.RaftServerImpl (RaftServerImpl.java:setRole(184)) - 50423279-f647-4a18-8e85-347d68eaf856@group-B2671EB745D2: changes role from  FOLLOWER to FOLLOWER at term 73 for recognizeCandidate:25d6372c-77fd-4a39-ac2a-e48debad48df
2019-10-15 16:11:41,302 [grpc-default-executor-2] INFO  impl.RoleInfo (RoleInfo.java:shutdownFollowerState(121)) - 50423279-f647-4a18-8e85-347d68eaf856: shutdown FollowerState
2019-10-15 16:11:41,302 [grpc-default-executor-0] INFO  impl.RaftServerImpl (RaftServerImpl.java:setRole(184)) - 2ec85f63-33fb-4317-9145-71357d145af9@group-B2671EB745D2: changes role from  FOLLOWER to FOLLOWER at term 73 for recognizeCandidate:25d6372c-77fd-4a39-ac2a-e48debad48df
2019-10-15 16:11:41,302 [grpc-default-executor-2] INFO  impl.RoleInfo (RoleInfo.java:updateAndGet(143)) - 50423279-f647-4a18-8e85-347d68eaf856: start FollowerState
2019-10-15 16:11:41,302 [Thread-674] INFO  impl.FollowerState (FollowerState.java:run(117)) - 50423279-f647-4a18-8e85-347d68eaf856@group-B2671EB745D2-FollowerState was interrupted: java.lang.InterruptedException: sleep interrupted
2019-10-15 16:11:41,302 [grpc-default-executor-0] INFO  impl.RoleInfo (RoleInfo.java:shutdownFollowerState(121)) - 2ec85f63-33fb-4317-9145-71357d145af9: shutdown FollowerState
2019-10-15 16:11:41,303 [Thread-675] INFO  impl.FollowerState (FollowerState.java:run(117)) - 2ec85f63-33fb-4317-9145-71357d145af9@group-B2671EB745D2-FollowerState was interrupted: java.lang.InterruptedException: sleep interrupted
2019-10-15 16:11:41,303 [grpc-default-executor-0] INFO  impl.RoleInfo (RoleInfo.java:updateAndGet(143)) - 2ec85f63-33fb-4317-9145-71357d145af9: start FollowerState
2019-10-15 16:11:41,311 [25d6372c-77fd-4a39-ac2a-e48debad48df@group-B2671EB745D2-LeaderElection70] INFO  impl.LeaderElection (LeaderElection.java:logAndReturn(56)) - 25d6372c-77fd-4a39-ac2a-e48debad48df@group-B2671EB745D2-LeaderElection70: Election REJECTED; received 2 response(s) [25d6372c-77fd-4a39-ac2a-e48debad48df<-50423279-f647-4a18-8e85-347d68eaf856#0:FAIL-t73, 25d6372c-77fd-4a39-ac2a-e48debad48df<-2ec85f63-33fb-4317-9145-71357d145af9#0:FAIL-t73] and 0 exception(s); 25d6372c-77fd-4a39-ac2a-e48debad48df@group-B2671EB745D2:t73, leader=null, voted=25d6372c-77fd-4a39-ac2a-e48debad48df, raftlog=25d6372c-77fd-4a39-ac2a-e48debad48df@group-B2671EB745D2-SegmentedRaftLog:OPENED:c-1,f-1,i0, conf=-1: [50423279-f647-4a18-8e85-347d68eaf856:192.168.69.88:39583, 2ec85f63-33fb-4317-9145-71357d145af9:192.168.69.88:42357, 25d6372c-77fd-4a39-ac2a-e48debad48df:192.168.69.88:39591], old=null
2019-10-15 16:11:41,311 [25d6372c-77fd-4a39-ac2a-e48debad48df@group-B2671EB745D2-LeaderElection70] INFO  impl.RaftServerImpl (RaftServerImpl.java:setRole(184)) - 25d6372c-77fd-4a39-ac2a-e48debad48df@group-B2671EB745D2: changes role from CANDIDATE to FOLLOWER at term 73 for DISCOVERED_A_NEW_TERM
2019-10-15 16:11:41,311 [25d6372c-77fd-4a39-ac2a-e48debad48df@group-B2671EB745D2-LeaderElection70] INFO  impl.RoleInfo (RoleInfo.java:shutdownLeaderElection(134)) - 25d6372c-77fd-4a39-ac2a-e48debad48df: shutdown LeaderElection
2019-10-15 16:11:41,311 [25d6372c-77fd-4a39-ac2a-e48debad48df@group-B2671EB745D2-LeaderElection70] INFO  impl.RoleInfo (RoleInfo.java:updateAndGet(143)) - 25d6372c-77fd-4a39-ac2a-e48debad48df: start FollowerState
2019-10-15 16:11:41,315 [Thread-682] INFO  impl.FollowerState (FollowerState.java:run(108)) - 25d6372c-77fd-4a39-ac2a-e48debad48df@group-B2671EB745D2-FollowerState: change to CANDIDATE, lastRpcTime:4ms, electionTimeout:4ms
2019-10-15 16:11:41,315 [Thread-682] INFO  impl.RoleInfo (RoleInfo.java:shutdownFollowerState(121)) - 25d6372c-77fd-4a39-ac2a-e48debad48df: shutdown FollowerState
2019-10-15 16:11:41,316 [Thread-682] INFO  impl.RaftServerImpl (RaftServerImpl.java:setRole(184)) - 25d6372c-77fd-4a39-ac2a-e48debad48df@group-B2671EB745D2: changes role from  FOLLOWER to CANDIDATE at term 73 for changeToCandidate
2019-10-15 16:11:41,316 [Thread-682] INFO  impl.RoleInfo (RoleInfo.java:updateAndGet(143)) - 25d6372c-77fd-4a39-ac2a-e48debad48df: start LeaderElection
2019-10-15 16:11:41,320 [25d6372c-77fd-4a39-ac2a-e48debad48df@group-B2671EB745D2-LeaderElection71] INFO  impl.LeaderElection (LeaderElection.java:askForVotes(178)) - 25d6372c-77fd-4a39-ac2a-e48debad48df@group-B2671EB745D2-LeaderElection71: begin an election at term 74 for -1: [50423279-f647-4a18-8e85-347d68eaf856:192.168.69.88:39583, 2ec85f63-33fb-4317-9145-71357d145af9:192.168.69.88:42357, 25d6372c-77fd-4a39-ac2a-e48debad48df:192.168.69.88:39591], old=null
2019-10-15 16:11:41,322 [grpc-default-executor-0] INFO  impl.RaftServerImpl (RaftServerImpl.java:setRole(184)) - 2ec85f63-33fb-4317-9145-71357d145af9@group-B2671EB745D2: changes role from  FOLLOWER to FOLLOWER at term 74 for recognizeCandidate:25d6372c-77fd-4a39-ac2a-e48debad48df
2019-10-15 16:11:41,322 [grpc-default-executor-2] INFO  impl.RaftServerImpl (RaftServerImpl.java:setRole(184)) - 50423279-f647-4a18-8e85-347d68eaf856@group-B2671EB745D2: changes role from  FOLLOWER to FOLLOWER at term 74 for recognizeCandidate:25d6372c-77fd-4a39-ac2a-e48debad48df
2019-10-15 16:11:41,322 [grpc-default-executor-0] INFO  impl.RoleInfo (RoleInfo.java:shutdownFollowerState(121)) - 2ec85f63-33fb-4317-9145-71357d145af9: shutdown FollowerState
2019-10-15 16:11:41,322 [grpc-default-executor-2] INFO  impl.RoleInfo (RoleInfo.java:shutdownFollowerState(121)) - 50423279-f647-4a18-8e85-347d68eaf856: shutdown FollowerState
2019-10-15 16:11:41,322 [grpc-default-executor-0] INFO  impl.RoleInfo (RoleInfo.java:updateAndGet(143)) - 2ec85f63-33fb-4317-9145-71357d145af9: start FollowerState
2019-10-15 16:11:41,322 [grpc-default-executor-2] INFO  impl.RoleInfo (RoleInfo.java:updateAndGet(143)) - 50423279-f647-4a18-8e85-347d68eaf856: start FollowerState
2019-10-15 16:11:41,322 [Thread-680] INFO  impl.FollowerState (FollowerState.java:run(117)) - 50423279-f647-4a18-8e85-347d68eaf856@group-B2671EB745D2-FollowerState was interrupted: java.lang.InterruptedException: sleep interrupted
2019-10-15 16:11:41,322 [Thread-681] INFO  impl.FollowerState (FollowerState.java:run(117)) - 2ec85f63-33fb-4317-9145-71357d145af9@group-B2671EB745D2-FollowerState was interrupted: java.lang.InterruptedException: sleep interrupted
2019-10-15 16:11:41,328 [25d6372c-77fd-4a39-ac2a-e48debad48df@group-B2671EB745D2-LeaderElection71] INFO  impl.LeaderElection (LeaderElection.java:logAndReturn(56)) - 25d6372c-77fd-4a39-ac2a-e48debad48df@group-B2671EB745D2-LeaderElection71: Election REJECTED; received 2 response(s) [25d6372c-77fd-4a39-ac2a-e48debad48df<-50423279-f647-4a18-8e85-347d68eaf856#0:FAIL-t74, 25d6372c-77fd-4a39-ac2a-e48debad48df<-2ec85f63-33fb-4317-9145-71357d145af9#0:FAIL-t74] and 0 exception(s); 25d6372c-77fd-4a39-ac2a-e48debad48df@group-B2671EB745D2:t74, leader=null, voted=25d6372c-77fd-4a39-ac2a-e48debad48df, raftlog=25d6372c-77fd-4a39-ac2a-e48debad48df@group-B2671EB745D2-SegmentedRaftLog:OPENED:c-1,f-1,i0, conf=-1: [50423279-f647-4a18-8e85-347d68eaf856:192.168.69.88:39583, 2ec85f63-33fb-4317-9145-71357d145af9:192.168.69.88:42357, 25d6372c-77fd-4a39-ac2a-e48debad48df:192.168.69.88:39591], old=null
2019-10-15 16:11:41,328 [25d6372c-77fd-4a39-ac2a-e48debad48df@group-B2671EB745D2-LeaderElection71] INFO  impl.RaftServerImpl (RaftServerImpl.java:setRole(184)) - 25d6372c-77fd-4a39-ac2a-e48debad48df@group-B2671EB745D2: changes role from CANDIDATE to FOLLOWER at term 74 for DISCOVERED_A_NEW_TERM
2019-10-15 16:11:41,328 [25d6372c-77fd-4a39-ac2a-e48debad48df@group-B2671EB745D2-LeaderElection71] INFO  impl.RoleInfo (RoleInfo.java:shutdownLeaderElection(134)) - 25d6372c-77fd-4a39-ac2a-e48debad48df: shutdown LeaderElection
2019-10-15 16:11:41,328 [25d6372c-77fd-4a39-ac2a-e48debad48df@group-B2671EB745D2-LeaderElection71] INFO  impl.RoleInfo (RoleInfo.java:updateAndGet(143)) - 25d6372c-77fd-4a39-ac2a-e48debad48df: start FollowerState
2019-10-15 16:11:41,484 [Thread-688] INFO  impl.FollowerState (FollowerState.java:run(108)) - 25d6372c-77fd-4a39-ac2a-e48debad48df@group-B2671EB745D2-FollowerState: change to CANDIDATE, lastRpcTime:156ms, electionTimeout:156ms
2019-10-15 16:11:41,485 [Thread-688] INFO  impl.RoleInfo (RoleInfo.java:shutdownFollowerState(121)) - 25d6372c-77fd-4a39-ac2a-e48debad48df: shutdown FollowerState
2019-10-15 16:11:41,485 [Thread-688] INFO  impl.RaftServerImpl (RaftServerImpl.java:setRole(184)) - 25d6372c-77fd-4a39-ac2a-e48debad48df@group-B2671EB745D2: changes role from  FOLLOWER to CANDIDATE at term 74 for changeToCandidate
2019-10-15 16:11:41,485 [Thread-688] INFO  impl.RoleInfo (RoleInfo.java:updateAndGet(143)) - 25d6372c-77fd-4a39-ac2a-e48debad48df: start LeaderElection
2019-10-15 16:11:41,499 [25d6372c-77fd-4a39-ac2a-e48debad48df@group-B2671EB745D2-LeaderElection72] INFO  impl.LeaderElection (LeaderElection.java:askForVotes(178)) - 25d6372c-77fd-4a39-ac2a-e48debad48df@group-B2671EB745D2-LeaderElection72: begin an election at term 75 for -1: [50423279-f647-4a18-8e85-347d68eaf856:192.168.69.88:39583, 2ec85f63-33fb-4317-9145-71357d145af9:192.168.69.88:42357, 25d6372c-77fd-4a39-ac2a-e48debad48df:192.168.69.88:39591], old=null
2019-10-15 16:11:41,501 [grpc-default-executor-0] INFO  impl.RaftServerImpl (RaftServerImpl.java:setRole(184)) - 2ec85f63-33fb-4317-9145-71357d145af9@group-B2671EB745D2: changes role from  FOLLOWER to FOLLOWER at term 75 for recognizeCandidate:25d6372c-77fd-4a39-ac2a-e48debad48df
2019-10-15 16:11:41,501 [grpc-default-executor-2] INFO  impl.RaftServerImpl (RaftServerImpl.java:setRole(184)) - 50423279-f647-4a18-8e85-347d68eaf856@group-B2671EB745D2: changes role from  FOLLOWER to FOLLOWER at term 75 for recognizeCandidate:25d6372c-77fd-4a39-ac2a-e48debad48df
2019-10-15 16:11:41,502 [grpc-default-executor-0] INFO  impl.RoleInfo (RoleInfo.java:shutdownFollowerState(121)) - 2ec85f63-33fb-4317-9145-71357d145af9: shutdown FollowerState
2019-10-15 16:11:41,502 [grpc-default-executor-2] INFO  impl.RoleInfo (RoleInfo.java:shutdownFollowerState(121)) - 50423279-f647-4a18-8e85-347d68eaf856: shutdown FollowerState
2019-10-15 16:11:41,502 [Thread-686] INFO  impl.FollowerState (FollowerState.java:run(117)) - 2ec85f63-33fb-4317-9145-71357d145af9@group-B2671EB745D2-FollowerState was interrupted: java.lang.InterruptedException: sleep interrupted
2019-10-15 16:11:41,502 [Thread-687] INFO  impl.FollowerState (FollowerState.java:run(117)) - 50423279-f647-4a18-8e85-347d68eaf856@group-B2671EB745D2-FollowerState was interrupted: java.lang.InterruptedException: sleep interrupted
2019-10-15 16:11:41,502 [grpc-default-executor-0] INFO  impl.RoleInfo (RoleInfo.java:updateAndGet(143)) - 2ec85f63-33fb-4317-9145-71357d145af9: start FollowerState
2019-10-15 16:11:41,502 [grpc-default-executor-2] INFO  impl.RoleInfo (RoleInfo.java:updateAndGet(143)) - 50423279-f647-4a18-8e85-347d68eaf856: start FollowerState
2019-10-15 16:11:41,518 [25d6372c-77fd-4a39-ac2a-e48debad48df@group-B2671EB745D2-LeaderElection72] INFO  impl.LeaderElection (LeaderElection.java:logAndReturn(56)) - 25d6372c-77fd-4a39-ac2a-e48debad48df@group-B2671EB745D2-LeaderElection72: Election REJECTED; received 2 response(s) [25d6372c-77fd-4a39-ac2a-e48debad48df<-50423279-f647-4a18-8e85-347d68eaf856#0:FAIL-t75, 25d6372c-77fd-4a39-ac2a-e48debad48df<-2ec85f63-33fb-4317-9145-71357d145af9#0:FAIL-t75] and 0 exception(s); 25d6372c-77fd-4a39-ac2a-e48debad48df@group-B2671EB745D2:t75, leader=null, voted=25d6372c-77fd-4a39-ac2a-e48debad48df, raftlog=25d6372c-77fd-4a39-ac2a-e48debad48df@group-B2671EB745D2-SegmentedRaftLog:OPENED:c-1,f-1,i0, conf=-1: [50423279-f647-4a18-8e85-347d68eaf856:192.168.69.88:39583, 2ec85f63-33fb-4317-9145-71357d145af9:192.168.69.88:42357, 25d6372c-77fd-4a39-ac2a-e48debad48df:192.168.69.88:39591], old=null
2019-10-15 16:11:41,518 [25d6372c-77fd-4a39-ac2a-e48debad48df@group-B2671EB745D2-LeaderElection72] INFO  impl.RaftServerImpl (RaftServerImpl.java:setRole(184)) - 25d6372c-77fd-4a39-ac2a-e48debad48df@group-B2671EB745D2: changes role from CANDIDATE to FOLLOWER at term 75 for DISCOVERED_A_NEW_TERM
2019-10-15 16:11:41,518 [25d6372c-77fd-4a39-ac2a-e48debad48df@group-B2671EB745D2-LeaderElection72] INFO  impl.RoleInfo (RoleInfo.java:shutdownLeaderElection(134)) - 25d6372c-77fd-4a39-ac2a-e48debad48df: shutdown LeaderElection
2019-10-15 16:11:41,518 [25d6372c-77fd-4a39-ac2a-e48debad48df@group-B2671EB745D2-LeaderElection72] INFO  impl.RoleInfo (RoleInfo.java:updateAndGet(143)) - 25d6372c-77fd-4a39-ac2a-e48debad48df: start FollowerState
2019-10-15 16:11:41,563 [Thread-694] INFO  impl.FollowerState (FollowerState.java:run(108)) - 25d6372c-77fd-4a39-ac2a-e48debad48df@group-B2671EB745D2-FollowerState: change to CANDIDATE, lastRpcTime:45ms, electionTimeout:45ms
2019-10-15 16:11:41,564 [Thread-694] INFO  impl.RoleInfo (RoleInfo.java:shutdownFollowerState(121)) - 25d6372c-77fd-4a39-ac2a-e48debad48df: shutdown FollowerState
2019-10-15 16:11:41,564 [Thread-694] INFO  impl.RaftServerImpl (RaftServerImpl.java:setRole(184)) - 25d6372c-77fd-4a39-ac2a-e48debad48df@group-B2671EB745D2: changes role from  FOLLOWER to CANDIDATE at term 75 for changeToCandidate
2019-10-15 16:11:41,564 [Thread-694] INFO  impl.RoleInfo (RoleInfo.java:updateAndGet(143)) - 25d6372c-77fd-4a39-ac2a-e48debad48df: start LeaderElection
2019-10-15 16:11:41,569 [25d6372c-77fd-4a39-ac2a-e48debad48df@group-B2671EB745D2-LeaderElection73] INFO  impl.LeaderElection (LeaderElection.java:askForVotes(178)) - 25d6372c-77fd-4a39-ac2a-e48debad48df@group-B2671EB745D2-LeaderElection73: begin an election at term 76 for -1: [50423279-f647-4a18-8e85-347d68eaf856:192.168.69.88:39583, 2ec85f63-33fb-4317-9145-71357d145af9:192.168.69.88:42357, 25d6372c-77fd-4a39-ac2a-e48debad48df:192.168.69.88:39591], old=null
2019-10-15 16:11:41,571 [grpc-default-executor-0] INFO  impl.RaftServerImpl (RaftServerImpl.java:setRole(184)) - 50423279-f647-4a18-8e85-347d68eaf856@group-B2671EB745D2: changes role from  FOLLOWER to FOLLOWER at term 76 for recognizeCandidate:25d6372c-77fd-4a39-ac2a-e48debad48df
2019-10-15 16:11:41,571 [grpc-default-executor-0] INFO  impl.RoleInfo (RoleInfo.java:shutdownFollowerState(121)) - 50423279-f647-4a18-8e85-347d68eaf856: shutdown FollowerState
2019-10-15 16:11:41,571 [grpc-default-executor-0] INFO  impl.RoleInfo (RoleInfo.java:updateAndGet(143)) - 50423279-f647-4a18-8e85-347d68eaf856: start FollowerState
2019-10-15 16:11:41,571 [Thread-693] INFO  impl.FollowerState (FollowerState.java:run(117)) - 50423279-f647-4a18-8e85-347d68eaf856@group-B2671EB745D2-FollowerState was interrupted: java.lang.InterruptedException: sleep interrupted
2019-10-15 16:11:41,572 [grpc-default-executor-2] INFO  impl.RaftServerImpl (RaftServerImpl.java:setRole(184)) - 2ec85f63-33fb-4317-9145-71357d145af9@group-B2671EB745D2: changes role from  FOLLOWER to FOLLOWER at term 76 for recognizeCandidate:25d6372c-77fd-4a39-ac2a-e48debad48df
2019-10-15 16:11:41,572 [grpc-default-executor-2] INFO  impl.RoleInfo (RoleInfo.java:shutdownFollowerState(121)) - 2ec85f63-33fb-4317-9145-71357d145af9: shutdown FollowerState
2019-10-15 16:11:41,572 [grpc-default-executor-2] INFO  impl.RoleInfo (RoleInfo.java:updateAndGet(143)) - 2ec85f63-33fb-4317-9145-71357d145af9: start FollowerState
2019-10-15 16:11:41,572 [Thread-692] INFO  impl.FollowerState (FollowerState.java:run(117)) - 2ec85f63-33fb-4317-9145-71357d145af9@group-B2671EB745D2-FollowerState was interrupted: java.lang.InterruptedException: sleep interrupted
2019-10-15 16:11:41,579 [25d6372c-77fd-4a39-ac2a-e48debad48df@group-B2671EB745D2-LeaderElection73] INFO  impl.LeaderElection (LeaderElection.java:logAndReturn(56)) - 25d6372c-77fd-4a39-ac2a-e48debad48df@group-B2671EB745D2-LeaderElection73: Election REJECTED; received 2 response(s) [25d6372c-77fd-4a39-ac2a-e48debad48df<-50423279-f647-4a18-8e85-347d68eaf856#0:FAIL-t76, 25d6372c-77fd-4a39-ac2a-e48debad48df<-2ec85f63-33fb-4317-9145-71357d145af9#0:FAIL-t76] and 0 exception(s); 25d6372c-77fd-4a39-ac2a-e48debad48df@group-B2671EB745D2:t76, leader=null, voted=25d6372c-77fd-4a39-ac2a-e48debad48df, raftlog=25d6372c-77fd-4a39-ac2a-e48debad48df@group-B2671EB745D2-SegmentedRaftLog:OPENED:c-1,f-1,i0, conf=-1: [50423279-f647-4a18-8e85-347d68eaf856:192.168.69.88:39583, 2ec85f63-33fb-4317-9145-71357d145af9:192.168.69.88:42357, 25d6372c-77fd-4a39-ac2a-e48debad48df:192.168.69.88:39591], old=null
2019-10-15 16:11:41,579 [25d6372c-77fd-4a39-ac2a-e48debad48df@group-B2671EB745D2-LeaderElection73] INFO  impl.RaftServerImpl (RaftServerImpl.java:setRole(184)) - 25d6372c-77fd-4a39-ac2a-e48debad48df@group-B2671EB745D2: changes role from CANDIDATE to FOLLOWER at term 76 for DISCOVERED_A_NEW_TERM
2019-10-15 16:11:41,579 [25d6372c-77fd-4a39-ac2a-e48debad48df@group-B2671EB745D2-LeaderElection73] INFO  impl.RoleInfo (RoleInfo.java:shutdownLeaderElection(134)) - 25d6372c-77fd-4a39-ac2a-e48debad48df: shutdown LeaderElection
2019-10-15 16:11:41,579 [25d6372c-77fd-4a39-ac2a-e48debad48df@group-B2671EB745D2-LeaderElection73] INFO  impl.RoleInfo (RoleInfo.java:updateAndGet(143)) - 25d6372c-77fd-4a39-ac2a-e48debad48df: start FollowerState
2019-10-15 16:11:41,780 [Thread-701] INFO  impl.FollowerState (FollowerState.java:run(108)) - 25d6372c-77fd-4a39-ac2a-e48debad48df@group-B2671EB745D2-FollowerState: change to CANDIDATE, lastRpcTime:200ms, electionTimeout:200ms
2019-10-15 16:11:41,780 [Thread-701] INFO  impl.RoleInfo (RoleInfo.java:shutdownFollowerState(121)) - 25d6372c-77fd-4a39-ac2a-e48debad48df: shutdown FollowerState
2019-10-15 16:11:41,780 [Thread-701] INFO  impl.RaftServerImpl (RaftServerImpl.java:setRole(184)) - 25d6372c-77fd-4a39-ac2a-e48debad48df@group-B2671EB745D2: changes role from  FOLLOWER to CANDIDATE at term 76 for changeToCandidate
2019-10-15 16:11:41,780 [Thread-701] INFO  impl.RoleInfo (RoleInfo.java:updateAndGet(143)) - 25d6372c-77fd-4a39-ac2a-e48debad48df: start LeaderElection
2019-10-15 16:11:41,795 [25d6372c-77fd-4a39-ac2a-e48debad48df@group-B2671EB745D2-LeaderElection74] INFO  impl.LeaderElection (LeaderElection.java:askForVotes(178)) - 25d6372c-77fd-4a39-ac2a-e48debad48df@group-B2671EB745D2-LeaderElection74: begin an election at term 77 for -1: [50423279-f647-4a18-8e85-347d68eaf856:192.168.69.88:39583, 2ec85f63-33fb-4317-9145-71357d145af9:192.168.69.88:42357, 25d6372c-77fd-4a39-ac2a-e48debad48df:192.168.69.88:39591], old=null
2019-10-15 16:11:41,800 [grpc-default-executor-2] INFO  impl.RaftServerImpl (RaftServerImpl.java:setRole(184)) - 50423279-f647-4a18-8e85-347d68eaf856@group-B2671EB745D2: changes role from  FOLLOWER to FOLLOWER at term 77 for recognizeCandidate:25d6372c-77fd-4a39-ac2a-e48debad48df
2019-10-15 16:11:41,800 [grpc-default-executor-0] INFO  impl.RaftServerImpl (RaftServerImpl.java:setRole(184)) - 2ec85f63-33fb-4317-9145-71357d145af9@group-B2671EB745D2: changes role from  FOLLOWER to FOLLOWER at term 77 for recognizeCandidate:25d6372c-77fd-4a39-ac2a-e48debad48df
2019-10-15 16:11:41,800 [grpc-default-executor-2] INFO  impl.RoleInfo (RoleInfo.java:shutdownFollowerState(121)) - 50423279-f647-4a18-8e85-347d68eaf856: shutdown FollowerState
2019-10-15 16:11:41,800 [grpc-default-executor-0] INFO  impl.RoleInfo (RoleInfo.java:shutdownFollowerState(121)) - 2ec85f63-33fb-4317-9145-71357d145af9: shutdown FollowerState
2019-10-15 16:11:41,800 [Thread-699] INFO  impl.FollowerState (FollowerState.java:run(117)) - 50423279-f647-4a18-8e85-347d68eaf856@group-B2671EB745D2-FollowerState was interrupted: java.lang.InterruptedException: sleep interrupted
2019-10-15 16:11:41,800 [grpc-default-executor-0] INFO  impl.RoleInfo (RoleInfo.java:updateAndGet(143)) - 2ec85f63-33fb-4317-9145-71357d145af9: start FollowerState
2019-10-15 16:11:41,800 [grpc-default-executor-2] INFO  impl.RoleInfo (RoleInfo.java:updateAndGet(143)) - 50423279-f647-4a18-8e85-347d68eaf856: start FollowerState
2019-10-15 16:11:41,800 [Thread-700] INFO  impl.FollowerState (FollowerState.java:run(117)) - 2ec85f63-33fb-4317-9145-71357d145af9@group-B2671EB745D2-FollowerState was interrupted: java.lang.InterruptedException: sleep interrupted
2019-10-15 16:11:41,816 [25d6372c-77fd-4a39-ac2a-e48debad48df@group-B2671EB745D2-LeaderElection74] INFO  impl.LeaderElection (LeaderElection.java:logAndReturn(56)) - 25d6372c-77fd-4a39-ac2a-e48debad48df@group-B2671EB745D2-LeaderElection74: Election REJECTED; received 2 response(s) [25d6372c-77fd-4a39-ac2a-e48debad48df<-2ec85f63-33fb-4317-9145-71357d145af9#0:FAIL-t77, 25d6372c-77fd-4a39-ac2a-e48debad48df<-50423279-f647-4a18-8e85-347d68eaf856#0:FAIL-t77] and 0 exception(s); 25d6372c-77fd-4a39-ac2a-e48debad48df@group-B2671EB745D2:t77, leader=null, voted=25d6372c-77fd-4a39-ac2a-e48debad48df, raftlog=25d6372c-77fd-4a39-ac2a-e48debad48df@group-B2671EB745D2-SegmentedRaftLog:OPENED:c-1,f-1,i0, conf=-1: [50423279-f647-4a18-8e85-347d68eaf856:192.168.69.88:39583, 2ec85f63-33fb-4317-9145-71357d145af9:192.168.69.88:42357, 25d6372c-77fd-4a39-ac2a-e48debad48df:192.168.69.88:39591], old=null
2019-10-15 16:11:41,816 [25d6372c-77fd-4a39-ac2a-e48debad48df@group-B2671EB745D2-LeaderElection74] INFO  impl.RaftServerImpl (RaftServerImpl.java:setRole(184)) - 25d6372c-77fd-4a39-ac2a-e48debad48df@group-B2671EB745D2: changes role from CANDIDATE to FOLLOWER at term 77 for DISCOVERED_A_NEW_TERM
2019-10-15 16:11:41,816 [25d6372c-77fd-4a39-ac2a-e48debad48df@group-B2671EB745D2-LeaderElection74] INFO  impl.RoleInfo (RoleInfo.java:shutdownLeaderElection(134)) - 25d6372c-77fd-4a39-ac2a-e48debad48df: shutdown LeaderElection
2019-10-15 16:11:41,816 [25d6372c-77fd-4a39-ac2a-e48debad48df@group-B2671EB745D2-LeaderElection74] INFO  impl.RoleInfo (RoleInfo.java:updateAndGet(143)) - 25d6372c-77fd-4a39-ac2a-e48debad48df: start FollowerState
2019-10-15 16:11:41,941 [Thread-707] INFO  impl.FollowerState (FollowerState.java:run(108)) - 25d6372c-77fd-4a39-ac2a-e48debad48df@group-B2671EB745D2-FollowerState: change to CANDIDATE, lastRpcTime:124ms, electionTimeout:124ms
2019-10-15 16:11:41,941 [Thread-707] INFO  impl.RoleInfo (RoleInfo.java:shutdownFollowerState(121)) - 25d6372c-77fd-4a39-ac2a-e48debad48df: shutdown FollowerState
2019-10-15 16:11:41,941 [Thread-707] INFO  impl.RaftServerImpl (RaftServerImpl.java:setRole(184)) - 25d6372c-77fd-4a39-ac2a-e48debad48df@group-B2671EB745D2: changes role from  FOLLOWER to CANDIDATE at term 77 for changeToCandidate
2019-10-15 16:11:41,941 [Thread-707] INFO  impl.RoleInfo (RoleInfo.java:updateAndGet(143)) - 25d6372c-77fd-4a39-ac2a-e48debad48df: start LeaderElection
2019-10-15 16:11:41,960 [25d6372c-77fd-4a39-ac2a-e48debad48df@group-B2671EB745D2-LeaderElection75] INFO  impl.LeaderElection (LeaderElection.java:askForVotes(178)) - 25d6372c-77fd-4a39-ac2a-e48debad48df@group-B2671EB745D2-LeaderElection75: begin an election at term 78 for -1: [50423279-f647-4a18-8e85-347d68eaf856:192.168.69.88:39583, 2ec85f63-33fb-4317-9145-71357d145af9:192.168.69.88:42357, 25d6372c-77fd-4a39-ac2a-e48debad48df:192.168.69.88:39591], old=null
2019-10-15 16:11:41,963 [grpc-default-executor-0] INFO  impl.RaftServerImpl (RaftServerImpl.java:setRole(184)) - 2ec85f63-33fb-4317-9145-71357d145af9@group-B2671EB745D2: changes role from  FOLLOWER to FOLLOWER at term 78 for recognizeCandidate:25d6372c-77fd-4a39-ac2a-e48debad48df
2019-10-15 16:11:41,963 [grpc-default-executor-0] INFO  impl.RoleInfo (RoleInfo.java:shutdownFollowerState(121)) - 2ec85f63-33fb-4317-9145-71357d145af9: shutdown FollowerState
2019-10-15 16:11:41,963 [grpc-default-executor-2] INFO  impl.RaftServerImpl (RaftServerImpl.java:setRole(184)) - 50423279-f647-4a18-8e85-347d68eaf856@group-B2671EB745D2: changes role from  FOLLOWER to FOLLOWER at term 78 for recognizeCandidate:25d6372c-77fd-4a39-ac2a-e48debad48df
2019-10-15 16:11:41,963 [grpc-default-executor-0] INFO  impl.RoleInfo (RoleInfo.java:updateAndGet(143)) - 2ec85f63-33fb-4317-9145-71357d145af9: start FollowerState
2019-10-15 16:11:41,963 [Thread-706] INFO  impl.FollowerState (FollowerState.java:run(117)) - 2ec85f63-33fb-4317-9145-71357d145af9@group-B2671EB745D2-FollowerState was interrupted: java.lang.InterruptedException: sleep interrupted
2019-10-15 16:11:41,964 [grpc-default-executor-2] INFO  impl.RoleInfo (RoleInfo.java:shutdownFollowerState(121)) - 50423279-f647-4a18-8e85-347d68eaf856: shutdown FollowerState
2019-10-15 16:11:41,964 [grpc-default-executor-2] INFO  impl.RoleInfo (RoleInfo.java:updateAndGet(143)) - 50423279-f647-4a18-8e85-347d68eaf856: start FollowerState
2019-10-15 16:11:41,964 [Thread-705] INFO  impl.FollowerState (FollowerState.java:run(117)) - 50423279-f647-4a18-8e85-347d68eaf856@group-B2671EB745D2-FollowerState was interrupted: java.lang.InterruptedException: sleep interrupted
2019-10-15 16:11:41,978 [25d6372c-77fd-4a39-ac2a-e48debad48df@group-B2671EB745D2-LeaderElection75] INFO  impl.LeaderElection (LeaderElection.java:logAndReturn(56)) - 25d6372c-77fd-4a39-ac2a-e48debad48df@group-B2671EB745D2-LeaderElection75: Election REJECTED; received 2 response(s) [25d6372c-77fd-4a39-ac2a-e48debad48df<-50423279-f647-4a18-8e85-347d68eaf856#0:FAIL-t78, 25d6372c-77fd-4a39-ac2a-e48debad48df<-2ec85f63-33fb-4317-9145-71357d145af9#0:FAIL-t78] and 0 exception(s); 25d6372c-77fd-4a39-ac2a-e48debad48df@group-B2671EB745D2:t78, leader=null, voted=25d6372c-77fd-4a39-ac2a-e48debad48df, raftlog=25d6372c-77fd-4a39-ac2a-e48debad48df@group-B2671EB745D2-SegmentedRaftLog:OPENED:c-1,f-1,i0, conf=-1: [50423279-f647-4a18-8e85-347d68eaf856:192.168.69.88:39583, 2ec85f63-33fb-4317-9145-71357d145af9:192.168.69.88:42357, 25d6372c-77fd-4a39-ac2a-e48debad48df:192.168.69.88:39591], old=null
2019-10-15 16:11:41,979 [25d6372c-77fd-4a39-ac2a-e48debad48df@group-B2671EB745D2-LeaderElection75] INFO  impl.RaftServerImpl (RaftServerImpl.java:setRole(184)) - 25d6372c-77fd-4a39-ac2a-e48debad48df@group-B2671EB745D2: changes role from CANDIDATE to FOLLOWER at term 78 for DISCOVERED_A_NEW_TERM
2019-10-15 16:11:41,979 [25d6372c-77fd-4a39-ac2a-e48debad48df@group-B2671EB745D2-LeaderElection75] INFO  impl.RoleInfo (RoleInfo.java:shutdownLeaderElection(134)) - 25d6372c-77fd-4a39-ac2a-e48debad48df: shutdown LeaderElection
2019-10-15 16:11:41,979 [25d6372c-77fd-4a39-ac2a-e48debad48df@group-B2671EB745D2-LeaderElection75] INFO  impl.RoleInfo (RoleInfo.java:updateAndGet(143)) - 25d6372c-77fd-4a39-ac2a-e48debad48df: start FollowerState
2019-10-15 16:11:42,035 [Thread-713] INFO  impl.FollowerState (FollowerState.java:run(108)) - 25d6372c-77fd-4a39-ac2a-e48debad48df@group-B2671EB745D2-FollowerState: change to CANDIDATE, lastRpcTime:56ms, electionTimeout:56ms
2019-10-15 16:11:42,036 [Thread-713] INFO  impl.RoleInfo (RoleInfo.java:shutdownFollowerState(121)) - 25d6372c-77fd-4a39-ac2a-e48debad48df: shutdown FollowerState
2019-10-15 16:11:42,036 [Thread-713] INFO  impl.RaftServerImpl (RaftServerImpl.java:setRole(184)) - 25d6372c-77fd-4a39-ac2a-e48debad48df@group-B2671EB745D2: changes role from  FOLLOWER to CANDIDATE at term 78 for changeToCandidate
2019-10-15 16:11:42,036 [Thread-713] INFO  impl.RoleInfo (RoleInfo.java:updateAndGet(143)) - 25d6372c-77fd-4a39-ac2a-e48debad48df: start LeaderElection
2019-10-15 16:11:42,049 [25d6372c-77fd-4a39-ac2a-e48debad48df@group-B2671EB745D2-LeaderElection76] INFO  impl.LeaderElection (LeaderElection.java:askForVotes(178)) - 25d6372c-77fd-4a39-ac2a-e48debad48df@group-B2671EB745D2-LeaderElection76: begin an election at term 79 for -1: [50423279-f647-4a18-8e85-347d68eaf856:192.168.69.88:39583, 2ec85f63-33fb-4317-9145-71357d145af9:192.168.69.88:42357, 25d6372c-77fd-4a39-ac2a-e48debad48df:192.168.69.88:39591], old=null
2019-10-15 16:11:42,051 [grpc-default-executor-2] INFO  impl.RaftServerImpl (RaftServerImpl.java:setRole(184)) - 50423279-f647-4a18-8e85-347d68eaf856@group-B2671EB745D2: changes role from  FOLLOWER to FOLLOWER at term 79 for recognizeCandidate:25d6372c-77fd-4a39-ac2a-e48debad48df
2019-10-15 16:11:42,051 [grpc-default-executor-0] INFO  impl.RaftServerImpl (RaftServerImpl.java:setRole(184)) - 2ec85f63-33fb-4317-9145-71357d145af9@group-B2671EB745D2: changes role from  FOLLOWER to FOLLOWER at term 79 for recognizeCandidate:25d6372c-77fd-4a39-ac2a-e48debad48df
2019-10-15 16:11:42,051 [grpc-default-executor-2] INFO  impl.RoleInfo (RoleInfo.java:shutdownFollowerState(121)) - 50423279-f647-4a18-8e85-347d68eaf856: shutdown FollowerState
2019-10-15 16:11:42,051 [grpc-default-executor-0] INFO  impl.RoleInfo (RoleInfo.java:shutdownFollowerState(121)) - 2ec85f63-33fb-4317-9145-71357d145af9: shutdown FollowerState
2019-10-15 16:11:42,052 [Thread-712] INFO  impl.FollowerState (FollowerState.java:run(117)) - 50423279-f647-4a18-8e85-347d68eaf856@group-B2671EB745D2-FollowerState was interrupted: java.lang.InterruptedException: sleep interrupted
2019-10-15 16:11:42,052 [grpc-default-executor-2] INFO  impl.RoleInfo (RoleInfo.java:updateAndGet(143)) - 50423279-f647-4a18-8e85-347d68eaf856: start FollowerState
2019-10-15 16:11:42,052 [Thread-711] INFO  impl.FollowerState (FollowerState.java:run(117)) - 2ec85f63-33fb-4317-9145-71357d145af9@group-B2671EB745D2-FollowerState was interrupted: java.lang.InterruptedException: sleep interrupted
2019-10-15 16:11:42,052 [grpc-default-executor-0] INFO  impl.RoleInfo (RoleInfo.java:updateAndGet(143)) - 2ec85f63-33fb-4317-9145-71357d145af9: start FollowerState
2019-10-15 16:11:42,057 [25d6372c-77fd-4a39-ac2a-e48debad48df@group-B2671EB745D2-LeaderElection76] INFO  impl.LeaderElection (LeaderElection.java:logAndReturn(56)) - 25d6372c-77fd-4a39-ac2a-e48debad48df@group-B2671EB745D2-LeaderElection76: Election REJECTED; received 2 response(s) [25d6372c-77fd-4a39-ac2a-e48debad48df<-50423279-f647-4a18-8e85-347d68eaf856#0:FAIL-t79, 25d6372c-77fd-4a39-ac2a-e48debad48df<-2ec85f63-33fb-4317-9145-71357d145af9#0:FAIL-t79] and 0 exception(s); 25d6372c-77fd-4a39-ac2a-e48debad48df@group-B2671EB745D2:t79, leader=null, voted=25d6372c-77fd-4a39-ac2a-e48debad48df, raftlog=25d6372c-77fd-4a39-ac2a-e48debad48df@group-B2671EB745D2-SegmentedRaftLog:OPENED:c-1,f-1,i0, conf=-1: [50423279-f647-4a18-8e85-347d68eaf856:192.168.69.88:39583, 2ec85f63-33fb-4317-9145-71357d145af9:192.168.69.88:42357, 25d6372c-77fd-4a39-ac2a-e48debad48df:192.168.69.88:39591], old=null
2019-10-15 16:11:42,057 [25d6372c-77fd-4a39-ac2a-e48debad48df@group-B2671EB745D2-LeaderElection76] INFO  impl.RaftServerImpl (RaftServerImpl.java:setRole(184)) - 25d6372c-77fd-4a39-ac2a-e48debad48df@group-B2671EB745D2: changes role from CANDIDATE to FOLLOWER at term 79 for DISCOVERED_A_NEW_TERM
2019-10-15 16:11:42,057 [25d6372c-77fd-4a39-ac2a-e48debad48df@group-B2671EB745D2-LeaderElection76] INFO  impl.RoleInfo (RoleInfo.java:shutdownLeaderElection(134)) - 25d6372c-77fd-4a39-ac2a-e48debad48df: shutdown LeaderElection
2019-10-15 16:11:42,057 [25d6372c-77fd-4a39-ac2a-e48debad48df@group-B2671EB745D2-LeaderElection76] INFO  impl.RoleInfo (RoleInfo.java:updateAndGet(143)) - 25d6372c-77fd-4a39-ac2a-e48debad48df: start FollowerState
2019-10-15 16:11:42,094 [Thread-719] INFO  impl.FollowerState (FollowerState.java:run(108)) - 25d6372c-77fd-4a39-ac2a-e48debad48df@group-B2671EB745D2-FollowerState: change to CANDIDATE, lastRpcTime:36ms, electionTimeout:36ms
2019-10-15 16:11:42,094 [Thread-719] INFO  impl.RoleInfo (RoleInfo.java:shutdownFollowerState(121)) - 25d6372c-77fd-4a39-ac2a-e48debad48df: shutdown FollowerState
2019-10-15 16:11:42,094 [Thread-719] INFO  impl.RaftServerImpl (RaftServerImpl.java:setRole(184)) - 25d6372c-77fd-4a39-ac2a-e48debad48df@group-B2671EB745D2: changes role from  FOLLOWER to CANDIDATE at term 79 for changeToCandidate
2019-10-15 16:11:42,094 [Thread-719] INFO  impl.RoleInfo (RoleInfo.java:updateAndGet(143)) - 25d6372c-77fd-4a39-ac2a-e48debad48df: start LeaderElection
2019-10-15 16:11:42,099 [25d6372c-77fd-4a39-ac2a-e48debad48df@group-B2671EB745D2-LeaderElection77] INFO  impl.LeaderElection (LeaderElection.java:askForVotes(178)) - 25d6372c-77fd-4a39-ac2a-e48debad48df@group-B2671EB745D2-LeaderElection77: begin an election at term 80 for -1: [50423279-f647-4a18-8e85-347d68eaf856:192.168.69.88:39583, 2ec85f63-33fb-4317-9145-71357d145af9:192.168.69.88:42357, 25d6372c-77fd-4a39-ac2a-e48debad48df:192.168.69.88:39591], old=null
2019-10-15 16:11:42,102 [grpc-default-executor-2] INFO  impl.RaftServerImpl (RaftServerImpl.java:setRole(184)) - 50423279-f647-4a18-8e85-347d68eaf856@group-B2671EB745D2: changes role from  FOLLOWER to FOLLOWER at term 80 for recognizeCandidate:25d6372c-77fd-4a39-ac2a-e48debad48df
2019-10-15 16:11:42,102 [grpc-default-executor-0] INFO  impl.RaftServerImpl (RaftServerImpl.java:setRole(184)) - 2ec85f63-33fb-4317-9145-71357d145af9@group-B2671EB745D2: changes role from  FOLLOWER to FOLLOWER at term 80 for recognizeCandidate:25d6372c-77fd-4a39-ac2a-e48debad48df
2019-10-15 16:11:42,102 [grpc-default-executor-2] INFO  impl.RoleInfo (RoleInfo.java:shutdownFollowerState(121)) - 50423279-f647-4a18-8e85-347d68eaf856: shutdown FollowerState
2019-10-15 16:11:42,102 [grpc-default-executor-0] INFO  impl.RoleInfo (RoleInfo.java:shutdownFollowerState(121)) - 2ec85f63-33fb-4317-9145-71357d145af9: shutdown FollowerState
2019-10-15 16:11:42,102 [Thread-717] INFO  impl.FollowerState (FollowerState.java:run(117)) - 50423279-f647-4a18-8e85-347d68eaf856@group-B2671EB745D2-FollowerState was interrupted: java.lang.InterruptedException: sleep interrupted
2019-10-15 16:11:42,102 [grpc-default-executor-0] INFO  impl.RoleInfo (RoleInfo.java:updateAndGet(143)) - 2ec85f63-33fb-4317-9145-71357d145af9: start FollowerState
2019-10-15 16:11:42,102 [grpc-default-executor-2] INFO  impl.RoleInfo (RoleInfo.java:updateAndGet(143)) - 50423279-f647-4a18-8e85-347d68eaf856: start FollowerState
2019-10-15 16:11:42,102 [Thread-718] INFO  impl.FollowerState (FollowerState.java:run(117)) - 2ec85f63-33fb-4317-9145-71357d145af9@group-B2671EB745D2-FollowerState was interrupted: java.lang.InterruptedException: sleep interrupted
2019-10-15 16:11:42,109 [25d6372c-77fd-4a39-ac2a-e48debad48df@group-B2671EB745D2-LeaderElection77] INFO  impl.LeaderElection (LeaderElection.java:logAndReturn(56)) - 25d6372c-77fd-4a39-ac2a-e48debad48df@group-B2671EB745D2-LeaderElection77: Election REJECTED; received 2 response(s) [25d6372c-77fd-4a39-ac2a-e48debad48df<-2ec85f63-33fb-4317-9145-71357d145af9#0:FAIL-t80, 25d6372c-77fd-4a39-ac2a-e48debad48df<-50423279-f647-4a18-8e85-347d68eaf856#0:FAIL-t80] and 0 exception(s); 25d6372c-77fd-4a39-ac2a-e48debad48df@group-B2671EB745D2:t80, leader=null, voted=25d6372c-77fd-4a39-ac2a-e48debad48df, raftlog=25d6372c-77fd-4a39-ac2a-e48debad48df@group-B2671EB745D2-SegmentedRaftLog:OPENED:c-1,f-1,i0, conf=-1: [50423279-f647-4a18-8e85-347d68eaf856:192.168.69.88:39583, 2ec85f63-33fb-4317-9145-71357d145af9:192.168.69.88:42357, 25d6372c-77fd-4a39-ac2a-e48debad48df:192.168.69.88:39591], old=null
2019-10-15 16:11:42,109 [25d6372c-77fd-4a39-ac2a-e48debad48df@group-B2671EB745D2-LeaderElection77] INFO  impl.RaftServerImpl (RaftServerImpl.java:setRole(184)) - 25d6372c-77fd-4a39-ac2a-e48debad48df@group-B2671EB745D2: changes role from CANDIDATE to FOLLOWER at term 80 for DISCOVERED_A_NEW_TERM
2019-10-15 16:11:42,109 [25d6372c-77fd-4a39-ac2a-e48debad48df@group-B2671EB745D2-LeaderElection77] INFO  impl.RoleInfo (RoleInfo.java:shutdownLeaderElection(134)) - 25d6372c-77fd-4a39-ac2a-e48debad48df: shutdown LeaderElection
2019-10-15 16:11:42,109 [25d6372c-77fd-4a39-ac2a-e48debad48df@group-B2671EB745D2-LeaderElection77] INFO  impl.RoleInfo (RoleInfo.java:updateAndGet(143)) - 25d6372c-77fd-4a39-ac2a-e48debad48df: start FollowerState
2019-10-15 16:11:42,232 [Thread-725] INFO  impl.FollowerState (FollowerState.java:run(108)) - 25d6372c-77fd-4a39-ac2a-e48debad48df@group-B2671EB745D2-FollowerState: change to CANDIDATE, lastRpcTime:123ms, electionTimeout:123ms
2019-10-15 16:11:42,233 [Thread-725] INFO  impl.RoleInfo (RoleInfo.java:shutdownFollowerState(121)) - 25d6372c-77fd-4a39-ac2a-e48debad48df: shutdown FollowerState
2019-10-15 16:11:42,233 [Thread-725] INFO  impl.RaftServerImpl (RaftServerImpl.java:setRole(184)) - 25d6372c-77fd-4a39-ac2a-e48debad48df@group-B2671EB745D2: changes role from  FOLLOWER to CANDIDATE at term 80 for changeToCandidate
2019-10-15 16:11:42,233 [Thread-725] INFO  impl.RoleInfo (RoleInfo.java:updateAndGet(143)) - 25d6372c-77fd-4a39-ac2a-e48debad48df: start LeaderElection
2019-10-15 16:11:42,238 [25d6372c-77fd-4a39-ac2a-e48debad48df@group-B2671EB745D2-LeaderElection78] INFO  impl.LeaderElection (LeaderElection.java:askForVotes(178)) - 25d6372c-77fd-4a39-ac2a-e48debad48df@group-B2671EB745D2-LeaderElection78: begin an election at term 81 for -1: [50423279-f647-4a18-8e85-347d68eaf856:192.168.69.88:39583, 2ec85f63-33fb-4317-9145-71357d145af9:192.168.69.88:42357, 25d6372c-77fd-4a39-ac2a-e48debad48df:192.168.69.88:39591], old=null
2019-10-15 16:11:42,240 [grpc-default-executor-0] INFO  impl.RaftServerImpl (RaftServerImpl.java:setRole(184)) - 50423279-f647-4a18-8e85-347d68eaf856@group-B2671EB745D2: changes role from  FOLLOWER to FOLLOWER at term 81 for recognizeCandidate:25d6372c-77fd-4a39-ac2a-e48debad48df
2019-10-15 16:11:42,240 [grpc-default-executor-2] INFO  impl.RaftServerImpl (RaftServerImpl.java:setRole(184)) - 2ec85f63-33fb-4317-9145-71357d145af9@group-B2671EB745D2: changes role from  FOLLOWER to FOLLOWER at term 81 for recognizeCandidate:25d6372c-77fd-4a39-ac2a-e48debad48df
2019-10-15 16:11:42,240 [grpc-default-executor-0] INFO  impl.RoleInfo (RoleInfo.java:shutdownFollowerState(121)) - 50423279-f647-4a18-8e85-347d68eaf856: shutdown FollowerState
2019-10-15 16:11:42,240 [grpc-default-executor-2] INFO  impl.RoleInfo (RoleInfo.java:shutdownFollowerState(121)) - 2ec85f63-33fb-4317-9145-71357d145af9: shutdown FollowerState
2019-10-15 16:11:42,240 [grpc-default-executor-0] INFO  impl.RoleInfo (RoleInfo.java:updateAndGet(143)) - 50423279-f647-4a18-8e85-347d68eaf856: start FollowerState
2019-10-15 16:11:42,241 [Thread-724] INFO  impl.FollowerState (FollowerState.java:run(117)) - 2ec85f63-33fb-4317-9145-71357d145af9@group-B2671EB745D2-FollowerState was interrupted: java.lang.InterruptedException: sleep interrupted
2019-10-15 16:11:42,241 [grpc-default-executor-2] INFO  impl.RoleInfo (RoleInfo.java:updateAndGet(143)) - 2ec85f63-33fb-4317-9145-71357d145af9: start FollowerState
2019-10-15 16:11:42,240 [Thread-723] INFO  impl.FollowerState (FollowerState.java:run(117)) - 50423279-f647-4a18-8e85-347d68eaf856@group-B2671EB745D2-FollowerState was interrupted: java.lang.InterruptedException: sleep interrupted
2019-10-15 16:11:42,260 [25d6372c-77fd-4a39-ac2a-e48debad48df@group-B2671EB745D2-LeaderElection78] INFO  impl.LeaderElection (LeaderElection.java:logAndReturn(56)) - 25d6372c-77fd-4a39-ac2a-e48debad48df@group-B2671EB745D2-LeaderElection78: Election REJECTED; received 2 response(s) [25d6372c-77fd-4a39-ac2a-e48debad48df<-2ec85f63-33fb-4317-9145-71357d145af9#0:FAIL-t81, 25d6372c-77fd-4a39-ac2a-e48debad48df<-50423279-f647-4a18-8e85-347d68eaf856#0:FAIL-t81] and 0 exception(s); 25d6372c-77fd-4a39-ac2a-e48debad48df@group-B2671EB745D2:t81, leader=null, voted=25d6372c-77fd-4a39-ac2a-e48debad48df, raftlog=25d6372c-77fd-4a39-ac2a-e48debad48df@group-B2671EB745D2-SegmentedRaftLog:OPENED:c-1,f-1,i0, conf=-1: [50423279-f647-4a18-8e85-347d68eaf856:192.168.69.88:39583, 2ec85f63-33fb-4317-9145-71357d145af9:192.168.69.88:42357, 25d6372c-77fd-4a39-ac2a-e48debad48df:192.168.69.88:39591], old=null
2019-10-15 16:11:42,260 [25d6372c-77fd-4a39-ac2a-e48debad48df@group-B2671EB745D2-LeaderElection78] INFO  impl.RaftServerImpl (RaftServerImpl.java:setRole(184)) - 25d6372c-77fd-4a39-ac2a-e48debad48df@group-B2671EB745D2: changes role from CANDIDATE to FOLLOWER at term 81 for DISCOVERED_A_NEW_TERM
2019-10-15 16:11:42,260 [25d6372c-77fd-4a39-ac2a-e48debad48df@group-B2671EB745D2-LeaderElection78] INFO  impl.RoleInfo (RoleInfo.java:shutdownLeaderElection(134)) - 25d6372c-77fd-4a39-ac2a-e48debad48df: shutdown LeaderElection
2019-10-15 16:11:42,260 [25d6372c-77fd-4a39-ac2a-e48debad48df@group-B2671EB745D2-LeaderElection78] INFO  impl.RoleInfo (RoleInfo.java:updateAndGet(143)) - 25d6372c-77fd-4a39-ac2a-e48debad48df: start FollowerState
2019-10-15 16:11:42,450 [Thread-733] INFO  impl.FollowerState (FollowerState.java:run(108)) - 25d6372c-77fd-4a39-ac2a-e48debad48df@group-B2671EB745D2-FollowerState: change to CANDIDATE, lastRpcTime:189ms, electionTimeout:189ms
2019-10-15 16:11:42,450 [Thread-733] INFO  impl.RoleInfo (RoleInfo.java:shutdownFollowerState(121)) - 25d6372c-77fd-4a39-ac2a-e48debad48df: shutdown FollowerState
2019-10-15 16:11:42,450 [Thread-733] INFO  impl.RaftServerImpl (RaftServerImpl.java:setRole(184)) - 25d6372c-77fd-4a39-ac2a-e48debad48df@group-B2671EB745D2: changes role from  FOLLOWER to CANDIDATE at term 81 for changeToCandidate
2019-10-15 16:11:42,450 [Thread-733] INFO  impl.RoleInfo (RoleInfo.java:updateAndGet(143)) - 25d6372c-77fd-4a39-ac2a-e48debad48df: start LeaderElection
2019-10-15 16:11:42,464 [25d6372c-77fd-4a39-ac2a-e48debad48df@group-B2671EB745D2-LeaderElection79] INFO  impl.LeaderElection (LeaderElection.java:askForVotes(178)) - 25d6372c-77fd-4a39-ac2a-e48debad48df@group-B2671EB745D2-LeaderElection79: begin an election at term 82 for -1: [50423279-f647-4a18-8e85-347d68eaf856:192.168.69.88:39583, 2ec85f63-33fb-4317-9145-71357d145af9:192.168.69.88:42357, 25d6372c-77fd-4a39-ac2a-e48debad48df:192.168.69.88:39591], old=null
2019-10-15 16:11:42,466 [grpc-default-executor-2] INFO  impl.RaftServerImpl (RaftServerImpl.java:setRole(184)) - 2ec85f63-33fb-4317-9145-71357d145af9@group-B2671EB745D2: changes role from  FOLLOWER to FOLLOWER at term 82 for recognizeCandidate:25d6372c-77fd-4a39-ac2a-e48debad48df
2019-10-15 16:11:42,466 [grpc-default-executor-0] INFO  impl.RaftServerImpl (RaftServerImpl.java:setRole(184)) - 50423279-f647-4a18-8e85-347d68eaf856@group-B2671EB745D2: changes role from  FOLLOWER to FOLLOWER at term 82 for recognizeCandidate:25d6372c-77fd-4a39-ac2a-e48debad48df
2019-10-15 16:11:42,467 [grpc-default-executor-2] INFO  impl.RoleInfo (RoleInfo.java:shutdownFollowerState(121)) - 2ec85f63-33fb-4317-9145-71357d145af9: shutdown FollowerState
2019-10-15 16:11:42,467 [grpc-default-executor-0] INFO  impl.RoleInfo (RoleInfo.java:shutdownFollowerState(121)) - 50423279-f647-4a18-8e85-347d68eaf856: shutdown FollowerState
2019-10-15 16:11:42,467 [Thread-732] INFO  impl.FollowerState (FollowerState.java:run(117)) - 2ec85f63-33fb-4317-9145-71357d145af9@group-B2671EB745D2-FollowerState was interrupted: java.lang.InterruptedException: sleep interrupted
2019-10-15 16:11:42,467 [grpc-default-executor-2] INFO  impl.RoleInfo (RoleInfo.java:updateAndGet(143)) - 2ec85f63-33fb-4317-9145-71357d145af9: start FollowerState
2019-10-15 16:11:42,467 [Thread-731] INFO  impl.FollowerState (FollowerState.java:run(117)) - 50423279-f647-4a18-8e85-347d68eaf856@group-B2671EB745D2-FollowerState was interrupted: java.lang.InterruptedException: sleep interrupted
2019-10-15 16:11:42,467 [grpc-default-executor-0] INFO  impl.RoleInfo (RoleInfo.java:updateAndGet(143)) - 50423279-f647-4a18-8e85-347d68eaf856: start FollowerState
2019-10-15 16:11:42,482 [25d6372c-77fd-4a39-ac2a-e48debad48df@group-B2671EB745D2-LeaderElection79] INFO  impl.LeaderElection (LeaderElection.java:logAndReturn(56)) - 25d6372c-77fd-4a39-ac2a-e48debad48df@group-B2671EB745D2-LeaderElection79: Election REJECTED; received 2 response(s) [25d6372c-77fd-4a39-ac2a-e48debad48df<-50423279-f647-4a18-8e85-347d68eaf856#0:FAIL-t82, 25d6372c-77fd-4a39-ac2a-e48debad48df<-2ec85f63-33fb-4317-9145-71357d145af9#0:FAIL-t82] and 0 exception(s); 25d6372c-77fd-4a39-ac2a-e48debad48df@group-B2671EB745D2:t82, leader=null, voted=25d6372c-77fd-4a39-ac2a-e48debad48df, raftlog=25d6372c-77fd-4a39-ac2a-e48debad48df@group-B2671EB745D2-SegmentedRaftLog:OPENED:c-1,f-1,i0, conf=-1: [50423279-f647-4a18-8e85-347d68eaf856:192.168.69.88:39583, 2ec85f63-33fb-4317-9145-71357d145af9:192.168.69.88:42357, 25d6372c-77fd-4a39-ac2a-e48debad48df:192.168.69.88:39591], old=null
2019-10-15 16:11:42,482 [25d6372c-77fd-4a39-ac2a-e48debad48df@group-B2671EB745D2-LeaderElection79] INFO  impl.RaftServerImpl (RaftServerImpl.java:setRole(184)) - 25d6372c-77fd-4a39-ac2a-e48debad48df@group-B2671EB745D2: changes role from CANDIDATE to FOLLOWER at term 82 for DISCOVERED_A_NEW_TERM
2019-10-15 16:11:42,482 [25d6372c-77fd-4a39-ac2a-e48debad48df@group-B2671EB745D2-LeaderElection79] INFO  impl.RoleInfo (RoleInfo.java:shutdownLeaderElection(134)) - 25d6372c-77fd-4a39-ac2a-e48debad48df: shutdown LeaderElection
2019-10-15 16:11:42,482 [25d6372c-77fd-4a39-ac2a-e48debad48df@group-B2671EB745D2-LeaderElection79] INFO  impl.RoleInfo (RoleInfo.java:updateAndGet(143)) - 25d6372c-77fd-4a39-ac2a-e48debad48df: start FollowerState
2019-10-15 16:11:42,671 [Thread-739] INFO  impl.FollowerState (FollowerState.java:run(108)) - 25d6372c-77fd-4a39-ac2a-e48debad48df@group-B2671EB745D2-FollowerState: change to CANDIDATE, lastRpcTime:188ms, electionTimeout:188ms
2019-10-15 16:11:42,671 [Thread-739] INFO  impl.RoleInfo (RoleInfo.java:shutdownFollowerState(121)) - 25d6372c-77fd-4a39-ac2a-e48debad48df: shutdown FollowerState
2019-10-15 16:11:42,671 [Thread-739] INFO  impl.RaftServerImpl (RaftServerImpl.java:setRole(184)) - 25d6372c-77fd-4a39-ac2a-e48debad48df@group-B2671EB745D2: changes role from  FOLLOWER to CANDIDATE at term 82 for changeToCandidate
2019-10-15 16:11:42,671 [Thread-739] INFO  impl.RoleInfo (RoleInfo.java:updateAndGet(143)) - 25d6372c-77fd-4a39-ac2a-e48debad48df: start LeaderElection
2019-10-15 16:11:42,685 [25d6372c-77fd-4a39-ac2a-e48debad48df@group-B2671EB745D2-LeaderElection80] INFO  impl.LeaderElection (LeaderElection.java:askForVotes(178)) - 25d6372c-77fd-4a39-ac2a-e48debad48df@group-B2671EB745D2-LeaderElection80: begin an election at term 83 for -1: [50423279-f647-4a18-8e85-347d68eaf856:192.168.69.88:39583, 2ec85f63-33fb-4317-9145-71357d145af9:192.168.69.88:42357, 25d6372c-77fd-4a39-ac2a-e48debad48df:192.168.69.88:39591], old=null
2019-10-15 16:11:42,688 [grpc-default-executor-0] INFO  impl.RaftServerImpl (RaftServerImpl.java:setRole(184)) - 2ec85f63-33fb-4317-9145-71357d145af9@group-B2671EB745D2: changes role from  FOLLOWER to FOLLOWER at term 83 for recognizeCandidate:25d6372c-77fd-4a39-ac2a-e48debad48df
2019-10-15 16:11:42,688 [grpc-default-executor-2] INFO  impl.RaftServerImpl (RaftServerImpl.java:setRole(184)) - 50423279-f647-4a18-8e85-347d68eaf856@group-B2671EB745D2: changes role from  FOLLOWER to FOLLOWER at term 83 for recognizeCandidate:25d6372c-77fd-4a39-ac2a-e48debad48df
2019-10-15 16:11:42,688 [grpc-default-executor-0] INFO  impl.RoleInfo (RoleInfo.java:shutdownFollowerState(121)) - 2ec85f63-33fb-4317-9145-71357d145af9: shutdown FollowerState
2019-10-15 16:11:42,688 [grpc-default-executor-2] INFO  impl.RoleInfo (RoleInfo.java:shutdownFollowerState(121)) - 50423279-f647-4a18-8e85-347d68eaf856: shutdown FollowerState
2019-10-15 16:11:42,689 [Thread-737] INFO  impl.FollowerState (FollowerState.java:run(117)) - 2ec85f63-33fb-4317-9145-71357d145af9@group-B2671EB745D2-FollowerState was interrupted: java.lang.InterruptedException: sleep interrupted
2019-10-15 16:11:42,689 [grpc-default-executor-0] INFO  impl.RoleInfo (RoleInfo.java:updateAndGet(143)) - 2ec85f63-33fb-4317-9145-71357d145af9: start FollowerState
2019-10-15 16:11:42,689 [Thread-738] INFO  impl.FollowerState (FollowerState.java:run(117)) - 50423279-f647-4a18-8e85-347d68eaf856@group-B2671EB745D2-FollowerState was interrupted: java.lang.InterruptedException: sleep interrupted
2019-10-15 16:11:42,689 [grpc-default-executor-2] INFO  impl.RoleInfo (RoleInfo.java:updateAndGet(143)) - 50423279-f647-4a18-8e85-347d68eaf856: start FollowerState
2019-10-15 16:11:42,703 [25d6372c-77fd-4a39-ac2a-e48debad48df@group-B2671EB745D2-LeaderElection80] INFO  impl.LeaderElection (LeaderElection.java:logAndReturn(56)) - 25d6372c-77fd-4a39-ac2a-e48debad48df@group-B2671EB745D2-LeaderElection80: Election REJECTED; received 2 response(s) [25d6372c-77fd-4a39-ac2a-e48debad48df<-2ec85f63-33fb-4317-9145-71357d145af9#0:FAIL-t83, 25d6372c-77fd-4a39-ac2a-e48debad48df<-50423279-f647-4a18-8e85-347d68eaf856#0:FAIL-t83] and 0 exception(s); 25d6372c-77fd-4a39-ac2a-e48debad48df@group-B2671EB745D2:t83, leader=null, voted=25d6372c-77fd-4a39-ac2a-e48debad48df, raftlog=25d6372c-77fd-4a39-ac2a-e48debad48df@group-B2671EB745D2-SegmentedRaftLog:OPENED:c-1,f-1,i0, conf=-1: [50423279-f647-4a18-8e85-347d68eaf856:192.168.69.88:39583, 2ec85f63-33fb-4317-9145-71357d145af9:192.168.69.88:42357, 25d6372c-77fd-4a39-ac2a-e48debad48df:192.168.69.88:39591], old=null
2019-10-15 16:11:42,703 [25d6372c-77fd-4a39-ac2a-e48debad48df@group-B2671EB745D2-LeaderElection80] INFO  impl.RaftServerImpl (RaftServerImpl.java:setRole(184)) - 25d6372c-77fd-4a39-ac2a-e48debad48df@group-B2671EB745D2: changes role from CANDIDATE to FOLLOWER at term 83 for DISCOVERED_A_NEW_TERM
2019-10-15 16:11:42,703 [25d6372c-77fd-4a39-ac2a-e48debad48df@group-B2671EB745D2-LeaderElection80] INFO  impl.RoleInfo (RoleInfo.java:shutdownLeaderElection(134)) - 25d6372c-77fd-4a39-ac2a-e48debad48df: shutdown LeaderElection
2019-10-15 16:11:42,704 [25d6372c-77fd-4a39-ac2a-e48debad48df@group-B2671EB745D2-LeaderElection80] INFO  impl.RoleInfo (RoleInfo.java:updateAndGet(143)) - 25d6372c-77fd-4a39-ac2a-e48debad48df: start FollowerState
2019-10-15 16:11:42,776 [Thread-745] INFO  impl.FollowerState (FollowerState.java:run(108)) - 25d6372c-77fd-4a39-ac2a-e48debad48df@group-B2671EB745D2-FollowerState: change to CANDIDATE, lastRpcTime:72ms, electionTimeout:72ms
2019-10-15 16:11:42,776 [Thread-745] INFO  impl.RoleInfo (RoleInfo.java:shutdownFollowerState(121)) - 25d6372c-77fd-4a39-ac2a-e48debad48df: shutdown FollowerState
2019-10-15 16:11:42,776 [Thread-745] INFO  impl.RaftServerImpl (RaftServerImpl.java:setRole(184)) - 25d6372c-77fd-4a39-ac2a-e48debad48df@group-B2671EB745D2: changes role from  FOLLOWER to CANDIDATE at term 83 for changeToCandidate
2019-10-15 16:11:42,777 [Thread-745] INFO  impl.RoleInfo (RoleInfo.java:updateAndGet(143)) - 25d6372c-77fd-4a39-ac2a-e48debad48df: start LeaderElection
2019-10-15 16:11:42,790 [25d6372c-77fd-4a39-ac2a-e48debad48df@group-B2671EB745D2-LeaderElection81] INFO  impl.LeaderElection (LeaderElection.java:askForVotes(178)) - 25d6372c-77fd-4a39-ac2a-e48debad48df@group-B2671EB745D2-LeaderElection81: begin an election at term 84 for -1: [50423279-f647-4a18-8e85-347d68eaf856:192.168.69.88:39583, 2ec85f63-33fb-4317-9145-71357d145af9:192.168.69.88:42357, 25d6372c-77fd-4a39-ac2a-e48debad48df:192.168.69.88:39591], old=null
2019-10-15 16:11:42,794 [grpc-default-executor-2] INFO  impl.RaftServerImpl (RaftServerImpl.java:setRole(184)) - 2ec85f63-33fb-4317-9145-71357d145af9@group-B2671EB745D2: changes role from  FOLLOWER to FOLLOWER at term 84 for recognizeCandidate:25d6372c-77fd-4a39-ac2a-e48debad48df
2019-10-15 16:11:42,794 [grpc-default-executor-2] INFO  impl.RoleInfo (RoleInfo.java:shutdownFollowerState(121)) - 2ec85f63-33fb-4317-9145-71357d145af9: shutdown FollowerState
2019-10-15 16:11:42,794 [grpc-default-executor-0] INFO  impl.RaftServerImpl (RaftServerImpl.java:setRole(184)) - 50423279-f647-4a18-8e85-347d68eaf856@group-B2671EB745D2: changes role from  FOLLOWER to FOLLOWER at term 84 for recognizeCandidate:25d6372c-77fd-4a39-ac2a-e48debad48df
2019-10-15 16:11:42,794 [Thread-743] INFO  impl.FollowerState (FollowerState.java:run(117)) - 2ec85f63-33fb-4317-9145-71357d145af9@group-B2671EB745D2-FollowerState was interrupted: java.lang.InterruptedException: sleep interrupted
2019-10-15 16:11:42,794 [grpc-default-executor-2] INFO  impl.RoleInfo (RoleInfo.java:updateAndGet(143)) - 2ec85f63-33fb-4317-9145-71357d145af9: start FollowerState
2019-10-15 16:11:42,794 [grpc-default-executor-0] INFO  impl.RoleInfo (RoleInfo.java:shutdownFollowerState(121)) - 50423279-f647-4a18-8e85-347d68eaf856: shutdown FollowerState
2019-10-15 16:11:42,794 [grpc-default-executor-0] INFO  impl.RoleInfo (RoleInfo.java:updateAndGet(143)) - 50423279-f647-4a18-8e85-347d68eaf856: start FollowerState
2019-10-15 16:11:42,794 [Thread-744] INFO  impl.FollowerState (FollowerState.java:run(117)) - 50423279-f647-4a18-8e85-347d68eaf856@group-B2671EB745D2-FollowerState was interrupted: java.lang.InterruptedException: sleep interrupted
2019-10-15 16:11:42,807 [25d6372c-77fd-4a39-ac2a-e48debad48df@group-B2671EB745D2-LeaderElection81] INFO  impl.LeaderElection (LeaderElection.java:logAndReturn(56)) - 25d6372c-77fd-4a39-ac2a-e48debad48df@group-B2671EB745D2-LeaderElection81: Election REJECTED; received 2 response(s) [25d6372c-77fd-4a39-ac2a-e48debad48df<-2ec85f63-33fb-4317-9145-71357d145af9#0:FAIL-t84, 25d6372c-77fd-4a39-ac2a-e48debad48df<-50423279-f647-4a18-8e85-347d68eaf856#0:FAIL-t84] and 0 exception(s); 25d6372c-77fd-4a39-ac2a-e48debad48df@group-B2671EB745D2:t84, leader=null, voted=25d6372c-77fd-4a39-ac2a-e48debad48df, raftlog=25d6372c-77fd-4a39-ac2a-e48debad48df@group-B2671EB745D2-SegmentedRaftLog:OPENED:c-1,f-1,i0, conf=-1: [50423279-f647-4a18-8e85-347d68eaf856:192.168.69.88:39583, 2ec85f63-33fb-4317-9145-71357d145af9:192.168.69.88:42357, 25d6372c-77fd-4a39-ac2a-e48debad48df:192.168.69.88:39591], old=null
2019-10-15 16:11:42,807 [25d6372c-77fd-4a39-ac2a-e48debad48df@group-B2671EB745D2-LeaderElection81] INFO  impl.RaftServerImpl (RaftServerImpl.java:setRole(184)) - 25d6372c-77fd-4a39-ac2a-e48debad48df@group-B2671EB745D2: changes role from CANDIDATE to FOLLOWER at term 84 for DISCOVERED_A_NEW_TERM
2019-10-15 16:11:42,807 [25d6372c-77fd-4a39-ac2a-e48debad48df@group-B2671EB745D2-LeaderElection81] INFO  impl.RoleInfo (RoleInfo.java:shutdownLeaderElection(134)) - 25d6372c-77fd-4a39-ac2a-e48debad48df: shutdown LeaderElection
2019-10-15 16:11:42,807 [25d6372c-77fd-4a39-ac2a-e48debad48df@group-B2671EB745D2-LeaderElection81] INFO  impl.RoleInfo (RoleInfo.java:updateAndGet(143)) - 25d6372c-77fd-4a39-ac2a-e48debad48df: start FollowerState
2019-10-15 16:11:42,828 [Thread-751] INFO  impl.FollowerState (FollowerState.java:run(108)) - 25d6372c-77fd-4a39-ac2a-e48debad48df@group-B2671EB745D2-FollowerState: change to CANDIDATE, lastRpcTime:20ms, electionTimeout:20ms
2019-10-15 16:11:42,828 [Thread-751] INFO  impl.RoleInfo (RoleInfo.java:shutdownFollowerState(121)) - 25d6372c-77fd-4a39-ac2a-e48debad48df: shutdown FollowerState
2019-10-15 16:11:42,828 [Thread-751] INFO  impl.RaftServerImpl (RaftServerImpl.java:setRole(184)) - 25d6372c-77fd-4a39-ac2a-e48debad48df@group-B2671EB745D2: changes role from  FOLLOWER to CANDIDATE at term 84 for changeToCandidate
2019-10-15 16:11:42,828 [Thread-751] INFO  impl.RoleInfo (RoleInfo.java:updateAndGet(143)) - 25d6372c-77fd-4a39-ac2a-e48debad48df: start LeaderElection
2019-10-15 16:11:42,842 [25d6372c-77fd-4a39-ac2a-e48debad48df@group-B2671EB745D2-LeaderElection82] INFO  impl.LeaderElection (LeaderElection.java:askForVotes(178)) - 25d6372c-77fd-4a39-ac2a-e48debad48df@group-B2671EB745D2-LeaderElection82: begin an election at term 85 for -1: [50423279-f647-4a18-8e85-347d68eaf856:192.168.69.88:39583, 2ec85f63-33fb-4317-9145-71357d145af9:192.168.69.88:42357, 25d6372c-77fd-4a39-ac2a-e48debad48df:192.168.69.88:39591], old=null
2019-10-15 16:11:42,844 [grpc-default-executor-2] INFO  impl.RaftServerImpl (RaftServerImpl.java:setRole(184)) - 50423279-f647-4a18-8e85-347d68eaf856@group-B2671EB745D2: changes role from  FOLLOWER to FOLLOWER at term 85 for recognizeCandidate:25d6372c-77fd-4a39-ac2a-e48debad48df
2019-10-15 16:11:42,844 [grpc-default-executor-0] INFO  impl.RaftServerImpl (RaftServerImpl.java:setRole(184)) - 2ec85f63-33fb-4317-9145-71357d145af9@group-B2671EB745D2: changes role from  FOLLOWER to FOLLOWER at term 85 for recognizeCandidate:25d6372c-77fd-4a39-ac2a-e48debad48df
2019-10-15 16:11:42,844 [grpc-default-executor-2] INFO  impl.RoleInfo (RoleInfo.java:shutdownFollowerState(121)) - 50423279-f647-4a18-8e85-347d68eaf856: shutdown FollowerState
2019-10-15 16:11:42,844 [grpc-default-executor-0] INFO  impl.RoleInfo (RoleInfo.java:shutdownFollowerState(121)) - 2ec85f63-33fb-4317-9145-71357d145af9: shutdown FollowerState
2019-10-15 16:11:42,844 [grpc-default-executor-2] INFO  impl.RoleInfo (RoleInfo.java:updateAndGet(143)) - 50423279-f647-4a18-8e85-347d68eaf856: start FollowerState
2019-10-15 16:11:42,844 [Thread-749] INFO  impl.FollowerState (FollowerState.java:run(117)) - 2ec85f63-33fb-4317-9145-71357d145af9@group-B2671EB745D2-FollowerState was interrupted: java.lang.InterruptedException: sleep interrupted
2019-10-15 16:11:42,844 [grpc-default-executor-0] INFO  impl.RoleInfo (RoleInfo.java:updateAndGet(143)) - 2ec85f63-33fb-4317-9145-71357d145af9: start FollowerState
2019-10-15 16:11:42,844 [Thread-750] INFO  impl.FollowerState (FollowerState.java:run(117)) - 50423279-f647-4a18-8e85-347d68eaf856@group-B2671EB745D2-FollowerState was interrupted: java.lang.InterruptedException: sleep interrupted
2019-10-15 16:11:42,859 [25d6372c-77fd-4a39-ac2a-e48debad48df@group-B2671EB745D2-LeaderElection82] INFO  impl.LeaderElection (LeaderElection.java:logAndReturn(56)) - 25d6372c-77fd-4a39-ac2a-e48debad48df@group-B2671EB745D2-LeaderElection82: Election REJECTED; received 2 response(s) [25d6372c-77fd-4a39-ac2a-e48debad48df<-2ec85f63-33fb-4317-9145-71357d145af9#0:FAIL-t85, 25d6372c-77fd-4a39-ac2a-e48debad48df<-50423279-f647-4a18-8e85-347d68eaf856#0:FAIL-t85] and 0 exception(s); 25d6372c-77fd-4a39-ac2a-e48debad48df@group-B2671EB745D2:t85, leader=null, voted=25d6372c-77fd-4a39-ac2a-e48debad48df, raftlog=25d6372c-77fd-4a39-ac2a-e48debad48df@group-B2671EB745D2-SegmentedRaftLog:OPENED:c-1,f-1,i0, conf=-1: [50423279-f647-4a18-8e85-347d68eaf856:192.168.69.88:39583, 2ec85f63-33fb-4317-9145-71357d145af9:192.168.69.88:42357, 25d6372c-77fd-4a39-ac2a-e48debad48df:192.168.69.88:39591], old=null
2019-10-15 16:11:42,859 [25d6372c-77fd-4a39-ac2a-e48debad48df@group-B2671EB745D2-LeaderElection82] INFO  impl.RaftServerImpl (RaftServerImpl.java:setRole(184)) - 25d6372c-77fd-4a39-ac2a-e48debad48df@group-B2671EB745D2: changes role from CANDIDATE to FOLLOWER at term 85 for DISCOVERED_A_NEW_TERM
2019-10-15 16:11:42,859 [25d6372c-77fd-4a39-ac2a-e48debad48df@group-B2671EB745D2-LeaderElection82] INFO  impl.RoleInfo (RoleInfo.java:shutdownLeaderElection(134)) - 25d6372c-77fd-4a39-ac2a-e48debad48df: shutdown LeaderElection
2019-10-15 16:11:42,860 [25d6372c-77fd-4a39-ac2a-e48debad48df@group-B2671EB745D2-LeaderElection82] INFO  impl.RoleInfo (RoleInfo.java:updateAndGet(143)) - 25d6372c-77fd-4a39-ac2a-e48debad48df: start FollowerState
2019-10-15 16:11:42,989 [Thread-757] INFO  impl.FollowerState (FollowerState.java:run(108)) - 25d6372c-77fd-4a39-ac2a-e48debad48df@group-B2671EB745D2-FollowerState: change to CANDIDATE, lastRpcTime:129ms, electionTimeout:129ms
2019-10-15 16:11:42,989 [Thread-757] INFO  impl.RoleInfo (RoleInfo.java:shutdownFollowerState(121)) - 25d6372c-77fd-4a39-ac2a-e48debad48df: shutdown FollowerState
2019-10-15 16:11:42,989 [Thread-757] INFO  impl.RaftServerImpl (RaftServerImpl.java:setRole(184)) - 25d6372c-77fd-4a39-ac2a-e48debad48df@group-B2671EB745D2: changes role from  FOLLOWER to CANDIDATE at term 85 for changeToCandidate
2019-10-15 16:11:42,989 [Thread-757] INFO  impl.RoleInfo (RoleInfo.java:updateAndGet(143)) - 25d6372c-77fd-4a39-ac2a-e48debad48df: start LeaderElection
2019-10-15 16:11:43,003 [25d6372c-77fd-4a39-ac2a-e48debad48df@group-B2671EB745D2-LeaderElection83] INFO  impl.LeaderElection (LeaderElection.java:askForVotes(178)) - 25d6372c-77fd-4a39-ac2a-e48debad48df@group-B2671EB745D2-LeaderElection83: begin an election at term 86 for -1: [50423279-f647-4a18-8e85-347d68eaf856:192.168.69.88:39583, 2ec85f63-33fb-4317-9145-71357d145af9:192.168.69.88:42357, 25d6372c-77fd-4a39-ac2a-e48debad48df:192.168.69.88:39591], old=null
2019-10-15 16:11:43,006 [grpc-default-executor-2] INFO  impl.RaftServerImpl (RaftServerImpl.java:setRole(184)) - 50423279-f647-4a18-8e85-347d68eaf856@group-B2671EB745D2: changes role from  FOLLOWER to FOLLOWER at term 86 for recognizeCandidate:25d6372c-77fd-4a39-ac2a-e48debad48df
2019-10-15 16:11:43,006 [grpc-default-executor-0] INFO  impl.RaftServerImpl (RaftServerImpl.java:setRole(184)) - 2ec85f63-33fb-4317-9145-71357d145af9@group-B2671EB745D2: changes role from  FOLLOWER to FOLLOWER at term 86 for recognizeCandidate:25d6372c-77fd-4a39-ac2a-e48debad48df
2019-10-15 16:11:43,007 [grpc-default-executor-2] INFO  impl.RoleInfo (RoleInfo.java:shutdownFollowerState(121)) - 50423279-f647-4a18-8e85-347d68eaf856: shutdown FollowerState
2019-10-15 16:11:43,007 [grpc-default-executor-0] INFO  impl.RoleInfo (RoleInfo.java:shutdownFollowerState(121)) - 2ec85f63-33fb-4317-9145-71357d145af9: shutdown FollowerState
2019-10-15 16:11:43,007 [grpc-default-executor-2] INFO  impl.RoleInfo (RoleInfo.java:updateAndGet(143)) - 50423279-f647-4a18-8e85-347d68eaf856: start FollowerState
2019-10-15 16:11:43,007 [Thread-755] INFO  impl.FollowerState (FollowerState.java:run(117)) - 50423279-f647-4a18-8e85-347d68eaf856@group-B2671EB745D2-FollowerState was interrupted: java.lang.InterruptedException: sleep interrupted
2019-10-15 16:11:43,007 [Thread-756] INFO  impl.FollowerState (FollowerState.java:run(117)) - 2ec85f63-33fb-4317-9145-71357d145af9@group-B2671EB745D2-FollowerState was interrupted: java.lang.InterruptedException: sleep interrupted
2019-10-15 16:11:43,007 [grpc-default-executor-0] INFO  impl.RoleInfo (RoleInfo.java:updateAndGet(143)) - 2ec85f63-33fb-4317-9145-71357d145af9: start FollowerState
2019-10-15 16:11:43,022 [25d6372c-77fd-4a39-ac2a-e48debad48df@group-B2671EB745D2-LeaderElection83] INFO  impl.LeaderElection (LeaderElection.java:logAndReturn(56)) - 25d6372c-77fd-4a39-ac2a-e48debad48df@group-B2671EB745D2-LeaderElection83: Election REJECTED; received 2 response(s) [25d6372c-77fd-4a39-ac2a-e48debad48df<-50423279-f647-4a18-8e85-347d68eaf856#0:FAIL-t86, 25d6372c-77fd-4a39-ac2a-e48debad48df<-2ec85f63-33fb-4317-9145-71357d145af9#0:FAIL-t86] and 0 exception(s); 25d6372c-77fd-4a39-ac2a-e48debad48df@group-B2671EB745D2:t86, leader=null, voted=25d6372c-77fd-4a39-ac2a-e48debad48df, raftlog=25d6372c-77fd-4a39-ac2a-e48debad48df@group-B2671EB745D2-SegmentedRaftLog:OPENED:c-1,f-1,i0, conf=-1: [50423279-f647-4a18-8e85-347d68eaf856:192.168.69.88:39583, 2ec85f63-33fb-4317-9145-71357d145af9:192.168.69.88:42357, 25d6372c-77fd-4a39-ac2a-e48debad48df:192.168.69.88:39591], old=null
2019-10-15 16:11:43,022 [25d6372c-77fd-4a39-ac2a-e48debad48df@group-B2671EB745D2-LeaderElection83] INFO  impl.RaftServerImpl (RaftServerImpl.java:setRole(184)) - 25d6372c-77fd-4a39-ac2a-e48debad48df@group-B2671EB745D2: changes role from CANDIDATE to FOLLOWER at term 86 for DISCOVERED_A_NEW_TERM
2019-10-15 16:11:43,022 [25d6372c-77fd-4a39-ac2a-e48debad48df@group-B2671EB745D2-LeaderElection83] INFO  impl.RoleInfo (RoleInfo.java:shutdownLeaderElection(134)) - 25d6372c-77fd-4a39-ac2a-e48debad48df: shutdown LeaderElection
2019-10-15 16:11:43,023 [25d6372c-77fd-4a39-ac2a-e48debad48df@group-B2671EB745D2-LeaderElection83] INFO  impl.RoleInfo (RoleInfo.java:updateAndGet(143)) - 25d6372c-77fd-4a39-ac2a-e48debad48df: start FollowerState
2019-10-15 16:11:43,202 [Thread-763] INFO  impl.FollowerState (FollowerState.java:run(108)) - 25d6372c-77fd-4a39-ac2a-e48debad48df@group-B2671EB745D2-FollowerState: change to CANDIDATE, lastRpcTime:179ms, electionTimeout:179ms
2019-10-15 16:11:43,202 [Thread-763] INFO  impl.RoleInfo (RoleInfo.java:shutdownFollowerState(121)) - 25d6372c-77fd-4a39-ac2a-e48debad48df: shutdown FollowerState
2019-10-15 16:11:43,202 [Thread-763] INFO  impl.RaftServerImpl (RaftServerImpl.java:setRole(184)) - 25d6372c-77fd-4a39-ac2a-e48debad48df@group-B2671EB745D2: changes role from  FOLLOWER to CANDIDATE at term 86 for changeToCandidate
2019-10-15 16:11:43,202 [Thread-763] INFO  impl.RoleInfo (RoleInfo.java:updateAndGet(143)) - 25d6372c-77fd-4a39-ac2a-e48debad48df: start LeaderElection
2019-10-15 16:11:43,207 [25d6372c-77fd-4a39-ac2a-e48debad48df@group-B2671EB745D2-LeaderElection84] INFO  impl.LeaderElection (LeaderElection.java:askForVotes(178)) - 25d6372c-77fd-4a39-ac2a-e48debad48df@group-B2671EB745D2-LeaderElection84: begin an election at term 87 for -1: [50423279-f647-4a18-8e85-347d68eaf856:192.168.69.88:39583, 2ec85f63-33fb-4317-9145-71357d145af9:192.168.69.88:42357, 25d6372c-77fd-4a39-ac2a-e48debad48df:192.168.69.88:39591], old=null
2019-10-15 16:11:43,210 [grpc-default-executor-0] INFO  impl.RaftServerImpl (RaftServerImpl.java:setRole(184)) - 50423279-f647-4a18-8e85-347d68eaf856@group-B2671EB745D2: changes role from  FOLLOWER to FOLLOWER at term 87 for recognizeCandidate:25d6372c-77fd-4a39-ac2a-e48debad48df
2019-10-15 16:11:43,210 [grpc-default-executor-2] INFO  impl.RaftServerImpl (RaftServerImpl.java:setRole(184)) - 2ec85f63-33fb-4317-9145-71357d145af9@group-B2671EB745D2: changes role from  FOLLOWER to FOLLOWER at term 87 for recognizeCandidate:25d6372c-77fd-4a39-ac2a-e48debad48df
2019-10-15 16:11:43,210 [grpc-default-executor-0] INFO  impl.RoleInfo (RoleInfo.java:shutdownFollowerState(121)) - 50423279-f647-4a18-8e85-347d68eaf856: shutdown FollowerState
2019-10-15 16:11:43,210 [grpc-default-executor-2] INFO  impl.RoleInfo (RoleInfo.java:shutdownFollowerState(121)) - 2ec85f63-33fb-4317-9145-71357d145af9: shutdown FollowerState
2019-10-15 16:11:43,210 [grpc-default-executor-0] INFO  impl.RoleInfo (RoleInfo.java:updateAndGet(143)) - 50423279-f647-4a18-8e85-347d68eaf856: start FollowerState
2019-10-15 16:11:43,211 [Thread-762] INFO  impl.FollowerState (FollowerState.java:run(117)) - 2ec85f63-33fb-4317-9145-71357d145af9@group-B2671EB745D2-FollowerState was interrupted: java.lang.InterruptedException: sleep interrupted
2019-10-15 16:11:43,211 [grpc-default-executor-2] INFO  impl.RoleInfo (RoleInfo.java:updateAndGet(143)) - 2ec85f63-33fb-4317-9145-71357d145af9: start FollowerState
2019-10-15 16:11:43,210 [Thread-761] INFO  impl.FollowerState (FollowerState.java:run(117)) - 50423279-f647-4a18-8e85-347d68eaf856@group-B2671EB745D2-FollowerState was interrupted: java.lang.InterruptedException: sleep interrupted
2019-10-15 16:11:43,222 [25d6372c-77fd-4a39-ac2a-e48debad48df@group-B2671EB745D2-LeaderElection84] INFO  impl.LeaderElection (LeaderElection.java:logAndReturn(56)) - 25d6372c-77fd-4a39-ac2a-e48debad48df@group-B2671EB745D2-LeaderElection84: Election REJECTED; received 2 response(s) [25d6372c-77fd-4a39-ac2a-e48debad48df<-2ec85f63-33fb-4317-9145-71357d145af9#0:FAIL-t87, 25d6372c-77fd-4a39-ac2a-e48debad48df<-50423279-f647-4a18-8e85-347d68eaf856#0:FAIL-t87] and 0 exception(s); 25d6372c-77fd-4a39-ac2a-e48debad48df@group-B2671EB745D2:t87, leader=null, voted=25d6372c-77fd-4a39-ac2a-e48debad48df, raftlog=25d6372c-77fd-4a39-ac2a-e48debad48df@group-B2671EB745D2-SegmentedRaftLog:OPENED:c-1,f-1,i0, conf=-1: [50423279-f647-4a18-8e85-347d68eaf856:192.168.69.88:39583, 2ec85f63-33fb-4317-9145-71357d145af9:192.168.69.88:42357, 25d6372c-77fd-4a39-ac2a-e48debad48df:192.168.69.88:39591], old=null
2019-10-15 16:11:43,222 [25d6372c-77fd-4a39-ac2a-e48debad48df@group-B2671EB745D2-LeaderElection84] INFO  impl.RaftServerImpl (RaftServerImpl.java:setRole(184)) - 25d6372c-77fd-4a39-ac2a-e48debad48df@group-B2671EB745D2: changes role from CANDIDATE to FOLLOWER at term 87 for DISCOVERED_A_NEW_TERM
2019-10-15 16:11:43,222 [25d6372c-77fd-4a39-ac2a-e48debad48df@group-B2671EB745D2-LeaderElection84] INFO  impl.RoleInfo (RoleInfo.java:shutdownLeaderElection(134)) - 25d6372c-77fd-4a39-ac2a-e48debad48df: shutdown LeaderElection
2019-10-15 16:11:43,223 [25d6372c-77fd-4a39-ac2a-e48debad48df@group-B2671EB745D2-LeaderElection84] INFO  impl.RoleInfo (RoleInfo.java:updateAndGet(143)) - 25d6372c-77fd-4a39-ac2a-e48debad48df: start FollowerState
2019-10-15 16:11:43,302 [Thread-770] INFO  impl.FollowerState (FollowerState.java:run(108)) - 25d6372c-77fd-4a39-ac2a-e48debad48df@group-B2671EB745D2-FollowerState: change to CANDIDATE, lastRpcTime:79ms, electionTimeout:79ms
2019-10-15 16:11:43,302 [Thread-770] INFO  impl.RoleInfo (RoleInfo.java:shutdownFollowerState(121)) - 25d6372c-77fd-4a39-ac2a-e48debad48df: shutdown FollowerState
2019-10-15 16:11:43,302 [Thread-770] INFO  impl.RaftServerImpl (RaftServerImpl.java:setRole(184)) - 25d6372c-77fd-4a39-ac2a-e48debad48df@group-B2671EB745D2: changes role from  FOLLOWER to CANDIDATE at term 87 for changeToCandidate
2019-10-15 16:11:43,302 [Thread-770] INFO  impl.RoleInfo (RoleInfo.java:updateAndGet(143)) - 25d6372c-77fd-4a39-ac2a-e48debad48df: start LeaderElection
2019-10-15 16:11:43,331 [25d6372c-77fd-4a39-ac2a-e48debad48df@group-B2671EB745D2-LeaderElection85] INFO  impl.LeaderElection (LeaderElection.java:askForVotes(178)) - 25d6372c-77fd-4a39-ac2a-e48debad48df@group-B2671EB745D2-LeaderElection85: begin an election at term 88 for -1: [50423279-f647-4a18-8e85-347d68eaf856:192.168.69.88:39583, 2ec85f63-33fb-4317-9145-71357d145af9:192.168.69.88:42357, 25d6372c-77fd-4a39-ac2a-e48debad48df:192.168.69.88:39591], old=null
2019-10-15 16:11:43,336 [grpc-default-executor-0] INFO  impl.RaftServerImpl (RaftServerImpl.java:setRole(184)) - 2ec85f63-33fb-4317-9145-71357d145af9@group-B2671EB745D2: changes role from  FOLLOWER to FOLLOWER at term 88 for recognizeCandidate:25d6372c-77fd-4a39-ac2a-e48debad48df
2019-10-15 16:11:43,336 [grpc-default-executor-2] INFO  impl.RaftServerImpl (RaftServerImpl.java:setRole(184)) - 50423279-f647-4a18-8e85-347d68eaf856@group-B2671EB745D2: changes role from  FOLLOWER to FOLLOWER at term 88 for recognizeCandidate:25d6372c-77fd-4a39-ac2a-e48debad48df
2019-10-15 16:11:43,337 [grpc-default-executor-0] INFO  impl.RoleInfo (RoleInfo.java:shutdownFollowerState(121)) - 2ec85f63-33fb-4317-9145-71357d145af9: shutdown FollowerState
2019-10-15 16:11:43,337 [grpc-default-executor-2] INFO  impl.RoleInfo (RoleInfo.java:shutdownFollowerState(121)) - 50423279-f647-4a18-8e85-347d68eaf856: shutdown FollowerState
2019-10-15 16:11:43,337 [Thread-768] INFO  impl.FollowerState (FollowerState.java:run(117)) - 2ec85f63-33fb-4317-9145-71357d145af9@group-B2671EB745D2-FollowerState was interrupted: java.lang.InterruptedException: sleep interrupted
2019-10-15 16:11:43,337 [grpc-default-executor-0] INFO  impl.RoleInfo (RoleInfo.java:updateAndGet(143)) - 2ec85f63-33fb-4317-9145-71357d145af9: start FollowerState
2019-10-15 16:11:43,337 [grpc-default-executor-2] INFO  impl.RoleInfo (RoleInfo.java:updateAndGet(143)) - 50423279-f647-4a18-8e85-347d68eaf856: start FollowerState
2019-10-15 16:11:43,337 [Thread-767] INFO  impl.FollowerState (FollowerState.java:run(117)) - 50423279-f647-4a18-8e85-347d68eaf856@group-B2671EB745D2-FollowerState was interrupted: java.lang.InterruptedException: sleep interrupted
2019-10-15 16:11:43,351 [25d6372c-77fd-4a39-ac2a-e48debad48df@group-B2671EB745D2-LeaderElection85] INFO  impl.LeaderElection (LeaderElection.java:logAndReturn(56)) - 25d6372c-77fd-4a39-ac2a-e48debad48df@group-B2671EB745D2-LeaderElection85: Election REJECTED; received 2 response(s) [25d6372c-77fd-4a39-ac2a-e48debad48df<-50423279-f647-4a18-8e85-347d68eaf856#0:FAIL-t88, 25d6372c-77fd-4a39-ac2a-e48debad48df<-2ec85f63-33fb-4317-9145-71357d145af9#0:FAIL-t88] and 0 exception(s); 25d6372c-77fd-4a39-ac2a-e48debad48df@group-B2671EB745D2:t88, leader=null, voted=25d6372c-77fd-4a39-ac2a-e48debad48df, raftlog=25d6372c-77fd-4a39-ac2a-e48debad48df@group-B2671EB745D2-SegmentedRaftLog:OPENED:c-1,f-1,i0, conf=-1: [50423279-f647-4a18-8e85-347d68eaf856:192.168.69.88:39583, 2ec85f63-33fb-4317-9145-71357d145af9:192.168.69.88:42357, 25d6372c-77fd-4a39-ac2a-e48debad48df:192.168.69.88:39591], old=null
2019-10-15 16:11:43,352 [25d6372c-77fd-4a39-ac2a-e48debad48df@group-B2671EB745D2-LeaderElection85] INFO  impl.RaftServerImpl (RaftServerImpl.java:setRole(184)) - 25d6372c-77fd-4a39-ac2a-e48debad48df@group-B2671EB745D2: changes role from CANDIDATE to FOLLOWER at term 88 for DISCOVERED_A_NEW_TERM
2019-10-15 16:11:43,352 [25d6372c-77fd-4a39-ac2a-e48debad48df@group-B2671EB745D2-LeaderElection85] INFO  impl.RoleInfo (RoleInfo.java:shutdownLeaderElection(134)) - 25d6372c-77fd-4a39-ac2a-e48debad48df: shutdown LeaderElection
2019-10-15 16:11:43,352 [25d6372c-77fd-4a39-ac2a-e48debad48df@group-B2671EB745D2-LeaderElection85] INFO  impl.RoleInfo (RoleInfo.java:updateAndGet(143)) - 25d6372c-77fd-4a39-ac2a-e48debad48df: start FollowerState
2019-10-15 16:11:43,365 [Thread-777] INFO  impl.FollowerState (FollowerState.java:run(108)) - 25d6372c-77fd-4a39-ac2a-e48debad48df@group-B2671EB745D2-FollowerState: change to CANDIDATE, lastRpcTime:13ms, electionTimeout:13ms
2019-10-15 16:11:43,366 [Thread-777] INFO  impl.RoleInfo (RoleInfo.java:shutdownFollowerState(121)) - 25d6372c-77fd-4a39-ac2a-e48debad48df: shutdown FollowerState
2019-10-15 16:11:43,366 [Thread-777] INFO  impl.RaftServerImpl (RaftServerImpl.java:setRole(184)) - 25d6372c-77fd-4a39-ac2a-e48debad48df@group-B2671EB745D2: changes role from  FOLLOWER to CANDIDATE at term 88 for changeToCandidate
2019-10-15 16:11:43,366 [Thread-777] INFO  impl.RoleInfo (RoleInfo.java:updateAndGet(143)) - 25d6372c-77fd-4a39-ac2a-e48debad48df: start LeaderElection
2019-10-15 16:11:43,375 [25d6372c-77fd-4a39-ac2a-e48debad48df@group-B2671EB745D2-LeaderElection86] INFO  impl.LeaderElection (LeaderElection.java:askForVotes(178)) - 25d6372c-77fd-4a39-ac2a-e48debad48df@group-B2671EB745D2-LeaderElection86: begin an election at term 89 for -1: [50423279-f647-4a18-8e85-347d68eaf856:192.168.69.88:39583, 2ec85f63-33fb-4317-9145-71357d145af9:192.168.69.88:42357, 25d6372c-77fd-4a39-ac2a-e48debad48df:192.168.69.88:39591], old=null
2019-10-15 16:11:43,377 [grpc-default-executor-2] INFO  impl.RaftServerImpl (RaftServerImpl.java:setRole(184)) - 50423279-f647-4a18-8e85-347d68eaf856@group-B2671EB745D2: changes role from  FOLLOWER to FOLLOWER at term 89 for recognizeCandidate:25d6372c-77fd-4a39-ac2a-e48debad48df
2019-10-15 16:11:43,377 [grpc-default-executor-0] INFO  impl.RaftServerImpl (RaftServerImpl.java:setRole(184)) - 2ec85f63-33fb-4317-9145-71357d145af9@group-B2671EB745D2: changes role from  FOLLOWER to FOLLOWER at term 89 for recognizeCandidate:25d6372c-77fd-4a39-ac2a-e48debad48df
2019-10-15 16:11:43,377 [grpc-default-executor-2] INFO  impl.RoleInfo (RoleInfo.java:shutdownFollowerState(121)) - 50423279-f647-4a18-8e85-347d68eaf856: shutdown FollowerState
2019-10-15 16:11:43,377 [grpc-default-executor-0] INFO  impl.RoleInfo (RoleInfo.java:shutdownFollowerState(121)) - 2ec85f63-33fb-4317-9145-71357d145af9: shutdown FollowerState
2019-10-15 16:11:43,378 [grpc-default-executor-2] INFO  impl.RoleInfo (RoleInfo.java:updateAndGet(143)) - 50423279-f647-4a18-8e85-347d68eaf856: start FollowerState
2019-10-15 16:11:43,378 [Thread-776] INFO  impl.FollowerState (FollowerState.java:run(117)) - 50423279-f647-4a18-8e85-347d68eaf856@group-B2671EB745D2-FollowerState was interrupted: java.lang.InterruptedException: sleep interrupted
2019-10-15 16:11:43,378 [Thread-775] INFO  impl.FollowerState (FollowerState.java:run(117)) - 2ec85f63-33fb-4317-9145-71357d145af9@group-B2671EB745D2-FollowerState was interrupted: java.lang.InterruptedException: sleep interrupted
2019-10-15 16:11:43,378 [grpc-default-executor-0] INFO  impl.RoleInfo (RoleInfo.java:updateAndGet(143)) - 2ec85f63-33fb-4317-9145-71357d145af9: start FollowerState
2019-10-15 16:11:43,389 [25d6372c-77fd-4a39-ac2a-e48debad48df@group-B2671EB745D2-LeaderElection86] INFO  impl.LeaderElection (LeaderElection.java:logAndReturn(56)) - 25d6372c-77fd-4a39-ac2a-e48debad48df@group-B2671EB745D2-LeaderElection86: Election REJECTED; received 2 response(s) [25d6372c-77fd-4a39-ac2a-e48debad48df<-50423279-f647-4a18-8e85-347d68eaf856#0:FAIL-t89, 25d6372c-77fd-4a39-ac2a-e48debad48df<-2ec85f63-33fb-4317-9145-71357d145af9#0:FAIL-t89] and 0 exception(s); 25d6372c-77fd-4a39-ac2a-e48debad48df@group-B2671EB745D2:t89, leader=null, voted=25d6372c-77fd-4a39-ac2a-e48debad48df, raftlog=25d6372c-77fd-4a39-ac2a-e48debad48df@group-B2671EB745D2-SegmentedRaftLog:OPENED:c-1,f-1,i0, conf=-1: [50423279-f647-4a18-8e85-347d68eaf856:192.168.69.88:39583, 2ec85f63-33fb-4317-9145-71357d145af9:192.168.69.88:42357, 25d6372c-77fd-4a39-ac2a-e48debad48df:192.168.69.88:39591], old=null
2019-10-15 16:11:43,390 [25d6372c-77fd-4a39-ac2a-e48debad48df@group-B2671EB745D2-LeaderElection86] INFO  impl.RaftServerImpl (RaftServerImpl.java:setRole(184)) - 25d6372c-77fd-4a39-ac2a-e48debad48df@group-B2671EB745D2: changes role from CANDIDATE to FOLLOWER at term 89 for DISCOVERED_A_NEW_TERM
2019-10-15 16:11:43,390 [25d6372c-77fd-4a39-ac2a-e48debad48df@group-B2671EB745D2-LeaderElection86] INFO  impl.RoleInfo (RoleInfo.java:shutdownLeaderElection(134)) - 25d6372c-77fd-4a39-ac2a-e48debad48df: shutdown LeaderElection
2019-10-15 16:11:43,390 [25d6372c-77fd-4a39-ac2a-e48debad48df@group-B2671EB745D2-LeaderElection86] INFO  impl.RoleInfo (RoleInfo.java:updateAndGet(143)) - 25d6372c-77fd-4a39-ac2a-e48debad48df: start FollowerState
2019-10-15 16:11:43,446 [Thread-783] INFO  impl.FollowerState (FollowerState.java:run(108)) - 25d6372c-77fd-4a39-ac2a-e48debad48df@group-B2671EB745D2-FollowerState: change to CANDIDATE, lastRpcTime:56ms, electionTimeout:56ms
2019-10-15 16:11:43,446 [Thread-783] INFO  impl.RoleInfo (RoleInfo.java:shutdownFollowerState(121)) - 25d6372c-77fd-4a39-ac2a-e48debad48df: shutdown FollowerState
2019-10-15 16:11:43,446 [Thread-783] INFO  impl.RaftServerImpl (RaftServerImpl.java:setRole(184)) - 25d6372c-77fd-4a39-ac2a-e48debad48df@group-B2671EB745D2: changes role from  FOLLOWER to CANDIDATE at term 89 for changeToCandidate
2019-10-15 16:11:43,447 [Thread-783] INFO  impl.RoleInfo (RoleInfo.java:updateAndGet(143)) - 25d6372c-77fd-4a39-ac2a-e48debad48df: start LeaderElection
2019-10-15 16:11:43,453 [25d6372c-77fd-4a39-ac2a-e48debad48df@group-B2671EB745D2-LeaderElection87] INFO  impl.LeaderElection (LeaderElection.java:askForVotes(178)) - 25d6372c-77fd-4a39-ac2a-e48debad48df@group-B2671EB745D2-LeaderElection87: begin an election at term 90 for -1: [50423279-f647-4a18-8e85-347d68eaf856:192.168.69.88:39583, 2ec85f63-33fb-4317-9145-71357d145af9:192.168.69.88:42357, 25d6372c-77fd-4a39-ac2a-e48debad48df:192.168.69.88:39591], old=null
2019-10-15 16:11:43,456 [grpc-default-executor-2] INFO  impl.RaftServerImpl (RaftServerImpl.java:setRole(184)) - 50423279-f647-4a18-8e85-347d68eaf856@group-B2671EB745D2: changes role from  FOLLOWER to FOLLOWER at term 90 for recognizeCandidate:25d6372c-77fd-4a39-ac2a-e48debad48df
2019-10-15 16:11:43,456 [grpc-default-executor-0] INFO  impl.RaftServerImpl (RaftServerImpl.java:setRole(184)) - 2ec85f63-33fb-4317-9145-71357d145af9@group-B2671EB745D2: changes role from  FOLLOWER to FOLLOWER at term 90 for recognizeCandidate:25d6372c-77fd-4a39-ac2a-e48debad48df
2019-10-15 16:11:43,456 [grpc-default-executor-2] INFO  impl.RoleInfo (RoleInfo.java:shutdownFollowerState(121)) - 50423279-f647-4a18-8e85-347d68eaf856: shutdown FollowerState
2019-10-15 16:11:43,456 [grpc-default-executor-0] INFO  impl.RoleInfo (RoleInfo.java:shutdownFollowerState(121)) - 2ec85f63-33fb-4317-9145-71357d145af9: shutdown FollowerState
2019-10-15 16:11:43,456 [Thread-781] INFO  impl.FollowerState (FollowerState.java:run(117)) - 50423279-f647-4a18-8e85-347d68eaf856@group-B2671EB745D2-FollowerState was interrupted: java.lang.InterruptedException: sleep interrupted
2019-10-15 16:11:43,456 [grpc-default-executor-2] INFO  impl.RoleInfo (RoleInfo.java:updateAndGet(143)) - 50423279-f647-4a18-8e85-347d68eaf856: start FollowerState
2019-10-15 16:11:43,456 [Thread-782] INFO  impl.FollowerState (FollowerState.java:run(117)) - 2ec85f63-33fb-4317-9145-71357d145af9@group-B2671EB745D2-FollowerState was interrupted: java.lang.InterruptedException: sleep interrupted
2019-10-15 16:11:43,456 [grpc-default-executor-0] INFO  impl.RoleInfo (RoleInfo.java:updateAndGet(143)) - 2ec85f63-33fb-4317-9145-71357d145af9: start FollowerState
2019-10-15 16:11:43,462 [25d6372c-77fd-4a39-ac2a-e48debad48df@group-B2671EB745D2-LeaderElection87] INFO  impl.LeaderElection (LeaderElection.java:logAndReturn(56)) - 25d6372c-77fd-4a39-ac2a-e48debad48df@group-B2671EB745D2-LeaderElection87: Election REJECTED; received 2 response(s) [25d6372c-77fd-4a39-ac2a-e48debad48df<-2ec85f63-33fb-4317-9145-71357d145af9#0:FAIL-t90, 25d6372c-77fd-4a39-ac2a-e48debad48df<-50423279-f647-4a18-8e85-347d68eaf856#0:FAIL-t90] and 0 exception(s); 25d6372c-77fd-4a39-ac2a-e48debad48df@group-B2671EB745D2:t90, leader=null, voted=25d6372c-77fd-4a39-ac2a-e48debad48df, raftlog=25d6372c-77fd-4a39-ac2a-e48debad48df@group-B2671EB745D2-SegmentedRaftLog:OPENED:c-1,f-1,i0, conf=-1: [50423279-f647-4a18-8e85-347d68eaf856:192.168.69.88:39583, 2ec85f63-33fb-4317-9145-71357d145af9:192.168.69.88:42357, 25d6372c-77fd-4a39-ac2a-e48debad48df:192.168.69.88:39591], old=null
2019-10-15 16:11:43,462 [25d6372c-77fd-4a39-ac2a-e48debad48df@group-B2671EB745D2-LeaderElection87] INFO  impl.RaftServerImpl (RaftServerImpl.java:setRole(184)) - 25d6372c-77fd-4a39-ac2a-e48debad48df@group-B2671EB745D2: changes role from CANDIDATE to FOLLOWER at term 90 for DISCOVERED_A_NEW_TERM
2019-10-15 16:11:43,462 [25d6372c-77fd-4a39-ac2a-e48debad48df@group-B2671EB745D2-LeaderElection87] INFO  impl.RoleInfo (RoleInfo.java:shutdownLeaderElection(134)) - 25d6372c-77fd-4a39-ac2a-e48debad48df: shutdown LeaderElection
2019-10-15 16:11:43,463 [25d6372c-77fd-4a39-ac2a-e48debad48df@group-B2671EB745D2-LeaderElection87] INFO  impl.RoleInfo (RoleInfo.java:updateAndGet(143)) - 25d6372c-77fd-4a39-ac2a-e48debad48df: start FollowerState
2019-10-15 16:11:43,633 [Thread-789] INFO  impl.FollowerState (FollowerState.java:run(108)) - 25d6372c-77fd-4a39-ac2a-e48debad48df@group-B2671EB745D2-FollowerState: change to CANDIDATE, lastRpcTime:170ms, electionTimeout:170ms
2019-10-15 16:11:43,633 [Thread-789] INFO  impl.RoleInfo (RoleInfo.java:shutdownFollowerState(121)) - 25d6372c-77fd-4a39-ac2a-e48debad48df: shutdown FollowerState
2019-10-15 16:11:43,633 [Thread-789] INFO  impl.RaftServerImpl (RaftServerImpl.java:setRole(184)) - 25d6372c-77fd-4a39-ac2a-e48debad48df@group-B2671EB745D2: changes role from  FOLLOWER to CANDIDATE at term 90 for changeToCandidate
2019-10-15 16:11:43,633 [Thread-789] INFO  impl.RoleInfo (RoleInfo.java:updateAndGet(143)) - 25d6372c-77fd-4a39-ac2a-e48debad48df: start LeaderElection
2019-10-15 16:11:43,639 [25d6372c-77fd-4a39-ac2a-e48debad48df@group-B2671EB745D2-LeaderElection88] INFO  impl.LeaderElection (LeaderElection.java:askForVotes(178)) - 25d6372c-77fd-4a39-ac2a-e48debad48df@group-B2671EB745D2-LeaderElection88: begin an election at term 91 for -1: [50423279-f647-4a18-8e85-347d68eaf856:192.168.69.88:39583, 2ec85f63-33fb-4317-9145-71357d145af9:192.168.69.88:42357, 25d6372c-77fd-4a39-ac2a-e48debad48df:192.168.69.88:39591], old=null
2019-10-15 16:11:43,641 [grpc-default-executor-2] INFO  impl.RaftServerImpl (RaftServerImpl.java:setRole(184)) - 50423279-f647-4a18-8e85-347d68eaf856@group-B2671EB745D2: changes role from  FOLLOWER to FOLLOWER at term 91 for recognizeCandidate:25d6372c-77fd-4a39-ac2a-e48debad48df
2019-10-15 16:11:43,641 [grpc-default-executor-2] INFO  impl.RoleInfo (RoleInfo.java:shutdownFollowerState(121)) - 50423279-f647-4a18-8e85-347d68eaf856: shutdown FollowerState
2019-10-15 16:11:43,641 [grpc-default-executor-2] INFO  impl.RoleInfo (RoleInfo.java:updateAndGet(143)) - 50423279-f647-4a18-8e85-347d68eaf856: start FollowerState
2019-10-15 16:11:43,641 [Thread-787] INFO  impl.FollowerState (FollowerState.java:run(117)) - 50423279-f647-4a18-8e85-347d68eaf856@group-B2671EB745D2-FollowerState was interrupted: java.lang.InterruptedException: sleep interrupted
2019-10-15 16:11:43,641 [grpc-default-executor-0] INFO  impl.RaftServerImpl (RaftServerImpl.java:setRole(184)) - 2ec85f63-33fb-4317-9145-71357d145af9@group-B2671EB745D2: changes role from  FOLLOWER to FOLLOWER at term 91 for recognizeCandidate:25d6372c-77fd-4a39-ac2a-e48debad48df
2019-10-15 16:11:43,642 [grpc-default-executor-0] INFO  impl.RoleInfo (RoleInfo.java:shutdownFollowerState(121)) - 2ec85f63-33fb-4317-9145-71357d145af9: shutdown FollowerState
2019-10-15 16:11:43,642 [grpc-default-executor-0] INFO  impl.RoleInfo (RoleInfo.java:updateAndGet(143)) - 2ec85f63-33fb-4317-9145-71357d145af9: start FollowerState
2019-10-15 16:11:43,642 [Thread-788] INFO  impl.FollowerState (FollowerState.java:run(117)) - 2ec85f63-33fb-4317-9145-71357d145af9@group-B2671EB745D2-FollowerState was interrupted: java.lang.InterruptedException: sleep interrupted
2019-10-15 16:11:43,651 [25d6372c-77fd-4a39-ac2a-e48debad48df@group-B2671EB745D2-LeaderElection88] INFO  impl.LeaderElection (LeaderElection.java:logAndReturn(56)) - 25d6372c-77fd-4a39-ac2a-e48debad48df@group-B2671EB745D2-LeaderElection88: Election REJECTED; received 2 response(s) [25d6372c-77fd-4a39-ac2a-e48debad48df<-50423279-f647-4a18-8e85-347d68eaf856#0:FAIL-t91, 25d6372c-77fd-4a39-ac2a-e48debad48df<-2ec85f63-33fb-4317-9145-71357d145af9#0:FAIL-t91] and 0 exception(s); 25d6372c-77fd-4a39-ac2a-e48debad48df@group-B2671EB745D2:t91, leader=null, voted=25d6372c-77fd-4a39-ac2a-e48debad48df, raftlog=25d6372c-77fd-4a39-ac2a-e48debad48df@group-B2671EB745D2-SegmentedRaftLog:OPENED:c-1,f-1,i0, conf=-1: [50423279-f647-4a18-8e85-347d68eaf856:192.168.69.88:39583, 2ec85f63-33fb-4317-9145-71357d145af9:192.168.69.88:42357, 25d6372c-77fd-4a39-ac2a-e48debad48df:192.168.69.88:39591], old=null
2019-10-15 16:11:43,651 [25d6372c-77fd-4a39-ac2a-e48debad48df@group-B2671EB745D2-LeaderElection88] INFO  impl.RaftServerImpl (RaftServerImpl.java:setRole(184)) - 25d6372c-77fd-4a39-ac2a-e48debad48df@group-B2671EB745D2: changes role from CANDIDATE to FOLLOWER at term 91 for DISCOVERED_A_NEW_TERM
2019-10-15 16:11:43,651 [25d6372c-77fd-4a39-ac2a-e48debad48df@group-B2671EB745D2-LeaderElection88] INFO  impl.RoleInfo (RoleInfo.java:shutdownLeaderElection(134)) - 25d6372c-77fd-4a39-ac2a-e48debad48df: shutdown LeaderElection
2019-10-15 16:11:43,651 [25d6372c-77fd-4a39-ac2a-e48debad48df@group-B2671EB745D2-LeaderElection88] INFO  impl.RoleInfo (RoleInfo.java:updateAndGet(143)) - 25d6372c-77fd-4a39-ac2a-e48debad48df: start FollowerState
2019-10-15 16:11:43,801 [Thread-795] INFO  impl.FollowerState (FollowerState.java:run(108)) - 25d6372c-77fd-4a39-ac2a-e48debad48df@group-B2671EB745D2-FollowerState: change to CANDIDATE, lastRpcTime:149ms, electionTimeout:149ms
2019-10-15 16:11:43,801 [Thread-795] INFO  impl.RoleInfo (RoleInfo.java:shutdownFollowerState(121)) - 25d6372c-77fd-4a39-ac2a-e48debad48df: shutdown FollowerState
2019-10-15 16:11:43,801 [Thread-795] INFO  impl.RaftServerImpl (RaftServerImpl.java:setRole(184)) - 25d6372c-77fd-4a39-ac2a-e48debad48df@group-B2671EB745D2: changes role from  FOLLOWER to CANDIDATE at term 91 for changeToCandidate
2019-10-15 16:11:43,807 [Thread-795] INFO  impl.RoleInfo (RoleInfo.java:updateAndGet(143)) - 25d6372c-77fd-4a39-ac2a-e48debad48df: start LeaderElection
2019-10-15 16:11:43,913 [25d6372c-77fd-4a39-ac2a-e48debad48df@group-B2671EB745D2-LeaderElection89] INFO  impl.LeaderElection (LeaderElection.java:askForVotes(178)) - 25d6372c-77fd-4a39-ac2a-e48debad48df@group-B2671EB745D2-LeaderElection89: begin an election at term 92 for -1: [50423279-f647-4a18-8e85-347d68eaf856:192.168.69.88:39583, 2ec85f63-33fb-4317-9145-71357d145af9:192.168.69.88:42357, 25d6372c-77fd-4a39-ac2a-e48debad48df:192.168.69.88:39591], old=null
2019-10-15 16:11:43,916 [grpc-default-executor-0] INFO  impl.RaftServerImpl (RaftServerImpl.java:setRole(184)) - 50423279-f647-4a18-8e85-347d68eaf856@group-B2671EB745D2: changes role from  FOLLOWER to FOLLOWER at term 92 for recognizeCandidate:25d6372c-77fd-4a39-ac2a-e48debad48df
2019-10-15 16:11:43,916 [grpc-default-executor-2] INFO  impl.RaftServerImpl (RaftServerImpl.java:setRole(184)) - 2ec85f63-33fb-4317-9145-71357d145af9@group-B2671EB745D2: changes role from  FOLLOWER to FOLLOWER at term 92 for recognizeCandidate:25d6372c-77fd-4a39-ac2a-e48debad48df
2019-10-15 16:11:43,916 [grpc-default-executor-0] INFO  impl.RoleInfo (RoleInfo.java:shutdownFollowerState(121)) - 50423279-f647-4a18-8e85-347d68eaf856: shutdown FollowerState
2019-10-15 16:11:43,916 [grpc-default-executor-2] INFO  impl.RoleInfo (RoleInfo.java:shutdownFollowerState(121)) - 2ec85f63-33fb-4317-9145-71357d145af9: shutdown FollowerState
2019-10-15 16:11:43,917 [grpc-default-executor-0] INFO  impl.RoleInfo (RoleInfo.java:updateAndGet(143)) - 50423279-f647-4a18-8e85-347d68eaf856: start FollowerState
2019-10-15 16:11:43,917 [Thread-793] INFO  impl.FollowerState (FollowerState.java:run(117)) - 50423279-f647-4a18-8e85-347d68eaf856@group-B2671EB745D2-FollowerState was interrupted: java.lang.InterruptedException: sleep interrupted
2019-10-15 16:11:43,917 [Thread-794] INFO  impl.FollowerState (FollowerState.java:run(117)) - 2ec85f63-33fb-4317-9145-71357d145af9@group-B2671EB745D2-FollowerState was interrupted: java.lang.InterruptedException: sleep interrupted
2019-10-15 16:11:43,917 [grpc-default-executor-2] INFO  impl.RoleInfo (RoleInfo.java:updateAndGet(143)) - 2ec85f63-33fb-4317-9145-71357d145af9: start FollowerState
2019-10-15 16:11:43,922 [25d6372c-77fd-4a39-ac2a-e48debad48df@group-B2671EB745D2-LeaderElection89] INFO  impl.LeaderElection (LeaderElection.java:logAndReturn(56)) - 25d6372c-77fd-4a39-ac2a-e48debad48df@group-B2671EB745D2-LeaderElection89: Election TIMEOUT; received 0 response(s) [] and 0 exception(s); 25d6372c-77fd-4a39-ac2a-e48debad48df@group-B2671EB745D2:t92, leader=null, voted=25d6372c-77fd-4a39-ac2a-e48debad48df, raftlog=25d6372c-77fd-4a39-ac2a-e48debad48df@group-B2671EB745D2-SegmentedRaftLog:OPENED:c-1,f-1,i0, conf=-1: [50423279-f647-4a18-8e85-347d68eaf856:192.168.69.88:39583, 2ec85f63-33fb-4317-9145-71357d145af9:192.168.69.88:42357, 25d6372c-77fd-4a39-ac2a-e48debad48df:192.168.69.88:39591], old=null
2019-10-15 16:11:43,926 [25d6372c-77fd-4a39-ac2a-e48debad48df@group-B2671EB745D2-LeaderElection89] INFO  impl.LeaderElection (LeaderElection.java:askForVotes(178)) - 25d6372c-77fd-4a39-ac2a-e48debad48df@group-B2671EB745D2-LeaderElection89: begin an election at term 93 for -1: [50423279-f647-4a18-8e85-347d68eaf856:192.168.69.88:39583, 2ec85f63-33fb-4317-9145-71357d145af9:192.168.69.88:42357, 25d6372c-77fd-4a39-ac2a-e48debad48df:192.168.69.88:39591], old=null
2019-10-15 16:11:43,929 [grpc-default-executor-0] INFO  impl.RaftServerImpl (RaftServerImpl.java:setRole(184)) - 50423279-f647-4a18-8e85-347d68eaf856@group-B2671EB745D2: changes role from  FOLLOWER to FOLLOWER at term 93 for recognizeCandidate:25d6372c-77fd-4a39-ac2a-e48debad48df
2019-10-15 16:11:43,929 [grpc-default-executor-0] INFO  impl.RoleInfo (RoleInfo.java:shutdownFollowerState(121)) - 50423279-f647-4a18-8e85-347d68eaf856: shutdown FollowerState
2019-10-15 16:11:43,929 [grpc-default-executor-0] INFO  impl.RoleInfo (RoleInfo.java:updateAndGet(143)) - 50423279-f647-4a18-8e85-347d68eaf856: start FollowerState
2019-10-15 16:11:43,929 [Thread-799] INFO  impl.FollowerState (FollowerState.java:run(117)) - 50423279-f647-4a18-8e85-347d68eaf856@group-B2671EB745D2-FollowerState was interrupted: java.lang.InterruptedException: sleep interrupted
2019-10-15 16:11:43,929 [grpc-default-executor-2] INFO  impl.RaftServerImpl (RaftServerImpl.java:setRole(184)) - 2ec85f63-33fb-4317-9145-71357d145af9@group-B2671EB745D2: changes role from  FOLLOWER to FOLLOWER at term 93 for recognizeCandidate:25d6372c-77fd-4a39-ac2a-e48debad48df
2019-10-15 16:11:43,930 [grpc-default-executor-2] INFO  impl.RoleInfo (RoleInfo.java:shutdownFollowerState(121)) - 2ec85f63-33fb-4317-9145-71357d145af9: shutdown FollowerState
2019-10-15 16:11:43,930 [grpc-default-executor-2] INFO  impl.RoleInfo (RoleInfo.java:updateAndGet(143)) - 2ec85f63-33fb-4317-9145-71357d145af9: start FollowerState
2019-10-15 16:11:43,930 [Thread-800] INFO  impl.FollowerState (FollowerState.java:run(117)) - 2ec85f63-33fb-4317-9145-71357d145af9@group-B2671EB745D2-FollowerState was interrupted: java.lang.InterruptedException: sleep interrupted
2019-10-15 16:11:43,939 [25d6372c-77fd-4a39-ac2a-e48debad48df@group-B2671EB745D2-LeaderElection89] INFO  impl.LeaderElection (LeaderElection.java:logAndReturn(56)) - 25d6372c-77fd-4a39-ac2a-e48debad48df@group-B2671EB745D2-LeaderElection89: Election REJECTED; received 2 response(s) [25d6372c-77fd-4a39-ac2a-e48debad48df<-2ec85f63-33fb-4317-9145-71357d145af9#0:FAIL-t93, 25d6372c-77fd-4a39-ac2a-e48debad48df<-50423279-f647-4a18-8e85-347d68eaf856#0:FAIL-t93] and 0 exception(s); 25d6372c-77fd-4a39-ac2a-e48debad48df@group-B2671EB745D2:t93, leader=null, voted=25d6372c-77fd-4a39-ac2a-e48debad48df, raftlog=25d6372c-77fd-4a39-ac2a-e48debad48df@group-B2671EB745D2-SegmentedRaftLog:OPENED:c-1,f-1,i0, conf=-1: [50423279-f647-4a18-8e85-347d68eaf856:192.168.69.88:39583, 2ec85f63-33fb-4317-9145-71357d145af9:192.168.69.88:42357, 25d6372c-77fd-4a39-ac2a-e48debad48df:192.168.69.88:39591], old=null
2019-10-15 16:11:43,939 [25d6372c-77fd-4a39-ac2a-e48debad48df@group-B2671EB745D2-LeaderElection89] INFO  impl.RaftServerImpl (RaftServerImpl.java:setRole(184)) - 25d6372c-77fd-4a39-ac2a-e48debad48df@group-B2671EB745D2: changes role from CANDIDATE to FOLLOWER at term 93 for DISCOVERED_A_NEW_TERM
2019-10-15 16:11:43,939 [25d6372c-77fd-4a39-ac2a-e48debad48df@group-B2671EB745D2-LeaderElection89] INFO  impl.RoleInfo (RoleInfo.java:shutdownLeaderElection(134)) - 25d6372c-77fd-4a39-ac2a-e48debad48df: shutdown LeaderElection
2019-10-15 16:11:43,939 [25d6372c-77fd-4a39-ac2a-e48debad48df@group-B2671EB745D2-LeaderElection89] INFO  impl.RoleInfo (RoleInfo.java:updateAndGet(143)) - 25d6372c-77fd-4a39-ac2a-e48debad48df: start FollowerState
2019-10-15 16:11:43,974 [Thread-805] INFO  impl.FollowerState (FollowerState.java:run(108)) - 25d6372c-77fd-4a39-ac2a-e48debad48df@group-B2671EB745D2-FollowerState: change to CANDIDATE, lastRpcTime:34ms, electionTimeout:34ms
2019-10-15 16:11:43,974 [Thread-805] INFO  impl.RoleInfo (RoleInfo.java:shutdownFollowerState(121)) - 25d6372c-77fd-4a39-ac2a-e48debad48df: shutdown FollowerState
2019-10-15 16:11:43,974 [Thread-805] INFO  impl.RaftServerImpl (RaftServerImpl.java:setRole(184)) - 25d6372c-77fd-4a39-ac2a-e48debad48df@group-B2671EB745D2: changes role from  FOLLOWER to CANDIDATE at term 93 for changeToCandidate
2019-10-15 16:11:43,974 [Thread-805] INFO  impl.RoleInfo (RoleInfo.java:updateAndGet(143)) - 25d6372c-77fd-4a39-ac2a-e48debad48df: start LeaderElection
2019-10-15 16:11:43,978 [25d6372c-77fd-4a39-ac2a-e48debad48df@group-B2671EB745D2-LeaderElection90] INFO  impl.LeaderElection (LeaderElection.java:askForVotes(178)) - 25d6372c-77fd-4a39-ac2a-e48debad48df@group-B2671EB745D2-LeaderElection90: begin an election at term 94 for -1: [50423279-f647-4a18-8e85-347d68eaf856:192.168.69.88:39583, 2ec85f63-33fb-4317-9145-71357d145af9:192.168.69.88:42357, 25d6372c-77fd-4a39-ac2a-e48debad48df:192.168.69.88:39591], old=null
2019-10-15 16:11:43,981 [grpc-default-executor-2] INFO  impl.RaftServerImpl (RaftServerImpl.java:setRole(184)) - 2ec85f63-33fb-4317-9145-71357d145af9@group-B2671EB745D2: changes role from  FOLLOWER to FOLLOWER at term 94 for recognizeCandidate:25d6372c-77fd-4a39-ac2a-e48debad48df
2019-10-15 16:11:43,981 [grpc-default-executor-0] INFO  impl.RaftServerImpl (RaftServerImpl.java:setRole(184)) - 50423279-f647-4a18-8e85-347d68eaf856@group-B2671EB745D2: changes role from  FOLLOWER to FOLLOWER at term 94 for recognizeCandidate:25d6372c-77fd-4a39-ac2a-e48debad48df
2019-10-15 16:11:43,981 [grpc-default-executor-2] INFO  impl.RoleInfo (RoleInfo.java:shutdownFollowerState(121)) - 2ec85f63-33fb-4317-9145-71357d145af9: shutdown FollowerState
2019-10-15 16:11:43,981 [grpc-default-executor-0] INFO  impl.RoleInfo (RoleInfo.java:shutdownFollowerState(121)) - 50423279-f647-4a18-8e85-347d68eaf856: shutdown FollowerState
2019-10-15 16:11:43,981 [Thread-804] INFO  impl.FollowerState (FollowerState.java:run(117)) - 2ec85f63-33fb-4317-9145-71357d145af9@group-B2671EB745D2-FollowerState was interrupted: java.lang.InterruptedException: sleep interrupted
2019-10-15 16:11:43,981 [grpc-default-executor-2] INFO  impl.RoleInfo (RoleInfo.java:updateAndGet(143)) - 2ec85f63-33fb-4317-9145-71357d145af9: start FollowerState
2019-10-15 16:11:43,981 [Thread-803] INFO  impl.FollowerState (FollowerState.java:run(117)) - 50423279-f647-4a18-8e85-347d68eaf856@group-B2671EB745D2-FollowerState was interrupted: java.lang.InterruptedException: sleep interrupted
2019-10-15 16:11:43,981 [grpc-default-executor-0] INFO  impl.RoleInfo (RoleInfo.java:updateAndGet(143)) - 50423279-f647-4a18-8e85-347d68eaf856: start FollowerState
2019-10-15 16:11:43,989 [25d6372c-77fd-4a39-ac2a-e48debad48df@group-B2671EB745D2-LeaderElection90] INFO  impl.LeaderElection (LeaderElection.java:logAndReturn(56)) - 25d6372c-77fd-4a39-ac2a-e48debad48df@group-B2671EB745D2-LeaderElection90: Election REJECTED; received 2 response(s) [25d6372c-77fd-4a39-ac2a-e48debad48df<-2ec85f63-33fb-4317-9145-71357d145af9#0:FAIL-t94, 25d6372c-77fd-4a39-ac2a-e48debad48df<-50423279-f647-4a18-8e85-347d68eaf856#0:FAIL-t94] and 0 exception(s); 25d6372c-77fd-4a39-ac2a-e48debad48df@group-B2671EB745D2:t94, leader=null, voted=25d6372c-77fd-4a39-ac2a-e48debad48df, raftlog=25d6372c-77fd-4a39-ac2a-e48debad48df@group-B2671EB745D2-SegmentedRaftLog:OPENED:c-1,f-1,i0, conf=-1: [50423279-f647-4a18-8e85-347d68eaf856:192.168.69.88:39583, 2ec85f63-33fb-4317-9145-71357d145af9:192.168.69.88:42357, 25d6372c-77fd-4a39-ac2a-e48debad48df:192.168.69.88:39591], old=null
2019-10-15 16:11:43,989 [25d6372c-77fd-4a39-ac2a-e48debad48df@group-B2671EB745D2-LeaderElection90] INFO  impl.RaftServerImpl (RaftServerImpl.java:setRole(184)) - 25d6372c-77fd-4a39-ac2a-e48debad48df@group-B2671EB745D2: changes role from CANDIDATE to FOLLOWER at term 94 for DISCOVERED_A_NEW_TERM
2019-10-15 16:11:43,989 [25d6372c-77fd-4a39-ac2a-e48debad48df@group-B2671EB745D2-LeaderElection90] INFO  impl.RoleInfo (RoleInfo.java:shutdownLeaderElection(134)) - 25d6372c-77fd-4a39-ac2a-e48debad48df: shutdown LeaderElection
2019-10-15 16:11:43,989 [25d6372c-77fd-4a39-ac2a-e48debad48df@group-B2671EB745D2-LeaderElection90] INFO  impl.RoleInfo (RoleInfo.java:updateAndGet(143)) - 25d6372c-77fd-4a39-ac2a-e48debad48df: start FollowerState
2019-10-15 16:11:44,010 [Thread-811] INFO  impl.FollowerState (FollowerState.java:run(108)) - 25d6372c-77fd-4a39-ac2a-e48debad48df@group-B2671EB745D2-FollowerState: change to CANDIDATE, lastRpcTime:20ms, electionTimeout:20ms
2019-10-15 16:11:44,010 [Thread-811] INFO  impl.RoleInfo (RoleInfo.java:shutdownFollowerState(121)) - 25d6372c-77fd-4a39-ac2a-e48debad48df: shutdown FollowerState
2019-10-15 16:11:44,010 [Thread-811] INFO  impl.RaftServerImpl (RaftServerImpl.java:setRole(184)) - 25d6372c-77fd-4a39-ac2a-e48debad48df@group-B2671EB745D2: changes role from  FOLLOWER to CANDIDATE at term 94 for changeToCandidate
2019-10-15 16:11:44,010 [Thread-811] INFO  impl.RoleInfo (RoleInfo.java:updateAndGet(143)) - 25d6372c-77fd-4a39-ac2a-e48debad48df: start LeaderElection
2019-10-15 16:11:44,017 [25d6372c-77fd-4a39-ac2a-e48debad48df@group-B2671EB745D2-LeaderElection91] INFO  impl.LeaderElection (LeaderElection.java:askForVotes(178)) - 25d6372c-77fd-4a39-ac2a-e48debad48df@group-B2671EB745D2-LeaderElection91: begin an election at term 95 for -1: [50423279-f647-4a18-8e85-347d68eaf856:192.168.69.88:39583, 2ec85f63-33fb-4317-9145-71357d145af9:192.168.69.88:42357, 25d6372c-77fd-4a39-ac2a-e48debad48df:192.168.69.88:39591], old=null
2019-10-15 16:11:44,019 [grpc-default-executor-0] INFO  impl.RaftServerImpl (RaftServerImpl.java:setRole(184)) - 2ec85f63-33fb-4317-9145-71357d145af9@group-B2671EB745D2: changes role from  FOLLOWER to FOLLOWER at term 95 for recognizeCandidate:25d6372c-77fd-4a39-ac2a-e48debad48df
2019-10-15 16:11:44,019 [grpc-default-executor-0] INFO  impl.RoleInfo (RoleInfo.java:shutdownFollowerState(121)) - 2ec85f63-33fb-4317-9145-71357d145af9: shutdown FollowerState
2019-10-15 16:11:44,019 [grpc-default-executor-2] INFO  impl.RaftServerImpl (RaftServerImpl.java:setRole(184)) - 50423279-f647-4a18-8e85-347d68eaf856@group-B2671EB745D2: changes role from  FOLLOWER to FOLLOWER at term 95 for recognizeCandidate:25d6372c-77fd-4a39-ac2a-e48debad48df
2019-10-15 16:11:44,019 [Thread-809] INFO  impl.FollowerState (FollowerState.java:run(117)) - 2ec85f63-33fb-4317-9145-71357d145af9@group-B2671EB745D2-FollowerState was interrupted: java.lang.InterruptedException: sleep interrupted
2019-10-15 16:11:44,019 [grpc-default-executor-0] INFO  impl.RoleInfo (RoleInfo.java:updateAndGet(143)) - 2ec85f63-33fb-4317-9145-71357d145af9: start FollowerState
2019-10-15 16:11:44,019 [grpc-default-executor-2] INFO  impl.RoleInfo (RoleInfo.java:shutdownFollowerState(121)) - 50423279-f647-4a18-8e85-347d68eaf856: shutdown FollowerState
2019-10-15 16:11:44,020 [grpc-default-executor-2] INFO  impl.RoleInfo (RoleInfo.java:updateAndGet(143)) - 50423279-f647-4a18-8e85-347d68eaf856: start FollowerState
2019-10-15 16:11:44,020 [Thread-810] INFO  impl.FollowerState (FollowerState.java:run(117)) - 50423279-f647-4a18-8e85-347d68eaf856@group-B2671EB745D2-FollowerState was interrupted: java.lang.InterruptedException: sleep interrupted
2019-10-15 16:11:44,033 [25d6372c-77fd-4a39-ac2a-e48debad48df@group-B2671EB745D2-LeaderElection91] INFO  impl.LeaderElection (LeaderElection.java:logAndReturn(56)) - 25d6372c-77fd-4a39-ac2a-e48debad48df@group-B2671EB745D2-LeaderElection91: Election REJECTED; received 2 response(s) [25d6372c-77fd-4a39-ac2a-e48debad48df<-2ec85f63-33fb-4317-9145-71357d145af9#0:FAIL-t95, 25d6372c-77fd-4a39-ac2a-e48debad48df<-50423279-f647-4a18-8e85-347d68eaf856#0:FAIL-t95] and 0 exception(s); 25d6372c-77fd-4a39-ac2a-e48debad48df@group-B2671EB745D2:t95, leader=null, voted=25d6372c-77fd-4a39-ac2a-e48debad48df, raftlog=25d6372c-77fd-4a39-ac2a-e48debad48df@group-B2671EB745D2-SegmentedRaftLog:OPENED:c-1,f-1,i0, conf=-1: [50423279-f647-4a18-8e85-347d68eaf856:192.168.69.88:39583, 2ec85f63-33fb-4317-9145-71357d145af9:192.168.69.88:42357, 25d6372c-77fd-4a39-ac2a-e48debad48df:192.168.69.88:39591], old=null
2019-10-15 16:11:44,033 [25d6372c-77fd-4a39-ac2a-e48debad48df@group-B2671EB745D2-LeaderElection91] INFO  impl.RaftServerImpl (RaftServerImpl.java:setRole(184)) - 25d6372c-77fd-4a39-ac2a-e48debad48df@group-B2671EB745D2: changes role from CANDIDATE to FOLLOWER at term 95 for DISCOVERED_A_NEW_TERM
2019-10-15 16:11:44,033 [25d6372c-77fd-4a39-ac2a-e48debad48df@group-B2671EB745D2-LeaderElection91] INFO  impl.RoleInfo (RoleInfo.java:shutdownLeaderElection(134)) - 25d6372c-77fd-4a39-ac2a-e48debad48df: shutdown LeaderElection
2019-10-15 16:11:44,033 [25d6372c-77fd-4a39-ac2a-e48debad48df@group-B2671EB745D2-LeaderElection91] INFO  impl.RoleInfo (RoleInfo.java:updateAndGet(143)) - 25d6372c-77fd-4a39-ac2a-e48debad48df: start FollowerState
2019-10-15 16:11:44,217 [Thread-817] INFO  impl.FollowerState (FollowerState.java:run(108)) - 25d6372c-77fd-4a39-ac2a-e48debad48df@group-B2671EB745D2-FollowerState: change to CANDIDATE, lastRpcTime:183ms, electionTimeout:183ms
2019-10-15 16:11:44,217 [Thread-817] INFO  impl.RoleInfo (RoleInfo.java:shutdownFollowerState(121)) - 25d6372c-77fd-4a39-ac2a-e48debad48df: shutdown FollowerState
2019-10-15 16:11:44,217 [Thread-817] INFO  impl.RaftServerImpl (RaftServerImpl.java:setRole(184)) - 25d6372c-77fd-4a39-ac2a-e48debad48df@group-B2671EB745D2: changes role from  FOLLOWER to CANDIDATE at term 95 for changeToCandidate
2019-10-15 16:11:44,217 [Thread-817] INFO  impl.RoleInfo (RoleInfo.java:updateAndGet(143)) - 25d6372c-77fd-4a39-ac2a-e48debad48df: start LeaderElection
2019-10-15 16:11:44,232 [25d6372c-77fd-4a39-ac2a-e48debad48df@group-B2671EB745D2-LeaderElection92] INFO  impl.LeaderElection (LeaderElection.java:askForVotes(178)) - 25d6372c-77fd-4a39-ac2a-e48debad48df@group-B2671EB745D2-LeaderElection92: begin an election at term 96 for -1: [50423279-f647-4a18-8e85-347d68eaf856:192.168.69.88:39583, 2ec85f63-33fb-4317-9145-71357d145af9:192.168.69.88:42357, 25d6372c-77fd-4a39-ac2a-e48debad48df:192.168.69.88:39591], old=null
2019-10-15 16:11:44,236 [grpc-default-executor-5] INFO  impl.RaftServerImpl (RaftServerImpl.java:setRole(184)) - 2ec85f63-33fb-4317-9145-71357d145af9@group-B2671EB745D2: changes role from  FOLLOWER to FOLLOWER at term 96 for recognizeCandidate:25d6372c-77fd-4a39-ac2a-e48debad48df
2019-10-15 16:11:44,236 [grpc-default-executor-2] INFO  impl.RaftServerImpl (RaftServerImpl.java:setRole(184)) - 50423279-f647-4a18-8e85-347d68eaf856@group-B2671EB745D2: changes role from  FOLLOWER to FOLLOWER at term 96 for recognizeCandidate:25d6372c-77fd-4a39-ac2a-e48debad48df
2019-10-15 16:11:44,236 [grpc-default-executor-5] INFO  impl.RoleInfo (RoleInfo.java:shutdownFollowerState(121)) - 2ec85f63-33fb-4317-9145-71357d145af9: shutdown FollowerState
2019-10-15 16:11:44,236 [grpc-default-executor-2] INFO  impl.RoleInfo (RoleInfo.java:shutdownFollowerState(121)) - 50423279-f647-4a18-8e85-347d68eaf856: shutdown FollowerState
2019-10-15 16:11:44,236 [Thread-815] INFO  impl.FollowerState (FollowerState.java:run(117)) - 2ec85f63-33fb-4317-9145-71357d145af9@group-B2671EB745D2-FollowerState was interrupted: java.lang.InterruptedException: sleep interrupted
2019-10-15 16:11:44,236 [Thread-816] INFO  impl.FollowerState (FollowerState.java:run(117)) - 50423279-f647-4a18-8e85-347d68eaf856@group-B2671EB745D2-FollowerState was interrupted: java.lang.InterruptedException: sleep interrupted
2019-10-15 16:11:44,236 [grpc-default-executor-5] INFO  impl.RoleInfo (RoleInfo.java:updateAndGet(143)) - 2ec85f63-33fb-4317-9145-71357d145af9: start FollowerState
2019-10-15 16:11:44,236 [grpc-default-executor-2] INFO  impl.RoleInfo (RoleInfo.java:updateAndGet(143)) - 50423279-f647-4a18-8e85-347d68eaf856: start FollowerState
2019-10-15 16:11:44,252 [25d6372c-77fd-4a39-ac2a-e48debad48df@group-B2671EB745D2-LeaderElection92] INFO  impl.LeaderElection (LeaderElection.java:logAndReturn(56)) - 25d6372c-77fd-4a39-ac2a-e48debad48df@group-B2671EB745D2-LeaderElection92: Election REJECTED; received 2 response(s) [25d6372c-77fd-4a39-ac2a-e48debad48df<-50423279-f647-4a18-8e85-347d68eaf856#0:FAIL-t96, 25d6372c-77fd-4a39-ac2a-e48debad48df<-2ec85f63-33fb-4317-9145-71357d145af9#0:FAIL-t96] and 0 exception(s); 25d6372c-77fd-4a39-ac2a-e48debad48df@group-B2671EB745D2:t96, leader=null, voted=25d6372c-77fd-4a39-ac2a-e48debad48df, raftlog=25d6372c-77fd-4a39-ac2a-e48debad48df@group-B2671EB745D2-SegmentedRaftLog:OPENED:c-1,f-1,i0, conf=-1: [50423279-f647-4a18-8e85-347d68eaf856:192.168.69.88:39583, 2ec85f63-33fb-4317-9145-71357d145af9:192.168.69.88:42357, 25d6372c-77fd-4a39-ac2a-e48debad48df:192.168.69.88:39591], old=null
2019-10-15 16:11:44,252 [25d6372c-77fd-4a39-ac2a-e48debad48df@group-B2671EB745D2-LeaderElection92] INFO  impl.RaftServerImpl (RaftServerImpl.java:setRole(184)) - 25d6372c-77fd-4a39-ac2a-e48debad48df@group-B2671EB745D2: changes role from CANDIDATE to FOLLOWER at term 96 for DISCOVERED_A_NEW_TERM
2019-10-15 16:11:44,252 [25d6372c-77fd-4a39-ac2a-e48debad48df@group-B2671EB745D2-LeaderElection92] INFO  impl.RoleInfo (RoleInfo.java:shutdownLeaderElection(134)) - 25d6372c-77fd-4a39-ac2a-e48debad48df: shutdown LeaderElection
2019-10-15 16:11:44,253 [25d6372c-77fd-4a39-ac2a-e48debad48df@group-B2671EB745D2-LeaderElection92] INFO  impl.RoleInfo (RoleInfo.java:updateAndGet(143)) - 25d6372c-77fd-4a39-ac2a-e48debad48df: start FollowerState
2019-10-15 16:11:44,259 [Thread-825] INFO  impl.FollowerState (FollowerState.java:run(108)) - 25d6372c-77fd-4a39-ac2a-e48debad48df@group-B2671EB745D2-FollowerState: change to CANDIDATE, lastRpcTime:6ms, electionTimeout:6ms
2019-10-15 16:11:44,259 [Thread-825] INFO  impl.RoleInfo (RoleInfo.java:shutdownFollowerState(121)) - 25d6372c-77fd-4a39-ac2a-e48debad48df: shutdown FollowerState
2019-10-15 16:11:44,259 [Thread-825] INFO  impl.RaftServerImpl (RaftServerImpl.java:setRole(184)) - 25d6372c-77fd-4a39-ac2a-e48debad48df@group-B2671EB745D2: changes role from  FOLLOWER to CANDIDATE at term 96 for changeToCandidate
2019-10-15 16:11:44,259 [Thread-825] INFO  impl.RoleInfo (RoleInfo.java:updateAndGet(143)) - 25d6372c-77fd-4a39-ac2a-e48debad48df: start LeaderElection
2019-10-15 16:11:44,267 [25d6372c-77fd-4a39-ac2a-e48debad48df@group-B2671EB745D2-LeaderElection93] INFO  impl.LeaderElection (LeaderElection.java:askForVotes(178)) - 25d6372c-77fd-4a39-ac2a-e48debad48df@group-B2671EB745D2-LeaderElection93: begin an election at term 97 for -1: [50423279-f647-4a18-8e85-347d68eaf856:192.168.69.88:39583, 2ec85f63-33fb-4317-9145-71357d145af9:192.168.69.88:42357, 25d6372c-77fd-4a39-ac2a-e48debad48df:192.168.69.88:39591], old=null
2019-10-15 16:11:44,270 [grpc-default-executor-2] INFO  impl.RaftServerImpl (RaftServerImpl.java:setRole(184)) - 2ec85f63-33fb-4317-9145-71357d145af9@group-B2671EB745D2: changes role from  FOLLOWER to FOLLOWER at term 97 for recognizeCandidate:25d6372c-77fd-4a39-ac2a-e48debad48df
2019-10-15 16:11:44,270 [grpc-default-executor-5] INFO  impl.RaftServerImpl (RaftServerImpl.java:setRole(184)) - 50423279-f647-4a18-8e85-347d68eaf856@group-B2671EB745D2: changes role from  FOLLOWER to FOLLOWER at term 97 for recognizeCandidate:25d6372c-77fd-4a39-ac2a-e48debad48df
2019-10-15 16:11:44,270 [grpc-default-executor-2] INFO  impl.RoleInfo (RoleInfo.java:shutdownFollowerState(121)) - 2ec85f63-33fb-4317-9145-71357d145af9: shutdown FollowerState
2019-10-15 16:11:44,270 [grpc-default-executor-5] INFO  impl.RoleInfo (RoleInfo.java:shutdownFollowerState(121)) - 50423279-f647-4a18-8e85-347d68eaf856: shutdown FollowerState
2019-10-15 16:11:44,270 [Thread-822] INFO  impl.FollowerState (FollowerState.java:run(117)) - 2ec85f63-33fb-4317-9145-71357d145af9@group-B2671EB745D2-FollowerState was interrupted: java.lang.InterruptedException: sleep interrupted
2019-10-15 16:11:44,270 [Thread-823] INFO  impl.FollowerState (FollowerState.java:run(117)) - 50423279-f647-4a18-8e85-347d68eaf856@group-B2671EB745D2-FollowerState was interrupted: java.lang.InterruptedException: sleep interrupted
2019-10-15 16:11:44,270 [grpc-default-executor-2] INFO  impl.RoleInfo (RoleInfo.java:updateAndGet(143)) - 2ec85f63-33fb-4317-9145-71357d145af9: start FollowerState
2019-10-15 16:11:44,270 [grpc-default-executor-5] INFO  impl.RoleInfo (RoleInfo.java:updateAndGet(143)) - 50423279-f647-4a18-8e85-347d68eaf856: start FollowerState
2019-10-15 16:11:44,281 [25d6372c-77fd-4a39-ac2a-e48debad48df@group-B2671EB745D2-LeaderElection93] INFO  impl.LeaderElection (LeaderElection.java:logAndReturn(56)) - 25d6372c-77fd-4a39-ac2a-e48debad48df@group-B2671EB745D2-LeaderElection93: Election REJECTED; received 2 response(s) [25d6372c-77fd-4a39-ac2a-e48debad48df<-50423279-f647-4a18-8e85-347d68eaf856#0:FAIL-t97, 25d6372c-77fd-4a39-ac2a-e48debad48df<-2ec85f63-33fb-4317-9145-71357d145af9#0:FAIL-t97] and 0 exception(s); 25d6372c-77fd-4a39-ac2a-e48debad48df@group-B2671EB745D2:t97, leader=null, voted=25d6372c-77fd-4a39-ac2a-e48debad48df, raftlog=25d6372c-77fd-4a39-ac2a-e48debad48df@group-B2671EB745D2-SegmentedRaftLog:OPENED:c-1,f-1,i0, conf=-1: [50423279-f647-4a18-8e85-347d68eaf856:192.168.69.88:39583, 2ec85f63-33fb-4317-9145-71357d145af9:192.168.69.88:42357, 25d6372c-77fd-4a39-ac2a-e48debad48df:192.168.69.88:39591], old=null
2019-10-15 16:11:44,281 [25d6372c-77fd-4a39-ac2a-e48debad48df@group-B2671EB745D2-LeaderElection93] INFO  impl.RaftServerImpl (RaftServerImpl.java:setRole(184)) - 25d6372c-77fd-4a39-ac2a-e48debad48df@group-B2671EB745D2: changes role from CANDIDATE to FOLLOWER at term 97 for DISCOVERED_A_NEW_TERM
2019-10-15 16:11:44,281 [25d6372c-77fd-4a39-ac2a-e48debad48df@group-B2671EB745D2-LeaderElection93] INFO  impl.RoleInfo (RoleInfo.java:shutdownLeaderElection(134)) - 25d6372c-77fd-4a39-ac2a-e48debad48df: shutdown LeaderElection
2019-10-15 16:11:44,281 [25d6372c-77fd-4a39-ac2a-e48debad48df@group-B2671EB745D2-LeaderElection93] INFO  impl.RoleInfo (RoleInfo.java:updateAndGet(143)) - 25d6372c-77fd-4a39-ac2a-e48debad48df: start FollowerState
2019-10-15 16:11:44,321 [Thread-831] INFO  impl.FollowerState (FollowerState.java:run(108)) - 25d6372c-77fd-4a39-ac2a-e48debad48df@group-B2671EB745D2-FollowerState: change to CANDIDATE, lastRpcTime:39ms, electionTimeout:39ms
2019-10-15 16:11:44,321 [Thread-831] INFO  impl.RoleInfo (RoleInfo.java:shutdownFollowerState(121)) - 25d6372c-77fd-4a39-ac2a-e48debad48df: shutdown FollowerState
2019-10-15 16:11:44,321 [Thread-831] INFO  impl.RaftServerImpl (RaftServerImpl.java:setRole(184)) - 25d6372c-77fd-4a39-ac2a-e48debad48df@group-B2671EB745D2: changes role from  FOLLOWER to CANDIDATE at term 97 for changeToCandidate
2019-10-15 16:11:44,321 [Thread-831] INFO  impl.RoleInfo (RoleInfo.java:updateAndGet(143)) - 25d6372c-77fd-4a39-ac2a-e48debad48df: start LeaderElection
2019-10-15 16:11:44,326 [25d6372c-77fd-4a39-ac2a-e48debad48df@group-B2671EB745D2-LeaderElection94] INFO  impl.LeaderElection (LeaderElection.java:askForVotes(178)) - 25d6372c-77fd-4a39-ac2a-e48debad48df@group-B2671EB745D2-LeaderElection94: begin an election at term 98 for -1: [50423279-f647-4a18-8e85-347d68eaf856:192.168.69.88:39583, 2ec85f63-33fb-4317-9145-71357d145af9:192.168.69.88:42357, 25d6372c-77fd-4a39-ac2a-e48debad48df:192.168.69.88:39591], old=null
2019-10-15 16:11:44,329 [grpc-default-executor-5] INFO  impl.RaftServerImpl (RaftServerImpl.java:setRole(184)) - 50423279-f647-4a18-8e85-347d68eaf856@group-B2671EB745D2: changes role from  FOLLOWER to FOLLOWER at term 98 for recognizeCandidate:25d6372c-77fd-4a39-ac2a-e48debad48df
2019-10-15 16:11:44,329 [grpc-default-executor-5] INFO  impl.RoleInfo (RoleInfo.java:shutdownFollowerState(121)) - 50423279-f647-4a18-8e85-347d68eaf856: shutdown FollowerState
2019-10-15 16:11:44,329 [grpc-default-executor-2] INFO  impl.RaftServerImpl (RaftServerImpl.java:setRole(184)) - 2ec85f63-33fb-4317-9145-71357d145af9@group-B2671EB745D2: changes role from  FOLLOWER to FOLLOWER at term 98 for recognizeCandidate:25d6372c-77fd-4a39-ac2a-e48debad48df
2019-10-15 16:11:44,329 [grpc-default-executor-2] INFO  impl.RoleInfo (RoleInfo.java:shutdownFollowerState(121)) - 2ec85f63-33fb-4317-9145-71357d145af9: shutdown FollowerState
2019-10-15 16:11:44,329 [Thread-830] INFO  impl.FollowerState (FollowerState.java:run(117)) - 50423279-f647-4a18-8e85-347d68eaf856@group-B2671EB745D2-FollowerState was interrupted: java.lang.InterruptedException: sleep interrupted
2019-10-15 16:11:44,329 [grpc-default-executor-5] INFO  impl.RoleInfo (RoleInfo.java:updateAndGet(143)) - 50423279-f647-4a18-8e85-347d68eaf856: start FollowerState
2019-10-15 16:11:44,330 [Thread-829] INFO  impl.FollowerState (FollowerState.java:run(117)) - 2ec85f63-33fb-4317-9145-71357d145af9@group-B2671EB745D2-FollowerState was interrupted: java.lang.InterruptedException: sleep interrupted
2019-10-15 16:11:44,329 [grpc-default-executor-2] INFO  impl.RoleInfo (RoleInfo.java:updateAndGet(143)) - 2ec85f63-33fb-4317-9145-71357d145af9: start FollowerState
2019-10-15 16:11:44,345 [25d6372c-77fd-4a39-ac2a-e48debad48df@group-B2671EB745D2-LeaderElection94] INFO  impl.LeaderElection (LeaderElection.java:logAndReturn(56)) - 25d6372c-77fd-4a39-ac2a-e48debad48df@group-B2671EB745D2-LeaderElection94: Election REJECTED; received 2 response(s) [25d6372c-77fd-4a39-ac2a-e48debad48df<-2ec85f63-33fb-4317-9145-71357d145af9#0:FAIL-t98, 25d6372c-77fd-4a39-ac2a-e48debad48df<-50423279-f647-4a18-8e85-347d68eaf856#0:FAIL-t98] and 0 exception(s); 25d6372c-77fd-4a39-ac2a-e48debad48df@group-B2671EB745D2:t98, leader=null, voted=25d6372c-77fd-4a39-ac2a-e48debad48df, raftlog=25d6372c-77fd-4a39-ac2a-e48debad48df@group-B2671EB745D2-SegmentedRaftLog:OPENED:c-1,f-1,i0, conf=-1: [50423279-f647-4a18-8e85-347d68eaf856:192.168.69.88:39583, 2ec85f63-33fb-4317-9145-71357d145af9:192.168.69.88:42357, 25d6372c-77fd-4a39-ac2a-e48debad48df:192.168.69.88:39591], old=null
2019-10-15 16:11:44,345 [25d6372c-77fd-4a39-ac2a-e48debad48df@group-B2671EB745D2-LeaderElection94] INFO  impl.RaftServerImpl (RaftServerImpl.java:setRole(184)) - 25d6372c-77fd-4a39-ac2a-e48debad48df@group-B2671EB745D2: changes role from CANDIDATE to FOLLOWER at term 98 for DISCOVERED_A_NEW_TERM
2019-10-15 16:11:44,345 [25d6372c-77fd-4a39-ac2a-e48debad48df@group-B2671EB745D2-LeaderElection94] INFO  impl.RoleInfo (RoleInfo.java:shutdownLeaderElection(134)) - 25d6372c-77fd-4a39-ac2a-e48debad48df: shutdown LeaderElection
2019-10-15 16:11:44,346 [25d6372c-77fd-4a39-ac2a-e48debad48df@group-B2671EB745D2-LeaderElection94] INFO  impl.RoleInfo (RoleInfo.java:updateAndGet(143)) - 25d6372c-77fd-4a39-ac2a-e48debad48df: start FollowerState
2019-10-15 16:11:44,523 [Thread-837] INFO  impl.FollowerState (FollowerState.java:run(108)) - 25d6372c-77fd-4a39-ac2a-e48debad48df@group-B2671EB745D2-FollowerState: change to CANDIDATE, lastRpcTime:177ms, electionTimeout:177ms
2019-10-15 16:11:44,523 [Thread-837] INFO  impl.RoleInfo (RoleInfo.java:shutdownFollowerState(121)) - 25d6372c-77fd-4a39-ac2a-e48debad48df: shutdown FollowerState
2019-10-15 16:11:44,523 [Thread-837] INFO  impl.RaftServerImpl (RaftServerImpl.java:setRole(184)) - 25d6372c-77fd-4a39-ac2a-e48debad48df@group-B2671EB745D2: changes role from  FOLLOWER to CANDIDATE at term 98 for changeToCandidate
2019-10-15 16:11:44,524 [Thread-837] INFO  impl.RoleInfo (RoleInfo.java:updateAndGet(143)) - 25d6372c-77fd-4a39-ac2a-e48debad48df: start LeaderElection
2019-10-15 16:11:44,528 [25d6372c-77fd-4a39-ac2a-e48debad48df@group-B2671EB745D2-LeaderElection95] INFO  impl.LeaderElection (LeaderElection.java:askForVotes(178)) - 25d6372c-77fd-4a39-ac2a-e48debad48df@group-B2671EB745D2-LeaderElection95: begin an election at term 99 for -1: [50423279-f647-4a18-8e85-347d68eaf856:192.168.69.88:39583, 2ec85f63-33fb-4317-9145-71357d145af9:192.168.69.88:42357, 25d6372c-77fd-4a39-ac2a-e48debad48df:192.168.69.88:39591], old=null
2019-10-15 16:11:44,532 [grpc-default-executor-5] INFO  impl.RaftServerImpl (RaftServerImpl.java:setRole(184)) - 50423279-f647-4a18-8e85-347d68eaf856@group-B2671EB745D2: changes role from  FOLLOWER to FOLLOWER at term 99 for recognizeCandidate:25d6372c-77fd-4a39-ac2a-e48debad48df
2019-10-15 16:11:44,532 [grpc-default-executor-2] INFO  impl.RaftServerImpl (RaftServerImpl.java:setRole(184)) - 2ec85f63-33fb-4317-9145-71357d145af9@group-B2671EB745D2: changes role from  FOLLOWER to FOLLOWER at term 99 for recognizeCandidate:25d6372c-77fd-4a39-ac2a-e48debad48df
2019-10-15 16:11:44,532 [grpc-default-executor-5] INFO  impl.RoleInfo (RoleInfo.java:shutdownFollowerState(121)) - 50423279-f647-4a18-8e85-347d68eaf856: shutdown FollowerState
2019-10-15 16:11:44,532 [grpc-default-executor-2] INFO  impl.RoleInfo (RoleInfo.java:shutdownFollowerState(121)) - 2ec85f63-33fb-4317-9145-71357d145af9: shutdown FollowerState
2019-10-15 16:11:44,532 [Thread-835] INFO  impl.FollowerState (FollowerState.java:run(117)) - 50423279-f647-4a18-8e85-347d68eaf856@group-B2671EB745D2-FollowerState was interrupted: java.lang.InterruptedException: sleep interrupted
2019-10-15 16:11:44,532 [Thread-836] INFO  impl.FollowerState (FollowerState.java:run(117)) - 2ec85f63-33fb-4317-9145-71357d145af9@group-B2671EB745D2-FollowerState was interrupted: java.lang.InterruptedException: sleep interrupted
2019-10-15 16:11:44,532 [grpc-default-executor-5] INFO  impl.RoleInfo (RoleInfo.java:updateAndGet(143)) - 50423279-f647-4a18-8e85-347d68eaf856: start FollowerState
2019-10-15 16:11:44,532 [grpc-default-executor-2] INFO  impl.RoleInfo (RoleInfo.java:updateAndGet(143)) - 2ec85f63-33fb-4317-9145-71357d145af9: start FollowerState
2019-10-15 16:11:44,539 [25d6372c-77fd-4a39-ac2a-e48debad48df@group-B2671EB745D2-LeaderElection95] INFO  impl.LeaderElection (LeaderElection.java:logAndReturn(56)) - 25d6372c-77fd-4a39-ac2a-e48debad48df@group-B2671EB745D2-LeaderElection95: Election REJECTED; received 2 response(s) [25d6372c-77fd-4a39-ac2a-e48debad48df<-2ec85f63-33fb-4317-9145-71357d145af9#0:FAIL-t99, 25d6372c-77fd-4a39-ac2a-e48debad48df<-50423279-f647-4a18-8e85-347d68eaf856#0:FAIL-t99] and 0 exception(s); 25d6372c-77fd-4a39-ac2a-e48debad48df@group-B2671EB745D2:t99, leader=null, voted=25d6372c-77fd-4a39-ac2a-e48debad48df, raftlog=25d6372c-77fd-4a39-ac2a-e48debad48df@group-B2671EB745D2-SegmentedRaftLog:OPENED:c-1,f-1,i0, conf=-1: [50423279-f647-4a18-8e85-347d68eaf856:192.168.69.88:39583, 2ec85f63-33fb-4317-9145-71357d145af9:192.168.69.88:42357, 25d6372c-77fd-4a39-ac2a-e48debad48df:192.168.69.88:39591], old=null
2019-10-15 16:11:44,540 [25d6372c-77fd-4a39-ac2a-e48debad48df@group-B2671EB745D2-LeaderElection95] INFO  impl.RaftServerImpl (RaftServerImpl.java:setRole(184)) - 25d6372c-77fd-4a39-ac2a-e48debad48df@group-B2671EB745D2: changes role from CANDIDATE to FOLLOWER at term 99 for DISCOVERED_A_NEW_TERM
2019-10-15 16:11:44,540 [25d6372c-77fd-4a39-ac2a-e48debad48df@group-B2671EB745D2-LeaderElection95] INFO  impl.RoleInfo (RoleInfo.java:shutdownLeaderElection(134)) - 25d6372c-77fd-4a39-ac2a-e48debad48df: shutdown LeaderElection
2019-10-15 16:11:44,540 [25d6372c-77fd-4a39-ac2a-e48debad48df@group-B2671EB745D2-LeaderElection95] INFO  impl.RoleInfo (RoleInfo.java:updateAndGet(143)) - 25d6372c-77fd-4a39-ac2a-e48debad48df: start FollowerState
2019-10-15 16:11:44,617 [Thread-843] INFO  impl.FollowerState (FollowerState.java:run(108)) - 25d6372c-77fd-4a39-ac2a-e48debad48df@group-B2671EB745D2-FollowerState: change to CANDIDATE, lastRpcTime:77ms, electionTimeout:77ms
2019-10-15 16:11:44,617 [Thread-843] INFO  impl.RoleInfo (RoleInfo.java:shutdownFollowerState(121)) - 25d6372c-77fd-4a39-ac2a-e48debad48df: shutdown FollowerState
2019-10-15 16:11:44,618 [Thread-843] INFO  impl.RaftServerImpl (RaftServerImpl.java:setRole(184)) - 25d6372c-77fd-4a39-ac2a-e48debad48df@group-B2671EB745D2: changes role from  FOLLOWER to CANDIDATE at term 99 for changeToCandidate
2019-10-15 16:11:44,618 [Thread-843] INFO  impl.RoleInfo (RoleInfo.java:updateAndGet(143)) - 25d6372c-77fd-4a39-ac2a-e48debad48df: start LeaderElection
2019-10-15 16:11:44,624 [25d6372c-77fd-4a39-ac2a-e48debad48df@group-B2671EB745D2-LeaderElection96] INFO  impl.LeaderElection (LeaderElection.java:askForVotes(178)) - 25d6372c-77fd-4a39-ac2a-e48debad48df@group-B2671EB745D2-LeaderElection96: begin an election at term 100 for -1: [50423279-f647-4a18-8e85-347d68eaf856:192.168.69.88:39583, 2ec85f63-33fb-4317-9145-71357d145af9:192.168.69.88:42357, 25d6372c-77fd-4a39-ac2a-e48debad48df:192.168.69.88:39591], old=null
2019-10-15 16:11:44,626 [grpc-default-executor-5] INFO  impl.RaftServerImpl (RaftServerImpl.java:setRole(184)) - 50423279-f647-4a18-8e85-347d68eaf856@group-B2671EB745D2: changes role from  FOLLOWER to FOLLOWER at term 100 for recognizeCandidate:25d6372c-77fd-4a39-ac2a-e48debad48df
2019-10-15 16:11:44,626 [grpc-default-executor-2] INFO  impl.RaftServerImpl (RaftServerImpl.java:setRole(184)) - 2ec85f63-33fb-4317-9145-71357d145af9@group-B2671EB745D2: changes role from  FOLLOWER to FOLLOWER at term 100 for recognizeCandidate:25d6372c-77fd-4a39-ac2a-e48debad48df
2019-10-15 16:11:44,627 [grpc-default-executor-5] INFO  impl.RoleInfo (RoleInfo.java:shutdownFollowerState(121)) - 50423279-f647-4a18-8e85-347d68eaf856: shutdown FollowerState
2019-10-15 16:11:44,627 [grpc-default-executor-2] INFO  impl.RoleInfo (RoleInfo.java:shutdownFollowerState(121)) - 2ec85f63-33fb-4317-9145-71357d145af9: shutdown FollowerState
2019-10-15 16:11:44,627 [Thread-841] INFO  impl.FollowerState (FollowerState.java:run(117)) - 50423279-f647-4a18-8e85-347d68eaf856@group-B2671EB745D2-FollowerState was interrupted: java.lang.InterruptedException: sleep interrupted
2019-10-15 16:11:44,627 [grpc-default-executor-5] INFO  impl.RoleInfo (RoleInfo.java:updateAndGet(143)) - 50423279-f647-4a18-8e85-347d68eaf856: start FollowerState
2019-10-15 16:11:44,627 [Thread-842] INFO  impl.FollowerState (FollowerState.java:run(117)) - 2ec85f63-33fb-4317-9145-71357d145af9@group-B2671EB745D2-FollowerState was interrupted: java.lang.InterruptedException: sleep interrupted
2019-10-15 16:11:44,627 [grpc-default-executor-2] INFO  impl.RoleInfo (RoleInfo.java:updateAndGet(143)) - 2ec85f63-33fb-4317-9145-71357d145af9: start FollowerState
2019-10-15 16:11:44,634 [25d6372c-77fd-4a39-ac2a-e48debad48df@group-B2671EB745D2-LeaderElection96] INFO  impl.LeaderElection (LeaderElection.java:logAndReturn(56)) - 25d6372c-77fd-4a39-ac2a-e48debad48df@group-B2671EB745D2-LeaderElection96: Election REJECTED; received 2 response(s) [25d6372c-77fd-4a39-ac2a-e48debad48df<-50423279-f647-4a18-8e85-347d68eaf856#0:FAIL-t100, 25d6372c-77fd-4a39-ac2a-e48debad48df<-2ec85f63-33fb-4317-9145-71357d145af9#0:FAIL-t100] and 0 exception(s); 25d6372c-77fd-4a39-ac2a-e48debad48df@group-B2671EB745D2:t100, leader=null, voted=25d6372c-77fd-4a39-ac2a-e48debad48df, raftlog=25d6372c-77fd-4a39-ac2a-e48debad48df@group-B2671EB745D2-SegmentedRaftLog:OPENED:c-1,f-1,i0, conf=-1: [50423279-f647-4a18-8e85-347d68eaf856:192.168.69.88:39583, 2ec85f63-33fb-4317-9145-71357d145af9:192.168.69.88:42357, 25d6372c-77fd-4a39-ac2a-e48debad48df:192.168.69.88:39591], old=null
2019-10-15 16:11:44,635 [25d6372c-77fd-4a39-ac2a-e48debad48df@group-B2671EB745D2-LeaderElection96] INFO  impl.RaftServerImpl (RaftServerImpl.java:setRole(184)) - 25d6372c-77fd-4a39-ac2a-e48debad48df@group-B2671EB745D2: changes role from CANDIDATE to FOLLOWER at term 100 for DISCOVERED_A_NEW_TERM
2019-10-15 16:11:44,635 [25d6372c-77fd-4a39-ac2a-e48debad48df@group-B2671EB745D2-LeaderElection96] INFO  impl.RoleInfo (RoleInfo.java:shutdownLeaderElection(134)) - 25d6372c-77fd-4a39-ac2a-e48debad48df: shutdown LeaderElection
2019-10-15 16:11:44,635 [25d6372c-77fd-4a39-ac2a-e48debad48df@group-B2671EB745D2-LeaderElection96] INFO  impl.RoleInfo (RoleInfo.java:updateAndGet(143)) - 25d6372c-77fd-4a39-ac2a-e48debad48df: start FollowerState
2019-10-15 16:11:44,675 [Thread-849] INFO  impl.FollowerState (FollowerState.java:run(108)) - 25d6372c-77fd-4a39-ac2a-e48debad48df@group-B2671EB745D2-FollowerState: change to CANDIDATE, lastRpcTime:40ms, electionTimeout:40ms
2019-10-15 16:11:44,675 [Thread-849] INFO  impl.RoleInfo (RoleInfo.java:shutdownFollowerState(121)) - 25d6372c-77fd-4a39-ac2a-e48debad48df: shutdown FollowerState
2019-10-15 16:11:44,676 [Thread-849] INFO  impl.RaftServerImpl (RaftServerImpl.java:setRole(184)) - 25d6372c-77fd-4a39-ac2a-e48debad48df@group-B2671EB745D2: changes role from  FOLLOWER to CANDIDATE at term 100 for changeToCandidate
2019-10-15 16:11:44,676 [Thread-849] INFO  impl.RoleInfo (RoleInfo.java:updateAndGet(143)) - 25d6372c-77fd-4a39-ac2a-e48debad48df: start LeaderElection
2019-10-15 16:11:44,679 [25d6372c-77fd-4a39-ac2a-e48debad48df@group-B2671EB745D2-LeaderElection97] INFO  impl.LeaderElection (LeaderElection.java:askForVotes(178)) - 25d6372c-77fd-4a39-ac2a-e48debad48df@group-B2671EB745D2-LeaderElection97: begin an election at term 101 for -1: [50423279-f647-4a18-8e85-347d68eaf856:192.168.69.88:39583, 2ec85f63-33fb-4317-9145-71357d145af9:192.168.69.88:42357, 25d6372c-77fd-4a39-ac2a-e48debad48df:192.168.69.88:39591], old=null
2019-10-15 16:11:44,682 [grpc-default-executor-2] INFO  impl.RaftServerImpl (RaftServerImpl.java:setRole(184)) - 50423279-f647-4a18-8e85-347d68eaf856@group-B2671EB745D2: changes role from  FOLLOWER to FOLLOWER at term 101 for recognizeCandidate:25d6372c-77fd-4a39-ac2a-e48debad48df
2019-10-15 16:11:44,682 [grpc-default-executor-5] INFO  impl.RaftServerImpl (RaftServerImpl.java:setRole(184)) - 2ec85f63-33fb-4317-9145-71357d145af9@group-B2671EB745D2: changes role from  FOLLOWER to FOLLOWER at term 101 for recognizeCandidate:25d6372c-77fd-4a39-ac2a-e48debad48df
2019-10-15 16:11:44,682 [grpc-default-executor-2] INFO  impl.RoleInfo (RoleInfo.java:shutdownFollowerState(121)) - 50423279-f647-4a18-8e85-347d68eaf856: shutdown FollowerState
2019-10-15 16:11:44,682 [grpc-default-executor-5] INFO  impl.RoleInfo (RoleInfo.java:shutdownFollowerState(121)) - 2ec85f63-33fb-4317-9145-71357d145af9: shutdown FollowerState
2019-10-15 16:11:44,683 [Thread-847] INFO  impl.FollowerState (FollowerState.java:run(117)) - 50423279-f647-4a18-8e85-347d68eaf856@group-B2671EB745D2-FollowerState was interrupted: java.lang.InterruptedException: sleep interrupted
2019-10-15 16:11:44,683 [grpc-default-executor-2] INFO  impl.RoleInfo (RoleInfo.java:updateAndGet(143)) - 50423279-f647-4a18-8e85-347d68eaf856: start FollowerState
2019-10-15 16:11:44,683 [Thread-848] INFO  impl.FollowerState (FollowerState.java:run(117)) - 2ec85f63-33fb-4317-9145-71357d145af9@group-B2671EB745D2-FollowerState was interrupted: java.lang.InterruptedException: sleep interrupted
2019-10-15 16:11:44,683 [grpc-default-executor-5] INFO  impl.RoleInfo (RoleInfo.java:updateAndGet(143)) - 2ec85f63-33fb-4317-9145-71357d145af9: start FollowerState
2019-10-15 16:11:44,697 [25d6372c-77fd-4a39-ac2a-e48debad48df@group-B2671EB745D2-LeaderElection97] INFO  impl.LeaderElection (LeaderElection.java:logAndReturn(56)) - 25d6372c-77fd-4a39-ac2a-e48debad48df@group-B2671EB745D2-LeaderElection97: Election REJECTED; received 2 response(s) [25d6372c-77fd-4a39-ac2a-e48debad48df<-2ec85f63-33fb-4317-9145-71357d145af9#0:FAIL-t101, 25d6372c-77fd-4a39-ac2a-e48debad48df<-50423279-f647-4a18-8e85-347d68eaf856#0:FAIL-t101] and 0 exception(s); 25d6372c-77fd-4a39-ac2a-e48debad48df@group-B2671EB745D2:t101, leader=null, voted=25d6372c-77fd-4a39-ac2a-e48debad48df, raftlog=25d6372c-77fd-4a39-ac2a-e48debad48df@group-B2671EB745D2-SegmentedRaftLog:OPENED:c-1,f-1,i0, conf=-1: [50423279-f647-4a18-8e85-347d68eaf856:192.168.69.88:39583, 2ec85f63-33fb-4317-9145-71357d145af9:192.168.69.88:42357, 25d6372c-77fd-4a39-ac2a-e48debad48df:192.168.69.88:39591], old=null
2019-10-15 16:11:44,697 [25d6372c-77fd-4a39-ac2a-e48debad48df@group-B2671EB745D2-LeaderElection97] INFO  impl.RaftServerImpl (RaftServerImpl.java:setRole(184)) - 25d6372c-77fd-4a39-ac2a-e48debad48df@group-B2671EB745D2: changes role from CANDIDATE to FOLLOWER at term 101 for DISCOVERED_A_NEW_TERM
2019-10-15 16:11:44,697 [25d6372c-77fd-4a39-ac2a-e48debad48df@group-B2671EB745D2-LeaderElection97] INFO  impl.RoleInfo (RoleInfo.java:shutdownLeaderElection(134)) - 25d6372c-77fd-4a39-ac2a-e48debad48df: shutdown LeaderElection
2019-10-15 16:11:44,698 [25d6372c-77fd-4a39-ac2a-e48debad48df@group-B2671EB745D2-LeaderElection97] INFO  impl.RoleInfo (RoleInfo.java:updateAndGet(143)) - 25d6372c-77fd-4a39-ac2a-e48debad48df: start FollowerState
2019-10-15 16:11:44,880 [Thread-855] INFO  impl.FollowerState (FollowerState.java:run(108)) - 25d6372c-77fd-4a39-ac2a-e48debad48df@group-B2671EB745D2-FollowerState: change to CANDIDATE, lastRpcTime:182ms, electionTimeout:182ms
2019-10-15 16:11:44,880 [Thread-855] INFO  impl.RoleInfo (RoleInfo.java:shutdownFollowerState(121)) - 25d6372c-77fd-4a39-ac2a-e48debad48df: shutdown FollowerState
2019-10-15 16:11:44,881 [Thread-855] INFO  impl.RaftServerImpl (RaftServerImpl.java:setRole(184)) - 25d6372c-77fd-4a39-ac2a-e48debad48df@group-B2671EB745D2: changes role from  FOLLOWER to CANDIDATE at term 101 for changeToCandidate
2019-10-15 16:11:44,881 [Thread-855] INFO  impl.RoleInfo (RoleInfo.java:updateAndGet(143)) - 25d6372c-77fd-4a39-ac2a-e48debad48df: start LeaderElection
2019-10-15 16:11:44,895 [25d6372c-77fd-4a39-ac2a-e48debad48df@group-B2671EB745D2-LeaderElection98] INFO  impl.LeaderElection (LeaderElection.java:askForVotes(178)) - 25d6372c-77fd-4a39-ac2a-e48debad48df@group-B2671EB745D2-LeaderElection98: begin an election at term 102 for -1: [50423279-f647-4a18-8e85-347d68eaf856:192.168.69.88:39583, 2ec85f63-33fb-4317-9145-71357d145af9:192.168.69.88:42357, 25d6372c-77fd-4a39-ac2a-e48debad48df:192.168.69.88:39591], old=null
2019-10-15 16:11:44,898 [grpc-default-executor-2] INFO  impl.RaftServerImpl (RaftServerImpl.java:setRole(184)) - 50423279-f647-4a18-8e85-347d68eaf856@group-B2671EB745D2: changes role from  FOLLOWER to FOLLOWER at term 102 for recognizeCandidate:25d6372c-77fd-4a39-ac2a-e48debad48df
2019-10-15 16:11:44,899 [grpc-default-executor-5] INFO  impl.RaftServerImpl (RaftServerImpl.java:setRole(184)) - 2ec85f63-33fb-4317-9145-71357d145af9@group-B2671EB745D2: changes role from  FOLLOWER to FOLLOWER at term 102 for recognizeCandidate:25d6372c-77fd-4a39-ac2a-e48debad48df
2019-10-15 16:11:44,899 [grpc-default-executor-2] INFO  impl.RoleInfo (RoleInfo.java:shutdownFollowerState(121)) - 50423279-f647-4a18-8e85-347d68eaf856: shutdown FollowerState
2019-10-15 16:11:44,899 [grpc-default-executor-5] INFO  impl.RoleInfo (RoleInfo.java:shutdownFollowerState(121)) - 2ec85f63-33fb-4317-9145-71357d145af9: shutdown FollowerState
2019-10-15 16:11:44,899 [Thread-853] INFO  impl.FollowerState (FollowerState.java:run(117)) - 50423279-f647-4a18-8e85-347d68eaf856@group-B2671EB745D2-FollowerState was interrupted: java.lang.InterruptedException: sleep interrupted
2019-10-15 16:11:44,899 [grpc-default-executor-2] INFO  impl.RoleInfo (RoleInfo.java:updateAndGet(143)) - 50423279-f647-4a18-8e85-347d68eaf856: start FollowerState
2019-10-15 16:11:44,899 [Thread-854] INFO  impl.FollowerState (FollowerState.java:run(117)) - 2ec85f63-33fb-4317-9145-71357d145af9@group-B2671EB745D2-FollowerState was interrupted: java.lang.InterruptedException: sleep interrupted
2019-10-15 16:11:44,899 [grpc-default-executor-5] INFO  impl.RoleInfo (RoleInfo.java:updateAndGet(143)) - 2ec85f63-33fb-4317-9145-71357d145af9: start FollowerState
2019-10-15 16:11:44,915 [25d6372c-77fd-4a39-ac2a-e48debad48df@group-B2671EB745D2-LeaderElection98] INFO  impl.LeaderElection (LeaderElection.java:logAndReturn(56)) - 25d6372c-77fd-4a39-ac2a-e48debad48df@group-B2671EB745D2-LeaderElection98: Election REJECTED; received 2 response(s) [25d6372c-77fd-4a39-ac2a-e48debad48df<-2ec85f63-33fb-4317-9145-71357d145af9#0:FAIL-t102, 25d6372c-77fd-4a39-ac2a-e48debad48df<-50423279-f647-4a18-8e85-347d68eaf856#0:FAIL-t102] and 0 exception(s); 25d6372c-77fd-4a39-ac2a-e48debad48df@group-B2671EB745D2:t102, leader=null, voted=25d6372c-77fd-4a39-ac2a-e48debad48df, raftlog=25d6372c-77fd-4a39-ac2a-e48debad48df@group-B2671EB745D2-SegmentedRaftLog:OPENED:c-1,f-1,i0, conf=-1: [50423279-f647-4a18-8e85-347d68eaf856:192.168.69.88:39583, 2ec85f63-33fb-4317-9145-71357d145af9:192.168.69.88:42357, 25d6372c-77fd-4a39-ac2a-e48debad48df:192.168.69.88:39591], old=null
2019-10-15 16:11:44,915 [25d6372c-77fd-4a39-ac2a-e48debad48df@group-B2671EB745D2-LeaderElection98] INFO  impl.RaftServerImpl (RaftServerImpl.java:setRole(184)) - 25d6372c-77fd-4a39-ac2a-e48debad48df@group-B2671EB745D2: changes role from CANDIDATE to FOLLOWER at term 102 for DISCOVERED_A_NEW_TERM
2019-10-15 16:11:44,915 [25d6372c-77fd-4a39-ac2a-e48debad48df@group-B2671EB745D2-LeaderElection98] INFO  impl.RoleInfo (RoleInfo.java:shutdownLeaderElection(134)) - 25d6372c-77fd-4a39-ac2a-e48debad48df: shutdown LeaderElection
2019-10-15 16:11:44,916 [25d6372c-77fd-4a39-ac2a-e48debad48df@group-B2671EB745D2-LeaderElection98] INFO  impl.RoleInfo (RoleInfo.java:updateAndGet(143)) - 25d6372c-77fd-4a39-ac2a-e48debad48df: start FollowerState
2019-10-15 16:11:44,942 [Thread-861] INFO  impl.FollowerState (FollowerState.java:run(108)) - 25d6372c-77fd-4a39-ac2a-e48debad48df@group-B2671EB745D2-FollowerState: change to CANDIDATE, lastRpcTime:26ms, electionTimeout:26ms
2019-10-15 16:11:44,942 [Thread-861] INFO  impl.RoleInfo (RoleInfo.java:shutdownFollowerState(121)) - 25d6372c-77fd-4a39-ac2a-e48debad48df: shutdown FollowerState
2019-10-15 16:11:44,942 [Thread-861] INFO  impl.RaftServerImpl (RaftServerImpl.java:setRole(184)) - 25d6372c-77fd-4a39-ac2a-e48debad48df@group-B2671EB745D2: changes role from  FOLLOWER to CANDIDATE at term 102 for changeToCandidate
2019-10-15 16:11:44,942 [Thread-861] INFO  impl.RoleInfo (RoleInfo.java:updateAndGet(143)) - 25d6372c-77fd-4a39-ac2a-e48debad48df: start LeaderElection
2019-10-15 16:11:44,955 [25d6372c-77fd-4a39-ac2a-e48debad48df@group-B2671EB745D2-LeaderElection99] INFO  impl.LeaderElection (LeaderElection.java:askForVotes(178)) - 25d6372c-77fd-4a39-ac2a-e48debad48df@group-B2671EB745D2-LeaderElection99: begin an election at term 103 for -1: [50423279-f647-4a18-8e85-347d68eaf856:192.168.69.88:39583, 2ec85f63-33fb-4317-9145-71357d145af9:192.168.69.88:42357, 25d6372c-77fd-4a39-ac2a-e48debad48df:192.168.69.88:39591], old=null
2019-10-15 16:11:44,957 [grpc-default-executor-2] INFO  impl.RaftServerImpl (RaftServerImpl.java:setRole(184)) - 50423279-f647-4a18-8e85-347d68eaf856@group-B2671EB745D2: changes role from  FOLLOWER to FOLLOWER at term 103 for recognizeCandidate:25d6372c-77fd-4a39-ac2a-e48debad48df
2019-10-15 16:11:44,958 [grpc-default-executor-2] INFO  impl.RoleInfo (RoleInfo.java:shutdownFollowerState(121)) - 50423279-f647-4a18-8e85-347d68eaf856: shutdown FollowerState
2019-10-15 16:11:44,958 [grpc-default-executor-2] INFO  impl.RoleInfo (RoleInfo.java:updateAndGet(143)) - 50423279-f647-4a18-8e85-347d68eaf856: start FollowerState
2019-10-15 16:11:44,958 [Thread-859] INFO  impl.FollowerState (FollowerState.java:run(117)) - 50423279-f647-4a18-8e85-347d68eaf856@group-B2671EB745D2-FollowerState was interrupted: java.lang.InterruptedException: sleep interrupted
2019-10-15 16:11:44,958 [grpc-default-executor-5] INFO  impl.RaftServerImpl (RaftServerImpl.java:setRole(184)) - 2ec85f63-33fb-4317-9145-71357d145af9@group-B2671EB745D2: changes role from  FOLLOWER to FOLLOWER at term 103 for recognizeCandidate:25d6372c-77fd-4a39-ac2a-e48debad48df
2019-10-15 16:11:44,958 [grpc-default-executor-5] INFO  impl.RoleInfo (RoleInfo.java:shutdownFollowerState(121)) - 2ec85f63-33fb-4317-9145-71357d145af9: shutdown FollowerState
2019-10-15 16:11:44,958 [grpc-default-executor-5] INFO  impl.RoleInfo (RoleInfo.java:updateAndGet(143)) - 2ec85f63-33fb-4317-9145-71357d145af9: start FollowerState
2019-10-15 16:11:44,958 [Thread-860] INFO  impl.FollowerState (FollowerState.java:run(117)) - 2ec85f63-33fb-4317-9145-71357d145af9@group-B2671EB745D2-FollowerState was interrupted: java.lang.InterruptedException: sleep interrupted
2019-10-15 16:11:44,972 [25d6372c-77fd-4a39-ac2a-e48debad48df@group-B2671EB745D2-LeaderElection99] INFO  impl.LeaderElection (LeaderElection.java:logAndReturn(56)) - 25d6372c-77fd-4a39-ac2a-e48debad48df@group-B2671EB745D2-LeaderElection99: Election REJECTED; received 2 response(s) [25d6372c-77fd-4a39-ac2a-e48debad48df<-50423279-f647-4a18-8e85-347d68eaf856#0:FAIL-t103, 25d6372c-77fd-4a39-ac2a-e48debad48df<-2ec85f63-33fb-4317-9145-71357d145af9#0:FAIL-t103] and 0 exception(s); 25d6372c-77fd-4a39-ac2a-e48debad48df@group-B2671EB745D2:t103, leader=null, voted=25d6372c-77fd-4a39-ac2a-e48debad48df, raftlog=25d6372c-77fd-4a39-ac2a-e48debad48df@group-B2671EB745D2-SegmentedRaftLog:OPENED:c-1,f-1,i0, conf=-1: [50423279-f647-4a18-8e85-347d68eaf856:192.168.69.88:39583, 2ec85f63-33fb-4317-9145-71357d145af9:192.168.69.88:42357, 25d6372c-77fd-4a39-ac2a-e48debad48df:192.168.69.88:39591], old=null
2019-10-15 16:11:44,972 [25d6372c-77fd-4a39-ac2a-e48debad48df@group-B2671EB745D2-LeaderElection99] INFO  impl.RaftServerImpl (RaftServerImpl.java:setRole(184)) - 25d6372c-77fd-4a39-ac2a-e48debad48df@group-B2671EB745D2: changes role from CANDIDATE to FOLLOWER at term 103 for DISCOVERED_A_NEW_TERM
2019-10-15 16:11:44,972 [25d6372c-77fd-4a39-ac2a-e48debad48df@group-B2671EB745D2-LeaderElection99] INFO  impl.RoleInfo (RoleInfo.java:shutdownLeaderElection(134)) - 25d6372c-77fd-4a39-ac2a-e48debad48df: shutdown LeaderElection
2019-10-15 16:11:44,972 [25d6372c-77fd-4a39-ac2a-e48debad48df@group-B2671EB745D2-LeaderElection99] INFO  impl.RoleInfo (RoleInfo.java:updateAndGet(143)) - 25d6372c-77fd-4a39-ac2a-e48debad48df: start FollowerState
2019-10-15 16:11:45,048 [Thread-867] INFO  impl.FollowerState (FollowerState.java:run(108)) - 25d6372c-77fd-4a39-ac2a-e48debad48df@group-B2671EB745D2-FollowerState: change to CANDIDATE, lastRpcTime:75ms, electionTimeout:75ms
2019-10-15 16:11:45,048 [Thread-867] INFO  impl.RoleInfo (RoleInfo.java:shutdownFollowerState(121)) - 25d6372c-77fd-4a39-ac2a-e48debad48df: shutdown FollowerState
2019-10-15 16:11:45,048 [Thread-867] INFO  impl.RaftServerImpl (RaftServerImpl.java:setRole(184)) - 25d6372c-77fd-4a39-ac2a-e48debad48df@group-B2671EB745D2: changes role from  FOLLOWER to CANDIDATE at term 103 for changeToCandidate
2019-10-15 16:11:45,049 [Thread-867] INFO  impl.RoleInfo (RoleInfo.java:updateAndGet(143)) - 25d6372c-77fd-4a39-ac2a-e48debad48df: start LeaderElection
2019-10-15 16:11:45,055 [25d6372c-77fd-4a39-ac2a-e48debad48df@group-B2671EB745D2-LeaderElection100] INFO  impl.LeaderElection (LeaderElection.java:askForVotes(178)) - 25d6372c-77fd-4a39-ac2a-e48debad48df@group-B2671EB745D2-LeaderElection100: begin an election at term 104 for -1: [50423279-f647-4a18-8e85-347d68eaf856:192.168.69.88:39583, 2ec85f63-33fb-4317-9145-71357d145af9:192.168.69.88:42357, 25d6372c-77fd-4a39-ac2a-e48debad48df:192.168.69.88:39591], old=null
2019-10-15 16:11:45,058 [grpc-default-executor-2] INFO  impl.RaftServerImpl (RaftServerImpl.java:setRole(184)) - 50423279-f647-4a18-8e85-347d68eaf856@group-B2671EB745D2: changes role from  FOLLOWER to FOLLOWER at term 104 for recognizeCandidate:25d6372c-77fd-4a39-ac2a-e48debad48df
2019-10-15 16:11:45,058 [grpc-default-executor-5] INFO  impl.RaftServerImpl (RaftServerImpl.java:setRole(184)) - 2ec85f63-33fb-4317-9145-71357d145af9@group-B2671EB745D2: changes role from  FOLLOWER to FOLLOWER at term 104 for recognizeCandidate:25d6372c-77fd-4a39-ac2a-e48debad48df
2019-10-15 16:11:45,058 [grpc-default-executor-2] INFO  impl.RoleInfo (RoleInfo.java:shutdownFollowerState(121)) - 50423279-f647-4a18-8e85-347d68eaf856: shutdown FollowerState
2019-10-15 16:11:45,058 [grpc-default-executor-5] INFO  impl.RoleInfo (RoleInfo.java:shutdownFollowerState(121)) - 2ec85f63-33fb-4317-9145-71357d145af9: shutdown FollowerState
2019-10-15 16:11:45,058 [Thread-865] INFO  impl.FollowerState (FollowerState.java:run(117)) - 50423279-f647-4a18-8e85-347d68eaf856@group-B2671EB745D2-FollowerState was interrupted: java.lang.InterruptedException: sleep interrupted
2019-10-15 16:11:45,058 [grpc-default-executor-2] INFO  impl.RoleInfo (RoleInfo.java:updateAndGet(143)) - 50423279-f647-4a18-8e85-347d68eaf856: start FollowerState
2019-10-15 16:11:45,059 [Thread-866] INFO  impl.FollowerState (FollowerState.java:run(117)) - 2ec85f63-33fb-4317-9145-71357d145af9@group-B2671EB745D2-FollowerState was interrupted: java.lang.InterruptedException: sleep interrupted
2019-10-15 16:11:45,058 [grpc-default-executor-5] INFO  impl.RoleInfo (RoleInfo.java:updateAndGet(143)) - 2ec85f63-33fb-4317-9145-71357d145af9: start FollowerState
2019-10-15 16:11:45,067 [25d6372c-77fd-4a39-ac2a-e48debad48df@group-B2671EB745D2-LeaderElection100] INFO  impl.LeaderElection (LeaderElection.java:logAndReturn(56)) - 25d6372c-77fd-4a39-ac2a-e48debad48df@group-B2671EB745D2-LeaderElection100: Election REJECTED; received 2 response(s) [25d6372c-77fd-4a39-ac2a-e48debad48df<-50423279-f647-4a18-8e85-347d68eaf856#0:FAIL-t104, 25d6372c-77fd-4a39-ac2a-e48debad48df<-2ec85f63-33fb-4317-9145-71357d145af9#0:FAIL-t104] and 0 exception(s); 25d6372c-77fd-4a39-ac2a-e48debad48df@group-B2671EB745D2:t104, leader=null, voted=25d6372c-77fd-4a39-ac2a-e48debad48df, raftlog=25d6372c-77fd-4a39-ac2a-e48debad48df@group-B2671EB745D2-SegmentedRaftLog:OPENED:c-1,f-1,i0, conf=-1: [50423279-f647-4a18-8e85-347d68eaf856:192.168.69.88:39583, 2ec85f63-33fb-4317-9145-71357d145af9:192.168.69.88:42357, 25d6372c-77fd-4a39-ac2a-e48debad48df:192.168.69.88:39591], old=null
2019-10-15 16:11:45,068 [25d6372c-77fd-4a39-ac2a-e48debad48df@group-B2671EB745D2-LeaderElection100] INFO  impl.RaftServerImpl (RaftServerImpl.java:setRole(184)) - 25d6372c-77fd-4a39-ac2a-e48debad48df@group-B2671EB745D2: changes role from CANDIDATE to FOLLOWER at term 104 for DISCOVERED_A_NEW_TERM
2019-10-15 16:11:45,068 [25d6372c-77fd-4a39-ac2a-e48debad48df@group-B2671EB745D2-LeaderElection100] INFO  impl.RoleInfo (RoleInfo.java:shutdownLeaderElection(134)) - 25d6372c-77fd-4a39-ac2a-e48debad48df: shutdown LeaderElection
2019-10-15 16:11:45,068 [25d6372c-77fd-4a39-ac2a-e48debad48df@group-B2671EB745D2-LeaderElection100] INFO  impl.RoleInfo (RoleInfo.java:updateAndGet(143)) - 25d6372c-77fd-4a39-ac2a-e48debad48df: start FollowerState
2019-10-15 16:11:45,129 [Thread-873] INFO  impl.FollowerState (FollowerState.java:run(108)) - 25d6372c-77fd-4a39-ac2a-e48debad48df@group-B2671EB745D2-FollowerState: change to CANDIDATE, lastRpcTime:60ms, electionTimeout:60ms
2019-10-15 16:11:45,129 [Thread-873] INFO  impl.RoleInfo (RoleInfo.java:shutdownFollowerState(121)) - 25d6372c-77fd-4a39-ac2a-e48debad48df: shutdown FollowerState
2019-10-15 16:11:45,129 [Thread-873] INFO  impl.RaftServerImpl (RaftServerImpl.java:setRole(184)) - 25d6372c-77fd-4a39-ac2a-e48debad48df@group-B2671EB745D2: changes role from  FOLLOWER to CANDIDATE at term 104 for changeToCandidate
2019-10-15 16:11:45,129 [Thread-873] INFO  impl.RoleInfo (RoleInfo.java:updateAndGet(143)) - 25d6372c-77fd-4a39-ac2a-e48debad48df: start LeaderElection
2019-10-15 16:11:45,134 [25d6372c-77fd-4a39-ac2a-e48debad48df@group-B2671EB745D2-LeaderElection101] INFO  impl.LeaderElection (LeaderElection.java:askForVotes(178)) - 25d6372c-77fd-4a39-ac2a-e48debad48df@group-B2671EB745D2-LeaderElection101: begin an election at term 105 for -1: [50423279-f647-4a18-8e85-347d68eaf856:192.168.69.88:39583, 2ec85f63-33fb-4317-9145-71357d145af9:192.168.69.88:42357, 25d6372c-77fd-4a39-ac2a-e48debad48df:192.168.69.88:39591], old=null
2019-10-15 16:11:45,137 [grpc-default-executor-2] INFO  impl.RaftServerImpl (RaftServerImpl.java:setRole(184)) - 2ec85f63-33fb-4317-9145-71357d145af9@group-B2671EB745D2: changes role from  FOLLOWER to FOLLOWER at term 105 for recognizeCandidate:25d6372c-77fd-4a39-ac2a-e48debad48df
2019-10-15 16:11:45,137 [grpc-default-executor-5] INFO  impl.RaftServerImpl (RaftServerImpl.java:setRole(184)) - 50423279-f647-4a18-8e85-347d68eaf856@group-B2671EB745D2: changes role from  FOLLOWER to FOLLOWER at term 105 for recognizeCandidate:25d6372c-77fd-4a39-ac2a-e48debad48df
2019-10-15 16:11:45,137 [grpc-default-executor-2] INFO  impl.RoleInfo (RoleInfo.java:shutdownFollowerState(121)) - 2ec85f63-33fb-4317-9145-71357d145af9: shutdown FollowerState
2019-10-15 16:11:45,137 [grpc-default-executor-5] INFO  impl.RoleInfo (RoleInfo.java:shutdownFollowerState(121)) - 50423279-f647-4a18-8e85-347d68eaf856: shutdown FollowerState
2019-10-15 16:11:45,138 [Thread-872] INFO  impl.FollowerState (FollowerState.java:run(117)) - 2ec85f63-33fb-4317-9145-71357d145af9@group-B2671EB745D2-FollowerState was interrupted: java.lang.InterruptedException: sleep interrupted
2019-10-15 16:11:45,138 [grpc-default-executor-2] INFO  impl.RoleInfo (RoleInfo.java:updateAndGet(143)) - 2ec85f63-33fb-4317-9145-71357d145af9: start FollowerState
2019-10-15 16:11:45,138 [Thread-871] INFO  impl.FollowerState (FollowerState.java:run(117)) - 50423279-f647-4a18-8e85-347d68eaf856@group-B2671EB745D2-FollowerState was interrupted: java.lang.InterruptedException: sleep interrupted
2019-10-15 16:11:45,138 [grpc-default-executor-5] INFO  impl.RoleInfo (RoleInfo.java:updateAndGet(143)) - 50423279-f647-4a18-8e85-347d68eaf856: start FollowerState
2019-10-15 16:11:45,145 [25d6372c-77fd-4a39-ac2a-e48debad48df@group-B2671EB745D2-LeaderElection101] INFO  impl.LeaderElection (LeaderElection.java:logAndReturn(56)) - 25d6372c-77fd-4a39-ac2a-e48debad48df@group-B2671EB745D2-LeaderElection101: Election REJECTED; received 2 response(s) [25d6372c-77fd-4a39-ac2a-e48debad48df<-2ec85f63-33fb-4317-9145-71357d145af9#0:FAIL-t105, 25d6372c-77fd-4a39-ac2a-e48debad48df<-50423279-f647-4a18-8e85-347d68eaf856#0:FAIL-t105] and 0 exception(s); 25d6372c-77fd-4a39-ac2a-e48debad48df@group-B2671EB745D2:t105, leader=null, voted=25d6372c-77fd-4a39-ac2a-e48debad48df, raftlog=25d6372c-77fd-4a39-ac2a-e48debad48df@group-B2671EB745D2-SegmentedRaftLog:OPENED:c-1,f-1,i0, conf=-1: [50423279-f647-4a18-8e85-347d68eaf856:192.168.69.88:39583, 2ec85f63-33fb-4317-9145-71357d145af9:192.168.69.88:42357, 25d6372c-77fd-4a39-ac2a-e48debad48df:192.168.69.88:39591], old=null
2019-10-15 16:11:45,145 [25d6372c-77fd-4a39-ac2a-e48debad48df@group-B2671EB745D2-LeaderElection101] INFO  impl.RaftServerImpl (RaftServerImpl.java:setRole(184)) - 25d6372c-77fd-4a39-ac2a-e48debad48df@group-B2671EB745D2: changes role from CANDIDATE to FOLLOWER at term 105 for DISCOVERED_A_NEW_TERM
2019-10-15 16:11:45,145 [25d6372c-77fd-4a39-ac2a-e48debad48df@group-B2671EB745D2-LeaderElection101] INFO  impl.RoleInfo (RoleInfo.java:shutdownLeaderElection(134)) - 25d6372c-77fd-4a39-ac2a-e48debad48df: shutdown LeaderElection
2019-10-15 16:11:45,145 [25d6372c-77fd-4a39-ac2a-e48debad48df@group-B2671EB745D2-LeaderElection101] INFO  impl.RoleInfo (RoleInfo.java:updateAndGet(143)) - 25d6372c-77fd-4a39-ac2a-e48debad48df: start FollowerState
2019-10-15 16:11:45,242 [Thread-879] INFO  impl.FollowerState (FollowerState.java:run(108)) - 25d6372c-77fd-4a39-ac2a-e48debad48df@group-B2671EB745D2-FollowerState: change to CANDIDATE, lastRpcTime:96ms, electionTimeout:96ms
2019-10-15 16:11:45,242 [Thread-879] INFO  impl.RoleInfo (RoleInfo.java:shutdownFollowerState(121)) - 25d6372c-77fd-4a39-ac2a-e48debad48df: shutdown FollowerState
2019-10-15 16:11:45,242 [Thread-879] INFO  impl.RaftServerImpl (RaftServerImpl.java:setRole(184)) - 25d6372c-77fd-4a39-ac2a-e48debad48df@group-B2671EB745D2: changes role from  FOLLOWER to CANDIDATE at term 105 for changeToCandidate
2019-10-15 16:11:45,242 [Thread-879] INFO  impl.RoleInfo (RoleInfo.java:updateAndGet(143)) - 25d6372c-77fd-4a39-ac2a-e48debad48df: start LeaderElection
2019-10-15 16:11:45,257 [25d6372c-77fd-4a39-ac2a-e48debad48df@group-B2671EB745D2-LeaderElection102] INFO  impl.LeaderElection (LeaderElection.java:askForVotes(178)) - 25d6372c-77fd-4a39-ac2a-e48debad48df@group-B2671EB745D2-LeaderElection102: begin an election at term 106 for -1: [50423279-f647-4a18-8e85-347d68eaf856:192.168.69.88:39583, 2ec85f63-33fb-4317-9145-71357d145af9:192.168.69.88:42357, 25d6372c-77fd-4a39-ac2a-e48debad48df:192.168.69.88:39591], old=null
2019-10-15 16:11:45,263 [grpc-default-executor-0] INFO  impl.RaftServerImpl (RaftServerImpl.java:setRole(184)) - 2ec85f63-33fb-4317-9145-71357d145af9@group-B2671EB745D2: changes role from  FOLLOWER to FOLLOWER at term 106 for recognizeCandidate:25d6372c-77fd-4a39-ac2a-e48debad48df
2019-10-15 16:11:45,263 [grpc-default-executor-5] INFO  impl.RaftServerImpl (RaftServerImpl.java:setRole(184)) - 50423279-f647-4a18-8e85-347d68eaf856@group-B2671EB745D2: changes role from  FOLLOWER to FOLLOWER at term 106 for recognizeCandidate:25d6372c-77fd-4a39-ac2a-e48debad48df
2019-10-15 16:11:45,265 [grpc-default-executor-0] INFO  impl.RoleInfo (RoleInfo.java:shutdownFollowerState(121)) - 2ec85f63-33fb-4317-9145-71357d145af9: shutdown FollowerState
2019-10-15 16:11:45,265 [grpc-default-executor-5] INFO  impl.RoleInfo (RoleInfo.java:shutdownFollowerState(121)) - 50423279-f647-4a18-8e85-347d68eaf856: shutdown FollowerState
2019-10-15 16:11:45,265 [Thread-877] INFO  impl.FollowerState (FollowerState.java:run(117)) - 2ec85f63-33fb-4317-9145-71357d145af9@group-B2671EB745D2-FollowerState was interrupted: java.lang.InterruptedException: sleep interrupted
2019-10-15 16:11:45,265 [grpc-default-executor-0] INFO  impl.RoleInfo (RoleInfo.java:updateAndGet(143)) - 2ec85f63-33fb-4317-9145-71357d145af9: start FollowerState
2019-10-15 16:11:45,265 [Thread-878] INFO  impl.FollowerState (FollowerState.java:run(117)) - 50423279-f647-4a18-8e85-347d68eaf856@group-B2671EB745D2-FollowerState was interrupted: java.lang.InterruptedException: sleep interrupted
2019-10-15 16:11:45,265 [grpc-default-executor-5] INFO  impl.RoleInfo (RoleInfo.java:updateAndGet(143)) - 50423279-f647-4a18-8e85-347d68eaf856: start FollowerState
2019-10-15 16:11:45,271 [25d6372c-77fd-4a39-ac2a-e48debad48df@group-B2671EB745D2-LeaderElection102] INFO  impl.LeaderElection (LeaderElection.java:logAndReturn(56)) - 25d6372c-77fd-4a39-ac2a-e48debad48df@group-B2671EB745D2-LeaderElection102: Election REJECTED; received 2 response(s) [25d6372c-77fd-4a39-ac2a-e48debad48df<-2ec85f63-33fb-4317-9145-71357d145af9#0:FAIL-t106, 25d6372c-77fd-4a39-ac2a-e48debad48df<-50423279-f647-4a18-8e85-347d68eaf856#0:FAIL-t106] and 0 exception(s); 25d6372c-77fd-4a39-ac2a-e48debad48df@group-B2671EB745D2:t106, leader=null, voted=25d6372c-77fd-4a39-ac2a-e48debad48df, raftlog=25d6372c-77fd-4a39-ac2a-e48debad48df@group-B2671EB745D2-SegmentedRaftLog:OPENED:c-1,f-1,i0, conf=-1: [50423279-f647-4a18-8e85-347d68eaf856:192.168.69.88:39583, 2ec85f63-33fb-4317-9145-71357d145af9:192.168.69.88:42357, 25d6372c-77fd-4a39-ac2a-e48debad48df:192.168.69.88:39591], old=null
2019-10-15 16:11:45,271 [25d6372c-77fd-4a39-ac2a-e48debad48df@group-B2671EB745D2-LeaderElection102] INFO  impl.RaftServerImpl (RaftServerImpl.java:setRole(184)) - 25d6372c-77fd-4a39-ac2a-e48debad48df@group-B2671EB745D2: changes role from CANDIDATE to FOLLOWER at term 106 for DISCOVERED_A_NEW_TERM
2019-10-15 16:11:45,271 [25d6372c-77fd-4a39-ac2a-e48debad48df@group-B2671EB745D2-LeaderElection102] INFO  impl.RoleInfo (RoleInfo.java:shutdownLeaderElection(134)) - 25d6372c-77fd-4a39-ac2a-e48debad48df: shutdown LeaderElection
2019-10-15 16:11:45,272 [25d6372c-77fd-4a39-ac2a-e48debad48df@group-B2671EB745D2-LeaderElection102] INFO  impl.RoleInfo (RoleInfo.java:updateAndGet(143)) - 25d6372c-77fd-4a39-ac2a-e48debad48df: start FollowerState
2019-10-15 16:11:45,386 [Thread-887] INFO  impl.FollowerState (FollowerState.java:run(108)) - 25d6372c-77fd-4a39-ac2a-e48debad48df@group-B2671EB745D2-FollowerState: change to CANDIDATE, lastRpcTime:114ms, electionTimeout:114ms
2019-10-15 16:11:45,386 [Thread-887] INFO  impl.RoleInfo (RoleInfo.java:shutdownFollowerState(121)) - 25d6372c-77fd-4a39-ac2a-e48debad48df: shutdown FollowerState
2019-10-15 16:11:45,386 [Thread-887] INFO  impl.RaftServerImpl (RaftServerImpl.java:setRole(184)) - 25d6372c-77fd-4a39-ac2a-e48debad48df@group-B2671EB745D2: changes role from  FOLLOWER to CANDIDATE at term 106 for changeToCandidate
2019-10-15 16:11:45,387 [Thread-887] INFO  impl.RoleInfo (RoleInfo.java:updateAndGet(143)) - 25d6372c-77fd-4a39-ac2a-e48debad48df: start LeaderElection
2019-10-15 16:11:45,391 [25d6372c-77fd-4a39-ac2a-e48debad48df@group-B2671EB745D2-LeaderElection103] INFO  impl.LeaderElection (LeaderElection.java:askForVotes(178)) - 25d6372c-77fd-4a39-ac2a-e48debad48df@group-B2671EB745D2-LeaderElection103: begin an election at term 107 for -1: [50423279-f647-4a18-8e85-347d68eaf856:192.168.69.88:39583, 2ec85f63-33fb-4317-9145-71357d145af9:192.168.69.88:42357, 25d6372c-77fd-4a39-ac2a-e48debad48df:192.168.69.88:39591], old=null
2019-10-15 16:11:45,394 [grpc-default-executor-0] INFO  impl.RaftServerImpl (RaftServerImpl.java:setRole(184)) - 2ec85f63-33fb-4317-9145-71357d145af9@group-B2671EB745D2: changes role from  FOLLOWER to FOLLOWER at term 107 for recognizeCandidate:25d6372c-77fd-4a39-ac2a-e48debad48df
2019-10-15 16:11:45,394 [grpc-default-executor-0] INFO  impl.RoleInfo (RoleInfo.java:shutdownFollowerState(121)) - 2ec85f63-33fb-4317-9145-71357d145af9: shutdown FollowerState
2019-10-15 16:11:45,394 [grpc-default-executor-0] INFO  impl.RoleInfo (RoleInfo.java:updateAndGet(143)) - 2ec85f63-33fb-4317-9145-71357d145af9: start FollowerState
2019-10-15 16:11:45,394 [Thread-885] INFO  impl.FollowerState (FollowerState.java:run(117)) - 2ec85f63-33fb-4317-9145-71357d145af9@group-B2671EB745D2-FollowerState was interrupted: java.lang.InterruptedException: sleep interrupted
2019-10-15 16:11:45,394 [grpc-default-executor-5] INFO  impl.RaftServerImpl (RaftServerImpl.java:setRole(184)) - 50423279-f647-4a18-8e85-347d68eaf856@group-B2671EB745D2: changes role from  FOLLOWER to FOLLOWER at term 107 for recognizeCandidate:25d6372c-77fd-4a39-ac2a-e48debad48df
2019-10-15 16:11:45,395 [grpc-default-executor-5] INFO  impl.RoleInfo (RoleInfo.java:shutdownFollowerState(121)) - 50423279-f647-4a18-8e85-347d68eaf856: shutdown FollowerState
2019-10-15 16:11:45,395 [grpc-default-executor-5] INFO  impl.RoleInfo (RoleInfo.java:updateAndGet(143)) - 50423279-f647-4a18-8e85-347d68eaf856: start FollowerState
2019-10-15 16:11:45,395 [Thread-886] INFO  impl.FollowerState (FollowerState.java:run(117)) - 50423279-f647-4a18-8e85-347d68eaf856@group-B2671EB745D2-FollowerState was interrupted: java.lang.InterruptedException: sleep interrupted
2019-10-15 16:11:45,401 [25d6372c-77fd-4a39-ac2a-e48debad48df@group-B2671EB745D2-LeaderElection103] INFO  impl.LeaderElection (LeaderElection.java:logAndReturn(56)) - 25d6372c-77fd-4a39-ac2a-e48debad48df@group-B2671EB745D2-LeaderElection103: Election REJECTED; received 2 response(s) [25d6372c-77fd-4a39-ac2a-e48debad48df<-50423279-f647-4a18-8e85-347d68eaf856#0:FAIL-t107, 25d6372c-77fd-4a39-ac2a-e48debad48df<-2ec85f63-33fb-4317-9145-71357d145af9#0:FAIL-t107] and 0 exception(s); 25d6372c-77fd-4a39-ac2a-e48debad48df@group-B2671EB745D2:t107, leader=null, voted=25d6372c-77fd-4a39-ac2a-e48debad48df, raftlog=25d6372c-77fd-4a39-ac2a-e48debad48df@group-B2671EB745D2-SegmentedRaftLog:OPENED:c-1,f-1,i0, conf=-1: [50423279-f647-4a18-8e85-347d68eaf856:192.168.69.88:39583, 2ec85f63-33fb-4317-9145-71357d145af9:192.168.69.88:42357, 25d6372c-77fd-4a39-ac2a-e48debad48df:192.168.69.88:39591], old=null
2019-10-15 16:11:45,401 [25d6372c-77fd-4a39-ac2a-e48debad48df@group-B2671EB745D2-LeaderElection103] INFO  impl.RaftServerImpl (RaftServerImpl.java:setRole(184)) - 25d6372c-77fd-4a39-ac2a-e48debad48df@group-B2671EB745D2: changes role from CANDIDATE to FOLLOWER at term 107 for DISCOVERED_A_NEW_TERM
2019-10-15 16:11:45,401 [25d6372c-77fd-4a39-ac2a-e48debad48df@group-B2671EB745D2-LeaderElection103] INFO  impl.RoleInfo (RoleInfo.java:shutdownLeaderElection(134)) - 25d6372c-77fd-4a39-ac2a-e48debad48df: shutdown LeaderElection
2019-10-15 16:11:45,402 [25d6372c-77fd-4a39-ac2a-e48debad48df@group-B2671EB745D2-LeaderElection103] INFO  impl.RoleInfo (RoleInfo.java:updateAndGet(143)) - 25d6372c-77fd-4a39-ac2a-e48debad48df: start FollowerState
2019-10-15 16:11:45,496 [Thread-893] INFO  impl.FollowerState (FollowerState.java:run(108)) - 25d6372c-77fd-4a39-ac2a-e48debad48df@group-B2671EB745D2-FollowerState: change to CANDIDATE, lastRpcTime:94ms, electionTimeout:94ms
2019-10-15 16:11:45,496 [Thread-893] INFO  impl.RoleInfo (RoleInfo.java:shutdownFollowerState(121)) - 25d6372c-77fd-4a39-ac2a-e48debad48df: shutdown FollowerState
2019-10-15 16:11:45,496 [Thread-893] INFO  impl.RaftServerImpl (RaftServerImpl.java:setRole(184)) - 25d6372c-77fd-4a39-ac2a-e48debad48df@group-B2671EB745D2: changes role from  FOLLOWER to CANDIDATE at term 107 for changeToCandidate
2019-10-15 16:11:45,496 [Thread-893] INFO  impl.RoleInfo (RoleInfo.java:updateAndGet(143)) - 25d6372c-77fd-4a39-ac2a-e48debad48df: start LeaderElection
2019-10-15 16:11:45,510 [25d6372c-77fd-4a39-ac2a-e48debad48df@group-B2671EB745D2-LeaderElection104] INFO  impl.LeaderElection (LeaderElection.java:askForVotes(178)) - 25d6372c-77fd-4a39-ac2a-e48debad48df@group-B2671EB745D2-LeaderElection104: begin an election at term 108 for -1: [50423279-f647-4a18-8e85-347d68eaf856:192.168.69.88:39583, 2ec85f63-33fb-4317-9145-71357d145af9:192.168.69.88:42357, 25d6372c-77fd-4a39-ac2a-e48debad48df:192.168.69.88:39591], old=null
2019-10-15 16:11:45,513 [grpc-default-executor-0] INFO  impl.RaftServerImpl (RaftServerImpl.java:setRole(184)) - 2ec85f63-33fb-4317-9145-71357d145af9@group-B2671EB745D2: changes role from  FOLLOWER to FOLLOWER at term 108 for recognizeCandidate:25d6372c-77fd-4a39-ac2a-e48debad48df
2019-10-15 16:11:45,513 [grpc-default-executor-5] INFO  impl.RaftServerImpl (RaftServerImpl.java:setRole(184)) - 50423279-f647-4a18-8e85-347d68eaf856@group-B2671EB745D2: changes role from  FOLLOWER to FOLLOWER at term 108 for recognizeCandidate:25d6372c-77fd-4a39-ac2a-e48debad48df
2019-10-15 16:11:45,513 [grpc-default-executor-0] INFO  impl.RoleInfo (RoleInfo.java:shutdownFollowerState(121)) - 2ec85f63-33fb-4317-9145-71357d145af9: shutdown FollowerState
2019-10-15 16:11:45,513 [grpc-default-executor-5] INFO  impl.RoleInfo (RoleInfo.java:shutdownFollowerState(121)) - 50423279-f647-4a18-8e85-347d68eaf856: shutdown FollowerState
2019-10-15 16:11:45,513 [grpc-default-executor-0] INFO  impl.RoleInfo (RoleInfo.java:updateAndGet(143)) - 2ec85f63-33fb-4317-9145-71357d145af9: start FollowerState
2019-10-15 16:11:45,513 [Thread-892] INFO  impl.FollowerState (FollowerState.java:run(117)) - 50423279-f647-4a18-8e85-347d68eaf856@group-B2671EB745D2-FollowerState was interrupted: java.lang.InterruptedException: sleep interrupted
2019-10-15 16:11:45,513 [grpc-default-executor-5] INFO  impl.RoleInfo (RoleInfo.java:updateAndGet(143)) - 50423279-f647-4a18-8e85-347d68eaf856: start FollowerState
2019-10-15 16:11:45,513 [Thread-891] INFO  impl.FollowerState (FollowerState.java:run(117)) - 2ec85f63-33fb-4317-9145-71357d145af9@group-B2671EB745D2-FollowerState was interrupted: java.lang.InterruptedException: sleep interrupted
2019-10-15 16:11:45,528 [25d6372c-77fd-4a39-ac2a-e48debad48df@group-B2671EB745D2-LeaderElection104] INFO  impl.LeaderElection (LeaderElection.java:logAndReturn(56)) - 25d6372c-77fd-4a39-ac2a-e48debad48df@group-B2671EB745D2-LeaderElection104: Election REJECTED; received 2 response(s) [25d6372c-77fd-4a39-ac2a-e48debad48df<-50423279-f647-4a18-8e85-347d68eaf856#0:FAIL-t108, 25d6372c-77fd-4a39-ac2a-e48debad48df<-2ec85f63-33fb-4317-9145-71357d145af9#0:FAIL-t108] and 0 exception(s); 25d6372c-77fd-4a39-ac2a-e48debad48df@group-B2671EB745D2:t108, leader=null, voted=25d6372c-77fd-4a39-ac2a-e48debad48df, raftlog=25d6372c-77fd-4a39-ac2a-e48debad48df@group-B2671EB745D2-SegmentedRaftLog:OPENED:c-1,f-1,i0, conf=-1: [50423279-f647-4a18-8e85-347d68eaf856:192.168.69.88:39583, 2ec85f63-33fb-4317-9145-71357d145af9:192.168.69.88:42357, 25d6372c-77fd-4a39-ac2a-e48debad48df:192.168.69.88:39591], old=null
2019-10-15 16:11:45,529 [25d6372c-77fd-4a39-ac2a-e48debad48df@group-B2671EB745D2-LeaderElection104] INFO  impl.RaftServerImpl (RaftServerImpl.java:setRole(184)) - 25d6372c-77fd-4a39-ac2a-e48debad48df@group-B2671EB745D2: changes role from CANDIDATE to FOLLOWER at term 108 for DISCOVERED_A_NEW_TERM
2019-10-15 16:11:45,529 [25d6372c-77fd-4a39-ac2a-e48debad48df@group-B2671EB745D2-LeaderElection104] INFO  impl.RoleInfo (RoleInfo.java:shutdownLeaderElection(134)) - 25d6372c-77fd-4a39-ac2a-e48debad48df: shutdown LeaderElection
2019-10-15 16:11:45,529 [25d6372c-77fd-4a39-ac2a-e48debad48df@group-B2671EB745D2-LeaderElection104] INFO  impl.RoleInfo (RoleInfo.java:updateAndGet(143)) - 25d6372c-77fd-4a39-ac2a-e48debad48df: start FollowerState
2019-10-15 16:11:45,546 [Thread-899] INFO  impl.FollowerState (FollowerState.java:run(108)) - 25d6372c-77fd-4a39-ac2a-e48debad48df@group-B2671EB745D2-FollowerState: change to CANDIDATE, lastRpcTime:17ms, electionTimeout:17ms
2019-10-15 16:11:45,547 [Thread-899] INFO  impl.RoleInfo (RoleInfo.java:shutdownFollowerState(121)) - 25d6372c-77fd-4a39-ac2a-e48debad48df: shutdown FollowerState
2019-10-15 16:11:45,547 [Thread-899] INFO  impl.RaftServerImpl (RaftServerImpl.java:setRole(184)) - 25d6372c-77fd-4a39-ac2a-e48debad48df@group-B2671EB745D2: changes role from  FOLLOWER to CANDIDATE at term 108 for changeToCandidate
2019-10-15 16:11:45,547 [Thread-899] INFO  impl.RoleInfo (RoleInfo.java:updateAndGet(143)) - 25d6372c-77fd-4a39-ac2a-e48debad48df: start LeaderElection
2019-10-15 16:11:45,561 [25d6372c-77fd-4a39-ac2a-e48debad48df@group-B2671EB745D2-LeaderElection105] INFO  impl.LeaderElection (LeaderElection.java:askForVotes(178)) - 25d6372c-77fd-4a39-ac2a-e48debad48df@group-B2671EB745D2-LeaderElection105: begin an election at term 109 for -1: [50423279-f647-4a18-8e85-347d68eaf856:192.168.69.88:39583, 2ec85f63-33fb-4317-9145-71357d145af9:192.168.69.88:42357, 25d6372c-77fd-4a39-ac2a-e48debad48df:192.168.69.88:39591], old=null
2019-10-15 16:11:45,564 [grpc-default-executor-0] INFO  impl.RaftServerImpl (RaftServerImpl.java:setRole(184)) - 2ec85f63-33fb-4317-9145-71357d145af9@group-B2671EB745D2: changes role from  FOLLOWER to FOLLOWER at term 109 for recognizeCandidate:25d6372c-77fd-4a39-ac2a-e48debad48df
2019-10-15 16:11:45,564 [grpc-default-executor-5] INFO  impl.RaftServerImpl (RaftServerImpl.java:setRole(184)) - 50423279-f647-4a18-8e85-347d68eaf856@group-B2671EB745D2: changes role from  FOLLOWER to FOLLOWER at term 109 for recognizeCandidate:25d6372c-77fd-4a39-ac2a-e48debad48df
2019-10-15 16:11:45,564 [grpc-default-executor-0] INFO  impl.RoleInfo (RoleInfo.java:shutdownFollowerState(121)) - 2ec85f63-33fb-4317-9145-71357d145af9: shutdown FollowerState
2019-10-15 16:11:45,564 [grpc-default-executor-5] INFO  impl.RoleInfo (RoleInfo.java:shutdownFollowerState(121)) - 50423279-f647-4a18-8e85-347d68eaf856: shutdown FollowerState
2019-10-15 16:11:45,564 [Thread-897] INFO  impl.FollowerState (FollowerState.java:run(117)) - 2ec85f63-33fb-4317-9145-71357d145af9@group-B2671EB745D2-FollowerState was interrupted: java.lang.InterruptedException: sleep interrupted
2019-10-15 16:11:45,564 [grpc-default-executor-0] INFO  impl.RoleInfo (RoleInfo.java:updateAndGet(143)) - 2ec85f63-33fb-4317-9145-71357d145af9: start FollowerState
2019-10-15 16:11:45,564 [Thread-898] INFO  impl.FollowerState (FollowerState.java:run(117)) - 50423279-f647-4a18-8e85-347d68eaf856@group-B2671EB745D2-FollowerState was interrupted: java.lang.InterruptedException: sleep interrupted
2019-10-15 16:11:45,564 [grpc-default-executor-5] INFO  impl.RoleInfo (RoleInfo.java:updateAndGet(143)) - 50423279-f647-4a18-8e85-347d68eaf856: start FollowerState
2019-10-15 16:11:45,579 [25d6372c-77fd-4a39-ac2a-e48debad48df@group-B2671EB745D2-LeaderElection105] INFO  impl.LeaderElection (LeaderElection.java:logAndReturn(56)) - 25d6372c-77fd-4a39-ac2a-e48debad48df@group-B2671EB745D2-LeaderElection105: Election REJECTED; received 2 response(s) [25d6372c-77fd-4a39-ac2a-e48debad48df<-2ec85f63-33fb-4317-9145-71357d145af9#0:FAIL-t109, 25d6372c-77fd-4a39-ac2a-e48debad48df<-50423279-f647-4a18-8e85-347d68eaf856#0:FAIL-t109] and 0 exception(s); 25d6372c-77fd-4a39-ac2a-e48debad48df@group-B2671EB745D2:t109, leader=null, voted=25d6372c-77fd-4a39-ac2a-e48debad48df, raftlog=25d6372c-77fd-4a39-ac2a-e48debad48df@group-B2671EB745D2-SegmentedRaftLog:OPENED:c-1,f-1,i0, conf=-1: [50423279-f647-4a18-8e85-347d68eaf856:192.168.69.88:39583, 2ec85f63-33fb-4317-9145-71357d145af9:192.168.69.88:42357, 25d6372c-77fd-4a39-ac2a-e48debad48df:192.168.69.88:39591], old=null
2019-10-15 16:11:45,579 [25d6372c-77fd-4a39-ac2a-e48debad48df@group-B2671EB745D2-LeaderElection105] INFO  impl.RaftServerImpl (RaftServerImpl.java:setRole(184)) - 25d6372c-77fd-4a39-ac2a-e48debad48df@group-B2671EB745D2: changes role from CANDIDATE to FOLLOWER at term 109 for DISCOVERED_A_NEW_TERM
2019-10-15 16:11:45,579 [25d6372c-77fd-4a39-ac2a-e48debad48df@group-B2671EB745D2-LeaderElection105] INFO  impl.RoleInfo (RoleInfo.java:shutdownLeaderElection(134)) - 25d6372c-77fd-4a39-ac2a-e48debad48df: shutdown LeaderElection
2019-10-15 16:11:45,579 [25d6372c-77fd-4a39-ac2a-e48debad48df@group-B2671EB745D2-LeaderElection105] INFO  impl.RoleInfo (RoleInfo.java:updateAndGet(143)) - 25d6372c-77fd-4a39-ac2a-e48debad48df: start FollowerState
2019-10-15 16:11:45,695 [Thread-905] INFO  impl.FollowerState (FollowerState.java:run(108)) - 25d6372c-77fd-4a39-ac2a-e48debad48df@group-B2671EB745D2-FollowerState: change to CANDIDATE, lastRpcTime:115ms, electionTimeout:115ms
2019-10-15 16:11:45,695 [Thread-905] INFO  impl.RoleInfo (RoleInfo.java:shutdownFollowerState(121)) - 25d6372c-77fd-4a39-ac2a-e48debad48df: shutdown FollowerState
2019-10-15 16:11:45,695 [Thread-905] INFO  impl.RaftServerImpl (RaftServerImpl.java:setRole(184)) - 25d6372c-77fd-4a39-ac2a-e48debad48df@group-B2671EB745D2: changes role from  FOLLOWER to CANDIDATE at term 109 for changeToCandidate
2019-10-15 16:11:45,695 [Thread-905] INFO  impl.RoleInfo (RoleInfo.java:updateAndGet(143)) - 25d6372c-77fd-4a39-ac2a-e48debad48df: start LeaderElection
2019-10-15 16:11:45,709 [25d6372c-77fd-4a39-ac2a-e48debad48df@group-B2671EB745D2-LeaderElection106] INFO  impl.LeaderElection (LeaderElection.java:askForVotes(178)) - 25d6372c-77fd-4a39-ac2a-e48debad48df@group-B2671EB745D2-LeaderElection106: begin an election at term 110 for -1: [50423279-f647-4a18-8e85-347d68eaf856:192.168.69.88:39583, 2ec85f63-33fb-4317-9145-71357d145af9:192.168.69.88:42357, 25d6372c-77fd-4a39-ac2a-e48debad48df:192.168.69.88:39591], old=null
2019-10-15 16:11:45,712 [grpc-default-executor-0] INFO  impl.RaftServerImpl (RaftServerImpl.java:setRole(184)) - 2ec85f63-33fb-4317-9145-71357d145af9@group-B2671EB745D2: changes role from  FOLLOWER to FOLLOWER at term 110 for recognizeCandidate:25d6372c-77fd-4a39-ac2a-e48debad48df
2019-10-15 16:11:45,712 [grpc-default-executor-5] INFO  impl.RaftServerImpl (RaftServerImpl.java:setRole(184)) - 50423279-f647-4a18-8e85-347d68eaf856@group-B2671EB745D2: changes role from  FOLLOWER to FOLLOWER at term 110 for recognizeCandidate:25d6372c-77fd-4a39-ac2a-e48debad48df
2019-10-15 16:11:45,712 [grpc-default-executor-0] INFO  impl.RoleInfo (RoleInfo.java:shutdownFollowerState(121)) - 2ec85f63-33fb-4317-9145-71357d145af9: shutdown FollowerState
2019-10-15 16:11:45,712 [grpc-default-executor-5] INFO  impl.RoleInfo (RoleInfo.java:shutdownFollowerState(121)) - 50423279-f647-4a18-8e85-347d68eaf856: shutdown FollowerState
2019-10-15 16:11:45,712 [Thread-903] INFO  impl.FollowerState (FollowerState.java:run(117)) - 2ec85f63-33fb-4317-9145-71357d145af9@group-B2671EB745D2-FollowerState was interrupted: java.lang.InterruptedException: sleep interrupted
2019-10-15 16:11:45,712 [Thread-904] INFO  impl.FollowerState (FollowerState.java:run(117)) - 50423279-f647-4a18-8e85-347d68eaf856@group-B2671EB745D2-FollowerState was interrupted: java.lang.InterruptedException: sleep interrupted
2019-10-15 16:11:45,712 [grpc-default-executor-5] INFO  impl.RoleInfo (RoleInfo.java:updateAndGet(143)) - 50423279-f647-4a18-8e85-347d68eaf856: start FollowerState
2019-10-15 16:11:45,712 [grpc-default-executor-0] INFO  impl.RoleInfo (RoleInfo.java:updateAndGet(143)) - 2ec85f63-33fb-4317-9145-71357d145af9: start FollowerState
2019-10-15 16:11:45,726 [25d6372c-77fd-4a39-ac2a-e48debad48df@group-B2671EB745D2-LeaderElection106] INFO  impl.LeaderElection (LeaderElection.java:logAndReturn(56)) - 25d6372c-77fd-4a39-ac2a-e48debad48df@group-B2671EB745D2-LeaderElection106: Election REJECTED; received 2 response(s) [25d6372c-77fd-4a39-ac2a-e48debad48df<-2ec85f63-33fb-4317-9145-71357d145af9#0:FAIL-t110, 25d6372c-77fd-4a39-ac2a-e48debad48df<-50423279-f647-4a18-8e85-347d68eaf856#0:FAIL-t110] and 0 exception(s); 25d6372c-77fd-4a39-ac2a-e48debad48df@group-B2671EB745D2:t110, leader=null, voted=25d6372c-77fd-4a39-ac2a-e48debad48df, raftlog=25d6372c-77fd-4a39-ac2a-e48debad48df@group-B2671EB745D2-SegmentedRaftLog:OPENED:c-1,f-1,i0, conf=-1: [50423279-f647-4a18-8e85-347d68eaf856:192.168.69.88:39583, 2ec85f63-33fb-4317-9145-71357d145af9:192.168.69.88:42357, 25d6372c-77fd-4a39-ac2a-e48debad48df:192.168.69.88:39591], old=null
2019-10-15 16:11:45,726 [25d6372c-77fd-4a39-ac2a-e48debad48df@group-B2671EB745D2-LeaderElection106] INFO  impl.RaftServerImpl (RaftServerImpl.java:setRole(184)) - 25d6372c-77fd-4a39-ac2a-e48debad48df@group-B2671EB745D2: changes role from CANDIDATE to FOLLOWER at term 110 for DISCOVERED_A_NEW_TERM
2019-10-15 16:11:45,726 [25d6372c-77fd-4a39-ac2a-e48debad48df@group-B2671EB745D2-LeaderElection106] INFO  impl.RoleInfo (RoleInfo.java:shutdownLeaderElection(134)) - 25d6372c-77fd-4a39-ac2a-e48debad48df: shutdown LeaderElection
2019-10-15 16:11:45,726 [25d6372c-77fd-4a39-ac2a-e48debad48df@group-B2671EB745D2-LeaderElection106] INFO  impl.RoleInfo (RoleInfo.java:updateAndGet(143)) - 25d6372c-77fd-4a39-ac2a-e48debad48df: start FollowerState
2019-10-15 16:11:45,901 [Thread-911] INFO  impl.FollowerState (FollowerState.java:run(108)) - 25d6372c-77fd-4a39-ac2a-e48debad48df@group-B2671EB745D2-FollowerState: change to CANDIDATE, lastRpcTime:174ms, electionTimeout:174ms
2019-10-15 16:11:45,901 [Thread-911] INFO  impl.RoleInfo (RoleInfo.java:shutdownFollowerState(121)) - 25d6372c-77fd-4a39-ac2a-e48debad48df: shutdown FollowerState
2019-10-15 16:11:45,901 [Thread-911] INFO  impl.RaftServerImpl (RaftServerImpl.java:setRole(184)) - 25d6372c-77fd-4a39-ac2a-e48debad48df@group-B2671EB745D2: changes role from  FOLLOWER to CANDIDATE at term 110 for changeToCandidate
2019-10-15 16:11:45,902 [Thread-911] INFO  impl.RoleInfo (RoleInfo.java:updateAndGet(143)) - 25d6372c-77fd-4a39-ac2a-e48debad48df: start LeaderElection
2019-10-15 16:11:45,923 [25d6372c-77fd-4a39-ac2a-e48debad48df@group-B2671EB745D2-LeaderElection107] INFO  impl.LeaderElection (LeaderElection.java:askForVotes(178)) - 25d6372c-77fd-4a39-ac2a-e48debad48df@group-B2671EB745D2-LeaderElection107: begin an election at term 111 for -1: [50423279-f647-4a18-8e85-347d68eaf856:192.168.69.88:39583, 2ec85f63-33fb-4317-9145-71357d145af9:192.168.69.88:42357, 25d6372c-77fd-4a39-ac2a-e48debad48df:192.168.69.88:39591], old=null
2019-10-15 16:11:45,927 [grpc-default-executor-5] INFO  impl.RaftServerImpl (RaftServerImpl.java:setRole(184)) - 2ec85f63-33fb-4317-9145-71357d145af9@group-B2671EB745D2: changes role from  FOLLOWER to FOLLOWER at term 111 for recognizeCandidate:25d6372c-77fd-4a39-ac2a-e48debad48df
2019-10-15 16:11:45,927 [grpc-default-executor-0] INFO  impl.RaftServerImpl (RaftServerImpl.java:setRole(184)) - 50423279-f647-4a18-8e85-347d68eaf856@group-B2671EB745D2: changes role from  FOLLOWER to FOLLOWER at term 111 for recognizeCandidate:25d6372c-77fd-4a39-ac2a-e48debad48df
2019-10-15 16:11:45,927 [grpc-default-executor-5] INFO  impl.RoleInfo (RoleInfo.java:shutdownFollowerState(121)) - 2ec85f63-33fb-4317-9145-71357d145af9: shutdown FollowerState
2019-10-15 16:11:45,927 [grpc-default-executor-0] INFO  impl.RoleInfo (RoleInfo.java:shutdownFollowerState(121)) - 50423279-f647-4a18-8e85-347d68eaf856: shutdown FollowerState
2019-10-15 16:11:45,928 [Thread-909] INFO  impl.FollowerState (FollowerState.java:run(117)) - 2ec85f63-33fb-4317-9145-71357d145af9@group-B2671EB745D2-FollowerState was interrupted: java.lang.InterruptedException: sleep interrupted
2019-10-15 16:11:45,928 [Thread-910] INFO  impl.FollowerState (FollowerState.java:run(117)) - 50423279-f647-4a18-8e85-347d68eaf856@group-B2671EB745D2-FollowerState was interrupted: java.lang.InterruptedException: sleep interrupted
2019-10-15 16:11:45,927 [grpc-default-executor-5] INFO  impl.RoleInfo (RoleInfo.java:updateAndGet(143)) - 2ec85f63-33fb-4317-9145-71357d145af9: start FollowerState
2019-10-15 16:11:45,928 [grpc-default-executor-0] INFO  impl.RoleInfo (RoleInfo.java:updateAndGet(143)) - 50423279-f647-4a18-8e85-347d68eaf856: start FollowerState
2019-10-15 16:11:45,934 [25d6372c-77fd-4a39-ac2a-e48debad48df@group-B2671EB745D2-LeaderElection107] INFO  impl.LeaderElection (LeaderElection.java:logAndReturn(56)) - 25d6372c-77fd-4a39-ac2a-e48debad48df@group-B2671EB745D2-LeaderElection107: Election REJECTED; received 2 response(s) [25d6372c-77fd-4a39-ac2a-e48debad48df<-2ec85f63-33fb-4317-9145-71357d145af9#0:FAIL-t111, 25d6372c-77fd-4a39-ac2a-e48debad48df<-50423279-f647-4a18-8e85-347d68eaf856#0:FAIL-t111] and 0 exception(s); 25d6372c-77fd-4a39-ac2a-e48debad48df@group-B2671EB745D2:t111, leader=null, voted=25d6372c-77fd-4a39-ac2a-e48debad48df, raftlog=25d6372c-77fd-4a39-ac2a-e48debad48df@group-B2671EB745D2-SegmentedRaftLog:OPENED:c-1,f-1,i0, conf=-1: [50423279-f647-4a18-8e85-347d68eaf856:192.168.69.88:39583, 2ec85f63-33fb-4317-9145-71357d145af9:192.168.69.88:42357, 25d6372c-77fd-4a39-ac2a-e48debad48df:192.168.69.88:39591], old=null
2019-10-15 16:11:45,934 [25d6372c-77fd-4a39-ac2a-e48debad48df@group-B2671EB745D2-LeaderElection107] INFO  impl.RaftServerImpl (RaftServerImpl.java:setRole(184)) - 25d6372c-77fd-4a39-ac2a-e48debad48df@group-B2671EB745D2: changes role from CANDIDATE to FOLLOWER at term 111 for DISCOVERED_A_NEW_TERM
2019-10-15 16:11:45,934 [25d6372c-77fd-4a39-ac2a-e48debad48df@group-B2671EB745D2-LeaderElection107] INFO  impl.RoleInfo (RoleInfo.java:shutdownLeaderElection(134)) - 25d6372c-77fd-4a39-ac2a-e48debad48df: shutdown LeaderElection
2019-10-15 16:11:45,934 [25d6372c-77fd-4a39-ac2a-e48debad48df@group-B2671EB745D2-LeaderElection107] INFO  impl.RoleInfo (RoleInfo.java:updateAndGet(143)) - 25d6372c-77fd-4a39-ac2a-e48debad48df: start FollowerState
2019-10-15 16:11:46,000 [Thread-917] INFO  impl.FollowerState (FollowerState.java:run(108)) - 25d6372c-77fd-4a39-ac2a-e48debad48df@group-B2671EB745D2-FollowerState: change to CANDIDATE, lastRpcTime:65ms, electionTimeout:65ms
2019-10-15 16:11:46,000 [Thread-917] INFO  impl.RoleInfo (RoleInfo.java:shutdownFollowerState(121)) - 25d6372c-77fd-4a39-ac2a-e48debad48df: shutdown FollowerState
2019-10-15 16:11:46,000 [Thread-917] INFO  impl.RaftServerImpl (RaftServerImpl.java:setRole(184)) - 25d6372c-77fd-4a39-ac2a-e48debad48df@group-B2671EB745D2: changes role from  FOLLOWER to CANDIDATE at term 111 for changeToCandidate
2019-10-15 16:11:46,000 [Thread-917] INFO  impl.RoleInfo (RoleInfo.java:updateAndGet(143)) - 25d6372c-77fd-4a39-ac2a-e48debad48df: start LeaderElection
2019-10-15 16:11:46,014 [25d6372c-77fd-4a39-ac2a-e48debad48df@group-B2671EB745D2-LeaderElection108] INFO  impl.LeaderElection (LeaderElection.java:askForVotes(178)) - 25d6372c-77fd-4a39-ac2a-e48debad48df@group-B2671EB745D2-LeaderElection108: begin an election at term 112 for -1: [50423279-f647-4a18-8e85-347d68eaf856:192.168.69.88:39583, 2ec85f63-33fb-4317-9145-71357d145af9:192.168.69.88:42357, 25d6372c-77fd-4a39-ac2a-e48debad48df:192.168.69.88:39591], old=null
2019-10-15 16:11:46,017 [grpc-default-executor-0] INFO  impl.RaftServerImpl (RaftServerImpl.java:setRole(184)) - 2ec85f63-33fb-4317-9145-71357d145af9@group-B2671EB745D2: changes role from  FOLLOWER to FOLLOWER at term 112 for recognizeCandidate:25d6372c-77fd-4a39-ac2a-e48debad48df
2019-10-15 16:11:46,017 [grpc-default-executor-5] INFO  impl.RaftServerImpl (RaftServerImpl.java:setRole(184)) - 50423279-f647-4a18-8e85-347d68eaf856@group-B2671EB745D2: changes role from  FOLLOWER to FOLLOWER at term 112 for recognizeCandidate:25d6372c-77fd-4a39-ac2a-e48debad48df
2019-10-15 16:11:46,017 [grpc-default-executor-0] INFO  impl.RoleInfo (RoleInfo.java:shutdownFollowerState(121)) - 2ec85f63-33fb-4317-9145-71357d145af9: shutdown FollowerState
2019-10-15 16:11:46,018 [grpc-default-executor-5] INFO  impl.RoleInfo (RoleInfo.java:shutdownFollowerState(121)) - 50423279-f647-4a18-8e85-347d68eaf856: shutdown FollowerState
2019-10-15 16:11:46,018 [Thread-915] INFO  impl.FollowerState (FollowerState.java:run(117)) - 2ec85f63-33fb-4317-9145-71357d145af9@group-B2671EB745D2-FollowerState was interrupted: java.lang.InterruptedException: sleep interrupted
2019-10-15 16:11:46,018 [grpc-default-executor-0] INFO  impl.RoleInfo (RoleInfo.java:updateAndGet(143)) - 2ec85f63-33fb-4317-9145-71357d145af9: start FollowerState
2019-10-15 16:11:46,018 [Thread-916] INFO  impl.FollowerState (FollowerState.java:run(117)) - 50423279-f647-4a18-8e85-347d68eaf856@group-B2671EB745D2-FollowerState was interrupted: java.lang.InterruptedException: sleep interrupted
2019-10-15 16:11:46,018 [grpc-default-executor-5] INFO  impl.RoleInfo (RoleInfo.java:updateAndGet(143)) - 50423279-f647-4a18-8e85-347d68eaf856: start FollowerState
2019-10-15 16:11:46,033 [25d6372c-77fd-4a39-ac2a-e48debad48df@group-B2671EB745D2-LeaderElection108] INFO  impl.LeaderElection (LeaderElection.java:logAndReturn(56)) - 25d6372c-77fd-4a39-ac2a-e48debad48df@group-B2671EB745D2-LeaderElection108: Election REJECTED; received 2 response(s) [25d6372c-77fd-4a39-ac2a-e48debad48df<-50423279-f647-4a18-8e85-347d68eaf856#0:FAIL-t112, 25d6372c-77fd-4a39-ac2a-e48debad48df<-2ec85f63-33fb-4317-9145-71357d145af9#0:FAIL-t112] and 0 exception(s); 25d6372c-77fd-4a39-ac2a-e48debad48df@group-B2671EB745D2:t112, leader=null, voted=25d6372c-77fd-4a39-ac2a-e48debad48df, raftlog=25d6372c-77fd-4a39-ac2a-e48debad48df@group-B2671EB745D2-SegmentedRaftLog:OPENED:c-1,f-1,i0, conf=-1: [50423279-f647-4a18-8e85-347d68eaf856:192.168.69.88:39583, 2ec85f63-33fb-4317-9145-71357d145af9:192.168.69.88:42357, 25d6372c-77fd-4a39-ac2a-e48debad48df:192.168.69.88:39591], old=null
2019-10-15 16:11:46,033 [25d6372c-77fd-4a39-ac2a-e48debad48df@group-B2671EB745D2-LeaderElection108] INFO  impl.RaftServerImpl (RaftServerImpl.java:setRole(184)) - 25d6372c-77fd-4a39-ac2a-e48debad48df@group-B2671EB745D2: changes role from CANDIDATE to FOLLOWER at term 112 for DISCOVERED_A_NEW_TERM
2019-10-15 16:11:46,033 [25d6372c-77fd-4a39-ac2a-e48debad48df@group-B2671EB745D2-LeaderElection108] INFO  impl.RoleInfo (RoleInfo.java:shutdownLeaderElection(134)) - 25d6372c-77fd-4a39-ac2a-e48debad48df: shutdown LeaderElection
2019-10-15 16:11:46,033 [25d6372c-77fd-4a39-ac2a-e48debad48df@group-B2671EB745D2-LeaderElection108] INFO  impl.RoleInfo (RoleInfo.java:updateAndGet(143)) - 25d6372c-77fd-4a39-ac2a-e48debad48df: start FollowerState
2019-10-15 16:11:46,072 [Thread-923] INFO  impl.FollowerState (FollowerState.java:run(108)) - 25d6372c-77fd-4a39-ac2a-e48debad48df@group-B2671EB745D2-FollowerState: change to CANDIDATE, lastRpcTime:38ms, electionTimeout:38ms
2019-10-15 16:11:46,072 [Thread-923] INFO  impl.RoleInfo (RoleInfo.java:shutdownFollowerState(121)) - 25d6372c-77fd-4a39-ac2a-e48debad48df: shutdown FollowerState
2019-10-15 16:11:46,072 [Thread-923] INFO  impl.RaftServerImpl (RaftServerImpl.java:setRole(184)) - 25d6372c-77fd-4a39-ac2a-e48debad48df@group-B2671EB745D2: changes role from  FOLLOWER to CANDIDATE at term 112 for changeToCandidate
2019-10-15 16:11:46,072 [Thread-923] INFO  impl.RoleInfo (RoleInfo.java:updateAndGet(143)) - 25d6372c-77fd-4a39-ac2a-e48debad48df: start LeaderElection
2019-10-15 16:11:46,085 [25d6372c-77fd-4a39-ac2a-e48debad48df@group-B2671EB745D2-LeaderElection109] INFO  impl.LeaderElection (LeaderElection.java:askForVotes(178)) - 25d6372c-77fd-4a39-ac2a-e48debad48df@group-B2671EB745D2-LeaderElection109: begin an election at term 113 for -1: [50423279-f647-4a18-8e85-347d68eaf856:192.168.69.88:39583, 2ec85f63-33fb-4317-9145-71357d145af9:192.168.69.88:42357, 25d6372c-77fd-4a39-ac2a-e48debad48df:192.168.69.88:39591], old=null
2019-10-15 16:11:46,088 [grpc-default-executor-5] INFO  impl.RaftServerImpl (RaftServerImpl.java:setRole(184)) - 2ec85f63-33fb-4317-9145-71357d145af9@group-B2671EB745D2: changes role from  FOLLOWER to FOLLOWER at term 113 for recognizeCandidate:25d6372c-77fd-4a39-ac2a-e48debad48df
2019-10-15 16:11:46,088 [grpc-default-executor-0] INFO  impl.RaftServerImpl (RaftServerImpl.java:setRole(184)) - 50423279-f647-4a18-8e85-347d68eaf856@group-B2671EB745D2: changes role from  FOLLOWER to FOLLOWER at term 113 for recognizeCandidate:25d6372c-77fd-4a39-ac2a-e48debad48df
2019-10-15 16:11:46,088 [grpc-default-executor-5] INFO  impl.RoleInfo (RoleInfo.java:shutdownFollowerState(121)) - 2ec85f63-33fb-4317-9145-71357d145af9: shutdown FollowerState
2019-10-15 16:11:46,088 [grpc-default-executor-0] INFO  impl.RoleInfo (RoleInfo.java:shutdownFollowerState(121)) - 50423279-f647-4a18-8e85-347d68eaf856: shutdown FollowerState
2019-10-15 16:11:46,088 [Thread-921] INFO  impl.FollowerState (FollowerState.java:run(117)) - 2ec85f63-33fb-4317-9145-71357d145af9@group-B2671EB745D2-FollowerState was interrupted: java.lang.InterruptedException: sleep interrupted
2019-10-15 16:11:46,088 [grpc-default-executor-5] INFO  impl.RoleInfo (RoleInfo.java:updateAndGet(143)) - 2ec85f63-33fb-4317-9145-71357d145af9: start FollowerState
2019-10-15 16:11:46,089 [Thread-922] INFO  impl.FollowerState (FollowerState.java:run(117)) - 50423279-f647-4a18-8e85-347d68eaf856@group-B2671EB745D2-FollowerState was interrupted: java.lang.InterruptedException: sleep interrupted
2019-10-15 16:11:46,088 [grpc-default-executor-0] INFO  impl.RoleInfo (RoleInfo.java:updateAndGet(143)) - 50423279-f647-4a18-8e85-347d68eaf856: start FollowerState
2019-10-15 16:11:46,155 [25d6372c-77fd-4a39-ac2a-e48debad48df@group-B2671EB745D2-LeaderElection109] INFO  impl.LeaderElection (LeaderElection.java:logAndReturn(56)) - 25d6372c-77fd-4a39-ac2a-e48debad48df@group-B2671EB745D2-LeaderElection109: Election REJECTED; received 2 response(s) [25d6372c-77fd-4a39-ac2a-e48debad48df<-2ec85f63-33fb-4317-9145-71357d145af9#0:FAIL-t113, 25d6372c-77fd-4a39-ac2a-e48debad48df<-50423279-f647-4a18-8e85-347d68eaf856#0:FAIL-t113] and 0 exception(s); 25d6372c-77fd-4a39-ac2a-e48debad48df@group-B2671EB745D2:t113, leader=null, voted=25d6372c-77fd-4a39-ac2a-e48debad48df, raftlog=25d6372c-77fd-4a39-ac2a-e48debad48df@group-B2671EB745D2-SegmentedRaftLog:OPENED:c-1,f-1,i0, conf=-1: [50423279-f647-4a18-8e85-347d68eaf856:192.168.69.88:39583, 2ec85f63-33fb-4317-9145-71357d145af9:192.168.69.88:42357, 25d6372c-77fd-4a39-ac2a-e48debad48df:192.168.69.88:39591], old=null
2019-10-15 16:11:46,156 [25d6372c-77fd-4a39-ac2a-e48debad48df@group-B2671EB745D2-LeaderElection109] INFO  impl.RaftServerImpl (RaftServerImpl.java:setRole(184)) - 25d6372c-77fd-4a39-ac2a-e48debad48df@group-B2671EB745D2: changes role from CANDIDATE to FOLLOWER at term 113 for DISCOVERED_A_NEW_TERM
2019-10-15 16:11:46,156 [25d6372c-77fd-4a39-ac2a-e48debad48df@group-B2671EB745D2-LeaderElection109] INFO  impl.RoleInfo (RoleInfo.java:shutdownLeaderElection(134)) - 25d6372c-77fd-4a39-ac2a-e48debad48df: shutdown LeaderElection
2019-10-15 16:11:46,156 [25d6372c-77fd-4a39-ac2a-e48debad48df@group-B2671EB745D2-LeaderElection109] INFO  impl.RoleInfo (RoleInfo.java:updateAndGet(143)) - 25d6372c-77fd-4a39-ac2a-e48debad48df: start FollowerState
2019-10-15 16:11:46,350 [Thread-929] INFO  impl.FollowerState (FollowerState.java:run(108)) - 25d6372c-77fd-4a39-ac2a-e48debad48df@group-B2671EB745D2-FollowerState: change to CANDIDATE, lastRpcTime:193ms, electionTimeout:193ms
2019-10-15 16:11:46,350 [Thread-929] INFO  impl.RoleInfo (RoleInfo.java:shutdownFollowerState(121)) - 25d6372c-77fd-4a39-ac2a-e48debad48df: shutdown FollowerState
2019-10-15 16:11:46,350 [Thread-929] INFO  impl.RaftServerImpl (RaftServerImpl.java:setRole(184)) - 25d6372c-77fd-4a39-ac2a-e48debad48df@group-B2671EB745D2: changes role from  FOLLOWER to CANDIDATE at term 113 for changeToCandidate
2019-10-15 16:11:46,350 [Thread-929] INFO  impl.RoleInfo (RoleInfo.java:updateAndGet(143)) - 25d6372c-77fd-4a39-ac2a-e48debad48df: start LeaderElection
2019-10-15 16:11:46,364 [25d6372c-77fd-4a39-ac2a-e48debad48df@group-B2671EB745D2-LeaderElection110] INFO  impl.LeaderElection (LeaderElection.java:askForVotes(178)) - 25d6372c-77fd-4a39-ac2a-e48debad48df@group-B2671EB745D2-LeaderElection110: begin an election at term 114 for -1: [50423279-f647-4a18-8e85-347d68eaf856:192.168.69.88:39583, 2ec85f63-33fb-4317-9145-71357d145af9:192.168.69.88:42357, 25d6372c-77fd-4a39-ac2a-e48debad48df:192.168.69.88:39591], old=null
2019-10-15 16:11:46,367 [grpc-default-executor-0] INFO  impl.RaftServerImpl (RaftServerImpl.java:setRole(184)) - 50423279-f647-4a18-8e85-347d68eaf856@group-B2671EB745D2: changes role from  FOLLOWER to FOLLOWER at term 114 for recognizeCandidate:25d6372c-77fd-4a39-ac2a-e48debad48df
2019-10-15 16:11:46,367 [grpc-default-executor-0] INFO  impl.RoleInfo (RoleInfo.java:shutdownFollowerState(121)) - 50423279-f647-4a18-8e85-347d68eaf856: shutdown FollowerState
2019-10-15 16:11:46,367 [grpc-default-executor-5] INFO  impl.RaftServerImpl (RaftServerImpl.java:setRole(184)) - 2ec85f63-33fb-4317-9145-71357d145af9@group-B2671EB745D2: changes role from  FOLLOWER to FOLLOWER at term 114 for recognizeCandidate:25d6372c-77fd-4a39-ac2a-e48debad48df
2019-10-15 16:11:46,367 [Thread-928] INFO  impl.FollowerState (FollowerState.java:run(117)) - 50423279-f647-4a18-8e85-347d68eaf856@group-B2671EB745D2-FollowerState was interrupted: java.lang.InterruptedException: sleep interrupted
2019-10-15 16:11:46,367 [grpc-default-executor-0] INFO  impl.RoleInfo (RoleInfo.java:updateAndGet(143)) - 50423279-f647-4a18-8e85-347d68eaf856: start FollowerState
2019-10-15 16:11:46,367 [grpc-default-executor-5] INFO  impl.RoleInfo (RoleInfo.java:shutdownFollowerState(121)) - 2ec85f63-33fb-4317-9145-71357d145af9: shutdown FollowerState
2019-10-15 16:11:46,368 [grpc-default-executor-5] INFO  impl.RoleInfo (RoleInfo.java:updateAndGet(143)) - 2ec85f63-33fb-4317-9145-71357d145af9: start FollowerState
2019-10-15 16:11:46,368 [Thread-927] INFO  impl.FollowerState (FollowerState.java:run(117)) - 2ec85f63-33fb-4317-9145-71357d145af9@group-B2671EB745D2-FollowerState was interrupted: java.lang.InterruptedException: sleep interrupted
2019-10-15 16:11:46,382 [25d6372c-77fd-4a39-ac2a-e48debad48df@group-B2671EB745D2-LeaderElection110] INFO  impl.LeaderElection (LeaderElection.java:logAndReturn(56)) - 25d6372c-77fd-4a39-ac2a-e48debad48df@group-B2671EB745D2-LeaderElection110: Election REJECTED; received 2 response(s) [25d6372c-77fd-4a39-ac2a-e48debad48df<-50423279-f647-4a18-8e85-347d68eaf856#0:FAIL-t114, 25d6372c-77fd-4a39-ac2a-e48debad48df<-2ec85f63-33fb-4317-9145-71357d145af9#0:FAIL-t114] and 0 exception(s); 25d6372c-77fd-4a39-ac2a-e48debad48df@group-B2671EB745D2:t114, leader=null, voted=25d6372c-77fd-4a39-ac2a-e48debad48df, raftlog=25d6372c-77fd-4a39-ac2a-e48debad48df@group-B2671EB745D2-SegmentedRaftLog:OPENED:c-1,f-1,i0, conf=-1: [50423279-f647-4a18-8e85-347d68eaf856:192.168.69.88:39583, 2ec85f63-33fb-4317-9145-71357d145af9:192.168.69.88:42357, 25d6372c-77fd-4a39-ac2a-e48debad48df:192.168.69.88:39591], old=null
2019-10-15 16:11:46,382 [25d6372c-77fd-4a39-ac2a-e48debad48df@group-B2671EB745D2-LeaderElection110] INFO  impl.RaftServerImpl (RaftServerImpl.java:setRole(184)) - 25d6372c-77fd-4a39-ac2a-e48debad48df@group-B2671EB745D2: changes role from CANDIDATE to FOLLOWER at term 114 for DISCOVERED_A_NEW_TERM
2019-10-15 16:11:46,382 [25d6372c-77fd-4a39-ac2a-e48debad48df@group-B2671EB745D2-LeaderElection110] INFO  impl.RoleInfo (RoleInfo.java:shutdownLeaderElection(134)) - 25d6372c-77fd-4a39-ac2a-e48debad48df: shutdown LeaderElection
2019-10-15 16:11:46,382 [25d6372c-77fd-4a39-ac2a-e48debad48df@group-B2671EB745D2-LeaderElection110] INFO  impl.RoleInfo (RoleInfo.java:updateAndGet(143)) - 25d6372c-77fd-4a39-ac2a-e48debad48df: start FollowerState
2019-10-15 16:11:46,436 [Thread-937] INFO  impl.FollowerState (FollowerState.java:run(108)) - 25d6372c-77fd-4a39-ac2a-e48debad48df@group-B2671EB745D2-FollowerState: change to CANDIDATE, lastRpcTime:53ms, electionTimeout:53ms
2019-10-15 16:11:46,436 [Thread-937] INFO  impl.RoleInfo (RoleInfo.java:shutdownFollowerState(121)) - 25d6372c-77fd-4a39-ac2a-e48debad48df: shutdown FollowerState
2019-10-15 16:11:46,436 [Thread-937] INFO  impl.RaftServerImpl (RaftServerImpl.java:setRole(184)) - 25d6372c-77fd-4a39-ac2a-e48debad48df@group-B2671EB745D2: changes role from  FOLLOWER to CANDIDATE at term 114 for changeToCandidate
2019-10-15 16:11:46,437 [Thread-937] INFO  impl.RoleInfo (RoleInfo.java:updateAndGet(143)) - 25d6372c-77fd-4a39-ac2a-e48debad48df: start LeaderElection
2019-10-15 16:11:46,454 [25d6372c-77fd-4a39-ac2a-e48debad48df@group-B2671EB745D2-LeaderElection111] INFO  impl.LeaderElection (LeaderElection.java:askForVotes(178)) - 25d6372c-77fd-4a39-ac2a-e48debad48df@group-B2671EB745D2-LeaderElection111: begin an election at term 115 for -1: [50423279-f647-4a18-8e85-347d68eaf856:192.168.69.88:39583, 2ec85f63-33fb-4317-9145-71357d145af9:192.168.69.88:42357, 25d6372c-77fd-4a39-ac2a-e48debad48df:192.168.69.88:39591], old=null
2019-10-15 16:11:46,458 [grpc-default-executor-5] INFO  impl.RaftServerImpl (RaftServerImpl.java:setRole(184)) - 50423279-f647-4a18-8e85-347d68eaf856@group-B2671EB745D2: changes role from  FOLLOWER to FOLLOWER at term 115 for recognizeCandidate:25d6372c-77fd-4a39-ac2a-e48debad48df
2019-10-15 16:11:46,458 [grpc-default-executor-0] INFO  impl.RaftServerImpl (RaftServerImpl.java:setRole(184)) - 2ec85f63-33fb-4317-9145-71357d145af9@group-B2671EB745D2: changes role from  FOLLOWER to FOLLOWER at term 115 for recognizeCandidate:25d6372c-77fd-4a39-ac2a-e48debad48df
2019-10-15 16:11:46,458 [grpc-default-executor-5] INFO  impl.RoleInfo (RoleInfo.java:shutdownFollowerState(121)) - 50423279-f647-4a18-8e85-347d68eaf856: shutdown FollowerState
2019-10-15 16:11:46,459 [grpc-default-executor-0] INFO  impl.RoleInfo (RoleInfo.java:shutdownFollowerState(121)) - 2ec85f63-33fb-4317-9145-71357d145af9: shutdown FollowerState
2019-10-15 16:11:46,459 [Thread-935] INFO  impl.FollowerState (FollowerState.java:run(117)) - 50423279-f647-4a18-8e85-347d68eaf856@group-B2671EB745D2-FollowerState was interrupted: java.lang.InterruptedException: sleep interrupted
2019-10-15 16:11:46,459 [grpc-default-executor-5] INFO  impl.RoleInfo (RoleInfo.java:updateAndGet(143)) - 50423279-f647-4a18-8e85-347d68eaf856: start FollowerState
2019-10-15 16:11:46,459 [Thread-936] INFO  impl.FollowerState (FollowerState.java:run(117)) - 2ec85f63-33fb-4317-9145-71357d145af9@group-B2671EB745D2-FollowerState was interrupted: java.lang.InterruptedException: sleep interrupted
2019-10-15 16:11:46,459 [grpc-default-executor-0] INFO  impl.RoleInfo (RoleInfo.java:updateAndGet(143)) - 2ec85f63-33fb-4317-9145-71357d145af9: start FollowerState
2019-10-15 16:11:46,479 [25d6372c-77fd-4a39-ac2a-e48debad48df@group-B2671EB745D2-LeaderElection111] INFO  impl.LeaderElection (LeaderElection.java:logAndReturn(56)) - 25d6372c-77fd-4a39-ac2a-e48debad48df@group-B2671EB745D2-LeaderElection111: Election REJECTED; received 2 response(s) [25d6372c-77fd-4a39-ac2a-e48debad48df<-50423279-f647-4a18-8e85-347d68eaf856#0:FAIL-t115, 25d6372c-77fd-4a39-ac2a-e48debad48df<-2ec85f63-33fb-4317-9145-71357d145af9#0:FAIL-t115] and 0 exception(s); 25d6372c-77fd-4a39-ac2a-e48debad48df@group-B2671EB745D2:t115, leader=null, voted=25d6372c-77fd-4a39-ac2a-e48debad48df, raftlog=25d6372c-77fd-4a39-ac2a-e48debad48df@group-B2671EB745D2-SegmentedRaftLog:OPENED:c-1,f-1,i0, conf=-1: [50423279-f647-4a18-8e85-347d68eaf856:192.168.69.88:39583, 2ec85f63-33fb-4317-9145-71357d145af9:192.168.69.88:42357, 25d6372c-77fd-4a39-ac2a-e48debad48df:192.168.69.88:39591], old=null
2019-10-15 16:11:46,479 [25d6372c-77fd-4a39-ac2a-e48debad48df@group-B2671EB745D2-LeaderElection111] INFO  impl.RaftServerImpl (RaftServerImpl.java:setRole(184)) - 25d6372c-77fd-4a39-ac2a-e48debad48df@group-B2671EB745D2: changes role from CANDIDATE to FOLLOWER at term 115 for DISCOVERED_A_NEW_TERM
2019-10-15 16:11:46,480 [25d6372c-77fd-4a39-ac2a-e48debad48df@group-B2671EB745D2-LeaderElection111] INFO  impl.RoleInfo (RoleInfo.java:shutdownLeaderElection(134)) - 25d6372c-77fd-4a39-ac2a-e48debad48df: shutdown LeaderElection
2019-10-15 16:11:46,480 [25d6372c-77fd-4a39-ac2a-e48debad48df@group-B2671EB745D2-LeaderElection111] INFO  impl.RoleInfo (RoleInfo.java:updateAndGet(143)) - 25d6372c-77fd-4a39-ac2a-e48debad48df: start FollowerState
2019-10-15 16:11:46,619 [Thread-943] INFO  impl.FollowerState (FollowerState.java:run(108)) - 25d6372c-77fd-4a39-ac2a-e48debad48df@group-B2671EB745D2-FollowerState: change to CANDIDATE, lastRpcTime:139ms, electionTimeout:139ms
2019-10-15 16:11:46,619 [Thread-943] INFO  impl.RoleInfo (RoleInfo.java:shutdownFollowerState(121)) - 25d6372c-77fd-4a39-ac2a-e48debad48df: shutdown FollowerState
2019-10-15 16:11:46,619 [Thread-943] INFO  impl.RaftServerImpl (RaftServerImpl.java:setRole(184)) - 25d6372c-77fd-4a39-ac2a-e48debad48df@group-B2671EB745D2: changes role from  FOLLOWER to CANDIDATE at term 115 for changeToCandidate
2019-10-15 16:11:46,620 [Thread-943] INFO  impl.RoleInfo (RoleInfo.java:updateAndGet(143)) - 25d6372c-77fd-4a39-ac2a-e48debad48df: start LeaderElection
2019-10-15 16:11:46,655 [25d6372c-77fd-4a39-ac2a-e48debad48df@group-B2671EB745D2-LeaderElection112] INFO  impl.LeaderElection (LeaderElection.java:askForVotes(178)) - 25d6372c-77fd-4a39-ac2a-e48debad48df@group-B2671EB745D2-LeaderElection112: begin an election at term 116 for -1: [50423279-f647-4a18-8e85-347d68eaf856:192.168.69.88:39583, 2ec85f63-33fb-4317-9145-71357d145af9:192.168.69.88:42357, 25d6372c-77fd-4a39-ac2a-e48debad48df:192.168.69.88:39591], old=null
2019-10-15 16:11:46,657 [grpc-default-executor-0] INFO  impl.RaftServerImpl (RaftServerImpl.java:setRole(184)) - 2ec85f63-33fb-4317-9145-71357d145af9@group-B2671EB745D2: changes role from  FOLLOWER to FOLLOWER at term 116 for recognizeCandidate:25d6372c-77fd-4a39-ac2a-e48debad48df
2019-10-15 16:11:46,657 [grpc-default-executor-5] INFO  impl.RaftServerImpl (RaftServerImpl.java:setRole(184)) - 50423279-f647-4a18-8e85-347d68eaf856@group-B2671EB745D2: changes role from  FOLLOWER to FOLLOWER at term 116 for recognizeCandidate:25d6372c-77fd-4a39-ac2a-e48debad48df
2019-10-15 16:11:46,657 [grpc-default-executor-0] INFO  impl.RoleInfo (RoleInfo.java:shutdownFollowerState(121)) - 2ec85f63-33fb-4317-9145-71357d145af9: shutdown FollowerState
2019-10-15 16:11:46,658 [grpc-default-executor-5] INFO  impl.RoleInfo (RoleInfo.java:shutdownFollowerState(121)) - 50423279-f647-4a18-8e85-347d68eaf856: shutdown FollowerState
2019-10-15 16:11:46,658 [Thread-942] INFO  impl.FollowerState (FollowerState.java:run(117)) - 2ec85f63-33fb-4317-9145-71357d145af9@group-B2671EB745D2-FollowerState was interrupted: java.lang.InterruptedException: sleep interrupted
2019-10-15 16:11:46,658 [grpc-default-executor-0] INFO  impl.RoleInfo (RoleInfo.java:updateAndGet(143)) - 2ec85f63-33fb-4317-9145-71357d145af9: start FollowerState
2019-10-15 16:11:46,658 [Thread-941] INFO  impl.FollowerState (FollowerState.java:run(117)) - 50423279-f647-4a18-8e85-347d68eaf856@group-B2671EB745D2-FollowerState was interrupted: java.lang.InterruptedException: sleep interrupted
2019-10-15 16:11:46,658 [grpc-default-executor-5] INFO  impl.RoleInfo (RoleInfo.java:updateAndGet(143)) - 50423279-f647-4a18-8e85-347d68eaf856: start FollowerState
2019-10-15 16:11:46,671 [25d6372c-77fd-4a39-ac2a-e48debad48df@group-B2671EB745D2-LeaderElection112] INFO  impl.LeaderElection (LeaderElection.java:logAndReturn(56)) - 25d6372c-77fd-4a39-ac2a-e48debad48df@group-B2671EB745D2-LeaderElection112: Election REJECTED; received 2 response(s) [25d6372c-77fd-4a39-ac2a-e48debad48df<-50423279-f647-4a18-8e85-347d68eaf856#0:FAIL-t116, 25d6372c-77fd-4a39-ac2a-e48debad48df<-2ec85f63-33fb-4317-9145-71357d145af9#0:FAIL-t116] and 0 exception(s); 25d6372c-77fd-4a39-ac2a-e48debad48df@group-B2671EB745D2:t116, leader=null, voted=25d6372c-77fd-4a39-ac2a-e48debad48df, raftlog=25d6372c-77fd-4a39-ac2a-e48debad48df@group-B2671EB745D2-SegmentedRaftLog:OPENED:c-1,f-1,i0, conf=-1: [50423279-f647-4a18-8e85-347d68eaf856:192.168.69.88:39583, 2ec85f63-33fb-4317-9145-71357d145af9:192.168.69.88:42357, 25d6372c-77fd-4a39-ac2a-e48debad48df:192.168.69.88:39591], old=null
2019-10-15 16:11:46,671 [25d6372c-77fd-4a39-ac2a-e48debad48df@group-B2671EB745D2-LeaderElection112] INFO  impl.RaftServerImpl (RaftServerImpl.java:setRole(184)) - 25d6372c-77fd-4a39-ac2a-e48debad48df@group-B2671EB745D2: changes role from CANDIDATE to FOLLOWER at term 116 for DISCOVERED_A_NEW_TERM
2019-10-15 16:11:46,672 [25d6372c-77fd-4a39-ac2a-e48debad48df@group-B2671EB745D2-LeaderElection112] INFO  impl.RoleInfo (RoleInfo.java:shutdownLeaderElection(134)) - 25d6372c-77fd-4a39-ac2a-e48debad48df: shutdown LeaderElection
2019-10-15 16:11:46,672 [25d6372c-77fd-4a39-ac2a-e48debad48df@group-B2671EB745D2-LeaderElection112] INFO  impl.RoleInfo (RoleInfo.java:updateAndGet(143)) - 25d6372c-77fd-4a39-ac2a-e48debad48df: start FollowerState
2019-10-15 16:11:46,833 [Thread-949] INFO  impl.FollowerState (FollowerState.java:run(108)) - 25d6372c-77fd-4a39-ac2a-e48debad48df@group-B2671EB745D2-FollowerState: change to CANDIDATE, lastRpcTime:161ms, electionTimeout:161ms
2019-10-15 16:11:46,833 [Thread-949] INFO  impl.RoleInfo (RoleInfo.java:shutdownFollowerState(121)) - 25d6372c-77fd-4a39-ac2a-e48debad48df: shutdown FollowerState
2019-10-15 16:11:46,833 [Thread-949] INFO  impl.RaftServerImpl (RaftServerImpl.java:setRole(184)) - 25d6372c-77fd-4a39-ac2a-e48debad48df@group-B2671EB745D2: changes role from  FOLLOWER to CANDIDATE at term 116 for changeToCandidate
2019-10-15 16:11:46,834 [Thread-949] INFO  impl.RoleInfo (RoleInfo.java:updateAndGet(143)) - 25d6372c-77fd-4a39-ac2a-e48debad48df: start LeaderElection
2019-10-15 16:11:46,840 [25d6372c-77fd-4a39-ac2a-e48debad48df@group-B2671EB745D2-LeaderElection113] INFO  impl.LeaderElection (LeaderElection.java:askForVotes(178)) - 25d6372c-77fd-4a39-ac2a-e48debad48df@group-B2671EB745D2-LeaderElection113: begin an election at term 117 for -1: [50423279-f647-4a18-8e85-347d68eaf856:192.168.69.88:39583, 2ec85f63-33fb-4317-9145-71357d145af9:192.168.69.88:42357, 25d6372c-77fd-4a39-ac2a-e48debad48df:192.168.69.88:39591], old=null
2019-10-15 16:11:46,843 [grpc-default-executor-5] INFO  impl.RaftServerImpl (RaftServerImpl.java:setRole(184)) - 50423279-f647-4a18-8e85-347d68eaf856@group-B2671EB745D2: changes role from  FOLLOWER to FOLLOWER at term 117 for recognizeCandidate:25d6372c-77fd-4a39-ac2a-e48debad48df
2019-10-15 16:11:46,843 [grpc-default-executor-0] INFO  impl.RaftServerImpl (RaftServerImpl.java:setRole(184)) - 2ec85f63-33fb-4317-9145-71357d145af9@group-B2671EB745D2: changes role from  FOLLOWER to FOLLOWER at term 117 for recognizeCandidate:25d6372c-77fd-4a39-ac2a-e48debad48df
2019-10-15 16:11:46,843 [grpc-default-executor-5] INFO  impl.RoleInfo (RoleInfo.java:shutdownFollowerState(121)) - 50423279-f647-4a18-8e85-347d68eaf856: shutdown FollowerState
2019-10-15 16:11:46,843 [grpc-default-executor-0] INFO  impl.RoleInfo (RoleInfo.java:shutdownFollowerState(121)) - 2ec85f63-33fb-4317-9145-71357d145af9: shutdown FollowerState
2019-10-15 16:11:46,843 [Thread-948] INFO  impl.FollowerState (FollowerState.java:run(117)) - 50423279-f647-4a18-8e85-347d68eaf856@group-B2671EB745D2-FollowerState was interrupted: java.lang.InterruptedException: sleep interrupted
2019-10-15 16:11:46,843 [grpc-default-executor-5] INFO  impl.RoleInfo (RoleInfo.java:updateAndGet(143)) - 50423279-f647-4a18-8e85-347d68eaf856: start FollowerState
2019-10-15 16:11:46,843 [Thread-947] INFO  impl.FollowerState (FollowerState.java:run(117)) - 2ec85f63-33fb-4317-9145-71357d145af9@group-B2671EB745D2-FollowerState was interrupted: java.lang.InterruptedException: sleep interrupted
2019-10-15 16:11:46,843 [grpc-default-executor-0] INFO  impl.RoleInfo (RoleInfo.java:updateAndGet(143)) - 2ec85f63-33fb-4317-9145-71357d145af9: start FollowerState
2019-10-15 16:11:46,865 [25d6372c-77fd-4a39-ac2a-e48debad48df@group-B2671EB745D2-LeaderElection113] INFO  impl.LeaderElection (LeaderElection.java:logAndReturn(56)) - 25d6372c-77fd-4a39-ac2a-e48debad48df@group-B2671EB745D2-LeaderElection113: Election REJECTED; received 2 response(s) [25d6372c-77fd-4a39-ac2a-e48debad48df<-50423279-f647-4a18-8e85-347d68eaf856#0:FAIL-t117, 25d6372c-77fd-4a39-ac2a-e48debad48df<-2ec85f63-33fb-4317-9145-71357d145af9#0:FAIL-t117] and 0 exception(s); 25d6372c-77fd-4a39-ac2a-e48debad48df@group-B2671EB745D2:t117, leader=null, voted=25d6372c-77fd-4a39-ac2a-e48debad48df, raftlog=25d6372c-77fd-4a39-ac2a-e48debad48df@group-B2671EB745D2-SegmentedRaftLog:OPENED:c-1,f-1,i0, conf=-1: [50423279-f647-4a18-8e85-347d68eaf856:192.168.69.88:39583, 2ec85f63-33fb-4317-9145-71357d145af9:192.168.69.88:42357, 25d6372c-77fd-4a39-ac2a-e48debad48df:192.168.69.88:39591], old=null
2019-10-15 16:11:46,865 [25d6372c-77fd-4a39-ac2a-e48debad48df@group-B2671EB745D2-LeaderElection113] INFO  impl.RaftServerImpl (RaftServerImpl.java:setRole(184)) - 25d6372c-77fd-4a39-ac2a-e48debad48df@group-B2671EB745D2: changes role from CANDIDATE to FOLLOWER at term 117 for DISCOVERED_A_NEW_TERM
2019-10-15 16:11:46,865 [25d6372c-77fd-4a39-ac2a-e48debad48df@group-B2671EB745D2-LeaderElection113] INFO  impl.RoleInfo (RoleInfo.java:shutdownLeaderElection(134)) - 25d6372c-77fd-4a39-ac2a-e48debad48df: shutdown LeaderElection
2019-10-15 16:11:46,866 [25d6372c-77fd-4a39-ac2a-e48debad48df@group-B2671EB745D2-LeaderElection113] INFO  impl.RoleInfo (RoleInfo.java:updateAndGet(143)) - 25d6372c-77fd-4a39-ac2a-e48debad48df: start FollowerState
2019-10-15 16:11:47,063 [Thread-955] INFO  impl.FollowerState (FollowerState.java:run(108)) - 25d6372c-77fd-4a39-ac2a-e48debad48df@group-B2671EB745D2-FollowerState: change to CANDIDATE, lastRpcTime:197ms, electionTimeout:197ms
2019-10-15 16:11:47,063 [Thread-955] INFO  impl.RoleInfo (RoleInfo.java:shutdownFollowerState(121)) - 25d6372c-77fd-4a39-ac2a-e48debad48df: shutdown FollowerState
2019-10-15 16:11:47,063 [Thread-955] INFO  impl.RaftServerImpl (RaftServerImpl.java:setRole(184)) - 25d6372c-77fd-4a39-ac2a-e48debad48df@group-B2671EB745D2: changes role from  FOLLOWER to CANDIDATE at term 117 for changeToCandidate
2019-10-15 16:11:47,063 [Thread-955] INFO  impl.RoleInfo (RoleInfo.java:updateAndGet(143)) - 25d6372c-77fd-4a39-ac2a-e48debad48df: start LeaderElection
2019-10-15 16:11:47,079 [25d6372c-77fd-4a39-ac2a-e48debad48df@group-B2671EB745D2-LeaderElection114] INFO  impl.LeaderElection (LeaderElection.java:askForVotes(178)) - 25d6372c-77fd-4a39-ac2a-e48debad48df@group-B2671EB745D2-LeaderElection114: begin an election at term 118 for -1: [50423279-f647-4a18-8e85-347d68eaf856:192.168.69.88:39583, 2ec85f63-33fb-4317-9145-71357d145af9:192.168.69.88:42357, 25d6372c-77fd-4a39-ac2a-e48debad48df:192.168.69.88:39591], old=null
2019-10-15 16:11:47,081 [grpc-default-executor-5] INFO  impl.RaftServerImpl (RaftServerImpl.java:setRole(184)) - 2ec85f63-33fb-4317-9145-71357d145af9@group-B2671EB745D2: changes role from  FOLLOWER to FOLLOWER at term 118 for recognizeCandidate:25d6372c-77fd-4a39-ac2a-e48debad48df
2019-10-15 16:11:47,081 [grpc-default-executor-0] INFO  impl.RaftServerImpl (RaftServerImpl.java:setRole(184)) - 50423279-f647-4a18-8e85-347d68eaf856@group-B2671EB745D2: changes role from  FOLLOWER to FOLLOWER at term 118 for recognizeCandidate:25d6372c-77fd-4a39-ac2a-e48debad48df
2019-10-15 16:11:47,082 [grpc-default-executor-0] INFO  impl.RoleInfo (RoleInfo.java:shutdownFollowerState(121)) - 50423279-f647-4a18-8e85-347d68eaf856: shutdown FollowerState
2019-10-15 16:11:47,082 [grpc-default-executor-5] INFO  impl.RoleInfo (RoleInfo.java:shutdownFollowerState(121)) - 2ec85f63-33fb-4317-9145-71357d145af9: shutdown FollowerState
2019-10-15 16:11:47,082 [Thread-953] INFO  impl.FollowerState (FollowerState.java:run(117)) - 50423279-f647-4a18-8e85-347d68eaf856@group-B2671EB745D2-FollowerState was interrupted: java.lang.InterruptedException: sleep interrupted
2019-10-15 16:11:47,082 [grpc-default-executor-0] INFO  impl.RoleInfo (RoleInfo.java:updateAndGet(143)) - 50423279-f647-4a18-8e85-347d68eaf856: start FollowerState
2019-10-15 16:11:47,082 [Thread-954] INFO  impl.FollowerState (FollowerState.java:run(117)) - 2ec85f63-33fb-4317-9145-71357d145af9@group-B2671EB745D2-FollowerState was interrupted: java.lang.InterruptedException: sleep interrupted
2019-10-15 16:11:47,082 [grpc-default-executor-5] INFO  impl.RoleInfo (RoleInfo.java:updateAndGet(143)) - 2ec85f63-33fb-4317-9145-71357d145af9: start FollowerState
2019-10-15 16:11:47,097 [25d6372c-77fd-4a39-ac2a-e48debad48df@group-B2671EB745D2-LeaderElection114] INFO  impl.LeaderElection (LeaderElection.java:logAndReturn(56)) - 25d6372c-77fd-4a39-ac2a-e48debad48df@group-B2671EB745D2-LeaderElection114: Election TIMEOUT; received 0 response(s) [] and 0 exception(s); 25d6372c-77fd-4a39-ac2a-e48debad48df@group-B2671EB745D2:t118, leader=null, voted=25d6372c-77fd-4a39-ac2a-e48debad48df, raftlog=25d6372c-77fd-4a39-ac2a-e48debad48df@group-B2671EB745D2-SegmentedRaftLog:OPENED:c-1,f-1,i0, conf=-1: [50423279-f647-4a18-8e85-347d68eaf856:192.168.69.88:39583, 2ec85f63-33fb-4317-9145-71357d145af9:192.168.69.88:42357, 25d6372c-77fd-4a39-ac2a-e48debad48df:192.168.69.88:39591], old=null
2019-10-15 16:11:47,101 [25d6372c-77fd-4a39-ac2a-e48debad48df@group-B2671EB745D2-LeaderElection114] INFO  impl.LeaderElection (LeaderElection.java:askForVotes(178)) - 25d6372c-77fd-4a39-ac2a-e48debad48df@group-B2671EB745D2-LeaderElection114: begin an election at term 119 for -1: [50423279-f647-4a18-8e85-347d68eaf856:192.168.69.88:39583, 2ec85f63-33fb-4317-9145-71357d145af9:192.168.69.88:42357, 25d6372c-77fd-4a39-ac2a-e48debad48df:192.168.69.88:39591], old=null
2019-10-15 16:11:47,103 [grpc-default-executor-0] INFO  impl.RaftServerImpl (RaftServerImpl.java:setRole(184)) - 2ec85f63-33fb-4317-9145-71357d145af9@group-B2671EB745D2: changes role from  FOLLOWER to FOLLOWER at term 119 for recognizeCandidate:25d6372c-77fd-4a39-ac2a-e48debad48df
2019-10-15 16:11:47,103 [grpc-default-executor-5] INFO  impl.RaftServerImpl (RaftServerImpl.java:setRole(184)) - 50423279-f647-4a18-8e85-347d68eaf856@group-B2671EB745D2: changes role from  FOLLOWER to FOLLOWER at term 119 for recognizeCandidate:25d6372c-77fd-4a39-ac2a-e48debad48df
2019-10-15 16:11:47,103 [grpc-default-executor-0] INFO  impl.RoleInfo (RoleInfo.java:shutdownFollowerState(121)) - 2ec85f63-33fb-4317-9145-71357d145af9: shutdown FollowerState
2019-10-15 16:11:47,103 [grpc-default-executor-5] INFO  impl.RoleInfo (RoleInfo.java:shutdownFollowerState(121)) - 50423279-f647-4a18-8e85-347d68eaf856: shutdown FollowerState
2019-10-15 16:11:47,103 [Thread-960] INFO  impl.FollowerState (FollowerState.java:run(117)) - 2ec85f63-33fb-4317-9145-71357d145af9@group-B2671EB745D2-FollowerState was interrupted: java.lang.InterruptedException: sleep interrupted
2019-10-15 16:11:47,103 [grpc-default-executor-0] INFO  impl.RoleInfo (RoleInfo.java:updateAndGet(143)) - 2ec85f63-33fb-4317-9145-71357d145af9: start FollowerState
2019-10-15 16:11:47,103 [Thread-959] INFO  impl.FollowerState (FollowerState.java:run(117)) - 50423279-f647-4a18-8e85-347d68eaf856@group-B2671EB745D2-FollowerState was interrupted: java.lang.InterruptedException: sleep interrupted
2019-10-15 16:11:47,103 [grpc-default-executor-5] INFO  impl.RoleInfo (RoleInfo.java:updateAndGet(143)) - 50423279-f647-4a18-8e85-347d68eaf856: start FollowerState
2019-10-15 16:11:47,117 [25d6372c-77fd-4a39-ac2a-e48debad48df@group-B2671EB745D2-LeaderElection114] INFO  impl.LeaderElection (LeaderElection.java:logAndReturn(56)) - 25d6372c-77fd-4a39-ac2a-e48debad48df@group-B2671EB745D2-LeaderElection114: Election REJECTED; received 2 response(s) [25d6372c-77fd-4a39-ac2a-e48debad48df<-50423279-f647-4a18-8e85-347d68eaf856#0:FAIL-t119, 25d6372c-77fd-4a39-ac2a-e48debad48df<-2ec85f63-33fb-4317-9145-71357d145af9#0:FAIL-t119] and 0 exception(s); 25d6372c-77fd-4a39-ac2a-e48debad48df@group-B2671EB745D2:t119, leader=null, voted=25d6372c-77fd-4a39-ac2a-e48debad48df, raftlog=25d6372c-77fd-4a39-ac2a-e48debad48df@group-B2671EB745D2-SegmentedRaftLog:OPENED:c-1,f-1,i0, conf=-1: [50423279-f647-4a18-8e85-347d68eaf856:192.168.69.88:39583, 2ec85f63-33fb-4317-9145-71357d145af9:192.168.69.88:42357, 25d6372c-77fd-4a39-ac2a-e48debad48df:192.168.69.88:39591], old=null
2019-10-15 16:11:47,118 [25d6372c-77fd-4a39-ac2a-e48debad48df@group-B2671EB745D2-LeaderElection114] INFO  impl.RaftServerImpl (RaftServerImpl.java:setRole(184)) - 25d6372c-77fd-4a39-ac2a-e48debad48df@group-B2671EB745D2: changes role from CANDIDATE to FOLLOWER at term 119 for DISCOVERED_A_NEW_TERM
2019-10-15 16:11:47,118 [25d6372c-77fd-4a39-ac2a-e48debad48df@group-B2671EB745D2-LeaderElection114] INFO  impl.RoleInfo (RoleInfo.java:shutdownLeaderElection(134)) - 25d6372c-77fd-4a39-ac2a-e48debad48df: shutdown LeaderElection
2019-10-15 16:11:47,118 [25d6372c-77fd-4a39-ac2a-e48debad48df@group-B2671EB745D2-LeaderElection114] INFO  impl.RoleInfo (RoleInfo.java:updateAndGet(143)) - 25d6372c-77fd-4a39-ac2a-e48debad48df: start FollowerState
2019-10-15 16:11:47,190 [Thread-965] INFO  impl.FollowerState (FollowerState.java:run(108)) - 25d6372c-77fd-4a39-ac2a-e48debad48df@group-B2671EB745D2-FollowerState: change to CANDIDATE, lastRpcTime:72ms, electionTimeout:72ms
2019-10-15 16:11:47,190 [Thread-965] INFO  impl.RoleInfo (RoleInfo.java:shutdownFollowerState(121)) - 25d6372c-77fd-4a39-ac2a-e48debad48df: shutdown FollowerState
2019-10-15 16:11:47,191 [Thread-965] INFO  impl.RaftServerImpl (RaftServerImpl.java:setRole(184)) - 25d6372c-77fd-4a39-ac2a-e48debad48df@group-B2671EB745D2: changes role from  FOLLOWER to CANDIDATE at term 119 for changeToCandidate
2019-10-15 16:11:47,191 [Thread-965] INFO  impl.RoleInfo (RoleInfo.java:updateAndGet(143)) - 25d6372c-77fd-4a39-ac2a-e48debad48df: start LeaderElection
2019-10-15 16:11:47,199 [25d6372c-77fd-4a39-ac2a-e48debad48df@group-B2671EB745D2-LeaderElection115] INFO  impl.LeaderElection (LeaderElection.java:askForVotes(178)) - 25d6372c-77fd-4a39-ac2a-e48debad48df@group-B2671EB745D2-LeaderElection115: begin an election at term 120 for -1: [50423279-f647-4a18-8e85-347d68eaf856:192.168.69.88:39583, 2ec85f63-33fb-4317-9145-71357d145af9:192.168.69.88:42357, 25d6372c-77fd-4a39-ac2a-e48debad48df:192.168.69.88:39591], old=null
2019-10-15 16:11:47,201 [grpc-default-executor-0] INFO  impl.RaftServerImpl (RaftServerImpl.java:setRole(184)) - 50423279-f647-4a18-8e85-347d68eaf856@group-B2671EB745D2: changes role from  FOLLOWER to FOLLOWER at term 120 for recognizeCandidate:25d6372c-77fd-4a39-ac2a-e48debad48df
2019-10-15 16:11:47,201 [grpc-default-executor-5] INFO  impl.RaftServerImpl (RaftServerImpl.java:setRole(184)) - 2ec85f63-33fb-4317-9145-71357d145af9@group-B2671EB745D2: changes role from  FOLLOWER to FOLLOWER at term 120 for recognizeCandidate:25d6372c-77fd-4a39-ac2a-e48debad48df
2019-10-15 16:11:47,201 [grpc-default-executor-0] INFO  impl.RoleInfo (RoleInfo.java:shutdownFollowerState(121)) - 50423279-f647-4a18-8e85-347d68eaf856: shutdown FollowerState
2019-10-15 16:11:47,201 [grpc-default-executor-5] INFO  impl.RoleInfo (RoleInfo.java:shutdownFollowerState(121)) - 2ec85f63-33fb-4317-9145-71357d145af9: shutdown FollowerState
2019-10-15 16:11:47,202 [Thread-964] INFO  impl.FollowerState (FollowerState.java:run(117)) - 50423279-f647-4a18-8e85-347d68eaf856@group-B2671EB745D2-FollowerState was interrupted: java.lang.InterruptedException: sleep interrupted
2019-10-15 16:11:47,202 [grpc-default-executor-0] INFO  impl.RoleInfo (RoleInfo.java:updateAndGet(143)) - 50423279-f647-4a18-8e85-347d68eaf856: start FollowerState
2019-10-15 16:11:47,202 [Thread-963] INFO  impl.FollowerState (FollowerState.java:run(117)) - 2ec85f63-33fb-4317-9145-71357d145af9@group-B2671EB745D2-FollowerState was interrupted: java.lang.InterruptedException: sleep interrupted
2019-10-15 16:11:47,202 [grpc-default-executor-5] INFO  impl.RoleInfo (RoleInfo.java:updateAndGet(143)) - 2ec85f63-33fb-4317-9145-71357d145af9: start FollowerState
2019-10-15 16:11:47,208 [25d6372c-77fd-4a39-ac2a-e48debad48df@group-B2671EB745D2-LeaderElection115] INFO  impl.LeaderElection (LeaderElection.java:logAndReturn(56)) - 25d6372c-77fd-4a39-ac2a-e48debad48df@group-B2671EB745D2-LeaderElection115: Election REJECTED; received 2 response(s) [25d6372c-77fd-4a39-ac2a-e48debad48df<-50423279-f647-4a18-8e85-347d68eaf856#0:FAIL-t120, 25d6372c-77fd-4a39-ac2a-e48debad48df<-2ec85f63-33fb-4317-9145-71357d145af9#0:FAIL-t120] and 0 exception(s); 25d6372c-77fd-4a39-ac2a-e48debad48df@group-B2671EB745D2:t120, leader=null, voted=25d6372c-77fd-4a39-ac2a-e48debad48df, raftlog=25d6372c-77fd-4a39-ac2a-e48debad48df@group-B2671EB745D2-SegmentedRaftLog:OPENED:c-1,f-1,i0, conf=-1: [50423279-f647-4a18-8e85-347d68eaf856:192.168.69.88:39583, 2ec85f63-33fb-4317-9145-71357d145af9:192.168.69.88:42357, 25d6372c-77fd-4a39-ac2a-e48debad48df:192.168.69.88:39591], old=null
2019-10-15 16:11:47,208 [25d6372c-77fd-4a39-ac2a-e48debad48df@group-B2671EB745D2-LeaderElection115] INFO  impl.RaftServerImpl (RaftServerImpl.java:setRole(184)) - 25d6372c-77fd-4a39-ac2a-e48debad48df@group-B2671EB745D2: changes role from CANDIDATE to FOLLOWER at term 120 for DISCOVERED_A_NEW_TERM
2019-10-15 16:11:47,208 [25d6372c-77fd-4a39-ac2a-e48debad48df@group-B2671EB745D2-LeaderElection115] INFO  impl.RoleInfo (RoleInfo.java:shutdownLeaderElection(134)) - 25d6372c-77fd-4a39-ac2a-e48debad48df: shutdown LeaderElection
2019-10-15 16:11:47,208 [25d6372c-77fd-4a39-ac2a-e48debad48df@group-B2671EB745D2-LeaderElection115] INFO  impl.RoleInfo (RoleInfo.java:updateAndGet(143)) - 25d6372c-77fd-4a39-ac2a-e48debad48df: start FollowerState
2019-10-15 16:11:47,219 [Thread-971] INFO  impl.FollowerState (FollowerState.java:run(108)) - 25d6372c-77fd-4a39-ac2a-e48debad48df@group-B2671EB745D2-FollowerState: change to CANDIDATE, lastRpcTime:10ms, electionTimeout:10ms
2019-10-15 16:11:47,219 [Thread-971] INFO  impl.RoleInfo (RoleInfo.java:shutdownFollowerState(121)) - 25d6372c-77fd-4a39-ac2a-e48debad48df: shutdown FollowerState
2019-10-15 16:11:47,219 [Thread-971] INFO  impl.RaftServerImpl (RaftServerImpl.java:setRole(184)) - 25d6372c-77fd-4a39-ac2a-e48debad48df@group-B2671EB745D2: changes role from  FOLLOWER to CANDIDATE at term 120 for changeToCandidate
2019-10-15 16:11:47,219 [Thread-971] INFO  impl.RoleInfo (RoleInfo.java:updateAndGet(143)) - 25d6372c-77fd-4a39-ac2a-e48debad48df: start LeaderElection
2019-10-15 16:11:47,224 [25d6372c-77fd-4a39-ac2a-e48debad48df@group-B2671EB745D2-LeaderElection116] INFO  impl.LeaderElection (LeaderElection.java:askForVotes(178)) - 25d6372c-77fd-4a39-ac2a-e48debad48df@group-B2671EB745D2-LeaderElection116: begin an election at term 121 for -1: [50423279-f647-4a18-8e85-347d68eaf856:192.168.69.88:39583, 2ec85f63-33fb-4317-9145-71357d145af9:192.168.69.88:42357, 25d6372c-77fd-4a39-ac2a-e48debad48df:192.168.69.88:39591], old=null
2019-10-15 16:11:47,226 [grpc-default-executor-5] INFO  impl.RaftServerImpl (RaftServerImpl.java:setRole(184)) - 2ec85f63-33fb-4317-9145-71357d145af9@group-B2671EB745D2: changes role from  FOLLOWER to FOLLOWER at term 121 for recognizeCandidate:25d6372c-77fd-4a39-ac2a-e48debad48df
2019-10-15 16:11:47,226 [grpc-default-executor-0] INFO  impl.RaftServerImpl (RaftServerImpl.java:setRole(184)) - 50423279-f647-4a18-8e85-347d68eaf856@group-B2671EB745D2: changes role from  FOLLOWER to FOLLOWER at term 121 for recognizeCandidate:25d6372c-77fd-4a39-ac2a-e48debad48df
2019-10-15 16:11:47,226 [grpc-default-executor-5] INFO  impl.RoleInfo (RoleInfo.java:shutdownFollowerState(121)) - 2ec85f63-33fb-4317-9145-71357d145af9: shutdown FollowerState
2019-10-15 16:11:47,227 [grpc-default-executor-0] INFO  impl.RoleInfo (RoleInfo.java:shutdownFollowerState(121)) - 50423279-f647-4a18-8e85-347d68eaf856: shutdown FollowerState
2019-10-15 16:11:47,227 [Thread-970] INFO  impl.FollowerState (FollowerState.java:run(117)) - 2ec85f63-33fb-4317-9145-71357d145af9@group-B2671EB745D2-FollowerState was interrupted: java.lang.InterruptedException: sleep interrupted
2019-10-15 16:11:47,227 [grpc-default-executor-5] INFO  impl.RoleInfo (RoleInfo.java:updateAndGet(143)) - 2ec85f63-33fb-4317-9145-71357d145af9: start FollowerState
2019-10-15 16:11:47,227 [Thread-969] INFO  impl.FollowerState (FollowerState.java:run(117)) - 50423279-f647-4a18-8e85-347d68eaf856@group-B2671EB745D2-FollowerState was interrupted: java.lang.InterruptedException: sleep interrupted
2019-10-15 16:11:47,227 [grpc-default-executor-0] INFO  impl.RoleInfo (RoleInfo.java:updateAndGet(143)) - 50423279-f647-4a18-8e85-347d68eaf856: start FollowerState
2019-10-15 16:11:47,234 [25d6372c-77fd-4a39-ac2a-e48debad48df@group-B2671EB745D2-LeaderElection116] INFO  impl.LeaderElection (LeaderElection.java:logAndReturn(56)) - 25d6372c-77fd-4a39-ac2a-e48debad48df@group-B2671EB745D2-LeaderElection116: Election REJECTED; received 2 response(s) [25d6372c-77fd-4a39-ac2a-e48debad48df<-2ec85f63-33fb-4317-9145-71357d145af9#0:FAIL-t121, 25d6372c-77fd-4a39-ac2a-e48debad48df<-50423279-f647-4a18-8e85-347d68eaf856#0:FAIL-t121] and 0 exception(s); 25d6372c-77fd-4a39-ac2a-e48debad48df@group-B2671EB745D2:t121, leader=null, voted=25d6372c-77fd-4a39-ac2a-e48debad48df, raftlog=25d6372c-77fd-4a39-ac2a-e48debad48df@group-B2671EB745D2-SegmentedRaftLog:OPENED:c-1,f-1,i0, conf=-1: [50423279-f647-4a18-8e85-347d68eaf856:192.168.69.88:39583, 2ec85f63-33fb-4317-9145-71357d145af9:192.168.69.88:42357, 25d6372c-77fd-4a39-ac2a-e48debad48df:192.168.69.88:39591], old=null
2019-10-15 16:11:47,234 [25d6372c-77fd-4a39-ac2a-e48debad48df@group-B2671EB745D2-LeaderElection116] INFO  impl.RaftServerImpl (RaftServerImpl.java:setRole(184)) - 25d6372c-77fd-4a39-ac2a-e48debad48df@group-B2671EB745D2: changes role from CANDIDATE to FOLLOWER at term 121 for DISCOVERED_A_NEW_TERM
2019-10-15 16:11:47,234 [25d6372c-77fd-4a39-ac2a-e48debad48df@group-B2671EB745D2-LeaderElection116] INFO  impl.RoleInfo (RoleInfo.java:shutdownLeaderElection(134)) - 25d6372c-77fd-4a39-ac2a-e48debad48df: shutdown LeaderElection
2019-10-15 16:11:47,234 [25d6372c-77fd-4a39-ac2a-e48debad48df@group-B2671EB745D2-LeaderElection116] INFO  impl.RoleInfo (RoleInfo.java:updateAndGet(143)) - 25d6372c-77fd-4a39-ac2a-e48debad48df: start FollowerState
2019-10-15 16:11:47,400 [Thread-977] INFO  impl.FollowerState (FollowerState.java:run(108)) - 25d6372c-77fd-4a39-ac2a-e48debad48df@group-B2671EB745D2-FollowerState: change to CANDIDATE, lastRpcTime:166ms, electionTimeout:166ms
2019-10-15 16:11:47,401 [Thread-977] INFO  impl.RoleInfo (RoleInfo.java:shutdownFollowerState(121)) - 25d6372c-77fd-4a39-ac2a-e48debad48df: shutdown FollowerState
2019-10-15 16:11:47,401 [Thread-977] INFO  impl.RaftServerImpl (RaftServerImpl.java:setRole(184)) - 25d6372c-77fd-4a39-ac2a-e48debad48df@group-B2671EB745D2: changes role from  FOLLOWER to CANDIDATE at term 121 for changeToCandidate
2019-10-15 16:11:47,401 [Thread-977] INFO  impl.RoleInfo (RoleInfo.java:updateAndGet(143)) - 25d6372c-77fd-4a39-ac2a-e48debad48df: start LeaderElection
2019-10-15 16:11:47,416 [25d6372c-77fd-4a39-ac2a-e48debad48df@group-B2671EB745D2-LeaderElection117] INFO  impl.LeaderElection (LeaderElection.java:askForVotes(178)) - 25d6372c-77fd-4a39-ac2a-e48debad48df@group-B2671EB745D2-LeaderElection117: begin an election at term 122 for -1: [50423279-f647-4a18-8e85-347d68eaf856:192.168.69.88:39583, 2ec85f63-33fb-4317-9145-71357d145af9:192.168.69.88:42357, 25d6372c-77fd-4a39-ac2a-e48debad48df:192.168.69.88:39591], old=null
2019-10-15 16:11:47,418 [grpc-default-executor-5] INFO  impl.RaftServerImpl (RaftServerImpl.java:setRole(184)) - 2ec85f63-33fb-4317-9145-71357d145af9@group-B2671EB745D2: changes role from  FOLLOWER to FOLLOWER at term 122 for recognizeCandidate:25d6372c-77fd-4a39-ac2a-e48debad48df
2019-10-15 16:11:47,418 [grpc-default-executor-0] INFO  impl.RaftServerImpl (RaftServerImpl.java:setRole(184)) - 50423279-f647-4a18-8e85-347d68eaf856@group-B2671EB745D2: changes role from  FOLLOWER to FOLLOWER at term 122 for recognizeCandidate:25d6372c-77fd-4a39-ac2a-e48debad48df
2019-10-15 16:11:47,419 [grpc-default-executor-5] INFO  impl.RoleInfo (RoleInfo.java:shutdownFollowerState(121)) - 2ec85f63-33fb-4317-9145-71357d145af9: shutdown FollowerState
2019-10-15 16:11:47,419 [grpc-default-executor-0] INFO  impl.RoleInfo (RoleInfo.java:shutdownFollowerState(121)) - 50423279-f647-4a18-8e85-347d68eaf856: shutdown FollowerState
2019-10-15 16:11:47,419 [Thread-975] INFO  impl.FollowerState (FollowerState.java:run(117)) - 2ec85f63-33fb-4317-9145-71357d145af9@group-B2671EB745D2-FollowerState was interrupted: java.lang.InterruptedException: sleep interrupted
2019-10-15 16:11:47,419 [Thread-976] INFO  impl.FollowerState (FollowerState.java:run(117)) - 50423279-f647-4a18-8e85-347d68eaf856@group-B2671EB745D2-FollowerState was interrupted: java.lang.InterruptedException: sleep interrupted
2019-10-15 16:11:47,419 [grpc-default-executor-5] INFO  impl.RoleInfo (RoleInfo.java:updateAndGet(143)) - 2ec85f63-33fb-4317-9145-71357d145af9: start FollowerState
2019-10-15 16:11:47,419 [grpc-default-executor-0] INFO  impl.RoleInfo (RoleInfo.java:updateAndGet(143)) - 50423279-f647-4a18-8e85-347d68eaf856: start FollowerState
2019-10-15 16:11:47,433 [25d6372c-77fd-4a39-ac2a-e48debad48df@group-B2671EB745D2-LeaderElection117] INFO  impl.LeaderElection (LeaderElection.java:logAndReturn(56)) - 25d6372c-77fd-4a39-ac2a-e48debad48df@group-B2671EB745D2-LeaderElection117: Election REJECTED; received 2 response(s) [25d6372c-77fd-4a39-ac2a-e48debad48df<-50423279-f647-4a18-8e85-347d68eaf856#0:FAIL-t122, 25d6372c-77fd-4a39-ac2a-e48debad48df<-2ec85f63-33fb-4317-9145-71357d145af9#0:FAIL-t122] and 0 exception(s); 25d6372c-77fd-4a39-ac2a-e48debad48df@group-B2671EB745D2:t122, leader=null, voted=25d6372c-77fd-4a39-ac2a-e48debad48df, raftlog=25d6372c-77fd-4a39-ac2a-e48debad48df@group-B2671EB745D2-SegmentedRaftLog:OPENED:c-1,f-1,i0, conf=-1: [50423279-f647-4a18-8e85-347d68eaf856:192.168.69.88:39583, 2ec85f63-33fb-4317-9145-71357d145af9:192.168.69.88:42357, 25d6372c-77fd-4a39-ac2a-e48debad48df:192.168.69.88:39591], old=null
2019-10-15 16:11:47,434 [25d6372c-77fd-4a39-ac2a-e48debad48df@group-B2671EB745D2-LeaderElection117] INFO  impl.RaftServerImpl (RaftServerImpl.java:setRole(184)) - 25d6372c-77fd-4a39-ac2a-e48debad48df@group-B2671EB745D2: changes role from CANDIDATE to FOLLOWER at term 122 for DISCOVERED_A_NEW_TERM
2019-10-15 16:11:47,434 [25d6372c-77fd-4a39-ac2a-e48debad48df@group-B2671EB745D2-LeaderElection117] INFO  impl.RoleInfo (RoleInfo.java:shutdownLeaderElection(134)) - 25d6372c-77fd-4a39-ac2a-e48debad48df: shutdown LeaderElection
2019-10-15 16:11:47,434 [25d6372c-77fd-4a39-ac2a-e48debad48df@group-B2671EB745D2-LeaderElection117] INFO  impl.RoleInfo (RoleInfo.java:updateAndGet(143)) - 25d6372c-77fd-4a39-ac2a-e48debad48df: start FollowerState
2019-10-15 16:11:47,491 [Thread-985] INFO  impl.FollowerState (FollowerState.java:run(108)) - 25d6372c-77fd-4a39-ac2a-e48debad48df@group-B2671EB745D2-FollowerState: change to CANDIDATE, lastRpcTime:57ms, electionTimeout:57ms
2019-10-15 16:11:47,491 [Thread-985] INFO  impl.RoleInfo (RoleInfo.java:shutdownFollowerState(121)) - 25d6372c-77fd-4a39-ac2a-e48debad48df: shutdown FollowerState
2019-10-15 16:11:47,491 [Thread-985] INFO  impl.RaftServerImpl (RaftServerImpl.java:setRole(184)) - 25d6372c-77fd-4a39-ac2a-e48debad48df@group-B2671EB745D2: changes role from  FOLLOWER to CANDIDATE at term 122 for changeToCandidate
2019-10-15 16:11:47,492 [Thread-985] INFO  impl.RoleInfo (RoleInfo.java:updateAndGet(143)) - 25d6372c-77fd-4a39-ac2a-e48debad48df: start LeaderElection
2019-10-15 16:11:47,505 [25d6372c-77fd-4a39-ac2a-e48debad48df@group-B2671EB745D2-LeaderElection118] INFO  impl.LeaderElection (LeaderElection.java:askForVotes(178)) - 25d6372c-77fd-4a39-ac2a-e48debad48df@group-B2671EB745D2-LeaderElection118: begin an election at term 123 for -1: [50423279-f647-4a18-8e85-347d68eaf856:192.168.69.88:39583, 2ec85f63-33fb-4317-9145-71357d145af9:192.168.69.88:42357, 25d6372c-77fd-4a39-ac2a-e48debad48df:192.168.69.88:39591], old=null
2019-10-15 16:11:47,508 [grpc-default-executor-5] INFO  impl.RaftServerImpl (RaftServerImpl.java:setRole(184)) - 50423279-f647-4a18-8e85-347d68eaf856@group-B2671EB745D2: changes role from  FOLLOWER to FOLLOWER at term 123 for recognizeCandidate:25d6372c-77fd-4a39-ac2a-e48debad48df
2019-10-15 16:11:47,508 [grpc-default-executor-5] INFO  impl.RoleInfo (RoleInfo.java:shutdownFollowerState(121)) - 50423279-f647-4a18-8e85-347d68eaf856: shutdown FollowerState
2019-10-15 16:11:47,508 [25d6372c-77fd-4a39-ac2a-e48debad48df@group-B2671EB745D2-LeaderElection118] INFO  impl.LeaderElection (LeaderElection.java:logAndReturn(56)) - 25d6372c-77fd-4a39-ac2a-e48debad48df@group-B2671EB745D2-LeaderElection118: Election TIMEOUT; received 0 response(s) [] and 0 exception(s); 25d6372c-77fd-4a39-ac2a-e48debad48df@group-B2671EB745D2:t123, leader=null, voted=25d6372c-77fd-4a39-ac2a-e48debad48df, raftlog=25d6372c-77fd-4a39-ac2a-e48debad48df@group-B2671EB745D2-SegmentedRaftLog:OPENED:c-1,f-1,i0, conf=-1: [50423279-f647-4a18-8e85-347d68eaf856:192.168.69.88:39583, 2ec85f63-33fb-4317-9145-71357d145af9:192.168.69.88:42357, 25d6372c-77fd-4a39-ac2a-e48debad48df:192.168.69.88:39591], old=null
2019-10-15 16:11:47,508 [Thread-984] INFO  impl.FollowerState (FollowerState.java:run(117)) - 50423279-f647-4a18-8e85-347d68eaf856@group-B2671EB745D2-FollowerState was interrupted: java.lang.InterruptedException: sleep interrupted
2019-10-15 16:11:47,509 [grpc-default-executor-0] INFO  impl.RaftServerImpl (RaftServerImpl.java:setRole(184)) - 2ec85f63-33fb-4317-9145-71357d145af9@group-B2671EB745D2: changes role from  FOLLOWER to FOLLOWER at term 123 for recognizeCandidate:25d6372c-77fd-4a39-ac2a-e48debad48df
2019-10-15 16:11:47,509 [grpc-default-executor-0] INFO  impl.RoleInfo (RoleInfo.java:shutdownFollowerState(121)) - 2ec85f63-33fb-4317-9145-71357d145af9: shutdown FollowerState
2019-10-15 16:11:47,509 [grpc-default-executor-0] INFO  impl.RoleInfo (RoleInfo.java:updateAndGet(143)) - 2ec85f63-33fb-4317-9145-71357d145af9: start FollowerState
2019-10-15 16:11:47,509 [grpc-default-executor-5] INFO  impl.RoleInfo (RoleInfo.java:updateAndGet(143)) - 50423279-f647-4a18-8e85-347d68eaf856: start FollowerState
2019-10-15 16:11:47,510 [Thread-983] INFO  impl.FollowerState (FollowerState.java:run(117)) - 2ec85f63-33fb-4317-9145-71357d145af9@group-B2671EB745D2-FollowerState was interrupted: java.lang.InterruptedException: sleep interrupted
2019-10-15 16:11:47,522 [25d6372c-77fd-4a39-ac2a-e48debad48df@group-B2671EB745D2-LeaderElection118] INFO  impl.LeaderElection (LeaderElection.java:askForVotes(178)) - 25d6372c-77fd-4a39-ac2a-e48debad48df@group-B2671EB745D2-LeaderElection118: begin an election at term 124 for -1: [50423279-f647-4a18-8e85-347d68eaf856:192.168.69.88:39583, 2ec85f63-33fb-4317-9145-71357d145af9:192.168.69.88:42357, 25d6372c-77fd-4a39-ac2a-e48debad48df:192.168.69.88:39591], old=null
2019-10-15 16:11:47,523 [grpc-default-executor-5] INFO  impl.RaftServerImpl (RaftServerImpl.java:setRole(184)) - 50423279-f647-4a18-8e85-347d68eaf856@group-B2671EB745D2: changes role from  FOLLOWER to FOLLOWER at term 124 for recognizeCandidate:25d6372c-77fd-4a39-ac2a-e48debad48df
2019-10-15 16:11:47,523 [grpc-default-executor-5] INFO  impl.RoleInfo (RoleInfo.java:shutdownFollowerState(121)) - 50423279-f647-4a18-8e85-347d68eaf856: shutdown FollowerState
2019-10-15 16:11:47,523 [grpc-default-executor-5] INFO  impl.RoleInfo (RoleInfo.java:updateAndGet(143)) - 50423279-f647-4a18-8e85-347d68eaf856: start FollowerState
2019-10-15 16:11:47,524 [Thread-989] INFO  impl.FollowerState (FollowerState.java:run(117)) - 50423279-f647-4a18-8e85-347d68eaf856@group-B2671EB745D2-FollowerState was interrupted: java.lang.InterruptedException: sleep interrupted
2019-10-15 16:11:47,524 [grpc-default-executor-0] INFO  impl.RaftServerImpl (RaftServerImpl.java:setRole(184)) - 2ec85f63-33fb-4317-9145-71357d145af9@group-B2671EB745D2: changes role from  FOLLOWER to FOLLOWER at term 124 for recognizeCandidate:25d6372c-77fd-4a39-ac2a-e48debad48df
2019-10-15 16:11:47,524 [grpc-default-executor-0] INFO  impl.RoleInfo (RoleInfo.java:shutdownFollowerState(121)) - 2ec85f63-33fb-4317-9145-71357d145af9: shutdown FollowerState
2019-10-15 16:11:47,524 [grpc-default-executor-0] INFO  impl.RoleInfo (RoleInfo.java:updateAndGet(143)) - 2ec85f63-33fb-4317-9145-71357d145af9: start FollowerState
2019-10-15 16:11:47,524 [Thread-990] INFO  impl.FollowerState (FollowerState.java:run(117)) - 2ec85f63-33fb-4317-9145-71357d145af9@group-B2671EB745D2-FollowerState was interrupted: java.lang.InterruptedException: sleep interrupted
2019-10-15 16:11:47,537 [25d6372c-77fd-4a39-ac2a-e48debad48df@group-B2671EB745D2-LeaderElection118] INFO  impl.LeaderElection (LeaderElection.java:logAndReturn(56)) - 25d6372c-77fd-4a39-ac2a-e48debad48df@group-B2671EB745D2-LeaderElection118: Election REJECTED; received 2 response(s) [25d6372c-77fd-4a39-ac2a-e48debad48df<-2ec85f63-33fb-4317-9145-71357d145af9#0:FAIL-t124, 25d6372c-77fd-4a39-ac2a-e48debad48df<-50423279-f647-4a18-8e85-347d68eaf856#0:FAIL-t124] and 0 exception(s); 25d6372c-77fd-4a39-ac2a-e48debad48df@group-B2671EB745D2:t124, leader=null, voted=25d6372c-77fd-4a39-ac2a-e48debad48df, raftlog=25d6372c-77fd-4a39-ac2a-e48debad48df@group-B2671EB745D2-SegmentedRaftLog:OPENED:c-1,f-1,i0, conf=-1: [50423279-f647-4a18-8e85-347d68eaf856:192.168.69.88:39583, 2ec85f63-33fb-4317-9145-71357d145af9:192.168.69.88:42357, 25d6372c-77fd-4a39-ac2a-e48debad48df:192.168.69.88:39591], old=null
2019-10-15 16:11:47,537 [25d6372c-77fd-4a39-ac2a-e48debad48df@group-B2671EB745D2-LeaderElection118] INFO  impl.RaftServerImpl (RaftServerImpl.java:setRole(184)) - 25d6372c-77fd-4a39-ac2a-e48debad48df@group-B2671EB745D2: changes role from CANDIDATE to FOLLOWER at term 124 for DISCOVERED_A_NEW_TERM
2019-10-15 16:11:47,537 [25d6372c-77fd-4a39-ac2a-e48debad48df@group-B2671EB745D2-LeaderElection118] INFO  impl.RoleInfo (RoleInfo.java:shutdownLeaderElection(134)) - 25d6372c-77fd-4a39-ac2a-e48debad48df: shutdown LeaderElection
2019-10-15 16:11:47,537 [25d6372c-77fd-4a39-ac2a-e48debad48df@group-B2671EB745D2-LeaderElection118] INFO  impl.RoleInfo (RoleInfo.java:updateAndGet(143)) - 25d6372c-77fd-4a39-ac2a-e48debad48df: start FollowerState
2019-10-15 16:11:47,728 [Thread-995] INFO  impl.FollowerState (FollowerState.java:run(108)) - 25d6372c-77fd-4a39-ac2a-e48debad48df@group-B2671EB745D2-FollowerState: change to CANDIDATE, lastRpcTime:190ms, electionTimeout:190ms
2019-10-15 16:11:47,728 [Thread-995] INFO  impl.RoleInfo (RoleInfo.java:shutdownFollowerState(121)) - 25d6372c-77fd-4a39-ac2a-e48debad48df: shutdown FollowerState
2019-10-15 16:11:47,728 [Thread-995] INFO  impl.RaftServerImpl (RaftServerImpl.java:setRole(184)) - 25d6372c-77fd-4a39-ac2a-e48debad48df@group-B2671EB745D2: changes role from  FOLLOWER to CANDIDATE at term 124 for changeToCandidate
2019-10-15 16:11:47,728 [Thread-995] INFO  impl.RoleInfo (RoleInfo.java:updateAndGet(143)) - 25d6372c-77fd-4a39-ac2a-e48debad48df: start LeaderElection
2019-10-15 16:11:47,741 [25d6372c-77fd-4a39-ac2a-e48debad48df@group-B2671EB745D2-LeaderElection119] INFO  impl.LeaderElection (LeaderElection.java:askForVotes(178)) - 25d6372c-77fd-4a39-ac2a-e48debad48df@group-B2671EB745D2-LeaderElection119: begin an election at term 125 for -1: [50423279-f647-4a18-8e85-347d68eaf856:192.168.69.88:39583, 2ec85f63-33fb-4317-9145-71357d145af9:192.168.69.88:42357, 25d6372c-77fd-4a39-ac2a-e48debad48df:192.168.69.88:39591], old=null
2019-10-15 16:11:47,744 [grpc-default-executor-0] INFO  impl.RaftServerImpl (RaftServerImpl.java:setRole(184)) - 2ec85f63-33fb-4317-9145-71357d145af9@group-B2671EB745D2: changes role from  FOLLOWER to FOLLOWER at term 125 for recognizeCandidate:25d6372c-77fd-4a39-ac2a-e48debad48df
2019-10-15 16:11:47,744 [grpc-default-executor-5] INFO  impl.RaftServerImpl (RaftServerImpl.java:setRole(184)) - 50423279-f647-4a18-8e85-347d68eaf856@group-B2671EB745D2: changes role from  FOLLOWER to FOLLOWER at term 125 for recognizeCandidate:25d6372c-77fd-4a39-ac2a-e48debad48df
2019-10-15 16:11:47,744 [grpc-default-executor-0] INFO  impl.RoleInfo (RoleInfo.java:shutdownFollowerState(121)) - 2ec85f63-33fb-4317-9145-71357d145af9: shutdown FollowerState
2019-10-15 16:11:47,744 [grpc-default-executor-5] INFO  impl.RoleInfo (RoleInfo.java:shutdownFollowerState(121)) - 50423279-f647-4a18-8e85-347d68eaf856: shutdown FollowerState
2019-10-15 16:11:47,745 [Thread-994] INFO  impl.FollowerState (FollowerState.java:run(117)) - 2ec85f63-33fb-4317-9145-71357d145af9@group-B2671EB745D2-FollowerState was interrupted: java.lang.InterruptedException: sleep interrupted
2019-10-15 16:11:47,745 [Thread-993] INFO  impl.FollowerState (FollowerState.java:run(117)) - 50423279-f647-4a18-8e85-347d68eaf856@group-B2671EB745D2-FollowerState was interrupted: java.lang.InterruptedException: sleep interrupted
2019-10-15 16:11:47,745 [grpc-default-executor-0] INFO  impl.RoleInfo (RoleInfo.java:updateAndGet(143)) - 2ec85f63-33fb-4317-9145-71357d145af9: start FollowerState
2019-10-15 16:11:47,745 [grpc-default-executor-5] INFO  impl.RoleInfo (RoleInfo.java:updateAndGet(143)) - 50423279-f647-4a18-8e85-347d68eaf856: start FollowerState
2019-10-15 16:11:47,760 [25d6372c-77fd-4a39-ac2a-e48debad48df@group-B2671EB745D2-LeaderElection119] INFO  impl.LeaderElection (LeaderElection.java:logAndReturn(56)) - 25d6372c-77fd-4a39-ac2a-e48debad48df@group-B2671EB745D2-LeaderElection119: Election REJECTED; received 2 response(s) [25d6372c-77fd-4a39-ac2a-e48debad48df<-2ec85f63-33fb-4317-9145-71357d145af9#0:FAIL-t125, 25d6372c-77fd-4a39-ac2a-e48debad48df<-50423279-f647-4a18-8e85-347d68eaf856#0:FAIL-t125] and 0 exception(s); 25d6372c-77fd-4a39-ac2a-e48debad48df@group-B2671EB745D2:t125, leader=null, voted=25d6372c-77fd-4a39-ac2a-e48debad48df, raftlog=25d6372c-77fd-4a39-ac2a-e48debad48df@group-B2671EB745D2-SegmentedRaftLog:OPENED:c-1,f-1,i0, conf=-1: [50423279-f647-4a18-8e85-347d68eaf856:192.168.69.88:39583, 2ec85f63-33fb-4317-9145-71357d145af9:192.168.69.88:42357, 25d6372c-77fd-4a39-ac2a-e48debad48df:192.168.69.88:39591], old=null
2019-10-15 16:11:47,760 [25d6372c-77fd-4a39-ac2a-e48debad48df@group-B2671EB745D2-LeaderElection119] INFO  impl.RaftServerImpl (RaftServerImpl.java:setRole(184)) - 25d6372c-77fd-4a39-ac2a-e48debad48df@group-B2671EB745D2: changes role from CANDIDATE to FOLLOWER at term 125 for DISCOVERED_A_NEW_TERM
2019-10-15 16:11:47,760 [25d6372c-77fd-4a39-ac2a-e48debad48df@group-B2671EB745D2-LeaderElection119] INFO  impl.RoleInfo (RoleInfo.java:shutdownLeaderElection(134)) - 25d6372c-77fd-4a39-ac2a-e48debad48df: shutdown LeaderElection
2019-10-15 16:11:47,760 [25d6372c-77fd-4a39-ac2a-e48debad48df@group-B2671EB745D2-LeaderElection119] INFO  impl.RoleInfo (RoleInfo.java:updateAndGet(143)) - 25d6372c-77fd-4a39-ac2a-e48debad48df: start FollowerState
2019-10-15 16:11:47,860 [Thread-1001] INFO  impl.FollowerState (FollowerState.java:run(108)) - 25d6372c-77fd-4a39-ac2a-e48debad48df@group-B2671EB745D2-FollowerState: change to CANDIDATE, lastRpcTime:99ms, electionTimeout:99ms
2019-10-15 16:11:47,860 [Thread-1001] INFO  impl.RoleInfo (RoleInfo.java:shutdownFollowerState(121)) - 25d6372c-77fd-4a39-ac2a-e48debad48df: shutdown FollowerState
2019-10-15 16:11:47,860 [Thread-1001] INFO  impl.RaftServerImpl (RaftServerImpl.java:setRole(184)) - 25d6372c-77fd-4a39-ac2a-e48debad48df@group-B2671EB745D2: changes role from  FOLLOWER to CANDIDATE at term 125 for changeToCandidate
2019-10-15 16:11:47,860 [Thread-1001] INFO  impl.RoleInfo (RoleInfo.java:updateAndGet(143)) - 25d6372c-77fd-4a39-ac2a-e48debad48df: start LeaderElection
2019-10-15 16:11:47,865 [25d6372c-77fd-4a39-ac2a-e48debad48df@group-B2671EB745D2-LeaderElection120] INFO  impl.LeaderElection (LeaderElection.java:askForVotes(178)) - 25d6372c-77fd-4a39-ac2a-e48debad48df@group-B2671EB745D2-LeaderElection120: begin an election at term 126 for -1: [50423279-f647-4a18-8e85-347d68eaf856:192.168.69.88:39583, 2ec85f63-33fb-4317-9145-71357d145af9:192.168.69.88:42357, 25d6372c-77fd-4a39-ac2a-e48debad48df:192.168.69.88:39591], old=null
2019-10-15 16:11:47,867 [grpc-default-executor-0] INFO  impl.RaftServerImpl (RaftServerImpl.java:setRole(184)) - 50423279-f647-4a18-8e85-347d68eaf856@group-B2671EB745D2: changes role from  FOLLOWER to FOLLOWER at term 126 for recognizeCandidate:25d6372c-77fd-4a39-ac2a-e48debad48df
2019-10-15 16:11:47,867 [grpc-default-executor-0] INFO  impl.RoleInfo (RoleInfo.java:shutdownFollowerState(121)) - 50423279-f647-4a18-8e85-347d68eaf856: shutdown FollowerState
2019-10-15 16:11:47,867 [grpc-default-executor-0] INFO  impl.RoleInfo (RoleInfo.java:updateAndGet(143)) - 50423279-f647-4a18-8e85-347d68eaf856: start FollowerState
2019-10-15 16:11:47,867 [Thread-1000] INFO  impl.FollowerState (FollowerState.java:run(117)) - 50423279-f647-4a18-8e85-347d68eaf856@group-B2671EB745D2-FollowerState was interrupted: java.lang.InterruptedException: sleep interrupted
2019-10-15 16:11:47,867 [grpc-default-executor-5] INFO  impl.RaftServerImpl (RaftServerImpl.java:setRole(184)) - 2ec85f63-33fb-4317-9145-71357d145af9@group-B2671EB745D2: changes role from  FOLLOWER to FOLLOWER at term 126 for recognizeCandidate:25d6372c-77fd-4a39-ac2a-e48debad48df
2019-10-15 16:11:47,867 [grpc-default-executor-5] INFO  impl.RoleInfo (RoleInfo.java:shutdownFollowerState(121)) - 2ec85f63-33fb-4317-9145-71357d145af9: shutdown FollowerState
2019-10-15 16:11:47,868 [grpc-default-executor-5] INFO  impl.RoleInfo (RoleInfo.java:updateAndGet(143)) - 2ec85f63-33fb-4317-9145-71357d145af9: start FollowerState
2019-10-15 16:11:47,868 [Thread-999] INFO  impl.FollowerState (FollowerState.java:run(117)) - 2ec85f63-33fb-4317-9145-71357d145af9@group-B2671EB745D2-FollowerState was interrupted: java.lang.InterruptedException: sleep interrupted
2019-10-15 16:11:47,879 [25d6372c-77fd-4a39-ac2a-e48debad48df@group-B2671EB745D2-LeaderElection120] INFO  impl.LeaderElection (LeaderElection.java:logAndReturn(56)) - 25d6372c-77fd-4a39-ac2a-e48debad48df@group-B2671EB745D2-LeaderElection120: Election REJECTED; received 2 response(s) [25d6372c-77fd-4a39-ac2a-e48debad48df<-50423279-f647-4a18-8e85-347d68eaf856#0:FAIL-t126, 25d6372c-77fd-4a39-ac2a-e48debad48df<-2ec85f63-33fb-4317-9145-71357d145af9#0:FAIL-t126] and 0 exception(s); 25d6372c-77fd-4a39-ac2a-e48debad48df@group-B2671EB745D2:t126, leader=null, voted=25d6372c-77fd-4a39-ac2a-e48debad48df, raftlog=25d6372c-77fd-4a39-ac2a-e48debad48df@group-B2671EB745D2-SegmentedRaftLog:OPENED:c-1,f-1,i0, conf=-1: [50423279-f647-4a18-8e85-347d68eaf856:192.168.69.88:39583, 2ec85f63-33fb-4317-9145-71357d145af9:192.168.69.88:42357, 25d6372c-77fd-4a39-ac2a-e48debad48df:192.168.69.88:39591], old=null
2019-10-15 16:11:47,880 [25d6372c-77fd-4a39-ac2a-e48debad48df@group-B2671EB745D2-LeaderElection120] INFO  impl.RaftServerImpl (RaftServerImpl.java:setRole(184)) - 25d6372c-77fd-4a39-ac2a-e48debad48df@group-B2671EB745D2: changes role from CANDIDATE to FOLLOWER at term 126 for DISCOVERED_A_NEW_TERM
2019-10-15 16:11:47,880 [25d6372c-77fd-4a39-ac2a-e48debad48df@group-B2671EB745D2-LeaderElection120] INFO  impl.RoleInfo (RoleInfo.java:shutdownLeaderElection(134)) - 25d6372c-77fd-4a39-ac2a-e48debad48df: shutdown LeaderElection
2019-10-15 16:11:47,880 [25d6372c-77fd-4a39-ac2a-e48debad48df@group-B2671EB745D2-LeaderElection120] INFO  impl.RoleInfo (RoleInfo.java:updateAndGet(143)) - 25d6372c-77fd-4a39-ac2a-e48debad48df: start FollowerState
2019-10-15 16:11:48,002 [Thread-1007] INFO  impl.FollowerState (FollowerState.java:run(108)) - 25d6372c-77fd-4a39-ac2a-e48debad48df@group-B2671EB745D2-FollowerState: change to CANDIDATE, lastRpcTime:122ms, electionTimeout:122ms
2019-10-15 16:11:48,003 [Thread-1007] INFO  impl.RoleInfo (RoleInfo.java:shutdownFollowerState(121)) - 25d6372c-77fd-4a39-ac2a-e48debad48df: shutdown FollowerState
2019-10-15 16:11:48,003 [Thread-1007] INFO  impl.RaftServerImpl (RaftServerImpl.java:setRole(184)) - 25d6372c-77fd-4a39-ac2a-e48debad48df@group-B2671EB745D2: changes role from  FOLLOWER to CANDIDATE at term 126 for changeToCandidate
2019-10-15 16:11:48,003 [Thread-1007] INFO  impl.RoleInfo (RoleInfo.java:updateAndGet(143)) - 25d6372c-77fd-4a39-ac2a-e48debad48df: start LeaderElection
2019-10-15 16:11:48,118 [25d6372c-77fd-4a39-ac2a-e48debad48df@group-B2671EB745D2-LeaderElection121] INFO  impl.LeaderElection (LeaderElection.java:askForVotes(178)) - 25d6372c-77fd-4a39-ac2a-e48debad48df@group-B2671EB745D2-LeaderElection121: begin an election at term 127 for -1: [50423279-f647-4a18-8e85-347d68eaf856:192.168.69.88:39583, 2ec85f63-33fb-4317-9145-71357d145af9:192.168.69.88:42357, 25d6372c-77fd-4a39-ac2a-e48debad48df:192.168.69.88:39591], old=null
2019-10-15 16:11:48,121 [grpc-default-executor-5] INFO  impl.RaftServerImpl (RaftServerImpl.java:setRole(184)) - 2ec85f63-33fb-4317-9145-71357d145af9@group-B2671EB745D2: changes role from  FOLLOWER to FOLLOWER at term 127 for recognizeCandidate:25d6372c-77fd-4a39-ac2a-e48debad48df
2019-10-15 16:11:48,121 [grpc-default-executor-0] INFO  impl.RaftServerImpl (RaftServerImpl.java:setRole(184)) - 50423279-f647-4a18-8e85-347d68eaf856@group-B2671EB745D2: changes role from  FOLLOWER to FOLLOWER at term 127 for recognizeCandidate:25d6372c-77fd-4a39-ac2a-e48debad48df
2019-10-15 16:11:48,121 [grpc-default-executor-0] INFO  impl.RoleInfo (RoleInfo.java:shutdownFollowerState(121)) - 50423279-f647-4a18-8e85-347d68eaf856: shutdown FollowerState
2019-10-15 16:11:48,121 [grpc-default-executor-5] INFO  impl.RoleInfo (RoleInfo.java:shutdownFollowerState(121)) - 2ec85f63-33fb-4317-9145-71357d145af9: shutdown FollowerState
2019-10-15 16:11:48,122 [Thread-1005] INFO  impl.FollowerState (FollowerState.java:run(117)) - 50423279-f647-4a18-8e85-347d68eaf856@group-B2671EB745D2-FollowerState was interrupted: java.lang.InterruptedException: sleep interrupted
2019-10-15 16:11:48,122 [grpc-default-executor-5] INFO  impl.RoleInfo (RoleInfo.java:updateAndGet(143)) - 2ec85f63-33fb-4317-9145-71357d145af9: start FollowerState
2019-10-15 16:11:48,121 [grpc-default-executor-0] INFO  impl.RoleInfo (RoleInfo.java:updateAndGet(143)) - 50423279-f647-4a18-8e85-347d68eaf856: start FollowerState
2019-10-15 16:11:48,122 [Thread-1006] INFO  impl.FollowerState (FollowerState.java:run(117)) - 2ec85f63-33fb-4317-9145-71357d145af9@group-B2671EB745D2-FollowerState was interrupted: java.lang.InterruptedException: sleep interrupted
2019-10-15 16:11:48,144 [25d6372c-77fd-4a39-ac2a-e48debad48df@group-B2671EB745D2-LeaderElection121] INFO  impl.LeaderElection (LeaderElection.java:logAndReturn(56)) - 25d6372c-77fd-4a39-ac2a-e48debad48df@group-B2671EB745D2-LeaderElection121: Election REJECTED; received 2 response(s) [25d6372c-77fd-4a39-ac2a-e48debad48df<-2ec85f63-33fb-4317-9145-71357d145af9#0:FAIL-t127, 25d6372c-77fd-4a39-ac2a-e48debad48df<-50423279-f647-4a18-8e85-347d68eaf856#0:FAIL-t127] and 0 exception(s); 25d6372c-77fd-4a39-ac2a-e48debad48df@group-B2671EB745D2:t127, leader=null, voted=25d6372c-77fd-4a39-ac2a-e48debad48df, raftlog=25d6372c-77fd-4a39-ac2a-e48debad48df@group-B2671EB745D2-SegmentedRaftLog:OPENED:c-1,f-1,i0, conf=-1: [50423279-f647-4a18-8e85-347d68eaf856:192.168.69.88:39583, 2ec85f63-33fb-4317-9145-71357d145af9:192.168.69.88:42357, 25d6372c-77fd-4a39-ac2a-e48debad48df:192.168.69.88:39591], old=null
2019-10-15 16:11:48,145 [25d6372c-77fd-4a39-ac2a-e48debad48df@group-B2671EB745D2-LeaderElection121] INFO  impl.RaftServerImpl (RaftServerImpl.java:setRole(184)) - 25d6372c-77fd-4a39-ac2a-e48debad48df@group-B2671EB745D2: changes role from CANDIDATE to FOLLOWER at term 127 for DISCOVERED_A_NEW_TERM
2019-10-15 16:11:48,145 [25d6372c-77fd-4a39-ac2a-e48debad48df@group-B2671EB745D2-LeaderElection121] INFO  impl.RoleInfo (RoleInfo.java:shutdownLeaderElection(134)) - 25d6372c-77fd-4a39-ac2a-e48debad48df: shutdown LeaderElection
2019-10-15 16:11:48,145 [25d6372c-77fd-4a39-ac2a-e48debad48df@group-B2671EB745D2-LeaderElection121] INFO  impl.RoleInfo (RoleInfo.java:updateAndGet(143)) - 25d6372c-77fd-4a39-ac2a-e48debad48df: start FollowerState
2019-10-15 16:11:48,235 [Thread-1013] INFO  impl.FollowerState (FollowerState.java:run(108)) - 25d6372c-77fd-4a39-ac2a-e48debad48df@group-B2671EB745D2-FollowerState: change to CANDIDATE, lastRpcTime:90ms, electionTimeout:90ms
2019-10-15 16:11:48,236 [Thread-1013] INFO  impl.RoleInfo (RoleInfo.java:shutdownFollowerState(121)) - 25d6372c-77fd-4a39-ac2a-e48debad48df: shutdown FollowerState
2019-10-15 16:11:48,236 [Thread-1013] INFO  impl.RaftServerImpl (RaftServerImpl.java:setRole(184)) - 25d6372c-77fd-4a39-ac2a-e48debad48df@group-B2671EB745D2: changes role from  FOLLOWER to CANDIDATE at term 127 for changeToCandidate
2019-10-15 16:11:48,236 [Thread-1013] INFO  impl.RoleInfo (RoleInfo.java:updateAndGet(143)) - 25d6372c-77fd-4a39-ac2a-e48debad48df: start LeaderElection
2019-10-15 16:11:48,250 [25d6372c-77fd-4a39-ac2a-e48debad48df@group-B2671EB745D2-LeaderElection122] INFO  impl.LeaderElection (LeaderElection.java:askForVotes(178)) - 25d6372c-77fd-4a39-ac2a-e48debad48df@group-B2671EB745D2-LeaderElection122: begin an election at term 128 for -1: [50423279-f647-4a18-8e85-347d68eaf856:192.168.69.88:39583, 2ec85f63-33fb-4317-9145-71357d145af9:192.168.69.88:42357, 25d6372c-77fd-4a39-ac2a-e48debad48df:192.168.69.88:39591], old=null
2019-10-15 16:11:48,253 [grpc-default-executor-5] INFO  impl.RaftServerImpl (RaftServerImpl.java:setRole(184)) - 50423279-f647-4a18-8e85-347d68eaf856@group-B2671EB745D2: changes role from  FOLLOWER to FOLLOWER at term 128 for recognizeCandidate:25d6372c-77fd-4a39-ac2a-e48debad48df
2019-10-15 16:11:48,253 [grpc-default-executor-0] INFO  impl.RaftServerImpl (RaftServerImpl.java:setRole(184)) - 2ec85f63-33fb-4317-9145-71357d145af9@group-B2671EB745D2: changes role from  FOLLOWER to FOLLOWER at term 128 for recognizeCandidate:25d6372c-77fd-4a39-ac2a-e48debad48df
2019-10-15 16:11:48,253 [grpc-default-executor-5] INFO  impl.RoleInfo (RoleInfo.java:shutdownFollowerState(121)) - 50423279-f647-4a18-8e85-347d68eaf856: shutdown FollowerState
2019-10-15 16:11:48,253 [grpc-default-executor-0] INFO  impl.RoleInfo (RoleInfo.java:shutdownFollowerState(121)) - 2ec85f63-33fb-4317-9145-71357d145af9: shutdown FollowerState
2019-10-15 16:11:48,253 [Thread-1011] INFO  impl.FollowerState (FollowerState.java:run(117)) - 50423279-f647-4a18-8e85-347d68eaf856@group-B2671EB745D2-FollowerState was interrupted: java.lang.InterruptedException: sleep interrupted
2019-10-15 16:11:48,253 [grpc-default-executor-5] INFO  impl.RoleInfo (RoleInfo.java:updateAndGet(143)) - 50423279-f647-4a18-8e85-347d68eaf856: start FollowerState
2019-10-15 16:11:48,253 [grpc-default-executor-0] INFO  impl.RoleInfo (RoleInfo.java:updateAndGet(143)) - 2ec85f63-33fb-4317-9145-71357d145af9: start FollowerState
2019-10-15 16:11:48,253 [Thread-1012] INFO  impl.FollowerState (FollowerState.java:run(117)) - 2ec85f63-33fb-4317-9145-71357d145af9@group-B2671EB745D2-FollowerState was interrupted: java.lang.InterruptedException: sleep interrupted
2019-10-15 16:11:48,278 [25d6372c-77fd-4a39-ac2a-e48debad48df@group-B2671EB745D2-LeaderElection122] INFO  impl.LeaderElection (LeaderElection.java:logAndReturn(56)) - 25d6372c-77fd-4a39-ac2a-e48debad48df@group-B2671EB745D2-LeaderElection122: Election REJECTED; received 2 response(s) [25d6372c-77fd-4a39-ac2a-e48debad48df<-50423279-f647-4a18-8e85-347d68eaf856#0:FAIL-t128, 25d6372c-77fd-4a39-ac2a-e48debad48df<-2ec85f63-33fb-4317-9145-71357d145af9#0:FAIL-t128] and 0 exception(s); 25d6372c-77fd-4a39-ac2a-e48debad48df@group-B2671EB745D2:t128, leader=null, voted=25d6372c-77fd-4a39-ac2a-e48debad48df, raftlog=25d6372c-77fd-4a39-ac2a-e48debad48df@group-B2671EB745D2-SegmentedRaftLog:OPENED:c-1,f-1,i0, conf=-1: [50423279-f647-4a18-8e85-347d68eaf856:192.168.69.88:39583, 2ec85f63-33fb-4317-9145-71357d145af9:192.168.69.88:42357, 25d6372c-77fd-4a39-ac2a-e48debad48df:192.168.69.88:39591], old=null
2019-10-15 16:11:48,278 [25d6372c-77fd-4a39-ac2a-e48debad48df@group-B2671EB745D2-LeaderElection122] INFO  impl.RaftServerImpl (RaftServerImpl.java:setRole(184)) - 25d6372c-77fd-4a39-ac2a-e48debad48df@group-B2671EB745D2: changes role from CANDIDATE to FOLLOWER at term 128 for DISCOVERED_A_NEW_TERM
2019-10-15 16:11:48,278 [25d6372c-77fd-4a39-ac2a-e48debad48df@group-B2671EB745D2-LeaderElection122] INFO  impl.RoleInfo (RoleInfo.java:shutdownLeaderElection(134)) - 25d6372c-77fd-4a39-ac2a-e48debad48df: shutdown LeaderElection
2019-10-15 16:11:48,278 [25d6372c-77fd-4a39-ac2a-e48debad48df@group-B2671EB745D2-LeaderElection122] INFO  impl.RoleInfo (RoleInfo.java:updateAndGet(143)) - 25d6372c-77fd-4a39-ac2a-e48debad48df: start FollowerState
2019-10-15 16:11:48,346 [Thread-1019] INFO  impl.FollowerState (FollowerState.java:run(108)) - 25d6372c-77fd-4a39-ac2a-e48debad48df@group-B2671EB745D2-FollowerState: change to CANDIDATE, lastRpcTime:67ms, electionTimeout:67ms
2019-10-15 16:11:48,346 [Thread-1019] INFO  impl.RoleInfo (RoleInfo.java:shutdownFollowerState(121)) - 25d6372c-77fd-4a39-ac2a-e48debad48df: shutdown FollowerState
2019-10-15 16:11:48,346 [Thread-1019] INFO  impl.RaftServerImpl (RaftServerImpl.java:setRole(184)) - 25d6372c-77fd-4a39-ac2a-e48debad48df@group-B2671EB745D2: changes role from  FOLLOWER to CANDIDATE at term 128 for changeToCandidate
2019-10-15 16:11:48,346 [Thread-1019] INFO  impl.RoleInfo (RoleInfo.java:updateAndGet(143)) - 25d6372c-77fd-4a39-ac2a-e48debad48df: start LeaderElection
2019-10-15 16:11:48,379 [25d6372c-77fd-4a39-ac2a-e48debad48df@group-B2671EB745D2-LeaderElection123] INFO  impl.LeaderElection (LeaderElection.java:askForVotes(178)) - 25d6372c-77fd-4a39-ac2a-e48debad48df@group-B2671EB745D2-LeaderElection123: begin an election at term 129 for -1: [50423279-f647-4a18-8e85-347d68eaf856:192.168.69.88:39583, 2ec85f63-33fb-4317-9145-71357d145af9:192.168.69.88:42357, 25d6372c-77fd-4a39-ac2a-e48debad48df:192.168.69.88:39591], old=null
2019-10-15 16:11:48,381 [grpc-default-executor-0] INFO  impl.RaftServerImpl (RaftServerImpl.java:setRole(184)) - 2ec85f63-33fb-4317-9145-71357d145af9@group-B2671EB745D2: changes role from  FOLLOWER to FOLLOWER at term 129 for recognizeCandidate:25d6372c-77fd-4a39-ac2a-e48debad48df
2019-10-15 16:11:48,381 [grpc-default-executor-5] INFO  impl.RaftServerImpl (RaftServerImpl.java:setRole(184)) - 50423279-f647-4a18-8e85-347d68eaf856@group-B2671EB745D2: changes role from  FOLLOWER to FOLLOWER at term 129 for recognizeCandidate:25d6372c-77fd-4a39-ac2a-e48debad48df
2019-10-15 16:11:48,381 [grpc-default-executor-0] INFO  impl.RoleInfo (RoleInfo.java:shutdownFollowerState(121)) - 2ec85f63-33fb-4317-9145-71357d145af9: shutdown FollowerState
2019-10-15 16:11:48,382 [grpc-default-executor-5] INFO  impl.RoleInfo (RoleInfo.java:shutdownFollowerState(121)) - 50423279-f647-4a18-8e85-347d68eaf856: shutdown FollowerState
2019-10-15 16:11:48,382 [Thread-1018] INFO  impl.FollowerState (FollowerState.java:run(117)) - 2ec85f63-33fb-4317-9145-71357d145af9@group-B2671EB745D2-FollowerState was interrupted: java.lang.InterruptedException: sleep interrupted
2019-10-15 16:11:48,382 [grpc-default-executor-0] INFO  impl.RoleInfo (RoleInfo.java:updateAndGet(143)) - 2ec85f63-33fb-4317-9145-71357d145af9: start FollowerState
2019-10-15 16:11:48,382 [Thread-1017] INFO  impl.FollowerState (FollowerState.java:run(117)) - 50423279-f647-4a18-8e85-347d68eaf856@group-B2671EB745D2-FollowerState was interrupted: java.lang.InterruptedException: sleep interrupted
2019-10-15 16:11:48,382 [grpc-default-executor-5] INFO  impl.RoleInfo (RoleInfo.java:updateAndGet(143)) - 50423279-f647-4a18-8e85-347d68eaf856: start FollowerState
2019-10-15 16:11:48,392 [25d6372c-77fd-4a39-ac2a-e48debad48df@group-B2671EB745D2-LeaderElection123] INFO  impl.LeaderElection (LeaderElection.java:logAndReturn(56)) - 25d6372c-77fd-4a39-ac2a-e48debad48df@group-B2671EB745D2-LeaderElection123: Election REJECTED; received 2 response(s) [25d6372c-77fd-4a39-ac2a-e48debad48df<-2ec85f63-33fb-4317-9145-71357d145af9#0:FAIL-t129, 25d6372c-77fd-4a39-ac2a-e48debad48df<-50423279-f647-4a18-8e85-347d68eaf856#0:FAIL-t129] and 0 exception(s); 25d6372c-77fd-4a39-ac2a-e48debad48df@group-B2671EB745D2:t129, leader=null, voted=25d6372c-77fd-4a39-ac2a-e48debad48df, raftlog=25d6372c-77fd-4a39-ac2a-e48debad48df@group-B2671EB745D2-SegmentedRaftLog:OPENED:c-1,f-1,i0, conf=-1: [50423279-f647-4a18-8e85-347d68eaf856:192.168.69.88:39583, 2ec85f63-33fb-4317-9145-71357d145af9:192.168.69.88:42357, 25d6372c-77fd-4a39-ac2a-e48debad48df:192.168.69.88:39591], old=null
2019-10-15 16:11:48,392 [25d6372c-77fd-4a39-ac2a-e48debad48df@group-B2671EB745D2-LeaderElection123] INFO  impl.RaftServerImpl (RaftServerImpl.java:setRole(184)) - 25d6372c-77fd-4a39-ac2a-e48debad48df@group-B2671EB745D2: changes role from CANDIDATE to FOLLOWER at term 129 for DISCOVERED_A_NEW_TERM
2019-10-15 16:11:48,392 [25d6372c-77fd-4a39-ac2a-e48debad48df@group-B2671EB745D2-LeaderElection123] INFO  impl.RoleInfo (RoleInfo.java:shutdownLeaderElection(134)) - 25d6372c-77fd-4a39-ac2a-e48debad48df: shutdown LeaderElection
2019-10-15 16:11:48,392 [25d6372c-77fd-4a39-ac2a-e48debad48df@group-B2671EB745D2-LeaderElection123] INFO  impl.RoleInfo (RoleInfo.java:updateAndGet(143)) - 25d6372c-77fd-4a39-ac2a-e48debad48df: start FollowerState
2019-10-15 16:11:48,430 [Thread-1027] INFO  impl.FollowerState (FollowerState.java:run(108)) - 25d6372c-77fd-4a39-ac2a-e48debad48df@group-B2671EB745D2-FollowerState: change to CANDIDATE, lastRpcTime:38ms, electionTimeout:38ms
2019-10-15 16:11:48,431 [Thread-1027] INFO  impl.RoleInfo (RoleInfo.java:shutdownFollowerState(121)) - 25d6372c-77fd-4a39-ac2a-e48debad48df: shutdown FollowerState
2019-10-15 16:11:48,431 [Thread-1027] INFO  impl.RaftServerImpl (RaftServerImpl.java:setRole(184)) - 25d6372c-77fd-4a39-ac2a-e48debad48df@group-B2671EB745D2: changes role from  FOLLOWER to CANDIDATE at term 129 for changeToCandidate
2019-10-15 16:11:48,431 [Thread-1027] INFO  impl.RoleInfo (RoleInfo.java:updateAndGet(143)) - 25d6372c-77fd-4a39-ac2a-e48debad48df: start LeaderElection
2019-10-15 16:11:48,438 [25d6372c-77fd-4a39-ac2a-e48debad48df@group-B2671EB745D2-LeaderElection124] INFO  impl.LeaderElection (LeaderElection.java:askForVotes(178)) - 25d6372c-77fd-4a39-ac2a-e48debad48df@group-B2671EB745D2-LeaderElection124: begin an election at term 130 for -1: [50423279-f647-4a18-8e85-347d68eaf856:192.168.69.88:39583, 2ec85f63-33fb-4317-9145-71357d145af9:192.168.69.88:42357, 25d6372c-77fd-4a39-ac2a-e48debad48df:192.168.69.88:39591], old=null
2019-10-15 16:11:48,441 [grpc-default-executor-5] INFO  impl.RaftServerImpl (RaftServerImpl.java:setRole(184)) - 50423279-f647-4a18-8e85-347d68eaf856@group-B2671EB745D2: changes role from  FOLLOWER to FOLLOWER at term 130 for recognizeCandidate:25d6372c-77fd-4a39-ac2a-e48debad48df
2019-10-15 16:11:48,441 [grpc-default-executor-0] INFO  impl.RaftServerImpl (RaftServerImpl.java:setRole(184)) - 2ec85f63-33fb-4317-9145-71357d145af9@group-B2671EB745D2: changes role from  FOLLOWER to FOLLOWER at term 130 for recognizeCandidate:25d6372c-77fd-4a39-ac2a-e48debad48df
2019-10-15 16:11:48,441 [grpc-default-executor-5] INFO  impl.RoleInfo (RoleInfo.java:shutdownFollowerState(121)) - 50423279-f647-4a18-8e85-347d68eaf856: shutdown FollowerState
2019-10-15 16:11:48,441 [grpc-default-executor-0] INFO  impl.RoleInfo (RoleInfo.java:shutdownFollowerState(121)) - 2ec85f63-33fb-4317-9145-71357d145af9: shutdown FollowerState
2019-10-15 16:11:48,441 [Thread-1026] INFO  impl.FollowerState (FollowerState.java:run(117)) - 50423279-f647-4a18-8e85-347d68eaf856@group-B2671EB745D2-FollowerState was interrupted: java.lang.InterruptedException: sleep interrupted
2019-10-15 16:11:48,441 [grpc-default-executor-5] INFO  impl.RoleInfo (RoleInfo.java:updateAndGet(143)) - 50423279-f647-4a18-8e85-347d68eaf856: start FollowerState
2019-10-15 16:11:48,441 [Thread-1025] INFO  impl.FollowerState (FollowerState.java:run(117)) - 2ec85f63-33fb-4317-9145-71357d145af9@group-B2671EB745D2-FollowerState was interrupted: java.lang.InterruptedException: sleep interrupted
2019-10-15 16:11:48,441 [grpc-default-executor-0] INFO  impl.RoleInfo (RoleInfo.java:updateAndGet(143)) - 2ec85f63-33fb-4317-9145-71357d145af9: start FollowerState
2019-10-15 16:11:48,469 [25d6372c-77fd-4a39-ac2a-e48debad48df@group-B2671EB745D2-LeaderElection124] INFO  impl.LeaderElection (LeaderElection.java:logAndReturn(56)) - 25d6372c-77fd-4a39-ac2a-e48debad48df@group-B2671EB745D2-LeaderElection124: Election REJECTED; received 2 response(s) [25d6372c-77fd-4a39-ac2a-e48debad48df<-2ec85f63-33fb-4317-9145-71357d145af9#0:FAIL-t130, 25d6372c-77fd-4a39-ac2a-e48debad48df<-50423279-f647-4a18-8e85-347d68eaf856#0:FAIL-t130] and 0 exception(s); 25d6372c-77fd-4a39-ac2a-e48debad48df@group-B2671EB745D2:t130, leader=null, voted=25d6372c-77fd-4a39-ac2a-e48debad48df, raftlog=25d6372c-77fd-4a39-ac2a-e48debad48df@group-B2671EB745D2-SegmentedRaftLog:OPENED:c-1,f-1,i0, conf=-1: [50423279-f647-4a18-8e85-347d68eaf856:192.168.69.88:39583, 2ec85f63-33fb-4317-9145-71357d145af9:192.168.69.88:42357, 25d6372c-77fd-4a39-ac2a-e48debad48df:192.168.69.88:39591], old=null
2019-10-15 16:11:48,470 [25d6372c-77fd-4a39-ac2a-e48debad48df@group-B2671EB745D2-LeaderElection124] INFO  impl.RaftServerImpl (RaftServerImpl.java:setRole(184)) - 25d6372c-77fd-4a39-ac2a-e48debad48df@group-B2671EB745D2: changes role from CANDIDATE to FOLLOWER at term 130 for DISCOVERED_A_NEW_TERM
2019-10-15 16:11:48,470 [25d6372c-77fd-4a39-ac2a-e48debad48df@group-B2671EB745D2-LeaderElection124] INFO  impl.RoleInfo (RoleInfo.java:shutdownLeaderElection(134)) - 25d6372c-77fd-4a39-ac2a-e48debad48df: shutdown LeaderElection
2019-10-15 16:11:48,470 [25d6372c-77fd-4a39-ac2a-e48debad48df@group-B2671EB745D2-LeaderElection124] INFO  impl.RoleInfo (RoleInfo.java:updateAndGet(143)) - 25d6372c-77fd-4a39-ac2a-e48debad48df: start FollowerState
2019-10-15 16:11:48,549 [Thread-1033] INFO  impl.FollowerState (FollowerState.java:run(108)) - 25d6372c-77fd-4a39-ac2a-e48debad48df@group-B2671EB745D2-FollowerState: change to CANDIDATE, lastRpcTime:79ms, electionTimeout:79ms
2019-10-15 16:11:48,549 [Thread-1033] INFO  impl.RoleInfo (RoleInfo.java:shutdownFollowerState(121)) - 25d6372c-77fd-4a39-ac2a-e48debad48df: shutdown FollowerState
2019-10-15 16:11:48,550 [Thread-1033] INFO  impl.RaftServerImpl (RaftServerImpl.java:setRole(184)) - 25d6372c-77fd-4a39-ac2a-e48debad48df@group-B2671EB745D2: changes role from  FOLLOWER to CANDIDATE at term 130 for changeToCandidate
2019-10-15 16:11:48,550 [Thread-1033] INFO  impl.RoleInfo (RoleInfo.java:updateAndGet(143)) - 25d6372c-77fd-4a39-ac2a-e48debad48df: start LeaderElection
2019-10-15 16:11:48,567 [25d6372c-77fd-4a39-ac2a-e48debad48df@group-B2671EB745D2-LeaderElection125] INFO  impl.LeaderElection (LeaderElection.java:askForVotes(178)) - 25d6372c-77fd-4a39-ac2a-e48debad48df@group-B2671EB745D2-LeaderElection125: begin an election at term 131 for -1: [50423279-f647-4a18-8e85-347d68eaf856:192.168.69.88:39583, 2ec85f63-33fb-4317-9145-71357d145af9:192.168.69.88:42357, 25d6372c-77fd-4a39-ac2a-e48debad48df:192.168.69.88:39591], old=null
2019-10-15 16:11:48,569 [grpc-default-executor-0] INFO  impl.RaftServerImpl (RaftServerImpl.java:setRole(184)) - 2ec85f63-33fb-4317-9145-71357d145af9@group-B2671EB745D2: changes role from  FOLLOWER to FOLLOWER at term 131 for recognizeCandidate:25d6372c-77fd-4a39-ac2a-e48debad48df
2019-10-15 16:11:48,569 [grpc-default-executor-5] INFO  impl.RaftServerImpl (RaftServerImpl.java:setRole(184)) - 50423279-f647-4a18-8e85-347d68eaf856@group-B2671EB745D2: changes role from  FOLLOWER to FOLLOWER at term 131 for recognizeCandidate:25d6372c-77fd-4a39-ac2a-e48debad48df
2019-10-15 16:11:48,569 [grpc-default-executor-0] INFO  impl.RoleInfo (RoleInfo.java:shutdownFollowerState(121)) - 2ec85f63-33fb-4317-9145-71357d145af9: shutdown FollowerState
2019-10-15 16:11:48,569 [grpc-default-executor-5] INFO  impl.RoleInfo (RoleInfo.java:shutdownFollowerState(121)) - 50423279-f647-4a18-8e85-347d68eaf856: shutdown FollowerState
2019-10-15 16:11:48,570 [Thread-1032] INFO  impl.FollowerState (FollowerState.java:run(117)) - 2ec85f63-33fb-4317-9145-71357d145af9@group-B2671EB745D2-FollowerState was interrupted: java.lang.InterruptedException: sleep interrupted
2019-10-15 16:11:48,569 [grpc-default-executor-0] INFO  impl.RoleInfo (RoleInfo.java:updateAndGet(143)) - 2ec85f63-33fb-4317-9145-71357d145af9: start FollowerState
2019-10-15 16:11:48,570 [Thread-1031] INFO  impl.FollowerState (FollowerState.java:run(117)) - 50423279-f647-4a18-8e85-347d68eaf856@group-B2671EB745D2-FollowerState was interrupted: java.lang.InterruptedException: sleep interrupted
2019-10-15 16:11:48,570 [grpc-default-executor-5] INFO  impl.RoleInfo (RoleInfo.java:updateAndGet(143)) - 50423279-f647-4a18-8e85-347d68eaf856: start FollowerState
2019-10-15 16:11:48,578 [25d6372c-77fd-4a39-ac2a-e48debad48df@group-B2671EB745D2-LeaderElection125] INFO  impl.LeaderElection (LeaderElection.java:logAndReturn(56)) - 25d6372c-77fd-4a39-ac2a-e48debad48df@group-B2671EB745D2-LeaderElection125: Election TIMEOUT; received 0 response(s) [] and 0 exception(s); 25d6372c-77fd-4a39-ac2a-e48debad48df@group-B2671EB745D2:t131, leader=null, voted=25d6372c-77fd-4a39-ac2a-e48debad48df, raftlog=25d6372c-77fd-4a39-ac2a-e48debad48df@group-B2671EB745D2-SegmentedRaftLog:OPENED:c-1,f-1,i0, conf=-1: [50423279-f647-4a18-8e85-347d68eaf856:192.168.69.88:39583, 2ec85f63-33fb-4317-9145-71357d145af9:192.168.69.88:42357, 25d6372c-77fd-4a39-ac2a-e48debad48df:192.168.69.88:39591], old=null
2019-10-15 16:11:48,592 [25d6372c-77fd-4a39-ac2a-e48debad48df@group-B2671EB745D2-LeaderElection125] INFO  impl.LeaderElection (LeaderElection.java:askForVotes(178)) - 25d6372c-77fd-4a39-ac2a-e48debad48df@group-B2671EB745D2-LeaderElection125: begin an election at term 132 for -1: [50423279-f647-4a18-8e85-347d68eaf856:192.168.69.88:39583, 2ec85f63-33fb-4317-9145-71357d145af9:192.168.69.88:42357, 25d6372c-77fd-4a39-ac2a-e48debad48df:192.168.69.88:39591], old=null
2019-10-15 16:11:48,594 [grpc-default-executor-5] INFO  impl.RaftServerImpl (RaftServerImpl.java:setRole(184)) - 2ec85f63-33fb-4317-9145-71357d145af9@group-B2671EB745D2: changes role from  FOLLOWER to FOLLOWER at term 132 for recognizeCandidate:25d6372c-77fd-4a39-ac2a-e48debad48df
2019-10-15 16:11:48,594 [grpc-default-executor-5] INFO  impl.RoleInfo (RoleInfo.java:shutdownFollowerState(121)) - 2ec85f63-33fb-4317-9145-71357d145af9: shutdown FollowerState
2019-10-15 16:11:48,594 [grpc-default-executor-0] INFO  impl.RaftServerImpl (RaftServerImpl.java:setRole(184)) - 50423279-f647-4a18-8e85-347d68eaf856@group-B2671EB745D2: changes role from  FOLLOWER to FOLLOWER at term 132 for recognizeCandidate:25d6372c-77fd-4a39-ac2a-e48debad48df
2019-10-15 16:11:48,594 [grpc-default-executor-5] INFO  impl.RoleInfo (RoleInfo.java:updateAndGet(143)) - 2ec85f63-33fb-4317-9145-71357d145af9: start FollowerState
2019-10-15 16:11:48,595 [grpc-default-executor-0] INFO  impl.RoleInfo (RoleInfo.java:shutdownFollowerState(121)) - 50423279-f647-4a18-8e85-347d68eaf856: shutdown FollowerState
2019-10-15 16:11:48,595 [Thread-1037] INFO  impl.FollowerState (FollowerState.java:run(117)) - 2ec85f63-33fb-4317-9145-71357d145af9@group-B2671EB745D2-FollowerState was interrupted: java.lang.InterruptedException: sleep interrupted
2019-10-15 16:11:48,595 [grpc-default-executor-0] INFO  impl.RoleInfo (RoleInfo.java:updateAndGet(143)) - 50423279-f647-4a18-8e85-347d68eaf856: start FollowerState
2019-10-15 16:11:48,595 [Thread-1038] INFO  impl.FollowerState (FollowerState.java:run(117)) - 50423279-f647-4a18-8e85-347d68eaf856@group-B2671EB745D2-FollowerState was interrupted: java.lang.InterruptedException: sleep interrupted
2019-10-15 16:11:48,613 [25d6372c-77fd-4a39-ac2a-e48debad48df@group-B2671EB745D2-LeaderElection125] INFO  impl.LeaderElection (LeaderElection.java:logAndReturn(56)) - 25d6372c-77fd-4a39-ac2a-e48debad48df@group-B2671EB745D2-LeaderElection125: Election REJECTED; received 2 response(s) [25d6372c-77fd-4a39-ac2a-e48debad48df<-50423279-f647-4a18-8e85-347d68eaf856#0:FAIL-t132, 25d6372c-77fd-4a39-ac2a-e48debad48df<-2ec85f63-33fb-4317-9145-71357d145af9#0:FAIL-t132] and 0 exception(s); 25d6372c-77fd-4a39-ac2a-e48debad48df@group-B2671EB745D2:t132, leader=null, voted=25d6372c-77fd-4a39-ac2a-e48debad48df, raftlog=25d6372c-77fd-4a39-ac2a-e48debad48df@group-B2671EB745D2-SegmentedRaftLog:OPENED:c-1,f-1,i0, conf=-1: [50423279-f647-4a18-8e85-347d68eaf856:192.168.69.88:39583, 2ec85f63-33fb-4317-9145-71357d145af9:192.168.69.88:42357, 25d6372c-77fd-4a39-ac2a-e48debad48df:192.168.69.88:39591], old=null
2019-10-15 16:11:48,613 [25d6372c-77fd-4a39-ac2a-e48debad48df@group-B2671EB745D2-LeaderElection125] INFO  impl.RaftServerImpl (RaftServerImpl.java:setRole(184)) - 25d6372c-77fd-4a39-ac2a-e48debad48df@group-B2671EB745D2: changes role from CANDIDATE to FOLLOWER at term 132 for DISCOVERED_A_NEW_TERM
2019-10-15 16:11:48,614 [25d6372c-77fd-4a39-ac2a-e48debad48df@group-B2671EB745D2-LeaderElection125] INFO  impl.RoleInfo (RoleInfo.java:shutdownLeaderElection(134)) - 25d6372c-77fd-4a39-ac2a-e48debad48df: shutdown LeaderElection
2019-10-15 16:11:48,614 [25d6372c-77fd-4a39-ac2a-e48debad48df@group-B2671EB745D2-LeaderElection125] INFO  impl.RoleInfo (RoleInfo.java:updateAndGet(143)) - 25d6372c-77fd-4a39-ac2a-e48debad48df: start FollowerState
2019-10-15 16:11:48,647 [Thread-1043] INFO  impl.FollowerState (FollowerState.java:run(108)) - 25d6372c-77fd-4a39-ac2a-e48debad48df@group-B2671EB745D2-FollowerState: change to CANDIDATE, lastRpcTime:33ms, electionTimeout:33ms
2019-10-15 16:11:48,647 [Thread-1043] INFO  impl.RoleInfo (RoleInfo.java:shutdownFollowerState(121)) - 25d6372c-77fd-4a39-ac2a-e48debad48df: shutdown FollowerState
2019-10-15 16:11:48,647 [Thread-1043] INFO  impl.RaftServerImpl (RaftServerImpl.java:setRole(184)) - 25d6372c-77fd-4a39-ac2a-e48debad48df@group-B2671EB745D2: changes role from  FOLLOWER to CANDIDATE at term 132 for changeToCandidate
2019-10-15 16:11:48,647 [Thread-1043] INFO  impl.RoleInfo (RoleInfo.java:updateAndGet(143)) - 25d6372c-77fd-4a39-ac2a-e48debad48df: start LeaderElection
2019-10-15 16:11:48,655 [25d6372c-77fd-4a39-ac2a-e48debad48df@group-B2671EB745D2-LeaderElection126] INFO  impl.LeaderElection (LeaderElection.java:askForVotes(178)) - 25d6372c-77fd-4a39-ac2a-e48debad48df@group-B2671EB745D2-LeaderElection126: begin an election at term 133 for -1: [50423279-f647-4a18-8e85-347d68eaf856:192.168.69.88:39583, 2ec85f63-33fb-4317-9145-71357d145af9:192.168.69.88:42357, 25d6372c-77fd-4a39-ac2a-e48debad48df:192.168.69.88:39591], old=null
2019-10-15 16:11:48,657 [grpc-default-executor-0] INFO  impl.RaftServerImpl (RaftServerImpl.java:setRole(184)) - 50423279-f647-4a18-8e85-347d68eaf856@group-B2671EB745D2: changes role from  FOLLOWER to FOLLOWER at term 133 for recognizeCandidate:25d6372c-77fd-4a39-ac2a-e48debad48df
2019-10-15 16:11:48,657 [grpc-default-executor-0] INFO  impl.RoleInfo (RoleInfo.java:shutdownFollowerState(121)) - 50423279-f647-4a18-8e85-347d68eaf856: shutdown FollowerState
2019-10-15 16:11:48,657 [grpc-default-executor-0] INFO  impl.RoleInfo (RoleInfo.java:updateAndGet(143)) - 50423279-f647-4a18-8e85-347d68eaf856: start FollowerState
2019-10-15 16:11:48,657 [Thread-1042] INFO  impl.FollowerState (FollowerState.java:run(117)) - 50423279-f647-4a18-8e85-347d68eaf856@group-B2671EB745D2-FollowerState was interrupted: java.lang.InterruptedException: sleep interrupted
2019-10-15 16:11:48,657 [grpc-default-executor-5] INFO  impl.RaftServerImpl (RaftServerImpl.java:setRole(184)) - 2ec85f63-33fb-4317-9145-71357d145af9@group-B2671EB745D2: changes role from  FOLLOWER to FOLLOWER at term 133 for recognizeCandidate:25d6372c-77fd-4a39-ac2a-e48debad48df
2019-10-15 16:11:48,658 [grpc-default-executor-5] INFO  impl.RoleInfo (RoleInfo.java:shutdownFollowerState(121)) - 2ec85f63-33fb-4317-9145-71357d145af9: shutdown FollowerState
2019-10-15 16:11:48,658 [grpc-default-executor-5] INFO  impl.RoleInfo (RoleInfo.java:updateAndGet(143)) - 2ec85f63-33fb-4317-9145-71357d145af9: start FollowerState
2019-10-15 16:11:48,658 [Thread-1041] INFO  impl.FollowerState (FollowerState.java:run(117)) - 2ec85f63-33fb-4317-9145-71357d145af9@group-B2671EB745D2-FollowerState was interrupted: java.lang.InterruptedException: sleep interrupted
2019-10-15 16:11:48,669 [25d6372c-77fd-4a39-ac2a-e48debad48df@group-B2671EB745D2-LeaderElection126] INFO  impl.LeaderElection (LeaderElection.java:logAndReturn(56)) - 25d6372c-77fd-4a39-ac2a-e48debad48df@group-B2671EB745D2-LeaderElection126: Election REJECTED; received 2 response(s) [25d6372c-77fd-4a39-ac2a-e48debad48df<-50423279-f647-4a18-8e85-347d68eaf856#0:FAIL-t133, 25d6372c-77fd-4a39-ac2a-e48debad48df<-2ec85f63-33fb-4317-9145-71357d145af9#0:FAIL-t133] and 0 exception(s); 25d6372c-77fd-4a39-ac2a-e48debad48df@group-B2671EB745D2:t133, leader=null, voted=25d6372c-77fd-4a39-ac2a-e48debad48df, raftlog=25d6372c-77fd-4a39-ac2a-e48debad48df@group-B2671EB745D2-SegmentedRaftLog:OPENED:c-1,f-1,i0, conf=-1: [50423279-f647-4a18-8e85-347d68eaf856:192.168.69.88:39583, 2ec85f63-33fb-4317-9145-71357d145af9:192.168.69.88:42357, 25d6372c-77fd-4a39-ac2a-e48debad48df:192.168.69.88:39591], old=null
2019-10-15 16:11:48,669 [25d6372c-77fd-4a39-ac2a-e48debad48df@group-B2671EB745D2-LeaderElection126] INFO  impl.RaftServerImpl (RaftServerImpl.java:setRole(184)) - 25d6372c-77fd-4a39-ac2a-e48debad48df@group-B2671EB745D2: changes role from CANDIDATE to FOLLOWER at term 133 for DISCOVERED_A_NEW_TERM
2019-10-15 16:11:48,669 [25d6372c-77fd-4a39-ac2a-e48debad48df@group-B2671EB745D2-LeaderElection126] INFO  impl.RoleInfo (RoleInfo.java:shutdownLeaderElection(134)) - 25d6372c-77fd-4a39-ac2a-e48debad48df: shutdown LeaderElection
2019-10-15 16:11:48,669 [25d6372c-77fd-4a39-ac2a-e48debad48df@group-B2671EB745D2-LeaderElection126] INFO  impl.RoleInfo (RoleInfo.java:updateAndGet(143)) - 25d6372c-77fd-4a39-ac2a-e48debad48df: start FollowerState
2019-10-15 16:11:48,721 [Thread-1049] INFO  impl.FollowerState (FollowerState.java:run(108)) - 25d6372c-77fd-4a39-ac2a-e48debad48df@group-B2671EB745D2-FollowerState: change to CANDIDATE, lastRpcTime:51ms, electionTimeout:51ms
2019-10-15 16:11:48,721 [Thread-1049] INFO  impl.RoleInfo (RoleInfo.java:shutdownFollowerState(121)) - 25d6372c-77fd-4a39-ac2a-e48debad48df: shutdown FollowerState
2019-10-15 16:11:48,721 [Thread-1049] INFO  impl.RaftServerImpl (RaftServerImpl.java:setRole(184)) - 25d6372c-77fd-4a39-ac2a-e48debad48df@group-B2671EB745D2: changes role from  FOLLOWER to CANDIDATE at term 133 for changeToCandidate
2019-10-15 16:11:48,721 [Thread-1049] INFO  impl.RoleInfo (RoleInfo.java:updateAndGet(143)) - 25d6372c-77fd-4a39-ac2a-e48debad48df: start LeaderElection
2019-10-15 16:11:48,872 [25d6372c-77fd-4a39-ac2a-e48debad48df@group-B2671EB745D2-LeaderElection127] INFO  impl.LeaderElection (LeaderElection.java:askForVotes(178)) - 25d6372c-77fd-4a39-ac2a-e48debad48df@group-B2671EB745D2-LeaderElection127: begin an election at term 134 for -1: [50423279-f647-4a18-8e85-347d68eaf856:192.168.69.88:39583, 2ec85f63-33fb-4317-9145-71357d145af9:192.168.69.88:42357, 25d6372c-77fd-4a39-ac2a-e48debad48df:192.168.69.88:39591], old=null
2019-10-15 16:11:48,878 [grpc-default-executor-0] INFO  impl.RaftServerImpl (RaftServerImpl.java:setRole(184)) - 2ec85f63-33fb-4317-9145-71357d145af9@group-B2671EB745D2: changes role from  FOLLOWER to FOLLOWER at term 134 for recognizeCandidate:25d6372c-77fd-4a39-ac2a-e48debad48df
2019-10-15 16:11:48,878 [grpc-default-executor-5] INFO  impl.RaftServerImpl (RaftServerImpl.java:setRole(184)) - 50423279-f647-4a18-8e85-347d68eaf856@group-B2671EB745D2: changes role from  FOLLOWER to FOLLOWER at term 134 for recognizeCandidate:25d6372c-77fd-4a39-ac2a-e48debad48df
2019-10-15 16:11:48,878 [grpc-default-executor-0] INFO  impl.RoleInfo (RoleInfo.java:shutdownFollowerState(121)) - 2ec85f63-33fb-4317-9145-71357d145af9: shutdown FollowerState
2019-10-15 16:11:48,878 [grpc-default-executor-5] INFO  impl.RoleInfo (RoleInfo.java:shutdownFollowerState(121)) - 50423279-f647-4a18-8e85-347d68eaf856: shutdown FollowerState
2019-10-15 16:11:48,878 [grpc-default-executor-0] INFO  impl.RoleInfo (RoleInfo.java:updateAndGet(143)) - 2ec85f63-33fb-4317-9145-71357d145af9: start FollowerState
2019-10-15 16:11:48,879 [Thread-1047] INFO  impl.FollowerState (FollowerState.java:run(117)) - 50423279-f647-4a18-8e85-347d68eaf856@group-B2671EB745D2-FollowerState was interrupted: java.lang.InterruptedException: sleep interrupted
2019-10-15 16:11:48,878 [grpc-default-executor-5] INFO  impl.RoleInfo (RoleInfo.java:updateAndGet(143)) - 50423279-f647-4a18-8e85-347d68eaf856: start FollowerState
2019-10-15 16:11:48,878 [Thread-1048] INFO  impl.FollowerState (FollowerState.java:run(117)) - 2ec85f63-33fb-4317-9145-71357d145af9@group-B2671EB745D2-FollowerState was interrupted: java.lang.InterruptedException: sleep interrupted
2019-10-15 16:11:48,899 [25d6372c-77fd-4a39-ac2a-e48debad48df@group-B2671EB745D2-LeaderElection127] INFO  impl.LeaderElection (LeaderElection.java:logAndReturn(56)) - 25d6372c-77fd-4a39-ac2a-e48debad48df@group-B2671EB745D2-LeaderElection127: Election REJECTED; received 2 response(s) [25d6372c-77fd-4a39-ac2a-e48debad48df<-2ec85f63-33fb-4317-9145-71357d145af9#0:FAIL-t134, 25d6372c-77fd-4a39-ac2a-e48debad48df<-50423279-f647-4a18-8e85-347d68eaf856#0:FAIL-t134] and 0 exception(s); 25d6372c-77fd-4a39-ac2a-e48debad48df@group-B2671EB745D2:t134, leader=null, voted=25d6372c-77fd-4a39-ac2a-e48debad48df, raftlog=25d6372c-77fd-4a39-ac2a-e48debad48df@group-B2671EB745D2-SegmentedRaftLog:OPENED:c-1,f-1,i0, conf=-1: [50423279-f647-4a18-8e85-347d68eaf856:192.168.69.88:39583, 2ec85f63-33fb-4317-9145-71357d145af9:192.168.69.88:42357, 25d6372c-77fd-4a39-ac2a-e48debad48df:192.168.69.88:39591], old=null
2019-10-15 16:11:48,900 [25d6372c-77fd-4a39-ac2a-e48debad48df@group-B2671EB745D2-LeaderElection127] INFO  impl.RaftServerImpl (RaftServerImpl.java:setRole(184)) - 25d6372c-77fd-4a39-ac2a-e48debad48df@group-B2671EB745D2: changes role from CANDIDATE to FOLLOWER at term 134 for DISCOVERED_A_NEW_TERM
2019-10-15 16:11:48,900 [25d6372c-77fd-4a39-ac2a-e48debad48df@group-B2671EB745D2-LeaderElection127] INFO  impl.RoleInfo (RoleInfo.java:shutdownLeaderElection(134)) - 25d6372c-77fd-4a39-ac2a-e48debad48df: shutdown LeaderElection
2019-10-15 16:11:48,900 [25d6372c-77fd-4a39-ac2a-e48debad48df@group-B2671EB745D2-LeaderElection127] INFO  impl.RoleInfo (RoleInfo.java:updateAndGet(143)) - 25d6372c-77fd-4a39-ac2a-e48debad48df: start FollowerState
2019-10-15 16:11:49,017 [Thread-1055] INFO  impl.FollowerState (FollowerState.java:run(108)) - 25d6372c-77fd-4a39-ac2a-e48debad48df@group-B2671EB745D2-FollowerState: change to CANDIDATE, lastRpcTime:117ms, electionTimeout:117ms
2019-10-15 16:11:49,018 [Thread-1055] INFO  impl.RoleInfo (RoleInfo.java:shutdownFollowerState(121)) - 25d6372c-77fd-4a39-ac2a-e48debad48df: shutdown FollowerState
2019-10-15 16:11:49,018 [Thread-1055] INFO  impl.RaftServerImpl (RaftServerImpl.java:setRole(184)) - 25d6372c-77fd-4a39-ac2a-e48debad48df@group-B2671EB745D2: changes role from  FOLLOWER to CANDIDATE at term 134 for changeToCandidate
2019-10-15 16:11:49,018 [Thread-1055] INFO  impl.RoleInfo (RoleInfo.java:updateAndGet(143)) - 25d6372c-77fd-4a39-ac2a-e48debad48df: start LeaderElection
2019-10-15 16:11:49,027 [25d6372c-77fd-4a39-ac2a-e48debad48df@group-B2671EB745D2-LeaderElection128] INFO  impl.LeaderElection (LeaderElection.java:askForVotes(178)) - 25d6372c-77fd-4a39-ac2a-e48debad48df@group-B2671EB745D2-LeaderElection128: begin an election at term 135 for -1: [50423279-f647-4a18-8e85-347d68eaf856:192.168.69.88:39583, 2ec85f63-33fb-4317-9145-71357d145af9:192.168.69.88:42357, 25d6372c-77fd-4a39-ac2a-e48debad48df:192.168.69.88:39591], old=null
2019-10-15 16:11:49,029 [grpc-default-executor-5] INFO  impl.RaftServerImpl (RaftServerImpl.java:setRole(184)) - 50423279-f647-4a18-8e85-347d68eaf856@group-B2671EB745D2: changes role from  FOLLOWER to FOLLOWER at term 135 for recognizeCandidate:25d6372c-77fd-4a39-ac2a-e48debad48df
2019-10-15 16:11:49,029 [grpc-default-executor-0] INFO  impl.RaftServerImpl (RaftServerImpl.java:setRole(184)) - 2ec85f63-33fb-4317-9145-71357d145af9@group-B2671EB745D2: changes role from  FOLLOWER to FOLLOWER at term 135 for recognizeCandidate:25d6372c-77fd-4a39-ac2a-e48debad48df
2019-10-15 16:11:49,029 [grpc-default-executor-5] INFO  impl.RoleInfo (RoleInfo.java:shutdownFollowerState(121)) - 50423279-f647-4a18-8e85-347d68eaf856: shutdown FollowerState
2019-10-15 16:11:49,029 [grpc-default-executor-0] INFO  impl.RoleInfo (RoleInfo.java:shutdownFollowerState(121)) - 2ec85f63-33fb-4317-9145-71357d145af9: shutdown FollowerState
2019-10-15 16:11:49,029 [grpc-default-executor-5] INFO  impl.RoleInfo (RoleInfo.java:updateAndGet(143)) - 50423279-f647-4a18-8e85-347d68eaf856: start FollowerState
2019-10-15 16:11:49,029 [grpc-default-executor-0] INFO  impl.RoleInfo (RoleInfo.java:updateAndGet(143)) - 2ec85f63-33fb-4317-9145-71357d145af9: start FollowerState
2019-10-15 16:11:49,029 [Thread-1054] INFO  impl.FollowerState (FollowerState.java:run(117)) - 50423279-f647-4a18-8e85-347d68eaf856@group-B2671EB745D2-FollowerState was interrupted: java.lang.InterruptedException: sleep interrupted
2019-10-15 16:11:49,029 [Thread-1053] INFO  impl.FollowerState (FollowerState.java:run(117)) - 2ec85f63-33fb-4317-9145-71357d145af9@group-B2671EB745D2-FollowerState was interrupted: java.lang.InterruptedException: sleep interrupted
2019-10-15 16:11:49,057 [25d6372c-77fd-4a39-ac2a-e48debad48df@group-B2671EB745D2-LeaderElection128] INFO  impl.LeaderElection (LeaderElection.java:logAndReturn(56)) - 25d6372c-77fd-4a39-ac2a-e48debad48df@group-B2671EB745D2-LeaderElection128: Election REJECTED; received 2 response(s) [25d6372c-77fd-4a39-ac2a-e48debad48df<-2ec85f63-33fb-4317-9145-71357d145af9#0:FAIL-t135, 25d6372c-77fd-4a39-ac2a-e48debad48df<-50423279-f647-4a18-8e85-347d68eaf856#0:FAIL-t135] and 0 exception(s); 25d6372c-77fd-4a39-ac2a-e48debad48df@group-B2671EB745D2:t135, leader=null, voted=25d6372c-77fd-4a39-ac2a-e48debad48df, raftlog=25d6372c-77fd-4a39-ac2a-e48debad48df@group-B2671EB745D2-SegmentedRaftLog:OPENED:c-1,f-1,i0, conf=-1: [50423279-f647-4a18-8e85-347d68eaf856:192.168.69.88:39583, 2ec85f63-33fb-4317-9145-71357d145af9:192.168.69.88:42357, 25d6372c-77fd-4a39-ac2a-e48debad48df:192.168.69.88:39591], old=null
2019-10-15 16:11:49,058 [25d6372c-77fd-4a39-ac2a-e48debad48df@group-B2671EB745D2-LeaderElection128] INFO  impl.RaftServerImpl (RaftServerImpl.java:setRole(184)) - 25d6372c-77fd-4a39-ac2a-e48debad48df@group-B2671EB745D2: changes role from CANDIDATE to FOLLOWER at term 135 for DISCOVERED_A_NEW_TERM
2019-10-15 16:11:49,058 [25d6372c-77fd-4a39-ac2a-e48debad48df@group-B2671EB745D2-LeaderElection128] INFO  impl.RoleInfo (RoleInfo.java:shutdownLeaderElection(134)) - 25d6372c-77fd-4a39-ac2a-e48debad48df: shutdown LeaderElection
2019-10-15 16:11:49,058 [25d6372c-77fd-4a39-ac2a-e48debad48df@group-B2671EB745D2-LeaderElection128] INFO  impl.RoleInfo (RoleInfo.java:updateAndGet(143)) - 25d6372c-77fd-4a39-ac2a-e48debad48df: start FollowerState
2019-10-15 16:11:49,099 [Thread-1061] INFO  impl.FollowerState (FollowerState.java:run(108)) - 25d6372c-77fd-4a39-ac2a-e48debad48df@group-B2671EB745D2-FollowerState: change to CANDIDATE, lastRpcTime:41ms, electionTimeout:41ms
2019-10-15 16:11:49,100 [Thread-1061] INFO  impl.RoleInfo (RoleInfo.java:shutdownFollowerState(121)) - 25d6372c-77fd-4a39-ac2a-e48debad48df: shutdown FollowerState
2019-10-15 16:11:49,100 [Thread-1061] INFO  impl.RaftServerImpl (RaftServerImpl.java:setRole(184)) - 25d6372c-77fd-4a39-ac2a-e48debad48df@group-B2671EB745D2: changes role from  FOLLOWER to CANDIDATE at term 135 for changeToCandidate
2019-10-15 16:11:49,100 [Thread-1061] INFO  impl.RoleInfo (RoleInfo.java:updateAndGet(143)) - 25d6372c-77fd-4a39-ac2a-e48debad48df: start LeaderElection
2019-10-15 16:11:49,117 [25d6372c-77fd-4a39-ac2a-e48debad48df@group-B2671EB745D2-LeaderElection129] INFO  impl.LeaderElection (LeaderElection.java:askForVotes(178)) - 25d6372c-77fd-4a39-ac2a-e48debad48df@group-B2671EB745D2-LeaderElection129: begin an election at term 136 for -1: [50423279-f647-4a18-8e85-347d68eaf856:192.168.69.88:39583, 2ec85f63-33fb-4317-9145-71357d145af9:192.168.69.88:42357, 25d6372c-77fd-4a39-ac2a-e48debad48df:192.168.69.88:39591], old=null
2019-10-15 16:11:49,119 [grpc-default-executor-5] INFO  impl.RaftServerImpl (RaftServerImpl.java:setRole(184)) - 50423279-f647-4a18-8e85-347d68eaf856@group-B2671EB745D2: changes role from  FOLLOWER to FOLLOWER at term 136 for recognizeCandidate:25d6372c-77fd-4a39-ac2a-e48debad48df
2019-10-15 16:11:49,119 [grpc-default-executor-0] INFO  impl.RaftServerImpl (RaftServerImpl.java:setRole(184)) - 2ec85f63-33fb-4317-9145-71357d145af9@group-B2671EB745D2: changes role from  FOLLOWER to FOLLOWER at term 136 for recognizeCandidate:25d6372c-77fd-4a39-ac2a-e48debad48df
2019-10-15 16:11:49,120 [grpc-default-executor-5] INFO  impl.RoleInfo (RoleInfo.java:shutdownFollowerState(121)) - 50423279-f647-4a18-8e85-347d68eaf856: shutdown FollowerState
2019-10-15 16:11:49,120 [grpc-default-executor-0] INFO  impl.RoleInfo (RoleInfo.java:shutdownFollowerState(121)) - 2ec85f63-33fb-4317-9145-71357d145af9: shutdown FollowerState
2019-10-15 16:11:49,120 [grpc-default-executor-5] INFO  impl.RoleInfo (RoleInfo.java:updateAndGet(143)) - 50423279-f647-4a18-8e85-347d68eaf856: start FollowerState
2019-10-15 16:11:49,120 [Thread-1060] INFO  impl.FollowerState (FollowerState.java:run(117)) - 2ec85f63-33fb-4317-9145-71357d145af9@group-B2671EB745D2-FollowerState was interrupted: java.lang.InterruptedException: sleep interrupted
2019-10-15 16:11:49,120 [grpc-default-executor-0] INFO  impl.RoleInfo (RoleInfo.java:updateAndGet(143)) - 2ec85f63-33fb-4317-9145-71357d145af9: start FollowerState
2019-10-15 16:11:49,120 [Thread-1059] INFO  impl.FollowerState (FollowerState.java:run(117)) - 50423279-f647-4a18-8e85-347d68eaf856@group-B2671EB745D2-FollowerState was interrupted: java.lang.InterruptedException: sleep interrupted
2019-10-15 16:11:49,130 [25d6372c-77fd-4a39-ac2a-e48debad48df@group-B2671EB745D2-LeaderElection129] INFO  impl.LeaderElection (LeaderElection.java:logAndReturn(56)) - 25d6372c-77fd-4a39-ac2a-e48debad48df@group-B2671EB745D2-LeaderElection129: Election REJECTED; received 2 response(s) [25d6372c-77fd-4a39-ac2a-e48debad48df<-2ec85f63-33fb-4317-9145-71357d145af9#0:FAIL-t136, 25d6372c-77fd-4a39-ac2a-e48debad48df<-50423279-f647-4a18-8e85-347d68eaf856#0:FAIL-t136] and 0 exception(s); 25d6372c-77fd-4a39-ac2a-e48debad48df@group-B2671EB745D2:t136, leader=null, voted=25d6372c-77fd-4a39-ac2a-e48debad48df, raftlog=25d6372c-77fd-4a39-ac2a-e48debad48df@group-B2671EB745D2-SegmentedRaftLog:OPENED:c-1,f-1,i0, conf=-1: [50423279-f647-4a18-8e85-347d68eaf856:192.168.69.88:39583, 2ec85f63-33fb-4317-9145-71357d145af9:192.168.69.88:42357, 25d6372c-77fd-4a39-ac2a-e48debad48df:192.168.69.88:39591], old=null
2019-10-15 16:11:49,130 [25d6372c-77fd-4a39-ac2a-e48debad48df@group-B2671EB745D2-LeaderElection129] INFO  impl.RaftServerImpl (RaftServerImpl.java:setRole(184)) - 25d6372c-77fd-4a39-ac2a-e48debad48df@group-B2671EB745D2: changes role from CANDIDATE to FOLLOWER at term 136 for DISCOVERED_A_NEW_TERM
2019-10-15 16:11:49,130 [25d6372c-77fd-4a39-ac2a-e48debad48df@group-B2671EB745D2-LeaderElection129] INFO  impl.RoleInfo (RoleInfo.java:shutdownLeaderElection(134)) - 25d6372c-77fd-4a39-ac2a-e48debad48df: shutdown LeaderElection
2019-10-15 16:11:49,130 [25d6372c-77fd-4a39-ac2a-e48debad48df@group-B2671EB745D2-LeaderElection129] INFO  impl.RoleInfo (RoleInfo.java:updateAndGet(143)) - 25d6372c-77fd-4a39-ac2a-e48debad48df: start FollowerState
2019-10-15 16:11:49,327 [Thread-1067] INFO  impl.FollowerState (FollowerState.java:run(108)) - 25d6372c-77fd-4a39-ac2a-e48debad48df@group-B2671EB745D2-FollowerState: change to CANDIDATE, lastRpcTime:197ms, electionTimeout:197ms
2019-10-15 16:11:49,329 [Thread-1067] INFO  impl.RoleInfo (RoleInfo.java:shutdownFollowerState(121)) - 25d6372c-77fd-4a39-ac2a-e48debad48df: shutdown FollowerState
2019-10-15 16:11:49,330 [Thread-1067] INFO  impl.RaftServerImpl (RaftServerImpl.java:setRole(184)) - 25d6372c-77fd-4a39-ac2a-e48debad48df@group-B2671EB745D2: changes role from  FOLLOWER to CANDIDATE at term 136 for changeToCandidate
2019-10-15 16:11:49,330 [Thread-1067] INFO  impl.RoleInfo (RoleInfo.java:updateAndGet(143)) - 25d6372c-77fd-4a39-ac2a-e48debad48df: start LeaderElection
2019-10-15 16:11:49,346 [25d6372c-77fd-4a39-ac2a-e48debad48df@group-B2671EB745D2-LeaderElection130] INFO  impl.LeaderElection (LeaderElection.java:askForVotes(178)) - 25d6372c-77fd-4a39-ac2a-e48debad48df@group-B2671EB745D2-LeaderElection130: begin an election at term 137 for -1: [50423279-f647-4a18-8e85-347d68eaf856:192.168.69.88:39583, 2ec85f63-33fb-4317-9145-71357d145af9:192.168.69.88:42357, 25d6372c-77fd-4a39-ac2a-e48debad48df:192.168.69.88:39591], old=null
2019-10-15 16:11:49,348 [grpc-default-executor-0] INFO  impl.RaftServerImpl (RaftServerImpl.java:setRole(184)) - 50423279-f647-4a18-8e85-347d68eaf856@group-B2671EB745D2: changes role from  FOLLOWER to FOLLOWER at term 137 for recognizeCandidate:25d6372c-77fd-4a39-ac2a-e48debad48df
2019-10-15 16:11:49,348 [grpc-default-executor-0] INFO  impl.RoleInfo (RoleInfo.java:shutdownFollowerState(121)) - 50423279-f647-4a18-8e85-347d68eaf856: shutdown FollowerState
2019-10-15 16:11:49,349 [grpc-default-executor-0] INFO  impl.RoleInfo (RoleInfo.java:updateAndGet(143)) - 50423279-f647-4a18-8e85-347d68eaf856: start FollowerState
2019-10-15 16:11:49,349 [grpc-default-executor-5] INFO  impl.RaftServerImpl (RaftServerImpl.java:setRole(184)) - 2ec85f63-33fb-4317-9145-71357d145af9@group-B2671EB745D2: changes role from  FOLLOWER to FOLLOWER at term 137 for recognizeCandidate:25d6372c-77fd-4a39-ac2a-e48debad48df
2019-10-15 16:11:49,349 [Thread-1065] INFO  impl.FollowerState (FollowerState.java:run(117)) - 50423279-f647-4a18-8e85-347d68eaf856@group-B2671EB745D2-FollowerState was interrupted: java.lang.InterruptedException: sleep interrupted
2019-10-15 16:11:49,349 [grpc-default-executor-5] INFO  impl.RoleInfo (RoleInfo.java:shutdownFollowerState(121)) - 2ec85f63-33fb-4317-9145-71357d145af9: shutdown FollowerState
2019-10-15 16:11:49,349 [grpc-default-executor-5] INFO  impl.RoleInfo (RoleInfo.java:updateAndGet(143)) - 2ec85f63-33fb-4317-9145-71357d145af9: start FollowerState
2019-10-15 16:11:49,349 [Thread-1066] INFO  impl.FollowerState (FollowerState.java:run(117)) - 2ec85f63-33fb-4317-9145-71357d145af9@group-B2671EB745D2-FollowerState was interrupted: java.lang.InterruptedException: sleep interrupted
2019-10-15 16:11:49,356 [25d6372c-77fd-4a39-ac2a-e48debad48df@group-B2671EB745D2-LeaderElection130] INFO  impl.LeaderElection (LeaderElection.java:logAndReturn(56)) - 25d6372c-77fd-4a39-ac2a-e48debad48df@group-B2671EB745D2-LeaderElection130: Election REJECTED; received 2 response(s) [25d6372c-77fd-4a39-ac2a-e48debad48df<-50423279-f647-4a18-8e85-347d68eaf856#0:FAIL-t137, 25d6372c-77fd-4a39-ac2a-e48debad48df<-2ec85f63-33fb-4317-9145-71357d145af9#0:FAIL-t137] and 0 exception(s); 25d6372c-77fd-4a39-ac2a-e48debad48df@group-B2671EB745D2:t137, leader=null, voted=25d6372c-77fd-4a39-ac2a-e48debad48df, raftlog=25d6372c-77fd-4a39-ac2a-e48debad48df@group-B2671EB745D2-SegmentedRaftLog:OPENED:c-1,f-1,i0, conf=-1: [50423279-f647-4a18-8e85-347d68eaf856:192.168.69.88:39583, 2ec85f63-33fb-4317-9145-71357d145af9:192.168.69.88:42357, 25d6372c-77fd-4a39-ac2a-e48debad48df:192.168.69.88:39591], old=null
2019-10-15 16:11:49,356 [25d6372c-77fd-4a39-ac2a-e48debad48df@group-B2671EB745D2-LeaderElection130] INFO  impl.RaftServerImpl (RaftServerImpl.java:setRole(184)) - 25d6372c-77fd-4a39-ac2a-e48debad48df@group-B2671EB745D2: changes role from CANDIDATE to FOLLOWER at term 137 for DISCOVERED_A_NEW_TERM
2019-10-15 16:11:49,356 [25d6372c-77fd-4a39-ac2a-e48debad48df@group-B2671EB745D2-LeaderElection130] INFO  impl.RoleInfo (RoleInfo.java:shutdownLeaderElection(134)) - 25d6372c-77fd-4a39-ac2a-e48debad48df: shutdown LeaderElection
2019-10-15 16:11:49,356 [25d6372c-77fd-4a39-ac2a-e48debad48df@group-B2671EB745D2-LeaderElection130] INFO  impl.RoleInfo (RoleInfo.java:updateAndGet(143)) - 25d6372c-77fd-4a39-ac2a-e48debad48df: start FollowerState
2019-10-15 16:11:49,372 [Thread-1075] INFO  impl.FollowerState (FollowerState.java:run(108)) - 25d6372c-77fd-4a39-ac2a-e48debad48df@group-B2671EB745D2-FollowerState: change to CANDIDATE, lastRpcTime:15ms, electionTimeout:15ms
2019-10-15 16:11:49,372 [Thread-1075] INFO  impl.RoleInfo (RoleInfo.java:shutdownFollowerState(121)) - 25d6372c-77fd-4a39-ac2a-e48debad48df: shutdown FollowerState
2019-10-15 16:11:49,372 [Thread-1075] INFO  impl.RaftServerImpl (RaftServerImpl.java:setRole(184)) - 25d6372c-77fd-4a39-ac2a-e48debad48df@group-B2671EB745D2: changes role from  FOLLOWER to CANDIDATE at term 137 for changeToCandidate
2019-10-15 16:11:49,372 [Thread-1075] INFO  impl.RoleInfo (RoleInfo.java:updateAndGet(143)) - 25d6372c-77fd-4a39-ac2a-e48debad48df: start LeaderElection
2019-10-15 16:11:49,389 [25d6372c-77fd-4a39-ac2a-e48debad48df@group-B2671EB745D2-LeaderElection131] INFO  impl.LeaderElection (LeaderElection.java:askForVotes(178)) - 25d6372c-77fd-4a39-ac2a-e48debad48df@group-B2671EB745D2-LeaderElection131: begin an election at term 138 for -1: [50423279-f647-4a18-8e85-347d68eaf856:192.168.69.88:39583, 2ec85f63-33fb-4317-9145-71357d145af9:192.168.69.88:42357, 25d6372c-77fd-4a39-ac2a-e48debad48df:192.168.69.88:39591], old=null
2019-10-15 16:11:49,391 [grpc-default-executor-5] INFO  impl.RaftServerImpl (RaftServerImpl.java:setRole(184)) - 2ec85f63-33fb-4317-9145-71357d145af9@group-B2671EB745D2: changes role from  FOLLOWER to FOLLOWER at term 138 for recognizeCandidate:25d6372c-77fd-4a39-ac2a-e48debad48df
2019-10-15 16:11:49,392 [grpc-default-executor-5] INFO  impl.RoleInfo (RoleInfo.java:shutdownFollowerState(121)) - 2ec85f63-33fb-4317-9145-71357d145af9: shutdown FollowerState
2019-10-15 16:11:49,392 [grpc-default-executor-5] INFO  impl.RoleInfo (RoleInfo.java:updateAndGet(143)) - 2ec85f63-33fb-4317-9145-71357d145af9: start FollowerState
2019-10-15 16:11:49,392 [Thread-1074] INFO  impl.FollowerState (FollowerState.java:run(117)) - 2ec85f63-33fb-4317-9145-71357d145af9@group-B2671EB745D2-FollowerState was interrupted: java.lang.InterruptedException: sleep interrupted
2019-10-15 16:11:49,392 [grpc-default-executor-0] INFO  impl.RaftServerImpl (RaftServerImpl.java:setRole(184)) - 50423279-f647-4a18-8e85-347d68eaf856@group-B2671EB745D2: changes role from  FOLLOWER to FOLLOWER at term 138 for recognizeCandidate:25d6372c-77fd-4a39-ac2a-e48debad48df
2019-10-15 16:11:49,392 [grpc-default-executor-0] INFO  impl.RoleInfo (RoleInfo.java:shutdownFollowerState(121)) - 50423279-f647-4a18-8e85-347d68eaf856: shutdown FollowerState
2019-10-15 16:11:49,392 [grpc-default-executor-0] INFO  impl.RoleInfo (RoleInfo.java:updateAndGet(143)) - 50423279-f647-4a18-8e85-347d68eaf856: start FollowerState
2019-10-15 16:11:49,392 [Thread-1073] INFO  impl.FollowerState (FollowerState.java:run(117)) - 50423279-f647-4a18-8e85-347d68eaf856@group-B2671EB745D2-FollowerState was interrupted: java.lang.InterruptedException: sleep interrupted
2019-10-15 16:11:49,407 [25d6372c-77fd-4a39-ac2a-e48debad48df@group-B2671EB745D2-LeaderElection131] INFO  impl.LeaderElection (LeaderElection.java:logAndReturn(56)) - 25d6372c-77fd-4a39-ac2a-e48debad48df@group-B2671EB745D2-LeaderElection131: Election REJECTED; received 2 response(s) [25d6372c-77fd-4a39-ac2a-e48debad48df<-2ec85f63-33fb-4317-9145-71357d145af9#0:FAIL-t138, 25d6372c-77fd-4a39-ac2a-e48debad48df<-50423279-f647-4a18-8e85-347d68eaf856#0:FAIL-t138] and 0 exception(s); 25d6372c-77fd-4a39-ac2a-e48debad48df@group-B2671EB745D2:t138, leader=null, voted=25d6372c-77fd-4a39-ac2a-e48debad48df, raftlog=25d6372c-77fd-4a39-ac2a-e48debad48df@group-B2671EB745D2-SegmentedRaftLog:OPENED:c-1,f-1,i0, conf=-1: [50423279-f647-4a18-8e85-347d68eaf856:192.168.69.88:39583, 2ec85f63-33fb-4317-9145-71357d145af9:192.168.69.88:42357, 25d6372c-77fd-4a39-ac2a-e48debad48df:192.168.69.88:39591], old=null
2019-10-15 16:11:49,408 [25d6372c-77fd-4a39-ac2a-e48debad48df@group-B2671EB745D2-LeaderElection131] INFO  impl.RaftServerImpl (RaftServerImpl.java:setRole(184)) - 25d6372c-77fd-4a39-ac2a-e48debad48df@group-B2671EB745D2: changes role from CANDIDATE to FOLLOWER at term 138 for DISCOVERED_A_NEW_TERM
2019-10-15 16:11:49,408 [25d6372c-77fd-4a39-ac2a-e48debad48df@group-B2671EB745D2-LeaderElection131] INFO  impl.RoleInfo (RoleInfo.java:shutdownLeaderElection(134)) - 25d6372c-77fd-4a39-ac2a-e48debad48df: shutdown LeaderElection
2019-10-15 16:11:49,408 [25d6372c-77fd-4a39-ac2a-e48debad48df@group-B2671EB745D2-LeaderElection131] INFO  impl.RoleInfo (RoleInfo.java:updateAndGet(143)) - 25d6372c-77fd-4a39-ac2a-e48debad48df: start FollowerState
2019-10-15 16:11:49,500 [Thread-1081] INFO  impl.FollowerState (FollowerState.java:run(108)) - 25d6372c-77fd-4a39-ac2a-e48debad48df@group-B2671EB745D2-FollowerState: change to CANDIDATE, lastRpcTime:92ms, electionTimeout:92ms
2019-10-15 16:11:49,501 [Thread-1081] INFO  impl.RoleInfo (RoleInfo.java:shutdownFollowerState(121)) - 25d6372c-77fd-4a39-ac2a-e48debad48df: shutdown FollowerState
2019-10-15 16:11:49,501 [Thread-1081] INFO  impl.RaftServerImpl (RaftServerImpl.java:setRole(184)) - 25d6372c-77fd-4a39-ac2a-e48debad48df@group-B2671EB745D2: changes role from  FOLLOWER to CANDIDATE at term 138 for changeToCandidate
2019-10-15 16:11:49,501 [Thread-1081] INFO  impl.RoleInfo (RoleInfo.java:updateAndGet(143)) - 25d6372c-77fd-4a39-ac2a-e48debad48df: start LeaderElection
2019-10-15 16:11:49,515 [25d6372c-77fd-4a39-ac2a-e48debad48df@group-B2671EB745D2-LeaderElection132] INFO  impl.LeaderElection (LeaderElection.java:askForVotes(178)) - 25d6372c-77fd-4a39-ac2a-e48debad48df@group-B2671EB745D2-LeaderElection132: begin an election at term 139 for -1: [50423279-f647-4a18-8e85-347d68eaf856:192.168.69.88:39583, 2ec85f63-33fb-4317-9145-71357d145af9:192.168.69.88:42357, 25d6372c-77fd-4a39-ac2a-e48debad48df:192.168.69.88:39591], old=null
2019-10-15 16:11:49,518 [grpc-default-executor-5] INFO  impl.RaftServerImpl (RaftServerImpl.java:setRole(184)) - 50423279-f647-4a18-8e85-347d68eaf856@group-B2671EB745D2: changes role from  FOLLOWER to FOLLOWER at term 139 for recognizeCandidate:25d6372c-77fd-4a39-ac2a-e48debad48df
2019-10-15 16:11:49,518 [grpc-default-executor-0] INFO  impl.RaftServerImpl (RaftServerImpl.java:setRole(184)) - 2ec85f63-33fb-4317-9145-71357d145af9@group-B2671EB745D2: changes role from  FOLLOWER to FOLLOWER at term 139 for recognizeCandidate:25d6372c-77fd-4a39-ac2a-e48debad48df
2019-10-15 16:11:49,518 [grpc-default-executor-5] INFO  impl.RoleInfo (RoleInfo.java:shutdownFollowerState(121)) - 50423279-f647-4a18-8e85-347d68eaf856: shutdown FollowerState
2019-10-15 16:11:49,518 [grpc-default-executor-0] INFO  impl.RoleInfo (RoleInfo.java:shutdownFollowerState(121)) - 2ec85f63-33fb-4317-9145-71357d145af9: shutdown FollowerState
2019-10-15 16:11:49,518 [grpc-default-executor-5] INFO  impl.RoleInfo (RoleInfo.java:updateAndGet(143)) - 50423279-f647-4a18-8e85-347d68eaf856: start FollowerState
2019-10-15 16:11:49,518 [Thread-1080] INFO  impl.FollowerState (FollowerState.java:run(117)) - 50423279-f647-4a18-8e85-347d68eaf856@group-B2671EB745D2-FollowerState was interrupted: java.lang.InterruptedException: sleep interrupted
2019-10-15 16:11:49,519 [Thread-1079] INFO  impl.FollowerState (FollowerState.java:run(117)) - 2ec85f63-33fb-4317-9145-71357d145af9@group-B2671EB745D2-FollowerState was interrupted: java.lang.InterruptedException: sleep interrupted
2019-10-15 16:11:49,518 [grpc-default-executor-0] INFO  impl.RoleInfo (RoleInfo.java:updateAndGet(143)) - 2ec85f63-33fb-4317-9145-71357d145af9: start FollowerState
2019-10-15 16:11:49,533 [25d6372c-77fd-4a39-ac2a-e48debad48df@group-B2671EB745D2-LeaderElection132] INFO  impl.LeaderElection (LeaderElection.java:logAndReturn(56)) - 25d6372c-77fd-4a39-ac2a-e48debad48df@group-B2671EB745D2-LeaderElection132: Election REJECTED; received 2 response(s) [25d6372c-77fd-4a39-ac2a-e48debad48df<-50423279-f647-4a18-8e85-347d68eaf856#0:FAIL-t139, 25d6372c-77fd-4a39-ac2a-e48debad48df<-2ec85f63-33fb-4317-9145-71357d145af9#0:FAIL-t139] and 0 exception(s); 25d6372c-77fd-4a39-ac2a-e48debad48df@group-B2671EB745D2:t139, leader=null, voted=25d6372c-77fd-4a39-ac2a-e48debad48df, raftlog=25d6372c-77fd-4a39-ac2a-e48debad48df@group-B2671EB745D2-SegmentedRaftLog:OPENED:c-1,f-1,i0, conf=-1: [50423279-f647-4a18-8e85-347d68eaf856:192.168.69.88:39583, 2ec85f63-33fb-4317-9145-71357d145af9:192.168.69.88:42357, 25d6372c-77fd-4a39-ac2a-e48debad48df:192.168.69.88:39591], old=null
2019-10-15 16:11:49,533 [25d6372c-77fd-4a39-ac2a-e48debad48df@group-B2671EB745D2-LeaderElection132] INFO  impl.RaftServerImpl (RaftServerImpl.java:setRole(184)) - 25d6372c-77fd-4a39-ac2a-e48debad48df@group-B2671EB745D2: changes role from CANDIDATE to FOLLOWER at term 139 for DISCOVERED_A_NEW_TERM
2019-10-15 16:11:49,533 [25d6372c-77fd-4a39-ac2a-e48debad48df@group-B2671EB745D2-LeaderElection132] INFO  impl.RoleInfo (RoleInfo.java:shutdownLeaderElection(134)) - 25d6372c-77fd-4a39-ac2a-e48debad48df: shutdown LeaderElection
2019-10-15 16:11:49,533 [25d6372c-77fd-4a39-ac2a-e48debad48df@group-B2671EB745D2-LeaderElection132] INFO  impl.RoleInfo (RoleInfo.java:updateAndGet(143)) - 25d6372c-77fd-4a39-ac2a-e48debad48df: start FollowerState
2019-10-15 16:11:49,675 [Thread-1087] INFO  impl.FollowerState (FollowerState.java:run(108)) - 25d6372c-77fd-4a39-ac2a-e48debad48df@group-B2671EB745D2-FollowerState: change to CANDIDATE, lastRpcTime:141ms, electionTimeout:141ms
2019-10-15 16:11:49,676 [Thread-1087] INFO  impl.RoleInfo (RoleInfo.java:shutdownFollowerState(121)) - 25d6372c-77fd-4a39-ac2a-e48debad48df: shutdown FollowerState
2019-10-15 16:11:49,676 [Thread-1087] INFO  impl.RaftServerImpl (RaftServerImpl.java:setRole(184)) - 25d6372c-77fd-4a39-ac2a-e48debad48df@group-B2671EB745D2: changes role from  FOLLOWER to CANDIDATE at term 139 for changeToCandidate
2019-10-15 16:11:49,677 [Thread-1087] INFO  impl.RoleInfo (RoleInfo.java:updateAndGet(143)) - 25d6372c-77fd-4a39-ac2a-e48debad48df: start LeaderElection
2019-10-15 16:11:49,691 [25d6372c-77fd-4a39-ac2a-e48debad48df@group-B2671EB745D2-LeaderElection133] INFO  impl.LeaderElection (LeaderElection.java:askForVotes(178)) - 25d6372c-77fd-4a39-ac2a-e48debad48df@group-B2671EB745D2-LeaderElection133: begin an election at term 140 for -1: [50423279-f647-4a18-8e85-347d68eaf856:192.168.69.88:39583, 2ec85f63-33fb-4317-9145-71357d145af9:192.168.69.88:42357, 25d6372c-77fd-4a39-ac2a-e48debad48df:192.168.69.88:39591], old=null
2019-10-15 16:11:49,696 [grpc-default-executor-0] INFO  impl.RaftServerImpl (RaftServerImpl.java:setRole(184)) - 50423279-f647-4a18-8e85-347d68eaf856@group-B2671EB745D2: changes role from  FOLLOWER to FOLLOWER at term 140 for recognizeCandidate:25d6372c-77fd-4a39-ac2a-e48debad48df
2019-10-15 16:11:49,696 [grpc-default-executor-0] INFO  impl.RoleInfo (RoleInfo.java:shutdownFollowerState(121)) - 50423279-f647-4a18-8e85-347d68eaf856: shutdown FollowerState
2019-10-15 16:11:49,696 [grpc-default-executor-0] INFO  impl.RoleInfo (RoleInfo.java:updateAndGet(143)) - 50423279-f647-4a18-8e85-347d68eaf856: start FollowerState
2019-10-15 16:11:49,697 [Thread-1085] INFO  impl.FollowerState (FollowerState.java:run(117)) - 50423279-f647-4a18-8e85-347d68eaf856@group-B2671EB745D2-FollowerState was interrupted: java.lang.InterruptedException: sleep interrupted
2019-10-15 16:11:49,697 [grpc-default-executor-5] INFO  impl.RaftServerImpl (RaftServerImpl.java:setRole(184)) - 2ec85f63-33fb-4317-9145-71357d145af9@group-B2671EB745D2: changes role from  FOLLOWER to FOLLOWER at term 140 for recognizeCandidate:25d6372c-77fd-4a39-ac2a-e48debad48df
2019-10-15 16:11:49,697 [grpc-default-executor-5] INFO  impl.RoleInfo (RoleInfo.java:shutdownFollowerState(121)) - 2ec85f63-33fb-4317-9145-71357d145af9: shutdown FollowerState
2019-10-15 16:11:49,697 [grpc-default-executor-5] INFO  impl.RoleInfo (RoleInfo.java:updateAndGet(143)) - 2ec85f63-33fb-4317-9145-71357d145af9: start FollowerState
2019-10-15 16:11:49,697 [Thread-1086] INFO  impl.FollowerState (FollowerState.java:run(117)) - 2ec85f63-33fb-4317-9145-71357d145af9@group-B2671EB745D2-FollowerState was interrupted: java.lang.InterruptedException: sleep interrupted
2019-10-15 16:11:49,711 [25d6372c-77fd-4a39-ac2a-e48debad48df@group-B2671EB745D2-LeaderElection133] INFO  impl.LeaderElection (LeaderElection.java:logAndReturn(56)) - 25d6372c-77fd-4a39-ac2a-e48debad48df@group-B2671EB745D2-LeaderElection133: Election REJECTED; received 2 response(s) [25d6372c-77fd-4a39-ac2a-e48debad48df<-50423279-f647-4a18-8e85-347d68eaf856#0:FAIL-t140, 25d6372c-77fd-4a39-ac2a-e48debad48df<-2ec85f63-33fb-4317-9145-71357d145af9#0:FAIL-t140] and 0 exception(s); 25d6372c-77fd-4a39-ac2a-e48debad48df@group-B2671EB745D2:t140, leader=null, voted=25d6372c-77fd-4a39-ac2a-e48debad48df, raftlog=25d6372c-77fd-4a39-ac2a-e48debad48df@group-B2671EB745D2-SegmentedRaftLog:OPENED:c-1,f-1,i0, conf=-1: [50423279-f647-4a18-8e85-347d68eaf856:192.168.69.88:39583, 2ec85f63-33fb-4317-9145-71357d145af9:192.168.69.88:42357, 25d6372c-77fd-4a39-ac2a-e48debad48df:192.168.69.88:39591], old=null
2019-10-15 16:11:49,712 [25d6372c-77fd-4a39-ac2a-e48debad48df@group-B2671EB745D2-LeaderElection133] INFO  impl.RaftServerImpl (RaftServerImpl.java:setRole(184)) - 25d6372c-77fd-4a39-ac2a-e48debad48df@group-B2671EB745D2: changes role from CANDIDATE to FOLLOWER at term 140 for DISCOVERED_A_NEW_TERM
2019-10-15 16:11:49,712 [25d6372c-77fd-4a39-ac2a-e48debad48df@group-B2671EB745D2-LeaderElection133] INFO  impl.RoleInfo (RoleInfo.java:shutdownLeaderElection(134)) - 25d6372c-77fd-4a39-ac2a-e48debad48df: shutdown LeaderElection
2019-10-15 16:11:49,712 [25d6372c-77fd-4a39-ac2a-e48debad48df@group-B2671EB745D2-LeaderElection133] INFO  impl.RoleInfo (RoleInfo.java:updateAndGet(143)) - 25d6372c-77fd-4a39-ac2a-e48debad48df: start FollowerState
2019-10-15 16:11:49,771 [Thread-1093] INFO  impl.FollowerState (FollowerState.java:run(108)) - 25d6372c-77fd-4a39-ac2a-e48debad48df@group-B2671EB745D2-FollowerState: change to CANDIDATE, lastRpcTime:59ms, electionTimeout:59ms
2019-10-15 16:11:49,771 [Thread-1093] INFO  impl.RoleInfo (RoleInfo.java:shutdownFollowerState(121)) - 25d6372c-77fd-4a39-ac2a-e48debad48df: shutdown FollowerState
2019-10-15 16:11:49,771 [Thread-1093] INFO  impl.RaftServerImpl (RaftServerImpl.java:setRole(184)) - 25d6372c-77fd-4a39-ac2a-e48debad48df@group-B2671EB745D2: changes role from  FOLLOWER to CANDIDATE at term 140 for changeToCandidate
2019-10-15 16:11:49,772 [Thread-1093] INFO  impl.RoleInfo (RoleInfo.java:updateAndGet(143)) - 25d6372c-77fd-4a39-ac2a-e48debad48df: start LeaderElection
2019-10-15 16:11:49,785 [25d6372c-77fd-4a39-ac2a-e48debad48df@group-B2671EB745D2-LeaderElection134] INFO  impl.LeaderElection (LeaderElection.java:askForVotes(178)) - 25d6372c-77fd-4a39-ac2a-e48debad48df@group-B2671EB745D2-LeaderElection134: begin an election at term 141 for -1: [50423279-f647-4a18-8e85-347d68eaf856:192.168.69.88:39583, 2ec85f63-33fb-4317-9145-71357d145af9:192.168.69.88:42357, 25d6372c-77fd-4a39-ac2a-e48debad48df:192.168.69.88:39591], old=null
2019-10-15 16:11:49,788 [grpc-default-executor-5] INFO  impl.RaftServerImpl (RaftServerImpl.java:setRole(184)) - 2ec85f63-33fb-4317-9145-71357d145af9@group-B2671EB745D2: changes role from  FOLLOWER to FOLLOWER at term 141 for recognizeCandidate:25d6372c-77fd-4a39-ac2a-e48debad48df
2019-10-15 16:11:49,788 [grpc-default-executor-5] INFO  impl.RoleInfo (RoleInfo.java:shutdownFollowerState(121)) - 2ec85f63-33fb-4317-9145-71357d145af9: shutdown FollowerState
2019-10-15 16:11:49,788 [grpc-default-executor-0] INFO  impl.RaftServerImpl (RaftServerImpl.java:setRole(184)) - 50423279-f647-4a18-8e85-347d68eaf856@group-B2671EB745D2: changes role from  FOLLOWER to FOLLOWER at term 141 for recognizeCandidate:25d6372c-77fd-4a39-ac2a-e48debad48df
2019-10-15 16:11:49,789 [grpc-default-executor-0] INFO  impl.RoleInfo (RoleInfo.java:shutdownFollowerState(121)) - 50423279-f647-4a18-8e85-347d68eaf856: shutdown FollowerState
2019-10-15 16:11:49,789 [Thread-1092] INFO  impl.FollowerState (FollowerState.java:run(117)) - 2ec85f63-33fb-4317-9145-71357d145af9@group-B2671EB745D2-FollowerState was interrupted: java.lang.InterruptedException: sleep interrupted
2019-10-15 16:11:49,788 [grpc-default-executor-5] INFO  impl.RoleInfo (RoleInfo.java:updateAndGet(143)) - 2ec85f63-33fb-4317-9145-71357d145af9: start FollowerState
2019-10-15 16:11:49,789 [Thread-1091] INFO  impl.FollowerState (FollowerState.java:run(117)) - 50423279-f647-4a18-8e85-347d68eaf856@group-B2671EB745D2-FollowerState was interrupted: java.lang.InterruptedException: sleep interrupted
2019-10-15 16:11:49,789 [grpc-default-executor-0] INFO  impl.RoleInfo (RoleInfo.java:updateAndGet(143)) - 50423279-f647-4a18-8e85-347d68eaf856: start FollowerState
2019-10-15 16:11:49,804 [25d6372c-77fd-4a39-ac2a-e48debad48df@group-B2671EB745D2-LeaderElection134] INFO  impl.LeaderElection (LeaderElection.java:logAndReturn(56)) - 25d6372c-77fd-4a39-ac2a-e48debad48df@group-B2671EB745D2-LeaderElection134: Election REJECTED; received 2 response(s) [25d6372c-77fd-4a39-ac2a-e48debad48df<-50423279-f647-4a18-8e85-347d68eaf856#0:FAIL-t141, 25d6372c-77fd-4a39-ac2a-e48debad48df<-2ec85f63-33fb-4317-9145-71357d145af9#0:FAIL-t141] and 0 exception(s); 25d6372c-77fd-4a39-ac2a-e48debad48df@group-B2671EB745D2:t141, leader=null, voted=25d6372c-77fd-4a39-ac2a-e48debad48df, raftlog=25d6372c-77fd-4a39-ac2a-e48debad48df@group-B2671EB745D2-SegmentedRaftLog:OPENED:c-1,f-1,i0, conf=-1: [50423279-f647-4a18-8e85-347d68eaf856:192.168.69.88:39583, 2ec85f63-33fb-4317-9145-71357d145af9:192.168.69.88:42357, 25d6372c-77fd-4a39-ac2a-e48debad48df:192.168.69.88:39591], old=null
2019-10-15 16:11:49,805 [25d6372c-77fd-4a39-ac2a-e48debad48df@group-B2671EB745D2-LeaderElection134] INFO  impl.RaftServerImpl (RaftServerImpl.java:setRole(184)) - 25d6372c-77fd-4a39-ac2a-e48debad48df@group-B2671EB745D2: changes role from CANDIDATE to FOLLOWER at term 141 for DISCOVERED_A_NEW_TERM
2019-10-15 16:11:49,805 [25d6372c-77fd-4a39-ac2a-e48debad48df@group-B2671EB745D2-LeaderElection134] INFO  impl.RoleInfo (RoleInfo.java:shutdownLeaderElection(134)) - 25d6372c-77fd-4a39-ac2a-e48debad48df: shutdown LeaderElection
2019-10-15 16:11:49,805 [25d6372c-77fd-4a39-ac2a-e48debad48df@group-B2671EB745D2-LeaderElection134] INFO  impl.RoleInfo (RoleInfo.java:updateAndGet(143)) - 25d6372c-77fd-4a39-ac2a-e48debad48df: start FollowerState
2019-10-15 16:11:49,955 [Thread-1099] INFO  impl.FollowerState (FollowerState.java:run(108)) - 25d6372c-77fd-4a39-ac2a-e48debad48df@group-B2671EB745D2-FollowerState: change to CANDIDATE, lastRpcTime:150ms, electionTimeout:150ms
2019-10-15 16:11:49,955 [Thread-1099] INFO  impl.RoleInfo (RoleInfo.java:shutdownFollowerState(121)) - 25d6372c-77fd-4a39-ac2a-e48debad48df: shutdown FollowerState
2019-10-15 16:11:49,956 [Thread-1099] INFO  impl.RaftServerImpl (RaftServerImpl.java:setRole(184)) - 25d6372c-77fd-4a39-ac2a-e48debad48df@group-B2671EB745D2: changes role from  FOLLOWER to CANDIDATE at term 141 for changeToCandidate
2019-10-15 16:11:49,956 [Thread-1099] INFO  impl.RoleInfo (RoleInfo.java:updateAndGet(143)) - 25d6372c-77fd-4a39-ac2a-e48debad48df: start LeaderElection
2019-10-15 16:11:49,974 [25d6372c-77fd-4a39-ac2a-e48debad48df@group-B2671EB745D2-LeaderElection135] INFO  impl.LeaderElection (LeaderElection.java:askForVotes(178)) - 25d6372c-77fd-4a39-ac2a-e48debad48df@group-B2671EB745D2-LeaderElection135: begin an election at term 142 for -1: [50423279-f647-4a18-8e85-347d68eaf856:192.168.69.88:39583, 2ec85f63-33fb-4317-9145-71357d145af9:192.168.69.88:42357, 25d6372c-77fd-4a39-ac2a-e48debad48df:192.168.69.88:39591], old=null
2019-10-15 16:11:49,976 [grpc-default-executor-5] INFO  impl.RaftServerImpl (RaftServerImpl.java:setRole(184)) - 2ec85f63-33fb-4317-9145-71357d145af9@group-B2671EB745D2: changes role from  FOLLOWER to FOLLOWER at term 142 for recognizeCandidate:25d6372c-77fd-4a39-ac2a-e48debad48df
2019-10-15 16:11:49,977 [grpc-default-executor-5] INFO  impl.RoleInfo (RoleInfo.java:shutdownFollowerState(121)) - 2ec85f63-33fb-4317-9145-71357d145af9: shutdown FollowerState
2019-10-15 16:11:49,976 [grpc-default-executor-0] INFO  impl.RaftServerImpl (RaftServerImpl.java:setRole(184)) - 50423279-f647-4a18-8e85-347d68eaf856@group-B2671EB745D2: changes role from  FOLLOWER to FOLLOWER at term 142 for recognizeCandidate:25d6372c-77fd-4a39-ac2a-e48debad48df
2019-10-15 16:11:49,977 [Thread-1097] INFO  impl.FollowerState (FollowerState.java:run(117)) - 2ec85f63-33fb-4317-9145-71357d145af9@group-B2671EB745D2-FollowerState was interrupted: java.lang.InterruptedException: sleep interrupted
2019-10-15 16:11:49,977 [grpc-default-executor-5] INFO  impl.RoleInfo (RoleInfo.java:updateAndGet(143)) - 2ec85f63-33fb-4317-9145-71357d145af9: start FollowerState
2019-10-15 16:11:49,977 [grpc-default-executor-0] INFO  impl.RoleInfo (RoleInfo.java:shutdownFollowerState(121)) - 50423279-f647-4a18-8e85-347d68eaf856: shutdown FollowerState
2019-10-15 16:11:49,978 [grpc-default-executor-0] INFO  impl.RoleInfo (RoleInfo.java:updateAndGet(143)) - 50423279-f647-4a18-8e85-347d68eaf856: start FollowerState
2019-10-15 16:11:49,978 [Thread-1098] INFO  impl.FollowerState (FollowerState.java:run(117)) - 50423279-f647-4a18-8e85-347d68eaf856@group-B2671EB745D2-FollowerState was interrupted: java.lang.InterruptedException: sleep interrupted
2019-10-15 16:11:49,992 [25d6372c-77fd-4a39-ac2a-e48debad48df@group-B2671EB745D2-LeaderElection135] INFO  impl.LeaderElection (LeaderElection.java:logAndReturn(56)) - 25d6372c-77fd-4a39-ac2a-e48debad48df@group-B2671EB745D2-LeaderElection135: Election REJECTED; received 2 response(s) [25d6372c-77fd-4a39-ac2a-e48debad48df<-50423279-f647-4a18-8e85-347d68eaf856#0:FAIL-t142, 25d6372c-77fd-4a39-ac2a-e48debad48df<-2ec85f63-33fb-4317-9145-71357d145af9#0:FAIL-t142] and 0 exception(s); 25d6372c-77fd-4a39-ac2a-e48debad48df@group-B2671EB745D2:t142, leader=null, voted=25d6372c-77fd-4a39-ac2a-e48debad48df, raftlog=25d6372c-77fd-4a39-ac2a-e48debad48df@group-B2671EB745D2-SegmentedRaftLog:OPENED:c-1,f-1,i0, conf=-1: [50423279-f647-4a18-8e85-347d68eaf856:192.168.69.88:39583, 2ec85f63-33fb-4317-9145-71357d145af9:192.168.69.88:42357, 25d6372c-77fd-4a39-ac2a-e48debad48df:192.168.69.88:39591], old=null
2019-10-15 16:11:49,992 [25d6372c-77fd-4a39-ac2a-e48debad48df@group-B2671EB745D2-LeaderElection135] INFO  impl.RaftServerImpl (RaftServerImpl.java:setRole(184)) - 25d6372c-77fd-4a39-ac2a-e48debad48df@group-B2671EB745D2: changes role from CANDIDATE to FOLLOWER at term 142 for DISCOVERED_A_NEW_TERM
2019-10-15 16:11:49,992 [25d6372c-77fd-4a39-ac2a-e48debad48df@group-B2671EB745D2-LeaderElection135] INFO  impl.RoleInfo (RoleInfo.java:shutdownLeaderElection(134)) - 25d6372c-77fd-4a39-ac2a-e48debad48df: shutdown LeaderElection
2019-10-15 16:11:49,992 [25d6372c-77fd-4a39-ac2a-e48debad48df@group-B2671EB745D2-LeaderElection135] INFO  impl.RoleInfo (RoleInfo.java:updateAndGet(143)) - 25d6372c-77fd-4a39-ac2a-e48debad48df: start FollowerState
2019-10-15 16:11:50,080 [Thread-1105] INFO  impl.FollowerState (FollowerState.java:run(108)) - 25d6372c-77fd-4a39-ac2a-e48debad48df@group-B2671EB745D2-FollowerState: change to CANDIDATE, lastRpcTime:87ms, electionTimeout:87ms
2019-10-15 16:11:50,080 [Thread-1105] INFO  impl.RoleInfo (RoleInfo.java:shutdownFollowerState(121)) - 25d6372c-77fd-4a39-ac2a-e48debad48df: shutdown FollowerState
2019-10-15 16:11:50,080 [Thread-1105] INFO  impl.RaftServerImpl (RaftServerImpl.java:setRole(184)) - 25d6372c-77fd-4a39-ac2a-e48debad48df@group-B2671EB745D2: changes role from  FOLLOWER to CANDIDATE at term 142 for changeToCandidate
2019-10-15 16:11:50,080 [Thread-1105] INFO  impl.RoleInfo (RoleInfo.java:updateAndGet(143)) - 25d6372c-77fd-4a39-ac2a-e48debad48df: start LeaderElection
2019-10-15 16:11:50,094 [25d6372c-77fd-4a39-ac2a-e48debad48df@group-B2671EB745D2-LeaderElection136] INFO  impl.LeaderElection (LeaderElection.java:askForVotes(178)) - 25d6372c-77fd-4a39-ac2a-e48debad48df@group-B2671EB745D2-LeaderElection136: begin an election at term 143 for -1: [50423279-f647-4a18-8e85-347d68eaf856:192.168.69.88:39583, 2ec85f63-33fb-4317-9145-71357d145af9:192.168.69.88:42357, 25d6372c-77fd-4a39-ac2a-e48debad48df:192.168.69.88:39591], old=null
2019-10-15 16:11:50,098 [grpc-default-executor-0] INFO  impl.RaftServerImpl (RaftServerImpl.java:setRole(184)) - 50423279-f647-4a18-8e85-347d68eaf856@group-B2671EB745D2: changes role from  FOLLOWER to FOLLOWER at term 143 for recognizeCandidate:25d6372c-77fd-4a39-ac2a-e48debad48df
2019-10-15 16:11:50,098 [grpc-default-executor-0] INFO  impl.RoleInfo (RoleInfo.java:shutdownFollowerState(121)) - 50423279-f647-4a18-8e85-347d68eaf856: shutdown FollowerState
2019-10-15 16:11:50,098 [grpc-default-executor-5] INFO  impl.RaftServerImpl (RaftServerImpl.java:setRole(184)) - 2ec85f63-33fb-4317-9145-71357d145af9@group-B2671EB745D2: changes role from  FOLLOWER to FOLLOWER at term 143 for recognizeCandidate:25d6372c-77fd-4a39-ac2a-e48debad48df
2019-10-15 16:11:50,098 [Thread-1104] INFO  impl.FollowerState (FollowerState.java:run(117)) - 50423279-f647-4a18-8e85-347d68eaf856@group-B2671EB745D2-FollowerState was interrupted: java.lang.InterruptedException: sleep interrupted
2019-10-15 16:11:50,098 [grpc-default-executor-0] INFO  impl.RoleInfo (RoleInfo.java:updateAndGet(143)) - 50423279-f647-4a18-8e85-347d68eaf856: start FollowerState
2019-10-15 16:11:50,098 [grpc-default-executor-5] INFO  impl.RoleInfo (RoleInfo.java:shutdownFollowerState(121)) - 2ec85f63-33fb-4317-9145-71357d145af9: shutdown FollowerState
2019-10-15 16:11:50,099 [grpc-default-executor-5] INFO  impl.RoleInfo (RoleInfo.java:updateAndGet(143)) - 2ec85f63-33fb-4317-9145-71357d145af9: start FollowerState
2019-10-15 16:11:50,099 [Thread-1103] INFO  impl.FollowerState (FollowerState.java:run(117)) - 2ec85f63-33fb-4317-9145-71357d145af9@group-B2671EB745D2-FollowerState was interrupted: java.lang.InterruptedException: sleep interrupted
2019-10-15 16:11:50,114 [25d6372c-77fd-4a39-ac2a-e48debad48df@group-B2671EB745D2-LeaderElection136] INFO  impl.LeaderElection (LeaderElection.java:logAndReturn(56)) - 25d6372c-77fd-4a39-ac2a-e48debad48df@group-B2671EB745D2-LeaderElection136: Election REJECTED; received 2 response(s) [25d6372c-77fd-4a39-ac2a-e48debad48df<-50423279-f647-4a18-8e85-347d68eaf856#0:FAIL-t143, 25d6372c-77fd-4a39-ac2a-e48debad48df<-2ec85f63-33fb-4317-9145-71357d145af9#0:FAIL-t143] and 0 exception(s); 25d6372c-77fd-4a39-ac2a-e48debad48df@group-B2671EB745D2:t143, leader=null, voted=25d6372c-77fd-4a39-ac2a-e48debad48df, raftlog=25d6372c-77fd-4a39-ac2a-e48debad48df@group-B2671EB745D2-SegmentedRaftLog:OPENED:c-1,f-1,i0, conf=-1: [50423279-f647-4a18-8e85-347d68eaf856:192.168.69.88:39583, 2ec85f63-33fb-4317-9145-71357d145af9:192.168.69.88:42357, 25d6372c-77fd-4a39-ac2a-e48debad48df:192.168.69.88:39591], old=null
2019-10-15 16:11:50,114 [25d6372c-77fd-4a39-ac2a-e48debad48df@group-B2671EB745D2-LeaderElection136] INFO  impl.RaftServerImpl (RaftServerImpl.java:setRole(184)) - 25d6372c-77fd-4a39-ac2a-e48debad48df@group-B2671EB745D2: changes role from CANDIDATE to FOLLOWER at term 143 for DISCOVERED_A_NEW_TERM
2019-10-15 16:11:50,114 [25d6372c-77fd-4a39-ac2a-e48debad48df@group-B2671EB745D2-LeaderElection136] INFO  impl.RoleInfo (RoleInfo.java:shutdownLeaderElection(134)) - 25d6372c-77fd-4a39-ac2a-e48debad48df: shutdown LeaderElection
2019-10-15 16:11:50,114 [25d6372c-77fd-4a39-ac2a-e48debad48df@group-B2671EB745D2-LeaderElection136] INFO  impl.RoleInfo (RoleInfo.java:updateAndGet(143)) - 25d6372c-77fd-4a39-ac2a-e48debad48df: start FollowerState
2019-10-15 16:11:50,169 [Thread-1111] INFO  impl.FollowerState (FollowerState.java:run(108)) - 25d6372c-77fd-4a39-ac2a-e48debad48df@group-B2671EB745D2-FollowerState: change to CANDIDATE, lastRpcTime:54ms, electionTimeout:54ms
2019-10-15 16:11:50,169 [Thread-1111] INFO  impl.RoleInfo (RoleInfo.java:shutdownFollowerState(121)) - 25d6372c-77fd-4a39-ac2a-e48debad48df: shutdown FollowerState
2019-10-15 16:11:50,169 [Thread-1111] INFO  impl.RaftServerImpl (RaftServerImpl.java:setRole(184)) - 25d6372c-77fd-4a39-ac2a-e48debad48df@group-B2671EB745D2: changes role from  FOLLOWER to CANDIDATE at term 143 for changeToCandidate
2019-10-15 16:11:50,170 [Thread-1111] INFO  impl.RoleInfo (RoleInfo.java:updateAndGet(143)) - 25d6372c-77fd-4a39-ac2a-e48debad48df: start LeaderElection
2019-10-15 16:11:50,175 [25d6372c-77fd-4a39-ac2a-e48debad48df@group-B2671EB745D2-LeaderElection137] INFO  impl.LeaderElection (LeaderElection.java:askForVotes(178)) - 25d6372c-77fd-4a39-ac2a-e48debad48df@group-B2671EB745D2-LeaderElection137: begin an election at term 144 for -1: [50423279-f647-4a18-8e85-347d68eaf856:192.168.69.88:39583, 2ec85f63-33fb-4317-9145-71357d145af9:192.168.69.88:42357, 25d6372c-77fd-4a39-ac2a-e48debad48df:192.168.69.88:39591], old=null
2019-10-15 16:11:50,177 [grpc-default-executor-5] INFO  impl.RaftServerImpl (RaftServerImpl.java:setRole(184)) - 2ec85f63-33fb-4317-9145-71357d145af9@group-B2671EB745D2: changes role from  FOLLOWER to FOLLOWER at term 144 for recognizeCandidate:25d6372c-77fd-4a39-ac2a-e48debad48df
2019-10-15 16:11:50,177 [grpc-default-executor-0] INFO  impl.RaftServerImpl (RaftServerImpl.java:setRole(184)) - 50423279-f647-4a18-8e85-347d68eaf856@group-B2671EB745D2: changes role from  FOLLOWER to FOLLOWER at term 144 for recognizeCandidate:25d6372c-77fd-4a39-ac2a-e48debad48df
2019-10-15 16:11:50,178 [grpc-default-executor-0] INFO  impl.RoleInfo (RoleInfo.java:shutdownFollowerState(121)) - 50423279-f647-4a18-8e85-347d68eaf856: shutdown FollowerState
2019-10-15 16:11:50,177 [grpc-default-executor-5] INFO  impl.RoleInfo (RoleInfo.java:shutdownFollowerState(121)) - 2ec85f63-33fb-4317-9145-71357d145af9: shutdown FollowerState
2019-10-15 16:11:50,178 [grpc-default-executor-0] INFO  impl.RoleInfo (RoleInfo.java:updateAndGet(143)) - 50423279-f647-4a18-8e85-347d68eaf856: start FollowerState
2019-10-15 16:11:50,178 [Thread-1110] INFO  impl.FollowerState (FollowerState.java:run(117)) - 2ec85f63-33fb-4317-9145-71357d145af9@group-B2671EB745D2-FollowerState was interrupted: java.lang.InterruptedException: sleep interrupted
2019-10-15 16:11:50,178 [grpc-default-executor-5] INFO  impl.RoleInfo (RoleInfo.java:updateAndGet(143)) - 2ec85f63-33fb-4317-9145-71357d145af9: start FollowerState
2019-10-15 16:11:50,178 [Thread-1109] INFO  impl.FollowerState (FollowerState.java:run(117)) - 50423279-f647-4a18-8e85-347d68eaf856@group-B2671EB745D2-FollowerState was interrupted: java.lang.InterruptedException: sleep interrupted
2019-10-15 16:11:50,193 [25d6372c-77fd-4a39-ac2a-e48debad48df@group-B2671EB745D2-LeaderElection137] INFO  impl.LeaderElection (LeaderElection.java:logAndReturn(56)) - 25d6372c-77fd-4a39-ac2a-e48debad48df@group-B2671EB745D2-LeaderElection137: Election REJECTED; received 2 response(s) [25d6372c-77fd-4a39-ac2a-e48debad48df<-2ec85f63-33fb-4317-9145-71357d145af9#0:FAIL-t144, 25d6372c-77fd-4a39-ac2a-e48debad48df<-50423279-f647-4a18-8e85-347d68eaf856#0:FAIL-t144] and 0 exception(s); 25d6372c-77fd-4a39-ac2a-e48debad48df@group-B2671EB745D2:t144, leader=null, voted=25d6372c-77fd-4a39-ac2a-e48debad48df, raftlog=25d6372c-77fd-4a39-ac2a-e48debad48df@group-B2671EB745D2-SegmentedRaftLog:OPENED:c-1,f-1,i0, conf=-1: [50423279-f647-4a18-8e85-347d68eaf856:192.168.69.88:39583, 2ec85f63-33fb-4317-9145-71357d145af9:192.168.69.88:42357, 25d6372c-77fd-4a39-ac2a-e48debad48df:192.168.69.88:39591], old=null
2019-10-15 16:11:50,193 [25d6372c-77fd-4a39-ac2a-e48debad48df@group-B2671EB745D2-LeaderElection137] INFO  impl.RaftServerImpl (RaftServerImpl.java:setRole(184)) - 25d6372c-77fd-4a39-ac2a-e48debad48df@group-B2671EB745D2: changes role from CANDIDATE to FOLLOWER at term 144 for DISCOVERED_A_NEW_TERM
2019-10-15 16:11:50,193 [25d6372c-77fd-4a39-ac2a-e48debad48df@group-B2671EB745D2-LeaderElection137] INFO  impl.RoleInfo (RoleInfo.java:shutdownLeaderElection(134)) - 25d6372c-77fd-4a39-ac2a-e48debad48df: shutdown LeaderElection
2019-10-15 16:11:50,193 [25d6372c-77fd-4a39-ac2a-e48debad48df@group-B2671EB745D2-LeaderElection137] INFO  impl.RoleInfo (RoleInfo.java:updateAndGet(143)) - 25d6372c-77fd-4a39-ac2a-e48debad48df: start FollowerState
2019-10-15 16:11:50,336 [Thread-1117] INFO  impl.FollowerState (FollowerState.java:run(108)) - 25d6372c-77fd-4a39-ac2a-e48debad48df@group-B2671EB745D2-FollowerState: change to CANDIDATE, lastRpcTime:142ms, electionTimeout:142ms
2019-10-15 16:11:50,337 [Thread-1117] INFO  impl.RoleInfo (RoleInfo.java:shutdownFollowerState(121)) - 25d6372c-77fd-4a39-ac2a-e48debad48df: shutdown FollowerState
2019-10-15 16:11:50,338 [Thread-1117] INFO  impl.RaftServerImpl (RaftServerImpl.java:setRole(184)) - 25d6372c-77fd-4a39-ac2a-e48debad48df@group-B2671EB745D2: changes role from  FOLLOWER to CANDIDATE at term 144 for changeToCandidate
2019-10-15 16:11:50,338 [Thread-1117] INFO  impl.RoleInfo (RoleInfo.java:updateAndGet(143)) - 25d6372c-77fd-4a39-ac2a-e48debad48df: start LeaderElection
2019-10-15 16:11:50,351 [25d6372c-77fd-4a39-ac2a-e48debad48df@group-B2671EB745D2-LeaderElection138] INFO  impl.LeaderElection (LeaderElection.java:askForVotes(178)) - 25d6372c-77fd-4a39-ac2a-e48debad48df@group-B2671EB745D2-LeaderElection138: begin an election at term 145 for -1: [50423279-f647-4a18-8e85-347d68eaf856:192.168.69.88:39583, 2ec85f63-33fb-4317-9145-71357d145af9:192.168.69.88:42357, 25d6372c-77fd-4a39-ac2a-e48debad48df:192.168.69.88:39591], old=null
2019-10-15 16:11:50,353 [grpc-default-executor-0] INFO  impl.RaftServerImpl (RaftServerImpl.java:setRole(184)) - 50423279-f647-4a18-8e85-347d68eaf856@group-B2671EB745D2: changes role from  FOLLOWER to FOLLOWER at term 145 for recognizeCandidate:25d6372c-77fd-4a39-ac2a-e48debad48df
2019-10-15 16:11:50,353 [grpc-default-executor-0] INFO  impl.RoleInfo (RoleInfo.java:shutdownFollowerState(121)) - 50423279-f647-4a18-8e85-347d68eaf856: shutdown FollowerState
2019-10-15 16:11:50,354 [grpc-default-executor-0] INFO  impl.RoleInfo (RoleInfo.java:updateAndGet(143)) - 50423279-f647-4a18-8e85-347d68eaf856: start FollowerState
2019-10-15 16:11:50,354 [Thread-1115] INFO  impl.FollowerState (FollowerState.java:run(117)) - 50423279-f647-4a18-8e85-347d68eaf856@group-B2671EB745D2-FollowerState was interrupted: java.lang.InterruptedException: sleep interrupted
2019-10-15 16:11:50,354 [grpc-default-executor-5] INFO  impl.RaftServerImpl (RaftServerImpl.java:setRole(184)) - 2ec85f63-33fb-4317-9145-71357d145af9@group-B2671EB745D2: changes role from  FOLLOWER to FOLLOWER at term 145 for recognizeCandidate:25d6372c-77fd-4a39-ac2a-e48debad48df
2019-10-15 16:11:50,354 [grpc-default-executor-5] INFO  impl.RoleInfo (RoleInfo.java:shutdownFollowerState(121)) - 2ec85f63-33fb-4317-9145-71357d145af9: shutdown FollowerState
2019-10-15 16:11:50,354 [grpc-default-executor-5] INFO  impl.RoleInfo (RoleInfo.java:updateAndGet(143)) - 2ec85f63-33fb-4317-9145-71357d145af9: start FollowerState
2019-10-15 16:11:50,354 [Thread-1116] INFO  impl.FollowerState (FollowerState.java:run(117)) - 2ec85f63-33fb-4317-9145-71357d145af9@group-B2671EB745D2-FollowerState was interrupted: java.lang.InterruptedException: sleep interrupted
2019-10-15 16:11:50,368 [25d6372c-77fd-4a39-ac2a-e48debad48df@group-B2671EB745D2-LeaderElection138] INFO  impl.LeaderElection (LeaderElection.java:logAndReturn(56)) - 25d6372c-77fd-4a39-ac2a-e48debad48df@group-B2671EB745D2-LeaderElection138: Election REJECTED; received 2 response(s) [25d6372c-77fd-4a39-ac2a-e48debad48df<-2ec85f63-33fb-4317-9145-71357d145af9#0:FAIL-t145, 25d6372c-77fd-4a39-ac2a-e48debad48df<-50423279-f647-4a18-8e85-347d68eaf856#0:FAIL-t145] and 0 exception(s); 25d6372c-77fd-4a39-ac2a-e48debad48df@group-B2671EB745D2:t145, leader=null, voted=25d6372c-77fd-4a39-ac2a-e48debad48df, raftlog=25d6372c-77fd-4a39-ac2a-e48debad48df@group-B2671EB745D2-SegmentedRaftLog:OPENED:c-1,f-1,i0, conf=-1: [50423279-f647-4a18-8e85-347d68eaf856:192.168.69.88:39583, 2ec85f63-33fb-4317-9145-71357d145af9:192.168.69.88:42357, 25d6372c-77fd-4a39-ac2a-e48debad48df:192.168.69.88:39591], old=null
2019-10-15 16:11:50,368 [25d6372c-77fd-4a39-ac2a-e48debad48df@group-B2671EB745D2-LeaderElection138] INFO  impl.RaftServerImpl (RaftServerImpl.java:setRole(184)) - 25d6372c-77fd-4a39-ac2a-e48debad48df@group-B2671EB745D2: changes role from CANDIDATE to FOLLOWER at term 145 for DISCOVERED_A_NEW_TERM
2019-10-15 16:11:50,369 [25d6372c-77fd-4a39-ac2a-e48debad48df@group-B2671EB745D2-LeaderElection138] INFO  impl.RoleInfo (RoleInfo.java:shutdownLeaderElection(134)) - 25d6372c-77fd-4a39-ac2a-e48debad48df: shutdown LeaderElection
2019-10-15 16:11:50,369 [25d6372c-77fd-4a39-ac2a-e48debad48df@group-B2671EB745D2-LeaderElection138] INFO  impl.RoleInfo (RoleInfo.java:updateAndGet(143)) - 25d6372c-77fd-4a39-ac2a-e48debad48df: start FollowerState
2019-10-15 16:11:50,375 [Thread-1125] INFO  impl.FollowerState (FollowerState.java:run(108)) - 25d6372c-77fd-4a39-ac2a-e48debad48df@group-B2671EB745D2-FollowerState: change to CANDIDATE, lastRpcTime:6ms, electionTimeout:6ms
2019-10-15 16:11:50,375 [Thread-1125] INFO  impl.RoleInfo (RoleInfo.java:shutdownFollowerState(121)) - 25d6372c-77fd-4a39-ac2a-e48debad48df: shutdown FollowerState
2019-10-15 16:11:50,375 [Thread-1125] INFO  impl.RaftServerImpl (RaftServerImpl.java:setRole(184)) - 25d6372c-77fd-4a39-ac2a-e48debad48df@group-B2671EB745D2: changes role from  FOLLOWER to CANDIDATE at term 145 for changeToCandidate
2019-10-15 16:11:50,375 [Thread-1125] INFO  impl.RoleInfo (RoleInfo.java:updateAndGet(143)) - 25d6372c-77fd-4a39-ac2a-e48debad48df: start LeaderElection
2019-10-15 16:11:50,389 [25d6372c-77fd-4a39-ac2a-e48debad48df@group-B2671EB745D2-LeaderElection139] INFO  impl.LeaderElection (LeaderElection.java:askForVotes(178)) - 25d6372c-77fd-4a39-ac2a-e48debad48df@group-B2671EB745D2-LeaderElection139: begin an election at term 146 for -1: [50423279-f647-4a18-8e85-347d68eaf856:192.168.69.88:39583, 2ec85f63-33fb-4317-9145-71357d145af9:192.168.69.88:42357, 25d6372c-77fd-4a39-ac2a-e48debad48df:192.168.69.88:39591], old=null
2019-10-15 16:11:50,391 [grpc-default-executor-5] INFO  impl.RaftServerImpl (RaftServerImpl.java:setRole(184)) - 50423279-f647-4a18-8e85-347d68eaf856@group-B2671EB745D2: changes role from  FOLLOWER to FOLLOWER at term 146 for recognizeCandidate:25d6372c-77fd-4a39-ac2a-e48debad48df
2019-10-15 16:11:50,391 [grpc-default-executor-5] INFO  impl.RoleInfo (RoleInfo.java:shutdownFollowerState(121)) - 50423279-f647-4a18-8e85-347d68eaf856: shutdown FollowerState
2019-10-15 16:11:50,391 [grpc-default-executor-0] INFO  impl.RaftServerImpl (RaftServerImpl.java:setRole(184)) - 2ec85f63-33fb-4317-9145-71357d145af9@group-B2671EB745D2: changes role from  FOLLOWER to FOLLOWER at term 146 for recognizeCandidate:25d6372c-77fd-4a39-ac2a-e48debad48df
2019-10-15 16:11:50,391 [Thread-1123] INFO  impl.FollowerState (FollowerState.java:run(117)) - 50423279-f647-4a18-8e85-347d68eaf856@group-B2671EB745D2-FollowerState was interrupted: java.lang.InterruptedException: sleep interrupted
2019-10-15 16:11:50,391 [grpc-default-executor-5] INFO  impl.RoleInfo (RoleInfo.java:updateAndGet(143)) - 50423279-f647-4a18-8e85-347d68eaf856: start FollowerState
2019-10-15 16:11:50,391 [grpc-default-executor-0] INFO  impl.RoleInfo (RoleInfo.java:shutdownFollowerState(121)) - 2ec85f63-33fb-4317-9145-71357d145af9: shutdown FollowerState
2019-10-15 16:11:50,392 [grpc-default-executor-0] INFO  impl.RoleInfo (RoleInfo.java:updateAndGet(143)) - 2ec85f63-33fb-4317-9145-71357d145af9: start FollowerState
2019-10-15 16:11:50,392 [Thread-1124] INFO  impl.FollowerState (FollowerState.java:run(117)) - 2ec85f63-33fb-4317-9145-71357d145af9@group-B2671EB745D2-FollowerState was interrupted: java.lang.InterruptedException: sleep interrupted
2019-10-15 16:11:50,406 [25d6372c-77fd-4a39-ac2a-e48debad48df@group-B2671EB745D2-LeaderElection139] INFO  impl.LeaderElection (LeaderElection.java:logAndReturn(56)) - 25d6372c-77fd-4a39-ac2a-e48debad48df@group-B2671EB745D2-LeaderElection139: Election REJECTED; received 2 response(s) [25d6372c-77fd-4a39-ac2a-e48debad48df<-50423279-f647-4a18-8e85-347d68eaf856#0:FAIL-t146, 25d6372c-77fd-4a39-ac2a-e48debad48df<-2ec85f63-33fb-4317-9145-71357d145af9#0:FAIL-t146] and 0 exception(s); 25d6372c-77fd-4a39-ac2a-e48debad48df@group-B2671EB745D2:t146, leader=null, voted=25d6372c-77fd-4a39-ac2a-e48debad48df, raftlog=25d6372c-77fd-4a39-ac2a-e48debad48df@group-B2671EB745D2-SegmentedRaftLog:OPENED:c-1,f-1,i0, conf=-1: [50423279-f647-4a18-8e85-347d68eaf856:192.168.69.88:39583, 2ec85f63-33fb-4317-9145-71357d145af9:192.168.69.88:42357, 25d6372c-77fd-4a39-ac2a-e48debad48df:192.168.69.88:39591], old=null
2019-10-15 16:11:50,406 [25d6372c-77fd-4a39-ac2a-e48debad48df@group-B2671EB745D2-LeaderElection139] INFO  impl.RaftServerImpl (RaftServerImpl.java:setRole(184)) - 25d6372c-77fd-4a39-ac2a-e48debad48df@group-B2671EB745D2: changes role from CANDIDATE to FOLLOWER at term 146 for DISCOVERED_A_NEW_TERM
2019-10-15 16:11:50,406 [25d6372c-77fd-4a39-ac2a-e48debad48df@group-B2671EB745D2-LeaderElection139] INFO  impl.RoleInfo (RoleInfo.java:shutdownLeaderElection(134)) - 25d6372c-77fd-4a39-ac2a-e48debad48df: shutdown LeaderElection
2019-10-15 16:11:50,406 [25d6372c-77fd-4a39-ac2a-e48debad48df@group-B2671EB745D2-LeaderElection139] INFO  impl.RoleInfo (RoleInfo.java:updateAndGet(143)) - 25d6372c-77fd-4a39-ac2a-e48debad48df: start FollowerState
2019-10-15 16:11:50,502 [Thread-1131] INFO  impl.FollowerState (FollowerState.java:run(108)) - 25d6372c-77fd-4a39-ac2a-e48debad48df@group-B2671EB745D2-FollowerState: change to CANDIDATE, lastRpcTime:95ms, electionTimeout:95ms
2019-10-15 16:11:50,502 [Thread-1131] INFO  impl.RoleInfo (RoleInfo.java:shutdownFollowerState(121)) - 25d6372c-77fd-4a39-ac2a-e48debad48df: shutdown FollowerState
2019-10-15 16:11:50,502 [Thread-1131] INFO  impl.RaftServerImpl (RaftServerImpl.java:setRole(184)) - 25d6372c-77fd-4a39-ac2a-e48debad48df@group-B2671EB745D2: changes role from  FOLLOWER to CANDIDATE at term 146 for changeToCandidate
2019-10-15 16:11:50,502 [Thread-1131] INFO  impl.RoleInfo (RoleInfo.java:updateAndGet(143)) - 25d6372c-77fd-4a39-ac2a-e48debad48df: start LeaderElection
2019-10-15 16:11:50,514 [25d6372c-77fd-4a39-ac2a-e48debad48df@group-B2671EB745D2-LeaderElection140] INFO  impl.LeaderElection (LeaderElection.java:askForVotes(178)) - 25d6372c-77fd-4a39-ac2a-e48debad48df@group-B2671EB745D2-LeaderElection140: begin an election at term 147 for -1: [50423279-f647-4a18-8e85-347d68eaf856:192.168.69.88:39583, 2ec85f63-33fb-4317-9145-71357d145af9:192.168.69.88:42357, 25d6372c-77fd-4a39-ac2a-e48debad48df:192.168.69.88:39591], old=null
2019-10-15 16:11:50,516 [grpc-default-executor-5] INFO  impl.RaftServerImpl (RaftServerImpl.java:setRole(184)) - 50423279-f647-4a18-8e85-347d68eaf856@group-B2671EB745D2: changes role from  FOLLOWER to FOLLOWER at term 147 for recognizeCandidate:25d6372c-77fd-4a39-ac2a-e48debad48df
2019-10-15 16:11:50,516 [grpc-default-executor-0] INFO  impl.RaftServerImpl (RaftServerImpl.java:setRole(184)) - 2ec85f63-33fb-4317-9145-71357d145af9@group-B2671EB745D2: changes role from  FOLLOWER to FOLLOWER at term 147 for recognizeCandidate:25d6372c-77fd-4a39-ac2a-e48debad48df
2019-10-15 16:11:50,517 [grpc-default-executor-0] INFO  impl.RoleInfo (RoleInfo.java:shutdownFollowerState(121)) - 2ec85f63-33fb-4317-9145-71357d145af9: shutdown FollowerState
2019-10-15 16:11:50,517 [grpc-default-executor-5] INFO  impl.RoleInfo (RoleInfo.java:shutdownFollowerState(121)) - 50423279-f647-4a18-8e85-347d68eaf856: shutdown FollowerState
2019-10-15 16:11:50,517 [grpc-default-executor-0] INFO  impl.RoleInfo (RoleInfo.java:updateAndGet(143)) - 2ec85f63-33fb-4317-9145-71357d145af9: start FollowerState
2019-10-15 16:11:50,517 [Thread-1130] INFO  impl.FollowerState (FollowerState.java:run(117)) - 2ec85f63-33fb-4317-9145-71357d145af9@group-B2671EB745D2-FollowerState was interrupted: java.lang.InterruptedException: sleep interrupted
2019-10-15 16:11:50,517 [grpc-default-executor-5] INFO  impl.RoleInfo (RoleInfo.java:updateAndGet(143)) - 50423279-f647-4a18-8e85-347d68eaf856: start FollowerState
2019-10-15 16:11:50,517 [Thread-1129] INFO  impl.FollowerState (FollowerState.java:run(117)) - 50423279-f647-4a18-8e85-347d68eaf856@group-B2671EB745D2-FollowerState was interrupted: java.lang.InterruptedException: sleep interrupted
2019-10-15 16:11:50,533 [25d6372c-77fd-4a39-ac2a-e48debad48df@group-B2671EB745D2-LeaderElection140] INFO  impl.LeaderElection (LeaderElection.java:logAndReturn(56)) - 25d6372c-77fd-4a39-ac2a-e48debad48df@group-B2671EB745D2-LeaderElection140: Election REJECTED; received 2 response(s) [25d6372c-77fd-4a39-ac2a-e48debad48df<-2ec85f63-33fb-4317-9145-71357d145af9#0:FAIL-t147, 25d6372c-77fd-4a39-ac2a-e48debad48df<-50423279-f647-4a18-8e85-347d68eaf856#0:FAIL-t147] and 0 exception(s); 25d6372c-77fd-4a39-ac2a-e48debad48df@group-B2671EB745D2:t147, leader=null, voted=25d6372c-77fd-4a39-ac2a-e48debad48df, raftlog=25d6372c-77fd-4a39-ac2a-e48debad48df@group-B2671EB745D2-SegmentedRaftLog:OPENED:c-1,f-1,i0, conf=-1: [50423279-f647-4a18-8e85-347d68eaf856:192.168.69.88:39583, 2ec85f63-33fb-4317-9145-71357d145af9:192.168.69.88:42357, 25d6372c-77fd-4a39-ac2a-e48debad48df:192.168.69.88:39591], old=null
2019-10-15 16:11:50,533 [25d6372c-77fd-4a39-ac2a-e48debad48df@group-B2671EB745D2-LeaderElection140] INFO  impl.RaftServerImpl (RaftServerImpl.java:setRole(184)) - 25d6372c-77fd-4a39-ac2a-e48debad48df@group-B2671EB745D2: changes role from CANDIDATE to FOLLOWER at term 147 for DISCOVERED_A_NEW_TERM
2019-10-15 16:11:50,533 [25d6372c-77fd-4a39-ac2a-e48debad48df@group-B2671EB745D2-LeaderElection140] INFO  impl.RoleInfo (RoleInfo.java:shutdownLeaderElection(134)) - 25d6372c-77fd-4a39-ac2a-e48debad48df: shutdown LeaderElection
2019-10-15 16:11:50,533 [25d6372c-77fd-4a39-ac2a-e48debad48df@group-B2671EB745D2-LeaderElection140] INFO  impl.RoleInfo (RoleInfo.java:updateAndGet(143)) - 25d6372c-77fd-4a39-ac2a-e48debad48df: start FollowerState
2019-10-15 16:11:50,635 [Thread-1137] INFO  impl.FollowerState (FollowerState.java:run(108)) - 25d6372c-77fd-4a39-ac2a-e48debad48df@group-B2671EB745D2-FollowerState: change to CANDIDATE, lastRpcTime:101ms, electionTimeout:101ms
2019-10-15 16:11:50,635 [Thread-1137] INFO  impl.RoleInfo (RoleInfo.java:shutdownFollowerState(121)) - 25d6372c-77fd-4a39-ac2a-e48debad48df: shutdown FollowerState
2019-10-15 16:11:50,635 [Thread-1137] INFO  impl.RaftServerImpl (RaftServerImpl.java:setRole(184)) - 25d6372c-77fd-4a39-ac2a-e48debad48df@group-B2671EB745D2: changes role from  FOLLOWER to CANDIDATE at term 147 for changeToCandidate
2019-10-15 16:11:50,635 [Thread-1137] INFO  impl.RoleInfo (RoleInfo.java:updateAndGet(143)) - 25d6372c-77fd-4a39-ac2a-e48debad48df: start LeaderElection
2019-10-15 16:11:50,649 [25d6372c-77fd-4a39-ac2a-e48debad48df@group-B2671EB745D2-LeaderElection141] INFO  impl.LeaderElection (LeaderElection.java:askForVotes(178)) - 25d6372c-77fd-4a39-ac2a-e48debad48df@group-B2671EB745D2-LeaderElection141: begin an election at term 148 for -1: [50423279-f647-4a18-8e85-347d68eaf856:192.168.69.88:39583, 2ec85f63-33fb-4317-9145-71357d145af9:192.168.69.88:42357, 25d6372c-77fd-4a39-ac2a-e48debad48df:192.168.69.88:39591], old=null
2019-10-15 16:11:50,652 [grpc-default-executor-0] INFO  impl.RaftServerImpl (RaftServerImpl.java:setRole(184)) - 50423279-f647-4a18-8e85-347d68eaf856@group-B2671EB745D2: changes role from  FOLLOWER to FOLLOWER at term 148 for recognizeCandidate:25d6372c-77fd-4a39-ac2a-e48debad48df
2019-10-15 16:11:50,652 [grpc-default-executor-5] INFO  impl.RaftServerImpl (RaftServerImpl.java:setRole(184)) - 2ec85f63-33fb-4317-9145-71357d145af9@group-B2671EB745D2: changes role from  FOLLOWER to FOLLOWER at term 148 for recognizeCandidate:25d6372c-77fd-4a39-ac2a-e48debad48df
2019-10-15 16:11:50,653 [grpc-default-executor-5] INFO  impl.RoleInfo (RoleInfo.java:shutdownFollowerState(121)) - 2ec85f63-33fb-4317-9145-71357d145af9: shutdown FollowerState
2019-10-15 16:11:50,652 [grpc-default-executor-0] INFO  impl.RoleInfo (RoleInfo.java:shutdownFollowerState(121)) - 50423279-f647-4a18-8e85-347d68eaf856: shutdown FollowerState
2019-10-15 16:11:50,653 [Thread-1135] INFO  impl.FollowerState (FollowerState.java:run(117)) - 2ec85f63-33fb-4317-9145-71357d145af9@group-B2671EB745D2-FollowerState was interrupted: java.lang.InterruptedException: sleep interrupted
2019-10-15 16:11:50,653 [grpc-default-executor-5] INFO  impl.RoleInfo (RoleInfo.java:updateAndGet(143)) - 2ec85f63-33fb-4317-9145-71357d145af9: start FollowerState
2019-10-15 16:11:50,653 [Thread-1136] INFO  impl.FollowerState (FollowerState.java:run(117)) - 50423279-f647-4a18-8e85-347d68eaf856@group-B2671EB745D2-FollowerState was interrupted: java.lang.InterruptedException: sleep interrupted
2019-10-15 16:11:50,653 [25d6372c-77fd-4a39-ac2a-e48debad48df@group-B2671EB745D2-LeaderElection141] INFO  impl.LeaderElection (LeaderElection.java:logAndReturn(56)) - 25d6372c-77fd-4a39-ac2a-e48debad48df@group-B2671EB745D2-LeaderElection141: Election TIMEOUT; received 0 response(s) [] and 0 exception(s); 25d6372c-77fd-4a39-ac2a-e48debad48df@group-B2671EB745D2:t148, leader=null, voted=25d6372c-77fd-4a39-ac2a-e48debad48df, raftlog=25d6372c-77fd-4a39-ac2a-e48debad48df@group-B2671EB745D2-SegmentedRaftLog:OPENED:c-1,f-1,i0, conf=-1: [50423279-f647-4a18-8e85-347d68eaf856:192.168.69.88:39583, 2ec85f63-33fb-4317-9145-71357d145af9:192.168.69.88:42357, 25d6372c-77fd-4a39-ac2a-e48debad48df:192.168.69.88:39591], old=null
2019-10-15 16:11:50,653 [grpc-default-executor-0] INFO  impl.RoleInfo (RoleInfo.java:updateAndGet(143)) - 50423279-f647-4a18-8e85-347d68eaf856: start FollowerState
2019-10-15 16:11:50,667 [25d6372c-77fd-4a39-ac2a-e48debad48df@group-B2671EB745D2-LeaderElection141] INFO  impl.LeaderElection (LeaderElection.java:askForVotes(178)) - 25d6372c-77fd-4a39-ac2a-e48debad48df@group-B2671EB745D2-LeaderElection141: begin an election at term 149 for -1: [50423279-f647-4a18-8e85-347d68eaf856:192.168.69.88:39583, 2ec85f63-33fb-4317-9145-71357d145af9:192.168.69.88:42357, 25d6372c-77fd-4a39-ac2a-e48debad48df:192.168.69.88:39591], old=null
2019-10-15 16:11:50,669 [grpc-default-executor-5] INFO  impl.RaftServerImpl (RaftServerImpl.java:setRole(184)) - 50423279-f647-4a18-8e85-347d68eaf856@group-B2671EB745D2: changes role from  FOLLOWER to FOLLOWER at term 149 for recognizeCandidate:25d6372c-77fd-4a39-ac2a-e48debad48df
2019-10-15 16:11:50,669 [grpc-default-executor-0] INFO  impl.RaftServerImpl (RaftServerImpl.java:setRole(184)) - 2ec85f63-33fb-4317-9145-71357d145af9@group-B2671EB745D2: changes role from  FOLLOWER to FOLLOWER at term 149 for recognizeCandidate:25d6372c-77fd-4a39-ac2a-e48debad48df
2019-10-15 16:11:50,669 [grpc-default-executor-5] INFO  impl.RoleInfo (RoleInfo.java:shutdownFollowerState(121)) - 50423279-f647-4a18-8e85-347d68eaf856: shutdown FollowerState
2019-10-15 16:11:50,669 [grpc-default-executor-0] INFO  impl.RoleInfo (RoleInfo.java:shutdownFollowerState(121)) - 2ec85f63-33fb-4317-9145-71357d145af9: shutdown FollowerState
2019-10-15 16:11:50,670 [Thread-1142] INFO  impl.FollowerState (FollowerState.java:run(117)) - 50423279-f647-4a18-8e85-347d68eaf856@group-B2671EB745D2-FollowerState was interrupted: java.lang.InterruptedException: sleep interrupted
2019-10-15 16:11:50,670 [grpc-default-executor-5] INFO  impl.RoleInfo (RoleInfo.java:updateAndGet(143)) - 50423279-f647-4a18-8e85-347d68eaf856: start FollowerState
2019-10-15 16:11:50,670 [Thread-1141] INFO  impl.FollowerState (FollowerState.java:run(117)) - 2ec85f63-33fb-4317-9145-71357d145af9@group-B2671EB745D2-FollowerState was interrupted: java.lang.InterruptedException: sleep interrupted
2019-10-15 16:11:50,670 [grpc-default-executor-0] INFO  impl.RoleInfo (RoleInfo.java:updateAndGet(143)) - 2ec85f63-33fb-4317-9145-71357d145af9: start FollowerState
2019-10-15 16:11:50,685 [25d6372c-77fd-4a39-ac2a-e48debad48df@group-B2671EB745D2-LeaderElection141] INFO  impl.LeaderElection (LeaderElection.java:logAndReturn(56)) - 25d6372c-77fd-4a39-ac2a-e48debad48df@group-B2671EB745D2-LeaderElection141: Election REJECTED; received 2 response(s) [25d6372c-77fd-4a39-ac2a-e48debad48df<-50423279-f647-4a18-8e85-347d68eaf856#0:FAIL-t149, 25d6372c-77fd-4a39-ac2a-e48debad48df<-2ec85f63-33fb-4317-9145-71357d145af9#0:FAIL-t149] and 0 exception(s); 25d6372c-77fd-4a39-ac2a-e48debad48df@group-B2671EB745D2:t149, leader=null, voted=25d6372c-77fd-4a39-ac2a-e48debad48df, raftlog=25d6372c-77fd-4a39-ac2a-e48debad48df@group-B2671EB745D2-SegmentedRaftLog:OPENED:c-1,f-1,i0, conf=-1: [50423279-f647-4a18-8e85-347d68eaf856:192.168.69.88:39583, 2ec85f63-33fb-4317-9145-71357d145af9:192.168.69.88:42357, 25d6372c-77fd-4a39-ac2a-e48debad48df:192.168.69.88:39591], old=null
2019-10-15 16:11:50,685 [25d6372c-77fd-4a39-ac2a-e48debad48df@group-B2671EB745D2-LeaderElection141] INFO  impl.RaftServerImpl (RaftServerImpl.java:setRole(184)) - 25d6372c-77fd-4a39-ac2a-e48debad48df@group-B2671EB745D2: changes role from CANDIDATE to FOLLOWER at term 149 for DISCOVERED_A_NEW_TERM
2019-10-15 16:11:50,685 [25d6372c-77fd-4a39-ac2a-e48debad48df@group-B2671EB745D2-LeaderElection141] INFO  impl.RoleInfo (RoleInfo.java:shutdownLeaderElection(134)) - 25d6372c-77fd-4a39-ac2a-e48debad48df: shutdown LeaderElection
2019-10-15 16:11:50,685 [25d6372c-77fd-4a39-ac2a-e48debad48df@group-B2671EB745D2-LeaderElection141] INFO  impl.RoleInfo (RoleInfo.java:updateAndGet(143)) - 25d6372c-77fd-4a39-ac2a-e48debad48df: start FollowerState
2019-10-15 16:11:50,838 [Thread-1147] INFO  impl.FollowerState (FollowerState.java:run(108)) - 25d6372c-77fd-4a39-ac2a-e48debad48df@group-B2671EB745D2-FollowerState: change to CANDIDATE, lastRpcTime:152ms, electionTimeout:152ms
2019-10-15 16:11:50,838 [Thread-1147] INFO  impl.RoleInfo (RoleInfo.java:shutdownFollowerState(121)) - 25d6372c-77fd-4a39-ac2a-e48debad48df: shutdown FollowerState
2019-10-15 16:11:50,838 [Thread-1147] INFO  impl.RaftServerImpl (RaftServerImpl.java:setRole(184)) - 25d6372c-77fd-4a39-ac2a-e48debad48df@group-B2671EB745D2: changes role from  FOLLOWER to CANDIDATE at term 149 for changeToCandidate
2019-10-15 16:11:50,838 [Thread-1147] INFO  impl.RoleInfo (RoleInfo.java:updateAndGet(143)) - 25d6372c-77fd-4a39-ac2a-e48debad48df: start LeaderElection
2019-10-15 16:11:50,853 [25d6372c-77fd-4a39-ac2a-e48debad48df@group-B2671EB745D2-LeaderElection142] INFO  impl.LeaderElection (LeaderElection.java:askForVotes(178)) - 25d6372c-77fd-4a39-ac2a-e48debad48df@group-B2671EB745D2-LeaderElection142: begin an election at term 150 for -1: [50423279-f647-4a18-8e85-347d68eaf856:192.168.69.88:39583, 2ec85f63-33fb-4317-9145-71357d145af9:192.168.69.88:42357, 25d6372c-77fd-4a39-ac2a-e48debad48df:192.168.69.88:39591], old=null
2019-10-15 16:11:50,856 [grpc-default-executor-5] INFO  impl.RaftServerImpl (RaftServerImpl.java:setRole(184)) - 2ec85f63-33fb-4317-9145-71357d145af9@group-B2671EB745D2: changes role from  FOLLOWER to FOLLOWER at term 150 for recognizeCandidate:25d6372c-77fd-4a39-ac2a-e48debad48df
2019-10-15 16:11:50,856 [grpc-default-executor-5] INFO  impl.RoleInfo (RoleInfo.java:shutdownFollowerState(121)) - 2ec85f63-33fb-4317-9145-71357d145af9: shutdown FollowerState
2019-10-15 16:11:50,857 [grpc-default-executor-0] INFO  impl.RaftServerImpl (RaftServerImpl.java:setRole(184)) - 50423279-f647-4a18-8e85-347d68eaf856@group-B2671EB745D2: changes role from  FOLLOWER to FOLLOWER at term 150 for recognizeCandidate:25d6372c-77fd-4a39-ac2a-e48debad48df
2019-10-15 16:11:50,857 [grpc-default-executor-0] INFO  impl.RoleInfo (RoleInfo.java:shutdownFollowerState(121)) - 50423279-f647-4a18-8e85-347d68eaf856: shutdown FollowerState
2019-10-15 16:11:50,857 [Thread-1146] INFO  impl.FollowerState (FollowerState.java:run(117)) - 2ec85f63-33fb-4317-9145-71357d145af9@group-B2671EB745D2-FollowerState was interrupted: java.lang.InterruptedException: sleep interrupted
2019-10-15 16:11:50,857 [Thread-1145] INFO  impl.FollowerState (FollowerState.java:run(117)) - 50423279-f647-4a18-8e85-347d68eaf856@group-B2671EB745D2-FollowerState was interrupted: java.lang.InterruptedException: sleep interrupted
2019-10-15 16:11:50,857 [grpc-default-executor-5] INFO  impl.RoleInfo (RoleInfo.java:updateAndGet(143)) - 2ec85f63-33fb-4317-9145-71357d145af9: start FollowerState
2019-10-15 16:11:50,857 [grpc-default-executor-0] INFO  impl.RoleInfo (RoleInfo.java:updateAndGet(143)) - 50423279-f647-4a18-8e85-347d68eaf856: start FollowerState
2019-10-15 16:11:50,872 [25d6372c-77fd-4a39-ac2a-e48debad48df@group-B2671EB745D2-LeaderElection142] INFO  impl.LeaderElection (LeaderElection.java:logAndReturn(56)) - 25d6372c-77fd-4a39-ac2a-e48debad48df@group-B2671EB745D2-LeaderElection142: Election REJECTED; received 2 response(s) [25d6372c-77fd-4a39-ac2a-e48debad48df<-2ec85f63-33fb-4317-9145-71357d145af9#0:FAIL-t150, 25d6372c-77fd-4a39-ac2a-e48debad48df<-50423279-f647-4a18-8e85-347d68eaf856#0:FAIL-t150] and 0 exception(s); 25d6372c-77fd-4a39-ac2a-e48debad48df@group-B2671EB745D2:t150, leader=null, voted=25d6372c-77fd-4a39-ac2a-e48debad48df, raftlog=25d6372c-77fd-4a39-ac2a-e48debad48df@group-B2671EB745D2-SegmentedRaftLog:OPENED:c-1,f-1,i0, conf=-1: [50423279-f647-4a18-8e85-347d68eaf856:192.168.69.88:39583, 2ec85f63-33fb-4317-9145-71357d145af9:192.168.69.88:42357, 25d6372c-77fd-4a39-ac2a-e48debad48df:192.168.69.88:39591], old=null
2019-10-15 16:11:50,872 [25d6372c-77fd-4a39-ac2a-e48debad48df@group-B2671EB745D2-LeaderElection142] INFO  impl.RaftServerImpl (RaftServerImpl.java:setRole(184)) - 25d6372c-77fd-4a39-ac2a-e48debad48df@group-B2671EB745D2: changes role from CANDIDATE to FOLLOWER at term 150 for DISCOVERED_A_NEW_TERM
2019-10-15 16:11:50,872 [25d6372c-77fd-4a39-ac2a-e48debad48df@group-B2671EB745D2-LeaderElection142] INFO  impl.RoleInfo (RoleInfo.java:shutdownLeaderElection(134)) - 25d6372c-77fd-4a39-ac2a-e48debad48df: shutdown LeaderElection
2019-10-15 16:11:50,872 [25d6372c-77fd-4a39-ac2a-e48debad48df@group-B2671EB745D2-LeaderElection142] INFO  impl.RoleInfo (RoleInfo.java:updateAndGet(143)) - 25d6372c-77fd-4a39-ac2a-e48debad48df: start FollowerState
2019-10-15 16:11:50,891 [Thread-1153] INFO  impl.FollowerState (FollowerState.java:run(108)) - 25d6372c-77fd-4a39-ac2a-e48debad48df@group-B2671EB745D2-FollowerState: change to CANDIDATE, lastRpcTime:18ms, electionTimeout:18ms
2019-10-15 16:11:50,891 [Thread-1153] INFO  impl.RoleInfo (RoleInfo.java:shutdownFollowerState(121)) - 25d6372c-77fd-4a39-ac2a-e48debad48df: shutdown FollowerState
2019-10-15 16:11:50,891 [Thread-1153] INFO  impl.RaftServerImpl (RaftServerImpl.java:setRole(184)) - 25d6372c-77fd-4a39-ac2a-e48debad48df@group-B2671EB745D2: changes role from  FOLLOWER to CANDIDATE at term 150 for changeToCandidate
2019-10-15 16:11:50,891 [Thread-1153] INFO  impl.RoleInfo (RoleInfo.java:updateAndGet(143)) - 25d6372c-77fd-4a39-ac2a-e48debad48df: start LeaderElection
2019-10-15 16:11:50,904 [25d6372c-77fd-4a39-ac2a-e48debad48df@group-B2671EB745D2-LeaderElection143] INFO  impl.LeaderElection (LeaderElection.java:askForVotes(178)) - 25d6372c-77fd-4a39-ac2a-e48debad48df@group-B2671EB745D2-LeaderElection143: begin an election at term 151 for -1: [50423279-f647-4a18-8e85-347d68eaf856:192.168.69.88:39583, 2ec85f63-33fb-4317-9145-71357d145af9:192.168.69.88:42357, 25d6372c-77fd-4a39-ac2a-e48debad48df:192.168.69.88:39591], old=null
2019-10-15 16:11:50,906 [grpc-default-executor-5] INFO  impl.RaftServerImpl (RaftServerImpl.java:setRole(184)) - 2ec85f63-33fb-4317-9145-71357d145af9@group-B2671EB745D2: changes role from  FOLLOWER to FOLLOWER at term 151 for recognizeCandidate:25d6372c-77fd-4a39-ac2a-e48debad48df
2019-10-15 16:11:50,906 [grpc-default-executor-5] INFO  impl.RoleInfo (RoleInfo.java:shutdownFollowerState(121)) - 2ec85f63-33fb-4317-9145-71357d145af9: shutdown FollowerState
2019-10-15 16:11:50,907 [grpc-default-executor-5] INFO  impl.RoleInfo (RoleInfo.java:updateAndGet(143)) - 2ec85f63-33fb-4317-9145-71357d145af9: start FollowerState
2019-10-15 16:11:50,907 [Thread-1151] INFO  impl.FollowerState (FollowerState.java:run(117)) - 2ec85f63-33fb-4317-9145-71357d145af9@group-B2671EB745D2-FollowerState was interrupted: java.lang.InterruptedException: sleep interrupted
2019-10-15 16:11:50,907 [grpc-default-executor-0] INFO  impl.RaftServerImpl (RaftServerImpl.java:setRole(184)) - 50423279-f647-4a18-8e85-347d68eaf856@group-B2671EB745D2: changes role from  FOLLOWER to FOLLOWER at term 151 for recognizeCandidate:25d6372c-77fd-4a39-ac2a-e48debad48df
2019-10-15 16:11:50,907 [grpc-default-executor-0] INFO  impl.RoleInfo (RoleInfo.java:shutdownFollowerState(121)) - 50423279-f647-4a18-8e85-347d68eaf856: shutdown FollowerState
2019-10-15 16:11:50,907 [grpc-default-executor-0] INFO  impl.RoleInfo (RoleInfo.java:updateAndGet(143)) - 50423279-f647-4a18-8e85-347d68eaf856: start FollowerState
2019-10-15 16:11:50,907 [Thread-1152] INFO  impl.FollowerState (FollowerState.java:run(117)) - 50423279-f647-4a18-8e85-347d68eaf856@group-B2671EB745D2-FollowerState was interrupted: java.lang.InterruptedException: sleep interrupted
2019-10-15 16:11:50,921 [25d6372c-77fd-4a39-ac2a-e48debad48df@group-B2671EB745D2-LeaderElection143] INFO  impl.LeaderElection (LeaderElection.java:logAndReturn(56)) - 25d6372c-77fd-4a39-ac2a-e48debad48df@group-B2671EB745D2-LeaderElection143: Election REJECTED; received 2 response(s) [25d6372c-77fd-4a39-ac2a-e48debad48df<-2ec85f63-33fb-4317-9145-71357d145af9#0:FAIL-t151, 25d6372c-77fd-4a39-ac2a-e48debad48df<-50423279-f647-4a18-8e85-347d68eaf856#0:FAIL-t151] and 0 exception(s); 25d6372c-77fd-4a39-ac2a-e48debad48df@group-B2671EB745D2:t151, leader=null, voted=25d6372c-77fd-4a39-ac2a-e48debad48df, raftlog=25d6372c-77fd-4a39-ac2a-e48debad48df@group-B2671EB745D2-SegmentedRaftLog:OPENED:c-1,f-1,i0, conf=-1: [50423279-f647-4a18-8e85-347d68eaf856:192.168.69.88:39583, 2ec85f63-33fb-4317-9145-71357d145af9:192.168.69.88:42357, 25d6372c-77fd-4a39-ac2a-e48debad48df:192.168.69.88:39591], old=null
2019-10-15 16:11:50,921 [25d6372c-77fd-4a39-ac2a-e48debad48df@group-B2671EB745D2-LeaderElection143] INFO  impl.RaftServerImpl (RaftServerImpl.java:setRole(184)) - 25d6372c-77fd-4a39-ac2a-e48debad48df@group-B2671EB745D2: changes role from CANDIDATE to FOLLOWER at term 151 for DISCOVERED_A_NEW_TERM
2019-10-15 16:11:50,921 [25d6372c-77fd-4a39-ac2a-e48debad48df@group-B2671EB745D2-LeaderElection143] INFO  impl.RoleInfo (RoleInfo.java:shutdownLeaderElection(134)) - 25d6372c-77fd-4a39-ac2a-e48debad48df: shutdown LeaderElection
2019-10-15 16:11:50,922 [25d6372c-77fd-4a39-ac2a-e48debad48df@group-B2671EB745D2-LeaderElection143] INFO  impl.RoleInfo (RoleInfo.java:updateAndGet(143)) - 25d6372c-77fd-4a39-ac2a-e48debad48df: start FollowerState
2019-10-15 16:11:51,096 [Thread-1159] INFO  impl.FollowerState (FollowerState.java:run(108)) - 25d6372c-77fd-4a39-ac2a-e48debad48df@group-B2671EB745D2-FollowerState: change to CANDIDATE, lastRpcTime:174ms, electionTimeout:174ms
2019-10-15 16:11:51,096 [Thread-1159] INFO  impl.RoleInfo (RoleInfo.java:shutdownFollowerState(121)) - 25d6372c-77fd-4a39-ac2a-e48debad48df: shutdown FollowerState
2019-10-15 16:11:51,096 [Thread-1159] INFO  impl.RaftServerImpl (RaftServerImpl.java:setRole(184)) - 25d6372c-77fd-4a39-ac2a-e48debad48df@group-B2671EB745D2: changes role from  FOLLOWER to CANDIDATE at term 151 for changeToCandidate
2019-10-15 16:11:51,097 [Thread-1159] INFO  impl.RoleInfo (RoleInfo.java:updateAndGet(143)) - 25d6372c-77fd-4a39-ac2a-e48debad48df: start LeaderElection
2019-10-15 16:11:51,115 [25d6372c-77fd-4a39-ac2a-e48debad48df@group-B2671EB745D2-LeaderElection144] INFO  impl.LeaderElection (LeaderElection.java:askForVotes(178)) - 25d6372c-77fd-4a39-ac2a-e48debad48df@group-B2671EB745D2-LeaderElection144: begin an election at term 152 for -1: [50423279-f647-4a18-8e85-347d68eaf856:192.168.69.88:39583, 2ec85f63-33fb-4317-9145-71357d145af9:192.168.69.88:42357, 25d6372c-77fd-4a39-ac2a-e48debad48df:192.168.69.88:39591], old=null
2019-10-15 16:11:51,118 [grpc-default-executor-5] INFO  impl.RaftServerImpl (RaftServerImpl.java:setRole(184)) - 2ec85f63-33fb-4317-9145-71357d145af9@group-B2671EB745D2: changes role from  FOLLOWER to FOLLOWER at term 152 for recognizeCandidate:25d6372c-77fd-4a39-ac2a-e48debad48df
2019-10-15 16:11:51,118 [grpc-default-executor-5] INFO  impl.RoleInfo (RoleInfo.java:shutdownFollowerState(121)) - 2ec85f63-33fb-4317-9145-71357d145af9: shutdown FollowerState
2019-10-15 16:11:51,118 [grpc-default-executor-0] INFO  impl.RaftServerImpl (RaftServerImpl.java:setRole(184)) - 50423279-f647-4a18-8e85-347d68eaf856@group-B2671EB745D2: changes role from  FOLLOWER to FOLLOWER at term 152 for recognizeCandidate:25d6372c-77fd-4a39-ac2a-e48debad48df
2019-10-15 16:11:51,118 [Thread-1157] INFO  impl.FollowerState (FollowerState.java:run(117)) - 2ec85f63-33fb-4317-9145-71357d145af9@group-B2671EB745D2-FollowerState was interrupted: java.lang.InterruptedException: sleep interrupted
2019-10-15 16:11:51,118 [grpc-default-executor-5] INFO  impl.RoleInfo (RoleInfo.java:updateAndGet(143)) - 2ec85f63-33fb-4317-9145-71357d145af9: start FollowerState
2019-10-15 16:11:51,118 [grpc-default-executor-0] INFO  impl.RoleInfo (RoleInfo.java:shutdownFollowerState(121)) - 50423279-f647-4a18-8e85-347d68eaf856: shutdown FollowerState
2019-10-15 16:11:51,119 [grpc-default-executor-0] INFO  impl.RoleInfo (RoleInfo.java:updateAndGet(143)) - 50423279-f647-4a18-8e85-347d68eaf856: start FollowerState
2019-10-15 16:11:51,119 [Thread-1158] INFO  impl.FollowerState (FollowerState.java:run(117)) - 50423279-f647-4a18-8e85-347d68eaf856@group-B2671EB745D2-FollowerState was interrupted: java.lang.InterruptedException: sleep interrupted
2019-10-15 16:11:51,133 [25d6372c-77fd-4a39-ac2a-e48debad48df@group-B2671EB745D2-LeaderElection144] INFO  impl.LeaderElection (LeaderElection.java:logAndReturn(56)) - 25d6372c-77fd-4a39-ac2a-e48debad48df@group-B2671EB745D2-LeaderElection144: Election REJECTED; received 2 response(s) [25d6372c-77fd-4a39-ac2a-e48debad48df<-50423279-f647-4a18-8e85-347d68eaf856#0:FAIL-t152, 25d6372c-77fd-4a39-ac2a-e48debad48df<-2ec85f63-33fb-4317-9145-71357d145af9#0:FAIL-t152] and 0 exception(s); 25d6372c-77fd-4a39-ac2a-e48debad48df@group-B2671EB745D2:t152, leader=null, voted=25d6372c-77fd-4a39-ac2a-e48debad48df, raftlog=25d6372c-77fd-4a39-ac2a-e48debad48df@group-B2671EB745D2-SegmentedRaftLog:OPENED:c-1,f-1,i0, conf=-1: [50423279-f647-4a18-8e85-347d68eaf856:192.168.69.88:39583, 2ec85f63-33fb-4317-9145-71357d145af9:192.168.69.88:42357, 25d6372c-77fd-4a39-ac2a-e48debad48df:192.168.69.88:39591], old=null
2019-10-15 16:11:51,134 [25d6372c-77fd-4a39-ac2a-e48debad48df@group-B2671EB745D2-LeaderElection144] INFO  impl.RaftServerImpl (RaftServerImpl.java:setRole(184)) - 25d6372c-77fd-4a39-ac2a-e48debad48df@group-B2671EB745D2: changes role from CANDIDATE to FOLLOWER at term 152 for DISCOVERED_A_NEW_TERM
2019-10-15 16:11:51,134 [25d6372c-77fd-4a39-ac2a-e48debad48df@group-B2671EB745D2-LeaderElection144] INFO  impl.RoleInfo (RoleInfo.java:shutdownLeaderElection(134)) - 25d6372c-77fd-4a39-ac2a-e48debad48df: shutdown LeaderElection
2019-10-15 16:11:51,134 [25d6372c-77fd-4a39-ac2a-e48debad48df@group-B2671EB745D2-LeaderElection144] INFO  impl.RoleInfo (RoleInfo.java:updateAndGet(143)) - 25d6372c-77fd-4a39-ac2a-e48debad48df: start FollowerState
2019-10-15 16:11:51,244 [Thread-1165] INFO  impl.FollowerState (FollowerState.java:run(108)) - 25d6372c-77fd-4a39-ac2a-e48debad48df@group-B2671EB745D2-FollowerState: change to CANDIDATE, lastRpcTime:110ms, electionTimeout:110ms
2019-10-15 16:11:51,244 [Thread-1165] INFO  impl.RoleInfo (RoleInfo.java:shutdownFollowerState(121)) - 25d6372c-77fd-4a39-ac2a-e48debad48df: shutdown FollowerState
2019-10-15 16:11:51,245 [Thread-1165] INFO  impl.RaftServerImpl (RaftServerImpl.java:setRole(184)) - 25d6372c-77fd-4a39-ac2a-e48debad48df@group-B2671EB745D2: changes role from  FOLLOWER to CANDIDATE at term 152 for changeToCandidate
2019-10-15 16:11:51,245 [Thread-1165] INFO  impl.RoleInfo (RoleInfo.java:updateAndGet(143)) - 25d6372c-77fd-4a39-ac2a-e48debad48df: start LeaderElection
2019-10-15 16:11:51,258 [25d6372c-77fd-4a39-ac2a-e48debad48df@group-B2671EB745D2-LeaderElection145] INFO  impl.LeaderElection (LeaderElection.java:askForVotes(178)) - 25d6372c-77fd-4a39-ac2a-e48debad48df@group-B2671EB745D2-LeaderElection145: begin an election at term 153 for -1: [50423279-f647-4a18-8e85-347d68eaf856:192.168.69.88:39583, 2ec85f63-33fb-4317-9145-71357d145af9:192.168.69.88:42357, 25d6372c-77fd-4a39-ac2a-e48debad48df:192.168.69.88:39591], old=null
2019-10-15 16:11:51,262 [grpc-default-executor-5] INFO  impl.RaftServerImpl (RaftServerImpl.java:setRole(184)) - 2ec85f63-33fb-4317-9145-71357d145af9@group-B2671EB745D2: changes role from  FOLLOWER to FOLLOWER at term 153 for recognizeCandidate:25d6372c-77fd-4a39-ac2a-e48debad48df
2019-10-15 16:11:51,262 [grpc-default-executor-5] INFO  impl.RoleInfo (RoleInfo.java:shutdownFollowerState(121)) - 2ec85f63-33fb-4317-9145-71357d145af9: shutdown FollowerState
2019-10-15 16:11:51,262 [grpc-default-executor-5] INFO  impl.RoleInfo (RoleInfo.java:updateAndGet(143)) - 2ec85f63-33fb-4317-9145-71357d145af9: start FollowerState
2019-10-15 16:11:51,262 [Thread-1163] INFO  impl.FollowerState (FollowerState.java:run(117)) - 2ec85f63-33fb-4317-9145-71357d145af9@group-B2671EB745D2-FollowerState was interrupted: java.lang.InterruptedException: sleep interrupted
2019-10-15 16:11:51,264 [grpc-default-executor-0] INFO  impl.RaftServerImpl (RaftServerImpl.java:setRole(184)) - 50423279-f647-4a18-8e85-347d68eaf856@group-B2671EB745D2: changes role from  FOLLOWER to FOLLOWER at term 153 for recognizeCandidate:25d6372c-77fd-4a39-ac2a-e48debad48df
2019-10-15 16:11:51,264 [grpc-default-executor-0] INFO  impl.RoleInfo (RoleInfo.java:shutdownFollowerState(121)) - 50423279-f647-4a18-8e85-347d68eaf856: shutdown FollowerState
2019-10-15 16:11:51,264 [grpc-default-executor-0] INFO  impl.RoleInfo (RoleInfo.java:updateAndGet(143)) - 50423279-f647-4a18-8e85-347d68eaf856: start FollowerState
2019-10-15 16:11:51,264 [Thread-1164] INFO  impl.FollowerState (FollowerState.java:run(117)) - 50423279-f647-4a18-8e85-347d68eaf856@group-B2671EB745D2-FollowerState was interrupted: java.lang.InterruptedException: sleep interrupted
2019-10-15 16:11:51,277 [25d6372c-77fd-4a39-ac2a-e48debad48df@group-B2671EB745D2-LeaderElection145] INFO  impl.LeaderElection (LeaderElection.java:logAndReturn(56)) - 25d6372c-77fd-4a39-ac2a-e48debad48df@group-B2671EB745D2-LeaderElection145: Election REJECTED; received 2 response(s) [25d6372c-77fd-4a39-ac2a-e48debad48df<-50423279-f647-4a18-8e85-347d68eaf856#0:FAIL-t153, 25d6372c-77fd-4a39-ac2a-e48debad48df<-2ec85f63-33fb-4317-9145-71357d145af9#0:FAIL-t153] and 0 exception(s); 25d6372c-77fd-4a39-ac2a-e48debad48df@group-B2671EB745D2:t153, leader=null, voted=25d6372c-77fd-4a39-ac2a-e48debad48df, raftlog=25d6372c-77fd-4a39-ac2a-e48debad48df@group-B2671EB745D2-SegmentedRaftLog:OPENED:c-1,f-1,i0, conf=-1: [50423279-f647-4a18-8e85-347d68eaf856:192.168.69.88:39583, 2ec85f63-33fb-4317-9145-71357d145af9:192.168.69.88:42357, 25d6372c-77fd-4a39-ac2a-e48debad48df:192.168.69.88:39591], old=null
2019-10-15 16:11:51,277 [25d6372c-77fd-4a39-ac2a-e48debad48df@group-B2671EB745D2-LeaderElection145] INFO  impl.RaftServerImpl (RaftServerImpl.java:setRole(184)) - 25d6372c-77fd-4a39-ac2a-e48debad48df@group-B2671EB745D2: changes role from CANDIDATE to FOLLOWER at term 153 for DISCOVERED_A_NEW_TERM
2019-10-15 16:11:51,277 [25d6372c-77fd-4a39-ac2a-e48debad48df@group-B2671EB745D2-LeaderElection145] INFO  impl.RoleInfo (RoleInfo.java:shutdownLeaderElection(134)) - 25d6372c-77fd-4a39-ac2a-e48debad48df: shutdown LeaderElection
2019-10-15 16:11:51,277 [25d6372c-77fd-4a39-ac2a-e48debad48df@group-B2671EB745D2-LeaderElection145] INFO  impl.RoleInfo (RoleInfo.java:updateAndGet(143)) - 25d6372c-77fd-4a39-ac2a-e48debad48df: start FollowerState
2019-10-15 16:11:51,474 [Thread-1171] INFO  impl.FollowerState (FollowerState.java:run(108)) - 25d6372c-77fd-4a39-ac2a-e48debad48df@group-B2671EB745D2-FollowerState: change to CANDIDATE, lastRpcTime:196ms, electionTimeout:196ms
2019-10-15 16:11:51,474 [Thread-1171] INFO  impl.RoleInfo (RoleInfo.java:shutdownFollowerState(121)) - 25d6372c-77fd-4a39-ac2a-e48debad48df: shutdown FollowerState
2019-10-15 16:11:51,474 [Thread-1171] INFO  impl.RaftServerImpl (RaftServerImpl.java:setRole(184)) - 25d6372c-77fd-4a39-ac2a-e48debad48df@group-B2671EB745D2: changes role from  FOLLOWER to CANDIDATE at term 153 for changeToCandidate
2019-10-15 16:11:51,474 [Thread-1171] INFO  impl.RoleInfo (RoleInfo.java:updateAndGet(143)) - 25d6372c-77fd-4a39-ac2a-e48debad48df: start LeaderElection
2019-10-15 16:11:51,488 [25d6372c-77fd-4a39-ac2a-e48debad48df@group-B2671EB745D2-LeaderElection146] INFO  impl.LeaderElection (LeaderElection.java:askForVotes(178)) - 25d6372c-77fd-4a39-ac2a-e48debad48df@group-B2671EB745D2-LeaderElection146: begin an election at term 154 for -1: [50423279-f647-4a18-8e85-347d68eaf856:192.168.69.88:39583, 2ec85f63-33fb-4317-9145-71357d145af9:192.168.69.88:42357, 25d6372c-77fd-4a39-ac2a-e48debad48df:192.168.69.88:39591], old=null
2019-10-15 16:11:51,490 [grpc-default-executor-0] INFO  impl.RaftServerImpl (RaftServerImpl.java:setRole(184)) - 2ec85f63-33fb-4317-9145-71357d145af9@group-B2671EB745D2: changes role from  FOLLOWER to FOLLOWER at term 154 for recognizeCandidate:25d6372c-77fd-4a39-ac2a-e48debad48df
2019-10-15 16:11:51,490 [grpc-default-executor-5] INFO  impl.RaftServerImpl (RaftServerImpl.java:setRole(184)) - 50423279-f647-4a18-8e85-347d68eaf856@group-B2671EB745D2: changes role from  FOLLOWER to FOLLOWER at term 154 for recognizeCandidate:25d6372c-77fd-4a39-ac2a-e48debad48df
2019-10-15 16:11:51,491 [grpc-default-executor-0] INFO  impl.RoleInfo (RoleInfo.java:shutdownFollowerState(121)) - 2ec85f63-33fb-4317-9145-71357d145af9: shutdown FollowerState
2019-10-15 16:11:51,491 [grpc-default-executor-5] INFO  impl.RoleInfo (RoleInfo.java:shutdownFollowerState(121)) - 50423279-f647-4a18-8e85-347d68eaf856: shutdown FollowerState
2019-10-15 16:11:51,491 [grpc-default-executor-0] INFO  impl.RoleInfo (RoleInfo.java:updateAndGet(143)) - 2ec85f63-33fb-4317-9145-71357d145af9: start FollowerState
2019-10-15 16:11:51,491 [grpc-default-executor-5] INFO  impl.RoleInfo (RoleInfo.java:updateAndGet(143)) - 50423279-f647-4a18-8e85-347d68eaf856: start FollowerState
2019-10-15 16:11:51,491 [Thread-1169] INFO  impl.FollowerState (FollowerState.java:run(117)) - 2ec85f63-33fb-4317-9145-71357d145af9@group-B2671EB745D2-FollowerState was interrupted: java.lang.InterruptedException: sleep interrupted
2019-10-15 16:11:51,491 [Thread-1170] INFO  impl.FollowerState (FollowerState.java:run(117)) - 50423279-f647-4a18-8e85-347d68eaf856@group-B2671EB745D2-FollowerState was interrupted: java.lang.InterruptedException: sleep interrupted
2019-10-15 16:11:51,505 [25d6372c-77fd-4a39-ac2a-e48debad48df@group-B2671EB745D2-LeaderElection146] INFO  impl.LeaderElection (LeaderElection.java:logAndReturn(56)) - 25d6372c-77fd-4a39-ac2a-e48debad48df@group-B2671EB745D2-LeaderElection146: Election REJECTED; received 2 response(s) [25d6372c-77fd-4a39-ac2a-e48debad48df<-2ec85f63-33fb-4317-9145-71357d145af9#0:FAIL-t154, 25d6372c-77fd-4a39-ac2a-e48debad48df<-50423279-f647-4a18-8e85-347d68eaf856#0:FAIL-t154] and 0 exception(s); 25d6372c-77fd-4a39-ac2a-e48debad48df@group-B2671EB745D2:t154, leader=null, voted=25d6372c-77fd-4a39-ac2a-e48debad48df, raftlog=25d6372c-77fd-4a39-ac2a-e48debad48df@group-B2671EB745D2-SegmentedRaftLog:OPENED:c-1,f-1,i0, conf=-1: [50423279-f647-4a18-8e85-347d68eaf856:192.168.69.88:39583, 2ec85f63-33fb-4317-9145-71357d145af9:192.168.69.88:42357, 25d6372c-77fd-4a39-ac2a-e48debad48df:192.168.69.88:39591], old=null
2019-10-15 16:11:51,505 [25d6372c-77fd-4a39-ac2a-e48debad48df@group-B2671EB745D2-LeaderElection146] INFO  impl.RaftServerImpl (RaftServerImpl.java:setRole(184)) - 25d6372c-77fd-4a39-ac2a-e48debad48df@group-B2671EB745D2: changes role from CANDIDATE to FOLLOWER at term 154 for DISCOVERED_A_NEW_TERM
2019-10-15 16:11:51,505 [25d6372c-77fd-4a39-ac2a-e48debad48df@group-B2671EB745D2-LeaderElection146] INFO  impl.RoleInfo (RoleInfo.java:shutdownLeaderElection(134)) - 25d6372c-77fd-4a39-ac2a-e48debad48df: shutdown LeaderElection
2019-10-15 16:11:51,505 [25d6372c-77fd-4a39-ac2a-e48debad48df@group-B2671EB745D2-LeaderElection146] INFO  impl.RoleInfo (RoleInfo.java:updateAndGet(143)) - 25d6372c-77fd-4a39-ac2a-e48debad48df: start FollowerState
2019-10-15 16:11:51,519 [Thread-1179] INFO  impl.FollowerState (FollowerState.java:run(108)) - 25d6372c-77fd-4a39-ac2a-e48debad48df@group-B2671EB745D2-FollowerState: change to CANDIDATE, lastRpcTime:14ms, electionTimeout:14ms
2019-10-15 16:11:51,520 [Thread-1179] INFO  impl.RoleInfo (RoleInfo.java:shutdownFollowerState(121)) - 25d6372c-77fd-4a39-ac2a-e48debad48df: shutdown FollowerState
2019-10-15 16:11:51,520 [Thread-1179] INFO  impl.RaftServerImpl (RaftServerImpl.java:setRole(184)) - 25d6372c-77fd-4a39-ac2a-e48debad48df@group-B2671EB745D2: changes role from  FOLLOWER to CANDIDATE at term 154 for changeToCandidate
2019-10-15 16:11:51,520 [Thread-1179] INFO  impl.RoleInfo (RoleInfo.java:updateAndGet(143)) - 25d6372c-77fd-4a39-ac2a-e48debad48df: start LeaderElection
2019-10-15 16:11:51,524 [25d6372c-77fd-4a39-ac2a-e48debad48df@group-B2671EB745D2-LeaderElection147] INFO  impl.LeaderElection (LeaderElection.java:askForVotes(178)) - 25d6372c-77fd-4a39-ac2a-e48debad48df@group-B2671EB745D2-LeaderElection147: begin an election at term 155 for -1: [50423279-f647-4a18-8e85-347d68eaf856:192.168.69.88:39583, 2ec85f63-33fb-4317-9145-71357d145af9:192.168.69.88:42357, 25d6372c-77fd-4a39-ac2a-e48debad48df:192.168.69.88:39591], old=null
2019-10-15 16:11:51,525 [grpc-default-executor-0] INFO  impl.RaftServerImpl (RaftServerImpl.java:setRole(184)) - 50423279-f647-4a18-8e85-347d68eaf856@group-B2671EB745D2: changes role from  FOLLOWER to FOLLOWER at term 155 for recognizeCandidate:25d6372c-77fd-4a39-ac2a-e48debad48df
2019-10-15 16:11:51,525 [grpc-default-executor-0] INFO  impl.RoleInfo (RoleInfo.java:shutdownFollowerState(121)) - 50423279-f647-4a18-8e85-347d68eaf856: shutdown FollowerState
2019-10-15 16:11:51,526 [grpc-default-executor-0] INFO  impl.RoleInfo (RoleInfo.java:updateAndGet(143)) - 50423279-f647-4a18-8e85-347d68eaf856: start FollowerState
2019-10-15 16:11:51,526 [grpc-default-executor-5] INFO  impl.RaftServerImpl (RaftServerImpl.java:setRole(184)) - 2ec85f63-33fb-4317-9145-71357d145af9@group-B2671EB745D2: changes role from  FOLLOWER to FOLLOWER at term 155 for recognizeCandidate:25d6372c-77fd-4a39-ac2a-e48debad48df
2019-10-15 16:11:51,526 [Thread-1178] INFO  impl.FollowerState (FollowerState.java:run(117)) - 50423279-f647-4a18-8e85-347d68eaf856@group-B2671EB745D2-FollowerState was interrupted: java.lang.InterruptedException: sleep interrupted
2019-10-15 16:11:51,526 [grpc-default-executor-5] INFO  impl.RoleInfo (RoleInfo.java:shutdownFollowerState(121)) - 2ec85f63-33fb-4317-9145-71357d145af9: shutdown FollowerState
2019-10-15 16:11:51,526 [grpc-default-executor-5] INFO  impl.RoleInfo (RoleInfo.java:updateAndGet(143)) - 2ec85f63-33fb-4317-9145-71357d145af9: start FollowerState
2019-10-15 16:11:51,526 [Thread-1177] INFO  impl.FollowerState (FollowerState.java:run(117)) - 2ec85f63-33fb-4317-9145-71357d145af9@group-B2671EB745D2-FollowerState was interrupted: java.lang.InterruptedException: sleep interrupted
2019-10-15 16:11:51,529 [25d6372c-77fd-4a39-ac2a-e48debad48df@group-B2671EB745D2-LeaderElection147] INFO  impl.LeaderElection (LeaderElection.java:logAndReturn(56)) - 25d6372c-77fd-4a39-ac2a-e48debad48df@group-B2671EB745D2-LeaderElection147: Election TIMEOUT; received 0 response(s) [] and 0 exception(s); 25d6372c-77fd-4a39-ac2a-e48debad48df@group-B2671EB745D2:t155, leader=null, voted=25d6372c-77fd-4a39-ac2a-e48debad48df, raftlog=25d6372c-77fd-4a39-ac2a-e48debad48df@group-B2671EB745D2-SegmentedRaftLog:OPENED:c-1,f-1,i0, conf=-1: [50423279-f647-4a18-8e85-347d68eaf856:192.168.69.88:39583, 2ec85f63-33fb-4317-9145-71357d145af9:192.168.69.88:42357, 25d6372c-77fd-4a39-ac2a-e48debad48df:192.168.69.88:39591], old=null
2019-10-15 16:11:51,533 [25d6372c-77fd-4a39-ac2a-e48debad48df@group-B2671EB745D2-LeaderElection147] INFO  impl.LeaderElection (LeaderElection.java:askForVotes(178)) - 25d6372c-77fd-4a39-ac2a-e48debad48df@group-B2671EB745D2-LeaderElection147: begin an election at term 156 for -1: [50423279-f647-4a18-8e85-347d68eaf856:192.168.69.88:39583, 2ec85f63-33fb-4317-9145-71357d145af9:192.168.69.88:42357, 25d6372c-77fd-4a39-ac2a-e48debad48df:192.168.69.88:39591], old=null
2019-10-15 16:11:51,535 [grpc-default-executor-0] INFO  impl.RaftServerImpl (RaftServerImpl.java:setRole(184)) - 50423279-f647-4a18-8e85-347d68eaf856@group-B2671EB745D2: changes role from  FOLLOWER to FOLLOWER at term 156 for recognizeCandidate:25d6372c-77fd-4a39-ac2a-e48debad48df
2019-10-15 16:11:51,535 [grpc-default-executor-0] INFO  impl.RoleInfo (RoleInfo.java:shutdownFollowerState(121)) - 50423279-f647-4a18-8e85-347d68eaf856: shutdown FollowerState
2019-10-15 16:11:51,535 [grpc-default-executor-5] INFO  impl.RaftServerImpl (RaftServerImpl.java:setRole(184)) - 2ec85f63-33fb-4317-9145-71357d145af9@group-B2671EB745D2: changes role from  FOLLOWER to FOLLOWER at term 156 for recognizeCandidate:25d6372c-77fd-4a39-ac2a-e48debad48df
2019-10-15 16:11:51,535 [Thread-1183] INFO  impl.FollowerState (FollowerState.java:run(117)) - 50423279-f647-4a18-8e85-347d68eaf856@group-B2671EB745D2-FollowerState was interrupted: java.lang.InterruptedException: sleep interrupted
2019-10-15 16:11:51,535 [grpc-default-executor-0] INFO  impl.RoleInfo (RoleInfo.java:updateAndGet(143)) - 50423279-f647-4a18-8e85-347d68eaf856: start FollowerState
2019-10-15 16:11:51,535 [grpc-default-executor-5] INFO  impl.RoleInfo (RoleInfo.java:shutdownFollowerState(121)) - 2ec85f63-33fb-4317-9145-71357d145af9: shutdown FollowerState
2019-10-15 16:11:51,536 [grpc-default-executor-5] INFO  impl.RoleInfo (RoleInfo.java:updateAndGet(143)) - 2ec85f63-33fb-4317-9145-71357d145af9: start FollowerState
2019-10-15 16:11:51,536 [Thread-1184] INFO  impl.FollowerState (FollowerState.java:run(117)) - 2ec85f63-33fb-4317-9145-71357d145af9@group-B2671EB745D2-FollowerState was interrupted: java.lang.InterruptedException: sleep interrupted
2019-10-15 16:11:51,544 [25d6372c-77fd-4a39-ac2a-e48debad48df@group-B2671EB745D2-LeaderElection147] INFO  impl.LeaderElection (LeaderElection.java:logAndReturn(56)) - 25d6372c-77fd-4a39-ac2a-e48debad48df@group-B2671EB745D2-LeaderElection147: Election REJECTED; received 2 response(s) [25d6372c-77fd-4a39-ac2a-e48debad48df<-50423279-f647-4a18-8e85-347d68eaf856#0:FAIL-t156, 25d6372c-77fd-4a39-ac2a-e48debad48df<-2ec85f63-33fb-4317-9145-71357d145af9#0:FAIL-t156] and 0 exception(s); 25d6372c-77fd-4a39-ac2a-e48debad48df@group-B2671EB745D2:t156, leader=null, voted=25d6372c-77fd-4a39-ac2a-e48debad48df, raftlog=25d6372c-77fd-4a39-ac2a-e48debad48df@group-B2671EB745D2-SegmentedRaftLog:OPENED:c-1,f-1,i0, conf=-1: [50423279-f647-4a18-8e85-347d68eaf856:192.168.69.88:39583, 2ec85f63-33fb-4317-9145-71357d145af9:192.168.69.88:42357, 25d6372c-77fd-4a39-ac2a-e48debad48df:192.168.69.88:39591], old=null
2019-10-15 16:11:51,544 [25d6372c-77fd-4a39-ac2a-e48debad48df@group-B2671EB745D2-LeaderElection147] INFO  impl.RaftServerImpl (RaftServerImpl.java:setRole(184)) - 25d6372c-77fd-4a39-ac2a-e48debad48df@group-B2671EB745D2: changes role from CANDIDATE to FOLLOWER at term 156 for DISCOVERED_A_NEW_TERM
2019-10-15 16:11:51,544 [25d6372c-77fd-4a39-ac2a-e48debad48df@group-B2671EB745D2-LeaderElection147] INFO  impl.RoleInfo (RoleInfo.java:shutdownLeaderElection(134)) - 25d6372c-77fd-4a39-ac2a-e48debad48df: shutdown LeaderElection
2019-10-15 16:11:51,544 [25d6372c-77fd-4a39-ac2a-e48debad48df@group-B2671EB745D2-LeaderElection147] INFO  impl.RoleInfo (RoleInfo.java:updateAndGet(143)) - 25d6372c-77fd-4a39-ac2a-e48debad48df: start FollowerState
2019-10-15 16:11:51,594 [Thread-1189] INFO  impl.FollowerState (FollowerState.java:run(108)) - 25d6372c-77fd-4a39-ac2a-e48debad48df@group-B2671EB745D2-FollowerState: change to CANDIDATE, lastRpcTime:50ms, electionTimeout:50ms
2019-10-15 16:11:51,595 [Thread-1189] INFO  impl.RoleInfo (RoleInfo.java:shutdownFollowerState(121)) - 25d6372c-77fd-4a39-ac2a-e48debad48df: shutdown FollowerState
2019-10-15 16:11:51,595 [Thread-1189] INFO  impl.RaftServerImpl (RaftServerImpl.java:setRole(184)) - 25d6372c-77fd-4a39-ac2a-e48debad48df@group-B2671EB745D2: changes role from  FOLLOWER to CANDIDATE at term 156 for changeToCandidate
2019-10-15 16:11:51,595 [Thread-1189] INFO  impl.RoleInfo (RoleInfo.java:updateAndGet(143)) - 25d6372c-77fd-4a39-ac2a-e48debad48df: start LeaderElection
2019-10-15 16:11:51,599 [25d6372c-77fd-4a39-ac2a-e48debad48df@group-B2671EB745D2-LeaderElection148] INFO  impl.LeaderElection (LeaderElection.java:askForVotes(178)) - 25d6372c-77fd-4a39-ac2a-e48debad48df@group-B2671EB745D2-LeaderElection148: begin an election at term 157 for -1: [50423279-f647-4a18-8e85-347d68eaf856:192.168.69.88:39583, 2ec85f63-33fb-4317-9145-71357d145af9:192.168.69.88:42357, 25d6372c-77fd-4a39-ac2a-e48debad48df:192.168.69.88:39591], old=null
2019-10-15 16:11:51,601 [grpc-default-executor-0] INFO  impl.RaftServerImpl (RaftServerImpl.java:setRole(184)) - 2ec85f63-33fb-4317-9145-71357d145af9@group-B2671EB745D2: changes role from  FOLLOWER to FOLLOWER at term 157 for recognizeCandidate:25d6372c-77fd-4a39-ac2a-e48debad48df
2019-10-15 16:11:51,602 [grpc-default-executor-0] INFO  impl.RoleInfo (RoleInfo.java:shutdownFollowerState(121)) - 2ec85f63-33fb-4317-9145-71357d145af9: shutdown FollowerState
2019-10-15 16:11:51,601 [grpc-default-executor-5] INFO  impl.RaftServerImpl (RaftServerImpl.java:setRole(184)) - 50423279-f647-4a18-8e85-347d68eaf856@group-B2671EB745D2: changes role from  FOLLOWER to FOLLOWER at term 157 for recognizeCandidate:25d6372c-77fd-4a39-ac2a-e48debad48df
2019-10-15 16:11:51,602 [grpc-default-executor-0] INFO  impl.RoleInfo (RoleInfo.java:updateAndGet(143)) - 2ec85f63-33fb-4317-9145-71357d145af9: start FollowerState
2019-10-15 16:11:51,602 [Thread-1188] INFO  impl.FollowerState (FollowerState.java:run(117)) - 2ec85f63-33fb-4317-9145-71357d145af9@group-B2671EB745D2-FollowerState was interrupted: java.lang.InterruptedException: sleep interrupted
2019-10-15 16:11:51,602 [grpc-default-executor-5] INFO  impl.RoleInfo (RoleInfo.java:shutdownFollowerState(121)) - 50423279-f647-4a18-8e85-347d68eaf856: shutdown FollowerState
2019-10-15 16:11:51,602 [grpc-default-executor-5] INFO  impl.RoleInfo (RoleInfo.java:updateAndGet(143)) - 50423279-f647-4a18-8e85-347d68eaf856: start FollowerState
2019-10-15 16:11:51,602 [Thread-1187] INFO  impl.FollowerState (FollowerState.java:run(117)) - 50423279-f647-4a18-8e85-347d68eaf856@group-B2671EB745D2-FollowerState was interrupted: java.lang.InterruptedException: sleep interrupted
2019-10-15 16:11:51,607 [25d6372c-77fd-4a39-ac2a-e48debad48df@group-B2671EB745D2-LeaderElection148] INFO  impl.LeaderElection (LeaderElection.java:logAndReturn(56)) - 25d6372c-77fd-4a39-ac2a-e48debad48df@group-B2671EB745D2-LeaderElection148: Election REJECTED; received 2 response(s) [25d6372c-77fd-4a39-ac2a-e48debad48df<-2ec85f63-33fb-4317-9145-71357d145af9#0:FAIL-t157, 25d6372c-77fd-4a39-ac2a-e48debad48df<-50423279-f647-4a18-8e85-347d68eaf856#0:FAIL-t157] and 0 exception(s); 25d6372c-77fd-4a39-ac2a-e48debad48df@group-B2671EB745D2:t157, leader=null, voted=25d6372c-77fd-4a39-ac2a-e48debad48df, raftlog=25d6372c-77fd-4a39-ac2a-e48debad48df@group-B2671EB745D2-SegmentedRaftLog:OPENED:c-1,f-1,i0, conf=-1: [50423279-f647-4a18-8e85-347d68eaf856:192.168.69.88:39583, 2ec85f63-33fb-4317-9145-71357d145af9:192.168.69.88:42357, 25d6372c-77fd-4a39-ac2a-e48debad48df:192.168.69.88:39591], old=null
2019-10-15 16:11:51,607 [25d6372c-77fd-4a39-ac2a-e48debad48df@group-B2671EB745D2-LeaderElection148] INFO  impl.RaftServerImpl (RaftServerImpl.java:setRole(184)) - 25d6372c-77fd-4a39-ac2a-e48debad48df@group-B2671EB745D2: changes role from CANDIDATE to FOLLOWER at term 157 for DISCOVERED_A_NEW_TERM
2019-10-15 16:11:51,607 [25d6372c-77fd-4a39-ac2a-e48debad48df@group-B2671EB745D2-LeaderElection148] INFO  impl.RoleInfo (RoleInfo.java:shutdownLeaderElection(134)) - 25d6372c-77fd-4a39-ac2a-e48debad48df: shutdown LeaderElection
2019-10-15 16:11:51,607 [25d6372c-77fd-4a39-ac2a-e48debad48df@group-B2671EB745D2-LeaderElection148] INFO  impl.RoleInfo (RoleInfo.java:updateAndGet(143)) - 25d6372c-77fd-4a39-ac2a-e48debad48df: start FollowerState
2019-10-15 16:11:51,686 [Thread-1195] INFO  impl.FollowerState (FollowerState.java:run(108)) - 25d6372c-77fd-4a39-ac2a-e48debad48df@group-B2671EB745D2-FollowerState: change to CANDIDATE, lastRpcTime:78ms, electionTimeout:78ms
2019-10-15 16:11:51,686 [Thread-1195] INFO  impl.RoleInfo (RoleInfo.java:shutdownFollowerState(121)) - 25d6372c-77fd-4a39-ac2a-e48debad48df: shutdown FollowerState
2019-10-15 16:11:51,686 [Thread-1195] INFO  impl.RaftServerImpl (RaftServerImpl.java:setRole(184)) - 25d6372c-77fd-4a39-ac2a-e48debad48df@group-B2671EB745D2: changes role from  FOLLOWER to CANDIDATE at term 157 for changeToCandidate
2019-10-15 16:11:51,686 [Thread-1195] INFO  impl.RoleInfo (RoleInfo.java:updateAndGet(143)) - 25d6372c-77fd-4a39-ac2a-e48debad48df: start LeaderElection
2019-10-15 16:11:51,712 [25d6372c-77fd-4a39-ac2a-e48debad48df@group-B2671EB745D2-LeaderElection149] INFO  impl.LeaderElection (LeaderElection.java:askForVotes(178)) - 25d6372c-77fd-4a39-ac2a-e48debad48df@group-B2671EB745D2-LeaderElection149: begin an election at term 158 for -1: [50423279-f647-4a18-8e85-347d68eaf856:192.168.69.88:39583, 2ec85f63-33fb-4317-9145-71357d145af9:192.168.69.88:42357, 25d6372c-77fd-4a39-ac2a-e48debad48df:192.168.69.88:39591], old=null
2019-10-15 16:11:51,714 [grpc-default-executor-5] INFO  impl.RaftServerImpl (RaftServerImpl.java:setRole(184)) - 2ec85f63-33fb-4317-9145-71357d145af9@group-B2671EB745D2: changes role from  FOLLOWER to FOLLOWER at term 158 for recognizeCandidate:25d6372c-77fd-4a39-ac2a-e48debad48df
2019-10-15 16:11:51,714 [grpc-default-executor-5] INFO  impl.RoleInfo (RoleInfo.java:shutdownFollowerState(121)) - 2ec85f63-33fb-4317-9145-71357d145af9: shutdown FollowerState
2019-10-15 16:11:51,714 [grpc-default-executor-0] INFO  impl.RaftServerImpl (RaftServerImpl.java:setRole(184)) - 50423279-f647-4a18-8e85-347d68eaf856@group-B2671EB745D2: changes role from  FOLLOWER to FOLLOWER at term 158 for recognizeCandidate:25d6372c-77fd-4a39-ac2a-e48debad48df
2019-10-15 16:11:51,714 [grpc-default-executor-0] INFO  impl.RoleInfo (RoleInfo.java:shutdownFollowerState(121)) - 50423279-f647-4a18-8e85-347d68eaf856: shutdown FollowerState
2019-10-15 16:11:51,714 [Thread-1193] INFO  impl.FollowerState (FollowerState.java:run(117)) - 2ec85f63-33fb-4317-9145-71357d145af9@group-B2671EB745D2-FollowerState was interrupted: java.lang.InterruptedException: sleep interrupted
2019-10-15 16:11:51,714 [grpc-default-executor-5] INFO  impl.RoleInfo (RoleInfo.java:updateAndGet(143)) - 2ec85f63-33fb-4317-9145-71357d145af9: start FollowerState
2019-10-15 16:11:51,715 [Thread-1194] INFO  impl.FollowerState (FollowerState.java:run(117)) - 50423279-f647-4a18-8e85-347d68eaf856@group-B2671EB745D2-FollowerState was interrupted: java.lang.InterruptedException: sleep interrupted
2019-10-15 16:11:51,715 [grpc-default-executor-0] INFO  impl.RoleInfo (RoleInfo.java:updateAndGet(143)) - 50423279-f647-4a18-8e85-347d68eaf856: start FollowerState
2019-10-15 16:11:51,729 [25d6372c-77fd-4a39-ac2a-e48debad48df@group-B2671EB745D2-LeaderElection149] INFO  impl.LeaderElection (LeaderElection.java:logAndReturn(56)) - 25d6372c-77fd-4a39-ac2a-e48debad48df@group-B2671EB745D2-LeaderElection149: Election REJECTED; received 2 response(s) [25d6372c-77fd-4a39-ac2a-e48debad48df<-2ec85f63-33fb-4317-9145-71357d145af9#0:FAIL-t158, 25d6372c-77fd-4a39-ac2a-e48debad48df<-50423279-f647-4a18-8e85-347d68eaf856#0:FAIL-t158] and 0 exception(s); 25d6372c-77fd-4a39-ac2a-e48debad48df@group-B2671EB745D2:t158, leader=null, voted=25d6372c-77fd-4a39-ac2a-e48debad48df, raftlog=25d6372c-77fd-4a39-ac2a-e48debad48df@group-B2671EB745D2-SegmentedRaftLog:OPENED:c-1,f-1,i0, conf=-1: [50423279-f647-4a18-8e85-347d68eaf856:192.168.69.88:39583, 2ec85f63-33fb-4317-9145-71357d145af9:192.168.69.88:42357, 25d6372c-77fd-4a39-ac2a-e48debad48df:192.168.69.88:39591], old=null
2019-10-15 16:11:51,729 [25d6372c-77fd-4a39-ac2a-e48debad48df@group-B2671EB745D2-LeaderElection149] INFO  impl.RaftServerImpl (RaftServerImpl.java:setRole(184)) - 25d6372c-77fd-4a39-ac2a-e48debad48df@group-B2671EB745D2: changes role from CANDIDATE to FOLLOWER at term 158 for DISCOVERED_A_NEW_TERM
2019-10-15 16:11:51,729 [25d6372c-77fd-4a39-ac2a-e48debad48df@group-B2671EB745D2-LeaderElection149] INFO  impl.RoleInfo (RoleInfo.java:shutdownLeaderElection(134)) - 25d6372c-77fd-4a39-ac2a-e48debad48df: shutdown LeaderElection
2019-10-15 16:11:51,729 [25d6372c-77fd-4a39-ac2a-e48debad48df@group-B2671EB745D2-LeaderElection149] INFO  impl.RoleInfo (RoleInfo.java:updateAndGet(143)) - 25d6372c-77fd-4a39-ac2a-e48debad48df: start FollowerState
2019-10-15 16:11:51,853 [Thread-1201] INFO  impl.FollowerState (FollowerState.java:run(108)) - 25d6372c-77fd-4a39-ac2a-e48debad48df@group-B2671EB745D2-FollowerState: change to CANDIDATE, lastRpcTime:123ms, electionTimeout:123ms
2019-10-15 16:11:51,853 [Thread-1201] INFO  impl.RoleInfo (RoleInfo.java:shutdownFollowerState(121)) - 25d6372c-77fd-4a39-ac2a-e48debad48df: shutdown FollowerState
2019-10-15 16:11:51,853 [Thread-1201] INFO  impl.RaftServerImpl (RaftServerImpl.java:setRole(184)) - 25d6372c-77fd-4a39-ac2a-e48debad48df@group-B2671EB745D2: changes role from  FOLLOWER to CANDIDATE at term 158 for changeToCandidate
2019-10-15 16:11:51,853 [Thread-1201] INFO  impl.RoleInfo (RoleInfo.java:updateAndGet(143)) - 25d6372c-77fd-4a39-ac2a-e48debad48df: start LeaderElection
2019-10-15 16:11:51,867 [25d6372c-77fd-4a39-ac2a-e48debad48df@group-B2671EB745D2-LeaderElection150] INFO  impl.LeaderElection (LeaderElection.java:askForVotes(178)) - 25d6372c-77fd-4a39-ac2a-e48debad48df@group-B2671EB745D2-LeaderElection150: begin an election at term 159 for -1: [50423279-f647-4a18-8e85-347d68eaf856:192.168.69.88:39583, 2ec85f63-33fb-4317-9145-71357d145af9:192.168.69.88:42357, 25d6372c-77fd-4a39-ac2a-e48debad48df:192.168.69.88:39591], old=null
2019-10-15 16:11:51,870 [grpc-default-executor-5] INFO  impl.RaftServerImpl (RaftServerImpl.java:setRole(184)) - 2ec85f63-33fb-4317-9145-71357d145af9@group-B2671EB745D2: changes role from  FOLLOWER to FOLLOWER at term 159 for recognizeCandidate:25d6372c-77fd-4a39-ac2a-e48debad48df
2019-10-15 16:11:51,870 [grpc-default-executor-0] INFO  impl.RaftServerImpl (RaftServerImpl.java:setRole(184)) - 50423279-f647-4a18-8e85-347d68eaf856@group-B2671EB745D2: changes role from  FOLLOWER to FOLLOWER at term 159 for recognizeCandidate:25d6372c-77fd-4a39-ac2a-e48debad48df
2019-10-15 16:11:51,870 [grpc-default-executor-5] INFO  impl.RoleInfo (RoleInfo.java:shutdownFollowerState(121)) - 2ec85f63-33fb-4317-9145-71357d145af9: shutdown FollowerState
2019-10-15 16:11:51,870 [grpc-default-executor-0] INFO  impl.RoleInfo (RoleInfo.java:shutdownFollowerState(121)) - 50423279-f647-4a18-8e85-347d68eaf856: shutdown FollowerState
2019-10-15 16:11:51,871 [Thread-1199] INFO  impl.FollowerState (FollowerState.java:run(117)) - 2ec85f63-33fb-4317-9145-71357d145af9@group-B2671EB745D2-FollowerState was interrupted: java.lang.InterruptedException: sleep interrupted
2019-10-15 16:11:51,871 [grpc-default-executor-5] INFO  impl.RoleInfo (RoleInfo.java:updateAndGet(143)) - 2ec85f63-33fb-4317-9145-71357d145af9: start FollowerState
2019-10-15 16:11:51,871 [Thread-1200] INFO  impl.FollowerState (FollowerState.java:run(117)) - 50423279-f647-4a18-8e85-347d68eaf856@group-B2671EB745D2-FollowerState was interrupted: java.lang.InterruptedException: sleep interrupted
2019-10-15 16:11:51,871 [grpc-default-executor-0] INFO  impl.RoleInfo (RoleInfo.java:updateAndGet(143)) - 50423279-f647-4a18-8e85-347d68eaf856: start FollowerState
2019-10-15 16:11:51,886 [25d6372c-77fd-4a39-ac2a-e48debad48df@group-B2671EB745D2-LeaderElection150] INFO  impl.LeaderElection (LeaderElection.java:logAndReturn(56)) - 25d6372c-77fd-4a39-ac2a-e48debad48df@group-B2671EB745D2-LeaderElection150: Election REJECTED; received 2 response(s) [25d6372c-77fd-4a39-ac2a-e48debad48df<-50423279-f647-4a18-8e85-347d68eaf856#0:FAIL-t159, 25d6372c-77fd-4a39-ac2a-e48debad48df<-2ec85f63-33fb-4317-9145-71357d145af9#0:FAIL-t159] and 0 exception(s); 25d6372c-77fd-4a39-ac2a-e48debad48df@group-B2671EB745D2:t159, leader=null, voted=25d6372c-77fd-4a39-ac2a-e48debad48df, raftlog=25d6372c-77fd-4a39-ac2a-e48debad48df@group-B2671EB745D2-SegmentedRaftLog:OPENED:c-1,f-1,i0, conf=-1: [50423279-f647-4a18-8e85-347d68eaf856:192.168.69.88:39583, 2ec85f63-33fb-4317-9145-71357d145af9:192.168.69.88:42357, 25d6372c-77fd-4a39-ac2a-e48debad48df:192.168.69.88:39591], old=null
2019-10-15 16:11:51,886 [25d6372c-77fd-4a39-ac2a-e48debad48df@group-B2671EB745D2-LeaderElection150] INFO  impl.RaftServerImpl (RaftServerImpl.java:setRole(184)) - 25d6372c-77fd-4a39-ac2a-e48debad48df@group-B2671EB745D2: changes role from CANDIDATE to FOLLOWER at term 159 for DISCOVERED_A_NEW_TERM
2019-10-15 16:11:51,886 [25d6372c-77fd-4a39-ac2a-e48debad48df@group-B2671EB745D2-LeaderElection150] INFO  impl.RoleInfo (RoleInfo.java:shutdownLeaderElection(134)) - 25d6372c-77fd-4a39-ac2a-e48debad48df: shutdown LeaderElection
2019-10-15 16:11:51,886 [25d6372c-77fd-4a39-ac2a-e48debad48df@group-B2671EB745D2-LeaderElection150] INFO  impl.RoleInfo (RoleInfo.java:updateAndGet(143)) - 25d6372c-77fd-4a39-ac2a-e48debad48df: start FollowerState
2019-10-15 16:11:52,041 [Thread-1207] INFO  impl.FollowerState (FollowerState.java:run(108)) - 25d6372c-77fd-4a39-ac2a-e48debad48df@group-B2671EB745D2-FollowerState: change to CANDIDATE, lastRpcTime:154ms, electionTimeout:154ms
2019-10-15 16:11:52,041 [Thread-1207] INFO  impl.RoleInfo (RoleInfo.java:shutdownFollowerState(121)) - 25d6372c-77fd-4a39-ac2a-e48debad48df: shutdown FollowerState
2019-10-15 16:11:52,041 [Thread-1207] INFO  impl.RaftServerImpl (RaftServerImpl.java:setRole(184)) - 25d6372c-77fd-4a39-ac2a-e48debad48df@group-B2671EB745D2: changes role from  FOLLOWER to CANDIDATE at term 159 for changeToCandidate
2019-10-15 16:11:52,041 [Thread-1207] INFO  impl.RoleInfo (RoleInfo.java:updateAndGet(143)) - 25d6372c-77fd-4a39-ac2a-e48debad48df: start LeaderElection
2019-10-15 16:11:52,055 [25d6372c-77fd-4a39-ac2a-e48debad48df@group-B2671EB745D2-LeaderElection151] INFO  impl.LeaderElection (LeaderElection.java:askForVotes(178)) - 25d6372c-77fd-4a39-ac2a-e48debad48df@group-B2671EB745D2-LeaderElection151: begin an election at term 160 for -1: [50423279-f647-4a18-8e85-347d68eaf856:192.168.69.88:39583, 2ec85f63-33fb-4317-9145-71357d145af9:192.168.69.88:42357, 25d6372c-77fd-4a39-ac2a-e48debad48df:192.168.69.88:39591], old=null
2019-10-15 16:11:52,058 [grpc-default-executor-0] INFO  impl.RaftServerImpl (RaftServerImpl.java:setRole(184)) - 2ec85f63-33fb-4317-9145-71357d145af9@group-B2671EB745D2: changes role from  FOLLOWER to FOLLOWER at term 160 for recognizeCandidate:25d6372c-77fd-4a39-ac2a-e48debad48df
2019-10-15 16:11:52,058 [grpc-default-executor-0] INFO  impl.RoleInfo (RoleInfo.java:shutdownFollowerState(121)) - 2ec85f63-33fb-4317-9145-71357d145af9: shutdown FollowerState
2019-10-15 16:11:52,058 [grpc-default-executor-5] INFO  impl.RaftServerImpl (RaftServerImpl.java:setRole(184)) - 50423279-f647-4a18-8e85-347d68eaf856@group-B2671EB745D2: changes role from  FOLLOWER to FOLLOWER at term 160 for recognizeCandidate:25d6372c-77fd-4a39-ac2a-e48debad48df
2019-10-15 16:11:52,059 [grpc-default-executor-5] INFO  impl.RoleInfo (RoleInfo.java:shutdownFollowerState(121)) - 50423279-f647-4a18-8e85-347d68eaf856: shutdown FollowerState
2019-10-15 16:11:52,058 [Thread-1205] INFO  impl.FollowerState (FollowerState.java:run(117)) - 2ec85f63-33fb-4317-9145-71357d145af9@group-B2671EB745D2-FollowerState was interrupted: java.lang.InterruptedException: sleep interrupted
2019-10-15 16:11:52,058 [grpc-default-executor-0] INFO  impl.RoleInfo (RoleInfo.java:updateAndGet(143)) - 2ec85f63-33fb-4317-9145-71357d145af9: start FollowerState
2019-10-15 16:11:52,059 [Thread-1206] INFO  impl.FollowerState (FollowerState.java:run(117)) - 50423279-f647-4a18-8e85-347d68eaf856@group-B2671EB745D2-FollowerState was interrupted: java.lang.InterruptedException: sleep interrupted
2019-10-15 16:11:52,059 [grpc-default-executor-5] INFO  impl.RoleInfo (RoleInfo.java:updateAndGet(143)) - 50423279-f647-4a18-8e85-347d68eaf856: start FollowerState
2019-10-15 16:11:52,073 [25d6372c-77fd-4a39-ac2a-e48debad48df@group-B2671EB745D2-LeaderElection151] INFO  impl.LeaderElection (LeaderElection.java:logAndReturn(56)) - 25d6372c-77fd-4a39-ac2a-e48debad48df@group-B2671EB745D2-LeaderElection151: Election REJECTED; received 2 response(s) [25d6372c-77fd-4a39-ac2a-e48debad48df<-50423279-f647-4a18-8e85-347d68eaf856#0:FAIL-t160, 25d6372c-77fd-4a39-ac2a-e48debad48df<-2ec85f63-33fb-4317-9145-71357d145af9#0:FAIL-t160] and 0 exception(s); 25d6372c-77fd-4a39-ac2a-e48debad48df@group-B2671EB745D2:t160, leader=null, voted=25d6372c-77fd-4a39-ac2a-e48debad48df, raftlog=25d6372c-77fd-4a39-ac2a-e48debad48df@group-B2671EB745D2-SegmentedRaftLog:OPENED:c-1,f-1,i0, conf=-1: [50423279-f647-4a18-8e85-347d68eaf856:192.168.69.88:39583, 2ec85f63-33fb-4317-9145-71357d145af9:192.168.69.88:42357, 25d6372c-77fd-4a39-ac2a-e48debad48df:192.168.69.88:39591], old=null
2019-10-15 16:11:52,074 [25d6372c-77fd-4a39-ac2a-e48debad48df@group-B2671EB745D2-LeaderElection151] INFO  impl.RaftServerImpl (RaftServerImpl.java:setRole(184)) - 25d6372c-77fd-4a39-ac2a-e48debad48df@group-B2671EB745D2: changes role from CANDIDATE to FOLLOWER at term 160 for DISCOVERED_A_NEW_TERM
2019-10-15 16:11:52,074 [25d6372c-77fd-4a39-ac2a-e48debad48df@group-B2671EB745D2-LeaderElection151] INFO  impl.RoleInfo (RoleInfo.java:shutdownLeaderElection(134)) - 25d6372c-77fd-4a39-ac2a-e48debad48df: shutdown LeaderElection
2019-10-15 16:11:52,074 [25d6372c-77fd-4a39-ac2a-e48debad48df@group-B2671EB745D2-LeaderElection151] INFO  impl.RoleInfo (RoleInfo.java:updateAndGet(143)) - 25d6372c-77fd-4a39-ac2a-e48debad48df: start FollowerState
2019-10-15 16:11:52,147 [Thread-1213] INFO  impl.FollowerState (FollowerState.java:run(108)) - 25d6372c-77fd-4a39-ac2a-e48debad48df@group-B2671EB745D2-FollowerState: change to CANDIDATE, lastRpcTime:73ms, electionTimeout:73ms
2019-10-15 16:11:52,147 [Thread-1213] INFO  impl.RoleInfo (RoleInfo.java:shutdownFollowerState(121)) - 25d6372c-77fd-4a39-ac2a-e48debad48df: shutdown FollowerState
2019-10-15 16:11:52,148 [Thread-1213] INFO  impl.RaftServerImpl (RaftServerImpl.java:setRole(184)) - 25d6372c-77fd-4a39-ac2a-e48debad48df@group-B2671EB745D2: changes role from  FOLLOWER to CANDIDATE at term 160 for changeToCandidate
2019-10-15 16:11:52,148 [Thread-1213] INFO  impl.RoleInfo (RoleInfo.java:updateAndGet(143)) - 25d6372c-77fd-4a39-ac2a-e48debad48df: start LeaderElection
2019-10-15 16:11:52,162 [25d6372c-77fd-4a39-ac2a-e48debad48df@group-B2671EB745D2-LeaderElection152] INFO  impl.LeaderElection (LeaderElection.java:askForVotes(178)) - 25d6372c-77fd-4a39-ac2a-e48debad48df@group-B2671EB745D2-LeaderElection152: begin an election at term 161 for -1: [50423279-f647-4a18-8e85-347d68eaf856:192.168.69.88:39583, 2ec85f63-33fb-4317-9145-71357d145af9:192.168.69.88:42357, 25d6372c-77fd-4a39-ac2a-e48debad48df:192.168.69.88:39591], old=null
2019-10-15 16:11:52,165 [grpc-default-executor-5] INFO  impl.RaftServerImpl (RaftServerImpl.java:setRole(184)) - 50423279-f647-4a18-8e85-347d68eaf856@group-B2671EB745D2: changes role from  FOLLOWER to FOLLOWER at term 161 for recognizeCandidate:25d6372c-77fd-4a39-ac2a-e48debad48df
2019-10-15 16:11:52,165 [grpc-default-executor-5] INFO  impl.RoleInfo (RoleInfo.java:shutdownFollowerState(121)) - 50423279-f647-4a18-8e85-347d68eaf856: shutdown FollowerState
2019-10-15 16:11:52,165 [grpc-default-executor-0] INFO  impl.RaftServerImpl (RaftServerImpl.java:setRole(184)) - 2ec85f63-33fb-4317-9145-71357d145af9@group-B2671EB745D2: changes role from  FOLLOWER to FOLLOWER at term 161 for recognizeCandidate:25d6372c-77fd-4a39-ac2a-e48debad48df
2019-10-15 16:11:52,165 [Thread-1212] INFO  impl.FollowerState (FollowerState.java:run(117)) - 50423279-f647-4a18-8e85-347d68eaf856@group-B2671EB745D2-FollowerState was interrupted: java.lang.InterruptedException: sleep interrupted
2019-10-15 16:11:52,165 [grpc-default-executor-5] INFO  impl.RoleInfo (RoleInfo.java:updateAndGet(143)) - 50423279-f647-4a18-8e85-347d68eaf856: start FollowerState
2019-10-15 16:11:52,165 [grpc-default-executor-0] INFO  impl.RoleInfo (RoleInfo.java:shutdownFollowerState(121)) - 2ec85f63-33fb-4317-9145-71357d145af9: shutdown FollowerState
2019-10-15 16:11:52,166 [grpc-default-executor-0] INFO  impl.RoleInfo (RoleInfo.java:updateAndGet(143)) - 2ec85f63-33fb-4317-9145-71357d145af9: start FollowerState
2019-10-15 16:11:52,166 [Thread-1211] INFO  impl.FollowerState (FollowerState.java:run(117)) - 2ec85f63-33fb-4317-9145-71357d145af9@group-B2671EB745D2-FollowerState was interrupted: java.lang.InterruptedException: sleep interrupted
2019-10-15 16:11:52,180 [25d6372c-77fd-4a39-ac2a-e48debad48df@group-B2671EB745D2-LeaderElection152] INFO  impl.LeaderElection (LeaderElection.java:logAndReturn(56)) - 25d6372c-77fd-4a39-ac2a-e48debad48df@group-B2671EB745D2-LeaderElection152: Election REJECTED; received 2 response(s) [25d6372c-77fd-4a39-ac2a-e48debad48df<-2ec85f63-33fb-4317-9145-71357d145af9#0:FAIL-t161, 25d6372c-77fd-4a39-ac2a-e48debad48df<-50423279-f647-4a18-8e85-347d68eaf856#0:FAIL-t161] and 0 exception(s); 25d6372c-77fd-4a39-ac2a-e48debad48df@group-B2671EB745D2:t161, leader=null, voted=25d6372c-77fd-4a39-ac2a-e48debad48df, raftlog=25d6372c-77fd-4a39-ac2a-e48debad48df@group-B2671EB745D2-SegmentedRaftLog:OPENED:c-1,f-1,i0, conf=-1: [50423279-f647-4a18-8e85-347d68eaf856:192.168.69.88:39583, 2ec85f63-33fb-4317-9145-71357d145af9:192.168.69.88:42357, 25d6372c-77fd-4a39-ac2a-e48debad48df:192.168.69.88:39591], old=null
2019-10-15 16:11:52,180 [25d6372c-77fd-4a39-ac2a-e48debad48df@group-B2671EB745D2-LeaderElection152] INFO  impl.RaftServerImpl (RaftServerImpl.java:setRole(184)) - 25d6372c-77fd-4a39-ac2a-e48debad48df@group-B2671EB745D2: changes role from CANDIDATE to FOLLOWER at term 161 for DISCOVERED_A_NEW_TERM
2019-10-15 16:11:52,181 [25d6372c-77fd-4a39-ac2a-e48debad48df@group-B2671EB745D2-LeaderElection152] INFO  impl.RoleInfo (RoleInfo.java:shutdownLeaderElection(134)) - 25d6372c-77fd-4a39-ac2a-e48debad48df: shutdown LeaderElection
2019-10-15 16:11:52,181 [25d6372c-77fd-4a39-ac2a-e48debad48df@group-B2671EB745D2-LeaderElection152] INFO  impl.RoleInfo (RoleInfo.java:updateAndGet(143)) - 25d6372c-77fd-4a39-ac2a-e48debad48df: start FollowerState
2019-10-15 16:11:52,206 [Thread-1219] INFO  impl.FollowerState (FollowerState.java:run(108)) - 25d6372c-77fd-4a39-ac2a-e48debad48df@group-B2671EB745D2-FollowerState: change to CANDIDATE, lastRpcTime:25ms, electionTimeout:25ms
2019-10-15 16:11:52,206 [Thread-1219] INFO  impl.RoleInfo (RoleInfo.java:shutdownFollowerState(121)) - 25d6372c-77fd-4a39-ac2a-e48debad48df: shutdown FollowerState
2019-10-15 16:11:52,206 [Thread-1219] INFO  impl.RaftServerImpl (RaftServerImpl.java:setRole(184)) - 25d6372c-77fd-4a39-ac2a-e48debad48df@group-B2671EB745D2: changes role from  FOLLOWER to CANDIDATE at term 161 for changeToCandidate
2019-10-15 16:11:52,207 [Thread-1219] INFO  impl.RoleInfo (RoleInfo.java:updateAndGet(143)) - 25d6372c-77fd-4a39-ac2a-e48debad48df: start LeaderElection
2019-10-15 16:11:52,220 [25d6372c-77fd-4a39-ac2a-e48debad48df@group-B2671EB745D2-LeaderElection153] INFO  impl.LeaderElection (LeaderElection.java:askForVotes(178)) - 25d6372c-77fd-4a39-ac2a-e48debad48df@group-B2671EB745D2-LeaderElection153: begin an election at term 162 for -1: [50423279-f647-4a18-8e85-347d68eaf856:192.168.69.88:39583, 2ec85f63-33fb-4317-9145-71357d145af9:192.168.69.88:42357, 25d6372c-77fd-4a39-ac2a-e48debad48df:192.168.69.88:39591], old=null
2019-10-15 16:11:52,222 [grpc-default-executor-0] INFO  impl.RaftServerImpl (RaftServerImpl.java:setRole(184)) - 2ec85f63-33fb-4317-9145-71357d145af9@group-B2671EB745D2: changes role from  FOLLOWER to FOLLOWER at term 162 for recognizeCandidate:25d6372c-77fd-4a39-ac2a-e48debad48df
2019-10-15 16:11:52,222 [grpc-default-executor-0] INFO  impl.RoleInfo (RoleInfo.java:shutdownFollowerState(121)) - 2ec85f63-33fb-4317-9145-71357d145af9: shutdown FollowerState
2019-10-15 16:11:52,222 [grpc-default-executor-5] INFO  impl.RaftServerImpl (RaftServerImpl.java:setRole(184)) - 50423279-f647-4a18-8e85-347d68eaf856@group-B2671EB745D2: changes role from  FOLLOWER to FOLLOWER at term 162 for recognizeCandidate:25d6372c-77fd-4a39-ac2a-e48debad48df
2019-10-15 16:11:52,223 [Thread-1218] INFO  impl.FollowerState (FollowerState.java:run(117)) - 2ec85f63-33fb-4317-9145-71357d145af9@group-B2671EB745D2-FollowerState was interrupted: java.lang.InterruptedException: sleep interrupted
2019-10-15 16:11:52,222 [grpc-default-executor-0] INFO  impl.RoleInfo (RoleInfo.java:updateAndGet(143)) - 2ec85f63-33fb-4317-9145-71357d145af9: start FollowerState
2019-10-15 16:11:52,223 [grpc-default-executor-5] INFO  impl.RoleInfo (RoleInfo.java:shutdownFollowerState(121)) - 50423279-f647-4a18-8e85-347d68eaf856: shutdown FollowerState
2019-10-15 16:11:52,223 [grpc-default-executor-5] INFO  impl.RoleInfo (RoleInfo.java:updateAndGet(143)) - 50423279-f647-4a18-8e85-347d68eaf856: start FollowerState
2019-10-15 16:11:52,223 [Thread-1217] INFO  impl.FollowerState (FollowerState.java:run(117)) - 50423279-f647-4a18-8e85-347d68eaf856@group-B2671EB745D2-FollowerState was interrupted: java.lang.InterruptedException: sleep interrupted
2019-10-15 16:11:52,237 [25d6372c-77fd-4a39-ac2a-e48debad48df@group-B2671EB745D2-LeaderElection153] INFO  impl.LeaderElection (LeaderElection.java:logAndReturn(56)) - 25d6372c-77fd-4a39-ac2a-e48debad48df@group-B2671EB745D2-LeaderElection153: Election REJECTED; received 2 response(s) [25d6372c-77fd-4a39-ac2a-e48debad48df<-2ec85f63-33fb-4317-9145-71357d145af9#0:FAIL-t162, 25d6372c-77fd-4a39-ac2a-e48debad48df<-50423279-f647-4a18-8e85-347d68eaf856#0:FAIL-t162] and 0 exception(s); 25d6372c-77fd-4a39-ac2a-e48debad48df@group-B2671EB745D2:t162, leader=null, voted=25d6372c-77fd-4a39-ac2a-e48debad48df, raftlog=25d6372c-77fd-4a39-ac2a-e48debad48df@group-B2671EB745D2-SegmentedRaftLog:OPENED:c-1,f-1,i0, conf=-1: [50423279-f647-4a18-8e85-347d68eaf856:192.168.69.88:39583, 2ec85f63-33fb-4317-9145-71357d145af9:192.168.69.88:42357, 25d6372c-77fd-4a39-ac2a-e48debad48df:192.168.69.88:39591], old=null
2019-10-15 16:11:52,238 [25d6372c-77fd-4a39-ac2a-e48debad48df@group-B2671EB745D2-LeaderElection153] INFO  impl.RaftServerImpl (RaftServerImpl.java:setRole(184)) - 25d6372c-77fd-4a39-ac2a-e48debad48df@group-B2671EB745D2: changes role from CANDIDATE to FOLLOWER at term 162 for DISCOVERED_A_NEW_TERM
2019-10-15 16:11:52,238 [25d6372c-77fd-4a39-ac2a-e48debad48df@group-B2671EB745D2-LeaderElection153] INFO  impl.RoleInfo (RoleInfo.java:shutdownLeaderElection(134)) - 25d6372c-77fd-4a39-ac2a-e48debad48df: shutdown LeaderElection
2019-10-15 16:11:52,238 [25d6372c-77fd-4a39-ac2a-e48debad48df@group-B2671EB745D2-LeaderElection153] INFO  impl.RoleInfo (RoleInfo.java:updateAndGet(143)) - 25d6372c-77fd-4a39-ac2a-e48debad48df: start FollowerState
2019-10-15 16:11:52,319 [Thread-1225] INFO  impl.FollowerState (FollowerState.java:run(108)) - 25d6372c-77fd-4a39-ac2a-e48debad48df@group-B2671EB745D2-FollowerState: change to CANDIDATE, lastRpcTime:81ms, electionTimeout:81ms
2019-10-15 16:11:52,320 [Thread-1225] INFO  impl.RoleInfo (RoleInfo.java:shutdownFollowerState(121)) - 25d6372c-77fd-4a39-ac2a-e48debad48df: shutdown FollowerState
2019-10-15 16:11:52,320 [Thread-1225] INFO  impl.RaftServerImpl (RaftServerImpl.java:setRole(184)) - 25d6372c-77fd-4a39-ac2a-e48debad48df@group-B2671EB745D2: changes role from  FOLLOWER to CANDIDATE at term 162 for changeToCandidate
2019-10-15 16:11:52,320 [Thread-1225] INFO  impl.RoleInfo (RoleInfo.java:updateAndGet(143)) - 25d6372c-77fd-4a39-ac2a-e48debad48df: start LeaderElection
2019-10-15 16:11:52,333 [25d6372c-77fd-4a39-ac2a-e48debad48df@group-B2671EB745D2-LeaderElection154] INFO  impl.LeaderElection (LeaderElection.java:askForVotes(178)) - 25d6372c-77fd-4a39-ac2a-e48debad48df@group-B2671EB745D2-LeaderElection154: begin an election at term 163 for -1: [50423279-f647-4a18-8e85-347d68eaf856:192.168.69.88:39583, 2ec85f63-33fb-4317-9145-71357d145af9:192.168.69.88:42357, 25d6372c-77fd-4a39-ac2a-e48debad48df:192.168.69.88:39591], old=null
2019-10-15 16:11:52,335 [grpc-default-executor-5] INFO  impl.RaftServerImpl (RaftServerImpl.java:setRole(184)) - 50423279-f647-4a18-8e85-347d68eaf856@group-B2671EB745D2: changes role from  FOLLOWER to FOLLOWER at term 163 for recognizeCandidate:25d6372c-77fd-4a39-ac2a-e48debad48df
2019-10-15 16:11:52,335 [grpc-default-executor-5] INFO  impl.RoleInfo (RoleInfo.java:shutdownFollowerState(121)) - 50423279-f647-4a18-8e85-347d68eaf856: shutdown FollowerState
2019-10-15 16:11:52,335 [grpc-default-executor-5] INFO  impl.RoleInfo (RoleInfo.java:updateAndGet(143)) - 50423279-f647-4a18-8e85-347d68eaf856: start FollowerState
2019-10-15 16:11:52,335 [Thread-1224] INFO  impl.FollowerState (FollowerState.java:run(117)) - 50423279-f647-4a18-8e85-347d68eaf856@group-B2671EB745D2-FollowerState was interrupted: java.lang.InterruptedException: sleep interrupted
2019-10-15 16:11:52,336 [grpc-default-executor-0] INFO  impl.RaftServerImpl (RaftServerImpl.java:setRole(184)) - 2ec85f63-33fb-4317-9145-71357d145af9@group-B2671EB745D2: changes role from  FOLLOWER to FOLLOWER at term 163 for recognizeCandidate:25d6372c-77fd-4a39-ac2a-e48debad48df
2019-10-15 16:11:52,336 [grpc-default-executor-0] INFO  impl.RoleInfo (RoleInfo.java:shutdownFollowerState(121)) - 2ec85f63-33fb-4317-9145-71357d145af9: shutdown FollowerState
2019-10-15 16:11:52,336 [grpc-default-executor-0] INFO  impl.RoleInfo (RoleInfo.java:updateAndGet(143)) - 2ec85f63-33fb-4317-9145-71357d145af9: start FollowerState
2019-10-15 16:11:52,336 [Thread-1223] INFO  impl.FollowerState (FollowerState.java:run(117)) - 2ec85f63-33fb-4317-9145-71357d145af9@group-B2671EB745D2-FollowerState was interrupted: java.lang.InterruptedException: sleep interrupted
2019-10-15 16:11:52,351 [25d6372c-77fd-4a39-ac2a-e48debad48df@group-B2671EB745D2-LeaderElection154] INFO  impl.LeaderElection (LeaderElection.java:logAndReturn(56)) - 25d6372c-77fd-4a39-ac2a-e48debad48df@group-B2671EB745D2-LeaderElection154: Election REJECTED; received 2 response(s) [25d6372c-77fd-4a39-ac2a-e48debad48df<-50423279-f647-4a18-8e85-347d68eaf856#0:FAIL-t163, 25d6372c-77fd-4a39-ac2a-e48debad48df<-2ec85f63-33fb-4317-9145-71357d145af9#0:FAIL-t163] and 0 exception(s); 25d6372c-77fd-4a39-ac2a-e48debad48df@group-B2671EB745D2:t163, leader=null, voted=25d6372c-77fd-4a39-ac2a-e48debad48df, raftlog=25d6372c-77fd-4a39-ac2a-e48debad48df@group-B2671EB745D2-SegmentedRaftLog:OPENED:c-1,f-1,i0, conf=-1: [50423279-f647-4a18-8e85-347d68eaf856:192.168.69.88:39583, 2ec85f63-33fb-4317-9145-71357d145af9:192.168.69.88:42357, 25d6372c-77fd-4a39-ac2a-e48debad48df:192.168.69.88:39591], old=null
2019-10-15 16:11:52,351 [25d6372c-77fd-4a39-ac2a-e48debad48df@group-B2671EB745D2-LeaderElection154] INFO  impl.RaftServerImpl (RaftServerImpl.java:setRole(184)) - 25d6372c-77fd-4a39-ac2a-e48debad48df@group-B2671EB745D2: changes role from CANDIDATE to FOLLOWER at term 163 for DISCOVERED_A_NEW_TERM
2019-10-15 16:11:52,351 [25d6372c-77fd-4a39-ac2a-e48debad48df@group-B2671EB745D2-LeaderElection154] INFO  impl.RoleInfo (RoleInfo.java:shutdownLeaderElection(134)) - 25d6372c-77fd-4a39-ac2a-e48debad48df: shutdown LeaderElection
2019-10-15 16:11:52,351 [25d6372c-77fd-4a39-ac2a-e48debad48df@group-B2671EB745D2-LeaderElection154] INFO  impl.RoleInfo (RoleInfo.java:updateAndGet(143)) - 25d6372c-77fd-4a39-ac2a-e48debad48df: start FollowerState
2019-10-15 16:11:52,414 [Thread-1231] INFO  impl.FollowerState (FollowerState.java:run(108)) - 25d6372c-77fd-4a39-ac2a-e48debad48df@group-B2671EB745D2-FollowerState: change to CANDIDATE, lastRpcTime:63ms, electionTimeout:63ms
2019-10-15 16:11:52,414 [Thread-1231] INFO  impl.RoleInfo (RoleInfo.java:shutdownFollowerState(121)) - 25d6372c-77fd-4a39-ac2a-e48debad48df: shutdown FollowerState
2019-10-15 16:11:52,414 [Thread-1231] INFO  impl.RaftServerImpl (RaftServerImpl.java:setRole(184)) - 25d6372c-77fd-4a39-ac2a-e48debad48df@group-B2671EB745D2: changes role from  FOLLOWER to CANDIDATE at term 163 for changeToCandidate
2019-10-15 16:11:52,415 [Thread-1231] INFO  impl.RoleInfo (RoleInfo.java:updateAndGet(143)) - 25d6372c-77fd-4a39-ac2a-e48debad48df: start LeaderElection
2019-10-15 16:11:52,428 [25d6372c-77fd-4a39-ac2a-e48debad48df@group-B2671EB745D2-LeaderElection155] INFO  impl.LeaderElection (LeaderElection.java:askForVotes(178)) - 25d6372c-77fd-4a39-ac2a-e48debad48df@group-B2671EB745D2-LeaderElection155: begin an election at term 164 for -1: [50423279-f647-4a18-8e85-347d68eaf856:192.168.69.88:39583, 2ec85f63-33fb-4317-9145-71357d145af9:192.168.69.88:42357, 25d6372c-77fd-4a39-ac2a-e48debad48df:192.168.69.88:39591], old=null
2019-10-15 16:11:52,430 [grpc-default-executor-0] INFO  impl.RaftServerImpl (RaftServerImpl.java:setRole(184)) - 50423279-f647-4a18-8e85-347d68eaf856@group-B2671EB745D2: changes role from  FOLLOWER to FOLLOWER at term 164 for recognizeCandidate:25d6372c-77fd-4a39-ac2a-e48debad48df
2019-10-15 16:11:52,431 [grpc-default-executor-0] INFO  impl.RoleInfo (RoleInfo.java:shutdownFollowerState(121)) - 50423279-f647-4a18-8e85-347d68eaf856: shutdown FollowerState
2019-10-15 16:11:52,431 [grpc-default-executor-5] INFO  impl.RaftServerImpl (RaftServerImpl.java:setRole(184)) - 2ec85f63-33fb-4317-9145-71357d145af9@group-B2671EB745D2: changes role from  FOLLOWER to FOLLOWER at term 164 for recognizeCandidate:25d6372c-77fd-4a39-ac2a-e48debad48df
2019-10-15 16:11:52,431 [Thread-1229] INFO  impl.FollowerState (FollowerState.java:run(117)) - 50423279-f647-4a18-8e85-347d68eaf856@group-B2671EB745D2-FollowerState was interrupted: java.lang.InterruptedException: sleep interrupted
2019-10-15 16:11:52,431 [grpc-default-executor-0] INFO  impl.RoleInfo (RoleInfo.java:updateAndGet(143)) - 50423279-f647-4a18-8e85-347d68eaf856: start FollowerState
2019-10-15 16:11:52,431 [grpc-default-executor-5] INFO  impl.RoleInfo (RoleInfo.java:shutdownFollowerState(121)) - 2ec85f63-33fb-4317-9145-71357d145af9: shutdown FollowerState
2019-10-15 16:11:52,431 [grpc-default-executor-5] INFO  impl.RoleInfo (RoleInfo.java:updateAndGet(143)) - 2ec85f63-33fb-4317-9145-71357d145af9: start FollowerState
2019-10-15 16:11:52,431 [Thread-1230] INFO  impl.FollowerState (FollowerState.java:run(117)) - 2ec85f63-33fb-4317-9145-71357d145af9@group-B2671EB745D2-FollowerState was interrupted: java.lang.InterruptedException: sleep interrupted
2019-10-15 16:11:52,445 [25d6372c-77fd-4a39-ac2a-e48debad48df@group-B2671EB745D2-LeaderElection155] INFO  impl.LeaderElection (LeaderElection.java:logAndReturn(56)) - 25d6372c-77fd-4a39-ac2a-e48debad48df@group-B2671EB745D2-LeaderElection155: Election REJECTED; received 2 response(s) [25d6372c-77fd-4a39-ac2a-e48debad48df<-2ec85f63-33fb-4317-9145-71357d145af9#0:FAIL-t164, 25d6372c-77fd-4a39-ac2a-e48debad48df<-50423279-f647-4a18-8e85-347d68eaf856#0:FAIL-t164] and 0 exception(s); 25d6372c-77fd-4a39-ac2a-e48debad48df@group-B2671EB745D2:t164, leader=null, voted=25d6372c-77fd-4a39-ac2a-e48debad48df, raftlog=25d6372c-77fd-4a39-ac2a-e48debad48df@group-B2671EB745D2-SegmentedRaftLog:OPENED:c-1,f-1,i0, conf=-1: [50423279-f647-4a18-8e85-347d68eaf856:192.168.69.88:39583, 2ec85f63-33fb-4317-9145-71357d145af9:192.168.69.88:42357, 25d6372c-77fd-4a39-ac2a-e48debad48df:192.168.69.88:39591], old=null
2019-10-15 16:11:52,446 [25d6372c-77fd-4a39-ac2a-e48debad48df@group-B2671EB745D2-LeaderElection155] INFO  impl.RaftServerImpl (RaftServerImpl.java:setRole(184)) - 25d6372c-77fd-4a39-ac2a-e48debad48df@group-B2671EB745D2: changes role from CANDIDATE to FOLLOWER at term 164 for DISCOVERED_A_NEW_TERM
2019-10-15 16:11:52,446 [25d6372c-77fd-4a39-ac2a-e48debad48df@group-B2671EB745D2-LeaderElection155] INFO  impl.RoleInfo (RoleInfo.java:shutdownLeaderElection(134)) - 25d6372c-77fd-4a39-ac2a-e48debad48df: shutdown LeaderElection
2019-10-15 16:11:52,446 [25d6372c-77fd-4a39-ac2a-e48debad48df@group-B2671EB745D2-LeaderElection155] INFO  impl.RoleInfo (RoleInfo.java:updateAndGet(143)) - 25d6372c-77fd-4a39-ac2a-e48debad48df: start FollowerState
2019-10-15 16:11:52,489 [Thread-1239] INFO  impl.FollowerState (FollowerState.java:run(108)) - 25d6372c-77fd-4a39-ac2a-e48debad48df@group-B2671EB745D2-FollowerState: change to CANDIDATE, lastRpcTime:43ms, electionTimeout:43ms
2019-10-15 16:11:52,490 [Thread-1239] INFO  impl.RoleInfo (RoleInfo.java:shutdownFollowerState(121)) - 25d6372c-77fd-4a39-ac2a-e48debad48df: shutdown FollowerState
2019-10-15 16:11:52,490 [Thread-1239] INFO  impl.RaftServerImpl (RaftServerImpl.java:setRole(184)) - 25d6372c-77fd-4a39-ac2a-e48debad48df@group-B2671EB745D2: changes role from  FOLLOWER to CANDIDATE at term 164 for changeToCandidate
2019-10-15 16:11:52,490 [Thread-1239] INFO  impl.RoleInfo (RoleInfo.java:updateAndGet(143)) - 25d6372c-77fd-4a39-ac2a-e48debad48df: start LeaderElection
2019-10-15 16:11:52,503 [25d6372c-77fd-4a39-ac2a-e48debad48df@group-B2671EB745D2-LeaderElection156] INFO  impl.LeaderElection (LeaderElection.java:askForVotes(178)) - 25d6372c-77fd-4a39-ac2a-e48debad48df@group-B2671EB745D2-LeaderElection156: begin an election at term 165 for -1: [50423279-f647-4a18-8e85-347d68eaf856:192.168.69.88:39583, 2ec85f63-33fb-4317-9145-71357d145af9:192.168.69.88:42357, 25d6372c-77fd-4a39-ac2a-e48debad48df:192.168.69.88:39591], old=null
2019-10-15 16:11:52,504 [25d6372c-77fd-4a39-ac2a-e48debad48df@group-B2671EB745D2-LeaderElection156] INFO  impl.LeaderElection (LeaderElection.java:logAndReturn(56)) - 25d6372c-77fd-4a39-ac2a-e48debad48df@group-B2671EB745D2-LeaderElection156: Election TIMEOUT; received 0 response(s) [] and 0 exception(s); 25d6372c-77fd-4a39-ac2a-e48debad48df@group-B2671EB745D2:t165, leader=null, voted=25d6372c-77fd-4a39-ac2a-e48debad48df, raftlog=25d6372c-77fd-4a39-ac2a-e48debad48df@group-B2671EB745D2-SegmentedRaftLog:OPENED:c-1,f-1,i0, conf=-1: [50423279-f647-4a18-8e85-347d68eaf856:192.168.69.88:39583, 2ec85f63-33fb-4317-9145-71357d145af9:192.168.69.88:42357, 25d6372c-77fd-4a39-ac2a-e48debad48df:192.168.69.88:39591], old=null
2019-10-15 16:11:52,506 [grpc-default-executor-0] INFO  impl.RaftServerImpl (RaftServerImpl.java:setRole(184)) - 50423279-f647-4a18-8e85-347d68eaf856@group-B2671EB745D2: changes role from  FOLLOWER to FOLLOWER at term 165 for recognizeCandidate:25d6372c-77fd-4a39-ac2a-e48debad48df
2019-10-15 16:11:52,506 [grpc-default-executor-5] INFO  impl.RaftServerImpl (RaftServerImpl.java:setRole(184)) - 2ec85f63-33fb-4317-9145-71357d145af9@group-B2671EB745D2: changes role from  FOLLOWER to FOLLOWER at term 165 for recognizeCandidate:25d6372c-77fd-4a39-ac2a-e48debad48df
2019-10-15 16:11:52,506 [grpc-default-executor-0] INFO  impl.RoleInfo (RoleInfo.java:shutdownFollowerState(121)) - 50423279-f647-4a18-8e85-347d68eaf856: shutdown FollowerState
2019-10-15 16:11:52,506 [grpc-default-executor-5] INFO  impl.RoleInfo (RoleInfo.java:shutdownFollowerState(121)) - 2ec85f63-33fb-4317-9145-71357d145af9: shutdown FollowerState
2019-10-15 16:11:52,506 [grpc-default-executor-0] INFO  impl.RoleInfo (RoleInfo.java:updateAndGet(143)) - 50423279-f647-4a18-8e85-347d68eaf856: start FollowerState
2019-10-15 16:11:52,506 [Thread-1237] INFO  impl.FollowerState (FollowerState.java:run(117)) - 50423279-f647-4a18-8e85-347d68eaf856@group-B2671EB745D2-FollowerState was interrupted: java.lang.InterruptedException: sleep interrupted
2019-10-15 16:11:52,506 [Thread-1238] INFO  impl.FollowerState (FollowerState.java:run(117)) - 2ec85f63-33fb-4317-9145-71357d145af9@group-B2671EB745D2-FollowerState was interrupted: java.lang.InterruptedException: sleep interrupted
2019-10-15 16:11:52,506 [grpc-default-executor-5] INFO  impl.RoleInfo (RoleInfo.java:updateAndGet(143)) - 2ec85f63-33fb-4317-9145-71357d145af9: start FollowerState
2019-10-15 16:11:52,522 [25d6372c-77fd-4a39-ac2a-e48debad48df@group-B2671EB745D2-LeaderElection156] INFO  impl.LeaderElection (LeaderElection.java:askForVotes(178)) - 25d6372c-77fd-4a39-ac2a-e48debad48df@group-B2671EB745D2-LeaderElection156: begin an election at term 166 for -1: [50423279-f647-4a18-8e85-347d68eaf856:192.168.69.88:39583, 2ec85f63-33fb-4317-9145-71357d145af9:192.168.69.88:42357, 25d6372c-77fd-4a39-ac2a-e48debad48df:192.168.69.88:39591], old=null
2019-10-15 16:11:52,523 [grpc-default-executor-0] INFO  impl.RaftServerImpl (RaftServerImpl.java:setRole(184)) - 50423279-f647-4a18-8e85-347d68eaf856@group-B2671EB745D2: changes role from  FOLLOWER to FOLLOWER at term 166 for recognizeCandidate:25d6372c-77fd-4a39-ac2a-e48debad48df
2019-10-15 16:11:52,523 [grpc-default-executor-0] INFO  impl.RoleInfo (RoleInfo.java:shutdownFollowerState(121)) - 50423279-f647-4a18-8e85-347d68eaf856: shutdown FollowerState
2019-10-15 16:11:52,523 [grpc-default-executor-0] INFO  impl.RoleInfo (RoleInfo.java:updateAndGet(143)) - 50423279-f647-4a18-8e85-347d68eaf856: start FollowerState
2019-10-15 16:11:52,523 [grpc-default-executor-5] INFO  impl.RaftServerImpl (RaftServerImpl.java:setRole(184)) - 2ec85f63-33fb-4317-9145-71357d145af9@group-B2671EB745D2: changes role from  FOLLOWER to FOLLOWER at term 166 for recognizeCandidate:25d6372c-77fd-4a39-ac2a-e48debad48df
2019-10-15 16:11:52,524 [Thread-1243] INFO  impl.FollowerState (FollowerState.java:run(117)) - 50423279-f647-4a18-8e85-347d68eaf856@group-B2671EB745D2-FollowerState was interrupted: java.lang.InterruptedException: sleep interrupted
2019-10-15 16:11:52,524 [grpc-default-executor-5] INFO  impl.RoleInfo (RoleInfo.java:shutdownFollowerState(121)) - 2ec85f63-33fb-4317-9145-71357d145af9: shutdown FollowerState
2019-10-15 16:11:52,524 [grpc-default-executor-5] INFO  impl.RoleInfo (RoleInfo.java:updateAndGet(143)) - 2ec85f63-33fb-4317-9145-71357d145af9: start FollowerState
2019-10-15 16:11:52,524 [Thread-1244] INFO  impl.FollowerState (FollowerState.java:run(117)) - 2ec85f63-33fb-4317-9145-71357d145af9@group-B2671EB745D2-FollowerState was interrupted: java.lang.InterruptedException: sleep interrupted
2019-10-15 16:11:52,534 [25d6372c-77fd-4a39-ac2a-e48debad48df@group-B2671EB745D2-LeaderElection156] INFO  impl.LeaderElection (LeaderElection.java:logAndReturn(56)) - 25d6372c-77fd-4a39-ac2a-e48debad48df@group-B2671EB745D2-LeaderElection156: Election REJECTED; received 2 response(s) [25d6372c-77fd-4a39-ac2a-e48debad48df<-50423279-f647-4a18-8e85-347d68eaf856#0:FAIL-t166, 25d6372c-77fd-4a39-ac2a-e48debad48df<-2ec85f63-33fb-4317-9145-71357d145af9#0:FAIL-t166] and 0 exception(s); 25d6372c-77fd-4a39-ac2a-e48debad48df@group-B2671EB745D2:t166, leader=null, voted=25d6372c-77fd-4a39-ac2a-e48debad48df, raftlog=25d6372c-77fd-4a39-ac2a-e48debad48df@group-B2671EB745D2-SegmentedRaftLog:OPENED:c-1,f-1,i0, conf=-1: [50423279-f647-4a18-8e85-347d68eaf856:192.168.69.88:39583, 2ec85f63-33fb-4317-9145-71357d145af9:192.168.69.88:42357, 25d6372c-77fd-4a39-ac2a-e48debad48df:192.168.69.88:39591], old=null
2019-10-15 16:11:52,535 [25d6372c-77fd-4a39-ac2a-e48debad48df@group-B2671EB745D2-LeaderElection156] INFO  impl.RaftServerImpl (RaftServerImpl.java:setRole(184)) - 25d6372c-77fd-4a39-ac2a-e48debad48df@group-B2671EB745D2: changes role from CANDIDATE to FOLLOWER at term 166 for DISCOVERED_A_NEW_TERM
2019-10-15 16:11:52,535 [25d6372c-77fd-4a39-ac2a-e48debad48df@group-B2671EB745D2-LeaderElection156] INFO  impl.RoleInfo (RoleInfo.java:shutdownLeaderElection(134)) - 25d6372c-77fd-4a39-ac2a-e48debad48df: shutdown LeaderElection
2019-10-15 16:11:52,535 [25d6372c-77fd-4a39-ac2a-e48debad48df@group-B2671EB745D2-LeaderElection156] INFO  impl.RoleInfo (RoleInfo.java:updateAndGet(143)) - 25d6372c-77fd-4a39-ac2a-e48debad48df: start FollowerState
2019-10-15 16:11:52,686 [Thread-1249] INFO  impl.FollowerState (FollowerState.java:run(108)) - 25d6372c-77fd-4a39-ac2a-e48debad48df@group-B2671EB745D2-FollowerState: change to CANDIDATE, lastRpcTime:151ms, electionTimeout:151ms
2019-10-15 16:11:52,686 [Thread-1249] INFO  impl.RoleInfo (RoleInfo.java:shutdownFollowerState(121)) - 25d6372c-77fd-4a39-ac2a-e48debad48df: shutdown FollowerState
2019-10-15 16:11:52,687 [Thread-1249] INFO  impl.RaftServerImpl (RaftServerImpl.java:setRole(184)) - 25d6372c-77fd-4a39-ac2a-e48debad48df@group-B2671EB745D2: changes role from  FOLLOWER to CANDIDATE at term 166 for changeToCandidate
2019-10-15 16:11:52,687 [Thread-1249] INFO  impl.RoleInfo (RoleInfo.java:updateAndGet(143)) - 25d6372c-77fd-4a39-ac2a-e48debad48df: start LeaderElection
2019-10-15 16:11:52,700 [25d6372c-77fd-4a39-ac2a-e48debad48df@group-B2671EB745D2-LeaderElection157] INFO  impl.LeaderElection (LeaderElection.java:askForVotes(178)) - 25d6372c-77fd-4a39-ac2a-e48debad48df@group-B2671EB745D2-LeaderElection157: begin an election at term 167 for -1: [50423279-f647-4a18-8e85-347d68eaf856:192.168.69.88:39583, 2ec85f63-33fb-4317-9145-71357d145af9:192.168.69.88:42357, 25d6372c-77fd-4a39-ac2a-e48debad48df:192.168.69.88:39591], old=null
2019-10-15 16:11:52,703 [grpc-default-executor-0] INFO  impl.RaftServerImpl (RaftServerImpl.java:setRole(184)) - 2ec85f63-33fb-4317-9145-71357d145af9@group-B2671EB745D2: changes role from  FOLLOWER to FOLLOWER at term 167 for recognizeCandidate:25d6372c-77fd-4a39-ac2a-e48debad48df
2019-10-15 16:11:52,703 [grpc-default-executor-5] INFO  impl.RaftServerImpl (RaftServerImpl.java:setRole(184)) - 50423279-f647-4a18-8e85-347d68eaf856@group-B2671EB745D2: changes role from  FOLLOWER to FOLLOWER at term 167 for recognizeCandidate:25d6372c-77fd-4a39-ac2a-e48debad48df
2019-10-15 16:11:52,703 [grpc-default-executor-0] INFO  impl.RoleInfo (RoleInfo.java:shutdownFollowerState(121)) - 2ec85f63-33fb-4317-9145-71357d145af9: shutdown FollowerState
2019-10-15 16:11:52,703 [grpc-default-executor-5] INFO  impl.RoleInfo (RoleInfo.java:shutdownFollowerState(121)) - 50423279-f647-4a18-8e85-347d68eaf856: shutdown FollowerState
2019-10-15 16:11:52,703 [grpc-default-executor-0] INFO  impl.RoleInfo (RoleInfo.java:updateAndGet(143)) - 2ec85f63-33fb-4317-9145-71357d145af9: start FollowerState
2019-10-15 16:11:52,703 [Thread-1248] INFO  impl.FollowerState (FollowerState.java:run(117)) - 2ec85f63-33fb-4317-9145-71357d145af9@group-B2671EB745D2-FollowerState was interrupted: java.lang.InterruptedException: sleep interrupted
2019-10-15 16:11:52,703 [grpc-default-executor-5] INFO  impl.RoleInfo (RoleInfo.java:updateAndGet(143)) - 50423279-f647-4a18-8e85-347d68eaf856: start FollowerState
2019-10-15 16:11:52,703 [Thread-1247] INFO  impl.FollowerState (FollowerState.java:run(117)) - 50423279-f647-4a18-8e85-347d68eaf856@group-B2671EB745D2-FollowerState was interrupted: java.lang.InterruptedException: sleep interrupted
2019-10-15 16:11:52,719 [25d6372c-77fd-4a39-ac2a-e48debad48df@group-B2671EB745D2-LeaderElection157] INFO  impl.LeaderElection (LeaderElection.java:logAndReturn(56)) - 25d6372c-77fd-4a39-ac2a-e48debad48df@group-B2671EB745D2-LeaderElection157: Election REJECTED; received 2 response(s) [25d6372c-77fd-4a39-ac2a-e48debad48df<-2ec85f63-33fb-4317-9145-71357d145af9#0:FAIL-t167, 25d6372c-77fd-4a39-ac2a-e48debad48df<-50423279-f647-4a18-8e85-347d68eaf856#0:FAIL-t167] and 0 exception(s); 25d6372c-77fd-4a39-ac2a-e48debad48df@group-B2671EB745D2:t167, leader=null, voted=25d6372c-77fd-4a39-ac2a-e48debad48df, raftlog=25d6372c-77fd-4a39-ac2a-e48debad48df@group-B2671EB745D2-SegmentedRaftLog:OPENED:c-1,f-1,i0, conf=-1: [50423279-f647-4a18-8e85-347d68eaf856:192.168.69.88:39583, 2ec85f63-33fb-4317-9145-71357d145af9:192.168.69.88:42357, 25d6372c-77fd-4a39-ac2a-e48debad48df:192.168.69.88:39591], old=null
2019-10-15 16:11:52,720 [25d6372c-77fd-4a39-ac2a-e48debad48df@group-B2671EB745D2-LeaderElection157] INFO  impl.RaftServerImpl (RaftServerImpl.java:setRole(184)) - 25d6372c-77fd-4a39-ac2a-e48debad48df@group-B2671EB745D2: changes role from CANDIDATE to FOLLOWER at term 167 for DISCOVERED_A_NEW_TERM
2019-10-15 16:11:52,720 [25d6372c-77fd-4a39-ac2a-e48debad48df@group-B2671EB745D2-LeaderElection157] INFO  impl.RoleInfo (RoleInfo.java:shutdownLeaderElection(134)) - 25d6372c-77fd-4a39-ac2a-e48debad48df: shutdown LeaderElection
2019-10-15 16:11:52,720 [25d6372c-77fd-4a39-ac2a-e48debad48df@group-B2671EB745D2-LeaderElection157] INFO  impl.RoleInfo (RoleInfo.java:updateAndGet(143)) - 25d6372c-77fd-4a39-ac2a-e48debad48df: start FollowerState
2019-10-15 16:11:52,881 [Thread-1255] INFO  impl.FollowerState (FollowerState.java:run(108)) - 25d6372c-77fd-4a39-ac2a-e48debad48df@group-B2671EB745D2-FollowerState: change to CANDIDATE, lastRpcTime:161ms, electionTimeout:161ms
2019-10-15 16:11:52,881 [Thread-1255] INFO  impl.RoleInfo (RoleInfo.java:shutdownFollowerState(121)) - 25d6372c-77fd-4a39-ac2a-e48debad48df: shutdown FollowerState
2019-10-15 16:11:52,882 [Thread-1255] INFO  impl.RaftServerImpl (RaftServerImpl.java:setRole(184)) - 25d6372c-77fd-4a39-ac2a-e48debad48df@group-B2671EB745D2: changes role from  FOLLOWER to CANDIDATE at term 167 for changeToCandidate
2019-10-15 16:11:52,882 [Thread-1255] INFO  impl.RoleInfo (RoleInfo.java:updateAndGet(143)) - 25d6372c-77fd-4a39-ac2a-e48debad48df: start LeaderElection
2019-10-15 16:11:52,896 [25d6372c-77fd-4a39-ac2a-e48debad48df@group-B2671EB745D2-LeaderElection158] INFO  impl.LeaderElection (LeaderElection.java:askForVotes(178)) - 25d6372c-77fd-4a39-ac2a-e48debad48df@group-B2671EB745D2-LeaderElection158: begin an election at term 168 for -1: [50423279-f647-4a18-8e85-347d68eaf856:192.168.69.88:39583, 2ec85f63-33fb-4317-9145-71357d145af9:192.168.69.88:42357, 25d6372c-77fd-4a39-ac2a-e48debad48df:192.168.69.88:39591], old=null
2019-10-15 16:11:52,898 [grpc-default-executor-5] INFO  impl.RaftServerImpl (RaftServerImpl.java:setRole(184)) - 50423279-f647-4a18-8e85-347d68eaf856@group-B2671EB745D2: changes role from  FOLLOWER to FOLLOWER at term 168 for recognizeCandidate:25d6372c-77fd-4a39-ac2a-e48debad48df
2019-10-15 16:11:52,898 [grpc-default-executor-5] INFO  impl.RoleInfo (RoleInfo.java:shutdownFollowerState(121)) - 50423279-f647-4a18-8e85-347d68eaf856: shutdown FollowerState
2019-10-15 16:11:52,898 [grpc-default-executor-0] INFO  impl.RaftServerImpl (RaftServerImpl.java:setRole(184)) - 2ec85f63-33fb-4317-9145-71357d145af9@group-B2671EB745D2: changes role from  FOLLOWER to FOLLOWER at term 168 for recognizeCandidate:25d6372c-77fd-4a39-ac2a-e48debad48df
2019-10-15 16:11:52,899 [grpc-default-executor-0] INFO  impl.RoleInfo (RoleInfo.java:shutdownFollowerState(121)) - 2ec85f63-33fb-4317-9145-71357d145af9: shutdown FollowerState
2019-10-15 16:11:52,898 [Thread-1254] INFO  impl.FollowerState (FollowerState.java:run(117)) - 50423279-f647-4a18-8e85-347d68eaf856@group-B2671EB745D2-FollowerState was interrupted: java.lang.InterruptedException: sleep interrupted
2019-10-15 16:11:52,898 [grpc-default-executor-5] INFO  impl.RoleInfo (RoleInfo.java:updateAndGet(143)) - 50423279-f647-4a18-8e85-347d68eaf856: start FollowerState
2019-10-15 16:11:52,899 [Thread-1253] INFO  impl.FollowerState (FollowerState.java:run(117)) - 2ec85f63-33fb-4317-9145-71357d145af9@group-B2671EB745D2-FollowerState was interrupted: java.lang.InterruptedException: sleep interrupted
2019-10-15 16:11:52,899 [grpc-default-executor-0] INFO  impl.RoleInfo (RoleInfo.java:updateAndGet(143)) - 2ec85f63-33fb-4317-9145-71357d145af9: start FollowerState
2019-10-15 16:11:52,913 [25d6372c-77fd-4a39-ac2a-e48debad48df@group-B2671EB745D2-LeaderElection158] INFO  impl.LeaderElection (LeaderElection.java:logAndReturn(56)) - 25d6372c-77fd-4a39-ac2a-e48debad48df@group-B2671EB745D2-LeaderElection158: Election REJECTED; received 2 response(s) [25d6372c-77fd-4a39-ac2a-e48debad48df<-2ec85f63-33fb-4317-9145-71357d145af9#0:FAIL-t168, 25d6372c-77fd-4a39-ac2a-e48debad48df<-50423279-f647-4a18-8e85-347d68eaf856#0:FAIL-t168] and 0 exception(s); 25d6372c-77fd-4a39-ac2a-e48debad48df@group-B2671EB745D2:t168, leader=null, voted=25d6372c-77fd-4a39-ac2a-e48debad48df, raftlog=25d6372c-77fd-4a39-ac2a-e48debad48df@group-B2671EB745D2-SegmentedRaftLog:OPENED:c-1,f-1,i0, conf=-1: [50423279-f647-4a18-8e85-347d68eaf856:192.168.69.88:39583, 2ec85f63-33fb-4317-9145-71357d145af9:192.168.69.88:42357, 25d6372c-77fd-4a39-ac2a-e48debad48df:192.168.69.88:39591], old=null
2019-10-15 16:11:52,913 [25d6372c-77fd-4a39-ac2a-e48debad48df@group-B2671EB745D2-LeaderElection158] INFO  impl.RaftServerImpl (RaftServerImpl.java:setRole(184)) - 25d6372c-77fd-4a39-ac2a-e48debad48df@group-B2671EB745D2: changes role from CANDIDATE to FOLLOWER at term 168 for DISCOVERED_A_NEW_TERM
2019-10-15 16:11:52,913 [25d6372c-77fd-4a39-ac2a-e48debad48df@group-B2671EB745D2-LeaderElection158] INFO  impl.RoleInfo (RoleInfo.java:shutdownLeaderElection(134)) - 25d6372c-77fd-4a39-ac2a-e48debad48df: shutdown LeaderElection
2019-10-15 16:11:52,913 [25d6372c-77fd-4a39-ac2a-e48debad48df@group-B2671EB745D2-LeaderElection158] INFO  impl.RoleInfo (RoleInfo.java:updateAndGet(143)) - 25d6372c-77fd-4a39-ac2a-e48debad48df: start FollowerState
2019-10-15 16:11:53,048 [Thread-1261] INFO  impl.FollowerState (FollowerState.java:run(108)) - 25d6372c-77fd-4a39-ac2a-e48debad48df@group-B2671EB745D2-FollowerState: change to CANDIDATE, lastRpcTime:134ms, electionTimeout:134ms
2019-10-15 16:11:53,048 [Thread-1261] INFO  impl.RoleInfo (RoleInfo.java:shutdownFollowerState(121)) - 25d6372c-77fd-4a39-ac2a-e48debad48df: shutdown FollowerState
2019-10-15 16:11:53,048 [Thread-1261] INFO  impl.RaftServerImpl (RaftServerImpl.java:setRole(184)) - 25d6372c-77fd-4a39-ac2a-e48debad48df@group-B2671EB745D2: changes role from  FOLLOWER to CANDIDATE at term 168 for changeToCandidate
2019-10-15 16:11:53,048 [Thread-1261] INFO  impl.RoleInfo (RoleInfo.java:updateAndGet(143)) - 25d6372c-77fd-4a39-ac2a-e48debad48df: start LeaderElection
2019-10-15 16:11:53,062 [25d6372c-77fd-4a39-ac2a-e48debad48df@group-B2671EB745D2-LeaderElection159] INFO  impl.LeaderElection (LeaderElection.java:askForVotes(178)) - 25d6372c-77fd-4a39-ac2a-e48debad48df@group-B2671EB745D2-LeaderElection159: begin an election at term 169 for -1: [50423279-f647-4a18-8e85-347d68eaf856:192.168.69.88:39583, 2ec85f63-33fb-4317-9145-71357d145af9:192.168.69.88:42357, 25d6372c-77fd-4a39-ac2a-e48debad48df:192.168.69.88:39591], old=null
2019-10-15 16:11:53,065 [grpc-default-executor-5] INFO  impl.RaftServerImpl (RaftServerImpl.java:setRole(184)) - 50423279-f647-4a18-8e85-347d68eaf856@group-B2671EB745D2: changes role from  FOLLOWER to FOLLOWER at term 169 for recognizeCandidate:25d6372c-77fd-4a39-ac2a-e48debad48df
2019-10-15 16:11:53,065 [grpc-default-executor-5] INFO  impl.RoleInfo (RoleInfo.java:shutdownFollowerState(121)) - 50423279-f647-4a18-8e85-347d68eaf856: shutdown FollowerState
2019-10-15 16:11:53,065 [grpc-default-executor-0] INFO  impl.RaftServerImpl (RaftServerImpl.java:setRole(184)) - 2ec85f63-33fb-4317-9145-71357d145af9@group-B2671EB745D2: changes role from  FOLLOWER to FOLLOWER at term 169 for recognizeCandidate:25d6372c-77fd-4a39-ac2a-e48debad48df
2019-10-15 16:11:53,065 [Thread-1259] INFO  impl.FollowerState (FollowerState.java:run(117)) - 50423279-f647-4a18-8e85-347d68eaf856@group-B2671EB745D2-FollowerState was interrupted: java.lang.InterruptedException: sleep interrupted
2019-10-15 16:11:53,065 [grpc-default-executor-5] INFO  impl.RoleInfo (RoleInfo.java:updateAndGet(143)) - 50423279-f647-4a18-8e85-347d68eaf856: start FollowerState
2019-10-15 16:11:53,065 [grpc-default-executor-0] INFO  impl.RoleInfo (RoleInfo.java:shutdownFollowerState(121)) - 2ec85f63-33fb-4317-9145-71357d145af9: shutdown FollowerState
2019-10-15 16:11:53,066 [grpc-default-executor-0] INFO  impl.RoleInfo (RoleInfo.java:updateAndGet(143)) - 2ec85f63-33fb-4317-9145-71357d145af9: start FollowerState
2019-10-15 16:11:53,066 [Thread-1260] INFO  impl.FollowerState (FollowerState.java:run(117)) - 2ec85f63-33fb-4317-9145-71357d145af9@group-B2671EB745D2-FollowerState was interrupted: java.lang.InterruptedException: sleep interrupted
2019-10-15 16:11:53,077 [25d6372c-77fd-4a39-ac2a-e48debad48df@group-B2671EB745D2-LeaderElection159] INFO  impl.LeaderElection (LeaderElection.java:logAndReturn(56)) - 25d6372c-77fd-4a39-ac2a-e48debad48df@group-B2671EB745D2-LeaderElection159: Election REJECTED; received 2 response(s) [25d6372c-77fd-4a39-ac2a-e48debad48df<-2ec85f63-33fb-4317-9145-71357d145af9#0:FAIL-t169, 25d6372c-77fd-4a39-ac2a-e48debad48df<-50423279-f647-4a18-8e85-347d68eaf856#0:FAIL-t169] and 0 exception(s); 25d6372c-77fd-4a39-ac2a-e48debad48df@group-B2671EB745D2:t169, leader=null, voted=25d6372c-77fd-4a39-ac2a-e48debad48df, raftlog=25d6372c-77fd-4a39-ac2a-e48debad48df@group-B2671EB745D2-SegmentedRaftLog:OPENED:c-1,f-1,i0, conf=-1: [50423279-f647-4a18-8e85-347d68eaf856:192.168.69.88:39583, 2ec85f63-33fb-4317-9145-71357d145af9:192.168.69.88:42357, 25d6372c-77fd-4a39-ac2a-e48debad48df:192.168.69.88:39591], old=null
2019-10-15 16:11:53,077 [25d6372c-77fd-4a39-ac2a-e48debad48df@group-B2671EB745D2-LeaderElection159] INFO  impl.RaftServerImpl (RaftServerImpl.java:setRole(184)) - 25d6372c-77fd-4a39-ac2a-e48debad48df@group-B2671EB745D2: changes role from CANDIDATE to FOLLOWER at term 169 for DISCOVERED_A_NEW_TERM
2019-10-15 16:11:53,077 [25d6372c-77fd-4a39-ac2a-e48debad48df@group-B2671EB745D2-LeaderElection159] INFO  impl.RoleInfo (RoleInfo.java:shutdownLeaderElection(134)) - 25d6372c-77fd-4a39-ac2a-e48debad48df: shutdown LeaderElection
2019-10-15 16:11:53,078 [25d6372c-77fd-4a39-ac2a-e48debad48df@group-B2671EB745D2-LeaderElection159] INFO  impl.RoleInfo (RoleInfo.java:updateAndGet(143)) - 25d6372c-77fd-4a39-ac2a-e48debad48df: start FollowerState
2019-10-15 16:11:53,267 [Thread-1267] INFO  impl.FollowerState (FollowerState.java:run(108)) - 25d6372c-77fd-4a39-ac2a-e48debad48df@group-B2671EB745D2-FollowerState: change to CANDIDATE, lastRpcTime:189ms, electionTimeout:189ms
2019-10-15 16:11:53,267 [Thread-1267] INFO  impl.RoleInfo (RoleInfo.java:shutdownFollowerState(121)) - 25d6372c-77fd-4a39-ac2a-e48debad48df: shutdown FollowerState
2019-10-15 16:11:53,267 [Thread-1267] INFO  impl.RaftServerImpl (RaftServerImpl.java:setRole(184)) - 25d6372c-77fd-4a39-ac2a-e48debad48df@group-B2671EB745D2: changes role from  FOLLOWER to CANDIDATE at term 169 for changeToCandidate
2019-10-15 16:11:53,267 [Thread-1267] INFO  impl.RoleInfo (RoleInfo.java:updateAndGet(143)) - 25d6372c-77fd-4a39-ac2a-e48debad48df: start LeaderElection
2019-10-15 16:11:53,281 [25d6372c-77fd-4a39-ac2a-e48debad48df@group-B2671EB745D2-LeaderElection160] INFO  impl.LeaderElection (LeaderElection.java:askForVotes(178)) - 25d6372c-77fd-4a39-ac2a-e48debad48df@group-B2671EB745D2-LeaderElection160: begin an election at term 170 for -1: [50423279-f647-4a18-8e85-347d68eaf856:192.168.69.88:39583, 2ec85f63-33fb-4317-9145-71357d145af9:192.168.69.88:42357, 25d6372c-77fd-4a39-ac2a-e48debad48df:192.168.69.88:39591], old=null
2019-10-15 16:11:53,283 [grpc-default-executor-5] INFO  impl.RaftServerImpl (RaftServerImpl.java:setRole(184)) - 50423279-f647-4a18-8e85-347d68eaf856@group-B2671EB745D2: changes role from  FOLLOWER to FOLLOWER at term 170 for recognizeCandidate:25d6372c-77fd-4a39-ac2a-e48debad48df
2019-10-15 16:11:53,284 [grpc-default-executor-0] INFO  impl.RaftServerImpl (RaftServerImpl.java:setRole(184)) - 2ec85f63-33fb-4317-9145-71357d145af9@group-B2671EB745D2: changes role from  FOLLOWER to FOLLOWER at term 170 for recognizeCandidate:25d6372c-77fd-4a39-ac2a-e48debad48df
2019-10-15 16:11:53,284 [grpc-default-executor-5] INFO  impl.RoleInfo (RoleInfo.java:shutdownFollowerState(121)) - 50423279-f647-4a18-8e85-347d68eaf856: shutdown FollowerState
2019-10-15 16:11:53,284 [grpc-default-executor-0] INFO  impl.RoleInfo (RoleInfo.java:shutdownFollowerState(121)) - 2ec85f63-33fb-4317-9145-71357d145af9: shutdown FollowerState
2019-10-15 16:11:53,284 [Thread-1265] INFO  impl.FollowerState (FollowerState.java:run(117)) - 50423279-f647-4a18-8e85-347d68eaf856@group-B2671EB745D2-FollowerState was interrupted: java.lang.InterruptedException: sleep interrupted
2019-10-15 16:11:53,284 [grpc-default-executor-5] INFO  impl.RoleInfo (RoleInfo.java:updateAndGet(143)) - 50423279-f647-4a18-8e85-347d68eaf856: start FollowerState
2019-10-15 16:11:53,284 [Thread-1266] INFO  impl.FollowerState (FollowerState.java:run(117)) - 2ec85f63-33fb-4317-9145-71357d145af9@group-B2671EB745D2-FollowerState was interrupted: java.lang.InterruptedException: sleep interrupted
2019-10-15 16:11:53,284 [grpc-default-executor-0] INFO  impl.RoleInfo (RoleInfo.java:updateAndGet(143)) - 2ec85f63-33fb-4317-9145-71357d145af9: start FollowerState
2019-10-15 16:11:53,299 [25d6372c-77fd-4a39-ac2a-e48debad48df@group-B2671EB745D2-LeaderElection160] INFO  impl.LeaderElection (LeaderElection.java:logAndReturn(56)) - 25d6372c-77fd-4a39-ac2a-e48debad48df@group-B2671EB745D2-LeaderElection160: Election REJECTED; received 2 response(s) [25d6372c-77fd-4a39-ac2a-e48debad48df<-50423279-f647-4a18-8e85-347d68eaf856#0:FAIL-t170, 25d6372c-77fd-4a39-ac2a-e48debad48df<-2ec85f63-33fb-4317-9145-71357d145af9#0:FAIL-t170] and 0 exception(s); 25d6372c-77fd-4a39-ac2a-e48debad48df@group-B2671EB745D2:t170, leader=null, voted=25d6372c-77fd-4a39-ac2a-e48debad48df, raftlog=25d6372c-77fd-4a39-ac2a-e48debad48df@group-B2671EB745D2-SegmentedRaftLog:OPENED:c-1,f-1,i0, conf=-1: [50423279-f647-4a18-8e85-347d68eaf856:192.168.69.88:39583, 2ec85f63-33fb-4317-9145-71357d145af9:192.168.69.88:42357, 25d6372c-77fd-4a39-ac2a-e48debad48df:192.168.69.88:39591], old=null
2019-10-15 16:11:53,299 [25d6372c-77fd-4a39-ac2a-e48debad48df@group-B2671EB745D2-LeaderElection160] INFO  impl.RaftServerImpl (RaftServerImpl.java:setRole(184)) - 25d6372c-77fd-4a39-ac2a-e48debad48df@group-B2671EB745D2: changes role from CANDIDATE to FOLLOWER at term 170 for DISCOVERED_A_NEW_TERM
2019-10-15 16:11:53,300 [25d6372c-77fd-4a39-ac2a-e48debad48df@group-B2671EB745D2-LeaderElection160] INFO  impl.RoleInfo (RoleInfo.java:shutdownLeaderElection(134)) - 25d6372c-77fd-4a39-ac2a-e48debad48df: shutdown LeaderElection
2019-10-15 16:11:53,300 [25d6372c-77fd-4a39-ac2a-e48debad48df@group-B2671EB745D2-LeaderElection160] INFO  impl.RoleInfo (RoleInfo.java:updateAndGet(143)) - 25d6372c-77fd-4a39-ac2a-e48debad48df: start FollowerState
2019-10-15 16:11:53,378 [Thread-1273] INFO  impl.FollowerState (FollowerState.java:run(108)) - 25d6372c-77fd-4a39-ac2a-e48debad48df@group-B2671EB745D2-FollowerState: change to CANDIDATE, lastRpcTime:78ms, electionTimeout:78ms
2019-10-15 16:11:53,379 [Thread-1273] INFO  impl.RoleInfo (RoleInfo.java:shutdownFollowerState(121)) - 25d6372c-77fd-4a39-ac2a-e48debad48df: shutdown FollowerState
2019-10-15 16:11:53,379 [Thread-1273] INFO  impl.RaftServerImpl (RaftServerImpl.java:setRole(184)) - 25d6372c-77fd-4a39-ac2a-e48debad48df@group-B2671EB745D2: changes role from  FOLLOWER to CANDIDATE at term 170 for changeToCandidate
2019-10-15 16:11:53,379 [Thread-1273] INFO  impl.RoleInfo (RoleInfo.java:updateAndGet(143)) - 25d6372c-77fd-4a39-ac2a-e48debad48df: start LeaderElection
2019-10-15 16:11:53,394 [25d6372c-77fd-4a39-ac2a-e48debad48df@group-B2671EB745D2-LeaderElection161] INFO  impl.LeaderElection (LeaderElection.java:askForVotes(178)) - 25d6372c-77fd-4a39-ac2a-e48debad48df@group-B2671EB745D2-LeaderElection161: begin an election at term 171 for -1: [50423279-f647-4a18-8e85-347d68eaf856:192.168.69.88:39583, 2ec85f63-33fb-4317-9145-71357d145af9:192.168.69.88:42357, 25d6372c-77fd-4a39-ac2a-e48debad48df:192.168.69.88:39591], old=null
2019-10-15 16:11:53,399 [grpc-default-executor-5] INFO  impl.RaftServerImpl (RaftServerImpl.java:setRole(184)) - 50423279-f647-4a18-8e85-347d68eaf856@group-B2671EB745D2: changes role from  FOLLOWER to FOLLOWER at term 171 for recognizeCandidate:25d6372c-77fd-4a39-ac2a-e48debad48df
2019-10-15 16:11:53,399 [grpc-default-executor-2] INFO  impl.RaftServerImpl (RaftServerImpl.java:setRole(184)) - 2ec85f63-33fb-4317-9145-71357d145af9@group-B2671EB745D2: changes role from  FOLLOWER to FOLLOWER at term 171 for recognizeCandidate:25d6372c-77fd-4a39-ac2a-e48debad48df
2019-10-15 16:11:53,399 [grpc-default-executor-5] INFO  impl.RoleInfo (RoleInfo.java:shutdownFollowerState(121)) - 50423279-f647-4a18-8e85-347d68eaf856: shutdown FollowerState
2019-10-15 16:11:53,400 [grpc-default-executor-2] INFO  impl.RoleInfo (RoleInfo.java:shutdownFollowerState(121)) - 2ec85f63-33fb-4317-9145-71357d145af9: shutdown FollowerState
2019-10-15 16:11:53,400 [Thread-1271] INFO  impl.FollowerState (FollowerState.java:run(117)) - 50423279-f647-4a18-8e85-347d68eaf856@group-B2671EB745D2-FollowerState was interrupted: java.lang.InterruptedException: sleep interrupted
2019-10-15 16:11:53,400 [grpc-default-executor-5] INFO  impl.RoleInfo (RoleInfo.java:updateAndGet(143)) - 50423279-f647-4a18-8e85-347d68eaf856: start FollowerState
2019-10-15 16:11:53,400 [Thread-1272] INFO  impl.FollowerState (FollowerState.java:run(117)) - 2ec85f63-33fb-4317-9145-71357d145af9@group-B2671EB745D2-FollowerState was interrupted: java.lang.InterruptedException: sleep interrupted
2019-10-15 16:11:53,400 [grpc-default-executor-2] INFO  impl.RoleInfo (RoleInfo.java:updateAndGet(143)) - 2ec85f63-33fb-4317-9145-71357d145af9: start FollowerState
2019-10-15 16:11:53,415 [25d6372c-77fd-4a39-ac2a-e48debad48df@group-B2671EB745D2-LeaderElection161] INFO  impl.LeaderElection (LeaderElection.java:logAndReturn(56)) - 25d6372c-77fd-4a39-ac2a-e48debad48df@group-B2671EB745D2-LeaderElection161: Election REJECTED; received 2 response(s) [25d6372c-77fd-4a39-ac2a-e48debad48df<-50423279-f647-4a18-8e85-347d68eaf856#0:FAIL-t171, 25d6372c-77fd-4a39-ac2a-e48debad48df<-2ec85f63-33fb-4317-9145-71357d145af9#0:FAIL-t171] and 0 exception(s); 25d6372c-77fd-4a39-ac2a-e48debad48df@group-B2671EB745D2:t171, leader=null, voted=25d6372c-77fd-4a39-ac2a-e48debad48df, raftlog=25d6372c-77fd-4a39-ac2a-e48debad48df@group-B2671EB745D2-SegmentedRaftLog:OPENED:c-1,f-1,i0, conf=-1: [50423279-f647-4a18-8e85-347d68eaf856:192.168.69.88:39583, 2ec85f63-33fb-4317-9145-71357d145af9:192.168.69.88:42357, 25d6372c-77fd-4a39-ac2a-e48debad48df:192.168.69.88:39591], old=null
2019-10-15 16:11:53,416 [25d6372c-77fd-4a39-ac2a-e48debad48df@group-B2671EB745D2-LeaderElection161] INFO  impl.RaftServerImpl (RaftServerImpl.java:setRole(184)) - 25d6372c-77fd-4a39-ac2a-e48debad48df@group-B2671EB745D2: changes role from CANDIDATE to FOLLOWER at term 171 for DISCOVERED_A_NEW_TERM
2019-10-15 16:11:53,416 [25d6372c-77fd-4a39-ac2a-e48debad48df@group-B2671EB745D2-LeaderElection161] INFO  impl.RoleInfo (RoleInfo.java:shutdownLeaderElection(134)) - 25d6372c-77fd-4a39-ac2a-e48debad48df: shutdown LeaderElection
2019-10-15 16:11:53,416 [25d6372c-77fd-4a39-ac2a-e48debad48df@group-B2671EB745D2-LeaderElection161] INFO  impl.RoleInfo (RoleInfo.java:updateAndGet(143)) - 25d6372c-77fd-4a39-ac2a-e48debad48df: start FollowerState
2019-10-15 16:11:53,572 [Thread-1281] INFO  impl.FollowerState (FollowerState.java:run(108)) - 25d6372c-77fd-4a39-ac2a-e48debad48df@group-B2671EB745D2-FollowerState: change to CANDIDATE, lastRpcTime:156ms, electionTimeout:156ms
2019-10-15 16:11:53,572 [Thread-1281] INFO  impl.RoleInfo (RoleInfo.java:shutdownFollowerState(121)) - 25d6372c-77fd-4a39-ac2a-e48debad48df: shutdown FollowerState
2019-10-15 16:11:53,573 [Thread-1281] INFO  impl.RaftServerImpl (RaftServerImpl.java:setRole(184)) - 25d6372c-77fd-4a39-ac2a-e48debad48df@group-B2671EB745D2: changes role from  FOLLOWER to CANDIDATE at term 171 for changeToCandidate
2019-10-15 16:11:53,573 [Thread-1281] INFO  impl.RoleInfo (RoleInfo.java:updateAndGet(143)) - 25d6372c-77fd-4a39-ac2a-e48debad48df: start LeaderElection
2019-10-15 16:11:53,587 [25d6372c-77fd-4a39-ac2a-e48debad48df@group-B2671EB745D2-LeaderElection162] INFO  impl.LeaderElection (LeaderElection.java:askForVotes(178)) - 25d6372c-77fd-4a39-ac2a-e48debad48df@group-B2671EB745D2-LeaderElection162: begin an election at term 172 for -1: [50423279-f647-4a18-8e85-347d68eaf856:192.168.69.88:39583, 2ec85f63-33fb-4317-9145-71357d145af9:192.168.69.88:42357, 25d6372c-77fd-4a39-ac2a-e48debad48df:192.168.69.88:39591], old=null
2019-10-15 16:11:53,589 [grpc-default-executor-2] INFO  impl.RaftServerImpl (RaftServerImpl.java:setRole(184)) - 50423279-f647-4a18-8e85-347d68eaf856@group-B2671EB745D2: changes role from  FOLLOWER to FOLLOWER at term 172 for recognizeCandidate:25d6372c-77fd-4a39-ac2a-e48debad48df
2019-10-15 16:11:53,589 [grpc-default-executor-5] INFO  impl.RaftServerImpl (RaftServerImpl.java:setRole(184)) - 2ec85f63-33fb-4317-9145-71357d145af9@group-B2671EB745D2: changes role from  FOLLOWER to FOLLOWER at term 172 for recognizeCandidate:25d6372c-77fd-4a39-ac2a-e48debad48df
2019-10-15 16:11:53,589 [grpc-default-executor-2] INFO  impl.RoleInfo (RoleInfo.java:shutdownFollowerState(121)) - 50423279-f647-4a18-8e85-347d68eaf856: shutdown FollowerState
2019-10-15 16:11:53,589 [grpc-default-executor-5] INFO  impl.RoleInfo (RoleInfo.java:shutdownFollowerState(121)) - 2ec85f63-33fb-4317-9145-71357d145af9: shutdown FollowerState
2019-10-15 16:11:53,590 [grpc-default-executor-2] INFO  impl.RoleInfo (RoleInfo.java:updateAndGet(143)) - 50423279-f647-4a18-8e85-347d68eaf856: start FollowerState
2019-10-15 16:11:53,590 [Thread-1280] INFO  impl.FollowerState (FollowerState.java:run(117)) - 2ec85f63-33fb-4317-9145-71357d145af9@group-B2671EB745D2-FollowerState was interrupted: java.lang.InterruptedException: sleep interrupted
2019-10-15 16:11:53,590 [grpc-default-executor-5] INFO  impl.RoleInfo (RoleInfo.java:updateAndGet(143)) - 2ec85f63-33fb-4317-9145-71357d145af9: start FollowerState
2019-10-15 16:11:53,590 [Thread-1279] INFO  impl.FollowerState (FollowerState.java:run(117)) - 50423279-f647-4a18-8e85-347d68eaf856@group-B2671EB745D2-FollowerState was interrupted: java.lang.InterruptedException: sleep interrupted
2019-10-15 16:11:53,600 [25d6372c-77fd-4a39-ac2a-e48debad48df@group-B2671EB745D2-LeaderElection162] INFO  impl.LeaderElection (LeaderElection.java:logAndReturn(56)) - 25d6372c-77fd-4a39-ac2a-e48debad48df@group-B2671EB745D2-LeaderElection162: Election REJECTED; received 2 response(s) [25d6372c-77fd-4a39-ac2a-e48debad48df<-2ec85f63-33fb-4317-9145-71357d145af9#0:FAIL-t172, 25d6372c-77fd-4a39-ac2a-e48debad48df<-50423279-f647-4a18-8e85-347d68eaf856#0:FAIL-t172] and 0 exception(s); 25d6372c-77fd-4a39-ac2a-e48debad48df@group-B2671EB745D2:t172, leader=null, voted=25d6372c-77fd-4a39-ac2a-e48debad48df, raftlog=25d6372c-77fd-4a39-ac2a-e48debad48df@group-B2671EB745D2-SegmentedRaftLog:OPENED:c-1,f-1,i0, conf=-1: [50423279-f647-4a18-8e85-347d68eaf856:192.168.69.88:39583, 2ec85f63-33fb-4317-9145-71357d145af9:192.168.69.88:42357, 25d6372c-77fd-4a39-ac2a-e48debad48df:192.168.69.88:39591], old=null
2019-10-15 16:11:53,601 [25d6372c-77fd-4a39-ac2a-e48debad48df@group-B2671EB745D2-LeaderElection162] INFO  impl.RaftServerImpl (RaftServerImpl.java:setRole(184)) - 25d6372c-77fd-4a39-ac2a-e48debad48df@group-B2671EB745D2: changes role from CANDIDATE to FOLLOWER at term 172 for DISCOVERED_A_NEW_TERM
2019-10-15 16:11:53,601 [25d6372c-77fd-4a39-ac2a-e48debad48df@group-B2671EB745D2-LeaderElection162] INFO  impl.RoleInfo (RoleInfo.java:shutdownLeaderElection(134)) - 25d6372c-77fd-4a39-ac2a-e48debad48df: shutdown LeaderElection
2019-10-15 16:11:53,601 [25d6372c-77fd-4a39-ac2a-e48debad48df@group-B2671EB745D2-LeaderElection162] INFO  impl.RoleInfo (RoleInfo.java:updateAndGet(143)) - 25d6372c-77fd-4a39-ac2a-e48debad48df: start FollowerState
2019-10-15 16:11:53,769 [Thread-1287] INFO  impl.FollowerState (FollowerState.java:run(108)) - 25d6372c-77fd-4a39-ac2a-e48debad48df@group-B2671EB745D2-FollowerState: change to CANDIDATE, lastRpcTime:168ms, electionTimeout:168ms
2019-10-15 16:11:53,769 [Thread-1287] INFO  impl.RoleInfo (RoleInfo.java:shutdownFollowerState(121)) - 25d6372c-77fd-4a39-ac2a-e48debad48df: shutdown FollowerState
2019-10-15 16:11:53,770 [Thread-1287] INFO  impl.RaftServerImpl (RaftServerImpl.java:setRole(184)) - 25d6372c-77fd-4a39-ac2a-e48debad48df@group-B2671EB745D2: changes role from  FOLLOWER to CANDIDATE at term 172 for changeToCandidate
2019-10-15 16:11:53,770 [Thread-1287] INFO  impl.RoleInfo (RoleInfo.java:updateAndGet(143)) - 25d6372c-77fd-4a39-ac2a-e48debad48df: start LeaderElection
2019-10-15 16:11:54,013 [25d6372c-77fd-4a39-ac2a-e48debad48df@group-B2671EB745D2-LeaderElection163] INFO  impl.LeaderElection (LeaderElection.java:askForVotes(178)) - 25d6372c-77fd-4a39-ac2a-e48debad48df@group-B2671EB745D2-LeaderElection163: begin an election at term 173 for -1: [50423279-f647-4a18-8e85-347d68eaf856:192.168.69.88:39583, 2ec85f63-33fb-4317-9145-71357d145af9:192.168.69.88:42357, 25d6372c-77fd-4a39-ac2a-e48debad48df:192.168.69.88:39591], old=null
2019-10-15 16:11:54,015 [grpc-default-executor-2] INFO  impl.RaftServerImpl (RaftServerImpl.java:setRole(184)) - 50423279-f647-4a18-8e85-347d68eaf856@group-B2671EB745D2: changes role from  FOLLOWER to FOLLOWER at term 173 for recognizeCandidate:25d6372c-77fd-4a39-ac2a-e48debad48df
2019-10-15 16:11:54,015 [grpc-default-executor-5] INFO  impl.RaftServerImpl (RaftServerImpl.java:setRole(184)) - 2ec85f63-33fb-4317-9145-71357d145af9@group-B2671EB745D2: changes role from  FOLLOWER to FOLLOWER at term 173 for recognizeCandidate:25d6372c-77fd-4a39-ac2a-e48debad48df
2019-10-15 16:11:54,015 [grpc-default-executor-2] INFO  impl.RoleInfo (RoleInfo.java:shutdownFollowerState(121)) - 50423279-f647-4a18-8e85-347d68eaf856: shutdown FollowerState
2019-10-15 16:11:54,015 [grpc-default-executor-5] INFO  impl.RoleInfo (RoleInfo.java:shutdownFollowerState(121)) - 2ec85f63-33fb-4317-9145-71357d145af9: shutdown FollowerState
2019-10-15 16:11:54,016 [Thread-1285] INFO  impl.FollowerState (FollowerState.java:run(117)) - 50423279-f647-4a18-8e85-347d68eaf856@group-B2671EB745D2-FollowerState was interrupted: java.lang.InterruptedException: sleep interrupted
2019-10-15 16:11:54,016 [grpc-default-executor-2] INFO  impl.RoleInfo (RoleInfo.java:updateAndGet(143)) - 50423279-f647-4a18-8e85-347d68eaf856: start FollowerState
2019-10-15 16:11:54,016 [Thread-1286] INFO  impl.FollowerState (FollowerState.java:run(117)) - 2ec85f63-33fb-4317-9145-71357d145af9@group-B2671EB745D2-FollowerState was interrupted: java.lang.InterruptedException: sleep interrupted
2019-10-15 16:11:54,016 [grpc-default-executor-5] INFO  impl.RoleInfo (RoleInfo.java:updateAndGet(143)) - 2ec85f63-33fb-4317-9145-71357d145af9: start FollowerState
2019-10-15 16:11:54,031 [25d6372c-77fd-4a39-ac2a-e48debad48df@group-B2671EB745D2-LeaderElection163] INFO  impl.LeaderElection (LeaderElection.java:logAndReturn(56)) - 25d6372c-77fd-4a39-ac2a-e48debad48df@group-B2671EB745D2-LeaderElection163: Election REJECTED; received 2 response(s) [25d6372c-77fd-4a39-ac2a-e48debad48df<-2ec85f63-33fb-4317-9145-71357d145af9#0:FAIL-t173, 25d6372c-77fd-4a39-ac2a-e48debad48df<-50423279-f647-4a18-8e85-347d68eaf856#0:FAIL-t173] and 0 exception(s); 25d6372c-77fd-4a39-ac2a-e48debad48df@group-B2671EB745D2:t173, leader=null, voted=25d6372c-77fd-4a39-ac2a-e48debad48df, raftlog=25d6372c-77fd-4a39-ac2a-e48debad48df@group-B2671EB745D2-SegmentedRaftLog:OPENED:c-1,f-1,i0, conf=-1: [50423279-f647-4a18-8e85-347d68eaf856:192.168.69.88:39583, 2ec85f63-33fb-4317-9145-71357d145af9:192.168.69.88:42357, 25d6372c-77fd-4a39-ac2a-e48debad48df:192.168.69.88:39591], old=null
2019-10-15 16:11:54,031 [25d6372c-77fd-4a39-ac2a-e48debad48df@group-B2671EB745D2-LeaderElection163] INFO  impl.RaftServerImpl (RaftServerImpl.java:setRole(184)) - 25d6372c-77fd-4a39-ac2a-e48debad48df@group-B2671EB745D2: changes role from CANDIDATE to FOLLOWER at term 173 for DISCOVERED_A_NEW_TERM
2019-10-15 16:11:54,031 [25d6372c-77fd-4a39-ac2a-e48debad48df@group-B2671EB745D2-LeaderElection163] INFO  impl.RoleInfo (RoleInfo.java:shutdownLeaderElection(134)) - 25d6372c-77fd-4a39-ac2a-e48debad48df: shutdown LeaderElection
2019-10-15 16:11:54,031 [25d6372c-77fd-4a39-ac2a-e48debad48df@group-B2671EB745D2-LeaderElection163] INFO  impl.RoleInfo (RoleInfo.java:updateAndGet(143)) - 25d6372c-77fd-4a39-ac2a-e48debad48df: start FollowerState
2019-10-15 16:11:54,222 [Thread-1293] INFO  impl.FollowerState (FollowerState.java:run(108)) - 25d6372c-77fd-4a39-ac2a-e48debad48df@group-B2671EB745D2-FollowerState: change to CANDIDATE, lastRpcTime:190ms, electionTimeout:190ms
2019-10-15 16:11:54,222 [Thread-1293] INFO  impl.RoleInfo (RoleInfo.java:shutdownFollowerState(121)) - 25d6372c-77fd-4a39-ac2a-e48debad48df: shutdown FollowerState
2019-10-15 16:11:54,222 [Thread-1293] INFO  impl.RaftServerImpl (RaftServerImpl.java:setRole(184)) - 25d6372c-77fd-4a39-ac2a-e48debad48df@group-B2671EB745D2: changes role from  FOLLOWER to CANDIDATE at term 173 for changeToCandidate
2019-10-15 16:11:54,222 [Thread-1293] INFO  impl.RoleInfo (RoleInfo.java:updateAndGet(143)) - 25d6372c-77fd-4a39-ac2a-e48debad48df: start LeaderElection
2019-10-15 16:11:54,229 [25d6372c-77fd-4a39-ac2a-e48debad48df@group-B2671EB745D2-LeaderElection164] INFO  impl.LeaderElection (LeaderElection.java:askForVotes(178)) - 25d6372c-77fd-4a39-ac2a-e48debad48df@group-B2671EB745D2-LeaderElection164: begin an election at term 174 for -1: [50423279-f647-4a18-8e85-347d68eaf856:192.168.69.88:39583, 2ec85f63-33fb-4317-9145-71357d145af9:192.168.69.88:42357, 25d6372c-77fd-4a39-ac2a-e48debad48df:192.168.69.88:39591], old=null
2019-10-15 16:11:54,233 [grpc-default-executor-2] INFO  impl.RaftServerImpl (RaftServerImpl.java:setRole(184)) - 2ec85f63-33fb-4317-9145-71357d145af9@group-B2671EB745D2: changes role from  FOLLOWER to FOLLOWER at term 174 for recognizeCandidate:25d6372c-77fd-4a39-ac2a-e48debad48df
2019-10-15 16:11:54,233 [grpc-default-executor-2] INFO  impl.RoleInfo (RoleInfo.java:shutdownFollowerState(121)) - 2ec85f63-33fb-4317-9145-71357d145af9: shutdown FollowerState
2019-10-15 16:11:54,233 [grpc-default-executor-5] INFO  impl.RaftServerImpl (RaftServerImpl.java:setRole(184)) - 50423279-f647-4a18-8e85-347d68eaf856@group-B2671EB745D2: changes role from  FOLLOWER to FOLLOWER at term 174 for recognizeCandidate:25d6372c-77fd-4a39-ac2a-e48debad48df
2019-10-15 16:11:54,233 [Thread-1292] INFO  impl.FollowerState (FollowerState.java:run(117)) - 2ec85f63-33fb-4317-9145-71357d145af9@group-B2671EB745D2-FollowerState was interrupted: java.lang.InterruptedException: sleep interrupted
2019-10-15 16:11:54,233 [grpc-default-executor-2] INFO  impl.RoleInfo (RoleInfo.java:updateAndGet(143)) - 2ec85f63-33fb-4317-9145-71357d145af9: start FollowerState
2019-10-15 16:11:54,233 [grpc-default-executor-5] INFO  impl.RoleInfo (RoleInfo.java:shutdownFollowerState(121)) - 50423279-f647-4a18-8e85-347d68eaf856: shutdown FollowerState
2019-10-15 16:11:54,234 [grpc-default-executor-5] INFO  impl.RoleInfo (RoleInfo.java:updateAndGet(143)) - 50423279-f647-4a18-8e85-347d68eaf856: start FollowerState
2019-10-15 16:11:54,234 [Thread-1291] INFO  impl.FollowerState (FollowerState.java:run(117)) - 50423279-f647-4a18-8e85-347d68eaf856@group-B2671EB745D2-FollowerState was interrupted: java.lang.InterruptedException: sleep interrupted
2019-10-15 16:11:54,248 [25d6372c-77fd-4a39-ac2a-e48debad48df@group-B2671EB745D2-LeaderElection164] INFO  impl.LeaderElection (LeaderElection.java:logAndReturn(56)) - 25d6372c-77fd-4a39-ac2a-e48debad48df@group-B2671EB745D2-LeaderElection164: Election REJECTED; received 2 response(s) [25d6372c-77fd-4a39-ac2a-e48debad48df<-2ec85f63-33fb-4317-9145-71357d145af9#0:FAIL-t174, 25d6372c-77fd-4a39-ac2a-e48debad48df<-50423279-f647-4a18-8e85-347d68eaf856#0:FAIL-t174] and 0 exception(s); 25d6372c-77fd-4a39-ac2a-e48debad48df@group-B2671EB745D2:t174, leader=null, voted=25d6372c-77fd-4a39-ac2a-e48debad48df, raftlog=25d6372c-77fd-4a39-ac2a-e48debad48df@group-B2671EB745D2-SegmentedRaftLog:OPENED:c-1,f-1,i0, conf=-1: [50423279-f647-4a18-8e85-347d68eaf856:192.168.69.88:39583, 2ec85f63-33fb-4317-9145-71357d145af9:192.168.69.88:42357, 25d6372c-77fd-4a39-ac2a-e48debad48df:192.168.69.88:39591], old=null
2019-10-15 16:11:54,249 [25d6372c-77fd-4a39-ac2a-e48debad48df@group-B2671EB745D2-LeaderElection164] INFO  impl.RaftServerImpl (RaftServerImpl.java:setRole(184)) - 25d6372c-77fd-4a39-ac2a-e48debad48df@group-B2671EB745D2: changes role from CANDIDATE to FOLLOWER at term 174 for DISCOVERED_A_NEW_TERM
2019-10-15 16:11:54,249 [25d6372c-77fd-4a39-ac2a-e48debad48df@group-B2671EB745D2-LeaderElection164] INFO  impl.RoleInfo (RoleInfo.java:shutdownLeaderElection(134)) - 25d6372c-77fd-4a39-ac2a-e48debad48df: shutdown LeaderElection
2019-10-15 16:11:54,249 [25d6372c-77fd-4a39-ac2a-e48debad48df@group-B2671EB745D2-LeaderElection164] INFO  impl.RoleInfo (RoleInfo.java:updateAndGet(143)) - 25d6372c-77fd-4a39-ac2a-e48debad48df: start FollowerState
2019-10-15 16:11:54,349 [Thread-1299] INFO  impl.FollowerState (FollowerState.java:run(108)) - 25d6372c-77fd-4a39-ac2a-e48debad48df@group-B2671EB745D2-FollowerState: change to CANDIDATE, lastRpcTime:100ms, electionTimeout:100ms
2019-10-15 16:11:54,350 [Thread-1299] INFO  impl.RoleInfo (RoleInfo.java:shutdownFollowerState(121)) - 25d6372c-77fd-4a39-ac2a-e48debad48df: shutdown FollowerState
2019-10-15 16:11:54,350 [Thread-1299] INFO  impl.RaftServerImpl (RaftServerImpl.java:setRole(184)) - 25d6372c-77fd-4a39-ac2a-e48debad48df@group-B2671EB745D2: changes role from  FOLLOWER to CANDIDATE at term 174 for changeToCandidate
2019-10-15 16:11:54,350 [Thread-1299] INFO  impl.RoleInfo (RoleInfo.java:updateAndGet(143)) - 25d6372c-77fd-4a39-ac2a-e48debad48df: start LeaderElection
2019-10-15 16:11:54,364 [25d6372c-77fd-4a39-ac2a-e48debad48df@group-B2671EB745D2-LeaderElection165] INFO  impl.LeaderElection (LeaderElection.java:askForVotes(178)) - 25d6372c-77fd-4a39-ac2a-e48debad48df@group-B2671EB745D2-LeaderElection165: begin an election at term 175 for -1: [50423279-f647-4a18-8e85-347d68eaf856:192.168.69.88:39583, 2ec85f63-33fb-4317-9145-71357d145af9:192.168.69.88:42357, 25d6372c-77fd-4a39-ac2a-e48debad48df:192.168.69.88:39591], old=null
2019-10-15 16:11:54,366 [grpc-default-executor-5] INFO  impl.RaftServerImpl (RaftServerImpl.java:setRole(184)) - 2ec85f63-33fb-4317-9145-71357d145af9@group-B2671EB745D2: changes role from  FOLLOWER to FOLLOWER at term 175 for recognizeCandidate:25d6372c-77fd-4a39-ac2a-e48debad48df
2019-10-15 16:11:54,366 [grpc-default-executor-2] INFO  impl.RaftServerImpl (RaftServerImpl.java:setRole(184)) - 50423279-f647-4a18-8e85-347d68eaf856@group-B2671EB745D2: changes role from  FOLLOWER to FOLLOWER at term 175 for recognizeCandidate:25d6372c-77fd-4a39-ac2a-e48debad48df
2019-10-15 16:11:54,367 [grpc-default-executor-5] INFO  impl.RoleInfo (RoleInfo.java:shutdownFollowerState(121)) - 2ec85f63-33fb-4317-9145-71357d145af9: shutdown FollowerState
2019-10-15 16:11:54,367 [grpc-default-executor-2] INFO  impl.RoleInfo (RoleInfo.java:shutdownFollowerState(121)) - 50423279-f647-4a18-8e85-347d68eaf856: shutdown FollowerState
2019-10-15 16:11:54,367 [Thread-1297] INFO  impl.FollowerState (FollowerState.java:run(117)) - 2ec85f63-33fb-4317-9145-71357d145af9@group-B2671EB745D2-FollowerState was interrupted: java.lang.InterruptedException: sleep interrupted
2019-10-15 16:11:54,367 [grpc-default-executor-2] INFO  impl.RoleInfo (RoleInfo.java:updateAndGet(143)) - 50423279-f647-4a18-8e85-347d68eaf856: start FollowerState
2019-10-15 16:11:54,367 [Thread-1298] INFO  impl.FollowerState (FollowerState.java:run(117)) - 50423279-f647-4a18-8e85-347d68eaf856@group-B2671EB745D2-FollowerState was interrupted: java.lang.InterruptedException: sleep interrupted
2019-10-15 16:11:54,367 [grpc-default-executor-5] INFO  impl.RoleInfo (RoleInfo.java:updateAndGet(143)) - 2ec85f63-33fb-4317-9145-71357d145af9: start FollowerState
2019-10-15 16:11:54,381 [25d6372c-77fd-4a39-ac2a-e48debad48df@group-B2671EB745D2-LeaderElection165] INFO  impl.LeaderElection (LeaderElection.java:logAndReturn(56)) - 25d6372c-77fd-4a39-ac2a-e48debad48df@group-B2671EB745D2-LeaderElection165: Election REJECTED; received 2 response(s) [25d6372c-77fd-4a39-ac2a-e48debad48df<-50423279-f647-4a18-8e85-347d68eaf856#0:FAIL-t175, 25d6372c-77fd-4a39-ac2a-e48debad48df<-2ec85f63-33fb-4317-9145-71357d145af9#0:FAIL-t175] and 0 exception(s); 25d6372c-77fd-4a39-ac2a-e48debad48df@group-B2671EB745D2:t175, leader=null, voted=25d6372c-77fd-4a39-ac2a-e48debad48df, raftlog=25d6372c-77fd-4a39-ac2a-e48debad48df@group-B2671EB745D2-SegmentedRaftLog:OPENED:c-1,f-1,i0, conf=-1: [50423279-f647-4a18-8e85-347d68eaf856:192.168.69.88:39583, 2ec85f63-33fb-4317-9145-71357d145af9:192.168.69.88:42357, 25d6372c-77fd-4a39-ac2a-e48debad48df:192.168.69.88:39591], old=null
2019-10-15 16:11:54,381 [25d6372c-77fd-4a39-ac2a-e48debad48df@group-B2671EB745D2-LeaderElection165] INFO  impl.RaftServerImpl (RaftServerImpl.java:setRole(184)) - 25d6372c-77fd-4a39-ac2a-e48debad48df@group-B2671EB745D2: changes role from CANDIDATE to FOLLOWER at term 175 for DISCOVERED_A_NEW_TERM
2019-10-15 16:11:54,381 [25d6372c-77fd-4a39-ac2a-e48debad48df@group-B2671EB745D2-LeaderElection165] INFO  impl.RoleInfo (RoleInfo.java:shutdownLeaderElection(134)) - 25d6372c-77fd-4a39-ac2a-e48debad48df: shutdown LeaderElection
2019-10-15 16:11:54,381 [25d6372c-77fd-4a39-ac2a-e48debad48df@group-B2671EB745D2-LeaderElection165] INFO  impl.RoleInfo (RoleInfo.java:updateAndGet(143)) - 25d6372c-77fd-4a39-ac2a-e48debad48df: start FollowerState
2019-10-15 16:11:54,527 [Thread-1305] INFO  impl.FollowerState (FollowerState.java:run(108)) - 25d6372c-77fd-4a39-ac2a-e48debad48df@group-B2671EB745D2-FollowerState: change to CANDIDATE, lastRpcTime:145ms, electionTimeout:145ms
2019-10-15 16:11:54,527 [Thread-1305] INFO  impl.RoleInfo (RoleInfo.java:shutdownFollowerState(121)) - 25d6372c-77fd-4a39-ac2a-e48debad48df: shutdown FollowerState
2019-10-15 16:11:54,527 [Thread-1305] INFO  impl.RaftServerImpl (RaftServerImpl.java:setRole(184)) - 25d6372c-77fd-4a39-ac2a-e48debad48df@group-B2671EB745D2: changes role from  FOLLOWER to CANDIDATE at term 175 for changeToCandidate
2019-10-15 16:11:54,527 [Thread-1305] INFO  impl.RoleInfo (RoleInfo.java:updateAndGet(143)) - 25d6372c-77fd-4a39-ac2a-e48debad48df: start LeaderElection
2019-10-15 16:11:54,541 [25d6372c-77fd-4a39-ac2a-e48debad48df@group-B2671EB745D2-LeaderElection166] INFO  impl.LeaderElection (LeaderElection.java:askForVotes(178)) - 25d6372c-77fd-4a39-ac2a-e48debad48df@group-B2671EB745D2-LeaderElection166: begin an election at term 176 for -1: [50423279-f647-4a18-8e85-347d68eaf856:192.168.69.88:39583, 2ec85f63-33fb-4317-9145-71357d145af9:192.168.69.88:42357, 25d6372c-77fd-4a39-ac2a-e48debad48df:192.168.69.88:39591], old=null
2019-10-15 16:11:54,544 [grpc-default-executor-2] INFO  impl.RaftServerImpl (RaftServerImpl.java:setRole(184)) - 50423279-f647-4a18-8e85-347d68eaf856@group-B2671EB745D2: changes role from  FOLLOWER to FOLLOWER at term 176 for recognizeCandidate:25d6372c-77fd-4a39-ac2a-e48debad48df
2019-10-15 16:11:54,544 [grpc-default-executor-2] INFO  impl.RoleInfo (RoleInfo.java:shutdownFollowerState(121)) - 50423279-f647-4a18-8e85-347d68eaf856: shutdown FollowerState
2019-10-15 16:11:54,544 [grpc-default-executor-2] INFO  impl.RoleInfo (RoleInfo.java:updateAndGet(143)) - 50423279-f647-4a18-8e85-347d68eaf856: start FollowerState
2019-10-15 16:11:54,544 [Thread-1304] INFO  impl.FollowerState (FollowerState.java:run(117)) - 50423279-f647-4a18-8e85-347d68eaf856@group-B2671EB745D2-FollowerState was interrupted: java.lang.InterruptedException: sleep interrupted
2019-10-15 16:11:54,544 [grpc-default-executor-5] INFO  impl.RaftServerImpl (RaftServerImpl.java:setRole(184)) - 2ec85f63-33fb-4317-9145-71357d145af9@group-B2671EB745D2: changes role from  FOLLOWER to FOLLOWER at term 176 for recognizeCandidate:25d6372c-77fd-4a39-ac2a-e48debad48df
2019-10-15 16:11:54,545 [grpc-default-executor-5] INFO  impl.RoleInfo (RoleInfo.java:shutdownFollowerState(121)) - 2ec85f63-33fb-4317-9145-71357d145af9: shutdown FollowerState
2019-10-15 16:11:54,545 [grpc-default-executor-5] INFO  impl.RoleInfo (RoleInfo.java:updateAndGet(143)) - 2ec85f63-33fb-4317-9145-71357d145af9: start FollowerState
2019-10-15 16:11:54,545 [Thread-1303] INFO  impl.FollowerState (FollowerState.java:run(117)) - 2ec85f63-33fb-4317-9145-71357d145af9@group-B2671EB745D2-FollowerState was interrupted: java.lang.InterruptedException: sleep interrupted
2019-10-15 16:11:54,560 [25d6372c-77fd-4a39-ac2a-e48debad48df@group-B2671EB745D2-LeaderElection166] INFO  impl.LeaderElection (LeaderElection.java:logAndReturn(56)) - 25d6372c-77fd-4a39-ac2a-e48debad48df@group-B2671EB745D2-LeaderElection166: Election REJECTED; received 2 response(s) [25d6372c-77fd-4a39-ac2a-e48debad48df<-50423279-f647-4a18-8e85-347d68eaf856#0:FAIL-t176, 25d6372c-77fd-4a39-ac2a-e48debad48df<-2ec85f63-33fb-4317-9145-71357d145af9#0:FAIL-t176] and 0 exception(s); 25d6372c-77fd-4a39-ac2a-e48debad48df@group-B2671EB745D2:t176, leader=null, voted=25d6372c-77fd-4a39-ac2a-e48debad48df, raftlog=25d6372c-77fd-4a39-ac2a-e48debad48df@group-B2671EB745D2-SegmentedRaftLog:OPENED:c-1,f-1,i0, conf=-1: [50423279-f647-4a18-8e85-347d68eaf856:192.168.69.88:39583, 2ec85f63-33fb-4317-9145-71357d145af9:192.168.69.88:42357, 25d6372c-77fd-4a39-ac2a-e48debad48df:192.168.69.88:39591], old=null
2019-10-15 16:11:54,560 [25d6372c-77fd-4a39-ac2a-e48debad48df@group-B2671EB745D2-LeaderElection166] INFO  impl.RaftServerImpl (RaftServerImpl.java:setRole(184)) - 25d6372c-77fd-4a39-ac2a-e48debad48df@group-B2671EB745D2: changes role from CANDIDATE to FOLLOWER at term 176 for DISCOVERED_A_NEW_TERM
2019-10-15 16:11:54,560 [25d6372c-77fd-4a39-ac2a-e48debad48df@group-B2671EB745D2-LeaderElection166] INFO  impl.RoleInfo (RoleInfo.java:shutdownLeaderElection(134)) - 25d6372c-77fd-4a39-ac2a-e48debad48df: shutdown LeaderElection
2019-10-15 16:11:54,560 [25d6372c-77fd-4a39-ac2a-e48debad48df@group-B2671EB745D2-LeaderElection166] INFO  impl.RoleInfo (RoleInfo.java:updateAndGet(143)) - 25d6372c-77fd-4a39-ac2a-e48debad48df: start FollowerState
2019-10-15 16:11:54,721 [Thread-1313] INFO  impl.FollowerState (FollowerState.java:run(108)) - 25d6372c-77fd-4a39-ac2a-e48debad48df@group-B2671EB745D2-FollowerState: change to CANDIDATE, lastRpcTime:160ms, electionTimeout:160ms
2019-10-15 16:11:54,721 [Thread-1313] INFO  impl.RoleInfo (RoleInfo.java:shutdownFollowerState(121)) - 25d6372c-77fd-4a39-ac2a-e48debad48df: shutdown FollowerState
2019-10-15 16:11:54,721 [Thread-1313] INFO  impl.RaftServerImpl (RaftServerImpl.java:setRole(184)) - 25d6372c-77fd-4a39-ac2a-e48debad48df@group-B2671EB745D2: changes role from  FOLLOWER to CANDIDATE at term 176 for changeToCandidate
2019-10-15 16:11:54,721 [Thread-1313] INFO  impl.RoleInfo (RoleInfo.java:updateAndGet(143)) - 25d6372c-77fd-4a39-ac2a-e48debad48df: start LeaderElection
2019-10-15 16:11:54,735 [25d6372c-77fd-4a39-ac2a-e48debad48df@group-B2671EB745D2-LeaderElection167] INFO  impl.LeaderElection (LeaderElection.java:askForVotes(178)) - 25d6372c-77fd-4a39-ac2a-e48debad48df@group-B2671EB745D2-LeaderElection167: begin an election at term 177 for -1: [50423279-f647-4a18-8e85-347d68eaf856:192.168.69.88:39583, 2ec85f63-33fb-4317-9145-71357d145af9:192.168.69.88:42357, 25d6372c-77fd-4a39-ac2a-e48debad48df:192.168.69.88:39591], old=null
2019-10-15 16:11:54,738 [grpc-default-executor-2] INFO  impl.RaftServerImpl (RaftServerImpl.java:setRole(184)) - 50423279-f647-4a18-8e85-347d68eaf856@group-B2671EB745D2: changes role from  FOLLOWER to FOLLOWER at term 177 for recognizeCandidate:25d6372c-77fd-4a39-ac2a-e48debad48df
2019-10-15 16:11:54,738 [grpc-default-executor-5] INFO  impl.RaftServerImpl (RaftServerImpl.java:setRole(184)) - 2ec85f63-33fb-4317-9145-71357d145af9@group-B2671EB745D2: changes role from  FOLLOWER to FOLLOWER at term 177 for recognizeCandidate:25d6372c-77fd-4a39-ac2a-e48debad48df
2019-10-15 16:11:54,738 [grpc-default-executor-2] INFO  impl.RoleInfo (RoleInfo.java:shutdownFollowerState(121)) - 50423279-f647-4a18-8e85-347d68eaf856: shutdown FollowerState
2019-10-15 16:11:54,738 [grpc-default-executor-5] INFO  impl.RoleInfo (RoleInfo.java:shutdownFollowerState(121)) - 2ec85f63-33fb-4317-9145-71357d145af9: shutdown FollowerState
2019-10-15 16:11:54,738 [Thread-1311] INFO  impl.FollowerState (FollowerState.java:run(117)) - 50423279-f647-4a18-8e85-347d68eaf856@group-B2671EB745D2-FollowerState was interrupted: java.lang.InterruptedException: sleep interrupted
2019-10-15 16:11:54,738 [grpc-default-executor-2] INFO  impl.RoleInfo (RoleInfo.java:updateAndGet(143)) - 50423279-f647-4a18-8e85-347d68eaf856: start FollowerState
2019-10-15 16:11:54,739 [Thread-1312] INFO  impl.FollowerState (FollowerState.java:run(117)) - 2ec85f63-33fb-4317-9145-71357d145af9@group-B2671EB745D2-FollowerState was interrupted: java.lang.InterruptedException: sleep interrupted
2019-10-15 16:11:54,739 [grpc-default-executor-5] INFO  impl.RoleInfo (RoleInfo.java:updateAndGet(143)) - 2ec85f63-33fb-4317-9145-71357d145af9: start FollowerState
2019-10-15 16:11:54,753 [25d6372c-77fd-4a39-ac2a-e48debad48df@group-B2671EB745D2-LeaderElection167] INFO  impl.LeaderElection (LeaderElection.java:logAndReturn(56)) - 25d6372c-77fd-4a39-ac2a-e48debad48df@group-B2671EB745D2-LeaderElection167: Election REJECTED; received 2 response(s) [25d6372c-77fd-4a39-ac2a-e48debad48df<-50423279-f647-4a18-8e85-347d68eaf856#0:FAIL-t177, 25d6372c-77fd-4a39-ac2a-e48debad48df<-2ec85f63-33fb-4317-9145-71357d145af9#0:FAIL-t177] and 0 exception(s); 25d6372c-77fd-4a39-ac2a-e48debad48df@group-B2671EB745D2:t177, leader=null, voted=25d6372c-77fd-4a39-ac2a-e48debad48df, raftlog=25d6372c-77fd-4a39-ac2a-e48debad48df@group-B2671EB745D2-SegmentedRaftLog:OPENED:c-1,f-1,i0, conf=-1: [50423279-f647-4a18-8e85-347d68eaf856:192.168.69.88:39583, 2ec85f63-33fb-4317-9145-71357d145af9:192.168.69.88:42357, 25d6372c-77fd-4a39-ac2a-e48debad48df:192.168.69.88:39591], old=null
2019-10-15 16:11:54,753 [25d6372c-77fd-4a39-ac2a-e48debad48df@group-B2671EB745D2-LeaderElection167] INFO  impl.RaftServerImpl (RaftServerImpl.java:setRole(184)) - 25d6372c-77fd-4a39-ac2a-e48debad48df@group-B2671EB745D2: changes role from CANDIDATE to FOLLOWER at term 177 for DISCOVERED_A_NEW_TERM
2019-10-15 16:11:54,754 [25d6372c-77fd-4a39-ac2a-e48debad48df@group-B2671EB745D2-LeaderElection167] INFO  impl.RoleInfo (RoleInfo.java:shutdownLeaderElection(134)) - 25d6372c-77fd-4a39-ac2a-e48debad48df: shutdown LeaderElection
2019-10-15 16:11:54,754 [25d6372c-77fd-4a39-ac2a-e48debad48df@group-B2671EB745D2-LeaderElection167] INFO  impl.RoleInfo (RoleInfo.java:updateAndGet(143)) - 25d6372c-77fd-4a39-ac2a-e48debad48df: start FollowerState
2019-10-15 16:11:54,894 [Thread-1319] INFO  impl.FollowerState (FollowerState.java:run(108)) - 25d6372c-77fd-4a39-ac2a-e48debad48df@group-B2671EB745D2-FollowerState: change to CANDIDATE, lastRpcTime:140ms, electionTimeout:140ms
2019-10-15 16:11:54,894 [Thread-1319] INFO  impl.RoleInfo (RoleInfo.java:shutdownFollowerState(121)) - 25d6372c-77fd-4a39-ac2a-e48debad48df: shutdown FollowerState
2019-10-15 16:11:54,894 [Thread-1319] INFO  impl.RaftServerImpl (RaftServerImpl.java:setRole(184)) - 25d6372c-77fd-4a39-ac2a-e48debad48df@group-B2671EB745D2: changes role from  FOLLOWER to CANDIDATE at term 177 for changeToCandidate
2019-10-15 16:11:54,895 [Thread-1319] INFO  impl.RoleInfo (RoleInfo.java:updateAndGet(143)) - 25d6372c-77fd-4a39-ac2a-e48debad48df: start LeaderElection
2019-10-15 16:11:54,909 [25d6372c-77fd-4a39-ac2a-e48debad48df@group-B2671EB745D2-LeaderElection168] INFO  impl.LeaderElection (LeaderElection.java:askForVotes(178)) - 25d6372c-77fd-4a39-ac2a-e48debad48df@group-B2671EB745D2-LeaderElection168: begin an election at term 178 for -1: [50423279-f647-4a18-8e85-347d68eaf856:192.168.69.88:39583, 2ec85f63-33fb-4317-9145-71357d145af9:192.168.69.88:42357, 25d6372c-77fd-4a39-ac2a-e48debad48df:192.168.69.88:39591], old=null
2019-10-15 16:11:54,912 [grpc-default-executor-5] INFO  impl.RaftServerImpl (RaftServerImpl.java:setRole(184)) - 2ec85f63-33fb-4317-9145-71357d145af9@group-B2671EB745D2: changes role from  FOLLOWER to FOLLOWER at term 178 for recognizeCandidate:25d6372c-77fd-4a39-ac2a-e48debad48df
2019-10-15 16:11:54,912 [grpc-default-executor-2] INFO  impl.RaftServerImpl (RaftServerImpl.java:setRole(184)) - 50423279-f647-4a18-8e85-347d68eaf856@group-B2671EB745D2: changes role from  FOLLOWER to FOLLOWER at term 178 for recognizeCandidate:25d6372c-77fd-4a39-ac2a-e48debad48df
2019-10-15 16:11:54,912 [grpc-default-executor-5] INFO  impl.RoleInfo (RoleInfo.java:shutdownFollowerState(121)) - 2ec85f63-33fb-4317-9145-71357d145af9: shutdown FollowerState
2019-10-15 16:11:54,912 [grpc-default-executor-2] INFO  impl.RoleInfo (RoleInfo.java:shutdownFollowerState(121)) - 50423279-f647-4a18-8e85-347d68eaf856: shutdown FollowerState
2019-10-15 16:11:54,913 [Thread-1318] INFO  impl.FollowerState (FollowerState.java:run(117)) - 2ec85f63-33fb-4317-9145-71357d145af9@group-B2671EB745D2-FollowerState was interrupted: java.lang.InterruptedException: sleep interrupted
2019-10-15 16:11:54,912 [grpc-default-executor-5] INFO  impl.RoleInfo (RoleInfo.java:updateAndGet(143)) - 2ec85f63-33fb-4317-9145-71357d145af9: start FollowerState
2019-10-15 16:11:54,913 [Thread-1317] INFO  impl.FollowerState (FollowerState.java:run(117)) - 50423279-f647-4a18-8e85-347d68eaf856@group-B2671EB745D2-FollowerState was interrupted: java.lang.InterruptedException: sleep interrupted
2019-10-15 16:11:54,913 [grpc-default-executor-2] INFO  impl.RoleInfo (RoleInfo.java:updateAndGet(143)) - 50423279-f647-4a18-8e85-347d68eaf856: start FollowerState
2019-10-15 16:11:54,927 [25d6372c-77fd-4a39-ac2a-e48debad48df@group-B2671EB745D2-LeaderElection168] INFO  impl.LeaderElection (LeaderElection.java:logAndReturn(56)) - 25d6372c-77fd-4a39-ac2a-e48debad48df@group-B2671EB745D2-LeaderElection168: Election REJECTED; received 2 response(s) [25d6372c-77fd-4a39-ac2a-e48debad48df<-2ec85f63-33fb-4317-9145-71357d145af9#0:FAIL-t178, 25d6372c-77fd-4a39-ac2a-e48debad48df<-50423279-f647-4a18-8e85-347d68eaf856#0:FAIL-t178] and 0 exception(s); 25d6372c-77fd-4a39-ac2a-e48debad48df@group-B2671EB745D2:t178, leader=null, voted=25d6372c-77fd-4a39-ac2a-e48debad48df, raftlog=25d6372c-77fd-4a39-ac2a-e48debad48df@group-B2671EB745D2-SegmentedRaftLog:OPENED:c-1,f-1,i0, conf=-1: [50423279-f647-4a18-8e85-347d68eaf856:192.168.69.88:39583, 2ec85f63-33fb-4317-9145-71357d145af9:192.168.69.88:42357, 25d6372c-77fd-4a39-ac2a-e48debad48df:192.168.69.88:39591], old=null
2019-10-15 16:11:54,927 [25d6372c-77fd-4a39-ac2a-e48debad48df@group-B2671EB745D2-LeaderElection168] INFO  impl.RaftServerImpl (RaftServerImpl.java:setRole(184)) - 25d6372c-77fd-4a39-ac2a-e48debad48df@group-B2671EB745D2: changes role from CANDIDATE to FOLLOWER at term 178 for DISCOVERED_A_NEW_TERM
2019-10-15 16:11:54,927 [25d6372c-77fd-4a39-ac2a-e48debad48df@group-B2671EB745D2-LeaderElection168] INFO  impl.RoleInfo (RoleInfo.java:shutdownLeaderElection(134)) - 25d6372c-77fd-4a39-ac2a-e48debad48df: shutdown LeaderElection
2019-10-15 16:11:54,928 [25d6372c-77fd-4a39-ac2a-e48debad48df@group-B2671EB745D2-LeaderElection168] INFO  impl.RoleInfo (RoleInfo.java:updateAndGet(143)) - 25d6372c-77fd-4a39-ac2a-e48debad48df: start FollowerState
2019-10-15 16:11:54,983 [Thread-1325] INFO  impl.FollowerState (FollowerState.java:run(108)) - 25d6372c-77fd-4a39-ac2a-e48debad48df@group-B2671EB745D2-FollowerState: change to CANDIDATE, lastRpcTime:55ms, electionTimeout:55ms
2019-10-15 16:11:54,983 [Thread-1325] INFO  impl.RoleInfo (RoleInfo.java:shutdownFollowerState(121)) - 25d6372c-77fd-4a39-ac2a-e48debad48df: shutdown FollowerState
2019-10-15 16:11:54,983 [Thread-1325] INFO  impl.RaftServerImpl (RaftServerImpl.java:setRole(184)) - 25d6372c-77fd-4a39-ac2a-e48debad48df@group-B2671EB745D2: changes role from  FOLLOWER to CANDIDATE at term 178 for changeToCandidate
2019-10-15 16:11:54,984 [Thread-1325] INFO  impl.RoleInfo (RoleInfo.java:updateAndGet(143)) - 25d6372c-77fd-4a39-ac2a-e48debad48df: start LeaderElection
2019-10-15 16:11:54,997 [25d6372c-77fd-4a39-ac2a-e48debad48df@group-B2671EB745D2-LeaderElection169] INFO  impl.LeaderElection (LeaderElection.java:askForVotes(178)) - 25d6372c-77fd-4a39-ac2a-e48debad48df@group-B2671EB745D2-LeaderElection169: begin an election at term 179 for -1: [50423279-f647-4a18-8e85-347d68eaf856:192.168.69.88:39583, 2ec85f63-33fb-4317-9145-71357d145af9:192.168.69.88:42357, 25d6372c-77fd-4a39-ac2a-e48debad48df:192.168.69.88:39591], old=null
2019-10-15 16:11:55,000 [grpc-default-executor-2] INFO  impl.RaftServerImpl (RaftServerImpl.java:setRole(184)) - 50423279-f647-4a18-8e85-347d68eaf856@group-B2671EB745D2: changes role from  FOLLOWER to FOLLOWER at term 179 for recognizeCandidate:25d6372c-77fd-4a39-ac2a-e48debad48df
2019-10-15 16:11:55,000 [grpc-default-executor-5] INFO  impl.RaftServerImpl (RaftServerImpl.java:setRole(184)) - 2ec85f63-33fb-4317-9145-71357d145af9@group-B2671EB745D2: changes role from  FOLLOWER to FOLLOWER at term 179 for recognizeCandidate:25d6372c-77fd-4a39-ac2a-e48debad48df
2019-10-15 16:11:55,000 [grpc-default-executor-2] INFO  impl.RoleInfo (RoleInfo.java:shutdownFollowerState(121)) - 50423279-f647-4a18-8e85-347d68eaf856: shutdown FollowerState
2019-10-15 16:11:55,000 [grpc-default-executor-5] INFO  impl.RoleInfo (RoleInfo.java:shutdownFollowerState(121)) - 2ec85f63-33fb-4317-9145-71357d145af9: shutdown FollowerState
2019-10-15 16:11:55,000 [Thread-1324] INFO  impl.FollowerState (FollowerState.java:run(117)) - 50423279-f647-4a18-8e85-347d68eaf856@group-B2671EB745D2-FollowerState was interrupted: java.lang.InterruptedException: sleep interrupted
2019-10-15 16:11:55,000 [Thread-1323] INFO  impl.FollowerState (FollowerState.java:run(117)) - 2ec85f63-33fb-4317-9145-71357d145af9@group-B2671EB745D2-FollowerState was interrupted: java.lang.InterruptedException: sleep interrupted
2019-10-15 16:11:55,000 [grpc-default-executor-2] INFO  impl.RoleInfo (RoleInfo.java:updateAndGet(143)) - 50423279-f647-4a18-8e85-347d68eaf856: start FollowerState
2019-10-15 16:11:55,000 [grpc-default-executor-5] INFO  impl.RoleInfo (RoleInfo.java:updateAndGet(143)) - 2ec85f63-33fb-4317-9145-71357d145af9: start FollowerState
2019-10-15 16:11:55,016 [25d6372c-77fd-4a39-ac2a-e48debad48df@group-B2671EB745D2-LeaderElection169] INFO  impl.LeaderElection (LeaderElection.java:logAndReturn(56)) - 25d6372c-77fd-4a39-ac2a-e48debad48df@group-B2671EB745D2-LeaderElection169: Election REJECTED; received 2 response(s) [25d6372c-77fd-4a39-ac2a-e48debad48df<-2ec85f63-33fb-4317-9145-71357d145af9#0:FAIL-t179, 25d6372c-77fd-4a39-ac2a-e48debad48df<-50423279-f647-4a18-8e85-347d68eaf856#0:FAIL-t179] and 0 exception(s); 25d6372c-77fd-4a39-ac2a-e48debad48df@group-B2671EB745D2:t179, leader=null, voted=25d6372c-77fd-4a39-ac2a-e48debad48df, raftlog=25d6372c-77fd-4a39-ac2a-e48debad48df@group-B2671EB745D2-SegmentedRaftLog:OPENED:c-1,f-1,i0, conf=-1: [50423279-f647-4a18-8e85-347d68eaf856:192.168.69.88:39583, 2ec85f63-33fb-4317-9145-71357d145af9:192.168.69.88:42357, 25d6372c-77fd-4a39-ac2a-e48debad48df:192.168.69.88:39591], old=null
2019-10-15 16:11:55,017 [25d6372c-77fd-4a39-ac2a-e48debad48df@group-B2671EB745D2-LeaderElection169] INFO  impl.RaftServerImpl (RaftServerImpl.java:setRole(184)) - 25d6372c-77fd-4a39-ac2a-e48debad48df@group-B2671EB745D2: changes role from CANDIDATE to FOLLOWER at term 179 for DISCOVERED_A_NEW_TERM
2019-10-15 16:11:55,017 [25d6372c-77fd-4a39-ac2a-e48debad48df@group-B2671EB745D2-LeaderElection169] INFO  impl.RoleInfo (RoleInfo.java:shutdownLeaderElection(134)) - 25d6372c-77fd-4a39-ac2a-e48debad48df: shutdown LeaderElection
2019-10-15 16:11:55,017 [25d6372c-77fd-4a39-ac2a-e48debad48df@group-B2671EB745D2-LeaderElection169] INFO  impl.RoleInfo (RoleInfo.java:updateAndGet(143)) - 25d6372c-77fd-4a39-ac2a-e48debad48df: start FollowerState
2019-10-15 16:11:55,096 [Thread-1331] INFO  impl.FollowerState (FollowerState.java:run(108)) - 25d6372c-77fd-4a39-ac2a-e48debad48df@group-B2671EB745D2-FollowerState: change to CANDIDATE, lastRpcTime:79ms, electionTimeout:79ms
2019-10-15 16:11:55,096 [Thread-1331] INFO  impl.RoleInfo (RoleInfo.java:shutdownFollowerState(121)) - 25d6372c-77fd-4a39-ac2a-e48debad48df: shutdown FollowerState
2019-10-15 16:11:55,097 [Thread-1331] INFO  impl.RaftServerImpl (RaftServerImpl.java:setRole(184)) - 25d6372c-77fd-4a39-ac2a-e48debad48df@group-B2671EB745D2: changes role from  FOLLOWER to CANDIDATE at term 179 for changeToCandidate
2019-10-15 16:11:55,097 [Thread-1331] INFO  impl.RoleInfo (RoleInfo.java:updateAndGet(143)) - 25d6372c-77fd-4a39-ac2a-e48debad48df: start LeaderElection
2019-10-15 16:11:55,111 [25d6372c-77fd-4a39-ac2a-e48debad48df@group-B2671EB745D2-LeaderElection170] INFO  impl.LeaderElection (LeaderElection.java:askForVotes(178)) - 25d6372c-77fd-4a39-ac2a-e48debad48df@group-B2671EB745D2-LeaderElection170: begin an election at term 180 for -1: [50423279-f647-4a18-8e85-347d68eaf856:192.168.69.88:39583, 2ec85f63-33fb-4317-9145-71357d145af9:192.168.69.88:42357, 25d6372c-77fd-4a39-ac2a-e48debad48df:192.168.69.88:39591], old=null
2019-10-15 16:11:55,115 [grpc-default-executor-5] INFO  impl.RaftServerImpl (RaftServerImpl.java:setRole(184)) - 50423279-f647-4a18-8e85-347d68eaf856@group-B2671EB745D2: changes role from  FOLLOWER to FOLLOWER at term 180 for recognizeCandidate:25d6372c-77fd-4a39-ac2a-e48debad48df
2019-10-15 16:11:55,115 [grpc-default-executor-2] INFO  impl.RaftServerImpl (RaftServerImpl.java:setRole(184)) - 2ec85f63-33fb-4317-9145-71357d145af9@group-B2671EB745D2: changes role from  FOLLOWER to FOLLOWER at term 180 for recognizeCandidate:25d6372c-77fd-4a39-ac2a-e48debad48df
2019-10-15 16:11:55,115 [grpc-default-executor-2] INFO  impl.RoleInfo (RoleInfo.java:shutdownFollowerState(121)) - 2ec85f63-33fb-4317-9145-71357d145af9: shutdown FollowerState
2019-10-15 16:11:55,115 [grpc-default-executor-5] INFO  impl.RoleInfo (RoleInfo.java:shutdownFollowerState(121)) - 50423279-f647-4a18-8e85-347d68eaf856: shutdown FollowerState
2019-10-15 16:11:55,115 [grpc-default-executor-5] INFO  impl.RoleInfo (RoleInfo.java:updateAndGet(143)) - 50423279-f647-4a18-8e85-347d68eaf856: start FollowerState
2019-10-15 16:11:55,115 [Thread-1330] INFO  impl.FollowerState (FollowerState.java:run(117)) - 2ec85f63-33fb-4317-9145-71357d145af9@group-B2671EB745D2-FollowerState was interrupted: java.lang.InterruptedException: sleep interrupted
2019-10-15 16:11:55,115 [grpc-default-executor-2] INFO  impl.RoleInfo (RoleInfo.java:updateAndGet(143)) - 2ec85f63-33fb-4317-9145-71357d145af9: start FollowerState
2019-10-15 16:11:55,115 [Thread-1329] INFO  impl.FollowerState (FollowerState.java:run(117)) - 50423279-f647-4a18-8e85-347d68eaf856@group-B2671EB745D2-FollowerState was interrupted: java.lang.InterruptedException: sleep interrupted
2019-10-15 16:11:55,130 [25d6372c-77fd-4a39-ac2a-e48debad48df@group-B2671EB745D2-LeaderElection170] INFO  impl.LeaderElection (LeaderElection.java:logAndReturn(56)) - 25d6372c-77fd-4a39-ac2a-e48debad48df@group-B2671EB745D2-LeaderElection170: Election REJECTED; received 2 response(s) [25d6372c-77fd-4a39-ac2a-e48debad48df<-2ec85f63-33fb-4317-9145-71357d145af9#0:FAIL-t180, 25d6372c-77fd-4a39-ac2a-e48debad48df<-50423279-f647-4a18-8e85-347d68eaf856#0:FAIL-t180] and 0 exception(s); 25d6372c-77fd-4a39-ac2a-e48debad48df@group-B2671EB745D2:t180, leader=null, voted=25d6372c-77fd-4a39-ac2a-e48debad48df, raftlog=25d6372c-77fd-4a39-ac2a-e48debad48df@group-B2671EB745D2-SegmentedRaftLog:OPENED:c-1,f-1,i0, conf=-1: [50423279-f647-4a18-8e85-347d68eaf856:192.168.69.88:39583, 2ec85f63-33fb-4317-9145-71357d145af9:192.168.69.88:42357, 25d6372c-77fd-4a39-ac2a-e48debad48df:192.168.69.88:39591], old=null
2019-10-15 16:11:55,130 [25d6372c-77fd-4a39-ac2a-e48debad48df@group-B2671EB745D2-LeaderElection170] INFO  impl.RaftServerImpl (RaftServerImpl.java:setRole(184)) - 25d6372c-77fd-4a39-ac2a-e48debad48df@group-B2671EB745D2: changes role from CANDIDATE to FOLLOWER at term 180 for DISCOVERED_A_NEW_TERM
2019-10-15 16:11:55,130 [25d6372c-77fd-4a39-ac2a-e48debad48df@group-B2671EB745D2-LeaderElection170] INFO  impl.RoleInfo (RoleInfo.java:shutdownLeaderElection(134)) - 25d6372c-77fd-4a39-ac2a-e48debad48df: shutdown LeaderElection
2019-10-15 16:11:55,130 [25d6372c-77fd-4a39-ac2a-e48debad48df@group-B2671EB745D2-LeaderElection170] INFO  impl.RoleInfo (RoleInfo.java:updateAndGet(143)) - 25d6372c-77fd-4a39-ac2a-e48debad48df: start FollowerState
2019-10-15 16:11:55,279 [Thread-1337] INFO  impl.FollowerState (FollowerState.java:run(108)) - 25d6372c-77fd-4a39-ac2a-e48debad48df@group-B2671EB745D2-FollowerState: change to CANDIDATE, lastRpcTime:148ms, electionTimeout:148ms
2019-10-15 16:11:55,279 [Thread-1337] INFO  impl.RoleInfo (RoleInfo.java:shutdownFollowerState(121)) - 25d6372c-77fd-4a39-ac2a-e48debad48df: shutdown FollowerState
2019-10-15 16:11:55,279 [Thread-1337] INFO  impl.RaftServerImpl (RaftServerImpl.java:setRole(184)) - 25d6372c-77fd-4a39-ac2a-e48debad48df@group-B2671EB745D2: changes role from  FOLLOWER to CANDIDATE at term 180 for changeToCandidate
2019-10-15 16:11:55,279 [Thread-1337] INFO  impl.RoleInfo (RoleInfo.java:updateAndGet(143)) - 25d6372c-77fd-4a39-ac2a-e48debad48df: start LeaderElection
2019-10-15 16:11:55,293 [25d6372c-77fd-4a39-ac2a-e48debad48df@group-B2671EB745D2-LeaderElection171] INFO  impl.LeaderElection (LeaderElection.java:askForVotes(178)) - 25d6372c-77fd-4a39-ac2a-e48debad48df@group-B2671EB745D2-LeaderElection171: begin an election at term 181 for -1: [50423279-f647-4a18-8e85-347d68eaf856:192.168.69.88:39583, 2ec85f63-33fb-4317-9145-71357d145af9:192.168.69.88:42357, 25d6372c-77fd-4a39-ac2a-e48debad48df:192.168.69.88:39591], old=null
2019-10-15 16:11:55,302 [grpc-default-executor-5] INFO  impl.RaftServerImpl (RaftServerImpl.java:setRole(184)) - 2ec85f63-33fb-4317-9145-71357d145af9@group-B2671EB745D2: changes role from  FOLLOWER to FOLLOWER at term 181 for recognizeCandidate:25d6372c-77fd-4a39-ac2a-e48debad48df
2019-10-15 16:11:55,302 [grpc-default-executor-2] INFO  impl.RaftServerImpl (RaftServerImpl.java:setRole(184)) - 50423279-f647-4a18-8e85-347d68eaf856@group-B2671EB745D2: changes role from  FOLLOWER to FOLLOWER at term 181 for recognizeCandidate:25d6372c-77fd-4a39-ac2a-e48debad48df
2019-10-15 16:11:55,302 [grpc-default-executor-5] INFO  impl.RoleInfo (RoleInfo.java:shutdownFollowerState(121)) - 2ec85f63-33fb-4317-9145-71357d145af9: shutdown FollowerState
2019-10-15 16:11:55,302 [grpc-default-executor-2] INFO  impl.RoleInfo (RoleInfo.java:shutdownFollowerState(121)) - 50423279-f647-4a18-8e85-347d68eaf856: shutdown FollowerState
2019-10-15 16:11:55,303 [grpc-default-executor-5] INFO  impl.RoleInfo (RoleInfo.java:updateAndGet(143)) - 2ec85f63-33fb-4317-9145-71357d145af9: start FollowerState
2019-10-15 16:11:55,303 [Thread-1336] INFO  impl.FollowerState (FollowerState.java:run(117)) - 50423279-f647-4a18-8e85-347d68eaf856@group-B2671EB745D2-FollowerState was interrupted: java.lang.InterruptedException: sleep interrupted
2019-10-15 16:11:55,303 [Thread-1335] INFO  impl.FollowerState (FollowerState.java:run(117)) - 2ec85f63-33fb-4317-9145-71357d145af9@group-B2671EB745D2-FollowerState was interrupted: java.lang.InterruptedException: sleep interrupted
2019-10-15 16:11:55,303 [grpc-default-executor-2] INFO  impl.RoleInfo (RoleInfo.java:updateAndGet(143)) - 50423279-f647-4a18-8e85-347d68eaf856: start FollowerState
2019-10-15 16:11:55,317 [25d6372c-77fd-4a39-ac2a-e48debad48df@group-B2671EB745D2-LeaderElection171] INFO  impl.LeaderElection (LeaderElection.java:logAndReturn(56)) - 25d6372c-77fd-4a39-ac2a-e48debad48df@group-B2671EB745D2-LeaderElection171: Election REJECTED; received 2 response(s) [25d6372c-77fd-4a39-ac2a-e48debad48df<-50423279-f647-4a18-8e85-347d68eaf856#0:FAIL-t181, 25d6372c-77fd-4a39-ac2a-e48debad48df<-2ec85f63-33fb-4317-9145-71357d145af9#0:FAIL-t181] and 0 exception(s); 25d6372c-77fd-4a39-ac2a-e48debad48df@group-B2671EB745D2:t181, leader=null, voted=25d6372c-77fd-4a39-ac2a-e48debad48df, raftlog=25d6372c-77fd-4a39-ac2a-e48debad48df@group-B2671EB745D2-SegmentedRaftLog:OPENED:c-1,f-1,i0, conf=-1: [50423279-f647-4a18-8e85-347d68eaf856:192.168.69.88:39583, 2ec85f63-33fb-4317-9145-71357d145af9:192.168.69.88:42357, 25d6372c-77fd-4a39-ac2a-e48debad48df:192.168.69.88:39591], old=null
2019-10-15 16:11:55,317 [25d6372c-77fd-4a39-ac2a-e48debad48df@group-B2671EB745D2-LeaderElection171] INFO  impl.RaftServerImpl (RaftServerImpl.java:setRole(184)) - 25d6372c-77fd-4a39-ac2a-e48debad48df@group-B2671EB745D2: changes role from CANDIDATE to FOLLOWER at term 181 for DISCOVERED_A_NEW_TERM
2019-10-15 16:11:55,318 [25d6372c-77fd-4a39-ac2a-e48debad48df@group-B2671EB745D2-LeaderElection171] INFO  impl.RoleInfo (RoleInfo.java:shutdownLeaderElection(134)) - 25d6372c-77fd-4a39-ac2a-e48debad48df: shutdown LeaderElection
2019-10-15 16:11:55,318 [25d6372c-77fd-4a39-ac2a-e48debad48df@group-B2671EB745D2-LeaderElection171] INFO  impl.RoleInfo (RoleInfo.java:updateAndGet(143)) - 25d6372c-77fd-4a39-ac2a-e48debad48df: start FollowerState
2019-10-15 16:11:55,407 [Thread-1343] INFO  impl.FollowerState (FollowerState.java:run(108)) - 25d6372c-77fd-4a39-ac2a-e48debad48df@group-B2671EB745D2-FollowerState: change to CANDIDATE, lastRpcTime:89ms, electionTimeout:89ms
2019-10-15 16:11:55,407 [Thread-1343] INFO  impl.RoleInfo (RoleInfo.java:shutdownFollowerState(121)) - 25d6372c-77fd-4a39-ac2a-e48debad48df: shutdown FollowerState
2019-10-15 16:11:55,407 [Thread-1343] INFO  impl.RaftServerImpl (RaftServerImpl.java:setRole(184)) - 25d6372c-77fd-4a39-ac2a-e48debad48df@group-B2671EB745D2: changes role from  FOLLOWER to CANDIDATE at term 181 for changeToCandidate
2019-10-15 16:11:55,407 [Thread-1343] INFO  impl.RoleInfo (RoleInfo.java:updateAndGet(143)) - 25d6372c-77fd-4a39-ac2a-e48debad48df: start LeaderElection
2019-10-15 16:11:55,412 [25d6372c-77fd-4a39-ac2a-e48debad48df@group-B2671EB745D2-LeaderElection172] INFO  impl.LeaderElection (LeaderElection.java:askForVotes(178)) - 25d6372c-77fd-4a39-ac2a-e48debad48df@group-B2671EB745D2-LeaderElection172: begin an election at term 182 for -1: [50423279-f647-4a18-8e85-347d68eaf856:192.168.69.88:39583, 2ec85f63-33fb-4317-9145-71357d145af9:192.168.69.88:42357, 25d6372c-77fd-4a39-ac2a-e48debad48df:192.168.69.88:39591], old=null
2019-10-15 16:11:55,416 [grpc-default-executor-2] INFO  impl.RaftServerImpl (RaftServerImpl.java:setRole(184)) - 50423279-f647-4a18-8e85-347d68eaf856@group-B2671EB745D2: changes role from  FOLLOWER to FOLLOWER at term 182 for recognizeCandidate:25d6372c-77fd-4a39-ac2a-e48debad48df
2019-10-15 16:11:55,416 [grpc-default-executor-2] INFO  impl.RoleInfo (RoleInfo.java:shutdownFollowerState(121)) - 50423279-f647-4a18-8e85-347d68eaf856: shutdown FollowerState
2019-10-15 16:11:55,416 [grpc-default-executor-2] INFO  impl.RoleInfo (RoleInfo.java:updateAndGet(143)) - 50423279-f647-4a18-8e85-347d68eaf856: start FollowerState
2019-10-15 16:11:55,416 [Thread-1342] INFO  impl.FollowerState (FollowerState.java:run(117)) - 50423279-f647-4a18-8e85-347d68eaf856@group-B2671EB745D2-FollowerState was interrupted: java.lang.InterruptedException: sleep interrupted
2019-10-15 16:11:55,417 [grpc-default-executor-5] INFO  impl.RaftServerImpl (RaftServerImpl.java:setRole(184)) - 2ec85f63-33fb-4317-9145-71357d145af9@group-B2671EB745D2: changes role from  FOLLOWER to FOLLOWER at term 182 for recognizeCandidate:25d6372c-77fd-4a39-ac2a-e48debad48df
2019-10-15 16:11:55,417 [grpc-default-executor-5] INFO  impl.RoleInfo (RoleInfo.java:shutdownFollowerState(121)) - 2ec85f63-33fb-4317-9145-71357d145af9: shutdown FollowerState
2019-10-15 16:11:55,417 [grpc-default-executor-5] INFO  impl.RoleInfo (RoleInfo.java:updateAndGet(143)) - 2ec85f63-33fb-4317-9145-71357d145af9: start FollowerState
2019-10-15 16:11:55,417 [Thread-1341] INFO  impl.FollowerState (FollowerState.java:run(117)) - 2ec85f63-33fb-4317-9145-71357d145af9@group-B2671EB745D2-FollowerState was interrupted: java.lang.InterruptedException: sleep interrupted
2019-10-15 16:11:55,425 [25d6372c-77fd-4a39-ac2a-e48debad48df@group-B2671EB745D2-LeaderElection172] INFO  impl.LeaderElection (LeaderElection.java:logAndReturn(56)) - 25d6372c-77fd-4a39-ac2a-e48debad48df@group-B2671EB745D2-LeaderElection172: Election REJECTED; received 2 response(s) [25d6372c-77fd-4a39-ac2a-e48debad48df<-50423279-f647-4a18-8e85-347d68eaf856#0:FAIL-t182, 25d6372c-77fd-4a39-ac2a-e48debad48df<-2ec85f63-33fb-4317-9145-71357d145af9#0:FAIL-t182] and 0 exception(s); 25d6372c-77fd-4a39-ac2a-e48debad48df@group-B2671EB745D2:t182, leader=null, voted=25d6372c-77fd-4a39-ac2a-e48debad48df, raftlog=25d6372c-77fd-4a39-ac2a-e48debad48df@group-B2671EB745D2-SegmentedRaftLog:OPENED:c-1,f-1,i0, conf=-1: [50423279-f647-4a18-8e85-347d68eaf856:192.168.69.88:39583, 2ec85f63-33fb-4317-9145-71357d145af9:192.168.69.88:42357, 25d6372c-77fd-4a39-ac2a-e48debad48df:192.168.69.88:39591], old=null
2019-10-15 16:11:55,426 [25d6372c-77fd-4a39-ac2a-e48debad48df@group-B2671EB745D2-LeaderElection172] INFO  impl.RaftServerImpl (RaftServerImpl.java:setRole(184)) - 25d6372c-77fd-4a39-ac2a-e48debad48df@group-B2671EB745D2: changes role from CANDIDATE to FOLLOWER at term 182 for DISCOVERED_A_NEW_TERM
2019-10-15 16:11:55,426 [25d6372c-77fd-4a39-ac2a-e48debad48df@group-B2671EB745D2-LeaderElection172] INFO  impl.RoleInfo (RoleInfo.java:shutdownLeaderElection(134)) - 25d6372c-77fd-4a39-ac2a-e48debad48df: shutdown LeaderElection
2019-10-15 16:11:55,426 [25d6372c-77fd-4a39-ac2a-e48debad48df@group-B2671EB745D2-LeaderElection172] INFO  impl.RoleInfo (RoleInfo.java:updateAndGet(143)) - 25d6372c-77fd-4a39-ac2a-e48debad48df: start FollowerState
2019-10-15 16:11:55,436 [Thread-1351] INFO  impl.FollowerState (FollowerState.java:run(108)) - 25d6372c-77fd-4a39-ac2a-e48debad48df@group-B2671EB745D2-FollowerState: change to CANDIDATE, lastRpcTime:10ms, electionTimeout:10ms
2019-10-15 16:11:55,436 [Thread-1351] INFO  impl.RoleInfo (RoleInfo.java:shutdownFollowerState(121)) - 25d6372c-77fd-4a39-ac2a-e48debad48df: shutdown FollowerState
2019-10-15 16:11:55,436 [Thread-1351] INFO  impl.RaftServerImpl (RaftServerImpl.java:setRole(184)) - 25d6372c-77fd-4a39-ac2a-e48debad48df@group-B2671EB745D2: changes role from  FOLLOWER to CANDIDATE at term 182 for changeToCandidate
2019-10-15 16:11:55,437 [Thread-1351] INFO  impl.RoleInfo (RoleInfo.java:updateAndGet(143)) - 25d6372c-77fd-4a39-ac2a-e48debad48df: start LeaderElection
2019-10-15 16:11:55,441 [25d6372c-77fd-4a39-ac2a-e48debad48df@group-B2671EB745D2-LeaderElection173] INFO  impl.LeaderElection (LeaderElection.java:askForVotes(178)) - 25d6372c-77fd-4a39-ac2a-e48debad48df@group-B2671EB745D2-LeaderElection173: begin an election at term 183 for -1: [50423279-f647-4a18-8e85-347d68eaf856:192.168.69.88:39583, 2ec85f63-33fb-4317-9145-71357d145af9:192.168.69.88:42357, 25d6372c-77fd-4a39-ac2a-e48debad48df:192.168.69.88:39591], old=null
2019-10-15 16:11:55,443 [grpc-default-executor-0] INFO  impl.RaftServerImpl (RaftServerImpl.java:setRole(184)) - 50423279-f647-4a18-8e85-347d68eaf856@group-B2671EB745D2: changes role from  FOLLOWER to FOLLOWER at term 183 for recognizeCandidate:25d6372c-77fd-4a39-ac2a-e48debad48df
2019-10-15 16:11:55,443 [grpc-default-executor-0] INFO  impl.RoleInfo (RoleInfo.java:shutdownFollowerState(121)) - 50423279-f647-4a18-8e85-347d68eaf856: shutdown FollowerState
2019-10-15 16:11:55,443 [grpc-default-executor-0] INFO  impl.RoleInfo (RoleInfo.java:updateAndGet(143)) - 50423279-f647-4a18-8e85-347d68eaf856: start FollowerState
2019-10-15 16:11:55,443 [Thread-1348] INFO  impl.FollowerState (FollowerState.java:run(117)) - 50423279-f647-4a18-8e85-347d68eaf856@group-B2671EB745D2-FollowerState was interrupted: java.lang.InterruptedException: sleep interrupted
2019-10-15 16:11:55,443 [grpc-default-executor-2] INFO  impl.RaftServerImpl (RaftServerImpl.java:setRole(184)) - 2ec85f63-33fb-4317-9145-71357d145af9@group-B2671EB745D2: changes role from  FOLLOWER to FOLLOWER at term 183 for recognizeCandidate:25d6372c-77fd-4a39-ac2a-e48debad48df
2019-10-15 16:11:55,443 [grpc-default-executor-2] INFO  impl.RoleInfo (RoleInfo.java:shutdownFollowerState(121)) - 2ec85f63-33fb-4317-9145-71357d145af9: shutdown FollowerState
2019-10-15 16:11:55,444 [grpc-default-executor-2] INFO  impl.RoleInfo (RoleInfo.java:updateAndGet(143)) - 2ec85f63-33fb-4317-9145-71357d145af9: start FollowerState
2019-10-15 16:11:55,444 [25d6372c-77fd-4a39-ac2a-e48debad48df@group-B2671EB745D2-LeaderElection173] INFO  impl.LeaderElection (LeaderElection.java:logAndReturn(56)) - 25d6372c-77fd-4a39-ac2a-e48debad48df@group-B2671EB745D2-LeaderElection173: Election TIMEOUT; received 0 response(s) [] and 0 exception(s); 25d6372c-77fd-4a39-ac2a-e48debad48df@group-B2671EB745D2:t183, leader=null, voted=25d6372c-77fd-4a39-ac2a-e48debad48df, raftlog=25d6372c-77fd-4a39-ac2a-e48debad48df@group-B2671EB745D2-SegmentedRaftLog:OPENED:c-1,f-1,i0, conf=-1: [50423279-f647-4a18-8e85-347d68eaf856:192.168.69.88:39583, 2ec85f63-33fb-4317-9145-71357d145af9:192.168.69.88:42357, 25d6372c-77fd-4a39-ac2a-e48debad48df:192.168.69.88:39591], old=null
2019-10-15 16:11:55,444 [Thread-1349] INFO  impl.FollowerState (FollowerState.java:run(117)) - 2ec85f63-33fb-4317-9145-71357d145af9@group-B2671EB745D2-FollowerState was interrupted: java.lang.InterruptedException: sleep interrupted
2019-10-15 16:11:55,458 [25d6372c-77fd-4a39-ac2a-e48debad48df@group-B2671EB745D2-LeaderElection173] INFO  impl.LeaderElection (LeaderElection.java:askForVotes(178)) - 25d6372c-77fd-4a39-ac2a-e48debad48df@group-B2671EB745D2-LeaderElection173: begin an election at term 184 for -1: [50423279-f647-4a18-8e85-347d68eaf856:192.168.69.88:39583, 2ec85f63-33fb-4317-9145-71357d145af9:192.168.69.88:42357, 25d6372c-77fd-4a39-ac2a-e48debad48df:192.168.69.88:39591], old=null
2019-10-15 16:11:55,459 [grpc-default-executor-0] INFO  impl.RaftServerImpl (RaftServerImpl.java:setRole(184)) - 50423279-f647-4a18-8e85-347d68eaf856@group-B2671EB745D2: changes role from  FOLLOWER to FOLLOWER at term 184 for recognizeCandidate:25d6372c-77fd-4a39-ac2a-e48debad48df
2019-10-15 16:11:55,459 [grpc-default-executor-0] INFO  impl.RoleInfo (RoleInfo.java:shutdownFollowerState(121)) - 50423279-f647-4a18-8e85-347d68eaf856: shutdown FollowerState
2019-10-15 16:11:55,459 [grpc-default-executor-2] INFO  impl.RaftServerImpl (RaftServerImpl.java:setRole(184)) - 2ec85f63-33fb-4317-9145-71357d145af9@group-B2671EB745D2: changes role from  FOLLOWER to FOLLOWER at term 184 for recognizeCandidate:25d6372c-77fd-4a39-ac2a-e48debad48df
2019-10-15 16:11:55,460 [Thread-1355] INFO  impl.FollowerState (FollowerState.java:run(117)) - 50423279-f647-4a18-8e85-347d68eaf856@group-B2671EB745D2-FollowerState was interrupted: java.lang.InterruptedException: sleep interrupted
2019-10-15 16:11:55,460 [grpc-default-executor-0] INFO  impl.RoleInfo (RoleInfo.java:updateAndGet(143)) - 50423279-f647-4a18-8e85-347d68eaf856: start FollowerState
2019-10-15 16:11:55,460 [grpc-default-executor-2] INFO  impl.RoleInfo (RoleInfo.java:shutdownFollowerState(121)) - 2ec85f63-33fb-4317-9145-71357d145af9: shutdown FollowerState
2019-10-15 16:11:55,460 [Thread-1356] INFO  impl.FollowerState (FollowerState.java:run(117)) - 2ec85f63-33fb-4317-9145-71357d145af9@group-B2671EB745D2-FollowerState was interrupted: java.lang.InterruptedException: sleep interrupted
2019-10-15 16:11:55,460 [grpc-default-executor-2] INFO  impl.RoleInfo (RoleInfo.java:updateAndGet(143)) - 2ec85f63-33fb-4317-9145-71357d145af9: start FollowerState
2019-10-15 16:11:55,474 [25d6372c-77fd-4a39-ac2a-e48debad48df@group-B2671EB745D2-LeaderElection173] INFO  impl.LeaderElection (LeaderElection.java:logAndReturn(56)) - 25d6372c-77fd-4a39-ac2a-e48debad48df@group-B2671EB745D2-LeaderElection173: Election REJECTED; received 2 response(s) [25d6372c-77fd-4a39-ac2a-e48debad48df<-2ec85f63-33fb-4317-9145-71357d145af9#0:FAIL-t184, 25d6372c-77fd-4a39-ac2a-e48debad48df<-50423279-f647-4a18-8e85-347d68eaf856#0:FAIL-t184] and 0 exception(s); 25d6372c-77fd-4a39-ac2a-e48debad48df@group-B2671EB745D2:t184, leader=null, voted=25d6372c-77fd-4a39-ac2a-e48debad48df, raftlog=25d6372c-77fd-4a39-ac2a-e48debad48df@group-B2671EB745D2-SegmentedRaftLog:OPENED:c-1,f-1,i0, conf=-1: [50423279-f647-4a18-8e85-347d68eaf856:192.168.69.88:39583, 2ec85f63-33fb-4317-9145-71357d145af9:192.168.69.88:42357, 25d6372c-77fd-4a39-ac2a-e48debad48df:192.168.69.88:39591], old=null
2019-10-15 16:11:55,474 [25d6372c-77fd-4a39-ac2a-e48debad48df@group-B2671EB745D2-LeaderElection173] INFO  impl.RaftServerImpl (RaftServerImpl.java:setRole(184)) - 25d6372c-77fd-4a39-ac2a-e48debad48df@group-B2671EB745D2: changes role from CANDIDATE to FOLLOWER at term 184 for DISCOVERED_A_NEW_TERM
2019-10-15 16:11:55,475 [25d6372c-77fd-4a39-ac2a-e48debad48df@group-B2671EB745D2-LeaderElection173] INFO  impl.RoleInfo (RoleInfo.java:shutdownLeaderElection(134)) - 25d6372c-77fd-4a39-ac2a-e48debad48df: shutdown LeaderElection
2019-10-15 16:11:55,475 [25d6372c-77fd-4a39-ac2a-e48debad48df@group-B2671EB745D2-LeaderElection173] INFO  impl.RoleInfo (RoleInfo.java:updateAndGet(143)) - 25d6372c-77fd-4a39-ac2a-e48debad48df: start FollowerState
2019-10-15 16:11:55,645 [Thread-1361] INFO  impl.FollowerState (FollowerState.java:run(108)) - 25d6372c-77fd-4a39-ac2a-e48debad48df@group-B2671EB745D2-FollowerState: change to CANDIDATE, lastRpcTime:170ms, electionTimeout:170ms
2019-10-15 16:11:55,645 [Thread-1361] INFO  impl.RoleInfo (RoleInfo.java:shutdownFollowerState(121)) - 25d6372c-77fd-4a39-ac2a-e48debad48df: shutdown FollowerState
2019-10-15 16:11:55,645 [Thread-1361] INFO  impl.RaftServerImpl (RaftServerImpl.java:setRole(184)) - 25d6372c-77fd-4a39-ac2a-e48debad48df@group-B2671EB745D2: changes role from  FOLLOWER to CANDIDATE at term 184 for changeToCandidate
2019-10-15 16:11:55,646 [Thread-1361] INFO  impl.RoleInfo (RoleInfo.java:updateAndGet(143)) - 25d6372c-77fd-4a39-ac2a-e48debad48df: start LeaderElection
2019-10-15 16:11:55,660 [25d6372c-77fd-4a39-ac2a-e48debad48df@group-B2671EB745D2-LeaderElection174] INFO  impl.LeaderElection (LeaderElection.java:askForVotes(178)) - 25d6372c-77fd-4a39-ac2a-e48debad48df@group-B2671EB745D2-LeaderElection174: begin an election at term 185 for -1: [50423279-f647-4a18-8e85-347d68eaf856:192.168.69.88:39583, 2ec85f63-33fb-4317-9145-71357d145af9:192.168.69.88:42357, 25d6372c-77fd-4a39-ac2a-e48debad48df:192.168.69.88:39591], old=null
2019-10-15 16:11:55,663 [grpc-default-executor-2] INFO  impl.RaftServerImpl (RaftServerImpl.java:setRole(184)) - 50423279-f647-4a18-8e85-347d68eaf856@group-B2671EB745D2: changes role from  FOLLOWER to FOLLOWER at term 185 for recognizeCandidate:25d6372c-77fd-4a39-ac2a-e48debad48df
2019-10-15 16:11:55,663 [grpc-default-executor-2] INFO  impl.RoleInfo (RoleInfo.java:shutdownFollowerState(121)) - 50423279-f647-4a18-8e85-347d68eaf856: shutdown FollowerState
2019-10-15 16:11:55,663 [grpc-default-executor-2] INFO  impl.RoleInfo (RoleInfo.java:updateAndGet(143)) - 50423279-f647-4a18-8e85-347d68eaf856: start FollowerState
2019-10-15 16:11:55,664 [Thread-1359] INFO  impl.FollowerState (FollowerState.java:run(117)) - 50423279-f647-4a18-8e85-347d68eaf856@group-B2671EB745D2-FollowerState was interrupted: java.lang.InterruptedException: sleep interrupted
2019-10-15 16:11:55,663 [grpc-default-executor-0] INFO  impl.RaftServerImpl (RaftServerImpl.java:setRole(184)) - 2ec85f63-33fb-4317-9145-71357d145af9@group-B2671EB745D2: changes role from  FOLLOWER to FOLLOWER at term 185 for recognizeCandidate:25d6372c-77fd-4a39-ac2a-e48debad48df
2019-10-15 16:11:55,664 [grpc-default-executor-0] INFO  impl.RoleInfo (RoleInfo.java:shutdownFollowerState(121)) - 2ec85f63-33fb-4317-9145-71357d145af9: shutdown FollowerState
2019-10-15 16:11:55,664 [grpc-default-executor-0] INFO  impl.RoleInfo (RoleInfo.java:updateAndGet(143)) - 2ec85f63-33fb-4317-9145-71357d145af9: start FollowerState
2019-10-15 16:11:55,664 [Thread-1360] INFO  impl.FollowerState (FollowerState.java:run(117)) - 2ec85f63-33fb-4317-9145-71357d145af9@group-B2671EB745D2-FollowerState was interrupted: java.lang.InterruptedException: sleep interrupted
2019-10-15 16:11:55,670 [25d6372c-77fd-4a39-ac2a-e48debad48df@group-B2671EB745D2-LeaderElection174] INFO  impl.LeaderElection (LeaderElection.java:logAndReturn(56)) - 25d6372c-77fd-4a39-ac2a-e48debad48df@group-B2671EB745D2-LeaderElection174: Election REJECTED; received 2 response(s) [25d6372c-77fd-4a39-ac2a-e48debad48df<-50423279-f647-4a18-8e85-347d68eaf856#0:FAIL-t185, 25d6372c-77fd-4a39-ac2a-e48debad48df<-2ec85f63-33fb-4317-9145-71357d145af9#0:FAIL-t185] and 0 exception(s); 25d6372c-77fd-4a39-ac2a-e48debad48df@group-B2671EB745D2:t185, leader=null, voted=25d6372c-77fd-4a39-ac2a-e48debad48df, raftlog=25d6372c-77fd-4a39-ac2a-e48debad48df@group-B2671EB745D2-SegmentedRaftLog:OPENED:c-1,f-1,i0, conf=-1: [50423279-f647-4a18-8e85-347d68eaf856:192.168.69.88:39583, 2ec85f63-33fb-4317-9145-71357d145af9:192.168.69.88:42357, 25d6372c-77fd-4a39-ac2a-e48debad48df:192.168.69.88:39591], old=null
2019-10-15 16:11:55,670 [25d6372c-77fd-4a39-ac2a-e48debad48df@group-B2671EB745D2-LeaderElection174] INFO  impl.RaftServerImpl (RaftServerImpl.java:setRole(184)) - 25d6372c-77fd-4a39-ac2a-e48debad48df@group-B2671EB745D2: changes role from CANDIDATE to FOLLOWER at term 185 for DISCOVERED_A_NEW_TERM
2019-10-15 16:11:55,670 [25d6372c-77fd-4a39-ac2a-e48debad48df@group-B2671EB745D2-LeaderElection174] INFO  impl.RoleInfo (RoleInfo.java:shutdownLeaderElection(134)) - 25d6372c-77fd-4a39-ac2a-e48debad48df: shutdown LeaderElection
2019-10-15 16:11:55,670 [25d6372c-77fd-4a39-ac2a-e48debad48df@group-B2671EB745D2-LeaderElection174] INFO  impl.RoleInfo (RoleInfo.java:updateAndGet(143)) - 25d6372c-77fd-4a39-ac2a-e48debad48df: start FollowerState
2019-10-15 16:11:55,842 [Thread-1367] INFO  impl.FollowerState (FollowerState.java:run(108)) - 25d6372c-77fd-4a39-ac2a-e48debad48df@group-B2671EB745D2-FollowerState: change to CANDIDATE, lastRpcTime:171ms, electionTimeout:171ms
2019-10-15 16:11:55,842 [Thread-1367] INFO  impl.RoleInfo (RoleInfo.java:shutdownFollowerState(121)) - 25d6372c-77fd-4a39-ac2a-e48debad48df: shutdown FollowerState
2019-10-15 16:11:55,842 [Thread-1367] INFO  impl.RaftServerImpl (RaftServerImpl.java:setRole(184)) - 25d6372c-77fd-4a39-ac2a-e48debad48df@group-B2671EB745D2: changes role from  FOLLOWER to CANDIDATE at term 185 for changeToCandidate
2019-10-15 16:11:55,842 [Thread-1367] INFO  impl.RoleInfo (RoleInfo.java:updateAndGet(143)) - 25d6372c-77fd-4a39-ac2a-e48debad48df: start LeaderElection
2019-10-15 16:11:55,856 [25d6372c-77fd-4a39-ac2a-e48debad48df@group-B2671EB745D2-LeaderElection175] INFO  impl.LeaderElection (LeaderElection.java:askForVotes(178)) - 25d6372c-77fd-4a39-ac2a-e48debad48df@group-B2671EB745D2-LeaderElection175: begin an election at term 186 for -1: [50423279-f647-4a18-8e85-347d68eaf856:192.168.69.88:39583, 2ec85f63-33fb-4317-9145-71357d145af9:192.168.69.88:42357, 25d6372c-77fd-4a39-ac2a-e48debad48df:192.168.69.88:39591], old=null
2019-10-15 16:11:55,859 [grpc-default-executor-2] INFO  impl.RaftServerImpl (RaftServerImpl.java:setRole(184)) - 50423279-f647-4a18-8e85-347d68eaf856@group-B2671EB745D2: changes role from  FOLLOWER to FOLLOWER at term 186 for recognizeCandidate:25d6372c-77fd-4a39-ac2a-e48debad48df
2019-10-15 16:11:55,859 [grpc-default-executor-0] INFO  impl.RaftServerImpl (RaftServerImpl.java:setRole(184)) - 2ec85f63-33fb-4317-9145-71357d145af9@group-B2671EB745D2: changes role from  FOLLOWER to FOLLOWER at term 186 for recognizeCandidate:25d6372c-77fd-4a39-ac2a-e48debad48df
2019-10-15 16:11:55,860 [grpc-default-executor-2] INFO  impl.RoleInfo (RoleInfo.java:shutdownFollowerState(121)) - 50423279-f647-4a18-8e85-347d68eaf856: shutdown FollowerState
2019-10-15 16:11:55,860 [grpc-default-executor-0] INFO  impl.RoleInfo (RoleInfo.java:shutdownFollowerState(121)) - 2ec85f63-33fb-4317-9145-71357d145af9: shutdown FollowerState
2019-10-15 16:11:55,860 [Thread-1365] INFO  impl.FollowerState (FollowerState.java:run(117)) - 50423279-f647-4a18-8e85-347d68eaf856@group-B2671EB745D2-FollowerState was interrupted: java.lang.InterruptedException: sleep interrupted
2019-10-15 16:11:55,860 [grpc-default-executor-2] INFO  impl.RoleInfo (RoleInfo.java:updateAndGet(143)) - 50423279-f647-4a18-8e85-347d68eaf856: start FollowerState
2019-10-15 16:11:55,860 [Thread-1366] INFO  impl.FollowerState (FollowerState.java:run(117)) - 2ec85f63-33fb-4317-9145-71357d145af9@group-B2671EB745D2-FollowerState was interrupted: java.lang.InterruptedException: sleep interrupted
2019-10-15 16:11:55,860 [grpc-default-executor-0] INFO  impl.RoleInfo (RoleInfo.java:updateAndGet(143)) - 2ec85f63-33fb-4317-9145-71357d145af9: start FollowerState
2019-10-15 16:11:55,867 [25d6372c-77fd-4a39-ac2a-e48debad48df@group-B2671EB745D2-LeaderElection175] INFO  impl.LeaderElection (LeaderElection.java:logAndReturn(56)) - 25d6372c-77fd-4a39-ac2a-e48debad48df@group-B2671EB745D2-LeaderElection175: Election REJECTED; received 2 response(s) [25d6372c-77fd-4a39-ac2a-e48debad48df<-50423279-f647-4a18-8e85-347d68eaf856#0:FAIL-t186, 25d6372c-77fd-4a39-ac2a-e48debad48df<-2ec85f63-33fb-4317-9145-71357d145af9#0:FAIL-t186] and 0 exception(s); 25d6372c-77fd-4a39-ac2a-e48debad48df@group-B2671EB745D2:t186, leader=null, voted=25d6372c-77fd-4a39-ac2a-e48debad48df, raftlog=25d6372c-77fd-4a39-ac2a-e48debad48df@group-B2671EB745D2-SegmentedRaftLog:OPENED:c-1,f-1,i0, conf=-1: [50423279-f647-4a18-8e85-347d68eaf856:192.168.69.88:39583, 2ec85f63-33fb-4317-9145-71357d145af9:192.168.69.88:42357, 25d6372c-77fd-4a39-ac2a-e48debad48df:192.168.69.88:39591], old=null
2019-10-15 16:11:55,867 [25d6372c-77fd-4a39-ac2a-e48debad48df@group-B2671EB745D2-LeaderElection175] INFO  impl.RaftServerImpl (RaftServerImpl.java:setRole(184)) - 25d6372c-77fd-4a39-ac2a-e48debad48df@group-B2671EB745D2: changes role from CANDIDATE to FOLLOWER at term 186 for DISCOVERED_A_NEW_TERM
2019-10-15 16:11:55,867 [25d6372c-77fd-4a39-ac2a-e48debad48df@group-B2671EB745D2-LeaderElection175] INFO  impl.RoleInfo (RoleInfo.java:shutdownLeaderElection(134)) - 25d6372c-77fd-4a39-ac2a-e48debad48df: shutdown LeaderElection
2019-10-15 16:11:55,868 [25d6372c-77fd-4a39-ac2a-e48debad48df@group-B2671EB745D2-LeaderElection175] INFO  impl.RoleInfo (RoleInfo.java:updateAndGet(143)) - 25d6372c-77fd-4a39-ac2a-e48debad48df: start FollowerState
2019-10-15 16:11:56,046 [Thread-1373] INFO  impl.FollowerState (FollowerState.java:run(108)) - 25d6372c-77fd-4a39-ac2a-e48debad48df@group-B2671EB745D2-FollowerState: change to CANDIDATE, lastRpcTime:178ms, electionTimeout:178ms
2019-10-15 16:11:56,047 [Thread-1373] INFO  impl.RoleInfo (RoleInfo.java:shutdownFollowerState(121)) - 25d6372c-77fd-4a39-ac2a-e48debad48df: shutdown FollowerState
2019-10-15 16:11:56,047 [Thread-1373] INFO  impl.RaftServerImpl (RaftServerImpl.java:setRole(184)) - 25d6372c-77fd-4a39-ac2a-e48debad48df@group-B2671EB745D2: changes role from  FOLLOWER to CANDIDATE at term 186 for changeToCandidate
2019-10-15 16:11:56,047 [Thread-1373] INFO  impl.RoleInfo (RoleInfo.java:updateAndGet(143)) - 25d6372c-77fd-4a39-ac2a-e48debad48df: start LeaderElection
2019-10-15 16:11:56,060 [25d6372c-77fd-4a39-ac2a-e48debad48df@group-B2671EB745D2-LeaderElection176] INFO  impl.LeaderElection (LeaderElection.java:askForVotes(178)) - 25d6372c-77fd-4a39-ac2a-e48debad48df@group-B2671EB745D2-LeaderElection176: begin an election at term 187 for -1: [50423279-f647-4a18-8e85-347d68eaf856:192.168.69.88:39583, 2ec85f63-33fb-4317-9145-71357d145af9:192.168.69.88:42357, 25d6372c-77fd-4a39-ac2a-e48debad48df:192.168.69.88:39591], old=null
2019-10-15 16:11:56,063 [grpc-default-executor-0] INFO  impl.RaftServerImpl (RaftServerImpl.java:setRole(184)) - 50423279-f647-4a18-8e85-347d68eaf856@group-B2671EB745D2: changes role from  FOLLOWER to FOLLOWER at term 187 for recognizeCandidate:25d6372c-77fd-4a39-ac2a-e48debad48df
2019-10-15 16:11:56,063 [grpc-default-executor-2] INFO  impl.RaftServerImpl (RaftServerImpl.java:setRole(184)) - 2ec85f63-33fb-4317-9145-71357d145af9@group-B2671EB745D2: changes role from  FOLLOWER to FOLLOWER at term 187 for recognizeCandidate:25d6372c-77fd-4a39-ac2a-e48debad48df
2019-10-15 16:11:56,063 [grpc-default-executor-2] INFO  impl.RoleInfo (RoleInfo.java:shutdownFollowerState(121)) - 2ec85f63-33fb-4317-9145-71357d145af9: shutdown FollowerState
2019-10-15 16:11:56,063 [grpc-default-executor-0] INFO  impl.RoleInfo (RoleInfo.java:shutdownFollowerState(121)) - 50423279-f647-4a18-8e85-347d68eaf856: shutdown FollowerState
2019-10-15 16:11:56,063 [Thread-1372] INFO  impl.FollowerState (FollowerState.java:run(117)) - 2ec85f63-33fb-4317-9145-71357d145af9@group-B2671EB745D2-FollowerState was interrupted: java.lang.InterruptedException: sleep interrupted
2019-10-15 16:11:56,063 [grpc-default-executor-2] INFO  impl.RoleInfo (RoleInfo.java:updateAndGet(143)) - 2ec85f63-33fb-4317-9145-71357d145af9: start FollowerState
2019-10-15 16:11:56,063 [Thread-1371] INFO  impl.FollowerState (FollowerState.java:run(117)) - 50423279-f647-4a18-8e85-347d68eaf856@group-B2671EB745D2-FollowerState was interrupted: java.lang.InterruptedException: sleep interrupted
2019-10-15 16:11:56,063 [grpc-default-executor-0] INFO  impl.RoleInfo (RoleInfo.java:updateAndGet(143)) - 50423279-f647-4a18-8e85-347d68eaf856: start FollowerState
2019-10-15 16:11:56,078 [25d6372c-77fd-4a39-ac2a-e48debad48df@group-B2671EB745D2-LeaderElection176] INFO  impl.LeaderElection (LeaderElection.java:logAndReturn(56)) - 25d6372c-77fd-4a39-ac2a-e48debad48df@group-B2671EB745D2-LeaderElection176: Election REJECTED; received 2 response(s) [25d6372c-77fd-4a39-ac2a-e48debad48df<-2ec85f63-33fb-4317-9145-71357d145af9#0:FAIL-t187, 25d6372c-77fd-4a39-ac2a-e48debad48df<-50423279-f647-4a18-8e85-347d68eaf856#0:FAIL-t187] and 0 exception(s); 25d6372c-77fd-4a39-ac2a-e48debad48df@group-B2671EB745D2:t187, leader=null, voted=25d6372c-77fd-4a39-ac2a-e48debad48df, raftlog=25d6372c-77fd-4a39-ac2a-e48debad48df@group-B2671EB745D2-SegmentedRaftLog:OPENED:c-1,f-1,i0, conf=-1: [50423279-f647-4a18-8e85-347d68eaf856:192.168.69.88:39583, 2ec85f63-33fb-4317-9145-71357d145af9:192.168.69.88:42357, 25d6372c-77fd-4a39-ac2a-e48debad48df:192.168.69.88:39591], old=null
2019-10-15 16:11:56,078 [25d6372c-77fd-4a39-ac2a-e48debad48df@group-B2671EB745D2-LeaderElection176] INFO  impl.RaftServerImpl (RaftServerImpl.java:setRole(184)) - 25d6372c-77fd-4a39-ac2a-e48debad48df@group-B2671EB745D2: changes role from CANDIDATE to FOLLOWER at term 187 for DISCOVERED_A_NEW_TERM
2019-10-15 16:11:56,078 [25d6372c-77fd-4a39-ac2a-e48debad48df@group-B2671EB745D2-LeaderElection176] INFO  impl.RoleInfo (RoleInfo.java:shutdownLeaderElection(134)) - 25d6372c-77fd-4a39-ac2a-e48debad48df: shutdown LeaderElection
2019-10-15 16:11:56,078 [25d6372c-77fd-4a39-ac2a-e48debad48df@group-B2671EB745D2-LeaderElection176] INFO  impl.RoleInfo (RoleInfo.java:updateAndGet(143)) - 25d6372c-77fd-4a39-ac2a-e48debad48df: start FollowerState
2019-10-15 16:11:56,079 [Thread-1379] INFO  impl.FollowerState (FollowerState.java:run(108)) - 25d6372c-77fd-4a39-ac2a-e48debad48df@group-B2671EB745D2-FollowerState: change to CANDIDATE, lastRpcTime:0ms, electionTimeout:0ms
2019-10-15 16:11:56,079 [Thread-1379] INFO  impl.RoleInfo (RoleInfo.java:shutdownFollowerState(121)) - 25d6372c-77fd-4a39-ac2a-e48debad48df: shutdown FollowerState
2019-10-15 16:11:56,079 [Thread-1379] INFO  impl.RaftServerImpl (RaftServerImpl.java:setRole(184)) - 25d6372c-77fd-4a39-ac2a-e48debad48df@group-B2671EB745D2: changes role from  FOLLOWER to CANDIDATE at term 187 for changeToCandidate
2019-10-15 16:11:56,079 [Thread-1379] INFO  impl.RoleInfo (RoleInfo.java:updateAndGet(143)) - 25d6372c-77fd-4a39-ac2a-e48debad48df: start LeaderElection
2019-10-15 16:11:56,083 [25d6372c-77fd-4a39-ac2a-e48debad48df@group-B2671EB745D2-LeaderElection177] INFO  impl.LeaderElection (LeaderElection.java:askForVotes(178)) - 25d6372c-77fd-4a39-ac2a-e48debad48df@group-B2671EB745D2-LeaderElection177: begin an election at term 188 for -1: [50423279-f647-4a18-8e85-347d68eaf856:192.168.69.88:39583, 2ec85f63-33fb-4317-9145-71357d145af9:192.168.69.88:42357, 25d6372c-77fd-4a39-ac2a-e48debad48df:192.168.69.88:39591], old=null
2019-10-15 16:11:56,085 [grpc-default-executor-2] INFO  impl.RaftServerImpl (RaftServerImpl.java:setRole(184)) - 2ec85f63-33fb-4317-9145-71357d145af9@group-B2671EB745D2: changes role from  FOLLOWER to FOLLOWER at term 188 for recognizeCandidate:25d6372c-77fd-4a39-ac2a-e48debad48df
2019-10-15 16:11:56,085 [grpc-default-executor-2] INFO  impl.RoleInfo (RoleInfo.java:shutdownFollowerState(121)) - 2ec85f63-33fb-4317-9145-71357d145af9: shutdown FollowerState
2019-10-15 16:11:56,085 [grpc-default-executor-2] INFO  impl.RoleInfo (RoleInfo.java:updateAndGet(143)) - 2ec85f63-33fb-4317-9145-71357d145af9: start FollowerState
2019-10-15 16:11:56,085 [Thread-1377] INFO  impl.FollowerState (FollowerState.java:run(117)) - 2ec85f63-33fb-4317-9145-71357d145af9@group-B2671EB745D2-FollowerState was interrupted: java.lang.InterruptedException: sleep interrupted
2019-10-15 16:11:56,086 [grpc-default-executor-0] INFO  impl.RaftServerImpl (RaftServerImpl.java:setRole(184)) - 50423279-f647-4a18-8e85-347d68eaf856@group-B2671EB745D2: changes role from  FOLLOWER to FOLLOWER at term 188 for recognizeCandidate:25d6372c-77fd-4a39-ac2a-e48debad48df
2019-10-15 16:11:56,086 [grpc-default-executor-0] INFO  impl.RoleInfo (RoleInfo.java:shutdownFollowerState(121)) - 50423279-f647-4a18-8e85-347d68eaf856: shutdown FollowerState
2019-10-15 16:11:56,086 [grpc-default-executor-0] INFO  impl.RoleInfo (RoleInfo.java:updateAndGet(143)) - 50423279-f647-4a18-8e85-347d68eaf856: start FollowerState
2019-10-15 16:11:56,086 [Thread-1378] INFO  impl.FollowerState (FollowerState.java:run(117)) - 50423279-f647-4a18-8e85-347d68eaf856@group-B2671EB745D2-FollowerState was interrupted: java.lang.InterruptedException: sleep interrupted
2019-10-15 16:11:56,091 [25d6372c-77fd-4a39-ac2a-e48debad48df@group-B2671EB745D2-LeaderElection177] INFO  impl.LeaderElection (LeaderElection.java:logAndReturn(56)) - 25d6372c-77fd-4a39-ac2a-e48debad48df@group-B2671EB745D2-LeaderElection177: Election REJECTED; received 2 response(s) [25d6372c-77fd-4a39-ac2a-e48debad48df<-2ec85f63-33fb-4317-9145-71357d145af9#0:FAIL-t188, 25d6372c-77fd-4a39-ac2a-e48debad48df<-50423279-f647-4a18-8e85-347d68eaf856#0:FAIL-t188] and 0 exception(s); 25d6372c-77fd-4a39-ac2a-e48debad48df@group-B2671EB745D2:t188, leader=null, voted=25d6372c-77fd-4a39-ac2a-e48debad48df, raftlog=25d6372c-77fd-4a39-ac2a-e48debad48df@group-B2671EB745D2-SegmentedRaftLog:OPENED:c-1,f-1,i0, conf=-1: [50423279-f647-4a18-8e85-347d68eaf856:192.168.69.88:39583, 2ec85f63-33fb-4317-9145-71357d145af9:192.168.69.88:42357, 25d6372c-77fd-4a39-ac2a-e48debad48df:192.168.69.88:39591], old=null
2019-10-15 16:11:56,091 [25d6372c-77fd-4a39-ac2a-e48debad48df@group-B2671EB745D2-LeaderElection177] INFO  impl.RaftServerImpl (RaftServerImpl.java:setRole(184)) - 25d6372c-77fd-4a39-ac2a-e48debad48df@group-B2671EB745D2: changes role from CANDIDATE to FOLLOWER at term 188 for DISCOVERED_A_NEW_TERM
2019-10-15 16:11:56,091 [25d6372c-77fd-4a39-ac2a-e48debad48df@group-B2671EB745D2-LeaderElection177] INFO  impl.RoleInfo (RoleInfo.java:shutdownLeaderElection(134)) - 25d6372c-77fd-4a39-ac2a-e48debad48df: shutdown LeaderElection
2019-10-15 16:11:56,091 [25d6372c-77fd-4a39-ac2a-e48debad48df@group-B2671EB745D2-LeaderElection177] INFO  impl.RoleInfo (RoleInfo.java:updateAndGet(143)) - 25d6372c-77fd-4a39-ac2a-e48debad48df: start FollowerState
2019-10-15 16:11:56,225 [Thread-1385] INFO  impl.FollowerState (FollowerState.java:run(108)) - 25d6372c-77fd-4a39-ac2a-e48debad48df@group-B2671EB745D2-FollowerState: change to CANDIDATE, lastRpcTime:133ms, electionTimeout:133ms
2019-10-15 16:11:56,225 [Thread-1385] INFO  impl.RoleInfo (RoleInfo.java:shutdownFollowerState(121)) - 25d6372c-77fd-4a39-ac2a-e48debad48df: shutdown FollowerState
2019-10-15 16:11:56,225 [Thread-1385] INFO  impl.RaftServerImpl (RaftServerImpl.java:setRole(184)) - 25d6372c-77fd-4a39-ac2a-e48debad48df@group-B2671EB745D2: changes role from  FOLLOWER to CANDIDATE at term 188 for changeToCandidate
2019-10-15 16:11:56,225 [Thread-1385] INFO  impl.RoleInfo (RoleInfo.java:updateAndGet(143)) - 25d6372c-77fd-4a39-ac2a-e48debad48df: start LeaderElection
2019-10-15 16:11:56,238 [25d6372c-77fd-4a39-ac2a-e48debad48df@group-B2671EB745D2-LeaderElection178] INFO  impl.LeaderElection (LeaderElection.java:askForVotes(178)) - 25d6372c-77fd-4a39-ac2a-e48debad48df@group-B2671EB745D2-LeaderElection178: begin an election at term 189 for -1: [50423279-f647-4a18-8e85-347d68eaf856:192.168.69.88:39583, 2ec85f63-33fb-4317-9145-71357d145af9:192.168.69.88:42357, 25d6372c-77fd-4a39-ac2a-e48debad48df:192.168.69.88:39591], old=null
2019-10-15 16:11:56,240 [grpc-default-executor-2] INFO  impl.RaftServerImpl (RaftServerImpl.java:setRole(184)) - 2ec85f63-33fb-4317-9145-71357d145af9@group-B2671EB745D2: changes role from  FOLLOWER to FOLLOWER at term 189 for recognizeCandidate:25d6372c-77fd-4a39-ac2a-e48debad48df
2019-10-15 16:11:56,240 [grpc-default-executor-2] INFO  impl.RoleInfo (RoleInfo.java:shutdownFollowerState(121)) - 2ec85f63-33fb-4317-9145-71357d145af9: shutdown FollowerState
2019-10-15 16:11:56,240 [grpc-default-executor-0] INFO  impl.RaftServerImpl (RaftServerImpl.java:setRole(184)) - 50423279-f647-4a18-8e85-347d68eaf856@group-B2671EB745D2: changes role from  FOLLOWER to FOLLOWER at term 189 for recognizeCandidate:25d6372c-77fd-4a39-ac2a-e48debad48df
2019-10-15 16:11:56,241 [Thread-1383] INFO  impl.FollowerState (FollowerState.java:run(117)) - 2ec85f63-33fb-4317-9145-71357d145af9@group-B2671EB745D2-FollowerState was interrupted: java.lang.InterruptedException: sleep interrupted
2019-10-15 16:11:56,240 [grpc-default-executor-2] INFO  impl.RoleInfo (RoleInfo.java:updateAndGet(143)) - 2ec85f63-33fb-4317-9145-71357d145af9: start FollowerState
2019-10-15 16:11:56,241 [grpc-default-executor-0] INFO  impl.RoleInfo (RoleInfo.java:shutdownFollowerState(121)) - 50423279-f647-4a18-8e85-347d68eaf856: shutdown FollowerState
2019-10-15 16:11:56,241 [grpc-default-executor-0] INFO  impl.RoleInfo (RoleInfo.java:updateAndGet(143)) - 50423279-f647-4a18-8e85-347d68eaf856: start FollowerState
2019-10-15 16:11:56,241 [Thread-1384] INFO  impl.FollowerState (FollowerState.java:run(117)) - 50423279-f647-4a18-8e85-347d68eaf856@group-B2671EB745D2-FollowerState was interrupted: java.lang.InterruptedException: sleep interrupted
2019-10-15 16:11:56,250 [25d6372c-77fd-4a39-ac2a-e48debad48df@group-B2671EB745D2-LeaderElection178] INFO  impl.LeaderElection (LeaderElection.java:logAndReturn(56)) - 25d6372c-77fd-4a39-ac2a-e48debad48df@group-B2671EB745D2-LeaderElection178: Election REJECTED; received 2 response(s) [25d6372c-77fd-4a39-ac2a-e48debad48df<-2ec85f63-33fb-4317-9145-71357d145af9#0:FAIL-t189, 25d6372c-77fd-4a39-ac2a-e48debad48df<-50423279-f647-4a18-8e85-347d68eaf856#0:FAIL-t189] and 0 exception(s); 25d6372c-77fd-4a39-ac2a-e48debad48df@group-B2671EB745D2:t189, leader=null, voted=25d6372c-77fd-4a39-ac2a-e48debad48df, raftlog=25d6372c-77fd-4a39-ac2a-e48debad48df@group-B2671EB745D2-SegmentedRaftLog:OPENED:c-1,f-1,i0, conf=-1: [50423279-f647-4a18-8e85-347d68eaf856:192.168.69.88:39583, 2ec85f63-33fb-4317-9145-71357d145af9:192.168.69.88:42357, 25d6372c-77fd-4a39-ac2a-e48debad48df:192.168.69.88:39591], old=null
2019-10-15 16:11:56,250 [25d6372c-77fd-4a39-ac2a-e48debad48df@group-B2671EB745D2-LeaderElection178] INFO  impl.RaftServerImpl (RaftServerImpl.java:setRole(184)) - 25d6372c-77fd-4a39-ac2a-e48debad48df@group-B2671EB745D2: changes role from CANDIDATE to FOLLOWER at term 189 for DISCOVERED_A_NEW_TERM
2019-10-15 16:11:56,250 [25d6372c-77fd-4a39-ac2a-e48debad48df@group-B2671EB745D2-LeaderElection178] INFO  impl.RoleInfo (RoleInfo.java:shutdownLeaderElection(134)) - 25d6372c-77fd-4a39-ac2a-e48debad48df: shutdown LeaderElection
2019-10-15 16:11:56,251 [25d6372c-77fd-4a39-ac2a-e48debad48df@group-B2671EB745D2-LeaderElection178] INFO  impl.RoleInfo (RoleInfo.java:updateAndGet(143)) - 25d6372c-77fd-4a39-ac2a-e48debad48df: start FollowerState
2019-10-15 16:11:56,276 [Thread-1391] INFO  impl.FollowerState (FollowerState.java:run(108)) - 25d6372c-77fd-4a39-ac2a-e48debad48df@group-B2671EB745D2-FollowerState: change to CANDIDATE, lastRpcTime:25ms, electionTimeout:25ms
2019-10-15 16:11:56,276 [Thread-1391] INFO  impl.RoleInfo (RoleInfo.java:shutdownFollowerState(121)) - 25d6372c-77fd-4a39-ac2a-e48debad48df: shutdown FollowerState
2019-10-15 16:11:56,276 [Thread-1391] INFO  impl.RaftServerImpl (RaftServerImpl.java:setRole(184)) - 25d6372c-77fd-4a39-ac2a-e48debad48df@group-B2671EB745D2: changes role from  FOLLOWER to CANDIDATE at term 189 for changeToCandidate
2019-10-15 16:11:56,276 [Thread-1391] INFO  impl.RoleInfo (RoleInfo.java:updateAndGet(143)) - 25d6372c-77fd-4a39-ac2a-e48debad48df: start LeaderElection
2019-10-15 16:11:56,290 [25d6372c-77fd-4a39-ac2a-e48debad48df@group-B2671EB745D2-LeaderElection179] INFO  impl.LeaderElection (LeaderElection.java:askForVotes(178)) - 25d6372c-77fd-4a39-ac2a-e48debad48df@group-B2671EB745D2-LeaderElection179: begin an election at term 190 for -1: [50423279-f647-4a18-8e85-347d68eaf856:192.168.69.88:39583, 2ec85f63-33fb-4317-9145-71357d145af9:192.168.69.88:42357, 25d6372c-77fd-4a39-ac2a-e48debad48df:192.168.69.88:39591], old=null
2019-10-15 16:11:56,292 [grpc-default-executor-0] INFO  impl.RaftServerImpl (RaftServerImpl.java:setRole(184)) - 2ec85f63-33fb-4317-9145-71357d145af9@group-B2671EB745D2: changes role from  FOLLOWER to FOLLOWER at term 190 for recognizeCandidate:25d6372c-77fd-4a39-ac2a-e48debad48df
2019-10-15 16:11:56,292 [grpc-default-executor-2] INFO  impl.RaftServerImpl (RaftServerImpl.java:setRole(184)) - 50423279-f647-4a18-8e85-347d68eaf856@group-B2671EB745D2: changes role from  FOLLOWER to FOLLOWER at term 190 for recognizeCandidate:25d6372c-77fd-4a39-ac2a-e48debad48df
2019-10-15 16:11:56,292 [grpc-default-executor-0] INFO  impl.RoleInfo (RoleInfo.java:shutdownFollowerState(121)) - 2ec85f63-33fb-4317-9145-71357d145af9: shutdown FollowerState
2019-10-15 16:11:56,292 [grpc-default-executor-2] INFO  impl.RoleInfo (RoleInfo.java:shutdownFollowerState(121)) - 50423279-f647-4a18-8e85-347d68eaf856: shutdown FollowerState
2019-10-15 16:11:56,293 [Thread-1389] INFO  impl.FollowerState (FollowerState.java:run(117)) - 2ec85f63-33fb-4317-9145-71357d145af9@group-B2671EB745D2-FollowerState was interrupted: java.lang.InterruptedException: sleep interrupted
2019-10-15 16:11:56,293 [grpc-default-executor-0] INFO  impl.RoleInfo (RoleInfo.java:updateAndGet(143)) - 2ec85f63-33fb-4317-9145-71357d145af9: start FollowerState
2019-10-15 16:11:56,293 [Thread-1390] INFO  impl.FollowerState (FollowerState.java:run(117)) - 50423279-f647-4a18-8e85-347d68eaf856@group-B2671EB745D2-FollowerState was interrupted: java.lang.InterruptedException: sleep interrupted
2019-10-15 16:11:56,293 [grpc-default-executor-2] INFO  impl.RoleInfo (RoleInfo.java:updateAndGet(143)) - 50423279-f647-4a18-8e85-347d68eaf856: start FollowerState
2019-10-15 16:11:56,307 [25d6372c-77fd-4a39-ac2a-e48debad48df@group-B2671EB745D2-LeaderElection179] INFO  impl.LeaderElection (LeaderElection.java:logAndReturn(56)) - 25d6372c-77fd-4a39-ac2a-e48debad48df@group-B2671EB745D2-LeaderElection179: Election REJECTED; received 2 response(s) [25d6372c-77fd-4a39-ac2a-e48debad48df<-50423279-f647-4a18-8e85-347d68eaf856#0:FAIL-t190, 25d6372c-77fd-4a39-ac2a-e48debad48df<-2ec85f63-33fb-4317-9145-71357d145af9#0:FAIL-t190] and 0 exception(s); 25d6372c-77fd-4a39-ac2a-e48debad48df@group-B2671EB745D2:t190, leader=null, voted=25d6372c-77fd-4a39-ac2a-e48debad48df, raftlog=25d6372c-77fd-4a39-ac2a-e48debad48df@group-B2671EB745D2-SegmentedRaftLog:OPENED:c-1,f-1,i0, conf=-1: [50423279-f647-4a18-8e85-347d68eaf856:192.168.69.88:39583, 2ec85f63-33fb-4317-9145-71357d145af9:192.168.69.88:42357, 25d6372c-77fd-4a39-ac2a-e48debad48df:192.168.69.88:39591], old=null
2019-10-15 16:11:56,307 [25d6372c-77fd-4a39-ac2a-e48debad48df@group-B2671EB745D2-LeaderElection179] INFO  impl.RaftServerImpl (RaftServerImpl.java:setRole(184)) - 25d6372c-77fd-4a39-ac2a-e48debad48df@group-B2671EB745D2: changes role from CANDIDATE to FOLLOWER at term 190 for DISCOVERED_A_NEW_TERM
2019-10-15 16:11:56,308 [25d6372c-77fd-4a39-ac2a-e48debad48df@group-B2671EB745D2-LeaderElection179] INFO  impl.RoleInfo (RoleInfo.java:shutdownLeaderElection(134)) - 25d6372c-77fd-4a39-ac2a-e48debad48df: shutdown LeaderElection
2019-10-15 16:11:56,308 [25d6372c-77fd-4a39-ac2a-e48debad48df@group-B2671EB745D2-LeaderElection179] INFO  impl.RoleInfo (RoleInfo.java:updateAndGet(143)) - 25d6372c-77fd-4a39-ac2a-e48debad48df: start FollowerState
2019-10-15 16:11:56,414 [Thread-1397] INFO  impl.FollowerState (FollowerState.java:run(108)) - 25d6372c-77fd-4a39-ac2a-e48debad48df@group-B2671EB745D2-FollowerState: change to CANDIDATE, lastRpcTime:106ms, electionTimeout:106ms
2019-10-15 16:11:56,414 [Thread-1397] INFO  impl.RoleInfo (RoleInfo.java:shutdownFollowerState(121)) - 25d6372c-77fd-4a39-ac2a-e48debad48df: shutdown FollowerState
2019-10-15 16:11:56,414 [Thread-1397] INFO  impl.RaftServerImpl (RaftServerImpl.java:setRole(184)) - 25d6372c-77fd-4a39-ac2a-e48debad48df@group-B2671EB745D2: changes role from  FOLLOWER to CANDIDATE at term 190 for changeToCandidate
2019-10-15 16:11:56,414 [Thread-1397] INFO  impl.RoleInfo (RoleInfo.java:updateAndGet(143)) - 25d6372c-77fd-4a39-ac2a-e48debad48df: start LeaderElection
2019-10-15 16:11:56,428 [25d6372c-77fd-4a39-ac2a-e48debad48df@group-B2671EB745D2-LeaderElection180] INFO  impl.LeaderElection (LeaderElection.java:askForVotes(178)) - 25d6372c-77fd-4a39-ac2a-e48debad48df@group-B2671EB745D2-LeaderElection180: begin an election at term 191 for -1: [50423279-f647-4a18-8e85-347d68eaf856:192.168.69.88:39583, 2ec85f63-33fb-4317-9145-71357d145af9:192.168.69.88:42357, 25d6372c-77fd-4a39-ac2a-e48debad48df:192.168.69.88:39591], old=null
2019-10-15 16:11:56,431 [grpc-default-executor-0] INFO  impl.RaftServerImpl (RaftServerImpl.java:setRole(184)) - 2ec85f63-33fb-4317-9145-71357d145af9@group-B2671EB745D2: changes role from  FOLLOWER to FOLLOWER at term 191 for recognizeCandidate:25d6372c-77fd-4a39-ac2a-e48debad48df
2019-10-15 16:11:56,431 [grpc-default-executor-2] INFO  impl.RaftServerImpl (RaftServerImpl.java:setRole(184)) - 50423279-f647-4a18-8e85-347d68eaf856@group-B2671EB745D2: changes role from  FOLLOWER to FOLLOWER at term 191 for recognizeCandidate:25d6372c-77fd-4a39-ac2a-e48debad48df
2019-10-15 16:11:56,431 [grpc-default-executor-2] INFO  impl.RoleInfo (RoleInfo.java:shutdownFollowerState(121)) - 50423279-f647-4a18-8e85-347d68eaf856: shutdown FollowerState
2019-10-15 16:11:56,431 [grpc-default-executor-0] INFO  impl.RoleInfo (RoleInfo.java:shutdownFollowerState(121)) - 2ec85f63-33fb-4317-9145-71357d145af9: shutdown FollowerState
2019-10-15 16:11:56,431 [grpc-default-executor-2] INFO  impl.RoleInfo (RoleInfo.java:updateAndGet(143)) - 50423279-f647-4a18-8e85-347d68eaf856: start FollowerState
2019-10-15 16:11:56,431 [Thread-1396] INFO  impl.FollowerState (FollowerState.java:run(117)) - 50423279-f647-4a18-8e85-347d68eaf856@group-B2671EB745D2-FollowerState was interrupted: java.lang.InterruptedException: sleep interrupted
2019-10-15 16:11:56,433 [Thread-1395] INFO  impl.FollowerState (FollowerState.java:run(117)) - 2ec85f63-33fb-4317-9145-71357d145af9@group-B2671EB745D2-FollowerState was interrupted: java.lang.InterruptedException: sleep interrupted
2019-10-15 16:11:56,433 [grpc-default-executor-0] INFO  impl.RoleInfo (RoleInfo.java:updateAndGet(143)) - 2ec85f63-33fb-4317-9145-71357d145af9: start FollowerState
2019-10-15 16:11:56,441 [25d6372c-77fd-4a39-ac2a-e48debad48df@group-B2671EB745D2-LeaderElection180] INFO  impl.LeaderElection (LeaderElection.java:logAndReturn(56)) - 25d6372c-77fd-4a39-ac2a-e48debad48df@group-B2671EB745D2-LeaderElection180: Election REJECTED; received 2 response(s) [25d6372c-77fd-4a39-ac2a-e48debad48df<-2ec85f63-33fb-4317-9145-71357d145af9#0:FAIL-t191, 25d6372c-77fd-4a39-ac2a-e48debad48df<-50423279-f647-4a18-8e85-347d68eaf856#0:FAIL-t191] and 0 exception(s); 25d6372c-77fd-4a39-ac2a-e48debad48df@group-B2671EB745D2:t191, leader=null, voted=25d6372c-77fd-4a39-ac2a-e48debad48df, raftlog=25d6372c-77fd-4a39-ac2a-e48debad48df@group-B2671EB745D2-SegmentedRaftLog:OPENED:c-1,f-1,i0, conf=-1: [50423279-f647-4a18-8e85-347d68eaf856:192.168.69.88:39583, 2ec85f63-33fb-4317-9145-71357d145af9:192.168.69.88:42357, 25d6372c-77fd-4a39-ac2a-e48debad48df:192.168.69.88:39591], old=null
2019-10-15 16:11:56,441 [25d6372c-77fd-4a39-ac2a-e48debad48df@group-B2671EB745D2-LeaderElection180] INFO  impl.RaftServerImpl (RaftServerImpl.java:setRole(184)) - 25d6372c-77fd-4a39-ac2a-e48debad48df@group-B2671EB745D2: changes role from CANDIDATE to FOLLOWER at term 191 for DISCOVERED_A_NEW_TERM
2019-10-15 16:11:56,442 [25d6372c-77fd-4a39-ac2a-e48debad48df@group-B2671EB745D2-LeaderElection180] INFO  impl.RoleInfo (RoleInfo.java:shutdownLeaderElection(134)) - 25d6372c-77fd-4a39-ac2a-e48debad48df: shutdown LeaderElection
2019-10-15 16:11:56,442 [25d6372c-77fd-4a39-ac2a-e48debad48df@group-B2671EB745D2-LeaderElection180] INFO  impl.RoleInfo (RoleInfo.java:updateAndGet(143)) - 25d6372c-77fd-4a39-ac2a-e48debad48df: start FollowerState
2019-10-15 16:11:56,583 [Thread-1405] INFO  impl.FollowerState (FollowerState.java:run(108)) - 25d6372c-77fd-4a39-ac2a-e48debad48df@group-B2671EB745D2-FollowerState: change to CANDIDATE, lastRpcTime:141ms, electionTimeout:141ms
2019-10-15 16:11:56,583 [Thread-1405] INFO  impl.RoleInfo (RoleInfo.java:shutdownFollowerState(121)) - 25d6372c-77fd-4a39-ac2a-e48debad48df: shutdown FollowerState
2019-10-15 16:11:56,583 [Thread-1405] INFO  impl.RaftServerImpl (RaftServerImpl.java:setRole(184)) - 25d6372c-77fd-4a39-ac2a-e48debad48df@group-B2671EB745D2: changes role from  FOLLOWER to CANDIDATE at term 191 for changeToCandidate
2019-10-15 16:11:56,583 [Thread-1405] INFO  impl.RoleInfo (RoleInfo.java:updateAndGet(143)) - 25d6372c-77fd-4a39-ac2a-e48debad48df: start LeaderElection
2019-10-15 16:11:56,597 [25d6372c-77fd-4a39-ac2a-e48debad48df@group-B2671EB745D2-LeaderElection181] INFO  impl.LeaderElection (LeaderElection.java:askForVotes(178)) - 25d6372c-77fd-4a39-ac2a-e48debad48df@group-B2671EB745D2-LeaderElection181: begin an election at term 192 for -1: [50423279-f647-4a18-8e85-347d68eaf856:192.168.69.88:39583, 2ec85f63-33fb-4317-9145-71357d145af9:192.168.69.88:42357, 25d6372c-77fd-4a39-ac2a-e48debad48df:192.168.69.88:39591], old=null
2019-10-15 16:11:56,599 [grpc-default-executor-0] INFO  impl.RaftServerImpl (RaftServerImpl.java:setRole(184)) - 50423279-f647-4a18-8e85-347d68eaf856@group-B2671EB745D2: changes role from  FOLLOWER to FOLLOWER at term 192 for recognizeCandidate:25d6372c-77fd-4a39-ac2a-e48debad48df
2019-10-15 16:11:56,599 [grpc-default-executor-1] INFO  impl.RaftServerImpl (RaftServerImpl.java:setRole(184)) - 2ec85f63-33fb-4317-9145-71357d145af9@group-B2671EB745D2: changes role from  FOLLOWER to FOLLOWER at term 192 for recognizeCandidate:25d6372c-77fd-4a39-ac2a-e48debad48df
2019-10-15 16:11:56,599 [grpc-default-executor-0] INFO  impl.RoleInfo (RoleInfo.java:shutdownFollowerState(121)) - 50423279-f647-4a18-8e85-347d68eaf856: shutdown FollowerState
2019-10-15 16:11:56,600 [grpc-default-executor-1] INFO  impl.RoleInfo (RoleInfo.java:shutdownFollowerState(121)) - 2ec85f63-33fb-4317-9145-71357d145af9: shutdown FollowerState
2019-10-15 16:11:56,600 [Thread-1403] INFO  impl.FollowerState (FollowerState.java:run(117)) - 50423279-f647-4a18-8e85-347d68eaf856@group-B2671EB745D2-FollowerState was interrupted: java.lang.InterruptedException: sleep interrupted
2019-10-15 16:11:56,600 [grpc-default-executor-0] INFO  impl.RoleInfo (RoleInfo.java:updateAndGet(143)) - 50423279-f647-4a18-8e85-347d68eaf856: start FollowerState
2019-10-15 16:11:56,600 [grpc-default-executor-1] INFO  impl.RoleInfo (RoleInfo.java:updateAndGet(143)) - 2ec85f63-33fb-4317-9145-71357d145af9: start FollowerState
2019-10-15 16:11:56,600 [Thread-1404] INFO  impl.FollowerState (FollowerState.java:run(117)) - 2ec85f63-33fb-4317-9145-71357d145af9@group-B2671EB745D2-FollowerState was interrupted: java.lang.InterruptedException: sleep interrupted
2019-10-15 16:11:56,614 [25d6372c-77fd-4a39-ac2a-e48debad48df@group-B2671EB745D2-LeaderElection181] INFO  impl.LeaderElection (LeaderElection.java:logAndReturn(56)) - 25d6372c-77fd-4a39-ac2a-e48debad48df@group-B2671EB745D2-LeaderElection181: Election REJECTED; received 2 response(s) [25d6372c-77fd-4a39-ac2a-e48debad48df<-50423279-f647-4a18-8e85-347d68eaf856#0:FAIL-t192, 25d6372c-77fd-4a39-ac2a-e48debad48df<-2ec85f63-33fb-4317-9145-71357d145af9#0:FAIL-t192] and 0 exception(s); 25d6372c-77fd-4a39-ac2a-e48debad48df@group-B2671EB745D2:t192, leader=null, voted=25d6372c-77fd-4a39-ac2a-e48debad48df, raftlog=25d6372c-77fd-4a39-ac2a-e48debad48df@group-B2671EB745D2-SegmentedRaftLog:OPENED:c-1,f-1,i0, conf=-1: [50423279-f647-4a18-8e85-347d68eaf856:192.168.69.88:39583, 2ec85f63-33fb-4317-9145-71357d145af9:192.168.69.88:42357, 25d6372c-77fd-4a39-ac2a-e48debad48df:192.168.69.88:39591], old=null
2019-10-15 16:11:56,615 [25d6372c-77fd-4a39-ac2a-e48debad48df@group-B2671EB745D2-LeaderElection181] INFO  impl.RaftServerImpl (RaftServerImpl.java:setRole(184)) - 25d6372c-77fd-4a39-ac2a-e48debad48df@group-B2671EB745D2: changes role from CANDIDATE to FOLLOWER at term 192 for DISCOVERED_A_NEW_TERM
2019-10-15 16:11:56,615 [25d6372c-77fd-4a39-ac2a-e48debad48df@group-B2671EB745D2-LeaderElection181] INFO  impl.RoleInfo (RoleInfo.java:shutdownLeaderElection(134)) - 25d6372c-77fd-4a39-ac2a-e48debad48df: shutdown LeaderElection
2019-10-15 16:11:56,615 [25d6372c-77fd-4a39-ac2a-e48debad48df@group-B2671EB745D2-LeaderElection181] INFO  impl.RoleInfo (RoleInfo.java:updateAndGet(143)) - 25d6372c-77fd-4a39-ac2a-e48debad48df: start FollowerState
2019-10-15 16:11:56,814 [Thread-1412] INFO  impl.FollowerState (FollowerState.java:run(108)) - 25d6372c-77fd-4a39-ac2a-e48debad48df@group-B2671EB745D2-FollowerState: change to CANDIDATE, lastRpcTime:199ms, electionTimeout:199ms
2019-10-15 16:11:56,815 [Thread-1412] INFO  impl.RoleInfo (RoleInfo.java:shutdownFollowerState(121)) - 25d6372c-77fd-4a39-ac2a-e48debad48df: shutdown FollowerState
2019-10-15 16:11:56,815 [Thread-1412] INFO  impl.RaftServerImpl (RaftServerImpl.java:setRole(184)) - 25d6372c-77fd-4a39-ac2a-e48debad48df@group-B2671EB745D2: changes role from  FOLLOWER to CANDIDATE at term 192 for changeToCandidate
2019-10-15 16:11:56,815 [Thread-1412] INFO  impl.RoleInfo (RoleInfo.java:updateAndGet(143)) - 25d6372c-77fd-4a39-ac2a-e48debad48df: start LeaderElection
2019-10-15 16:11:56,829 [25d6372c-77fd-4a39-ac2a-e48debad48df@group-B2671EB745D2-LeaderElection182] INFO  impl.LeaderElection (LeaderElection.java:askForVotes(178)) - 25d6372c-77fd-4a39-ac2a-e48debad48df@group-B2671EB745D2-LeaderElection182: begin an election at term 193 for -1: [50423279-f647-4a18-8e85-347d68eaf856:192.168.69.88:39583, 2ec85f63-33fb-4317-9145-71357d145af9:192.168.69.88:42357, 25d6372c-77fd-4a39-ac2a-e48debad48df:192.168.69.88:39591], old=null
2019-10-15 16:11:56,833 [grpc-default-executor-1] INFO  impl.RaftServerImpl (RaftServerImpl.java:setRole(184)) - 2ec85f63-33fb-4317-9145-71357d145af9@group-B2671EB745D2: changes role from  FOLLOWER to FOLLOWER at term 193 for recognizeCandidate:25d6372c-77fd-4a39-ac2a-e48debad48df
2019-10-15 16:11:56,833 [grpc-default-executor-1] INFO  impl.RoleInfo (RoleInfo.java:shutdownFollowerState(121)) - 2ec85f63-33fb-4317-9145-71357d145af9: shutdown FollowerState
2019-10-15 16:11:56,833 [grpc-default-executor-1] INFO  impl.RoleInfo (RoleInfo.java:updateAndGet(143)) - 2ec85f63-33fb-4317-9145-71357d145af9: start FollowerState
2019-10-15 16:11:56,833 [Thread-1411] INFO  impl.FollowerState (FollowerState.java:run(117)) - 2ec85f63-33fb-4317-9145-71357d145af9@group-B2671EB745D2-FollowerState was interrupted: java.lang.InterruptedException: sleep interrupted
2019-10-15 16:11:56,833 [grpc-default-executor-0] INFO  impl.RaftServerImpl (RaftServerImpl.java:setRole(184)) - 50423279-f647-4a18-8e85-347d68eaf856@group-B2671EB745D2: changes role from  FOLLOWER to FOLLOWER at term 193 for recognizeCandidate:25d6372c-77fd-4a39-ac2a-e48debad48df
2019-10-15 16:11:56,833 [grpc-default-executor-0] INFO  impl.RoleInfo (RoleInfo.java:shutdownFollowerState(121)) - 50423279-f647-4a18-8e85-347d68eaf856: shutdown FollowerState
2019-10-15 16:11:56,833 [grpc-default-executor-0] INFO  impl.RoleInfo (RoleInfo.java:updateAndGet(143)) - 50423279-f647-4a18-8e85-347d68eaf856: start FollowerState
2019-10-15 16:11:56,834 [Thread-1410] INFO  impl.FollowerState (FollowerState.java:run(117)) - 50423279-f647-4a18-8e85-347d68eaf856@group-B2671EB745D2-FollowerState was interrupted: java.lang.InterruptedException: sleep interrupted
2019-10-15 16:11:56,847 [25d6372c-77fd-4a39-ac2a-e48debad48df@group-B2671EB745D2-LeaderElection182] INFO  impl.LeaderElection (LeaderElection.java:logAndReturn(56)) - 25d6372c-77fd-4a39-ac2a-e48debad48df@group-B2671EB745D2-LeaderElection182: Election REJECTED; received 2 response(s) [25d6372c-77fd-4a39-ac2a-e48debad48df<-50423279-f647-4a18-8e85-347d68eaf856#0:FAIL-t193, 25d6372c-77fd-4a39-ac2a-e48debad48df<-2ec85f63-33fb-4317-9145-71357d145af9#0:FAIL-t193] and 0 exception(s); 25d6372c-77fd-4a39-ac2a-e48debad48df@group-B2671EB745D2:t193, leader=null, voted=25d6372c-77fd-4a39-ac2a-e48debad48df, raftlog=25d6372c-77fd-4a39-ac2a-e48debad48df@group-B2671EB745D2-SegmentedRaftLog:OPENED:c-1,f-1,i0, conf=-1: [50423279-f647-4a18-8e85-347d68eaf856:192.168.69.88:39583, 2ec85f63-33fb-4317-9145-71357d145af9:192.168.69.88:42357, 25d6372c-77fd-4a39-ac2a-e48debad48df:192.168.69.88:39591], old=null
2019-10-15 16:11:56,847 [25d6372c-77fd-4a39-ac2a-e48debad48df@group-B2671EB745D2-LeaderElection182] INFO  impl.RaftServerImpl (RaftServerImpl.java:setRole(184)) - 25d6372c-77fd-4a39-ac2a-e48debad48df@group-B2671EB745D2: changes role from CANDIDATE to FOLLOWER at term 193 for DISCOVERED_A_NEW_TERM
2019-10-15 16:11:56,848 [25d6372c-77fd-4a39-ac2a-e48debad48df@group-B2671EB745D2-LeaderElection182] INFO  impl.RoleInfo (RoleInfo.java:shutdownLeaderElection(134)) - 25d6372c-77fd-4a39-ac2a-e48debad48df: shutdown LeaderElection
2019-10-15 16:11:56,848 [25d6372c-77fd-4a39-ac2a-e48debad48df@group-B2671EB745D2-LeaderElection182] INFO  impl.RoleInfo (RoleInfo.java:updateAndGet(143)) - 25d6372c-77fd-4a39-ac2a-e48debad48df: start FollowerState
2019-10-15 16:11:56,861 [Thread-1418] INFO  impl.FollowerState (FollowerState.java:run(108)) - 25d6372c-77fd-4a39-ac2a-e48debad48df@group-B2671EB745D2-FollowerState: change to CANDIDATE, lastRpcTime:13ms, electionTimeout:13ms
2019-10-15 16:11:56,861 [Thread-1418] INFO  impl.RoleInfo (RoleInfo.java:shutdownFollowerState(121)) - 25d6372c-77fd-4a39-ac2a-e48debad48df: shutdown FollowerState
2019-10-15 16:11:56,862 [Thread-1418] INFO  impl.RaftServerImpl (RaftServerImpl.java:setRole(184)) - 25d6372c-77fd-4a39-ac2a-e48debad48df@group-B2671EB745D2: changes role from  FOLLOWER to CANDIDATE at term 193 for changeToCandidate
2019-10-15 16:11:56,862 [Thread-1418] INFO  impl.RoleInfo (RoleInfo.java:updateAndGet(143)) - 25d6372c-77fd-4a39-ac2a-e48debad48df: start LeaderElection
2019-10-15 16:11:56,876 [25d6372c-77fd-4a39-ac2a-e48debad48df@group-B2671EB745D2-LeaderElection183] INFO  impl.LeaderElection (LeaderElection.java:askForVotes(178)) - 25d6372c-77fd-4a39-ac2a-e48debad48df@group-B2671EB745D2-LeaderElection183: begin an election at term 194 for -1: [50423279-f647-4a18-8e85-347d68eaf856:192.168.69.88:39583, 2ec85f63-33fb-4317-9145-71357d145af9:192.168.69.88:42357, 25d6372c-77fd-4a39-ac2a-e48debad48df:192.168.69.88:39591], old=null
2019-10-15 16:11:56,879 [grpc-default-executor-0] INFO  impl.RaftServerImpl (RaftServerImpl.java:setRole(184)) - 50423279-f647-4a18-8e85-347d68eaf856@group-B2671EB745D2: changes role from  FOLLOWER to FOLLOWER at term 194 for recognizeCandidate:25d6372c-77fd-4a39-ac2a-e48debad48df
2019-10-15 16:11:56,879 [grpc-default-executor-0] INFO  impl.RoleInfo (RoleInfo.java:shutdownFollowerState(121)) - 50423279-f647-4a18-8e85-347d68eaf856: shutdown FollowerState
2019-10-15 16:11:56,879 [grpc-default-executor-0] INFO  impl.RoleInfo (RoleInfo.java:updateAndGet(143)) - 50423279-f647-4a18-8e85-347d68eaf856: start FollowerState
2019-10-15 16:11:56,879 [Thread-1417] INFO  impl.FollowerState (FollowerState.java:run(117)) - 50423279-f647-4a18-8e85-347d68eaf856@group-B2671EB745D2-FollowerState was interrupted: java.lang.InterruptedException: sleep interrupted
2019-10-15 16:11:56,879 [grpc-default-executor-1] INFO  impl.RaftServerImpl (RaftServerImpl.java:setRole(184)) - 2ec85f63-33fb-4317-9145-71357d145af9@group-B2671EB745D2: changes role from  FOLLOWER to FOLLOWER at term 194 for recognizeCandidate:25d6372c-77fd-4a39-ac2a-e48debad48df
2019-10-15 16:11:56,879 [grpc-default-executor-1] INFO  impl.RoleInfo (RoleInfo.java:shutdownFollowerState(121)) - 2ec85f63-33fb-4317-9145-71357d145af9: shutdown FollowerState
2019-10-15 16:11:56,879 [grpc-default-executor-1] INFO  impl.RoleInfo (RoleInfo.java:updateAndGet(143)) - 2ec85f63-33fb-4317-9145-71357d145af9: start FollowerState
2019-10-15 16:11:56,879 [Thread-1416] INFO  impl.FollowerState (FollowerState.java:run(117)) - 2ec85f63-33fb-4317-9145-71357d145af9@group-B2671EB745D2-FollowerState was interrupted: java.lang.InterruptedException: sleep interrupted
2019-10-15 16:11:56,894 [25d6372c-77fd-4a39-ac2a-e48debad48df@group-B2671EB745D2-LeaderElection183] INFO  impl.LeaderElection (LeaderElection.java:logAndReturn(56)) - 25d6372c-77fd-4a39-ac2a-e48debad48df@group-B2671EB745D2-LeaderElection183: Election REJECTED; received 2 response(s) [25d6372c-77fd-4a39-ac2a-e48debad48df<-2ec85f63-33fb-4317-9145-71357d145af9#0:FAIL-t194, 25d6372c-77fd-4a39-ac2a-e48debad48df<-50423279-f647-4a18-8e85-347d68eaf856#0:FAIL-t194] and 0 exception(s); 25d6372c-77fd-4a39-ac2a-e48debad48df@group-B2671EB745D2:t194, leader=null, voted=25d6372c-77fd-4a39-ac2a-e48debad48df, raftlog=25d6372c-77fd-4a39-ac2a-e48debad48df@group-B2671EB745D2-SegmentedRaftLog:OPENED:c-1,f-1,i0, conf=-1: [50423279-f647-4a18-8e85-347d68eaf856:192.168.69.88:39583, 2ec85f63-33fb-4317-9145-71357d145af9:192.168.69.88:42357, 25d6372c-77fd-4a39-ac2a-e48debad48df:192.168.69.88:39591], old=null
2019-10-15 16:11:56,894 [25d6372c-77fd-4a39-ac2a-e48debad48df@group-B2671EB745D2-LeaderElection183] INFO  impl.RaftServerImpl (RaftServerImpl.java:setRole(184)) - 25d6372c-77fd-4a39-ac2a-e48debad48df@group-B2671EB745D2: changes role from CANDIDATE to FOLLOWER at term 194 for DISCOVERED_A_NEW_TERM
2019-10-15 16:11:56,894 [25d6372c-77fd-4a39-ac2a-e48debad48df@group-B2671EB745D2-LeaderElection183] INFO  impl.RoleInfo (RoleInfo.java:shutdownLeaderElection(134)) - 25d6372c-77fd-4a39-ac2a-e48debad48df: shutdown LeaderElection
2019-10-15 16:11:56,894 [25d6372c-77fd-4a39-ac2a-e48debad48df@group-B2671EB745D2-LeaderElection183] INFO  impl.RoleInfo (RoleInfo.java:updateAndGet(143)) - 25d6372c-77fd-4a39-ac2a-e48debad48df: start FollowerState
2019-10-15 16:11:57,086 [Thread-1424] INFO  impl.FollowerState (FollowerState.java:run(108)) - 25d6372c-77fd-4a39-ac2a-e48debad48df@group-B2671EB745D2-FollowerState: change to CANDIDATE, lastRpcTime:191ms, electionTimeout:191ms
2019-10-15 16:11:57,086 [Thread-1424] INFO  impl.RoleInfo (RoleInfo.java:shutdownFollowerState(121)) - 25d6372c-77fd-4a39-ac2a-e48debad48df: shutdown FollowerState
2019-10-15 16:11:57,086 [Thread-1424] INFO  impl.RaftServerImpl (RaftServerImpl.java:setRole(184)) - 25d6372c-77fd-4a39-ac2a-e48debad48df@group-B2671EB745D2: changes role from  FOLLOWER to CANDIDATE at term 194 for changeToCandidate
2019-10-15 16:11:57,086 [Thread-1424] INFO  impl.RoleInfo (RoleInfo.java:updateAndGet(143)) - 25d6372c-77fd-4a39-ac2a-e48debad48df: start LeaderElection
2019-10-15 16:11:57,101 [25d6372c-77fd-4a39-ac2a-e48debad48df@group-B2671EB745D2-LeaderElection184] INFO  impl.LeaderElection (LeaderElection.java:askForVotes(178)) - 25d6372c-77fd-4a39-ac2a-e48debad48df@group-B2671EB745D2-LeaderElection184: begin an election at term 195 for -1: [50423279-f647-4a18-8e85-347d68eaf856:192.168.69.88:39583, 2ec85f63-33fb-4317-9145-71357d145af9:192.168.69.88:42357, 25d6372c-77fd-4a39-ac2a-e48debad48df:192.168.69.88:39591], old=null
2019-10-15 16:11:57,104 [grpc-default-executor-0] INFO  impl.RaftServerImpl (RaftServerImpl.java:setRole(184)) - 50423279-f647-4a18-8e85-347d68eaf856@group-B2671EB745D2: changes role from  FOLLOWER to FOLLOWER at term 195 for recognizeCandidate:25d6372c-77fd-4a39-ac2a-e48debad48df
2019-10-15 16:11:57,104 [grpc-default-executor-0] INFO  impl.RoleInfo (RoleInfo.java:shutdownFollowerState(121)) - 50423279-f647-4a18-8e85-347d68eaf856: shutdown FollowerState
2019-10-15 16:11:57,104 [grpc-default-executor-1] INFO  impl.RaftServerImpl (RaftServerImpl.java:setRole(184)) - 2ec85f63-33fb-4317-9145-71357d145af9@group-B2671EB745D2: changes role from  FOLLOWER to FOLLOWER at term 195 for recognizeCandidate:25d6372c-77fd-4a39-ac2a-e48debad48df
2019-10-15 16:11:57,104 [Thread-1422] INFO  impl.FollowerState (FollowerState.java:run(117)) - 50423279-f647-4a18-8e85-347d68eaf856@group-B2671EB745D2-FollowerState was interrupted: java.lang.InterruptedException: sleep interrupted
2019-10-15 16:11:57,104 [grpc-default-executor-0] INFO  impl.RoleInfo (RoleInfo.java:updateAndGet(143)) - 50423279-f647-4a18-8e85-347d68eaf856: start FollowerState
2019-10-15 16:11:57,104 [grpc-default-executor-1] INFO  impl.RoleInfo (RoleInfo.java:shutdownFollowerState(121)) - 2ec85f63-33fb-4317-9145-71357d145af9: shutdown FollowerState
2019-10-15 16:11:57,105 [grpc-default-executor-1] INFO  impl.RoleInfo (RoleInfo.java:updateAndGet(143)) - 2ec85f63-33fb-4317-9145-71357d145af9: start FollowerState
2019-10-15 16:11:57,105 [Thread-1423] INFO  impl.FollowerState (FollowerState.java:run(117)) - 2ec85f63-33fb-4317-9145-71357d145af9@group-B2671EB745D2-FollowerState was interrupted: java.lang.InterruptedException: sleep interrupted
2019-10-15 16:11:57,119 [25d6372c-77fd-4a39-ac2a-e48debad48df@group-B2671EB745D2-LeaderElection184] INFO  impl.LeaderElection (LeaderElection.java:logAndReturn(56)) - 25d6372c-77fd-4a39-ac2a-e48debad48df@group-B2671EB745D2-LeaderElection184: Election REJECTED; received 2 response(s) [25d6372c-77fd-4a39-ac2a-e48debad48df<-2ec85f63-33fb-4317-9145-71357d145af9#0:FAIL-t195, 25d6372c-77fd-4a39-ac2a-e48debad48df<-50423279-f647-4a18-8e85-347d68eaf856#0:FAIL-t195] and 0 exception(s); 25d6372c-77fd-4a39-ac2a-e48debad48df@group-B2671EB745D2:t195, leader=null, voted=25d6372c-77fd-4a39-ac2a-e48debad48df, raftlog=25d6372c-77fd-4a39-ac2a-e48debad48df@group-B2671EB745D2-SegmentedRaftLog:OPENED:c-1,f-1,i0, conf=-1: [50423279-f647-4a18-8e85-347d68eaf856:192.168.69.88:39583, 2ec85f63-33fb-4317-9145-71357d145af9:192.168.69.88:42357, 25d6372c-77fd-4a39-ac2a-e48debad48df:192.168.69.88:39591], old=null
2019-10-15 16:11:57,119 [25d6372c-77fd-4a39-ac2a-e48debad48df@group-B2671EB745D2-LeaderElection184] INFO  impl.RaftServerImpl (RaftServerImpl.java:setRole(184)) - 25d6372c-77fd-4a39-ac2a-e48debad48df@group-B2671EB745D2: changes role from CANDIDATE to FOLLOWER at term 195 for DISCOVERED_A_NEW_TERM
2019-10-15 16:11:57,119 [25d6372c-77fd-4a39-ac2a-e48debad48df@group-B2671EB745D2-LeaderElection184] INFO  impl.RoleInfo (RoleInfo.java:shutdownLeaderElection(134)) - 25d6372c-77fd-4a39-ac2a-e48debad48df: shutdown LeaderElection
2019-10-15 16:11:57,119 [25d6372c-77fd-4a39-ac2a-e48debad48df@group-B2671EB745D2-LeaderElection184] INFO  impl.RoleInfo (RoleInfo.java:updateAndGet(143)) - 25d6372c-77fd-4a39-ac2a-e48debad48df: start FollowerState
2019-10-15 16:11:57,202 [Thread-1430] INFO  impl.FollowerState (FollowerState.java:run(108)) - 25d6372c-77fd-4a39-ac2a-e48debad48df@group-B2671EB745D2-FollowerState: change to CANDIDATE, lastRpcTime:82ms, electionTimeout:82ms
2019-10-15 16:11:57,202 [Thread-1430] INFO  impl.RoleInfo (RoleInfo.java:shutdownFollowerState(121)) - 25d6372c-77fd-4a39-ac2a-e48debad48df: shutdown FollowerState
2019-10-15 16:11:57,202 [Thread-1430] INFO  impl.RaftServerImpl (RaftServerImpl.java:setRole(184)) - 25d6372c-77fd-4a39-ac2a-e48debad48df@group-B2671EB745D2: changes role from  FOLLOWER to CANDIDATE at term 195 for changeToCandidate
2019-10-15 16:11:57,202 [Thread-1430] INFO  impl.RoleInfo (RoleInfo.java:updateAndGet(143)) - 25d6372c-77fd-4a39-ac2a-e48debad48df: start LeaderElection
2019-10-15 16:11:57,216 [25d6372c-77fd-4a39-ac2a-e48debad48df@group-B2671EB745D2-LeaderElection185] INFO  impl.LeaderElection (LeaderElection.java:askForVotes(178)) - 25d6372c-77fd-4a39-ac2a-e48debad48df@group-B2671EB745D2-LeaderElection185: begin an election at term 196 for -1: [50423279-f647-4a18-8e85-347d68eaf856:192.168.69.88:39583, 2ec85f63-33fb-4317-9145-71357d145af9:192.168.69.88:42357, 25d6372c-77fd-4a39-ac2a-e48debad48df:192.168.69.88:39591], old=null
2019-10-15 16:11:57,219 [grpc-default-executor-0] INFO  impl.RaftServerImpl (RaftServerImpl.java:setRole(184)) - 50423279-f647-4a18-8e85-347d68eaf856@group-B2671EB745D2: changes role from  FOLLOWER to FOLLOWER at term 196 for recognizeCandidate:25d6372c-77fd-4a39-ac2a-e48debad48df
2019-10-15 16:11:57,219 [grpc-default-executor-1] INFO  impl.RaftServerImpl (RaftServerImpl.java:setRole(184)) - 2ec85f63-33fb-4317-9145-71357d145af9@group-B2671EB745D2: changes role from  FOLLOWER to FOLLOWER at term 196 for recognizeCandidate:25d6372c-77fd-4a39-ac2a-e48debad48df
2019-10-15 16:11:57,220 [grpc-default-executor-1] INFO  impl.RoleInfo (RoleInfo.java:shutdownFollowerState(121)) - 2ec85f63-33fb-4317-9145-71357d145af9: shutdown FollowerState
2019-10-15 16:11:57,219 [grpc-default-executor-0] INFO  impl.RoleInfo (RoleInfo.java:shutdownFollowerState(121)) - 50423279-f647-4a18-8e85-347d68eaf856: shutdown FollowerState
2019-10-15 16:11:57,220 [Thread-1429] INFO  impl.FollowerState (FollowerState.java:run(117)) - 2ec85f63-33fb-4317-9145-71357d145af9@group-B2671EB745D2-FollowerState was interrupted: java.lang.InterruptedException: sleep interrupted
2019-10-15 16:11:57,220 [grpc-default-executor-1] INFO  impl.RoleInfo (RoleInfo.java:updateAndGet(143)) - 2ec85f63-33fb-4317-9145-71357d145af9: start FollowerState
2019-10-15 16:11:57,220 [Thread-1428] INFO  impl.FollowerState (FollowerState.java:run(117)) - 50423279-f647-4a18-8e85-347d68eaf856@group-B2671EB745D2-FollowerState was interrupted: java.lang.InterruptedException: sleep interrupted
2019-10-15 16:11:57,220 [grpc-default-executor-0] INFO  impl.RoleInfo (RoleInfo.java:updateAndGet(143)) - 50423279-f647-4a18-8e85-347d68eaf856: start FollowerState
2019-10-15 16:11:57,234 [25d6372c-77fd-4a39-ac2a-e48debad48df@group-B2671EB745D2-LeaderElection185] INFO  impl.LeaderElection (LeaderElection.java:logAndReturn(56)) - 25d6372c-77fd-4a39-ac2a-e48debad48df@group-B2671EB745D2-LeaderElection185: Election REJECTED; received 2 response(s) [25d6372c-77fd-4a39-ac2a-e48debad48df<-2ec85f63-33fb-4317-9145-71357d145af9#0:FAIL-t196, 25d6372c-77fd-4a39-ac2a-e48debad48df<-50423279-f647-4a18-8e85-347d68eaf856#0:FAIL-t196] and 0 exception(s); 25d6372c-77fd-4a39-ac2a-e48debad48df@group-B2671EB745D2:t196, leader=null, voted=25d6372c-77fd-4a39-ac2a-e48debad48df, raftlog=25d6372c-77fd-4a39-ac2a-e48debad48df@group-B2671EB745D2-SegmentedRaftLog:OPENED:c-1,f-1,i0, conf=-1: [50423279-f647-4a18-8e85-347d68eaf856:192.168.69.88:39583, 2ec85f63-33fb-4317-9145-71357d145af9:192.168.69.88:42357, 25d6372c-77fd-4a39-ac2a-e48debad48df:192.168.69.88:39591], old=null
2019-10-15 16:11:57,234 [25d6372c-77fd-4a39-ac2a-e48debad48df@group-B2671EB745D2-LeaderElection185] INFO  impl.RaftServerImpl (RaftServerImpl.java:setRole(184)) - 25d6372c-77fd-4a39-ac2a-e48debad48df@group-B2671EB745D2: changes role from CANDIDATE to FOLLOWER at term 196 for DISCOVERED_A_NEW_TERM
2019-10-15 16:11:57,235 [25d6372c-77fd-4a39-ac2a-e48debad48df@group-B2671EB745D2-LeaderElection185] INFO  impl.RoleInfo (RoleInfo.java:shutdownLeaderElection(134)) - 25d6372c-77fd-4a39-ac2a-e48debad48df: shutdown LeaderElection
2019-10-15 16:11:57,235 [25d6372c-77fd-4a39-ac2a-e48debad48df@group-B2671EB745D2-LeaderElection185] INFO  impl.RoleInfo (RoleInfo.java:updateAndGet(143)) - 25d6372c-77fd-4a39-ac2a-e48debad48df: start FollowerState
2019-10-15 16:11:57,358 [Thread-1436] INFO  impl.FollowerState (FollowerState.java:run(108)) - 25d6372c-77fd-4a39-ac2a-e48debad48df@group-B2671EB745D2-FollowerState: change to CANDIDATE, lastRpcTime:123ms, electionTimeout:123ms
2019-10-15 16:11:57,358 [Thread-1436] INFO  impl.RoleInfo (RoleInfo.java:shutdownFollowerState(121)) - 25d6372c-77fd-4a39-ac2a-e48debad48df: shutdown FollowerState
2019-10-15 16:11:57,358 [Thread-1436] INFO  impl.RaftServerImpl (RaftServerImpl.java:setRole(184)) - 25d6372c-77fd-4a39-ac2a-e48debad48df@group-B2671EB745D2: changes role from  FOLLOWER to CANDIDATE at term 196 for changeToCandidate
2019-10-15 16:11:57,358 [Thread-1436] INFO  impl.RoleInfo (RoleInfo.java:updateAndGet(143)) - 25d6372c-77fd-4a39-ac2a-e48debad48df: start LeaderElection
2019-10-15 16:11:57,372 [25d6372c-77fd-4a39-ac2a-e48debad48df@group-B2671EB745D2-LeaderElection186] INFO  impl.LeaderElection (LeaderElection.java:askForVotes(178)) - 25d6372c-77fd-4a39-ac2a-e48debad48df@group-B2671EB745D2-LeaderElection186: begin an election at term 197 for -1: [50423279-f647-4a18-8e85-347d68eaf856:192.168.69.88:39583, 2ec85f63-33fb-4317-9145-71357d145af9:192.168.69.88:42357, 25d6372c-77fd-4a39-ac2a-e48debad48df:192.168.69.88:39591], old=null
2019-10-15 16:11:57,375 [grpc-default-executor-1] INFO  impl.RaftServerImpl (RaftServerImpl.java:setRole(184)) - 2ec85f63-33fb-4317-9145-71357d145af9@group-B2671EB745D2: changes role from  FOLLOWER to FOLLOWER at term 197 for recognizeCandidate:25d6372c-77fd-4a39-ac2a-e48debad48df
2019-10-15 16:11:57,375 [grpc-default-executor-1] INFO  impl.RoleInfo (RoleInfo.java:shutdownFollowerState(121)) - 2ec85f63-33fb-4317-9145-71357d145af9: shutdown FollowerState
2019-10-15 16:11:57,375 [grpc-default-executor-1] INFO  impl.RoleInfo (RoleInfo.java:updateAndGet(143)) - 2ec85f63-33fb-4317-9145-71357d145af9: start FollowerState
2019-10-15 16:11:57,375 [Thread-1434] INFO  impl.FollowerState (FollowerState.java:run(117)) - 2ec85f63-33fb-4317-9145-71357d145af9@group-B2671EB745D2-FollowerState was interrupted: java.lang.InterruptedException: sleep interrupted
2019-10-15 16:11:57,375 [grpc-default-executor-0] INFO  impl.RaftServerImpl (RaftServerImpl.java:setRole(184)) - 50423279-f647-4a18-8e85-347d68eaf856@group-B2671EB745D2: changes role from  FOLLOWER to FOLLOWER at term 197 for recognizeCandidate:25d6372c-77fd-4a39-ac2a-e48debad48df
2019-10-15 16:11:57,375 [grpc-default-executor-0] INFO  impl.RoleInfo (RoleInfo.java:shutdownFollowerState(121)) - 50423279-f647-4a18-8e85-347d68eaf856: shutdown FollowerState
2019-10-15 16:11:57,376 [grpc-default-executor-0] INFO  impl.RoleInfo (RoleInfo.java:updateAndGet(143)) - 50423279-f647-4a18-8e85-347d68eaf856: start FollowerState
2019-10-15 16:11:57,376 [Thread-1435] INFO  impl.FollowerState (FollowerState.java:run(117)) - 50423279-f647-4a18-8e85-347d68eaf856@group-B2671EB745D2-FollowerState was interrupted: java.lang.InterruptedException: sleep interrupted
2019-10-15 16:11:57,389 [25d6372c-77fd-4a39-ac2a-e48debad48df@group-B2671EB745D2-LeaderElection186] INFO  impl.LeaderElection (LeaderElection.java:logAndReturn(56)) - 25d6372c-77fd-4a39-ac2a-e48debad48df@group-B2671EB745D2-LeaderElection186: Election REJECTED; received 2 response(s) [25d6372c-77fd-4a39-ac2a-e48debad48df<-2ec85f63-33fb-4317-9145-71357d145af9#0:FAIL-t197, 25d6372c-77fd-4a39-ac2a-e48debad48df<-50423279-f647-4a18-8e85-347d68eaf856#0:FAIL-t197] and 0 exception(s); 25d6372c-77fd-4a39-ac2a-e48debad48df@group-B2671EB745D2:t197, leader=null, voted=25d6372c-77fd-4a39-ac2a-e48debad48df, raftlog=25d6372c-77fd-4a39-ac2a-e48debad48df@group-B2671EB745D2-SegmentedRaftLog:OPENED:c-1,f-1,i0, conf=-1: [50423279-f647-4a18-8e85-347d68eaf856:192.168.69.88:39583, 2ec85f63-33fb-4317-9145-71357d145af9:192.168.69.88:42357, 25d6372c-77fd-4a39-ac2a-e48debad48df:192.168.69.88:39591], old=null
2019-10-15 16:11:57,389 [25d6372c-77fd-4a39-ac2a-e48debad48df@group-B2671EB745D2-LeaderElection186] INFO  impl.RaftServerImpl (RaftServerImpl.java:setRole(184)) - 25d6372c-77fd-4a39-ac2a-e48debad48df@group-B2671EB745D2: changes role from CANDIDATE to FOLLOWER at term 197 for DISCOVERED_A_NEW_TERM
2019-10-15 16:11:57,389 [25d6372c-77fd-4a39-ac2a-e48debad48df@group-B2671EB745D2-LeaderElection186] INFO  impl.RoleInfo (RoleInfo.java:shutdownLeaderElection(134)) - 25d6372c-77fd-4a39-ac2a-e48debad48df: shutdown LeaderElection
2019-10-15 16:11:57,389 [25d6372c-77fd-4a39-ac2a-e48debad48df@group-B2671EB745D2-LeaderElection186] INFO  impl.RoleInfo (RoleInfo.java:updateAndGet(143)) - 25d6372c-77fd-4a39-ac2a-e48debad48df: start FollowerState
2019-10-15 16:11:57,450 [Thread-1442] INFO  impl.FollowerState (FollowerState.java:run(108)) - 25d6372c-77fd-4a39-ac2a-e48debad48df@group-B2671EB745D2-FollowerState: change to CANDIDATE, lastRpcTime:60ms, electionTimeout:60ms
2019-10-15 16:11:57,452 [Thread-1442] INFO  impl.RoleInfo (RoleInfo.java:shutdownFollowerState(121)) - 25d6372c-77fd-4a39-ac2a-e48debad48df: shutdown FollowerState
2019-10-15 16:11:57,452 [Thread-1442] INFO  impl.RaftServerImpl (RaftServerImpl.java:setRole(184)) - 25d6372c-77fd-4a39-ac2a-e48debad48df@group-B2671EB745D2: changes role from  FOLLOWER to CANDIDATE at term 197 for changeToCandidate
2019-10-15 16:11:57,454 [Thread-1442] INFO  impl.RoleInfo (RoleInfo.java:updateAndGet(143)) - 25d6372c-77fd-4a39-ac2a-e48debad48df: start LeaderElection
2019-10-15 16:11:57,467 [25d6372c-77fd-4a39-ac2a-e48debad48df@group-B2671EB745D2-LeaderElection187] INFO  impl.LeaderElection (LeaderElection.java:askForVotes(178)) - 25d6372c-77fd-4a39-ac2a-e48debad48df@group-B2671EB745D2-LeaderElection187: begin an election at term 198 for -1: [50423279-f647-4a18-8e85-347d68eaf856:192.168.69.88:39583, 2ec85f63-33fb-4317-9145-71357d145af9:192.168.69.88:42357, 25d6372c-77fd-4a39-ac2a-e48debad48df:192.168.69.88:39591], old=null
2019-10-15 16:11:57,469 [grpc-default-executor-1] INFO  impl.RaftServerImpl (RaftServerImpl.java:setRole(184)) - 50423279-f647-4a18-8e85-347d68eaf856@group-B2671EB745D2: changes role from  FOLLOWER to FOLLOWER at term 198 for recognizeCandidate:25d6372c-77fd-4a39-ac2a-e48debad48df
2019-10-15 16:11:57,469 [grpc-default-executor-0] INFO  impl.RaftServerImpl (RaftServerImpl.java:setRole(184)) - 2ec85f63-33fb-4317-9145-71357d145af9@group-B2671EB745D2: changes role from  FOLLOWER to FOLLOWER at term 198 for recognizeCandidate:25d6372c-77fd-4a39-ac2a-e48debad48df
2019-10-15 16:11:57,470 [grpc-default-executor-0] INFO  impl.RoleInfo (RoleInfo.java:shutdownFollowerState(121)) - 2ec85f63-33fb-4317-9145-71357d145af9: shutdown FollowerState
2019-10-15 16:11:57,470 [grpc-default-executor-1] INFO  impl.RoleInfo (RoleInfo.java:shutdownFollowerState(121)) - 50423279-f647-4a18-8e85-347d68eaf856: shutdown FollowerState
2019-10-15 16:11:57,470 [grpc-default-executor-1] INFO  impl.RoleInfo (RoleInfo.java:updateAndGet(143)) - 50423279-f647-4a18-8e85-347d68eaf856: start FollowerState
2019-10-15 16:11:57,470 [Thread-1440] INFO  impl.FollowerState (FollowerState.java:run(117)) - 2ec85f63-33fb-4317-9145-71357d145af9@group-B2671EB745D2-FollowerState was interrupted: java.lang.InterruptedException: sleep interrupted
2019-10-15 16:11:57,470 [grpc-default-executor-0] INFO  impl.RoleInfo (RoleInfo.java:updateAndGet(143)) - 2ec85f63-33fb-4317-9145-71357d145af9: start FollowerState
2019-10-15 16:11:57,470 [Thread-1441] INFO  impl.FollowerState (FollowerState.java:run(117)) - 50423279-f647-4a18-8e85-347d68eaf856@group-B2671EB745D2-FollowerState was interrupted: java.lang.InterruptedException: sleep interrupted
2019-10-15 16:11:57,485 [25d6372c-77fd-4a39-ac2a-e48debad48df@group-B2671EB745D2-LeaderElection187] INFO  impl.LeaderElection (LeaderElection.java:logAndReturn(56)) - 25d6372c-77fd-4a39-ac2a-e48debad48df@group-B2671EB745D2-LeaderElection187: Election REJECTED; received 2 response(s) [25d6372c-77fd-4a39-ac2a-e48debad48df<-50423279-f647-4a18-8e85-347d68eaf856#0:FAIL-t198, 25d6372c-77fd-4a39-ac2a-e48debad48df<-2ec85f63-33fb-4317-9145-71357d145af9#0:FAIL-t198] and 0 exception(s); 25d6372c-77fd-4a39-ac2a-e48debad48df@group-B2671EB745D2:t198, leader=null, voted=25d6372c-77fd-4a39-ac2a-e48debad48df, raftlog=25d6372c-77fd-4a39-ac2a-e48debad48df@group-B2671EB745D2-SegmentedRaftLog:OPENED:c-1,f-1,i0, conf=-1: [50423279-f647-4a18-8e85-347d68eaf856:192.168.69.88:39583, 2ec85f63-33fb-4317-9145-71357d145af9:192.168.69.88:42357, 25d6372c-77fd-4a39-ac2a-e48debad48df:192.168.69.88:39591], old=null
2019-10-15 16:11:57,485 [25d6372c-77fd-4a39-ac2a-e48debad48df@group-B2671EB745D2-LeaderElection187] INFO  impl.RaftServerImpl (RaftServerImpl.java:setRole(184)) - 25d6372c-77fd-4a39-ac2a-e48debad48df@group-B2671EB745D2: changes role from CANDIDATE to FOLLOWER at term 198 for DISCOVERED_A_NEW_TERM
2019-10-15 16:11:57,486 [25d6372c-77fd-4a39-ac2a-e48debad48df@group-B2671EB745D2-LeaderElection187] INFO  impl.RoleInfo (RoleInfo.java:shutdownLeaderElection(134)) - 25d6372c-77fd-4a39-ac2a-e48debad48df: shutdown LeaderElection
2019-10-15 16:11:57,486 [25d6372c-77fd-4a39-ac2a-e48debad48df@group-B2671EB745D2-LeaderElection187] INFO  impl.RoleInfo (RoleInfo.java:updateAndGet(143)) - 25d6372c-77fd-4a39-ac2a-e48debad48df: start FollowerState
2019-10-15 16:11:57,503 [Thread-1450] INFO  impl.FollowerState (FollowerState.java:run(108)) - 25d6372c-77fd-4a39-ac2a-e48debad48df@group-B2671EB745D2-FollowerState: change to CANDIDATE, lastRpcTime:17ms, electionTimeout:17ms
2019-10-15 16:11:57,503 [Thread-1450] INFO  impl.RoleInfo (RoleInfo.java:shutdownFollowerState(121)) - 25d6372c-77fd-4a39-ac2a-e48debad48df: shutdown FollowerState
2019-10-15 16:11:57,503 [Thread-1450] INFO  impl.RaftServerImpl (RaftServerImpl.java:setRole(184)) - 25d6372c-77fd-4a39-ac2a-e48debad48df@group-B2671EB745D2: changes role from  FOLLOWER to CANDIDATE at term 198 for changeToCandidate
2019-10-15 16:11:57,504 [Thread-1450] INFO  impl.RoleInfo (RoleInfo.java:updateAndGet(143)) - 25d6372c-77fd-4a39-ac2a-e48debad48df: start LeaderElection
2019-10-15 16:11:57,511 [25d6372c-77fd-4a39-ac2a-e48debad48df@group-B2671EB745D2-LeaderElection188] INFO  impl.LeaderElection (LeaderElection.java:askForVotes(178)) - 25d6372c-77fd-4a39-ac2a-e48debad48df@group-B2671EB745D2-LeaderElection188: begin an election at term 199 for -1: [50423279-f647-4a18-8e85-347d68eaf856:192.168.69.88:39583, 2ec85f63-33fb-4317-9145-71357d145af9:192.168.69.88:42357, 25d6372c-77fd-4a39-ac2a-e48debad48df:192.168.69.88:39591], old=null
2019-10-15 16:11:57,513 [grpc-default-executor-0] INFO  impl.RaftServerImpl (RaftServerImpl.java:setRole(184)) - 50423279-f647-4a18-8e85-347d68eaf856@group-B2671EB745D2: changes role from  FOLLOWER to FOLLOWER at term 199 for recognizeCandidate:25d6372c-77fd-4a39-ac2a-e48debad48df
2019-10-15 16:11:57,513 [grpc-default-executor-0] INFO  impl.RoleInfo (RoleInfo.java:shutdownFollowerState(121)) - 50423279-f647-4a18-8e85-347d68eaf856: shutdown FollowerState
2019-10-15 16:11:57,513 [grpc-default-executor-0] INFO  impl.RoleInfo (RoleInfo.java:updateAndGet(143)) - 50423279-f647-4a18-8e85-347d68eaf856: start FollowerState
2019-10-15 16:11:57,514 [grpc-default-executor-1] INFO  impl.RaftServerImpl (RaftServerImpl.java:setRole(184)) - 2ec85f63-33fb-4317-9145-71357d145af9@group-B2671EB745D2: changes role from  FOLLOWER to FOLLOWER at term 199 for recognizeCandidate:25d6372c-77fd-4a39-ac2a-e48debad48df
2019-10-15 16:11:57,514 [grpc-default-executor-1] INFO  impl.RoleInfo (RoleInfo.java:shutdownFollowerState(121)) - 2ec85f63-33fb-4317-9145-71357d145af9: shutdown FollowerState
2019-10-15 16:11:57,514 [Thread-1449] INFO  impl.FollowerState (FollowerState.java:run(117)) - 50423279-f647-4a18-8e85-347d68eaf856@group-B2671EB745D2-FollowerState was interrupted: java.lang.InterruptedException: sleep interrupted
2019-10-15 16:11:57,514 [grpc-default-executor-1] INFO  impl.RoleInfo (RoleInfo.java:updateAndGet(143)) - 2ec85f63-33fb-4317-9145-71357d145af9: start FollowerState
2019-10-15 16:11:57,514 [Thread-1448] INFO  impl.FollowerState (FollowerState.java:run(117)) - 2ec85f63-33fb-4317-9145-71357d145af9@group-B2671EB745D2-FollowerState was interrupted: java.lang.InterruptedException: sleep interrupted
2019-10-15 16:11:57,527 [25d6372c-77fd-4a39-ac2a-e48debad48df@group-B2671EB745D2-LeaderElection188] INFO  impl.LeaderElection (LeaderElection.java:logAndReturn(56)) - 25d6372c-77fd-4a39-ac2a-e48debad48df@group-B2671EB745D2-LeaderElection188: Election REJECTED; received 2 response(s) [25d6372c-77fd-4a39-ac2a-e48debad48df<-50423279-f647-4a18-8e85-347d68eaf856#0:FAIL-t199, 25d6372c-77fd-4a39-ac2a-e48debad48df<-2ec85f63-33fb-4317-9145-71357d145af9#0:FAIL-t199] and 0 exception(s); 25d6372c-77fd-4a39-ac2a-e48debad48df@group-B2671EB745D2:t199, leader=null, voted=25d6372c-77fd-4a39-ac2a-e48debad48df, raftlog=25d6372c-77fd-4a39-ac2a-e48debad48df@group-B2671EB745D2-SegmentedRaftLog:OPENED:c-1,f-1,i0, conf=-1: [50423279-f647-4a18-8e85-347d68eaf856:192.168.69.88:39583, 2ec85f63-33fb-4317-9145-71357d145af9:192.168.69.88:42357, 25d6372c-77fd-4a39-ac2a-e48debad48df:192.168.69.88:39591], old=null
2019-10-15 16:11:57,527 [25d6372c-77fd-4a39-ac2a-e48debad48df@group-B2671EB745D2-LeaderElection188] INFO  impl.RaftServerImpl (RaftServerImpl.java:setRole(184)) - 25d6372c-77fd-4a39-ac2a-e48debad48df@group-B2671EB745D2: changes role from CANDIDATE to FOLLOWER at term 199 for DISCOVERED_A_NEW_TERM
2019-10-15 16:11:57,528 [25d6372c-77fd-4a39-ac2a-e48debad48df@group-B2671EB745D2-LeaderElection188] INFO  impl.RoleInfo (RoleInfo.java:shutdownLeaderElection(134)) - 25d6372c-77fd-4a39-ac2a-e48debad48df: shutdown LeaderElection
2019-10-15 16:11:57,528 [25d6372c-77fd-4a39-ac2a-e48debad48df@group-B2671EB745D2-LeaderElection188] INFO  impl.RoleInfo (RoleInfo.java:updateAndGet(143)) - 25d6372c-77fd-4a39-ac2a-e48debad48df: start FollowerState
2019-10-15 16:11:57,532 [Thread-1456] INFO  impl.FollowerState (FollowerState.java:run(108)) - 25d6372c-77fd-4a39-ac2a-e48debad48df@group-B2671EB745D2-FollowerState: change to CANDIDATE, lastRpcTime:4ms, electionTimeout:4ms
2019-10-15 16:11:57,532 [Thread-1456] INFO  impl.RoleInfo (RoleInfo.java:shutdownFollowerState(121)) - 25d6372c-77fd-4a39-ac2a-e48debad48df: shutdown FollowerState
2019-10-15 16:11:57,532 [Thread-1456] INFO  impl.RaftServerImpl (RaftServerImpl.java:setRole(184)) - 25d6372c-77fd-4a39-ac2a-e48debad48df@group-B2671EB745D2: changes role from  FOLLOWER to CANDIDATE at term 199 for changeToCandidate
2019-10-15 16:11:57,532 [Thread-1456] INFO  impl.RoleInfo (RoleInfo.java:updateAndGet(143)) - 25d6372c-77fd-4a39-ac2a-e48debad48df: start LeaderElection
2019-10-15 16:11:57,545 [25d6372c-77fd-4a39-ac2a-e48debad48df@group-B2671EB745D2-LeaderElection189] INFO  impl.LeaderElection (LeaderElection.java:askForVotes(178)) - 25d6372c-77fd-4a39-ac2a-e48debad48df@group-B2671EB745D2-LeaderElection189: begin an election at term 200 for -1: [50423279-f647-4a18-8e85-347d68eaf856:192.168.69.88:39583, 2ec85f63-33fb-4317-9145-71357d145af9:192.168.69.88:42357, 25d6372c-77fd-4a39-ac2a-e48debad48df:192.168.69.88:39591], old=null
2019-10-15 16:11:57,547 [grpc-default-executor-1] INFO  impl.RaftServerImpl (RaftServerImpl.java:setRole(184)) - 2ec85f63-33fb-4317-9145-71357d145af9@group-B2671EB745D2: changes role from  FOLLOWER to FOLLOWER at term 200 for recognizeCandidate:25d6372c-77fd-4a39-ac2a-e48debad48df
2019-10-15 16:11:57,547 [grpc-default-executor-1] INFO  impl.RoleInfo (RoleInfo.java:shutdownFollowerState(121)) - 2ec85f63-33fb-4317-9145-71357d145af9: shutdown FollowerState
2019-10-15 16:11:57,547 [grpc-default-executor-1] INFO  impl.RoleInfo (RoleInfo.java:updateAndGet(143)) - 2ec85f63-33fb-4317-9145-71357d145af9: start FollowerState
2019-10-15 16:11:57,547 [Thread-1455] INFO  impl.FollowerState (FollowerState.java:run(117)) - 2ec85f63-33fb-4317-9145-71357d145af9@group-B2671EB745D2-FollowerState was interrupted: java.lang.InterruptedException: sleep interrupted
2019-10-15 16:11:57,548 [grpc-default-executor-0] INFO  impl.RaftServerImpl (RaftServerImpl.java:setRole(184)) - 50423279-f647-4a18-8e85-347d68eaf856@group-B2671EB745D2: changes role from  FOLLOWER to FOLLOWER at term 200 for recognizeCandidate:25d6372c-77fd-4a39-ac2a-e48debad48df
2019-10-15 16:11:57,548 [grpc-default-executor-0] INFO  impl.RoleInfo (RoleInfo.java:shutdownFollowerState(121)) - 50423279-f647-4a18-8e85-347d68eaf856: shutdown FollowerState
2019-10-15 16:11:57,548 [grpc-default-executor-0] INFO  impl.RoleInfo (RoleInfo.java:updateAndGet(143)) - 50423279-f647-4a18-8e85-347d68eaf856: start FollowerState
2019-10-15 16:11:57,548 [Thread-1454] INFO  impl.FollowerState (FollowerState.java:run(117)) - 50423279-f647-4a18-8e85-347d68eaf856@group-B2671EB745D2-FollowerState was interrupted: java.lang.InterruptedException: sleep interrupted
2019-10-15 16:11:57,561 [25d6372c-77fd-4a39-ac2a-e48debad48df@group-B2671EB745D2-LeaderElection189] INFO  impl.LeaderElection (LeaderElection.java:logAndReturn(56)) - 25d6372c-77fd-4a39-ac2a-e48debad48df@group-B2671EB745D2-LeaderElection189: Election REJECTED; received 2 response(s) [25d6372c-77fd-4a39-ac2a-e48debad48df<-2ec85f63-33fb-4317-9145-71357d145af9#0:FAIL-t200, 25d6372c-77fd-4a39-ac2a-e48debad48df<-50423279-f647-4a18-8e85-347d68eaf856#0:FAIL-t200] and 0 exception(s); 25d6372c-77fd-4a39-ac2a-e48debad48df@group-B2671EB745D2:t200, leader=null, voted=25d6372c-77fd-4a39-ac2a-e48debad48df, raftlog=25d6372c-77fd-4a39-ac2a-e48debad48df@group-B2671EB745D2-SegmentedRaftLog:OPENED:c-1,f-1,i0, conf=-1: [50423279-f647-4a18-8e85-347d68eaf856:192.168.69.88:39583, 2ec85f63-33fb-4317-9145-71357d145af9:192.168.69.88:42357, 25d6372c-77fd-4a39-ac2a-e48debad48df:192.168.69.88:39591], old=null
2019-10-15 16:11:57,561 [25d6372c-77fd-4a39-ac2a-e48debad48df@group-B2671EB745D2-LeaderElection189] INFO  impl.RaftServerImpl (RaftServerImpl.java:setRole(184)) - 25d6372c-77fd-4a39-ac2a-e48debad48df@group-B2671EB745D2: changes role from CANDIDATE to FOLLOWER at term 200 for DISCOVERED_A_NEW_TERM
2019-10-15 16:11:57,561 [25d6372c-77fd-4a39-ac2a-e48debad48df@group-B2671EB745D2-LeaderElection189] INFO  impl.RoleInfo (RoleInfo.java:shutdownLeaderElection(134)) - 25d6372c-77fd-4a39-ac2a-e48debad48df: shutdown LeaderElection
2019-10-15 16:11:57,562 [25d6372c-77fd-4a39-ac2a-e48debad48df@group-B2671EB745D2-LeaderElection189] INFO  impl.RoleInfo (RoleInfo.java:updateAndGet(143)) - 25d6372c-77fd-4a39-ac2a-e48debad48df: start FollowerState
2019-10-15 16:11:57,741 [Thread-1462] INFO  impl.FollowerState (FollowerState.java:run(108)) - 25d6372c-77fd-4a39-ac2a-e48debad48df@group-B2671EB745D2-FollowerState: change to CANDIDATE, lastRpcTime:179ms, electionTimeout:179ms
2019-10-15 16:11:57,741 [Thread-1462] INFO  impl.RoleInfo (RoleInfo.java:shutdownFollowerState(121)) - 25d6372c-77fd-4a39-ac2a-e48debad48df: shutdown FollowerState
2019-10-15 16:11:57,741 [Thread-1462] INFO  impl.RaftServerImpl (RaftServerImpl.java:setRole(184)) - 25d6372c-77fd-4a39-ac2a-e48debad48df@group-B2671EB745D2: changes role from  FOLLOWER to CANDIDATE at term 200 for changeToCandidate
2019-10-15 16:11:57,742 [Thread-1462] INFO  impl.RoleInfo (RoleInfo.java:updateAndGet(143)) - 25d6372c-77fd-4a39-ac2a-e48debad48df: start LeaderElection
2019-10-15 16:11:57,746 [25d6372c-77fd-4a39-ac2a-e48debad48df@group-B2671EB745D2-LeaderElection190] INFO  impl.LeaderElection (LeaderElection.java:askForVotes(178)) - 25d6372c-77fd-4a39-ac2a-e48debad48df@group-B2671EB745D2-LeaderElection190: begin an election at term 201 for -1: [50423279-f647-4a18-8e85-347d68eaf856:192.168.69.88:39583, 2ec85f63-33fb-4317-9145-71357d145af9:192.168.69.88:42357, 25d6372c-77fd-4a39-ac2a-e48debad48df:192.168.69.88:39591], old=null
2019-10-15 16:11:57,749 [grpc-default-executor-0] INFO  impl.RaftServerImpl (RaftServerImpl.java:setRole(184)) - 2ec85f63-33fb-4317-9145-71357d145af9@group-B2671EB745D2: changes role from  FOLLOWER to FOLLOWER at term 201 for recognizeCandidate:25d6372c-77fd-4a39-ac2a-e48debad48df
2019-10-15 16:11:57,750 [grpc-default-executor-0] INFO  impl.RoleInfo (RoleInfo.java:shutdownFollowerState(121)) - 2ec85f63-33fb-4317-9145-71357d145af9: shutdown FollowerState
2019-10-15 16:11:57,749 [grpc-default-executor-1] INFO  impl.RaftServerImpl (RaftServerImpl.java:setRole(184)) - 50423279-f647-4a18-8e85-347d68eaf856@group-B2671EB745D2: changes role from  FOLLOWER to FOLLOWER at term 201 for recognizeCandidate:25d6372c-77fd-4a39-ac2a-e48debad48df
2019-10-15 16:11:57,750 [Thread-1460] INFO  impl.FollowerState (FollowerState.java:run(117)) - 2ec85f63-33fb-4317-9145-71357d145af9@group-B2671EB745D2-FollowerState was interrupted: java.lang.InterruptedException: sleep interrupted
2019-10-15 16:11:57,750 [grpc-default-executor-0] INFO  impl.RoleInfo (RoleInfo.java:updateAndGet(143)) - 2ec85f63-33fb-4317-9145-71357d145af9: start FollowerState
2019-10-15 16:11:57,750 [grpc-default-executor-1] INFO  impl.RoleInfo (RoleInfo.java:shutdownFollowerState(121)) - 50423279-f647-4a18-8e85-347d68eaf856: shutdown FollowerState
2019-10-15 16:11:57,750 [grpc-default-executor-1] INFO  impl.RoleInfo (RoleInfo.java:updateAndGet(143)) - 50423279-f647-4a18-8e85-347d68eaf856: start FollowerState
2019-10-15 16:11:57,751 [Thread-1461] INFO  impl.FollowerState (FollowerState.java:run(117)) - 50423279-f647-4a18-8e85-347d68eaf856@group-B2671EB745D2-FollowerState was interrupted: java.lang.InterruptedException: sleep interrupted
2019-10-15 16:11:57,772 [25d6372c-77fd-4a39-ac2a-e48debad48df@group-B2671EB745D2-LeaderElection190] INFO  impl.LeaderElection (LeaderElection.java:logAndReturn(56)) - 25d6372c-77fd-4a39-ac2a-e48debad48df@group-B2671EB745D2-LeaderElection190: Election REJECTED; received 2 response(s) [25d6372c-77fd-4a39-ac2a-e48debad48df<-2ec85f63-33fb-4317-9145-71357d145af9#0:FAIL-t201, 25d6372c-77fd-4a39-ac2a-e48debad48df<-50423279-f647-4a18-8e85-347d68eaf856#0:FAIL-t201] and 0 exception(s); 25d6372c-77fd-4a39-ac2a-e48debad48df@group-B2671EB745D2:t201, leader=null, voted=25d6372c-77fd-4a39-ac2a-e48debad48df, raftlog=25d6372c-77fd-4a39-ac2a-e48debad48df@group-B2671EB745D2-SegmentedRaftLog:OPENED:c-1,f-1,i0, conf=-1: [50423279-f647-4a18-8e85-347d68eaf856:192.168.69.88:39583, 2ec85f63-33fb-4317-9145-71357d145af9:192.168.69.88:42357, 25d6372c-77fd-4a39-ac2a-e48debad48df:192.168.69.88:39591], old=null
2019-10-15 16:11:57,772 [25d6372c-77fd-4a39-ac2a-e48debad48df@group-B2671EB745D2-LeaderElection190] INFO  impl.RaftServerImpl (RaftServerImpl.java:setRole(184)) - 25d6372c-77fd-4a39-ac2a-e48debad48df@group-B2671EB745D2: changes role from CANDIDATE to FOLLOWER at term 201 for DISCOVERED_A_NEW_TERM
2019-10-15 16:11:57,772 [25d6372c-77fd-4a39-ac2a-e48debad48df@group-B2671EB745D2-LeaderElection190] INFO  impl.RoleInfo (RoleInfo.java:shutdownLeaderElection(134)) - 25d6372c-77fd-4a39-ac2a-e48debad48df: shutdown LeaderElection
2019-10-15 16:11:57,772 [25d6372c-77fd-4a39-ac2a-e48debad48df@group-B2671EB745D2-LeaderElection190] INFO  impl.RoleInfo (RoleInfo.java:updateAndGet(143)) - 25d6372c-77fd-4a39-ac2a-e48debad48df: start FollowerState
2019-10-15 16:11:57,813 [Thread-1468] INFO  impl.FollowerState (FollowerState.java:run(108)) - 25d6372c-77fd-4a39-ac2a-e48debad48df@group-B2671EB745D2-FollowerState: change to CANDIDATE, lastRpcTime:40ms, electionTimeout:40ms
2019-10-15 16:11:57,813 [Thread-1468] INFO  impl.RoleInfo (RoleInfo.java:shutdownFollowerState(121)) - 25d6372c-77fd-4a39-ac2a-e48debad48df: shutdown FollowerState
2019-10-15 16:11:57,813 [Thread-1468] INFO  impl.RaftServerImpl (RaftServerImpl.java:setRole(184)) - 25d6372c-77fd-4a39-ac2a-e48debad48df@group-B2671EB745D2: changes role from  FOLLOWER to CANDIDATE at term 201 for changeToCandidate
2019-10-15 16:11:57,813 [Thread-1468] INFO  impl.RoleInfo (RoleInfo.java:updateAndGet(143)) - 25d6372c-77fd-4a39-ac2a-e48debad48df: start LeaderElection
2019-10-15 16:11:57,827 [25d6372c-77fd-4a39-ac2a-e48debad48df@group-B2671EB745D2-LeaderElection191] INFO  impl.LeaderElection (LeaderElection.java:askForVotes(178)) - 25d6372c-77fd-4a39-ac2a-e48debad48df@group-B2671EB745D2-LeaderElection191: begin an election at term 202 for -1: [50423279-f647-4a18-8e85-347d68eaf856:192.168.69.88:39583, 2ec85f63-33fb-4317-9145-71357d145af9:192.168.69.88:42357, 25d6372c-77fd-4a39-ac2a-e48debad48df:192.168.69.88:39591], old=null
2019-10-15 16:11:57,829 [grpc-default-executor-1] INFO  impl.RaftServerImpl (RaftServerImpl.java:setRole(184)) - 2ec85f63-33fb-4317-9145-71357d145af9@group-B2671EB745D2: changes role from  FOLLOWER to FOLLOWER at term 202 for recognizeCandidate:25d6372c-77fd-4a39-ac2a-e48debad48df
2019-10-15 16:11:57,829 [grpc-default-executor-0] INFO  impl.RaftServerImpl (RaftServerImpl.java:setRole(184)) - 50423279-f647-4a18-8e85-347d68eaf856@group-B2671EB745D2: changes role from  FOLLOWER to FOLLOWER at term 202 for recognizeCandidate:25d6372c-77fd-4a39-ac2a-e48debad48df
2019-10-15 16:11:57,829 [grpc-default-executor-1] INFO  impl.RoleInfo (RoleInfo.java:shutdownFollowerState(121)) - 2ec85f63-33fb-4317-9145-71357d145af9: shutdown FollowerState
2019-10-15 16:11:57,829 [grpc-default-executor-0] INFO  impl.RoleInfo (RoleInfo.java:shutdownFollowerState(121)) - 50423279-f647-4a18-8e85-347d68eaf856: shutdown FollowerState
2019-10-15 16:11:57,829 [grpc-default-executor-1] INFO  impl.RoleInfo (RoleInfo.java:updateAndGet(143)) - 2ec85f63-33fb-4317-9145-71357d145af9: start FollowerState
2019-10-15 16:11:57,829 [Thread-1467] INFO  impl.FollowerState (FollowerState.java:run(117)) - 50423279-f647-4a18-8e85-347d68eaf856@group-B2671EB745D2-FollowerState was interrupted: java.lang.InterruptedException: sleep interrupted
2019-10-15 16:11:57,829 [grpc-default-executor-0] INFO  impl.RoleInfo (RoleInfo.java:updateAndGet(143)) - 50423279-f647-4a18-8e85-347d68eaf856: start FollowerState
2019-10-15 16:11:57,829 [Thread-1466] INFO  impl.FollowerState (FollowerState.java:run(117)) - 2ec85f63-33fb-4317-9145-71357d145af9@group-B2671EB745D2-FollowerState was interrupted: java.lang.InterruptedException: sleep interrupted
2019-10-15 16:11:57,844 [25d6372c-77fd-4a39-ac2a-e48debad48df@group-B2671EB745D2-LeaderElection191] INFO  impl.LeaderElection (LeaderElection.java:logAndReturn(56)) - 25d6372c-77fd-4a39-ac2a-e48debad48df@group-B2671EB745D2-LeaderElection191: Election REJECTED; received 2 response(s) [25d6372c-77fd-4a39-ac2a-e48debad48df<-2ec85f63-33fb-4317-9145-71357d145af9#0:FAIL-t202, 25d6372c-77fd-4a39-ac2a-e48debad48df<-50423279-f647-4a18-8e85-347d68eaf856#0:FAIL-t202] and 0 exception(s); 25d6372c-77fd-4a39-ac2a-e48debad48df@group-B2671EB745D2:t202, leader=null, voted=25d6372c-77fd-4a39-ac2a-e48debad48df, raftlog=25d6372c-77fd-4a39-ac2a-e48debad48df@group-B2671EB745D2-SegmentedRaftLog:OPENED:c-1,f-1,i0, conf=-1: [50423279-f647-4a18-8e85-347d68eaf856:192.168.69.88:39583, 2ec85f63-33fb-4317-9145-71357d145af9:192.168.69.88:42357, 25d6372c-77fd-4a39-ac2a-e48debad48df:192.168.69.88:39591], old=null
2019-10-15 16:11:57,845 [25d6372c-77fd-4a39-ac2a-e48debad48df@group-B2671EB745D2-LeaderElection191] INFO  impl.RaftServerImpl (RaftServerImpl.java:setRole(184)) - 25d6372c-77fd-4a39-ac2a-e48debad48df@group-B2671EB745D2: changes role from CANDIDATE to FOLLOWER at term 202 for DISCOVERED_A_NEW_TERM
2019-10-15 16:11:57,845 [25d6372c-77fd-4a39-ac2a-e48debad48df@group-B2671EB745D2-LeaderElection191] INFO  impl.RoleInfo (RoleInfo.java:shutdownLeaderElection(134)) - 25d6372c-77fd-4a39-ac2a-e48debad48df: shutdown LeaderElection
2019-10-15 16:11:57,845 [25d6372c-77fd-4a39-ac2a-e48debad48df@group-B2671EB745D2-LeaderElection191] INFO  impl.RoleInfo (RoleInfo.java:updateAndGet(143)) - 25d6372c-77fd-4a39-ac2a-e48debad48df: start FollowerState
2019-10-15 16:11:57,947 [Thread-1474] INFO  impl.FollowerState (FollowerState.java:run(108)) - 25d6372c-77fd-4a39-ac2a-e48debad48df@group-B2671EB745D2-FollowerState: change to CANDIDATE, lastRpcTime:102ms, electionTimeout:102ms
2019-10-15 16:11:57,948 [Thread-1474] INFO  impl.RoleInfo (RoleInfo.java:shutdownFollowerState(121)) - 25d6372c-77fd-4a39-ac2a-e48debad48df: shutdown FollowerState
2019-10-15 16:11:57,948 [Thread-1474] INFO  impl.RaftServerImpl (RaftServerImpl.java:setRole(184)) - 25d6372c-77fd-4a39-ac2a-e48debad48df@group-B2671EB745D2: changes role from  FOLLOWER to CANDIDATE at term 202 for changeToCandidate
2019-10-15 16:11:57,948 [Thread-1474] INFO  impl.RoleInfo (RoleInfo.java:updateAndGet(143)) - 25d6372c-77fd-4a39-ac2a-e48debad48df: start LeaderElection
2019-10-15 16:11:57,962 [25d6372c-77fd-4a39-ac2a-e48debad48df@group-B2671EB745D2-LeaderElection192] INFO  impl.LeaderElection (LeaderElection.java:askForVotes(178)) - 25d6372c-77fd-4a39-ac2a-e48debad48df@group-B2671EB745D2-LeaderElection192: begin an election at term 203 for -1: [50423279-f647-4a18-8e85-347d68eaf856:192.168.69.88:39583, 2ec85f63-33fb-4317-9145-71357d145af9:192.168.69.88:42357, 25d6372c-77fd-4a39-ac2a-e48debad48df:192.168.69.88:39591], old=null
2019-10-15 16:11:57,964 [grpc-default-executor-0] INFO  impl.RaftServerImpl (RaftServerImpl.java:setRole(184)) - 2ec85f63-33fb-4317-9145-71357d145af9@group-B2671EB745D2: changes role from  FOLLOWER to FOLLOWER at term 203 for recognizeCandidate:25d6372c-77fd-4a39-ac2a-e48debad48df
2019-10-15 16:11:57,965 [grpc-default-executor-1] INFO  impl.RaftServerImpl (RaftServerImpl.java:setRole(184)) - 50423279-f647-4a18-8e85-347d68eaf856@group-B2671EB745D2: changes role from  FOLLOWER to FOLLOWER at term 203 for recognizeCandidate:25d6372c-77fd-4a39-ac2a-e48debad48df
2019-10-15 16:11:57,965 [grpc-default-executor-1] INFO  impl.RoleInfo (RoleInfo.java:shutdownFollowerState(121)) - 50423279-f647-4a18-8e85-347d68eaf856: shutdown FollowerState
2019-10-15 16:11:57,965 [grpc-default-executor-0] INFO  impl.RoleInfo (RoleInfo.java:shutdownFollowerState(121)) - 2ec85f63-33fb-4317-9145-71357d145af9: shutdown FollowerState
2019-10-15 16:11:57,965 [grpc-default-executor-1] INFO  impl.RoleInfo (RoleInfo.java:updateAndGet(143)) - 50423279-f647-4a18-8e85-347d68eaf856: start FollowerState
2019-10-15 16:11:57,965 [Thread-1472] INFO  impl.FollowerState (FollowerState.java:run(117)) - 2ec85f63-33fb-4317-9145-71357d145af9@group-B2671EB745D2-FollowerState was interrupted: java.lang.InterruptedException: sleep interrupted
2019-10-15 16:11:57,965 [grpc-default-executor-0] INFO  impl.RoleInfo (RoleInfo.java:updateAndGet(143)) - 2ec85f63-33fb-4317-9145-71357d145af9: start FollowerState
2019-10-15 16:11:57,965 [Thread-1473] INFO  impl.FollowerState (FollowerState.java:run(117)) - 50423279-f647-4a18-8e85-347d68eaf856@group-B2671EB745D2-FollowerState was interrupted: java.lang.InterruptedException: sleep interrupted
2019-10-15 16:11:57,979 [25d6372c-77fd-4a39-ac2a-e48debad48df@group-B2671EB745D2-LeaderElection192] INFO  impl.LeaderElection (LeaderElection.java:logAndReturn(56)) - 25d6372c-77fd-4a39-ac2a-e48debad48df@group-B2671EB745D2-LeaderElection192: Election REJECTED; received 2 response(s) [25d6372c-77fd-4a39-ac2a-e48debad48df<-50423279-f647-4a18-8e85-347d68eaf856#0:FAIL-t203, 25d6372c-77fd-4a39-ac2a-e48debad48df<-2ec85f63-33fb-4317-9145-71357d145af9#0:FAIL-t203] and 0 exception(s); 25d6372c-77fd-4a39-ac2a-e48debad48df@group-B2671EB745D2:t203, leader=null, voted=25d6372c-77fd-4a39-ac2a-e48debad48df, raftlog=25d6372c-77fd-4a39-ac2a-e48debad48df@group-B2671EB745D2-SegmentedRaftLog:OPENED:c-1,f-1,i0, conf=-1: [50423279-f647-4a18-8e85-347d68eaf856:192.168.69.88:39583, 2ec85f63-33fb-4317-9145-71357d145af9:192.168.69.88:42357, 25d6372c-77fd-4a39-ac2a-e48debad48df:192.168.69.88:39591], old=null
2019-10-15 16:11:57,979 [25d6372c-77fd-4a39-ac2a-e48debad48df@group-B2671EB745D2-LeaderElection192] INFO  impl.RaftServerImpl (RaftServerImpl.java:setRole(184)) - 25d6372c-77fd-4a39-ac2a-e48debad48df@group-B2671EB745D2: changes role from CANDIDATE to FOLLOWER at term 203 for DISCOVERED_A_NEW_TERM
2019-10-15 16:11:57,980 [25d6372c-77fd-4a39-ac2a-e48debad48df@group-B2671EB745D2-LeaderElection192] INFO  impl.RoleInfo (RoleInfo.java:shutdownLeaderElection(134)) - 25d6372c-77fd-4a39-ac2a-e48debad48df: shutdown LeaderElection
2019-10-15 16:11:57,980 [25d6372c-77fd-4a39-ac2a-e48debad48df@group-B2671EB745D2-LeaderElection192] INFO  impl.RoleInfo (RoleInfo.java:updateAndGet(143)) - 25d6372c-77fd-4a39-ac2a-e48debad48df: start FollowerState
2019-10-15 16:11:58,008 [Thread-1480] INFO  impl.FollowerState (FollowerState.java:run(108)) - 25d6372c-77fd-4a39-ac2a-e48debad48df@group-B2671EB745D2-FollowerState: change to CANDIDATE, lastRpcTime:28ms, electionTimeout:28ms
2019-10-15 16:11:58,008 [Thread-1480] INFO  impl.RoleInfo (RoleInfo.java:shutdownFollowerState(121)) - 25d6372c-77fd-4a39-ac2a-e48debad48df: shutdown FollowerState
2019-10-15 16:11:58,008 [Thread-1480] INFO  impl.RaftServerImpl (RaftServerImpl.java:setRole(184)) - 25d6372c-77fd-4a39-ac2a-e48debad48df@group-B2671EB745D2: changes role from  FOLLOWER to CANDIDATE at term 203 for changeToCandidate
2019-10-15 16:11:58,009 [Thread-1480] INFO  impl.RoleInfo (RoleInfo.java:updateAndGet(143)) - 25d6372c-77fd-4a39-ac2a-e48debad48df: start LeaderElection
2019-10-15 16:11:58,029 [25d6372c-77fd-4a39-ac2a-e48debad48df@group-B2671EB745D2-LeaderElection193] INFO  impl.LeaderElection (LeaderElection.java:askForVotes(178)) - 25d6372c-77fd-4a39-ac2a-e48debad48df@group-B2671EB745D2-LeaderElection193: begin an election at term 204 for -1: [50423279-f647-4a18-8e85-347d68eaf856:192.168.69.88:39583, 2ec85f63-33fb-4317-9145-71357d145af9:192.168.69.88:42357, 25d6372c-77fd-4a39-ac2a-e48debad48df:192.168.69.88:39591], old=null
2019-10-15 16:11:58,032 [grpc-default-executor-1] INFO  impl.RaftServerImpl (RaftServerImpl.java:setRole(184)) - 50423279-f647-4a18-8e85-347d68eaf856@group-B2671EB745D2: changes role from  FOLLOWER to FOLLOWER at term 204 for recognizeCandidate:25d6372c-77fd-4a39-ac2a-e48debad48df
2019-10-15 16:11:58,032 [grpc-default-executor-0] INFO  impl.RaftServerImpl (RaftServerImpl.java:setRole(184)) - 2ec85f63-33fb-4317-9145-71357d145af9@group-B2671EB745D2: changes role from  FOLLOWER to FOLLOWER at term 204 for recognizeCandidate:25d6372c-77fd-4a39-ac2a-e48debad48df
2019-10-15 16:11:58,032 [grpc-default-executor-1] INFO  impl.RoleInfo (RoleInfo.java:shutdownFollowerState(121)) - 50423279-f647-4a18-8e85-347d68eaf856: shutdown FollowerState
2019-10-15 16:11:58,032 [grpc-default-executor-0] INFO  impl.RoleInfo (RoleInfo.java:shutdownFollowerState(121)) - 2ec85f63-33fb-4317-9145-71357d145af9: shutdown FollowerState
2019-10-15 16:11:58,033 [grpc-default-executor-1] INFO  impl.RoleInfo (RoleInfo.java:updateAndGet(143)) - 50423279-f647-4a18-8e85-347d68eaf856: start FollowerState
2019-10-15 16:11:58,033 [Thread-1478] INFO  impl.FollowerState (FollowerState.java:run(117)) - 50423279-f647-4a18-8e85-347d68eaf856@group-B2671EB745D2-FollowerState was interrupted: java.lang.InterruptedException: sleep interrupted
2019-10-15 16:11:58,033 [grpc-default-executor-0] INFO  impl.RoleInfo (RoleInfo.java:updateAndGet(143)) - 2ec85f63-33fb-4317-9145-71357d145af9: start FollowerState
2019-10-15 16:11:58,033 [Thread-1479] INFO  impl.FollowerState (FollowerState.java:run(117)) - 2ec85f63-33fb-4317-9145-71357d145af9@group-B2671EB745D2-FollowerState was interrupted: java.lang.InterruptedException: sleep interrupted
2019-10-15 16:11:58,047 [25d6372c-77fd-4a39-ac2a-e48debad48df@group-B2671EB745D2-LeaderElection193] INFO  impl.LeaderElection (LeaderElection.java:logAndReturn(56)) - 25d6372c-77fd-4a39-ac2a-e48debad48df@group-B2671EB745D2-LeaderElection193: Election REJECTED; received 2 response(s) [25d6372c-77fd-4a39-ac2a-e48debad48df<-50423279-f647-4a18-8e85-347d68eaf856#0:FAIL-t204, 25d6372c-77fd-4a39-ac2a-e48debad48df<-2ec85f63-33fb-4317-9145-71357d145af9#0:FAIL-t204] and 0 exception(s); 25d6372c-77fd-4a39-ac2a-e48debad48df@group-B2671EB745D2:t204, leader=null, voted=25d6372c-77fd-4a39-ac2a-e48debad48df, raftlog=25d6372c-77fd-4a39-ac2a-e48debad48df@group-B2671EB745D2-SegmentedRaftLog:OPENED:c-1,f-1,i0, conf=-1: [50423279-f647-4a18-8e85-347d68eaf856:192.168.69.88:39583, 2ec85f63-33fb-4317-9145-71357d145af9:192.168.69.88:42357, 25d6372c-77fd-4a39-ac2a-e48debad48df:192.168.69.88:39591], old=null
2019-10-15 16:11:58,047 [25d6372c-77fd-4a39-ac2a-e48debad48df@group-B2671EB745D2-LeaderElection193] INFO  impl.RaftServerImpl (RaftServerImpl.java:setRole(184)) - 25d6372c-77fd-4a39-ac2a-e48debad48df@group-B2671EB745D2: changes role from CANDIDATE to FOLLOWER at term 204 for DISCOVERED_A_NEW_TERM
2019-10-15 16:11:58,047 [25d6372c-77fd-4a39-ac2a-e48debad48df@group-B2671EB745D2-LeaderElection193] INFO  impl.RoleInfo (RoleInfo.java:shutdownLeaderElection(134)) - 25d6372c-77fd-4a39-ac2a-e48debad48df: shutdown LeaderElection
2019-10-15 16:11:58,047 [25d6372c-77fd-4a39-ac2a-e48debad48df@group-B2671EB745D2-LeaderElection193] INFO  impl.RoleInfo (RoleInfo.java:updateAndGet(143)) - 25d6372c-77fd-4a39-ac2a-e48debad48df: start FollowerState
2019-10-15 16:11:58,088 [Thread-1486] INFO  impl.FollowerState (FollowerState.java:run(108)) - 25d6372c-77fd-4a39-ac2a-e48debad48df@group-B2671EB745D2-FollowerState: change to CANDIDATE, lastRpcTime:41ms, electionTimeout:41ms
2019-10-15 16:11:58,089 [Thread-1486] INFO  impl.RoleInfo (RoleInfo.java:shutdownFollowerState(121)) - 25d6372c-77fd-4a39-ac2a-e48debad48df: shutdown FollowerState
2019-10-15 16:11:58,089 [Thread-1486] INFO  impl.RaftServerImpl (RaftServerImpl.java:setRole(184)) - 25d6372c-77fd-4a39-ac2a-e48debad48df@group-B2671EB745D2: changes role from  FOLLOWER to CANDIDATE at term 204 for changeToCandidate
2019-10-15 16:11:58,089 [Thread-1486] INFO  impl.RoleInfo (RoleInfo.java:updateAndGet(143)) - 25d6372c-77fd-4a39-ac2a-e48debad48df: start LeaderElection
2019-10-15 16:11:58,102 [25d6372c-77fd-4a39-ac2a-e48debad48df@group-B2671EB745D2-LeaderElection194] INFO  impl.LeaderElection (LeaderElection.java:askForVotes(178)) - 25d6372c-77fd-4a39-ac2a-e48debad48df@group-B2671EB745D2-LeaderElection194: begin an election at term 205 for -1: [50423279-f647-4a18-8e85-347d68eaf856:192.168.69.88:39583, 2ec85f63-33fb-4317-9145-71357d145af9:192.168.69.88:42357, 25d6372c-77fd-4a39-ac2a-e48debad48df:192.168.69.88:39591], old=null
2019-10-15 16:11:58,104 [grpc-default-executor-0] INFO  impl.RaftServerImpl (RaftServerImpl.java:setRole(184)) - 2ec85f63-33fb-4317-9145-71357d145af9@group-B2671EB745D2: changes role from  FOLLOWER to FOLLOWER at term 205 for recognizeCandidate:25d6372c-77fd-4a39-ac2a-e48debad48df
2019-10-15 16:11:58,105 [grpc-default-executor-0] INFO  impl.RoleInfo (RoleInfo.java:shutdownFollowerState(121)) - 2ec85f63-33fb-4317-9145-71357d145af9: shutdown FollowerState
2019-10-15 16:11:58,104 [grpc-default-executor-1] INFO  impl.RaftServerImpl (RaftServerImpl.java:setRole(184)) - 50423279-f647-4a18-8e85-347d68eaf856@group-B2671EB745D2: changes role from  FOLLOWER to FOLLOWER at term 205 for recognizeCandidate:25d6372c-77fd-4a39-ac2a-e48debad48df
2019-10-15 16:11:58,105 [Thread-1485] INFO  impl.FollowerState (FollowerState.java:run(117)) - 2ec85f63-33fb-4317-9145-71357d145af9@group-B2671EB745D2-FollowerState was interrupted: java.lang.InterruptedException: sleep interrupted
2019-10-15 16:11:58,105 [grpc-default-executor-0] INFO  impl.RoleInfo (RoleInfo.java:updateAndGet(143)) - 2ec85f63-33fb-4317-9145-71357d145af9: start FollowerState
2019-10-15 16:11:58,105 [grpc-default-executor-1] INFO  impl.RoleInfo (RoleInfo.java:shutdownFollowerState(121)) - 50423279-f647-4a18-8e85-347d68eaf856: shutdown FollowerState
2019-10-15 16:11:58,105 [grpc-default-executor-1] INFO  impl.RoleInfo (RoleInfo.java:updateAndGet(143)) - 50423279-f647-4a18-8e85-347d68eaf856: start FollowerState
2019-10-15 16:11:58,105 [Thread-1484] INFO  impl.FollowerState (FollowerState.java:run(117)) - 50423279-f647-4a18-8e85-347d68eaf856@group-B2671EB745D2-FollowerState was interrupted: java.lang.InterruptedException: sleep interrupted
2019-10-15 16:11:58,120 [25d6372c-77fd-4a39-ac2a-e48debad48df@group-B2671EB745D2-LeaderElection194] INFO  impl.LeaderElection (LeaderElection.java:logAndReturn(56)) - 25d6372c-77fd-4a39-ac2a-e48debad48df@group-B2671EB745D2-LeaderElection194: Election REJECTED; received 2 response(s) [25d6372c-77fd-4a39-ac2a-e48debad48df<-50423279-f647-4a18-8e85-347d68eaf856#0:FAIL-t205, 25d6372c-77fd-4a39-ac2a-e48debad48df<-2ec85f63-33fb-4317-9145-71357d145af9#0:FAIL-t205] and 0 exception(s); 25d6372c-77fd-4a39-ac2a-e48debad48df@group-B2671EB745D2:t205, leader=null, voted=25d6372c-77fd-4a39-ac2a-e48debad48df, raftlog=25d6372c-77fd-4a39-ac2a-e48debad48df@group-B2671EB745D2-SegmentedRaftLog:OPENED:c-1,f-1,i0, conf=-1: [50423279-f647-4a18-8e85-347d68eaf856:192.168.69.88:39583, 2ec85f63-33fb-4317-9145-71357d145af9:192.168.69.88:42357, 25d6372c-77fd-4a39-ac2a-e48debad48df:192.168.69.88:39591], old=null
2019-10-15 16:11:58,120 [25d6372c-77fd-4a39-ac2a-e48debad48df@group-B2671EB745D2-LeaderElection194] INFO  impl.RaftServerImpl (RaftServerImpl.java:setRole(184)) - 25d6372c-77fd-4a39-ac2a-e48debad48df@group-B2671EB745D2: changes role from CANDIDATE to FOLLOWER at term 205 for DISCOVERED_A_NEW_TERM
2019-10-15 16:11:58,120 [25d6372c-77fd-4a39-ac2a-e48debad48df@group-B2671EB745D2-LeaderElection194] INFO  impl.RoleInfo (RoleInfo.java:shutdownLeaderElection(134)) - 25d6372c-77fd-4a39-ac2a-e48debad48df: shutdown LeaderElection
2019-10-15 16:11:58,120 [25d6372c-77fd-4a39-ac2a-e48debad48df@group-B2671EB745D2-LeaderElection194] INFO  impl.RoleInfo (RoleInfo.java:updateAndGet(143)) - 25d6372c-77fd-4a39-ac2a-e48debad48df: start FollowerState
2019-10-15 16:11:58,151 [Thread-1492] INFO  impl.FollowerState (FollowerState.java:run(108)) - 25d6372c-77fd-4a39-ac2a-e48debad48df@group-B2671EB745D2-FollowerState: change to CANDIDATE, lastRpcTime:30ms, electionTimeout:30ms
2019-10-15 16:11:58,151 [Thread-1492] INFO  impl.RoleInfo (RoleInfo.java:shutdownFollowerState(121)) - 25d6372c-77fd-4a39-ac2a-e48debad48df: shutdown FollowerState
2019-10-15 16:11:58,151 [Thread-1492] INFO  impl.RaftServerImpl (RaftServerImpl.java:setRole(184)) - 25d6372c-77fd-4a39-ac2a-e48debad48df@group-B2671EB745D2: changes role from  FOLLOWER to CANDIDATE at term 205 for changeToCandidate
2019-10-15 16:11:58,151 [Thread-1492] INFO  impl.RoleInfo (RoleInfo.java:updateAndGet(143)) - 25d6372c-77fd-4a39-ac2a-e48debad48df: start LeaderElection
2019-10-15 16:11:58,165 [25d6372c-77fd-4a39-ac2a-e48debad48df@group-B2671EB745D2-LeaderElection195] INFO  impl.LeaderElection (LeaderElection.java:askForVotes(178)) - 25d6372c-77fd-4a39-ac2a-e48debad48df@group-B2671EB745D2-LeaderElection195: begin an election at term 206 for -1: [50423279-f647-4a18-8e85-347d68eaf856:192.168.69.88:39583, 2ec85f63-33fb-4317-9145-71357d145af9:192.168.69.88:42357, 25d6372c-77fd-4a39-ac2a-e48debad48df:192.168.69.88:39591], old=null
2019-10-15 16:11:58,167 [grpc-default-executor-0] INFO  impl.RaftServerImpl (RaftServerImpl.java:setRole(184)) - 50423279-f647-4a18-8e85-347d68eaf856@group-B2671EB745D2: changes role from  FOLLOWER to FOLLOWER at term 206 for recognizeCandidate:25d6372c-77fd-4a39-ac2a-e48debad48df
2019-10-15 16:11:58,167 [grpc-default-executor-0] INFO  impl.RoleInfo (RoleInfo.java:shutdownFollowerState(121)) - 50423279-f647-4a18-8e85-347d68eaf856: shutdown FollowerState
2019-10-15 16:11:58,167 [grpc-default-executor-0] INFO  impl.RoleInfo (RoleInfo.java:updateAndGet(143)) - 50423279-f647-4a18-8e85-347d68eaf856: start FollowerState
2019-10-15 16:11:58,167 [Thread-1491] INFO  impl.FollowerState (FollowerState.java:run(117)) - 50423279-f647-4a18-8e85-347d68eaf856@group-B2671EB745D2-FollowerState was interrupted: java.lang.InterruptedException: sleep interrupted
2019-10-15 16:11:58,168 [grpc-default-executor-1] INFO  impl.RaftServerImpl (RaftServerImpl.java:setRole(184)) - 2ec85f63-33fb-4317-9145-71357d145af9@group-B2671EB745D2: changes role from  FOLLOWER to FOLLOWER at term 206 for recognizeCandidate:25d6372c-77fd-4a39-ac2a-e48debad48df
2019-10-15 16:11:58,168 [grpc-default-executor-1] INFO  impl.RoleInfo (RoleInfo.java:shutdownFollowerState(121)) - 2ec85f63-33fb-4317-9145-71357d145af9: shutdown FollowerState
2019-10-15 16:11:58,168 [grpc-default-executor-1] INFO  impl.RoleInfo (RoleInfo.java:updateAndGet(143)) - 2ec85f63-33fb-4317-9145-71357d145af9: start FollowerState
2019-10-15 16:11:58,168 [Thread-1490] INFO  impl.FollowerState (FollowerState.java:run(117)) - 2ec85f63-33fb-4317-9145-71357d145af9@group-B2671EB745D2-FollowerState was interrupted: java.lang.InterruptedException: sleep interrupted
2019-10-15 16:11:58,178 [25d6372c-77fd-4a39-ac2a-e48debad48df@group-B2671EB745D2-LeaderElection195] INFO  impl.LeaderElection (LeaderElection.java:logAndReturn(56)) - 25d6372c-77fd-4a39-ac2a-e48debad48df@group-B2671EB745D2-LeaderElection195: Election TIMEOUT; received 0 response(s) [] and 0 exception(s); 25d6372c-77fd-4a39-ac2a-e48debad48df@group-B2671EB745D2:t206, leader=null, voted=25d6372c-77fd-4a39-ac2a-e48debad48df, raftlog=25d6372c-77fd-4a39-ac2a-e48debad48df@group-B2671EB745D2-SegmentedRaftLog:OPENED:c-1,f-1,i0, conf=-1: [50423279-f647-4a18-8e85-347d68eaf856:192.168.69.88:39583, 2ec85f63-33fb-4317-9145-71357d145af9:192.168.69.88:42357, 25d6372c-77fd-4a39-ac2a-e48debad48df:192.168.69.88:39591], old=null
2019-10-15 16:11:58,182 [25d6372c-77fd-4a39-ac2a-e48debad48df@group-B2671EB745D2-LeaderElection195] INFO  impl.LeaderElection (LeaderElection.java:askForVotes(178)) - 25d6372c-77fd-4a39-ac2a-e48debad48df@group-B2671EB745D2-LeaderElection195: begin an election at term 207 for -1: [50423279-f647-4a18-8e85-347d68eaf856:192.168.69.88:39583, 2ec85f63-33fb-4317-9145-71357d145af9:192.168.69.88:42357, 25d6372c-77fd-4a39-ac2a-e48debad48df:192.168.69.88:39591], old=null
2019-10-15 16:11:58,184 [grpc-default-executor-0] INFO  impl.RaftServerImpl (RaftServerImpl.java:setRole(184)) - 50423279-f647-4a18-8e85-347d68eaf856@group-B2671EB745D2: changes role from  FOLLOWER to FOLLOWER at term 207 for recognizeCandidate:25d6372c-77fd-4a39-ac2a-e48debad48df
2019-10-15 16:11:58,184 [grpc-default-executor-0] INFO  impl.RoleInfo (RoleInfo.java:shutdownFollowerState(121)) - 50423279-f647-4a18-8e85-347d68eaf856: shutdown FollowerState
2019-10-15 16:11:58,184 [grpc-default-executor-0] INFO  impl.RoleInfo (RoleInfo.java:updateAndGet(143)) - 50423279-f647-4a18-8e85-347d68eaf856: start FollowerState
2019-10-15 16:11:58,184 [Thread-1496] INFO  impl.FollowerState (FollowerState.java:run(117)) - 50423279-f647-4a18-8e85-347d68eaf856@group-B2671EB745D2-FollowerState was interrupted: java.lang.InterruptedException: sleep interrupted
2019-10-15 16:11:58,184 [grpc-default-executor-1] INFO  impl.RaftServerImpl (RaftServerImpl.java:setRole(184)) - 2ec85f63-33fb-4317-9145-71357d145af9@group-B2671EB745D2: changes role from  FOLLOWER to FOLLOWER at term 207 for recognizeCandidate:25d6372c-77fd-4a39-ac2a-e48debad48df
2019-10-15 16:11:58,184 [grpc-default-executor-1] INFO  impl.RoleInfo (RoleInfo.java:shutdownFollowerState(121)) - 2ec85f63-33fb-4317-9145-71357d145af9: shutdown FollowerState
2019-10-15 16:11:58,184 [grpc-default-executor-1] INFO  impl.RoleInfo (RoleInfo.java:updateAndGet(143)) - 2ec85f63-33fb-4317-9145-71357d145af9: start FollowerState
2019-10-15 16:11:58,184 [Thread-1497] INFO  impl.FollowerState (FollowerState.java:run(117)) - 2ec85f63-33fb-4317-9145-71357d145af9@group-B2671EB745D2-FollowerState was interrupted: java.lang.InterruptedException: sleep interrupted
2019-10-15 16:11:58,199 [25d6372c-77fd-4a39-ac2a-e48debad48df@group-B2671EB745D2-LeaderElection195] INFO  impl.LeaderElection (LeaderElection.java:logAndReturn(56)) - 25d6372c-77fd-4a39-ac2a-e48debad48df@group-B2671EB745D2-LeaderElection195: Election REJECTED; received 2 response(s) [25d6372c-77fd-4a39-ac2a-e48debad48df<-50423279-f647-4a18-8e85-347d68eaf856#0:FAIL-t207, 25d6372c-77fd-4a39-ac2a-e48debad48df<-2ec85f63-33fb-4317-9145-71357d145af9#0:FAIL-t207] and 0 exception(s); 25d6372c-77fd-4a39-ac2a-e48debad48df@group-B2671EB745D2:t207, leader=null, voted=25d6372c-77fd-4a39-ac2a-e48debad48df, raftlog=25d6372c-77fd-4a39-ac2a-e48debad48df@group-B2671EB745D2-SegmentedRaftLog:OPENED:c-1,f-1,i0, conf=-1: [50423279-f647-4a18-8e85-347d68eaf856:192.168.69.88:39583, 2ec85f63-33fb-4317-9145-71357d145af9:192.168.69.88:42357, 25d6372c-77fd-4a39-ac2a-e48debad48df:192.168.69.88:39591], old=null
2019-10-15 16:11:58,199 [25d6372c-77fd-4a39-ac2a-e48debad48df@group-B2671EB745D2-LeaderElection195] INFO  impl.RaftServerImpl (RaftServerImpl.java:setRole(184)) - 25d6372c-77fd-4a39-ac2a-e48debad48df@group-B2671EB745D2: changes role from CANDIDATE to FOLLOWER at term 207 for DISCOVERED_A_NEW_TERM
2019-10-15 16:11:58,199 [25d6372c-77fd-4a39-ac2a-e48debad48df@group-B2671EB745D2-LeaderElection195] INFO  impl.RoleInfo (RoleInfo.java:shutdownLeaderElection(134)) - 25d6372c-77fd-4a39-ac2a-e48debad48df: shutdown LeaderElection
2019-10-15 16:11:58,199 [25d6372c-77fd-4a39-ac2a-e48debad48df@group-B2671EB745D2-LeaderElection195] INFO  impl.RoleInfo (RoleInfo.java:updateAndGet(143)) - 25d6372c-77fd-4a39-ac2a-e48debad48df: start FollowerState
2019-10-15 16:11:58,342 [Thread-1502] INFO  impl.FollowerState (FollowerState.java:run(108)) - 25d6372c-77fd-4a39-ac2a-e48debad48df@group-B2671EB745D2-FollowerState: change to CANDIDATE, lastRpcTime:143ms, electionTimeout:143ms
2019-10-15 16:11:58,342 [Thread-1502] INFO  impl.RoleInfo (RoleInfo.java:shutdownFollowerState(121)) - 25d6372c-77fd-4a39-ac2a-e48debad48df: shutdown FollowerState
2019-10-15 16:11:58,342 [Thread-1502] INFO  impl.RaftServerImpl (RaftServerImpl.java:setRole(184)) - 25d6372c-77fd-4a39-ac2a-e48debad48df@group-B2671EB745D2: changes role from  FOLLOWER to CANDIDATE at term 207 for changeToCandidate
2019-10-15 16:11:58,343 [Thread-1502] INFO  impl.RoleInfo (RoleInfo.java:updateAndGet(143)) - 25d6372c-77fd-4a39-ac2a-e48debad48df: start LeaderElection
2019-10-15 16:11:58,356 [25d6372c-77fd-4a39-ac2a-e48debad48df@group-B2671EB745D2-LeaderElection196] INFO  impl.LeaderElection (LeaderElection.java:askForVotes(178)) - 25d6372c-77fd-4a39-ac2a-e48debad48df@group-B2671EB745D2-LeaderElection196: begin an election at term 208 for -1: [50423279-f647-4a18-8e85-347d68eaf856:192.168.69.88:39583, 2ec85f63-33fb-4317-9145-71357d145af9:192.168.69.88:42357, 25d6372c-77fd-4a39-ac2a-e48debad48df:192.168.69.88:39591], old=null
2019-10-15 16:11:58,359 [grpc-default-executor-1] INFO  impl.RaftServerImpl (RaftServerImpl.java:setRole(184)) - 50423279-f647-4a18-8e85-347d68eaf856@group-B2671EB745D2: changes role from  FOLLOWER to FOLLOWER at term 208 for recognizeCandidate:25d6372c-77fd-4a39-ac2a-e48debad48df
2019-10-15 16:11:58,359 [grpc-default-executor-1] INFO  impl.RoleInfo (RoleInfo.java:shutdownFollowerState(121)) - 50423279-f647-4a18-8e85-347d68eaf856: shutdown FollowerState
2019-10-15 16:11:58,359 [grpc-default-executor-0] INFO  impl.RaftServerImpl (RaftServerImpl.java:setRole(184)) - 2ec85f63-33fb-4317-9145-71357d145af9@group-B2671EB745D2: changes role from  FOLLOWER to FOLLOWER at term 208 for recognizeCandidate:25d6372c-77fd-4a39-ac2a-e48debad48df
2019-10-15 16:11:58,359 [Thread-1500] INFO  impl.FollowerState (FollowerState.java:run(117)) - 50423279-f647-4a18-8e85-347d68eaf856@group-B2671EB745D2-FollowerState was interrupted: java.lang.InterruptedException: sleep interrupted
2019-10-15 16:11:58,359 [grpc-default-executor-1] INFO  impl.RoleInfo (RoleInfo.java:updateAndGet(143)) - 50423279-f647-4a18-8e85-347d68eaf856: start FollowerState
2019-10-15 16:11:58,360 [grpc-default-executor-0] INFO  impl.RoleInfo (RoleInfo.java:shutdownFollowerState(121)) - 2ec85f63-33fb-4317-9145-71357d145af9: shutdown FollowerState
2019-10-15 16:11:58,360 [grpc-default-executor-0] INFO  impl.RoleInfo (RoleInfo.java:updateAndGet(143)) - 2ec85f63-33fb-4317-9145-71357d145af9: start FollowerState
2019-10-15 16:11:58,360 [Thread-1501] INFO  impl.FollowerState (FollowerState.java:run(117)) - 2ec85f63-33fb-4317-9145-71357d145af9@group-B2671EB745D2-FollowerState was interrupted: java.lang.InterruptedException: sleep interrupted
2019-10-15 16:11:58,374 [25d6372c-77fd-4a39-ac2a-e48debad48df@group-B2671EB745D2-LeaderElection196] INFO  impl.LeaderElection (LeaderElection.java:logAndReturn(56)) - 25d6372c-77fd-4a39-ac2a-e48debad48df@group-B2671EB745D2-LeaderElection196: Election REJECTED; received 2 response(s) [25d6372c-77fd-4a39-ac2a-e48debad48df<-2ec85f63-33fb-4317-9145-71357d145af9#0:FAIL-t208, 25d6372c-77fd-4a39-ac2a-e48debad48df<-50423279-f647-4a18-8e85-347d68eaf856#0:FAIL-t208] and 0 exception(s); 25d6372c-77fd-4a39-ac2a-e48debad48df@group-B2671EB745D2:t208, leader=null, voted=25d6372c-77fd-4a39-ac2a-e48debad48df, raftlog=25d6372c-77fd-4a39-ac2a-e48debad48df@group-B2671EB745D2-SegmentedRaftLog:OPENED:c-1,f-1,i0, conf=-1: [50423279-f647-4a18-8e85-347d68eaf856:192.168.69.88:39583, 2ec85f63-33fb-4317-9145-71357d145af9:192.168.69.88:42357, 25d6372c-77fd-4a39-ac2a-e48debad48df:192.168.69.88:39591], old=null
2019-10-15 16:11:58,374 [25d6372c-77fd-4a39-ac2a-e48debad48df@group-B2671EB745D2-LeaderElection196] INFO  impl.RaftServerImpl (RaftServerImpl.java:setRole(184)) - 25d6372c-77fd-4a39-ac2a-e48debad48df@group-B2671EB745D2: changes role from CANDIDATE to FOLLOWER at term 208 for DISCOVERED_A_NEW_TERM
2019-10-15 16:11:58,374 [25d6372c-77fd-4a39-ac2a-e48debad48df@group-B2671EB745D2-LeaderElection196] INFO  impl.RoleInfo (RoleInfo.java:shutdownLeaderElection(134)) - 25d6372c-77fd-4a39-ac2a-e48debad48df: shutdown LeaderElection
2019-10-15 16:11:58,375 [25d6372c-77fd-4a39-ac2a-e48debad48df@group-B2671EB745D2-LeaderElection196] INFO  impl.RoleInfo (RoleInfo.java:updateAndGet(143)) - 25d6372c-77fd-4a39-ac2a-e48debad48df: start FollowerState
2019-10-15 16:11:58,410 [Thread-1508] INFO  impl.FollowerState (FollowerState.java:run(108)) - 25d6372c-77fd-4a39-ac2a-e48debad48df@group-B2671EB745D2-FollowerState: change to CANDIDATE, lastRpcTime:35ms, electionTimeout:35ms
2019-10-15 16:11:58,410 [Thread-1508] INFO  impl.RoleInfo (RoleInfo.java:shutdownFollowerState(121)) - 25d6372c-77fd-4a39-ac2a-e48debad48df: shutdown FollowerState
2019-10-15 16:11:58,410 [Thread-1508] INFO  impl.RaftServerImpl (RaftServerImpl.java:setRole(184)) - 25d6372c-77fd-4a39-ac2a-e48debad48df@group-B2671EB745D2: changes role from  FOLLOWER to CANDIDATE at term 208 for changeToCandidate
2019-10-15 16:11:58,410 [Thread-1508] INFO  impl.RoleInfo (RoleInfo.java:updateAndGet(143)) - 25d6372c-77fd-4a39-ac2a-e48debad48df: start LeaderElection
2019-10-15 16:11:58,424 [25d6372c-77fd-4a39-ac2a-e48debad48df@group-B2671EB745D2-LeaderElection197] INFO  impl.LeaderElection (LeaderElection.java:askForVotes(178)) - 25d6372c-77fd-4a39-ac2a-e48debad48df@group-B2671EB745D2-LeaderElection197: begin an election at term 209 for -1: [50423279-f647-4a18-8e85-347d68eaf856:192.168.69.88:39583, 2ec85f63-33fb-4317-9145-71357d145af9:192.168.69.88:42357, 25d6372c-77fd-4a39-ac2a-e48debad48df:192.168.69.88:39591], old=null
2019-10-15 16:11:58,426 [grpc-default-executor-0] INFO  impl.RaftServerImpl (RaftServerImpl.java:setRole(184)) - 50423279-f647-4a18-8e85-347d68eaf856@group-B2671EB745D2: changes role from  FOLLOWER to FOLLOWER at term 209 for recognizeCandidate:25d6372c-77fd-4a39-ac2a-e48debad48df
2019-10-15 16:11:58,426 [grpc-default-executor-0] INFO  impl.RoleInfo (RoleInfo.java:shutdownFollowerState(121)) - 50423279-f647-4a18-8e85-347d68eaf856: shutdown FollowerState
2019-10-15 16:11:58,426 [grpc-default-executor-1] INFO  impl.RaftServerImpl (RaftServerImpl.java:setRole(184)) - 2ec85f63-33fb-4317-9145-71357d145af9@group-B2671EB745D2: changes role from  FOLLOWER to FOLLOWER at term 209 for recognizeCandidate:25d6372c-77fd-4a39-ac2a-e48debad48df
2019-10-15 16:11:58,426 [grpc-default-executor-1] INFO  impl.RoleInfo (RoleInfo.java:shutdownFollowerState(121)) - 2ec85f63-33fb-4317-9145-71357d145af9: shutdown FollowerState
2019-10-15 16:11:58,426 [Thread-1506] INFO  impl.FollowerState (FollowerState.java:run(117)) - 50423279-f647-4a18-8e85-347d68eaf856@group-B2671EB745D2-FollowerState was interrupted: java.lang.InterruptedException: sleep interrupted
2019-10-15 16:11:58,426 [grpc-default-executor-0] INFO  impl.RoleInfo (RoleInfo.java:updateAndGet(143)) - 50423279-f647-4a18-8e85-347d68eaf856: start FollowerState
2019-10-15 16:11:58,426 [Thread-1507] INFO  impl.FollowerState (FollowerState.java:run(117)) - 2ec85f63-33fb-4317-9145-71357d145af9@group-B2671EB745D2-FollowerState was interrupted: java.lang.InterruptedException: sleep interrupted
2019-10-15 16:11:58,426 [grpc-default-executor-1] INFO  impl.RoleInfo (RoleInfo.java:updateAndGet(143)) - 2ec85f63-33fb-4317-9145-71357d145af9: start FollowerState
2019-10-15 16:11:58,447 [25d6372c-77fd-4a39-ac2a-e48debad48df@group-B2671EB745D2-LeaderElection197] INFO  impl.LeaderElection (LeaderElection.java:logAndReturn(56)) - 25d6372c-77fd-4a39-ac2a-e48debad48df@group-B2671EB745D2-LeaderElection197: Election REJECTED; received 2 response(s) [25d6372c-77fd-4a39-ac2a-e48debad48df<-50423279-f647-4a18-8e85-347d68eaf856#0:FAIL-t209, 25d6372c-77fd-4a39-ac2a-e48debad48df<-2ec85f63-33fb-4317-9145-71357d145af9#0:FAIL-t209] and 0 exception(s); 25d6372c-77fd-4a39-ac2a-e48debad48df@group-B2671EB745D2:t209, leader=null, voted=25d6372c-77fd-4a39-ac2a-e48debad48df, raftlog=25d6372c-77fd-4a39-ac2a-e48debad48df@group-B2671EB745D2-SegmentedRaftLog:OPENED:c-1,f-1,i0, conf=-1: [50423279-f647-4a18-8e85-347d68eaf856:192.168.69.88:39583, 2ec85f63-33fb-4317-9145-71357d145af9:192.168.69.88:42357, 25d6372c-77fd-4a39-ac2a-e48debad48df:192.168.69.88:39591], old=null
2019-10-15 16:11:58,447 [25d6372c-77fd-4a39-ac2a-e48debad48df@group-B2671EB745D2-LeaderElection197] INFO  impl.RaftServerImpl (RaftServerImpl.java:setRole(184)) - 25d6372c-77fd-4a39-ac2a-e48debad48df@group-B2671EB745D2: changes role from CANDIDATE to FOLLOWER at term 209 for DISCOVERED_A_NEW_TERM
2019-10-15 16:11:58,447 [25d6372c-77fd-4a39-ac2a-e48debad48df@group-B2671EB745D2-LeaderElection197] INFO  impl.RoleInfo (RoleInfo.java:shutdownLeaderElection(134)) - 25d6372c-77fd-4a39-ac2a-e48debad48df: shutdown LeaderElection
2019-10-15 16:11:58,447 [25d6372c-77fd-4a39-ac2a-e48debad48df@group-B2671EB745D2-LeaderElection197] INFO  impl.RoleInfo (RoleInfo.java:updateAndGet(143)) - 25d6372c-77fd-4a39-ac2a-e48debad48df: start FollowerState
2019-10-15 16:11:58,543 [Thread-1514] INFO  impl.FollowerState (FollowerState.java:run(108)) - 25d6372c-77fd-4a39-ac2a-e48debad48df@group-B2671EB745D2-FollowerState: change to CANDIDATE, lastRpcTime:96ms, electionTimeout:96ms
2019-10-15 16:11:58,544 [Thread-1514] INFO  impl.RoleInfo (RoleInfo.java:shutdownFollowerState(121)) - 25d6372c-77fd-4a39-ac2a-e48debad48df: shutdown FollowerState
2019-10-15 16:11:58,544 [Thread-1514] INFO  impl.RaftServerImpl (RaftServerImpl.java:setRole(184)) - 25d6372c-77fd-4a39-ac2a-e48debad48df@group-B2671EB745D2: changes role from  FOLLOWER to CANDIDATE at term 209 for changeToCandidate
2019-10-15 16:11:58,544 [Thread-1514] INFO  impl.RoleInfo (RoleInfo.java:updateAndGet(143)) - 25d6372c-77fd-4a39-ac2a-e48debad48df: start LeaderElection
2019-10-15 16:11:58,558 [25d6372c-77fd-4a39-ac2a-e48debad48df@group-B2671EB745D2-LeaderElection198] INFO  impl.LeaderElection (LeaderElection.java:askForVotes(178)) - 25d6372c-77fd-4a39-ac2a-e48debad48df@group-B2671EB745D2-LeaderElection198: begin an election at term 210 for -1: [50423279-f647-4a18-8e85-347d68eaf856:192.168.69.88:39583, 2ec85f63-33fb-4317-9145-71357d145af9:192.168.69.88:42357, 25d6372c-77fd-4a39-ac2a-e48debad48df:192.168.69.88:39591], old=null
2019-10-15 16:11:58,562 [grpc-default-executor-0] INFO  impl.RaftServerImpl (RaftServerImpl.java:setRole(184)) - 50423279-f647-4a18-8e85-347d68eaf856@group-B2671EB745D2: changes role from  FOLLOWER to FOLLOWER at term 210 for recognizeCandidate:25d6372c-77fd-4a39-ac2a-e48debad48df
2019-10-15 16:11:58,562 [grpc-default-executor-0] INFO  impl.RoleInfo (RoleInfo.java:shutdownFollowerState(121)) - 50423279-f647-4a18-8e85-347d68eaf856: shutdown FollowerState
2019-10-15 16:11:58,562 [grpc-default-executor-1] INFO  impl.RaftServerImpl (RaftServerImpl.java:setRole(184)) - 2ec85f63-33fb-4317-9145-71357d145af9@group-B2671EB745D2: changes role from  FOLLOWER to FOLLOWER at term 210 for recognizeCandidate:25d6372c-77fd-4a39-ac2a-e48debad48df
2019-10-15 16:11:58,562 [Thread-1512] INFO  impl.FollowerState (FollowerState.java:run(117)) - 50423279-f647-4a18-8e85-347d68eaf856@group-B2671EB745D2-FollowerState was interrupted: java.lang.InterruptedException: sleep interrupted
2019-10-15 16:11:58,562 [grpc-default-executor-1] INFO  impl.RoleInfo (RoleInfo.java:shutdownFollowerState(121)) - 2ec85f63-33fb-4317-9145-71357d145af9: shutdown FollowerState
2019-10-15 16:11:58,562 [grpc-default-executor-0] INFO  impl.RoleInfo (RoleInfo.java:updateAndGet(143)) - 50423279-f647-4a18-8e85-347d68eaf856: start FollowerState
2019-10-15 16:11:58,562 [Thread-1513] INFO  impl.FollowerState (FollowerState.java:run(117)) - 2ec85f63-33fb-4317-9145-71357d145af9@group-B2671EB745D2-FollowerState was interrupted: java.lang.InterruptedException: sleep interrupted
2019-10-15 16:11:58,562 [grpc-default-executor-1] INFO  impl.RoleInfo (RoleInfo.java:updateAndGet(143)) - 2ec85f63-33fb-4317-9145-71357d145af9: start FollowerState
2019-10-15 16:11:58,577 [25d6372c-77fd-4a39-ac2a-e48debad48df@group-B2671EB745D2-LeaderElection198] INFO  impl.LeaderElection (LeaderElection.java:logAndReturn(56)) - 25d6372c-77fd-4a39-ac2a-e48debad48df@group-B2671EB745D2-LeaderElection198: Election REJECTED; received 2 response(s) [25d6372c-77fd-4a39-ac2a-e48debad48df<-50423279-f647-4a18-8e85-347d68eaf856#0:FAIL-t210, 25d6372c-77fd-4a39-ac2a-e48debad48df<-2ec85f63-33fb-4317-9145-71357d145af9#0:FAIL-t210] and 0 exception(s); 25d6372c-77fd-4a39-ac2a-e48debad48df@group-B2671EB745D2:t210, leader=null, voted=25d6372c-77fd-4a39-ac2a-e48debad48df, raftlog=25d6372c-77fd-4a39-ac2a-e48debad48df@group-B2671EB745D2-SegmentedRaftLog:OPENED:c-1,f-1,i0, conf=-1: [50423279-f647-4a18-8e85-347d68eaf856:192.168.69.88:39583, 2ec85f63-33fb-4317-9145-71357d145af9:192.168.69.88:42357, 25d6372c-77fd-4a39-ac2a-e48debad48df:192.168.69.88:39591], old=null
2019-10-15 16:11:58,577 [25d6372c-77fd-4a39-ac2a-e48debad48df@group-B2671EB745D2-LeaderElection198] INFO  impl.RaftServerImpl (RaftServerImpl.java:setRole(184)) - 25d6372c-77fd-4a39-ac2a-e48debad48df@group-B2671EB745D2: changes role from CANDIDATE to FOLLOWER at term 210 for DISCOVERED_A_NEW_TERM
2019-10-15 16:11:58,577 [25d6372c-77fd-4a39-ac2a-e48debad48df@group-B2671EB745D2-LeaderElection198] INFO  impl.RoleInfo (RoleInfo.java:shutdownLeaderElection(134)) - 25d6372c-77fd-4a39-ac2a-e48debad48df: shutdown LeaderElection
2019-10-15 16:11:58,578 [25d6372c-77fd-4a39-ac2a-e48debad48df@group-B2671EB745D2-LeaderElection198] INFO  impl.RoleInfo (RoleInfo.java:updateAndGet(143)) - 25d6372c-77fd-4a39-ac2a-e48debad48df: start FollowerState
2019-10-15 16:11:58,663 [Thread-1522] INFO  impl.FollowerState (FollowerState.java:run(108)) - 25d6372c-77fd-4a39-ac2a-e48debad48df@group-B2671EB745D2-FollowerState: change to CANDIDATE, lastRpcTime:85ms, electionTimeout:85ms
2019-10-15 16:11:58,663 [Thread-1522] INFO  impl.RoleInfo (RoleInfo.java:shutdownFollowerState(121)) - 25d6372c-77fd-4a39-ac2a-e48debad48df: shutdown FollowerState
2019-10-15 16:11:58,663 [Thread-1522] INFO  impl.RaftServerImpl (RaftServerImpl.java:setRole(184)) - 25d6372c-77fd-4a39-ac2a-e48debad48df@group-B2671EB745D2: changes role from  FOLLOWER to CANDIDATE at term 210 for changeToCandidate
2019-10-15 16:11:58,664 [Thread-1522] INFO  impl.RoleInfo (RoleInfo.java:updateAndGet(143)) - 25d6372c-77fd-4a39-ac2a-e48debad48df: start LeaderElection
2019-10-15 16:11:58,669 [25d6372c-77fd-4a39-ac2a-e48debad48df@group-B2671EB745D2-LeaderElection199] INFO  impl.LeaderElection (LeaderElection.java:askForVotes(178)) - 25d6372c-77fd-4a39-ac2a-e48debad48df@group-B2671EB745D2-LeaderElection199: begin an election at term 211 for -1: [50423279-f647-4a18-8e85-347d68eaf856:192.168.69.88:39583, 2ec85f63-33fb-4317-9145-71357d145af9:192.168.69.88:42357, 25d6372c-77fd-4a39-ac2a-e48debad48df:192.168.69.88:39591], old=null
2019-10-15 16:11:58,671 [grpc-default-executor-0] INFO  impl.RaftServerImpl (RaftServerImpl.java:setRole(184)) - 50423279-f647-4a18-8e85-347d68eaf856@group-B2671EB745D2: changes role from  FOLLOWER to FOLLOWER at term 211 for recognizeCandidate:25d6372c-77fd-4a39-ac2a-e48debad48df
2019-10-15 16:11:58,672 [grpc-default-executor-0] INFO  impl.RoleInfo (RoleInfo.java:shutdownFollowerState(121)) - 50423279-f647-4a18-8e85-347d68eaf856: shutdown FollowerState
2019-10-15 16:11:58,672 [grpc-default-executor-1] INFO  impl.RaftServerImpl (RaftServerImpl.java:setRole(184)) - 2ec85f63-33fb-4317-9145-71357d145af9@group-B2671EB745D2: changes role from  FOLLOWER to FOLLOWER at term 211 for recognizeCandidate:25d6372c-77fd-4a39-ac2a-e48debad48df
2019-10-15 16:11:58,672 [grpc-default-executor-1] INFO  impl.RoleInfo (RoleInfo.java:shutdownFollowerState(121)) - 2ec85f63-33fb-4317-9145-71357d145af9: shutdown FollowerState
2019-10-15 16:11:58,672 [Thread-1520] INFO  impl.FollowerState (FollowerState.java:run(117)) - 50423279-f647-4a18-8e85-347d68eaf856@group-B2671EB745D2-FollowerState was interrupted: java.lang.InterruptedException: sleep interrupted
2019-10-15 16:11:58,672 [grpc-default-executor-0] INFO  impl.RoleInfo (RoleInfo.java:updateAndGet(143)) - 50423279-f647-4a18-8e85-347d68eaf856: start FollowerState
2019-10-15 16:11:58,672 [Thread-1521] INFO  impl.FollowerState (FollowerState.java:run(117)) - 2ec85f63-33fb-4317-9145-71357d145af9@group-B2671EB745D2-FollowerState was interrupted: java.lang.InterruptedException: sleep interrupted
2019-10-15 16:11:58,672 [grpc-default-executor-1] INFO  impl.RoleInfo (RoleInfo.java:updateAndGet(143)) - 2ec85f63-33fb-4317-9145-71357d145af9: start FollowerState
2019-10-15 16:11:58,679 [25d6372c-77fd-4a39-ac2a-e48debad48df@group-B2671EB745D2-LeaderElection199] INFO  impl.LeaderElection (LeaderElection.java:logAndReturn(56)) - 25d6372c-77fd-4a39-ac2a-e48debad48df@group-B2671EB745D2-LeaderElection199: Election REJECTED; received 2 response(s) [25d6372c-77fd-4a39-ac2a-e48debad48df<-50423279-f647-4a18-8e85-347d68eaf856#0:FAIL-t211, 25d6372c-77fd-4a39-ac2a-e48debad48df<-2ec85f63-33fb-4317-9145-71357d145af9#0:FAIL-t211] and 0 exception(s); 25d6372c-77fd-4a39-ac2a-e48debad48df@group-B2671EB745D2:t211, leader=null, voted=25d6372c-77fd-4a39-ac2a-e48debad48df, raftlog=25d6372c-77fd-4a39-ac2a-e48debad48df@group-B2671EB745D2-SegmentedRaftLog:OPENED:c-1,f-1,i0, conf=-1: [50423279-f647-4a18-8e85-347d68eaf856:192.168.69.88:39583, 2ec85f63-33fb-4317-9145-71357d145af9:192.168.69.88:42357, 25d6372c-77fd-4a39-ac2a-e48debad48df:192.168.69.88:39591], old=null
2019-10-15 16:11:58,679 [25d6372c-77fd-4a39-ac2a-e48debad48df@group-B2671EB745D2-LeaderElection199] INFO  impl.RaftServerImpl (RaftServerImpl.java:setRole(184)) - 25d6372c-77fd-4a39-ac2a-e48debad48df@group-B2671EB745D2: changes role from CANDIDATE to FOLLOWER at term 211 for DISCOVERED_A_NEW_TERM
2019-10-15 16:11:58,679 [25d6372c-77fd-4a39-ac2a-e48debad48df@group-B2671EB745D2-LeaderElection199] INFO  impl.RoleInfo (RoleInfo.java:shutdownLeaderElection(134)) - 25d6372c-77fd-4a39-ac2a-e48debad48df: shutdown LeaderElection
2019-10-15 16:11:58,679 [25d6372c-77fd-4a39-ac2a-e48debad48df@group-B2671EB745D2-LeaderElection199] INFO  impl.RoleInfo (RoleInfo.java:updateAndGet(143)) - 25d6372c-77fd-4a39-ac2a-e48debad48df: start FollowerState
2019-10-15 16:11:58,875 [Thread-1528] INFO  impl.FollowerState (FollowerState.java:run(108)) - 25d6372c-77fd-4a39-ac2a-e48debad48df@group-B2671EB745D2-FollowerState: change to CANDIDATE, lastRpcTime:196ms, electionTimeout:196ms
2019-10-15 16:11:58,876 [Thread-1528] INFO  impl.RoleInfo (RoleInfo.java:shutdownFollowerState(121)) - 25d6372c-77fd-4a39-ac2a-e48debad48df: shutdown FollowerState
2019-10-15 16:11:58,876 [Thread-1528] INFO  impl.RaftServerImpl (RaftServerImpl.java:setRole(184)) - 25d6372c-77fd-4a39-ac2a-e48debad48df@group-B2671EB745D2: changes role from  FOLLOWER to CANDIDATE at term 211 for changeToCandidate
2019-10-15 16:11:58,876 [Thread-1528] INFO  impl.RoleInfo (RoleInfo.java:updateAndGet(143)) - 25d6372c-77fd-4a39-ac2a-e48debad48df: start LeaderElection
2019-10-15 16:11:58,885 [25d6372c-77fd-4a39-ac2a-e48debad48df@group-B2671EB745D2-LeaderElection200] INFO  impl.LeaderElection (LeaderElection.java:askForVotes(178)) - 25d6372c-77fd-4a39-ac2a-e48debad48df@group-B2671EB745D2-LeaderElection200: begin an election at term 212 for -1: [50423279-f647-4a18-8e85-347d68eaf856:192.168.69.88:39583, 2ec85f63-33fb-4317-9145-71357d145af9:192.168.69.88:42357, 25d6372c-77fd-4a39-ac2a-e48debad48df:192.168.69.88:39591], old=null
2019-10-15 16:11:58,887 [grpc-default-executor-1] INFO  impl.RaftServerImpl (RaftServerImpl.java:setRole(184)) - 2ec85f63-33fb-4317-9145-71357d145af9@group-B2671EB745D2: changes role from  FOLLOWER to FOLLOWER at term 212 for recognizeCandidate:25d6372c-77fd-4a39-ac2a-e48debad48df
2019-10-15 16:11:58,887 [grpc-default-executor-0] INFO  impl.RaftServerImpl (RaftServerImpl.java:setRole(184)) - 50423279-f647-4a18-8e85-347d68eaf856@group-B2671EB745D2: changes role from  FOLLOWER to FOLLOWER at term 212 for recognizeCandidate:25d6372c-77fd-4a39-ac2a-e48debad48df
2019-10-15 16:11:58,887 [grpc-default-executor-1] INFO  impl.RoleInfo (RoleInfo.java:shutdownFollowerState(121)) - 2ec85f63-33fb-4317-9145-71357d145af9: shutdown FollowerState
2019-10-15 16:11:58,887 [grpc-default-executor-0] INFO  impl.RoleInfo (RoleInfo.java:shutdownFollowerState(121)) - 50423279-f647-4a18-8e85-347d68eaf856: shutdown FollowerState
2019-10-15 16:11:58,888 [Thread-1527] INFO  impl.FollowerState (FollowerState.java:run(117)) - 2ec85f63-33fb-4317-9145-71357d145af9@group-B2671EB745D2-FollowerState was interrupted: java.lang.InterruptedException: sleep interrupted
2019-10-15 16:11:58,888 [grpc-default-executor-1] INFO  impl.RoleInfo (RoleInfo.java:updateAndGet(143)) - 2ec85f63-33fb-4317-9145-71357d145af9: start FollowerState
2019-10-15 16:11:58,888 [Thread-1526] INFO  impl.FollowerState (FollowerState.java:run(117)) - 50423279-f647-4a18-8e85-347d68eaf856@group-B2671EB745D2-FollowerState was interrupted: java.lang.InterruptedException: sleep interrupted
2019-10-15 16:11:58,888 [grpc-default-executor-0] INFO  impl.RoleInfo (RoleInfo.java:updateAndGet(143)) - 50423279-f647-4a18-8e85-347d68eaf856: start FollowerState
2019-10-15 16:11:58,892 [25d6372c-77fd-4a39-ac2a-e48debad48df@group-B2671EB745D2-LeaderElection200] INFO  impl.LeaderElection (LeaderElection.java:logAndReturn(56)) - 25d6372c-77fd-4a39-ac2a-e48debad48df@group-B2671EB745D2-LeaderElection200: Election TIMEOUT; received 0 response(s) [] and 0 exception(s); 25d6372c-77fd-4a39-ac2a-e48debad48df@group-B2671EB745D2:t212, leader=null, voted=25d6372c-77fd-4a39-ac2a-e48debad48df, raftlog=25d6372c-77fd-4a39-ac2a-e48debad48df@group-B2671EB745D2-SegmentedRaftLog:OPENED:c-1,f-1,i0, conf=-1: [50423279-f647-4a18-8e85-347d68eaf856:192.168.69.88:39583, 2ec85f63-33fb-4317-9145-71357d145af9:192.168.69.88:42357, 25d6372c-77fd-4a39-ac2a-e48debad48df:192.168.69.88:39591], old=null
2019-10-15 16:11:58,901 [25d6372c-77fd-4a39-ac2a-e48debad48df@group-B2671EB745D2-LeaderElection200] INFO  impl.LeaderElection (LeaderElection.java:askForVotes(178)) - 25d6372c-77fd-4a39-ac2a-e48debad48df@group-B2671EB745D2-LeaderElection200: begin an election at term 213 for -1: [50423279-f647-4a18-8e85-347d68eaf856:192.168.69.88:39583, 2ec85f63-33fb-4317-9145-71357d145af9:192.168.69.88:42357, 25d6372c-77fd-4a39-ac2a-e48debad48df:192.168.69.88:39591], old=null
2019-10-15 16:11:58,902 [grpc-default-executor-1] INFO  impl.RaftServerImpl (RaftServerImpl.java:setRole(184)) - 50423279-f647-4a18-8e85-347d68eaf856@group-B2671EB745D2: changes role from  FOLLOWER to FOLLOWER at term 213 for recognizeCandidate:25d6372c-77fd-4a39-ac2a-e48debad48df
2019-10-15 16:11:58,902 [grpc-default-executor-1] INFO  impl.RoleInfo (RoleInfo.java:shutdownFollowerState(121)) - 50423279-f647-4a18-8e85-347d68eaf856: shutdown FollowerState
2019-10-15 16:11:58,902 [grpc-default-executor-1] INFO  impl.RoleInfo (RoleInfo.java:updateAndGet(143)) - 50423279-f647-4a18-8e85-347d68eaf856: start FollowerState
2019-10-15 16:11:58,903 [grpc-default-executor-0] INFO  impl.RaftServerImpl (RaftServerImpl.java:setRole(184)) - 2ec85f63-33fb-4317-9145-71357d145af9@group-B2671EB745D2: changes role from  FOLLOWER to FOLLOWER at term 213 for recognizeCandidate:25d6372c-77fd-4a39-ac2a-e48debad48df
2019-10-15 16:11:58,902 [Thread-1533] INFO  impl.FollowerState (FollowerState.java:run(117)) - 50423279-f647-4a18-8e85-347d68eaf856@group-B2671EB745D2-FollowerState was interrupted: java.lang.InterruptedException: sleep interrupted
2019-10-15 16:11:58,903 [grpc-default-executor-0] INFO  impl.RoleInfo (RoleInfo.java:shutdownFollowerState(121)) - 2ec85f63-33fb-4317-9145-71357d145af9: shutdown FollowerState
2019-10-15 16:11:58,903 [grpc-default-executor-0] INFO  impl.RoleInfo (RoleInfo.java:updateAndGet(143)) - 2ec85f63-33fb-4317-9145-71357d145af9: start FollowerState
2019-10-15 16:11:58,903 [Thread-1532] INFO  impl.FollowerState (FollowerState.java:run(117)) - 2ec85f63-33fb-4317-9145-71357d145af9@group-B2671EB745D2-FollowerState was interrupted: java.lang.InterruptedException: sleep interrupted
2019-10-15 16:11:58,916 [25d6372c-77fd-4a39-ac2a-e48debad48df@group-B2671EB745D2-LeaderElection200] INFO  impl.LeaderElection (LeaderElection.java:logAndReturn(56)) - 25d6372c-77fd-4a39-ac2a-e48debad48df@group-B2671EB745D2-LeaderElection200: Election REJECTED; received 2 response(s) [25d6372c-77fd-4a39-ac2a-e48debad48df<-50423279-f647-4a18-8e85-347d68eaf856#0:FAIL-t213, 25d6372c-77fd-4a39-ac2a-e48debad48df<-2ec85f63-33fb-4317-9145-71357d145af9#0:FAIL-t213] and 0 exception(s); 25d6372c-77fd-4a39-ac2a-e48debad48df@group-B2671EB745D2:t213, leader=null, voted=25d6372c-77fd-4a39-ac2a-e48debad48df, raftlog=25d6372c-77fd-4a39-ac2a-e48debad48df@group-B2671EB745D2-SegmentedRaftLog:OPENED:c-1,f-1,i0, conf=-1: [50423279-f647-4a18-8e85-347d68eaf856:192.168.69.88:39583, 2ec85f63-33fb-4317-9145-71357d145af9:192.168.69.88:42357, 25d6372c-77fd-4a39-ac2a-e48debad48df:192.168.69.88:39591], old=null
2019-10-15 16:11:58,917 [25d6372c-77fd-4a39-ac2a-e48debad48df@group-B2671EB745D2-LeaderElection200] INFO  impl.RaftServerImpl (RaftServerImpl.java:setRole(184)) - 25d6372c-77fd-4a39-ac2a-e48debad48df@group-B2671EB745D2: changes role from CANDIDATE to FOLLOWER at term 213 for DISCOVERED_A_NEW_TERM
2019-10-15 16:11:58,917 [25d6372c-77fd-4a39-ac2a-e48debad48df@group-B2671EB745D2-LeaderElection200] INFO  impl.RoleInfo (RoleInfo.java:shutdownLeaderElection(134)) - 25d6372c-77fd-4a39-ac2a-e48debad48df: shutdown LeaderElection
2019-10-15 16:11:58,917 [25d6372c-77fd-4a39-ac2a-e48debad48df@group-B2671EB745D2-LeaderElection200] INFO  impl.RoleInfo (RoleInfo.java:updateAndGet(143)) - 25d6372c-77fd-4a39-ac2a-e48debad48df: start FollowerState
2019-10-15 16:11:59,030 [Thread-1538] INFO  impl.FollowerState (FollowerState.java:run(108)) - 25d6372c-77fd-4a39-ac2a-e48debad48df@group-B2671EB745D2-FollowerState: change to CANDIDATE, lastRpcTime:113ms, electionTimeout:113ms
2019-10-15 16:11:59,030 [Thread-1538] INFO  impl.RoleInfo (RoleInfo.java:shutdownFollowerState(121)) - 25d6372c-77fd-4a39-ac2a-e48debad48df: shutdown FollowerState
2019-10-15 16:11:59,030 [Thread-1538] INFO  impl.RaftServerImpl (RaftServerImpl.java:setRole(184)) - 25d6372c-77fd-4a39-ac2a-e48debad48df@group-B2671EB745D2: changes role from  FOLLOWER to CANDIDATE at term 213 for changeToCandidate
2019-10-15 16:11:59,030 [Thread-1538] INFO  impl.RoleInfo (RoleInfo.java:updateAndGet(143)) - 25d6372c-77fd-4a39-ac2a-e48debad48df: start LeaderElection
2019-10-15 16:11:59,044 [25d6372c-77fd-4a39-ac2a-e48debad48df@group-B2671EB745D2-LeaderElection201] INFO  impl.LeaderElection (LeaderElection.java:askForVotes(178)) - 25d6372c-77fd-4a39-ac2a-e48debad48df@group-B2671EB745D2-LeaderElection201: begin an election at term 214 for -1: [50423279-f647-4a18-8e85-347d68eaf856:192.168.69.88:39583, 2ec85f63-33fb-4317-9145-71357d145af9:192.168.69.88:42357, 25d6372c-77fd-4a39-ac2a-e48debad48df:192.168.69.88:39591], old=null
2019-10-15 16:11:59,047 [grpc-default-executor-1] INFO  impl.RaftServerImpl (RaftServerImpl.java:setRole(184)) - 2ec85f63-33fb-4317-9145-71357d145af9@group-B2671EB745D2: changes role from  FOLLOWER to FOLLOWER at term 214 for recognizeCandidate:25d6372c-77fd-4a39-ac2a-e48debad48df
2019-10-15 16:11:59,047 [grpc-default-executor-0] INFO  impl.RaftServerImpl (RaftServerImpl.java:setRole(184)) - 50423279-f647-4a18-8e85-347d68eaf856@group-B2671EB745D2: changes role from  FOLLOWER to FOLLOWER at term 214 for recognizeCandidate:25d6372c-77fd-4a39-ac2a-e48debad48df
2019-10-15 16:11:59,048 [grpc-default-executor-0] INFO  impl.RoleInfo (RoleInfo.java:shutdownFollowerState(121)) - 50423279-f647-4a18-8e85-347d68eaf856: shutdown FollowerState
2019-10-15 16:11:59,048 [grpc-default-executor-1] INFO  impl.RoleInfo (RoleInfo.java:shutdownFollowerState(121)) - 2ec85f63-33fb-4317-9145-71357d145af9: shutdown FollowerState
2019-10-15 16:11:59,048 [Thread-1536] INFO  impl.FollowerState (FollowerState.java:run(117)) - 50423279-f647-4a18-8e85-347d68eaf856@group-B2671EB745D2-FollowerState was interrupted: java.lang.InterruptedException: sleep interrupted
2019-10-15 16:11:59,048 [grpc-default-executor-0] INFO  impl.RoleInfo (RoleInfo.java:updateAndGet(143)) - 50423279-f647-4a18-8e85-347d68eaf856: start FollowerState
2019-10-15 16:11:59,048 [grpc-default-executor-1] INFO  impl.RoleInfo (RoleInfo.java:updateAndGet(143)) - 2ec85f63-33fb-4317-9145-71357d145af9: start FollowerState
2019-10-15 16:11:59,048 [Thread-1537] INFO  impl.FollowerState (FollowerState.java:run(117)) - 2ec85f63-33fb-4317-9145-71357d145af9@group-B2671EB745D2-FollowerState was interrupted: java.lang.InterruptedException: sleep interrupted
2019-10-15 16:11:59,066 [25d6372c-77fd-4a39-ac2a-e48debad48df@group-B2671EB745D2-LeaderElection201] INFO  impl.LeaderElection (LeaderElection.java:logAndReturn(56)) - 25d6372c-77fd-4a39-ac2a-e48debad48df@group-B2671EB745D2-LeaderElection201: Election REJECTED; received 2 response(s) [25d6372c-77fd-4a39-ac2a-e48debad48df<-2ec85f63-33fb-4317-9145-71357d145af9#0:FAIL-t214, 25d6372c-77fd-4a39-ac2a-e48debad48df<-50423279-f647-4a18-8e85-347d68eaf856#0:FAIL-t214] and 0 exception(s); 25d6372c-77fd-4a39-ac2a-e48debad48df@group-B2671EB745D2:t214, leader=null, voted=25d6372c-77fd-4a39-ac2a-e48debad48df, raftlog=25d6372c-77fd-4a39-ac2a-e48debad48df@group-B2671EB745D2-SegmentedRaftLog:OPENED:c-1,f-1,i0, conf=-1: [50423279-f647-4a18-8e85-347d68eaf856:192.168.69.88:39583, 2ec85f63-33fb-4317-9145-71357d145af9:192.168.69.88:42357, 25d6372c-77fd-4a39-ac2a-e48debad48df:192.168.69.88:39591], old=null
2019-10-15 16:11:59,066 [25d6372c-77fd-4a39-ac2a-e48debad48df@group-B2671EB745D2-LeaderElection201] INFO  impl.RaftServerImpl (RaftServerImpl.java:setRole(184)) - 25d6372c-77fd-4a39-ac2a-e48debad48df@group-B2671EB745D2: changes role from CANDIDATE to FOLLOWER at term 214 for DISCOVERED_A_NEW_TERM
2019-10-15 16:11:59,066 [25d6372c-77fd-4a39-ac2a-e48debad48df@group-B2671EB745D2-LeaderElection201] INFO  impl.RoleInfo (RoleInfo.java:shutdownLeaderElection(134)) - 25d6372c-77fd-4a39-ac2a-e48debad48df: shutdown LeaderElection
2019-10-15 16:11:59,066 [25d6372c-77fd-4a39-ac2a-e48debad48df@group-B2671EB745D2-LeaderElection201] INFO  impl.RoleInfo (RoleInfo.java:updateAndGet(143)) - 25d6372c-77fd-4a39-ac2a-e48debad48df: start FollowerState
2019-10-15 16:11:59,165 [Thread-1544] INFO  impl.FollowerState (FollowerState.java:run(108)) - 25d6372c-77fd-4a39-ac2a-e48debad48df@group-B2671EB745D2-FollowerState: change to CANDIDATE, lastRpcTime:98ms, electionTimeout:98ms
2019-10-15 16:11:59,165 [Thread-1544] INFO  impl.RoleInfo (RoleInfo.java:shutdownFollowerState(121)) - 25d6372c-77fd-4a39-ac2a-e48debad48df: shutdown FollowerState
2019-10-15 16:11:59,165 [Thread-1544] INFO  impl.RaftServerImpl (RaftServerImpl.java:setRole(184)) - 25d6372c-77fd-4a39-ac2a-e48debad48df@group-B2671EB745D2: changes role from  FOLLOWER to CANDIDATE at term 214 for changeToCandidate
2019-10-15 16:11:59,165 [Thread-1544] INFO  impl.RoleInfo (RoleInfo.java:updateAndGet(143)) - 25d6372c-77fd-4a39-ac2a-e48debad48df: start LeaderElection
2019-10-15 16:11:59,194 [25d6372c-77fd-4a39-ac2a-e48debad48df@group-B2671EB745D2-LeaderElection202] INFO  impl.LeaderElection (LeaderElection.java:askForVotes(178)) - 25d6372c-77fd-4a39-ac2a-e48debad48df@group-B2671EB745D2-LeaderElection202: begin an election at term 215 for -1: [50423279-f647-4a18-8e85-347d68eaf856:192.168.69.88:39583, 2ec85f63-33fb-4317-9145-71357d145af9:192.168.69.88:42357, 25d6372c-77fd-4a39-ac2a-e48debad48df:192.168.69.88:39591], old=null
2019-10-15 16:11:59,197 [grpc-default-executor-1] INFO  impl.RaftServerImpl (RaftServerImpl.java:setRole(184)) - 2ec85f63-33fb-4317-9145-71357d145af9@group-B2671EB745D2: changes role from  FOLLOWER to FOLLOWER at term 215 for recognizeCandidate:25d6372c-77fd-4a39-ac2a-e48debad48df
2019-10-15 16:11:59,197 [grpc-default-executor-1] INFO  impl.RoleInfo (RoleInfo.java:shutdownFollowerState(121)) - 2ec85f63-33fb-4317-9145-71357d145af9: shutdown FollowerState
2019-10-15 16:11:59,197 [grpc-default-executor-0] INFO  impl.RaftServerImpl (RaftServerImpl.java:setRole(184)) - 50423279-f647-4a18-8e85-347d68eaf856@group-B2671EB745D2: changes role from  FOLLOWER to FOLLOWER at term 215 for recognizeCandidate:25d6372c-77fd-4a39-ac2a-e48debad48df
2019-10-15 16:11:59,197 [Thread-1543] INFO  impl.FollowerState (FollowerState.java:run(117)) - 2ec85f63-33fb-4317-9145-71357d145af9@group-B2671EB745D2-FollowerState was interrupted: java.lang.InterruptedException: sleep interrupted
2019-10-15 16:11:59,197 [grpc-default-executor-1] INFO  impl.RoleInfo (RoleInfo.java:updateAndGet(143)) - 2ec85f63-33fb-4317-9145-71357d145af9: start FollowerState
2019-10-15 16:11:59,197 [grpc-default-executor-0] INFO  impl.RoleInfo (RoleInfo.java:shutdownFollowerState(121)) - 50423279-f647-4a18-8e85-347d68eaf856: shutdown FollowerState
2019-10-15 16:11:59,198 [grpc-default-executor-0] INFO  impl.RoleInfo (RoleInfo.java:updateAndGet(143)) - 50423279-f647-4a18-8e85-347d68eaf856: start FollowerState
2019-10-15 16:11:59,198 [Thread-1542] INFO  impl.FollowerState (FollowerState.java:run(117)) - 50423279-f647-4a18-8e85-347d68eaf856@group-B2671EB745D2-FollowerState was interrupted: java.lang.InterruptedException: sleep interrupted
2019-10-15 16:11:59,209 [25d6372c-77fd-4a39-ac2a-e48debad48df@group-B2671EB745D2-LeaderElection202] INFO  impl.LeaderElection (LeaderElection.java:logAndReturn(56)) - 25d6372c-77fd-4a39-ac2a-e48debad48df@group-B2671EB745D2-LeaderElection202: Election REJECTED; received 2 response(s) [25d6372c-77fd-4a39-ac2a-e48debad48df<-50423279-f647-4a18-8e85-347d68eaf856#0:FAIL-t215, 25d6372c-77fd-4a39-ac2a-e48debad48df<-2ec85f63-33fb-4317-9145-71357d145af9#0:FAIL-t215] and 0 exception(s); 25d6372c-77fd-4a39-ac2a-e48debad48df@group-B2671EB745D2:t215, leader=null, voted=25d6372c-77fd-4a39-ac2a-e48debad48df, raftlog=25d6372c-77fd-4a39-ac2a-e48debad48df@group-B2671EB745D2-SegmentedRaftLog:OPENED:c-1,f-1,i0, conf=-1: [50423279-f647-4a18-8e85-347d68eaf856:192.168.69.88:39583, 2ec85f63-33fb-4317-9145-71357d145af9:192.168.69.88:42357, 25d6372c-77fd-4a39-ac2a-e48debad48df:192.168.69.88:39591], old=null
2019-10-15 16:11:59,209 [25d6372c-77fd-4a39-ac2a-e48debad48df@group-B2671EB745D2-LeaderElection202] INFO  impl.RaftServerImpl (RaftServerImpl.java:setRole(184)) - 25d6372c-77fd-4a39-ac2a-e48debad48df@group-B2671EB745D2: changes role from CANDIDATE to FOLLOWER at term 215 for DISCOVERED_A_NEW_TERM
2019-10-15 16:11:59,209 [25d6372c-77fd-4a39-ac2a-e48debad48df@group-B2671EB745D2-LeaderElection202] INFO  impl.RoleInfo (RoleInfo.java:shutdownLeaderElection(134)) - 25d6372c-77fd-4a39-ac2a-e48debad48df: shutdown LeaderElection
2019-10-15 16:11:59,209 [25d6372c-77fd-4a39-ac2a-e48debad48df@group-B2671EB745D2-LeaderElection202] INFO  impl.RoleInfo (RoleInfo.java:updateAndGet(143)) - 25d6372c-77fd-4a39-ac2a-e48debad48df: start FollowerState
2019-10-15 16:11:59,297 [Thread-1550] INFO  impl.FollowerState (FollowerState.java:run(108)) - 25d6372c-77fd-4a39-ac2a-e48debad48df@group-B2671EB745D2-FollowerState: change to CANDIDATE, lastRpcTime:87ms, electionTimeout:87ms
2019-10-15 16:11:59,297 [Thread-1550] INFO  impl.RoleInfo (RoleInfo.java:shutdownFollowerState(121)) - 25d6372c-77fd-4a39-ac2a-e48debad48df: shutdown FollowerState
2019-10-15 16:11:59,297 [Thread-1550] INFO  impl.RaftServerImpl (RaftServerImpl.java:setRole(184)) - 25d6372c-77fd-4a39-ac2a-e48debad48df@group-B2671EB745D2: changes role from  FOLLOWER to CANDIDATE at term 215 for changeToCandidate
2019-10-15 16:11:59,297 [Thread-1550] INFO  impl.RoleInfo (RoleInfo.java:updateAndGet(143)) - 25d6372c-77fd-4a39-ac2a-e48debad48df: start LeaderElection
2019-10-15 16:11:59,311 [25d6372c-77fd-4a39-ac2a-e48debad48df@group-B2671EB745D2-LeaderElection203] INFO  impl.LeaderElection (LeaderElection.java:askForVotes(178)) - 25d6372c-77fd-4a39-ac2a-e48debad48df@group-B2671EB745D2-LeaderElection203: begin an election at term 216 for -1: [50423279-f647-4a18-8e85-347d68eaf856:192.168.69.88:39583, 2ec85f63-33fb-4317-9145-71357d145af9:192.168.69.88:42357, 25d6372c-77fd-4a39-ac2a-e48debad48df:192.168.69.88:39591], old=null
2019-10-15 16:11:59,313 [grpc-default-executor-1] INFO  impl.RaftServerImpl (RaftServerImpl.java:setRole(184)) - 50423279-f647-4a18-8e85-347d68eaf856@group-B2671EB745D2: changes role from  FOLLOWER to FOLLOWER at term 216 for recognizeCandidate:25d6372c-77fd-4a39-ac2a-e48debad48df
2019-10-15 16:11:59,313 [grpc-default-executor-0] INFO  impl.RaftServerImpl (RaftServerImpl.java:setRole(184)) - 2ec85f63-33fb-4317-9145-71357d145af9@group-B2671EB745D2: changes role from  FOLLOWER to FOLLOWER at term 216 for recognizeCandidate:25d6372c-77fd-4a39-ac2a-e48debad48df
2019-10-15 16:11:59,313 [grpc-default-executor-1] INFO  impl.RoleInfo (RoleInfo.java:shutdownFollowerState(121)) - 50423279-f647-4a18-8e85-347d68eaf856: shutdown FollowerState
2019-10-15 16:11:59,313 [grpc-default-executor-0] INFO  impl.RoleInfo (RoleInfo.java:shutdownFollowerState(121)) - 2ec85f63-33fb-4317-9145-71357d145af9: shutdown FollowerState
2019-10-15 16:11:59,313 [grpc-default-executor-1] INFO  impl.RoleInfo (RoleInfo.java:updateAndGet(143)) - 50423279-f647-4a18-8e85-347d68eaf856: start FollowerState
2019-10-15 16:11:59,313 [Thread-1548] INFO  impl.FollowerState (FollowerState.java:run(117)) - 2ec85f63-33fb-4317-9145-71357d145af9@group-B2671EB745D2-FollowerState was interrupted: java.lang.InterruptedException: sleep interrupted
2019-10-15 16:11:59,313 [grpc-default-executor-0] INFO  impl.RoleInfo (RoleInfo.java:updateAndGet(143)) - 2ec85f63-33fb-4317-9145-71357d145af9: start FollowerState
2019-10-15 16:11:59,313 [Thread-1549] INFO  impl.FollowerState (FollowerState.java:run(117)) - 50423279-f647-4a18-8e85-347d68eaf856@group-B2671EB745D2-FollowerState was interrupted: java.lang.InterruptedException: sleep interrupted
2019-10-15 16:11:59,327 [25d6372c-77fd-4a39-ac2a-e48debad48df@group-B2671EB745D2-LeaderElection203] INFO  impl.LeaderElection (LeaderElection.java:logAndReturn(56)) - 25d6372c-77fd-4a39-ac2a-e48debad48df@group-B2671EB745D2-LeaderElection203: Election REJECTED; received 2 response(s) [25d6372c-77fd-4a39-ac2a-e48debad48df<-2ec85f63-33fb-4317-9145-71357d145af9#0:FAIL-t216, 25d6372c-77fd-4a39-ac2a-e48debad48df<-50423279-f647-4a18-8e85-347d68eaf856#0:FAIL-t216] and 0 exception(s); 25d6372c-77fd-4a39-ac2a-e48debad48df@group-B2671EB745D2:t216, leader=null, voted=25d6372c-77fd-4a39-ac2a-e48debad48df, raftlog=25d6372c-77fd-4a39-ac2a-e48debad48df@group-B2671EB745D2-SegmentedRaftLog:OPENED:c-1,f-1,i0, conf=-1: [50423279-f647-4a18-8e85-347d68eaf856:192.168.69.88:39583, 2ec85f63-33fb-4317-9145-71357d145af9:192.168.69.88:42357, 25d6372c-77fd-4a39-ac2a-e48debad48df:192.168.69.88:39591], old=null
2019-10-15 16:11:59,328 [25d6372c-77fd-4a39-ac2a-e48debad48df@group-B2671EB745D2-LeaderElection203] INFO  impl.RaftServerImpl (RaftServerImpl.java:setRole(184)) - 25d6372c-77fd-4a39-ac2a-e48debad48df@group-B2671EB745D2: changes role from CANDIDATE to FOLLOWER at term 216 for DISCOVERED_A_NEW_TERM
2019-10-15 16:11:59,328 [25d6372c-77fd-4a39-ac2a-e48debad48df@group-B2671EB745D2-LeaderElection203] INFO  impl.RoleInfo (RoleInfo.java:shutdownLeaderElection(134)) - 25d6372c-77fd-4a39-ac2a-e48debad48df: shutdown LeaderElection
2019-10-15 16:11:59,328 [25d6372c-77fd-4a39-ac2a-e48debad48df@group-B2671EB745D2-LeaderElection203] INFO  impl.RoleInfo (RoleInfo.java:updateAndGet(143)) - 25d6372c-77fd-4a39-ac2a-e48debad48df: start FollowerState
2019-10-15 16:11:59,362 [Thread-1556] INFO  impl.FollowerState (FollowerState.java:run(108)) - 25d6372c-77fd-4a39-ac2a-e48debad48df@group-B2671EB745D2-FollowerState: change to CANDIDATE, lastRpcTime:34ms, electionTimeout:34ms
2019-10-15 16:11:59,362 [Thread-1556] INFO  impl.RoleInfo (RoleInfo.java:shutdownFollowerState(121)) - 25d6372c-77fd-4a39-ac2a-e48debad48df: shutdown FollowerState
2019-10-15 16:11:59,362 [Thread-1556] INFO  impl.RaftServerImpl (RaftServerImpl.java:setRole(184)) - 25d6372c-77fd-4a39-ac2a-e48debad48df@group-B2671EB745D2: changes role from  FOLLOWER to CANDIDATE at term 216 for changeToCandidate
2019-10-15 16:11:59,363 [Thread-1556] INFO  impl.RoleInfo (RoleInfo.java:updateAndGet(143)) - 25d6372c-77fd-4a39-ac2a-e48debad48df: start LeaderElection
2019-10-15 16:11:59,376 [25d6372c-77fd-4a39-ac2a-e48debad48df@group-B2671EB745D2-LeaderElection204] INFO  impl.LeaderElection (LeaderElection.java:askForVotes(178)) - 25d6372c-77fd-4a39-ac2a-e48debad48df@group-B2671EB745D2-LeaderElection204: begin an election at term 217 for -1: [50423279-f647-4a18-8e85-347d68eaf856:192.168.69.88:39583, 2ec85f63-33fb-4317-9145-71357d145af9:192.168.69.88:42357, 25d6372c-77fd-4a39-ac2a-e48debad48df:192.168.69.88:39591], old=null
2019-10-15 16:11:59,378 [grpc-default-executor-0] INFO  impl.RaftServerImpl (RaftServerImpl.java:setRole(184)) - 50423279-f647-4a18-8e85-347d68eaf856@group-B2671EB745D2: changes role from  FOLLOWER to FOLLOWER at term 217 for recognizeCandidate:25d6372c-77fd-4a39-ac2a-e48debad48df
2019-10-15 16:11:59,378 [grpc-default-executor-1] INFO  impl.RaftServerImpl (RaftServerImpl.java:setRole(184)) - 2ec85f63-33fb-4317-9145-71357d145af9@group-B2671EB745D2: changes role from  FOLLOWER to FOLLOWER at term 217 for recognizeCandidate:25d6372c-77fd-4a39-ac2a-e48debad48df
2019-10-15 16:11:59,378 [grpc-default-executor-0] INFO  impl.RoleInfo (RoleInfo.java:shutdownFollowerState(121)) - 50423279-f647-4a18-8e85-347d68eaf856: shutdown FollowerState
2019-10-15 16:11:59,378 [grpc-default-executor-1] INFO  impl.RoleInfo (RoleInfo.java:shutdownFollowerState(121)) - 2ec85f63-33fb-4317-9145-71357d145af9: shutdown FollowerState
2019-10-15 16:11:59,379 [grpc-default-executor-0] INFO  impl.RoleInfo (RoleInfo.java:updateAndGet(143)) - 50423279-f647-4a18-8e85-347d68eaf856: start FollowerState
2019-10-15 16:11:59,379 [Thread-1555] INFO  impl.FollowerState (FollowerState.java:run(117)) - 2ec85f63-33fb-4317-9145-71357d145af9@group-B2671EB745D2-FollowerState was interrupted: java.lang.InterruptedException: sleep interrupted
2019-10-15 16:11:59,379 [grpc-default-executor-1] INFO  impl.RoleInfo (RoleInfo.java:updateAndGet(143)) - 2ec85f63-33fb-4317-9145-71357d145af9: start FollowerState
2019-10-15 16:11:59,379 [Thread-1554] INFO  impl.FollowerState (FollowerState.java:run(117)) - 50423279-f647-4a18-8e85-347d68eaf856@group-B2671EB745D2-FollowerState was interrupted: java.lang.InterruptedException: sleep interrupted
2019-10-15 16:11:59,393 [25d6372c-77fd-4a39-ac2a-e48debad48df@group-B2671EB745D2-LeaderElection204] INFO  impl.LeaderElection (LeaderElection.java:logAndReturn(56)) - 25d6372c-77fd-4a39-ac2a-e48debad48df@group-B2671EB745D2-LeaderElection204: Election REJECTED; received 2 response(s) [25d6372c-77fd-4a39-ac2a-e48debad48df<-2ec85f63-33fb-4317-9145-71357d145af9#0:FAIL-t217, 25d6372c-77fd-4a39-ac2a-e48debad48df<-50423279-f647-4a18-8e85-347d68eaf856#0:FAIL-t217] and 0 exception(s); 25d6372c-77fd-4a39-ac2a-e48debad48df@group-B2671EB745D2:t217, leader=null, voted=25d6372c-77fd-4a39-ac2a-e48debad48df, raftlog=25d6372c-77fd-4a39-ac2a-e48debad48df@group-B2671EB745D2-SegmentedRaftLog:OPENED:c-1,f-1,i0, conf=-1: [50423279-f647-4a18-8e85-347d68eaf856:192.168.69.88:39583, 2ec85f63-33fb-4317-9145-71357d145af9:192.168.69.88:42357, 25d6372c-77fd-4a39-ac2a-e48debad48df:192.168.69.88:39591], old=null
2019-10-15 16:11:59,393 [25d6372c-77fd-4a39-ac2a-e48debad48df@group-B2671EB745D2-LeaderElection204] INFO  impl.RaftServerImpl (RaftServerImpl.java:setRole(184)) - 25d6372c-77fd-4a39-ac2a-e48debad48df@group-B2671EB745D2: changes role from CANDIDATE to FOLLOWER at term 217 for DISCOVERED_A_NEW_TERM
2019-10-15 16:11:59,393 [25d6372c-77fd-4a39-ac2a-e48debad48df@group-B2671EB745D2-LeaderElection204] INFO  impl.RoleInfo (RoleInfo.java:shutdownLeaderElection(134)) - 25d6372c-77fd-4a39-ac2a-e48debad48df: shutdown LeaderElection
2019-10-15 16:11:59,393 [25d6372c-77fd-4a39-ac2a-e48debad48df@group-B2671EB745D2-LeaderElection204] INFO  impl.RoleInfo (RoleInfo.java:updateAndGet(143)) - 25d6372c-77fd-4a39-ac2a-e48debad48df: start FollowerState
2019-10-15 16:11:59,444 [Thread-1562] INFO  impl.FollowerState (FollowerState.java:run(108)) - 25d6372c-77fd-4a39-ac2a-e48debad48df@group-B2671EB745D2-FollowerState: change to CANDIDATE, lastRpcTime:50ms, electionTimeout:50ms
2019-10-15 16:11:59,444 [Thread-1562] INFO  impl.RoleInfo (RoleInfo.java:shutdownFollowerState(121)) - 25d6372c-77fd-4a39-ac2a-e48debad48df: shutdown FollowerState
2019-10-15 16:11:59,444 [Thread-1562] INFO  impl.RaftServerImpl (RaftServerImpl.java:setRole(184)) - 25d6372c-77fd-4a39-ac2a-e48debad48df@group-B2671EB745D2: changes role from  FOLLOWER to CANDIDATE at term 217 for changeToCandidate
2019-10-15 16:11:59,444 [Thread-1562] INFO  impl.RoleInfo (RoleInfo.java:updateAndGet(143)) - 25d6372c-77fd-4a39-ac2a-e48debad48df: start LeaderElection
2019-10-15 16:11:59,459 [25d6372c-77fd-4a39-ac2a-e48debad48df@group-B2671EB745D2-LeaderElection205] INFO  impl.LeaderElection (LeaderElection.java:askForVotes(178)) - 25d6372c-77fd-4a39-ac2a-e48debad48df@group-B2671EB745D2-LeaderElection205: begin an election at term 218 for -1: [50423279-f647-4a18-8e85-347d68eaf856:192.168.69.88:39583, 2ec85f63-33fb-4317-9145-71357d145af9:192.168.69.88:42357, 25d6372c-77fd-4a39-ac2a-e48debad48df:192.168.69.88:39591], old=null
2019-10-15 16:11:59,463 [grpc-default-executor-1] INFO  impl.RaftServerImpl (RaftServerImpl.java:setRole(184)) - 2ec85f63-33fb-4317-9145-71357d145af9@group-B2671EB745D2: changes role from  FOLLOWER to FOLLOWER at term 218 for recognizeCandidate:25d6372c-77fd-4a39-ac2a-e48debad48df
2019-10-15 16:11:59,463 [grpc-default-executor-0] INFO  impl.RaftServerImpl (RaftServerImpl.java:setRole(184)) - 50423279-f647-4a18-8e85-347d68eaf856@group-B2671EB745D2: changes role from  FOLLOWER to FOLLOWER at term 218 for recognizeCandidate:25d6372c-77fd-4a39-ac2a-e48debad48df
2019-10-15 16:11:59,463 [grpc-default-executor-1] INFO  impl.RoleInfo (RoleInfo.java:shutdownFollowerState(121)) - 2ec85f63-33fb-4317-9145-71357d145af9: shutdown FollowerState
2019-10-15 16:11:59,463 [grpc-default-executor-0] INFO  impl.RoleInfo (RoleInfo.java:shutdownFollowerState(121)) - 50423279-f647-4a18-8e85-347d68eaf856: shutdown FollowerState
2019-10-15 16:11:59,463 [Thread-1561] INFO  impl.FollowerState (FollowerState.java:run(117)) - 2ec85f63-33fb-4317-9145-71357d145af9@group-B2671EB745D2-FollowerState was interrupted: java.lang.InterruptedException: sleep interrupted
2019-10-15 16:11:59,463 [Thread-1560] INFO  impl.FollowerState (FollowerState.java:run(117)) - 50423279-f647-4a18-8e85-347d68eaf856@group-B2671EB745D2-FollowerState was interrupted: java.lang.InterruptedException: sleep interrupted
2019-10-15 16:11:59,463 [grpc-default-executor-1] INFO  impl.RoleInfo (RoleInfo.java:updateAndGet(143)) - 2ec85f63-33fb-4317-9145-71357d145af9: start FollowerState
2019-10-15 16:11:59,463 [grpc-default-executor-0] INFO  impl.RoleInfo (RoleInfo.java:updateAndGet(143)) - 50423279-f647-4a18-8e85-347d68eaf856: start FollowerState
2019-10-15 16:11:59,479 [25d6372c-77fd-4a39-ac2a-e48debad48df@group-B2671EB745D2-LeaderElection205] INFO  impl.LeaderElection (LeaderElection.java:logAndReturn(56)) - 25d6372c-77fd-4a39-ac2a-e48debad48df@group-B2671EB745D2-LeaderElection205: Election REJECTED; received 2 response(s) [25d6372c-77fd-4a39-ac2a-e48debad48df<-50423279-f647-4a18-8e85-347d68eaf856#0:FAIL-t218, 25d6372c-77fd-4a39-ac2a-e48debad48df<-2ec85f63-33fb-4317-9145-71357d145af9#0:FAIL-t218] and 0 exception(s); 25d6372c-77fd-4a39-ac2a-e48debad48df@group-B2671EB745D2:t218, leader=null, voted=25d6372c-77fd-4a39-ac2a-e48debad48df, raftlog=25d6372c-77fd-4a39-ac2a-e48debad48df@group-B2671EB745D2-SegmentedRaftLog:OPENED:c-1,f-1,i0, conf=-1: [50423279-f647-4a18-8e85-347d68eaf856:192.168.69.88:39583, 2ec85f63-33fb-4317-9145-71357d145af9:192.168.69.88:42357, 25d6372c-77fd-4a39-ac2a-e48debad48df:192.168.69.88:39591], old=null
2019-10-15 16:11:59,479 [25d6372c-77fd-4a39-ac2a-e48debad48df@group-B2671EB745D2-LeaderElection205] INFO  impl.RaftServerImpl (RaftServerImpl.java:setRole(184)) - 25d6372c-77fd-4a39-ac2a-e48debad48df@group-B2671EB745D2: changes role from CANDIDATE to FOLLOWER at term 218 for DISCOVERED_A_NEW_TERM
2019-10-15 16:11:59,479 [25d6372c-77fd-4a39-ac2a-e48debad48df@group-B2671EB745D2-LeaderElection205] INFO  impl.RoleInfo (RoleInfo.java:shutdownLeaderElection(134)) - 25d6372c-77fd-4a39-ac2a-e48debad48df: shutdown LeaderElection
2019-10-15 16:11:59,479 [25d6372c-77fd-4a39-ac2a-e48debad48df@group-B2671EB745D2-LeaderElection205] INFO  impl.RoleInfo (RoleInfo.java:updateAndGet(143)) - 25d6372c-77fd-4a39-ac2a-e48debad48df: start FollowerState
2019-10-15 16:11:59,660 [Thread-1569] INFO  impl.FollowerState (FollowerState.java:run(108)) - 25d6372c-77fd-4a39-ac2a-e48debad48df@group-B2671EB745D2-FollowerState: change to CANDIDATE, lastRpcTime:180ms, electionTimeout:180ms
2019-10-15 16:11:59,660 [Thread-1569] INFO  impl.RoleInfo (RoleInfo.java:shutdownFollowerState(121)) - 25d6372c-77fd-4a39-ac2a-e48debad48df: shutdown FollowerState
2019-10-15 16:11:59,660 [Thread-1569] INFO  impl.RaftServerImpl (RaftServerImpl.java:setRole(184)) - 25d6372c-77fd-4a39-ac2a-e48debad48df@group-B2671EB745D2: changes role from  FOLLOWER to CANDIDATE at term 218 for changeToCandidate
2019-10-15 16:11:59,660 [Thread-1569] INFO  impl.RoleInfo (RoleInfo.java:updateAndGet(143)) - 25d6372c-77fd-4a39-ac2a-e48debad48df: start LeaderElection
2019-10-15 16:11:59,673 [25d6372c-77fd-4a39-ac2a-e48debad48df@group-B2671EB745D2-LeaderElection206] INFO  impl.LeaderElection (LeaderElection.java:askForVotes(178)) - 25d6372c-77fd-4a39-ac2a-e48debad48df@group-B2671EB745D2-LeaderElection206: begin an election at term 219 for -1: [50423279-f647-4a18-8e85-347d68eaf856:192.168.69.88:39583, 2ec85f63-33fb-4317-9145-71357d145af9:192.168.69.88:42357, 25d6372c-77fd-4a39-ac2a-e48debad48df:192.168.69.88:39591], old=null
2019-10-15 16:11:59,676 [grpc-default-executor-1] INFO  impl.RaftServerImpl (RaftServerImpl.java:setRole(184)) - 50423279-f647-4a18-8e85-347d68eaf856@group-B2671EB745D2: changes role from  FOLLOWER to FOLLOWER at term 219 for recognizeCandidate:25d6372c-77fd-4a39-ac2a-e48debad48df
2019-10-15 16:11:59,676 [grpc-default-executor-2] INFO  impl.RaftServerImpl (RaftServerImpl.java:setRole(184)) - 2ec85f63-33fb-4317-9145-71357d145af9@group-B2671EB745D2: changes role from  FOLLOWER to FOLLOWER at term 219 for recognizeCandidate:25d6372c-77fd-4a39-ac2a-e48debad48df
2019-10-15 16:11:59,676 [grpc-default-executor-1] INFO  impl.RoleInfo (RoleInfo.java:shutdownFollowerState(121)) - 50423279-f647-4a18-8e85-347d68eaf856: shutdown FollowerState
2019-10-15 16:11:59,676 [grpc-default-executor-2] INFO  impl.RoleInfo (RoleInfo.java:shutdownFollowerState(121)) - 2ec85f63-33fb-4317-9145-71357d145af9: shutdown FollowerState
2019-10-15 16:11:59,676 [Thread-1567] INFO  impl.FollowerState (FollowerState.java:run(117)) - 50423279-f647-4a18-8e85-347d68eaf856@group-B2671EB745D2-FollowerState was interrupted: java.lang.InterruptedException: sleep interrupted
2019-10-15 16:11:59,676 [grpc-default-executor-1] INFO  impl.RoleInfo (RoleInfo.java:updateAndGet(143)) - 50423279-f647-4a18-8e85-347d68eaf856: start FollowerState
2019-10-15 16:11:59,676 [Thread-1566] INFO  impl.FollowerState (FollowerState.java:run(117)) - 2ec85f63-33fb-4317-9145-71357d145af9@group-B2671EB745D2-FollowerState was interrupted: java.lang.InterruptedException: sleep interrupted
2019-10-15 16:11:59,676 [grpc-default-executor-2] INFO  impl.RoleInfo (RoleInfo.java:updateAndGet(143)) - 2ec85f63-33fb-4317-9145-71357d145af9: start FollowerState
2019-10-15 16:11:59,688 [25d6372c-77fd-4a39-ac2a-e48debad48df@group-B2671EB745D2-LeaderElection206] INFO  impl.LeaderElection (LeaderElection.java:logAndReturn(56)) - 25d6372c-77fd-4a39-ac2a-e48debad48df@group-B2671EB745D2-LeaderElection206: Election REJECTED; received 2 response(s) [25d6372c-77fd-4a39-ac2a-e48debad48df<-50423279-f647-4a18-8e85-347d68eaf856#0:FAIL-t219, 25d6372c-77fd-4a39-ac2a-e48debad48df<-2ec85f63-33fb-4317-9145-71357d145af9#0:FAIL-t219] and 0 exception(s); 25d6372c-77fd-4a39-ac2a-e48debad48df@group-B2671EB745D2:t219, leader=null, voted=25d6372c-77fd-4a39-ac2a-e48debad48df, raftlog=25d6372c-77fd-4a39-ac2a-e48debad48df@group-B2671EB745D2-SegmentedRaftLog:OPENED:c-1,f-1,i0, conf=-1: [50423279-f647-4a18-8e85-347d68eaf856:192.168.69.88:39583, 2ec85f63-33fb-4317-9145-71357d145af9:192.168.69.88:42357, 25d6372c-77fd-4a39-ac2a-e48debad48df:192.168.69.88:39591], old=null
2019-10-15 16:11:59,689 [25d6372c-77fd-4a39-ac2a-e48debad48df@group-B2671EB745D2-LeaderElection206] INFO  impl.RaftServerImpl (RaftServerImpl.java:setRole(184)) - 25d6372c-77fd-4a39-ac2a-e48debad48df@group-B2671EB745D2: changes role from CANDIDATE to FOLLOWER at term 219 for DISCOVERED_A_NEW_TERM
2019-10-15 16:11:59,689 [25d6372c-77fd-4a39-ac2a-e48debad48df@group-B2671EB745D2-LeaderElection206] INFO  impl.RoleInfo (RoleInfo.java:shutdownLeaderElection(134)) - 25d6372c-77fd-4a39-ac2a-e48debad48df: shutdown LeaderElection
2019-10-15 16:11:59,689 [25d6372c-77fd-4a39-ac2a-e48debad48df@group-B2671EB745D2-LeaderElection206] INFO  impl.RoleInfo (RoleInfo.java:updateAndGet(143)) - 25d6372c-77fd-4a39-ac2a-e48debad48df: start FollowerState
2019-10-15 16:11:59,763 [Thread-1576] INFO  impl.FollowerState (FollowerState.java:run(108)) - 25d6372c-77fd-4a39-ac2a-e48debad48df@group-B2671EB745D2-FollowerState: change to CANDIDATE, lastRpcTime:74ms, electionTimeout:74ms
2019-10-15 16:11:59,763 [Thread-1576] INFO  impl.RoleInfo (RoleInfo.java:shutdownFollowerState(121)) - 25d6372c-77fd-4a39-ac2a-e48debad48df: shutdown FollowerState
2019-10-15 16:11:59,763 [Thread-1576] INFO  impl.RaftServerImpl (RaftServerImpl.java:setRole(184)) - 25d6372c-77fd-4a39-ac2a-e48debad48df@group-B2671EB745D2: changes role from  FOLLOWER to CANDIDATE at term 219 for changeToCandidate
2019-10-15 16:11:59,763 [Thread-1576] INFO  impl.RoleInfo (RoleInfo.java:updateAndGet(143)) - 25d6372c-77fd-4a39-ac2a-e48debad48df: start LeaderElection
2019-10-15 16:11:59,778 [25d6372c-77fd-4a39-ac2a-e48debad48df@group-B2671EB745D2-LeaderElection207] INFO  impl.LeaderElection (LeaderElection.java:askForVotes(178)) - 25d6372c-77fd-4a39-ac2a-e48debad48df@group-B2671EB745D2-LeaderElection207: begin an election at term 220 for -1: [50423279-f647-4a18-8e85-347d68eaf856:192.168.69.88:39583, 2ec85f63-33fb-4317-9145-71357d145af9:192.168.69.88:42357, 25d6372c-77fd-4a39-ac2a-e48debad48df:192.168.69.88:39591], old=null
2019-10-15 16:11:59,780 [grpc-default-executor-2] INFO  impl.RaftServerImpl (RaftServerImpl.java:setRole(184)) - 50423279-f647-4a18-8e85-347d68eaf856@group-B2671EB745D2: changes role from  FOLLOWER to FOLLOWER at term 220 for recognizeCandidate:25d6372c-77fd-4a39-ac2a-e48debad48df
2019-10-15 16:11:59,780 [grpc-default-executor-1] INFO  impl.RaftServerImpl (RaftServerImpl.java:setRole(184)) - 2ec85f63-33fb-4317-9145-71357d145af9@group-B2671EB745D2: changes role from  FOLLOWER to FOLLOWER at term 220 for recognizeCandidate:25d6372c-77fd-4a39-ac2a-e48debad48df
2019-10-15 16:11:59,780 [grpc-default-executor-2] INFO  impl.RoleInfo (RoleInfo.java:shutdownFollowerState(121)) - 50423279-f647-4a18-8e85-347d68eaf856: shutdown FollowerState
2019-10-15 16:11:59,780 [grpc-default-executor-1] INFO  impl.RoleInfo (RoleInfo.java:shutdownFollowerState(121)) - 2ec85f63-33fb-4317-9145-71357d145af9: shutdown FollowerState
2019-10-15 16:11:59,781 [Thread-1574] INFO  impl.FollowerState (FollowerState.java:run(117)) - 50423279-f647-4a18-8e85-347d68eaf856@group-B2671EB745D2-FollowerState was interrupted: java.lang.InterruptedException: sleep interrupted
2019-10-15 16:11:59,781 [Thread-1575] INFO  impl.FollowerState (FollowerState.java:run(117)) - 2ec85f63-33fb-4317-9145-71357d145af9@group-B2671EB745D2-FollowerState was interrupted: java.lang.InterruptedException: sleep interrupted
2019-10-15 16:11:59,781 [grpc-default-executor-2] INFO  impl.RoleInfo (RoleInfo.java:updateAndGet(143)) - 50423279-f647-4a18-8e85-347d68eaf856: start FollowerState
2019-10-15 16:11:59,781 [grpc-default-executor-1] INFO  impl.RoleInfo (RoleInfo.java:updateAndGet(143)) - 2ec85f63-33fb-4317-9145-71357d145af9: start FollowerState
2019-10-15 16:11:59,796 [25d6372c-77fd-4a39-ac2a-e48debad48df@group-B2671EB745D2-LeaderElection207] INFO  impl.LeaderElection (LeaderElection.java:logAndReturn(56)) - 25d6372c-77fd-4a39-ac2a-e48debad48df@group-B2671EB745D2-LeaderElection207: Election REJECTED; received 2 response(s) [25d6372c-77fd-4a39-ac2a-e48debad48df<-50423279-f647-4a18-8e85-347d68eaf856#0:FAIL-t220, 25d6372c-77fd-4a39-ac2a-e48debad48df<-2ec85f63-33fb-4317-9145-71357d145af9#0:FAIL-t220] and 0 exception(s); 25d6372c-77fd-4a39-ac2a-e48debad48df@group-B2671EB745D2:t220, leader=null, voted=25d6372c-77fd-4a39-ac2a-e48debad48df, raftlog=25d6372c-77fd-4a39-ac2a-e48debad48df@group-B2671EB745D2-SegmentedRaftLog:OPENED:c-1,f-1,i0, conf=-1: [50423279-f647-4a18-8e85-347d68eaf856:192.168.69.88:39583, 2ec85f63-33fb-4317-9145-71357d145af9:192.168.69.88:42357, 25d6372c-77fd-4a39-ac2a-e48debad48df:192.168.69.88:39591], old=null
2019-10-15 16:11:59,796 [25d6372c-77fd-4a39-ac2a-e48debad48df@group-B2671EB745D2-LeaderElection207] INFO  impl.RaftServerImpl (RaftServerImpl.java:setRole(184)) - 25d6372c-77fd-4a39-ac2a-e48debad48df@group-B2671EB745D2: changes role from CANDIDATE to FOLLOWER at term 220 for DISCOVERED_A_NEW_TERM
2019-10-15 16:11:59,796 [25d6372c-77fd-4a39-ac2a-e48debad48df@group-B2671EB745D2-LeaderElection207] INFO  impl.RoleInfo (RoleInfo.java:shutdownLeaderElection(134)) - 25d6372c-77fd-4a39-ac2a-e48debad48df: shutdown LeaderElection
2019-10-15 16:11:59,796 [25d6372c-77fd-4a39-ac2a-e48debad48df@group-B2671EB745D2-LeaderElection207] INFO  impl.RoleInfo (RoleInfo.java:updateAndGet(143)) - 25d6372c-77fd-4a39-ac2a-e48debad48df: start FollowerState
2019-10-15 16:11:59,972 [Thread-1582] INFO  impl.FollowerState (FollowerState.java:run(108)) - 25d6372c-77fd-4a39-ac2a-e48debad48df@group-B2671EB745D2-FollowerState: change to CANDIDATE, lastRpcTime:176ms, electionTimeout:176ms
2019-10-15 16:11:59,972 [Thread-1582] INFO  impl.RoleInfo (RoleInfo.java:shutdownFollowerState(121)) - 25d6372c-77fd-4a39-ac2a-e48debad48df: shutdown FollowerState
2019-10-15 16:11:59,973 [Thread-1582] INFO  impl.RaftServerImpl (RaftServerImpl.java:setRole(184)) - 25d6372c-77fd-4a39-ac2a-e48debad48df@group-B2671EB745D2: changes role from  FOLLOWER to CANDIDATE at term 220 for changeToCandidate
2019-10-15 16:11:59,973 [Thread-1582] INFO  impl.RoleInfo (RoleInfo.java:updateAndGet(143)) - 25d6372c-77fd-4a39-ac2a-e48debad48df: start LeaderElection
2019-10-15 16:11:59,987 [25d6372c-77fd-4a39-ac2a-e48debad48df@group-B2671EB745D2-LeaderElection208] INFO  impl.LeaderElection (LeaderElection.java:askForVotes(178)) - 25d6372c-77fd-4a39-ac2a-e48debad48df@group-B2671EB745D2-LeaderElection208: begin an election at term 221 for -1: [50423279-f647-4a18-8e85-347d68eaf856:192.168.69.88:39583, 2ec85f63-33fb-4317-9145-71357d145af9:192.168.69.88:42357, 25d6372c-77fd-4a39-ac2a-e48debad48df:192.168.69.88:39591], old=null
2019-10-15 16:11:59,990 [grpc-default-executor-2] INFO  impl.RaftServerImpl (RaftServerImpl.java:setRole(184)) - 50423279-f647-4a18-8e85-347d68eaf856@group-B2671EB745D2: changes role from  FOLLOWER to FOLLOWER at term 221 for recognizeCandidate:25d6372c-77fd-4a39-ac2a-e48debad48df
2019-10-15 16:11:59,990 [grpc-default-executor-1] INFO  impl.RaftServerImpl (RaftServerImpl.java:setRole(184)) - 2ec85f63-33fb-4317-9145-71357d145af9@group-B2671EB745D2: changes role from  FOLLOWER to FOLLOWER at term 221 for recognizeCandidate:25d6372c-77fd-4a39-ac2a-e48debad48df
2019-10-15 16:11:59,990 [grpc-default-executor-1] INFO  impl.RoleInfo (RoleInfo.java:shutdownFollowerState(121)) - 2ec85f63-33fb-4317-9145-71357d145af9: shutdown FollowerState
2019-10-15 16:11:59,990 [grpc-default-executor-2] INFO  impl.RoleInfo (RoleInfo.java:shutdownFollowerState(121)) - 50423279-f647-4a18-8e85-347d68eaf856: shutdown FollowerState
2019-10-15 16:11:59,990 [Thread-1581] INFO  impl.FollowerState (FollowerState.java:run(117)) - 2ec85f63-33fb-4317-9145-71357d145af9@group-B2671EB745D2-FollowerState was interrupted: java.lang.InterruptedException: sleep interrupted
2019-10-15 16:11:59,990 [grpc-default-executor-1] INFO  impl.RoleInfo (RoleInfo.java:updateAndGet(143)) - 2ec85f63-33fb-4317-9145-71357d145af9: start FollowerState
2019-10-15 16:11:59,990 [Thread-1580] INFO  impl.FollowerState (FollowerState.java:run(117)) - 50423279-f647-4a18-8e85-347d68eaf856@group-B2671EB745D2-FollowerState was interrupted: java.lang.InterruptedException: sleep interrupted
2019-10-15 16:11:59,990 [grpc-default-executor-2] INFO  impl.RoleInfo (RoleInfo.java:updateAndGet(143)) - 50423279-f647-4a18-8e85-347d68eaf856: start FollowerState
2019-10-15 16:12:00,005 [25d6372c-77fd-4a39-ac2a-e48debad48df@group-B2671EB745D2-LeaderElection208] INFO  impl.LeaderElection (LeaderElection.java:logAndReturn(56)) - 25d6372c-77fd-4a39-ac2a-e48debad48df@group-B2671EB745D2-LeaderElection208: Election REJECTED; received 2 response(s) [25d6372c-77fd-4a39-ac2a-e48debad48df<-50423279-f647-4a18-8e85-347d68eaf856#0:FAIL-t221, 25d6372c-77fd-4a39-ac2a-e48debad48df<-2ec85f63-33fb-4317-9145-71357d145af9#0:FAIL-t221] and 0 exception(s); 25d6372c-77fd-4a39-ac2a-e48debad48df@group-B2671EB745D2:t221, leader=null, voted=25d6372c-77fd-4a39-ac2a-e48debad48df, raftlog=25d6372c-77fd-4a39-ac2a-e48debad48df@group-B2671EB745D2-SegmentedRaftLog:OPENED:c-1,f-1,i0, conf=-1: [50423279-f647-4a18-8e85-347d68eaf856:192.168.69.88:39583, 2ec85f63-33fb-4317-9145-71357d145af9:192.168.69.88:42357, 25d6372c-77fd-4a39-ac2a-e48debad48df:192.168.69.88:39591], old=null
2019-10-15 16:12:00,006 [25d6372c-77fd-4a39-ac2a-e48debad48df@group-B2671EB745D2-LeaderElection208] INFO  impl.RaftServerImpl (RaftServerImpl.java:setRole(184)) - 25d6372c-77fd-4a39-ac2a-e48debad48df@group-B2671EB745D2: changes role from CANDIDATE to FOLLOWER at term 221 for DISCOVERED_A_NEW_TERM
2019-10-15 16:12:00,006 [25d6372c-77fd-4a39-ac2a-e48debad48df@group-B2671EB745D2-LeaderElection208] INFO  impl.RoleInfo (RoleInfo.java:shutdownLeaderElection(134)) - 25d6372c-77fd-4a39-ac2a-e48debad48df: shutdown LeaderElection
2019-10-15 16:12:00,006 [25d6372c-77fd-4a39-ac2a-e48debad48df@group-B2671EB745D2-LeaderElection208] INFO  impl.RoleInfo (RoleInfo.java:updateAndGet(143)) - 25d6372c-77fd-4a39-ac2a-e48debad48df: start FollowerState
2019-10-15 16:12:00,066 [Thread-1588] INFO  impl.FollowerState (FollowerState.java:run(108)) - 25d6372c-77fd-4a39-ac2a-e48debad48df@group-B2671EB745D2-FollowerState: change to CANDIDATE, lastRpcTime:60ms, electionTimeout:60ms
2019-10-15 16:12:00,067 [Thread-1588] INFO  impl.RoleInfo (RoleInfo.java:shutdownFollowerState(121)) - 25d6372c-77fd-4a39-ac2a-e48debad48df: shutdown FollowerState
2019-10-15 16:12:00,067 [Thread-1588] INFO  impl.RaftServerImpl (RaftServerImpl.java:setRole(184)) - 25d6372c-77fd-4a39-ac2a-e48debad48df@group-B2671EB745D2: changes role from  FOLLOWER to CANDIDATE at term 221 for changeToCandidate
2019-10-15 16:12:00,067 [Thread-1588] INFO  impl.RoleInfo (RoleInfo.java:updateAndGet(143)) - 25d6372c-77fd-4a39-ac2a-e48debad48df: start LeaderElection
2019-10-15 16:12:00,072 [25d6372c-77fd-4a39-ac2a-e48debad48df@group-B2671EB745D2-LeaderElection209] INFO  impl.LeaderElection (LeaderElection.java:askForVotes(178)) - 25d6372c-77fd-4a39-ac2a-e48debad48df@group-B2671EB745D2-LeaderElection209: begin an election at term 222 for -1: [50423279-f647-4a18-8e85-347d68eaf856:192.168.69.88:39583, 2ec85f63-33fb-4317-9145-71357d145af9:192.168.69.88:42357, 25d6372c-77fd-4a39-ac2a-e48debad48df:192.168.69.88:39591], old=null
2019-10-15 16:12:00,074 [grpc-default-executor-1] INFO  impl.RaftServerImpl (RaftServerImpl.java:setRole(184)) - 50423279-f647-4a18-8e85-347d68eaf856@group-B2671EB745D2: changes role from  FOLLOWER to FOLLOWER at term 222 for recognizeCandidate:25d6372c-77fd-4a39-ac2a-e48debad48df
2019-10-15 16:12:00,074 [grpc-default-executor-2] INFO  impl.RaftServerImpl (RaftServerImpl.java:setRole(184)) - 2ec85f63-33fb-4317-9145-71357d145af9@group-B2671EB745D2: changes role from  FOLLOWER to FOLLOWER at term 222 for recognizeCandidate:25d6372c-77fd-4a39-ac2a-e48debad48df
2019-10-15 16:12:00,074 [grpc-default-executor-1] INFO  impl.RoleInfo (RoleInfo.java:shutdownFollowerState(121)) - 50423279-f647-4a18-8e85-347d68eaf856: shutdown FollowerState
2019-10-15 16:12:00,074 [grpc-default-executor-2] INFO  impl.RoleInfo (RoleInfo.java:shutdownFollowerState(121)) - 2ec85f63-33fb-4317-9145-71357d145af9: shutdown FollowerState
2019-10-15 16:12:00,075 [Thread-1587] INFO  impl.FollowerState (FollowerState.java:run(117)) - 50423279-f647-4a18-8e85-347d68eaf856@group-B2671EB745D2-FollowerState was interrupted: java.lang.InterruptedException: sleep interrupted
2019-10-15 16:12:00,075 [Thread-1586] INFO  impl.FollowerState (FollowerState.java:run(117)) - 2ec85f63-33fb-4317-9145-71357d145af9@group-B2671EB745D2-FollowerState was interrupted: java.lang.InterruptedException: sleep interrupted
2019-10-15 16:12:00,075 [grpc-default-executor-2] INFO  impl.RoleInfo (RoleInfo.java:updateAndGet(143)) - 2ec85f63-33fb-4317-9145-71357d145af9: start FollowerState
2019-10-15 16:12:00,074 [grpc-default-executor-1] INFO  impl.RoleInfo (RoleInfo.java:updateAndGet(143)) - 50423279-f647-4a18-8e85-347d68eaf856: start FollowerState
2019-10-15 16:12:00,077 [25d6372c-77fd-4a39-ac2a-e48debad48df@group-B2671EB745D2-LeaderElection209] INFO  impl.LeaderElection (LeaderElection.java:logAndReturn(56)) - 25d6372c-77fd-4a39-ac2a-e48debad48df@group-B2671EB745D2-LeaderElection209: Election TIMEOUT; received 0 response(s) [] and 0 exception(s); 25d6372c-77fd-4a39-ac2a-e48debad48df@group-B2671EB745D2:t222, leader=null, voted=25d6372c-77fd-4a39-ac2a-e48debad48df, raftlog=25d6372c-77fd-4a39-ac2a-e48debad48df@group-B2671EB745D2-SegmentedRaftLog:OPENED:c-1,f-1,i0, conf=-1: [50423279-f647-4a18-8e85-347d68eaf856:192.168.69.88:39583, 2ec85f63-33fb-4317-9145-71357d145af9:192.168.69.88:42357, 25d6372c-77fd-4a39-ac2a-e48debad48df:192.168.69.88:39591], old=null
2019-10-15 16:12:00,082 [25d6372c-77fd-4a39-ac2a-e48debad48df@group-B2671EB745D2-LeaderElection209] INFO  impl.LeaderElection (LeaderElection.java:askForVotes(178)) - 25d6372c-77fd-4a39-ac2a-e48debad48df@group-B2671EB745D2-LeaderElection209: begin an election at term 223 for -1: [50423279-f647-4a18-8e85-347d68eaf856:192.168.69.88:39583, 2ec85f63-33fb-4317-9145-71357d145af9:192.168.69.88:42357, 25d6372c-77fd-4a39-ac2a-e48debad48df:192.168.69.88:39591], old=null
2019-10-15 16:12:00,084 [grpc-default-executor-2] INFO  impl.RaftServerImpl (RaftServerImpl.java:setRole(184)) - 50423279-f647-4a18-8e85-347d68eaf856@group-B2671EB745D2: changes role from  FOLLOWER to FOLLOWER at term 223 for recognizeCandidate:25d6372c-77fd-4a39-ac2a-e48debad48df
2019-10-15 16:12:00,084 [grpc-default-executor-2] INFO  impl.RoleInfo (RoleInfo.java:shutdownFollowerState(121)) - 50423279-f647-4a18-8e85-347d68eaf856: shutdown FollowerState
2019-10-15 16:12:00,084 [grpc-default-executor-2] INFO  impl.RoleInfo (RoleInfo.java:updateAndGet(143)) - 50423279-f647-4a18-8e85-347d68eaf856: start FollowerState
2019-10-15 16:12:00,084 [grpc-default-executor-1] INFO  impl.RaftServerImpl (RaftServerImpl.java:setRole(184)) - 2ec85f63-33fb-4317-9145-71357d145af9@group-B2671EB745D2: changes role from  FOLLOWER to FOLLOWER at term 223 for recognizeCandidate:25d6372c-77fd-4a39-ac2a-e48debad48df
2019-10-15 16:12:00,084 [grpc-default-executor-1] INFO  impl.RoleInfo (RoleInfo.java:shutdownFollowerState(121)) - 2ec85f63-33fb-4317-9145-71357d145af9: shutdown FollowerState
2019-10-15 16:12:00,084 [Thread-1592] INFO  impl.FollowerState (FollowerState.java:run(117)) - 50423279-f647-4a18-8e85-347d68eaf856@group-B2671EB745D2-FollowerState was interrupted: java.lang.InterruptedException: sleep interrupted
2019-10-15 16:12:00,085 [grpc-default-executor-1] INFO  impl.RoleInfo (RoleInfo.java:updateAndGet(143)) - 2ec85f63-33fb-4317-9145-71357d145af9: start FollowerState
2019-10-15 16:12:00,085 [Thread-1593] INFO  impl.FollowerState (FollowerState.java:run(117)) - 2ec85f63-33fb-4317-9145-71357d145af9@group-B2671EB745D2-FollowerState was interrupted: java.lang.InterruptedException: sleep interrupted
2019-10-15 16:12:00,095 [25d6372c-77fd-4a39-ac2a-e48debad48df@group-B2671EB745D2-LeaderElection209] INFO  impl.LeaderElection (LeaderElection.java:logAndReturn(56)) - 25d6372c-77fd-4a39-ac2a-e48debad48df@group-B2671EB745D2-LeaderElection209: Election REJECTED; received 2 response(s) [25d6372c-77fd-4a39-ac2a-e48debad48df<-50423279-f647-4a18-8e85-347d68eaf856#0:FAIL-t223, 25d6372c-77fd-4a39-ac2a-e48debad48df<-2ec85f63-33fb-4317-9145-71357d145af9#0:FAIL-t223] and 0 exception(s); 25d6372c-77fd-4a39-ac2a-e48debad48df@group-B2671EB745D2:t223, leader=null, voted=25d6372c-77fd-4a39-ac2a-e48debad48df, raftlog=25d6372c-77fd-4a39-ac2a-e48debad48df@group-B2671EB745D2-SegmentedRaftLog:OPENED:c-1,f-1,i0, conf=-1: [50423279-f647-4a18-8e85-347d68eaf856:192.168.69.88:39583, 2ec85f63-33fb-4317-9145-71357d145af9:192.168.69.88:42357, 25d6372c-77fd-4a39-ac2a-e48debad48df:192.168.69.88:39591], old=null
2019-10-15 16:12:00,095 [25d6372c-77fd-4a39-ac2a-e48debad48df@group-B2671EB745D2-LeaderElection209] INFO  impl.RaftServerImpl (RaftServerImpl.java:setRole(184)) - 25d6372c-77fd-4a39-ac2a-e48debad48df@group-B2671EB745D2: changes role from CANDIDATE to FOLLOWER at term 223 for DISCOVERED_A_NEW_TERM
2019-10-15 16:12:00,095 [25d6372c-77fd-4a39-ac2a-e48debad48df@group-B2671EB745D2-LeaderElection209] INFO  impl.RoleInfo (RoleInfo.java:shutdownLeaderElection(134)) - 25d6372c-77fd-4a39-ac2a-e48debad48df: shutdown LeaderElection
2019-10-15 16:12:00,095 [25d6372c-77fd-4a39-ac2a-e48debad48df@group-B2671EB745D2-LeaderElection209] INFO  impl.RoleInfo (RoleInfo.java:updateAndGet(143)) - 25d6372c-77fd-4a39-ac2a-e48debad48df: start FollowerState
2019-10-15 16:12:00,206 [Thread-1598] INFO  impl.FollowerState (FollowerState.java:run(108)) - 25d6372c-77fd-4a39-ac2a-e48debad48df@group-B2671EB745D2-FollowerState: change to CANDIDATE, lastRpcTime:111ms, electionTimeout:111ms
2019-10-15 16:12:00,207 [Thread-1598] INFO  impl.RoleInfo (RoleInfo.java:shutdownFollowerState(121)) - 25d6372c-77fd-4a39-ac2a-e48debad48df: shutdown FollowerState
2019-10-15 16:12:00,207 [Thread-1598] INFO  impl.RaftServerImpl (RaftServerImpl.java:setRole(184)) - 25d6372c-77fd-4a39-ac2a-e48debad48df@group-B2671EB745D2: changes role from  FOLLOWER to CANDIDATE at term 223 for changeToCandidate
2019-10-15 16:12:00,207 [Thread-1598] INFO  impl.RoleInfo (RoleInfo.java:updateAndGet(143)) - 25d6372c-77fd-4a39-ac2a-e48debad48df: start LeaderElection
2019-10-15 16:12:00,221 [25d6372c-77fd-4a39-ac2a-e48debad48df@group-B2671EB745D2-LeaderElection210] INFO  impl.LeaderElection (LeaderElection.java:askForVotes(178)) - 25d6372c-77fd-4a39-ac2a-e48debad48df@group-B2671EB745D2-LeaderElection210: begin an election at term 224 for -1: [50423279-f647-4a18-8e85-347d68eaf856:192.168.69.88:39583, 2ec85f63-33fb-4317-9145-71357d145af9:192.168.69.88:42357, 25d6372c-77fd-4a39-ac2a-e48debad48df:192.168.69.88:39591], old=null
2019-10-15 16:12:00,224 [grpc-default-executor-1] INFO  impl.RaftServerImpl (RaftServerImpl.java:setRole(184)) - 50423279-f647-4a18-8e85-347d68eaf856@group-B2671EB745D2: changes role from  FOLLOWER to FOLLOWER at term 224 for recognizeCandidate:25d6372c-77fd-4a39-ac2a-e48debad48df
2019-10-15 16:12:00,224 [grpc-default-executor-1] INFO  impl.RoleInfo (RoleInfo.java:shutdownFollowerState(121)) - 50423279-f647-4a18-8e85-347d68eaf856: shutdown FollowerState
2019-10-15 16:12:00,224 [grpc-default-executor-2] INFO  impl.RaftServerImpl (RaftServerImpl.java:setRole(184)) - 2ec85f63-33fb-4317-9145-71357d145af9@group-B2671EB745D2: changes role from  FOLLOWER to FOLLOWER at term 224 for recognizeCandidate:25d6372c-77fd-4a39-ac2a-e48debad48df
2019-10-15 16:12:00,224 [Thread-1596] INFO  impl.FollowerState (FollowerState.java:run(117)) - 50423279-f647-4a18-8e85-347d68eaf856@group-B2671EB745D2-FollowerState was interrupted: java.lang.InterruptedException: sleep interrupted
2019-10-15 16:12:00,224 [grpc-default-executor-1] INFO  impl.RoleInfo (RoleInfo.java:updateAndGet(143)) - 50423279-f647-4a18-8e85-347d68eaf856: start FollowerState
2019-10-15 16:12:00,224 [grpc-default-executor-2] INFO  impl.RoleInfo (RoleInfo.java:shutdownFollowerState(121)) - 2ec85f63-33fb-4317-9145-71357d145af9: shutdown FollowerState
2019-10-15 16:12:00,225 [grpc-default-executor-2] INFO  impl.RoleInfo (RoleInfo.java:updateAndGet(143)) - 2ec85f63-33fb-4317-9145-71357d145af9: start FollowerState
2019-10-15 16:12:00,225 [Thread-1597] INFO  impl.FollowerState (FollowerState.java:run(117)) - 2ec85f63-33fb-4317-9145-71357d145af9@group-B2671EB745D2-FollowerState was interrupted: java.lang.InterruptedException: sleep interrupted
2019-10-15 16:12:00,239 [25d6372c-77fd-4a39-ac2a-e48debad48df@group-B2671EB745D2-LeaderElection210] INFO  impl.LeaderElection (LeaderElection.java:logAndReturn(56)) - 25d6372c-77fd-4a39-ac2a-e48debad48df@group-B2671EB745D2-LeaderElection210: Election REJECTED; received 2 response(s) [25d6372c-77fd-4a39-ac2a-e48debad48df<-2ec85f63-33fb-4317-9145-71357d145af9#0:FAIL-t224, 25d6372c-77fd-4a39-ac2a-e48debad48df<-50423279-f647-4a18-8e85-347d68eaf856#0:FAIL-t224] and 0 exception(s); 25d6372c-77fd-4a39-ac2a-e48debad48df@group-B2671EB745D2:t224, leader=null, voted=25d6372c-77fd-4a39-ac2a-e48debad48df, raftlog=25d6372c-77fd-4a39-ac2a-e48debad48df@group-B2671EB745D2-SegmentedRaftLog:OPENED:c-1,f-1,i0, conf=-1: [50423279-f647-4a18-8e85-347d68eaf856:192.168.69.88:39583, 2ec85f63-33fb-4317-9145-71357d145af9:192.168.69.88:42357, 25d6372c-77fd-4a39-ac2a-e48debad48df:192.168.69.88:39591], old=null
2019-10-15 16:12:00,239 [25d6372c-77fd-4a39-ac2a-e48debad48df@group-B2671EB745D2-LeaderElection210] INFO  impl.RaftServerImpl (RaftServerImpl.java:setRole(184)) - 25d6372c-77fd-4a39-ac2a-e48debad48df@group-B2671EB745D2: changes role from CANDIDATE to FOLLOWER at term 224 for DISCOVERED_A_NEW_TERM
2019-10-15 16:12:00,239 [25d6372c-77fd-4a39-ac2a-e48debad48df@group-B2671EB745D2-LeaderElection210] INFO  impl.RoleInfo (RoleInfo.java:shutdownLeaderElection(134)) - 25d6372c-77fd-4a39-ac2a-e48debad48df: shutdown LeaderElection
2019-10-15 16:12:00,239 [25d6372c-77fd-4a39-ac2a-e48debad48df@group-B2671EB745D2-LeaderElection210] INFO  impl.RoleInfo (RoleInfo.java:updateAndGet(143)) - 25d6372c-77fd-4a39-ac2a-e48debad48df: start FollowerState
2019-10-15 16:12:00,428 [Thread-1604] INFO  impl.FollowerState (FollowerState.java:run(108)) - 25d6372c-77fd-4a39-ac2a-e48debad48df@group-B2671EB745D2-FollowerState: change to CANDIDATE, lastRpcTime:189ms, electionTimeout:189ms
2019-10-15 16:12:00,429 [Thread-1604] INFO  impl.RoleInfo (RoleInfo.java:shutdownFollowerState(121)) - 25d6372c-77fd-4a39-ac2a-e48debad48df: shutdown FollowerState
2019-10-15 16:12:00,429 [Thread-1604] INFO  impl.RaftServerImpl (RaftServerImpl.java:setRole(184)) - 25d6372c-77fd-4a39-ac2a-e48debad48df@group-B2671EB745D2: changes role from  FOLLOWER to CANDIDATE at term 224 for changeToCandidate
2019-10-15 16:12:00,429 [Thread-1604] INFO  impl.RoleInfo (RoleInfo.java:updateAndGet(143)) - 25d6372c-77fd-4a39-ac2a-e48debad48df: start LeaderElection
2019-10-15 16:12:00,444 [25d6372c-77fd-4a39-ac2a-e48debad48df@group-B2671EB745D2-LeaderElection211] INFO  impl.LeaderElection (LeaderElection.java:askForVotes(178)) - 25d6372c-77fd-4a39-ac2a-e48debad48df@group-B2671EB745D2-LeaderElection211: begin an election at term 225 for -1: [50423279-f647-4a18-8e85-347d68eaf856:192.168.69.88:39583, 2ec85f63-33fb-4317-9145-71357d145af9:192.168.69.88:42357, 25d6372c-77fd-4a39-ac2a-e48debad48df:192.168.69.88:39591], old=null
2019-10-15 16:12:00,446 [grpc-default-executor-2] INFO  impl.RaftServerImpl (RaftServerImpl.java:setRole(184)) - 50423279-f647-4a18-8e85-347d68eaf856@group-B2671EB745D2: changes role from  FOLLOWER to FOLLOWER at term 225 for recognizeCandidate:25d6372c-77fd-4a39-ac2a-e48debad48df
2019-10-15 16:12:00,446 [grpc-default-executor-1] INFO  impl.RaftServerImpl (RaftServerImpl.java:setRole(184)) - 2ec85f63-33fb-4317-9145-71357d145af9@group-B2671EB745D2: changes role from  FOLLOWER to FOLLOWER at term 225 for recognizeCandidate:25d6372c-77fd-4a39-ac2a-e48debad48df
2019-10-15 16:12:00,446 [grpc-default-executor-2] INFO  impl.RoleInfo (RoleInfo.java:shutdownFollowerState(121)) - 50423279-f647-4a18-8e85-347d68eaf856: shutdown FollowerState
2019-10-15 16:12:00,447 [grpc-default-executor-1] INFO  impl.RoleInfo (RoleInfo.java:shutdownFollowerState(121)) - 2ec85f63-33fb-4317-9145-71357d145af9: shutdown FollowerState
2019-10-15 16:12:00,447 [Thread-1602] INFO  impl.FollowerState (FollowerState.java:run(117)) - 50423279-f647-4a18-8e85-347d68eaf856@group-B2671EB745D2-FollowerState was interrupted: java.lang.InterruptedException: sleep interrupted
2019-10-15 16:12:00,447 [grpc-default-executor-2] INFO  impl.RoleInfo (RoleInfo.java:updateAndGet(143)) - 50423279-f647-4a18-8e85-347d68eaf856: start FollowerState
2019-10-15 16:12:00,447 [Thread-1603] INFO  impl.FollowerState (FollowerState.java:run(117)) - 2ec85f63-33fb-4317-9145-71357d145af9@group-B2671EB745D2-FollowerState was interrupted: java.lang.InterruptedException: sleep interrupted
2019-10-15 16:12:00,447 [grpc-default-executor-1] INFO  impl.RoleInfo (RoleInfo.java:updateAndGet(143)) - 2ec85f63-33fb-4317-9145-71357d145af9: start FollowerState
2019-10-15 16:12:00,462 [25d6372c-77fd-4a39-ac2a-e48debad48df@group-B2671EB745D2-LeaderElection211] INFO  impl.LeaderElection (LeaderElection.java:logAndReturn(56)) - 25d6372c-77fd-4a39-ac2a-e48debad48df@group-B2671EB745D2-LeaderElection211: Election REJECTED; received 2 response(s) [25d6372c-77fd-4a39-ac2a-e48debad48df<-50423279-f647-4a18-8e85-347d68eaf856#0:FAIL-t225, 25d6372c-77fd-4a39-ac2a-e48debad48df<-2ec85f63-33fb-4317-9145-71357d145af9#0:FAIL-t225] and 0 exception(s); 25d6372c-77fd-4a39-ac2a-e48debad48df@group-B2671EB745D2:t225, leader=null, voted=25d6372c-77fd-4a39-ac2a-e48debad48df, raftlog=25d6372c-77fd-4a39-ac2a-e48debad48df@group-B2671EB745D2-SegmentedRaftLog:OPENED:c-1,f-1,i0, conf=-1: [50423279-f647-4a18-8e85-347d68eaf856:192.168.69.88:39583, 2ec85f63-33fb-4317-9145-71357d145af9:192.168.69.88:42357, 25d6372c-77fd-4a39-ac2a-e48debad48df:192.168.69.88:39591], old=null
2019-10-15 16:12:00,462 [25d6372c-77fd-4a39-ac2a-e48debad48df@group-B2671EB745D2-LeaderElection211] INFO  impl.RaftServerImpl (RaftServerImpl.java:setRole(184)) - 25d6372c-77fd-4a39-ac2a-e48debad48df@group-B2671EB745D2: changes role from CANDIDATE to FOLLOWER at term 225 for DISCOVERED_A_NEW_TERM
2019-10-15 16:12:00,462 [25d6372c-77fd-4a39-ac2a-e48debad48df@group-B2671EB745D2-LeaderElection211] INFO  impl.RoleInfo (RoleInfo.java:shutdownLeaderElection(134)) - 25d6372c-77fd-4a39-ac2a-e48debad48df: shutdown LeaderElection
2019-10-15 16:12:00,462 [25d6372c-77fd-4a39-ac2a-e48debad48df@group-B2671EB745D2-LeaderElection211] INFO  impl.RoleInfo (RoleInfo.java:updateAndGet(143)) - 25d6372c-77fd-4a39-ac2a-e48debad48df: start FollowerState
2019-10-15 16:12:00,620 [Thread-1610] INFO  impl.FollowerState (FollowerState.java:run(108)) - 25d6372c-77fd-4a39-ac2a-e48debad48df@group-B2671EB745D2-FollowerState: change to CANDIDATE, lastRpcTime:157ms, electionTimeout:157ms
2019-10-15 16:12:00,620 [Thread-1610] INFO  impl.RoleInfo (RoleInfo.java:shutdownFollowerState(121)) - 25d6372c-77fd-4a39-ac2a-e48debad48df: shutdown FollowerState
2019-10-15 16:12:00,621 [Thread-1610] INFO  impl.RaftServerImpl (RaftServerImpl.java:setRole(184)) - 25d6372c-77fd-4a39-ac2a-e48debad48df@group-B2671EB745D2: changes role from  FOLLOWER to CANDIDATE at term 225 for changeToCandidate
2019-10-15 16:12:00,621 [Thread-1610] INFO  impl.RoleInfo (RoleInfo.java:updateAndGet(143)) - 25d6372c-77fd-4a39-ac2a-e48debad48df: start LeaderElection
2019-10-15 16:12:00,635 [25d6372c-77fd-4a39-ac2a-e48debad48df@group-B2671EB745D2-LeaderElection212] INFO  impl.LeaderElection (LeaderElection.java:askForVotes(178)) - 25d6372c-77fd-4a39-ac2a-e48debad48df@group-B2671EB745D2-LeaderElection212: begin an election at term 226 for -1: [50423279-f647-4a18-8e85-347d68eaf856:192.168.69.88:39583, 2ec85f63-33fb-4317-9145-71357d145af9:192.168.69.88:42357, 25d6372c-77fd-4a39-ac2a-e48debad48df:192.168.69.88:39591], old=null
2019-10-15 16:12:00,639 [grpc-default-executor-2] INFO  impl.RaftServerImpl (RaftServerImpl.java:setRole(184)) - 50423279-f647-4a18-8e85-347d68eaf856@group-B2671EB745D2: changes role from  FOLLOWER to FOLLOWER at term 226 for recognizeCandidate:25d6372c-77fd-4a39-ac2a-e48debad48df
2019-10-15 16:12:00,639 [grpc-default-executor-1] INFO  impl.RaftServerImpl (RaftServerImpl.java:setRole(184)) - 2ec85f63-33fb-4317-9145-71357d145af9@group-B2671EB745D2: changes role from  FOLLOWER to FOLLOWER at term 226 for recognizeCandidate:25d6372c-77fd-4a39-ac2a-e48debad48df
2019-10-15 16:12:00,639 [grpc-default-executor-2] INFO  impl.RoleInfo (RoleInfo.java:shutdownFollowerState(121)) - 50423279-f647-4a18-8e85-347d68eaf856: shutdown FollowerState
2019-10-15 16:12:00,639 [grpc-default-executor-1] INFO  impl.RoleInfo (RoleInfo.java:shutdownFollowerState(121)) - 2ec85f63-33fb-4317-9145-71357d145af9: shutdown FollowerState
2019-10-15 16:12:00,639 [Thread-1608] INFO  impl.FollowerState (FollowerState.java:run(117)) - 50423279-f647-4a18-8e85-347d68eaf856@group-B2671EB745D2-FollowerState was interrupted: java.lang.InterruptedException: sleep interrupted
2019-10-15 16:12:00,639 [grpc-default-executor-2] INFO  impl.RoleInfo (RoleInfo.java:updateAndGet(143)) - 50423279-f647-4a18-8e85-347d68eaf856: start FollowerState
2019-10-15 16:12:00,640 [Thread-1609] INFO  impl.FollowerState (FollowerState.java:run(117)) - 2ec85f63-33fb-4317-9145-71357d145af9@group-B2671EB745D2-FollowerState was interrupted: java.lang.InterruptedException: sleep interrupted
2019-10-15 16:12:00,639 [grpc-default-executor-1] INFO  impl.RoleInfo (RoleInfo.java:updateAndGet(143)) - 2ec85f63-33fb-4317-9145-71357d145af9: start FollowerState
2019-10-15 16:12:00,654 [25d6372c-77fd-4a39-ac2a-e48debad48df@group-B2671EB745D2-LeaderElection212] INFO  impl.LeaderElection (LeaderElection.java:logAndReturn(56)) - 25d6372c-77fd-4a39-ac2a-e48debad48df@group-B2671EB745D2-LeaderElection212: Election REJECTED; received 2 response(s) [25d6372c-77fd-4a39-ac2a-e48debad48df<-2ec85f63-33fb-4317-9145-71357d145af9#0:FAIL-t226, 25d6372c-77fd-4a39-ac2a-e48debad48df<-50423279-f647-4a18-8e85-347d68eaf856#0:FAIL-t226] and 0 exception(s); 25d6372c-77fd-4a39-ac2a-e48debad48df@group-B2671EB745D2:t226, leader=null, voted=25d6372c-77fd-4a39-ac2a-e48debad48df, raftlog=25d6372c-77fd-4a39-ac2a-e48debad48df@group-B2671EB745D2-SegmentedRaftLog:OPENED:c-1,f-1,i0, conf=-1: [50423279-f647-4a18-8e85-347d68eaf856:192.168.69.88:39583, 2ec85f63-33fb-4317-9145-71357d145af9:192.168.69.88:42357, 25d6372c-77fd-4a39-ac2a-e48debad48df:192.168.69.88:39591], old=null
2019-10-15 16:12:00,654 [25d6372c-77fd-4a39-ac2a-e48debad48df@group-B2671EB745D2-LeaderElection212] INFO  impl.RaftServerImpl (RaftServerImpl.java:setRole(184)) - 25d6372c-77fd-4a39-ac2a-e48debad48df@group-B2671EB745D2: changes role from CANDIDATE to FOLLOWER at term 226 for DISCOVERED_A_NEW_TERM
2019-10-15 16:12:00,655 [25d6372c-77fd-4a39-ac2a-e48debad48df@group-B2671EB745D2-LeaderElection212] INFO  impl.RoleInfo (RoleInfo.java:shutdownLeaderElection(134)) - 25d6372c-77fd-4a39-ac2a-e48debad48df: shutdown LeaderElection
2019-10-15 16:12:00,655 [25d6372c-77fd-4a39-ac2a-e48debad48df@group-B2671EB745D2-LeaderElection212] INFO  impl.RoleInfo (RoleInfo.java:updateAndGet(143)) - 25d6372c-77fd-4a39-ac2a-e48debad48df: start FollowerState
2019-10-15 16:12:00,706 [Thread-1618] INFO  impl.FollowerState (FollowerState.java:run(108)) - 25d6372c-77fd-4a39-ac2a-e48debad48df@group-B2671EB745D2-FollowerState: change to CANDIDATE, lastRpcTime:51ms, electionTimeout:51ms
2019-10-15 16:12:00,706 [Thread-1618] INFO  impl.RoleInfo (RoleInfo.java:shutdownFollowerState(121)) - 25d6372c-77fd-4a39-ac2a-e48debad48df: shutdown FollowerState
2019-10-15 16:12:00,706 [Thread-1618] INFO  impl.RaftServerImpl (RaftServerImpl.java:setRole(184)) - 25d6372c-77fd-4a39-ac2a-e48debad48df@group-B2671EB745D2: changes role from  FOLLOWER to CANDIDATE at term 226 for changeToCandidate
2019-10-15 16:12:00,706 [Thread-1618] INFO  impl.RoleInfo (RoleInfo.java:updateAndGet(143)) - 25d6372c-77fd-4a39-ac2a-e48debad48df: start LeaderElection
2019-10-15 16:12:00,720 [25d6372c-77fd-4a39-ac2a-e48debad48df@group-B2671EB745D2-LeaderElection213] INFO  impl.LeaderElection (LeaderElection.java:askForVotes(178)) - 25d6372c-77fd-4a39-ac2a-e48debad48df@group-B2671EB745D2-LeaderElection213: begin an election at term 227 for -1: [50423279-f647-4a18-8e85-347d68eaf856:192.168.69.88:39583, 2ec85f63-33fb-4317-9145-71357d145af9:192.168.69.88:42357, 25d6372c-77fd-4a39-ac2a-e48debad48df:192.168.69.88:39591], old=null
2019-10-15 16:12:00,722 [grpc-default-executor-2] INFO  impl.RaftServerImpl (RaftServerImpl.java:setRole(184)) - 50423279-f647-4a18-8e85-347d68eaf856@group-B2671EB745D2: changes role from  FOLLOWER to FOLLOWER at term 227 for recognizeCandidate:25d6372c-77fd-4a39-ac2a-e48debad48df
2019-10-15 16:12:00,722 [grpc-default-executor-1] INFO  impl.RaftServerImpl (RaftServerImpl.java:setRole(184)) - 2ec85f63-33fb-4317-9145-71357d145af9@group-B2671EB745D2: changes role from  FOLLOWER to FOLLOWER at term 227 for recognizeCandidate:25d6372c-77fd-4a39-ac2a-e48debad48df
2019-10-15 16:12:00,723 [grpc-default-executor-2] INFO  impl.RoleInfo (RoleInfo.java:shutdownFollowerState(121)) - 50423279-f647-4a18-8e85-347d68eaf856: shutdown FollowerState
2019-10-15 16:12:00,723 [grpc-default-executor-1] INFO  impl.RoleInfo (RoleInfo.java:shutdownFollowerState(121)) - 2ec85f63-33fb-4317-9145-71357d145af9: shutdown FollowerState
2019-10-15 16:12:00,723 [Thread-1616] INFO  impl.FollowerState (FollowerState.java:run(117)) - 50423279-f647-4a18-8e85-347d68eaf856@group-B2671EB745D2-FollowerState was interrupted: java.lang.InterruptedException: sleep interrupted
2019-10-15 16:12:00,723 [grpc-default-executor-2] INFO  impl.RoleInfo (RoleInfo.java:updateAndGet(143)) - 50423279-f647-4a18-8e85-347d68eaf856: start FollowerState
2019-10-15 16:12:00,723 [Thread-1617] INFO  impl.FollowerState (FollowerState.java:run(117)) - 2ec85f63-33fb-4317-9145-71357d145af9@group-B2671EB745D2-FollowerState was interrupted: java.lang.InterruptedException: sleep interrupted
2019-10-15 16:12:00,723 [grpc-default-executor-1] INFO  impl.RoleInfo (RoleInfo.java:updateAndGet(143)) - 2ec85f63-33fb-4317-9145-71357d145af9: start FollowerState
2019-10-15 16:12:00,737 [25d6372c-77fd-4a39-ac2a-e48debad48df@group-B2671EB745D2-LeaderElection213] INFO  impl.LeaderElection (LeaderElection.java:logAndReturn(56)) - 25d6372c-77fd-4a39-ac2a-e48debad48df@group-B2671EB745D2-LeaderElection213: Election REJECTED; received 2 response(s) [25d6372c-77fd-4a39-ac2a-e48debad48df<-50423279-f647-4a18-8e85-347d68eaf856#0:FAIL-t227, 25d6372c-77fd-4a39-ac2a-e48debad48df<-2ec85f63-33fb-4317-9145-71357d145af9#0:FAIL-t227] and 0 exception(s); 25d6372c-77fd-4a39-ac2a-e48debad48df@group-B2671EB745D2:t227, leader=null, voted=25d6372c-77fd-4a39-ac2a-e48debad48df, raftlog=25d6372c-77fd-4a39-ac2a-e48debad48df@group-B2671EB745D2-SegmentedRaftLog:OPENED:c-1,f-1,i0, conf=-1: [50423279-f647-4a18-8e85-347d68eaf856:192.168.69.88:39583, 2ec85f63-33fb-4317-9145-71357d145af9:192.168.69.88:42357, 25d6372c-77fd-4a39-ac2a-e48debad48df:192.168.69.88:39591], old=null
2019-10-15 16:12:00,737 [25d6372c-77fd-4a39-ac2a-e48debad48df@group-B2671EB745D2-LeaderElection213] INFO  impl.RaftServerImpl (RaftServerImpl.java:setRole(184)) - 25d6372c-77fd-4a39-ac2a-e48debad48df@group-B2671EB745D2: changes role from CANDIDATE to FOLLOWER at term 227 for DISCOVERED_A_NEW_TERM
2019-10-15 16:12:00,737 [25d6372c-77fd-4a39-ac2a-e48debad48df@group-B2671EB745D2-LeaderElection213] INFO  impl.RoleInfo (RoleInfo.java:shutdownLeaderElection(134)) - 25d6372c-77fd-4a39-ac2a-e48debad48df: shutdown LeaderElection
2019-10-15 16:12:00,738 [25d6372c-77fd-4a39-ac2a-e48debad48df@group-B2671EB745D2-LeaderElection213] INFO  impl.RoleInfo (RoleInfo.java:updateAndGet(143)) - 25d6372c-77fd-4a39-ac2a-e48debad48df: start FollowerState
2019-10-15 16:12:00,772 [Thread-1624] INFO  impl.FollowerState (FollowerState.java:run(108)) - 25d6372c-77fd-4a39-ac2a-e48debad48df@group-B2671EB745D2-FollowerState: change to CANDIDATE, lastRpcTime:34ms, electionTimeout:34ms
2019-10-15 16:12:00,772 [Thread-1624] INFO  impl.RoleInfo (RoleInfo.java:shutdownFollowerState(121)) - 25d6372c-77fd-4a39-ac2a-e48debad48df: shutdown FollowerState
2019-10-15 16:12:00,772 [Thread-1624] INFO  impl.RaftServerImpl (RaftServerImpl.java:setRole(184)) - 25d6372c-77fd-4a39-ac2a-e48debad48df@group-B2671EB745D2: changes role from  FOLLOWER to CANDIDATE at term 227 for changeToCandidate
2019-10-15 16:12:00,772 [Thread-1624] INFO  impl.RoleInfo (RoleInfo.java:updateAndGet(143)) - 25d6372c-77fd-4a39-ac2a-e48debad48df: start LeaderElection
2019-10-15 16:12:00,785 [25d6372c-77fd-4a39-ac2a-e48debad48df@group-B2671EB745D2-LeaderElection214] INFO  impl.LeaderElection (LeaderElection.java:askForVotes(178)) - 25d6372c-77fd-4a39-ac2a-e48debad48df@group-B2671EB745D2-LeaderElection214: begin an election at term 228 for -1: [50423279-f647-4a18-8e85-347d68eaf856:192.168.69.88:39583, 2ec85f63-33fb-4317-9145-71357d145af9:192.168.69.88:42357, 25d6372c-77fd-4a39-ac2a-e48debad48df:192.168.69.88:39591], old=null
2019-10-15 16:12:00,787 [grpc-default-executor-2] INFO  impl.RaftServerImpl (RaftServerImpl.java:setRole(184)) - 50423279-f647-4a18-8e85-347d68eaf856@group-B2671EB745D2: changes role from  FOLLOWER to FOLLOWER at term 228 for recognizeCandidate:25d6372c-77fd-4a39-ac2a-e48debad48df
2019-10-15 16:12:00,787 [grpc-default-executor-1] INFO  impl.RaftServerImpl (RaftServerImpl.java:setRole(184)) - 2ec85f63-33fb-4317-9145-71357d145af9@group-B2671EB745D2: changes role from  FOLLOWER to FOLLOWER at term 228 for recognizeCandidate:25d6372c-77fd-4a39-ac2a-e48debad48df
2019-10-15 16:12:00,788 [grpc-default-executor-1] INFO  impl.RoleInfo (RoleInfo.java:shutdownFollowerState(121)) - 2ec85f63-33fb-4317-9145-71357d145af9: shutdown FollowerState
2019-10-15 16:12:00,787 [grpc-default-executor-2] INFO  impl.RoleInfo (RoleInfo.java:shutdownFollowerState(121)) - 50423279-f647-4a18-8e85-347d68eaf856: shutdown FollowerState
2019-10-15 16:12:00,788 [Thread-1623] INFO  impl.FollowerState (FollowerState.java:run(117)) - 2ec85f63-33fb-4317-9145-71357d145af9@group-B2671EB745D2-FollowerState was interrupted: java.lang.InterruptedException: sleep interrupted
2019-10-15 16:12:00,788 [grpc-default-executor-1] INFO  impl.RoleInfo (RoleInfo.java:updateAndGet(143)) - 2ec85f63-33fb-4317-9145-71357d145af9: start FollowerState
2019-10-15 16:12:00,788 [Thread-1622] INFO  impl.FollowerState (FollowerState.java:run(117)) - 50423279-f647-4a18-8e85-347d68eaf856@group-B2671EB745D2-FollowerState was interrupted: java.lang.InterruptedException: sleep interrupted
2019-10-15 16:12:00,788 [grpc-default-executor-2] INFO  impl.RoleInfo (RoleInfo.java:updateAndGet(143)) - 50423279-f647-4a18-8e85-347d68eaf856: start FollowerState
2019-10-15 16:12:00,797 [25d6372c-77fd-4a39-ac2a-e48debad48df@group-B2671EB745D2-LeaderElection214] INFO  impl.LeaderElection (LeaderElection.java:logAndReturn(56)) - 25d6372c-77fd-4a39-ac2a-e48debad48df@group-B2671EB745D2-LeaderElection214: Election REJECTED; received 2 response(s) [25d6372c-77fd-4a39-ac2a-e48debad48df<-50423279-f647-4a18-8e85-347d68eaf856#0:FAIL-t228, 25d6372c-77fd-4a39-ac2a-e48debad48df<-2ec85f63-33fb-4317-9145-71357d145af9#0:FAIL-t228] and 0 exception(s); 25d6372c-77fd-4a39-ac2a-e48debad48df@group-B2671EB745D2:t228, leader=null, voted=25d6372c-77fd-4a39-ac2a-e48debad48df, raftlog=25d6372c-77fd-4a39-ac2a-e48debad48df@group-B2671EB745D2-SegmentedRaftLog:OPENED:c-1,f-1,i0, conf=-1: [50423279-f647-4a18-8e85-347d68eaf856:192.168.69.88:39583, 2ec85f63-33fb-4317-9145-71357d145af9:192.168.69.88:42357, 25d6372c-77fd-4a39-ac2a-e48debad48df:192.168.69.88:39591], old=null
2019-10-15 16:12:00,798 [25d6372c-77fd-4a39-ac2a-e48debad48df@group-B2671EB745D2-LeaderElection214] INFO  impl.RaftServerImpl (RaftServerImpl.java:setRole(184)) - 25d6372c-77fd-4a39-ac2a-e48debad48df@group-B2671EB745D2: changes role from CANDIDATE to FOLLOWER at term 228 for DISCOVERED_A_NEW_TERM
2019-10-15 16:12:00,798 [25d6372c-77fd-4a39-ac2a-e48debad48df@group-B2671EB745D2-LeaderElection214] INFO  impl.RoleInfo (RoleInfo.java:shutdownLeaderElection(134)) - 25d6372c-77fd-4a39-ac2a-e48debad48df: shutdown LeaderElection
2019-10-15 16:12:00,798 [25d6372c-77fd-4a39-ac2a-e48debad48df@group-B2671EB745D2-LeaderElection214] INFO  impl.RoleInfo (RoleInfo.java:updateAndGet(143)) - 25d6372c-77fd-4a39-ac2a-e48debad48df: start FollowerState
2019-10-15 16:12:00,959 [Thread-1630] INFO  impl.FollowerState (FollowerState.java:run(108)) - 25d6372c-77fd-4a39-ac2a-e48debad48df@group-B2671EB745D2-FollowerState: change to CANDIDATE, lastRpcTime:161ms, electionTimeout:161ms
2019-10-15 16:12:00,959 [Thread-1630] INFO  impl.RoleInfo (RoleInfo.java:shutdownFollowerState(121)) - 25d6372c-77fd-4a39-ac2a-e48debad48df: shutdown FollowerState
2019-10-15 16:12:00,959 [Thread-1630] INFO  impl.RaftServerImpl (RaftServerImpl.java:setRole(184)) - 25d6372c-77fd-4a39-ac2a-e48debad48df@group-B2671EB745D2: changes role from  FOLLOWER to CANDIDATE at term 228 for changeToCandidate
2019-10-15 16:12:00,960 [Thread-1630] INFO  impl.RoleInfo (RoleInfo.java:updateAndGet(143)) - 25d6372c-77fd-4a39-ac2a-e48debad48df: start LeaderElection
2019-10-15 16:12:00,974 [25d6372c-77fd-4a39-ac2a-e48debad48df@group-B2671EB745D2-LeaderElection215] INFO  impl.LeaderElection (LeaderElection.java:askForVotes(178)) - 25d6372c-77fd-4a39-ac2a-e48debad48df@group-B2671EB745D2-LeaderElection215: begin an election at term 229 for -1: [50423279-f647-4a18-8e85-347d68eaf856:192.168.69.88:39583, 2ec85f63-33fb-4317-9145-71357d145af9:192.168.69.88:42357, 25d6372c-77fd-4a39-ac2a-e48debad48df:192.168.69.88:39591], old=null
2019-10-15 16:12:00,976 [grpc-default-executor-2] INFO  impl.RaftServerImpl (RaftServerImpl.java:setRole(184)) - 50423279-f647-4a18-8e85-347d68eaf856@group-B2671EB745D2: changes role from  FOLLOWER to FOLLOWER at term 229 for recognizeCandidate:25d6372c-77fd-4a39-ac2a-e48debad48df
2019-10-15 16:12:00,976 [grpc-default-executor-1] INFO  impl.RaftServerImpl (RaftServerImpl.java:setRole(184)) - 2ec85f63-33fb-4317-9145-71357d145af9@group-B2671EB745D2: changes role from  FOLLOWER to FOLLOWER at term 229 for recognizeCandidate:25d6372c-77fd-4a39-ac2a-e48debad48df
2019-10-15 16:12:00,976 [grpc-default-executor-2] INFO  impl.RoleInfo (RoleInfo.java:shutdownFollowerState(121)) - 50423279-f647-4a18-8e85-347d68eaf856: shutdown FollowerState
2019-10-15 16:12:00,976 [grpc-default-executor-1] INFO  impl.RoleInfo (RoleInfo.java:shutdownFollowerState(121)) - 2ec85f63-33fb-4317-9145-71357d145af9: shutdown FollowerState
2019-10-15 16:12:00,976 [grpc-default-executor-2] INFO  impl.RoleInfo (RoleInfo.java:updateAndGet(143)) - 50423279-f647-4a18-8e85-347d68eaf856: start FollowerState
2019-10-15 16:12:00,977 [Thread-1628] INFO  impl.FollowerState (FollowerState.java:run(117)) - 2ec85f63-33fb-4317-9145-71357d145af9@group-B2671EB745D2-FollowerState was interrupted: java.lang.InterruptedException: sleep interrupted
2019-10-15 16:12:00,977 [Thread-1629] INFO  impl.FollowerState (FollowerState.java:run(117)) - 50423279-f647-4a18-8e85-347d68eaf856@group-B2671EB745D2-FollowerState was interrupted: java.lang.InterruptedException: sleep interrupted
2019-10-15 16:12:00,977 [grpc-default-executor-1] INFO  impl.RoleInfo (RoleInfo.java:updateAndGet(143)) - 2ec85f63-33fb-4317-9145-71357d145af9: start FollowerState
2019-10-15 16:12:00,992 [25d6372c-77fd-4a39-ac2a-e48debad48df@group-B2671EB745D2-LeaderElection215] INFO  impl.LeaderElection (LeaderElection.java:logAndReturn(56)) - 25d6372c-77fd-4a39-ac2a-e48debad48df@group-B2671EB745D2-LeaderElection215: Election REJECTED; received 2 response(s) [25d6372c-77fd-4a39-ac2a-e48debad48df<-50423279-f647-4a18-8e85-347d68eaf856#0:FAIL-t229, 25d6372c-77fd-4a39-ac2a-e48debad48df<-2ec85f63-33fb-4317-9145-71357d145af9#0:FAIL-t229] and 0 exception(s); 25d6372c-77fd-4a39-ac2a-e48debad48df@group-B2671EB745D2:t229, leader=null, voted=25d6372c-77fd-4a39-ac2a-e48debad48df, raftlog=25d6372c-77fd-4a39-ac2a-e48debad48df@group-B2671EB745D2-SegmentedRaftLog:OPENED:c-1,f-1,i0, conf=-1: [50423279-f647-4a18-8e85-347d68eaf856:192.168.69.88:39583, 2ec85f63-33fb-4317-9145-71357d145af9:192.168.69.88:42357, 25d6372c-77fd-4a39-ac2a-e48debad48df:192.168.69.88:39591], old=null
2019-10-15 16:12:00,992 [25d6372c-77fd-4a39-ac2a-e48debad48df@group-B2671EB745D2-LeaderElection215] INFO  impl.RaftServerImpl (RaftServerImpl.java:setRole(184)) - 25d6372c-77fd-4a39-ac2a-e48debad48df@group-B2671EB745D2: changes role from CANDIDATE to FOLLOWER at term 229 for DISCOVERED_A_NEW_TERM
2019-10-15 16:12:00,992 [25d6372c-77fd-4a39-ac2a-e48debad48df@group-B2671EB745D2-LeaderElection215] INFO  impl.RoleInfo (RoleInfo.java:shutdownLeaderElection(134)) - 25d6372c-77fd-4a39-ac2a-e48debad48df: shutdown LeaderElection
2019-10-15 16:12:00,992 [25d6372c-77fd-4a39-ac2a-e48debad48df@group-B2671EB745D2-LeaderElection215] INFO  impl.RoleInfo (RoleInfo.java:updateAndGet(143)) - 25d6372c-77fd-4a39-ac2a-e48debad48df: start FollowerState
2019-10-15 16:12:01,042 [Thread-1636] INFO  impl.FollowerState (FollowerState.java:run(108)) - 25d6372c-77fd-4a39-ac2a-e48debad48df@group-B2671EB745D2-FollowerState: change to CANDIDATE, lastRpcTime:50ms, electionTimeout:50ms
2019-10-15 16:12:01,043 [Thread-1636] INFO  impl.RoleInfo (RoleInfo.java:shutdownFollowerState(121)) - 25d6372c-77fd-4a39-ac2a-e48debad48df: shutdown FollowerState
2019-10-15 16:12:01,043 [Thread-1636] INFO  impl.RaftServerImpl (RaftServerImpl.java:setRole(184)) - 25d6372c-77fd-4a39-ac2a-e48debad48df@group-B2671EB745D2: changes role from  FOLLOWER to CANDIDATE at term 229 for changeToCandidate
2019-10-15 16:12:01,043 [Thread-1636] INFO  impl.RoleInfo (RoleInfo.java:updateAndGet(143)) - 25d6372c-77fd-4a39-ac2a-e48debad48df: start LeaderElection
2019-10-15 16:12:01,049 [25d6372c-77fd-4a39-ac2a-e48debad48df@group-B2671EB745D2-LeaderElection216] INFO  impl.LeaderElection (LeaderElection.java:askForVotes(178)) - 25d6372c-77fd-4a39-ac2a-e48debad48df@group-B2671EB745D2-LeaderElection216: begin an election at term 230 for -1: [50423279-f647-4a18-8e85-347d68eaf856:192.168.69.88:39583, 2ec85f63-33fb-4317-9145-71357d145af9:192.168.69.88:42357, 25d6372c-77fd-4a39-ac2a-e48debad48df:192.168.69.88:39591], old=null
2019-10-15 16:12:01,051 [grpc-default-executor-1] INFO  impl.RaftServerImpl (RaftServerImpl.java:setRole(184)) - 50423279-f647-4a18-8e85-347d68eaf856@group-B2671EB745D2: changes role from  FOLLOWER to FOLLOWER at term 230 for recognizeCandidate:25d6372c-77fd-4a39-ac2a-e48debad48df
2019-10-15 16:12:01,051 [grpc-default-executor-2] INFO  impl.RaftServerImpl (RaftServerImpl.java:setRole(184)) - 2ec85f63-33fb-4317-9145-71357d145af9@group-B2671EB745D2: changes role from  FOLLOWER to FOLLOWER at term 230 for recognizeCandidate:25d6372c-77fd-4a39-ac2a-e48debad48df
2019-10-15 16:12:01,051 [grpc-default-executor-1] INFO  impl.RoleInfo (RoleInfo.java:shutdownFollowerState(121)) - 50423279-f647-4a18-8e85-347d68eaf856: shutdown FollowerState
2019-10-15 16:12:01,051 [grpc-default-executor-2] INFO  impl.RoleInfo (RoleInfo.java:shutdownFollowerState(121)) - 2ec85f63-33fb-4317-9145-71357d145af9: shutdown FollowerState
2019-10-15 16:12:01,052 [Thread-1634] INFO  impl.FollowerState (FollowerState.java:run(117)) - 50423279-f647-4a18-8e85-347d68eaf856@group-B2671EB745D2-FollowerState was interrupted: java.lang.InterruptedException: sleep interrupted
2019-10-15 16:12:01,051 [grpc-default-executor-1] INFO  impl.RoleInfo (RoleInfo.java:updateAndGet(143)) - 50423279-f647-4a18-8e85-347d68eaf856: start FollowerState
2019-10-15 16:12:01,052 [Thread-1635] INFO  impl.FollowerState (FollowerState.java:run(117)) - 2ec85f63-33fb-4317-9145-71357d145af9@group-B2671EB745D2-FollowerState was interrupted: java.lang.InterruptedException: sleep interrupted
2019-10-15 16:12:01,052 [grpc-default-executor-2] INFO  impl.RoleInfo (RoleInfo.java:updateAndGet(143)) - 2ec85f63-33fb-4317-9145-71357d145af9: start FollowerState
2019-10-15 16:12:01,063 [25d6372c-77fd-4a39-ac2a-e48debad48df@group-B2671EB745D2-LeaderElection216] INFO  impl.LeaderElection (LeaderElection.java:logAndReturn(56)) - 25d6372c-77fd-4a39-ac2a-e48debad48df@group-B2671EB745D2-LeaderElection216: Election REJECTED; received 2 response(s) [25d6372c-77fd-4a39-ac2a-e48debad48df<-50423279-f647-4a18-8e85-347d68eaf856#0:FAIL-t230, 25d6372c-77fd-4a39-ac2a-e48debad48df<-2ec85f63-33fb-4317-9145-71357d145af9#0:FAIL-t230] and 0 exception(s); 25d6372c-77fd-4a39-ac2a-e48debad48df@group-B2671EB745D2:t230, leader=null, voted=25d6372c-77fd-4a39-ac2a-e48debad48df, raftlog=25d6372c-77fd-4a39-ac2a-e48debad48df@group-B2671EB745D2-SegmentedRaftLog:OPENED:c-1,f-1,i0, conf=-1: [50423279-f647-4a18-8e85-347d68eaf856:192.168.69.88:39583, 2ec85f63-33fb-4317-9145-71357d145af9:192.168.69.88:42357, 25d6372c-77fd-4a39-ac2a-e48debad48df:192.168.69.88:39591], old=null
2019-10-15 16:12:01,063 [25d6372c-77fd-4a39-ac2a-e48debad48df@group-B2671EB745D2-LeaderElection216] INFO  impl.RaftServerImpl (RaftServerImpl.java:setRole(184)) - 25d6372c-77fd-4a39-ac2a-e48debad48df@group-B2671EB745D2: changes role from CANDIDATE to FOLLOWER at term 230 for DISCOVERED_A_NEW_TERM
2019-10-15 16:12:01,063 [25d6372c-77fd-4a39-ac2a-e48debad48df@group-B2671EB745D2-LeaderElection216] INFO  impl.RoleInfo (RoleInfo.java:shutdownLeaderElection(134)) - 25d6372c-77fd-4a39-ac2a-e48debad48df: shutdown LeaderElection
2019-10-15 16:12:01,063 [25d6372c-77fd-4a39-ac2a-e48debad48df@group-B2671EB745D2-LeaderElection216] INFO  impl.RoleInfo (RoleInfo.java:updateAndGet(143)) - 25d6372c-77fd-4a39-ac2a-e48debad48df: start FollowerState
2019-10-15 16:12:01,117 [Thread-1642] INFO  impl.FollowerState (FollowerState.java:run(108)) - 25d6372c-77fd-4a39-ac2a-e48debad48df@group-B2671EB745D2-FollowerState: change to CANDIDATE, lastRpcTime:54ms, electionTimeout:54ms
2019-10-15 16:12:01,118 [Thread-1642] INFO  impl.RoleInfo (RoleInfo.java:shutdownFollowerState(121)) - 25d6372c-77fd-4a39-ac2a-e48debad48df: shutdown FollowerState
2019-10-15 16:12:01,118 [Thread-1642] INFO  impl.RaftServerImpl (RaftServerImpl.java:setRole(184)) - 25d6372c-77fd-4a39-ac2a-e48debad48df@group-B2671EB745D2: changes role from  FOLLOWER to CANDIDATE at term 230 for changeToCandidate
2019-10-15 16:12:01,118 [Thread-1642] INFO  impl.RoleInfo (RoleInfo.java:updateAndGet(143)) - 25d6372c-77fd-4a39-ac2a-e48debad48df: start LeaderElection
2019-10-15 16:12:01,124 [25d6372c-77fd-4a39-ac2a-e48debad48df@group-B2671EB745D2-LeaderElection217] INFO  impl.LeaderElection (LeaderElection.java:askForVotes(178)) - 25d6372c-77fd-4a39-ac2a-e48debad48df@group-B2671EB745D2-LeaderElection217: begin an election at term 231 for -1: [50423279-f647-4a18-8e85-347d68eaf856:192.168.69.88:39583, 2ec85f63-33fb-4317-9145-71357d145af9:192.168.69.88:42357, 25d6372c-77fd-4a39-ac2a-e48debad48df:192.168.69.88:39591], old=null
2019-10-15 16:12:01,126 [grpc-default-executor-1] INFO  impl.RaftServerImpl (RaftServerImpl.java:setRole(184)) - 50423279-f647-4a18-8e85-347d68eaf856@group-B2671EB745D2: changes role from  FOLLOWER to FOLLOWER at term 231 for recognizeCandidate:25d6372c-77fd-4a39-ac2a-e48debad48df
2019-10-15 16:12:01,126 [grpc-default-executor-1] INFO  impl.RoleInfo (RoleInfo.java:shutdownFollowerState(121)) - 50423279-f647-4a18-8e85-347d68eaf856: shutdown FollowerState
2019-10-15 16:12:01,126 [grpc-default-executor-2] INFO  impl.RaftServerImpl (RaftServerImpl.java:setRole(184)) - 2ec85f63-33fb-4317-9145-71357d145af9@group-B2671EB745D2: changes role from  FOLLOWER to FOLLOWER at term 231 for recognizeCandidate:25d6372c-77fd-4a39-ac2a-e48debad48df
2019-10-15 16:12:01,127 [grpc-default-executor-2] INFO  impl.RoleInfo (RoleInfo.java:shutdownFollowerState(121)) - 2ec85f63-33fb-4317-9145-71357d145af9: shutdown FollowerState
2019-10-15 16:12:01,127 [Thread-1640] INFO  impl.FollowerState (FollowerState.java:run(117)) - 50423279-f647-4a18-8e85-347d68eaf856@group-B2671EB745D2-FollowerState was interrupted: java.lang.InterruptedException: sleep interrupted
2019-10-15 16:12:01,127 [Thread-1641] INFO  impl.FollowerState (FollowerState.java:run(117)) - 2ec85f63-33fb-4317-9145-71357d145af9@group-B2671EB745D2-FollowerState was interrupted: java.lang.InterruptedException: sleep interrupted
2019-10-15 16:12:01,126 [grpc-default-executor-1] INFO  impl.RoleInfo (RoleInfo.java:updateAndGet(143)) - 50423279-f647-4a18-8e85-347d68eaf856: start FollowerState
2019-10-15 16:12:01,127 [grpc-default-executor-2] INFO  impl.RoleInfo (RoleInfo.java:updateAndGet(143)) - 2ec85f63-33fb-4317-9145-71357d145af9: start FollowerState
2019-10-15 16:12:01,135 [25d6372c-77fd-4a39-ac2a-e48debad48df@group-B2671EB745D2-LeaderElection217] INFO  impl.LeaderElection (LeaderElection.java:logAndReturn(56)) - 25d6372c-77fd-4a39-ac2a-e48debad48df@group-B2671EB745D2-LeaderElection217: Election REJECTED; received 2 response(s) [25d6372c-77fd-4a39-ac2a-e48debad48df<-2ec85f63-33fb-4317-9145-71357d145af9#0:FAIL-t231, 25d6372c-77fd-4a39-ac2a-e48debad48df<-50423279-f647-4a18-8e85-347d68eaf856#0:FAIL-t231] and 0 exception(s); 25d6372c-77fd-4a39-ac2a-e48debad48df@group-B2671EB745D2:t231, leader=null, voted=25d6372c-77fd-4a39-ac2a-e48debad48df, raftlog=25d6372c-77fd-4a39-ac2a-e48debad48df@group-B2671EB745D2-SegmentedRaftLog:OPENED:c-1,f-1,i0, conf=-1: [50423279-f647-4a18-8e85-347d68eaf856:192.168.69.88:39583, 2ec85f63-33fb-4317-9145-71357d145af9:192.168.69.88:42357, 25d6372c-77fd-4a39-ac2a-e48debad48df:192.168.69.88:39591], old=null
2019-10-15 16:12:01,135 [25d6372c-77fd-4a39-ac2a-e48debad48df@group-B2671EB745D2-LeaderElection217] INFO  impl.RaftServerImpl (RaftServerImpl.java:setRole(184)) - 25d6372c-77fd-4a39-ac2a-e48debad48df@group-B2671EB745D2: changes role from CANDIDATE to FOLLOWER at term 231 for DISCOVERED_A_NEW_TERM
2019-10-15 16:12:01,136 [25d6372c-77fd-4a39-ac2a-e48debad48df@group-B2671EB745D2-LeaderElection217] INFO  impl.RoleInfo (RoleInfo.java:shutdownLeaderElection(134)) - 25d6372c-77fd-4a39-ac2a-e48debad48df: shutdown LeaderElection
2019-10-15 16:12:01,136 [25d6372c-77fd-4a39-ac2a-e48debad48df@group-B2671EB745D2-LeaderElection217] INFO  impl.RoleInfo (RoleInfo.java:updateAndGet(143)) - 25d6372c-77fd-4a39-ac2a-e48debad48df: start FollowerState
2019-10-15 16:12:01,221 [Thread-1648] INFO  impl.FollowerState (FollowerState.java:run(108)) - 25d6372c-77fd-4a39-ac2a-e48debad48df@group-B2671EB745D2-FollowerState: change to CANDIDATE, lastRpcTime:85ms, electionTimeout:85ms
2019-10-15 16:12:01,221 [Thread-1648] INFO  impl.RoleInfo (RoleInfo.java:shutdownFollowerState(121)) - 25d6372c-77fd-4a39-ac2a-e48debad48df: shutdown FollowerState
2019-10-15 16:12:01,222 [Thread-1648] INFO  impl.RaftServerImpl (RaftServerImpl.java:setRole(184)) - 25d6372c-77fd-4a39-ac2a-e48debad48df@group-B2671EB745D2: changes role from  FOLLOWER to CANDIDATE at term 231 for changeToCandidate
2019-10-15 16:12:01,222 [Thread-1648] INFO  impl.RoleInfo (RoleInfo.java:updateAndGet(143)) - 25d6372c-77fd-4a39-ac2a-e48debad48df: start LeaderElection
2019-10-15 16:12:01,229 [25d6372c-77fd-4a39-ac2a-e48debad48df@group-B2671EB745D2-LeaderElection218] INFO  impl.LeaderElection (LeaderElection.java:askForVotes(178)) - 25d6372c-77fd-4a39-ac2a-e48debad48df@group-B2671EB745D2-LeaderElection218: begin an election at term 232 for -1: [50423279-f647-4a18-8e85-347d68eaf856:192.168.69.88:39583, 2ec85f63-33fb-4317-9145-71357d145af9:192.168.69.88:42357, 25d6372c-77fd-4a39-ac2a-e48debad48df:192.168.69.88:39591], old=null
2019-10-15 16:12:01,231 [grpc-default-executor-2] INFO  impl.RaftServerImpl (RaftServerImpl.java:setRole(184)) - 2ec85f63-33fb-4317-9145-71357d145af9@group-B2671EB745D2: changes role from  FOLLOWER to FOLLOWER at term 232 for recognizeCandidate:25d6372c-77fd-4a39-ac2a-e48debad48df
2019-10-15 16:12:01,231 [grpc-default-executor-1] INFO  impl.RaftServerImpl (RaftServerImpl.java:setRole(184)) - 50423279-f647-4a18-8e85-347d68eaf856@group-B2671EB745D2: changes role from  FOLLOWER to FOLLOWER at term 232 for recognizeCandidate:25d6372c-77fd-4a39-ac2a-e48debad48df
2019-10-15 16:12:01,231 [grpc-default-executor-1] INFO  impl.RoleInfo (RoleInfo.java:shutdownFollowerState(121)) - 50423279-f647-4a18-8e85-347d68eaf856: shutdown FollowerState
2019-10-15 16:12:01,231 [grpc-default-executor-2] INFO  impl.RoleInfo (RoleInfo.java:shutdownFollowerState(121)) - 2ec85f63-33fb-4317-9145-71357d145af9: shutdown FollowerState
2019-10-15 16:12:01,232 [Thread-1646] INFO  impl.FollowerState (FollowerState.java:run(117)) - 50423279-f647-4a18-8e85-347d68eaf856@group-B2671EB745D2-FollowerState was interrupted: java.lang.InterruptedException: sleep interrupted
2019-10-15 16:12:01,232 [grpc-default-executor-1] INFO  impl.RoleInfo (RoleInfo.java:updateAndGet(143)) - 50423279-f647-4a18-8e85-347d68eaf856: start FollowerState
2019-10-15 16:12:01,232 [Thread-1647] INFO  impl.FollowerState (FollowerState.java:run(117)) - 2ec85f63-33fb-4317-9145-71357d145af9@group-B2671EB745D2-FollowerState was interrupted: java.lang.InterruptedException: sleep interrupted
2019-10-15 16:12:01,232 [grpc-default-executor-2] INFO  impl.RoleInfo (RoleInfo.java:updateAndGet(143)) - 2ec85f63-33fb-4317-9145-71357d145af9: start FollowerState
2019-10-15 16:12:01,237 [25d6372c-77fd-4a39-ac2a-e48debad48df@group-B2671EB745D2-LeaderElection218] INFO  impl.LeaderElection (LeaderElection.java:logAndReturn(56)) - 25d6372c-77fd-4a39-ac2a-e48debad48df@group-B2671EB745D2-LeaderElection218: Election REJECTED; received 2 response(s) [25d6372c-77fd-4a39-ac2a-e48debad48df<-2ec85f63-33fb-4317-9145-71357d145af9#0:FAIL-t232, 25d6372c-77fd-4a39-ac2a-e48debad48df<-50423279-f647-4a18-8e85-347d68eaf856#0:FAIL-t232] and 0 exception(s); 25d6372c-77fd-4a39-ac2a-e48debad48df@group-B2671EB745D2:t232, leader=null, voted=25d6372c-77fd-4a39-ac2a-e48debad48df, raftlog=25d6372c-77fd-4a39-ac2a-e48debad48df@group-B2671EB745D2-SegmentedRaftLog:OPENED:c-1,f-1,i0, conf=-1: [50423279-f647-4a18-8e85-347d68eaf856:192.168.69.88:39583, 2ec85f63-33fb-4317-9145-71357d145af9:192.168.69.88:42357, 25d6372c-77fd-4a39-ac2a-e48debad48df:192.168.69.88:39591], old=null
2019-10-15 16:12:01,238 [25d6372c-77fd-4a39-ac2a-e48debad48df@group-B2671EB745D2-LeaderElection218] INFO  impl.RaftServerImpl (RaftServerImpl.java:setRole(184)) - 25d6372c-77fd-4a39-ac2a-e48debad48df@group-B2671EB745D2: changes role from CANDIDATE to FOLLOWER at term 232 for DISCOVERED_A_NEW_TERM
2019-10-15 16:12:01,238 [25d6372c-77fd-4a39-ac2a-e48debad48df@group-B2671EB745D2-LeaderElection218] INFO  impl.RoleInfo (RoleInfo.java:shutdownLeaderElection(134)) - 25d6372c-77fd-4a39-ac2a-e48debad48df: shutdown LeaderElection
2019-10-15 16:12:01,238 [25d6372c-77fd-4a39-ac2a-e48debad48df@group-B2671EB745D2-LeaderElection218] INFO  impl.RoleInfo (RoleInfo.java:updateAndGet(143)) - 25d6372c-77fd-4a39-ac2a-e48debad48df: start FollowerState
2019-10-15 16:12:01,266 [Thread-1654] INFO  impl.FollowerState (FollowerState.java:run(108)) - 25d6372c-77fd-4a39-ac2a-e48debad48df@group-B2671EB745D2-FollowerState: change to CANDIDATE, lastRpcTime:28ms, electionTimeout:28ms
2019-10-15 16:12:01,267 [Thread-1654] INFO  impl.RoleInfo (RoleInfo.java:shutdownFollowerState(121)) - 25d6372c-77fd-4a39-ac2a-e48debad48df: shutdown FollowerState
2019-10-15 16:12:01,267 [Thread-1654] INFO  impl.RaftServerImpl (RaftServerImpl.java:setRole(184)) - 25d6372c-77fd-4a39-ac2a-e48debad48df@group-B2671EB745D2: changes role from  FOLLOWER to CANDIDATE at term 232 for changeToCandidate
2019-10-15 16:12:01,267 [Thread-1654] INFO  impl.RoleInfo (RoleInfo.java:updateAndGet(143)) - 25d6372c-77fd-4a39-ac2a-e48debad48df: start LeaderElection
2019-10-15 16:12:01,271 [25d6372c-77fd-4a39-ac2a-e48debad48df@group-B2671EB745D2-LeaderElection219] INFO  impl.LeaderElection (LeaderElection.java:askForVotes(178)) - 25d6372c-77fd-4a39-ac2a-e48debad48df@group-B2671EB745D2-LeaderElection219: begin an election at term 233 for -1: [50423279-f647-4a18-8e85-347d68eaf856:192.168.69.88:39583, 2ec85f63-33fb-4317-9145-71357d145af9:192.168.69.88:42357, 25d6372c-77fd-4a39-ac2a-e48debad48df:192.168.69.88:39591], old=null
2019-10-15 16:12:01,273 [grpc-default-executor-1] INFO  impl.RaftServerImpl (RaftServerImpl.java:setRole(184)) - 2ec85f63-33fb-4317-9145-71357d145af9@group-B2671EB745D2: changes role from  FOLLOWER to FOLLOWER at term 233 for recognizeCandidate:25d6372c-77fd-4a39-ac2a-e48debad48df
2019-10-15 16:12:01,273 [grpc-default-executor-1] INFO  impl.RoleInfo (RoleInfo.java:shutdownFollowerState(121)) - 2ec85f63-33fb-4317-9145-71357d145af9: shutdown FollowerState
2019-10-15 16:12:01,273 [grpc-default-executor-2] INFO  impl.RaftServerImpl (RaftServerImpl.java:setRole(184)) - 50423279-f647-4a18-8e85-347d68eaf856@group-B2671EB745D2: changes role from  FOLLOWER to FOLLOWER at term 233 for recognizeCandidate:25d6372c-77fd-4a39-ac2a-e48debad48df
2019-10-15 16:12:01,274 [Thread-1653] INFO  impl.FollowerState (FollowerState.java:run(117)) - 2ec85f63-33fb-4317-9145-71357d145af9@group-B2671EB745D2-FollowerState was interrupted: java.lang.InterruptedException: sleep interrupted
2019-10-15 16:12:01,274 [grpc-default-executor-1] INFO  impl.RoleInfo (RoleInfo.java:updateAndGet(143)) - 2ec85f63-33fb-4317-9145-71357d145af9: start FollowerState
2019-10-15 16:12:01,274 [grpc-default-executor-2] INFO  impl.RoleInfo (RoleInfo.java:shutdownFollowerState(121)) - 50423279-f647-4a18-8e85-347d68eaf856: shutdown FollowerState
2019-10-15 16:12:01,274 [grpc-default-executor-2] INFO  impl.RoleInfo (RoleInfo.java:updateAndGet(143)) - 50423279-f647-4a18-8e85-347d68eaf856: start FollowerState
2019-10-15 16:12:01,274 [Thread-1652] INFO  impl.FollowerState (FollowerState.java:run(117)) - 50423279-f647-4a18-8e85-347d68eaf856@group-B2671EB745D2-FollowerState was interrupted: java.lang.InterruptedException: sleep interrupted
2019-10-15 16:12:01,278 [25d6372c-77fd-4a39-ac2a-e48debad48df@group-B2671EB745D2-LeaderElection219] INFO  impl.LeaderElection (LeaderElection.java:logAndReturn(56)) - 25d6372c-77fd-4a39-ac2a-e48debad48df@group-B2671EB745D2-LeaderElection219: Election REJECTED; received 2 response(s) [25d6372c-77fd-4a39-ac2a-e48debad48df<-50423279-f647-4a18-8e85-347d68eaf856#0:FAIL-t233, 25d6372c-77fd-4a39-ac2a-e48debad48df<-2ec85f63-33fb-4317-9145-71357d145af9#0:FAIL-t233] and 0 exception(s); 25d6372c-77fd-4a39-ac2a-e48debad48df@group-B2671EB745D2:t233, leader=null, voted=25d6372c-77fd-4a39-ac2a-e48debad48df, raftlog=25d6372c-77fd-4a39-ac2a-e48debad48df@group-B2671EB745D2-SegmentedRaftLog:OPENED:c-1,f-1,i0, conf=-1: [50423279-f647-4a18-8e85-347d68eaf856:192.168.69.88:39583, 2ec85f63-33fb-4317-9145-71357d145af9:192.168.69.88:42357, 25d6372c-77fd-4a39-ac2a-e48debad48df:192.168.69.88:39591], old=null
2019-10-15 16:12:01,278 [25d6372c-77fd-4a39-ac2a-e48debad48df@group-B2671EB745D2-LeaderElection219] INFO  impl.RaftServerImpl (RaftServerImpl.java:setRole(184)) - 25d6372c-77fd-4a39-ac2a-e48debad48df@group-B2671EB745D2: changes role from CANDIDATE to FOLLOWER at term 233 for DISCOVERED_A_NEW_TERM
2019-10-15 16:12:01,278 [25d6372c-77fd-4a39-ac2a-e48debad48df@group-B2671EB745D2-LeaderElection219] INFO  impl.RoleInfo (RoleInfo.java:shutdownLeaderElection(134)) - 25d6372c-77fd-4a39-ac2a-e48debad48df: shutdown LeaderElection
2019-10-15 16:12:01,278 [25d6372c-77fd-4a39-ac2a-e48debad48df@group-B2671EB745D2-LeaderElection219] INFO  impl.RoleInfo (RoleInfo.java:updateAndGet(143)) - 25d6372c-77fd-4a39-ac2a-e48debad48df: start FollowerState
2019-10-15 16:12:01,305 [Thread-1660] INFO  impl.FollowerState (FollowerState.java:run(108)) - 25d6372c-77fd-4a39-ac2a-e48debad48df@group-B2671EB745D2-FollowerState: change to CANDIDATE, lastRpcTime:26ms, electionTimeout:26ms
2019-10-15 16:12:01,305 [Thread-1660] INFO  impl.RoleInfo (RoleInfo.java:shutdownFollowerState(121)) - 25d6372c-77fd-4a39-ac2a-e48debad48df: shutdown FollowerState
2019-10-15 16:12:01,305 [Thread-1660] INFO  impl.RaftServerImpl (RaftServerImpl.java:setRole(184)) - 25d6372c-77fd-4a39-ac2a-e48debad48df@group-B2671EB745D2: changes role from  FOLLOWER to CANDIDATE at term 233 for changeToCandidate
2019-10-15 16:12:01,305 [Thread-1660] INFO  impl.RoleInfo (RoleInfo.java:updateAndGet(143)) - 25d6372c-77fd-4a39-ac2a-e48debad48df: start LeaderElection
2019-10-15 16:12:01,314 [25d6372c-77fd-4a39-ac2a-e48debad48df@group-B2671EB745D2-LeaderElection220] INFO  impl.LeaderElection (LeaderElection.java:askForVotes(178)) - 25d6372c-77fd-4a39-ac2a-e48debad48df@group-B2671EB745D2-LeaderElection220: begin an election at term 234 for -1: [50423279-f647-4a18-8e85-347d68eaf856:192.168.69.88:39583, 2ec85f63-33fb-4317-9145-71357d145af9:192.168.69.88:42357, 25d6372c-77fd-4a39-ac2a-e48debad48df:192.168.69.88:39591], old=null
2019-10-15 16:12:01,316 [grpc-default-executor-2] INFO  impl.RaftServerImpl (RaftServerImpl.java:setRole(184)) - 50423279-f647-4a18-8e85-347d68eaf856@group-B2671EB745D2: changes role from  FOLLOWER to FOLLOWER at term 234 for recognizeCandidate:25d6372c-77fd-4a39-ac2a-e48debad48df
2019-10-15 16:12:01,317 [grpc-default-executor-2] INFO  impl.RoleInfo (RoleInfo.java:shutdownFollowerState(121)) - 50423279-f647-4a18-8e85-347d68eaf856: shutdown FollowerState
2019-10-15 16:12:01,317 [grpc-default-executor-1] INFO  impl.RaftServerImpl (RaftServerImpl.java:setRole(184)) - 2ec85f63-33fb-4317-9145-71357d145af9@group-B2671EB745D2: changes role from  FOLLOWER to FOLLOWER at term 234 for recognizeCandidate:25d6372c-77fd-4a39-ac2a-e48debad48df
2019-10-15 16:12:01,317 [grpc-default-executor-1] INFO  impl.RoleInfo (RoleInfo.java:shutdownFollowerState(121)) - 2ec85f63-33fb-4317-9145-71357d145af9: shutdown FollowerState
2019-10-15 16:12:01,317 [grpc-default-executor-2] INFO  impl.RoleInfo (RoleInfo.java:updateAndGet(143)) - 50423279-f647-4a18-8e85-347d68eaf856: start FollowerState
2019-10-15 16:12:01,317 [Thread-1658] INFO  impl.FollowerState (FollowerState.java:run(117)) - 2ec85f63-33fb-4317-9145-71357d145af9@group-B2671EB745D2-FollowerState was interrupted: java.lang.InterruptedException: sleep interrupted
2019-10-15 16:12:01,317 [grpc-default-executor-1] INFO  impl.RoleInfo (RoleInfo.java:updateAndGet(143)) - 2ec85f63-33fb-4317-9145-71357d145af9: start FollowerState
2019-10-15 16:12:01,318 [Thread-1659] INFO  impl.FollowerState (FollowerState.java:run(117)) - 50423279-f647-4a18-8e85-347d68eaf856@group-B2671EB745D2-FollowerState was interrupted: java.lang.InterruptedException: sleep interrupted
2019-10-15 16:12:01,329 [25d6372c-77fd-4a39-ac2a-e48debad48df@group-B2671EB745D2-LeaderElection220] INFO  impl.LeaderElection (LeaderElection.java:logAndReturn(56)) - 25d6372c-77fd-4a39-ac2a-e48debad48df@group-B2671EB745D2-LeaderElection220: Election REJECTED; received 2 response(s) [25d6372c-77fd-4a39-ac2a-e48debad48df<-2ec85f63-33fb-4317-9145-71357d145af9#0:FAIL-t234, 25d6372c-77fd-4a39-ac2a-e48debad48df<-50423279-f647-4a18-8e85-347d68eaf856#0:FAIL-t234] and 0 exception(s); 25d6372c-77fd-4a39-ac2a-e48debad48df@group-B2671EB745D2:t234, leader=null, voted=25d6372c-77fd-4a39-ac2a-e48debad48df, raftlog=25d6372c-77fd-4a39-ac2a-e48debad48df@group-B2671EB745D2-SegmentedRaftLog:OPENED:c-1,f-1,i0, conf=-1: [50423279-f647-4a18-8e85-347d68eaf856:192.168.69.88:39583, 2ec85f63-33fb-4317-9145-71357d145af9:192.168.69.88:42357, 25d6372c-77fd-4a39-ac2a-e48debad48df:192.168.69.88:39591], old=null
2019-10-15 16:12:01,329 [25d6372c-77fd-4a39-ac2a-e48debad48df@group-B2671EB745D2-LeaderElection220] INFO  impl.RaftServerImpl (RaftServerImpl.java:setRole(184)) - 25d6372c-77fd-4a39-ac2a-e48debad48df@group-B2671EB745D2: changes role from CANDIDATE to FOLLOWER at term 234 for DISCOVERED_A_NEW_TERM
2019-10-15 16:12:01,330 [25d6372c-77fd-4a39-ac2a-e48debad48df@group-B2671EB745D2-LeaderElection220] INFO  impl.RoleInfo (RoleInfo.java:shutdownLeaderElection(134)) - 25d6372c-77fd-4a39-ac2a-e48debad48df: shutdown LeaderElection
2019-10-15 16:12:01,330 [25d6372c-77fd-4a39-ac2a-e48debad48df@group-B2671EB745D2-LeaderElection220] INFO  impl.RoleInfo (RoleInfo.java:updateAndGet(143)) - 25d6372c-77fd-4a39-ac2a-e48debad48df: start FollowerState
2019-10-15 16:12:01,516 [Thread-1666] INFO  impl.FollowerState (FollowerState.java:run(108)) - 25d6372c-77fd-4a39-ac2a-e48debad48df@group-B2671EB745D2-FollowerState: change to CANDIDATE, lastRpcTime:186ms, electionTimeout:186ms
2019-10-15 16:12:01,516 [Thread-1666] INFO  impl.RoleInfo (RoleInfo.java:shutdownFollowerState(121)) - 25d6372c-77fd-4a39-ac2a-e48debad48df: shutdown FollowerState
2019-10-15 16:12:01,517 [Thread-1666] INFO  impl.RaftServerImpl (RaftServerImpl.java:setRole(184)) - 25d6372c-77fd-4a39-ac2a-e48debad48df@group-B2671EB745D2: changes role from  FOLLOWER to CANDIDATE at term 234 for changeToCandidate
2019-10-15 16:12:01,517 [Thread-1666] INFO  impl.RoleInfo (RoleInfo.java:updateAndGet(143)) - 25d6372c-77fd-4a39-ac2a-e48debad48df: start LeaderElection
2019-10-15 16:12:01,523 [25d6372c-77fd-4a39-ac2a-e48debad48df@group-B2671EB745D2-LeaderElection221] INFO  impl.LeaderElection (LeaderElection.java:askForVotes(178)) - 25d6372c-77fd-4a39-ac2a-e48debad48df@group-B2671EB745D2-LeaderElection221: begin an election at term 235 for -1: [50423279-f647-4a18-8e85-347d68eaf856:192.168.69.88:39583, 2ec85f63-33fb-4317-9145-71357d145af9:192.168.69.88:42357, 25d6372c-77fd-4a39-ac2a-e48debad48df:192.168.69.88:39591], old=null
2019-10-15 16:12:01,525 [grpc-default-executor-1] INFO  impl.RaftServerImpl (RaftServerImpl.java:setRole(184)) - 50423279-f647-4a18-8e85-347d68eaf856@group-B2671EB745D2: changes role from  FOLLOWER to FOLLOWER at term 235 for recognizeCandidate:25d6372c-77fd-4a39-ac2a-e48debad48df
2019-10-15 16:12:01,525 [grpc-default-executor-1] INFO  impl.RoleInfo (RoleInfo.java:shutdownFollowerState(121)) - 50423279-f647-4a18-8e85-347d68eaf856: shutdown FollowerState
2019-10-15 16:12:01,525 [grpc-default-executor-2] INFO  impl.RaftServerImpl (RaftServerImpl.java:setRole(184)) - 2ec85f63-33fb-4317-9145-71357d145af9@group-B2671EB745D2: changes role from  FOLLOWER to FOLLOWER at term 235 for recognizeCandidate:25d6372c-77fd-4a39-ac2a-e48debad48df
2019-10-15 16:12:01,525 [grpc-default-executor-2] INFO  impl.RoleInfo (RoleInfo.java:shutdownFollowerState(121)) - 2ec85f63-33fb-4317-9145-71357d145af9: shutdown FollowerState
2019-10-15 16:12:01,525 [Thread-1664] INFO  impl.FollowerState (FollowerState.java:run(117)) - 50423279-f647-4a18-8e85-347d68eaf856@group-B2671EB745D2-FollowerState was interrupted: java.lang.InterruptedException: sleep interrupted
2019-10-15 16:12:01,525 [grpc-default-executor-1] INFO  impl.RoleInfo (RoleInfo.java:updateAndGet(143)) - 50423279-f647-4a18-8e85-347d68eaf856: start FollowerState
2019-10-15 16:12:01,525 [Thread-1665] INFO  impl.FollowerState (FollowerState.java:run(117)) - 2ec85f63-33fb-4317-9145-71357d145af9@group-B2671EB745D2-FollowerState was interrupted: java.lang.InterruptedException: sleep interrupted
2019-10-15 16:12:01,525 [grpc-default-executor-2] INFO  impl.RoleInfo (RoleInfo.java:updateAndGet(143)) - 2ec85f63-33fb-4317-9145-71357d145af9: start FollowerState
2019-10-15 16:12:01,534 [25d6372c-77fd-4a39-ac2a-e48debad48df@group-B2671EB745D2-LeaderElection221] INFO  impl.LeaderElection (LeaderElection.java:logAndReturn(56)) - 25d6372c-77fd-4a39-ac2a-e48debad48df@group-B2671EB745D2-LeaderElection221: Election REJECTED; received 2 response(s) [25d6372c-77fd-4a39-ac2a-e48debad48df<-2ec85f63-33fb-4317-9145-71357d145af9#0:FAIL-t235, 25d6372c-77fd-4a39-ac2a-e48debad48df<-50423279-f647-4a18-8e85-347d68eaf856#0:FAIL-t235] and 0 exception(s); 25d6372c-77fd-4a39-ac2a-e48debad48df@group-B2671EB745D2:t235, leader=null, voted=25d6372c-77fd-4a39-ac2a-e48debad48df, raftlog=25d6372c-77fd-4a39-ac2a-e48debad48df@group-B2671EB745D2-SegmentedRaftLog:OPENED:c-1,f-1,i0, conf=-1: [50423279-f647-4a18-8e85-347d68eaf856:192.168.69.88:39583, 2ec85f63-33fb-4317-9145-71357d145af9:192.168.69.88:42357, 25d6372c-77fd-4a39-ac2a-e48debad48df:192.168.69.88:39591], old=null
2019-10-15 16:12:01,535 [25d6372c-77fd-4a39-ac2a-e48debad48df@group-B2671EB745D2-LeaderElection221] INFO  impl.RaftServerImpl (RaftServerImpl.java:setRole(184)) - 25d6372c-77fd-4a39-ac2a-e48debad48df@group-B2671EB745D2: changes role from CANDIDATE to FOLLOWER at term 235 for DISCOVERED_A_NEW_TERM
2019-10-15 16:12:01,535 [25d6372c-77fd-4a39-ac2a-e48debad48df@group-B2671EB745D2-LeaderElection221] INFO  impl.RoleInfo (RoleInfo.java:shutdownLeaderElection(134)) - 25d6372c-77fd-4a39-ac2a-e48debad48df: shutdown LeaderElection
2019-10-15 16:12:01,535 [25d6372c-77fd-4a39-ac2a-e48debad48df@group-B2671EB745D2-LeaderElection221] INFO  impl.RoleInfo (RoleInfo.java:updateAndGet(143)) - 25d6372c-77fd-4a39-ac2a-e48debad48df: start FollowerState
2019-10-15 16:12:01,582 [Thread-1674] INFO  impl.FollowerState (FollowerState.java:run(108)) - 25d6372c-77fd-4a39-ac2a-e48debad48df@group-B2671EB745D2-FollowerState: change to CANDIDATE, lastRpcTime:47ms, electionTimeout:47ms
2019-10-15 16:12:01,583 [Thread-1674] INFO  impl.RoleInfo (RoleInfo.java:shutdownFollowerState(121)) - 25d6372c-77fd-4a39-ac2a-e48debad48df: shutdown FollowerState
2019-10-15 16:12:01,583 [Thread-1674] INFO  impl.RaftServerImpl (RaftServerImpl.java:setRole(184)) - 25d6372c-77fd-4a39-ac2a-e48debad48df@group-B2671EB745D2: changes role from  FOLLOWER to CANDIDATE at term 235 for changeToCandidate
2019-10-15 16:12:01,583 [Thread-1674] INFO  impl.RoleInfo (RoleInfo.java:updateAndGet(143)) - 25d6372c-77fd-4a39-ac2a-e48debad48df: start LeaderElection
2019-10-15 16:12:01,596 [25d6372c-77fd-4a39-ac2a-e48debad48df@group-B2671EB745D2-LeaderElection222] INFO  impl.LeaderElection (LeaderElection.java:askForVotes(178)) - 25d6372c-77fd-4a39-ac2a-e48debad48df@group-B2671EB745D2-LeaderElection222: begin an election at term 236 for -1: [50423279-f647-4a18-8e85-347d68eaf856:192.168.69.88:39583, 2ec85f63-33fb-4317-9145-71357d145af9:192.168.69.88:42357, 25d6372c-77fd-4a39-ac2a-e48debad48df:192.168.69.88:39591], old=null
2019-10-15 16:12:01,598 [grpc-default-executor-2] INFO  impl.RaftServerImpl (RaftServerImpl.java:setRole(184)) - 50423279-f647-4a18-8e85-347d68eaf856@group-B2671EB745D2: changes role from  FOLLOWER to FOLLOWER at term 236 for recognizeCandidate:25d6372c-77fd-4a39-ac2a-e48debad48df
2019-10-15 16:12:01,598 [grpc-default-executor-1] INFO  impl.RaftServerImpl (RaftServerImpl.java:setRole(184)) - 2ec85f63-33fb-4317-9145-71357d145af9@group-B2671EB745D2: changes role from  FOLLOWER to FOLLOWER at term 236 for recognizeCandidate:25d6372c-77fd-4a39-ac2a-e48debad48df
2019-10-15 16:12:01,598 [grpc-default-executor-1] INFO  impl.RoleInfo (RoleInfo.java:shutdownFollowerState(121)) - 2ec85f63-33fb-4317-9145-71357d145af9: shutdown FollowerState
2019-10-15 16:12:01,598 [grpc-default-executor-2] INFO  impl.RoleInfo (RoleInfo.java:shutdownFollowerState(121)) - 50423279-f647-4a18-8e85-347d68eaf856: shutdown FollowerState
2019-10-15 16:12:01,598 [grpc-default-executor-1] INFO  impl.RoleInfo (RoleInfo.java:updateAndGet(143)) - 2ec85f63-33fb-4317-9145-71357d145af9: start FollowerState
2019-10-15 16:12:01,598 [Thread-1672] INFO  impl.FollowerState (FollowerState.java:run(117)) - 2ec85f63-33fb-4317-9145-71357d145af9@group-B2671EB745D2-FollowerState was interrupted: java.lang.InterruptedException: sleep interrupted
2019-10-15 16:12:01,599 [grpc-default-executor-2] INFO  impl.RoleInfo (RoleInfo.java:updateAndGet(143)) - 50423279-f647-4a18-8e85-347d68eaf856: start FollowerState
2019-10-15 16:12:01,599 [Thread-1671] INFO  impl.FollowerState (FollowerState.java:run(117)) - 50423279-f647-4a18-8e85-347d68eaf856@group-B2671EB745D2-FollowerState was interrupted: java.lang.InterruptedException: sleep interrupted
2019-10-15 16:12:01,603 [25d6372c-77fd-4a39-ac2a-e48debad48df@group-B2671EB745D2-LeaderElection222] INFO  impl.LeaderElection (LeaderElection.java:logAndReturn(56)) - 25d6372c-77fd-4a39-ac2a-e48debad48df@group-B2671EB745D2-LeaderElection222: Election REJECTED; received 2 response(s) [25d6372c-77fd-4a39-ac2a-e48debad48df<-50423279-f647-4a18-8e85-347d68eaf856#0:FAIL-t236, 25d6372c-77fd-4a39-ac2a-e48debad48df<-2ec85f63-33fb-4317-9145-71357d145af9#0:FAIL-t236] and 0 exception(s); 25d6372c-77fd-4a39-ac2a-e48debad48df@group-B2671EB745D2:t236, leader=null, voted=25d6372c-77fd-4a39-ac2a-e48debad48df, raftlog=25d6372c-77fd-4a39-ac2a-e48debad48df@group-B2671EB745D2-SegmentedRaftLog:OPENED:c-1,f-1,i0, conf=-1: [50423279-f647-4a18-8e85-347d68eaf856:192.168.69.88:39583, 2ec85f63-33fb-4317-9145-71357d145af9:192.168.69.88:42357, 25d6372c-77fd-4a39-ac2a-e48debad48df:192.168.69.88:39591], old=null
2019-10-15 16:12:01,603 [25d6372c-77fd-4a39-ac2a-e48debad48df@group-B2671EB745D2-LeaderElection222] INFO  impl.RaftServerImpl (RaftServerImpl.java:setRole(184)) - 25d6372c-77fd-4a39-ac2a-e48debad48df@group-B2671EB745D2: changes role from CANDIDATE to FOLLOWER at term 236 for DISCOVERED_A_NEW_TERM
2019-10-15 16:12:01,603 [25d6372c-77fd-4a39-ac2a-e48debad48df@group-B2671EB745D2-LeaderElection222] INFO  impl.RoleInfo (RoleInfo.java:shutdownLeaderElection(134)) - 25d6372c-77fd-4a39-ac2a-e48debad48df: shutdown LeaderElection
2019-10-15 16:12:01,604 [25d6372c-77fd-4a39-ac2a-e48debad48df@group-B2671EB745D2-LeaderElection222] INFO  impl.RoleInfo (RoleInfo.java:updateAndGet(143)) - 25d6372c-77fd-4a39-ac2a-e48debad48df: start FollowerState
2019-10-15 16:12:01,742 [Thread-1680] INFO  impl.FollowerState (FollowerState.java:run(108)) - 25d6372c-77fd-4a39-ac2a-e48debad48df@group-B2671EB745D2-FollowerState: change to CANDIDATE, lastRpcTime:138ms, electionTimeout:138ms
2019-10-15 16:12:01,742 [Thread-1680] INFO  impl.RoleInfo (RoleInfo.java:shutdownFollowerState(121)) - 25d6372c-77fd-4a39-ac2a-e48debad48df: shutdown FollowerState
2019-10-15 16:12:01,742 [Thread-1680] INFO  impl.RaftServerImpl (RaftServerImpl.java:setRole(184)) - 25d6372c-77fd-4a39-ac2a-e48debad48df@group-B2671EB745D2: changes role from  FOLLOWER to CANDIDATE at term 236 for changeToCandidate
2019-10-15 16:12:01,742 [Thread-1680] INFO  impl.RoleInfo (RoleInfo.java:updateAndGet(143)) - 25d6372c-77fd-4a39-ac2a-e48debad48df: start LeaderElection
2019-10-15 16:12:01,748 [25d6372c-77fd-4a39-ac2a-e48debad48df@group-B2671EB745D2-LeaderElection223] INFO  impl.LeaderElection (LeaderElection.java:askForVotes(178)) - 25d6372c-77fd-4a39-ac2a-e48debad48df@group-B2671EB745D2-LeaderElection223: begin an election at term 237 for -1: [50423279-f647-4a18-8e85-347d68eaf856:192.168.69.88:39583, 2ec85f63-33fb-4317-9145-71357d145af9:192.168.69.88:42357, 25d6372c-77fd-4a39-ac2a-e48debad48df:192.168.69.88:39591], old=null
2019-10-15 16:12:01,751 [grpc-default-executor-2] INFO  impl.RaftServerImpl (RaftServerImpl.java:setRole(184)) - 50423279-f647-4a18-8e85-347d68eaf856@group-B2671EB745D2: changes role from  FOLLOWER to FOLLOWER at term 237 for recognizeCandidate:25d6372c-77fd-4a39-ac2a-e48debad48df
2019-10-15 16:12:01,751 [grpc-default-executor-1] INFO  impl.RaftServerImpl (RaftServerImpl.java:setRole(184)) - 2ec85f63-33fb-4317-9145-71357d145af9@group-B2671EB745D2: changes role from  FOLLOWER to FOLLOWER at term 237 for recognizeCandidate:25d6372c-77fd-4a39-ac2a-e48debad48df
2019-10-15 16:12:01,752 [grpc-default-executor-1] INFO  impl.RoleInfo (RoleInfo.java:shutdownFollowerState(121)) - 2ec85f63-33fb-4317-9145-71357d145af9: shutdown FollowerState
2019-10-15 16:12:01,752 [grpc-default-executor-2] INFO  impl.RoleInfo (RoleInfo.java:shutdownFollowerState(121)) - 50423279-f647-4a18-8e85-347d68eaf856: shutdown FollowerState
2019-10-15 16:12:01,752 [Thread-1678] INFO  impl.FollowerState (FollowerState.java:run(117)) - 2ec85f63-33fb-4317-9145-71357d145af9@group-B2671EB745D2-FollowerState was interrupted: java.lang.InterruptedException: sleep interrupted
2019-10-15 16:12:01,752 [grpc-default-executor-1] INFO  impl.RoleInfo (RoleInfo.java:updateAndGet(143)) - 2ec85f63-33fb-4317-9145-71357d145af9: start FollowerState
2019-10-15 16:12:01,752 [grpc-default-executor-2] INFO  impl.RoleInfo (RoleInfo.java:updateAndGet(143)) - 50423279-f647-4a18-8e85-347d68eaf856: start FollowerState
2019-10-15 16:12:01,752 [Thread-1679] INFO  impl.FollowerState (FollowerState.java:run(117)) - 50423279-f647-4a18-8e85-347d68eaf856@group-B2671EB745D2-FollowerState was interrupted: java.lang.InterruptedException: sleep interrupted
2019-10-15 16:12:01,758 [25d6372c-77fd-4a39-ac2a-e48debad48df@group-B2671EB745D2-LeaderElection223] INFO  impl.LeaderElection (LeaderElection.java:logAndReturn(56)) - 25d6372c-77fd-4a39-ac2a-e48debad48df@group-B2671EB745D2-LeaderElection223: Election REJECTED; received 2 response(s) [25d6372c-77fd-4a39-ac2a-e48debad48df<-50423279-f647-4a18-8e85-347d68eaf856#0:FAIL-t237, 25d6372c-77fd-4a39-ac2a-e48debad48df<-2ec85f63-33fb-4317-9145-71357d145af9#0:FAIL-t237] and 0 exception(s); 25d6372c-77fd-4a39-ac2a-e48debad48df@group-B2671EB745D2:t237, leader=null, voted=25d6372c-77fd-4a39-ac2a-e48debad48df, raftlog=25d6372c-77fd-4a39-ac2a-e48debad48df@group-B2671EB745D2-SegmentedRaftLog:OPENED:c-1,f-1,i0, conf=-1: [50423279-f647-4a18-8e85-347d68eaf856:192.168.69.88:39583, 2ec85f63-33fb-4317-9145-71357d145af9:192.168.69.88:42357, 25d6372c-77fd-4a39-ac2a-e48debad48df:192.168.69.88:39591], old=null
2019-10-15 16:12:01,758 [25d6372c-77fd-4a39-ac2a-e48debad48df@group-B2671EB745D2-LeaderElection223] INFO  impl.RaftServerImpl (RaftServerImpl.java:setRole(184)) - 25d6372c-77fd-4a39-ac2a-e48debad48df@group-B2671EB745D2: changes role from CANDIDATE to FOLLOWER at term 237 for DISCOVERED_A_NEW_TERM
2019-10-15 16:12:01,758 [25d6372c-77fd-4a39-ac2a-e48debad48df@group-B2671EB745D2-LeaderElection223] INFO  impl.RoleInfo (RoleInfo.java:shutdownLeaderElection(134)) - 25d6372c-77fd-4a39-ac2a-e48debad48df: shutdown LeaderElection
2019-10-15 16:12:01,758 [25d6372c-77fd-4a39-ac2a-e48debad48df@group-B2671EB745D2-LeaderElection223] INFO  impl.RoleInfo (RoleInfo.java:updateAndGet(143)) - 25d6372c-77fd-4a39-ac2a-e48debad48df: start FollowerState
2019-10-15 16:12:01,902 [Thread-1686] INFO  impl.FollowerState (FollowerState.java:run(108)) - 25d6372c-77fd-4a39-ac2a-e48debad48df@group-B2671EB745D2-FollowerState: change to CANDIDATE, lastRpcTime:143ms, electionTimeout:143ms
2019-10-15 16:12:01,902 [Thread-1686] INFO  impl.RoleInfo (RoleInfo.java:shutdownFollowerState(121)) - 25d6372c-77fd-4a39-ac2a-e48debad48df: shutdown FollowerState
2019-10-15 16:12:01,902 [Thread-1686] INFO  impl.RaftServerImpl (RaftServerImpl.java:setRole(184)) - 25d6372c-77fd-4a39-ac2a-e48debad48df@group-B2671EB745D2: changes role from  FOLLOWER to CANDIDATE at term 237 for changeToCandidate
2019-10-15 16:12:01,902 [Thread-1686] INFO  impl.RoleInfo (RoleInfo.java:updateAndGet(143)) - 25d6372c-77fd-4a39-ac2a-e48debad48df: start LeaderElection
2019-10-15 16:12:01,916 [25d6372c-77fd-4a39-ac2a-e48debad48df@group-B2671EB745D2-LeaderElection224] INFO  impl.LeaderElection (LeaderElection.java:askForVotes(178)) - 25d6372c-77fd-4a39-ac2a-e48debad48df@group-B2671EB745D2-LeaderElection224: begin an election at term 238 for -1: [50423279-f647-4a18-8e85-347d68eaf856:192.168.69.88:39583, 2ec85f63-33fb-4317-9145-71357d145af9:192.168.69.88:42357, 25d6372c-77fd-4a39-ac2a-e48debad48df:192.168.69.88:39591], old=null
2019-10-15 16:12:01,919 [grpc-default-executor-1] INFO  impl.RaftServerImpl (RaftServerImpl.java:setRole(184)) - 2ec85f63-33fb-4317-9145-71357d145af9@group-B2671EB745D2: changes role from  FOLLOWER to FOLLOWER at term 238 for recognizeCandidate:25d6372c-77fd-4a39-ac2a-e48debad48df
2019-10-15 16:12:01,919 [grpc-default-executor-1] INFO  impl.RoleInfo (RoleInfo.java:shutdownFollowerState(121)) - 2ec85f63-33fb-4317-9145-71357d145af9: shutdown FollowerState
2019-10-15 16:12:01,919 [grpc-default-executor-2] INFO  impl.RaftServerImpl (RaftServerImpl.java:setRole(184)) - 50423279-f647-4a18-8e85-347d68eaf856@group-B2671EB745D2: changes role from  FOLLOWER to FOLLOWER at term 238 for recognizeCandidate:25d6372c-77fd-4a39-ac2a-e48debad48df
2019-10-15 16:12:01,919 [grpc-default-executor-1] INFO  impl.RoleInfo (RoleInfo.java:updateAndGet(143)) - 2ec85f63-33fb-4317-9145-71357d145af9: start FollowerState
2019-10-15 16:12:01,919 [Thread-1684] INFO  impl.FollowerState (FollowerState.java:run(117)) - 2ec85f63-33fb-4317-9145-71357d145af9@group-B2671EB745D2-FollowerState was interrupted: java.lang.InterruptedException: sleep interrupted
2019-10-15 16:12:01,919 [grpc-default-executor-2] INFO  impl.RoleInfo (RoleInfo.java:shutdownFollowerState(121)) - 50423279-f647-4a18-8e85-347d68eaf856: shutdown FollowerState
2019-10-15 16:12:01,920 [Thread-1685] INFO  impl.FollowerState (FollowerState.java:run(117)) - 50423279-f647-4a18-8e85-347d68eaf856@group-B2671EB745D2-FollowerState was interrupted: java.lang.InterruptedException: sleep interrupted
2019-10-15 16:12:01,920 [grpc-default-executor-2] INFO  impl.RoleInfo (RoleInfo.java:updateAndGet(143)) - 50423279-f647-4a18-8e85-347d68eaf856: start FollowerState
2019-10-15 16:12:01,935 [25d6372c-77fd-4a39-ac2a-e48debad48df@group-B2671EB745D2-LeaderElection224] INFO  impl.LeaderElection (LeaderElection.java:logAndReturn(56)) - 25d6372c-77fd-4a39-ac2a-e48debad48df@group-B2671EB745D2-LeaderElection224: Election REJECTED; received 2 response(s) [25d6372c-77fd-4a39-ac2a-e48debad48df<-50423279-f647-4a18-8e85-347d68eaf856#0:FAIL-t238, 25d6372c-77fd-4a39-ac2a-e48debad48df<-2ec85f63-33fb-4317-9145-71357d145af9#0:FAIL-t238] and 0 exception(s); 25d6372c-77fd-4a39-ac2a-e48debad48df@group-B2671EB745D2:t238, leader=null, voted=25d6372c-77fd-4a39-ac2a-e48debad48df, raftlog=25d6372c-77fd-4a39-ac2a-e48debad48df@group-B2671EB745D2-SegmentedRaftLog:OPENED:c-1,f-1,i0, conf=-1: [50423279-f647-4a18-8e85-347d68eaf856:192.168.69.88:39583, 2ec85f63-33fb-4317-9145-71357d145af9:192.168.69.88:42357, 25d6372c-77fd-4a39-ac2a-e48debad48df:192.168.69.88:39591], old=null
2019-10-15 16:12:01,935 [25d6372c-77fd-4a39-ac2a-e48debad48df@group-B2671EB745D2-LeaderElection224] INFO  impl.RaftServerImpl (RaftServerImpl.java:setRole(184)) - 25d6372c-77fd-4a39-ac2a-e48debad48df@group-B2671EB745D2: changes role from CANDIDATE to FOLLOWER at term 238 for DISCOVERED_A_NEW_TERM
2019-10-15 16:12:01,935 [25d6372c-77fd-4a39-ac2a-e48debad48df@group-B2671EB745D2-LeaderElection224] INFO  impl.RoleInfo (RoleInfo.java:shutdownLeaderElection(134)) - 25d6372c-77fd-4a39-ac2a-e48debad48df: shutdown LeaderElection
2019-10-15 16:12:01,936 [25d6372c-77fd-4a39-ac2a-e48debad48df@group-B2671EB745D2-LeaderElection224] INFO  impl.RoleInfo (RoleInfo.java:updateAndGet(143)) - 25d6372c-77fd-4a39-ac2a-e48debad48df: start FollowerState
2019-10-15 16:12:01,965 [Thread-1692] INFO  impl.FollowerState (FollowerState.java:run(108)) - 25d6372c-77fd-4a39-ac2a-e48debad48df@group-B2671EB745D2-FollowerState: change to CANDIDATE, lastRpcTime:29ms, electionTimeout:29ms
2019-10-15 16:12:01,965 [Thread-1692] INFO  impl.RoleInfo (RoleInfo.java:shutdownFollowerState(121)) - 25d6372c-77fd-4a39-ac2a-e48debad48df: shutdown FollowerState
2019-10-15 16:12:01,965 [Thread-1692] INFO  impl.RaftServerImpl (RaftServerImpl.java:setRole(184)) - 25d6372c-77fd-4a39-ac2a-e48debad48df@group-B2671EB745D2: changes role from  FOLLOWER to CANDIDATE at term 238 for changeToCandidate
2019-10-15 16:12:01,965 [Thread-1692] INFO  impl.RoleInfo (RoleInfo.java:updateAndGet(143)) - 25d6372c-77fd-4a39-ac2a-e48debad48df: start LeaderElection
2019-10-15 16:12:01,979 [25d6372c-77fd-4a39-ac2a-e48debad48df@group-B2671EB745D2-LeaderElection225] INFO  impl.LeaderElection (LeaderElection.java:askForVotes(178)) - 25d6372c-77fd-4a39-ac2a-e48debad48df@group-B2671EB745D2-LeaderElection225: begin an election at term 239 for -1: [50423279-f647-4a18-8e85-347d68eaf856:192.168.69.88:39583, 2ec85f63-33fb-4317-9145-71357d145af9:192.168.69.88:42357, 25d6372c-77fd-4a39-ac2a-e48debad48df:192.168.69.88:39591], old=null
2019-10-15 16:12:01,981 [grpc-default-executor-1] INFO  impl.RaftServerImpl (RaftServerImpl.java:setRole(184)) - 2ec85f63-33fb-4317-9145-71357d145af9@group-B2671EB745D2: changes role from  FOLLOWER to FOLLOWER at term 239 for recognizeCandidate:25d6372c-77fd-4a39-ac2a-e48debad48df
2019-10-15 16:12:01,982 [grpc-default-executor-2] INFO  impl.RaftServerImpl (RaftServerImpl.java:setRole(184)) - 50423279-f647-4a18-8e85-347d68eaf856@group-B2671EB745D2: changes role from  FOLLOWER to FOLLOWER at term 239 for recognizeCandidate:25d6372c-77fd-4a39-ac2a-e48debad48df
2019-10-15 16:12:01,982 [grpc-default-executor-1] INFO  impl.RoleInfo (RoleInfo.java:shutdownFollowerState(121)) - 2ec85f63-33fb-4317-9145-71357d145af9: shutdown FollowerState
2019-10-15 16:12:01,982 [grpc-default-executor-2] INFO  impl.RoleInfo (RoleInfo.java:shutdownFollowerState(121)) - 50423279-f647-4a18-8e85-347d68eaf856: shutdown FollowerState
2019-10-15 16:12:01,982 [Thread-1690] INFO  impl.FollowerState (FollowerState.java:run(117)) - 2ec85f63-33fb-4317-9145-71357d145af9@group-B2671EB745D2-FollowerState was interrupted: java.lang.InterruptedException: sleep interrupted
2019-10-15 16:12:01,982 [grpc-default-executor-1] INFO  impl.RoleInfo (RoleInfo.java:updateAndGet(143)) - 2ec85f63-33fb-4317-9145-71357d145af9: start FollowerState
2019-10-15 16:12:01,982 [Thread-1691] INFO  impl.FollowerState (FollowerState.java:run(117)) - 50423279-f647-4a18-8e85-347d68eaf856@group-B2671EB745D2-FollowerState was interrupted: java.lang.InterruptedException: sleep interrupted
2019-10-15 16:12:01,982 [grpc-default-executor-2] INFO  impl.RoleInfo (RoleInfo.java:updateAndGet(143)) - 50423279-f647-4a18-8e85-347d68eaf856: start FollowerState
2019-10-15 16:12:01,997 [25d6372c-77fd-4a39-ac2a-e48debad48df@group-B2671EB745D2-LeaderElection225] INFO  impl.LeaderElection (LeaderElection.java:logAndReturn(56)) - 25d6372c-77fd-4a39-ac2a-e48debad48df@group-B2671EB745D2-LeaderElection225: Election REJECTED; received 2 response(s) [25d6372c-77fd-4a39-ac2a-e48debad48df<-50423279-f647-4a18-8e85-347d68eaf856#0:FAIL-t239, 25d6372c-77fd-4a39-ac2a-e48debad48df<-2ec85f63-33fb-4317-9145-71357d145af9#0:FAIL-t239] and 0 exception(s); 25d6372c-77fd-4a39-ac2a-e48debad48df@group-B2671EB745D2:t239, leader=null, voted=25d6372c-77fd-4a39-ac2a-e48debad48df, raftlog=25d6372c-77fd-4a39-ac2a-e48debad48df@group-B2671EB745D2-SegmentedRaftLog:OPENED:c-1,f-1,i0, conf=-1: [50423279-f647-4a18-8e85-347d68eaf856:192.168.69.88:39583, 2ec85f63-33fb-4317-9145-71357d145af9:192.168.69.88:42357, 25d6372c-77fd-4a39-ac2a-e48debad48df:192.168.69.88:39591], old=null
2019-10-15 16:12:01,997 [25d6372c-77fd-4a39-ac2a-e48debad48df@group-B2671EB745D2-LeaderElection225] INFO  impl.RaftServerImpl (RaftServerImpl.java:setRole(184)) - 25d6372c-77fd-4a39-ac2a-e48debad48df@group-B2671EB745D2: changes role from CANDIDATE to FOLLOWER at term 239 for DISCOVERED_A_NEW_TERM
2019-10-15 16:12:01,997 [25d6372c-77fd-4a39-ac2a-e48debad48df@group-B2671EB745D2-LeaderElection225] INFO  impl.RoleInfo (RoleInfo.java:shutdownLeaderElection(134)) - 25d6372c-77fd-4a39-ac2a-e48debad48df: shutdown LeaderElection
2019-10-15 16:12:01,998 [25d6372c-77fd-4a39-ac2a-e48debad48df@group-B2671EB745D2-LeaderElection225] INFO  impl.RoleInfo (RoleInfo.java:updateAndGet(143)) - 25d6372c-77fd-4a39-ac2a-e48debad48df: start FollowerState
2019-10-15 16:12:02,189 [Thread-1698] INFO  impl.FollowerState (FollowerState.java:run(108)) - 25d6372c-77fd-4a39-ac2a-e48debad48df@group-B2671EB745D2-FollowerState: change to CANDIDATE, lastRpcTime:191ms, electionTimeout:191ms
2019-10-15 16:12:02,189 [Thread-1698] INFO  impl.RoleInfo (RoleInfo.java:shutdownFollowerState(121)) - 25d6372c-77fd-4a39-ac2a-e48debad48df: shutdown FollowerState
2019-10-15 16:12:02,189 [Thread-1698] INFO  impl.RaftServerImpl (RaftServerImpl.java:setRole(184)) - 25d6372c-77fd-4a39-ac2a-e48debad48df@group-B2671EB745D2: changes role from  FOLLOWER to CANDIDATE at term 239 for changeToCandidate
2019-10-15 16:12:02,190 [Thread-1698] INFO  impl.RoleInfo (RoleInfo.java:updateAndGet(143)) - 25d6372c-77fd-4a39-ac2a-e48debad48df: start LeaderElection
2019-10-15 16:12:02,203 [25d6372c-77fd-4a39-ac2a-e48debad48df@group-B2671EB745D2-LeaderElection226] INFO  impl.LeaderElection (LeaderElection.java:askForVotes(178)) - 25d6372c-77fd-4a39-ac2a-e48debad48df@group-B2671EB745D2-LeaderElection226: begin an election at term 240 for -1: [50423279-f647-4a18-8e85-347d68eaf856:192.168.69.88:39583, 2ec85f63-33fb-4317-9145-71357d145af9:192.168.69.88:42357, 25d6372c-77fd-4a39-ac2a-e48debad48df:192.168.69.88:39591], old=null
2019-10-15 16:12:02,206 [grpc-default-executor-1] INFO  impl.RaftServerImpl (RaftServerImpl.java:setRole(184)) - 2ec85f63-33fb-4317-9145-71357d145af9@group-B2671EB745D2: changes role from  FOLLOWER to FOLLOWER at term 240 for recognizeCandidate:25d6372c-77fd-4a39-ac2a-e48debad48df
2019-10-15 16:12:02,206 [grpc-default-executor-1] INFO  impl.RoleInfo (RoleInfo.java:shutdownFollowerState(121)) - 2ec85f63-33fb-4317-9145-71357d145af9: shutdown FollowerState
2019-10-15 16:12:02,206 [grpc-default-executor-2] INFO  impl.RaftServerImpl (RaftServerImpl.java:setRole(184)) - 50423279-f647-4a18-8e85-347d68eaf856@group-B2671EB745D2: changes role from  FOLLOWER to FOLLOWER at term 240 for recognizeCandidate:25d6372c-77fd-4a39-ac2a-e48debad48df
2019-10-15 16:12:02,206 [Thread-1696] INFO  impl.FollowerState (FollowerState.java:run(117)) - 2ec85f63-33fb-4317-9145-71357d145af9@group-B2671EB745D2-FollowerState was interrupted: java.lang.InterruptedException: sleep interrupted
2019-10-15 16:12:02,206 [grpc-default-executor-1] INFO  impl.RoleInfo (RoleInfo.java:updateAndGet(143)) - 2ec85f63-33fb-4317-9145-71357d145af9: start FollowerState
2019-10-15 16:12:02,206 [grpc-default-executor-2] INFO  impl.RoleInfo (RoleInfo.java:shutdownFollowerState(121)) - 50423279-f647-4a18-8e85-347d68eaf856: shutdown FollowerState
2019-10-15 16:12:02,207 [grpc-default-executor-2] INFO  impl.RoleInfo (RoleInfo.java:updateAndGet(143)) - 50423279-f647-4a18-8e85-347d68eaf856: start FollowerState
2019-10-15 16:12:02,207 [Thread-1697] INFO  impl.FollowerState (FollowerState.java:run(117)) - 50423279-f647-4a18-8e85-347d68eaf856@group-B2671EB745D2-FollowerState was interrupted: java.lang.InterruptedException: sleep interrupted
2019-10-15 16:12:02,221 [25d6372c-77fd-4a39-ac2a-e48debad48df@group-B2671EB745D2-LeaderElection226] INFO  impl.LeaderElection (LeaderElection.java:logAndReturn(56)) - 25d6372c-77fd-4a39-ac2a-e48debad48df@group-B2671EB745D2-LeaderElection226: Election REJECTED; received 2 response(s) [25d6372c-77fd-4a39-ac2a-e48debad48df<-50423279-f647-4a18-8e85-347d68eaf856#0:FAIL-t240, 25d6372c-77fd-4a39-ac2a-e48debad48df<-2ec85f63-33fb-4317-9145-71357d145af9#0:FAIL-t240] and 0 exception(s); 25d6372c-77fd-4a39-ac2a-e48debad48df@group-B2671EB745D2:t240, leader=null, voted=25d6372c-77fd-4a39-ac2a-e48debad48df, raftlog=25d6372c-77fd-4a39-ac2a-e48debad48df@group-B2671EB745D2-SegmentedRaftLog:OPENED:c-1,f-1,i0, conf=-1: [50423279-f647-4a18-8e85-347d68eaf856:192.168.69.88:39583, 2ec85f63-33fb-4317-9145-71357d145af9:192.168.69.88:42357, 25d6372c-77fd-4a39-ac2a-e48debad48df:192.168.69.88:39591], old=null
2019-10-15 16:12:02,221 [25d6372c-77fd-4a39-ac2a-e48debad48df@group-B2671EB745D2-LeaderElection226] INFO  impl.RaftServerImpl (RaftServerImpl.java:setRole(184)) - 25d6372c-77fd-4a39-ac2a-e48debad48df@group-B2671EB745D2: changes role from CANDIDATE to FOLLOWER at term 240 for DISCOVERED_A_NEW_TERM
2019-10-15 16:12:02,221 [25d6372c-77fd-4a39-ac2a-e48debad48df@group-B2671EB745D2-LeaderElection226] INFO  impl.RoleInfo (RoleInfo.java:shutdownLeaderElection(134)) - 25d6372c-77fd-4a39-ac2a-e48debad48df: shutdown LeaderElection
2019-10-15 16:12:02,221 [25d6372c-77fd-4a39-ac2a-e48debad48df@group-B2671EB745D2-LeaderElection226] INFO  impl.RoleInfo (RoleInfo.java:updateAndGet(143)) - 25d6372c-77fd-4a39-ac2a-e48debad48df: start FollowerState
2019-10-15 16:12:02,333 [Thread-1704] INFO  impl.FollowerState (FollowerState.java:run(108)) - 25d6372c-77fd-4a39-ac2a-e48debad48df@group-B2671EB745D2-FollowerState: change to CANDIDATE, lastRpcTime:111ms, electionTimeout:111ms
2019-10-15 16:12:02,333 [Thread-1704] INFO  impl.RoleInfo (RoleInfo.java:shutdownFollowerState(121)) - 25d6372c-77fd-4a39-ac2a-e48debad48df: shutdown FollowerState
2019-10-15 16:12:02,333 [Thread-1704] INFO  impl.RaftServerImpl (RaftServerImpl.java:setRole(184)) - 25d6372c-77fd-4a39-ac2a-e48debad48df@group-B2671EB745D2: changes role from  FOLLOWER to CANDIDATE at term 240 for changeToCandidate
2019-10-15 16:12:02,333 [Thread-1704] INFO  impl.RoleInfo (RoleInfo.java:updateAndGet(143)) - 25d6372c-77fd-4a39-ac2a-e48debad48df: start LeaderElection
2019-10-15 16:12:02,347 [25d6372c-77fd-4a39-ac2a-e48debad48df@group-B2671EB745D2-LeaderElection227] INFO  impl.LeaderElection (LeaderElection.java:askForVotes(178)) - 25d6372c-77fd-4a39-ac2a-e48debad48df@group-B2671EB745D2-LeaderElection227: begin an election at term 241 for -1: [50423279-f647-4a18-8e85-347d68eaf856:192.168.69.88:39583, 2ec85f63-33fb-4317-9145-71357d145af9:192.168.69.88:42357, 25d6372c-77fd-4a39-ac2a-e48debad48df:192.168.69.88:39591], old=null
2019-10-15 16:12:02,349 [grpc-default-executor-1] INFO  impl.RaftServerImpl (RaftServerImpl.java:setRole(184)) - 50423279-f647-4a18-8e85-347d68eaf856@group-B2671EB745D2: changes role from  FOLLOWER to FOLLOWER at term 241 for recognizeCandidate:25d6372c-77fd-4a39-ac2a-e48debad48df
2019-10-15 16:12:02,349 [grpc-default-executor-1] INFO  impl.RoleInfo (RoleInfo.java:shutdownFollowerState(121)) - 50423279-f647-4a18-8e85-347d68eaf856: shutdown FollowerState
2019-10-15 16:12:02,349 [grpc-default-executor-2] INFO  impl.RaftServerImpl (RaftServerImpl.java:setRole(184)) - 2ec85f63-33fb-4317-9145-71357d145af9@group-B2671EB745D2: changes role from  FOLLOWER to FOLLOWER at term 241 for recognizeCandidate:25d6372c-77fd-4a39-ac2a-e48debad48df
2019-10-15 16:12:02,349 [Thread-1703] INFO  impl.FollowerState (FollowerState.java:run(117)) - 50423279-f647-4a18-8e85-347d68eaf856@group-B2671EB745D2-FollowerState was interrupted: java.lang.InterruptedException: sleep interrupted
2019-10-15 16:12:02,349 [grpc-default-executor-1] INFO  impl.RoleInfo (RoleInfo.java:updateAndGet(143)) - 50423279-f647-4a18-8e85-347d68eaf856: start FollowerState
2019-10-15 16:12:02,349 [grpc-default-executor-2] INFO  impl.RoleInfo (RoleInfo.java:shutdownFollowerState(121)) - 2ec85f63-33fb-4317-9145-71357d145af9: shutdown FollowerState
2019-10-15 16:12:02,350 [grpc-default-executor-2] INFO  impl.RoleInfo (RoleInfo.java:updateAndGet(143)) - 2ec85f63-33fb-4317-9145-71357d145af9: start FollowerState
2019-10-15 16:12:02,350 [Thread-1702] INFO  impl.FollowerState (FollowerState.java:run(117)) - 2ec85f63-33fb-4317-9145-71357d145af9@group-B2671EB745D2-FollowerState was interrupted: java.lang.InterruptedException: sleep interrupted
2019-10-15 16:12:02,364 [25d6372c-77fd-4a39-ac2a-e48debad48df@group-B2671EB745D2-LeaderElection227] INFO  impl.LeaderElection (LeaderElection.java:logAndReturn(56)) - 25d6372c-77fd-4a39-ac2a-e48debad48df@group-B2671EB745D2-LeaderElection227: Election REJECTED; received 2 response(s) [25d6372c-77fd-4a39-ac2a-e48debad48df<-2ec85f63-33fb-4317-9145-71357d145af9#0:FAIL-t241, 25d6372c-77fd-4a39-ac2a-e48debad48df<-50423279-f647-4a18-8e85-347d68eaf856#0:FAIL-t241] and 0 exception(s); 25d6372c-77fd-4a39-ac2a-e48debad48df@group-B2671EB745D2:t241, leader=null, voted=25d6372c-77fd-4a39-ac2a-e48debad48df, raftlog=25d6372c-77fd-4a39-ac2a-e48debad48df@group-B2671EB745D2-SegmentedRaftLog:OPENED:c-1,f-1,i0, conf=-1: [50423279-f647-4a18-8e85-347d68eaf856:192.168.69.88:39583, 2ec85f63-33fb-4317-9145-71357d145af9:192.168.69.88:42357, 25d6372c-77fd-4a39-ac2a-e48debad48df:192.168.69.88:39591], old=null
2019-10-15 16:12:02,364 [25d6372c-77fd-4a39-ac2a-e48debad48df@group-B2671EB745D2-LeaderElection227] INFO  impl.RaftServerImpl (RaftServerImpl.java:setRole(184)) - 25d6372c-77fd-4a39-ac2a-e48debad48df@group-B2671EB745D2: changes role from CANDIDATE to FOLLOWER at term 241 for DISCOVERED_A_NEW_TERM
2019-10-15 16:12:02,364 [25d6372c-77fd-4a39-ac2a-e48debad48df@group-B2671EB745D2-LeaderElection227] INFO  impl.RoleInfo (RoleInfo.java:shutdownLeaderElection(134)) - 25d6372c-77fd-4a39-ac2a-e48debad48df: shutdown LeaderElection
2019-10-15 16:12:02,364 [25d6372c-77fd-4a39-ac2a-e48debad48df@group-B2671EB745D2-LeaderElection227] INFO  impl.RoleInfo (RoleInfo.java:updateAndGet(143)) - 25d6372c-77fd-4a39-ac2a-e48debad48df: start FollowerState
2019-10-15 16:12:02,434 [Thread-1710] INFO  impl.FollowerState (FollowerState.java:run(108)) - 25d6372c-77fd-4a39-ac2a-e48debad48df@group-B2671EB745D2-FollowerState: change to CANDIDATE, lastRpcTime:70ms, electionTimeout:70ms
2019-10-15 16:12:02,434 [Thread-1710] INFO  impl.RoleInfo (RoleInfo.java:shutdownFollowerState(121)) - 25d6372c-77fd-4a39-ac2a-e48debad48df: shutdown FollowerState
2019-10-15 16:12:02,435 [Thread-1710] INFO  impl.RaftServerImpl (RaftServerImpl.java:setRole(184)) - 25d6372c-77fd-4a39-ac2a-e48debad48df@group-B2671EB745D2: changes role from  FOLLOWER to CANDIDATE at term 241 for changeToCandidate
2019-10-15 16:12:02,435 [Thread-1710] INFO  impl.RoleInfo (RoleInfo.java:updateAndGet(143)) - 25d6372c-77fd-4a39-ac2a-e48debad48df: start LeaderElection
2019-10-15 16:12:02,448 [25d6372c-77fd-4a39-ac2a-e48debad48df@group-B2671EB745D2-LeaderElection228] INFO  impl.LeaderElection (LeaderElection.java:askForVotes(178)) - 25d6372c-77fd-4a39-ac2a-e48debad48df@group-B2671EB745D2-LeaderElection228: begin an election at term 242 for -1: [50423279-f647-4a18-8e85-347d68eaf856:192.168.69.88:39583, 2ec85f63-33fb-4317-9145-71357d145af9:192.168.69.88:42357, 25d6372c-77fd-4a39-ac2a-e48debad48df:192.168.69.88:39591], old=null
2019-10-15 16:12:02,450 [grpc-default-executor-1] INFO  impl.RaftServerImpl (RaftServerImpl.java:setRole(184)) - 50423279-f647-4a18-8e85-347d68eaf856@group-B2671EB745D2: changes role from  FOLLOWER to FOLLOWER at term 242 for recognizeCandidate:25d6372c-77fd-4a39-ac2a-e48debad48df
2019-10-15 16:12:02,450 [grpc-default-executor-2] INFO  impl.RaftServerImpl (RaftServerImpl.java:setRole(184)) - 2ec85f63-33fb-4317-9145-71357d145af9@group-B2671EB745D2: changes role from  FOLLOWER to FOLLOWER at term 242 for recognizeCandidate:25d6372c-77fd-4a39-ac2a-e48debad48df
2019-10-15 16:12:02,450 [grpc-default-executor-1] INFO  impl.RoleInfo (RoleInfo.java:shutdownFollowerState(121)) - 50423279-f647-4a18-8e85-347d68eaf856: shutdown FollowerState
2019-10-15 16:12:02,451 [grpc-default-executor-2] INFO  impl.RoleInfo (RoleInfo.java:shutdownFollowerState(121)) - 2ec85f63-33fb-4317-9145-71357d145af9: shutdown FollowerState
2019-10-15 16:12:02,451 [Thread-1708] INFO  impl.FollowerState (FollowerState.java:run(117)) - 50423279-f647-4a18-8e85-347d68eaf856@group-B2671EB745D2-FollowerState was interrupted: java.lang.InterruptedException: sleep interrupted
2019-10-15 16:12:02,451 [grpc-default-executor-1] INFO  impl.RoleInfo (RoleInfo.java:updateAndGet(143)) - 50423279-f647-4a18-8e85-347d68eaf856: start FollowerState
2019-10-15 16:12:02,451 [Thread-1709] INFO  impl.FollowerState (FollowerState.java:run(117)) - 2ec85f63-33fb-4317-9145-71357d145af9@group-B2671EB745D2-FollowerState was interrupted: java.lang.InterruptedException: sleep interrupted
2019-10-15 16:12:02,451 [grpc-default-executor-2] INFO  impl.RoleInfo (RoleInfo.java:updateAndGet(143)) - 2ec85f63-33fb-4317-9145-71357d145af9: start FollowerState
2019-10-15 16:12:02,465 [25d6372c-77fd-4a39-ac2a-e48debad48df@group-B2671EB745D2-LeaderElection228] INFO  impl.LeaderElection (LeaderElection.java:logAndReturn(56)) - 25d6372c-77fd-4a39-ac2a-e48debad48df@group-B2671EB745D2-LeaderElection228: Election REJECTED; received 2 response(s) [25d6372c-77fd-4a39-ac2a-e48debad48df<-2ec85f63-33fb-4317-9145-71357d145af9#0:FAIL-t242, 25d6372c-77fd-4a39-ac2a-e48debad48df<-50423279-f647-4a18-8e85-347d68eaf856#0:FAIL-t242] and 0 exception(s); 25d6372c-77fd-4a39-ac2a-e48debad48df@group-B2671EB745D2:t242, leader=null, voted=25d6372c-77fd-4a39-ac2a-e48debad48df, raftlog=25d6372c-77fd-4a39-ac2a-e48debad48df@group-B2671EB745D2-SegmentedRaftLog:OPENED:c-1,f-1,i0, conf=-1: [50423279-f647-4a18-8e85-347d68eaf856:192.168.69.88:39583, 2ec85f63-33fb-4317-9145-71357d145af9:192.168.69.88:42357, 25d6372c-77fd-4a39-ac2a-e48debad48df:192.168.69.88:39591], old=null
2019-10-15 16:12:02,465 [25d6372c-77fd-4a39-ac2a-e48debad48df@group-B2671EB745D2-LeaderElection228] INFO  impl.RaftServerImpl (RaftServerImpl.java:setRole(184)) - 25d6372c-77fd-4a39-ac2a-e48debad48df@group-B2671EB745D2: changes role from CANDIDATE to FOLLOWER at term 242 for DISCOVERED_A_NEW_TERM
2019-10-15 16:12:02,465 [25d6372c-77fd-4a39-ac2a-e48debad48df@group-B2671EB745D2-LeaderElection228] INFO  impl.RoleInfo (RoleInfo.java:shutdownLeaderElection(134)) - 25d6372c-77fd-4a39-ac2a-e48debad48df: shutdown LeaderElection
2019-10-15 16:12:02,465 [25d6372c-77fd-4a39-ac2a-e48debad48df@group-B2671EB745D2-LeaderElection228] INFO  impl.RoleInfo (RoleInfo.java:updateAndGet(143)) - 25d6372c-77fd-4a39-ac2a-e48debad48df: start FollowerState
2019-10-15 16:12:02,494 [Thread-1716] INFO  impl.FollowerState (FollowerState.java:run(108)) - 25d6372c-77fd-4a39-ac2a-e48debad48df@group-B2671EB745D2-FollowerState: change to CANDIDATE, lastRpcTime:28ms, electionTimeout:28ms
2019-10-15 16:12:02,494 [Thread-1716] INFO  impl.RoleInfo (RoleInfo.java:shutdownFollowerState(121)) - 25d6372c-77fd-4a39-ac2a-e48debad48df: shutdown FollowerState
2019-10-15 16:12:02,494 [Thread-1716] INFO  impl.RaftServerImpl (RaftServerImpl.java:setRole(184)) - 25d6372c-77fd-4a39-ac2a-e48debad48df@group-B2671EB745D2: changes role from  FOLLOWER to CANDIDATE at term 242 for changeToCandidate
2019-10-15 16:12:02,494 [Thread-1716] INFO  impl.RoleInfo (RoleInfo.java:updateAndGet(143)) - 25d6372c-77fd-4a39-ac2a-e48debad48df: start LeaderElection
2019-10-15 16:12:02,507 [25d6372c-77fd-4a39-ac2a-e48debad48df@group-B2671EB745D2-LeaderElection229] INFO  impl.LeaderElection (LeaderElection.java:askForVotes(178)) - 25d6372c-77fd-4a39-ac2a-e48debad48df@group-B2671EB745D2-LeaderElection229: begin an election at term 243 for -1: [50423279-f647-4a18-8e85-347d68eaf856:192.168.69.88:39583, 2ec85f63-33fb-4317-9145-71357d145af9:192.168.69.88:42357, 25d6372c-77fd-4a39-ac2a-e48debad48df:192.168.69.88:39591], old=null
2019-10-15 16:12:02,508 [grpc-default-executor-1] INFO  impl.RaftServerImpl (RaftServerImpl.java:setRole(184)) - 50423279-f647-4a18-8e85-347d68eaf856@group-B2671EB745D2: changes role from  FOLLOWER to FOLLOWER at term 243 for recognizeCandidate:25d6372c-77fd-4a39-ac2a-e48debad48df
2019-10-15 16:12:02,509 [grpc-default-executor-1] INFO  impl.RoleInfo (RoleInfo.java:shutdownFollowerState(121)) - 50423279-f647-4a18-8e85-347d68eaf856: shutdown FollowerState
2019-10-15 16:12:02,509 [grpc-default-executor-2] INFO  impl.RaftServerImpl (RaftServerImpl.java:setRole(184)) - 2ec85f63-33fb-4317-9145-71357d145af9@group-B2671EB745D2: changes role from  FOLLOWER to FOLLOWER at term 243 for recognizeCandidate:25d6372c-77fd-4a39-ac2a-e48debad48df
2019-10-15 16:12:02,509 [Thread-1714] INFO  impl.FollowerState (FollowerState.java:run(117)) - 50423279-f647-4a18-8e85-347d68eaf856@group-B2671EB745D2-FollowerState was interrupted: java.lang.InterruptedException: sleep interrupted
2019-10-15 16:12:02,509 [grpc-default-executor-1] INFO  impl.RoleInfo (RoleInfo.java:updateAndGet(143)) - 50423279-f647-4a18-8e85-347d68eaf856: start FollowerState
2019-10-15 16:12:02,509 [grpc-default-executor-2] INFO  impl.RoleInfo (RoleInfo.java:shutdownFollowerState(121)) - 2ec85f63-33fb-4317-9145-71357d145af9: shutdown FollowerState
2019-10-15 16:12:02,509 [grpc-default-executor-2] INFO  impl.RoleInfo (RoleInfo.java:updateAndGet(143)) - 2ec85f63-33fb-4317-9145-71357d145af9: start FollowerState
2019-10-15 16:12:02,509 [Thread-1715] INFO  impl.FollowerState (FollowerState.java:run(117)) - 2ec85f63-33fb-4317-9145-71357d145af9@group-B2671EB745D2-FollowerState was interrupted: java.lang.InterruptedException: sleep interrupted
2019-10-15 16:12:02,523 [25d6372c-77fd-4a39-ac2a-e48debad48df@group-B2671EB745D2-LeaderElection229] INFO  impl.LeaderElection (LeaderElection.java:logAndReturn(56)) - 25d6372c-77fd-4a39-ac2a-e48debad48df@group-B2671EB745D2-LeaderElection229: Election REJECTED; received 2 response(s) [25d6372c-77fd-4a39-ac2a-e48debad48df<-50423279-f647-4a18-8e85-347d68eaf856#0:FAIL-t243, 25d6372c-77fd-4a39-ac2a-e48debad48df<-2ec85f63-33fb-4317-9145-71357d145af9#0:FAIL-t243] and 0 exception(s); 25d6372c-77fd-4a39-ac2a-e48debad48df@group-B2671EB745D2:t243, leader=null, voted=25d6372c-77fd-4a39-ac2a-e48debad48df, raftlog=25d6372c-77fd-4a39-ac2a-e48debad48df@group-B2671EB745D2-SegmentedRaftLog:OPENED:c-1,f-1,i0, conf=-1: [50423279-f647-4a18-8e85-347d68eaf856:192.168.69.88:39583, 2ec85f63-33fb-4317-9145-71357d145af9:192.168.69.88:42357, 25d6372c-77fd-4a39-ac2a-e48debad48df:192.168.69.88:39591], old=null
2019-10-15 16:12:02,523 [25d6372c-77fd-4a39-ac2a-e48debad48df@group-B2671EB745D2-LeaderElection229] INFO  impl.RaftServerImpl (RaftServerImpl.java:setRole(184)) - 25d6372c-77fd-4a39-ac2a-e48debad48df@group-B2671EB745D2: changes role from CANDIDATE to FOLLOWER at term 243 for DISCOVERED_A_NEW_TERM
2019-10-15 16:12:02,523 [25d6372c-77fd-4a39-ac2a-e48debad48df@group-B2671EB745D2-LeaderElection229] INFO  impl.RoleInfo (RoleInfo.java:shutdownLeaderElection(134)) - 25d6372c-77fd-4a39-ac2a-e48debad48df: shutdown LeaderElection
2019-10-15 16:12:02,524 [25d6372c-77fd-4a39-ac2a-e48debad48df@group-B2671EB745D2-LeaderElection229] INFO  impl.RoleInfo (RoleInfo.java:updateAndGet(143)) - 25d6372c-77fd-4a39-ac2a-e48debad48df: start FollowerState
2019-10-15 16:12:02,628 [Thread-1722] INFO  impl.FollowerState (FollowerState.java:run(108)) - 25d6372c-77fd-4a39-ac2a-e48debad48df@group-B2671EB745D2-FollowerState: change to CANDIDATE, lastRpcTime:104ms, electionTimeout:104ms
2019-10-15 16:12:02,628 [Thread-1722] INFO  impl.RoleInfo (RoleInfo.java:shutdownFollowerState(121)) - 25d6372c-77fd-4a39-ac2a-e48debad48df: shutdown FollowerState
2019-10-15 16:12:02,628 [Thread-1722] INFO  impl.RaftServerImpl (RaftServerImpl.java:setRole(184)) - 25d6372c-77fd-4a39-ac2a-e48debad48df@group-B2671EB745D2: changes role from  FOLLOWER to CANDIDATE at term 243 for changeToCandidate
2019-10-15 16:12:02,628 [Thread-1722] INFO  impl.RoleInfo (RoleInfo.java:updateAndGet(143)) - 25d6372c-77fd-4a39-ac2a-e48debad48df: start LeaderElection
2019-10-15 16:12:02,642 [25d6372c-77fd-4a39-ac2a-e48debad48df@group-B2671EB745D2-LeaderElection230] INFO  impl.LeaderElection (LeaderElection.java:askForVotes(178)) - 25d6372c-77fd-4a39-ac2a-e48debad48df@group-B2671EB745D2-LeaderElection230: begin an election at term 244 for -1: [50423279-f647-4a18-8e85-347d68eaf856:192.168.69.88:39583, 2ec85f63-33fb-4317-9145-71357d145af9:192.168.69.88:42357, 25d6372c-77fd-4a39-ac2a-e48debad48df:192.168.69.88:39591], old=null
2019-10-15 16:12:02,644 [grpc-default-executor-2] INFO  impl.RaftServerImpl (RaftServerImpl.java:setRole(184)) - 50423279-f647-4a18-8e85-347d68eaf856@group-B2671EB745D2: changes role from  FOLLOWER to FOLLOWER at term 244 for recognizeCandidate:25d6372c-77fd-4a39-ac2a-e48debad48df
2019-10-15 16:12:02,644 [grpc-default-executor-1] INFO  impl.RaftServerImpl (RaftServerImpl.java:setRole(184)) - 2ec85f63-33fb-4317-9145-71357d145af9@group-B2671EB745D2: changes role from  FOLLOWER to FOLLOWER at term 244 for recognizeCandidate:25d6372c-77fd-4a39-ac2a-e48debad48df
2019-10-15 16:12:02,644 [grpc-default-executor-2] INFO  impl.RoleInfo (RoleInfo.java:shutdownFollowerState(121)) - 50423279-f647-4a18-8e85-347d68eaf856: shutdown FollowerState
2019-10-15 16:12:02,644 [grpc-default-executor-1] INFO  impl.RoleInfo (RoleInfo.java:shutdownFollowerState(121)) - 2ec85f63-33fb-4317-9145-71357d145af9: shutdown FollowerState
2019-10-15 16:12:02,644 [Thread-1720] INFO  impl.FollowerState (FollowerState.java:run(117)) - 50423279-f647-4a18-8e85-347d68eaf856@group-B2671EB745D2-FollowerState was interrupted: java.lang.InterruptedException: sleep interrupted
2019-10-15 16:12:02,644 [grpc-default-executor-2] INFO  impl.RoleInfo (RoleInfo.java:updateAndGet(143)) - 50423279-f647-4a18-8e85-347d68eaf856: start FollowerState
2019-10-15 16:12:02,644 [Thread-1721] INFO  impl.FollowerState (FollowerState.java:run(117)) - 2ec85f63-33fb-4317-9145-71357d145af9@group-B2671EB745D2-FollowerState was interrupted: java.lang.InterruptedException: sleep interrupted
2019-10-15 16:12:02,644 [grpc-default-executor-1] INFO  impl.RoleInfo (RoleInfo.java:updateAndGet(143)) - 2ec85f63-33fb-4317-9145-71357d145af9: start FollowerState
2019-10-15 16:12:02,659 [25d6372c-77fd-4a39-ac2a-e48debad48df@group-B2671EB745D2-LeaderElection230] INFO  impl.LeaderElection (LeaderElection.java:logAndReturn(56)) - 25d6372c-77fd-4a39-ac2a-e48debad48df@group-B2671EB745D2-LeaderElection230: Election REJECTED; received 2 response(s) [25d6372c-77fd-4a39-ac2a-e48debad48df<-2ec85f63-33fb-4317-9145-71357d145af9#0:FAIL-t244, 25d6372c-77fd-4a39-ac2a-e48debad48df<-50423279-f647-4a18-8e85-347d68eaf856#0:FAIL-t244] and 0 exception(s); 25d6372c-77fd-4a39-ac2a-e48debad48df@group-B2671EB745D2:t244, leader=null, voted=25d6372c-77fd-4a39-ac2a-e48debad48df, raftlog=25d6372c-77fd-4a39-ac2a-e48debad48df@group-B2671EB745D2-SegmentedRaftLog:OPENED:c-1,f-1,i0, conf=-1: [50423279-f647-4a18-8e85-347d68eaf856:192.168.69.88:39583, 2ec85f63-33fb-4317-9145-71357d145af9:192.168.69.88:42357, 25d6372c-77fd-4a39-ac2a-e48debad48df:192.168.69.88:39591], old=null
2019-10-15 16:12:02,659 [25d6372c-77fd-4a39-ac2a-e48debad48df@group-B2671EB745D2-LeaderElection230] INFO  impl.RaftServerImpl (RaftServerImpl.java:setRole(184)) - 25d6372c-77fd-4a39-ac2a-e48debad48df@group-B2671EB745D2: changes role from CANDIDATE to FOLLOWER at term 244 for DISCOVERED_A_NEW_TERM
2019-10-15 16:12:02,659 [25d6372c-77fd-4a39-ac2a-e48debad48df@group-B2671EB745D2-LeaderElection230] INFO  impl.RoleInfo (RoleInfo.java:shutdownLeaderElection(134)) - 25d6372c-77fd-4a39-ac2a-e48debad48df: shutdown LeaderElection
2019-10-15 16:12:02,659 [25d6372c-77fd-4a39-ac2a-e48debad48df@group-B2671EB745D2-LeaderElection230] INFO  impl.RoleInfo (RoleInfo.java:updateAndGet(143)) - 25d6372c-77fd-4a39-ac2a-e48debad48df: start FollowerState
2019-10-15 16:12:02,801 [Thread-1730] INFO  impl.FollowerState (FollowerState.java:run(108)) - 25d6372c-77fd-4a39-ac2a-e48debad48df@group-B2671EB745D2-FollowerState: change to CANDIDATE, lastRpcTime:141ms, electionTimeout:141ms
2019-10-15 16:12:02,801 [Thread-1730] INFO  impl.RoleInfo (RoleInfo.java:shutdownFollowerState(121)) - 25d6372c-77fd-4a39-ac2a-e48debad48df: shutdown FollowerState
2019-10-15 16:12:02,801 [Thread-1730] INFO  impl.RaftServerImpl (RaftServerImpl.java:setRole(184)) - 25d6372c-77fd-4a39-ac2a-e48debad48df@group-B2671EB745D2: changes role from  FOLLOWER to CANDIDATE at term 244 for changeToCandidate
2019-10-15 16:12:02,801 [Thread-1730] INFO  impl.RoleInfo (RoleInfo.java:updateAndGet(143)) - 25d6372c-77fd-4a39-ac2a-e48debad48df: start LeaderElection
2019-10-15 16:12:02,815 [25d6372c-77fd-4a39-ac2a-e48debad48df@group-B2671EB745D2-LeaderElection231] INFO  impl.LeaderElection (LeaderElection.java:askForVotes(178)) - 25d6372c-77fd-4a39-ac2a-e48debad48df@group-B2671EB745D2-LeaderElection231: begin an election at term 245 for -1: [50423279-f647-4a18-8e85-347d68eaf856:192.168.69.88:39583, 2ec85f63-33fb-4317-9145-71357d145af9:192.168.69.88:42357, 25d6372c-77fd-4a39-ac2a-e48debad48df:192.168.69.88:39591], old=null
2019-10-15 16:12:02,818 [grpc-default-executor-2] INFO  impl.RaftServerImpl (RaftServerImpl.java:setRole(184)) - 2ec85f63-33fb-4317-9145-71357d145af9@group-B2671EB745D2: changes role from  FOLLOWER to FOLLOWER at term 245 for recognizeCandidate:25d6372c-77fd-4a39-ac2a-e48debad48df
2019-10-15 16:12:02,818 [grpc-default-executor-1] INFO  impl.RaftServerImpl (RaftServerImpl.java:setRole(184)) - 50423279-f647-4a18-8e85-347d68eaf856@group-B2671EB745D2: changes role from  FOLLOWER to FOLLOWER at term 245 for recognizeCandidate:25d6372c-77fd-4a39-ac2a-e48debad48df
2019-10-15 16:12:02,818 [grpc-default-executor-1] INFO  impl.RoleInfo (RoleInfo.java:shutdownFollowerState(121)) - 50423279-f647-4a18-8e85-347d68eaf856: shutdown FollowerState
2019-10-15 16:12:02,818 [grpc-default-executor-2] INFO  impl.RoleInfo (RoleInfo.java:shutdownFollowerState(121)) - 2ec85f63-33fb-4317-9145-71357d145af9: shutdown FollowerState
2019-10-15 16:12:02,818 [Thread-1728] INFO  impl.FollowerState (FollowerState.java:run(117)) - 50423279-f647-4a18-8e85-347d68eaf856@group-B2671EB745D2-FollowerState was interrupted: java.lang.InterruptedException: sleep interrupted
2019-10-15 16:12:02,818 [grpc-default-executor-1] INFO  impl.RoleInfo (RoleInfo.java:updateAndGet(143)) - 50423279-f647-4a18-8e85-347d68eaf856: start FollowerState
2019-10-15 16:12:02,819 [Thread-1729] INFO  impl.FollowerState (FollowerState.java:run(117)) - 2ec85f63-33fb-4317-9145-71357d145af9@group-B2671EB745D2-FollowerState was interrupted: java.lang.InterruptedException: sleep interrupted
2019-10-15 16:12:02,819 [grpc-default-executor-2] INFO  impl.RoleInfo (RoleInfo.java:updateAndGet(143)) - 2ec85f63-33fb-4317-9145-71357d145af9: start FollowerState
2019-10-15 16:12:02,833 [25d6372c-77fd-4a39-ac2a-e48debad48df@group-B2671EB745D2-LeaderElection231] INFO  impl.LeaderElection (LeaderElection.java:logAndReturn(56)) - 25d6372c-77fd-4a39-ac2a-e48debad48df@group-B2671EB745D2-LeaderElection231: Election REJECTED; received 2 response(s) [25d6372c-77fd-4a39-ac2a-e48debad48df<-50423279-f647-4a18-8e85-347d68eaf856#0:FAIL-t245, 25d6372c-77fd-4a39-ac2a-e48debad48df<-2ec85f63-33fb-4317-9145-71357d145af9#0:FAIL-t245] and 0 exception(s); 25d6372c-77fd-4a39-ac2a-e48debad48df@group-B2671EB745D2:t245, leader=null, voted=25d6372c-77fd-4a39-ac2a-e48debad48df, raftlog=25d6372c-77fd-4a39-ac2a-e48debad48df@group-B2671EB745D2-SegmentedRaftLog:OPENED:c-1,f-1,i0, conf=-1: [50423279-f647-4a18-8e85-347d68eaf856:192.168.69.88:39583, 2ec85f63-33fb-4317-9145-71357d145af9:192.168.69.88:42357, 25d6372c-77fd-4a39-ac2a-e48debad48df:192.168.69.88:39591], old=null
2019-10-15 16:12:02,834 [25d6372c-77fd-4a39-ac2a-e48debad48df@group-B2671EB745D2-LeaderElection231] INFO  impl.RaftServerImpl (RaftServerImpl.java:setRole(184)) - 25d6372c-77fd-4a39-ac2a-e48debad48df@group-B2671EB745D2: changes role from CANDIDATE to FOLLOWER at term 245 for DISCOVERED_A_NEW_TERM
2019-10-15 16:12:02,834 [25d6372c-77fd-4a39-ac2a-e48debad48df@group-B2671EB745D2-LeaderElection231] INFO  impl.RoleInfo (RoleInfo.java:shutdownLeaderElection(134)) - 25d6372c-77fd-4a39-ac2a-e48debad48df: shutdown LeaderElection
2019-10-15 16:12:02,834 [25d6372c-77fd-4a39-ac2a-e48debad48df@group-B2671EB745D2-LeaderElection231] INFO  impl.RoleInfo (RoleInfo.java:updateAndGet(143)) - 25d6372c-77fd-4a39-ac2a-e48debad48df: start FollowerState
2019-10-15 16:12:02,997 [Thread-1736] INFO  impl.FollowerState (FollowerState.java:run(108)) - 25d6372c-77fd-4a39-ac2a-e48debad48df@group-B2671EB745D2-FollowerState: change to CANDIDATE, lastRpcTime:163ms, electionTimeout:163ms
2019-10-15 16:12:02,997 [Thread-1736] INFO  impl.RoleInfo (RoleInfo.java:shutdownFollowerState(121)) - 25d6372c-77fd-4a39-ac2a-e48debad48df: shutdown FollowerState
2019-10-15 16:12:02,998 [Thread-1736] INFO  impl.RaftServerImpl (RaftServerImpl.java:setRole(184)) - 25d6372c-77fd-4a39-ac2a-e48debad48df@group-B2671EB745D2: changes role from  FOLLOWER to CANDIDATE at term 245 for changeToCandidate
2019-10-15 16:12:02,998 [Thread-1736] INFO  impl.RoleInfo (RoleInfo.java:updateAndGet(143)) - 25d6372c-77fd-4a39-ac2a-e48debad48df: start LeaderElection
2019-10-15 16:12:03,013 [25d6372c-77fd-4a39-ac2a-e48debad48df@group-B2671EB745D2-LeaderElection232] INFO  impl.LeaderElection (LeaderElection.java:askForVotes(178)) - 25d6372c-77fd-4a39-ac2a-e48debad48df@group-B2671EB745D2-LeaderElection232: begin an election at term 246 for -1: [50423279-f647-4a18-8e85-347d68eaf856:192.168.69.88:39583, 2ec85f63-33fb-4317-9145-71357d145af9:192.168.69.88:42357, 25d6372c-77fd-4a39-ac2a-e48debad48df:192.168.69.88:39591], old=null
2019-10-15 16:12:03,015 [grpc-default-executor-2] INFO  impl.RaftServerImpl (RaftServerImpl.java:setRole(184)) - 50423279-f647-4a18-8e85-347d68eaf856@group-B2671EB745D2: changes role from  FOLLOWER to FOLLOWER at term 246 for recognizeCandidate:25d6372c-77fd-4a39-ac2a-e48debad48df
2019-10-15 16:12:03,015 [grpc-default-executor-2] INFO  impl.RoleInfo (RoleInfo.java:shutdownFollowerState(121)) - 50423279-f647-4a18-8e85-347d68eaf856: shutdown FollowerState
2019-10-15 16:12:03,015 [grpc-default-executor-1] INFO  impl.RaftServerImpl (RaftServerImpl.java:setRole(184)) - 2ec85f63-33fb-4317-9145-71357d145af9@group-B2671EB745D2: changes role from  FOLLOWER to FOLLOWER at term 246 for recognizeCandidate:25d6372c-77fd-4a39-ac2a-e48debad48df
2019-10-15 16:12:03,015 [Thread-1734] INFO  impl.FollowerState (FollowerState.java:run(117)) - 50423279-f647-4a18-8e85-347d68eaf856@group-B2671EB745D2-FollowerState was interrupted: java.lang.InterruptedException: sleep interrupted
2019-10-15 16:12:03,015 [grpc-default-executor-2] INFO  impl.RoleInfo (RoleInfo.java:updateAndGet(143)) - 50423279-f647-4a18-8e85-347d68eaf856: start FollowerState
2019-10-15 16:12:03,015 [grpc-default-executor-1] INFO  impl.RoleInfo (RoleInfo.java:shutdownFollowerState(121)) - 2ec85f63-33fb-4317-9145-71357d145af9: shutdown FollowerState
2019-10-15 16:12:03,016 [grpc-default-executor-1] INFO  impl.RoleInfo (RoleInfo.java:updateAndGet(143)) - 2ec85f63-33fb-4317-9145-71357d145af9: start FollowerState
2019-10-15 16:12:03,016 [Thread-1735] INFO  impl.FollowerState (FollowerState.java:run(117)) - 2ec85f63-33fb-4317-9145-71357d145af9@group-B2671EB745D2-FollowerState was interrupted: java.lang.InterruptedException: sleep interrupted
2019-10-15 16:12:03,030 [25d6372c-77fd-4a39-ac2a-e48debad48df@group-B2671EB745D2-LeaderElection232] INFO  impl.LeaderElection (LeaderElection.java:logAndReturn(56)) - 25d6372c-77fd-4a39-ac2a-e48debad48df@group-B2671EB745D2-LeaderElection232: Election REJECTED; received 2 response(s) [25d6372c-77fd-4a39-ac2a-e48debad48df<-50423279-f647-4a18-8e85-347d68eaf856#0:FAIL-t246, 25d6372c-77fd-4a39-ac2a-e48debad48df<-2ec85f63-33fb-4317-9145-71357d145af9#0:FAIL-t246] and 0 exception(s); 25d6372c-77fd-4a39-ac2a-e48debad48df@group-B2671EB745D2:t246, leader=null, voted=25d6372c-77fd-4a39-ac2a-e48debad48df, raftlog=25d6372c-77fd-4a39-ac2a-e48debad48df@group-B2671EB745D2-SegmentedRaftLog:OPENED:c-1,f-1,i0, conf=-1: [50423279-f647-4a18-8e85-347d68eaf856:192.168.69.88:39583, 2ec85f63-33fb-4317-9145-71357d145af9:192.168.69.88:42357, 25d6372c-77fd-4a39-ac2a-e48debad48df:192.168.69.88:39591], old=null
2019-10-15 16:12:03,030 [25d6372c-77fd-4a39-ac2a-e48debad48df@group-B2671EB745D2-LeaderElection232] INFO  impl.RaftServerImpl (RaftServerImpl.java:setRole(184)) - 25d6372c-77fd-4a39-ac2a-e48debad48df@group-B2671EB745D2: changes role from CANDIDATE to FOLLOWER at term 246 for DISCOVERED_A_NEW_TERM
2019-10-15 16:12:03,030 [25d6372c-77fd-4a39-ac2a-e48debad48df@group-B2671EB745D2-LeaderElection232] INFO  impl.RoleInfo (RoleInfo.java:shutdownLeaderElection(134)) - 25d6372c-77fd-4a39-ac2a-e48debad48df: shutdown LeaderElection
2019-10-15 16:12:03,031 [25d6372c-77fd-4a39-ac2a-e48debad48df@group-B2671EB745D2-LeaderElection232] INFO  impl.RoleInfo (RoleInfo.java:updateAndGet(143)) - 25d6372c-77fd-4a39-ac2a-e48debad48df: start FollowerState
2019-10-15 16:12:03,181 [Thread-1742] INFO  impl.FollowerState (FollowerState.java:run(108)) - 25d6372c-77fd-4a39-ac2a-e48debad48df@group-B2671EB745D2-FollowerState: change to CANDIDATE, lastRpcTime:150ms, electionTimeout:150ms
2019-10-15 16:12:03,181 [Thread-1742] INFO  impl.RoleInfo (RoleInfo.java:shutdownFollowerState(121)) - 25d6372c-77fd-4a39-ac2a-e48debad48df: shutdown FollowerState
2019-10-15 16:12:03,182 [Thread-1742] INFO  impl.RaftServerImpl (RaftServerImpl.java:setRole(184)) - 25d6372c-77fd-4a39-ac2a-e48debad48df@group-B2671EB745D2: changes role from  FOLLOWER to CANDIDATE at term 246 for changeToCandidate
2019-10-15 16:12:03,182 [Thread-1742] INFO  impl.RoleInfo (RoleInfo.java:updateAndGet(143)) - 25d6372c-77fd-4a39-ac2a-e48debad48df: start LeaderElection
2019-10-15 16:12:03,330 [25d6372c-77fd-4a39-ac2a-e48debad48df@group-B2671EB745D2-LeaderElection233] INFO  impl.LeaderElection (LeaderElection.java:askForVotes(178)) - 25d6372c-77fd-4a39-ac2a-e48debad48df@group-B2671EB745D2-LeaderElection233: begin an election at term 247 for -1: [50423279-f647-4a18-8e85-347d68eaf856:192.168.69.88:39583, 2ec85f63-33fb-4317-9145-71357d145af9:192.168.69.88:42357, 25d6372c-77fd-4a39-ac2a-e48debad48df:192.168.69.88:39591], old=null
2019-10-15 16:12:03,332 [grpc-default-executor-1] INFO  impl.RaftServerImpl (RaftServerImpl.java:setRole(184)) - 50423279-f647-4a18-8e85-347d68eaf856@group-B2671EB745D2: changes role from  FOLLOWER to FOLLOWER at term 247 for recognizeCandidate:25d6372c-77fd-4a39-ac2a-e48debad48df
2019-10-15 16:12:03,332 [grpc-default-executor-2] INFO  impl.RaftServerImpl (RaftServerImpl.java:setRole(184)) - 2ec85f63-33fb-4317-9145-71357d145af9@group-B2671EB745D2: changes role from  FOLLOWER to FOLLOWER at term 247 for recognizeCandidate:25d6372c-77fd-4a39-ac2a-e48debad48df
2019-10-15 16:12:03,332 [grpc-default-executor-1] INFO  impl.RoleInfo (RoleInfo.java:shutdownFollowerState(121)) - 50423279-f647-4a18-8e85-347d68eaf856: shutdown FollowerState
2019-10-15 16:12:03,332 [grpc-default-executor-2] INFO  impl.RoleInfo (RoleInfo.java:shutdownFollowerState(121)) - 2ec85f63-33fb-4317-9145-71357d145af9: shutdown FollowerState
2019-10-15 16:12:03,332 [Thread-1740] INFO  impl.FollowerState (FollowerState.java:run(117)) - 50423279-f647-4a18-8e85-347d68eaf856@group-B2671EB745D2-FollowerState was interrupted: java.lang.InterruptedException: sleep interrupted
2019-10-15 16:12:03,332 [grpc-default-executor-1] INFO  impl.RoleInfo (RoleInfo.java:updateAndGet(143)) - 50423279-f647-4a18-8e85-347d68eaf856: start FollowerState
2019-10-15 16:12:03,332 [Thread-1741] INFO  impl.FollowerState (FollowerState.java:run(117)) - 2ec85f63-33fb-4317-9145-71357d145af9@group-B2671EB745D2-FollowerState was interrupted: java.lang.InterruptedException: sleep interrupted
2019-10-15 16:12:03,332 [grpc-default-executor-2] INFO  impl.RoleInfo (RoleInfo.java:updateAndGet(143)) - 2ec85f63-33fb-4317-9145-71357d145af9: start FollowerState
2019-10-15 16:12:03,358 [25d6372c-77fd-4a39-ac2a-e48debad48df@group-B2671EB745D2-LeaderElection233] INFO  impl.LeaderElection (LeaderElection.java:logAndReturn(56)) - 25d6372c-77fd-4a39-ac2a-e48debad48df@group-B2671EB745D2-LeaderElection233: Election REJECTED; received 2 response(s) [25d6372c-77fd-4a39-ac2a-e48debad48df<-2ec85f63-33fb-4317-9145-71357d145af9#0:FAIL-t247, 25d6372c-77fd-4a39-ac2a-e48debad48df<-50423279-f647-4a18-8e85-347d68eaf856#0:FAIL-t247] and 0 exception(s); 25d6372c-77fd-4a39-ac2a-e48debad48df@group-B2671EB745D2:t247, leader=null, voted=25d6372c-77fd-4a39-ac2a-e48debad48df, raftlog=25d6372c-77fd-4a39-ac2a-e48debad48df@group-B2671EB745D2-SegmentedRaftLog:OPENED:c-1,f-1,i0, conf=-1: [50423279-f647-4a18-8e85-347d68eaf856:192.168.69.88:39583, 2ec85f63-33fb-4317-9145-71357d145af9:192.168.69.88:42357, 25d6372c-77fd-4a39-ac2a-e48debad48df:192.168.69.88:39591], old=null
2019-10-15 16:12:03,358 [25d6372c-77fd-4a39-ac2a-e48debad48df@group-B2671EB745D2-LeaderElection233] INFO  impl.RaftServerImpl (RaftServerImpl.java:setRole(184)) - 25d6372c-77fd-4a39-ac2a-e48debad48df@group-B2671EB745D2: changes role from CANDIDATE to FOLLOWER at term 247 for DISCOVERED_A_NEW_TERM
2019-10-15 16:12:03,358 [25d6372c-77fd-4a39-ac2a-e48debad48df@group-B2671EB745D2-LeaderElection233] INFO  impl.RoleInfo (RoleInfo.java:shutdownLeaderElection(134)) - 25d6372c-77fd-4a39-ac2a-e48debad48df: shutdown LeaderElection
2019-10-15 16:12:03,358 [25d6372c-77fd-4a39-ac2a-e48debad48df@group-B2671EB745D2-LeaderElection233] INFO  impl.RoleInfo (RoleInfo.java:updateAndGet(143)) - 25d6372c-77fd-4a39-ac2a-e48debad48df: start FollowerState
2019-10-15 16:12:03,473 [Thread-1748] INFO  impl.FollowerState (FollowerState.java:run(108)) - 25d6372c-77fd-4a39-ac2a-e48debad48df@group-B2671EB745D2-FollowerState: change to CANDIDATE, lastRpcTime:115ms, electionTimeout:115ms
2019-10-15 16:12:03,474 [Thread-1748] INFO  impl.RoleInfo (RoleInfo.java:shutdownFollowerState(121)) - 25d6372c-77fd-4a39-ac2a-e48debad48df: shutdown FollowerState
2019-10-15 16:12:03,474 [Thread-1748] INFO  impl.RaftServerImpl (RaftServerImpl.java:setRole(184)) - 25d6372c-77fd-4a39-ac2a-e48debad48df@group-B2671EB745D2: changes role from  FOLLOWER to CANDIDATE at term 247 for changeToCandidate
2019-10-15 16:12:03,474 [Thread-1748] INFO  impl.RoleInfo (RoleInfo.java:updateAndGet(143)) - 25d6372c-77fd-4a39-ac2a-e48debad48df: start LeaderElection
2019-10-15 16:12:03,490 [25d6372c-77fd-4a39-ac2a-e48debad48df@group-B2671EB745D2-LeaderElection234] INFO  impl.LeaderElection (LeaderElection.java:askForVotes(178)) - 25d6372c-77fd-4a39-ac2a-e48debad48df@group-B2671EB745D2-LeaderElection234: begin an election at term 248 for -1: [50423279-f647-4a18-8e85-347d68eaf856:192.168.69.88:39583, 2ec85f63-33fb-4317-9145-71357d145af9:192.168.69.88:42357, 25d6372c-77fd-4a39-ac2a-e48debad48df:192.168.69.88:39591], old=null
2019-10-15 16:12:03,492 [grpc-default-executor-1] INFO  impl.RaftServerImpl (RaftServerImpl.java:setRole(184)) - 2ec85f63-33fb-4317-9145-71357d145af9@group-B2671EB745D2: changes role from  FOLLOWER to FOLLOWER at term 248 for recognizeCandidate:25d6372c-77fd-4a39-ac2a-e48debad48df
2019-10-15 16:12:03,492 [grpc-default-executor-2] INFO  impl.RaftServerImpl (RaftServerImpl.java:setRole(184)) - 50423279-f647-4a18-8e85-347d68eaf856@group-B2671EB745D2: changes role from  FOLLOWER to FOLLOWER at term 248 for recognizeCandidate:25d6372c-77fd-4a39-ac2a-e48debad48df
2019-10-15 16:12:03,492 [grpc-default-executor-1] INFO  impl.RoleInfo (RoleInfo.java:shutdownFollowerState(121)) - 2ec85f63-33fb-4317-9145-71357d145af9: shutdown FollowerState
2019-10-15 16:12:03,492 [grpc-default-executor-2] INFO  impl.RoleInfo (RoleInfo.java:shutdownFollowerState(121)) - 50423279-f647-4a18-8e85-347d68eaf856: shutdown FollowerState
2019-10-15 16:12:03,493 [Thread-1747] INFO  impl.FollowerState (FollowerState.java:run(117)) - 2ec85f63-33fb-4317-9145-71357d145af9@group-B2671EB745D2-FollowerState was interrupted: java.lang.InterruptedException: sleep interrupted
2019-10-15 16:12:03,493 [grpc-default-executor-1] INFO  impl.RoleInfo (RoleInfo.java:updateAndGet(143)) - 2ec85f63-33fb-4317-9145-71357d145af9: start FollowerState
2019-10-15 16:12:03,493 [Thread-1746] INFO  impl.FollowerState (FollowerState.java:run(117)) - 50423279-f647-4a18-8e85-347d68eaf856@group-B2671EB745D2-FollowerState was interrupted: java.lang.InterruptedException: sleep interrupted
2019-10-15 16:12:03,493 [grpc-default-executor-2] INFO  impl.RoleInfo (RoleInfo.java:updateAndGet(143)) - 50423279-f647-4a18-8e85-347d68eaf856: start FollowerState
2019-10-15 16:12:03,528 [25d6372c-77fd-4a39-ac2a-e48debad48df@group-B2671EB745D2-LeaderElection234] INFO  impl.LeaderElection (LeaderElection.java:logAndReturn(56)) - 25d6372c-77fd-4a39-ac2a-e48debad48df@group-B2671EB745D2-LeaderElection234: Election REJECTED; received 2 response(s) [25d6372c-77fd-4a39-ac2a-e48debad48df<-2ec85f63-33fb-4317-9145-71357d145af9#0:FAIL-t248, 25d6372c-77fd-4a39-ac2a-e48debad48df<-50423279-f647-4a18-8e85-347d68eaf856#0:FAIL-t248] and 0 exception(s); 25d6372c-77fd-4a39-ac2a-e48debad48df@group-B2671EB745D2:t248, leader=null, voted=25d6372c-77fd-4a39-ac2a-e48debad48df, raftlog=25d6372c-77fd-4a39-ac2a-e48debad48df@group-B2671EB745D2-SegmentedRaftLog:OPENED:c-1,f-1,i0, conf=-1: [50423279-f647-4a18-8e85-347d68eaf856:192.168.69.88:39583, 2ec85f63-33fb-4317-9145-71357d145af9:192.168.69.88:42357, 25d6372c-77fd-4a39-ac2a-e48debad48df:192.168.69.88:39591], old=null
2019-10-15 16:12:03,528 [25d6372c-77fd-4a39-ac2a-e48debad48df@group-B2671EB745D2-LeaderElection234] INFO  impl.RaftServerImpl (RaftServerImpl.java:setRole(184)) - 25d6372c-77fd-4a39-ac2a-e48debad48df@group-B2671EB745D2: changes role from CANDIDATE to FOLLOWER at term 248 for DISCOVERED_A_NEW_TERM
2019-10-15 16:12:03,528 [25d6372c-77fd-4a39-ac2a-e48debad48df@group-B2671EB745D2-LeaderElection234] INFO  impl.RoleInfo (RoleInfo.java:shutdownLeaderElection(134)) - 25d6372c-77fd-4a39-ac2a-e48debad48df: shutdown LeaderElection
2019-10-15 16:12:03,528 [25d6372c-77fd-4a39-ac2a-e48debad48df@group-B2671EB745D2-LeaderElection234] INFO  impl.RoleInfo (RoleInfo.java:updateAndGet(143)) - 25d6372c-77fd-4a39-ac2a-e48debad48df: start FollowerState
2019-10-15 16:12:03,539 [Thread-1754] INFO  impl.FollowerState (FollowerState.java:run(108)) - 25d6372c-77fd-4a39-ac2a-e48debad48df@group-B2671EB745D2-FollowerState: change to CANDIDATE, lastRpcTime:10ms, electionTimeout:10ms
2019-10-15 16:12:03,539 [Thread-1754] INFO  impl.RoleInfo (RoleInfo.java:shutdownFollowerState(121)) - 25d6372c-77fd-4a39-ac2a-e48debad48df: shutdown FollowerState
2019-10-15 16:12:03,539 [Thread-1754] INFO  impl.RaftServerImpl (RaftServerImpl.java:setRole(184)) - 25d6372c-77fd-4a39-ac2a-e48debad48df@group-B2671EB745D2: changes role from  FOLLOWER to CANDIDATE at term 248 for changeToCandidate
2019-10-15 16:12:03,539 [Thread-1754] INFO  impl.RoleInfo (RoleInfo.java:updateAndGet(143)) - 25d6372c-77fd-4a39-ac2a-e48debad48df: start LeaderElection
2019-10-15 16:12:03,579 [25d6372c-77fd-4a39-ac2a-e48debad48df@group-B2671EB745D2-LeaderElection235] INFO  impl.LeaderElection (LeaderElection.java:askForVotes(178)) - 25d6372c-77fd-4a39-ac2a-e48debad48df@group-B2671EB745D2-LeaderElection235: begin an election at term 249 for -1: [50423279-f647-4a18-8e85-347d68eaf856:192.168.69.88:39583, 2ec85f63-33fb-4317-9145-71357d145af9:192.168.69.88:42357, 25d6372c-77fd-4a39-ac2a-e48debad48df:192.168.69.88:39591], old=null
2019-10-15 16:12:03,581 [grpc-default-executor-2] INFO  impl.RaftServerImpl (RaftServerImpl.java:setRole(184)) - 50423279-f647-4a18-8e85-347d68eaf856@group-B2671EB745D2: changes role from  FOLLOWER to FOLLOWER at term 249 for recognizeCandidate:25d6372c-77fd-4a39-ac2a-e48debad48df
2019-10-15 16:12:03,582 [grpc-default-executor-2] INFO  impl.RoleInfo (RoleInfo.java:shutdownFollowerState(121)) - 50423279-f647-4a18-8e85-347d68eaf856: shutdown FollowerState
2019-10-15 16:12:03,582 [Thread-1753] INFO  impl.FollowerState (FollowerState.java:run(117)) - 50423279-f647-4a18-8e85-347d68eaf856@group-B2671EB745D2-FollowerState was interrupted: java.lang.InterruptedException: sleep interrupted
2019-10-15 16:12:03,582 [grpc-default-executor-2] INFO  impl.RoleInfo (RoleInfo.java:updateAndGet(143)) - 50423279-f647-4a18-8e85-347d68eaf856: start FollowerState
2019-10-15 16:12:03,582 [grpc-default-executor-1] INFO  impl.RaftServerImpl (RaftServerImpl.java:setRole(184)) - 2ec85f63-33fb-4317-9145-71357d145af9@group-B2671EB745D2: changes role from  FOLLOWER to FOLLOWER at term 249 for recognizeCandidate:25d6372c-77fd-4a39-ac2a-e48debad48df
2019-10-15 16:12:03,582 [grpc-default-executor-1] INFO  impl.RoleInfo (RoleInfo.java:shutdownFollowerState(121)) - 2ec85f63-33fb-4317-9145-71357d145af9: shutdown FollowerState
2019-10-15 16:12:03,582 [grpc-default-executor-1] INFO  impl.RoleInfo (RoleInfo.java:updateAndGet(143)) - 2ec85f63-33fb-4317-9145-71357d145af9: start FollowerState
2019-10-15 16:12:03,582 [Thread-1752] INFO  impl.FollowerState (FollowerState.java:run(117)) - 2ec85f63-33fb-4317-9145-71357d145af9@group-B2671EB745D2-FollowerState was interrupted: java.lang.InterruptedException: sleep interrupted
2019-10-15 16:12:03,594 [25d6372c-77fd-4a39-ac2a-e48debad48df@group-B2671EB745D2-LeaderElection235] INFO  impl.LeaderElection (LeaderElection.java:logAndReturn(56)) - 25d6372c-77fd-4a39-ac2a-e48debad48df@group-B2671EB745D2-LeaderElection235: Election REJECTED; received 2 response(s) [25d6372c-77fd-4a39-ac2a-e48debad48df<-50423279-f647-4a18-8e85-347d68eaf856#0:FAIL-t249, 25d6372c-77fd-4a39-ac2a-e48debad48df<-2ec85f63-33fb-4317-9145-71357d145af9#0:FAIL-t249] and 0 exception(s); 25d6372c-77fd-4a39-ac2a-e48debad48df@group-B2671EB745D2:t249, leader=null, voted=25d6372c-77fd-4a39-ac2a-e48debad48df, raftlog=25d6372c-77fd-4a39-ac2a-e48debad48df@group-B2671EB745D2-SegmentedRaftLog:OPENED:c-1,f-1,i0, conf=-1: [50423279-f647-4a18-8e85-347d68eaf856:192.168.69.88:39583, 2ec85f63-33fb-4317-9145-71357d145af9:192.168.69.88:42357, 25d6372c-77fd-4a39-ac2a-e48debad48df:192.168.69.88:39591], old=null
2019-10-15 16:12:03,594 [25d6372c-77fd-4a39-ac2a-e48debad48df@group-B2671EB745D2-LeaderElection235] INFO  impl.RaftServerImpl (RaftServerImpl.java:setRole(184)) - 25d6372c-77fd-4a39-ac2a-e48debad48df@group-B2671EB745D2: changes role from CANDIDATE to FOLLOWER at term 249 for DISCOVERED_A_NEW_TERM
2019-10-15 16:12:03,594 [25d6372c-77fd-4a39-ac2a-e48debad48df@group-B2671EB745D2-LeaderElection235] INFO  impl.RoleInfo (RoleInfo.java:shutdownLeaderElection(134)) - 25d6372c-77fd-4a39-ac2a-e48debad48df: shutdown LeaderElection
2019-10-15 16:12:03,594 [25d6372c-77fd-4a39-ac2a-e48debad48df@group-B2671EB745D2-LeaderElection235] INFO  impl.RoleInfo (RoleInfo.java:updateAndGet(143)) - 25d6372c-77fd-4a39-ac2a-e48debad48df: start FollowerState
2019-10-15 16:12:03,630 [Thread-1762] INFO  impl.FollowerState (FollowerState.java:run(108)) - 25d6372c-77fd-4a39-ac2a-e48debad48df@group-B2671EB745D2-FollowerState: change to CANDIDATE, lastRpcTime:35ms, electionTimeout:35ms
2019-10-15 16:12:03,630 [Thread-1762] INFO  impl.RoleInfo (RoleInfo.java:shutdownFollowerState(121)) - 25d6372c-77fd-4a39-ac2a-e48debad48df: shutdown FollowerState
2019-10-15 16:12:03,630 [Thread-1762] INFO  impl.RaftServerImpl (RaftServerImpl.java:setRole(184)) - 25d6372c-77fd-4a39-ac2a-e48debad48df@group-B2671EB745D2: changes role from  FOLLOWER to CANDIDATE at term 249 for changeToCandidate
2019-10-15 16:12:03,630 [Thread-1762] INFO  impl.RoleInfo (RoleInfo.java:updateAndGet(143)) - 25d6372c-77fd-4a39-ac2a-e48debad48df: start LeaderElection
2019-10-15 16:12:03,649 [25d6372c-77fd-4a39-ac2a-e48debad48df@group-B2671EB745D2-LeaderElection236] INFO  impl.LeaderElection (LeaderElection.java:askForVotes(178)) - 25d6372c-77fd-4a39-ac2a-e48debad48df@group-B2671EB745D2-LeaderElection236: begin an election at term 250 for -1: [50423279-f647-4a18-8e85-347d68eaf856:192.168.69.88:39583, 2ec85f63-33fb-4317-9145-71357d145af9:192.168.69.88:42357, 25d6372c-77fd-4a39-ac2a-e48debad48df:192.168.69.88:39591], old=null
2019-10-15 16:12:03,651 [grpc-default-executor-1] INFO  impl.RaftServerImpl (RaftServerImpl.java:setRole(184)) - 2ec85f63-33fb-4317-9145-71357d145af9@group-B2671EB745D2: changes role from  FOLLOWER to FOLLOWER at term 250 for recognizeCandidate:25d6372c-77fd-4a39-ac2a-e48debad48df
2019-10-15 16:12:03,651 [grpc-default-executor-2] INFO  impl.RaftServerImpl (RaftServerImpl.java:setRole(184)) - 50423279-f647-4a18-8e85-347d68eaf856@group-B2671EB745D2: changes role from  FOLLOWER to FOLLOWER at term 250 for recognizeCandidate:25d6372c-77fd-4a39-ac2a-e48debad48df
2019-10-15 16:12:03,651 [grpc-default-executor-1] INFO  impl.RoleInfo (RoleInfo.java:shutdownFollowerState(121)) - 2ec85f63-33fb-4317-9145-71357d145af9: shutdown FollowerState
2019-10-15 16:12:03,651 [grpc-default-executor-2] INFO  impl.RoleInfo (RoleInfo.java:shutdownFollowerState(121)) - 50423279-f647-4a18-8e85-347d68eaf856: shutdown FollowerState
2019-10-15 16:12:03,652 [Thread-1761] INFO  impl.FollowerState (FollowerState.java:run(117)) - 2ec85f63-33fb-4317-9145-71357d145af9@group-B2671EB745D2-FollowerState was interrupted: java.lang.InterruptedException: sleep interrupted
2019-10-15 16:12:03,652 [grpc-default-executor-1] INFO  impl.RoleInfo (RoleInfo.java:updateAndGet(143)) - 2ec85f63-33fb-4317-9145-71357d145af9: start FollowerState
2019-10-15 16:12:03,652 [Thread-1760] INFO  impl.FollowerState (FollowerState.java:run(117)) - 50423279-f647-4a18-8e85-347d68eaf856@group-B2671EB745D2-FollowerState was interrupted: java.lang.InterruptedException: sleep interrupted
2019-10-15 16:12:03,652 [grpc-default-executor-2] INFO  impl.RoleInfo (RoleInfo.java:updateAndGet(143)) - 50423279-f647-4a18-8e85-347d68eaf856: start FollowerState
2019-10-15 16:12:03,661 [25d6372c-77fd-4a39-ac2a-e48debad48df@group-B2671EB745D2-LeaderElection236] INFO  impl.LeaderElection (LeaderElection.java:logAndReturn(56)) - 25d6372c-77fd-4a39-ac2a-e48debad48df@group-B2671EB745D2-LeaderElection236: Election REJECTED; received 2 response(s) [25d6372c-77fd-4a39-ac2a-e48debad48df<-50423279-f647-4a18-8e85-347d68eaf856#0:FAIL-t250, 25d6372c-77fd-4a39-ac2a-e48debad48df<-2ec85f63-33fb-4317-9145-71357d145af9#0:FAIL-t250] and 0 exception(s); 25d6372c-77fd-4a39-ac2a-e48debad48df@group-B2671EB745D2:t250, leader=null, voted=25d6372c-77fd-4a39-ac2a-e48debad48df, raftlog=25d6372c-77fd-4a39-ac2a-e48debad48df@group-B2671EB745D2-SegmentedRaftLog:OPENED:c-1,f-1,i0, conf=-1: [50423279-f647-4a18-8e85-347d68eaf856:192.168.69.88:39583, 2ec85f63-33fb-4317-9145-71357d145af9:192.168.69.88:42357, 25d6372c-77fd-4a39-ac2a-e48debad48df:192.168.69.88:39591], old=null
2019-10-15 16:12:03,662 [25d6372c-77fd-4a39-ac2a-e48debad48df@group-B2671EB745D2-LeaderElection236] INFO  impl.RaftServerImpl (RaftServerImpl.java:setRole(184)) - 25d6372c-77fd-4a39-ac2a-e48debad48df@group-B2671EB745D2: changes role from CANDIDATE to FOLLOWER at term 250 for DISCOVERED_A_NEW_TERM
2019-10-15 16:12:03,662 [25d6372c-77fd-4a39-ac2a-e48debad48df@group-B2671EB745D2-LeaderElection236] INFO  impl.RoleInfo (RoleInfo.java:shutdownLeaderElection(134)) - 25d6372c-77fd-4a39-ac2a-e48debad48df: shutdown LeaderElection
2019-10-15 16:12:03,662 [25d6372c-77fd-4a39-ac2a-e48debad48df@group-B2671EB745D2-LeaderElection236] INFO  impl.RoleInfo (RoleInfo.java:updateAndGet(143)) - 25d6372c-77fd-4a39-ac2a-e48debad48df: start FollowerState
2019-10-15 16:12:03,698 [Thread-1768] INFO  impl.FollowerState (FollowerState.java:run(108)) - 25d6372c-77fd-4a39-ac2a-e48debad48df@group-B2671EB745D2-FollowerState: change to CANDIDATE, lastRpcTime:36ms, electionTimeout:36ms
2019-10-15 16:12:03,699 [Thread-1768] INFO  impl.RoleInfo (RoleInfo.java:shutdownFollowerState(121)) - 25d6372c-77fd-4a39-ac2a-e48debad48df: shutdown FollowerState
2019-10-15 16:12:03,699 [Thread-1768] INFO  impl.RaftServerImpl (RaftServerImpl.java:setRole(184)) - 25d6372c-77fd-4a39-ac2a-e48debad48df@group-B2671EB745D2: changes role from  FOLLOWER to CANDIDATE at term 250 for changeToCandidate
2019-10-15 16:12:03,699 [Thread-1768] INFO  impl.RoleInfo (RoleInfo.java:updateAndGet(143)) - 25d6372c-77fd-4a39-ac2a-e48debad48df: start LeaderElection
2019-10-15 16:12:03,705 [25d6372c-77fd-4a39-ac2a-e48debad48df@group-B2671EB745D2-LeaderElection237] INFO  impl.LeaderElection (LeaderElection.java:askForVotes(178)) - 25d6372c-77fd-4a39-ac2a-e48debad48df@group-B2671EB745D2-LeaderElection237: begin an election at term 251 for -1: [50423279-f647-4a18-8e85-347d68eaf856:192.168.69.88:39583, 2ec85f63-33fb-4317-9145-71357d145af9:192.168.69.88:42357, 25d6372c-77fd-4a39-ac2a-e48debad48df:192.168.69.88:39591], old=null
2019-10-15 16:12:03,707 [grpc-default-executor-2] INFO  impl.RaftServerImpl (RaftServerImpl.java:setRole(184)) - 50423279-f647-4a18-8e85-347d68eaf856@group-B2671EB745D2: changes role from  FOLLOWER to FOLLOWER at term 251 for recognizeCandidate:25d6372c-77fd-4a39-ac2a-e48debad48df
2019-10-15 16:12:03,707 [grpc-default-executor-1] INFO  impl.RaftServerImpl (RaftServerImpl.java:setRole(184)) - 2ec85f63-33fb-4317-9145-71357d145af9@group-B2671EB745D2: changes role from  FOLLOWER to FOLLOWER at term 251 for recognizeCandidate:25d6372c-77fd-4a39-ac2a-e48debad48df
2019-10-15 16:12:03,707 [grpc-default-executor-2] INFO  impl.RoleInfo (RoleInfo.java:shutdownFollowerState(121)) - 50423279-f647-4a18-8e85-347d68eaf856: shutdown FollowerState
2019-10-15 16:12:03,708 [grpc-default-executor-1] INFO  impl.RoleInfo (RoleInfo.java:shutdownFollowerState(121)) - 2ec85f63-33fb-4317-9145-71357d145af9: shutdown FollowerState
2019-10-15 16:12:03,708 [Thread-1767] INFO  impl.FollowerState (FollowerState.java:run(117)) - 50423279-f647-4a18-8e85-347d68eaf856@group-B2671EB745D2-FollowerState was interrupted: java.lang.InterruptedException: sleep interrupted
2019-10-15 16:12:03,708 [Thread-1766] INFO  impl.FollowerState (FollowerState.java:run(117)) - 2ec85f63-33fb-4317-9145-71357d145af9@group-B2671EB745D2-FollowerState was interrupted: java.lang.InterruptedException: sleep interrupted
2019-10-15 16:12:03,708 [grpc-default-executor-2] INFO  impl.RoleInfo (RoleInfo.java:updateAndGet(143)) - 50423279-f647-4a18-8e85-347d68eaf856: start FollowerState
2019-10-15 16:12:03,708 [grpc-default-executor-1] INFO  impl.RoleInfo (RoleInfo.java:updateAndGet(143)) - 2ec85f63-33fb-4317-9145-71357d145af9: start FollowerState
2019-10-15 16:12:03,733 [25d6372c-77fd-4a39-ac2a-e48debad48df@group-B2671EB745D2-LeaderElection237] INFO  impl.LeaderElection (LeaderElection.java:logAndReturn(56)) - 25d6372c-77fd-4a39-ac2a-e48debad48df@group-B2671EB745D2-LeaderElection237: Election REJECTED; received 2 response(s) [25d6372c-77fd-4a39-ac2a-e48debad48df<-50423279-f647-4a18-8e85-347d68eaf856#0:FAIL-t251, 25d6372c-77fd-4a39-ac2a-e48debad48df<-2ec85f63-33fb-4317-9145-71357d145af9#0:FAIL-t251] and 0 exception(s); 25d6372c-77fd-4a39-ac2a-e48debad48df@group-B2671EB745D2:t251, leader=null, voted=25d6372c-77fd-4a39-ac2a-e48debad48df, raftlog=25d6372c-77fd-4a39-ac2a-e48debad48df@group-B2671EB745D2-SegmentedRaftLog:OPENED:c-1,f-1,i0, conf=-1: [50423279-f647-4a18-8e85-347d68eaf856:192.168.69.88:39583, 2ec85f63-33fb-4317-9145-71357d145af9:192.168.69.88:42357, 25d6372c-77fd-4a39-ac2a-e48debad48df:192.168.69.88:39591], old=null
2019-10-15 16:12:03,734 [25d6372c-77fd-4a39-ac2a-e48debad48df@group-B2671EB745D2-LeaderElection237] INFO  impl.RaftServerImpl (RaftServerImpl.java:setRole(184)) - 25d6372c-77fd-4a39-ac2a-e48debad48df@group-B2671EB745D2: changes role from CANDIDATE to FOLLOWER at term 251 for DISCOVERED_A_NEW_TERM
2019-10-15 16:12:03,734 [25d6372c-77fd-4a39-ac2a-e48debad48df@group-B2671EB745D2-LeaderElection237] INFO  impl.RoleInfo (RoleInfo.java:shutdownLeaderElection(134)) - 25d6372c-77fd-4a39-ac2a-e48debad48df: shutdown LeaderElection
2019-10-15 16:12:03,734 [25d6372c-77fd-4a39-ac2a-e48debad48df@group-B2671EB745D2-LeaderElection237] INFO  impl.RoleInfo (RoleInfo.java:updateAndGet(143)) - 25d6372c-77fd-4a39-ac2a-e48debad48df: start FollowerState
2019-10-15 16:12:03,786 [Thread-1774] INFO  impl.FollowerState (FollowerState.java:run(108)) - 25d6372c-77fd-4a39-ac2a-e48debad48df@group-B2671EB745D2-FollowerState: change to CANDIDATE, lastRpcTime:52ms, electionTimeout:52ms
2019-10-15 16:12:03,786 [Thread-1774] INFO  impl.RoleInfo (RoleInfo.java:shutdownFollowerState(121)) - 25d6372c-77fd-4a39-ac2a-e48debad48df: shutdown FollowerState
2019-10-15 16:12:03,786 [Thread-1774] INFO  impl.RaftServerImpl (RaftServerImpl.java:setRole(184)) - 25d6372c-77fd-4a39-ac2a-e48debad48df@group-B2671EB745D2: changes role from  FOLLOWER to CANDIDATE at term 251 for changeToCandidate
2019-10-15 16:12:03,787 [Thread-1774] INFO  impl.RoleInfo (RoleInfo.java:updateAndGet(143)) - 25d6372c-77fd-4a39-ac2a-e48debad48df: start LeaderElection
2019-10-15 16:12:04,025 [25d6372c-77fd-4a39-ac2a-e48debad48df@group-B2671EB745D2-LeaderElection238] INFO  impl.LeaderElection (LeaderElection.java:askForVotes(178)) - 25d6372c-77fd-4a39-ac2a-e48debad48df@group-B2671EB745D2-LeaderElection238: begin an election at term 252 for -1: [50423279-f647-4a18-8e85-347d68eaf856:192.168.69.88:39583, 2ec85f63-33fb-4317-9145-71357d145af9:192.168.69.88:42357, 25d6372c-77fd-4a39-ac2a-e48debad48df:192.168.69.88:39591], old=null
2019-10-15 16:12:04,029 [grpc-default-executor-1] INFO  impl.RaftServerImpl (RaftServerImpl.java:setRole(184)) - 50423279-f647-4a18-8e85-347d68eaf856@group-B2671EB745D2: changes role from  FOLLOWER to FOLLOWER at term 252 for recognizeCandidate:25d6372c-77fd-4a39-ac2a-e48debad48df
2019-10-15 16:12:04,029 [grpc-default-executor-1] INFO  impl.RoleInfo (RoleInfo.java:shutdownFollowerState(121)) - 50423279-f647-4a18-8e85-347d68eaf856: shutdown FollowerState
2019-10-15 16:12:04,029 [grpc-default-executor-2] INFO  impl.RaftServerImpl (RaftServerImpl.java:setRole(184)) - 2ec85f63-33fb-4317-9145-71357d145af9@group-B2671EB745D2: changes role from  FOLLOWER to FOLLOWER at term 252 for recognizeCandidate:25d6372c-77fd-4a39-ac2a-e48debad48df
2019-10-15 16:12:04,029 [Thread-1772] INFO  impl.FollowerState (FollowerState.java:run(117)) - 50423279-f647-4a18-8e85-347d68eaf856@group-B2671EB745D2-FollowerState was interrupted: java.lang.InterruptedException: sleep interrupted
2019-10-15 16:12:04,029 [grpc-default-executor-1] INFO  impl.RoleInfo (RoleInfo.java:updateAndGet(143)) - 50423279-f647-4a18-8e85-347d68eaf856: start FollowerState
2019-10-15 16:12:04,029 [grpc-default-executor-2] INFO  impl.RoleInfo (RoleInfo.java:shutdownFollowerState(121)) - 2ec85f63-33fb-4317-9145-71357d145af9: shutdown FollowerState
2019-10-15 16:12:04,030 [grpc-default-executor-2] INFO  impl.RoleInfo (RoleInfo.java:updateAndGet(143)) - 2ec85f63-33fb-4317-9145-71357d145af9: start FollowerState
2019-10-15 16:12:04,030 [Thread-1773] INFO  impl.FollowerState (FollowerState.java:run(117)) - 2ec85f63-33fb-4317-9145-71357d145af9@group-B2671EB745D2-FollowerState was interrupted: java.lang.InterruptedException: sleep interrupted
2019-10-15 16:12:04,037 [25d6372c-77fd-4a39-ac2a-e48debad48df@group-B2671EB745D2-LeaderElection238] INFO  impl.LeaderElection (LeaderElection.java:logAndReturn(56)) - 25d6372c-77fd-4a39-ac2a-e48debad48df@group-B2671EB745D2-LeaderElection238: Election REJECTED; received 2 response(s) [25d6372c-77fd-4a39-ac2a-e48debad48df<-50423279-f647-4a18-8e85-347d68eaf856#0:FAIL-t252, 25d6372c-77fd-4a39-ac2a-e48debad48df<-2ec85f63-33fb-4317-9145-71357d145af9#0:FAIL-t252] and 0 exception(s); 25d6372c-77fd-4a39-ac2a-e48debad48df@group-B2671EB745D2:t252, leader=null, voted=25d6372c-77fd-4a39-ac2a-e48debad48df, raftlog=25d6372c-77fd-4a39-ac2a-e48debad48df@group-B2671EB745D2-SegmentedRaftLog:OPENED:c-1,f-1,i0, conf=-1: [50423279-f647-4a18-8e85-347d68eaf856:192.168.69.88:39583, 2ec85f63-33fb-4317-9145-71357d145af9:192.168.69.88:42357, 25d6372c-77fd-4a39-ac2a-e48debad48df:192.168.69.88:39591], old=null
2019-10-15 16:12:04,037 [25d6372c-77fd-4a39-ac2a-e48debad48df@group-B2671EB745D2-LeaderElection238] INFO  impl.RaftServerImpl (RaftServerImpl.java:setRole(184)) - 25d6372c-77fd-4a39-ac2a-e48debad48df@group-B2671EB745D2: changes role from CANDIDATE to FOLLOWER at term 252 for DISCOVERED_A_NEW_TERM
2019-10-15 16:12:04,037 [25d6372c-77fd-4a39-ac2a-e48debad48df@group-B2671EB745D2-LeaderElection238] INFO  impl.RoleInfo (RoleInfo.java:shutdownLeaderElection(134)) - 25d6372c-77fd-4a39-ac2a-e48debad48df: shutdown LeaderElection
2019-10-15 16:12:04,037 [25d6372c-77fd-4a39-ac2a-e48debad48df@group-B2671EB745D2-LeaderElection238] INFO  impl.RoleInfo (RoleInfo.java:updateAndGet(143)) - 25d6372c-77fd-4a39-ac2a-e48debad48df: start FollowerState
2019-10-15 16:12:04,213 [Thread-1780] INFO  impl.FollowerState (FollowerState.java:run(108)) - 25d6372c-77fd-4a39-ac2a-e48debad48df@group-B2671EB745D2-FollowerState: change to CANDIDATE, lastRpcTime:176ms, electionTimeout:176ms
2019-10-15 16:12:04,214 [Thread-1780] INFO  impl.RoleInfo (RoleInfo.java:shutdownFollowerState(121)) - 25d6372c-77fd-4a39-ac2a-e48debad48df: shutdown FollowerState
2019-10-15 16:12:04,214 [Thread-1780] INFO  impl.RaftServerImpl (RaftServerImpl.java:setRole(184)) - 25d6372c-77fd-4a39-ac2a-e48debad48df@group-B2671EB745D2: changes role from  FOLLOWER to CANDIDATE at term 252 for changeToCandidate
2019-10-15 16:12:04,214 [Thread-1780] INFO  impl.RoleInfo (RoleInfo.java:updateAndGet(143)) - 25d6372c-77fd-4a39-ac2a-e48debad48df: start LeaderElection
2019-10-15 16:12:04,222 [25d6372c-77fd-4a39-ac2a-e48debad48df@group-B2671EB745D2-LeaderElection239] INFO  impl.LeaderElection (LeaderElection.java:askForVotes(178)) - 25d6372c-77fd-4a39-ac2a-e48debad48df@group-B2671EB745D2-LeaderElection239: begin an election at term 253 for -1: [50423279-f647-4a18-8e85-347d68eaf856:192.168.69.88:39583, 2ec85f63-33fb-4317-9145-71357d145af9:192.168.69.88:42357, 25d6372c-77fd-4a39-ac2a-e48debad48df:192.168.69.88:39591], old=null
2019-10-15 16:12:04,225 [grpc-default-executor-1] INFO  impl.RaftServerImpl (RaftServerImpl.java:setRole(184)) - 2ec85f63-33fb-4317-9145-71357d145af9@group-B2671EB745D2: changes role from  FOLLOWER to FOLLOWER at term 253 for recognizeCandidate:25d6372c-77fd-4a39-ac2a-e48debad48df
2019-10-15 16:12:04,225 [grpc-default-executor-2] INFO  impl.RaftServerImpl (RaftServerImpl.java:setRole(184)) - 50423279-f647-4a18-8e85-347d68eaf856@group-B2671EB745D2: changes role from  FOLLOWER to FOLLOWER at term 253 for recognizeCandidate:25d6372c-77fd-4a39-ac2a-e48debad48df
2019-10-15 16:12:04,225 [grpc-default-executor-1] INFO  impl.RoleInfo (RoleInfo.java:shutdownFollowerState(121)) - 2ec85f63-33fb-4317-9145-71357d145af9: shutdown FollowerState
2019-10-15 16:12:04,225 [grpc-default-executor-2] INFO  impl.RoleInfo (RoleInfo.java:shutdownFollowerState(121)) - 50423279-f647-4a18-8e85-347d68eaf856: shutdown FollowerState
2019-10-15 16:12:04,225 [Thread-1779] INFO  impl.FollowerState (FollowerState.java:run(117)) - 2ec85f63-33fb-4317-9145-71357d145af9@group-B2671EB745D2-FollowerState was interrupted: java.lang.InterruptedException: sleep interrupted
2019-10-15 16:12:04,225 [grpc-default-executor-1] INFO  impl.RoleInfo (RoleInfo.java:updateAndGet(143)) - 2ec85f63-33fb-4317-9145-71357d145af9: start FollowerState
2019-10-15 16:12:04,225 [Thread-1778] INFO  impl.FollowerState (FollowerState.java:run(117)) - 50423279-f647-4a18-8e85-347d68eaf856@group-B2671EB745D2-FollowerState was interrupted: java.lang.InterruptedException: sleep interrupted
2019-10-15 16:12:04,225 [grpc-default-executor-2] INFO  impl.RoleInfo (RoleInfo.java:updateAndGet(143)) - 50423279-f647-4a18-8e85-347d68eaf856: start FollowerState
2019-10-15 16:12:04,240 [25d6372c-77fd-4a39-ac2a-e48debad48df@group-B2671EB745D2-LeaderElection239] INFO  impl.LeaderElection (LeaderElection.java:logAndReturn(56)) - 25d6372c-77fd-4a39-ac2a-e48debad48df@group-B2671EB745D2-LeaderElection239: Election REJECTED; received 2 response(s) [25d6372c-77fd-4a39-ac2a-e48debad48df<-2ec85f63-33fb-4317-9145-71357d145af9#0:FAIL-t253, 25d6372c-77fd-4a39-ac2a-e48debad48df<-50423279-f647-4a18-8e85-347d68eaf856#0:FAIL-t253] and 0 exception(s); 25d6372c-77fd-4a39-ac2a-e48debad48df@group-B2671EB745D2:t253, leader=null, voted=25d6372c-77fd-4a39-ac2a-e48debad48df, raftlog=25d6372c-77fd-4a39-ac2a-e48debad48df@group-B2671EB745D2-SegmentedRaftLog:OPENED:c-1,f-1,i0, conf=-1: [50423279-f647-4a18-8e85-347d68eaf856:192.168.69.88:39583, 2ec85f63-33fb-4317-9145-71357d145af9:192.168.69.88:42357, 25d6372c-77fd-4a39-ac2a-e48debad48df:192.168.69.88:39591], old=null
2019-10-15 16:12:04,241 [25d6372c-77fd-4a39-ac2a-e48debad48df@group-B2671EB745D2-LeaderElection239] INFO  impl.RaftServerImpl (RaftServerImpl.java:setRole(184)) - 25d6372c-77fd-4a39-ac2a-e48debad48df@group-B2671EB745D2: changes role from CANDIDATE to FOLLOWER at term 253 for DISCOVERED_A_NEW_TERM
2019-10-15 16:12:04,241 [25d6372c-77fd-4a39-ac2a-e48debad48df@group-B2671EB745D2-LeaderElection239] INFO  impl.RoleInfo (RoleInfo.java:shutdownLeaderElection(134)) - 25d6372c-77fd-4a39-ac2a-e48debad48df: shutdown LeaderElection
2019-10-15 16:12:04,241 [25d6372c-77fd-4a39-ac2a-e48debad48df@group-B2671EB745D2-LeaderElection239] INFO  impl.RoleInfo (RoleInfo.java:updateAndGet(143)) - 25d6372c-77fd-4a39-ac2a-e48debad48df: start FollowerState
2019-10-15 16:12:04,268 [Thread-1786] INFO  impl.FollowerState (FollowerState.java:run(108)) - 25d6372c-77fd-4a39-ac2a-e48debad48df@group-B2671EB745D2-FollowerState: change to CANDIDATE, lastRpcTime:27ms, electionTimeout:27ms
2019-10-15 16:12:04,269 [Thread-1786] INFO  impl.RoleInfo (RoleInfo.java:shutdownFollowerState(121)) - 25d6372c-77fd-4a39-ac2a-e48debad48df: shutdown FollowerState
2019-10-15 16:12:04,269 [Thread-1786] INFO  impl.RaftServerImpl (RaftServerImpl.java:setRole(184)) - 25d6372c-77fd-4a39-ac2a-e48debad48df@group-B2671EB745D2: changes role from  FOLLOWER to CANDIDATE at term 253 for changeToCandidate
2019-10-15 16:12:04,269 [Thread-1786] INFO  impl.RoleInfo (RoleInfo.java:updateAndGet(143)) - 25d6372c-77fd-4a39-ac2a-e48debad48df: start LeaderElection
2019-10-15 16:12:04,282 [25d6372c-77fd-4a39-ac2a-e48debad48df@group-B2671EB745D2-LeaderElection240] INFO  impl.LeaderElection (LeaderElection.java:askForVotes(178)) - 25d6372c-77fd-4a39-ac2a-e48debad48df@group-B2671EB745D2-LeaderElection240: begin an election at term 254 for -1: [50423279-f647-4a18-8e85-347d68eaf856:192.168.69.88:39583, 2ec85f63-33fb-4317-9145-71357d145af9:192.168.69.88:42357, 25d6372c-77fd-4a39-ac2a-e48debad48df:192.168.69.88:39591], old=null
2019-10-15 16:12:04,283 [grpc-default-executor-1] INFO  impl.RaftServerImpl (RaftServerImpl.java:setRole(184)) - 2ec85f63-33fb-4317-9145-71357d145af9@group-B2671EB745D2: changes role from  FOLLOWER to FOLLOWER at term 254 for recognizeCandidate:25d6372c-77fd-4a39-ac2a-e48debad48df
2019-10-15 16:12:04,283 [grpc-default-executor-2] INFO  impl.RaftServerImpl (RaftServerImpl.java:setRole(184)) - 50423279-f647-4a18-8e85-347d68eaf856@group-B2671EB745D2: changes role from  FOLLOWER to FOLLOWER at term 254 for recognizeCandidate:25d6372c-77fd-4a39-ac2a-e48debad48df
2019-10-15 16:12:04,284 [grpc-default-executor-1] INFO  impl.RoleInfo (RoleInfo.java:shutdownFollowerState(121)) - 2ec85f63-33fb-4317-9145-71357d145af9: shutdown FollowerState
2019-10-15 16:12:04,284 [grpc-default-executor-2] INFO  impl.RoleInfo (RoleInfo.java:shutdownFollowerState(121)) - 50423279-f647-4a18-8e85-347d68eaf856: shutdown FollowerState
2019-10-15 16:12:04,284 [grpc-default-executor-1] INFO  impl.RoleInfo (RoleInfo.java:updateAndGet(143)) - 2ec85f63-33fb-4317-9145-71357d145af9: start FollowerState
2019-10-15 16:12:04,284 [Thread-1785] INFO  impl.FollowerState (FollowerState.java:run(117)) - 50423279-f647-4a18-8e85-347d68eaf856@group-B2671EB745D2-FollowerState was interrupted: java.lang.InterruptedException: sleep interrupted
2019-10-15 16:12:04,284 [grpc-default-executor-2] INFO  impl.RoleInfo (RoleInfo.java:updateAndGet(143)) - 50423279-f647-4a18-8e85-347d68eaf856: start FollowerState
2019-10-15 16:12:04,284 [Thread-1784] INFO  impl.FollowerState (FollowerState.java:run(117)) - 2ec85f63-33fb-4317-9145-71357d145af9@group-B2671EB745D2-FollowerState was interrupted: java.lang.InterruptedException: sleep interrupted
2019-10-15 16:12:04,287 [25d6372c-77fd-4a39-ac2a-e48debad48df@group-B2671EB745D2-LeaderElection240] INFO  impl.LeaderElection (LeaderElection.java:logAndReturn(56)) - 25d6372c-77fd-4a39-ac2a-e48debad48df@group-B2671EB745D2-LeaderElection240: Election TIMEOUT; received 0 response(s) [] and 0 exception(s); 25d6372c-77fd-4a39-ac2a-e48debad48df@group-B2671EB745D2:t254, leader=null, voted=25d6372c-77fd-4a39-ac2a-e48debad48df, raftlog=25d6372c-77fd-4a39-ac2a-e48debad48df@group-B2671EB745D2-SegmentedRaftLog:OPENED:c-1,f-1,i0, conf=-1: [50423279-f647-4a18-8e85-347d68eaf856:192.168.69.88:39583, 2ec85f63-33fb-4317-9145-71357d145af9:192.168.69.88:42357, 25d6372c-77fd-4a39-ac2a-e48debad48df:192.168.69.88:39591], old=null
2019-10-15 16:12:04,294 [25d6372c-77fd-4a39-ac2a-e48debad48df@group-B2671EB745D2-LeaderElection240] INFO  impl.LeaderElection (LeaderElection.java:askForVotes(178)) - 25d6372c-77fd-4a39-ac2a-e48debad48df@group-B2671EB745D2-LeaderElection240: begin an election at term 255 for -1: [50423279-f647-4a18-8e85-347d68eaf856:192.168.69.88:39583, 2ec85f63-33fb-4317-9145-71357d145af9:192.168.69.88:42357, 25d6372c-77fd-4a39-ac2a-e48debad48df:192.168.69.88:39591], old=null
2019-10-15 16:12:04,295 [grpc-default-executor-2] INFO  impl.RaftServerImpl (RaftServerImpl.java:setRole(184)) - 2ec85f63-33fb-4317-9145-71357d145af9@group-B2671EB745D2: changes role from  FOLLOWER to FOLLOWER at term 255 for recognizeCandidate:25d6372c-77fd-4a39-ac2a-e48debad48df
2019-10-15 16:12:04,295 [grpc-default-executor-1] INFO  impl.RaftServerImpl (RaftServerImpl.java:setRole(184)) - 50423279-f647-4a18-8e85-347d68eaf856@group-B2671EB745D2: changes role from  FOLLOWER to FOLLOWER at term 255 for recognizeCandidate:25d6372c-77fd-4a39-ac2a-e48debad48df
2019-10-15 16:12:04,295 [grpc-default-executor-2] INFO  impl.RoleInfo (RoleInfo.java:shutdownFollowerState(121)) - 2ec85f63-33fb-4317-9145-71357d145af9: shutdown FollowerState
2019-10-15 16:12:04,296 [grpc-default-executor-1] INFO  impl.RoleInfo (RoleInfo.java:shutdownFollowerState(121)) - 50423279-f647-4a18-8e85-347d68eaf856: shutdown FollowerState
2019-10-15 16:12:04,296 [Thread-1790] INFO  impl.FollowerState (FollowerState.java:run(117)) - 2ec85f63-33fb-4317-9145-71357d145af9@group-B2671EB745D2-FollowerState was interrupted: java.lang.InterruptedException: sleep interrupted
2019-10-15 16:12:04,296 [grpc-default-executor-2] INFO  impl.RoleInfo (RoleInfo.java:updateAndGet(143)) - 2ec85f63-33fb-4317-9145-71357d145af9: start FollowerState
2019-10-15 16:12:04,296 [Thread-1791] INFO  impl.FollowerState (FollowerState.java:run(117)) - 50423279-f647-4a18-8e85-347d68eaf856@group-B2671EB745D2-FollowerState was interrupted: java.lang.InterruptedException: sleep interrupted
2019-10-15 16:12:04,296 [grpc-default-executor-1] INFO  impl.RoleInfo (RoleInfo.java:updateAndGet(143)) - 50423279-f647-4a18-8e85-347d68eaf856: start FollowerState
2019-10-15 16:12:04,308 [25d6372c-77fd-4a39-ac2a-e48debad48df@group-B2671EB745D2-LeaderElection240] INFO  impl.LeaderElection (LeaderElection.java:logAndReturn(56)) - 25d6372c-77fd-4a39-ac2a-e48debad48df@group-B2671EB745D2-LeaderElection240: Election REJECTED; received 2 response(s) [25d6372c-77fd-4a39-ac2a-e48debad48df<-50423279-f647-4a18-8e85-347d68eaf856#0:FAIL-t255, 25d6372c-77fd-4a39-ac2a-e48debad48df<-2ec85f63-33fb-4317-9145-71357d145af9#0:FAIL-t255] and 0 exception(s); 25d6372c-77fd-4a39-ac2a-e48debad48df@group-B2671EB745D2:t255, leader=null, voted=25d6372c-77fd-4a39-ac2a-e48debad48df, raftlog=25d6372c-77fd-4a39-ac2a-e48debad48df@group-B2671EB745D2-SegmentedRaftLog:OPENED:c-1,f-1,i0, conf=-1: [50423279-f647-4a18-8e85-347d68eaf856:192.168.69.88:39583, 2ec85f63-33fb-4317-9145-71357d145af9:192.168.69.88:42357, 25d6372c-77fd-4a39-ac2a-e48debad48df:192.168.69.88:39591], old=null
2019-10-15 16:12:04,308 [25d6372c-77fd-4a39-ac2a-e48debad48df@group-B2671EB745D2-LeaderElection240] INFO  impl.RaftServerImpl (RaftServerImpl.java:setRole(184)) - 25d6372c-77fd-4a39-ac2a-e48debad48df@group-B2671EB745D2: changes role from CANDIDATE to FOLLOWER at term 255 for DISCOVERED_A_NEW_TERM
2019-10-15 16:12:04,308 [25d6372c-77fd-4a39-ac2a-e48debad48df@group-B2671EB745D2-LeaderElection240] INFO  impl.RoleInfo (RoleInfo.java:shutdownLeaderElection(134)) - 25d6372c-77fd-4a39-ac2a-e48debad48df: shutdown LeaderElection
2019-10-15 16:12:04,308 [25d6372c-77fd-4a39-ac2a-e48debad48df@group-B2671EB745D2-LeaderElection240] INFO  impl.RoleInfo (RoleInfo.java:updateAndGet(143)) - 25d6372c-77fd-4a39-ac2a-e48debad48df: start FollowerState
2019-10-15 16:12:04,386 [Thread-1796] INFO  impl.FollowerState (FollowerState.java:run(108)) - 25d6372c-77fd-4a39-ac2a-e48debad48df@group-B2671EB745D2-FollowerState: change to CANDIDATE, lastRpcTime:77ms, electionTimeout:77ms
2019-10-15 16:12:04,386 [Thread-1796] INFO  impl.RoleInfo (RoleInfo.java:shutdownFollowerState(121)) - 25d6372c-77fd-4a39-ac2a-e48debad48df: shutdown FollowerState
2019-10-15 16:12:04,386 [Thread-1796] INFO  impl.RaftServerImpl (RaftServerImpl.java:setRole(184)) - 25d6372c-77fd-4a39-ac2a-e48debad48df@group-B2671EB745D2: changes role from  FOLLOWER to CANDIDATE at term 255 for changeToCandidate
2019-10-15 16:12:04,386 [Thread-1796] INFO  impl.RoleInfo (RoleInfo.java:updateAndGet(143)) - 25d6372c-77fd-4a39-ac2a-e48debad48df: start LeaderElection
2019-10-15 16:12:04,400 [25d6372c-77fd-4a39-ac2a-e48debad48df@group-B2671EB745D2-LeaderElection241] INFO  impl.LeaderElection (LeaderElection.java:askForVotes(178)) - 25d6372c-77fd-4a39-ac2a-e48debad48df@group-B2671EB745D2-LeaderElection241: begin an election at term 256 for -1: [50423279-f647-4a18-8e85-347d68eaf856:192.168.69.88:39583, 2ec85f63-33fb-4317-9145-71357d145af9:192.168.69.88:42357, 25d6372c-77fd-4a39-ac2a-e48debad48df:192.168.69.88:39591], old=null
2019-10-15 16:12:04,402 [grpc-default-executor-1] INFO  impl.RaftServerImpl (RaftServerImpl.java:setRole(184)) - 50423279-f647-4a18-8e85-347d68eaf856@group-B2671EB745D2: changes role from  FOLLOWER to FOLLOWER at term 256 for recognizeCandidate:25d6372c-77fd-4a39-ac2a-e48debad48df
2019-10-15 16:12:04,402 [grpc-default-executor-2] INFO  impl.RaftServerImpl (RaftServerImpl.java:setRole(184)) - 2ec85f63-33fb-4317-9145-71357d145af9@group-B2671EB745D2: changes role from  FOLLOWER to FOLLOWER at term 256 for recognizeCandidate:25d6372c-77fd-4a39-ac2a-e48debad48df
2019-10-15 16:12:04,403 [grpc-default-executor-1] INFO  impl.RoleInfo (RoleInfo.java:shutdownFollowerState(121)) - 50423279-f647-4a18-8e85-347d68eaf856: shutdown FollowerState
2019-10-15 16:12:04,403 [grpc-default-executor-2] INFO  impl.RoleInfo (RoleInfo.java:shutdownFollowerState(121)) - 2ec85f63-33fb-4317-9145-71357d145af9: shutdown FollowerState
2019-10-15 16:12:04,403 [grpc-default-executor-1] INFO  impl.RoleInfo (RoleInfo.java:updateAndGet(143)) - 50423279-f647-4a18-8e85-347d68eaf856: start FollowerState
2019-10-15 16:12:04,403 [Thread-1794] INFO  impl.FollowerState (FollowerState.java:run(117)) - 2ec85f63-33fb-4317-9145-71357d145af9@group-B2671EB745D2-FollowerState was interrupted: java.lang.InterruptedException: sleep interrupted
2019-10-15 16:12:04,403 [grpc-default-executor-2] INFO  impl.RoleInfo (RoleInfo.java:updateAndGet(143)) - 2ec85f63-33fb-4317-9145-71357d145af9: start FollowerState
2019-10-15 16:12:04,403 [Thread-1795] INFO  impl.FollowerState (FollowerState.java:run(117)) - 50423279-f647-4a18-8e85-347d68eaf856@group-B2671EB745D2-FollowerState was interrupted: java.lang.InterruptedException: sleep interrupted
2019-10-15 16:12:04,412 [25d6372c-77fd-4a39-ac2a-e48debad48df@group-B2671EB745D2-LeaderElection241] INFO  impl.LeaderElection (LeaderElection.java:logAndReturn(56)) - 25d6372c-77fd-4a39-ac2a-e48debad48df@group-B2671EB745D2-LeaderElection241: Election REJECTED; received 2 response(s) [25d6372c-77fd-4a39-ac2a-e48debad48df<-50423279-f647-4a18-8e85-347d68eaf856#0:FAIL-t256, 25d6372c-77fd-4a39-ac2a-e48debad48df<-2ec85f63-33fb-4317-9145-71357d145af9#0:FAIL-t256] and 0 exception(s); 25d6372c-77fd-4a39-ac2a-e48debad48df@group-B2671EB745D2:t256, leader=null, voted=25d6372c-77fd-4a39-ac2a-e48debad48df, raftlog=25d6372c-77fd-4a39-ac2a-e48debad48df@group-B2671EB745D2-SegmentedRaftLog:OPENED:c-1,f-1,i0, conf=-1: [50423279-f647-4a18-8e85-347d68eaf856:192.168.69.88:39583, 2ec85f63-33fb-4317-9145-71357d145af9:192.168.69.88:42357, 25d6372c-77fd-4a39-ac2a-e48debad48df:192.168.69.88:39591], old=null
2019-10-15 16:12:04,412 [25d6372c-77fd-4a39-ac2a-e48debad48df@group-B2671EB745D2-LeaderElection241] INFO  impl.RaftServerImpl (RaftServerImpl.java:setRole(184)) - 25d6372c-77fd-4a39-ac2a-e48debad48df@group-B2671EB745D2: changes role from CANDIDATE to FOLLOWER at term 256 for DISCOVERED_A_NEW_TERM
2019-10-15 16:12:04,412 [25d6372c-77fd-4a39-ac2a-e48debad48df@group-B2671EB745D2-LeaderElection241] INFO  impl.RoleInfo (RoleInfo.java:shutdownLeaderElection(134)) - 25d6372c-77fd-4a39-ac2a-e48debad48df: shutdown LeaderElection
2019-10-15 16:12:04,412 [25d6372c-77fd-4a39-ac2a-e48debad48df@group-B2671EB745D2-LeaderElection241] INFO  impl.RoleInfo (RoleInfo.java:updateAndGet(143)) - 25d6372c-77fd-4a39-ac2a-e48debad48df: start FollowerState
2019-10-15 16:12:04,599 [Thread-1802] INFO  impl.FollowerState (FollowerState.java:run(108)) - 25d6372c-77fd-4a39-ac2a-e48debad48df@group-B2671EB745D2-FollowerState: change to CANDIDATE, lastRpcTime:187ms, electionTimeout:187ms
2019-10-15 16:12:04,600 [Thread-1802] INFO  impl.RoleInfo (RoleInfo.java:shutdownFollowerState(121)) - 25d6372c-77fd-4a39-ac2a-e48debad48df: shutdown FollowerState
2019-10-15 16:12:04,600 [Thread-1802] INFO  impl.RaftServerImpl (RaftServerImpl.java:setRole(184)) - 25d6372c-77fd-4a39-ac2a-e48debad48df@group-B2671EB745D2: changes role from  FOLLOWER to CANDIDATE at term 256 for changeToCandidate
2019-10-15 16:12:04,601 [Thread-1802] INFO  impl.RoleInfo (RoleInfo.java:updateAndGet(143)) - 25d6372c-77fd-4a39-ac2a-e48debad48df: start LeaderElection
2019-10-15 16:12:04,617 [25d6372c-77fd-4a39-ac2a-e48debad48df@group-B2671EB745D2-LeaderElection242] INFO  impl.LeaderElection (LeaderElection.java:askForVotes(178)) - 25d6372c-77fd-4a39-ac2a-e48debad48df@group-B2671EB745D2-LeaderElection242: begin an election at term 257 for -1: [50423279-f647-4a18-8e85-347d68eaf856:192.168.69.88:39583, 2ec85f63-33fb-4317-9145-71357d145af9:192.168.69.88:42357, 25d6372c-77fd-4a39-ac2a-e48debad48df:192.168.69.88:39591], old=null
2019-10-15 16:12:04,621 [grpc-default-executor-2] INFO  impl.RaftServerImpl (RaftServerImpl.java:setRole(184)) - 50423279-f647-4a18-8e85-347d68eaf856@group-B2671EB745D2: changes role from  FOLLOWER to FOLLOWER at term 257 for recognizeCandidate:25d6372c-77fd-4a39-ac2a-e48debad48df
2019-10-15 16:12:04,622 [grpc-default-executor-2] INFO  impl.RoleInfo (RoleInfo.java:shutdownFollowerState(121)) - 50423279-f647-4a18-8e85-347d68eaf856: shutdown FollowerState
2019-10-15 16:12:04,622 [grpc-default-executor-1] INFO  impl.RaftServerImpl (RaftServerImpl.java:setRole(184)) - 2ec85f63-33fb-4317-9145-71357d145af9@group-B2671EB745D2: changes role from  FOLLOWER to FOLLOWER at term 257 for recognizeCandidate:25d6372c-77fd-4a39-ac2a-e48debad48df
2019-10-15 16:12:04,622 [Thread-1800] INFO  impl.FollowerState (FollowerState.java:run(117)) - 50423279-f647-4a18-8e85-347d68eaf856@group-B2671EB745D2-FollowerState was interrupted: java.lang.InterruptedException: sleep interrupted
2019-10-15 16:12:04,622 [grpc-default-executor-2] INFO  impl.RoleInfo (RoleInfo.java:updateAndGet(143)) - 50423279-f647-4a18-8e85-347d68eaf856: start FollowerState
2019-10-15 16:12:04,622 [grpc-default-executor-1] INFO  impl.RoleInfo (RoleInfo.java:shutdownFollowerState(121)) - 2ec85f63-33fb-4317-9145-71357d145af9: shutdown FollowerState
2019-10-15 16:12:04,622 [grpc-default-executor-1] INFO  impl.RoleInfo (RoleInfo.java:updateAndGet(143)) - 2ec85f63-33fb-4317-9145-71357d145af9: start FollowerState
2019-10-15 16:12:04,623 [Thread-1801] INFO  impl.FollowerState (FollowerState.java:run(117)) - 2ec85f63-33fb-4317-9145-71357d145af9@group-B2671EB745D2-FollowerState was interrupted: java.lang.InterruptedException: sleep interrupted
2019-10-15 16:12:04,627 [25d6372c-77fd-4a39-ac2a-e48debad48df@group-B2671EB745D2-LeaderElection242] INFO  impl.LeaderElection (LeaderElection.java:logAndReturn(56)) - 25d6372c-77fd-4a39-ac2a-e48debad48df@group-B2671EB745D2-LeaderElection242: Election TIMEOUT; received 0 response(s) [] and 0 exception(s); 25d6372c-77fd-4a39-ac2a-e48debad48df@group-B2671EB745D2:t257, leader=null, voted=25d6372c-77fd-4a39-ac2a-e48debad48df, raftlog=25d6372c-77fd-4a39-ac2a-e48debad48df@group-B2671EB745D2-SegmentedRaftLog:OPENED:c-1,f-1,i0, conf=-1: [50423279-f647-4a18-8e85-347d68eaf856:192.168.69.88:39583, 2ec85f63-33fb-4317-9145-71357d145af9:192.168.69.88:42357, 25d6372c-77fd-4a39-ac2a-e48debad48df:192.168.69.88:39591], old=null
2019-10-15 16:12:04,630 [25d6372c-77fd-4a39-ac2a-e48debad48df@group-B2671EB745D2-LeaderElection242] INFO  impl.LeaderElection (LeaderElection.java:askForVotes(178)) - 25d6372c-77fd-4a39-ac2a-e48debad48df@group-B2671EB745D2-LeaderElection242: begin an election at term 258 for -1: [50423279-f647-4a18-8e85-347d68eaf856:192.168.69.88:39583, 2ec85f63-33fb-4317-9145-71357d145af9:192.168.69.88:42357, 25d6372c-77fd-4a39-ac2a-e48debad48df:192.168.69.88:39591], old=null
2019-10-15 16:12:04,632 [grpc-default-executor-2] INFO  impl.RaftServerImpl (RaftServerImpl.java:setRole(184)) - 50423279-f647-4a18-8e85-347d68eaf856@group-B2671EB745D2: changes role from  FOLLOWER to FOLLOWER at term 258 for recognizeCandidate:25d6372c-77fd-4a39-ac2a-e48debad48df
2019-10-15 16:12:04,632 [grpc-default-executor-2] INFO  impl.RoleInfo (RoleInfo.java:shutdownFollowerState(121)) - 50423279-f647-4a18-8e85-347d68eaf856: shutdown FollowerState
2019-10-15 16:12:04,632 [grpc-default-executor-1] INFO  impl.RaftServerImpl (RaftServerImpl.java:setRole(184)) - 2ec85f63-33fb-4317-9145-71357d145af9@group-B2671EB745D2: changes role from  FOLLOWER to FOLLOWER at term 258 for recognizeCandidate:25d6372c-77fd-4a39-ac2a-e48debad48df
2019-10-15 16:12:04,632 [Thread-1808] INFO  impl.FollowerState (FollowerState.java:run(117)) - 50423279-f647-4a18-8e85-347d68eaf856@group-B2671EB745D2-FollowerState was interrupted: java.lang.InterruptedException: sleep interrupted
2019-10-15 16:12:04,632 [grpc-default-executor-2] INFO  impl.RoleInfo (RoleInfo.java:updateAndGet(143)) - 50423279-f647-4a18-8e85-347d68eaf856: start FollowerState
2019-10-15 16:12:04,632 [grpc-default-executor-1] INFO  impl.RoleInfo (RoleInfo.java:shutdownFollowerState(121)) - 2ec85f63-33fb-4317-9145-71357d145af9: shutdown FollowerState
2019-10-15 16:12:04,632 [grpc-default-executor-1] INFO  impl.RoleInfo (RoleInfo.java:updateAndGet(143)) - 2ec85f63-33fb-4317-9145-71357d145af9: start FollowerState
2019-10-15 16:12:04,633 [Thread-1809] INFO  impl.FollowerState (FollowerState.java:run(117)) - 2ec85f63-33fb-4317-9145-71357d145af9@group-B2671EB745D2-FollowerState was interrupted: java.lang.InterruptedException: sleep interrupted
2019-10-15 16:12:04,649 [25d6372c-77fd-4a39-ac2a-e48debad48df@group-B2671EB745D2-LeaderElection242] INFO  impl.LeaderElection (LeaderElection.java:logAndReturn(56)) - 25d6372c-77fd-4a39-ac2a-e48debad48df@group-B2671EB745D2-LeaderElection242: Election REJECTED; received 2 response(s) [25d6372c-77fd-4a39-ac2a-e48debad48df<-2ec85f63-33fb-4317-9145-71357d145af9#0:FAIL-t258, 25d6372c-77fd-4a39-ac2a-e48debad48df<-50423279-f647-4a18-8e85-347d68eaf856#0:FAIL-t258] and 0 exception(s); 25d6372c-77fd-4a39-ac2a-e48debad48df@group-B2671EB745D2:t258, leader=null, voted=25d6372c-77fd-4a39-ac2a-e48debad48df, raftlog=25d6372c-77fd-4a39-ac2a-e48debad48df@group-B2671EB745D2-SegmentedRaftLog:OPENED:c-1,f-1,i0, conf=-1: [50423279-f647-4a18-8e85-347d68eaf856:192.168.69.88:39583, 2ec85f63-33fb-4317-9145-71357d145af9:192.168.69.88:42357, 25d6372c-77fd-4a39-ac2a-e48debad48df:192.168.69.88:39591], old=null
2019-10-15 16:12:04,649 [25d6372c-77fd-4a39-ac2a-e48debad48df@group-B2671EB745D2-LeaderElection242] INFO  impl.RaftServerImpl (RaftServerImpl.java:setRole(184)) - 25d6372c-77fd-4a39-ac2a-e48debad48df@group-B2671EB745D2: changes role from CANDIDATE to FOLLOWER at term 258 for DISCOVERED_A_NEW_TERM
2019-10-15 16:12:04,649 [25d6372c-77fd-4a39-ac2a-e48debad48df@group-B2671EB745D2-LeaderElection242] INFO  impl.RoleInfo (RoleInfo.java:shutdownLeaderElection(134)) - 25d6372c-77fd-4a39-ac2a-e48debad48df: shutdown LeaderElection
2019-10-15 16:12:04,649 [25d6372c-77fd-4a39-ac2a-e48debad48df@group-B2671EB745D2-LeaderElection242] INFO  impl.RoleInfo (RoleInfo.java:updateAndGet(143)) - 25d6372c-77fd-4a39-ac2a-e48debad48df: start FollowerState
2019-10-15 16:12:04,804 [Thread-1814] INFO  impl.FollowerState (FollowerState.java:run(108)) - 25d6372c-77fd-4a39-ac2a-e48debad48df@group-B2671EB745D2-FollowerState: change to CANDIDATE, lastRpcTime:154ms, electionTimeout:154ms
2019-10-15 16:12:04,804 [Thread-1814] INFO  impl.RoleInfo (RoleInfo.java:shutdownFollowerState(121)) - 25d6372c-77fd-4a39-ac2a-e48debad48df: shutdown FollowerState
2019-10-15 16:12:04,804 [Thread-1814] INFO  impl.RaftServerImpl (RaftServerImpl.java:setRole(184)) - 25d6372c-77fd-4a39-ac2a-e48debad48df@group-B2671EB745D2: changes role from  FOLLOWER to CANDIDATE at term 258 for changeToCandidate
2019-10-15 16:12:04,804 [Thread-1814] INFO  impl.RoleInfo (RoleInfo.java:updateAndGet(143)) - 25d6372c-77fd-4a39-ac2a-e48debad48df: start LeaderElection
2019-10-15 16:12:04,815 [25d6372c-77fd-4a39-ac2a-e48debad48df@group-B2671EB745D2-LeaderElection243] INFO  impl.LeaderElection (LeaderElection.java:askForVotes(178)) - 25d6372c-77fd-4a39-ac2a-e48debad48df@group-B2671EB745D2-LeaderElection243: begin an election at term 259 for -1: [50423279-f647-4a18-8e85-347d68eaf856:192.168.69.88:39583, 2ec85f63-33fb-4317-9145-71357d145af9:192.168.69.88:42357, 25d6372c-77fd-4a39-ac2a-e48debad48df:192.168.69.88:39591], old=null
2019-10-15 16:12:04,818 [grpc-default-executor-1] INFO  impl.RaftServerImpl (RaftServerImpl.java:setRole(184)) - 2ec85f63-33fb-4317-9145-71357d145af9@group-B2671EB745D2: changes role from  FOLLOWER to FOLLOWER at term 259 for recognizeCandidate:25d6372c-77fd-4a39-ac2a-e48debad48df
2019-10-15 16:12:04,818 [grpc-default-executor-1] INFO  impl.RoleInfo (RoleInfo.java:shutdownFollowerState(121)) - 2ec85f63-33fb-4317-9145-71357d145af9: shutdown FollowerState
2019-10-15 16:12:04,819 [grpc-default-executor-1] INFO  impl.RoleInfo (RoleInfo.java:updateAndGet(143)) - 2ec85f63-33fb-4317-9145-71357d145af9: start FollowerState
2019-10-15 16:12:04,819 [grpc-default-executor-2] INFO  impl.RaftServerImpl (RaftServerImpl.java:setRole(184)) - 50423279-f647-4a18-8e85-347d68eaf856@group-B2671EB745D2: changes role from  FOLLOWER to FOLLOWER at term 259 for recognizeCandidate:25d6372c-77fd-4a39-ac2a-e48debad48df
2019-10-15 16:12:04,819 [grpc-default-executor-2] INFO  impl.RoleInfo (RoleInfo.java:shutdownFollowerState(121)) - 50423279-f647-4a18-8e85-347d68eaf856: shutdown FollowerState
2019-10-15 16:12:04,819 [Thread-1813] INFO  impl.FollowerState (FollowerState.java:run(117)) - 2ec85f63-33fb-4317-9145-71357d145af9@group-B2671EB745D2-FollowerState was interrupted: java.lang.InterruptedException: sleep interrupted
2019-10-15 16:12:04,819 [Thread-1812] INFO  impl.FollowerState (FollowerState.java:run(117)) - 50423279-f647-4a18-8e85-347d68eaf856@group-B2671EB745D2-FollowerState was interrupted: java.lang.InterruptedException: sleep interrupted
2019-10-15 16:12:04,819 [grpc-default-executor-2] INFO  impl.RoleInfo (RoleInfo.java:updateAndGet(143)) - 50423279-f647-4a18-8e85-347d68eaf856: start FollowerState
2019-10-15 16:12:04,833 [25d6372c-77fd-4a39-ac2a-e48debad48df@group-B2671EB745D2-LeaderElection243] INFO  impl.LeaderElection (LeaderElection.java:logAndReturn(56)) - 25d6372c-77fd-4a39-ac2a-e48debad48df@group-B2671EB745D2-LeaderElection243: Election REJECTED; received 2 response(s) [25d6372c-77fd-4a39-ac2a-e48debad48df<-50423279-f647-4a18-8e85-347d68eaf856#0:FAIL-t259, 25d6372c-77fd-4a39-ac2a-e48debad48df<-2ec85f63-33fb-4317-9145-71357d145af9#0:FAIL-t259] and 0 exception(s); 25d6372c-77fd-4a39-ac2a-e48debad48df@group-B2671EB745D2:t259, leader=null, voted=25d6372c-77fd-4a39-ac2a-e48debad48df, raftlog=25d6372c-77fd-4a39-ac2a-e48debad48df@group-B2671EB745D2-SegmentedRaftLog:OPENED:c-1,f-1,i0, conf=-1: [50423279-f647-4a18-8e85-347d68eaf856:192.168.69.88:39583, 2ec85f63-33fb-4317-9145-71357d145af9:192.168.69.88:42357, 25d6372c-77fd-4a39-ac2a-e48debad48df:192.168.69.88:39591], old=null
2019-10-15 16:12:04,834 [25d6372c-77fd-4a39-ac2a-e48debad48df@group-B2671EB745D2-LeaderElection243] INFO  impl.RaftServerImpl (RaftServerImpl.java:setRole(184)) - 25d6372c-77fd-4a39-ac2a-e48debad48df@group-B2671EB745D2: changes role from CANDIDATE to FOLLOWER at term 259 for DISCOVERED_A_NEW_TERM
2019-10-15 16:12:04,834 [25d6372c-77fd-4a39-ac2a-e48debad48df@group-B2671EB745D2-LeaderElection243] INFO  impl.RoleInfo (RoleInfo.java:shutdownLeaderElection(134)) - 25d6372c-77fd-4a39-ac2a-e48debad48df: shutdown LeaderElection
2019-10-15 16:12:04,834 [25d6372c-77fd-4a39-ac2a-e48debad48df@group-B2671EB745D2-LeaderElection243] INFO  impl.RoleInfo (RoleInfo.java:updateAndGet(143)) - 25d6372c-77fd-4a39-ac2a-e48debad48df: start FollowerState
2019-10-15 16:12:04,834 [Thread-1820] INFO  impl.FollowerState (FollowerState.java:run(108)) - 25d6372c-77fd-4a39-ac2a-e48debad48df@group-B2671EB745D2-FollowerState: change to CANDIDATE, lastRpcTime:0ms, electionTimeout:0ms
2019-10-15 16:12:04,834 [Thread-1820] INFO  impl.RoleInfo (RoleInfo.java:shutdownFollowerState(121)) - 25d6372c-77fd-4a39-ac2a-e48debad48df: shutdown FollowerState
2019-10-15 16:12:04,835 [Thread-1820] INFO  impl.RaftServerImpl (RaftServerImpl.java:setRole(184)) - 25d6372c-77fd-4a39-ac2a-e48debad48df@group-B2671EB745D2: changes role from  FOLLOWER to CANDIDATE at term 259 for changeToCandidate
2019-10-15 16:12:04,835 [Thread-1820] INFO  impl.RoleInfo (RoleInfo.java:updateAndGet(143)) - 25d6372c-77fd-4a39-ac2a-e48debad48df: start LeaderElection
2019-10-15 16:12:04,853 [25d6372c-77fd-4a39-ac2a-e48debad48df@group-B2671EB745D2-LeaderElection244] INFO  impl.LeaderElection (LeaderElection.java:askForVotes(178)) - 25d6372c-77fd-4a39-ac2a-e48debad48df@group-B2671EB745D2-LeaderElection244: begin an election at term 260 for -1: [50423279-f647-4a18-8e85-347d68eaf856:192.168.69.88:39583, 2ec85f63-33fb-4317-9145-71357d145af9:192.168.69.88:42357, 25d6372c-77fd-4a39-ac2a-e48debad48df:192.168.69.88:39591], old=null
2019-10-15 16:12:04,855 [grpc-default-executor-1] INFO  impl.RaftServerImpl (RaftServerImpl.java:setRole(184)) - 50423279-f647-4a18-8e85-347d68eaf856@group-B2671EB745D2: changes role from  FOLLOWER to FOLLOWER at term 260 for recognizeCandidate:25d6372c-77fd-4a39-ac2a-e48debad48df
2019-10-15 16:12:04,855 [grpc-default-executor-2] INFO  impl.RaftServerImpl (RaftServerImpl.java:setRole(184)) - 2ec85f63-33fb-4317-9145-71357d145af9@group-B2671EB745D2: changes role from  FOLLOWER to FOLLOWER at term 260 for recognizeCandidate:25d6372c-77fd-4a39-ac2a-e48debad48df
2019-10-15 16:12:04,855 [grpc-default-executor-1] INFO  impl.RoleInfo (RoleInfo.java:shutdownFollowerState(121)) - 50423279-f647-4a18-8e85-347d68eaf856: shutdown FollowerState
2019-10-15 16:12:04,855 [grpc-default-executor-2] INFO  impl.RoleInfo (RoleInfo.java:shutdownFollowerState(121)) - 2ec85f63-33fb-4317-9145-71357d145af9: shutdown FollowerState
2019-10-15 16:12:04,855 [Thread-1819] INFO  impl.FollowerState (FollowerState.java:run(117)) - 50423279-f647-4a18-8e85-347d68eaf856@group-B2671EB745D2-FollowerState was interrupted: java.lang.InterruptedException: sleep interrupted
2019-10-15 16:12:04,855 [grpc-default-executor-1] INFO  impl.RoleInfo (RoleInfo.java:updateAndGet(143)) - 50423279-f647-4a18-8e85-347d68eaf856: start FollowerState
2019-10-15 16:12:04,855 [Thread-1818] INFO  impl.FollowerState (FollowerState.java:run(117)) - 2ec85f63-33fb-4317-9145-71357d145af9@group-B2671EB745D2-FollowerState was interrupted: java.lang.InterruptedException: sleep interrupted
2019-10-15 16:12:04,855 [grpc-default-executor-2] INFO  impl.RoleInfo (RoleInfo.java:updateAndGet(143)) - 2ec85f63-33fb-4317-9145-71357d145af9: start FollowerState
2019-10-15 16:12:04,861 [25d6372c-77fd-4a39-ac2a-e48debad48df@group-B2671EB745D2-LeaderElection244] INFO  impl.LeaderElection (LeaderElection.java:logAndReturn(56)) - 25d6372c-77fd-4a39-ac2a-e48debad48df@group-B2671EB745D2-LeaderElection244: Election REJECTED; received 2 response(s) [25d6372c-77fd-4a39-ac2a-e48debad48df<-50423279-f647-4a18-8e85-347d68eaf856#0:FAIL-t260, 25d6372c-77fd-4a39-ac2a-e48debad48df<-2ec85f63-33fb-4317-9145-71357d145af9#0:FAIL-t260] and 0 exception(s); 25d6372c-77fd-4a39-ac2a-e48debad48df@group-B2671EB745D2:t260, leader=null, voted=25d6372c-77fd-4a39-ac2a-e48debad48df, raftlog=25d6372c-77fd-4a39-ac2a-e48debad48df@group-B2671EB745D2-SegmentedRaftLog:OPENED:c-1,f-1,i0, conf=-1: [50423279-f647-4a18-8e85-347d68eaf856:192.168.69.88:39583, 2ec85f63-33fb-4317-9145-71357d145af9:192.168.69.88:42357, 25d6372c-77fd-4a39-ac2a-e48debad48df:192.168.69.88:39591], old=null
2019-10-15 16:12:04,861 [25d6372c-77fd-4a39-ac2a-e48debad48df@group-B2671EB745D2-LeaderElection244] INFO  impl.RaftServerImpl (RaftServerImpl.java:setRole(184)) - 25d6372c-77fd-4a39-ac2a-e48debad48df@group-B2671EB745D2: changes role from CANDIDATE to FOLLOWER at term 260 for DISCOVERED_A_NEW_TERM
2019-10-15 16:12:04,861 [25d6372c-77fd-4a39-ac2a-e48debad48df@group-B2671EB745D2-LeaderElection244] INFO  impl.RoleInfo (RoleInfo.java:shutdownLeaderElection(134)) - 25d6372c-77fd-4a39-ac2a-e48debad48df: shutdown LeaderElection
2019-10-15 16:12:04,861 [25d6372c-77fd-4a39-ac2a-e48debad48df@group-B2671EB745D2-LeaderElection244] INFO  impl.RoleInfo (RoleInfo.java:updateAndGet(143)) - 25d6372c-77fd-4a39-ac2a-e48debad48df: start FollowerState
2019-10-15 16:12:04,893 [Thread-1826] INFO  impl.FollowerState (FollowerState.java:run(108)) - 25d6372c-77fd-4a39-ac2a-e48debad48df@group-B2671EB745D2-FollowerState: change to CANDIDATE, lastRpcTime:31ms, electionTimeout:31ms
2019-10-15 16:12:04,893 [Thread-1826] INFO  impl.RoleInfo (RoleInfo.java:shutdownFollowerState(121)) - 25d6372c-77fd-4a39-ac2a-e48debad48df: shutdown FollowerState
2019-10-15 16:12:04,893 [Thread-1826] INFO  impl.RaftServerImpl (RaftServerImpl.java:setRole(184)) - 25d6372c-77fd-4a39-ac2a-e48debad48df@group-B2671EB745D2: changes role from  FOLLOWER to CANDIDATE at term 260 for changeToCandidate
2019-10-15 16:12:04,893 [Thread-1826] INFO  impl.RoleInfo (RoleInfo.java:updateAndGet(143)) - 25d6372c-77fd-4a39-ac2a-e48debad48df: start LeaderElection
2019-10-15 16:12:04,906 [25d6372c-77fd-4a39-ac2a-e48debad48df@group-B2671EB745D2-LeaderElection245] INFO  impl.LeaderElection (LeaderElection.java:askForVotes(178)) - 25d6372c-77fd-4a39-ac2a-e48debad48df@group-B2671EB745D2-LeaderElection245: begin an election at term 261 for -1: [50423279-f647-4a18-8e85-347d68eaf856:192.168.69.88:39583, 2ec85f63-33fb-4317-9145-71357d145af9:192.168.69.88:42357, 25d6372c-77fd-4a39-ac2a-e48debad48df:192.168.69.88:39591], old=null
2019-10-15 16:12:04,907 [grpc-default-executor-1] INFO  impl.RaftServerImpl (RaftServerImpl.java:setRole(184)) - 50423279-f647-4a18-8e85-347d68eaf856@group-B2671EB745D2: changes role from  FOLLOWER to FOLLOWER at term 261 for recognizeCandidate:25d6372c-77fd-4a39-ac2a-e48debad48df
2019-10-15 16:12:04,908 [grpc-default-executor-1] INFO  impl.RoleInfo (RoleInfo.java:shutdownFollowerState(121)) - 50423279-f647-4a18-8e85-347d68eaf856: shutdown FollowerState
2019-10-15 16:12:04,908 [grpc-default-executor-1] INFO  impl.RoleInfo (RoleInfo.java:updateAndGet(143)) - 50423279-f647-4a18-8e85-347d68eaf856: start FollowerState
2019-10-15 16:12:04,908 [grpc-default-executor-2] INFO  impl.RaftServerImpl (RaftServerImpl.java:setRole(184)) - 2ec85f63-33fb-4317-9145-71357d145af9@group-B2671EB745D2: changes role from  FOLLOWER to FOLLOWER at term 261 for recognizeCandidate:25d6372c-77fd-4a39-ac2a-e48debad48df
2019-10-15 16:12:04,908 [Thread-1824] INFO  impl.FollowerState (FollowerState.java:run(117)) - 50423279-f647-4a18-8e85-347d68eaf856@group-B2671EB745D2-FollowerState was interrupted: java.lang.InterruptedException: sleep interrupted
2019-10-15 16:12:04,908 [grpc-default-executor-2] INFO  impl.RoleInfo (RoleInfo.java:shutdownFollowerState(121)) - 2ec85f63-33fb-4317-9145-71357d145af9: shutdown FollowerState
2019-10-15 16:12:04,909 [grpc-default-executor-2] INFO  impl.RoleInfo (RoleInfo.java:updateAndGet(143)) - 2ec85f63-33fb-4317-9145-71357d145af9: start FollowerState
2019-10-15 16:12:04,909 [Thread-1825] INFO  impl.FollowerState (FollowerState.java:run(117)) - 2ec85f63-33fb-4317-9145-71357d145af9@group-B2671EB745D2-FollowerState was interrupted: java.lang.InterruptedException: sleep interrupted
2019-10-15 16:12:04,922 [25d6372c-77fd-4a39-ac2a-e48debad48df@group-B2671EB745D2-LeaderElection245] INFO  impl.LeaderElection (LeaderElection.java:logAndReturn(56)) - 25d6372c-77fd-4a39-ac2a-e48debad48df@group-B2671EB745D2-LeaderElection245: Election REJECTED; received 2 response(s) [25d6372c-77fd-4a39-ac2a-e48debad48df<-50423279-f647-4a18-8e85-347d68eaf856#0:FAIL-t261, 25d6372c-77fd-4a39-ac2a-e48debad48df<-2ec85f63-33fb-4317-9145-71357d145af9#0:FAIL-t261] and 0 exception(s); 25d6372c-77fd-4a39-ac2a-e48debad48df@group-B2671EB745D2:t261, leader=null, voted=25d6372c-77fd-4a39-ac2a-e48debad48df, raftlog=25d6372c-77fd-4a39-ac2a-e48debad48df@group-B2671EB745D2-SegmentedRaftLog:OPENED:c-1,f-1,i0, conf=-1: [50423279-f647-4a18-8e85-347d68eaf856:192.168.69.88:39583, 2ec85f63-33fb-4317-9145-71357d145af9:192.168.69.88:42357, 25d6372c-77fd-4a39-ac2a-e48debad48df:192.168.69.88:39591], old=null
2019-10-15 16:12:04,922 [25d6372c-77fd-4a39-ac2a-e48debad48df@group-B2671EB745D2-LeaderElection245] INFO  impl.RaftServerImpl (RaftServerImpl.java:setRole(184)) - 25d6372c-77fd-4a39-ac2a-e48debad48df@group-B2671EB745D2: changes role from CANDIDATE to FOLLOWER at term 261 for DISCOVERED_A_NEW_TERM
2019-10-15 16:12:04,923 [25d6372c-77fd-4a39-ac2a-e48debad48df@group-B2671EB745D2-LeaderElection245] INFO  impl.RoleInfo (RoleInfo.java:shutdownLeaderElection(134)) - 25d6372c-77fd-4a39-ac2a-e48debad48df: shutdown LeaderElection
2019-10-15 16:12:04,923 [25d6372c-77fd-4a39-ac2a-e48debad48df@group-B2671EB745D2-LeaderElection245] INFO  impl.RoleInfo (RoleInfo.java:updateAndGet(143)) - 25d6372c-77fd-4a39-ac2a-e48debad48df: start FollowerState
2019-10-15 16:12:04,928 [Thread-1832] INFO  impl.FollowerState (FollowerState.java:run(108)) - 25d6372c-77fd-4a39-ac2a-e48debad48df@group-B2671EB745D2-FollowerState: change to CANDIDATE, lastRpcTime:5ms, electionTimeout:5ms
2019-10-15 16:12:04,928 [Thread-1832] INFO  impl.RoleInfo (RoleInfo.java:shutdownFollowerState(121)) - 25d6372c-77fd-4a39-ac2a-e48debad48df: shutdown FollowerState
2019-10-15 16:12:04,928 [Thread-1832] INFO  impl.RaftServerImpl (RaftServerImpl.java:setRole(184)) - 25d6372c-77fd-4a39-ac2a-e48debad48df@group-B2671EB745D2: changes role from  FOLLOWER to CANDIDATE at term 261 for changeToCandidate
2019-10-15 16:12:04,928 [Thread-1832] INFO  impl.RoleInfo (RoleInfo.java:updateAndGet(143)) - 25d6372c-77fd-4a39-ac2a-e48debad48df: start LeaderElection
2019-10-15 16:12:04,932 [25d6372c-77fd-4a39-ac2a-e48debad48df@group-B2671EB745D2-LeaderElection246] INFO  impl.LeaderElection (LeaderElection.java:askForVotes(178)) - 25d6372c-77fd-4a39-ac2a-e48debad48df@group-B2671EB745D2-LeaderElection246: begin an election at term 262 for -1: [50423279-f647-4a18-8e85-347d68eaf856:192.168.69.88:39583, 2ec85f63-33fb-4317-9145-71357d145af9:192.168.69.88:42357, 25d6372c-77fd-4a39-ac2a-e48debad48df:192.168.69.88:39591], old=null
2019-10-15 16:12:04,934 [grpc-default-executor-2] INFO  impl.RaftServerImpl (RaftServerImpl.java:setRole(184)) - 50423279-f647-4a18-8e85-347d68eaf856@group-B2671EB745D2: changes role from  FOLLOWER to FOLLOWER at term 262 for recognizeCandidate:25d6372c-77fd-4a39-ac2a-e48debad48df
2019-10-15 16:12:04,934 [grpc-default-executor-2] INFO  impl.RoleInfo (RoleInfo.java:shutdownFollowerState(121)) - 50423279-f647-4a18-8e85-347d68eaf856: shutdown FollowerState
2019-10-15 16:12:04,935 [grpc-default-executor-2] INFO  impl.RoleInfo (RoleInfo.java:updateAndGet(143)) - 50423279-f647-4a18-8e85-347d68eaf856: start FollowerState
2019-10-15 16:12:04,935 [Thread-1830] INFO  impl.FollowerState (FollowerState.java:run(117)) - 50423279-f647-4a18-8e85-347d68eaf856@group-B2671EB745D2-FollowerState was interrupted: java.lang.InterruptedException: sleep interrupted
2019-10-15 16:12:04,935 [grpc-default-executor-1] INFO  impl.RaftServerImpl (RaftServerImpl.java:setRole(184)) - 2ec85f63-33fb-4317-9145-71357d145af9@group-B2671EB745D2: changes role from  FOLLOWER to FOLLOWER at term 262 for recognizeCandidate:25d6372c-77fd-4a39-ac2a-e48debad48df
2019-10-15 16:12:04,935 [grpc-default-executor-1] INFO  impl.RoleInfo (RoleInfo.java:shutdownFollowerState(121)) - 2ec85f63-33fb-4317-9145-71357d145af9: shutdown FollowerState
2019-10-15 16:12:04,935 [grpc-default-executor-1] INFO  impl.RoleInfo (RoleInfo.java:updateAndGet(143)) - 2ec85f63-33fb-4317-9145-71357d145af9: start FollowerState
2019-10-15 16:12:04,935 [Thread-1831] INFO  impl.FollowerState (FollowerState.java:run(117)) - 2ec85f63-33fb-4317-9145-71357d145af9@group-B2671EB745D2-FollowerState was interrupted: java.lang.InterruptedException: sleep interrupted
2019-10-15 16:12:04,946 [25d6372c-77fd-4a39-ac2a-e48debad48df@group-B2671EB745D2-LeaderElection246] INFO  impl.LeaderElection (LeaderElection.java:logAndReturn(56)) - 25d6372c-77fd-4a39-ac2a-e48debad48df@group-B2671EB745D2-LeaderElection246: Election REJECTED; received 2 response(s) [25d6372c-77fd-4a39-ac2a-e48debad48df<-2ec85f63-33fb-4317-9145-71357d145af9#0:FAIL-t262, 25d6372c-77fd-4a39-ac2a-e48debad48df<-50423279-f647-4a18-8e85-347d68eaf856#0:FAIL-t262] and 0 exception(s); 25d6372c-77fd-4a39-ac2a-e48debad48df@group-B2671EB745D2:t262, leader=null, voted=25d6372c-77fd-4a39-ac2a-e48debad48df, raftlog=25d6372c-77fd-4a39-ac2a-e48debad48df@group-B2671EB745D2-SegmentedRaftLog:OPENED:c-1,f-1,i0, conf=-1: [50423279-f647-4a18-8e85-347d68eaf856:192.168.69.88:39583, 2ec85f63-33fb-4317-9145-71357d145af9:192.168.69.88:42357, 25d6372c-77fd-4a39-ac2a-e48debad48df:192.168.69.88:39591], old=null
2019-10-15 16:12:04,946 [25d6372c-77fd-4a39-ac2a-e48debad48df@group-B2671EB745D2-LeaderElection246] INFO  impl.RaftServerImpl (RaftServerImpl.java:setRole(184)) - 25d6372c-77fd-4a39-ac2a-e48debad48df@group-B2671EB745D2: changes role from CANDIDATE to FOLLOWER at term 262 for DISCOVERED_A_NEW_TERM
2019-10-15 16:12:04,946 [25d6372c-77fd-4a39-ac2a-e48debad48df@group-B2671EB745D2-LeaderElection246] INFO  impl.RoleInfo (RoleInfo.java:shutdownLeaderElection(134)) - 25d6372c-77fd-4a39-ac2a-e48debad48df: shutdown LeaderElection
2019-10-15 16:12:04,946 [25d6372c-77fd-4a39-ac2a-e48debad48df@group-B2671EB745D2-LeaderElection246] INFO  impl.RoleInfo (RoleInfo.java:updateAndGet(143)) - 25d6372c-77fd-4a39-ac2a-e48debad48df: start FollowerState
2019-10-15 16:12:05,011 [Thread-1838] INFO  impl.FollowerState (FollowerState.java:run(108)) - 25d6372c-77fd-4a39-ac2a-e48debad48df@group-B2671EB745D2-FollowerState: change to CANDIDATE, lastRpcTime:64ms, electionTimeout:64ms
2019-10-15 16:12:05,011 [Thread-1838] INFO  impl.RoleInfo (RoleInfo.java:shutdownFollowerState(121)) - 25d6372c-77fd-4a39-ac2a-e48debad48df: shutdown FollowerState
2019-10-15 16:12:05,011 [Thread-1838] INFO  impl.RaftServerImpl (RaftServerImpl.java:setRole(184)) - 25d6372c-77fd-4a39-ac2a-e48debad48df@group-B2671EB745D2: changes role from  FOLLOWER to CANDIDATE at term 262 for changeToCandidate
2019-10-15 16:12:05,011 [Thread-1838] INFO  impl.RoleInfo (RoleInfo.java:updateAndGet(143)) - 25d6372c-77fd-4a39-ac2a-e48debad48df: start LeaderElection
2019-10-15 16:12:05,025 [25d6372c-77fd-4a39-ac2a-e48debad48df@group-B2671EB745D2-LeaderElection247] INFO  impl.LeaderElection (LeaderElection.java:askForVotes(178)) - 25d6372c-77fd-4a39-ac2a-e48debad48df@group-B2671EB745D2-LeaderElection247: begin an election at term 263 for -1: [50423279-f647-4a18-8e85-347d68eaf856:192.168.69.88:39583, 2ec85f63-33fb-4317-9145-71357d145af9:192.168.69.88:42357, 25d6372c-77fd-4a39-ac2a-e48debad48df:192.168.69.88:39591], old=null
2019-10-15 16:12:05,028 [grpc-default-executor-2] INFO  impl.RaftServerImpl (RaftServerImpl.java:setRole(184)) - 2ec85f63-33fb-4317-9145-71357d145af9@group-B2671EB745D2: changes role from  FOLLOWER to FOLLOWER at term 263 for recognizeCandidate:25d6372c-77fd-4a39-ac2a-e48debad48df
2019-10-15 16:12:05,029 [grpc-default-executor-1] INFO  impl.RaftServerImpl (RaftServerImpl.java:setRole(184)) - 50423279-f647-4a18-8e85-347d68eaf856@group-B2671EB745D2: changes role from  FOLLOWER to FOLLOWER at term 263 for recognizeCandidate:25d6372c-77fd-4a39-ac2a-e48debad48df
2019-10-15 16:12:05,029 [grpc-default-executor-1] INFO  impl.RoleInfo (RoleInfo.java:shutdownFollowerState(121)) - 50423279-f647-4a18-8e85-347d68eaf856: shutdown FollowerState
2019-10-15 16:12:05,029 [grpc-default-executor-2] INFO  impl.RoleInfo (RoleInfo.java:shutdownFollowerState(121)) - 2ec85f63-33fb-4317-9145-71357d145af9: shutdown FollowerState
2019-10-15 16:12:05,029 [grpc-default-executor-1] INFO  impl.RoleInfo (RoleInfo.java:updateAndGet(143)) - 50423279-f647-4a18-8e85-347d68eaf856: start FollowerState
2019-10-15 16:12:05,029 [Thread-1836] INFO  impl.FollowerState (FollowerState.java:run(117)) - 50423279-f647-4a18-8e85-347d68eaf856@group-B2671EB745D2-FollowerState was interrupted: java.lang.InterruptedException: sleep interrupted
2019-10-15 16:12:05,029 [grpc-default-executor-2] INFO  impl.RoleInfo (RoleInfo.java:updateAndGet(143)) - 2ec85f63-33fb-4317-9145-71357d145af9: start FollowerState
2019-10-15 16:12:05,029 [Thread-1837] INFO  impl.FollowerState (FollowerState.java:run(117)) - 2ec85f63-33fb-4317-9145-71357d145af9@group-B2671EB745D2-FollowerState was interrupted: java.lang.InterruptedException: sleep interrupted
2019-10-15 16:12:05,043 [25d6372c-77fd-4a39-ac2a-e48debad48df@group-B2671EB745D2-LeaderElection247] INFO  impl.LeaderElection (LeaderElection.java:logAndReturn(56)) - 25d6372c-77fd-4a39-ac2a-e48debad48df@group-B2671EB745D2-LeaderElection247: Election REJECTED; received 2 response(s) [25d6372c-77fd-4a39-ac2a-e48debad48df<-2ec85f63-33fb-4317-9145-71357d145af9#0:FAIL-t263, 25d6372c-77fd-4a39-ac2a-e48debad48df<-50423279-f647-4a18-8e85-347d68eaf856#0:FAIL-t263] and 0 exception(s); 25d6372c-77fd-4a39-ac2a-e48debad48df@group-B2671EB745D2:t263, leader=null, voted=25d6372c-77fd-4a39-ac2a-e48debad48df, raftlog=25d6372c-77fd-4a39-ac2a-e48debad48df@group-B2671EB745D2-SegmentedRaftLog:OPENED:c-1,f-1,i0, conf=-1: [50423279-f647-4a18-8e85-347d68eaf856:192.168.69.88:39583, 2ec85f63-33fb-4317-9145-71357d145af9:192.168.69.88:42357, 25d6372c-77fd-4a39-ac2a-e48debad48df:192.168.69.88:39591], old=null
2019-10-15 16:12:05,043 [25d6372c-77fd-4a39-ac2a-e48debad48df@group-B2671EB745D2-LeaderElection247] INFO  impl.RaftServerImpl (RaftServerImpl.java:setRole(184)) - 25d6372c-77fd-4a39-ac2a-e48debad48df@group-B2671EB745D2: changes role from CANDIDATE to FOLLOWER at term 263 for DISCOVERED_A_NEW_TERM
2019-10-15 16:12:05,043 [25d6372c-77fd-4a39-ac2a-e48debad48df@group-B2671EB745D2-LeaderElection247] INFO  impl.RoleInfo (RoleInfo.java:shutdownLeaderElection(134)) - 25d6372c-77fd-4a39-ac2a-e48debad48df: shutdown LeaderElection
2019-10-15 16:12:05,044 [25d6372c-77fd-4a39-ac2a-e48debad48df@group-B2671EB745D2-LeaderElection247] INFO  impl.RoleInfo (RoleInfo.java:updateAndGet(143)) - 25d6372c-77fd-4a39-ac2a-e48debad48df: start FollowerState
2019-10-15 16:12:05,126 [Thread-1844] INFO  impl.FollowerState (FollowerState.java:run(108)) - 25d6372c-77fd-4a39-ac2a-e48debad48df@group-B2671EB745D2-FollowerState: change to CANDIDATE, lastRpcTime:82ms, electionTimeout:82ms
2019-10-15 16:12:05,126 [Thread-1844] INFO  impl.RoleInfo (RoleInfo.java:shutdownFollowerState(121)) - 25d6372c-77fd-4a39-ac2a-e48debad48df: shutdown FollowerState
2019-10-15 16:12:05,126 [Thread-1844] INFO  impl.RaftServerImpl (RaftServerImpl.java:setRole(184)) - 25d6372c-77fd-4a39-ac2a-e48debad48df@group-B2671EB745D2: changes role from  FOLLOWER to CANDIDATE at term 263 for changeToCandidate
2019-10-15 16:12:05,126 [Thread-1844] INFO  impl.RoleInfo (RoleInfo.java:updateAndGet(143)) - 25d6372c-77fd-4a39-ac2a-e48debad48df: start LeaderElection
2019-10-15 16:12:05,139 [25d6372c-77fd-4a39-ac2a-e48debad48df@group-B2671EB745D2-LeaderElection248] INFO  impl.LeaderElection (LeaderElection.java:askForVotes(178)) - 25d6372c-77fd-4a39-ac2a-e48debad48df@group-B2671EB745D2-LeaderElection248: begin an election at term 264 for -1: [50423279-f647-4a18-8e85-347d68eaf856:192.168.69.88:39583, 2ec85f63-33fb-4317-9145-71357d145af9:192.168.69.88:42357, 25d6372c-77fd-4a39-ac2a-e48debad48df:192.168.69.88:39591], old=null
2019-10-15 16:12:05,140 [grpc-default-executor-2] INFO  impl.RaftServerImpl (RaftServerImpl.java:setRole(184)) - 2ec85f63-33fb-4317-9145-71357d145af9@group-B2671EB745D2: changes role from  FOLLOWER to FOLLOWER at term 264 for recognizeCandidate:25d6372c-77fd-4a39-ac2a-e48debad48df
2019-10-15 16:12:05,141 [grpc-default-executor-2] INFO  impl.RoleInfo (RoleInfo.java:shutdownFollowerState(121)) - 2ec85f63-33fb-4317-9145-71357d145af9: shutdown FollowerState
2019-10-15 16:12:05,141 [grpc-default-executor-1] INFO  impl.RaftServerImpl (RaftServerImpl.java:setRole(184)) - 50423279-f647-4a18-8e85-347d68eaf856@group-B2671EB745D2: changes role from  FOLLOWER to FOLLOWER at term 264 for recognizeCandidate:25d6372c-77fd-4a39-ac2a-e48debad48df
2019-10-15 16:12:05,141 [Thread-1843] INFO  impl.FollowerState (FollowerState.java:run(117)) - 2ec85f63-33fb-4317-9145-71357d145af9@group-B2671EB745D2-FollowerState was interrupted: java.lang.InterruptedException: sleep interrupted
2019-10-15 16:12:05,141 [grpc-default-executor-2] INFO  impl.RoleInfo (RoleInfo.java:updateAndGet(143)) - 2ec85f63-33fb-4317-9145-71357d145af9: start FollowerState
2019-10-15 16:12:05,141 [grpc-default-executor-1] INFO  impl.RoleInfo (RoleInfo.java:shutdownFollowerState(121)) - 50423279-f647-4a18-8e85-347d68eaf856: shutdown FollowerState
2019-10-15 16:12:05,141 [grpc-default-executor-1] INFO  impl.RoleInfo (RoleInfo.java:updateAndGet(143)) - 50423279-f647-4a18-8e85-347d68eaf856: start FollowerState
2019-10-15 16:12:05,141 [Thread-1842] INFO  impl.FollowerState (FollowerState.java:run(117)) - 50423279-f647-4a18-8e85-347d68eaf856@group-B2671EB745D2-FollowerState was interrupted: java.lang.InterruptedException: sleep interrupted
2019-10-15 16:12:05,146 [25d6372c-77fd-4a39-ac2a-e48debad48df@group-B2671EB745D2-LeaderElection248] INFO  impl.LeaderElection (LeaderElection.java:logAndReturn(56)) - 25d6372c-77fd-4a39-ac2a-e48debad48df@group-B2671EB745D2-LeaderElection248: Election REJECTED; received 2 response(s) [25d6372c-77fd-4a39-ac2a-e48debad48df<-50423279-f647-4a18-8e85-347d68eaf856#0:FAIL-t264, 25d6372c-77fd-4a39-ac2a-e48debad48df<-2ec85f63-33fb-4317-9145-71357d145af9#0:FAIL-t264] and 0 exception(s); 25d6372c-77fd-4a39-ac2a-e48debad48df@group-B2671EB745D2:t264, leader=null, voted=25d6372c-77fd-4a39-ac2a-e48debad48df, raftlog=25d6372c-77fd-4a39-ac2a-e48debad48df@group-B2671EB745D2-SegmentedRaftLog:OPENED:c-1,f-1,i0, conf=-1: [50423279-f647-4a18-8e85-347d68eaf856:192.168.69.88:39583, 2ec85f63-33fb-4317-9145-71357d145af9:192.168.69.88:42357, 25d6372c-77fd-4a39-ac2a-e48debad48df:192.168.69.88:39591], old=null
2019-10-15 16:12:05,147 [25d6372c-77fd-4a39-ac2a-e48debad48df@group-B2671EB745D2-LeaderElection248] INFO  impl.RaftServerImpl (RaftServerImpl.java:setRole(184)) - 25d6372c-77fd-4a39-ac2a-e48debad48df@group-B2671EB745D2: changes role from CANDIDATE to FOLLOWER at term 264 for DISCOVERED_A_NEW_TERM
2019-10-15 16:12:05,147 [25d6372c-77fd-4a39-ac2a-e48debad48df@group-B2671EB745D2-LeaderElection248] INFO  impl.RoleInfo (RoleInfo.java:shutdownLeaderElection(134)) - 25d6372c-77fd-4a39-ac2a-e48debad48df: shutdown LeaderElection
2019-10-15 16:12:05,147 [25d6372c-77fd-4a39-ac2a-e48debad48df@group-B2671EB745D2-LeaderElection248] INFO  impl.RoleInfo (RoleInfo.java:updateAndGet(143)) - 25d6372c-77fd-4a39-ac2a-e48debad48df: start FollowerState
2019-10-15 16:12:05,302 [Thread-1850] INFO  impl.FollowerState (FollowerState.java:run(108)) - 25d6372c-77fd-4a39-ac2a-e48debad48df@group-B2671EB745D2-FollowerState: change to CANDIDATE, lastRpcTime:155ms, electionTimeout:155ms
2019-10-15 16:12:05,303 [Thread-1850] INFO  impl.RoleInfo (RoleInfo.java:shutdownFollowerState(121)) - 25d6372c-77fd-4a39-ac2a-e48debad48df: shutdown FollowerState
2019-10-15 16:12:05,303 [Thread-1850] INFO  impl.RaftServerImpl (RaftServerImpl.java:setRole(184)) - 25d6372c-77fd-4a39-ac2a-e48debad48df@group-B2671EB745D2: changes role from  FOLLOWER to CANDIDATE at term 264 for changeToCandidate
2019-10-15 16:12:05,303 [Thread-1850] INFO  impl.RoleInfo (RoleInfo.java:updateAndGet(143)) - 25d6372c-77fd-4a39-ac2a-e48debad48df: start LeaderElection
2019-10-15 16:12:05,317 [25d6372c-77fd-4a39-ac2a-e48debad48df@group-B2671EB745D2-LeaderElection249] INFO  impl.LeaderElection (LeaderElection.java:askForVotes(178)) - 25d6372c-77fd-4a39-ac2a-e48debad48df@group-B2671EB745D2-LeaderElection249: begin an election at term 265 for -1: [50423279-f647-4a18-8e85-347d68eaf856:192.168.69.88:39583, 2ec85f63-33fb-4317-9145-71357d145af9:192.168.69.88:42357, 25d6372c-77fd-4a39-ac2a-e48debad48df:192.168.69.88:39591], old=null
2019-10-15 16:12:05,319 [grpc-default-executor-2] INFO  impl.RaftServerImpl (RaftServerImpl.java:setRole(184)) - 50423279-f647-4a18-8e85-347d68eaf856@group-B2671EB745D2: changes role from  FOLLOWER to FOLLOWER at term 265 for recognizeCandidate:25d6372c-77fd-4a39-ac2a-e48debad48df
2019-10-15 16:12:05,319 [grpc-default-executor-2] INFO  impl.RoleInfo (RoleInfo.java:shutdownFollowerState(121)) - 50423279-f647-4a18-8e85-347d68eaf856: shutdown FollowerState
2019-10-15 16:12:05,319 [grpc-default-executor-1] INFO  impl.RaftServerImpl (RaftServerImpl.java:setRole(184)) - 2ec85f63-33fb-4317-9145-71357d145af9@group-B2671EB745D2: changes role from  FOLLOWER to FOLLOWER at term 265 for recognizeCandidate:25d6372c-77fd-4a39-ac2a-e48debad48df
2019-10-15 16:12:05,319 [Thread-1849] INFO  impl.FollowerState (FollowerState.java:run(117)) - 50423279-f647-4a18-8e85-347d68eaf856@group-B2671EB745D2-FollowerState was interrupted: java.lang.InterruptedException: sleep interrupted
2019-10-15 16:12:05,319 [grpc-default-executor-2] INFO  impl.RoleInfo (RoleInfo.java:updateAndGet(143)) - 50423279-f647-4a18-8e85-347d68eaf856: start FollowerState
2019-10-15 16:12:05,319 [grpc-default-executor-1] INFO  impl.RoleInfo (RoleInfo.java:shutdownFollowerState(121)) - 2ec85f63-33fb-4317-9145-71357d145af9: shutdown FollowerState
2019-10-15 16:12:05,320 [grpc-default-executor-1] INFO  impl.RoleInfo (RoleInfo.java:updateAndGet(143)) - 2ec85f63-33fb-4317-9145-71357d145af9: start FollowerState
2019-10-15 16:12:05,320 [Thread-1848] INFO  impl.FollowerState (FollowerState.java:run(117)) - 2ec85f63-33fb-4317-9145-71357d145af9@group-B2671EB745D2-FollowerState was interrupted: java.lang.InterruptedException: sleep interrupted
2019-10-15 16:12:05,333 [25d6372c-77fd-4a39-ac2a-e48debad48df@group-B2671EB745D2-LeaderElection249] INFO  impl.LeaderElection (LeaderElection.java:logAndReturn(56)) - 25d6372c-77fd-4a39-ac2a-e48debad48df@group-B2671EB745D2-LeaderElection249: Election REJECTED; received 2 response(s) [25d6372c-77fd-4a39-ac2a-e48debad48df<-2ec85f63-33fb-4317-9145-71357d145af9#0:FAIL-t265, 25d6372c-77fd-4a39-ac2a-e48debad48df<-50423279-f647-4a18-8e85-347d68eaf856#0:FAIL-t265] and 0 exception(s); 25d6372c-77fd-4a39-ac2a-e48debad48df@group-B2671EB745D2:t265, leader=null, voted=25d6372c-77fd-4a39-ac2a-e48debad48df, raftlog=25d6372c-77fd-4a39-ac2a-e48debad48df@group-B2671EB745D2-SegmentedRaftLog:OPENED:c-1,f-1,i0, conf=-1: [50423279-f647-4a18-8e85-347d68eaf856:192.168.69.88:39583, 2ec85f63-33fb-4317-9145-71357d145af9:192.168.69.88:42357, 25d6372c-77fd-4a39-ac2a-e48debad48df:192.168.69.88:39591], old=null
2019-10-15 16:12:05,334 [25d6372c-77fd-4a39-ac2a-e48debad48df@group-B2671EB745D2-LeaderElection249] INFO  impl.RaftServerImpl (RaftServerImpl.java:setRole(184)) - 25d6372c-77fd-4a39-ac2a-e48debad48df@group-B2671EB745D2: changes role from CANDIDATE to FOLLOWER at term 265 for DISCOVERED_A_NEW_TERM
2019-10-15 16:12:05,334 [25d6372c-77fd-4a39-ac2a-e48debad48df@group-B2671EB745D2-LeaderElection249] INFO  impl.RoleInfo (RoleInfo.java:shutdownLeaderElection(134)) - 25d6372c-77fd-4a39-ac2a-e48debad48df: shutdown LeaderElection
2019-10-15 16:12:05,334 [25d6372c-77fd-4a39-ac2a-e48debad48df@group-B2671EB745D2-LeaderElection249] INFO  impl.RoleInfo (RoleInfo.java:updateAndGet(143)) - 25d6372c-77fd-4a39-ac2a-e48debad48df: start FollowerState
2019-10-15 16:12:05,336 [Thread-1856] INFO  impl.FollowerState (FollowerState.java:run(108)) - 25d6372c-77fd-4a39-ac2a-e48debad48df@group-B2671EB745D2-FollowerState: change to CANDIDATE, lastRpcTime:2ms, electionTimeout:2ms
2019-10-15 16:12:05,336 [Thread-1856] INFO  impl.RoleInfo (RoleInfo.java:shutdownFollowerState(121)) - 25d6372c-77fd-4a39-ac2a-e48debad48df: shutdown FollowerState
2019-10-15 16:12:05,336 [Thread-1856] INFO  impl.RaftServerImpl (RaftServerImpl.java:setRole(184)) - 25d6372c-77fd-4a39-ac2a-e48debad48df@group-B2671EB745D2: changes role from  FOLLOWER to CANDIDATE at term 265 for changeToCandidate
2019-10-15 16:12:05,337 [Thread-1856] INFO  impl.RoleInfo (RoleInfo.java:updateAndGet(143)) - 25d6372c-77fd-4a39-ac2a-e48debad48df: start LeaderElection
2019-10-15 16:12:05,350 [25d6372c-77fd-4a39-ac2a-e48debad48df@group-B2671EB745D2-LeaderElection250] INFO  impl.LeaderElection (LeaderElection.java:askForVotes(178)) - 25d6372c-77fd-4a39-ac2a-e48debad48df@group-B2671EB745D2-LeaderElection250: begin an election at term 266 for -1: [50423279-f647-4a18-8e85-347d68eaf856:192.168.69.88:39583, 2ec85f63-33fb-4317-9145-71357d145af9:192.168.69.88:42357, 25d6372c-77fd-4a39-ac2a-e48debad48df:192.168.69.88:39591], old=null
2019-10-15 16:12:05,352 [grpc-default-executor-2] INFO  impl.RaftServerImpl (RaftServerImpl.java:setRole(184)) - 2ec85f63-33fb-4317-9145-71357d145af9@group-B2671EB745D2: changes role from  FOLLOWER to FOLLOWER at term 266 for recognizeCandidate:25d6372c-77fd-4a39-ac2a-e48debad48df
2019-10-15 16:12:05,352 [grpc-default-executor-1] INFO  impl.RaftServerImpl (RaftServerImpl.java:setRole(184)) - 50423279-f647-4a18-8e85-347d68eaf856@group-B2671EB745D2: changes role from  FOLLOWER to FOLLOWER at term 266 for recognizeCandidate:25d6372c-77fd-4a39-ac2a-e48debad48df
2019-10-15 16:12:05,352 [grpc-default-executor-2] INFO  impl.RoleInfo (RoleInfo.java:shutdownFollowerState(121)) - 2ec85f63-33fb-4317-9145-71357d145af9: shutdown FollowerState
2019-10-15 16:12:05,353 [grpc-default-executor-1] INFO  impl.RoleInfo (RoleInfo.java:shutdownFollowerState(121)) - 50423279-f647-4a18-8e85-347d68eaf856: shutdown FollowerState
2019-10-15 16:12:05,353 [Thread-1855] INFO  impl.FollowerState (FollowerState.java:run(117)) - 2ec85f63-33fb-4317-9145-71357d145af9@group-B2671EB745D2-FollowerState was interrupted: java.lang.InterruptedException: sleep interrupted
2019-10-15 16:12:05,353 [Thread-1854] INFO  impl.FollowerState (FollowerState.java:run(117)) - 50423279-f647-4a18-8e85-347d68eaf856@group-B2671EB745D2-FollowerState was interrupted: java.lang.InterruptedException: sleep interrupted
2019-10-15 16:12:05,353 [grpc-default-executor-2] INFO  impl.RoleInfo (RoleInfo.java:updateAndGet(143)) - 2ec85f63-33fb-4317-9145-71357d145af9: start FollowerState
2019-10-15 16:12:05,353 [grpc-default-executor-1] INFO  impl.RoleInfo (RoleInfo.java:updateAndGet(143)) - 50423279-f647-4a18-8e85-347d68eaf856: start FollowerState
2019-10-15 16:12:05,368 [25d6372c-77fd-4a39-ac2a-e48debad48df@group-B2671EB745D2-LeaderElection250] INFO  impl.LeaderElection (LeaderElection.java:logAndReturn(56)) - 25d6372c-77fd-4a39-ac2a-e48debad48df@group-B2671EB745D2-LeaderElection250: Election REJECTED; received 2 response(s) [25d6372c-77fd-4a39-ac2a-e48debad48df<-2ec85f63-33fb-4317-9145-71357d145af9#0:FAIL-t266, 25d6372c-77fd-4a39-ac2a-e48debad48df<-50423279-f647-4a18-8e85-347d68eaf856#0:FAIL-t266] and 0 exception(s); 25d6372c-77fd-4a39-ac2a-e48debad48df@group-B2671EB745D2:t266, leader=null, voted=25d6372c-77fd-4a39-ac2a-e48debad48df, raftlog=25d6372c-77fd-4a39-ac2a-e48debad48df@group-B2671EB745D2-SegmentedRaftLog:OPENED:c-1,f-1,i0, conf=-1: [50423279-f647-4a18-8e85-347d68eaf856:192.168.69.88:39583, 2ec85f63-33fb-4317-9145-71357d145af9:192.168.69.88:42357, 25d6372c-77fd-4a39-ac2a-e48debad48df:192.168.69.88:39591], old=null
2019-10-15 16:12:05,368 [25d6372c-77fd-4a39-ac2a-e48debad48df@group-B2671EB745D2-LeaderElection250] INFO  impl.RaftServerImpl (RaftServerImpl.java:setRole(184)) - 25d6372c-77fd-4a39-ac2a-e48debad48df@group-B2671EB745D2: changes role from CANDIDATE to FOLLOWER at term 266 for DISCOVERED_A_NEW_TERM
2019-10-15 16:12:05,368 [25d6372c-77fd-4a39-ac2a-e48debad48df@group-B2671EB745D2-LeaderElection250] INFO  impl.RoleInfo (RoleInfo.java:shutdownLeaderElection(134)) - 25d6372c-77fd-4a39-ac2a-e48debad48df: shutdown LeaderElection
2019-10-15 16:12:05,368 [25d6372c-77fd-4a39-ac2a-e48debad48df@group-B2671EB745D2-LeaderElection250] INFO  impl.RoleInfo (RoleInfo.java:updateAndGet(143)) - 25d6372c-77fd-4a39-ac2a-e48debad48df: start FollowerState
2019-10-15 16:12:05,380 [Thread-1862] INFO  impl.FollowerState (FollowerState.java:run(108)) - 25d6372c-77fd-4a39-ac2a-e48debad48df@group-B2671EB745D2-FollowerState: change to CANDIDATE, lastRpcTime:12ms, electionTimeout:12ms
2019-10-15 16:12:05,381 [Thread-1862] INFO  impl.RoleInfo (RoleInfo.java:shutdownFollowerState(121)) - 25d6372c-77fd-4a39-ac2a-e48debad48df: shutdown FollowerState
2019-10-15 16:12:05,381 [Thread-1862] INFO  impl.RaftServerImpl (RaftServerImpl.java:setRole(184)) - 25d6372c-77fd-4a39-ac2a-e48debad48df@group-B2671EB745D2: changes role from  FOLLOWER to CANDIDATE at term 266 for changeToCandidate
2019-10-15 16:12:05,381 [Thread-1862] INFO  impl.RoleInfo (RoleInfo.java:updateAndGet(143)) - 25d6372c-77fd-4a39-ac2a-e48debad48df: start LeaderElection
2019-10-15 16:12:05,398 [25d6372c-77fd-4a39-ac2a-e48debad48df@group-B2671EB745D2-LeaderElection251] INFO  impl.LeaderElection (LeaderElection.java:askForVotes(178)) - 25d6372c-77fd-4a39-ac2a-e48debad48df@group-B2671EB745D2-LeaderElection251: begin an election at term 267 for -1: [50423279-f647-4a18-8e85-347d68eaf856:192.168.69.88:39583, 2ec85f63-33fb-4317-9145-71357d145af9:192.168.69.88:42357, 25d6372c-77fd-4a39-ac2a-e48debad48df:192.168.69.88:39591], old=null
2019-10-15 16:12:05,400 [grpc-default-executor-2] INFO  impl.RaftServerImpl (RaftServerImpl.java:setRole(184)) - 2ec85f63-33fb-4317-9145-71357d145af9@group-B2671EB745D2: changes role from  FOLLOWER to FOLLOWER at term 267 for recognizeCandidate:25d6372c-77fd-4a39-ac2a-e48debad48df
2019-10-15 16:12:05,400 [grpc-default-executor-2] INFO  impl.RoleInfo (RoleInfo.java:shutdownFollowerState(121)) - 2ec85f63-33fb-4317-9145-71357d145af9: shutdown FollowerState
2019-10-15 16:12:05,400 [grpc-default-executor-1] INFO  impl.RaftServerImpl (RaftServerImpl.java:setRole(184)) - 50423279-f647-4a18-8e85-347d68eaf856@group-B2671EB745D2: changes role from  FOLLOWER to FOLLOWER at term 267 for recognizeCandidate:25d6372c-77fd-4a39-ac2a-e48debad48df
2019-10-15 16:12:05,400 [Thread-1860] INFO  impl.FollowerState (FollowerState.java:run(117)) - 2ec85f63-33fb-4317-9145-71357d145af9@group-B2671EB745D2-FollowerState was interrupted: java.lang.InterruptedException: sleep interrupted
2019-10-15 16:12:05,400 [grpc-default-executor-2] INFO  impl.RoleInfo (RoleInfo.java:updateAndGet(143)) - 2ec85f63-33fb-4317-9145-71357d145af9: start FollowerState
2019-10-15 16:12:05,400 [grpc-default-executor-1] INFO  impl.RoleInfo (RoleInfo.java:shutdownFollowerState(121)) - 50423279-f647-4a18-8e85-347d68eaf856: shutdown FollowerState
2019-10-15 16:12:05,400 [grpc-default-executor-1] INFO  impl.RoleInfo (RoleInfo.java:updateAndGet(143)) - 50423279-f647-4a18-8e85-347d68eaf856: start FollowerState
2019-10-15 16:12:05,400 [Thread-1861] INFO  impl.FollowerState (FollowerState.java:run(117)) - 50423279-f647-4a18-8e85-347d68eaf856@group-B2671EB745D2-FollowerState was interrupted: java.lang.InterruptedException: sleep interrupted
2019-10-15 16:12:05,414 [25d6372c-77fd-4a39-ac2a-e48debad48df@group-B2671EB745D2-LeaderElection251] INFO  impl.LeaderElection (LeaderElection.java:logAndReturn(56)) - 25d6372c-77fd-4a39-ac2a-e48debad48df@group-B2671EB745D2-LeaderElection251: Election REJECTED; received 2 response(s) [25d6372c-77fd-4a39-ac2a-e48debad48df<-2ec85f63-33fb-4317-9145-71357d145af9#0:FAIL-t267, 25d6372c-77fd-4a39-ac2a-e48debad48df<-50423279-f647-4a18-8e85-347d68eaf856#0:FAIL-t267] and 0 exception(s); 25d6372c-77fd-4a39-ac2a-e48debad48df@group-B2671EB745D2:t267, leader=null, voted=25d6372c-77fd-4a39-ac2a-e48debad48df, raftlog=25d6372c-77fd-4a39-ac2a-e48debad48df@group-B2671EB745D2-SegmentedRaftLog:OPENED:c-1,f-1,i0, conf=-1: [50423279-f647-4a18-8e85-347d68eaf856:192.168.69.88:39583, 2ec85f63-33fb-4317-9145-71357d145af9:192.168.69.88:42357, 25d6372c-77fd-4a39-ac2a-e48debad48df:192.168.69.88:39591], old=null
2019-10-15 16:12:05,414 [25d6372c-77fd-4a39-ac2a-e48debad48df@group-B2671EB745D2-LeaderElection251] INFO  impl.RaftServerImpl (RaftServerImpl.java:setRole(184)) - 25d6372c-77fd-4a39-ac2a-e48debad48df@group-B2671EB745D2: changes role from CANDIDATE to FOLLOWER at term 267 for DISCOVERED_A_NEW_TERM
2019-10-15 16:12:05,415 [25d6372c-77fd-4a39-ac2a-e48debad48df@group-B2671EB745D2-LeaderElection251] INFO  impl.RoleInfo (RoleInfo.java:shutdownLeaderElection(134)) - 25d6372c-77fd-4a39-ac2a-e48debad48df: shutdown LeaderElection
2019-10-15 16:12:05,415 [25d6372c-77fd-4a39-ac2a-e48debad48df@group-B2671EB745D2-LeaderElection251] INFO  impl.RoleInfo (RoleInfo.java:updateAndGet(143)) - 25d6372c-77fd-4a39-ac2a-e48debad48df: start FollowerState
2019-10-15 16:12:05,429 [Thread-1868] INFO  impl.FollowerState (FollowerState.java:run(108)) - 25d6372c-77fd-4a39-ac2a-e48debad48df@group-B2671EB745D2-FollowerState: change to CANDIDATE, lastRpcTime:14ms, electionTimeout:14ms
2019-10-15 16:12:05,429 [Thread-1868] INFO  impl.RoleInfo (RoleInfo.java:shutdownFollowerState(121)) - 25d6372c-77fd-4a39-ac2a-e48debad48df: shutdown FollowerState
2019-10-15 16:12:05,429 [Thread-1868] INFO  impl.RaftServerImpl (RaftServerImpl.java:setRole(184)) - 25d6372c-77fd-4a39-ac2a-e48debad48df@group-B2671EB745D2: changes role from  FOLLOWER to CANDIDATE at term 267 for changeToCandidate
2019-10-15 16:12:05,429 [Thread-1868] INFO  impl.RoleInfo (RoleInfo.java:updateAndGet(143)) - 25d6372c-77fd-4a39-ac2a-e48debad48df: start LeaderElection
2019-10-15 16:12:05,439 [25d6372c-77fd-4a39-ac2a-e48debad48df@group-B2671EB745D2-LeaderElection252] INFO  impl.LeaderElection (LeaderElection.java:askForVotes(178)) - 25d6372c-77fd-4a39-ac2a-e48debad48df@group-B2671EB745D2-LeaderElection252: begin an election at term 268 for -1: [50423279-f647-4a18-8e85-347d68eaf856:192.168.69.88:39583, 2ec85f63-33fb-4317-9145-71357d145af9:192.168.69.88:42357, 25d6372c-77fd-4a39-ac2a-e48debad48df:192.168.69.88:39591], old=null
2019-10-15 16:12:05,441 [grpc-default-executor-2] INFO  impl.RaftServerImpl (RaftServerImpl.java:setRole(184)) - 50423279-f647-4a18-8e85-347d68eaf856@group-B2671EB745D2: changes role from  FOLLOWER to FOLLOWER at term 268 for recognizeCandidate:25d6372c-77fd-4a39-ac2a-e48debad48df
2019-10-15 16:12:05,441 [grpc-default-executor-2] INFO  impl.RoleInfo (RoleInfo.java:shutdownFollowerState(121)) - 50423279-f647-4a18-8e85-347d68eaf856: shutdown FollowerState
2019-10-15 16:12:05,441 [grpc-default-executor-2] INFO  impl.RoleInfo (RoleInfo.java:updateAndGet(143)) - 50423279-f647-4a18-8e85-347d68eaf856: start FollowerState
2019-10-15 16:12:05,441 [Thread-1867] INFO  impl.FollowerState (FollowerState.java:run(117)) - 50423279-f647-4a18-8e85-347d68eaf856@group-B2671EB745D2-FollowerState was interrupted: java.lang.InterruptedException: sleep interrupted
2019-10-15 16:12:05,441 [grpc-default-executor-1] INFO  impl.RaftServerImpl (RaftServerImpl.java:setRole(184)) - 2ec85f63-33fb-4317-9145-71357d145af9@group-B2671EB745D2: changes role from  FOLLOWER to FOLLOWER at term 268 for recognizeCandidate:25d6372c-77fd-4a39-ac2a-e48debad48df
2019-10-15 16:12:05,441 [grpc-default-executor-1] INFO  impl.RoleInfo (RoleInfo.java:shutdownFollowerState(121)) - 2ec85f63-33fb-4317-9145-71357d145af9: shutdown FollowerState
2019-10-15 16:12:05,442 [grpc-default-executor-1] INFO  impl.RoleInfo (RoleInfo.java:updateAndGet(143)) - 2ec85f63-33fb-4317-9145-71357d145af9: start FollowerState
2019-10-15 16:12:05,442 [Thread-1866] INFO  impl.FollowerState (FollowerState.java:run(117)) - 2ec85f63-33fb-4317-9145-71357d145af9@group-B2671EB745D2-FollowerState was interrupted: java.lang.InterruptedException: sleep interrupted
2019-10-15 16:12:05,446 [25d6372c-77fd-4a39-ac2a-e48debad48df@group-B2671EB745D2-LeaderElection252] INFO  impl.LeaderElection (LeaderElection.java:logAndReturn(56)) - 25d6372c-77fd-4a39-ac2a-e48debad48df@group-B2671EB745D2-LeaderElection252: Election REJECTED; received 2 response(s) [25d6372c-77fd-4a39-ac2a-e48debad48df<-50423279-f647-4a18-8e85-347d68eaf856#0:FAIL-t268, 25d6372c-77fd-4a39-ac2a-e48debad48df<-2ec85f63-33fb-4317-9145-71357d145af9#0:FAIL-t268] and 0 exception(s); 25d6372c-77fd-4a39-ac2a-e48debad48df@group-B2671EB745D2:t268, leader=null, voted=25d6372c-77fd-4a39-ac2a-e48debad48df, raftlog=25d6372c-77fd-4a39-ac2a-e48debad48df@group-B2671EB745D2-SegmentedRaftLog:OPENED:c-1,f-1,i0, conf=-1: [50423279-f647-4a18-8e85-347d68eaf856:192.168.69.88:39583, 2ec85f63-33fb-4317-9145-71357d145af9:192.168.69.88:42357, 25d6372c-77fd-4a39-ac2a-e48debad48df:192.168.69.88:39591], old=null
2019-10-15 16:12:05,447 [25d6372c-77fd-4a39-ac2a-e48debad48df@group-B2671EB745D2-LeaderElection252] INFO  impl.RaftServerImpl (RaftServerImpl.java:setRole(184)) - 25d6372c-77fd-4a39-ac2a-e48debad48df@group-B2671EB745D2: changes role from CANDIDATE to FOLLOWER at term 268 for DISCOVERED_A_NEW_TERM
2019-10-15 16:12:05,447 [25d6372c-77fd-4a39-ac2a-e48debad48df@group-B2671EB745D2-LeaderElection252] INFO  impl.RoleInfo (RoleInfo.java:shutdownLeaderElection(134)) - 25d6372c-77fd-4a39-ac2a-e48debad48df: shutdown LeaderElection
2019-10-15 16:12:05,447 [25d6372c-77fd-4a39-ac2a-e48debad48df@group-B2671EB745D2-LeaderElection252] INFO  impl.RoleInfo (RoleInfo.java:updateAndGet(143)) - 25d6372c-77fd-4a39-ac2a-e48debad48df: start FollowerState
2019-10-15 16:12:05,586 [Thread-1874] INFO  impl.FollowerState (FollowerState.java:run(108)) - 25d6372c-77fd-4a39-ac2a-e48debad48df@group-B2671EB745D2-FollowerState: change to CANDIDATE, lastRpcTime:139ms, electionTimeout:139ms
2019-10-15 16:12:05,588 [Thread-1874] INFO  impl.RoleInfo (RoleInfo.java:shutdownFollowerState(121)) - 25d6372c-77fd-4a39-ac2a-e48debad48df: shutdown FollowerState
2019-10-15 16:12:05,588 [Thread-1874] INFO  impl.RaftServerImpl (RaftServerImpl.java:setRole(184)) - 25d6372c-77fd-4a39-ac2a-e48debad48df@group-B2671EB745D2: changes role from  FOLLOWER to CANDIDATE at term 268 for changeToCandidate
2019-10-15 16:12:05,589 [Thread-1874] INFO  impl.RoleInfo (RoleInfo.java:updateAndGet(143)) - 25d6372c-77fd-4a39-ac2a-e48debad48df: start LeaderElection
2019-10-15 16:12:05,603 [25d6372c-77fd-4a39-ac2a-e48debad48df@group-B2671EB745D2-LeaderElection253] INFO  impl.LeaderElection (LeaderElection.java:askForVotes(178)) - 25d6372c-77fd-4a39-ac2a-e48debad48df@group-B2671EB745D2-LeaderElection253: begin an election at term 269 for -1: [50423279-f647-4a18-8e85-347d68eaf856:192.168.69.88:39583, 2ec85f63-33fb-4317-9145-71357d145af9:192.168.69.88:42357, 25d6372c-77fd-4a39-ac2a-e48debad48df:192.168.69.88:39591], old=null
2019-10-15 16:12:05,605 [grpc-default-executor-1] INFO  impl.RaftServerImpl (RaftServerImpl.java:setRole(184)) - 50423279-f647-4a18-8e85-347d68eaf856@group-B2671EB745D2: changes role from  FOLLOWER to FOLLOWER at term 269 for recognizeCandidate:25d6372c-77fd-4a39-ac2a-e48debad48df
2019-10-15 16:12:05,606 [grpc-default-executor-1] INFO  impl.RoleInfo (RoleInfo.java:shutdownFollowerState(121)) - 50423279-f647-4a18-8e85-347d68eaf856: shutdown FollowerState
2019-10-15 16:12:05,606 [grpc-default-executor-1] INFO  impl.RoleInfo (RoleInfo.java:updateAndGet(143)) - 50423279-f647-4a18-8e85-347d68eaf856: start FollowerState
2019-10-15 16:12:05,606 [Thread-1872] INFO  impl.FollowerState (FollowerState.java:run(117)) - 50423279-f647-4a18-8e85-347d68eaf856@group-B2671EB745D2-FollowerState was interrupted: java.lang.InterruptedException: sleep interrupted
2019-10-15 16:12:05,606 [grpc-default-executor-2] INFO  impl.RaftServerImpl (RaftServerImpl.java:setRole(184)) - 2ec85f63-33fb-4317-9145-71357d145af9@group-B2671EB745D2: changes role from  FOLLOWER to FOLLOWER at term 269 for recognizeCandidate:25d6372c-77fd-4a39-ac2a-e48debad48df
2019-10-15 16:12:05,606 [grpc-default-executor-2] INFO  impl.RoleInfo (RoleInfo.java:shutdownFollowerState(121)) - 2ec85f63-33fb-4317-9145-71357d145af9: shutdown FollowerState
2019-10-15 16:12:05,606 [Thread-1873] INFO  impl.FollowerState (FollowerState.java:run(117)) - 2ec85f63-33fb-4317-9145-71357d145af9@group-B2671EB745D2-FollowerState was interrupted: java.lang.InterruptedException: sleep interrupted
2019-10-15 16:12:05,606 [grpc-default-executor-2] INFO  impl.RoleInfo (RoleInfo.java:updateAndGet(143)) - 2ec85f63-33fb-4317-9145-71357d145af9: start FollowerState
2019-10-15 16:12:05,620 [25d6372c-77fd-4a39-ac2a-e48debad48df@group-B2671EB745D2-LeaderElection253] INFO  impl.LeaderElection (LeaderElection.java:logAndReturn(56)) - 25d6372c-77fd-4a39-ac2a-e48debad48df@group-B2671EB745D2-LeaderElection253: Election REJECTED; received 2 response(s) [25d6372c-77fd-4a39-ac2a-e48debad48df<-50423279-f647-4a18-8e85-347d68eaf856#0:FAIL-t269, 25d6372c-77fd-4a39-ac2a-e48debad48df<-2ec85f63-33fb-4317-9145-71357d145af9#0:FAIL-t269] and 0 exception(s); 25d6372c-77fd-4a39-ac2a-e48debad48df@group-B2671EB745D2:t269, leader=null, voted=25d6372c-77fd-4a39-ac2a-e48debad48df, raftlog=25d6372c-77fd-4a39-ac2a-e48debad48df@group-B2671EB745D2-SegmentedRaftLog:OPENED:c-1,f-1,i0, conf=-1: [50423279-f647-4a18-8e85-347d68eaf856:192.168.69.88:39583, 2ec85f63-33fb-4317-9145-71357d145af9:192.168.69.88:42357, 25d6372c-77fd-4a39-ac2a-e48debad48df:192.168.69.88:39591], old=null
2019-10-15 16:12:05,620 [25d6372c-77fd-4a39-ac2a-e48debad48df@group-B2671EB745D2-LeaderElection253] INFO  impl.RaftServerImpl (RaftServerImpl.java:setRole(184)) - 25d6372c-77fd-4a39-ac2a-e48debad48df@group-B2671EB745D2: changes role from CANDIDATE to FOLLOWER at term 269 for DISCOVERED_A_NEW_TERM
2019-10-15 16:12:05,620 [25d6372c-77fd-4a39-ac2a-e48debad48df@group-B2671EB745D2-LeaderElection253] INFO  impl.RoleInfo (RoleInfo.java:shutdownLeaderElection(134)) - 25d6372c-77fd-4a39-ac2a-e48debad48df: shutdown LeaderElection
2019-10-15 16:12:05,621 [25d6372c-77fd-4a39-ac2a-e48debad48df@group-B2671EB745D2-LeaderElection253] INFO  impl.RoleInfo (RoleInfo.java:updateAndGet(143)) - 25d6372c-77fd-4a39-ac2a-e48debad48df: start FollowerState
2019-10-15 16:12:05,785 [Thread-1882] INFO  impl.FollowerState (FollowerState.java:run(108)) - 25d6372c-77fd-4a39-ac2a-e48debad48df@group-B2671EB745D2-FollowerState: change to CANDIDATE, lastRpcTime:164ms, electionTimeout:164ms
2019-10-15 16:12:05,786 [Thread-1882] INFO  impl.RoleInfo (RoleInfo.java:shutdownFollowerState(121)) - 25d6372c-77fd-4a39-ac2a-e48debad48df: shutdown FollowerState
2019-10-15 16:12:05,786 [Thread-1882] INFO  impl.RaftServerImpl (RaftServerImpl.java:setRole(184)) - 25d6372c-77fd-4a39-ac2a-e48debad48df@group-B2671EB745D2: changes role from  FOLLOWER to CANDIDATE at term 269 for changeToCandidate
2019-10-15 16:12:05,787 [Thread-1882] INFO  impl.RoleInfo (RoleInfo.java:updateAndGet(143)) - 25d6372c-77fd-4a39-ac2a-e48debad48df: start LeaderElection
2019-10-15 16:12:05,802 [25d6372c-77fd-4a39-ac2a-e48debad48df@group-B2671EB745D2-LeaderElection254] INFO  impl.LeaderElection (LeaderElection.java:askForVotes(178)) - 25d6372c-77fd-4a39-ac2a-e48debad48df@group-B2671EB745D2-LeaderElection254: begin an election at term 270 for -1: [50423279-f647-4a18-8e85-347d68eaf856:192.168.69.88:39583, 2ec85f63-33fb-4317-9145-71357d145af9:192.168.69.88:42357, 25d6372c-77fd-4a39-ac2a-e48debad48df:192.168.69.88:39591], old=null
2019-10-15 16:12:05,808 [grpc-default-executor-2] INFO  impl.RaftServerImpl (RaftServerImpl.java:setRole(184)) - 50423279-f647-4a18-8e85-347d68eaf856@group-B2671EB745D2: changes role from  FOLLOWER to FOLLOWER at term 270 for recognizeCandidate:25d6372c-77fd-4a39-ac2a-e48debad48df
2019-10-15 16:12:05,808 [grpc-default-executor-1] INFO  impl.RaftServerImpl (RaftServerImpl.java:setRole(184)) - 2ec85f63-33fb-4317-9145-71357d145af9@group-B2671EB745D2: changes role from  FOLLOWER to FOLLOWER at term 270 for recognizeCandidate:25d6372c-77fd-4a39-ac2a-e48debad48df
2019-10-15 16:12:05,808 [grpc-default-executor-2] INFO  impl.RoleInfo (RoleInfo.java:shutdownFollowerState(121)) - 50423279-f647-4a18-8e85-347d68eaf856: shutdown FollowerState
2019-10-15 16:12:05,809 [grpc-default-executor-1] INFO  impl.RoleInfo (RoleInfo.java:shutdownFollowerState(121)) - 2ec85f63-33fb-4317-9145-71357d145af9: shutdown FollowerState
2019-10-15 16:12:05,809 [Thread-1880] INFO  impl.FollowerState (FollowerState.java:run(117)) - 50423279-f647-4a18-8e85-347d68eaf856@group-B2671EB745D2-FollowerState was interrupted: java.lang.InterruptedException: sleep interrupted
2019-10-15 16:12:05,809 [grpc-default-executor-2] INFO  impl.RoleInfo (RoleInfo.java:updateAndGet(143)) - 50423279-f647-4a18-8e85-347d68eaf856: start FollowerState
2019-10-15 16:12:05,810 [grpc-default-executor-1] INFO  impl.RoleInfo (RoleInfo.java:updateAndGet(143)) - 2ec85f63-33fb-4317-9145-71357d145af9: start FollowerState
2019-10-15 16:12:05,810 [Thread-1881] INFO  impl.FollowerState (FollowerState.java:run(117)) - 2ec85f63-33fb-4317-9145-71357d145af9@group-B2671EB745D2-FollowerState was interrupted: java.lang.InterruptedException: sleep interrupted
2019-10-15 16:12:05,827 [25d6372c-77fd-4a39-ac2a-e48debad48df@group-B2671EB745D2-LeaderElection254] INFO  impl.LeaderElection (LeaderElection.java:logAndReturn(56)) - 25d6372c-77fd-4a39-ac2a-e48debad48df@group-B2671EB745D2-LeaderElection254: Election REJECTED; received 2 response(s) [25d6372c-77fd-4a39-ac2a-e48debad48df<-2ec85f63-33fb-4317-9145-71357d145af9#0:FAIL-t270, 25d6372c-77fd-4a39-ac2a-e48debad48df<-50423279-f647-4a18-8e85-347d68eaf856#0:FAIL-t270] and 0 exception(s); 25d6372c-77fd-4a39-ac2a-e48debad48df@group-B2671EB745D2:t270, leader=null, voted=25d6372c-77fd-4a39-ac2a-e48debad48df, raftlog=25d6372c-77fd-4a39-ac2a-e48debad48df@group-B2671EB745D2-SegmentedRaftLog:OPENED:c-1,f-1,i0, conf=-1: [50423279-f647-4a18-8e85-347d68eaf856:192.168.69.88:39583, 2ec85f63-33fb-4317-9145-71357d145af9:192.168.69.88:42357, 25d6372c-77fd-4a39-ac2a-e48debad48df:192.168.69.88:39591], old=null
2019-10-15 16:12:05,827 [25d6372c-77fd-4a39-ac2a-e48debad48df@group-B2671EB745D2-LeaderElection254] INFO  impl.RaftServerImpl (RaftServerImpl.java:setRole(184)) - 25d6372c-77fd-4a39-ac2a-e48debad48df@group-B2671EB745D2: changes role from CANDIDATE to FOLLOWER at term 270 for DISCOVERED_A_NEW_TERM
2019-10-15 16:12:05,827 [25d6372c-77fd-4a39-ac2a-e48debad48df@group-B2671EB745D2-LeaderElection254] INFO  impl.RoleInfo (RoleInfo.java:shutdownLeaderElection(134)) - 25d6372c-77fd-4a39-ac2a-e48debad48df: shutdown LeaderElection
2019-10-15 16:12:05,827 [25d6372c-77fd-4a39-ac2a-e48debad48df@group-B2671EB745D2-LeaderElection254] INFO  impl.RoleInfo (RoleInfo.java:updateAndGet(143)) - 25d6372c-77fd-4a39-ac2a-e48debad48df: start FollowerState
2019-10-15 16:12:05,909 [Thread-1888] INFO  impl.FollowerState (FollowerState.java:run(108)) - 25d6372c-77fd-4a39-ac2a-e48debad48df@group-B2671EB745D2-FollowerState: change to CANDIDATE, lastRpcTime:81ms, electionTimeout:81ms
2019-10-15 16:12:05,909 [Thread-1888] INFO  impl.RoleInfo (RoleInfo.java:shutdownFollowerState(121)) - 25d6372c-77fd-4a39-ac2a-e48debad48df: shutdown FollowerState
2019-10-15 16:12:05,909 [Thread-1888] INFO  impl.RaftServerImpl (RaftServerImpl.java:setRole(184)) - 25d6372c-77fd-4a39-ac2a-e48debad48df@group-B2671EB745D2: changes role from  FOLLOWER to CANDIDATE at term 270 for changeToCandidate
2019-10-15 16:12:05,909 [Thread-1888] INFO  impl.RoleInfo (RoleInfo.java:updateAndGet(143)) - 25d6372c-77fd-4a39-ac2a-e48debad48df: start LeaderElection
2019-10-15 16:12:05,914 [25d6372c-77fd-4a39-ac2a-e48debad48df@group-B2671EB745D2-LeaderElection255] INFO  impl.LeaderElection (LeaderElection.java:askForVotes(178)) - 25d6372c-77fd-4a39-ac2a-e48debad48df@group-B2671EB745D2-LeaderElection255: begin an election at term 271 for -1: [50423279-f647-4a18-8e85-347d68eaf856:192.168.69.88:39583, 2ec85f63-33fb-4317-9145-71357d145af9:192.168.69.88:42357, 25d6372c-77fd-4a39-ac2a-e48debad48df:192.168.69.88:39591], old=null
2019-10-15 16:12:05,917 [grpc-default-executor-1] INFO  impl.RaftServerImpl (RaftServerImpl.java:setRole(184)) - 2ec85f63-33fb-4317-9145-71357d145af9@group-B2671EB745D2: changes role from  FOLLOWER to FOLLOWER at term 271 for recognizeCandidate:25d6372c-77fd-4a39-ac2a-e48debad48df
2019-10-15 16:12:05,917 [grpc-default-executor-2] INFO  impl.RaftServerImpl (RaftServerImpl.java:setRole(184)) - 50423279-f647-4a18-8e85-347d68eaf856@group-B2671EB745D2: changes role from  FOLLOWER to FOLLOWER at term 271 for recognizeCandidate:25d6372c-77fd-4a39-ac2a-e48debad48df
2019-10-15 16:12:05,917 [grpc-default-executor-1] INFO  impl.RoleInfo (RoleInfo.java:shutdownFollowerState(121)) - 2ec85f63-33fb-4317-9145-71357d145af9: shutdown FollowerState
2019-10-15 16:12:05,917 [grpc-default-executor-2] INFO  impl.RoleInfo (RoleInfo.java:shutdownFollowerState(121)) - 50423279-f647-4a18-8e85-347d68eaf856: shutdown FollowerState
2019-10-15 16:12:05,917 [Thread-1887] INFO  impl.FollowerState (FollowerState.java:run(117)) - 2ec85f63-33fb-4317-9145-71357d145af9@group-B2671EB745D2-FollowerState was interrupted: java.lang.InterruptedException: sleep interrupted
2019-10-15 16:12:05,918 [Thread-1886] INFO  impl.FollowerState (FollowerState.java:run(117)) - 50423279-f647-4a18-8e85-347d68eaf856@group-B2671EB745D2-FollowerState was interrupted: java.lang.InterruptedException: sleep interrupted
2019-10-15 16:12:05,917 [grpc-default-executor-1] INFO  impl.RoleInfo (RoleInfo.java:updateAndGet(143)) - 2ec85f63-33fb-4317-9145-71357d145af9: start FollowerState
2019-10-15 16:12:05,918 [grpc-default-executor-2] INFO  impl.RoleInfo (RoleInfo.java:updateAndGet(143)) - 50423279-f647-4a18-8e85-347d68eaf856: start FollowerState
2019-10-15 16:12:05,924 [25d6372c-77fd-4a39-ac2a-e48debad48df@group-B2671EB745D2-LeaderElection255] INFO  impl.LeaderElection (LeaderElection.java:logAndReturn(56)) - 25d6372c-77fd-4a39-ac2a-e48debad48df@group-B2671EB745D2-LeaderElection255: Election REJECTED; received 2 response(s) [25d6372c-77fd-4a39-ac2a-e48debad48df<-50423279-f647-4a18-8e85-347d68eaf856#0:FAIL-t271, 25d6372c-77fd-4a39-ac2a-e48debad48df<-2ec85f63-33fb-4317-9145-71357d145af9#0:FAIL-t271] and 0 exception(s); 25d6372c-77fd-4a39-ac2a-e48debad48df@group-B2671EB745D2:t271, leader=null, voted=25d6372c-77fd-4a39-ac2a-e48debad48df, raftlog=25d6372c-77fd-4a39-ac2a-e48debad48df@group-B2671EB745D2-SegmentedRaftLog:OPENED:c-1,f-1,i0, conf=-1: [50423279-f647-4a18-8e85-347d68eaf856:192.168.69.88:39583, 2ec85f63-33fb-4317-9145-71357d145af9:192.168.69.88:42357, 25d6372c-77fd-4a39-ac2a-e48debad48df:192.168.69.88:39591], old=null
2019-10-15 16:12:05,924 [25d6372c-77fd-4a39-ac2a-e48debad48df@group-B2671EB745D2-LeaderElection255] INFO  impl.RaftServerImpl (RaftServerImpl.java:setRole(184)) - 25d6372c-77fd-4a39-ac2a-e48debad48df@group-B2671EB745D2: changes role from CANDIDATE to FOLLOWER at term 271 for DISCOVERED_A_NEW_TERM
2019-10-15 16:12:05,924 [25d6372c-77fd-4a39-ac2a-e48debad48df@group-B2671EB745D2-LeaderElection255] INFO  impl.RoleInfo (RoleInfo.java:shutdownLeaderElection(134)) - 25d6372c-77fd-4a39-ac2a-e48debad48df: shutdown LeaderElection
2019-10-15 16:12:05,924 [25d6372c-77fd-4a39-ac2a-e48debad48df@group-B2671EB745D2-LeaderElection255] INFO  impl.RoleInfo (RoleInfo.java:updateAndGet(143)) - 25d6372c-77fd-4a39-ac2a-e48debad48df: start FollowerState
2019-10-15 16:12:05,980 [Thread-1894] INFO  impl.FollowerState (FollowerState.java:run(108)) - 25d6372c-77fd-4a39-ac2a-e48debad48df@group-B2671EB745D2-FollowerState: change to CANDIDATE, lastRpcTime:55ms, electionTimeout:55ms
2019-10-15 16:12:05,980 [Thread-1894] INFO  impl.RoleInfo (RoleInfo.java:shutdownFollowerState(121)) - 25d6372c-77fd-4a39-ac2a-e48debad48df: shutdown FollowerState
2019-10-15 16:12:05,980 [Thread-1894] INFO  impl.RaftServerImpl (RaftServerImpl.java:setRole(184)) - 25d6372c-77fd-4a39-ac2a-e48debad48df@group-B2671EB745D2: changes role from  FOLLOWER to CANDIDATE at term 271 for changeToCandidate
2019-10-15 16:12:05,980 [Thread-1894] INFO  impl.RoleInfo (RoleInfo.java:updateAndGet(143)) - 25d6372c-77fd-4a39-ac2a-e48debad48df: start LeaderElection
2019-10-15 16:12:05,985 [25d6372c-77fd-4a39-ac2a-e48debad48df@group-B2671EB745D2-LeaderElection256] INFO  impl.LeaderElection (LeaderElection.java:askForVotes(178)) - 25d6372c-77fd-4a39-ac2a-e48debad48df@group-B2671EB745D2-LeaderElection256: begin an election at term 272 for -1: [50423279-f647-4a18-8e85-347d68eaf856:192.168.69.88:39583, 2ec85f63-33fb-4317-9145-71357d145af9:192.168.69.88:42357, 25d6372c-77fd-4a39-ac2a-e48debad48df:192.168.69.88:39591], old=null
2019-10-15 16:12:05,987 [grpc-default-executor-1] INFO  impl.RaftServerImpl (RaftServerImpl.java:setRole(184)) - 50423279-f647-4a18-8e85-347d68eaf856@group-B2671EB745D2: changes role from  FOLLOWER to FOLLOWER at term 272 for recognizeCandidate:25d6372c-77fd-4a39-ac2a-e48debad48df
2019-10-15 16:12:05,988 [grpc-default-executor-1] INFO  impl.RoleInfo (RoleInfo.java:shutdownFollowerState(121)) - 50423279-f647-4a18-8e85-347d68eaf856: shutdown FollowerState
2019-10-15 16:12:05,988 [grpc-default-executor-1] INFO  impl.RoleInfo (RoleInfo.java:updateAndGet(143)) - 50423279-f647-4a18-8e85-347d68eaf856: start FollowerState
2019-10-15 16:12:05,988 [Thread-1893] INFO  impl.FollowerState (FollowerState.java:run(117)) - 50423279-f647-4a18-8e85-347d68eaf856@group-B2671EB745D2-FollowerState was interrupted: java.lang.InterruptedException: sleep interrupted
2019-10-15 16:12:05,988 [grpc-default-executor-2] INFO  impl.RaftServerImpl (RaftServerImpl.java:setRole(184)) - 2ec85f63-33fb-4317-9145-71357d145af9@group-B2671EB745D2: changes role from  FOLLOWER to FOLLOWER at term 272 for recognizeCandidate:25d6372c-77fd-4a39-ac2a-e48debad48df
2019-10-15 16:12:05,988 [grpc-default-executor-2] INFO  impl.RoleInfo (RoleInfo.java:shutdownFollowerState(121)) - 2ec85f63-33fb-4317-9145-71357d145af9: shutdown FollowerState
2019-10-15 16:12:05,988 [grpc-default-executor-2] INFO  impl.RoleInfo (RoleInfo.java:updateAndGet(143)) - 2ec85f63-33fb-4317-9145-71357d145af9: start FollowerState
2019-10-15 16:12:05,988 [Thread-1892] INFO  impl.FollowerState (FollowerState.java:run(117)) - 2ec85f63-33fb-4317-9145-71357d145af9@group-B2671EB745D2-FollowerState was interrupted: java.lang.InterruptedException: sleep interrupted
2019-10-15 16:12:06,005 [25d6372c-77fd-4a39-ac2a-e48debad48df@group-B2671EB745D2-LeaderElection256] INFO  impl.LeaderElection (LeaderElection.java:logAndReturn(56)) - 25d6372c-77fd-4a39-ac2a-e48debad48df@group-B2671EB745D2-LeaderElection256: Election REJECTED; received 2 response(s) [25d6372c-77fd-4a39-ac2a-e48debad48df<-2ec85f63-33fb-4317-9145-71357d145af9#0:FAIL-t272, 25d6372c-77fd-4a39-ac2a-e48debad48df<-50423279-f647-4a18-8e85-347d68eaf856#0:FAIL-t272] and 0 exception(s); 25d6372c-77fd-4a39-ac2a-e48debad48df@group-B2671EB745D2:t272, leader=null, voted=25d6372c-77fd-4a39-ac2a-e48debad48df, raftlog=25d6372c-77fd-4a39-ac2a-e48debad48df@group-B2671EB745D2-SegmentedRaftLog:OPENED:c-1,f-1,i0, conf=-1: [50423279-f647-4a18-8e85-347d68eaf856:192.168.69.88:39583, 2ec85f63-33fb-4317-9145-71357d145af9:192.168.69.88:42357, 25d6372c-77fd-4a39-ac2a-e48debad48df:192.168.69.88:39591], old=null
2019-10-15 16:12:06,005 [25d6372c-77fd-4a39-ac2a-e48debad48df@group-B2671EB745D2-LeaderElection256] INFO  impl.RaftServerImpl (RaftServerImpl.java:setRole(184)) - 25d6372c-77fd-4a39-ac2a-e48debad48df@group-B2671EB745D2: changes role from CANDIDATE to FOLLOWER at term 272 for DISCOVERED_A_NEW_TERM
2019-10-15 16:12:06,005 [25d6372c-77fd-4a39-ac2a-e48debad48df@group-B2671EB745D2-LeaderElection256] INFO  impl.RoleInfo (RoleInfo.java:shutdownLeaderElection(134)) - 25d6372c-77fd-4a39-ac2a-e48debad48df: shutdown LeaderElection
2019-10-15 16:12:06,006 [25d6372c-77fd-4a39-ac2a-e48debad48df@group-B2671EB745D2-LeaderElection256] INFO  impl.RoleInfo (RoleInfo.java:updateAndGet(143)) - 25d6372c-77fd-4a39-ac2a-e48debad48df: start FollowerState
2019-10-15 16:12:06,104 [Thread-1900] INFO  impl.FollowerState (FollowerState.java:run(108)) - 25d6372c-77fd-4a39-ac2a-e48debad48df@group-B2671EB745D2-FollowerState: change to CANDIDATE, lastRpcTime:98ms, electionTimeout:98ms
2019-10-15 16:12:06,104 [Thread-1900] INFO  impl.RoleInfo (RoleInfo.java:shutdownFollowerState(121)) - 25d6372c-77fd-4a39-ac2a-e48debad48df: shutdown FollowerState
2019-10-15 16:12:06,105 [Thread-1900] INFO  impl.RaftServerImpl (RaftServerImpl.java:setRole(184)) - 25d6372c-77fd-4a39-ac2a-e48debad48df@group-B2671EB745D2: changes role from  FOLLOWER to CANDIDATE at term 272 for changeToCandidate
2019-10-15 16:12:06,105 [Thread-1900] INFO  impl.RoleInfo (RoleInfo.java:updateAndGet(143)) - 25d6372c-77fd-4a39-ac2a-e48debad48df: start LeaderElection
2019-10-15 16:12:06,119 [25d6372c-77fd-4a39-ac2a-e48debad48df@group-B2671EB745D2-LeaderElection257] INFO  impl.LeaderElection (LeaderElection.java:askForVotes(178)) - 25d6372c-77fd-4a39-ac2a-e48debad48df@group-B2671EB745D2-LeaderElection257: begin an election at term 273 for -1: [50423279-f647-4a18-8e85-347d68eaf856:192.168.69.88:39583, 2ec85f63-33fb-4317-9145-71357d145af9:192.168.69.88:42357, 25d6372c-77fd-4a39-ac2a-e48debad48df:192.168.69.88:39591], old=null
2019-10-15 16:12:06,121 [grpc-default-executor-1] INFO  impl.RaftServerImpl (RaftServerImpl.java:setRole(184)) - 2ec85f63-33fb-4317-9145-71357d145af9@group-B2671EB745D2: changes role from  FOLLOWER to FOLLOWER at term 273 for recognizeCandidate:25d6372c-77fd-4a39-ac2a-e48debad48df
2019-10-15 16:12:06,121 [grpc-default-executor-2] INFO  impl.RaftServerImpl (RaftServerImpl.java:setRole(184)) - 50423279-f647-4a18-8e85-347d68eaf856@group-B2671EB745D2: changes role from  FOLLOWER to FOLLOWER at term 273 for recognizeCandidate:25d6372c-77fd-4a39-ac2a-e48debad48df
2019-10-15 16:12:06,122 [grpc-default-executor-1] INFO  impl.RoleInfo (RoleInfo.java:shutdownFollowerState(121)) - 2ec85f63-33fb-4317-9145-71357d145af9: shutdown FollowerState
2019-10-15 16:12:06,122 [grpc-default-executor-2] INFO  impl.RoleInfo (RoleInfo.java:shutdownFollowerState(121)) - 50423279-f647-4a18-8e85-347d68eaf856: shutdown FollowerState
2019-10-15 16:12:06,122 [Thread-1899] INFO  impl.FollowerState (FollowerState.java:run(117)) - 2ec85f63-33fb-4317-9145-71357d145af9@group-B2671EB745D2-FollowerState was interrupted: java.lang.InterruptedException: sleep interrupted
2019-10-15 16:12:06,122 [grpc-default-executor-1] INFO  impl.RoleInfo (RoleInfo.java:updateAndGet(143)) - 2ec85f63-33fb-4317-9145-71357d145af9: start FollowerState
2019-10-15 16:12:06,122 [Thread-1898] INFO  impl.FollowerState (FollowerState.java:run(117)) - 50423279-f647-4a18-8e85-347d68eaf856@group-B2671EB745D2-FollowerState was interrupted: java.lang.InterruptedException: sleep interrupted
2019-10-15 16:12:06,122 [grpc-default-executor-2] INFO  impl.RoleInfo (RoleInfo.java:updateAndGet(143)) - 50423279-f647-4a18-8e85-347d68eaf856: start FollowerState
2019-10-15 16:12:06,137 [25d6372c-77fd-4a39-ac2a-e48debad48df@group-B2671EB745D2-LeaderElection257] INFO  impl.LeaderElection (LeaderElection.java:logAndReturn(56)) - 25d6372c-77fd-4a39-ac2a-e48debad48df@group-B2671EB745D2-LeaderElection257: Election REJECTED; received 2 response(s) [25d6372c-77fd-4a39-ac2a-e48debad48df<-2ec85f63-33fb-4317-9145-71357d145af9#0:FAIL-t273, 25d6372c-77fd-4a39-ac2a-e48debad48df<-50423279-f647-4a18-8e85-347d68eaf856#0:FAIL-t273] and 0 exception(s); 25d6372c-77fd-4a39-ac2a-e48debad48df@group-B2671EB745D2:t273, leader=null, voted=25d6372c-77fd-4a39-ac2a-e48debad48df, raftlog=25d6372c-77fd-4a39-ac2a-e48debad48df@group-B2671EB745D2-SegmentedRaftLog:OPENED:c-1,f-1,i0, conf=-1: [50423279-f647-4a18-8e85-347d68eaf856:192.168.69.88:39583, 2ec85f63-33fb-4317-9145-71357d145af9:192.168.69.88:42357, 25d6372c-77fd-4a39-ac2a-e48debad48df:192.168.69.88:39591], old=null
2019-10-15 16:12:06,137 [25d6372c-77fd-4a39-ac2a-e48debad48df@group-B2671EB745D2-LeaderElection257] INFO  impl.RaftServerImpl (RaftServerImpl.java:setRole(184)) - 25d6372c-77fd-4a39-ac2a-e48debad48df@group-B2671EB745D2: changes role from CANDIDATE to FOLLOWER at term 273 for DISCOVERED_A_NEW_TERM
2019-10-15 16:12:06,137 [25d6372c-77fd-4a39-ac2a-e48debad48df@group-B2671EB745D2-LeaderElection257] INFO  impl.RoleInfo (RoleInfo.java:shutdownLeaderElection(134)) - 25d6372c-77fd-4a39-ac2a-e48debad48df: shutdown LeaderElection
2019-10-15 16:12:06,137 [25d6372c-77fd-4a39-ac2a-e48debad48df@group-B2671EB745D2-LeaderElection257] INFO  impl.RoleInfo (RoleInfo.java:updateAndGet(143)) - 25d6372c-77fd-4a39-ac2a-e48debad48df: start FollowerState
2019-10-15 16:12:06,332 [Thread-1906] INFO  impl.FollowerState (FollowerState.java:run(108)) - 25d6372c-77fd-4a39-ac2a-e48debad48df@group-B2671EB745D2-FollowerState: change to CANDIDATE, lastRpcTime:194ms, electionTimeout:194ms
2019-10-15 16:12:06,332 [Thread-1906] INFO  impl.RoleInfo (RoleInfo.java:shutdownFollowerState(121)) - 25d6372c-77fd-4a39-ac2a-e48debad48df: shutdown FollowerState
2019-10-15 16:12:06,332 [Thread-1906] INFO  impl.RaftServerImpl (RaftServerImpl.java:setRole(184)) - 25d6372c-77fd-4a39-ac2a-e48debad48df@group-B2671EB745D2: changes role from  FOLLOWER to CANDIDATE at term 273 for changeToCandidate
2019-10-15 16:12:06,332 [Thread-1906] INFO  impl.RoleInfo (RoleInfo.java:updateAndGet(143)) - 25d6372c-77fd-4a39-ac2a-e48debad48df: start LeaderElection
2019-10-15 16:12:06,346 [25d6372c-77fd-4a39-ac2a-e48debad48df@group-B2671EB745D2-LeaderElection258] INFO  impl.LeaderElection (LeaderElection.java:askForVotes(178)) - 25d6372c-77fd-4a39-ac2a-e48debad48df@group-B2671EB745D2-LeaderElection258: begin an election at term 274 for -1: [50423279-f647-4a18-8e85-347d68eaf856:192.168.69.88:39583, 2ec85f63-33fb-4317-9145-71357d145af9:192.168.69.88:42357, 25d6372c-77fd-4a39-ac2a-e48debad48df:192.168.69.88:39591], old=null
2019-10-15 16:12:06,348 [grpc-default-executor-1] INFO  impl.RaftServerImpl (RaftServerImpl.java:setRole(184)) - 50423279-f647-4a18-8e85-347d68eaf856@group-B2671EB745D2: changes role from  FOLLOWER to FOLLOWER at term 274 for recognizeCandidate:25d6372c-77fd-4a39-ac2a-e48debad48df
2019-10-15 16:12:06,348 [grpc-default-executor-2] INFO  impl.RaftServerImpl (RaftServerImpl.java:setRole(184)) - 2ec85f63-33fb-4317-9145-71357d145af9@group-B2671EB745D2: changes role from  FOLLOWER to FOLLOWER at term 274 for recognizeCandidate:25d6372c-77fd-4a39-ac2a-e48debad48df
2019-10-15 16:12:06,348 [grpc-default-executor-1] INFO  impl.RoleInfo (RoleInfo.java:shutdownFollowerState(121)) - 50423279-f647-4a18-8e85-347d68eaf856: shutdown FollowerState
2019-10-15 16:12:06,348 [grpc-default-executor-2] INFO  impl.RoleInfo (RoleInfo.java:shutdownFollowerState(121)) - 2ec85f63-33fb-4317-9145-71357d145af9: shutdown FollowerState
2019-10-15 16:12:06,348 [Thread-1905] INFO  impl.FollowerState (FollowerState.java:run(117)) - 50423279-f647-4a18-8e85-347d68eaf856@group-B2671EB745D2-FollowerState was interrupted: java.lang.InterruptedException: sleep interrupted
2019-10-15 16:12:06,348 [grpc-default-executor-1] INFO  impl.RoleInfo (RoleInfo.java:updateAndGet(143)) - 50423279-f647-4a18-8e85-347d68eaf856: start FollowerState
2019-10-15 16:12:06,349 [Thread-1904] INFO  impl.FollowerState (FollowerState.java:run(117)) - 2ec85f63-33fb-4317-9145-71357d145af9@group-B2671EB745D2-FollowerState was interrupted: java.lang.InterruptedException: sleep interrupted
2019-10-15 16:12:06,349 [grpc-default-executor-2] INFO  impl.RoleInfo (RoleInfo.java:updateAndGet(143)) - 2ec85f63-33fb-4317-9145-71357d145af9: start FollowerState
2019-10-15 16:12:06,363 [25d6372c-77fd-4a39-ac2a-e48debad48df@group-B2671EB745D2-LeaderElection258] INFO  impl.LeaderElection (LeaderElection.java:logAndReturn(56)) - 25d6372c-77fd-4a39-ac2a-e48debad48df@group-B2671EB745D2-LeaderElection258: Election REJECTED; received 2 response(s) [25d6372c-77fd-4a39-ac2a-e48debad48df<-50423279-f647-4a18-8e85-347d68eaf856#0:FAIL-t274, 25d6372c-77fd-4a39-ac2a-e48debad48df<-2ec85f63-33fb-4317-9145-71357d145af9#0:FAIL-t274] and 0 exception(s); 25d6372c-77fd-4a39-ac2a-e48debad48df@group-B2671EB745D2:t274, leader=null, voted=25d6372c-77fd-4a39-ac2a-e48debad48df, raftlog=25d6372c-77fd-4a39-ac2a-e48debad48df@group-B2671EB745D2-SegmentedRaftLog:OPENED:c-1,f-1,i0, conf=-1: [50423279-f647-4a18-8e85-347d68eaf856:192.168.69.88:39583, 2ec85f63-33fb-4317-9145-71357d145af9:192.168.69.88:42357, 25d6372c-77fd-4a39-ac2a-e48debad48df:192.168.69.88:39591], old=null
2019-10-15 16:12:06,363 [25d6372c-77fd-4a39-ac2a-e48debad48df@group-B2671EB745D2-LeaderElection258] INFO  impl.RaftServerImpl (RaftServerImpl.java:setRole(184)) - 25d6372c-77fd-4a39-ac2a-e48debad48df@group-B2671EB745D2: changes role from CANDIDATE to FOLLOWER at term 274 for DISCOVERED_A_NEW_TERM
2019-10-15 16:12:06,364 [25d6372c-77fd-4a39-ac2a-e48debad48df@group-B2671EB745D2-LeaderElection258] INFO  impl.RoleInfo (RoleInfo.java:shutdownLeaderElection(134)) - 25d6372c-77fd-4a39-ac2a-e48debad48df: shutdown LeaderElection
2019-10-15 16:12:06,364 [25d6372c-77fd-4a39-ac2a-e48debad48df@group-B2671EB745D2-LeaderElection258] INFO  impl.RoleInfo (RoleInfo.java:updateAndGet(143)) - 25d6372c-77fd-4a39-ac2a-e48debad48df: start FollowerState
2019-10-15 16:12:06,400 [Thread-1912] INFO  impl.FollowerState (FollowerState.java:run(108)) - 25d6372c-77fd-4a39-ac2a-e48debad48df@group-B2671EB745D2-FollowerState: change to CANDIDATE, lastRpcTime:36ms, electionTimeout:36ms
2019-10-15 16:12:06,400 [Thread-1912] INFO  impl.RoleInfo (RoleInfo.java:shutdownFollowerState(121)) - 25d6372c-77fd-4a39-ac2a-e48debad48df: shutdown FollowerState
2019-10-15 16:12:06,400 [Thread-1912] INFO  impl.RaftServerImpl (RaftServerImpl.java:setRole(184)) - 25d6372c-77fd-4a39-ac2a-e48debad48df@group-B2671EB745D2: changes role from  FOLLOWER to CANDIDATE at term 274 for changeToCandidate
2019-10-15 16:12:06,401 [Thread-1912] INFO  impl.RoleInfo (RoleInfo.java:updateAndGet(143)) - 25d6372c-77fd-4a39-ac2a-e48debad48df: start LeaderElection
2019-10-15 16:12:06,414 [25d6372c-77fd-4a39-ac2a-e48debad48df@group-B2671EB745D2-LeaderElection259] INFO  impl.LeaderElection (LeaderElection.java:askForVotes(178)) - 25d6372c-77fd-4a39-ac2a-e48debad48df@group-B2671EB745D2-LeaderElection259: begin an election at term 275 for -1: [50423279-f647-4a18-8e85-347d68eaf856:192.168.69.88:39583, 2ec85f63-33fb-4317-9145-71357d145af9:192.168.69.88:42357, 25d6372c-77fd-4a39-ac2a-e48debad48df:192.168.69.88:39591], old=null
2019-10-15 16:12:06,417 [grpc-default-executor-1] INFO  impl.RaftServerImpl (RaftServerImpl.java:setRole(184)) - 50423279-f647-4a18-8e85-347d68eaf856@group-B2671EB745D2: changes role from  FOLLOWER to FOLLOWER at term 275 for recognizeCandidate:25d6372c-77fd-4a39-ac2a-e48debad48df
2019-10-15 16:12:06,417 [grpc-default-executor-1] INFO  impl.RoleInfo (RoleInfo.java:shutdownFollowerState(121)) - 50423279-f647-4a18-8e85-347d68eaf856: shutdown FollowerState
2019-10-15 16:12:06,417 [grpc-default-executor-1] INFO  impl.RoleInfo (RoleInfo.java:updateAndGet(143)) - 50423279-f647-4a18-8e85-347d68eaf856: start FollowerState
2019-10-15 16:12:06,417 [grpc-default-executor-2] INFO  impl.RaftServerImpl (RaftServerImpl.java:setRole(184)) - 2ec85f63-33fb-4317-9145-71357d145af9@group-B2671EB745D2: changes role from  FOLLOWER to FOLLOWER at term 275 for recognizeCandidate:25d6372c-77fd-4a39-ac2a-e48debad48df
2019-10-15 16:12:06,417 [Thread-1910] INFO  impl.FollowerState (FollowerState.java:run(117)) - 50423279-f647-4a18-8e85-347d68eaf856@group-B2671EB745D2-FollowerState was interrupted: java.lang.InterruptedException: sleep interrupted
2019-10-15 16:12:06,417 [grpc-default-executor-2] INFO  impl.RoleInfo (RoleInfo.java:shutdownFollowerState(121)) - 2ec85f63-33fb-4317-9145-71357d145af9: shutdown FollowerState
2019-10-15 16:12:06,417 [grpc-default-executor-2] INFO  impl.RoleInfo (RoleInfo.java:updateAndGet(143)) - 2ec85f63-33fb-4317-9145-71357d145af9: start FollowerState
2019-10-15 16:12:06,418 [Thread-1911] INFO  impl.FollowerState (FollowerState.java:run(117)) - 2ec85f63-33fb-4317-9145-71357d145af9@group-B2671EB745D2-FollowerState was interrupted: java.lang.InterruptedException: sleep interrupted
2019-10-15 16:12:06,431 [25d6372c-77fd-4a39-ac2a-e48debad48df@group-B2671EB745D2-LeaderElection259] INFO  impl.LeaderElection (LeaderElection.java:logAndReturn(56)) - 25d6372c-77fd-4a39-ac2a-e48debad48df@group-B2671EB745D2-LeaderElection259: Election REJECTED; received 2 response(s) [25d6372c-77fd-4a39-ac2a-e48debad48df<-50423279-f647-4a18-8e85-347d68eaf856#0:FAIL-t275, 25d6372c-77fd-4a39-ac2a-e48debad48df<-2ec85f63-33fb-4317-9145-71357d145af9#0:FAIL-t275] and 0 exception(s); 25d6372c-77fd-4a39-ac2a-e48debad48df@group-B2671EB745D2:t275, leader=null, voted=25d6372c-77fd-4a39-ac2a-e48debad48df, raftlog=25d6372c-77fd-4a39-ac2a-e48debad48df@group-B2671EB745D2-SegmentedRaftLog:OPENED:c-1,f-1,i0, conf=-1: [50423279-f647-4a18-8e85-347d68eaf856:192.168.69.88:39583, 2ec85f63-33fb-4317-9145-71357d145af9:192.168.69.88:42357, 25d6372c-77fd-4a39-ac2a-e48debad48df:192.168.69.88:39591], old=null
2019-10-15 16:12:06,431 [25d6372c-77fd-4a39-ac2a-e48debad48df@group-B2671EB745D2-LeaderElection259] INFO  impl.RaftServerImpl (RaftServerImpl.java:setRole(184)) - 25d6372c-77fd-4a39-ac2a-e48debad48df@group-B2671EB745D2: changes role from CANDIDATE to FOLLOWER at term 275 for DISCOVERED_A_NEW_TERM
2019-10-15 16:12:06,431 [25d6372c-77fd-4a39-ac2a-e48debad48df@group-B2671EB745D2-LeaderElection259] INFO  impl.RoleInfo (RoleInfo.java:shutdownLeaderElection(134)) - 25d6372c-77fd-4a39-ac2a-e48debad48df: shutdown LeaderElection
2019-10-15 16:12:06,431 [25d6372c-77fd-4a39-ac2a-e48debad48df@group-B2671EB745D2-LeaderElection259] INFO  impl.RoleInfo (RoleInfo.java:updateAndGet(143)) - 25d6372c-77fd-4a39-ac2a-e48debad48df: start FollowerState
2019-10-15 16:12:06,500 [Thread-1918] INFO  impl.FollowerState (FollowerState.java:run(108)) - 25d6372c-77fd-4a39-ac2a-e48debad48df@group-B2671EB745D2-FollowerState: change to CANDIDATE, lastRpcTime:68ms, electionTimeout:68ms
2019-10-15 16:12:06,500 [Thread-1918] INFO  impl.RoleInfo (RoleInfo.java:shutdownFollowerState(121)) - 25d6372c-77fd-4a39-ac2a-e48debad48df: shutdown FollowerState
2019-10-15 16:12:06,500 [Thread-1918] INFO  impl.RaftServerImpl (RaftServerImpl.java:setRole(184)) - 25d6372c-77fd-4a39-ac2a-e48debad48df@group-B2671EB745D2: changes role from  FOLLOWER to CANDIDATE at term 275 for changeToCandidate
2019-10-15 16:12:06,500 [Thread-1918] INFO  impl.RoleInfo (RoleInfo.java:updateAndGet(143)) - 25d6372c-77fd-4a39-ac2a-e48debad48df: start LeaderElection
2019-10-15 16:12:06,514 [25d6372c-77fd-4a39-ac2a-e48debad48df@group-B2671EB745D2-LeaderElection260] INFO  impl.LeaderElection (LeaderElection.java:askForVotes(178)) - 25d6372c-77fd-4a39-ac2a-e48debad48df@group-B2671EB745D2-LeaderElection260: begin an election at term 276 for -1: [50423279-f647-4a18-8e85-347d68eaf856:192.168.69.88:39583, 2ec85f63-33fb-4317-9145-71357d145af9:192.168.69.88:42357, 25d6372c-77fd-4a39-ac2a-e48debad48df:192.168.69.88:39591], old=null
2019-10-15 16:12:06,516 [grpc-default-executor-1] INFO  impl.RaftServerImpl (RaftServerImpl.java:setRole(184)) - 50423279-f647-4a18-8e85-347d68eaf856@group-B2671EB745D2: changes role from  FOLLOWER to FOLLOWER at term 276 for recognizeCandidate:25d6372c-77fd-4a39-ac2a-e48debad48df
2019-10-15 16:12:06,516 [grpc-default-executor-1] INFO  impl.RoleInfo (RoleInfo.java:shutdownFollowerState(121)) - 50423279-f647-4a18-8e85-347d68eaf856: shutdown FollowerState
2019-10-15 16:12:06,516 [grpc-default-executor-2] INFO  impl.RaftServerImpl (RaftServerImpl.java:setRole(184)) - 2ec85f63-33fb-4317-9145-71357d145af9@group-B2671EB745D2: changes role from  FOLLOWER to FOLLOWER at term 276 for recognizeCandidate:25d6372c-77fd-4a39-ac2a-e48debad48df
2019-10-15 16:12:06,516 [Thread-1916] INFO  impl.FollowerState (FollowerState.java:run(117)) - 50423279-f647-4a18-8e85-347d68eaf856@group-B2671EB745D2-FollowerState was interrupted: java.lang.InterruptedException: sleep interrupted
2019-10-15 16:12:06,516 [grpc-default-executor-1] INFO  impl.RoleInfo (RoleInfo.java:updateAndGet(143)) - 50423279-f647-4a18-8e85-347d68eaf856: start FollowerState
2019-10-15 16:12:06,516 [grpc-default-executor-2] INFO  impl.RoleInfo (RoleInfo.java:shutdownFollowerState(121)) - 2ec85f63-33fb-4317-9145-71357d145af9: shutdown FollowerState
2019-10-15 16:12:06,517 [grpc-default-executor-2] INFO  impl.RoleInfo (RoleInfo.java:updateAndGet(143)) - 2ec85f63-33fb-4317-9145-71357d145af9: start FollowerState
2019-10-15 16:12:06,517 [Thread-1917] INFO  impl.FollowerState (FollowerState.java:run(117)) - 2ec85f63-33fb-4317-9145-71357d145af9@group-B2671EB745D2-FollowerState was interrupted: java.lang.InterruptedException: sleep interrupted
2019-10-15 16:12:06,531 [25d6372c-77fd-4a39-ac2a-e48debad48df@group-B2671EB745D2-LeaderElection260] INFO  impl.LeaderElection (LeaderElection.java:logAndReturn(56)) - 25d6372c-77fd-4a39-ac2a-e48debad48df@group-B2671EB745D2-LeaderElection260: Election REJECTED; received 2 response(s) [25d6372c-77fd-4a39-ac2a-e48debad48df<-2ec85f63-33fb-4317-9145-71357d145af9#0:FAIL-t276, 25d6372c-77fd-4a39-ac2a-e48debad48df<-50423279-f647-4a18-8e85-347d68eaf856#0:FAIL-t276] and 0 exception(s); 25d6372c-77fd-4a39-ac2a-e48debad48df@group-B2671EB745D2:t276, leader=null, voted=25d6372c-77fd-4a39-ac2a-e48debad48df, raftlog=25d6372c-77fd-4a39-ac2a-e48debad48df@group-B2671EB745D2-SegmentedRaftLog:OPENED:c-1,f-1,i0, conf=-1: [50423279-f647-4a18-8e85-347d68eaf856:192.168.69.88:39583, 2ec85f63-33fb-4317-9145-71357d145af9:192.168.69.88:42357, 25d6372c-77fd-4a39-ac2a-e48debad48df:192.168.69.88:39591], old=null
2019-10-15 16:12:06,531 [25d6372c-77fd-4a39-ac2a-e48debad48df@group-B2671EB745D2-LeaderElection260] INFO  impl.RaftServerImpl (RaftServerImpl.java:setRole(184)) - 25d6372c-77fd-4a39-ac2a-e48debad48df@group-B2671EB745D2: changes role from CANDIDATE to FOLLOWER at term 276 for DISCOVERED_A_NEW_TERM
2019-10-15 16:12:06,531 [25d6372c-77fd-4a39-ac2a-e48debad48df@group-B2671EB745D2-LeaderElection260] INFO  impl.RoleInfo (RoleInfo.java:shutdownLeaderElection(134)) - 25d6372c-77fd-4a39-ac2a-e48debad48df: shutdown LeaderElection
2019-10-15 16:12:06,531 [25d6372c-77fd-4a39-ac2a-e48debad48df@group-B2671EB745D2-LeaderElection260] INFO  impl.RoleInfo (RoleInfo.java:updateAndGet(143)) - 25d6372c-77fd-4a39-ac2a-e48debad48df: start FollowerState
2019-10-15 16:12:06,724 [Thread-1924] INFO  impl.FollowerState (FollowerState.java:run(108)) - 25d6372c-77fd-4a39-ac2a-e48debad48df@group-B2671EB745D2-FollowerState: change to CANDIDATE, lastRpcTime:192ms, electionTimeout:192ms
2019-10-15 16:12:06,724 [Thread-1924] INFO  impl.RoleInfo (RoleInfo.java:shutdownFollowerState(121)) - 25d6372c-77fd-4a39-ac2a-e48debad48df: shutdown FollowerState
2019-10-15 16:12:06,724 [Thread-1924] INFO  impl.RaftServerImpl (RaftServerImpl.java:setRole(184)) - 25d6372c-77fd-4a39-ac2a-e48debad48df@group-B2671EB745D2: changes role from  FOLLOWER to CANDIDATE at term 276 for changeToCandidate
2019-10-15 16:12:06,724 [Thread-1924] INFO  impl.RoleInfo (RoleInfo.java:updateAndGet(143)) - 25d6372c-77fd-4a39-ac2a-e48debad48df: start LeaderElection
2019-10-15 16:12:06,738 [25d6372c-77fd-4a39-ac2a-e48debad48df@group-B2671EB745D2-LeaderElection261] INFO  impl.LeaderElection (LeaderElection.java:askForVotes(178)) - 25d6372c-77fd-4a39-ac2a-e48debad48df@group-B2671EB745D2-LeaderElection261: begin an election at term 277 for -1: [50423279-f647-4a18-8e85-347d68eaf856:192.168.69.88:39583, 2ec85f63-33fb-4317-9145-71357d145af9:192.168.69.88:42357, 25d6372c-77fd-4a39-ac2a-e48debad48df:192.168.69.88:39591], old=null
2019-10-15 16:12:06,740 [grpc-default-executor-2] INFO  impl.RaftServerImpl (RaftServerImpl.java:setRole(184)) - 2ec85f63-33fb-4317-9145-71357d145af9@group-B2671EB745D2: changes role from  FOLLOWER to FOLLOWER at term 277 for recognizeCandidate:25d6372c-77fd-4a39-ac2a-e48debad48df
2019-10-15 16:12:06,740 [grpc-default-executor-1] INFO  impl.RaftServerImpl (RaftServerImpl.java:setRole(184)) - 50423279-f647-4a18-8e85-347d68eaf856@group-B2671EB745D2: changes role from  FOLLOWER to FOLLOWER at term 277 for recognizeCandidate:25d6372c-77fd-4a39-ac2a-e48debad48df
2019-10-15 16:12:06,740 [grpc-default-executor-2] INFO  impl.RoleInfo (RoleInfo.java:shutdownFollowerState(121)) - 2ec85f63-33fb-4317-9145-71357d145af9: shutdown FollowerState
2019-10-15 16:12:06,741 [grpc-default-executor-1] INFO  impl.RoleInfo (RoleInfo.java:shutdownFollowerState(121)) - 50423279-f647-4a18-8e85-347d68eaf856: shutdown FollowerState
2019-10-15 16:12:06,741 [Thread-1923] INFO  impl.FollowerState (FollowerState.java:run(117)) - 2ec85f63-33fb-4317-9145-71357d145af9@group-B2671EB745D2-FollowerState was interrupted: java.lang.InterruptedException: sleep interrupted
2019-10-15 16:12:06,741 [grpc-default-executor-2] INFO  impl.RoleInfo (RoleInfo.java:updateAndGet(143)) - 2ec85f63-33fb-4317-9145-71357d145af9: start FollowerState
2019-10-15 16:12:06,741 [Thread-1922] INFO  impl.FollowerState (FollowerState.java:run(117)) - 50423279-f647-4a18-8e85-347d68eaf856@group-B2671EB745D2-FollowerState was interrupted: java.lang.InterruptedException: sleep interrupted
2019-10-15 16:12:06,741 [grpc-default-executor-1] INFO  impl.RoleInfo (RoleInfo.java:updateAndGet(143)) - 50423279-f647-4a18-8e85-347d68eaf856: start FollowerState
2019-10-15 16:12:06,755 [25d6372c-77fd-4a39-ac2a-e48debad48df@group-B2671EB745D2-LeaderElection261] INFO  impl.LeaderElection (LeaderElection.java:logAndReturn(56)) - 25d6372c-77fd-4a39-ac2a-e48debad48df@group-B2671EB745D2-LeaderElection261: Election REJECTED; received 2 response(s) [25d6372c-77fd-4a39-ac2a-e48debad48df<-50423279-f647-4a18-8e85-347d68eaf856#0:FAIL-t277, 25d6372c-77fd-4a39-ac2a-e48debad48df<-2ec85f63-33fb-4317-9145-71357d145af9#0:FAIL-t277] and 0 exception(s); 25d6372c-77fd-4a39-ac2a-e48debad48df@group-B2671EB745D2:t277, leader=null, voted=25d6372c-77fd-4a39-ac2a-e48debad48df, raftlog=25d6372c-77fd-4a39-ac2a-e48debad48df@group-B2671EB745D2-SegmentedRaftLog:OPENED:c-1,f-1,i0, conf=-1: [50423279-f647-4a18-8e85-347d68eaf856:192.168.69.88:39583, 2ec85f63-33fb-4317-9145-71357d145af9:192.168.69.88:42357, 25d6372c-77fd-4a39-ac2a-e48debad48df:192.168.69.88:39591], old=null
2019-10-15 16:12:06,755 [25d6372c-77fd-4a39-ac2a-e48debad48df@group-B2671EB745D2-LeaderElection261] INFO  impl.RaftServerImpl (RaftServerImpl.java:setRole(184)) - 25d6372c-77fd-4a39-ac2a-e48debad48df@group-B2671EB745D2: changes role from CANDIDATE to FOLLOWER at term 277 for DISCOVERED_A_NEW_TERM
2019-10-15 16:12:06,755 [25d6372c-77fd-4a39-ac2a-e48debad48df@group-B2671EB745D2-LeaderElection261] INFO  impl.RoleInfo (RoleInfo.java:shutdownLeaderElection(134)) - 25d6372c-77fd-4a39-ac2a-e48debad48df: shutdown LeaderElection
2019-10-15 16:12:06,756 [25d6372c-77fd-4a39-ac2a-e48debad48df@group-B2671EB745D2-LeaderElection261] INFO  impl.RoleInfo (RoleInfo.java:updateAndGet(143)) - 25d6372c-77fd-4a39-ac2a-e48debad48df: start FollowerState
2019-10-15 16:12:06,827 [Thread-1932] INFO  impl.FollowerState (FollowerState.java:run(108)) - 25d6372c-77fd-4a39-ac2a-e48debad48df@group-B2671EB745D2-FollowerState: change to CANDIDATE, lastRpcTime:71ms, electionTimeout:71ms
2019-10-15 16:12:06,827 [Thread-1932] INFO  impl.RoleInfo (RoleInfo.java:shutdownFollowerState(121)) - 25d6372c-77fd-4a39-ac2a-e48debad48df: shutdown FollowerState
2019-10-15 16:12:06,827 [Thread-1932] INFO  impl.RaftServerImpl (RaftServerImpl.java:setRole(184)) - 25d6372c-77fd-4a39-ac2a-e48debad48df@group-B2671EB745D2: changes role from  FOLLOWER to CANDIDATE at term 277 for changeToCandidate
2019-10-15 16:12:06,828 [Thread-1932] INFO  impl.RoleInfo (RoleInfo.java:updateAndGet(143)) - 25d6372c-77fd-4a39-ac2a-e48debad48df: start LeaderElection
2019-10-15 16:12:06,842 [25d6372c-77fd-4a39-ac2a-e48debad48df@group-B2671EB745D2-LeaderElection262] INFO  impl.LeaderElection (LeaderElection.java:askForVotes(178)) - 25d6372c-77fd-4a39-ac2a-e48debad48df@group-B2671EB745D2-LeaderElection262: begin an election at term 278 for -1: [50423279-f647-4a18-8e85-347d68eaf856:192.168.69.88:39583, 2ec85f63-33fb-4317-9145-71357d145af9:192.168.69.88:42357, 25d6372c-77fd-4a39-ac2a-e48debad48df:192.168.69.88:39591], old=null
2019-10-15 16:12:06,844 [grpc-default-executor-1] INFO  impl.RaftServerImpl (RaftServerImpl.java:setRole(184)) - 50423279-f647-4a18-8e85-347d68eaf856@group-B2671EB745D2: changes role from  FOLLOWER to FOLLOWER at term 278 for recognizeCandidate:25d6372c-77fd-4a39-ac2a-e48debad48df
2019-10-15 16:12:06,844 [grpc-default-executor-2] INFO  impl.RaftServerImpl (RaftServerImpl.java:setRole(184)) - 2ec85f63-33fb-4317-9145-71357d145af9@group-B2671EB745D2: changes role from  FOLLOWER to FOLLOWER at term 278 for recognizeCandidate:25d6372c-77fd-4a39-ac2a-e48debad48df
2019-10-15 16:12:06,844 [grpc-default-executor-1] INFO  impl.RoleInfo (RoleInfo.java:shutdownFollowerState(121)) - 50423279-f647-4a18-8e85-347d68eaf856: shutdown FollowerState
2019-10-15 16:12:06,844 [grpc-default-executor-2] INFO  impl.RoleInfo (RoleInfo.java:shutdownFollowerState(121)) - 2ec85f63-33fb-4317-9145-71357d145af9: shutdown FollowerState
2019-10-15 16:12:06,845 [Thread-1931] INFO  impl.FollowerState (FollowerState.java:run(117)) - 50423279-f647-4a18-8e85-347d68eaf856@group-B2671EB745D2-FollowerState was interrupted: java.lang.InterruptedException: sleep interrupted
2019-10-15 16:12:06,844 [grpc-default-executor-1] INFO  impl.RoleInfo (RoleInfo.java:updateAndGet(143)) - 50423279-f647-4a18-8e85-347d68eaf856: start FollowerState
2019-10-15 16:12:06,845 [Thread-1930] INFO  impl.FollowerState (FollowerState.java:run(117)) - 2ec85f63-33fb-4317-9145-71357d145af9@group-B2671EB745D2-FollowerState was interrupted: java.lang.InterruptedException: sleep interrupted
2019-10-15 16:12:06,845 [grpc-default-executor-2] INFO  impl.RoleInfo (RoleInfo.java:updateAndGet(143)) - 2ec85f63-33fb-4317-9145-71357d145af9: start FollowerState
2019-10-15 16:12:06,880 [25d6372c-77fd-4a39-ac2a-e48debad48df@group-B2671EB745D2-LeaderElection262] INFO  impl.LeaderElection (LeaderElection.java:logAndReturn(56)) - 25d6372c-77fd-4a39-ac2a-e48debad48df@group-B2671EB745D2-LeaderElection262: Election REJECTED; received 2 response(s) [25d6372c-77fd-4a39-ac2a-e48debad48df<-2ec85f63-33fb-4317-9145-71357d145af9#0:FAIL-t278, 25d6372c-77fd-4a39-ac2a-e48debad48df<-50423279-f647-4a18-8e85-347d68eaf856#0:FAIL-t278] and 0 exception(s); 25d6372c-77fd-4a39-ac2a-e48debad48df@group-B2671EB745D2:t278, leader=null, voted=25d6372c-77fd-4a39-ac2a-e48debad48df, raftlog=25d6372c-77fd-4a39-ac2a-e48debad48df@group-B2671EB745D2-SegmentedRaftLog:OPENED:c-1,f-1,i0, conf=-1: [50423279-f647-4a18-8e85-347d68eaf856:192.168.69.88:39583, 2ec85f63-33fb-4317-9145-71357d145af9:192.168.69.88:42357, 25d6372c-77fd-4a39-ac2a-e48debad48df:192.168.69.88:39591], old=null
2019-10-15 16:12:06,880 [25d6372c-77fd-4a39-ac2a-e48debad48df@group-B2671EB745D2-LeaderElection262] INFO  impl.RaftServerImpl (RaftServerImpl.java:setRole(184)) - 25d6372c-77fd-4a39-ac2a-e48debad48df@group-B2671EB745D2: changes role from CANDIDATE to FOLLOWER at term 278 for DISCOVERED_A_NEW_TERM
2019-10-15 16:12:06,880 [25d6372c-77fd-4a39-ac2a-e48debad48df@group-B2671EB745D2-LeaderElection262] INFO  impl.RoleInfo (RoleInfo.java:shutdownLeaderElection(134)) - 25d6372c-77fd-4a39-ac2a-e48debad48df: shutdown LeaderElection
2019-10-15 16:12:06,880 [25d6372c-77fd-4a39-ac2a-e48debad48df@group-B2671EB745D2-LeaderElection262] INFO  impl.RoleInfo (RoleInfo.java:updateAndGet(143)) - 25d6372c-77fd-4a39-ac2a-e48debad48df: start FollowerState
2019-10-15 16:12:07,077 [Thread-1938] INFO  impl.FollowerState (FollowerState.java:run(108)) - 25d6372c-77fd-4a39-ac2a-e48debad48df@group-B2671EB745D2-FollowerState: change to CANDIDATE, lastRpcTime:197ms, electionTimeout:197ms
2019-10-15 16:12:07,078 [Thread-1938] INFO  impl.RoleInfo (RoleInfo.java:shutdownFollowerState(121)) - 25d6372c-77fd-4a39-ac2a-e48debad48df: shutdown FollowerState
2019-10-15 16:12:07,078 [Thread-1938] INFO  impl.RaftServerImpl (RaftServerImpl.java:setRole(184)) - 25d6372c-77fd-4a39-ac2a-e48debad48df@group-B2671EB745D2: changes role from  FOLLOWER to CANDIDATE at term 278 for changeToCandidate
2019-10-15 16:12:07,078 [Thread-1938] INFO  impl.RoleInfo (RoleInfo.java:updateAndGet(143)) - 25d6372c-77fd-4a39-ac2a-e48debad48df: start LeaderElection
2019-10-15 16:12:07,092 [25d6372c-77fd-4a39-ac2a-e48debad48df@group-B2671EB745D2-LeaderElection263] INFO  impl.LeaderElection (LeaderElection.java:askForVotes(178)) - 25d6372c-77fd-4a39-ac2a-e48debad48df@group-B2671EB745D2-LeaderElection263: begin an election at term 279 for -1: [50423279-f647-4a18-8e85-347d68eaf856:192.168.69.88:39583, 2ec85f63-33fb-4317-9145-71357d145af9:192.168.69.88:42357, 25d6372c-77fd-4a39-ac2a-e48debad48df:192.168.69.88:39591], old=null
2019-10-15 16:12:07,094 [grpc-default-executor-2] INFO  impl.RaftServerImpl (RaftServerImpl.java:setRole(184)) - 2ec85f63-33fb-4317-9145-71357d145af9@group-B2671EB745D2: changes role from  FOLLOWER to FOLLOWER at term 279 for recognizeCandidate:25d6372c-77fd-4a39-ac2a-e48debad48df
2019-10-15 16:12:07,094 [grpc-default-executor-1] INFO  impl.RaftServerImpl (RaftServerImpl.java:setRole(184)) - 50423279-f647-4a18-8e85-347d68eaf856@group-B2671EB745D2: changes role from  FOLLOWER to FOLLOWER at term 279 for recognizeCandidate:25d6372c-77fd-4a39-ac2a-e48debad48df
2019-10-15 16:12:07,094 [grpc-default-executor-2] INFO  impl.RoleInfo (RoleInfo.java:shutdownFollowerState(121)) - 2ec85f63-33fb-4317-9145-71357d145af9: shutdown FollowerState
2019-10-15 16:12:07,094 [grpc-default-executor-1] INFO  impl.RoleInfo (RoleInfo.java:shutdownFollowerState(121)) - 50423279-f647-4a18-8e85-347d68eaf856: shutdown FollowerState
2019-10-15 16:12:07,095 [Thread-1937] INFO  impl.FollowerState (FollowerState.java:run(117)) - 2ec85f63-33fb-4317-9145-71357d145af9@group-B2671EB745D2-FollowerState was interrupted: java.lang.InterruptedException: sleep interrupted
2019-10-15 16:12:07,095 [Thread-1936] INFO  impl.FollowerState (FollowerState.java:run(117)) - 50423279-f647-4a18-8e85-347d68eaf856@group-B2671EB745D2-FollowerState was interrupted: java.lang.InterruptedException: sleep interrupted
2019-10-15 16:12:07,094 [grpc-default-executor-2] INFO  impl.RoleInfo (RoleInfo.java:updateAndGet(143)) - 2ec85f63-33fb-4317-9145-71357d145af9: start FollowerState
2019-10-15 16:12:07,095 [grpc-default-executor-1] INFO  impl.RoleInfo (RoleInfo.java:updateAndGet(143)) - 50423279-f647-4a18-8e85-347d68eaf856: start FollowerState
2019-10-15 16:12:07,105 [25d6372c-77fd-4a39-ac2a-e48debad48df@group-B2671EB745D2-LeaderElection263] INFO  impl.LeaderElection (LeaderElection.java:logAndReturn(56)) - 25d6372c-77fd-4a39-ac2a-e48debad48df@group-B2671EB745D2-LeaderElection263: Election REJECTED; received 2 response(s) [25d6372c-77fd-4a39-ac2a-e48debad48df<-50423279-f647-4a18-8e85-347d68eaf856#0:FAIL-t279, 25d6372c-77fd-4a39-ac2a-e48debad48df<-2ec85f63-33fb-4317-9145-71357d145af9#0:FAIL-t279] and 0 exception(s); 25d6372c-77fd-4a39-ac2a-e48debad48df@group-B2671EB745D2:t279, leader=null, voted=25d6372c-77fd-4a39-ac2a-e48debad48df, raftlog=25d6372c-77fd-4a39-ac2a-e48debad48df@group-B2671EB745D2-SegmentedRaftLog:OPENED:c-1,f-1,i0, conf=-1: [50423279-f647-4a18-8e85-347d68eaf856:192.168.69.88:39583, 2ec85f63-33fb-4317-9145-71357d145af9:192.168.69.88:42357, 25d6372c-77fd-4a39-ac2a-e48debad48df:192.168.69.88:39591], old=null
2019-10-15 16:12:07,106 [25d6372c-77fd-4a39-ac2a-e48debad48df@group-B2671EB745D2-LeaderElection263] INFO  impl.RaftServerImpl (RaftServerImpl.java:setRole(184)) - 25d6372c-77fd-4a39-ac2a-e48debad48df@group-B2671EB745D2: changes role from CANDIDATE to FOLLOWER at term 279 for DISCOVERED_A_NEW_TERM
2019-10-15 16:12:07,106 [25d6372c-77fd-4a39-ac2a-e48debad48df@group-B2671EB745D2-LeaderElection263] INFO  impl.RoleInfo (RoleInfo.java:shutdownLeaderElection(134)) - 25d6372c-77fd-4a39-ac2a-e48debad48df: shutdown LeaderElection
2019-10-15 16:12:07,106 [25d6372c-77fd-4a39-ac2a-e48debad48df@group-B2671EB745D2-LeaderElection263] INFO  impl.RoleInfo (RoleInfo.java:updateAndGet(143)) - 25d6372c-77fd-4a39-ac2a-e48debad48df: start FollowerState
2019-10-15 16:12:07,219 [Thread-1944] INFO  impl.FollowerState (FollowerState.java:run(108)) - 25d6372c-77fd-4a39-ac2a-e48debad48df@group-B2671EB745D2-FollowerState: change to CANDIDATE, lastRpcTime:113ms, electionTimeout:113ms
2019-10-15 16:12:07,219 [Thread-1944] INFO  impl.RoleInfo (RoleInfo.java:shutdownFollowerState(121)) - 25d6372c-77fd-4a39-ac2a-e48debad48df: shutdown FollowerState
2019-10-15 16:12:07,219 [Thread-1944] INFO  impl.RaftServerImpl (RaftServerImpl.java:setRole(184)) - 25d6372c-77fd-4a39-ac2a-e48debad48df@group-B2671EB745D2: changes role from  FOLLOWER to CANDIDATE at term 279 for changeToCandidate
2019-10-15 16:12:07,219 [Thread-1944] INFO  impl.RoleInfo (RoleInfo.java:updateAndGet(143)) - 25d6372c-77fd-4a39-ac2a-e48debad48df: start LeaderElection
2019-10-15 16:12:07,233 [25d6372c-77fd-4a39-ac2a-e48debad48df@group-B2671EB745D2-LeaderElection264] INFO  impl.LeaderElection (LeaderElection.java:askForVotes(178)) - 25d6372c-77fd-4a39-ac2a-e48debad48df@group-B2671EB745D2-LeaderElection264: begin an election at term 280 for -1: [50423279-f647-4a18-8e85-347d68eaf856:192.168.69.88:39583, 2ec85f63-33fb-4317-9145-71357d145af9:192.168.69.88:42357, 25d6372c-77fd-4a39-ac2a-e48debad48df:192.168.69.88:39591], old=null
2019-10-15 16:12:07,235 [grpc-default-executor-2] INFO  impl.RaftServerImpl (RaftServerImpl.java:setRole(184)) - 50423279-f647-4a18-8e85-347d68eaf856@group-B2671EB745D2: changes role from  FOLLOWER to FOLLOWER at term 280 for recognizeCandidate:25d6372c-77fd-4a39-ac2a-e48debad48df
2019-10-15 16:12:07,235 [grpc-default-executor-2] INFO  impl.RoleInfo (RoleInfo.java:shutdownFollowerState(121)) - 50423279-f647-4a18-8e85-347d68eaf856: shutdown FollowerState
2019-10-15 16:12:07,235 [grpc-default-executor-1] INFO  impl.RaftServerImpl (RaftServerImpl.java:setRole(184)) - 2ec85f63-33fb-4317-9145-71357d145af9@group-B2671EB745D2: changes role from  FOLLOWER to FOLLOWER at term 280 for recognizeCandidate:25d6372c-77fd-4a39-ac2a-e48debad48df
2019-10-15 16:12:07,235 [Thread-1943] INFO  impl.FollowerState (FollowerState.java:run(117)) - 50423279-f647-4a18-8e85-347d68eaf856@group-B2671EB745D2-FollowerState was interrupted: java.lang.InterruptedException: sleep interrupted
2019-10-15 16:12:07,235 [grpc-default-executor-2] INFO  impl.RoleInfo (RoleInfo.java:updateAndGet(143)) - 50423279-f647-4a18-8e85-347d68eaf856: start FollowerState
2019-10-15 16:12:07,236 [grpc-default-executor-1] INFO  impl.RoleInfo (RoleInfo.java:shutdownFollowerState(121)) - 2ec85f63-33fb-4317-9145-71357d145af9: shutdown FollowerState
2019-10-15 16:12:07,236 [grpc-default-executor-1] INFO  impl.RoleInfo (RoleInfo.java:updateAndGet(143)) - 2ec85f63-33fb-4317-9145-71357d145af9: start FollowerState
2019-10-15 16:12:07,236 [Thread-1942] INFO  impl.FollowerState (FollowerState.java:run(117)) - 2ec85f63-33fb-4317-9145-71357d145af9@group-B2671EB745D2-FollowerState was interrupted: java.lang.InterruptedException: sleep interrupted
2019-10-15 16:12:07,250 [25d6372c-77fd-4a39-ac2a-e48debad48df@group-B2671EB745D2-LeaderElection264] INFO  impl.LeaderElection (LeaderElection.java:logAndReturn(56)) - 25d6372c-77fd-4a39-ac2a-e48debad48df@group-B2671EB745D2-LeaderElection264: Election REJECTED; received 2 response(s) [25d6372c-77fd-4a39-ac2a-e48debad48df<-50423279-f647-4a18-8e85-347d68eaf856#0:FAIL-t280, 25d6372c-77fd-4a39-ac2a-e48debad48df<-2ec85f63-33fb-4317-9145-71357d145af9#0:FAIL-t280] and 0 exception(s); 25d6372c-77fd-4a39-ac2a-e48debad48df@group-B2671EB745D2:t280, leader=null, voted=25d6372c-77fd-4a39-ac2a-e48debad48df, raftlog=25d6372c-77fd-4a39-ac2a-e48debad48df@group-B2671EB745D2-SegmentedRaftLog:OPENED:c-1,f-1,i0, conf=-1: [50423279-f647-4a18-8e85-347d68eaf856:192.168.69.88:39583, 2ec85f63-33fb-4317-9145-71357d145af9:192.168.69.88:42357, 25d6372c-77fd-4a39-ac2a-e48debad48df:192.168.69.88:39591], old=null
2019-10-15 16:12:07,250 [25d6372c-77fd-4a39-ac2a-e48debad48df@group-B2671EB745D2-LeaderElection264] INFO  impl.RaftServerImpl (RaftServerImpl.java:setRole(184)) - 25d6372c-77fd-4a39-ac2a-e48debad48df@group-B2671EB745D2: changes role from CANDIDATE to FOLLOWER at term 280 for DISCOVERED_A_NEW_TERM
2019-10-15 16:12:07,251 [25d6372c-77fd-4a39-ac2a-e48debad48df@group-B2671EB745D2-LeaderElection264] INFO  impl.RoleInfo (RoleInfo.java:shutdownLeaderElection(134)) - 25d6372c-77fd-4a39-ac2a-e48debad48df: shutdown LeaderElection
2019-10-15 16:12:07,251 [25d6372c-77fd-4a39-ac2a-e48debad48df@group-B2671EB745D2-LeaderElection264] INFO  impl.RoleInfo (RoleInfo.java:updateAndGet(143)) - 25d6372c-77fd-4a39-ac2a-e48debad48df: start FollowerState
2019-10-15 16:12:07,324 [Thread-1950] INFO  impl.FollowerState (FollowerState.java:run(108)) - 25d6372c-77fd-4a39-ac2a-e48debad48df@group-B2671EB745D2-FollowerState: change to CANDIDATE, lastRpcTime:73ms, electionTimeout:73ms
2019-10-15 16:12:07,324 [Thread-1950] INFO  impl.RoleInfo (RoleInfo.java:shutdownFollowerState(121)) - 25d6372c-77fd-4a39-ac2a-e48debad48df: shutdown FollowerState
2019-10-15 16:12:07,324 [Thread-1950] INFO  impl.RaftServerImpl (RaftServerImpl.java:setRole(184)) - 25d6372c-77fd-4a39-ac2a-e48debad48df@group-B2671EB745D2: changes role from  FOLLOWER to CANDIDATE at term 280 for changeToCandidate
2019-10-15 16:12:07,324 [Thread-1950] INFO  impl.RoleInfo (RoleInfo.java:updateAndGet(143)) - 25d6372c-77fd-4a39-ac2a-e48debad48df: start LeaderElection
2019-10-15 16:12:07,339 [25d6372c-77fd-4a39-ac2a-e48debad48df@group-B2671EB745D2-LeaderElection265] INFO  impl.LeaderElection (LeaderElection.java:askForVotes(178)) - 25d6372c-77fd-4a39-ac2a-e48debad48df@group-B2671EB745D2-LeaderElection265: begin an election at term 281 for -1: [50423279-f647-4a18-8e85-347d68eaf856:192.168.69.88:39583, 2ec85f63-33fb-4317-9145-71357d145af9:192.168.69.88:42357, 25d6372c-77fd-4a39-ac2a-e48debad48df:192.168.69.88:39591], old=null
2019-10-15 16:12:07,341 [grpc-default-executor-1] INFO  impl.RaftServerImpl (RaftServerImpl.java:setRole(184)) - 50423279-f647-4a18-8e85-347d68eaf856@group-B2671EB745D2: changes role from  FOLLOWER to FOLLOWER at term 281 for recognizeCandidate:25d6372c-77fd-4a39-ac2a-e48debad48df
2019-10-15 16:12:07,341 [grpc-default-executor-1] INFO  impl.RoleInfo (RoleInfo.java:shutdownFollowerState(121)) - 50423279-f647-4a18-8e85-347d68eaf856: shutdown FollowerState
2019-10-15 16:12:07,341 [grpc-default-executor-1] INFO  impl.RoleInfo (RoleInfo.java:updateAndGet(143)) - 50423279-f647-4a18-8e85-347d68eaf856: start FollowerState
2019-10-15 16:12:07,341 [grpc-default-executor-2] INFO  impl.RaftServerImpl (RaftServerImpl.java:setRole(184)) - 2ec85f63-33fb-4317-9145-71357d145af9@group-B2671EB745D2: changes role from  FOLLOWER to FOLLOWER at term 281 for recognizeCandidate:25d6372c-77fd-4a39-ac2a-e48debad48df
2019-10-15 16:12:07,341 [Thread-1948] INFO  impl.FollowerState (FollowerState.java:run(117)) - 50423279-f647-4a18-8e85-347d68eaf856@group-B2671EB745D2-FollowerState was interrupted: java.lang.InterruptedException: sleep interrupted
2019-10-15 16:12:07,341 [grpc-default-executor-2] INFO  impl.RoleInfo (RoleInfo.java:shutdownFollowerState(121)) - 2ec85f63-33fb-4317-9145-71357d145af9: shutdown FollowerState
2019-10-15 16:12:07,342 [grpc-default-executor-2] INFO  impl.RoleInfo (RoleInfo.java:updateAndGet(143)) - 2ec85f63-33fb-4317-9145-71357d145af9: start FollowerState
2019-10-15 16:12:07,342 [Thread-1949] INFO  impl.FollowerState (FollowerState.java:run(117)) - 2ec85f63-33fb-4317-9145-71357d145af9@group-B2671EB745D2-FollowerState was interrupted: java.lang.InterruptedException: sleep interrupted
2019-10-15 16:12:07,355 [25d6372c-77fd-4a39-ac2a-e48debad48df@group-B2671EB745D2-LeaderElection265] INFO  impl.LeaderElection (LeaderElection.java:logAndReturn(56)) - 25d6372c-77fd-4a39-ac2a-e48debad48df@group-B2671EB745D2-LeaderElection265: Election REJECTED; received 2 response(s) [25d6372c-77fd-4a39-ac2a-e48debad48df<-50423279-f647-4a18-8e85-347d68eaf856#0:FAIL-t281, 25d6372c-77fd-4a39-ac2a-e48debad48df<-2ec85f63-33fb-4317-9145-71357d145af9#0:FAIL-t281] and 0 exception(s); 25d6372c-77fd-4a39-ac2a-e48debad48df@group-B2671EB745D2:t281, leader=null, voted=25d6372c-77fd-4a39-ac2a-e48debad48df, raftlog=25d6372c-77fd-4a39-ac2a-e48debad48df@group-B2671EB745D2-SegmentedRaftLog:OPENED:c-1,f-1,i0, conf=-1: [50423279-f647-4a18-8e85-347d68eaf856:192.168.69.88:39583, 2ec85f63-33fb-4317-9145-71357d145af9:192.168.69.88:42357, 25d6372c-77fd-4a39-ac2a-e48debad48df:192.168.69.88:39591], old=null
2019-10-15 16:12:07,356 [25d6372c-77fd-4a39-ac2a-e48debad48df@group-B2671EB745D2-LeaderElection265] INFO  impl.RaftServerImpl (RaftServerImpl.java:setRole(184)) - 25d6372c-77fd-4a39-ac2a-e48debad48df@group-B2671EB745D2: changes role from CANDIDATE to FOLLOWER at term 281 for DISCOVERED_A_NEW_TERM
2019-10-15 16:12:07,356 [25d6372c-77fd-4a39-ac2a-e48debad48df@group-B2671EB745D2-LeaderElection265] INFO  impl.RoleInfo (RoleInfo.java:shutdownLeaderElection(134)) - 25d6372c-77fd-4a39-ac2a-e48debad48df: shutdown LeaderElection
2019-10-15 16:12:07,356 [25d6372c-77fd-4a39-ac2a-e48debad48df@group-B2671EB745D2-LeaderElection265] INFO  impl.RoleInfo (RoleInfo.java:updateAndGet(143)) - 25d6372c-77fd-4a39-ac2a-e48debad48df: start FollowerState
2019-10-15 16:12:07,526 [Thread-1956] INFO  impl.FollowerState (FollowerState.java:run(108)) - 25d6372c-77fd-4a39-ac2a-e48debad48df@group-B2671EB745D2-FollowerState: change to CANDIDATE, lastRpcTime:170ms, electionTimeout:170ms
2019-10-15 16:12:07,526 [Thread-1956] INFO  impl.RoleInfo (RoleInfo.java:shutdownFollowerState(121)) - 25d6372c-77fd-4a39-ac2a-e48debad48df: shutdown FollowerState
2019-10-15 16:12:07,527 [Thread-1956] INFO  impl.RaftServerImpl (RaftServerImpl.java:setRole(184)) - 25d6372c-77fd-4a39-ac2a-e48debad48df@group-B2671EB745D2: changes role from  FOLLOWER to CANDIDATE at term 281 for changeToCandidate
2019-10-15 16:12:07,527 [Thread-1956] INFO  impl.RoleInfo (RoleInfo.java:updateAndGet(143)) - 25d6372c-77fd-4a39-ac2a-e48debad48df: start LeaderElection
2019-10-15 16:12:07,541 [25d6372c-77fd-4a39-ac2a-e48debad48df@group-B2671EB745D2-LeaderElection266] INFO  impl.LeaderElection (LeaderElection.java:askForVotes(178)) - 25d6372c-77fd-4a39-ac2a-e48debad48df@group-B2671EB745D2-LeaderElection266: begin an election at term 282 for -1: [50423279-f647-4a18-8e85-347d68eaf856:192.168.69.88:39583, 2ec85f63-33fb-4317-9145-71357d145af9:192.168.69.88:42357, 25d6372c-77fd-4a39-ac2a-e48debad48df:192.168.69.88:39591], old=null
2019-10-15 16:12:07,543 [grpc-default-executor-2] INFO  impl.RaftServerImpl (RaftServerImpl.java:setRole(184)) - 2ec85f63-33fb-4317-9145-71357d145af9@group-B2671EB745D2: changes role from  FOLLOWER to FOLLOWER at term 282 for recognizeCandidate:25d6372c-77fd-4a39-ac2a-e48debad48df
2019-10-15 16:12:07,543 [grpc-default-executor-1] INFO  impl.RaftServerImpl (RaftServerImpl.java:setRole(184)) - 50423279-f647-4a18-8e85-347d68eaf856@group-B2671EB745D2: changes role from  FOLLOWER to FOLLOWER at term 282 for recognizeCandidate:25d6372c-77fd-4a39-ac2a-e48debad48df
2019-10-15 16:12:07,543 [grpc-default-executor-2] INFO  impl.RoleInfo (RoleInfo.java:shutdownFollowerState(121)) - 2ec85f63-33fb-4317-9145-71357d145af9: shutdown FollowerState
2019-10-15 16:12:07,544 [grpc-default-executor-1] INFO  impl.RoleInfo (RoleInfo.java:shutdownFollowerState(121)) - 50423279-f647-4a18-8e85-347d68eaf856: shutdown FollowerState
2019-10-15 16:12:07,544 [grpc-default-executor-2] INFO  impl.RoleInfo (RoleInfo.java:updateAndGet(143)) - 2ec85f63-33fb-4317-9145-71357d145af9: start FollowerState
2019-10-15 16:12:07,544 [grpc-default-executor-1] INFO  impl.RoleInfo (RoleInfo.java:updateAndGet(143)) - 50423279-f647-4a18-8e85-347d68eaf856: start FollowerState
2019-10-15 16:12:07,544 [Thread-1955] INFO  impl.FollowerState (FollowerState.java:run(117)) - 2ec85f63-33fb-4317-9145-71357d145af9@group-B2671EB745D2-FollowerState was interrupted: java.lang.InterruptedException: sleep interrupted
2019-10-15 16:12:07,544 [Thread-1954] INFO  impl.FollowerState (FollowerState.java:run(117)) - 50423279-f647-4a18-8e85-347d68eaf856@group-B2671EB745D2-FollowerState was interrupted: java.lang.InterruptedException: sleep interrupted
2019-10-15 16:12:07,548 [25d6372c-77fd-4a39-ac2a-e48debad48df@group-B2671EB745D2-LeaderElection266] INFO  impl.LeaderElection (LeaderElection.java:logAndReturn(56)) - 25d6372c-77fd-4a39-ac2a-e48debad48df@group-B2671EB745D2-LeaderElection266: Election TIMEOUT; received 0 response(s) [] and 0 exception(s); 25d6372c-77fd-4a39-ac2a-e48debad48df@group-B2671EB745D2:t282, leader=null, voted=25d6372c-77fd-4a39-ac2a-e48debad48df, raftlog=25d6372c-77fd-4a39-ac2a-e48debad48df@group-B2671EB745D2-SegmentedRaftLog:OPENED:c-1,f-1,i0, conf=-1: [50423279-f647-4a18-8e85-347d68eaf856:192.168.69.88:39583, 2ec85f63-33fb-4317-9145-71357d145af9:192.168.69.88:42357, 25d6372c-77fd-4a39-ac2a-e48debad48df:192.168.69.88:39591], old=null
2019-10-15 16:12:07,552 [25d6372c-77fd-4a39-ac2a-e48debad48df@group-B2671EB745D2-LeaderElection266] INFO  impl.LeaderElection (LeaderElection.java:askForVotes(178)) - 25d6372c-77fd-4a39-ac2a-e48debad48df@group-B2671EB745D2-LeaderElection266: begin an election at term 283 for -1: [50423279-f647-4a18-8e85-347d68eaf856:192.168.69.88:39583, 2ec85f63-33fb-4317-9145-71357d145af9:192.168.69.88:42357, 25d6372c-77fd-4a39-ac2a-e48debad48df:192.168.69.88:39591], old=null
2019-10-15 16:12:07,553 [grpc-default-executor-1] INFO  impl.RaftServerImpl (RaftServerImpl.java:setRole(184)) - 2ec85f63-33fb-4317-9145-71357d145af9@group-B2671EB745D2: changes role from  FOLLOWER to FOLLOWER at term 283 for recognizeCandidate:25d6372c-77fd-4a39-ac2a-e48debad48df
2019-10-15 16:12:07,553 [grpc-default-executor-1] INFO  impl.RoleInfo (RoleInfo.java:shutdownFollowerState(121)) - 2ec85f63-33fb-4317-9145-71357d145af9: shutdown FollowerState
2019-10-15 16:12:07,553 [grpc-default-executor-2] INFO  impl.RaftServerImpl (RaftServerImpl.java:setRole(184)) - 50423279-f647-4a18-8e85-347d68eaf856@group-B2671EB745D2: changes role from  FOLLOWER to FOLLOWER at term 283 for recognizeCandidate:25d6372c-77fd-4a39-ac2a-e48debad48df
2019-10-15 16:12:07,554 [grpc-default-executor-2] INFO  impl.RoleInfo (RoleInfo.java:shutdownFollowerState(121)) - 50423279-f647-4a18-8e85-347d68eaf856: shutdown FollowerState
2019-10-15 16:12:07,554 [Thread-1960] INFO  impl.FollowerState (FollowerState.java:run(117)) - 2ec85f63-33fb-4317-9145-71357d145af9@group-B2671EB745D2-FollowerState was interrupted: java.lang.InterruptedException: sleep interrupted
2019-10-15 16:12:07,554 [grpc-default-executor-1] INFO  impl.RoleInfo (RoleInfo.java:updateAndGet(143)) - 2ec85f63-33fb-4317-9145-71357d145af9: start FollowerState
2019-10-15 16:12:07,554 [Thread-1961] INFO  impl.FollowerState (FollowerState.java:run(117)) - 50423279-f647-4a18-8e85-347d68eaf856@group-B2671EB745D2-FollowerState was interrupted: java.lang.InterruptedException: sleep interrupted
2019-10-15 16:12:07,554 [grpc-default-executor-2] INFO  impl.RoleInfo (RoleInfo.java:updateAndGet(143)) - 50423279-f647-4a18-8e85-347d68eaf856: start FollowerState
2019-10-15 16:12:07,560 [25d6372c-77fd-4a39-ac2a-e48debad48df@group-B2671EB745D2-LeaderElection266] INFO  impl.LeaderElection (LeaderElection.java:logAndReturn(56)) - 25d6372c-77fd-4a39-ac2a-e48debad48df@group-B2671EB745D2-LeaderElection266: Election REJECTED; received 2 response(s) [25d6372c-77fd-4a39-ac2a-e48debad48df<-50423279-f647-4a18-8e85-347d68eaf856#0:FAIL-t283, 25d6372c-77fd-4a39-ac2a-e48debad48df<-2ec85f63-33fb-4317-9145-71357d145af9#0:FAIL-t283] and 0 exception(s); 25d6372c-77fd-4a39-ac2a-e48debad48df@group-B2671EB745D2:t283, leader=null, voted=25d6372c-77fd-4a39-ac2a-e48debad48df, raftlog=25d6372c-77fd-4a39-ac2a-e48debad48df@group-B2671EB745D2-SegmentedRaftLog:OPENED:c-1,f-1,i0, conf=-1: [50423279-f647-4a18-8e85-347d68eaf856:192.168.69.88:39583, 2ec85f63-33fb-4317-9145-71357d145af9:192.168.69.88:42357, 25d6372c-77fd-4a39-ac2a-e48debad48df:192.168.69.88:39591], old=null
2019-10-15 16:12:07,560 [25d6372c-77fd-4a39-ac2a-e48debad48df@group-B2671EB745D2-LeaderElection266] INFO  impl.RaftServerImpl (RaftServerImpl.java:setRole(184)) - 25d6372c-77fd-4a39-ac2a-e48debad48df@group-B2671EB745D2: changes role from CANDIDATE to FOLLOWER at term 283 for DISCOVERED_A_NEW_TERM
2019-10-15 16:12:07,561 [25d6372c-77fd-4a39-ac2a-e48debad48df@group-B2671EB745D2-LeaderElection266] INFO  impl.RoleInfo (RoleInfo.java:shutdownLeaderElection(134)) - 25d6372c-77fd-4a39-ac2a-e48debad48df: shutdown LeaderElection
2019-10-15 16:12:07,561 [25d6372c-77fd-4a39-ac2a-e48debad48df@group-B2671EB745D2-LeaderElection266] INFO  impl.RoleInfo (RoleInfo.java:updateAndGet(143)) - 25d6372c-77fd-4a39-ac2a-e48debad48df: start FollowerState
2019-10-15 16:12:07,711 [Thread-1966] INFO  impl.FollowerState (FollowerState.java:run(108)) - 25d6372c-77fd-4a39-ac2a-e48debad48df@group-B2671EB745D2-FollowerState: change to CANDIDATE, lastRpcTime:150ms, electionTimeout:150ms
2019-10-15 16:12:07,711 [Thread-1966] INFO  impl.RoleInfo (RoleInfo.java:shutdownFollowerState(121)) - 25d6372c-77fd-4a39-ac2a-e48debad48df: shutdown FollowerState
2019-10-15 16:12:07,712 [Thread-1966] INFO  impl.RaftServerImpl (RaftServerImpl.java:setRole(184)) - 25d6372c-77fd-4a39-ac2a-e48debad48df@group-B2671EB745D2: changes role from  FOLLOWER to CANDIDATE at term 283 for changeToCandidate
2019-10-15 16:12:07,712 [Thread-1966] INFO  impl.RoleInfo (RoleInfo.java:updateAndGet(143)) - 25d6372c-77fd-4a39-ac2a-e48debad48df: start LeaderElection
2019-10-15 16:12:07,726 [25d6372c-77fd-4a39-ac2a-e48debad48df@group-B2671EB745D2-LeaderElection267] INFO  impl.LeaderElection (LeaderElection.java:askForVotes(178)) - 25d6372c-77fd-4a39-ac2a-e48debad48df@group-B2671EB745D2-LeaderElection267: begin an election at term 284 for -1: [50423279-f647-4a18-8e85-347d68eaf856:192.168.69.88:39583, 2ec85f63-33fb-4317-9145-71357d145af9:192.168.69.88:42357, 25d6372c-77fd-4a39-ac2a-e48debad48df:192.168.69.88:39591], old=null
2019-10-15 16:12:07,728 [grpc-default-executor-2] INFO  impl.RaftServerImpl (RaftServerImpl.java:setRole(184)) - 50423279-f647-4a18-8e85-347d68eaf856@group-B2671EB745D2: changes role from  FOLLOWER to FOLLOWER at term 284 for recognizeCandidate:25d6372c-77fd-4a39-ac2a-e48debad48df
2019-10-15 16:12:07,728 [grpc-default-executor-1] INFO  impl.RaftServerImpl (RaftServerImpl.java:setRole(184)) - 2ec85f63-33fb-4317-9145-71357d145af9@group-B2671EB745D2: changes role from  FOLLOWER to FOLLOWER at term 284 for recognizeCandidate:25d6372c-77fd-4a39-ac2a-e48debad48df
2019-10-15 16:12:07,728 [grpc-default-executor-1] INFO  impl.RoleInfo (RoleInfo.java:shutdownFollowerState(121)) - 2ec85f63-33fb-4317-9145-71357d145af9: shutdown FollowerState
2019-10-15 16:12:07,728 [grpc-default-executor-2] INFO  impl.RoleInfo (RoleInfo.java:shutdownFollowerState(121)) - 50423279-f647-4a18-8e85-347d68eaf856: shutdown FollowerState
2019-10-15 16:12:07,729 [Thread-1964] INFO  impl.FollowerState (FollowerState.java:run(117)) - 2ec85f63-33fb-4317-9145-71357d145af9@group-B2671EB745D2-FollowerState was interrupted: java.lang.InterruptedException: sleep interrupted
2019-10-15 16:12:07,729 [Thread-1965] INFO  impl.FollowerState (FollowerState.java:run(117)) - 50423279-f647-4a18-8e85-347d68eaf856@group-B2671EB745D2-FollowerState was interrupted: java.lang.InterruptedException: sleep interrupted
2019-10-15 16:12:07,729 [grpc-default-executor-1] INFO  impl.RoleInfo (RoleInfo.java:updateAndGet(143)) - 2ec85f63-33fb-4317-9145-71357d145af9: start FollowerState
2019-10-15 16:12:07,729 [grpc-default-executor-2] INFO  impl.RoleInfo (RoleInfo.java:updateAndGet(143)) - 50423279-f647-4a18-8e85-347d68eaf856: start FollowerState
2019-10-15 16:12:07,744 [25d6372c-77fd-4a39-ac2a-e48debad48df@group-B2671EB745D2-LeaderElection267] INFO  impl.LeaderElection (LeaderElection.java:logAndReturn(56)) - 25d6372c-77fd-4a39-ac2a-e48debad48df@group-B2671EB745D2-LeaderElection267: Election REJECTED; received 2 response(s) [25d6372c-77fd-4a39-ac2a-e48debad48df<-2ec85f63-33fb-4317-9145-71357d145af9#0:FAIL-t284, 25d6372c-77fd-4a39-ac2a-e48debad48df<-50423279-f647-4a18-8e85-347d68eaf856#0:FAIL-t284] and 0 exception(s); 25d6372c-77fd-4a39-ac2a-e48debad48df@group-B2671EB745D2:t284, leader=null, voted=25d6372c-77fd-4a39-ac2a-e48debad48df, raftlog=25d6372c-77fd-4a39-ac2a-e48debad48df@group-B2671EB745D2-SegmentedRaftLog:OPENED:c-1,f-1,i0, conf=-1: [50423279-f647-4a18-8e85-347d68eaf856:192.168.69.88:39583, 2ec85f63-33fb-4317-9145-71357d145af9:192.168.69.88:42357, 25d6372c-77fd-4a39-ac2a-e48debad48df:192.168.69.88:39591], old=null
2019-10-15 16:12:07,744 [25d6372c-77fd-4a39-ac2a-e48debad48df@group-B2671EB745D2-LeaderElection267] INFO  impl.RaftServerImpl (RaftServerImpl.java:setRole(184)) - 25d6372c-77fd-4a39-ac2a-e48debad48df@group-B2671EB745D2: changes role from CANDIDATE to FOLLOWER at term 284 for DISCOVERED_A_NEW_TERM
2019-10-15 16:12:07,744 [25d6372c-77fd-4a39-ac2a-e48debad48df@group-B2671EB745D2-LeaderElection267] INFO  impl.RoleInfo (RoleInfo.java:shutdownLeaderElection(134)) - 25d6372c-77fd-4a39-ac2a-e48debad48df: shutdown LeaderElection
2019-10-15 16:12:07,745 [25d6372c-77fd-4a39-ac2a-e48debad48df@group-B2671EB745D2-LeaderElection267] INFO  impl.RoleInfo (RoleInfo.java:updateAndGet(143)) - 25d6372c-77fd-4a39-ac2a-e48debad48df: start FollowerState
2019-10-15 16:12:07,769 [Thread-1974] INFO  impl.FollowerState (FollowerState.java:run(108)) - 25d6372c-77fd-4a39-ac2a-e48debad48df@group-B2671EB745D2-FollowerState: change to CANDIDATE, lastRpcTime:24ms, electionTimeout:24ms
2019-10-15 16:12:07,769 [Thread-1974] INFO  impl.RoleInfo (RoleInfo.java:shutdownFollowerState(121)) - 25d6372c-77fd-4a39-ac2a-e48debad48df: shutdown FollowerState
2019-10-15 16:12:07,769 [Thread-1974] INFO  impl.RaftServerImpl (RaftServerImpl.java:setRole(184)) - 25d6372c-77fd-4a39-ac2a-e48debad48df@group-B2671EB745D2: changes role from  FOLLOWER to CANDIDATE at term 284 for changeToCandidate
2019-10-15 16:12:07,769 [Thread-1974] INFO  impl.RoleInfo (RoleInfo.java:updateAndGet(143)) - 25d6372c-77fd-4a39-ac2a-e48debad48df: start LeaderElection
2019-10-15 16:12:07,783 [25d6372c-77fd-4a39-ac2a-e48debad48df@group-B2671EB745D2-LeaderElection268] INFO  impl.LeaderElection (LeaderElection.java:askForVotes(178)) - 25d6372c-77fd-4a39-ac2a-e48debad48df@group-B2671EB745D2-LeaderElection268: begin an election at term 285 for -1: [50423279-f647-4a18-8e85-347d68eaf856:192.168.69.88:39583, 2ec85f63-33fb-4317-9145-71357d145af9:192.168.69.88:42357, 25d6372c-77fd-4a39-ac2a-e48debad48df:192.168.69.88:39591], old=null
2019-10-15 16:12:07,786 [grpc-default-executor-2] INFO  impl.RaftServerImpl (RaftServerImpl.java:setRole(184)) - 50423279-f647-4a18-8e85-347d68eaf856@group-B2671EB745D2: changes role from  FOLLOWER to FOLLOWER at term 285 for recognizeCandidate:25d6372c-77fd-4a39-ac2a-e48debad48df
2019-10-15 16:12:07,786 [grpc-default-executor-1] INFO  impl.RaftServerImpl (RaftServerImpl.java:setRole(184)) - 2ec85f63-33fb-4317-9145-71357d145af9@group-B2671EB745D2: changes role from  FOLLOWER to FOLLOWER at term 285 for recognizeCandidate:25d6372c-77fd-4a39-ac2a-e48debad48df
2019-10-15 16:12:07,786 [grpc-default-executor-1] INFO  impl.RoleInfo (RoleInfo.java:shutdownFollowerState(121)) - 2ec85f63-33fb-4317-9145-71357d145af9: shutdown FollowerState
2019-10-15 16:12:07,786 [grpc-default-executor-2] INFO  impl.RoleInfo (RoleInfo.java:shutdownFollowerState(121)) - 50423279-f647-4a18-8e85-347d68eaf856: shutdown FollowerState
2019-10-15 16:12:07,786 [Thread-1972] INFO  impl.FollowerState (FollowerState.java:run(117)) - 2ec85f63-33fb-4317-9145-71357d145af9@group-B2671EB745D2-FollowerState was interrupted: java.lang.InterruptedException: sleep interrupted
2019-10-15 16:12:07,786 [Thread-1973] INFO  impl.FollowerState (FollowerState.java:run(117)) - 50423279-f647-4a18-8e85-347d68eaf856@group-B2671EB745D2-FollowerState was interrupted: java.lang.InterruptedException: sleep interrupted
2019-10-15 16:12:07,786 [grpc-default-executor-1] INFO  impl.RoleInfo (RoleInfo.java:updateAndGet(143)) - 2ec85f63-33fb-4317-9145-71357d145af9: start FollowerState
2019-10-15 16:12:07,786 [grpc-default-executor-2] INFO  impl.RoleInfo (RoleInfo.java:updateAndGet(143)) - 50423279-f647-4a18-8e85-347d68eaf856: start FollowerState
2019-10-15 16:12:07,801 [25d6372c-77fd-4a39-ac2a-e48debad48df@group-B2671EB745D2-LeaderElection268] INFO  impl.LeaderElection (LeaderElection.java:logAndReturn(56)) - 25d6372c-77fd-4a39-ac2a-e48debad48df@group-B2671EB745D2-LeaderElection268: Election REJECTED; received 2 response(s) [25d6372c-77fd-4a39-ac2a-e48debad48df<-50423279-f647-4a18-8e85-347d68eaf856#0:FAIL-t285, 25d6372c-77fd-4a39-ac2a-e48debad48df<-2ec85f63-33fb-4317-9145-71357d145af9#0:FAIL-t285] and 0 exception(s); 25d6372c-77fd-4a39-ac2a-e48debad48df@group-B2671EB745D2:t285, leader=null, voted=25d6372c-77fd-4a39-ac2a-e48debad48df, raftlog=25d6372c-77fd-4a39-ac2a-e48debad48df@group-B2671EB745D2-SegmentedRaftLog:OPENED:c-1,f-1,i0, conf=-1: [50423279-f647-4a18-8e85-347d68eaf856:192.168.69.88:39583, 2ec85f63-33fb-4317-9145-71357d145af9:192.168.69.88:42357, 25d6372c-77fd-4a39-ac2a-e48debad48df:192.168.69.88:39591], old=null
2019-10-15 16:12:07,801 [25d6372c-77fd-4a39-ac2a-e48debad48df@group-B2671EB745D2-LeaderElection268] INFO  impl.RaftServerImpl (RaftServerImpl.java:setRole(184)) - 25d6372c-77fd-4a39-ac2a-e48debad48df@group-B2671EB745D2: changes role from CANDIDATE to FOLLOWER at term 285 for DISCOVERED_A_NEW_TERM
2019-10-15 16:12:07,801 [25d6372c-77fd-4a39-ac2a-e48debad48df@group-B2671EB745D2-LeaderElection268] INFO  impl.RoleInfo (RoleInfo.java:shutdownLeaderElection(134)) - 25d6372c-77fd-4a39-ac2a-e48debad48df: shutdown LeaderElection
2019-10-15 16:12:07,801 [25d6372c-77fd-4a39-ac2a-e48debad48df@group-B2671EB745D2-LeaderElection268] INFO  impl.RoleInfo (RoleInfo.java:updateAndGet(143)) - 25d6372c-77fd-4a39-ac2a-e48debad48df: start FollowerState
2019-10-15 16:12:07,884 [Thread-1980] INFO  impl.FollowerState (FollowerState.java:run(108)) - 25d6372c-77fd-4a39-ac2a-e48debad48df@group-B2671EB745D2-FollowerState: change to CANDIDATE, lastRpcTime:83ms, electionTimeout:83ms
2019-10-15 16:12:07,884 [Thread-1980] INFO  impl.RoleInfo (RoleInfo.java:shutdownFollowerState(121)) - 25d6372c-77fd-4a39-ac2a-e48debad48df: shutdown FollowerState
2019-10-15 16:12:07,885 [Thread-1980] INFO  impl.RaftServerImpl (RaftServerImpl.java:setRole(184)) - 25d6372c-77fd-4a39-ac2a-e48debad48df@group-B2671EB745D2: changes role from  FOLLOWER to CANDIDATE at term 285 for changeToCandidate
2019-10-15 16:12:07,885 [Thread-1980] INFO  impl.RoleInfo (RoleInfo.java:updateAndGet(143)) - 25d6372c-77fd-4a39-ac2a-e48debad48df: start LeaderElection
2019-10-15 16:12:07,898 [25d6372c-77fd-4a39-ac2a-e48debad48df@group-B2671EB745D2-LeaderElection269] INFO  impl.LeaderElection (LeaderElection.java:askForVotes(178)) - 25d6372c-77fd-4a39-ac2a-e48debad48df@group-B2671EB745D2-LeaderElection269: begin an election at term 286 for -1: [50423279-f647-4a18-8e85-347d68eaf856:192.168.69.88:39583, 2ec85f63-33fb-4317-9145-71357d145af9:192.168.69.88:42357, 25d6372c-77fd-4a39-ac2a-e48debad48df:192.168.69.88:39591], old=null
2019-10-15 16:12:07,900 [grpc-default-executor-1] INFO  impl.RaftServerImpl (RaftServerImpl.java:setRole(184)) - 2ec85f63-33fb-4317-9145-71357d145af9@group-B2671EB745D2: changes role from  FOLLOWER to FOLLOWER at term 286 for recognizeCandidate:25d6372c-77fd-4a39-ac2a-e48debad48df
2019-10-15 16:12:07,900 [grpc-default-executor-2] INFO  impl.RaftServerImpl (RaftServerImpl.java:setRole(184)) - 50423279-f647-4a18-8e85-347d68eaf856@group-B2671EB745D2: changes role from  FOLLOWER to FOLLOWER at term 286 for recognizeCandidate:25d6372c-77fd-4a39-ac2a-e48debad48df
2019-10-15 16:12:07,900 [grpc-default-executor-1] INFO  impl.RoleInfo (RoleInfo.java:shutdownFollowerState(121)) - 2ec85f63-33fb-4317-9145-71357d145af9: shutdown FollowerState
2019-10-15 16:12:07,900 [grpc-default-executor-2] INFO  impl.RoleInfo (RoleInfo.java:shutdownFollowerState(121)) - 50423279-f647-4a18-8e85-347d68eaf856: shutdown FollowerState
2019-10-15 16:12:07,900 [Thread-1978] INFO  impl.FollowerState (FollowerState.java:run(117)) - 2ec85f63-33fb-4317-9145-71357d145af9@group-B2671EB745D2-FollowerState was interrupted: java.lang.InterruptedException: sleep interrupted
2019-10-15 16:12:07,900 [grpc-default-executor-1] INFO  impl.RoleInfo (RoleInfo.java:updateAndGet(143)) - 2ec85f63-33fb-4317-9145-71357d145af9: start FollowerState
2019-10-15 16:12:07,901 [Thread-1979] INFO  impl.FollowerState (FollowerState.java:run(117)) - 50423279-f647-4a18-8e85-347d68eaf856@group-B2671EB745D2-FollowerState was interrupted: java.lang.InterruptedException: sleep interrupted
2019-10-15 16:12:07,901 [grpc-default-executor-2] INFO  impl.RoleInfo (RoleInfo.java:updateAndGet(143)) - 50423279-f647-4a18-8e85-347d68eaf856: start FollowerState
2019-10-15 16:12:07,915 [25d6372c-77fd-4a39-ac2a-e48debad48df@group-B2671EB745D2-LeaderElection269] INFO  impl.LeaderElection (LeaderElection.java:logAndReturn(56)) - 25d6372c-77fd-4a39-ac2a-e48debad48df@group-B2671EB745D2-LeaderElection269: Election TIMEOUT; received 0 response(s) [] and 0 exception(s); 25d6372c-77fd-4a39-ac2a-e48debad48df@group-B2671EB745D2:t286, leader=null, voted=25d6372c-77fd-4a39-ac2a-e48debad48df, raftlog=25d6372c-77fd-4a39-ac2a-e48debad48df@group-B2671EB745D2-SegmentedRaftLog:OPENED:c-1,f-1,i0, conf=-1: [50423279-f647-4a18-8e85-347d68eaf856:192.168.69.88:39583, 2ec85f63-33fb-4317-9145-71357d145af9:192.168.69.88:42357, 25d6372c-77fd-4a39-ac2a-e48debad48df:192.168.69.88:39591], old=null
2019-10-15 16:12:07,921 [25d6372c-77fd-4a39-ac2a-e48debad48df@group-B2671EB745D2-LeaderElection269] INFO  impl.LeaderElection (LeaderElection.java:askForVotes(178)) - 25d6372c-77fd-4a39-ac2a-e48debad48df@group-B2671EB745D2-LeaderElection269: begin an election at term 287 for -1: [50423279-f647-4a18-8e85-347d68eaf856:192.168.69.88:39583, 2ec85f63-33fb-4317-9145-71357d145af9:192.168.69.88:42357, 25d6372c-77fd-4a39-ac2a-e48debad48df:192.168.69.88:39591], old=null
2019-10-15 16:12:07,922 [grpc-default-executor-2] INFO  impl.RaftServerImpl (RaftServerImpl.java:setRole(184)) - 50423279-f647-4a18-8e85-347d68eaf856@group-B2671EB745D2: changes role from  FOLLOWER to FOLLOWER at term 287 for recognizeCandidate:25d6372c-77fd-4a39-ac2a-e48debad48df
2019-10-15 16:12:07,922 [grpc-default-executor-2] INFO  impl.RoleInfo (RoleInfo.java:shutdownFollowerState(121)) - 50423279-f647-4a18-8e85-347d68eaf856: shutdown FollowerState
2019-10-15 16:12:07,922 [grpc-default-executor-1] INFO  impl.RaftServerImpl (RaftServerImpl.java:setRole(184)) - 2ec85f63-33fb-4317-9145-71357d145af9@group-B2671EB745D2: changes role from  FOLLOWER to FOLLOWER at term 287 for recognizeCandidate:25d6372c-77fd-4a39-ac2a-e48debad48df
2019-10-15 16:12:07,923 [grpc-default-executor-2] INFO  impl.RoleInfo (RoleInfo.java:updateAndGet(143)) - 50423279-f647-4a18-8e85-347d68eaf856: start FollowerState
2019-10-15 16:12:07,923 [Thread-1985] INFO  impl.FollowerState (FollowerState.java:run(117)) - 50423279-f647-4a18-8e85-347d68eaf856@group-B2671EB745D2-FollowerState was interrupted: java.lang.InterruptedException: sleep interrupted
2019-10-15 16:12:07,923 [grpc-default-executor-1] INFO  impl.RoleInfo (RoleInfo.java:shutdownFollowerState(121)) - 2ec85f63-33fb-4317-9145-71357d145af9: shutdown FollowerState
2019-10-15 16:12:07,923 [grpc-default-executor-1] INFO  impl.RoleInfo (RoleInfo.java:updateAndGet(143)) - 2ec85f63-33fb-4317-9145-71357d145af9: start FollowerState
2019-10-15 16:12:07,923 [Thread-1984] INFO  impl.FollowerState (FollowerState.java:run(117)) - 2ec85f63-33fb-4317-9145-71357d145af9@group-B2671EB745D2-FollowerState was interrupted: java.lang.InterruptedException: sleep interrupted
2019-10-15 16:12:07,931 [25d6372c-77fd-4a39-ac2a-e48debad48df@group-B2671EB745D2-LeaderElection269] INFO  impl.LeaderElection (LeaderElection.java:logAndReturn(56)) - 25d6372c-77fd-4a39-ac2a-e48debad48df@group-B2671EB745D2-LeaderElection269: Election REJECTED; received 2 response(s) [25d6372c-77fd-4a39-ac2a-e48debad48df<-2ec85f63-33fb-4317-9145-71357d145af9#0:FAIL-t287, 25d6372c-77fd-4a39-ac2a-e48debad48df<-50423279-f647-4a18-8e85-347d68eaf856#0:FAIL-t287] and 0 exception(s); 25d6372c-77fd-4a39-ac2a-e48debad48df@group-B2671EB745D2:t287, leader=null, voted=25d6372c-77fd-4a39-ac2a-e48debad48df, raftlog=25d6372c-77fd-4a39-ac2a-e48debad48df@group-B2671EB745D2-SegmentedRaftLog:OPENED:c-1,f-1,i0, conf=-1: [50423279-f647-4a18-8e85-347d68eaf856:192.168.69.88:39583, 2ec85f63-33fb-4317-9145-71357d145af9:192.168.69.88:42357, 25d6372c-77fd-4a39-ac2a-e48debad48df:192.168.69.88:39591], old=null
2019-10-15 16:12:07,931 [25d6372c-77fd-4a39-ac2a-e48debad48df@group-B2671EB745D2-LeaderElection269] INFO  impl.RaftServerImpl (RaftServerImpl.java:setRole(184)) - 25d6372c-77fd-4a39-ac2a-e48debad48df@group-B2671EB745D2: changes role from CANDIDATE to FOLLOWER at term 287 for DISCOVERED_A_NEW_TERM
2019-10-15 16:12:07,931 [25d6372c-77fd-4a39-ac2a-e48debad48df@group-B2671EB745D2-LeaderElection269] INFO  impl.RoleInfo (RoleInfo.java:shutdownLeaderElection(134)) - 25d6372c-77fd-4a39-ac2a-e48debad48df: shutdown LeaderElection
2019-10-15 16:12:07,932 [25d6372c-77fd-4a39-ac2a-e48debad48df@group-B2671EB745D2-LeaderElection269] INFO  impl.RoleInfo (RoleInfo.java:updateAndGet(143)) - 25d6372c-77fd-4a39-ac2a-e48debad48df: start FollowerState
2019-10-15 16:12:08,003 [Thread-1990] INFO  impl.FollowerState (FollowerState.java:run(108)) - 25d6372c-77fd-4a39-ac2a-e48debad48df@group-B2671EB745D2-FollowerState: change to CANDIDATE, lastRpcTime:71ms, electionTimeout:71ms
2019-10-15 16:12:08,003 [Thread-1990] INFO  impl.RoleInfo (RoleInfo.java:shutdownFollowerState(121)) - 25d6372c-77fd-4a39-ac2a-e48debad48df: shutdown FollowerState
2019-10-15 16:12:08,003 [Thread-1990] INFO  impl.RaftServerImpl (RaftServerImpl.java:setRole(184)) - 25d6372c-77fd-4a39-ac2a-e48debad48df@group-B2671EB745D2: changes role from  FOLLOWER to CANDIDATE at term 287 for changeToCandidate
2019-10-15 16:12:08,003 [Thread-1990] INFO  impl.RoleInfo (RoleInfo.java:updateAndGet(143)) - 25d6372c-77fd-4a39-ac2a-e48debad48df: start LeaderElection
2019-10-15 16:12:08,018 [25d6372c-77fd-4a39-ac2a-e48debad48df@group-B2671EB745D2-LeaderElection270] INFO  impl.LeaderElection (LeaderElection.java:askForVotes(178)) - 25d6372c-77fd-4a39-ac2a-e48debad48df@group-B2671EB745D2-LeaderElection270: begin an election at term 288 for -1: [50423279-f647-4a18-8e85-347d68eaf856:192.168.69.88:39583, 2ec85f63-33fb-4317-9145-71357d145af9:192.168.69.88:42357, 25d6372c-77fd-4a39-ac2a-e48debad48df:192.168.69.88:39591], old=null
2019-10-15 16:12:08,020 [grpc-default-executor-1] INFO  impl.RaftServerImpl (RaftServerImpl.java:setRole(184)) - 2ec85f63-33fb-4317-9145-71357d145af9@group-B2671EB745D2: changes role from  FOLLOWER to FOLLOWER at term 288 for recognizeCandidate:25d6372c-77fd-4a39-ac2a-e48debad48df
2019-10-15 16:12:08,020 [grpc-default-executor-1] INFO  impl.RoleInfo (RoleInfo.java:shutdownFollowerState(121)) - 2ec85f63-33fb-4317-9145-71357d145af9: shutdown FollowerState
2019-10-15 16:12:08,020 [grpc-default-executor-2] INFO  impl.RaftServerImpl (RaftServerImpl.java:setRole(184)) - 50423279-f647-4a18-8e85-347d68eaf856@group-B2671EB745D2: changes role from  FOLLOWER to FOLLOWER at term 288 for recognizeCandidate:25d6372c-77fd-4a39-ac2a-e48debad48df
2019-10-15 16:12:08,020 [grpc-default-executor-2] INFO  impl.RoleInfo (RoleInfo.java:shutdownFollowerState(121)) - 50423279-f647-4a18-8e85-347d68eaf856: shutdown FollowerState
2019-10-15 16:12:08,020 [Thread-1989] INFO  impl.FollowerState (FollowerState.java:run(117)) - 2ec85f63-33fb-4317-9145-71357d145af9@group-B2671EB745D2-FollowerState was interrupted: java.lang.InterruptedException: sleep interrupted
2019-10-15 16:12:08,020 [grpc-default-executor-1] INFO  impl.RoleInfo (RoleInfo.java:updateAndGet(143)) - 2ec85f63-33fb-4317-9145-71357d145af9: start FollowerState
2019-10-15 16:12:08,021 [Thread-1988] INFO  impl.FollowerState (FollowerState.java:run(117)) - 50423279-f647-4a18-8e85-347d68eaf856@group-B2671EB745D2-FollowerState was interrupted: java.lang.InterruptedException: sleep interrupted
2019-10-15 16:12:08,021 [grpc-default-executor-2] INFO  impl.RoleInfo (RoleInfo.java:updateAndGet(143)) - 50423279-f647-4a18-8e85-347d68eaf856: start FollowerState
2019-10-15 16:12:08,035 [25d6372c-77fd-4a39-ac2a-e48debad48df@group-B2671EB745D2-LeaderElection270] INFO  impl.LeaderElection (LeaderElection.java:logAndReturn(56)) - 25d6372c-77fd-4a39-ac2a-e48debad48df@group-B2671EB745D2-LeaderElection270: Election REJECTED; received 2 response(s) [25d6372c-77fd-4a39-ac2a-e48debad48df<-2ec85f63-33fb-4317-9145-71357d145af9#0:FAIL-t288, 25d6372c-77fd-4a39-ac2a-e48debad48df<-50423279-f647-4a18-8e85-347d68eaf856#0:FAIL-t288] and 0 exception(s); 25d6372c-77fd-4a39-ac2a-e48debad48df@group-B2671EB745D2:t288, leader=null, voted=25d6372c-77fd-4a39-ac2a-e48debad48df, raftlog=25d6372c-77fd-4a39-ac2a-e48debad48df@group-B2671EB745D2-SegmentedRaftLog:OPENED:c-1,f-1,i0, conf=-1: [50423279-f647-4a18-8e85-347d68eaf856:192.168.69.88:39583, 2ec85f63-33fb-4317-9145-71357d145af9:192.168.69.88:42357, 25d6372c-77fd-4a39-ac2a-e48debad48df:192.168.69.88:39591], old=null
2019-10-15 16:12:08,035 [25d6372c-77fd-4a39-ac2a-e48debad48df@group-B2671EB745D2-LeaderElection270] INFO  impl.RaftServerImpl (RaftServerImpl.java:setRole(184)) - 25d6372c-77fd-4a39-ac2a-e48debad48df@group-B2671EB745D2: changes role from CANDIDATE to FOLLOWER at term 288 for DISCOVERED_A_NEW_TERM
2019-10-15 16:12:08,035 [25d6372c-77fd-4a39-ac2a-e48debad48df@group-B2671EB745D2-LeaderElection270] INFO  impl.RoleInfo (RoleInfo.java:shutdownLeaderElection(134)) - 25d6372c-77fd-4a39-ac2a-e48debad48df: shutdown LeaderElection
2019-10-15 16:12:08,035 [25d6372c-77fd-4a39-ac2a-e48debad48df@group-B2671EB745D2-LeaderElection270] INFO  impl.RoleInfo (RoleInfo.java:updateAndGet(143)) - 25d6372c-77fd-4a39-ac2a-e48debad48df: start FollowerState
2019-10-15 16:12:08,195 [Thread-1996] INFO  impl.FollowerState (FollowerState.java:run(108)) - 25d6372c-77fd-4a39-ac2a-e48debad48df@group-B2671EB745D2-FollowerState: change to CANDIDATE, lastRpcTime:159ms, electionTimeout:159ms
2019-10-15 16:12:08,195 [Thread-1996] INFO  impl.RoleInfo (RoleInfo.java:shutdownFollowerState(121)) - 25d6372c-77fd-4a39-ac2a-e48debad48df: shutdown FollowerState
2019-10-15 16:12:08,195 [Thread-1996] INFO  impl.RaftServerImpl (RaftServerImpl.java:setRole(184)) - 25d6372c-77fd-4a39-ac2a-e48debad48df@group-B2671EB745D2: changes role from  FOLLOWER to CANDIDATE at term 288 for changeToCandidate
2019-10-15 16:12:08,196 [Thread-1996] INFO  impl.RoleInfo (RoleInfo.java:updateAndGet(143)) - 25d6372c-77fd-4a39-ac2a-e48debad48df: start LeaderElection
2019-10-15 16:12:08,201 [25d6372c-77fd-4a39-ac2a-e48debad48df@group-B2671EB745D2-LeaderElection271] INFO  impl.LeaderElection (LeaderElection.java:askForVotes(178)) - 25d6372c-77fd-4a39-ac2a-e48debad48df@group-B2671EB745D2-LeaderElection271: begin an election at term 289 for -1: [50423279-f647-4a18-8e85-347d68eaf856:192.168.69.88:39583, 2ec85f63-33fb-4317-9145-71357d145af9:192.168.69.88:42357, 25d6372c-77fd-4a39-ac2a-e48debad48df:192.168.69.88:39591], old=null
2019-10-15 16:12:08,205 [grpc-default-executor-1] INFO  impl.RaftServerImpl (RaftServerImpl.java:setRole(184)) - 2ec85f63-33fb-4317-9145-71357d145af9@group-B2671EB745D2: changes role from  FOLLOWER to FOLLOWER at term 289 for recognizeCandidate:25d6372c-77fd-4a39-ac2a-e48debad48df
2019-10-15 16:12:08,205 [grpc-default-executor-2] INFO  impl.RaftServerImpl (RaftServerImpl.java:setRole(184)) - 50423279-f647-4a18-8e85-347d68eaf856@group-B2671EB745D2: changes role from  FOLLOWER to FOLLOWER at term 289 for recognizeCandidate:25d6372c-77fd-4a39-ac2a-e48debad48df
2019-10-15 16:12:08,205 [grpc-default-executor-1] INFO  impl.RoleInfo (RoleInfo.java:shutdownFollowerState(121)) - 2ec85f63-33fb-4317-9145-71357d145af9: shutdown FollowerState
2019-10-15 16:12:08,205 [grpc-default-executor-2] INFO  impl.RoleInfo (RoleInfo.java:shutdownFollowerState(121)) - 50423279-f647-4a18-8e85-347d68eaf856: shutdown FollowerState
2019-10-15 16:12:08,206 [Thread-1994] INFO  impl.FollowerState (FollowerState.java:run(117)) - 2ec85f63-33fb-4317-9145-71357d145af9@group-B2671EB745D2-FollowerState was interrupted: java.lang.InterruptedException: sleep interrupted
2019-10-15 16:12:08,206 [Thread-1995] INFO  impl.FollowerState (FollowerState.java:run(117)) - 50423279-f647-4a18-8e85-347d68eaf856@group-B2671EB745D2-FollowerState was interrupted: java.lang.InterruptedException: sleep interrupted
2019-10-15 16:12:08,206 [grpc-default-executor-1] INFO  impl.RoleInfo (RoleInfo.java:updateAndGet(143)) - 2ec85f63-33fb-4317-9145-71357d145af9: start FollowerState
2019-10-15 16:12:08,206 [grpc-default-executor-2] INFO  impl.RoleInfo (RoleInfo.java:updateAndGet(143)) - 50423279-f647-4a18-8e85-347d68eaf856: start FollowerState
2019-10-15 16:12:08,220 [25d6372c-77fd-4a39-ac2a-e48debad48df@group-B2671EB745D2-LeaderElection271] INFO  impl.LeaderElection (LeaderElection.java:logAndReturn(56)) - 25d6372c-77fd-4a39-ac2a-e48debad48df@group-B2671EB745D2-LeaderElection271: Election REJECTED; received 2 response(s) [25d6372c-77fd-4a39-ac2a-e48debad48df<-50423279-f647-4a18-8e85-347d68eaf856#0:FAIL-t289, 25d6372c-77fd-4a39-ac2a-e48debad48df<-2ec85f63-33fb-4317-9145-71357d145af9#0:FAIL-t289] and 0 exception(s); 25d6372c-77fd-4a39-ac2a-e48debad48df@group-B2671EB745D2:t289, leader=null, voted=25d6372c-77fd-4a39-ac2a-e48debad48df, raftlog=25d6372c-77fd-4a39-ac2a-e48debad48df@group-B2671EB745D2-SegmentedRaftLog:OPENED:c-1,f-1,i0, conf=-1: [50423279-f647-4a18-8e85-347d68eaf856:192.168.69.88:39583, 2ec85f63-33fb-4317-9145-71357d145af9:192.168.69.88:42357, 25d6372c-77fd-4a39-ac2a-e48debad48df:192.168.69.88:39591], old=null
2019-10-15 16:12:08,220 [25d6372c-77fd-4a39-ac2a-e48debad48df@group-B2671EB745D2-LeaderElection271] INFO  impl.RaftServerImpl (RaftServerImpl.java:setRole(184)) - 25d6372c-77fd-4a39-ac2a-e48debad48df@group-B2671EB745D2: changes role from CANDIDATE to FOLLOWER at term 289 for DISCOVERED_A_NEW_TERM
2019-10-15 16:12:08,221 [25d6372c-77fd-4a39-ac2a-e48debad48df@group-B2671EB745D2-LeaderElection271] INFO  impl.RoleInfo (RoleInfo.java:shutdownLeaderElection(134)) - 25d6372c-77fd-4a39-ac2a-e48debad48df: shutdown LeaderElection
2019-10-15 16:12:08,221 [25d6372c-77fd-4a39-ac2a-e48debad48df@group-B2671EB745D2-LeaderElection271] INFO  impl.RoleInfo (RoleInfo.java:updateAndGet(143)) - 25d6372c-77fd-4a39-ac2a-e48debad48df: start FollowerState
2019-10-15 16:12:08,312 [Thread-2002] INFO  impl.FollowerState (FollowerState.java:run(108)) - 25d6372c-77fd-4a39-ac2a-e48debad48df@group-B2671EB745D2-FollowerState: change to CANDIDATE, lastRpcTime:91ms, electionTimeout:91ms
2019-10-15 16:12:08,312 [Thread-2002] INFO  impl.RoleInfo (RoleInfo.java:shutdownFollowerState(121)) - 25d6372c-77fd-4a39-ac2a-e48debad48df: shutdown FollowerState
2019-10-15 16:12:08,312 [Thread-2002] INFO  impl.RaftServerImpl (RaftServerImpl.java:setRole(184)) - 25d6372c-77fd-4a39-ac2a-e48debad48df@group-B2671EB745D2: changes role from  FOLLOWER to CANDIDATE at term 289 for changeToCandidate
2019-10-15 16:12:08,313 [Thread-2002] INFO  impl.RoleInfo (RoleInfo.java:updateAndGet(143)) - 25d6372c-77fd-4a39-ac2a-e48debad48df: start LeaderElection
2019-10-15 16:12:08,328 [25d6372c-77fd-4a39-ac2a-e48debad48df@group-B2671EB745D2-LeaderElection272] INFO  impl.LeaderElection (LeaderElection.java:askForVotes(178)) - 25d6372c-77fd-4a39-ac2a-e48debad48df@group-B2671EB745D2-LeaderElection272: begin an election at term 290 for -1: [50423279-f647-4a18-8e85-347d68eaf856:192.168.69.88:39583, 2ec85f63-33fb-4317-9145-71357d145af9:192.168.69.88:42357, 25d6372c-77fd-4a39-ac2a-e48debad48df:192.168.69.88:39591], old=null
2019-10-15 16:12:08,330 [grpc-default-executor-1] INFO  impl.RaftServerImpl (RaftServerImpl.java:setRole(184)) - 50423279-f647-4a18-8e85-347d68eaf856@group-B2671EB745D2: changes role from  FOLLOWER to FOLLOWER at term 290 for recognizeCandidate:25d6372c-77fd-4a39-ac2a-e48debad48df
2019-10-15 16:12:08,330 [grpc-default-executor-1] INFO  impl.RoleInfo (RoleInfo.java:shutdownFollowerState(121)) - 50423279-f647-4a18-8e85-347d68eaf856: shutdown FollowerState
2019-10-15 16:12:08,330 [grpc-default-executor-2] INFO  impl.RaftServerImpl (RaftServerImpl.java:setRole(184)) - 2ec85f63-33fb-4317-9145-71357d145af9@group-B2671EB745D2: changes role from  FOLLOWER to FOLLOWER at term 290 for recognizeCandidate:25d6372c-77fd-4a39-ac2a-e48debad48df
2019-10-15 16:12:08,330 [Thread-2001] INFO  impl.FollowerState (FollowerState.java:run(117)) - 50423279-f647-4a18-8e85-347d68eaf856@group-B2671EB745D2-FollowerState was interrupted: java.lang.InterruptedException: sleep interrupted
2019-10-15 16:12:08,330 [grpc-default-executor-1] INFO  impl.RoleInfo (RoleInfo.java:updateAndGet(143)) - 50423279-f647-4a18-8e85-347d68eaf856: start FollowerState
2019-10-15 16:12:08,330 [grpc-default-executor-2] INFO  impl.RoleInfo (RoleInfo.java:shutdownFollowerState(121)) - 2ec85f63-33fb-4317-9145-71357d145af9: shutdown FollowerState
2019-10-15 16:12:08,331 [grpc-default-executor-2] INFO  impl.RoleInfo (RoleInfo.java:updateAndGet(143)) - 2ec85f63-33fb-4317-9145-71357d145af9: start FollowerState
2019-10-15 16:12:08,331 [Thread-2000] INFO  impl.FollowerState (FollowerState.java:run(117)) - 2ec85f63-33fb-4317-9145-71357d145af9@group-B2671EB745D2-FollowerState was interrupted: java.lang.InterruptedException: sleep interrupted
2019-10-15 16:12:08,345 [25d6372c-77fd-4a39-ac2a-e48debad48df@group-B2671EB745D2-LeaderElection272] INFO  impl.LeaderElection (LeaderElection.java:logAndReturn(56)) - 25d6372c-77fd-4a39-ac2a-e48debad48df@group-B2671EB745D2-LeaderElection272: Election REJECTED; received 2 response(s) [25d6372c-77fd-4a39-ac2a-e48debad48df<-50423279-f647-4a18-8e85-347d68eaf856#0:FAIL-t290, 25d6372c-77fd-4a39-ac2a-e48debad48df<-2ec85f63-33fb-4317-9145-71357d145af9#0:FAIL-t290] and 0 exception(s); 25d6372c-77fd-4a39-ac2a-e48debad48df@group-B2671EB745D2:t290, leader=null, voted=25d6372c-77fd-4a39-ac2a-e48debad48df, raftlog=25d6372c-77fd-4a39-ac2a-e48debad48df@group-B2671EB745D2-SegmentedRaftLog:OPENED:c-1,f-1,i0, conf=-1: [50423279-f647-4a18-8e85-347d68eaf856:192.168.69.88:39583, 2ec85f63-33fb-4317-9145-71357d145af9:192.168.69.88:42357, 25d6372c-77fd-4a39-ac2a-e48debad48df:192.168.69.88:39591], old=null
2019-10-15 16:12:08,345 [25d6372c-77fd-4a39-ac2a-e48debad48df@group-B2671EB745D2-LeaderElection272] INFO  impl.RaftServerImpl (RaftServerImpl.java:setRole(184)) - 25d6372c-77fd-4a39-ac2a-e48debad48df@group-B2671EB745D2: changes role from CANDIDATE to FOLLOWER at term 290 for DISCOVERED_A_NEW_TERM
2019-10-15 16:12:08,345 [25d6372c-77fd-4a39-ac2a-e48debad48df@group-B2671EB745D2-LeaderElection272] INFO  impl.RoleInfo (RoleInfo.java:shutdownLeaderElection(134)) - 25d6372c-77fd-4a39-ac2a-e48debad48df: shutdown LeaderElection
2019-10-15 16:12:08,345 [25d6372c-77fd-4a39-ac2a-e48debad48df@group-B2671EB745D2-LeaderElection272] INFO  impl.RoleInfo (RoleInfo.java:updateAndGet(143)) - 25d6372c-77fd-4a39-ac2a-e48debad48df: start FollowerState
2019-10-15 16:12:08,443 [Thread-2008] INFO  impl.FollowerState (FollowerState.java:run(108)) - 25d6372c-77fd-4a39-ac2a-e48debad48df@group-B2671EB745D2-FollowerState: change to CANDIDATE, lastRpcTime:98ms, electionTimeout:98ms
2019-10-15 16:12:08,444 [Thread-2008] INFO  impl.RoleInfo (RoleInfo.java:shutdownFollowerState(121)) - 25d6372c-77fd-4a39-ac2a-e48debad48df: shutdown FollowerState
2019-10-15 16:12:08,444 [Thread-2008] INFO  impl.RaftServerImpl (RaftServerImpl.java:setRole(184)) - 25d6372c-77fd-4a39-ac2a-e48debad48df@group-B2671EB745D2: changes role from  FOLLOWER to CANDIDATE at term 290 for changeToCandidate
2019-10-15 16:12:08,444 [Thread-2008] INFO  impl.RoleInfo (RoleInfo.java:updateAndGet(143)) - 25d6372c-77fd-4a39-ac2a-e48debad48df: start LeaderElection
2019-10-15 16:12:08,458 [25d6372c-77fd-4a39-ac2a-e48debad48df@group-B2671EB745D2-LeaderElection273] INFO  impl.LeaderElection (LeaderElection.java:askForVotes(178)) - 25d6372c-77fd-4a39-ac2a-e48debad48df@group-B2671EB745D2-LeaderElection273: begin an election at term 291 for -1: [50423279-f647-4a18-8e85-347d68eaf856:192.168.69.88:39583, 2ec85f63-33fb-4317-9145-71357d145af9:192.168.69.88:42357, 25d6372c-77fd-4a39-ac2a-e48debad48df:192.168.69.88:39591], old=null
2019-10-15 16:12:08,460 [grpc-default-executor-2] INFO  impl.RaftServerImpl (RaftServerImpl.java:setRole(184)) - 2ec85f63-33fb-4317-9145-71357d145af9@group-B2671EB745D2: changes role from  FOLLOWER to FOLLOWER at term 291 for recognizeCandidate:25d6372c-77fd-4a39-ac2a-e48debad48df
2019-10-15 16:12:08,460 [grpc-default-executor-1] INFO  impl.RaftServerImpl (RaftServerImpl.java:setRole(184)) - 50423279-f647-4a18-8e85-347d68eaf856@group-B2671EB745D2: changes role from  FOLLOWER to FOLLOWER at term 291 for recognizeCandidate:25d6372c-77fd-4a39-ac2a-e48debad48df
2019-10-15 16:12:08,460 [grpc-default-executor-2] INFO  impl.RoleInfo (RoleInfo.java:shutdownFollowerState(121)) - 2ec85f63-33fb-4317-9145-71357d145af9: shutdown FollowerState
2019-10-15 16:12:08,460 [grpc-default-executor-1] INFO  impl.RoleInfo (RoleInfo.java:shutdownFollowerState(121)) - 50423279-f647-4a18-8e85-347d68eaf856: shutdown FollowerState
2019-10-15 16:12:08,461 [Thread-2007] INFO  impl.FollowerState (FollowerState.java:run(117)) - 2ec85f63-33fb-4317-9145-71357d145af9@group-B2671EB745D2-FollowerState was interrupted: java.lang.InterruptedException: sleep interrupted
2019-10-15 16:12:08,461 [grpc-default-executor-2] INFO  impl.RoleInfo (RoleInfo.java:updateAndGet(143)) - 2ec85f63-33fb-4317-9145-71357d145af9: start FollowerState
2019-10-15 16:12:08,461 [Thread-2006] INFO  impl.FollowerState (FollowerState.java:run(117)) - 50423279-f647-4a18-8e85-347d68eaf856@group-B2671EB745D2-FollowerState was interrupted: java.lang.InterruptedException: sleep interrupted
2019-10-15 16:12:08,461 [grpc-default-executor-1] INFO  impl.RoleInfo (RoleInfo.java:updateAndGet(143)) - 50423279-f647-4a18-8e85-347d68eaf856: start FollowerState
2019-10-15 16:12:08,480 [25d6372c-77fd-4a39-ac2a-e48debad48df@group-B2671EB745D2-LeaderElection273] INFO  impl.LeaderElection (LeaderElection.java:logAndReturn(56)) - 25d6372c-77fd-4a39-ac2a-e48debad48df@group-B2671EB745D2-LeaderElection273: Election REJECTED; received 2 response(s) [25d6372c-77fd-4a39-ac2a-e48debad48df<-2ec85f63-33fb-4317-9145-71357d145af9#0:FAIL-t291, 25d6372c-77fd-4a39-ac2a-e48debad48df<-50423279-f647-4a18-8e85-347d68eaf856#0:FAIL-t291] and 0 exception(s); 25d6372c-77fd-4a39-ac2a-e48debad48df@group-B2671EB745D2:t291, leader=null, voted=25d6372c-77fd-4a39-ac2a-e48debad48df, raftlog=25d6372c-77fd-4a39-ac2a-e48debad48df@group-B2671EB745D2-SegmentedRaftLog:OPENED:c-1,f-1,i0, conf=-1: [50423279-f647-4a18-8e85-347d68eaf856:192.168.69.88:39583, 2ec85f63-33fb-4317-9145-71357d145af9:192.168.69.88:42357, 25d6372c-77fd-4a39-ac2a-e48debad48df:192.168.69.88:39591], old=null
2019-10-15 16:12:08,480 [25d6372c-77fd-4a39-ac2a-e48debad48df@group-B2671EB745D2-LeaderElection273] INFO  impl.RaftServerImpl (RaftServerImpl.java:setRole(184)) - 25d6372c-77fd-4a39-ac2a-e48debad48df@group-B2671EB745D2: changes role from CANDIDATE to FOLLOWER at term 291 for DISCOVERED_A_NEW_TERM
2019-10-15 16:12:08,481 [25d6372c-77fd-4a39-ac2a-e48debad48df@group-B2671EB745D2-LeaderElection273] INFO  impl.RoleInfo (RoleInfo.java:shutdownLeaderElection(134)) - 25d6372c-77fd-4a39-ac2a-e48debad48df: shutdown LeaderElection
2019-10-15 16:12:08,481 [25d6372c-77fd-4a39-ac2a-e48debad48df@group-B2671EB745D2-LeaderElection273] INFO  impl.RoleInfo (RoleInfo.java:updateAndGet(143)) - 25d6372c-77fd-4a39-ac2a-e48debad48df: start FollowerState
2019-10-15 16:12:08,508 [Thread-2014] INFO  impl.FollowerState (FollowerState.java:run(108)) - 25d6372c-77fd-4a39-ac2a-e48debad48df@group-B2671EB745D2-FollowerState: change to CANDIDATE, lastRpcTime:27ms, electionTimeout:27ms
2019-10-15 16:12:08,508 [Thread-2014] INFO  impl.RoleInfo (RoleInfo.java:shutdownFollowerState(121)) - 25d6372c-77fd-4a39-ac2a-e48debad48df: shutdown FollowerState
2019-10-15 16:12:08,508 [Thread-2014] INFO  impl.RaftServerImpl (RaftServerImpl.java:setRole(184)) - 25d6372c-77fd-4a39-ac2a-e48debad48df@group-B2671EB745D2: changes role from  FOLLOWER to CANDIDATE at term 291 for changeToCandidate
2019-10-15 16:12:08,509 [Thread-2014] INFO  impl.RoleInfo (RoleInfo.java:updateAndGet(143)) - 25d6372c-77fd-4a39-ac2a-e48debad48df: start LeaderElection
2019-10-15 16:12:08,523 [25d6372c-77fd-4a39-ac2a-e48debad48df@group-B2671EB745D2-LeaderElection274] INFO  impl.LeaderElection (LeaderElection.java:askForVotes(178)) - 25d6372c-77fd-4a39-ac2a-e48debad48df@group-B2671EB745D2-LeaderElection274: begin an election at term 292 for -1: [50423279-f647-4a18-8e85-347d68eaf856:192.168.69.88:39583, 2ec85f63-33fb-4317-9145-71357d145af9:192.168.69.88:42357, 25d6372c-77fd-4a39-ac2a-e48debad48df:192.168.69.88:39591], old=null
2019-10-15 16:12:08,525 [grpc-default-executor-1] INFO  impl.RaftServerImpl (RaftServerImpl.java:setRole(184)) - 50423279-f647-4a18-8e85-347d68eaf856@group-B2671EB745D2: changes role from  FOLLOWER to FOLLOWER at term 292 for recognizeCandidate:25d6372c-77fd-4a39-ac2a-e48debad48df
2019-10-15 16:12:08,525 [grpc-default-executor-2] INFO  impl.RaftServerImpl (RaftServerImpl.java:setRole(184)) - 2ec85f63-33fb-4317-9145-71357d145af9@group-B2671EB745D2: changes role from  FOLLOWER to FOLLOWER at term 292 for recognizeCandidate:25d6372c-77fd-4a39-ac2a-e48debad48df
2019-10-15 16:12:08,525 [grpc-default-executor-1] INFO  impl.RoleInfo (RoleInfo.java:shutdownFollowerState(121)) - 50423279-f647-4a18-8e85-347d68eaf856: shutdown FollowerState
2019-10-15 16:12:08,525 [grpc-default-executor-2] INFO  impl.RoleInfo (RoleInfo.java:shutdownFollowerState(121)) - 2ec85f63-33fb-4317-9145-71357d145af9: shutdown FollowerState
2019-10-15 16:12:08,526 [Thread-2013] INFO  impl.FollowerState (FollowerState.java:run(117)) - 50423279-f647-4a18-8e85-347d68eaf856@group-B2671EB745D2-FollowerState was interrupted: java.lang.InterruptedException: sleep interrupted
2019-10-15 16:12:08,526 [Thread-2012] INFO  impl.FollowerState (FollowerState.java:run(117)) - 2ec85f63-33fb-4317-9145-71357d145af9@group-B2671EB745D2-FollowerState was interrupted: java.lang.InterruptedException: sleep interrupted
2019-10-15 16:12:08,526 [grpc-default-executor-1] INFO  impl.RoleInfo (RoleInfo.java:updateAndGet(143)) - 50423279-f647-4a18-8e85-347d68eaf856: start FollowerState
2019-10-15 16:12:08,526 [grpc-default-executor-2] INFO  impl.RoleInfo (RoleInfo.java:updateAndGet(143)) - 2ec85f63-33fb-4317-9145-71357d145af9: start FollowerState
2019-10-15 16:12:08,541 [25d6372c-77fd-4a39-ac2a-e48debad48df@group-B2671EB745D2-LeaderElection274] INFO  impl.LeaderElection (LeaderElection.java:logAndReturn(56)) - 25d6372c-77fd-4a39-ac2a-e48debad48df@group-B2671EB745D2-LeaderElection274: Election REJECTED; received 2 response(s) [25d6372c-77fd-4a39-ac2a-e48debad48df<-50423279-f647-4a18-8e85-347d68eaf856#0:FAIL-t292, 25d6372c-77fd-4a39-ac2a-e48debad48df<-2ec85f63-33fb-4317-9145-71357d145af9#0:FAIL-t292] and 0 exception(s); 25d6372c-77fd-4a39-ac2a-e48debad48df@group-B2671EB745D2:t292, leader=null, voted=25d6372c-77fd-4a39-ac2a-e48debad48df, raftlog=25d6372c-77fd-4a39-ac2a-e48debad48df@group-B2671EB745D2-SegmentedRaftLog:OPENED:c-1,f-1,i0, conf=-1: [50423279-f647-4a18-8e85-347d68eaf856:192.168.69.88:39583, 2ec85f63-33fb-4317-9145-71357d145af9:192.168.69.88:42357, 25d6372c-77fd-4a39-ac2a-e48debad48df:192.168.69.88:39591], old=null
2019-10-15 16:12:08,541 [25d6372c-77fd-4a39-ac2a-e48debad48df@group-B2671EB745D2-LeaderElection274] INFO  impl.RaftServerImpl (RaftServerImpl.java:setRole(184)) - 25d6372c-77fd-4a39-ac2a-e48debad48df@group-B2671EB745D2: changes role from CANDIDATE to FOLLOWER at term 292 for DISCOVERED_A_NEW_TERM
2019-10-15 16:12:08,541 [25d6372c-77fd-4a39-ac2a-e48debad48df@group-B2671EB745D2-LeaderElection274] INFO  impl.RoleInfo (RoleInfo.java:shutdownLeaderElection(134)) - 25d6372c-77fd-4a39-ac2a-e48debad48df: shutdown LeaderElection
2019-10-15 16:12:08,541 [25d6372c-77fd-4a39-ac2a-e48debad48df@group-B2671EB745D2-LeaderElection274] INFO  impl.RoleInfo (RoleInfo.java:updateAndGet(143)) - 25d6372c-77fd-4a39-ac2a-e48debad48df: start FollowerState
2019-10-15 16:12:08,677 [Thread-2020] INFO  impl.FollowerState (FollowerState.java:run(108)) - 25d6372c-77fd-4a39-ac2a-e48debad48df@group-B2671EB745D2-FollowerState: change to CANDIDATE, lastRpcTime:136ms, electionTimeout:136ms
2019-10-15 16:12:08,678 [Thread-2020] INFO  impl.RoleInfo (RoleInfo.java:shutdownFollowerState(121)) - 25d6372c-77fd-4a39-ac2a-e48debad48df: shutdown FollowerState
2019-10-15 16:12:08,678 [Thread-2020] INFO  impl.RaftServerImpl (RaftServerImpl.java:setRole(184)) - 25d6372c-77fd-4a39-ac2a-e48debad48df@group-B2671EB745D2: changes role from  FOLLOWER to CANDIDATE at term 292 for changeToCandidate
2019-10-15 16:12:08,678 [Thread-2020] INFO  impl.RoleInfo (RoleInfo.java:updateAndGet(143)) - 25d6372c-77fd-4a39-ac2a-e48debad48df: start LeaderElection
2019-10-15 16:12:08,691 [25d6372c-77fd-4a39-ac2a-e48debad48df@group-B2671EB745D2-LeaderElection275] INFO  impl.LeaderElection (LeaderElection.java:askForVotes(178)) - 25d6372c-77fd-4a39-ac2a-e48debad48df@group-B2671EB745D2-LeaderElection275: begin an election at term 293 for -1: [50423279-f647-4a18-8e85-347d68eaf856:192.168.69.88:39583, 2ec85f63-33fb-4317-9145-71357d145af9:192.168.69.88:42357, 25d6372c-77fd-4a39-ac2a-e48debad48df:192.168.69.88:39591], old=null
2019-10-15 16:12:08,693 [grpc-default-executor-2] INFO  impl.RaftServerImpl (RaftServerImpl.java:setRole(184)) - 50423279-f647-4a18-8e85-347d68eaf856@group-B2671EB745D2: changes role from  FOLLOWER to FOLLOWER at term 293 for recognizeCandidate:25d6372c-77fd-4a39-ac2a-e48debad48df
2019-10-15 16:12:08,693 [grpc-default-executor-1] INFO  impl.RaftServerImpl (RaftServerImpl.java:setRole(184)) - 2ec85f63-33fb-4317-9145-71357d145af9@group-B2671EB745D2: changes role from  FOLLOWER to FOLLOWER at term 293 for recognizeCandidate:25d6372c-77fd-4a39-ac2a-e48debad48df
2019-10-15 16:12:08,694 [grpc-default-executor-2] INFO  impl.RoleInfo (RoleInfo.java:shutdownFollowerState(121)) - 50423279-f647-4a18-8e85-347d68eaf856: shutdown FollowerState
2019-10-15 16:12:08,694 [grpc-default-executor-1] INFO  impl.RoleInfo (RoleInfo.java:shutdownFollowerState(121)) - 2ec85f63-33fb-4317-9145-71357d145af9: shutdown FollowerState
2019-10-15 16:12:08,694 [Thread-2018] INFO  impl.FollowerState (FollowerState.java:run(117)) - 50423279-f647-4a18-8e85-347d68eaf856@group-B2671EB745D2-FollowerState was interrupted: java.lang.InterruptedException: sleep interrupted
2019-10-15 16:12:08,694 [grpc-default-executor-2] INFO  impl.RoleInfo (RoleInfo.java:updateAndGet(143)) - 50423279-f647-4a18-8e85-347d68eaf856: start FollowerState
2019-10-15 16:12:08,694 [Thread-2019] INFO  impl.FollowerState (FollowerState.java:run(117)) - 2ec85f63-33fb-4317-9145-71357d145af9@group-B2671EB745D2-FollowerState was interrupted: java.lang.InterruptedException: sleep interrupted
2019-10-15 16:12:08,694 [grpc-default-executor-1] INFO  impl.RoleInfo (RoleInfo.java:updateAndGet(143)) - 2ec85f63-33fb-4317-9145-71357d145af9: start FollowerState
2019-10-15 16:12:08,709 [25d6372c-77fd-4a39-ac2a-e48debad48df@group-B2671EB745D2-LeaderElection275] INFO  impl.LeaderElection (LeaderElection.java:logAndReturn(56)) - 25d6372c-77fd-4a39-ac2a-e48debad48df@group-B2671EB745D2-LeaderElection275: Election REJECTED; received 2 response(s) [25d6372c-77fd-4a39-ac2a-e48debad48df<-50423279-f647-4a18-8e85-347d68eaf856#0:FAIL-t293, 25d6372c-77fd-4a39-ac2a-e48debad48df<-2ec85f63-33fb-4317-9145-71357d145af9#0:FAIL-t293] and 0 exception(s); 25d6372c-77fd-4a39-ac2a-e48debad48df@group-B2671EB745D2:t293, leader=null, voted=25d6372c-77fd-4a39-ac2a-e48debad48df, raftlog=25d6372c-77fd-4a39-ac2a-e48debad48df@group-B2671EB745D2-SegmentedRaftLog:OPENED:c-1,f-1,i0, conf=-1: [50423279-f647-4a18-8e85-347d68eaf856:192.168.69.88:39583, 2ec85f63-33fb-4317-9145-71357d145af9:192.168.69.88:42357, 25d6372c-77fd-4a39-ac2a-e48debad48df:192.168.69.88:39591], old=null
2019-10-15 16:12:08,709 [25d6372c-77fd-4a39-ac2a-e48debad48df@group-B2671EB745D2-LeaderElection275] INFO  impl.RaftServerImpl (RaftServerImpl.java:setRole(184)) - 25d6372c-77fd-4a39-ac2a-e48debad48df@group-B2671EB745D2: changes role from CANDIDATE to FOLLOWER at term 293 for DISCOVERED_A_NEW_TERM
2019-10-15 16:12:08,709 [25d6372c-77fd-4a39-ac2a-e48debad48df@group-B2671EB745D2-LeaderElection275] INFO  impl.RoleInfo (RoleInfo.java:shutdownLeaderElection(134)) - 25d6372c-77fd-4a39-ac2a-e48debad48df: shutdown LeaderElection
2019-10-15 16:12:08,709 [25d6372c-77fd-4a39-ac2a-e48debad48df@group-B2671EB745D2-LeaderElection275] INFO  impl.RoleInfo (RoleInfo.java:updateAndGet(143)) - 25d6372c-77fd-4a39-ac2a-e48debad48df: start FollowerState
2019-10-15 16:12:08,884 [Thread-2028] INFO  impl.FollowerState (FollowerState.java:run(108)) - 25d6372c-77fd-4a39-ac2a-e48debad48df@group-B2671EB745D2-FollowerState: change to CANDIDATE, lastRpcTime:175ms, electionTimeout:175ms
2019-10-15 16:12:08,885 [Thread-2028] INFO  impl.RoleInfo (RoleInfo.java:shutdownFollowerState(121)) - 25d6372c-77fd-4a39-ac2a-e48debad48df: shutdown FollowerState
2019-10-15 16:12:08,885 [Thread-2028] INFO  impl.RaftServerImpl (RaftServerImpl.java:setRole(184)) - 25d6372c-77fd-4a39-ac2a-e48debad48df@group-B2671EB745D2: changes role from  FOLLOWER to CANDIDATE at term 293 for changeToCandidate
2019-10-15 16:12:08,885 [Thread-2028] INFO  impl.RoleInfo (RoleInfo.java:updateAndGet(143)) - 25d6372c-77fd-4a39-ac2a-e48debad48df: start LeaderElection
2019-10-15 16:12:08,914 [25d6372c-77fd-4a39-ac2a-e48debad48df@group-B2671EB745D2-LeaderElection276] INFO  impl.LeaderElection (LeaderElection.java:askForVotes(178)) - 25d6372c-77fd-4a39-ac2a-e48debad48df@group-B2671EB745D2-LeaderElection276: begin an election at term 294 for -1: [50423279-f647-4a18-8e85-347d68eaf856:192.168.69.88:39583, 2ec85f63-33fb-4317-9145-71357d145af9:192.168.69.88:42357, 25d6372c-77fd-4a39-ac2a-e48debad48df:192.168.69.88:39591], old=null
2019-10-15 16:12:08,916 [grpc-default-executor-2] INFO  impl.RaftServerImpl (RaftServerImpl.java:setRole(184)) - 50423279-f647-4a18-8e85-347d68eaf856@group-B2671EB745D2: changes role from  FOLLOWER to FOLLOWER at term 294 for recognizeCandidate:25d6372c-77fd-4a39-ac2a-e48debad48df
2019-10-15 16:12:08,916 [grpc-default-executor-1] INFO  impl.RaftServerImpl (RaftServerImpl.java:setRole(184)) - 2ec85f63-33fb-4317-9145-71357d145af9@group-B2671EB745D2: changes role from  FOLLOWER to FOLLOWER at term 294 for recognizeCandidate:25d6372c-77fd-4a39-ac2a-e48debad48df
2019-10-15 16:12:08,916 [grpc-default-executor-2] INFO  impl.RoleInfo (RoleInfo.java:shutdownFollowerState(121)) - 50423279-f647-4a18-8e85-347d68eaf856: shutdown FollowerState
2019-10-15 16:12:08,916 [grpc-default-executor-1] INFO  impl.RoleInfo (RoleInfo.java:shutdownFollowerState(121)) - 2ec85f63-33fb-4317-9145-71357d145af9: shutdown FollowerState
2019-10-15 16:12:08,917 [Thread-2026] INFO  impl.FollowerState (FollowerState.java:run(117)) - 50423279-f647-4a18-8e85-347d68eaf856@group-B2671EB745D2-FollowerState was interrupted: java.lang.InterruptedException: sleep interrupted
2019-10-15 16:12:08,917 [Thread-2027] INFO  impl.FollowerState (FollowerState.java:run(117)) - 2ec85f63-33fb-4317-9145-71357d145af9@group-B2671EB745D2-FollowerState was interrupted: java.lang.InterruptedException: sleep interrupted
2019-10-15 16:12:08,917 [grpc-default-executor-2] INFO  impl.RoleInfo (RoleInfo.java:updateAndGet(143)) - 50423279-f647-4a18-8e85-347d68eaf856: start FollowerState
2019-10-15 16:12:08,917 [grpc-default-executor-1] INFO  impl.RoleInfo (RoleInfo.java:updateAndGet(143)) - 2ec85f63-33fb-4317-9145-71357d145af9: start FollowerState
2019-10-15 16:12:08,973 [25d6372c-77fd-4a39-ac2a-e48debad48df@group-B2671EB745D2-LeaderElection276] INFO  impl.LeaderElection (LeaderElection.java:logAndReturn(56)) - 25d6372c-77fd-4a39-ac2a-e48debad48df@group-B2671EB745D2-LeaderElection276: Election TIMEOUT; received 0 response(s) [] and 0 exception(s); 25d6372c-77fd-4a39-ac2a-e48debad48df@group-B2671EB745D2:t294, leader=null, voted=25d6372c-77fd-4a39-ac2a-e48debad48df, raftlog=25d6372c-77fd-4a39-ac2a-e48debad48df@group-B2671EB745D2-SegmentedRaftLog:OPENED:c-1,f-1,i0, conf=-1: [50423279-f647-4a18-8e85-347d68eaf856:192.168.69.88:39583, 2ec85f63-33fb-4317-9145-71357d145af9:192.168.69.88:42357, 25d6372c-77fd-4a39-ac2a-e48debad48df:192.168.69.88:39591], old=null
2019-10-15 16:12:08,994 [25d6372c-77fd-4a39-ac2a-e48debad48df@group-B2671EB745D2-LeaderElection276] INFO  impl.LeaderElection (LeaderElection.java:askForVotes(178)) - 25d6372c-77fd-4a39-ac2a-e48debad48df@group-B2671EB745D2-LeaderElection276: begin an election at term 295 for -1: [50423279-f647-4a18-8e85-347d68eaf856:192.168.69.88:39583, 2ec85f63-33fb-4317-9145-71357d145af9:192.168.69.88:42357, 25d6372c-77fd-4a39-ac2a-e48debad48df:192.168.69.88:39591], old=null
2019-10-15 16:12:08,996 [grpc-default-executor-1] INFO  impl.RaftServerImpl (RaftServerImpl.java:setRole(184)) - 50423279-f647-4a18-8e85-347d68eaf856@group-B2671EB745D2: changes role from  FOLLOWER to FOLLOWER at term 295 for recognizeCandidate:25d6372c-77fd-4a39-ac2a-e48debad48df
2019-10-15 16:12:08,996 [grpc-default-executor-1] INFO  impl.RoleInfo (RoleInfo.java:shutdownFollowerState(121)) - 50423279-f647-4a18-8e85-347d68eaf856: shutdown FollowerState
2019-10-15 16:12:08,996 [grpc-default-executor-1] INFO  impl.RoleInfo (RoleInfo.java:updateAndGet(143)) - 50423279-f647-4a18-8e85-347d68eaf856: start FollowerState
2019-10-15 16:12:08,996 [Thread-2032] INFO  impl.FollowerState (FollowerState.java:run(117)) - 50423279-f647-4a18-8e85-347d68eaf856@group-B2671EB745D2-FollowerState was interrupted: java.lang.InterruptedException: sleep interrupted
2019-10-15 16:12:08,996 [grpc-default-executor-2] INFO  impl.RaftServerImpl (RaftServerImpl.java:setRole(184)) - 2ec85f63-33fb-4317-9145-71357d145af9@group-B2671EB745D2: changes role from  FOLLOWER to FOLLOWER at term 295 for recognizeCandidate:25d6372c-77fd-4a39-ac2a-e48debad48df
2019-10-15 16:12:08,996 [grpc-default-executor-2] INFO  impl.RoleInfo (RoleInfo.java:shutdownFollowerState(121)) - 2ec85f63-33fb-4317-9145-71357d145af9: shutdown FollowerState
2019-10-15 16:12:08,997 [grpc-default-executor-2] INFO  impl.RoleInfo (RoleInfo.java:updateAndGet(143)) - 2ec85f63-33fb-4317-9145-71357d145af9: start FollowerState
2019-10-15 16:12:08,997 [Thread-2033] INFO  impl.FollowerState (FollowerState.java:run(117)) - 2ec85f63-33fb-4317-9145-71357d145af9@group-B2671EB745D2-FollowerState was interrupted: java.lang.InterruptedException: sleep interrupted
2019-10-15 16:12:09,015 [25d6372c-77fd-4a39-ac2a-e48debad48df@group-B2671EB745D2-LeaderElection276] INFO  impl.LeaderElection (LeaderElection.java:logAndReturn(56)) - 25d6372c-77fd-4a39-ac2a-e48debad48df@group-B2671EB745D2-LeaderElection276: Election REJECTED; received 2 response(s) [25d6372c-77fd-4a39-ac2a-e48debad48df<-50423279-f647-4a18-8e85-347d68eaf856#0:FAIL-t295, 25d6372c-77fd-4a39-ac2a-e48debad48df<-2ec85f63-33fb-4317-9145-71357d145af9#0:FAIL-t295] and 0 exception(s); 25d6372c-77fd-4a39-ac2a-e48debad48df@group-B2671EB745D2:t295, leader=null, voted=25d6372c-77fd-4a39-ac2a-e48debad48df, raftlog=25d6372c-77fd-4a39-ac2a-e48debad48df@group-B2671EB745D2-SegmentedRaftLog:OPENED:c-1,f-1,i0, conf=-1: [50423279-f647-4a18-8e85-347d68eaf856:192.168.69.88:39583, 2ec85f63-33fb-4317-9145-71357d145af9:192.168.69.88:42357, 25d6372c-77fd-4a39-ac2a-e48debad48df:192.168.69.88:39591], old=null
2019-10-15 16:12:09,015 [25d6372c-77fd-4a39-ac2a-e48debad48df@group-B2671EB745D2-LeaderElection276] INFO  impl.RaftServerImpl (RaftServerImpl.java:setRole(184)) - 25d6372c-77fd-4a39-ac2a-e48debad48df@group-B2671EB745D2: changes role from CANDIDATE to FOLLOWER at term 295 for DISCOVERED_A_NEW_TERM
2019-10-15 16:12:09,015 [25d6372c-77fd-4a39-ac2a-e48debad48df@group-B2671EB745D2-LeaderElection276] INFO  impl.RoleInfo (RoleInfo.java:shutdownLeaderElection(134)) - 25d6372c-77fd-4a39-ac2a-e48debad48df: shutdown LeaderElection
2019-10-15 16:12:09,015 [25d6372c-77fd-4a39-ac2a-e48debad48df@group-B2671EB745D2-LeaderElection276] INFO  impl.RoleInfo (RoleInfo.java:updateAndGet(143)) - 25d6372c-77fd-4a39-ac2a-e48debad48df: start FollowerState
2019-10-15 16:12:09,037 [Thread-2038] INFO  impl.FollowerState (FollowerState.java:run(108)) - 25d6372c-77fd-4a39-ac2a-e48debad48df@group-B2671EB745D2-FollowerState: change to CANDIDATE, lastRpcTime:21ms, electionTimeout:21ms
2019-10-15 16:12:09,037 [Thread-2038] INFO  impl.RoleInfo (RoleInfo.java:shutdownFollowerState(121)) - 25d6372c-77fd-4a39-ac2a-e48debad48df: shutdown FollowerState
2019-10-15 16:12:09,037 [Thread-2038] INFO  impl.RaftServerImpl (RaftServerImpl.java:setRole(184)) - 25d6372c-77fd-4a39-ac2a-e48debad48df@group-B2671EB745D2: changes role from  FOLLOWER to CANDIDATE at term 295 for changeToCandidate
2019-10-15 16:12:09,037 [Thread-2038] INFO  impl.RoleInfo (RoleInfo.java:updateAndGet(143)) - 25d6372c-77fd-4a39-ac2a-e48debad48df: start LeaderElection
2019-10-15 16:12:09,051 [25d6372c-77fd-4a39-ac2a-e48debad48df@group-B2671EB745D2-LeaderElection277] INFO  impl.LeaderElection (LeaderElection.java:askForVotes(178)) - 25d6372c-77fd-4a39-ac2a-e48debad48df@group-B2671EB745D2-LeaderElection277: begin an election at term 296 for -1: [50423279-f647-4a18-8e85-347d68eaf856:192.168.69.88:39583, 2ec85f63-33fb-4317-9145-71357d145af9:192.168.69.88:42357, 25d6372c-77fd-4a39-ac2a-e48debad48df:192.168.69.88:39591], old=null
2019-10-15 16:12:09,052 [grpc-default-executor-1] INFO  impl.RaftServerImpl (RaftServerImpl.java:setRole(184)) - 2ec85f63-33fb-4317-9145-71357d145af9@group-B2671EB745D2: changes role from  FOLLOWER to FOLLOWER at term 296 for recognizeCandidate:25d6372c-77fd-4a39-ac2a-e48debad48df
2019-10-15 16:12:09,053 [grpc-default-executor-1] INFO  impl.RoleInfo (RoleInfo.java:shutdownFollowerState(121)) - 2ec85f63-33fb-4317-9145-71357d145af9: shutdown FollowerState
2019-10-15 16:12:09,053 [grpc-default-executor-2] INFO  impl.RaftServerImpl (RaftServerImpl.java:setRole(184)) - 50423279-f647-4a18-8e85-347d68eaf856@group-B2671EB745D2: changes role from  FOLLOWER to FOLLOWER at term 296 for recognizeCandidate:25d6372c-77fd-4a39-ac2a-e48debad48df
2019-10-15 16:12:09,053 [Thread-2037] INFO  impl.FollowerState (FollowerState.java:run(117)) - 2ec85f63-33fb-4317-9145-71357d145af9@group-B2671EB745D2-FollowerState was interrupted: java.lang.InterruptedException: sleep interrupted
2019-10-15 16:12:09,053 [grpc-default-executor-1] INFO  impl.RoleInfo (RoleInfo.java:updateAndGet(143)) - 2ec85f63-33fb-4317-9145-71357d145af9: start FollowerState
2019-10-15 16:12:09,053 [grpc-default-executor-2] INFO  impl.RoleInfo (RoleInfo.java:shutdownFollowerState(121)) - 50423279-f647-4a18-8e85-347d68eaf856: shutdown FollowerState
2019-10-15 16:12:09,053 [grpc-default-executor-2] INFO  impl.RoleInfo (RoleInfo.java:updateAndGet(143)) - 50423279-f647-4a18-8e85-347d68eaf856: start FollowerState
2019-10-15 16:12:09,053 [Thread-2036] INFO  impl.FollowerState (FollowerState.java:run(117)) - 50423279-f647-4a18-8e85-347d68eaf856@group-B2671EB745D2-FollowerState was interrupted: java.lang.InterruptedException: sleep interrupted
2019-10-15 16:12:09,061 [25d6372c-77fd-4a39-ac2a-e48debad48df@group-B2671EB745D2-LeaderElection277] INFO  impl.LeaderElection (LeaderElection.java:logAndReturn(56)) - 25d6372c-77fd-4a39-ac2a-e48debad48df@group-B2671EB745D2-LeaderElection277: Election REJECTED; received 2 response(s) [25d6372c-77fd-4a39-ac2a-e48debad48df<-50423279-f647-4a18-8e85-347d68eaf856#0:FAIL-t296, 25d6372c-77fd-4a39-ac2a-e48debad48df<-2ec85f63-33fb-4317-9145-71357d145af9#0:FAIL-t296] and 0 exception(s); 25d6372c-77fd-4a39-ac2a-e48debad48df@group-B2671EB745D2:t296, leader=null, voted=25d6372c-77fd-4a39-ac2a-e48debad48df, raftlog=25d6372c-77fd-4a39-ac2a-e48debad48df@group-B2671EB745D2-SegmentedRaftLog:OPENED:c-1,f-1,i0, conf=-1: [50423279-f647-4a18-8e85-347d68eaf856:192.168.69.88:39583, 2ec85f63-33fb-4317-9145-71357d145af9:192.168.69.88:42357, 25d6372c-77fd-4a39-ac2a-e48debad48df:192.168.69.88:39591], old=null
2019-10-15 16:12:09,061 [25d6372c-77fd-4a39-ac2a-e48debad48df@group-B2671EB745D2-LeaderElection277] INFO  impl.RaftServerImpl (RaftServerImpl.java:setRole(184)) - 25d6372c-77fd-4a39-ac2a-e48debad48df@group-B2671EB745D2: changes role from CANDIDATE to FOLLOWER at term 296 for DISCOVERED_A_NEW_TERM
2019-10-15 16:12:09,061 [25d6372c-77fd-4a39-ac2a-e48debad48df@group-B2671EB745D2-LeaderElection277] INFO  impl.RoleInfo (RoleInfo.java:shutdownLeaderElection(134)) - 25d6372c-77fd-4a39-ac2a-e48debad48df: shutdown LeaderElection
2019-10-15 16:12:09,061 [25d6372c-77fd-4a39-ac2a-e48debad48df@group-B2671EB745D2-LeaderElection277] INFO  impl.RoleInfo (RoleInfo.java:updateAndGet(143)) - 25d6372c-77fd-4a39-ac2a-e48debad48df: start FollowerState
2019-10-15 16:12:09,096 [Thread-2044] INFO  impl.FollowerState (FollowerState.java:run(108)) - 25d6372c-77fd-4a39-ac2a-e48debad48df@group-B2671EB745D2-FollowerState: change to CANDIDATE, lastRpcTime:35ms, electionTimeout:35ms
2019-10-15 16:12:09,096 [Thread-2044] INFO  impl.RoleInfo (RoleInfo.java:shutdownFollowerState(121)) - 25d6372c-77fd-4a39-ac2a-e48debad48df: shutdown FollowerState
2019-10-15 16:12:09,097 [Thread-2044] INFO  impl.RaftServerImpl (RaftServerImpl.java:setRole(184)) - 25d6372c-77fd-4a39-ac2a-e48debad48df@group-B2671EB745D2: changes role from  FOLLOWER to CANDIDATE at term 296 for changeToCandidate
2019-10-15 16:12:09,097 [Thread-2044] INFO  impl.RoleInfo (RoleInfo.java:updateAndGet(143)) - 25d6372c-77fd-4a39-ac2a-e48debad48df: start LeaderElection
2019-10-15 16:12:09,106 [25d6372c-77fd-4a39-ac2a-e48debad48df@group-B2671EB745D2-LeaderElection278] INFO  impl.LeaderElection (LeaderElection.java:askForVotes(178)) - 25d6372c-77fd-4a39-ac2a-e48debad48df@group-B2671EB745D2-LeaderElection278: begin an election at term 297 for -1: [50423279-f647-4a18-8e85-347d68eaf856:192.168.69.88:39583, 2ec85f63-33fb-4317-9145-71357d145af9:192.168.69.88:42357, 25d6372c-77fd-4a39-ac2a-e48debad48df:192.168.69.88:39591], old=null
2019-10-15 16:12:09,108 [grpc-default-executor-1] INFO  impl.RaftServerImpl (RaftServerImpl.java:setRole(184)) - 50423279-f647-4a18-8e85-347d68eaf856@group-B2671EB745D2: changes role from  FOLLOWER to FOLLOWER at term 297 for recognizeCandidate:25d6372c-77fd-4a39-ac2a-e48debad48df
2019-10-15 16:12:09,108 [grpc-default-executor-1] INFO  impl.RoleInfo (RoleInfo.java:shutdownFollowerState(121)) - 50423279-f647-4a18-8e85-347d68eaf856: shutdown FollowerState
2019-10-15 16:12:09,108 [grpc-default-executor-2] INFO  impl.RaftServerImpl (RaftServerImpl.java:setRole(184)) - 2ec85f63-33fb-4317-9145-71357d145af9@group-B2671EB745D2: changes role from  FOLLOWER to FOLLOWER at term 297 for recognizeCandidate:25d6372c-77fd-4a39-ac2a-e48debad48df
2019-10-15 16:12:09,108 [Thread-2043] INFO  impl.FollowerState (FollowerState.java:run(117)) - 50423279-f647-4a18-8e85-347d68eaf856@group-B2671EB745D2-FollowerState was interrupted: java.lang.InterruptedException: sleep interrupted
2019-10-15 16:12:09,108 [grpc-default-executor-1] INFO  impl.RoleInfo (RoleInfo.java:updateAndGet(143)) - 50423279-f647-4a18-8e85-347d68eaf856: start FollowerState
2019-10-15 16:12:09,108 [grpc-default-executor-2] INFO  impl.RoleInfo (RoleInfo.java:shutdownFollowerState(121)) - 2ec85f63-33fb-4317-9145-71357d145af9: shutdown FollowerState
2019-10-15 16:12:09,108 [grpc-default-executor-2] INFO  impl.RoleInfo (RoleInfo.java:updateAndGet(143)) - 2ec85f63-33fb-4317-9145-71357d145af9: start FollowerState
2019-10-15 16:12:09,108 [Thread-2042] INFO  impl.FollowerState (FollowerState.java:run(117)) - 2ec85f63-33fb-4317-9145-71357d145af9@group-B2671EB745D2-FollowerState was interrupted: java.lang.InterruptedException: sleep interrupted
2019-10-15 16:12:09,117 [25d6372c-77fd-4a39-ac2a-e48debad48df@group-B2671EB745D2-LeaderElection278] INFO  impl.LeaderElection (LeaderElection.java:logAndReturn(56)) - 25d6372c-77fd-4a39-ac2a-e48debad48df@group-B2671EB745D2-LeaderElection278: Election REJECTED; received 2 response(s) [25d6372c-77fd-4a39-ac2a-e48debad48df<-2ec85f63-33fb-4317-9145-71357d145af9#0:FAIL-t297, 25d6372c-77fd-4a39-ac2a-e48debad48df<-50423279-f647-4a18-8e85-347d68eaf856#0:FAIL-t297] and 0 exception(s); 25d6372c-77fd-4a39-ac2a-e48debad48df@group-B2671EB745D2:t297, leader=null, voted=25d6372c-77fd-4a39-ac2a-e48debad48df, raftlog=25d6372c-77fd-4a39-ac2a-e48debad48df@group-B2671EB745D2-SegmentedRaftLog:OPENED:c-1,f-1,i0, conf=-1: [50423279-f647-4a18-8e85-347d68eaf856:192.168.69.88:39583, 2ec85f63-33fb-4317-9145-71357d145af9:192.168.69.88:42357, 25d6372c-77fd-4a39-ac2a-e48debad48df:192.168.69.88:39591], old=null
2019-10-15 16:12:09,117 [25d6372c-77fd-4a39-ac2a-e48debad48df@group-B2671EB745D2-LeaderElection278] INFO  impl.RaftServerImpl (RaftServerImpl.java:setRole(184)) - 25d6372c-77fd-4a39-ac2a-e48debad48df@group-B2671EB745D2: changes role from CANDIDATE to FOLLOWER at term 297 for DISCOVERED_A_NEW_TERM
2019-10-15 16:12:09,117 [25d6372c-77fd-4a39-ac2a-e48debad48df@group-B2671EB745D2-LeaderElection278] INFO  impl.RoleInfo (RoleInfo.java:shutdownLeaderElection(134)) - 25d6372c-77fd-4a39-ac2a-e48debad48df: shutdown LeaderElection
2019-10-15 16:12:09,118 [25d6372c-77fd-4a39-ac2a-e48debad48df@group-B2671EB745D2-LeaderElection278] INFO  impl.RoleInfo (RoleInfo.java:updateAndGet(143)) - 25d6372c-77fd-4a39-ac2a-e48debad48df: start FollowerState
2019-10-15 16:12:09,160 [Thread-2050] INFO  impl.FollowerState (FollowerState.java:run(108)) - 25d6372c-77fd-4a39-ac2a-e48debad48df@group-B2671EB745D2-FollowerState: change to CANDIDATE, lastRpcTime:42ms, electionTimeout:42ms
2019-10-15 16:12:09,160 [Thread-2050] INFO  impl.RoleInfo (RoleInfo.java:shutdownFollowerState(121)) - 25d6372c-77fd-4a39-ac2a-e48debad48df: shutdown FollowerState
2019-10-15 16:12:09,160 [Thread-2050] INFO  impl.RaftServerImpl (RaftServerImpl.java:setRole(184)) - 25d6372c-77fd-4a39-ac2a-e48debad48df@group-B2671EB745D2: changes role from  FOLLOWER to CANDIDATE at term 297 for changeToCandidate
2019-10-15 16:12:09,160 [Thread-2050] INFO  impl.RoleInfo (RoleInfo.java:updateAndGet(143)) - 25d6372c-77fd-4a39-ac2a-e48debad48df: start LeaderElection
2019-10-15 16:12:09,179 [25d6372c-77fd-4a39-ac2a-e48debad48df@group-B2671EB745D2-LeaderElection279] INFO  impl.LeaderElection (LeaderElection.java:askForVotes(178)) - 25d6372c-77fd-4a39-ac2a-e48debad48df@group-B2671EB745D2-LeaderElection279: begin an election at term 298 for -1: [50423279-f647-4a18-8e85-347d68eaf856:192.168.69.88:39583, 2ec85f63-33fb-4317-9145-71357d145af9:192.168.69.88:42357, 25d6372c-77fd-4a39-ac2a-e48debad48df:192.168.69.88:39591], old=null
2019-10-15 16:12:09,181 [grpc-default-executor-1] INFO  impl.RaftServerImpl (RaftServerImpl.java:setRole(184)) - 2ec85f63-33fb-4317-9145-71357d145af9@group-B2671EB745D2: changes role from  FOLLOWER to FOLLOWER at term 298 for recognizeCandidate:25d6372c-77fd-4a39-ac2a-e48debad48df
2019-10-15 16:12:09,181 [grpc-default-executor-1] INFO  impl.RoleInfo (RoleInfo.java:shutdownFollowerState(121)) - 2ec85f63-33fb-4317-9145-71357d145af9: shutdown FollowerState
2019-10-15 16:12:09,181 [grpc-default-executor-2] INFO  impl.RaftServerImpl (RaftServerImpl.java:setRole(184)) - 50423279-f647-4a18-8e85-347d68eaf856@group-B2671EB745D2: changes role from  FOLLOWER to FOLLOWER at term 298 for recognizeCandidate:25d6372c-77fd-4a39-ac2a-e48debad48df
2019-10-15 16:12:09,181 [Thread-2049] INFO  impl.FollowerState (FollowerState.java:run(117)) - 2ec85f63-33fb-4317-9145-71357d145af9@group-B2671EB745D2-FollowerState was interrupted: java.lang.InterruptedException: sleep interrupted
2019-10-15 16:12:09,181 [grpc-default-executor-1] INFO  impl.RoleInfo (RoleInfo.java:updateAndGet(143)) - 2ec85f63-33fb-4317-9145-71357d145af9: start FollowerState
2019-10-15 16:12:09,182 [grpc-default-executor-2] INFO  impl.RoleInfo (RoleInfo.java:shutdownFollowerState(121)) - 50423279-f647-4a18-8e85-347d68eaf856: shutdown FollowerState
2019-10-15 16:12:09,182 [grpc-default-executor-2] INFO  impl.RoleInfo (RoleInfo.java:updateAndGet(143)) - 50423279-f647-4a18-8e85-347d68eaf856: start FollowerState
2019-10-15 16:12:09,182 [Thread-2048] INFO  impl.FollowerState (FollowerState.java:run(117)) - 50423279-f647-4a18-8e85-347d68eaf856@group-B2671EB745D2-FollowerState was interrupted: java.lang.InterruptedException: sleep interrupted
2019-10-15 16:12:09,193 [25d6372c-77fd-4a39-ac2a-e48debad48df@group-B2671EB745D2-LeaderElection279] INFO  impl.LeaderElection (LeaderElection.java:logAndReturn(56)) - 25d6372c-77fd-4a39-ac2a-e48debad48df@group-B2671EB745D2-LeaderElection279: Election REJECTED; received 2 response(s) [25d6372c-77fd-4a39-ac2a-e48debad48df<-50423279-f647-4a18-8e85-347d68eaf856#0:FAIL-t298, 25d6372c-77fd-4a39-ac2a-e48debad48df<-2ec85f63-33fb-4317-9145-71357d145af9#0:FAIL-t298] and 0 exception(s); 25d6372c-77fd-4a39-ac2a-e48debad48df@group-B2671EB745D2:t298, leader=null, voted=25d6372c-77fd-4a39-ac2a-e48debad48df, raftlog=25d6372c-77fd-4a39-ac2a-e48debad48df@group-B2671EB745D2-SegmentedRaftLog:OPENED:c-1,f-1,i0, conf=-1: [50423279-f647-4a18-8e85-347d68eaf856:192.168.69.88:39583, 2ec85f63-33fb-4317-9145-71357d145af9:192.168.69.88:42357, 25d6372c-77fd-4a39-ac2a-e48debad48df:192.168.69.88:39591], old=null
2019-10-15 16:12:09,193 [25d6372c-77fd-4a39-ac2a-e48debad48df@group-B2671EB745D2-LeaderElection279] INFO  impl.RaftServerImpl (RaftServerImpl.java:setRole(184)) - 25d6372c-77fd-4a39-ac2a-e48debad48df@group-B2671EB745D2: changes role from CANDIDATE to FOLLOWER at term 298 for DISCOVERED_A_NEW_TERM
2019-10-15 16:12:09,193 [25d6372c-77fd-4a39-ac2a-e48debad48df@group-B2671EB745D2-LeaderElection279] INFO  impl.RoleInfo (RoleInfo.java:shutdownLeaderElection(134)) - 25d6372c-77fd-4a39-ac2a-e48debad48df: shutdown LeaderElection
2019-10-15 16:12:09,193 [25d6372c-77fd-4a39-ac2a-e48debad48df@group-B2671EB745D2-LeaderElection279] INFO  impl.RoleInfo (RoleInfo.java:updateAndGet(143)) - 25d6372c-77fd-4a39-ac2a-e48debad48df: start FollowerState
2019-10-15 16:12:09,350 [Thread-2056] INFO  impl.FollowerState (FollowerState.java:run(108)) - 25d6372c-77fd-4a39-ac2a-e48debad48df@group-B2671EB745D2-FollowerState: change to CANDIDATE, lastRpcTime:156ms, electionTimeout:156ms
2019-10-15 16:12:09,350 [Thread-2056] INFO  impl.RoleInfo (RoleInfo.java:shutdownFollowerState(121)) - 25d6372c-77fd-4a39-ac2a-e48debad48df: shutdown FollowerState
2019-10-15 16:12:09,350 [Thread-2056] INFO  impl.RaftServerImpl (RaftServerImpl.java:setRole(184)) - 25d6372c-77fd-4a39-ac2a-e48debad48df@group-B2671EB745D2: changes role from  FOLLOWER to CANDIDATE at term 298 for changeToCandidate
2019-10-15 16:12:09,350 [Thread-2056] INFO  impl.RoleInfo (RoleInfo.java:updateAndGet(143)) - 25d6372c-77fd-4a39-ac2a-e48debad48df: start LeaderElection
2019-10-15 16:12:09,363 [25d6372c-77fd-4a39-ac2a-e48debad48df@group-B2671EB745D2-LeaderElection280] INFO  impl.LeaderElection (LeaderElection.java:askForVotes(178)) - 25d6372c-77fd-4a39-ac2a-e48debad48df@group-B2671EB745D2-LeaderElection280: begin an election at term 299 for -1: [50423279-f647-4a18-8e85-347d68eaf856:192.168.69.88:39583, 2ec85f63-33fb-4317-9145-71357d145af9:192.168.69.88:42357, 25d6372c-77fd-4a39-ac2a-e48debad48df:192.168.69.88:39591], old=null
2019-10-15 16:12:09,365 [grpc-default-executor-1] INFO  impl.RaftServerImpl (RaftServerImpl.java:setRole(184)) - 50423279-f647-4a18-8e85-347d68eaf856@group-B2671EB745D2: changes role from  FOLLOWER to FOLLOWER at term 299 for recognizeCandidate:25d6372c-77fd-4a39-ac2a-e48debad48df
2019-10-15 16:12:09,366 [grpc-default-executor-2] INFO  impl.RaftServerImpl (RaftServerImpl.java:setRole(184)) - 2ec85f63-33fb-4317-9145-71357d145af9@group-B2671EB745D2: changes role from  FOLLOWER to FOLLOWER at term 299 for recognizeCandidate:25d6372c-77fd-4a39-ac2a-e48debad48df
2019-10-15 16:12:09,366 [grpc-default-executor-1] INFO  impl.RoleInfo (RoleInfo.java:shutdownFollowerState(121)) - 50423279-f647-4a18-8e85-347d68eaf856: shutdown FollowerState
2019-10-15 16:12:09,366 [grpc-default-executor-2] INFO  impl.RoleInfo (RoleInfo.java:shutdownFollowerState(121)) - 2ec85f63-33fb-4317-9145-71357d145af9: shutdown FollowerState
2019-10-15 16:12:09,366 [grpc-default-executor-1] INFO  impl.RoleInfo (RoleInfo.java:updateAndGet(143)) - 50423279-f647-4a18-8e85-347d68eaf856: start FollowerState
2019-10-15 16:12:09,366 [Thread-2054] INFO  impl.FollowerState (FollowerState.java:run(117)) - 2ec85f63-33fb-4317-9145-71357d145af9@group-B2671EB745D2-FollowerState was interrupted: java.lang.InterruptedException: sleep interrupted
2019-10-15 16:12:09,366 [grpc-default-executor-2] INFO  impl.RoleInfo (RoleInfo.java:updateAndGet(143)) - 2ec85f63-33fb-4317-9145-71357d145af9: start FollowerState
2019-10-15 16:12:09,366 [Thread-2055] INFO  impl.FollowerState (FollowerState.java:run(117)) - 50423279-f647-4a18-8e85-347d68eaf856@group-B2671EB745D2-FollowerState was interrupted: java.lang.InterruptedException: sleep interrupted
2019-10-15 16:12:09,380 [25d6372c-77fd-4a39-ac2a-e48debad48df@group-B2671EB745D2-LeaderElection280] INFO  impl.LeaderElection (LeaderElection.java:logAndReturn(56)) - 25d6372c-77fd-4a39-ac2a-e48debad48df@group-B2671EB745D2-LeaderElection280: Election REJECTED; received 2 response(s) [25d6372c-77fd-4a39-ac2a-e48debad48df<-50423279-f647-4a18-8e85-347d68eaf856#0:FAIL-t299, 25d6372c-77fd-4a39-ac2a-e48debad48df<-2ec85f63-33fb-4317-9145-71357d145af9#0:FAIL-t299] and 0 exception(s); 25d6372c-77fd-4a39-ac2a-e48debad48df@group-B2671EB745D2:t299, leader=null, voted=25d6372c-77fd-4a39-ac2a-e48debad48df, raftlog=25d6372c-77fd-4a39-ac2a-e48debad48df@group-B2671EB745D2-SegmentedRaftLog:OPENED:c-1,f-1,i0, conf=-1: [50423279-f647-4a18-8e85-347d68eaf856:192.168.69.88:39583, 2ec85f63-33fb-4317-9145-71357d145af9:192.168.69.88:42357, 25d6372c-77fd-4a39-ac2a-e48debad48df:192.168.69.88:39591], old=null
2019-10-15 16:12:09,380 [25d6372c-77fd-4a39-ac2a-e48debad48df@group-B2671EB745D2-LeaderElection280] INFO  impl.RaftServerImpl (RaftServerImpl.java:setRole(184)) - 25d6372c-77fd-4a39-ac2a-e48debad48df@group-B2671EB745D2: changes role from CANDIDATE to FOLLOWER at term 299 for DISCOVERED_A_NEW_TERM
2019-10-15 16:12:09,380 [25d6372c-77fd-4a39-ac2a-e48debad48df@group-B2671EB745D2-LeaderElection280] INFO  impl.RoleInfo (RoleInfo.java:shutdownLeaderElection(134)) - 25d6372c-77fd-4a39-ac2a-e48debad48df: shutdown LeaderElection
2019-10-15 16:12:09,380 [25d6372c-77fd-4a39-ac2a-e48debad48df@group-B2671EB745D2-LeaderElection280] INFO  impl.RoleInfo (RoleInfo.java:updateAndGet(143)) - 25d6372c-77fd-4a39-ac2a-e48debad48df: start FollowerState
2019-10-15 16:12:09,475 [Thread-2062] INFO  impl.FollowerState (FollowerState.java:run(108)) - 25d6372c-77fd-4a39-ac2a-e48debad48df@group-B2671EB745D2-FollowerState: change to CANDIDATE, lastRpcTime:95ms, electionTimeout:95ms
2019-10-15 16:12:09,476 [Thread-2062] INFO  impl.RoleInfo (RoleInfo.java:shutdownFollowerState(121)) - 25d6372c-77fd-4a39-ac2a-e48debad48df: shutdown FollowerState
2019-10-15 16:12:09,476 [Thread-2062] INFO  impl.RaftServerImpl (RaftServerImpl.java:setRole(184)) - 25d6372c-77fd-4a39-ac2a-e48debad48df@group-B2671EB745D2: changes role from  FOLLOWER to CANDIDATE at term 299 for changeToCandidate
2019-10-15 16:12:09,476 [Thread-2062] INFO  impl.RoleInfo (RoleInfo.java:updateAndGet(143)) - 25d6372c-77fd-4a39-ac2a-e48debad48df: start LeaderElection
2019-10-15 16:12:09,490 [25d6372c-77fd-4a39-ac2a-e48debad48df@group-B2671EB745D2-LeaderElection281] INFO  impl.LeaderElection (LeaderElection.java:askForVotes(178)) - 25d6372c-77fd-4a39-ac2a-e48debad48df@group-B2671EB745D2-LeaderElection281: begin an election at term 300 for -1: [50423279-f647-4a18-8e85-347d68eaf856:192.168.69.88:39583, 2ec85f63-33fb-4317-9145-71357d145af9:192.168.69.88:42357, 25d6372c-77fd-4a39-ac2a-e48debad48df:192.168.69.88:39591], old=null
2019-10-15 16:12:09,492 [grpc-default-executor-1] INFO  impl.RaftServerImpl (RaftServerImpl.java:setRole(184)) - 2ec85f63-33fb-4317-9145-71357d145af9@group-B2671EB745D2: changes role from  FOLLOWER to FOLLOWER at term 300 for recognizeCandidate:25d6372c-77fd-4a39-ac2a-e48debad48df
2019-10-15 16:12:09,492 [grpc-default-executor-2] INFO  impl.RaftServerImpl (RaftServerImpl.java:setRole(184)) - 50423279-f647-4a18-8e85-347d68eaf856@group-B2671EB745D2: changes role from  FOLLOWER to FOLLOWER at term 300 for recognizeCandidate:25d6372c-77fd-4a39-ac2a-e48debad48df
2019-10-15 16:12:09,492 [grpc-default-executor-1] INFO  impl.RoleInfo (RoleInfo.java:shutdownFollowerState(121)) - 2ec85f63-33fb-4317-9145-71357d145af9: shutdown FollowerState
2019-10-15 16:12:09,492 [grpc-default-executor-2] INFO  impl.RoleInfo (RoleInfo.java:shutdownFollowerState(121)) - 50423279-f647-4a18-8e85-347d68eaf856: shutdown FollowerState
2019-10-15 16:12:09,492 [Thread-2061] INFO  impl.FollowerState (FollowerState.java:run(117)) - 2ec85f63-33fb-4317-9145-71357d145af9@group-B2671EB745D2-FollowerState was interrupted: java.lang.InterruptedException: sleep interrupted
2019-10-15 16:12:09,492 [Thread-2060] INFO  impl.FollowerState (FollowerState.java:run(117)) - 50423279-f647-4a18-8e85-347d68eaf856@group-B2671EB745D2-FollowerState was interrupted: java.lang.InterruptedException: sleep interrupted
2019-10-15 16:12:09,492 [grpc-default-executor-1] INFO  impl.RoleInfo (RoleInfo.java:updateAndGet(143)) - 2ec85f63-33fb-4317-9145-71357d145af9: start FollowerState
2019-10-15 16:12:09,492 [grpc-default-executor-2] INFO  impl.RoleInfo (RoleInfo.java:updateAndGet(143)) - 50423279-f647-4a18-8e85-347d68eaf856: start FollowerState
2019-10-15 16:12:09,507 [25d6372c-77fd-4a39-ac2a-e48debad48df@group-B2671EB745D2-LeaderElection281] INFO  impl.LeaderElection (LeaderElection.java:logAndReturn(56)) - 25d6372c-77fd-4a39-ac2a-e48debad48df@group-B2671EB745D2-LeaderElection281: Election REJECTED; received 2 response(s) [25d6372c-77fd-4a39-ac2a-e48debad48df<-2ec85f63-33fb-4317-9145-71357d145af9#0:FAIL-t300, 25d6372c-77fd-4a39-ac2a-e48debad48df<-50423279-f647-4a18-8e85-347d68eaf856#0:FAIL-t300] and 0 exception(s); 25d6372c-77fd-4a39-ac2a-e48debad48df@group-B2671EB745D2:t300, leader=null, voted=25d6372c-77fd-4a39-ac2a-e48debad48df, raftlog=25d6372c-77fd-4a39-ac2a-e48debad48df@group-B2671EB745D2-SegmentedRaftLog:OPENED:c-1,f-1,i0, conf=-1: [50423279-f647-4a18-8e85-347d68eaf856:192.168.69.88:39583, 2ec85f63-33fb-4317-9145-71357d145af9:192.168.69.88:42357, 25d6372c-77fd-4a39-ac2a-e48debad48df:192.168.69.88:39591], old=null
2019-10-15 16:12:09,507 [25d6372c-77fd-4a39-ac2a-e48debad48df@group-B2671EB745D2-LeaderElection281] INFO  impl.RaftServerImpl (RaftServerImpl.java:setRole(184)) - 25d6372c-77fd-4a39-ac2a-e48debad48df@group-B2671EB745D2: changes role from CANDIDATE to FOLLOWER at term 300 for DISCOVERED_A_NEW_TERM
2019-10-15 16:12:09,509 [25d6372c-77fd-4a39-ac2a-e48debad48df@group-B2671EB745D2-LeaderElection281] INFO  impl.RoleInfo (RoleInfo.java:shutdownLeaderElection(134)) - 25d6372c-77fd-4a39-ac2a-e48debad48df: shutdown LeaderElection
2019-10-15 16:12:09,509 [25d6372c-77fd-4a39-ac2a-e48debad48df@group-B2671EB745D2-LeaderElection281] INFO  impl.RoleInfo (RoleInfo.java:updateAndGet(143)) - 25d6372c-77fd-4a39-ac2a-e48debad48df: start FollowerState
2019-10-15 16:12:09,664 [Thread-2068] INFO  impl.FollowerState (FollowerState.java:run(108)) - 25d6372c-77fd-4a39-ac2a-e48debad48df@group-B2671EB745D2-FollowerState: change to CANDIDATE, lastRpcTime:155ms, electionTimeout:155ms
2019-10-15 16:12:09,665 [Thread-2068] INFO  impl.RoleInfo (RoleInfo.java:shutdownFollowerState(121)) - 25d6372c-77fd-4a39-ac2a-e48debad48df: shutdown FollowerState
2019-10-15 16:12:09,665 [Thread-2068] INFO  impl.RaftServerImpl (RaftServerImpl.java:setRole(184)) - 25d6372c-77fd-4a39-ac2a-e48debad48df@group-B2671EB745D2: changes role from  FOLLOWER to CANDIDATE at term 300 for changeToCandidate
2019-10-15 16:12:09,665 [Thread-2068] INFO  impl.RoleInfo (RoleInfo.java:updateAndGet(143)) - 25d6372c-77fd-4a39-ac2a-e48debad48df: start LeaderElection
2019-10-15 16:12:09,675 [25d6372c-77fd-4a39-ac2a-e48debad48df@group-B2671EB745D2-LeaderElection282] INFO  impl.LeaderElection (LeaderElection.java:askForVotes(178)) - 25d6372c-77fd-4a39-ac2a-e48debad48df@group-B2671EB745D2-LeaderElection282: begin an election at term 301 for -1: [50423279-f647-4a18-8e85-347d68eaf856:192.168.69.88:39583, 2ec85f63-33fb-4317-9145-71357d145af9:192.168.69.88:42357, 25d6372c-77fd-4a39-ac2a-e48debad48df:192.168.69.88:39591], old=null
2019-10-15 16:12:09,677 [grpc-default-executor-1] INFO  impl.RaftServerImpl (RaftServerImpl.java:setRole(184)) - 2ec85f63-33fb-4317-9145-71357d145af9@group-B2671EB745D2: changes role from  FOLLOWER to FOLLOWER at term 301 for recognizeCandidate:25d6372c-77fd-4a39-ac2a-e48debad48df
2019-10-15 16:12:09,677 [grpc-default-executor-2] INFO  impl.RaftServerImpl (RaftServerImpl.java:setRole(184)) - 50423279-f647-4a18-8e85-347d68eaf856@group-B2671EB745D2: changes role from  FOLLOWER to FOLLOWER at term 301 for recognizeCandidate:25d6372c-77fd-4a39-ac2a-e48debad48df
2019-10-15 16:12:09,677 [grpc-default-executor-1] INFO  impl.RoleInfo (RoleInfo.java:shutdownFollowerState(121)) - 2ec85f63-33fb-4317-9145-71357d145af9: shutdown FollowerState
2019-10-15 16:12:09,677 [grpc-default-executor-2] INFO  impl.RoleInfo (RoleInfo.java:shutdownFollowerState(121)) - 50423279-f647-4a18-8e85-347d68eaf856: shutdown FollowerState
2019-10-15 16:12:09,677 [Thread-2066] INFO  impl.FollowerState (FollowerState.java:run(117)) - 2ec85f63-33fb-4317-9145-71357d145af9@group-B2671EB745D2-FollowerState was interrupted: java.lang.InterruptedException: sleep interrupted
2019-10-15 16:12:09,677 [grpc-default-executor-1] INFO  impl.RoleInfo (RoleInfo.java:updateAndGet(143)) - 2ec85f63-33fb-4317-9145-71357d145af9: start FollowerState
2019-10-15 16:12:09,677 [Thread-2067] INFO  impl.FollowerState (FollowerState.java:run(117)) - 50423279-f647-4a18-8e85-347d68eaf856@group-B2671EB745D2-FollowerState was interrupted: java.lang.InterruptedException: sleep interrupted
2019-10-15 16:12:09,677 [grpc-default-executor-2] INFO  impl.RoleInfo (RoleInfo.java:updateAndGet(143)) - 50423279-f647-4a18-8e85-347d68eaf856: start FollowerState
2019-10-15 16:12:09,689 [25d6372c-77fd-4a39-ac2a-e48debad48df@group-B2671EB745D2-LeaderElection282] INFO  impl.LeaderElection (LeaderElection.java:logAndReturn(56)) - 25d6372c-77fd-4a39-ac2a-e48debad48df@group-B2671EB745D2-LeaderElection282: Election TIMEOUT; received 0 response(s) [] and 0 exception(s); 25d6372c-77fd-4a39-ac2a-e48debad48df@group-B2671EB745D2:t301, leader=null, voted=25d6372c-77fd-4a39-ac2a-e48debad48df, raftlog=25d6372c-77fd-4a39-ac2a-e48debad48df@group-B2671EB745D2-SegmentedRaftLog:OPENED:c-1,f-1,i0, conf=-1: [50423279-f647-4a18-8e85-347d68eaf856:192.168.69.88:39583, 2ec85f63-33fb-4317-9145-71357d145af9:192.168.69.88:42357, 25d6372c-77fd-4a39-ac2a-e48debad48df:192.168.69.88:39591], old=null
2019-10-15 16:12:09,693 [25d6372c-77fd-4a39-ac2a-e48debad48df@group-B2671EB745D2-LeaderElection282] INFO  impl.LeaderElection (LeaderElection.java:askForVotes(178)) - 25d6372c-77fd-4a39-ac2a-e48debad48df@group-B2671EB745D2-LeaderElection282: begin an election at term 302 for -1: [50423279-f647-4a18-8e85-347d68eaf856:192.168.69.88:39583, 2ec85f63-33fb-4317-9145-71357d145af9:192.168.69.88:42357, 25d6372c-77fd-4a39-ac2a-e48debad48df:192.168.69.88:39591], old=null
2019-10-15 16:12:09,694 [grpc-default-executor-2] INFO  impl.RaftServerImpl (RaftServerImpl.java:setRole(184)) - 2ec85f63-33fb-4317-9145-71357d145af9@group-B2671EB745D2: changes role from  FOLLOWER to FOLLOWER at term 302 for recognizeCandidate:25d6372c-77fd-4a39-ac2a-e48debad48df
2019-10-15 16:12:09,694 [grpc-default-executor-2] INFO  impl.RoleInfo (RoleInfo.java:shutdownFollowerState(121)) - 2ec85f63-33fb-4317-9145-71357d145af9: shutdown FollowerState
2019-10-15 16:12:09,694 [grpc-default-executor-2] INFO  impl.RoleInfo (RoleInfo.java:updateAndGet(143)) - 2ec85f63-33fb-4317-9145-71357d145af9: start FollowerState
2019-10-15 16:12:09,694 [Thread-2074] INFO  impl.FollowerState (FollowerState.java:run(117)) - 2ec85f63-33fb-4317-9145-71357d145af9@group-B2671EB745D2-FollowerState was interrupted: java.lang.InterruptedException: sleep interrupted
2019-10-15 16:12:09,695 [grpc-default-executor-1] INFO  impl.RaftServerImpl (RaftServerImpl.java:setRole(184)) - 50423279-f647-4a18-8e85-347d68eaf856@group-B2671EB745D2: changes role from  FOLLOWER to FOLLOWER at term 302 for recognizeCandidate:25d6372c-77fd-4a39-ac2a-e48debad48df
2019-10-15 16:12:09,695 [grpc-default-executor-1] INFO  impl.RoleInfo (RoleInfo.java:shutdownFollowerState(121)) - 50423279-f647-4a18-8e85-347d68eaf856: shutdown FollowerState
2019-10-15 16:12:09,695 [grpc-default-executor-1] INFO  impl.RoleInfo (RoleInfo.java:updateAndGet(143)) - 50423279-f647-4a18-8e85-347d68eaf856: start FollowerState
2019-10-15 16:12:09,695 [Thread-2075] INFO  impl.FollowerState (FollowerState.java:run(117)) - 50423279-f647-4a18-8e85-347d68eaf856@group-B2671EB745D2-FollowerState was interrupted: java.lang.InterruptedException: sleep interrupted
2019-10-15 16:12:09,708 [25d6372c-77fd-4a39-ac2a-e48debad48df@group-B2671EB745D2-LeaderElection282] INFO  impl.LeaderElection (LeaderElection.java:logAndReturn(56)) - 25d6372c-77fd-4a39-ac2a-e48debad48df@group-B2671EB745D2-LeaderElection282: Election REJECTED; received 2 response(s) [25d6372c-77fd-4a39-ac2a-e48debad48df<-50423279-f647-4a18-8e85-347d68eaf856#0:FAIL-t302, 25d6372c-77fd-4a39-ac2a-e48debad48df<-2ec85f63-33fb-4317-9145-71357d145af9#0:FAIL-t302] and 0 exception(s); 25d6372c-77fd-4a39-ac2a-e48debad48df@group-B2671EB745D2:t302, leader=null, voted=25d6372c-77fd-4a39-ac2a-e48debad48df, raftlog=25d6372c-77fd-4a39-ac2a-e48debad48df@group-B2671EB745D2-SegmentedRaftLog:OPENED:c-1,f-1,i0, conf=-1: [50423279-f647-4a18-8e85-347d68eaf856:192.168.69.88:39583, 2ec85f63-33fb-4317-9145-71357d145af9:192.168.69.88:42357, 25d6372c-77fd-4a39-ac2a-e48debad48df:192.168.69.88:39591], old=null
2019-10-15 16:12:09,709 [25d6372c-77fd-4a39-ac2a-e48debad48df@group-B2671EB745D2-LeaderElection282] INFO  impl.RaftServerImpl (RaftServerImpl.java:setRole(184)) - 25d6372c-77fd-4a39-ac2a-e48debad48df@group-B2671EB745D2: changes role from CANDIDATE to FOLLOWER at term 302 for DISCOVERED_A_NEW_TERM
2019-10-15 16:12:09,709 [25d6372c-77fd-4a39-ac2a-e48debad48df@group-B2671EB745D2-LeaderElection282] INFO  impl.RoleInfo (RoleInfo.java:shutdownLeaderElection(134)) - 25d6372c-77fd-4a39-ac2a-e48debad48df: shutdown LeaderElection
2019-10-15 16:12:09,709 [25d6372c-77fd-4a39-ac2a-e48debad48df@group-B2671EB745D2-LeaderElection282] INFO  impl.RoleInfo (RoleInfo.java:updateAndGet(143)) - 25d6372c-77fd-4a39-ac2a-e48debad48df: start FollowerState
2019-10-15 16:12:09,806 [Thread-2080] INFO  impl.FollowerState (FollowerState.java:run(108)) - 25d6372c-77fd-4a39-ac2a-e48debad48df@group-B2671EB745D2-FollowerState: change to CANDIDATE, lastRpcTime:97ms, electionTimeout:97ms
2019-10-15 16:12:09,806 [Thread-2080] INFO  impl.RoleInfo (RoleInfo.java:shutdownFollowerState(121)) - 25d6372c-77fd-4a39-ac2a-e48debad48df: shutdown FollowerState
2019-10-15 16:12:09,806 [Thread-2080] INFO  impl.RaftServerImpl (RaftServerImpl.java:setRole(184)) - 25d6372c-77fd-4a39-ac2a-e48debad48df@group-B2671EB745D2: changes role from  FOLLOWER to CANDIDATE at term 302 for changeToCandidate
2019-10-15 16:12:09,807 [Thread-2080] INFO  impl.RoleInfo (RoleInfo.java:updateAndGet(143)) - 25d6372c-77fd-4a39-ac2a-e48debad48df: start LeaderElection
2019-10-15 16:12:09,819 [25d6372c-77fd-4a39-ac2a-e48debad48df@group-B2671EB745D2-LeaderElection283] INFO  impl.LeaderElection (LeaderElection.java:askForVotes(178)) - 25d6372c-77fd-4a39-ac2a-e48debad48df@group-B2671EB745D2-LeaderElection283: begin an election at term 303 for -1: [50423279-f647-4a18-8e85-347d68eaf856:192.168.69.88:39583, 2ec85f63-33fb-4317-9145-71357d145af9:192.168.69.88:42357, 25d6372c-77fd-4a39-ac2a-e48debad48df:192.168.69.88:39591], old=null
2019-10-15 16:12:09,821 [grpc-default-executor-1] INFO  impl.RaftServerImpl (RaftServerImpl.java:setRole(184)) - 2ec85f63-33fb-4317-9145-71357d145af9@group-B2671EB745D2: changes role from  FOLLOWER to FOLLOWER at term 303 for recognizeCandidate:25d6372c-77fd-4a39-ac2a-e48debad48df
2019-10-15 16:12:09,821 [grpc-default-executor-2] INFO  impl.RaftServerImpl (RaftServerImpl.java:setRole(184)) - 50423279-f647-4a18-8e85-347d68eaf856@group-B2671EB745D2: changes role from  FOLLOWER to FOLLOWER at term 303 for recognizeCandidate:25d6372c-77fd-4a39-ac2a-e48debad48df
2019-10-15 16:12:09,821 [grpc-default-executor-1] INFO  impl.RoleInfo (RoleInfo.java:shutdownFollowerState(121)) - 2ec85f63-33fb-4317-9145-71357d145af9: shutdown FollowerState
2019-10-15 16:12:09,821 [grpc-default-executor-2] INFO  impl.RoleInfo (RoleInfo.java:shutdownFollowerState(121)) - 50423279-f647-4a18-8e85-347d68eaf856: shutdown FollowerState
2019-10-15 16:12:09,821 [grpc-default-executor-1] INFO  impl.RoleInfo (RoleInfo.java:updateAndGet(143)) - 2ec85f63-33fb-4317-9145-71357d145af9: start FollowerState
2019-10-15 16:12:09,821 [Thread-2079] INFO  impl.FollowerState (FollowerState.java:run(117)) - 50423279-f647-4a18-8e85-347d68eaf856@group-B2671EB745D2-FollowerState was interrupted: java.lang.InterruptedException: sleep interrupted
2019-10-15 16:12:09,821 [grpc-default-executor-2] INFO  impl.RoleInfo (RoleInfo.java:updateAndGet(143)) - 50423279-f647-4a18-8e85-347d68eaf856: start FollowerState
2019-10-15 16:12:09,821 [Thread-2078] INFO  impl.FollowerState (FollowerState.java:run(117)) - 2ec85f63-33fb-4317-9145-71357d145af9@group-B2671EB745D2-FollowerState was interrupted: java.lang.InterruptedException: sleep interrupted
2019-10-15 16:12:09,835 [25d6372c-77fd-4a39-ac2a-e48debad48df@group-B2671EB745D2-LeaderElection283] INFO  impl.LeaderElection (LeaderElection.java:logAndReturn(56)) - 25d6372c-77fd-4a39-ac2a-e48debad48df@group-B2671EB745D2-LeaderElection283: Election REJECTED; received 2 response(s) [25d6372c-77fd-4a39-ac2a-e48debad48df<-50423279-f647-4a18-8e85-347d68eaf856#0:FAIL-t303, 25d6372c-77fd-4a39-ac2a-e48debad48df<-2ec85f63-33fb-4317-9145-71357d145af9#0:FAIL-t303] and 0 exception(s); 25d6372c-77fd-4a39-ac2a-e48debad48df@group-B2671EB745D2:t303, leader=null, voted=25d6372c-77fd-4a39-ac2a-e48debad48df, raftlog=25d6372c-77fd-4a39-ac2a-e48debad48df@group-B2671EB745D2-SegmentedRaftLog:OPENED:c-1,f-1,i0, conf=-1: [50423279-f647-4a18-8e85-347d68eaf856:192.168.69.88:39583, 2ec85f63-33fb-4317-9145-71357d145af9:192.168.69.88:42357, 25d6372c-77fd-4a39-ac2a-e48debad48df:192.168.69.88:39591], old=null
2019-10-15 16:12:09,835 [25d6372c-77fd-4a39-ac2a-e48debad48df@group-B2671EB745D2-LeaderElection283] INFO  impl.RaftServerImpl (RaftServerImpl.java:setRole(184)) - 25d6372c-77fd-4a39-ac2a-e48debad48df@group-B2671EB745D2: changes role from CANDIDATE to FOLLOWER at term 303 for DISCOVERED_A_NEW_TERM
2019-10-15 16:12:09,835 [25d6372c-77fd-4a39-ac2a-e48debad48df@group-B2671EB745D2-LeaderElection283] INFO  impl.RoleInfo (RoleInfo.java:shutdownLeaderElection(134)) - 25d6372c-77fd-4a39-ac2a-e48debad48df: shutdown LeaderElection
2019-10-15 16:12:09,835 [25d6372c-77fd-4a39-ac2a-e48debad48df@group-B2671EB745D2-LeaderElection283] INFO  impl.RoleInfo (RoleInfo.java:updateAndGet(143)) - 25d6372c-77fd-4a39-ac2a-e48debad48df: start FollowerState
2019-10-15 16:12:09,951 [Thread-2086] INFO  impl.FollowerState (FollowerState.java:run(108)) - 25d6372c-77fd-4a39-ac2a-e48debad48df@group-B2671EB745D2-FollowerState: change to CANDIDATE, lastRpcTime:116ms, electionTimeout:116ms
2019-10-15 16:12:09,951 [Thread-2086] INFO  impl.RoleInfo (RoleInfo.java:shutdownFollowerState(121)) - 25d6372c-77fd-4a39-ac2a-e48debad48df: shutdown FollowerState
2019-10-15 16:12:09,952 [Thread-2086] INFO  impl.RaftServerImpl (RaftServerImpl.java:setRole(184)) - 25d6372c-77fd-4a39-ac2a-e48debad48df@group-B2671EB745D2: changes role from  FOLLOWER to CANDIDATE at term 303 for changeToCandidate
2019-10-15 16:12:09,952 [Thread-2086] INFO  impl.RoleInfo (RoleInfo.java:updateAndGet(143)) - 25d6372c-77fd-4a39-ac2a-e48debad48df: start LeaderElection
2019-10-15 16:12:09,960 [25d6372c-77fd-4a39-ac2a-e48debad48df@group-B2671EB745D2-LeaderElection284] INFO  impl.LeaderElection (LeaderElection.java:askForVotes(178)) - 25d6372c-77fd-4a39-ac2a-e48debad48df@group-B2671EB745D2-LeaderElection284: begin an election at term 304 for -1: [50423279-f647-4a18-8e85-347d68eaf856:192.168.69.88:39583, 2ec85f63-33fb-4317-9145-71357d145af9:192.168.69.88:42357, 25d6372c-77fd-4a39-ac2a-e48debad48df:192.168.69.88:39591], old=null
2019-10-15 16:12:09,963 [grpc-default-executor-1] INFO  impl.RaftServerImpl (RaftServerImpl.java:setRole(184)) - 2ec85f63-33fb-4317-9145-71357d145af9@group-B2671EB745D2: changes role from  FOLLOWER to FOLLOWER at term 304 for recognizeCandidate:25d6372c-77fd-4a39-ac2a-e48debad48df
2019-10-15 16:12:09,963 [grpc-default-executor-2] INFO  impl.RaftServerImpl (RaftServerImpl.java:setRole(184)) - 50423279-f647-4a18-8e85-347d68eaf856@group-B2671EB745D2: changes role from  FOLLOWER to FOLLOWER at term 304 for recognizeCandidate:25d6372c-77fd-4a39-ac2a-e48debad48df
2019-10-15 16:12:09,963 [grpc-default-executor-1] INFO  impl.RoleInfo (RoleInfo.java:shutdownFollowerState(121)) - 2ec85f63-33fb-4317-9145-71357d145af9: shutdown FollowerState
2019-10-15 16:12:09,963 [grpc-default-executor-2] INFO  impl.RoleInfo (RoleInfo.java:shutdownFollowerState(121)) - 50423279-f647-4a18-8e85-347d68eaf856: shutdown FollowerState
2019-10-15 16:12:09,963 [grpc-default-executor-1] INFO  impl.RoleInfo (RoleInfo.java:updateAndGet(143)) - 2ec85f63-33fb-4317-9145-71357d145af9: start FollowerState
2019-10-15 16:12:09,963 [grpc-default-executor-2] INFO  impl.RoleInfo (RoleInfo.java:updateAndGet(143)) - 50423279-f647-4a18-8e85-347d68eaf856: start FollowerState
2019-10-15 16:12:09,963 [Thread-2084] INFO  impl.FollowerState (FollowerState.java:run(117)) - 2ec85f63-33fb-4317-9145-71357d145af9@group-B2671EB745D2-FollowerState was interrupted: java.lang.InterruptedException: sleep interrupted
2019-10-15 16:12:09,963 [Thread-2085] INFO  impl.FollowerState (FollowerState.java:run(117)) - 50423279-f647-4a18-8e85-347d68eaf856@group-B2671EB745D2-FollowerState was interrupted: java.lang.InterruptedException: sleep interrupted
2019-10-15 16:12:09,977 [25d6372c-77fd-4a39-ac2a-e48debad48df@group-B2671EB745D2-LeaderElection284] INFO  impl.LeaderElection (LeaderElection.java:logAndReturn(56)) - 25d6372c-77fd-4a39-ac2a-e48debad48df@group-B2671EB745D2-LeaderElection284: Election REJECTED; received 2 response(s) [25d6372c-77fd-4a39-ac2a-e48debad48df<-50423279-f647-4a18-8e85-347d68eaf856#0:FAIL-t304, 25d6372c-77fd-4a39-ac2a-e48debad48df<-2ec85f63-33fb-4317-9145-71357d145af9#0:FAIL-t304] and 0 exception(s); 25d6372c-77fd-4a39-ac2a-e48debad48df@group-B2671EB745D2:t304, leader=null, voted=25d6372c-77fd-4a39-ac2a-e48debad48df, raftlog=25d6372c-77fd-4a39-ac2a-e48debad48df@group-B2671EB745D2-SegmentedRaftLog:OPENED:c-1,f-1,i0, conf=-1: [50423279-f647-4a18-8e85-347d68eaf856:192.168.69.88:39583, 2ec85f63-33fb-4317-9145-71357d145af9:192.168.69.88:42357, 25d6372c-77fd-4a39-ac2a-e48debad48df:192.168.69.88:39591], old=null
2019-10-15 16:12:09,977 [25d6372c-77fd-4a39-ac2a-e48debad48df@group-B2671EB745D2-LeaderElection284] INFO  impl.RaftServerImpl (RaftServerImpl.java:setRole(184)) - 25d6372c-77fd-4a39-ac2a-e48debad48df@group-B2671EB745D2: changes role from CANDIDATE to FOLLOWER at term 304 for DISCOVERED_A_NEW_TERM
2019-10-15 16:12:09,978 [25d6372c-77fd-4a39-ac2a-e48debad48df@group-B2671EB745D2-LeaderElection284] INFO  impl.RoleInfo (RoleInfo.java:shutdownLeaderElection(134)) - 25d6372c-77fd-4a39-ac2a-e48debad48df: shutdown LeaderElection
2019-10-15 16:12:09,978 [25d6372c-77fd-4a39-ac2a-e48debad48df@group-B2671EB745D2-LeaderElection284] INFO  impl.RoleInfo (RoleInfo.java:updateAndGet(143)) - 25d6372c-77fd-4a39-ac2a-e48debad48df: start FollowerState
2019-10-15 16:12:10,040 [Thread-2092] INFO  impl.FollowerState (FollowerState.java:run(108)) - 25d6372c-77fd-4a39-ac2a-e48debad48df@group-B2671EB745D2-FollowerState: change to CANDIDATE, lastRpcTime:62ms, electionTimeout:62ms
2019-10-15 16:12:10,040 [Thread-2092] INFO  impl.RoleInfo (RoleInfo.java:shutdownFollowerState(121)) - 25d6372c-77fd-4a39-ac2a-e48debad48df: shutdown FollowerState
2019-10-15 16:12:10,040 [Thread-2092] INFO  impl.RaftServerImpl (RaftServerImpl.java:setRole(184)) - 25d6372c-77fd-4a39-ac2a-e48debad48df@group-B2671EB745D2: changes role from  FOLLOWER to CANDIDATE at term 304 for changeToCandidate
2019-10-15 16:12:10,040 [Thread-2092] INFO  impl.RoleInfo (RoleInfo.java:updateAndGet(143)) - 25d6372c-77fd-4a39-ac2a-e48debad48df: start LeaderElection
2019-10-15 16:12:10,054 [25d6372c-77fd-4a39-ac2a-e48debad48df@group-B2671EB745D2-LeaderElection285] INFO  impl.LeaderElection (LeaderElection.java:askForVotes(178)) - 25d6372c-77fd-4a39-ac2a-e48debad48df@group-B2671EB745D2-LeaderElection285: begin an election at term 305 for -1: [50423279-f647-4a18-8e85-347d68eaf856:192.168.69.88:39583, 2ec85f63-33fb-4317-9145-71357d145af9:192.168.69.88:42357, 25d6372c-77fd-4a39-ac2a-e48debad48df:192.168.69.88:39591], old=null
2019-10-15 16:12:10,056 [grpc-default-executor-1] INFO  impl.RaftServerImpl (RaftServerImpl.java:setRole(184)) - 50423279-f647-4a18-8e85-347d68eaf856@group-B2671EB745D2: changes role from  FOLLOWER to FOLLOWER at term 305 for recognizeCandidate:25d6372c-77fd-4a39-ac2a-e48debad48df
2019-10-15 16:12:10,056 [grpc-default-executor-1] INFO  impl.RoleInfo (RoleInfo.java:shutdownFollowerState(121)) - 50423279-f647-4a18-8e85-347d68eaf856: shutdown FollowerState
2019-10-15 16:12:10,056 [grpc-default-executor-2] INFO  impl.RaftServerImpl (RaftServerImpl.java:setRole(184)) - 2ec85f63-33fb-4317-9145-71357d145af9@group-B2671EB745D2: changes role from  FOLLOWER to FOLLOWER at term 305 for recognizeCandidate:25d6372c-77fd-4a39-ac2a-e48debad48df
2019-10-15 16:12:10,056 [Thread-2091] INFO  impl.FollowerState (FollowerState.java:run(117)) - 50423279-f647-4a18-8e85-347d68eaf856@group-B2671EB745D2-FollowerState was interrupted: java.lang.InterruptedException: sleep interrupted
2019-10-15 16:12:10,056 [grpc-default-executor-1] INFO  impl.RoleInfo (RoleInfo.java:updateAndGet(143)) - 50423279-f647-4a18-8e85-347d68eaf856: start FollowerState
2019-10-15 16:12:10,056 [grpc-default-executor-2] INFO  impl.RoleInfo (RoleInfo.java:shutdownFollowerState(121)) - 2ec85f63-33fb-4317-9145-71357d145af9: shutdown FollowerState
2019-10-15 16:12:10,057 [grpc-default-executor-2] INFO  impl.RoleInfo (RoleInfo.java:updateAndGet(143)) - 2ec85f63-33fb-4317-9145-71357d145af9: start FollowerState
2019-10-15 16:12:10,057 [Thread-2090] INFO  impl.FollowerState (FollowerState.java:run(117)) - 2ec85f63-33fb-4317-9145-71357d145af9@group-B2671EB745D2-FollowerState was interrupted: java.lang.InterruptedException: sleep interrupted
2019-10-15 16:12:10,067 [25d6372c-77fd-4a39-ac2a-e48debad48df@group-B2671EB745D2-LeaderElection285] INFO  impl.LeaderElection (LeaderElection.java:logAndReturn(56)) - 25d6372c-77fd-4a39-ac2a-e48debad48df@group-B2671EB745D2-LeaderElection285: Election REJECTED; received 2 response(s) [25d6372c-77fd-4a39-ac2a-e48debad48df<-2ec85f63-33fb-4317-9145-71357d145af9#0:FAIL-t305, 25d6372c-77fd-4a39-ac2a-e48debad48df<-50423279-f647-4a18-8e85-347d68eaf856#0:FAIL-t305] and 0 exception(s); 25d6372c-77fd-4a39-ac2a-e48debad48df@group-B2671EB745D2:t305, leader=null, voted=25d6372c-77fd-4a39-ac2a-e48debad48df, raftlog=25d6372c-77fd-4a39-ac2a-e48debad48df@group-B2671EB745D2-SegmentedRaftLog:OPENED:c-1,f-1,i0, conf=-1: [50423279-f647-4a18-8e85-347d68eaf856:192.168.69.88:39583, 2ec85f63-33fb-4317-9145-71357d145af9:192.168.69.88:42357, 25d6372c-77fd-4a39-ac2a-e48debad48df:192.168.69.88:39591], old=null
2019-10-15 16:12:10,067 [25d6372c-77fd-4a39-ac2a-e48debad48df@group-B2671EB745D2-LeaderElection285] INFO  impl.RaftServerImpl (RaftServerImpl.java:setRole(184)) - 25d6372c-77fd-4a39-ac2a-e48debad48df@group-B2671EB745D2: changes role from CANDIDATE to FOLLOWER at term 305 for DISCOVERED_A_NEW_TERM
2019-10-15 16:12:10,067 [25d6372c-77fd-4a39-ac2a-e48debad48df@group-B2671EB745D2-LeaderElection285] INFO  impl.RoleInfo (RoleInfo.java:shutdownLeaderElection(134)) - 25d6372c-77fd-4a39-ac2a-e48debad48df: shutdown LeaderElection
2019-10-15 16:12:10,067 [25d6372c-77fd-4a39-ac2a-e48debad48df@group-B2671EB745D2-LeaderElection285] INFO  impl.RoleInfo (RoleInfo.java:updateAndGet(143)) - 25d6372c-77fd-4a39-ac2a-e48debad48df: start FollowerState
2019-10-15 16:12:10,142 [Thread-2098] INFO  impl.FollowerState (FollowerState.java:run(108)) - 25d6372c-77fd-4a39-ac2a-e48debad48df@group-B2671EB745D2-FollowerState: change to CANDIDATE, lastRpcTime:75ms, electionTimeout:75ms
2019-10-15 16:12:10,143 [Thread-2098] INFO  impl.RoleInfo (RoleInfo.java:shutdownFollowerState(121)) - 25d6372c-77fd-4a39-ac2a-e48debad48df: shutdown FollowerState
2019-10-15 16:12:10,143 [Thread-2098] INFO  impl.RaftServerImpl (RaftServerImpl.java:setRole(184)) - 25d6372c-77fd-4a39-ac2a-e48debad48df@group-B2671EB745D2: changes role from  FOLLOWER to CANDIDATE at term 305 for changeToCandidate
2019-10-15 16:12:10,143 [Thread-2098] INFO  impl.RoleInfo (RoleInfo.java:updateAndGet(143)) - 25d6372c-77fd-4a39-ac2a-e48debad48df: start LeaderElection
2019-10-15 16:12:10,147 [25d6372c-77fd-4a39-ac2a-e48debad48df@group-B2671EB745D2-LeaderElection286] INFO  impl.LeaderElection (LeaderElection.java:askForVotes(178)) - 25d6372c-77fd-4a39-ac2a-e48debad48df@group-B2671EB745D2-LeaderElection286: begin an election at term 306 for -1: [50423279-f647-4a18-8e85-347d68eaf856:192.168.69.88:39583, 2ec85f63-33fb-4317-9145-71357d145af9:192.168.69.88:42357, 25d6372c-77fd-4a39-ac2a-e48debad48df:192.168.69.88:39591], old=null
2019-10-15 16:12:10,149 [grpc-default-executor-1] INFO  impl.RaftServerImpl (RaftServerImpl.java:setRole(184)) - 50423279-f647-4a18-8e85-347d68eaf856@group-B2671EB745D2: changes role from  FOLLOWER to FOLLOWER at term 306 for recognizeCandidate:25d6372c-77fd-4a39-ac2a-e48debad48df
2019-10-15 16:12:10,149 [grpc-default-executor-2] INFO  impl.RaftServerImpl (RaftServerImpl.java:setRole(184)) - 2ec85f63-33fb-4317-9145-71357d145af9@group-B2671EB745D2: changes role from  FOLLOWER to FOLLOWER at term 306 for recognizeCandidate:25d6372c-77fd-4a39-ac2a-e48debad48df
2019-10-15 16:12:10,149 [grpc-default-executor-1] INFO  impl.RoleInfo (RoleInfo.java:shutdownFollowerState(121)) - 50423279-f647-4a18-8e85-347d68eaf856: shutdown FollowerState
2019-10-15 16:12:10,149 [grpc-default-executor-2] INFO  impl.RoleInfo (RoleInfo.java:shutdownFollowerState(121)) - 2ec85f63-33fb-4317-9145-71357d145af9: shutdown FollowerState
2019-10-15 16:12:10,149 [Thread-2096] INFO  impl.FollowerState (FollowerState.java:run(117)) - 50423279-f647-4a18-8e85-347d68eaf856@group-B2671EB745D2-FollowerState was interrupted: java.lang.InterruptedException: sleep interrupted
2019-10-15 16:12:10,149 [Thread-2097] INFO  impl.FollowerState (FollowerState.java:run(117)) - 2ec85f63-33fb-4317-9145-71357d145af9@group-B2671EB745D2-FollowerState was interrupted: java.lang.InterruptedException: sleep interrupted
2019-10-15 16:12:10,149 [grpc-default-executor-1] INFO  impl.RoleInfo (RoleInfo.java:updateAndGet(143)) - 50423279-f647-4a18-8e85-347d68eaf856: start FollowerState
2019-10-15 16:12:10,149 [grpc-default-executor-2] INFO  impl.RoleInfo (RoleInfo.java:updateAndGet(143)) - 2ec85f63-33fb-4317-9145-71357d145af9: start FollowerState
2019-10-15 16:12:10,155 [25d6372c-77fd-4a39-ac2a-e48debad48df@group-B2671EB745D2-LeaderElection286] INFO  impl.LeaderElection (LeaderElection.java:logAndReturn(56)) - 25d6372c-77fd-4a39-ac2a-e48debad48df@group-B2671EB745D2-LeaderElection286: Election REJECTED; received 2 response(s) [25d6372c-77fd-4a39-ac2a-e48debad48df<-50423279-f647-4a18-8e85-347d68eaf856#0:FAIL-t306, 25d6372c-77fd-4a39-ac2a-e48debad48df<-2ec85f63-33fb-4317-9145-71357d145af9#0:FAIL-t306] and 0 exception(s); 25d6372c-77fd-4a39-ac2a-e48debad48df@group-B2671EB745D2:t306, leader=null, voted=25d6372c-77fd-4a39-ac2a-e48debad48df, raftlog=25d6372c-77fd-4a39-ac2a-e48debad48df@group-B2671EB745D2-SegmentedRaftLog:OPENED:c-1,f-1,i0, conf=-1: [50423279-f647-4a18-8e85-347d68eaf856:192.168.69.88:39583, 2ec85f63-33fb-4317-9145-71357d145af9:192.168.69.88:42357, 25d6372c-77fd-4a39-ac2a-e48debad48df:192.168.69.88:39591], old=null
2019-10-15 16:12:10,155 [25d6372c-77fd-4a39-ac2a-e48debad48df@group-B2671EB745D2-LeaderElection286] INFO  impl.RaftServerImpl (RaftServerImpl.java:setRole(184)) - 25d6372c-77fd-4a39-ac2a-e48debad48df@group-B2671EB745D2: changes role from CANDIDATE to FOLLOWER at term 306 for DISCOVERED_A_NEW_TERM
2019-10-15 16:12:10,155 [25d6372c-77fd-4a39-ac2a-e48debad48df@group-B2671EB745D2-LeaderElection286] INFO  impl.RoleInfo (RoleInfo.java:shutdownLeaderElection(134)) - 25d6372c-77fd-4a39-ac2a-e48debad48df: shutdown LeaderElection
2019-10-15 16:12:10,155 [25d6372c-77fd-4a39-ac2a-e48debad48df@group-B2671EB745D2-LeaderElection286] INFO  impl.RoleInfo (RoleInfo.java:updateAndGet(143)) - 25d6372c-77fd-4a39-ac2a-e48debad48df: start FollowerState
2019-10-15 16:12:10,252 [Thread-2104] INFO  impl.FollowerState (FollowerState.java:run(108)) - 25d6372c-77fd-4a39-ac2a-e48debad48df@group-B2671EB745D2-FollowerState: change to CANDIDATE, lastRpcTime:96ms, electionTimeout:96ms
2019-10-15 16:12:10,252 [Thread-2104] INFO  impl.RoleInfo (RoleInfo.java:shutdownFollowerState(121)) - 25d6372c-77fd-4a39-ac2a-e48debad48df: shutdown FollowerState
2019-10-15 16:12:10,252 [Thread-2104] INFO  impl.RaftServerImpl (RaftServerImpl.java:setRole(184)) - 25d6372c-77fd-4a39-ac2a-e48debad48df@group-B2671EB745D2: changes role from  FOLLOWER to CANDIDATE at term 306 for changeToCandidate
2019-10-15 16:12:10,252 [Thread-2104] INFO  impl.RoleInfo (RoleInfo.java:updateAndGet(143)) - 25d6372c-77fd-4a39-ac2a-e48debad48df: start LeaderElection
2019-10-15 16:12:10,268 [25d6372c-77fd-4a39-ac2a-e48debad48df@group-B2671EB745D2-LeaderElection287] INFO  impl.LeaderElection (LeaderElection.java:askForVotes(178)) - 25d6372c-77fd-4a39-ac2a-e48debad48df@group-B2671EB745D2-LeaderElection287: begin an election at term 307 for -1: [50423279-f647-4a18-8e85-347d68eaf856:192.168.69.88:39583, 2ec85f63-33fb-4317-9145-71357d145af9:192.168.69.88:42357, 25d6372c-77fd-4a39-ac2a-e48debad48df:192.168.69.88:39591], old=null
2019-10-15 16:12:10,270 [grpc-default-executor-2] INFO  impl.RaftServerImpl (RaftServerImpl.java:setRole(184)) - 50423279-f647-4a18-8e85-347d68eaf856@group-B2671EB745D2: changes role from  FOLLOWER to FOLLOWER at term 307 for recognizeCandidate:25d6372c-77fd-4a39-ac2a-e48debad48df
2019-10-15 16:12:10,270 [grpc-default-executor-1] INFO  impl.RaftServerImpl (RaftServerImpl.java:setRole(184)) - 2ec85f63-33fb-4317-9145-71357d145af9@group-B2671EB745D2: changes role from  FOLLOWER to FOLLOWER at term 307 for recognizeCandidate:25d6372c-77fd-4a39-ac2a-e48debad48df
2019-10-15 16:12:10,270 [grpc-default-executor-2] INFO  impl.RoleInfo (RoleInfo.java:shutdownFollowerState(121)) - 50423279-f647-4a18-8e85-347d68eaf856: shutdown FollowerState
2019-10-15 16:12:10,270 [grpc-default-executor-1] INFO  impl.RoleInfo (RoleInfo.java:shutdownFollowerState(121)) - 2ec85f63-33fb-4317-9145-71357d145af9: shutdown FollowerState
2019-10-15 16:12:10,271 [Thread-2102] INFO  impl.FollowerState (FollowerState.java:run(117)) - 50423279-f647-4a18-8e85-347d68eaf856@group-B2671EB745D2-FollowerState was interrupted: java.lang.InterruptedException: sleep interrupted
2019-10-15 16:12:10,270 [grpc-default-executor-2] INFO  impl.RoleInfo (RoleInfo.java:updateAndGet(143)) - 50423279-f647-4a18-8e85-347d68eaf856: start FollowerState
2019-10-15 16:12:10,271 [grpc-default-executor-1] INFO  impl.RoleInfo (RoleInfo.java:updateAndGet(143)) - 2ec85f63-33fb-4317-9145-71357d145af9: start FollowerState
2019-10-15 16:12:10,271 [Thread-2103] INFO  impl.FollowerState (FollowerState.java:run(117)) - 2ec85f63-33fb-4317-9145-71357d145af9@group-B2671EB745D2-FollowerState was interrupted: java.lang.InterruptedException: sleep interrupted
2019-10-15 16:12:10,285 [25d6372c-77fd-4a39-ac2a-e48debad48df@group-B2671EB745D2-LeaderElection287] INFO  impl.LeaderElection (LeaderElection.java:logAndReturn(56)) - 25d6372c-77fd-4a39-ac2a-e48debad48df@group-B2671EB745D2-LeaderElection287: Election REJECTED; received 2 response(s) [25d6372c-77fd-4a39-ac2a-e48debad48df<-2ec85f63-33fb-4317-9145-71357d145af9#0:FAIL-t307, 25d6372c-77fd-4a39-ac2a-e48debad48df<-50423279-f647-4a18-8e85-347d68eaf856#0:FAIL-t307] and 0 exception(s); 25d6372c-77fd-4a39-ac2a-e48debad48df@group-B2671EB745D2:t307, leader=null, voted=25d6372c-77fd-4a39-ac2a-e48debad48df, raftlog=25d6372c-77fd-4a39-ac2a-e48debad48df@group-B2671EB745D2-SegmentedRaftLog:OPENED:c-1,f-1,i0, conf=-1: [50423279-f647-4a18-8e85-347d68eaf856:192.168.69.88:39583, 2ec85f63-33fb-4317-9145-71357d145af9:192.168.69.88:42357, 25d6372c-77fd-4a39-ac2a-e48debad48df:192.168.69.88:39591], old=null
2019-10-15 16:12:10,285 [25d6372c-77fd-4a39-ac2a-e48debad48df@group-B2671EB745D2-LeaderElection287] INFO  impl.RaftServerImpl (RaftServerImpl.java:setRole(184)) - 25d6372c-77fd-4a39-ac2a-e48debad48df@group-B2671EB745D2: changes role from CANDIDATE to FOLLOWER at term 307 for DISCOVERED_A_NEW_TERM
2019-10-15 16:12:10,285 [25d6372c-77fd-4a39-ac2a-e48debad48df@group-B2671EB745D2-LeaderElection287] INFO  impl.RoleInfo (RoleInfo.java:shutdownLeaderElection(134)) - 25d6372c-77fd-4a39-ac2a-e48debad48df: shutdown LeaderElection
2019-10-15 16:12:10,285 [25d6372c-77fd-4a39-ac2a-e48debad48df@group-B2671EB745D2-LeaderElection287] INFO  impl.RoleInfo (RoleInfo.java:updateAndGet(143)) - 25d6372c-77fd-4a39-ac2a-e48debad48df: start FollowerState
2019-10-15 16:12:10,316 [Thread-2110] INFO  impl.FollowerState (FollowerState.java:run(108)) - 25d6372c-77fd-4a39-ac2a-e48debad48df@group-B2671EB745D2-FollowerState: change to CANDIDATE, lastRpcTime:31ms, electionTimeout:31ms
2019-10-15 16:12:10,317 [Thread-2110] INFO  impl.RoleInfo (RoleInfo.java:shutdownFollowerState(121)) - 25d6372c-77fd-4a39-ac2a-e48debad48df: shutdown FollowerState
2019-10-15 16:12:10,317 [Thread-2110] INFO  impl.RaftServerImpl (RaftServerImpl.java:setRole(184)) - 25d6372c-77fd-4a39-ac2a-e48debad48df@group-B2671EB745D2: changes role from  FOLLOWER to CANDIDATE at term 307 for changeToCandidate
2019-10-15 16:12:10,317 [Thread-2110] INFO  impl.RoleInfo (RoleInfo.java:updateAndGet(143)) - 25d6372c-77fd-4a39-ac2a-e48debad48df: start LeaderElection
2019-10-15 16:12:10,330 [25d6372c-77fd-4a39-ac2a-e48debad48df@group-B2671EB745D2-LeaderElection288] INFO  impl.LeaderElection (LeaderElection.java:askForVotes(178)) - 25d6372c-77fd-4a39-ac2a-e48debad48df@group-B2671EB745D2-LeaderElection288: begin an election at term 308 for -1: [50423279-f647-4a18-8e85-347d68eaf856:192.168.69.88:39583, 2ec85f63-33fb-4317-9145-71357d145af9:192.168.69.88:42357, 25d6372c-77fd-4a39-ac2a-e48debad48df:192.168.69.88:39591], old=null
2019-10-15 16:12:10,331 [grpc-default-executor-2] INFO  impl.RaftServerImpl (RaftServerImpl.java:setRole(184)) - 50423279-f647-4a18-8e85-347d68eaf856@group-B2671EB745D2: changes role from  FOLLOWER to FOLLOWER at term 308 for recognizeCandidate:25d6372c-77fd-4a39-ac2a-e48debad48df
2019-10-15 16:12:10,331 [grpc-default-executor-1] INFO  impl.RaftServerImpl (RaftServerImpl.java:setRole(184)) - 2ec85f63-33fb-4317-9145-71357d145af9@group-B2671EB745D2: changes role from  FOLLOWER to FOLLOWER at term 308 for recognizeCandidate:25d6372c-77fd-4a39-ac2a-e48debad48df
2019-10-15 16:12:10,332 [grpc-default-executor-1] INFO  impl.RoleInfo (RoleInfo.java:shutdownFollowerState(121)) - 2ec85f63-33fb-4317-9145-71357d145af9: shutdown FollowerState
2019-10-15 16:12:10,332 [grpc-default-executor-2] INFO  impl.RoleInfo (RoleInfo.java:shutdownFollowerState(121)) - 50423279-f647-4a18-8e85-347d68eaf856: shutdown FollowerState
2019-10-15 16:12:10,332 [grpc-default-executor-1] INFO  impl.RoleInfo (RoleInfo.java:updateAndGet(143)) - 2ec85f63-33fb-4317-9145-71357d145af9: start FollowerState
2019-10-15 16:12:10,332 [Thread-2108] INFO  impl.FollowerState (FollowerState.java:run(117)) - 50423279-f647-4a18-8e85-347d68eaf856@group-B2671EB745D2-FollowerState was interrupted: java.lang.InterruptedException: sleep interrupted
2019-10-15 16:12:10,332 [grpc-default-executor-2] INFO  impl.RoleInfo (RoleInfo.java:updateAndGet(143)) - 50423279-f647-4a18-8e85-347d68eaf856: start FollowerState
2019-10-15 16:12:10,332 [Thread-2109] INFO  impl.FollowerState (FollowerState.java:run(117)) - 2ec85f63-33fb-4317-9145-71357d145af9@group-B2671EB745D2-FollowerState was interrupted: java.lang.InterruptedException: sleep interrupted
2019-10-15 16:12:10,346 [25d6372c-77fd-4a39-ac2a-e48debad48df@group-B2671EB745D2-LeaderElection288] INFO  impl.LeaderElection (LeaderElection.java:logAndReturn(56)) - 25d6372c-77fd-4a39-ac2a-e48debad48df@group-B2671EB745D2-LeaderElection288: Election REJECTED; received 2 response(s) [25d6372c-77fd-4a39-ac2a-e48debad48df<-50423279-f647-4a18-8e85-347d68eaf856#0:FAIL-t308, 25d6372c-77fd-4a39-ac2a-e48debad48df<-2ec85f63-33fb-4317-9145-71357d145af9#0:FAIL-t308] and 0 exception(s); 25d6372c-77fd-4a39-ac2a-e48debad48df@group-B2671EB745D2:t308, leader=null, voted=25d6372c-77fd-4a39-ac2a-e48debad48df, raftlog=25d6372c-77fd-4a39-ac2a-e48debad48df@group-B2671EB745D2-SegmentedRaftLog:OPENED:c-1,f-1,i0, conf=-1: [50423279-f647-4a18-8e85-347d68eaf856:192.168.69.88:39583, 2ec85f63-33fb-4317-9145-71357d145af9:192.168.69.88:42357, 25d6372c-77fd-4a39-ac2a-e48debad48df:192.168.69.88:39591], old=null
2019-10-15 16:12:10,346 [25d6372c-77fd-4a39-ac2a-e48debad48df@group-B2671EB745D2-LeaderElection288] INFO  impl.RaftServerImpl (RaftServerImpl.java:setRole(184)) - 25d6372c-77fd-4a39-ac2a-e48debad48df@group-B2671EB745D2: changes role from CANDIDATE to FOLLOWER at term 308 for DISCOVERED_A_NEW_TERM
2019-10-15 16:12:10,346 [25d6372c-77fd-4a39-ac2a-e48debad48df@group-B2671EB745D2-LeaderElection288] INFO  impl.RoleInfo (RoleInfo.java:shutdownLeaderElection(134)) - 25d6372c-77fd-4a39-ac2a-e48debad48df: shutdown LeaderElection
2019-10-15 16:12:10,346 [25d6372c-77fd-4a39-ac2a-e48debad48df@group-B2671EB745D2-LeaderElection288] INFO  impl.RoleInfo (RoleInfo.java:updateAndGet(143)) - 25d6372c-77fd-4a39-ac2a-e48debad48df: start FollowerState
2019-10-15 16:12:10,393 [Thread-2116] INFO  impl.FollowerState (FollowerState.java:run(108)) - 25d6372c-77fd-4a39-ac2a-e48debad48df@group-B2671EB745D2-FollowerState: change to CANDIDATE, lastRpcTime:47ms, electionTimeout:47ms
2019-10-15 16:12:10,394 [Thread-2116] INFO  impl.RoleInfo (RoleInfo.java:shutdownFollowerState(121)) - 25d6372c-77fd-4a39-ac2a-e48debad48df: shutdown FollowerState
2019-10-15 16:12:10,394 [Thread-2116] INFO  impl.RaftServerImpl (RaftServerImpl.java:setRole(184)) - 25d6372c-77fd-4a39-ac2a-e48debad48df@group-B2671EB745D2: changes role from  FOLLOWER to CANDIDATE at term 308 for changeToCandidate
2019-10-15 16:12:10,394 [Thread-2116] INFO  impl.RoleInfo (RoleInfo.java:updateAndGet(143)) - 25d6372c-77fd-4a39-ac2a-e48debad48df: start LeaderElection
2019-10-15 16:12:10,407 [25d6372c-77fd-4a39-ac2a-e48debad48df@group-B2671EB745D2-LeaderElection289] INFO  impl.LeaderElection (LeaderElection.java:askForVotes(178)) - 25d6372c-77fd-4a39-ac2a-e48debad48df@group-B2671EB745D2-LeaderElection289: begin an election at term 309 for -1: [50423279-f647-4a18-8e85-347d68eaf856:192.168.69.88:39583, 2ec85f63-33fb-4317-9145-71357d145af9:192.168.69.88:42357, 25d6372c-77fd-4a39-ac2a-e48debad48df:192.168.69.88:39591], old=null
2019-10-15 16:12:10,408 [grpc-default-executor-2] INFO  impl.RaftServerImpl (RaftServerImpl.java:setRole(184)) - 50423279-f647-4a18-8e85-347d68eaf856@group-B2671EB745D2: changes role from  FOLLOWER to FOLLOWER at term 309 for recognizeCandidate:25d6372c-77fd-4a39-ac2a-e48debad48df
2019-10-15 16:12:10,409 [grpc-default-executor-2] INFO  impl.RoleInfo (RoleInfo.java:shutdownFollowerState(121)) - 50423279-f647-4a18-8e85-347d68eaf856: shutdown FollowerState
2019-10-15 16:12:10,408 [grpc-default-executor-1] INFO  impl.RaftServerImpl (RaftServerImpl.java:setRole(184)) - 2ec85f63-33fb-4317-9145-71357d145af9@group-B2671EB745D2: changes role from  FOLLOWER to FOLLOWER at term 309 for recognizeCandidate:25d6372c-77fd-4a39-ac2a-e48debad48df
2019-10-15 16:12:10,409 [Thread-2115] INFO  impl.FollowerState (FollowerState.java:run(117)) - 50423279-f647-4a18-8e85-347d68eaf856@group-B2671EB745D2-FollowerState was interrupted: java.lang.InterruptedException: sleep interrupted
2019-10-15 16:12:10,409 [grpc-default-executor-2] INFO  impl.RoleInfo (RoleInfo.java:updateAndGet(143)) - 50423279-f647-4a18-8e85-347d68eaf856: start FollowerState
2019-10-15 16:12:10,409 [grpc-default-executor-1] INFO  impl.RoleInfo (RoleInfo.java:shutdownFollowerState(121)) - 2ec85f63-33fb-4317-9145-71357d145af9: shutdown FollowerState
2019-10-15 16:12:10,409 [Thread-2114] INFO  impl.FollowerState (FollowerState.java:run(117)) - 2ec85f63-33fb-4317-9145-71357d145af9@group-B2671EB745D2-FollowerState was interrupted: java.lang.InterruptedException: sleep interrupted
2019-10-15 16:12:10,409 [grpc-default-executor-1] INFO  impl.RoleInfo (RoleInfo.java:updateAndGet(143)) - 2ec85f63-33fb-4317-9145-71357d145af9: start FollowerState
2019-10-15 16:12:10,423 [25d6372c-77fd-4a39-ac2a-e48debad48df@group-B2671EB745D2-LeaderElection289] INFO  impl.LeaderElection (LeaderElection.java:logAndReturn(56)) - 25d6372c-77fd-4a39-ac2a-e48debad48df@group-B2671EB745D2-LeaderElection289: Election REJECTED; received 2 response(s) [25d6372c-77fd-4a39-ac2a-e48debad48df<-50423279-f647-4a18-8e85-347d68eaf856#0:FAIL-t309, 25d6372c-77fd-4a39-ac2a-e48debad48df<-2ec85f63-33fb-4317-9145-71357d145af9#0:FAIL-t309] and 0 exception(s); 25d6372c-77fd-4a39-ac2a-e48debad48df@group-B2671EB745D2:t309, leader=null, voted=25d6372c-77fd-4a39-ac2a-e48debad48df, raftlog=25d6372c-77fd-4a39-ac2a-e48debad48df@group-B2671EB745D2-SegmentedRaftLog:OPENED:c-1,f-1,i0, conf=-1: [50423279-f647-4a18-8e85-347d68eaf856:192.168.69.88:39583, 2ec85f63-33fb-4317-9145-71357d145af9:192.168.69.88:42357, 25d6372c-77fd-4a39-ac2a-e48debad48df:192.168.69.88:39591], old=null
2019-10-15 16:12:10,423 [25d6372c-77fd-4a39-ac2a-e48debad48df@group-B2671EB745D2-LeaderElection289] INFO  impl.RaftServerImpl (RaftServerImpl.java:setRole(184)) - 25d6372c-77fd-4a39-ac2a-e48debad48df@group-B2671EB745D2: changes role from CANDIDATE to FOLLOWER at term 309 for DISCOVERED_A_NEW_TERM
2019-10-15 16:12:10,423 [25d6372c-77fd-4a39-ac2a-e48debad48df@group-B2671EB745D2-LeaderElection289] INFO  impl.RoleInfo (RoleInfo.java:shutdownLeaderElection(134)) - 25d6372c-77fd-4a39-ac2a-e48debad48df: shutdown LeaderElection
2019-10-15 16:12:10,424 [25d6372c-77fd-4a39-ac2a-e48debad48df@group-B2671EB745D2-LeaderElection289] INFO  impl.RoleInfo (RoleInfo.java:updateAndGet(143)) - 25d6372c-77fd-4a39-ac2a-e48debad48df: start FollowerState
2019-10-15 16:12:10,623 [Thread-2122] INFO  impl.FollowerState (FollowerState.java:run(108)) - 25d6372c-77fd-4a39-ac2a-e48debad48df@group-B2671EB745D2-FollowerState: change to CANDIDATE, lastRpcTime:199ms, electionTimeout:199ms
2019-10-15 16:12:10,623 [Thread-2122] INFO  impl.RoleInfo (RoleInfo.java:shutdownFollowerState(121)) - 25d6372c-77fd-4a39-ac2a-e48debad48df: shutdown FollowerState
2019-10-15 16:12:10,623 [Thread-2122] INFO  impl.RaftServerImpl (RaftServerImpl.java:setRole(184)) - 25d6372c-77fd-4a39-ac2a-e48debad48df@group-B2671EB745D2: changes role from  FOLLOWER to CANDIDATE at term 309 for changeToCandidate
2019-10-15 16:12:10,624 [Thread-2122] INFO  impl.RoleInfo (RoleInfo.java:updateAndGet(143)) - 25d6372c-77fd-4a39-ac2a-e48debad48df: start LeaderElection
2019-10-15 16:12:10,637 [25d6372c-77fd-4a39-ac2a-e48debad48df@group-B2671EB745D2-LeaderElection290] INFO  impl.LeaderElection (LeaderElection.java:askForVotes(178)) - 25d6372c-77fd-4a39-ac2a-e48debad48df@group-B2671EB745D2-LeaderElection290: begin an election at term 310 for -1: [50423279-f647-4a18-8e85-347d68eaf856:192.168.69.88:39583, 2ec85f63-33fb-4317-9145-71357d145af9:192.168.69.88:42357, 25d6372c-77fd-4a39-ac2a-e48debad48df:192.168.69.88:39591], old=null
2019-10-15 16:12:10,643 [grpc-default-executor-1] INFO  impl.RaftServerImpl (RaftServerImpl.java:setRole(184)) - 50423279-f647-4a18-8e85-347d68eaf856@group-B2671EB745D2: changes role from  FOLLOWER to FOLLOWER at term 310 for recognizeCandidate:25d6372c-77fd-4a39-ac2a-e48debad48df
2019-10-15 16:12:10,644 [grpc-default-executor-1] INFO  impl.RoleInfo (RoleInfo.java:shutdownFollowerState(121)) - 50423279-f647-4a18-8e85-347d68eaf856: shutdown FollowerState
2019-10-15 16:12:10,643 [grpc-default-executor-2] INFO  impl.RaftServerImpl (RaftServerImpl.java:setRole(184)) - 2ec85f63-33fb-4317-9145-71357d145af9@group-B2671EB745D2: changes role from  FOLLOWER to FOLLOWER at term 310 for recognizeCandidate:25d6372c-77fd-4a39-ac2a-e48debad48df
2019-10-15 16:12:10,644 [Thread-2120] INFO  impl.FollowerState (FollowerState.java:run(117)) - 50423279-f647-4a18-8e85-347d68eaf856@group-B2671EB745D2-FollowerState was interrupted: java.lang.InterruptedException: sleep interrupted
2019-10-15 16:12:10,644 [grpc-default-executor-1] INFO  impl.RoleInfo (RoleInfo.java:updateAndGet(143)) - 50423279-f647-4a18-8e85-347d68eaf856: start FollowerState
2019-10-15 16:12:10,644 [grpc-default-executor-2] INFO  impl.RoleInfo (RoleInfo.java:shutdownFollowerState(121)) - 2ec85f63-33fb-4317-9145-71357d145af9: shutdown FollowerState
2019-10-15 16:12:10,644 [Thread-2121] INFO  impl.FollowerState (FollowerState.java:run(117)) - 2ec85f63-33fb-4317-9145-71357d145af9@group-B2671EB745D2-FollowerState was interrupted: java.lang.InterruptedException: sleep interrupted
2019-10-15 16:12:10,645 [grpc-default-executor-2] INFO  impl.RoleInfo (RoleInfo.java:updateAndGet(143)) - 2ec85f63-33fb-4317-9145-71357d145af9: start FollowerState
2019-10-15 16:12:10,662 [25d6372c-77fd-4a39-ac2a-e48debad48df@group-B2671EB745D2-LeaderElection290] INFO  impl.LeaderElection (LeaderElection.java:logAndReturn(56)) - 25d6372c-77fd-4a39-ac2a-e48debad48df@group-B2671EB745D2-LeaderElection290: Election REJECTED; received 2 response(s) [25d6372c-77fd-4a39-ac2a-e48debad48df<-2ec85f63-33fb-4317-9145-71357d145af9#0:FAIL-t310, 25d6372c-77fd-4a39-ac2a-e48debad48df<-50423279-f647-4a18-8e85-347d68eaf856#0:FAIL-t310] and 0 exception(s); 25d6372c-77fd-4a39-ac2a-e48debad48df@group-B2671EB745D2:t310, leader=null, voted=25d6372c-77fd-4a39-ac2a-e48debad48df, raftlog=25d6372c-77fd-4a39-ac2a-e48debad48df@group-B2671EB745D2-SegmentedRaftLog:OPENED:c-1,f-1,i0, conf=-1: [50423279-f647-4a18-8e85-347d68eaf856:192.168.69.88:39583, 2ec85f63-33fb-4317-9145-71357d145af9:192.168.69.88:42357, 25d6372c-77fd-4a39-ac2a-e48debad48df:192.168.69.88:39591], old=null
2019-10-15 16:12:10,663 [25d6372c-77fd-4a39-ac2a-e48debad48df@group-B2671EB745D2-LeaderElection290] INFO  impl.RaftServerImpl (RaftServerImpl.java:setRole(184)) - 25d6372c-77fd-4a39-ac2a-e48debad48df@group-B2671EB745D2: changes role from CANDIDATE to FOLLOWER at term 310 for DISCOVERED_A_NEW_TERM
2019-10-15 16:12:10,663 [25d6372c-77fd-4a39-ac2a-e48debad48df@group-B2671EB745D2-LeaderElection290] INFO  impl.RoleInfo (RoleInfo.java:shutdownLeaderElection(134)) - 25d6372c-77fd-4a39-ac2a-e48debad48df: shutdown LeaderElection
2019-10-15 16:12:10,663 [25d6372c-77fd-4a39-ac2a-e48debad48df@group-B2671EB745D2-LeaderElection290] INFO  impl.RoleInfo (RoleInfo.java:updateAndGet(143)) - 25d6372c-77fd-4a39-ac2a-e48debad48df: start FollowerState
2019-10-15 16:12:10,733 [Thread-2128] INFO  impl.FollowerState (FollowerState.java:run(108)) - 25d6372c-77fd-4a39-ac2a-e48debad48df@group-B2671EB745D2-FollowerState: change to CANDIDATE, lastRpcTime:70ms, electionTimeout:70ms
2019-10-15 16:12:10,734 [Thread-2128] INFO  impl.RoleInfo (RoleInfo.java:shutdownFollowerState(121)) - 25d6372c-77fd-4a39-ac2a-e48debad48df: shutdown FollowerState
2019-10-15 16:12:10,734 [Thread-2128] INFO  impl.RaftServerImpl (RaftServerImpl.java:setRole(184)) - 25d6372c-77fd-4a39-ac2a-e48debad48df@group-B2671EB745D2: changes role from  FOLLOWER to CANDIDATE at term 310 for changeToCandidate
2019-10-15 16:12:10,734 [Thread-2128] INFO  impl.RoleInfo (RoleInfo.java:updateAndGet(143)) - 25d6372c-77fd-4a39-ac2a-e48debad48df: start LeaderElection
2019-10-15 16:12:10,747 [25d6372c-77fd-4a39-ac2a-e48debad48df@group-B2671EB745D2-LeaderElection291] INFO  impl.LeaderElection (LeaderElection.java:askForVotes(178)) - 25d6372c-77fd-4a39-ac2a-e48debad48df@group-B2671EB745D2-LeaderElection291: begin an election at term 311 for -1: [50423279-f647-4a18-8e85-347d68eaf856:192.168.69.88:39583, 2ec85f63-33fb-4317-9145-71357d145af9:192.168.69.88:42357, 25d6372c-77fd-4a39-ac2a-e48debad48df:192.168.69.88:39591], old=null
2019-10-15 16:12:10,749 [grpc-default-executor-1] INFO  impl.RaftServerImpl (RaftServerImpl.java:setRole(184)) - 2ec85f63-33fb-4317-9145-71357d145af9@group-B2671EB745D2: changes role from  FOLLOWER to FOLLOWER at term 311 for recognizeCandidate:25d6372c-77fd-4a39-ac2a-e48debad48df
2019-10-15 16:12:10,749 [grpc-default-executor-2] INFO  impl.RaftServerImpl (RaftServerImpl.java:setRole(184)) - 50423279-f647-4a18-8e85-347d68eaf856@group-B2671EB745D2: changes role from  FOLLOWER to FOLLOWER at term 311 for recognizeCandidate:25d6372c-77fd-4a39-ac2a-e48debad48df
2019-10-15 16:12:10,749 [grpc-default-executor-2] INFO  impl.RoleInfo (RoleInfo.java:shutdownFollowerState(121)) - 50423279-f647-4a18-8e85-347d68eaf856: shutdown FollowerState
2019-10-15 16:12:10,749 [grpc-default-executor-1] INFO  impl.RoleInfo (RoleInfo.java:shutdownFollowerState(121)) - 2ec85f63-33fb-4317-9145-71357d145af9: shutdown FollowerState
2019-10-15 16:12:10,749 [Thread-2126] INFO  impl.FollowerState (FollowerState.java:run(117)) - 50423279-f647-4a18-8e85-347d68eaf856@group-B2671EB745D2-FollowerState was interrupted: java.lang.InterruptedException: sleep interrupted
2019-10-15 16:12:10,749 [grpc-default-executor-2] INFO  impl.RoleInfo (RoleInfo.java:updateAndGet(143)) - 50423279-f647-4a18-8e85-347d68eaf856: start FollowerState
2019-10-15 16:12:10,749 [Thread-2127] INFO  impl.FollowerState (FollowerState.java:run(117)) - 2ec85f63-33fb-4317-9145-71357d145af9@group-B2671EB745D2-FollowerState was interrupted: java.lang.InterruptedException: sleep interrupted
2019-10-15 16:12:10,749 [grpc-default-executor-1] INFO  impl.RoleInfo (RoleInfo.java:updateAndGet(143)) - 2ec85f63-33fb-4317-9145-71357d145af9: start FollowerState
2019-10-15 16:12:10,754 [25d6372c-77fd-4a39-ac2a-e48debad48df@group-B2671EB745D2-LeaderElection291] INFO  impl.LeaderElection (LeaderElection.java:logAndReturn(56)) - 25d6372c-77fd-4a39-ac2a-e48debad48df@group-B2671EB745D2-LeaderElection291: Election REJECTED; received 2 response(s) [25d6372c-77fd-4a39-ac2a-e48debad48df<-2ec85f63-33fb-4317-9145-71357d145af9#0:FAIL-t311, 25d6372c-77fd-4a39-ac2a-e48debad48df<-50423279-f647-4a18-8e85-347d68eaf856#0:FAIL-t311] and 0 exception(s); 25d6372c-77fd-4a39-ac2a-e48debad48df@group-B2671EB745D2:t311, leader=null, voted=25d6372c-77fd-4a39-ac2a-e48debad48df, raftlog=25d6372c-77fd-4a39-ac2a-e48debad48df@group-B2671EB745D2-SegmentedRaftLog:OPENED:c-1,f-1,i0, conf=-1: [50423279-f647-4a18-8e85-347d68eaf856:192.168.69.88:39583, 2ec85f63-33fb-4317-9145-71357d145af9:192.168.69.88:42357, 25d6372c-77fd-4a39-ac2a-e48debad48df:192.168.69.88:39591], old=null
2019-10-15 16:12:10,754 [25d6372c-77fd-4a39-ac2a-e48debad48df@group-B2671EB745D2-LeaderElection291] INFO  impl.RaftServerImpl (RaftServerImpl.java:setRole(184)) - 25d6372c-77fd-4a39-ac2a-e48debad48df@group-B2671EB745D2: changes role from CANDIDATE to FOLLOWER at term 311 for DISCOVERED_A_NEW_TERM
2019-10-15 16:12:10,754 [25d6372c-77fd-4a39-ac2a-e48debad48df@group-B2671EB745D2-LeaderElection291] INFO  impl.RoleInfo (RoleInfo.java:shutdownLeaderElection(134)) - 25d6372c-77fd-4a39-ac2a-e48debad48df: shutdown LeaderElection
2019-10-15 16:12:10,754 [25d6372c-77fd-4a39-ac2a-e48debad48df@group-B2671EB745D2-LeaderElection291] INFO  impl.RoleInfo (RoleInfo.java:updateAndGet(143)) - 25d6372c-77fd-4a39-ac2a-e48debad48df: start FollowerState
2019-10-15 16:12:10,860 [Thread-2136] INFO  impl.FollowerState (FollowerState.java:run(108)) - 25d6372c-77fd-4a39-ac2a-e48debad48df@group-B2671EB745D2-FollowerState: change to CANDIDATE, lastRpcTime:105ms, electionTimeout:105ms
2019-10-15 16:12:10,860 [Thread-2136] INFO  impl.RoleInfo (RoleInfo.java:shutdownFollowerState(121)) - 25d6372c-77fd-4a39-ac2a-e48debad48df: shutdown FollowerState
2019-10-15 16:12:10,860 [Thread-2136] INFO  impl.RaftServerImpl (RaftServerImpl.java:setRole(184)) - 25d6372c-77fd-4a39-ac2a-e48debad48df@group-B2671EB745D2: changes role from  FOLLOWER to CANDIDATE at term 311 for changeToCandidate
2019-10-15 16:12:10,860 [Thread-2136] INFO  impl.RoleInfo (RoleInfo.java:updateAndGet(143)) - 25d6372c-77fd-4a39-ac2a-e48debad48df: start LeaderElection
2019-10-15 16:12:10,874 [25d6372c-77fd-4a39-ac2a-e48debad48df@group-B2671EB745D2-LeaderElection292] INFO  impl.LeaderElection (LeaderElection.java:askForVotes(178)) - 25d6372c-77fd-4a39-ac2a-e48debad48df@group-B2671EB745D2-LeaderElection292: begin an election at term 312 for -1: [50423279-f647-4a18-8e85-347d68eaf856:192.168.69.88:39583, 2ec85f63-33fb-4317-9145-71357d145af9:192.168.69.88:42357, 25d6372c-77fd-4a39-ac2a-e48debad48df:192.168.69.88:39591], old=null
2019-10-15 16:12:10,876 [grpc-default-executor-1] INFO  impl.RaftServerImpl (RaftServerImpl.java:setRole(184)) - 2ec85f63-33fb-4317-9145-71357d145af9@group-B2671EB745D2: changes role from  FOLLOWER to FOLLOWER at term 312 for recognizeCandidate:25d6372c-77fd-4a39-ac2a-e48debad48df
2019-10-15 16:12:10,876 [grpc-default-executor-1] INFO  impl.RoleInfo (RoleInfo.java:shutdownFollowerState(121)) - 2ec85f63-33fb-4317-9145-71357d145af9: shutdown FollowerState
2019-10-15 16:12:10,876 [grpc-default-executor-2] INFO  impl.RaftServerImpl (RaftServerImpl.java:setRole(184)) - 50423279-f647-4a18-8e85-347d68eaf856@group-B2671EB745D2: changes role from  FOLLOWER to FOLLOWER at term 312 for recognizeCandidate:25d6372c-77fd-4a39-ac2a-e48debad48df
2019-10-15 16:12:10,876 [grpc-default-executor-2] INFO  impl.RoleInfo (RoleInfo.java:shutdownFollowerState(121)) - 50423279-f647-4a18-8e85-347d68eaf856: shutdown FollowerState
2019-10-15 16:12:10,876 [Thread-2135] INFO  impl.FollowerState (FollowerState.java:run(117)) - 2ec85f63-33fb-4317-9145-71357d145af9@group-B2671EB745D2-FollowerState was interrupted: java.lang.InterruptedException: sleep interrupted
2019-10-15 16:12:10,876 [grpc-default-executor-1] INFO  impl.RoleInfo (RoleInfo.java:updateAndGet(143)) - 2ec85f63-33fb-4317-9145-71357d145af9: start FollowerState
2019-10-15 16:12:10,876 [Thread-2134] INFO  impl.FollowerState (FollowerState.java:run(117)) - 50423279-f647-4a18-8e85-347d68eaf856@group-B2671EB745D2-FollowerState was interrupted: java.lang.InterruptedException: sleep interrupted
2019-10-15 16:12:10,876 [grpc-default-executor-2] INFO  impl.RoleInfo (RoleInfo.java:updateAndGet(143)) - 50423279-f647-4a18-8e85-347d68eaf856: start FollowerState
2019-10-15 16:12:10,890 [25d6372c-77fd-4a39-ac2a-e48debad48df@group-B2671EB745D2-LeaderElection292] INFO  impl.LeaderElection (LeaderElection.java:logAndReturn(56)) - 25d6372c-77fd-4a39-ac2a-e48debad48df@group-B2671EB745D2-LeaderElection292: Election REJECTED; received 2 response(s) [25d6372c-77fd-4a39-ac2a-e48debad48df<-50423279-f647-4a18-8e85-347d68eaf856#0:FAIL-t312, 25d6372c-77fd-4a39-ac2a-e48debad48df<-2ec85f63-33fb-4317-9145-71357d145af9#0:FAIL-t312] and 0 exception(s); 25d6372c-77fd-4a39-ac2a-e48debad48df@group-B2671EB745D2:t312, leader=null, voted=25d6372c-77fd-4a39-ac2a-e48debad48df, raftlog=25d6372c-77fd-4a39-ac2a-e48debad48df@group-B2671EB745D2-SegmentedRaftLog:OPENED:c-1,f-1,i0, conf=-1: [50423279-f647-4a18-8e85-347d68eaf856:192.168.69.88:39583, 2ec85f63-33fb-4317-9145-71357d145af9:192.168.69.88:42357, 25d6372c-77fd-4a39-ac2a-e48debad48df:192.168.69.88:39591], old=null
2019-10-15 16:12:10,890 [25d6372c-77fd-4a39-ac2a-e48debad48df@group-B2671EB745D2-LeaderElection292] INFO  impl.RaftServerImpl (RaftServerImpl.java:setRole(184)) - 25d6372c-77fd-4a39-ac2a-e48debad48df@group-B2671EB745D2: changes role from CANDIDATE to FOLLOWER at term 312 for DISCOVERED_A_NEW_TERM
2019-10-15 16:12:10,890 [25d6372c-77fd-4a39-ac2a-e48debad48df@group-B2671EB745D2-LeaderElection292] INFO  impl.RoleInfo (RoleInfo.java:shutdownLeaderElection(134)) - 25d6372c-77fd-4a39-ac2a-e48debad48df: shutdown LeaderElection
2019-10-15 16:12:10,891 [25d6372c-77fd-4a39-ac2a-e48debad48df@group-B2671EB745D2-LeaderElection292] INFO  impl.RoleInfo (RoleInfo.java:updateAndGet(143)) - 25d6372c-77fd-4a39-ac2a-e48debad48df: start FollowerState
2019-10-15 16:12:10,998 [Thread-2142] INFO  impl.FollowerState (FollowerState.java:run(108)) - 25d6372c-77fd-4a39-ac2a-e48debad48df@group-B2671EB745D2-FollowerState: change to CANDIDATE, lastRpcTime:107ms, electionTimeout:107ms
2019-10-15 16:12:10,998 [Thread-2142] INFO  impl.RoleInfo (RoleInfo.java:shutdownFollowerState(121)) - 25d6372c-77fd-4a39-ac2a-e48debad48df: shutdown FollowerState
2019-10-15 16:12:10,998 [Thread-2142] INFO  impl.RaftServerImpl (RaftServerImpl.java:setRole(184)) - 25d6372c-77fd-4a39-ac2a-e48debad48df@group-B2671EB745D2: changes role from  FOLLOWER to CANDIDATE at term 312 for changeToCandidate
2019-10-15 16:12:10,998 [Thread-2142] INFO  impl.RoleInfo (RoleInfo.java:updateAndGet(143)) - 25d6372c-77fd-4a39-ac2a-e48debad48df: start LeaderElection
2019-10-15 16:12:11,012 [25d6372c-77fd-4a39-ac2a-e48debad48df@group-B2671EB745D2-LeaderElection293] INFO  impl.LeaderElection (LeaderElection.java:askForVotes(178)) - 25d6372c-77fd-4a39-ac2a-e48debad48df@group-B2671EB745D2-LeaderElection293: begin an election at term 313 for -1: [50423279-f647-4a18-8e85-347d68eaf856:192.168.69.88:39583, 2ec85f63-33fb-4317-9145-71357d145af9:192.168.69.88:42357, 25d6372c-77fd-4a39-ac2a-e48debad48df:192.168.69.88:39591], old=null
2019-10-15 16:12:11,013 [grpc-default-executor-2] INFO  impl.RaftServerImpl (RaftServerImpl.java:setRole(184)) - 50423279-f647-4a18-8e85-347d68eaf856@group-B2671EB745D2: changes role from  FOLLOWER to FOLLOWER at term 313 for recognizeCandidate:25d6372c-77fd-4a39-ac2a-e48debad48df
2019-10-15 16:12:11,013 [grpc-default-executor-2] INFO  impl.RoleInfo (RoleInfo.java:shutdownFollowerState(121)) - 50423279-f647-4a18-8e85-347d68eaf856: shutdown FollowerState
2019-10-15 16:12:11,013 [grpc-default-executor-1] INFO  impl.RaftServerImpl (RaftServerImpl.java:setRole(184)) - 2ec85f63-33fb-4317-9145-71357d145af9@group-B2671EB745D2: changes role from  FOLLOWER to FOLLOWER at term 313 for recognizeCandidate:25d6372c-77fd-4a39-ac2a-e48debad48df
2019-10-15 16:12:11,014 [Thread-2141] INFO  impl.FollowerState (FollowerState.java:run(117)) - 50423279-f647-4a18-8e85-347d68eaf856@group-B2671EB745D2-FollowerState was interrupted: java.lang.InterruptedException: sleep interrupted
2019-10-15 16:12:11,014 [grpc-default-executor-2] INFO  impl.RoleInfo (RoleInfo.java:updateAndGet(143)) - 50423279-f647-4a18-8e85-347d68eaf856: start FollowerState
2019-10-15 16:12:11,014 [grpc-default-executor-1] INFO  impl.RoleInfo (RoleInfo.java:shutdownFollowerState(121)) - 2ec85f63-33fb-4317-9145-71357d145af9: shutdown FollowerState
2019-10-15 16:12:11,014 [Thread-2140] INFO  impl.FollowerState (FollowerState.java:run(117)) - 2ec85f63-33fb-4317-9145-71357d145af9@group-B2671EB745D2-FollowerState was interrupted: java.lang.InterruptedException: sleep interrupted
2019-10-15 16:12:11,014 [grpc-default-executor-1] INFO  impl.RoleInfo (RoleInfo.java:updateAndGet(143)) - 2ec85f63-33fb-4317-9145-71357d145af9: start FollowerState
2019-10-15 16:12:11,028 [25d6372c-77fd-4a39-ac2a-e48debad48df@group-B2671EB745D2-LeaderElection293] INFO  impl.LeaderElection (LeaderElection.java:logAndReturn(56)) - 25d6372c-77fd-4a39-ac2a-e48debad48df@group-B2671EB745D2-LeaderElection293: Election REJECTED; received 2 response(s) [25d6372c-77fd-4a39-ac2a-e48debad48df<-50423279-f647-4a18-8e85-347d68eaf856#0:FAIL-t313, 25d6372c-77fd-4a39-ac2a-e48debad48df<-2ec85f63-33fb-4317-9145-71357d145af9#0:FAIL-t313] and 0 exception(s); 25d6372c-77fd-4a39-ac2a-e48debad48df@group-B2671EB745D2:t313, leader=null, voted=25d6372c-77fd-4a39-ac2a-e48debad48df, raftlog=25d6372c-77fd-4a39-ac2a-e48debad48df@group-B2671EB745D2-SegmentedRaftLog:OPENED:c-1,f-1,i0, conf=-1: [50423279-f647-4a18-8e85-347d68eaf856:192.168.69.88:39583, 2ec85f63-33fb-4317-9145-71357d145af9:192.168.69.88:42357, 25d6372c-77fd-4a39-ac2a-e48debad48df:192.168.69.88:39591], old=null
2019-10-15 16:12:11,028 [25d6372c-77fd-4a39-ac2a-e48debad48df@group-B2671EB745D2-LeaderElection293] INFO  impl.RaftServerImpl (RaftServerImpl.java:setRole(184)) - 25d6372c-77fd-4a39-ac2a-e48debad48df@group-B2671EB745D2: changes role from CANDIDATE to FOLLOWER at term 313 for DISCOVERED_A_NEW_TERM
2019-10-15 16:12:11,028 [25d6372c-77fd-4a39-ac2a-e48debad48df@group-B2671EB745D2-LeaderElection293] INFO  impl.RoleInfo (RoleInfo.java:shutdownLeaderElection(134)) - 25d6372c-77fd-4a39-ac2a-e48debad48df: shutdown LeaderElection
2019-10-15 16:12:11,028 [25d6372c-77fd-4a39-ac2a-e48debad48df@group-B2671EB745D2-LeaderElection293] INFO  impl.RoleInfo (RoleInfo.java:updateAndGet(143)) - 25d6372c-77fd-4a39-ac2a-e48debad48df: start FollowerState
2019-10-15 16:12:11,080 [Thread-2148] INFO  impl.FollowerState (FollowerState.java:run(108)) - 25d6372c-77fd-4a39-ac2a-e48debad48df@group-B2671EB745D2-FollowerState: change to CANDIDATE, lastRpcTime:51ms, electionTimeout:51ms
2019-10-15 16:12:11,080 [Thread-2148] INFO  impl.RoleInfo (RoleInfo.java:shutdownFollowerState(121)) - 25d6372c-77fd-4a39-ac2a-e48debad48df: shutdown FollowerState
2019-10-15 16:12:11,080 [Thread-2148] INFO  impl.RaftServerImpl (RaftServerImpl.java:setRole(184)) - 25d6372c-77fd-4a39-ac2a-e48debad48df@group-B2671EB745D2: changes role from  FOLLOWER to CANDIDATE at term 313 for changeToCandidate
2019-10-15 16:12:11,080 [Thread-2148] INFO  impl.RoleInfo (RoleInfo.java:updateAndGet(143)) - 25d6372c-77fd-4a39-ac2a-e48debad48df: start LeaderElection
2019-10-15 16:12:11,092 [25d6372c-77fd-4a39-ac2a-e48debad48df@group-B2671EB745D2-LeaderElection294] INFO  impl.LeaderElection (LeaderElection.java:askForVotes(178)) - 25d6372c-77fd-4a39-ac2a-e48debad48df@group-B2671EB745D2-LeaderElection294: begin an election at term 314 for -1: [50423279-f647-4a18-8e85-347d68eaf856:192.168.69.88:39583, 2ec85f63-33fb-4317-9145-71357d145af9:192.168.69.88:42357, 25d6372c-77fd-4a39-ac2a-e48debad48df:192.168.69.88:39591], old=null
2019-10-15 16:12:11,094 [grpc-default-executor-1] INFO  impl.RaftServerImpl (RaftServerImpl.java:setRole(184)) - 50423279-f647-4a18-8e85-347d68eaf856@group-B2671EB745D2: changes role from  FOLLOWER to FOLLOWER at term 314 for recognizeCandidate:25d6372c-77fd-4a39-ac2a-e48debad48df
2019-10-15 16:12:11,094 [grpc-default-executor-1] INFO  impl.RoleInfo (RoleInfo.java:shutdownFollowerState(121)) - 50423279-f647-4a18-8e85-347d68eaf856: shutdown FollowerState
2019-10-15 16:12:11,094 [grpc-default-executor-1] INFO  impl.RoleInfo (RoleInfo.java:updateAndGet(143)) - 50423279-f647-4a18-8e85-347d68eaf856: start FollowerState
2019-10-15 16:12:11,094 [Thread-2146] INFO  impl.FollowerState (FollowerState.java:run(117)) - 50423279-f647-4a18-8e85-347d68eaf856@group-B2671EB745D2-FollowerState was interrupted: java.lang.InterruptedException: sleep interrupted
2019-10-15 16:12:11,095 [grpc-default-executor-2] INFO  impl.RaftServerImpl (RaftServerImpl.java:setRole(184)) - 2ec85f63-33fb-4317-9145-71357d145af9@group-B2671EB745D2: changes role from  FOLLOWER to FOLLOWER at term 314 for recognizeCandidate:25d6372c-77fd-4a39-ac2a-e48debad48df
2019-10-15 16:12:11,095 [grpc-default-executor-2] INFO  impl.RoleInfo (RoleInfo.java:shutdownFollowerState(121)) - 2ec85f63-33fb-4317-9145-71357d145af9: shutdown FollowerState
2019-10-15 16:12:11,095 [grpc-default-executor-2] INFO  impl.RoleInfo (RoleInfo.java:updateAndGet(143)) - 2ec85f63-33fb-4317-9145-71357d145af9: start FollowerState
2019-10-15 16:12:11,095 [Thread-2147] INFO  impl.FollowerState (FollowerState.java:run(117)) - 2ec85f63-33fb-4317-9145-71357d145af9@group-B2671EB745D2-FollowerState was interrupted: java.lang.InterruptedException: sleep interrupted
2019-10-15 16:12:11,114 [25d6372c-77fd-4a39-ac2a-e48debad48df@group-B2671EB745D2-LeaderElection294] INFO  impl.LeaderElection (LeaderElection.java:logAndReturn(56)) - 25d6372c-77fd-4a39-ac2a-e48debad48df@group-B2671EB745D2-LeaderElection294: Election REJECTED; received 2 response(s) [25d6372c-77fd-4a39-ac2a-e48debad48df<-50423279-f647-4a18-8e85-347d68eaf856#0:FAIL-t314, 25d6372c-77fd-4a39-ac2a-e48debad48df<-2ec85f63-33fb-4317-9145-71357d145af9#0:FAIL-t314] and 0 exception(s); 25d6372c-77fd-4a39-ac2a-e48debad48df@group-B2671EB745D2:t314, leader=null, voted=25d6372c-77fd-4a39-ac2a-e48debad48df, raftlog=25d6372c-77fd-4a39-ac2a-e48debad48df@group-B2671EB745D2-SegmentedRaftLog:OPENED:c-1,f-1,i0, conf=-1: [50423279-f647-4a18-8e85-347d68eaf856:192.168.69.88:39583, 2ec85f63-33fb-4317-9145-71357d145af9:192.168.69.88:42357, 25d6372c-77fd-4a39-ac2a-e48debad48df:192.168.69.88:39591], old=null
2019-10-15 16:12:11,114 [25d6372c-77fd-4a39-ac2a-e48debad48df@group-B2671EB745D2-LeaderElection294] INFO  impl.RaftServerImpl (RaftServerImpl.java:setRole(184)) - 25d6372c-77fd-4a39-ac2a-e48debad48df@group-B2671EB745D2: changes role from CANDIDATE to FOLLOWER at term 314 for DISCOVERED_A_NEW_TERM
2019-10-15 16:12:11,114 [25d6372c-77fd-4a39-ac2a-e48debad48df@group-B2671EB745D2-LeaderElection294] INFO  impl.RoleInfo (RoleInfo.java:shutdownLeaderElection(134)) - 25d6372c-77fd-4a39-ac2a-e48debad48df: shutdown LeaderElection
2019-10-15 16:12:11,114 [25d6372c-77fd-4a39-ac2a-e48debad48df@group-B2671EB745D2-LeaderElection294] INFO  impl.RoleInfo (RoleInfo.java:updateAndGet(143)) - 25d6372c-77fd-4a39-ac2a-e48debad48df: start FollowerState
2019-10-15 16:12:11,190 [Thread-2154] INFO  impl.FollowerState (FollowerState.java:run(108)) - 25d6372c-77fd-4a39-ac2a-e48debad48df@group-B2671EB745D2-FollowerState: change to CANDIDATE, lastRpcTime:76ms, electionTimeout:76ms
2019-10-15 16:12:11,191 [Thread-2154] INFO  impl.RoleInfo (RoleInfo.java:shutdownFollowerState(121)) - 25d6372c-77fd-4a39-ac2a-e48debad48df: shutdown FollowerState
2019-10-15 16:12:11,191 [Thread-2154] INFO  impl.RaftServerImpl (RaftServerImpl.java:setRole(184)) - 25d6372c-77fd-4a39-ac2a-e48debad48df@group-B2671EB745D2: changes role from  FOLLOWER to CANDIDATE at term 314 for changeToCandidate
2019-10-15 16:12:11,191 [Thread-2154] INFO  impl.RoleInfo (RoleInfo.java:updateAndGet(143)) - 25d6372c-77fd-4a39-ac2a-e48debad48df: start LeaderElection
2019-10-15 16:12:11,205 [25d6372c-77fd-4a39-ac2a-e48debad48df@group-B2671EB745D2-LeaderElection295] INFO  impl.LeaderElection (LeaderElection.java:askForVotes(178)) - 25d6372c-77fd-4a39-ac2a-e48debad48df@group-B2671EB745D2-LeaderElection295: begin an election at term 315 for -1: [50423279-f647-4a18-8e85-347d68eaf856:192.168.69.88:39583, 2ec85f63-33fb-4317-9145-71357d145af9:192.168.69.88:42357, 25d6372c-77fd-4a39-ac2a-e48debad48df:192.168.69.88:39591], old=null
2019-10-15 16:12:11,206 [grpc-default-executor-2] INFO  impl.RaftServerImpl (RaftServerImpl.java:setRole(184)) - 2ec85f63-33fb-4317-9145-71357d145af9@group-B2671EB745D2: changes role from  FOLLOWER to FOLLOWER at term 315 for recognizeCandidate:25d6372c-77fd-4a39-ac2a-e48debad48df
2019-10-15 16:12:11,207 [grpc-default-executor-2] INFO  impl.RoleInfo (RoleInfo.java:shutdownFollowerState(121)) - 2ec85f63-33fb-4317-9145-71357d145af9: shutdown FollowerState
2019-10-15 16:12:11,207 [grpc-default-executor-1] INFO  impl.RaftServerImpl (RaftServerImpl.java:setRole(184)) - 50423279-f647-4a18-8e85-347d68eaf856@group-B2671EB745D2: changes role from  FOLLOWER to FOLLOWER at term 315 for recognizeCandidate:25d6372c-77fd-4a39-ac2a-e48debad48df
2019-10-15 16:12:11,207 [grpc-default-executor-1] INFO  impl.RoleInfo (RoleInfo.java:shutdownFollowerState(121)) - 50423279-f647-4a18-8e85-347d68eaf856: shutdown FollowerState
2019-10-15 16:12:11,207 [Thread-2153] INFO  impl.FollowerState (FollowerState.java:run(117)) - 2ec85f63-33fb-4317-9145-71357d145af9@group-B2671EB745D2-FollowerState was interrupted: java.lang.InterruptedException: sleep interrupted
2019-10-15 16:12:11,207 [grpc-default-executor-2] INFO  impl.RoleInfo (RoleInfo.java:updateAndGet(143)) - 2ec85f63-33fb-4317-9145-71357d145af9: start FollowerState
2019-10-15 16:12:11,207 [Thread-2152] INFO  impl.FollowerState (FollowerState.java:run(117)) - 50423279-f647-4a18-8e85-347d68eaf856@group-B2671EB745D2-FollowerState was interrupted: java.lang.InterruptedException: sleep interrupted
2019-10-15 16:12:11,207 [grpc-default-executor-1] INFO  impl.RoleInfo (RoleInfo.java:updateAndGet(143)) - 50423279-f647-4a18-8e85-347d68eaf856: start FollowerState
2019-10-15 16:12:11,221 [25d6372c-77fd-4a39-ac2a-e48debad48df@group-B2671EB745D2-LeaderElection295] INFO  impl.LeaderElection (LeaderElection.java:logAndReturn(56)) - 25d6372c-77fd-4a39-ac2a-e48debad48df@group-B2671EB745D2-LeaderElection295: Election REJECTED; received 2 response(s) [25d6372c-77fd-4a39-ac2a-e48debad48df<-2ec85f63-33fb-4317-9145-71357d145af9#0:FAIL-t315, 25d6372c-77fd-4a39-ac2a-e48debad48df<-50423279-f647-4a18-8e85-347d68eaf856#0:FAIL-t315] and 0 exception(s); 25d6372c-77fd-4a39-ac2a-e48debad48df@group-B2671EB745D2:t315, leader=null, voted=25d6372c-77fd-4a39-ac2a-e48debad48df, raftlog=25d6372c-77fd-4a39-ac2a-e48debad48df@group-B2671EB745D2-SegmentedRaftLog:OPENED:c-1,f-1,i0, conf=-1: [50423279-f647-4a18-8e85-347d68eaf856:192.168.69.88:39583, 2ec85f63-33fb-4317-9145-71357d145af9:192.168.69.88:42357, 25d6372c-77fd-4a39-ac2a-e48debad48df:192.168.69.88:39591], old=null
2019-10-15 16:12:11,221 [25d6372c-77fd-4a39-ac2a-e48debad48df@group-B2671EB745D2-LeaderElection295] INFO  impl.RaftServerImpl (RaftServerImpl.java:setRole(184)) - 25d6372c-77fd-4a39-ac2a-e48debad48df@group-B2671EB745D2: changes role from CANDIDATE to FOLLOWER at term 315 for DISCOVERED_A_NEW_TERM
2019-10-15 16:12:11,222 [25d6372c-77fd-4a39-ac2a-e48debad48df@group-B2671EB745D2-LeaderElection295] INFO  impl.RoleInfo (RoleInfo.java:shutdownLeaderElection(134)) - 25d6372c-77fd-4a39-ac2a-e48debad48df: shutdown LeaderElection
2019-10-15 16:12:11,222 [25d6372c-77fd-4a39-ac2a-e48debad48df@group-B2671EB745D2-LeaderElection295] INFO  impl.RoleInfo (RoleInfo.java:updateAndGet(143)) - 25d6372c-77fd-4a39-ac2a-e48debad48df: start FollowerState
2019-10-15 16:12:11,394 [Thread-2160] INFO  impl.FollowerState (FollowerState.java:run(108)) - 25d6372c-77fd-4a39-ac2a-e48debad48df@group-B2671EB745D2-FollowerState: change to CANDIDATE, lastRpcTime:172ms, electionTimeout:172ms
2019-10-15 16:12:11,394 [Thread-2160] INFO  impl.RoleInfo (RoleInfo.java:shutdownFollowerState(121)) - 25d6372c-77fd-4a39-ac2a-e48debad48df: shutdown FollowerState
2019-10-15 16:12:11,394 [Thread-2160] INFO  impl.RaftServerImpl (RaftServerImpl.java:setRole(184)) - 25d6372c-77fd-4a39-ac2a-e48debad48df@group-B2671EB745D2: changes role from  FOLLOWER to CANDIDATE at term 315 for changeToCandidate
2019-10-15 16:12:11,395 [Thread-2160] INFO  impl.RoleInfo (RoleInfo.java:updateAndGet(143)) - 25d6372c-77fd-4a39-ac2a-e48debad48df: start LeaderElection
2019-10-15 16:12:11,399 [25d6372c-77fd-4a39-ac2a-e48debad48df@group-B2671EB745D2-LeaderElection296] INFO  impl.LeaderElection (LeaderElection.java:askForVotes(178)) - 25d6372c-77fd-4a39-ac2a-e48debad48df@group-B2671EB745D2-LeaderElection296: begin an election at term 316 for -1: [50423279-f647-4a18-8e85-347d68eaf856:192.168.69.88:39583, 2ec85f63-33fb-4317-9145-71357d145af9:192.168.69.88:42357, 25d6372c-77fd-4a39-ac2a-e48debad48df:192.168.69.88:39591], old=null
2019-10-15 16:12:11,401 [grpc-default-executor-2] INFO  impl.RaftServerImpl (RaftServerImpl.java:setRole(184)) - 50423279-f647-4a18-8e85-347d68eaf856@group-B2671EB745D2: changes role from  FOLLOWER to FOLLOWER at term 316 for recognizeCandidate:25d6372c-77fd-4a39-ac2a-e48debad48df
2019-10-15 16:12:11,401 [grpc-default-executor-1] INFO  impl.RaftServerImpl (RaftServerImpl.java:setRole(184)) - 2ec85f63-33fb-4317-9145-71357d145af9@group-B2671EB745D2: changes role from  FOLLOWER to FOLLOWER at term 316 for recognizeCandidate:25d6372c-77fd-4a39-ac2a-e48debad48df
2019-10-15 16:12:11,401 [grpc-default-executor-2] INFO  impl.RoleInfo (RoleInfo.java:shutdownFollowerState(121)) - 50423279-f647-4a18-8e85-347d68eaf856: shutdown FollowerState
2019-10-15 16:12:11,401 [grpc-default-executor-1] INFO  impl.RoleInfo (RoleInfo.java:shutdownFollowerState(121)) - 2ec85f63-33fb-4317-9145-71357d145af9: shutdown FollowerState
2019-10-15 16:12:11,402 [Thread-2159] INFO  impl.FollowerState (FollowerState.java:run(117)) - 50423279-f647-4a18-8e85-347d68eaf856@group-B2671EB745D2-FollowerState was interrupted: java.lang.InterruptedException: sleep interrupted
2019-10-15 16:12:11,401 [grpc-default-executor-2] INFO  impl.RoleInfo (RoleInfo.java:updateAndGet(143)) - 50423279-f647-4a18-8e85-347d68eaf856: start FollowerState
2019-10-15 16:12:11,402 [Thread-2158] INFO  impl.FollowerState (FollowerState.java:run(117)) - 2ec85f63-33fb-4317-9145-71357d145af9@group-B2671EB745D2-FollowerState was interrupted: java.lang.InterruptedException: sleep interrupted
2019-10-15 16:12:11,402 [grpc-default-executor-1] INFO  impl.RoleInfo (RoleInfo.java:updateAndGet(143)) - 2ec85f63-33fb-4317-9145-71357d145af9: start FollowerState
2019-10-15 16:12:11,410 [25d6372c-77fd-4a39-ac2a-e48debad48df@group-B2671EB745D2-LeaderElection296] INFO  impl.LeaderElection (LeaderElection.java:logAndReturn(56)) - 25d6372c-77fd-4a39-ac2a-e48debad48df@group-B2671EB745D2-LeaderElection296: Election REJECTED; received 2 response(s) [25d6372c-77fd-4a39-ac2a-e48debad48df<-2ec85f63-33fb-4317-9145-71357d145af9#0:FAIL-t316, 25d6372c-77fd-4a39-ac2a-e48debad48df<-50423279-f647-4a18-8e85-347d68eaf856#0:FAIL-t316] and 0 exception(s); 25d6372c-77fd-4a39-ac2a-e48debad48df@group-B2671EB745D2:t316, leader=null, voted=25d6372c-77fd-4a39-ac2a-e48debad48df, raftlog=25d6372c-77fd-4a39-ac2a-e48debad48df@group-B2671EB745D2-SegmentedRaftLog:OPENED:c-1,f-1,i0, conf=-1: [50423279-f647-4a18-8e85-347d68eaf856:192.168.69.88:39583, 2ec85f63-33fb-4317-9145-71357d145af9:192.168.69.88:42357, 25d6372c-77fd-4a39-ac2a-e48debad48df:192.168.69.88:39591], old=null
2019-10-15 16:12:11,410 [25d6372c-77fd-4a39-ac2a-e48debad48df@group-B2671EB745D2-LeaderElection296] INFO  impl.RaftServerImpl (RaftServerImpl.java:setRole(184)) - 25d6372c-77fd-4a39-ac2a-e48debad48df@group-B2671EB745D2: changes role from CANDIDATE to FOLLOWER at term 316 for DISCOVERED_A_NEW_TERM
2019-10-15 16:12:11,410 [25d6372c-77fd-4a39-ac2a-e48debad48df@group-B2671EB745D2-LeaderElection296] INFO  impl.RoleInfo (RoleInfo.java:shutdownLeaderElection(134)) - 25d6372c-77fd-4a39-ac2a-e48debad48df: shutdown LeaderElection
2019-10-15 16:12:11,410 [25d6372c-77fd-4a39-ac2a-e48debad48df@group-B2671EB745D2-LeaderElection296] INFO  impl.RoleInfo (RoleInfo.java:updateAndGet(143)) - 25d6372c-77fd-4a39-ac2a-e48debad48df: start FollowerState
2019-10-15 16:12:11,410 [Thread-2166] INFO  impl.FollowerState (FollowerState.java:run(108)) - 25d6372c-77fd-4a39-ac2a-e48debad48df@group-B2671EB745D2-FollowerState: change to CANDIDATE, lastRpcTime:0ms, electionTimeout:0ms
2019-10-15 16:12:11,410 [Thread-2166] INFO  impl.RoleInfo (RoleInfo.java:shutdownFollowerState(121)) - 25d6372c-77fd-4a39-ac2a-e48debad48df: shutdown FollowerState
2019-10-15 16:12:11,410 [Thread-2166] INFO  impl.RaftServerImpl (RaftServerImpl.java:setRole(184)) - 25d6372c-77fd-4a39-ac2a-e48debad48df@group-B2671EB745D2: changes role from  FOLLOWER to CANDIDATE at term 316 for changeToCandidate
2019-10-15 16:12:11,410 [Thread-2166] INFO  impl.RoleInfo (RoleInfo.java:updateAndGet(143)) - 25d6372c-77fd-4a39-ac2a-e48debad48df: start LeaderElection
2019-10-15 16:12:11,432 [25d6372c-77fd-4a39-ac2a-e48debad48df@group-B2671EB745D2-LeaderElection297] INFO  impl.LeaderElection (LeaderElection.java:askForVotes(178)) - 25d6372c-77fd-4a39-ac2a-e48debad48df@group-B2671EB745D2-LeaderElection297: begin an election at term 317 for -1: [50423279-f647-4a18-8e85-347d68eaf856:192.168.69.88:39583, 2ec85f63-33fb-4317-9145-71357d145af9:192.168.69.88:42357, 25d6372c-77fd-4a39-ac2a-e48debad48df:192.168.69.88:39591], old=null
2019-10-15 16:12:11,434 [grpc-default-executor-1] INFO  impl.RaftServerImpl (RaftServerImpl.java:setRole(184)) - 50423279-f647-4a18-8e85-347d68eaf856@group-B2671EB745D2: changes role from  FOLLOWER to FOLLOWER at term 317 for recognizeCandidate:25d6372c-77fd-4a39-ac2a-e48debad48df
2019-10-15 16:12:11,434 [grpc-default-executor-1] INFO  impl.RoleInfo (RoleInfo.java:shutdownFollowerState(121)) - 50423279-f647-4a18-8e85-347d68eaf856: shutdown FollowerState
2019-10-15 16:12:11,434 [grpc-default-executor-2] INFO  impl.RaftServerImpl (RaftServerImpl.java:setRole(184)) - 2ec85f63-33fb-4317-9145-71357d145af9@group-B2671EB745D2: changes role from  FOLLOWER to FOLLOWER at term 317 for recognizeCandidate:25d6372c-77fd-4a39-ac2a-e48debad48df
2019-10-15 16:12:11,434 [grpc-default-executor-2] INFO  impl.RoleInfo (RoleInfo.java:shutdownFollowerState(121)) - 2ec85f63-33fb-4317-9145-71357d145af9: shutdown FollowerState
2019-10-15 16:12:11,434 [Thread-2164] INFO  impl.FollowerState (FollowerState.java:run(117)) - 50423279-f647-4a18-8e85-347d68eaf856@group-B2671EB745D2-FollowerState was interrupted: java.lang.InterruptedException: sleep interrupted
2019-10-15 16:12:11,434 [grpc-default-executor-1] INFO  impl.RoleInfo (RoleInfo.java:updateAndGet(143)) - 50423279-f647-4a18-8e85-347d68eaf856: start FollowerState
2019-10-15 16:12:11,434 [Thread-2165] INFO  impl.FollowerState (FollowerState.java:run(117)) - 2ec85f63-33fb-4317-9145-71357d145af9@group-B2671EB745D2-FollowerState was interrupted: java.lang.InterruptedException: sleep interrupted
2019-10-15 16:12:11,434 [grpc-default-executor-2] INFO  impl.RoleInfo (RoleInfo.java:updateAndGet(143)) - 2ec85f63-33fb-4317-9145-71357d145af9: start FollowerState
2019-10-15 16:12:11,450 [25d6372c-77fd-4a39-ac2a-e48debad48df@group-B2671EB745D2-LeaderElection297] INFO  impl.LeaderElection (LeaderElection.java:logAndReturn(56)) - 25d6372c-77fd-4a39-ac2a-e48debad48df@group-B2671EB745D2-LeaderElection297: Election REJECTED; received 2 response(s) [25d6372c-77fd-4a39-ac2a-e48debad48df<-2ec85f63-33fb-4317-9145-71357d145af9#0:FAIL-t317, 25d6372c-77fd-4a39-ac2a-e48debad48df<-50423279-f647-4a18-8e85-347d68eaf856#0:FAIL-t317] and 0 exception(s); 25d6372c-77fd-4a39-ac2a-e48debad48df@group-B2671EB745D2:t317, leader=null, voted=25d6372c-77fd-4a39-ac2a-e48debad48df, raftlog=25d6372c-77fd-4a39-ac2a-e48debad48df@group-B2671EB745D2-SegmentedRaftLog:OPENED:c-1,f-1,i0, conf=-1: [50423279-f647-4a18-8e85-347d68eaf856:192.168.69.88:39583, 2ec85f63-33fb-4317-9145-71357d145af9:192.168.69.88:42357, 25d6372c-77fd-4a39-ac2a-e48debad48df:192.168.69.88:39591], old=null
2019-10-15 16:12:11,450 [25d6372c-77fd-4a39-ac2a-e48debad48df@group-B2671EB745D2-LeaderElection297] INFO  impl.RaftServerImpl (RaftServerImpl.java:setRole(184)) - 25d6372c-77fd-4a39-ac2a-e48debad48df@group-B2671EB745D2: changes role from CANDIDATE to FOLLOWER at term 317 for DISCOVERED_A_NEW_TERM
2019-10-15 16:12:11,450 [25d6372c-77fd-4a39-ac2a-e48debad48df@group-B2671EB745D2-LeaderElection297] INFO  impl.RoleInfo (RoleInfo.java:shutdownLeaderElection(134)) - 25d6372c-77fd-4a39-ac2a-e48debad48df: shutdown LeaderElection
2019-10-15 16:12:11,450 [25d6372c-77fd-4a39-ac2a-e48debad48df@group-B2671EB745D2-LeaderElection297] INFO  impl.RoleInfo (RoleInfo.java:updateAndGet(143)) - 25d6372c-77fd-4a39-ac2a-e48debad48df: start FollowerState
2019-10-15 16:12:11,492 [Thread-2172] INFO  impl.FollowerState (FollowerState.java:run(108)) - 25d6372c-77fd-4a39-ac2a-e48debad48df@group-B2671EB745D2-FollowerState: change to CANDIDATE, lastRpcTime:41ms, electionTimeout:41ms
2019-10-15 16:12:11,492 [Thread-2172] INFO  impl.RoleInfo (RoleInfo.java:shutdownFollowerState(121)) - 25d6372c-77fd-4a39-ac2a-e48debad48df: shutdown FollowerState
2019-10-15 16:12:11,492 [Thread-2172] INFO  impl.RaftServerImpl (RaftServerImpl.java:setRole(184)) - 25d6372c-77fd-4a39-ac2a-e48debad48df@group-B2671EB745D2: changes role from  FOLLOWER to CANDIDATE at term 317 for changeToCandidate
2019-10-15 16:12:11,492 [Thread-2172] INFO  impl.RoleInfo (RoleInfo.java:updateAndGet(143)) - 25d6372c-77fd-4a39-ac2a-e48debad48df: start LeaderElection
2019-10-15 16:12:11,505 [25d6372c-77fd-4a39-ac2a-e48debad48df@group-B2671EB745D2-LeaderElection298] INFO  impl.LeaderElection (LeaderElection.java:askForVotes(178)) - 25d6372c-77fd-4a39-ac2a-e48debad48df@group-B2671EB745D2-LeaderElection298: begin an election at term 318 for -1: [50423279-f647-4a18-8e85-347d68eaf856:192.168.69.88:39583, 2ec85f63-33fb-4317-9145-71357d145af9:192.168.69.88:42357, 25d6372c-77fd-4a39-ac2a-e48debad48df:192.168.69.88:39591], old=null
2019-10-15 16:12:11,507 [grpc-default-executor-1] INFO  impl.RaftServerImpl (RaftServerImpl.java:setRole(184)) - 2ec85f63-33fb-4317-9145-71357d145af9@group-B2671EB745D2: changes role from  FOLLOWER to FOLLOWER at term 318 for recognizeCandidate:25d6372c-77fd-4a39-ac2a-e48debad48df
2019-10-15 16:12:11,507 [grpc-default-executor-2] INFO  impl.RaftServerImpl (RaftServerImpl.java:setRole(184)) - 50423279-f647-4a18-8e85-347d68eaf856@group-B2671EB745D2: changes role from  FOLLOWER to FOLLOWER at term 318 for recognizeCandidate:25d6372c-77fd-4a39-ac2a-e48debad48df
2019-10-15 16:12:11,507 [grpc-default-executor-1] INFO  impl.RoleInfo (RoleInfo.java:shutdownFollowerState(121)) - 2ec85f63-33fb-4317-9145-71357d145af9: shutdown FollowerState
2019-10-15 16:12:11,507 [grpc-default-executor-2] INFO  impl.RoleInfo (RoleInfo.java:shutdownFollowerState(121)) - 50423279-f647-4a18-8e85-347d68eaf856: shutdown FollowerState
2019-10-15 16:12:11,507 [grpc-default-executor-2] INFO  impl.RoleInfo (RoleInfo.java:updateAndGet(143)) - 50423279-f647-4a18-8e85-347d68eaf856: start FollowerState
2019-10-15 16:12:11,507 [Thread-2171] INFO  impl.FollowerState (FollowerState.java:run(117)) - 2ec85f63-33fb-4317-9145-71357d145af9@group-B2671EB745D2-FollowerState was interrupted: java.lang.InterruptedException: sleep interrupted
2019-10-15 16:12:11,507 [grpc-default-executor-1] INFO  impl.RoleInfo (RoleInfo.java:updateAndGet(143)) - 2ec85f63-33fb-4317-9145-71357d145af9: start FollowerState
2019-10-15 16:12:11,507 [Thread-2170] INFO  impl.FollowerState (FollowerState.java:run(117)) - 50423279-f647-4a18-8e85-347d68eaf856@group-B2671EB745D2-FollowerState was interrupted: java.lang.InterruptedException: sleep interrupted
2019-10-15 16:12:11,522 [25d6372c-77fd-4a39-ac2a-e48debad48df@group-B2671EB745D2-LeaderElection298] INFO  impl.LeaderElection (LeaderElection.java:logAndReturn(56)) - 25d6372c-77fd-4a39-ac2a-e48debad48df@group-B2671EB745D2-LeaderElection298: Election REJECTED; received 2 response(s) [25d6372c-77fd-4a39-ac2a-e48debad48df<-50423279-f647-4a18-8e85-347d68eaf856#0:FAIL-t318, 25d6372c-77fd-4a39-ac2a-e48debad48df<-2ec85f63-33fb-4317-9145-71357d145af9#0:FAIL-t318] and 0 exception(s); 25d6372c-77fd-4a39-ac2a-e48debad48df@group-B2671EB745D2:t318, leader=null, voted=25d6372c-77fd-4a39-ac2a-e48debad48df, raftlog=25d6372c-77fd-4a39-ac2a-e48debad48df@group-B2671EB745D2-SegmentedRaftLog:OPENED:c-1,f-1,i0, conf=-1: [50423279-f647-4a18-8e85-347d68eaf856:192.168.69.88:39583, 2ec85f63-33fb-4317-9145-71357d145af9:192.168.69.88:42357, 25d6372c-77fd-4a39-ac2a-e48debad48df:192.168.69.88:39591], old=null
2019-10-15 16:12:11,522 [25d6372c-77fd-4a39-ac2a-e48debad48df@group-B2671EB745D2-LeaderElection298] INFO  impl.RaftServerImpl (RaftServerImpl.java:setRole(184)) - 25d6372c-77fd-4a39-ac2a-e48debad48df@group-B2671EB745D2: changes role from CANDIDATE to FOLLOWER at term 318 for DISCOVERED_A_NEW_TERM
2019-10-15 16:12:11,522 [25d6372c-77fd-4a39-ac2a-e48debad48df@group-B2671EB745D2-LeaderElection298] INFO  impl.RoleInfo (RoleInfo.java:shutdownLeaderElection(134)) - 25d6372c-77fd-4a39-ac2a-e48debad48df: shutdown LeaderElection
2019-10-15 16:12:11,522 [25d6372c-77fd-4a39-ac2a-e48debad48df@group-B2671EB745D2-LeaderElection298] INFO  impl.RoleInfo (RoleInfo.java:updateAndGet(143)) - 25d6372c-77fd-4a39-ac2a-e48debad48df: start FollowerState
2019-10-15 16:12:11,712 [Thread-2178] INFO  impl.FollowerState (FollowerState.java:run(108)) - 25d6372c-77fd-4a39-ac2a-e48debad48df@group-B2671EB745D2-FollowerState: change to CANDIDATE, lastRpcTime:190ms, electionTimeout:190ms
2019-10-15 16:12:11,713 [Thread-2178] INFO  impl.RoleInfo (RoleInfo.java:shutdownFollowerState(121)) - 25d6372c-77fd-4a39-ac2a-e48debad48df: shutdown FollowerState
2019-10-15 16:12:11,713 [Thread-2178] INFO  impl.RaftServerImpl (RaftServerImpl.java:setRole(184)) - 25d6372c-77fd-4a39-ac2a-e48debad48df@group-B2671EB745D2: changes role from  FOLLOWER to CANDIDATE at term 318 for changeToCandidate
2019-10-15 16:12:11,713 [Thread-2178] INFO  impl.RoleInfo (RoleInfo.java:updateAndGet(143)) - 25d6372c-77fd-4a39-ac2a-e48debad48df: start LeaderElection
2019-10-15 16:12:11,726 [25d6372c-77fd-4a39-ac2a-e48debad48df@group-B2671EB745D2-LeaderElection299] INFO  impl.LeaderElection (LeaderElection.java:askForVotes(178)) - 25d6372c-77fd-4a39-ac2a-e48debad48df@group-B2671EB745D2-LeaderElection299: begin an election at term 319 for -1: [50423279-f647-4a18-8e85-347d68eaf856:192.168.69.88:39583, 2ec85f63-33fb-4317-9145-71357d145af9:192.168.69.88:42357, 25d6372c-77fd-4a39-ac2a-e48debad48df:192.168.69.88:39591], old=null
2019-10-15 16:12:11,728 [grpc-default-executor-2] INFO  impl.RaftServerImpl (RaftServerImpl.java:setRole(184)) - 2ec85f63-33fb-4317-9145-71357d145af9@group-B2671EB745D2: changes role from  FOLLOWER to FOLLOWER at term 319 for recognizeCandidate:25d6372c-77fd-4a39-ac2a-e48debad48df
2019-10-15 16:12:11,728 [grpc-default-executor-1] INFO  impl.RaftServerImpl (RaftServerImpl.java:setRole(184)) - 50423279-f647-4a18-8e85-347d68eaf856@group-B2671EB745D2: changes role from  FOLLOWER to FOLLOWER at term 319 for recognizeCandidate:25d6372c-77fd-4a39-ac2a-e48debad48df
2019-10-15 16:12:11,728 [grpc-default-executor-2] INFO  impl.RoleInfo (RoleInfo.java:shutdownFollowerState(121)) - 2ec85f63-33fb-4317-9145-71357d145af9: shutdown FollowerState
2019-10-15 16:12:11,728 [grpc-default-executor-1] INFO  impl.RoleInfo (RoleInfo.java:shutdownFollowerState(121)) - 50423279-f647-4a18-8e85-347d68eaf856: shutdown FollowerState
2019-10-15 16:12:11,728 [grpc-default-executor-2] INFO  impl.RoleInfo (RoleInfo.java:updateAndGet(143)) - 2ec85f63-33fb-4317-9145-71357d145af9: start FollowerState
2019-10-15 16:12:11,728 [Thread-2177] INFO  impl.FollowerState (FollowerState.java:run(117)) - 50423279-f647-4a18-8e85-347d68eaf856@group-B2671EB745D2-FollowerState was interrupted: java.lang.InterruptedException: sleep interrupted
2019-10-15 16:12:11,728 [grpc-default-executor-1] INFO  impl.RoleInfo (RoleInfo.java:updateAndGet(143)) - 50423279-f647-4a18-8e85-347d68eaf856: start FollowerState
2019-10-15 16:12:11,728 [Thread-2176] INFO  impl.FollowerState (FollowerState.java:run(117)) - 2ec85f63-33fb-4317-9145-71357d145af9@group-B2671EB745D2-FollowerState was interrupted: java.lang.InterruptedException: sleep interrupted
2019-10-15 16:12:11,742 [25d6372c-77fd-4a39-ac2a-e48debad48df@group-B2671EB745D2-LeaderElection299] INFO  impl.LeaderElection (LeaderElection.java:logAndReturn(56)) - 25d6372c-77fd-4a39-ac2a-e48debad48df@group-B2671EB745D2-LeaderElection299: Election REJECTED; received 2 response(s) [25d6372c-77fd-4a39-ac2a-e48debad48df<-50423279-f647-4a18-8e85-347d68eaf856#0:FAIL-t319, 25d6372c-77fd-4a39-ac2a-e48debad48df<-2ec85f63-33fb-4317-9145-71357d145af9#0:FAIL-t319] and 0 exception(s); 25d6372c-77fd-4a39-ac2a-e48debad48df@group-B2671EB745D2:t319, leader=null, voted=25d6372c-77fd-4a39-ac2a-e48debad48df, raftlog=25d6372c-77fd-4a39-ac2a-e48debad48df@group-B2671EB745D2-SegmentedRaftLog:OPENED:c-1,f-1,i0, conf=-1: [50423279-f647-4a18-8e85-347d68eaf856:192.168.69.88:39583, 2ec85f63-33fb-4317-9145-71357d145af9:192.168.69.88:42357, 25d6372c-77fd-4a39-ac2a-e48debad48df:192.168.69.88:39591], old=null
2019-10-15 16:12:11,743 [25d6372c-77fd-4a39-ac2a-e48debad48df@group-B2671EB745D2-LeaderElection299] INFO  impl.RaftServerImpl (RaftServerImpl.java:setRole(184)) - 25d6372c-77fd-4a39-ac2a-e48debad48df@group-B2671EB745D2: changes role from CANDIDATE to FOLLOWER at term 319 for DISCOVERED_A_NEW_TERM
2019-10-15 16:12:11,743 [25d6372c-77fd-4a39-ac2a-e48debad48df@group-B2671EB745D2-LeaderElection299] INFO  impl.RoleInfo (RoleInfo.java:shutdownLeaderElection(134)) - 25d6372c-77fd-4a39-ac2a-e48debad48df: shutdown LeaderElection
2019-10-15 16:12:11,743 [25d6372c-77fd-4a39-ac2a-e48debad48df@group-B2671EB745D2-LeaderElection299] INFO  impl.RoleInfo (RoleInfo.java:updateAndGet(143)) - 25d6372c-77fd-4a39-ac2a-e48debad48df: start FollowerState
2019-10-15 16:12:11,897 [Thread-2187] INFO  impl.FollowerState (FollowerState.java:run(108)) - 25d6372c-77fd-4a39-ac2a-e48debad48df@group-B2671EB745D2-FollowerState: change to CANDIDATE, lastRpcTime:154ms, electionTimeout:154ms
2019-10-15 16:12:11,897 [Thread-2187] INFO  impl.RoleInfo (RoleInfo.java:shutdownFollowerState(121)) - 25d6372c-77fd-4a39-ac2a-e48debad48df: shutdown FollowerState
2019-10-15 16:12:11,897 [Thread-2187] INFO  impl.RaftServerImpl (RaftServerImpl.java:setRole(184)) - 25d6372c-77fd-4a39-ac2a-e48debad48df@group-B2671EB745D2: changes role from  FOLLOWER to CANDIDATE at term 319 for changeToCandidate
2019-10-15 16:12:11,898 [Thread-2187] INFO  impl.RoleInfo (RoleInfo.java:updateAndGet(143)) - 25d6372c-77fd-4a39-ac2a-e48debad48df: start LeaderElection
2019-10-15 16:12:11,919 [25d6372c-77fd-4a39-ac2a-e48debad48df@group-B2671EB745D2-LeaderElection300] INFO  impl.LeaderElection (LeaderElection.java:askForVotes(178)) - 25d6372c-77fd-4a39-ac2a-e48debad48df@group-B2671EB745D2-LeaderElection300: begin an election at term 320 for -1: [50423279-f647-4a18-8e85-347d68eaf856:192.168.69.88:39583, 2ec85f63-33fb-4317-9145-71357d145af9:192.168.69.88:42357, 25d6372c-77fd-4a39-ac2a-e48debad48df:192.168.69.88:39591], old=null
2019-10-15 16:12:11,921 [grpc-default-executor-2] INFO  impl.RaftServerImpl (RaftServerImpl.java:setRole(184)) - 50423279-f647-4a18-8e85-347d68eaf856@group-B2671EB745D2: changes role from  FOLLOWER to FOLLOWER at term 320 for recognizeCandidate:25d6372c-77fd-4a39-ac2a-e48debad48df
2019-10-15 16:12:11,921 [grpc-default-executor-2] INFO  impl.RoleInfo (RoleInfo.java:shutdownFollowerState(121)) - 50423279-f647-4a18-8e85-347d68eaf856: shutdown FollowerState
2019-10-15 16:12:11,921 [grpc-default-executor-1] INFO  impl.RaftServerImpl (RaftServerImpl.java:setRole(184)) - 2ec85f63-33fb-4317-9145-71357d145af9@group-B2671EB745D2: changes role from  FOLLOWER to FOLLOWER at term 320 for recognizeCandidate:25d6372c-77fd-4a39-ac2a-e48debad48df
2019-10-15 16:12:11,922 [Thread-2186] INFO  impl.FollowerState (FollowerState.java:run(117)) - 50423279-f647-4a18-8e85-347d68eaf856@group-B2671EB745D2-FollowerState was interrupted: java.lang.InterruptedException: sleep interrupted
2019-10-15 16:12:11,922 [grpc-default-executor-2] INFO  impl.RoleInfo (RoleInfo.java:updateAndGet(143)) - 50423279-f647-4a18-8e85-347d68eaf856: start FollowerState
2019-10-15 16:12:11,922 [grpc-default-executor-1] INFO  impl.RoleInfo (RoleInfo.java:shutdownFollowerState(121)) - 2ec85f63-33fb-4317-9145-71357d145af9: shutdown FollowerState
2019-10-15 16:12:11,922 [grpc-default-executor-1] INFO  impl.RoleInfo (RoleInfo.java:updateAndGet(143)) - 2ec85f63-33fb-4317-9145-71357d145af9: start FollowerState
2019-10-15 16:12:11,922 [Thread-2185] INFO  impl.FollowerState (FollowerState.java:run(117)) - 2ec85f63-33fb-4317-9145-71357d145af9@group-B2671EB745D2-FollowerState was interrupted: java.lang.InterruptedException: sleep interrupted
2019-10-15 16:12:11,940 [25d6372c-77fd-4a39-ac2a-e48debad48df@group-B2671EB745D2-LeaderElection300] INFO  impl.LeaderElection (LeaderElection.java:logAndReturn(56)) - 25d6372c-77fd-4a39-ac2a-e48debad48df@group-B2671EB745D2-LeaderElection300: Election REJECTED; received 2 response(s) [25d6372c-77fd-4a39-ac2a-e48debad48df<-50423279-f647-4a18-8e85-347d68eaf856#0:FAIL-t320, 25d6372c-77fd-4a39-ac2a-e48debad48df<-2ec85f63-33fb-4317-9145-71357d145af9#0:FAIL-t320] and 0 exception(s); 25d6372c-77fd-4a39-ac2a-e48debad48df@group-B2671EB745D2:t320, leader=null, voted=25d6372c-77fd-4a39-ac2a-e48debad48df, raftlog=25d6372c-77fd-4a39-ac2a-e48debad48df@group-B2671EB745D2-SegmentedRaftLog:OPENED:c-1,f-1,i0, conf=-1: [50423279-f647-4a18-8e85-347d68eaf856:192.168.69.88:39583, 2ec85f63-33fb-4317-9145-71357d145af9:192.168.69.88:42357, 25d6372c-77fd-4a39-ac2a-e48debad48df:192.168.69.88:39591], old=null
2019-10-15 16:12:11,940 [25d6372c-77fd-4a39-ac2a-e48debad48df@group-B2671EB745D2-LeaderElection300] INFO  impl.RaftServerImpl (RaftServerImpl.java:setRole(184)) - 25d6372c-77fd-4a39-ac2a-e48debad48df@group-B2671EB745D2: changes role from CANDIDATE to FOLLOWER at term 320 for DISCOVERED_A_NEW_TERM
2019-10-15 16:12:11,940 [25d6372c-77fd-4a39-ac2a-e48debad48df@group-B2671EB745D2-LeaderElection300] INFO  impl.RoleInfo (RoleInfo.java:shutdownLeaderElection(134)) - 25d6372c-77fd-4a39-ac2a-e48debad48df: shutdown LeaderElection
2019-10-15 16:12:11,941 [25d6372c-77fd-4a39-ac2a-e48debad48df@group-B2671EB745D2-LeaderElection300] INFO  impl.RoleInfo (RoleInfo.java:updateAndGet(143)) - 25d6372c-77fd-4a39-ac2a-e48debad48df: start FollowerState
2019-10-15 16:12:12,095 [Thread-2193] INFO  impl.FollowerState (FollowerState.java:run(108)) - 25d6372c-77fd-4a39-ac2a-e48debad48df@group-B2671EB745D2-FollowerState: change to CANDIDATE, lastRpcTime:154ms, electionTimeout:154ms
2019-10-15 16:12:12,095 [Thread-2193] INFO  impl.RoleInfo (RoleInfo.java:shutdownFollowerState(121)) - 25d6372c-77fd-4a39-ac2a-e48debad48df: shutdown FollowerState
2019-10-15 16:12:12,095 [Thread-2193] INFO  impl.RaftServerImpl (RaftServerImpl.java:setRole(184)) - 25d6372c-77fd-4a39-ac2a-e48debad48df@group-B2671EB745D2: changes role from  FOLLOWER to CANDIDATE at term 320 for changeToCandidate
2019-10-15 16:12:12,095 [Thread-2193] INFO  impl.RoleInfo (RoleInfo.java:updateAndGet(143)) - 25d6372c-77fd-4a39-ac2a-e48debad48df: start LeaderElection
2019-10-15 16:12:12,101 [25d6372c-77fd-4a39-ac2a-e48debad48df@group-B2671EB745D2-LeaderElection301] INFO  impl.LeaderElection (LeaderElection.java:askForVotes(178)) - 25d6372c-77fd-4a39-ac2a-e48debad48df@group-B2671EB745D2-LeaderElection301: begin an election at term 321 for -1: [50423279-f647-4a18-8e85-347d68eaf856:192.168.69.88:39583, 2ec85f63-33fb-4317-9145-71357d145af9:192.168.69.88:42357, 25d6372c-77fd-4a39-ac2a-e48debad48df:192.168.69.88:39591], old=null
2019-10-15 16:12:12,103 [grpc-default-executor-1] INFO  impl.RaftServerImpl (RaftServerImpl.java:setRole(184)) - 2ec85f63-33fb-4317-9145-71357d145af9@group-B2671EB745D2: changes role from  FOLLOWER to FOLLOWER at term 321 for recognizeCandidate:25d6372c-77fd-4a39-ac2a-e48debad48df
2019-10-15 16:12:12,103 [grpc-default-executor-2] INFO  impl.RaftServerImpl (RaftServerImpl.java:setRole(184)) - 50423279-f647-4a18-8e85-347d68eaf856@group-B2671EB745D2: changes role from  FOLLOWER to FOLLOWER at term 321 for recognizeCandidate:25d6372c-77fd-4a39-ac2a-e48debad48df
2019-10-15 16:12:12,104 [grpc-default-executor-1] INFO  impl.RoleInfo (RoleInfo.java:shutdownFollowerState(121)) - 2ec85f63-33fb-4317-9145-71357d145af9: shutdown FollowerState
2019-10-15 16:12:12,104 [grpc-default-executor-2] INFO  impl.RoleInfo (RoleInfo.java:shutdownFollowerState(121)) - 50423279-f647-4a18-8e85-347d68eaf856: shutdown FollowerState
2019-10-15 16:12:12,104 [grpc-default-executor-1] INFO  impl.RoleInfo (RoleInfo.java:updateAndGet(143)) - 2ec85f63-33fb-4317-9145-71357d145af9: start FollowerState
2019-10-15 16:12:12,104 [Thread-2192] INFO  impl.FollowerState (FollowerState.java:run(117)) - 2ec85f63-33fb-4317-9145-71357d145af9@group-B2671EB745D2-FollowerState was interrupted: java.lang.InterruptedException: sleep interrupted
2019-10-15 16:12:12,104 [grpc-default-executor-2] INFO  impl.RoleInfo (RoleInfo.java:updateAndGet(143)) - 50423279-f647-4a18-8e85-347d68eaf856: start FollowerState
2019-10-15 16:12:12,104 [Thread-2191] INFO  impl.FollowerState (FollowerState.java:run(117)) - 50423279-f647-4a18-8e85-347d68eaf856@group-B2671EB745D2-FollowerState was interrupted: java.lang.InterruptedException: sleep interrupted
2019-10-15 16:12:12,118 [25d6372c-77fd-4a39-ac2a-e48debad48df@group-B2671EB745D2-LeaderElection301] INFO  impl.LeaderElection (LeaderElection.java:logAndReturn(56)) - 25d6372c-77fd-4a39-ac2a-e48debad48df@group-B2671EB745D2-LeaderElection301: Election REJECTED; received 2 response(s) [25d6372c-77fd-4a39-ac2a-e48debad48df<-2ec85f63-33fb-4317-9145-71357d145af9#0:FAIL-t321, 25d6372c-77fd-4a39-ac2a-e48debad48df<-50423279-f647-4a18-8e85-347d68eaf856#0:FAIL-t321] and 0 exception(s); 25d6372c-77fd-4a39-ac2a-e48debad48df@group-B2671EB745D2:t321, leader=null, voted=25d6372c-77fd-4a39-ac2a-e48debad48df, raftlog=25d6372c-77fd-4a39-ac2a-e48debad48df@group-B2671EB745D2-SegmentedRaftLog:OPENED:c-1,f-1,i0, conf=-1: [50423279-f647-4a18-8e85-347d68eaf856:192.168.69.88:39583, 2ec85f63-33fb-4317-9145-71357d145af9:192.168.69.88:42357, 25d6372c-77fd-4a39-ac2a-e48debad48df:192.168.69.88:39591], old=null
2019-10-15 16:12:12,118 [25d6372c-77fd-4a39-ac2a-e48debad48df@group-B2671EB745D2-LeaderElection301] INFO  impl.RaftServerImpl (RaftServerImpl.java:setRole(184)) - 25d6372c-77fd-4a39-ac2a-e48debad48df@group-B2671EB745D2: changes role from CANDIDATE to FOLLOWER at term 321 for DISCOVERED_A_NEW_TERM
2019-10-15 16:12:12,119 [25d6372c-77fd-4a39-ac2a-e48debad48df@group-B2671EB745D2-LeaderElection301] INFO  impl.RoleInfo (RoleInfo.java:shutdownLeaderElection(134)) - 25d6372c-77fd-4a39-ac2a-e48debad48df: shutdown LeaderElection
2019-10-15 16:12:12,119 [25d6372c-77fd-4a39-ac2a-e48debad48df@group-B2671EB745D2-LeaderElection301] INFO  impl.RoleInfo (RoleInfo.java:updateAndGet(143)) - 25d6372c-77fd-4a39-ac2a-e48debad48df: start FollowerState
2019-10-15 16:12:12,235 [Thread-2199] INFO  impl.FollowerState (FollowerState.java:run(108)) - 25d6372c-77fd-4a39-ac2a-e48debad48df@group-B2671EB745D2-FollowerState: change to CANDIDATE, lastRpcTime:116ms, electionTimeout:116ms
2019-10-15 16:12:12,235 [Thread-2199] INFO  impl.RoleInfo (RoleInfo.java:shutdownFollowerState(121)) - 25d6372c-77fd-4a39-ac2a-e48debad48df: shutdown FollowerState
2019-10-15 16:12:12,236 [Thread-2199] INFO  impl.RaftServerImpl (RaftServerImpl.java:setRole(184)) - 25d6372c-77fd-4a39-ac2a-e48debad48df@group-B2671EB745D2: changes role from  FOLLOWER to CANDIDATE at term 321 for changeToCandidate
2019-10-15 16:12:12,236 [Thread-2199] INFO  impl.RoleInfo (RoleInfo.java:updateAndGet(143)) - 25d6372c-77fd-4a39-ac2a-e48debad48df: start LeaderElection
2019-10-15 16:12:12,250 [25d6372c-77fd-4a39-ac2a-e48debad48df@group-B2671EB745D2-LeaderElection302] INFO  impl.LeaderElection (LeaderElection.java:askForVotes(178)) - 25d6372c-77fd-4a39-ac2a-e48debad48df@group-B2671EB745D2-LeaderElection302: begin an election at term 322 for -1: [50423279-f647-4a18-8e85-347d68eaf856:192.168.69.88:39583, 2ec85f63-33fb-4317-9145-71357d145af9:192.168.69.88:42357, 25d6372c-77fd-4a39-ac2a-e48debad48df:192.168.69.88:39591], old=null
2019-10-15 16:12:12,252 [25d6372c-77fd-4a39-ac2a-e48debad48df@group-B2671EB745D2-LeaderElection302] INFO  impl.LeaderElection (LeaderElection.java:logAndReturn(56)) - 25d6372c-77fd-4a39-ac2a-e48debad48df@group-B2671EB745D2-LeaderElection302: Election TIMEOUT; received 0 response(s) [] and 0 exception(s); 25d6372c-77fd-4a39-ac2a-e48debad48df@group-B2671EB745D2:t322, leader=null, voted=25d6372c-77fd-4a39-ac2a-e48debad48df, raftlog=25d6372c-77fd-4a39-ac2a-e48debad48df@group-B2671EB745D2-SegmentedRaftLog:OPENED:c-1,f-1,i0, conf=-1: [50423279-f647-4a18-8e85-347d68eaf856:192.168.69.88:39583, 2ec85f63-33fb-4317-9145-71357d145af9:192.168.69.88:42357, 25d6372c-77fd-4a39-ac2a-e48debad48df:192.168.69.88:39591], old=null
2019-10-15 16:12:12,252 [grpc-default-executor-2] INFO  impl.RaftServerImpl (RaftServerImpl.java:setRole(184)) - 2ec85f63-33fb-4317-9145-71357d145af9@group-B2671EB745D2: changes role from  FOLLOWER to FOLLOWER at term 322 for recognizeCandidate:25d6372c-77fd-4a39-ac2a-e48debad48df
2019-10-15 16:12:12,252 [grpc-default-executor-2] INFO  impl.RoleInfo (RoleInfo.java:shutdownFollowerState(121)) - 2ec85f63-33fb-4317-9145-71357d145af9: shutdown FollowerState
2019-10-15 16:12:12,252 [grpc-default-executor-1] INFO  impl.RaftServerImpl (RaftServerImpl.java:setRole(184)) - 50423279-f647-4a18-8e85-347d68eaf856@group-B2671EB745D2: changes role from  FOLLOWER to FOLLOWER at term 322 for recognizeCandidate:25d6372c-77fd-4a39-ac2a-e48debad48df
2019-10-15 16:12:12,252 [Thread-2197] INFO  impl.FollowerState (FollowerState.java:run(117)) - 2ec85f63-33fb-4317-9145-71357d145af9@group-B2671EB745D2-FollowerState was interrupted: java.lang.InterruptedException: sleep interrupted
2019-10-15 16:12:12,252 [grpc-default-executor-2] INFO  impl.RoleInfo (RoleInfo.java:updateAndGet(143)) - 2ec85f63-33fb-4317-9145-71357d145af9: start FollowerState
2019-10-15 16:12:12,252 [grpc-default-executor-1] INFO  impl.RoleInfo (RoleInfo.java:shutdownFollowerState(121)) - 50423279-f647-4a18-8e85-347d68eaf856: shutdown FollowerState
2019-10-15 16:12:12,253 [grpc-default-executor-1] INFO  impl.RoleInfo (RoleInfo.java:updateAndGet(143)) - 50423279-f647-4a18-8e85-347d68eaf856: start FollowerState
2019-10-15 16:12:12,253 [Thread-2198] INFO  impl.FollowerState (FollowerState.java:run(117)) - 50423279-f647-4a18-8e85-347d68eaf856@group-B2671EB745D2-FollowerState was interrupted: java.lang.InterruptedException: sleep interrupted
2019-10-15 16:12:12,266 [25d6372c-77fd-4a39-ac2a-e48debad48df@group-B2671EB745D2-LeaderElection302] INFO  impl.LeaderElection (LeaderElection.java:askForVotes(178)) - 25d6372c-77fd-4a39-ac2a-e48debad48df@group-B2671EB745D2-LeaderElection302: begin an election at term 323 for -1: [50423279-f647-4a18-8e85-347d68eaf856:192.168.69.88:39583, 2ec85f63-33fb-4317-9145-71357d145af9:192.168.69.88:42357, 25d6372c-77fd-4a39-ac2a-e48debad48df:192.168.69.88:39591], old=null
2019-10-15 16:12:12,268 [grpc-default-executor-2] INFO  impl.RaftServerImpl (RaftServerImpl.java:setRole(184)) - 50423279-f647-4a18-8e85-347d68eaf856@group-B2671EB745D2: changes role from  FOLLOWER to FOLLOWER at term 323 for recognizeCandidate:25d6372c-77fd-4a39-ac2a-e48debad48df
2019-10-15 16:12:12,268 [grpc-default-executor-2] INFO  impl.RoleInfo (RoleInfo.java:shutdownFollowerState(121)) - 50423279-f647-4a18-8e85-347d68eaf856: shutdown FollowerState
2019-10-15 16:12:12,268 [grpc-default-executor-1] INFO  impl.RaftServerImpl (RaftServerImpl.java:setRole(184)) - 2ec85f63-33fb-4317-9145-71357d145af9@group-B2671EB745D2: changes role from  FOLLOWER to FOLLOWER at term 323 for recognizeCandidate:25d6372c-77fd-4a39-ac2a-e48debad48df
2019-10-15 16:12:12,268 [Thread-2204] INFO  impl.FollowerState (FollowerState.java:run(117)) - 50423279-f647-4a18-8e85-347d68eaf856@group-B2671EB745D2-FollowerState was interrupted: java.lang.InterruptedException: sleep interrupted
2019-10-15 16:12:12,268 [grpc-default-executor-2] INFO  impl.RoleInfo (RoleInfo.java:updateAndGet(143)) - 50423279-f647-4a18-8e85-347d68eaf856: start FollowerState
2019-10-15 16:12:12,268 [grpc-default-executor-1] INFO  impl.RoleInfo (RoleInfo.java:shutdownFollowerState(121)) - 2ec85f63-33fb-4317-9145-71357d145af9: shutdown FollowerState
2019-10-15 16:12:12,269 [grpc-default-executor-1] INFO  impl.RoleInfo (RoleInfo.java:updateAndGet(143)) - 2ec85f63-33fb-4317-9145-71357d145af9: start FollowerState
2019-10-15 16:12:12,269 [Thread-2203] INFO  impl.FollowerState (FollowerState.java:run(117)) - 2ec85f63-33fb-4317-9145-71357d145af9@group-B2671EB745D2-FollowerState was interrupted: java.lang.InterruptedException: sleep interrupted
2019-10-15 16:12:12,283 [25d6372c-77fd-4a39-ac2a-e48debad48df@group-B2671EB745D2-LeaderElection302] INFO  impl.LeaderElection (LeaderElection.java:logAndReturn(56)) - 25d6372c-77fd-4a39-ac2a-e48debad48df@group-B2671EB745D2-LeaderElection302: Election REJECTED; received 2 response(s) [25d6372c-77fd-4a39-ac2a-e48debad48df<-2ec85f63-33fb-4317-9145-71357d145af9#0:FAIL-t323, 25d6372c-77fd-4a39-ac2a-e48debad48df<-50423279-f647-4a18-8e85-347d68eaf856#0:FAIL-t323] and 0 exception(s); 25d6372c-77fd-4a39-ac2a-e48debad48df@group-B2671EB745D2:t323, leader=null, voted=25d6372c-77fd-4a39-ac2a-e48debad48df, raftlog=25d6372c-77fd-4a39-ac2a-e48debad48df@group-B2671EB745D2-SegmentedRaftLog:OPENED:c-1,f-1,i0, conf=-1: [50423279-f647-4a18-8e85-347d68eaf856:192.168.69.88:39583, 2ec85f63-33fb-4317-9145-71357d145af9:192.168.69.88:42357, 25d6372c-77fd-4a39-ac2a-e48debad48df:192.168.69.88:39591], old=null
2019-10-15 16:12:12,283 [25d6372c-77fd-4a39-ac2a-e48debad48df@group-B2671EB745D2-LeaderElection302] INFO  impl.RaftServerImpl (RaftServerImpl.java:setRole(184)) - 25d6372c-77fd-4a39-ac2a-e48debad48df@group-B2671EB745D2: changes role from CANDIDATE to FOLLOWER at term 323 for DISCOVERED_A_NEW_TERM
2019-10-15 16:12:12,283 [25d6372c-77fd-4a39-ac2a-e48debad48df@group-B2671EB745D2-LeaderElection302] INFO  impl.RoleInfo (RoleInfo.java:shutdownLeaderElection(134)) - 25d6372c-77fd-4a39-ac2a-e48debad48df: shutdown LeaderElection
2019-10-15 16:12:12,283 [25d6372c-77fd-4a39-ac2a-e48debad48df@group-B2671EB745D2-LeaderElection302] INFO  impl.RoleInfo (RoleInfo.java:updateAndGet(143)) - 25d6372c-77fd-4a39-ac2a-e48debad48df: start FollowerState
2019-10-15 16:12:12,352 [Thread-2209] INFO  impl.FollowerState (FollowerState.java:run(108)) - 25d6372c-77fd-4a39-ac2a-e48debad48df@group-B2671EB745D2-FollowerState: change to CANDIDATE, lastRpcTime:69ms, electionTimeout:69ms
2019-10-15 16:12:12,353 [Thread-2209] INFO  impl.RoleInfo (RoleInfo.java:shutdownFollowerState(121)) - 25d6372c-77fd-4a39-ac2a-e48debad48df: shutdown FollowerState
2019-10-15 16:12:12,353 [Thread-2209] INFO  impl.RaftServerImpl (RaftServerImpl.java:setRole(184)) - 25d6372c-77fd-4a39-ac2a-e48debad48df@group-B2671EB745D2: changes role from  FOLLOWER to CANDIDATE at term 323 for changeToCandidate
2019-10-15 16:12:12,353 [Thread-2209] INFO  impl.RoleInfo (RoleInfo.java:updateAndGet(143)) - 25d6372c-77fd-4a39-ac2a-e48debad48df: start LeaderElection
2019-10-15 16:12:12,366 [25d6372c-77fd-4a39-ac2a-e48debad48df@group-B2671EB745D2-LeaderElection303] INFO  impl.LeaderElection (LeaderElection.java:askForVotes(178)) - 25d6372c-77fd-4a39-ac2a-e48debad48df@group-B2671EB745D2-LeaderElection303: begin an election at term 324 for -1: [50423279-f647-4a18-8e85-347d68eaf856:192.168.69.88:39583, 2ec85f63-33fb-4317-9145-71357d145af9:192.168.69.88:42357, 25d6372c-77fd-4a39-ac2a-e48debad48df:192.168.69.88:39591], old=null
2019-10-15 16:12:12,368 [grpc-default-executor-2] INFO  impl.RaftServerImpl (RaftServerImpl.java:setRole(184)) - 2ec85f63-33fb-4317-9145-71357d145af9@group-B2671EB745D2: changes role from  FOLLOWER to FOLLOWER at term 324 for recognizeCandidate:25d6372c-77fd-4a39-ac2a-e48debad48df
2019-10-15 16:12:12,368 [grpc-default-executor-1] INFO  impl.RaftServerImpl (RaftServerImpl.java:setRole(184)) - 50423279-f647-4a18-8e85-347d68eaf856@group-B2671EB745D2: changes role from  FOLLOWER to FOLLOWER at term 324 for recognizeCandidate:25d6372c-77fd-4a39-ac2a-e48debad48df
2019-10-15 16:12:12,368 [grpc-default-executor-2] INFO  impl.RoleInfo (RoleInfo.java:shutdownFollowerState(121)) - 2ec85f63-33fb-4317-9145-71357d145af9: shutdown FollowerState
2019-10-15 16:12:12,369 [grpc-default-executor-1] INFO  impl.RoleInfo (RoleInfo.java:shutdownFollowerState(121)) - 50423279-f647-4a18-8e85-347d68eaf856: shutdown FollowerState
2019-10-15 16:12:12,369 [Thread-2208] INFO  impl.FollowerState (FollowerState.java:run(117)) - 2ec85f63-33fb-4317-9145-71357d145af9@group-B2671EB745D2-FollowerState was interrupted: java.lang.InterruptedException: sleep interrupted
2019-10-15 16:12:12,369 [grpc-default-executor-2] INFO  impl.RoleInfo (RoleInfo.java:updateAndGet(143)) - 2ec85f63-33fb-4317-9145-71357d145af9: start FollowerState
2019-10-15 16:12:12,369 [Thread-2207] INFO  impl.FollowerState (FollowerState.java:run(117)) - 50423279-f647-4a18-8e85-347d68eaf856@group-B2671EB745D2-FollowerState was interrupted: java.lang.InterruptedException: sleep interrupted
2019-10-15 16:12:12,369 [grpc-default-executor-1] INFO  impl.RoleInfo (RoleInfo.java:updateAndGet(143)) - 50423279-f647-4a18-8e85-347d68eaf856: start FollowerState
2019-10-15 16:12:12,383 [25d6372c-77fd-4a39-ac2a-e48debad48df@group-B2671EB745D2-LeaderElection303] INFO  impl.LeaderElection (LeaderElection.java:logAndReturn(56)) - 25d6372c-77fd-4a39-ac2a-e48debad48df@group-B2671EB745D2-LeaderElection303: Election REJECTED; received 2 response(s) [25d6372c-77fd-4a39-ac2a-e48debad48df<-50423279-f647-4a18-8e85-347d68eaf856#0:FAIL-t324, 25d6372c-77fd-4a39-ac2a-e48debad48df<-2ec85f63-33fb-4317-9145-71357d145af9#0:FAIL-t324] and 0 exception(s); 25d6372c-77fd-4a39-ac2a-e48debad48df@group-B2671EB745D2:t324, leader=null, voted=25d6372c-77fd-4a39-ac2a-e48debad48df, raftlog=25d6372c-77fd-4a39-ac2a-e48debad48df@group-B2671EB745D2-SegmentedRaftLog:OPENED:c-1,f-1,i0, conf=-1: [50423279-f647-4a18-8e85-347d68eaf856:192.168.69.88:39583, 2ec85f63-33fb-4317-9145-71357d145af9:192.168.69.88:42357, 25d6372c-77fd-4a39-ac2a-e48debad48df:192.168.69.88:39591], old=null
2019-10-15 16:12:12,383 [25d6372c-77fd-4a39-ac2a-e48debad48df@group-B2671EB745D2-LeaderElection303] INFO  impl.RaftServerImpl (RaftServerImpl.java:setRole(184)) - 25d6372c-77fd-4a39-ac2a-e48debad48df@group-B2671EB745D2: changes role from CANDIDATE to FOLLOWER at term 324 for DISCOVERED_A_NEW_TERM
2019-10-15 16:12:12,383 [25d6372c-77fd-4a39-ac2a-e48debad48df@group-B2671EB745D2-LeaderElection303] INFO  impl.RoleInfo (RoleInfo.java:shutdownLeaderElection(134)) - 25d6372c-77fd-4a39-ac2a-e48debad48df: shutdown LeaderElection
2019-10-15 16:12:12,384 [25d6372c-77fd-4a39-ac2a-e48debad48df@group-B2671EB745D2-LeaderElection303] INFO  impl.RoleInfo (RoleInfo.java:updateAndGet(143)) - 25d6372c-77fd-4a39-ac2a-e48debad48df: start FollowerState
2019-10-15 16:12:12,455 [Thread-2215] INFO  impl.FollowerState (FollowerState.java:run(108)) - 25d6372c-77fd-4a39-ac2a-e48debad48df@group-B2671EB745D2-FollowerState: change to CANDIDATE, lastRpcTime:71ms, electionTimeout:71ms
2019-10-15 16:12:12,455 [Thread-2215] INFO  impl.RoleInfo (RoleInfo.java:shutdownFollowerState(121)) - 25d6372c-77fd-4a39-ac2a-e48debad48df: shutdown FollowerState
2019-10-15 16:12:12,455 [Thread-2215] INFO  impl.RaftServerImpl (RaftServerImpl.java:setRole(184)) - 25d6372c-77fd-4a39-ac2a-e48debad48df@group-B2671EB745D2: changes role from  FOLLOWER to CANDIDATE at term 324 for changeToCandidate
2019-10-15 16:12:12,455 [Thread-2215] INFO  impl.RoleInfo (RoleInfo.java:updateAndGet(143)) - 25d6372c-77fd-4a39-ac2a-e48debad48df: start LeaderElection
2019-10-15 16:12:12,468 [25d6372c-77fd-4a39-ac2a-e48debad48df@group-B2671EB745D2-LeaderElection304] INFO  impl.LeaderElection (LeaderElection.java:askForVotes(178)) - 25d6372c-77fd-4a39-ac2a-e48debad48df@group-B2671EB745D2-LeaderElection304: begin an election at term 325 for -1: [50423279-f647-4a18-8e85-347d68eaf856:192.168.69.88:39583, 2ec85f63-33fb-4317-9145-71357d145af9:192.168.69.88:42357, 25d6372c-77fd-4a39-ac2a-e48debad48df:192.168.69.88:39591], old=null
2019-10-15 16:12:12,470 [grpc-default-executor-1] INFO  impl.RaftServerImpl (RaftServerImpl.java:setRole(184)) - 50423279-f647-4a18-8e85-347d68eaf856@group-B2671EB745D2: changes role from  FOLLOWER to FOLLOWER at term 325 for recognizeCandidate:25d6372c-77fd-4a39-ac2a-e48debad48df
2019-10-15 16:12:12,470 [grpc-default-executor-2] INFO  impl.RaftServerImpl (RaftServerImpl.java:setRole(184)) - 2ec85f63-33fb-4317-9145-71357d145af9@group-B2671EB745D2: changes role from  FOLLOWER to FOLLOWER at term 325 for recognizeCandidate:25d6372c-77fd-4a39-ac2a-e48debad48df
2019-10-15 16:12:12,470 [grpc-default-executor-2] INFO  impl.RoleInfo (RoleInfo.java:shutdownFollowerState(121)) - 2ec85f63-33fb-4317-9145-71357d145af9: shutdown FollowerState
2019-10-15 16:12:12,470 [grpc-default-executor-1] INFO  impl.RoleInfo (RoleInfo.java:shutdownFollowerState(121)) - 50423279-f647-4a18-8e85-347d68eaf856: shutdown FollowerState
2019-10-15 16:12:12,471 [Thread-2213] INFO  impl.FollowerState (FollowerState.java:run(117)) - 2ec85f63-33fb-4317-9145-71357d145af9@group-B2671EB745D2-FollowerState was interrupted: java.lang.InterruptedException: sleep interrupted
2019-10-15 16:12:12,471 [grpc-default-executor-2] INFO  impl.RoleInfo (RoleInfo.java:updateAndGet(143)) - 2ec85f63-33fb-4317-9145-71357d145af9: start FollowerState
2019-10-15 16:12:12,471 [Thread-2214] INFO  impl.FollowerState (FollowerState.java:run(117)) - 50423279-f647-4a18-8e85-347d68eaf856@group-B2671EB745D2-FollowerState was interrupted: java.lang.InterruptedException: sleep interrupted
2019-10-15 16:12:12,471 [grpc-default-executor-1] INFO  impl.RoleInfo (RoleInfo.java:updateAndGet(143)) - 50423279-f647-4a18-8e85-347d68eaf856: start FollowerState
2019-10-15 16:12:12,486 [25d6372c-77fd-4a39-ac2a-e48debad48df@group-B2671EB745D2-LeaderElection304] INFO  impl.LeaderElection (LeaderElection.java:logAndReturn(56)) - 25d6372c-77fd-4a39-ac2a-e48debad48df@group-B2671EB745D2-LeaderElection304: Election REJECTED; received 2 response(s) [25d6372c-77fd-4a39-ac2a-e48debad48df<-50423279-f647-4a18-8e85-347d68eaf856#0:FAIL-t325, 25d6372c-77fd-4a39-ac2a-e48debad48df<-2ec85f63-33fb-4317-9145-71357d145af9#0:FAIL-t325] and 0 exception(s); 25d6372c-77fd-4a39-ac2a-e48debad48df@group-B2671EB745D2:t325, leader=null, voted=25d6372c-77fd-4a39-ac2a-e48debad48df, raftlog=25d6372c-77fd-4a39-ac2a-e48debad48df@group-B2671EB745D2-SegmentedRaftLog:OPENED:c-1,f-1,i0, conf=-1: [50423279-f647-4a18-8e85-347d68eaf856:192.168.69.88:39583, 2ec85f63-33fb-4317-9145-71357d145af9:192.168.69.88:42357, 25d6372c-77fd-4a39-ac2a-e48debad48df:192.168.69.88:39591], old=null
2019-10-15 16:12:12,487 [25d6372c-77fd-4a39-ac2a-e48debad48df@group-B2671EB745D2-LeaderElection304] INFO  impl.RaftServerImpl (RaftServerImpl.java:setRole(184)) - 25d6372c-77fd-4a39-ac2a-e48debad48df@group-B2671EB745D2: changes role from CANDIDATE to FOLLOWER at term 325 for DISCOVERED_A_NEW_TERM
2019-10-15 16:12:12,487 [25d6372c-77fd-4a39-ac2a-e48debad48df@group-B2671EB745D2-LeaderElection304] INFO  impl.RoleInfo (RoleInfo.java:shutdownLeaderElection(134)) - 25d6372c-77fd-4a39-ac2a-e48debad48df: shutdown LeaderElection
2019-10-15 16:12:12,487 [25d6372c-77fd-4a39-ac2a-e48debad48df@group-B2671EB745D2-LeaderElection304] INFO  impl.RoleInfo (RoleInfo.java:updateAndGet(143)) - 25d6372c-77fd-4a39-ac2a-e48debad48df: start FollowerState
2019-10-15 16:12:12,675 [Thread-2221] INFO  impl.FollowerState (FollowerState.java:run(108)) - 25d6372c-77fd-4a39-ac2a-e48debad48df@group-B2671EB745D2-FollowerState: change to CANDIDATE, lastRpcTime:188ms, electionTimeout:188ms
2019-10-15 16:12:12,675 [Thread-2221] INFO  impl.RoleInfo (RoleInfo.java:shutdownFollowerState(121)) - 25d6372c-77fd-4a39-ac2a-e48debad48df: shutdown FollowerState
2019-10-15 16:12:12,675 [Thread-2221] INFO  impl.RaftServerImpl (RaftServerImpl.java:setRole(184)) - 25d6372c-77fd-4a39-ac2a-e48debad48df@group-B2671EB745D2: changes role from  FOLLOWER to CANDIDATE at term 325 for changeToCandidate
2019-10-15 16:12:12,676 [Thread-2221] INFO  impl.RoleInfo (RoleInfo.java:updateAndGet(143)) - 25d6372c-77fd-4a39-ac2a-e48debad48df: start LeaderElection
2019-10-15 16:12:12,690 [25d6372c-77fd-4a39-ac2a-e48debad48df@group-B2671EB745D2-LeaderElection305] INFO  impl.LeaderElection (LeaderElection.java:askForVotes(178)) - 25d6372c-77fd-4a39-ac2a-e48debad48df@group-B2671EB745D2-LeaderElection305: begin an election at term 326 for -1: [50423279-f647-4a18-8e85-347d68eaf856:192.168.69.88:39583, 2ec85f63-33fb-4317-9145-71357d145af9:192.168.69.88:42357, 25d6372c-77fd-4a39-ac2a-e48debad48df:192.168.69.88:39591], old=null
2019-10-15 16:12:12,692 [grpc-default-executor-2] INFO  impl.RaftServerImpl (RaftServerImpl.java:setRole(184)) - 50423279-f647-4a18-8e85-347d68eaf856@group-B2671EB745D2: changes role from  FOLLOWER to FOLLOWER at term 326 for recognizeCandidate:25d6372c-77fd-4a39-ac2a-e48debad48df
2019-10-15 16:12:12,692 [grpc-default-executor-2] INFO  impl.RoleInfo (RoleInfo.java:shutdownFollowerState(121)) - 50423279-f647-4a18-8e85-347d68eaf856: shutdown FollowerState
2019-10-15 16:12:12,692 [grpc-default-executor-2] INFO  impl.RoleInfo (RoleInfo.java:updateAndGet(143)) - 50423279-f647-4a18-8e85-347d68eaf856: start FollowerState
2019-10-15 16:12:12,692 [Thread-2220] INFO  impl.FollowerState (FollowerState.java:run(117)) - 50423279-f647-4a18-8e85-347d68eaf856@group-B2671EB745D2-FollowerState was interrupted: java.lang.InterruptedException: sleep interrupted
2019-10-15 16:12:12,692 [grpc-default-executor-1] INFO  impl.RaftServerImpl (RaftServerImpl.java:setRole(184)) - 2ec85f63-33fb-4317-9145-71357d145af9@group-B2671EB745D2: changes role from  FOLLOWER to FOLLOWER at term 326 for recognizeCandidate:25d6372c-77fd-4a39-ac2a-e48debad48df
2019-10-15 16:12:12,692 [grpc-default-executor-1] INFO  impl.RoleInfo (RoleInfo.java:shutdownFollowerState(121)) - 2ec85f63-33fb-4317-9145-71357d145af9: shutdown FollowerState
2019-10-15 16:12:12,693 [grpc-default-executor-1] INFO  impl.RoleInfo (RoleInfo.java:updateAndGet(143)) - 2ec85f63-33fb-4317-9145-71357d145af9: start FollowerState
2019-10-15 16:12:12,693 [Thread-2219] INFO  impl.FollowerState (FollowerState.java:run(117)) - 2ec85f63-33fb-4317-9145-71357d145af9@group-B2671EB745D2-FollowerState was interrupted: java.lang.InterruptedException: sleep interrupted
2019-10-15 16:12:12,707 [25d6372c-77fd-4a39-ac2a-e48debad48df@group-B2671EB745D2-LeaderElection305] INFO  impl.LeaderElection (LeaderElection.java:logAndReturn(56)) - 25d6372c-77fd-4a39-ac2a-e48debad48df@group-B2671EB745D2-LeaderElection305: Election REJECTED; received 2 response(s) [25d6372c-77fd-4a39-ac2a-e48debad48df<-50423279-f647-4a18-8e85-347d68eaf856#0:FAIL-t326, 25d6372c-77fd-4a39-ac2a-e48debad48df<-2ec85f63-33fb-4317-9145-71357d145af9#0:FAIL-t326] and 0 exception(s); 25d6372c-77fd-4a39-ac2a-e48debad48df@group-B2671EB745D2:t326, leader=null, voted=25d6372c-77fd-4a39-ac2a-e48debad48df, raftlog=25d6372c-77fd-4a39-ac2a-e48debad48df@group-B2671EB745D2-SegmentedRaftLog:OPENED:c-1,f-1,i0, conf=-1: [50423279-f647-4a18-8e85-347d68eaf856:192.168.69.88:39583, 2ec85f63-33fb-4317-9145-71357d145af9:192.168.69.88:42357, 25d6372c-77fd-4a39-ac2a-e48debad48df:192.168.69.88:39591], old=null
2019-10-15 16:12:12,707 [25d6372c-77fd-4a39-ac2a-e48debad48df@group-B2671EB745D2-LeaderElection305] INFO  impl.RaftServerImpl (RaftServerImpl.java:setRole(184)) - 25d6372c-77fd-4a39-ac2a-e48debad48df@group-B2671EB745D2: changes role from CANDIDATE to FOLLOWER at term 326 for DISCOVERED_A_NEW_TERM
2019-10-15 16:12:12,707 [25d6372c-77fd-4a39-ac2a-e48debad48df@group-B2671EB745D2-LeaderElection305] INFO  impl.RoleInfo (RoleInfo.java:shutdownLeaderElection(134)) - 25d6372c-77fd-4a39-ac2a-e48debad48df: shutdown LeaderElection
2019-10-15 16:12:12,707 [25d6372c-77fd-4a39-ac2a-e48debad48df@group-B2671EB745D2-LeaderElection305] INFO  impl.RoleInfo (RoleInfo.java:updateAndGet(143)) - 25d6372c-77fd-4a39-ac2a-e48debad48df: start FollowerState
2019-10-15 16:12:12,858 [Thread-2229] INFO  impl.FollowerState (FollowerState.java:run(108)) - 25d6372c-77fd-4a39-ac2a-e48debad48df@group-B2671EB745D2-FollowerState: change to CANDIDATE, lastRpcTime:151ms, electionTimeout:151ms
2019-10-15 16:12:12,859 [Thread-2229] INFO  impl.RoleInfo (RoleInfo.java:shutdownFollowerState(121)) - 25d6372c-77fd-4a39-ac2a-e48debad48df: shutdown FollowerState
2019-10-15 16:12:12,859 [Thread-2229] INFO  impl.RaftServerImpl (RaftServerImpl.java:setRole(184)) - 25d6372c-77fd-4a39-ac2a-e48debad48df@group-B2671EB745D2: changes role from  FOLLOWER to CANDIDATE at term 326 for changeToCandidate
2019-10-15 16:12:12,859 [Thread-2229] INFO  impl.RoleInfo (RoleInfo.java:updateAndGet(143)) - 25d6372c-77fd-4a39-ac2a-e48debad48df: start LeaderElection
2019-10-15 16:12:12,884 [25d6372c-77fd-4a39-ac2a-e48debad48df@group-B2671EB745D2-LeaderElection306] INFO  impl.LeaderElection (LeaderElection.java:askForVotes(178)) - 25d6372c-77fd-4a39-ac2a-e48debad48df@group-B2671EB745D2-LeaderElection306: begin an election at term 327 for -1: [50423279-f647-4a18-8e85-347d68eaf856:192.168.69.88:39583, 2ec85f63-33fb-4317-9145-71357d145af9:192.168.69.88:42357, 25d6372c-77fd-4a39-ac2a-e48debad48df:192.168.69.88:39591], old=null
2019-10-15 16:12:12,886 [grpc-default-executor-0] INFO  impl.RaftServerImpl (RaftServerImpl.java:setRole(184)) - 2ec85f63-33fb-4317-9145-71357d145af9@group-B2671EB745D2: changes role from  FOLLOWER to FOLLOWER at term 327 for recognizeCandidate:25d6372c-77fd-4a39-ac2a-e48debad48df
2019-10-15 16:12:12,886 [grpc-default-executor-5] INFO  impl.RaftServerImpl (RaftServerImpl.java:setRole(184)) - 50423279-f647-4a18-8e85-347d68eaf856@group-B2671EB745D2: changes role from  FOLLOWER to FOLLOWER at term 327 for recognizeCandidate:25d6372c-77fd-4a39-ac2a-e48debad48df
2019-10-15 16:12:12,886 [grpc-default-executor-5] INFO  impl.RoleInfo (RoleInfo.java:shutdownFollowerState(121)) - 50423279-f647-4a18-8e85-347d68eaf856: shutdown FollowerState
2019-10-15 16:12:12,886 [grpc-default-executor-0] INFO  impl.RoleInfo (RoleInfo.java:shutdownFollowerState(121)) - 2ec85f63-33fb-4317-9145-71357d145af9: shutdown FollowerState
2019-10-15 16:12:12,887 [grpc-default-executor-5] INFO  impl.RoleInfo (RoleInfo.java:updateAndGet(143)) - 50423279-f647-4a18-8e85-347d68eaf856: start FollowerState
2019-10-15 16:12:12,886 [Thread-2226] INFO  impl.FollowerState (FollowerState.java:run(117)) - 50423279-f647-4a18-8e85-347d68eaf856@group-B2671EB745D2-FollowerState was interrupted: java.lang.InterruptedException: sleep interrupted
2019-10-15 16:12:12,887 [Thread-2227] INFO  impl.FollowerState (FollowerState.java:run(117)) - 2ec85f63-33fb-4317-9145-71357d145af9@group-B2671EB745D2-FollowerState was interrupted: java.lang.InterruptedException: sleep interrupted
2019-10-15 16:12:12,887 [grpc-default-executor-0] INFO  impl.RoleInfo (RoleInfo.java:updateAndGet(143)) - 2ec85f63-33fb-4317-9145-71357d145af9: start FollowerState
2019-10-15 16:12:12,901 [25d6372c-77fd-4a39-ac2a-e48debad48df@group-B2671EB745D2-LeaderElection306] INFO  impl.LeaderElection (LeaderElection.java:logAndReturn(56)) - 25d6372c-77fd-4a39-ac2a-e48debad48df@group-B2671EB745D2-LeaderElection306: Election REJECTED; received 2 response(s) [25d6372c-77fd-4a39-ac2a-e48debad48df<-2ec85f63-33fb-4317-9145-71357d145af9#0:FAIL-t327, 25d6372c-77fd-4a39-ac2a-e48debad48df<-50423279-f647-4a18-8e85-347d68eaf856#0:FAIL-t327] and 0 exception(s); 25d6372c-77fd-4a39-ac2a-e48debad48df@group-B2671EB745D2:t327, leader=null, voted=25d6372c-77fd-4a39-ac2a-e48debad48df, raftlog=25d6372c-77fd-4a39-ac2a-e48debad48df@group-B2671EB745D2-SegmentedRaftLog:OPENED:c-1,f-1,i0, conf=-1: [50423279-f647-4a18-8e85-347d68eaf856:192.168.69.88:39583, 2ec85f63-33fb-4317-9145-71357d145af9:192.168.69.88:42357, 25d6372c-77fd-4a39-ac2a-e48debad48df:192.168.69.88:39591], old=null
2019-10-15 16:12:12,901 [25d6372c-77fd-4a39-ac2a-e48debad48df@group-B2671EB745D2-LeaderElection306] INFO  impl.RaftServerImpl (RaftServerImpl.java:setRole(184)) - 25d6372c-77fd-4a39-ac2a-e48debad48df@group-B2671EB745D2: changes role from CANDIDATE to FOLLOWER at term 327 for DISCOVERED_A_NEW_TERM
2019-10-15 16:12:12,901 [25d6372c-77fd-4a39-ac2a-e48debad48df@group-B2671EB745D2-LeaderElection306] INFO  impl.RoleInfo (RoleInfo.java:shutdownLeaderElection(134)) - 25d6372c-77fd-4a39-ac2a-e48debad48df: shutdown LeaderElection
2019-10-15 16:12:12,901 [25d6372c-77fd-4a39-ac2a-e48debad48df@group-B2671EB745D2-LeaderElection306] INFO  impl.RoleInfo (RoleInfo.java:updateAndGet(143)) - 25d6372c-77fd-4a39-ac2a-e48debad48df: start FollowerState
2019-10-15 16:12:13,032 [Thread-2235] INFO  impl.FollowerState (FollowerState.java:run(108)) - 25d6372c-77fd-4a39-ac2a-e48debad48df@group-B2671EB745D2-FollowerState: change to CANDIDATE, lastRpcTime:130ms, electionTimeout:130ms
2019-10-15 16:12:13,032 [Thread-2235] INFO  impl.RoleInfo (RoleInfo.java:shutdownFollowerState(121)) - 25d6372c-77fd-4a39-ac2a-e48debad48df: shutdown FollowerState
2019-10-15 16:12:13,032 [Thread-2235] INFO  impl.RaftServerImpl (RaftServerImpl.java:setRole(184)) - 25d6372c-77fd-4a39-ac2a-e48debad48df@group-B2671EB745D2: changes role from  FOLLOWER to CANDIDATE at term 327 for changeToCandidate
2019-10-15 16:12:13,032 [Thread-2235] INFO  impl.RoleInfo (RoleInfo.java:updateAndGet(143)) - 25d6372c-77fd-4a39-ac2a-e48debad48df: start LeaderElection
2019-10-15 16:12:13,080 [25d6372c-77fd-4a39-ac2a-e48debad48df@group-B2671EB745D2-LeaderElection307] INFO  impl.LeaderElection (LeaderElection.java:askForVotes(178)) - 25d6372c-77fd-4a39-ac2a-e48debad48df@group-B2671EB745D2-LeaderElection307: begin an election at term 328 for -1: [50423279-f647-4a18-8e85-347d68eaf856:192.168.69.88:39583, 2ec85f63-33fb-4317-9145-71357d145af9:192.168.69.88:42357, 25d6372c-77fd-4a39-ac2a-e48debad48df:192.168.69.88:39591], old=null
2019-10-15 16:12:13,082 [grpc-default-executor-0] INFO  impl.RaftServerImpl (RaftServerImpl.java:setRole(184)) - 2ec85f63-33fb-4317-9145-71357d145af9@group-B2671EB745D2: changes role from  FOLLOWER to FOLLOWER at term 328 for recognizeCandidate:25d6372c-77fd-4a39-ac2a-e48debad48df
2019-10-15 16:12:13,082 [grpc-default-executor-5] INFO  impl.RaftServerImpl (RaftServerImpl.java:setRole(184)) - 50423279-f647-4a18-8e85-347d68eaf856@group-B2671EB745D2: changes role from  FOLLOWER to FOLLOWER at term 328 for recognizeCandidate:25d6372c-77fd-4a39-ac2a-e48debad48df
2019-10-15 16:12:13,082 [grpc-default-executor-0] INFO  impl.RoleInfo (RoleInfo.java:shutdownFollowerState(121)) - 2ec85f63-33fb-4317-9145-71357d145af9: shutdown FollowerState
2019-10-15 16:12:13,082 [grpc-default-executor-5] INFO  impl.RoleInfo (RoleInfo.java:shutdownFollowerState(121)) - 50423279-f647-4a18-8e85-347d68eaf856: shutdown FollowerState
2019-10-15 16:12:13,082 [Thread-2234] INFO  impl.FollowerState (FollowerState.java:run(117)) - 2ec85f63-33fb-4317-9145-71357d145af9@group-B2671EB745D2-FollowerState was interrupted: java.lang.InterruptedException: sleep interrupted
2019-10-15 16:12:13,082 [grpc-default-executor-0] INFO  impl.RoleInfo (RoleInfo.java:updateAndGet(143)) - 2ec85f63-33fb-4317-9145-71357d145af9: start FollowerState
2019-10-15 16:12:13,083 [Thread-2233] INFO  impl.FollowerState (FollowerState.java:run(117)) - 50423279-f647-4a18-8e85-347d68eaf856@group-B2671EB745D2-FollowerState was interrupted: java.lang.InterruptedException: sleep interrupted
2019-10-15 16:12:13,083 [grpc-default-executor-5] INFO  impl.RoleInfo (RoleInfo.java:updateAndGet(143)) - 50423279-f647-4a18-8e85-347d68eaf856: start FollowerState
2019-10-15 16:12:13,098 [25d6372c-77fd-4a39-ac2a-e48debad48df@group-B2671EB745D2-LeaderElection307] INFO  impl.LeaderElection (LeaderElection.java:logAndReturn(56)) - 25d6372c-77fd-4a39-ac2a-e48debad48df@group-B2671EB745D2-LeaderElection307: Election REJECTED; received 2 response(s) [25d6372c-77fd-4a39-ac2a-e48debad48df<-2ec85f63-33fb-4317-9145-71357d145af9#0:FAIL-t328, 25d6372c-77fd-4a39-ac2a-e48debad48df<-50423279-f647-4a18-8e85-347d68eaf856#0:FAIL-t328] and 0 exception(s); 25d6372c-77fd-4a39-ac2a-e48debad48df@group-B2671EB745D2:t328, leader=null, voted=25d6372c-77fd-4a39-ac2a-e48debad48df, raftlog=25d6372c-77fd-4a39-ac2a-e48debad48df@group-B2671EB745D2-SegmentedRaftLog:OPENED:c-1,f-1,i0, conf=-1: [50423279-f647-4a18-8e85-347d68eaf856:192.168.69.88:39583, 2ec85f63-33fb-4317-9145-71357d145af9:192.168.69.88:42357, 25d6372c-77fd-4a39-ac2a-e48debad48df:192.168.69.88:39591], old=null
2019-10-15 16:12:13,098 [25d6372c-77fd-4a39-ac2a-e48debad48df@group-B2671EB745D2-LeaderElection307] INFO  impl.RaftServerImpl (RaftServerImpl.java:setRole(184)) - 25d6372c-77fd-4a39-ac2a-e48debad48df@group-B2671EB745D2: changes role from CANDIDATE to FOLLOWER at term 328 for DISCOVERED_A_NEW_TERM
2019-10-15 16:12:13,098 [25d6372c-77fd-4a39-ac2a-e48debad48df@group-B2671EB745D2-LeaderElection307] INFO  impl.RoleInfo (RoleInfo.java:shutdownLeaderElection(134)) - 25d6372c-77fd-4a39-ac2a-e48debad48df: shutdown LeaderElection
2019-10-15 16:12:13,098 [25d6372c-77fd-4a39-ac2a-e48debad48df@group-B2671EB745D2-LeaderElection307] INFO  impl.RoleInfo (RoleInfo.java:updateAndGet(143)) - 25d6372c-77fd-4a39-ac2a-e48debad48df: start FollowerState
2019-10-15 16:12:13,275 [Thread-2241] INFO  impl.FollowerState (FollowerState.java:run(108)) - 25d6372c-77fd-4a39-ac2a-e48debad48df@group-B2671EB745D2-FollowerState: change to CANDIDATE, lastRpcTime:177ms, electionTimeout:177ms
2019-10-15 16:12:13,276 [Thread-2241] INFO  impl.RoleInfo (RoleInfo.java:shutdownFollowerState(121)) - 25d6372c-77fd-4a39-ac2a-e48debad48df: shutdown FollowerState
2019-10-15 16:12:13,276 [Thread-2241] INFO  impl.RaftServerImpl (RaftServerImpl.java:setRole(184)) - 25d6372c-77fd-4a39-ac2a-e48debad48df@group-B2671EB745D2: changes role from  FOLLOWER to CANDIDATE at term 328 for changeToCandidate
2019-10-15 16:12:13,276 [Thread-2241] INFO  impl.RoleInfo (RoleInfo.java:updateAndGet(143)) - 25d6372c-77fd-4a39-ac2a-e48debad48df: start LeaderElection
2019-10-15 16:12:13,469 [25d6372c-77fd-4a39-ac2a-e48debad48df@group-B2671EB745D2-LeaderElection308] INFO  impl.LeaderElection (LeaderElection.java:askForVotes(178)) - 25d6372c-77fd-4a39-ac2a-e48debad48df@group-B2671EB745D2-LeaderElection308: begin an election at term 329 for -1: [50423279-f647-4a18-8e85-347d68eaf856:192.168.69.88:39583, 2ec85f63-33fb-4317-9145-71357d145af9:192.168.69.88:42357, 25d6372c-77fd-4a39-ac2a-e48debad48df:192.168.69.88:39591], old=null
2019-10-15 16:12:13,471 [grpc-default-executor-0] INFO  impl.RaftServerImpl (RaftServerImpl.java:setRole(184)) - 2ec85f63-33fb-4317-9145-71357d145af9@group-B2671EB745D2: changes role from  FOLLOWER to FOLLOWER at term 329 for recognizeCandidate:25d6372c-77fd-4a39-ac2a-e48debad48df
2019-10-15 16:12:13,471 [grpc-default-executor-5] INFO  impl.RaftServerImpl (RaftServerImpl.java:setRole(184)) - 50423279-f647-4a18-8e85-347d68eaf856@group-B2671EB745D2: changes role from  FOLLOWER to FOLLOWER at term 329 for recognizeCandidate:25d6372c-77fd-4a39-ac2a-e48debad48df
2019-10-15 16:12:13,471 [grpc-default-executor-0] INFO  impl.RoleInfo (RoleInfo.java:shutdownFollowerState(121)) - 2ec85f63-33fb-4317-9145-71357d145af9: shutdown FollowerState
2019-10-15 16:12:13,471 [grpc-default-executor-5] INFO  impl.RoleInfo (RoleInfo.java:shutdownFollowerState(121)) - 50423279-f647-4a18-8e85-347d68eaf856: shutdown FollowerState
2019-10-15 16:12:13,471 [Thread-2239] INFO  impl.FollowerState (FollowerState.java:run(117)) - 2ec85f63-33fb-4317-9145-71357d145af9@group-B2671EB745D2-FollowerState was interrupted: java.lang.InterruptedException: sleep interrupted
2019-10-15 16:12:13,471 [grpc-default-executor-0] INFO  impl.RoleInfo (RoleInfo.java:updateAndGet(143)) - 2ec85f63-33fb-4317-9145-71357d145af9: start FollowerState
2019-10-15 16:12:13,472 [Thread-2240] INFO  impl.FollowerState (FollowerState.java:run(117)) - 50423279-f647-4a18-8e85-347d68eaf856@group-B2671EB745D2-FollowerState was interrupted: java.lang.InterruptedException: sleep interrupted
2019-10-15 16:12:13,472 [grpc-default-executor-5] INFO  impl.RoleInfo (RoleInfo.java:updateAndGet(143)) - 50423279-f647-4a18-8e85-347d68eaf856: start FollowerState
2019-10-15 16:12:13,522 [25d6372c-77fd-4a39-ac2a-e48debad48df@group-B2671EB745D2-LeaderElection308] INFO  impl.LeaderElection (LeaderElection.java:logAndReturn(56)) - 25d6372c-77fd-4a39-ac2a-e48debad48df@group-B2671EB745D2-LeaderElection308: Election REJECTED; received 2 response(s) [25d6372c-77fd-4a39-ac2a-e48debad48df<-2ec85f63-33fb-4317-9145-71357d145af9#0:FAIL-t329, 25d6372c-77fd-4a39-ac2a-e48debad48df<-50423279-f647-4a18-8e85-347d68eaf856#0:FAIL-t329] and 0 exception(s); 25d6372c-77fd-4a39-ac2a-e48debad48df@group-B2671EB745D2:t329, leader=null, voted=25d6372c-77fd-4a39-ac2a-e48debad48df, raftlog=25d6372c-77fd-4a39-ac2a-e48debad48df@group-B2671EB745D2-SegmentedRaftLog:OPENED:c-1,f-1,i0, conf=-1: [50423279-f647-4a18-8e85-347d68eaf856:192.168.69.88:39583, 2ec85f63-33fb-4317-9145-71357d145af9:192.168.69.88:42357, 25d6372c-77fd-4a39-ac2a-e48debad48df:192.168.69.88:39591], old=null
2019-10-15 16:12:13,522 [25d6372c-77fd-4a39-ac2a-e48debad48df@group-B2671EB745D2-LeaderElection308] INFO  impl.RaftServerImpl (RaftServerImpl.java:setRole(184)) - 25d6372c-77fd-4a39-ac2a-e48debad48df@group-B2671EB745D2: changes role from CANDIDATE to FOLLOWER at term 329 for DISCOVERED_A_NEW_TERM
2019-10-15 16:12:13,522 [25d6372c-77fd-4a39-ac2a-e48debad48df@group-B2671EB745D2-LeaderElection308] INFO  impl.RoleInfo (RoleInfo.java:shutdownLeaderElection(134)) - 25d6372c-77fd-4a39-ac2a-e48debad48df: shutdown LeaderElection
2019-10-15 16:12:13,523 [25d6372c-77fd-4a39-ac2a-e48debad48df@group-B2671EB745D2-LeaderElection308] INFO  impl.RoleInfo (RoleInfo.java:updateAndGet(143)) - 25d6372c-77fd-4a39-ac2a-e48debad48df: start FollowerState
2019-10-15 16:12:13,591 [Thread-2247] INFO  impl.FollowerState (FollowerState.java:run(108)) - 25d6372c-77fd-4a39-ac2a-e48debad48df@group-B2671EB745D2-FollowerState: change to CANDIDATE, lastRpcTime:68ms, electionTimeout:68ms
2019-10-15 16:12:13,591 [Thread-2247] INFO  impl.RoleInfo (RoleInfo.java:shutdownFollowerState(121)) - 25d6372c-77fd-4a39-ac2a-e48debad48df: shutdown FollowerState
2019-10-15 16:12:13,591 [Thread-2247] INFO  impl.RaftServerImpl (RaftServerImpl.java:setRole(184)) - 25d6372c-77fd-4a39-ac2a-e48debad48df@group-B2671EB745D2: changes role from  FOLLOWER to CANDIDATE at term 329 for changeToCandidate
2019-10-15 16:12:13,591 [Thread-2247] INFO  impl.RoleInfo (RoleInfo.java:updateAndGet(143)) - 25d6372c-77fd-4a39-ac2a-e48debad48df: start LeaderElection
2019-10-15 16:12:13,595 [25d6372c-77fd-4a39-ac2a-e48debad48df@group-B2671EB745D2-LeaderElection309] INFO  impl.LeaderElection (LeaderElection.java:askForVotes(178)) - 25d6372c-77fd-4a39-ac2a-e48debad48df@group-B2671EB745D2-LeaderElection309: begin an election at term 330 for -1: [50423279-f647-4a18-8e85-347d68eaf856:192.168.69.88:39583, 2ec85f63-33fb-4317-9145-71357d145af9:192.168.69.88:42357, 25d6372c-77fd-4a39-ac2a-e48debad48df:192.168.69.88:39591], old=null
2019-10-15 16:12:13,597 [grpc-default-executor-5] INFO  impl.RaftServerImpl (RaftServerImpl.java:setRole(184)) - 50423279-f647-4a18-8e85-347d68eaf856@group-B2671EB745D2: changes role from  FOLLOWER to FOLLOWER at term 330 for recognizeCandidate:25d6372c-77fd-4a39-ac2a-e48debad48df
2019-10-15 16:12:13,597 [grpc-default-executor-0] INFO  impl.RaftServerImpl (RaftServerImpl.java:setRole(184)) - 2ec85f63-33fb-4317-9145-71357d145af9@group-B2671EB745D2: changes role from  FOLLOWER to FOLLOWER at term 330 for recognizeCandidate:25d6372c-77fd-4a39-ac2a-e48debad48df
2019-10-15 16:12:13,598 [grpc-default-executor-0] INFO  impl.RoleInfo (RoleInfo.java:shutdownFollowerState(121)) - 2ec85f63-33fb-4317-9145-71357d145af9: shutdown FollowerState
2019-10-15 16:12:13,597 [grpc-default-executor-5] INFO  impl.RoleInfo (RoleInfo.java:shutdownFollowerState(121)) - 50423279-f647-4a18-8e85-347d68eaf856: shutdown FollowerState
2019-10-15 16:12:13,598 [Thread-2245] INFO  impl.FollowerState (FollowerState.java:run(117)) - 2ec85f63-33fb-4317-9145-71357d145af9@group-B2671EB745D2-FollowerState was interrupted: java.lang.InterruptedException: sleep interrupted
2019-10-15 16:12:13,598 [grpc-default-executor-0] INFO  impl.RoleInfo (RoleInfo.java:updateAndGet(143)) - 2ec85f63-33fb-4317-9145-71357d145af9: start FollowerState
2019-10-15 16:12:13,598 [Thread-2246] INFO  impl.FollowerState (FollowerState.java:run(117)) - 50423279-f647-4a18-8e85-347d68eaf856@group-B2671EB745D2-FollowerState was interrupted: java.lang.InterruptedException: sleep interrupted
2019-10-15 16:12:13,598 [grpc-default-executor-5] INFO  impl.RoleInfo (RoleInfo.java:updateAndGet(143)) - 50423279-f647-4a18-8e85-347d68eaf856: start FollowerState
2019-10-15 16:12:13,614 [25d6372c-77fd-4a39-ac2a-e48debad48df@group-B2671EB745D2-LeaderElection309] INFO  impl.LeaderElection (LeaderElection.java:logAndReturn(56)) - 25d6372c-77fd-4a39-ac2a-e48debad48df@group-B2671EB745D2-LeaderElection309: Election TIMEOUT; received 0 response(s) [] and 0 exception(s); 25d6372c-77fd-4a39-ac2a-e48debad48df@group-B2671EB745D2:t330, leader=null, voted=25d6372c-77fd-4a39-ac2a-e48debad48df, raftlog=25d6372c-77fd-4a39-ac2a-e48debad48df@group-B2671EB745D2-SegmentedRaftLog:OPENED:c-1,f-1,i0, conf=-1: [50423279-f647-4a18-8e85-347d68eaf856:192.168.69.88:39583, 2ec85f63-33fb-4317-9145-71357d145af9:192.168.69.88:42357, 25d6372c-77fd-4a39-ac2a-e48debad48df:192.168.69.88:39591], old=null
2019-10-15 16:12:13,622 [25d6372c-77fd-4a39-ac2a-e48debad48df@group-B2671EB745D2-LeaderElection309] INFO  impl.LeaderElection (LeaderElection.java:askForVotes(178)) - 25d6372c-77fd-4a39-ac2a-e48debad48df@group-B2671EB745D2-LeaderElection309: begin an election at term 331 for -1: [50423279-f647-4a18-8e85-347d68eaf856:192.168.69.88:39583, 2ec85f63-33fb-4317-9145-71357d145af9:192.168.69.88:42357, 25d6372c-77fd-4a39-ac2a-e48debad48df:192.168.69.88:39591], old=null
2019-10-15 16:12:13,624 [grpc-default-executor-0] INFO  impl.RaftServerImpl (RaftServerImpl.java:setRole(184)) - 50423279-f647-4a18-8e85-347d68eaf856@group-B2671EB745D2: changes role from  FOLLOWER to FOLLOWER at term 331 for recognizeCandidate:25d6372c-77fd-4a39-ac2a-e48debad48df
2019-10-15 16:12:13,624 [grpc-default-executor-0] INFO  impl.RoleInfo (RoleInfo.java:shutdownFollowerState(121)) - 50423279-f647-4a18-8e85-347d68eaf856: shutdown FollowerState
2019-10-15 16:12:13,624 [grpc-default-executor-5] INFO  impl.RaftServerImpl (RaftServerImpl.java:setRole(184)) - 2ec85f63-33fb-4317-9145-71357d145af9@group-B2671EB745D2: changes role from  FOLLOWER to FOLLOWER at term 331 for recognizeCandidate:25d6372c-77fd-4a39-ac2a-e48debad48df
2019-10-15 16:12:13,624 [grpc-default-executor-0] INFO  impl.RoleInfo (RoleInfo.java:updateAndGet(143)) - 50423279-f647-4a18-8e85-347d68eaf856: start FollowerState
2019-10-15 16:12:13,624 [Thread-2252] INFO  impl.FollowerState (FollowerState.java:run(117)) - 50423279-f647-4a18-8e85-347d68eaf856@group-B2671EB745D2-FollowerState was interrupted: java.lang.InterruptedException: sleep interrupted
2019-10-15 16:12:13,625 [grpc-default-executor-5] INFO  impl.RoleInfo (RoleInfo.java:shutdownFollowerState(121)) - 2ec85f63-33fb-4317-9145-71357d145af9: shutdown FollowerState
2019-10-15 16:12:13,625 [grpc-default-executor-5] INFO  impl.RoleInfo (RoleInfo.java:updateAndGet(143)) - 2ec85f63-33fb-4317-9145-71357d145af9: start FollowerState
2019-10-15 16:12:13,625 [Thread-2251] INFO  impl.FollowerState (FollowerState.java:run(117)) - 2ec85f63-33fb-4317-9145-71357d145af9@group-B2671EB745D2-FollowerState was interrupted: java.lang.InterruptedException: sleep interrupted
2019-10-15 16:12:13,638 [25d6372c-77fd-4a39-ac2a-e48debad48df@group-B2671EB745D2-LeaderElection309] INFO  impl.LeaderElection (LeaderElection.java:logAndReturn(56)) - 25d6372c-77fd-4a39-ac2a-e48debad48df@group-B2671EB745D2-LeaderElection309: Election REJECTED; received 2 response(s) [25d6372c-77fd-4a39-ac2a-e48debad48df<-50423279-f647-4a18-8e85-347d68eaf856#0:FAIL-t331, 25d6372c-77fd-4a39-ac2a-e48debad48df<-2ec85f63-33fb-4317-9145-71357d145af9#0:FAIL-t331] and 0 exception(s); 25d6372c-77fd-4a39-ac2a-e48debad48df@group-B2671EB745D2:t331, leader=null, voted=25d6372c-77fd-4a39-ac2a-e48debad48df, raftlog=25d6372c-77fd-4a39-ac2a-e48debad48df@group-B2671EB745D2-SegmentedRaftLog:OPENED:c-1,f-1,i0, conf=-1: [50423279-f647-4a18-8e85-347d68eaf856:192.168.69.88:39583, 2ec85f63-33fb-4317-9145-71357d145af9:192.168.69.88:42357, 25d6372c-77fd-4a39-ac2a-e48debad48df:192.168.69.88:39591], old=null
2019-10-15 16:12:13,638 [25d6372c-77fd-4a39-ac2a-e48debad48df@group-B2671EB745D2-LeaderElection309] INFO  impl.RaftServerImpl (RaftServerImpl.java:setRole(184)) - 25d6372c-77fd-4a39-ac2a-e48debad48df@group-B2671EB745D2: changes role from CANDIDATE to FOLLOWER at term 331 for DISCOVERED_A_NEW_TERM
2019-10-15 16:12:13,638 [25d6372c-77fd-4a39-ac2a-e48debad48df@group-B2671EB745D2-LeaderElection309] INFO  impl.RoleInfo (RoleInfo.java:shutdownLeaderElection(134)) - 25d6372c-77fd-4a39-ac2a-e48debad48df: shutdown LeaderElection
2019-10-15 16:12:13,638 [25d6372c-77fd-4a39-ac2a-e48debad48df@group-B2671EB745D2-LeaderElection309] INFO  impl.RoleInfo (RoleInfo.java:updateAndGet(143)) - 25d6372c-77fd-4a39-ac2a-e48debad48df: start FollowerState
2019-10-15 16:12:13,700 [Thread-2257] INFO  impl.FollowerState (FollowerState.java:run(108)) - 25d6372c-77fd-4a39-ac2a-e48debad48df@group-B2671EB745D2-FollowerState: change to CANDIDATE, lastRpcTime:62ms, electionTimeout:62ms
2019-10-15 16:12:13,700 [Thread-2257] INFO  impl.RoleInfo (RoleInfo.java:shutdownFollowerState(121)) - 25d6372c-77fd-4a39-ac2a-e48debad48df: shutdown FollowerState
2019-10-15 16:12:13,701 [Thread-2257] INFO  impl.RaftServerImpl (RaftServerImpl.java:setRole(184)) - 25d6372c-77fd-4a39-ac2a-e48debad48df@group-B2671EB745D2: changes role from  FOLLOWER to CANDIDATE at term 331 for changeToCandidate
2019-10-15 16:12:13,701 [Thread-2257] INFO  impl.RoleInfo (RoleInfo.java:updateAndGet(143)) - 25d6372c-77fd-4a39-ac2a-e48debad48df: start LeaderElection
2019-10-15 16:12:13,708 [25d6372c-77fd-4a39-ac2a-e48debad48df@group-B2671EB745D2-LeaderElection310] INFO  impl.LeaderElection (LeaderElection.java:askForVotes(178)) - 25d6372c-77fd-4a39-ac2a-e48debad48df@group-B2671EB745D2-LeaderElection310: begin an election at term 332 for -1: [50423279-f647-4a18-8e85-347d68eaf856:192.168.69.88:39583, 2ec85f63-33fb-4317-9145-71357d145af9:192.168.69.88:42357, 25d6372c-77fd-4a39-ac2a-e48debad48df:192.168.69.88:39591], old=null
2019-10-15 16:12:13,711 [grpc-default-executor-0] INFO  impl.RaftServerImpl (RaftServerImpl.java:setRole(184)) - 2ec85f63-33fb-4317-9145-71357d145af9@group-B2671EB745D2: changes role from  FOLLOWER to FOLLOWER at term 332 for recognizeCandidate:25d6372c-77fd-4a39-ac2a-e48debad48df
2019-10-15 16:12:13,711 [grpc-default-executor-5] INFO  impl.RaftServerImpl (RaftServerImpl.java:setRole(184)) - 50423279-f647-4a18-8e85-347d68eaf856@group-B2671EB745D2: changes role from  FOLLOWER to FOLLOWER at term 332 for recognizeCandidate:25d6372c-77fd-4a39-ac2a-e48debad48df
2019-10-15 16:12:13,711 [grpc-default-executor-5] INFO  impl.RoleInfo (RoleInfo.java:shutdownFollowerState(121)) - 50423279-f647-4a18-8e85-347d68eaf856: shutdown FollowerState
2019-10-15 16:12:13,711 [grpc-default-executor-0] INFO  impl.RoleInfo (RoleInfo.java:shutdownFollowerState(121)) - 2ec85f63-33fb-4317-9145-71357d145af9: shutdown FollowerState
2019-10-15 16:12:13,711 [Thread-2255] INFO  impl.FollowerState (FollowerState.java:run(117)) - 50423279-f647-4a18-8e85-347d68eaf856@group-B2671EB745D2-FollowerState was interrupted: java.lang.InterruptedException: sleep interrupted
2019-10-15 16:12:13,711 [grpc-default-executor-5] INFO  impl.RoleInfo (RoleInfo.java:updateAndGet(143)) - 50423279-f647-4a18-8e85-347d68eaf856: start FollowerState
2019-10-15 16:12:13,711 [grpc-default-executor-0] INFO  impl.RoleInfo (RoleInfo.java:updateAndGet(143)) - 2ec85f63-33fb-4317-9145-71357d145af9: start FollowerState
2019-10-15 16:12:13,711 [Thread-2256] INFO  impl.FollowerState (FollowerState.java:run(117)) - 2ec85f63-33fb-4317-9145-71357d145af9@group-B2671EB745D2-FollowerState was interrupted: java.lang.InterruptedException: sleep interrupted
2019-10-15 16:12:13,737 [25d6372c-77fd-4a39-ac2a-e48debad48df@group-B2671EB745D2-LeaderElection310] INFO  impl.LeaderElection (LeaderElection.java:logAndReturn(56)) - 25d6372c-77fd-4a39-ac2a-e48debad48df@group-B2671EB745D2-LeaderElection310: Election REJECTED; received 2 response(s) [25d6372c-77fd-4a39-ac2a-e48debad48df<-50423279-f647-4a18-8e85-347d68eaf856#0:FAIL-t332, 25d6372c-77fd-4a39-ac2a-e48debad48df<-2ec85f63-33fb-4317-9145-71357d145af9#0:FAIL-t332] and 0 exception(s); 25d6372c-77fd-4a39-ac2a-e48debad48df@group-B2671EB745D2:t332, leader=null, voted=25d6372c-77fd-4a39-ac2a-e48debad48df, raftlog=25d6372c-77fd-4a39-ac2a-e48debad48df@group-B2671EB745D2-SegmentedRaftLog:OPENED:c-1,f-1,i0, conf=-1: [50423279-f647-4a18-8e85-347d68eaf856:192.168.69.88:39583, 2ec85f63-33fb-4317-9145-71357d145af9:192.168.69.88:42357, 25d6372c-77fd-4a39-ac2a-e48debad48df:192.168.69.88:39591], old=null
2019-10-15 16:12:13,737 [25d6372c-77fd-4a39-ac2a-e48debad48df@group-B2671EB745D2-LeaderElection310] INFO  impl.RaftServerImpl (RaftServerImpl.java:setRole(184)) - 25d6372c-77fd-4a39-ac2a-e48debad48df@group-B2671EB745D2: changes role from CANDIDATE to FOLLOWER at term 332 for DISCOVERED_A_NEW_TERM
2019-10-15 16:12:13,737 [25d6372c-77fd-4a39-ac2a-e48debad48df@group-B2671EB745D2-LeaderElection310] INFO  impl.RoleInfo (RoleInfo.java:shutdownLeaderElection(134)) - 25d6372c-77fd-4a39-ac2a-e48debad48df: shutdown LeaderElection
2019-10-15 16:12:13,737 [25d6372c-77fd-4a39-ac2a-e48debad48df@group-B2671EB745D2-LeaderElection310] INFO  impl.RoleInfo (RoleInfo.java:updateAndGet(143)) - 25d6372c-77fd-4a39-ac2a-e48debad48df: start FollowerState
2019-10-15 16:12:13,884 [Thread-2265] INFO  impl.FollowerState (FollowerState.java:run(108)) - 25d6372c-77fd-4a39-ac2a-e48debad48df@group-B2671EB745D2-FollowerState: change to CANDIDATE, lastRpcTime:147ms, electionTimeout:147ms
2019-10-15 16:12:13,884 [Thread-2265] INFO  impl.RoleInfo (RoleInfo.java:shutdownFollowerState(121)) - 25d6372c-77fd-4a39-ac2a-e48debad48df: shutdown FollowerState
2019-10-15 16:12:13,885 [Thread-2265] INFO  impl.RaftServerImpl (RaftServerImpl.java:setRole(184)) - 25d6372c-77fd-4a39-ac2a-e48debad48df@group-B2671EB745D2: changes role from  FOLLOWER to CANDIDATE at term 332 for changeToCandidate
2019-10-15 16:12:13,885 [Thread-2265] INFO  impl.RoleInfo (RoleInfo.java:updateAndGet(143)) - 25d6372c-77fd-4a39-ac2a-e48debad48df: start LeaderElection
2019-10-15 16:12:13,892 [25d6372c-77fd-4a39-ac2a-e48debad48df@group-B2671EB745D2-LeaderElection311] INFO  impl.LeaderElection (LeaderElection.java:askForVotes(178)) - 25d6372c-77fd-4a39-ac2a-e48debad48df@group-B2671EB745D2-LeaderElection311: begin an election at term 333 for -1: [50423279-f647-4a18-8e85-347d68eaf856:192.168.69.88:39583, 2ec85f63-33fb-4317-9145-71357d145af9:192.168.69.88:42357, 25d6372c-77fd-4a39-ac2a-e48debad48df:192.168.69.88:39591], old=null
2019-10-15 16:12:13,894 [grpc-default-executor-5] INFO  impl.RaftServerImpl (RaftServerImpl.java:setRole(184)) - 2ec85f63-33fb-4317-9145-71357d145af9@group-B2671EB745D2: changes role from  FOLLOWER to FOLLOWER at term 333 for recognizeCandidate:25d6372c-77fd-4a39-ac2a-e48debad48df
2019-10-15 16:12:13,894 [grpc-default-executor-0] INFO  impl.RaftServerImpl (RaftServerImpl.java:setRole(184)) - 50423279-f647-4a18-8e85-347d68eaf856@group-B2671EB745D2: changes role from  FOLLOWER to FOLLOWER at term 333 for recognizeCandidate:25d6372c-77fd-4a39-ac2a-e48debad48df
2019-10-15 16:12:13,894 [grpc-default-executor-5] INFO  impl.RoleInfo (RoleInfo.java:shutdownFollowerState(121)) - 2ec85f63-33fb-4317-9145-71357d145af9: shutdown FollowerState
2019-10-15 16:12:13,894 [grpc-default-executor-0] INFO  impl.RoleInfo (RoleInfo.java:shutdownFollowerState(121)) - 50423279-f647-4a18-8e85-347d68eaf856: shutdown FollowerState
2019-10-15 16:12:13,894 [Thread-2263] INFO  impl.FollowerState (FollowerState.java:run(117)) - 2ec85f63-33fb-4317-9145-71357d145af9@group-B2671EB745D2-FollowerState was interrupted: java.lang.InterruptedException: sleep interrupted
2019-10-15 16:12:13,894 [grpc-default-executor-5] INFO  impl.RoleInfo (RoleInfo.java:updateAndGet(143)) - 2ec85f63-33fb-4317-9145-71357d145af9: start FollowerState
2019-10-15 16:12:13,894 [Thread-2262] INFO  impl.FollowerState (FollowerState.java:run(117)) - 50423279-f647-4a18-8e85-347d68eaf856@group-B2671EB745D2-FollowerState was interrupted: java.lang.InterruptedException: sleep interrupted
2019-10-15 16:12:13,894 [grpc-default-executor-0] INFO  impl.RoleInfo (RoleInfo.java:updateAndGet(143)) - 50423279-f647-4a18-8e85-347d68eaf856: start FollowerState
2019-10-15 16:12:13,903 [25d6372c-77fd-4a39-ac2a-e48debad48df@group-B2671EB745D2-LeaderElection311] INFO  impl.LeaderElection (LeaderElection.java:logAndReturn(56)) - 25d6372c-77fd-4a39-ac2a-e48debad48df@group-B2671EB745D2-LeaderElection311: Election REJECTED; received 2 response(s) [25d6372c-77fd-4a39-ac2a-e48debad48df<-50423279-f647-4a18-8e85-347d68eaf856#0:FAIL-t333, 25d6372c-77fd-4a39-ac2a-e48debad48df<-2ec85f63-33fb-4317-9145-71357d145af9#0:FAIL-t333] and 0 exception(s); 25d6372c-77fd-4a39-ac2a-e48debad48df@group-B2671EB745D2:t333, leader=null, voted=25d6372c-77fd-4a39-ac2a-e48debad48df, raftlog=25d6372c-77fd-4a39-ac2a-e48debad48df@group-B2671EB745D2-SegmentedRaftLog:OPENED:c-1,f-1,i0, conf=-1: [50423279-f647-4a18-8e85-347d68eaf856:192.168.69.88:39583, 2ec85f63-33fb-4317-9145-71357d145af9:192.168.69.88:42357, 25d6372c-77fd-4a39-ac2a-e48debad48df:192.168.69.88:39591], old=null
2019-10-15 16:12:13,903 [25d6372c-77fd-4a39-ac2a-e48debad48df@group-B2671EB745D2-LeaderElection311] INFO  impl.RaftServerImpl (RaftServerImpl.java:setRole(184)) - 25d6372c-77fd-4a39-ac2a-e48debad48df@group-B2671EB745D2: changes role from CANDIDATE to FOLLOWER at term 333 for DISCOVERED_A_NEW_TERM
2019-10-15 16:12:13,903 [25d6372c-77fd-4a39-ac2a-e48debad48df@group-B2671EB745D2-LeaderElection311] INFO  impl.RoleInfo (RoleInfo.java:shutdownLeaderElection(134)) - 25d6372c-77fd-4a39-ac2a-e48debad48df: shutdown LeaderElection
2019-10-15 16:12:13,903 [25d6372c-77fd-4a39-ac2a-e48debad48df@group-B2671EB745D2-LeaderElection311] INFO  impl.RoleInfo (RoleInfo.java:updateAndGet(143)) - 25d6372c-77fd-4a39-ac2a-e48debad48df: start FollowerState
2019-10-15 16:12:13,946 [Thread-2271] INFO  impl.FollowerState (FollowerState.java:run(108)) - 25d6372c-77fd-4a39-ac2a-e48debad48df@group-B2671EB745D2-FollowerState: change to CANDIDATE, lastRpcTime:42ms, electionTimeout:42ms
2019-10-15 16:12:13,946 [Thread-2271] INFO  impl.RoleInfo (RoleInfo.java:shutdownFollowerState(121)) - 25d6372c-77fd-4a39-ac2a-e48debad48df: shutdown FollowerState
2019-10-15 16:12:13,946 [Thread-2271] INFO  impl.RaftServerImpl (RaftServerImpl.java:setRole(184)) - 25d6372c-77fd-4a39-ac2a-e48debad48df@group-B2671EB745D2: changes role from  FOLLOWER to CANDIDATE at term 333 for changeToCandidate
2019-10-15 16:12:13,946 [Thread-2271] INFO  impl.RoleInfo (RoleInfo.java:updateAndGet(143)) - 25d6372c-77fd-4a39-ac2a-e48debad48df: start LeaderElection
2019-10-15 16:12:14,234 [25d6372c-77fd-4a39-ac2a-e48debad48df@group-B2671EB745D2-LeaderElection312] INFO  impl.LeaderElection (LeaderElection.java:askForVotes(178)) - 25d6372c-77fd-4a39-ac2a-e48debad48df@group-B2671EB745D2-LeaderElection312: begin an election at term 334 for -1: [50423279-f647-4a18-8e85-347d68eaf856:192.168.69.88:39583, 2ec85f63-33fb-4317-9145-71357d145af9:192.168.69.88:42357, 25d6372c-77fd-4a39-ac2a-e48debad48df:192.168.69.88:39591], old=null
2019-10-15 16:12:14,236 [grpc-default-executor-5] INFO  impl.RaftServerImpl (RaftServerImpl.java:setRole(184)) - 2ec85f63-33fb-4317-9145-71357d145af9@group-B2671EB745D2: changes role from  FOLLOWER to FOLLOWER at term 334 for recognizeCandidate:25d6372c-77fd-4a39-ac2a-e48debad48df
2019-10-15 16:12:14,236 [grpc-default-executor-0] INFO  impl.RaftServerImpl (RaftServerImpl.java:setRole(184)) - 50423279-f647-4a18-8e85-347d68eaf856@group-B2671EB745D2: changes role from  FOLLOWER to FOLLOWER at term 334 for recognizeCandidate:25d6372c-77fd-4a39-ac2a-e48debad48df
2019-10-15 16:12:14,237 [grpc-default-executor-0] INFO  impl.RoleInfo (RoleInfo.java:shutdownFollowerState(121)) - 50423279-f647-4a18-8e85-347d68eaf856: shutdown FollowerState
2019-10-15 16:12:14,237 [grpc-default-executor-5] INFO  impl.RoleInfo (RoleInfo.java:shutdownFollowerState(121)) - 2ec85f63-33fb-4317-9145-71357d145af9: shutdown FollowerState
2019-10-15 16:12:14,237 [Thread-2270] INFO  impl.FollowerState (FollowerState.java:run(117)) - 50423279-f647-4a18-8e85-347d68eaf856@group-B2671EB745D2-FollowerState was interrupted: java.lang.InterruptedException: sleep interrupted
2019-10-15 16:12:14,237 [grpc-default-executor-0] INFO  impl.RoleInfo (RoleInfo.java:updateAndGet(143)) - 50423279-f647-4a18-8e85-347d68eaf856: start FollowerState
2019-10-15 16:12:14,237 [Thread-2269] INFO  impl.FollowerState (FollowerState.java:run(117)) - 2ec85f63-33fb-4317-9145-71357d145af9@group-B2671EB745D2-FollowerState was interrupted: java.lang.InterruptedException: sleep interrupted
2019-10-15 16:12:14,237 [grpc-default-executor-5] INFO  impl.RoleInfo (RoleInfo.java:updateAndGet(143)) - 2ec85f63-33fb-4317-9145-71357d145af9: start FollowerState
2019-10-15 16:12:14,251 [25d6372c-77fd-4a39-ac2a-e48debad48df@group-B2671EB745D2-LeaderElection312] INFO  impl.LeaderElection (LeaderElection.java:logAndReturn(56)) - 25d6372c-77fd-4a39-ac2a-e48debad48df@group-B2671EB745D2-LeaderElection312: Election REJECTED; received 2 response(s) [25d6372c-77fd-4a39-ac2a-e48debad48df<-50423279-f647-4a18-8e85-347d68eaf856#0:FAIL-t334, 25d6372c-77fd-4a39-ac2a-e48debad48df<-2ec85f63-33fb-4317-9145-71357d145af9#0:FAIL-t334] and 0 exception(s); 25d6372c-77fd-4a39-ac2a-e48debad48df@group-B2671EB745D2:t334, leader=null, voted=25d6372c-77fd-4a39-ac2a-e48debad48df, raftlog=25d6372c-77fd-4a39-ac2a-e48debad48df@group-B2671EB745D2-SegmentedRaftLog:OPENED:c-1,f-1,i0, conf=-1: [50423279-f647-4a18-8e85-347d68eaf856:192.168.69.88:39583, 2ec85f63-33fb-4317-9145-71357d145af9:192.168.69.88:42357, 25d6372c-77fd-4a39-ac2a-e48debad48df:192.168.69.88:39591], old=null
2019-10-15 16:12:14,251 [25d6372c-77fd-4a39-ac2a-e48debad48df@group-B2671EB745D2-LeaderElection312] INFO  impl.RaftServerImpl (RaftServerImpl.java:setRole(184)) - 25d6372c-77fd-4a39-ac2a-e48debad48df@group-B2671EB745D2: changes role from CANDIDATE to FOLLOWER at term 334 for DISCOVERED_A_NEW_TERM
2019-10-15 16:12:14,252 [25d6372c-77fd-4a39-ac2a-e48debad48df@group-B2671EB745D2-LeaderElection312] INFO  impl.RoleInfo (RoleInfo.java:shutdownLeaderElection(134)) - 25d6372c-77fd-4a39-ac2a-e48debad48df: shutdown LeaderElection
2019-10-15 16:12:14,252 [25d6372c-77fd-4a39-ac2a-e48debad48df@group-B2671EB745D2-LeaderElection312] INFO  impl.RoleInfo (RoleInfo.java:updateAndGet(143)) - 25d6372c-77fd-4a39-ac2a-e48debad48df: start FollowerState
2019-10-15 16:12:14,282 [Thread-2277] INFO  impl.FollowerState (FollowerState.java:run(108)) - 25d6372c-77fd-4a39-ac2a-e48debad48df@group-B2671EB745D2-FollowerState: change to CANDIDATE, lastRpcTime:30ms, electionTimeout:30ms
2019-10-15 16:12:14,282 [Thread-2277] INFO  impl.RoleInfo (RoleInfo.java:shutdownFollowerState(121)) - 25d6372c-77fd-4a39-ac2a-e48debad48df: shutdown FollowerState
2019-10-15 16:12:14,283 [Thread-2277] INFO  impl.RaftServerImpl (RaftServerImpl.java:setRole(184)) - 25d6372c-77fd-4a39-ac2a-e48debad48df@group-B2671EB745D2: changes role from  FOLLOWER to CANDIDATE at term 334 for changeToCandidate
2019-10-15 16:12:14,283 [Thread-2277] INFO  impl.RoleInfo (RoleInfo.java:updateAndGet(143)) - 25d6372c-77fd-4a39-ac2a-e48debad48df: start LeaderElection
2019-10-15 16:12:14,289 [25d6372c-77fd-4a39-ac2a-e48debad48df@group-B2671EB745D2-LeaderElection313] INFO  impl.LeaderElection (LeaderElection.java:askForVotes(178)) - 25d6372c-77fd-4a39-ac2a-e48debad48df@group-B2671EB745D2-LeaderElection313: begin an election at term 335 for -1: [50423279-f647-4a18-8e85-347d68eaf856:192.168.69.88:39583, 2ec85f63-33fb-4317-9145-71357d145af9:192.168.69.88:42357, 25d6372c-77fd-4a39-ac2a-e48debad48df:192.168.69.88:39591], old=null
2019-10-15 16:12:14,294 [grpc-default-executor-5] INFO  impl.RaftServerImpl (RaftServerImpl.java:setRole(184)) - 2ec85f63-33fb-4317-9145-71357d145af9@group-B2671EB745D2: changes role from  FOLLOWER to FOLLOWER at term 335 for recognizeCandidate:25d6372c-77fd-4a39-ac2a-e48debad48df
2019-10-15 16:12:14,294 [grpc-default-executor-0] INFO  impl.RaftServerImpl (RaftServerImpl.java:setRole(184)) - 50423279-f647-4a18-8e85-347d68eaf856@group-B2671EB745D2: changes role from  FOLLOWER to FOLLOWER at term 335 for recognizeCandidate:25d6372c-77fd-4a39-ac2a-e48debad48df
2019-10-15 16:12:14,294 [grpc-default-executor-5] INFO  impl.RoleInfo (RoleInfo.java:shutdownFollowerState(121)) - 2ec85f63-33fb-4317-9145-71357d145af9: shutdown FollowerState
2019-10-15 16:12:14,294 [grpc-default-executor-0] INFO  impl.RoleInfo (RoleInfo.java:shutdownFollowerState(121)) - 50423279-f647-4a18-8e85-347d68eaf856: shutdown FollowerState
2019-10-15 16:12:14,294 [Thread-2276] INFO  impl.FollowerState (FollowerState.java:run(117)) - 2ec85f63-33fb-4317-9145-71357d145af9@group-B2671EB745D2-FollowerState was interrupted: java.lang.InterruptedException: sleep interrupted
2019-10-15 16:12:14,294 [Thread-2275] INFO  impl.FollowerState (FollowerState.java:run(117)) - 50423279-f647-4a18-8e85-347d68eaf856@group-B2671EB745D2-FollowerState was interrupted: java.lang.InterruptedException: sleep interrupted
2019-10-15 16:12:14,294 [grpc-default-executor-5] INFO  impl.RoleInfo (RoleInfo.java:updateAndGet(143)) - 2ec85f63-33fb-4317-9145-71357d145af9: start FollowerState
2019-10-15 16:12:14,294 [grpc-default-executor-0] INFO  impl.RoleInfo (RoleInfo.java:updateAndGet(143)) - 50423279-f647-4a18-8e85-347d68eaf856: start FollowerState
2019-10-15 16:12:14,309 [25d6372c-77fd-4a39-ac2a-e48debad48df@group-B2671EB745D2-LeaderElection313] INFO  impl.LeaderElection (LeaderElection.java:logAndReturn(56)) - 25d6372c-77fd-4a39-ac2a-e48debad48df@group-B2671EB745D2-LeaderElection313: Election REJECTED; received 2 response(s) [25d6372c-77fd-4a39-ac2a-e48debad48df<-50423279-f647-4a18-8e85-347d68eaf856#0:FAIL-t335, 25d6372c-77fd-4a39-ac2a-e48debad48df<-2ec85f63-33fb-4317-9145-71357d145af9#0:FAIL-t335] and 0 exception(s); 25d6372c-77fd-4a39-ac2a-e48debad48df@group-B2671EB745D2:t335, leader=null, voted=25d6372c-77fd-4a39-ac2a-e48debad48df, raftlog=25d6372c-77fd-4a39-ac2a-e48debad48df@group-B2671EB745D2-SegmentedRaftLog:OPENED:c-1,f-1,i0, conf=-1: [50423279-f647-4a18-8e85-347d68eaf856:192.168.69.88:39583, 2ec85f63-33fb-4317-9145-71357d145af9:192.168.69.88:42357, 25d6372c-77fd-4a39-ac2a-e48debad48df:192.168.69.88:39591], old=null
2019-10-15 16:12:14,309 [25d6372c-77fd-4a39-ac2a-e48debad48df@group-B2671EB745D2-LeaderElection313] INFO  impl.RaftServerImpl (RaftServerImpl.java:setRole(184)) - 25d6372c-77fd-4a39-ac2a-e48debad48df@group-B2671EB745D2: changes role from CANDIDATE to FOLLOWER at term 335 for DISCOVERED_A_NEW_TERM
2019-10-15 16:12:14,309 [25d6372c-77fd-4a39-ac2a-e48debad48df@group-B2671EB745D2-LeaderElection313] INFO  impl.RoleInfo (RoleInfo.java:shutdownLeaderElection(134)) - 25d6372c-77fd-4a39-ac2a-e48debad48df: shutdown LeaderElection
2019-10-15 16:12:14,309 [25d6372c-77fd-4a39-ac2a-e48debad48df@group-B2671EB745D2-LeaderElection313] INFO  impl.RoleInfo (RoleInfo.java:updateAndGet(143)) - 25d6372c-77fd-4a39-ac2a-e48debad48df: start FollowerState
2019-10-15 16:12:14,414 [Thread-2283] INFO  impl.FollowerState (FollowerState.java:run(108)) - 25d6372c-77fd-4a39-ac2a-e48debad48df@group-B2671EB745D2-FollowerState: change to CANDIDATE, lastRpcTime:105ms, electionTimeout:105ms
2019-10-15 16:12:14,415 [Thread-2283] INFO  impl.RoleInfo (RoleInfo.java:shutdownFollowerState(121)) - 25d6372c-77fd-4a39-ac2a-e48debad48df: shutdown FollowerState
2019-10-15 16:12:14,415 [Thread-2283] INFO  impl.RaftServerImpl (RaftServerImpl.java:setRole(184)) - 25d6372c-77fd-4a39-ac2a-e48debad48df@group-B2671EB745D2: changes role from  FOLLOWER to CANDIDATE at term 335 for changeToCandidate
2019-10-15 16:12:14,415 [Thread-2283] INFO  impl.RoleInfo (RoleInfo.java:updateAndGet(143)) - 25d6372c-77fd-4a39-ac2a-e48debad48df: start LeaderElection
2019-10-15 16:12:14,421 [25d6372c-77fd-4a39-ac2a-e48debad48df@group-B2671EB745D2-LeaderElection314] INFO  impl.LeaderElection (LeaderElection.java:askForVotes(178)) - 25d6372c-77fd-4a39-ac2a-e48debad48df@group-B2671EB745D2-LeaderElection314: begin an election at term 336 for -1: [50423279-f647-4a18-8e85-347d68eaf856:192.168.69.88:39583, 2ec85f63-33fb-4317-9145-71357d145af9:192.168.69.88:42357, 25d6372c-77fd-4a39-ac2a-e48debad48df:192.168.69.88:39591], old=null
2019-10-15 16:12:14,422 [grpc-default-executor-5] INFO  impl.RaftServerImpl (RaftServerImpl.java:setRole(184)) - 2ec85f63-33fb-4317-9145-71357d145af9@group-B2671EB745D2: changes role from  FOLLOWER to FOLLOWER at term 336 for recognizeCandidate:25d6372c-77fd-4a39-ac2a-e48debad48df
2019-10-15 16:12:14,422 [grpc-default-executor-0] INFO  impl.RaftServerImpl (RaftServerImpl.java:setRole(184)) - 50423279-f647-4a18-8e85-347d68eaf856@group-B2671EB745D2: changes role from  FOLLOWER to FOLLOWER at term 336 for recognizeCandidate:25d6372c-77fd-4a39-ac2a-e48debad48df
2019-10-15 16:12:14,423 [grpc-default-executor-5] INFO  impl.RoleInfo (RoleInfo.java:shutdownFollowerState(121)) - 2ec85f63-33fb-4317-9145-71357d145af9: shutdown FollowerState
2019-10-15 16:12:14,423 [grpc-default-executor-0] INFO  impl.RoleInfo (RoleInfo.java:shutdownFollowerState(121)) - 50423279-f647-4a18-8e85-347d68eaf856: shutdown FollowerState
2019-10-15 16:12:14,423 [Thread-2281] INFO  impl.FollowerState (FollowerState.java:run(117)) - 2ec85f63-33fb-4317-9145-71357d145af9@group-B2671EB745D2-FollowerState was interrupted: java.lang.InterruptedException: sleep interrupted
2019-10-15 16:12:14,423 [grpc-default-executor-5] INFO  impl.RoleInfo (RoleInfo.java:updateAndGet(143)) - 2ec85f63-33fb-4317-9145-71357d145af9: start FollowerState
2019-10-15 16:12:14,423 [grpc-default-executor-0] INFO  impl.RoleInfo (RoleInfo.java:updateAndGet(143)) - 50423279-f647-4a18-8e85-347d68eaf856: start FollowerState
2019-10-15 16:12:14,423 [Thread-2282] INFO  impl.FollowerState (FollowerState.java:run(117)) - 50423279-f647-4a18-8e85-347d68eaf856@group-B2671EB745D2-FollowerState was interrupted: java.lang.InterruptedException: sleep interrupted
2019-10-15 16:12:14,430 [25d6372c-77fd-4a39-ac2a-e48debad48df@group-B2671EB745D2-LeaderElection314] INFO  impl.LeaderElection (LeaderElection.java:logAndReturn(56)) - 25d6372c-77fd-4a39-ac2a-e48debad48df@group-B2671EB745D2-LeaderElection314: Election REJECTED; received 2 response(s) [25d6372c-77fd-4a39-ac2a-e48debad48df<-2ec85f63-33fb-4317-9145-71357d145af9#0:FAIL-t336, 25d6372c-77fd-4a39-ac2a-e48debad48df<-50423279-f647-4a18-8e85-347d68eaf856#0:FAIL-t336] and 0 exception(s); 25d6372c-77fd-4a39-ac2a-e48debad48df@group-B2671EB745D2:t336, leader=null, voted=25d6372c-77fd-4a39-ac2a-e48debad48df, raftlog=25d6372c-77fd-4a39-ac2a-e48debad48df@group-B2671EB745D2-SegmentedRaftLog:OPENED:c-1,f-1,i0, conf=-1: [50423279-f647-4a18-8e85-347d68eaf856:192.168.69.88:39583, 2ec85f63-33fb-4317-9145-71357d145af9:192.168.69.88:42357, 25d6372c-77fd-4a39-ac2a-e48debad48df:192.168.69.88:39591], old=null
2019-10-15 16:12:14,430 [25d6372c-77fd-4a39-ac2a-e48debad48df@group-B2671EB745D2-LeaderElection314] INFO  impl.RaftServerImpl (RaftServerImpl.java:setRole(184)) - 25d6372c-77fd-4a39-ac2a-e48debad48df@group-B2671EB745D2: changes role from CANDIDATE to FOLLOWER at term 336 for DISCOVERED_A_NEW_TERM
2019-10-15 16:12:14,430 [25d6372c-77fd-4a39-ac2a-e48debad48df@group-B2671EB745D2-LeaderElection314] INFO  impl.RoleInfo (RoleInfo.java:shutdownLeaderElection(134)) - 25d6372c-77fd-4a39-ac2a-e48debad48df: shutdown LeaderElection
2019-10-15 16:12:14,430 [25d6372c-77fd-4a39-ac2a-e48debad48df@group-B2671EB745D2-LeaderElection314] INFO  impl.RoleInfo (RoleInfo.java:updateAndGet(143)) - 25d6372c-77fd-4a39-ac2a-e48debad48df: start FollowerState
2019-10-15 16:12:14,626 [Thread-2289] INFO  impl.FollowerState (FollowerState.java:run(108)) - 25d6372c-77fd-4a39-ac2a-e48debad48df@group-B2671EB745D2-FollowerState: change to CANDIDATE, lastRpcTime:195ms, electionTimeout:195ms
2019-10-15 16:12:14,626 [Thread-2289] INFO  impl.RoleInfo (RoleInfo.java:shutdownFollowerState(121)) - 25d6372c-77fd-4a39-ac2a-e48debad48df: shutdown FollowerState
2019-10-15 16:12:14,626 [Thread-2289] INFO  impl.RaftServerImpl (RaftServerImpl.java:setRole(184)) - 25d6372c-77fd-4a39-ac2a-e48debad48df@group-B2671EB745D2: changes role from  FOLLOWER to CANDIDATE at term 336 for changeToCandidate
2019-10-15 16:12:14,626 [Thread-2289] INFO  impl.RoleInfo (RoleInfo.java:updateAndGet(143)) - 25d6372c-77fd-4a39-ac2a-e48debad48df: start LeaderElection
2019-10-15 16:12:14,640 [25d6372c-77fd-4a39-ac2a-e48debad48df@group-B2671EB745D2-LeaderElection315] INFO  impl.LeaderElection (LeaderElection.java:askForVotes(178)) - 25d6372c-77fd-4a39-ac2a-e48debad48df@group-B2671EB745D2-LeaderElection315: begin an election at term 337 for -1: [50423279-f647-4a18-8e85-347d68eaf856:192.168.69.88:39583, 2ec85f63-33fb-4317-9145-71357d145af9:192.168.69.88:42357, 25d6372c-77fd-4a39-ac2a-e48debad48df:192.168.69.88:39591], old=null
2019-10-15 16:12:14,642 [grpc-default-executor-5] INFO  impl.RaftServerImpl (RaftServerImpl.java:setRole(184)) - 50423279-f647-4a18-8e85-347d68eaf856@group-B2671EB745D2: changes role from  FOLLOWER to FOLLOWER at term 337 for recognizeCandidate:25d6372c-77fd-4a39-ac2a-e48debad48df
2019-10-15 16:12:14,642 [grpc-default-executor-0] INFO  impl.RaftServerImpl (RaftServerImpl.java:setRole(184)) - 2ec85f63-33fb-4317-9145-71357d145af9@group-B2671EB745D2: changes role from  FOLLOWER to FOLLOWER at term 337 for recognizeCandidate:25d6372c-77fd-4a39-ac2a-e48debad48df
2019-10-15 16:12:14,643 [grpc-default-executor-5] INFO  impl.RoleInfo (RoleInfo.java:shutdownFollowerState(121)) - 50423279-f647-4a18-8e85-347d68eaf856: shutdown FollowerState
2019-10-15 16:12:14,643 [grpc-default-executor-0] INFO  impl.RoleInfo (RoleInfo.java:shutdownFollowerState(121)) - 2ec85f63-33fb-4317-9145-71357d145af9: shutdown FollowerState
2019-10-15 16:12:14,643 [Thread-2288] INFO  impl.FollowerState (FollowerState.java:run(117)) - 50423279-f647-4a18-8e85-347d68eaf856@group-B2671EB745D2-FollowerState was interrupted: java.lang.InterruptedException: sleep interrupted
2019-10-15 16:12:14,643 [grpc-default-executor-5] INFO  impl.RoleInfo (RoleInfo.java:updateAndGet(143)) - 50423279-f647-4a18-8e85-347d68eaf856: start FollowerState
2019-10-15 16:12:14,643 [Thread-2287] INFO  impl.FollowerState (FollowerState.java:run(117)) - 2ec85f63-33fb-4317-9145-71357d145af9@group-B2671EB745D2-FollowerState was interrupted: java.lang.InterruptedException: sleep interrupted
2019-10-15 16:12:14,643 [grpc-default-executor-0] INFO  impl.RoleInfo (RoleInfo.java:updateAndGet(143)) - 2ec85f63-33fb-4317-9145-71357d145af9: start FollowerState
2019-10-15 16:12:14,657 [25d6372c-77fd-4a39-ac2a-e48debad48df@group-B2671EB745D2-LeaderElection315] INFO  impl.LeaderElection (LeaderElection.java:logAndReturn(56)) - 25d6372c-77fd-4a39-ac2a-e48debad48df@group-B2671EB745D2-LeaderElection315: Election REJECTED; received 2 response(s) [25d6372c-77fd-4a39-ac2a-e48debad48df<-2ec85f63-33fb-4317-9145-71357d145af9#0:FAIL-t337, 25d6372c-77fd-4a39-ac2a-e48debad48df<-50423279-f647-4a18-8e85-347d68eaf856#0:FAIL-t337] and 0 exception(s); 25d6372c-77fd-4a39-ac2a-e48debad48df@group-B2671EB745D2:t337, leader=null, voted=25d6372c-77fd-4a39-ac2a-e48debad48df, raftlog=25d6372c-77fd-4a39-ac2a-e48debad48df@group-B2671EB745D2-SegmentedRaftLog:OPENED:c-1,f-1,i0, conf=-1: [50423279-f647-4a18-8e85-347d68eaf856:192.168.69.88:39583, 2ec85f63-33fb-4317-9145-71357d145af9:192.168.69.88:42357, 25d6372c-77fd-4a39-ac2a-e48debad48df:192.168.69.88:39591], old=null
2019-10-15 16:12:14,657 [25d6372c-77fd-4a39-ac2a-e48debad48df@group-B2671EB745D2-LeaderElection315] INFO  impl.RaftServerImpl (RaftServerImpl.java:setRole(184)) - 25d6372c-77fd-4a39-ac2a-e48debad48df@group-B2671EB745D2: changes role from CANDIDATE to FOLLOWER at term 337 for DISCOVERED_A_NEW_TERM
2019-10-15 16:12:14,657 [25d6372c-77fd-4a39-ac2a-e48debad48df@group-B2671EB745D2-LeaderElection315] INFO  impl.RoleInfo (RoleInfo.java:shutdownLeaderElection(134)) - 25d6372c-77fd-4a39-ac2a-e48debad48df: shutdown LeaderElection
2019-10-15 16:12:14,657 [25d6372c-77fd-4a39-ac2a-e48debad48df@group-B2671EB745D2-LeaderElection315] INFO  impl.RoleInfo (RoleInfo.java:updateAndGet(143)) - 25d6372c-77fd-4a39-ac2a-e48debad48df: start FollowerState
2019-10-15 16:12:14,755 [Thread-2295] INFO  impl.FollowerState (FollowerState.java:run(108)) - 25d6372c-77fd-4a39-ac2a-e48debad48df@group-B2671EB745D2-FollowerState: change to CANDIDATE, lastRpcTime:97ms, electionTimeout:97ms
2019-10-15 16:12:14,755 [Thread-2295] INFO  impl.RoleInfo (RoleInfo.java:shutdownFollowerState(121)) - 25d6372c-77fd-4a39-ac2a-e48debad48df: shutdown FollowerState
2019-10-15 16:12:14,755 [Thread-2295] INFO  impl.RaftServerImpl (RaftServerImpl.java:setRole(184)) - 25d6372c-77fd-4a39-ac2a-e48debad48df@group-B2671EB745D2: changes role from  FOLLOWER to CANDIDATE at term 337 for changeToCandidate
2019-10-15 16:12:14,755 [Thread-2295] INFO  impl.RoleInfo (RoleInfo.java:updateAndGet(143)) - 25d6372c-77fd-4a39-ac2a-e48debad48df: start LeaderElection
2019-10-15 16:12:14,768 [25d6372c-77fd-4a39-ac2a-e48debad48df@group-B2671EB745D2-LeaderElection316] INFO  impl.LeaderElection (LeaderElection.java:askForVotes(178)) - 25d6372c-77fd-4a39-ac2a-e48debad48df@group-B2671EB745D2-LeaderElection316: begin an election at term 338 for -1: [50423279-f647-4a18-8e85-347d68eaf856:192.168.69.88:39583, 2ec85f63-33fb-4317-9145-71357d145af9:192.168.69.88:42357, 25d6372c-77fd-4a39-ac2a-e48debad48df:192.168.69.88:39591], old=null
2019-10-15 16:12:14,770 [grpc-default-executor-5] INFO  impl.RaftServerImpl (RaftServerImpl.java:setRole(184)) - 2ec85f63-33fb-4317-9145-71357d145af9@group-B2671EB745D2: changes role from  FOLLOWER to FOLLOWER at term 338 for recognizeCandidate:25d6372c-77fd-4a39-ac2a-e48debad48df
2019-10-15 16:12:14,770 [grpc-default-executor-5] INFO  impl.RoleInfo (RoleInfo.java:shutdownFollowerState(121)) - 2ec85f63-33fb-4317-9145-71357d145af9: shutdown FollowerState
2019-10-15 16:12:14,770 [grpc-default-executor-0] INFO  impl.RaftServerImpl (RaftServerImpl.java:setRole(184)) - 50423279-f647-4a18-8e85-347d68eaf856@group-B2671EB745D2: changes role from  FOLLOWER to FOLLOWER at term 338 for recognizeCandidate:25d6372c-77fd-4a39-ac2a-e48debad48df
2019-10-15 16:12:14,770 [Thread-2294] INFO  impl.FollowerState (FollowerState.java:run(117)) - 2ec85f63-33fb-4317-9145-71357d145af9@group-B2671EB745D2-FollowerState was interrupted: java.lang.InterruptedException: sleep interrupted
2019-10-15 16:12:14,770 [grpc-default-executor-5] INFO  impl.RoleInfo (RoleInfo.java:updateAndGet(143)) - 2ec85f63-33fb-4317-9145-71357d145af9: start FollowerState
2019-10-15 16:12:14,770 [grpc-default-executor-0] INFO  impl.RoleInfo (RoleInfo.java:shutdownFollowerState(121)) - 50423279-f647-4a18-8e85-347d68eaf856: shutdown FollowerState
2019-10-15 16:12:14,770 [grpc-default-executor-0] INFO  impl.RoleInfo (RoleInfo.java:updateAndGet(143)) - 50423279-f647-4a18-8e85-347d68eaf856: start FollowerState
2019-10-15 16:12:14,770 [Thread-2293] INFO  impl.FollowerState (FollowerState.java:run(117)) - 50423279-f647-4a18-8e85-347d68eaf856@group-B2671EB745D2-FollowerState was interrupted: java.lang.InterruptedException: sleep interrupted
2019-10-15 16:12:14,788 [25d6372c-77fd-4a39-ac2a-e48debad48df@group-B2671EB745D2-LeaderElection316] INFO  impl.LeaderElection (LeaderElection.java:logAndReturn(56)) - 25d6372c-77fd-4a39-ac2a-e48debad48df@group-B2671EB745D2-LeaderElection316: Election REJECTED; received 2 response(s) [25d6372c-77fd-4a39-ac2a-e48debad48df<-2ec85f63-33fb-4317-9145-71357d145af9#0:FAIL-t338, 25d6372c-77fd-4a39-ac2a-e48debad48df<-50423279-f647-4a18-8e85-347d68eaf856#0:FAIL-t338] and 0 exception(s); 25d6372c-77fd-4a39-ac2a-e48debad48df@group-B2671EB745D2:t338, leader=null, voted=25d6372c-77fd-4a39-ac2a-e48debad48df, raftlog=25d6372c-77fd-4a39-ac2a-e48debad48df@group-B2671EB745D2-SegmentedRaftLog:OPENED:c-1,f-1,i0, conf=-1: [50423279-f647-4a18-8e85-347d68eaf856:192.168.69.88:39583, 2ec85f63-33fb-4317-9145-71357d145af9:192.168.69.88:42357, 25d6372c-77fd-4a39-ac2a-e48debad48df:192.168.69.88:39591], old=null
2019-10-15 16:12:14,788 [25d6372c-77fd-4a39-ac2a-e48debad48df@group-B2671EB745D2-LeaderElection316] INFO  impl.RaftServerImpl (RaftServerImpl.java:setRole(184)) - 25d6372c-77fd-4a39-ac2a-e48debad48df@group-B2671EB745D2: changes role from CANDIDATE to FOLLOWER at term 338 for DISCOVERED_A_NEW_TERM
2019-10-15 16:12:14,788 [25d6372c-77fd-4a39-ac2a-e48debad48df@group-B2671EB745D2-LeaderElection316] INFO  impl.RoleInfo (RoleInfo.java:shutdownLeaderElection(134)) - 25d6372c-77fd-4a39-ac2a-e48debad48df: shutdown LeaderElection
2019-10-15 16:12:14,788 [25d6372c-77fd-4a39-ac2a-e48debad48df@group-B2671EB745D2-LeaderElection316] INFO  impl.RoleInfo (RoleInfo.java:updateAndGet(143)) - 25d6372c-77fd-4a39-ac2a-e48debad48df: start FollowerState
2019-10-15 16:12:14,988 [Thread-2303] INFO  impl.FollowerState (FollowerState.java:run(108)) - 25d6372c-77fd-4a39-ac2a-e48debad48df@group-B2671EB745D2-FollowerState: change to CANDIDATE, lastRpcTime:200ms, electionTimeout:200ms
2019-10-15 16:12:14,989 [Thread-2303] INFO  impl.RoleInfo (RoleInfo.java:shutdownFollowerState(121)) - 25d6372c-77fd-4a39-ac2a-e48debad48df: shutdown FollowerState
2019-10-15 16:12:14,989 [Thread-2303] INFO  impl.RaftServerImpl (RaftServerImpl.java:setRole(184)) - 25d6372c-77fd-4a39-ac2a-e48debad48df@group-B2671EB745D2: changes role from  FOLLOWER to CANDIDATE at term 338 for changeToCandidate
2019-10-15 16:12:14,989 [Thread-2303] INFO  impl.RoleInfo (RoleInfo.java:updateAndGet(143)) - 25d6372c-77fd-4a39-ac2a-e48debad48df: start LeaderElection
2019-10-15 16:12:15,004 [25d6372c-77fd-4a39-ac2a-e48debad48df@group-B2671EB745D2-LeaderElection317] INFO  impl.LeaderElection (LeaderElection.java:askForVotes(178)) - 25d6372c-77fd-4a39-ac2a-e48debad48df@group-B2671EB745D2-LeaderElection317: begin an election at term 339 for -1: [50423279-f647-4a18-8e85-347d68eaf856:192.168.69.88:39583, 2ec85f63-33fb-4317-9145-71357d145af9:192.168.69.88:42357, 25d6372c-77fd-4a39-ac2a-e48debad48df:192.168.69.88:39591], old=null
2019-10-15 16:12:15,006 [grpc-default-executor-5] INFO  impl.RaftServerImpl (RaftServerImpl.java:setRole(184)) - 2ec85f63-33fb-4317-9145-71357d145af9@group-B2671EB745D2: changes role from  FOLLOWER to FOLLOWER at term 339 for recognizeCandidate:25d6372c-77fd-4a39-ac2a-e48debad48df
2019-10-15 16:12:15,006 [grpc-default-executor-0] INFO  impl.RaftServerImpl (RaftServerImpl.java:setRole(184)) - 50423279-f647-4a18-8e85-347d68eaf856@group-B2671EB745D2: changes role from  FOLLOWER to FOLLOWER at term 339 for recognizeCandidate:25d6372c-77fd-4a39-ac2a-e48debad48df
2019-10-15 16:12:15,007 [grpc-default-executor-0] INFO  impl.RoleInfo (RoleInfo.java:shutdownFollowerState(121)) - 50423279-f647-4a18-8e85-347d68eaf856: shutdown FollowerState
2019-10-15 16:12:15,006 [grpc-default-executor-5] INFO  impl.RoleInfo (RoleInfo.java:shutdownFollowerState(121)) - 2ec85f63-33fb-4317-9145-71357d145af9: shutdown FollowerState
2019-10-15 16:12:15,007 [Thread-2302] INFO  impl.FollowerState (FollowerState.java:run(117)) - 50423279-f647-4a18-8e85-347d68eaf856@group-B2671EB745D2-FollowerState was interrupted: java.lang.InterruptedException: sleep interrupted
2019-10-15 16:12:15,007 [Thread-2301] INFO  impl.FollowerState (FollowerState.java:run(117)) - 2ec85f63-33fb-4317-9145-71357d145af9@group-B2671EB745D2-FollowerState was interrupted: java.lang.InterruptedException: sleep interrupted
2019-10-15 16:12:15,007 [grpc-default-executor-0] INFO  impl.RoleInfo (RoleInfo.java:updateAndGet(143)) - 50423279-f647-4a18-8e85-347d68eaf856: start FollowerState
2019-10-15 16:12:15,007 [grpc-default-executor-5] INFO  impl.RoleInfo (RoleInfo.java:updateAndGet(143)) - 2ec85f63-33fb-4317-9145-71357d145af9: start FollowerState
2019-10-15 16:12:15,030 [25d6372c-77fd-4a39-ac2a-e48debad48df@group-B2671EB745D2-LeaderElection317] INFO  impl.LeaderElection (LeaderElection.java:logAndReturn(56)) - 25d6372c-77fd-4a39-ac2a-e48debad48df@group-B2671EB745D2-LeaderElection317: Election REJECTED; received 2 response(s) [25d6372c-77fd-4a39-ac2a-e48debad48df<-50423279-f647-4a18-8e85-347d68eaf856#0:FAIL-t339, 25d6372c-77fd-4a39-ac2a-e48debad48df<-2ec85f63-33fb-4317-9145-71357d145af9#0:FAIL-t339] and 0 exception(s); 25d6372c-77fd-4a39-ac2a-e48debad48df@group-B2671EB745D2:t339, leader=null, voted=25d6372c-77fd-4a39-ac2a-e48debad48df, raftlog=25d6372c-77fd-4a39-ac2a-e48debad48df@group-B2671EB745D2-SegmentedRaftLog:OPENED:c-1,f-1,i0, conf=-1: [50423279-f647-4a18-8e85-347d68eaf856:192.168.69.88:39583, 2ec85f63-33fb-4317-9145-71357d145af9:192.168.69.88:42357, 25d6372c-77fd-4a39-ac2a-e48debad48df:192.168.69.88:39591], old=null
2019-10-15 16:12:15,030 [25d6372c-77fd-4a39-ac2a-e48debad48df@group-B2671EB745D2-LeaderElection317] INFO  impl.RaftServerImpl (RaftServerImpl.java:setRole(184)) - 25d6372c-77fd-4a39-ac2a-e48debad48df@group-B2671EB745D2: changes role from CANDIDATE to FOLLOWER at term 339 for DISCOVERED_A_NEW_TERM
2019-10-15 16:12:15,030 [25d6372c-77fd-4a39-ac2a-e48debad48df@group-B2671EB745D2-LeaderElection317] INFO  impl.RoleInfo (RoleInfo.java:shutdownLeaderElection(134)) - 25d6372c-77fd-4a39-ac2a-e48debad48df: shutdown LeaderElection
2019-10-15 16:12:15,030 [25d6372c-77fd-4a39-ac2a-e48debad48df@group-B2671EB745D2-LeaderElection317] INFO  impl.RoleInfo (RoleInfo.java:updateAndGet(143)) - 25d6372c-77fd-4a39-ac2a-e48debad48df: start FollowerState
2019-10-15 16:12:15,096 [Thread-2309] INFO  impl.FollowerState (FollowerState.java:run(108)) - 25d6372c-77fd-4a39-ac2a-e48debad48df@group-B2671EB745D2-FollowerState: change to CANDIDATE, lastRpcTime:65ms, electionTimeout:65ms
2019-10-15 16:12:15,096 [Thread-2309] INFO  impl.RoleInfo (RoleInfo.java:shutdownFollowerState(121)) - 25d6372c-77fd-4a39-ac2a-e48debad48df: shutdown FollowerState
2019-10-15 16:12:15,096 [Thread-2309] INFO  impl.RaftServerImpl (RaftServerImpl.java:setRole(184)) - 25d6372c-77fd-4a39-ac2a-e48debad48df@group-B2671EB745D2: changes role from  FOLLOWER to CANDIDATE at term 339 for changeToCandidate
2019-10-15 16:12:15,097 [Thread-2309] INFO  impl.RoleInfo (RoleInfo.java:updateAndGet(143)) - 25d6372c-77fd-4a39-ac2a-e48debad48df: start LeaderElection
2019-10-15 16:12:15,112 [25d6372c-77fd-4a39-ac2a-e48debad48df@group-B2671EB745D2-LeaderElection318] INFO  impl.LeaderElection (LeaderElection.java:askForVotes(178)) - 25d6372c-77fd-4a39-ac2a-e48debad48df@group-B2671EB745D2-LeaderElection318: begin an election at term 340 for -1: [50423279-f647-4a18-8e85-347d68eaf856:192.168.69.88:39583, 2ec85f63-33fb-4317-9145-71357d145af9:192.168.69.88:42357, 25d6372c-77fd-4a39-ac2a-e48debad48df:192.168.69.88:39591], old=null
2019-10-15 16:12:15,113 [grpc-default-executor-5] INFO  impl.RaftServerImpl (RaftServerImpl.java:setRole(184)) - 50423279-f647-4a18-8e85-347d68eaf856@group-B2671EB745D2: changes role from  FOLLOWER to FOLLOWER at term 340 for recognizeCandidate:25d6372c-77fd-4a39-ac2a-e48debad48df
2019-10-15 16:12:15,113 [grpc-default-executor-5] INFO  impl.RoleInfo (RoleInfo.java:shutdownFollowerState(121)) - 50423279-f647-4a18-8e85-347d68eaf856: shutdown FollowerState
2019-10-15 16:12:15,113 [grpc-default-executor-0] INFO  impl.RaftServerImpl (RaftServerImpl.java:setRole(184)) - 2ec85f63-33fb-4317-9145-71357d145af9@group-B2671EB745D2: changes role from  FOLLOWER to FOLLOWER at term 340 for recognizeCandidate:25d6372c-77fd-4a39-ac2a-e48debad48df
2019-10-15 16:12:15,113 [Thread-2307] INFO  impl.FollowerState (FollowerState.java:run(117)) - 50423279-f647-4a18-8e85-347d68eaf856@group-B2671EB745D2-FollowerState was interrupted: java.lang.InterruptedException: sleep interrupted
2019-10-15 16:12:15,113 [grpc-default-executor-5] INFO  impl.RoleInfo (RoleInfo.java:updateAndGet(143)) - 50423279-f647-4a18-8e85-347d68eaf856: start FollowerState
2019-10-15 16:12:15,113 [grpc-default-executor-0] INFO  impl.RoleInfo (RoleInfo.java:shutdownFollowerState(121)) - 2ec85f63-33fb-4317-9145-71357d145af9: shutdown FollowerState
2019-10-15 16:12:15,114 [grpc-default-executor-0] INFO  impl.RoleInfo (RoleInfo.java:updateAndGet(143)) - 2ec85f63-33fb-4317-9145-71357d145af9: start FollowerState
2019-10-15 16:12:15,114 [Thread-2308] INFO  impl.FollowerState (FollowerState.java:run(117)) - 2ec85f63-33fb-4317-9145-71357d145af9@group-B2671EB745D2-FollowerState was interrupted: java.lang.InterruptedException: sleep interrupted
2019-10-15 16:12:15,127 [25d6372c-77fd-4a39-ac2a-e48debad48df@group-B2671EB745D2-LeaderElection318] INFO  impl.LeaderElection (LeaderElection.java:logAndReturn(56)) - 25d6372c-77fd-4a39-ac2a-e48debad48df@group-B2671EB745D2-LeaderElection318: Election REJECTED; received 2 response(s) [25d6372c-77fd-4a39-ac2a-e48debad48df<-50423279-f647-4a18-8e85-347d68eaf856#0:FAIL-t340, 25d6372c-77fd-4a39-ac2a-e48debad48df<-2ec85f63-33fb-4317-9145-71357d145af9#0:FAIL-t340] and 0 exception(s); 25d6372c-77fd-4a39-ac2a-e48debad48df@group-B2671EB745D2:t340, leader=null, voted=25d6372c-77fd-4a39-ac2a-e48debad48df, raftlog=25d6372c-77fd-4a39-ac2a-e48debad48df@group-B2671EB745D2-SegmentedRaftLog:OPENED:c-1,f-1,i0, conf=-1: [50423279-f647-4a18-8e85-347d68eaf856:192.168.69.88:39583, 2ec85f63-33fb-4317-9145-71357d145af9:192.168.69.88:42357, 25d6372c-77fd-4a39-ac2a-e48debad48df:192.168.69.88:39591], old=null
2019-10-15 16:12:15,127 [25d6372c-77fd-4a39-ac2a-e48debad48df@group-B2671EB745D2-LeaderElection318] INFO  impl.RaftServerImpl (RaftServerImpl.java:setRole(184)) - 25d6372c-77fd-4a39-ac2a-e48debad48df@group-B2671EB745D2: changes role from CANDIDATE to FOLLOWER at term 340 for DISCOVERED_A_NEW_TERM
2019-10-15 16:12:15,128 [25d6372c-77fd-4a39-ac2a-e48debad48df@group-B2671EB745D2-LeaderElection318] INFO  impl.RoleInfo (RoleInfo.java:shutdownLeaderElection(134)) - 25d6372c-77fd-4a39-ac2a-e48debad48df: shutdown LeaderElection
2019-10-15 16:12:15,128 [25d6372c-77fd-4a39-ac2a-e48debad48df@group-B2671EB745D2-LeaderElection318] INFO  impl.RoleInfo (RoleInfo.java:updateAndGet(143)) - 25d6372c-77fd-4a39-ac2a-e48debad48df: start FollowerState
2019-10-15 16:12:15,323 [Thread-2315] INFO  impl.FollowerState (FollowerState.java:run(108)) - 25d6372c-77fd-4a39-ac2a-e48debad48df@group-B2671EB745D2-FollowerState: change to CANDIDATE, lastRpcTime:195ms, electionTimeout:195ms
2019-10-15 16:12:15,324 [Thread-2315] INFO  impl.RoleInfo (RoleInfo.java:shutdownFollowerState(121)) - 25d6372c-77fd-4a39-ac2a-e48debad48df: shutdown FollowerState
2019-10-15 16:12:15,325 [Thread-2315] INFO  impl.RaftServerImpl (RaftServerImpl.java:setRole(184)) - 25d6372c-77fd-4a39-ac2a-e48debad48df@group-B2671EB745D2: changes role from  FOLLOWER to CANDIDATE at term 340 for changeToCandidate
2019-10-15 16:12:15,326 [Thread-2315] INFO  impl.RoleInfo (RoleInfo.java:updateAndGet(143)) - 25d6372c-77fd-4a39-ac2a-e48debad48df: start LeaderElection
2019-10-15 16:12:15,366 [25d6372c-77fd-4a39-ac2a-e48debad48df@group-B2671EB745D2-LeaderElection319] INFO  impl.LeaderElection (LeaderElection.java:askForVotes(178)) - 25d6372c-77fd-4a39-ac2a-e48debad48df@group-B2671EB745D2-LeaderElection319: begin an election at term 341 for -1: [50423279-f647-4a18-8e85-347d68eaf856:192.168.69.88:39583, 2ec85f63-33fb-4317-9145-71357d145af9:192.168.69.88:42357, 25d6372c-77fd-4a39-ac2a-e48debad48df:192.168.69.88:39591], old=null
2019-10-15 16:12:15,370 [25d6372c-77fd-4a39-ac2a-e48debad48df@group-B2671EB745D2-LeaderElection319] INFO  impl.LeaderElection (LeaderElection.java:logAndReturn(56)) - 25d6372c-77fd-4a39-ac2a-e48debad48df@group-B2671EB745D2-LeaderElection319: Election TIMEOUT; received 0 response(s) [] and 0 exception(s); 25d6372c-77fd-4a39-ac2a-e48debad48df@group-B2671EB745D2:t341, leader=null, voted=25d6372c-77fd-4a39-ac2a-e48debad48df, raftlog=25d6372c-77fd-4a39-ac2a-e48debad48df@group-B2671EB745D2-SegmentedRaftLog:OPENED:c-1,f-1,i0, conf=-1: [50423279-f647-4a18-8e85-347d68eaf856:192.168.69.88:39583, 2ec85f63-33fb-4317-9145-71357d145af9:192.168.69.88:42357, 25d6372c-77fd-4a39-ac2a-e48debad48df:192.168.69.88:39591], old=null
2019-10-15 16:12:15,372 [grpc-default-executor-0] INFO  impl.RaftServerImpl (RaftServerImpl.java:setRole(184)) - 2ec85f63-33fb-4317-9145-71357d145af9@group-B2671EB745D2: changes role from  FOLLOWER to FOLLOWER at term 341 for recognizeCandidate:25d6372c-77fd-4a39-ac2a-e48debad48df
2019-10-15 16:12:15,373 [grpc-default-executor-0] INFO  impl.RoleInfo (RoleInfo.java:shutdownFollowerState(121)) - 2ec85f63-33fb-4317-9145-71357d145af9: shutdown FollowerState
2019-10-15 16:12:15,373 [grpc-default-executor-0] INFO  impl.RoleInfo (RoleInfo.java:updateAndGet(143)) - 2ec85f63-33fb-4317-9145-71357d145af9: start FollowerState
2019-10-15 16:12:15,373 [Thread-2314] INFO  impl.FollowerState (FollowerState.java:run(117)) - 2ec85f63-33fb-4317-9145-71357d145af9@group-B2671EB745D2-FollowerState was interrupted: java.lang.InterruptedException: sleep interrupted
2019-10-15 16:12:15,375 [grpc-default-executor-5] INFO  impl.RaftServerImpl (RaftServerImpl.java:setRole(184)) - 50423279-f647-4a18-8e85-347d68eaf856@group-B2671EB745D2: changes role from  FOLLOWER to FOLLOWER at term 341 for recognizeCandidate:25d6372c-77fd-4a39-ac2a-e48debad48df
2019-10-15 16:12:15,375 [grpc-default-executor-5] INFO  impl.RoleInfo (RoleInfo.java:shutdownFollowerState(121)) - 50423279-f647-4a18-8e85-347d68eaf856: shutdown FollowerState
2019-10-15 16:12:15,376 [grpc-default-executor-5] INFO  impl.RoleInfo (RoleInfo.java:updateAndGet(143)) - 50423279-f647-4a18-8e85-347d68eaf856: start FollowerState
2019-10-15 16:12:15,376 [Thread-2313] INFO  impl.FollowerState (FollowerState.java:run(117)) - 50423279-f647-4a18-8e85-347d68eaf856@group-B2671EB745D2-FollowerState was interrupted: java.lang.InterruptedException: sleep interrupted
2019-10-15 16:12:15,384 [25d6372c-77fd-4a39-ac2a-e48debad48df@group-B2671EB745D2-LeaderElection319] INFO  impl.LeaderElection (LeaderElection.java:askForVotes(178)) - 25d6372c-77fd-4a39-ac2a-e48debad48df@group-B2671EB745D2-LeaderElection319: begin an election at term 342 for -1: [50423279-f647-4a18-8e85-347d68eaf856:192.168.69.88:39583, 2ec85f63-33fb-4317-9145-71357d145af9:192.168.69.88:42357, 25d6372c-77fd-4a39-ac2a-e48debad48df:192.168.69.88:39591], old=null
2019-10-15 16:12:15,385 [grpc-default-executor-5] INFO  impl.RaftServerImpl (RaftServerImpl.java:setRole(184)) - 2ec85f63-33fb-4317-9145-71357d145af9@group-B2671EB745D2: changes role from  FOLLOWER to FOLLOWER at term 342 for recognizeCandidate:25d6372c-77fd-4a39-ac2a-e48debad48df
2019-10-15 16:12:15,386 [grpc-default-executor-5] INFO  impl.RoleInfo (RoleInfo.java:shutdownFollowerState(121)) - 2ec85f63-33fb-4317-9145-71357d145af9: shutdown FollowerState
2019-10-15 16:12:15,386 [grpc-default-executor-0] INFO  impl.RaftServerImpl (RaftServerImpl.java:setRole(184)) - 50423279-f647-4a18-8e85-347d68eaf856@group-B2671EB745D2: changes role from  FOLLOWER to FOLLOWER at term 342 for recognizeCandidate:25d6372c-77fd-4a39-ac2a-e48debad48df
2019-10-15 16:12:15,386 [Thread-2319] INFO  impl.FollowerState (FollowerState.java:run(117)) - 2ec85f63-33fb-4317-9145-71357d145af9@group-B2671EB745D2-FollowerState was interrupted: java.lang.InterruptedException: sleep interrupted
2019-10-15 16:12:15,386 [grpc-default-executor-5] INFO  impl.RoleInfo (RoleInfo.java:updateAndGet(143)) - 2ec85f63-33fb-4317-9145-71357d145af9: start FollowerState
2019-10-15 16:12:15,386 [grpc-default-executor-0] INFO  impl.RoleInfo (RoleInfo.java:shutdownFollowerState(121)) - 50423279-f647-4a18-8e85-347d68eaf856: shutdown FollowerState
2019-10-15 16:12:15,386 [Thread-2320] INFO  impl.FollowerState (FollowerState.java:run(117)) - 50423279-f647-4a18-8e85-347d68eaf856@group-B2671EB745D2-FollowerState was interrupted: java.lang.InterruptedException: sleep interrupted
2019-10-15 16:12:15,386 [grpc-default-executor-0] INFO  impl.RoleInfo (RoleInfo.java:updateAndGet(143)) - 50423279-f647-4a18-8e85-347d68eaf856: start FollowerState
2019-10-15 16:12:15,404 [25d6372c-77fd-4a39-ac2a-e48debad48df@group-B2671EB745D2-LeaderElection319] INFO  impl.LeaderElection (LeaderElection.java:logAndReturn(56)) - 25d6372c-77fd-4a39-ac2a-e48debad48df@group-B2671EB745D2-LeaderElection319: Election REJECTED; received 2 response(s) [25d6372c-77fd-4a39-ac2a-e48debad48df<-2ec85f63-33fb-4317-9145-71357d145af9#0:FAIL-t342, 25d6372c-77fd-4a39-ac2a-e48debad48df<-50423279-f647-4a18-8e85-347d68eaf856#0:FAIL-t342] and 0 exception(s); 25d6372c-77fd-4a39-ac2a-e48debad48df@group-B2671EB745D2:t342, leader=null, voted=25d6372c-77fd-4a39-ac2a-e48debad48df, raftlog=25d6372c-77fd-4a39-ac2a-e48debad48df@group-B2671EB745D2-SegmentedRaftLog:OPENED:c-1,f-1,i0, conf=-1: [50423279-f647-4a18-8e85-347d68eaf856:192.168.69.88:39583, 2ec85f63-33fb-4317-9145-71357d145af9:192.168.69.88:42357, 25d6372c-77fd-4a39-ac2a-e48debad48df:192.168.69.88:39591], old=null
2019-10-15 16:12:15,404 [25d6372c-77fd-4a39-ac2a-e48debad48df@group-B2671EB745D2-LeaderElection319] INFO  impl.RaftServerImpl (RaftServerImpl.java:setRole(184)) - 25d6372c-77fd-4a39-ac2a-e48debad48df@group-B2671EB745D2: changes role from CANDIDATE to FOLLOWER at term 342 for DISCOVERED_A_NEW_TERM
2019-10-15 16:12:15,404 [25d6372c-77fd-4a39-ac2a-e48debad48df@group-B2671EB745D2-LeaderElection319] INFO  impl.RoleInfo (RoleInfo.java:shutdownLeaderElection(134)) - 25d6372c-77fd-4a39-ac2a-e48debad48df: shutdown LeaderElection
2019-10-15 16:12:15,404 [25d6372c-77fd-4a39-ac2a-e48debad48df@group-B2671EB745D2-LeaderElection319] INFO  impl.RoleInfo (RoleInfo.java:updateAndGet(143)) - 25d6372c-77fd-4a39-ac2a-e48debad48df: start FollowerState
2019-10-15 16:12:15,498 [Thread-2325] INFO  impl.FollowerState (FollowerState.java:run(108)) - 25d6372c-77fd-4a39-ac2a-e48debad48df@group-B2671EB745D2-FollowerState: change to CANDIDATE, lastRpcTime:93ms, electionTimeout:93ms
2019-10-15 16:12:15,498 [Thread-2325] INFO  impl.RoleInfo (RoleInfo.java:shutdownFollowerState(121)) - 25d6372c-77fd-4a39-ac2a-e48debad48df: shutdown FollowerState
2019-10-15 16:12:15,498 [Thread-2325] INFO  impl.RaftServerImpl (RaftServerImpl.java:setRole(184)) - 25d6372c-77fd-4a39-ac2a-e48debad48df@group-B2671EB745D2: changes role from  FOLLOWER to CANDIDATE at term 342 for changeToCandidate
2019-10-15 16:12:15,498 [Thread-2325] INFO  impl.RoleInfo (RoleInfo.java:updateAndGet(143)) - 25d6372c-77fd-4a39-ac2a-e48debad48df: start LeaderElection
2019-10-15 16:12:15,513 [25d6372c-77fd-4a39-ac2a-e48debad48df@group-B2671EB745D2-LeaderElection320] INFO  impl.LeaderElection (LeaderElection.java:askForVotes(178)) - 25d6372c-77fd-4a39-ac2a-e48debad48df@group-B2671EB745D2-LeaderElection320: begin an election at term 343 for -1: [50423279-f647-4a18-8e85-347d68eaf856:192.168.69.88:39583, 2ec85f63-33fb-4317-9145-71357d145af9:192.168.69.88:42357, 25d6372c-77fd-4a39-ac2a-e48debad48df:192.168.69.88:39591], old=null
2019-10-15 16:12:15,514 [grpc-default-executor-5] INFO  impl.RaftServerImpl (RaftServerImpl.java:setRole(184)) - 2ec85f63-33fb-4317-9145-71357d145af9@group-B2671EB745D2: changes role from  FOLLOWER to FOLLOWER at term 343 for recognizeCandidate:25d6372c-77fd-4a39-ac2a-e48debad48df
2019-10-15 16:12:15,514 [grpc-default-executor-0] INFO  impl.RaftServerImpl (RaftServerImpl.java:setRole(184)) - 50423279-f647-4a18-8e85-347d68eaf856@group-B2671EB745D2: changes role from  FOLLOWER to FOLLOWER at term 343 for recognizeCandidate:25d6372c-77fd-4a39-ac2a-e48debad48df
2019-10-15 16:12:15,515 [grpc-default-executor-5] INFO  impl.RoleInfo (RoleInfo.java:shutdownFollowerState(121)) - 2ec85f63-33fb-4317-9145-71357d145af9: shutdown FollowerState
2019-10-15 16:12:15,515 [grpc-default-executor-0] INFO  impl.RoleInfo (RoleInfo.java:shutdownFollowerState(121)) - 50423279-f647-4a18-8e85-347d68eaf856: shutdown FollowerState
2019-10-15 16:12:15,515 [Thread-2323] INFO  impl.FollowerState (FollowerState.java:run(117)) - 2ec85f63-33fb-4317-9145-71357d145af9@group-B2671EB745D2-FollowerState was interrupted: java.lang.InterruptedException: sleep interrupted
2019-10-15 16:12:15,515 [Thread-2324] INFO  impl.FollowerState (FollowerState.java:run(117)) - 50423279-f647-4a18-8e85-347d68eaf856@group-B2671EB745D2-FollowerState was interrupted: java.lang.InterruptedException: sleep interrupted
2019-10-15 16:12:15,515 [grpc-default-executor-0] INFO  impl.RoleInfo (RoleInfo.java:updateAndGet(143)) - 50423279-f647-4a18-8e85-347d68eaf856: start FollowerState
2019-10-15 16:12:15,515 [grpc-default-executor-5] INFO  impl.RoleInfo (RoleInfo.java:updateAndGet(143)) - 2ec85f63-33fb-4317-9145-71357d145af9: start FollowerState
2019-10-15 16:12:15,530 [25d6372c-77fd-4a39-ac2a-e48debad48df@group-B2671EB745D2-LeaderElection320] INFO  impl.LeaderElection (LeaderElection.java:logAndReturn(56)) - 25d6372c-77fd-4a39-ac2a-e48debad48df@group-B2671EB745D2-LeaderElection320: Election REJECTED; received 2 response(s) [25d6372c-77fd-4a39-ac2a-e48debad48df<-2ec85f63-33fb-4317-9145-71357d145af9#0:FAIL-t343, 25d6372c-77fd-4a39-ac2a-e48debad48df<-50423279-f647-4a18-8e85-347d68eaf856#0:FAIL-t343] and 0 exception(s); 25d6372c-77fd-4a39-ac2a-e48debad48df@group-B2671EB745D2:t343, leader=null, voted=25d6372c-77fd-4a39-ac2a-e48debad48df, raftlog=25d6372c-77fd-4a39-ac2a-e48debad48df@group-B2671EB745D2-SegmentedRaftLog:OPENED:c-1,f-1,i0, conf=-1: [50423279-f647-4a18-8e85-347d68eaf856:192.168.69.88:39583, 2ec85f63-33fb-4317-9145-71357d145af9:192.168.69.88:42357, 25d6372c-77fd-4a39-ac2a-e48debad48df:192.168.69.88:39591], old=null
2019-10-15 16:12:15,530 [25d6372c-77fd-4a39-ac2a-e48debad48df@group-B2671EB745D2-LeaderElection320] INFO  impl.RaftServerImpl (RaftServerImpl.java:setRole(184)) - 25d6372c-77fd-4a39-ac2a-e48debad48df@group-B2671EB745D2: changes role from CANDIDATE to FOLLOWER at term 343 for DISCOVERED_A_NEW_TERM
2019-10-15 16:12:15,530 [25d6372c-77fd-4a39-ac2a-e48debad48df@group-B2671EB745D2-LeaderElection320] INFO  impl.RoleInfo (RoleInfo.java:shutdownLeaderElection(134)) - 25d6372c-77fd-4a39-ac2a-e48debad48df: shutdown LeaderElection
2019-10-15 16:12:15,530 [25d6372c-77fd-4a39-ac2a-e48debad48df@group-B2671EB745D2-LeaderElection320] INFO  impl.RoleInfo (RoleInfo.java:updateAndGet(143)) - 25d6372c-77fd-4a39-ac2a-e48debad48df: start FollowerState
2019-10-15 16:12:15,641 [Thread-2331] INFO  impl.FollowerState (FollowerState.java:run(108)) - 25d6372c-77fd-4a39-ac2a-e48debad48df@group-B2671EB745D2-FollowerState: change to CANDIDATE, lastRpcTime:110ms, electionTimeout:110ms
2019-10-15 16:12:15,641 [Thread-2331] INFO  impl.RoleInfo (RoleInfo.java:shutdownFollowerState(121)) - 25d6372c-77fd-4a39-ac2a-e48debad48df: shutdown FollowerState
2019-10-15 16:12:15,641 [Thread-2331] INFO  impl.RaftServerImpl (RaftServerImpl.java:setRole(184)) - 25d6372c-77fd-4a39-ac2a-e48debad48df@group-B2671EB745D2: changes role from  FOLLOWER to CANDIDATE at term 343 for changeToCandidate
2019-10-15 16:12:15,641 [Thread-2331] INFO  impl.RoleInfo (RoleInfo.java:updateAndGet(143)) - 25d6372c-77fd-4a39-ac2a-e48debad48df: start LeaderElection
2019-10-15 16:12:15,667 [25d6372c-77fd-4a39-ac2a-e48debad48df@group-B2671EB745D2-LeaderElection321] INFO  impl.LeaderElection (LeaderElection.java:askForVotes(178)) - 25d6372c-77fd-4a39-ac2a-e48debad48df@group-B2671EB745D2-LeaderElection321: begin an election at term 344 for -1: [50423279-f647-4a18-8e85-347d68eaf856:192.168.69.88:39583, 2ec85f63-33fb-4317-9145-71357d145af9:192.168.69.88:42357, 25d6372c-77fd-4a39-ac2a-e48debad48df:192.168.69.88:39591], old=null
2019-10-15 16:12:15,668 [grpc-default-executor-0] INFO  impl.RaftServerImpl (RaftServerImpl.java:setRole(184)) - 50423279-f647-4a18-8e85-347d68eaf856@group-B2671EB745D2: changes role from  FOLLOWER to FOLLOWER at term 344 for recognizeCandidate:25d6372c-77fd-4a39-ac2a-e48debad48df
2019-10-15 16:12:15,668 [grpc-default-executor-5] INFO  impl.RaftServerImpl (RaftServerImpl.java:setRole(184)) - 2ec85f63-33fb-4317-9145-71357d145af9@group-B2671EB745D2: changes role from  FOLLOWER to FOLLOWER at term 344 for recognizeCandidate:25d6372c-77fd-4a39-ac2a-e48debad48df
2019-10-15 16:12:15,668 [grpc-default-executor-0] INFO  impl.RoleInfo (RoleInfo.java:shutdownFollowerState(121)) - 50423279-f647-4a18-8e85-347d68eaf856: shutdown FollowerState
2019-10-15 16:12:15,669 [grpc-default-executor-5] INFO  impl.RoleInfo (RoleInfo.java:shutdownFollowerState(121)) - 2ec85f63-33fb-4317-9145-71357d145af9: shutdown FollowerState
2019-10-15 16:12:15,669 [Thread-2330] INFO  impl.FollowerState (FollowerState.java:run(117)) - 50423279-f647-4a18-8e85-347d68eaf856@group-B2671EB745D2-FollowerState was interrupted: java.lang.InterruptedException: sleep interrupted
2019-10-15 16:12:15,669 [grpc-default-executor-0] INFO  impl.RoleInfo (RoleInfo.java:updateAndGet(143)) - 50423279-f647-4a18-8e85-347d68eaf856: start FollowerState
2019-10-15 16:12:15,669 [Thread-2329] INFO  impl.FollowerState (FollowerState.java:run(117)) - 2ec85f63-33fb-4317-9145-71357d145af9@group-B2671EB745D2-FollowerState was interrupted: java.lang.InterruptedException: sleep interrupted
2019-10-15 16:12:15,669 [grpc-default-executor-5] INFO  impl.RoleInfo (RoleInfo.java:updateAndGet(143)) - 2ec85f63-33fb-4317-9145-71357d145af9: start FollowerState
2019-10-15 16:12:15,681 [25d6372c-77fd-4a39-ac2a-e48debad48df@group-B2671EB745D2-LeaderElection321] INFO  impl.LeaderElection (LeaderElection.java:logAndReturn(56)) - 25d6372c-77fd-4a39-ac2a-e48debad48df@group-B2671EB745D2-LeaderElection321: Election REJECTED; received 2 response(s) [25d6372c-77fd-4a39-ac2a-e48debad48df<-50423279-f647-4a18-8e85-347d68eaf856#0:FAIL-t344, 25d6372c-77fd-4a39-ac2a-e48debad48df<-2ec85f63-33fb-4317-9145-71357d145af9#0:FAIL-t344] and 0 exception(s); 25d6372c-77fd-4a39-ac2a-e48debad48df@group-B2671EB745D2:t344, leader=null, voted=25d6372c-77fd-4a39-ac2a-e48debad48df, raftlog=25d6372c-77fd-4a39-ac2a-e48debad48df@group-B2671EB745D2-SegmentedRaftLog:OPENED:c-1,f-1,i0, conf=-1: [50423279-f647-4a18-8e85-347d68eaf856:192.168.69.88:39583, 2ec85f63-33fb-4317-9145-71357d145af9:192.168.69.88:42357, 25d6372c-77fd-4a39-ac2a-e48debad48df:192.168.69.88:39591], old=null
2019-10-15 16:12:15,681 [25d6372c-77fd-4a39-ac2a-e48debad48df@group-B2671EB745D2-LeaderElection321] INFO  impl.RaftServerImpl (RaftServerImpl.java:setRole(184)) - 25d6372c-77fd-4a39-ac2a-e48debad48df@group-B2671EB745D2: changes role from CANDIDATE to FOLLOWER at term 344 for DISCOVERED_A_NEW_TERM
2019-10-15 16:12:15,682 [25d6372c-77fd-4a39-ac2a-e48debad48df@group-B2671EB745D2-LeaderElection321] INFO  impl.RoleInfo (RoleInfo.java:shutdownLeaderElection(134)) - 25d6372c-77fd-4a39-ac2a-e48debad48df: shutdown LeaderElection
2019-10-15 16:12:15,682 [25d6372c-77fd-4a39-ac2a-e48debad48df@group-B2671EB745D2-LeaderElection321] INFO  impl.RoleInfo (RoleInfo.java:updateAndGet(143)) - 25d6372c-77fd-4a39-ac2a-e48debad48df: start FollowerState
2019-10-15 16:12:15,724 [Thread-2337] INFO  impl.FollowerState (FollowerState.java:run(108)) - 25d6372c-77fd-4a39-ac2a-e48debad48df@group-B2671EB745D2-FollowerState: change to CANDIDATE, lastRpcTime:42ms, electionTimeout:42ms
2019-10-15 16:12:15,724 [Thread-2337] INFO  impl.RoleInfo (RoleInfo.java:shutdownFollowerState(121)) - 25d6372c-77fd-4a39-ac2a-e48debad48df: shutdown FollowerState
2019-10-15 16:12:15,724 [Thread-2337] INFO  impl.RaftServerImpl (RaftServerImpl.java:setRole(184)) - 25d6372c-77fd-4a39-ac2a-e48debad48df@group-B2671EB745D2: changes role from  FOLLOWER to CANDIDATE at term 344 for changeToCandidate
2019-10-15 16:12:15,724 [Thread-2337] INFO  impl.RoleInfo (RoleInfo.java:updateAndGet(143)) - 25d6372c-77fd-4a39-ac2a-e48debad48df: start LeaderElection
2019-10-15 16:12:15,728 [25d6372c-77fd-4a39-ac2a-e48debad48df@group-B2671EB745D2-LeaderElection322] INFO  impl.LeaderElection (LeaderElection.java:askForVotes(178)) - 25d6372c-77fd-4a39-ac2a-e48debad48df@group-B2671EB745D2-LeaderElection322: begin an election at term 345 for -1: [50423279-f647-4a18-8e85-347d68eaf856:192.168.69.88:39583, 2ec85f63-33fb-4317-9145-71357d145af9:192.168.69.88:42357, 25d6372c-77fd-4a39-ac2a-e48debad48df:192.168.69.88:39591], old=null
2019-10-15 16:12:16,004 [25d6372c-77fd-4a39-ac2a-e48debad48df@group-B2671EB745D2-LeaderElection322] INFO  impl.LeaderElection (LeaderElection.java:logAndReturn(56)) - 25d6372c-77fd-4a39-ac2a-e48debad48df@group-B2671EB745D2-LeaderElection322: Election TIMEOUT; received 0 response(s) [] and 0 exception(s); 25d6372c-77fd-4a39-ac2a-e48debad48df@group-B2671EB745D2:t345, leader=null, voted=25d6372c-77fd-4a39-ac2a-e48debad48df, raftlog=25d6372c-77fd-4a39-ac2a-e48debad48df@group-B2671EB745D2-SegmentedRaftLog:OPENED:c-1,f-1,i0, conf=-1: [50423279-f647-4a18-8e85-347d68eaf856:192.168.69.88:39583, 2ec85f63-33fb-4317-9145-71357d145af9:192.168.69.88:42357, 25d6372c-77fd-4a39-ac2a-e48debad48df:192.168.69.88:39591], old=null
2019-10-15 16:12:16,006 [grpc-default-executor-0] INFO  impl.RaftServerImpl (RaftServerImpl.java:setRole(184)) - 50423279-f647-4a18-8e85-347d68eaf856@group-B2671EB745D2: changes role from  FOLLOWER to FOLLOWER at term 345 for recognizeCandidate:25d6372c-77fd-4a39-ac2a-e48debad48df
2019-10-15 16:12:16,006 [grpc-default-executor-0] INFO  impl.RoleInfo (RoleInfo.java:shutdownFollowerState(121)) - 50423279-f647-4a18-8e85-347d68eaf856: shutdown FollowerState
2019-10-15 16:12:16,006 [grpc-default-executor-5] INFO  impl.RaftServerImpl (RaftServerImpl.java:setRole(184)) - 2ec85f63-33fb-4317-9145-71357d145af9@group-B2671EB745D2: changes role from  FOLLOWER to FOLLOWER at term 345 for recognizeCandidate:25d6372c-77fd-4a39-ac2a-e48debad48df
2019-10-15 16:12:16,006 [grpc-default-executor-0] INFO  impl.RoleInfo (RoleInfo.java:updateAndGet(143)) - 50423279-f647-4a18-8e85-347d68eaf856: start FollowerState
2019-10-15 16:12:16,006 [Thread-2335] INFO  impl.FollowerState (FollowerState.java:run(117)) - 50423279-f647-4a18-8e85-347d68eaf856@group-B2671EB745D2-FollowerState was interrupted: java.lang.InterruptedException: sleep interrupted
2019-10-15 16:12:16,006 [grpc-default-executor-5] INFO  impl.RoleInfo (RoleInfo.java:shutdownFollowerState(121)) - 2ec85f63-33fb-4317-9145-71357d145af9: shutdown FollowerState
2019-10-15 16:12:16,007 [grpc-default-executor-5] INFO  impl.RoleInfo (RoleInfo.java:updateAndGet(143)) - 2ec85f63-33fb-4317-9145-71357d145af9: start FollowerState
2019-10-15 16:12:16,007 [Thread-2336] INFO  impl.FollowerState (FollowerState.java:run(117)) - 2ec85f63-33fb-4317-9145-71357d145af9@group-B2671EB745D2-FollowerState was interrupted: java.lang.InterruptedException: sleep interrupted
2019-10-15 16:12:16,019 [25d6372c-77fd-4a39-ac2a-e48debad48df@group-B2671EB745D2-LeaderElection322] INFO  impl.LeaderElection (LeaderElection.java:askForVotes(178)) - 25d6372c-77fd-4a39-ac2a-e48debad48df@group-B2671EB745D2-LeaderElection322: begin an election at term 346 for -1: [50423279-f647-4a18-8e85-347d68eaf856:192.168.69.88:39583, 2ec85f63-33fb-4317-9145-71357d145af9:192.168.69.88:42357, 25d6372c-77fd-4a39-ac2a-e48debad48df:192.168.69.88:39591], old=null
2019-10-15 16:12:16,021 [grpc-default-executor-5] INFO  impl.RaftServerImpl (RaftServerImpl.java:setRole(184)) - 2ec85f63-33fb-4317-9145-71357d145af9@group-B2671EB745D2: changes role from  FOLLOWER to FOLLOWER at term 346 for recognizeCandidate:25d6372c-77fd-4a39-ac2a-e48debad48df
2019-10-15 16:12:16,021 [grpc-default-executor-5] INFO  impl.RoleInfo (RoleInfo.java:shutdownFollowerState(121)) - 2ec85f63-33fb-4317-9145-71357d145af9: shutdown FollowerState
2019-10-15 16:12:16,021 [grpc-default-executor-5] INFO  impl.RoleInfo (RoleInfo.java:updateAndGet(143)) - 2ec85f63-33fb-4317-9145-71357d145af9: start FollowerState
2019-10-15 16:12:16,021 [Thread-2344] INFO  impl.FollowerState (FollowerState.java:run(117)) - 2ec85f63-33fb-4317-9145-71357d145af9@group-B2671EB745D2-FollowerState was interrupted: java.lang.InterruptedException: sleep interrupted
2019-10-15 16:12:16,023 [grpc-default-executor-0] INFO  impl.RaftServerImpl (RaftServerImpl.java:setRole(184)) - 50423279-f647-4a18-8e85-347d68eaf856@group-B2671EB745D2: changes role from  FOLLOWER to FOLLOWER at term 346 for recognizeCandidate:25d6372c-77fd-4a39-ac2a-e48debad48df
2019-10-15 16:12:16,023 [grpc-default-executor-0] INFO  impl.RoleInfo (RoleInfo.java:shutdownFollowerState(121)) - 50423279-f647-4a18-8e85-347d68eaf856: shutdown FollowerState
2019-10-15 16:12:16,023 [grpc-default-executor-0] INFO  impl.RoleInfo (RoleInfo.java:updateAndGet(143)) - 50423279-f647-4a18-8e85-347d68eaf856: start FollowerState
2019-10-15 16:12:16,024 [Thread-2343] INFO  impl.FollowerState (FollowerState.java:run(117)) - 50423279-f647-4a18-8e85-347d68eaf856@group-B2671EB745D2-FollowerState was interrupted: java.lang.InterruptedException: sleep interrupted
2019-10-15 16:12:16,035 [25d6372c-77fd-4a39-ac2a-e48debad48df@group-B2671EB745D2-LeaderElection322] INFO  impl.LeaderElection (LeaderElection.java:logAndReturn(56)) - 25d6372c-77fd-4a39-ac2a-e48debad48df@group-B2671EB745D2-LeaderElection322: Election REJECTED; received 2 response(s) [25d6372c-77fd-4a39-ac2a-e48debad48df<-2ec85f63-33fb-4317-9145-71357d145af9#0:FAIL-t346, 25d6372c-77fd-4a39-ac2a-e48debad48df<-50423279-f647-4a18-8e85-347d68eaf856#0:FAIL-t346] and 0 exception(s); 25d6372c-77fd-4a39-ac2a-e48debad48df@group-B2671EB745D2:t346, leader=null, voted=25d6372c-77fd-4a39-ac2a-e48debad48df, raftlog=25d6372c-77fd-4a39-ac2a-e48debad48df@group-B2671EB745D2-SegmentedRaftLog:OPENED:c-1,f-1,i0, conf=-1: [50423279-f647-4a18-8e85-347d68eaf856:192.168.69.88:39583, 2ec85f63-33fb-4317-9145-71357d145af9:192.168.69.88:42357, 25d6372c-77fd-4a39-ac2a-e48debad48df:192.168.69.88:39591], old=null
2019-10-15 16:12:16,035 [25d6372c-77fd-4a39-ac2a-e48debad48df@group-B2671EB745D2-LeaderElection322] INFO  impl.RaftServerImpl (RaftServerImpl.java:setRole(184)) - 25d6372c-77fd-4a39-ac2a-e48debad48df@group-B2671EB745D2: changes role from CANDIDATE to FOLLOWER at term 346 for DISCOVERED_A_NEW_TERM
2019-10-15 16:12:16,035 [25d6372c-77fd-4a39-ac2a-e48debad48df@group-B2671EB745D2-LeaderElection322] INFO  impl.RoleInfo (RoleInfo.java:shutdownLeaderElection(134)) - 25d6372c-77fd-4a39-ac2a-e48debad48df: shutdown LeaderElection
2019-10-15 16:12:16,036 [25d6372c-77fd-4a39-ac2a-e48debad48df@group-B2671EB745D2-LeaderElection322] INFO  impl.RoleInfo (RoleInfo.java:updateAndGet(143)) - 25d6372c-77fd-4a39-ac2a-e48debad48df: start FollowerState
2019-10-15 16:12:16,066 [Thread-2349] INFO  impl.FollowerState (FollowerState.java:run(108)) - 25d6372c-77fd-4a39-ac2a-e48debad48df@group-B2671EB745D2-FollowerState: change to CANDIDATE, lastRpcTime:30ms, electionTimeout:30ms
2019-10-15 16:12:16,066 [Thread-2349] INFO  impl.RoleInfo (RoleInfo.java:shutdownFollowerState(121)) - 25d6372c-77fd-4a39-ac2a-e48debad48df: shutdown FollowerState
2019-10-15 16:12:16,066 [Thread-2349] INFO  impl.RaftServerImpl (RaftServerImpl.java:setRole(184)) - 25d6372c-77fd-4a39-ac2a-e48debad48df@group-B2671EB745D2: changes role from  FOLLOWER to CANDIDATE at term 346 for changeToCandidate
2019-10-15 16:12:16,066 [Thread-2349] INFO  impl.RoleInfo (RoleInfo.java:updateAndGet(143)) - 25d6372c-77fd-4a39-ac2a-e48debad48df: start LeaderElection
2019-10-15 16:12:16,070 [25d6372c-77fd-4a39-ac2a-e48debad48df@group-B2671EB745D2-LeaderElection323] INFO  impl.LeaderElection (LeaderElection.java:askForVotes(178)) - 25d6372c-77fd-4a39-ac2a-e48debad48df@group-B2671EB745D2-LeaderElection323: begin an election at term 347 for -1: [50423279-f647-4a18-8e85-347d68eaf856:192.168.69.88:39583, 2ec85f63-33fb-4317-9145-71357d145af9:192.168.69.88:42357, 25d6372c-77fd-4a39-ac2a-e48debad48df:192.168.69.88:39591], old=null
2019-10-15 16:12:16,071 [grpc-default-executor-5] INFO  impl.RaftServerImpl (RaftServerImpl.java:setRole(184)) - 50423279-f647-4a18-8e85-347d68eaf856@group-B2671EB745D2: changes role from  FOLLOWER to FOLLOWER at term 347 for recognizeCandidate:25d6372c-77fd-4a39-ac2a-e48debad48df
2019-10-15 16:12:16,071 [grpc-default-executor-0] INFO  impl.RaftServerImpl (RaftServerImpl.java:setRole(184)) - 2ec85f63-33fb-4317-9145-71357d145af9@group-B2671EB745D2: changes role from  FOLLOWER to FOLLOWER at term 347 for recognizeCandidate:25d6372c-77fd-4a39-ac2a-e48debad48df
2019-10-15 16:12:16,071 [grpc-default-executor-5] INFO  impl.RoleInfo (RoleInfo.java:shutdownFollowerState(121)) - 50423279-f647-4a18-8e85-347d68eaf856: shutdown FollowerState
2019-10-15 16:12:16,072 [grpc-default-executor-0] INFO  impl.RoleInfo (RoleInfo.java:shutdownFollowerState(121)) - 2ec85f63-33fb-4317-9145-71357d145af9: shutdown FollowerState
2019-10-15 16:12:16,072 [grpc-default-executor-5] INFO  impl.RoleInfo (RoleInfo.java:updateAndGet(143)) - 50423279-f647-4a18-8e85-347d68eaf856: start FollowerState
2019-10-15 16:12:16,072 [Thread-2347] INFO  impl.FollowerState (FollowerState.java:run(117)) - 2ec85f63-33fb-4317-9145-71357d145af9@group-B2671EB745D2-FollowerState was interrupted: java.lang.InterruptedException: sleep interrupted
2019-10-15 16:12:16,072 [grpc-default-executor-0] INFO  impl.RoleInfo (RoleInfo.java:updateAndGet(143)) - 2ec85f63-33fb-4317-9145-71357d145af9: start FollowerState
2019-10-15 16:12:16,072 [Thread-2348] INFO  impl.FollowerState (FollowerState.java:run(117)) - 50423279-f647-4a18-8e85-347d68eaf856@group-B2671EB745D2-FollowerState was interrupted: java.lang.InterruptedException: sleep interrupted
2019-10-15 16:12:16,076 [25d6372c-77fd-4a39-ac2a-e48debad48df@group-B2671EB745D2-LeaderElection323] INFO  impl.LeaderElection (LeaderElection.java:logAndReturn(56)) - 25d6372c-77fd-4a39-ac2a-e48debad48df@group-B2671EB745D2-LeaderElection323: Election REJECTED; received 2 response(s) [25d6372c-77fd-4a39-ac2a-e48debad48df<-2ec85f63-33fb-4317-9145-71357d145af9#0:FAIL-t347, 25d6372c-77fd-4a39-ac2a-e48debad48df<-50423279-f647-4a18-8e85-347d68eaf856#0:FAIL-t347] and 0 exception(s); 25d6372c-77fd-4a39-ac2a-e48debad48df@group-B2671EB745D2:t347, leader=null, voted=25d6372c-77fd-4a39-ac2a-e48debad48df, raftlog=25d6372c-77fd-4a39-ac2a-e48debad48df@group-B2671EB745D2-SegmentedRaftLog:OPENED:c-1,f-1,i0, conf=-1: [50423279-f647-4a18-8e85-347d68eaf856:192.168.69.88:39583, 2ec85f63-33fb-4317-9145-71357d145af9:192.168.69.88:42357, 25d6372c-77fd-4a39-ac2a-e48debad48df:192.168.69.88:39591], old=null
2019-10-15 16:12:16,076 [25d6372c-77fd-4a39-ac2a-e48debad48df@group-B2671EB745D2-LeaderElection323] INFO  impl.RaftServerImpl (RaftServerImpl.java:setRole(184)) - 25d6372c-77fd-4a39-ac2a-e48debad48df@group-B2671EB745D2: changes role from CANDIDATE to FOLLOWER at term 347 for DISCOVERED_A_NEW_TERM
2019-10-15 16:12:16,076 [25d6372c-77fd-4a39-ac2a-e48debad48df@group-B2671EB745D2-LeaderElection323] INFO  impl.RoleInfo (RoleInfo.java:shutdownLeaderElection(134)) - 25d6372c-77fd-4a39-ac2a-e48debad48df: shutdown LeaderElection
2019-10-15 16:12:16,076 [25d6372c-77fd-4a39-ac2a-e48debad48df@group-B2671EB745D2-LeaderElection323] INFO  impl.RoleInfo (RoleInfo.java:updateAndGet(143)) - 25d6372c-77fd-4a39-ac2a-e48debad48df: start FollowerState
2019-10-15 16:12:16,143 [Thread-2355] INFO  impl.FollowerState (FollowerState.java:run(108)) - 25d6372c-77fd-4a39-ac2a-e48debad48df@group-B2671EB745D2-FollowerState: change to CANDIDATE, lastRpcTime:66ms, electionTimeout:66ms
2019-10-15 16:12:16,143 [Thread-2355] INFO  impl.RoleInfo (RoleInfo.java:shutdownFollowerState(121)) - 25d6372c-77fd-4a39-ac2a-e48debad48df: shutdown FollowerState
2019-10-15 16:12:16,143 [Thread-2355] INFO  impl.RaftServerImpl (RaftServerImpl.java:setRole(184)) - 25d6372c-77fd-4a39-ac2a-e48debad48df@group-B2671EB745D2: changes role from  FOLLOWER to CANDIDATE at term 347 for changeToCandidate
2019-10-15 16:12:16,143 [Thread-2355] INFO  impl.RoleInfo (RoleInfo.java:updateAndGet(143)) - 25d6372c-77fd-4a39-ac2a-e48debad48df: start LeaderElection
2019-10-15 16:12:16,157 [25d6372c-77fd-4a39-ac2a-e48debad48df@group-B2671EB745D2-LeaderElection324] INFO  impl.LeaderElection (LeaderElection.java:askForVotes(178)) - 25d6372c-77fd-4a39-ac2a-e48debad48df@group-B2671EB745D2-LeaderElection324: begin an election at term 348 for -1: [50423279-f647-4a18-8e85-347d68eaf856:192.168.69.88:39583, 2ec85f63-33fb-4317-9145-71357d145af9:192.168.69.88:42357, 25d6372c-77fd-4a39-ac2a-e48debad48df:192.168.69.88:39591], old=null
2019-10-15 16:12:16,159 [grpc-default-executor-0] INFO  impl.RaftServerImpl (RaftServerImpl.java:setRole(184)) - 50423279-f647-4a18-8e85-347d68eaf856@group-B2671EB745D2: changes role from  FOLLOWER to FOLLOWER at term 348 for recognizeCandidate:25d6372c-77fd-4a39-ac2a-e48debad48df
2019-10-15 16:12:16,159 [grpc-default-executor-0] INFO  impl.RoleInfo (RoleInfo.java:shutdownFollowerState(121)) - 50423279-f647-4a18-8e85-347d68eaf856: shutdown FollowerState
2019-10-15 16:12:16,159 [grpc-default-executor-0] INFO  impl.RoleInfo (RoleInfo.java:updateAndGet(143)) - 50423279-f647-4a18-8e85-347d68eaf856: start FollowerState
2019-10-15 16:12:16,159 [Thread-2353] INFO  impl.FollowerState (FollowerState.java:run(117)) - 50423279-f647-4a18-8e85-347d68eaf856@group-B2671EB745D2-FollowerState was interrupted: java.lang.InterruptedException: sleep interrupted
2019-10-15 16:12:16,159 [grpc-default-executor-5] INFO  impl.RaftServerImpl (RaftServerImpl.java:setRole(184)) - 2ec85f63-33fb-4317-9145-71357d145af9@group-B2671EB745D2: changes role from  FOLLOWER to FOLLOWER at term 348 for recognizeCandidate:25d6372c-77fd-4a39-ac2a-e48debad48df
2019-10-15 16:12:16,160 [grpc-default-executor-5] INFO  impl.RoleInfo (RoleInfo.java:shutdownFollowerState(121)) - 2ec85f63-33fb-4317-9145-71357d145af9: shutdown FollowerState
2019-10-15 16:12:16,160 [grpc-default-executor-5] INFO  impl.RoleInfo (RoleInfo.java:updateAndGet(143)) - 2ec85f63-33fb-4317-9145-71357d145af9: start FollowerState
2019-10-15 16:12:16,160 [Thread-2354] INFO  impl.FollowerState (FollowerState.java:run(117)) - 2ec85f63-33fb-4317-9145-71357d145af9@group-B2671EB745D2-FollowerState was interrupted: java.lang.InterruptedException: sleep interrupted
2019-10-15 16:12:16,174 [25d6372c-77fd-4a39-ac2a-e48debad48df@group-B2671EB745D2-LeaderElection324] INFO  impl.LeaderElection (LeaderElection.java:logAndReturn(56)) - 25d6372c-77fd-4a39-ac2a-e48debad48df@group-B2671EB745D2-LeaderElection324: Election REJECTED; received 2 response(s) [25d6372c-77fd-4a39-ac2a-e48debad48df<-2ec85f63-33fb-4317-9145-71357d145af9#0:FAIL-t348, 25d6372c-77fd-4a39-ac2a-e48debad48df<-50423279-f647-4a18-8e85-347d68eaf856#0:FAIL-t348] and 0 exception(s); 25d6372c-77fd-4a39-ac2a-e48debad48df@group-B2671EB745D2:t348, leader=null, voted=25d6372c-77fd-4a39-ac2a-e48debad48df, raftlog=25d6372c-77fd-4a39-ac2a-e48debad48df@group-B2671EB745D2-SegmentedRaftLog:OPENED:c-1,f-1,i0, conf=-1: [50423279-f647-4a18-8e85-347d68eaf856:192.168.69.88:39583, 2ec85f63-33fb-4317-9145-71357d145af9:192.168.69.88:42357, 25d6372c-77fd-4a39-ac2a-e48debad48df:192.168.69.88:39591], old=null
2019-10-15 16:12:16,174 [25d6372c-77fd-4a39-ac2a-e48debad48df@group-B2671EB745D2-LeaderElection324] INFO  impl.RaftServerImpl (RaftServerImpl.java:setRole(184)) - 25d6372c-77fd-4a39-ac2a-e48debad48df@group-B2671EB745D2: changes role from CANDIDATE to FOLLOWER at term 348 for DISCOVERED_A_NEW_TERM
2019-10-15 16:12:16,174 [25d6372c-77fd-4a39-ac2a-e48debad48df@group-B2671EB745D2-LeaderElection324] INFO  impl.RoleInfo (RoleInfo.java:shutdownLeaderElection(134)) - 25d6372c-77fd-4a39-ac2a-e48debad48df: shutdown LeaderElection
2019-10-15 16:12:16,174 [25d6372c-77fd-4a39-ac2a-e48debad48df@group-B2671EB745D2-LeaderElection324] INFO  impl.RoleInfo (RoleInfo.java:updateAndGet(143)) - 25d6372c-77fd-4a39-ac2a-e48debad48df: start FollowerState
2019-10-15 16:12:16,177 [Thread-2361] INFO  impl.FollowerState (FollowerState.java:run(108)) - 25d6372c-77fd-4a39-ac2a-e48debad48df@group-B2671EB745D2-FollowerState: change to CANDIDATE, lastRpcTime:2ms, electionTimeout:2ms
2019-10-15 16:12:16,177 [Thread-2361] INFO  impl.RoleInfo (RoleInfo.java:shutdownFollowerState(121)) - 25d6372c-77fd-4a39-ac2a-e48debad48df: shutdown FollowerState
2019-10-15 16:12:16,177 [Thread-2361] INFO  impl.RaftServerImpl (RaftServerImpl.java:setRole(184)) - 25d6372c-77fd-4a39-ac2a-e48debad48df@group-B2671EB745D2: changes role from  FOLLOWER to CANDIDATE at term 348 for changeToCandidate
2019-10-15 16:12:16,177 [Thread-2361] INFO  impl.RoleInfo (RoleInfo.java:updateAndGet(143)) - 25d6372c-77fd-4a39-ac2a-e48debad48df: start LeaderElection
2019-10-15 16:12:16,189 [25d6372c-77fd-4a39-ac2a-e48debad48df@group-B2671EB745D2-LeaderElection325] INFO  impl.LeaderElection (LeaderElection.java:askForVotes(178)) - 25d6372c-77fd-4a39-ac2a-e48debad48df@group-B2671EB745D2-LeaderElection325: begin an election at term 349 for -1: [50423279-f647-4a18-8e85-347d68eaf856:192.168.69.88:39583, 2ec85f63-33fb-4317-9145-71357d145af9:192.168.69.88:42357, 25d6372c-77fd-4a39-ac2a-e48debad48df:192.168.69.88:39591], old=null
2019-10-15 16:12:16,192 [grpc-default-executor-0] INFO  impl.RaftServerImpl (RaftServerImpl.java:setRole(184)) - 2ec85f63-33fb-4317-9145-71357d145af9@group-B2671EB745D2: changes role from  FOLLOWER to FOLLOWER at term 349 for recognizeCandidate:25d6372c-77fd-4a39-ac2a-e48debad48df
2019-10-15 16:12:16,192 [grpc-default-executor-0] INFO  impl.RoleInfo (RoleInfo.java:shutdownFollowerState(121)) - 2ec85f63-33fb-4317-9145-71357d145af9: shutdown FollowerState
2019-10-15 16:12:16,192 [grpc-default-executor-0] INFO  impl.RoleInfo (RoleInfo.java:updateAndGet(143)) - 2ec85f63-33fb-4317-9145-71357d145af9: start FollowerState
2019-10-15 16:12:16,192 [Thread-2360] INFO  impl.FollowerState (FollowerState.java:run(117)) - 2ec85f63-33fb-4317-9145-71357d145af9@group-B2671EB745D2-FollowerState was interrupted: java.lang.InterruptedException: sleep interrupted
2019-10-15 16:12:16,192 [grpc-default-executor-5] INFO  impl.RaftServerImpl (RaftServerImpl.java:setRole(184)) - 50423279-f647-4a18-8e85-347d68eaf856@group-B2671EB745D2: changes role from  FOLLOWER to FOLLOWER at term 349 for recognizeCandidate:25d6372c-77fd-4a39-ac2a-e48debad48df
2019-10-15 16:12:16,192 [grpc-default-executor-5] INFO  impl.RoleInfo (RoleInfo.java:shutdownFollowerState(121)) - 50423279-f647-4a18-8e85-347d68eaf856: shutdown FollowerState
2019-10-15 16:12:16,192 [grpc-default-executor-5] INFO  impl.RoleInfo (RoleInfo.java:updateAndGet(143)) - 50423279-f647-4a18-8e85-347d68eaf856: start FollowerState
2019-10-15 16:12:16,192 [Thread-2359] INFO  impl.FollowerState (FollowerState.java:run(117)) - 50423279-f647-4a18-8e85-347d68eaf856@group-B2671EB745D2-FollowerState was interrupted: java.lang.InterruptedException: sleep interrupted
2019-10-15 16:12:16,208 [25d6372c-77fd-4a39-ac2a-e48debad48df@group-B2671EB745D2-LeaderElection325] INFO  impl.LeaderElection (LeaderElection.java:logAndReturn(56)) - 25d6372c-77fd-4a39-ac2a-e48debad48df@group-B2671EB745D2-LeaderElection325: Election REJECTED; received 2 response(s) [25d6372c-77fd-4a39-ac2a-e48debad48df<-2ec85f63-33fb-4317-9145-71357d145af9#0:FAIL-t349, 25d6372c-77fd-4a39-ac2a-e48debad48df<-50423279-f647-4a18-8e85-347d68eaf856#0:FAIL-t349] and 0 exception(s); 25d6372c-77fd-4a39-ac2a-e48debad48df@group-B2671EB745D2:t349, leader=null, voted=25d6372c-77fd-4a39-ac2a-e48debad48df, raftlog=25d6372c-77fd-4a39-ac2a-e48debad48df@group-B2671EB745D2-SegmentedRaftLog:OPENED:c-1,f-1,i0, conf=-1: [50423279-f647-4a18-8e85-347d68eaf856:192.168.69.88:39583, 2ec85f63-33fb-4317-9145-71357d145af9:192.168.69.88:42357, 25d6372c-77fd-4a39-ac2a-e48debad48df:192.168.69.88:39591], old=null
2019-10-15 16:12:16,209 [25d6372c-77fd-4a39-ac2a-e48debad48df@group-B2671EB745D2-LeaderElection325] INFO  impl.RaftServerImpl (RaftServerImpl.java:setRole(184)) - 25d6372c-77fd-4a39-ac2a-e48debad48df@group-B2671EB745D2: changes role from CANDIDATE to FOLLOWER at term 349 for DISCOVERED_A_NEW_TERM
2019-10-15 16:12:16,209 [25d6372c-77fd-4a39-ac2a-e48debad48df@group-B2671EB745D2-LeaderElection325] INFO  impl.RoleInfo (RoleInfo.java:shutdownLeaderElection(134)) - 25d6372c-77fd-4a39-ac2a-e48debad48df: shutdown LeaderElection
2019-10-15 16:12:16,209 [25d6372c-77fd-4a39-ac2a-e48debad48df@group-B2671EB745D2-LeaderElection325] INFO  impl.RoleInfo (RoleInfo.java:updateAndGet(143)) - 25d6372c-77fd-4a39-ac2a-e48debad48df: start FollowerState
2019-10-15 16:12:16,319 [Thread-2367] INFO  impl.FollowerState (FollowerState.java:run(108)) - 25d6372c-77fd-4a39-ac2a-e48debad48df@group-B2671EB745D2-FollowerState: change to CANDIDATE, lastRpcTime:110ms, electionTimeout:110ms
2019-10-15 16:12:16,319 [Thread-2367] INFO  impl.RoleInfo (RoleInfo.java:shutdownFollowerState(121)) - 25d6372c-77fd-4a39-ac2a-e48debad48df: shutdown FollowerState
2019-10-15 16:12:16,319 [Thread-2367] INFO  impl.RaftServerImpl (RaftServerImpl.java:setRole(184)) - 25d6372c-77fd-4a39-ac2a-e48debad48df@group-B2671EB745D2: changes role from  FOLLOWER to CANDIDATE at term 349 for changeToCandidate
2019-10-15 16:12:16,320 [Thread-2367] INFO  impl.RoleInfo (RoleInfo.java:updateAndGet(143)) - 25d6372c-77fd-4a39-ac2a-e48debad48df: start LeaderElection
2019-10-15 16:12:16,333 [25d6372c-77fd-4a39-ac2a-e48debad48df@group-B2671EB745D2-LeaderElection326] INFO  impl.LeaderElection (LeaderElection.java:askForVotes(178)) - 25d6372c-77fd-4a39-ac2a-e48debad48df@group-B2671EB745D2-LeaderElection326: begin an election at term 350 for -1: [50423279-f647-4a18-8e85-347d68eaf856:192.168.69.88:39583, 2ec85f63-33fb-4317-9145-71357d145af9:192.168.69.88:42357, 25d6372c-77fd-4a39-ac2a-e48debad48df:192.168.69.88:39591], old=null
2019-10-15 16:12:16,334 [grpc-default-executor-5] INFO  impl.RaftServerImpl (RaftServerImpl.java:setRole(184)) - 2ec85f63-33fb-4317-9145-71357d145af9@group-B2671EB745D2: changes role from  FOLLOWER to FOLLOWER at term 350 for recognizeCandidate:25d6372c-77fd-4a39-ac2a-e48debad48df
2019-10-15 16:12:16,334 [grpc-default-executor-5] INFO  impl.RoleInfo (RoleInfo.java:shutdownFollowerState(121)) - 2ec85f63-33fb-4317-9145-71357d145af9: shutdown FollowerState
2019-10-15 16:12:16,335 [grpc-default-executor-0] INFO  impl.RaftServerImpl (RaftServerImpl.java:setRole(184)) - 50423279-f647-4a18-8e85-347d68eaf856@group-B2671EB745D2: changes role from  FOLLOWER to FOLLOWER at term 350 for recognizeCandidate:25d6372c-77fd-4a39-ac2a-e48debad48df
2019-10-15 16:12:16,335 [Thread-2365] INFO  impl.FollowerState (FollowerState.java:run(117)) - 2ec85f63-33fb-4317-9145-71357d145af9@group-B2671EB745D2-FollowerState was interrupted: java.lang.InterruptedException: sleep interrupted
2019-10-15 16:12:16,335 [grpc-default-executor-5] INFO  impl.RoleInfo (RoleInfo.java:updateAndGet(143)) - 2ec85f63-33fb-4317-9145-71357d145af9: start FollowerState
2019-10-15 16:12:16,335 [grpc-default-executor-0] INFO  impl.RoleInfo (RoleInfo.java:shutdownFollowerState(121)) - 50423279-f647-4a18-8e85-347d68eaf856: shutdown FollowerState
2019-10-15 16:12:16,335 [grpc-default-executor-0] INFO  impl.RoleInfo (RoleInfo.java:updateAndGet(143)) - 50423279-f647-4a18-8e85-347d68eaf856: start FollowerState
2019-10-15 16:12:16,335 [Thread-2366] INFO  impl.FollowerState (FollowerState.java:run(117)) - 50423279-f647-4a18-8e85-347d68eaf856@group-B2671EB745D2-FollowerState was interrupted: java.lang.InterruptedException: sleep interrupted
2019-10-15 16:12:16,350 [25d6372c-77fd-4a39-ac2a-e48debad48df@group-B2671EB745D2-LeaderElection326] INFO  impl.LeaderElection (LeaderElection.java:logAndReturn(56)) - 25d6372c-77fd-4a39-ac2a-e48debad48df@group-B2671EB745D2-LeaderElection326: Election REJECTED; received 2 response(s) [25d6372c-77fd-4a39-ac2a-e48debad48df<-2ec85f63-33fb-4317-9145-71357d145af9#0:FAIL-t350, 25d6372c-77fd-4a39-ac2a-e48debad48df<-50423279-f647-4a18-8e85-347d68eaf856#0:FAIL-t350] and 0 exception(s); 25d6372c-77fd-4a39-ac2a-e48debad48df@group-B2671EB745D2:t350, leader=null, voted=25d6372c-77fd-4a39-ac2a-e48debad48df, raftlog=25d6372c-77fd-4a39-ac2a-e48debad48df@group-B2671EB745D2-SegmentedRaftLog:OPENED:c-1,f-1,i0, conf=-1: [50423279-f647-4a18-8e85-347d68eaf856:192.168.69.88:39583, 2ec85f63-33fb-4317-9145-71357d145af9:192.168.69.88:42357, 25d6372c-77fd-4a39-ac2a-e48debad48df:192.168.69.88:39591], old=null
2019-10-15 16:12:16,350 [25d6372c-77fd-4a39-ac2a-e48debad48df@group-B2671EB745D2-LeaderElection326] INFO  impl.RaftServerImpl (RaftServerImpl.java:setRole(184)) - 25d6372c-77fd-4a39-ac2a-e48debad48df@group-B2671EB745D2: changes role from CANDIDATE to FOLLOWER at term 350 for DISCOVERED_A_NEW_TERM
2019-10-15 16:12:16,350 [25d6372c-77fd-4a39-ac2a-e48debad48df@group-B2671EB745D2-LeaderElection326] INFO  impl.RoleInfo (RoleInfo.java:shutdownLeaderElection(134)) - 25d6372c-77fd-4a39-ac2a-e48debad48df: shutdown LeaderElection
2019-10-15 16:12:16,350 [25d6372c-77fd-4a39-ac2a-e48debad48df@group-B2671EB745D2-LeaderElection326] INFO  impl.RoleInfo (RoleInfo.java:updateAndGet(143)) - 25d6372c-77fd-4a39-ac2a-e48debad48df: start FollowerState
2019-10-15 16:12:16,540 [Thread-2373] INFO  impl.FollowerState (FollowerState.java:run(108)) - 25d6372c-77fd-4a39-ac2a-e48debad48df@group-B2671EB745D2-FollowerState: change to CANDIDATE, lastRpcTime:190ms, electionTimeout:190ms
2019-10-15 16:12:16,540 [Thread-2373] INFO  impl.RoleInfo (RoleInfo.java:shutdownFollowerState(121)) - 25d6372c-77fd-4a39-ac2a-e48debad48df: shutdown FollowerState
2019-10-15 16:12:16,541 [Thread-2373] INFO  impl.RaftServerImpl (RaftServerImpl.java:setRole(184)) - 25d6372c-77fd-4a39-ac2a-e48debad48df@group-B2671EB745D2: changes role from  FOLLOWER to CANDIDATE at term 350 for changeToCandidate
2019-10-15 16:12:16,541 [Thread-2373] INFO  impl.RoleInfo (RoleInfo.java:updateAndGet(143)) - 25d6372c-77fd-4a39-ac2a-e48debad48df: start LeaderElection
2019-10-15 16:12:16,554 [25d6372c-77fd-4a39-ac2a-e48debad48df@group-B2671EB745D2-LeaderElection327] INFO  impl.LeaderElection (LeaderElection.java:askForVotes(178)) - 25d6372c-77fd-4a39-ac2a-e48debad48df@group-B2671EB745D2-LeaderElection327: begin an election at term 351 for -1: [50423279-f647-4a18-8e85-347d68eaf856:192.168.69.88:39583, 2ec85f63-33fb-4317-9145-71357d145af9:192.168.69.88:42357, 25d6372c-77fd-4a39-ac2a-e48debad48df:192.168.69.88:39591], old=null
2019-10-15 16:12:16,556 [grpc-default-executor-5] INFO  impl.RaftServerImpl (RaftServerImpl.java:setRole(184)) - 2ec85f63-33fb-4317-9145-71357d145af9@group-B2671EB745D2: changes role from  FOLLOWER to FOLLOWER at term 351 for recognizeCandidate:25d6372c-77fd-4a39-ac2a-e48debad48df
2019-10-15 16:12:16,556 [grpc-default-executor-0] INFO  impl.RaftServerImpl (RaftServerImpl.java:setRole(184)) - 50423279-f647-4a18-8e85-347d68eaf856@group-B2671EB745D2: changes role from  FOLLOWER to FOLLOWER at term 351 for recognizeCandidate:25d6372c-77fd-4a39-ac2a-e48debad48df
2019-10-15 16:12:16,556 [grpc-default-executor-5] INFO  impl.RoleInfo (RoleInfo.java:shutdownFollowerState(121)) - 2ec85f63-33fb-4317-9145-71357d145af9: shutdown FollowerState
2019-10-15 16:12:16,556 [grpc-default-executor-0] INFO  impl.RoleInfo (RoleInfo.java:shutdownFollowerState(121)) - 50423279-f647-4a18-8e85-347d68eaf856: shutdown FollowerState
2019-10-15 16:12:16,556 [Thread-2371] INFO  impl.FollowerState (FollowerState.java:run(117)) - 2ec85f63-33fb-4317-9145-71357d145af9@group-B2671EB745D2-FollowerState was interrupted: java.lang.InterruptedException: sleep interrupted
2019-10-15 16:12:16,556 [grpc-default-executor-5] INFO  impl.RoleInfo (RoleInfo.java:updateAndGet(143)) - 2ec85f63-33fb-4317-9145-71357d145af9: start FollowerState
2019-10-15 16:12:16,556 [Thread-2372] INFO  impl.FollowerState (FollowerState.java:run(117)) - 50423279-f647-4a18-8e85-347d68eaf856@group-B2671EB745D2-FollowerState was interrupted: java.lang.InterruptedException: sleep interrupted
2019-10-15 16:12:16,556 [grpc-default-executor-0] INFO  impl.RoleInfo (RoleInfo.java:updateAndGet(143)) - 50423279-f647-4a18-8e85-347d68eaf856: start FollowerState
2019-10-15 16:12:16,561 [25d6372c-77fd-4a39-ac2a-e48debad48df@group-B2671EB745D2-LeaderElection327] INFO  impl.LeaderElection (LeaderElection.java:logAndReturn(56)) - 25d6372c-77fd-4a39-ac2a-e48debad48df@group-B2671EB745D2-LeaderElection327: Election REJECTED; received 2 response(s) [25d6372c-77fd-4a39-ac2a-e48debad48df<-2ec85f63-33fb-4317-9145-71357d145af9#0:FAIL-t351, 25d6372c-77fd-4a39-ac2a-e48debad48df<-50423279-f647-4a18-8e85-347d68eaf856#0:FAIL-t351] and 0 exception(s); 25d6372c-77fd-4a39-ac2a-e48debad48df@group-B2671EB745D2:t351, leader=null, voted=25d6372c-77fd-4a39-ac2a-e48debad48df, raftlog=25d6372c-77fd-4a39-ac2a-e48debad48df@group-B2671EB745D2-SegmentedRaftLog:OPENED:c-1,f-1,i0, conf=-1: [50423279-f647-4a18-8e85-347d68eaf856:192.168.69.88:39583, 2ec85f63-33fb-4317-9145-71357d145af9:192.168.69.88:42357, 25d6372c-77fd-4a39-ac2a-e48debad48df:192.168.69.88:39591], old=null
2019-10-15 16:12:16,561 [25d6372c-77fd-4a39-ac2a-e48debad48df@group-B2671EB745D2-LeaderElection327] INFO  impl.RaftServerImpl (RaftServerImpl.java:setRole(184)) - 25d6372c-77fd-4a39-ac2a-e48debad48df@group-B2671EB745D2: changes role from CANDIDATE to FOLLOWER at term 351 for DISCOVERED_A_NEW_TERM
2019-10-15 16:12:16,561 [25d6372c-77fd-4a39-ac2a-e48debad48df@group-B2671EB745D2-LeaderElection327] INFO  impl.RoleInfo (RoleInfo.java:shutdownLeaderElection(134)) - 25d6372c-77fd-4a39-ac2a-e48debad48df: shutdown LeaderElection
2019-10-15 16:12:16,561 [25d6372c-77fd-4a39-ac2a-e48debad48df@group-B2671EB745D2-LeaderElection327] INFO  impl.RoleInfo (RoleInfo.java:updateAndGet(143)) - 25d6372c-77fd-4a39-ac2a-e48debad48df: start FollowerState
2019-10-15 16:12:16,665 [Thread-2379] INFO  impl.FollowerState (FollowerState.java:run(108)) - 25d6372c-77fd-4a39-ac2a-e48debad48df@group-B2671EB745D2-FollowerState: change to CANDIDATE, lastRpcTime:104ms, electionTimeout:104ms
2019-10-15 16:12:16,665 [Thread-2379] INFO  impl.RoleInfo (RoleInfo.java:shutdownFollowerState(121)) - 25d6372c-77fd-4a39-ac2a-e48debad48df: shutdown FollowerState
2019-10-15 16:12:16,666 [Thread-2379] INFO  impl.RaftServerImpl (RaftServerImpl.java:setRole(184)) - 25d6372c-77fd-4a39-ac2a-e48debad48df@group-B2671EB745D2: changes role from  FOLLOWER to CANDIDATE at term 351 for changeToCandidate
2019-10-15 16:12:16,666 [Thread-2379] INFO  impl.RoleInfo (RoleInfo.java:updateAndGet(143)) - 25d6372c-77fd-4a39-ac2a-e48debad48df: start LeaderElection
2019-10-15 16:12:16,670 [25d6372c-77fd-4a39-ac2a-e48debad48df@group-B2671EB745D2-LeaderElection328] INFO  impl.LeaderElection (LeaderElection.java:askForVotes(178)) - 25d6372c-77fd-4a39-ac2a-e48debad48df@group-B2671EB745D2-LeaderElection328: begin an election at term 352 for -1: [50423279-f647-4a18-8e85-347d68eaf856:192.168.69.88:39583, 2ec85f63-33fb-4317-9145-71357d145af9:192.168.69.88:42357, 25d6372c-77fd-4a39-ac2a-e48debad48df:192.168.69.88:39591], old=null
2019-10-15 16:12:16,671 [grpc-default-executor-0] INFO  impl.RaftServerImpl (RaftServerImpl.java:setRole(184)) - 50423279-f647-4a18-8e85-347d68eaf856@group-B2671EB745D2: changes role from  FOLLOWER to FOLLOWER at term 352 for recognizeCandidate:25d6372c-77fd-4a39-ac2a-e48debad48df
2019-10-15 16:12:16,671 [grpc-default-executor-5] INFO  impl.RaftServerImpl (RaftServerImpl.java:setRole(184)) - 2ec85f63-33fb-4317-9145-71357d145af9@group-B2671EB745D2: changes role from  FOLLOWER to FOLLOWER at term 352 for recognizeCandidate:25d6372c-77fd-4a39-ac2a-e48debad48df
2019-10-15 16:12:16,672 [grpc-default-executor-5] INFO  impl.RoleInfo (RoleInfo.java:shutdownFollowerState(121)) - 2ec85f63-33fb-4317-9145-71357d145af9: shutdown FollowerState
2019-10-15 16:12:16,672 [grpc-default-executor-0] INFO  impl.RoleInfo (RoleInfo.java:shutdownFollowerState(121)) - 50423279-f647-4a18-8e85-347d68eaf856: shutdown FollowerState
2019-10-15 16:12:16,672 [grpc-default-executor-5] INFO  impl.RoleInfo (RoleInfo.java:updateAndGet(143)) - 2ec85f63-33fb-4317-9145-71357d145af9: start FollowerState
2019-10-15 16:12:16,672 [Thread-2377] INFO  impl.FollowerState (FollowerState.java:run(117)) - 2ec85f63-33fb-4317-9145-71357d145af9@group-B2671EB745D2-FollowerState was interrupted: java.lang.InterruptedException: sleep interrupted
2019-10-15 16:12:16,672 [grpc-default-executor-0] INFO  impl.RoleInfo (RoleInfo.java:updateAndGet(143)) - 50423279-f647-4a18-8e85-347d68eaf856: start FollowerState
2019-10-15 16:12:16,672 [Thread-2378] INFO  impl.FollowerState (FollowerState.java:run(117)) - 50423279-f647-4a18-8e85-347d68eaf856@group-B2671EB745D2-FollowerState was interrupted: java.lang.InterruptedException: sleep interrupted
2019-10-15 16:12:16,678 [25d6372c-77fd-4a39-ac2a-e48debad48df@group-B2671EB745D2-LeaderElection328] INFO  impl.LeaderElection (LeaderElection.java:logAndReturn(56)) - 25d6372c-77fd-4a39-ac2a-e48debad48df@group-B2671EB745D2-LeaderElection328: Election REJECTED; received 2 response(s) [25d6372c-77fd-4a39-ac2a-e48debad48df<-50423279-f647-4a18-8e85-347d68eaf856#0:FAIL-t352, 25d6372c-77fd-4a39-ac2a-e48debad48df<-2ec85f63-33fb-4317-9145-71357d145af9#0:FAIL-t352] and 0 exception(s); 25d6372c-77fd-4a39-ac2a-e48debad48df@group-B2671EB745D2:t352, leader=null, voted=25d6372c-77fd-4a39-ac2a-e48debad48df, raftlog=25d6372c-77fd-4a39-ac2a-e48debad48df@group-B2671EB745D2-SegmentedRaftLog:OPENED:c-1,f-1,i0, conf=-1: [50423279-f647-4a18-8e85-347d68eaf856:192.168.69.88:39583, 2ec85f63-33fb-4317-9145-71357d145af9:192.168.69.88:42357, 25d6372c-77fd-4a39-ac2a-e48debad48df:192.168.69.88:39591], old=null
2019-10-15 16:12:16,678 [25d6372c-77fd-4a39-ac2a-e48debad48df@group-B2671EB745D2-LeaderElection328] INFO  impl.RaftServerImpl (RaftServerImpl.java:setRole(184)) - 25d6372c-77fd-4a39-ac2a-e48debad48df@group-B2671EB745D2: changes role from CANDIDATE to FOLLOWER at term 352 for DISCOVERED_A_NEW_TERM
2019-10-15 16:12:16,678 [25d6372c-77fd-4a39-ac2a-e48debad48df@group-B2671EB745D2-LeaderElection328] INFO  impl.RoleInfo (RoleInfo.java:shutdownLeaderElection(134)) - 25d6372c-77fd-4a39-ac2a-e48debad48df: shutdown LeaderElection
2019-10-15 16:12:16,679 [25d6372c-77fd-4a39-ac2a-e48debad48df@group-B2671EB745D2-LeaderElection328] INFO  impl.RoleInfo (RoleInfo.java:updateAndGet(143)) - 25d6372c-77fd-4a39-ac2a-e48debad48df: start FollowerState
2019-10-15 16:12:16,811 [Thread-2385] INFO  impl.FollowerState (FollowerState.java:run(108)) - 25d6372c-77fd-4a39-ac2a-e48debad48df@group-B2671EB745D2-FollowerState: change to CANDIDATE, lastRpcTime:132ms, electionTimeout:132ms
2019-10-15 16:12:16,811 [Thread-2385] INFO  impl.RoleInfo (RoleInfo.java:shutdownFollowerState(121)) - 25d6372c-77fd-4a39-ac2a-e48debad48df: shutdown FollowerState
2019-10-15 16:12:16,811 [Thread-2385] INFO  impl.RaftServerImpl (RaftServerImpl.java:setRole(184)) - 25d6372c-77fd-4a39-ac2a-e48debad48df@group-B2671EB745D2: changes role from  FOLLOWER to CANDIDATE at term 352 for changeToCandidate
2019-10-15 16:12:16,811 [Thread-2385] INFO  impl.RoleInfo (RoleInfo.java:updateAndGet(143)) - 25d6372c-77fd-4a39-ac2a-e48debad48df: start LeaderElection
2019-10-15 16:12:16,825 [25d6372c-77fd-4a39-ac2a-e48debad48df@group-B2671EB745D2-LeaderElection329] INFO  impl.LeaderElection (LeaderElection.java:askForVotes(178)) - 25d6372c-77fd-4a39-ac2a-e48debad48df@group-B2671EB745D2-LeaderElection329: begin an election at term 353 for -1: [50423279-f647-4a18-8e85-347d68eaf856:192.168.69.88:39583, 2ec85f63-33fb-4317-9145-71357d145af9:192.168.69.88:42357, 25d6372c-77fd-4a39-ac2a-e48debad48df:192.168.69.88:39591], old=null
2019-10-15 16:12:16,826 [grpc-default-executor-5] INFO  impl.RaftServerImpl (RaftServerImpl.java:setRole(184)) - 50423279-f647-4a18-8e85-347d68eaf856@group-B2671EB745D2: changes role from  FOLLOWER to FOLLOWER at term 353 for recognizeCandidate:25d6372c-77fd-4a39-ac2a-e48debad48df
2019-10-15 16:12:16,826 [grpc-default-executor-0] INFO  impl.RaftServerImpl (RaftServerImpl.java:setRole(184)) - 2ec85f63-33fb-4317-9145-71357d145af9@group-B2671EB745D2: changes role from  FOLLOWER to FOLLOWER at term 353 for recognizeCandidate:25d6372c-77fd-4a39-ac2a-e48debad48df
2019-10-15 16:12:16,826 [grpc-default-executor-0] INFO  impl.RoleInfo (RoleInfo.java:shutdownFollowerState(121)) - 2ec85f63-33fb-4317-9145-71357d145af9: shutdown FollowerState
2019-10-15 16:12:16,826 [grpc-default-executor-5] INFO  impl.RoleInfo (RoleInfo.java:shutdownFollowerState(121)) - 50423279-f647-4a18-8e85-347d68eaf856: shutdown FollowerState
2019-10-15 16:12:16,827 [grpc-default-executor-0] INFO  impl.RoleInfo (RoleInfo.java:updateAndGet(143)) - 2ec85f63-33fb-4317-9145-71357d145af9: start FollowerState
2019-10-15 16:12:16,827 [Thread-2383] INFO  impl.FollowerState (FollowerState.java:run(117)) - 2ec85f63-33fb-4317-9145-71357d145af9@group-B2671EB745D2-FollowerState was interrupted: java.lang.InterruptedException: sleep interrupted
2019-10-15 16:12:16,827 [Thread-2384] INFO  impl.FollowerState (FollowerState.java:run(117)) - 50423279-f647-4a18-8e85-347d68eaf856@group-B2671EB745D2-FollowerState was interrupted: java.lang.InterruptedException: sleep interrupted
2019-10-15 16:12:16,827 [grpc-default-executor-5] INFO  impl.RoleInfo (RoleInfo.java:updateAndGet(143)) - 50423279-f647-4a18-8e85-347d68eaf856: start FollowerState
2019-10-15 16:12:16,841 [25d6372c-77fd-4a39-ac2a-e48debad48df@group-B2671EB745D2-LeaderElection329] INFO  impl.LeaderElection (LeaderElection.java:logAndReturn(56)) - 25d6372c-77fd-4a39-ac2a-e48debad48df@group-B2671EB745D2-LeaderElection329: Election REJECTED; received 2 response(s) [25d6372c-77fd-4a39-ac2a-e48debad48df<-50423279-f647-4a18-8e85-347d68eaf856#0:FAIL-t353, 25d6372c-77fd-4a39-ac2a-e48debad48df<-2ec85f63-33fb-4317-9145-71357d145af9#0:FAIL-t353] and 0 exception(s); 25d6372c-77fd-4a39-ac2a-e48debad48df@group-B2671EB745D2:t353, leader=null, voted=25d6372c-77fd-4a39-ac2a-e48debad48df, raftlog=25d6372c-77fd-4a39-ac2a-e48debad48df@group-B2671EB745D2-SegmentedRaftLog:OPENED:c-1,f-1,i0, conf=-1: [50423279-f647-4a18-8e85-347d68eaf856:192.168.69.88:39583, 2ec85f63-33fb-4317-9145-71357d145af9:192.168.69.88:42357, 25d6372c-77fd-4a39-ac2a-e48debad48df:192.168.69.88:39591], old=null
2019-10-15 16:12:16,842 [25d6372c-77fd-4a39-ac2a-e48debad48df@group-B2671EB745D2-LeaderElection329] INFO  impl.RaftServerImpl (RaftServerImpl.java:setRole(184)) - 25d6372c-77fd-4a39-ac2a-e48debad48df@group-B2671EB745D2: changes role from CANDIDATE to FOLLOWER at term 353 for DISCOVERED_A_NEW_TERM
2019-10-15 16:12:16,842 [25d6372c-77fd-4a39-ac2a-e48debad48df@group-B2671EB745D2-LeaderElection329] INFO  impl.RoleInfo (RoleInfo.java:shutdownLeaderElection(134)) - 25d6372c-77fd-4a39-ac2a-e48debad48df: shutdown LeaderElection
2019-10-15 16:12:16,842 [25d6372c-77fd-4a39-ac2a-e48debad48df@group-B2671EB745D2-LeaderElection329] INFO  impl.RoleInfo (RoleInfo.java:updateAndGet(143)) - 25d6372c-77fd-4a39-ac2a-e48debad48df: start FollowerState
2019-10-15 16:12:16,963 [Thread-2393] INFO  impl.FollowerState (FollowerState.java:run(108)) - 25d6372c-77fd-4a39-ac2a-e48debad48df@group-B2671EB745D2-FollowerState: change to CANDIDATE, lastRpcTime:121ms, electionTimeout:121ms
2019-10-15 16:12:16,963 [Thread-2393] INFO  impl.RoleInfo (RoleInfo.java:shutdownFollowerState(121)) - 25d6372c-77fd-4a39-ac2a-e48debad48df: shutdown FollowerState
2019-10-15 16:12:16,963 [Thread-2393] INFO  impl.RaftServerImpl (RaftServerImpl.java:setRole(184)) - 25d6372c-77fd-4a39-ac2a-e48debad48df@group-B2671EB745D2: changes role from  FOLLOWER to CANDIDATE at term 353 for changeToCandidate
2019-10-15 16:12:16,964 [Thread-2393] INFO  impl.RoleInfo (RoleInfo.java:updateAndGet(143)) - 25d6372c-77fd-4a39-ac2a-e48debad48df: start LeaderElection
2019-10-15 16:12:16,977 [25d6372c-77fd-4a39-ac2a-e48debad48df@group-B2671EB745D2-LeaderElection330] INFO  impl.LeaderElection (LeaderElection.java:askForVotes(178)) - 25d6372c-77fd-4a39-ac2a-e48debad48df@group-B2671EB745D2-LeaderElection330: begin an election at term 354 for -1: [50423279-f647-4a18-8e85-347d68eaf856:192.168.69.88:39583, 2ec85f63-33fb-4317-9145-71357d145af9:192.168.69.88:42357, 25d6372c-77fd-4a39-ac2a-e48debad48df:192.168.69.88:39591], old=null
2019-10-15 16:12:16,979 [grpc-default-executor-0] INFO  impl.RaftServerImpl (RaftServerImpl.java:setRole(184)) - 50423279-f647-4a18-8e85-347d68eaf856@group-B2671EB745D2: changes role from  FOLLOWER to FOLLOWER at term 354 for recognizeCandidate:25d6372c-77fd-4a39-ac2a-e48debad48df
2019-10-15 16:12:16,979 [grpc-default-executor-0] INFO  impl.RoleInfo (RoleInfo.java:shutdownFollowerState(121)) - 50423279-f647-4a18-8e85-347d68eaf856: shutdown FollowerState
2019-10-15 16:12:16,979 [grpc-default-executor-5] INFO  impl.RaftServerImpl (RaftServerImpl.java:setRole(184)) - 2ec85f63-33fb-4317-9145-71357d145af9@group-B2671EB745D2: changes role from  FOLLOWER to FOLLOWER at term 354 for recognizeCandidate:25d6372c-77fd-4a39-ac2a-e48debad48df
2019-10-15 16:12:16,979 [grpc-default-executor-5] INFO  impl.RoleInfo (RoleInfo.java:shutdownFollowerState(121)) - 2ec85f63-33fb-4317-9145-71357d145af9: shutdown FollowerState
2019-10-15 16:12:16,979 [Thread-2392] INFO  impl.FollowerState (FollowerState.java:run(117)) - 50423279-f647-4a18-8e85-347d68eaf856@group-B2671EB745D2-FollowerState was interrupted: java.lang.InterruptedException: sleep interrupted
2019-10-15 16:12:16,979 [grpc-default-executor-0] INFO  impl.RoleInfo (RoleInfo.java:updateAndGet(143)) - 50423279-f647-4a18-8e85-347d68eaf856: start FollowerState
2019-10-15 16:12:16,979 [Thread-2391] INFO  impl.FollowerState (FollowerState.java:run(117)) - 2ec85f63-33fb-4317-9145-71357d145af9@group-B2671EB745D2-FollowerState was interrupted: java.lang.InterruptedException: sleep interrupted
2019-10-15 16:12:16,979 [grpc-default-executor-5] INFO  impl.RoleInfo (RoleInfo.java:updateAndGet(143)) - 2ec85f63-33fb-4317-9145-71357d145af9: start FollowerState
2019-10-15 16:12:16,993 [25d6372c-77fd-4a39-ac2a-e48debad48df@group-B2671EB745D2-LeaderElection330] INFO  impl.LeaderElection (LeaderElection.java:logAndReturn(56)) - 25d6372c-77fd-4a39-ac2a-e48debad48df@group-B2671EB745D2-LeaderElection330: Election REJECTED; received 2 response(s) [25d6372c-77fd-4a39-ac2a-e48debad48df<-2ec85f63-33fb-4317-9145-71357d145af9#0:FAIL-t354, 25d6372c-77fd-4a39-ac2a-e48debad48df<-50423279-f647-4a18-8e85-347d68eaf856#0:FAIL-t354] and 0 exception(s); 25d6372c-77fd-4a39-ac2a-e48debad48df@group-B2671EB745D2:t354, leader=null, voted=25d6372c-77fd-4a39-ac2a-e48debad48df, raftlog=25d6372c-77fd-4a39-ac2a-e48debad48df@group-B2671EB745D2-SegmentedRaftLog:OPENED:c-1,f-1,i0, conf=-1: [50423279-f647-4a18-8e85-347d68eaf856:192.168.69.88:39583, 2ec85f63-33fb-4317-9145-71357d145af9:192.168.69.88:42357, 25d6372c-77fd-4a39-ac2a-e48debad48df:192.168.69.88:39591], old=null
2019-10-15 16:12:16,993 [25d6372c-77fd-4a39-ac2a-e48debad48df@group-B2671EB745D2-LeaderElection330] INFO  impl.RaftServerImpl (RaftServerImpl.java:setRole(184)) - 25d6372c-77fd-4a39-ac2a-e48debad48df@group-B2671EB745D2: changes role from CANDIDATE to FOLLOWER at term 354 for DISCOVERED_A_NEW_TERM
2019-10-15 16:12:16,993 [25d6372c-77fd-4a39-ac2a-e48debad48df@group-B2671EB745D2-LeaderElection330] INFO  impl.RoleInfo (RoleInfo.java:shutdownLeaderElection(134)) - 25d6372c-77fd-4a39-ac2a-e48debad48df: shutdown LeaderElection
2019-10-15 16:12:16,993 [25d6372c-77fd-4a39-ac2a-e48debad48df@group-B2671EB745D2-LeaderElection330] INFO  impl.RoleInfo (RoleInfo.java:updateAndGet(143)) - 25d6372c-77fd-4a39-ac2a-e48debad48df: start FollowerState
2019-10-15 16:12:17,061 [Thread-2399] INFO  impl.FollowerState (FollowerState.java:run(108)) - 25d6372c-77fd-4a39-ac2a-e48debad48df@group-B2671EB745D2-FollowerState: change to CANDIDATE, lastRpcTime:67ms, electionTimeout:67ms
2019-10-15 16:12:17,061 [Thread-2399] INFO  impl.RoleInfo (RoleInfo.java:shutdownFollowerState(121)) - 25d6372c-77fd-4a39-ac2a-e48debad48df: shutdown FollowerState
2019-10-15 16:12:17,061 [Thread-2399] INFO  impl.RaftServerImpl (RaftServerImpl.java:setRole(184)) - 25d6372c-77fd-4a39-ac2a-e48debad48df@group-B2671EB745D2: changes role from  FOLLOWER to CANDIDATE at term 354 for changeToCandidate
2019-10-15 16:12:17,061 [Thread-2399] INFO  impl.RoleInfo (RoleInfo.java:updateAndGet(143)) - 25d6372c-77fd-4a39-ac2a-e48debad48df: start LeaderElection
2019-10-15 16:12:17,074 [25d6372c-77fd-4a39-ac2a-e48debad48df@group-B2671EB745D2-LeaderElection331] INFO  impl.LeaderElection (LeaderElection.java:askForVotes(178)) - 25d6372c-77fd-4a39-ac2a-e48debad48df@group-B2671EB745D2-LeaderElection331: begin an election at term 355 for -1: [50423279-f647-4a18-8e85-347d68eaf856:192.168.69.88:39583, 2ec85f63-33fb-4317-9145-71357d145af9:192.168.69.88:42357, 25d6372c-77fd-4a39-ac2a-e48debad48df:192.168.69.88:39591], old=null
2019-10-15 16:12:17,075 [grpc-default-executor-0] INFO  impl.RaftServerImpl (RaftServerImpl.java:setRole(184)) - 50423279-f647-4a18-8e85-347d68eaf856@group-B2671EB745D2: changes role from  FOLLOWER to FOLLOWER at term 355 for recognizeCandidate:25d6372c-77fd-4a39-ac2a-e48debad48df
2019-10-15 16:12:17,075 [grpc-default-executor-5] INFO  impl.RaftServerImpl (RaftServerImpl.java:setRole(184)) - 2ec85f63-33fb-4317-9145-71357d145af9@group-B2671EB745D2: changes role from  FOLLOWER to FOLLOWER at term 355 for recognizeCandidate:25d6372c-77fd-4a39-ac2a-e48debad48df
2019-10-15 16:12:17,075 [grpc-default-executor-0] INFO  impl.RoleInfo (RoleInfo.java:shutdownFollowerState(121)) - 50423279-f647-4a18-8e85-347d68eaf856: shutdown FollowerState
2019-10-15 16:12:17,076 [grpc-default-executor-5] INFO  impl.RoleInfo (RoleInfo.java:shutdownFollowerState(121)) - 2ec85f63-33fb-4317-9145-71357d145af9: shutdown FollowerState
2019-10-15 16:12:17,076 [Thread-2397] INFO  impl.FollowerState (FollowerState.java:run(117)) - 50423279-f647-4a18-8e85-347d68eaf856@group-B2671EB745D2-FollowerState was interrupted: java.lang.InterruptedException: sleep interrupted
2019-10-15 16:12:17,076 [grpc-default-executor-0] INFO  impl.RoleInfo (RoleInfo.java:updateAndGet(143)) - 50423279-f647-4a18-8e85-347d68eaf856: start FollowerState
2019-10-15 16:12:17,076 [Thread-2398] INFO  impl.FollowerState (FollowerState.java:run(117)) - 2ec85f63-33fb-4317-9145-71357d145af9@group-B2671EB745D2-FollowerState was interrupted: java.lang.InterruptedException: sleep interrupted
2019-10-15 16:12:17,076 [grpc-default-executor-5] INFO  impl.RoleInfo (RoleInfo.java:updateAndGet(143)) - 2ec85f63-33fb-4317-9145-71357d145af9: start FollowerState
2019-10-15 16:12:17,094 [25d6372c-77fd-4a39-ac2a-e48debad48df@group-B2671EB745D2-LeaderElection331] INFO  impl.LeaderElection (LeaderElection.java:logAndReturn(56)) - 25d6372c-77fd-4a39-ac2a-e48debad48df@group-B2671EB745D2-LeaderElection331: Election TIMEOUT; received 0 response(s) [] and 0 exception(s); 25d6372c-77fd-4a39-ac2a-e48debad48df@group-B2671EB745D2:t355, leader=null, voted=25d6372c-77fd-4a39-ac2a-e48debad48df, raftlog=25d6372c-77fd-4a39-ac2a-e48debad48df@group-B2671EB745D2-SegmentedRaftLog:OPENED:c-1,f-1,i0, conf=-1: [50423279-f647-4a18-8e85-347d68eaf856:192.168.69.88:39583, 2ec85f63-33fb-4317-9145-71357d145af9:192.168.69.88:42357, 25d6372c-77fd-4a39-ac2a-e48debad48df:192.168.69.88:39591], old=null
2019-10-15 16:12:17,116 [25d6372c-77fd-4a39-ac2a-e48debad48df@group-B2671EB745D2-LeaderElection331] INFO  impl.LeaderElection (LeaderElection.java:askForVotes(178)) - 25d6372c-77fd-4a39-ac2a-e48debad48df@group-B2671EB745D2-LeaderElection331: begin an election at term 356 for -1: [50423279-f647-4a18-8e85-347d68eaf856:192.168.69.88:39583, 2ec85f63-33fb-4317-9145-71357d145af9:192.168.69.88:42357, 25d6372c-77fd-4a39-ac2a-e48debad48df:192.168.69.88:39591], old=null
2019-10-15 16:12:17,118 [grpc-default-executor-0] INFO  impl.RaftServerImpl (RaftServerImpl.java:setRole(184)) - 50423279-f647-4a18-8e85-347d68eaf856@group-B2671EB745D2: changes role from  FOLLOWER to FOLLOWER at term 356 for recognizeCandidate:25d6372c-77fd-4a39-ac2a-e48debad48df
2019-10-15 16:12:17,118 [grpc-default-executor-5] INFO  impl.RaftServerImpl (RaftServerImpl.java:setRole(184)) - 2ec85f63-33fb-4317-9145-71357d145af9@group-B2671EB745D2: changes role from  FOLLOWER to FOLLOWER at term 356 for recognizeCandidate:25d6372c-77fd-4a39-ac2a-e48debad48df
2019-10-15 16:12:17,118 [grpc-default-executor-5] INFO  impl.RoleInfo (RoleInfo.java:shutdownFollowerState(121)) - 2ec85f63-33fb-4317-9145-71357d145af9: shutdown FollowerState
2019-10-15 16:12:17,118 [grpc-default-executor-0] INFO  impl.RoleInfo (RoleInfo.java:shutdownFollowerState(121)) - 50423279-f647-4a18-8e85-347d68eaf856: shutdown FollowerState
2019-10-15 16:12:17,118 [Thread-2404] INFO  impl.FollowerState (FollowerState.java:run(117)) - 2ec85f63-33fb-4317-9145-71357d145af9@group-B2671EB745D2-FollowerState was interrupted: java.lang.InterruptedException: sleep interrupted
2019-10-15 16:12:17,118 [grpc-default-executor-5] INFO  impl.RoleInfo (RoleInfo.java:updateAndGet(143)) - 2ec85f63-33fb-4317-9145-71357d145af9: start FollowerState
2019-10-15 16:12:17,118 [Thread-2403] INFO  impl.FollowerState (FollowerState.java:run(117)) - 50423279-f647-4a18-8e85-347d68eaf856@group-B2671EB745D2-FollowerState was interrupted: java.lang.InterruptedException: sleep interrupted
2019-10-15 16:12:17,118 [grpc-default-executor-0] INFO  impl.RoleInfo (RoleInfo.java:updateAndGet(143)) - 50423279-f647-4a18-8e85-347d68eaf856: start FollowerState
2019-10-15 16:12:17,131 [25d6372c-77fd-4a39-ac2a-e48debad48df@group-B2671EB745D2-LeaderElection331] INFO  impl.LeaderElection (LeaderElection.java:logAndReturn(56)) - 25d6372c-77fd-4a39-ac2a-e48debad48df@group-B2671EB745D2-LeaderElection331: Election REJECTED; received 2 response(s) [25d6372c-77fd-4a39-ac2a-e48debad48df<-2ec85f63-33fb-4317-9145-71357d145af9#0:FAIL-t356, 25d6372c-77fd-4a39-ac2a-e48debad48df<-50423279-f647-4a18-8e85-347d68eaf856#0:FAIL-t356] and 0 exception(s); 25d6372c-77fd-4a39-ac2a-e48debad48df@group-B2671EB745D2:t356, leader=null, voted=25d6372c-77fd-4a39-ac2a-e48debad48df, raftlog=25d6372c-77fd-4a39-ac2a-e48debad48df@group-B2671EB745D2-SegmentedRaftLog:OPENED:c-1,f-1,i0, conf=-1: [50423279-f647-4a18-8e85-347d68eaf856:192.168.69.88:39583, 2ec85f63-33fb-4317-9145-71357d145af9:192.168.69.88:42357, 25d6372c-77fd-4a39-ac2a-e48debad48df:192.168.69.88:39591], old=null
2019-10-15 16:12:17,132 [25d6372c-77fd-4a39-ac2a-e48debad48df@group-B2671EB745D2-LeaderElection331] INFO  impl.RaftServerImpl (RaftServerImpl.java:setRole(184)) - 25d6372c-77fd-4a39-ac2a-e48debad48df@group-B2671EB745D2: changes role from CANDIDATE to FOLLOWER at term 356 for DISCOVERED_A_NEW_TERM
2019-10-15 16:12:17,132 [25d6372c-77fd-4a39-ac2a-e48debad48df@group-B2671EB745D2-LeaderElection331] INFO  impl.RoleInfo (RoleInfo.java:shutdownLeaderElection(134)) - 25d6372c-77fd-4a39-ac2a-e48debad48df: shutdown LeaderElection
2019-10-15 16:12:17,132 [25d6372c-77fd-4a39-ac2a-e48debad48df@group-B2671EB745D2-LeaderElection331] INFO  impl.RoleInfo (RoleInfo.java:updateAndGet(143)) - 25d6372c-77fd-4a39-ac2a-e48debad48df: start FollowerState
2019-10-15 16:12:17,242 [Thread-2409] INFO  impl.FollowerState (FollowerState.java:run(108)) - 25d6372c-77fd-4a39-ac2a-e48debad48df@group-B2671EB745D2-FollowerState: change to CANDIDATE, lastRpcTime:110ms, electionTimeout:110ms
2019-10-15 16:12:17,242 [Thread-2409] INFO  impl.RoleInfo (RoleInfo.java:shutdownFollowerState(121)) - 25d6372c-77fd-4a39-ac2a-e48debad48df: shutdown FollowerState
2019-10-15 16:12:17,242 [Thread-2409] INFO  impl.RaftServerImpl (RaftServerImpl.java:setRole(184)) - 25d6372c-77fd-4a39-ac2a-e48debad48df@group-B2671EB745D2: changes role from  FOLLOWER to CANDIDATE at term 356 for changeToCandidate
2019-10-15 16:12:17,243 [Thread-2409] INFO  impl.RoleInfo (RoleInfo.java:updateAndGet(143)) - 25d6372c-77fd-4a39-ac2a-e48debad48df: start LeaderElection
2019-10-15 16:12:17,257 [25d6372c-77fd-4a39-ac2a-e48debad48df@group-B2671EB745D2-LeaderElection332] INFO  impl.LeaderElection (LeaderElection.java:askForVotes(178)) - 25d6372c-77fd-4a39-ac2a-e48debad48df@group-B2671EB745D2-LeaderElection332: begin an election at term 357 for -1: [50423279-f647-4a18-8e85-347d68eaf856:192.168.69.88:39583, 2ec85f63-33fb-4317-9145-71357d145af9:192.168.69.88:42357, 25d6372c-77fd-4a39-ac2a-e48debad48df:192.168.69.88:39591], old=null
2019-10-15 16:12:17,259 [grpc-default-executor-0] INFO  impl.RaftServerImpl (RaftServerImpl.java:setRole(184)) - 2ec85f63-33fb-4317-9145-71357d145af9@group-B2671EB745D2: changes role from  FOLLOWER to FOLLOWER at term 357 for recognizeCandidate:25d6372c-77fd-4a39-ac2a-e48debad48df
2019-10-15 16:12:17,259 [grpc-default-executor-5] INFO  impl.RaftServerImpl (RaftServerImpl.java:setRole(184)) - 50423279-f647-4a18-8e85-347d68eaf856@group-B2671EB745D2: changes role from  FOLLOWER to FOLLOWER at term 357 for recognizeCandidate:25d6372c-77fd-4a39-ac2a-e48debad48df
2019-10-15 16:12:17,259 [grpc-default-executor-0] INFO  impl.RoleInfo (RoleInfo.java:shutdownFollowerState(121)) - 2ec85f63-33fb-4317-9145-71357d145af9: shutdown FollowerState
2019-10-15 16:12:17,259 [grpc-default-executor-5] INFO  impl.RoleInfo (RoleInfo.java:shutdownFollowerState(121)) - 50423279-f647-4a18-8e85-347d68eaf856: shutdown FollowerState
2019-10-15 16:12:17,259 [Thread-2407] INFO  impl.FollowerState (FollowerState.java:run(117)) - 2ec85f63-33fb-4317-9145-71357d145af9@group-B2671EB745D2-FollowerState was interrupted: java.lang.InterruptedException: sleep interrupted
2019-10-15 16:12:17,259 [grpc-default-executor-0] INFO  impl.RoleInfo (RoleInfo.java:updateAndGet(143)) - 2ec85f63-33fb-4317-9145-71357d145af9: start FollowerState
2019-10-15 16:12:17,259 [Thread-2408] INFO  impl.FollowerState (FollowerState.java:run(117)) - 50423279-f647-4a18-8e85-347d68eaf856@group-B2671EB745D2-FollowerState was interrupted: java.lang.InterruptedException: sleep interrupted
2019-10-15 16:12:17,259 [grpc-default-executor-5] INFO  impl.RoleInfo (RoleInfo.java:updateAndGet(143)) - 50423279-f647-4a18-8e85-347d68eaf856: start FollowerState
2019-10-15 16:12:17,274 [25d6372c-77fd-4a39-ac2a-e48debad48df@group-B2671EB745D2-LeaderElection332] INFO  impl.LeaderElection (LeaderElection.java:logAndReturn(56)) - 25d6372c-77fd-4a39-ac2a-e48debad48df@group-B2671EB745D2-LeaderElection332: Election REJECTED; received 2 response(s) [25d6372c-77fd-4a39-ac2a-e48debad48df<-2ec85f63-33fb-4317-9145-71357d145af9#0:FAIL-t357, 25d6372c-77fd-4a39-ac2a-e48debad48df<-50423279-f647-4a18-8e85-347d68eaf856#0:FAIL-t357] and 0 exception(s); 25d6372c-77fd-4a39-ac2a-e48debad48df@group-B2671EB745D2:t357, leader=null, voted=25d6372c-77fd-4a39-ac2a-e48debad48df, raftlog=25d6372c-77fd-4a39-ac2a-e48debad48df@group-B2671EB745D2-SegmentedRaftLog:OPENED:c-1,f-1,i0, conf=-1: [50423279-f647-4a18-8e85-347d68eaf856:192.168.69.88:39583, 2ec85f63-33fb-4317-9145-71357d145af9:192.168.69.88:42357, 25d6372c-77fd-4a39-ac2a-e48debad48df:192.168.69.88:39591], old=null
2019-10-15 16:12:17,274 [25d6372c-77fd-4a39-ac2a-e48debad48df@group-B2671EB745D2-LeaderElection332] INFO  impl.RaftServerImpl (RaftServerImpl.java:setRole(184)) - 25d6372c-77fd-4a39-ac2a-e48debad48df@group-B2671EB745D2: changes role from CANDIDATE to FOLLOWER at term 357 for DISCOVERED_A_NEW_TERM
2019-10-15 16:12:17,274 [25d6372c-77fd-4a39-ac2a-e48debad48df@group-B2671EB745D2-LeaderElection332] INFO  impl.RoleInfo (RoleInfo.java:shutdownLeaderElection(134)) - 25d6372c-77fd-4a39-ac2a-e48debad48df: shutdown LeaderElection
2019-10-15 16:12:17,274 [25d6372c-77fd-4a39-ac2a-e48debad48df@group-B2671EB745D2-LeaderElection332] INFO  impl.RoleInfo (RoleInfo.java:updateAndGet(143)) - 25d6372c-77fd-4a39-ac2a-e48debad48df: start FollowerState
2019-10-15 16:12:17,456 [Thread-2415] INFO  impl.FollowerState (FollowerState.java:run(108)) - 25d6372c-77fd-4a39-ac2a-e48debad48df@group-B2671EB745D2-FollowerState: change to CANDIDATE, lastRpcTime:182ms, electionTimeout:182ms
2019-10-15 16:12:17,456 [Thread-2415] INFO  impl.RoleInfo (RoleInfo.java:shutdownFollowerState(121)) - 25d6372c-77fd-4a39-ac2a-e48debad48df: shutdown FollowerState
2019-10-15 16:12:17,456 [Thread-2415] INFO  impl.RaftServerImpl (RaftServerImpl.java:setRole(184)) - 25d6372c-77fd-4a39-ac2a-e48debad48df@group-B2671EB745D2: changes role from  FOLLOWER to CANDIDATE at term 357 for changeToCandidate
2019-10-15 16:12:17,457 [Thread-2415] INFO  impl.RoleInfo (RoleInfo.java:updateAndGet(143)) - 25d6372c-77fd-4a39-ac2a-e48debad48df: start LeaderElection
2019-10-15 16:12:17,482 [25d6372c-77fd-4a39-ac2a-e48debad48df@group-B2671EB745D2-LeaderElection333] INFO  impl.LeaderElection (LeaderElection.java:askForVotes(178)) - 25d6372c-77fd-4a39-ac2a-e48debad48df@group-B2671EB745D2-LeaderElection333: begin an election at term 358 for -1: [50423279-f647-4a18-8e85-347d68eaf856:192.168.69.88:39583, 2ec85f63-33fb-4317-9145-71357d145af9:192.168.69.88:42357, 25d6372c-77fd-4a39-ac2a-e48debad48df:192.168.69.88:39591], old=null
2019-10-15 16:12:17,484 [grpc-default-executor-5] INFO  impl.RaftServerImpl (RaftServerImpl.java:setRole(184)) - 2ec85f63-33fb-4317-9145-71357d145af9@group-B2671EB745D2: changes role from  FOLLOWER to FOLLOWER at term 358 for recognizeCandidate:25d6372c-77fd-4a39-ac2a-e48debad48df
2019-10-15 16:12:17,484 [grpc-default-executor-0] INFO  impl.RaftServerImpl (RaftServerImpl.java:setRole(184)) - 50423279-f647-4a18-8e85-347d68eaf856@group-B2671EB745D2: changes role from  FOLLOWER to FOLLOWER at term 358 for recognizeCandidate:25d6372c-77fd-4a39-ac2a-e48debad48df
2019-10-15 16:12:17,485 [grpc-default-executor-0] INFO  impl.RoleInfo (RoleInfo.java:shutdownFollowerState(121)) - 50423279-f647-4a18-8e85-347d68eaf856: shutdown FollowerState
2019-10-15 16:12:17,485 [grpc-default-executor-5] INFO  impl.RoleInfo (RoleInfo.java:shutdownFollowerState(121)) - 2ec85f63-33fb-4317-9145-71357d145af9: shutdown FollowerState
2019-10-15 16:12:17,485 [Thread-2414] INFO  impl.FollowerState (FollowerState.java:run(117)) - 50423279-f647-4a18-8e85-347d68eaf856@group-B2671EB745D2-FollowerState was interrupted: java.lang.InterruptedException: sleep interrupted
2019-10-15 16:12:17,485 [grpc-default-executor-0] INFO  impl.RoleInfo (RoleInfo.java:updateAndGet(143)) - 50423279-f647-4a18-8e85-347d68eaf856: start FollowerState
2019-10-15 16:12:17,485 [grpc-default-executor-5] INFO  impl.RoleInfo (RoleInfo.java:updateAndGet(143)) - 2ec85f63-33fb-4317-9145-71357d145af9: start FollowerState
2019-10-15 16:12:17,485 [Thread-2413] INFO  impl.FollowerState (FollowerState.java:run(117)) - 2ec85f63-33fb-4317-9145-71357d145af9@group-B2671EB745D2-FollowerState was interrupted: java.lang.InterruptedException: sleep interrupted
2019-10-15 16:12:17,501 [25d6372c-77fd-4a39-ac2a-e48debad48df@group-B2671EB745D2-LeaderElection333] INFO  impl.LeaderElection (LeaderElection.java:logAndReturn(56)) - 25d6372c-77fd-4a39-ac2a-e48debad48df@group-B2671EB745D2-LeaderElection333: Election REJECTED; received 2 response(s) [25d6372c-77fd-4a39-ac2a-e48debad48df<-2ec85f63-33fb-4317-9145-71357d145af9#0:FAIL-t358, 25d6372c-77fd-4a39-ac2a-e48debad48df<-50423279-f647-4a18-8e85-347d68eaf856#0:FAIL-t358] and 0 exception(s); 25d6372c-77fd-4a39-ac2a-e48debad48df@group-B2671EB745D2:t358, leader=null, voted=25d6372c-77fd-4a39-ac2a-e48debad48df, raftlog=25d6372c-77fd-4a39-ac2a-e48debad48df@group-B2671EB745D2-SegmentedRaftLog:OPENED:c-1,f-1,i0, conf=-1: [50423279-f647-4a18-8e85-347d68eaf856:192.168.69.88:39583, 2ec85f63-33fb-4317-9145-71357d145af9:192.168.69.88:42357, 25d6372c-77fd-4a39-ac2a-e48debad48df:192.168.69.88:39591], old=null
2019-10-15 16:12:17,501 [25d6372c-77fd-4a39-ac2a-e48debad48df@group-B2671EB745D2-LeaderElection333] INFO  impl.RaftServerImpl (RaftServerImpl.java:setRole(184)) - 25d6372c-77fd-4a39-ac2a-e48debad48df@group-B2671EB745D2: changes role from CANDIDATE to FOLLOWER at term 358 for DISCOVERED_A_NEW_TERM
2019-10-15 16:12:17,501 [25d6372c-77fd-4a39-ac2a-e48debad48df@group-B2671EB745D2-LeaderElection333] INFO  impl.RoleInfo (RoleInfo.java:shutdownLeaderElection(134)) - 25d6372c-77fd-4a39-ac2a-e48debad48df: shutdown LeaderElection
2019-10-15 16:12:17,501 [25d6372c-77fd-4a39-ac2a-e48debad48df@group-B2671EB745D2-LeaderElection333] INFO  impl.RoleInfo (RoleInfo.java:updateAndGet(143)) - 25d6372c-77fd-4a39-ac2a-e48debad48df: start FollowerState
2019-10-15 16:12:17,519 [Thread-2421] INFO  impl.FollowerState (FollowerState.java:run(108)) - 25d6372c-77fd-4a39-ac2a-e48debad48df@group-B2671EB745D2-FollowerState: change to CANDIDATE, lastRpcTime:17ms, electionTimeout:17ms
2019-10-15 16:12:17,519 [Thread-2421] INFO  impl.RoleInfo (RoleInfo.java:shutdownFollowerState(121)) - 25d6372c-77fd-4a39-ac2a-e48debad48df: shutdown FollowerState
2019-10-15 16:12:17,519 [Thread-2421] INFO  impl.RaftServerImpl (RaftServerImpl.java:setRole(184)) - 25d6372c-77fd-4a39-ac2a-e48debad48df@group-B2671EB745D2: changes role from  FOLLOWER to CANDIDATE at term 358 for changeToCandidate
2019-10-15 16:12:17,519 [Thread-2421] INFO  impl.RoleInfo (RoleInfo.java:updateAndGet(143)) - 25d6372c-77fd-4a39-ac2a-e48debad48df: start LeaderElection
2019-10-15 16:12:17,532 [25d6372c-77fd-4a39-ac2a-e48debad48df@group-B2671EB745D2-LeaderElection334] INFO  impl.LeaderElection (LeaderElection.java:askForVotes(178)) - 25d6372c-77fd-4a39-ac2a-e48debad48df@group-B2671EB745D2-LeaderElection334: begin an election at term 359 for -1: [50423279-f647-4a18-8e85-347d68eaf856:192.168.69.88:39583, 2ec85f63-33fb-4317-9145-71357d145af9:192.168.69.88:42357, 25d6372c-77fd-4a39-ac2a-e48debad48df:192.168.69.88:39591], old=null
2019-10-15 16:12:17,534 [grpc-default-executor-0] INFO  impl.RaftServerImpl (RaftServerImpl.java:setRole(184)) - 50423279-f647-4a18-8e85-347d68eaf856@group-B2671EB745D2: changes role from  FOLLOWER to FOLLOWER at term 359 for recognizeCandidate:25d6372c-77fd-4a39-ac2a-e48debad48df
2019-10-15 16:12:17,535 [grpc-default-executor-0] INFO  impl.RoleInfo (RoleInfo.java:shutdownFollowerState(121)) - 50423279-f647-4a18-8e85-347d68eaf856: shutdown FollowerState
2019-10-15 16:12:17,535 [grpc-default-executor-5] INFO  impl.RaftServerImpl (RaftServerImpl.java:setRole(184)) - 2ec85f63-33fb-4317-9145-71357d145af9@group-B2671EB745D2: changes role from  FOLLOWER to FOLLOWER at term 359 for recognizeCandidate:25d6372c-77fd-4a39-ac2a-e48debad48df
2019-10-15 16:12:17,535 [Thread-2419] INFO  impl.FollowerState (FollowerState.java:run(117)) - 50423279-f647-4a18-8e85-347d68eaf856@group-B2671EB745D2-FollowerState was interrupted: java.lang.InterruptedException: sleep interrupted
2019-10-15 16:12:17,535 [grpc-default-executor-0] INFO  impl.RoleInfo (RoleInfo.java:updateAndGet(143)) - 50423279-f647-4a18-8e85-347d68eaf856: start FollowerState
2019-10-15 16:12:17,535 [grpc-default-executor-5] INFO  impl.RoleInfo (RoleInfo.java:shutdownFollowerState(121)) - 2ec85f63-33fb-4317-9145-71357d145af9: shutdown FollowerState
2019-10-15 16:12:17,535 [grpc-default-executor-5] INFO  impl.RoleInfo (RoleInfo.java:updateAndGet(143)) - 2ec85f63-33fb-4317-9145-71357d145af9: start FollowerState
2019-10-15 16:12:17,535 [Thread-2420] INFO  impl.FollowerState (FollowerState.java:run(117)) - 2ec85f63-33fb-4317-9145-71357d145af9@group-B2671EB745D2-FollowerState was interrupted: java.lang.InterruptedException: sleep interrupted
2019-10-15 16:12:17,549 [25d6372c-77fd-4a39-ac2a-e48debad48df@group-B2671EB745D2-LeaderElection334] INFO  impl.LeaderElection (LeaderElection.java:logAndReturn(56)) - 25d6372c-77fd-4a39-ac2a-e48debad48df@group-B2671EB745D2-LeaderElection334: Election REJECTED; received 2 response(s) [25d6372c-77fd-4a39-ac2a-e48debad48df<-50423279-f647-4a18-8e85-347d68eaf856#0:FAIL-t359, 25d6372c-77fd-4a39-ac2a-e48debad48df<-2ec85f63-33fb-4317-9145-71357d145af9#0:FAIL-t359] and 0 exception(s); 25d6372c-77fd-4a39-ac2a-e48debad48df@group-B2671EB745D2:t359, leader=null, voted=25d6372c-77fd-4a39-ac2a-e48debad48df, raftlog=25d6372c-77fd-4a39-ac2a-e48debad48df@group-B2671EB745D2-SegmentedRaftLog:OPENED:c-1,f-1,i0, conf=-1: [50423279-f647-4a18-8e85-347d68eaf856:192.168.69.88:39583, 2ec85f63-33fb-4317-9145-71357d145af9:192.168.69.88:42357, 25d6372c-77fd-4a39-ac2a-e48debad48df:192.168.69.88:39591], old=null
2019-10-15 16:12:17,550 [25d6372c-77fd-4a39-ac2a-e48debad48df@group-B2671EB745D2-LeaderElection334] INFO  impl.RaftServerImpl (RaftServerImpl.java:setRole(184)) - 25d6372c-77fd-4a39-ac2a-e48debad48df@group-B2671EB745D2: changes role from CANDIDATE to FOLLOWER at term 359 for DISCOVERED_A_NEW_TERM
2019-10-15 16:12:17,550 [25d6372c-77fd-4a39-ac2a-e48debad48df@group-B2671EB745D2-LeaderElection334] INFO  impl.RoleInfo (RoleInfo.java:shutdownLeaderElection(134)) - 25d6372c-77fd-4a39-ac2a-e48debad48df: shutdown LeaderElection
2019-10-15 16:12:17,550 [25d6372c-77fd-4a39-ac2a-e48debad48df@group-B2671EB745D2-LeaderElection334] INFO  impl.RoleInfo (RoleInfo.java:updateAndGet(143)) - 25d6372c-77fd-4a39-ac2a-e48debad48df: start FollowerState
2019-10-15 16:12:17,572 [Thread-2427] INFO  impl.FollowerState (FollowerState.java:run(108)) - 25d6372c-77fd-4a39-ac2a-e48debad48df@group-B2671EB745D2-FollowerState: change to CANDIDATE, lastRpcTime:22ms, electionTimeout:22ms
2019-10-15 16:12:17,572 [Thread-2427] INFO  impl.RoleInfo (RoleInfo.java:shutdownFollowerState(121)) - 25d6372c-77fd-4a39-ac2a-e48debad48df: shutdown FollowerState
2019-10-15 16:12:17,572 [Thread-2427] INFO  impl.RaftServerImpl (RaftServerImpl.java:setRole(184)) - 25d6372c-77fd-4a39-ac2a-e48debad48df@group-B2671EB745D2: changes role from  FOLLOWER to CANDIDATE at term 359 for changeToCandidate
2019-10-15 16:12:17,572 [Thread-2427] INFO  impl.RoleInfo (RoleInfo.java:updateAndGet(143)) - 25d6372c-77fd-4a39-ac2a-e48debad48df: start LeaderElection
2019-10-15 16:12:17,585 [25d6372c-77fd-4a39-ac2a-e48debad48df@group-B2671EB745D2-LeaderElection335] INFO  impl.LeaderElection (LeaderElection.java:askForVotes(178)) - 25d6372c-77fd-4a39-ac2a-e48debad48df@group-B2671EB745D2-LeaderElection335: begin an election at term 360 for -1: [50423279-f647-4a18-8e85-347d68eaf856:192.168.69.88:39583, 2ec85f63-33fb-4317-9145-71357d145af9:192.168.69.88:42357, 25d6372c-77fd-4a39-ac2a-e48debad48df:192.168.69.88:39591], old=null
2019-10-15 16:12:17,587 [grpc-default-executor-0] INFO  impl.RaftServerImpl (RaftServerImpl.java:setRole(184)) - 50423279-f647-4a18-8e85-347d68eaf856@group-B2671EB745D2: changes role from  FOLLOWER to FOLLOWER at term 360 for recognizeCandidate:25d6372c-77fd-4a39-ac2a-e48debad48df
2019-10-15 16:12:17,587 [grpc-default-executor-0] INFO  impl.RoleInfo (RoleInfo.java:shutdownFollowerState(121)) - 50423279-f647-4a18-8e85-347d68eaf856: shutdown FollowerState
2019-10-15 16:12:17,587 [grpc-default-executor-0] INFO  impl.RoleInfo (RoleInfo.java:updateAndGet(143)) - 50423279-f647-4a18-8e85-347d68eaf856: start FollowerState
2019-10-15 16:12:17,588 [Thread-2425] INFO  impl.FollowerState (FollowerState.java:run(117)) - 50423279-f647-4a18-8e85-347d68eaf856@group-B2671EB745D2-FollowerState was interrupted: java.lang.InterruptedException: sleep interrupted
2019-10-15 16:12:17,587 [grpc-default-executor-5] INFO  impl.RaftServerImpl (RaftServerImpl.java:setRole(184)) - 2ec85f63-33fb-4317-9145-71357d145af9@group-B2671EB745D2: changes role from  FOLLOWER to FOLLOWER at term 360 for recognizeCandidate:25d6372c-77fd-4a39-ac2a-e48debad48df
2019-10-15 16:12:17,588 [grpc-default-executor-5] INFO  impl.RoleInfo (RoleInfo.java:shutdownFollowerState(121)) - 2ec85f63-33fb-4317-9145-71357d145af9: shutdown FollowerState
2019-10-15 16:12:17,588 [grpc-default-executor-5] INFO  impl.RoleInfo (RoleInfo.java:updateAndGet(143)) - 2ec85f63-33fb-4317-9145-71357d145af9: start FollowerState
2019-10-15 16:12:17,588 [Thread-2426] INFO  impl.FollowerState (FollowerState.java:run(117)) - 2ec85f63-33fb-4317-9145-71357d145af9@group-B2671EB745D2-FollowerState was interrupted: java.lang.InterruptedException: sleep interrupted
2019-10-15 16:12:17,607 [25d6372c-77fd-4a39-ac2a-e48debad48df@group-B2671EB745D2-LeaderElection335] INFO  impl.LeaderElection (LeaderElection.java:logAndReturn(56)) - 25d6372c-77fd-4a39-ac2a-e48debad48df@group-B2671EB745D2-LeaderElection335: Election REJECTED; received 2 response(s) [25d6372c-77fd-4a39-ac2a-e48debad48df<-2ec85f63-33fb-4317-9145-71357d145af9#0:FAIL-t360, 25d6372c-77fd-4a39-ac2a-e48debad48df<-50423279-f647-4a18-8e85-347d68eaf856#0:FAIL-t360] and 0 exception(s); 25d6372c-77fd-4a39-ac2a-e48debad48df@group-B2671EB745D2:t360, leader=null, voted=25d6372c-77fd-4a39-ac2a-e48debad48df, raftlog=25d6372c-77fd-4a39-ac2a-e48debad48df@group-B2671EB745D2-SegmentedRaftLog:OPENED:c-1,f-1,i0, conf=-1: [50423279-f647-4a18-8e85-347d68eaf856:192.168.69.88:39583, 2ec85f63-33fb-4317-9145-71357d145af9:192.168.69.88:42357, 25d6372c-77fd-4a39-ac2a-e48debad48df:192.168.69.88:39591], old=null
2019-10-15 16:12:17,607 [25d6372c-77fd-4a39-ac2a-e48debad48df@group-B2671EB745D2-LeaderElection335] INFO  impl.RaftServerImpl (RaftServerImpl.java:setRole(184)) - 25d6372c-77fd-4a39-ac2a-e48debad48df@group-B2671EB745D2: changes role from CANDIDATE to FOLLOWER at term 360 for DISCOVERED_A_NEW_TERM
2019-10-15 16:12:17,607 [25d6372c-77fd-4a39-ac2a-e48debad48df@group-B2671EB745D2-LeaderElection335] INFO  impl.RoleInfo (RoleInfo.java:shutdownLeaderElection(134)) - 25d6372c-77fd-4a39-ac2a-e48debad48df: shutdown LeaderElection
2019-10-15 16:12:17,608 [25d6372c-77fd-4a39-ac2a-e48debad48df@group-B2671EB745D2-LeaderElection335] INFO  impl.RoleInfo (RoleInfo.java:updateAndGet(143)) - 25d6372c-77fd-4a39-ac2a-e48debad48df: start FollowerState
2019-10-15 16:12:17,782 [Thread-2433] INFO  impl.FollowerState (FollowerState.java:run(108)) - 25d6372c-77fd-4a39-ac2a-e48debad48df@group-B2671EB745D2-FollowerState: change to CANDIDATE, lastRpcTime:174ms, electionTimeout:174ms
2019-10-15 16:12:17,782 [Thread-2433] INFO  impl.RoleInfo (RoleInfo.java:shutdownFollowerState(121)) - 25d6372c-77fd-4a39-ac2a-e48debad48df: shutdown FollowerState
2019-10-15 16:12:17,782 [Thread-2433] INFO  impl.RaftServerImpl (RaftServerImpl.java:setRole(184)) - 25d6372c-77fd-4a39-ac2a-e48debad48df@group-B2671EB745D2: changes role from  FOLLOWER to CANDIDATE at term 360 for changeToCandidate
2019-10-15 16:12:17,782 [Thread-2433] INFO  impl.RoleInfo (RoleInfo.java:updateAndGet(143)) - 25d6372c-77fd-4a39-ac2a-e48debad48df: start LeaderElection
2019-10-15 16:12:17,796 [25d6372c-77fd-4a39-ac2a-e48debad48df@group-B2671EB745D2-LeaderElection336] INFO  impl.LeaderElection (LeaderElection.java:askForVotes(178)) - 25d6372c-77fd-4a39-ac2a-e48debad48df@group-B2671EB745D2-LeaderElection336: begin an election at term 361 for -1: [50423279-f647-4a18-8e85-347d68eaf856:192.168.69.88:39583, 2ec85f63-33fb-4317-9145-71357d145af9:192.168.69.88:42357, 25d6372c-77fd-4a39-ac2a-e48debad48df:192.168.69.88:39591], old=null
2019-10-15 16:12:17,797 [grpc-default-executor-0] INFO  impl.RaftServerImpl (RaftServerImpl.java:setRole(184)) - 2ec85f63-33fb-4317-9145-71357d145af9@group-B2671EB745D2: changes role from  FOLLOWER to FOLLOWER at term 361 for recognizeCandidate:25d6372c-77fd-4a39-ac2a-e48debad48df
2019-10-15 16:12:17,797 [grpc-default-executor-5] INFO  impl.RaftServerImpl (RaftServerImpl.java:setRole(184)) - 50423279-f647-4a18-8e85-347d68eaf856@group-B2671EB745D2: changes role from  FOLLOWER to FOLLOWER at term 361 for recognizeCandidate:25d6372c-77fd-4a39-ac2a-e48debad48df
2019-10-15 16:12:17,797 [grpc-default-executor-0] INFO  impl.RoleInfo (RoleInfo.java:shutdownFollowerState(121)) - 2ec85f63-33fb-4317-9145-71357d145af9: shutdown FollowerState
2019-10-15 16:12:17,797 [grpc-default-executor-5] INFO  impl.RoleInfo (RoleInfo.java:shutdownFollowerState(121)) - 50423279-f647-4a18-8e85-347d68eaf856: shutdown FollowerState
2019-10-15 16:12:17,797 [Thread-2432] INFO  impl.FollowerState (FollowerState.java:run(117)) - 2ec85f63-33fb-4317-9145-71357d145af9@group-B2671EB745D2-FollowerState was interrupted: java.lang.InterruptedException: sleep interrupted
2019-10-15 16:12:17,798 [grpc-default-executor-5] INFO  impl.RoleInfo (RoleInfo.java:updateAndGet(143)) - 50423279-f647-4a18-8e85-347d68eaf856: start FollowerState
2019-10-15 16:12:17,797 [grpc-default-executor-0] INFO  impl.RoleInfo (RoleInfo.java:updateAndGet(143)) - 2ec85f63-33fb-4317-9145-71357d145af9: start FollowerState
2019-10-15 16:12:17,798 [Thread-2431] INFO  impl.FollowerState (FollowerState.java:run(117)) - 50423279-f647-4a18-8e85-347d68eaf856@group-B2671EB745D2-FollowerState was interrupted: java.lang.InterruptedException: sleep interrupted
2019-10-15 16:12:17,812 [25d6372c-77fd-4a39-ac2a-e48debad48df@group-B2671EB745D2-LeaderElection336] INFO  impl.LeaderElection (LeaderElection.java:logAndReturn(56)) - 25d6372c-77fd-4a39-ac2a-e48debad48df@group-B2671EB745D2-LeaderElection336: Election REJECTED; received 2 response(s) [25d6372c-77fd-4a39-ac2a-e48debad48df<-2ec85f63-33fb-4317-9145-71357d145af9#0:FAIL-t361, 25d6372c-77fd-4a39-ac2a-e48debad48df<-50423279-f647-4a18-8e85-347d68eaf856#0:FAIL-t361] and 0 exception(s); 25d6372c-77fd-4a39-ac2a-e48debad48df@group-B2671EB745D2:t361, leader=null, voted=25d6372c-77fd-4a39-ac2a-e48debad48df, raftlog=25d6372c-77fd-4a39-ac2a-e48debad48df@group-B2671EB745D2-SegmentedRaftLog:OPENED:c-1,f-1,i0, conf=-1: [50423279-f647-4a18-8e85-347d68eaf856:192.168.69.88:39583, 2ec85f63-33fb-4317-9145-71357d145af9:192.168.69.88:42357, 25d6372c-77fd-4a39-ac2a-e48debad48df:192.168.69.88:39591], old=null
2019-10-15 16:12:17,812 [25d6372c-77fd-4a39-ac2a-e48debad48df@group-B2671EB745D2-LeaderElection336] INFO  impl.RaftServerImpl (RaftServerImpl.java:setRole(184)) - 25d6372c-77fd-4a39-ac2a-e48debad48df@group-B2671EB745D2: changes role from CANDIDATE to FOLLOWER at term 361 for DISCOVERED_A_NEW_TERM
2019-10-15 16:12:17,812 [25d6372c-77fd-4a39-ac2a-e48debad48df@group-B2671EB745D2-LeaderElection336] INFO  impl.RoleInfo (RoleInfo.java:shutdownLeaderElection(134)) - 25d6372c-77fd-4a39-ac2a-e48debad48df: shutdown LeaderElection
2019-10-15 16:12:17,812 [25d6372c-77fd-4a39-ac2a-e48debad48df@group-B2671EB745D2-LeaderElection336] INFO  impl.RoleInfo (RoleInfo.java:updateAndGet(143)) - 25d6372c-77fd-4a39-ac2a-e48debad48df: start FollowerState
2019-10-15 16:12:17,906 [Thread-2441] INFO  impl.FollowerState (FollowerState.java:run(108)) - 25d6372c-77fd-4a39-ac2a-e48debad48df@group-B2671EB745D2-FollowerState: change to CANDIDATE, lastRpcTime:94ms, electionTimeout:94ms
2019-10-15 16:12:17,906 [Thread-2441] INFO  impl.RoleInfo (RoleInfo.java:shutdownFollowerState(121)) - 25d6372c-77fd-4a39-ac2a-e48debad48df: shutdown FollowerState
2019-10-15 16:12:17,906 [Thread-2441] INFO  impl.RaftServerImpl (RaftServerImpl.java:setRole(184)) - 25d6372c-77fd-4a39-ac2a-e48debad48df@group-B2671EB745D2: changes role from  FOLLOWER to CANDIDATE at term 361 for changeToCandidate
2019-10-15 16:12:17,907 [Thread-2441] INFO  impl.RoleInfo (RoleInfo.java:updateAndGet(143)) - 25d6372c-77fd-4a39-ac2a-e48debad48df: start LeaderElection
2019-10-15 16:12:17,920 [25d6372c-77fd-4a39-ac2a-e48debad48df@group-B2671EB745D2-LeaderElection337] INFO  impl.LeaderElection (LeaderElection.java:askForVotes(178)) - 25d6372c-77fd-4a39-ac2a-e48debad48df@group-B2671EB745D2-LeaderElection337: begin an election at term 362 for -1: [50423279-f647-4a18-8e85-347d68eaf856:192.168.69.88:39583, 2ec85f63-33fb-4317-9145-71357d145af9:192.168.69.88:42357, 25d6372c-77fd-4a39-ac2a-e48debad48df:192.168.69.88:39591], old=null
2019-10-15 16:12:17,921 [grpc-default-executor-5] INFO  impl.RaftServerImpl (RaftServerImpl.java:setRole(184)) - 50423279-f647-4a18-8e85-347d68eaf856@group-B2671EB745D2: changes role from  FOLLOWER to FOLLOWER at term 362 for recognizeCandidate:25d6372c-77fd-4a39-ac2a-e48debad48df
2019-10-15 16:12:17,922 [grpc-default-executor-0] INFO  impl.RaftServerImpl (RaftServerImpl.java:setRole(184)) - 2ec85f63-33fb-4317-9145-71357d145af9@group-B2671EB745D2: changes role from  FOLLOWER to FOLLOWER at term 362 for recognizeCandidate:25d6372c-77fd-4a39-ac2a-e48debad48df
2019-10-15 16:12:17,922 [grpc-default-executor-5] INFO  impl.RoleInfo (RoleInfo.java:shutdownFollowerState(121)) - 50423279-f647-4a18-8e85-347d68eaf856: shutdown FollowerState
2019-10-15 16:12:17,922 [grpc-default-executor-0] INFO  impl.RoleInfo (RoleInfo.java:shutdownFollowerState(121)) - 2ec85f63-33fb-4317-9145-71357d145af9: shutdown FollowerState
2019-10-15 16:12:17,922 [Thread-2440] INFO  impl.FollowerState (FollowerState.java:run(117)) - 50423279-f647-4a18-8e85-347d68eaf856@group-B2671EB745D2-FollowerState was interrupted: java.lang.InterruptedException: sleep interrupted
2019-10-15 16:12:17,922 [grpc-default-executor-5] INFO  impl.RoleInfo (RoleInfo.java:updateAndGet(143)) - 50423279-f647-4a18-8e85-347d68eaf856: start FollowerState
2019-10-15 16:12:17,922 [Thread-2439] INFO  impl.FollowerState (FollowerState.java:run(117)) - 2ec85f63-33fb-4317-9145-71357d145af9@group-B2671EB745D2-FollowerState was interrupted: java.lang.InterruptedException: sleep interrupted
2019-10-15 16:12:17,922 [grpc-default-executor-0] INFO  impl.RoleInfo (RoleInfo.java:updateAndGet(143)) - 2ec85f63-33fb-4317-9145-71357d145af9: start FollowerState
2019-10-15 16:12:17,937 [25d6372c-77fd-4a39-ac2a-e48debad48df@group-B2671EB745D2-LeaderElection337] INFO  impl.LeaderElection (LeaderElection.java:logAndReturn(56)) - 25d6372c-77fd-4a39-ac2a-e48debad48df@group-B2671EB745D2-LeaderElection337: Election REJECTED; received 2 response(s) [25d6372c-77fd-4a39-ac2a-e48debad48df<-50423279-f647-4a18-8e85-347d68eaf856#0:FAIL-t362, 25d6372c-77fd-4a39-ac2a-e48debad48df<-2ec85f63-33fb-4317-9145-71357d145af9#0:FAIL-t362] and 0 exception(s); 25d6372c-77fd-4a39-ac2a-e48debad48df@group-B2671EB745D2:t362, leader=null, voted=25d6372c-77fd-4a39-ac2a-e48debad48df, raftlog=25d6372c-77fd-4a39-ac2a-e48debad48df@group-B2671EB745D2-SegmentedRaftLog:OPENED:c-1,f-1,i0, conf=-1: [50423279-f647-4a18-8e85-347d68eaf856:192.168.69.88:39583, 2ec85f63-33fb-4317-9145-71357d145af9:192.168.69.88:42357, 25d6372c-77fd-4a39-ac2a-e48debad48df:192.168.69.88:39591], old=null
2019-10-15 16:12:17,937 [25d6372c-77fd-4a39-ac2a-e48debad48df@group-B2671EB745D2-LeaderElection337] INFO  impl.RaftServerImpl (RaftServerImpl.java:setRole(184)) - 25d6372c-77fd-4a39-ac2a-e48debad48df@group-B2671EB745D2: changes role from CANDIDATE to FOLLOWER at term 362 for DISCOVERED_A_NEW_TERM
2019-10-15 16:12:17,937 [25d6372c-77fd-4a39-ac2a-e48debad48df@group-B2671EB745D2-LeaderElection337] INFO  impl.RoleInfo (RoleInfo.java:shutdownLeaderElection(134)) - 25d6372c-77fd-4a39-ac2a-e48debad48df: shutdown LeaderElection
2019-10-15 16:12:17,937 [25d6372c-77fd-4a39-ac2a-e48debad48df@group-B2671EB745D2-LeaderElection337] INFO  impl.RoleInfo (RoleInfo.java:updateAndGet(143)) - 25d6372c-77fd-4a39-ac2a-e48debad48df: start FollowerState
2019-10-15 16:12:18,129 [Thread-2447] INFO  impl.FollowerState (FollowerState.java:run(108)) - 25d6372c-77fd-4a39-ac2a-e48debad48df@group-B2671EB745D2-FollowerState: change to CANDIDATE, lastRpcTime:192ms, electionTimeout:192ms
2019-10-15 16:12:18,130 [Thread-2447] INFO  impl.RoleInfo (RoleInfo.java:shutdownFollowerState(121)) - 25d6372c-77fd-4a39-ac2a-e48debad48df: shutdown FollowerState
2019-10-15 16:12:18,130 [Thread-2447] INFO  impl.RaftServerImpl (RaftServerImpl.java:setRole(184)) - 25d6372c-77fd-4a39-ac2a-e48debad48df@group-B2671EB745D2: changes role from  FOLLOWER to CANDIDATE at term 362 for changeToCandidate
2019-10-15 16:12:18,130 [Thread-2447] INFO  impl.RoleInfo (RoleInfo.java:updateAndGet(143)) - 25d6372c-77fd-4a39-ac2a-e48debad48df: start LeaderElection
2019-10-15 16:12:18,154 [25d6372c-77fd-4a39-ac2a-e48debad48df@group-B2671EB745D2-LeaderElection338] INFO  impl.LeaderElection (LeaderElection.java:askForVotes(178)) - 25d6372c-77fd-4a39-ac2a-e48debad48df@group-B2671EB745D2-LeaderElection338: begin an election at term 363 for -1: [50423279-f647-4a18-8e85-347d68eaf856:192.168.69.88:39583, 2ec85f63-33fb-4317-9145-71357d145af9:192.168.69.88:42357, 25d6372c-77fd-4a39-ac2a-e48debad48df:192.168.69.88:39591], old=null
2019-10-15 16:12:18,156 [grpc-default-executor-5] INFO  impl.RaftServerImpl (RaftServerImpl.java:setRole(184)) - 50423279-f647-4a18-8e85-347d68eaf856@group-B2671EB745D2: changes role from  FOLLOWER to FOLLOWER at term 363 for recognizeCandidate:25d6372c-77fd-4a39-ac2a-e48debad48df
2019-10-15 16:12:18,156 [grpc-default-executor-5] INFO  impl.RoleInfo (RoleInfo.java:shutdownFollowerState(121)) - 50423279-f647-4a18-8e85-347d68eaf856: shutdown FollowerState
2019-10-15 16:12:18,156 [grpc-default-executor-5] INFO  impl.RoleInfo (RoleInfo.java:updateAndGet(143)) - 50423279-f647-4a18-8e85-347d68eaf856: start FollowerState
2019-10-15 16:12:18,157 [Thread-2445] INFO  impl.FollowerState (FollowerState.java:run(117)) - 50423279-f647-4a18-8e85-347d68eaf856@group-B2671EB745D2-FollowerState was interrupted: java.lang.InterruptedException: sleep interrupted
2019-10-15 16:12:18,156 [grpc-default-executor-0] INFO  impl.RaftServerImpl (RaftServerImpl.java:setRole(184)) - 2ec85f63-33fb-4317-9145-71357d145af9@group-B2671EB745D2: changes role from  FOLLOWER to FOLLOWER at term 363 for recognizeCandidate:25d6372c-77fd-4a39-ac2a-e48debad48df
2019-10-15 16:12:18,157 [grpc-default-executor-0] INFO  impl.RoleInfo (RoleInfo.java:shutdownFollowerState(121)) - 2ec85f63-33fb-4317-9145-71357d145af9: shutdown FollowerState
2019-10-15 16:12:18,157 [grpc-default-executor-0] INFO  impl.RoleInfo (RoleInfo.java:updateAndGet(143)) - 2ec85f63-33fb-4317-9145-71357d145af9: start FollowerState
2019-10-15 16:12:18,157 [Thread-2446] INFO  impl.FollowerState (FollowerState.java:run(117)) - 2ec85f63-33fb-4317-9145-71357d145af9@group-B2671EB745D2-FollowerState was interrupted: java.lang.InterruptedException: sleep interrupted
2019-10-15 16:12:18,172 [25d6372c-77fd-4a39-ac2a-e48debad48df@group-B2671EB745D2-LeaderElection338] INFO  impl.LeaderElection (LeaderElection.java:logAndReturn(56)) - 25d6372c-77fd-4a39-ac2a-e48debad48df@group-B2671EB745D2-LeaderElection338: Election REJECTED; received 2 response(s) [25d6372c-77fd-4a39-ac2a-e48debad48df<-2ec85f63-33fb-4317-9145-71357d145af9#0:FAIL-t363, 25d6372c-77fd-4a39-ac2a-e48debad48df<-50423279-f647-4a18-8e85-347d68eaf856#0:FAIL-t363] and 0 exception(s); 25d6372c-77fd-4a39-ac2a-e48debad48df@group-B2671EB745D2:t363, leader=null, voted=25d6372c-77fd-4a39-ac2a-e48debad48df, raftlog=25d6372c-77fd-4a39-ac2a-e48debad48df@group-B2671EB745D2-SegmentedRaftLog:OPENED:c-1,f-1,i0, conf=-1: [50423279-f647-4a18-8e85-347d68eaf856:192.168.69.88:39583, 2ec85f63-33fb-4317-9145-71357d145af9:192.168.69.88:42357, 25d6372c-77fd-4a39-ac2a-e48debad48df:192.168.69.88:39591], old=null
2019-10-15 16:12:18,172 [25d6372c-77fd-4a39-ac2a-e48debad48df@group-B2671EB745D2-LeaderElection338] INFO  impl.RaftServerImpl (RaftServerImpl.java:setRole(184)) - 25d6372c-77fd-4a39-ac2a-e48debad48df@group-B2671EB745D2: changes role from CANDIDATE to FOLLOWER at term 363 for DISCOVERED_A_NEW_TERM
2019-10-15 16:12:18,172 [25d6372c-77fd-4a39-ac2a-e48debad48df@group-B2671EB745D2-LeaderElection338] INFO  impl.RoleInfo (RoleInfo.java:shutdownLeaderElection(134)) - 25d6372c-77fd-4a39-ac2a-e48debad48df: shutdown LeaderElection
2019-10-15 16:12:18,172 [25d6372c-77fd-4a39-ac2a-e48debad48df@group-B2671EB745D2-LeaderElection338] INFO  impl.RoleInfo (RoleInfo.java:updateAndGet(143)) - 25d6372c-77fd-4a39-ac2a-e48debad48df: start FollowerState
2019-10-15 16:12:18,360 [Thread-2453] INFO  impl.FollowerState (FollowerState.java:run(108)) - 25d6372c-77fd-4a39-ac2a-e48debad48df@group-B2671EB745D2-FollowerState: change to CANDIDATE, lastRpcTime:187ms, electionTimeout:187ms
2019-10-15 16:12:18,360 [Thread-2453] INFO  impl.RoleInfo (RoleInfo.java:shutdownFollowerState(121)) - 25d6372c-77fd-4a39-ac2a-e48debad48df: shutdown FollowerState
2019-10-15 16:12:18,360 [Thread-2453] INFO  impl.RaftServerImpl (RaftServerImpl.java:setRole(184)) - 25d6372c-77fd-4a39-ac2a-e48debad48df@group-B2671EB745D2: changes role from  FOLLOWER to CANDIDATE at term 363 for changeToCandidate
2019-10-15 16:12:18,360 [Thread-2453] INFO  impl.RoleInfo (RoleInfo.java:updateAndGet(143)) - 25d6372c-77fd-4a39-ac2a-e48debad48df: start LeaderElection
2019-10-15 16:12:18,374 [25d6372c-77fd-4a39-ac2a-e48debad48df@group-B2671EB745D2-LeaderElection339] INFO  impl.LeaderElection (LeaderElection.java:askForVotes(178)) - 25d6372c-77fd-4a39-ac2a-e48debad48df@group-B2671EB745D2-LeaderElection339: begin an election at term 364 for -1: [50423279-f647-4a18-8e85-347d68eaf856:192.168.69.88:39583, 2ec85f63-33fb-4317-9145-71357d145af9:192.168.69.88:42357, 25d6372c-77fd-4a39-ac2a-e48debad48df:192.168.69.88:39591], old=null
2019-10-15 16:12:18,376 [grpc-default-executor-0] INFO  impl.RaftServerImpl (RaftServerImpl.java:setRole(184)) - 50423279-f647-4a18-8e85-347d68eaf856@group-B2671EB745D2: changes role from  FOLLOWER to FOLLOWER at term 364 for recognizeCandidate:25d6372c-77fd-4a39-ac2a-e48debad48df
2019-10-15 16:12:18,376 [grpc-default-executor-0] INFO  impl.RoleInfo (RoleInfo.java:shutdownFollowerState(121)) - 50423279-f647-4a18-8e85-347d68eaf856: shutdown FollowerState
2019-10-15 16:12:18,376 [grpc-default-executor-5] INFO  impl.RaftServerImpl (RaftServerImpl.java:setRole(184)) - 2ec85f63-33fb-4317-9145-71357d145af9@group-B2671EB745D2: changes role from  FOLLOWER to FOLLOWER at term 364 for recognizeCandidate:25d6372c-77fd-4a39-ac2a-e48debad48df
2019-10-15 16:12:18,376 [Thread-2451] INFO  impl.FollowerState (FollowerState.java:run(117)) - 50423279-f647-4a18-8e85-347d68eaf856@group-B2671EB745D2-FollowerState was interrupted: java.lang.InterruptedException: sleep interrupted
2019-10-15 16:12:18,376 [grpc-default-executor-0] INFO  impl.RoleInfo (RoleInfo.java:updateAndGet(143)) - 50423279-f647-4a18-8e85-347d68eaf856: start FollowerState
2019-10-15 16:12:18,376 [grpc-default-executor-5] INFO  impl.RoleInfo (RoleInfo.java:shutdownFollowerState(121)) - 2ec85f63-33fb-4317-9145-71357d145af9: shutdown FollowerState
2019-10-15 16:12:18,377 [grpc-default-executor-5] INFO  impl.RoleInfo (RoleInfo.java:updateAndGet(143)) - 2ec85f63-33fb-4317-9145-71357d145af9: start FollowerState
2019-10-15 16:12:18,377 [Thread-2452] INFO  impl.FollowerState (FollowerState.java:run(117)) - 2ec85f63-33fb-4317-9145-71357d145af9@group-B2671EB745D2-FollowerState was interrupted: java.lang.InterruptedException: sleep interrupted
2019-10-15 16:12:18,391 [25d6372c-77fd-4a39-ac2a-e48debad48df@group-B2671EB745D2-LeaderElection339] INFO  impl.LeaderElection (LeaderElection.java:logAndReturn(56)) - 25d6372c-77fd-4a39-ac2a-e48debad48df@group-B2671EB745D2-LeaderElection339: Election REJECTED; received 2 response(s) [25d6372c-77fd-4a39-ac2a-e48debad48df<-50423279-f647-4a18-8e85-347d68eaf856#0:FAIL-t364, 25d6372c-77fd-4a39-ac2a-e48debad48df<-2ec85f63-33fb-4317-9145-71357d145af9#0:FAIL-t364] and 0 exception(s); 25d6372c-77fd-4a39-ac2a-e48debad48df@group-B2671EB745D2:t364, leader=null, voted=25d6372c-77fd-4a39-ac2a-e48debad48df, raftlog=25d6372c-77fd-4a39-ac2a-e48debad48df@group-B2671EB745D2-SegmentedRaftLog:OPENED:c-1,f-1,i0, conf=-1: [50423279-f647-4a18-8e85-347d68eaf856:192.168.69.88:39583, 2ec85f63-33fb-4317-9145-71357d145af9:192.168.69.88:42357, 25d6372c-77fd-4a39-ac2a-e48debad48df:192.168.69.88:39591], old=null
2019-10-15 16:12:18,391 [25d6372c-77fd-4a39-ac2a-e48debad48df@group-B2671EB745D2-LeaderElection339] INFO  impl.RaftServerImpl (RaftServerImpl.java:setRole(184)) - 25d6372c-77fd-4a39-ac2a-e48debad48df@group-B2671EB745D2: changes role from CANDIDATE to FOLLOWER at term 364 for DISCOVERED_A_NEW_TERM
2019-10-15 16:12:18,392 [25d6372c-77fd-4a39-ac2a-e48debad48df@group-B2671EB745D2-LeaderElection339] INFO  impl.RoleInfo (RoleInfo.java:shutdownLeaderElection(134)) - 25d6372c-77fd-4a39-ac2a-e48debad48df: shutdown LeaderElection
2019-10-15 16:12:18,392 [25d6372c-77fd-4a39-ac2a-e48debad48df@group-B2671EB745D2-LeaderElection339] INFO  impl.RoleInfo (RoleInfo.java:updateAndGet(143)) - 25d6372c-77fd-4a39-ac2a-e48debad48df: start FollowerState
2019-10-15 16:12:18,451 [Thread-2459] INFO  impl.FollowerState (FollowerState.java:run(108)) - 25d6372c-77fd-4a39-ac2a-e48debad48df@group-B2671EB745D2-FollowerState: change to CANDIDATE, lastRpcTime:59ms, electionTimeout:59ms
2019-10-15 16:12:18,452 [Thread-2459] INFO  impl.RoleInfo (RoleInfo.java:shutdownFollowerState(121)) - 25d6372c-77fd-4a39-ac2a-e48debad48df: shutdown FollowerState
2019-10-15 16:12:18,452 [Thread-2459] INFO  impl.RaftServerImpl (RaftServerImpl.java:setRole(184)) - 25d6372c-77fd-4a39-ac2a-e48debad48df@group-B2671EB745D2: changes role from  FOLLOWER to CANDIDATE at term 364 for changeToCandidate
2019-10-15 16:12:18,452 [Thread-2459] INFO  impl.RoleInfo (RoleInfo.java:updateAndGet(143)) - 25d6372c-77fd-4a39-ac2a-e48debad48df: start LeaderElection
2019-10-15 16:12:18,473 [25d6372c-77fd-4a39-ac2a-e48debad48df@group-B2671EB745D2-LeaderElection340] INFO  impl.LeaderElection (LeaderElection.java:askForVotes(178)) - 25d6372c-77fd-4a39-ac2a-e48debad48df@group-B2671EB745D2-LeaderElection340: begin an election at term 365 for -1: [50423279-f647-4a18-8e85-347d68eaf856:192.168.69.88:39583, 2ec85f63-33fb-4317-9145-71357d145af9:192.168.69.88:42357, 25d6372c-77fd-4a39-ac2a-e48debad48df:192.168.69.88:39591], old=null
2019-10-15 16:12:18,475 [grpc-default-executor-5] INFO  impl.RaftServerImpl (RaftServerImpl.java:setRole(184)) - 2ec85f63-33fb-4317-9145-71357d145af9@group-B2671EB745D2: changes role from  FOLLOWER to FOLLOWER at term 365 for recognizeCandidate:25d6372c-77fd-4a39-ac2a-e48debad48df
2019-10-15 16:12:18,475 [grpc-default-executor-0] INFO  impl.RaftServerImpl (RaftServerImpl.java:setRole(184)) - 50423279-f647-4a18-8e85-347d68eaf856@group-B2671EB745D2: changes role from  FOLLOWER to FOLLOWER at term 365 for recognizeCandidate:25d6372c-77fd-4a39-ac2a-e48debad48df
2019-10-15 16:12:18,475 [grpc-default-executor-5] INFO  impl.RoleInfo (RoleInfo.java:shutdownFollowerState(121)) - 2ec85f63-33fb-4317-9145-71357d145af9: shutdown FollowerState
2019-10-15 16:12:18,475 [grpc-default-executor-0] INFO  impl.RoleInfo (RoleInfo.java:shutdownFollowerState(121)) - 50423279-f647-4a18-8e85-347d68eaf856: shutdown FollowerState
2019-10-15 16:12:18,475 [Thread-2458] INFO  impl.FollowerState (FollowerState.java:run(117)) - 2ec85f63-33fb-4317-9145-71357d145af9@group-B2671EB745D2-FollowerState was interrupted: java.lang.InterruptedException: sleep interrupted
2019-10-15 16:12:18,475 [grpc-default-executor-5] INFO  impl.RoleInfo (RoleInfo.java:updateAndGet(143)) - 2ec85f63-33fb-4317-9145-71357d145af9: start FollowerState
2019-10-15 16:12:18,476 [Thread-2457] INFO  impl.FollowerState (FollowerState.java:run(117)) - 50423279-f647-4a18-8e85-347d68eaf856@group-B2671EB745D2-FollowerState was interrupted: java.lang.InterruptedException: sleep interrupted
2019-10-15 16:12:18,476 [grpc-default-executor-0] INFO  impl.RoleInfo (RoleInfo.java:updateAndGet(143)) - 50423279-f647-4a18-8e85-347d68eaf856: start FollowerState
2019-10-15 16:12:18,581 [25d6372c-77fd-4a39-ac2a-e48debad48df@group-B2671EB745D2-LeaderElection340] INFO  impl.LeaderElection (LeaderElection.java:logAndReturn(56)) - 25d6372c-77fd-4a39-ac2a-e48debad48df@group-B2671EB745D2-LeaderElection340: Election TIMEOUT; received 0 response(s) [] and 0 exception(s); 25d6372c-77fd-4a39-ac2a-e48debad48df@group-B2671EB745D2:t365, leader=null, voted=25d6372c-77fd-4a39-ac2a-e48debad48df, raftlog=25d6372c-77fd-4a39-ac2a-e48debad48df@group-B2671EB745D2-SegmentedRaftLog:OPENED:c-1,f-1,i0, conf=-1: [50423279-f647-4a18-8e85-347d68eaf856:192.168.69.88:39583, 2ec85f63-33fb-4317-9145-71357d145af9:192.168.69.88:42357, 25d6372c-77fd-4a39-ac2a-e48debad48df:192.168.69.88:39591], old=null
2019-10-15 16:12:18,671 [25d6372c-77fd-4a39-ac2a-e48debad48df@group-B2671EB745D2-LeaderElection340] INFO  impl.LeaderElection (LeaderElection.java:askForVotes(178)) - 25d6372c-77fd-4a39-ac2a-e48debad48df@group-B2671EB745D2-LeaderElection340: begin an election at term 366 for -1: [50423279-f647-4a18-8e85-347d68eaf856:192.168.69.88:39583, 2ec85f63-33fb-4317-9145-71357d145af9:192.168.69.88:42357, 25d6372c-77fd-4a39-ac2a-e48debad48df:192.168.69.88:39591], old=null
2019-10-15 16:12:18,673 [grpc-default-executor-5] INFO  impl.RaftServerImpl (RaftServerImpl.java:setRole(184)) - 50423279-f647-4a18-8e85-347d68eaf856@group-B2671EB745D2: changes role from  FOLLOWER to FOLLOWER at term 366 for recognizeCandidate:25d6372c-77fd-4a39-ac2a-e48debad48df
2019-10-15 16:12:18,673 [grpc-default-executor-5] INFO  impl.RoleInfo (RoleInfo.java:shutdownFollowerState(121)) - 50423279-f647-4a18-8e85-347d68eaf856: shutdown FollowerState
2019-10-15 16:12:18,673 [grpc-default-executor-5] INFO  impl.RoleInfo (RoleInfo.java:updateAndGet(143)) - 50423279-f647-4a18-8e85-347d68eaf856: start FollowerState
2019-10-15 16:12:18,673 [Thread-2464] INFO  impl.FollowerState (FollowerState.java:run(117)) - 50423279-f647-4a18-8e85-347d68eaf856@group-B2671EB745D2-FollowerState was interrupted: java.lang.InterruptedException: sleep interrupted
2019-10-15 16:12:18,673 [grpc-default-executor-0] INFO  impl.RaftServerImpl (RaftServerImpl.java:setRole(184)) - 2ec85f63-33fb-4317-9145-71357d145af9@group-B2671EB745D2: changes role from  FOLLOWER to FOLLOWER at term 366 for recognizeCandidate:25d6372c-77fd-4a39-ac2a-e48debad48df
2019-10-15 16:12:18,674 [grpc-default-executor-0] INFO  impl.RoleInfo (RoleInfo.java:shutdownFollowerState(121)) - 2ec85f63-33fb-4317-9145-71357d145af9: shutdown FollowerState
2019-10-15 16:12:18,674 [grpc-default-executor-0] INFO  impl.RoleInfo (RoleInfo.java:updateAndGet(143)) - 2ec85f63-33fb-4317-9145-71357d145af9: start FollowerState
2019-10-15 16:12:18,674 [Thread-2463] INFO  impl.FollowerState (FollowerState.java:run(117)) - 2ec85f63-33fb-4317-9145-71357d145af9@group-B2671EB745D2-FollowerState was interrupted: java.lang.InterruptedException: sleep interrupted
2019-10-15 16:12:18,713 [25d6372c-77fd-4a39-ac2a-e48debad48df@group-B2671EB745D2-LeaderElection340] INFO  impl.LeaderElection (LeaderElection.java:logAndReturn(56)) - 25d6372c-77fd-4a39-ac2a-e48debad48df@group-B2671EB745D2-LeaderElection340: Election REJECTED; received 2 response(s) [25d6372c-77fd-4a39-ac2a-e48debad48df<-2ec85f63-33fb-4317-9145-71357d145af9#0:FAIL-t366, 25d6372c-77fd-4a39-ac2a-e48debad48df<-50423279-f647-4a18-8e85-347d68eaf856#0:FAIL-t366] and 0 exception(s); 25d6372c-77fd-4a39-ac2a-e48debad48df@group-B2671EB745D2:t366, leader=null, voted=25d6372c-77fd-4a39-ac2a-e48debad48df, raftlog=25d6372c-77fd-4a39-ac2a-e48debad48df@group-B2671EB745D2-SegmentedRaftLog:OPENED:c-1,f-1,i0, conf=-1: [50423279-f647-4a18-8e85-347d68eaf856:192.168.69.88:39583, 2ec85f63-33fb-4317-9145-71357d145af9:192.168.69.88:42357, 25d6372c-77fd-4a39-ac2a-e48debad48df:192.168.69.88:39591], old=null
2019-10-15 16:12:18,713 [25d6372c-77fd-4a39-ac2a-e48debad48df@group-B2671EB745D2-LeaderElection340] INFO  impl.RaftServerImpl (RaftServerImpl.java:setRole(184)) - 25d6372c-77fd-4a39-ac2a-e48debad48df@group-B2671EB745D2: changes role from CANDIDATE to FOLLOWER at term 366 for DISCOVERED_A_NEW_TERM
2019-10-15 16:12:18,713 [25d6372c-77fd-4a39-ac2a-e48debad48df@group-B2671EB745D2-LeaderElection340] INFO  impl.RoleInfo (RoleInfo.java:shutdownLeaderElection(134)) - 25d6372c-77fd-4a39-ac2a-e48debad48df: shutdown LeaderElection
2019-10-15 16:12:18,713 [25d6372c-77fd-4a39-ac2a-e48debad48df@group-B2671EB745D2-LeaderElection340] INFO  impl.RoleInfo (RoleInfo.java:updateAndGet(143)) - 25d6372c-77fd-4a39-ac2a-e48debad48df: start FollowerState
2019-10-15 16:12:18,771 [Thread-2469] INFO  impl.FollowerState (FollowerState.java:run(108)) - 25d6372c-77fd-4a39-ac2a-e48debad48df@group-B2671EB745D2-FollowerState: change to CANDIDATE, lastRpcTime:57ms, electionTimeout:57ms
2019-10-15 16:12:18,771 [Thread-2469] INFO  impl.RoleInfo (RoleInfo.java:shutdownFollowerState(121)) - 25d6372c-77fd-4a39-ac2a-e48debad48df: shutdown FollowerState
2019-10-15 16:12:18,771 [Thread-2469] INFO  impl.RaftServerImpl (RaftServerImpl.java:setRole(184)) - 25d6372c-77fd-4a39-ac2a-e48debad48df@group-B2671EB745D2: changes role from  FOLLOWER to CANDIDATE at term 366 for changeToCandidate
2019-10-15 16:12:18,771 [Thread-2469] INFO  impl.RoleInfo (RoleInfo.java:updateAndGet(143)) - 25d6372c-77fd-4a39-ac2a-e48debad48df: start LeaderElection
2019-10-15 16:12:18,787 [25d6372c-77fd-4a39-ac2a-e48debad48df@group-B2671EB745D2-LeaderElection341] INFO  impl.LeaderElection (LeaderElection.java:askForVotes(178)) - 25d6372c-77fd-4a39-ac2a-e48debad48df@group-B2671EB745D2-LeaderElection341: begin an election at term 367 for -1: [50423279-f647-4a18-8e85-347d68eaf856:192.168.69.88:39583, 2ec85f63-33fb-4317-9145-71357d145af9:192.168.69.88:42357, 25d6372c-77fd-4a39-ac2a-e48debad48df:192.168.69.88:39591], old=null
2019-10-15 16:12:18,788 [grpc-default-executor-0] INFO  impl.RaftServerImpl (RaftServerImpl.java:setRole(184)) - 50423279-f647-4a18-8e85-347d68eaf856@group-B2671EB745D2: changes role from  FOLLOWER to FOLLOWER at term 367 for recognizeCandidate:25d6372c-77fd-4a39-ac2a-e48debad48df
2019-10-15 16:12:18,789 [grpc-default-executor-5] INFO  impl.RaftServerImpl (RaftServerImpl.java:setRole(184)) - 2ec85f63-33fb-4317-9145-71357d145af9@group-B2671EB745D2: changes role from  FOLLOWER to FOLLOWER at term 367 for recognizeCandidate:25d6372c-77fd-4a39-ac2a-e48debad48df
2019-10-15 16:12:18,789 [grpc-default-executor-5] INFO  impl.RoleInfo (RoleInfo.java:shutdownFollowerState(121)) - 2ec85f63-33fb-4317-9145-71357d145af9: shutdown FollowerState
2019-10-15 16:12:18,789 [grpc-default-executor-0] INFO  impl.RoleInfo (RoleInfo.java:shutdownFollowerState(121)) - 50423279-f647-4a18-8e85-347d68eaf856: shutdown FollowerState
2019-10-15 16:12:18,789 [Thread-2468] INFO  impl.FollowerState (FollowerState.java:run(117)) - 2ec85f63-33fb-4317-9145-71357d145af9@group-B2671EB745D2-FollowerState was interrupted: java.lang.InterruptedException: sleep interrupted
2019-10-15 16:12:18,789 [Thread-2467] INFO  impl.FollowerState (FollowerState.java:run(117)) - 50423279-f647-4a18-8e85-347d68eaf856@group-B2671EB745D2-FollowerState was interrupted: java.lang.InterruptedException: sleep interrupted
2019-10-15 16:12:18,789 [grpc-default-executor-5] INFO  impl.RoleInfo (RoleInfo.java:updateAndGet(143)) - 2ec85f63-33fb-4317-9145-71357d145af9: start FollowerState
2019-10-15 16:12:18,789 [grpc-default-executor-0] INFO  impl.RoleInfo (RoleInfo.java:updateAndGet(143)) - 50423279-f647-4a18-8e85-347d68eaf856: start FollowerState
2019-10-15 16:12:18,798 [25d6372c-77fd-4a39-ac2a-e48debad48df@group-B2671EB745D2-LeaderElection341] INFO  impl.LeaderElection (LeaderElection.java:logAndReturn(56)) - 25d6372c-77fd-4a39-ac2a-e48debad48df@group-B2671EB745D2-LeaderElection341: Election REJECTED; received 2 response(s) [25d6372c-77fd-4a39-ac2a-e48debad48df<-2ec85f63-33fb-4317-9145-71357d145af9#0:FAIL-t367, 25d6372c-77fd-4a39-ac2a-e48debad48df<-50423279-f647-4a18-8e85-347d68eaf856#0:FAIL-t367] and 0 exception(s); 25d6372c-77fd-4a39-ac2a-e48debad48df@group-B2671EB745D2:t367, leader=null, voted=25d6372c-77fd-4a39-ac2a-e48debad48df, raftlog=25d6372c-77fd-4a39-ac2a-e48debad48df@group-B2671EB745D2-SegmentedRaftLog:OPENED:c-1,f-1,i0, conf=-1: [50423279-f647-4a18-8e85-347d68eaf856:192.168.69.88:39583, 2ec85f63-33fb-4317-9145-71357d145af9:192.168.69.88:42357, 25d6372c-77fd-4a39-ac2a-e48debad48df:192.168.69.88:39591], old=null
2019-10-15 16:12:18,799 [25d6372c-77fd-4a39-ac2a-e48debad48df@group-B2671EB745D2-LeaderElection341] INFO  impl.RaftServerImpl (RaftServerImpl.java:setRole(184)) - 25d6372c-77fd-4a39-ac2a-e48debad48df@group-B2671EB745D2: changes role from CANDIDATE to FOLLOWER at term 367 for DISCOVERED_A_NEW_TERM
2019-10-15 16:12:18,799 [25d6372c-77fd-4a39-ac2a-e48debad48df@group-B2671EB745D2-LeaderElection341] INFO  impl.RoleInfo (RoleInfo.java:shutdownLeaderElection(134)) - 25d6372c-77fd-4a39-ac2a-e48debad48df: shutdown LeaderElection
2019-10-15 16:12:18,799 [25d6372c-77fd-4a39-ac2a-e48debad48df@group-B2671EB745D2-LeaderElection341] INFO  impl.RoleInfo (RoleInfo.java:updateAndGet(143)) - 25d6372c-77fd-4a39-ac2a-e48debad48df: start FollowerState
2019-10-15 16:12:18,861 [Thread-2477] INFO  impl.FollowerState (FollowerState.java:run(108)) - 25d6372c-77fd-4a39-ac2a-e48debad48df@group-B2671EB745D2-FollowerState: change to CANDIDATE, lastRpcTime:62ms, electionTimeout:62ms
2019-10-15 16:12:18,862 [Thread-2477] INFO  impl.RoleInfo (RoleInfo.java:shutdownFollowerState(121)) - 25d6372c-77fd-4a39-ac2a-e48debad48df: shutdown FollowerState
2019-10-15 16:12:18,862 [Thread-2477] INFO  impl.RaftServerImpl (RaftServerImpl.java:setRole(184)) - 25d6372c-77fd-4a39-ac2a-e48debad48df@group-B2671EB745D2: changes role from  FOLLOWER to CANDIDATE at term 367 for changeToCandidate
2019-10-15 16:12:18,862 [Thread-2477] INFO  impl.RoleInfo (RoleInfo.java:updateAndGet(143)) - 25d6372c-77fd-4a39-ac2a-e48debad48df: start LeaderElection
2019-10-15 16:12:18,901 [25d6372c-77fd-4a39-ac2a-e48debad48df@group-B2671EB745D2-LeaderElection342] INFO  impl.LeaderElection (LeaderElection.java:askForVotes(178)) - 25d6372c-77fd-4a39-ac2a-e48debad48df@group-B2671EB745D2-LeaderElection342: begin an election at term 368 for -1: [50423279-f647-4a18-8e85-347d68eaf856:192.168.69.88:39583, 2ec85f63-33fb-4317-9145-71357d145af9:192.168.69.88:42357, 25d6372c-77fd-4a39-ac2a-e48debad48df:192.168.69.88:39591], old=null
2019-10-15 16:12:18,903 [grpc-default-executor-5] INFO  impl.RaftServerImpl (RaftServerImpl.java:setRole(184)) - 50423279-f647-4a18-8e85-347d68eaf856@group-B2671EB745D2: changes role from  FOLLOWER to FOLLOWER at term 368 for recognizeCandidate:25d6372c-77fd-4a39-ac2a-e48debad48df
2019-10-15 16:12:18,903 [grpc-default-executor-0] INFO  impl.RaftServerImpl (RaftServerImpl.java:setRole(184)) - 2ec85f63-33fb-4317-9145-71357d145af9@group-B2671EB745D2: changes role from  FOLLOWER to FOLLOWER at term 368 for recognizeCandidate:25d6372c-77fd-4a39-ac2a-e48debad48df
2019-10-15 16:12:18,903 [grpc-default-executor-5] INFO  impl.RoleInfo (RoleInfo.java:shutdownFollowerState(121)) - 50423279-f647-4a18-8e85-347d68eaf856: shutdown FollowerState
2019-10-15 16:12:18,903 [grpc-default-executor-0] INFO  impl.RoleInfo (RoleInfo.java:shutdownFollowerState(121)) - 2ec85f63-33fb-4317-9145-71357d145af9: shutdown FollowerState
2019-10-15 16:12:18,903 [Thread-2476] INFO  impl.FollowerState (FollowerState.java:run(117)) - 50423279-f647-4a18-8e85-347d68eaf856@group-B2671EB745D2-FollowerState was interrupted: java.lang.InterruptedException: sleep interrupted
2019-10-15 16:12:18,903 [grpc-default-executor-5] INFO  impl.RoleInfo (RoleInfo.java:updateAndGet(143)) - 50423279-f647-4a18-8e85-347d68eaf856: start FollowerState
2019-10-15 16:12:18,904 [Thread-2475] INFO  impl.FollowerState (FollowerState.java:run(117)) - 2ec85f63-33fb-4317-9145-71357d145af9@group-B2671EB745D2-FollowerState was interrupted: java.lang.InterruptedException: sleep interrupted
2019-10-15 16:12:18,903 [grpc-default-executor-0] INFO  impl.RoleInfo (RoleInfo.java:updateAndGet(143)) - 2ec85f63-33fb-4317-9145-71357d145af9: start FollowerState
2019-10-15 16:12:18,914 [25d6372c-77fd-4a39-ac2a-e48debad48df@group-B2671EB745D2-LeaderElection342] INFO  impl.LeaderElection (LeaderElection.java:logAndReturn(56)) - 25d6372c-77fd-4a39-ac2a-e48debad48df@group-B2671EB745D2-LeaderElection342: Election REJECTED; received 2 response(s) [25d6372c-77fd-4a39-ac2a-e48debad48df<-50423279-f647-4a18-8e85-347d68eaf856#0:FAIL-t368, 25d6372c-77fd-4a39-ac2a-e48debad48df<-2ec85f63-33fb-4317-9145-71357d145af9#0:FAIL-t368] and 0 exception(s); 25d6372c-77fd-4a39-ac2a-e48debad48df@group-B2671EB745D2:t368, leader=null, voted=25d6372c-77fd-4a39-ac2a-e48debad48df, raftlog=25d6372c-77fd-4a39-ac2a-e48debad48df@group-B2671EB745D2-SegmentedRaftLog:OPENED:c-1,f-1,i0, conf=-1: [50423279-f647-4a18-8e85-347d68eaf856:192.168.69.88:39583, 2ec85f63-33fb-4317-9145-71357d145af9:192.168.69.88:42357, 25d6372c-77fd-4a39-ac2a-e48debad48df:192.168.69.88:39591], old=null
2019-10-15 16:12:18,914 [25d6372c-77fd-4a39-ac2a-e48debad48df@group-B2671EB745D2-LeaderElection342] INFO  impl.RaftServerImpl (RaftServerImpl.java:setRole(184)) - 25d6372c-77fd-4a39-ac2a-e48debad48df@group-B2671EB745D2: changes role from CANDIDATE to FOLLOWER at term 368 for DISCOVERED_A_NEW_TERM
2019-10-15 16:12:18,914 [25d6372c-77fd-4a39-ac2a-e48debad48df@group-B2671EB745D2-LeaderElection342] INFO  impl.RoleInfo (RoleInfo.java:shutdownLeaderElection(134)) - 25d6372c-77fd-4a39-ac2a-e48debad48df: shutdown LeaderElection
2019-10-15 16:12:18,914 [25d6372c-77fd-4a39-ac2a-e48debad48df@group-B2671EB745D2-LeaderElection342] INFO  impl.RoleInfo (RoleInfo.java:updateAndGet(143)) - 25d6372c-77fd-4a39-ac2a-e48debad48df: start FollowerState
2019-10-15 16:12:18,959 [Thread-2483] INFO  impl.FollowerState (FollowerState.java:run(108)) - 25d6372c-77fd-4a39-ac2a-e48debad48df@group-B2671EB745D2-FollowerState: change to CANDIDATE, lastRpcTime:45ms, electionTimeout:45ms
2019-10-15 16:12:18,959 [Thread-2483] INFO  impl.RoleInfo (RoleInfo.java:shutdownFollowerState(121)) - 25d6372c-77fd-4a39-ac2a-e48debad48df: shutdown FollowerState
2019-10-15 16:12:18,959 [Thread-2483] INFO  impl.RaftServerImpl (RaftServerImpl.java:setRole(184)) - 25d6372c-77fd-4a39-ac2a-e48debad48df@group-B2671EB745D2: changes role from  FOLLOWER to CANDIDATE at term 368 for changeToCandidate
2019-10-15 16:12:18,960 [Thread-2483] INFO  impl.RoleInfo (RoleInfo.java:updateAndGet(143)) - 25d6372c-77fd-4a39-ac2a-e48debad48df: start LeaderElection
2019-10-15 16:12:18,984 [25d6372c-77fd-4a39-ac2a-e48debad48df@group-B2671EB745D2-LeaderElection343] INFO  impl.LeaderElection (LeaderElection.java:askForVotes(178)) - 25d6372c-77fd-4a39-ac2a-e48debad48df@group-B2671EB745D2-LeaderElection343: begin an election at term 369 for -1: [50423279-f647-4a18-8e85-347d68eaf856:192.168.69.88:39583, 2ec85f63-33fb-4317-9145-71357d145af9:192.168.69.88:42357, 25d6372c-77fd-4a39-ac2a-e48debad48df:192.168.69.88:39591], old=null
2019-10-15 16:12:18,986 [grpc-default-executor-5] INFO  impl.RaftServerImpl (RaftServerImpl.java:setRole(184)) - 2ec85f63-33fb-4317-9145-71357d145af9@group-B2671EB745D2: changes role from  FOLLOWER to FOLLOWER at term 369 for recognizeCandidate:25d6372c-77fd-4a39-ac2a-e48debad48df
2019-10-15 16:12:18,986 [grpc-default-executor-0] INFO  impl.RaftServerImpl (RaftServerImpl.java:setRole(184)) - 50423279-f647-4a18-8e85-347d68eaf856@group-B2671EB745D2: changes role from  FOLLOWER to FOLLOWER at term 369 for recognizeCandidate:25d6372c-77fd-4a39-ac2a-e48debad48df
2019-10-15 16:12:18,986 [grpc-default-executor-5] INFO  impl.RoleInfo (RoleInfo.java:shutdownFollowerState(121)) - 2ec85f63-33fb-4317-9145-71357d145af9: shutdown FollowerState
2019-10-15 16:12:18,986 [grpc-default-executor-0] INFO  impl.RoleInfo (RoleInfo.java:shutdownFollowerState(121)) - 50423279-f647-4a18-8e85-347d68eaf856: shutdown FollowerState
2019-10-15 16:12:18,987 [grpc-default-executor-5] INFO  impl.RoleInfo (RoleInfo.java:updateAndGet(143)) - 2ec85f63-33fb-4317-9145-71357d145af9: start FollowerState
2019-10-15 16:12:18,987 [Thread-2481] INFO  impl.FollowerState (FollowerState.java:run(117)) - 50423279-f647-4a18-8e85-347d68eaf856@group-B2671EB745D2-FollowerState was interrupted: java.lang.InterruptedException: sleep interrupted
2019-10-15 16:12:18,987 [Thread-2482] INFO  impl.FollowerState (FollowerState.java:run(117)) - 2ec85f63-33fb-4317-9145-71357d145af9@group-B2671EB745D2-FollowerState was interrupted: java.lang.InterruptedException: sleep interrupted
2019-10-15 16:12:18,987 [grpc-default-executor-0] INFO  impl.RoleInfo (RoleInfo.java:updateAndGet(143)) - 50423279-f647-4a18-8e85-347d68eaf856: start FollowerState
2019-10-15 16:12:18,995 [25d6372c-77fd-4a39-ac2a-e48debad48df@group-B2671EB745D2-LeaderElection343] INFO  impl.LeaderElection (LeaderElection.java:logAndReturn(56)) - 25d6372c-77fd-4a39-ac2a-e48debad48df@group-B2671EB745D2-LeaderElection343: Election REJECTED; received 2 response(s) [25d6372c-77fd-4a39-ac2a-e48debad48df<-2ec85f63-33fb-4317-9145-71357d145af9#0:FAIL-t369, 25d6372c-77fd-4a39-ac2a-e48debad48df<-50423279-f647-4a18-8e85-347d68eaf856#0:FAIL-t369] and 0 exception(s); 25d6372c-77fd-4a39-ac2a-e48debad48df@group-B2671EB745D2:t369, leader=null, voted=25d6372c-77fd-4a39-ac2a-e48debad48df, raftlog=25d6372c-77fd-4a39-ac2a-e48debad48df@group-B2671EB745D2-SegmentedRaftLog:OPENED:c-1,f-1,i0, conf=-1: [50423279-f647-4a18-8e85-347d68eaf856:192.168.69.88:39583, 2ec85f63-33fb-4317-9145-71357d145af9:192.168.69.88:42357, 25d6372c-77fd-4a39-ac2a-e48debad48df:192.168.69.88:39591], old=null
2019-10-15 16:12:18,995 [25d6372c-77fd-4a39-ac2a-e48debad48df@group-B2671EB745D2-LeaderElection343] INFO  impl.RaftServerImpl (RaftServerImpl.java:setRole(184)) - 25d6372c-77fd-4a39-ac2a-e48debad48df@group-B2671EB745D2: changes role from CANDIDATE to FOLLOWER at term 369 for DISCOVERED_A_NEW_TERM
2019-10-15 16:12:18,995 [25d6372c-77fd-4a39-ac2a-e48debad48df@group-B2671EB745D2-LeaderElection343] INFO  impl.RoleInfo (RoleInfo.java:shutdownLeaderElection(134)) - 25d6372c-77fd-4a39-ac2a-e48debad48df: shutdown LeaderElection
2019-10-15 16:12:18,996 [25d6372c-77fd-4a39-ac2a-e48debad48df@group-B2671EB745D2-LeaderElection343] INFO  impl.RoleInfo (RoleInfo.java:updateAndGet(143)) - 25d6372c-77fd-4a39-ac2a-e48debad48df: start FollowerState
2019-10-15 16:12:19,049 [Thread-2489] INFO  impl.FollowerState (FollowerState.java:run(108)) - 25d6372c-77fd-4a39-ac2a-e48debad48df@group-B2671EB745D2-FollowerState: change to CANDIDATE, lastRpcTime:53ms, electionTimeout:53ms
2019-10-15 16:12:19,049 [Thread-2489] INFO  impl.RoleInfo (RoleInfo.java:shutdownFollowerState(121)) - 25d6372c-77fd-4a39-ac2a-e48debad48df: shutdown FollowerState
2019-10-15 16:12:19,049 [Thread-2489] INFO  impl.RaftServerImpl (RaftServerImpl.java:setRole(184)) - 25d6372c-77fd-4a39-ac2a-e48debad48df@group-B2671EB745D2: changes role from  FOLLOWER to CANDIDATE at term 369 for changeToCandidate
2019-10-15 16:12:19,049 [Thread-2489] INFO  impl.RoleInfo (RoleInfo.java:updateAndGet(143)) - 25d6372c-77fd-4a39-ac2a-e48debad48df: start LeaderElection
2019-10-15 16:12:19,070 [25d6372c-77fd-4a39-ac2a-e48debad48df@group-B2671EB745D2-LeaderElection344] INFO  impl.LeaderElection (LeaderElection.java:askForVotes(178)) - 25d6372c-77fd-4a39-ac2a-e48debad48df@group-B2671EB745D2-LeaderElection344: begin an election at term 370 for -1: [50423279-f647-4a18-8e85-347d68eaf856:192.168.69.88:39583, 2ec85f63-33fb-4317-9145-71357d145af9:192.168.69.88:42357, 25d6372c-77fd-4a39-ac2a-e48debad48df:192.168.69.88:39591], old=null
2019-10-15 16:12:19,071 [grpc-default-executor-5] INFO  impl.RaftServerImpl (RaftServerImpl.java:setRole(184)) - 50423279-f647-4a18-8e85-347d68eaf856@group-B2671EB745D2: changes role from  FOLLOWER to FOLLOWER at term 370 for recognizeCandidate:25d6372c-77fd-4a39-ac2a-e48debad48df
2019-10-15 16:12:19,072 [grpc-default-executor-5] INFO  impl.RoleInfo (RoleInfo.java:shutdownFollowerState(121)) - 50423279-f647-4a18-8e85-347d68eaf856: shutdown FollowerState
2019-10-15 16:12:19,072 [grpc-default-executor-5] INFO  impl.RoleInfo (RoleInfo.java:updateAndGet(143)) - 50423279-f647-4a18-8e85-347d68eaf856: start FollowerState
2019-10-15 16:12:19,072 [grpc-default-executor-0] INFO  impl.RaftServerImpl (RaftServerImpl.java:setRole(184)) - 2ec85f63-33fb-4317-9145-71357d145af9@group-B2671EB745D2: changes role from  FOLLOWER to FOLLOWER at term 370 for recognizeCandidate:25d6372c-77fd-4a39-ac2a-e48debad48df
2019-10-15 16:12:19,072 [Thread-2488] INFO  impl.FollowerState (FollowerState.java:run(117)) - 50423279-f647-4a18-8e85-347d68eaf856@group-B2671EB745D2-FollowerState was interrupted: java.lang.InterruptedException: sleep interrupted
2019-10-15 16:12:19,072 [grpc-default-executor-0] INFO  impl.RoleInfo (RoleInfo.java:shutdownFollowerState(121)) - 2ec85f63-33fb-4317-9145-71357d145af9: shutdown FollowerState
2019-10-15 16:12:19,072 [grpc-default-executor-0] INFO  impl.RoleInfo (RoleInfo.java:updateAndGet(143)) - 2ec85f63-33fb-4317-9145-71357d145af9: start FollowerState
2019-10-15 16:12:19,072 [Thread-2487] INFO  impl.FollowerState (FollowerState.java:run(117)) - 2ec85f63-33fb-4317-9145-71357d145af9@group-B2671EB745D2-FollowerState was interrupted: java.lang.InterruptedException: sleep interrupted
2019-10-15 16:12:19,091 [25d6372c-77fd-4a39-ac2a-e48debad48df@group-B2671EB745D2-LeaderElection344] INFO  impl.LeaderElection (LeaderElection.java:logAndReturn(56)) - 25d6372c-77fd-4a39-ac2a-e48debad48df@group-B2671EB745D2-LeaderElection344: Election REJECTED; received 2 response(s) [25d6372c-77fd-4a39-ac2a-e48debad48df<-2ec85f63-33fb-4317-9145-71357d145af9#0:FAIL-t370, 25d6372c-77fd-4a39-ac2a-e48debad48df<-50423279-f647-4a18-8e85-347d68eaf856#0:FAIL-t370] and 0 exception(s); 25d6372c-77fd-4a39-ac2a-e48debad48df@group-B2671EB745D2:t370, leader=null, voted=25d6372c-77fd-4a39-ac2a-e48debad48df, raftlog=25d6372c-77fd-4a39-ac2a-e48debad48df@group-B2671EB745D2-SegmentedRaftLog:OPENED:c-1,f-1,i0, conf=-1: [50423279-f647-4a18-8e85-347d68eaf856:192.168.69.88:39583, 2ec85f63-33fb-4317-9145-71357d145af9:192.168.69.88:42357, 25d6372c-77fd-4a39-ac2a-e48debad48df:192.168.69.88:39591], old=null
2019-10-15 16:12:19,091 [25d6372c-77fd-4a39-ac2a-e48debad48df@group-B2671EB745D2-LeaderElection344] INFO  impl.RaftServerImpl (RaftServerImpl.java:setRole(184)) - 25d6372c-77fd-4a39-ac2a-e48debad48df@group-B2671EB745D2: changes role from CANDIDATE to FOLLOWER at term 370 for DISCOVERED_A_NEW_TERM
2019-10-15 16:12:19,091 [25d6372c-77fd-4a39-ac2a-e48debad48df@group-B2671EB745D2-LeaderElection344] INFO  impl.RoleInfo (RoleInfo.java:shutdownLeaderElection(134)) - 25d6372c-77fd-4a39-ac2a-e48debad48df: shutdown LeaderElection
2019-10-15 16:12:19,091 [25d6372c-77fd-4a39-ac2a-e48debad48df@group-B2671EB745D2-LeaderElection344] INFO  impl.RoleInfo (RoleInfo.java:updateAndGet(143)) - 25d6372c-77fd-4a39-ac2a-e48debad48df: start FollowerState
2019-10-15 16:12:19,163 [Thread-2495] INFO  impl.FollowerState (FollowerState.java:run(108)) - 25d6372c-77fd-4a39-ac2a-e48debad48df@group-B2671EB745D2-FollowerState: change to CANDIDATE, lastRpcTime:71ms, electionTimeout:71ms
2019-10-15 16:12:19,163 [Thread-2495] INFO  impl.RoleInfo (RoleInfo.java:shutdownFollowerState(121)) - 25d6372c-77fd-4a39-ac2a-e48debad48df: shutdown FollowerState
2019-10-15 16:12:19,163 [Thread-2495] INFO  impl.RaftServerImpl (RaftServerImpl.java:setRole(184)) - 25d6372c-77fd-4a39-ac2a-e48debad48df@group-B2671EB745D2: changes role from  FOLLOWER to CANDIDATE at term 370 for changeToCandidate
2019-10-15 16:12:19,163 [Thread-2495] INFO  impl.RoleInfo (RoleInfo.java:updateAndGet(143)) - 25d6372c-77fd-4a39-ac2a-e48debad48df: start LeaderElection
2019-10-15 16:12:19,181 [25d6372c-77fd-4a39-ac2a-e48debad48df@group-B2671EB745D2-LeaderElection345] INFO  impl.LeaderElection (LeaderElection.java:askForVotes(178)) - 25d6372c-77fd-4a39-ac2a-e48debad48df@group-B2671EB745D2-LeaderElection345: begin an election at term 371 for -1: [50423279-f647-4a18-8e85-347d68eaf856:192.168.69.88:39583, 2ec85f63-33fb-4317-9145-71357d145af9:192.168.69.88:42357, 25d6372c-77fd-4a39-ac2a-e48debad48df:192.168.69.88:39591], old=null
2019-10-15 16:12:19,183 [grpc-default-executor-5] INFO  impl.RaftServerImpl (RaftServerImpl.java:setRole(184)) - 50423279-f647-4a18-8e85-347d68eaf856@group-B2671EB745D2: changes role from  FOLLOWER to FOLLOWER at term 371 for recognizeCandidate:25d6372c-77fd-4a39-ac2a-e48debad48df
2019-10-15 16:12:19,183 [grpc-default-executor-5] INFO  impl.RoleInfo (RoleInfo.java:shutdownFollowerState(121)) - 50423279-f647-4a18-8e85-347d68eaf856: shutdown FollowerState
2019-10-15 16:12:19,183 [grpc-default-executor-0] INFO  impl.RaftServerImpl (RaftServerImpl.java:setRole(184)) - 2ec85f63-33fb-4317-9145-71357d145af9@group-B2671EB745D2: changes role from  FOLLOWER to FOLLOWER at term 371 for recognizeCandidate:25d6372c-77fd-4a39-ac2a-e48debad48df
2019-10-15 16:12:19,183 [Thread-2493] INFO  impl.FollowerState (FollowerState.java:run(117)) - 50423279-f647-4a18-8e85-347d68eaf856@group-B2671EB745D2-FollowerState was interrupted: java.lang.InterruptedException: sleep interrupted
2019-10-15 16:12:19,183 [grpc-default-executor-5] INFO  impl.RoleInfo (RoleInfo.java:updateAndGet(143)) - 50423279-f647-4a18-8e85-347d68eaf856: start FollowerState
2019-10-15 16:12:19,183 [grpc-default-executor-0] INFO  impl.RoleInfo (RoleInfo.java:shutdownFollowerState(121)) - 2ec85f63-33fb-4317-9145-71357d145af9: shutdown FollowerState
2019-10-15 16:12:19,183 [grpc-default-executor-0] INFO  impl.RoleInfo (RoleInfo.java:updateAndGet(143)) - 2ec85f63-33fb-4317-9145-71357d145af9: start FollowerState
2019-10-15 16:12:19,183 [Thread-2494] INFO  impl.FollowerState (FollowerState.java:run(117)) - 2ec85f63-33fb-4317-9145-71357d145af9@group-B2671EB745D2-FollowerState was interrupted: java.lang.InterruptedException: sleep interrupted
2019-10-15 16:12:19,191 [25d6372c-77fd-4a39-ac2a-e48debad48df@group-B2671EB745D2-LeaderElection345] INFO  impl.LeaderElection (LeaderElection.java:logAndReturn(56)) - 25d6372c-77fd-4a39-ac2a-e48debad48df@group-B2671EB745D2-LeaderElection345: Election REJECTED; received 2 response(s) [25d6372c-77fd-4a39-ac2a-e48debad48df<-50423279-f647-4a18-8e85-347d68eaf856#0:FAIL-t371, 25d6372c-77fd-4a39-ac2a-e48debad48df<-2ec85f63-33fb-4317-9145-71357d145af9#0:FAIL-t371] and 0 exception(s); 25d6372c-77fd-4a39-ac2a-e48debad48df@group-B2671EB745D2:t371, leader=null, voted=25d6372c-77fd-4a39-ac2a-e48debad48df, raftlog=25d6372c-77fd-4a39-ac2a-e48debad48df@group-B2671EB745D2-SegmentedRaftLog:OPENED:c-1,f-1,i0, conf=-1: [50423279-f647-4a18-8e85-347d68eaf856:192.168.69.88:39583, 2ec85f63-33fb-4317-9145-71357d145af9:192.168.69.88:42357, 25d6372c-77fd-4a39-ac2a-e48debad48df:192.168.69.88:39591], old=null
2019-10-15 16:12:19,191 [25d6372c-77fd-4a39-ac2a-e48debad48df@group-B2671EB745D2-LeaderElection345] INFO  impl.RaftServerImpl (RaftServerImpl.java:setRole(184)) - 25d6372c-77fd-4a39-ac2a-e48debad48df@group-B2671EB745D2: changes role from CANDIDATE to FOLLOWER at term 371 for DISCOVERED_A_NEW_TERM
2019-10-15 16:12:19,191 [25d6372c-77fd-4a39-ac2a-e48debad48df@group-B2671EB745D2-LeaderElection345] INFO  impl.RoleInfo (RoleInfo.java:shutdownLeaderElection(134)) - 25d6372c-77fd-4a39-ac2a-e48debad48df: shutdown LeaderElection
2019-10-15 16:12:19,191 [25d6372c-77fd-4a39-ac2a-e48debad48df@group-B2671EB745D2-LeaderElection345] INFO  impl.RoleInfo (RoleInfo.java:updateAndGet(143)) - 25d6372c-77fd-4a39-ac2a-e48debad48df: start FollowerState
2019-10-15 16:12:19,269 [Thread-2501] INFO  impl.FollowerState (FollowerState.java:run(108)) - 25d6372c-77fd-4a39-ac2a-e48debad48df@group-B2671EB745D2-FollowerState: change to CANDIDATE, lastRpcTime:77ms, electionTimeout:77ms
2019-10-15 16:12:19,269 [Thread-2501] INFO  impl.RoleInfo (RoleInfo.java:shutdownFollowerState(121)) - 25d6372c-77fd-4a39-ac2a-e48debad48df: shutdown FollowerState
2019-10-15 16:12:19,269 [Thread-2501] INFO  impl.RaftServerImpl (RaftServerImpl.java:setRole(184)) - 25d6372c-77fd-4a39-ac2a-e48debad48df@group-B2671EB745D2: changes role from  FOLLOWER to CANDIDATE at term 371 for changeToCandidate
2019-10-15 16:12:19,269 [Thread-2501] INFO  impl.RoleInfo (RoleInfo.java:updateAndGet(143)) - 25d6372c-77fd-4a39-ac2a-e48debad48df: start LeaderElection
2019-10-15 16:12:19,297 [25d6372c-77fd-4a39-ac2a-e48debad48df@group-B2671EB745D2-LeaderElection346] INFO  impl.LeaderElection (LeaderElection.java:askForVotes(178)) - 25d6372c-77fd-4a39-ac2a-e48debad48df@group-B2671EB745D2-LeaderElection346: begin an election at term 372 for -1: [50423279-f647-4a18-8e85-347d68eaf856:192.168.69.88:39583, 2ec85f63-33fb-4317-9145-71357d145af9:192.168.69.88:42357, 25d6372c-77fd-4a39-ac2a-e48debad48df:192.168.69.88:39591], old=null
2019-10-15 16:12:19,299 [grpc-default-executor-0] INFO  impl.RaftServerImpl (RaftServerImpl.java:setRole(184)) - 2ec85f63-33fb-4317-9145-71357d145af9@group-B2671EB745D2: changes role from  FOLLOWER to FOLLOWER at term 372 for recognizeCandidate:25d6372c-77fd-4a39-ac2a-e48debad48df
2019-10-15 16:12:19,299 [grpc-default-executor-5] INFO  impl.RaftServerImpl (RaftServerImpl.java:setRole(184)) - 50423279-f647-4a18-8e85-347d68eaf856@group-B2671EB745D2: changes role from  FOLLOWER to FOLLOWER at term 372 for recognizeCandidate:25d6372c-77fd-4a39-ac2a-e48debad48df
2019-10-15 16:12:19,299 [grpc-default-executor-5] INFO  impl.RoleInfo (RoleInfo.java:shutdownFollowerState(121)) - 50423279-f647-4a18-8e85-347d68eaf856: shutdown FollowerState
2019-10-15 16:12:19,299 [grpc-default-executor-0] INFO  impl.RoleInfo (RoleInfo.java:shutdownFollowerState(121)) - 2ec85f63-33fb-4317-9145-71357d145af9: shutdown FollowerState
2019-10-15 16:12:19,299 [Thread-2499] INFO  impl.FollowerState (FollowerState.java:run(117)) - 50423279-f647-4a18-8e85-347d68eaf856@group-B2671EB745D2-FollowerState was interrupted: java.lang.InterruptedException: sleep interrupted
2019-10-15 16:12:19,299 [grpc-default-executor-5] INFO  impl.RoleInfo (RoleInfo.java:updateAndGet(143)) - 50423279-f647-4a18-8e85-347d68eaf856: start FollowerState
2019-10-15 16:12:19,299 [Thread-2500] INFO  impl.FollowerState (FollowerState.java:run(117)) - 2ec85f63-33fb-4317-9145-71357d145af9@group-B2671EB745D2-FollowerState was interrupted: java.lang.InterruptedException: sleep interrupted
2019-10-15 16:12:19,299 [grpc-default-executor-0] INFO  impl.RoleInfo (RoleInfo.java:updateAndGet(143)) - 2ec85f63-33fb-4317-9145-71357d145af9: start FollowerState
2019-10-15 16:12:19,320 [25d6372c-77fd-4a39-ac2a-e48debad48df@group-B2671EB745D2-LeaderElection346] INFO  impl.LeaderElection (LeaderElection.java:logAndReturn(56)) - 25d6372c-77fd-4a39-ac2a-e48debad48df@group-B2671EB745D2-LeaderElection346: Election REJECTED; received 2 response(s) [25d6372c-77fd-4a39-ac2a-e48debad48df<-2ec85f63-33fb-4317-9145-71357d145af9#0:FAIL-t372, 25d6372c-77fd-4a39-ac2a-e48debad48df<-50423279-f647-4a18-8e85-347d68eaf856#0:FAIL-t372] and 0 exception(s); 25d6372c-77fd-4a39-ac2a-e48debad48df@group-B2671EB745D2:t372, leader=null, voted=25d6372c-77fd-4a39-ac2a-e48debad48df, raftlog=25d6372c-77fd-4a39-ac2a-e48debad48df@group-B2671EB745D2-SegmentedRaftLog:OPENED:c-1,f-1,i0, conf=-1: [50423279-f647-4a18-8e85-347d68eaf856:192.168.69.88:39583, 2ec85f63-33fb-4317-9145-71357d145af9:192.168.69.88:42357, 25d6372c-77fd-4a39-ac2a-e48debad48df:192.168.69.88:39591], old=null
2019-10-15 16:12:19,320 [25d6372c-77fd-4a39-ac2a-e48debad48df@group-B2671EB745D2-LeaderElection346] INFO  impl.RaftServerImpl (RaftServerImpl.java:setRole(184)) - 25d6372c-77fd-4a39-ac2a-e48debad48df@group-B2671EB745D2: changes role from CANDIDATE to FOLLOWER at term 372 for DISCOVERED_A_NEW_TERM
2019-10-15 16:12:19,320 [25d6372c-77fd-4a39-ac2a-e48debad48df@group-B2671EB745D2-LeaderElection346] INFO  impl.RoleInfo (RoleInfo.java:shutdownLeaderElection(134)) - 25d6372c-77fd-4a39-ac2a-e48debad48df: shutdown LeaderElection
2019-10-15 16:12:19,321 [25d6372c-77fd-4a39-ac2a-e48debad48df@group-B2671EB745D2-LeaderElection346] INFO  impl.RoleInfo (RoleInfo.java:updateAndGet(143)) - 25d6372c-77fd-4a39-ac2a-e48debad48df: start FollowerState
2019-10-15 16:12:19,411 [Thread-2507] INFO  impl.FollowerState (FollowerState.java:run(108)) - 25d6372c-77fd-4a39-ac2a-e48debad48df@group-B2671EB745D2-FollowerState: change to CANDIDATE, lastRpcTime:90ms, electionTimeout:90ms
2019-10-15 16:12:19,411 [Thread-2507] INFO  impl.RoleInfo (RoleInfo.java:shutdownFollowerState(121)) - 25d6372c-77fd-4a39-ac2a-e48debad48df: shutdown FollowerState
2019-10-15 16:12:19,411 [Thread-2507] INFO  impl.RaftServerImpl (RaftServerImpl.java:setRole(184)) - 25d6372c-77fd-4a39-ac2a-e48debad48df@group-B2671EB745D2: changes role from  FOLLOWER to CANDIDATE at term 372 for changeToCandidate
2019-10-15 16:12:19,411 [Thread-2507] INFO  impl.RoleInfo (RoleInfo.java:updateAndGet(143)) - 25d6372c-77fd-4a39-ac2a-e48debad48df: start LeaderElection
2019-10-15 16:12:19,415 [25d6372c-77fd-4a39-ac2a-e48debad48df@group-B2671EB745D2-LeaderElection347] INFO  impl.LeaderElection (LeaderElection.java:askForVotes(178)) - 25d6372c-77fd-4a39-ac2a-e48debad48df@group-B2671EB745D2-LeaderElection347: begin an election at term 373 for -1: [50423279-f647-4a18-8e85-347d68eaf856:192.168.69.88:39583, 2ec85f63-33fb-4317-9145-71357d145af9:192.168.69.88:42357, 25d6372c-77fd-4a39-ac2a-e48debad48df:192.168.69.88:39591], old=null
2019-10-15 16:12:19,417 [grpc-default-executor-5] INFO  impl.RaftServerImpl (RaftServerImpl.java:setRole(184)) - 50423279-f647-4a18-8e85-347d68eaf856@group-B2671EB745D2: changes role from  FOLLOWER to FOLLOWER at term 373 for recognizeCandidate:25d6372c-77fd-4a39-ac2a-e48debad48df
2019-10-15 16:12:19,417 [grpc-default-executor-0] INFO  impl.RaftServerImpl (RaftServerImpl.java:setRole(184)) - 2ec85f63-33fb-4317-9145-71357d145af9@group-B2671EB745D2: changes role from  FOLLOWER to FOLLOWER at term 373 for recognizeCandidate:25d6372c-77fd-4a39-ac2a-e48debad48df
2019-10-15 16:12:19,417 [grpc-default-executor-5] INFO  impl.RoleInfo (RoleInfo.java:shutdownFollowerState(121)) - 50423279-f647-4a18-8e85-347d68eaf856: shutdown FollowerState
2019-10-15 16:12:19,417 [grpc-default-executor-0] INFO  impl.RoleInfo (RoleInfo.java:shutdownFollowerState(121)) - 2ec85f63-33fb-4317-9145-71357d145af9: shutdown FollowerState
2019-10-15 16:12:19,418 [Thread-2505] INFO  impl.FollowerState (FollowerState.java:run(117)) - 50423279-f647-4a18-8e85-347d68eaf856@group-B2671EB745D2-FollowerState was interrupted: java.lang.InterruptedException: sleep interrupted
2019-10-15 16:12:19,418 [grpc-default-executor-5] INFO  impl.RoleInfo (RoleInfo.java:updateAndGet(143)) - 50423279-f647-4a18-8e85-347d68eaf856: start FollowerState
2019-10-15 16:12:19,418 [Thread-2506] INFO  impl.FollowerState (FollowerState.java:run(117)) - 2ec85f63-33fb-4317-9145-71357d145af9@group-B2671EB745D2-FollowerState was interrupted: java.lang.InterruptedException: sleep interrupted
2019-10-15 16:12:19,418 [grpc-default-executor-0] INFO  impl.RoleInfo (RoleInfo.java:updateAndGet(143)) - 2ec85f63-33fb-4317-9145-71357d145af9: start FollowerState
2019-10-15 16:12:19,448 [25d6372c-77fd-4a39-ac2a-e48debad48df@group-B2671EB745D2-LeaderElection347] INFO  impl.LeaderElection (LeaderElection.java:logAndReturn(56)) - 25d6372c-77fd-4a39-ac2a-e48debad48df@group-B2671EB745D2-LeaderElection347: Election REJECTED; received 2 response(s) [25d6372c-77fd-4a39-ac2a-e48debad48df<-50423279-f647-4a18-8e85-347d68eaf856#0:FAIL-t373, 25d6372c-77fd-4a39-ac2a-e48debad48df<-2ec85f63-33fb-4317-9145-71357d145af9#0:FAIL-t373] and 0 exception(s); 25d6372c-77fd-4a39-ac2a-e48debad48df@group-B2671EB745D2:t373, leader=null, voted=25d6372c-77fd-4a39-ac2a-e48debad48df, raftlog=25d6372c-77fd-4a39-ac2a-e48debad48df@group-B2671EB745D2-SegmentedRaftLog:OPENED:c-1,f-1,i0, conf=-1: [50423279-f647-4a18-8e85-347d68eaf856:192.168.69.88:39583, 2ec85f63-33fb-4317-9145-71357d145af9:192.168.69.88:42357, 25d6372c-77fd-4a39-ac2a-e48debad48df:192.168.69.88:39591], old=null
2019-10-15 16:12:19,449 [25d6372c-77fd-4a39-ac2a-e48debad48df@group-B2671EB745D2-LeaderElection347] INFO  impl.RaftServerImpl (RaftServerImpl.java:setRole(184)) - 25d6372c-77fd-4a39-ac2a-e48debad48df@group-B2671EB745D2: changes role from CANDIDATE to FOLLOWER at term 373 for DISCOVERED_A_NEW_TERM
2019-10-15 16:12:19,449 [25d6372c-77fd-4a39-ac2a-e48debad48df@group-B2671EB745D2-LeaderElection347] INFO  impl.RoleInfo (RoleInfo.java:shutdownLeaderElection(134)) - 25d6372c-77fd-4a39-ac2a-e48debad48df: shutdown LeaderElection
2019-10-15 16:12:19,449 [25d6372c-77fd-4a39-ac2a-e48debad48df@group-B2671EB745D2-LeaderElection347] INFO  impl.RoleInfo (RoleInfo.java:updateAndGet(143)) - 25d6372c-77fd-4a39-ac2a-e48debad48df: start FollowerState
2019-10-15 16:12:19,516 [Thread-2513] INFO  impl.FollowerState (FollowerState.java:run(108)) - 25d6372c-77fd-4a39-ac2a-e48debad48df@group-B2671EB745D2-FollowerState: change to CANDIDATE, lastRpcTime:67ms, electionTimeout:67ms
2019-10-15 16:12:19,516 [Thread-2513] INFO  impl.RoleInfo (RoleInfo.java:shutdownFollowerState(121)) - 25d6372c-77fd-4a39-ac2a-e48debad48df: shutdown FollowerState
2019-10-15 16:12:19,517 [Thread-2513] INFO  impl.RaftServerImpl (RaftServerImpl.java:setRole(184)) - 25d6372c-77fd-4a39-ac2a-e48debad48df@group-B2671EB745D2: changes role from  FOLLOWER to CANDIDATE at term 373 for changeToCandidate
2019-10-15 16:12:19,517 [Thread-2513] INFO  impl.RoleInfo (RoleInfo.java:updateAndGet(143)) - 25d6372c-77fd-4a39-ac2a-e48debad48df: start LeaderElection
2019-10-15 16:12:19,530 [25d6372c-77fd-4a39-ac2a-e48debad48df@group-B2671EB745D2-LeaderElection348] INFO  impl.LeaderElection (LeaderElection.java:askForVotes(178)) - 25d6372c-77fd-4a39-ac2a-e48debad48df@group-B2671EB745D2-LeaderElection348: begin an election at term 374 for -1: [50423279-f647-4a18-8e85-347d68eaf856:192.168.69.88:39583, 2ec85f63-33fb-4317-9145-71357d145af9:192.168.69.88:42357, 25d6372c-77fd-4a39-ac2a-e48debad48df:192.168.69.88:39591], old=null
2019-10-15 16:12:19,533 [grpc-default-executor-5] INFO  impl.RaftServerImpl (RaftServerImpl.java:setRole(184)) - 50423279-f647-4a18-8e85-347d68eaf856@group-B2671EB745D2: changes role from  FOLLOWER to FOLLOWER at term 374 for recognizeCandidate:25d6372c-77fd-4a39-ac2a-e48debad48df
2019-10-15 16:12:19,533 [grpc-default-executor-5] INFO  impl.RoleInfo (RoleInfo.java:shutdownFollowerState(121)) - 50423279-f647-4a18-8e85-347d68eaf856: shutdown FollowerState
2019-10-15 16:12:19,533 [grpc-default-executor-0] INFO  impl.RaftServerImpl (RaftServerImpl.java:setRole(184)) - 2ec85f63-33fb-4317-9145-71357d145af9@group-B2671EB745D2: changes role from  FOLLOWER to FOLLOWER at term 374 for recognizeCandidate:25d6372c-77fd-4a39-ac2a-e48debad48df
2019-10-15 16:12:19,533 [Thread-2511] INFO  impl.FollowerState (FollowerState.java:run(117)) - 50423279-f647-4a18-8e85-347d68eaf856@group-B2671EB745D2-FollowerState was interrupted: java.lang.InterruptedException: sleep interrupted
2019-10-15 16:12:19,533 [grpc-default-executor-5] INFO  impl.RoleInfo (RoleInfo.java:updateAndGet(143)) - 50423279-f647-4a18-8e85-347d68eaf856: start FollowerState
2019-10-15 16:12:19,533 [grpc-default-executor-0] INFO  impl.RoleInfo (RoleInfo.java:shutdownFollowerState(121)) - 2ec85f63-33fb-4317-9145-71357d145af9: shutdown FollowerState
2019-10-15 16:12:19,534 [grpc-default-executor-0] INFO  impl.RoleInfo (RoleInfo.java:updateAndGet(143)) - 2ec85f63-33fb-4317-9145-71357d145af9: start FollowerState
2019-10-15 16:12:19,534 [Thread-2512] INFO  impl.FollowerState (FollowerState.java:run(117)) - 2ec85f63-33fb-4317-9145-71357d145af9@group-B2671EB745D2-FollowerState was interrupted: java.lang.InterruptedException: sleep interrupted
2019-10-15 16:12:19,547 [25d6372c-77fd-4a39-ac2a-e48debad48df@group-B2671EB745D2-LeaderElection348] INFO  impl.LeaderElection (LeaderElection.java:logAndReturn(56)) - 25d6372c-77fd-4a39-ac2a-e48debad48df@group-B2671EB745D2-LeaderElection348: Election REJECTED; received 2 response(s) [25d6372c-77fd-4a39-ac2a-e48debad48df<-50423279-f647-4a18-8e85-347d68eaf856#0:FAIL-t374, 25d6372c-77fd-4a39-ac2a-e48debad48df<-2ec85f63-33fb-4317-9145-71357d145af9#0:FAIL-t374] and 0 exception(s); 25d6372c-77fd-4a39-ac2a-e48debad48df@group-B2671EB745D2:t374, leader=null, voted=25d6372c-77fd-4a39-ac2a-e48debad48df, raftlog=25d6372c-77fd-4a39-ac2a-e48debad48df@group-B2671EB745D2-SegmentedRaftLog:OPENED:c-1,f-1,i0, conf=-1: [50423279-f647-4a18-8e85-347d68eaf856:192.168.69.88:39583, 2ec85f63-33fb-4317-9145-71357d145af9:192.168.69.88:42357, 25d6372c-77fd-4a39-ac2a-e48debad48df:192.168.69.88:39591], old=null
2019-10-15 16:12:19,548 [25d6372c-77fd-4a39-ac2a-e48debad48df@group-B2671EB745D2-LeaderElection348] INFO  impl.RaftServerImpl (RaftServerImpl.java:setRole(184)) - 25d6372c-77fd-4a39-ac2a-e48debad48df@group-B2671EB745D2: changes role from CANDIDATE to FOLLOWER at term 374 for DISCOVERED_A_NEW_TERM
2019-10-15 16:12:19,548 [25d6372c-77fd-4a39-ac2a-e48debad48df@group-B2671EB745D2-LeaderElection348] INFO  impl.RoleInfo (RoleInfo.java:shutdownLeaderElection(134)) - 25d6372c-77fd-4a39-ac2a-e48debad48df: shutdown LeaderElection
2019-10-15 16:12:19,548 [25d6372c-77fd-4a39-ac2a-e48debad48df@group-B2671EB745D2-LeaderElection348] INFO  impl.RoleInfo (RoleInfo.java:updateAndGet(143)) - 25d6372c-77fd-4a39-ac2a-e48debad48df: start FollowerState
2019-10-15 16:12:19,554 [Thread-2519] INFO  impl.FollowerState (FollowerState.java:run(108)) - 25d6372c-77fd-4a39-ac2a-e48debad48df@group-B2671EB745D2-FollowerState: change to CANDIDATE, lastRpcTime:6ms, electionTimeout:6ms
2019-10-15 16:12:19,554 [Thread-2519] INFO  impl.RoleInfo (RoleInfo.java:shutdownFollowerState(121)) - 25d6372c-77fd-4a39-ac2a-e48debad48df: shutdown FollowerState
2019-10-15 16:12:19,554 [Thread-2519] INFO  impl.RaftServerImpl (RaftServerImpl.java:setRole(184)) - 25d6372c-77fd-4a39-ac2a-e48debad48df@group-B2671EB745D2: changes role from  FOLLOWER to CANDIDATE at term 374 for changeToCandidate
2019-10-15 16:12:19,554 [Thread-2519] INFO  impl.RoleInfo (RoleInfo.java:updateAndGet(143)) - 25d6372c-77fd-4a39-ac2a-e48debad48df: start LeaderElection
2019-10-15 16:12:19,567 [25d6372c-77fd-4a39-ac2a-e48debad48df@group-B2671EB745D2-LeaderElection349] INFO  impl.LeaderElection (LeaderElection.java:askForVotes(178)) - 25d6372c-77fd-4a39-ac2a-e48debad48df@group-B2671EB745D2-LeaderElection349: begin an election at term 375 for -1: [50423279-f647-4a18-8e85-347d68eaf856:192.168.69.88:39583, 2ec85f63-33fb-4317-9145-71357d145af9:192.168.69.88:42357, 25d6372c-77fd-4a39-ac2a-e48debad48df:192.168.69.88:39591], old=null
2019-10-15 16:12:19,569 [grpc-default-executor-5] INFO  impl.RaftServerImpl (RaftServerImpl.java:setRole(184)) - 2ec85f63-33fb-4317-9145-71357d145af9@group-B2671EB745D2: changes role from  FOLLOWER to FOLLOWER at term 375 for recognizeCandidate:25d6372c-77fd-4a39-ac2a-e48debad48df
2019-10-15 16:12:19,569 [grpc-default-executor-0] INFO  impl.RaftServerImpl (RaftServerImpl.java:setRole(184)) - 50423279-f647-4a18-8e85-347d68eaf856@group-B2671EB745D2: changes role from  FOLLOWER to FOLLOWER at term 375 for recognizeCandidate:25d6372c-77fd-4a39-ac2a-e48debad48df
2019-10-15 16:12:19,569 [grpc-default-executor-5] INFO  impl.RoleInfo (RoleInfo.java:shutdownFollowerState(121)) - 2ec85f63-33fb-4317-9145-71357d145af9: shutdown FollowerState
2019-10-15 16:12:19,569 [grpc-default-executor-0] INFO  impl.RoleInfo (RoleInfo.java:shutdownFollowerState(121)) - 50423279-f647-4a18-8e85-347d68eaf856: shutdown FollowerState
2019-10-15 16:12:19,569 [Thread-2518] INFO  impl.FollowerState (FollowerState.java:run(117)) - 2ec85f63-33fb-4317-9145-71357d145af9@group-B2671EB745D2-FollowerState was interrupted: java.lang.InterruptedException: sleep interrupted
2019-10-15 16:12:19,570 [Thread-2517] INFO  impl.FollowerState (FollowerState.java:run(117)) - 50423279-f647-4a18-8e85-347d68eaf856@group-B2671EB745D2-FollowerState was interrupted: java.lang.InterruptedException: sleep interrupted
2019-10-15 16:12:19,569 [grpc-default-executor-5] INFO  impl.RoleInfo (RoleInfo.java:updateAndGet(143)) - 2ec85f63-33fb-4317-9145-71357d145af9: start FollowerState
2019-10-15 16:12:19,570 [grpc-default-executor-0] INFO  impl.RoleInfo (RoleInfo.java:updateAndGet(143)) - 50423279-f647-4a18-8e85-347d68eaf856: start FollowerState
2019-10-15 16:12:19,570 [25d6372c-77fd-4a39-ac2a-e48debad48df@group-B2671EB745D2-LeaderElection349] INFO  impl.LeaderElection (LeaderElection.java:logAndReturn(56)) - 25d6372c-77fd-4a39-ac2a-e48debad48df@group-B2671EB745D2-LeaderElection349: Election TIMEOUT; received 0 response(s) [] and 0 exception(s); 25d6372c-77fd-4a39-ac2a-e48debad48df@group-B2671EB745D2:t375, leader=null, voted=25d6372c-77fd-4a39-ac2a-e48debad48df, raftlog=25d6372c-77fd-4a39-ac2a-e48debad48df@group-B2671EB745D2-SegmentedRaftLog:OPENED:c-1,f-1,i0, conf=-1: [50423279-f647-4a18-8e85-347d68eaf856:192.168.69.88:39583, 2ec85f63-33fb-4317-9145-71357d145af9:192.168.69.88:42357, 25d6372c-77fd-4a39-ac2a-e48debad48df:192.168.69.88:39591], old=null
2019-10-15 16:12:19,583 [25d6372c-77fd-4a39-ac2a-e48debad48df@group-B2671EB745D2-LeaderElection349] INFO  impl.LeaderElection (LeaderElection.java:askForVotes(178)) - 25d6372c-77fd-4a39-ac2a-e48debad48df@group-B2671EB745D2-LeaderElection349: begin an election at term 376 for -1: [50423279-f647-4a18-8e85-347d68eaf856:192.168.69.88:39583, 2ec85f63-33fb-4317-9145-71357d145af9:192.168.69.88:42357, 25d6372c-77fd-4a39-ac2a-e48debad48df:192.168.69.88:39591], old=null
2019-10-15 16:12:19,584 [grpc-default-executor-0] INFO  impl.RaftServerImpl (RaftServerImpl.java:setRole(184)) - 50423279-f647-4a18-8e85-347d68eaf856@group-B2671EB745D2: changes role from  FOLLOWER to FOLLOWER at term 376 for recognizeCandidate:25d6372c-77fd-4a39-ac2a-e48debad48df
2019-10-15 16:12:19,584 [grpc-default-executor-0] INFO  impl.RoleInfo (RoleInfo.java:shutdownFollowerState(121)) - 50423279-f647-4a18-8e85-347d68eaf856: shutdown FollowerState
2019-10-15 16:12:19,585 [grpc-default-executor-0] INFO  impl.RoleInfo (RoleInfo.java:updateAndGet(143)) - 50423279-f647-4a18-8e85-347d68eaf856: start FollowerState
2019-10-15 16:12:19,585 [Thread-2524] INFO  impl.FollowerState (FollowerState.java:run(117)) - 50423279-f647-4a18-8e85-347d68eaf856@group-B2671EB745D2-FollowerState was interrupted: java.lang.InterruptedException: sleep interrupted
2019-10-15 16:12:19,585 [grpc-default-executor-5] INFO  impl.RaftServerImpl (RaftServerImpl.java:setRole(184)) - 2ec85f63-33fb-4317-9145-71357d145af9@group-B2671EB745D2: changes role from  FOLLOWER to FOLLOWER at term 376 for recognizeCandidate:25d6372c-77fd-4a39-ac2a-e48debad48df
2019-10-15 16:12:19,585 [grpc-default-executor-5] INFO  impl.RoleInfo (RoleInfo.java:shutdownFollowerState(121)) - 2ec85f63-33fb-4317-9145-71357d145af9: shutdown FollowerState
2019-10-15 16:12:19,585 [grpc-default-executor-5] INFO  impl.RoleInfo (RoleInfo.java:updateAndGet(143)) - 2ec85f63-33fb-4317-9145-71357d145af9: start FollowerState
2019-10-15 16:12:19,585 [Thread-2523] INFO  impl.FollowerState (FollowerState.java:run(117)) - 2ec85f63-33fb-4317-9145-71357d145af9@group-B2671EB745D2-FollowerState was interrupted: java.lang.InterruptedException: sleep interrupted
2019-10-15 16:12:19,603 [25d6372c-77fd-4a39-ac2a-e48debad48df@group-B2671EB745D2-LeaderElection349] INFO  impl.LeaderElection (LeaderElection.java:logAndReturn(56)) - 25d6372c-77fd-4a39-ac2a-e48debad48df@group-B2671EB745D2-LeaderElection349: Election REJECTED; received 2 response(s) [25d6372c-77fd-4a39-ac2a-e48debad48df<-50423279-f647-4a18-8e85-347d68eaf856#0:FAIL-t376, 25d6372c-77fd-4a39-ac2a-e48debad48df<-2ec85f63-33fb-4317-9145-71357d145af9#0:FAIL-t376] and 0 exception(s); 25d6372c-77fd-4a39-ac2a-e48debad48df@group-B2671EB745D2:t376, leader=null, voted=25d6372c-77fd-4a39-ac2a-e48debad48df, raftlog=25d6372c-77fd-4a39-ac2a-e48debad48df@group-B2671EB745D2-SegmentedRaftLog:OPENED:c-1,f-1,i0, conf=-1: [50423279-f647-4a18-8e85-347d68eaf856:192.168.69.88:39583, 2ec85f63-33fb-4317-9145-71357d145af9:192.168.69.88:42357, 25d6372c-77fd-4a39-ac2a-e48debad48df:192.168.69.88:39591], old=null
2019-10-15 16:12:19,604 [25d6372c-77fd-4a39-ac2a-e48debad48df@group-B2671EB745D2-LeaderElection349] INFO  impl.RaftServerImpl (RaftServerImpl.java:setRole(184)) - 25d6372c-77fd-4a39-ac2a-e48debad48df@group-B2671EB745D2: changes role from CANDIDATE to FOLLOWER at term 376 for DISCOVERED_A_NEW_TERM
2019-10-15 16:12:19,604 [25d6372c-77fd-4a39-ac2a-e48debad48df@group-B2671EB745D2-LeaderElection349] INFO  impl.RoleInfo (RoleInfo.java:shutdownLeaderElection(134)) - 25d6372c-77fd-4a39-ac2a-e48debad48df: shutdown LeaderElection
2019-10-15 16:12:19,604 [25d6372c-77fd-4a39-ac2a-e48debad48df@group-B2671EB745D2-LeaderElection349] INFO  impl.RoleInfo (RoleInfo.java:updateAndGet(143)) - 25d6372c-77fd-4a39-ac2a-e48debad48df: start FollowerState
2019-10-15 16:12:19,774 [Thread-2529] INFO  impl.FollowerState (FollowerState.java:run(108)) - 25d6372c-77fd-4a39-ac2a-e48debad48df@group-B2671EB745D2-FollowerState: change to CANDIDATE, lastRpcTime:170ms, electionTimeout:170ms
2019-10-15 16:12:19,774 [Thread-2529] INFO  impl.RoleInfo (RoleInfo.java:shutdownFollowerState(121)) - 25d6372c-77fd-4a39-ac2a-e48debad48df: shutdown FollowerState
2019-10-15 16:12:19,774 [Thread-2529] INFO  impl.RaftServerImpl (RaftServerImpl.java:setRole(184)) - 25d6372c-77fd-4a39-ac2a-e48debad48df@group-B2671EB745D2: changes role from  FOLLOWER to CANDIDATE at term 376 for changeToCandidate
2019-10-15 16:12:19,774 [Thread-2529] INFO  impl.RoleInfo (RoleInfo.java:updateAndGet(143)) - 25d6372c-77fd-4a39-ac2a-e48debad48df: start LeaderElection
2019-10-15 16:12:19,778 [25d6372c-77fd-4a39-ac2a-e48debad48df@group-B2671EB745D2-LeaderElection350] INFO  impl.LeaderElection (LeaderElection.java:askForVotes(178)) - 25d6372c-77fd-4a39-ac2a-e48debad48df@group-B2671EB745D2-LeaderElection350: begin an election at term 377 for -1: [50423279-f647-4a18-8e85-347d68eaf856:192.168.69.88:39583, 2ec85f63-33fb-4317-9145-71357d145af9:192.168.69.88:42357, 25d6372c-77fd-4a39-ac2a-e48debad48df:192.168.69.88:39591], old=null
2019-10-15 16:12:19,780 [grpc-default-executor-5] INFO  impl.RaftServerImpl (RaftServerImpl.java:setRole(184)) - 50423279-f647-4a18-8e85-347d68eaf856@group-B2671EB745D2: changes role from  FOLLOWER to FOLLOWER at term 377 for recognizeCandidate:25d6372c-77fd-4a39-ac2a-e48debad48df
2019-10-15 16:12:19,780 [grpc-default-executor-5] INFO  impl.RoleInfo (RoleInfo.java:shutdownFollowerState(121)) - 50423279-f647-4a18-8e85-347d68eaf856: shutdown FollowerState
2019-10-15 16:12:19,780 [grpc-default-executor-0] INFO  impl.RaftServerImpl (RaftServerImpl.java:setRole(184)) - 2ec85f63-33fb-4317-9145-71357d145af9@group-B2671EB745D2: changes role from  FOLLOWER to FOLLOWER at term 377 for recognizeCandidate:25d6372c-77fd-4a39-ac2a-e48debad48df
2019-10-15 16:12:19,780 [Thread-2527] INFO  impl.FollowerState (FollowerState.java:run(117)) - 50423279-f647-4a18-8e85-347d68eaf856@group-B2671EB745D2-FollowerState was interrupted: java.lang.InterruptedException: sleep interrupted
2019-10-15 16:12:19,781 [grpc-default-executor-0] INFO  impl.RoleInfo (RoleInfo.java:shutdownFollowerState(121)) - 2ec85f63-33fb-4317-9145-71357d145af9: shutdown FollowerState
2019-10-15 16:12:19,780 [grpc-default-executor-5] INFO  impl.RoleInfo (RoleInfo.java:updateAndGet(143)) - 50423279-f647-4a18-8e85-347d68eaf856: start FollowerState
2019-10-15 16:12:19,781 [Thread-2528] INFO  impl.FollowerState (FollowerState.java:run(117)) - 2ec85f63-33fb-4317-9145-71357d145af9@group-B2671EB745D2-FollowerState was interrupted: java.lang.InterruptedException: sleep interrupted
2019-10-15 16:12:19,781 [grpc-default-executor-0] INFO  impl.RoleInfo (RoleInfo.java:updateAndGet(143)) - 2ec85f63-33fb-4317-9145-71357d145af9: start FollowerState
2019-10-15 16:12:19,795 [25d6372c-77fd-4a39-ac2a-e48debad48df@group-B2671EB745D2-LeaderElection350] INFO  impl.LeaderElection (LeaderElection.java:logAndReturn(56)) - 25d6372c-77fd-4a39-ac2a-e48debad48df@group-B2671EB745D2-LeaderElection350: Election REJECTED; received 2 response(s) [25d6372c-77fd-4a39-ac2a-e48debad48df<-50423279-f647-4a18-8e85-347d68eaf856#0:FAIL-t377, 25d6372c-77fd-4a39-ac2a-e48debad48df<-2ec85f63-33fb-4317-9145-71357d145af9#0:FAIL-t377] and 0 exception(s); 25d6372c-77fd-4a39-ac2a-e48debad48df@group-B2671EB745D2:t377, leader=null, voted=25d6372c-77fd-4a39-ac2a-e48debad48df, raftlog=25d6372c-77fd-4a39-ac2a-e48debad48df@group-B2671EB745D2-SegmentedRaftLog:OPENED:c-1,f-1,i0, conf=-1: [50423279-f647-4a18-8e85-347d68eaf856:192.168.69.88:39583, 2ec85f63-33fb-4317-9145-71357d145af9:192.168.69.88:42357, 25d6372c-77fd-4a39-ac2a-e48debad48df:192.168.69.88:39591], old=null
2019-10-15 16:12:19,796 [25d6372c-77fd-4a39-ac2a-e48debad48df@group-B2671EB745D2-LeaderElection350] INFO  impl.RaftServerImpl (RaftServerImpl.java:setRole(184)) - 25d6372c-77fd-4a39-ac2a-e48debad48df@group-B2671EB745D2: changes role from CANDIDATE to FOLLOWER at term 377 for DISCOVERED_A_NEW_TERM
2019-10-15 16:12:19,796 [25d6372c-77fd-4a39-ac2a-e48debad48df@group-B2671EB745D2-LeaderElection350] INFO  impl.RoleInfo (RoleInfo.java:shutdownLeaderElection(134)) - 25d6372c-77fd-4a39-ac2a-e48debad48df: shutdown LeaderElection
2019-10-15 16:12:19,796 [25d6372c-77fd-4a39-ac2a-e48debad48df@group-B2671EB745D2-LeaderElection350] INFO  impl.RoleInfo (RoleInfo.java:updateAndGet(143)) - 25d6372c-77fd-4a39-ac2a-e48debad48df: start FollowerState
2019-10-15 16:12:19,829 [Thread-2537] INFO  impl.FollowerState (FollowerState.java:run(108)) - 25d6372c-77fd-4a39-ac2a-e48debad48df@group-B2671EB745D2-FollowerState: change to CANDIDATE, lastRpcTime:33ms, electionTimeout:33ms
2019-10-15 16:12:19,829 [Thread-2537] INFO  impl.RoleInfo (RoleInfo.java:shutdownFollowerState(121)) - 25d6372c-77fd-4a39-ac2a-e48debad48df: shutdown FollowerState
2019-10-15 16:12:19,829 [Thread-2537] INFO  impl.RaftServerImpl (RaftServerImpl.java:setRole(184)) - 25d6372c-77fd-4a39-ac2a-e48debad48df@group-B2671EB745D2: changes role from  FOLLOWER to CANDIDATE at term 377 for changeToCandidate
2019-10-15 16:12:19,830 [Thread-2537] INFO  impl.RoleInfo (RoleInfo.java:updateAndGet(143)) - 25d6372c-77fd-4a39-ac2a-e48debad48df: start LeaderElection
2019-10-15 16:12:19,843 [25d6372c-77fd-4a39-ac2a-e48debad48df@group-B2671EB745D2-LeaderElection351] INFO  impl.LeaderElection (LeaderElection.java:askForVotes(178)) - 25d6372c-77fd-4a39-ac2a-e48debad48df@group-B2671EB745D2-LeaderElection351: begin an election at term 378 for -1: [50423279-f647-4a18-8e85-347d68eaf856:192.168.69.88:39583, 2ec85f63-33fb-4317-9145-71357d145af9:192.168.69.88:42357, 25d6372c-77fd-4a39-ac2a-e48debad48df:192.168.69.88:39591], old=null
2019-10-15 16:12:19,845 [grpc-default-executor-5] INFO  impl.RaftServerImpl (RaftServerImpl.java:setRole(184)) - 50423279-f647-4a18-8e85-347d68eaf856@group-B2671EB745D2: changes role from  FOLLOWER to FOLLOWER at term 378 for recognizeCandidate:25d6372c-77fd-4a39-ac2a-e48debad48df
2019-10-15 16:12:19,845 [grpc-default-executor-5] INFO  impl.RoleInfo (RoleInfo.java:shutdownFollowerState(121)) - 50423279-f647-4a18-8e85-347d68eaf856: shutdown FollowerState
2019-10-15 16:12:19,845 [grpc-default-executor-0] INFO  impl.RaftServerImpl (RaftServerImpl.java:setRole(184)) - 2ec85f63-33fb-4317-9145-71357d145af9@group-B2671EB745D2: changes role from  FOLLOWER to FOLLOWER at term 378 for recognizeCandidate:25d6372c-77fd-4a39-ac2a-e48debad48df
2019-10-15 16:12:19,845 [Thread-2535] INFO  impl.FollowerState (FollowerState.java:run(117)) - 50423279-f647-4a18-8e85-347d68eaf856@group-B2671EB745D2-FollowerState was interrupted: java.lang.InterruptedException: sleep interrupted
2019-10-15 16:12:19,845 [grpc-default-executor-5] INFO  impl.RoleInfo (RoleInfo.java:updateAndGet(143)) - 50423279-f647-4a18-8e85-347d68eaf856: start FollowerState
2019-10-15 16:12:19,845 [grpc-default-executor-0] INFO  impl.RoleInfo (RoleInfo.java:shutdownFollowerState(121)) - 2ec85f63-33fb-4317-9145-71357d145af9: shutdown FollowerState
2019-10-15 16:12:19,846 [Thread-2536] INFO  impl.FollowerState (FollowerState.java:run(117)) - 2ec85f63-33fb-4317-9145-71357d145af9@group-B2671EB745D2-FollowerState was interrupted: java.lang.InterruptedException: sleep interrupted
2019-10-15 16:12:19,846 [grpc-default-executor-0] INFO  impl.RoleInfo (RoleInfo.java:updateAndGet(143)) - 2ec85f63-33fb-4317-9145-71357d145af9: start FollowerState
2019-10-15 16:12:19,860 [25d6372c-77fd-4a39-ac2a-e48debad48df@group-B2671EB745D2-LeaderElection351] INFO  impl.LeaderElection (LeaderElection.java:logAndReturn(56)) - 25d6372c-77fd-4a39-ac2a-e48debad48df@group-B2671EB745D2-LeaderElection351: Election REJECTED; received 2 response(s) [25d6372c-77fd-4a39-ac2a-e48debad48df<-50423279-f647-4a18-8e85-347d68eaf856#0:FAIL-t378, 25d6372c-77fd-4a39-ac2a-e48debad48df<-2ec85f63-33fb-4317-9145-71357d145af9#0:FAIL-t378] and 0 exception(s); 25d6372c-77fd-4a39-ac2a-e48debad48df@group-B2671EB745D2:t378, leader=null, voted=25d6372c-77fd-4a39-ac2a-e48debad48df, raftlog=25d6372c-77fd-4a39-ac2a-e48debad48df@group-B2671EB745D2-SegmentedRaftLog:OPENED:c-1,f-1,i0, conf=-1: [50423279-f647-4a18-8e85-347d68eaf856:192.168.69.88:39583, 2ec85f63-33fb-4317-9145-71357d145af9:192.168.69.88:42357, 25d6372c-77fd-4a39-ac2a-e48debad48df:192.168.69.88:39591], old=null
2019-10-15 16:12:19,860 [25d6372c-77fd-4a39-ac2a-e48debad48df@group-B2671EB745D2-LeaderElection351] INFO  impl.RaftServerImpl (RaftServerImpl.java:setRole(184)) - 25d6372c-77fd-4a39-ac2a-e48debad48df@group-B2671EB745D2: changes role from CANDIDATE to FOLLOWER at term 378 for DISCOVERED_A_NEW_TERM
2019-10-15 16:12:19,860 [25d6372c-77fd-4a39-ac2a-e48debad48df@group-B2671EB745D2-LeaderElection351] INFO  impl.RoleInfo (RoleInfo.java:shutdownLeaderElection(134)) - 25d6372c-77fd-4a39-ac2a-e48debad48df: shutdown LeaderElection
2019-10-15 16:12:19,860 [25d6372c-77fd-4a39-ac2a-e48debad48df@group-B2671EB745D2-LeaderElection351] INFO  impl.RoleInfo (RoleInfo.java:updateAndGet(143)) - 25d6372c-77fd-4a39-ac2a-e48debad48df: start FollowerState
2019-10-15 16:12:20,032 [Thread-2543] INFO  impl.FollowerState (FollowerState.java:run(108)) - 25d6372c-77fd-4a39-ac2a-e48debad48df@group-B2671EB745D2-FollowerState: change to CANDIDATE, lastRpcTime:171ms, electionTimeout:171ms
2019-10-15 16:12:20,032 [Thread-2543] INFO  impl.RoleInfo (RoleInfo.java:shutdownFollowerState(121)) - 25d6372c-77fd-4a39-ac2a-e48debad48df: shutdown FollowerState
2019-10-15 16:12:20,032 [Thread-2543] INFO  impl.RaftServerImpl (RaftServerImpl.java:setRole(184)) - 25d6372c-77fd-4a39-ac2a-e48debad48df@group-B2671EB745D2: changes role from  FOLLOWER to CANDIDATE at term 378 for changeToCandidate
2019-10-15 16:12:20,032 [Thread-2543] INFO  impl.RoleInfo (RoleInfo.java:updateAndGet(143)) - 25d6372c-77fd-4a39-ac2a-e48debad48df: start LeaderElection
2019-10-15 16:12:20,046 [25d6372c-77fd-4a39-ac2a-e48debad48df@group-B2671EB745D2-LeaderElection352] INFO  impl.LeaderElection (LeaderElection.java:askForVotes(178)) - 25d6372c-77fd-4a39-ac2a-e48debad48df@group-B2671EB745D2-LeaderElection352: begin an election at term 379 for -1: [50423279-f647-4a18-8e85-347d68eaf856:192.168.69.88:39583, 2ec85f63-33fb-4317-9145-71357d145af9:192.168.69.88:42357, 25d6372c-77fd-4a39-ac2a-e48debad48df:192.168.69.88:39591], old=null
2019-10-15 16:12:20,048 [grpc-default-executor-0] INFO  impl.RaftServerImpl (RaftServerImpl.java:setRole(184)) - 2ec85f63-33fb-4317-9145-71357d145af9@group-B2671EB745D2: changes role from  FOLLOWER to FOLLOWER at term 379 for recognizeCandidate:25d6372c-77fd-4a39-ac2a-e48debad48df
2019-10-15 16:12:20,048 [grpc-default-executor-5] INFO  impl.RaftServerImpl (RaftServerImpl.java:setRole(184)) - 50423279-f647-4a18-8e85-347d68eaf856@group-B2671EB745D2: changes role from  FOLLOWER to FOLLOWER at term 379 for recognizeCandidate:25d6372c-77fd-4a39-ac2a-e48debad48df
2019-10-15 16:12:20,048 [grpc-default-executor-0] INFO  impl.RoleInfo (RoleInfo.java:shutdownFollowerState(121)) - 2ec85f63-33fb-4317-9145-71357d145af9: shutdown FollowerState
2019-10-15 16:12:20,049 [grpc-default-executor-5] INFO  impl.RoleInfo (RoleInfo.java:shutdownFollowerState(121)) - 50423279-f647-4a18-8e85-347d68eaf856: shutdown FollowerState
2019-10-15 16:12:20,049 [grpc-default-executor-0] INFO  impl.RoleInfo (RoleInfo.java:updateAndGet(143)) - 2ec85f63-33fb-4317-9145-71357d145af9: start FollowerState
2019-10-15 16:12:20,049 [Thread-2541] INFO  impl.FollowerState (FollowerState.java:run(117)) - 50423279-f647-4a18-8e85-347d68eaf856@group-B2671EB745D2-FollowerState was interrupted: java.lang.InterruptedException: sleep interrupted
2019-10-15 16:12:20,049 [grpc-default-executor-5] INFO  impl.RoleInfo (RoleInfo.java:updateAndGet(143)) - 50423279-f647-4a18-8e85-347d68eaf856: start FollowerState
2019-10-15 16:12:20,049 [Thread-2542] INFO  impl.FollowerState (FollowerState.java:run(117)) - 2ec85f63-33fb-4317-9145-71357d145af9@group-B2671EB745D2-FollowerState was interrupted: java.lang.InterruptedException: sleep interrupted
2019-10-15 16:12:20,063 [25d6372c-77fd-4a39-ac2a-e48debad48df@group-B2671EB745D2-LeaderElection352] INFO  impl.LeaderElection (LeaderElection.java:logAndReturn(56)) - 25d6372c-77fd-4a39-ac2a-e48debad48df@group-B2671EB745D2-LeaderElection352: Election REJECTED; received 2 response(s) [25d6372c-77fd-4a39-ac2a-e48debad48df<-2ec85f63-33fb-4317-9145-71357d145af9#0:FAIL-t379, 25d6372c-77fd-4a39-ac2a-e48debad48df<-50423279-f647-4a18-8e85-347d68eaf856#0:FAIL-t379] and 0 exception(s); 25d6372c-77fd-4a39-ac2a-e48debad48df@group-B2671EB745D2:t379, leader=null, voted=25d6372c-77fd-4a39-ac2a-e48debad48df, raftlog=25d6372c-77fd-4a39-ac2a-e48debad48df@group-B2671EB745D2-SegmentedRaftLog:OPENED:c-1,f-1,i0, conf=-1: [50423279-f647-4a18-8e85-347d68eaf856:192.168.69.88:39583, 2ec85f63-33fb-4317-9145-71357d145af9:192.168.69.88:42357, 25d6372c-77fd-4a39-ac2a-e48debad48df:192.168.69.88:39591], old=null
2019-10-15 16:12:20,064 [25d6372c-77fd-4a39-ac2a-e48debad48df@group-B2671EB745D2-LeaderElection352] INFO  impl.RaftServerImpl (RaftServerImpl.java:setRole(184)) - 25d6372c-77fd-4a39-ac2a-e48debad48df@group-B2671EB745D2: changes role from CANDIDATE to FOLLOWER at term 379 for DISCOVERED_A_NEW_TERM
2019-10-15 16:12:20,064 [25d6372c-77fd-4a39-ac2a-e48debad48df@group-B2671EB745D2-LeaderElection352] INFO  impl.RoleInfo (RoleInfo.java:shutdownLeaderElection(134)) - 25d6372c-77fd-4a39-ac2a-e48debad48df: shutdown LeaderElection
2019-10-15 16:12:20,064 [25d6372c-77fd-4a39-ac2a-e48debad48df@group-B2671EB745D2-LeaderElection352] INFO  impl.RoleInfo (RoleInfo.java:updateAndGet(143)) - 25d6372c-77fd-4a39-ac2a-e48debad48df: start FollowerState
2019-10-15 16:12:20,175 [Thread-2549] INFO  impl.FollowerState (FollowerState.java:run(108)) - 25d6372c-77fd-4a39-ac2a-e48debad48df@group-B2671EB745D2-FollowerState: change to CANDIDATE, lastRpcTime:111ms, electionTimeout:111ms
2019-10-15 16:12:20,175 [Thread-2549] INFO  impl.RoleInfo (RoleInfo.java:shutdownFollowerState(121)) - 25d6372c-77fd-4a39-ac2a-e48debad48df: shutdown FollowerState
2019-10-15 16:12:20,175 [Thread-2549] INFO  impl.RaftServerImpl (RaftServerImpl.java:setRole(184)) - 25d6372c-77fd-4a39-ac2a-e48debad48df@group-B2671EB745D2: changes role from  FOLLOWER to CANDIDATE at term 379 for changeToCandidate
2019-10-15 16:12:20,176 [Thread-2549] INFO  impl.RoleInfo (RoleInfo.java:updateAndGet(143)) - 25d6372c-77fd-4a39-ac2a-e48debad48df: start LeaderElection
2019-10-15 16:12:20,188 [25d6372c-77fd-4a39-ac2a-e48debad48df@group-B2671EB745D2-LeaderElection353] INFO  impl.LeaderElection (LeaderElection.java:askForVotes(178)) - 25d6372c-77fd-4a39-ac2a-e48debad48df@group-B2671EB745D2-LeaderElection353: begin an election at term 380 for -1: [50423279-f647-4a18-8e85-347d68eaf856:192.168.69.88:39583, 2ec85f63-33fb-4317-9145-71357d145af9:192.168.69.88:42357, 25d6372c-77fd-4a39-ac2a-e48debad48df:192.168.69.88:39591], old=null
2019-10-15 16:12:20,190 [grpc-default-executor-0] INFO  impl.RaftServerImpl (RaftServerImpl.java:setRole(184)) - 50423279-f647-4a18-8e85-347d68eaf856@group-B2671EB745D2: changes role from  FOLLOWER to FOLLOWER at term 380 for recognizeCandidate:25d6372c-77fd-4a39-ac2a-e48debad48df
2019-10-15 16:12:20,190 [grpc-default-executor-0] INFO  impl.RoleInfo (RoleInfo.java:shutdownFollowerState(121)) - 50423279-f647-4a18-8e85-347d68eaf856: shutdown FollowerState
2019-10-15 16:12:20,190 [grpc-default-executor-5] INFO  impl.RaftServerImpl (RaftServerImpl.java:setRole(184)) - 2ec85f63-33fb-4317-9145-71357d145af9@group-B2671EB745D2: changes role from  FOLLOWER to FOLLOWER at term 380 for recognizeCandidate:25d6372c-77fd-4a39-ac2a-e48debad48df
2019-10-15 16:12:20,190 [grpc-default-executor-5] INFO  impl.RoleInfo (RoleInfo.java:shutdownFollowerState(121)) - 2ec85f63-33fb-4317-9145-71357d145af9: shutdown FollowerState
2019-10-15 16:12:20,190 [Thread-2548] INFO  impl.FollowerState (FollowerState.java:run(117)) - 50423279-f647-4a18-8e85-347d68eaf856@group-B2671EB745D2-FollowerState was interrupted: java.lang.InterruptedException: sleep interrupted
2019-10-15 16:12:20,190 [grpc-default-executor-0] INFO  impl.RoleInfo (RoleInfo.java:updateAndGet(143)) - 50423279-f647-4a18-8e85-347d68eaf856: start FollowerState
2019-10-15 16:12:20,191 [Thread-2547] INFO  impl.FollowerState (FollowerState.java:run(117)) - 2ec85f63-33fb-4317-9145-71357d145af9@group-B2671EB745D2-FollowerState was interrupted: java.lang.InterruptedException: sleep interrupted
2019-10-15 16:12:20,191 [grpc-default-executor-5] INFO  impl.RoleInfo (RoleInfo.java:updateAndGet(143)) - 2ec85f63-33fb-4317-9145-71357d145af9: start FollowerState
2019-10-15 16:12:20,205 [25d6372c-77fd-4a39-ac2a-e48debad48df@group-B2671EB745D2-LeaderElection353] INFO  impl.LeaderElection (LeaderElection.java:logAndReturn(56)) - 25d6372c-77fd-4a39-ac2a-e48debad48df@group-B2671EB745D2-LeaderElection353: Election REJECTED; received 2 response(s) [25d6372c-77fd-4a39-ac2a-e48debad48df<-2ec85f63-33fb-4317-9145-71357d145af9#0:FAIL-t380, 25d6372c-77fd-4a39-ac2a-e48debad48df<-50423279-f647-4a18-8e85-347d68eaf856#0:FAIL-t380] and 0 exception(s); 25d6372c-77fd-4a39-ac2a-e48debad48df@group-B2671EB745D2:t380, leader=null, voted=25d6372c-77fd-4a39-ac2a-e48debad48df, raftlog=25d6372c-77fd-4a39-ac2a-e48debad48df@group-B2671EB745D2-SegmentedRaftLog:OPENED:c-1,f-1,i0, conf=-1: [50423279-f647-4a18-8e85-347d68eaf856:192.168.69.88:39583, 2ec85f63-33fb-4317-9145-71357d145af9:192.168.69.88:42357, 25d6372c-77fd-4a39-ac2a-e48debad48df:192.168.69.88:39591], old=null
2019-10-15 16:12:20,205 [25d6372c-77fd-4a39-ac2a-e48debad48df@group-B2671EB745D2-LeaderElection353] INFO  impl.RaftServerImpl (RaftServerImpl.java:setRole(184)) - 25d6372c-77fd-4a39-ac2a-e48debad48df@group-B2671EB745D2: changes role from CANDIDATE to FOLLOWER at term 380 for DISCOVERED_A_NEW_TERM
2019-10-15 16:12:20,205 [25d6372c-77fd-4a39-ac2a-e48debad48df@group-B2671EB745D2-LeaderElection353] INFO  impl.RoleInfo (RoleInfo.java:shutdownLeaderElection(134)) - 25d6372c-77fd-4a39-ac2a-e48debad48df: shutdown LeaderElection
2019-10-15 16:12:20,205 [25d6372c-77fd-4a39-ac2a-e48debad48df@group-B2671EB745D2-LeaderElection353] INFO  impl.RoleInfo (RoleInfo.java:updateAndGet(143)) - 25d6372c-77fd-4a39-ac2a-e48debad48df: start FollowerState
2019-10-15 16:12:20,256 [Thread-2555] INFO  impl.FollowerState (FollowerState.java:run(108)) - 25d6372c-77fd-4a39-ac2a-e48debad48df@group-B2671EB745D2-FollowerState: change to CANDIDATE, lastRpcTime:50ms, electionTimeout:50ms
2019-10-15 16:12:20,256 [Thread-2555] INFO  impl.RoleInfo (RoleInfo.java:shutdownFollowerState(121)) - 25d6372c-77fd-4a39-ac2a-e48debad48df: shutdown FollowerState
2019-10-15 16:12:20,256 [Thread-2555] INFO  impl.RaftServerImpl (RaftServerImpl.java:setRole(184)) - 25d6372c-77fd-4a39-ac2a-e48debad48df@group-B2671EB745D2: changes role from  FOLLOWER to CANDIDATE at term 380 for changeToCandidate
2019-10-15 16:12:20,256 [Thread-2555] INFO  impl.RoleInfo (RoleInfo.java:updateAndGet(143)) - 25d6372c-77fd-4a39-ac2a-e48debad48df: start LeaderElection
2019-10-15 16:12:20,268 [25d6372c-77fd-4a39-ac2a-e48debad48df@group-B2671EB745D2-LeaderElection354] INFO  impl.LeaderElection (LeaderElection.java:askForVotes(178)) - 25d6372c-77fd-4a39-ac2a-e48debad48df@group-B2671EB745D2-LeaderElection354: begin an election at term 381 for -1: [50423279-f647-4a18-8e85-347d68eaf856:192.168.69.88:39583, 2ec85f63-33fb-4317-9145-71357d145af9:192.168.69.88:42357, 25d6372c-77fd-4a39-ac2a-e48debad48df:192.168.69.88:39591], old=null
2019-10-15 16:12:20,270 [grpc-default-executor-5] INFO  impl.RaftServerImpl (RaftServerImpl.java:setRole(184)) - 50423279-f647-4a18-8e85-347d68eaf856@group-B2671EB745D2: changes role from  FOLLOWER to FOLLOWER at term 381 for recognizeCandidate:25d6372c-77fd-4a39-ac2a-e48debad48df
2019-10-15 16:12:20,270 [grpc-default-executor-5] INFO  impl.RoleInfo (RoleInfo.java:shutdownFollowerState(121)) - 50423279-f647-4a18-8e85-347d68eaf856: shutdown FollowerState
2019-10-15 16:12:20,270 [grpc-default-executor-0] INFO  impl.RaftServerImpl (RaftServerImpl.java:setRole(184)) - 2ec85f63-33fb-4317-9145-71357d145af9@group-B2671EB745D2: changes role from  FOLLOWER to FOLLOWER at term 381 for recognizeCandidate:25d6372c-77fd-4a39-ac2a-e48debad48df
2019-10-15 16:12:20,271 [grpc-default-executor-0] INFO  impl.RoleInfo (RoleInfo.java:shutdownFollowerState(121)) - 2ec85f63-33fb-4317-9145-71357d145af9: shutdown FollowerState
2019-10-15 16:12:20,271 [Thread-2553] INFO  impl.FollowerState (FollowerState.java:run(117)) - 50423279-f647-4a18-8e85-347d68eaf856@group-B2671EB745D2-FollowerState was interrupted: java.lang.InterruptedException: sleep interrupted
2019-10-15 16:12:20,271 [Thread-2554] INFO  impl.FollowerState (FollowerState.java:run(117)) - 2ec85f63-33fb-4317-9145-71357d145af9@group-B2671EB745D2-FollowerState was interrupted: java.lang.InterruptedException: sleep interrupted
2019-10-15 16:12:20,271 [grpc-default-executor-5] INFO  impl.RoleInfo (RoleInfo.java:updateAndGet(143)) - 50423279-f647-4a18-8e85-347d68eaf856: start FollowerState
2019-10-15 16:12:20,271 [grpc-default-executor-0] INFO  impl.RoleInfo (RoleInfo.java:updateAndGet(143)) - 2ec85f63-33fb-4317-9145-71357d145af9: start FollowerState
2019-10-15 16:12:20,277 [25d6372c-77fd-4a39-ac2a-e48debad48df@group-B2671EB745D2-LeaderElection354] INFO  impl.LeaderElection (LeaderElection.java:logAndReturn(56)) - 25d6372c-77fd-4a39-ac2a-e48debad48df@group-B2671EB745D2-LeaderElection354: Election REJECTED; received 2 response(s) [25d6372c-77fd-4a39-ac2a-e48debad48df<-2ec85f63-33fb-4317-9145-71357d145af9#0:FAIL-t381, 25d6372c-77fd-4a39-ac2a-e48debad48df<-50423279-f647-4a18-8e85-347d68eaf856#0:FAIL-t381] and 0 exception(s); 25d6372c-77fd-4a39-ac2a-e48debad48df@group-B2671EB745D2:t381, leader=null, voted=25d6372c-77fd-4a39-ac2a-e48debad48df, raftlog=25d6372c-77fd-4a39-ac2a-e48debad48df@group-B2671EB745D2-SegmentedRaftLog:OPENED:c-1,f-1,i0, conf=-1: [50423279-f647-4a18-8e85-347d68eaf856:192.168.69.88:39583, 2ec85f63-33fb-4317-9145-71357d145af9:192.168.69.88:42357, 25d6372c-77fd-4a39-ac2a-e48debad48df:192.168.69.88:39591], old=null
2019-10-15 16:12:20,278 [25d6372c-77fd-4a39-ac2a-e48debad48df@group-B2671EB745D2-LeaderElection354] INFO  impl.RaftServerImpl (RaftServerImpl.java:setRole(184)) - 25d6372c-77fd-4a39-ac2a-e48debad48df@group-B2671EB745D2: changes role from CANDIDATE to FOLLOWER at term 381 for DISCOVERED_A_NEW_TERM
2019-10-15 16:12:20,278 [25d6372c-77fd-4a39-ac2a-e48debad48df@group-B2671EB745D2-LeaderElection354] INFO  impl.RoleInfo (RoleInfo.java:shutdownLeaderElection(134)) - 25d6372c-77fd-4a39-ac2a-e48debad48df: shutdown LeaderElection
2019-10-15 16:12:20,278 [25d6372c-77fd-4a39-ac2a-e48debad48df@group-B2671EB745D2-LeaderElection354] INFO  impl.RoleInfo (RoleInfo.java:updateAndGet(143)) - 25d6372c-77fd-4a39-ac2a-e48debad48df: start FollowerState
2019-10-15 16:12:20,394 [Thread-2561] INFO  impl.FollowerState (FollowerState.java:run(108)) - 25d6372c-77fd-4a39-ac2a-e48debad48df@group-B2671EB745D2-FollowerState: change to CANDIDATE, lastRpcTime:116ms, electionTimeout:116ms
2019-10-15 16:12:20,394 [Thread-2561] INFO  impl.RoleInfo (RoleInfo.java:shutdownFollowerState(121)) - 25d6372c-77fd-4a39-ac2a-e48debad48df: shutdown FollowerState
2019-10-15 16:12:20,394 [Thread-2561] INFO  impl.RaftServerImpl (RaftServerImpl.java:setRole(184)) - 25d6372c-77fd-4a39-ac2a-e48debad48df@group-B2671EB745D2: changes role from  FOLLOWER to CANDIDATE at term 381 for changeToCandidate
2019-10-15 16:12:20,395 [Thread-2561] INFO  impl.RoleInfo (RoleInfo.java:updateAndGet(143)) - 25d6372c-77fd-4a39-ac2a-e48debad48df: start LeaderElection
2019-10-15 16:12:20,407 [25d6372c-77fd-4a39-ac2a-e48debad48df@group-B2671EB745D2-LeaderElection355] INFO  impl.LeaderElection (LeaderElection.java:askForVotes(178)) - 25d6372c-77fd-4a39-ac2a-e48debad48df@group-B2671EB745D2-LeaderElection355: begin an election at term 382 for -1: [50423279-f647-4a18-8e85-347d68eaf856:192.168.69.88:39583, 2ec85f63-33fb-4317-9145-71357d145af9:192.168.69.88:42357, 25d6372c-77fd-4a39-ac2a-e48debad48df:192.168.69.88:39591], old=null
2019-10-15 16:12:20,409 [grpc-default-executor-5] INFO  impl.RaftServerImpl (RaftServerImpl.java:setRole(184)) - 2ec85f63-33fb-4317-9145-71357d145af9@group-B2671EB745D2: changes role from  FOLLOWER to FOLLOWER at term 382 for recognizeCandidate:25d6372c-77fd-4a39-ac2a-e48debad48df
2019-10-15 16:12:20,409 [grpc-default-executor-5] INFO  impl.RoleInfo (RoleInfo.java:shutdownFollowerState(121)) - 2ec85f63-33fb-4317-9145-71357d145af9: shutdown FollowerState
2019-10-15 16:12:20,409 [grpc-default-executor-0] INFO  impl.RaftServerImpl (RaftServerImpl.java:setRole(184)) - 50423279-f647-4a18-8e85-347d68eaf856@group-B2671EB745D2: changes role from  FOLLOWER to FOLLOWER at term 382 for recognizeCandidate:25d6372c-77fd-4a39-ac2a-e48debad48df
2019-10-15 16:12:20,409 [grpc-default-executor-0] INFO  impl.RoleInfo (RoleInfo.java:shutdownFollowerState(121)) - 50423279-f647-4a18-8e85-347d68eaf856: shutdown FollowerState
2019-10-15 16:12:20,409 [Thread-2560] INFO  impl.FollowerState (FollowerState.java:run(117)) - 2ec85f63-33fb-4317-9145-71357d145af9@group-B2671EB745D2-FollowerState was interrupted: java.lang.InterruptedException: sleep interrupted
2019-10-15 16:12:20,409 [grpc-default-executor-5] INFO  impl.RoleInfo (RoleInfo.java:updateAndGet(143)) - 2ec85f63-33fb-4317-9145-71357d145af9: start FollowerState
2019-10-15 16:12:20,409 [Thread-2559] INFO  impl.FollowerState (FollowerState.java:run(117)) - 50423279-f647-4a18-8e85-347d68eaf856@group-B2671EB745D2-FollowerState was interrupted: java.lang.InterruptedException: sleep interrupted
2019-10-15 16:12:20,409 [grpc-default-executor-0] INFO  impl.RoleInfo (RoleInfo.java:updateAndGet(143)) - 50423279-f647-4a18-8e85-347d68eaf856: start FollowerState
2019-10-15 16:12:20,426 [25d6372c-77fd-4a39-ac2a-e48debad48df@group-B2671EB745D2-LeaderElection355] INFO  impl.LeaderElection (LeaderElection.java:logAndReturn(56)) - 25d6372c-77fd-4a39-ac2a-e48debad48df@group-B2671EB745D2-LeaderElection355: Election REJECTED; received 2 response(s) [25d6372c-77fd-4a39-ac2a-e48debad48df<-2ec85f63-33fb-4317-9145-71357d145af9#0:FAIL-t382, 25d6372c-77fd-4a39-ac2a-e48debad48df<-50423279-f647-4a18-8e85-347d68eaf856#0:FAIL-t382] and 0 exception(s); 25d6372c-77fd-4a39-ac2a-e48debad48df@group-B2671EB745D2:t382, leader=null, voted=25d6372c-77fd-4a39-ac2a-e48debad48df, raftlog=25d6372c-77fd-4a39-ac2a-e48debad48df@group-B2671EB745D2-SegmentedRaftLog:OPENED:c-1,f-1,i0, conf=-1: [50423279-f647-4a18-8e85-347d68eaf856:192.168.69.88:39583, 2ec85f63-33fb-4317-9145-71357d145af9:192.168.69.88:42357, 25d6372c-77fd-4a39-ac2a-e48debad48df:192.168.69.88:39591], old=null
2019-10-15 16:12:20,426 [25d6372c-77fd-4a39-ac2a-e48debad48df@group-B2671EB745D2-LeaderElection355] INFO  impl.RaftServerImpl (RaftServerImpl.java:setRole(184)) - 25d6372c-77fd-4a39-ac2a-e48debad48df@group-B2671EB745D2: changes role from CANDIDATE to FOLLOWER at term 382 for DISCOVERED_A_NEW_TERM
2019-10-15 16:12:20,426 [25d6372c-77fd-4a39-ac2a-e48debad48df@group-B2671EB745D2-LeaderElection355] INFO  impl.RoleInfo (RoleInfo.java:shutdownLeaderElection(134)) - 25d6372c-77fd-4a39-ac2a-e48debad48df: shutdown LeaderElection
2019-10-15 16:12:20,426 [25d6372c-77fd-4a39-ac2a-e48debad48df@group-B2671EB745D2-LeaderElection355] INFO  impl.RoleInfo (RoleInfo.java:updateAndGet(143)) - 25d6372c-77fd-4a39-ac2a-e48debad48df: start FollowerState
2019-10-15 16:12:20,601 [Thread-2567] INFO  impl.FollowerState (FollowerState.java:run(108)) - 25d6372c-77fd-4a39-ac2a-e48debad48df@group-B2671EB745D2-FollowerState: change to CANDIDATE, lastRpcTime:174ms, electionTimeout:174ms
2019-10-15 16:12:20,601 [Thread-2567] INFO  impl.RoleInfo (RoleInfo.java:shutdownFollowerState(121)) - 25d6372c-77fd-4a39-ac2a-e48debad48df: shutdown FollowerState
2019-10-15 16:12:20,601 [Thread-2567] INFO  impl.RaftServerImpl (RaftServerImpl.java:setRole(184)) - 25d6372c-77fd-4a39-ac2a-e48debad48df@group-B2671EB745D2: changes role from  FOLLOWER to CANDIDATE at term 382 for changeToCandidate
2019-10-15 16:12:20,601 [Thread-2567] INFO  impl.RoleInfo (RoleInfo.java:updateAndGet(143)) - 25d6372c-77fd-4a39-ac2a-e48debad48df: start LeaderElection
2019-10-15 16:12:20,615 [25d6372c-77fd-4a39-ac2a-e48debad48df@group-B2671EB745D2-LeaderElection356] INFO  impl.LeaderElection (LeaderElection.java:askForVotes(178)) - 25d6372c-77fd-4a39-ac2a-e48debad48df@group-B2671EB745D2-LeaderElection356: begin an election at term 383 for -1: [50423279-f647-4a18-8e85-347d68eaf856:192.168.69.88:39583, 2ec85f63-33fb-4317-9145-71357d145af9:192.168.69.88:42357, 25d6372c-77fd-4a39-ac2a-e48debad48df:192.168.69.88:39591], old=null
2019-10-15 16:12:20,617 [grpc-default-executor-5] INFO  impl.RaftServerImpl (RaftServerImpl.java:setRole(184)) - 2ec85f63-33fb-4317-9145-71357d145af9@group-B2671EB745D2: changes role from  FOLLOWER to FOLLOWER at term 383 for recognizeCandidate:25d6372c-77fd-4a39-ac2a-e48debad48df
2019-10-15 16:12:20,617 [grpc-default-executor-5] INFO  impl.RoleInfo (RoleInfo.java:shutdownFollowerState(121)) - 2ec85f63-33fb-4317-9145-71357d145af9: shutdown FollowerState
2019-10-15 16:12:20,617 [grpc-default-executor-0] INFO  impl.RaftServerImpl (RaftServerImpl.java:setRole(184)) - 50423279-f647-4a18-8e85-347d68eaf856@group-B2671EB745D2: changes role from  FOLLOWER to FOLLOWER at term 383 for recognizeCandidate:25d6372c-77fd-4a39-ac2a-e48debad48df
2019-10-15 16:12:20,617 [grpc-default-executor-0] INFO  impl.RoleInfo (RoleInfo.java:shutdownFollowerState(121)) - 50423279-f647-4a18-8e85-347d68eaf856: shutdown FollowerState
2019-10-15 16:12:20,617 [Thread-2565] INFO  impl.FollowerState (FollowerState.java:run(117)) - 2ec85f63-33fb-4317-9145-71357d145af9@group-B2671EB745D2-FollowerState was interrupted: java.lang.InterruptedException: sleep interrupted
2019-10-15 16:12:20,617 [Thread-2566] INFO  impl.FollowerState (FollowerState.java:run(117)) - 50423279-f647-4a18-8e85-347d68eaf856@group-B2671EB745D2-FollowerState was interrupted: java.lang.InterruptedException: sleep interrupted
2019-10-15 16:12:20,617 [grpc-default-executor-5] INFO  impl.RoleInfo (RoleInfo.java:updateAndGet(143)) - 2ec85f63-33fb-4317-9145-71357d145af9: start FollowerState
2019-10-15 16:12:20,617 [grpc-default-executor-0] INFO  impl.RoleInfo (RoleInfo.java:updateAndGet(143)) - 50423279-f647-4a18-8e85-347d68eaf856: start FollowerState
2019-10-15 16:12:20,623 [25d6372c-77fd-4a39-ac2a-e48debad48df@group-B2671EB745D2-LeaderElection356] INFO  impl.LeaderElection (LeaderElection.java:logAndReturn(56)) - 25d6372c-77fd-4a39-ac2a-e48debad48df@group-B2671EB745D2-LeaderElection356: Election REJECTED; received 2 response(s) [25d6372c-77fd-4a39-ac2a-e48debad48df<-2ec85f63-33fb-4317-9145-71357d145af9#0:FAIL-t383, 25d6372c-77fd-4a39-ac2a-e48debad48df<-50423279-f647-4a18-8e85-347d68eaf856#0:FAIL-t383] and 0 exception(s); 25d6372c-77fd-4a39-ac2a-e48debad48df@group-B2671EB745D2:t383, leader=null, voted=25d6372c-77fd-4a39-ac2a-e48debad48df, raftlog=25d6372c-77fd-4a39-ac2a-e48debad48df@group-B2671EB745D2-SegmentedRaftLog:OPENED:c-1,f-1,i0, conf=-1: [50423279-f647-4a18-8e85-347d68eaf856:192.168.69.88:39583, 2ec85f63-33fb-4317-9145-71357d145af9:192.168.69.88:42357, 25d6372c-77fd-4a39-ac2a-e48debad48df:192.168.69.88:39591], old=null
2019-10-15 16:12:20,623 [25d6372c-77fd-4a39-ac2a-e48debad48df@group-B2671EB745D2-LeaderElection356] INFO  impl.RaftServerImpl (RaftServerImpl.java:setRole(184)) - 25d6372c-77fd-4a39-ac2a-e48debad48df@group-B2671EB745D2: changes role from CANDIDATE to FOLLOWER at term 383 for DISCOVERED_A_NEW_TERM
2019-10-15 16:12:20,623 [25d6372c-77fd-4a39-ac2a-e48debad48df@group-B2671EB745D2-LeaderElection356] INFO  impl.RoleInfo (RoleInfo.java:shutdownLeaderElection(134)) - 25d6372c-77fd-4a39-ac2a-e48debad48df: shutdown LeaderElection
2019-10-15 16:12:20,623 [25d6372c-77fd-4a39-ac2a-e48debad48df@group-B2671EB745D2-LeaderElection356] INFO  impl.RoleInfo (RoleInfo.java:updateAndGet(143)) - 25d6372c-77fd-4a39-ac2a-e48debad48df: start FollowerState
2019-10-15 16:12:20,664 [Thread-2573] INFO  impl.FollowerState (FollowerState.java:run(108)) - 25d6372c-77fd-4a39-ac2a-e48debad48df@group-B2671EB745D2-FollowerState: change to CANDIDATE, lastRpcTime:40ms, electionTimeout:40ms
2019-10-15 16:12:20,664 [Thread-2573] INFO  impl.RoleInfo (RoleInfo.java:shutdownFollowerState(121)) - 25d6372c-77fd-4a39-ac2a-e48debad48df: shutdown FollowerState
2019-10-15 16:12:20,664 [Thread-2573] INFO  impl.RaftServerImpl (RaftServerImpl.java:setRole(184)) - 25d6372c-77fd-4a39-ac2a-e48debad48df@group-B2671EB745D2: changes role from  FOLLOWER to CANDIDATE at term 383 for changeToCandidate
2019-10-15 16:12:20,664 [Thread-2573] INFO  impl.RoleInfo (RoleInfo.java:updateAndGet(143)) - 25d6372c-77fd-4a39-ac2a-e48debad48df: start LeaderElection
2019-10-15 16:12:20,676 [25d6372c-77fd-4a39-ac2a-e48debad48df@group-B2671EB745D2-LeaderElection357] INFO  impl.LeaderElection (LeaderElection.java:askForVotes(178)) - 25d6372c-77fd-4a39-ac2a-e48debad48df@group-B2671EB745D2-LeaderElection357: begin an election at term 384 for -1: [50423279-f647-4a18-8e85-347d68eaf856:192.168.69.88:39583, 2ec85f63-33fb-4317-9145-71357d145af9:192.168.69.88:42357, 25d6372c-77fd-4a39-ac2a-e48debad48df:192.168.69.88:39591], old=null
2019-10-15 16:12:20,678 [grpc-default-executor-0] INFO  impl.RaftServerImpl (RaftServerImpl.java:setRole(184)) - 50423279-f647-4a18-8e85-347d68eaf856@group-B2671EB745D2: changes role from  FOLLOWER to FOLLOWER at term 384 for recognizeCandidate:25d6372c-77fd-4a39-ac2a-e48debad48df
2019-10-15 16:12:20,678 [grpc-default-executor-5] INFO  impl.RaftServerImpl (RaftServerImpl.java:setRole(184)) - 2ec85f63-33fb-4317-9145-71357d145af9@group-B2671EB745D2: changes role from  FOLLOWER to FOLLOWER at term 384 for recognizeCandidate:25d6372c-77fd-4a39-ac2a-e48debad48df
2019-10-15 16:12:20,678 [grpc-default-executor-5] INFO  impl.RoleInfo (RoleInfo.java:shutdownFollowerState(121)) - 2ec85f63-33fb-4317-9145-71357d145af9: shutdown FollowerState
2019-10-15 16:12:20,678 [grpc-default-executor-0] INFO  impl.RoleInfo (RoleInfo.java:shutdownFollowerState(121)) - 50423279-f647-4a18-8e85-347d68eaf856: shutdown FollowerState
2019-10-15 16:12:20,678 [grpc-default-executor-5] INFO  impl.RoleInfo (RoleInfo.java:updateAndGet(143)) - 2ec85f63-33fb-4317-9145-71357d145af9: start FollowerState
2019-10-15 16:12:20,679 [grpc-default-executor-0] INFO  impl.RoleInfo (RoleInfo.java:updateAndGet(143)) - 50423279-f647-4a18-8e85-347d68eaf856: start FollowerState
2019-10-15 16:12:20,678 [Thread-2571] INFO  impl.FollowerState (FollowerState.java:run(117)) - 2ec85f63-33fb-4317-9145-71357d145af9@group-B2671EB745D2-FollowerState was interrupted: java.lang.InterruptedException: sleep interrupted
2019-10-15 16:12:20,679 [Thread-2572] INFO  impl.FollowerState (FollowerState.java:run(117)) - 50423279-f647-4a18-8e85-347d68eaf856@group-B2671EB745D2-FollowerState was interrupted: java.lang.InterruptedException: sleep interrupted
2019-10-15 16:12:20,688 [25d6372c-77fd-4a39-ac2a-e48debad48df@group-B2671EB745D2-LeaderElection357] INFO  impl.LeaderElection (LeaderElection.java:logAndReturn(56)) - 25d6372c-77fd-4a39-ac2a-e48debad48df@group-B2671EB745D2-LeaderElection357: Election REJECTED; received 2 response(s) [25d6372c-77fd-4a39-ac2a-e48debad48df<-50423279-f647-4a18-8e85-347d68eaf856#0:FAIL-t384, 25d6372c-77fd-4a39-ac2a-e48debad48df<-2ec85f63-33fb-4317-9145-71357d145af9#0:FAIL-t384] and 0 exception(s); 25d6372c-77fd-4a39-ac2a-e48debad48df@group-B2671EB745D2:t384, leader=null, voted=25d6372c-77fd-4a39-ac2a-e48debad48df, raftlog=25d6372c-77fd-4a39-ac2a-e48debad48df@group-B2671EB745D2-SegmentedRaftLog:OPENED:c-1,f-1,i0, conf=-1: [50423279-f647-4a18-8e85-347d68eaf856:192.168.69.88:39583, 2ec85f63-33fb-4317-9145-71357d145af9:192.168.69.88:42357, 25d6372c-77fd-4a39-ac2a-e48debad48df:192.168.69.88:39591], old=null
2019-10-15 16:12:20,688 [25d6372c-77fd-4a39-ac2a-e48debad48df@group-B2671EB745D2-LeaderElection357] INFO  impl.RaftServerImpl (RaftServerImpl.java:setRole(184)) - 25d6372c-77fd-4a39-ac2a-e48debad48df@group-B2671EB745D2: changes role from CANDIDATE to FOLLOWER at term 384 for DISCOVERED_A_NEW_TERM
2019-10-15 16:12:20,688 [25d6372c-77fd-4a39-ac2a-e48debad48df@group-B2671EB745D2-LeaderElection357] INFO  impl.RoleInfo (RoleInfo.java:shutdownLeaderElection(134)) - 25d6372c-77fd-4a39-ac2a-e48debad48df: shutdown LeaderElection
2019-10-15 16:12:20,688 [25d6372c-77fd-4a39-ac2a-e48debad48df@group-B2671EB745D2-LeaderElection357] INFO  impl.RoleInfo (RoleInfo.java:updateAndGet(143)) - 25d6372c-77fd-4a39-ac2a-e48debad48df: start FollowerState
2019-10-15 16:12:20,872 [Thread-2579] INFO  impl.FollowerState (FollowerState.java:run(108)) - 25d6372c-77fd-4a39-ac2a-e48debad48df@group-B2671EB745D2-FollowerState: change to CANDIDATE, lastRpcTime:184ms, electionTimeout:184ms
2019-10-15 16:12:20,873 [Thread-2579] INFO  impl.RoleInfo (RoleInfo.java:shutdownFollowerState(121)) - 25d6372c-77fd-4a39-ac2a-e48debad48df: shutdown FollowerState
2019-10-15 16:12:20,873 [Thread-2579] INFO  impl.RaftServerImpl (RaftServerImpl.java:setRole(184)) - 25d6372c-77fd-4a39-ac2a-e48debad48df@group-B2671EB745D2: changes role from  FOLLOWER to CANDIDATE at term 384 for changeToCandidate
2019-10-15 16:12:20,873 [Thread-2579] INFO  impl.RoleInfo (RoleInfo.java:updateAndGet(143)) - 25d6372c-77fd-4a39-ac2a-e48debad48df: start LeaderElection
2019-10-15 16:12:20,888 [25d6372c-77fd-4a39-ac2a-e48debad48df@group-B2671EB745D2-LeaderElection358] INFO  impl.LeaderElection (LeaderElection.java:askForVotes(178)) - 25d6372c-77fd-4a39-ac2a-e48debad48df@group-B2671EB745D2-LeaderElection358: begin an election at term 385 for -1: [50423279-f647-4a18-8e85-347d68eaf856:192.168.69.88:39583, 2ec85f63-33fb-4317-9145-71357d145af9:192.168.69.88:42357, 25d6372c-77fd-4a39-ac2a-e48debad48df:192.168.69.88:39591], old=null
2019-10-15 16:12:20,890 [grpc-default-executor-0] INFO  impl.RaftServerImpl (RaftServerImpl.java:setRole(184)) - 2ec85f63-33fb-4317-9145-71357d145af9@group-B2671EB745D2: changes role from  FOLLOWER to FOLLOWER at term 385 for recognizeCandidate:25d6372c-77fd-4a39-ac2a-e48debad48df
2019-10-15 16:12:20,890 [grpc-default-executor-0] INFO  impl.RoleInfo (RoleInfo.java:shutdownFollowerState(121)) - 2ec85f63-33fb-4317-9145-71357d145af9: shutdown FollowerState
2019-10-15 16:12:20,890 [grpc-default-executor-5] INFO  impl.RaftServerImpl (RaftServerImpl.java:setRole(184)) - 50423279-f647-4a18-8e85-347d68eaf856@group-B2671EB745D2: changes role from  FOLLOWER to FOLLOWER at term 385 for recognizeCandidate:25d6372c-77fd-4a39-ac2a-e48debad48df
2019-10-15 16:12:20,891 [grpc-default-executor-0] INFO  impl.RoleInfo (RoleInfo.java:updateAndGet(143)) - 2ec85f63-33fb-4317-9145-71357d145af9: start FollowerState
2019-10-15 16:12:20,891 [Thread-2577] INFO  impl.FollowerState (FollowerState.java:run(117)) - 2ec85f63-33fb-4317-9145-71357d145af9@group-B2671EB745D2-FollowerState was interrupted: java.lang.InterruptedException: sleep interrupted
2019-10-15 16:12:20,891 [grpc-default-executor-5] INFO  impl.RoleInfo (RoleInfo.java:shutdownFollowerState(121)) - 50423279-f647-4a18-8e85-347d68eaf856: shutdown FollowerState
2019-10-15 16:12:20,891 [grpc-default-executor-5] INFO  impl.RoleInfo (RoleInfo.java:updateAndGet(143)) - 50423279-f647-4a18-8e85-347d68eaf856: start FollowerState
2019-10-15 16:12:20,891 [Thread-2578] INFO  impl.FollowerState (FollowerState.java:run(117)) - 50423279-f647-4a18-8e85-347d68eaf856@group-B2671EB745D2-FollowerState was interrupted: java.lang.InterruptedException: sleep interrupted
2019-10-15 16:12:20,906 [25d6372c-77fd-4a39-ac2a-e48debad48df@group-B2671EB745D2-LeaderElection358] INFO  impl.LeaderElection (LeaderElection.java:logAndReturn(56)) - 25d6372c-77fd-4a39-ac2a-e48debad48df@group-B2671EB745D2-LeaderElection358: Election REJECTED; received 2 response(s) [25d6372c-77fd-4a39-ac2a-e48debad48df<-50423279-f647-4a18-8e85-347d68eaf856#0:FAIL-t385, 25d6372c-77fd-4a39-ac2a-e48debad48df<-2ec85f63-33fb-4317-9145-71357d145af9#0:FAIL-t385] and 0 exception(s); 25d6372c-77fd-4a39-ac2a-e48debad48df@group-B2671EB745D2:t385, leader=null, voted=25d6372c-77fd-4a39-ac2a-e48debad48df, raftlog=25d6372c-77fd-4a39-ac2a-e48debad48df@group-B2671EB745D2-SegmentedRaftLog:OPENED:c-1,f-1,i0, conf=-1: [50423279-f647-4a18-8e85-347d68eaf856:192.168.69.88:39583, 2ec85f63-33fb-4317-9145-71357d145af9:192.168.69.88:42357, 25d6372c-77fd-4a39-ac2a-e48debad48df:192.168.69.88:39591], old=null
2019-10-15 16:12:20,906 [25d6372c-77fd-4a39-ac2a-e48debad48df@group-B2671EB745D2-LeaderElection358] INFO  impl.RaftServerImpl (RaftServerImpl.java:setRole(184)) - 25d6372c-77fd-4a39-ac2a-e48debad48df@group-B2671EB745D2: changes role from CANDIDATE to FOLLOWER at term 385 for DISCOVERED_A_NEW_TERM
2019-10-15 16:12:20,906 [25d6372c-77fd-4a39-ac2a-e48debad48df@group-B2671EB745D2-LeaderElection358] INFO  impl.RoleInfo (RoleInfo.java:shutdownLeaderElection(134)) - 25d6372c-77fd-4a39-ac2a-e48debad48df: shutdown LeaderElection
2019-10-15 16:12:20,906 [25d6372c-77fd-4a39-ac2a-e48debad48df@group-B2671EB745D2-LeaderElection358] INFO  impl.RoleInfo (RoleInfo.java:updateAndGet(143)) - 25d6372c-77fd-4a39-ac2a-e48debad48df: start FollowerState
2019-10-15 16:12:20,969 [Thread-2587] INFO  impl.FollowerState (FollowerState.java:run(108)) - 25d6372c-77fd-4a39-ac2a-e48debad48df@group-B2671EB745D2-FollowerState: change to CANDIDATE, lastRpcTime:62ms, electionTimeout:62ms
2019-10-15 16:12:20,969 [Thread-2587] INFO  impl.RoleInfo (RoleInfo.java:shutdownFollowerState(121)) - 25d6372c-77fd-4a39-ac2a-e48debad48df: shutdown FollowerState
2019-10-15 16:12:20,969 [Thread-2587] INFO  impl.RaftServerImpl (RaftServerImpl.java:setRole(184)) - 25d6372c-77fd-4a39-ac2a-e48debad48df@group-B2671EB745D2: changes role from  FOLLOWER to CANDIDATE at term 385 for changeToCandidate
2019-10-15 16:12:20,969 [Thread-2587] INFO  impl.RoleInfo (RoleInfo.java:updateAndGet(143)) - 25d6372c-77fd-4a39-ac2a-e48debad48df: start LeaderElection
2019-10-15 16:12:20,982 [25d6372c-77fd-4a39-ac2a-e48debad48df@group-B2671EB745D2-LeaderElection359] INFO  impl.LeaderElection (LeaderElection.java:askForVotes(178)) - 25d6372c-77fd-4a39-ac2a-e48debad48df@group-B2671EB745D2-LeaderElection359: begin an election at term 386 for -1: [50423279-f647-4a18-8e85-347d68eaf856:192.168.69.88:39583, 2ec85f63-33fb-4317-9145-71357d145af9:192.168.69.88:42357, 25d6372c-77fd-4a39-ac2a-e48debad48df:192.168.69.88:39591], old=null
2019-10-15 16:12:20,983 [grpc-default-executor-0] INFO  impl.RaftServerImpl (RaftServerImpl.java:setRole(184)) - 50423279-f647-4a18-8e85-347d68eaf856@group-B2671EB745D2: changes role from  FOLLOWER to FOLLOWER at term 386 for recognizeCandidate:25d6372c-77fd-4a39-ac2a-e48debad48df
2019-10-15 16:12:20,984 [grpc-default-executor-0] INFO  impl.RoleInfo (RoleInfo.java:shutdownFollowerState(121)) - 50423279-f647-4a18-8e85-347d68eaf856: shutdown FollowerState
2019-10-15 16:12:20,984 [grpc-default-executor-5] INFO  impl.RaftServerImpl (RaftServerImpl.java:setRole(184)) - 2ec85f63-33fb-4317-9145-71357d145af9@group-B2671EB745D2: changes role from  FOLLOWER to FOLLOWER at term 386 for recognizeCandidate:25d6372c-77fd-4a39-ac2a-e48debad48df
2019-10-15 16:12:20,984 [Thread-2586] INFO  impl.FollowerState (FollowerState.java:run(117)) - 50423279-f647-4a18-8e85-347d68eaf856@group-B2671EB745D2-FollowerState was interrupted: java.lang.InterruptedException: sleep interrupted
2019-10-15 16:12:20,984 [grpc-default-executor-0] INFO  impl.RoleInfo (RoleInfo.java:updateAndGet(143)) - 50423279-f647-4a18-8e85-347d68eaf856: start FollowerState
2019-10-15 16:12:20,984 [grpc-default-executor-5] INFO  impl.RoleInfo (RoleInfo.java:shutdownFollowerState(121)) - 2ec85f63-33fb-4317-9145-71357d145af9: shutdown FollowerState
2019-10-15 16:12:20,984 [grpc-default-executor-5] INFO  impl.RoleInfo (RoleInfo.java:updateAndGet(143)) - 2ec85f63-33fb-4317-9145-71357d145af9: start FollowerState
2019-10-15 16:12:20,984 [Thread-2585] INFO  impl.FollowerState (FollowerState.java:run(117)) - 2ec85f63-33fb-4317-9145-71357d145af9@group-B2671EB745D2-FollowerState was interrupted: java.lang.InterruptedException: sleep interrupted
2019-10-15 16:12:20,998 [25d6372c-77fd-4a39-ac2a-e48debad48df@group-B2671EB745D2-LeaderElection359] INFO  impl.LeaderElection (LeaderElection.java:logAndReturn(56)) - 25d6372c-77fd-4a39-ac2a-e48debad48df@group-B2671EB745D2-LeaderElection359: Election REJECTED; received 2 response(s) [25d6372c-77fd-4a39-ac2a-e48debad48df<-2ec85f63-33fb-4317-9145-71357d145af9#0:FAIL-t386, 25d6372c-77fd-4a39-ac2a-e48debad48df<-50423279-f647-4a18-8e85-347d68eaf856#0:FAIL-t386] and 0 exception(s); 25d6372c-77fd-4a39-ac2a-e48debad48df@group-B2671EB745D2:t386, leader=null, voted=25d6372c-77fd-4a39-ac2a-e48debad48df, raftlog=25d6372c-77fd-4a39-ac2a-e48debad48df@group-B2671EB745D2-SegmentedRaftLog:OPENED:c-1,f-1,i0, conf=-1: [50423279-f647-4a18-8e85-347d68eaf856:192.168.69.88:39583, 2ec85f63-33fb-4317-9145-71357d145af9:192.168.69.88:42357, 25d6372c-77fd-4a39-ac2a-e48debad48df:192.168.69.88:39591], old=null
2019-10-15 16:12:20,998 [25d6372c-77fd-4a39-ac2a-e48debad48df@group-B2671EB745D2-LeaderElection359] INFO  impl.RaftServerImpl (RaftServerImpl.java:setRole(184)) - 25d6372c-77fd-4a39-ac2a-e48debad48df@group-B2671EB745D2: changes role from CANDIDATE to FOLLOWER at term 386 for DISCOVERED_A_NEW_TERM
2019-10-15 16:12:20,998 [25d6372c-77fd-4a39-ac2a-e48debad48df@group-B2671EB745D2-LeaderElection359] INFO  impl.RoleInfo (RoleInfo.java:shutdownLeaderElection(134)) - 25d6372c-77fd-4a39-ac2a-e48debad48df: shutdown LeaderElection
2019-10-15 16:12:20,998 [25d6372c-77fd-4a39-ac2a-e48debad48df@group-B2671EB745D2-LeaderElection359] INFO  impl.RoleInfo (RoleInfo.java:updateAndGet(143)) - 25d6372c-77fd-4a39-ac2a-e48debad48df: start FollowerState
2019-10-15 16:12:21,197 [Thread-2593] INFO  impl.FollowerState (FollowerState.java:run(108)) - 25d6372c-77fd-4a39-ac2a-e48debad48df@group-B2671EB745D2-FollowerState: change to CANDIDATE, lastRpcTime:198ms, electionTimeout:198ms
2019-10-15 16:12:21,197 [Thread-2593] INFO  impl.RoleInfo (RoleInfo.java:shutdownFollowerState(121)) - 25d6372c-77fd-4a39-ac2a-e48debad48df: shutdown FollowerState
2019-10-15 16:12:21,198 [Thread-2593] INFO  impl.RaftServerImpl (RaftServerImpl.java:setRole(184)) - 25d6372c-77fd-4a39-ac2a-e48debad48df@group-B2671EB745D2: changes role from  FOLLOWER to CANDIDATE at term 386 for changeToCandidate
2019-10-15 16:12:21,198 [Thread-2593] INFO  impl.RoleInfo (RoleInfo.java:updateAndGet(143)) - 25d6372c-77fd-4a39-ac2a-e48debad48df: start LeaderElection
2019-10-15 16:12:21,212 [25d6372c-77fd-4a39-ac2a-e48debad48df@group-B2671EB745D2-LeaderElection360] INFO  impl.LeaderElection (LeaderElection.java:askForVotes(178)) - 25d6372c-77fd-4a39-ac2a-e48debad48df@group-B2671EB745D2-LeaderElection360: begin an election at term 387 for -1: [50423279-f647-4a18-8e85-347d68eaf856:192.168.69.88:39583, 2ec85f63-33fb-4317-9145-71357d145af9:192.168.69.88:42357, 25d6372c-77fd-4a39-ac2a-e48debad48df:192.168.69.88:39591], old=null
2019-10-15 16:12:21,214 [grpc-default-executor-0] INFO  impl.RaftServerImpl (RaftServerImpl.java:setRole(184)) - 50423279-f647-4a18-8e85-347d68eaf856@group-B2671EB745D2: changes role from  FOLLOWER to FOLLOWER at term 387 for recognizeCandidate:25d6372c-77fd-4a39-ac2a-e48debad48df
2019-10-15 16:12:21,214 [grpc-default-executor-5] INFO  impl.RaftServerImpl (RaftServerImpl.java:setRole(184)) - 2ec85f63-33fb-4317-9145-71357d145af9@group-B2671EB745D2: changes role from  FOLLOWER to FOLLOWER at term 387 for recognizeCandidate:25d6372c-77fd-4a39-ac2a-e48debad48df
2019-10-15 16:12:21,214 [grpc-default-executor-5] INFO  impl.RoleInfo (RoleInfo.java:shutdownFollowerState(121)) - 2ec85f63-33fb-4317-9145-71357d145af9: shutdown FollowerState
2019-10-15 16:12:21,214 [grpc-default-executor-0] INFO  impl.RoleInfo (RoleInfo.java:shutdownFollowerState(121)) - 50423279-f647-4a18-8e85-347d68eaf856: shutdown FollowerState
2019-10-15 16:12:21,214 [Thread-2592] INFO  impl.FollowerState (FollowerState.java:run(117)) - 2ec85f63-33fb-4317-9145-71357d145af9@group-B2671EB745D2-FollowerState was interrupted: java.lang.InterruptedException: sleep interrupted
2019-10-15 16:12:21,214 [Thread-2591] INFO  impl.FollowerState (FollowerState.java:run(117)) - 50423279-f647-4a18-8e85-347d68eaf856@group-B2671EB745D2-FollowerState was interrupted: java.lang.InterruptedException: sleep interrupted
2019-10-15 16:12:21,214 [grpc-default-executor-5] INFO  impl.RoleInfo (RoleInfo.java:updateAndGet(143)) - 2ec85f63-33fb-4317-9145-71357d145af9: start FollowerState
2019-10-15 16:12:21,214 [grpc-default-executor-0] INFO  impl.RoleInfo (RoleInfo.java:updateAndGet(143)) - 50423279-f647-4a18-8e85-347d68eaf856: start FollowerState
2019-10-15 16:12:21,229 [25d6372c-77fd-4a39-ac2a-e48debad48df@group-B2671EB745D2-LeaderElection360] INFO  impl.LeaderElection (LeaderElection.java:logAndReturn(56)) - 25d6372c-77fd-4a39-ac2a-e48debad48df@group-B2671EB745D2-LeaderElection360: Election REJECTED; received 2 response(s) [25d6372c-77fd-4a39-ac2a-e48debad48df<-50423279-f647-4a18-8e85-347d68eaf856#0:FAIL-t387, 25d6372c-77fd-4a39-ac2a-e48debad48df<-2ec85f63-33fb-4317-9145-71357d145af9#0:FAIL-t387] and 0 exception(s); 25d6372c-77fd-4a39-ac2a-e48debad48df@group-B2671EB745D2:t387, leader=null, voted=25d6372c-77fd-4a39-ac2a-e48debad48df, raftlog=25d6372c-77fd-4a39-ac2a-e48debad48df@group-B2671EB745D2-SegmentedRaftLog:OPENED:c-1,f-1,i0, conf=-1: [50423279-f647-4a18-8e85-347d68eaf856:192.168.69.88:39583, 2ec85f63-33fb-4317-9145-71357d145af9:192.168.69.88:42357, 25d6372c-77fd-4a39-ac2a-e48debad48df:192.168.69.88:39591], old=null
2019-10-15 16:12:21,229 [25d6372c-77fd-4a39-ac2a-e48debad48df@group-B2671EB745D2-LeaderElection360] INFO  impl.RaftServerImpl (RaftServerImpl.java:setRole(184)) - 25d6372c-77fd-4a39-ac2a-e48debad48df@group-B2671EB745D2: changes role from CANDIDATE to FOLLOWER at term 387 for DISCOVERED_A_NEW_TERM
2019-10-15 16:12:21,229 [25d6372c-77fd-4a39-ac2a-e48debad48df@group-B2671EB745D2-LeaderElection360] INFO  impl.RoleInfo (RoleInfo.java:shutdownLeaderElection(134)) - 25d6372c-77fd-4a39-ac2a-e48debad48df: shutdown LeaderElection
2019-10-15 16:12:21,229 [25d6372c-77fd-4a39-ac2a-e48debad48df@group-B2671EB745D2-LeaderElection360] INFO  impl.RoleInfo (RoleInfo.java:updateAndGet(143)) - 25d6372c-77fd-4a39-ac2a-e48debad48df: start FollowerState
2019-10-15 16:12:21,375 [Thread-2599] INFO  impl.FollowerState (FollowerState.java:run(108)) - 25d6372c-77fd-4a39-ac2a-e48debad48df@group-B2671EB745D2-FollowerState: change to CANDIDATE, lastRpcTime:146ms, electionTimeout:146ms
2019-10-15 16:12:21,376 [Thread-2599] INFO  impl.RoleInfo (RoleInfo.java:shutdownFollowerState(121)) - 25d6372c-77fd-4a39-ac2a-e48debad48df: shutdown FollowerState
2019-10-15 16:12:21,376 [Thread-2599] INFO  impl.RaftServerImpl (RaftServerImpl.java:setRole(184)) - 25d6372c-77fd-4a39-ac2a-e48debad48df@group-B2671EB745D2: changes role from  FOLLOWER to CANDIDATE at term 387 for changeToCandidate
2019-10-15 16:12:21,376 [Thread-2599] INFO  impl.RoleInfo (RoleInfo.java:updateAndGet(143)) - 25d6372c-77fd-4a39-ac2a-e48debad48df: start LeaderElection
2019-10-15 16:12:21,381 [25d6372c-77fd-4a39-ac2a-e48debad48df@group-B2671EB745D2-LeaderElection361] INFO  impl.LeaderElection (LeaderElection.java:askForVotes(178)) - 25d6372c-77fd-4a39-ac2a-e48debad48df@group-B2671EB745D2-LeaderElection361: begin an election at term 388 for -1: [50423279-f647-4a18-8e85-347d68eaf856:192.168.69.88:39583, 2ec85f63-33fb-4317-9145-71357d145af9:192.168.69.88:42357, 25d6372c-77fd-4a39-ac2a-e48debad48df:192.168.69.88:39591], old=null
2019-10-15 16:12:21,382 [grpc-default-executor-5] INFO  impl.RaftServerImpl (RaftServerImpl.java:setRole(184)) - 50423279-f647-4a18-8e85-347d68eaf856@group-B2671EB745D2: changes role from  FOLLOWER to FOLLOWER at term 388 for recognizeCandidate:25d6372c-77fd-4a39-ac2a-e48debad48df
2019-10-15 16:12:21,383 [grpc-default-executor-5] INFO  impl.RoleInfo (RoleInfo.java:shutdownFollowerState(121)) - 50423279-f647-4a18-8e85-347d68eaf856: shutdown FollowerState
2019-10-15 16:12:21,383 [grpc-default-executor-0] INFO  impl.RaftServerImpl (RaftServerImpl.java:setRole(184)) - 2ec85f63-33fb-4317-9145-71357d145af9@group-B2671EB745D2: changes role from  FOLLOWER to FOLLOWER at term 388 for recognizeCandidate:25d6372c-77fd-4a39-ac2a-e48debad48df
2019-10-15 16:12:21,383 [grpc-default-executor-0] INFO  impl.RoleInfo (RoleInfo.java:shutdownFollowerState(121)) - 2ec85f63-33fb-4317-9145-71357d145af9: shutdown FollowerState
2019-10-15 16:12:21,383 [Thread-2598] INFO  impl.FollowerState (FollowerState.java:run(117)) - 50423279-f647-4a18-8e85-347d68eaf856@group-B2671EB745D2-FollowerState was interrupted: java.lang.InterruptedException: sleep interrupted
2019-10-15 16:12:21,383 [grpc-default-executor-5] INFO  impl.RoleInfo (RoleInfo.java:updateAndGet(143)) - 50423279-f647-4a18-8e85-347d68eaf856: start FollowerState
2019-10-15 16:12:21,383 [grpc-default-executor-0] INFO  impl.RoleInfo (RoleInfo.java:updateAndGet(143)) - 2ec85f63-33fb-4317-9145-71357d145af9: start FollowerState
2019-10-15 16:12:21,383 [Thread-2597] INFO  impl.FollowerState (FollowerState.java:run(117)) - 2ec85f63-33fb-4317-9145-71357d145af9@group-B2671EB745D2-FollowerState was interrupted: java.lang.InterruptedException: sleep interrupted
2019-10-15 16:12:21,390 [25d6372c-77fd-4a39-ac2a-e48debad48df@group-B2671EB745D2-LeaderElection361] INFO  impl.LeaderElection (LeaderElection.java:logAndReturn(56)) - 25d6372c-77fd-4a39-ac2a-e48debad48df@group-B2671EB745D2-LeaderElection361: Election REJECTED; received 2 response(s) [25d6372c-77fd-4a39-ac2a-e48debad48df<-50423279-f647-4a18-8e85-347d68eaf856#0:FAIL-t388, 25d6372c-77fd-4a39-ac2a-e48debad48df<-2ec85f63-33fb-4317-9145-71357d145af9#0:FAIL-t388] and 0 exception(s); 25d6372c-77fd-4a39-ac2a-e48debad48df@group-B2671EB745D2:t388, leader=null, voted=25d6372c-77fd-4a39-ac2a-e48debad48df, raftlog=25d6372c-77fd-4a39-ac2a-e48debad48df@group-B2671EB745D2-SegmentedRaftLog:OPENED:c-1,f-1,i0, conf=-1: [50423279-f647-4a18-8e85-347d68eaf856:192.168.69.88:39583, 2ec85f63-33fb-4317-9145-71357d145af9:192.168.69.88:42357, 25d6372c-77fd-4a39-ac2a-e48debad48df:192.168.69.88:39591], old=null
2019-10-15 16:12:21,390 [25d6372c-77fd-4a39-ac2a-e48debad48df@group-B2671EB745D2-LeaderElection361] INFO  impl.RaftServerImpl (RaftServerImpl.java:setRole(184)) - 25d6372c-77fd-4a39-ac2a-e48debad48df@group-B2671EB745D2: changes role from CANDIDATE to FOLLOWER at term 388 for DISCOVERED_A_NEW_TERM
2019-10-15 16:12:21,390 [25d6372c-77fd-4a39-ac2a-e48debad48df@group-B2671EB745D2-LeaderElection361] INFO  impl.RoleInfo (RoleInfo.java:shutdownLeaderElection(134)) - 25d6372c-77fd-4a39-ac2a-e48debad48df: shutdown LeaderElection
2019-10-15 16:12:21,391 [25d6372c-77fd-4a39-ac2a-e48debad48df@group-B2671EB745D2-LeaderElection361] INFO  impl.RoleInfo (RoleInfo.java:updateAndGet(143)) - 25d6372c-77fd-4a39-ac2a-e48debad48df: start FollowerState
2019-10-15 16:12:21,444 [Thread-2605] INFO  impl.FollowerState (FollowerState.java:run(108)) - 25d6372c-77fd-4a39-ac2a-e48debad48df@group-B2671EB745D2-FollowerState: change to CANDIDATE, lastRpcTime:53ms, electionTimeout:53ms
2019-10-15 16:12:21,444 [Thread-2605] INFO  impl.RoleInfo (RoleInfo.java:shutdownFollowerState(121)) - 25d6372c-77fd-4a39-ac2a-e48debad48df: shutdown FollowerState
2019-10-15 16:12:21,444 [Thread-2605] INFO  impl.RaftServerImpl (RaftServerImpl.java:setRole(184)) - 25d6372c-77fd-4a39-ac2a-e48debad48df@group-B2671EB745D2: changes role from  FOLLOWER to CANDIDATE at term 388 for changeToCandidate
2019-10-15 16:12:21,445 [Thread-2605] INFO  impl.RoleInfo (RoleInfo.java:updateAndGet(143)) - 25d6372c-77fd-4a39-ac2a-e48debad48df: start LeaderElection
2019-10-15 16:12:21,451 [25d6372c-77fd-4a39-ac2a-e48debad48df@group-B2671EB745D2-LeaderElection362] INFO  impl.LeaderElection (LeaderElection.java:askForVotes(178)) - 25d6372c-77fd-4a39-ac2a-e48debad48df@group-B2671EB745D2-LeaderElection362: begin an election at term 389 for -1: [50423279-f647-4a18-8e85-347d68eaf856:192.168.69.88:39583, 2ec85f63-33fb-4317-9145-71357d145af9:192.168.69.88:42357, 25d6372c-77fd-4a39-ac2a-e48debad48df:192.168.69.88:39591], old=null
2019-10-15 16:12:21,453 [grpc-default-executor-0] INFO  impl.RaftServerImpl (RaftServerImpl.java:setRole(184)) - 50423279-f647-4a18-8e85-347d68eaf856@group-B2671EB745D2: changes role from  FOLLOWER to FOLLOWER at term 389 for recognizeCandidate:25d6372c-77fd-4a39-ac2a-e48debad48df
2019-10-15 16:12:21,453 [grpc-default-executor-0] INFO  impl.RoleInfo (RoleInfo.java:shutdownFollowerState(121)) - 50423279-f647-4a18-8e85-347d68eaf856: shutdown FollowerState
2019-10-15 16:12:21,453 [grpc-default-executor-5] INFO  impl.RaftServerImpl (RaftServerImpl.java:setRole(184)) - 2ec85f63-33fb-4317-9145-71357d145af9@group-B2671EB745D2: changes role from  FOLLOWER to FOLLOWER at term 389 for recognizeCandidate:25d6372c-77fd-4a39-ac2a-e48debad48df
2019-10-15 16:12:21,453 [grpc-default-executor-0] INFO  impl.RoleInfo (RoleInfo.java:updateAndGet(143)) - 50423279-f647-4a18-8e85-347d68eaf856: start FollowerState
2019-10-15 16:12:21,453 [Thread-2603] INFO  impl.FollowerState (FollowerState.java:run(117)) - 50423279-f647-4a18-8e85-347d68eaf856@group-B2671EB745D2-FollowerState was interrupted: java.lang.InterruptedException: sleep interrupted
2019-10-15 16:12:21,454 [grpc-default-executor-5] INFO  impl.RoleInfo (RoleInfo.java:shutdownFollowerState(121)) - 2ec85f63-33fb-4317-9145-71357d145af9: shutdown FollowerState
2019-10-15 16:12:21,454 [Thread-2604] INFO  impl.FollowerState (FollowerState.java:run(117)) - 2ec85f63-33fb-4317-9145-71357d145af9@group-B2671EB745D2-FollowerState was interrupted: java.lang.InterruptedException: sleep interrupted
2019-10-15 16:12:21,454 [grpc-default-executor-5] INFO  impl.RoleInfo (RoleInfo.java:updateAndGet(143)) - 2ec85f63-33fb-4317-9145-71357d145af9: start FollowerState
2019-10-15 16:12:21,528 [25d6372c-77fd-4a39-ac2a-e48debad48df@group-B2671EB745D2-LeaderElection362] INFO  impl.LeaderElection (LeaderElection.java:logAndReturn(56)) - 25d6372c-77fd-4a39-ac2a-e48debad48df@group-B2671EB745D2-LeaderElection362: Election REJECTED; received 2 response(s) [25d6372c-77fd-4a39-ac2a-e48debad48df<-50423279-f647-4a18-8e85-347d68eaf856#0:FAIL-t389, 25d6372c-77fd-4a39-ac2a-e48debad48df<-2ec85f63-33fb-4317-9145-71357d145af9#0:FAIL-t389] and 0 exception(s); 25d6372c-77fd-4a39-ac2a-e48debad48df@group-B2671EB745D2:t389, leader=null, voted=25d6372c-77fd-4a39-ac2a-e48debad48df, raftlog=25d6372c-77fd-4a39-ac2a-e48debad48df@group-B2671EB745D2-SegmentedRaftLog:OPENED:c-1,f-1,i0, conf=-1: [50423279-f647-4a18-8e85-347d68eaf856:192.168.69.88:39583, 2ec85f63-33fb-4317-9145-71357d145af9:192.168.69.88:42357, 25d6372c-77fd-4a39-ac2a-e48debad48df:192.168.69.88:39591], old=null
2019-10-15 16:12:21,528 [25d6372c-77fd-4a39-ac2a-e48debad48df@group-B2671EB745D2-LeaderElection362] INFO  impl.RaftServerImpl (RaftServerImpl.java:setRole(184)) - 25d6372c-77fd-4a39-ac2a-e48debad48df@group-B2671EB745D2: changes role from CANDIDATE to FOLLOWER at term 389 for DISCOVERED_A_NEW_TERM
2019-10-15 16:12:21,528 [25d6372c-77fd-4a39-ac2a-e48debad48df@group-B2671EB745D2-LeaderElection362] INFO  impl.RoleInfo (RoleInfo.java:shutdownLeaderElection(134)) - 25d6372c-77fd-4a39-ac2a-e48debad48df: shutdown LeaderElection
2019-10-15 16:12:21,528 [25d6372c-77fd-4a39-ac2a-e48debad48df@group-B2671EB745D2-LeaderElection362] INFO  impl.RoleInfo (RoleInfo.java:updateAndGet(143)) - 25d6372c-77fd-4a39-ac2a-e48debad48df: start FollowerState
2019-10-15 16:12:21,669 [Thread-2611] INFO  impl.FollowerState (FollowerState.java:run(108)) - 25d6372c-77fd-4a39-ac2a-e48debad48df@group-B2671EB745D2-FollowerState: change to CANDIDATE, lastRpcTime:141ms, electionTimeout:141ms
2019-10-15 16:12:21,670 [Thread-2611] INFO  impl.RoleInfo (RoleInfo.java:shutdownFollowerState(121)) - 25d6372c-77fd-4a39-ac2a-e48debad48df: shutdown FollowerState
2019-10-15 16:12:21,670 [Thread-2611] INFO  impl.RaftServerImpl (RaftServerImpl.java:setRole(184)) - 25d6372c-77fd-4a39-ac2a-e48debad48df@group-B2671EB745D2: changes role from  FOLLOWER to CANDIDATE at term 389 for changeToCandidate
2019-10-15 16:12:21,670 [Thread-2611] INFO  impl.RoleInfo (RoleInfo.java:updateAndGet(143)) - 25d6372c-77fd-4a39-ac2a-e48debad48df: start LeaderElection
2019-10-15 16:12:21,683 [25d6372c-77fd-4a39-ac2a-e48debad48df@group-B2671EB745D2-LeaderElection363] INFO  impl.LeaderElection (LeaderElection.java:askForVotes(178)) - 25d6372c-77fd-4a39-ac2a-e48debad48df@group-B2671EB745D2-LeaderElection363: begin an election at term 390 for -1: [50423279-f647-4a18-8e85-347d68eaf856:192.168.69.88:39583, 2ec85f63-33fb-4317-9145-71357d145af9:192.168.69.88:42357, 25d6372c-77fd-4a39-ac2a-e48debad48df:192.168.69.88:39591], old=null
2019-10-15 16:12:21,684 [grpc-default-executor-0] INFO  impl.RaftServerImpl (RaftServerImpl.java:setRole(184)) - 50423279-f647-4a18-8e85-347d68eaf856@group-B2671EB745D2: changes role from  FOLLOWER to FOLLOWER at term 390 for recognizeCandidate:25d6372c-77fd-4a39-ac2a-e48debad48df
2019-10-15 16:12:21,685 [grpc-default-executor-0] INFO  impl.RoleInfo (RoleInfo.java:shutdownFollowerState(121)) - 50423279-f647-4a18-8e85-347d68eaf856: shutdown FollowerState
2019-10-15 16:12:21,684 [grpc-default-executor-5] INFO  impl.RaftServerImpl (RaftServerImpl.java:setRole(184)) - 2ec85f63-33fb-4317-9145-71357d145af9@group-B2671EB745D2: changes role from  FOLLOWER to FOLLOWER at term 390 for recognizeCandidate:25d6372c-77fd-4a39-ac2a-e48debad48df
2019-10-15 16:12:21,685 [grpc-default-executor-5] INFO  impl.RoleInfo (RoleInfo.java:shutdownFollowerState(121)) - 2ec85f63-33fb-4317-9145-71357d145af9: shutdown FollowerState
2019-10-15 16:12:21,685 [Thread-2609] INFO  impl.FollowerState (FollowerState.java:run(117)) - 50423279-f647-4a18-8e85-347d68eaf856@group-B2671EB745D2-FollowerState was interrupted: java.lang.InterruptedException: sleep interrupted
2019-10-15 16:12:21,685 [Thread-2610] INFO  impl.FollowerState (FollowerState.java:run(117)) - 2ec85f63-33fb-4317-9145-71357d145af9@group-B2671EB745D2-FollowerState was interrupted: java.lang.InterruptedException: sleep interrupted
2019-10-15 16:12:21,685 [grpc-default-executor-0] INFO  impl.RoleInfo (RoleInfo.java:updateAndGet(143)) - 50423279-f647-4a18-8e85-347d68eaf856: start FollowerState
2019-10-15 16:12:21,685 [grpc-default-executor-5] INFO  impl.RoleInfo (RoleInfo.java:updateAndGet(143)) - 2ec85f63-33fb-4317-9145-71357d145af9: start FollowerState
2019-10-15 16:12:21,699 [25d6372c-77fd-4a39-ac2a-e48debad48df@group-B2671EB745D2-LeaderElection363] INFO  impl.LeaderElection (LeaderElection.java:logAndReturn(56)) - 25d6372c-77fd-4a39-ac2a-e48debad48df@group-B2671EB745D2-LeaderElection363: Election REJECTED; received 2 response(s) [25d6372c-77fd-4a39-ac2a-e48debad48df<-50423279-f647-4a18-8e85-347d68eaf856#0:FAIL-t390, 25d6372c-77fd-4a39-ac2a-e48debad48df<-2ec85f63-33fb-4317-9145-71357d145af9#0:FAIL-t390] and 0 exception(s); 25d6372c-77fd-4a39-ac2a-e48debad48df@group-B2671EB745D2:t390, leader=null, voted=25d6372c-77fd-4a39-ac2a-e48debad48df, raftlog=25d6372c-77fd-4a39-ac2a-e48debad48df@group-B2671EB745D2-SegmentedRaftLog:OPENED:c-1,f-1,i0, conf=-1: [50423279-f647-4a18-8e85-347d68eaf856:192.168.69.88:39583, 2ec85f63-33fb-4317-9145-71357d145af9:192.168.69.88:42357, 25d6372c-77fd-4a39-ac2a-e48debad48df:192.168.69.88:39591], old=null
2019-10-15 16:12:21,699 [25d6372c-77fd-4a39-ac2a-e48debad48df@group-B2671EB745D2-LeaderElection363] INFO  impl.RaftServerImpl (RaftServerImpl.java:setRole(184)) - 25d6372c-77fd-4a39-ac2a-e48debad48df@group-B2671EB745D2: changes role from CANDIDATE to FOLLOWER at term 390 for DISCOVERED_A_NEW_TERM
2019-10-15 16:12:21,699 [25d6372c-77fd-4a39-ac2a-e48debad48df@group-B2671EB745D2-LeaderElection363] INFO  impl.RoleInfo (RoleInfo.java:shutdownLeaderElection(134)) - 25d6372c-77fd-4a39-ac2a-e48debad48df: shutdown LeaderElection
2019-10-15 16:12:21,699 [25d6372c-77fd-4a39-ac2a-e48debad48df@group-B2671EB745D2-LeaderElection363] INFO  impl.RoleInfo (RoleInfo.java:updateAndGet(143)) - 25d6372c-77fd-4a39-ac2a-e48debad48df: start FollowerState
2019-10-15 16:12:21,872 [Thread-2617] INFO  impl.FollowerState (FollowerState.java:run(108)) - 25d6372c-77fd-4a39-ac2a-e48debad48df@group-B2671EB745D2-FollowerState: change to CANDIDATE, lastRpcTime:173ms, electionTimeout:173ms
2019-10-15 16:12:21,873 [Thread-2617] INFO  impl.RoleInfo (RoleInfo.java:shutdownFollowerState(121)) - 25d6372c-77fd-4a39-ac2a-e48debad48df: shutdown FollowerState
2019-10-15 16:12:21,873 [Thread-2617] INFO  impl.RaftServerImpl (RaftServerImpl.java:setRole(184)) - 25d6372c-77fd-4a39-ac2a-e48debad48df@group-B2671EB745D2: changes role from  FOLLOWER to CANDIDATE at term 390 for changeToCandidate
2019-10-15 16:12:21,873 [Thread-2617] INFO  impl.RoleInfo (RoleInfo.java:updateAndGet(143)) - 25d6372c-77fd-4a39-ac2a-e48debad48df: start LeaderElection
2019-10-15 16:12:21,886 [25d6372c-77fd-4a39-ac2a-e48debad48df@group-B2671EB745D2-LeaderElection364] INFO  impl.LeaderElection (LeaderElection.java:askForVotes(178)) - 25d6372c-77fd-4a39-ac2a-e48debad48df@group-B2671EB745D2-LeaderElection364: begin an election at term 391 for -1: [50423279-f647-4a18-8e85-347d68eaf856:192.168.69.88:39583, 2ec85f63-33fb-4317-9145-71357d145af9:192.168.69.88:42357, 25d6372c-77fd-4a39-ac2a-e48debad48df:192.168.69.88:39591], old=null
2019-10-15 16:12:21,888 [grpc-default-executor-0] INFO  impl.RaftServerImpl (RaftServerImpl.java:setRole(184)) - 50423279-f647-4a18-8e85-347d68eaf856@group-B2671EB745D2: changes role from  FOLLOWER to FOLLOWER at term 391 for recognizeCandidate:25d6372c-77fd-4a39-ac2a-e48debad48df
2019-10-15 16:12:21,888 [grpc-default-executor-0] INFO  impl.RoleInfo (RoleInfo.java:shutdownFollowerState(121)) - 50423279-f647-4a18-8e85-347d68eaf856: shutdown FollowerState
2019-10-15 16:12:21,888 [grpc-default-executor-5] INFO  impl.RaftServerImpl (RaftServerImpl.java:setRole(184)) - 2ec85f63-33fb-4317-9145-71357d145af9@group-B2671EB745D2: changes role from  FOLLOWER to FOLLOWER at term 391 for recognizeCandidate:25d6372c-77fd-4a39-ac2a-e48debad48df
2019-10-15 16:12:21,888 [Thread-2615] INFO  impl.FollowerState (FollowerState.java:run(117)) - 50423279-f647-4a18-8e85-347d68eaf856@group-B2671EB745D2-FollowerState was interrupted: java.lang.InterruptedException: sleep interrupted
2019-10-15 16:12:21,888 [grpc-default-executor-0] INFO  impl.RoleInfo (RoleInfo.java:updateAndGet(143)) - 50423279-f647-4a18-8e85-347d68eaf856: start FollowerState
2019-10-15 16:12:21,888 [grpc-default-executor-5] INFO  impl.RoleInfo (RoleInfo.java:shutdownFollowerState(121)) - 2ec85f63-33fb-4317-9145-71357d145af9: shutdown FollowerState
2019-10-15 16:12:21,888 [grpc-default-executor-5] INFO  impl.RoleInfo (RoleInfo.java:updateAndGet(143)) - 2ec85f63-33fb-4317-9145-71357d145af9: start FollowerState
2019-10-15 16:12:21,889 [Thread-2616] INFO  impl.FollowerState (FollowerState.java:run(117)) - 2ec85f63-33fb-4317-9145-71357d145af9@group-B2671EB745D2-FollowerState was interrupted: java.lang.InterruptedException: sleep interrupted
2019-10-15 16:12:21,902 [25d6372c-77fd-4a39-ac2a-e48debad48df@group-B2671EB745D2-LeaderElection364] INFO  impl.LeaderElection (LeaderElection.java:logAndReturn(56)) - 25d6372c-77fd-4a39-ac2a-e48debad48df@group-B2671EB745D2-LeaderElection364: Election REJECTED; received 2 response(s) [25d6372c-77fd-4a39-ac2a-e48debad48df<-50423279-f647-4a18-8e85-347d68eaf856#0:FAIL-t391, 25d6372c-77fd-4a39-ac2a-e48debad48df<-2ec85f63-33fb-4317-9145-71357d145af9#0:FAIL-t391] and 0 exception(s); 25d6372c-77fd-4a39-ac2a-e48debad48df@group-B2671EB745D2:t391, leader=null, voted=25d6372c-77fd-4a39-ac2a-e48debad48df, raftlog=25d6372c-77fd-4a39-ac2a-e48debad48df@group-B2671EB745D2-SegmentedRaftLog:OPENED:c-1,f-1,i0, conf=-1: [50423279-f647-4a18-8e85-347d68eaf856:192.168.69.88:39583, 2ec85f63-33fb-4317-9145-71357d145af9:192.168.69.88:42357, 25d6372c-77fd-4a39-ac2a-e48debad48df:192.168.69.88:39591], old=null
2019-10-15 16:12:21,902 [25d6372c-77fd-4a39-ac2a-e48debad48df@group-B2671EB745D2-LeaderElection364] INFO  impl.RaftServerImpl (RaftServerImpl.java:setRole(184)) - 25d6372c-77fd-4a39-ac2a-e48debad48df@group-B2671EB745D2: changes role from CANDIDATE to FOLLOWER at term 391 for DISCOVERED_A_NEW_TERM
2019-10-15 16:12:21,902 [25d6372c-77fd-4a39-ac2a-e48debad48df@group-B2671EB745D2-LeaderElection364] INFO  impl.RoleInfo (RoleInfo.java:shutdownLeaderElection(134)) - 25d6372c-77fd-4a39-ac2a-e48debad48df: shutdown LeaderElection
2019-10-15 16:12:21,902 [25d6372c-77fd-4a39-ac2a-e48debad48df@group-B2671EB745D2-LeaderElection364] INFO  impl.RoleInfo (RoleInfo.java:updateAndGet(143)) - 25d6372c-77fd-4a39-ac2a-e48debad48df: start FollowerState
2019-10-15 16:12:21,966 [Thread-2625] INFO  impl.FollowerState (FollowerState.java:run(108)) - 25d6372c-77fd-4a39-ac2a-e48debad48df@group-B2671EB745D2-FollowerState: change to CANDIDATE, lastRpcTime:63ms, electionTimeout:63ms
2019-10-15 16:12:21,966 [Thread-2625] INFO  impl.RoleInfo (RoleInfo.java:shutdownFollowerState(121)) - 25d6372c-77fd-4a39-ac2a-e48debad48df: shutdown FollowerState
2019-10-15 16:12:21,966 [Thread-2625] INFO  impl.RaftServerImpl (RaftServerImpl.java:setRole(184)) - 25d6372c-77fd-4a39-ac2a-e48debad48df@group-B2671EB745D2: changes role from  FOLLOWER to CANDIDATE at term 391 for changeToCandidate
2019-10-15 16:12:21,966 [Thread-2625] INFO  impl.RoleInfo (RoleInfo.java:updateAndGet(143)) - 25d6372c-77fd-4a39-ac2a-e48debad48df: start LeaderElection
2019-10-15 16:12:21,980 [25d6372c-77fd-4a39-ac2a-e48debad48df@group-B2671EB745D2-LeaderElection365] INFO  impl.LeaderElection (LeaderElection.java:askForVotes(178)) - 25d6372c-77fd-4a39-ac2a-e48debad48df@group-B2671EB745D2-LeaderElection365: begin an election at term 392 for -1: [50423279-f647-4a18-8e85-347d68eaf856:192.168.69.88:39583, 2ec85f63-33fb-4317-9145-71357d145af9:192.168.69.88:42357, 25d6372c-77fd-4a39-ac2a-e48debad48df:192.168.69.88:39591], old=null
2019-10-15 16:12:21,981 [grpc-default-executor-0] INFO  impl.RaftServerImpl (RaftServerImpl.java:setRole(184)) - 2ec85f63-33fb-4317-9145-71357d145af9@group-B2671EB745D2: changes role from  FOLLOWER to FOLLOWER at term 392 for recognizeCandidate:25d6372c-77fd-4a39-ac2a-e48debad48df
2019-10-15 16:12:21,981 [grpc-default-executor-0] INFO  impl.RoleInfo (RoleInfo.java:shutdownFollowerState(121)) - 2ec85f63-33fb-4317-9145-71357d145af9: shutdown FollowerState
2019-10-15 16:12:21,981 [grpc-default-executor-5] INFO  impl.RaftServerImpl (RaftServerImpl.java:setRole(184)) - 50423279-f647-4a18-8e85-347d68eaf856@group-B2671EB745D2: changes role from  FOLLOWER to FOLLOWER at term 392 for recognizeCandidate:25d6372c-77fd-4a39-ac2a-e48debad48df
2019-10-15 16:12:21,982 [grpc-default-executor-5] INFO  impl.RoleInfo (RoleInfo.java:shutdownFollowerState(121)) - 50423279-f647-4a18-8e85-347d68eaf856: shutdown FollowerState
2019-10-15 16:12:21,981 [Thread-2624] INFO  impl.FollowerState (FollowerState.java:run(117)) - 2ec85f63-33fb-4317-9145-71357d145af9@group-B2671EB745D2-FollowerState was interrupted: java.lang.InterruptedException: sleep interrupted
2019-10-15 16:12:21,981 [grpc-default-executor-0] INFO  impl.RoleInfo (RoleInfo.java:updateAndGet(143)) - 2ec85f63-33fb-4317-9145-71357d145af9: start FollowerState
2019-10-15 16:12:21,982 [Thread-2623] INFO  impl.FollowerState (FollowerState.java:run(117)) - 50423279-f647-4a18-8e85-347d68eaf856@group-B2671EB745D2-FollowerState was interrupted: java.lang.InterruptedException: sleep interrupted
2019-10-15 16:12:21,982 [grpc-default-executor-5] INFO  impl.RoleInfo (RoleInfo.java:updateAndGet(143)) - 50423279-f647-4a18-8e85-347d68eaf856: start FollowerState
2019-10-15 16:12:21,995 [25d6372c-77fd-4a39-ac2a-e48debad48df@group-B2671EB745D2-LeaderElection365] INFO  impl.LeaderElection (LeaderElection.java:logAndReturn(56)) - 25d6372c-77fd-4a39-ac2a-e48debad48df@group-B2671EB745D2-LeaderElection365: Election REJECTED; received 2 response(s) [25d6372c-77fd-4a39-ac2a-e48debad48df<-2ec85f63-33fb-4317-9145-71357d145af9#0:FAIL-t392, 25d6372c-77fd-4a39-ac2a-e48debad48df<-50423279-f647-4a18-8e85-347d68eaf856#0:FAIL-t392] and 0 exception(s); 25d6372c-77fd-4a39-ac2a-e48debad48df@group-B2671EB745D2:t392, leader=null, voted=25d6372c-77fd-4a39-ac2a-e48debad48df, raftlog=25d6372c-77fd-4a39-ac2a-e48debad48df@group-B2671EB745D2-SegmentedRaftLog:OPENED:c-1,f-1,i0, conf=-1: [50423279-f647-4a18-8e85-347d68eaf856:192.168.69.88:39583, 2ec85f63-33fb-4317-9145-71357d145af9:192.168.69.88:42357, 25d6372c-77fd-4a39-ac2a-e48debad48df:192.168.69.88:39591], old=null
2019-10-15 16:12:21,995 [25d6372c-77fd-4a39-ac2a-e48debad48df@group-B2671EB745D2-LeaderElection365] INFO  impl.RaftServerImpl (RaftServerImpl.java:setRole(184)) - 25d6372c-77fd-4a39-ac2a-e48debad48df@group-B2671EB745D2: changes role from CANDIDATE to FOLLOWER at term 392 for DISCOVERED_A_NEW_TERM
2019-10-15 16:12:21,995 [25d6372c-77fd-4a39-ac2a-e48debad48df@group-B2671EB745D2-LeaderElection365] INFO  impl.RoleInfo (RoleInfo.java:shutdownLeaderElection(134)) - 25d6372c-77fd-4a39-ac2a-e48debad48df: shutdown LeaderElection
2019-10-15 16:12:21,995 [25d6372c-77fd-4a39-ac2a-e48debad48df@group-B2671EB745D2-LeaderElection365] INFO  impl.RoleInfo (RoleInfo.java:updateAndGet(143)) - 25d6372c-77fd-4a39-ac2a-e48debad48df: start FollowerState
2019-10-15 16:12:22,005 [Thread-2631] INFO  impl.FollowerState (FollowerState.java:run(108)) - 25d6372c-77fd-4a39-ac2a-e48debad48df@group-B2671EB745D2-FollowerState: change to CANDIDATE, lastRpcTime:9ms, electionTimeout:9ms
2019-10-15 16:12:22,005 [Thread-2631] INFO  impl.RoleInfo (RoleInfo.java:shutdownFollowerState(121)) - 25d6372c-77fd-4a39-ac2a-e48debad48df: shutdown FollowerState
2019-10-15 16:12:22,005 [Thread-2631] INFO  impl.RaftServerImpl (RaftServerImpl.java:setRole(184)) - 25d6372c-77fd-4a39-ac2a-e48debad48df@group-B2671EB745D2: changes role from  FOLLOWER to CANDIDATE at term 392 for changeToCandidate
2019-10-15 16:12:22,005 [Thread-2631] INFO  impl.RoleInfo (RoleInfo.java:updateAndGet(143)) - 25d6372c-77fd-4a39-ac2a-e48debad48df: start LeaderElection
2019-10-15 16:12:22,018 [25d6372c-77fd-4a39-ac2a-e48debad48df@group-B2671EB745D2-LeaderElection366] INFO  impl.LeaderElection (LeaderElection.java:askForVotes(178)) - 25d6372c-77fd-4a39-ac2a-e48debad48df@group-B2671EB745D2-LeaderElection366: begin an election at term 393 for -1: [50423279-f647-4a18-8e85-347d68eaf856:192.168.69.88:39583, 2ec85f63-33fb-4317-9145-71357d145af9:192.168.69.88:42357, 25d6372c-77fd-4a39-ac2a-e48debad48df:192.168.69.88:39591], old=null
2019-10-15 16:12:22,020 [grpc-default-executor-5] INFO  impl.RaftServerImpl (RaftServerImpl.java:setRole(184)) - 50423279-f647-4a18-8e85-347d68eaf856@group-B2671EB745D2: changes role from  FOLLOWER to FOLLOWER at term 393 for recognizeCandidate:25d6372c-77fd-4a39-ac2a-e48debad48df
2019-10-15 16:12:22,020 [grpc-default-executor-5] INFO  impl.RoleInfo (RoleInfo.java:shutdownFollowerState(121)) - 50423279-f647-4a18-8e85-347d68eaf856: shutdown FollowerState
2019-10-15 16:12:22,020 [grpc-default-executor-0] INFO  impl.RaftServerImpl (RaftServerImpl.java:setRole(184)) - 2ec85f63-33fb-4317-9145-71357d145af9@group-B2671EB745D2: changes role from  FOLLOWER to FOLLOWER at term 393 for recognizeCandidate:25d6372c-77fd-4a39-ac2a-e48debad48df
2019-10-15 16:12:22,020 [grpc-default-executor-0] INFO  impl.RoleInfo (RoleInfo.java:shutdownFollowerState(121)) - 2ec85f63-33fb-4317-9145-71357d145af9: shutdown FollowerState
2019-10-15 16:12:22,020 [Thread-2630] INFO  impl.FollowerState (FollowerState.java:run(117)) - 50423279-f647-4a18-8e85-347d68eaf856@group-B2671EB745D2-FollowerState was interrupted: java.lang.InterruptedException: sleep interrupted
2019-10-15 16:12:22,020 [grpc-default-executor-5] INFO  impl.RoleInfo (RoleInfo.java:updateAndGet(143)) - 50423279-f647-4a18-8e85-347d68eaf856: start FollowerState
2019-10-15 16:12:22,020 [grpc-default-executor-0] INFO  impl.RoleInfo (RoleInfo.java:updateAndGet(143)) - 2ec85f63-33fb-4317-9145-71357d145af9: start FollowerState
2019-10-15 16:12:22,021 [Thread-2629] INFO  impl.FollowerState (FollowerState.java:run(117)) - 2ec85f63-33fb-4317-9145-71357d145af9@group-B2671EB745D2-FollowerState was interrupted: java.lang.InterruptedException: sleep interrupted
2019-10-15 16:12:22,034 [25d6372c-77fd-4a39-ac2a-e48debad48df@group-B2671EB745D2-LeaderElection366] INFO  impl.LeaderElection (LeaderElection.java:logAndReturn(56)) - 25d6372c-77fd-4a39-ac2a-e48debad48df@group-B2671EB745D2-LeaderElection366: Election REJECTED; received 2 response(s) [25d6372c-77fd-4a39-ac2a-e48debad48df<-2ec85f63-33fb-4317-9145-71357d145af9#0:FAIL-t393, 25d6372c-77fd-4a39-ac2a-e48debad48df<-50423279-f647-4a18-8e85-347d68eaf856#0:FAIL-t393] and 0 exception(s); 25d6372c-77fd-4a39-ac2a-e48debad48df@group-B2671EB745D2:t393, leader=null, voted=25d6372c-77fd-4a39-ac2a-e48debad48df, raftlog=25d6372c-77fd-4a39-ac2a-e48debad48df@group-B2671EB745D2-SegmentedRaftLog:OPENED:c-1,f-1,i0, conf=-1: [50423279-f647-4a18-8e85-347d68eaf856:192.168.69.88:39583, 2ec85f63-33fb-4317-9145-71357d145af9:192.168.69.88:42357, 25d6372c-77fd-4a39-ac2a-e48debad48df:192.168.69.88:39591], old=null
2019-10-15 16:12:22,035 [25d6372c-77fd-4a39-ac2a-e48debad48df@group-B2671EB745D2-LeaderElection366] INFO  impl.RaftServerImpl (RaftServerImpl.java:setRole(184)) - 25d6372c-77fd-4a39-ac2a-e48debad48df@group-B2671EB745D2: changes role from CANDIDATE to FOLLOWER at term 393 for DISCOVERED_A_NEW_TERM
2019-10-15 16:12:22,035 [25d6372c-77fd-4a39-ac2a-e48debad48df@group-B2671EB745D2-LeaderElection366] INFO  impl.RoleInfo (RoleInfo.java:shutdownLeaderElection(134)) - 25d6372c-77fd-4a39-ac2a-e48debad48df: shutdown LeaderElection
2019-10-15 16:12:22,035 [25d6372c-77fd-4a39-ac2a-e48debad48df@group-B2671EB745D2-LeaderElection366] INFO  impl.RoleInfo (RoleInfo.java:updateAndGet(143)) - 25d6372c-77fd-4a39-ac2a-e48debad48df: start FollowerState
2019-10-15 16:12:22,081 [Thread-2637] INFO  impl.FollowerState (FollowerState.java:run(108)) - 25d6372c-77fd-4a39-ac2a-e48debad48df@group-B2671EB745D2-FollowerState: change to CANDIDATE, lastRpcTime:46ms, electionTimeout:46ms
2019-10-15 16:12:22,081 [Thread-2637] INFO  impl.RoleInfo (RoleInfo.java:shutdownFollowerState(121)) - 25d6372c-77fd-4a39-ac2a-e48debad48df: shutdown FollowerState
2019-10-15 16:12:22,082 [Thread-2637] INFO  impl.RaftServerImpl (RaftServerImpl.java:setRole(184)) - 25d6372c-77fd-4a39-ac2a-e48debad48df@group-B2671EB745D2: changes role from  FOLLOWER to CANDIDATE at term 393 for changeToCandidate
2019-10-15 16:12:22,082 [Thread-2637] INFO  impl.RoleInfo (RoleInfo.java:updateAndGet(143)) - 25d6372c-77fd-4a39-ac2a-e48debad48df: start LeaderElection
2019-10-15 16:12:22,094 [25d6372c-77fd-4a39-ac2a-e48debad48df@group-B2671EB745D2-LeaderElection367] INFO  impl.LeaderElection (LeaderElection.java:askForVotes(178)) - 25d6372c-77fd-4a39-ac2a-e48debad48df@group-B2671EB745D2-LeaderElection367: begin an election at term 394 for -1: [50423279-f647-4a18-8e85-347d68eaf856:192.168.69.88:39583, 2ec85f63-33fb-4317-9145-71357d145af9:192.168.69.88:42357, 25d6372c-77fd-4a39-ac2a-e48debad48df:192.168.69.88:39591], old=null
2019-10-15 16:12:22,095 [grpc-default-executor-0] INFO  impl.RaftServerImpl (RaftServerImpl.java:setRole(184)) - 50423279-f647-4a18-8e85-347d68eaf856@group-B2671EB745D2: changes role from  FOLLOWER to FOLLOWER at term 394 for recognizeCandidate:25d6372c-77fd-4a39-ac2a-e48debad48df
2019-10-15 16:12:22,095 [grpc-default-executor-5] INFO  impl.RaftServerImpl (RaftServerImpl.java:setRole(184)) - 2ec85f63-33fb-4317-9145-71357d145af9@group-B2671EB745D2: changes role from  FOLLOWER to FOLLOWER at term 394 for recognizeCandidate:25d6372c-77fd-4a39-ac2a-e48debad48df
2019-10-15 16:12:22,096 [grpc-default-executor-5] INFO  impl.RoleInfo (RoleInfo.java:shutdownFollowerState(121)) - 2ec85f63-33fb-4317-9145-71357d145af9: shutdown FollowerState
2019-10-15 16:12:22,096 [grpc-default-executor-0] INFO  impl.RoleInfo (RoleInfo.java:shutdownFollowerState(121)) - 50423279-f647-4a18-8e85-347d68eaf856: shutdown FollowerState
2019-10-15 16:12:22,096 [Thread-2636] INFO  impl.FollowerState (FollowerState.java:run(117)) - 2ec85f63-33fb-4317-9145-71357d145af9@group-B2671EB745D2-FollowerState was interrupted: java.lang.InterruptedException: sleep interrupted
2019-10-15 16:12:22,096 [grpc-default-executor-5] INFO  impl.RoleInfo (RoleInfo.java:updateAndGet(143)) - 2ec85f63-33fb-4317-9145-71357d145af9: start FollowerState
2019-10-15 16:12:22,096 [grpc-default-executor-0] INFO  impl.RoleInfo (RoleInfo.java:updateAndGet(143)) - 50423279-f647-4a18-8e85-347d68eaf856: start FollowerState
2019-10-15 16:12:22,096 [Thread-2635] INFO  impl.FollowerState (FollowerState.java:run(117)) - 50423279-f647-4a18-8e85-347d68eaf856@group-B2671EB745D2-FollowerState was interrupted: java.lang.InterruptedException: sleep interrupted
2019-10-15 16:12:22,101 [25d6372c-77fd-4a39-ac2a-e48debad48df@group-B2671EB745D2-LeaderElection367] INFO  impl.LeaderElection (LeaderElection.java:logAndReturn(56)) - 25d6372c-77fd-4a39-ac2a-e48debad48df@group-B2671EB745D2-LeaderElection367: Election REJECTED; received 2 response(s) [25d6372c-77fd-4a39-ac2a-e48debad48df<-50423279-f647-4a18-8e85-347d68eaf856#0:FAIL-t394, 25d6372c-77fd-4a39-ac2a-e48debad48df<-2ec85f63-33fb-4317-9145-71357d145af9#0:FAIL-t394] and 0 exception(s); 25d6372c-77fd-4a39-ac2a-e48debad48df@group-B2671EB745D2:t394, leader=null, voted=25d6372c-77fd-4a39-ac2a-e48debad48df, raftlog=25d6372c-77fd-4a39-ac2a-e48debad48df@group-B2671EB745D2-SegmentedRaftLog:OPENED:c-1,f-1,i0, conf=-1: [50423279-f647-4a18-8e85-347d68eaf856:192.168.69.88:39583, 2ec85f63-33fb-4317-9145-71357d145af9:192.168.69.88:42357, 25d6372c-77fd-4a39-ac2a-e48debad48df:192.168.69.88:39591], old=null
2019-10-15 16:12:22,101 [25d6372c-77fd-4a39-ac2a-e48debad48df@group-B2671EB745D2-LeaderElection367] INFO  impl.RaftServerImpl (RaftServerImpl.java:setRole(184)) - 25d6372c-77fd-4a39-ac2a-e48debad48df@group-B2671EB745D2: changes role from CANDIDATE to FOLLOWER at term 394 for DISCOVERED_A_NEW_TERM
2019-10-15 16:12:22,101 [25d6372c-77fd-4a39-ac2a-e48debad48df@group-B2671EB745D2-LeaderElection367] INFO  impl.RoleInfo (RoleInfo.java:shutdownLeaderElection(134)) - 25d6372c-77fd-4a39-ac2a-e48debad48df: shutdown LeaderElection
2019-10-15 16:12:22,101 [25d6372c-77fd-4a39-ac2a-e48debad48df@group-B2671EB745D2-LeaderElection367] INFO  impl.RoleInfo (RoleInfo.java:updateAndGet(143)) - 25d6372c-77fd-4a39-ac2a-e48debad48df: start FollowerState
2019-10-15 16:12:22,230 [Thread-2643] INFO  impl.FollowerState (FollowerState.java:run(108)) - 25d6372c-77fd-4a39-ac2a-e48debad48df@group-B2671EB745D2-FollowerState: change to CANDIDATE, lastRpcTime:129ms, electionTimeout:129ms
2019-10-15 16:12:22,231 [Thread-2643] INFO  impl.RoleInfo (RoleInfo.java:shutdownFollowerState(121)) - 25d6372c-77fd-4a39-ac2a-e48debad48df: shutdown FollowerState
2019-10-15 16:12:22,231 [Thread-2643] INFO  impl.RaftServerImpl (RaftServerImpl.java:setRole(184)) - 25d6372c-77fd-4a39-ac2a-e48debad48df@group-B2671EB745D2: changes role from  FOLLOWER to CANDIDATE at term 394 for changeToCandidate
2019-10-15 16:12:22,231 [Thread-2643] INFO  impl.RoleInfo (RoleInfo.java:updateAndGet(143)) - 25d6372c-77fd-4a39-ac2a-e48debad48df: start LeaderElection
2019-10-15 16:12:22,236 [25d6372c-77fd-4a39-ac2a-e48debad48df@group-B2671EB745D2-LeaderElection368] INFO  impl.LeaderElection (LeaderElection.java:askForVotes(178)) - 25d6372c-77fd-4a39-ac2a-e48debad48df@group-B2671EB745D2-LeaderElection368: begin an election at term 395 for -1: [50423279-f647-4a18-8e85-347d68eaf856:192.168.69.88:39583, 2ec85f63-33fb-4317-9145-71357d145af9:192.168.69.88:42357, 25d6372c-77fd-4a39-ac2a-e48debad48df:192.168.69.88:39591], old=null
2019-10-15 16:12:22,238 [grpc-default-executor-5] INFO  impl.RaftServerImpl (RaftServerImpl.java:setRole(184)) - 2ec85f63-33fb-4317-9145-71357d145af9@group-B2671EB745D2: changes role from  FOLLOWER to FOLLOWER at term 395 for recognizeCandidate:25d6372c-77fd-4a39-ac2a-e48debad48df
2019-10-15 16:12:22,238 [grpc-default-executor-5] INFO  impl.RoleInfo (RoleInfo.java:shutdownFollowerState(121)) - 2ec85f63-33fb-4317-9145-71357d145af9: shutdown FollowerState
2019-10-15 16:12:22,238 [grpc-default-executor-0] INFO  impl.RaftServerImpl (RaftServerImpl.java:setRole(184)) - 50423279-f647-4a18-8e85-347d68eaf856@group-B2671EB745D2: changes role from  FOLLOWER to FOLLOWER at term 395 for recognizeCandidate:25d6372c-77fd-4a39-ac2a-e48debad48df
2019-10-15 16:12:22,238 [grpc-default-executor-0] INFO  impl.RoleInfo (RoleInfo.java:shutdownFollowerState(121)) - 50423279-f647-4a18-8e85-347d68eaf856: shutdown FollowerState
2019-10-15 16:12:22,238 [Thread-2641] INFO  impl.FollowerState (FollowerState.java:run(117)) - 2ec85f63-33fb-4317-9145-71357d145af9@group-B2671EB745D2-FollowerState was interrupted: java.lang.InterruptedException: sleep interrupted
2019-10-15 16:12:22,238 [grpc-default-executor-5] INFO  impl.RoleInfo (RoleInfo.java:updateAndGet(143)) - 2ec85f63-33fb-4317-9145-71357d145af9: start FollowerState
2019-10-15 16:12:22,238 [Thread-2642] INFO  impl.FollowerState (FollowerState.java:run(117)) - 50423279-f647-4a18-8e85-347d68eaf856@group-B2671EB745D2-FollowerState was interrupted: java.lang.InterruptedException: sleep interrupted
2019-10-15 16:12:22,238 [grpc-default-executor-0] INFO  impl.RoleInfo (RoleInfo.java:updateAndGet(143)) - 50423279-f647-4a18-8e85-347d68eaf856: start FollowerState
2019-10-15 16:12:22,246 [25d6372c-77fd-4a39-ac2a-e48debad48df@group-B2671EB745D2-LeaderElection368] INFO  impl.LeaderElection (LeaderElection.java:logAndReturn(56)) - 25d6372c-77fd-4a39-ac2a-e48debad48df@group-B2671EB745D2-LeaderElection368: Election TIMEOUT; received 0 response(s) [] and 0 exception(s); 25d6372c-77fd-4a39-ac2a-e48debad48df@group-B2671EB745D2:t395, leader=null, voted=25d6372c-77fd-4a39-ac2a-e48debad48df, raftlog=25d6372c-77fd-4a39-ac2a-e48debad48df@group-B2671EB745D2-SegmentedRaftLog:OPENED:c-1,f-1,i0, conf=-1: [50423279-f647-4a18-8e85-347d68eaf856:192.168.69.88:39583, 2ec85f63-33fb-4317-9145-71357d145af9:192.168.69.88:42357, 25d6372c-77fd-4a39-ac2a-e48debad48df:192.168.69.88:39591], old=null
2019-10-15 16:12:22,250 [25d6372c-77fd-4a39-ac2a-e48debad48df@group-B2671EB745D2-LeaderElection368] INFO  impl.LeaderElection (LeaderElection.java:askForVotes(178)) - 25d6372c-77fd-4a39-ac2a-e48debad48df@group-B2671EB745D2-LeaderElection368: begin an election at term 396 for -1: [50423279-f647-4a18-8e85-347d68eaf856:192.168.69.88:39583, 2ec85f63-33fb-4317-9145-71357d145af9:192.168.69.88:42357, 25d6372c-77fd-4a39-ac2a-e48debad48df:192.168.69.88:39591], old=null
2019-10-15 16:12:22,252 [grpc-default-executor-0] INFO  impl.RaftServerImpl (RaftServerImpl.java:setRole(184)) - 2ec85f63-33fb-4317-9145-71357d145af9@group-B2671EB745D2: changes role from  FOLLOWER to FOLLOWER at term 396 for recognizeCandidate:25d6372c-77fd-4a39-ac2a-e48debad48df
2019-10-15 16:12:22,252 [grpc-default-executor-5] INFO  impl.RaftServerImpl (RaftServerImpl.java:setRole(184)) - 50423279-f647-4a18-8e85-347d68eaf856@group-B2671EB745D2: changes role from  FOLLOWER to FOLLOWER at term 396 for recognizeCandidate:25d6372c-77fd-4a39-ac2a-e48debad48df
2019-10-15 16:12:22,252 [grpc-default-executor-0] INFO  impl.RoleInfo (RoleInfo.java:shutdownFollowerState(121)) - 2ec85f63-33fb-4317-9145-71357d145af9: shutdown FollowerState
2019-10-15 16:12:22,252 [grpc-default-executor-5] INFO  impl.RoleInfo (RoleInfo.java:shutdownFollowerState(121)) - 50423279-f647-4a18-8e85-347d68eaf856: shutdown FollowerState
2019-10-15 16:12:22,252 [grpc-default-executor-0] INFO  impl.RoleInfo (RoleInfo.java:updateAndGet(143)) - 2ec85f63-33fb-4317-9145-71357d145af9: start FollowerState
2019-10-15 16:12:22,252 [Thread-2648] INFO  impl.FollowerState (FollowerState.java:run(117)) - 50423279-f647-4a18-8e85-347d68eaf856@group-B2671EB745D2-FollowerState was interrupted: java.lang.InterruptedException: sleep interrupted
2019-10-15 16:12:22,252 [grpc-default-executor-5] INFO  impl.RoleInfo (RoleInfo.java:updateAndGet(143)) - 50423279-f647-4a18-8e85-347d68eaf856: start FollowerState
2019-10-15 16:12:22,252 [Thread-2647] INFO  impl.FollowerState (FollowerState.java:run(117)) - 2ec85f63-33fb-4317-9145-71357d145af9@group-B2671EB745D2-FollowerState was interrupted: java.lang.InterruptedException: sleep interrupted
2019-10-15 16:12:22,262 [25d6372c-77fd-4a39-ac2a-e48debad48df@group-B2671EB745D2-LeaderElection368] INFO  impl.LeaderElection (LeaderElection.java:logAndReturn(56)) - 25d6372c-77fd-4a39-ac2a-e48debad48df@group-B2671EB745D2-LeaderElection368: Election REJECTED; received 2 response(s) [25d6372c-77fd-4a39-ac2a-e48debad48df<-2ec85f63-33fb-4317-9145-71357d145af9#0:FAIL-t396, 25d6372c-77fd-4a39-ac2a-e48debad48df<-50423279-f647-4a18-8e85-347d68eaf856#0:FAIL-t396] and 0 exception(s); 25d6372c-77fd-4a39-ac2a-e48debad48df@group-B2671EB745D2:t396, leader=null, voted=25d6372c-77fd-4a39-ac2a-e48debad48df, raftlog=25d6372c-77fd-4a39-ac2a-e48debad48df@group-B2671EB745D2-SegmentedRaftLog:OPENED:c-1,f-1,i0, conf=-1: [50423279-f647-4a18-8e85-347d68eaf856:192.168.69.88:39583, 2ec85f63-33fb-4317-9145-71357d145af9:192.168.69.88:42357, 25d6372c-77fd-4a39-ac2a-e48debad48df:192.168.69.88:39591], old=null
2019-10-15 16:12:22,262 [25d6372c-77fd-4a39-ac2a-e48debad48df@group-B2671EB745D2-LeaderElection368] INFO  impl.RaftServerImpl (RaftServerImpl.java:setRole(184)) - 25d6372c-77fd-4a39-ac2a-e48debad48df@group-B2671EB745D2: changes role from CANDIDATE to FOLLOWER at term 396 for DISCOVERED_A_NEW_TERM
2019-10-15 16:12:22,262 [25d6372c-77fd-4a39-ac2a-e48debad48df@group-B2671EB745D2-LeaderElection368] INFO  impl.RoleInfo (RoleInfo.java:shutdownLeaderElection(134)) - 25d6372c-77fd-4a39-ac2a-e48debad48df: shutdown LeaderElection
2019-10-15 16:12:22,262 [25d6372c-77fd-4a39-ac2a-e48debad48df@group-B2671EB745D2-LeaderElection368] INFO  impl.RoleInfo (RoleInfo.java:updateAndGet(143)) - 25d6372c-77fd-4a39-ac2a-e48debad48df: start FollowerState
2019-10-15 16:12:22,265 [Thread-2653] INFO  impl.FollowerState (FollowerState.java:run(108)) - 25d6372c-77fd-4a39-ac2a-e48debad48df@group-B2671EB745D2-FollowerState: change to CANDIDATE, lastRpcTime:3ms, electionTimeout:3ms
2019-10-15 16:12:22,266 [Thread-2653] INFO  impl.RoleInfo (RoleInfo.java:shutdownFollowerState(121)) - 25d6372c-77fd-4a39-ac2a-e48debad48df: shutdown FollowerState
2019-10-15 16:12:22,266 [Thread-2653] INFO  impl.RaftServerImpl (RaftServerImpl.java:setRole(184)) - 25d6372c-77fd-4a39-ac2a-e48debad48df@group-B2671EB745D2: changes role from  FOLLOWER to CANDIDATE at term 396 for changeToCandidate
2019-10-15 16:12:22,266 [Thread-2653] INFO  impl.RoleInfo (RoleInfo.java:updateAndGet(143)) - 25d6372c-77fd-4a39-ac2a-e48debad48df: start LeaderElection
2019-10-15 16:12:22,280 [25d6372c-77fd-4a39-ac2a-e48debad48df@group-B2671EB745D2-LeaderElection369] INFO  impl.LeaderElection (LeaderElection.java:askForVotes(178)) - 25d6372c-77fd-4a39-ac2a-e48debad48df@group-B2671EB745D2-LeaderElection369: begin an election at term 397 for -1: [50423279-f647-4a18-8e85-347d68eaf856:192.168.69.88:39583, 2ec85f63-33fb-4317-9145-71357d145af9:192.168.69.88:42357, 25d6372c-77fd-4a39-ac2a-e48debad48df:192.168.69.88:39591], old=null
2019-10-15 16:12:22,282 [grpc-default-executor-0] INFO  impl.RaftServerImpl (RaftServerImpl.java:setRole(184)) - 2ec85f63-33fb-4317-9145-71357d145af9@group-B2671EB745D2: changes role from  FOLLOWER to FOLLOWER at term 397 for recognizeCandidate:25d6372c-77fd-4a39-ac2a-e48debad48df
2019-10-15 16:12:22,282 [grpc-default-executor-0] INFO  impl.RoleInfo (RoleInfo.java:shutdownFollowerState(121)) - 2ec85f63-33fb-4317-9145-71357d145af9: shutdown FollowerState
2019-10-15 16:12:22,282 [grpc-default-executor-5] INFO  impl.RaftServerImpl (RaftServerImpl.java:setRole(184)) - 50423279-f647-4a18-8e85-347d68eaf856@group-B2671EB745D2: changes role from  FOLLOWER to FOLLOWER at term 397 for recognizeCandidate:25d6372c-77fd-4a39-ac2a-e48debad48df
2019-10-15 16:12:22,283 [grpc-default-executor-5] INFO  impl.RoleInfo (RoleInfo.java:shutdownFollowerState(121)) - 50423279-f647-4a18-8e85-347d68eaf856: shutdown FollowerState
2019-10-15 16:12:22,282 [Thread-2651] INFO  impl.FollowerState (FollowerState.java:run(117)) - 2ec85f63-33fb-4317-9145-71357d145af9@group-B2671EB745D2-FollowerState was interrupted: java.lang.InterruptedException: sleep interrupted
2019-10-15 16:12:22,282 [grpc-default-executor-0] INFO  impl.RoleInfo (RoleInfo.java:updateAndGet(143)) - 2ec85f63-33fb-4317-9145-71357d145af9: start FollowerState
2019-10-15 16:12:22,283 [grpc-default-executor-5] INFO  impl.RoleInfo (RoleInfo.java:updateAndGet(143)) - 50423279-f647-4a18-8e85-347d68eaf856: start FollowerState
2019-10-15 16:12:22,283 [Thread-2652] INFO  impl.FollowerState (FollowerState.java:run(117)) - 50423279-f647-4a18-8e85-347d68eaf856@group-B2671EB745D2-FollowerState was interrupted: java.lang.InterruptedException: sleep interrupted
2019-10-15 16:12:22,297 [25d6372c-77fd-4a39-ac2a-e48debad48df@group-B2671EB745D2-LeaderElection369] INFO  impl.LeaderElection (LeaderElection.java:logAndReturn(56)) - 25d6372c-77fd-4a39-ac2a-e48debad48df@group-B2671EB745D2-LeaderElection369: Election REJECTED; received 2 response(s) [25d6372c-77fd-4a39-ac2a-e48debad48df<-50423279-f647-4a18-8e85-347d68eaf856#0:FAIL-t397, 25d6372c-77fd-4a39-ac2a-e48debad48df<-2ec85f63-33fb-4317-9145-71357d145af9#0:FAIL-t397] and 0 exception(s); 25d6372c-77fd-4a39-ac2a-e48debad48df@group-B2671EB745D2:t397, leader=null, voted=25d6372c-77fd-4a39-ac2a-e48debad48df, raftlog=25d6372c-77fd-4a39-ac2a-e48debad48df@group-B2671EB745D2-SegmentedRaftLog:OPENED:c-1,f-1,i0, conf=-1: [50423279-f647-4a18-8e85-347d68eaf856:192.168.69.88:39583, 2ec85f63-33fb-4317-9145-71357d145af9:192.168.69.88:42357, 25d6372c-77fd-4a39-ac2a-e48debad48df:192.168.69.88:39591], old=null
2019-10-15 16:12:22,297 [25d6372c-77fd-4a39-ac2a-e48debad48df@group-B2671EB745D2-LeaderElection369] INFO  impl.RaftServerImpl (RaftServerImpl.java:setRole(184)) - 25d6372c-77fd-4a39-ac2a-e48debad48df@group-B2671EB745D2: changes role from CANDIDATE to FOLLOWER at term 397 for DISCOVERED_A_NEW_TERM
2019-10-15 16:12:22,297 [25d6372c-77fd-4a39-ac2a-e48debad48df@group-B2671EB745D2-LeaderElection369] INFO  impl.RoleInfo (RoleInfo.java:shutdownLeaderElection(134)) - 25d6372c-77fd-4a39-ac2a-e48debad48df: shutdown LeaderElection
2019-10-15 16:12:22,298 [25d6372c-77fd-4a39-ac2a-e48debad48df@group-B2671EB745D2-LeaderElection369] INFO  impl.RoleInfo (RoleInfo.java:updateAndGet(143)) - 25d6372c-77fd-4a39-ac2a-e48debad48df: start FollowerState
2019-10-15 16:12:22,365 [Thread-2659] INFO  impl.FollowerState (FollowerState.java:run(108)) - 25d6372c-77fd-4a39-ac2a-e48debad48df@group-B2671EB745D2-FollowerState: change to CANDIDATE, lastRpcTime:67ms, electionTimeout:67ms
2019-10-15 16:12:22,366 [Thread-2659] INFO  impl.RoleInfo (RoleInfo.java:shutdownFollowerState(121)) - 25d6372c-77fd-4a39-ac2a-e48debad48df: shutdown FollowerState
2019-10-15 16:12:22,366 [Thread-2659] INFO  impl.RaftServerImpl (RaftServerImpl.java:setRole(184)) - 25d6372c-77fd-4a39-ac2a-e48debad48df@group-B2671EB745D2: changes role from  FOLLOWER to CANDIDATE at term 397 for changeToCandidate
2019-10-15 16:12:22,366 [Thread-2659] INFO  impl.RoleInfo (RoleInfo.java:updateAndGet(143)) - 25d6372c-77fd-4a39-ac2a-e48debad48df: start LeaderElection
2019-10-15 16:12:22,379 [25d6372c-77fd-4a39-ac2a-e48debad48df@group-B2671EB745D2-LeaderElection370] INFO  impl.LeaderElection (LeaderElection.java:askForVotes(178)) - 25d6372c-77fd-4a39-ac2a-e48debad48df@group-B2671EB745D2-LeaderElection370: begin an election at term 398 for -1: [50423279-f647-4a18-8e85-347d68eaf856:192.168.69.88:39583, 2ec85f63-33fb-4317-9145-71357d145af9:192.168.69.88:42357, 25d6372c-77fd-4a39-ac2a-e48debad48df:192.168.69.88:39591], old=null
2019-10-15 16:12:22,382 [grpc-default-executor-0] INFO  impl.RaftServerImpl (RaftServerImpl.java:setRole(184)) - 2ec85f63-33fb-4317-9145-71357d145af9@group-B2671EB745D2: changes role from  FOLLOWER to FOLLOWER at term 398 for recognizeCandidate:25d6372c-77fd-4a39-ac2a-e48debad48df
2019-10-15 16:12:22,382 [grpc-default-executor-5] INFO  impl.RaftServerImpl (RaftServerImpl.java:setRole(184)) - 50423279-f647-4a18-8e85-347d68eaf856@group-B2671EB745D2: changes role from  FOLLOWER to FOLLOWER at term 398 for recognizeCandidate:25d6372c-77fd-4a39-ac2a-e48debad48df
2019-10-15 16:12:22,383 [grpc-default-executor-5] INFO  impl.RoleInfo (RoleInfo.java:shutdownFollowerState(121)) - 50423279-f647-4a18-8e85-347d68eaf856: shutdown FollowerState
2019-10-15 16:12:22,382 [grpc-default-executor-0] INFO  impl.RoleInfo (RoleInfo.java:shutdownFollowerState(121)) - 2ec85f63-33fb-4317-9145-71357d145af9: shutdown FollowerState
2019-10-15 16:12:22,383 [grpc-default-executor-5] INFO  impl.RoleInfo (RoleInfo.java:updateAndGet(143)) - 50423279-f647-4a18-8e85-347d68eaf856: start FollowerState
2019-10-15 16:12:22,383 [Thread-2657] INFO  impl.FollowerState (FollowerState.java:run(117)) - 2ec85f63-33fb-4317-9145-71357d145af9@group-B2671EB745D2-FollowerState was interrupted: java.lang.InterruptedException: sleep interrupted
2019-10-15 16:12:22,383 [Thread-2658] INFO  impl.FollowerState (FollowerState.java:run(117)) - 50423279-f647-4a18-8e85-347d68eaf856@group-B2671EB745D2-FollowerState was interrupted: java.lang.InterruptedException: sleep interrupted
2019-10-15 16:12:22,383 [grpc-default-executor-0] INFO  impl.RoleInfo (RoleInfo.java:updateAndGet(143)) - 2ec85f63-33fb-4317-9145-71357d145af9: start FollowerState
2019-10-15 16:12:22,390 [25d6372c-77fd-4a39-ac2a-e48debad48df@group-B2671EB745D2-LeaderElection370] INFO  impl.LeaderElection (LeaderElection.java:logAndReturn(56)) - 25d6372c-77fd-4a39-ac2a-e48debad48df@group-B2671EB745D2-LeaderElection370: Election REJECTED; received 2 response(s) [25d6372c-77fd-4a39-ac2a-e48debad48df<-50423279-f647-4a18-8e85-347d68eaf856#0:FAIL-t398, 25d6372c-77fd-4a39-ac2a-e48debad48df<-2ec85f63-33fb-4317-9145-71357d145af9#0:FAIL-t398] and 0 exception(s); 25d6372c-77fd-4a39-ac2a-e48debad48df@group-B2671EB745D2:t398, leader=null, voted=25d6372c-77fd-4a39-ac2a-e48debad48df, raftlog=25d6372c-77fd-4a39-ac2a-e48debad48df@group-B2671EB745D2-SegmentedRaftLog:OPENED:c-1,f-1,i0, conf=-1: [50423279-f647-4a18-8e85-347d68eaf856:192.168.69.88:39583, 2ec85f63-33fb-4317-9145-71357d145af9:192.168.69.88:42357, 25d6372c-77fd-4a39-ac2a-e48debad48df:192.168.69.88:39591], old=null
2019-10-15 16:12:22,390 [25d6372c-77fd-4a39-ac2a-e48debad48df@group-B2671EB745D2-LeaderElection370] INFO  impl.RaftServerImpl (RaftServerImpl.java:setRole(184)) - 25d6372c-77fd-4a39-ac2a-e48debad48df@group-B2671EB745D2: changes role from CANDIDATE to FOLLOWER at term 398 for DISCOVERED_A_NEW_TERM
2019-10-15 16:12:22,391 [25d6372c-77fd-4a39-ac2a-e48debad48df@group-B2671EB745D2-LeaderElection370] INFO  impl.RoleInfo (RoleInfo.java:shutdownLeaderElection(134)) - 25d6372c-77fd-4a39-ac2a-e48debad48df: shutdown LeaderElection
2019-10-15 16:12:22,391 [25d6372c-77fd-4a39-ac2a-e48debad48df@group-B2671EB745D2-LeaderElection370] INFO  impl.RoleInfo (RoleInfo.java:updateAndGet(143)) - 25d6372c-77fd-4a39-ac2a-e48debad48df: start FollowerState
2019-10-15 16:12:22,465 [Thread-2665] INFO  impl.FollowerState (FollowerState.java:run(108)) - 25d6372c-77fd-4a39-ac2a-e48debad48df@group-B2671EB745D2-FollowerState: change to CANDIDATE, lastRpcTime:74ms, electionTimeout:74ms
2019-10-15 16:12:22,465 [Thread-2665] INFO  impl.RoleInfo (RoleInfo.java:shutdownFollowerState(121)) - 25d6372c-77fd-4a39-ac2a-e48debad48df: shutdown FollowerState
2019-10-15 16:12:22,465 [Thread-2665] INFO  impl.RaftServerImpl (RaftServerImpl.java:setRole(184)) - 25d6372c-77fd-4a39-ac2a-e48debad48df@group-B2671EB745D2: changes role from  FOLLOWER to CANDIDATE at term 398 for changeToCandidate
2019-10-15 16:12:22,466 [Thread-2665] INFO  impl.RoleInfo (RoleInfo.java:updateAndGet(143)) - 25d6372c-77fd-4a39-ac2a-e48debad48df: start LeaderElection
2019-10-15 16:12:22,478 [25d6372c-77fd-4a39-ac2a-e48debad48df@group-B2671EB745D2-LeaderElection371] INFO  impl.LeaderElection (LeaderElection.java:askForVotes(178)) - 25d6372c-77fd-4a39-ac2a-e48debad48df@group-B2671EB745D2-LeaderElection371: begin an election at term 399 for -1: [50423279-f647-4a18-8e85-347d68eaf856:192.168.69.88:39583, 2ec85f63-33fb-4317-9145-71357d145af9:192.168.69.88:42357, 25d6372c-77fd-4a39-ac2a-e48debad48df:192.168.69.88:39591], old=null
2019-10-15 16:12:22,479 [grpc-default-executor-0] INFO  impl.RaftServerImpl (RaftServerImpl.java:setRole(184)) - 50423279-f647-4a18-8e85-347d68eaf856@group-B2671EB745D2: changes role from  FOLLOWER to FOLLOWER at term 399 for recognizeCandidate:25d6372c-77fd-4a39-ac2a-e48debad48df
2019-10-15 16:12:22,480 [grpc-default-executor-5] INFO  impl.RaftServerImpl (RaftServerImpl.java:setRole(184)) - 2ec85f63-33fb-4317-9145-71357d145af9@group-B2671EB745D2: changes role from  FOLLOWER to FOLLOWER at term 399 for recognizeCandidate:25d6372c-77fd-4a39-ac2a-e48debad48df
2019-10-15 16:12:22,480 [grpc-default-executor-5] INFO  impl.RoleInfo (RoleInfo.java:shutdownFollowerState(121)) - 2ec85f63-33fb-4317-9145-71357d145af9: shutdown FollowerState
2019-10-15 16:12:22,480 [grpc-default-executor-0] INFO  impl.RoleInfo (RoleInfo.java:shutdownFollowerState(121)) - 50423279-f647-4a18-8e85-347d68eaf856: shutdown FollowerState
2019-10-15 16:12:22,480 [Thread-2664] INFO  impl.FollowerState (FollowerState.java:run(117)) - 2ec85f63-33fb-4317-9145-71357d145af9@group-B2671EB745D2-FollowerState was interrupted: java.lang.InterruptedException: sleep interrupted
2019-10-15 16:12:22,480 [grpc-default-executor-5] INFO  impl.RoleInfo (RoleInfo.java:updateAndGet(143)) - 2ec85f63-33fb-4317-9145-71357d145af9: start FollowerState
2019-10-15 16:12:22,480 [Thread-2663] INFO  impl.FollowerState (FollowerState.java:run(117)) - 50423279-f647-4a18-8e85-347d68eaf856@group-B2671EB745D2-FollowerState was interrupted: java.lang.InterruptedException: sleep interrupted
2019-10-15 16:12:22,480 [grpc-default-executor-0] INFO  impl.RoleInfo (RoleInfo.java:updateAndGet(143)) - 50423279-f647-4a18-8e85-347d68eaf856: start FollowerState
2019-10-15 16:12:22,484 [25d6372c-77fd-4a39-ac2a-e48debad48df@group-B2671EB745D2-LeaderElection371] INFO  impl.LeaderElection (LeaderElection.java:logAndReturn(56)) - 25d6372c-77fd-4a39-ac2a-e48debad48df@group-B2671EB745D2-LeaderElection371: Election REJECTED; received 2 response(s) [25d6372c-77fd-4a39-ac2a-e48debad48df<-50423279-f647-4a18-8e85-347d68eaf856#0:FAIL-t399, 25d6372c-77fd-4a39-ac2a-e48debad48df<-2ec85f63-33fb-4317-9145-71357d145af9#0:FAIL-t399] and 0 exception(s); 25d6372c-77fd-4a39-ac2a-e48debad48df@group-B2671EB745D2:t399, leader=null, voted=25d6372c-77fd-4a39-ac2a-e48debad48df, raftlog=25d6372c-77fd-4a39-ac2a-e48debad48df@group-B2671EB745D2-SegmentedRaftLog:OPENED:c-1,f-1,i0, conf=-1: [50423279-f647-4a18-8e85-347d68eaf856:192.168.69.88:39583, 2ec85f63-33fb-4317-9145-71357d145af9:192.168.69.88:42357, 25d6372c-77fd-4a39-ac2a-e48debad48df:192.168.69.88:39591], old=null
2019-10-15 16:12:22,484 [25d6372c-77fd-4a39-ac2a-e48debad48df@group-B2671EB745D2-LeaderElection371] INFO  impl.RaftServerImpl (RaftServerImpl.java:setRole(184)) - 25d6372c-77fd-4a39-ac2a-e48debad48df@group-B2671EB745D2: changes role from CANDIDATE to FOLLOWER at term 399 for DISCOVERED_A_NEW_TERM
2019-10-15 16:12:22,484 [25d6372c-77fd-4a39-ac2a-e48debad48df@group-B2671EB745D2-LeaderElection371] INFO  impl.RoleInfo (RoleInfo.java:shutdownLeaderElection(134)) - 25d6372c-77fd-4a39-ac2a-e48debad48df: shutdown LeaderElection
2019-10-15 16:12:22,484 [25d6372c-77fd-4a39-ac2a-e48debad48df@group-B2671EB745D2-LeaderElection371] INFO  impl.RoleInfo (RoleInfo.java:updateAndGet(143)) - 25d6372c-77fd-4a39-ac2a-e48debad48df: start FollowerState
2019-10-15 16:12:22,555 [Thread-2671] INFO  impl.FollowerState (FollowerState.java:run(108)) - 25d6372c-77fd-4a39-ac2a-e48debad48df@group-B2671EB745D2-FollowerState: change to CANDIDATE, lastRpcTime:70ms, electionTimeout:70ms
2019-10-15 16:12:22,555 [Thread-2671] INFO  impl.RoleInfo (RoleInfo.java:shutdownFollowerState(121)) - 25d6372c-77fd-4a39-ac2a-e48debad48df: shutdown FollowerState
2019-10-15 16:12:22,555 [Thread-2671] INFO  impl.RaftServerImpl (RaftServerImpl.java:setRole(184)) - 25d6372c-77fd-4a39-ac2a-e48debad48df@group-B2671EB745D2: changes role from  FOLLOWER to CANDIDATE at term 399 for changeToCandidate
2019-10-15 16:12:22,555 [Thread-2671] INFO  impl.RoleInfo (RoleInfo.java:updateAndGet(143)) - 25d6372c-77fd-4a39-ac2a-e48debad48df: start LeaderElection
2019-10-15 16:12:22,569 [25d6372c-77fd-4a39-ac2a-e48debad48df@group-B2671EB745D2-LeaderElection372] INFO  impl.LeaderElection (LeaderElection.java:askForVotes(178)) - 25d6372c-77fd-4a39-ac2a-e48debad48df@group-B2671EB745D2-LeaderElection372: begin an election at term 400 for -1: [50423279-f647-4a18-8e85-347d68eaf856:192.168.69.88:39583, 2ec85f63-33fb-4317-9145-71357d145af9:192.168.69.88:42357, 25d6372c-77fd-4a39-ac2a-e48debad48df:192.168.69.88:39591], old=null
2019-10-15 16:12:22,570 [grpc-default-executor-0] INFO  impl.RaftServerImpl (RaftServerImpl.java:setRole(184)) - 50423279-f647-4a18-8e85-347d68eaf856@group-B2671EB745D2: changes role from  FOLLOWER to FOLLOWER at term 400 for recognizeCandidate:25d6372c-77fd-4a39-ac2a-e48debad48df
2019-10-15 16:12:22,571 [grpc-default-executor-0] INFO  impl.RoleInfo (RoleInfo.java:shutdownFollowerState(121)) - 50423279-f647-4a18-8e85-347d68eaf856: shutdown FollowerState
2019-10-15 16:12:22,571 [grpc-default-executor-5] INFO  impl.RaftServerImpl (RaftServerImpl.java:setRole(184)) - 2ec85f63-33fb-4317-9145-71357d145af9@group-B2671EB745D2: changes role from  FOLLOWER to FOLLOWER at term 400 for recognizeCandidate:25d6372c-77fd-4a39-ac2a-e48debad48df
2019-10-15 16:12:22,571 [grpc-default-executor-5] INFO  impl.RoleInfo (RoleInfo.java:shutdownFollowerState(121)) - 2ec85f63-33fb-4317-9145-71357d145af9: shutdown FollowerState
2019-10-15 16:12:22,571 [Thread-2670] INFO  impl.FollowerState (FollowerState.java:run(117)) - 50423279-f647-4a18-8e85-347d68eaf856@group-B2671EB745D2-FollowerState was interrupted: java.lang.InterruptedException: sleep interrupted
2019-10-15 16:12:22,571 [grpc-default-executor-0] INFO  impl.RoleInfo (RoleInfo.java:updateAndGet(143)) - 50423279-f647-4a18-8e85-347d68eaf856: start FollowerState
2019-10-15 16:12:22,571 [Thread-2669] INFO  impl.FollowerState (FollowerState.java:run(117)) - 2ec85f63-33fb-4317-9145-71357d145af9@group-B2671EB745D2-FollowerState was interrupted: java.lang.InterruptedException: sleep interrupted
2019-10-15 16:12:22,571 [grpc-default-executor-5] INFO  impl.RoleInfo (RoleInfo.java:updateAndGet(143)) - 2ec85f63-33fb-4317-9145-71357d145af9: start FollowerState
2019-10-15 16:12:22,585 [25d6372c-77fd-4a39-ac2a-e48debad48df@group-B2671EB745D2-LeaderElection372] INFO  impl.LeaderElection (LeaderElection.java:logAndReturn(56)) - 25d6372c-77fd-4a39-ac2a-e48debad48df@group-B2671EB745D2-LeaderElection372: Election REJECTED; received 2 response(s) [25d6372c-77fd-4a39-ac2a-e48debad48df<-2ec85f63-33fb-4317-9145-71357d145af9#0:FAIL-t400, 25d6372c-77fd-4a39-ac2a-e48debad48df<-50423279-f647-4a18-8e85-347d68eaf856#0:FAIL-t400] and 0 exception(s); 25d6372c-77fd-4a39-ac2a-e48debad48df@group-B2671EB745D2:t400, leader=null, voted=25d6372c-77fd-4a39-ac2a-e48debad48df, raftlog=25d6372c-77fd-4a39-ac2a-e48debad48df@group-B2671EB745D2-SegmentedRaftLog:OPENED:c-1,f-1,i0, conf=-1: [50423279-f647-4a18-8e85-347d68eaf856:192.168.69.88:39583, 2ec85f63-33fb-4317-9145-71357d145af9:192.168.69.88:42357, 25d6372c-77fd-4a39-ac2a-e48debad48df:192.168.69.88:39591], old=null
2019-10-15 16:12:22,585 [25d6372c-77fd-4a39-ac2a-e48debad48df@group-B2671EB745D2-LeaderElection372] INFO  impl.RaftServerImpl (RaftServerImpl.java:setRole(184)) - 25d6372c-77fd-4a39-ac2a-e48debad48df@group-B2671EB745D2: changes role from CANDIDATE to FOLLOWER at term 400 for DISCOVERED_A_NEW_TERM
2019-10-15 16:12:22,585 [25d6372c-77fd-4a39-ac2a-e48debad48df@group-B2671EB745D2-LeaderElection372] INFO  impl.RoleInfo (RoleInfo.java:shutdownLeaderElection(134)) - 25d6372c-77fd-4a39-ac2a-e48debad48df: shutdown LeaderElection
2019-10-15 16:12:22,585 [25d6372c-77fd-4a39-ac2a-e48debad48df@group-B2671EB745D2-LeaderElection372] INFO  impl.RoleInfo (RoleInfo.java:updateAndGet(143)) - 25d6372c-77fd-4a39-ac2a-e48debad48df: start FollowerState
2019-10-15 16:12:22,609 [Thread-2677] INFO  impl.FollowerState (FollowerState.java:run(108)) - 25d6372c-77fd-4a39-ac2a-e48debad48df@group-B2671EB745D2-FollowerState: change to CANDIDATE, lastRpcTime:23ms, electionTimeout:23ms
2019-10-15 16:12:22,609 [Thread-2677] INFO  impl.RoleInfo (RoleInfo.java:shutdownFollowerState(121)) - 25d6372c-77fd-4a39-ac2a-e48debad48df: shutdown FollowerState
2019-10-15 16:12:22,609 [Thread-2677] INFO  impl.RaftServerImpl (RaftServerImpl.java:setRole(184)) - 25d6372c-77fd-4a39-ac2a-e48debad48df@group-B2671EB745D2: changes role from  FOLLOWER to CANDIDATE at term 400 for changeToCandidate
2019-10-15 16:12:22,609 [Thread-2677] INFO  impl.RoleInfo (RoleInfo.java:updateAndGet(143)) - 25d6372c-77fd-4a39-ac2a-e48debad48df: start LeaderElection
2019-10-15 16:12:22,623 [25d6372c-77fd-4a39-ac2a-e48debad48df@group-B2671EB745D2-LeaderElection373] INFO  impl.LeaderElection (LeaderElection.java:askForVotes(178)) - 25d6372c-77fd-4a39-ac2a-e48debad48df@group-B2671EB745D2-LeaderElection373: begin an election at term 401 for -1: [50423279-f647-4a18-8e85-347d68eaf856:192.168.69.88:39583, 2ec85f63-33fb-4317-9145-71357d145af9:192.168.69.88:42357, 25d6372c-77fd-4a39-ac2a-e48debad48df:192.168.69.88:39591], old=null
2019-10-15 16:12:22,624 [grpc-default-executor-5] INFO  impl.RaftServerImpl (RaftServerImpl.java:setRole(184)) - 50423279-f647-4a18-8e85-347d68eaf856@group-B2671EB745D2: changes role from  FOLLOWER to FOLLOWER at term 401 for recognizeCandidate:25d6372c-77fd-4a39-ac2a-e48debad48df
2019-10-15 16:12:22,624 [grpc-default-executor-5] INFO  impl.RoleInfo (RoleInfo.java:shutdownFollowerState(121)) - 50423279-f647-4a18-8e85-347d68eaf856: shutdown FollowerState
2019-10-15 16:12:22,624 [grpc-default-executor-0] INFO  impl.RaftServerImpl (RaftServerImpl.java:setRole(184)) - 2ec85f63-33fb-4317-9145-71357d145af9@group-B2671EB745D2: changes role from  FOLLOWER to FOLLOWER at term 401 for recognizeCandidate:25d6372c-77fd-4a39-ac2a-e48debad48df
2019-10-15 16:12:22,624 [Thread-2675] INFO  impl.FollowerState (FollowerState.java:run(117)) - 50423279-f647-4a18-8e85-347d68eaf856@group-B2671EB745D2-FollowerState was interrupted: java.lang.InterruptedException: sleep interrupted
2019-10-15 16:12:22,624 [grpc-default-executor-5] INFO  impl.RoleInfo (RoleInfo.java:updateAndGet(143)) - 50423279-f647-4a18-8e85-347d68eaf856: start FollowerState
2019-10-15 16:12:22,625 [grpc-default-executor-0] INFO  impl.RoleInfo (RoleInfo.java:shutdownFollowerState(121)) - 2ec85f63-33fb-4317-9145-71357d145af9: shutdown FollowerState
2019-10-15 16:12:22,625 [grpc-default-executor-0] INFO  impl.RoleInfo (RoleInfo.java:updateAndGet(143)) - 2ec85f63-33fb-4317-9145-71357d145af9: start FollowerState
2019-10-15 16:12:22,625 [Thread-2676] INFO  impl.FollowerState (FollowerState.java:run(117)) - 2ec85f63-33fb-4317-9145-71357d145af9@group-B2671EB745D2-FollowerState was interrupted: java.lang.InterruptedException: sleep interrupted
2019-10-15 16:12:22,639 [25d6372c-77fd-4a39-ac2a-e48debad48df@group-B2671EB745D2-LeaderElection373] INFO  impl.LeaderElection (LeaderElection.java:logAndReturn(56)) - 25d6372c-77fd-4a39-ac2a-e48debad48df@group-B2671EB745D2-LeaderElection373: Election REJECTED; received 2 response(s) [25d6372c-77fd-4a39-ac2a-e48debad48df<-50423279-f647-4a18-8e85-347d68eaf856#0:FAIL-t401, 25d6372c-77fd-4a39-ac2a-e48debad48df<-2ec85f63-33fb-4317-9145-71357d145af9#0:FAIL-t401] and 0 exception(s); 25d6372c-77fd-4a39-ac2a-e48debad48df@group-B2671EB745D2:t401, leader=null, voted=25d6372c-77fd-4a39-ac2a-e48debad48df, raftlog=25d6372c-77fd-4a39-ac2a-e48debad48df@group-B2671EB745D2-SegmentedRaftLog:OPENED:c-1,f-1,i0, conf=-1: [50423279-f647-4a18-8e85-347d68eaf856:192.168.69.88:39583, 2ec85f63-33fb-4317-9145-71357d145af9:192.168.69.88:42357, 25d6372c-77fd-4a39-ac2a-e48debad48df:192.168.69.88:39591], old=null
2019-10-15 16:12:22,639 [25d6372c-77fd-4a39-ac2a-e48debad48df@group-B2671EB745D2-LeaderElection373] INFO  impl.RaftServerImpl (RaftServerImpl.java:setRole(184)) - 25d6372c-77fd-4a39-ac2a-e48debad48df@group-B2671EB745D2: changes role from CANDIDATE to FOLLOWER at term 401 for DISCOVERED_A_NEW_TERM
2019-10-15 16:12:22,639 [25d6372c-77fd-4a39-ac2a-e48debad48df@group-B2671EB745D2-LeaderElection373] INFO  impl.RoleInfo (RoleInfo.java:shutdownLeaderElection(134)) - 25d6372c-77fd-4a39-ac2a-e48debad48df: shutdown LeaderElection
2019-10-15 16:12:22,639 [25d6372c-77fd-4a39-ac2a-e48debad48df@group-B2671EB745D2-LeaderElection373] INFO  impl.RoleInfo (RoleInfo.java:updateAndGet(143)) - 25d6372c-77fd-4a39-ac2a-e48debad48df: start FollowerState
2019-10-15 16:12:22,810 [Thread-2683] INFO  impl.FollowerState (FollowerState.java:run(108)) - 25d6372c-77fd-4a39-ac2a-e48debad48df@group-B2671EB745D2-FollowerState: change to CANDIDATE, lastRpcTime:171ms, electionTimeout:171ms
2019-10-15 16:12:22,811 [Thread-2683] INFO  impl.RoleInfo (RoleInfo.java:shutdownFollowerState(121)) - 25d6372c-77fd-4a39-ac2a-e48debad48df: shutdown FollowerState
2019-10-15 16:12:22,811 [Thread-2683] INFO  impl.RaftServerImpl (RaftServerImpl.java:setRole(184)) - 25d6372c-77fd-4a39-ac2a-e48debad48df@group-B2671EB745D2: changes role from  FOLLOWER to CANDIDATE at term 401 for changeToCandidate
2019-10-15 16:12:22,811 [Thread-2683] INFO  impl.RoleInfo (RoleInfo.java:updateAndGet(143)) - 25d6372c-77fd-4a39-ac2a-e48debad48df: start LeaderElection
2019-10-15 16:12:22,826 [25d6372c-77fd-4a39-ac2a-e48debad48df@group-B2671EB745D2-LeaderElection374] INFO  impl.LeaderElection (LeaderElection.java:askForVotes(178)) - 25d6372c-77fd-4a39-ac2a-e48debad48df@group-B2671EB745D2-LeaderElection374: begin an election at term 402 for -1: [50423279-f647-4a18-8e85-347d68eaf856:192.168.69.88:39583, 2ec85f63-33fb-4317-9145-71357d145af9:192.168.69.88:42357, 25d6372c-77fd-4a39-ac2a-e48debad48df:192.168.69.88:39591], old=null
2019-10-15 16:12:22,827 [grpc-default-executor-5] INFO  impl.RaftServerImpl (RaftServerImpl.java:setRole(184)) - 50423279-f647-4a18-8e85-347d68eaf856@group-B2671EB745D2: changes role from  FOLLOWER to FOLLOWER at term 402 for recognizeCandidate:25d6372c-77fd-4a39-ac2a-e48debad48df
2019-10-15 16:12:22,828 [grpc-default-executor-0] INFO  impl.RaftServerImpl (RaftServerImpl.java:setRole(184)) - 2ec85f63-33fb-4317-9145-71357d145af9@group-B2671EB745D2: changes role from  FOLLOWER to FOLLOWER at term 402 for recognizeCandidate:25d6372c-77fd-4a39-ac2a-e48debad48df
2019-10-15 16:12:22,828 [grpc-default-executor-5] INFO  impl.RoleInfo (RoleInfo.java:shutdownFollowerState(121)) - 50423279-f647-4a18-8e85-347d68eaf856: shutdown FollowerState
2019-10-15 16:12:22,828 [grpc-default-executor-0] INFO  impl.RoleInfo (RoleInfo.java:shutdownFollowerState(121)) - 2ec85f63-33fb-4317-9145-71357d145af9: shutdown FollowerState
2019-10-15 16:12:22,828 [Thread-2681] INFO  impl.FollowerState (FollowerState.java:run(117)) - 50423279-f647-4a18-8e85-347d68eaf856@group-B2671EB745D2-FollowerState was interrupted: java.lang.InterruptedException: sleep interrupted
2019-10-15 16:12:22,828 [grpc-default-executor-5] INFO  impl.RoleInfo (RoleInfo.java:updateAndGet(143)) - 50423279-f647-4a18-8e85-347d68eaf856: start FollowerState
2019-10-15 16:12:22,828 [grpc-default-executor-0] INFO  impl.RoleInfo (RoleInfo.java:updateAndGet(143)) - 2ec85f63-33fb-4317-9145-71357d145af9: start FollowerState
2019-10-15 16:12:22,828 [Thread-2682] INFO  impl.FollowerState (FollowerState.java:run(117)) - 2ec85f63-33fb-4317-9145-71357d145af9@group-B2671EB745D2-FollowerState was interrupted: java.lang.InterruptedException: sleep interrupted
2019-10-15 16:12:22,843 [25d6372c-77fd-4a39-ac2a-e48debad48df@group-B2671EB745D2-LeaderElection374] INFO  impl.LeaderElection (LeaderElection.java:logAndReturn(56)) - 25d6372c-77fd-4a39-ac2a-e48debad48df@group-B2671EB745D2-LeaderElection374: Election REJECTED; received 2 response(s) [25d6372c-77fd-4a39-ac2a-e48debad48df<-50423279-f647-4a18-8e85-347d68eaf856#0:FAIL-t402, 25d6372c-77fd-4a39-ac2a-e48debad48df<-2ec85f63-33fb-4317-9145-71357d145af9#0:FAIL-t402] and 0 exception(s); 25d6372c-77fd-4a39-ac2a-e48debad48df@group-B2671EB745D2:t402, leader=null, voted=25d6372c-77fd-4a39-ac2a-e48debad48df, raftlog=25d6372c-77fd-4a39-ac2a-e48debad48df@group-B2671EB745D2-SegmentedRaftLog:OPENED:c-1,f-1,i0, conf=-1: [50423279-f647-4a18-8e85-347d68eaf856:192.168.69.88:39583, 2ec85f63-33fb-4317-9145-71357d145af9:192.168.69.88:42357, 25d6372c-77fd-4a39-ac2a-e48debad48df:192.168.69.88:39591], old=null
2019-10-15 16:12:22,843 [25d6372c-77fd-4a39-ac2a-e48debad48df@group-B2671EB745D2-LeaderElection374] INFO  impl.RaftServerImpl (RaftServerImpl.java:setRole(184)) - 25d6372c-77fd-4a39-ac2a-e48debad48df@group-B2671EB745D2: changes role from CANDIDATE to FOLLOWER at term 402 for DISCOVERED_A_NEW_TERM
2019-10-15 16:12:22,843 [25d6372c-77fd-4a39-ac2a-e48debad48df@group-B2671EB745D2-LeaderElection374] INFO  impl.RoleInfo (RoleInfo.java:shutdownLeaderElection(134)) - 25d6372c-77fd-4a39-ac2a-e48debad48df: shutdown LeaderElection
2019-10-15 16:12:22,843 [25d6372c-77fd-4a39-ac2a-e48debad48df@group-B2671EB745D2-LeaderElection374] INFO  impl.RoleInfo (RoleInfo.java:updateAndGet(143)) - 25d6372c-77fd-4a39-ac2a-e48debad48df: start FollowerState
2019-10-15 16:12:22,926 [Thread-2691] INFO  impl.FollowerState (FollowerState.java:run(108)) - 25d6372c-77fd-4a39-ac2a-e48debad48df@group-B2671EB745D2-FollowerState: change to CANDIDATE, lastRpcTime:82ms, electionTimeout:82ms
2019-10-15 16:12:22,926 [Thread-2691] INFO  impl.RoleInfo (RoleInfo.java:shutdownFollowerState(121)) - 25d6372c-77fd-4a39-ac2a-e48debad48df: shutdown FollowerState
2019-10-15 16:12:22,926 [Thread-2691] INFO  impl.RaftServerImpl (RaftServerImpl.java:setRole(184)) - 25d6372c-77fd-4a39-ac2a-e48debad48df@group-B2671EB745D2: changes role from  FOLLOWER to CANDIDATE at term 402 for changeToCandidate
2019-10-15 16:12:22,926 [Thread-2691] INFO  impl.RoleInfo (RoleInfo.java:updateAndGet(143)) - 25d6372c-77fd-4a39-ac2a-e48debad48df: start LeaderElection
2019-10-15 16:12:22,941 [25d6372c-77fd-4a39-ac2a-e48debad48df@group-B2671EB745D2-LeaderElection375] INFO  impl.LeaderElection (LeaderElection.java:askForVotes(178)) - 25d6372c-77fd-4a39-ac2a-e48debad48df@group-B2671EB745D2-LeaderElection375: begin an election at term 403 for -1: [50423279-f647-4a18-8e85-347d68eaf856:192.168.69.88:39583, 2ec85f63-33fb-4317-9145-71357d145af9:192.168.69.88:42357, 25d6372c-77fd-4a39-ac2a-e48debad48df:192.168.69.88:39591], old=null
2019-10-15 16:12:22,943 [grpc-default-executor-5] INFO  impl.RaftServerImpl (RaftServerImpl.java:setRole(184)) - 2ec85f63-33fb-4317-9145-71357d145af9@group-B2671EB745D2: changes role from  FOLLOWER to FOLLOWER at term 403 for recognizeCandidate:25d6372c-77fd-4a39-ac2a-e48debad48df
2019-10-15 16:12:22,943 [grpc-default-executor-0] INFO  impl.RaftServerImpl (RaftServerImpl.java:setRole(184)) - 50423279-f647-4a18-8e85-347d68eaf856@group-B2671EB745D2: changes role from  FOLLOWER to FOLLOWER at term 403 for recognizeCandidate:25d6372c-77fd-4a39-ac2a-e48debad48df
2019-10-15 16:12:22,943 [grpc-default-executor-5] INFO  impl.RoleInfo (RoleInfo.java:shutdownFollowerState(121)) - 2ec85f63-33fb-4317-9145-71357d145af9: shutdown FollowerState
2019-10-15 16:12:22,943 [grpc-default-executor-0] INFO  impl.RoleInfo (RoleInfo.java:shutdownFollowerState(121)) - 50423279-f647-4a18-8e85-347d68eaf856: shutdown FollowerState
2019-10-15 16:12:22,943 [Thread-2690] INFO  impl.FollowerState (FollowerState.java:run(117)) - 2ec85f63-33fb-4317-9145-71357d145af9@group-B2671EB745D2-FollowerState was interrupted: java.lang.InterruptedException: sleep interrupted
2019-10-15 16:12:22,943 [grpc-default-executor-5] INFO  impl.RoleInfo (RoleInfo.java:updateAndGet(143)) - 2ec85f63-33fb-4317-9145-71357d145af9: start FollowerState
2019-10-15 16:12:22,943 [Thread-2689] INFO  impl.FollowerState (FollowerState.java:run(117)) - 50423279-f647-4a18-8e85-347d68eaf856@group-B2671EB745D2-FollowerState was interrupted: java.lang.InterruptedException: sleep interrupted
2019-10-15 16:12:22,943 [grpc-default-executor-0] INFO  impl.RoleInfo (RoleInfo.java:updateAndGet(143)) - 50423279-f647-4a18-8e85-347d68eaf856: start FollowerState
2019-10-15 16:12:22,958 [25d6372c-77fd-4a39-ac2a-e48debad48df@group-B2671EB745D2-LeaderElection375] INFO  impl.LeaderElection (LeaderElection.java:logAndReturn(56)) - 25d6372c-77fd-4a39-ac2a-e48debad48df@group-B2671EB745D2-LeaderElection375: Election REJECTED; received 2 response(s) [25d6372c-77fd-4a39-ac2a-e48debad48df<-50423279-f647-4a18-8e85-347d68eaf856#0:FAIL-t403, 25d6372c-77fd-4a39-ac2a-e48debad48df<-2ec85f63-33fb-4317-9145-71357d145af9#0:FAIL-t403] and 0 exception(s); 25d6372c-77fd-4a39-ac2a-e48debad48df@group-B2671EB745D2:t403, leader=null, voted=25d6372c-77fd-4a39-ac2a-e48debad48df, raftlog=25d6372c-77fd-4a39-ac2a-e48debad48df@group-B2671EB745D2-SegmentedRaftLog:OPENED:c-1,f-1,i0, conf=-1: [50423279-f647-4a18-8e85-347d68eaf856:192.168.69.88:39583, 2ec85f63-33fb-4317-9145-71357d145af9:192.168.69.88:42357, 25d6372c-77fd-4a39-ac2a-e48debad48df:192.168.69.88:39591], old=null
2019-10-15 16:12:22,958 [25d6372c-77fd-4a39-ac2a-e48debad48df@group-B2671EB745D2-LeaderElection375] INFO  impl.RaftServerImpl (RaftServerImpl.java:setRole(184)) - 25d6372c-77fd-4a39-ac2a-e48debad48df@group-B2671EB745D2: changes role from CANDIDATE to FOLLOWER at term 403 for DISCOVERED_A_NEW_TERM
2019-10-15 16:12:22,959 [25d6372c-77fd-4a39-ac2a-e48debad48df@group-B2671EB745D2-LeaderElection375] INFO  impl.RoleInfo (RoleInfo.java:shutdownLeaderElection(134)) - 25d6372c-77fd-4a39-ac2a-e48debad48df: shutdown LeaderElection
2019-10-15 16:12:22,959 [25d6372c-77fd-4a39-ac2a-e48debad48df@group-B2671EB745D2-LeaderElection375] INFO  impl.RoleInfo (RoleInfo.java:updateAndGet(143)) - 25d6372c-77fd-4a39-ac2a-e48debad48df: start FollowerState
2019-10-15 16:12:23,102 [Thread-2697] INFO  impl.FollowerState (FollowerState.java:run(108)) - 25d6372c-77fd-4a39-ac2a-e48debad48df@group-B2671EB745D2-FollowerState: change to CANDIDATE, lastRpcTime:143ms, electionTimeout:143ms
2019-10-15 16:12:23,102 [Thread-2697] INFO  impl.RoleInfo (RoleInfo.java:shutdownFollowerState(121)) - 25d6372c-77fd-4a39-ac2a-e48debad48df: shutdown FollowerState
2019-10-15 16:12:23,102 [Thread-2697] INFO  impl.RaftServerImpl (RaftServerImpl.java:setRole(184)) - 25d6372c-77fd-4a39-ac2a-e48debad48df@group-B2671EB745D2: changes role from  FOLLOWER to CANDIDATE at term 403 for changeToCandidate
2019-10-15 16:12:23,103 [Thread-2697] INFO  impl.RoleInfo (RoleInfo.java:updateAndGet(143)) - 25d6372c-77fd-4a39-ac2a-e48debad48df: start LeaderElection
2019-10-15 16:12:23,118 [25d6372c-77fd-4a39-ac2a-e48debad48df@group-B2671EB745D2-LeaderElection376] INFO  impl.LeaderElection (LeaderElection.java:askForVotes(178)) - 25d6372c-77fd-4a39-ac2a-e48debad48df@group-B2671EB745D2-LeaderElection376: begin an election at term 404 for -1: [50423279-f647-4a18-8e85-347d68eaf856:192.168.69.88:39583, 2ec85f63-33fb-4317-9145-71357d145af9:192.168.69.88:42357, 25d6372c-77fd-4a39-ac2a-e48debad48df:192.168.69.88:39591], old=null
2019-10-15 16:12:23,119 [grpc-default-executor-5] INFO  impl.RaftServerImpl (RaftServerImpl.java:setRole(184)) - 50423279-f647-4a18-8e85-347d68eaf856@group-B2671EB745D2: changes role from  FOLLOWER to FOLLOWER at term 404 for recognizeCandidate:25d6372c-77fd-4a39-ac2a-e48debad48df
2019-10-15 16:12:23,119 [grpc-default-executor-0] INFO  impl.RaftServerImpl (RaftServerImpl.java:setRole(184)) - 2ec85f63-33fb-4317-9145-71357d145af9@group-B2671EB745D2: changes role from  FOLLOWER to FOLLOWER at term 404 for recognizeCandidate:25d6372c-77fd-4a39-ac2a-e48debad48df
2019-10-15 16:12:23,119 [grpc-default-executor-5] INFO  impl.RoleInfo (RoleInfo.java:shutdownFollowerState(121)) - 50423279-f647-4a18-8e85-347d68eaf856: shutdown FollowerState
2019-10-15 16:12:23,120 [grpc-default-executor-0] INFO  impl.RoleInfo (RoleInfo.java:shutdownFollowerState(121)) - 2ec85f63-33fb-4317-9145-71357d145af9: shutdown FollowerState
2019-10-15 16:12:23,120 [Thread-2696] INFO  impl.FollowerState (FollowerState.java:run(117)) - 50423279-f647-4a18-8e85-347d68eaf856@group-B2671EB745D2-FollowerState was interrupted: java.lang.InterruptedException: sleep interrupted
2019-10-15 16:12:23,120 [grpc-default-executor-5] INFO  impl.RoleInfo (RoleInfo.java:updateAndGet(143)) - 50423279-f647-4a18-8e85-347d68eaf856: start FollowerState
2019-10-15 16:12:23,120 [grpc-default-executor-0] INFO  impl.RoleInfo (RoleInfo.java:updateAndGet(143)) - 2ec85f63-33fb-4317-9145-71357d145af9: start FollowerState
2019-10-15 16:12:23,120 [Thread-2695] INFO  impl.FollowerState (FollowerState.java:run(117)) - 2ec85f63-33fb-4317-9145-71357d145af9@group-B2671EB745D2-FollowerState was interrupted: java.lang.InterruptedException: sleep interrupted
2019-10-15 16:12:23,128 [25d6372c-77fd-4a39-ac2a-e48debad48df@group-B2671EB745D2-LeaderElection376] INFO  impl.LeaderElection (LeaderElection.java:logAndReturn(56)) - 25d6372c-77fd-4a39-ac2a-e48debad48df@group-B2671EB745D2-LeaderElection376: Election TIMEOUT; received 0 response(s) [] and 0 exception(s); 25d6372c-77fd-4a39-ac2a-e48debad48df@group-B2671EB745D2:t404, leader=null, voted=25d6372c-77fd-4a39-ac2a-e48debad48df, raftlog=25d6372c-77fd-4a39-ac2a-e48debad48df@group-B2671EB745D2-SegmentedRaftLog:OPENED:c-1,f-1,i0, conf=-1: [50423279-f647-4a18-8e85-347d68eaf856:192.168.69.88:39583, 2ec85f63-33fb-4317-9145-71357d145af9:192.168.69.88:42357, 25d6372c-77fd-4a39-ac2a-e48debad48df:192.168.69.88:39591], old=null
2019-10-15 16:12:23,134 [25d6372c-77fd-4a39-ac2a-e48debad48df@group-B2671EB745D2-LeaderElection376] INFO  impl.LeaderElection (LeaderElection.java:askForVotes(178)) - 25d6372c-77fd-4a39-ac2a-e48debad48df@group-B2671EB745D2-LeaderElection376: begin an election at term 405 for -1: [50423279-f647-4a18-8e85-347d68eaf856:192.168.69.88:39583, 2ec85f63-33fb-4317-9145-71357d145af9:192.168.69.88:42357, 25d6372c-77fd-4a39-ac2a-e48debad48df:192.168.69.88:39591], old=null
2019-10-15 16:12:23,135 [grpc-default-executor-5] INFO  impl.RaftServerImpl (RaftServerImpl.java:setRole(184)) - 50423279-f647-4a18-8e85-347d68eaf856@group-B2671EB745D2: changes role from  FOLLOWER to FOLLOWER at term 405 for recognizeCandidate:25d6372c-77fd-4a39-ac2a-e48debad48df
2019-10-15 16:12:23,135 [grpc-default-executor-0] INFO  impl.RaftServerImpl (RaftServerImpl.java:setRole(184)) - 2ec85f63-33fb-4317-9145-71357d145af9@group-B2671EB745D2: changes role from  FOLLOWER to FOLLOWER at term 405 for recognizeCandidate:25d6372c-77fd-4a39-ac2a-e48debad48df
2019-10-15 16:12:23,135 [grpc-default-executor-0] INFO  impl.RoleInfo (RoleInfo.java:shutdownFollowerState(121)) - 2ec85f63-33fb-4317-9145-71357d145af9: shutdown FollowerState
2019-10-15 16:12:23,135 [25d6372c-77fd-4a39-ac2a-e48debad48df@group-B2671EB745D2-LeaderElection376] INFO  impl.LeaderElection (LeaderElection.java:logAndReturn(56)) - 25d6372c-77fd-4a39-ac2a-e48debad48df@group-B2671EB745D2-LeaderElection376: Election TIMEOUT; received 0 response(s) [] and 0 exception(s); 25d6372c-77fd-4a39-ac2a-e48debad48df@group-B2671EB745D2:t405, leader=null, voted=25d6372c-77fd-4a39-ac2a-e48debad48df, raftlog=25d6372c-77fd-4a39-ac2a-e48debad48df@group-B2671EB745D2-SegmentedRaftLog:OPENED:c-1,f-1,i0, conf=-1: [50423279-f647-4a18-8e85-347d68eaf856:192.168.69.88:39583, 2ec85f63-33fb-4317-9145-71357d145af9:192.168.69.88:42357, 25d6372c-77fd-4a39-ac2a-e48debad48df:192.168.69.88:39591], old=null
2019-10-15 16:12:23,135 [grpc-default-executor-5] INFO  impl.RoleInfo (RoleInfo.java:shutdownFollowerState(121)) - 50423279-f647-4a18-8e85-347d68eaf856: shutdown FollowerState
2019-10-15 16:12:23,135 [Thread-2702] INFO  impl.FollowerState (FollowerState.java:run(117)) - 2ec85f63-33fb-4317-9145-71357d145af9@group-B2671EB745D2-FollowerState was interrupted: java.lang.InterruptedException: sleep interrupted
2019-10-15 16:12:23,135 [grpc-default-executor-0] INFO  impl.RoleInfo (RoleInfo.java:updateAndGet(143)) - 2ec85f63-33fb-4317-9145-71357d145af9: start FollowerState
2019-10-15 16:12:23,136 [Thread-2701] INFO  impl.FollowerState (FollowerState.java:run(117)) - 50423279-f647-4a18-8e85-347d68eaf856@group-B2671EB745D2-FollowerState was interrupted: java.lang.InterruptedException: sleep interrupted
2019-10-15 16:12:23,136 [grpc-default-executor-5] INFO  impl.RoleInfo (RoleInfo.java:updateAndGet(143)) - 50423279-f647-4a18-8e85-347d68eaf856: start FollowerState
2019-10-15 16:12:23,151 [25d6372c-77fd-4a39-ac2a-e48debad48df@group-B2671EB745D2-LeaderElection376] INFO  impl.LeaderElection (LeaderElection.java:askForVotes(178)) - 25d6372c-77fd-4a39-ac2a-e48debad48df@group-B2671EB745D2-LeaderElection376: begin an election at term 406 for -1: [50423279-f647-4a18-8e85-347d68eaf856:192.168.69.88:39583, 2ec85f63-33fb-4317-9145-71357d145af9:192.168.69.88:42357, 25d6372c-77fd-4a39-ac2a-e48debad48df:192.168.69.88:39591], old=null
2019-10-15 16:12:23,152 [grpc-default-executor-5] INFO  impl.RaftServerImpl (RaftServerImpl.java:setRole(184)) - 2ec85f63-33fb-4317-9145-71357d145af9@group-B2671EB745D2: changes role from  FOLLOWER to FOLLOWER at term 406 for recognizeCandidate:25d6372c-77fd-4a39-ac2a-e48debad48df
2019-10-15 16:12:23,153 [grpc-default-executor-5] INFO  impl.RoleInfo (RoleInfo.java:shutdownFollowerState(121)) - 2ec85f63-33fb-4317-9145-71357d145af9: shutdown FollowerState
2019-10-15 16:12:23,153 [grpc-default-executor-5] INFO  impl.RoleInfo (RoleInfo.java:updateAndGet(143)) - 2ec85f63-33fb-4317-9145-71357d145af9: start FollowerState
2019-10-15 16:12:23,153 [Thread-2705] INFO  impl.FollowerState (FollowerState.java:run(117)) - 2ec85f63-33fb-4317-9145-71357d145af9@group-B2671EB745D2-FollowerState was interrupted: java.lang.InterruptedException: sleep interrupted
2019-10-15 16:12:23,153 [grpc-default-executor-0] INFO  impl.RaftServerImpl (RaftServerImpl.java:setRole(184)) - 50423279-f647-4a18-8e85-347d68eaf856@group-B2671EB745D2: changes role from  FOLLOWER to FOLLOWER at term 406 for recognizeCandidate:25d6372c-77fd-4a39-ac2a-e48debad48df
2019-10-15 16:12:23,154 [grpc-default-executor-0] INFO  impl.RoleInfo (RoleInfo.java:shutdownFollowerState(121)) - 50423279-f647-4a18-8e85-347d68eaf856: shutdown FollowerState
2019-10-15 16:12:23,154 [grpc-default-executor-0] INFO  impl.RoleInfo (RoleInfo.java:updateAndGet(143)) - 50423279-f647-4a18-8e85-347d68eaf856: start FollowerState
2019-10-15 16:12:23,154 [Thread-2706] INFO  impl.FollowerState (FollowerState.java:run(117)) - 50423279-f647-4a18-8e85-347d68eaf856@group-B2671EB745D2-FollowerState was interrupted: java.lang.InterruptedException: sleep interrupted
2019-10-15 16:12:23,167 [25d6372c-77fd-4a39-ac2a-e48debad48df@group-B2671EB745D2-LeaderElection376] INFO  impl.LeaderElection (LeaderElection.java:logAndReturn(56)) - 25d6372c-77fd-4a39-ac2a-e48debad48df@group-B2671EB745D2-LeaderElection376: Election REJECTED; received 2 response(s) [25d6372c-77fd-4a39-ac2a-e48debad48df<-2ec85f63-33fb-4317-9145-71357d145af9#0:FAIL-t406, 25d6372c-77fd-4a39-ac2a-e48debad48df<-50423279-f647-4a18-8e85-347d68eaf856#0:FAIL-t406] and 0 exception(s); 25d6372c-77fd-4a39-ac2a-e48debad48df@group-B2671EB745D2:t406, leader=null, voted=25d6372c-77fd-4a39-ac2a-e48debad48df, raftlog=25d6372c-77fd-4a39-ac2a-e48debad48df@group-B2671EB745D2-SegmentedRaftLog:OPENED:c-1,f-1,i0, conf=-1: [50423279-f647-4a18-8e85-347d68eaf856:192.168.69.88:39583, 2ec85f63-33fb-4317-9145-71357d145af9:192.168.69.88:42357, 25d6372c-77fd-4a39-ac2a-e48debad48df:192.168.69.88:39591], old=null
2019-10-15 16:12:23,167 [25d6372c-77fd-4a39-ac2a-e48debad48df@group-B2671EB745D2-LeaderElection376] INFO  impl.RaftServerImpl (RaftServerImpl.java:setRole(184)) - 25d6372c-77fd-4a39-ac2a-e48debad48df@group-B2671EB745D2: changes role from CANDIDATE to FOLLOWER at term 406 for DISCOVERED_A_NEW_TERM
2019-10-15 16:12:23,167 [25d6372c-77fd-4a39-ac2a-e48debad48df@group-B2671EB745D2-LeaderElection376] INFO  impl.RoleInfo (RoleInfo.java:shutdownLeaderElection(134)) - 25d6372c-77fd-4a39-ac2a-e48debad48df: shutdown LeaderElection
2019-10-15 16:12:23,167 [25d6372c-77fd-4a39-ac2a-e48debad48df@group-B2671EB745D2-LeaderElection376] INFO  impl.RoleInfo (RoleInfo.java:updateAndGet(143)) - 25d6372c-77fd-4a39-ac2a-e48debad48df: start FollowerState
2019-10-15 16:12:23,305 [Thread-2711] INFO  impl.FollowerState (FollowerState.java:run(108)) - 25d6372c-77fd-4a39-ac2a-e48debad48df@group-B2671EB745D2-FollowerState: change to CANDIDATE, lastRpcTime:137ms, electionTimeout:137ms
2019-10-15 16:12:23,306 [Thread-2711] INFO  impl.RoleInfo (RoleInfo.java:shutdownFollowerState(121)) - 25d6372c-77fd-4a39-ac2a-e48debad48df: shutdown FollowerState
2019-10-15 16:12:23,306 [Thread-2711] INFO  impl.RaftServerImpl (RaftServerImpl.java:setRole(184)) - 25d6372c-77fd-4a39-ac2a-e48debad48df@group-B2671EB745D2: changes role from  FOLLOWER to CANDIDATE at term 406 for changeToCandidate
2019-10-15 16:12:23,307 [Thread-2711] INFO  impl.RoleInfo (RoleInfo.java:updateAndGet(143)) - 25d6372c-77fd-4a39-ac2a-e48debad48df: start LeaderElection
2019-10-15 16:12:23,319 [25d6372c-77fd-4a39-ac2a-e48debad48df@group-B2671EB745D2-LeaderElection377] INFO  impl.LeaderElection (LeaderElection.java:askForVotes(178)) - 25d6372c-77fd-4a39-ac2a-e48debad48df@group-B2671EB745D2-LeaderElection377: begin an election at term 407 for -1: [50423279-f647-4a18-8e85-347d68eaf856:192.168.69.88:39583, 2ec85f63-33fb-4317-9145-71357d145af9:192.168.69.88:42357, 25d6372c-77fd-4a39-ac2a-e48debad48df:192.168.69.88:39591], old=null
2019-10-15 16:12:23,325 [grpc-default-executor-0] INFO  impl.RaftServerImpl (RaftServerImpl.java:setRole(184)) - 2ec85f63-33fb-4317-9145-71357d145af9@group-B2671EB745D2: changes role from  FOLLOWER to FOLLOWER at term 407 for recognizeCandidate:25d6372c-77fd-4a39-ac2a-e48debad48df
2019-10-15 16:12:23,325 [grpc-default-executor-5] INFO  impl.RaftServerImpl (RaftServerImpl.java:setRole(184)) - 50423279-f647-4a18-8e85-347d68eaf856@group-B2671EB745D2: changes role from  FOLLOWER to FOLLOWER at term 407 for recognizeCandidate:25d6372c-77fd-4a39-ac2a-e48debad48df
2019-10-15 16:12:23,325 [grpc-default-executor-0] INFO  impl.RoleInfo (RoleInfo.java:shutdownFollowerState(121)) - 2ec85f63-33fb-4317-9145-71357d145af9: shutdown FollowerState
2019-10-15 16:12:23,326 [grpc-default-executor-5] INFO  impl.RoleInfo (RoleInfo.java:shutdownFollowerState(121)) - 50423279-f647-4a18-8e85-347d68eaf856: shutdown FollowerState
2019-10-15 16:12:23,326 [grpc-default-executor-0] INFO  impl.RoleInfo (RoleInfo.java:updateAndGet(143)) - 2ec85f63-33fb-4317-9145-71357d145af9: start FollowerState
2019-10-15 16:12:23,326 [Thread-2710] INFO  impl.FollowerState (FollowerState.java:run(117)) - 50423279-f647-4a18-8e85-347d68eaf856@group-B2671EB745D2-FollowerState was interrupted: java.lang.InterruptedException: sleep interrupted
2019-10-15 16:12:23,326 [Thread-2709] INFO  impl.FollowerState (FollowerState.java:run(117)) - 2ec85f63-33fb-4317-9145-71357d145af9@group-B2671EB745D2-FollowerState was interrupted: java.lang.InterruptedException: sleep interrupted
2019-10-15 16:12:23,326 [grpc-default-executor-5] INFO  impl.RoleInfo (RoleInfo.java:updateAndGet(143)) - 50423279-f647-4a18-8e85-347d68eaf856: start FollowerState
2019-10-15 16:12:23,339 [25d6372c-77fd-4a39-ac2a-e48debad48df@group-B2671EB745D2-LeaderElection377] INFO  impl.LeaderElection (LeaderElection.java:logAndReturn(56)) - 25d6372c-77fd-4a39-ac2a-e48debad48df@group-B2671EB745D2-LeaderElection377: Election REJECTED; received 2 response(s) [25d6372c-77fd-4a39-ac2a-e48debad48df<-2ec85f63-33fb-4317-9145-71357d145af9#0:FAIL-t407, 25d6372c-77fd-4a39-ac2a-e48debad48df<-50423279-f647-4a18-8e85-347d68eaf856#0:FAIL-t407] and 0 exception(s); 25d6372c-77fd-4a39-ac2a-e48debad48df@group-B2671EB745D2:t407, leader=null, voted=25d6372c-77fd-4a39-ac2a-e48debad48df, raftlog=25d6372c-77fd-4a39-ac2a-e48debad48df@group-B2671EB745D2-SegmentedRaftLog:OPENED:c-1,f-1,i0, conf=-1: [50423279-f647-4a18-8e85-347d68eaf856:192.168.69.88:39583, 2ec85f63-33fb-4317-9145-71357d145af9:192.168.69.88:42357, 25d6372c-77fd-4a39-ac2a-e48debad48df:192.168.69.88:39591], old=null
2019-10-15 16:12:23,340 [25d6372c-77fd-4a39-ac2a-e48debad48df@group-B2671EB745D2-LeaderElection377] INFO  impl.RaftServerImpl (RaftServerImpl.java:setRole(184)) - 25d6372c-77fd-4a39-ac2a-e48debad48df@group-B2671EB745D2: changes role from CANDIDATE to FOLLOWER at term 407 for DISCOVERED_A_NEW_TERM
2019-10-15 16:12:23,340 [25d6372c-77fd-4a39-ac2a-e48debad48df@group-B2671EB745D2-LeaderElection377] INFO  impl.RoleInfo (RoleInfo.java:shutdownLeaderElection(134)) - 25d6372c-77fd-4a39-ac2a-e48debad48df: shutdown LeaderElection
2019-10-15 16:12:23,340 [25d6372c-77fd-4a39-ac2a-e48debad48df@group-B2671EB745D2-LeaderElection377] INFO  impl.RoleInfo (RoleInfo.java:updateAndGet(143)) - 25d6372c-77fd-4a39-ac2a-e48debad48df: start FollowerState
2019-10-15 16:12:23,506 [Thread-2717] INFO  impl.FollowerState (FollowerState.java:run(108)) - 25d6372c-77fd-4a39-ac2a-e48debad48df@group-B2671EB745D2-FollowerState: change to CANDIDATE, lastRpcTime:166ms, electionTimeout:166ms
2019-10-15 16:12:23,507 [Thread-2717] INFO  impl.RoleInfo (RoleInfo.java:shutdownFollowerState(121)) - 25d6372c-77fd-4a39-ac2a-e48debad48df: shutdown FollowerState
2019-10-15 16:12:23,507 [Thread-2717] INFO  impl.RaftServerImpl (RaftServerImpl.java:setRole(184)) - 25d6372c-77fd-4a39-ac2a-e48debad48df@group-B2671EB745D2: changes role from  FOLLOWER to CANDIDATE at term 407 for changeToCandidate
2019-10-15 16:12:23,507 [Thread-2717] INFO  impl.RoleInfo (RoleInfo.java:updateAndGet(143)) - 25d6372c-77fd-4a39-ac2a-e48debad48df: start LeaderElection
2019-10-15 16:12:23,520 [25d6372c-77fd-4a39-ac2a-e48debad48df@group-B2671EB745D2-LeaderElection378] INFO  impl.LeaderElection (LeaderElection.java:askForVotes(178)) - 25d6372c-77fd-4a39-ac2a-e48debad48df@group-B2671EB745D2-LeaderElection378: begin an election at term 408 for -1: [50423279-f647-4a18-8e85-347d68eaf856:192.168.69.88:39583, 2ec85f63-33fb-4317-9145-71357d145af9:192.168.69.88:42357, 25d6372c-77fd-4a39-ac2a-e48debad48df:192.168.69.88:39591], old=null
2019-10-15 16:12:23,522 [grpc-default-executor-0] INFO  impl.RaftServerImpl (RaftServerImpl.java:setRole(184)) - 2ec85f63-33fb-4317-9145-71357d145af9@group-B2671EB745D2: changes role from  FOLLOWER to FOLLOWER at term 408 for recognizeCandidate:25d6372c-77fd-4a39-ac2a-e48debad48df
2019-10-15 16:12:23,522 [grpc-default-executor-0] INFO  impl.RoleInfo (RoleInfo.java:shutdownFollowerState(121)) - 2ec85f63-33fb-4317-9145-71357d145af9: shutdown FollowerState
2019-10-15 16:12:23,522 [grpc-default-executor-0] INFO  impl.RoleInfo (RoleInfo.java:updateAndGet(143)) - 2ec85f63-33fb-4317-9145-71357d145af9: start FollowerState
2019-10-15 16:12:23,523 [Thread-2715] INFO  impl.FollowerState (FollowerState.java:run(117)) - 2ec85f63-33fb-4317-9145-71357d145af9@group-B2671EB745D2-FollowerState was interrupted: java.lang.InterruptedException: sleep interrupted
2019-10-15 16:12:23,523 [grpc-default-executor-5] INFO  impl.RaftServerImpl (RaftServerImpl.java:setRole(184)) - 50423279-f647-4a18-8e85-347d68eaf856@group-B2671EB745D2: changes role from  FOLLOWER to FOLLOWER at term 408 for recognizeCandidate:25d6372c-77fd-4a39-ac2a-e48debad48df
2019-10-15 16:12:23,523 [grpc-default-executor-5] INFO  impl.RoleInfo (RoleInfo.java:shutdownFollowerState(121)) - 50423279-f647-4a18-8e85-347d68eaf856: shutdown FollowerState
2019-10-15 16:12:23,523 [grpc-default-executor-5] INFO  impl.RoleInfo (RoleInfo.java:updateAndGet(143)) - 50423279-f647-4a18-8e85-347d68eaf856: start FollowerState
2019-10-15 16:12:23,524 [Thread-2716] INFO  impl.FollowerState (FollowerState.java:run(117)) - 50423279-f647-4a18-8e85-347d68eaf856@group-B2671EB745D2-FollowerState was interrupted: java.lang.InterruptedException: sleep interrupted
2019-10-15 16:12:23,537 [25d6372c-77fd-4a39-ac2a-e48debad48df@group-B2671EB745D2-LeaderElection378] INFO  impl.LeaderElection (LeaderElection.java:logAndReturn(56)) - 25d6372c-77fd-4a39-ac2a-e48debad48df@group-B2671EB745D2-LeaderElection378: Election REJECTED; received 2 response(s) [25d6372c-77fd-4a39-ac2a-e48debad48df<-2ec85f63-33fb-4317-9145-71357d145af9#0:FAIL-t408, 25d6372c-77fd-4a39-ac2a-e48debad48df<-50423279-f647-4a18-8e85-347d68eaf856#0:FAIL-t408] and 0 exception(s); 25d6372c-77fd-4a39-ac2a-e48debad48df@group-B2671EB745D2:t408, leader=null, voted=25d6372c-77fd-4a39-ac2a-e48debad48df, raftlog=25d6372c-77fd-4a39-ac2a-e48debad48df@group-B2671EB745D2-SegmentedRaftLog:OPENED:c-1,f-1,i0, conf=-1: [50423279-f647-4a18-8e85-347d68eaf856:192.168.69.88:39583, 2ec85f63-33fb-4317-9145-71357d145af9:192.168.69.88:42357, 25d6372c-77fd-4a39-ac2a-e48debad48df:192.168.69.88:39591], old=null
2019-10-15 16:12:23,537 [25d6372c-77fd-4a39-ac2a-e48debad48df@group-B2671EB745D2-LeaderElection378] INFO  impl.RaftServerImpl (RaftServerImpl.java:setRole(184)) - 25d6372c-77fd-4a39-ac2a-e48debad48df@group-B2671EB745D2: changes role from CANDIDATE to FOLLOWER at term 408 for DISCOVERED_A_NEW_TERM
2019-10-15 16:12:23,537 [25d6372c-77fd-4a39-ac2a-e48debad48df@group-B2671EB745D2-LeaderElection378] INFO  impl.RoleInfo (RoleInfo.java:shutdownLeaderElection(134)) - 25d6372c-77fd-4a39-ac2a-e48debad48df: shutdown LeaderElection
2019-10-15 16:12:23,537 [25d6372c-77fd-4a39-ac2a-e48debad48df@group-B2671EB745D2-LeaderElection378] INFO  impl.RoleInfo (RoleInfo.java:updateAndGet(143)) - 25d6372c-77fd-4a39-ac2a-e48debad48df: start FollowerState
2019-10-15 16:12:23,647 [Thread-2723] INFO  impl.FollowerState (FollowerState.java:run(108)) - 25d6372c-77fd-4a39-ac2a-e48debad48df@group-B2671EB745D2-FollowerState: change to CANDIDATE, lastRpcTime:110ms, electionTimeout:110ms
2019-10-15 16:12:23,648 [Thread-2723] INFO  impl.RoleInfo (RoleInfo.java:shutdownFollowerState(121)) - 25d6372c-77fd-4a39-ac2a-e48debad48df: shutdown FollowerState
2019-10-15 16:12:23,648 [Thread-2723] INFO  impl.RaftServerImpl (RaftServerImpl.java:setRole(184)) - 25d6372c-77fd-4a39-ac2a-e48debad48df@group-B2671EB745D2: changes role from  FOLLOWER to CANDIDATE at term 408 for changeToCandidate
2019-10-15 16:12:23,648 [Thread-2723] INFO  impl.RoleInfo (RoleInfo.java:updateAndGet(143)) - 25d6372c-77fd-4a39-ac2a-e48debad48df: start LeaderElection
2019-10-15 16:12:23,656 [25d6372c-77fd-4a39-ac2a-e48debad48df@group-B2671EB745D2-LeaderElection379] INFO  impl.LeaderElection (LeaderElection.java:askForVotes(178)) - 25d6372c-77fd-4a39-ac2a-e48debad48df@group-B2671EB745D2-LeaderElection379: begin an election at term 409 for -1: [50423279-f647-4a18-8e85-347d68eaf856:192.168.69.88:39583, 2ec85f63-33fb-4317-9145-71357d145af9:192.168.69.88:42357, 25d6372c-77fd-4a39-ac2a-e48debad48df:192.168.69.88:39591], old=null
2019-10-15 16:12:23,658 [grpc-default-executor-5] INFO  impl.RaftServerImpl (RaftServerImpl.java:setRole(184)) - 50423279-f647-4a18-8e85-347d68eaf856@group-B2671EB745D2: changes role from  FOLLOWER to FOLLOWER at term 409 for recognizeCandidate:25d6372c-77fd-4a39-ac2a-e48debad48df
2019-10-15 16:12:23,658 [grpc-default-executor-5] INFO  impl.RoleInfo (RoleInfo.java:shutdownFollowerState(121)) - 50423279-f647-4a18-8e85-347d68eaf856: shutdown FollowerState
2019-10-15 16:12:23,658 [grpc-default-executor-0] INFO  impl.RaftServerImpl (RaftServerImpl.java:setRole(184)) - 2ec85f63-33fb-4317-9145-71357d145af9@group-B2671EB745D2: changes role from  FOLLOWER to FOLLOWER at term 409 for recognizeCandidate:25d6372c-77fd-4a39-ac2a-e48debad48df
2019-10-15 16:12:23,658 [grpc-default-executor-0] INFO  impl.RoleInfo (RoleInfo.java:shutdownFollowerState(121)) - 2ec85f63-33fb-4317-9145-71357d145af9: shutdown FollowerState
2019-10-15 16:12:23,658 [Thread-2722] INFO  impl.FollowerState (FollowerState.java:run(117)) - 50423279-f647-4a18-8e85-347d68eaf856@group-B2671EB745D2-FollowerState was interrupted: java.lang.InterruptedException: sleep interrupted
2019-10-15 16:12:23,658 [Thread-2721] INFO  impl.FollowerState (FollowerState.java:run(117)) - 2ec85f63-33fb-4317-9145-71357d145af9@group-B2671EB745D2-FollowerState was interrupted: java.lang.InterruptedException: sleep interrupted
2019-10-15 16:12:23,658 [grpc-default-executor-5] INFO  impl.RoleInfo (RoleInfo.java:updateAndGet(143)) - 50423279-f647-4a18-8e85-347d68eaf856: start FollowerState
2019-10-15 16:12:23,658 [grpc-default-executor-0] INFO  impl.RoleInfo (RoleInfo.java:updateAndGet(143)) - 2ec85f63-33fb-4317-9145-71357d145af9: start FollowerState
2019-10-15 16:12:23,661 [25d6372c-77fd-4a39-ac2a-e48debad48df@group-B2671EB745D2-LeaderElection379] INFO  impl.LeaderElection (LeaderElection.java:logAndReturn(56)) - 25d6372c-77fd-4a39-ac2a-e48debad48df@group-B2671EB745D2-LeaderElection379: Election TIMEOUT; received 0 response(s) [] and 0 exception(s); 25d6372c-77fd-4a39-ac2a-e48debad48df@group-B2671EB745D2:t409, leader=null, voted=25d6372c-77fd-4a39-ac2a-e48debad48df, raftlog=25d6372c-77fd-4a39-ac2a-e48debad48df@group-B2671EB745D2-SegmentedRaftLog:OPENED:c-1,f-1,i0, conf=-1: [50423279-f647-4a18-8e85-347d68eaf856:192.168.69.88:39583, 2ec85f63-33fb-4317-9145-71357d145af9:192.168.69.88:42357, 25d6372c-77fd-4a39-ac2a-e48debad48df:192.168.69.88:39591], old=null
2019-10-15 16:12:23,672 [25d6372c-77fd-4a39-ac2a-e48debad48df@group-B2671EB745D2-LeaderElection379] INFO  impl.LeaderElection (LeaderElection.java:askForVotes(178)) - 25d6372c-77fd-4a39-ac2a-e48debad48df@group-B2671EB745D2-LeaderElection379: begin an election at term 410 for -1: [50423279-f647-4a18-8e85-347d68eaf856:192.168.69.88:39583, 2ec85f63-33fb-4317-9145-71357d145af9:192.168.69.88:42357, 25d6372c-77fd-4a39-ac2a-e48debad48df:192.168.69.88:39591], old=null
2019-10-15 16:12:23,673 [grpc-default-executor-0] INFO  impl.RaftServerImpl (RaftServerImpl.java:setRole(184)) - 50423279-f647-4a18-8e85-347d68eaf856@group-B2671EB745D2: changes role from  FOLLOWER to FOLLOWER at term 410 for recognizeCandidate:25d6372c-77fd-4a39-ac2a-e48debad48df
2019-10-15 16:12:23,673 [grpc-default-executor-5] INFO  impl.RaftServerImpl (RaftServerImpl.java:setRole(184)) - 2ec85f63-33fb-4317-9145-71357d145af9@group-B2671EB745D2: changes role from  FOLLOWER to FOLLOWER at term 410 for recognizeCandidate:25d6372c-77fd-4a39-ac2a-e48debad48df
2019-10-15 16:12:23,673 [grpc-default-executor-5] INFO  impl.RoleInfo (RoleInfo.java:shutdownFollowerState(121)) - 2ec85f63-33fb-4317-9145-71357d145af9: shutdown FollowerState
2019-10-15 16:12:23,673 [grpc-default-executor-0] INFO  impl.RoleInfo (RoleInfo.java:shutdownFollowerState(121)) - 50423279-f647-4a18-8e85-347d68eaf856: shutdown FollowerState
2019-10-15 16:12:23,673 [Thread-2728] INFO  impl.FollowerState (FollowerState.java:run(117)) - 2ec85f63-33fb-4317-9145-71357d145af9@group-B2671EB745D2-FollowerState was interrupted: java.lang.InterruptedException: sleep interrupted
2019-10-15 16:12:23,673 [grpc-default-executor-5] INFO  impl.RoleInfo (RoleInfo.java:updateAndGet(143)) - 2ec85f63-33fb-4317-9145-71357d145af9: start FollowerState
2019-10-15 16:12:23,673 [Thread-2727] INFO  impl.FollowerState (FollowerState.java:run(117)) - 50423279-f647-4a18-8e85-347d68eaf856@group-B2671EB745D2-FollowerState was interrupted: java.lang.InterruptedException: sleep interrupted
2019-10-15 16:12:23,673 [grpc-default-executor-0] INFO  impl.RoleInfo (RoleInfo.java:updateAndGet(143)) - 50423279-f647-4a18-8e85-347d68eaf856: start FollowerState
2019-10-15 16:12:23,685 [25d6372c-77fd-4a39-ac2a-e48debad48df@group-B2671EB745D2-LeaderElection379] INFO  impl.LeaderElection (LeaderElection.java:logAndReturn(56)) - 25d6372c-77fd-4a39-ac2a-e48debad48df@group-B2671EB745D2-LeaderElection379: Election TIMEOUT; received 0 response(s) [] and 0 exception(s); 25d6372c-77fd-4a39-ac2a-e48debad48df@group-B2671EB745D2:t410, leader=null, voted=25d6372c-77fd-4a39-ac2a-e48debad48df, raftlog=25d6372c-77fd-4a39-ac2a-e48debad48df@group-B2671EB745D2-SegmentedRaftLog:OPENED:c-1,f-1,i0, conf=-1: [50423279-f647-4a18-8e85-347d68eaf856:192.168.69.88:39583, 2ec85f63-33fb-4317-9145-71357d145af9:192.168.69.88:42357, 25d6372c-77fd-4a39-ac2a-e48debad48df:192.168.69.88:39591], old=null
2019-10-15 16:12:23,688 [25d6372c-77fd-4a39-ac2a-e48debad48df@group-B2671EB745D2-LeaderElection379] INFO  impl.LeaderElection (LeaderElection.java:askForVotes(178)) - 25d6372c-77fd-4a39-ac2a-e48debad48df@group-B2671EB745D2-LeaderElection379: begin an election at term 411 for -1: [50423279-f647-4a18-8e85-347d68eaf856:192.168.69.88:39583, 2ec85f63-33fb-4317-9145-71357d145af9:192.168.69.88:42357, 25d6372c-77fd-4a39-ac2a-e48debad48df:192.168.69.88:39591], old=null
2019-10-15 16:12:23,690 [grpc-default-executor-0] INFO  impl.RaftServerImpl (RaftServerImpl.java:setRole(184)) - 2ec85f63-33fb-4317-9145-71357d145af9@group-B2671EB745D2: changes role from  FOLLOWER to FOLLOWER at term 411 for recognizeCandidate:25d6372c-77fd-4a39-ac2a-e48debad48df
2019-10-15 16:12:23,690 [grpc-default-executor-0] INFO  impl.RoleInfo (RoleInfo.java:shutdownFollowerState(121)) - 2ec85f63-33fb-4317-9145-71357d145af9: shutdown FollowerState
2019-10-15 16:12:23,690 [grpc-default-executor-5] INFO  impl.RaftServerImpl (RaftServerImpl.java:setRole(184)) - 50423279-f647-4a18-8e85-347d68eaf856@group-B2671EB745D2: changes role from  FOLLOWER to FOLLOWER at term 411 for recognizeCandidate:25d6372c-77fd-4a39-ac2a-e48debad48df
2019-10-15 16:12:23,690 [Thread-2731] INFO  impl.FollowerState (FollowerState.java:run(117)) - 2ec85f63-33fb-4317-9145-71357d145af9@group-B2671EB745D2-FollowerState was interrupted: java.lang.InterruptedException: sleep interrupted
2019-10-15 16:12:23,690 [grpc-default-executor-0] INFO  impl.RoleInfo (RoleInfo.java:updateAndGet(143)) - 2ec85f63-33fb-4317-9145-71357d145af9: start FollowerState
2019-10-15 16:12:23,690 [grpc-default-executor-5] INFO  impl.RoleInfo (RoleInfo.java:shutdownFollowerState(121)) - 50423279-f647-4a18-8e85-347d68eaf856: shutdown FollowerState
2019-10-15 16:12:23,691 [grpc-default-executor-5] INFO  impl.RoleInfo (RoleInfo.java:updateAndGet(143)) - 50423279-f647-4a18-8e85-347d68eaf856: start FollowerState
2019-10-15 16:12:23,691 [Thread-2732] INFO  impl.FollowerState (FollowerState.java:run(117)) - 50423279-f647-4a18-8e85-347d68eaf856@group-B2671EB745D2-FollowerState was interrupted: java.lang.InterruptedException: sleep interrupted
2019-10-15 16:12:23,704 [25d6372c-77fd-4a39-ac2a-e48debad48df@group-B2671EB745D2-LeaderElection379] INFO  impl.LeaderElection (LeaderElection.java:logAndReturn(56)) - 25d6372c-77fd-4a39-ac2a-e48debad48df@group-B2671EB745D2-LeaderElection379: Election REJECTED; received 2 response(s) [25d6372c-77fd-4a39-ac2a-e48debad48df<-2ec85f63-33fb-4317-9145-71357d145af9#0:FAIL-t411, 25d6372c-77fd-4a39-ac2a-e48debad48df<-50423279-f647-4a18-8e85-347d68eaf856#0:FAIL-t411] and 0 exception(s); 25d6372c-77fd-4a39-ac2a-e48debad48df@group-B2671EB745D2:t411, leader=null, voted=25d6372c-77fd-4a39-ac2a-e48debad48df, raftlog=25d6372c-77fd-4a39-ac2a-e48debad48df@group-B2671EB745D2-SegmentedRaftLog:OPENED:c-1,f-1,i0, conf=-1: [50423279-f647-4a18-8e85-347d68eaf856:192.168.69.88:39583, 2ec85f63-33fb-4317-9145-71357d145af9:192.168.69.88:42357, 25d6372c-77fd-4a39-ac2a-e48debad48df:192.168.69.88:39591], old=null
2019-10-15 16:12:23,705 [25d6372c-77fd-4a39-ac2a-e48debad48df@group-B2671EB745D2-LeaderElection379] INFO  impl.RaftServerImpl (RaftServerImpl.java:setRole(184)) - 25d6372c-77fd-4a39-ac2a-e48debad48df@group-B2671EB745D2: changes role from CANDIDATE to FOLLOWER at term 411 for DISCOVERED_A_NEW_TERM
2019-10-15 16:12:23,705 [25d6372c-77fd-4a39-ac2a-e48debad48df@group-B2671EB745D2-LeaderElection379] INFO  impl.RoleInfo (RoleInfo.java:shutdownLeaderElection(134)) - 25d6372c-77fd-4a39-ac2a-e48debad48df: shutdown LeaderElection
2019-10-15 16:12:23,705 [25d6372c-77fd-4a39-ac2a-e48debad48df@group-B2671EB745D2-LeaderElection379] INFO  impl.RoleInfo (RoleInfo.java:updateAndGet(143)) - 25d6372c-77fd-4a39-ac2a-e48debad48df: start FollowerState
2019-10-15 16:12:23,715 [Thread-2737] INFO  impl.FollowerState (FollowerState.java:run(108)) - 25d6372c-77fd-4a39-ac2a-e48debad48df@group-B2671EB745D2-FollowerState: change to CANDIDATE, lastRpcTime:10ms, electionTimeout:10ms
2019-10-15 16:12:23,715 [Thread-2737] INFO  impl.RoleInfo (RoleInfo.java:shutdownFollowerState(121)) - 25d6372c-77fd-4a39-ac2a-e48debad48df: shutdown FollowerState
2019-10-15 16:12:23,715 [Thread-2737] INFO  impl.RaftServerImpl (RaftServerImpl.java:setRole(184)) - 25d6372c-77fd-4a39-ac2a-e48debad48df@group-B2671EB745D2: changes role from  FOLLOWER to CANDIDATE at term 411 for changeToCandidate
2019-10-15 16:12:23,715 [Thread-2737] INFO  impl.RoleInfo (RoleInfo.java:updateAndGet(143)) - 25d6372c-77fd-4a39-ac2a-e48debad48df: start LeaderElection
2019-10-15 16:12:23,728 [25d6372c-77fd-4a39-ac2a-e48debad48df@group-B2671EB745D2-LeaderElection380] INFO  impl.LeaderElection (LeaderElection.java:askForVotes(178)) - 25d6372c-77fd-4a39-ac2a-e48debad48df@group-B2671EB745D2-LeaderElection380: begin an election at term 412 for -1: [50423279-f647-4a18-8e85-347d68eaf856:192.168.69.88:39583, 2ec85f63-33fb-4317-9145-71357d145af9:192.168.69.88:42357, 25d6372c-77fd-4a39-ac2a-e48debad48df:192.168.69.88:39591], old=null
2019-10-15 16:12:23,730 [grpc-default-executor-0] INFO  impl.RaftServerImpl (RaftServerImpl.java:setRole(184)) - 50423279-f647-4a18-8e85-347d68eaf856@group-B2671EB745D2: changes role from  FOLLOWER to FOLLOWER at term 412 for recognizeCandidate:25d6372c-77fd-4a39-ac2a-e48debad48df
2019-10-15 16:12:23,730 [grpc-default-executor-5] INFO  impl.RaftServerImpl (RaftServerImpl.java:setRole(184)) - 2ec85f63-33fb-4317-9145-71357d145af9@group-B2671EB745D2: changes role from  FOLLOWER to FOLLOWER at term 412 for recognizeCandidate:25d6372c-77fd-4a39-ac2a-e48debad48df
2019-10-15 16:12:23,730 [grpc-default-executor-0] INFO  impl.RoleInfo (RoleInfo.java:shutdownFollowerState(121)) - 50423279-f647-4a18-8e85-347d68eaf856: shutdown FollowerState
2019-10-15 16:12:23,730 [grpc-default-executor-5] INFO  impl.RoleInfo (RoleInfo.java:shutdownFollowerState(121)) - 2ec85f63-33fb-4317-9145-71357d145af9: shutdown FollowerState
2019-10-15 16:12:23,730 [grpc-default-executor-0] INFO  impl.RoleInfo (RoleInfo.java:updateAndGet(143)) - 50423279-f647-4a18-8e85-347d68eaf856: start FollowerState
2019-10-15 16:12:23,730 [Thread-2735] INFO  impl.FollowerState (FollowerState.java:run(117)) - 2ec85f63-33fb-4317-9145-71357d145af9@group-B2671EB745D2-FollowerState was interrupted: java.lang.InterruptedException: sleep interrupted
2019-10-15 16:12:23,730 [grpc-default-executor-5] INFO  impl.RoleInfo (RoleInfo.java:updateAndGet(143)) - 2ec85f63-33fb-4317-9145-71357d145af9: start FollowerState
2019-10-15 16:12:23,730 [Thread-2736] INFO  impl.FollowerState (FollowerState.java:run(117)) - 50423279-f647-4a18-8e85-347d68eaf856@group-B2671EB745D2-FollowerState was interrupted: java.lang.InterruptedException: sleep interrupted
2019-10-15 16:12:23,744 [25d6372c-77fd-4a39-ac2a-e48debad48df@group-B2671EB745D2-LeaderElection380] INFO  impl.LeaderElection (LeaderElection.java:logAndReturn(56)) - 25d6372c-77fd-4a39-ac2a-e48debad48df@group-B2671EB745D2-LeaderElection380: Election REJECTED; received 2 response(s) [25d6372c-77fd-4a39-ac2a-e48debad48df<-50423279-f647-4a18-8e85-347d68eaf856#0:FAIL-t412, 25d6372c-77fd-4a39-ac2a-e48debad48df<-2ec85f63-33fb-4317-9145-71357d145af9#0:FAIL-t412] and 0 exception(s); 25d6372c-77fd-4a39-ac2a-e48debad48df@group-B2671EB745D2:t412, leader=null, voted=25d6372c-77fd-4a39-ac2a-e48debad48df, raftlog=25d6372c-77fd-4a39-ac2a-e48debad48df@group-B2671EB745D2-SegmentedRaftLog:OPENED:c-1,f-1,i0, conf=-1: [50423279-f647-4a18-8e85-347d68eaf856:192.168.69.88:39583, 2ec85f63-33fb-4317-9145-71357d145af9:192.168.69.88:42357, 25d6372c-77fd-4a39-ac2a-e48debad48df:192.168.69.88:39591], old=null
2019-10-15 16:12:23,744 [25d6372c-77fd-4a39-ac2a-e48debad48df@group-B2671EB745D2-LeaderElection380] INFO  impl.RaftServerImpl (RaftServerImpl.java:setRole(184)) - 25d6372c-77fd-4a39-ac2a-e48debad48df@group-B2671EB745D2: changes role from CANDIDATE to FOLLOWER at term 412 for DISCOVERED_A_NEW_TERM
2019-10-15 16:12:23,744 [25d6372c-77fd-4a39-ac2a-e48debad48df@group-B2671EB745D2-LeaderElection380] INFO  impl.RoleInfo (RoleInfo.java:shutdownLeaderElection(134)) - 25d6372c-77fd-4a39-ac2a-e48debad48df: shutdown LeaderElection
2019-10-15 16:12:23,744 [25d6372c-77fd-4a39-ac2a-e48debad48df@group-B2671EB745D2-LeaderElection380] INFO  impl.RoleInfo (RoleInfo.java:updateAndGet(143)) - 25d6372c-77fd-4a39-ac2a-e48debad48df: start FollowerState
2019-10-15 16:12:23,826 [Thread-2743] INFO  impl.FollowerState (FollowerState.java:run(108)) - 25d6372c-77fd-4a39-ac2a-e48debad48df@group-B2671EB745D2-FollowerState: change to CANDIDATE, lastRpcTime:81ms, electionTimeout:81ms
2019-10-15 16:12:23,826 [Thread-2743] INFO  impl.RoleInfo (RoleInfo.java:shutdownFollowerState(121)) - 25d6372c-77fd-4a39-ac2a-e48debad48df: shutdown FollowerState
2019-10-15 16:12:23,826 [Thread-2743] INFO  impl.RaftServerImpl (RaftServerImpl.java:setRole(184)) - 25d6372c-77fd-4a39-ac2a-e48debad48df@group-B2671EB745D2: changes role from  FOLLOWER to CANDIDATE at term 412 for changeToCandidate
2019-10-15 16:12:23,826 [Thread-2743] INFO  impl.RoleInfo (RoleInfo.java:updateAndGet(143)) - 25d6372c-77fd-4a39-ac2a-e48debad48df: start LeaderElection
2019-10-15 16:12:23,839 [25d6372c-77fd-4a39-ac2a-e48debad48df@group-B2671EB745D2-LeaderElection381] INFO  impl.LeaderElection (LeaderElection.java:askForVotes(178)) - 25d6372c-77fd-4a39-ac2a-e48debad48df@group-B2671EB745D2-LeaderElection381: begin an election at term 413 for -1: [50423279-f647-4a18-8e85-347d68eaf856:192.168.69.88:39583, 2ec85f63-33fb-4317-9145-71357d145af9:192.168.69.88:42357, 25d6372c-77fd-4a39-ac2a-e48debad48df:192.168.69.88:39591], old=null
2019-10-15 16:12:23,841 [grpc-default-executor-0] INFO  impl.RaftServerImpl (RaftServerImpl.java:setRole(184)) - 50423279-f647-4a18-8e85-347d68eaf856@group-B2671EB745D2: changes role from  FOLLOWER to FOLLOWER at term 413 for recognizeCandidate:25d6372c-77fd-4a39-ac2a-e48debad48df
2019-10-15 16:12:23,841 [grpc-default-executor-0] INFO  impl.RoleInfo (RoleInfo.java:shutdownFollowerState(121)) - 50423279-f647-4a18-8e85-347d68eaf856: shutdown FollowerState
2019-10-15 16:12:23,841 [grpc-default-executor-5] INFO  impl.RaftServerImpl (RaftServerImpl.java:setRole(184)) - 2ec85f63-33fb-4317-9145-71357d145af9@group-B2671EB745D2: changes role from  FOLLOWER to FOLLOWER at term 413 for recognizeCandidate:25d6372c-77fd-4a39-ac2a-e48debad48df
2019-10-15 16:12:23,841 [Thread-2741] INFO  impl.FollowerState (FollowerState.java:run(117)) - 50423279-f647-4a18-8e85-347d68eaf856@group-B2671EB745D2-FollowerState was interrupted: java.lang.InterruptedException: sleep interrupted
2019-10-15 16:12:23,841 [grpc-default-executor-0] INFO  impl.RoleInfo (RoleInfo.java:updateAndGet(143)) - 50423279-f647-4a18-8e85-347d68eaf856: start FollowerState
2019-10-15 16:12:23,841 [grpc-default-executor-5] INFO  impl.RoleInfo (RoleInfo.java:shutdownFollowerState(121)) - 2ec85f63-33fb-4317-9145-71357d145af9: shutdown FollowerState
2019-10-15 16:12:23,842 [grpc-default-executor-5] INFO  impl.RoleInfo (RoleInfo.java:updateAndGet(143)) - 2ec85f63-33fb-4317-9145-71357d145af9: start FollowerState
2019-10-15 16:12:23,842 [Thread-2742] INFO  impl.FollowerState (FollowerState.java:run(117)) - 2ec85f63-33fb-4317-9145-71357d145af9@group-B2671EB745D2-FollowerState was interrupted: java.lang.InterruptedException: sleep interrupted
2019-10-15 16:12:23,854 [25d6372c-77fd-4a39-ac2a-e48debad48df@group-B2671EB745D2-LeaderElection381] INFO  impl.LeaderElection (LeaderElection.java:logAndReturn(56)) - 25d6372c-77fd-4a39-ac2a-e48debad48df@group-B2671EB745D2-LeaderElection381: Election REJECTED; received 2 response(s) [25d6372c-77fd-4a39-ac2a-e48debad48df<-2ec85f63-33fb-4317-9145-71357d145af9#0:FAIL-t413, 25d6372c-77fd-4a39-ac2a-e48debad48df<-50423279-f647-4a18-8e85-347d68eaf856#0:FAIL-t413] and 0 exception(s); 25d6372c-77fd-4a39-ac2a-e48debad48df@group-B2671EB745D2:t413, leader=null, voted=25d6372c-77fd-4a39-ac2a-e48debad48df, raftlog=25d6372c-77fd-4a39-ac2a-e48debad48df@group-B2671EB745D2-SegmentedRaftLog:OPENED:c-1,f-1,i0, conf=-1: [50423279-f647-4a18-8e85-347d68eaf856:192.168.69.88:39583, 2ec85f63-33fb-4317-9145-71357d145af9:192.168.69.88:42357, 25d6372c-77fd-4a39-ac2a-e48debad48df:192.168.69.88:39591], old=null
2019-10-15 16:12:23,854 [25d6372c-77fd-4a39-ac2a-e48debad48df@group-B2671EB745D2-LeaderElection381] INFO  impl.RaftServerImpl (RaftServerImpl.java:setRole(184)) - 25d6372c-77fd-4a39-ac2a-e48debad48df@group-B2671EB745D2: changes role from CANDIDATE to FOLLOWER at term 413 for DISCOVERED_A_NEW_TERM
2019-10-15 16:12:23,854 [25d6372c-77fd-4a39-ac2a-e48debad48df@group-B2671EB745D2-LeaderElection381] INFO  impl.RoleInfo (RoleInfo.java:shutdownLeaderElection(134)) - 25d6372c-77fd-4a39-ac2a-e48debad48df: shutdown LeaderElection
2019-10-15 16:12:23,855 [25d6372c-77fd-4a39-ac2a-e48debad48df@group-B2671EB745D2-LeaderElection381] INFO  impl.RoleInfo (RoleInfo.java:updateAndGet(143)) - 25d6372c-77fd-4a39-ac2a-e48debad48df: start FollowerState
2019-10-15 16:12:23,896 [Thread-2751] INFO  impl.FollowerState (FollowerState.java:run(108)) - 25d6372c-77fd-4a39-ac2a-e48debad48df@group-B2671EB745D2-FollowerState: change to CANDIDATE, lastRpcTime:41ms, electionTimeout:41ms
2019-10-15 16:12:23,896 [Thread-2751] INFO  impl.RoleInfo (RoleInfo.java:shutdownFollowerState(121)) - 25d6372c-77fd-4a39-ac2a-e48debad48df: shutdown FollowerState
2019-10-15 16:12:23,896 [Thread-2751] INFO  impl.RaftServerImpl (RaftServerImpl.java:setRole(184)) - 25d6372c-77fd-4a39-ac2a-e48debad48df@group-B2671EB745D2: changes role from  FOLLOWER to CANDIDATE at term 413 for changeToCandidate
2019-10-15 16:12:23,896 [Thread-2751] INFO  impl.RoleInfo (RoleInfo.java:updateAndGet(143)) - 25d6372c-77fd-4a39-ac2a-e48debad48df: start LeaderElection
2019-10-15 16:12:23,906 [25d6372c-77fd-4a39-ac2a-e48debad48df@group-B2671EB745D2-LeaderElection382] INFO  impl.LeaderElection (LeaderElection.java:askForVotes(178)) - 25d6372c-77fd-4a39-ac2a-e48debad48df@group-B2671EB745D2-LeaderElection382: begin an election at term 414 for -1: [50423279-f647-4a18-8e85-347d68eaf856:192.168.69.88:39583, 2ec85f63-33fb-4317-9145-71357d145af9:192.168.69.88:42357, 25d6372c-77fd-4a39-ac2a-e48debad48df:192.168.69.88:39591], old=null
2019-10-15 16:12:23,907 [grpc-default-executor-0] INFO  impl.RaftServerImpl (RaftServerImpl.java:setRole(184)) - 2ec85f63-33fb-4317-9145-71357d145af9@group-B2671EB745D2: changes role from  FOLLOWER to FOLLOWER at term 414 for recognizeCandidate:25d6372c-77fd-4a39-ac2a-e48debad48df
2019-10-15 16:12:23,908 [grpc-default-executor-5] INFO  impl.RaftServerImpl (RaftServerImpl.java:setRole(184)) - 50423279-f647-4a18-8e85-347d68eaf856@group-B2671EB745D2: changes role from  FOLLOWER to FOLLOWER at term 414 for recognizeCandidate:25d6372c-77fd-4a39-ac2a-e48debad48df
2019-10-15 16:12:23,908 [grpc-default-executor-5] INFO  impl.RoleInfo (RoleInfo.java:shutdownFollowerState(121)) - 50423279-f647-4a18-8e85-347d68eaf856: shutdown FollowerState
2019-10-15 16:12:23,908 [grpc-default-executor-0] INFO  impl.RoleInfo (RoleInfo.java:shutdownFollowerState(121)) - 2ec85f63-33fb-4317-9145-71357d145af9: shutdown FollowerState
2019-10-15 16:12:23,908 [Thread-2749] INFO  impl.FollowerState (FollowerState.java:run(117)) - 50423279-f647-4a18-8e85-347d68eaf856@group-B2671EB745D2-FollowerState was interrupted: java.lang.InterruptedException: sleep interrupted
2019-10-15 16:12:23,908 [grpc-default-executor-0] INFO  impl.RoleInfo (RoleInfo.java:updateAndGet(143)) - 2ec85f63-33fb-4317-9145-71357d145af9: start FollowerState
2019-10-15 16:12:23,908 [grpc-default-executor-5] INFO  impl.RoleInfo (RoleInfo.java:updateAndGet(143)) - 50423279-f647-4a18-8e85-347d68eaf856: start FollowerState
2019-10-15 16:12:23,908 [Thread-2750] INFO  impl.FollowerState (FollowerState.java:run(117)) - 2ec85f63-33fb-4317-9145-71357d145af9@group-B2671EB745D2-FollowerState was interrupted: java.lang.InterruptedException: sleep interrupted
2019-10-15 16:12:23,922 [25d6372c-77fd-4a39-ac2a-e48debad48df@group-B2671EB745D2-LeaderElection382] INFO  impl.LeaderElection (LeaderElection.java:logAndReturn(56)) - 25d6372c-77fd-4a39-ac2a-e48debad48df@group-B2671EB745D2-LeaderElection382: Election REJECTED; received 2 response(s) [25d6372c-77fd-4a39-ac2a-e48debad48df<-50423279-f647-4a18-8e85-347d68eaf856#0:FAIL-t414, 25d6372c-77fd-4a39-ac2a-e48debad48df<-2ec85f63-33fb-4317-9145-71357d145af9#0:FAIL-t414] and 0 exception(s); 25d6372c-77fd-4a39-ac2a-e48debad48df@group-B2671EB745D2:t414, leader=null, voted=25d6372c-77fd-4a39-ac2a-e48debad48df, raftlog=25d6372c-77fd-4a39-ac2a-e48debad48df@group-B2671EB745D2-SegmentedRaftLog:OPENED:c-1,f-1,i0, conf=-1: [50423279-f647-4a18-8e85-347d68eaf856:192.168.69.88:39583, 2ec85f63-33fb-4317-9145-71357d145af9:192.168.69.88:42357, 25d6372c-77fd-4a39-ac2a-e48debad48df:192.168.69.88:39591], old=null
2019-10-15 16:12:23,922 [25d6372c-77fd-4a39-ac2a-e48debad48df@group-B2671EB745D2-LeaderElection382] INFO  impl.RaftServerImpl (RaftServerImpl.java:setRole(184)) - 25d6372c-77fd-4a39-ac2a-e48debad48df@group-B2671EB745D2: changes role from CANDIDATE to FOLLOWER at term 414 for DISCOVERED_A_NEW_TERM
2019-10-15 16:12:23,922 [25d6372c-77fd-4a39-ac2a-e48debad48df@group-B2671EB745D2-LeaderElection382] INFO  impl.RoleInfo (RoleInfo.java:shutdownLeaderElection(134)) - 25d6372c-77fd-4a39-ac2a-e48debad48df: shutdown LeaderElection
2019-10-15 16:12:23,923 [25d6372c-77fd-4a39-ac2a-e48debad48df@group-B2671EB745D2-LeaderElection382] INFO  impl.RoleInfo (RoleInfo.java:updateAndGet(143)) - 25d6372c-77fd-4a39-ac2a-e48debad48df: start FollowerState
2019-10-15 16:12:24,078 [Thread-2757] INFO  impl.FollowerState (FollowerState.java:run(108)) - 25d6372c-77fd-4a39-ac2a-e48debad48df@group-B2671EB745D2-FollowerState: change to CANDIDATE, lastRpcTime:155ms, electionTimeout:155ms
2019-10-15 16:12:24,078 [Thread-2757] INFO  impl.RoleInfo (RoleInfo.java:shutdownFollowerState(121)) - 25d6372c-77fd-4a39-ac2a-e48debad48df: shutdown FollowerState
2019-10-15 16:12:24,078 [Thread-2757] INFO  impl.RaftServerImpl (RaftServerImpl.java:setRole(184)) - 25d6372c-77fd-4a39-ac2a-e48debad48df@group-B2671EB745D2: changes role from  FOLLOWER to CANDIDATE at term 414 for changeToCandidate
2019-10-15 16:12:24,079 [Thread-2757] INFO  impl.RoleInfo (RoleInfo.java:updateAndGet(143)) - 25d6372c-77fd-4a39-ac2a-e48debad48df: start LeaderElection
2019-10-15 16:12:24,089 [25d6372c-77fd-4a39-ac2a-e48debad48df@group-B2671EB745D2-LeaderElection383] INFO  impl.LeaderElection (LeaderElection.java:askForVotes(178)) - 25d6372c-77fd-4a39-ac2a-e48debad48df@group-B2671EB745D2-LeaderElection383: begin an election at term 415 for -1: [50423279-f647-4a18-8e85-347d68eaf856:192.168.69.88:39583, 2ec85f63-33fb-4317-9145-71357d145af9:192.168.69.88:42357, 25d6372c-77fd-4a39-ac2a-e48debad48df:192.168.69.88:39591], old=null
2019-10-15 16:12:24,091 [grpc-default-executor-5] INFO  impl.RaftServerImpl (RaftServerImpl.java:setRole(184)) - 2ec85f63-33fb-4317-9145-71357d145af9@group-B2671EB745D2: changes role from  FOLLOWER to FOLLOWER at term 415 for recognizeCandidate:25d6372c-77fd-4a39-ac2a-e48debad48df
2019-10-15 16:12:24,091 [grpc-default-executor-0] INFO  impl.RaftServerImpl (RaftServerImpl.java:setRole(184)) - 50423279-f647-4a18-8e85-347d68eaf856@group-B2671EB745D2: changes role from  FOLLOWER to FOLLOWER at term 415 for recognizeCandidate:25d6372c-77fd-4a39-ac2a-e48debad48df
2019-10-15 16:12:24,091 [grpc-default-executor-0] INFO  impl.RoleInfo (RoleInfo.java:shutdownFollowerState(121)) - 50423279-f647-4a18-8e85-347d68eaf856: shutdown FollowerState
2019-10-15 16:12:24,091 [grpc-default-executor-5] INFO  impl.RoleInfo (RoleInfo.java:shutdownFollowerState(121)) - 2ec85f63-33fb-4317-9145-71357d145af9: shutdown FollowerState
2019-10-15 16:12:24,091 [Thread-2755] INFO  impl.FollowerState (FollowerState.java:run(117)) - 50423279-f647-4a18-8e85-347d68eaf856@group-B2671EB745D2-FollowerState was interrupted: java.lang.InterruptedException: sleep interrupted
2019-10-15 16:12:24,091 [grpc-default-executor-0] INFO  impl.RoleInfo (RoleInfo.java:updateAndGet(143)) - 50423279-f647-4a18-8e85-347d68eaf856: start FollowerState
2019-10-15 16:12:24,091 [Thread-2756] INFO  impl.FollowerState (FollowerState.java:run(117)) - 2ec85f63-33fb-4317-9145-71357d145af9@group-B2671EB745D2-FollowerState was interrupted: java.lang.InterruptedException: sleep interrupted
2019-10-15 16:12:24,091 [grpc-default-executor-5] INFO  impl.RoleInfo (RoleInfo.java:updateAndGet(143)) - 2ec85f63-33fb-4317-9145-71357d145af9: start FollowerState
2019-10-15 16:12:24,095 [25d6372c-77fd-4a39-ac2a-e48debad48df@group-B2671EB745D2-LeaderElection383] INFO  impl.LeaderElection (LeaderElection.java:logAndReturn(56)) - 25d6372c-77fd-4a39-ac2a-e48debad48df@group-B2671EB745D2-LeaderElection383: Election TIMEOUT; received 0 response(s) [] and 0 exception(s); 25d6372c-77fd-4a39-ac2a-e48debad48df@group-B2671EB745D2:t415, leader=null, voted=25d6372c-77fd-4a39-ac2a-e48debad48df, raftlog=25d6372c-77fd-4a39-ac2a-e48debad48df@group-B2671EB745D2-SegmentedRaftLog:OPENED:c-1,f-1,i0, conf=-1: [50423279-f647-4a18-8e85-347d68eaf856:192.168.69.88:39583, 2ec85f63-33fb-4317-9145-71357d145af9:192.168.69.88:42357, 25d6372c-77fd-4a39-ac2a-e48debad48df:192.168.69.88:39591], old=null
2019-10-15 16:12:24,103 [25d6372c-77fd-4a39-ac2a-e48debad48df@group-B2671EB745D2-LeaderElection383] INFO  impl.LeaderElection (LeaderElection.java:askForVotes(178)) - 25d6372c-77fd-4a39-ac2a-e48debad48df@group-B2671EB745D2-LeaderElection383: begin an election at term 416 for -1: [50423279-f647-4a18-8e85-347d68eaf856:192.168.69.88:39583, 2ec85f63-33fb-4317-9145-71357d145af9:192.168.69.88:42357, 25d6372c-77fd-4a39-ac2a-e48debad48df:192.168.69.88:39591], old=null
2019-10-15 16:12:24,104 [grpc-default-executor-5] INFO  impl.RaftServerImpl (RaftServerImpl.java:setRole(184)) - 50423279-f647-4a18-8e85-347d68eaf856@group-B2671EB745D2: changes role from  FOLLOWER to FOLLOWER at term 416 for recognizeCandidate:25d6372c-77fd-4a39-ac2a-e48debad48df
2019-10-15 16:12:24,105 [grpc-default-executor-5] INFO  impl.RoleInfo (RoleInfo.java:shutdownFollowerState(121)) - 50423279-f647-4a18-8e85-347d68eaf856: shutdown FollowerState
2019-10-15 16:12:24,105 [grpc-default-executor-5] INFO  impl.RoleInfo (RoleInfo.java:updateAndGet(143)) - 50423279-f647-4a18-8e85-347d68eaf856: start FollowerState
2019-10-15 16:12:24,105 [grpc-default-executor-0] INFO  impl.RaftServerImpl (RaftServerImpl.java:setRole(184)) - 2ec85f63-33fb-4317-9145-71357d145af9@group-B2671EB745D2: changes role from  FOLLOWER to FOLLOWER at term 416 for recognizeCandidate:25d6372c-77fd-4a39-ac2a-e48debad48df
2019-10-15 16:12:24,105 [Thread-2761] INFO  impl.FollowerState (FollowerState.java:run(117)) - 50423279-f647-4a18-8e85-347d68eaf856@group-B2671EB745D2-FollowerState was interrupted: java.lang.InterruptedException: sleep interrupted
2019-10-15 16:12:24,105 [grpc-default-executor-0] INFO  impl.RoleInfo (RoleInfo.java:shutdownFollowerState(121)) - 2ec85f63-33fb-4317-9145-71357d145af9: shutdown FollowerState
2019-10-15 16:12:24,105 [grpc-default-executor-0] INFO  impl.RoleInfo (RoleInfo.java:updateAndGet(143)) - 2ec85f63-33fb-4317-9145-71357d145af9: start FollowerState
2019-10-15 16:12:24,105 [Thread-2762] INFO  impl.FollowerState (FollowerState.java:run(117)) - 2ec85f63-33fb-4317-9145-71357d145af9@group-B2671EB745D2-FollowerState was interrupted: java.lang.InterruptedException: sleep interrupted
2019-10-15 16:12:24,177 [25d6372c-77fd-4a39-ac2a-e48debad48df@group-B2671EB745D2-LeaderElection383] INFO  impl.LeaderElection (LeaderElection.java:logAndReturn(56)) - 25d6372c-77fd-4a39-ac2a-e48debad48df@group-B2671EB745D2-LeaderElection383: Election REJECTED; received 2 response(s) [25d6372c-77fd-4a39-ac2a-e48debad48df<-2ec85f63-33fb-4317-9145-71357d145af9#0:FAIL-t416, 25d6372c-77fd-4a39-ac2a-e48debad48df<-50423279-f647-4a18-8e85-347d68eaf856#0:FAIL-t416] and 0 exception(s); 25d6372c-77fd-4a39-ac2a-e48debad48df@group-B2671EB745D2:t416, leader=null, voted=25d6372c-77fd-4a39-ac2a-e48debad48df, raftlog=25d6372c-77fd-4a39-ac2a-e48debad48df@group-B2671EB745D2-SegmentedRaftLog:OPENED:c-1,f-1,i0, conf=-1: [50423279-f647-4a18-8e85-347d68eaf856:192.168.69.88:39583, 2ec85f63-33fb-4317-9145-71357d145af9:192.168.69.88:42357, 25d6372c-77fd-4a39-ac2a-e48debad48df:192.168.69.88:39591], old=null
2019-10-15 16:12:24,177 [25d6372c-77fd-4a39-ac2a-e48debad48df@group-B2671EB745D2-LeaderElection383] INFO  impl.RaftServerImpl (RaftServerImpl.java:setRole(184)) - 25d6372c-77fd-4a39-ac2a-e48debad48df@group-B2671EB745D2: changes role from CANDIDATE to FOLLOWER at term 416 for DISCOVERED_A_NEW_TERM
2019-10-15 16:12:24,177 [25d6372c-77fd-4a39-ac2a-e48debad48df@group-B2671EB745D2-LeaderElection383] INFO  impl.RoleInfo (RoleInfo.java:shutdownLeaderElection(134)) - 25d6372c-77fd-4a39-ac2a-e48debad48df: shutdown LeaderElection
2019-10-15 16:12:24,177 [25d6372c-77fd-4a39-ac2a-e48debad48df@group-B2671EB745D2-LeaderElection383] INFO  impl.RoleInfo (RoleInfo.java:updateAndGet(143)) - 25d6372c-77fd-4a39-ac2a-e48debad48df: start FollowerState
2019-10-15 16:12:24,356 [Thread-2767] INFO  impl.FollowerState (FollowerState.java:run(108)) - 25d6372c-77fd-4a39-ac2a-e48debad48df@group-B2671EB745D2-FollowerState: change to CANDIDATE, lastRpcTime:178ms, electionTimeout:178ms
2019-10-15 16:12:24,356 [Thread-2767] INFO  impl.RoleInfo (RoleInfo.java:shutdownFollowerState(121)) - 25d6372c-77fd-4a39-ac2a-e48debad48df: shutdown FollowerState
2019-10-15 16:12:24,356 [Thread-2767] INFO  impl.RaftServerImpl (RaftServerImpl.java:setRole(184)) - 25d6372c-77fd-4a39-ac2a-e48debad48df@group-B2671EB745D2: changes role from  FOLLOWER to CANDIDATE at term 416 for changeToCandidate
2019-10-15 16:12:24,356 [Thread-2767] INFO  impl.RoleInfo (RoleInfo.java:updateAndGet(143)) - 25d6372c-77fd-4a39-ac2a-e48debad48df: start LeaderElection
2019-10-15 16:12:24,411 [25d6372c-77fd-4a39-ac2a-e48debad48df@group-B2671EB745D2-LeaderElection384] INFO  impl.LeaderElection (LeaderElection.java:askForVotes(178)) - 25d6372c-77fd-4a39-ac2a-e48debad48df@group-B2671EB745D2-LeaderElection384: begin an election at term 417 for -1: [50423279-f647-4a18-8e85-347d68eaf856:192.168.69.88:39583, 2ec85f63-33fb-4317-9145-71357d145af9:192.168.69.88:42357, 25d6372c-77fd-4a39-ac2a-e48debad48df:192.168.69.88:39591], old=null
2019-10-15 16:12:24,413 [grpc-default-executor-5] INFO  impl.RaftServerImpl (RaftServerImpl.java:setRole(184)) - 50423279-f647-4a18-8e85-347d68eaf856@group-B2671EB745D2: changes role from  FOLLOWER to FOLLOWER at term 417 for recognizeCandidate:25d6372c-77fd-4a39-ac2a-e48debad48df
2019-10-15 16:12:24,413 [grpc-default-executor-0] INFO  impl.RaftServerImpl (RaftServerImpl.java:setRole(184)) - 2ec85f63-33fb-4317-9145-71357d145af9@group-B2671EB745D2: changes role from  FOLLOWER to FOLLOWER at term 417 for recognizeCandidate:25d6372c-77fd-4a39-ac2a-e48debad48df
2019-10-15 16:12:24,413 [grpc-default-executor-5] INFO  impl.RoleInfo (RoleInfo.java:shutdownFollowerState(121)) - 50423279-f647-4a18-8e85-347d68eaf856: shutdown FollowerState
2019-10-15 16:12:24,413 [grpc-default-executor-0] INFO  impl.RoleInfo (RoleInfo.java:shutdownFollowerState(121)) - 2ec85f63-33fb-4317-9145-71357d145af9: shutdown FollowerState
2019-10-15 16:12:24,414 [Thread-2765] INFO  impl.FollowerState (FollowerState.java:run(117)) - 50423279-f647-4a18-8e85-347d68eaf856@group-B2671EB745D2-FollowerState was interrupted: java.lang.InterruptedException: sleep interrupted
2019-10-15 16:12:24,414 [Thread-2766] INFO  impl.FollowerState (FollowerState.java:run(117)) - 2ec85f63-33fb-4317-9145-71357d145af9@group-B2671EB745D2-FollowerState was interrupted: java.lang.InterruptedException: sleep interrupted
2019-10-15 16:12:24,414 [grpc-default-executor-0] INFO  impl.RoleInfo (RoleInfo.java:updateAndGet(143)) - 2ec85f63-33fb-4317-9145-71357d145af9: start FollowerState
2019-10-15 16:12:24,414 [grpc-default-executor-5] INFO  impl.RoleInfo (RoleInfo.java:updateAndGet(143)) - 50423279-f647-4a18-8e85-347d68eaf856: start FollowerState
2019-10-15 16:12:24,423 [25d6372c-77fd-4a39-ac2a-e48debad48df@group-B2671EB745D2-LeaderElection384] INFO  impl.LeaderElection (LeaderElection.java:logAndReturn(56)) - 25d6372c-77fd-4a39-ac2a-e48debad48df@group-B2671EB745D2-LeaderElection384: Election REJECTED; received 2 response(s) [25d6372c-77fd-4a39-ac2a-e48debad48df<-2ec85f63-33fb-4317-9145-71357d145af9#0:FAIL-t417, 25d6372c-77fd-4a39-ac2a-e48debad48df<-50423279-f647-4a18-8e85-347d68eaf856#0:FAIL-t417] and 0 exception(s); 25d6372c-77fd-4a39-ac2a-e48debad48df@group-B2671EB745D2:t417, leader=null, voted=25d6372c-77fd-4a39-ac2a-e48debad48df, raftlog=25d6372c-77fd-4a39-ac2a-e48debad48df@group-B2671EB745D2-SegmentedRaftLog:OPENED:c-1,f-1,i0, conf=-1: [50423279-f647-4a18-8e85-347d68eaf856:192.168.69.88:39583, 2ec85f63-33fb-4317-9145-71357d145af9:192.168.69.88:42357, 25d6372c-77fd-4a39-ac2a-e48debad48df:192.168.69.88:39591], old=null
2019-10-15 16:12:24,423 [25d6372c-77fd-4a39-ac2a-e48debad48df@group-B2671EB745D2-LeaderElection384] INFO  impl.RaftServerImpl (RaftServerImpl.java:setRole(184)) - 25d6372c-77fd-4a39-ac2a-e48debad48df@group-B2671EB745D2: changes role from CANDIDATE to FOLLOWER at term 417 for DISCOVERED_A_NEW_TERM
2019-10-15 16:12:24,423 [25d6372c-77fd-4a39-ac2a-e48debad48df@group-B2671EB745D2-LeaderElection384] INFO  impl.RoleInfo (RoleInfo.java:shutdownLeaderElection(134)) - 25d6372c-77fd-4a39-ac2a-e48debad48df: shutdown LeaderElection
2019-10-15 16:12:24,424 [25d6372c-77fd-4a39-ac2a-e48debad48df@group-B2671EB745D2-LeaderElection384] INFO  impl.RoleInfo (RoleInfo.java:updateAndGet(143)) - 25d6372c-77fd-4a39-ac2a-e48debad48df: start FollowerState
2019-10-15 16:12:24,539 [Thread-2773] INFO  impl.FollowerState (FollowerState.java:run(108)) - 25d6372c-77fd-4a39-ac2a-e48debad48df@group-B2671EB745D2-FollowerState: change to CANDIDATE, lastRpcTime:115ms, electionTimeout:115ms
2019-10-15 16:12:24,539 [Thread-2773] INFO  impl.RoleInfo (RoleInfo.java:shutdownFollowerState(121)) - 25d6372c-77fd-4a39-ac2a-e48debad48df: shutdown FollowerState
2019-10-15 16:12:24,539 [Thread-2773] INFO  impl.RaftServerImpl (RaftServerImpl.java:setRole(184)) - 25d6372c-77fd-4a39-ac2a-e48debad48df@group-B2671EB745D2: changes role from  FOLLOWER to CANDIDATE at term 417 for changeToCandidate
2019-10-15 16:12:24,539 [Thread-2773] INFO  impl.RoleInfo (RoleInfo.java:updateAndGet(143)) - 25d6372c-77fd-4a39-ac2a-e48debad48df: start LeaderElection
2019-10-15 16:12:24,563 [25d6372c-77fd-4a39-ac2a-e48debad48df@group-B2671EB745D2-LeaderElection385] INFO  impl.LeaderElection (LeaderElection.java:askForVotes(178)) - 25d6372c-77fd-4a39-ac2a-e48debad48df@group-B2671EB745D2-LeaderElection385: begin an election at term 418 for -1: [50423279-f647-4a18-8e85-347d68eaf856:192.168.69.88:39583, 2ec85f63-33fb-4317-9145-71357d145af9:192.168.69.88:42357, 25d6372c-77fd-4a39-ac2a-e48debad48df:192.168.69.88:39591], old=null
2019-10-15 16:12:24,566 [grpc-default-executor-0] INFO  impl.RaftServerImpl (RaftServerImpl.java:setRole(184)) - 50423279-f647-4a18-8e85-347d68eaf856@group-B2671EB745D2: changes role from  FOLLOWER to FOLLOWER at term 418 for recognizeCandidate:25d6372c-77fd-4a39-ac2a-e48debad48df
2019-10-15 16:12:24,566 [grpc-default-executor-0] INFO  impl.RoleInfo (RoleInfo.java:shutdownFollowerState(121)) - 50423279-f647-4a18-8e85-347d68eaf856: shutdown FollowerState
2019-10-15 16:12:24,566 [grpc-default-executor-0] INFO  impl.RoleInfo (RoleInfo.java:updateAndGet(143)) - 50423279-f647-4a18-8e85-347d68eaf856: start FollowerState
2019-10-15 16:12:24,566 [Thread-2771] INFO  impl.FollowerState (FollowerState.java:run(117)) - 50423279-f647-4a18-8e85-347d68eaf856@group-B2671EB745D2-FollowerState was interrupted: java.lang.InterruptedException: sleep interrupted
2019-10-15 16:12:24,566 [grpc-default-executor-5] INFO  impl.RaftServerImpl (RaftServerImpl.java:setRole(184)) - 2ec85f63-33fb-4317-9145-71357d145af9@group-B2671EB745D2: changes role from  FOLLOWER to FOLLOWER at term 418 for recognizeCandidate:25d6372c-77fd-4a39-ac2a-e48debad48df
2019-10-15 16:12:24,566 [grpc-default-executor-5] INFO  impl.RoleInfo (RoleInfo.java:shutdownFollowerState(121)) - 2ec85f63-33fb-4317-9145-71357d145af9: shutdown FollowerState
2019-10-15 16:12:24,566 [grpc-default-executor-5] INFO  impl.RoleInfo (RoleInfo.java:updateAndGet(143)) - 2ec85f63-33fb-4317-9145-71357d145af9: start FollowerState
2019-10-15 16:12:24,566 [Thread-2772] INFO  impl.FollowerState (FollowerState.java:run(117)) - 2ec85f63-33fb-4317-9145-71357d145af9@group-B2671EB745D2-FollowerState was interrupted: java.lang.InterruptedException: sleep interrupted
2019-10-15 16:12:24,582 [25d6372c-77fd-4a39-ac2a-e48debad48df@group-B2671EB745D2-LeaderElection385] INFO  impl.LeaderElection (LeaderElection.java:logAndReturn(56)) - 25d6372c-77fd-4a39-ac2a-e48debad48df@group-B2671EB745D2-LeaderElection385: Election REJECTED; received 2 response(s) [25d6372c-77fd-4a39-ac2a-e48debad48df<-2ec85f63-33fb-4317-9145-71357d145af9#0:FAIL-t418, 25d6372c-77fd-4a39-ac2a-e48debad48df<-50423279-f647-4a18-8e85-347d68eaf856#0:FAIL-t418] and 0 exception(s); 25d6372c-77fd-4a39-ac2a-e48debad48df@group-B2671EB745D2:t418, leader=null, voted=25d6372c-77fd-4a39-ac2a-e48debad48df, raftlog=25d6372c-77fd-4a39-ac2a-e48debad48df@group-B2671EB745D2-SegmentedRaftLog:OPENED:c-1,f-1,i0, conf=-1: [50423279-f647-4a18-8e85-347d68eaf856:192.168.69.88:39583, 2ec85f63-33fb-4317-9145-71357d145af9:192.168.69.88:42357, 25d6372c-77fd-4a39-ac2a-e48debad48df:192.168.69.88:39591], old=null
2019-10-15 16:12:24,582 [25d6372c-77fd-4a39-ac2a-e48debad48df@group-B2671EB745D2-LeaderElection385] INFO  impl.RaftServerImpl (RaftServerImpl.java:setRole(184)) - 25d6372c-77fd-4a39-ac2a-e48debad48df@group-B2671EB745D2: changes role from CANDIDATE to FOLLOWER at term 418 for DISCOVERED_A_NEW_TERM
2019-10-15 16:12:24,583 [25d6372c-77fd-4a39-ac2a-e48debad48df@group-B2671EB745D2-LeaderElection385] INFO  impl.RoleInfo (RoleInfo.java:shutdownLeaderElection(134)) - 25d6372c-77fd-4a39-ac2a-e48debad48df: shutdown LeaderElection
2019-10-15 16:12:24,583 [25d6372c-77fd-4a39-ac2a-e48debad48df@group-B2671EB745D2-LeaderElection385] INFO  impl.RoleInfo (RoleInfo.java:updateAndGet(143)) - 25d6372c-77fd-4a39-ac2a-e48debad48df: start FollowerState
2019-10-15 16:12:24,754 [Thread-2779] INFO  impl.FollowerState (FollowerState.java:run(108)) - 25d6372c-77fd-4a39-ac2a-e48debad48df@group-B2671EB745D2-FollowerState: change to CANDIDATE, lastRpcTime:171ms, electionTimeout:171ms
2019-10-15 16:12:24,754 [Thread-2779] INFO  impl.RoleInfo (RoleInfo.java:shutdownFollowerState(121)) - 25d6372c-77fd-4a39-ac2a-e48debad48df: shutdown FollowerState
2019-10-15 16:12:24,754 [Thread-2779] INFO  impl.RaftServerImpl (RaftServerImpl.java:setRole(184)) - 25d6372c-77fd-4a39-ac2a-e48debad48df@group-B2671EB745D2: changes role from  FOLLOWER to CANDIDATE at term 418 for changeToCandidate
2019-10-15 16:12:24,754 [Thread-2779] INFO  impl.RoleInfo (RoleInfo.java:updateAndGet(143)) - 25d6372c-77fd-4a39-ac2a-e48debad48df: start LeaderElection
2019-10-15 16:12:24,768 [25d6372c-77fd-4a39-ac2a-e48debad48df@group-B2671EB745D2-LeaderElection386] INFO  impl.LeaderElection (LeaderElection.java:askForVotes(178)) - 25d6372c-77fd-4a39-ac2a-e48debad48df@group-B2671EB745D2-LeaderElection386: begin an election at term 419 for -1: [50423279-f647-4a18-8e85-347d68eaf856:192.168.69.88:39583, 2ec85f63-33fb-4317-9145-71357d145af9:192.168.69.88:42357, 25d6372c-77fd-4a39-ac2a-e48debad48df:192.168.69.88:39591], old=null
2019-10-15 16:12:24,770 [grpc-default-executor-0] INFO  impl.RaftServerImpl (RaftServerImpl.java:setRole(184)) - 50423279-f647-4a18-8e85-347d68eaf856@group-B2671EB745D2: changes role from  FOLLOWER to FOLLOWER at term 419 for recognizeCandidate:25d6372c-77fd-4a39-ac2a-e48debad48df
2019-10-15 16:12:24,770 [grpc-default-executor-5] INFO  impl.RaftServerImpl (RaftServerImpl.java:setRole(184)) - 2ec85f63-33fb-4317-9145-71357d145af9@group-B2671EB745D2: changes role from  FOLLOWER to FOLLOWER at term 419 for recognizeCandidate:25d6372c-77fd-4a39-ac2a-e48debad48df
2019-10-15 16:12:24,770 [grpc-default-executor-5] INFO  impl.RoleInfo (RoleInfo.java:shutdownFollowerState(121)) - 2ec85f63-33fb-4317-9145-71357d145af9: shutdown FollowerState
2019-10-15 16:12:24,770 [grpc-default-executor-0] INFO  impl.RoleInfo (RoleInfo.java:shutdownFollowerState(121)) - 50423279-f647-4a18-8e85-347d68eaf856: shutdown FollowerState
2019-10-15 16:12:24,770 [Thread-2778] INFO  impl.FollowerState (FollowerState.java:run(117)) - 2ec85f63-33fb-4317-9145-71357d145af9@group-B2671EB745D2-FollowerState was interrupted: java.lang.InterruptedException: sleep interrupted
2019-10-15 16:12:24,770 [grpc-default-executor-5] INFO  impl.RoleInfo (RoleInfo.java:updateAndGet(143)) - 2ec85f63-33fb-4317-9145-71357d145af9: start FollowerState
2019-10-15 16:12:24,770 [grpc-default-executor-0] INFO  impl.RoleInfo (RoleInfo.java:updateAndGet(143)) - 50423279-f647-4a18-8e85-347d68eaf856: start FollowerState
2019-10-15 16:12:24,770 [Thread-2777] INFO  impl.FollowerState (FollowerState.java:run(117)) - 50423279-f647-4a18-8e85-347d68eaf856@group-B2671EB745D2-FollowerState was interrupted: java.lang.InterruptedException: sleep interrupted
2019-10-15 16:12:24,785 [25d6372c-77fd-4a39-ac2a-e48debad48df@group-B2671EB745D2-LeaderElection386] INFO  impl.LeaderElection (LeaderElection.java:logAndReturn(56)) - 25d6372c-77fd-4a39-ac2a-e48debad48df@group-B2671EB745D2-LeaderElection386: Election REJECTED; received 2 response(s) [25d6372c-77fd-4a39-ac2a-e48debad48df<-50423279-f647-4a18-8e85-347d68eaf856#0:FAIL-t419, 25d6372c-77fd-4a39-ac2a-e48debad48df<-2ec85f63-33fb-4317-9145-71357d145af9#0:FAIL-t419] and 0 exception(s); 25d6372c-77fd-4a39-ac2a-e48debad48df@group-B2671EB745D2:t419, leader=null, voted=25d6372c-77fd-4a39-ac2a-e48debad48df, raftlog=25d6372c-77fd-4a39-ac2a-e48debad48df@group-B2671EB745D2-SegmentedRaftLog:OPENED:c-1,f-1,i0, conf=-1: [50423279-f647-4a18-8e85-347d68eaf856:192.168.69.88:39583, 2ec85f63-33fb-4317-9145-71357d145af9:192.168.69.88:42357, 25d6372c-77fd-4a39-ac2a-e48debad48df:192.168.69.88:39591], old=null
2019-10-15 16:12:24,785 [25d6372c-77fd-4a39-ac2a-e48debad48df@group-B2671EB745D2-LeaderElection386] INFO  impl.RaftServerImpl (RaftServerImpl.java:setRole(184)) - 25d6372c-77fd-4a39-ac2a-e48debad48df@group-B2671EB745D2: changes role from CANDIDATE to FOLLOWER at term 419 for DISCOVERED_A_NEW_TERM
2019-10-15 16:12:24,785 [25d6372c-77fd-4a39-ac2a-e48debad48df@group-B2671EB745D2-LeaderElection386] INFO  impl.RoleInfo (RoleInfo.java:shutdownLeaderElection(134)) - 25d6372c-77fd-4a39-ac2a-e48debad48df: shutdown LeaderElection
2019-10-15 16:12:24,785 [25d6372c-77fd-4a39-ac2a-e48debad48df@group-B2671EB745D2-LeaderElection386] INFO  impl.RoleInfo (RoleInfo.java:updateAndGet(143)) - 25d6372c-77fd-4a39-ac2a-e48debad48df: start FollowerState
2019-10-15 16:12:24,953 [Thread-2785] INFO  impl.FollowerState (FollowerState.java:run(108)) - 25d6372c-77fd-4a39-ac2a-e48debad48df@group-B2671EB745D2-FollowerState: change to CANDIDATE, lastRpcTime:168ms, electionTimeout:168ms
2019-10-15 16:12:24,954 [Thread-2785] INFO  impl.RoleInfo (RoleInfo.java:shutdownFollowerState(121)) - 25d6372c-77fd-4a39-ac2a-e48debad48df: shutdown FollowerState
2019-10-15 16:12:24,954 [Thread-2785] INFO  impl.RaftServerImpl (RaftServerImpl.java:setRole(184)) - 25d6372c-77fd-4a39-ac2a-e48debad48df@group-B2671EB745D2: changes role from  FOLLOWER to CANDIDATE at term 419 for changeToCandidate
2019-10-15 16:12:24,954 [Thread-2785] INFO  impl.RoleInfo (RoleInfo.java:updateAndGet(143)) - 25d6372c-77fd-4a39-ac2a-e48debad48df: start LeaderElection
2019-10-15 16:12:24,968 [25d6372c-77fd-4a39-ac2a-e48debad48df@group-B2671EB745D2-LeaderElection387] INFO  impl.LeaderElection (LeaderElection.java:askForVotes(178)) - 25d6372c-77fd-4a39-ac2a-e48debad48df@group-B2671EB745D2-LeaderElection387: begin an election at term 420 for -1: [50423279-f647-4a18-8e85-347d68eaf856:192.168.69.88:39583, 2ec85f63-33fb-4317-9145-71357d145af9:192.168.69.88:42357, 25d6372c-77fd-4a39-ac2a-e48debad48df:192.168.69.88:39591], old=null
2019-10-15 16:12:24,970 [grpc-default-executor-5] INFO  impl.RaftServerImpl (RaftServerImpl.java:setRole(184)) - 50423279-f647-4a18-8e85-347d68eaf856@group-B2671EB745D2: changes role from  FOLLOWER to FOLLOWER at term 420 for recognizeCandidate:25d6372c-77fd-4a39-ac2a-e48debad48df
2019-10-15 16:12:24,970 [grpc-default-executor-5] INFO  impl.RoleInfo (RoleInfo.java:shutdownFollowerState(121)) - 50423279-f647-4a18-8e85-347d68eaf856: shutdown FollowerState
2019-10-15 16:12:24,971 [grpc-default-executor-0] INFO  impl.RaftServerImpl (RaftServerImpl.java:setRole(184)) - 2ec85f63-33fb-4317-9145-71357d145af9@group-B2671EB745D2: changes role from  FOLLOWER to FOLLOWER at term 420 for recognizeCandidate:25d6372c-77fd-4a39-ac2a-e48debad48df
2019-10-15 16:12:24,971 [grpc-default-executor-0] INFO  impl.RoleInfo (RoleInfo.java:shutdownFollowerState(121)) - 2ec85f63-33fb-4317-9145-71357d145af9: shutdown FollowerState
2019-10-15 16:12:24,971 [Thread-2784] INFO  impl.FollowerState (FollowerState.java:run(117)) - 50423279-f647-4a18-8e85-347d68eaf856@group-B2671EB745D2-FollowerState was interrupted: java.lang.InterruptedException: sleep interrupted
2019-10-15 16:12:24,971 [grpc-default-executor-5] INFO  impl.RoleInfo (RoleInfo.java:updateAndGet(143)) - 50423279-f647-4a18-8e85-347d68eaf856: start FollowerState
2019-10-15 16:12:24,971 [Thread-2783] INFO  impl.FollowerState (FollowerState.java:run(117)) - 2ec85f63-33fb-4317-9145-71357d145af9@group-B2671EB745D2-FollowerState was interrupted: java.lang.InterruptedException: sleep interrupted
2019-10-15 16:12:24,971 [grpc-default-executor-0] INFO  impl.RoleInfo (RoleInfo.java:updateAndGet(143)) - 2ec85f63-33fb-4317-9145-71357d145af9: start FollowerState
2019-10-15 16:12:24,982 [25d6372c-77fd-4a39-ac2a-e48debad48df@group-B2671EB745D2-LeaderElection387] INFO  impl.LeaderElection (LeaderElection.java:logAndReturn(56)) - 25d6372c-77fd-4a39-ac2a-e48debad48df@group-B2671EB745D2-LeaderElection387: Election REJECTED; received 2 response(s) [25d6372c-77fd-4a39-ac2a-e48debad48df<-50423279-f647-4a18-8e85-347d68eaf856#0:FAIL-t420, 25d6372c-77fd-4a39-ac2a-e48debad48df<-2ec85f63-33fb-4317-9145-71357d145af9#0:FAIL-t420] and 0 exception(s); 25d6372c-77fd-4a39-ac2a-e48debad48df@group-B2671EB745D2:t420, leader=null, voted=25d6372c-77fd-4a39-ac2a-e48debad48df, raftlog=25d6372c-77fd-4a39-ac2a-e48debad48df@group-B2671EB745D2-SegmentedRaftLog:OPENED:c-1,f-1,i0, conf=-1: [50423279-f647-4a18-8e85-347d68eaf856:192.168.69.88:39583, 2ec85f63-33fb-4317-9145-71357d145af9:192.168.69.88:42357, 25d6372c-77fd-4a39-ac2a-e48debad48df:192.168.69.88:39591], old=null
2019-10-15 16:12:24,982 [25d6372c-77fd-4a39-ac2a-e48debad48df@group-B2671EB745D2-LeaderElection387] INFO  impl.RaftServerImpl (RaftServerImpl.java:setRole(184)) - 25d6372c-77fd-4a39-ac2a-e48debad48df@group-B2671EB745D2: changes role from CANDIDATE to FOLLOWER at term 420 for DISCOVERED_A_NEW_TERM
2019-10-15 16:12:24,983 [25d6372c-77fd-4a39-ac2a-e48debad48df@group-B2671EB745D2-LeaderElection387] INFO  impl.RoleInfo (RoleInfo.java:shutdownLeaderElection(134)) - 25d6372c-77fd-4a39-ac2a-e48debad48df: shutdown LeaderElection
2019-10-15 16:12:24,983 [25d6372c-77fd-4a39-ac2a-e48debad48df@group-B2671EB745D2-LeaderElection387] INFO  impl.RoleInfo (RoleInfo.java:updateAndGet(143)) - 25d6372c-77fd-4a39-ac2a-e48debad48df: start FollowerState
2019-10-15 16:12:25,039 [Thread-2793] INFO  impl.FollowerState (FollowerState.java:run(108)) - 25d6372c-77fd-4a39-ac2a-e48debad48df@group-B2671EB745D2-FollowerState: change to CANDIDATE, lastRpcTime:56ms, electionTimeout:56ms
2019-10-15 16:12:25,039 [Thread-2793] INFO  impl.RoleInfo (RoleInfo.java:shutdownFollowerState(121)) - 25d6372c-77fd-4a39-ac2a-e48debad48df: shutdown FollowerState
2019-10-15 16:12:25,039 [Thread-2793] INFO  impl.RaftServerImpl (RaftServerImpl.java:setRole(184)) - 25d6372c-77fd-4a39-ac2a-e48debad48df@group-B2671EB745D2: changes role from  FOLLOWER to CANDIDATE at term 420 for changeToCandidate
2019-10-15 16:12:25,039 [Thread-2793] INFO  impl.RoleInfo (RoleInfo.java:updateAndGet(143)) - 25d6372c-77fd-4a39-ac2a-e48debad48df: start LeaderElection
2019-10-15 16:12:25,053 [25d6372c-77fd-4a39-ac2a-e48debad48df@group-B2671EB745D2-LeaderElection388] INFO  impl.LeaderElection (LeaderElection.java:askForVotes(178)) - 25d6372c-77fd-4a39-ac2a-e48debad48df@group-B2671EB745D2-LeaderElection388: begin an election at term 421 for -1: [50423279-f647-4a18-8e85-347d68eaf856:192.168.69.88:39583, 2ec85f63-33fb-4317-9145-71357d145af9:192.168.69.88:42357, 25d6372c-77fd-4a39-ac2a-e48debad48df:192.168.69.88:39591], old=null
2019-10-15 16:12:25,055 [grpc-default-executor-0] INFO  impl.RaftServerImpl (RaftServerImpl.java:setRole(184)) - 50423279-f647-4a18-8e85-347d68eaf856@group-B2671EB745D2: changes role from  FOLLOWER to FOLLOWER at term 421 for recognizeCandidate:25d6372c-77fd-4a39-ac2a-e48debad48df
2019-10-15 16:12:25,055 [grpc-default-executor-0] INFO  impl.RoleInfo (RoleInfo.java:shutdownFollowerState(121)) - 50423279-f647-4a18-8e85-347d68eaf856: shutdown FollowerState
2019-10-15 16:12:25,056 [grpc-default-executor-0] INFO  impl.RoleInfo (RoleInfo.java:updateAndGet(143)) - 50423279-f647-4a18-8e85-347d68eaf856: start FollowerState
2019-10-15 16:12:25,056 [grpc-default-executor-5] INFO  impl.RaftServerImpl (RaftServerImpl.java:setRole(184)) - 2ec85f63-33fb-4317-9145-71357d145af9@group-B2671EB745D2: changes role from  FOLLOWER to FOLLOWER at term 421 for recognizeCandidate:25d6372c-77fd-4a39-ac2a-e48debad48df
2019-10-15 16:12:25,056 [Thread-2791] INFO  impl.FollowerState (FollowerState.java:run(117)) - 50423279-f647-4a18-8e85-347d68eaf856@group-B2671EB745D2-FollowerState was interrupted: java.lang.InterruptedException: sleep interrupted
2019-10-15 16:12:25,056 [grpc-default-executor-5] INFO  impl.RoleInfo (RoleInfo.java:shutdownFollowerState(121)) - 2ec85f63-33fb-4317-9145-71357d145af9: shutdown FollowerState
2019-10-15 16:12:25,056 [grpc-default-executor-5] INFO  impl.RoleInfo (RoleInfo.java:updateAndGet(143)) - 2ec85f63-33fb-4317-9145-71357d145af9: start FollowerState
2019-10-15 16:12:25,056 [Thread-2792] INFO  impl.FollowerState (FollowerState.java:run(117)) - 2ec85f63-33fb-4317-9145-71357d145af9@group-B2671EB745D2-FollowerState was interrupted: java.lang.InterruptedException: sleep interrupted
2019-10-15 16:12:25,070 [25d6372c-77fd-4a39-ac2a-e48debad48df@group-B2671EB745D2-LeaderElection388] INFO  impl.LeaderElection (LeaderElection.java:logAndReturn(56)) - 25d6372c-77fd-4a39-ac2a-e48debad48df@group-B2671EB745D2-LeaderElection388: Election REJECTED; received 2 response(s) [25d6372c-77fd-4a39-ac2a-e48debad48df<-50423279-f647-4a18-8e85-347d68eaf856#0:FAIL-t421, 25d6372c-77fd-4a39-ac2a-e48debad48df<-2ec85f63-33fb-4317-9145-71357d145af9#0:FAIL-t421] and 0 exception(s); 25d6372c-77fd-4a39-ac2a-e48debad48df@group-B2671EB745D2:t421, leader=null, voted=25d6372c-77fd-4a39-ac2a-e48debad48df, raftlog=25d6372c-77fd-4a39-ac2a-e48debad48df@group-B2671EB745D2-SegmentedRaftLog:OPENED:c-1,f-1,i0, conf=-1: [50423279-f647-4a18-8e85-347d68eaf856:192.168.69.88:39583, 2ec85f63-33fb-4317-9145-71357d145af9:192.168.69.88:42357, 25d6372c-77fd-4a39-ac2a-e48debad48df:192.168.69.88:39591], old=null
2019-10-15 16:12:25,070 [25d6372c-77fd-4a39-ac2a-e48debad48df@group-B2671EB745D2-LeaderElection388] INFO  impl.RaftServerImpl (RaftServerImpl.java:setRole(184)) - 25d6372c-77fd-4a39-ac2a-e48debad48df@group-B2671EB745D2: changes role from CANDIDATE to FOLLOWER at term 421 for DISCOVERED_A_NEW_TERM
2019-10-15 16:12:25,070 [25d6372c-77fd-4a39-ac2a-e48debad48df@group-B2671EB745D2-LeaderElection388] INFO  impl.RoleInfo (RoleInfo.java:shutdownLeaderElection(134)) - 25d6372c-77fd-4a39-ac2a-e48debad48df: shutdown LeaderElection
2019-10-15 16:12:25,070 [25d6372c-77fd-4a39-ac2a-e48debad48df@group-B2671EB745D2-LeaderElection388] INFO  impl.RoleInfo (RoleInfo.java:updateAndGet(143)) - 25d6372c-77fd-4a39-ac2a-e48debad48df: start FollowerState
2019-10-15 16:12:25,134 [Thread-2799] INFO  impl.FollowerState (FollowerState.java:run(108)) - 25d6372c-77fd-4a39-ac2a-e48debad48df@group-B2671EB745D2-FollowerState: change to CANDIDATE, lastRpcTime:63ms, electionTimeout:63ms
2019-10-15 16:12:25,134 [Thread-2799] INFO  impl.RoleInfo (RoleInfo.java:shutdownFollowerState(121)) - 25d6372c-77fd-4a39-ac2a-e48debad48df: shutdown FollowerState
2019-10-15 16:12:25,134 [Thread-2799] INFO  impl.RaftServerImpl (RaftServerImpl.java:setRole(184)) - 25d6372c-77fd-4a39-ac2a-e48debad48df@group-B2671EB745D2: changes role from  FOLLOWER to CANDIDATE at term 421 for changeToCandidate
2019-10-15 16:12:25,134 [Thread-2799] INFO  impl.RoleInfo (RoleInfo.java:updateAndGet(143)) - 25d6372c-77fd-4a39-ac2a-e48debad48df: start LeaderElection
2019-10-15 16:12:25,148 [25d6372c-77fd-4a39-ac2a-e48debad48df@group-B2671EB745D2-LeaderElection389] INFO  impl.LeaderElection (LeaderElection.java:askForVotes(178)) - 25d6372c-77fd-4a39-ac2a-e48debad48df@group-B2671EB745D2-LeaderElection389: begin an election at term 422 for -1: [50423279-f647-4a18-8e85-347d68eaf856:192.168.69.88:39583, 2ec85f63-33fb-4317-9145-71357d145af9:192.168.69.88:42357, 25d6372c-77fd-4a39-ac2a-e48debad48df:192.168.69.88:39591], old=null
2019-10-15 16:12:25,150 [grpc-default-executor-0] INFO  impl.RaftServerImpl (RaftServerImpl.java:setRole(184)) - 50423279-f647-4a18-8e85-347d68eaf856@group-B2671EB745D2: changes role from  FOLLOWER to FOLLOWER at term 422 for recognizeCandidate:25d6372c-77fd-4a39-ac2a-e48debad48df
2019-10-15 16:12:25,150 [grpc-default-executor-0] INFO  impl.RoleInfo (RoleInfo.java:shutdownFollowerState(121)) - 50423279-f647-4a18-8e85-347d68eaf856: shutdown FollowerState
2019-10-15 16:12:25,150 [grpc-default-executor-5] INFO  impl.RaftServerImpl (RaftServerImpl.java:setRole(184)) - 2ec85f63-33fb-4317-9145-71357d145af9@group-B2671EB745D2: changes role from  FOLLOWER to FOLLOWER at term 422 for recognizeCandidate:25d6372c-77fd-4a39-ac2a-e48debad48df
2019-10-15 16:12:25,150 [grpc-default-executor-0] INFO  impl.RoleInfo (RoleInfo.java:updateAndGet(143)) - 50423279-f647-4a18-8e85-347d68eaf856: start FollowerState
2019-10-15 16:12:25,150 [Thread-2797] INFO  impl.FollowerState (FollowerState.java:run(117)) - 50423279-f647-4a18-8e85-347d68eaf856@group-B2671EB745D2-FollowerState was interrupted: java.lang.InterruptedException: sleep interrupted
2019-10-15 16:12:25,150 [grpc-default-executor-5] INFO  impl.RoleInfo (RoleInfo.java:shutdownFollowerState(121)) - 2ec85f63-33fb-4317-9145-71357d145af9: shutdown FollowerState
2019-10-15 16:12:25,151 [grpc-default-executor-5] INFO  impl.RoleInfo (RoleInfo.java:updateAndGet(143)) - 2ec85f63-33fb-4317-9145-71357d145af9: start FollowerState
2019-10-15 16:12:25,151 [Thread-2798] INFO  impl.FollowerState (FollowerState.java:run(117)) - 2ec85f63-33fb-4317-9145-71357d145af9@group-B2671EB745D2-FollowerState was interrupted: java.lang.InterruptedException: sleep interrupted
2019-10-15 16:12:25,164 [25d6372c-77fd-4a39-ac2a-e48debad48df@group-B2671EB745D2-LeaderElection389] INFO  impl.LeaderElection (LeaderElection.java:logAndReturn(56)) - 25d6372c-77fd-4a39-ac2a-e48debad48df@group-B2671EB745D2-LeaderElection389: Election REJECTED; received 2 response(s) [25d6372c-77fd-4a39-ac2a-e48debad48df<-50423279-f647-4a18-8e85-347d68eaf856#0:FAIL-t422, 25d6372c-77fd-4a39-ac2a-e48debad48df<-2ec85f63-33fb-4317-9145-71357d145af9#0:FAIL-t422] and 0 exception(s); 25d6372c-77fd-4a39-ac2a-e48debad48df@group-B2671EB745D2:t422, leader=null, voted=25d6372c-77fd-4a39-ac2a-e48debad48df, raftlog=25d6372c-77fd-4a39-ac2a-e48debad48df@group-B2671EB745D2-SegmentedRaftLog:OPENED:c-1,f-1,i0, conf=-1: [50423279-f647-4a18-8e85-347d68eaf856:192.168.69.88:39583, 2ec85f63-33fb-4317-9145-71357d145af9:192.168.69.88:42357, 25d6372c-77fd-4a39-ac2a-e48debad48df:192.168.69.88:39591], old=null
2019-10-15 16:12:25,165 [25d6372c-77fd-4a39-ac2a-e48debad48df@group-B2671EB745D2-LeaderElection389] INFO  impl.RaftServerImpl (RaftServerImpl.java:setRole(184)) - 25d6372c-77fd-4a39-ac2a-e48debad48df@group-B2671EB745D2: changes role from CANDIDATE to FOLLOWER at term 422 for DISCOVERED_A_NEW_TERM
2019-10-15 16:12:25,165 [25d6372c-77fd-4a39-ac2a-e48debad48df@group-B2671EB745D2-LeaderElection389] INFO  impl.RoleInfo (RoleInfo.java:shutdownLeaderElection(134)) - 25d6372c-77fd-4a39-ac2a-e48debad48df: shutdown LeaderElection
2019-10-15 16:12:25,165 [25d6372c-77fd-4a39-ac2a-e48debad48df@group-B2671EB745D2-LeaderElection389] INFO  impl.RoleInfo (RoleInfo.java:updateAndGet(143)) - 25d6372c-77fd-4a39-ac2a-e48debad48df: start FollowerState
2019-10-15 16:12:25,184 [Thread-2805] INFO  impl.FollowerState (FollowerState.java:run(108)) - 25d6372c-77fd-4a39-ac2a-e48debad48df@group-B2671EB745D2-FollowerState: change to CANDIDATE, lastRpcTime:18ms, electionTimeout:18ms
2019-10-15 16:12:25,184 [Thread-2805] INFO  impl.RoleInfo (RoleInfo.java:shutdownFollowerState(121)) - 25d6372c-77fd-4a39-ac2a-e48debad48df: shutdown FollowerState
2019-10-15 16:12:25,184 [Thread-2805] INFO  impl.RaftServerImpl (RaftServerImpl.java:setRole(184)) - 25d6372c-77fd-4a39-ac2a-e48debad48df@group-B2671EB745D2: changes role from  FOLLOWER to CANDIDATE at term 422 for changeToCandidate
2019-10-15 16:12:25,184 [Thread-2805] INFO  impl.RoleInfo (RoleInfo.java:updateAndGet(143)) - 25d6372c-77fd-4a39-ac2a-e48debad48df: start LeaderElection
2019-10-15 16:12:25,197 [25d6372c-77fd-4a39-ac2a-e48debad48df@group-B2671EB745D2-LeaderElection390] INFO  impl.LeaderElection (LeaderElection.java:askForVotes(178)) - 25d6372c-77fd-4a39-ac2a-e48debad48df@group-B2671EB745D2-LeaderElection390: begin an election at term 423 for -1: [50423279-f647-4a18-8e85-347d68eaf856:192.168.69.88:39583, 2ec85f63-33fb-4317-9145-71357d145af9:192.168.69.88:42357, 25d6372c-77fd-4a39-ac2a-e48debad48df:192.168.69.88:39591], old=null
2019-10-15 16:12:25,198 [grpc-default-executor-5] INFO  impl.RaftServerImpl (RaftServerImpl.java:setRole(184)) - 2ec85f63-33fb-4317-9145-71357d145af9@group-B2671EB745D2: changes role from  FOLLOWER to FOLLOWER at term 423 for recognizeCandidate:25d6372c-77fd-4a39-ac2a-e48debad48df
2019-10-15 16:12:25,198 [grpc-default-executor-0] INFO  impl.RaftServerImpl (RaftServerImpl.java:setRole(184)) - 50423279-f647-4a18-8e85-347d68eaf856@group-B2671EB745D2: changes role from  FOLLOWER to FOLLOWER at term 423 for recognizeCandidate:25d6372c-77fd-4a39-ac2a-e48debad48df
2019-10-15 16:12:25,198 [grpc-default-executor-5] INFO  impl.RoleInfo (RoleInfo.java:shutdownFollowerState(121)) - 2ec85f63-33fb-4317-9145-71357d145af9: shutdown FollowerState
2019-10-15 16:12:25,199 [grpc-default-executor-0] INFO  impl.RoleInfo (RoleInfo.java:shutdownFollowerState(121)) - 50423279-f647-4a18-8e85-347d68eaf856: shutdown FollowerState
2019-10-15 16:12:25,199 [Thread-2803] INFO  impl.FollowerState (FollowerState.java:run(117)) - 50423279-f647-4a18-8e85-347d68eaf856@group-B2671EB745D2-FollowerState was interrupted: java.lang.InterruptedException: sleep interrupted
2019-10-15 16:12:25,199 [Thread-2804] INFO  impl.FollowerState (FollowerState.java:run(117)) - 2ec85f63-33fb-4317-9145-71357d145af9@group-B2671EB745D2-FollowerState was interrupted: java.lang.InterruptedException: sleep interrupted
2019-10-15 16:12:25,199 [grpc-default-executor-5] INFO  impl.RoleInfo (RoleInfo.java:updateAndGet(143)) - 2ec85f63-33fb-4317-9145-71357d145af9: start FollowerState
2019-10-15 16:12:25,199 [grpc-default-executor-0] INFO  impl.RoleInfo (RoleInfo.java:updateAndGet(143)) - 50423279-f647-4a18-8e85-347d68eaf856: start FollowerState
2019-10-15 16:12:25,214 [25d6372c-77fd-4a39-ac2a-e48debad48df@group-B2671EB745D2-LeaderElection390] INFO  impl.LeaderElection (LeaderElection.java:logAndReturn(56)) - 25d6372c-77fd-4a39-ac2a-e48debad48df@group-B2671EB745D2-LeaderElection390: Election REJECTED; received 2 response(s) [25d6372c-77fd-4a39-ac2a-e48debad48df<-50423279-f647-4a18-8e85-347d68eaf856#0:FAIL-t423, 25d6372c-77fd-4a39-ac2a-e48debad48df<-2ec85f63-33fb-4317-9145-71357d145af9#0:FAIL-t423] and 0 exception(s); 25d6372c-77fd-4a39-ac2a-e48debad48df@group-B2671EB745D2:t423, leader=null, voted=25d6372c-77fd-4a39-ac2a-e48debad48df, raftlog=25d6372c-77fd-4a39-ac2a-e48debad48df@group-B2671EB745D2-SegmentedRaftLog:OPENED:c-1,f-1,i0, conf=-1: [50423279-f647-4a18-8e85-347d68eaf856:192.168.69.88:39583, 2ec85f63-33fb-4317-9145-71357d145af9:192.168.69.88:42357, 25d6372c-77fd-4a39-ac2a-e48debad48df:192.168.69.88:39591], old=null
2019-10-15 16:12:25,214 [25d6372c-77fd-4a39-ac2a-e48debad48df@group-B2671EB745D2-LeaderElection390] INFO  impl.RaftServerImpl (RaftServerImpl.java:setRole(184)) - 25d6372c-77fd-4a39-ac2a-e48debad48df@group-B2671EB745D2: changes role from CANDIDATE to FOLLOWER at term 423 for DISCOVERED_A_NEW_TERM
2019-10-15 16:12:25,215 [25d6372c-77fd-4a39-ac2a-e48debad48df@group-B2671EB745D2-LeaderElection390] INFO  impl.RoleInfo (RoleInfo.java:shutdownLeaderElection(134)) - 25d6372c-77fd-4a39-ac2a-e48debad48df: shutdown LeaderElection
2019-10-15 16:12:25,215 [25d6372c-77fd-4a39-ac2a-e48debad48df@group-B2671EB745D2-LeaderElection390] INFO  impl.RoleInfo (RoleInfo.java:updateAndGet(143)) - 25d6372c-77fd-4a39-ac2a-e48debad48df: start FollowerState
2019-10-15 16:12:25,358 [Thread-2811] INFO  impl.FollowerState (FollowerState.java:run(108)) - 25d6372c-77fd-4a39-ac2a-e48debad48df@group-B2671EB745D2-FollowerState: change to CANDIDATE, lastRpcTime:143ms, electionTimeout:143ms
2019-10-15 16:12:25,358 [Thread-2811] INFO  impl.RoleInfo (RoleInfo.java:shutdownFollowerState(121)) - 25d6372c-77fd-4a39-ac2a-e48debad48df: shutdown FollowerState
2019-10-15 16:12:25,359 [Thread-2811] INFO  impl.RaftServerImpl (RaftServerImpl.java:setRole(184)) - 25d6372c-77fd-4a39-ac2a-e48debad48df@group-B2671EB745D2: changes role from  FOLLOWER to CANDIDATE at term 423 for changeToCandidate
2019-10-15 16:12:25,359 [Thread-2811] INFO  impl.RoleInfo (RoleInfo.java:updateAndGet(143)) - 25d6372c-77fd-4a39-ac2a-e48debad48df: start LeaderElection
2019-10-15 16:12:25,372 [25d6372c-77fd-4a39-ac2a-e48debad48df@group-B2671EB745D2-LeaderElection391] INFO  impl.LeaderElection (LeaderElection.java:askForVotes(178)) - 25d6372c-77fd-4a39-ac2a-e48debad48df@group-B2671EB745D2-LeaderElection391: begin an election at term 424 for -1: [50423279-f647-4a18-8e85-347d68eaf856:192.168.69.88:39583, 2ec85f63-33fb-4317-9145-71357d145af9:192.168.69.88:42357, 25d6372c-77fd-4a39-ac2a-e48debad48df:192.168.69.88:39591], old=null
2019-10-15 16:12:25,374 [grpc-default-executor-0] INFO  impl.RaftServerImpl (RaftServerImpl.java:setRole(184)) - 2ec85f63-33fb-4317-9145-71357d145af9@group-B2671EB745D2: changes role from  FOLLOWER to FOLLOWER at term 424 for recognizeCandidate:25d6372c-77fd-4a39-ac2a-e48debad48df
2019-10-15 16:12:25,374 [grpc-default-executor-0] INFO  impl.RoleInfo (RoleInfo.java:shutdownFollowerState(121)) - 2ec85f63-33fb-4317-9145-71357d145af9: shutdown FollowerState
2019-10-15 16:12:25,374 [grpc-default-executor-5] INFO  impl.RaftServerImpl (RaftServerImpl.java:setRole(184)) - 50423279-f647-4a18-8e85-347d68eaf856@group-B2671EB745D2: changes role from  FOLLOWER to FOLLOWER at term 424 for recognizeCandidate:25d6372c-77fd-4a39-ac2a-e48debad48df
2019-10-15 16:12:25,375 [Thread-2809] INFO  impl.FollowerState (FollowerState.java:run(117)) - 2ec85f63-33fb-4317-9145-71357d145af9@group-B2671EB745D2-FollowerState was interrupted: java.lang.InterruptedException: sleep interrupted
2019-10-15 16:12:25,374 [grpc-default-executor-0] INFO  impl.RoleInfo (RoleInfo.java:updateAndGet(143)) - 2ec85f63-33fb-4317-9145-71357d145af9: start FollowerState
2019-10-15 16:12:25,375 [grpc-default-executor-5] INFO  impl.RoleInfo (RoleInfo.java:shutdownFollowerState(121)) - 50423279-f647-4a18-8e85-347d68eaf856: shutdown FollowerState
2019-10-15 16:12:25,375 [grpc-default-executor-5] INFO  impl.RoleInfo (RoleInfo.java:updateAndGet(143)) - 50423279-f647-4a18-8e85-347d68eaf856: start FollowerState
2019-10-15 16:12:25,375 [Thread-2810] INFO  impl.FollowerState (FollowerState.java:run(117)) - 50423279-f647-4a18-8e85-347d68eaf856@group-B2671EB745D2-FollowerState was interrupted: java.lang.InterruptedException: sleep interrupted
2019-10-15 16:12:25,389 [25d6372c-77fd-4a39-ac2a-e48debad48df@group-B2671EB745D2-LeaderElection391] INFO  impl.LeaderElection (LeaderElection.java:logAndReturn(56)) - 25d6372c-77fd-4a39-ac2a-e48debad48df@group-B2671EB745D2-LeaderElection391: Election REJECTED; received 2 response(s) [25d6372c-77fd-4a39-ac2a-e48debad48df<-50423279-f647-4a18-8e85-347d68eaf856#0:FAIL-t424, 25d6372c-77fd-4a39-ac2a-e48debad48df<-2ec85f63-33fb-4317-9145-71357d145af9#0:FAIL-t424] and 0 exception(s); 25d6372c-77fd-4a39-ac2a-e48debad48df@group-B2671EB745D2:t424, leader=null, voted=25d6372c-77fd-4a39-ac2a-e48debad48df, raftlog=25d6372c-77fd-4a39-ac2a-e48debad48df@group-B2671EB745D2-SegmentedRaftLog:OPENED:c-1,f-1,i0, conf=-1: [50423279-f647-4a18-8e85-347d68eaf856:192.168.69.88:39583, 2ec85f63-33fb-4317-9145-71357d145af9:192.168.69.88:42357, 25d6372c-77fd-4a39-ac2a-e48debad48df:192.168.69.88:39591], old=null
2019-10-15 16:12:25,389 [25d6372c-77fd-4a39-ac2a-e48debad48df@group-B2671EB745D2-LeaderElection391] INFO  impl.RaftServerImpl (RaftServerImpl.java:setRole(184)) - 25d6372c-77fd-4a39-ac2a-e48debad48df@group-B2671EB745D2: changes role from CANDIDATE to FOLLOWER at term 424 for DISCOVERED_A_NEW_TERM
2019-10-15 16:12:25,389 [25d6372c-77fd-4a39-ac2a-e48debad48df@group-B2671EB745D2-LeaderElection391] INFO  impl.RoleInfo (RoleInfo.java:shutdownLeaderElection(134)) - 25d6372c-77fd-4a39-ac2a-e48debad48df: shutdown LeaderElection
2019-10-15 16:12:25,389 [25d6372c-77fd-4a39-ac2a-e48debad48df@group-B2671EB745D2-LeaderElection391] INFO  impl.RoleInfo (RoleInfo.java:updateAndGet(143)) - 25d6372c-77fd-4a39-ac2a-e48debad48df: start FollowerState
2019-10-15 16:12:25,442 [Thread-2817] INFO  impl.FollowerState (FollowerState.java:run(108)) - 25d6372c-77fd-4a39-ac2a-e48debad48df@group-B2671EB745D2-FollowerState: change to CANDIDATE, lastRpcTime:53ms, electionTimeout:53ms
2019-10-15 16:12:25,442 [Thread-2817] INFO  impl.RoleInfo (RoleInfo.java:shutdownFollowerState(121)) - 25d6372c-77fd-4a39-ac2a-e48debad48df: shutdown FollowerState
2019-10-15 16:12:25,443 [Thread-2817] INFO  impl.RaftServerImpl (RaftServerImpl.java:setRole(184)) - 25d6372c-77fd-4a39-ac2a-e48debad48df@group-B2671EB745D2: changes role from  FOLLOWER to CANDIDATE at term 424 for changeToCandidate
2019-10-15 16:12:25,443 [Thread-2817] INFO  impl.RoleInfo (RoleInfo.java:updateAndGet(143)) - 25d6372c-77fd-4a39-ac2a-e48debad48df: start LeaderElection
2019-10-15 16:12:25,457 [25d6372c-77fd-4a39-ac2a-e48debad48df@group-B2671EB745D2-LeaderElection392] INFO  impl.LeaderElection (LeaderElection.java:askForVotes(178)) - 25d6372c-77fd-4a39-ac2a-e48debad48df@group-B2671EB745D2-LeaderElection392: begin an election at term 425 for -1: [50423279-f647-4a18-8e85-347d68eaf856:192.168.69.88:39583, 2ec85f63-33fb-4317-9145-71357d145af9:192.168.69.88:42357, 25d6372c-77fd-4a39-ac2a-e48debad48df:192.168.69.88:39591], old=null
2019-10-15 16:12:25,459 [grpc-default-executor-5] INFO  impl.RaftServerImpl (RaftServerImpl.java:setRole(184)) - 50423279-f647-4a18-8e85-347d68eaf856@group-B2671EB745D2: changes role from  FOLLOWER to FOLLOWER at term 425 for recognizeCandidate:25d6372c-77fd-4a39-ac2a-e48debad48df
2019-10-15 16:12:25,459 [grpc-default-executor-5] INFO  impl.RoleInfo (RoleInfo.java:shutdownFollowerState(121)) - 50423279-f647-4a18-8e85-347d68eaf856: shutdown FollowerState
2019-10-15 16:12:25,459 [grpc-default-executor-0] INFO  impl.RaftServerImpl (RaftServerImpl.java:setRole(184)) - 2ec85f63-33fb-4317-9145-71357d145af9@group-B2671EB745D2: changes role from  FOLLOWER to FOLLOWER at term 425 for recognizeCandidate:25d6372c-77fd-4a39-ac2a-e48debad48df
2019-10-15 16:12:25,459 [Thread-2816] INFO  impl.FollowerState (FollowerState.java:run(117)) - 50423279-f647-4a18-8e85-347d68eaf856@group-B2671EB745D2-FollowerState was interrupted: java.lang.InterruptedException: sleep interrupted
2019-10-15 16:12:25,459 [grpc-default-executor-5] INFO  impl.RoleInfo (RoleInfo.java:updateAndGet(143)) - 50423279-f647-4a18-8e85-347d68eaf856: start FollowerState
2019-10-15 16:12:25,459 [grpc-default-executor-0] INFO  impl.RoleInfo (RoleInfo.java:shutdownFollowerState(121)) - 2ec85f63-33fb-4317-9145-71357d145af9: shutdown FollowerState
2019-10-15 16:12:25,459 [grpc-default-executor-0] INFO  impl.RoleInfo (RoleInfo.java:updateAndGet(143)) - 2ec85f63-33fb-4317-9145-71357d145af9: start FollowerState
2019-10-15 16:12:25,460 [Thread-2815] INFO  impl.FollowerState (FollowerState.java:run(117)) - 2ec85f63-33fb-4317-9145-71357d145af9@group-B2671EB745D2-FollowerState was interrupted: java.lang.InterruptedException: sleep interrupted
2019-10-15 16:12:25,474 [25d6372c-77fd-4a39-ac2a-e48debad48df@group-B2671EB745D2-LeaderElection392] INFO  impl.LeaderElection (LeaderElection.java:logAndReturn(56)) - 25d6372c-77fd-4a39-ac2a-e48debad48df@group-B2671EB745D2-LeaderElection392: Election REJECTED; received 2 response(s) [25d6372c-77fd-4a39-ac2a-e48debad48df<-50423279-f647-4a18-8e85-347d68eaf856#0:FAIL-t425, 25d6372c-77fd-4a39-ac2a-e48debad48df<-2ec85f63-33fb-4317-9145-71357d145af9#0:FAIL-t425] and 0 exception(s); 25d6372c-77fd-4a39-ac2a-e48debad48df@group-B2671EB745D2:t425, leader=null, voted=25d6372c-77fd-4a39-ac2a-e48debad48df, raftlog=25d6372c-77fd-4a39-ac2a-e48debad48df@group-B2671EB745D2-SegmentedRaftLog:OPENED:c-1,f-1,i0, conf=-1: [50423279-f647-4a18-8e85-347d68eaf856:192.168.69.88:39583, 2ec85f63-33fb-4317-9145-71357d145af9:192.168.69.88:42357, 25d6372c-77fd-4a39-ac2a-e48debad48df:192.168.69.88:39591], old=null
2019-10-15 16:12:25,474 [25d6372c-77fd-4a39-ac2a-e48debad48df@group-B2671EB745D2-LeaderElection392] INFO  impl.RaftServerImpl (RaftServerImpl.java:setRole(184)) - 25d6372c-77fd-4a39-ac2a-e48debad48df@group-B2671EB745D2: changes role from CANDIDATE to FOLLOWER at term 425 for DISCOVERED_A_NEW_TERM
2019-10-15 16:12:25,474 [25d6372c-77fd-4a39-ac2a-e48debad48df@group-B2671EB745D2-LeaderElection392] INFO  impl.RoleInfo (RoleInfo.java:shutdownLeaderElection(134)) - 25d6372c-77fd-4a39-ac2a-e48debad48df: shutdown LeaderElection
2019-10-15 16:12:25,475 [25d6372c-77fd-4a39-ac2a-e48debad48df@group-B2671EB745D2-LeaderElection392] INFO  impl.RoleInfo (RoleInfo.java:updateAndGet(143)) - 25d6372c-77fd-4a39-ac2a-e48debad48df: start FollowerState
2019-10-15 16:12:25,651 [Thread-2823] INFO  impl.FollowerState (FollowerState.java:run(108)) - 25d6372c-77fd-4a39-ac2a-e48debad48df@group-B2671EB745D2-FollowerState: change to CANDIDATE, lastRpcTime:176ms, electionTimeout:176ms
2019-10-15 16:12:25,651 [Thread-2823] INFO  impl.RoleInfo (RoleInfo.java:shutdownFollowerState(121)) - 25d6372c-77fd-4a39-ac2a-e48debad48df: shutdown FollowerState
2019-10-15 16:12:25,651 [Thread-2823] INFO  impl.RaftServerImpl (RaftServerImpl.java:setRole(184)) - 25d6372c-77fd-4a39-ac2a-e48debad48df@group-B2671EB745D2: changes role from  FOLLOWER to CANDIDATE at term 425 for changeToCandidate
2019-10-15 16:12:25,652 [Thread-2823] INFO  impl.RoleInfo (RoleInfo.java:updateAndGet(143)) - 25d6372c-77fd-4a39-ac2a-e48debad48df: start LeaderElection
2019-10-15 16:12:25,665 [25d6372c-77fd-4a39-ac2a-e48debad48df@group-B2671EB745D2-LeaderElection393] INFO  impl.LeaderElection (LeaderElection.java:askForVotes(178)) - 25d6372c-77fd-4a39-ac2a-e48debad48df@group-B2671EB745D2-LeaderElection393: begin an election at term 426 for -1: [50423279-f647-4a18-8e85-347d68eaf856:192.168.69.88:39583, 2ec85f63-33fb-4317-9145-71357d145af9:192.168.69.88:42357, 25d6372c-77fd-4a39-ac2a-e48debad48df:192.168.69.88:39591], old=null
2019-10-15 16:12:25,667 [grpc-default-executor-0] INFO  impl.RaftServerImpl (RaftServerImpl.java:setRole(184)) - 50423279-f647-4a18-8e85-347d68eaf856@group-B2671EB745D2: changes role from  FOLLOWER to FOLLOWER at term 426 for recognizeCandidate:25d6372c-77fd-4a39-ac2a-e48debad48df
2019-10-15 16:12:25,667 [grpc-default-executor-5] INFO  impl.RaftServerImpl (RaftServerImpl.java:setRole(184)) - 2ec85f63-33fb-4317-9145-71357d145af9@group-B2671EB745D2: changes role from  FOLLOWER to FOLLOWER at term 426 for recognizeCandidate:25d6372c-77fd-4a39-ac2a-e48debad48df
2019-10-15 16:12:25,667 [grpc-default-executor-0] INFO  impl.RoleInfo (RoleInfo.java:shutdownFollowerState(121)) - 50423279-f647-4a18-8e85-347d68eaf856: shutdown FollowerState
2019-10-15 16:12:25,667 [grpc-default-executor-5] INFO  impl.RoleInfo (RoleInfo.java:shutdownFollowerState(121)) - 2ec85f63-33fb-4317-9145-71357d145af9: shutdown FollowerState
2019-10-15 16:12:25,668 [Thread-2821] INFO  impl.FollowerState (FollowerState.java:run(117)) - 50423279-f647-4a18-8e85-347d68eaf856@group-B2671EB745D2-FollowerState was interrupted: java.lang.InterruptedException: sleep interrupted
2019-10-15 16:12:25,668 [grpc-default-executor-5] INFO  impl.RoleInfo (RoleInfo.java:updateAndGet(143)) - 2ec85f63-33fb-4317-9145-71357d145af9: start FollowerState
2019-10-15 16:12:25,668 [grpc-default-executor-0] INFO  impl.RoleInfo (RoleInfo.java:updateAndGet(143)) - 50423279-f647-4a18-8e85-347d68eaf856: start FollowerState
2019-10-15 16:12:25,668 [Thread-2822] INFO  impl.FollowerState (FollowerState.java:run(117)) - 2ec85f63-33fb-4317-9145-71357d145af9@group-B2671EB745D2-FollowerState was interrupted: java.lang.InterruptedException: sleep interrupted
2019-10-15 16:12:25,682 [25d6372c-77fd-4a39-ac2a-e48debad48df@group-B2671EB745D2-LeaderElection393] INFO  impl.LeaderElection (LeaderElection.java:logAndReturn(56)) - 25d6372c-77fd-4a39-ac2a-e48debad48df@group-B2671EB745D2-LeaderElection393: Election REJECTED; received 2 response(s) [25d6372c-77fd-4a39-ac2a-e48debad48df<-50423279-f647-4a18-8e85-347d68eaf856#0:FAIL-t426, 25d6372c-77fd-4a39-ac2a-e48debad48df<-2ec85f63-33fb-4317-9145-71357d145af9#0:FAIL-t426] and 0 exception(s); 25d6372c-77fd-4a39-ac2a-e48debad48df@group-B2671EB745D2:t426, leader=null, voted=25d6372c-77fd-4a39-ac2a-e48debad48df, raftlog=25d6372c-77fd-4a39-ac2a-e48debad48df@group-B2671EB745D2-SegmentedRaftLog:OPENED:c-1,f-1,i0, conf=-1: [50423279-f647-4a18-8e85-347d68eaf856:192.168.69.88:39583, 2ec85f63-33fb-4317-9145-71357d145af9:192.168.69.88:42357, 25d6372c-77fd-4a39-ac2a-e48debad48df:192.168.69.88:39591], old=null
2019-10-15 16:12:25,682 [25d6372c-77fd-4a39-ac2a-e48debad48df@group-B2671EB745D2-LeaderElection393] INFO  impl.RaftServerImpl (RaftServerImpl.java:setRole(184)) - 25d6372c-77fd-4a39-ac2a-e48debad48df@group-B2671EB745D2: changes role from CANDIDATE to FOLLOWER at term 426 for DISCOVERED_A_NEW_TERM
2019-10-15 16:12:25,682 [25d6372c-77fd-4a39-ac2a-e48debad48df@group-B2671EB745D2-LeaderElection393] INFO  impl.RoleInfo (RoleInfo.java:shutdownLeaderElection(134)) - 25d6372c-77fd-4a39-ac2a-e48debad48df: shutdown LeaderElection
2019-10-15 16:12:25,682 [25d6372c-77fd-4a39-ac2a-e48debad48df@group-B2671EB745D2-LeaderElection393] INFO  impl.RoleInfo (RoleInfo.java:updateAndGet(143)) - 25d6372c-77fd-4a39-ac2a-e48debad48df: start FollowerState
2019-10-15 16:12:25,858 [Thread-2829] INFO  impl.FollowerState (FollowerState.java:run(108)) - 25d6372c-77fd-4a39-ac2a-e48debad48df@group-B2671EB745D2-FollowerState: change to CANDIDATE, lastRpcTime:175ms, electionTimeout:175ms
2019-10-15 16:12:25,858 [Thread-2829] INFO  impl.RoleInfo (RoleInfo.java:shutdownFollowerState(121)) - 25d6372c-77fd-4a39-ac2a-e48debad48df: shutdown FollowerState
2019-10-15 16:12:25,858 [Thread-2829] INFO  impl.RaftServerImpl (RaftServerImpl.java:setRole(184)) - 25d6372c-77fd-4a39-ac2a-e48debad48df@group-B2671EB745D2: changes role from  FOLLOWER to CANDIDATE at term 426 for changeToCandidate
2019-10-15 16:12:25,858 [Thread-2829] INFO  impl.RoleInfo (RoleInfo.java:updateAndGet(143)) - 25d6372c-77fd-4a39-ac2a-e48debad48df: start LeaderElection
2019-10-15 16:12:25,872 [25d6372c-77fd-4a39-ac2a-e48debad48df@group-B2671EB745D2-LeaderElection394] INFO  impl.LeaderElection (LeaderElection.java:askForVotes(178)) - 25d6372c-77fd-4a39-ac2a-e48debad48df@group-B2671EB745D2-LeaderElection394: begin an election at term 427 for -1: [50423279-f647-4a18-8e85-347d68eaf856:192.168.69.88:39583, 2ec85f63-33fb-4317-9145-71357d145af9:192.168.69.88:42357, 25d6372c-77fd-4a39-ac2a-e48debad48df:192.168.69.88:39591], old=null
2019-10-15 16:12:25,873 [grpc-default-executor-5] INFO  impl.RaftServerImpl (RaftServerImpl.java:setRole(184)) - 50423279-f647-4a18-8e85-347d68eaf856@group-B2671EB745D2: changes role from  FOLLOWER to FOLLOWER at term 427 for recognizeCandidate:25d6372c-77fd-4a39-ac2a-e48debad48df
2019-10-15 16:12:25,873 [grpc-default-executor-5] INFO  impl.RoleInfo (RoleInfo.java:shutdownFollowerState(121)) - 50423279-f647-4a18-8e85-347d68eaf856: shutdown FollowerState
2019-10-15 16:12:25,874 [grpc-default-executor-0] INFO  impl.RaftServerImpl (RaftServerImpl.java:setRole(184)) - 2ec85f63-33fb-4317-9145-71357d145af9@group-B2671EB745D2: changes role from  FOLLOWER to FOLLOWER at term 427 for recognizeCandidate:25d6372c-77fd-4a39-ac2a-e48debad48df
2019-10-15 16:12:25,874 [Thread-2827] INFO  impl.FollowerState (FollowerState.java:run(117)) - 50423279-f647-4a18-8e85-347d68eaf856@group-B2671EB745D2-FollowerState was interrupted: java.lang.InterruptedException: sleep interrupted
2019-10-15 16:12:25,874 [grpc-default-executor-5] INFO  impl.RoleInfo (RoleInfo.java:updateAndGet(143)) - 50423279-f647-4a18-8e85-347d68eaf856: start FollowerState
2019-10-15 16:12:25,874 [grpc-default-executor-0] INFO  impl.RoleInfo (RoleInfo.java:shutdownFollowerState(121)) - 2ec85f63-33fb-4317-9145-71357d145af9: shutdown FollowerState
2019-10-15 16:12:25,874 [grpc-default-executor-0] INFO  impl.RoleInfo (RoleInfo.java:updateAndGet(143)) - 2ec85f63-33fb-4317-9145-71357d145af9: start FollowerState
2019-10-15 16:12:25,874 [Thread-2828] INFO  impl.FollowerState (FollowerState.java:run(117)) - 2ec85f63-33fb-4317-9145-71357d145af9@group-B2671EB745D2-FollowerState was interrupted: java.lang.InterruptedException: sleep interrupted
2019-10-15 16:12:25,888 [25d6372c-77fd-4a39-ac2a-e48debad48df@group-B2671EB745D2-LeaderElection394] INFO  impl.LeaderElection (LeaderElection.java:logAndReturn(56)) - 25d6372c-77fd-4a39-ac2a-e48debad48df@group-B2671EB745D2-LeaderElection394: Election REJECTED; received 2 response(s) [25d6372c-77fd-4a39-ac2a-e48debad48df<-2ec85f63-33fb-4317-9145-71357d145af9#0:FAIL-t427, 25d6372c-77fd-4a39-ac2a-e48debad48df<-50423279-f647-4a18-8e85-347d68eaf856#0:FAIL-t427] and 0 exception(s); 25d6372c-77fd-4a39-ac2a-e48debad48df@group-B2671EB745D2:t427, leader=null, voted=25d6372c-77fd-4a39-ac2a-e48debad48df, raftlog=25d6372c-77fd-4a39-ac2a-e48debad48df@group-B2671EB745D2-SegmentedRaftLog:OPENED:c-1,f-1,i0, conf=-1: [50423279-f647-4a18-8e85-347d68eaf856:192.168.69.88:39583, 2ec85f63-33fb-4317-9145-71357d145af9:192.168.69.88:42357, 25d6372c-77fd-4a39-ac2a-e48debad48df:192.168.69.88:39591], old=null
2019-10-15 16:12:25,888 [25d6372c-77fd-4a39-ac2a-e48debad48df@group-B2671EB745D2-LeaderElection394] INFO  impl.RaftServerImpl (RaftServerImpl.java:setRole(184)) - 25d6372c-77fd-4a39-ac2a-e48debad48df@group-B2671EB745D2: changes role from CANDIDATE to FOLLOWER at term 427 for DISCOVERED_A_NEW_TERM
2019-10-15 16:12:25,888 [25d6372c-77fd-4a39-ac2a-e48debad48df@group-B2671EB745D2-LeaderElection394] INFO  impl.RoleInfo (RoleInfo.java:shutdownLeaderElection(134)) - 25d6372c-77fd-4a39-ac2a-e48debad48df: shutdown LeaderElection
2019-10-15 16:12:25,888 [25d6372c-77fd-4a39-ac2a-e48debad48df@group-B2671EB745D2-LeaderElection394] INFO  impl.RoleInfo (RoleInfo.java:updateAndGet(143)) - 25d6372c-77fd-4a39-ac2a-e48debad48df: start FollowerState
2019-10-15 16:12:25,969 [Thread-2837] INFO  impl.FollowerState (FollowerState.java:run(108)) - 25d6372c-77fd-4a39-ac2a-e48debad48df@group-B2671EB745D2-FollowerState: change to CANDIDATE, lastRpcTime:80ms, electionTimeout:80ms
2019-10-15 16:12:25,969 [Thread-2837] INFO  impl.RoleInfo (RoleInfo.java:shutdownFollowerState(121)) - 25d6372c-77fd-4a39-ac2a-e48debad48df: shutdown FollowerState
2019-10-15 16:12:25,969 [Thread-2837] INFO  impl.RaftServerImpl (RaftServerImpl.java:setRole(184)) - 25d6372c-77fd-4a39-ac2a-e48debad48df@group-B2671EB745D2: changes role from  FOLLOWER to CANDIDATE at term 427 for changeToCandidate
2019-10-15 16:12:25,969 [Thread-2837] INFO  impl.RoleInfo (RoleInfo.java:updateAndGet(143)) - 25d6372c-77fd-4a39-ac2a-e48debad48df: start LeaderElection
2019-10-15 16:12:25,983 [25d6372c-77fd-4a39-ac2a-e48debad48df@group-B2671EB745D2-LeaderElection395] INFO  impl.LeaderElection (LeaderElection.java:askForVotes(178)) - 25d6372c-77fd-4a39-ac2a-e48debad48df@group-B2671EB745D2-LeaderElection395: begin an election at term 428 for -1: [50423279-f647-4a18-8e85-347d68eaf856:192.168.69.88:39583, 2ec85f63-33fb-4317-9145-71357d145af9:192.168.69.88:42357, 25d6372c-77fd-4a39-ac2a-e48debad48df:192.168.69.88:39591], old=null
2019-10-15 16:12:25,984 [grpc-default-executor-0] INFO  impl.RaftServerImpl (RaftServerImpl.java:setRole(184)) - 50423279-f647-4a18-8e85-347d68eaf856@group-B2671EB745D2: changes role from  FOLLOWER to FOLLOWER at term 428 for recognizeCandidate:25d6372c-77fd-4a39-ac2a-e48debad48df
2019-10-15 16:12:25,985 [grpc-default-executor-0] INFO  impl.RoleInfo (RoleInfo.java:shutdownFollowerState(121)) - 50423279-f647-4a18-8e85-347d68eaf856: shutdown FollowerState
2019-10-15 16:12:25,985 [grpc-default-executor-5] INFO  impl.RaftServerImpl (RaftServerImpl.java:setRole(184)) - 2ec85f63-33fb-4317-9145-71357d145af9@group-B2671EB745D2: changes role from  FOLLOWER to FOLLOWER at term 428 for recognizeCandidate:25d6372c-77fd-4a39-ac2a-e48debad48df
2019-10-15 16:12:25,985 [grpc-default-executor-5] INFO  impl.RoleInfo (RoleInfo.java:shutdownFollowerState(121)) - 2ec85f63-33fb-4317-9145-71357d145af9: shutdown FollowerState
2019-10-15 16:12:25,985 [Thread-2835] INFO  impl.FollowerState (FollowerState.java:run(117)) - 50423279-f647-4a18-8e85-347d68eaf856@group-B2671EB745D2-FollowerState was interrupted: java.lang.InterruptedException: sleep interrupted
2019-10-15 16:12:25,985 [Thread-2836] INFO  impl.FollowerState (FollowerState.java:run(117)) - 2ec85f63-33fb-4317-9145-71357d145af9@group-B2671EB745D2-FollowerState was interrupted: java.lang.InterruptedException: sleep interrupted
2019-10-15 16:12:25,985 [grpc-default-executor-0] INFO  impl.RoleInfo (RoleInfo.java:updateAndGet(143)) - 50423279-f647-4a18-8e85-347d68eaf856: start FollowerState
2019-10-15 16:12:25,985 [grpc-default-executor-5] INFO  impl.RoleInfo (RoleInfo.java:updateAndGet(143)) - 2ec85f63-33fb-4317-9145-71357d145af9: start FollowerState
2019-10-15 16:12:25,999 [25d6372c-77fd-4a39-ac2a-e48debad48df@group-B2671EB745D2-LeaderElection395] INFO  impl.LeaderElection (LeaderElection.java:logAndReturn(56)) - 25d6372c-77fd-4a39-ac2a-e48debad48df@group-B2671EB745D2-LeaderElection395: Election REJECTED; received 2 response(s) [25d6372c-77fd-4a39-ac2a-e48debad48df<-50423279-f647-4a18-8e85-347d68eaf856#0:FAIL-t428, 25d6372c-77fd-4a39-ac2a-e48debad48df<-2ec85f63-33fb-4317-9145-71357d145af9#0:FAIL-t428] and 0 exception(s); 25d6372c-77fd-4a39-ac2a-e48debad48df@group-B2671EB745D2:t428, leader=null, voted=25d6372c-77fd-4a39-ac2a-e48debad48df, raftlog=25d6372c-77fd-4a39-ac2a-e48debad48df@group-B2671EB745D2-SegmentedRaftLog:OPENED:c-1,f-1,i0, conf=-1: [50423279-f647-4a18-8e85-347d68eaf856:192.168.69.88:39583, 2ec85f63-33fb-4317-9145-71357d145af9:192.168.69.88:42357, 25d6372c-77fd-4a39-ac2a-e48debad48df:192.168.69.88:39591], old=null
2019-10-15 16:12:26,000 [25d6372c-77fd-4a39-ac2a-e48debad48df@group-B2671EB745D2-LeaderElection395] INFO  impl.RaftServerImpl (RaftServerImpl.java:setRole(184)) - 25d6372c-77fd-4a39-ac2a-e48debad48df@group-B2671EB745D2: changes role from CANDIDATE to FOLLOWER at term 428 for DISCOVERED_A_NEW_TERM
2019-10-15 16:12:26,000 [25d6372c-77fd-4a39-ac2a-e48debad48df@group-B2671EB745D2-LeaderElection395] INFO  impl.RoleInfo (RoleInfo.java:shutdownLeaderElection(134)) - 25d6372c-77fd-4a39-ac2a-e48debad48df: shutdown LeaderElection
2019-10-15 16:12:26,000 [25d6372c-77fd-4a39-ac2a-e48debad48df@group-B2671EB745D2-LeaderElection395] INFO  impl.RoleInfo (RoleInfo.java:updateAndGet(143)) - 25d6372c-77fd-4a39-ac2a-e48debad48df: start FollowerState
2019-10-15 16:12:26,058 [Thread-2843] INFO  impl.FollowerState (FollowerState.java:run(108)) - 25d6372c-77fd-4a39-ac2a-e48debad48df@group-B2671EB745D2-FollowerState: change to CANDIDATE, lastRpcTime:58ms, electionTimeout:58ms
2019-10-15 16:12:26,058 [Thread-2843] INFO  impl.RoleInfo (RoleInfo.java:shutdownFollowerState(121)) - 25d6372c-77fd-4a39-ac2a-e48debad48df: shutdown FollowerState
2019-10-15 16:12:26,059 [Thread-2843] INFO  impl.RaftServerImpl (RaftServerImpl.java:setRole(184)) - 25d6372c-77fd-4a39-ac2a-e48debad48df@group-B2671EB745D2: changes role from  FOLLOWER to CANDIDATE at term 428 for changeToCandidate
2019-10-15 16:12:26,059 [Thread-2843] INFO  impl.RoleInfo (RoleInfo.java:updateAndGet(143)) - 25d6372c-77fd-4a39-ac2a-e48debad48df: start LeaderElection
2019-10-15 16:12:26,070 [25d6372c-77fd-4a39-ac2a-e48debad48df@group-B2671EB745D2-LeaderElection396] INFO  impl.LeaderElection (LeaderElection.java:askForVotes(178)) - 25d6372c-77fd-4a39-ac2a-e48debad48df@group-B2671EB745D2-LeaderElection396: begin an election at term 429 for -1: [50423279-f647-4a18-8e85-347d68eaf856:192.168.69.88:39583, 2ec85f63-33fb-4317-9145-71357d145af9:192.168.69.88:42357, 25d6372c-77fd-4a39-ac2a-e48debad48df:192.168.69.88:39591], old=null
2019-10-15 16:12:26,072 [grpc-default-executor-5] INFO  impl.RaftServerImpl (RaftServerImpl.java:setRole(184)) - 50423279-f647-4a18-8e85-347d68eaf856@group-B2671EB745D2: changes role from  FOLLOWER to FOLLOWER at term 429 for recognizeCandidate:25d6372c-77fd-4a39-ac2a-e48debad48df
2019-10-15 16:12:26,072 [grpc-default-executor-5] INFO  impl.RoleInfo (RoleInfo.java:shutdownFollowerState(121)) - 50423279-f647-4a18-8e85-347d68eaf856: shutdown FollowerState
2019-10-15 16:12:26,072 [grpc-default-executor-0] INFO  impl.RaftServerImpl (RaftServerImpl.java:setRole(184)) - 2ec85f63-33fb-4317-9145-71357d145af9@group-B2671EB745D2: changes role from  FOLLOWER to FOLLOWER at term 429 for recognizeCandidate:25d6372c-77fd-4a39-ac2a-e48debad48df
2019-10-15 16:12:26,072 [Thread-2841] INFO  impl.FollowerState (FollowerState.java:run(117)) - 50423279-f647-4a18-8e85-347d68eaf856@group-B2671EB745D2-FollowerState was interrupted: java.lang.InterruptedException: sleep interrupted
2019-10-15 16:12:26,072 [grpc-default-executor-5] INFO  impl.RoleInfo (RoleInfo.java:updateAndGet(143)) - 50423279-f647-4a18-8e85-347d68eaf856: start FollowerState
2019-10-15 16:12:26,073 [grpc-default-executor-0] INFO  impl.RoleInfo (RoleInfo.java:shutdownFollowerState(121)) - 2ec85f63-33fb-4317-9145-71357d145af9: shutdown FollowerState
2019-10-15 16:12:26,073 [grpc-default-executor-0] INFO  impl.RoleInfo (RoleInfo.java:updateAndGet(143)) - 2ec85f63-33fb-4317-9145-71357d145af9: start FollowerState
2019-10-15 16:12:26,073 [Thread-2842] INFO  impl.FollowerState (FollowerState.java:run(117)) - 2ec85f63-33fb-4317-9145-71357d145af9@group-B2671EB745D2-FollowerState was interrupted: java.lang.InterruptedException: sleep interrupted
2019-10-15 16:12:26,088 [25d6372c-77fd-4a39-ac2a-e48debad48df@group-B2671EB745D2-LeaderElection396] INFO  impl.LeaderElection (LeaderElection.java:logAndReturn(56)) - 25d6372c-77fd-4a39-ac2a-e48debad48df@group-B2671EB745D2-LeaderElection396: Election REJECTED; received 2 response(s) [25d6372c-77fd-4a39-ac2a-e48debad48df<-50423279-f647-4a18-8e85-347d68eaf856#0:FAIL-t429, 25d6372c-77fd-4a39-ac2a-e48debad48df<-2ec85f63-33fb-4317-9145-71357d145af9#0:FAIL-t429] and 0 exception(s); 25d6372c-77fd-4a39-ac2a-e48debad48df@group-B2671EB745D2:t429, leader=null, voted=25d6372c-77fd-4a39-ac2a-e48debad48df, raftlog=25d6372c-77fd-4a39-ac2a-e48debad48df@group-B2671EB745D2-SegmentedRaftLog:OPENED:c-1,f-1,i0, conf=-1: [50423279-f647-4a18-8e85-347d68eaf856:192.168.69.88:39583, 2ec85f63-33fb-4317-9145-71357d145af9:192.168.69.88:42357, 25d6372c-77fd-4a39-ac2a-e48debad48df:192.168.69.88:39591], old=null
2019-10-15 16:12:26,088 [25d6372c-77fd-4a39-ac2a-e48debad48df@group-B2671EB745D2-LeaderElection396] INFO  impl.RaftServerImpl (RaftServerImpl.java:setRole(184)) - 25d6372c-77fd-4a39-ac2a-e48debad48df@group-B2671EB745D2: changes role from CANDIDATE to FOLLOWER at term 429 for DISCOVERED_A_NEW_TERM
2019-10-15 16:12:26,088 [25d6372c-77fd-4a39-ac2a-e48debad48df@group-B2671EB745D2-LeaderElection396] INFO  impl.RoleInfo (RoleInfo.java:shutdownLeaderElection(134)) - 25d6372c-77fd-4a39-ac2a-e48debad48df: shutdown LeaderElection
2019-10-15 16:12:26,088 [25d6372c-77fd-4a39-ac2a-e48debad48df@group-B2671EB745D2-LeaderElection396] INFO  impl.RoleInfo (RoleInfo.java:updateAndGet(143)) - 25d6372c-77fd-4a39-ac2a-e48debad48df: start FollowerState
2019-10-15 16:12:26,154 [Thread-2849] INFO  impl.FollowerState (FollowerState.java:run(108)) - 25d6372c-77fd-4a39-ac2a-e48debad48df@group-B2671EB745D2-FollowerState: change to CANDIDATE, lastRpcTime:66ms, electionTimeout:66ms
2019-10-15 16:12:26,155 [Thread-2849] INFO  impl.RoleInfo (RoleInfo.java:shutdownFollowerState(121)) - 25d6372c-77fd-4a39-ac2a-e48debad48df: shutdown FollowerState
2019-10-15 16:12:26,155 [Thread-2849] INFO  impl.RaftServerImpl (RaftServerImpl.java:setRole(184)) - 25d6372c-77fd-4a39-ac2a-e48debad48df@group-B2671EB745D2: changes role from  FOLLOWER to CANDIDATE at term 429 for changeToCandidate
2019-10-15 16:12:26,155 [Thread-2849] INFO  impl.RoleInfo (RoleInfo.java:updateAndGet(143)) - 25d6372c-77fd-4a39-ac2a-e48debad48df: start LeaderElection
2019-10-15 16:12:26,159 [25d6372c-77fd-4a39-ac2a-e48debad48df@group-B2671EB745D2-LeaderElection397] INFO  impl.LeaderElection (LeaderElection.java:askForVotes(178)) - 25d6372c-77fd-4a39-ac2a-e48debad48df@group-B2671EB745D2-LeaderElection397: begin an election at term 430 for -1: [50423279-f647-4a18-8e85-347d68eaf856:192.168.69.88:39583, 2ec85f63-33fb-4317-9145-71357d145af9:192.168.69.88:42357, 25d6372c-77fd-4a39-ac2a-e48debad48df:192.168.69.88:39591], old=null
2019-10-15 16:12:26,161 [grpc-default-executor-5] INFO  impl.RaftServerImpl (RaftServerImpl.java:setRole(184)) - 50423279-f647-4a18-8e85-347d68eaf856@group-B2671EB745D2: changes role from  FOLLOWER to FOLLOWER at term 430 for recognizeCandidate:25d6372c-77fd-4a39-ac2a-e48debad48df
2019-10-15 16:12:26,161 [grpc-default-executor-5] INFO  impl.RoleInfo (RoleInfo.java:shutdownFollowerState(121)) - 50423279-f647-4a18-8e85-347d68eaf856: shutdown FollowerState
2019-10-15 16:12:26,161 [grpc-default-executor-0] INFO  impl.RaftServerImpl (RaftServerImpl.java:setRole(184)) - 2ec85f63-33fb-4317-9145-71357d145af9@group-B2671EB745D2: changes role from  FOLLOWER to FOLLOWER at term 430 for recognizeCandidate:25d6372c-77fd-4a39-ac2a-e48debad48df
2019-10-15 16:12:26,161 [grpc-default-executor-0] INFO  impl.RoleInfo (RoleInfo.java:shutdownFollowerState(121)) - 2ec85f63-33fb-4317-9145-71357d145af9: shutdown FollowerState
2019-10-15 16:12:26,161 [Thread-2847] INFO  impl.FollowerState (FollowerState.java:run(117)) - 50423279-f647-4a18-8e85-347d68eaf856@group-B2671EB745D2-FollowerState was interrupted: java.lang.InterruptedException: sleep interrupted
2019-10-15 16:12:26,161 [grpc-default-executor-5] INFO  impl.RoleInfo (RoleInfo.java:updateAndGet(143)) - 50423279-f647-4a18-8e85-347d68eaf856: start FollowerState
2019-10-15 16:12:26,161 [Thread-2848] INFO  impl.FollowerState (FollowerState.java:run(117)) - 2ec85f63-33fb-4317-9145-71357d145af9@group-B2671EB745D2-FollowerState was interrupted: java.lang.InterruptedException: sleep interrupted
2019-10-15 16:12:26,161 [grpc-default-executor-0] INFO  impl.RoleInfo (RoleInfo.java:updateAndGet(143)) - 2ec85f63-33fb-4317-9145-71357d145af9: start FollowerState
2019-10-15 16:12:26,174 [25d6372c-77fd-4a39-ac2a-e48debad48df@group-B2671EB745D2-LeaderElection397] INFO  impl.LeaderElection (LeaderElection.java:logAndReturn(56)) - 25d6372c-77fd-4a39-ac2a-e48debad48df@group-B2671EB745D2-LeaderElection397: Election REJECTED; received 2 response(s) [25d6372c-77fd-4a39-ac2a-e48debad48df<-50423279-f647-4a18-8e85-347d68eaf856#0:FAIL-t430, 25d6372c-77fd-4a39-ac2a-e48debad48df<-2ec85f63-33fb-4317-9145-71357d145af9#0:FAIL-t430] and 0 exception(s); 25d6372c-77fd-4a39-ac2a-e48debad48df@group-B2671EB745D2:t430, leader=null, voted=25d6372c-77fd-4a39-ac2a-e48debad48df, raftlog=25d6372c-77fd-4a39-ac2a-e48debad48df@group-B2671EB745D2-SegmentedRaftLog:OPENED:c-1,f-1,i0, conf=-1: [50423279-f647-4a18-8e85-347d68eaf856:192.168.69.88:39583, 2ec85f63-33fb-4317-9145-71357d145af9:192.168.69.88:42357, 25d6372c-77fd-4a39-ac2a-e48debad48df:192.168.69.88:39591], old=null
2019-10-15 16:12:26,174 [25d6372c-77fd-4a39-ac2a-e48debad48df@group-B2671EB745D2-LeaderElection397] INFO  impl.RaftServerImpl (RaftServerImpl.java:setRole(184)) - 25d6372c-77fd-4a39-ac2a-e48debad48df@group-B2671EB745D2: changes role from CANDIDATE to FOLLOWER at term 430 for DISCOVERED_A_NEW_TERM
2019-10-15 16:12:26,174 [25d6372c-77fd-4a39-ac2a-e48debad48df@group-B2671EB745D2-LeaderElection397] INFO  impl.RoleInfo (RoleInfo.java:shutdownLeaderElection(134)) - 25d6372c-77fd-4a39-ac2a-e48debad48df: shutdown LeaderElection
2019-10-15 16:12:26,174 [25d6372c-77fd-4a39-ac2a-e48debad48df@group-B2671EB745D2-LeaderElection397] INFO  impl.RoleInfo (RoleInfo.java:updateAndGet(143)) - 25d6372c-77fd-4a39-ac2a-e48debad48df: start FollowerState
2019-10-15 16:12:26,176 [Thread-2855] INFO  impl.FollowerState (FollowerState.java:run(108)) - 25d6372c-77fd-4a39-ac2a-e48debad48df@group-B2671EB745D2-FollowerState: change to CANDIDATE, lastRpcTime:1ms, electionTimeout:1ms
2019-10-15 16:12:26,176 [Thread-2855] INFO  impl.RoleInfo (RoleInfo.java:shutdownFollowerState(121)) - 25d6372c-77fd-4a39-ac2a-e48debad48df: shutdown FollowerState
2019-10-15 16:12:26,176 [Thread-2855] INFO  impl.RaftServerImpl (RaftServerImpl.java:setRole(184)) - 25d6372c-77fd-4a39-ac2a-e48debad48df@group-B2671EB745D2: changes role from  FOLLOWER to CANDIDATE at term 430 for changeToCandidate
2019-10-15 16:12:26,176 [Thread-2855] INFO  impl.RoleInfo (RoleInfo.java:updateAndGet(143)) - 25d6372c-77fd-4a39-ac2a-e48debad48df: start LeaderElection
2019-10-15 16:12:26,189 [25d6372c-77fd-4a39-ac2a-e48debad48df@group-B2671EB745D2-LeaderElection398] INFO  impl.LeaderElection (LeaderElection.java:askForVotes(178)) - 25d6372c-77fd-4a39-ac2a-e48debad48df@group-B2671EB745D2-LeaderElection398: begin an election at term 431 for -1: [50423279-f647-4a18-8e85-347d68eaf856:192.168.69.88:39583, 2ec85f63-33fb-4317-9145-71357d145af9:192.168.69.88:42357, 25d6372c-77fd-4a39-ac2a-e48debad48df:192.168.69.88:39591], old=null
2019-10-15 16:12:26,190 [grpc-default-executor-0] INFO  impl.RaftServerImpl (RaftServerImpl.java:setRole(184)) - 50423279-f647-4a18-8e85-347d68eaf856@group-B2671EB745D2: changes role from  FOLLOWER to FOLLOWER at term 431 for recognizeCandidate:25d6372c-77fd-4a39-ac2a-e48debad48df
2019-10-15 16:12:26,191 [grpc-default-executor-0] INFO  impl.RoleInfo (RoleInfo.java:shutdownFollowerState(121)) - 50423279-f647-4a18-8e85-347d68eaf856: shutdown FollowerState
2019-10-15 16:12:26,191 [grpc-default-executor-0] INFO  impl.RoleInfo (RoleInfo.java:updateAndGet(143)) - 50423279-f647-4a18-8e85-347d68eaf856: start FollowerState
2019-10-15 16:12:26,191 [Thread-2853] INFO  impl.FollowerState (FollowerState.java:run(117)) - 50423279-f647-4a18-8e85-347d68eaf856@group-B2671EB745D2-FollowerState was interrupted: java.lang.InterruptedException: sleep interrupted
2019-10-15 16:12:26,191 [grpc-default-executor-5] INFO  impl.RaftServerImpl (RaftServerImpl.java:setRole(184)) - 2ec85f63-33fb-4317-9145-71357d145af9@group-B2671EB745D2: changes role from  FOLLOWER to FOLLOWER at term 431 for recognizeCandidate:25d6372c-77fd-4a39-ac2a-e48debad48df
2019-10-15 16:12:26,191 [grpc-default-executor-5] INFO  impl.RoleInfo (RoleInfo.java:shutdownFollowerState(121)) - 2ec85f63-33fb-4317-9145-71357d145af9: shutdown FollowerState
2019-10-15 16:12:26,191 [grpc-default-executor-5] INFO  impl.RoleInfo (RoleInfo.java:updateAndGet(143)) - 2ec85f63-33fb-4317-9145-71357d145af9: start FollowerState
2019-10-15 16:12:26,191 [Thread-2854] INFO  impl.FollowerState (FollowerState.java:run(117)) - 2ec85f63-33fb-4317-9145-71357d145af9@group-B2671EB745D2-FollowerState was interrupted: java.lang.InterruptedException: sleep interrupted
2019-10-15 16:12:26,204 [25d6372c-77fd-4a39-ac2a-e48debad48df@group-B2671EB745D2-LeaderElection398] INFO  impl.LeaderElection (LeaderElection.java:logAndReturn(56)) - 25d6372c-77fd-4a39-ac2a-e48debad48df@group-B2671EB745D2-LeaderElection398: Election REJECTED; received 2 response(s) [25d6372c-77fd-4a39-ac2a-e48debad48df<-50423279-f647-4a18-8e85-347d68eaf856#0:FAIL-t431, 25d6372c-77fd-4a39-ac2a-e48debad48df<-2ec85f63-33fb-4317-9145-71357d145af9#0:FAIL-t431] and 0 exception(s); 25d6372c-77fd-4a39-ac2a-e48debad48df@group-B2671EB745D2:t431, leader=null, voted=25d6372c-77fd-4a39-ac2a-e48debad48df, raftlog=25d6372c-77fd-4a39-ac2a-e48debad48df@group-B2671EB745D2-SegmentedRaftLog:OPENED:c-1,f-1,i0, conf=-1: [50423279-f647-4a18-8e85-347d68eaf856:192.168.69.88:39583, 2ec85f63-33fb-4317-9145-71357d145af9:192.168.69.88:42357, 25d6372c-77fd-4a39-ac2a-e48debad48df:192.168.69.88:39591], old=null
2019-10-15 16:12:26,205 [25d6372c-77fd-4a39-ac2a-e48debad48df@group-B2671EB745D2-LeaderElection398] INFO  impl.RaftServerImpl (RaftServerImpl.java:setRole(184)) - 25d6372c-77fd-4a39-ac2a-e48debad48df@group-B2671EB745D2: changes role from CANDIDATE to FOLLOWER at term 431 for DISCOVERED_A_NEW_TERM
2019-10-15 16:12:26,205 [25d6372c-77fd-4a39-ac2a-e48debad48df@group-B2671EB745D2-LeaderElection398] INFO  impl.RoleInfo (RoleInfo.java:shutdownLeaderElection(134)) - 25d6372c-77fd-4a39-ac2a-e48debad48df: shutdown LeaderElection
2019-10-15 16:12:26,205 [25d6372c-77fd-4a39-ac2a-e48debad48df@group-B2671EB745D2-LeaderElection398] INFO  impl.RoleInfo (RoleInfo.java:updateAndGet(143)) - 25d6372c-77fd-4a39-ac2a-e48debad48df: start FollowerState
2019-10-15 16:12:26,283 [Thread-2861] INFO  impl.FollowerState (FollowerState.java:run(108)) - 25d6372c-77fd-4a39-ac2a-e48debad48df@group-B2671EB745D2-FollowerState: change to CANDIDATE, lastRpcTime:78ms, electionTimeout:78ms
2019-10-15 16:12:26,283 [Thread-2861] INFO  impl.RoleInfo (RoleInfo.java:shutdownFollowerState(121)) - 25d6372c-77fd-4a39-ac2a-e48debad48df: shutdown FollowerState
2019-10-15 16:12:26,283 [Thread-2861] INFO  impl.RaftServerImpl (RaftServerImpl.java:setRole(184)) - 25d6372c-77fd-4a39-ac2a-e48debad48df@group-B2671EB745D2: changes role from  FOLLOWER to CANDIDATE at term 431 for changeToCandidate
2019-10-15 16:12:26,283 [Thread-2861] INFO  impl.RoleInfo (RoleInfo.java:updateAndGet(143)) - 25d6372c-77fd-4a39-ac2a-e48debad48df: start LeaderElection
2019-10-15 16:12:26,298 [25d6372c-77fd-4a39-ac2a-e48debad48df@group-B2671EB745D2-LeaderElection399] INFO  impl.LeaderElection (LeaderElection.java:askForVotes(178)) - 25d6372c-77fd-4a39-ac2a-e48debad48df@group-B2671EB745D2-LeaderElection399: begin an election at term 432 for -1: [50423279-f647-4a18-8e85-347d68eaf856:192.168.69.88:39583, 2ec85f63-33fb-4317-9145-71357d145af9:192.168.69.88:42357, 25d6372c-77fd-4a39-ac2a-e48debad48df:192.168.69.88:39591], old=null
2019-10-15 16:12:26,300 [grpc-default-executor-5] INFO  impl.RaftServerImpl (RaftServerImpl.java:setRole(184)) - 2ec85f63-33fb-4317-9145-71357d145af9@group-B2671EB745D2: changes role from  FOLLOWER to FOLLOWER at term 432 for recognizeCandidate:25d6372c-77fd-4a39-ac2a-e48debad48df
2019-10-15 16:12:26,300 [grpc-default-executor-5] INFO  impl.RoleInfo (RoleInfo.java:shutdownFollowerState(121)) - 2ec85f63-33fb-4317-9145-71357d145af9: shutdown FollowerState
2019-10-15 16:12:26,300 [grpc-default-executor-5] INFO  impl.RoleInfo (RoleInfo.java:updateAndGet(143)) - 2ec85f63-33fb-4317-9145-71357d145af9: start FollowerState
2019-10-15 16:12:26,300 [Thread-2860] INFO  impl.FollowerState (FollowerState.java:run(117)) - 2ec85f63-33fb-4317-9145-71357d145af9@group-B2671EB745D2-FollowerState was interrupted: java.lang.InterruptedException: sleep interrupted
2019-10-15 16:12:26,300 [grpc-default-executor-0] INFO  impl.RaftServerImpl (RaftServerImpl.java:setRole(184)) - 50423279-f647-4a18-8e85-347d68eaf856@group-B2671EB745D2: changes role from  FOLLOWER to FOLLOWER at term 432 for recognizeCandidate:25d6372c-77fd-4a39-ac2a-e48debad48df
2019-10-15 16:12:26,300 [grpc-default-executor-0] INFO  impl.RoleInfo (RoleInfo.java:shutdownFollowerState(121)) - 50423279-f647-4a18-8e85-347d68eaf856: shutdown FollowerState
2019-10-15 16:12:26,301 [grpc-default-executor-0] INFO  impl.RoleInfo (RoleInfo.java:updateAndGet(143)) - 50423279-f647-4a18-8e85-347d68eaf856: start FollowerState
2019-10-15 16:12:26,301 [Thread-2859] INFO  impl.FollowerState (FollowerState.java:run(117)) - 50423279-f647-4a18-8e85-347d68eaf856@group-B2671EB745D2-FollowerState was interrupted: java.lang.InterruptedException: sleep interrupted
2019-10-15 16:12:26,313 [25d6372c-77fd-4a39-ac2a-e48debad48df@group-B2671EB745D2-LeaderElection399] INFO  impl.LeaderElection (LeaderElection.java:logAndReturn(56)) - 25d6372c-77fd-4a39-ac2a-e48debad48df@group-B2671EB745D2-LeaderElection399: Election REJECTED; received 2 response(s) [25d6372c-77fd-4a39-ac2a-e48debad48df<-2ec85f63-33fb-4317-9145-71357d145af9#0:FAIL-t432, 25d6372c-77fd-4a39-ac2a-e48debad48df<-50423279-f647-4a18-8e85-347d68eaf856#0:FAIL-t432] and 0 exception(s); 25d6372c-77fd-4a39-ac2a-e48debad48df@group-B2671EB745D2:t432, leader=null, voted=25d6372c-77fd-4a39-ac2a-e48debad48df, raftlog=25d6372c-77fd-4a39-ac2a-e48debad48df@group-B2671EB745D2-SegmentedRaftLog:OPENED:c-1,f-1,i0, conf=-1: [50423279-f647-4a18-8e85-347d68eaf856:192.168.69.88:39583, 2ec85f63-33fb-4317-9145-71357d145af9:192.168.69.88:42357, 25d6372c-77fd-4a39-ac2a-e48debad48df:192.168.69.88:39591], old=null
2019-10-15 16:12:26,313 [25d6372c-77fd-4a39-ac2a-e48debad48df@group-B2671EB745D2-LeaderElection399] INFO  impl.RaftServerImpl (RaftServerImpl.java:setRole(184)) - 25d6372c-77fd-4a39-ac2a-e48debad48df@group-B2671EB745D2: changes role from CANDIDATE to FOLLOWER at term 432 for DISCOVERED_A_NEW_TERM
2019-10-15 16:12:26,314 [25d6372c-77fd-4a39-ac2a-e48debad48df@group-B2671EB745D2-LeaderElection399] INFO  impl.RoleInfo (RoleInfo.java:shutdownLeaderElection(134)) - 25d6372c-77fd-4a39-ac2a-e48debad48df: shutdown LeaderElection
2019-10-15 16:12:26,314 [25d6372c-77fd-4a39-ac2a-e48debad48df@group-B2671EB745D2-LeaderElection399] INFO  impl.RoleInfo (RoleInfo.java:updateAndGet(143)) - 25d6372c-77fd-4a39-ac2a-e48debad48df: start FollowerState
2019-10-15 16:12:26,375 [Thread-2867] INFO  impl.FollowerState (FollowerState.java:run(108)) - 25d6372c-77fd-4a39-ac2a-e48debad48df@group-B2671EB745D2-FollowerState: change to CANDIDATE, lastRpcTime:61ms, electionTimeout:61ms
2019-10-15 16:12:26,375 [Thread-2867] INFO  impl.RoleInfo (RoleInfo.java:shutdownFollowerState(121)) - 25d6372c-77fd-4a39-ac2a-e48debad48df: shutdown FollowerState
2019-10-15 16:12:26,375 [Thread-2867] INFO  impl.RaftServerImpl (RaftServerImpl.java:setRole(184)) - 25d6372c-77fd-4a39-ac2a-e48debad48df@group-B2671EB745D2: changes role from  FOLLOWER to CANDIDATE at term 432 for changeToCandidate
2019-10-15 16:12:26,375 [Thread-2867] INFO  impl.RoleInfo (RoleInfo.java:updateAndGet(143)) - 25d6372c-77fd-4a39-ac2a-e48debad48df: start LeaderElection
2019-10-15 16:12:26,389 [25d6372c-77fd-4a39-ac2a-e48debad48df@group-B2671EB745D2-LeaderElection400] INFO  impl.LeaderElection (LeaderElection.java:askForVotes(178)) - 25d6372c-77fd-4a39-ac2a-e48debad48df@group-B2671EB745D2-LeaderElection400: begin an election at term 433 for -1: [50423279-f647-4a18-8e85-347d68eaf856:192.168.69.88:39583, 2ec85f63-33fb-4317-9145-71357d145af9:192.168.69.88:42357, 25d6372c-77fd-4a39-ac2a-e48debad48df:192.168.69.88:39591], old=null
2019-10-15 16:12:26,391 [grpc-default-executor-5] INFO  impl.RaftServerImpl (RaftServerImpl.java:setRole(184)) - 2ec85f63-33fb-4317-9145-71357d145af9@group-B2671EB745D2: changes role from  FOLLOWER to FOLLOWER at term 433 for recognizeCandidate:25d6372c-77fd-4a39-ac2a-e48debad48df
2019-10-15 16:12:26,391 [grpc-default-executor-0] INFO  impl.RaftServerImpl (RaftServerImpl.java:setRole(184)) - 50423279-f647-4a18-8e85-347d68eaf856@group-B2671EB745D2: changes role from  FOLLOWER to FOLLOWER at term 433 for recognizeCandidate:25d6372c-77fd-4a39-ac2a-e48debad48df
2019-10-15 16:12:26,391 [grpc-default-executor-0] INFO  impl.RoleInfo (RoleInfo.java:shutdownFollowerState(121)) - 50423279-f647-4a18-8e85-347d68eaf856: shutdown FollowerState
2019-10-15 16:12:26,391 [grpc-default-executor-5] INFO  impl.RoleInfo (RoleInfo.java:shutdownFollowerState(121)) - 2ec85f63-33fb-4317-9145-71357d145af9: shutdown FollowerState
2019-10-15 16:12:26,391 [Thread-2866] INFO  impl.FollowerState (FollowerState.java:run(117)) - 50423279-f647-4a18-8e85-347d68eaf856@group-B2671EB745D2-FollowerState was interrupted: java.lang.InterruptedException: sleep interrupted
2019-10-15 16:12:26,391 [grpc-default-executor-0] INFO  impl.RoleInfo (RoleInfo.java:updateAndGet(143)) - 50423279-f647-4a18-8e85-347d68eaf856: start FollowerState
2019-10-15 16:12:26,392 [Thread-2865] INFO  impl.FollowerState (FollowerState.java:run(117)) - 2ec85f63-33fb-4317-9145-71357d145af9@group-B2671EB745D2-FollowerState was interrupted: java.lang.InterruptedException: sleep interrupted
2019-10-15 16:12:26,392 [grpc-default-executor-5] INFO  impl.RoleInfo (RoleInfo.java:updateAndGet(143)) - 2ec85f63-33fb-4317-9145-71357d145af9: start FollowerState
2019-10-15 16:12:26,405 [25d6372c-77fd-4a39-ac2a-e48debad48df@group-B2671EB745D2-LeaderElection400] INFO  impl.LeaderElection (LeaderElection.java:logAndReturn(56)) - 25d6372c-77fd-4a39-ac2a-e48debad48df@group-B2671EB745D2-LeaderElection400: Election REJECTED; received 2 response(s) [25d6372c-77fd-4a39-ac2a-e48debad48df<-2ec85f63-33fb-4317-9145-71357d145af9#0:FAIL-t433, 25d6372c-77fd-4a39-ac2a-e48debad48df<-50423279-f647-4a18-8e85-347d68eaf856#0:FAIL-t433] and 0 exception(s); 25d6372c-77fd-4a39-ac2a-e48debad48df@group-B2671EB745D2:t433, leader=null, voted=25d6372c-77fd-4a39-ac2a-e48debad48df, raftlog=25d6372c-77fd-4a39-ac2a-e48debad48df@group-B2671EB745D2-SegmentedRaftLog:OPENED:c-1,f-1,i0, conf=-1: [50423279-f647-4a18-8e85-347d68eaf856:192.168.69.88:39583, 2ec85f63-33fb-4317-9145-71357d145af9:192.168.69.88:42357, 25d6372c-77fd-4a39-ac2a-e48debad48df:192.168.69.88:39591], old=null
2019-10-15 16:12:26,405 [25d6372c-77fd-4a39-ac2a-e48debad48df@group-B2671EB745D2-LeaderElection400] INFO  impl.RaftServerImpl (RaftServerImpl.java:setRole(184)) - 25d6372c-77fd-4a39-ac2a-e48debad48df@group-B2671EB745D2: changes role from CANDIDATE to FOLLOWER at term 433 for DISCOVERED_A_NEW_TERM
2019-10-15 16:12:26,405 [25d6372c-77fd-4a39-ac2a-e48debad48df@group-B2671EB745D2-LeaderElection400] INFO  impl.RoleInfo (RoleInfo.java:shutdownLeaderElection(134)) - 25d6372c-77fd-4a39-ac2a-e48debad48df: shutdown LeaderElection
2019-10-15 16:12:26,405 [25d6372c-77fd-4a39-ac2a-e48debad48df@group-B2671EB745D2-LeaderElection400] INFO  impl.RoleInfo (RoleInfo.java:updateAndGet(143)) - 25d6372c-77fd-4a39-ac2a-e48debad48df: start FollowerState
2019-10-15 16:12:26,432 [Thread-2873] INFO  impl.FollowerState (FollowerState.java:run(108)) - 25d6372c-77fd-4a39-ac2a-e48debad48df@group-B2671EB745D2-FollowerState: change to CANDIDATE, lastRpcTime:26ms, electionTimeout:26ms
2019-10-15 16:12:26,432 [Thread-2873] INFO  impl.RoleInfo (RoleInfo.java:shutdownFollowerState(121)) - 25d6372c-77fd-4a39-ac2a-e48debad48df: shutdown FollowerState
2019-10-15 16:12:26,432 [Thread-2873] INFO  impl.RaftServerImpl (RaftServerImpl.java:setRole(184)) - 25d6372c-77fd-4a39-ac2a-e48debad48df@group-B2671EB745D2: changes role from  FOLLOWER to CANDIDATE at term 433 for changeToCandidate
2019-10-15 16:12:26,432 [Thread-2873] INFO  impl.RoleInfo (RoleInfo.java:updateAndGet(143)) - 25d6372c-77fd-4a39-ac2a-e48debad48df: start LeaderElection
2019-10-15 16:12:26,451 [25d6372c-77fd-4a39-ac2a-e48debad48df@group-B2671EB745D2-LeaderElection401] INFO  impl.LeaderElection (LeaderElection.java:askForVotes(178)) - 25d6372c-77fd-4a39-ac2a-e48debad48df@group-B2671EB745D2-LeaderElection401: begin an election at term 434 for -1: [50423279-f647-4a18-8e85-347d68eaf856:192.168.69.88:39583, 2ec85f63-33fb-4317-9145-71357d145af9:192.168.69.88:42357, 25d6372c-77fd-4a39-ac2a-e48debad48df:192.168.69.88:39591], old=null
2019-10-15 16:12:26,453 [grpc-default-executor-0] INFO  impl.RaftServerImpl (RaftServerImpl.java:setRole(184)) - 50423279-f647-4a18-8e85-347d68eaf856@group-B2671EB745D2: changes role from  FOLLOWER to FOLLOWER at term 434 for recognizeCandidate:25d6372c-77fd-4a39-ac2a-e48debad48df
2019-10-15 16:12:26,453 [grpc-default-executor-0] INFO  impl.RoleInfo (RoleInfo.java:shutdownFollowerState(121)) - 50423279-f647-4a18-8e85-347d68eaf856: shutdown FollowerState
2019-10-15 16:12:26,453 [grpc-default-executor-5] INFO  impl.RaftServerImpl (RaftServerImpl.java:setRole(184)) - 2ec85f63-33fb-4317-9145-71357d145af9@group-B2671EB745D2: changes role from  FOLLOWER to FOLLOWER at term 434 for recognizeCandidate:25d6372c-77fd-4a39-ac2a-e48debad48df
2019-10-15 16:12:26,453 [grpc-default-executor-5] INFO  impl.RoleInfo (RoleInfo.java:shutdownFollowerState(121)) - 2ec85f63-33fb-4317-9145-71357d145af9: shutdown FollowerState
2019-10-15 16:12:26,453 [Thread-2871] INFO  impl.FollowerState (FollowerState.java:run(117)) - 50423279-f647-4a18-8e85-347d68eaf856@group-B2671EB745D2-FollowerState was interrupted: java.lang.InterruptedException: sleep interrupted
2019-10-15 16:12:26,453 [grpc-default-executor-0] INFO  impl.RoleInfo (RoleInfo.java:updateAndGet(143)) - 50423279-f647-4a18-8e85-347d68eaf856: start FollowerState
2019-10-15 16:12:26,453 [Thread-2872] INFO  impl.FollowerState (FollowerState.java:run(117)) - 2ec85f63-33fb-4317-9145-71357d145af9@group-B2671EB745D2-FollowerState was interrupted: java.lang.InterruptedException: sleep interrupted
2019-10-15 16:12:26,453 [grpc-default-executor-5] INFO  impl.RoleInfo (RoleInfo.java:updateAndGet(143)) - 2ec85f63-33fb-4317-9145-71357d145af9: start FollowerState
2019-10-15 16:12:26,466 [25d6372c-77fd-4a39-ac2a-e48debad48df@group-B2671EB745D2-LeaderElection401] INFO  impl.LeaderElection (LeaderElection.java:logAndReturn(56)) - 25d6372c-77fd-4a39-ac2a-e48debad48df@group-B2671EB745D2-LeaderElection401: Election REJECTED; received 2 response(s) [25d6372c-77fd-4a39-ac2a-e48debad48df<-50423279-f647-4a18-8e85-347d68eaf856#0:FAIL-t434, 25d6372c-77fd-4a39-ac2a-e48debad48df<-2ec85f63-33fb-4317-9145-71357d145af9#0:FAIL-t434] and 0 exception(s); 25d6372c-77fd-4a39-ac2a-e48debad48df@group-B2671EB745D2:t434, leader=null, voted=25d6372c-77fd-4a39-ac2a-e48debad48df, raftlog=25d6372c-77fd-4a39-ac2a-e48debad48df@group-B2671EB745D2-SegmentedRaftLog:OPENED:c-1,f-1,i0, conf=-1: [50423279-f647-4a18-8e85-347d68eaf856:192.168.69.88:39583, 2ec85f63-33fb-4317-9145-71357d145af9:192.168.69.88:42357, 25d6372c-77fd-4a39-ac2a-e48debad48df:192.168.69.88:39591], old=null
2019-10-15 16:12:26,467 [25d6372c-77fd-4a39-ac2a-e48debad48df@group-B2671EB745D2-LeaderElection401] INFO  impl.RaftServerImpl (RaftServerImpl.java:setRole(184)) - 25d6372c-77fd-4a39-ac2a-e48debad48df@group-B2671EB745D2: changes role from CANDIDATE to FOLLOWER at term 434 for DISCOVERED_A_NEW_TERM
2019-10-15 16:12:26,467 [25d6372c-77fd-4a39-ac2a-e48debad48df@group-B2671EB745D2-LeaderElection401] INFO  impl.RoleInfo (RoleInfo.java:shutdownLeaderElection(134)) - 25d6372c-77fd-4a39-ac2a-e48debad48df: shutdown LeaderElection
2019-10-15 16:12:26,467 [25d6372c-77fd-4a39-ac2a-e48debad48df@group-B2671EB745D2-LeaderElection401] INFO  impl.RoleInfo (RoleInfo.java:updateAndGet(143)) - 25d6372c-77fd-4a39-ac2a-e48debad48df: start FollowerState
2019-10-15 16:12:26,576 [Thread-2880] INFO  impl.FollowerState (FollowerState.java:run(108)) - 25d6372c-77fd-4a39-ac2a-e48debad48df@group-B2671EB745D2-FollowerState: change to CANDIDATE, lastRpcTime:109ms, electionTimeout:109ms
2019-10-15 16:12:26,576 [Thread-2880] INFO  impl.RoleInfo (RoleInfo.java:shutdownFollowerState(121)) - 25d6372c-77fd-4a39-ac2a-e48debad48df: shutdown FollowerState
2019-10-15 16:12:26,577 [Thread-2880] INFO  impl.RaftServerImpl (RaftServerImpl.java:setRole(184)) - 25d6372c-77fd-4a39-ac2a-e48debad48df@group-B2671EB745D2: changes role from  FOLLOWER to CANDIDATE at term 434 for changeToCandidate
2019-10-15 16:12:26,577 [Thread-2880] INFO  impl.RoleInfo (RoleInfo.java:updateAndGet(143)) - 25d6372c-77fd-4a39-ac2a-e48debad48df: start LeaderElection
2019-10-15 16:12:26,586 [25d6372c-77fd-4a39-ac2a-e48debad48df@group-B2671EB745D2-LeaderElection402] INFO  impl.LeaderElection (LeaderElection.java:askForVotes(178)) - 25d6372c-77fd-4a39-ac2a-e48debad48df@group-B2671EB745D2-LeaderElection402: begin an election at term 435 for -1: [50423279-f647-4a18-8e85-347d68eaf856:192.168.69.88:39583, 2ec85f63-33fb-4317-9145-71357d145af9:192.168.69.88:42357, 25d6372c-77fd-4a39-ac2a-e48debad48df:192.168.69.88:39591], old=null
2019-10-15 16:12:26,587 [grpc-default-executor-5] INFO  impl.RaftServerImpl (RaftServerImpl.java:setRole(184)) - 50423279-f647-4a18-8e85-347d68eaf856@group-B2671EB745D2: changes role from  FOLLOWER to FOLLOWER at term 435 for recognizeCandidate:25d6372c-77fd-4a39-ac2a-e48debad48df
2019-10-15 16:12:26,587 [grpc-default-executor-0] INFO  impl.RaftServerImpl (RaftServerImpl.java:setRole(184)) - 2ec85f63-33fb-4317-9145-71357d145af9@group-B2671EB745D2: changes role from  FOLLOWER to FOLLOWER at term 435 for recognizeCandidate:25d6372c-77fd-4a39-ac2a-e48debad48df
2019-10-15 16:12:26,587 [grpc-default-executor-5] INFO  impl.RoleInfo (RoleInfo.java:shutdownFollowerState(121)) - 50423279-f647-4a18-8e85-347d68eaf856: shutdown FollowerState
2019-10-15 16:12:26,588 [grpc-default-executor-0] INFO  impl.RoleInfo (RoleInfo.java:shutdownFollowerState(121)) - 2ec85f63-33fb-4317-9145-71357d145af9: shutdown FollowerState
2019-10-15 16:12:26,588 [Thread-2878] INFO  impl.FollowerState (FollowerState.java:run(117)) - 50423279-f647-4a18-8e85-347d68eaf856@group-B2671EB745D2-FollowerState was interrupted: java.lang.InterruptedException: sleep interrupted
2019-10-15 16:12:26,588 [grpc-default-executor-5] INFO  impl.RoleInfo (RoleInfo.java:updateAndGet(143)) - 50423279-f647-4a18-8e85-347d68eaf856: start FollowerState
2019-10-15 16:12:26,588 [grpc-default-executor-0] INFO  impl.RoleInfo (RoleInfo.java:updateAndGet(143)) - 2ec85f63-33fb-4317-9145-71357d145af9: start FollowerState
2019-10-15 16:12:26,588 [Thread-2879] INFO  impl.FollowerState (FollowerState.java:run(117)) - 2ec85f63-33fb-4317-9145-71357d145af9@group-B2671EB745D2-FollowerState was interrupted: java.lang.InterruptedException: sleep interrupted
2019-10-15 16:12:26,602 [25d6372c-77fd-4a39-ac2a-e48debad48df@group-B2671EB745D2-LeaderElection402] INFO  impl.LeaderElection (LeaderElection.java:logAndReturn(56)) - 25d6372c-77fd-4a39-ac2a-e48debad48df@group-B2671EB745D2-LeaderElection402: Election REJECTED; received 2 response(s) [25d6372c-77fd-4a39-ac2a-e48debad48df<-2ec85f63-33fb-4317-9145-71357d145af9#0:FAIL-t435, 25d6372c-77fd-4a39-ac2a-e48debad48df<-50423279-f647-4a18-8e85-347d68eaf856#0:FAIL-t435] and 0 exception(s); 25d6372c-77fd-4a39-ac2a-e48debad48df@group-B2671EB745D2:t435, leader=null, voted=25d6372c-77fd-4a39-ac2a-e48debad48df, raftlog=25d6372c-77fd-4a39-ac2a-e48debad48df@group-B2671EB745D2-SegmentedRaftLog:OPENED:c-1,f-1,i0, conf=-1: [50423279-f647-4a18-8e85-347d68eaf856:192.168.69.88:39583, 2ec85f63-33fb-4317-9145-71357d145af9:192.168.69.88:42357, 25d6372c-77fd-4a39-ac2a-e48debad48df:192.168.69.88:39591], old=null
2019-10-15 16:12:26,602 [25d6372c-77fd-4a39-ac2a-e48debad48df@group-B2671EB745D2-LeaderElection402] INFO  impl.RaftServerImpl (RaftServerImpl.java:setRole(184)) - 25d6372c-77fd-4a39-ac2a-e48debad48df@group-B2671EB745D2: changes role from CANDIDATE to FOLLOWER at term 435 for DISCOVERED_A_NEW_TERM
2019-10-15 16:12:26,602 [25d6372c-77fd-4a39-ac2a-e48debad48df@group-B2671EB745D2-LeaderElection402] INFO  impl.RoleInfo (RoleInfo.java:shutdownLeaderElection(134)) - 25d6372c-77fd-4a39-ac2a-e48debad48df: shutdown LeaderElection
2019-10-15 16:12:26,602 [25d6372c-77fd-4a39-ac2a-e48debad48df@group-B2671EB745D2-LeaderElection402] INFO  impl.RoleInfo (RoleInfo.java:updateAndGet(143)) - 25d6372c-77fd-4a39-ac2a-e48debad48df: start FollowerState
2019-10-15 16:12:26,624 [Thread-2887] INFO  impl.FollowerState (FollowerState.java:run(108)) - 25d6372c-77fd-4a39-ac2a-e48debad48df@group-B2671EB745D2-FollowerState: change to CANDIDATE, lastRpcTime:22ms, electionTimeout:22ms
2019-10-15 16:12:26,625 [Thread-2887] INFO  impl.RoleInfo (RoleInfo.java:shutdownFollowerState(121)) - 25d6372c-77fd-4a39-ac2a-e48debad48df: shutdown FollowerState
2019-10-15 16:12:26,625 [Thread-2887] INFO  impl.RaftServerImpl (RaftServerImpl.java:setRole(184)) - 25d6372c-77fd-4a39-ac2a-e48debad48df@group-B2671EB745D2: changes role from  FOLLOWER to CANDIDATE at term 435 for changeToCandidate
2019-10-15 16:12:26,625 [Thread-2887] INFO  impl.RoleInfo (RoleInfo.java:updateAndGet(143)) - 25d6372c-77fd-4a39-ac2a-e48debad48df: start LeaderElection
2019-10-15 16:12:26,639 [25d6372c-77fd-4a39-ac2a-e48debad48df@group-B2671EB745D2-LeaderElection403] INFO  impl.LeaderElection (LeaderElection.java:askForVotes(178)) - 25d6372c-77fd-4a39-ac2a-e48debad48df@group-B2671EB745D2-LeaderElection403: begin an election at term 436 for -1: [50423279-f647-4a18-8e85-347d68eaf856:192.168.69.88:39583, 2ec85f63-33fb-4317-9145-71357d145af9:192.168.69.88:42357, 25d6372c-77fd-4a39-ac2a-e48debad48df:192.168.69.88:39591], old=null
2019-10-15 16:12:26,641 [grpc-default-executor-5] INFO  impl.RaftServerImpl (RaftServerImpl.java:setRole(184)) - 2ec85f63-33fb-4317-9145-71357d145af9@group-B2671EB745D2: changes role from  FOLLOWER to FOLLOWER at term 436 for recognizeCandidate:25d6372c-77fd-4a39-ac2a-e48debad48df
2019-10-15 16:12:26,641 [grpc-default-executor-0] INFO  impl.RaftServerImpl (RaftServerImpl.java:setRole(184)) - 50423279-f647-4a18-8e85-347d68eaf856@group-B2671EB745D2: changes role from  FOLLOWER to FOLLOWER at term 436 for recognizeCandidate:25d6372c-77fd-4a39-ac2a-e48debad48df
2019-10-15 16:12:26,641 [grpc-default-executor-0] INFO  impl.RoleInfo (RoleInfo.java:shutdownFollowerState(121)) - 50423279-f647-4a18-8e85-347d68eaf856: shutdown FollowerState
2019-10-15 16:12:26,641 [grpc-default-executor-5] INFO  impl.RoleInfo (RoleInfo.java:shutdownFollowerState(121)) - 2ec85f63-33fb-4317-9145-71357d145af9: shutdown FollowerState
2019-10-15 16:12:26,641 [Thread-2885] INFO  impl.FollowerState (FollowerState.java:run(117)) - 50423279-f647-4a18-8e85-347d68eaf856@group-B2671EB745D2-FollowerState was interrupted: java.lang.InterruptedException: sleep interrupted
2019-10-15 16:12:26,641 [Thread-2886] INFO  impl.FollowerState (FollowerState.java:run(117)) - 2ec85f63-33fb-4317-9145-71357d145af9@group-B2671EB745D2-FollowerState was interrupted: java.lang.InterruptedException: sleep interrupted
2019-10-15 16:12:26,641 [grpc-default-executor-0] INFO  impl.RoleInfo (RoleInfo.java:updateAndGet(143)) - 50423279-f647-4a18-8e85-347d68eaf856: start FollowerState
2019-10-15 16:12:26,641 [grpc-default-executor-5] INFO  impl.RoleInfo (RoleInfo.java:updateAndGet(143)) - 2ec85f63-33fb-4317-9145-71357d145af9: start FollowerState
2019-10-15 16:12:26,653 [25d6372c-77fd-4a39-ac2a-e48debad48df@group-B2671EB745D2-LeaderElection403] INFO  impl.LeaderElection (LeaderElection.java:logAndReturn(56)) - 25d6372c-77fd-4a39-ac2a-e48debad48df@group-B2671EB745D2-LeaderElection403: Election REJECTED; received 2 response(s) [25d6372c-77fd-4a39-ac2a-e48debad48df<-50423279-f647-4a18-8e85-347d68eaf856#0:FAIL-t436, 25d6372c-77fd-4a39-ac2a-e48debad48df<-2ec85f63-33fb-4317-9145-71357d145af9#0:FAIL-t436] and 0 exception(s); 25d6372c-77fd-4a39-ac2a-e48debad48df@group-B2671EB745D2:t436, leader=null, voted=25d6372c-77fd-4a39-ac2a-e48debad48df, raftlog=25d6372c-77fd-4a39-ac2a-e48debad48df@group-B2671EB745D2-SegmentedRaftLog:OPENED:c-1,f-1,i0, conf=-1: [50423279-f647-4a18-8e85-347d68eaf856:192.168.69.88:39583, 2ec85f63-33fb-4317-9145-71357d145af9:192.168.69.88:42357, 25d6372c-77fd-4a39-ac2a-e48debad48df:192.168.69.88:39591], old=null
2019-10-15 16:12:26,653 [25d6372c-77fd-4a39-ac2a-e48debad48df@group-B2671EB745D2-LeaderElection403] INFO  impl.RaftServerImpl (RaftServerImpl.java:setRole(184)) - 25d6372c-77fd-4a39-ac2a-e48debad48df@group-B2671EB745D2: changes role from CANDIDATE to FOLLOWER at term 436 for DISCOVERED_A_NEW_TERM
2019-10-15 16:12:26,653 [25d6372c-77fd-4a39-ac2a-e48debad48df@group-B2671EB745D2-LeaderElection403] INFO  impl.RoleInfo (RoleInfo.java:shutdownLeaderElection(134)) - 25d6372c-77fd-4a39-ac2a-e48debad48df: shutdown LeaderElection
2019-10-15 16:12:26,653 [25d6372c-77fd-4a39-ac2a-e48debad48df@group-B2671EB745D2-LeaderElection403] INFO  impl.RoleInfo (RoleInfo.java:updateAndGet(143)) - 25d6372c-77fd-4a39-ac2a-e48debad48df: start FollowerState
2019-10-15 16:12:26,732 [Thread-2893] INFO  impl.FollowerState (FollowerState.java:run(108)) - 25d6372c-77fd-4a39-ac2a-e48debad48df@group-B2671EB745D2-FollowerState: change to CANDIDATE, lastRpcTime:78ms, electionTimeout:78ms
2019-10-15 16:12:26,732 [Thread-2893] INFO  impl.RoleInfo (RoleInfo.java:shutdownFollowerState(121)) - 25d6372c-77fd-4a39-ac2a-e48debad48df: shutdown FollowerState
2019-10-15 16:12:26,732 [Thread-2893] INFO  impl.RaftServerImpl (RaftServerImpl.java:setRole(184)) - 25d6372c-77fd-4a39-ac2a-e48debad48df@group-B2671EB745D2: changes role from  FOLLOWER to CANDIDATE at term 436 for changeToCandidate
2019-10-15 16:12:26,732 [Thread-2893] INFO  impl.RoleInfo (RoleInfo.java:updateAndGet(143)) - 25d6372c-77fd-4a39-ac2a-e48debad48df: start LeaderElection
2019-10-15 16:12:26,747 [25d6372c-77fd-4a39-ac2a-e48debad48df@group-B2671EB745D2-LeaderElection404] INFO  impl.LeaderElection (LeaderElection.java:askForVotes(178)) - 25d6372c-77fd-4a39-ac2a-e48debad48df@group-B2671EB745D2-LeaderElection404: begin an election at term 437 for -1: [50423279-f647-4a18-8e85-347d68eaf856:192.168.69.88:39583, 2ec85f63-33fb-4317-9145-71357d145af9:192.168.69.88:42357, 25d6372c-77fd-4a39-ac2a-e48debad48df:192.168.69.88:39591], old=null
2019-10-15 16:12:26,749 [grpc-default-executor-0] INFO  impl.RaftServerImpl (RaftServerImpl.java:setRole(184)) - 50423279-f647-4a18-8e85-347d68eaf856@group-B2671EB745D2: changes role from  FOLLOWER to FOLLOWER at term 437 for recognizeCandidate:25d6372c-77fd-4a39-ac2a-e48debad48df
2019-10-15 16:12:26,749 [grpc-default-executor-0] INFO  impl.RoleInfo (RoleInfo.java:shutdownFollowerState(121)) - 50423279-f647-4a18-8e85-347d68eaf856: shutdown FollowerState
2019-10-15 16:12:26,749 [grpc-default-executor-5] INFO  impl.RaftServerImpl (RaftServerImpl.java:setRole(184)) - 2ec85f63-33fb-4317-9145-71357d145af9@group-B2671EB745D2: changes role from  FOLLOWER to FOLLOWER at term 437 for recognizeCandidate:25d6372c-77fd-4a39-ac2a-e48debad48df
2019-10-15 16:12:26,749 [Thread-2891] INFO  impl.FollowerState (FollowerState.java:run(117)) - 50423279-f647-4a18-8e85-347d68eaf856@group-B2671EB745D2-FollowerState was interrupted: java.lang.InterruptedException: sleep interrupted
2019-10-15 16:12:26,749 [grpc-default-executor-0] INFO  impl.RoleInfo (RoleInfo.java:updateAndGet(143)) - 50423279-f647-4a18-8e85-347d68eaf856: start FollowerState
2019-10-15 16:12:26,749 [grpc-default-executor-5] INFO  impl.RoleInfo (RoleInfo.java:shutdownFollowerState(121)) - 2ec85f63-33fb-4317-9145-71357d145af9: shutdown FollowerState
2019-10-15 16:12:26,750 [Thread-2892] INFO  impl.FollowerState (FollowerState.java:run(117)) - 2ec85f63-33fb-4317-9145-71357d145af9@group-B2671EB745D2-FollowerState was interrupted: java.lang.InterruptedException: sleep interrupted
2019-10-15 16:12:26,750 [grpc-default-executor-5] INFO  impl.RoleInfo (RoleInfo.java:updateAndGet(143)) - 2ec85f63-33fb-4317-9145-71357d145af9: start FollowerState
2019-10-15 16:12:26,762 [25d6372c-77fd-4a39-ac2a-e48debad48df@group-B2671EB745D2-LeaderElection404] INFO  impl.LeaderElection (LeaderElection.java:logAndReturn(56)) - 25d6372c-77fd-4a39-ac2a-e48debad48df@group-B2671EB745D2-LeaderElection404: Election REJECTED; received 2 response(s) [25d6372c-77fd-4a39-ac2a-e48debad48df<-50423279-f647-4a18-8e85-347d68eaf856#0:FAIL-t437, 25d6372c-77fd-4a39-ac2a-e48debad48df<-2ec85f63-33fb-4317-9145-71357d145af9#0:FAIL-t437] and 0 exception(s); 25d6372c-77fd-4a39-ac2a-e48debad48df@group-B2671EB745D2:t437, leader=null, voted=25d6372c-77fd-4a39-ac2a-e48debad48df, raftlog=25d6372c-77fd-4a39-ac2a-e48debad48df@group-B2671EB745D2-SegmentedRaftLog:OPENED:c-1,f-1,i0, conf=-1: [50423279-f647-4a18-8e85-347d68eaf856:192.168.69.88:39583, 2ec85f63-33fb-4317-9145-71357d145af9:192.168.69.88:42357, 25d6372c-77fd-4a39-ac2a-e48debad48df:192.168.69.88:39591], old=null
2019-10-15 16:12:26,762 [25d6372c-77fd-4a39-ac2a-e48debad48df@group-B2671EB745D2-LeaderElection404] INFO  impl.RaftServerImpl (RaftServerImpl.java:setRole(184)) - 25d6372c-77fd-4a39-ac2a-e48debad48df@group-B2671EB745D2: changes role from CANDIDATE to FOLLOWER at term 437 for DISCOVERED_A_NEW_TERM
2019-10-15 16:12:26,762 [25d6372c-77fd-4a39-ac2a-e48debad48df@group-B2671EB745D2-LeaderElection404] INFO  impl.RoleInfo (RoleInfo.java:shutdownLeaderElection(134)) - 25d6372c-77fd-4a39-ac2a-e48debad48df: shutdown LeaderElection
2019-10-15 16:12:26,762 [25d6372c-77fd-4a39-ac2a-e48debad48df@group-B2671EB745D2-LeaderElection404] INFO  impl.RoleInfo (RoleInfo.java:updateAndGet(143)) - 25d6372c-77fd-4a39-ac2a-e48debad48df: start FollowerState
2019-10-15 16:12:26,815 [Thread-2899] INFO  impl.FollowerState (FollowerState.java:run(108)) - 25d6372c-77fd-4a39-ac2a-e48debad48df@group-B2671EB745D2-FollowerState: change to CANDIDATE, lastRpcTime:52ms, electionTimeout:52ms
2019-10-15 16:12:26,815 [Thread-2899] INFO  impl.RoleInfo (RoleInfo.java:shutdownFollowerState(121)) - 25d6372c-77fd-4a39-ac2a-e48debad48df: shutdown FollowerState
2019-10-15 16:12:26,815 [Thread-2899] INFO  impl.RaftServerImpl (RaftServerImpl.java:setRole(184)) - 25d6372c-77fd-4a39-ac2a-e48debad48df@group-B2671EB745D2: changes role from  FOLLOWER to CANDIDATE at term 437 for changeToCandidate
2019-10-15 16:12:26,815 [Thread-2899] INFO  impl.RoleInfo (RoleInfo.java:updateAndGet(143)) - 25d6372c-77fd-4a39-ac2a-e48debad48df: start LeaderElection
2019-10-15 16:12:26,828 [25d6372c-77fd-4a39-ac2a-e48debad48df@group-B2671EB745D2-LeaderElection405] INFO  impl.LeaderElection (LeaderElection.java:askForVotes(178)) - 25d6372c-77fd-4a39-ac2a-e48debad48df@group-B2671EB745D2-LeaderElection405: begin an election at term 438 for -1: [50423279-f647-4a18-8e85-347d68eaf856:192.168.69.88:39583, 2ec85f63-33fb-4317-9145-71357d145af9:192.168.69.88:42357, 25d6372c-77fd-4a39-ac2a-e48debad48df:192.168.69.88:39591], old=null
2019-10-15 16:12:26,829 [grpc-default-executor-5] INFO  impl.RaftServerImpl (RaftServerImpl.java:setRole(184)) - 50423279-f647-4a18-8e85-347d68eaf856@group-B2671EB745D2: changes role from  FOLLOWER to FOLLOWER at term 438 for recognizeCandidate:25d6372c-77fd-4a39-ac2a-e48debad48df
2019-10-15 16:12:26,829 [grpc-default-executor-5] INFO  impl.RoleInfo (RoleInfo.java:shutdownFollowerState(121)) - 50423279-f647-4a18-8e85-347d68eaf856: shutdown FollowerState
2019-10-15 16:12:26,829 [grpc-default-executor-5] INFO  impl.RoleInfo (RoleInfo.java:updateAndGet(143)) - 50423279-f647-4a18-8e85-347d68eaf856: start FollowerState
2019-10-15 16:12:26,829 [Thread-2897] INFO  impl.FollowerState (FollowerState.java:run(117)) - 50423279-f647-4a18-8e85-347d68eaf856@group-B2671EB745D2-FollowerState was interrupted: java.lang.InterruptedException: sleep interrupted
2019-10-15 16:12:26,829 [grpc-default-executor-0] INFO  impl.RaftServerImpl (RaftServerImpl.java:setRole(184)) - 2ec85f63-33fb-4317-9145-71357d145af9@group-B2671EB745D2: changes role from  FOLLOWER to FOLLOWER at term 438 for recognizeCandidate:25d6372c-77fd-4a39-ac2a-e48debad48df
2019-10-15 16:12:26,830 [grpc-default-executor-0] INFO  impl.RoleInfo (RoleInfo.java:shutdownFollowerState(121)) - 2ec85f63-33fb-4317-9145-71357d145af9: shutdown FollowerState
2019-10-15 16:12:26,830 [grpc-default-executor-0] INFO  impl.RoleInfo (RoleInfo.java:updateAndGet(143)) - 2ec85f63-33fb-4317-9145-71357d145af9: start FollowerState
2019-10-15 16:12:26,830 [Thread-2898] INFO  impl.FollowerState (FollowerState.java:run(117)) - 2ec85f63-33fb-4317-9145-71357d145af9@group-B2671EB745D2-FollowerState was interrupted: java.lang.InterruptedException: sleep interrupted
2019-10-15 16:12:26,844 [25d6372c-77fd-4a39-ac2a-e48debad48df@group-B2671EB745D2-LeaderElection405] INFO  impl.LeaderElection (LeaderElection.java:logAndReturn(56)) - 25d6372c-77fd-4a39-ac2a-e48debad48df@group-B2671EB745D2-LeaderElection405: Election REJECTED; received 2 response(s) [25d6372c-77fd-4a39-ac2a-e48debad48df<-50423279-f647-4a18-8e85-347d68eaf856#0:FAIL-t438, 25d6372c-77fd-4a39-ac2a-e48debad48df<-2ec85f63-33fb-4317-9145-71357d145af9#0:FAIL-t438] and 0 exception(s); 25d6372c-77fd-4a39-ac2a-e48debad48df@group-B2671EB745D2:t438, leader=null, voted=25d6372c-77fd-4a39-ac2a-e48debad48df, raftlog=25d6372c-77fd-4a39-ac2a-e48debad48df@group-B2671EB745D2-SegmentedRaftLog:OPENED:c-1,f-1,i0, conf=-1: [50423279-f647-4a18-8e85-347d68eaf856:192.168.69.88:39583, 2ec85f63-33fb-4317-9145-71357d145af9:192.168.69.88:42357, 25d6372c-77fd-4a39-ac2a-e48debad48df:192.168.69.88:39591], old=null
2019-10-15 16:12:26,844 [25d6372c-77fd-4a39-ac2a-e48debad48df@group-B2671EB745D2-LeaderElection405] INFO  impl.RaftServerImpl (RaftServerImpl.java:setRole(184)) - 25d6372c-77fd-4a39-ac2a-e48debad48df@group-B2671EB745D2: changes role from CANDIDATE to FOLLOWER at term 438 for DISCOVERED_A_NEW_TERM
2019-10-15 16:12:26,844 [25d6372c-77fd-4a39-ac2a-e48debad48df@group-B2671EB745D2-LeaderElection405] INFO  impl.RoleInfo (RoleInfo.java:shutdownLeaderElection(134)) - 25d6372c-77fd-4a39-ac2a-e48debad48df: shutdown LeaderElection
2019-10-15 16:12:26,844 [25d6372c-77fd-4a39-ac2a-e48debad48df@group-B2671EB745D2-LeaderElection405] INFO  impl.RoleInfo (RoleInfo.java:updateAndGet(143)) - 25d6372c-77fd-4a39-ac2a-e48debad48df: start FollowerState
2019-10-15 16:12:27,002 [Thread-2907] INFO  impl.FollowerState (FollowerState.java:run(108)) - 25d6372c-77fd-4a39-ac2a-e48debad48df@group-B2671EB745D2-FollowerState: change to CANDIDATE, lastRpcTime:158ms, electionTimeout:158ms
2019-10-15 16:12:27,003 [Thread-2907] INFO  impl.RoleInfo (RoleInfo.java:shutdownFollowerState(121)) - 25d6372c-77fd-4a39-ac2a-e48debad48df: shutdown FollowerState
2019-10-15 16:12:27,003 [Thread-2907] INFO  impl.RaftServerImpl (RaftServerImpl.java:setRole(184)) - 25d6372c-77fd-4a39-ac2a-e48debad48df@group-B2671EB745D2: changes role from  FOLLOWER to CANDIDATE at term 438 for changeToCandidate
2019-10-15 16:12:27,003 [Thread-2907] INFO  impl.RoleInfo (RoleInfo.java:updateAndGet(143)) - 25d6372c-77fd-4a39-ac2a-e48debad48df: start LeaderElection
2019-10-15 16:12:27,007 [25d6372c-77fd-4a39-ac2a-e48debad48df@group-B2671EB745D2-LeaderElection406] INFO  impl.LeaderElection (LeaderElection.java:askForVotes(178)) - 25d6372c-77fd-4a39-ac2a-e48debad48df@group-B2671EB745D2-LeaderElection406: begin an election at term 439 for -1: [50423279-f647-4a18-8e85-347d68eaf856:192.168.69.88:39583, 2ec85f63-33fb-4317-9145-71357d145af9:192.168.69.88:42357, 25d6372c-77fd-4a39-ac2a-e48debad48df:192.168.69.88:39591], old=null
2019-10-15 16:12:27,008 [grpc-default-executor-0] INFO  impl.RaftServerImpl (RaftServerImpl.java:setRole(184)) - 50423279-f647-4a18-8e85-347d68eaf856@group-B2671EB745D2: changes role from  FOLLOWER to FOLLOWER at term 439 for recognizeCandidate:25d6372c-77fd-4a39-ac2a-e48debad48df
2019-10-15 16:12:27,008 [grpc-default-executor-5] INFO  impl.RaftServerImpl (RaftServerImpl.java:setRole(184)) - 2ec85f63-33fb-4317-9145-71357d145af9@group-B2671EB745D2: changes role from  FOLLOWER to FOLLOWER at term 439 for recognizeCandidate:25d6372c-77fd-4a39-ac2a-e48debad48df
2019-10-15 16:12:27,008 [grpc-default-executor-0] INFO  impl.RoleInfo (RoleInfo.java:shutdownFollowerState(121)) - 50423279-f647-4a18-8e85-347d68eaf856: shutdown FollowerState
2019-10-15 16:12:27,008 [grpc-default-executor-5] INFO  impl.RoleInfo (RoleInfo.java:shutdownFollowerState(121)) - 2ec85f63-33fb-4317-9145-71357d145af9: shutdown FollowerState
2019-10-15 16:12:27,009 [Thread-2905] INFO  impl.FollowerState (FollowerState.java:run(117)) - 50423279-f647-4a18-8e85-347d68eaf856@group-B2671EB745D2-FollowerState was interrupted: java.lang.InterruptedException: sleep interrupted
2019-10-15 16:12:27,009 [Thread-2906] INFO  impl.FollowerState (FollowerState.java:run(117)) - 2ec85f63-33fb-4317-9145-71357d145af9@group-B2671EB745D2-FollowerState was interrupted: java.lang.InterruptedException: sleep interrupted
2019-10-15 16:12:27,009 [grpc-default-executor-0] INFO  impl.RoleInfo (RoleInfo.java:updateAndGet(143)) - 50423279-f647-4a18-8e85-347d68eaf856: start FollowerState
2019-10-15 16:12:27,009 [grpc-default-executor-5] INFO  impl.RoleInfo (RoleInfo.java:updateAndGet(143)) - 2ec85f63-33fb-4317-9145-71357d145af9: start FollowerState
2019-10-15 16:12:27,013 [25d6372c-77fd-4a39-ac2a-e48debad48df@group-B2671EB745D2-LeaderElection406] INFO  impl.LeaderElection (LeaderElection.java:logAndReturn(56)) - 25d6372c-77fd-4a39-ac2a-e48debad48df@group-B2671EB745D2-LeaderElection406: Election REJECTED; received 2 response(s) [25d6372c-77fd-4a39-ac2a-e48debad48df<-50423279-f647-4a18-8e85-347d68eaf856#0:FAIL-t439, 25d6372c-77fd-4a39-ac2a-e48debad48df<-2ec85f63-33fb-4317-9145-71357d145af9#0:FAIL-t439] and 0 exception(s); 25d6372c-77fd-4a39-ac2a-e48debad48df@group-B2671EB745D2:t439, leader=null, voted=25d6372c-77fd-4a39-ac2a-e48debad48df, raftlog=25d6372c-77fd-4a39-ac2a-e48debad48df@group-B2671EB745D2-SegmentedRaftLog:OPENED:c-1,f-1,i0, conf=-1: [50423279-f647-4a18-8e85-347d68eaf856:192.168.69.88:39583, 2ec85f63-33fb-4317-9145-71357d145af9:192.168.69.88:42357, 25d6372c-77fd-4a39-ac2a-e48debad48df:192.168.69.88:39591], old=null
2019-10-15 16:12:27,014 [25d6372c-77fd-4a39-ac2a-e48debad48df@group-B2671EB745D2-LeaderElection406] INFO  impl.RaftServerImpl (RaftServerImpl.java:setRole(184)) - 25d6372c-77fd-4a39-ac2a-e48debad48df@group-B2671EB745D2: changes role from CANDIDATE to FOLLOWER at term 439 for DISCOVERED_A_NEW_TERM
2019-10-15 16:12:27,014 [25d6372c-77fd-4a39-ac2a-e48debad48df@group-B2671EB745D2-LeaderElection406] INFO  impl.RoleInfo (RoleInfo.java:shutdownLeaderElection(134)) - 25d6372c-77fd-4a39-ac2a-e48debad48df: shutdown LeaderElection
2019-10-15 16:12:27,014 [25d6372c-77fd-4a39-ac2a-e48debad48df@group-B2671EB745D2-LeaderElection406] INFO  impl.RoleInfo (RoleInfo.java:updateAndGet(143)) - 25d6372c-77fd-4a39-ac2a-e48debad48df: start FollowerState
2019-10-15 16:12:27,143 [Thread-2913] INFO  impl.FollowerState (FollowerState.java:run(108)) - 25d6372c-77fd-4a39-ac2a-e48debad48df@group-B2671EB745D2-FollowerState: change to CANDIDATE, lastRpcTime:129ms, electionTimeout:129ms
2019-10-15 16:12:27,143 [Thread-2913] INFO  impl.RoleInfo (RoleInfo.java:shutdownFollowerState(121)) - 25d6372c-77fd-4a39-ac2a-e48debad48df: shutdown FollowerState
2019-10-15 16:12:27,143 [Thread-2913] INFO  impl.RaftServerImpl (RaftServerImpl.java:setRole(184)) - 25d6372c-77fd-4a39-ac2a-e48debad48df@group-B2671EB745D2: changes role from  FOLLOWER to CANDIDATE at term 439 for changeToCandidate
2019-10-15 16:12:27,144 [Thread-2913] INFO  impl.RoleInfo (RoleInfo.java:updateAndGet(143)) - 25d6372c-77fd-4a39-ac2a-e48debad48df: start LeaderElection
2019-10-15 16:12:27,157 [25d6372c-77fd-4a39-ac2a-e48debad48df@group-B2671EB745D2-LeaderElection407] INFO  impl.LeaderElection (LeaderElection.java:askForVotes(178)) - 25d6372c-77fd-4a39-ac2a-e48debad48df@group-B2671EB745D2-LeaderElection407: begin an election at term 440 for -1: [50423279-f647-4a18-8e85-347d68eaf856:192.168.69.88:39583, 2ec85f63-33fb-4317-9145-71357d145af9:192.168.69.88:42357, 25d6372c-77fd-4a39-ac2a-e48debad48df:192.168.69.88:39591], old=null
2019-10-15 16:12:27,158 [grpc-default-executor-5] INFO  impl.RaftServerImpl (RaftServerImpl.java:setRole(184)) - 50423279-f647-4a18-8e85-347d68eaf856@group-B2671EB745D2: changes role from  FOLLOWER to FOLLOWER at term 440 for recognizeCandidate:25d6372c-77fd-4a39-ac2a-e48debad48df
2019-10-15 16:12:27,158 [grpc-default-executor-5] INFO  impl.RoleInfo (RoleInfo.java:shutdownFollowerState(121)) - 50423279-f647-4a18-8e85-347d68eaf856: shutdown FollowerState
2019-10-15 16:12:27,159 [grpc-default-executor-5] INFO  impl.RoleInfo (RoleInfo.java:updateAndGet(143)) - 50423279-f647-4a18-8e85-347d68eaf856: start FollowerState
2019-10-15 16:12:27,159 [Thread-2911] INFO  impl.FollowerState (FollowerState.java:run(117)) - 50423279-f647-4a18-8e85-347d68eaf856@group-B2671EB745D2-FollowerState was interrupted: java.lang.InterruptedException: sleep interrupted
2019-10-15 16:12:27,159 [grpc-default-executor-0] INFO  impl.RaftServerImpl (RaftServerImpl.java:setRole(184)) - 2ec85f63-33fb-4317-9145-71357d145af9@group-B2671EB745D2: changes role from  FOLLOWER to FOLLOWER at term 440 for recognizeCandidate:25d6372c-77fd-4a39-ac2a-e48debad48df
2019-10-15 16:12:27,159 [grpc-default-executor-0] INFO  impl.RoleInfo (RoleInfo.java:shutdownFollowerState(121)) - 2ec85f63-33fb-4317-9145-71357d145af9: shutdown FollowerState
2019-10-15 16:12:27,159 [grpc-default-executor-0] INFO  impl.RoleInfo (RoleInfo.java:updateAndGet(143)) - 2ec85f63-33fb-4317-9145-71357d145af9: start FollowerState
2019-10-15 16:12:27,159 [Thread-2912] INFO  impl.FollowerState (FollowerState.java:run(117)) - 2ec85f63-33fb-4317-9145-71357d145af9@group-B2671EB745D2-FollowerState was interrupted: java.lang.InterruptedException: sleep interrupted
2019-10-15 16:12:27,175 [25d6372c-77fd-4a39-ac2a-e48debad48df@group-B2671EB745D2-LeaderElection407] INFO  impl.LeaderElection (LeaderElection.java:logAndReturn(56)) - 25d6372c-77fd-4a39-ac2a-e48debad48df@group-B2671EB745D2-LeaderElection407: Election REJECTED; received 2 response(s) [25d6372c-77fd-4a39-ac2a-e48debad48df<-50423279-f647-4a18-8e85-347d68eaf856#0:FAIL-t440, 25d6372c-77fd-4a39-ac2a-e48debad48df<-2ec85f63-33fb-4317-9145-71357d145af9#0:FAIL-t440] and 0 exception(s); 25d6372c-77fd-4a39-ac2a-e48debad48df@group-B2671EB745D2:t440, leader=null, voted=25d6372c-77fd-4a39-ac2a-e48debad48df, raftlog=25d6372c-77fd-4a39-ac2a-e48debad48df@group-B2671EB745D2-SegmentedRaftLog:OPENED:c-1,f-1,i0, conf=-1: [50423279-f647-4a18-8e85-347d68eaf856:192.168.69.88:39583, 2ec85f63-33fb-4317-9145-71357d145af9:192.168.69.88:42357, 25d6372c-77fd-4a39-ac2a-e48debad48df:192.168.69.88:39591], old=null
2019-10-15 16:12:27,175 [25d6372c-77fd-4a39-ac2a-e48debad48df@group-B2671EB745D2-LeaderElection407] INFO  impl.RaftServerImpl (RaftServerImpl.java:setRole(184)) - 25d6372c-77fd-4a39-ac2a-e48debad48df@group-B2671EB745D2: changes role from CANDIDATE to FOLLOWER at term 440 for DISCOVERED_A_NEW_TERM
2019-10-15 16:12:27,175 [25d6372c-77fd-4a39-ac2a-e48debad48df@group-B2671EB745D2-LeaderElection407] INFO  impl.RoleInfo (RoleInfo.java:shutdownLeaderElection(134)) - 25d6372c-77fd-4a39-ac2a-e48debad48df: shutdown LeaderElection
2019-10-15 16:12:27,176 [25d6372c-77fd-4a39-ac2a-e48debad48df@group-B2671EB745D2-LeaderElection407] INFO  impl.RoleInfo (RoleInfo.java:updateAndGet(143)) - 25d6372c-77fd-4a39-ac2a-e48debad48df: start FollowerState
2019-10-15 16:12:27,310 [Thread-2919] INFO  impl.FollowerState (FollowerState.java:run(108)) - 25d6372c-77fd-4a39-ac2a-e48debad48df@group-B2671EB745D2-FollowerState: change to CANDIDATE, lastRpcTime:134ms, electionTimeout:134ms
2019-10-15 16:12:27,310 [Thread-2919] INFO  impl.RoleInfo (RoleInfo.java:shutdownFollowerState(121)) - 25d6372c-77fd-4a39-ac2a-e48debad48df: shutdown FollowerState
2019-10-15 16:12:27,310 [Thread-2919] INFO  impl.RaftServerImpl (RaftServerImpl.java:setRole(184)) - 25d6372c-77fd-4a39-ac2a-e48debad48df@group-B2671EB745D2: changes role from  FOLLOWER to CANDIDATE at term 440 for changeToCandidate
2019-10-15 16:12:27,310 [Thread-2919] INFO  impl.RoleInfo (RoleInfo.java:updateAndGet(143)) - 25d6372c-77fd-4a39-ac2a-e48debad48df: start LeaderElection
2019-10-15 16:12:27,325 [25d6372c-77fd-4a39-ac2a-e48debad48df@group-B2671EB745D2-LeaderElection408] INFO  impl.LeaderElection (LeaderElection.java:askForVotes(178)) - 25d6372c-77fd-4a39-ac2a-e48debad48df@group-B2671EB745D2-LeaderElection408: begin an election at term 441 for -1: [50423279-f647-4a18-8e85-347d68eaf856:192.168.69.88:39583, 2ec85f63-33fb-4317-9145-71357d145af9:192.168.69.88:42357, 25d6372c-77fd-4a39-ac2a-e48debad48df:192.168.69.88:39591], old=null
2019-10-15 16:12:27,327 [grpc-default-executor-0] INFO  impl.RaftServerImpl (RaftServerImpl.java:setRole(184)) - 50423279-f647-4a18-8e85-347d68eaf856@group-B2671EB745D2: changes role from  FOLLOWER to FOLLOWER at term 441 for recognizeCandidate:25d6372c-77fd-4a39-ac2a-e48debad48df
2019-10-15 16:12:27,327 [grpc-default-executor-5] INFO  impl.RaftServerImpl (RaftServerImpl.java:setRole(184)) - 2ec85f63-33fb-4317-9145-71357d145af9@group-B2671EB745D2: changes role from  FOLLOWER to FOLLOWER at term 441 for recognizeCandidate:25d6372c-77fd-4a39-ac2a-e48debad48df
2019-10-15 16:12:27,327 [grpc-default-executor-5] INFO  impl.RoleInfo (RoleInfo.java:shutdownFollowerState(121)) - 2ec85f63-33fb-4317-9145-71357d145af9: shutdown FollowerState
2019-10-15 16:12:27,327 [grpc-default-executor-0] INFO  impl.RoleInfo (RoleInfo.java:shutdownFollowerState(121)) - 50423279-f647-4a18-8e85-347d68eaf856: shutdown FollowerState
2019-10-15 16:12:27,328 [Thread-2918] INFO  impl.FollowerState (FollowerState.java:run(117)) - 2ec85f63-33fb-4317-9145-71357d145af9@group-B2671EB745D2-FollowerState was interrupted: java.lang.InterruptedException: sleep interrupted
2019-10-15 16:12:27,328 [grpc-default-executor-5] INFO  impl.RoleInfo (RoleInfo.java:updateAndGet(143)) - 2ec85f63-33fb-4317-9145-71357d145af9: start FollowerState
2019-10-15 16:12:27,328 [Thread-2917] INFO  impl.FollowerState (FollowerState.java:run(117)) - 50423279-f647-4a18-8e85-347d68eaf856@group-B2671EB745D2-FollowerState was interrupted: java.lang.InterruptedException: sleep interrupted
2019-10-15 16:12:27,328 [grpc-default-executor-0] INFO  impl.RoleInfo (RoleInfo.java:updateAndGet(143)) - 50423279-f647-4a18-8e85-347d68eaf856: start FollowerState
2019-10-15 16:12:27,342 [25d6372c-77fd-4a39-ac2a-e48debad48df@group-B2671EB745D2-LeaderElection408] INFO  impl.LeaderElection (LeaderElection.java:logAndReturn(56)) - 25d6372c-77fd-4a39-ac2a-e48debad48df@group-B2671EB745D2-LeaderElection408: Election REJECTED; received 2 response(s) [25d6372c-77fd-4a39-ac2a-e48debad48df<-50423279-f647-4a18-8e85-347d68eaf856#0:FAIL-t441, 25d6372c-77fd-4a39-ac2a-e48debad48df<-2ec85f63-33fb-4317-9145-71357d145af9#0:FAIL-t441] and 0 exception(s); 25d6372c-77fd-4a39-ac2a-e48debad48df@group-B2671EB745D2:t441, leader=null, voted=25d6372c-77fd-4a39-ac2a-e48debad48df, raftlog=25d6372c-77fd-4a39-ac2a-e48debad48df@group-B2671EB745D2-SegmentedRaftLog:OPENED:c-1,f-1,i0, conf=-1: [50423279-f647-4a18-8e85-347d68eaf856:192.168.69.88:39583, 2ec85f63-33fb-4317-9145-71357d145af9:192.168.69.88:42357, 25d6372c-77fd-4a39-ac2a-e48debad48df:192.168.69.88:39591], old=null
2019-10-15 16:12:27,342 [25d6372c-77fd-4a39-ac2a-e48debad48df@group-B2671EB745D2-LeaderElection408] INFO  impl.RaftServerImpl (RaftServerImpl.java:setRole(184)) - 25d6372c-77fd-4a39-ac2a-e48debad48df@group-B2671EB745D2: changes role from CANDIDATE to FOLLOWER at term 441 for DISCOVERED_A_NEW_TERM
2019-10-15 16:12:27,342 [25d6372c-77fd-4a39-ac2a-e48debad48df@group-B2671EB745D2-LeaderElection408] INFO  impl.RoleInfo (RoleInfo.java:shutdownLeaderElection(134)) - 25d6372c-77fd-4a39-ac2a-e48debad48df: shutdown LeaderElection
2019-10-15 16:12:27,342 [25d6372c-77fd-4a39-ac2a-e48debad48df@group-B2671EB745D2-LeaderElection408] INFO  impl.RoleInfo (RoleInfo.java:updateAndGet(143)) - 25d6372c-77fd-4a39-ac2a-e48debad48df: start FollowerState
2019-10-15 16:12:27,363 [Thread-2925] INFO  impl.FollowerState (FollowerState.java:run(108)) - 25d6372c-77fd-4a39-ac2a-e48debad48df@group-B2671EB745D2-FollowerState: change to CANDIDATE, lastRpcTime:20ms, electionTimeout:20ms
2019-10-15 16:12:27,363 [Thread-2925] INFO  impl.RoleInfo (RoleInfo.java:shutdownFollowerState(121)) - 25d6372c-77fd-4a39-ac2a-e48debad48df: shutdown FollowerState
2019-10-15 16:12:27,363 [Thread-2925] INFO  impl.RaftServerImpl (RaftServerImpl.java:setRole(184)) - 25d6372c-77fd-4a39-ac2a-e48debad48df@group-B2671EB745D2: changes role from  FOLLOWER to CANDIDATE at term 441 for changeToCandidate
2019-10-15 16:12:27,363 [Thread-2925] INFO  impl.RoleInfo (RoleInfo.java:updateAndGet(143)) - 25d6372c-77fd-4a39-ac2a-e48debad48df: start LeaderElection
2019-10-15 16:12:27,376 [25d6372c-77fd-4a39-ac2a-e48debad48df@group-B2671EB745D2-LeaderElection409] INFO  impl.LeaderElection (LeaderElection.java:askForVotes(178)) - 25d6372c-77fd-4a39-ac2a-e48debad48df@group-B2671EB745D2-LeaderElection409: begin an election at term 442 for -1: [50423279-f647-4a18-8e85-347d68eaf856:192.168.69.88:39583, 2ec85f63-33fb-4317-9145-71357d145af9:192.168.69.88:42357, 25d6372c-77fd-4a39-ac2a-e48debad48df:192.168.69.88:39591], old=null
2019-10-15 16:12:27,377 [grpc-default-executor-0] INFO  impl.RaftServerImpl (RaftServerImpl.java:setRole(184)) - 50423279-f647-4a18-8e85-347d68eaf856@group-B2671EB745D2: changes role from  FOLLOWER to FOLLOWER at term 442 for recognizeCandidate:25d6372c-77fd-4a39-ac2a-e48debad48df
2019-10-15 16:12:27,378 [grpc-default-executor-0] INFO  impl.RoleInfo (RoleInfo.java:shutdownFollowerState(121)) - 50423279-f647-4a18-8e85-347d68eaf856: shutdown FollowerState
2019-10-15 16:12:27,377 [grpc-default-executor-5] INFO  impl.RaftServerImpl (RaftServerImpl.java:setRole(184)) - 2ec85f63-33fb-4317-9145-71357d145af9@group-B2671EB745D2: changes role from  FOLLOWER to FOLLOWER at term 442 for recognizeCandidate:25d6372c-77fd-4a39-ac2a-e48debad48df
2019-10-15 16:12:27,378 [Thread-2924] INFO  impl.FollowerState (FollowerState.java:run(117)) - 50423279-f647-4a18-8e85-347d68eaf856@group-B2671EB745D2-FollowerState was interrupted: java.lang.InterruptedException: sleep interrupted
2019-10-15 16:12:27,378 [grpc-default-executor-0] INFO  impl.RoleInfo (RoleInfo.java:updateAndGet(143)) - 50423279-f647-4a18-8e85-347d68eaf856: start FollowerState
2019-10-15 16:12:27,378 [grpc-default-executor-5] INFO  impl.RoleInfo (RoleInfo.java:shutdownFollowerState(121)) - 2ec85f63-33fb-4317-9145-71357d145af9: shutdown FollowerState
2019-10-15 16:12:27,378 [grpc-default-executor-5] INFO  impl.RoleInfo (RoleInfo.java:updateAndGet(143)) - 2ec85f63-33fb-4317-9145-71357d145af9: start FollowerState
2019-10-15 16:12:27,378 [Thread-2923] INFO  impl.FollowerState (FollowerState.java:run(117)) - 2ec85f63-33fb-4317-9145-71357d145af9@group-B2671EB745D2-FollowerState was interrupted: java.lang.InterruptedException: sleep interrupted
2019-10-15 16:12:27,386 [25d6372c-77fd-4a39-ac2a-e48debad48df@group-B2671EB745D2-LeaderElection409] INFO  impl.LeaderElection (LeaderElection.java:logAndReturn(56)) - 25d6372c-77fd-4a39-ac2a-e48debad48df@group-B2671EB745D2-LeaderElection409: Election REJECTED; received 2 response(s) [25d6372c-77fd-4a39-ac2a-e48debad48df<-2ec85f63-33fb-4317-9145-71357d145af9#0:FAIL-t442, 25d6372c-77fd-4a39-ac2a-e48debad48df<-50423279-f647-4a18-8e85-347d68eaf856#0:FAIL-t442] and 0 exception(s); 25d6372c-77fd-4a39-ac2a-e48debad48df@group-B2671EB745D2:t442, leader=null, voted=25d6372c-77fd-4a39-ac2a-e48debad48df, raftlog=25d6372c-77fd-4a39-ac2a-e48debad48df@group-B2671EB745D2-SegmentedRaftLog:OPENED:c-1,f-1,i0, conf=-1: [50423279-f647-4a18-8e85-347d68eaf856:192.168.69.88:39583, 2ec85f63-33fb-4317-9145-71357d145af9:192.168.69.88:42357, 25d6372c-77fd-4a39-ac2a-e48debad48df:192.168.69.88:39591], old=null
2019-10-15 16:12:27,386 [25d6372c-77fd-4a39-ac2a-e48debad48df@group-B2671EB745D2-LeaderElection409] INFO  impl.RaftServerImpl (RaftServerImpl.java:setRole(184)) - 25d6372c-77fd-4a39-ac2a-e48debad48df@group-B2671EB745D2: changes role from CANDIDATE to FOLLOWER at term 442 for DISCOVERED_A_NEW_TERM
2019-10-15 16:12:27,386 [25d6372c-77fd-4a39-ac2a-e48debad48df@group-B2671EB745D2-LeaderElection409] INFO  impl.RoleInfo (RoleInfo.java:shutdownLeaderElection(134)) - 25d6372c-77fd-4a39-ac2a-e48debad48df: shutdown LeaderElection
2019-10-15 16:12:27,386 [25d6372c-77fd-4a39-ac2a-e48debad48df@group-B2671EB745D2-LeaderElection409] INFO  impl.RoleInfo (RoleInfo.java:updateAndGet(143)) - 25d6372c-77fd-4a39-ac2a-e48debad48df: start FollowerState
2019-10-15 16:12:27,541 [Thread-2931] INFO  impl.FollowerState (FollowerState.java:run(108)) - 25d6372c-77fd-4a39-ac2a-e48debad48df@group-B2671EB745D2-FollowerState: change to CANDIDATE, lastRpcTime:154ms, electionTimeout:154ms
2019-10-15 16:12:27,541 [Thread-2931] INFO  impl.RoleInfo (RoleInfo.java:shutdownFollowerState(121)) - 25d6372c-77fd-4a39-ac2a-e48debad48df: shutdown FollowerState
2019-10-15 16:12:27,541 [Thread-2931] INFO  impl.RaftServerImpl (RaftServerImpl.java:setRole(184)) - 25d6372c-77fd-4a39-ac2a-e48debad48df@group-B2671EB745D2: changes role from  FOLLOWER to CANDIDATE at term 442 for changeToCandidate
2019-10-15 16:12:27,541 [Thread-2931] INFO  impl.RoleInfo (RoleInfo.java:updateAndGet(143)) - 25d6372c-77fd-4a39-ac2a-e48debad48df: start LeaderElection
2019-10-15 16:12:27,571 [25d6372c-77fd-4a39-ac2a-e48debad48df@group-B2671EB745D2-LeaderElection410] INFO  impl.LeaderElection (LeaderElection.java:askForVotes(178)) - 25d6372c-77fd-4a39-ac2a-e48debad48df@group-B2671EB745D2-LeaderElection410: begin an election at term 443 for -1: [50423279-f647-4a18-8e85-347d68eaf856:192.168.69.88:39583, 2ec85f63-33fb-4317-9145-71357d145af9:192.168.69.88:42357, 25d6372c-77fd-4a39-ac2a-e48debad48df:192.168.69.88:39591], old=null
2019-10-15 16:12:27,573 [grpc-default-executor-0] INFO  impl.RaftServerImpl (RaftServerImpl.java:setRole(184)) - 50423279-f647-4a18-8e85-347d68eaf856@group-B2671EB745D2: changes role from  FOLLOWER to FOLLOWER at term 443 for recognizeCandidate:25d6372c-77fd-4a39-ac2a-e48debad48df
2019-10-15 16:12:27,573 [grpc-default-executor-5] INFO  impl.RaftServerImpl (RaftServerImpl.java:setRole(184)) - 2ec85f63-33fb-4317-9145-71357d145af9@group-B2671EB745D2: changes role from  FOLLOWER to FOLLOWER at term 443 for recognizeCandidate:25d6372c-77fd-4a39-ac2a-e48debad48df
2019-10-15 16:12:27,573 [grpc-default-executor-5] INFO  impl.RoleInfo (RoleInfo.java:shutdownFollowerState(121)) - 2ec85f63-33fb-4317-9145-71357d145af9: shutdown FollowerState
2019-10-15 16:12:27,573 [grpc-default-executor-5] INFO  impl.RoleInfo (RoleInfo.java:updateAndGet(143)) - 2ec85f63-33fb-4317-9145-71357d145af9: start FollowerState
2019-10-15 16:12:27,573 [Thread-2930] INFO  impl.FollowerState (FollowerState.java:run(117)) - 2ec85f63-33fb-4317-9145-71357d145af9@group-B2671EB745D2-FollowerState was interrupted: java.lang.InterruptedException: sleep interrupted
2019-10-15 16:12:27,573 [grpc-default-executor-0] INFO  impl.RoleInfo (RoleInfo.java:shutdownFollowerState(121)) - 50423279-f647-4a18-8e85-347d68eaf856: shutdown FollowerState
2019-10-15 16:12:27,573 [grpc-default-executor-0] INFO  impl.RoleInfo (RoleInfo.java:updateAndGet(143)) - 50423279-f647-4a18-8e85-347d68eaf856: start FollowerState
2019-10-15 16:12:27,573 [Thread-2929] INFO  impl.FollowerState (FollowerState.java:run(117)) - 50423279-f647-4a18-8e85-347d68eaf856@group-B2671EB745D2-FollowerState was interrupted: java.lang.InterruptedException: sleep interrupted
2019-10-15 16:12:27,589 [25d6372c-77fd-4a39-ac2a-e48debad48df@group-B2671EB745D2-LeaderElection410] INFO  impl.LeaderElection (LeaderElection.java:logAndReturn(56)) - 25d6372c-77fd-4a39-ac2a-e48debad48df@group-B2671EB745D2-LeaderElection410: Election REJECTED; received 2 response(s) [25d6372c-77fd-4a39-ac2a-e48debad48df<-2ec85f63-33fb-4317-9145-71357d145af9#0:FAIL-t443, 25d6372c-77fd-4a39-ac2a-e48debad48df<-50423279-f647-4a18-8e85-347d68eaf856#0:FAIL-t443] and 0 exception(s); 25d6372c-77fd-4a39-ac2a-e48debad48df@group-B2671EB745D2:t443, leader=null, voted=25d6372c-77fd-4a39-ac2a-e48debad48df, raftlog=25d6372c-77fd-4a39-ac2a-e48debad48df@group-B2671EB745D2-SegmentedRaftLog:OPENED:c-1,f-1,i0, conf=-1: [50423279-f647-4a18-8e85-347d68eaf856:192.168.69.88:39583, 2ec85f63-33fb-4317-9145-71357d145af9:192.168.69.88:42357, 25d6372c-77fd-4a39-ac2a-e48debad48df:192.168.69.88:39591], old=null
2019-10-15 16:12:27,589 [25d6372c-77fd-4a39-ac2a-e48debad48df@group-B2671EB745D2-LeaderElection410] INFO  impl.RaftServerImpl (RaftServerImpl.java:setRole(184)) - 25d6372c-77fd-4a39-ac2a-e48debad48df@group-B2671EB745D2: changes role from CANDIDATE to FOLLOWER at term 443 for DISCOVERED_A_NEW_TERM
2019-10-15 16:12:27,589 [25d6372c-77fd-4a39-ac2a-e48debad48df@group-B2671EB745D2-LeaderElection410] INFO  impl.RoleInfo (RoleInfo.java:shutdownLeaderElection(134)) - 25d6372c-77fd-4a39-ac2a-e48debad48df: shutdown LeaderElection
2019-10-15 16:12:27,589 [25d6372c-77fd-4a39-ac2a-e48debad48df@group-B2671EB745D2-LeaderElection410] INFO  impl.RoleInfo (RoleInfo.java:updateAndGet(143)) - 25d6372c-77fd-4a39-ac2a-e48debad48df: start FollowerState
2019-10-15 16:12:27,662 [Thread-2937] INFO  impl.FollowerState (FollowerState.java:run(108)) - 25d6372c-77fd-4a39-ac2a-e48debad48df@group-B2671EB745D2-FollowerState: change to CANDIDATE, lastRpcTime:72ms, electionTimeout:72ms
2019-10-15 16:12:27,662 [Thread-2937] INFO  impl.RoleInfo (RoleInfo.java:shutdownFollowerState(121)) - 25d6372c-77fd-4a39-ac2a-e48debad48df: shutdown FollowerState
2019-10-15 16:12:27,662 [Thread-2937] INFO  impl.RaftServerImpl (RaftServerImpl.java:setRole(184)) - 25d6372c-77fd-4a39-ac2a-e48debad48df@group-B2671EB745D2: changes role from  FOLLOWER to CANDIDATE at term 443 for changeToCandidate
2019-10-15 16:12:27,662 [Thread-2937] INFO  impl.RoleInfo (RoleInfo.java:updateAndGet(143)) - 25d6372c-77fd-4a39-ac2a-e48debad48df: start LeaderElection
2019-10-15 16:12:27,675 [25d6372c-77fd-4a39-ac2a-e48debad48df@group-B2671EB745D2-LeaderElection411] INFO  impl.LeaderElection (LeaderElection.java:askForVotes(178)) - 25d6372c-77fd-4a39-ac2a-e48debad48df@group-B2671EB745D2-LeaderElection411: begin an election at term 444 for -1: [50423279-f647-4a18-8e85-347d68eaf856:192.168.69.88:39583, 2ec85f63-33fb-4317-9145-71357d145af9:192.168.69.88:42357, 25d6372c-77fd-4a39-ac2a-e48debad48df:192.168.69.88:39591], old=null
2019-10-15 16:12:27,677 [grpc-default-executor-0] INFO  impl.RaftServerImpl (RaftServerImpl.java:setRole(184)) - 50423279-f647-4a18-8e85-347d68eaf856@group-B2671EB745D2: changes role from  FOLLOWER to FOLLOWER at term 444 for recognizeCandidate:25d6372c-77fd-4a39-ac2a-e48debad48df
2019-10-15 16:12:27,677 [grpc-default-executor-0] INFO  impl.RoleInfo (RoleInfo.java:shutdownFollowerState(121)) - 50423279-f647-4a18-8e85-347d68eaf856: shutdown FollowerState
2019-10-15 16:12:27,678 [grpc-default-executor-0] INFO  impl.RoleInfo (RoleInfo.java:updateAndGet(143)) - 50423279-f647-4a18-8e85-347d68eaf856: start FollowerState
2019-10-15 16:12:27,678 [Thread-2936] INFO  impl.FollowerState (FollowerState.java:run(117)) - 50423279-f647-4a18-8e85-347d68eaf856@group-B2671EB745D2-FollowerState was interrupted: java.lang.InterruptedException: sleep interrupted
2019-10-15 16:12:27,678 [grpc-default-executor-5] INFO  impl.RaftServerImpl (RaftServerImpl.java:setRole(184)) - 2ec85f63-33fb-4317-9145-71357d145af9@group-B2671EB745D2: changes role from  FOLLOWER to FOLLOWER at term 444 for recognizeCandidate:25d6372c-77fd-4a39-ac2a-e48debad48df
2019-10-15 16:12:27,678 [grpc-default-executor-5] INFO  impl.RoleInfo (RoleInfo.java:shutdownFollowerState(121)) - 2ec85f63-33fb-4317-9145-71357d145af9: shutdown FollowerState
2019-10-15 16:12:27,678 [grpc-default-executor-5] INFO  impl.RoleInfo (RoleInfo.java:updateAndGet(143)) - 2ec85f63-33fb-4317-9145-71357d145af9: start FollowerState
2019-10-15 16:12:27,678 [Thread-2935] INFO  impl.FollowerState (FollowerState.java:run(117)) - 2ec85f63-33fb-4317-9145-71357d145af9@group-B2671EB745D2-FollowerState was interrupted: java.lang.InterruptedException: sleep interrupted
2019-10-15 16:12:27,692 [25d6372c-77fd-4a39-ac2a-e48debad48df@group-B2671EB745D2-LeaderElection411] INFO  impl.LeaderElection (LeaderElection.java:logAndReturn(56)) - 25d6372c-77fd-4a39-ac2a-e48debad48df@group-B2671EB745D2-LeaderElection411: Election REJECTED; received 2 response(s) [25d6372c-77fd-4a39-ac2a-e48debad48df<-50423279-f647-4a18-8e85-347d68eaf856#0:FAIL-t444, 25d6372c-77fd-4a39-ac2a-e48debad48df<-2ec85f63-33fb-4317-9145-71357d145af9#0:FAIL-t444] and 0 exception(s); 25d6372c-77fd-4a39-ac2a-e48debad48df@group-B2671EB745D2:t444, leader=null, voted=25d6372c-77fd-4a39-ac2a-e48debad48df, raftlog=25d6372c-77fd-4a39-ac2a-e48debad48df@group-B2671EB745D2-SegmentedRaftLog:OPENED:c-1,f-1,i0, conf=-1: [50423279-f647-4a18-8e85-347d68eaf856:192.168.69.88:39583, 2ec85f63-33fb-4317-9145-71357d145af9:192.168.69.88:42357, 25d6372c-77fd-4a39-ac2a-e48debad48df:192.168.69.88:39591], old=null
2019-10-15 16:12:27,692 [25d6372c-77fd-4a39-ac2a-e48debad48df@group-B2671EB745D2-LeaderElection411] INFO  impl.RaftServerImpl (RaftServerImpl.java:setRole(184)) - 25d6372c-77fd-4a39-ac2a-e48debad48df@group-B2671EB745D2: changes role from CANDIDATE to FOLLOWER at term 444 for DISCOVERED_A_NEW_TERM
2019-10-15 16:12:27,692 [25d6372c-77fd-4a39-ac2a-e48debad48df@group-B2671EB745D2-LeaderElection411] INFO  impl.RoleInfo (RoleInfo.java:shutdownLeaderElection(134)) - 25d6372c-77fd-4a39-ac2a-e48debad48df: shutdown LeaderElection
2019-10-15 16:12:27,693 [25d6372c-77fd-4a39-ac2a-e48debad48df@group-B2671EB745D2-LeaderElection411] INFO  impl.RoleInfo (RoleInfo.java:updateAndGet(143)) - 25d6372c-77fd-4a39-ac2a-e48debad48df: start FollowerState
2019-10-15 16:12:27,831 [Thread-2943] INFO  impl.FollowerState (FollowerState.java:run(108)) - 25d6372c-77fd-4a39-ac2a-e48debad48df@group-B2671EB745D2-FollowerState: change to CANDIDATE, lastRpcTime:138ms, electionTimeout:138ms
2019-10-15 16:12:27,831 [Thread-2943] INFO  impl.RoleInfo (RoleInfo.java:shutdownFollowerState(121)) - 25d6372c-77fd-4a39-ac2a-e48debad48df: shutdown FollowerState
2019-10-15 16:12:27,831 [Thread-2943] INFO  impl.RaftServerImpl (RaftServerImpl.java:setRole(184)) - 25d6372c-77fd-4a39-ac2a-e48debad48df@group-B2671EB745D2: changes role from  FOLLOWER to CANDIDATE at term 444 for changeToCandidate
2019-10-15 16:12:27,831 [Thread-2943] INFO  impl.RoleInfo (RoleInfo.java:updateAndGet(143)) - 25d6372c-77fd-4a39-ac2a-e48debad48df: start LeaderElection
2019-10-15 16:12:27,857 [25d6372c-77fd-4a39-ac2a-e48debad48df@group-B2671EB745D2-LeaderElection412] INFO  impl.LeaderElection (LeaderElection.java:askForVotes(178)) - 25d6372c-77fd-4a39-ac2a-e48debad48df@group-B2671EB745D2-LeaderElection412: begin an election at term 445 for -1: [50423279-f647-4a18-8e85-347d68eaf856:192.168.69.88:39583, 2ec85f63-33fb-4317-9145-71357d145af9:192.168.69.88:42357, 25d6372c-77fd-4a39-ac2a-e48debad48df:192.168.69.88:39591], old=null
2019-10-15 16:12:27,859 [grpc-default-executor-5] INFO  impl.RaftServerImpl (RaftServerImpl.java:setRole(184)) - 50423279-f647-4a18-8e85-347d68eaf856@group-B2671EB745D2: changes role from  FOLLOWER to FOLLOWER at term 445 for recognizeCandidate:25d6372c-77fd-4a39-ac2a-e48debad48df
2019-10-15 16:12:27,859 [grpc-default-executor-0] INFO  impl.RaftServerImpl (RaftServerImpl.java:setRole(184)) - 2ec85f63-33fb-4317-9145-71357d145af9@group-B2671EB745D2: changes role from  FOLLOWER to FOLLOWER at term 445 for recognizeCandidate:25d6372c-77fd-4a39-ac2a-e48debad48df
2019-10-15 16:12:27,859 [grpc-default-executor-5] INFO  impl.RoleInfo (RoleInfo.java:shutdownFollowerState(121)) - 50423279-f647-4a18-8e85-347d68eaf856: shutdown FollowerState
2019-10-15 16:12:27,859 [grpc-default-executor-0] INFO  impl.RoleInfo (RoleInfo.java:shutdownFollowerState(121)) - 2ec85f63-33fb-4317-9145-71357d145af9: shutdown FollowerState
2019-10-15 16:12:27,859 [Thread-2941] INFO  impl.FollowerState (FollowerState.java:run(117)) - 50423279-f647-4a18-8e85-347d68eaf856@group-B2671EB745D2-FollowerState was interrupted: java.lang.InterruptedException: sleep interrupted
2019-10-15 16:12:27,859 [grpc-default-executor-5] INFO  impl.RoleInfo (RoleInfo.java:updateAndGet(143)) - 50423279-f647-4a18-8e85-347d68eaf856: start FollowerState
2019-10-15 16:12:27,859 [Thread-2942] INFO  impl.FollowerState (FollowerState.java:run(117)) - 2ec85f63-33fb-4317-9145-71357d145af9@group-B2671EB745D2-FollowerState was interrupted: java.lang.InterruptedException: sleep interrupted
2019-10-15 16:12:27,859 [grpc-default-executor-0] INFO  impl.RoleInfo (RoleInfo.java:updateAndGet(143)) - 2ec85f63-33fb-4317-9145-71357d145af9: start FollowerState
2019-10-15 16:12:27,873 [25d6372c-77fd-4a39-ac2a-e48debad48df@group-B2671EB745D2-LeaderElection412] INFO  impl.LeaderElection (LeaderElection.java:logAndReturn(56)) - 25d6372c-77fd-4a39-ac2a-e48debad48df@group-B2671EB745D2-LeaderElection412: Election REJECTED; received 2 response(s) [25d6372c-77fd-4a39-ac2a-e48debad48df<-2ec85f63-33fb-4317-9145-71357d145af9#0:FAIL-t445, 25d6372c-77fd-4a39-ac2a-e48debad48df<-50423279-f647-4a18-8e85-347d68eaf856#0:FAIL-t445] and 0 exception(s); 25d6372c-77fd-4a39-ac2a-e48debad48df@group-B2671EB745D2:t445, leader=null, voted=25d6372c-77fd-4a39-ac2a-e48debad48df, raftlog=25d6372c-77fd-4a39-ac2a-e48debad48df@group-B2671EB745D2-SegmentedRaftLog:OPENED:c-1,f-1,i0, conf=-1: [50423279-f647-4a18-8e85-347d68eaf856:192.168.69.88:39583, 2ec85f63-33fb-4317-9145-71357d145af9:192.168.69.88:42357, 25d6372c-77fd-4a39-ac2a-e48debad48df:192.168.69.88:39591], old=null
2019-10-15 16:12:27,873 [25d6372c-77fd-4a39-ac2a-e48debad48df@group-B2671EB745D2-LeaderElection412] INFO  impl.RaftServerImpl (RaftServerImpl.java:setRole(184)) - 25d6372c-77fd-4a39-ac2a-e48debad48df@group-B2671EB745D2: changes role from CANDIDATE to FOLLOWER at term 445 for DISCOVERED_A_NEW_TERM
2019-10-15 16:12:27,873 [25d6372c-77fd-4a39-ac2a-e48debad48df@group-B2671EB745D2-LeaderElection412] INFO  impl.RoleInfo (RoleInfo.java:shutdownLeaderElection(134)) - 25d6372c-77fd-4a39-ac2a-e48debad48df: shutdown LeaderElection
2019-10-15 16:12:27,873 [25d6372c-77fd-4a39-ac2a-e48debad48df@group-B2671EB745D2-LeaderElection412] INFO  impl.RoleInfo (RoleInfo.java:updateAndGet(143)) - 25d6372c-77fd-4a39-ac2a-e48debad48df: start FollowerState
2019-10-15 16:12:27,997 [Thread-2951] INFO  impl.FollowerState (FollowerState.java:run(108)) - 25d6372c-77fd-4a39-ac2a-e48debad48df@group-B2671EB745D2-FollowerState: change to CANDIDATE, lastRpcTime:123ms, electionTimeout:123ms
2019-10-15 16:12:27,997 [Thread-2951] INFO  impl.RoleInfo (RoleInfo.java:shutdownFollowerState(121)) - 25d6372c-77fd-4a39-ac2a-e48debad48df: shutdown FollowerState
2019-10-15 16:12:27,997 [Thread-2951] INFO  impl.RaftServerImpl (RaftServerImpl.java:setRole(184)) - 25d6372c-77fd-4a39-ac2a-e48debad48df@group-B2671EB745D2: changes role from  FOLLOWER to CANDIDATE at term 445 for changeToCandidate
2019-10-15 16:12:27,997 [Thread-2951] INFO  impl.RoleInfo (RoleInfo.java:updateAndGet(143)) - 25d6372c-77fd-4a39-ac2a-e48debad48df: start LeaderElection
2019-10-15 16:12:28,011 [25d6372c-77fd-4a39-ac2a-e48debad48df@group-B2671EB745D2-LeaderElection413] INFO  impl.LeaderElection (LeaderElection.java:askForVotes(178)) - 25d6372c-77fd-4a39-ac2a-e48debad48df@group-B2671EB745D2-LeaderElection413: begin an election at term 446 for -1: [50423279-f647-4a18-8e85-347d68eaf856:192.168.69.88:39583, 2ec85f63-33fb-4317-9145-71357d145af9:192.168.69.88:42357, 25d6372c-77fd-4a39-ac2a-e48debad48df:192.168.69.88:39591], old=null
2019-10-15 16:12:28,013 [grpc-default-executor-5] INFO  impl.RaftServerImpl (RaftServerImpl.java:setRole(184)) - 2ec85f63-33fb-4317-9145-71357d145af9@group-B2671EB745D2: changes role from  FOLLOWER to FOLLOWER at term 446 for recognizeCandidate:25d6372c-77fd-4a39-ac2a-e48debad48df
2019-10-15 16:12:28,013 [grpc-default-executor-0] INFO  impl.RaftServerImpl (RaftServerImpl.java:setRole(184)) - 50423279-f647-4a18-8e85-347d68eaf856@group-B2671EB745D2: changes role from  FOLLOWER to FOLLOWER at term 446 for recognizeCandidate:25d6372c-77fd-4a39-ac2a-e48debad48df
2019-10-15 16:12:28,013 [grpc-default-executor-0] INFO  impl.RoleInfo (RoleInfo.java:shutdownFollowerState(121)) - 50423279-f647-4a18-8e85-347d68eaf856: shutdown FollowerState
2019-10-15 16:12:28,013 [grpc-default-executor-5] INFO  impl.RoleInfo (RoleInfo.java:shutdownFollowerState(121)) - 2ec85f63-33fb-4317-9145-71357d145af9: shutdown FollowerState
2019-10-15 16:12:28,014 [Thread-2949] INFO  impl.FollowerState (FollowerState.java:run(117)) - 50423279-f647-4a18-8e85-347d68eaf856@group-B2671EB745D2-FollowerState was interrupted: java.lang.InterruptedException: sleep interrupted
2019-10-15 16:12:28,014 [grpc-default-executor-0] INFO  impl.RoleInfo (RoleInfo.java:updateAndGet(143)) - 50423279-f647-4a18-8e85-347d68eaf856: start FollowerState
2019-10-15 16:12:28,014 [Thread-2950] INFO  impl.FollowerState (FollowerState.java:run(117)) - 2ec85f63-33fb-4317-9145-71357d145af9@group-B2671EB745D2-FollowerState was interrupted: java.lang.InterruptedException: sleep interrupted
2019-10-15 16:12:28,014 [grpc-default-executor-5] INFO  impl.RoleInfo (RoleInfo.java:updateAndGet(143)) - 2ec85f63-33fb-4317-9145-71357d145af9: start FollowerState
2019-10-15 16:12:28,034 [25d6372c-77fd-4a39-ac2a-e48debad48df@group-B2671EB745D2-LeaderElection413] INFO  impl.LeaderElection (LeaderElection.java:logAndReturn(56)) - 25d6372c-77fd-4a39-ac2a-e48debad48df@group-B2671EB745D2-LeaderElection413: Election REJECTED; received 2 response(s) [25d6372c-77fd-4a39-ac2a-e48debad48df<-2ec85f63-33fb-4317-9145-71357d145af9#0:FAIL-t446, 25d6372c-77fd-4a39-ac2a-e48debad48df<-50423279-f647-4a18-8e85-347d68eaf856#0:FAIL-t446] and 0 exception(s); 25d6372c-77fd-4a39-ac2a-e48debad48df@group-B2671EB745D2:t446, leader=null, voted=25d6372c-77fd-4a39-ac2a-e48debad48df, raftlog=25d6372c-77fd-4a39-ac2a-e48debad48df@group-B2671EB745D2-SegmentedRaftLog:OPENED:c-1,f-1,i0, conf=-1: [50423279-f647-4a18-8e85-347d68eaf856:192.168.69.88:39583, 2ec85f63-33fb-4317-9145-71357d145af9:192.168.69.88:42357, 25d6372c-77fd-4a39-ac2a-e48debad48df:192.168.69.88:39591], old=null
2019-10-15 16:12:28,034 [25d6372c-77fd-4a39-ac2a-e48debad48df@group-B2671EB745D2-LeaderElection413] INFO  impl.RaftServerImpl (RaftServerImpl.java:setRole(184)) - 25d6372c-77fd-4a39-ac2a-e48debad48df@group-B2671EB745D2: changes role from CANDIDATE to FOLLOWER at term 446 for DISCOVERED_A_NEW_TERM
2019-10-15 16:12:28,034 [25d6372c-77fd-4a39-ac2a-e48debad48df@group-B2671EB745D2-LeaderElection413] INFO  impl.RoleInfo (RoleInfo.java:shutdownLeaderElection(134)) - 25d6372c-77fd-4a39-ac2a-e48debad48df: shutdown LeaderElection
2019-10-15 16:12:28,034 [25d6372c-77fd-4a39-ac2a-e48debad48df@group-B2671EB745D2-LeaderElection413] INFO  impl.RoleInfo (RoleInfo.java:updateAndGet(143)) - 25d6372c-77fd-4a39-ac2a-e48debad48df: start FollowerState
2019-10-15 16:12:28,132 [Thread-2957] INFO  impl.FollowerState (FollowerState.java:run(108)) - 25d6372c-77fd-4a39-ac2a-e48debad48df@group-B2671EB745D2-FollowerState: change to CANDIDATE, lastRpcTime:97ms, electionTimeout:97ms
2019-10-15 16:12:28,132 [Thread-2957] INFO  impl.RoleInfo (RoleInfo.java:shutdownFollowerState(121)) - 25d6372c-77fd-4a39-ac2a-e48debad48df: shutdown FollowerState
2019-10-15 16:12:28,132 [Thread-2957] INFO  impl.RaftServerImpl (RaftServerImpl.java:setRole(184)) - 25d6372c-77fd-4a39-ac2a-e48debad48df@group-B2671EB745D2: changes role from  FOLLOWER to CANDIDATE at term 446 for changeToCandidate
2019-10-15 16:12:28,132 [Thread-2957] INFO  impl.RoleInfo (RoleInfo.java:updateAndGet(143)) - 25d6372c-77fd-4a39-ac2a-e48debad48df: start LeaderElection
2019-10-15 16:12:28,146 [25d6372c-77fd-4a39-ac2a-e48debad48df@group-B2671EB745D2-LeaderElection414] INFO  impl.LeaderElection (LeaderElection.java:askForVotes(178)) - 25d6372c-77fd-4a39-ac2a-e48debad48df@group-B2671EB745D2-LeaderElection414: begin an election at term 447 for -1: [50423279-f647-4a18-8e85-347d68eaf856:192.168.69.88:39583, 2ec85f63-33fb-4317-9145-71357d145af9:192.168.69.88:42357, 25d6372c-77fd-4a39-ac2a-e48debad48df:192.168.69.88:39591], old=null
2019-10-15 16:12:28,148 [grpc-default-executor-0] INFO  impl.RaftServerImpl (RaftServerImpl.java:setRole(184)) - 50423279-f647-4a18-8e85-347d68eaf856@group-B2671EB745D2: changes role from  FOLLOWER to FOLLOWER at term 447 for recognizeCandidate:25d6372c-77fd-4a39-ac2a-e48debad48df
2019-10-15 16:12:28,148 [grpc-default-executor-5] INFO  impl.RaftServerImpl (RaftServerImpl.java:setRole(184)) - 2ec85f63-33fb-4317-9145-71357d145af9@group-B2671EB745D2: changes role from  FOLLOWER to FOLLOWER at term 447 for recognizeCandidate:25d6372c-77fd-4a39-ac2a-e48debad48df
2019-10-15 16:12:28,148 [grpc-default-executor-0] INFO  impl.RoleInfo (RoleInfo.java:shutdownFollowerState(121)) - 50423279-f647-4a18-8e85-347d68eaf856: shutdown FollowerState
2019-10-15 16:12:28,148 [grpc-default-executor-5] INFO  impl.RoleInfo (RoleInfo.java:shutdownFollowerState(121)) - 2ec85f63-33fb-4317-9145-71357d145af9: shutdown FollowerState
2019-10-15 16:12:28,148 [Thread-2955] INFO  impl.FollowerState (FollowerState.java:run(117)) - 50423279-f647-4a18-8e85-347d68eaf856@group-B2671EB745D2-FollowerState was interrupted: java.lang.InterruptedException: sleep interrupted
2019-10-15 16:12:28,149 [Thread-2956] INFO  impl.FollowerState (FollowerState.java:run(117)) - 2ec85f63-33fb-4317-9145-71357d145af9@group-B2671EB745D2-FollowerState was interrupted: java.lang.InterruptedException: sleep interrupted
2019-10-15 16:12:28,148 [grpc-default-executor-0] INFO  impl.RoleInfo (RoleInfo.java:updateAndGet(143)) - 50423279-f647-4a18-8e85-347d68eaf856: start FollowerState
2019-10-15 16:12:28,149 [grpc-default-executor-5] INFO  impl.RoleInfo (RoleInfo.java:updateAndGet(143)) - 2ec85f63-33fb-4317-9145-71357d145af9: start FollowerState
2019-10-15 16:12:28,163 [25d6372c-77fd-4a39-ac2a-e48debad48df@group-B2671EB745D2-LeaderElection414] INFO  impl.LeaderElection (LeaderElection.java:logAndReturn(56)) - 25d6372c-77fd-4a39-ac2a-e48debad48df@group-B2671EB745D2-LeaderElection414: Election REJECTED; received 2 response(s) [25d6372c-77fd-4a39-ac2a-e48debad48df<-50423279-f647-4a18-8e85-347d68eaf856#0:FAIL-t447, 25d6372c-77fd-4a39-ac2a-e48debad48df<-2ec85f63-33fb-4317-9145-71357d145af9#0:FAIL-t447] and 0 exception(s); 25d6372c-77fd-4a39-ac2a-e48debad48df@group-B2671EB745D2:t447, leader=null, voted=25d6372c-77fd-4a39-ac2a-e48debad48df, raftlog=25d6372c-77fd-4a39-ac2a-e48debad48df@group-B2671EB745D2-SegmentedRaftLog:OPENED:c-1,f-1,i0, conf=-1: [50423279-f647-4a18-8e85-347d68eaf856:192.168.69.88:39583, 2ec85f63-33fb-4317-9145-71357d145af9:192.168.69.88:42357, 25d6372c-77fd-4a39-ac2a-e48debad48df:192.168.69.88:39591], old=null
2019-10-15 16:12:28,163 [25d6372c-77fd-4a39-ac2a-e48debad48df@group-B2671EB745D2-LeaderElection414] INFO  impl.RaftServerImpl (RaftServerImpl.java:setRole(184)) - 25d6372c-77fd-4a39-ac2a-e48debad48df@group-B2671EB745D2: changes role from CANDIDATE to FOLLOWER at term 447 for DISCOVERED_A_NEW_TERM
2019-10-15 16:12:28,164 [25d6372c-77fd-4a39-ac2a-e48debad48df@group-B2671EB745D2-LeaderElection414] INFO  impl.RoleInfo (RoleInfo.java:shutdownLeaderElection(134)) - 25d6372c-77fd-4a39-ac2a-e48debad48df: shutdown LeaderElection
2019-10-15 16:12:28,164 [25d6372c-77fd-4a39-ac2a-e48debad48df@group-B2671EB745D2-LeaderElection414] INFO  impl.RoleInfo (RoleInfo.java:updateAndGet(143)) - 25d6372c-77fd-4a39-ac2a-e48debad48df: start FollowerState
2019-10-15 16:12:28,239 [Thread-2963] INFO  impl.FollowerState (FollowerState.java:run(108)) - 25d6372c-77fd-4a39-ac2a-e48debad48df@group-B2671EB745D2-FollowerState: change to CANDIDATE, lastRpcTime:75ms, electionTimeout:75ms
2019-10-15 16:12:28,239 [Thread-2963] INFO  impl.RoleInfo (RoleInfo.java:shutdownFollowerState(121)) - 25d6372c-77fd-4a39-ac2a-e48debad48df: shutdown FollowerState
2019-10-15 16:12:28,240 [Thread-2963] INFO  impl.RaftServerImpl (RaftServerImpl.java:setRole(184)) - 25d6372c-77fd-4a39-ac2a-e48debad48df@group-B2671EB745D2: changes role from  FOLLOWER to CANDIDATE at term 447 for changeToCandidate
2019-10-15 16:12:28,240 [Thread-2963] INFO  impl.RoleInfo (RoleInfo.java:updateAndGet(143)) - 25d6372c-77fd-4a39-ac2a-e48debad48df: start LeaderElection
2019-10-15 16:12:28,254 [25d6372c-77fd-4a39-ac2a-e48debad48df@group-B2671EB745D2-LeaderElection415] INFO  impl.LeaderElection (LeaderElection.java:askForVotes(178)) - 25d6372c-77fd-4a39-ac2a-e48debad48df@group-B2671EB745D2-LeaderElection415: begin an election at term 448 for -1: [50423279-f647-4a18-8e85-347d68eaf856:192.168.69.88:39583, 2ec85f63-33fb-4317-9145-71357d145af9:192.168.69.88:42357, 25d6372c-77fd-4a39-ac2a-e48debad48df:192.168.69.88:39591], old=null
2019-10-15 16:12:28,256 [grpc-default-executor-0] INFO  impl.RaftServerImpl (RaftServerImpl.java:setRole(184)) - 50423279-f647-4a18-8e85-347d68eaf856@group-B2671EB745D2: changes role from  FOLLOWER to FOLLOWER at term 448 for recognizeCandidate:25d6372c-77fd-4a39-ac2a-e48debad48df
2019-10-15 16:12:28,256 [grpc-default-executor-5] INFO  impl.RaftServerImpl (RaftServerImpl.java:setRole(184)) - 2ec85f63-33fb-4317-9145-71357d145af9@group-B2671EB745D2: changes role from  FOLLOWER to FOLLOWER at term 448 for recognizeCandidate:25d6372c-77fd-4a39-ac2a-e48debad48df
2019-10-15 16:12:28,256 [grpc-default-executor-0] INFO  impl.RoleInfo (RoleInfo.java:shutdownFollowerState(121)) - 50423279-f647-4a18-8e85-347d68eaf856: shutdown FollowerState
2019-10-15 16:12:28,256 [grpc-default-executor-5] INFO  impl.RoleInfo (RoleInfo.java:shutdownFollowerState(121)) - 2ec85f63-33fb-4317-9145-71357d145af9: shutdown FollowerState
2019-10-15 16:12:28,257 [Thread-2961] INFO  impl.FollowerState (FollowerState.java:run(117)) - 50423279-f647-4a18-8e85-347d68eaf856@group-B2671EB745D2-FollowerState was interrupted: java.lang.InterruptedException: sleep interrupted
2019-10-15 16:12:28,257 [grpc-default-executor-0] INFO  impl.RoleInfo (RoleInfo.java:updateAndGet(143)) - 50423279-f647-4a18-8e85-347d68eaf856: start FollowerState
2019-10-15 16:12:28,257 [Thread-2962] INFO  impl.FollowerState (FollowerState.java:run(117)) - 2ec85f63-33fb-4317-9145-71357d145af9@group-B2671EB745D2-FollowerState was interrupted: java.lang.InterruptedException: sleep interrupted
2019-10-15 16:12:28,257 [grpc-default-executor-5] INFO  impl.RoleInfo (RoleInfo.java:updateAndGet(143)) - 2ec85f63-33fb-4317-9145-71357d145af9: start FollowerState
2019-10-15 16:12:28,271 [25d6372c-77fd-4a39-ac2a-e48debad48df@group-B2671EB745D2-LeaderElection415] INFO  impl.LeaderElection (LeaderElection.java:logAndReturn(56)) - 25d6372c-77fd-4a39-ac2a-e48debad48df@group-B2671EB745D2-LeaderElection415: Election REJECTED; received 2 response(s) [25d6372c-77fd-4a39-ac2a-e48debad48df<-50423279-f647-4a18-8e85-347d68eaf856#0:FAIL-t448, 25d6372c-77fd-4a39-ac2a-e48debad48df<-2ec85f63-33fb-4317-9145-71357d145af9#0:FAIL-t448] and 0 exception(s); 25d6372c-77fd-4a39-ac2a-e48debad48df@group-B2671EB745D2:t448, leader=null, voted=25d6372c-77fd-4a39-ac2a-e48debad48df, raftlog=25d6372c-77fd-4a39-ac2a-e48debad48df@group-B2671EB745D2-SegmentedRaftLog:OPENED:c-1,f-1,i0, conf=-1: [50423279-f647-4a18-8e85-347d68eaf856:192.168.69.88:39583, 2ec85f63-33fb-4317-9145-71357d145af9:192.168.69.88:42357, 25d6372c-77fd-4a39-ac2a-e48debad48df:192.168.69.88:39591], old=null
2019-10-15 16:12:28,271 [25d6372c-77fd-4a39-ac2a-e48debad48df@group-B2671EB745D2-LeaderElection415] INFO  impl.RaftServerImpl (RaftServerImpl.java:setRole(184)) - 25d6372c-77fd-4a39-ac2a-e48debad48df@group-B2671EB745D2: changes role from CANDIDATE to FOLLOWER at term 448 for DISCOVERED_A_NEW_TERM
2019-10-15 16:12:28,271 [25d6372c-77fd-4a39-ac2a-e48debad48df@group-B2671EB745D2-LeaderElection415] INFO  impl.RoleInfo (RoleInfo.java:shutdownLeaderElection(134)) - 25d6372c-77fd-4a39-ac2a-e48debad48df: shutdown LeaderElection
2019-10-15 16:12:28,271 [25d6372c-77fd-4a39-ac2a-e48debad48df@group-B2671EB745D2-LeaderElection415] INFO  impl.RoleInfo (RoleInfo.java:updateAndGet(143)) - 25d6372c-77fd-4a39-ac2a-e48debad48df: start FollowerState
2019-10-15 16:12:28,318 [Thread-2969] INFO  impl.FollowerState (FollowerState.java:run(108)) - 25d6372c-77fd-4a39-ac2a-e48debad48df@group-B2671EB745D2-FollowerState: change to CANDIDATE, lastRpcTime:46ms, electionTimeout:46ms
2019-10-15 16:12:28,318 [Thread-2969] INFO  impl.RoleInfo (RoleInfo.java:shutdownFollowerState(121)) - 25d6372c-77fd-4a39-ac2a-e48debad48df: shutdown FollowerState
2019-10-15 16:12:28,318 [Thread-2969] INFO  impl.RaftServerImpl (RaftServerImpl.java:setRole(184)) - 25d6372c-77fd-4a39-ac2a-e48debad48df@group-B2671EB745D2: changes role from  FOLLOWER to CANDIDATE at term 448 for changeToCandidate
2019-10-15 16:12:28,318 [Thread-2969] INFO  impl.RoleInfo (RoleInfo.java:updateAndGet(143)) - 25d6372c-77fd-4a39-ac2a-e48debad48df: start LeaderElection
2019-10-15 16:12:28,332 [25d6372c-77fd-4a39-ac2a-e48debad48df@group-B2671EB745D2-LeaderElection416] INFO  impl.LeaderElection (LeaderElection.java:askForVotes(178)) - 25d6372c-77fd-4a39-ac2a-e48debad48df@group-B2671EB745D2-LeaderElection416: begin an election at term 449 for -1: [50423279-f647-4a18-8e85-347d68eaf856:192.168.69.88:39583, 2ec85f63-33fb-4317-9145-71357d145af9:192.168.69.88:42357, 25d6372c-77fd-4a39-ac2a-e48debad48df:192.168.69.88:39591], old=null
2019-10-15 16:12:28,333 [grpc-default-executor-5] INFO  impl.RaftServerImpl (RaftServerImpl.java:setRole(184)) - 50423279-f647-4a18-8e85-347d68eaf856@group-B2671EB745D2: changes role from  FOLLOWER to FOLLOWER at term 449 for recognizeCandidate:25d6372c-77fd-4a39-ac2a-e48debad48df
2019-10-15 16:12:28,333 [grpc-default-executor-5] INFO  impl.RoleInfo (RoleInfo.java:shutdownFollowerState(121)) - 50423279-f647-4a18-8e85-347d68eaf856: shutdown FollowerState
2019-10-15 16:12:28,333 [grpc-default-executor-0] INFO  impl.RaftServerImpl (RaftServerImpl.java:setRole(184)) - 2ec85f63-33fb-4317-9145-71357d145af9@group-B2671EB745D2: changes role from  FOLLOWER to FOLLOWER at term 449 for recognizeCandidate:25d6372c-77fd-4a39-ac2a-e48debad48df
2019-10-15 16:12:28,334 [grpc-default-executor-0] INFO  impl.RoleInfo (RoleInfo.java:shutdownFollowerState(121)) - 2ec85f63-33fb-4317-9145-71357d145af9: shutdown FollowerState
2019-10-15 16:12:28,333 [Thread-2967] INFO  impl.FollowerState (FollowerState.java:run(117)) - 50423279-f647-4a18-8e85-347d68eaf856@group-B2671EB745D2-FollowerState was interrupted: java.lang.InterruptedException: sleep interrupted
2019-10-15 16:12:28,333 [grpc-default-executor-5] INFO  impl.RoleInfo (RoleInfo.java:updateAndGet(143)) - 50423279-f647-4a18-8e85-347d68eaf856: start FollowerState
2019-10-15 16:12:28,334 [Thread-2968] INFO  impl.FollowerState (FollowerState.java:run(117)) - 2ec85f63-33fb-4317-9145-71357d145af9@group-B2671EB745D2-FollowerState was interrupted: java.lang.InterruptedException: sleep interrupted
2019-10-15 16:12:28,334 [grpc-default-executor-0] INFO  impl.RoleInfo (RoleInfo.java:updateAndGet(143)) - 2ec85f63-33fb-4317-9145-71357d145af9: start FollowerState
2019-10-15 16:12:28,348 [25d6372c-77fd-4a39-ac2a-e48debad48df@group-B2671EB745D2-LeaderElection416] INFO  impl.LeaderElection (LeaderElection.java:logAndReturn(56)) - 25d6372c-77fd-4a39-ac2a-e48debad48df@group-B2671EB745D2-LeaderElection416: Election REJECTED; received 2 response(s) [25d6372c-77fd-4a39-ac2a-e48debad48df<-2ec85f63-33fb-4317-9145-71357d145af9#0:FAIL-t449, 25d6372c-77fd-4a39-ac2a-e48debad48df<-50423279-f647-4a18-8e85-347d68eaf856#0:FAIL-t449] and 0 exception(s); 25d6372c-77fd-4a39-ac2a-e48debad48df@group-B2671EB745D2:t449, leader=null, voted=25d6372c-77fd-4a39-ac2a-e48debad48df, raftlog=25d6372c-77fd-4a39-ac2a-e48debad48df@group-B2671EB745D2-SegmentedRaftLog:OPENED:c-1,f-1,i0, conf=-1: [50423279-f647-4a18-8e85-347d68eaf856:192.168.69.88:39583, 2ec85f63-33fb-4317-9145-71357d145af9:192.168.69.88:42357, 25d6372c-77fd-4a39-ac2a-e48debad48df:192.168.69.88:39591], old=null
2019-10-15 16:12:28,348 [25d6372c-77fd-4a39-ac2a-e48debad48df@group-B2671EB745D2-LeaderElection416] INFO  impl.RaftServerImpl (RaftServerImpl.java:setRole(184)) - 25d6372c-77fd-4a39-ac2a-e48debad48df@group-B2671EB745D2: changes role from CANDIDATE to FOLLOWER at term 449 for DISCOVERED_A_NEW_TERM
2019-10-15 16:12:28,348 [25d6372c-77fd-4a39-ac2a-e48debad48df@group-B2671EB745D2-LeaderElection416] INFO  impl.RoleInfo (RoleInfo.java:shutdownLeaderElection(134)) - 25d6372c-77fd-4a39-ac2a-e48debad48df: shutdown LeaderElection
2019-10-15 16:12:28,348 [25d6372c-77fd-4a39-ac2a-e48debad48df@group-B2671EB745D2-LeaderElection416] INFO  impl.RoleInfo (RoleInfo.java:updateAndGet(143)) - 25d6372c-77fd-4a39-ac2a-e48debad48df: start FollowerState
2019-10-15 16:12:28,505 [Thread-2975] INFO  impl.FollowerState (FollowerState.java:run(108)) - 25d6372c-77fd-4a39-ac2a-e48debad48df@group-B2671EB745D2-FollowerState: change to CANDIDATE, lastRpcTime:156ms, electionTimeout:156ms
2019-10-15 16:12:28,505 [Thread-2975] INFO  impl.RoleInfo (RoleInfo.java:shutdownFollowerState(121)) - 25d6372c-77fd-4a39-ac2a-e48debad48df: shutdown FollowerState
2019-10-15 16:12:28,505 [Thread-2975] INFO  impl.RaftServerImpl (RaftServerImpl.java:setRole(184)) - 25d6372c-77fd-4a39-ac2a-e48debad48df@group-B2671EB745D2: changes role from  FOLLOWER to CANDIDATE at term 449 for changeToCandidate
2019-10-15 16:12:28,505 [Thread-2975] INFO  impl.RoleInfo (RoleInfo.java:updateAndGet(143)) - 25d6372c-77fd-4a39-ac2a-e48debad48df: start LeaderElection
2019-10-15 16:12:28,519 [25d6372c-77fd-4a39-ac2a-e48debad48df@group-B2671EB745D2-LeaderElection417] INFO  impl.LeaderElection (LeaderElection.java:askForVotes(178)) - 25d6372c-77fd-4a39-ac2a-e48debad48df@group-B2671EB745D2-LeaderElection417: begin an election at term 450 for -1: [50423279-f647-4a18-8e85-347d68eaf856:192.168.69.88:39583, 2ec85f63-33fb-4317-9145-71357d145af9:192.168.69.88:42357, 25d6372c-77fd-4a39-ac2a-e48debad48df:192.168.69.88:39591], old=null
2019-10-15 16:12:28,521 [grpc-default-executor-5] INFO  impl.RaftServerImpl (RaftServerImpl.java:setRole(184)) - 50423279-f647-4a18-8e85-347d68eaf856@group-B2671EB745D2: changes role from  FOLLOWER to FOLLOWER at term 450 for recognizeCandidate:25d6372c-77fd-4a39-ac2a-e48debad48df
2019-10-15 16:12:28,521 [grpc-default-executor-0] INFO  impl.RaftServerImpl (RaftServerImpl.java:setRole(184)) - 2ec85f63-33fb-4317-9145-71357d145af9@group-B2671EB745D2: changes role from  FOLLOWER to FOLLOWER at term 450 for recognizeCandidate:25d6372c-77fd-4a39-ac2a-e48debad48df
2019-10-15 16:12:28,521 [grpc-default-executor-0] INFO  impl.RoleInfo (RoleInfo.java:shutdownFollowerState(121)) - 2ec85f63-33fb-4317-9145-71357d145af9: shutdown FollowerState
2019-10-15 16:12:28,521 [grpc-default-executor-5] INFO  impl.RoleInfo (RoleInfo.java:shutdownFollowerState(121)) - 50423279-f647-4a18-8e85-347d68eaf856: shutdown FollowerState
2019-10-15 16:12:28,521 [Thread-2974] INFO  impl.FollowerState (FollowerState.java:run(117)) - 2ec85f63-33fb-4317-9145-71357d145af9@group-B2671EB745D2-FollowerState was interrupted: java.lang.InterruptedException: sleep interrupted
2019-10-15 16:12:28,521 [grpc-default-executor-0] INFO  impl.RoleInfo (RoleInfo.java:updateAndGet(143)) - 2ec85f63-33fb-4317-9145-71357d145af9: start FollowerState
2019-10-15 16:12:28,522 [Thread-2973] INFO  impl.FollowerState (FollowerState.java:run(117)) - 50423279-f647-4a18-8e85-347d68eaf856@group-B2671EB745D2-FollowerState was interrupted: java.lang.InterruptedException: sleep interrupted
2019-10-15 16:12:28,521 [grpc-default-executor-5] INFO  impl.RoleInfo (RoleInfo.java:updateAndGet(143)) - 50423279-f647-4a18-8e85-347d68eaf856: start FollowerState
2019-10-15 16:12:28,538 [25d6372c-77fd-4a39-ac2a-e48debad48df@group-B2671EB745D2-LeaderElection417] INFO  impl.LeaderElection (LeaderElection.java:logAndReturn(56)) - 25d6372c-77fd-4a39-ac2a-e48debad48df@group-B2671EB745D2-LeaderElection417: Election REJECTED; received 2 response(s) [25d6372c-77fd-4a39-ac2a-e48debad48df<-2ec85f63-33fb-4317-9145-71357d145af9#0:FAIL-t450, 25d6372c-77fd-4a39-ac2a-e48debad48df<-50423279-f647-4a18-8e85-347d68eaf856#0:FAIL-t450] and 0 exception(s); 25d6372c-77fd-4a39-ac2a-e48debad48df@group-B2671EB745D2:t450, leader=null, voted=25d6372c-77fd-4a39-ac2a-e48debad48df, raftlog=25d6372c-77fd-4a39-ac2a-e48debad48df@group-B2671EB745D2-SegmentedRaftLog:OPENED:c-1,f-1,i0, conf=-1: [50423279-f647-4a18-8e85-347d68eaf856:192.168.69.88:39583, 2ec85f63-33fb-4317-9145-71357d145af9:192.168.69.88:42357, 25d6372c-77fd-4a39-ac2a-e48debad48df:192.168.69.88:39591], old=null
2019-10-15 16:12:28,538 [25d6372c-77fd-4a39-ac2a-e48debad48df@group-B2671EB745D2-LeaderElection417] INFO  impl.RaftServerImpl (RaftServerImpl.java:setRole(184)) - 25d6372c-77fd-4a39-ac2a-e48debad48df@group-B2671EB745D2: changes role from CANDIDATE to FOLLOWER at term 450 for DISCOVERED_A_NEW_TERM
2019-10-15 16:12:28,538 [25d6372c-77fd-4a39-ac2a-e48debad48df@group-B2671EB745D2-LeaderElection417] INFO  impl.RoleInfo (RoleInfo.java:shutdownLeaderElection(134)) - 25d6372c-77fd-4a39-ac2a-e48debad48df: shutdown LeaderElection
2019-10-15 16:12:28,538 [25d6372c-77fd-4a39-ac2a-e48debad48df@group-B2671EB745D2-LeaderElection417] INFO  impl.RoleInfo (RoleInfo.java:updateAndGet(143)) - 25d6372c-77fd-4a39-ac2a-e48debad48df: start FollowerState
2019-10-15 16:12:28,575 [Thread-2983] INFO  impl.FollowerState (FollowerState.java:run(108)) - 25d6372c-77fd-4a39-ac2a-e48debad48df@group-B2671EB745D2-FollowerState: change to CANDIDATE, lastRpcTime:36ms, electionTimeout:36ms
2019-10-15 16:12:28,575 [Thread-2983] INFO  impl.RoleInfo (RoleInfo.java:shutdownFollowerState(121)) - 25d6372c-77fd-4a39-ac2a-e48debad48df: shutdown FollowerState
2019-10-15 16:12:28,575 [Thread-2983] INFO  impl.RaftServerImpl (RaftServerImpl.java:setRole(184)) - 25d6372c-77fd-4a39-ac2a-e48debad48df@group-B2671EB745D2: changes role from  FOLLOWER to CANDIDATE at term 450 for changeToCandidate
2019-10-15 16:12:28,575 [Thread-2983] INFO  impl.RoleInfo (RoleInfo.java:updateAndGet(143)) - 25d6372c-77fd-4a39-ac2a-e48debad48df: start LeaderElection
2019-10-15 16:12:28,588 [25d6372c-77fd-4a39-ac2a-e48debad48df@group-B2671EB745D2-LeaderElection418] INFO  impl.LeaderElection (LeaderElection.java:askForVotes(178)) - 25d6372c-77fd-4a39-ac2a-e48debad48df@group-B2671EB745D2-LeaderElection418: begin an election at term 451 for -1: [50423279-f647-4a18-8e85-347d68eaf856:192.168.69.88:39583, 2ec85f63-33fb-4317-9145-71357d145af9:192.168.69.88:42357, 25d6372c-77fd-4a39-ac2a-e48debad48df:192.168.69.88:39591], old=null
2019-10-15 16:12:28,590 [grpc-default-executor-5] INFO  impl.RaftServerImpl (RaftServerImpl.java:setRole(184)) - 2ec85f63-33fb-4317-9145-71357d145af9@group-B2671EB745D2: changes role from  FOLLOWER to FOLLOWER at term 451 for recognizeCandidate:25d6372c-77fd-4a39-ac2a-e48debad48df
2019-10-15 16:12:28,590 [grpc-default-executor-0] INFO  impl.RaftServerImpl (RaftServerImpl.java:setRole(184)) - 50423279-f647-4a18-8e85-347d68eaf856@group-B2671EB745D2: changes role from  FOLLOWER to FOLLOWER at term 451 for recognizeCandidate:25d6372c-77fd-4a39-ac2a-e48debad48df
2019-10-15 16:12:28,590 [grpc-default-executor-5] INFO  impl.RoleInfo (RoleInfo.java:shutdownFollowerState(121)) - 2ec85f63-33fb-4317-9145-71357d145af9: shutdown FollowerState
2019-10-15 16:12:28,590 [grpc-default-executor-0] INFO  impl.RoleInfo (RoleInfo.java:shutdownFollowerState(121)) - 50423279-f647-4a18-8e85-347d68eaf856: shutdown FollowerState
2019-10-15 16:12:28,590 [Thread-2981] INFO  impl.FollowerState (FollowerState.java:run(117)) - 2ec85f63-33fb-4317-9145-71357d145af9@group-B2671EB745D2-FollowerState was interrupted: java.lang.InterruptedException: sleep interrupted
2019-10-15 16:12:28,590 [grpc-default-executor-5] INFO  impl.RoleInfo (RoleInfo.java:updateAndGet(143)) - 2ec85f63-33fb-4317-9145-71357d145af9: start FollowerState
2019-10-15 16:12:28,590 [Thread-2982] INFO  impl.FollowerState (FollowerState.java:run(117)) - 50423279-f647-4a18-8e85-347d68eaf856@group-B2671EB745D2-FollowerState was interrupted: java.lang.InterruptedException: sleep interrupted
2019-10-15 16:12:28,590 [grpc-default-executor-0] INFO  impl.RoleInfo (RoleInfo.java:updateAndGet(143)) - 50423279-f647-4a18-8e85-347d68eaf856: start FollowerState
2019-10-15 16:12:28,602 [25d6372c-77fd-4a39-ac2a-e48debad48df@group-B2671EB745D2-LeaderElection418] INFO  impl.LeaderElection (LeaderElection.java:logAndReturn(56)) - 25d6372c-77fd-4a39-ac2a-e48debad48df@group-B2671EB745D2-LeaderElection418: Election REJECTED; received 2 response(s) [25d6372c-77fd-4a39-ac2a-e48debad48df<-2ec85f63-33fb-4317-9145-71357d145af9#0:FAIL-t451, 25d6372c-77fd-4a39-ac2a-e48debad48df<-50423279-f647-4a18-8e85-347d68eaf856#0:FAIL-t451] and 0 exception(s); 25d6372c-77fd-4a39-ac2a-e48debad48df@group-B2671EB745D2:t451, leader=null, voted=25d6372c-77fd-4a39-ac2a-e48debad48df, raftlog=25d6372c-77fd-4a39-ac2a-e48debad48df@group-B2671EB745D2-SegmentedRaftLog:OPENED:c-1,f-1,i0, conf=-1: [50423279-f647-4a18-8e85-347d68eaf856:192.168.69.88:39583, 2ec85f63-33fb-4317-9145-71357d145af9:192.168.69.88:42357, 25d6372c-77fd-4a39-ac2a-e48debad48df:192.168.69.88:39591], old=null
2019-10-15 16:12:28,602 [25d6372c-77fd-4a39-ac2a-e48debad48df@group-B2671EB745D2-LeaderElection418] INFO  impl.RaftServerImpl (RaftServerImpl.java:setRole(184)) - 25d6372c-77fd-4a39-ac2a-e48debad48df@group-B2671EB745D2: changes role from CANDIDATE to FOLLOWER at term 451 for DISCOVERED_A_NEW_TERM
2019-10-15 16:12:28,602 [25d6372c-77fd-4a39-ac2a-e48debad48df@group-B2671EB745D2-LeaderElection418] INFO  impl.RoleInfo (RoleInfo.java:shutdownLeaderElection(134)) - 25d6372c-77fd-4a39-ac2a-e48debad48df: shutdown LeaderElection
2019-10-15 16:12:28,603 [25d6372c-77fd-4a39-ac2a-e48debad48df@group-B2671EB745D2-LeaderElection418] INFO  impl.RoleInfo (RoleInfo.java:updateAndGet(143)) - 25d6372c-77fd-4a39-ac2a-e48debad48df: start FollowerState
2019-10-15 16:12:28,648 [Thread-2990] INFO  impl.FollowerState (FollowerState.java:run(108)) - 25d6372c-77fd-4a39-ac2a-e48debad48df@group-B2671EB745D2-FollowerState: change to CANDIDATE, lastRpcTime:45ms, electionTimeout:45ms
2019-10-15 16:12:28,648 [Thread-2990] INFO  impl.RoleInfo (RoleInfo.java:shutdownFollowerState(121)) - 25d6372c-77fd-4a39-ac2a-e48debad48df: shutdown FollowerState
2019-10-15 16:12:28,648 [Thread-2990] INFO  impl.RaftServerImpl (RaftServerImpl.java:setRole(184)) - 25d6372c-77fd-4a39-ac2a-e48debad48df@group-B2671EB745D2: changes role from  FOLLOWER to CANDIDATE at term 451 for changeToCandidate
2019-10-15 16:12:28,648 [Thread-2990] INFO  impl.RoleInfo (RoleInfo.java:updateAndGet(143)) - 25d6372c-77fd-4a39-ac2a-e48debad48df: start LeaderElection
2019-10-15 16:12:28,826 [25d6372c-77fd-4a39-ac2a-e48debad48df@group-B2671EB745D2-LeaderElection419] INFO  impl.LeaderElection (LeaderElection.java:askForVotes(178)) - 25d6372c-77fd-4a39-ac2a-e48debad48df@group-B2671EB745D2-LeaderElection419: begin an election at term 452 for -1: [50423279-f647-4a18-8e85-347d68eaf856:192.168.69.88:39583, 2ec85f63-33fb-4317-9145-71357d145af9:192.168.69.88:42357, 25d6372c-77fd-4a39-ac2a-e48debad48df:192.168.69.88:39591], old=null
2019-10-15 16:12:28,827 [grpc-default-executor-0] INFO  impl.RaftServerImpl (RaftServerImpl.java:setRole(184)) - 50423279-f647-4a18-8e85-347d68eaf856@group-B2671EB745D2: changes role from  FOLLOWER to FOLLOWER at term 452 for recognizeCandidate:25d6372c-77fd-4a39-ac2a-e48debad48df
2019-10-15 16:12:28,827 [grpc-default-executor-0] INFO  impl.RoleInfo (RoleInfo.java:shutdownFollowerState(121)) - 50423279-f647-4a18-8e85-347d68eaf856: shutdown FollowerState
2019-10-15 16:12:28,827 [grpc-default-executor-0] INFO  impl.RoleInfo (RoleInfo.java:updateAndGet(143)) - 50423279-f647-4a18-8e85-347d68eaf856: start FollowerState
2019-10-15 16:12:28,827 [Thread-2989] INFO  impl.FollowerState (FollowerState.java:run(117)) - 50423279-f647-4a18-8e85-347d68eaf856@group-B2671EB745D2-FollowerState was interrupted: java.lang.InterruptedException: sleep interrupted
2019-10-15 16:12:28,827 [grpc-default-executor-5] INFO  impl.RaftServerImpl (RaftServerImpl.java:setRole(184)) - 2ec85f63-33fb-4317-9145-71357d145af9@group-B2671EB745D2: changes role from  FOLLOWER to FOLLOWER at term 452 for recognizeCandidate:25d6372c-77fd-4a39-ac2a-e48debad48df
2019-10-15 16:12:28,827 [grpc-default-executor-5] INFO  impl.RoleInfo (RoleInfo.java:shutdownFollowerState(121)) - 2ec85f63-33fb-4317-9145-71357d145af9: shutdown FollowerState
2019-10-15 16:12:28,828 [grpc-default-executor-5] INFO  impl.RoleInfo (RoleInfo.java:updateAndGet(143)) - 2ec85f63-33fb-4317-9145-71357d145af9: start FollowerState
2019-10-15 16:12:28,828 [Thread-2988] INFO  impl.FollowerState (FollowerState.java:run(117)) - 2ec85f63-33fb-4317-9145-71357d145af9@group-B2671EB745D2-FollowerState was interrupted: java.lang.InterruptedException: sleep interrupted
2019-10-15 16:12:28,836 [25d6372c-77fd-4a39-ac2a-e48debad48df@group-B2671EB745D2-LeaderElection419] INFO  impl.LeaderElection (LeaderElection.java:logAndReturn(56)) - 25d6372c-77fd-4a39-ac2a-e48debad48df@group-B2671EB745D2-LeaderElection419: Election REJECTED; received 2 response(s) [25d6372c-77fd-4a39-ac2a-e48debad48df<-50423279-f647-4a18-8e85-347d68eaf856#0:FAIL-t452, 25d6372c-77fd-4a39-ac2a-e48debad48df<-2ec85f63-33fb-4317-9145-71357d145af9#0:FAIL-t452] and 0 exception(s); 25d6372c-77fd-4a39-ac2a-e48debad48df@group-B2671EB745D2:t452, leader=null, voted=25d6372c-77fd-4a39-ac2a-e48debad48df, raftlog=25d6372c-77fd-4a39-ac2a-e48debad48df@group-B2671EB745D2-SegmentedRaftLog:OPENED:c-1,f-1,i0, conf=-1: [50423279-f647-4a18-8e85-347d68eaf856:192.168.69.88:39583, 2ec85f63-33fb-4317-9145-71357d145af9:192.168.69.88:42357, 25d6372c-77fd-4a39-ac2a-e48debad48df:192.168.69.88:39591], old=null
2019-10-15 16:12:28,837 [25d6372c-77fd-4a39-ac2a-e48debad48df@group-B2671EB745D2-LeaderElection419] INFO  impl.RaftServerImpl (RaftServerImpl.java:setRole(184)) - 25d6372c-77fd-4a39-ac2a-e48debad48df@group-B2671EB745D2: changes role from CANDIDATE to FOLLOWER at term 452 for DISCOVERED_A_NEW_TERM
2019-10-15 16:12:28,837 [25d6372c-77fd-4a39-ac2a-e48debad48df@group-B2671EB745D2-LeaderElection419] INFO  impl.RoleInfo (RoleInfo.java:shutdownLeaderElection(134)) - 25d6372c-77fd-4a39-ac2a-e48debad48df: shutdown LeaderElection
2019-10-15 16:12:28,837 [25d6372c-77fd-4a39-ac2a-e48debad48df@group-B2671EB745D2-LeaderElection419] INFO  impl.RoleInfo (RoleInfo.java:updateAndGet(143)) - 25d6372c-77fd-4a39-ac2a-e48debad48df: start FollowerState
2019-10-15 16:12:28,975 [Thread-2999] INFO  impl.FollowerState (FollowerState.java:run(108)) - 25d6372c-77fd-4a39-ac2a-e48debad48df@group-B2671EB745D2-FollowerState: change to CANDIDATE, lastRpcTime:138ms, electionTimeout:138ms
2019-10-15 16:12:28,975 [Thread-2999] INFO  impl.RoleInfo (RoleInfo.java:shutdownFollowerState(121)) - 25d6372c-77fd-4a39-ac2a-e48debad48df: shutdown FollowerState
2019-10-15 16:12:28,975 [Thread-2999] INFO  impl.RaftServerImpl (RaftServerImpl.java:setRole(184)) - 25d6372c-77fd-4a39-ac2a-e48debad48df@group-B2671EB745D2: changes role from  FOLLOWER to CANDIDATE at term 452 for changeToCandidate
2019-10-15 16:12:28,976 [Thread-2999] INFO  impl.RoleInfo (RoleInfo.java:updateAndGet(143)) - 25d6372c-77fd-4a39-ac2a-e48debad48df: start LeaderElection
2019-10-15 16:12:28,990 [25d6372c-77fd-4a39-ac2a-e48debad48df@group-B2671EB745D2-LeaderElection420] INFO  impl.LeaderElection (LeaderElection.java:askForVotes(178)) - 25d6372c-77fd-4a39-ac2a-e48debad48df@group-B2671EB745D2-LeaderElection420: begin an election at term 453 for -1: [50423279-f647-4a18-8e85-347d68eaf856:192.168.69.88:39583, 2ec85f63-33fb-4317-9145-71357d145af9:192.168.69.88:42357, 25d6372c-77fd-4a39-ac2a-e48debad48df:192.168.69.88:39591], old=null
2019-10-15 16:12:28,992 [grpc-default-executor-0] INFO  impl.RaftServerImpl (RaftServerImpl.java:setRole(184)) - 50423279-f647-4a18-8e85-347d68eaf856@group-B2671EB745D2: changes role from  FOLLOWER to FOLLOWER at term 453 for recognizeCandidate:25d6372c-77fd-4a39-ac2a-e48debad48df
2019-10-15 16:12:28,992 [grpc-default-executor-0] INFO  impl.RoleInfo (RoleInfo.java:shutdownFollowerState(121)) - 50423279-f647-4a18-8e85-347d68eaf856: shutdown FollowerState
2019-10-15 16:12:28,992 [grpc-default-executor-5] INFO  impl.RaftServerImpl (RaftServerImpl.java:setRole(184)) - 2ec85f63-33fb-4317-9145-71357d145af9@group-B2671EB745D2: changes role from  FOLLOWER to FOLLOWER at term 453 for recognizeCandidate:25d6372c-77fd-4a39-ac2a-e48debad48df
2019-10-15 16:12:28,992 [Thread-2997] INFO  impl.FollowerState (FollowerState.java:run(117)) - 50423279-f647-4a18-8e85-347d68eaf856@group-B2671EB745D2-FollowerState was interrupted: java.lang.InterruptedException: sleep interrupted
2019-10-15 16:12:28,992 [grpc-default-executor-0] INFO  impl.RoleInfo (RoleInfo.java:updateAndGet(143)) - 50423279-f647-4a18-8e85-347d68eaf856: start FollowerState
2019-10-15 16:12:28,992 [grpc-default-executor-5] INFO  impl.RoleInfo (RoleInfo.java:shutdownFollowerState(121)) - 2ec85f63-33fb-4317-9145-71357d145af9: shutdown FollowerState
2019-10-15 16:12:28,993 [grpc-default-executor-5] INFO  impl.RoleInfo (RoleInfo.java:updateAndGet(143)) - 2ec85f63-33fb-4317-9145-71357d145af9: start FollowerState
2019-10-15 16:12:28,993 [Thread-2998] INFO  impl.FollowerState (FollowerState.java:run(117)) - 2ec85f63-33fb-4317-9145-71357d145af9@group-B2671EB745D2-FollowerState was interrupted: java.lang.InterruptedException: sleep interrupted
2019-10-15 16:12:29,011 [25d6372c-77fd-4a39-ac2a-e48debad48df@group-B2671EB745D2-LeaderElection420] INFO  impl.LeaderElection (LeaderElection.java:logAndReturn(56)) - 25d6372c-77fd-4a39-ac2a-e48debad48df@group-B2671EB745D2-LeaderElection420: Election REJECTED; received 2 response(s) [25d6372c-77fd-4a39-ac2a-e48debad48df<-50423279-f647-4a18-8e85-347d68eaf856#0:FAIL-t453, 25d6372c-77fd-4a39-ac2a-e48debad48df<-2ec85f63-33fb-4317-9145-71357d145af9#0:FAIL-t453] and 0 exception(s); 25d6372c-77fd-4a39-ac2a-e48debad48df@group-B2671EB745D2:t453, leader=null, voted=25d6372c-77fd-4a39-ac2a-e48debad48df, raftlog=25d6372c-77fd-4a39-ac2a-e48debad48df@group-B2671EB745D2-SegmentedRaftLog:OPENED:c-1,f-1,i0, conf=-1: [50423279-f647-4a18-8e85-347d68eaf856:192.168.69.88:39583, 2ec85f63-33fb-4317-9145-71357d145af9:192.168.69.88:42357, 25d6372c-77fd-4a39-ac2a-e48debad48df:192.168.69.88:39591], old=null
2019-10-15 16:12:29,011 [25d6372c-77fd-4a39-ac2a-e48debad48df@group-B2671EB745D2-LeaderElection420] INFO  impl.RaftServerImpl (RaftServerImpl.java:setRole(184)) - 25d6372c-77fd-4a39-ac2a-e48debad48df@group-B2671EB745D2: changes role from CANDIDATE to FOLLOWER at term 453 for DISCOVERED_A_NEW_TERM
2019-10-15 16:12:29,011 [25d6372c-77fd-4a39-ac2a-e48debad48df@group-B2671EB745D2-LeaderElection420] INFO  impl.RoleInfo (RoleInfo.java:shutdownLeaderElection(134)) - 25d6372c-77fd-4a39-ac2a-e48debad48df: shutdown LeaderElection
2019-10-15 16:12:29,011 [25d6372c-77fd-4a39-ac2a-e48debad48df@group-B2671EB745D2-LeaderElection420] INFO  impl.RoleInfo (RoleInfo.java:updateAndGet(143)) - 25d6372c-77fd-4a39-ac2a-e48debad48df: start FollowerState
2019-10-15 16:12:29,140 [Thread-3005] INFO  impl.FollowerState (FollowerState.java:run(108)) - 25d6372c-77fd-4a39-ac2a-e48debad48df@group-B2671EB745D2-FollowerState: change to CANDIDATE, lastRpcTime:128ms, electionTimeout:128ms
2019-10-15 16:12:29,140 [Thread-3005] INFO  impl.RoleInfo (RoleInfo.java:shutdownFollowerState(121)) - 25d6372c-77fd-4a39-ac2a-e48debad48df: shutdown FollowerState
2019-10-15 16:12:29,140 [Thread-3005] INFO  impl.RaftServerImpl (RaftServerImpl.java:setRole(184)) - 25d6372c-77fd-4a39-ac2a-e48debad48df@group-B2671EB745D2: changes role from  FOLLOWER to CANDIDATE at term 453 for changeToCandidate
2019-10-15 16:12:29,140 [Thread-3005] INFO  impl.RoleInfo (RoleInfo.java:updateAndGet(143)) - 25d6372c-77fd-4a39-ac2a-e48debad48df: start LeaderElection
2019-10-15 16:12:29,191 [25d6372c-77fd-4a39-ac2a-e48debad48df@group-B2671EB745D2-LeaderElection421] INFO  impl.LeaderElection (LeaderElection.java:askForVotes(178)) - 25d6372c-77fd-4a39-ac2a-e48debad48df@group-B2671EB745D2-LeaderElection421: begin an election at term 454 for -1: [50423279-f647-4a18-8e85-347d68eaf856:192.168.69.88:39583, 2ec85f63-33fb-4317-9145-71357d145af9:192.168.69.88:42357, 25d6372c-77fd-4a39-ac2a-e48debad48df:192.168.69.88:39591], old=null
2019-10-15 16:12:29,193 [grpc-default-executor-5] INFO  impl.RaftServerImpl (RaftServerImpl.java:setRole(184)) - 50423279-f647-4a18-8e85-347d68eaf856@group-B2671EB745D2: changes role from  FOLLOWER to FOLLOWER at term 454 for recognizeCandidate:25d6372c-77fd-4a39-ac2a-e48debad48df
2019-10-15 16:12:29,193 [grpc-default-executor-0] INFO  impl.RaftServerImpl (RaftServerImpl.java:setRole(184)) - 2ec85f63-33fb-4317-9145-71357d145af9@group-B2671EB745D2: changes role from  FOLLOWER to FOLLOWER at term 454 for recognizeCandidate:25d6372c-77fd-4a39-ac2a-e48debad48df
2019-10-15 16:12:29,193 [grpc-default-executor-0] INFO  impl.RoleInfo (RoleInfo.java:shutdownFollowerState(121)) - 2ec85f63-33fb-4317-9145-71357d145af9: shutdown FollowerState
2019-10-15 16:12:29,193 [grpc-default-executor-5] INFO  impl.RoleInfo (RoleInfo.java:shutdownFollowerState(121)) - 50423279-f647-4a18-8e85-347d68eaf856: shutdown FollowerState
2019-10-15 16:12:29,193 [grpc-default-executor-5] INFO  impl.RoleInfo (RoleInfo.java:updateAndGet(143)) - 50423279-f647-4a18-8e85-347d68eaf856: start FollowerState
2019-10-15 16:12:29,193 [Thread-3004] INFO  impl.FollowerState (FollowerState.java:run(117)) - 2ec85f63-33fb-4317-9145-71357d145af9@group-B2671EB745D2-FollowerState was interrupted: java.lang.InterruptedException: sleep interrupted
2019-10-15 16:12:29,193 [grpc-default-executor-0] INFO  impl.RoleInfo (RoleInfo.java:updateAndGet(143)) - 2ec85f63-33fb-4317-9145-71357d145af9: start FollowerState
2019-10-15 16:12:29,193 [Thread-3003] INFO  impl.FollowerState (FollowerState.java:run(117)) - 50423279-f647-4a18-8e85-347d68eaf856@group-B2671EB745D2-FollowerState was interrupted: java.lang.InterruptedException: sleep interrupted
2019-10-15 16:12:29,211 [25d6372c-77fd-4a39-ac2a-e48debad48df@group-B2671EB745D2-LeaderElection421] INFO  impl.LeaderElection (LeaderElection.java:logAndReturn(56)) - 25d6372c-77fd-4a39-ac2a-e48debad48df@group-B2671EB745D2-LeaderElection421: Election REJECTED; received 2 response(s) [25d6372c-77fd-4a39-ac2a-e48debad48df<-50423279-f647-4a18-8e85-347d68eaf856#0:FAIL-t454, 25d6372c-77fd-4a39-ac2a-e48debad48df<-2ec85f63-33fb-4317-9145-71357d145af9#0:FAIL-t454] and 0 exception(s); 25d6372c-77fd-4a39-ac2a-e48debad48df@group-B2671EB745D2:t454, leader=null, voted=25d6372c-77fd-4a39-ac2a-e48debad48df, raftlog=25d6372c-77fd-4a39-ac2a-e48debad48df@group-B2671EB745D2-SegmentedRaftLog:OPENED:c-1,f-1,i0, conf=-1: [50423279-f647-4a18-8e85-347d68eaf856:192.168.69.88:39583, 2ec85f63-33fb-4317-9145-71357d145af9:192.168.69.88:42357, 25d6372c-77fd-4a39-ac2a-e48debad48df:192.168.69.88:39591], old=null
2019-10-15 16:12:29,211 [25d6372c-77fd-4a39-ac2a-e48debad48df@group-B2671EB745D2-LeaderElection421] INFO  impl.RaftServerImpl (RaftServerImpl.java:setRole(184)) - 25d6372c-77fd-4a39-ac2a-e48debad48df@group-B2671EB745D2: changes role from CANDIDATE to FOLLOWER at term 454 for DISCOVERED_A_NEW_TERM
2019-10-15 16:12:29,211 [25d6372c-77fd-4a39-ac2a-e48debad48df@group-B2671EB745D2-LeaderElection421] INFO  impl.RoleInfo (RoleInfo.java:shutdownLeaderElection(134)) - 25d6372c-77fd-4a39-ac2a-e48debad48df: shutdown LeaderElection
2019-10-15 16:12:29,211 [25d6372c-77fd-4a39-ac2a-e48debad48df@group-B2671EB745D2-LeaderElection421] INFO  impl.RoleInfo (RoleInfo.java:updateAndGet(143)) - 25d6372c-77fd-4a39-ac2a-e48debad48df: start FollowerState
2019-10-15 16:12:29,212 [Thread-3011] INFO  impl.FollowerState (FollowerState.java:run(108)) - 25d6372c-77fd-4a39-ac2a-e48debad48df@group-B2671EB745D2-FollowerState: change to CANDIDATE, lastRpcTime:0ms, electionTimeout:0ms
2019-10-15 16:12:29,212 [Thread-3011] INFO  impl.RoleInfo (RoleInfo.java:shutdownFollowerState(121)) - 25d6372c-77fd-4a39-ac2a-e48debad48df: shutdown FollowerState
2019-10-15 16:12:29,212 [Thread-3011] INFO  impl.RaftServerImpl (RaftServerImpl.java:setRole(184)) - 25d6372c-77fd-4a39-ac2a-e48debad48df@group-B2671EB745D2: changes role from  FOLLOWER to CANDIDATE at term 454 for changeToCandidate
2019-10-15 16:12:29,212 [Thread-3011] INFO  impl.RoleInfo (RoleInfo.java:updateAndGet(143)) - 25d6372c-77fd-4a39-ac2a-e48debad48df: start LeaderElection
2019-10-15 16:12:29,221 [25d6372c-77fd-4a39-ac2a-e48debad48df@group-B2671EB745D2-LeaderElection422] INFO  impl.LeaderElection (LeaderElection.java:askForVotes(178)) - 25d6372c-77fd-4a39-ac2a-e48debad48df@group-B2671EB745D2-LeaderElection422: begin an election at term 455 for -1: [50423279-f647-4a18-8e85-347d68eaf856:192.168.69.88:39583, 2ec85f63-33fb-4317-9145-71357d145af9:192.168.69.88:42357, 25d6372c-77fd-4a39-ac2a-e48debad48df:192.168.69.88:39591], old=null
2019-10-15 16:12:29,223 [grpc-default-executor-0] INFO  impl.RaftServerImpl (RaftServerImpl.java:setRole(184)) - 50423279-f647-4a18-8e85-347d68eaf856@group-B2671EB745D2: changes role from  FOLLOWER to FOLLOWER at term 455 for recognizeCandidate:25d6372c-77fd-4a39-ac2a-e48debad48df
2019-10-15 16:12:29,223 [grpc-default-executor-0] INFO  impl.RoleInfo (RoleInfo.java:shutdownFollowerState(121)) - 50423279-f647-4a18-8e85-347d68eaf856: shutdown FollowerState
2019-10-15 16:12:29,223 [grpc-default-executor-5] INFO  impl.RaftServerImpl (RaftServerImpl.java:setRole(184)) - 2ec85f63-33fb-4317-9145-71357d145af9@group-B2671EB745D2: changes role from  FOLLOWER to FOLLOWER at term 455 for recognizeCandidate:25d6372c-77fd-4a39-ac2a-e48debad48df
2019-10-15 16:12:29,223 [grpc-default-executor-5] INFO  impl.RoleInfo (RoleInfo.java:shutdownFollowerState(121)) - 2ec85f63-33fb-4317-9145-71357d145af9: shutdown FollowerState
2019-10-15 16:12:29,223 [Thread-3010] INFO  impl.FollowerState (FollowerState.java:run(117)) - 50423279-f647-4a18-8e85-347d68eaf856@group-B2671EB745D2-FollowerState was interrupted: java.lang.InterruptedException: sleep interrupted
2019-10-15 16:12:29,224 [Thread-3009] INFO  impl.FollowerState (FollowerState.java:run(117)) - 2ec85f63-33fb-4317-9145-71357d145af9@group-B2671EB745D2-FollowerState was interrupted: java.lang.InterruptedException: sleep interrupted
2019-10-15 16:12:29,223 [grpc-default-executor-0] INFO  impl.RoleInfo (RoleInfo.java:updateAndGet(143)) - 50423279-f647-4a18-8e85-347d68eaf856: start FollowerState
2019-10-15 16:12:29,224 [grpc-default-executor-5] INFO  impl.RoleInfo (RoleInfo.java:updateAndGet(143)) - 2ec85f63-33fb-4317-9145-71357d145af9: start FollowerState
2019-10-15 16:12:29,229 [25d6372c-77fd-4a39-ac2a-e48debad48df@group-B2671EB745D2-LeaderElection422] INFO  impl.LeaderElection (LeaderElection.java:logAndReturn(56)) - 25d6372c-77fd-4a39-ac2a-e48debad48df@group-B2671EB745D2-LeaderElection422: Election REJECTED; received 2 response(s) [25d6372c-77fd-4a39-ac2a-e48debad48df<-50423279-f647-4a18-8e85-347d68eaf856#0:FAIL-t455, 25d6372c-77fd-4a39-ac2a-e48debad48df<-2ec85f63-33fb-4317-9145-71357d145af9#0:FAIL-t455] and 0 exception(s); 25d6372c-77fd-4a39-ac2a-e48debad48df@group-B2671EB745D2:t455, leader=null, voted=25d6372c-77fd-4a39-ac2a-e48debad48df, raftlog=25d6372c-77fd-4a39-ac2a-e48debad48df@group-B2671EB745D2-SegmentedRaftLog:OPENED:c-1,f-1,i0, conf=-1: [50423279-f647-4a18-8e85-347d68eaf856:192.168.69.88:39583, 2ec85f63-33fb-4317-9145-71357d145af9:192.168.69.88:42357, 25d6372c-77fd-4a39-ac2a-e48debad48df:192.168.69.88:39591], old=null
2019-10-15 16:12:29,229 [25d6372c-77fd-4a39-ac2a-e48debad48df@group-B2671EB745D2-LeaderElection422] INFO  impl.RaftServerImpl (RaftServerImpl.java:setRole(184)) - 25d6372c-77fd-4a39-ac2a-e48debad48df@group-B2671EB745D2: changes role from CANDIDATE to FOLLOWER at term 455 for DISCOVERED_A_NEW_TERM
2019-10-15 16:12:29,229 [25d6372c-77fd-4a39-ac2a-e48debad48df@group-B2671EB745D2-LeaderElection422] INFO  impl.RoleInfo (RoleInfo.java:shutdownLeaderElection(134)) - 25d6372c-77fd-4a39-ac2a-e48debad48df: shutdown LeaderElection
2019-10-15 16:12:29,229 [25d6372c-77fd-4a39-ac2a-e48debad48df@group-B2671EB745D2-LeaderElection422] INFO  impl.RoleInfo (RoleInfo.java:updateAndGet(143)) - 25d6372c-77fd-4a39-ac2a-e48debad48df: start FollowerState
2019-10-15 16:12:29,303 [Thread-3017] INFO  impl.FollowerState (FollowerState.java:run(108)) - 25d6372c-77fd-4a39-ac2a-e48debad48df@group-B2671EB745D2-FollowerState: change to CANDIDATE, lastRpcTime:73ms, electionTimeout:73ms
2019-10-15 16:12:29,303 [Thread-3017] INFO  impl.RoleInfo (RoleInfo.java:shutdownFollowerState(121)) - 25d6372c-77fd-4a39-ac2a-e48debad48df: shutdown FollowerState
2019-10-15 16:12:29,303 [Thread-3017] INFO  impl.RaftServerImpl (RaftServerImpl.java:setRole(184)) - 25d6372c-77fd-4a39-ac2a-e48debad48df@group-B2671EB745D2: changes role from  FOLLOWER to CANDIDATE at term 455 for changeToCandidate
2019-10-15 16:12:29,303 [Thread-3017] INFO  impl.RoleInfo (RoleInfo.java:updateAndGet(143)) - 25d6372c-77fd-4a39-ac2a-e48debad48df: start LeaderElection
2019-10-15 16:12:29,317 [25d6372c-77fd-4a39-ac2a-e48debad48df@group-B2671EB745D2-LeaderElection423] INFO  impl.LeaderElection (LeaderElection.java:askForVotes(178)) - 25d6372c-77fd-4a39-ac2a-e48debad48df@group-B2671EB745D2-LeaderElection423: begin an election at term 456 for -1: [50423279-f647-4a18-8e85-347d68eaf856:192.168.69.88:39583, 2ec85f63-33fb-4317-9145-71357d145af9:192.168.69.88:42357, 25d6372c-77fd-4a39-ac2a-e48debad48df:192.168.69.88:39591], old=null
2019-10-15 16:12:29,319 [grpc-default-executor-0] INFO  impl.RaftServerImpl (RaftServerImpl.java:setRole(184)) - 50423279-f647-4a18-8e85-347d68eaf856@group-B2671EB745D2: changes role from  FOLLOWER to FOLLOWER at term 456 for recognizeCandidate:25d6372c-77fd-4a39-ac2a-e48debad48df
2019-10-15 16:12:29,319 [grpc-default-executor-0] INFO  impl.RoleInfo (RoleInfo.java:shutdownFollowerState(121)) - 50423279-f647-4a18-8e85-347d68eaf856: shutdown FollowerState
2019-10-15 16:12:29,319 [grpc-default-executor-5] INFO  impl.RaftServerImpl (RaftServerImpl.java:setRole(184)) - 2ec85f63-33fb-4317-9145-71357d145af9@group-B2671EB745D2: changes role from  FOLLOWER to FOLLOWER at term 456 for recognizeCandidate:25d6372c-77fd-4a39-ac2a-e48debad48df
2019-10-15 16:12:29,319 [grpc-default-executor-5] INFO  impl.RoleInfo (RoleInfo.java:shutdownFollowerState(121)) - 2ec85f63-33fb-4317-9145-71357d145af9: shutdown FollowerState
2019-10-15 16:12:29,319 [Thread-3015] INFO  impl.FollowerState (FollowerState.java:run(117)) - 50423279-f647-4a18-8e85-347d68eaf856@group-B2671EB745D2-FollowerState was interrupted: java.lang.InterruptedException: sleep interrupted
2019-10-15 16:12:29,319 [Thread-3016] INFO  impl.FollowerState (FollowerState.java:run(117)) - 2ec85f63-33fb-4317-9145-71357d145af9@group-B2671EB745D2-FollowerState was interrupted: java.lang.InterruptedException: sleep interrupted
2019-10-15 16:12:29,319 [grpc-default-executor-0] INFO  impl.RoleInfo (RoleInfo.java:updateAndGet(143)) - 50423279-f647-4a18-8e85-347d68eaf856: start FollowerState
2019-10-15 16:12:29,319 [grpc-default-executor-5] INFO  impl.RoleInfo (RoleInfo.java:updateAndGet(143)) - 2ec85f63-33fb-4317-9145-71357d145af9: start FollowerState
2019-10-15 16:12:29,327 [25d6372c-77fd-4a39-ac2a-e48debad48df@group-B2671EB745D2-LeaderElection423] INFO  impl.LeaderElection (LeaderElection.java:logAndReturn(56)) - 25d6372c-77fd-4a39-ac2a-e48debad48df@group-B2671EB745D2-LeaderElection423: Election REJECTED; received 2 response(s) [25d6372c-77fd-4a39-ac2a-e48debad48df<-2ec85f63-33fb-4317-9145-71357d145af9#0:FAIL-t456, 25d6372c-77fd-4a39-ac2a-e48debad48df<-50423279-f647-4a18-8e85-347d68eaf856#0:FAIL-t456] and 0 exception(s); 25d6372c-77fd-4a39-ac2a-e48debad48df@group-B2671EB745D2:t456, leader=null, voted=25d6372c-77fd-4a39-ac2a-e48debad48df, raftlog=25d6372c-77fd-4a39-ac2a-e48debad48df@group-B2671EB745D2-SegmentedRaftLog:OPENED:c-1,f-1,i0, conf=-1: [50423279-f647-4a18-8e85-347d68eaf856:192.168.69.88:39583, 2ec85f63-33fb-4317-9145-71357d145af9:192.168.69.88:42357, 25d6372c-77fd-4a39-ac2a-e48debad48df:192.168.69.88:39591], old=null
2019-10-15 16:12:29,328 [25d6372c-77fd-4a39-ac2a-e48debad48df@group-B2671EB745D2-LeaderElection423] INFO  impl.RaftServerImpl (RaftServerImpl.java:setRole(184)) - 25d6372c-77fd-4a39-ac2a-e48debad48df@group-B2671EB745D2: changes role from CANDIDATE to FOLLOWER at term 456 for DISCOVERED_A_NEW_TERM
2019-10-15 16:12:29,328 [25d6372c-77fd-4a39-ac2a-e48debad48df@group-B2671EB745D2-LeaderElection423] INFO  impl.RoleInfo (RoleInfo.java:shutdownLeaderElection(134)) - 25d6372c-77fd-4a39-ac2a-e48debad48df: shutdown LeaderElection
2019-10-15 16:12:29,328 [25d6372c-77fd-4a39-ac2a-e48debad48df@group-B2671EB745D2-LeaderElection423] INFO  impl.RoleInfo (RoleInfo.java:updateAndGet(143)) - 25d6372c-77fd-4a39-ac2a-e48debad48df: start FollowerState
2019-10-15 16:12:29,358 [Thread-3023] INFO  impl.FollowerState (FollowerState.java:run(108)) - 25d6372c-77fd-4a39-ac2a-e48debad48df@group-B2671EB745D2-FollowerState: change to CANDIDATE, lastRpcTime:30ms, electionTimeout:30ms
2019-10-15 16:12:29,359 [Thread-3023] INFO  impl.RoleInfo (RoleInfo.java:shutdownFollowerState(121)) - 25d6372c-77fd-4a39-ac2a-e48debad48df: shutdown FollowerState
2019-10-15 16:12:29,359 [Thread-3023] INFO  impl.RaftServerImpl (RaftServerImpl.java:setRole(184)) - 25d6372c-77fd-4a39-ac2a-e48debad48df@group-B2671EB745D2: changes role from  FOLLOWER to CANDIDATE at term 456 for changeToCandidate
2019-10-15 16:12:29,359 [Thread-3023] INFO  impl.RoleInfo (RoleInfo.java:updateAndGet(143)) - 25d6372c-77fd-4a39-ac2a-e48debad48df: start LeaderElection
2019-10-15 16:12:29,372 [25d6372c-77fd-4a39-ac2a-e48debad48df@group-B2671EB745D2-LeaderElection424] INFO  impl.LeaderElection (LeaderElection.java:askForVotes(178)) - 25d6372c-77fd-4a39-ac2a-e48debad48df@group-B2671EB745D2-LeaderElection424: begin an election at term 457 for -1: [50423279-f647-4a18-8e85-347d68eaf856:192.168.69.88:39583, 2ec85f63-33fb-4317-9145-71357d145af9:192.168.69.88:42357, 25d6372c-77fd-4a39-ac2a-e48debad48df:192.168.69.88:39591], old=null
2019-10-15 16:12:29,374 [grpc-default-executor-0] INFO  impl.RaftServerImpl (RaftServerImpl.java:setRole(184)) - 2ec85f63-33fb-4317-9145-71357d145af9@group-B2671EB745D2: changes role from  FOLLOWER to FOLLOWER at term 457 for recognizeCandidate:25d6372c-77fd-4a39-ac2a-e48debad48df
2019-10-15 16:12:29,374 [grpc-default-executor-5] INFO  impl.RaftServerImpl (RaftServerImpl.java:setRole(184)) - 50423279-f647-4a18-8e85-347d68eaf856@group-B2671EB745D2: changes role from  FOLLOWER to FOLLOWER at term 457 for recognizeCandidate:25d6372c-77fd-4a39-ac2a-e48debad48df
2019-10-15 16:12:29,374 [grpc-default-executor-5] INFO  impl.RoleInfo (RoleInfo.java:shutdownFollowerState(121)) - 50423279-f647-4a18-8e85-347d68eaf856: shutdown FollowerState
2019-10-15 16:12:29,374 [grpc-default-executor-0] INFO  impl.RoleInfo (RoleInfo.java:shutdownFollowerState(121)) - 2ec85f63-33fb-4317-9145-71357d145af9: shutdown FollowerState
2019-10-15 16:12:29,375 [Thread-3021] INFO  impl.FollowerState (FollowerState.java:run(117)) - 50423279-f647-4a18-8e85-347d68eaf856@group-B2671EB745D2-FollowerState was interrupted: java.lang.InterruptedException: sleep interrupted
2019-10-15 16:12:29,374 [grpc-default-executor-5] INFO  impl.RoleInfo (RoleInfo.java:updateAndGet(143)) - 50423279-f647-4a18-8e85-347d68eaf856: start FollowerState
2019-10-15 16:12:29,375 [Thread-3022] INFO  impl.FollowerState (FollowerState.java:run(117)) - 2ec85f63-33fb-4317-9145-71357d145af9@group-B2671EB745D2-FollowerState was interrupted: java.lang.InterruptedException: sleep interrupted
2019-10-15 16:12:29,375 [grpc-default-executor-0] INFO  impl.RoleInfo (RoleInfo.java:updateAndGet(143)) - 2ec85f63-33fb-4317-9145-71357d145af9: start FollowerState
2019-10-15 16:12:29,382 [25d6372c-77fd-4a39-ac2a-e48debad48df@group-B2671EB745D2-LeaderElection424] INFO  impl.LeaderElection (LeaderElection.java:logAndReturn(56)) - 25d6372c-77fd-4a39-ac2a-e48debad48df@group-B2671EB745D2-LeaderElection424: Election REJECTED; received 2 response(s) [25d6372c-77fd-4a39-ac2a-e48debad48df<-50423279-f647-4a18-8e85-347d68eaf856#0:FAIL-t457, 25d6372c-77fd-4a39-ac2a-e48debad48df<-2ec85f63-33fb-4317-9145-71357d145af9#0:FAIL-t457] and 0 exception(s); 25d6372c-77fd-4a39-ac2a-e48debad48df@group-B2671EB745D2:t457, leader=null, voted=25d6372c-77fd-4a39-ac2a-e48debad48df, raftlog=25d6372c-77fd-4a39-ac2a-e48debad48df@group-B2671EB745D2-SegmentedRaftLog:OPENED:c-1,f-1,i0, conf=-1: [50423279-f647-4a18-8e85-347d68eaf856:192.168.69.88:39583, 2ec85f63-33fb-4317-9145-71357d145af9:192.168.69.88:42357, 25d6372c-77fd-4a39-ac2a-e48debad48df:192.168.69.88:39591], old=null
2019-10-15 16:12:29,382 [25d6372c-77fd-4a39-ac2a-e48debad48df@group-B2671EB745D2-LeaderElection424] INFO  impl.RaftServerImpl (RaftServerImpl.java:setRole(184)) - 25d6372c-77fd-4a39-ac2a-e48debad48df@group-B2671EB745D2: changes role from CANDIDATE to FOLLOWER at term 457 for DISCOVERED_A_NEW_TERM
2019-10-15 16:12:29,382 [25d6372c-77fd-4a39-ac2a-e48debad48df@group-B2671EB745D2-LeaderElection424] INFO  impl.RoleInfo (RoleInfo.java:shutdownLeaderElection(134)) - 25d6372c-77fd-4a39-ac2a-e48debad48df: shutdown LeaderElection
2019-10-15 16:12:29,382 [25d6372c-77fd-4a39-ac2a-e48debad48df@group-B2671EB745D2-LeaderElection424] INFO  impl.RoleInfo (RoleInfo.java:updateAndGet(143)) - 25d6372c-77fd-4a39-ac2a-e48debad48df: start FollowerState
2019-10-15 16:12:29,429 [Thread-3029] INFO  impl.FollowerState (FollowerState.java:run(108)) - 25d6372c-77fd-4a39-ac2a-e48debad48df@group-B2671EB745D2-FollowerState: change to CANDIDATE, lastRpcTime:47ms, electionTimeout:47ms
2019-10-15 16:12:29,429 [Thread-3029] INFO  impl.RoleInfo (RoleInfo.java:shutdownFollowerState(121)) - 25d6372c-77fd-4a39-ac2a-e48debad48df: shutdown FollowerState
2019-10-15 16:12:29,430 [Thread-3029] INFO  impl.RaftServerImpl (RaftServerImpl.java:setRole(184)) - 25d6372c-77fd-4a39-ac2a-e48debad48df@group-B2671EB745D2: changes role from  FOLLOWER to CANDIDATE at term 457 for changeToCandidate
2019-10-15 16:12:29,430 [Thread-3029] INFO  impl.RoleInfo (RoleInfo.java:updateAndGet(143)) - 25d6372c-77fd-4a39-ac2a-e48debad48df: start LeaderElection
2019-10-15 16:12:29,480 [25d6372c-77fd-4a39-ac2a-e48debad48df@group-B2671EB745D2-LeaderElection425] INFO  impl.LeaderElection (LeaderElection.java:askForVotes(178)) - 25d6372c-77fd-4a39-ac2a-e48debad48df@group-B2671EB745D2-LeaderElection425: begin an election at term 458 for -1: [50423279-f647-4a18-8e85-347d68eaf856:192.168.69.88:39583, 2ec85f63-33fb-4317-9145-71357d145af9:192.168.69.88:42357, 25d6372c-77fd-4a39-ac2a-e48debad48df:192.168.69.88:39591], old=null
2019-10-15 16:12:29,482 [grpc-default-executor-5] INFO  impl.RaftServerImpl (RaftServerImpl.java:setRole(184)) - 50423279-f647-4a18-8e85-347d68eaf856@group-B2671EB745D2: changes role from  FOLLOWER to FOLLOWER at term 458 for recognizeCandidate:25d6372c-77fd-4a39-ac2a-e48debad48df
2019-10-15 16:12:29,482 [grpc-default-executor-5] INFO  impl.RoleInfo (RoleInfo.java:shutdownFollowerState(121)) - 50423279-f647-4a18-8e85-347d68eaf856: shutdown FollowerState
2019-10-15 16:12:29,482 [grpc-default-executor-0] INFO  impl.RaftServerImpl (RaftServerImpl.java:setRole(184)) - 2ec85f63-33fb-4317-9145-71357d145af9@group-B2671EB745D2: changes role from  FOLLOWER to FOLLOWER at term 458 for recognizeCandidate:25d6372c-77fd-4a39-ac2a-e48debad48df
2019-10-15 16:12:29,482 [Thread-3027] INFO  impl.FollowerState (FollowerState.java:run(117)) - 50423279-f647-4a18-8e85-347d68eaf856@group-B2671EB745D2-FollowerState was interrupted: java.lang.InterruptedException: sleep interrupted
2019-10-15 16:12:29,482 [grpc-default-executor-5] INFO  impl.RoleInfo (RoleInfo.java:updateAndGet(143)) - 50423279-f647-4a18-8e85-347d68eaf856: start FollowerState
2019-10-15 16:12:29,482 [grpc-default-executor-0] INFO  impl.RoleInfo (RoleInfo.java:shutdownFollowerState(121)) - 2ec85f63-33fb-4317-9145-71357d145af9: shutdown FollowerState
2019-10-15 16:12:29,483 [grpc-default-executor-0] INFO  impl.RoleInfo (RoleInfo.java:updateAndGet(143)) - 2ec85f63-33fb-4317-9145-71357d145af9: start FollowerState
2019-10-15 16:12:29,483 [Thread-3028] INFO  impl.FollowerState (FollowerState.java:run(117)) - 2ec85f63-33fb-4317-9145-71357d145af9@group-B2671EB745D2-FollowerState was interrupted: java.lang.InterruptedException: sleep interrupted
2019-10-15 16:12:29,498 [25d6372c-77fd-4a39-ac2a-e48debad48df@group-B2671EB745D2-LeaderElection425] INFO  impl.LeaderElection (LeaderElection.java:logAndReturn(56)) - 25d6372c-77fd-4a39-ac2a-e48debad48df@group-B2671EB745D2-LeaderElection425: Election REJECTED; received 2 response(s) [25d6372c-77fd-4a39-ac2a-e48debad48df<-2ec85f63-33fb-4317-9145-71357d145af9#0:FAIL-t458, 25d6372c-77fd-4a39-ac2a-e48debad48df<-50423279-f647-4a18-8e85-347d68eaf856#0:FAIL-t458] and 0 exception(s); 25d6372c-77fd-4a39-ac2a-e48debad48df@group-B2671EB745D2:t458, leader=null, voted=25d6372c-77fd-4a39-ac2a-e48debad48df, raftlog=25d6372c-77fd-4a39-ac2a-e48debad48df@group-B2671EB745D2-SegmentedRaftLog:OPENED:c-1,f-1,i0, conf=-1: [50423279-f647-4a18-8e85-347d68eaf856:192.168.69.88:39583, 2ec85f63-33fb-4317-9145-71357d145af9:192.168.69.88:42357, 25d6372c-77fd-4a39-ac2a-e48debad48df:192.168.69.88:39591], old=null
2019-10-15 16:12:29,498 [25d6372c-77fd-4a39-ac2a-e48debad48df@group-B2671EB745D2-LeaderElection425] INFO  impl.RaftServerImpl (RaftServerImpl.java:setRole(184)) - 25d6372c-77fd-4a39-ac2a-e48debad48df@group-B2671EB745D2: changes role from CANDIDATE to FOLLOWER at term 458 for DISCOVERED_A_NEW_TERM
2019-10-15 16:12:29,498 [25d6372c-77fd-4a39-ac2a-e48debad48df@group-B2671EB745D2-LeaderElection425] INFO  impl.RoleInfo (RoleInfo.java:shutdownLeaderElection(134)) - 25d6372c-77fd-4a39-ac2a-e48debad48df: shutdown LeaderElection
2019-10-15 16:12:29,498 [25d6372c-77fd-4a39-ac2a-e48debad48df@group-B2671EB745D2-LeaderElection425] INFO  impl.RoleInfo (RoleInfo.java:updateAndGet(143)) - 25d6372c-77fd-4a39-ac2a-e48debad48df: start FollowerState
2019-10-15 16:12:29,602 [Thread-3035] INFO  impl.FollowerState (FollowerState.java:run(108)) - 25d6372c-77fd-4a39-ac2a-e48debad48df@group-B2671EB745D2-FollowerState: change to CANDIDATE, lastRpcTime:103ms, electionTimeout:103ms
2019-10-15 16:12:29,602 [Thread-3035] INFO  impl.RoleInfo (RoleInfo.java:shutdownFollowerState(121)) - 25d6372c-77fd-4a39-ac2a-e48debad48df: shutdown FollowerState
2019-10-15 16:12:29,602 [Thread-3035] INFO  impl.RaftServerImpl (RaftServerImpl.java:setRole(184)) - 25d6372c-77fd-4a39-ac2a-e48debad48df@group-B2671EB745D2: changes role from  FOLLOWER to CANDIDATE at term 458 for changeToCandidate
2019-10-15 16:12:29,602 [Thread-3035] INFO  impl.RoleInfo (RoleInfo.java:updateAndGet(143)) - 25d6372c-77fd-4a39-ac2a-e48debad48df: start LeaderElection
2019-10-15 16:12:29,622 [25d6372c-77fd-4a39-ac2a-e48debad48df@group-B2671EB745D2-LeaderElection426] INFO  impl.LeaderElection (LeaderElection.java:askForVotes(178)) - 25d6372c-77fd-4a39-ac2a-e48debad48df@group-B2671EB745D2-LeaderElection426: begin an election at term 459 for -1: [50423279-f647-4a18-8e85-347d68eaf856:192.168.69.88:39583, 2ec85f63-33fb-4317-9145-71357d145af9:192.168.69.88:42357, 25d6372c-77fd-4a39-ac2a-e48debad48df:192.168.69.88:39591], old=null
2019-10-15 16:12:29,624 [grpc-default-executor-5] INFO  impl.RaftServerImpl (RaftServerImpl.java:setRole(184)) - 2ec85f63-33fb-4317-9145-71357d145af9@group-B2671EB745D2: changes role from  FOLLOWER to FOLLOWER at term 459 for recognizeCandidate:25d6372c-77fd-4a39-ac2a-e48debad48df
2019-10-15 16:12:29,624 [grpc-default-executor-0] INFO  impl.RaftServerImpl (RaftServerImpl.java:setRole(184)) - 50423279-f647-4a18-8e85-347d68eaf856@group-B2671EB745D2: changes role from  FOLLOWER to FOLLOWER at term 459 for recognizeCandidate:25d6372c-77fd-4a39-ac2a-e48debad48df
2019-10-15 16:12:29,624 [grpc-default-executor-0] INFO  impl.RoleInfo (RoleInfo.java:shutdownFollowerState(121)) - 50423279-f647-4a18-8e85-347d68eaf856: shutdown FollowerState
2019-10-15 16:12:29,624 [grpc-default-executor-5] INFO  impl.RoleInfo (RoleInfo.java:shutdownFollowerState(121)) - 2ec85f63-33fb-4317-9145-71357d145af9: shutdown FollowerState
2019-10-15 16:12:29,625 [Thread-3033] INFO  impl.FollowerState (FollowerState.java:run(117)) - 50423279-f647-4a18-8e85-347d68eaf856@group-B2671EB745D2-FollowerState was interrupted: java.lang.InterruptedException: sleep interrupted
2019-10-15 16:12:29,625 [grpc-default-executor-0] INFO  impl.RoleInfo (RoleInfo.java:updateAndGet(143)) - 50423279-f647-4a18-8e85-347d68eaf856: start FollowerState
2019-10-15 16:12:29,625 [Thread-3034] INFO  impl.FollowerState (FollowerState.java:run(117)) - 2ec85f63-33fb-4317-9145-71357d145af9@group-B2671EB745D2-FollowerState was interrupted: java.lang.InterruptedException: sleep interrupted
2019-10-15 16:12:29,625 [grpc-default-executor-5] INFO  impl.RoleInfo (RoleInfo.java:updateAndGet(143)) - 2ec85f63-33fb-4317-9145-71357d145af9: start FollowerState
2019-10-15 16:12:29,636 [25d6372c-77fd-4a39-ac2a-e48debad48df@group-B2671EB745D2-LeaderElection426] INFO  impl.LeaderElection (LeaderElection.java:logAndReturn(56)) - 25d6372c-77fd-4a39-ac2a-e48debad48df@group-B2671EB745D2-LeaderElection426: Election REJECTED; received 2 response(s) [25d6372c-77fd-4a39-ac2a-e48debad48df<-2ec85f63-33fb-4317-9145-71357d145af9#0:FAIL-t459, 25d6372c-77fd-4a39-ac2a-e48debad48df<-50423279-f647-4a18-8e85-347d68eaf856#0:FAIL-t459] and 0 exception(s); 25d6372c-77fd-4a39-ac2a-e48debad48df@group-B2671EB745D2:t459, leader=null, voted=25d6372c-77fd-4a39-ac2a-e48debad48df, raftlog=25d6372c-77fd-4a39-ac2a-e48debad48df@group-B2671EB745D2-SegmentedRaftLog:OPENED:c-1,f-1,i0, conf=-1: [50423279-f647-4a18-8e85-347d68eaf856:192.168.69.88:39583, 2ec85f63-33fb-4317-9145-71357d145af9:192.168.69.88:42357, 25d6372c-77fd-4a39-ac2a-e48debad48df:192.168.69.88:39591], old=null
2019-10-15 16:12:29,636 [25d6372c-77fd-4a39-ac2a-e48debad48df@group-B2671EB745D2-LeaderElection426] INFO  impl.RaftServerImpl (RaftServerImpl.java:setRole(184)) - 25d6372c-77fd-4a39-ac2a-e48debad48df@group-B2671EB745D2: changes role from CANDIDATE to FOLLOWER at term 459 for DISCOVERED_A_NEW_TERM
2019-10-15 16:12:29,636 [25d6372c-77fd-4a39-ac2a-e48debad48df@group-B2671EB745D2-LeaderElection426] INFO  impl.RoleInfo (RoleInfo.java:shutdownLeaderElection(134)) - 25d6372c-77fd-4a39-ac2a-e48debad48df: shutdown LeaderElection
2019-10-15 16:12:29,636 [25d6372c-77fd-4a39-ac2a-e48debad48df@group-B2671EB745D2-LeaderElection426] INFO  impl.RoleInfo (RoleInfo.java:updateAndGet(143)) - 25d6372c-77fd-4a39-ac2a-e48debad48df: start FollowerState
2019-10-15 16:12:29,709 [Thread-3041] INFO  impl.FollowerState (FollowerState.java:run(108)) - 25d6372c-77fd-4a39-ac2a-e48debad48df@group-B2671EB745D2-FollowerState: change to CANDIDATE, lastRpcTime:72ms, electionTimeout:72ms
2019-10-15 16:12:29,709 [Thread-3041] INFO  impl.RoleInfo (RoleInfo.java:shutdownFollowerState(121)) - 25d6372c-77fd-4a39-ac2a-e48debad48df: shutdown FollowerState
2019-10-15 16:12:29,709 [Thread-3041] INFO  impl.RaftServerImpl (RaftServerImpl.java:setRole(184)) - 25d6372c-77fd-4a39-ac2a-e48debad48df@group-B2671EB745D2: changes role from  FOLLOWER to CANDIDATE at term 459 for changeToCandidate
2019-10-15 16:12:29,709 [Thread-3041] INFO  impl.RoleInfo (RoleInfo.java:updateAndGet(143)) - 25d6372c-77fd-4a39-ac2a-e48debad48df: start LeaderElection
2019-10-15 16:12:29,730 [25d6372c-77fd-4a39-ac2a-e48debad48df@group-B2671EB745D2-LeaderElection427] INFO  impl.LeaderElection (LeaderElection.java:askForVotes(178)) - 25d6372c-77fd-4a39-ac2a-e48debad48df@group-B2671EB745D2-LeaderElection427: begin an election at term 460 for -1: [50423279-f647-4a18-8e85-347d68eaf856:192.168.69.88:39583, 2ec85f63-33fb-4317-9145-71357d145af9:192.168.69.88:42357, 25d6372c-77fd-4a39-ac2a-e48debad48df:192.168.69.88:39591], old=null
2019-10-15 16:12:29,731 [grpc-default-executor-5] INFO  impl.RaftServerImpl (RaftServerImpl.java:setRole(184)) - 2ec85f63-33fb-4317-9145-71357d145af9@group-B2671EB745D2: changes role from  FOLLOWER to FOLLOWER at term 460 for recognizeCandidate:25d6372c-77fd-4a39-ac2a-e48debad48df
2019-10-15 16:12:29,731 [grpc-default-executor-5] INFO  impl.RoleInfo (RoleInfo.java:shutdownFollowerState(121)) - 2ec85f63-33fb-4317-9145-71357d145af9: shutdown FollowerState
2019-10-15 16:12:29,731 [grpc-default-executor-0] INFO  impl.RaftServerImpl (RaftServerImpl.java:setRole(184)) - 50423279-f647-4a18-8e85-347d68eaf856@group-B2671EB745D2: changes role from  FOLLOWER to FOLLOWER at term 460 for recognizeCandidate:25d6372c-77fd-4a39-ac2a-e48debad48df
2019-10-15 16:12:29,732 [grpc-default-executor-0] INFO  impl.RoleInfo (RoleInfo.java:shutdownFollowerState(121)) - 50423279-f647-4a18-8e85-347d68eaf856: shutdown FollowerState
2019-10-15 16:12:29,732 [Thread-3040] INFO  impl.FollowerState (FollowerState.java:run(117)) - 2ec85f63-33fb-4317-9145-71357d145af9@group-B2671EB745D2-FollowerState was interrupted: java.lang.InterruptedException: sleep interrupted
2019-10-15 16:12:29,732 [grpc-default-executor-5] INFO  impl.RoleInfo (RoleInfo.java:updateAndGet(143)) - 2ec85f63-33fb-4317-9145-71357d145af9: start FollowerState
2019-10-15 16:12:29,732 [Thread-3039] INFO  impl.FollowerState (FollowerState.java:run(117)) - 50423279-f647-4a18-8e85-347d68eaf856@group-B2671EB745D2-FollowerState was interrupted: java.lang.InterruptedException: sleep interrupted
2019-10-15 16:12:29,732 [grpc-default-executor-0] INFO  impl.RoleInfo (RoleInfo.java:updateAndGet(143)) - 50423279-f647-4a18-8e85-347d68eaf856: start FollowerState
2019-10-15 16:12:29,768 [25d6372c-77fd-4a39-ac2a-e48debad48df@group-B2671EB745D2-LeaderElection427] INFO  impl.LeaderElection (LeaderElection.java:logAndReturn(56)) - 25d6372c-77fd-4a39-ac2a-e48debad48df@group-B2671EB745D2-LeaderElection427: Election REJECTED; received 2 response(s) [25d6372c-77fd-4a39-ac2a-e48debad48df<-2ec85f63-33fb-4317-9145-71357d145af9#0:FAIL-t460, 25d6372c-77fd-4a39-ac2a-e48debad48df<-50423279-f647-4a18-8e85-347d68eaf856#0:FAIL-t460] and 0 exception(s); 25d6372c-77fd-4a39-ac2a-e48debad48df@group-B2671EB745D2:t460, leader=null, voted=25d6372c-77fd-4a39-ac2a-e48debad48df, raftlog=25d6372c-77fd-4a39-ac2a-e48debad48df@group-B2671EB745D2-SegmentedRaftLog:OPENED:c-1,f-1,i0, conf=-1: [50423279-f647-4a18-8e85-347d68eaf856:192.168.69.88:39583, 2ec85f63-33fb-4317-9145-71357d145af9:192.168.69.88:42357, 25d6372c-77fd-4a39-ac2a-e48debad48df:192.168.69.88:39591], old=null
2019-10-15 16:12:29,769 [25d6372c-77fd-4a39-ac2a-e48debad48df@group-B2671EB745D2-LeaderElection427] INFO  impl.RaftServerImpl (RaftServerImpl.java:setRole(184)) - 25d6372c-77fd-4a39-ac2a-e48debad48df@group-B2671EB745D2: changes role from CANDIDATE to FOLLOWER at term 460 for DISCOVERED_A_NEW_TERM
2019-10-15 16:12:29,769 [25d6372c-77fd-4a39-ac2a-e48debad48df@group-B2671EB745D2-LeaderElection427] INFO  impl.RoleInfo (RoleInfo.java:shutdownLeaderElection(134)) - 25d6372c-77fd-4a39-ac2a-e48debad48df: shutdown LeaderElection
2019-10-15 16:12:29,769 [25d6372c-77fd-4a39-ac2a-e48debad48df@group-B2671EB745D2-LeaderElection427] INFO  impl.RoleInfo (RoleInfo.java:updateAndGet(143)) - 25d6372c-77fd-4a39-ac2a-e48debad48df: start FollowerState
2019-10-15 16:12:29,825 [Thread-3047] INFO  impl.FollowerState (FollowerState.java:run(108)) - 25d6372c-77fd-4a39-ac2a-e48debad48df@group-B2671EB745D2-FollowerState: change to CANDIDATE, lastRpcTime:56ms, electionTimeout:56ms
2019-10-15 16:12:29,825 [Thread-3047] INFO  impl.RoleInfo (RoleInfo.java:shutdownFollowerState(121)) - 25d6372c-77fd-4a39-ac2a-e48debad48df: shutdown FollowerState
2019-10-15 16:12:29,826 [Thread-3047] INFO  impl.RaftServerImpl (RaftServerImpl.java:setRole(184)) - 25d6372c-77fd-4a39-ac2a-e48debad48df@group-B2671EB745D2: changes role from  FOLLOWER to CANDIDATE at term 460 for changeToCandidate
2019-10-15 16:12:29,826 [Thread-3047] INFO  impl.RoleInfo (RoleInfo.java:updateAndGet(143)) - 25d6372c-77fd-4a39-ac2a-e48debad48df: start LeaderElection
2019-10-15 16:12:29,839 [25d6372c-77fd-4a39-ac2a-e48debad48df@group-B2671EB745D2-LeaderElection428] INFO  impl.LeaderElection (LeaderElection.java:askForVotes(178)) - 25d6372c-77fd-4a39-ac2a-e48debad48df@group-B2671EB745D2-LeaderElection428: begin an election at term 461 for -1: [50423279-f647-4a18-8e85-347d68eaf856:192.168.69.88:39583, 2ec85f63-33fb-4317-9145-71357d145af9:192.168.69.88:42357, 25d6372c-77fd-4a39-ac2a-e48debad48df:192.168.69.88:39591], old=null
2019-10-15 16:12:29,841 [grpc-default-executor-5] INFO  impl.RaftServerImpl (RaftServerImpl.java:setRole(184)) - 50423279-f647-4a18-8e85-347d68eaf856@group-B2671EB745D2: changes role from  FOLLOWER to FOLLOWER at term 461 for recognizeCandidate:25d6372c-77fd-4a39-ac2a-e48debad48df
2019-10-15 16:12:29,841 [grpc-default-executor-5] INFO  impl.RoleInfo (RoleInfo.java:shutdownFollowerState(121)) - 50423279-f647-4a18-8e85-347d68eaf856: shutdown FollowerState
2019-10-15 16:12:29,841 [grpc-default-executor-0] INFO  impl.RaftServerImpl (RaftServerImpl.java:setRole(184)) - 2ec85f63-33fb-4317-9145-71357d145af9@group-B2671EB745D2: changes role from  FOLLOWER to FOLLOWER at term 461 for recognizeCandidate:25d6372c-77fd-4a39-ac2a-e48debad48df
2019-10-15 16:12:29,841 [grpc-default-executor-0] INFO  impl.RoleInfo (RoleInfo.java:shutdownFollowerState(121)) - 2ec85f63-33fb-4317-9145-71357d145af9: shutdown FollowerState
2019-10-15 16:12:29,841 [Thread-3046] INFO  impl.FollowerState (FollowerState.java:run(117)) - 50423279-f647-4a18-8e85-347d68eaf856@group-B2671EB745D2-FollowerState was interrupted: java.lang.InterruptedException: sleep interrupted
2019-10-15 16:12:29,841 [grpc-default-executor-5] INFO  impl.RoleInfo (RoleInfo.java:updateAndGet(143)) - 50423279-f647-4a18-8e85-347d68eaf856: start FollowerState
2019-10-15 16:12:29,842 [Thread-3045] INFO  impl.FollowerState (FollowerState.java:run(117)) - 2ec85f63-33fb-4317-9145-71357d145af9@group-B2671EB745D2-FollowerState was interrupted: java.lang.InterruptedException: sleep interrupted
2019-10-15 16:12:29,842 [grpc-default-executor-0] INFO  impl.RoleInfo (RoleInfo.java:updateAndGet(143)) - 2ec85f63-33fb-4317-9145-71357d145af9: start FollowerState
2019-10-15 16:12:29,856 [25d6372c-77fd-4a39-ac2a-e48debad48df@group-B2671EB745D2-LeaderElection428] INFO  impl.LeaderElection (LeaderElection.java:logAndReturn(56)) - 25d6372c-77fd-4a39-ac2a-e48debad48df@group-B2671EB745D2-LeaderElection428: Election REJECTED; received 2 response(s) [25d6372c-77fd-4a39-ac2a-e48debad48df<-2ec85f63-33fb-4317-9145-71357d145af9#0:FAIL-t461, 25d6372c-77fd-4a39-ac2a-e48debad48df<-50423279-f647-4a18-8e85-347d68eaf856#0:FAIL-t461] and 0 exception(s); 25d6372c-77fd-4a39-ac2a-e48debad48df@group-B2671EB745D2:t461, leader=null, voted=25d6372c-77fd-4a39-ac2a-e48debad48df, raftlog=25d6372c-77fd-4a39-ac2a-e48debad48df@group-B2671EB745D2-SegmentedRaftLog:OPENED:c-1,f-1,i0, conf=-1: [50423279-f647-4a18-8e85-347d68eaf856:192.168.69.88:39583, 2ec85f63-33fb-4317-9145-71357d145af9:192.168.69.88:42357, 25d6372c-77fd-4a39-ac2a-e48debad48df:192.168.69.88:39591], old=null
2019-10-15 16:12:29,856 [25d6372c-77fd-4a39-ac2a-e48debad48df@group-B2671EB745D2-LeaderElection428] INFO  impl.RaftServerImpl (RaftServerImpl.java:setRole(184)) - 25d6372c-77fd-4a39-ac2a-e48debad48df@group-B2671EB745D2: changes role from CANDIDATE to FOLLOWER at term 461 for DISCOVERED_A_NEW_TERM
2019-10-15 16:12:29,856 [25d6372c-77fd-4a39-ac2a-e48debad48df@group-B2671EB745D2-LeaderElection428] INFO  impl.RoleInfo (RoleInfo.java:shutdownLeaderElection(134)) - 25d6372c-77fd-4a39-ac2a-e48debad48df: shutdown LeaderElection
2019-10-15 16:12:29,856 [25d6372c-77fd-4a39-ac2a-e48debad48df@group-B2671EB745D2-LeaderElection428] INFO  impl.RoleInfo (RoleInfo.java:updateAndGet(143)) - 25d6372c-77fd-4a39-ac2a-e48debad48df: start FollowerState
2019-10-15 16:12:29,937 [Thread-3055] INFO  impl.FollowerState (FollowerState.java:run(108)) - 25d6372c-77fd-4a39-ac2a-e48debad48df@group-B2671EB745D2-FollowerState: change to CANDIDATE, lastRpcTime:80ms, electionTimeout:80ms
2019-10-15 16:12:29,937 [Thread-3055] INFO  impl.RoleInfo (RoleInfo.java:shutdownFollowerState(121)) - 25d6372c-77fd-4a39-ac2a-e48debad48df: shutdown FollowerState
2019-10-15 16:12:29,937 [Thread-3055] INFO  impl.RaftServerImpl (RaftServerImpl.java:setRole(184)) - 25d6372c-77fd-4a39-ac2a-e48debad48df@group-B2671EB745D2: changes role from  FOLLOWER to CANDIDATE at term 461 for changeToCandidate
2019-10-15 16:12:29,937 [Thread-3055] INFO  impl.RoleInfo (RoleInfo.java:updateAndGet(143)) - 25d6372c-77fd-4a39-ac2a-e48debad48df: start LeaderElection
2019-10-15 16:12:29,950 [25d6372c-77fd-4a39-ac2a-e48debad48df@group-B2671EB745D2-LeaderElection429] INFO  impl.LeaderElection (LeaderElection.java:askForVotes(178)) - 25d6372c-77fd-4a39-ac2a-e48debad48df@group-B2671EB745D2-LeaderElection429: begin an election at term 462 for -1: [50423279-f647-4a18-8e85-347d68eaf856:192.168.69.88:39583, 2ec85f63-33fb-4317-9145-71357d145af9:192.168.69.88:42357, 25d6372c-77fd-4a39-ac2a-e48debad48df:192.168.69.88:39591], old=null
2019-10-15 16:12:29,952 [grpc-default-executor-0] INFO  impl.RaftServerImpl (RaftServerImpl.java:setRole(184)) - 50423279-f647-4a18-8e85-347d68eaf856@group-B2671EB745D2: changes role from  FOLLOWER to FOLLOWER at term 462 for recognizeCandidate:25d6372c-77fd-4a39-ac2a-e48debad48df
2019-10-15 16:12:29,952 [grpc-default-executor-0] INFO  impl.RoleInfo (RoleInfo.java:shutdownFollowerState(121)) - 50423279-f647-4a18-8e85-347d68eaf856: shutdown FollowerState
2019-10-15 16:12:29,952 [grpc-default-executor-5] INFO  impl.RaftServerImpl (RaftServerImpl.java:setRole(184)) - 2ec85f63-33fb-4317-9145-71357d145af9@group-B2671EB745D2: changes role from  FOLLOWER to FOLLOWER at term 462 for recognizeCandidate:25d6372c-77fd-4a39-ac2a-e48debad48df
2019-10-15 16:12:29,952 [grpc-default-executor-5] INFO  impl.RoleInfo (RoleInfo.java:shutdownFollowerState(121)) - 2ec85f63-33fb-4317-9145-71357d145af9: shutdown FollowerState
2019-10-15 16:12:29,952 [grpc-default-executor-0] INFO  impl.RoleInfo (RoleInfo.java:updateAndGet(143)) - 50423279-f647-4a18-8e85-347d68eaf856: start FollowerState
2019-10-15 16:12:29,952 [Thread-3054] INFO  impl.FollowerState (FollowerState.java:run(117)) - 2ec85f63-33fb-4317-9145-71357d145af9@group-B2671EB745D2-FollowerState was interrupted: java.lang.InterruptedException: sleep interrupted
2019-10-15 16:12:29,952 [grpc-default-executor-5] INFO  impl.RoleInfo (RoleInfo.java:updateAndGet(143)) - 2ec85f63-33fb-4317-9145-71357d145af9: start FollowerState
2019-10-15 16:12:29,952 [Thread-3053] INFO  impl.FollowerState (FollowerState.java:run(117)) - 50423279-f647-4a18-8e85-347d68eaf856@group-B2671EB745D2-FollowerState was interrupted: java.lang.InterruptedException: sleep interrupted
2019-10-15 16:12:29,966 [25d6372c-77fd-4a39-ac2a-e48debad48df@group-B2671EB745D2-LeaderElection429] INFO  impl.LeaderElection (LeaderElection.java:logAndReturn(56)) - 25d6372c-77fd-4a39-ac2a-e48debad48df@group-B2671EB745D2-LeaderElection429: Election REJECTED; received 2 response(s) [25d6372c-77fd-4a39-ac2a-e48debad48df<-2ec85f63-33fb-4317-9145-71357d145af9#0:FAIL-t462, 25d6372c-77fd-4a39-ac2a-e48debad48df<-50423279-f647-4a18-8e85-347d68eaf856#0:FAIL-t462] and 0 exception(s); 25d6372c-77fd-4a39-ac2a-e48debad48df@group-B2671EB745D2:t462, leader=null, voted=25d6372c-77fd-4a39-ac2a-e48debad48df, raftlog=25d6372c-77fd-4a39-ac2a-e48debad48df@group-B2671EB745D2-SegmentedRaftLog:OPENED:c-1,f-1,i0, conf=-1: [50423279-f647-4a18-8e85-347d68eaf856:192.168.69.88:39583, 2ec85f63-33fb-4317-9145-71357d145af9:192.168.69.88:42357, 25d6372c-77fd-4a39-ac2a-e48debad48df:192.168.69.88:39591], old=null
2019-10-15 16:12:29,966 [25d6372c-77fd-4a39-ac2a-e48debad48df@group-B2671EB745D2-LeaderElection429] INFO  impl.RaftServerImpl (RaftServerImpl.java:setRole(184)) - 25d6372c-77fd-4a39-ac2a-e48debad48df@group-B2671EB745D2: changes role from CANDIDATE to FOLLOWER at term 462 for DISCOVERED_A_NEW_TERM
2019-10-15 16:12:29,966 [25d6372c-77fd-4a39-ac2a-e48debad48df@group-B2671EB745D2-LeaderElection429] INFO  impl.RoleInfo (RoleInfo.java:shutdownLeaderElection(134)) - 25d6372c-77fd-4a39-ac2a-e48debad48df: shutdown LeaderElection
2019-10-15 16:12:29,966 [25d6372c-77fd-4a39-ac2a-e48debad48df@group-B2671EB745D2-LeaderElection429] INFO  impl.RoleInfo (RoleInfo.java:updateAndGet(143)) - 25d6372c-77fd-4a39-ac2a-e48debad48df: start FollowerState
2019-10-15 16:12:30,125 [Thread-3061] INFO  impl.FollowerState (FollowerState.java:run(108)) - 25d6372c-77fd-4a39-ac2a-e48debad48df@group-B2671EB745D2-FollowerState: change to CANDIDATE, lastRpcTime:159ms, electionTimeout:159ms
2019-10-15 16:12:30,126 [Thread-3061] INFO  impl.RoleInfo (RoleInfo.java:shutdownFollowerState(121)) - 25d6372c-77fd-4a39-ac2a-e48debad48df: shutdown FollowerState
2019-10-15 16:12:30,126 [Thread-3061] INFO  impl.RaftServerImpl (RaftServerImpl.java:setRole(184)) - 25d6372c-77fd-4a39-ac2a-e48debad48df@group-B2671EB745D2: changes role from  FOLLOWER to CANDIDATE at term 462 for changeToCandidate
2019-10-15 16:12:30,126 [Thread-3061] INFO  impl.RoleInfo (RoleInfo.java:updateAndGet(143)) - 25d6372c-77fd-4a39-ac2a-e48debad48df: start LeaderElection
2019-10-15 16:12:30,139 [25d6372c-77fd-4a39-ac2a-e48debad48df@group-B2671EB745D2-LeaderElection430] INFO  impl.LeaderElection (LeaderElection.java:askForVotes(178)) - 25d6372c-77fd-4a39-ac2a-e48debad48df@group-B2671EB745D2-LeaderElection430: begin an election at term 463 for -1: [50423279-f647-4a18-8e85-347d68eaf856:192.168.69.88:39583, 2ec85f63-33fb-4317-9145-71357d145af9:192.168.69.88:42357, 25d6372c-77fd-4a39-ac2a-e48debad48df:192.168.69.88:39591], old=null
2019-10-15 16:12:30,141 [grpc-default-executor-0] INFO  impl.RaftServerImpl (RaftServerImpl.java:setRole(184)) - 50423279-f647-4a18-8e85-347d68eaf856@group-B2671EB745D2: changes role from  FOLLOWER to FOLLOWER at term 463 for recognizeCandidate:25d6372c-77fd-4a39-ac2a-e48debad48df
2019-10-15 16:12:30,142 [grpc-default-executor-0] INFO  impl.RoleInfo (RoleInfo.java:shutdownFollowerState(121)) - 50423279-f647-4a18-8e85-347d68eaf856: shutdown FollowerState
2019-10-15 16:12:30,141 [grpc-default-executor-5] INFO  impl.RaftServerImpl (RaftServerImpl.java:setRole(184)) - 2ec85f63-33fb-4317-9145-71357d145af9@group-B2671EB745D2: changes role from  FOLLOWER to FOLLOWER at term 463 for recognizeCandidate:25d6372c-77fd-4a39-ac2a-e48debad48df
2019-10-15 16:12:30,142 [Thread-3059] INFO  impl.FollowerState (FollowerState.java:run(117)) - 50423279-f647-4a18-8e85-347d68eaf856@group-B2671EB745D2-FollowerState was interrupted: java.lang.InterruptedException: sleep interrupted
2019-10-15 16:12:30,142 [grpc-default-executor-0] INFO  impl.RoleInfo (RoleInfo.java:updateAndGet(143)) - 50423279-f647-4a18-8e85-347d68eaf856: start FollowerState
2019-10-15 16:12:30,142 [grpc-default-executor-5] INFO  impl.RoleInfo (RoleInfo.java:shutdownFollowerState(121)) - 2ec85f63-33fb-4317-9145-71357d145af9: shutdown FollowerState
2019-10-15 16:12:30,142 [grpc-default-executor-5] INFO  impl.RoleInfo (RoleInfo.java:updateAndGet(143)) - 2ec85f63-33fb-4317-9145-71357d145af9: start FollowerState
2019-10-15 16:12:30,142 [Thread-3060] INFO  impl.FollowerState (FollowerState.java:run(117)) - 2ec85f63-33fb-4317-9145-71357d145af9@group-B2671EB745D2-FollowerState was interrupted: java.lang.InterruptedException: sleep interrupted
2019-10-15 16:12:30,156 [25d6372c-77fd-4a39-ac2a-e48debad48df@group-B2671EB745D2-LeaderElection430] INFO  impl.LeaderElection (LeaderElection.java:logAndReturn(56)) - 25d6372c-77fd-4a39-ac2a-e48debad48df@group-B2671EB745D2-LeaderElection430: Election REJECTED; received 2 response(s) [25d6372c-77fd-4a39-ac2a-e48debad48df<-50423279-f647-4a18-8e85-347d68eaf856#0:FAIL-t463, 25d6372c-77fd-4a39-ac2a-e48debad48df<-2ec85f63-33fb-4317-9145-71357d145af9#0:FAIL-t463] and 0 exception(s); 25d6372c-77fd-4a39-ac2a-e48debad48df@group-B2671EB745D2:t463, leader=null, voted=25d6372c-77fd-4a39-ac2a-e48debad48df, raftlog=25d6372c-77fd-4a39-ac2a-e48debad48df@group-B2671EB745D2-SegmentedRaftLog:OPENED:c-1,f-1,i0, conf=-1: [50423279-f647-4a18-8e85-347d68eaf856:192.168.69.88:39583, 2ec85f63-33fb-4317-9145-71357d145af9:192.168.69.88:42357, 25d6372c-77fd-4a39-ac2a-e48debad48df:192.168.69.88:39591], old=null
2019-10-15 16:12:30,156 [25d6372c-77fd-4a39-ac2a-e48debad48df@group-B2671EB745D2-LeaderElection430] INFO  impl.RaftServerImpl (RaftServerImpl.java:setRole(184)) - 25d6372c-77fd-4a39-ac2a-e48debad48df@group-B2671EB745D2: changes role from CANDIDATE to FOLLOWER at term 463 for DISCOVERED_A_NEW_TERM
2019-10-15 16:12:30,157 [25d6372c-77fd-4a39-ac2a-e48debad48df@group-B2671EB745D2-LeaderElection430] INFO  impl.RoleInfo (RoleInfo.java:shutdownLeaderElection(134)) - 25d6372c-77fd-4a39-ac2a-e48debad48df: shutdown LeaderElection
2019-10-15 16:12:30,157 [25d6372c-77fd-4a39-ac2a-e48debad48df@group-B2671EB745D2-LeaderElection430] INFO  impl.RoleInfo (RoleInfo.java:updateAndGet(143)) - 25d6372c-77fd-4a39-ac2a-e48debad48df: start FollowerState
2019-10-15 16:12:30,258 [Thread-3067] INFO  impl.FollowerState (FollowerState.java:run(108)) - 25d6372c-77fd-4a39-ac2a-e48debad48df@group-B2671EB745D2-FollowerState: change to CANDIDATE, lastRpcTime:101ms, electionTimeout:101ms
2019-10-15 16:12:30,258 [Thread-3067] INFO  impl.RoleInfo (RoleInfo.java:shutdownFollowerState(121)) - 25d6372c-77fd-4a39-ac2a-e48debad48df: shutdown FollowerState
2019-10-15 16:12:30,258 [Thread-3067] INFO  impl.RaftServerImpl (RaftServerImpl.java:setRole(184)) - 25d6372c-77fd-4a39-ac2a-e48debad48df@group-B2671EB745D2: changes role from  FOLLOWER to CANDIDATE at term 463 for changeToCandidate
2019-10-15 16:12:30,258 [Thread-3067] INFO  impl.RoleInfo (RoleInfo.java:updateAndGet(143)) - 25d6372c-77fd-4a39-ac2a-e48debad48df: start LeaderElection
2019-10-15 16:12:30,263 [25d6372c-77fd-4a39-ac2a-e48debad48df@group-B2671EB745D2-LeaderElection431] INFO  impl.LeaderElection (LeaderElection.java:askForVotes(178)) - 25d6372c-77fd-4a39-ac2a-e48debad48df@group-B2671EB745D2-LeaderElection431: begin an election at term 464 for -1: [50423279-f647-4a18-8e85-347d68eaf856:192.168.69.88:39583, 2ec85f63-33fb-4317-9145-71357d145af9:192.168.69.88:42357, 25d6372c-77fd-4a39-ac2a-e48debad48df:192.168.69.88:39591], old=null
2019-10-15 16:12:30,265 [grpc-default-executor-5] INFO  impl.RaftServerImpl (RaftServerImpl.java:setRole(184)) - 2ec85f63-33fb-4317-9145-71357d145af9@group-B2671EB745D2: changes role from  FOLLOWER to FOLLOWER at term 464 for recognizeCandidate:25d6372c-77fd-4a39-ac2a-e48debad48df
2019-10-15 16:12:30,265 [grpc-default-executor-0] INFO  impl.RaftServerImpl (RaftServerImpl.java:setRole(184)) - 50423279-f647-4a18-8e85-347d68eaf856@group-B2671EB745D2: changes role from  FOLLOWER to FOLLOWER at term 464 for recognizeCandidate:25d6372c-77fd-4a39-ac2a-e48debad48df
2019-10-15 16:12:30,265 [grpc-default-executor-0] INFO  impl.RoleInfo (RoleInfo.java:shutdownFollowerState(121)) - 50423279-f647-4a18-8e85-347d68eaf856: shutdown FollowerState
2019-10-15 16:12:30,265 [grpc-default-executor-5] INFO  impl.RoleInfo (RoleInfo.java:shutdownFollowerState(121)) - 2ec85f63-33fb-4317-9145-71357d145af9: shutdown FollowerState
2019-10-15 16:12:30,265 [Thread-3065] INFO  impl.FollowerState (FollowerState.java:run(117)) - 50423279-f647-4a18-8e85-347d68eaf856@group-B2671EB745D2-FollowerState was interrupted: java.lang.InterruptedException: sleep interrupted
2019-10-15 16:12:30,265 [grpc-default-executor-0] INFO  impl.RoleInfo (RoleInfo.java:updateAndGet(143)) - 50423279-f647-4a18-8e85-347d68eaf856: start FollowerState
2019-10-15 16:12:30,265 [Thread-3066] INFO  impl.FollowerState (FollowerState.java:run(117)) - 2ec85f63-33fb-4317-9145-71357d145af9@group-B2671EB745D2-FollowerState was interrupted: java.lang.InterruptedException: sleep interrupted
2019-10-15 16:12:30,265 [grpc-default-executor-5] INFO  impl.RoleInfo (RoleInfo.java:updateAndGet(143)) - 2ec85f63-33fb-4317-9145-71357d145af9: start FollowerState
2019-10-15 16:12:30,271 [25d6372c-77fd-4a39-ac2a-e48debad48df@group-B2671EB745D2-LeaderElection431] INFO  impl.LeaderElection (LeaderElection.java:logAndReturn(56)) - 25d6372c-77fd-4a39-ac2a-e48debad48df@group-B2671EB745D2-LeaderElection431: Election REJECTED; received 2 response(s) [25d6372c-77fd-4a39-ac2a-e48debad48df<-50423279-f647-4a18-8e85-347d68eaf856#0:FAIL-t464, 25d6372c-77fd-4a39-ac2a-e48debad48df<-2ec85f63-33fb-4317-9145-71357d145af9#0:FAIL-t464] and 0 exception(s); 25d6372c-77fd-4a39-ac2a-e48debad48df@group-B2671EB745D2:t464, leader=null, voted=25d6372c-77fd-4a39-ac2a-e48debad48df, raftlog=25d6372c-77fd-4a39-ac2a-e48debad48df@group-B2671EB745D2-SegmentedRaftLog:OPENED:c-1,f-1,i0, conf=-1: [50423279-f647-4a18-8e85-347d68eaf856:192.168.69.88:39583, 2ec85f63-33fb-4317-9145-71357d145af9:192.168.69.88:42357, 25d6372c-77fd-4a39-ac2a-e48debad48df:192.168.69.88:39591], old=null
2019-10-15 16:12:30,271 [25d6372c-77fd-4a39-ac2a-e48debad48df@group-B2671EB745D2-LeaderElection431] INFO  impl.RaftServerImpl (RaftServerImpl.java:setRole(184)) - 25d6372c-77fd-4a39-ac2a-e48debad48df@group-B2671EB745D2: changes role from CANDIDATE to FOLLOWER at term 464 for DISCOVERED_A_NEW_TERM
2019-10-15 16:12:30,272 [25d6372c-77fd-4a39-ac2a-e48debad48df@group-B2671EB745D2-LeaderElection431] INFO  impl.RoleInfo (RoleInfo.java:shutdownLeaderElection(134)) - 25d6372c-77fd-4a39-ac2a-e48debad48df: shutdown LeaderElection
2019-10-15 16:12:30,272 [25d6372c-77fd-4a39-ac2a-e48debad48df@group-B2671EB745D2-LeaderElection431] INFO  impl.RoleInfo (RoleInfo.java:updateAndGet(143)) - 25d6372c-77fd-4a39-ac2a-e48debad48df: start FollowerState
2019-10-15 16:12:30,302 [Thread-3073] INFO  impl.FollowerState (FollowerState.java:run(108)) - 25d6372c-77fd-4a39-ac2a-e48debad48df@group-B2671EB745D2-FollowerState: change to CANDIDATE, lastRpcTime:30ms, electionTimeout:30ms
2019-10-15 16:12:30,302 [Thread-3073] INFO  impl.RoleInfo (RoleInfo.java:shutdownFollowerState(121)) - 25d6372c-77fd-4a39-ac2a-e48debad48df: shutdown FollowerState
2019-10-15 16:12:30,302 [Thread-3073] INFO  impl.RaftServerImpl (RaftServerImpl.java:setRole(184)) - 25d6372c-77fd-4a39-ac2a-e48debad48df@group-B2671EB745D2: changes role from  FOLLOWER to CANDIDATE at term 464 for changeToCandidate
2019-10-15 16:12:30,302 [Thread-3073] INFO  impl.RoleInfo (RoleInfo.java:updateAndGet(143)) - 25d6372c-77fd-4a39-ac2a-e48debad48df: start LeaderElection
2019-10-15 16:12:30,306 [25d6372c-77fd-4a39-ac2a-e48debad48df@group-B2671EB745D2-LeaderElection432] INFO  impl.LeaderElection (LeaderElection.java:askForVotes(178)) - 25d6372c-77fd-4a39-ac2a-e48debad48df@group-B2671EB745D2-LeaderElection432: begin an election at term 465 for -1: [50423279-f647-4a18-8e85-347d68eaf856:192.168.69.88:39583, 2ec85f63-33fb-4317-9145-71357d145af9:192.168.69.88:42357, 25d6372c-77fd-4a39-ac2a-e48debad48df:192.168.69.88:39591], old=null
2019-10-15 16:12:30,307 [grpc-default-executor-5] INFO  impl.RaftServerImpl (RaftServerImpl.java:setRole(184)) - 2ec85f63-33fb-4317-9145-71357d145af9@group-B2671EB745D2: changes role from  FOLLOWER to FOLLOWER at term 465 for recognizeCandidate:25d6372c-77fd-4a39-ac2a-e48debad48df
2019-10-15 16:12:30,307 [grpc-default-executor-0] INFO  impl.RaftServerImpl (RaftServerImpl.java:setRole(184)) - 50423279-f647-4a18-8e85-347d68eaf856@group-B2671EB745D2: changes role from  FOLLOWER to FOLLOWER at term 465 for recognizeCandidate:25d6372c-77fd-4a39-ac2a-e48debad48df
2019-10-15 16:12:30,308 [grpc-default-executor-5] INFO  impl.RoleInfo (RoleInfo.java:shutdownFollowerState(121)) - 2ec85f63-33fb-4317-9145-71357d145af9: shutdown FollowerState
2019-10-15 16:12:30,308 [grpc-default-executor-0] INFO  impl.RoleInfo (RoleInfo.java:shutdownFollowerState(121)) - 50423279-f647-4a18-8e85-347d68eaf856: shutdown FollowerState
2019-10-15 16:12:30,308 [Thread-3072] INFO  impl.FollowerState (FollowerState.java:run(117)) - 2ec85f63-33fb-4317-9145-71357d145af9@group-B2671EB745D2-FollowerState was interrupted: java.lang.InterruptedException: sleep interrupted
2019-10-15 16:12:30,308 [grpc-default-executor-5] INFO  impl.RoleInfo (RoleInfo.java:updateAndGet(143)) - 2ec85f63-33fb-4317-9145-71357d145af9: start FollowerState
2019-10-15 16:12:30,308 [Thread-3071] INFO  impl.FollowerState (FollowerState.java:run(117)) - 50423279-f647-4a18-8e85-347d68eaf856@group-B2671EB745D2-FollowerState was interrupted: java.lang.InterruptedException: sleep interrupted
2019-10-15 16:12:30,308 [grpc-default-executor-0] INFO  impl.RoleInfo (RoleInfo.java:updateAndGet(143)) - 50423279-f647-4a18-8e85-347d68eaf856: start FollowerState
2019-10-15 16:12:30,314 [25d6372c-77fd-4a39-ac2a-e48debad48df@group-B2671EB745D2-LeaderElection432] INFO  impl.LeaderElection (LeaderElection.java:logAndReturn(56)) - 25d6372c-77fd-4a39-ac2a-e48debad48df@group-B2671EB745D2-LeaderElection432: Election REJECTED; received 2 response(s) [25d6372c-77fd-4a39-ac2a-e48debad48df<-2ec85f63-33fb-4317-9145-71357d145af9#0:FAIL-t465, 25d6372c-77fd-4a39-ac2a-e48debad48df<-50423279-f647-4a18-8e85-347d68eaf856#0:FAIL-t465] and 0 exception(s); 25d6372c-77fd-4a39-ac2a-e48debad48df@group-B2671EB745D2:t465, leader=null, voted=25d6372c-77fd-4a39-ac2a-e48debad48df, raftlog=25d6372c-77fd-4a39-ac2a-e48debad48df@group-B2671EB745D2-SegmentedRaftLog:OPENED:c-1,f-1,i0, conf=-1: [50423279-f647-4a18-8e85-347d68eaf856:192.168.69.88:39583, 2ec85f63-33fb-4317-9145-71357d145af9:192.168.69.88:42357, 25d6372c-77fd-4a39-ac2a-e48debad48df:192.168.69.88:39591], old=null
2019-10-15 16:12:30,315 [25d6372c-77fd-4a39-ac2a-e48debad48df@group-B2671EB745D2-LeaderElection432] INFO  impl.RaftServerImpl (RaftServerImpl.java:setRole(184)) - 25d6372c-77fd-4a39-ac2a-e48debad48df@group-B2671EB745D2: changes role from CANDIDATE to FOLLOWER at term 465 for DISCOVERED_A_NEW_TERM
2019-10-15 16:12:30,315 [25d6372c-77fd-4a39-ac2a-e48debad48df@group-B2671EB745D2-LeaderElection432] INFO  impl.RoleInfo (RoleInfo.java:shutdownLeaderElection(134)) - 25d6372c-77fd-4a39-ac2a-e48debad48df: shutdown LeaderElection
2019-10-15 16:12:30,315 [25d6372c-77fd-4a39-ac2a-e48debad48df@group-B2671EB745D2-LeaderElection432] INFO  impl.RoleInfo (RoleInfo.java:updateAndGet(143)) - 25d6372c-77fd-4a39-ac2a-e48debad48df: start FollowerState
2019-10-15 16:12:30,328 [Thread-3079] INFO  impl.FollowerState (FollowerState.java:run(108)) - 25d6372c-77fd-4a39-ac2a-e48debad48df@group-B2671EB745D2-FollowerState: change to CANDIDATE, lastRpcTime:13ms, electionTimeout:13ms
2019-10-15 16:12:30,328 [Thread-3079] INFO  impl.RoleInfo (RoleInfo.java:shutdownFollowerState(121)) - 25d6372c-77fd-4a39-ac2a-e48debad48df: shutdown FollowerState
2019-10-15 16:12:30,328 [Thread-3079] INFO  impl.RaftServerImpl (RaftServerImpl.java:setRole(184)) - 25d6372c-77fd-4a39-ac2a-e48debad48df@group-B2671EB745D2: changes role from  FOLLOWER to CANDIDATE at term 465 for changeToCandidate
2019-10-15 16:12:30,328 [Thread-3079] INFO  impl.RoleInfo (RoleInfo.java:updateAndGet(143)) - 25d6372c-77fd-4a39-ac2a-e48debad48df: start LeaderElection
2019-10-15 16:12:30,342 [25d6372c-77fd-4a39-ac2a-e48debad48df@group-B2671EB745D2-LeaderElection433] INFO  impl.LeaderElection (LeaderElection.java:askForVotes(178)) - 25d6372c-77fd-4a39-ac2a-e48debad48df@group-B2671EB745D2-LeaderElection433: begin an election at term 466 for -1: [50423279-f647-4a18-8e85-347d68eaf856:192.168.69.88:39583, 2ec85f63-33fb-4317-9145-71357d145af9:192.168.69.88:42357, 25d6372c-77fd-4a39-ac2a-e48debad48df:192.168.69.88:39591], old=null
2019-10-15 16:12:30,343 [grpc-default-executor-5] INFO  impl.RaftServerImpl (RaftServerImpl.java:setRole(184)) - 2ec85f63-33fb-4317-9145-71357d145af9@group-B2671EB745D2: changes role from  FOLLOWER to FOLLOWER at term 466 for recognizeCandidate:25d6372c-77fd-4a39-ac2a-e48debad48df
2019-10-15 16:12:30,344 [grpc-default-executor-5] INFO  impl.RoleInfo (RoleInfo.java:shutdownFollowerState(121)) - 2ec85f63-33fb-4317-9145-71357d145af9: shutdown FollowerState
2019-10-15 16:12:30,343 [grpc-default-executor-0] INFO  impl.RaftServerImpl (RaftServerImpl.java:setRole(184)) - 50423279-f647-4a18-8e85-347d68eaf856@group-B2671EB745D2: changes role from  FOLLOWER to FOLLOWER at term 466 for recognizeCandidate:25d6372c-77fd-4a39-ac2a-e48debad48df
2019-10-15 16:12:30,344 [Thread-3077] INFO  impl.FollowerState (FollowerState.java:run(117)) - 2ec85f63-33fb-4317-9145-71357d145af9@group-B2671EB745D2-FollowerState was interrupted: java.lang.InterruptedException: sleep interrupted
2019-10-15 16:12:30,344 [grpc-default-executor-5] INFO  impl.RoleInfo (RoleInfo.java:updateAndGet(143)) - 2ec85f63-33fb-4317-9145-71357d145af9: start FollowerState
2019-10-15 16:12:30,344 [grpc-default-executor-0] INFO  impl.RoleInfo (RoleInfo.java:shutdownFollowerState(121)) - 50423279-f647-4a18-8e85-347d68eaf856: shutdown FollowerState
2019-10-15 16:12:30,344 [grpc-default-executor-0] INFO  impl.RoleInfo (RoleInfo.java:updateAndGet(143)) - 50423279-f647-4a18-8e85-347d68eaf856: start FollowerState
2019-10-15 16:12:30,344 [Thread-3078] INFO  impl.FollowerState (FollowerState.java:run(117)) - 50423279-f647-4a18-8e85-347d68eaf856@group-B2671EB745D2-FollowerState was interrupted: java.lang.InterruptedException: sleep interrupted
2019-10-15 16:12:30,356 [25d6372c-77fd-4a39-ac2a-e48debad48df@group-B2671EB745D2-LeaderElection433] INFO  impl.LeaderElection (LeaderElection.java:logAndReturn(56)) - 25d6372c-77fd-4a39-ac2a-e48debad48df@group-B2671EB745D2-LeaderElection433: Election REJECTED; received 2 response(s) [25d6372c-77fd-4a39-ac2a-e48debad48df<-2ec85f63-33fb-4317-9145-71357d145af9#0:FAIL-t466, 25d6372c-77fd-4a39-ac2a-e48debad48df<-50423279-f647-4a18-8e85-347d68eaf856#0:FAIL-t466] and 0 exception(s); 25d6372c-77fd-4a39-ac2a-e48debad48df@group-B2671EB745D2:t466, leader=null, voted=25d6372c-77fd-4a39-ac2a-e48debad48df, raftlog=25d6372c-77fd-4a39-ac2a-e48debad48df@group-B2671EB745D2-SegmentedRaftLog:OPENED:c-1,f-1,i0, conf=-1: [50423279-f647-4a18-8e85-347d68eaf856:192.168.69.88:39583, 2ec85f63-33fb-4317-9145-71357d145af9:192.168.69.88:42357, 25d6372c-77fd-4a39-ac2a-e48debad48df:192.168.69.88:39591], old=null
2019-10-15 16:12:30,356 [25d6372c-77fd-4a39-ac2a-e48debad48df@group-B2671EB745D2-LeaderElection433] INFO  impl.RaftServerImpl (RaftServerImpl.java:setRole(184)) - 25d6372c-77fd-4a39-ac2a-e48debad48df@group-B2671EB745D2: changes role from CANDIDATE to FOLLOWER at term 466 for DISCOVERED_A_NEW_TERM
2019-10-15 16:12:30,356 [25d6372c-77fd-4a39-ac2a-e48debad48df@group-B2671EB745D2-LeaderElection433] INFO  impl.RoleInfo (RoleInfo.java:shutdownLeaderElection(134)) - 25d6372c-77fd-4a39-ac2a-e48debad48df: shutdown LeaderElection
2019-10-15 16:12:30,357 [25d6372c-77fd-4a39-ac2a-e48debad48df@group-B2671EB745D2-LeaderElection433] INFO  impl.RoleInfo (RoleInfo.java:updateAndGet(143)) - 25d6372c-77fd-4a39-ac2a-e48debad48df: start FollowerState
2019-10-15 16:12:30,463 [Thread-3085] INFO  impl.FollowerState (FollowerState.java:run(108)) - 25d6372c-77fd-4a39-ac2a-e48debad48df@group-B2671EB745D2-FollowerState: change to CANDIDATE, lastRpcTime:106ms, electionTimeout:106ms
2019-10-15 16:12:30,463 [Thread-3085] INFO  impl.RoleInfo (RoleInfo.java:shutdownFollowerState(121)) - 25d6372c-77fd-4a39-ac2a-e48debad48df: shutdown FollowerState
2019-10-15 16:12:30,463 [Thread-3085] INFO  impl.RaftServerImpl (RaftServerImpl.java:setRole(184)) - 25d6372c-77fd-4a39-ac2a-e48debad48df@group-B2671EB745D2: changes role from  FOLLOWER to CANDIDATE at term 466 for changeToCandidate
2019-10-15 16:12:30,463 [Thread-3085] INFO  impl.RoleInfo (RoleInfo.java:updateAndGet(143)) - 25d6372c-77fd-4a39-ac2a-e48debad48df: start LeaderElection
2019-10-15 16:12:30,469 [25d6372c-77fd-4a39-ac2a-e48debad48df@group-B2671EB745D2-LeaderElection434] INFO  impl.LeaderElection (LeaderElection.java:askForVotes(178)) - 25d6372c-77fd-4a39-ac2a-e48debad48df@group-B2671EB745D2-LeaderElection434: begin an election at term 467 for -1: [50423279-f647-4a18-8e85-347d68eaf856:192.168.69.88:39583, 2ec85f63-33fb-4317-9145-71357d145af9:192.168.69.88:42357, 25d6372c-77fd-4a39-ac2a-e48debad48df:192.168.69.88:39591], old=null
2019-10-15 16:12:30,471 [grpc-default-executor-5] INFO  impl.RaftServerImpl (RaftServerImpl.java:setRole(184)) - 50423279-f647-4a18-8e85-347d68eaf856@group-B2671EB745D2: changes role from  FOLLOWER to FOLLOWER at term 467 for recognizeCandidate:25d6372c-77fd-4a39-ac2a-e48debad48df
2019-10-15 16:12:30,471 [grpc-default-executor-5] INFO  impl.RoleInfo (RoleInfo.java:shutdownFollowerState(121)) - 50423279-f647-4a18-8e85-347d68eaf856: shutdown FollowerState
2019-10-15 16:12:30,471 [grpc-default-executor-0] INFO  impl.RaftServerImpl (RaftServerImpl.java:setRole(184)) - 2ec85f63-33fb-4317-9145-71357d145af9@group-B2671EB745D2: changes role from  FOLLOWER to FOLLOWER at term 467 for recognizeCandidate:25d6372c-77fd-4a39-ac2a-e48debad48df
2019-10-15 16:12:30,471 [Thread-3084] INFO  impl.FollowerState (FollowerState.java:run(117)) - 50423279-f647-4a18-8e85-347d68eaf856@group-B2671EB745D2-FollowerState was interrupted: java.lang.InterruptedException: sleep interrupted
2019-10-15 16:12:30,471 [grpc-default-executor-5] INFO  impl.RoleInfo (RoleInfo.java:updateAndGet(143)) - 50423279-f647-4a18-8e85-347d68eaf856: start FollowerState
2019-10-15 16:12:30,471 [grpc-default-executor-0] INFO  impl.RoleInfo (RoleInfo.java:shutdownFollowerState(121)) - 2ec85f63-33fb-4317-9145-71357d145af9: shutdown FollowerState
2019-10-15 16:12:30,472 [grpc-default-executor-0] INFO  impl.RoleInfo (RoleInfo.java:updateAndGet(143)) - 2ec85f63-33fb-4317-9145-71357d145af9: start FollowerState
2019-10-15 16:12:30,472 [Thread-3083] INFO  impl.FollowerState (FollowerState.java:run(117)) - 2ec85f63-33fb-4317-9145-71357d145af9@group-B2671EB745D2-FollowerState was interrupted: java.lang.InterruptedException: sleep interrupted
2019-10-15 16:12:30,478 [25d6372c-77fd-4a39-ac2a-e48debad48df@group-B2671EB745D2-LeaderElection434] INFO  impl.LeaderElection (LeaderElection.java:logAndReturn(56)) - 25d6372c-77fd-4a39-ac2a-e48debad48df@group-B2671EB745D2-LeaderElection434: Election REJECTED; received 2 response(s) [25d6372c-77fd-4a39-ac2a-e48debad48df<-2ec85f63-33fb-4317-9145-71357d145af9#0:FAIL-t467, 25d6372c-77fd-4a39-ac2a-e48debad48df<-50423279-f647-4a18-8e85-347d68eaf856#0:FAIL-t467] and 0 exception(s); 25d6372c-77fd-4a39-ac2a-e48debad48df@group-B2671EB745D2:t467, leader=null, voted=25d6372c-77fd-4a39-ac2a-e48debad48df, raftlog=25d6372c-77fd-4a39-ac2a-e48debad48df@group-B2671EB745D2-SegmentedRaftLog:OPENED:c-1,f-1,i0, conf=-1: [50423279-f647-4a18-8e85-347d68eaf856:192.168.69.88:39583, 2ec85f63-33fb-4317-9145-71357d145af9:192.168.69.88:42357, 25d6372c-77fd-4a39-ac2a-e48debad48df:192.168.69.88:39591], old=null
2019-10-15 16:12:30,478 [25d6372c-77fd-4a39-ac2a-e48debad48df@group-B2671EB745D2-LeaderElection434] INFO  impl.RaftServerImpl (RaftServerImpl.java:setRole(184)) - 25d6372c-77fd-4a39-ac2a-e48debad48df@group-B2671EB745D2: changes role from CANDIDATE to FOLLOWER at term 467 for DISCOVERED_A_NEW_TERM
2019-10-15 16:12:30,479 [25d6372c-77fd-4a39-ac2a-e48debad48df@group-B2671EB745D2-LeaderElection434] INFO  impl.RoleInfo (RoleInfo.java:shutdownLeaderElection(134)) - 25d6372c-77fd-4a39-ac2a-e48debad48df: shutdown LeaderElection
2019-10-15 16:12:30,479 [25d6372c-77fd-4a39-ac2a-e48debad48df@group-B2671EB745D2-LeaderElection434] INFO  impl.RoleInfo (RoleInfo.java:updateAndGet(143)) - 25d6372c-77fd-4a39-ac2a-e48debad48df: start FollowerState
2019-10-15 16:12:30,538 [Thread-3091] INFO  impl.FollowerState (FollowerState.java:run(108)) - 25d6372c-77fd-4a39-ac2a-e48debad48df@group-B2671EB745D2-FollowerState: change to CANDIDATE, lastRpcTime:59ms, electionTimeout:59ms
2019-10-15 16:12:30,538 [Thread-3091] INFO  impl.RoleInfo (RoleInfo.java:shutdownFollowerState(121)) - 25d6372c-77fd-4a39-ac2a-e48debad48df: shutdown FollowerState
2019-10-15 16:12:30,538 [Thread-3091] INFO  impl.RaftServerImpl (RaftServerImpl.java:setRole(184)) - 25d6372c-77fd-4a39-ac2a-e48debad48df@group-B2671EB745D2: changes role from  FOLLOWER to CANDIDATE at term 467 for changeToCandidate
2019-10-15 16:12:30,539 [Thread-3091] INFO  impl.RoleInfo (RoleInfo.java:updateAndGet(143)) - 25d6372c-77fd-4a39-ac2a-e48debad48df: start LeaderElection
2019-10-15 16:12:30,544 [25d6372c-77fd-4a39-ac2a-e48debad48df@group-B2671EB745D2-LeaderElection435] INFO  impl.LeaderElection (LeaderElection.java:askForVotes(178)) - 25d6372c-77fd-4a39-ac2a-e48debad48df@group-B2671EB745D2-LeaderElection435: begin an election at term 468 for -1: [50423279-f647-4a18-8e85-347d68eaf856:192.168.69.88:39583, 2ec85f63-33fb-4317-9145-71357d145af9:192.168.69.88:42357, 25d6372c-77fd-4a39-ac2a-e48debad48df:192.168.69.88:39591], old=null
2019-10-15 16:12:30,545 [grpc-default-executor-5] INFO  impl.RaftServerImpl (RaftServerImpl.java:setRole(184)) - 2ec85f63-33fb-4317-9145-71357d145af9@group-B2671EB745D2: changes role from  FOLLOWER to FOLLOWER at term 468 for recognizeCandidate:25d6372c-77fd-4a39-ac2a-e48debad48df
2019-10-15 16:12:30,545 [grpc-default-executor-5] INFO  impl.RoleInfo (RoleInfo.java:shutdownFollowerState(121)) - 2ec85f63-33fb-4317-9145-71357d145af9: shutdown FollowerState
2019-10-15 16:12:30,546 [grpc-default-executor-0] INFO  impl.RaftServerImpl (RaftServerImpl.java:setRole(184)) - 50423279-f647-4a18-8e85-347d68eaf856@group-B2671EB745D2: changes role from  FOLLOWER to FOLLOWER at term 468 for recognizeCandidate:25d6372c-77fd-4a39-ac2a-e48debad48df
2019-10-15 16:12:30,546 [grpc-default-executor-0] INFO  impl.RoleInfo (RoleInfo.java:shutdownFollowerState(121)) - 50423279-f647-4a18-8e85-347d68eaf856: shutdown FollowerState
2019-10-15 16:12:30,546 [Thread-3090] INFO  impl.FollowerState (FollowerState.java:run(117)) - 2ec85f63-33fb-4317-9145-71357d145af9@group-B2671EB745D2-FollowerState was interrupted: java.lang.InterruptedException: sleep interrupted
2019-10-15 16:12:30,546 [grpc-default-executor-5] INFO  impl.RoleInfo (RoleInfo.java:updateAndGet(143)) - 2ec85f63-33fb-4317-9145-71357d145af9: start FollowerState
2019-10-15 16:12:30,546 [Thread-3089] INFO  impl.FollowerState (FollowerState.java:run(117)) - 50423279-f647-4a18-8e85-347d68eaf856@group-B2671EB745D2-FollowerState was interrupted: java.lang.InterruptedException: sleep interrupted
2019-10-15 16:12:30,546 [grpc-default-executor-0] INFO  impl.RoleInfo (RoleInfo.java:updateAndGet(143)) - 50423279-f647-4a18-8e85-347d68eaf856: start FollowerState
2019-10-15 16:12:30,552 [25d6372c-77fd-4a39-ac2a-e48debad48df@group-B2671EB745D2-LeaderElection435] INFO  impl.LeaderElection (LeaderElection.java:logAndReturn(56)) - 25d6372c-77fd-4a39-ac2a-e48debad48df@group-B2671EB745D2-LeaderElection435: Election REJECTED; received 2 response(s) [25d6372c-77fd-4a39-ac2a-e48debad48df<-2ec85f63-33fb-4317-9145-71357d145af9#0:FAIL-t468, 25d6372c-77fd-4a39-ac2a-e48debad48df<-50423279-f647-4a18-8e85-347d68eaf856#0:FAIL-t468] and 0 exception(s); 25d6372c-77fd-4a39-ac2a-e48debad48df@group-B2671EB745D2:t468, leader=null, voted=25d6372c-77fd-4a39-ac2a-e48debad48df, raftlog=25d6372c-77fd-4a39-ac2a-e48debad48df@group-B2671EB745D2-SegmentedRaftLog:OPENED:c-1,f-1,i0, conf=-1: [50423279-f647-4a18-8e85-347d68eaf856:192.168.69.88:39583, 2ec85f63-33fb-4317-9145-71357d145af9:192.168.69.88:42357, 25d6372c-77fd-4a39-ac2a-e48debad48df:192.168.69.88:39591], old=null
2019-10-15 16:12:30,552 [25d6372c-77fd-4a39-ac2a-e48debad48df@group-B2671EB745D2-LeaderElection435] INFO  impl.RaftServerImpl (RaftServerImpl.java:setRole(184)) - 25d6372c-77fd-4a39-ac2a-e48debad48df@group-B2671EB745D2: changes role from CANDIDATE to FOLLOWER at term 468 for DISCOVERED_A_NEW_TERM
2019-10-15 16:12:30,553 [25d6372c-77fd-4a39-ac2a-e48debad48df@group-B2671EB745D2-LeaderElection435] INFO  impl.RoleInfo (RoleInfo.java:shutdownLeaderElection(134)) - 25d6372c-77fd-4a39-ac2a-e48debad48df: shutdown LeaderElection
2019-10-15 16:12:30,553 [25d6372c-77fd-4a39-ac2a-e48debad48df@group-B2671EB745D2-LeaderElection435] INFO  impl.RoleInfo (RoleInfo.java:updateAndGet(143)) - 25d6372c-77fd-4a39-ac2a-e48debad48df: start FollowerState
2019-10-15 16:12:30,640 [Thread-3097] INFO  impl.FollowerState (FollowerState.java:run(108)) - 25d6372c-77fd-4a39-ac2a-e48debad48df@group-B2671EB745D2-FollowerState: change to CANDIDATE, lastRpcTime:87ms, electionTimeout:87ms
2019-10-15 16:12:30,640 [Thread-3097] INFO  impl.RoleInfo (RoleInfo.java:shutdownFollowerState(121)) - 25d6372c-77fd-4a39-ac2a-e48debad48df: shutdown FollowerState
2019-10-15 16:12:30,640 [Thread-3097] INFO  impl.RaftServerImpl (RaftServerImpl.java:setRole(184)) - 25d6372c-77fd-4a39-ac2a-e48debad48df@group-B2671EB745D2: changes role from  FOLLOWER to CANDIDATE at term 468 for changeToCandidate
2019-10-15 16:12:30,640 [Thread-3097] INFO  impl.RoleInfo (RoleInfo.java:updateAndGet(143)) - 25d6372c-77fd-4a39-ac2a-e48debad48df: start LeaderElection
2019-10-15 16:12:30,668 [25d6372c-77fd-4a39-ac2a-e48debad48df@group-B2671EB745D2-LeaderElection436] INFO  impl.LeaderElection (LeaderElection.java:askForVotes(178)) - 25d6372c-77fd-4a39-ac2a-e48debad48df@group-B2671EB745D2-LeaderElection436: begin an election at term 469 for -1: [50423279-f647-4a18-8e85-347d68eaf856:192.168.69.88:39583, 2ec85f63-33fb-4317-9145-71357d145af9:192.168.69.88:42357, 25d6372c-77fd-4a39-ac2a-e48debad48df:192.168.69.88:39591], old=null
2019-10-15 16:12:30,670 [grpc-default-executor-0] INFO  impl.RaftServerImpl (RaftServerImpl.java:setRole(184)) - 50423279-f647-4a18-8e85-347d68eaf856@group-B2671EB745D2: changes role from  FOLLOWER to FOLLOWER at term 469 for recognizeCandidate:25d6372c-77fd-4a39-ac2a-e48debad48df
2019-10-15 16:12:30,670 [grpc-default-executor-5] INFO  impl.RaftServerImpl (RaftServerImpl.java:setRole(184)) - 2ec85f63-33fb-4317-9145-71357d145af9@group-B2671EB745D2: changes role from  FOLLOWER to FOLLOWER at term 469 for recognizeCandidate:25d6372c-77fd-4a39-ac2a-e48debad48df
2019-10-15 16:12:30,670 [grpc-default-executor-0] INFO  impl.RoleInfo (RoleInfo.java:shutdownFollowerState(121)) - 50423279-f647-4a18-8e85-347d68eaf856: shutdown FollowerState
2019-10-15 16:12:30,670 [grpc-default-executor-5] INFO  impl.RoleInfo (RoleInfo.java:shutdownFollowerState(121)) - 2ec85f63-33fb-4317-9145-71357d145af9: shutdown FollowerState
2019-10-15 16:12:30,670 [Thread-3096] INFO  impl.FollowerState (FollowerState.java:run(117)) - 50423279-f647-4a18-8e85-347d68eaf856@group-B2671EB745D2-FollowerState was interrupted: java.lang.InterruptedException: sleep interrupted
2019-10-15 16:12:30,670 [grpc-default-executor-0] INFO  impl.RoleInfo (RoleInfo.java:updateAndGet(143)) - 50423279-f647-4a18-8e85-347d68eaf856: start FollowerState
2019-10-15 16:12:30,671 [Thread-3095] INFO  impl.FollowerState (FollowerState.java:run(117)) - 2ec85f63-33fb-4317-9145-71357d145af9@group-B2671EB745D2-FollowerState was interrupted: java.lang.InterruptedException: sleep interrupted
2019-10-15 16:12:30,671 [grpc-default-executor-5] INFO  impl.RoleInfo (RoleInfo.java:updateAndGet(143)) - 2ec85f63-33fb-4317-9145-71357d145af9: start FollowerState
2019-10-15 16:12:30,695 [25d6372c-77fd-4a39-ac2a-e48debad48df@group-B2671EB745D2-LeaderElection436] INFO  impl.LeaderElection (LeaderElection.java:logAndReturn(56)) - 25d6372c-77fd-4a39-ac2a-e48debad48df@group-B2671EB745D2-LeaderElection436: Election REJECTED; received 2 response(s) [25d6372c-77fd-4a39-ac2a-e48debad48df<-2ec85f63-33fb-4317-9145-71357d145af9#0:FAIL-t469, 25d6372c-77fd-4a39-ac2a-e48debad48df<-50423279-f647-4a18-8e85-347d68eaf856#0:FAIL-t469] and 0 exception(s); 25d6372c-77fd-4a39-ac2a-e48debad48df@group-B2671EB745D2:t469, leader=null, voted=25d6372c-77fd-4a39-ac2a-e48debad48df, raftlog=25d6372c-77fd-4a39-ac2a-e48debad48df@group-B2671EB745D2-SegmentedRaftLog:OPENED:c-1,f-1,i0, conf=-1: [50423279-f647-4a18-8e85-347d68eaf856:192.168.69.88:39583, 2ec85f63-33fb-4317-9145-71357d145af9:192.168.69.88:42357, 25d6372c-77fd-4a39-ac2a-e48debad48df:192.168.69.88:39591], old=null
2019-10-15 16:12:30,696 [25d6372c-77fd-4a39-ac2a-e48debad48df@group-B2671EB745D2-LeaderElection436] INFO  impl.RaftServerImpl (RaftServerImpl.java:setRole(184)) - 25d6372c-77fd-4a39-ac2a-e48debad48df@group-B2671EB745D2: changes role from CANDIDATE to FOLLOWER at term 469 for DISCOVERED_A_NEW_TERM
2019-10-15 16:12:30,696 [25d6372c-77fd-4a39-ac2a-e48debad48df@group-B2671EB745D2-LeaderElection436] INFO  impl.RoleInfo (RoleInfo.java:shutdownLeaderElection(134)) - 25d6372c-77fd-4a39-ac2a-e48debad48df: shutdown LeaderElection
2019-10-15 16:12:30,696 [25d6372c-77fd-4a39-ac2a-e48debad48df@group-B2671EB745D2-LeaderElection436] INFO  impl.RoleInfo (RoleInfo.java:updateAndGet(143)) - 25d6372c-77fd-4a39-ac2a-e48debad48df: start FollowerState
2019-10-15 16:12:30,841 [Thread-3103] INFO  impl.FollowerState (FollowerState.java:run(108)) - 25d6372c-77fd-4a39-ac2a-e48debad48df@group-B2671EB745D2-FollowerState: change to CANDIDATE, lastRpcTime:145ms, electionTimeout:145ms
2019-10-15 16:12:30,841 [Thread-3103] INFO  impl.RoleInfo (RoleInfo.java:shutdownFollowerState(121)) - 25d6372c-77fd-4a39-ac2a-e48debad48df: shutdown FollowerState
2019-10-15 16:12:30,841 [Thread-3103] INFO  impl.RaftServerImpl (RaftServerImpl.java:setRole(184)) - 25d6372c-77fd-4a39-ac2a-e48debad48df@group-B2671EB745D2: changes role from  FOLLOWER to CANDIDATE at term 469 for changeToCandidate
2019-10-15 16:12:30,842 [Thread-3103] INFO  impl.RoleInfo (RoleInfo.java:updateAndGet(143)) - 25d6372c-77fd-4a39-ac2a-e48debad48df: start LeaderElection
2019-10-15 16:12:30,849 [25d6372c-77fd-4a39-ac2a-e48debad48df@group-B2671EB745D2-LeaderElection437] INFO  impl.LeaderElection (LeaderElection.java:askForVotes(178)) - 25d6372c-77fd-4a39-ac2a-e48debad48df@group-B2671EB745D2-LeaderElection437: begin an election at term 470 for -1: [50423279-f647-4a18-8e85-347d68eaf856:192.168.69.88:39583, 2ec85f63-33fb-4317-9145-71357d145af9:192.168.69.88:42357, 25d6372c-77fd-4a39-ac2a-e48debad48df:192.168.69.88:39591], old=null
2019-10-15 16:12:30,851 [grpc-default-executor-5] INFO  impl.RaftServerImpl (RaftServerImpl.java:setRole(184)) - 50423279-f647-4a18-8e85-347d68eaf856@group-B2671EB745D2: changes role from  FOLLOWER to FOLLOWER at term 470 for recognizeCandidate:25d6372c-77fd-4a39-ac2a-e48debad48df
2019-10-15 16:12:30,851 [grpc-default-executor-5] INFO  impl.RoleInfo (RoleInfo.java:shutdownFollowerState(121)) - 50423279-f647-4a18-8e85-347d68eaf856: shutdown FollowerState
2019-10-15 16:12:30,851 [grpc-default-executor-0] INFO  impl.RaftServerImpl (RaftServerImpl.java:setRole(184)) - 2ec85f63-33fb-4317-9145-71357d145af9@group-B2671EB745D2: changes role from  FOLLOWER to FOLLOWER at term 470 for recognizeCandidate:25d6372c-77fd-4a39-ac2a-e48debad48df
2019-10-15 16:12:30,852 [grpc-default-executor-0] INFO  impl.RoleInfo (RoleInfo.java:shutdownFollowerState(121)) - 2ec85f63-33fb-4317-9145-71357d145af9: shutdown FollowerState
2019-10-15 16:12:30,852 [Thread-3101] INFO  impl.FollowerState (FollowerState.java:run(117)) - 50423279-f647-4a18-8e85-347d68eaf856@group-B2671EB745D2-FollowerState was interrupted: java.lang.InterruptedException: sleep interrupted
2019-10-15 16:12:30,851 [grpc-default-executor-5] INFO  impl.RoleInfo (RoleInfo.java:updateAndGet(143)) - 50423279-f647-4a18-8e85-347d68eaf856: start FollowerState
2019-10-15 16:12:30,852 [Thread-3102] INFO  impl.FollowerState (FollowerState.java:run(117)) - 2ec85f63-33fb-4317-9145-71357d145af9@group-B2671EB745D2-FollowerState was interrupted: java.lang.InterruptedException: sleep interrupted
2019-10-15 16:12:30,852 [grpc-default-executor-0] INFO  impl.RoleInfo (RoleInfo.java:updateAndGet(143)) - 2ec85f63-33fb-4317-9145-71357d145af9: start FollowerState
2019-10-15 16:12:30,878 [25d6372c-77fd-4a39-ac2a-e48debad48df@group-B2671EB745D2-LeaderElection437] INFO  impl.LeaderElection (LeaderElection.java:logAndReturn(56)) - 25d6372c-77fd-4a39-ac2a-e48debad48df@group-B2671EB745D2-LeaderElection437: Election REJECTED; received 2 response(s) [25d6372c-77fd-4a39-ac2a-e48debad48df<-2ec85f63-33fb-4317-9145-71357d145af9#0:FAIL-t470, 25d6372c-77fd-4a39-ac2a-e48debad48df<-50423279-f647-4a18-8e85-347d68eaf856#0:FAIL-t470] and 0 exception(s); 25d6372c-77fd-4a39-ac2a-e48debad48df@group-B2671EB745D2:t470, leader=null, voted=25d6372c-77fd-4a39-ac2a-e48debad48df, raftlog=25d6372c-77fd-4a39-ac2a-e48debad48df@group-B2671EB745D2-SegmentedRaftLog:OPENED:c-1,f-1,i0, conf=-1: [50423279-f647-4a18-8e85-347d68eaf856:192.168.69.88:39583, 2ec85f63-33fb-4317-9145-71357d145af9:192.168.69.88:42357, 25d6372c-77fd-4a39-ac2a-e48debad48df:192.168.69.88:39591], old=null
2019-10-15 16:12:30,878 [25d6372c-77fd-4a39-ac2a-e48debad48df@group-B2671EB745D2-LeaderElection437] INFO  impl.RaftServerImpl (RaftServerImpl.java:setRole(184)) - 25d6372c-77fd-4a39-ac2a-e48debad48df@group-B2671EB745D2: changes role from CANDIDATE to FOLLOWER at term 470 for DISCOVERED_A_NEW_TERM
2019-10-15 16:12:30,878 [25d6372c-77fd-4a39-ac2a-e48debad48df@group-B2671EB745D2-LeaderElection437] INFO  impl.RoleInfo (RoleInfo.java:shutdownLeaderElection(134)) - 25d6372c-77fd-4a39-ac2a-e48debad48df: shutdown LeaderElection
2019-10-15 16:12:30,878 [25d6372c-77fd-4a39-ac2a-e48debad48df@group-B2671EB745D2-LeaderElection437] INFO  impl.RoleInfo (RoleInfo.java:updateAndGet(143)) - 25d6372c-77fd-4a39-ac2a-e48debad48df: start FollowerState
2019-10-15 16:12:31,046 [Thread-3111] INFO  impl.FollowerState (FollowerState.java:run(108)) - 25d6372c-77fd-4a39-ac2a-e48debad48df@group-B2671EB745D2-FollowerState: change to CANDIDATE, lastRpcTime:167ms, electionTimeout:167ms
2019-10-15 16:12:31,046 [Thread-3111] INFO  impl.RoleInfo (RoleInfo.java:shutdownFollowerState(121)) - 25d6372c-77fd-4a39-ac2a-e48debad48df: shutdown FollowerState
2019-10-15 16:12:31,046 [Thread-3111] INFO  impl.RaftServerImpl (RaftServerImpl.java:setRole(184)) - 25d6372c-77fd-4a39-ac2a-e48debad48df@group-B2671EB745D2: changes role from  FOLLOWER to CANDIDATE at term 470 for changeToCandidate
2019-10-15 16:12:31,046 [Thread-3111] INFO  impl.RoleInfo (RoleInfo.java:updateAndGet(143)) - 25d6372c-77fd-4a39-ac2a-e48debad48df: start LeaderElection
2019-10-15 16:12:31,052 [25d6372c-77fd-4a39-ac2a-e48debad48df@group-B2671EB745D2-LeaderElection438] INFO  impl.LeaderElection (LeaderElection.java:askForVotes(178)) - 25d6372c-77fd-4a39-ac2a-e48debad48df@group-B2671EB745D2-LeaderElection438: begin an election at term 471 for -1: [50423279-f647-4a18-8e85-347d68eaf856:192.168.69.88:39583, 2ec85f63-33fb-4317-9145-71357d145af9:192.168.69.88:42357, 25d6372c-77fd-4a39-ac2a-e48debad48df:192.168.69.88:39591], old=null
2019-10-15 16:12:31,053 [grpc-default-executor-5] INFO  impl.RaftServerImpl (RaftServerImpl.java:setRole(184)) - 2ec85f63-33fb-4317-9145-71357d145af9@group-B2671EB745D2: changes role from  FOLLOWER to FOLLOWER at term 471 for recognizeCandidate:25d6372c-77fd-4a39-ac2a-e48debad48df
2019-10-15 16:12:31,053 [grpc-default-executor-0] INFO  impl.RaftServerImpl (RaftServerImpl.java:setRole(184)) - 50423279-f647-4a18-8e85-347d68eaf856@group-B2671EB745D2: changes role from  FOLLOWER to FOLLOWER at term 471 for recognizeCandidate:25d6372c-77fd-4a39-ac2a-e48debad48df
2019-10-15 16:12:31,054 [grpc-default-executor-5] INFO  impl.RoleInfo (RoleInfo.java:shutdownFollowerState(121)) - 2ec85f63-33fb-4317-9145-71357d145af9: shutdown FollowerState
2019-10-15 16:12:31,054 [grpc-default-executor-0] INFO  impl.RoleInfo (RoleInfo.java:shutdownFollowerState(121)) - 50423279-f647-4a18-8e85-347d68eaf856: shutdown FollowerState
2019-10-15 16:12:31,054 [Thread-3110] INFO  impl.FollowerState (FollowerState.java:run(117)) - 2ec85f63-33fb-4317-9145-71357d145af9@group-B2671EB745D2-FollowerState was interrupted: java.lang.InterruptedException: sleep interrupted
2019-10-15 16:12:31,054 [grpc-default-executor-5] INFO  impl.RoleInfo (RoleInfo.java:updateAndGet(143)) - 2ec85f63-33fb-4317-9145-71357d145af9: start FollowerState
2019-10-15 16:12:31,054 [Thread-3109] INFO  impl.FollowerState (FollowerState.java:run(117)) - 50423279-f647-4a18-8e85-347d68eaf856@group-B2671EB745D2-FollowerState was interrupted: java.lang.InterruptedException: sleep interrupted
2019-10-15 16:12:31,054 [grpc-default-executor-0] INFO  impl.RoleInfo (RoleInfo.java:updateAndGet(143)) - 50423279-f647-4a18-8e85-347d68eaf856: start FollowerState
2019-10-15 16:12:31,061 [25d6372c-77fd-4a39-ac2a-e48debad48df@group-B2671EB745D2-LeaderElection438] INFO  impl.LeaderElection (LeaderElection.java:logAndReturn(56)) - 25d6372c-77fd-4a39-ac2a-e48debad48df@group-B2671EB745D2-LeaderElection438: Election REJECTED; received 2 response(s) [25d6372c-77fd-4a39-ac2a-e48debad48df<-2ec85f63-33fb-4317-9145-71357d145af9#0:FAIL-t471, 25d6372c-77fd-4a39-ac2a-e48debad48df<-50423279-f647-4a18-8e85-347d68eaf856#0:FAIL-t471] and 0 exception(s); 25d6372c-77fd-4a39-ac2a-e48debad48df@group-B2671EB745D2:t471, leader=null, voted=25d6372c-77fd-4a39-ac2a-e48debad48df, raftlog=25d6372c-77fd-4a39-ac2a-e48debad48df@group-B2671EB745D2-SegmentedRaftLog:OPENED:c-1,f-1,i0, conf=-1: [50423279-f647-4a18-8e85-347d68eaf856:192.168.69.88:39583, 2ec85f63-33fb-4317-9145-71357d145af9:192.168.69.88:42357, 25d6372c-77fd-4a39-ac2a-e48debad48df:192.168.69.88:39591], old=null
2019-10-15 16:12:31,061 [25d6372c-77fd-4a39-ac2a-e48debad48df@group-B2671EB745D2-LeaderElection438] INFO  impl.RaftServerImpl (RaftServerImpl.java:setRole(184)) - 25d6372c-77fd-4a39-ac2a-e48debad48df@group-B2671EB745D2: changes role from CANDIDATE to FOLLOWER at term 471 for DISCOVERED_A_NEW_TERM
2019-10-15 16:12:31,061 [25d6372c-77fd-4a39-ac2a-e48debad48df@group-B2671EB745D2-LeaderElection438] INFO  impl.RoleInfo (RoleInfo.java:shutdownLeaderElection(134)) - 25d6372c-77fd-4a39-ac2a-e48debad48df: shutdown LeaderElection
2019-10-15 16:12:31,061 [25d6372c-77fd-4a39-ac2a-e48debad48df@group-B2671EB745D2-LeaderElection438] INFO  impl.RoleInfo (RoleInfo.java:updateAndGet(143)) - 25d6372c-77fd-4a39-ac2a-e48debad48df: start FollowerState
2019-10-15 16:12:31,101 [Thread-3117] INFO  impl.FollowerState (FollowerState.java:run(108)) - 25d6372c-77fd-4a39-ac2a-e48debad48df@group-B2671EB745D2-FollowerState: change to CANDIDATE, lastRpcTime:39ms, electionTimeout:39ms
2019-10-15 16:12:31,101 [Thread-3117] INFO  impl.RoleInfo (RoleInfo.java:shutdownFollowerState(121)) - 25d6372c-77fd-4a39-ac2a-e48debad48df: shutdown FollowerState
2019-10-15 16:12:31,101 [Thread-3117] INFO  impl.RaftServerImpl (RaftServerImpl.java:setRole(184)) - 25d6372c-77fd-4a39-ac2a-e48debad48df@group-B2671EB745D2: changes role from  FOLLOWER to CANDIDATE at term 471 for changeToCandidate
2019-10-15 16:12:31,101 [Thread-3117] INFO  impl.RoleInfo (RoleInfo.java:updateAndGet(143)) - 25d6372c-77fd-4a39-ac2a-e48debad48df: start LeaderElection
2019-10-15 16:12:31,104 [25d6372c-77fd-4a39-ac2a-e48debad48df@group-B2671EB745D2-LeaderElection439] INFO  impl.LeaderElection (LeaderElection.java:askForVotes(178)) - 25d6372c-77fd-4a39-ac2a-e48debad48df@group-B2671EB745D2-LeaderElection439: begin an election at term 472 for -1: [50423279-f647-4a18-8e85-347d68eaf856:192.168.69.88:39583, 2ec85f63-33fb-4317-9145-71357d145af9:192.168.69.88:42357, 25d6372c-77fd-4a39-ac2a-e48debad48df:192.168.69.88:39591], old=null
2019-10-15 16:12:31,106 [grpc-default-executor-0] INFO  impl.RaftServerImpl (RaftServerImpl.java:setRole(184)) - 50423279-f647-4a18-8e85-347d68eaf856@group-B2671EB745D2: changes role from  FOLLOWER to FOLLOWER at term 472 for recognizeCandidate:25d6372c-77fd-4a39-ac2a-e48debad48df
2019-10-15 16:12:31,106 [grpc-default-executor-0] INFO  impl.RoleInfo (RoleInfo.java:shutdownFollowerState(121)) - 50423279-f647-4a18-8e85-347d68eaf856: shutdown FollowerState
2019-10-15 16:12:31,106 [grpc-default-executor-5] INFO  impl.RaftServerImpl (RaftServerImpl.java:setRole(184)) - 2ec85f63-33fb-4317-9145-71357d145af9@group-B2671EB745D2: changes role from  FOLLOWER to FOLLOWER at term 472 for recognizeCandidate:25d6372c-77fd-4a39-ac2a-e48debad48df
2019-10-15 16:12:31,106 [grpc-default-executor-5] INFO  impl.RoleInfo (RoleInfo.java:shutdownFollowerState(121)) - 2ec85f63-33fb-4317-9145-71357d145af9: shutdown FollowerState
2019-10-15 16:12:31,106 [Thread-3116] INFO  impl.FollowerState (FollowerState.java:run(117)) - 50423279-f647-4a18-8e85-347d68eaf856@group-B2671EB745D2-FollowerState was interrupted: java.lang.InterruptedException: sleep interrupted
2019-10-15 16:12:31,106 [grpc-default-executor-0] INFO  impl.RoleInfo (RoleInfo.java:updateAndGet(143)) - 50423279-f647-4a18-8e85-347d68eaf856: start FollowerState
2019-10-15 16:12:31,107 [grpc-default-executor-5] INFO  impl.RoleInfo (RoleInfo.java:updateAndGet(143)) - 2ec85f63-33fb-4317-9145-71357d145af9: start FollowerState
2019-10-15 16:12:31,107 [Thread-3115] INFO  impl.FollowerState (FollowerState.java:run(117)) - 2ec85f63-33fb-4317-9145-71357d145af9@group-B2671EB745D2-FollowerState was interrupted: java.lang.InterruptedException: sleep interrupted
2019-10-15 16:12:31,111 [25d6372c-77fd-4a39-ac2a-e48debad48df@group-B2671EB745D2-LeaderElection439] INFO  impl.LeaderElection (LeaderElection.java:logAndReturn(56)) - 25d6372c-77fd-4a39-ac2a-e48debad48df@group-B2671EB745D2-LeaderElection439: Election REJECTED; received 2 response(s) [25d6372c-77fd-4a39-ac2a-e48debad48df<-50423279-f647-4a18-8e85-347d68eaf856#0:FAIL-t472, 25d6372c-77fd-4a39-ac2a-e48debad48df<-2ec85f63-33fb-4317-9145-71357d145af9#0:FAIL-t472] and 0 exception(s); 25d6372c-77fd-4a39-ac2a-e48debad48df@group-B2671EB745D2:t472, leader=null, voted=25d6372c-77fd-4a39-ac2a-e48debad48df, raftlog=25d6372c-77fd-4a39-ac2a-e48debad48df@group-B2671EB745D2-SegmentedRaftLog:OPENED:c-1,f-1,i0, conf=-1: [50423279-f647-4a18-8e85-347d68eaf856:192.168.69.88:39583, 2ec85f63-33fb-4317-9145-71357d145af9:192.168.69.88:42357, 25d6372c-77fd-4a39-ac2a-e48debad48df:192.168.69.88:39591], old=null
2019-10-15 16:12:31,112 [25d6372c-77fd-4a39-ac2a-e48debad48df@group-B2671EB745D2-LeaderElection439] INFO  impl.RaftServerImpl (RaftServerImpl.java:setRole(184)) - 25d6372c-77fd-4a39-ac2a-e48debad48df@group-B2671EB745D2: changes role from CANDIDATE to FOLLOWER at term 472 for DISCOVERED_A_NEW_TERM
2019-10-15 16:12:31,112 [25d6372c-77fd-4a39-ac2a-e48debad48df@group-B2671EB745D2-LeaderElection439] INFO  impl.RoleInfo (RoleInfo.java:shutdownLeaderElection(134)) - 25d6372c-77fd-4a39-ac2a-e48debad48df: shutdown LeaderElection
2019-10-15 16:12:31,112 [25d6372c-77fd-4a39-ac2a-e48debad48df@group-B2671EB745D2-LeaderElection439] INFO  impl.RoleInfo (RoleInfo.java:updateAndGet(143)) - 25d6372c-77fd-4a39-ac2a-e48debad48df: start FollowerState
2019-10-15 16:12:31,186 [Thread-3123] INFO  impl.FollowerState (FollowerState.java:run(108)) - 25d6372c-77fd-4a39-ac2a-e48debad48df@group-B2671EB745D2-FollowerState: change to CANDIDATE, lastRpcTime:74ms, electionTimeout:74ms
2019-10-15 16:12:31,186 [Thread-3123] INFO  impl.RoleInfo (RoleInfo.java:shutdownFollowerState(121)) - 25d6372c-77fd-4a39-ac2a-e48debad48df: shutdown FollowerState
2019-10-15 16:12:31,186 [Thread-3123] INFO  impl.RaftServerImpl (RaftServerImpl.java:setRole(184)) - 25d6372c-77fd-4a39-ac2a-e48debad48df@group-B2671EB745D2: changes role from  FOLLOWER to CANDIDATE at term 472 for changeToCandidate
2019-10-15 16:12:31,186 [Thread-3123] INFO  impl.RoleInfo (RoleInfo.java:updateAndGet(143)) - 25d6372c-77fd-4a39-ac2a-e48debad48df: start LeaderElection
2019-10-15 16:12:31,199 [25d6372c-77fd-4a39-ac2a-e48debad48df@group-B2671EB745D2-LeaderElection440] INFO  impl.LeaderElection (LeaderElection.java:askForVotes(178)) - 25d6372c-77fd-4a39-ac2a-e48debad48df@group-B2671EB745D2-LeaderElection440: begin an election at term 473 for -1: [50423279-f647-4a18-8e85-347d68eaf856:192.168.69.88:39583, 2ec85f63-33fb-4317-9145-71357d145af9:192.168.69.88:42357, 25d6372c-77fd-4a39-ac2a-e48debad48df:192.168.69.88:39591], old=null
2019-10-15 16:12:31,201 [grpc-default-executor-5] INFO  impl.RaftServerImpl (RaftServerImpl.java:setRole(184)) - 50423279-f647-4a18-8e85-347d68eaf856@group-B2671EB745D2: changes role from  FOLLOWER to FOLLOWER at term 473 for recognizeCandidate:25d6372c-77fd-4a39-ac2a-e48debad48df
2019-10-15 16:12:31,201 [grpc-default-executor-5] INFO  impl.RoleInfo (RoleInfo.java:shutdownFollowerState(121)) - 50423279-f647-4a18-8e85-347d68eaf856: shutdown FollowerState
2019-10-15 16:12:31,201 [grpc-default-executor-0] INFO  impl.RaftServerImpl (RaftServerImpl.java:setRole(184)) - 2ec85f63-33fb-4317-9145-71357d145af9@group-B2671EB745D2: changes role from  FOLLOWER to FOLLOWER at term 473 for recognizeCandidate:25d6372c-77fd-4a39-ac2a-e48debad48df
2019-10-15 16:12:31,201 [Thread-3121] INFO  impl.FollowerState (FollowerState.java:run(117)) - 50423279-f647-4a18-8e85-347d68eaf856@group-B2671EB745D2-FollowerState was interrupted: java.lang.InterruptedException: sleep interrupted
2019-10-15 16:12:31,201 [grpc-default-executor-5] INFO  impl.RoleInfo (RoleInfo.java:updateAndGet(143)) - 50423279-f647-4a18-8e85-347d68eaf856: start FollowerState
2019-10-15 16:12:31,201 [grpc-default-executor-0] INFO  impl.RoleInfo (RoleInfo.java:shutdownFollowerState(121)) - 2ec85f63-33fb-4317-9145-71357d145af9: shutdown FollowerState
2019-10-15 16:12:31,201 [grpc-default-executor-0] INFO  impl.RoleInfo (RoleInfo.java:updateAndGet(143)) - 2ec85f63-33fb-4317-9145-71357d145af9: start FollowerState
2019-10-15 16:12:31,201 [Thread-3122] INFO  impl.FollowerState (FollowerState.java:run(117)) - 2ec85f63-33fb-4317-9145-71357d145af9@group-B2671EB745D2-FollowerState was interrupted: java.lang.InterruptedException: sleep interrupted
2019-10-15 16:12:31,205 [25d6372c-77fd-4a39-ac2a-e48debad48df@group-B2671EB745D2-LeaderElection440] INFO  impl.LeaderElection (LeaderElection.java:logAndReturn(56)) - 25d6372c-77fd-4a39-ac2a-e48debad48df@group-B2671EB745D2-LeaderElection440: Election REJECTED; received 2 response(s) [25d6372c-77fd-4a39-ac2a-e48debad48df<-2ec85f63-33fb-4317-9145-71357d145af9#0:FAIL-t473, 25d6372c-77fd-4a39-ac2a-e48debad48df<-50423279-f647-4a18-8e85-347d68eaf856#0:FAIL-t473] and 0 exception(s); 25d6372c-77fd-4a39-ac2a-e48debad48df@group-B2671EB745D2:t473, leader=null, voted=25d6372c-77fd-4a39-ac2a-e48debad48df, raftlog=25d6372c-77fd-4a39-ac2a-e48debad48df@group-B2671EB745D2-SegmentedRaftLog:OPENED:c-1,f-1,i0, conf=-1: [50423279-f647-4a18-8e85-347d68eaf856:192.168.69.88:39583, 2ec85f63-33fb-4317-9145-71357d145af9:192.168.69.88:42357, 25d6372c-77fd-4a39-ac2a-e48debad48df:192.168.69.88:39591], old=null
2019-10-15 16:12:31,205 [25d6372c-77fd-4a39-ac2a-e48debad48df@group-B2671EB745D2-LeaderElection440] INFO  impl.RaftServerImpl (RaftServerImpl.java:setRole(184)) - 25d6372c-77fd-4a39-ac2a-e48debad48df@group-B2671EB745D2: changes role from CANDIDATE to FOLLOWER at term 473 for DISCOVERED_A_NEW_TERM
2019-10-15 16:12:31,205 [25d6372c-77fd-4a39-ac2a-e48debad48df@group-B2671EB745D2-LeaderElection440] INFO  impl.RoleInfo (RoleInfo.java:shutdownLeaderElection(134)) - 25d6372c-77fd-4a39-ac2a-e48debad48df: shutdown LeaderElection
2019-10-15 16:12:31,205 [25d6372c-77fd-4a39-ac2a-e48debad48df@group-B2671EB745D2-LeaderElection440] INFO  impl.RoleInfo (RoleInfo.java:updateAndGet(143)) - 25d6372c-77fd-4a39-ac2a-e48debad48df: start FollowerState
2019-10-15 16:12:31,217 [Thread-3129] INFO  impl.FollowerState (FollowerState.java:run(108)) - 25d6372c-77fd-4a39-ac2a-e48debad48df@group-B2671EB745D2-FollowerState: change to CANDIDATE, lastRpcTime:11ms, electionTimeout:11ms
2019-10-15 16:12:31,217 [Thread-3129] INFO  impl.RoleInfo (RoleInfo.java:shutdownFollowerState(121)) - 25d6372c-77fd-4a39-ac2a-e48debad48df: shutdown FollowerState
2019-10-15 16:12:31,217 [Thread-3129] INFO  impl.RaftServerImpl (RaftServerImpl.java:setRole(184)) - 25d6372c-77fd-4a39-ac2a-e48debad48df@group-B2671EB745D2: changes role from  FOLLOWER to CANDIDATE at term 473 for changeToCandidate
2019-10-15 16:12:31,217 [Thread-3129] INFO  impl.RoleInfo (RoleInfo.java:updateAndGet(143)) - 25d6372c-77fd-4a39-ac2a-e48debad48df: start LeaderElection
2019-10-15 16:12:31,221 [25d6372c-77fd-4a39-ac2a-e48debad48df@group-B2671EB745D2-LeaderElection441] INFO  impl.LeaderElection (LeaderElection.java:askForVotes(178)) - 25d6372c-77fd-4a39-ac2a-e48debad48df@group-B2671EB745D2-LeaderElection441: begin an election at term 474 for -1: [50423279-f647-4a18-8e85-347d68eaf856:192.168.69.88:39583, 2ec85f63-33fb-4317-9145-71357d145af9:192.168.69.88:42357, 25d6372c-77fd-4a39-ac2a-e48debad48df:192.168.69.88:39591], old=null
2019-10-15 16:12:31,222 [grpc-default-executor-0] INFO  impl.RaftServerImpl (RaftServerImpl.java:setRole(184)) - 50423279-f647-4a18-8e85-347d68eaf856@group-B2671EB745D2: changes role from  FOLLOWER to FOLLOWER at term 474 for recognizeCandidate:25d6372c-77fd-4a39-ac2a-e48debad48df
2019-10-15 16:12:31,222 [grpc-default-executor-0] INFO  impl.RoleInfo (RoleInfo.java:shutdownFollowerState(121)) - 50423279-f647-4a18-8e85-347d68eaf856: shutdown FollowerState
2019-10-15 16:12:31,222 [grpc-default-executor-0] INFO  impl.RoleInfo (RoleInfo.java:updateAndGet(143)) - 50423279-f647-4a18-8e85-347d68eaf856: start FollowerState
2019-10-15 16:12:31,222 [Thread-3127] INFO  impl.FollowerState (FollowerState.java:run(117)) - 50423279-f647-4a18-8e85-347d68eaf856@group-B2671EB745D2-FollowerState was interrupted: java.lang.InterruptedException: sleep interrupted
2019-10-15 16:12:31,222 [grpc-default-executor-5] INFO  impl.RaftServerImpl (RaftServerImpl.java:setRole(184)) - 2ec85f63-33fb-4317-9145-71357d145af9@group-B2671EB745D2: changes role from  FOLLOWER to FOLLOWER at term 474 for recognizeCandidate:25d6372c-77fd-4a39-ac2a-e48debad48df
2019-10-15 16:12:31,222 [grpc-default-executor-5] INFO  impl.RoleInfo (RoleInfo.java:shutdownFollowerState(121)) - 2ec85f63-33fb-4317-9145-71357d145af9: shutdown FollowerState
2019-10-15 16:12:31,222 [grpc-default-executor-5] INFO  impl.RoleInfo (RoleInfo.java:updateAndGet(143)) - 2ec85f63-33fb-4317-9145-71357d145af9: start FollowerState
2019-10-15 16:12:31,222 [Thread-3128] INFO  impl.FollowerState (FollowerState.java:run(117)) - 2ec85f63-33fb-4317-9145-71357d145af9@group-B2671EB745D2-FollowerState was interrupted: java.lang.InterruptedException: sleep interrupted
2019-10-15 16:12:31,228 [25d6372c-77fd-4a39-ac2a-e48debad48df@group-B2671EB745D2-LeaderElection441] INFO  impl.LeaderElection (LeaderElection.java:logAndReturn(56)) - 25d6372c-77fd-4a39-ac2a-e48debad48df@group-B2671EB745D2-LeaderElection441: Election REJECTED; received 2 response(s) [25d6372c-77fd-4a39-ac2a-e48debad48df<-50423279-f647-4a18-8e85-347d68eaf856#0:FAIL-t474, 25d6372c-77fd-4a39-ac2a-e48debad48df<-2ec85f63-33fb-4317-9145-71357d145af9#0:FAIL-t474] and 0 exception(s); 25d6372c-77fd-4a39-ac2a-e48debad48df@group-B2671EB745D2:t474, leader=null, voted=25d6372c-77fd-4a39-ac2a-e48debad48df, raftlog=25d6372c-77fd-4a39-ac2a-e48debad48df@group-B2671EB745D2-SegmentedRaftLog:OPENED:c-1,f-1,i0, conf=-1: [50423279-f647-4a18-8e85-347d68eaf856:192.168.69.88:39583, 2ec85f63-33fb-4317-9145-71357d145af9:192.168.69.88:42357, 25d6372c-77fd-4a39-ac2a-e48debad48df:192.168.69.88:39591], old=null
2019-10-15 16:12:31,228 [25d6372c-77fd-4a39-ac2a-e48debad48df@group-B2671EB745D2-LeaderElection441] INFO  impl.RaftServerImpl (RaftServerImpl.java:setRole(184)) - 25d6372c-77fd-4a39-ac2a-e48debad48df@group-B2671EB745D2: changes role from CANDIDATE to FOLLOWER at term 474 for DISCOVERED_A_NEW_TERM
2019-10-15 16:12:31,229 [25d6372c-77fd-4a39-ac2a-e48debad48df@group-B2671EB745D2-LeaderElection441] INFO  impl.RoleInfo (RoleInfo.java:shutdownLeaderElection(134)) - 25d6372c-77fd-4a39-ac2a-e48debad48df: shutdown LeaderElection
2019-10-15 16:12:31,229 [25d6372c-77fd-4a39-ac2a-e48debad48df@group-B2671EB745D2-LeaderElection441] INFO  impl.RoleInfo (RoleInfo.java:updateAndGet(143)) - 25d6372c-77fd-4a39-ac2a-e48debad48df: start FollowerState
2019-10-15 16:12:31,324 [Thread-3135] INFO  impl.FollowerState (FollowerState.java:run(108)) - 25d6372c-77fd-4a39-ac2a-e48debad48df@group-B2671EB745D2-FollowerState: change to CANDIDATE, lastRpcTime:95ms, electionTimeout:95ms
2019-10-15 16:12:31,324 [Thread-3135] INFO  impl.RoleInfo (RoleInfo.java:shutdownFollowerState(121)) - 25d6372c-77fd-4a39-ac2a-e48debad48df: shutdown FollowerState
2019-10-15 16:12:31,324 [Thread-3135] INFO  impl.RaftServerImpl (RaftServerImpl.java:setRole(184)) - 25d6372c-77fd-4a39-ac2a-e48debad48df@group-B2671EB745D2: changes role from  FOLLOWER to CANDIDATE at term 474 for changeToCandidate
2019-10-15 16:12:31,324 [Thread-3135] INFO  impl.RoleInfo (RoleInfo.java:updateAndGet(143)) - 25d6372c-77fd-4a39-ac2a-e48debad48df: start LeaderElection
2019-10-15 16:12:31,344 [25d6372c-77fd-4a39-ac2a-e48debad48df@group-B2671EB745D2-LeaderElection442] INFO  impl.LeaderElection (LeaderElection.java:askForVotes(178)) - 25d6372c-77fd-4a39-ac2a-e48debad48df@group-B2671EB745D2-LeaderElection442: begin an election at term 475 for -1: [50423279-f647-4a18-8e85-347d68eaf856:192.168.69.88:39583, 2ec85f63-33fb-4317-9145-71357d145af9:192.168.69.88:42357, 25d6372c-77fd-4a39-ac2a-e48debad48df:192.168.69.88:39591], old=null
2019-10-15 16:12:31,346 [grpc-default-executor-0] INFO  impl.RaftServerImpl (RaftServerImpl.java:setRole(184)) - 2ec85f63-33fb-4317-9145-71357d145af9@group-B2671EB745D2: changes role from  FOLLOWER to FOLLOWER at term 475 for recognizeCandidate:25d6372c-77fd-4a39-ac2a-e48debad48df
2019-10-15 16:12:31,346 [grpc-default-executor-0] INFO  impl.RoleInfo (RoleInfo.java:shutdownFollowerState(121)) - 2ec85f63-33fb-4317-9145-71357d145af9: shutdown FollowerState
2019-10-15 16:12:31,346 [grpc-default-executor-5] INFO  impl.RaftServerImpl (RaftServerImpl.java:setRole(184)) - 50423279-f647-4a18-8e85-347d68eaf856@group-B2671EB745D2: changes role from  FOLLOWER to FOLLOWER at term 475 for recognizeCandidate:25d6372c-77fd-4a39-ac2a-e48debad48df
2019-10-15 16:12:31,347 [Thread-3134] INFO  impl.FollowerState (FollowerState.java:run(117)) - 2ec85f63-33fb-4317-9145-71357d145af9@group-B2671EB745D2-FollowerState was interrupted: java.lang.InterruptedException: sleep interrupted
2019-10-15 16:12:31,347 [grpc-default-executor-0] INFO  impl.RoleInfo (RoleInfo.java:updateAndGet(143)) - 2ec85f63-33fb-4317-9145-71357d145af9: start FollowerState
2019-10-15 16:12:31,347 [grpc-default-executor-5] INFO  impl.RoleInfo (RoleInfo.java:shutdownFollowerState(121)) - 50423279-f647-4a18-8e85-347d68eaf856: shutdown FollowerState
2019-10-15 16:12:31,347 [grpc-default-executor-5] INFO  impl.RoleInfo (RoleInfo.java:updateAndGet(143)) - 50423279-f647-4a18-8e85-347d68eaf856: start FollowerState
2019-10-15 16:12:31,347 [Thread-3133] INFO  impl.FollowerState (FollowerState.java:run(117)) - 50423279-f647-4a18-8e85-347d68eaf856@group-B2671EB745D2-FollowerState was interrupted: java.lang.InterruptedException: sleep interrupted
2019-10-15 16:12:31,361 [25d6372c-77fd-4a39-ac2a-e48debad48df@group-B2671EB745D2-LeaderElection442] INFO  impl.LeaderElection (LeaderElection.java:logAndReturn(56)) - 25d6372c-77fd-4a39-ac2a-e48debad48df@group-B2671EB745D2-LeaderElection442: Election REJECTED; received 2 response(s) [25d6372c-77fd-4a39-ac2a-e48debad48df<-50423279-f647-4a18-8e85-347d68eaf856#0:FAIL-t475, 25d6372c-77fd-4a39-ac2a-e48debad48df<-2ec85f63-33fb-4317-9145-71357d145af9#0:FAIL-t475] and 0 exception(s); 25d6372c-77fd-4a39-ac2a-e48debad48df@group-B2671EB745D2:t475, leader=null, voted=25d6372c-77fd-4a39-ac2a-e48debad48df, raftlog=25d6372c-77fd-4a39-ac2a-e48debad48df@group-B2671EB745D2-SegmentedRaftLog:OPENED:c-1,f-1,i0, conf=-1: [50423279-f647-4a18-8e85-347d68eaf856:192.168.69.88:39583, 2ec85f63-33fb-4317-9145-71357d145af9:192.168.69.88:42357, 25d6372c-77fd-4a39-ac2a-e48debad48df:192.168.69.88:39591], old=null
2019-10-15 16:12:31,361 [25d6372c-77fd-4a39-ac2a-e48debad48df@group-B2671EB745D2-LeaderElection442] INFO  impl.RaftServerImpl (RaftServerImpl.java:setRole(184)) - 25d6372c-77fd-4a39-ac2a-e48debad48df@group-B2671EB745D2: changes role from CANDIDATE to FOLLOWER at term 475 for DISCOVERED_A_NEW_TERM
2019-10-15 16:12:31,361 [25d6372c-77fd-4a39-ac2a-e48debad48df@group-B2671EB745D2-LeaderElection442] INFO  impl.RoleInfo (RoleInfo.java:shutdownLeaderElection(134)) - 25d6372c-77fd-4a39-ac2a-e48debad48df: shutdown LeaderElection
2019-10-15 16:12:31,361 [25d6372c-77fd-4a39-ac2a-e48debad48df@group-B2671EB745D2-LeaderElection442] INFO  impl.RoleInfo (RoleInfo.java:updateAndGet(143)) - 25d6372c-77fd-4a39-ac2a-e48debad48df: start FollowerState
2019-10-15 16:12:31,486 [Thread-3141] INFO  impl.FollowerState (FollowerState.java:run(108)) - 25d6372c-77fd-4a39-ac2a-e48debad48df@group-B2671EB745D2-FollowerState: change to CANDIDATE, lastRpcTime:124ms, electionTimeout:124ms
2019-10-15 16:12:31,486 [Thread-3141] INFO  impl.RoleInfo (RoleInfo.java:shutdownFollowerState(121)) - 25d6372c-77fd-4a39-ac2a-e48debad48df: shutdown FollowerState
2019-10-15 16:12:31,486 [Thread-3141] INFO  impl.RaftServerImpl (RaftServerImpl.java:setRole(184)) - 25d6372c-77fd-4a39-ac2a-e48debad48df@group-B2671EB745D2: changes role from  FOLLOWER to CANDIDATE at term 475 for changeToCandidate
2019-10-15 16:12:31,486 [Thread-3141] INFO  impl.RoleInfo (RoleInfo.java:updateAndGet(143)) - 25d6372c-77fd-4a39-ac2a-e48debad48df: start LeaderElection
2019-10-15 16:12:31,500 [25d6372c-77fd-4a39-ac2a-e48debad48df@group-B2671EB745D2-LeaderElection443] INFO  impl.LeaderElection (LeaderElection.java:askForVotes(178)) - 25d6372c-77fd-4a39-ac2a-e48debad48df@group-B2671EB745D2-LeaderElection443: begin an election at term 476 for -1: [50423279-f647-4a18-8e85-347d68eaf856:192.168.69.88:39583, 2ec85f63-33fb-4317-9145-71357d145af9:192.168.69.88:42357, 25d6372c-77fd-4a39-ac2a-e48debad48df:192.168.69.88:39591], old=null
2019-10-15 16:12:31,504 [grpc-default-executor-0] INFO  impl.RaftServerImpl (RaftServerImpl.java:setRole(184)) - 50423279-f647-4a18-8e85-347d68eaf856@group-B2671EB745D2: changes role from  FOLLOWER to FOLLOWER at term 476 for recognizeCandidate:25d6372c-77fd-4a39-ac2a-e48debad48df
2019-10-15 16:12:31,504 [grpc-default-executor-5] INFO  impl.RaftServerImpl (RaftServerImpl.java:setRole(184)) - 2ec85f63-33fb-4317-9145-71357d145af9@group-B2671EB745D2: changes role from  FOLLOWER to FOLLOWER at term 476 for recognizeCandidate:25d6372c-77fd-4a39-ac2a-e48debad48df
2019-10-15 16:12:31,504 [grpc-default-executor-0] INFO  impl.RoleInfo (RoleInfo.java:shutdownFollowerState(121)) - 50423279-f647-4a18-8e85-347d68eaf856: shutdown FollowerState
2019-10-15 16:12:31,504 [grpc-default-executor-5] INFO  impl.RoleInfo (RoleInfo.java:shutdownFollowerState(121)) - 2ec85f63-33fb-4317-9145-71357d145af9: shutdown FollowerState
2019-10-15 16:12:31,504 [grpc-default-executor-0] INFO  impl.RoleInfo (RoleInfo.java:updateAndGet(143)) - 50423279-f647-4a18-8e85-347d68eaf856: start FollowerState
2019-10-15 16:12:31,504 [Thread-3139] INFO  impl.FollowerState (FollowerState.java:run(117)) - 2ec85f63-33fb-4317-9145-71357d145af9@group-B2671EB745D2-FollowerState was interrupted: java.lang.InterruptedException: sleep interrupted
2019-10-15 16:12:31,504 [grpc-default-executor-5] INFO  impl.RoleInfo (RoleInfo.java:updateAndGet(143)) - 2ec85f63-33fb-4317-9145-71357d145af9: start FollowerState
2019-10-15 16:12:31,504 [Thread-3140] INFO  impl.FollowerState (FollowerState.java:run(117)) - 50423279-f647-4a18-8e85-347d68eaf856@group-B2671EB745D2-FollowerState was interrupted: java.lang.InterruptedException: sleep interrupted
2019-10-15 16:12:31,523 [25d6372c-77fd-4a39-ac2a-e48debad48df@group-B2671EB745D2-LeaderElection443] INFO  impl.LeaderElection (LeaderElection.java:logAndReturn(56)) - 25d6372c-77fd-4a39-ac2a-e48debad48df@group-B2671EB745D2-LeaderElection443: Election REJECTED; received 2 response(s) [25d6372c-77fd-4a39-ac2a-e48debad48df<-50423279-f647-4a18-8e85-347d68eaf856#0:FAIL-t476, 25d6372c-77fd-4a39-ac2a-e48debad48df<-2ec85f63-33fb-4317-9145-71357d145af9#0:FAIL-t476] and 0 exception(s); 25d6372c-77fd-4a39-ac2a-e48debad48df@group-B2671EB745D2:t476, leader=null, voted=25d6372c-77fd-4a39-ac2a-e48debad48df, raftlog=25d6372c-77fd-4a39-ac2a-e48debad48df@group-B2671EB745D2-SegmentedRaftLog:OPENED:c-1,f-1,i0, conf=-1: [50423279-f647-4a18-8e85-347d68eaf856:192.168.69.88:39583, 2ec85f63-33fb-4317-9145-71357d145af9:192.168.69.88:42357, 25d6372c-77fd-4a39-ac2a-e48debad48df:192.168.69.88:39591], old=null
2019-10-15 16:12:31,523 [25d6372c-77fd-4a39-ac2a-e48debad48df@group-B2671EB745D2-LeaderElection443] INFO  impl.RaftServerImpl (RaftServerImpl.java:setRole(184)) - 25d6372c-77fd-4a39-ac2a-e48debad48df@group-B2671EB745D2: changes role from CANDIDATE to FOLLOWER at term 476 for DISCOVERED_A_NEW_TERM
2019-10-15 16:12:31,523 [25d6372c-77fd-4a39-ac2a-e48debad48df@group-B2671EB745D2-LeaderElection443] INFO  impl.RoleInfo (RoleInfo.java:shutdownLeaderElection(134)) - 25d6372c-77fd-4a39-ac2a-e48debad48df: shutdown LeaderElection
2019-10-15 16:12:31,523 [25d6372c-77fd-4a39-ac2a-e48debad48df@group-B2671EB745D2-LeaderElection443] INFO  impl.RoleInfo (RoleInfo.java:updateAndGet(143)) - 25d6372c-77fd-4a39-ac2a-e48debad48df: start FollowerState
2019-10-15 16:12:31,638 [Thread-3147] INFO  impl.FollowerState (FollowerState.java:run(108)) - 25d6372c-77fd-4a39-ac2a-e48debad48df@group-B2671EB745D2-FollowerState: change to CANDIDATE, lastRpcTime:114ms, electionTimeout:114ms
2019-10-15 16:12:31,638 [Thread-3147] INFO  impl.RoleInfo (RoleInfo.java:shutdownFollowerState(121)) - 25d6372c-77fd-4a39-ac2a-e48debad48df: shutdown FollowerState
2019-10-15 16:12:31,638 [Thread-3147] INFO  impl.RaftServerImpl (RaftServerImpl.java:setRole(184)) - 25d6372c-77fd-4a39-ac2a-e48debad48df@group-B2671EB745D2: changes role from  FOLLOWER to CANDIDATE at term 476 for changeToCandidate
2019-10-15 16:12:31,638 [Thread-3147] INFO  impl.RoleInfo (RoleInfo.java:updateAndGet(143)) - 25d6372c-77fd-4a39-ac2a-e48debad48df: start LeaderElection
2019-10-15 16:12:31,652 [25d6372c-77fd-4a39-ac2a-e48debad48df@group-B2671EB745D2-LeaderElection444] INFO  impl.LeaderElection (LeaderElection.java:askForVotes(178)) - 25d6372c-77fd-4a39-ac2a-e48debad48df@group-B2671EB745D2-LeaderElection444: begin an election at term 477 for -1: [50423279-f647-4a18-8e85-347d68eaf856:192.168.69.88:39583, 2ec85f63-33fb-4317-9145-71357d145af9:192.168.69.88:42357, 25d6372c-77fd-4a39-ac2a-e48debad48df:192.168.69.88:39591], old=null
2019-10-15 16:12:31,653 [grpc-default-executor-0] INFO  impl.RaftServerImpl (RaftServerImpl.java:setRole(184)) - 2ec85f63-33fb-4317-9145-71357d145af9@group-B2671EB745D2: changes role from  FOLLOWER to FOLLOWER at term 477 for recognizeCandidate:25d6372c-77fd-4a39-ac2a-e48debad48df
2019-10-15 16:12:31,653 [grpc-default-executor-5] INFO  impl.RaftServerImpl (RaftServerImpl.java:setRole(184)) - 50423279-f647-4a18-8e85-347d68eaf856@group-B2671EB745D2: changes role from  FOLLOWER to FOLLOWER at term 477 for recognizeCandidate:25d6372c-77fd-4a39-ac2a-e48debad48df
2019-10-15 16:12:31,653 [grpc-default-executor-0] INFO  impl.RoleInfo (RoleInfo.java:shutdownFollowerState(121)) - 2ec85f63-33fb-4317-9145-71357d145af9: shutdown FollowerState
2019-10-15 16:12:31,653 [grpc-default-executor-5] INFO  impl.RoleInfo (RoleInfo.java:shutdownFollowerState(121)) - 50423279-f647-4a18-8e85-347d68eaf856: shutdown FollowerState
2019-10-15 16:12:31,653 [Thread-3146] INFO  impl.FollowerState (FollowerState.java:run(117)) - 2ec85f63-33fb-4317-9145-71357d145af9@group-B2671EB745D2-FollowerState was interrupted: java.lang.InterruptedException: sleep interrupted
2019-10-15 16:12:31,653 [grpc-default-executor-0] INFO  impl.RoleInfo (RoleInfo.java:updateAndGet(143)) - 2ec85f63-33fb-4317-9145-71357d145af9: start FollowerState
2019-10-15 16:12:31,654 [Thread-3145] INFO  impl.FollowerState (FollowerState.java:run(117)) - 50423279-f647-4a18-8e85-347d68eaf856@group-B2671EB745D2-FollowerState was interrupted: java.lang.InterruptedException: sleep interrupted
2019-10-15 16:12:31,654 [grpc-default-executor-5] INFO  impl.RoleInfo (RoleInfo.java:updateAndGet(143)) - 50423279-f647-4a18-8e85-347d68eaf856: start FollowerState
2019-10-15 16:12:31,667 [25d6372c-77fd-4a39-ac2a-e48debad48df@group-B2671EB745D2-LeaderElection444] INFO  impl.LeaderElection (LeaderElection.java:logAndReturn(56)) - 25d6372c-77fd-4a39-ac2a-e48debad48df@group-B2671EB745D2-LeaderElection444: Election REJECTED; received 2 response(s) [25d6372c-77fd-4a39-ac2a-e48debad48df<-2ec85f63-33fb-4317-9145-71357d145af9#0:FAIL-t477, 25d6372c-77fd-4a39-ac2a-e48debad48df<-50423279-f647-4a18-8e85-347d68eaf856#0:FAIL-t477] and 0 exception(s); 25d6372c-77fd-4a39-ac2a-e48debad48df@group-B2671EB745D2:t477, leader=null, voted=25d6372c-77fd-4a39-ac2a-e48debad48df, raftlog=25d6372c-77fd-4a39-ac2a-e48debad48df@group-B2671EB745D2-SegmentedRaftLog:OPENED:c-1,f-1,i0, conf=-1: [50423279-f647-4a18-8e85-347d68eaf856:192.168.69.88:39583, 2ec85f63-33fb-4317-9145-71357d145af9:192.168.69.88:42357, 25d6372c-77fd-4a39-ac2a-e48debad48df:192.168.69.88:39591], old=null
2019-10-15 16:12:31,668 [25d6372c-77fd-4a39-ac2a-e48debad48df@group-B2671EB745D2-LeaderElection444] INFO  impl.RaftServerImpl (RaftServerImpl.java:setRole(184)) - 25d6372c-77fd-4a39-ac2a-e48debad48df@group-B2671EB745D2: changes role from CANDIDATE to FOLLOWER at term 477 for DISCOVERED_A_NEW_TERM
2019-10-15 16:12:31,668 [25d6372c-77fd-4a39-ac2a-e48debad48df@group-B2671EB745D2-LeaderElection444] INFO  impl.RoleInfo (RoleInfo.java:shutdownLeaderElection(134)) - 25d6372c-77fd-4a39-ac2a-e48debad48df: shutdown LeaderElection
2019-10-15 16:12:31,668 [25d6372c-77fd-4a39-ac2a-e48debad48df@group-B2671EB745D2-LeaderElection444] INFO  impl.RoleInfo (RoleInfo.java:updateAndGet(143)) - 25d6372c-77fd-4a39-ac2a-e48debad48df: start FollowerState
2019-10-15 16:12:31,835 [Thread-3153] INFO  impl.FollowerState (FollowerState.java:run(108)) - 25d6372c-77fd-4a39-ac2a-e48debad48df@group-B2671EB745D2-FollowerState: change to CANDIDATE, lastRpcTime:167ms, electionTimeout:167ms
2019-10-15 16:12:31,835 [Thread-3153] INFO  impl.RoleInfo (RoleInfo.java:shutdownFollowerState(121)) - 25d6372c-77fd-4a39-ac2a-e48debad48df: shutdown FollowerState
2019-10-15 16:12:31,835 [Thread-3153] INFO  impl.RaftServerImpl (RaftServerImpl.java:setRole(184)) - 25d6372c-77fd-4a39-ac2a-e48debad48df@group-B2671EB745D2: changes role from  FOLLOWER to CANDIDATE at term 477 for changeToCandidate
2019-10-15 16:12:31,836 [Thread-3153] INFO  impl.RoleInfo (RoleInfo.java:updateAndGet(143)) - 25d6372c-77fd-4a39-ac2a-e48debad48df: start LeaderElection
2019-10-15 16:12:31,849 [25d6372c-77fd-4a39-ac2a-e48debad48df@group-B2671EB745D2-LeaderElection445] INFO  impl.LeaderElection (LeaderElection.java:askForVotes(178)) - 25d6372c-77fd-4a39-ac2a-e48debad48df@group-B2671EB745D2-LeaderElection445: begin an election at term 478 for -1: [50423279-f647-4a18-8e85-347d68eaf856:192.168.69.88:39583, 2ec85f63-33fb-4317-9145-71357d145af9:192.168.69.88:42357, 25d6372c-77fd-4a39-ac2a-e48debad48df:192.168.69.88:39591], old=null
2019-10-15 16:12:31,851 [grpc-default-executor-5] INFO  impl.RaftServerImpl (RaftServerImpl.java:setRole(184)) - 50423279-f647-4a18-8e85-347d68eaf856@group-B2671EB745D2: changes role from  FOLLOWER to FOLLOWER at term 478 for recognizeCandidate:25d6372c-77fd-4a39-ac2a-e48debad48df
2019-10-15 16:12:31,851 [grpc-default-executor-5] INFO  impl.RoleInfo (RoleInfo.java:shutdownFollowerState(121)) - 50423279-f647-4a18-8e85-347d68eaf856: shutdown FollowerState
2019-10-15 16:12:31,851 [grpc-default-executor-5] INFO  impl.RoleInfo (RoleInfo.java:updateAndGet(143)) - 50423279-f647-4a18-8e85-347d68eaf856: start FollowerState
2019-10-15 16:12:31,851 [Thread-3152] INFO  impl.FollowerState (FollowerState.java:run(117)) - 50423279-f647-4a18-8e85-347d68eaf856@group-B2671EB745D2-FollowerState was interrupted: java.lang.InterruptedException: sleep interrupted
2019-10-15 16:12:31,851 [grpc-default-executor-0] INFO  impl.RaftServerImpl (RaftServerImpl.java:setRole(184)) - 2ec85f63-33fb-4317-9145-71357d145af9@group-B2671EB745D2: changes role from  FOLLOWER to FOLLOWER at term 478 for recognizeCandidate:25d6372c-77fd-4a39-ac2a-e48debad48df
2019-10-15 16:12:31,851 [grpc-default-executor-0] INFO  impl.RoleInfo (RoleInfo.java:shutdownFollowerState(121)) - 2ec85f63-33fb-4317-9145-71357d145af9: shutdown FollowerState
2019-10-15 16:12:31,851 [Thread-3151] INFO  impl.FollowerState (FollowerState.java:run(117)) - 2ec85f63-33fb-4317-9145-71357d145af9@group-B2671EB745D2-FollowerState was interrupted: java.lang.InterruptedException: sleep interrupted
2019-10-15 16:12:31,851 [grpc-default-executor-0] INFO  impl.RoleInfo (RoleInfo.java:updateAndGet(143)) - 2ec85f63-33fb-4317-9145-71357d145af9: start FollowerState
2019-10-15 16:12:31,865 [25d6372c-77fd-4a39-ac2a-e48debad48df@group-B2671EB745D2-LeaderElection445] INFO  impl.LeaderElection (LeaderElection.java:logAndReturn(56)) - 25d6372c-77fd-4a39-ac2a-e48debad48df@group-B2671EB745D2-LeaderElection445: Election REJECTED; received 2 response(s) [25d6372c-77fd-4a39-ac2a-e48debad48df<-2ec85f63-33fb-4317-9145-71357d145af9#0:FAIL-t478, 25d6372c-77fd-4a39-ac2a-e48debad48df<-50423279-f647-4a18-8e85-347d68eaf856#0:FAIL-t478] and 0 exception(s); 25d6372c-77fd-4a39-ac2a-e48debad48df@group-B2671EB745D2:t478, leader=null, voted=25d6372c-77fd-4a39-ac2a-e48debad48df, raftlog=25d6372c-77fd-4a39-ac2a-e48debad48df@group-B2671EB745D2-SegmentedRaftLog:OPENED:c-1,f-1,i0, conf=-1: [50423279-f647-4a18-8e85-347d68eaf856:192.168.69.88:39583, 2ec85f63-33fb-4317-9145-71357d145af9:192.168.69.88:42357, 25d6372c-77fd-4a39-ac2a-e48debad48df:192.168.69.88:39591], old=null
2019-10-15 16:12:31,865 [25d6372c-77fd-4a39-ac2a-e48debad48df@group-B2671EB745D2-LeaderElection445] INFO  impl.RaftServerImpl (RaftServerImpl.java:setRole(184)) - 25d6372c-77fd-4a39-ac2a-e48debad48df@group-B2671EB745D2: changes role from CANDIDATE to FOLLOWER at term 478 for DISCOVERED_A_NEW_TERM
2019-10-15 16:12:31,865 [25d6372c-77fd-4a39-ac2a-e48debad48df@group-B2671EB745D2-LeaderElection445] INFO  impl.RoleInfo (RoleInfo.java:shutdownLeaderElection(134)) - 25d6372c-77fd-4a39-ac2a-e48debad48df: shutdown LeaderElection
2019-10-15 16:12:31,865 [25d6372c-77fd-4a39-ac2a-e48debad48df@group-B2671EB745D2-LeaderElection445] INFO  impl.RoleInfo (RoleInfo.java:updateAndGet(143)) - 25d6372c-77fd-4a39-ac2a-e48debad48df: start FollowerState
2019-10-15 16:12:32,032 [Thread-3161] INFO  impl.FollowerState (FollowerState.java:run(108)) - 25d6372c-77fd-4a39-ac2a-e48debad48df@group-B2671EB745D2-FollowerState: change to CANDIDATE, lastRpcTime:167ms, electionTimeout:167ms
2019-10-15 16:12:32,032 [Thread-3161] INFO  impl.RoleInfo (RoleInfo.java:shutdownFollowerState(121)) - 25d6372c-77fd-4a39-ac2a-e48debad48df: shutdown FollowerState
2019-10-15 16:12:32,032 [Thread-3161] INFO  impl.RaftServerImpl (RaftServerImpl.java:setRole(184)) - 25d6372c-77fd-4a39-ac2a-e48debad48df@group-B2671EB745D2: changes role from  FOLLOWER to CANDIDATE at term 478 for changeToCandidate
2019-10-15 16:12:32,033 [Thread-3161] INFO  impl.RoleInfo (RoleInfo.java:updateAndGet(143)) - 25d6372c-77fd-4a39-ac2a-e48debad48df: start LeaderElection
2019-10-15 16:12:32,046 [25d6372c-77fd-4a39-ac2a-e48debad48df@group-B2671EB745D2-LeaderElection446] INFO  impl.LeaderElection (LeaderElection.java:askForVotes(178)) - 25d6372c-77fd-4a39-ac2a-e48debad48df@group-B2671EB745D2-LeaderElection446: begin an election at term 479 for -1: [50423279-f647-4a18-8e85-347d68eaf856:192.168.69.88:39583, 2ec85f63-33fb-4317-9145-71357d145af9:192.168.69.88:42357, 25d6372c-77fd-4a39-ac2a-e48debad48df:192.168.69.88:39591], old=null
2019-10-15 16:12:32,048 [grpc-default-executor-0] INFO  impl.RaftServerImpl (RaftServerImpl.java:setRole(184)) - 50423279-f647-4a18-8e85-347d68eaf856@group-B2671EB745D2: changes role from  FOLLOWER to FOLLOWER at term 479 for recognizeCandidate:25d6372c-77fd-4a39-ac2a-e48debad48df
2019-10-15 16:12:32,048 [grpc-default-executor-0] INFO  impl.RoleInfo (RoleInfo.java:shutdownFollowerState(121)) - 50423279-f647-4a18-8e85-347d68eaf856: shutdown FollowerState
2019-10-15 16:12:32,048 [grpc-default-executor-5] INFO  impl.RaftServerImpl (RaftServerImpl.java:setRole(184)) - 2ec85f63-33fb-4317-9145-71357d145af9@group-B2671EB745D2: changes role from  FOLLOWER to FOLLOWER at term 479 for recognizeCandidate:25d6372c-77fd-4a39-ac2a-e48debad48df
2019-10-15 16:12:32,048 [Thread-3159] INFO  impl.FollowerState (FollowerState.java:run(117)) - 50423279-f647-4a18-8e85-347d68eaf856@group-B2671EB745D2-FollowerState was interrupted: java.lang.InterruptedException: sleep interrupted
2019-10-15 16:12:32,048 [grpc-default-executor-0] INFO  impl.RoleInfo (RoleInfo.java:updateAndGet(143)) - 50423279-f647-4a18-8e85-347d68eaf856: start FollowerState
2019-10-15 16:12:32,048 [grpc-default-executor-5] INFO  impl.RoleInfo (RoleInfo.java:shutdownFollowerState(121)) - 2ec85f63-33fb-4317-9145-71357d145af9: shutdown FollowerState
2019-10-15 16:12:32,049 [grpc-default-executor-5] INFO  impl.RoleInfo (RoleInfo.java:updateAndGet(143)) - 2ec85f63-33fb-4317-9145-71357d145af9: start FollowerState
2019-10-15 16:12:32,049 [Thread-3160] INFO  impl.FollowerState (FollowerState.java:run(117)) - 2ec85f63-33fb-4317-9145-71357d145af9@group-B2671EB745D2-FollowerState was interrupted: java.lang.InterruptedException: sleep interrupted
2019-10-15 16:12:32,066 [25d6372c-77fd-4a39-ac2a-e48debad48df@group-B2671EB745D2-LeaderElection446] INFO  impl.LeaderElection (LeaderElection.java:logAndReturn(56)) - 25d6372c-77fd-4a39-ac2a-e48debad48df@group-B2671EB745D2-LeaderElection446: Election REJECTED; received 2 response(s) [25d6372c-77fd-4a39-ac2a-e48debad48df<-2ec85f63-33fb-4317-9145-71357d145af9#0:FAIL-t479, 25d6372c-77fd-4a39-ac2a-e48debad48df<-50423279-f647-4a18-8e85-347d68eaf856#0:FAIL-t479] and 0 exception(s); 25d6372c-77fd-4a39-ac2a-e48debad48df@group-B2671EB745D2:t479, leader=null, voted=25d6372c-77fd-4a39-ac2a-e48debad48df, raftlog=25d6372c-77fd-4a39-ac2a-e48debad48df@group-B2671EB745D2-SegmentedRaftLog:OPENED:c-1,f-1,i0, conf=-1: [50423279-f647-4a18-8e85-347d68eaf856:192.168.69.88:39583, 2ec85f63-33fb-4317-9145-71357d145af9:192.168.69.88:42357, 25d6372c-77fd-4a39-ac2a-e48debad48df:192.168.69.88:39591], old=null
2019-10-15 16:12:32,066 [25d6372c-77fd-4a39-ac2a-e48debad48df@group-B2671EB745D2-LeaderElection446] INFO  impl.RaftServerImpl (RaftServerImpl.java:setRole(184)) - 25d6372c-77fd-4a39-ac2a-e48debad48df@group-B2671EB745D2: changes role from CANDIDATE to FOLLOWER at term 479 for DISCOVERED_A_NEW_TERM
2019-10-15 16:12:32,066 [25d6372c-77fd-4a39-ac2a-e48debad48df@group-B2671EB745D2-LeaderElection446] INFO  impl.RoleInfo (RoleInfo.java:shutdownLeaderElection(134)) - 25d6372c-77fd-4a39-ac2a-e48debad48df: shutdown LeaderElection
2019-10-15 16:12:32,066 [25d6372c-77fd-4a39-ac2a-e48debad48df@group-B2671EB745D2-LeaderElection446] INFO  impl.RoleInfo (RoleInfo.java:updateAndGet(143)) - 25d6372c-77fd-4a39-ac2a-e48debad48df: start FollowerState
2019-10-15 16:12:32,116 [Thread-3167] INFO  impl.FollowerState (FollowerState.java:run(108)) - 25d6372c-77fd-4a39-ac2a-e48debad48df@group-B2671EB745D2-FollowerState: change to CANDIDATE, lastRpcTime:50ms, electionTimeout:50ms
2019-10-15 16:12:32,117 [Thread-3167] INFO  impl.RoleInfo (RoleInfo.java:shutdownFollowerState(121)) - 25d6372c-77fd-4a39-ac2a-e48debad48df: shutdown FollowerState
2019-10-15 16:12:32,117 [Thread-3167] INFO  impl.RaftServerImpl (RaftServerImpl.java:setRole(184)) - 25d6372c-77fd-4a39-ac2a-e48debad48df@group-B2671EB745D2: changes role from  FOLLOWER to CANDIDATE at term 479 for changeToCandidate
2019-10-15 16:12:32,117 [Thread-3167] INFO  impl.RoleInfo (RoleInfo.java:updateAndGet(143)) - 25d6372c-77fd-4a39-ac2a-e48debad48df: start LeaderElection
2019-10-15 16:12:32,130 [25d6372c-77fd-4a39-ac2a-e48debad48df@group-B2671EB745D2-LeaderElection447] INFO  impl.LeaderElection (LeaderElection.java:askForVotes(178)) - 25d6372c-77fd-4a39-ac2a-e48debad48df@group-B2671EB745D2-LeaderElection447: begin an election at term 480 for -1: [50423279-f647-4a18-8e85-347d68eaf856:192.168.69.88:39583, 2ec85f63-33fb-4317-9145-71357d145af9:192.168.69.88:42357, 25d6372c-77fd-4a39-ac2a-e48debad48df:192.168.69.88:39591], old=null
2019-10-15 16:12:32,132 [grpc-default-executor-0] INFO  impl.RaftServerImpl (RaftServerImpl.java:setRole(184)) - 50423279-f647-4a18-8e85-347d68eaf856@group-B2671EB745D2: changes role from  FOLLOWER to FOLLOWER at term 480 for recognizeCandidate:25d6372c-77fd-4a39-ac2a-e48debad48df
2019-10-15 16:12:32,132 [grpc-default-executor-0] INFO  impl.RoleInfo (RoleInfo.java:shutdownFollowerState(121)) - 50423279-f647-4a18-8e85-347d68eaf856: shutdown FollowerState
2019-10-15 16:12:32,132 [grpc-default-executor-5] INFO  impl.RaftServerImpl (RaftServerImpl.java:setRole(184)) - 2ec85f63-33fb-4317-9145-71357d145af9@group-B2671EB745D2: changes role from  FOLLOWER to FOLLOWER at term 480 for recognizeCandidate:25d6372c-77fd-4a39-ac2a-e48debad48df
2019-10-15 16:12:32,132 [grpc-default-executor-0] INFO  impl.RoleInfo (RoleInfo.java:updateAndGet(143)) - 50423279-f647-4a18-8e85-347d68eaf856: start FollowerState
2019-10-15 16:12:32,132 [Thread-3165] INFO  impl.FollowerState (FollowerState.java:run(117)) - 50423279-f647-4a18-8e85-347d68eaf856@group-B2671EB745D2-FollowerState was interrupted: java.lang.InterruptedException: sleep interrupted
2019-10-15 16:12:32,133 [grpc-default-executor-5] INFO  impl.RoleInfo (RoleInfo.java:shutdownFollowerState(121)) - 2ec85f63-33fb-4317-9145-71357d145af9: shutdown FollowerState
2019-10-15 16:12:32,133 [grpc-default-executor-5] INFO  impl.RoleInfo (RoleInfo.java:updateAndGet(143)) - 2ec85f63-33fb-4317-9145-71357d145af9: start FollowerState
2019-10-15 16:12:32,133 [Thread-3166] INFO  impl.FollowerState (FollowerState.java:run(117)) - 2ec85f63-33fb-4317-9145-71357d145af9@group-B2671EB745D2-FollowerState was interrupted: java.lang.InterruptedException: sleep interrupted
2019-10-15 16:12:32,147 [25d6372c-77fd-4a39-ac2a-e48debad48df@group-B2671EB745D2-LeaderElection447] INFO  impl.LeaderElection (LeaderElection.java:logAndReturn(56)) - 25d6372c-77fd-4a39-ac2a-e48debad48df@group-B2671EB745D2-LeaderElection447: Election REJECTED; received 2 response(s) [25d6372c-77fd-4a39-ac2a-e48debad48df<-50423279-f647-4a18-8e85-347d68eaf856#0:FAIL-t480, 25d6372c-77fd-4a39-ac2a-e48debad48df<-2ec85f63-33fb-4317-9145-71357d145af9#0:FAIL-t480] and 0 exception(s); 25d6372c-77fd-4a39-ac2a-e48debad48df@group-B2671EB745D2:t480, leader=null, voted=25d6372c-77fd-4a39-ac2a-e48debad48df, raftlog=25d6372c-77fd-4a39-ac2a-e48debad48df@group-B2671EB745D2-SegmentedRaftLog:OPENED:c-1,f-1,i0, conf=-1: [50423279-f647-4a18-8e85-347d68eaf856:192.168.69.88:39583, 2ec85f63-33fb-4317-9145-71357d145af9:192.168.69.88:42357, 25d6372c-77fd-4a39-ac2a-e48debad48df:192.168.69.88:39591], old=null
2019-10-15 16:12:32,147 [25d6372c-77fd-4a39-ac2a-e48debad48df@group-B2671EB745D2-LeaderElection447] INFO  impl.RaftServerImpl (RaftServerImpl.java:setRole(184)) - 25d6372c-77fd-4a39-ac2a-e48debad48df@group-B2671EB745D2: changes role from CANDIDATE to FOLLOWER at term 480 for DISCOVERED_A_NEW_TERM
2019-10-15 16:12:32,147 [25d6372c-77fd-4a39-ac2a-e48debad48df@group-B2671EB745D2-LeaderElection447] INFO  impl.RoleInfo (RoleInfo.java:shutdownLeaderElection(134)) - 25d6372c-77fd-4a39-ac2a-e48debad48df: shutdown LeaderElection
2019-10-15 16:12:32,147 [25d6372c-77fd-4a39-ac2a-e48debad48df@group-B2671EB745D2-LeaderElection447] INFO  impl.RoleInfo (RoleInfo.java:updateAndGet(143)) - 25d6372c-77fd-4a39-ac2a-e48debad48df: start FollowerState
2019-10-15 16:12:32,283 [Thread-3173] INFO  impl.FollowerState (FollowerState.java:run(108)) - 25d6372c-77fd-4a39-ac2a-e48debad48df@group-B2671EB745D2-FollowerState: change to CANDIDATE, lastRpcTime:135ms, electionTimeout:135ms
2019-10-15 16:12:32,283 [Thread-3173] INFO  impl.RoleInfo (RoleInfo.java:shutdownFollowerState(121)) - 25d6372c-77fd-4a39-ac2a-e48debad48df: shutdown FollowerState
2019-10-15 16:12:32,283 [Thread-3173] INFO  impl.RaftServerImpl (RaftServerImpl.java:setRole(184)) - 25d6372c-77fd-4a39-ac2a-e48debad48df@group-B2671EB745D2: changes role from  FOLLOWER to CANDIDATE at term 480 for changeToCandidate
2019-10-15 16:12:32,283 [Thread-3173] INFO  impl.RoleInfo (RoleInfo.java:updateAndGet(143)) - 25d6372c-77fd-4a39-ac2a-e48debad48df: start LeaderElection
2019-10-15 16:12:32,296 [25d6372c-77fd-4a39-ac2a-e48debad48df@group-B2671EB745D2-LeaderElection448] INFO  impl.LeaderElection (LeaderElection.java:askForVotes(178)) - 25d6372c-77fd-4a39-ac2a-e48debad48df@group-B2671EB745D2-LeaderElection448: begin an election at term 481 for -1: [50423279-f647-4a18-8e85-347d68eaf856:192.168.69.88:39583, 2ec85f63-33fb-4317-9145-71357d145af9:192.168.69.88:42357, 25d6372c-77fd-4a39-ac2a-e48debad48df:192.168.69.88:39591], old=null
2019-10-15 16:12:32,298 [grpc-default-executor-0] INFO  impl.RaftServerImpl (RaftServerImpl.java:setRole(184)) - 2ec85f63-33fb-4317-9145-71357d145af9@group-B2671EB745D2: changes role from  FOLLOWER to FOLLOWER at term 481 for recognizeCandidate:25d6372c-77fd-4a39-ac2a-e48debad48df
2019-10-15 16:12:32,299 [grpc-default-executor-0] INFO  impl.RoleInfo (RoleInfo.java:shutdownFollowerState(121)) - 2ec85f63-33fb-4317-9145-71357d145af9: shutdown FollowerState
2019-10-15 16:12:32,299 [grpc-default-executor-5] INFO  impl.RaftServerImpl (RaftServerImpl.java:setRole(184)) - 50423279-f647-4a18-8e85-347d68eaf856@group-B2671EB745D2: changes role from  FOLLOWER to FOLLOWER at term 481 for recognizeCandidate:25d6372c-77fd-4a39-ac2a-e48debad48df
2019-10-15 16:12:32,299 [grpc-default-executor-5] INFO  impl.RoleInfo (RoleInfo.java:shutdownFollowerState(121)) - 50423279-f647-4a18-8e85-347d68eaf856: shutdown FollowerState
2019-10-15 16:12:32,299 [grpc-default-executor-5] INFO  impl.RoleInfo (RoleInfo.java:updateAndGet(143)) - 50423279-f647-4a18-8e85-347d68eaf856: start FollowerState
2019-10-15 16:12:32,299 [Thread-3172] INFO  impl.FollowerState (FollowerState.java:run(117)) - 2ec85f63-33fb-4317-9145-71357d145af9@group-B2671EB745D2-FollowerState was interrupted: java.lang.InterruptedException: sleep interrupted
2019-10-15 16:12:32,299 [grpc-default-executor-0] INFO  impl.RoleInfo (RoleInfo.java:updateAndGet(143)) - 2ec85f63-33fb-4317-9145-71357d145af9: start FollowerState
2019-10-15 16:12:32,299 [Thread-3171] INFO  impl.FollowerState (FollowerState.java:run(117)) - 50423279-f647-4a18-8e85-347d68eaf856@group-B2671EB745D2-FollowerState was interrupted: java.lang.InterruptedException: sleep interrupted
2019-10-15 16:12:32,317 [25d6372c-77fd-4a39-ac2a-e48debad48df@group-B2671EB745D2-LeaderElection448] INFO  impl.LeaderElection (LeaderElection.java:logAndReturn(56)) - 25d6372c-77fd-4a39-ac2a-e48debad48df@group-B2671EB745D2-LeaderElection448: Election TIMEOUT; received 0 response(s) [] and 0 exception(s); 25d6372c-77fd-4a39-ac2a-e48debad48df@group-B2671EB745D2:t481, leader=null, voted=25d6372c-77fd-4a39-ac2a-e48debad48df, raftlog=25d6372c-77fd-4a39-ac2a-e48debad48df@group-B2671EB745D2-SegmentedRaftLog:OPENED:c-1,f-1,i0, conf=-1: [50423279-f647-4a18-8e85-347d68eaf856:192.168.69.88:39583, 2ec85f63-33fb-4317-9145-71357d145af9:192.168.69.88:42357, 25d6372c-77fd-4a39-ac2a-e48debad48df:192.168.69.88:39591], old=null
2019-10-15 16:12:32,320 [25d6372c-77fd-4a39-ac2a-e48debad48df@group-B2671EB745D2-LeaderElection448] INFO  impl.LeaderElection (LeaderElection.java:askForVotes(178)) - 25d6372c-77fd-4a39-ac2a-e48debad48df@group-B2671EB745D2-LeaderElection448: begin an election at term 482 for -1: [50423279-f647-4a18-8e85-347d68eaf856:192.168.69.88:39583, 2ec85f63-33fb-4317-9145-71357d145af9:192.168.69.88:42357, 25d6372c-77fd-4a39-ac2a-e48debad48df:192.168.69.88:39591], old=null
2019-10-15 16:12:32,322 [grpc-default-executor-0] INFO  impl.RaftServerImpl (RaftServerImpl.java:setRole(184)) - 50423279-f647-4a18-8e85-347d68eaf856@group-B2671EB745D2: changes role from  FOLLOWER to FOLLOWER at term 482 for recognizeCandidate:25d6372c-77fd-4a39-ac2a-e48debad48df
2019-10-15 16:12:32,322 [grpc-default-executor-0] INFO  impl.RoleInfo (RoleInfo.java:shutdownFollowerState(121)) - 50423279-f647-4a18-8e85-347d68eaf856: shutdown FollowerState
2019-10-15 16:12:32,322 [grpc-default-executor-5] INFO  impl.RaftServerImpl (RaftServerImpl.java:setRole(184)) - 2ec85f63-33fb-4317-9145-71357d145af9@group-B2671EB745D2: changes role from  FOLLOWER to FOLLOWER at term 482 for recognizeCandidate:25d6372c-77fd-4a39-ac2a-e48debad48df
2019-10-15 16:12:32,322 [Thread-3178] INFO  impl.FollowerState (FollowerState.java:run(117)) - 50423279-f647-4a18-8e85-347d68eaf856@group-B2671EB745D2-FollowerState was interrupted: java.lang.InterruptedException: sleep interrupted
2019-10-15 16:12:32,322 [grpc-default-executor-0] INFO  impl.RoleInfo (RoleInfo.java:updateAndGet(143)) - 50423279-f647-4a18-8e85-347d68eaf856: start FollowerState
2019-10-15 16:12:32,322 [grpc-default-executor-5] INFO  impl.RoleInfo (RoleInfo.java:shutdownFollowerState(121)) - 2ec85f63-33fb-4317-9145-71357d145af9: shutdown FollowerState
2019-10-15 16:12:32,322 [grpc-default-executor-5] INFO  impl.RoleInfo (RoleInfo.java:updateAndGet(143)) - 2ec85f63-33fb-4317-9145-71357d145af9: start FollowerState
2019-10-15 16:12:32,323 [Thread-3177] INFO  impl.FollowerState (FollowerState.java:run(117)) - 2ec85f63-33fb-4317-9145-71357d145af9@group-B2671EB745D2-FollowerState was interrupted: java.lang.InterruptedException: sleep interrupted
2019-10-15 16:12:32,330 [25d6372c-77fd-4a39-ac2a-e48debad48df@group-B2671EB745D2-LeaderElection448] INFO  impl.LeaderElection (LeaderElection.java:logAndReturn(56)) - 25d6372c-77fd-4a39-ac2a-e48debad48df@group-B2671EB745D2-LeaderElection448: Election REJECTED; received 2 response(s) [25d6372c-77fd-4a39-ac2a-e48debad48df<-50423279-f647-4a18-8e85-347d68eaf856#0:FAIL-t482, 25d6372c-77fd-4a39-ac2a-e48debad48df<-2ec85f63-33fb-4317-9145-71357d145af9#0:FAIL-t482] and 0 exception(s); 25d6372c-77fd-4a39-ac2a-e48debad48df@group-B2671EB745D2:t482, leader=null, voted=25d6372c-77fd-4a39-ac2a-e48debad48df, raftlog=25d6372c-77fd-4a39-ac2a-e48debad48df@group-B2671EB745D2-SegmentedRaftLog:OPENED:c-1,f-1,i0, conf=-1: [50423279-f647-4a18-8e85-347d68eaf856:192.168.69.88:39583, 2ec85f63-33fb-4317-9145-71357d145af9:192.168.69.88:42357, 25d6372c-77fd-4a39-ac2a-e48debad48df:192.168.69.88:39591], old=null
2019-10-15 16:12:32,330 [25d6372c-77fd-4a39-ac2a-e48debad48df@group-B2671EB745D2-LeaderElection448] INFO  impl.RaftServerImpl (RaftServerImpl.java:setRole(184)) - 25d6372c-77fd-4a39-ac2a-e48debad48df@group-B2671EB745D2: changes role from CANDIDATE to FOLLOWER at term 482 for DISCOVERED_A_NEW_TERM
2019-10-15 16:12:32,330 [25d6372c-77fd-4a39-ac2a-e48debad48df@group-B2671EB745D2-LeaderElection448] INFO  impl.RoleInfo (RoleInfo.java:shutdownLeaderElection(134)) - 25d6372c-77fd-4a39-ac2a-e48debad48df: shutdown LeaderElection
2019-10-15 16:12:32,330 [25d6372c-77fd-4a39-ac2a-e48debad48df@group-B2671EB745D2-LeaderElection448] INFO  impl.RoleInfo (RoleInfo.java:updateAndGet(143)) - 25d6372c-77fd-4a39-ac2a-e48debad48df: start FollowerState
2019-10-15 16:12:32,375 [Thread-3183] INFO  impl.FollowerState (FollowerState.java:run(108)) - 25d6372c-77fd-4a39-ac2a-e48debad48df@group-B2671EB745D2-FollowerState: change to CANDIDATE, lastRpcTime:44ms, electionTimeout:44ms
2019-10-15 16:12:32,375 [Thread-3183] INFO  impl.RoleInfo (RoleInfo.java:shutdownFollowerState(121)) - 25d6372c-77fd-4a39-ac2a-e48debad48df: shutdown FollowerState
2019-10-15 16:12:32,375 [Thread-3183] INFO  impl.RaftServerImpl (RaftServerImpl.java:setRole(184)) - 25d6372c-77fd-4a39-ac2a-e48debad48df@group-B2671EB745D2: changes role from  FOLLOWER to CANDIDATE at term 482 for changeToCandidate
2019-10-15 16:12:32,375 [Thread-3183] INFO  impl.RoleInfo (RoleInfo.java:updateAndGet(143)) - 25d6372c-77fd-4a39-ac2a-e48debad48df: start LeaderElection
2019-10-15 16:12:32,388 [25d6372c-77fd-4a39-ac2a-e48debad48df@group-B2671EB745D2-LeaderElection449] INFO  impl.LeaderElection (LeaderElection.java:askForVotes(178)) - 25d6372c-77fd-4a39-ac2a-e48debad48df@group-B2671EB745D2-LeaderElection449: begin an election at term 483 for -1: [50423279-f647-4a18-8e85-347d68eaf856:192.168.69.88:39583, 2ec85f63-33fb-4317-9145-71357d145af9:192.168.69.88:42357, 25d6372c-77fd-4a39-ac2a-e48debad48df:192.168.69.88:39591], old=null
2019-10-15 16:12:32,390 [grpc-default-executor-5] INFO  impl.RaftServerImpl (RaftServerImpl.java:setRole(184)) - 50423279-f647-4a18-8e85-347d68eaf856@group-B2671EB745D2: changes role from  FOLLOWER to FOLLOWER at term 483 for recognizeCandidate:25d6372c-77fd-4a39-ac2a-e48debad48df
2019-10-15 16:12:32,390 [grpc-default-executor-0] INFO  impl.RaftServerImpl (RaftServerImpl.java:setRole(184)) - 2ec85f63-33fb-4317-9145-71357d145af9@group-B2671EB745D2: changes role from  FOLLOWER to FOLLOWER at term 483 for recognizeCandidate:25d6372c-77fd-4a39-ac2a-e48debad48df
2019-10-15 16:12:32,390 [grpc-default-executor-5] INFO  impl.RoleInfo (RoleInfo.java:shutdownFollowerState(121)) - 50423279-f647-4a18-8e85-347d68eaf856: shutdown FollowerState
2019-10-15 16:12:32,390 [grpc-default-executor-0] INFO  impl.RoleInfo (RoleInfo.java:shutdownFollowerState(121)) - 2ec85f63-33fb-4317-9145-71357d145af9: shutdown FollowerState
2019-10-15 16:12:32,391 [Thread-3181] INFO  impl.FollowerState (FollowerState.java:run(117)) - 50423279-f647-4a18-8e85-347d68eaf856@group-B2671EB745D2-FollowerState was interrupted: java.lang.InterruptedException: sleep interrupted
2019-10-15 16:12:32,391 [grpc-default-executor-5] INFO  impl.RoleInfo (RoleInfo.java:updateAndGet(143)) - 50423279-f647-4a18-8e85-347d68eaf856: start FollowerState
2019-10-15 16:12:32,391 [Thread-3182] INFO  impl.FollowerState (FollowerState.java:run(117)) - 2ec85f63-33fb-4317-9145-71357d145af9@group-B2671EB745D2-FollowerState was interrupted: java.lang.InterruptedException: sleep interrupted
2019-10-15 16:12:32,391 [grpc-default-executor-0] INFO  impl.RoleInfo (RoleInfo.java:updateAndGet(143)) - 2ec85f63-33fb-4317-9145-71357d145af9: start FollowerState
2019-10-15 16:12:32,404 [25d6372c-77fd-4a39-ac2a-e48debad48df@group-B2671EB745D2-LeaderElection449] INFO  impl.LeaderElection (LeaderElection.java:logAndReturn(56)) - 25d6372c-77fd-4a39-ac2a-e48debad48df@group-B2671EB745D2-LeaderElection449: Election REJECTED; received 2 response(s) [25d6372c-77fd-4a39-ac2a-e48debad48df<-2ec85f63-33fb-4317-9145-71357d145af9#0:FAIL-t483, 25d6372c-77fd-4a39-ac2a-e48debad48df<-50423279-f647-4a18-8e85-347d68eaf856#0:FAIL-t483] and 0 exception(s); 25d6372c-77fd-4a39-ac2a-e48debad48df@group-B2671EB745D2:t483, leader=null, voted=25d6372c-77fd-4a39-ac2a-e48debad48df, raftlog=25d6372c-77fd-4a39-ac2a-e48debad48df@group-B2671EB745D2-SegmentedRaftLog:OPENED:c-1,f-1,i0, conf=-1: [50423279-f647-4a18-8e85-347d68eaf856:192.168.69.88:39583, 2ec85f63-33fb-4317-9145-71357d145af9:192.168.69.88:42357, 25d6372c-77fd-4a39-ac2a-e48debad48df:192.168.69.88:39591], old=null
2019-10-15 16:12:32,405 [25d6372c-77fd-4a39-ac2a-e48debad48df@group-B2671EB745D2-LeaderElection449] INFO  impl.RaftServerImpl (RaftServerImpl.java:setRole(184)) - 25d6372c-77fd-4a39-ac2a-e48debad48df@group-B2671EB745D2: changes role from CANDIDATE to FOLLOWER at term 483 for DISCOVERED_A_NEW_TERM
2019-10-15 16:12:32,405 [25d6372c-77fd-4a39-ac2a-e48debad48df@group-B2671EB745D2-LeaderElection449] INFO  impl.RoleInfo (RoleInfo.java:shutdownLeaderElection(134)) - 25d6372c-77fd-4a39-ac2a-e48debad48df: shutdown LeaderElection
2019-10-15 16:12:32,405 [25d6372c-77fd-4a39-ac2a-e48debad48df@group-B2671EB745D2-LeaderElection449] INFO  impl.RoleInfo (RoleInfo.java:updateAndGet(143)) - 25d6372c-77fd-4a39-ac2a-e48debad48df: start FollowerState
2019-10-15 16:12:32,588 [Thread-3189] INFO  impl.FollowerState (FollowerState.java:run(108)) - 25d6372c-77fd-4a39-ac2a-e48debad48df@group-B2671EB745D2-FollowerState: change to CANDIDATE, lastRpcTime:183ms, electionTimeout:183ms
2019-10-15 16:12:32,588 [Thread-3189] INFO  impl.RoleInfo (RoleInfo.java:shutdownFollowerState(121)) - 25d6372c-77fd-4a39-ac2a-e48debad48df: shutdown FollowerState
2019-10-15 16:12:32,588 [Thread-3189] INFO  impl.RaftServerImpl (RaftServerImpl.java:setRole(184)) - 25d6372c-77fd-4a39-ac2a-e48debad48df@group-B2671EB745D2: changes role from  FOLLOWER to CANDIDATE at term 483 for changeToCandidate
2019-10-15 16:12:32,588 [Thread-3189] INFO  impl.RoleInfo (RoleInfo.java:updateAndGet(143)) - 25d6372c-77fd-4a39-ac2a-e48debad48df: start LeaderElection
2019-10-15 16:12:32,608 [main] INFO  ozone.MiniOzoneClusterImpl (MiniOzoneClusterImpl.java:shutdown(314)) - Shutting down the Mini Ozone Cluster
2019-10-15 16:12:32,609 [main] INFO  ozone.MiniOzoneClusterImpl (MiniOzoneClusterImpl.java:stop(330)) - Stopping the Mini Ozone Cluster
2019-10-15 16:12:32,609 [main] INFO  ozone.MiniOzoneClusterImpl (MiniOzoneClusterImpl.java:stopOM(400)) - Stopping the OzoneManager
2019-10-15 16:12:32,609 [main] INFO  ipc.Server (Server.java:stop(3082)) - Stopping server on 42861
2019-10-15 16:12:32,617 [IPC Server listener on 42861] INFO  ipc.Server (Server.java:run(1185)) - Stopping IPC Server listener on 42861
2019-10-15 16:12:32,621 [IPC Server Responder] INFO  ipc.Server (Server.java:run(1319)) - Stopping IPC Server Responder
2019-10-15 16:12:32,628 [25d6372c-77fd-4a39-ac2a-e48debad48df@group-B2671EB745D2-LeaderElection450] INFO  impl.LeaderElection (LeaderElection.java:askForVotes(178)) - 25d6372c-77fd-4a39-ac2a-e48debad48df@group-B2671EB745D2-LeaderElection450: begin an election at term 484 for -1: [50423279-f647-4a18-8e85-347d68eaf856:192.168.69.88:39583, 2ec85f63-33fb-4317-9145-71357d145af9:192.168.69.88:42357, 25d6372c-77fd-4a39-ac2a-e48debad48df:192.168.69.88:39591], old=null
2019-10-15 16:12:32,629 [main] INFO  impl.RaftServerProxy (RaftServerProxy.java:lambda$close$4(314)) - ebfddc3f-f2a6-42c8-b529-746899c45d90: close
2019-10-15 16:12:32,630 [main] INFO  impl.RaftServerImpl (RaftServerImpl.java:lambda$shutdown$3(261)) - ebfddc3f-f2a6-42c8-b529-746899c45d90@group-C5BA1605619E: shutdown
2019-10-15 16:12:32,630 [grpc-default-executor-5] INFO  impl.RaftServerImpl (RaftServerImpl.java:setRole(184)) - 50423279-f647-4a18-8e85-347d68eaf856@group-B2671EB745D2: changes role from  FOLLOWER to FOLLOWER at term 484 for recognizeCandidate:25d6372c-77fd-4a39-ac2a-e48debad48df
2019-10-15 16:12:32,630 [grpc-default-executor-5] INFO  impl.RoleInfo (RoleInfo.java:shutdownFollowerState(121)) - 50423279-f647-4a18-8e85-347d68eaf856: shutdown FollowerState
2019-10-15 16:12:32,630 [main] INFO  util.JmxRegister (JmxRegister.java:unregister(73)) - Successfully un-registered JMX Bean with object name Ratis:service=RaftServer,group=group-C5BA1605619E,id=ebfddc3f-f2a6-42c8-b529-746899c45d90
2019-10-15 16:12:32,631 [grpc-default-executor-0] INFO  impl.RaftServerImpl (RaftServerImpl.java:setRole(184)) - 2ec85f63-33fb-4317-9145-71357d145af9@group-B2671EB745D2: changes role from  FOLLOWER to FOLLOWER at term 484 for recognizeCandidate:25d6372c-77fd-4a39-ac2a-e48debad48df
2019-10-15 16:12:32,631 [grpc-default-executor-0] INFO  impl.RoleInfo (RoleInfo.java:shutdownFollowerState(121)) - 2ec85f63-33fb-4317-9145-71357d145af9: shutdown FollowerState
2019-10-15 16:12:32,630 [Thread-3187] INFO  impl.FollowerState (FollowerState.java:run(117)) - 50423279-f647-4a18-8e85-347d68eaf856@group-B2671EB745D2-FollowerState was interrupted: java.lang.InterruptedException: sleep interrupted
2019-10-15 16:12:32,630 [grpc-default-executor-5] INFO  impl.RoleInfo (RoleInfo.java:updateAndGet(143)) - 50423279-f647-4a18-8e85-347d68eaf856: start FollowerState
2019-10-15 16:12:32,631 [Thread-3188] INFO  impl.FollowerState (FollowerState.java:run(117)) - 2ec85f63-33fb-4317-9145-71357d145af9@group-B2671EB745D2-FollowerState was interrupted: java.lang.InterruptedException: sleep interrupted
2019-10-15 16:12:32,631 [grpc-default-executor-0] INFO  impl.RoleInfo (RoleInfo.java:updateAndGet(143)) - 2ec85f63-33fb-4317-9145-71357d145af9: start FollowerState
2019-10-15 16:12:32,631 [main] INFO  impl.RoleInfo (RoleInfo.java:shutdownLeaderState(104)) - ebfddc3f-f2a6-42c8-b529-746899c45d90: shutdown LeaderState
2019-10-15 16:12:32,632 [main] INFO  impl.PendingRequests (PendingRequests.java:sendNotLeaderResponses(202)) - ebfddc3f-f2a6-42c8-b529-746899c45d90@group-C5BA1605619E-PendingRequests: sendNotLeaderResponses
2019-10-15 16:12:32,636 [main] INFO  impl.StateMachineUpdater (StateMachineUpdater.java:stopAndJoin(136)) - ebfddc3f-f2a6-42c8-b529-746899c45d90@group-C5BA1605619E-StateMachineUpdater: set stopIndex = 6
2019-10-15 16:12:32,636 [ebfddc3f-f2a6-42c8-b529-746899c45d90@group-C5BA1605619E-StateMachineUpdater] INFO  ratis.OzoneManagerStateMachine (OzoneManagerStateMachine.java:takeSnapshot(254)) - Saving Ratis snapshot on the OM.
2019-10-15 16:12:32,646 [ebfddc3f-f2a6-42c8-b529-746899c45d90@group-C5BA1605619E-StateMachineUpdater] INFO  ratis.OMRatisSnapshotInfo (OMRatisSnapshotInfo.java:saveRatisSnapshotToDisk(107)) - Saved Ratis Snapshot on the OM with snapshotIndex 5
2019-10-15 16:12:32,649 [ebfddc3f-f2a6-42c8-b529-746899c45d90@group-C5BA1605619E-StateMachineUpdater] INFO  impl.StateMachineUpdater (StateMachineUpdater.java:takeSnapshot(269)) - ebfddc3f-f2a6-42c8-b529-746899c45d90@group-C5BA1605619E-StateMachineUpdater: Took a snapshot at index 5
2019-10-15 16:12:32,650 [ebfddc3f-f2a6-42c8-b529-746899c45d90@group-C5BA1605619E-StateMachineUpdater] INFO  impl.StateMachineUpdater (StateMachineUpdater.java:lambda$new$0(84)) - ebfddc3f-f2a6-42c8-b529-746899c45d90@group-C5BA1605619E-StateMachineUpdater: snapshotIndex: updateIncreasingly -1 -> 5
2019-10-15 16:12:32,654 [ebfddc3f-f2a6-42c8-b529-746899c45d90@group-C5BA1605619E-StateMachineUpdater] INFO  ratis.OzoneManagerStateMachine (OzoneManagerStateMachine.java:takeSnapshot(254)) - Saving Ratis snapshot on the OM.
2019-10-15 16:12:32,655 [ebfddc3f-f2a6-42c8-b529-746899c45d90@group-C5BA1605619E-StateMachineUpdater] INFO  ratis.OMRatisSnapshotInfo (OMRatisSnapshotInfo.java:saveRatisSnapshotToDisk(107)) - Saved Ratis Snapshot on the OM with snapshotIndex 5
2019-10-15 16:12:32,655 [ebfddc3f-f2a6-42c8-b529-746899c45d90@group-C5BA1605619E-StateMachineUpdater] INFO  impl.StateMachineUpdater (StateMachineUpdater.java:takeSnapshot(269)) - ebfddc3f-f2a6-42c8-b529-746899c45d90@group-C5BA1605619E-StateMachineUpdater: Took a snapshot at index 5
2019-10-15 16:12:32,655 [ebfddc3f-f2a6-42c8-b529-746899c45d90@group-C5BA1605619E-StateMachineUpdater] INFO  impl.StateMachineUpdater (StateMachineUpdater.java:lambda$new$0(84)) - ebfddc3f-f2a6-42c8-b529-746899c45d90@group-C5BA1605619E-StateMachineUpdater: snapshotIndex: updateIncreasingly 5 -> 5
2019-10-15 16:12:32,655 [main] INFO  impl.RaftServerImpl (ServerState.java:close(388)) - ebfddc3f-f2a6-42c8-b529-746899c45d90@group-C5BA1605619E: closes. applyIndex: 6
2019-10-15 16:12:32,657 [ebfddc3f-f2a6-42c8-b529-746899c45d90@group-C5BA1605619E-SegmentedRaftLogWorker] INFO  segmented.SegmentedRaftLogWorker (SegmentedRaftLogWorker.java:run(316)) - ebfddc3f-f2a6-42c8-b529-746899c45d90@group-C5BA1605619E-SegmentedRaftLogWorker was interrupted, exiting. There are 0 tasks remaining in the queue.
2019-10-15 16:12:32,658 [25d6372c-77fd-4a39-ac2a-e48debad48df@group-B2671EB745D2-LeaderElection450] INFO  impl.LeaderElection (LeaderElection.java:logAndReturn(56)) - 25d6372c-77fd-4a39-ac2a-e48debad48df@group-B2671EB745D2-LeaderElection450: Election REJECTED; received 2 response(s) [25d6372c-77fd-4a39-ac2a-e48debad48df<-2ec85f63-33fb-4317-9145-71357d145af9#0:FAIL-t484, 25d6372c-77fd-4a39-ac2a-e48debad48df<-50423279-f647-4a18-8e85-347d68eaf856#0:FAIL-t484] and 0 exception(s); 25d6372c-77fd-4a39-ac2a-e48debad48df@group-B2671EB745D2:t484, leader=null, voted=25d6372c-77fd-4a39-ac2a-e48debad48df, raftlog=25d6372c-77fd-4a39-ac2a-e48debad48df@group-B2671EB745D2-SegmentedRaftLog:OPENED:c-1,f-1,i0, conf=-1: [50423279-f647-4a18-8e85-347d68eaf856:192.168.69.88:39583, 2ec85f63-33fb-4317-9145-71357d145af9:192.168.69.88:42357, 25d6372c-77fd-4a39-ac2a-e48debad48df:192.168.69.88:39591], old=null
2019-10-15 16:12:32,658 [main] INFO  segmented.SegmentedRaftLogWorker (SegmentedRaftLogWorker.java:close(224)) - ebfddc3f-f2a6-42c8-b529-746899c45d90@group-C5BA1605619E-SegmentedRaftLogWorker close()
2019-10-15 16:12:32,658 [25d6372c-77fd-4a39-ac2a-e48debad48df@group-B2671EB745D2-LeaderElection450] INFO  impl.RaftServerImpl (RaftServerImpl.java:setRole(184)) - 25d6372c-77fd-4a39-ac2a-e48debad48df@group-B2671EB745D2: changes role from CANDIDATE to FOLLOWER at term 484 for DISCOVERED_A_NEW_TERM
2019-10-15 16:12:32,659 [25d6372c-77fd-4a39-ac2a-e48debad48df@group-B2671EB745D2-LeaderElection450] INFO  impl.RoleInfo (RoleInfo.java:shutdownLeaderElection(134)) - 25d6372c-77fd-4a39-ac2a-e48debad48df: shutdown LeaderElection
2019-10-15 16:12:32,660 [25d6372c-77fd-4a39-ac2a-e48debad48df@group-B2671EB745D2-LeaderElection450] INFO  impl.RoleInfo (RoleInfo.java:updateAndGet(143)) - 25d6372c-77fd-4a39-ac2a-e48debad48df: start FollowerState
2019-10-15 16:12:32,660 [main] INFO  server.GrpcService (GrpcService.java:closeImpl(164)) - ebfddc3f-f2a6-42c8-b529-746899c45d90: shutdown server with port 9872 now
2019-10-15 16:12:32,662 [main] INFO  server.GrpcService (GrpcService.java:closeImpl(172)) - ebfddc3f-f2a6-42c8-b529-746899c45d90: shutdown server with port 9872 successfully
2019-10-15 16:12:32,662 [main] INFO  ratis.OzoneManagerDoubleBuffer (OzoneManagerDoubleBuffer.java:stop(250)) - Stopping OMDoubleBuffer flush thread
2019-10-15 16:12:32,663 [OMDoubleBufferFlushThread] INFO  ratis.OzoneManagerDoubleBuffer (OzoneManagerDoubleBuffer.java:flushTransactions(193)) - OMDoubleBuffer flush thread OMDoubleBufferFlushThread is interrupted and will exit. OMDoubleBufferFlushThread
2019-10-15 16:12:32,663 [main] INFO  utils.BackgroundService (BackgroundService.java:shutdown(151)) - Shutting down service KeyDeletingService
2019-10-15 16:12:32,666 [main] INFO  handler.ContextHandler (ContextHandler.java:doStop(910)) - Stopped o.e.j.w.WebAppContext@6ba30587{/,null,UNAVAILABLE}{/ozoneManager}
2019-10-15 16:12:32,671 [main] INFO  server.AbstractConnector (AbstractConnector.java:doStop(318)) - Stopped ServerConnector@35764bef{HTTP/1.1,[http/1.1]}{0.0.0.0:0}
2019-10-15 16:12:32,671 [main] INFO  handler.ContextHandler (ContextHandler.java:doStop(910)) - Stopped o.e.j.s.ServletContextHandler@5fe7f967{/static,file:///workdir/hadoop-ozone/integration-test/target/test-classes/webapps/static,UNAVAILABLE}
2019-10-15 16:12:32,672 [main] INFO  handler.ContextHandler (ContextHandler.java:doStop(910)) - Stopped o.e.j.s.ServletContextHandler@4867ab9f{/logs,file:///workdir/hadoop-ozone/integration-test/target/log,UNAVAILABLE}
2019-10-15 16:12:32,675 [main] INFO  ozone.MiniOzoneClusterImpl (MiniOzoneClusterImpl.java:stopDatanodes(377)) - Stopping the HddsDatanodes
2019-10-15 16:12:32,725 [Thread-3196] INFO  impl.FollowerState (FollowerState.java:run(108)) - 25d6372c-77fd-4a39-ac2a-e48debad48df@group-B2671EB745D2-FollowerState: change to CANDIDATE, lastRpcTime:65ms, electionTimeout:65ms
2019-10-15 16:12:32,726 [Thread-3196] INFO  impl.RoleInfo (RoleInfo.java:shutdownFollowerState(121)) - 25d6372c-77fd-4a39-ac2a-e48debad48df: shutdown FollowerState
2019-10-15 16:12:32,726 [Thread-3196] INFO  impl.RaftServerImpl (RaftServerImpl.java:setRole(184)) - 25d6372c-77fd-4a39-ac2a-e48debad48df@group-B2671EB745D2: changes role from  FOLLOWER to CANDIDATE at term 484 for changeToCandidate
2019-10-15 16:12:32,726 [Thread-3196] INFO  impl.RoleInfo (RoleInfo.java:updateAndGet(143)) - 25d6372c-77fd-4a39-ac2a-e48debad48df: start LeaderElection
2019-10-15 16:12:32,751 [25d6372c-77fd-4a39-ac2a-e48debad48df@group-B2671EB745D2-LeaderElection451] INFO  impl.LeaderElection (LeaderElection.java:askForVotes(178)) - 25d6372c-77fd-4a39-ac2a-e48debad48df@group-B2671EB745D2-LeaderElection451: begin an election at term 485 for -1: [50423279-f647-4a18-8e85-347d68eaf856:192.168.69.88:39583, 2ec85f63-33fb-4317-9145-71357d145af9:192.168.69.88:42357, 25d6372c-77fd-4a39-ac2a-e48debad48df:192.168.69.88:39591], old=null
2019-10-15 16:12:32,753 [grpc-default-executor-5] INFO  impl.RaftServerImpl (RaftServerImpl.java:setRole(184)) - 50423279-f647-4a18-8e85-347d68eaf856@group-B2671EB745D2: changes role from  FOLLOWER to FOLLOWER at term 485 for recognizeCandidate:25d6372c-77fd-4a39-ac2a-e48debad48df
2019-10-15 16:12:32,753 [grpc-default-executor-5] INFO  impl.RoleInfo (RoleInfo.java:shutdownFollowerState(121)) - 50423279-f647-4a18-8e85-347d68eaf856: shutdown FollowerState
2019-10-15 16:12:32,753 [grpc-default-executor-5] INFO  impl.RoleInfo (RoleInfo.java:updateAndGet(143)) - 50423279-f647-4a18-8e85-347d68eaf856: start FollowerState
2019-10-15 16:12:32,753 [Thread-3193] INFO  impl.FollowerState (FollowerState.java:run(117)) - 50423279-f647-4a18-8e85-347d68eaf856@group-B2671EB745D2-FollowerState was interrupted: java.lang.InterruptedException: sleep interrupted
2019-10-15 16:12:32,753 [grpc-default-executor-0] INFO  impl.RaftServerImpl (RaftServerImpl.java:setRole(184)) - 2ec85f63-33fb-4317-9145-71357d145af9@group-B2671EB745D2: changes role from  FOLLOWER to FOLLOWER at term 485 for recognizeCandidate:25d6372c-77fd-4a39-ac2a-e48debad48df
2019-10-15 16:12:32,754 [grpc-default-executor-0] INFO  impl.RoleInfo (RoleInfo.java:shutdownFollowerState(121)) - 2ec85f63-33fb-4317-9145-71357d145af9: shutdown FollowerState
2019-10-15 16:12:32,754 [grpc-default-executor-0] INFO  impl.RoleInfo (RoleInfo.java:updateAndGet(143)) - 2ec85f63-33fb-4317-9145-71357d145af9: start FollowerState
2019-10-15 16:12:32,754 [Thread-3194] INFO  impl.FollowerState (FollowerState.java:run(117)) - 2ec85f63-33fb-4317-9145-71357d145af9@group-B2671EB745D2-FollowerState was interrupted: java.lang.InterruptedException: sleep interrupted
2019-10-15 16:12:32,766 [25d6372c-77fd-4a39-ac2a-e48debad48df@group-B2671EB745D2-LeaderElection451] INFO  impl.LeaderElection (LeaderElection.java:logAndReturn(56)) - 25d6372c-77fd-4a39-ac2a-e48debad48df@group-B2671EB745D2-LeaderElection451: Election REJECTED; received 2 response(s) [25d6372c-77fd-4a39-ac2a-e48debad48df<-50423279-f647-4a18-8e85-347d68eaf856#0:FAIL-t485, 25d6372c-77fd-4a39-ac2a-e48debad48df<-2ec85f63-33fb-4317-9145-71357d145af9#0:FAIL-t485] and 0 exception(s); 25d6372c-77fd-4a39-ac2a-e48debad48df@group-B2671EB745D2:t485, leader=null, voted=25d6372c-77fd-4a39-ac2a-e48debad48df, raftlog=25d6372c-77fd-4a39-ac2a-e48debad48df@group-B2671EB745D2-SegmentedRaftLog:OPENED:c-1,f-1,i0, conf=-1: [50423279-f647-4a18-8e85-347d68eaf856:192.168.69.88:39583, 2ec85f63-33fb-4317-9145-71357d145af9:192.168.69.88:42357, 25d6372c-77fd-4a39-ac2a-e48debad48df:192.168.69.88:39591], old=null
2019-10-15 16:12:32,766 [25d6372c-77fd-4a39-ac2a-e48debad48df@group-B2671EB745D2-LeaderElection451] INFO  impl.RaftServerImpl (RaftServerImpl.java:setRole(184)) - 25d6372c-77fd-4a39-ac2a-e48debad48df@group-B2671EB745D2: changes role from CANDIDATE to FOLLOWER at term 485 for DISCOVERED_A_NEW_TERM
2019-10-15 16:12:32,766 [25d6372c-77fd-4a39-ac2a-e48debad48df@group-B2671EB745D2-LeaderElection451] INFO  impl.RoleInfo (RoleInfo.java:shutdownLeaderElection(134)) - 25d6372c-77fd-4a39-ac2a-e48debad48df: shutdown LeaderElection
2019-10-15 16:12:32,766 [25d6372c-77fd-4a39-ac2a-e48debad48df@group-B2671EB745D2-LeaderElection451] INFO  impl.RoleInfo (RoleInfo.java:updateAndGet(143)) - 25d6372c-77fd-4a39-ac2a-e48debad48df: start FollowerState
2019-10-15 16:12:32,825 [Thread-3202] INFO  impl.FollowerState (FollowerState.java:run(108)) - 25d6372c-77fd-4a39-ac2a-e48debad48df@group-B2671EB745D2-FollowerState: change to CANDIDATE, lastRpcTime:58ms, electionTimeout:58ms
2019-10-15 16:12:32,825 [Thread-3202] INFO  impl.RoleInfo (RoleInfo.java:shutdownFollowerState(121)) - 25d6372c-77fd-4a39-ac2a-e48debad48df: shutdown FollowerState
2019-10-15 16:12:32,825 [Thread-3202] INFO  impl.RaftServerImpl (RaftServerImpl.java:setRole(184)) - 25d6372c-77fd-4a39-ac2a-e48debad48df@group-B2671EB745D2: changes role from  FOLLOWER to CANDIDATE at term 485 for changeToCandidate
2019-10-15 16:12:32,825 [Thread-3202] INFO  impl.RoleInfo (RoleInfo.java:updateAndGet(143)) - 25d6372c-77fd-4a39-ac2a-e48debad48df: start LeaderElection
2019-10-15 16:12:32,839 [25d6372c-77fd-4a39-ac2a-e48debad48df@group-B2671EB745D2-LeaderElection452] INFO  impl.LeaderElection (LeaderElection.java:askForVotes(178)) - 25d6372c-77fd-4a39-ac2a-e48debad48df@group-B2671EB745D2-LeaderElection452: begin an election at term 486 for -1: [50423279-f647-4a18-8e85-347d68eaf856:192.168.69.88:39583, 2ec85f63-33fb-4317-9145-71357d145af9:192.168.69.88:42357, 25d6372c-77fd-4a39-ac2a-e48debad48df:192.168.69.88:39591], old=null
2019-10-15 16:12:32,841 [grpc-default-executor-0] INFO  impl.RaftServerImpl (RaftServerImpl.java:setRole(184)) - 50423279-f647-4a18-8e85-347d68eaf856@group-B2671EB745D2: changes role from  FOLLOWER to FOLLOWER at term 486 for recognizeCandidate:25d6372c-77fd-4a39-ac2a-e48debad48df
2019-10-15 16:12:32,841 [grpc-default-executor-5] INFO  impl.RaftServerImpl (RaftServerImpl.java:setRole(184)) - 2ec85f63-33fb-4317-9145-71357d145af9@group-B2671EB745D2: changes role from  FOLLOWER to FOLLOWER at term 486 for recognizeCandidate:25d6372c-77fd-4a39-ac2a-e48debad48df
2019-10-15 16:12:32,841 [grpc-default-executor-0] INFO  impl.RoleInfo (RoleInfo.java:shutdownFollowerState(121)) - 50423279-f647-4a18-8e85-347d68eaf856: shutdown FollowerState
2019-10-15 16:12:32,841 [grpc-default-executor-5] INFO  impl.RoleInfo (RoleInfo.java:shutdownFollowerState(121)) - 2ec85f63-33fb-4317-9145-71357d145af9: shutdown FollowerState
2019-10-15 16:12:32,841 [Thread-3200] INFO  impl.FollowerState (FollowerState.java:run(117)) - 50423279-f647-4a18-8e85-347d68eaf856@group-B2671EB745D2-FollowerState was interrupted: java.lang.InterruptedException: sleep interrupted
2019-10-15 16:12:32,841 [grpc-default-executor-0] INFO  impl.RoleInfo (RoleInfo.java:updateAndGet(143)) - 50423279-f647-4a18-8e85-347d68eaf856: start FollowerState
2019-10-15 16:12:32,841 [grpc-default-executor-5] INFO  impl.RoleInfo (RoleInfo.java:updateAndGet(143)) - 2ec85f63-33fb-4317-9145-71357d145af9: start FollowerState
2019-10-15 16:12:32,841 [Thread-3201] INFO  impl.FollowerState (FollowerState.java:run(117)) - 2ec85f63-33fb-4317-9145-71357d145af9@group-B2671EB745D2-FollowerState was interrupted: java.lang.InterruptedException: sleep interrupted
2019-10-15 16:12:32,853 [25d6372c-77fd-4a39-ac2a-e48debad48df@group-B2671EB745D2-LeaderElection452] INFO  impl.LeaderElection (LeaderElection.java:logAndReturn(56)) - 25d6372c-77fd-4a39-ac2a-e48debad48df@group-B2671EB745D2-LeaderElection452: Election REJECTED; received 2 response(s) [25d6372c-77fd-4a39-ac2a-e48debad48df<-50423279-f647-4a18-8e85-347d68eaf856#0:FAIL-t486, 25d6372c-77fd-4a39-ac2a-e48debad48df<-2ec85f63-33fb-4317-9145-71357d145af9#0:FAIL-t486] and 0 exception(s); 25d6372c-77fd-4a39-ac2a-e48debad48df@group-B2671EB745D2:t486, leader=null, voted=25d6372c-77fd-4a39-ac2a-e48debad48df, raftlog=25d6372c-77fd-4a39-ac2a-e48debad48df@group-B2671EB745D2-SegmentedRaftLog:OPENED:c-1,f-1,i0, conf=-1: [50423279-f647-4a18-8e85-347d68eaf856:192.168.69.88:39583, 2ec85f63-33fb-4317-9145-71357d145af9:192.168.69.88:42357, 25d6372c-77fd-4a39-ac2a-e48debad48df:192.168.69.88:39591], old=null
2019-10-15 16:12:32,853 [25d6372c-77fd-4a39-ac2a-e48debad48df@group-B2671EB745D2-LeaderElection452] INFO  impl.RaftServerImpl (RaftServerImpl.java:setRole(184)) - 25d6372c-77fd-4a39-ac2a-e48debad48df@group-B2671EB745D2: changes role from CANDIDATE to FOLLOWER at term 486 for DISCOVERED_A_NEW_TERM
2019-10-15 16:12:32,853 [25d6372c-77fd-4a39-ac2a-e48debad48df@group-B2671EB745D2-LeaderElection452] INFO  impl.RoleInfo (RoleInfo.java:shutdownLeaderElection(134)) - 25d6372c-77fd-4a39-ac2a-e48debad48df: shutdown LeaderElection
2019-10-15 16:12:32,853 [25d6372c-77fd-4a39-ac2a-e48debad48df@group-B2671EB745D2-LeaderElection452] INFO  impl.RoleInfo (RoleInfo.java:updateAndGet(143)) - 25d6372c-77fd-4a39-ac2a-e48debad48df: start FollowerState
2019-10-15 16:12:32,955 [Thread-3210] INFO  impl.FollowerState (FollowerState.java:run(108)) - 25d6372c-77fd-4a39-ac2a-e48debad48df@group-B2671EB745D2-FollowerState: change to CANDIDATE, lastRpcTime:102ms, electionTimeout:102ms
2019-10-15 16:12:32,955 [Thread-3210] INFO  impl.RoleInfo (RoleInfo.java:shutdownFollowerState(121)) - 25d6372c-77fd-4a39-ac2a-e48debad48df: shutdown FollowerState
2019-10-15 16:12:32,956 [Thread-3210] INFO  impl.RaftServerImpl (RaftServerImpl.java:setRole(184)) - 25d6372c-77fd-4a39-ac2a-e48debad48df@group-B2671EB745D2: changes role from  FOLLOWER to CANDIDATE at term 486 for changeToCandidate
2019-10-15 16:12:32,956 [Thread-3210] INFO  impl.RoleInfo (RoleInfo.java:updateAndGet(143)) - 25d6372c-77fd-4a39-ac2a-e48debad48df: start LeaderElection
2019-10-15 16:12:32,970 [25d6372c-77fd-4a39-ac2a-e48debad48df@group-B2671EB745D2-LeaderElection453] INFO  impl.LeaderElection (LeaderElection.java:askForVotes(178)) - 25d6372c-77fd-4a39-ac2a-e48debad48df@group-B2671EB745D2-LeaderElection453: begin an election at term 487 for -1: [50423279-f647-4a18-8e85-347d68eaf856:192.168.69.88:39583, 2ec85f63-33fb-4317-9145-71357d145af9:192.168.69.88:42357, 25d6372c-77fd-4a39-ac2a-e48debad48df:192.168.69.88:39591], old=null
2019-10-15 16:12:32,971 [grpc-default-executor-5] INFO  impl.RaftServerImpl (RaftServerImpl.java:setRole(184)) - 50423279-f647-4a18-8e85-347d68eaf856@group-B2671EB745D2: changes role from  FOLLOWER to FOLLOWER at term 487 for recognizeCandidate:25d6372c-77fd-4a39-ac2a-e48debad48df
2019-10-15 16:12:32,971 [grpc-default-executor-0] INFO  impl.RaftServerImpl (RaftServerImpl.java:setRole(184)) - 2ec85f63-33fb-4317-9145-71357d145af9@group-B2671EB745D2: changes role from  FOLLOWER to FOLLOWER at term 487 for recognizeCandidate:25d6372c-77fd-4a39-ac2a-e48debad48df
2019-10-15 16:12:32,972 [grpc-default-executor-0] INFO  impl.RoleInfo (RoleInfo.java:shutdownFollowerState(121)) - 2ec85f63-33fb-4317-9145-71357d145af9: shutdown FollowerState
2019-10-15 16:12:32,972 [grpc-default-executor-5] INFO  impl.RoleInfo (RoleInfo.java:shutdownFollowerState(121)) - 50423279-f647-4a18-8e85-347d68eaf856: shutdown FollowerState
2019-10-15 16:12:32,972 [Thread-3207] INFO  impl.FollowerState (FollowerState.java:run(117)) - 2ec85f63-33fb-4317-9145-71357d145af9@group-B2671EB745D2-FollowerState was interrupted: java.lang.InterruptedException: sleep interrupted
2019-10-15 16:12:32,972 [grpc-default-executor-0] INFO  impl.RoleInfo (RoleInfo.java:updateAndGet(143)) - 2ec85f63-33fb-4317-9145-71357d145af9: start FollowerState
2019-10-15 16:12:32,972 [Thread-3206] INFO  impl.FollowerState (FollowerState.java:run(117)) - 50423279-f647-4a18-8e85-347d68eaf856@group-B2671EB745D2-FollowerState was interrupted: java.lang.InterruptedException: sleep interrupted
2019-10-15 16:12:32,972 [grpc-default-executor-5] INFO  impl.RoleInfo (RoleInfo.java:updateAndGet(143)) - 50423279-f647-4a18-8e85-347d68eaf856: start FollowerState
2019-10-15 16:12:32,986 [25d6372c-77fd-4a39-ac2a-e48debad48df@group-B2671EB745D2-LeaderElection453] INFO  impl.LeaderElection (LeaderElection.java:logAndReturn(56)) - 25d6372c-77fd-4a39-ac2a-e48debad48df@group-B2671EB745D2-LeaderElection453: Election REJECTED; received 2 response(s) [25d6372c-77fd-4a39-ac2a-e48debad48df<-50423279-f647-4a18-8e85-347d68eaf856#0:FAIL-t487, 25d6372c-77fd-4a39-ac2a-e48debad48df<-2ec85f63-33fb-4317-9145-71357d145af9#0:FAIL-t487] and 0 exception(s); 25d6372c-77fd-4a39-ac2a-e48debad48df@group-B2671EB745D2:t487, leader=null, voted=25d6372c-77fd-4a39-ac2a-e48debad48df, raftlog=25d6372c-77fd-4a39-ac2a-e48debad48df@group-B2671EB745D2-SegmentedRaftLog:OPENED:c-1,f-1,i0, conf=-1: [50423279-f647-4a18-8e85-347d68eaf856:192.168.69.88:39583, 2ec85f63-33fb-4317-9145-71357d145af9:192.168.69.88:42357, 25d6372c-77fd-4a39-ac2a-e48debad48df:192.168.69.88:39591], old=null
2019-10-15 16:12:32,987 [25d6372c-77fd-4a39-ac2a-e48debad48df@group-B2671EB745D2-LeaderElection453] INFO  impl.RaftServerImpl (RaftServerImpl.java:setRole(184)) - 25d6372c-77fd-4a39-ac2a-e48debad48df@group-B2671EB745D2: changes role from CANDIDATE to FOLLOWER at term 487 for DISCOVERED_A_NEW_TERM
2019-10-15 16:12:32,987 [25d6372c-77fd-4a39-ac2a-e48debad48df@group-B2671EB745D2-LeaderElection453] INFO  impl.RoleInfo (RoleInfo.java:shutdownLeaderElection(134)) - 25d6372c-77fd-4a39-ac2a-e48debad48df: shutdown LeaderElection
2019-10-15 16:12:32,987 [25d6372c-77fd-4a39-ac2a-e48debad48df@group-B2671EB745D2-LeaderElection453] INFO  impl.RoleInfo (RoleInfo.java:updateAndGet(143)) - 25d6372c-77fd-4a39-ac2a-e48debad48df: start FollowerState
2019-10-15 16:12:33,062 [Thread-3216] INFO  impl.FollowerState (FollowerState.java:run(108)) - 25d6372c-77fd-4a39-ac2a-e48debad48df@group-B2671EB745D2-FollowerState: change to CANDIDATE, lastRpcTime:75ms, electionTimeout:75ms
2019-10-15 16:12:33,062 [Thread-3216] INFO  impl.RoleInfo (RoleInfo.java:shutdownFollowerState(121)) - 25d6372c-77fd-4a39-ac2a-e48debad48df: shutdown FollowerState
2019-10-15 16:12:33,062 [Thread-3216] INFO  impl.RaftServerImpl (RaftServerImpl.java:setRole(184)) - 25d6372c-77fd-4a39-ac2a-e48debad48df@group-B2671EB745D2: changes role from  FOLLOWER to CANDIDATE at term 487 for changeToCandidate
2019-10-15 16:12:33,063 [Thread-3216] INFO  impl.RoleInfo (RoleInfo.java:updateAndGet(143)) - 25d6372c-77fd-4a39-ac2a-e48debad48df: start LeaderElection
2019-10-15 16:12:33,084 [25d6372c-77fd-4a39-ac2a-e48debad48df@group-B2671EB745D2-LeaderElection454] INFO  impl.LeaderElection (LeaderElection.java:askForVotes(178)) - 25d6372c-77fd-4a39-ac2a-e48debad48df@group-B2671EB745D2-LeaderElection454: begin an election at term 488 for -1: [50423279-f647-4a18-8e85-347d68eaf856:192.168.69.88:39583, 2ec85f63-33fb-4317-9145-71357d145af9:192.168.69.88:42357, 25d6372c-77fd-4a39-ac2a-e48debad48df:192.168.69.88:39591], old=null
2019-10-15 16:12:33,086 [grpc-default-executor-5] INFO  impl.RaftServerImpl (RaftServerImpl.java:setRole(184)) - 50423279-f647-4a18-8e85-347d68eaf856@group-B2671EB745D2: changes role from  FOLLOWER to FOLLOWER at term 488 for recognizeCandidate:25d6372c-77fd-4a39-ac2a-e48debad48df
2019-10-15 16:12:33,087 [grpc-default-executor-5] INFO  impl.RoleInfo (RoleInfo.java:shutdownFollowerState(121)) - 50423279-f647-4a18-8e85-347d68eaf856: shutdown FollowerState
2019-10-15 16:12:33,086 [grpc-default-executor-0] INFO  impl.RaftServerImpl (RaftServerImpl.java:setRole(184)) - 2ec85f63-33fb-4317-9145-71357d145af9@group-B2671EB745D2: changes role from  FOLLOWER to FOLLOWER at term 488 for recognizeCandidate:25d6372c-77fd-4a39-ac2a-e48debad48df
2019-10-15 16:12:33,087 [grpc-default-executor-0] INFO  impl.RoleInfo (RoleInfo.java:shutdownFollowerState(121)) - 2ec85f63-33fb-4317-9145-71357d145af9: shutdown FollowerState
2019-10-15 16:12:33,087 [Thread-3215] INFO  impl.FollowerState (FollowerState.java:run(117)) - 50423279-f647-4a18-8e85-347d68eaf856@group-B2671EB745D2-FollowerState was interrupted: java.lang.InterruptedException: sleep interrupted
2019-10-15 16:12:33,087 [grpc-default-executor-5] INFO  impl.RoleInfo (RoleInfo.java:updateAndGet(143)) - 50423279-f647-4a18-8e85-347d68eaf856: start FollowerState
2019-10-15 16:12:33,087 [grpc-default-executor-0] INFO  impl.RoleInfo (RoleInfo.java:updateAndGet(143)) - 2ec85f63-33fb-4317-9145-71357d145af9: start FollowerState
2019-10-15 16:12:33,087 [Thread-3214] INFO  impl.FollowerState (FollowerState.java:run(117)) - 2ec85f63-33fb-4317-9145-71357d145af9@group-B2671EB745D2-FollowerState was interrupted: java.lang.InterruptedException: sleep interrupted
2019-10-15 16:12:33,101 [25d6372c-77fd-4a39-ac2a-e48debad48df@group-B2671EB745D2-LeaderElection454] INFO  impl.LeaderElection (LeaderElection.java:logAndReturn(56)) - 25d6372c-77fd-4a39-ac2a-e48debad48df@group-B2671EB745D2-LeaderElection454: Election REJECTED; received 2 response(s) [25d6372c-77fd-4a39-ac2a-e48debad48df<-50423279-f647-4a18-8e85-347d68eaf856#0:FAIL-t488, 25d6372c-77fd-4a39-ac2a-e48debad48df<-2ec85f63-33fb-4317-9145-71357d145af9#0:FAIL-t488] and 0 exception(s); 25d6372c-77fd-4a39-ac2a-e48debad48df@group-B2671EB745D2:t488, leader=null, voted=25d6372c-77fd-4a39-ac2a-e48debad48df, raftlog=25d6372c-77fd-4a39-ac2a-e48debad48df@group-B2671EB745D2-SegmentedRaftLog:OPENED:c-1,f-1,i0, conf=-1: [50423279-f647-4a18-8e85-347d68eaf856:192.168.69.88:39583, 2ec85f63-33fb-4317-9145-71357d145af9:192.168.69.88:42357, 25d6372c-77fd-4a39-ac2a-e48debad48df:192.168.69.88:39591], old=null
2019-10-15 16:12:33,101 [25d6372c-77fd-4a39-ac2a-e48debad48df@group-B2671EB745D2-LeaderElection454] INFO  impl.RaftServerImpl (RaftServerImpl.java:setRole(184)) - 25d6372c-77fd-4a39-ac2a-e48debad48df@group-B2671EB745D2: changes role from CANDIDATE to FOLLOWER at term 488 for DISCOVERED_A_NEW_TERM
2019-10-15 16:12:33,101 [25d6372c-77fd-4a39-ac2a-e48debad48df@group-B2671EB745D2-LeaderElection454] INFO  impl.RoleInfo (RoleInfo.java:shutdownLeaderElection(134)) - 25d6372c-77fd-4a39-ac2a-e48debad48df: shutdown LeaderElection
2019-10-15 16:12:33,102 [25d6372c-77fd-4a39-ac2a-e48debad48df@group-B2671EB745D2-LeaderElection454] INFO  impl.RoleInfo (RoleInfo.java:updateAndGet(143)) - 25d6372c-77fd-4a39-ac2a-e48debad48df: start FollowerState
2019-10-15 16:12:33,211 [Thread-3222] INFO  impl.FollowerState (FollowerState.java:run(108)) - 25d6372c-77fd-4a39-ac2a-e48debad48df@group-B2671EB745D2-FollowerState: change to CANDIDATE, lastRpcTime:109ms, electionTimeout:109ms
2019-10-15 16:12:33,211 [Thread-3222] INFO  impl.RoleInfo (RoleInfo.java:shutdownFollowerState(121)) - 25d6372c-77fd-4a39-ac2a-e48debad48df: shutdown FollowerState
2019-10-15 16:12:33,211 [Thread-3222] INFO  impl.RaftServerImpl (RaftServerImpl.java:setRole(184)) - 25d6372c-77fd-4a39-ac2a-e48debad48df@group-B2671EB745D2: changes role from  FOLLOWER to CANDIDATE at term 488 for changeToCandidate
2019-10-15 16:12:33,211 [Thread-3222] INFO  impl.RoleInfo (RoleInfo.java:updateAndGet(143)) - 25d6372c-77fd-4a39-ac2a-e48debad48df: start LeaderElection
2019-10-15 16:12:33,236 [25d6372c-77fd-4a39-ac2a-e48debad48df@group-B2671EB745D2-LeaderElection455] INFO  impl.LeaderElection (LeaderElection.java:askForVotes(178)) - 25d6372c-77fd-4a39-ac2a-e48debad48df@group-B2671EB745D2-LeaderElection455: begin an election at term 489 for -1: [50423279-f647-4a18-8e85-347d68eaf856:192.168.69.88:39583, 2ec85f63-33fb-4317-9145-71357d145af9:192.168.69.88:42357, 25d6372c-77fd-4a39-ac2a-e48debad48df:192.168.69.88:39591], old=null
2019-10-15 16:12:33,238 [grpc-default-executor-5] INFO  impl.RaftServerImpl (RaftServerImpl.java:setRole(184)) - 2ec85f63-33fb-4317-9145-71357d145af9@group-B2671EB745D2: changes role from  FOLLOWER to FOLLOWER at term 489 for recognizeCandidate:25d6372c-77fd-4a39-ac2a-e48debad48df
2019-10-15 16:12:33,238 [grpc-default-executor-0] INFO  impl.RaftServerImpl (RaftServerImpl.java:setRole(184)) - 50423279-f647-4a18-8e85-347d68eaf856@group-B2671EB745D2: changes role from  FOLLOWER to FOLLOWER at term 489 for recognizeCandidate:25d6372c-77fd-4a39-ac2a-e48debad48df
2019-10-15 16:12:33,238 [grpc-default-executor-5] INFO  impl.RoleInfo (RoleInfo.java:shutdownFollowerState(121)) - 2ec85f63-33fb-4317-9145-71357d145af9: shutdown FollowerState
2019-10-15 16:12:33,238 [grpc-default-executor-0] INFO  impl.RoleInfo (RoleInfo.java:shutdownFollowerState(121)) - 50423279-f647-4a18-8e85-347d68eaf856: shutdown FollowerState
2019-10-15 16:12:33,238 [grpc-default-executor-5] INFO  impl.RoleInfo (RoleInfo.java:updateAndGet(143)) - 2ec85f63-33fb-4317-9145-71357d145af9: start FollowerState
2019-10-15 16:12:33,238 [grpc-default-executor-0] INFO  impl.RoleInfo (RoleInfo.java:updateAndGet(143)) - 50423279-f647-4a18-8e85-347d68eaf856: start FollowerState
2019-10-15 16:12:33,238 [Thread-3221] INFO  impl.FollowerState (FollowerState.java:run(117)) - 2ec85f63-33fb-4317-9145-71357d145af9@group-B2671EB745D2-FollowerState was interrupted: java.lang.InterruptedException: sleep interrupted
2019-10-15 16:12:33,238 [Thread-3220] INFO  impl.FollowerState (FollowerState.java:run(117)) - 50423279-f647-4a18-8e85-347d68eaf856@group-B2671EB745D2-FollowerState was interrupted: java.lang.InterruptedException: sleep interrupted
2019-10-15 16:12:33,251 [25d6372c-77fd-4a39-ac2a-e48debad48df@group-B2671EB745D2-LeaderElection455] INFO  impl.LeaderElection (LeaderElection.java:logAndReturn(56)) - 25d6372c-77fd-4a39-ac2a-e48debad48df@group-B2671EB745D2-LeaderElection455: Election REJECTED; received 2 response(s) [25d6372c-77fd-4a39-ac2a-e48debad48df<-50423279-f647-4a18-8e85-347d68eaf856#0:FAIL-t489, 25d6372c-77fd-4a39-ac2a-e48debad48df<-2ec85f63-33fb-4317-9145-71357d145af9#0:FAIL-t489] and 0 exception(s); 25d6372c-77fd-4a39-ac2a-e48debad48df@group-B2671EB745D2:t489, leader=null, voted=25d6372c-77fd-4a39-ac2a-e48debad48df, raftlog=25d6372c-77fd-4a39-ac2a-e48debad48df@group-B2671EB745D2-SegmentedRaftLog:OPENED:c-1,f-1,i0, conf=-1: [50423279-f647-4a18-8e85-347d68eaf856:192.168.69.88:39583, 2ec85f63-33fb-4317-9145-71357d145af9:192.168.69.88:42357, 25d6372c-77fd-4a39-ac2a-e48debad48df:192.168.69.88:39591], old=null
2019-10-15 16:12:33,251 [25d6372c-77fd-4a39-ac2a-e48debad48df@group-B2671EB745D2-LeaderElection455] INFO  impl.RaftServerImpl (RaftServerImpl.java:setRole(184)) - 25d6372c-77fd-4a39-ac2a-e48debad48df@group-B2671EB745D2: changes role from CANDIDATE to FOLLOWER at term 489 for DISCOVERED_A_NEW_TERM
2019-10-15 16:12:33,252 [25d6372c-77fd-4a39-ac2a-e48debad48df@group-B2671EB745D2-LeaderElection455] INFO  impl.RoleInfo (RoleInfo.java:shutdownLeaderElection(134)) - 25d6372c-77fd-4a39-ac2a-e48debad48df: shutdown LeaderElection
2019-10-15 16:12:33,252 [25d6372c-77fd-4a39-ac2a-e48debad48df@group-B2671EB745D2-LeaderElection455] INFO  impl.RoleInfo (RoleInfo.java:updateAndGet(143)) - 25d6372c-77fd-4a39-ac2a-e48debad48df: start FollowerState
2019-10-15 16:12:33,435 [Thread-3228] INFO  impl.FollowerState (FollowerState.java:run(108)) - 25d6372c-77fd-4a39-ac2a-e48debad48df@group-B2671EB745D2-FollowerState: change to CANDIDATE, lastRpcTime:183ms, electionTimeout:183ms
2019-10-15 16:12:33,435 [Thread-3228] INFO  impl.RoleInfo (RoleInfo.java:shutdownFollowerState(121)) - 25d6372c-77fd-4a39-ac2a-e48debad48df: shutdown FollowerState
2019-10-15 16:12:33,435 [Thread-3228] INFO  impl.RaftServerImpl (RaftServerImpl.java:setRole(184)) - 25d6372c-77fd-4a39-ac2a-e48debad48df@group-B2671EB745D2: changes role from  FOLLOWER to CANDIDATE at term 489 for changeToCandidate
2019-10-15 16:12:33,435 [Thread-3228] INFO  impl.RoleInfo (RoleInfo.java:updateAndGet(143)) - 25d6372c-77fd-4a39-ac2a-e48debad48df: start LeaderElection
2019-10-15 16:12:33,443 [Datanode State Machine Thread - 0] INFO  statemachine.DatanodeStateMachine (DatanodeStateMachine.java:lambda$startDaemon$0(350)) - Ozone container server started.
2019-10-15 16:12:33,449 [25d6372c-77fd-4a39-ac2a-e48debad48df@group-B2671EB745D2-LeaderElection456] INFO  impl.LeaderElection (LeaderElection.java:askForVotes(178)) - 25d6372c-77fd-4a39-ac2a-e48debad48df@group-B2671EB745D2-LeaderElection456: begin an election at term 490 for -1: [50423279-f647-4a18-8e85-347d68eaf856:192.168.69.88:39583, 2ec85f63-33fb-4317-9145-71357d145af9:192.168.69.88:42357, 25d6372c-77fd-4a39-ac2a-e48debad48df:192.168.69.88:39591], old=null
2019-10-15 16:12:33,450 [grpc-default-executor-0] INFO  impl.RaftServerImpl (RaftServerImpl.java:setRole(184)) - 2ec85f63-33fb-4317-9145-71357d145af9@group-B2671EB745D2: changes role from  FOLLOWER to FOLLOWER at term 490 for recognizeCandidate:25d6372c-77fd-4a39-ac2a-e48debad48df
2019-10-15 16:12:33,450 [grpc-default-executor-0] INFO  impl.RoleInfo (RoleInfo.java:shutdownFollowerState(121)) - 2ec85f63-33fb-4317-9145-71357d145af9: shutdown FollowerState
2019-10-15 16:12:33,451 [grpc-default-executor-5] INFO  impl.RaftServerImpl (RaftServerImpl.java:setRole(184)) - 50423279-f647-4a18-8e85-347d68eaf856@group-B2671EB745D2: changes role from  FOLLOWER to FOLLOWER at term 490 for recognizeCandidate:25d6372c-77fd-4a39-ac2a-e48debad48df
2019-10-15 16:12:33,451 [grpc-default-executor-0] INFO  impl.RoleInfo (RoleInfo.java:updateAndGet(143)) - 2ec85f63-33fb-4317-9145-71357d145af9: start FollowerState
2019-10-15 16:12:33,451 [Thread-3226] INFO  impl.FollowerState (FollowerState.java:run(117)) - 2ec85f63-33fb-4317-9145-71357d145af9@group-B2671EB745D2-FollowerState was interrupted: java.lang.InterruptedException: sleep interrupted
2019-10-15 16:12:33,451 [grpc-default-executor-5] INFO  impl.RoleInfo (RoleInfo.java:shutdownFollowerState(121)) - 50423279-f647-4a18-8e85-347d68eaf856: shutdown FollowerState
2019-10-15 16:12:33,451 [grpc-default-executor-5] INFO  impl.RoleInfo (RoleInfo.java:updateAndGet(143)) - 50423279-f647-4a18-8e85-347d68eaf856: start FollowerState
2019-10-15 16:12:33,451 [Thread-3227] INFO  impl.FollowerState (FollowerState.java:run(117)) - 50423279-f647-4a18-8e85-347d68eaf856@group-B2671EB745D2-FollowerState was interrupted: java.lang.InterruptedException: sleep interrupted
2019-10-15 16:12:33,465 [25d6372c-77fd-4a39-ac2a-e48debad48df@group-B2671EB745D2-LeaderElection456] INFO  impl.LeaderElection (LeaderElection.java:logAndReturn(56)) - 25d6372c-77fd-4a39-ac2a-e48debad48df@group-B2671EB745D2-LeaderElection456: Election REJECTED; received 2 response(s) [25d6372c-77fd-4a39-ac2a-e48debad48df<-2ec85f63-33fb-4317-9145-71357d145af9#0:FAIL-t490, 25d6372c-77fd-4a39-ac2a-e48debad48df<-50423279-f647-4a18-8e85-347d68eaf856#0:FAIL-t490] and 0 exception(s); 25d6372c-77fd-4a39-ac2a-e48debad48df@group-B2671EB745D2:t490, leader=null, voted=25d6372c-77fd-4a39-ac2a-e48debad48df, raftlog=25d6372c-77fd-4a39-ac2a-e48debad48df@group-B2671EB745D2-SegmentedRaftLog:OPENED:c-1,f-1,i0, conf=-1: [50423279-f647-4a18-8e85-347d68eaf856:192.168.69.88:39583, 2ec85f63-33fb-4317-9145-71357d145af9:192.168.69.88:42357, 25d6372c-77fd-4a39-ac2a-e48debad48df:192.168.69.88:39591], old=null
2019-10-15 16:12:33,465 [25d6372c-77fd-4a39-ac2a-e48debad48df@group-B2671EB745D2-LeaderElection456] INFO  impl.RaftServerImpl (RaftServerImpl.java:setRole(184)) - 25d6372c-77fd-4a39-ac2a-e48debad48df@group-B2671EB745D2: changes role from CANDIDATE to FOLLOWER at term 490 for DISCOVERED_A_NEW_TERM
2019-10-15 16:12:33,465 [25d6372c-77fd-4a39-ac2a-e48debad48df@group-B2671EB745D2-LeaderElection456] INFO  impl.RoleInfo (RoleInfo.java:shutdownLeaderElection(134)) - 25d6372c-77fd-4a39-ac2a-e48debad48df: shutdown LeaderElection
2019-10-15 16:12:33,465 [25d6372c-77fd-4a39-ac2a-e48debad48df@group-B2671EB745D2-LeaderElection456] INFO  impl.RoleInfo (RoleInfo.java:updateAndGet(143)) - 25d6372c-77fd-4a39-ac2a-e48debad48df: start FollowerState
2019-10-15 16:12:33,512 [Thread-3234] INFO  impl.FollowerState (FollowerState.java:run(108)) - 25d6372c-77fd-4a39-ac2a-e48debad48df@group-B2671EB745D2-FollowerState: change to CANDIDATE, lastRpcTime:47ms, electionTimeout:47ms
2019-10-15 16:12:33,512 [Thread-3234] INFO  impl.RoleInfo (RoleInfo.java:shutdownFollowerState(121)) - 25d6372c-77fd-4a39-ac2a-e48debad48df: shutdown FollowerState
2019-10-15 16:12:33,512 [Thread-3234] INFO  impl.RaftServerImpl (RaftServerImpl.java:setRole(184)) - 25d6372c-77fd-4a39-ac2a-e48debad48df@group-B2671EB745D2: changes role from  FOLLOWER to CANDIDATE at term 490 for changeToCandidate
2019-10-15 16:12:33,513 [Thread-3234] INFO  impl.RoleInfo (RoleInfo.java:updateAndGet(143)) - 25d6372c-77fd-4a39-ac2a-e48debad48df: start LeaderElection
2019-10-15 16:12:33,526 [25d6372c-77fd-4a39-ac2a-e48debad48df@group-B2671EB745D2-LeaderElection457] INFO  impl.LeaderElection (LeaderElection.java:askForVotes(178)) - 25d6372c-77fd-4a39-ac2a-e48debad48df@group-B2671EB745D2-LeaderElection457: begin an election at term 491 for -1: [50423279-f647-4a18-8e85-347d68eaf856:192.168.69.88:39583, 2ec85f63-33fb-4317-9145-71357d145af9:192.168.69.88:42357, 25d6372c-77fd-4a39-ac2a-e48debad48df:192.168.69.88:39591], old=null
2019-10-15 16:12:33,527 [grpc-default-executor-0] INFO  impl.RaftServerImpl (RaftServerImpl.java:setRole(184)) - 50423279-f647-4a18-8e85-347d68eaf856@group-B2671EB745D2: changes role from  FOLLOWER to FOLLOWER at term 491 for recognizeCandidate:25d6372c-77fd-4a39-ac2a-e48debad48df
2019-10-15 16:12:33,527 [grpc-default-executor-5] INFO  impl.RaftServerImpl (RaftServerImpl.java:setRole(184)) - 2ec85f63-33fb-4317-9145-71357d145af9@group-B2671EB745D2: changes role from  FOLLOWER to FOLLOWER at term 491 for recognizeCandidate:25d6372c-77fd-4a39-ac2a-e48debad48df
2019-10-15 16:12:33,527 [grpc-default-executor-0] INFO  impl.RoleInfo (RoleInfo.java:shutdownFollowerState(121)) - 50423279-f647-4a18-8e85-347d68eaf856: shutdown FollowerState
2019-10-15 16:12:33,527 [grpc-default-executor-5] INFO  impl.RoleInfo (RoleInfo.java:shutdownFollowerState(121)) - 2ec85f63-33fb-4317-9145-71357d145af9: shutdown FollowerState
2019-10-15 16:12:33,527 [grpc-default-executor-0] INFO  impl.RoleInfo (RoleInfo.java:updateAndGet(143)) - 50423279-f647-4a18-8e85-347d68eaf856: start FollowerState
2019-10-15 16:12:33,527 [grpc-default-executor-5] INFO  impl.RoleInfo (RoleInfo.java:updateAndGet(143)) - 2ec85f63-33fb-4317-9145-71357d145af9: start FollowerState
2019-10-15 16:12:33,527 [Thread-3233] INFO  impl.FollowerState (FollowerState.java:run(117)) - 50423279-f647-4a18-8e85-347d68eaf856@group-B2671EB745D2-FollowerState was interrupted: java.lang.InterruptedException: sleep interrupted
2019-10-15 16:12:33,527 [Thread-3232] INFO  impl.FollowerState (FollowerState.java:run(117)) - 2ec85f63-33fb-4317-9145-71357d145af9@group-B2671EB745D2-FollowerState was interrupted: java.lang.InterruptedException: sleep interrupted
2019-10-15 16:12:33,542 [25d6372c-77fd-4a39-ac2a-e48debad48df@group-B2671EB745D2-LeaderElection457] INFO  impl.LeaderElection (LeaderElection.java:logAndReturn(56)) - 25d6372c-77fd-4a39-ac2a-e48debad48df@group-B2671EB745D2-LeaderElection457: Election REJECTED; received 2 response(s) [25d6372c-77fd-4a39-ac2a-e48debad48df<-2ec85f63-33fb-4317-9145-71357d145af9#0:FAIL-t491, 25d6372c-77fd-4a39-ac2a-e48debad48df<-50423279-f647-4a18-8e85-347d68eaf856#0:FAIL-t491] and 0 exception(s); 25d6372c-77fd-4a39-ac2a-e48debad48df@group-B2671EB745D2:t491, leader=null, voted=25d6372c-77fd-4a39-ac2a-e48debad48df, raftlog=25d6372c-77fd-4a39-ac2a-e48debad48df@group-B2671EB745D2-SegmentedRaftLog:OPENED:c-1,f-1,i0, conf=-1: [50423279-f647-4a18-8e85-347d68eaf856:192.168.69.88:39583, 2ec85f63-33fb-4317-9145-71357d145af9:192.168.69.88:42357, 25d6372c-77fd-4a39-ac2a-e48debad48df:192.168.69.88:39591], old=null
2019-10-15 16:12:33,542 [25d6372c-77fd-4a39-ac2a-e48debad48df@group-B2671EB745D2-LeaderElection457] INFO  impl.RaftServerImpl (RaftServerImpl.java:setRole(184)) - 25d6372c-77fd-4a39-ac2a-e48debad48df@group-B2671EB745D2: changes role from CANDIDATE to FOLLOWER at term 491 for DISCOVERED_A_NEW_TERM
2019-10-15 16:12:33,542 [25d6372c-77fd-4a39-ac2a-e48debad48df@group-B2671EB745D2-LeaderElection457] INFO  impl.RoleInfo (RoleInfo.java:shutdownLeaderElection(134)) - 25d6372c-77fd-4a39-ac2a-e48debad48df: shutdown LeaderElection
2019-10-15 16:12:33,542 [25d6372c-77fd-4a39-ac2a-e48debad48df@group-B2671EB745D2-LeaderElection457] INFO  impl.RoleInfo (RoleInfo.java:updateAndGet(143)) - 25d6372c-77fd-4a39-ac2a-e48debad48df: start FollowerState
2019-10-15 16:12:33,549 [Datanode State Machine Thread - 0] INFO  statemachine.DatanodeStateMachine (DatanodeStateMachine.java:lambda$startDaemon$0(350)) - Ozone container server started.
2019-10-15 16:12:33,657 [Thread-3240] INFO  impl.FollowerState (FollowerState.java:run(108)) - 25d6372c-77fd-4a39-ac2a-e48debad48df@group-B2671EB745D2-FollowerState: change to CANDIDATE, lastRpcTime:115ms, electionTimeout:115ms
2019-10-15 16:12:33,657 [Thread-3240] INFO  impl.RoleInfo (RoleInfo.java:shutdownFollowerState(121)) - 25d6372c-77fd-4a39-ac2a-e48debad48df: shutdown FollowerState
2019-10-15 16:12:33,658 [Thread-3240] INFO  impl.RaftServerImpl (RaftServerImpl.java:setRole(184)) - 25d6372c-77fd-4a39-ac2a-e48debad48df@group-B2671EB745D2: changes role from  FOLLOWER to CANDIDATE at term 491 for changeToCandidate
2019-10-15 16:12:33,658 [Thread-3240] INFO  impl.RoleInfo (RoleInfo.java:updateAndGet(143)) - 25d6372c-77fd-4a39-ac2a-e48debad48df: start LeaderElection
2019-10-15 16:12:33,671 [25d6372c-77fd-4a39-ac2a-e48debad48df@group-B2671EB745D2-LeaderElection458] INFO  impl.LeaderElection (LeaderElection.java:askForVotes(178)) - 25d6372c-77fd-4a39-ac2a-e48debad48df@group-B2671EB745D2-LeaderElection458: begin an election at term 492 for -1: [50423279-f647-4a18-8e85-347d68eaf856:192.168.69.88:39583, 2ec85f63-33fb-4317-9145-71357d145af9:192.168.69.88:42357, 25d6372c-77fd-4a39-ac2a-e48debad48df:192.168.69.88:39591], old=null
2019-10-15 16:12:33,673 [grpc-default-executor-0] INFO  impl.RaftServerImpl (RaftServerImpl.java:setRole(184)) - 50423279-f647-4a18-8e85-347d68eaf856@group-B2671EB745D2: changes role from  FOLLOWER to FOLLOWER at term 492 for recognizeCandidate:25d6372c-77fd-4a39-ac2a-e48debad48df
2019-10-15 16:12:33,673 [grpc-default-executor-0] INFO  impl.RoleInfo (RoleInfo.java:shutdownFollowerState(121)) - 50423279-f647-4a18-8e85-347d68eaf856: shutdown FollowerState
2019-10-15 16:12:33,673 [grpc-default-executor-5] INFO  impl.RaftServerImpl (RaftServerImpl.java:setRole(184)) - 2ec85f63-33fb-4317-9145-71357d145af9@group-B2671EB745D2: changes role from  FOLLOWER to FOLLOWER at term 492 for recognizeCandidate:25d6372c-77fd-4a39-ac2a-e48debad48df
2019-10-15 16:12:33,673 [Thread-3238] INFO  impl.FollowerState (FollowerState.java:run(117)) - 50423279-f647-4a18-8e85-347d68eaf856@group-B2671EB745D2-FollowerState was interrupted: java.lang.InterruptedException: sleep interrupted
2019-10-15 16:12:33,673 [grpc-default-executor-5] INFO  impl.RoleInfo (RoleInfo.java:shutdownFollowerState(121)) - 2ec85f63-33fb-4317-9145-71357d145af9: shutdown FollowerState
2019-10-15 16:12:33,673 [grpc-default-executor-0] INFO  impl.RoleInfo (RoleInfo.java:updateAndGet(143)) - 50423279-f647-4a18-8e85-347d68eaf856: start FollowerState
2019-10-15 16:12:33,674 [Thread-3239] INFO  impl.FollowerState (FollowerState.java:run(117)) - 2ec85f63-33fb-4317-9145-71357d145af9@group-B2671EB745D2-FollowerState was interrupted: java.lang.InterruptedException: sleep interrupted
2019-10-15 16:12:33,673 [grpc-default-executor-5] INFO  impl.RoleInfo (RoleInfo.java:updateAndGet(143)) - 2ec85f63-33fb-4317-9145-71357d145af9: start FollowerState
2019-10-15 16:12:33,689 [25d6372c-77fd-4a39-ac2a-e48debad48df@group-B2671EB745D2-LeaderElection458] INFO  impl.LeaderElection (LeaderElection.java:logAndReturn(56)) - 25d6372c-77fd-4a39-ac2a-e48debad48df@group-B2671EB745D2-LeaderElection458: Election REJECTED; received 2 response(s) [25d6372c-77fd-4a39-ac2a-e48debad48df<-2ec85f63-33fb-4317-9145-71357d145af9#0:FAIL-t492, 25d6372c-77fd-4a39-ac2a-e48debad48df<-50423279-f647-4a18-8e85-347d68eaf856#0:FAIL-t492] and 0 exception(s); 25d6372c-77fd-4a39-ac2a-e48debad48df@group-B2671EB745D2:t492, leader=null, voted=25d6372c-77fd-4a39-ac2a-e48debad48df, raftlog=25d6372c-77fd-4a39-ac2a-e48debad48df@group-B2671EB745D2-SegmentedRaftLog:OPENED:c-1,f-1,i0, conf=-1: [50423279-f647-4a18-8e85-347d68eaf856:192.168.69.88:39583, 2ec85f63-33fb-4317-9145-71357d145af9:192.168.69.88:42357, 25d6372c-77fd-4a39-ac2a-e48debad48df:192.168.69.88:39591], old=null
2019-10-15 16:12:33,689 [25d6372c-77fd-4a39-ac2a-e48debad48df@group-B2671EB745D2-LeaderElection458] INFO  impl.RaftServerImpl (RaftServerImpl.java:setRole(184)) - 25d6372c-77fd-4a39-ac2a-e48debad48df@group-B2671EB745D2: changes role from CANDIDATE to FOLLOWER at term 492 for DISCOVERED_A_NEW_TERM
2019-10-15 16:12:33,689 [25d6372c-77fd-4a39-ac2a-e48debad48df@group-B2671EB745D2-LeaderElection458] INFO  impl.RoleInfo (RoleInfo.java:shutdownLeaderElection(134)) - 25d6372c-77fd-4a39-ac2a-e48debad48df: shutdown LeaderElection
2019-10-15 16:12:33,689 [25d6372c-77fd-4a39-ac2a-e48debad48df@group-B2671EB745D2-LeaderElection458] INFO  impl.RoleInfo (RoleInfo.java:updateAndGet(143)) - 25d6372c-77fd-4a39-ac2a-e48debad48df: start FollowerState
2019-10-15 16:12:33,807 [Thread-3246] INFO  impl.FollowerState (FollowerState.java:run(108)) - 25d6372c-77fd-4a39-ac2a-e48debad48df@group-B2671EB745D2-FollowerState: change to CANDIDATE, lastRpcTime:117ms, electionTimeout:117ms
2019-10-15 16:12:33,807 [Thread-3246] INFO  impl.RoleInfo (RoleInfo.java:shutdownFollowerState(121)) - 25d6372c-77fd-4a39-ac2a-e48debad48df: shutdown FollowerState
2019-10-15 16:12:33,807 [Thread-3246] INFO  impl.RaftServerImpl (RaftServerImpl.java:setRole(184)) - 25d6372c-77fd-4a39-ac2a-e48debad48df@group-B2671EB745D2: changes role from  FOLLOWER to CANDIDATE at term 492 for changeToCandidate
2019-10-15 16:12:33,807 [Thread-3246] INFO  impl.RoleInfo (RoleInfo.java:updateAndGet(143)) - 25d6372c-77fd-4a39-ac2a-e48debad48df: start LeaderElection
2019-10-15 16:12:33,821 [25d6372c-77fd-4a39-ac2a-e48debad48df@group-B2671EB745D2-LeaderElection459] INFO  impl.LeaderElection (LeaderElection.java:askForVotes(178)) - 25d6372c-77fd-4a39-ac2a-e48debad48df@group-B2671EB745D2-LeaderElection459: begin an election at term 493 for -1: [50423279-f647-4a18-8e85-347d68eaf856:192.168.69.88:39583, 2ec85f63-33fb-4317-9145-71357d145af9:192.168.69.88:42357, 25d6372c-77fd-4a39-ac2a-e48debad48df:192.168.69.88:39591], old=null
2019-10-15 16:12:33,823 [grpc-default-executor-5] INFO  impl.RaftServerImpl (RaftServerImpl.java:setRole(184)) - 50423279-f647-4a18-8e85-347d68eaf856@group-B2671EB745D2: changes role from  FOLLOWER to FOLLOWER at term 493 for recognizeCandidate:25d6372c-77fd-4a39-ac2a-e48debad48df
2019-10-15 16:12:33,824 [grpc-default-executor-0] INFO  impl.RaftServerImpl (RaftServerImpl.java:setRole(184)) - 2ec85f63-33fb-4317-9145-71357d145af9@group-B2671EB745D2: changes role from  FOLLOWER to FOLLOWER at term 493 for recognizeCandidate:25d6372c-77fd-4a39-ac2a-e48debad48df
2019-10-15 16:12:33,824 [grpc-default-executor-0] INFO  impl.RoleInfo (RoleInfo.java:shutdownFollowerState(121)) - 2ec85f63-33fb-4317-9145-71357d145af9: shutdown FollowerState
2019-10-15 16:12:33,824 [grpc-default-executor-5] INFO  impl.RoleInfo (RoleInfo.java:shutdownFollowerState(121)) - 50423279-f647-4a18-8e85-347d68eaf856: shutdown FollowerState
2019-10-15 16:12:33,824 [Thread-3245] INFO  impl.FollowerState (FollowerState.java:run(117)) - 2ec85f63-33fb-4317-9145-71357d145af9@group-B2671EB745D2-FollowerState was interrupted: java.lang.InterruptedException: sleep interrupted
2019-10-15 16:12:33,824 [grpc-default-executor-0] INFO  impl.RoleInfo (RoleInfo.java:updateAndGet(143)) - 2ec85f63-33fb-4317-9145-71357d145af9: start FollowerState
2019-10-15 16:12:33,824 [Thread-3244] INFO  impl.FollowerState (FollowerState.java:run(117)) - 50423279-f647-4a18-8e85-347d68eaf856@group-B2671EB745D2-FollowerState was interrupted: java.lang.InterruptedException: sleep interrupted
2019-10-15 16:12:33,824 [grpc-default-executor-5] INFO  impl.RoleInfo (RoleInfo.java:updateAndGet(143)) - 50423279-f647-4a18-8e85-347d68eaf856: start FollowerState
2019-10-15 16:12:33,838 [25d6372c-77fd-4a39-ac2a-e48debad48df@group-B2671EB745D2-LeaderElection459] INFO  impl.LeaderElection (LeaderElection.java:logAndReturn(56)) - 25d6372c-77fd-4a39-ac2a-e48debad48df@group-B2671EB745D2-LeaderElection459: Election REJECTED; received 2 response(s) [25d6372c-77fd-4a39-ac2a-e48debad48df<-2ec85f63-33fb-4317-9145-71357d145af9#0:FAIL-t493, 25d6372c-77fd-4a39-ac2a-e48debad48df<-50423279-f647-4a18-8e85-347d68eaf856#0:FAIL-t493] and 0 exception(s); 25d6372c-77fd-4a39-ac2a-e48debad48df@group-B2671EB745D2:t493, leader=null, voted=25d6372c-77fd-4a39-ac2a-e48debad48df, raftlog=25d6372c-77fd-4a39-ac2a-e48debad48df@group-B2671EB745D2-SegmentedRaftLog:OPENED:c-1,f-1,i0, conf=-1: [50423279-f647-4a18-8e85-347d68eaf856:192.168.69.88:39583, 2ec85f63-33fb-4317-9145-71357d145af9:192.168.69.88:42357, 25d6372c-77fd-4a39-ac2a-e48debad48df:192.168.69.88:39591], old=null
2019-10-15 16:12:33,839 [25d6372c-77fd-4a39-ac2a-e48debad48df@group-B2671EB745D2-LeaderElection459] INFO  impl.RaftServerImpl (RaftServerImpl.java:setRole(184)) - 25d6372c-77fd-4a39-ac2a-e48debad48df@group-B2671EB745D2: changes role from CANDIDATE to FOLLOWER at term 493 for DISCOVERED_A_NEW_TERM
2019-10-15 16:12:33,839 [25d6372c-77fd-4a39-ac2a-e48debad48df@group-B2671EB745D2-LeaderElection459] INFO  impl.RoleInfo (RoleInfo.java:shutdownLeaderElection(134)) - 25d6372c-77fd-4a39-ac2a-e48debad48df: shutdown LeaderElection
2019-10-15 16:12:33,839 [25d6372c-77fd-4a39-ac2a-e48debad48df@group-B2671EB745D2-LeaderElection459] INFO  impl.RoleInfo (RoleInfo.java:updateAndGet(143)) - 25d6372c-77fd-4a39-ac2a-e48debad48df: start FollowerState
2019-10-15 16:12:33,858 [Thread-3252] INFO  impl.FollowerState (FollowerState.java:run(108)) - 25d6372c-77fd-4a39-ac2a-e48debad48df@group-B2671EB745D2-FollowerState: change to CANDIDATE, lastRpcTime:19ms, electionTimeout:19ms
2019-10-15 16:12:33,858 [Thread-3252] INFO  impl.RoleInfo (RoleInfo.java:shutdownFollowerState(121)) - 25d6372c-77fd-4a39-ac2a-e48debad48df: shutdown FollowerState
2019-10-15 16:12:33,858 [Thread-3252] INFO  impl.RaftServerImpl (RaftServerImpl.java:setRole(184)) - 25d6372c-77fd-4a39-ac2a-e48debad48df@group-B2671EB745D2: changes role from  FOLLOWER to CANDIDATE at term 493 for changeToCandidate
2019-10-15 16:12:33,858 [Thread-3252] INFO  impl.RoleInfo (RoleInfo.java:updateAndGet(143)) - 25d6372c-77fd-4a39-ac2a-e48debad48df: start LeaderElection
2019-10-15 16:12:33,872 [25d6372c-77fd-4a39-ac2a-e48debad48df@group-B2671EB745D2-LeaderElection460] INFO  impl.LeaderElection (LeaderElection.java:askForVotes(178)) - 25d6372c-77fd-4a39-ac2a-e48debad48df@group-B2671EB745D2-LeaderElection460: begin an election at term 494 for -1: [50423279-f647-4a18-8e85-347d68eaf856:192.168.69.88:39583, 2ec85f63-33fb-4317-9145-71357d145af9:192.168.69.88:42357, 25d6372c-77fd-4a39-ac2a-e48debad48df:192.168.69.88:39591], old=null
2019-10-15 16:12:33,874 [grpc-default-executor-0] INFO  impl.RaftServerImpl (RaftServerImpl.java:setRole(184)) - 50423279-f647-4a18-8e85-347d68eaf856@group-B2671EB745D2: changes role from  FOLLOWER to FOLLOWER at term 494 for recognizeCandidate:25d6372c-77fd-4a39-ac2a-e48debad48df
2019-10-15 16:12:33,874 [grpc-default-executor-0] INFO  impl.RoleInfo (RoleInfo.java:shutdownFollowerState(121)) - 50423279-f647-4a18-8e85-347d68eaf856: shutdown FollowerState
2019-10-15 16:12:33,874 [grpc-default-executor-5] INFO  impl.RaftServerImpl (RaftServerImpl.java:setRole(184)) - 2ec85f63-33fb-4317-9145-71357d145af9@group-B2671EB745D2: changes role from  FOLLOWER to FOLLOWER at term 494 for recognizeCandidate:25d6372c-77fd-4a39-ac2a-e48debad48df
2019-10-15 16:12:33,874 [grpc-default-executor-5] INFO  impl.RoleInfo (RoleInfo.java:shutdownFollowerState(121)) - 2ec85f63-33fb-4317-9145-71357d145af9: shutdown FollowerState
2019-10-15 16:12:33,874 [Thread-3251] INFO  impl.FollowerState (FollowerState.java:run(117)) - 50423279-f647-4a18-8e85-347d68eaf856@group-B2671EB745D2-FollowerState was interrupted: java.lang.InterruptedException: sleep interrupted
2019-10-15 16:12:33,874 [grpc-default-executor-0] INFO  impl.RoleInfo (RoleInfo.java:updateAndGet(143)) - 50423279-f647-4a18-8e85-347d68eaf856: start FollowerState
2019-10-15 16:12:33,874 [Thread-3250] INFO  impl.FollowerState (FollowerState.java:run(117)) - 2ec85f63-33fb-4317-9145-71357d145af9@group-B2671EB745D2-FollowerState was interrupted: java.lang.InterruptedException: sleep interrupted
2019-10-15 16:12:33,874 [grpc-default-executor-5] INFO  impl.RoleInfo (RoleInfo.java:updateAndGet(143)) - 2ec85f63-33fb-4317-9145-71357d145af9: start FollowerState
2019-10-15 16:12:33,889 [25d6372c-77fd-4a39-ac2a-e48debad48df@group-B2671EB745D2-LeaderElection460] INFO  impl.LeaderElection (LeaderElection.java:logAndReturn(56)) - 25d6372c-77fd-4a39-ac2a-e48debad48df@group-B2671EB745D2-LeaderElection460: Election REJECTED; received 2 response(s) [25d6372c-77fd-4a39-ac2a-e48debad48df<-2ec85f63-33fb-4317-9145-71357d145af9#0:FAIL-t494, 25d6372c-77fd-4a39-ac2a-e48debad48df<-50423279-f647-4a18-8e85-347d68eaf856#0:FAIL-t494] and 0 exception(s); 25d6372c-77fd-4a39-ac2a-e48debad48df@group-B2671EB745D2:t494, leader=null, voted=25d6372c-77fd-4a39-ac2a-e48debad48df, raftlog=25d6372c-77fd-4a39-ac2a-e48debad48df@group-B2671EB745D2-SegmentedRaftLog:OPENED:c-1,f-1,i0, conf=-1: [50423279-f647-4a18-8e85-347d68eaf856:192.168.69.88:39583, 2ec85f63-33fb-4317-9145-71357d145af9:192.168.69.88:42357, 25d6372c-77fd-4a39-ac2a-e48debad48df:192.168.69.88:39591], old=null
2019-10-15 16:12:33,889 [25d6372c-77fd-4a39-ac2a-e48debad48df@group-B2671EB745D2-LeaderElection460] INFO  impl.RaftServerImpl (RaftServerImpl.java:setRole(184)) - 25d6372c-77fd-4a39-ac2a-e48debad48df@group-B2671EB745D2: changes role from CANDIDATE to FOLLOWER at term 494 for DISCOVERED_A_NEW_TERM
2019-10-15 16:12:33,889 [25d6372c-77fd-4a39-ac2a-e48debad48df@group-B2671EB745D2-LeaderElection460] INFO  impl.RoleInfo (RoleInfo.java:shutdownLeaderElection(134)) - 25d6372c-77fd-4a39-ac2a-e48debad48df: shutdown LeaderElection
2019-10-15 16:12:33,889 [25d6372c-77fd-4a39-ac2a-e48debad48df@group-B2671EB745D2-LeaderElection460] INFO  impl.RoleInfo (RoleInfo.java:updateAndGet(143)) - 25d6372c-77fd-4a39-ac2a-e48debad48df: start FollowerState
2019-10-15 16:12:33,996 [Thread-3260] INFO  impl.FollowerState (FollowerState.java:run(108)) - 25d6372c-77fd-4a39-ac2a-e48debad48df@group-B2671EB745D2-FollowerState: change to CANDIDATE, lastRpcTime:107ms, electionTimeout:107ms
2019-10-15 16:12:33,997 [Thread-3260] INFO  impl.RoleInfo (RoleInfo.java:shutdownFollowerState(121)) - 25d6372c-77fd-4a39-ac2a-e48debad48df: shutdown FollowerState
2019-10-15 16:12:33,997 [Thread-3260] INFO  impl.RaftServerImpl (RaftServerImpl.java:setRole(184)) - 25d6372c-77fd-4a39-ac2a-e48debad48df@group-B2671EB745D2: changes role from  FOLLOWER to CANDIDATE at term 494 for changeToCandidate
2019-10-15 16:12:33,997 [Thread-3260] INFO  impl.RoleInfo (RoleInfo.java:updateAndGet(143)) - 25d6372c-77fd-4a39-ac2a-e48debad48df: start LeaderElection
2019-10-15 16:12:34,012 [25d6372c-77fd-4a39-ac2a-e48debad48df@group-B2671EB745D2-LeaderElection461] INFO  impl.LeaderElection (LeaderElection.java:askForVotes(178)) - 25d6372c-77fd-4a39-ac2a-e48debad48df@group-B2671EB745D2-LeaderElection461: begin an election at term 495 for -1: [50423279-f647-4a18-8e85-347d68eaf856:192.168.69.88:39583, 2ec85f63-33fb-4317-9145-71357d145af9:192.168.69.88:42357, 25d6372c-77fd-4a39-ac2a-e48debad48df:192.168.69.88:39591], old=null
2019-10-15 16:12:34,014 [grpc-default-executor-0] INFO  impl.RaftServerImpl (RaftServerImpl.java:setRole(184)) - 2ec85f63-33fb-4317-9145-71357d145af9@group-B2671EB745D2: changes role from  FOLLOWER to FOLLOWER at term 495 for recognizeCandidate:25d6372c-77fd-4a39-ac2a-e48debad48df
2019-10-15 16:12:34,014 [grpc-default-executor-0] INFO  impl.RoleInfo (RoleInfo.java:shutdownFollowerState(121)) - 2ec85f63-33fb-4317-9145-71357d145af9: shutdown FollowerState
2019-10-15 16:12:34,014 [grpc-default-executor-5] INFO  impl.RaftServerImpl (RaftServerImpl.java:setRole(184)) - 50423279-f647-4a18-8e85-347d68eaf856@group-B2671EB745D2: changes role from  FOLLOWER to FOLLOWER at term 495 for recognizeCandidate:25d6372c-77fd-4a39-ac2a-e48debad48df
2019-10-15 16:12:34,014 [Thread-3259] INFO  impl.FollowerState (FollowerState.java:run(117)) - 2ec85f63-33fb-4317-9145-71357d145af9@group-B2671EB745D2-FollowerState was interrupted: java.lang.InterruptedException: sleep interrupted
2019-10-15 16:12:34,014 [grpc-default-executor-0] INFO  impl.RoleInfo (RoleInfo.java:updateAndGet(143)) - 2ec85f63-33fb-4317-9145-71357d145af9: start FollowerState
2019-10-15 16:12:34,014 [grpc-default-executor-5] INFO  impl.RoleInfo (RoleInfo.java:shutdownFollowerState(121)) - 50423279-f647-4a18-8e85-347d68eaf856: shutdown FollowerState
2019-10-15 16:12:34,015 [grpc-default-executor-5] INFO  impl.RoleInfo (RoleInfo.java:updateAndGet(143)) - 50423279-f647-4a18-8e85-347d68eaf856: start FollowerState
2019-10-15 16:12:34,015 [Thread-3258] INFO  impl.FollowerState (FollowerState.java:run(117)) - 50423279-f647-4a18-8e85-347d68eaf856@group-B2671EB745D2-FollowerState was interrupted: java.lang.InterruptedException: sleep interrupted
2019-10-15 16:12:34,028 [25d6372c-77fd-4a39-ac2a-e48debad48df@group-B2671EB745D2-LeaderElection461] INFO  impl.LeaderElection (LeaderElection.java:logAndReturn(56)) - 25d6372c-77fd-4a39-ac2a-e48debad48df@group-B2671EB745D2-LeaderElection461: Election REJECTED; received 2 response(s) [25d6372c-77fd-4a39-ac2a-e48debad48df<-2ec85f63-33fb-4317-9145-71357d145af9#0:FAIL-t495, 25d6372c-77fd-4a39-ac2a-e48debad48df<-50423279-f647-4a18-8e85-347d68eaf856#0:FAIL-t495] and 0 exception(s); 25d6372c-77fd-4a39-ac2a-e48debad48df@group-B2671EB745D2:t495, leader=null, voted=25d6372c-77fd-4a39-ac2a-e48debad48df, raftlog=25d6372c-77fd-4a39-ac2a-e48debad48df@group-B2671EB745D2-SegmentedRaftLog:OPENED:c-1,f-1,i0, conf=-1: [50423279-f647-4a18-8e85-347d68eaf856:192.168.69.88:39583, 2ec85f63-33fb-4317-9145-71357d145af9:192.168.69.88:42357, 25d6372c-77fd-4a39-ac2a-e48debad48df:192.168.69.88:39591], old=null
2019-10-15 16:12:34,029 [25d6372c-77fd-4a39-ac2a-e48debad48df@group-B2671EB745D2-LeaderElection461] INFO  impl.RaftServerImpl (RaftServerImpl.java:setRole(184)) - 25d6372c-77fd-4a39-ac2a-e48debad48df@group-B2671EB745D2: changes role from CANDIDATE to FOLLOWER at term 495 for DISCOVERED_A_NEW_TERM
2019-10-15 16:12:34,029 [25d6372c-77fd-4a39-ac2a-e48debad48df@group-B2671EB745D2-LeaderElection461] INFO  impl.RoleInfo (RoleInfo.java:shutdownLeaderElection(134)) - 25d6372c-77fd-4a39-ac2a-e48debad48df: shutdown LeaderElection
2019-10-15 16:12:34,029 [25d6372c-77fd-4a39-ac2a-e48debad48df@group-B2671EB745D2-LeaderElection461] INFO  impl.RoleInfo (RoleInfo.java:updateAndGet(143)) - 25d6372c-77fd-4a39-ac2a-e48debad48df: start FollowerState
2019-10-15 16:12:34,117 [Thread-3266] INFO  impl.FollowerState (FollowerState.java:run(108)) - 25d6372c-77fd-4a39-ac2a-e48debad48df@group-B2671EB745D2-FollowerState: change to CANDIDATE, lastRpcTime:88ms, electionTimeout:88ms
2019-10-15 16:12:34,117 [Thread-3266] INFO  impl.RoleInfo (RoleInfo.java:shutdownFollowerState(121)) - 25d6372c-77fd-4a39-ac2a-e48debad48df: shutdown FollowerState
2019-10-15 16:12:34,117 [Thread-3266] INFO  impl.RaftServerImpl (RaftServerImpl.java:setRole(184)) - 25d6372c-77fd-4a39-ac2a-e48debad48df@group-B2671EB745D2: changes role from  FOLLOWER to CANDIDATE at term 495 for changeToCandidate
2019-10-15 16:12:34,118 [Thread-3266] INFO  impl.RoleInfo (RoleInfo.java:updateAndGet(143)) - 25d6372c-77fd-4a39-ac2a-e48debad48df: start LeaderElection
2019-10-15 16:12:34,132 [25d6372c-77fd-4a39-ac2a-e48debad48df@group-B2671EB745D2-LeaderElection462] INFO  impl.LeaderElection (LeaderElection.java:askForVotes(178)) - 25d6372c-77fd-4a39-ac2a-e48debad48df@group-B2671EB745D2-LeaderElection462: begin an election at term 496 for -1: [50423279-f647-4a18-8e85-347d68eaf856:192.168.69.88:39583, 2ec85f63-33fb-4317-9145-71357d145af9:192.168.69.88:42357, 25d6372c-77fd-4a39-ac2a-e48debad48df:192.168.69.88:39591], old=null
2019-10-15 16:12:34,134 [grpc-default-executor-0] INFO  impl.RaftServerImpl (RaftServerImpl.java:setRole(184)) - 50423279-f647-4a18-8e85-347d68eaf856@group-B2671EB745D2: changes role from  FOLLOWER to FOLLOWER at term 496 for recognizeCandidate:25d6372c-77fd-4a39-ac2a-e48debad48df
2019-10-15 16:12:34,134 [grpc-default-executor-5] INFO  impl.RaftServerImpl (RaftServerImpl.java:setRole(184)) - 2ec85f63-33fb-4317-9145-71357d145af9@group-B2671EB745D2: changes role from  FOLLOWER to FOLLOWER at term 496 for recognizeCandidate:25d6372c-77fd-4a39-ac2a-e48debad48df
2019-10-15 16:12:34,135 [grpc-default-executor-5] INFO  impl.RoleInfo (RoleInfo.java:shutdownFollowerState(121)) - 2ec85f63-33fb-4317-9145-71357d145af9: shutdown FollowerState
2019-10-15 16:12:34,134 [grpc-default-executor-0] INFO  impl.RoleInfo (RoleInfo.java:shutdownFollowerState(121)) - 50423279-f647-4a18-8e85-347d68eaf856: shutdown FollowerState
2019-10-15 16:12:34,135 [Thread-3264] INFO  impl.FollowerState (FollowerState.java:run(117)) - 2ec85f63-33fb-4317-9145-71357d145af9@group-B2671EB745D2-FollowerState was interrupted: java.lang.InterruptedException: sleep interrupted
2019-10-15 16:12:34,135 [grpc-default-executor-0] INFO  impl.RoleInfo (RoleInfo.java:updateAndGet(143)) - 50423279-f647-4a18-8e85-347d68eaf856: start FollowerState
2019-10-15 16:12:34,135 [grpc-default-executor-5] INFO  impl.RoleInfo (RoleInfo.java:updateAndGet(143)) - 2ec85f63-33fb-4317-9145-71357d145af9: start FollowerState
2019-10-15 16:12:34,135 [Thread-3265] INFO  impl.FollowerState (FollowerState.java:run(117)) - 50423279-f647-4a18-8e85-347d68eaf856@group-B2671EB745D2-FollowerState was interrupted: java.lang.InterruptedException: sleep interrupted
2019-10-15 16:12:34,227 [25d6372c-77fd-4a39-ac2a-e48debad48df@group-B2671EB745D2-LeaderElection462] INFO  impl.LeaderElection (LeaderElection.java:logAndReturn(56)) - 25d6372c-77fd-4a39-ac2a-e48debad48df@group-B2671EB745D2-LeaderElection462: Election REJECTED; received 2 response(s) [25d6372c-77fd-4a39-ac2a-e48debad48df<-2ec85f63-33fb-4317-9145-71357d145af9#0:FAIL-t496, 25d6372c-77fd-4a39-ac2a-e48debad48df<-50423279-f647-4a18-8e85-347d68eaf856#0:FAIL-t496] and 0 exception(s); 25d6372c-77fd-4a39-ac2a-e48debad48df@group-B2671EB745D2:t496, leader=null, voted=25d6372c-77fd-4a39-ac2a-e48debad48df, raftlog=25d6372c-77fd-4a39-ac2a-e48debad48df@group-B2671EB745D2-SegmentedRaftLog:OPENED:c-1,f-1,i0, conf=-1: [50423279-f647-4a18-8e85-347d68eaf856:192.168.69.88:39583, 2ec85f63-33fb-4317-9145-71357d145af9:192.168.69.88:42357, 25d6372c-77fd-4a39-ac2a-e48debad48df:192.168.69.88:39591], old=null
2019-10-15 16:12:34,228 [25d6372c-77fd-4a39-ac2a-e48debad48df@group-B2671EB745D2-LeaderElection462] INFO  impl.RaftServerImpl (RaftServerImpl.java:setRole(184)) - 25d6372c-77fd-4a39-ac2a-e48debad48df@group-B2671EB745D2: changes role from CANDIDATE to FOLLOWER at term 496 for DISCOVERED_A_NEW_TERM
2019-10-15 16:12:34,228 [25d6372c-77fd-4a39-ac2a-e48debad48df@group-B2671EB745D2-LeaderElection462] INFO  impl.RoleInfo (RoleInfo.java:shutdownLeaderElection(134)) - 25d6372c-77fd-4a39-ac2a-e48debad48df: shutdown LeaderElection
2019-10-15 16:12:34,228 [25d6372c-77fd-4a39-ac2a-e48debad48df@group-B2671EB745D2-LeaderElection462] INFO  impl.RoleInfo (RoleInfo.java:updateAndGet(143)) - 25d6372c-77fd-4a39-ac2a-e48debad48df: start FollowerState
2019-10-15 16:12:34,392 [Thread-3272] INFO  impl.FollowerState (FollowerState.java:run(108)) - 25d6372c-77fd-4a39-ac2a-e48debad48df@group-B2671EB745D2-FollowerState: change to CANDIDATE, lastRpcTime:164ms, electionTimeout:164ms
2019-10-15 16:12:34,392 [Thread-3272] INFO  impl.RoleInfo (RoleInfo.java:shutdownFollowerState(121)) - 25d6372c-77fd-4a39-ac2a-e48debad48df: shutdown FollowerState
2019-10-15 16:12:34,393 [Thread-3272] INFO  impl.RaftServerImpl (RaftServerImpl.java:setRole(184)) - 25d6372c-77fd-4a39-ac2a-e48debad48df@group-B2671EB745D2: changes role from  FOLLOWER to CANDIDATE at term 496 for changeToCandidate
2019-10-15 16:12:34,393 [Thread-3272] INFO  impl.RoleInfo (RoleInfo.java:updateAndGet(143)) - 25d6372c-77fd-4a39-ac2a-e48debad48df: start LeaderElection
2019-10-15 16:12:34,402 [25d6372c-77fd-4a39-ac2a-e48debad48df@group-B2671EB745D2-LeaderElection463] INFO  impl.LeaderElection (LeaderElection.java:askForVotes(178)) - 25d6372c-77fd-4a39-ac2a-e48debad48df@group-B2671EB745D2-LeaderElection463: begin an election at term 497 for -1: [50423279-f647-4a18-8e85-347d68eaf856:192.168.69.88:39583, 2ec85f63-33fb-4317-9145-71357d145af9:192.168.69.88:42357, 25d6372c-77fd-4a39-ac2a-e48debad48df:192.168.69.88:39591], old=null
2019-10-15 16:12:34,404 [grpc-default-executor-5] INFO  impl.RaftServerImpl (RaftServerImpl.java:setRole(184)) - 50423279-f647-4a18-8e85-347d68eaf856@group-B2671EB745D2: changes role from  FOLLOWER to FOLLOWER at term 497 for recognizeCandidate:25d6372c-77fd-4a39-ac2a-e48debad48df
2019-10-15 16:12:34,404 [grpc-default-executor-0] INFO  impl.RaftServerImpl (RaftServerImpl.java:setRole(184)) - 2ec85f63-33fb-4317-9145-71357d145af9@group-B2671EB745D2: changes role from  FOLLOWER to FOLLOWER at term 497 for recognizeCandidate:25d6372c-77fd-4a39-ac2a-e48debad48df
2019-10-15 16:12:34,404 [grpc-default-executor-5] INFO  impl.RoleInfo (RoleInfo.java:shutdownFollowerState(121)) - 50423279-f647-4a18-8e85-347d68eaf856: shutdown FollowerState
2019-10-15 16:12:34,404 [grpc-default-executor-0] INFO  impl.RoleInfo (RoleInfo.java:shutdownFollowerState(121)) - 2ec85f63-33fb-4317-9145-71357d145af9: shutdown FollowerState
2019-10-15 16:12:34,404 [Thread-3271] INFO  impl.FollowerState (FollowerState.java:run(117)) - 50423279-f647-4a18-8e85-347d68eaf856@group-B2671EB745D2-FollowerState was interrupted: java.lang.InterruptedException: sleep interrupted
2019-10-15 16:12:34,405 [Thread-3270] INFO  impl.FollowerState (FollowerState.java:run(117)) - 2ec85f63-33fb-4317-9145-71357d145af9@group-B2671EB745D2-FollowerState was interrupted: java.lang.InterruptedException: sleep interrupted
2019-10-15 16:12:34,404 [grpc-default-executor-5] INFO  impl.RoleInfo (RoleInfo.java:updateAndGet(143)) - 50423279-f647-4a18-8e85-347d68eaf856: start FollowerState
2019-10-15 16:12:34,405 [grpc-default-executor-0] INFO  impl.RoleInfo (RoleInfo.java:updateAndGet(143)) - 2ec85f63-33fb-4317-9145-71357d145af9: start FollowerState
2019-10-15 16:12:34,413 [25d6372c-77fd-4a39-ac2a-e48debad48df@group-B2671EB745D2-LeaderElection463] INFO  impl.LeaderElection (LeaderElection.java:logAndReturn(56)) - 25d6372c-77fd-4a39-ac2a-e48debad48df@group-B2671EB745D2-LeaderElection463: Election REJECTED; received 2 response(s) [25d6372c-77fd-4a39-ac2a-e48debad48df<-50423279-f647-4a18-8e85-347d68eaf856#0:FAIL-t497, 25d6372c-77fd-4a39-ac2a-e48debad48df<-2ec85f63-33fb-4317-9145-71357d145af9#0:FAIL-t497] and 0 exception(s); 25d6372c-77fd-4a39-ac2a-e48debad48df@group-B2671EB745D2:t497, leader=null, voted=25d6372c-77fd-4a39-ac2a-e48debad48df, raftlog=25d6372c-77fd-4a39-ac2a-e48debad48df@group-B2671EB745D2-SegmentedRaftLog:OPENED:c-1,f-1,i0, conf=-1: [50423279-f647-4a18-8e85-347d68eaf856:192.168.69.88:39583, 2ec85f63-33fb-4317-9145-71357d145af9:192.168.69.88:42357, 25d6372c-77fd-4a39-ac2a-e48debad48df:192.168.69.88:39591], old=null
2019-10-15 16:12:34,413 [25d6372c-77fd-4a39-ac2a-e48debad48df@group-B2671EB745D2-LeaderElection463] INFO  impl.RaftServerImpl (RaftServerImpl.java:setRole(184)) - 25d6372c-77fd-4a39-ac2a-e48debad48df@group-B2671EB745D2: changes role from CANDIDATE to FOLLOWER at term 497 for DISCOVERED_A_NEW_TERM
2019-10-15 16:12:34,413 [25d6372c-77fd-4a39-ac2a-e48debad48df@group-B2671EB745D2-LeaderElection463] INFO  impl.RoleInfo (RoleInfo.java:shutdownLeaderElection(134)) - 25d6372c-77fd-4a39-ac2a-e48debad48df: shutdown LeaderElection
2019-10-15 16:12:34,413 [25d6372c-77fd-4a39-ac2a-e48debad48df@group-B2671EB745D2-LeaderElection463] INFO  impl.RoleInfo (RoleInfo.java:updateAndGet(143)) - 25d6372c-77fd-4a39-ac2a-e48debad48df: start FollowerState
2019-10-15 16:12:34,568 [Thread-3278] INFO  impl.FollowerState (FollowerState.java:run(108)) - 25d6372c-77fd-4a39-ac2a-e48debad48df@group-B2671EB745D2-FollowerState: change to CANDIDATE, lastRpcTime:155ms, electionTimeout:155ms
2019-10-15 16:12:34,569 [Thread-3278] INFO  impl.RoleInfo (RoleInfo.java:shutdownFollowerState(121)) - 25d6372c-77fd-4a39-ac2a-e48debad48df: shutdown FollowerState
2019-10-15 16:12:34,569 [Thread-3278] INFO  impl.RaftServerImpl (RaftServerImpl.java:setRole(184)) - 25d6372c-77fd-4a39-ac2a-e48debad48df@group-B2671EB745D2: changes role from  FOLLOWER to CANDIDATE at term 497 for changeToCandidate
2019-10-15 16:12:34,569 [Thread-3278] INFO  impl.RoleInfo (RoleInfo.java:updateAndGet(143)) - 25d6372c-77fd-4a39-ac2a-e48debad48df: start LeaderElection
2019-10-15 16:12:34,575 [25d6372c-77fd-4a39-ac2a-e48debad48df@group-B2671EB745D2-LeaderElection464] INFO  impl.LeaderElection (LeaderElection.java:askForVotes(178)) - 25d6372c-77fd-4a39-ac2a-e48debad48df@group-B2671EB745D2-LeaderElection464: begin an election at term 498 for -1: [50423279-f647-4a18-8e85-347d68eaf856:192.168.69.88:39583, 2ec85f63-33fb-4317-9145-71357d145af9:192.168.69.88:42357, 25d6372c-77fd-4a39-ac2a-e48debad48df:192.168.69.88:39591], old=null
2019-10-15 16:12:34,577 [grpc-default-executor-5] INFO  impl.RaftServerImpl (RaftServerImpl.java:setRole(184)) - 50423279-f647-4a18-8e85-347d68eaf856@group-B2671EB745D2: changes role from  FOLLOWER to FOLLOWER at term 498 for recognizeCandidate:25d6372c-77fd-4a39-ac2a-e48debad48df
2019-10-15 16:12:34,577 [grpc-default-executor-0] INFO  impl.RaftServerImpl (RaftServerImpl.java:setRole(184)) - 2ec85f63-33fb-4317-9145-71357d145af9@group-B2671EB745D2: changes role from  FOLLOWER to FOLLOWER at term 498 for recognizeCandidate:25d6372c-77fd-4a39-ac2a-e48debad48df
2019-10-15 16:12:34,577 [grpc-default-executor-0] INFO  impl.RoleInfo (RoleInfo.java:shutdownFollowerState(121)) - 2ec85f63-33fb-4317-9145-71357d145af9: shutdown FollowerState
2019-10-15 16:12:34,577 [grpc-default-executor-5] INFO  impl.RoleInfo (RoleInfo.java:shutdownFollowerState(121)) - 50423279-f647-4a18-8e85-347d68eaf856: shutdown FollowerState
2019-10-15 16:12:34,578 [Thread-3277] INFO  impl.FollowerState (FollowerState.java:run(117)) - 2ec85f63-33fb-4317-9145-71357d145af9@group-B2671EB745D2-FollowerState was interrupted: java.lang.InterruptedException: sleep interrupted
2019-10-15 16:12:34,578 [Thread-3276] INFO  impl.FollowerState (FollowerState.java:run(117)) - 50423279-f647-4a18-8e85-347d68eaf856@group-B2671EB745D2-FollowerState was interrupted: java.lang.InterruptedException: sleep interrupted
2019-10-15 16:12:34,577 [grpc-default-executor-0] INFO  impl.RoleInfo (RoleInfo.java:updateAndGet(143)) - 2ec85f63-33fb-4317-9145-71357d145af9: start FollowerState
2019-10-15 16:12:34,578 [grpc-default-executor-5] INFO  impl.RoleInfo (RoleInfo.java:updateAndGet(143)) - 50423279-f647-4a18-8e85-347d68eaf856: start FollowerState
2019-10-15 16:12:34,587 [25d6372c-77fd-4a39-ac2a-e48debad48df@group-B2671EB745D2-LeaderElection464] INFO  impl.LeaderElection (LeaderElection.java:logAndReturn(56)) - 25d6372c-77fd-4a39-ac2a-e48debad48df@group-B2671EB745D2-LeaderElection464: Election REJECTED; received 2 response(s) [25d6372c-77fd-4a39-ac2a-e48debad48df<-2ec85f63-33fb-4317-9145-71357d145af9#0:FAIL-t498, 25d6372c-77fd-4a39-ac2a-e48debad48df<-50423279-f647-4a18-8e85-347d68eaf856#0:FAIL-t498] and 0 exception(s); 25d6372c-77fd-4a39-ac2a-e48debad48df@group-B2671EB745D2:t498, leader=null, voted=25d6372c-77fd-4a39-ac2a-e48debad48df, raftlog=25d6372c-77fd-4a39-ac2a-e48debad48df@group-B2671EB745D2-SegmentedRaftLog:OPENED:c-1,f-1,i0, conf=-1: [50423279-f647-4a18-8e85-347d68eaf856:192.168.69.88:39583, 2ec85f63-33fb-4317-9145-71357d145af9:192.168.69.88:42357, 25d6372c-77fd-4a39-ac2a-e48debad48df:192.168.69.88:39591], old=null
2019-10-15 16:12:34,587 [25d6372c-77fd-4a39-ac2a-e48debad48df@group-B2671EB745D2-LeaderElection464] INFO  impl.RaftServerImpl (RaftServerImpl.java:setRole(184)) - 25d6372c-77fd-4a39-ac2a-e48debad48df@group-B2671EB745D2: changes role from CANDIDATE to FOLLOWER at term 498 for DISCOVERED_A_NEW_TERM
2019-10-15 16:12:34,588 [25d6372c-77fd-4a39-ac2a-e48debad48df@group-B2671EB745D2-LeaderElection464] INFO  impl.RoleInfo (RoleInfo.java:shutdownLeaderElection(134)) - 25d6372c-77fd-4a39-ac2a-e48debad48df: shutdown LeaderElection
2019-10-15 16:12:34,588 [25d6372c-77fd-4a39-ac2a-e48debad48df@group-B2671EB745D2-LeaderElection464] INFO  impl.RoleInfo (RoleInfo.java:updateAndGet(143)) - 25d6372c-77fd-4a39-ac2a-e48debad48df: start FollowerState
2019-10-15 16:12:34,681 [Thread-3284] INFO  impl.FollowerState (FollowerState.java:run(108)) - 25d6372c-77fd-4a39-ac2a-e48debad48df@group-B2671EB745D2-FollowerState: change to CANDIDATE, lastRpcTime:93ms, electionTimeout:93ms
2019-10-15 16:12:34,681 [Thread-3284] INFO  impl.RoleInfo (RoleInfo.java:shutdownFollowerState(121)) - 25d6372c-77fd-4a39-ac2a-e48debad48df: shutdown FollowerState
2019-10-15 16:12:34,681 [Thread-3284] INFO  impl.RaftServerImpl (RaftServerImpl.java:setRole(184)) - 25d6372c-77fd-4a39-ac2a-e48debad48df@group-B2671EB745D2: changes role from  FOLLOWER to CANDIDATE at term 498 for changeToCandidate
2019-10-15 16:12:34,681 [Thread-3284] INFO  impl.RoleInfo (RoleInfo.java:updateAndGet(143)) - 25d6372c-77fd-4a39-ac2a-e48debad48df: start LeaderElection
2019-10-15 16:12:34,687 [25d6372c-77fd-4a39-ac2a-e48debad48df@group-B2671EB745D2-LeaderElection465] INFO  impl.LeaderElection (LeaderElection.java:askForVotes(178)) - 25d6372c-77fd-4a39-ac2a-e48debad48df@group-B2671EB745D2-LeaderElection465: begin an election at term 499 for -1: [50423279-f647-4a18-8e85-347d68eaf856:192.168.69.88:39583, 2ec85f63-33fb-4317-9145-71357d145af9:192.168.69.88:42357, 25d6372c-77fd-4a39-ac2a-e48debad48df:192.168.69.88:39591], old=null
2019-10-15 16:12:34,689 [grpc-default-executor-5] INFO  impl.RaftServerImpl (RaftServerImpl.java:setRole(184)) - 2ec85f63-33fb-4317-9145-71357d145af9@group-B2671EB745D2: changes role from  FOLLOWER to FOLLOWER at term 499 for recognizeCandidate:25d6372c-77fd-4a39-ac2a-e48debad48df
2019-10-15 16:12:34,689 [grpc-default-executor-5] INFO  impl.RoleInfo (RoleInfo.java:shutdownFollowerState(121)) - 2ec85f63-33fb-4317-9145-71357d145af9: shutdown FollowerState
2019-10-15 16:12:34,689 [grpc-default-executor-0] INFO  impl.RaftServerImpl (RaftServerImpl.java:setRole(184)) - 50423279-f647-4a18-8e85-347d68eaf856@group-B2671EB745D2: changes role from  FOLLOWER to FOLLOWER at term 499 for recognizeCandidate:25d6372c-77fd-4a39-ac2a-e48debad48df
2019-10-15 16:12:34,689 [Thread-3282] INFO  impl.FollowerState (FollowerState.java:run(117)) - 2ec85f63-33fb-4317-9145-71357d145af9@group-B2671EB745D2-FollowerState was interrupted: java.lang.InterruptedException: sleep interrupted
2019-10-15 16:12:34,689 [grpc-default-executor-5] INFO  impl.RoleInfo (RoleInfo.java:updateAndGet(143)) - 2ec85f63-33fb-4317-9145-71357d145af9: start FollowerState
2019-10-15 16:12:34,689 [grpc-default-executor-0] INFO  impl.RoleInfo (RoleInfo.java:shutdownFollowerState(121)) - 50423279-f647-4a18-8e85-347d68eaf856: shutdown FollowerState
2019-10-15 16:12:34,690 [grpc-default-executor-0] INFO  impl.RoleInfo (RoleInfo.java:updateAndGet(143)) - 50423279-f647-4a18-8e85-347d68eaf856: start FollowerState
2019-10-15 16:12:34,690 [Thread-3283] INFO  impl.FollowerState (FollowerState.java:run(117)) - 50423279-f647-4a18-8e85-347d68eaf856@group-B2671EB745D2-FollowerState was interrupted: java.lang.InterruptedException: sleep interrupted
2019-10-15 16:12:34,699 [25d6372c-77fd-4a39-ac2a-e48debad48df@group-B2671EB745D2-LeaderElection465] INFO  impl.LeaderElection (LeaderElection.java:logAndReturn(56)) - 25d6372c-77fd-4a39-ac2a-e48debad48df@group-B2671EB745D2-LeaderElection465: Election REJECTED; received 2 response(s) [25d6372c-77fd-4a39-ac2a-e48debad48df<-2ec85f63-33fb-4317-9145-71357d145af9#0:FAIL-t499, 25d6372c-77fd-4a39-ac2a-e48debad48df<-50423279-f647-4a18-8e85-347d68eaf856#0:FAIL-t499] and 0 exception(s); 25d6372c-77fd-4a39-ac2a-e48debad48df@group-B2671EB745D2:t499, leader=null, voted=25d6372c-77fd-4a39-ac2a-e48debad48df, raftlog=25d6372c-77fd-4a39-ac2a-e48debad48df@group-B2671EB745D2-SegmentedRaftLog:OPENED:c-1,f-1,i0, conf=-1: [50423279-f647-4a18-8e85-347d68eaf856:192.168.69.88:39583, 2ec85f63-33fb-4317-9145-71357d145af9:192.168.69.88:42357, 25d6372c-77fd-4a39-ac2a-e48debad48df:192.168.69.88:39591], old=null
2019-10-15 16:12:34,699 [25d6372c-77fd-4a39-ac2a-e48debad48df@group-B2671EB745D2-LeaderElection465] INFO  impl.RaftServerImpl (RaftServerImpl.java:setRole(184)) - 25d6372c-77fd-4a39-ac2a-e48debad48df@group-B2671EB745D2: changes role from CANDIDATE to FOLLOWER at term 499 for DISCOVERED_A_NEW_TERM
2019-10-15 16:12:34,699 [25d6372c-77fd-4a39-ac2a-e48debad48df@group-B2671EB745D2-LeaderElection465] INFO  impl.RoleInfo (RoleInfo.java:shutdownLeaderElection(134)) - 25d6372c-77fd-4a39-ac2a-e48debad48df: shutdown LeaderElection
2019-10-15 16:12:34,699 [25d6372c-77fd-4a39-ac2a-e48debad48df@group-B2671EB745D2-LeaderElection465] INFO  impl.RoleInfo (RoleInfo.java:updateAndGet(143)) - 25d6372c-77fd-4a39-ac2a-e48debad48df: start FollowerState
2019-10-15 16:12:34,870 [Thread-3290] INFO  impl.FollowerState (FollowerState.java:run(108)) - 25d6372c-77fd-4a39-ac2a-e48debad48df@group-B2671EB745D2-FollowerState: change to CANDIDATE, lastRpcTime:170ms, electionTimeout:170ms
2019-10-15 16:12:34,870 [Thread-3290] INFO  impl.RoleInfo (RoleInfo.java:shutdownFollowerState(121)) - 25d6372c-77fd-4a39-ac2a-e48debad48df: shutdown FollowerState
2019-10-15 16:12:34,870 [Thread-3290] INFO  impl.RaftServerImpl (RaftServerImpl.java:setRole(184)) - 25d6372c-77fd-4a39-ac2a-e48debad48df@group-B2671EB745D2: changes role from  FOLLOWER to CANDIDATE at term 499 for changeToCandidate
2019-10-15 16:12:34,870 [Thread-3290] INFO  impl.RoleInfo (RoleInfo.java:updateAndGet(143)) - 25d6372c-77fd-4a39-ac2a-e48debad48df: start LeaderElection
2019-10-15 16:12:34,917 [25d6372c-77fd-4a39-ac2a-e48debad48df@group-B2671EB745D2-LeaderElection466] INFO  impl.LeaderElection (LeaderElection.java:askForVotes(178)) - 25d6372c-77fd-4a39-ac2a-e48debad48df@group-B2671EB745D2-LeaderElection466: begin an election at term 500 for -1: [50423279-f647-4a18-8e85-347d68eaf856:192.168.69.88:39583, 2ec85f63-33fb-4317-9145-71357d145af9:192.168.69.88:42357, 25d6372c-77fd-4a39-ac2a-e48debad48df:192.168.69.88:39591], old=null
2019-10-15 16:12:34,919 [grpc-default-executor-5] INFO  impl.RaftServerImpl (RaftServerImpl.java:setRole(184)) - 50423279-f647-4a18-8e85-347d68eaf856@group-B2671EB745D2: changes role from  FOLLOWER to FOLLOWER at term 500 for recognizeCandidate:25d6372c-77fd-4a39-ac2a-e48debad48df
2019-10-15 16:12:34,919 [grpc-default-executor-5] INFO  impl.RoleInfo (RoleInfo.java:shutdownFollowerState(121)) - 50423279-f647-4a18-8e85-347d68eaf856: shutdown FollowerState
2019-10-15 16:12:34,919 [grpc-default-executor-5] INFO  impl.RoleInfo (RoleInfo.java:updateAndGet(143)) - 50423279-f647-4a18-8e85-347d68eaf856: start FollowerState
2019-10-15 16:12:34,919 [grpc-default-executor-0] INFO  impl.RaftServerImpl (RaftServerImpl.java:setRole(184)) - 2ec85f63-33fb-4317-9145-71357d145af9@group-B2671EB745D2: changes role from  FOLLOWER to FOLLOWER at term 500 for recognizeCandidate:25d6372c-77fd-4a39-ac2a-e48debad48df
2019-10-15 16:12:34,919 [Thread-3289] INFO  impl.FollowerState (FollowerState.java:run(117)) - 50423279-f647-4a18-8e85-347d68eaf856@group-B2671EB745D2-FollowerState was interrupted: java.lang.InterruptedException: sleep interrupted
2019-10-15 16:12:34,919 [grpc-default-executor-0] INFO  impl.RoleInfo (RoleInfo.java:shutdownFollowerState(121)) - 2ec85f63-33fb-4317-9145-71357d145af9: shutdown FollowerState
2019-10-15 16:12:34,920 [grpc-default-executor-0] INFO  impl.RoleInfo (RoleInfo.java:updateAndGet(143)) - 2ec85f63-33fb-4317-9145-71357d145af9: start FollowerState
2019-10-15 16:12:34,920 [Thread-3288] INFO  impl.FollowerState (FollowerState.java:run(117)) - 2ec85f63-33fb-4317-9145-71357d145af9@group-B2671EB745D2-FollowerState was interrupted: java.lang.InterruptedException: sleep interrupted
2019-10-15 16:12:34,939 [25d6372c-77fd-4a39-ac2a-e48debad48df@group-B2671EB745D2-LeaderElection466] INFO  impl.LeaderElection (LeaderElection.java:logAndReturn(56)) - 25d6372c-77fd-4a39-ac2a-e48debad48df@group-B2671EB745D2-LeaderElection466: Election REJECTED; received 2 response(s) [25d6372c-77fd-4a39-ac2a-e48debad48df<-2ec85f63-33fb-4317-9145-71357d145af9#0:FAIL-t500, 25d6372c-77fd-4a39-ac2a-e48debad48df<-50423279-f647-4a18-8e85-347d68eaf856#0:FAIL-t500] and 0 exception(s); 25d6372c-77fd-4a39-ac2a-e48debad48df@group-B2671EB745D2:t500, leader=null, voted=25d6372c-77fd-4a39-ac2a-e48debad48df, raftlog=25d6372c-77fd-4a39-ac2a-e48debad48df@group-B2671EB745D2-SegmentedRaftLog:OPENED:c-1,f-1,i0, conf=-1: [50423279-f647-4a18-8e85-347d68eaf856:192.168.69.88:39583, 2ec85f63-33fb-4317-9145-71357d145af9:192.168.69.88:42357, 25d6372c-77fd-4a39-ac2a-e48debad48df:192.168.69.88:39591], old=null
2019-10-15 16:12:34,940 [25d6372c-77fd-4a39-ac2a-e48debad48df@group-B2671EB745D2-LeaderElection466] INFO  impl.RaftServerImpl (RaftServerImpl.java:setRole(184)) - 25d6372c-77fd-4a39-ac2a-e48debad48df@group-B2671EB745D2: changes role from CANDIDATE to FOLLOWER at term 500 for DISCOVERED_A_NEW_TERM
2019-10-15 16:12:34,940 [25d6372c-77fd-4a39-ac2a-e48debad48df@group-B2671EB745D2-LeaderElection466] INFO  impl.RoleInfo (RoleInfo.java:shutdownLeaderElection(134)) - 25d6372c-77fd-4a39-ac2a-e48debad48df: shutdown LeaderElection
2019-10-15 16:12:34,940 [25d6372c-77fd-4a39-ac2a-e48debad48df@group-B2671EB745D2-LeaderElection466] INFO  impl.RoleInfo (RoleInfo.java:updateAndGet(143)) - 25d6372c-77fd-4a39-ac2a-e48debad48df: start FollowerState
2019-10-15 16:12:35,061 [Thread-3298] INFO  impl.FollowerState (FollowerState.java:run(108)) - 25d6372c-77fd-4a39-ac2a-e48debad48df@group-B2671EB745D2-FollowerState: change to CANDIDATE, lastRpcTime:121ms, electionTimeout:121ms
2019-10-15 16:12:35,061 [Thread-3298] INFO  impl.RoleInfo (RoleInfo.java:shutdownFollowerState(121)) - 25d6372c-77fd-4a39-ac2a-e48debad48df: shutdown FollowerState
2019-10-15 16:12:35,061 [Thread-3298] INFO  impl.RaftServerImpl (RaftServerImpl.java:setRole(184)) - 25d6372c-77fd-4a39-ac2a-e48debad48df@group-B2671EB745D2: changes role from  FOLLOWER to CANDIDATE at term 500 for changeToCandidate
2019-10-15 16:12:35,062 [Thread-3298] INFO  impl.RoleInfo (RoleInfo.java:updateAndGet(143)) - 25d6372c-77fd-4a39-ac2a-e48debad48df: start LeaderElection
2019-10-15 16:12:35,075 [25d6372c-77fd-4a39-ac2a-e48debad48df@group-B2671EB745D2-LeaderElection467] INFO  impl.LeaderElection (LeaderElection.java:askForVotes(178)) - 25d6372c-77fd-4a39-ac2a-e48debad48df@group-B2671EB745D2-LeaderElection467: begin an election at term 501 for -1: [50423279-f647-4a18-8e85-347d68eaf856:192.168.69.88:39583, 2ec85f63-33fb-4317-9145-71357d145af9:192.168.69.88:42357, 25d6372c-77fd-4a39-ac2a-e48debad48df:192.168.69.88:39591], old=null
2019-10-15 16:12:35,077 [grpc-default-executor-5] INFO  impl.RaftServerImpl (RaftServerImpl.java:setRole(184)) - 2ec85f63-33fb-4317-9145-71357d145af9@group-B2671EB745D2: changes role from  FOLLOWER to FOLLOWER at term 501 for recognizeCandidate:25d6372c-77fd-4a39-ac2a-e48debad48df
2019-10-15 16:12:35,077 [grpc-default-executor-5] INFO  impl.RoleInfo (RoleInfo.java:shutdownFollowerState(121)) - 2ec85f63-33fb-4317-9145-71357d145af9: shutdown FollowerState
2019-10-15 16:12:35,077 [grpc-default-executor-0] INFO  impl.RaftServerImpl (RaftServerImpl.java:setRole(184)) - 50423279-f647-4a18-8e85-347d68eaf856@group-B2671EB745D2: changes role from  FOLLOWER to FOLLOWER at term 501 for recognizeCandidate:25d6372c-77fd-4a39-ac2a-e48debad48df
2019-10-15 16:12:35,078 [Thread-3297] INFO  impl.FollowerState (FollowerState.java:run(117)) - 2ec85f63-33fb-4317-9145-71357d145af9@group-B2671EB745D2-FollowerState was interrupted: java.lang.InterruptedException: sleep interrupted
2019-10-15 16:12:35,078 [grpc-default-executor-5] INFO  impl.RoleInfo (RoleInfo.java:updateAndGet(143)) - 2ec85f63-33fb-4317-9145-71357d145af9: start FollowerState
2019-10-15 16:12:35,078 [grpc-default-executor-0] INFO  impl.RoleInfo (RoleInfo.java:shutdownFollowerState(121)) - 50423279-f647-4a18-8e85-347d68eaf856: shutdown FollowerState
2019-10-15 16:12:35,078 [grpc-default-executor-0] INFO  impl.RoleInfo (RoleInfo.java:updateAndGet(143)) - 50423279-f647-4a18-8e85-347d68eaf856: start FollowerState
2019-10-15 16:12:35,078 [Thread-3296] INFO  impl.FollowerState (FollowerState.java:run(117)) - 50423279-f647-4a18-8e85-347d68eaf856@group-B2671EB745D2-FollowerState was interrupted: java.lang.InterruptedException: sleep interrupted
2019-10-15 16:12:35,092 [25d6372c-77fd-4a39-ac2a-e48debad48df@group-B2671EB745D2-LeaderElection467] INFO  impl.LeaderElection (LeaderElection.java:logAndReturn(56)) - 25d6372c-77fd-4a39-ac2a-e48debad48df@group-B2671EB745D2-LeaderElection467: Election REJECTED; received 2 response(s) [25d6372c-77fd-4a39-ac2a-e48debad48df<-2ec85f63-33fb-4317-9145-71357d145af9#0:FAIL-t501, 25d6372c-77fd-4a39-ac2a-e48debad48df<-50423279-f647-4a18-8e85-347d68eaf856#0:FAIL-t501] and 0 exception(s); 25d6372c-77fd-4a39-ac2a-e48debad48df@group-B2671EB745D2:t501, leader=null, voted=25d6372c-77fd-4a39-ac2a-e48debad48df, raftlog=25d6372c-77fd-4a39-ac2a-e48debad48df@group-B2671EB745D2-SegmentedRaftLog:OPENED:c-1,f-1,i0, conf=-1: [50423279-f647-4a18-8e85-347d68eaf856:192.168.69.88:39583, 2ec85f63-33fb-4317-9145-71357d145af9:192.168.69.88:42357, 25d6372c-77fd-4a39-ac2a-e48debad48df:192.168.69.88:39591], old=null
2019-10-15 16:12:35,092 [25d6372c-77fd-4a39-ac2a-e48debad48df@group-B2671EB745D2-LeaderElection467] INFO  impl.RaftServerImpl (RaftServerImpl.java:setRole(184)) - 25d6372c-77fd-4a39-ac2a-e48debad48df@group-B2671EB745D2: changes role from CANDIDATE to FOLLOWER at term 501 for DISCOVERED_A_NEW_TERM
2019-10-15 16:12:35,092 [25d6372c-77fd-4a39-ac2a-e48debad48df@group-B2671EB745D2-LeaderElection467] INFO  impl.RoleInfo (RoleInfo.java:shutdownLeaderElection(134)) - 25d6372c-77fd-4a39-ac2a-e48debad48df: shutdown LeaderElection
2019-10-15 16:12:35,092 [25d6372c-77fd-4a39-ac2a-e48debad48df@group-B2671EB745D2-LeaderElection467] INFO  impl.RoleInfo (RoleInfo.java:updateAndGet(143)) - 25d6372c-77fd-4a39-ac2a-e48debad48df: start FollowerState
2019-10-15 16:12:35,223 [Thread-3304] INFO  impl.FollowerState (FollowerState.java:run(108)) - 25d6372c-77fd-4a39-ac2a-e48debad48df@group-B2671EB745D2-FollowerState: change to CANDIDATE, lastRpcTime:131ms, electionTimeout:131ms
2019-10-15 16:12:35,224 [Thread-3304] INFO  impl.RoleInfo (RoleInfo.java:shutdownFollowerState(121)) - 25d6372c-77fd-4a39-ac2a-e48debad48df: shutdown FollowerState
2019-10-15 16:12:35,224 [Thread-3304] INFO  impl.RaftServerImpl (RaftServerImpl.java:setRole(184)) - 25d6372c-77fd-4a39-ac2a-e48debad48df@group-B2671EB745D2: changes role from  FOLLOWER to CANDIDATE at term 501 for changeToCandidate
2019-10-15 16:12:35,224 [Thread-3304] INFO  impl.RoleInfo (RoleInfo.java:updateAndGet(143)) - 25d6372c-77fd-4a39-ac2a-e48debad48df: start LeaderElection
2019-10-15 16:12:35,229 [25d6372c-77fd-4a39-ac2a-e48debad48df@group-B2671EB745D2-LeaderElection468] INFO  impl.LeaderElection (LeaderElection.java:askForVotes(178)) - 25d6372c-77fd-4a39-ac2a-e48debad48df@group-B2671EB745D2-LeaderElection468: begin an election at term 502 for -1: [50423279-f647-4a18-8e85-347d68eaf856:192.168.69.88:39583, 2ec85f63-33fb-4317-9145-71357d145af9:192.168.69.88:42357, 25d6372c-77fd-4a39-ac2a-e48debad48df:192.168.69.88:39591], old=null
2019-10-15 16:12:35,231 [grpc-default-executor-5] INFO  impl.RaftServerImpl (RaftServerImpl.java:setRole(184)) - 2ec85f63-33fb-4317-9145-71357d145af9@group-B2671EB745D2: changes role from  FOLLOWER to FOLLOWER at term 502 for recognizeCandidate:25d6372c-77fd-4a39-ac2a-e48debad48df
2019-10-15 16:12:35,231 [grpc-default-executor-5] INFO  impl.RoleInfo (RoleInfo.java:shutdownFollowerState(121)) - 2ec85f63-33fb-4317-9145-71357d145af9: shutdown FollowerState
2019-10-15 16:12:35,231 [grpc-default-executor-0] INFO  impl.RaftServerImpl (RaftServerImpl.java:setRole(184)) - 50423279-f647-4a18-8e85-347d68eaf856@group-B2671EB745D2: changes role from  FOLLOWER to FOLLOWER at term 502 for recognizeCandidate:25d6372c-77fd-4a39-ac2a-e48debad48df
2019-10-15 16:12:35,231 [Thread-3302] INFO  impl.FollowerState (FollowerState.java:run(117)) - 2ec85f63-33fb-4317-9145-71357d145af9@group-B2671EB745D2-FollowerState was interrupted: java.lang.InterruptedException: sleep interrupted
2019-10-15 16:12:35,231 [grpc-default-executor-5] INFO  impl.RoleInfo (RoleInfo.java:updateAndGet(143)) - 2ec85f63-33fb-4317-9145-71357d145af9: start FollowerState
2019-10-15 16:12:35,231 [grpc-default-executor-0] INFO  impl.RoleInfo (RoleInfo.java:shutdownFollowerState(121)) - 50423279-f647-4a18-8e85-347d68eaf856: shutdown FollowerState
2019-10-15 16:12:35,232 [grpc-default-executor-0] INFO  impl.RoleInfo (RoleInfo.java:updateAndGet(143)) - 50423279-f647-4a18-8e85-347d68eaf856: start FollowerState
2019-10-15 16:12:35,232 [Thread-3303] INFO  impl.FollowerState (FollowerState.java:run(117)) - 50423279-f647-4a18-8e85-347d68eaf856@group-B2671EB745D2-FollowerState was interrupted: java.lang.InterruptedException: sleep interrupted
2019-10-15 16:12:35,247 [25d6372c-77fd-4a39-ac2a-e48debad48df@group-B2671EB745D2-LeaderElection468] INFO  impl.LeaderElection (LeaderElection.java:logAndReturn(56)) - 25d6372c-77fd-4a39-ac2a-e48debad48df@group-B2671EB745D2-LeaderElection468: Election REJECTED; received 2 response(s) [25d6372c-77fd-4a39-ac2a-e48debad48df<-2ec85f63-33fb-4317-9145-71357d145af9#0:FAIL-t502, 25d6372c-77fd-4a39-ac2a-e48debad48df<-50423279-f647-4a18-8e85-347d68eaf856#0:FAIL-t502] and 0 exception(s); 25d6372c-77fd-4a39-ac2a-e48debad48df@group-B2671EB745D2:t502, leader=null, voted=25d6372c-77fd-4a39-ac2a-e48debad48df, raftlog=25d6372c-77fd-4a39-ac2a-e48debad48df@group-B2671EB745D2-SegmentedRaftLog:OPENED:c-1,f-1,i0, conf=-1: [50423279-f647-4a18-8e85-347d68eaf856:192.168.69.88:39583, 2ec85f63-33fb-4317-9145-71357d145af9:192.168.69.88:42357, 25d6372c-77fd-4a39-ac2a-e48debad48df:192.168.69.88:39591], old=null
2019-10-15 16:12:35,247 [25d6372c-77fd-4a39-ac2a-e48debad48df@group-B2671EB745D2-LeaderElection468] INFO  impl.RaftServerImpl (RaftServerImpl.java:setRole(184)) - 25d6372c-77fd-4a39-ac2a-e48debad48df@group-B2671EB745D2: changes role from CANDIDATE to FOLLOWER at term 502 for DISCOVERED_A_NEW_TERM
2019-10-15 16:12:35,248 [25d6372c-77fd-4a39-ac2a-e48debad48df@group-B2671EB745D2-LeaderElection468] INFO  impl.RoleInfo (RoleInfo.java:shutdownLeaderElection(134)) - 25d6372c-77fd-4a39-ac2a-e48debad48df: shutdown LeaderElection
2019-10-15 16:12:35,248 [25d6372c-77fd-4a39-ac2a-e48debad48df@group-B2671EB745D2-LeaderElection468] INFO  impl.RoleInfo (RoleInfo.java:updateAndGet(143)) - 25d6372c-77fd-4a39-ac2a-e48debad48df: start FollowerState
2019-10-15 16:12:35,376 [Thread-3310] INFO  impl.FollowerState (FollowerState.java:run(108)) - 25d6372c-77fd-4a39-ac2a-e48debad48df@group-B2671EB745D2-FollowerState: change to CANDIDATE, lastRpcTime:128ms, electionTimeout:128ms
2019-10-15 16:12:35,376 [Thread-3310] INFO  impl.RoleInfo (RoleInfo.java:shutdownFollowerState(121)) - 25d6372c-77fd-4a39-ac2a-e48debad48df: shutdown FollowerState
2019-10-15 16:12:35,376 [Thread-3310] INFO  impl.RaftServerImpl (RaftServerImpl.java:setRole(184)) - 25d6372c-77fd-4a39-ac2a-e48debad48df@group-B2671EB745D2: changes role from  FOLLOWER to CANDIDATE at term 502 for changeToCandidate
2019-10-15 16:12:35,376 [Thread-3310] INFO  impl.RoleInfo (RoleInfo.java:updateAndGet(143)) - 25d6372c-77fd-4a39-ac2a-e48debad48df: start LeaderElection
2019-10-15 16:12:35,382 [25d6372c-77fd-4a39-ac2a-e48debad48df@group-B2671EB745D2-LeaderElection469] INFO  impl.LeaderElection (LeaderElection.java:askForVotes(178)) - 25d6372c-77fd-4a39-ac2a-e48debad48df@group-B2671EB745D2-LeaderElection469: begin an election at term 503 for -1: [50423279-f647-4a18-8e85-347d68eaf856:192.168.69.88:39583, 2ec85f63-33fb-4317-9145-71357d145af9:192.168.69.88:42357, 25d6372c-77fd-4a39-ac2a-e48debad48df:192.168.69.88:39591], old=null
2019-10-15 16:12:35,384 [grpc-default-executor-0] INFO  impl.RaftServerImpl (RaftServerImpl.java:setRole(184)) - 2ec85f63-33fb-4317-9145-71357d145af9@group-B2671EB745D2: changes role from  FOLLOWER to FOLLOWER at term 503 for recognizeCandidate:25d6372c-77fd-4a39-ac2a-e48debad48df
2019-10-15 16:12:35,384 [grpc-default-executor-5] INFO  impl.RaftServerImpl (RaftServerImpl.java:setRole(184)) - 50423279-f647-4a18-8e85-347d68eaf856@group-B2671EB745D2: changes role from  FOLLOWER to FOLLOWER at term 503 for recognizeCandidate:25d6372c-77fd-4a39-ac2a-e48debad48df
2019-10-15 16:12:35,384 [grpc-default-executor-0] INFO  impl.RoleInfo (RoleInfo.java:shutdownFollowerState(121)) - 2ec85f63-33fb-4317-9145-71357d145af9: shutdown FollowerState
2019-10-15 16:12:35,384 [grpc-default-executor-5] INFO  impl.RoleInfo (RoleInfo.java:shutdownFollowerState(121)) - 50423279-f647-4a18-8e85-347d68eaf856: shutdown FollowerState
2019-10-15 16:12:35,384 [Thread-3308] INFO  impl.FollowerState (FollowerState.java:run(117)) - 2ec85f63-33fb-4317-9145-71357d145af9@group-B2671EB745D2-FollowerState was interrupted: java.lang.InterruptedException: sleep interrupted
2019-10-15 16:12:35,384 [grpc-default-executor-0] INFO  impl.RoleInfo (RoleInfo.java:updateAndGet(143)) - 2ec85f63-33fb-4317-9145-71357d145af9: start FollowerState
2019-10-15 16:12:35,384 [Thread-3309] INFO  impl.FollowerState (FollowerState.java:run(117)) - 50423279-f647-4a18-8e85-347d68eaf856@group-B2671EB745D2-FollowerState was interrupted: java.lang.InterruptedException: sleep interrupted
2019-10-15 16:12:35,384 [grpc-default-executor-5] INFO  impl.RoleInfo (RoleInfo.java:updateAndGet(143)) - 50423279-f647-4a18-8e85-347d68eaf856: start FollowerState
2019-10-15 16:12:35,388 [25d6372c-77fd-4a39-ac2a-e48debad48df@group-B2671EB745D2-LeaderElection469] INFO  impl.LeaderElection (LeaderElection.java:logAndReturn(56)) - 25d6372c-77fd-4a39-ac2a-e48debad48df@group-B2671EB745D2-LeaderElection469: Election REJECTED; received 2 response(s) [25d6372c-77fd-4a39-ac2a-e48debad48df<-2ec85f63-33fb-4317-9145-71357d145af9#0:FAIL-t503, 25d6372c-77fd-4a39-ac2a-e48debad48df<-50423279-f647-4a18-8e85-347d68eaf856#0:FAIL-t503] and 0 exception(s); 25d6372c-77fd-4a39-ac2a-e48debad48df@group-B2671EB745D2:t503, leader=null, voted=25d6372c-77fd-4a39-ac2a-e48debad48df, raftlog=25d6372c-77fd-4a39-ac2a-e48debad48df@group-B2671EB745D2-SegmentedRaftLog:OPENED:c-1,f-1,i0, conf=-1: [50423279-f647-4a18-8e85-347d68eaf856:192.168.69.88:39583, 2ec85f63-33fb-4317-9145-71357d145af9:192.168.69.88:42357, 25d6372c-77fd-4a39-ac2a-e48debad48df:192.168.69.88:39591], old=null
2019-10-15 16:12:35,389 [25d6372c-77fd-4a39-ac2a-e48debad48df@group-B2671EB745D2-LeaderElection469] INFO  impl.RaftServerImpl (RaftServerImpl.java:setRole(184)) - 25d6372c-77fd-4a39-ac2a-e48debad48df@group-B2671EB745D2: changes role from CANDIDATE to FOLLOWER at term 503 for DISCOVERED_A_NEW_TERM
2019-10-15 16:12:35,389 [25d6372c-77fd-4a39-ac2a-e48debad48df@group-B2671EB745D2-LeaderElection469] INFO  impl.RoleInfo (RoleInfo.java:shutdownLeaderElection(134)) - 25d6372c-77fd-4a39-ac2a-e48debad48df: shutdown LeaderElection
2019-10-15 16:12:35,389 [25d6372c-77fd-4a39-ac2a-e48debad48df@group-B2671EB745D2-LeaderElection469] INFO  impl.RoleInfo (RoleInfo.java:updateAndGet(143)) - 25d6372c-77fd-4a39-ac2a-e48debad48df: start FollowerState
2019-10-15 16:12:35,450 [Thread-3316] INFO  impl.FollowerState (FollowerState.java:run(108)) - 25d6372c-77fd-4a39-ac2a-e48debad48df@group-B2671EB745D2-FollowerState: change to CANDIDATE, lastRpcTime:61ms, electionTimeout:61ms
2019-10-15 16:12:35,450 [Thread-3316] INFO  impl.RoleInfo (RoleInfo.java:shutdownFollowerState(121)) - 25d6372c-77fd-4a39-ac2a-e48debad48df: shutdown FollowerState
2019-10-15 16:12:35,450 [Thread-3316] INFO  impl.RaftServerImpl (RaftServerImpl.java:setRole(184)) - 25d6372c-77fd-4a39-ac2a-e48debad48df@group-B2671EB745D2: changes role from  FOLLOWER to CANDIDATE at term 503 for changeToCandidate
2019-10-15 16:12:35,450 [Thread-3316] INFO  impl.RoleInfo (RoleInfo.java:updateAndGet(143)) - 25d6372c-77fd-4a39-ac2a-e48debad48df: start LeaderElection
2019-10-15 16:12:35,457 [25d6372c-77fd-4a39-ac2a-e48debad48df@group-B2671EB745D2-LeaderElection470] INFO  impl.LeaderElection (LeaderElection.java:askForVotes(178)) - 25d6372c-77fd-4a39-ac2a-e48debad48df@group-B2671EB745D2-LeaderElection470: begin an election at term 504 for -1: [50423279-f647-4a18-8e85-347d68eaf856:192.168.69.88:39583, 2ec85f63-33fb-4317-9145-71357d145af9:192.168.69.88:42357, 25d6372c-77fd-4a39-ac2a-e48debad48df:192.168.69.88:39591], old=null
2019-10-15 16:12:35,458 [grpc-default-executor-0] INFO  impl.RaftServerImpl (RaftServerImpl.java:setRole(184)) - 50423279-f647-4a18-8e85-347d68eaf856@group-B2671EB745D2: changes role from  FOLLOWER to FOLLOWER at term 504 for recognizeCandidate:25d6372c-77fd-4a39-ac2a-e48debad48df
2019-10-15 16:12:35,458 [grpc-default-executor-0] INFO  impl.RoleInfo (RoleInfo.java:shutdownFollowerState(121)) - 50423279-f647-4a18-8e85-347d68eaf856: shutdown FollowerState
2019-10-15 16:12:35,459 [grpc-default-executor-5] INFO  impl.RaftServerImpl (RaftServerImpl.java:setRole(184)) - 2ec85f63-33fb-4317-9145-71357d145af9@group-B2671EB745D2: changes role from  FOLLOWER to FOLLOWER at term 504 for recognizeCandidate:25d6372c-77fd-4a39-ac2a-e48debad48df
2019-10-15 16:12:35,459 [grpc-default-executor-5] INFO  impl.RoleInfo (RoleInfo.java:shutdownFollowerState(121)) - 2ec85f63-33fb-4317-9145-71357d145af9: shutdown FollowerState
2019-10-15 16:12:35,459 [Thread-3315] INFO  impl.FollowerState (FollowerState.java:run(117)) - 50423279-f647-4a18-8e85-347d68eaf856@group-B2671EB745D2-FollowerState was interrupted: java.lang.InterruptedException: sleep interrupted
2019-10-15 16:12:35,459 [grpc-default-executor-0] INFO  impl.RoleInfo (RoleInfo.java:updateAndGet(143)) - 50423279-f647-4a18-8e85-347d68eaf856: start FollowerState
2019-10-15 16:12:35,459 [grpc-default-executor-5] INFO  impl.RoleInfo (RoleInfo.java:updateAndGet(143)) - 2ec85f63-33fb-4317-9145-71357d145af9: start FollowerState
2019-10-15 16:12:35,459 [Thread-3314] INFO  impl.FollowerState (FollowerState.java:run(117)) - 2ec85f63-33fb-4317-9145-71357d145af9@group-B2671EB745D2-FollowerState was interrupted: java.lang.InterruptedException: sleep interrupted
2019-10-15 16:12:35,476 [25d6372c-77fd-4a39-ac2a-e48debad48df@group-B2671EB745D2-LeaderElection470] INFO  impl.LeaderElection (LeaderElection.java:logAndReturn(56)) - 25d6372c-77fd-4a39-ac2a-e48debad48df@group-B2671EB745D2-LeaderElection470: Election REJECTED; received 2 response(s) [25d6372c-77fd-4a39-ac2a-e48debad48df<-2ec85f63-33fb-4317-9145-71357d145af9#0:FAIL-t504, 25d6372c-77fd-4a39-ac2a-e48debad48df<-50423279-f647-4a18-8e85-347d68eaf856#0:FAIL-t504] and 0 exception(s); 25d6372c-77fd-4a39-ac2a-e48debad48df@group-B2671EB745D2:t504, leader=null, voted=25d6372c-77fd-4a39-ac2a-e48debad48df, raftlog=25d6372c-77fd-4a39-ac2a-e48debad48df@group-B2671EB745D2-SegmentedRaftLog:OPENED:c-1,f-1,i0, conf=-1: [50423279-f647-4a18-8e85-347d68eaf856:192.168.69.88:39583, 2ec85f63-33fb-4317-9145-71357d145af9:192.168.69.88:42357, 25d6372c-77fd-4a39-ac2a-e48debad48df:192.168.69.88:39591], old=null
2019-10-15 16:12:35,476 [25d6372c-77fd-4a39-ac2a-e48debad48df@group-B2671EB745D2-LeaderElection470] INFO  impl.RaftServerImpl (RaftServerImpl.java:setRole(184)) - 25d6372c-77fd-4a39-ac2a-e48debad48df@group-B2671EB745D2: changes role from CANDIDATE to FOLLOWER at term 504 for DISCOVERED_A_NEW_TERM
2019-10-15 16:12:35,476 [25d6372c-77fd-4a39-ac2a-e48debad48df@group-B2671EB745D2-LeaderElection470] INFO  impl.RoleInfo (RoleInfo.java:shutdownLeaderElection(134)) - 25d6372c-77fd-4a39-ac2a-e48debad48df: shutdown LeaderElection
2019-10-15 16:12:35,476 [25d6372c-77fd-4a39-ac2a-e48debad48df@group-B2671EB745D2-LeaderElection470] INFO  impl.RoleInfo (RoleInfo.java:updateAndGet(143)) - 25d6372c-77fd-4a39-ac2a-e48debad48df: start FollowerState
2019-10-15 16:12:35,579 [Thread-3322] INFO  impl.FollowerState (FollowerState.java:run(108)) - 25d6372c-77fd-4a39-ac2a-e48debad48df@group-B2671EB745D2-FollowerState: change to CANDIDATE, lastRpcTime:103ms, electionTimeout:103ms
2019-10-15 16:12:35,580 [Thread-3322] INFO  impl.RoleInfo (RoleInfo.java:shutdownFollowerState(121)) - 25d6372c-77fd-4a39-ac2a-e48debad48df: shutdown FollowerState
2019-10-15 16:12:35,580 [Thread-3322] INFO  impl.RaftServerImpl (RaftServerImpl.java:setRole(184)) - 25d6372c-77fd-4a39-ac2a-e48debad48df@group-B2671EB745D2: changes role from  FOLLOWER to CANDIDATE at term 504 for changeToCandidate
2019-10-15 16:12:35,580 [Thread-3322] INFO  impl.RoleInfo (RoleInfo.java:updateAndGet(143)) - 25d6372c-77fd-4a39-ac2a-e48debad48df: start LeaderElection
2019-10-15 16:12:35,586 [25d6372c-77fd-4a39-ac2a-e48debad48df@group-B2671EB745D2-LeaderElection471] INFO  impl.LeaderElection (LeaderElection.java:askForVotes(178)) - 25d6372c-77fd-4a39-ac2a-e48debad48df@group-B2671EB745D2-LeaderElection471: begin an election at term 505 for -1: [50423279-f647-4a18-8e85-347d68eaf856:192.168.69.88:39583, 2ec85f63-33fb-4317-9145-71357d145af9:192.168.69.88:42357, 25d6372c-77fd-4a39-ac2a-e48debad48df:192.168.69.88:39591], old=null
2019-10-15 16:12:35,588 [grpc-default-executor-5] INFO  impl.RaftServerImpl (RaftServerImpl.java:setRole(184)) - 50423279-f647-4a18-8e85-347d68eaf856@group-B2671EB745D2: changes role from  FOLLOWER to FOLLOWER at term 505 for recognizeCandidate:25d6372c-77fd-4a39-ac2a-e48debad48df
2019-10-15 16:12:35,588 [grpc-default-executor-0] INFO  impl.RaftServerImpl (RaftServerImpl.java:setRole(184)) - 2ec85f63-33fb-4317-9145-71357d145af9@group-B2671EB745D2: changes role from  FOLLOWER to FOLLOWER at term 505 for recognizeCandidate:25d6372c-77fd-4a39-ac2a-e48debad48df
2019-10-15 16:12:35,588 [grpc-default-executor-0] INFO  impl.RoleInfo (RoleInfo.java:shutdownFollowerState(121)) - 2ec85f63-33fb-4317-9145-71357d145af9: shutdown FollowerState
2019-10-15 16:12:35,588 [grpc-default-executor-5] INFO  impl.RoleInfo (RoleInfo.java:shutdownFollowerState(121)) - 50423279-f647-4a18-8e85-347d68eaf856: shutdown FollowerState
2019-10-15 16:12:35,588 [Thread-3321] INFO  impl.FollowerState (FollowerState.java:run(117)) - 2ec85f63-33fb-4317-9145-71357d145af9@group-B2671EB745D2-FollowerState was interrupted: java.lang.InterruptedException: sleep interrupted
2019-10-15 16:12:35,588 [grpc-default-executor-0] INFO  impl.RoleInfo (RoleInfo.java:updateAndGet(143)) - 2ec85f63-33fb-4317-9145-71357d145af9: start FollowerState
2019-10-15 16:12:35,589 [grpc-default-executor-5] INFO  impl.RoleInfo (RoleInfo.java:updateAndGet(143)) - 50423279-f647-4a18-8e85-347d68eaf856: start FollowerState
2019-10-15 16:12:35,589 [Thread-3320] INFO  impl.FollowerState (FollowerState.java:run(117)) - 50423279-f647-4a18-8e85-347d68eaf856@group-B2671EB745D2-FollowerState was interrupted: java.lang.InterruptedException: sleep interrupted
2019-10-15 16:12:35,600 [25d6372c-77fd-4a39-ac2a-e48debad48df@group-B2671EB745D2-LeaderElection471] INFO  impl.LeaderElection (LeaderElection.java:logAndReturn(56)) - 25d6372c-77fd-4a39-ac2a-e48debad48df@group-B2671EB745D2-LeaderElection471: Election REJECTED; received 2 response(s) [25d6372c-77fd-4a39-ac2a-e48debad48df<-2ec85f63-33fb-4317-9145-71357d145af9#0:FAIL-t505, 25d6372c-77fd-4a39-ac2a-e48debad48df<-50423279-f647-4a18-8e85-347d68eaf856#0:FAIL-t505] and 0 exception(s); 25d6372c-77fd-4a39-ac2a-e48debad48df@group-B2671EB745D2:t505, leader=null, voted=25d6372c-77fd-4a39-ac2a-e48debad48df, raftlog=25d6372c-77fd-4a39-ac2a-e48debad48df@group-B2671EB745D2-SegmentedRaftLog:OPENED:c-1,f-1,i0, conf=-1: [50423279-f647-4a18-8e85-347d68eaf856:192.168.69.88:39583, 2ec85f63-33fb-4317-9145-71357d145af9:192.168.69.88:42357, 25d6372c-77fd-4a39-ac2a-e48debad48df:192.168.69.88:39591], old=null
2019-10-15 16:12:35,600 [25d6372c-77fd-4a39-ac2a-e48debad48df@group-B2671EB745D2-LeaderElection471] INFO  impl.RaftServerImpl (RaftServerImpl.java:setRole(184)) - 25d6372c-77fd-4a39-ac2a-e48debad48df@group-B2671EB745D2: changes role from CANDIDATE to FOLLOWER at term 505 for DISCOVERED_A_NEW_TERM
2019-10-15 16:12:35,600 [25d6372c-77fd-4a39-ac2a-e48debad48df@group-B2671EB745D2-LeaderElection471] INFO  impl.RoleInfo (RoleInfo.java:shutdownLeaderElection(134)) - 25d6372c-77fd-4a39-ac2a-e48debad48df: shutdown LeaderElection
2019-10-15 16:12:35,601 [25d6372c-77fd-4a39-ac2a-e48debad48df@group-B2671EB745D2-LeaderElection471] INFO  impl.RoleInfo (RoleInfo.java:updateAndGet(143)) - 25d6372c-77fd-4a39-ac2a-e48debad48df: start FollowerState
2019-10-15 16:12:35,626 [Thread-3328] INFO  impl.FollowerState (FollowerState.java:run(108)) - 25d6372c-77fd-4a39-ac2a-e48debad48df@group-B2671EB745D2-FollowerState: change to CANDIDATE, lastRpcTime:25ms, electionTimeout:25ms
2019-10-15 16:12:35,626 [Thread-3328] INFO  impl.RoleInfo (RoleInfo.java:shutdownFollowerState(121)) - 25d6372c-77fd-4a39-ac2a-e48debad48df: shutdown FollowerState
2019-10-15 16:12:35,626 [Thread-3328] INFO  impl.RaftServerImpl (RaftServerImpl.java:setRole(184)) - 25d6372c-77fd-4a39-ac2a-e48debad48df@group-B2671EB745D2: changes role from  FOLLOWER to CANDIDATE at term 505 for changeToCandidate
2019-10-15 16:12:35,626 [Thread-3328] INFO  impl.RoleInfo (RoleInfo.java:updateAndGet(143)) - 25d6372c-77fd-4a39-ac2a-e48debad48df: start LeaderElection
2019-10-15 16:12:35,634 [25d6372c-77fd-4a39-ac2a-e48debad48df@group-B2671EB745D2-LeaderElection472] INFO  impl.LeaderElection (LeaderElection.java:askForVotes(178)) - 25d6372c-77fd-4a39-ac2a-e48debad48df@group-B2671EB745D2-LeaderElection472: begin an election at term 506 for -1: [50423279-f647-4a18-8e85-347d68eaf856:192.168.69.88:39583, 2ec85f63-33fb-4317-9145-71357d145af9:192.168.69.88:42357, 25d6372c-77fd-4a39-ac2a-e48debad48df:192.168.69.88:39591], old=null
2019-10-15 16:12:35,635 [25d6372c-77fd-4a39-ac2a-e48debad48df@group-B2671EB745D2-LeaderElection472] INFO  impl.LeaderElection (LeaderElection.java:logAndReturn(56)) - 25d6372c-77fd-4a39-ac2a-e48debad48df@group-B2671EB745D2-LeaderElection472: Election TIMEOUT; received 0 response(s) [] and 0 exception(s); 25d6372c-77fd-4a39-ac2a-e48debad48df@group-B2671EB745D2:t506, leader=null, voted=25d6372c-77fd-4a39-ac2a-e48debad48df, raftlog=25d6372c-77fd-4a39-ac2a-e48debad48df@group-B2671EB745D2-SegmentedRaftLog:OPENED:c-1,f-1,i0, conf=-1: [50423279-f647-4a18-8e85-347d68eaf856:192.168.69.88:39583, 2ec85f63-33fb-4317-9145-71357d145af9:192.168.69.88:42357, 25d6372c-77fd-4a39-ac2a-e48debad48df:192.168.69.88:39591], old=null
2019-10-15 16:12:35,636 [grpc-default-executor-5] INFO  impl.RaftServerImpl (RaftServerImpl.java:setRole(184)) - 50423279-f647-4a18-8e85-347d68eaf856@group-B2671EB745D2: changes role from  FOLLOWER to FOLLOWER at term 506 for recognizeCandidate:25d6372c-77fd-4a39-ac2a-e48debad48df
2019-10-15 16:12:35,636 [grpc-default-executor-5] INFO  impl.RoleInfo (RoleInfo.java:shutdownFollowerState(121)) - 50423279-f647-4a18-8e85-347d68eaf856: shutdown FollowerState
2019-10-15 16:12:35,636 [grpc-default-executor-5] INFO  impl.RoleInfo (RoleInfo.java:updateAndGet(143)) - 50423279-f647-4a18-8e85-347d68eaf856: start FollowerState
2019-10-15 16:12:35,636 [grpc-default-executor-0] INFO  impl.RaftServerImpl (RaftServerImpl.java:setRole(184)) - 2ec85f63-33fb-4317-9145-71357d145af9@group-B2671EB745D2: changes role from  FOLLOWER to FOLLOWER at term 506 for recognizeCandidate:25d6372c-77fd-4a39-ac2a-e48debad48df
2019-10-15 16:12:35,636 [grpc-default-executor-0] INFO  impl.RoleInfo (RoleInfo.java:shutdownFollowerState(121)) - 2ec85f63-33fb-4317-9145-71357d145af9: shutdown FollowerState
2019-10-15 16:12:35,636 [Thread-3327] INFO  impl.FollowerState (FollowerState.java:run(117)) - 50423279-f647-4a18-8e85-347d68eaf856@group-B2671EB745D2-FollowerState was interrupted: java.lang.InterruptedException: sleep interrupted
2019-10-15 16:12:35,637 [Thread-3326] INFO  impl.FollowerState (FollowerState.java:run(117)) - 2ec85f63-33fb-4317-9145-71357d145af9@group-B2671EB745D2-FollowerState was interrupted: java.lang.InterruptedException: sleep interrupted
2019-10-15 16:12:35,637 [grpc-default-executor-0] INFO  impl.RoleInfo (RoleInfo.java:updateAndGet(143)) - 2ec85f63-33fb-4317-9145-71357d145af9: start FollowerState
2019-10-15 16:12:35,649 [25d6372c-77fd-4a39-ac2a-e48debad48df@group-B2671EB745D2-LeaderElection472] INFO  impl.LeaderElection (LeaderElection.java:askForVotes(178)) - 25d6372c-77fd-4a39-ac2a-e48debad48df@group-B2671EB745D2-LeaderElection472: begin an election at term 507 for -1: [50423279-f647-4a18-8e85-347d68eaf856:192.168.69.88:39583, 2ec85f63-33fb-4317-9145-71357d145af9:192.168.69.88:42357, 25d6372c-77fd-4a39-ac2a-e48debad48df:192.168.69.88:39591], old=null
2019-10-15 16:12:35,651 [grpc-default-executor-5] INFO  impl.RaftServerImpl (RaftServerImpl.java:setRole(184)) - 50423279-f647-4a18-8e85-347d68eaf856@group-B2671EB745D2: changes role from  FOLLOWER to FOLLOWER at term 507 for recognizeCandidate:25d6372c-77fd-4a39-ac2a-e48debad48df
2019-10-15 16:12:35,651 [grpc-default-executor-0] INFO  impl.RaftServerImpl (RaftServerImpl.java:setRole(184)) - 2ec85f63-33fb-4317-9145-71357d145af9@group-B2671EB745D2: changes role from  FOLLOWER to FOLLOWER at term 507 for recognizeCandidate:25d6372c-77fd-4a39-ac2a-e48debad48df
2019-10-15 16:12:35,651 [grpc-default-executor-0] INFO  impl.RoleInfo (RoleInfo.java:shutdownFollowerState(121)) - 2ec85f63-33fb-4317-9145-71357d145af9: shutdown FollowerState
2019-10-15 16:12:35,651 [grpc-default-executor-5] INFO  impl.RoleInfo (RoleInfo.java:shutdownFollowerState(121)) - 50423279-f647-4a18-8e85-347d68eaf856: shutdown FollowerState
2019-10-15 16:12:35,651 [grpc-default-executor-0] INFO  impl.RoleInfo (RoleInfo.java:updateAndGet(143)) - 2ec85f63-33fb-4317-9145-71357d145af9: start FollowerState
2019-10-15 16:12:35,651 [Thread-3333] INFO  impl.FollowerState (FollowerState.java:run(117)) - 2ec85f63-33fb-4317-9145-71357d145af9@group-B2671EB745D2-FollowerState was interrupted: java.lang.InterruptedException: sleep interrupted
2019-10-15 16:12:35,651 [Thread-3332] INFO  impl.FollowerState (FollowerState.java:run(117)) - 50423279-f647-4a18-8e85-347d68eaf856@group-B2671EB745D2-FollowerState was interrupted: java.lang.InterruptedException: sleep interrupted
2019-10-15 16:12:35,651 [grpc-default-executor-5] INFO  impl.RoleInfo (RoleInfo.java:updateAndGet(143)) - 50423279-f647-4a18-8e85-347d68eaf856: start FollowerState
2019-10-15 16:12:35,664 [25d6372c-77fd-4a39-ac2a-e48debad48df@group-B2671EB745D2-LeaderElection472] INFO  impl.LeaderElection (LeaderElection.java:logAndReturn(56)) - 25d6372c-77fd-4a39-ac2a-e48debad48df@group-B2671EB745D2-LeaderElection472: Election REJECTED; received 2 response(s) [25d6372c-77fd-4a39-ac2a-e48debad48df<-2ec85f63-33fb-4317-9145-71357d145af9#0:FAIL-t507, 25d6372c-77fd-4a39-ac2a-e48debad48df<-50423279-f647-4a18-8e85-347d68eaf856#0:FAIL-t507] and 0 exception(s); 25d6372c-77fd-4a39-ac2a-e48debad48df@group-B2671EB745D2:t507, leader=null, voted=25d6372c-77fd-4a39-ac2a-e48debad48df, raftlog=25d6372c-77fd-4a39-ac2a-e48debad48df@group-B2671EB745D2-SegmentedRaftLog:OPENED:c-1,f-1,i0, conf=-1: [50423279-f647-4a18-8e85-347d68eaf856:192.168.69.88:39583, 2ec85f63-33fb-4317-9145-71357d145af9:192.168.69.88:42357, 25d6372c-77fd-4a39-ac2a-e48debad48df:192.168.69.88:39591], old=null
2019-10-15 16:12:35,664 [25d6372c-77fd-4a39-ac2a-e48debad48df@group-B2671EB745D2-LeaderElection472] INFO  impl.RaftServerImpl (RaftServerImpl.java:setRole(184)) - 25d6372c-77fd-4a39-ac2a-e48debad48df@group-B2671EB745D2: changes role from CANDIDATE to FOLLOWER at term 507 for DISCOVERED_A_NEW_TERM
2019-10-15 16:12:35,665 [25d6372c-77fd-4a39-ac2a-e48debad48df@group-B2671EB745D2-LeaderElection472] INFO  impl.RoleInfo (RoleInfo.java:shutdownLeaderElection(134)) - 25d6372c-77fd-4a39-ac2a-e48debad48df: shutdown LeaderElection
2019-10-15 16:12:35,665 [25d6372c-77fd-4a39-ac2a-e48debad48df@group-B2671EB745D2-LeaderElection472] INFO  impl.RoleInfo (RoleInfo.java:updateAndGet(143)) - 25d6372c-77fd-4a39-ac2a-e48debad48df: start FollowerState
2019-10-15 16:12:35,761 [Thread-3338] INFO  impl.FollowerState (FollowerState.java:run(108)) - 25d6372c-77fd-4a39-ac2a-e48debad48df@group-B2671EB745D2-FollowerState: change to CANDIDATE, lastRpcTime:96ms, electionTimeout:96ms
2019-10-15 16:12:35,761 [Thread-3338] INFO  impl.RoleInfo (RoleInfo.java:shutdownFollowerState(121)) - 25d6372c-77fd-4a39-ac2a-e48debad48df: shutdown FollowerState
2019-10-15 16:12:35,761 [Thread-3338] INFO  impl.RaftServerImpl (RaftServerImpl.java:setRole(184)) - 25d6372c-77fd-4a39-ac2a-e48debad48df@group-B2671EB745D2: changes role from  FOLLOWER to CANDIDATE at term 507 for changeToCandidate
2019-10-15 16:12:35,761 [Thread-3338] INFO  impl.RoleInfo (RoleInfo.java:updateAndGet(143)) - 25d6372c-77fd-4a39-ac2a-e48debad48df: start LeaderElection
2019-10-15 16:12:35,775 [25d6372c-77fd-4a39-ac2a-e48debad48df@group-B2671EB745D2-LeaderElection473] INFO  impl.LeaderElection (LeaderElection.java:askForVotes(178)) - 25d6372c-77fd-4a39-ac2a-e48debad48df@group-B2671EB745D2-LeaderElection473: begin an election at term 508 for -1: [50423279-f647-4a18-8e85-347d68eaf856:192.168.69.88:39583, 2ec85f63-33fb-4317-9145-71357d145af9:192.168.69.88:42357, 25d6372c-77fd-4a39-ac2a-e48debad48df:192.168.69.88:39591], old=null
2019-10-15 16:12:35,777 [grpc-default-executor-5] INFO  impl.RaftServerImpl (RaftServerImpl.java:setRole(184)) - 2ec85f63-33fb-4317-9145-71357d145af9@group-B2671EB745D2: changes role from  FOLLOWER to FOLLOWER at term 508 for recognizeCandidate:25d6372c-77fd-4a39-ac2a-e48debad48df
2019-10-15 16:12:35,777 [grpc-default-executor-5] INFO  impl.RoleInfo (RoleInfo.java:shutdownFollowerState(121)) - 2ec85f63-33fb-4317-9145-71357d145af9: shutdown FollowerState
2019-10-15 16:12:35,777 [grpc-default-executor-5] INFO  impl.RoleInfo (RoleInfo.java:updateAndGet(143)) - 2ec85f63-33fb-4317-9145-71357d145af9: start FollowerState
2019-10-15 16:12:35,777 [grpc-default-executor-0] INFO  impl.RaftServerImpl (RaftServerImpl.java:setRole(184)) - 50423279-f647-4a18-8e85-347d68eaf856@group-B2671EB745D2: changes role from  FOLLOWER to FOLLOWER at term 508 for recognizeCandidate:25d6372c-77fd-4a39-ac2a-e48debad48df
2019-10-15 16:12:35,777 [Thread-3336] INFO  impl.FollowerState (FollowerState.java:run(117)) - 2ec85f63-33fb-4317-9145-71357d145af9@group-B2671EB745D2-FollowerState was interrupted: java.lang.InterruptedException: sleep interrupted
2019-10-15 16:12:35,778 [grpc-default-executor-0] INFO  impl.RoleInfo (RoleInfo.java:shutdownFollowerState(121)) - 50423279-f647-4a18-8e85-347d68eaf856: shutdown FollowerState
2019-10-15 16:12:35,778 [Thread-3337] INFO  impl.FollowerState (FollowerState.java:run(117)) - 50423279-f647-4a18-8e85-347d68eaf856@group-B2671EB745D2-FollowerState was interrupted: java.lang.InterruptedException: sleep interrupted
2019-10-15 16:12:35,778 [grpc-default-executor-0] INFO  impl.RoleInfo (RoleInfo.java:updateAndGet(143)) - 50423279-f647-4a18-8e85-347d68eaf856: start FollowerState
2019-10-15 16:12:35,792 [25d6372c-77fd-4a39-ac2a-e48debad48df@group-B2671EB745D2-LeaderElection473] INFO  impl.LeaderElection (LeaderElection.java:logAndReturn(56)) - 25d6372c-77fd-4a39-ac2a-e48debad48df@group-B2671EB745D2-LeaderElection473: Election REJECTED; received 2 response(s) [25d6372c-77fd-4a39-ac2a-e48debad48df<-50423279-f647-4a18-8e85-347d68eaf856#0:FAIL-t508, 25d6372c-77fd-4a39-ac2a-e48debad48df<-2ec85f63-33fb-4317-9145-71357d145af9#0:FAIL-t508] and 0 exception(s); 25d6372c-77fd-4a39-ac2a-e48debad48df@group-B2671EB745D2:t508, leader=null, voted=25d6372c-77fd-4a39-ac2a-e48debad48df, raftlog=25d6372c-77fd-4a39-ac2a-e48debad48df@group-B2671EB745D2-SegmentedRaftLog:OPENED:c-1,f-1,i0, conf=-1: [50423279-f647-4a18-8e85-347d68eaf856:192.168.69.88:39583, 2ec85f63-33fb-4317-9145-71357d145af9:192.168.69.88:42357, 25d6372c-77fd-4a39-ac2a-e48debad48df:192.168.69.88:39591], old=null
2019-10-15 16:12:35,792 [25d6372c-77fd-4a39-ac2a-e48debad48df@group-B2671EB745D2-LeaderElection473] INFO  impl.RaftServerImpl (RaftServerImpl.java:setRole(184)) - 25d6372c-77fd-4a39-ac2a-e48debad48df@group-B2671EB745D2: changes role from CANDIDATE to FOLLOWER at term 508 for DISCOVERED_A_NEW_TERM
2019-10-15 16:12:35,792 [25d6372c-77fd-4a39-ac2a-e48debad48df@group-B2671EB745D2-LeaderElection473] INFO  impl.RoleInfo (RoleInfo.java:shutdownLeaderElection(134)) - 25d6372c-77fd-4a39-ac2a-e48debad48df: shutdown LeaderElection
2019-10-15 16:12:35,792 [25d6372c-77fd-4a39-ac2a-e48debad48df@group-B2671EB745D2-LeaderElection473] INFO  impl.RoleInfo (RoleInfo.java:updateAndGet(143)) - 25d6372c-77fd-4a39-ac2a-e48debad48df: start FollowerState
2019-10-15 16:12:35,943 [Thread-3344] INFO  impl.FollowerState (FollowerState.java:run(108)) - 25d6372c-77fd-4a39-ac2a-e48debad48df@group-B2671EB745D2-FollowerState: change to CANDIDATE, lastRpcTime:150ms, electionTimeout:150ms
2019-10-15 16:12:35,943 [Thread-3344] INFO  impl.RoleInfo (RoleInfo.java:shutdownFollowerState(121)) - 25d6372c-77fd-4a39-ac2a-e48debad48df: shutdown FollowerState
2019-10-15 16:12:35,943 [Thread-3344] INFO  impl.RaftServerImpl (RaftServerImpl.java:setRole(184)) - 25d6372c-77fd-4a39-ac2a-e48debad48df@group-B2671EB745D2: changes role from  FOLLOWER to CANDIDATE at term 508 for changeToCandidate
2019-10-15 16:12:35,943 [Thread-3344] INFO  impl.RoleInfo (RoleInfo.java:updateAndGet(143)) - 25d6372c-77fd-4a39-ac2a-e48debad48df: start LeaderElection
2019-10-15 16:12:36,018 [25d6372c-77fd-4a39-ac2a-e48debad48df@group-B2671EB745D2-LeaderElection474] INFO  impl.LeaderElection (LeaderElection.java:askForVotes(178)) - 25d6372c-77fd-4a39-ac2a-e48debad48df@group-B2671EB745D2-LeaderElection474: begin an election at term 509 for -1: [50423279-f647-4a18-8e85-347d68eaf856:192.168.69.88:39583, 2ec85f63-33fb-4317-9145-71357d145af9:192.168.69.88:42357, 25d6372c-77fd-4a39-ac2a-e48debad48df:192.168.69.88:39591], old=null
2019-10-15 16:12:36,020 [grpc-default-executor-0] INFO  impl.RaftServerImpl (RaftServerImpl.java:setRole(184)) - 50423279-f647-4a18-8e85-347d68eaf856@group-B2671EB745D2: changes role from  FOLLOWER to FOLLOWER at term 509 for recognizeCandidate:25d6372c-77fd-4a39-ac2a-e48debad48df
2019-10-15 16:12:36,020 [grpc-default-executor-5] INFO  impl.RaftServerImpl (RaftServerImpl.java:setRole(184)) - 2ec85f63-33fb-4317-9145-71357d145af9@group-B2671EB745D2: changes role from  FOLLOWER to FOLLOWER at term 509 for recognizeCandidate:25d6372c-77fd-4a39-ac2a-e48debad48df
2019-10-15 16:12:36,020 [grpc-default-executor-0] INFO  impl.RoleInfo (RoleInfo.java:shutdownFollowerState(121)) - 50423279-f647-4a18-8e85-347d68eaf856: shutdown FollowerState
2019-10-15 16:12:36,020 [grpc-default-executor-5] INFO  impl.RoleInfo (RoleInfo.java:shutdownFollowerState(121)) - 2ec85f63-33fb-4317-9145-71357d145af9: shutdown FollowerState
2019-10-15 16:12:36,020 [Thread-3343] INFO  impl.FollowerState (FollowerState.java:run(117)) - 50423279-f647-4a18-8e85-347d68eaf856@group-B2671EB745D2-FollowerState was interrupted: java.lang.InterruptedException: sleep interrupted
2019-10-15 16:12:36,020 [grpc-default-executor-0] INFO  impl.RoleInfo (RoleInfo.java:updateAndGet(143)) - 50423279-f647-4a18-8e85-347d68eaf856: start FollowerState
2019-10-15 16:12:36,021 [Thread-3342] INFO  impl.FollowerState (FollowerState.java:run(117)) - 2ec85f63-33fb-4317-9145-71357d145af9@group-B2671EB745D2-FollowerState was interrupted: java.lang.InterruptedException: sleep interrupted
2019-10-15 16:12:36,021 [grpc-default-executor-5] INFO  impl.RoleInfo (RoleInfo.java:updateAndGet(143)) - 2ec85f63-33fb-4317-9145-71357d145af9: start FollowerState
2019-10-15 16:12:36,037 [25d6372c-77fd-4a39-ac2a-e48debad48df@group-B2671EB745D2-LeaderElection474] INFO  impl.LeaderElection (LeaderElection.java:logAndReturn(56)) - 25d6372c-77fd-4a39-ac2a-e48debad48df@group-B2671EB745D2-LeaderElection474: Election REJECTED; received 2 response(s) [25d6372c-77fd-4a39-ac2a-e48debad48df<-2ec85f63-33fb-4317-9145-71357d145af9#0:FAIL-t509, 25d6372c-77fd-4a39-ac2a-e48debad48df<-50423279-f647-4a18-8e85-347d68eaf856#0:FAIL-t509] and 0 exception(s); 25d6372c-77fd-4a39-ac2a-e48debad48df@group-B2671EB745D2:t509, leader=null, voted=25d6372c-77fd-4a39-ac2a-e48debad48df, raftlog=25d6372c-77fd-4a39-ac2a-e48debad48df@group-B2671EB745D2-SegmentedRaftLog:OPENED:c-1,f-1,i0, conf=-1: [50423279-f647-4a18-8e85-347d68eaf856:192.168.69.88:39583, 2ec85f63-33fb-4317-9145-71357d145af9:192.168.69.88:42357, 25d6372c-77fd-4a39-ac2a-e48debad48df:192.168.69.88:39591], old=null
2019-10-15 16:12:36,038 [25d6372c-77fd-4a39-ac2a-e48debad48df@group-B2671EB745D2-LeaderElection474] INFO  impl.RaftServerImpl (RaftServerImpl.java:setRole(184)) - 25d6372c-77fd-4a39-ac2a-e48debad48df@group-B2671EB745D2: changes role from CANDIDATE to FOLLOWER at term 509 for DISCOVERED_A_NEW_TERM
2019-10-15 16:12:36,038 [25d6372c-77fd-4a39-ac2a-e48debad48df@group-B2671EB745D2-LeaderElection474] INFO  impl.RoleInfo (RoleInfo.java:shutdownLeaderElection(134)) - 25d6372c-77fd-4a39-ac2a-e48debad48df: shutdown LeaderElection
2019-10-15 16:12:36,038 [25d6372c-77fd-4a39-ac2a-e48debad48df@group-B2671EB745D2-LeaderElection474] INFO  impl.RoleInfo (RoleInfo.java:updateAndGet(143)) - 25d6372c-77fd-4a39-ac2a-e48debad48df: start FollowerState
2019-10-15 16:12:36,114 [Thread-3352] INFO  impl.FollowerState (FollowerState.java:run(108)) - 25d6372c-77fd-4a39-ac2a-e48debad48df@group-B2671EB745D2-FollowerState: change to CANDIDATE, lastRpcTime:76ms, electionTimeout:76ms
2019-10-15 16:12:36,114 [Thread-3352] INFO  impl.RoleInfo (RoleInfo.java:shutdownFollowerState(121)) - 25d6372c-77fd-4a39-ac2a-e48debad48df: shutdown FollowerState
2019-10-15 16:12:36,114 [Thread-3352] INFO  impl.RaftServerImpl (RaftServerImpl.java:setRole(184)) - 25d6372c-77fd-4a39-ac2a-e48debad48df@group-B2671EB745D2: changes role from  FOLLOWER to CANDIDATE at term 509 for changeToCandidate
2019-10-15 16:12:36,115 [Thread-3352] INFO  impl.RoleInfo (RoleInfo.java:updateAndGet(143)) - 25d6372c-77fd-4a39-ac2a-e48debad48df: start LeaderElection
2019-10-15 16:12:36,127 [25d6372c-77fd-4a39-ac2a-e48debad48df@group-B2671EB745D2-LeaderElection475] INFO  impl.LeaderElection (LeaderElection.java:askForVotes(178)) - 25d6372c-77fd-4a39-ac2a-e48debad48df@group-B2671EB745D2-LeaderElection475: begin an election at term 510 for -1: [50423279-f647-4a18-8e85-347d68eaf856:192.168.69.88:39583, 2ec85f63-33fb-4317-9145-71357d145af9:192.168.69.88:42357, 25d6372c-77fd-4a39-ac2a-e48debad48df:192.168.69.88:39591], old=null
2019-10-15 16:12:36,129 [grpc-default-executor-0] INFO  impl.RaftServerImpl (RaftServerImpl.java:setRole(184)) - 50423279-f647-4a18-8e85-347d68eaf856@group-B2671EB745D2: changes role from  FOLLOWER to FOLLOWER at term 510 for recognizeCandidate:25d6372c-77fd-4a39-ac2a-e48debad48df
2019-10-15 16:12:36,129 [grpc-default-executor-5] INFO  impl.RaftServerImpl (RaftServerImpl.java:setRole(184)) - 2ec85f63-33fb-4317-9145-71357d145af9@group-B2671EB745D2: changes role from  FOLLOWER to FOLLOWER at term 510 for recognizeCandidate:25d6372c-77fd-4a39-ac2a-e48debad48df
2019-10-15 16:12:36,129 [grpc-default-executor-5] INFO  impl.RoleInfo (RoleInfo.java:shutdownFollowerState(121)) - 2ec85f63-33fb-4317-9145-71357d145af9: shutdown FollowerState
2019-10-15 16:12:36,129 [grpc-default-executor-0] INFO  impl.RoleInfo (RoleInfo.java:shutdownFollowerState(121)) - 50423279-f647-4a18-8e85-347d68eaf856: shutdown FollowerState
2019-10-15 16:12:36,129 [Thread-3351] INFO  impl.FollowerState (FollowerState.java:run(117)) - 2ec85f63-33fb-4317-9145-71357d145af9@group-B2671EB745D2-FollowerState was interrupted: java.lang.InterruptedException: sleep interrupted
2019-10-15 16:12:36,129 [Thread-3350] INFO  impl.FollowerState (FollowerState.java:run(117)) - 50423279-f647-4a18-8e85-347d68eaf856@group-B2671EB745D2-FollowerState was interrupted: java.lang.InterruptedException: sleep interrupted
2019-10-15 16:12:36,129 [grpc-default-executor-5] INFO  impl.RoleInfo (RoleInfo.java:updateAndGet(143)) - 2ec85f63-33fb-4317-9145-71357d145af9: start FollowerState
2019-10-15 16:12:36,129 [grpc-default-executor-0] INFO  impl.RoleInfo (RoleInfo.java:updateAndGet(143)) - 50423279-f647-4a18-8e85-347d68eaf856: start FollowerState
2019-10-15 16:12:36,143 [25d6372c-77fd-4a39-ac2a-e48debad48df@group-B2671EB745D2-LeaderElection475] INFO  impl.LeaderElection (LeaderElection.java:logAndReturn(56)) - 25d6372c-77fd-4a39-ac2a-e48debad48df@group-B2671EB745D2-LeaderElection475: Election REJECTED; received 2 response(s) [25d6372c-77fd-4a39-ac2a-e48debad48df<-50423279-f647-4a18-8e85-347d68eaf856#0:FAIL-t510, 25d6372c-77fd-4a39-ac2a-e48debad48df<-2ec85f63-33fb-4317-9145-71357d145af9#0:FAIL-t510] and 0 exception(s); 25d6372c-77fd-4a39-ac2a-e48debad48df@group-B2671EB745D2:t510, leader=null, voted=25d6372c-77fd-4a39-ac2a-e48debad48df, raftlog=25d6372c-77fd-4a39-ac2a-e48debad48df@group-B2671EB745D2-SegmentedRaftLog:OPENED:c-1,f-1,i0, conf=-1: [50423279-f647-4a18-8e85-347d68eaf856:192.168.69.88:39583, 2ec85f63-33fb-4317-9145-71357d145af9:192.168.69.88:42357, 25d6372c-77fd-4a39-ac2a-e48debad48df:192.168.69.88:39591], old=null
2019-10-15 16:12:36,143 [25d6372c-77fd-4a39-ac2a-e48debad48df@group-B2671EB745D2-LeaderElection475] INFO  impl.RaftServerImpl (RaftServerImpl.java:setRole(184)) - 25d6372c-77fd-4a39-ac2a-e48debad48df@group-B2671EB745D2: changes role from CANDIDATE to FOLLOWER at term 510 for DISCOVERED_A_NEW_TERM
2019-10-15 16:12:36,143 [25d6372c-77fd-4a39-ac2a-e48debad48df@group-B2671EB745D2-LeaderElection475] INFO  impl.RoleInfo (RoleInfo.java:shutdownLeaderElection(134)) - 25d6372c-77fd-4a39-ac2a-e48debad48df: shutdown LeaderElection
2019-10-15 16:12:36,143 [25d6372c-77fd-4a39-ac2a-e48debad48df@group-B2671EB745D2-LeaderElection475] INFO  impl.RoleInfo (RoleInfo.java:updateAndGet(143)) - 25d6372c-77fd-4a39-ac2a-e48debad48df: start FollowerState
2019-10-15 16:12:36,278 [Thread-3358] INFO  impl.FollowerState (FollowerState.java:run(108)) - 25d6372c-77fd-4a39-ac2a-e48debad48df@group-B2671EB745D2-FollowerState: change to CANDIDATE, lastRpcTime:135ms, electionTimeout:135ms
2019-10-15 16:12:36,278 [Thread-3358] INFO  impl.RoleInfo (RoleInfo.java:shutdownFollowerState(121)) - 25d6372c-77fd-4a39-ac2a-e48debad48df: shutdown FollowerState
2019-10-15 16:12:36,279 [Thread-3358] INFO  impl.RaftServerImpl (RaftServerImpl.java:setRole(184)) - 25d6372c-77fd-4a39-ac2a-e48debad48df@group-B2671EB745D2: changes role from  FOLLOWER to CANDIDATE at term 510 for changeToCandidate
2019-10-15 16:12:36,279 [Thread-3358] INFO  impl.RoleInfo (RoleInfo.java:updateAndGet(143)) - 25d6372c-77fd-4a39-ac2a-e48debad48df: start LeaderElection
2019-10-15 16:12:36,285 [25d6372c-77fd-4a39-ac2a-e48debad48df@group-B2671EB745D2-LeaderElection476] INFO  impl.LeaderElection (LeaderElection.java:askForVotes(178)) - 25d6372c-77fd-4a39-ac2a-e48debad48df@group-B2671EB745D2-LeaderElection476: begin an election at term 511 for -1: [50423279-f647-4a18-8e85-347d68eaf856:192.168.69.88:39583, 2ec85f63-33fb-4317-9145-71357d145af9:192.168.69.88:42357, 25d6372c-77fd-4a39-ac2a-e48debad48df:192.168.69.88:39591], old=null
2019-10-15 16:12:36,286 [grpc-default-executor-5] INFO  impl.RaftServerImpl (RaftServerImpl.java:setRole(184)) - 50423279-f647-4a18-8e85-347d68eaf856@group-B2671EB745D2: changes role from  FOLLOWER to FOLLOWER at term 511 for recognizeCandidate:25d6372c-77fd-4a39-ac2a-e48debad48df
2019-10-15 16:12:36,286 [grpc-default-executor-5] INFO  impl.RoleInfo (RoleInfo.java:shutdownFollowerState(121)) - 50423279-f647-4a18-8e85-347d68eaf856: shutdown FollowerState
2019-10-15 16:12:36,286 [grpc-default-executor-0] INFO  impl.RaftServerImpl (RaftServerImpl.java:setRole(184)) - 2ec85f63-33fb-4317-9145-71357d145af9@group-B2671EB745D2: changes role from  FOLLOWER to FOLLOWER at term 511 for recognizeCandidate:25d6372c-77fd-4a39-ac2a-e48debad48df
2019-10-15 16:12:36,286 [Thread-3357] INFO  impl.FollowerState (FollowerState.java:run(117)) - 50423279-f647-4a18-8e85-347d68eaf856@group-B2671EB745D2-FollowerState was interrupted: java.lang.InterruptedException: sleep interrupted
2019-10-15 16:12:36,286 [grpc-default-executor-5] INFO  impl.RoleInfo (RoleInfo.java:updateAndGet(143)) - 50423279-f647-4a18-8e85-347d68eaf856: start FollowerState
2019-10-15 16:12:36,286 [grpc-default-executor-0] INFO  impl.RoleInfo (RoleInfo.java:shutdownFollowerState(121)) - 2ec85f63-33fb-4317-9145-71357d145af9: shutdown FollowerState
2019-10-15 16:12:36,287 [grpc-default-executor-0] INFO  impl.RoleInfo (RoleInfo.java:updateAndGet(143)) - 2ec85f63-33fb-4317-9145-71357d145af9: start FollowerState
2019-10-15 16:12:36,287 [Thread-3356] INFO  impl.FollowerState (FollowerState.java:run(117)) - 2ec85f63-33fb-4317-9145-71357d145af9@group-B2671EB745D2-FollowerState was interrupted: java.lang.InterruptedException: sleep interrupted
2019-10-15 16:12:36,299 [25d6372c-77fd-4a39-ac2a-e48debad48df@group-B2671EB745D2-LeaderElection476] INFO  impl.LeaderElection (LeaderElection.java:logAndReturn(56)) - 25d6372c-77fd-4a39-ac2a-e48debad48df@group-B2671EB745D2-LeaderElection476: Election REJECTED; received 2 response(s) [25d6372c-77fd-4a39-ac2a-e48debad48df<-2ec85f63-33fb-4317-9145-71357d145af9#0:FAIL-t511, 25d6372c-77fd-4a39-ac2a-e48debad48df<-50423279-f647-4a18-8e85-347d68eaf856#0:FAIL-t511] and 0 exception(s); 25d6372c-77fd-4a39-ac2a-e48debad48df@group-B2671EB745D2:t511, leader=null, voted=25d6372c-77fd-4a39-ac2a-e48debad48df, raftlog=25d6372c-77fd-4a39-ac2a-e48debad48df@group-B2671EB745D2-SegmentedRaftLog:OPENED:c-1,f-1,i0, conf=-1: [50423279-f647-4a18-8e85-347d68eaf856:192.168.69.88:39583, 2ec85f63-33fb-4317-9145-71357d145af9:192.168.69.88:42357, 25d6372c-77fd-4a39-ac2a-e48debad48df:192.168.69.88:39591], old=null
2019-10-15 16:12:36,299 [25d6372c-77fd-4a39-ac2a-e48debad48df@group-B2671EB745D2-LeaderElection476] INFO  impl.RaftServerImpl (RaftServerImpl.java:setRole(184)) - 25d6372c-77fd-4a39-ac2a-e48debad48df@group-B2671EB745D2: changes role from CANDIDATE to FOLLOWER at term 511 for DISCOVERED_A_NEW_TERM
2019-10-15 16:12:36,299 [25d6372c-77fd-4a39-ac2a-e48debad48df@group-B2671EB745D2-LeaderElection476] INFO  impl.RoleInfo (RoleInfo.java:shutdownLeaderElection(134)) - 25d6372c-77fd-4a39-ac2a-e48debad48df: shutdown LeaderElection
2019-10-15 16:12:36,299 [25d6372c-77fd-4a39-ac2a-e48debad48df@group-B2671EB745D2-LeaderElection476] INFO  impl.RoleInfo (RoleInfo.java:updateAndGet(143)) - 25d6372c-77fd-4a39-ac2a-e48debad48df: start FollowerState
2019-10-15 16:12:36,401 [Thread-3364] INFO  impl.FollowerState (FollowerState.java:run(108)) - 25d6372c-77fd-4a39-ac2a-e48debad48df@group-B2671EB745D2-FollowerState: change to CANDIDATE, lastRpcTime:101ms, electionTimeout:101ms
2019-10-15 16:12:36,401 [Thread-3364] INFO  impl.RoleInfo (RoleInfo.java:shutdownFollowerState(121)) - 25d6372c-77fd-4a39-ac2a-e48debad48df: shutdown FollowerState
2019-10-15 16:12:36,401 [Thread-3364] INFO  impl.RaftServerImpl (RaftServerImpl.java:setRole(184)) - 25d6372c-77fd-4a39-ac2a-e48debad48df@group-B2671EB745D2: changes role from  FOLLOWER to CANDIDATE at term 511 for changeToCandidate
2019-10-15 16:12:36,401 [Thread-3364] INFO  impl.RoleInfo (RoleInfo.java:updateAndGet(143)) - 25d6372c-77fd-4a39-ac2a-e48debad48df: start LeaderElection
2019-10-15 16:12:36,407 [25d6372c-77fd-4a39-ac2a-e48debad48df@group-B2671EB745D2-LeaderElection477] INFO  impl.LeaderElection (LeaderElection.java:askForVotes(178)) - 25d6372c-77fd-4a39-ac2a-e48debad48df@group-B2671EB745D2-LeaderElection477: begin an election at term 512 for -1: [50423279-f647-4a18-8e85-347d68eaf856:192.168.69.88:39583, 2ec85f63-33fb-4317-9145-71357d145af9:192.168.69.88:42357, 25d6372c-77fd-4a39-ac2a-e48debad48df:192.168.69.88:39591], old=null
2019-10-15 16:12:36,409 [grpc-default-executor-5] INFO  impl.RaftServerImpl (RaftServerImpl.java:setRole(184)) - 50423279-f647-4a18-8e85-347d68eaf856@group-B2671EB745D2: changes role from  FOLLOWER to FOLLOWER at term 512 for recognizeCandidate:25d6372c-77fd-4a39-ac2a-e48debad48df
2019-10-15 16:12:36,409 [grpc-default-executor-5] INFO  impl.RoleInfo (RoleInfo.java:shutdownFollowerState(121)) - 50423279-f647-4a18-8e85-347d68eaf856: shutdown FollowerState
2019-10-15 16:12:36,409 [grpc-default-executor-0] INFO  impl.RaftServerImpl (RaftServerImpl.java:setRole(184)) - 2ec85f63-33fb-4317-9145-71357d145af9@group-B2671EB745D2: changes role from  FOLLOWER to FOLLOWER at term 512 for recognizeCandidate:25d6372c-77fd-4a39-ac2a-e48debad48df
2019-10-15 16:12:36,409 [Thread-3362] INFO  impl.FollowerState (FollowerState.java:run(117)) - 50423279-f647-4a18-8e85-347d68eaf856@group-B2671EB745D2-FollowerState was interrupted: java.lang.InterruptedException: sleep interrupted
2019-10-15 16:12:36,409 [grpc-default-executor-5] INFO  impl.RoleInfo (RoleInfo.java:updateAndGet(143)) - 50423279-f647-4a18-8e85-347d68eaf856: start FollowerState
2019-10-15 16:12:36,409 [grpc-default-executor-0] INFO  impl.RoleInfo (RoleInfo.java:shutdownFollowerState(121)) - 2ec85f63-33fb-4317-9145-71357d145af9: shutdown FollowerState
2019-10-15 16:12:36,409 [grpc-default-executor-0] INFO  impl.RoleInfo (RoleInfo.java:updateAndGet(143)) - 2ec85f63-33fb-4317-9145-71357d145af9: start FollowerState
2019-10-15 16:12:36,409 [Thread-3363] INFO  impl.FollowerState (FollowerState.java:run(117)) - 2ec85f63-33fb-4317-9145-71357d145af9@group-B2671EB745D2-FollowerState was interrupted: java.lang.InterruptedException: sleep interrupted
2019-10-15 16:12:36,416 [25d6372c-77fd-4a39-ac2a-e48debad48df@group-B2671EB745D2-LeaderElection477] INFO  impl.LeaderElection (LeaderElection.java:logAndReturn(56)) - 25d6372c-77fd-4a39-ac2a-e48debad48df@group-B2671EB745D2-LeaderElection477: Election REJECTED; received 2 response(s) [25d6372c-77fd-4a39-ac2a-e48debad48df<-2ec85f63-33fb-4317-9145-71357d145af9#0:FAIL-t512, 25d6372c-77fd-4a39-ac2a-e48debad48df<-50423279-f647-4a18-8e85-347d68eaf856#0:FAIL-t512] and 0 exception(s); 25d6372c-77fd-4a39-ac2a-e48debad48df@group-B2671EB745D2:t512, leader=null, voted=25d6372c-77fd-4a39-ac2a-e48debad48df, raftlog=25d6372c-77fd-4a39-ac2a-e48debad48df@group-B2671EB745D2-SegmentedRaftLog:OPENED:c-1,f-1,i0, conf=-1: [50423279-f647-4a18-8e85-347d68eaf856:192.168.69.88:39583, 2ec85f63-33fb-4317-9145-71357d145af9:192.168.69.88:42357, 25d6372c-77fd-4a39-ac2a-e48debad48df:192.168.69.88:39591], old=null
2019-10-15 16:12:36,416 [25d6372c-77fd-4a39-ac2a-e48debad48df@group-B2671EB745D2-LeaderElection477] INFO  impl.RaftServerImpl (RaftServerImpl.java:setRole(184)) - 25d6372c-77fd-4a39-ac2a-e48debad48df@group-B2671EB745D2: changes role from CANDIDATE to FOLLOWER at term 512 for DISCOVERED_A_NEW_TERM
2019-10-15 16:12:36,416 [25d6372c-77fd-4a39-ac2a-e48debad48df@group-B2671EB745D2-LeaderElection477] INFO  impl.RoleInfo (RoleInfo.java:shutdownLeaderElection(134)) - 25d6372c-77fd-4a39-ac2a-e48debad48df: shutdown LeaderElection
2019-10-15 16:12:36,416 [25d6372c-77fd-4a39-ac2a-e48debad48df@group-B2671EB745D2-LeaderElection477] INFO  impl.RoleInfo (RoleInfo.java:updateAndGet(143)) - 25d6372c-77fd-4a39-ac2a-e48debad48df: start FollowerState
2019-10-15 16:12:36,552 [Thread-3370] INFO  impl.FollowerState (FollowerState.java:run(108)) - 25d6372c-77fd-4a39-ac2a-e48debad48df@group-B2671EB745D2-FollowerState: change to CANDIDATE, lastRpcTime:135ms, electionTimeout:135ms
2019-10-15 16:12:36,552 [Thread-3370] INFO  impl.RoleInfo (RoleInfo.java:shutdownFollowerState(121)) - 25d6372c-77fd-4a39-ac2a-e48debad48df: shutdown FollowerState
2019-10-15 16:12:36,552 [Thread-3370] INFO  impl.RaftServerImpl (RaftServerImpl.java:setRole(184)) - 25d6372c-77fd-4a39-ac2a-e48debad48df@group-B2671EB745D2: changes role from  FOLLOWER to CANDIDATE at term 512 for changeToCandidate
2019-10-15 16:12:36,552 [Thread-3370] INFO  impl.RoleInfo (RoleInfo.java:updateAndGet(143)) - 25d6372c-77fd-4a39-ac2a-e48debad48df: start LeaderElection
2019-10-15 16:12:36,567 [25d6372c-77fd-4a39-ac2a-e48debad48df@group-B2671EB745D2-LeaderElection478] INFO  impl.LeaderElection (LeaderElection.java:askForVotes(178)) - 25d6372c-77fd-4a39-ac2a-e48debad48df@group-B2671EB745D2-LeaderElection478: begin an election at term 513 for -1: [50423279-f647-4a18-8e85-347d68eaf856:192.168.69.88:39583, 2ec85f63-33fb-4317-9145-71357d145af9:192.168.69.88:42357, 25d6372c-77fd-4a39-ac2a-e48debad48df:192.168.69.88:39591], old=null
2019-10-15 16:12:36,569 [grpc-default-executor-5] INFO  impl.RaftServerImpl (RaftServerImpl.java:setRole(184)) - 2ec85f63-33fb-4317-9145-71357d145af9@group-B2671EB745D2: changes role from  FOLLOWER to FOLLOWER at term 513 for recognizeCandidate:25d6372c-77fd-4a39-ac2a-e48debad48df
2019-10-15 16:12:36,569 [grpc-default-executor-5] INFO  impl.RoleInfo (RoleInfo.java:shutdownFollowerState(121)) - 2ec85f63-33fb-4317-9145-71357d145af9: shutdown FollowerState
2019-10-15 16:12:36,569 [grpc-default-executor-0] INFO  impl.RaftServerImpl (RaftServerImpl.java:setRole(184)) - 50423279-f647-4a18-8e85-347d68eaf856@group-B2671EB745D2: changes role from  FOLLOWER to FOLLOWER at term 513 for recognizeCandidate:25d6372c-77fd-4a39-ac2a-e48debad48df
2019-10-15 16:12:36,570 [Thread-3369] INFO  impl.FollowerState (FollowerState.java:run(117)) - 2ec85f63-33fb-4317-9145-71357d145af9@group-B2671EB745D2-FollowerState was interrupted: java.lang.InterruptedException: sleep interrupted
2019-10-15 16:12:36,570 [grpc-default-executor-5] INFO  impl.RoleInfo (RoleInfo.java:updateAndGet(143)) - 2ec85f63-33fb-4317-9145-71357d145af9: start FollowerState
2019-10-15 16:12:36,570 [grpc-default-executor-0] INFO  impl.RoleInfo (RoleInfo.java:shutdownFollowerState(121)) - 50423279-f647-4a18-8e85-347d68eaf856: shutdown FollowerState
2019-10-15 16:12:36,570 [grpc-default-executor-0] INFO  impl.RoleInfo (RoleInfo.java:updateAndGet(143)) - 50423279-f647-4a18-8e85-347d68eaf856: start FollowerState
2019-10-15 16:12:36,570 [Thread-3368] INFO  impl.FollowerState (FollowerState.java:run(117)) - 50423279-f647-4a18-8e85-347d68eaf856@group-B2671EB745D2-FollowerState was interrupted: java.lang.InterruptedException: sleep interrupted
2019-10-15 16:12:36,575 [25d6372c-77fd-4a39-ac2a-e48debad48df@group-B2671EB745D2-LeaderElection478] INFO  impl.LeaderElection (LeaderElection.java:logAndReturn(56)) - 25d6372c-77fd-4a39-ac2a-e48debad48df@group-B2671EB745D2-LeaderElection478: Election REJECTED; received 2 response(s) [25d6372c-77fd-4a39-ac2a-e48debad48df<-50423279-f647-4a18-8e85-347d68eaf856#0:FAIL-t513, 25d6372c-77fd-4a39-ac2a-e48debad48df<-2ec85f63-33fb-4317-9145-71357d145af9#0:FAIL-t513] and 0 exception(s); 25d6372c-77fd-4a39-ac2a-e48debad48df@group-B2671EB745D2:t513, leader=null, voted=25d6372c-77fd-4a39-ac2a-e48debad48df, raftlog=25d6372c-77fd-4a39-ac2a-e48debad48df@group-B2671EB745D2-SegmentedRaftLog:OPENED:c-1,f-1,i0, conf=-1: [50423279-f647-4a18-8e85-347d68eaf856:192.168.69.88:39583, 2ec85f63-33fb-4317-9145-71357d145af9:192.168.69.88:42357, 25d6372c-77fd-4a39-ac2a-e48debad48df:192.168.69.88:39591], old=null
2019-10-15 16:12:36,575 [25d6372c-77fd-4a39-ac2a-e48debad48df@group-B2671EB745D2-LeaderElection478] INFO  impl.RaftServerImpl (RaftServerImpl.java:setRole(184)) - 25d6372c-77fd-4a39-ac2a-e48debad48df@group-B2671EB745D2: changes role from CANDIDATE to FOLLOWER at term 513 for DISCOVERED_A_NEW_TERM
2019-10-15 16:12:36,575 [25d6372c-77fd-4a39-ac2a-e48debad48df@group-B2671EB745D2-LeaderElection478] INFO  impl.RoleInfo (RoleInfo.java:shutdownLeaderElection(134)) - 25d6372c-77fd-4a39-ac2a-e48debad48df: shutdown LeaderElection
2019-10-15 16:12:36,575 [25d6372c-77fd-4a39-ac2a-e48debad48df@group-B2671EB745D2-LeaderElection478] INFO  impl.RoleInfo (RoleInfo.java:updateAndGet(143)) - 25d6372c-77fd-4a39-ac2a-e48debad48df: start FollowerState
2019-10-15 16:12:36,618 [Thread-3376] INFO  impl.FollowerState (FollowerState.java:run(108)) - 25d6372c-77fd-4a39-ac2a-e48debad48df@group-B2671EB745D2-FollowerState: change to CANDIDATE, lastRpcTime:42ms, electionTimeout:42ms
2019-10-15 16:12:36,618 [Thread-3376] INFO  impl.RoleInfo (RoleInfo.java:shutdownFollowerState(121)) - 25d6372c-77fd-4a39-ac2a-e48debad48df: shutdown FollowerState
2019-10-15 16:12:36,618 [Thread-3376] INFO  impl.RaftServerImpl (RaftServerImpl.java:setRole(184)) - 25d6372c-77fd-4a39-ac2a-e48debad48df@group-B2671EB745D2: changes role from  FOLLOWER to CANDIDATE at term 513 for changeToCandidate
2019-10-15 16:12:36,618 [Thread-3376] INFO  impl.RoleInfo (RoleInfo.java:updateAndGet(143)) - 25d6372c-77fd-4a39-ac2a-e48debad48df: start LeaderElection
2019-10-15 16:12:36,631 [25d6372c-77fd-4a39-ac2a-e48debad48df@group-B2671EB745D2-LeaderElection479] INFO  impl.LeaderElection (LeaderElection.java:askForVotes(178)) - 25d6372c-77fd-4a39-ac2a-e48debad48df@group-B2671EB745D2-LeaderElection479: begin an election at term 514 for -1: [50423279-f647-4a18-8e85-347d68eaf856:192.168.69.88:39583, 2ec85f63-33fb-4317-9145-71357d145af9:192.168.69.88:42357, 25d6372c-77fd-4a39-ac2a-e48debad48df:192.168.69.88:39591], old=null
2019-10-15 16:12:36,633 [grpc-default-executor-5] INFO  impl.RaftServerImpl (RaftServerImpl.java:setRole(184)) - 50423279-f647-4a18-8e85-347d68eaf856@group-B2671EB745D2: changes role from  FOLLOWER to FOLLOWER at term 514 for recognizeCandidate:25d6372c-77fd-4a39-ac2a-e48debad48df
2019-10-15 16:12:36,633 [grpc-default-executor-0] INFO  impl.RaftServerImpl (RaftServerImpl.java:setRole(184)) - 2ec85f63-33fb-4317-9145-71357d145af9@group-B2671EB745D2: changes role from  FOLLOWER to FOLLOWER at term 514 for recognizeCandidate:25d6372c-77fd-4a39-ac2a-e48debad48df
2019-10-15 16:12:36,633 [grpc-default-executor-5] INFO  impl.RoleInfo (RoleInfo.java:shutdownFollowerState(121)) - 50423279-f647-4a18-8e85-347d68eaf856: shutdown FollowerState
2019-10-15 16:12:36,633 [grpc-default-executor-0] INFO  impl.RoleInfo (RoleInfo.java:shutdownFollowerState(121)) - 2ec85f63-33fb-4317-9145-71357d145af9: shutdown FollowerState
2019-10-15 16:12:36,633 [Thread-3375] INFO  impl.FollowerState (FollowerState.java:run(117)) - 50423279-f647-4a18-8e85-347d68eaf856@group-B2671EB745D2-FollowerState was interrupted: java.lang.InterruptedException: sleep interrupted
2019-10-15 16:12:36,633 [grpc-default-executor-5] INFO  impl.RoleInfo (RoleInfo.java:updateAndGet(143)) - 50423279-f647-4a18-8e85-347d68eaf856: start FollowerState
2019-10-15 16:12:36,634 [Thread-3374] INFO  impl.FollowerState (FollowerState.java:run(117)) - 2ec85f63-33fb-4317-9145-71357d145af9@group-B2671EB745D2-FollowerState was interrupted: java.lang.InterruptedException: sleep interrupted
2019-10-15 16:12:36,634 [grpc-default-executor-0] INFO  impl.RoleInfo (RoleInfo.java:updateAndGet(143)) - 2ec85f63-33fb-4317-9145-71357d145af9: start FollowerState
2019-10-15 16:12:36,638 [25d6372c-77fd-4a39-ac2a-e48debad48df@group-B2671EB745D2-LeaderElection479] INFO  impl.LeaderElection (LeaderElection.java:logAndReturn(56)) - 25d6372c-77fd-4a39-ac2a-e48debad48df@group-B2671EB745D2-LeaderElection479: Election REJECTED; received 2 response(s) [25d6372c-77fd-4a39-ac2a-e48debad48df<-50423279-f647-4a18-8e85-347d68eaf856#0:FAIL-t514, 25d6372c-77fd-4a39-ac2a-e48debad48df<-2ec85f63-33fb-4317-9145-71357d145af9#0:FAIL-t514] and 0 exception(s); 25d6372c-77fd-4a39-ac2a-e48debad48df@group-B2671EB745D2:t514, leader=null, voted=25d6372c-77fd-4a39-ac2a-e48debad48df, raftlog=25d6372c-77fd-4a39-ac2a-e48debad48df@group-B2671EB745D2-SegmentedRaftLog:OPENED:c-1,f-1,i0, conf=-1: [50423279-f647-4a18-8e85-347d68eaf856:192.168.69.88:39583, 2ec85f63-33fb-4317-9145-71357d145af9:192.168.69.88:42357, 25d6372c-77fd-4a39-ac2a-e48debad48df:192.168.69.88:39591], old=null
2019-10-15 16:12:36,639 [25d6372c-77fd-4a39-ac2a-e48debad48df@group-B2671EB745D2-LeaderElection479] INFO  impl.RaftServerImpl (RaftServerImpl.java:setRole(184)) - 25d6372c-77fd-4a39-ac2a-e48debad48df@group-B2671EB745D2: changes role from CANDIDATE to FOLLOWER at term 514 for DISCOVERED_A_NEW_TERM
2019-10-15 16:12:36,639 [25d6372c-77fd-4a39-ac2a-e48debad48df@group-B2671EB745D2-LeaderElection479] INFO  impl.RoleInfo (RoleInfo.java:shutdownLeaderElection(134)) - 25d6372c-77fd-4a39-ac2a-e48debad48df: shutdown LeaderElection
2019-10-15 16:12:36,639 [25d6372c-77fd-4a39-ac2a-e48debad48df@group-B2671EB745D2-LeaderElection479] INFO  impl.RoleInfo (RoleInfo.java:updateAndGet(143)) - 25d6372c-77fd-4a39-ac2a-e48debad48df: start FollowerState
2019-10-15 16:12:36,763 [Thread-3382] INFO  impl.FollowerState (FollowerState.java:run(108)) - 25d6372c-77fd-4a39-ac2a-e48debad48df@group-B2671EB745D2-FollowerState: change to CANDIDATE, lastRpcTime:124ms, electionTimeout:124ms
2019-10-15 16:12:36,763 [Thread-3382] INFO  impl.RoleInfo (RoleInfo.java:shutdownFollowerState(121)) - 25d6372c-77fd-4a39-ac2a-e48debad48df: shutdown FollowerState
2019-10-15 16:12:36,764 [Thread-3382] INFO  impl.RaftServerImpl (RaftServerImpl.java:setRole(184)) - 25d6372c-77fd-4a39-ac2a-e48debad48df@group-B2671EB745D2: changes role from  FOLLOWER to CANDIDATE at term 514 for changeToCandidate
2019-10-15 16:12:36,764 [Thread-3382] INFO  impl.RoleInfo (RoleInfo.java:updateAndGet(143)) - 25d6372c-77fd-4a39-ac2a-e48debad48df: start LeaderElection
2019-10-15 16:12:36,778 [25d6372c-77fd-4a39-ac2a-e48debad48df@group-B2671EB745D2-LeaderElection480] INFO  impl.LeaderElection (LeaderElection.java:askForVotes(178)) - 25d6372c-77fd-4a39-ac2a-e48debad48df@group-B2671EB745D2-LeaderElection480: begin an election at term 515 for -1: [50423279-f647-4a18-8e85-347d68eaf856:192.168.69.88:39583, 2ec85f63-33fb-4317-9145-71357d145af9:192.168.69.88:42357, 25d6372c-77fd-4a39-ac2a-e48debad48df:192.168.69.88:39591], old=null
2019-10-15 16:12:36,779 [grpc-default-executor-0] INFO  impl.RaftServerImpl (RaftServerImpl.java:setRole(184)) - 50423279-f647-4a18-8e85-347d68eaf856@group-B2671EB745D2: changes role from  FOLLOWER to FOLLOWER at term 515 for recognizeCandidate:25d6372c-77fd-4a39-ac2a-e48debad48df
2019-10-15 16:12:36,780 [grpc-default-executor-0] INFO  impl.RoleInfo (RoleInfo.java:shutdownFollowerState(121)) - 50423279-f647-4a18-8e85-347d68eaf856: shutdown FollowerState
2019-10-15 16:12:36,780 [grpc-default-executor-5] INFO  impl.RaftServerImpl (RaftServerImpl.java:setRole(184)) - 2ec85f63-33fb-4317-9145-71357d145af9@group-B2671EB745D2: changes role from  FOLLOWER to FOLLOWER at term 515 for recognizeCandidate:25d6372c-77fd-4a39-ac2a-e48debad48df
2019-10-15 16:12:36,780 [grpc-default-executor-5] INFO  impl.RoleInfo (RoleInfo.java:shutdownFollowerState(121)) - 2ec85f63-33fb-4317-9145-71357d145af9: shutdown FollowerState
2019-10-15 16:12:36,780 [Thread-3380] INFO  impl.FollowerState (FollowerState.java:run(117)) - 50423279-f647-4a18-8e85-347d68eaf856@group-B2671EB745D2-FollowerState was interrupted: java.lang.InterruptedException: sleep interrupted
2019-10-15 16:12:36,780 [grpc-default-executor-0] INFO  impl.RoleInfo (RoleInfo.java:updateAndGet(143)) - 50423279-f647-4a18-8e85-347d68eaf856: start FollowerState
2019-10-15 16:12:36,780 [Thread-3381] INFO  impl.FollowerState (FollowerState.java:run(117)) - 2ec85f63-33fb-4317-9145-71357d145af9@group-B2671EB745D2-FollowerState was interrupted: java.lang.InterruptedException: sleep interrupted
2019-10-15 16:12:36,780 [grpc-default-executor-5] INFO  impl.RoleInfo (RoleInfo.java:updateAndGet(143)) - 2ec85f63-33fb-4317-9145-71357d145af9: start FollowerState
2019-10-15 16:12:36,795 [25d6372c-77fd-4a39-ac2a-e48debad48df@group-B2671EB745D2-LeaderElection480] INFO  impl.LeaderElection (LeaderElection.java:logAndReturn(56)) - 25d6372c-77fd-4a39-ac2a-e48debad48df@group-B2671EB745D2-LeaderElection480: Election REJECTED; received 2 response(s) [25d6372c-77fd-4a39-ac2a-e48debad48df<-2ec85f63-33fb-4317-9145-71357d145af9#0:FAIL-t515, 25d6372c-77fd-4a39-ac2a-e48debad48df<-50423279-f647-4a18-8e85-347d68eaf856#0:FAIL-t515] and 0 exception(s); 25d6372c-77fd-4a39-ac2a-e48debad48df@group-B2671EB745D2:t515, leader=null, voted=25d6372c-77fd-4a39-ac2a-e48debad48df, raftlog=25d6372c-77fd-4a39-ac2a-e48debad48df@group-B2671EB745D2-SegmentedRaftLog:OPENED:c-1,f-1,i0, conf=-1: [50423279-f647-4a18-8e85-347d68eaf856:192.168.69.88:39583, 2ec85f63-33fb-4317-9145-71357d145af9:192.168.69.88:42357, 25d6372c-77fd-4a39-ac2a-e48debad48df:192.168.69.88:39591], old=null
2019-10-15 16:12:36,795 [25d6372c-77fd-4a39-ac2a-e48debad48df@group-B2671EB745D2-LeaderElection480] INFO  impl.RaftServerImpl (RaftServerImpl.java:setRole(184)) - 25d6372c-77fd-4a39-ac2a-e48debad48df@group-B2671EB745D2: changes role from CANDIDATE to FOLLOWER at term 515 for DISCOVERED_A_NEW_TERM
2019-10-15 16:12:36,795 [25d6372c-77fd-4a39-ac2a-e48debad48df@group-B2671EB745D2-LeaderElection480] INFO  impl.RoleInfo (RoleInfo.java:shutdownLeaderElection(134)) - 25d6372c-77fd-4a39-ac2a-e48debad48df: shutdown LeaderElection
2019-10-15 16:12:36,795 [25d6372c-77fd-4a39-ac2a-e48debad48df@group-B2671EB745D2-LeaderElection480] INFO  impl.RoleInfo (RoleInfo.java:updateAndGet(143)) - 25d6372c-77fd-4a39-ac2a-e48debad48df: start FollowerState
2019-10-15 16:12:36,849 [Thread-3388] INFO  impl.FollowerState (FollowerState.java:run(108)) - 25d6372c-77fd-4a39-ac2a-e48debad48df@group-B2671EB745D2-FollowerState: change to CANDIDATE, lastRpcTime:54ms, electionTimeout:54ms
2019-10-15 16:12:36,849 [Thread-3388] INFO  impl.RoleInfo (RoleInfo.java:shutdownFollowerState(121)) - 25d6372c-77fd-4a39-ac2a-e48debad48df: shutdown FollowerState
2019-10-15 16:12:36,850 [Thread-3388] INFO  impl.RaftServerImpl (RaftServerImpl.java:setRole(184)) - 25d6372c-77fd-4a39-ac2a-e48debad48df@group-B2671EB745D2: changes role from  FOLLOWER to CANDIDATE at term 515 for changeToCandidate
2019-10-15 16:12:36,850 [Thread-3388] INFO  impl.RoleInfo (RoleInfo.java:updateAndGet(143)) - 25d6372c-77fd-4a39-ac2a-e48debad48df: start LeaderElection
2019-10-15 16:12:36,863 [25d6372c-77fd-4a39-ac2a-e48debad48df@group-B2671EB745D2-LeaderElection481] INFO  impl.LeaderElection (LeaderElection.java:askForVotes(178)) - 25d6372c-77fd-4a39-ac2a-e48debad48df@group-B2671EB745D2-LeaderElection481: begin an election at term 516 for -1: [50423279-f647-4a18-8e85-347d68eaf856:192.168.69.88:39583, 2ec85f63-33fb-4317-9145-71357d145af9:192.168.69.88:42357, 25d6372c-77fd-4a39-ac2a-e48debad48df:192.168.69.88:39591], old=null
2019-10-15 16:12:36,865 [grpc-default-executor-5] INFO  impl.RaftServerImpl (RaftServerImpl.java:setRole(184)) - 2ec85f63-33fb-4317-9145-71357d145af9@group-B2671EB745D2: changes role from  FOLLOWER to FOLLOWER at term 516 for recognizeCandidate:25d6372c-77fd-4a39-ac2a-e48debad48df
2019-10-15 16:12:36,866 [grpc-default-executor-5] INFO  impl.RoleInfo (RoleInfo.java:shutdownFollowerState(121)) - 2ec85f63-33fb-4317-9145-71357d145af9: shutdown FollowerState
2019-10-15 16:12:36,865 [grpc-default-executor-0] INFO  impl.RaftServerImpl (RaftServerImpl.java:setRole(184)) - 50423279-f647-4a18-8e85-347d68eaf856@group-B2671EB745D2: changes role from  FOLLOWER to FOLLOWER at term 516 for recognizeCandidate:25d6372c-77fd-4a39-ac2a-e48debad48df
2019-10-15 16:12:36,866 [grpc-default-executor-0] INFO  impl.RoleInfo (RoleInfo.java:shutdownFollowerState(121)) - 50423279-f647-4a18-8e85-347d68eaf856: shutdown FollowerState
2019-10-15 16:12:36,866 [Thread-3387] INFO  impl.FollowerState (FollowerState.java:run(117)) - 2ec85f63-33fb-4317-9145-71357d145af9@group-B2671EB745D2-FollowerState was interrupted: java.lang.InterruptedException: sleep interrupted
2019-10-15 16:12:36,866 [grpc-default-executor-5] INFO  impl.RoleInfo (RoleInfo.java:updateAndGet(143)) - 2ec85f63-33fb-4317-9145-71357d145af9: start FollowerState
2019-10-15 16:12:36,866 [Thread-3386] INFO  impl.FollowerState (FollowerState.java:run(117)) - 50423279-f647-4a18-8e85-347d68eaf856@group-B2671EB745D2-FollowerState was interrupted: java.lang.InterruptedException: sleep interrupted
2019-10-15 16:12:36,866 [grpc-default-executor-0] INFO  impl.RoleInfo (RoleInfo.java:updateAndGet(143)) - 50423279-f647-4a18-8e85-347d68eaf856: start FollowerState
2019-10-15 16:12:36,880 [25d6372c-77fd-4a39-ac2a-e48debad48df@group-B2671EB745D2-LeaderElection481] INFO  impl.LeaderElection (LeaderElection.java:logAndReturn(56)) - 25d6372c-77fd-4a39-ac2a-e48debad48df@group-B2671EB745D2-LeaderElection481: Election REJECTED; received 2 response(s) [25d6372c-77fd-4a39-ac2a-e48debad48df<-50423279-f647-4a18-8e85-347d68eaf856#0:FAIL-t516, 25d6372c-77fd-4a39-ac2a-e48debad48df<-2ec85f63-33fb-4317-9145-71357d145af9#0:FAIL-t516] and 0 exception(s); 25d6372c-77fd-4a39-ac2a-e48debad48df@group-B2671EB745D2:t516, leader=null, voted=25d6372c-77fd-4a39-ac2a-e48debad48df, raftlog=25d6372c-77fd-4a39-ac2a-e48debad48df@group-B2671EB745D2-SegmentedRaftLog:OPENED:c-1,f-1,i0, conf=-1: [50423279-f647-4a18-8e85-347d68eaf856:192.168.69.88:39583, 2ec85f63-33fb-4317-9145-71357d145af9:192.168.69.88:42357, 25d6372c-77fd-4a39-ac2a-e48debad48df:192.168.69.88:39591], old=null
2019-10-15 16:12:36,880 [25d6372c-77fd-4a39-ac2a-e48debad48df@group-B2671EB745D2-LeaderElection481] INFO  impl.RaftServerImpl (RaftServerImpl.java:setRole(184)) - 25d6372c-77fd-4a39-ac2a-e48debad48df@group-B2671EB745D2: changes role from CANDIDATE to FOLLOWER at term 516 for DISCOVERED_A_NEW_TERM
2019-10-15 16:12:36,880 [25d6372c-77fd-4a39-ac2a-e48debad48df@group-B2671EB745D2-LeaderElection481] INFO  impl.RoleInfo (RoleInfo.java:shutdownLeaderElection(134)) - 25d6372c-77fd-4a39-ac2a-e48debad48df: shutdown LeaderElection
2019-10-15 16:12:36,881 [25d6372c-77fd-4a39-ac2a-e48debad48df@group-B2671EB745D2-LeaderElection481] INFO  impl.RoleInfo (RoleInfo.java:updateAndGet(143)) - 25d6372c-77fd-4a39-ac2a-e48debad48df: start FollowerState
2019-10-15 16:12:36,922 [Thread-3396] INFO  impl.FollowerState (FollowerState.java:run(108)) - 25d6372c-77fd-4a39-ac2a-e48debad48df@group-B2671EB745D2-FollowerState: change to CANDIDATE, lastRpcTime:41ms, electionTimeout:41ms
2019-10-15 16:12:36,922 [Thread-3396] INFO  impl.RoleInfo (RoleInfo.java:shutdownFollowerState(121)) - 25d6372c-77fd-4a39-ac2a-e48debad48df: shutdown FollowerState
2019-10-15 16:12:36,922 [Thread-3396] INFO  impl.RaftServerImpl (RaftServerImpl.java:setRole(184)) - 25d6372c-77fd-4a39-ac2a-e48debad48df@group-B2671EB745D2: changes role from  FOLLOWER to CANDIDATE at term 516 for changeToCandidate
2019-10-15 16:12:36,922 [Thread-3396] INFO  impl.RoleInfo (RoleInfo.java:updateAndGet(143)) - 25d6372c-77fd-4a39-ac2a-e48debad48df: start LeaderElection
2019-10-15 16:12:36,936 [25d6372c-77fd-4a39-ac2a-e48debad48df@group-B2671EB745D2-LeaderElection482] INFO  impl.LeaderElection (LeaderElection.java:askForVotes(178)) - 25d6372c-77fd-4a39-ac2a-e48debad48df@group-B2671EB745D2-LeaderElection482: begin an election at term 517 for -1: [50423279-f647-4a18-8e85-347d68eaf856:192.168.69.88:39583, 2ec85f63-33fb-4317-9145-71357d145af9:192.168.69.88:42357, 25d6372c-77fd-4a39-ac2a-e48debad48df:192.168.69.88:39591], old=null
2019-10-15 16:12:36,938 [grpc-default-executor-0] INFO  impl.RaftServerImpl (RaftServerImpl.java:setRole(184)) - 50423279-f647-4a18-8e85-347d68eaf856@group-B2671EB745D2: changes role from  FOLLOWER to FOLLOWER at term 517 for recognizeCandidate:25d6372c-77fd-4a39-ac2a-e48debad48df
2019-10-15 16:12:36,938 [grpc-default-executor-0] INFO  impl.RoleInfo (RoleInfo.java:shutdownFollowerState(121)) - 50423279-f647-4a18-8e85-347d68eaf856: shutdown FollowerState
2019-10-15 16:12:36,938 [grpc-default-executor-0] INFO  impl.RoleInfo (RoleInfo.java:updateAndGet(143)) - 50423279-f647-4a18-8e85-347d68eaf856: start FollowerState
2019-10-15 16:12:36,938 [Thread-3393] INFO  impl.FollowerState (FollowerState.java:run(117)) - 50423279-f647-4a18-8e85-347d68eaf856@group-B2671EB745D2-FollowerState was interrupted: java.lang.InterruptedException: sleep interrupted
2019-10-15 16:12:36,938 [grpc-default-executor-5] INFO  impl.RaftServerImpl (RaftServerImpl.java:setRole(184)) - 2ec85f63-33fb-4317-9145-71357d145af9@group-B2671EB745D2: changes role from  FOLLOWER to FOLLOWER at term 517 for recognizeCandidate:25d6372c-77fd-4a39-ac2a-e48debad48df
2019-10-15 16:12:36,939 [grpc-default-executor-5] INFO  impl.RoleInfo (RoleInfo.java:shutdownFollowerState(121)) - 2ec85f63-33fb-4317-9145-71357d145af9: shutdown FollowerState
2019-10-15 16:12:36,939 [grpc-default-executor-5] INFO  impl.RoleInfo (RoleInfo.java:updateAndGet(143)) - 2ec85f63-33fb-4317-9145-71357d145af9: start FollowerState
2019-10-15 16:12:36,939 [Thread-3392] INFO  impl.FollowerState (FollowerState.java:run(117)) - 2ec85f63-33fb-4317-9145-71357d145af9@group-B2671EB745D2-FollowerState was interrupted: java.lang.InterruptedException: sleep interrupted
2019-10-15 16:12:36,954 [25d6372c-77fd-4a39-ac2a-e48debad48df@group-B2671EB745D2-LeaderElection482] INFO  impl.LeaderElection (LeaderElection.java:logAndReturn(56)) - 25d6372c-77fd-4a39-ac2a-e48debad48df@group-B2671EB745D2-LeaderElection482: Election REJECTED; received 2 response(s) [25d6372c-77fd-4a39-ac2a-e48debad48df<-50423279-f647-4a18-8e85-347d68eaf856#0:FAIL-t517, 25d6372c-77fd-4a39-ac2a-e48debad48df<-2ec85f63-33fb-4317-9145-71357d145af9#0:FAIL-t517] and 0 exception(s); 25d6372c-77fd-4a39-ac2a-e48debad48df@group-B2671EB745D2:t517, leader=null, voted=25d6372c-77fd-4a39-ac2a-e48debad48df, raftlog=25d6372c-77fd-4a39-ac2a-e48debad48df@group-B2671EB745D2-SegmentedRaftLog:OPENED:c-1,f-1,i0, conf=-1: [50423279-f647-4a18-8e85-347d68eaf856:192.168.69.88:39583, 2ec85f63-33fb-4317-9145-71357d145af9:192.168.69.88:42357, 25d6372c-77fd-4a39-ac2a-e48debad48df:192.168.69.88:39591], old=null
2019-10-15 16:12:36,955 [25d6372c-77fd-4a39-ac2a-e48debad48df@group-B2671EB745D2-LeaderElection482] INFO  impl.RaftServerImpl (RaftServerImpl.java:setRole(184)) - 25d6372c-77fd-4a39-ac2a-e48debad48df@group-B2671EB745D2: changes role from CANDIDATE to FOLLOWER at term 517 for DISCOVERED_A_NEW_TERM
2019-10-15 16:12:36,955 [25d6372c-77fd-4a39-ac2a-e48debad48df@group-B2671EB745D2-LeaderElection482] INFO  impl.RoleInfo (RoleInfo.java:shutdownLeaderElection(134)) - 25d6372c-77fd-4a39-ac2a-e48debad48df: shutdown LeaderElection
2019-10-15 16:12:36,955 [25d6372c-77fd-4a39-ac2a-e48debad48df@group-B2671EB745D2-LeaderElection482] INFO  impl.RoleInfo (RoleInfo.java:updateAndGet(143)) - 25d6372c-77fd-4a39-ac2a-e48debad48df: start FollowerState
2019-10-15 16:12:36,964 [Thread-3402] INFO  impl.FollowerState (FollowerState.java:run(108)) - 25d6372c-77fd-4a39-ac2a-e48debad48df@group-B2671EB745D2-FollowerState: change to CANDIDATE, lastRpcTime:8ms, electionTimeout:8ms
2019-10-15 16:12:36,964 [Thread-3402] INFO  impl.RoleInfo (RoleInfo.java:shutdownFollowerState(121)) - 25d6372c-77fd-4a39-ac2a-e48debad48df: shutdown FollowerState
2019-10-15 16:12:36,964 [Thread-3402] INFO  impl.RaftServerImpl (RaftServerImpl.java:setRole(184)) - 25d6372c-77fd-4a39-ac2a-e48debad48df@group-B2671EB745D2: changes role from  FOLLOWER to CANDIDATE at term 517 for changeToCandidate
2019-10-15 16:12:36,964 [Thread-3402] INFO  impl.RoleInfo (RoleInfo.java:updateAndGet(143)) - 25d6372c-77fd-4a39-ac2a-e48debad48df: start LeaderElection
2019-10-15 16:12:36,972 [25d6372c-77fd-4a39-ac2a-e48debad48df@group-B2671EB745D2-LeaderElection483] INFO  impl.LeaderElection (LeaderElection.java:askForVotes(178)) - 25d6372c-77fd-4a39-ac2a-e48debad48df@group-B2671EB745D2-LeaderElection483: begin an election at term 518 for -1: [50423279-f647-4a18-8e85-347d68eaf856:192.168.69.88:39583, 2ec85f63-33fb-4317-9145-71357d145af9:192.168.69.88:42357, 25d6372c-77fd-4a39-ac2a-e48debad48df:192.168.69.88:39591], old=null
2019-10-15 16:12:36,976 [grpc-default-executor-0] INFO  impl.RaftServerImpl (RaftServerImpl.java:setRole(184)) - 50423279-f647-4a18-8e85-347d68eaf856@group-B2671EB745D2: changes role from  FOLLOWER to FOLLOWER at term 518 for recognizeCandidate:25d6372c-77fd-4a39-ac2a-e48debad48df
2019-10-15 16:12:36,976 [grpc-default-executor-0] INFO  impl.RoleInfo (RoleInfo.java:shutdownFollowerState(121)) - 50423279-f647-4a18-8e85-347d68eaf856: shutdown FollowerState
2019-10-15 16:12:36,976 [grpc-default-executor-5] INFO  impl.RaftServerImpl (RaftServerImpl.java:setRole(184)) - 2ec85f63-33fb-4317-9145-71357d145af9@group-B2671EB745D2: changes role from  FOLLOWER to FOLLOWER at term 518 for recognizeCandidate:25d6372c-77fd-4a39-ac2a-e48debad48df
2019-10-15 16:12:36,976 [Thread-3400] INFO  impl.FollowerState (FollowerState.java:run(117)) - 50423279-f647-4a18-8e85-347d68eaf856@group-B2671EB745D2-FollowerState was interrupted: java.lang.InterruptedException: sleep interrupted
2019-10-15 16:12:36,976 [grpc-default-executor-0] INFO  impl.RoleInfo (RoleInfo.java:updateAndGet(143)) - 50423279-f647-4a18-8e85-347d68eaf856: start FollowerState
2019-10-15 16:12:36,976 [grpc-default-executor-5] INFO  impl.RoleInfo (RoleInfo.java:shutdownFollowerState(121)) - 2ec85f63-33fb-4317-9145-71357d145af9: shutdown FollowerState
2019-10-15 16:12:36,976 [grpc-default-executor-5] INFO  impl.RoleInfo (RoleInfo.java:updateAndGet(143)) - 2ec85f63-33fb-4317-9145-71357d145af9: start FollowerState
2019-10-15 16:12:36,977 [Thread-3401] INFO  impl.FollowerState (FollowerState.java:run(117)) - 2ec85f63-33fb-4317-9145-71357d145af9@group-B2671EB745D2-FollowerState was interrupted: java.lang.InterruptedException: sleep interrupted
2019-10-15 16:12:37,021 [25d6372c-77fd-4a39-ac2a-e48debad48df@group-B2671EB745D2-LeaderElection483] INFO  impl.LeaderElection (LeaderElection.java:logAndReturn(56)) - 25d6372c-77fd-4a39-ac2a-e48debad48df@group-B2671EB745D2-LeaderElection483: Election REJECTED; received 2 response(s) [25d6372c-77fd-4a39-ac2a-e48debad48df<-2ec85f63-33fb-4317-9145-71357d145af9#0:FAIL-t518, 25d6372c-77fd-4a39-ac2a-e48debad48df<-50423279-f647-4a18-8e85-347d68eaf856#0:FAIL-t518] and 0 exception(s); 25d6372c-77fd-4a39-ac2a-e48debad48df@group-B2671EB745D2:t518, leader=null, voted=25d6372c-77fd-4a39-ac2a-e48debad48df, raftlog=25d6372c-77fd-4a39-ac2a-e48debad48df@group-B2671EB745D2-SegmentedRaftLog:OPENED:c-1,f-1,i0, conf=-1: [50423279-f647-4a18-8e85-347d68eaf856:192.168.69.88:39583, 2ec85f63-33fb-4317-9145-71357d145af9:192.168.69.88:42357, 25d6372c-77fd-4a39-ac2a-e48debad48df:192.168.69.88:39591], old=null
2019-10-15 16:12:37,022 [25d6372c-77fd-4a39-ac2a-e48debad48df@group-B2671EB745D2-LeaderElection483] INFO  impl.RaftServerImpl (RaftServerImpl.java:setRole(184)) - 25d6372c-77fd-4a39-ac2a-e48debad48df@group-B2671EB745D2: changes role from CANDIDATE to FOLLOWER at term 518 for DISCOVERED_A_NEW_TERM
2019-10-15 16:12:37,022 [25d6372c-77fd-4a39-ac2a-e48debad48df@group-B2671EB745D2-LeaderElection483] INFO  impl.RoleInfo (RoleInfo.java:shutdownLeaderElection(134)) - 25d6372c-77fd-4a39-ac2a-e48debad48df: shutdown LeaderElection
2019-10-15 16:12:37,022 [25d6372c-77fd-4a39-ac2a-e48debad48df@group-B2671EB745D2-LeaderElection483] INFO  impl.RoleInfo (RoleInfo.java:updateAndGet(143)) - 25d6372c-77fd-4a39-ac2a-e48debad48df: start FollowerState
2019-10-15 16:12:37,089 [Thread-3408] INFO  impl.FollowerState (FollowerState.java:run(108)) - 25d6372c-77fd-4a39-ac2a-e48debad48df@group-B2671EB745D2-FollowerState: change to CANDIDATE, lastRpcTime:67ms, electionTimeout:67ms
2019-10-15 16:12:37,089 [Thread-3408] INFO  impl.RoleInfo (RoleInfo.java:shutdownFollowerState(121)) - 25d6372c-77fd-4a39-ac2a-e48debad48df: shutdown FollowerState
2019-10-15 16:12:37,089 [Thread-3408] INFO  impl.RaftServerImpl (RaftServerImpl.java:setRole(184)) - 25d6372c-77fd-4a39-ac2a-e48debad48df@group-B2671EB745D2: changes role from  FOLLOWER to CANDIDATE at term 518 for changeToCandidate
2019-10-15 16:12:37,090 [Thread-3408] INFO  impl.RoleInfo (RoleInfo.java:updateAndGet(143)) - 25d6372c-77fd-4a39-ac2a-e48debad48df: start LeaderElection
2019-10-15 16:12:37,103 [25d6372c-77fd-4a39-ac2a-e48debad48df@group-B2671EB745D2-LeaderElection484] INFO  impl.LeaderElection (LeaderElection.java:askForVotes(178)) - 25d6372c-77fd-4a39-ac2a-e48debad48df@group-B2671EB745D2-LeaderElection484: begin an election at term 519 for -1: [50423279-f647-4a18-8e85-347d68eaf856:192.168.69.88:39583, 2ec85f63-33fb-4317-9145-71357d145af9:192.168.69.88:42357, 25d6372c-77fd-4a39-ac2a-e48debad48df:192.168.69.88:39591], old=null
2019-10-15 16:12:37,104 [grpc-default-executor-5] INFO  impl.RaftServerImpl (RaftServerImpl.java:setRole(184)) - 50423279-f647-4a18-8e85-347d68eaf856@group-B2671EB745D2: changes role from  FOLLOWER to FOLLOWER at term 519 for recognizeCandidate:25d6372c-77fd-4a39-ac2a-e48debad48df
2019-10-15 16:12:37,104 [grpc-default-executor-0] INFO  impl.RaftServerImpl (RaftServerImpl.java:setRole(184)) - 2ec85f63-33fb-4317-9145-71357d145af9@group-B2671EB745D2: changes role from  FOLLOWER to FOLLOWER at term 519 for recognizeCandidate:25d6372c-77fd-4a39-ac2a-e48debad48df
2019-10-15 16:12:37,105 [grpc-default-executor-0] INFO  impl.RoleInfo (RoleInfo.java:shutdownFollowerState(121)) - 2ec85f63-33fb-4317-9145-71357d145af9: shutdown FollowerState
2019-10-15 16:12:37,104 [grpc-default-executor-5] INFO  impl.RoleInfo (RoleInfo.java:shutdownFollowerState(121)) - 50423279-f647-4a18-8e85-347d68eaf856: shutdown FollowerState
2019-10-15 16:12:37,105 [grpc-default-executor-0] INFO  impl.RoleInfo (RoleInfo.java:updateAndGet(143)) - 2ec85f63-33fb-4317-9145-71357d145af9: start FollowerState
2019-10-15 16:12:37,105 [Thread-3406] INFO  impl.FollowerState (FollowerState.java:run(117)) - 50423279-f647-4a18-8e85-347d68eaf856@group-B2671EB745D2-FollowerState was interrupted: java.lang.InterruptedException: sleep interrupted
2019-10-15 16:12:37,105 [Thread-3407] INFO  impl.FollowerState (FollowerState.java:run(117)) - 2ec85f63-33fb-4317-9145-71357d145af9@group-B2671EB745D2-FollowerState was interrupted: java.lang.InterruptedException: sleep interrupted
2019-10-15 16:12:37,105 [grpc-default-executor-5] INFO  impl.RoleInfo (RoleInfo.java:updateAndGet(143)) - 50423279-f647-4a18-8e85-347d68eaf856: start FollowerState
2019-10-15 16:12:37,112 [25d6372c-77fd-4a39-ac2a-e48debad48df@group-B2671EB745D2-LeaderElection484] INFO  impl.LeaderElection (LeaderElection.java:logAndReturn(56)) - 25d6372c-77fd-4a39-ac2a-e48debad48df@group-B2671EB745D2-LeaderElection484: Election TIMEOUT; received 0 response(s) [] and 0 exception(s); 25d6372c-77fd-4a39-ac2a-e48debad48df@group-B2671EB745D2:t519, leader=null, voted=25d6372c-77fd-4a39-ac2a-e48debad48df, raftlog=25d6372c-77fd-4a39-ac2a-e48debad48df@group-B2671EB745D2-SegmentedRaftLog:OPENED:c-1,f-1,i0, conf=-1: [50423279-f647-4a18-8e85-347d68eaf856:192.168.69.88:39583, 2ec85f63-33fb-4317-9145-71357d145af9:192.168.69.88:42357, 25d6372c-77fd-4a39-ac2a-e48debad48df:192.168.69.88:39591], old=null
2019-10-15 16:12:37,119 [25d6372c-77fd-4a39-ac2a-e48debad48df@group-B2671EB745D2-LeaderElection484] INFO  impl.LeaderElection (LeaderElection.java:askForVotes(178)) - 25d6372c-77fd-4a39-ac2a-e48debad48df@group-B2671EB745D2-LeaderElection484: begin an election at term 520 for -1: [50423279-f647-4a18-8e85-347d68eaf856:192.168.69.88:39583, 2ec85f63-33fb-4317-9145-71357d145af9:192.168.69.88:42357, 25d6372c-77fd-4a39-ac2a-e48debad48df:192.168.69.88:39591], old=null
2019-10-15 16:12:37,120 [grpc-default-executor-0] INFO  impl.RaftServerImpl (RaftServerImpl.java:setRole(184)) - 50423279-f647-4a18-8e85-347d68eaf856@group-B2671EB745D2: changes role from  FOLLOWER to FOLLOWER at term 520 for recognizeCandidate:25d6372c-77fd-4a39-ac2a-e48debad48df
2019-10-15 16:12:37,120 [grpc-default-executor-0] INFO  impl.RoleInfo (RoleInfo.java:shutdownFollowerState(121)) - 50423279-f647-4a18-8e85-347d68eaf856: shutdown FollowerState
2019-10-15 16:12:37,120 [grpc-default-executor-0] INFO  impl.RoleInfo (RoleInfo.java:updateAndGet(143)) - 50423279-f647-4a18-8e85-347d68eaf856: start FollowerState
2019-10-15 16:12:37,120 [Thread-3413] INFO  impl.FollowerState (FollowerState.java:run(117)) - 50423279-f647-4a18-8e85-347d68eaf856@group-B2671EB745D2-FollowerState was interrupted: java.lang.InterruptedException: sleep interrupted
2019-10-15 16:12:37,120 [grpc-default-executor-5] INFO  impl.RaftServerImpl (RaftServerImpl.java:setRole(184)) - 2ec85f63-33fb-4317-9145-71357d145af9@group-B2671EB745D2: changes role from  FOLLOWER to FOLLOWER at term 520 for recognizeCandidate:25d6372c-77fd-4a39-ac2a-e48debad48df
2019-10-15 16:12:37,121 [grpc-default-executor-5] INFO  impl.RoleInfo (RoleInfo.java:shutdownFollowerState(121)) - 2ec85f63-33fb-4317-9145-71357d145af9: shutdown FollowerState
2019-10-15 16:12:37,121 [grpc-default-executor-5] INFO  impl.RoleInfo (RoleInfo.java:updateAndGet(143)) - 2ec85f63-33fb-4317-9145-71357d145af9: start FollowerState
2019-10-15 16:12:37,121 [Thread-3412] INFO  impl.FollowerState (FollowerState.java:run(117)) - 2ec85f63-33fb-4317-9145-71357d145af9@group-B2671EB745D2-FollowerState was interrupted: java.lang.InterruptedException: sleep interrupted
2019-10-15 16:12:37,134 [25d6372c-77fd-4a39-ac2a-e48debad48df@group-B2671EB745D2-LeaderElection484] INFO  impl.LeaderElection (LeaderElection.java:logAndReturn(56)) - 25d6372c-77fd-4a39-ac2a-e48debad48df@group-B2671EB745D2-LeaderElection484: Election REJECTED; received 2 response(s) [25d6372c-77fd-4a39-ac2a-e48debad48df<-2ec85f63-33fb-4317-9145-71357d145af9#0:FAIL-t520, 25d6372c-77fd-4a39-ac2a-e48debad48df<-50423279-f647-4a18-8e85-347d68eaf856#0:FAIL-t520] and 0 exception(s); 25d6372c-77fd-4a39-ac2a-e48debad48df@group-B2671EB745D2:t520, leader=null, voted=25d6372c-77fd-4a39-ac2a-e48debad48df, raftlog=25d6372c-77fd-4a39-ac2a-e48debad48df@group-B2671EB745D2-SegmentedRaftLog:OPENED:c-1,f-1,i0, conf=-1: [50423279-f647-4a18-8e85-347d68eaf856:192.168.69.88:39583, 2ec85f63-33fb-4317-9145-71357d145af9:192.168.69.88:42357, 25d6372c-77fd-4a39-ac2a-e48debad48df:192.168.69.88:39591], old=null
2019-10-15 16:12:37,134 [25d6372c-77fd-4a39-ac2a-e48debad48df@group-B2671EB745D2-LeaderElection484] INFO  impl.RaftServerImpl (RaftServerImpl.java:setRole(184)) - 25d6372c-77fd-4a39-ac2a-e48debad48df@group-B2671EB745D2: changes role from CANDIDATE to FOLLOWER at term 520 for DISCOVERED_A_NEW_TERM
2019-10-15 16:12:37,135 [25d6372c-77fd-4a39-ac2a-e48debad48df@group-B2671EB745D2-LeaderElection484] INFO  impl.RoleInfo (RoleInfo.java:shutdownLeaderElection(134)) - 25d6372c-77fd-4a39-ac2a-e48debad48df: shutdown LeaderElection
2019-10-15 16:12:37,135 [25d6372c-77fd-4a39-ac2a-e48debad48df@group-B2671EB745D2-LeaderElection484] INFO  impl.RoleInfo (RoleInfo.java:updateAndGet(143)) - 25d6372c-77fd-4a39-ac2a-e48debad48df: start FollowerState
2019-10-15 16:12:37,167 [Thread-3418] INFO  impl.FollowerState (FollowerState.java:run(108)) - 25d6372c-77fd-4a39-ac2a-e48debad48df@group-B2671EB745D2-FollowerState: change to CANDIDATE, lastRpcTime:32ms, electionTimeout:32ms
2019-10-15 16:12:37,167 [Thread-3418] INFO  impl.RoleInfo (RoleInfo.java:shutdownFollowerState(121)) - 25d6372c-77fd-4a39-ac2a-e48debad48df: shutdown FollowerState
2019-10-15 16:12:37,167 [Thread-3418] INFO  impl.RaftServerImpl (RaftServerImpl.java:setRole(184)) - 25d6372c-77fd-4a39-ac2a-e48debad48df@group-B2671EB745D2: changes role from  FOLLOWER to CANDIDATE at term 520 for changeToCandidate
2019-10-15 16:12:37,167 [Thread-3418] INFO  impl.RoleInfo (RoleInfo.java:updateAndGet(143)) - 25d6372c-77fd-4a39-ac2a-e48debad48df: start LeaderElection
2019-10-15 16:12:37,180 [25d6372c-77fd-4a39-ac2a-e48debad48df@group-B2671EB745D2-LeaderElection485] INFO  impl.LeaderElection (LeaderElection.java:askForVotes(178)) - 25d6372c-77fd-4a39-ac2a-e48debad48df@group-B2671EB745D2-LeaderElection485: begin an election at term 521 for -1: [50423279-f647-4a18-8e85-347d68eaf856:192.168.69.88:39583, 2ec85f63-33fb-4317-9145-71357d145af9:192.168.69.88:42357, 25d6372c-77fd-4a39-ac2a-e48debad48df:192.168.69.88:39591], old=null
2019-10-15 16:12:37,182 [grpc-default-executor-5] INFO  impl.RaftServerImpl (RaftServerImpl.java:setRole(184)) - 50423279-f647-4a18-8e85-347d68eaf856@group-B2671EB745D2: changes role from  FOLLOWER to FOLLOWER at term 521 for recognizeCandidate:25d6372c-77fd-4a39-ac2a-e48debad48df
2019-10-15 16:12:37,182 [grpc-default-executor-5] INFO  impl.RoleInfo (RoleInfo.java:shutdownFollowerState(121)) - 50423279-f647-4a18-8e85-347d68eaf856: shutdown FollowerState
2019-10-15 16:12:37,182 [grpc-default-executor-5] INFO  impl.RoleInfo (RoleInfo.java:updateAndGet(143)) - 50423279-f647-4a18-8e85-347d68eaf856: start FollowerState
2019-10-15 16:12:37,182 [Thread-3416] INFO  impl.FollowerState (FollowerState.java:run(117)) - 50423279-f647-4a18-8e85-347d68eaf856@group-B2671EB745D2-FollowerState was interrupted: java.lang.InterruptedException: sleep interrupted
2019-10-15 16:12:37,182 [grpc-default-executor-0] INFO  impl.RaftServerImpl (RaftServerImpl.java:setRole(184)) - 2ec85f63-33fb-4317-9145-71357d145af9@group-B2671EB745D2: changes role from  FOLLOWER to FOLLOWER at term 521 for recognizeCandidate:25d6372c-77fd-4a39-ac2a-e48debad48df
2019-10-15 16:12:37,182 [grpc-default-executor-0] INFO  impl.RoleInfo (RoleInfo.java:shutdownFollowerState(121)) - 2ec85f63-33fb-4317-9145-71357d145af9: shutdown FollowerState
2019-10-15 16:12:37,182 [grpc-default-executor-0] INFO  impl.RoleInfo (RoleInfo.java:updateAndGet(143)) - 2ec85f63-33fb-4317-9145-71357d145af9: start FollowerState
2019-10-15 16:12:37,183 [Thread-3417] INFO  impl.FollowerState (FollowerState.java:run(117)) - 2ec85f63-33fb-4317-9145-71357d145af9@group-B2671EB745D2-FollowerState was interrupted: java.lang.InterruptedException: sleep interrupted
2019-10-15 16:12:37,196 [25d6372c-77fd-4a39-ac2a-e48debad48df@group-B2671EB745D2-LeaderElection485] INFO  impl.LeaderElection (LeaderElection.java:logAndReturn(56)) - 25d6372c-77fd-4a39-ac2a-e48debad48df@group-B2671EB745D2-LeaderElection485: Election REJECTED; received 2 response(s) [25d6372c-77fd-4a39-ac2a-e48debad48df<-50423279-f647-4a18-8e85-347d68eaf856#0:FAIL-t521, 25d6372c-77fd-4a39-ac2a-e48debad48df<-2ec85f63-33fb-4317-9145-71357d145af9#0:FAIL-t521] and 0 exception(s); 25d6372c-77fd-4a39-ac2a-e48debad48df@group-B2671EB745D2:t521, leader=null, voted=25d6372c-77fd-4a39-ac2a-e48debad48df, raftlog=25d6372c-77fd-4a39-ac2a-e48debad48df@group-B2671EB745D2-SegmentedRaftLog:OPENED:c-1,f-1,i0, conf=-1: [50423279-f647-4a18-8e85-347d68eaf856:192.168.69.88:39583, 2ec85f63-33fb-4317-9145-71357d145af9:192.168.69.88:42357, 25d6372c-77fd-4a39-ac2a-e48debad48df:192.168.69.88:39591], old=null
2019-10-15 16:12:37,196 [25d6372c-77fd-4a39-ac2a-e48debad48df@group-B2671EB745D2-LeaderElection485] INFO  impl.RaftServerImpl (RaftServerImpl.java:setRole(184)) - 25d6372c-77fd-4a39-ac2a-e48debad48df@group-B2671EB745D2: changes role from CANDIDATE to FOLLOWER at term 521 for DISCOVERED_A_NEW_TERM
2019-10-15 16:12:37,197 [25d6372c-77fd-4a39-ac2a-e48debad48df@group-B2671EB745D2-LeaderElection485] INFO  impl.RoleInfo (RoleInfo.java:shutdownLeaderElection(134)) - 25d6372c-77fd-4a39-ac2a-e48debad48df: shutdown LeaderElection
2019-10-15 16:12:37,197 [25d6372c-77fd-4a39-ac2a-e48debad48df@group-B2671EB745D2-LeaderElection485] INFO  impl.RoleInfo (RoleInfo.java:updateAndGet(143)) - 25d6372c-77fd-4a39-ac2a-e48debad48df: start FollowerState
2019-10-15 16:12:37,360 [Thread-3424] INFO  impl.FollowerState (FollowerState.java:run(108)) - 25d6372c-77fd-4a39-ac2a-e48debad48df@group-B2671EB745D2-FollowerState: change to CANDIDATE, lastRpcTime:163ms, electionTimeout:163ms
2019-10-15 16:12:37,361 [Thread-3424] INFO  impl.RoleInfo (RoleInfo.java:shutdownFollowerState(121)) - 25d6372c-77fd-4a39-ac2a-e48debad48df: shutdown FollowerState
2019-10-15 16:12:37,361 [Thread-3424] INFO  impl.RaftServerImpl (RaftServerImpl.java:setRole(184)) - 25d6372c-77fd-4a39-ac2a-e48debad48df@group-B2671EB745D2: changes role from  FOLLOWER to CANDIDATE at term 521 for changeToCandidate
2019-10-15 16:12:37,361 [Thread-3424] INFO  impl.RoleInfo (RoleInfo.java:updateAndGet(143)) - 25d6372c-77fd-4a39-ac2a-e48debad48df: start LeaderElection
2019-10-15 16:12:37,374 [25d6372c-77fd-4a39-ac2a-e48debad48df@group-B2671EB745D2-LeaderElection486] INFO  impl.LeaderElection (LeaderElection.java:askForVotes(178)) - 25d6372c-77fd-4a39-ac2a-e48debad48df@group-B2671EB745D2-LeaderElection486: begin an election at term 522 for -1: [50423279-f647-4a18-8e85-347d68eaf856:192.168.69.88:39583, 2ec85f63-33fb-4317-9145-71357d145af9:192.168.69.88:42357, 25d6372c-77fd-4a39-ac2a-e48debad48df:192.168.69.88:39591], old=null
2019-10-15 16:12:37,376 [grpc-default-executor-0] INFO  impl.RaftServerImpl (RaftServerImpl.java:setRole(184)) - 50423279-f647-4a18-8e85-347d68eaf856@group-B2671EB745D2: changes role from  FOLLOWER to FOLLOWER at term 522 for recognizeCandidate:25d6372c-77fd-4a39-ac2a-e48debad48df
2019-10-15 16:12:37,376 [grpc-default-executor-0] INFO  impl.RoleInfo (RoleInfo.java:shutdownFollowerState(121)) - 50423279-f647-4a18-8e85-347d68eaf856: shutdown FollowerState
2019-10-15 16:12:37,376 [grpc-default-executor-5] INFO  impl.RaftServerImpl (RaftServerImpl.java:setRole(184)) - 2ec85f63-33fb-4317-9145-71357d145af9@group-B2671EB745D2: changes role from  FOLLOWER to FOLLOWER at term 522 for recognizeCandidate:25d6372c-77fd-4a39-ac2a-e48debad48df
2019-10-15 16:12:37,376 [Thread-3422] INFO  impl.FollowerState (FollowerState.java:run(117)) - 50423279-f647-4a18-8e85-347d68eaf856@group-B2671EB745D2-FollowerState was interrupted: java.lang.InterruptedException: sleep interrupted
2019-10-15 16:12:37,376 [grpc-default-executor-0] INFO  impl.RoleInfo (RoleInfo.java:updateAndGet(143)) - 50423279-f647-4a18-8e85-347d68eaf856: start FollowerState
2019-10-15 16:12:37,376 [grpc-default-executor-5] INFO  impl.RoleInfo (RoleInfo.java:shutdownFollowerState(121)) - 2ec85f63-33fb-4317-9145-71357d145af9: shutdown FollowerState
2019-10-15 16:12:37,377 [grpc-default-executor-5] INFO  impl.RoleInfo (RoleInfo.java:updateAndGet(143)) - 2ec85f63-33fb-4317-9145-71357d145af9: start FollowerState
2019-10-15 16:12:37,377 [Thread-3423] INFO  impl.FollowerState (FollowerState.java:run(117)) - 2ec85f63-33fb-4317-9145-71357d145af9@group-B2671EB745D2-FollowerState was interrupted: java.lang.InterruptedException: sleep interrupted
2019-10-15 16:12:37,391 [25d6372c-77fd-4a39-ac2a-e48debad48df@group-B2671EB745D2-LeaderElection486] INFO  impl.LeaderElection (LeaderElection.java:logAndReturn(56)) - 25d6372c-77fd-4a39-ac2a-e48debad48df@group-B2671EB745D2-LeaderElection486: Election REJECTED; received 2 response(s) [25d6372c-77fd-4a39-ac2a-e48debad48df<-50423279-f647-4a18-8e85-347d68eaf856#0:FAIL-t522, 25d6372c-77fd-4a39-ac2a-e48debad48df<-2ec85f63-33fb-4317-9145-71357d145af9#0:FAIL-t522] and 0 exception(s); 25d6372c-77fd-4a39-ac2a-e48debad48df@group-B2671EB745D2:t522, leader=null, voted=25d6372c-77fd-4a39-ac2a-e48debad48df, raftlog=25d6372c-77fd-4a39-ac2a-e48debad48df@group-B2671EB745D2-SegmentedRaftLog:OPENED:c-1,f-1,i0, conf=-1: [50423279-f647-4a18-8e85-347d68eaf856:192.168.69.88:39583, 2ec85f63-33fb-4317-9145-71357d145af9:192.168.69.88:42357, 25d6372c-77fd-4a39-ac2a-e48debad48df:192.168.69.88:39591], old=null
2019-10-15 16:12:37,392 [25d6372c-77fd-4a39-ac2a-e48debad48df@group-B2671EB745D2-LeaderElection486] INFO  impl.RaftServerImpl (RaftServerImpl.java:setRole(184)) - 25d6372c-77fd-4a39-ac2a-e48debad48df@group-B2671EB745D2: changes role from CANDIDATE to FOLLOWER at term 522 for DISCOVERED_A_NEW_TERM
2019-10-15 16:12:37,392 [25d6372c-77fd-4a39-ac2a-e48debad48df@group-B2671EB745D2-LeaderElection486] INFO  impl.RoleInfo (RoleInfo.java:shutdownLeaderElection(134)) - 25d6372c-77fd-4a39-ac2a-e48debad48df: shutdown LeaderElection
2019-10-15 16:12:37,392 [25d6372c-77fd-4a39-ac2a-e48debad48df@group-B2671EB745D2-LeaderElection486] INFO  impl.RoleInfo (RoleInfo.java:updateAndGet(143)) - 25d6372c-77fd-4a39-ac2a-e48debad48df: start FollowerState
2019-10-15 16:12:37,467 [Thread-3430] INFO  impl.FollowerState (FollowerState.java:run(108)) - 25d6372c-77fd-4a39-ac2a-e48debad48df@group-B2671EB745D2-FollowerState: change to CANDIDATE, lastRpcTime:75ms, electionTimeout:75ms
2019-10-15 16:12:37,467 [Thread-3430] INFO  impl.RoleInfo (RoleInfo.java:shutdownFollowerState(121)) - 25d6372c-77fd-4a39-ac2a-e48debad48df: shutdown FollowerState
2019-10-15 16:12:37,467 [Thread-3430] INFO  impl.RaftServerImpl (RaftServerImpl.java:setRole(184)) - 25d6372c-77fd-4a39-ac2a-e48debad48df@group-B2671EB745D2: changes role from  FOLLOWER to CANDIDATE at term 522 for changeToCandidate
2019-10-15 16:12:37,467 [Thread-3430] INFO  impl.RoleInfo (RoleInfo.java:updateAndGet(143)) - 25d6372c-77fd-4a39-ac2a-e48debad48df: start LeaderElection
2019-10-15 16:12:37,480 [25d6372c-77fd-4a39-ac2a-e48debad48df@group-B2671EB745D2-LeaderElection487] INFO  impl.LeaderElection (LeaderElection.java:askForVotes(178)) - 25d6372c-77fd-4a39-ac2a-e48debad48df@group-B2671EB745D2-LeaderElection487: begin an election at term 523 for -1: [50423279-f647-4a18-8e85-347d68eaf856:192.168.69.88:39583, 2ec85f63-33fb-4317-9145-71357d145af9:192.168.69.88:42357, 25d6372c-77fd-4a39-ac2a-e48debad48df:192.168.69.88:39591], old=null
2019-10-15 16:12:37,481 [grpc-default-executor-5] INFO  impl.RaftServerImpl (RaftServerImpl.java:setRole(184)) - 2ec85f63-33fb-4317-9145-71357d145af9@group-B2671EB745D2: changes role from  FOLLOWER to FOLLOWER at term 523 for recognizeCandidate:25d6372c-77fd-4a39-ac2a-e48debad48df
2019-10-15 16:12:37,482 [grpc-default-executor-5] INFO  impl.RoleInfo (RoleInfo.java:shutdownFollowerState(121)) - 2ec85f63-33fb-4317-9145-71357d145af9: shutdown FollowerState
2019-10-15 16:12:37,482 [grpc-default-executor-0] INFO  impl.RaftServerImpl (RaftServerImpl.java:setRole(184)) - 50423279-f647-4a18-8e85-347d68eaf856@group-B2671EB745D2: changes role from  FOLLOWER to FOLLOWER at term 523 for recognizeCandidate:25d6372c-77fd-4a39-ac2a-e48debad48df
2019-10-15 16:12:37,482 [grpc-default-executor-0] INFO  impl.RoleInfo (RoleInfo.java:shutdownFollowerState(121)) - 50423279-f647-4a18-8e85-347d68eaf856: shutdown FollowerState
2019-10-15 16:12:37,482 [Thread-3429] INFO  impl.FollowerState (FollowerState.java:run(117)) - 2ec85f63-33fb-4317-9145-71357d145af9@group-B2671EB745D2-FollowerState was interrupted: java.lang.InterruptedException: sleep interrupted
2019-10-15 16:12:37,482 [grpc-default-executor-5] INFO  impl.RoleInfo (RoleInfo.java:updateAndGet(143)) - 2ec85f63-33fb-4317-9145-71357d145af9: start FollowerState
2019-10-15 16:12:37,482 [Thread-3428] INFO  impl.FollowerState (FollowerState.java:run(117)) - 50423279-f647-4a18-8e85-347d68eaf856@group-B2671EB745D2-FollowerState was interrupted: java.lang.InterruptedException: sleep interrupted
2019-10-15 16:12:37,482 [grpc-default-executor-0] INFO  impl.RoleInfo (RoleInfo.java:updateAndGet(143)) - 50423279-f647-4a18-8e85-347d68eaf856: start FollowerState
2019-10-15 16:12:37,497 [25d6372c-77fd-4a39-ac2a-e48debad48df@group-B2671EB745D2-LeaderElection487] INFO  impl.LeaderElection (LeaderElection.java:logAndReturn(56)) - 25d6372c-77fd-4a39-ac2a-e48debad48df@group-B2671EB745D2-LeaderElection487: Election REJECTED; received 2 response(s) [25d6372c-77fd-4a39-ac2a-e48debad48df<-2ec85f63-33fb-4317-9145-71357d145af9#0:FAIL-t523, 25d6372c-77fd-4a39-ac2a-e48debad48df<-50423279-f647-4a18-8e85-347d68eaf856#0:FAIL-t523] and 0 exception(s); 25d6372c-77fd-4a39-ac2a-e48debad48df@group-B2671EB745D2:t523, leader=null, voted=25d6372c-77fd-4a39-ac2a-e48debad48df, raftlog=25d6372c-77fd-4a39-ac2a-e48debad48df@group-B2671EB745D2-SegmentedRaftLog:OPENED:c-1,f-1,i0, conf=-1: [50423279-f647-4a18-8e85-347d68eaf856:192.168.69.88:39583, 2ec85f63-33fb-4317-9145-71357d145af9:192.168.69.88:42357, 25d6372c-77fd-4a39-ac2a-e48debad48df:192.168.69.88:39591], old=null
2019-10-15 16:12:37,497 [25d6372c-77fd-4a39-ac2a-e48debad48df@group-B2671EB745D2-LeaderElection487] INFO  impl.RaftServerImpl (RaftServerImpl.java:setRole(184)) - 25d6372c-77fd-4a39-ac2a-e48debad48df@group-B2671EB745D2: changes role from CANDIDATE to FOLLOWER at term 523 for DISCOVERED_A_NEW_TERM
2019-10-15 16:12:37,497 [25d6372c-77fd-4a39-ac2a-e48debad48df@group-B2671EB745D2-LeaderElection487] INFO  impl.RoleInfo (RoleInfo.java:shutdownLeaderElection(134)) - 25d6372c-77fd-4a39-ac2a-e48debad48df: shutdown LeaderElection
2019-10-15 16:12:37,497 [25d6372c-77fd-4a39-ac2a-e48debad48df@group-B2671EB745D2-LeaderElection487] INFO  impl.RoleInfo (RoleInfo.java:updateAndGet(143)) - 25d6372c-77fd-4a39-ac2a-e48debad48df: start FollowerState
2019-10-15 16:12:37,651 [Thread-3436] INFO  impl.FollowerState (FollowerState.java:run(108)) - 25d6372c-77fd-4a39-ac2a-e48debad48df@group-B2671EB745D2-FollowerState: change to CANDIDATE, lastRpcTime:154ms, electionTimeout:154ms
2019-10-15 16:12:37,651 [Thread-3436] INFO  impl.RoleInfo (RoleInfo.java:shutdownFollowerState(121)) - 25d6372c-77fd-4a39-ac2a-e48debad48df: shutdown FollowerState
2019-10-15 16:12:37,651 [Thread-3436] INFO  impl.RaftServerImpl (RaftServerImpl.java:setRole(184)) - 25d6372c-77fd-4a39-ac2a-e48debad48df@group-B2671EB745D2: changes role from  FOLLOWER to CANDIDATE at term 523 for changeToCandidate
2019-10-15 16:12:37,652 [Thread-3436] INFO  impl.RoleInfo (RoleInfo.java:updateAndGet(143)) - 25d6372c-77fd-4a39-ac2a-e48debad48df: start LeaderElection
2019-10-15 16:12:37,665 [25d6372c-77fd-4a39-ac2a-e48debad48df@group-B2671EB745D2-LeaderElection488] INFO  impl.LeaderElection (LeaderElection.java:askForVotes(178)) - 25d6372c-77fd-4a39-ac2a-e48debad48df@group-B2671EB745D2-LeaderElection488: begin an election at term 524 for -1: [50423279-f647-4a18-8e85-347d68eaf856:192.168.69.88:39583, 2ec85f63-33fb-4317-9145-71357d145af9:192.168.69.88:42357, 25d6372c-77fd-4a39-ac2a-e48debad48df:192.168.69.88:39591], old=null
2019-10-15 16:12:37,667 [grpc-default-executor-5] INFO  impl.RaftServerImpl (RaftServerImpl.java:setRole(184)) - 50423279-f647-4a18-8e85-347d68eaf856@group-B2671EB745D2: changes role from  FOLLOWER to FOLLOWER at term 524 for recognizeCandidate:25d6372c-77fd-4a39-ac2a-e48debad48df
2019-10-15 16:12:37,667 [grpc-default-executor-0] INFO  impl.RaftServerImpl (RaftServerImpl.java:setRole(184)) - 2ec85f63-33fb-4317-9145-71357d145af9@group-B2671EB745D2: changes role from  FOLLOWER to FOLLOWER at term 524 for recognizeCandidate:25d6372c-77fd-4a39-ac2a-e48debad48df
2019-10-15 16:12:37,667 [grpc-default-executor-5] INFO  impl.RoleInfo (RoleInfo.java:shutdownFollowerState(121)) - 50423279-f647-4a18-8e85-347d68eaf856: shutdown FollowerState
2019-10-15 16:12:37,667 [grpc-default-executor-5] INFO  impl.RoleInfo (RoleInfo.java:updateAndGet(143)) - 50423279-f647-4a18-8e85-347d68eaf856: start FollowerState
2019-10-15 16:12:37,667 [Thread-3435] INFO  impl.FollowerState (FollowerState.java:run(117)) - 50423279-f647-4a18-8e85-347d68eaf856@group-B2671EB745D2-FollowerState was interrupted: java.lang.InterruptedException: sleep interrupted
2019-10-15 16:12:37,668 [grpc-default-executor-0] INFO  impl.RoleInfo (RoleInfo.java:shutdownFollowerState(121)) - 2ec85f63-33fb-4317-9145-71357d145af9: shutdown FollowerState
2019-10-15 16:12:37,668 [grpc-default-executor-0] INFO  impl.RoleInfo (RoleInfo.java:updateAndGet(143)) - 2ec85f63-33fb-4317-9145-71357d145af9: start FollowerState
2019-10-15 16:12:37,668 [Thread-3434] INFO  impl.FollowerState (FollowerState.java:run(117)) - 2ec85f63-33fb-4317-9145-71357d145af9@group-B2671EB745D2-FollowerState was interrupted: java.lang.InterruptedException: sleep interrupted
2019-10-15 16:12:37,678 [ForkJoinPool.commonPool-worker-0] INFO  ozoneimpl.OzoneContainer (OzoneContainer.java:stop(227)) - Attempting to stop container services.
2019-10-15 16:12:37,678 [main] INFO  ozoneimpl.OzoneContainer (OzoneContainer.java:stop(227)) - Attempting to stop container services.
2019-10-15 16:12:37,679 [ForkJoinPool.commonPool-worker-0] INFO  impl.RaftServerProxy (RaftServerProxy.java:lambda$close$4(314)) - 50423279-f647-4a18-8e85-347d68eaf856: close
2019-10-15 16:12:37,679 [main] INFO  impl.RaftServerProxy (RaftServerProxy.java:lambda$close$4(314)) - 25d6372c-77fd-4a39-ac2a-e48debad48df: close
2019-10-15 16:12:37,680 [ForkJoinPool.commonPool-worker-0] INFO  impl.RaftServerImpl (RaftServerImpl.java:lambda$shutdown$3(261)) - 50423279-f647-4a18-8e85-347d68eaf856@group-B2A273AF50A5: shutdown
2019-10-15 16:12:37,680 [main] INFO  impl.RaftServerImpl (RaftServerImpl.java:lambda$shutdown$3(261)) - 25d6372c-77fd-4a39-ac2a-e48debad48df@group-B2671EB745D2: shutdown
2019-10-15 16:12:37,680 [ForkJoinPool.commonPool-worker-0] INFO  util.JmxRegister (JmxRegister.java:unregister(73)) - Successfully un-registered JMX Bean with object name Ratis:service=RaftServer,group=group-B2A273AF50A5,id=50423279-f647-4a18-8e85-347d68eaf856
2019-10-15 16:12:37,680 [main] INFO  util.JmxRegister (JmxRegister.java:unregister(73)) - Successfully un-registered JMX Bean with object name Ratis:service=RaftServer,group=group-B2671EB745D2,id=25d6372c-77fd-4a39-ac2a-e48debad48df
2019-10-15 16:12:37,680 [ForkJoinPool.commonPool-worker-0] INFO  impl.RoleInfo (RoleInfo.java:shutdownLeaderState(104)) - 50423279-f647-4a18-8e85-347d68eaf856: shutdown LeaderState
2019-10-15 16:12:37,680 [main] INFO  impl.RoleInfo (RoleInfo.java:shutdownLeaderElection(134)) - 25d6372c-77fd-4a39-ac2a-e48debad48df: shutdown LeaderElection
2019-10-15 16:12:37,681 [ForkJoinPool.commonPool-worker-0] INFO  impl.PendingRequests (PendingRequests.java:sendNotLeaderResponses(202)) - 50423279-f647-4a18-8e85-347d68eaf856@group-B2A273AF50A5-PendingRequests: sendNotLeaderResponses
2019-10-15 16:12:37,681 [main] INFO  impl.StateMachineUpdater (StateMachineUpdater.java:stopAndJoin(136)) - 25d6372c-77fd-4a39-ac2a-e48debad48df@group-B2671EB745D2-StateMachineUpdater: set stopIndex = -1
2019-10-15 16:12:37,681 [main] INFO  impl.RaftServerImpl (ServerState.java:close(388)) - 25d6372c-77fd-4a39-ac2a-e48debad48df@group-B2671EB745D2: closes. applyIndex: -1
2019-10-15 16:12:37,681 [ForkJoinPool.commonPool-worker-0] INFO  impl.StateMachineUpdater (StateMachineUpdater.java:stopAndJoin(136)) - 50423279-f647-4a18-8e85-347d68eaf856@group-B2A273AF50A5-StateMachineUpdater: set stopIndex = 0
2019-10-15 16:12:37,682 [25d6372c-77fd-4a39-ac2a-e48debad48df@group-B2671EB745D2-SegmentedRaftLogWorker] INFO  segmented.SegmentedRaftLogWorker (SegmentedRaftLogWorker.java:run(316)) - 25d6372c-77fd-4a39-ac2a-e48debad48df@group-B2671EB745D2-SegmentedRaftLogWorker was interrupted, exiting. There are 0 tasks remaining in the queue.
2019-10-15 16:12:37,682 [main] INFO  segmented.SegmentedRaftLogWorker (SegmentedRaftLogWorker.java:close(224)) - 25d6372c-77fd-4a39-ac2a-e48debad48df@group-B2671EB745D2-SegmentedRaftLogWorker close()
2019-10-15 16:12:37,682 [25d6372c-77fd-4a39-ac2a-e48debad48df@group-B2671EB745D2-LeaderElection488] INFO  impl.LeaderElection (LeaderElection.java:logAndReturn(56)) - 25d6372c-77fd-4a39-ac2a-e48debad48df@group-B2671EB745D2-LeaderElection488: Election REJECTED; received 1 response(s) [25d6372c-77fd-4a39-ac2a-e48debad48df<-2ec85f63-33fb-4317-9145-71357d145af9#0:FAIL-t524] and 0 exception(s); 25d6372c-77fd-4a39-ac2a-e48debad48df@group-B2671EB745D2:t524, leader=null, voted=25d6372c-77fd-4a39-ac2a-e48debad48df, raftlog=25d6372c-77fd-4a39-ac2a-e48debad48df@group-B2671EB745D2-SegmentedRaftLog:CLOSED:c-1, conf=-1: [50423279-f647-4a18-8e85-347d68eaf856:192.168.69.88:39583, 2ec85f63-33fb-4317-9145-71357d145af9:192.168.69.88:42357, 25d6372c-77fd-4a39-ac2a-e48debad48df:192.168.69.88:39591], old=null
2019-10-15 16:12:37,682 [ForkJoinPool.commonPool-worker-0] INFO  impl.RaftServerImpl (ServerState.java:close(388)) - 50423279-f647-4a18-8e85-347d68eaf856@group-B2A273AF50A5: closes. applyIndex: 0
2019-10-15 16:12:37,684 [main] INFO  impl.RaftServerImpl (RaftServerImpl.java:lambda$shutdown$3(261)) - 25d6372c-77fd-4a39-ac2a-e48debad48df@group-BF08C0AB32A1: shutdown
2019-10-15 16:12:37,684 [50423279-f647-4a18-8e85-347d68eaf856@group-B2A273AF50A5-SegmentedRaftLogWorker] INFO  segmented.SegmentedRaftLogWorker (SegmentedRaftLogWorker.java:run(316)) - 50423279-f647-4a18-8e85-347d68eaf856@group-B2A273AF50A5-SegmentedRaftLogWorker was interrupted, exiting. There are 0 tasks remaining in the queue.
2019-10-15 16:12:37,685 [main] INFO  util.JmxRegister (JmxRegister.java:unregister(73)) - Successfully un-registered JMX Bean with object name Ratis:service=RaftServer,group=group-BF08C0AB32A1,id=25d6372c-77fd-4a39-ac2a-e48debad48df
2019-10-15 16:12:37,686 [ForkJoinPool.commonPool-worker-0] INFO  segmented.SegmentedRaftLogWorker (SegmentedRaftLogWorker.java:close(224)) - 50423279-f647-4a18-8e85-347d68eaf856@group-B2A273AF50A5-SegmentedRaftLogWorker close()
2019-10-15 16:12:37,686 [main] INFO  impl.RoleInfo (RoleInfo.java:shutdownLeaderState(104)) - 25d6372c-77fd-4a39-ac2a-e48debad48df: shutdown LeaderState
2019-10-15 16:12:37,687 [ForkJoinPool.commonPool-worker-0] INFO  impl.RaftServerImpl (RaftServerImpl.java:lambda$shutdown$3(261)) - 50423279-f647-4a18-8e85-347d68eaf856@group-B2671EB745D2: shutdown
2019-10-15 16:12:37,687 [main] INFO  impl.PendingRequests (PendingRequests.java:sendNotLeaderResponses(202)) - 25d6372c-77fd-4a39-ac2a-e48debad48df@group-BF08C0AB32A1-PendingRequests: sendNotLeaderResponses
2019-10-15 16:12:37,687 [ForkJoinPool.commonPool-worker-0] INFO  util.JmxRegister (JmxRegister.java:unregister(73)) - Successfully un-registered JMX Bean with object name Ratis:service=RaftServer,group=group-B2671EB745D2,id=50423279-f647-4a18-8e85-347d68eaf856
2019-10-15 16:12:37,688 [main] INFO  impl.StateMachineUpdater (StateMachineUpdater.java:stopAndJoin(136)) - 25d6372c-77fd-4a39-ac2a-e48debad48df@group-BF08C0AB32A1-StateMachineUpdater: set stopIndex = 0
2019-10-15 16:12:37,688 [ForkJoinPool.commonPool-worker-0] INFO  impl.RoleInfo (RoleInfo.java:shutdownFollowerState(121)) - 50423279-f647-4a18-8e85-347d68eaf856: shutdown FollowerState
2019-10-15 16:12:37,688 [main] INFO  impl.RaftServerImpl (ServerState.java:close(388)) - 25d6372c-77fd-4a39-ac2a-e48debad48df@group-BF08C0AB32A1: closes. applyIndex: 0
2019-10-15 16:12:37,688 [Thread-3440] INFO  impl.FollowerState (FollowerState.java:run(117)) - 50423279-f647-4a18-8e85-347d68eaf856@group-B2671EB745D2-FollowerState was interrupted: java.lang.InterruptedException: sleep interrupted
2019-10-15 16:12:37,688 [ForkJoinPool.commonPool-worker-0] INFO  impl.StateMachineUpdater (StateMachineUpdater.java:stopAndJoin(136)) - 50423279-f647-4a18-8e85-347d68eaf856@group-B2671EB745D2-StateMachineUpdater: set stopIndex = 0
2019-10-15 16:12:37,688 [25d6372c-77fd-4a39-ac2a-e48debad48df@group-BF08C0AB32A1-SegmentedRaftLogWorker] INFO  segmented.SegmentedRaftLogWorker (SegmentedRaftLogWorker.java:run(316)) - 25d6372c-77fd-4a39-ac2a-e48debad48df@group-BF08C0AB32A1-SegmentedRaftLogWorker was interrupted, exiting. There are 0 tasks remaining in the queue.
2019-10-15 16:12:37,688 [ForkJoinPool.commonPool-worker-0] INFO  impl.RaftServerImpl (ServerState.java:close(388)) - 50423279-f647-4a18-8e85-347d68eaf856@group-B2671EB745D2: closes. applyIndex: 0
2019-10-15 16:12:37,689 [main] INFO  segmented.SegmentedRaftLogWorker (SegmentedRaftLogWorker.java:close(224)) - 25d6372c-77fd-4a39-ac2a-e48debad48df@group-BF08C0AB32A1-SegmentedRaftLogWorker close()
2019-10-15 16:12:37,689 [50423279-f647-4a18-8e85-347d68eaf856@group-B2671EB745D2-SegmentedRaftLogWorker] INFO  segmented.SegmentedRaftLogWorker (SegmentedRaftLogWorker.java:run(316)) - 50423279-f647-4a18-8e85-347d68eaf856@group-B2671EB745D2-SegmentedRaftLogWorker was interrupted, exiting. There are 0 tasks remaining in the queue.
2019-10-15 16:12:37,691 [main] INFO  server.GrpcService (GrpcService.java:closeImpl(164)) - 25d6372c-77fd-4a39-ac2a-e48debad48df: shutdown server with port 39591 now
2019-10-15 16:12:37,691 [ForkJoinPool.commonPool-worker-0] INFO  segmented.SegmentedRaftLogWorker (SegmentedRaftLogWorker.java:close(224)) - 50423279-f647-4a18-8e85-347d68eaf856@group-B2671EB745D2-SegmentedRaftLogWorker close()
2019-10-15 16:12:37,692 [ForkJoinPool.commonPool-worker-0] INFO  server.GrpcService (GrpcService.java:closeImpl(164)) - 50423279-f647-4a18-8e85-347d68eaf856: shutdown server with port 39583 now
2019-10-15 16:12:37,693 [ForkJoinPool.commonPool-worker-0] INFO  server.GrpcService (GrpcService.java:closeImpl(172)) - 50423279-f647-4a18-8e85-347d68eaf856: shutdown server with port 39583 successfully
2019-10-15 16:12:37,693 [main] INFO  server.GrpcService (GrpcService.java:closeImpl(172)) - 25d6372c-77fd-4a39-ac2a-e48debad48df: shutdown server with port 39591 successfully
2019-10-15 16:12:37,699 [refreshUsed-/workdir/hadoop-ozone/integration-test/target/test-dir/MiniOzoneClusterImpl-071139da-cec0-4bc6-bd27-be6b85e7151a/datanode-1/data/containers] WARN  fs.CachingGetSpaceUsed (CachingGetSpaceUsed.java:run(183)) - Thread Interrupted waiting to refresh disk information: sleep interrupted
2019-10-15 16:12:37,702 [refreshUsed-/workdir/hadoop-ozone/integration-test/target/test-dir/MiniOzoneClusterImpl-071139da-cec0-4bc6-bd27-be6b85e7151a/datanode-2/data/containers] WARN  fs.CachingGetSpaceUsed (CachingGetSpaceUsed.java:run(183)) - Thread Interrupted waiting to refresh disk information: sleep interrupted
2019-10-15 16:12:37,722 [main] INFO  utils.BackgroundService (BackgroundService.java:shutdown(151)) - Shutting down service BlockDeletingService
2019-10-15 16:12:37,723 [ForkJoinPool.commonPool-worker-0] INFO  utils.BackgroundService (BackgroundService.java:shutdown(151)) - Shutting down service BlockDeletingService
2019-10-15 16:12:37,725 [main] INFO  statemachine.DatanodeStateMachine (DatanodeStateMachine.java:stopDaemon(395)) - Ozone container server stopped.
2019-10-15 16:12:37,726 [ForkJoinPool.commonPool-worker-0] INFO  statemachine.DatanodeStateMachine (DatanodeStateMachine.java:stopDaemon(395)) - Ozone container server stopped.
2019-10-15 16:12:37,729 [ForkJoinPool.commonPool-worker-0] INFO  handler.ContextHandler (ContextHandler.java:doStop(910)) - Stopped o.e.j.w.WebAppContext@7e446d92{/,null,UNAVAILABLE}{/hddsDatanode}
2019-10-15 16:12:37,729 [main] INFO  handler.ContextHandler (ContextHandler.java:doStop(910)) - Stopped o.e.j.w.WebAppContext@6192a5d5{/,null,UNAVAILABLE}{/hddsDatanode}
2019-10-15 16:12:37,729 [ForkJoinPool.commonPool-worker-0] INFO  server.AbstractConnector (AbstractConnector.java:doStop(318)) - Stopped ServerConnector@57f9b467{HTTP/1.1,[http/1.1]}{0.0.0.0:0}
2019-10-15 16:12:37,729 [main] INFO  server.AbstractConnector (AbstractConnector.java:doStop(318)) - Stopped ServerConnector@3722c145{HTTP/1.1,[http/1.1]}{0.0.0.0:0}
2019-10-15 16:12:37,730 [ForkJoinPool.commonPool-worker-0] INFO  handler.ContextHandler (ContextHandler.java:doStop(910)) - Stopped o.e.j.s.ServletContextHandler@544e8149{/static,jar:file:/home/user/.m2/repository/org/apache/hadoop/hadoop-hdds-container-service/0.5.0-SNAPSHOT/hadoop-hdds-container-service-0.5.0-SNAPSHOT.jar!/webapps/static,UNAVAILABLE}
2019-10-15 16:12:37,730 [main] INFO  handler.ContextHandler (ContextHandler.java:doStop(910)) - Stopped o.e.j.s.ServletContextHandler@714f3da4{/static,jar:file:/home/user/.m2/repository/org/apache/hadoop/hadoop-hdds-container-service/0.5.0-SNAPSHOT/hadoop-hdds-container-service-0.5.0-SNAPSHOT.jar!/webapps/static,UNAVAILABLE}
2019-10-15 16:12:37,731 [ForkJoinPool.commonPool-worker-0] INFO  handler.ContextHandler (ContextHandler.java:doStop(910)) - Stopped o.e.j.s.ServletContextHandler@29a98d9f{/logs,file:///workdir/hadoop-ozone/integration-test/target/log,UNAVAILABLE}
2019-10-15 16:12:37,731 [main] INFO  handler.ContextHandler (ContextHandler.java:doStop(910)) - Stopped o.e.j.s.ServletContextHandler@37468787{/logs,file:///workdir/hadoop-ozone/integration-test/target/log,UNAVAILABLE}
2019-10-15 16:12:38,412 [Datanode State Machine Thread - 0] INFO  statemachine.DatanodeStateMachine (DatanodeStateMachine.java:lambda$startDaemon$0(350)) - Ozone container server started.
2019-10-15 16:12:38,631 [Datanode State Machine Thread - 0] INFO  statemachine.DatanodeStateMachine (DatanodeStateMachine.java:lambda$startDaemon$0(350)) - Ozone container server started.
2019-10-15 16:12:42,697 [Thread-3441] INFO  impl.FollowerState (FollowerState.java:run(108)) - 2ec85f63-33fb-4317-9145-71357d145af9@group-B2671EB745D2-FollowerState: change to CANDIDATE, lastRpcTime:5028ms, electionTimeout:5028ms
2019-10-15 16:12:42,699 [Thread-3441] INFO  impl.RoleInfo (RoleInfo.java:shutdownFollowerState(121)) - 2ec85f63-33fb-4317-9145-71357d145af9: shutdown FollowerState
2019-10-15 16:12:42,700 [Thread-3441] INFO  impl.RaftServerImpl (RaftServerImpl.java:setRole(184)) - 2ec85f63-33fb-4317-9145-71357d145af9@group-B2671EB745D2: changes role from  FOLLOWER to CANDIDATE at term 524 for changeToCandidate
2019-10-15 16:12:42,700 [Thread-3441] INFO  impl.RoleInfo (RoleInfo.java:updateAndGet(143)) - 2ec85f63-33fb-4317-9145-71357d145af9: start LeaderElection
2019-10-15 16:12:42,717 [2ec85f63-33fb-4317-9145-71357d145af9@group-B2671EB745D2-LeaderElection489] INFO  impl.LeaderElection (LeaderElection.java:askForVotes(178)) - 2ec85f63-33fb-4317-9145-71357d145af9@group-B2671EB745D2-LeaderElection489: begin an election at term 525 for 0: [50423279-f647-4a18-8e85-347d68eaf856:192.168.69.88:39583, 2ec85f63-33fb-4317-9145-71357d145af9:192.168.69.88:42357, 25d6372c-77fd-4a39-ac2a-e48debad48df:192.168.69.88:39591], old=null
2019-10-15 16:12:42,732 [2ec85f63-33fb-4317-9145-71357d145af9@group-B2671EB745D2-LeaderElection489] INFO  impl.LeaderElection (LogUtils.java:infoOrTrace(149)) - 2ec85f63-33fb-4317-9145-71357d145af9@group-B2671EB745D2-LeaderElection489 got exception when requesting votes: {}
java.util.concurrent.ExecutionException: org.apache.ratis.thirdparty.io.grpc.StatusRuntimeException: UNAVAILABLE: io exception
	at java.util.concurrent.FutureTask.report(FutureTask.java:122)
	at java.util.concurrent.FutureTask.get(FutureTask.java:192)
	at org.apache.ratis.server.impl.LeaderElection.waitForResults(LeaderElection.java:259)
	at org.apache.ratis.server.impl.LeaderElection.askForVotes(LeaderElection.java:197)
	at org.apache.ratis.server.impl.LeaderElection.run(LeaderElection.java:133)
	at java.lang.Thread.run(Thread.java:748)
Caused by: org.apache.ratis.thirdparty.io.grpc.StatusRuntimeException: UNAVAILABLE: io exception
	at org.apache.ratis.thirdparty.io.grpc.stub.ClientCalls.toStatusRuntimeException(ClientCalls.java:233)
	at org.apache.ratis.thirdparty.io.grpc.stub.ClientCalls.getUnchecked(ClientCalls.java:214)
	at org.apache.ratis.thirdparty.io.grpc.stub.ClientCalls.blockingUnaryCall(ClientCalls.java:139)
	at org.apache.ratis.proto.grpc.RaftServerProtocolServiceGrpc$RaftServerProtocolServiceBlockingStub.requestVote(RaftServerProtocolServiceGrpc.java:265)
	at org.apache.ratis.grpc.server.GrpcServerProtocolClient.requestVote(GrpcServerProtocolClient.java:99)
	at org.apache.ratis.grpc.server.GrpcService.requestVote(GrpcService.java:204)
	at org.apache.ratis.server.impl.LeaderElection.lambda$submitRequests$1(LeaderElection.java:234)
	at java.util.concurrent.FutureTask.run(FutureTask.java:266)
	at java.util.concurrent.Executors$RunnableAdapter.call(Executors.java:511)
	at java.util.concurrent.FutureTask.run(FutureTask.java:266)
	at java.util.concurrent.ThreadPoolExecutor.runWorker(ThreadPoolExecutor.java:1149)
	at java.util.concurrent.ThreadPoolExecutor$Worker.run(ThreadPoolExecutor.java:624)
	... 1 more
Caused by: org.apache.ratis.thirdparty.io.netty.channel.AbstractChannel$AnnotatedConnectException: Connection refused: /192.168.69.88:39591
	at sun.nio.ch.SocketChannelImpl.checkConnect(Native Method)
	at sun.nio.ch.SocketChannelImpl.finishConnect(SocketChannelImpl.java:717)
	at org.apache.ratis.thirdparty.io.netty.channel.socket.nio.NioSocketChannel.doFinishConnect(NioSocketChannel.java:327)
	at org.apache.ratis.thirdparty.io.netty.channel.nio.AbstractNioChannel$AbstractNioUnsafe.finishConnect(AbstractNioChannel.java:340)
	at org.apache.ratis.thirdparty.io.netty.channel.nio.NioEventLoop.processSelectedKey(NioEventLoop.java:632)
	at org.apache.ratis.thirdparty.io.netty.channel.nio.NioEventLoop.processSelectedKeysOptimized(NioEventLoop.java:579)
	at org.apache.ratis.thirdparty.io.netty.channel.nio.NioEventLoop.processSelectedKeys(NioEventLoop.java:496)
	at org.apache.ratis.thirdparty.io.netty.channel.nio.NioEventLoop.run(NioEventLoop.java:458)
	at org.apache.ratis.thirdparty.io.netty.util.concurrent.SingleThreadEventExecutor$5.run(SingleThreadEventExecutor.java:897)
	at org.apache.ratis.thirdparty.io.netty.util.concurrent.FastThreadLocalRunnable.run(FastThreadLocalRunnable.java:30)
	... 1 more
Caused by: java.net.ConnectException: Connection refused
	... 11 more
2019-10-15 16:12:42,734 [main] INFO  ozoneimpl.OzoneContainer (OzoneContainer.java:stop(227)) - Attempting to stop container services.
2019-10-15 16:12:42,734 [ForkJoinPool.commonPool-worker-0] INFO  ozoneimpl.OzoneContainer (OzoneContainer.java:stop(227)) - Attempting to stop container services.
2019-10-15 16:12:42,738 [2ec85f63-33fb-4317-9145-71357d145af9@group-B2671EB745D2-LeaderElection489] INFO  impl.LeaderElection (LogUtils.java:infoOrTrace(149)) - 2ec85f63-33fb-4317-9145-71357d145af9@group-B2671EB745D2-LeaderElection489 got exception when requesting votes: {}
java.util.concurrent.ExecutionException: org.apache.ratis.thirdparty.io.grpc.StatusRuntimeException: UNAVAILABLE: io exception
	at java.util.concurrent.FutureTask.report(FutureTask.java:122)
	at java.util.concurrent.FutureTask.get(FutureTask.java:192)
	at org.apache.ratis.server.impl.LeaderElection.waitForResults(LeaderElection.java:259)
	at org.apache.ratis.server.impl.LeaderElection.askForVotes(LeaderElection.java:197)
	at org.apache.ratis.server.impl.LeaderElection.run(LeaderElection.java:133)
	at java.lang.Thread.run(Thread.java:748)
Caused by: org.apache.ratis.thirdparty.io.grpc.StatusRuntimeException: UNAVAILABLE: io exception
	at org.apache.ratis.thirdparty.io.grpc.stub.ClientCalls.toStatusRuntimeException(ClientCalls.java:233)
	at org.apache.ratis.thirdparty.io.grpc.stub.ClientCalls.getUnchecked(ClientCalls.java:214)
	at org.apache.ratis.thirdparty.io.grpc.stub.ClientCalls.blockingUnaryCall(ClientCalls.java:139)
	at org.apache.ratis.proto.grpc.RaftServerProtocolServiceGrpc$RaftServerProtocolServiceBlockingStub.requestVote(RaftServerProtocolServiceGrpc.java:265)
	at org.apache.ratis.grpc.server.GrpcServerProtocolClient.requestVote(GrpcServerProtocolClient.java:99)
	at org.apache.ratis.grpc.server.GrpcService.requestVote(GrpcService.java:204)
	at org.apache.ratis.server.impl.LeaderElection.lambda$submitRequests$1(LeaderElection.java:234)
	at java.util.concurrent.FutureTask.run(FutureTask.java:266)
	at java.util.concurrent.Executors$RunnableAdapter.call(Executors.java:511)
	at java.util.concurrent.FutureTask.run(FutureTask.java:266)
	at java.util.concurrent.ThreadPoolExecutor.runWorker(ThreadPoolExecutor.java:1149)
	at java.util.concurrent.ThreadPoolExecutor$Worker.run(ThreadPoolExecutor.java:624)
	... 1 more
Caused by: org.apache.ratis.thirdparty.io.netty.channel.AbstractChannel$AnnotatedConnectException: Connection refused: /192.168.69.88:39583
	at sun.nio.ch.SocketChannelImpl.checkConnect(Native Method)
	at sun.nio.ch.SocketChannelImpl.finishConnect(SocketChannelImpl.java:717)
	at org.apache.ratis.thirdparty.io.netty.channel.socket.nio.NioSocketChannel.doFinishConnect(NioSocketChannel.java:327)
	at org.apache.ratis.thirdparty.io.netty.channel.nio.AbstractNioChannel$AbstractNioUnsafe.finishConnect(AbstractNioChannel.java:340)
	at org.apache.ratis.thirdparty.io.netty.channel.nio.NioEventLoop.processSelectedKey(NioEventLoop.java:632)
	at org.apache.ratis.thirdparty.io.netty.channel.nio.NioEventLoop.processSelectedKeysOptimized(NioEventLoop.java:579)
	at org.apache.ratis.thirdparty.io.netty.channel.nio.NioEventLoop.processSelectedKeys(NioEventLoop.java:496)
	at org.apache.ratis.thirdparty.io.netty.channel.nio.NioEventLoop.run(NioEventLoop.java:458)
	at org.apache.ratis.thirdparty.io.netty.util.concurrent.SingleThreadEventExecutor$5.run(SingleThreadEventExecutor.java:897)
	at org.apache.ratis.thirdparty.io.netty.util.concurrent.FastThreadLocalRunnable.run(FastThreadLocalRunnable.java:30)
	... 1 more
Caused by: java.net.ConnectException: Connection refused
	... 11 more
2019-10-15 16:12:42,740 [main] INFO  impl.RaftServerProxy (RaftServerProxy.java:lambda$close$4(314)) - 2ec85f63-33fb-4317-9145-71357d145af9: close
2019-10-15 16:12:42,740 [ForkJoinPool.commonPool-worker-0] INFO  impl.RaftServerProxy (RaftServerProxy.java:lambda$close$4(314)) - 90c6e2d0-0cfc-4ac6-8fdc-c488196327d4: close
2019-10-15 16:12:42,741 [2ec85f63-33fb-4317-9145-71357d145af9@group-B2671EB745D2-LeaderElection489] INFO  impl.LeaderElection (LeaderElection.java:logAndReturn(56)) - 2ec85f63-33fb-4317-9145-71357d145af9@group-B2671EB745D2-LeaderElection489: Election REJECTED; received 0 response(s) [] and 2 exception(s); 2ec85f63-33fb-4317-9145-71357d145af9@group-B2671EB745D2:t525, leader=null, voted=2ec85f63-33fb-4317-9145-71357d145af9, raftlog=2ec85f63-33fb-4317-9145-71357d145af9@group-B2671EB745D2-SegmentedRaftLog:OPENED:c-1,f0,i0, conf=0: [50423279-f647-4a18-8e85-347d68eaf856:192.168.69.88:39583, 2ec85f63-33fb-4317-9145-71357d145af9:192.168.69.88:42357, 25d6372c-77fd-4a39-ac2a-e48debad48df:192.168.69.88:39591], old=null
2019-10-15 16:12:42,741 [main] INFO  impl.RaftServerImpl (RaftServerImpl.java:lambda$shutdown$3(261)) - 2ec85f63-33fb-4317-9145-71357d145af9@group-677B4D601BAE: shutdown
2019-10-15 16:12:42,742 [2ec85f63-33fb-4317-9145-71357d145af9@group-B2671EB745D2-LeaderElection489] INFO  impl.LeaderElection (LogUtils.java:infoOrTrace(149)) -   Exception 0: {}
java.util.concurrent.ExecutionException: org.apache.ratis.thirdparty.io.grpc.StatusRuntimeException: UNAVAILABLE: io exception
	at java.util.concurrent.FutureTask.report(FutureTask.java:122)
	at java.util.concurrent.FutureTask.get(FutureTask.java:192)
	at org.apache.ratis.server.impl.LeaderElection.waitForResults(LeaderElection.java:259)
	at org.apache.ratis.server.impl.LeaderElection.askForVotes(LeaderElection.java:197)
	at org.apache.ratis.server.impl.LeaderElection.run(LeaderElection.java:133)
	at java.lang.Thread.run(Thread.java:748)
Caused by: org.apache.ratis.thirdparty.io.grpc.StatusRuntimeException: UNAVAILABLE: io exception
	at org.apache.ratis.thirdparty.io.grpc.stub.ClientCalls.toStatusRuntimeException(ClientCalls.java:233)
	at org.apache.ratis.thirdparty.io.grpc.stub.ClientCalls.getUnchecked(ClientCalls.java:214)
	at org.apache.ratis.thirdparty.io.grpc.stub.ClientCalls.blockingUnaryCall(ClientCalls.java:139)
	at org.apache.ratis.proto.grpc.RaftServerProtocolServiceGrpc$RaftServerProtocolServiceBlockingStub.requestVote(RaftServerProtocolServiceGrpc.java:265)
	at org.apache.ratis.grpc.server.GrpcServerProtocolClient.requestVote(GrpcServerProtocolClient.java:99)
	at org.apache.ratis.grpc.server.GrpcService.requestVote(GrpcService.java:204)
	at org.apache.ratis.server.impl.LeaderElection.lambda$submitRequests$1(LeaderElection.java:234)
	at java.util.concurrent.FutureTask.run(FutureTask.java:266)
	at java.util.concurrent.Executors$RunnableAdapter.call(Executors.java:511)
	at java.util.concurrent.FutureTask.run(FutureTask.java:266)
	at java.util.concurrent.ThreadPoolExecutor.runWorker(ThreadPoolExecutor.java:1149)
	at java.util.concurrent.ThreadPoolExecutor$Worker.run(ThreadPoolExecutor.java:624)
	... 1 more
Caused by: org.apache.ratis.thirdparty.io.netty.channel.AbstractChannel$AnnotatedConnectException: Connection refused: /192.168.69.88:39591
	at sun.nio.ch.SocketChannelImpl.checkConnect(Native Method)
	at sun.nio.ch.SocketChannelImpl.finishConnect(SocketChannelImpl.java:717)
	at org.apache.ratis.thirdparty.io.netty.channel.socket.nio.NioSocketChannel.doFinishConnect(NioSocketChannel.java:327)
	at org.apache.ratis.thirdparty.io.netty.channel.nio.AbstractNioChannel$AbstractNioUnsafe.finishConnect(AbstractNioChannel.java:340)
	at org.apache.ratis.thirdparty.io.netty.channel.nio.NioEventLoop.processSelectedKey(NioEventLoop.java:632)
	at org.apache.ratis.thirdparty.io.netty.channel.nio.NioEventLoop.processSelectedKeysOptimized(NioEventLoop.java:579)
	at org.apache.ratis.thirdparty.io.netty.channel.nio.NioEventLoop.processSelectedKeys(NioEventLoop.java:496)
	at org.apache.ratis.thirdparty.io.netty.channel.nio.NioEventLoop.run(NioEventLoop.java:458)
	at org.apache.ratis.thirdparty.io.netty.util.concurrent.SingleThreadEventExecutor$5.run(SingleThreadEventExecutor.java:897)
	at org.apache.ratis.thirdparty.io.netty.util.concurrent.FastThreadLocalRunnable.run(FastThreadLocalRunnable.java:30)
	... 1 more
Caused by: java.net.ConnectException: Connection refused
	... 11 more
2019-10-15 16:12:42,742 [2ec85f63-33fb-4317-9145-71357d145af9@group-B2671EB745D2-LeaderElection489] INFO  impl.LeaderElection (LogUtils.java:infoOrTrace(149)) -   Exception 1: {}
java.util.concurrent.ExecutionException: org.apache.ratis.thirdparty.io.grpc.StatusRuntimeException: UNAVAILABLE: io exception
	at java.util.concurrent.FutureTask.report(FutureTask.java:122)
	at java.util.concurrent.FutureTask.get(FutureTask.java:192)
	at org.apache.ratis.server.impl.LeaderElection.waitForResults(LeaderElection.java:259)
	at org.apache.ratis.server.impl.LeaderElection.askForVotes(LeaderElection.java:197)
	at org.apache.ratis.server.impl.LeaderElection.run(LeaderElection.java:133)
	at java.lang.Thread.run(Thread.java:748)
Caused by: org.apache.ratis.thirdparty.io.grpc.StatusRuntimeException: UNAVAILABLE: io exception
	at org.apache.ratis.thirdparty.io.grpc.stub.ClientCalls.toStatusRuntimeException(ClientCalls.java:233)
	at org.apache.ratis.thirdparty.io.grpc.stub.ClientCalls.getUnchecked(ClientCalls.java:214)
	at org.apache.ratis.thirdparty.io.grpc.stub.ClientCalls.blockingUnaryCall(ClientCalls.java:139)
	at org.apache.ratis.proto.grpc.RaftServerProtocolServiceGrpc$RaftServerProtocolServiceBlockingStub.requestVote(RaftServerProtocolServiceGrpc.java:265)
	at org.apache.ratis.grpc.server.GrpcServerProtocolClient.requestVote(GrpcServerProtocolClient.java:99)
	at org.apache.ratis.grpc.server.GrpcService.requestVote(GrpcService.java:204)
	at org.apache.ratis.server.impl.LeaderElection.lambda$submitRequests$1(LeaderElection.java:234)
	at java.util.concurrent.FutureTask.run(FutureTask.java:266)
	at java.util.concurrent.Executors$RunnableAdapter.call(Executors.java:511)
	at java.util.concurrent.FutureTask.run(FutureTask.java:266)
	at java.util.concurrent.ThreadPoolExecutor.runWorker(ThreadPoolExecutor.java:1149)
	at java.util.concurrent.ThreadPoolExecutor$Worker.run(ThreadPoolExecutor.java:624)
	... 1 more
Caused by: org.apache.ratis.thirdparty.io.netty.channel.AbstractChannel$AnnotatedConnectException: Connection refused: /192.168.69.88:39583
	at sun.nio.ch.SocketChannelImpl.checkConnect(Native Method)
	at sun.nio.ch.SocketChannelImpl.finishConnect(SocketChannelImpl.java:717)
	at org.apache.ratis.thirdparty.io.netty.channel.socket.nio.NioSocketChannel.doFinishConnect(NioSocketChannel.java:327)
	at org.apache.ratis.thirdparty.io.netty.channel.nio.AbstractNioChannel$AbstractNioUnsafe.finishConnect(AbstractNioChannel.java:340)
	at org.apache.ratis.thirdparty.io.netty.channel.nio.NioEventLoop.processSelectedKey(NioEventLoop.java:632)
	at org.apache.ratis.thirdparty.io.netty.channel.nio.NioEventLoop.processSelectedKeysOptimized(NioEventLoop.java:579)
	at org.apache.ratis.thirdparty.io.netty.channel.nio.NioEventLoop.processSelectedKeys(NioEventLoop.java:496)
	at org.apache.ratis.thirdparty.io.netty.channel.nio.NioEventLoop.run(NioEventLoop.java:458)
	at org.apache.ratis.thirdparty.io.netty.util.concurrent.SingleThreadEventExecutor$5.run(SingleThreadEventExecutor.java:897)
	at org.apache.ratis.thirdparty.io.netty.util.concurrent.FastThreadLocalRunnable.run(FastThreadLocalRunnable.java:30)
	... 1 more
Caused by: java.net.ConnectException: Connection refused
	... 11 more
2019-10-15 16:12:42,741 [ForkJoinPool.commonPool-worker-0] INFO  impl.RaftServerImpl (RaftServerImpl.java:lambda$shutdown$3(261)) - 90c6e2d0-0cfc-4ac6-8fdc-c488196327d4@group-87CA124469BE: shutdown
2019-10-15 16:12:42,743 [2ec85f63-33fb-4317-9145-71357d145af9@group-B2671EB745D2-LeaderElection489] INFO  impl.RaftServerImpl (RaftServerImpl.java:setRole(184)) - 2ec85f63-33fb-4317-9145-71357d145af9@group-B2671EB745D2: changes role from CANDIDATE to FOLLOWER at term 525 for DISCOVERED_A_NEW_TERM
2019-10-15 16:12:42,743 [2ec85f63-33fb-4317-9145-71357d145af9@group-B2671EB745D2-LeaderElection489] INFO  impl.RoleInfo (RoleInfo.java:shutdownLeaderElection(134)) - 2ec85f63-33fb-4317-9145-71357d145af9: shutdown LeaderElection
2019-10-15 16:12:42,742 [main] INFO  util.JmxRegister (JmxRegister.java:unregister(73)) - Successfully un-registered JMX Bean with object name Ratis:service=RaftServer,group=group-677B4D601BAE,id=2ec85f63-33fb-4317-9145-71357d145af9
2019-10-15 16:12:42,743 [2ec85f63-33fb-4317-9145-71357d145af9@group-B2671EB745D2-LeaderElection489] INFO  impl.RoleInfo (RoleInfo.java:updateAndGet(143)) - 2ec85f63-33fb-4317-9145-71357d145af9: start FollowerState
2019-10-15 16:12:42,743 [ForkJoinPool.commonPool-worker-0] INFO  util.JmxRegister (JmxRegister.java:unregister(73)) - Successfully un-registered JMX Bean with object name Ratis:service=RaftServer,group=group-87CA124469BE,id=90c6e2d0-0cfc-4ac6-8fdc-c488196327d4
2019-10-15 16:12:42,744 [main] INFO  impl.RoleInfo (RoleInfo.java:shutdownLeaderState(104)) - 2ec85f63-33fb-4317-9145-71357d145af9: shutdown LeaderState
2019-10-15 16:12:42,744 [ForkJoinPool.commonPool-worker-0] INFO  impl.RoleInfo (RoleInfo.java:shutdownLeaderState(104)) - 90c6e2d0-0cfc-4ac6-8fdc-c488196327d4: shutdown LeaderState
2019-10-15 16:12:42,744 [main] INFO  impl.PendingRequests (PendingRequests.java:sendNotLeaderResponses(202)) - 2ec85f63-33fb-4317-9145-71357d145af9@group-677B4D601BAE-PendingRequests: sendNotLeaderResponses
2019-10-15 16:12:42,744 [ForkJoinPool.commonPool-worker-0] INFO  impl.PendingRequests (PendingRequests.java:sendNotLeaderResponses(202)) - 90c6e2d0-0cfc-4ac6-8fdc-c488196327d4@group-87CA124469BE-PendingRequests: sendNotLeaderResponses
2019-10-15 16:12:42,746 [ForkJoinPool.commonPool-worker-0] INFO  impl.StateMachineUpdater (StateMachineUpdater.java:stopAndJoin(136)) - 90c6e2d0-0cfc-4ac6-8fdc-c488196327d4@group-87CA124469BE-StateMachineUpdater: set stopIndex = 0
2019-10-15 16:12:42,746 [main] INFO  impl.StateMachineUpdater (StateMachineUpdater.java:stopAndJoin(136)) - 2ec85f63-33fb-4317-9145-71357d145af9@group-677B4D601BAE-StateMachineUpdater: set stopIndex = 0
2019-10-15 16:12:42,747 [ForkJoinPool.commonPool-worker-0] INFO  impl.RaftServerImpl (ServerState.java:close(388)) - 90c6e2d0-0cfc-4ac6-8fdc-c488196327d4@group-87CA124469BE: closes. applyIndex: 0
2019-10-15 16:12:42,747 [main] INFO  impl.RaftServerImpl (ServerState.java:close(388)) - 2ec85f63-33fb-4317-9145-71357d145af9@group-677B4D601BAE: closes. applyIndex: 0
2019-10-15 16:12:42,748 [90c6e2d0-0cfc-4ac6-8fdc-c488196327d4@group-87CA124469BE-SegmentedRaftLogWorker] INFO  segmented.SegmentedRaftLogWorker (SegmentedRaftLogWorker.java:run(316)) - 90c6e2d0-0cfc-4ac6-8fdc-c488196327d4@group-87CA124469BE-SegmentedRaftLogWorker was interrupted, exiting. There are 0 tasks remaining in the queue.
2019-10-15 16:12:42,748 [2ec85f63-33fb-4317-9145-71357d145af9@group-677B4D601BAE-SegmentedRaftLogWorker] INFO  segmented.SegmentedRaftLogWorker (SegmentedRaftLogWorker.java:run(316)) - 2ec85f63-33fb-4317-9145-71357d145af9@group-677B4D601BAE-SegmentedRaftLogWorker was interrupted, exiting. There are 0 tasks remaining in the queue.
2019-10-15 16:12:42,749 [ForkJoinPool.commonPool-worker-0] INFO  segmented.SegmentedRaftLogWorker (SegmentedRaftLogWorker.java:close(224)) - 90c6e2d0-0cfc-4ac6-8fdc-c488196327d4@group-87CA124469BE-SegmentedRaftLogWorker close()
2019-10-15 16:12:42,749 [main] INFO  segmented.SegmentedRaftLogWorker (SegmentedRaftLogWorker.java:close(224)) - 2ec85f63-33fb-4317-9145-71357d145af9@group-677B4D601BAE-SegmentedRaftLogWorker close()
2019-10-15 16:12:42,751 [ForkJoinPool.commonPool-worker-0] INFO  server.GrpcService (GrpcService.java:closeImpl(164)) - 90c6e2d0-0cfc-4ac6-8fdc-c488196327d4: shutdown server with port 35788 now
2019-10-15 16:12:42,752 [main] INFO  impl.RaftServerImpl (RaftServerImpl.java:lambda$shutdown$3(261)) - 2ec85f63-33fb-4317-9145-71357d145af9@group-B2671EB745D2: shutdown
2019-10-15 16:12:42,753 [ForkJoinPool.commonPool-worker-0] INFO  server.GrpcService (GrpcService.java:closeImpl(172)) - 90c6e2d0-0cfc-4ac6-8fdc-c488196327d4: shutdown server with port 35788 successfully
2019-10-15 16:12:42,753 [main] INFO  util.JmxRegister (JmxRegister.java:unregister(73)) - Successfully un-registered JMX Bean with object name Ratis:service=RaftServer,group=group-B2671EB745D2,id=2ec85f63-33fb-4317-9145-71357d145af9
2019-10-15 16:12:42,754 [main] INFO  impl.RoleInfo (RoleInfo.java:shutdownFollowerState(121)) - 2ec85f63-33fb-4317-9145-71357d145af9: shutdown FollowerState
2019-10-15 16:12:42,754 [main] INFO  impl.StateMachineUpdater (StateMachineUpdater.java:stopAndJoin(136)) - 2ec85f63-33fb-4317-9145-71357d145af9@group-B2671EB745D2-StateMachineUpdater: set stopIndex = -1
2019-10-15 16:12:42,754 [Thread-3453] INFO  impl.FollowerState (FollowerState.java:run(117)) - 2ec85f63-33fb-4317-9145-71357d145af9@group-B2671EB745D2-FollowerState was interrupted: java.lang.InterruptedException: sleep interrupted
2019-10-15 16:12:42,755 [main] INFO  impl.RaftServerImpl (ServerState.java:close(388)) - 2ec85f63-33fb-4317-9145-71357d145af9@group-B2671EB745D2: closes. applyIndex: -1
2019-10-15 16:12:42,755 [2ec85f63-33fb-4317-9145-71357d145af9@group-B2671EB745D2-SegmentedRaftLogWorker] INFO  segmented.SegmentedRaftLogWorker (SegmentedRaftLogWorker.java:run(316)) - 2ec85f63-33fb-4317-9145-71357d145af9@group-B2671EB745D2-SegmentedRaftLogWorker was interrupted, exiting. There are 0 tasks remaining in the queue.
2019-10-15 16:12:42,756 [main] INFO  segmented.SegmentedRaftLogWorker (SegmentedRaftLogWorker.java:close(224)) - 2ec85f63-33fb-4317-9145-71357d145af9@group-B2671EB745D2-SegmentedRaftLogWorker close()
2019-10-15 16:12:42,758 [main] INFO  server.GrpcService (GrpcService.java:closeImpl(164)) - 2ec85f63-33fb-4317-9145-71357d145af9: shutdown server with port 42357 now
2019-10-15 16:12:42,758 [main] INFO  server.GrpcService (GrpcService.java:closeImpl(172)) - 2ec85f63-33fb-4317-9145-71357d145af9: shutdown server with port 42357 successfully
2019-10-15 16:12:42,761 [refreshUsed-/workdir/hadoop-ozone/integration-test/target/test-dir/MiniOzoneClusterImpl-071139da-cec0-4bc6-bd27-be6b85e7151a/datanode-0/data/containers] WARN  fs.CachingGetSpaceUsed (CachingGetSpaceUsed.java:run(183)) - Thread Interrupted waiting to refresh disk information: sleep interrupted
2019-10-15 16:12:42,764 [refreshUsed-/workdir/hadoop-ozone/integration-test/target/test-dir/MiniOzoneClusterImpl-071139da-cec0-4bc6-bd27-be6b85e7151a/datanode-3/data/containers] WARN  fs.CachingGetSpaceUsed (CachingGetSpaceUsed.java:run(183)) - Thread Interrupted waiting to refresh disk information: sleep interrupted
2019-10-15 16:12:42,781 [ForkJoinPool.commonPool-worker-0] INFO  utils.BackgroundService (BackgroundService.java:shutdown(151)) - Shutting down service BlockDeletingService
2019-10-15 16:12:42,784 [ForkJoinPool.commonPool-worker-0] INFO  statemachine.DatanodeStateMachine (DatanodeStateMachine.java:stopDaemon(395)) - Ozone container server stopped.
2019-10-15 16:12:42,787 [ForkJoinPool.commonPool-worker-0] INFO  handler.ContextHandler (ContextHandler.java:doStop(910)) - Stopped o.e.j.w.WebAppContext@57272109{/,null,UNAVAILABLE}{/hddsDatanode}
2019-10-15 16:12:42,787 [ForkJoinPool.commonPool-worker-0] INFO  server.AbstractConnector (AbstractConnector.java:doStop(318)) - Stopped ServerConnector@59696551{HTTP/1.1,[http/1.1]}{0.0.0.0:0}
2019-10-15 16:12:42,788 [ForkJoinPool.commonPool-worker-0] INFO  handler.ContextHandler (ContextHandler.java:doStop(910)) - Stopped o.e.j.s.ServletContextHandler@6edf29c1{/static,jar:file:/home/user/.m2/repository/org/apache/hadoop/hadoop-hdds-container-service/0.5.0-SNAPSHOT/hadoop-hdds-container-service-0.5.0-SNAPSHOT.jar!/webapps/static,UNAVAILABLE}
2019-10-15 16:12:42,789 [ForkJoinPool.commonPool-worker-0] INFO  handler.ContextHandler (ContextHandler.java:doStop(910)) - Stopped o.e.j.s.ServletContextHandler@7c8c70d6{/logs,file:///workdir/hadoop-ozone/integration-test/target/log,UNAVAILABLE}
2019-10-15 16:12:42,789 [main] INFO  utils.BackgroundService (BackgroundService.java:shutdown(151)) - Shutting down service BlockDeletingService
2019-10-15 16:12:42,791 [main] INFO  statemachine.DatanodeStateMachine (DatanodeStateMachine.java:stopDaemon(395)) - Ozone container server stopped.
2019-10-15 16:12:42,792 [main] INFO  handler.ContextHandler (ContextHandler.java:doStop(910)) - Stopped o.e.j.w.WebAppContext@4aa21f9d{/,null,UNAVAILABLE}{/hddsDatanode}
2019-10-15 16:12:42,793 [main] INFO  server.AbstractConnector (AbstractConnector.java:doStop(318)) - Stopped ServerConnector@71c17a57{HTTP/1.1,[http/1.1]}{0.0.0.0:0}
2019-10-15 16:12:42,793 [main] INFO  handler.ContextHandler (ContextHandler.java:doStop(910)) - Stopped o.e.j.s.ServletContextHandler@77049094{/static,jar:file:/home/user/.m2/repository/org/apache/hadoop/hadoop-hdds-container-service/0.5.0-SNAPSHOT/hadoop-hdds-container-service-0.5.0-SNAPSHOT.jar!/webapps/static,UNAVAILABLE}
2019-10-15 16:12:42,793 [main] INFO  handler.ContextHandler (ContextHandler.java:doStop(910)) - Stopped o.e.j.s.ServletContextHandler@6fa13e6{/logs,file:///workdir/hadoop-ozone/integration-test/target/log,UNAVAILABLE}
2019-10-15 16:12:42,794 [main] INFO  ozone.MiniOzoneClusterImpl (MiniOzoneClusterImpl.java:stopSCM(392)) - Stopping the StorageContainerManager
2019-10-15 16:12:42,794 [main] INFO  server.StorageContainerManager (StorageContainerManager.java:stop(810)) - Stopping Replication Manager Service.
2019-10-15 16:12:42,795 [main] INFO  container.ReplicationManager (ReplicationManager.java:stop(203)) - Stopping Replication Monitor Thread.
2019-10-15 16:12:42,795 [main] INFO  server.StorageContainerManager (StorageContainerManager.java:stop(817)) - Stopping Lease Manager of the command watchers
2019-10-15 16:12:42,795 [main] INFO  server.StorageContainerManager (StorageContainerManager.java:stop(824)) - Stopping datanode service RPC server
2019-10-15 16:12:42,795 [main] INFO  server.SCMDatanodeProtocolServer (SCMDatanodeProtocolServer.java:stop(346)) - Stopping the RPC server for DataNodes
2019-10-15 16:12:42,795 [main] INFO  ipc.Server (Server.java:stop(3082)) - Stopping server on 33641
2019-10-15 16:12:42,797 [IPC Server listener on 33641] INFO  ipc.Server (Server.java:run(1185)) - Stopping IPC Server listener on 33641
2019-10-15 16:12:42,797 [IPC Server Responder] INFO  ipc.Server (Server.java:run(1319)) - Stopping IPC Server Responder
2019-10-15 16:12:42,843 [SCM Heartbeat Processing Thread - 0] WARN  node.NodeStateManager (NodeStateManager.java:scheduleNextHealthCheck(646)) - Current Thread is interrupted, shutting down HB processing thread for Node Manager.
2019-10-15 16:12:42,843 [main] INFO  server.StorageContainerManager (StorageContainerManager.java:stop(832)) - Stopping block service RPC server
2019-10-15 16:12:42,844 [main] INFO  server.SCMBlockProtocolServer (SCMBlockProtocolServer.java:stop(155)) - Stopping the RPC server for Block Protocol
2019-10-15 16:12:42,844 [main] INFO  ipc.Server (Server.java:stop(3082)) - Stopping server on 38067
2019-10-15 16:12:42,844 [IPC Server listener on 38067] INFO  ipc.Server (Server.java:run(1185)) - Stopping IPC Server listener on 38067
2019-10-15 16:12:42,845 [main] INFO  server.StorageContainerManager (StorageContainerManager.java:stop(839)) - Stopping the StorageContainerLocationProtocol RPC server
2019-10-15 16:12:42,845 [IPC Server Responder] INFO  ipc.Server (Server.java:run(1319)) - Stopping IPC Server Responder
2019-10-15 16:12:42,845 [main] INFO  server.SCMClientProtocolServer (SCMClientProtocolServer.java:stop(168)) - Stopping the RPC server for Client Protocol
2019-10-15 16:12:42,846 [main] INFO  ipc.Server (Server.java:stop(3082)) - Stopping server on 41888
2019-10-15 16:12:42,846 [IPC Server listener on 41888] INFO  ipc.Server (Server.java:run(1185)) - Stopping IPC Server listener on 41888
2019-10-15 16:12:42,847 [main] INFO  server.StorageContainerManager (StorageContainerManager.java:stop(846)) - Stopping Storage Container Manager HTTP server.
2019-10-15 16:12:42,847 [IPC Server Responder] INFO  ipc.Server (Server.java:run(1319)) - Stopping IPC Server Responder
2019-10-15 16:12:42,849 [main] INFO  handler.ContextHandler (ContextHandler.java:doStop(910)) - Stopped o.e.j.w.WebAppContext@7fb9f71f{/,null,UNAVAILABLE}{/scm}
2019-10-15 16:12:42,849 [main] INFO  server.AbstractConnector (AbstractConnector.java:doStop(318)) - Stopped ServerConnector@407cf41{HTTP/1.1,[http/1.1]}{0.0.0.0:0}
2019-10-15 16:12:42,850 [main] INFO  handler.ContextHandler (ContextHandler.java:doStop(910)) - Stopped o.e.j.s.ServletContextHandler@424ebba3{/static,file:///workdir/hadoop-ozone/integration-test/target/test-classes/webapps/static,UNAVAILABLE}
2019-10-15 16:12:42,850 [main] INFO  handler.ContextHandler (ContextHandler.java:doStop(910)) - Stopped o.e.j.s.ServletContextHandler@a43ce46{/logs,file:///workdir/hadoop-ozone/integration-test/target/log,UNAVAILABLE}
2019-10-15 16:12:42,851 [main] INFO  server.StorageContainerManager (StorageContainerManager.java:stop(857)) - Stopping Block Manager Service.
2019-10-15 16:12:42,851 [main] INFO  utils.BackgroundService (BackgroundService.java:shutdown(151)) - Shutting down service SCMBlockDeletingService
2019-10-15 16:12:42,852 [main] INFO  utils.BackgroundService (BackgroundService.java:shutdown(151)) - Shutting down service SCMBlockDeletingService
2019-10-15 16:12:42,852 [main] INFO  server.StorageContainerManager (StorageContainerManager.java:stop(879)) - Stopping SCM Event Queue.
2019-10-15 16:12:42,859 [main] INFO  impl.MetricsSystemImpl (MetricsSystemImpl.java:stop(210)) - Stopping XceiverClientMetrics metrics system...
2019-10-15 16:12:42,867 [prometheus] INFO  impl.MetricsSinkAdapter (MetricsSinkAdapter.java:publishMetricsFromQueue(141)) - prometheus thread interrupted.
2019-10-15 16:12:42,867 [main] INFO  impl.MetricsSystemImpl (MetricsSystemImpl.java:stop(216)) - XceiverClientMetrics metrics system stopped.
]]></system-out>
    <system-err><![CDATA[ERROR StatusLogger No Log4j 2 configuration file found. Using default configuration (logging only errors to the console), or user programmatically provided configurations. Set system property 'log4j2.debug' to show Log4j 2 internal initialization logging. See https://logging.apache.org/log4j/2.x/manual/configuration.html for instructions on how to configure Log4j 2
]]></system-err>
  </testcase>
</testsuite>