<?xml version="1.0" encoding="UTF-8"?>
<testsuite xmlns:xsi="http://www.w3.org/2001/XMLSchema-instance" xsi:noNamespaceSchemaLocation="https://maven.apache.org/surefire/maven-surefire-plugin/xsd/surefire-test-report.xsd" name="org.apache.hadoop.ozone.client.rpc.TestWatchForCommit" time="243.171" tests="5" errors="1" skipped="0" failures="0">
  <properties>
    <property name="awt.toolkit" value="sun.awt.X11.XToolkit"/>
    <property name="file.encoding.pkg" value="sun.io"/>
    <property name="java.specification.version" value="1.8"/>
    <property name="sun.cpu.isalist" value=""/>
    <property name="sun.jnu.encoding" value="UTF-8"/>
    <property name="java.class.path" value="/workdir/hadoop-ozone/integration-test/target/test-classes:/workdir/hadoop-ozone/integration-test/target/classes:/home/user/.m2/repository/org/apache/hadoop/hadoop-ozone-common/0.5.0-SNAPSHOT/hadoop-ozone-common-0.5.0-SNAPSHOT.jar:/home/user/.m2/repository/org/apache/commons/commons-compress/1.4.1/commons-compress-1.4.1.jar:/home/user/.m2/repository/org/tukaani/xz/1.0/xz-1.0.jar:/home/user/.m2/repository/org/apache/hadoop/hadoop-common/3.2.0/hadoop-common-3.2.0.jar:/home/user/.m2/repository/org/apache/hadoop/hadoop-hdfs/3.2.0/hadoop-hdfs-3.2.0.jar:/home/user/.m2/repository/org/apache/hadoop/hadoop-hdfs-client/3.2.0/hadoop-hdfs-client-3.2.0.jar:/home/user/.m2/repository/com/fasterxml/jackson/core/jackson-annotations/2.9.9/jackson-annotations-2.9.9.jar:/home/user/.m2/repository/org/apache/hadoop/hadoop-hdds-common/0.5.0-SNAPSHOT/hadoop-hdds-common-0.5.0-SNAPSHOT.jar:/home/user/.m2/repository/javax/annotation/javax.annotation-api/1.2/javax.annotation-api-1.2.jar:/home/user/.m2/repository/org/apache/ratis/ratis-server/0.5.0-201fc85-SNAPSHOT/ratis-server-0.5.0-201fc85-SNAPSHOT.jar:/home/user/.m2/repository/org/apache/ratis/ratis-thirdparty-misc/0.2.0/ratis-thirdparty-misc-0.2.0.jar:/home/user/.m2/repository/org/apache/ratis/ratis-proto/0.5.0-201fc85-SNAPSHOT/ratis-proto-0.5.0-201fc85-SNAPSHOT.jar:/home/user/.m2/repository/org/apache/ratis/ratis-common/0.5.0-201fc85-SNAPSHOT/ratis-common-0.5.0-201fc85-SNAPSHOT.jar:/home/user/.m2/repository/org/apache/ratis/ratis-client/0.5.0-201fc85-SNAPSHOT/ratis-client-0.5.0-201fc85-SNAPSHOT.jar:/home/user/.m2/repository/org/apache/ratis/ratis-metrics/0.5.0-201fc85-SNAPSHOT/ratis-metrics-0.5.0-201fc85-SNAPSHOT.jar:/home/user/.m2/repository/com/github/joshelser/dropwizard-metrics-hadoop-metrics2-reporter/0.1.2/dropwizard-metrics-hadoop-metrics2-reporter-0.1.2.jar:/home/user/.m2/repository/io/dropwizard/metrics/metrics-jvm/3.2.5/metrics-jvm-3.2.5.jar:/home/user/.m2/repository/io/dropwizard/metrics/metrics-ganglia/3.2.5/metrics-ganglia-3.2.5.jar:/home/user/.m2/repository/info/ganglia/gmetric4j/gmetric4j/1.0.7/gmetric4j-1.0.7.jar:/home/user/.m2/repository/org/apache/ratis/ratis-netty/0.5.0-201fc85-SNAPSHOT/ratis-netty-0.5.0-201fc85-SNAPSHOT.jar:/home/user/.m2/repository/org/apache/ratis/ratis-grpc/0.5.0-201fc85-SNAPSHOT/ratis-grpc-0.5.0-201fc85-SNAPSHOT.jar:/home/user/.m2/repository/org/rocksdb/rocksdbjni/6.0.1/rocksdbjni-6.0.1.jar:/home/user/.m2/repository/org/apache/logging/log4j/log4j-api/2.11.0/log4j-api-2.11.0.jar:/home/user/.m2/repository/org/apache/logging/log4j/log4j-core/2.11.0/log4j-core-2.11.0.jar:/home/user/.m2/repository/com/lmax/disruptor/3.4.2/disruptor-3.4.2.jar:/home/user/.m2/repository/org/apache/commons/commons-pool2/2.6.0/commons-pool2-2.6.0.jar:/home/user/.m2/repository/org/bouncycastle/bcpkix-jdk15on/1.60/bcpkix-jdk15on-1.60.jar:/home/user/.m2/repository/commons-validator/commons-validator/1.6/commons-validator-1.6.jar:/home/user/.m2/repository/commons-digester/commons-digester/1.8.1/commons-digester-1.8.1.jar:/home/user/.m2/repository/io/jaegertracing/jaeger-client/0.34.0/jaeger-client-0.34.0.jar:/home/user/.m2/repository/io/jaegertracing/jaeger-thrift/0.34.0/jaeger-thrift-0.34.0.jar:/home/user/.m2/repository/org/apache/thrift/libthrift/0.12.0/libthrift-0.12.0.jar:/home/user/.m2/repository/com/squareup/okhttp3/okhttp/3.9.0/okhttp-3.9.0.jar:/home/user/.m2/repository/com/squareup/okio/okio/1.13.0/okio-1.13.0.jar:/home/user/.m2/repository/io/jaegertracing/jaeger-core/0.34.0/jaeger-core-0.34.0.jar:/home/user/.m2/repository/io/jaegertracing/jaeger-tracerresolver/0.34.0/jaeger-tracerresolver-0.34.0.jar:/home/user/.m2/repository/io/opentracing/contrib/opentracing-tracerresolver/0.1.5/opentracing-tracerresolver-0.1.5.jar:/home/user/.m2/repository/io/opentracing/opentracing-util/0.31.0/opentracing-util-0.31.0.jar:/home/user/.m2/repository/io/opentracing/opentracing-api/0.31.0/opentracing-api-0.31.0.jar:/home/user/.m2/repository/io/opentracing/opentracing-noop/0.31.0/opentracing-noop-0.31.0.jar:/home/user/.m2/repository/org/apache/hadoop/hadoop-hdds-server-framework/0.5.0-SNAPSHOT/hadoop-hdds-server-framework-0.5.0-SNAPSHOT.jar:/home/user/.m2/repository/org/apache/hadoop/hadoop-hdds-container-service/0.5.0-SNAPSHOT/hadoop-hdds-container-service-0.5.0-SNAPSHOT.jar:/home/user/.m2/repository/org/apache/hadoop/hadoop-hdds-client/0.5.0-SNAPSHOT/hadoop-hdds-client-0.5.0-SNAPSHOT.jar:/home/user/.m2/repository/org/apache/hadoop/hadoop-hdds-tools/0.5.0-SNAPSHOT/hadoop-hdds-tools-0.5.0-SNAPSHOT.jar:/home/user/.m2/repository/org/apache/hadoop/hadoop-hdds-server-scm/0.5.0-SNAPSHOT/hadoop-hdds-server-scm-0.5.0-SNAPSHOT.jar:/home/user/.m2/repository/org/apache/hadoop/hadoop-hdds-docs/0.5.0-SNAPSHOT/hadoop-hdds-docs-0.5.0-SNAPSHOT.jar:/home/user/.m2/repository/io/dropwizard/metrics/metrics-core/3.2.4/metrics-core-3.2.4.jar:/home/user/.m2/repository/org/hamcrest/hamcrest-all/1.3/hamcrest-all-1.3.jar:/home/user/.m2/repository/org/bouncycastle/bcprov-jdk15on/1.60/bcprov-jdk15on-1.60.jar:/home/user/.m2/repository/info/picocli/picocli/3.9.6/picocli-3.9.6.jar:/home/user/.m2/repository/com/google/protobuf/protobuf-java/2.5.0/protobuf-java-2.5.0.jar:/home/user/.m2/repository/com/google/guava/guava/11.0.2/guava-11.0.2.jar:/home/user/.m2/repository/org/apache/hadoop/hadoop-ozone-ozone-manager/0.5.0-SNAPSHOT/hadoop-ozone-ozone-manager-0.5.0-SNAPSHOT.jar:/home/user/.m2/repository/org/apache/hadoop/hadoop-minikdc/3.2.0/hadoop-minikdc-3.2.0.jar:/home/user/.m2/repository/commons-io/commons-io/2.5/commons-io-2.5.jar:/home/user/.m2/repository/org/apache/kerby/kerb-simplekdc/1.0.1/kerb-simplekdc-1.0.1.jar:/home/user/.m2/repository/org/apache/kerby/kerb-client/1.0.1/kerb-client-1.0.1.jar:/home/user/.m2/repository/org/apache/kerby/kerby-config/1.0.1/kerby-config-1.0.1.jar:/home/user/.m2/repository/org/apache/kerby/kerb-core/1.0.1/kerb-core-1.0.1.jar:/home/user/.m2/repository/org/apache/kerby/kerby-pkix/1.0.1/kerby-pkix-1.0.1.jar:/home/user/.m2/repository/org/apache/kerby/kerby-asn1/1.0.1/kerby-asn1-1.0.1.jar:/home/user/.m2/repository/org/apache/kerby/kerby-util/1.0.1/kerby-util-1.0.1.jar:/home/user/.m2/repository/org/apache/kerby/kerb-common/1.0.1/kerb-common-1.0.1.jar:/home/user/.m2/repository/org/apache/kerby/kerb-crypto/1.0.1/kerb-crypto-1.0.1.jar:/home/user/.m2/repository/org/apache/kerby/kerb-util/1.0.1/kerb-util-1.0.1.jar:/home/user/.m2/repository/org/apache/kerby/token-provider/1.0.1/token-provider-1.0.1.jar:/home/user/.m2/repository/org/apache/kerby/kerb-admin/1.0.1/kerb-admin-1.0.1.jar:/home/user/.m2/repository/org/apache/kerby/kerb-server/1.0.1/kerb-server-1.0.1.jar:/home/user/.m2/repository/org/apache/kerby/kerb-identity/1.0.1/kerb-identity-1.0.1.jar:/home/user/.m2/repository/org/apache/kerby/kerby-xdr/1.0.1/kerby-xdr-1.0.1.jar:/home/user/.m2/repository/org/slf4j/slf4j-log4j12/1.7.25/slf4j-log4j12-1.7.25.jar:/home/user/.m2/repository/org/apache/hadoop/hadoop-ozone-s3gateway/0.5.0-SNAPSHOT/hadoop-ozone-s3gateway-0.5.0-SNAPSHOT.jar:/home/user/.m2/repository/org/jboss/weld/servlet/weld-servlet/2.4.7.Final/weld-servlet-2.4.7.Final.jar:/home/user/.m2/repository/org/glassfish/jersey/containers/jersey-container-servlet-core/2.27/jersey-container-servlet-core-2.27.jar:/home/user/.m2/repository/org/glassfish/hk2/external/javax.inject/2.5.0-b42/javax.inject-2.5.0-b42.jar:/home/user/.m2/repository/org/glassfish/jersey/core/jersey-common/2.27/jersey-common-2.27.jar:/home/user/.m2/repository/org/glassfish/hk2/osgi-resource-locator/1.0.1/osgi-resource-locator-1.0.1.jar:/home/user/.m2/repository/javax/ws/rs/javax.ws.rs-api/2.1/javax.ws.rs-api-2.1.jar:/home/user/.m2/repository/org/glassfish/jersey/ext/cdi/jersey-cdi1x/2.27/jersey-cdi1x-2.27.jar:/home/user/.m2/repository/org/glassfish/jersey/inject/jersey-hk2/2.27/jersey-hk2-2.27.jar:/home/user/.m2/repository/org/glassfish/hk2/hk2-locator/2.5.0-b42/hk2-locator-2.5.0-b42.jar:/home/user/.m2/repository/org/javassist/javassist/3.22.0-CR2/javassist-3.22.0-CR2.jar:/home/user/.m2/repository/org/glassfish/hk2/hk2-api/2.5.0/hk2-api-2.5.0.jar:/home/user/.m2/repository/org/glassfish/hk2/external/jakarta.inject/2.5.0/jakarta.inject-2.5.0.jar:/home/user/.m2/repository/org/glassfish/hk2/hk2-utils/2.5.0/hk2-utils-2.5.0.jar:/home/user/.m2/repository/jakarta/annotation/jakarta.annotation-api/1.3.4/jakarta.annotation-api-1.3.4.jar:/home/user/.m2/repository/org/glassfish/hk2/external/aopalliance-repackaged/2.5.0/aopalliance-repackaged-2.5.0.jar:/home/user/.m2/repository/com/fasterxml/jackson/dataformat/jackson-dataformat-xml/2.9.0/jackson-dataformat-xml-2.9.0.jar:/home/user/.m2/repository/com/fasterxml/jackson/core/jackson-core/2.9.9/jackson-core-2.9.9.jar:/home/user/.m2/repository/com/fasterxml/jackson/module/jackson-module-jaxb-annotations/2.9.9/jackson-module-jaxb-annotations-2.9.9.jar:/home/user/.m2/repository/javax/enterprise/cdi-api/1.2/cdi-api-1.2.jar:/home/user/.m2/repository/javax/el/javax.el-api/3.0.0/javax.el-api-3.0.0.jar:/home/user/.m2/repository/javax/interceptor/javax.interceptor-api/1.2/javax.interceptor-api-1.2.jar:/home/user/.m2/repository/javax/inject/javax.inject/1/javax.inject-1.jar:/home/user/.m2/repository/com/sun/xml/bind/jaxb-impl/2.3.0.1/jaxb-impl-2.3.0.1.jar:/home/user/.m2/repository/com/sun/xml/bind/jaxb-core/2.3.0.1/jaxb-core-2.3.0.1.jar:/home/user/.m2/repository/javax/xml/bind/jaxb-api/2.3.0/jaxb-api-2.3.0.jar:/home/user/.m2/repository/javax/activation/activation/1.1.1/activation-1.1.1.jar:/home/user/.m2/repository/org/apache/hadoop/hadoop-ozone-csi/0.5.0-SNAPSHOT/hadoop-ozone-csi-0.5.0-SNAPSHOT.jar:/home/user/.m2/repository/com/google/protobuf/protobuf-java-util/3.5.1/protobuf-java-util-3.5.1.jar:/home/user/.m2/repository/org/apache/hadoop/hadoop-hdds-config/0.5.0-SNAPSHOT/hadoop-hdds-config-0.5.0-SNAPSHOT.jar:/home/user/.m2/repository/io/grpc/grpc-netty/1.17.1/grpc-netty-1.17.1.jar:/home/user/.m2/repository/io/grpc/grpc-core/1.17.1/grpc-core-1.17.1.jar:/home/user/.m2/repository/io/grpc/grpc-context/1.17.1/grpc-context-1.17.1.jar:/home/user/.m2/repository/com/google/errorprone/error_prone_annotations/2.2.0/error_prone_annotations-2.2.0.jar:/home/user/.m2/repository/org/codehaus/mojo/animal-sniffer-annotations/1.17/animal-sniffer-annotations-1.17.jar:/home/user/.m2/repository/io/opencensus/opencensus-api/0.17.0/opencensus-api-0.17.0.jar:/home/user/.m2/repository/io/opencensus/opencensus-contrib-grpc-metrics/0.17.0/opencensus-contrib-grpc-metrics-0.17.0.jar:/home/user/.m2/repository/io/netty/netty-codec-http2/4.1.30.Final/netty-codec-http2-4.1.30.Final.jar:/home/user/.m2/repository/io/netty/netty-codec-http/4.1.30.Final/netty-codec-http-4.1.30.Final.jar:/home/user/.m2/repository/io/netty/netty-codec/4.1.30.Final/netty-codec-4.1.30.Final.jar:/home/user/.m2/repository/io/netty/netty-handler/4.1.30.Final/netty-handler-4.1.30.Final.jar:/home/user/.m2/repository/io/netty/netty-handler-proxy/4.1.30.Final/netty-handler-proxy-4.1.30.Final.jar:/home/user/.m2/repository/io/netty/netty-codec-socks/4.1.30.Final/netty-codec-socks-4.1.30.Final.jar:/home/user/.m2/repository/io/netty/netty-transport-native-epoll/4.1.30.Final/netty-transport-native-epoll-4.1.30.Final.jar:/home/user/.m2/repository/io/netty/netty-common/4.1.30.Final/netty-common-4.1.30.Final.jar:/home/user/.m2/repository/io/netty/netty-buffer/4.1.30.Final/netty-buffer-4.1.30.Final.jar:/home/user/.m2/repository/io/netty/netty-transport/4.1.30.Final/netty-transport-4.1.30.Final.jar:/home/user/.m2/repository/io/netty/netty-resolver/4.1.30.Final/netty-resolver-4.1.30.Final.jar:/home/user/.m2/repository/io/netty/netty-transport-native-unix-common/4.1.30.Final/netty-transport-native-unix-common-4.1.30.Final.jar:/home/user/.m2/repository/io/grpc/grpc-protobuf/1.17.1/grpc-protobuf-1.17.1.jar:/home/user/.m2/repository/com/google/api/grpc/proto-google-common-protos/1.0.0/proto-google-common-protos-1.0.0.jar:/home/user/.m2/repository/io/grpc/grpc-protobuf-lite/1.17.1/grpc-protobuf-lite-1.17.1.jar:/home/user/.m2/repository/io/grpc/grpc-stub/1.17.1/grpc-stub-1.17.1.jar:/home/user/.m2/repository/org/apache/hadoop/hadoop-ozone-recon/0.5.0-SNAPSHOT/hadoop-ozone-recon-0.5.0-SNAPSHOT.jar:/home/user/.m2/repository/org/apache/hadoop/hadoop-ozone-reconcodegen/0.5.0-SNAPSHOT/hadoop-ozone-reconcodegen-0.5.0-SNAPSHOT.jar:/home/user/.m2/repository/com/google/inject/extensions/guice-multibindings/4.0/guice-multibindings-4.0.jar:/home/user/.m2/repository/com/google/inject/guice/4.0/guice-4.0.jar:/home/user/.m2/repository/aopalliance/aopalliance/1.0/aopalliance-1.0.jar:/home/user/.m2/repository/com/google/inject/extensions/guice-servlet/4.0/guice-servlet-4.0.jar:/home/user/.m2/repository/org/glassfish/jersey/containers/jersey-container-servlet/2.27/jersey-container-servlet-2.27.jar:/home/user/.m2/repository/org/glassfish/hk2/guice-bridge/2.5.0/guice-bridge-2.5.0.jar:/home/user/.m2/repository/org/glassfish/jersey/core/jersey-server/2.27/jersey-server-2.27.jar:/home/user/.m2/repository/org/glassfish/jersey/core/jersey-client/2.27/jersey-client-2.27.jar:/home/user/.m2/repository/org/glassfish/jersey/media/jersey-media-jaxb/2.27/jersey-media-jaxb-2.27.jar:/home/user/.m2/repository/javax/validation/validation-api/1.1.0.Final/validation-api-1.1.0.Final.jar:/home/user/.m2/repository/org/glassfish/jersey/media/jersey-media-json-jackson/2.27/jersey-media-json-jackson-2.27.jar:/home/user/.m2/repository/org/glassfish/jersey/ext/jersey-entity-filtering/2.27/jersey-entity-filtering-2.27.jar:/home/user/.m2/repository/com/google/inject/extensions/guice-assistedinject/4.0/guice-assistedinject-4.0.jar:/home/user/.m2/repository/org/jooq/jooq/3.11.10/jooq-3.11.10.jar:/home/user/.m2/repository/org/jooq/jooq-meta/3.11.10/jooq-meta-3.11.10.jar:/home/user/.m2/repository/org/jooq/jooq-codegen/3.11.10/jooq-codegen-3.11.10.jar:/home/user/.m2/repository/com/jolbox/bonecp/0.8.0.RELEASE/bonecp-0.8.0.RELEASE.jar:/home/user/.m2/repository/org/xerial/sqlite-jdbc/3.25.2/sqlite-jdbc-3.25.2.jar:/home/user/.m2/repository/org/springframework/spring-jdbc/5.1.3.RELEASE/spring-jdbc-5.1.3.RELEASE.jar:/home/user/.m2/repository/org/springframework/spring-beans/5.1.3.RELEASE/spring-beans-5.1.3.RELEASE.jar:/home/user/.m2/repository/org/springframework/spring-core/5.1.3.RELEASE/spring-core-5.1.3.RELEASE.jar:/home/user/.m2/repository/org/springframework/spring-jcl/5.1.3.RELEASE/spring-jcl-5.1.3.RELEASE.jar:/home/user/.m2/repository/org/springframework/spring-tx/5.1.3.RELEASE/spring-tx-5.1.3.RELEASE.jar:/home/user/.m2/repository/org/apache/hadoop/hadoop-ozone-client/0.5.0-SNAPSHOT/hadoop-ozone-client-0.5.0-SNAPSHOT.jar:/home/user/.m2/repository/commons-lang/commons-lang/2.6/commons-lang-2.6.jar:/home/user/.m2/repository/org/apache/hadoop/hadoop-ozone-ozone-manager/0.5.0-SNAPSHOT/hadoop-ozone-ozone-manager-0.5.0-SNAPSHOT-tests.jar:/home/user/.m2/repository/junit/junit/4.11/junit-4.11.jar:/home/user/.m2/repository/org/hamcrest/hamcrest-core/1.3/hamcrest-core-1.3.jar:/home/user/.m2/repository/org/openjdk/jmh/jmh-core/1.19/jmh-core-1.19.jar:/home/user/.m2/repository/net/sf/jopt-simple/jopt-simple/4.6/jopt-simple-4.6.jar:/home/user/.m2/repository/org/apache/commons/commons-math3/3.1.1/commons-math3-3.1.1.jar:/home/user/.m2/repository/org/openjdk/jmh/jmh-generator-annprocess/1.19/jmh-generator-annprocess-1.19.jar:/home/user/.m2/repository/org/mockito/mockito-all/1.8.5/mockito-all-1.8.5.jar:/home/user/.m2/repository/org/apache/hadoop/hadoop-kms/3.2.0/hadoop-kms-3.2.0.jar:/home/user/.m2/repository/org/apache/hadoop/hadoop-auth/3.2.0/hadoop-auth-3.2.0.jar:/home/user/.m2/repository/com/nimbusds/nimbus-jose-jwt/4.41.1/nimbus-jose-jwt-4.41.1.jar:/home/user/.m2/repository/com/github/stephenc/jcip/jcip-annotations/1.0-1/jcip-annotations-1.0-1.jar:/home/user/.m2/repository/net/minidev/json-smart/2.3/json-smart-2.3.jar:/home/user/.m2/repository/net/minidev/accessors-smart/1.2/accessors-smart-1.2.jar:/home/user/.m2/repository/org/ow2/asm/asm/5.0.4/asm-5.0.4.jar:/home/user/.m2/repository/org/apache/curator/curator-framework/2.12.0/curator-framework-2.12.0.jar:/home/user/.m2/repository/com/sun/jersey/jersey-core/1.19/jersey-core-1.19.jar:/home/user/.m2/repository/javax/ws/rs/jsr311-api/1.1.1/jsr311-api-1.1.1.jar:/home/user/.m2/repository/com/sun/jersey/jersey-server/1.19/jersey-server-1.19.jar:/home/user/.m2/repository/javax/servlet/javax.servlet-api/3.1.0/javax.servlet-api-3.1.0.jar:/home/user/.m2/repository/org/eclipse/jetty/jetty-server/9.3.25.v20180904/jetty-server-9.3.25.v20180904.jar:/home/user/.m2/repository/org/eclipse/jetty/jetty-http/9.3.25.v20180904/jetty-http-9.3.25.v20180904.jar:/home/user/.m2/repository/org/eclipse/jetty/jetty-io/9.3.25.v20180904/jetty-io-9.3.25.v20180904.jar:/home/user/.m2/repository/org/eclipse/jetty/jetty-webapp/9.3.25.v20180904/jetty-webapp-9.3.25.v20180904.jar:/home/user/.m2/repository/org/eclipse/jetty/jetty-xml/9.3.25.v20180904/jetty-xml-9.3.25.v20180904.jar:/home/user/.m2/repository/log4j/log4j/1.2.17/log4j-1.2.17.jar:/home/user/.m2/repository/org/slf4j/slf4j-api/1.7.25/slf4j-api-1.7.25.jar:/home/user/.m2/repository/org/slf4j/jul-to-slf4j/1.7.25/jul-to-slf4j-1.7.25.jar:/home/user/.m2/repository/org/eclipse/jetty/jetty-util/9.3.25.v20180904/jetty-util-9.3.25.v20180904.jar:/home/user/.m2/repository/com/fasterxml/jackson/core/jackson-databind/2.9.9/jackson-databind-2.9.9.jar:/home/user/.m2/repository/org/apache/hadoop/hadoop-kms/3.2.0/hadoop-kms-3.2.0-tests.jar:/home/user/.m2/repository/org/apache/hadoop/hadoop-hdds-server-scm/0.5.0-SNAPSHOT/hadoop-hdds-server-scm-0.5.0-SNAPSHOT-tests.jar:/home/user/.m2/repository/org/apache/hadoop/hadoop-hdds-container-service/0.5.0-SNAPSHOT/hadoop-hdds-container-service-0.5.0-SNAPSHOT-tests.jar:/home/user/.m2/repository/org/yaml/snakeyaml/1.16/snakeyaml-1.16.jar:/home/user/.m2/repository/org/apache/hadoop/hadoop-common/3.2.0/hadoop-common-3.2.0-tests.jar:/home/user/.m2/repository/org/apache/hadoop/hadoop-annotations/3.2.0/hadoop-annotations-3.2.0.jar:/usr/lib/jvm/java-1.8-openjdk/jre/../lib/tools.jar:/home/user/.m2/repository/commons-cli/commons-cli/1.2/commons-cli-1.2.jar:/home/user/.m2/repository/org/apache/httpcomponents/httpclient/4.5.2/httpclient-4.5.2.jar:/home/user/.m2/repository/org/apache/httpcomponents/httpcore/4.4.4/httpcore-4.4.4.jar:/home/user/.m2/repository/commons-codec/commons-codec/1.11/commons-codec-1.11.jar:/home/user/.m2/repository/commons-net/commons-net/3.6/commons-net-3.6.jar:/home/user/.m2/repository/commons-collections/commons-collections/3.2.2/commons-collections-3.2.2.jar:/home/user/.m2/repository/org/eclipse/jetty/jetty-servlet/9.3.25.v20180904/jetty-servlet-9.3.25.v20180904.jar:/home/user/.m2/repository/org/eclipse/jetty/jetty-security/9.3.25.v20180904/jetty-security-9.3.25.v20180904.jar:/home/user/.m2/repository/javax/servlet/jsp/jsp-api/2.1/jsp-api-2.1.jar:/home/user/.m2/repository/com/sun/jersey/jersey-servlet/1.19/jersey-servlet-1.19.jar:/home/user/.m2/repository/com/sun/jersey/jersey-json/1.19/jersey-json-1.19.jar:/home/user/.m2/repository/org/codehaus/jettison/jettison/1.1/jettison-1.1.jar:/home/user/.m2/repository/org/codehaus/jackson/jackson-core-asl/1.9.13/jackson-core-asl-1.9.13.jar:/home/user/.m2/repository/org/codehaus/jackson/jackson-mapper-asl/1.9.13/jackson-mapper-asl-1.9.13.jar:/home/user/.m2/repository/org/codehaus/jackson/jackson-jaxrs/1.9.13/jackson-jaxrs-1.9.13.jar:/home/user/.m2/repository/org/codehaus/jackson/jackson-xc/1.9.13/jackson-xc-1.9.13.jar:/home/user/.m2/repository/commons-logging/commons-logging/1.1.3/commons-logging-1.1.3.jar:/home/user/.m2/repository/commons-beanutils/commons-beanutils/1.9.4/commons-beanutils-1.9.4.jar:/home/user/.m2/repository/org/apache/commons/commons-configuration2/2.1.1/commons-configuration2-2.1.1.jar:/home/user/.m2/repository/org/apache/commons/commons-lang3/3.7/commons-lang3-3.7.jar:/home/user/.m2/repository/org/apache/commons/commons-text/1.4/commons-text-1.4.jar:/home/user/.m2/repository/org/apache/avro/avro/1.7.7/avro-1.7.7.jar:/home/user/.m2/repository/com/thoughtworks/paranamer/paranamer/2.3/paranamer-2.3.jar:/home/user/.m2/repository/org/xerial/snappy/snappy-java/1.0.5/snappy-java-1.0.5.jar:/home/user/.m2/repository/com/google/re2j/re2j/1.1/re2j-1.1.jar:/home/user/.m2/repository/com/google/code/gson/gson/2.2.4/gson-2.2.4.jar:/home/user/.m2/repository/com/jcraft/jsch/0.1.54/jsch-0.1.54.jar:/home/user/.m2/repository/org/apache/curator/curator-client/2.12.0/curator-client-2.12.0.jar:/home/user/.m2/repository/org/apache/curator/curator-recipes/2.12.0/curator-recipes-2.12.0.jar:/home/user/.m2/repository/com/google/code/findbugs/jsr305/3.0.0/jsr305-3.0.0.jar:/home/user/.m2/repository/org/apache/htrace/htrace-core4/4.1.0-incubating/htrace-core4-4.1.0-incubating.jar:/home/user/.m2/repository/org/apache/zookeeper/zookeeper/3.4.13/zookeeper-3.4.13.jar:/home/user/.m2/repository/jline/jline/0.9.94/jline-0.9.94.jar:/home/user/.m2/repository/org/apache/yetus/audience-annotations/0.5.0/audience-annotations-0.5.0.jar:/home/user/.m2/repository/org/codehaus/woodstox/stax2-api/3.1.4/stax2-api-3.1.4.jar:/home/user/.m2/repository/com/fasterxml/woodstox/woodstox-core/5.0.3/woodstox-core-5.0.3.jar:/home/user/.m2/repository/dnsjava/dnsjava/2.1.7/dnsjava-2.1.7.jar:/home/user/.m2/repository/org/apache/hadoop/hadoop-hdfs/3.2.0/hadoop-hdfs-3.2.0-tests.jar:/home/user/.m2/repository/org/eclipse/jetty/jetty-util-ajax/9.3.25.v20180904/jetty-util-ajax-9.3.25.v20180904.jar:/home/user/.m2/repository/commons-daemon/commons-daemon/1.0.13/commons-daemon-1.0.13.jar:/home/user/.m2/repository/io/netty/netty/3.10.5.Final/netty-3.10.5.Final.jar:/home/user/.m2/repository/io/netty/netty-all/4.0.52.Final/netty-all-4.0.52.Final.jar:/home/user/.m2/repository/org/fusesource/leveldbjni/leveldbjni-all/1.8/leveldbjni-all-1.8.jar:"/>
    <property name="java.vm.vendor" value="IcedTea"/>
    <property name="sun.arch.data.model" value="64"/>
    <property name="test.build.dir" value="/workdir/hadoop-ozone/integration-test/target/test-dir"/>
    <property name="test.cache.data" value=""/>
    <property name="java.vendor.url" value="https://icedtea.classpath.org"/>
    <property name="user.timezone" value=""/>
    <property name="java.vm.specification.version" value="1.8"/>
    <property name="os.name" value="Linux"/>
    <property name="test.build.data" value="/workdir/hadoop-ozone/integration-test/target/test-dir"/>
    <property name="user.country" value="US"/>
    <property name="sun.java.launcher" value="SUN_STANDARD"/>
    <property name="sun.boot.library.path" value="/usr/lib/jvm/java-1.8-openjdk/jre/lib/amd64"/>
    <property name="sun.java.command" value="/workdir/hadoop-ozone/integration-test/target/surefire/surefirebooter2941861630034696506.jar /workdir/hadoop-ozone/integration-test/target/surefire 2019-10-05T02-38-29_542-jvmRun1 surefire521598586205755562tmp surefire_622452302838214018827tmp"/>
    <property name="test" value="!TestMiniChaosOzoneCluster"/>
    <property name="surefire.test.class.path" value="/workdir/hadoop-ozone/integration-test/target/test-classes:/workdir/hadoop-ozone/integration-test/target/classes:/home/user/.m2/repository/org/apache/hadoop/hadoop-ozone-common/0.5.0-SNAPSHOT/hadoop-ozone-common-0.5.0-SNAPSHOT.jar:/home/user/.m2/repository/org/apache/commons/commons-compress/1.4.1/commons-compress-1.4.1.jar:/home/user/.m2/repository/org/tukaani/xz/1.0/xz-1.0.jar:/home/user/.m2/repository/org/apache/hadoop/hadoop-common/3.2.0/hadoop-common-3.2.0.jar:/home/user/.m2/repository/org/apache/hadoop/hadoop-hdfs/3.2.0/hadoop-hdfs-3.2.0.jar:/home/user/.m2/repository/org/apache/hadoop/hadoop-hdfs-client/3.2.0/hadoop-hdfs-client-3.2.0.jar:/home/user/.m2/repository/com/fasterxml/jackson/core/jackson-annotations/2.9.9/jackson-annotations-2.9.9.jar:/home/user/.m2/repository/org/apache/hadoop/hadoop-hdds-common/0.5.0-SNAPSHOT/hadoop-hdds-common-0.5.0-SNAPSHOT.jar:/home/user/.m2/repository/javax/annotation/javax.annotation-api/1.2/javax.annotation-api-1.2.jar:/home/user/.m2/repository/org/apache/ratis/ratis-server/0.5.0-201fc85-SNAPSHOT/ratis-server-0.5.0-201fc85-SNAPSHOT.jar:/home/user/.m2/repository/org/apache/ratis/ratis-thirdparty-misc/0.2.0/ratis-thirdparty-misc-0.2.0.jar:/home/user/.m2/repository/org/apache/ratis/ratis-proto/0.5.0-201fc85-SNAPSHOT/ratis-proto-0.5.0-201fc85-SNAPSHOT.jar:/home/user/.m2/repository/org/apache/ratis/ratis-common/0.5.0-201fc85-SNAPSHOT/ratis-common-0.5.0-201fc85-SNAPSHOT.jar:/home/user/.m2/repository/org/apache/ratis/ratis-client/0.5.0-201fc85-SNAPSHOT/ratis-client-0.5.0-201fc85-SNAPSHOT.jar:/home/user/.m2/repository/org/apache/ratis/ratis-metrics/0.5.0-201fc85-SNAPSHOT/ratis-metrics-0.5.0-201fc85-SNAPSHOT.jar:/home/user/.m2/repository/com/github/joshelser/dropwizard-metrics-hadoop-metrics2-reporter/0.1.2/dropwizard-metrics-hadoop-metrics2-reporter-0.1.2.jar:/home/user/.m2/repository/io/dropwizard/metrics/metrics-jvm/3.2.5/metrics-jvm-3.2.5.jar:/home/user/.m2/repository/io/dropwizard/metrics/metrics-ganglia/3.2.5/metrics-ganglia-3.2.5.jar:/home/user/.m2/repository/info/ganglia/gmetric4j/gmetric4j/1.0.7/gmetric4j-1.0.7.jar:/home/user/.m2/repository/org/apache/ratis/ratis-netty/0.5.0-201fc85-SNAPSHOT/ratis-netty-0.5.0-201fc85-SNAPSHOT.jar:/home/user/.m2/repository/org/apache/ratis/ratis-grpc/0.5.0-201fc85-SNAPSHOT/ratis-grpc-0.5.0-201fc85-SNAPSHOT.jar:/home/user/.m2/repository/org/rocksdb/rocksdbjni/6.0.1/rocksdbjni-6.0.1.jar:/home/user/.m2/repository/org/apache/logging/log4j/log4j-api/2.11.0/log4j-api-2.11.0.jar:/home/user/.m2/repository/org/apache/logging/log4j/log4j-core/2.11.0/log4j-core-2.11.0.jar:/home/user/.m2/repository/com/lmax/disruptor/3.4.2/disruptor-3.4.2.jar:/home/user/.m2/repository/org/apache/commons/commons-pool2/2.6.0/commons-pool2-2.6.0.jar:/home/user/.m2/repository/org/bouncycastle/bcpkix-jdk15on/1.60/bcpkix-jdk15on-1.60.jar:/home/user/.m2/repository/commons-validator/commons-validator/1.6/commons-validator-1.6.jar:/home/user/.m2/repository/commons-digester/commons-digester/1.8.1/commons-digester-1.8.1.jar:/home/user/.m2/repository/io/jaegertracing/jaeger-client/0.34.0/jaeger-client-0.34.0.jar:/home/user/.m2/repository/io/jaegertracing/jaeger-thrift/0.34.0/jaeger-thrift-0.34.0.jar:/home/user/.m2/repository/org/apache/thrift/libthrift/0.12.0/libthrift-0.12.0.jar:/home/user/.m2/repository/com/squareup/okhttp3/okhttp/3.9.0/okhttp-3.9.0.jar:/home/user/.m2/repository/com/squareup/okio/okio/1.13.0/okio-1.13.0.jar:/home/user/.m2/repository/io/jaegertracing/jaeger-core/0.34.0/jaeger-core-0.34.0.jar:/home/user/.m2/repository/io/jaegertracing/jaeger-tracerresolver/0.34.0/jaeger-tracerresolver-0.34.0.jar:/home/user/.m2/repository/io/opentracing/contrib/opentracing-tracerresolver/0.1.5/opentracing-tracerresolver-0.1.5.jar:/home/user/.m2/repository/io/opentracing/opentracing-util/0.31.0/opentracing-util-0.31.0.jar:/home/user/.m2/repository/io/opentracing/opentracing-api/0.31.0/opentracing-api-0.31.0.jar:/home/user/.m2/repository/io/opentracing/opentracing-noop/0.31.0/opentracing-noop-0.31.0.jar:/home/user/.m2/repository/org/apache/hadoop/hadoop-hdds-server-framework/0.5.0-SNAPSHOT/hadoop-hdds-server-framework-0.5.0-SNAPSHOT.jar:/home/user/.m2/repository/org/apache/hadoop/hadoop-hdds-container-service/0.5.0-SNAPSHOT/hadoop-hdds-container-service-0.5.0-SNAPSHOT.jar:/home/user/.m2/repository/org/apache/hadoop/hadoop-hdds-client/0.5.0-SNAPSHOT/hadoop-hdds-client-0.5.0-SNAPSHOT.jar:/home/user/.m2/repository/org/apache/hadoop/hadoop-hdds-tools/0.5.0-SNAPSHOT/hadoop-hdds-tools-0.5.0-SNAPSHOT.jar:/home/user/.m2/repository/org/apache/hadoop/hadoop-hdds-server-scm/0.5.0-SNAPSHOT/hadoop-hdds-server-scm-0.5.0-SNAPSHOT.jar:/home/user/.m2/repository/org/apache/hadoop/hadoop-hdds-docs/0.5.0-SNAPSHOT/hadoop-hdds-docs-0.5.0-SNAPSHOT.jar:/home/user/.m2/repository/io/dropwizard/metrics/metrics-core/3.2.4/metrics-core-3.2.4.jar:/home/user/.m2/repository/org/hamcrest/hamcrest-all/1.3/hamcrest-all-1.3.jar:/home/user/.m2/repository/org/bouncycastle/bcprov-jdk15on/1.60/bcprov-jdk15on-1.60.jar:/home/user/.m2/repository/info/picocli/picocli/3.9.6/picocli-3.9.6.jar:/home/user/.m2/repository/com/google/protobuf/protobuf-java/2.5.0/protobuf-java-2.5.0.jar:/home/user/.m2/repository/com/google/guava/guava/11.0.2/guava-11.0.2.jar:/home/user/.m2/repository/org/apache/hadoop/hadoop-ozone-ozone-manager/0.5.0-SNAPSHOT/hadoop-ozone-ozone-manager-0.5.0-SNAPSHOT.jar:/home/user/.m2/repository/org/apache/hadoop/hadoop-minikdc/3.2.0/hadoop-minikdc-3.2.0.jar:/home/user/.m2/repository/commons-io/commons-io/2.5/commons-io-2.5.jar:/home/user/.m2/repository/org/apache/kerby/kerb-simplekdc/1.0.1/kerb-simplekdc-1.0.1.jar:/home/user/.m2/repository/org/apache/kerby/kerb-client/1.0.1/kerb-client-1.0.1.jar:/home/user/.m2/repository/org/apache/kerby/kerby-config/1.0.1/kerby-config-1.0.1.jar:/home/user/.m2/repository/org/apache/kerby/kerb-core/1.0.1/kerb-core-1.0.1.jar:/home/user/.m2/repository/org/apache/kerby/kerby-pkix/1.0.1/kerby-pkix-1.0.1.jar:/home/user/.m2/repository/org/apache/kerby/kerby-asn1/1.0.1/kerby-asn1-1.0.1.jar:/home/user/.m2/repository/org/apache/kerby/kerby-util/1.0.1/kerby-util-1.0.1.jar:/home/user/.m2/repository/org/apache/kerby/kerb-common/1.0.1/kerb-common-1.0.1.jar:/home/user/.m2/repository/org/apache/kerby/kerb-crypto/1.0.1/kerb-crypto-1.0.1.jar:/home/user/.m2/repository/org/apache/kerby/kerb-util/1.0.1/kerb-util-1.0.1.jar:/home/user/.m2/repository/org/apache/kerby/token-provider/1.0.1/token-provider-1.0.1.jar:/home/user/.m2/repository/org/apache/kerby/kerb-admin/1.0.1/kerb-admin-1.0.1.jar:/home/user/.m2/repository/org/apache/kerby/kerb-server/1.0.1/kerb-server-1.0.1.jar:/home/user/.m2/repository/org/apache/kerby/kerb-identity/1.0.1/kerb-identity-1.0.1.jar:/home/user/.m2/repository/org/apache/kerby/kerby-xdr/1.0.1/kerby-xdr-1.0.1.jar:/home/user/.m2/repository/org/slf4j/slf4j-log4j12/1.7.25/slf4j-log4j12-1.7.25.jar:/home/user/.m2/repository/org/apache/hadoop/hadoop-ozone-s3gateway/0.5.0-SNAPSHOT/hadoop-ozone-s3gateway-0.5.0-SNAPSHOT.jar:/home/user/.m2/repository/org/jboss/weld/servlet/weld-servlet/2.4.7.Final/weld-servlet-2.4.7.Final.jar:/home/user/.m2/repository/org/glassfish/jersey/containers/jersey-container-servlet-core/2.27/jersey-container-servlet-core-2.27.jar:/home/user/.m2/repository/org/glassfish/hk2/external/javax.inject/2.5.0-b42/javax.inject-2.5.0-b42.jar:/home/user/.m2/repository/org/glassfish/jersey/core/jersey-common/2.27/jersey-common-2.27.jar:/home/user/.m2/repository/org/glassfish/hk2/osgi-resource-locator/1.0.1/osgi-resource-locator-1.0.1.jar:/home/user/.m2/repository/javax/ws/rs/javax.ws.rs-api/2.1/javax.ws.rs-api-2.1.jar:/home/user/.m2/repository/org/glassfish/jersey/ext/cdi/jersey-cdi1x/2.27/jersey-cdi1x-2.27.jar:/home/user/.m2/repository/org/glassfish/jersey/inject/jersey-hk2/2.27/jersey-hk2-2.27.jar:/home/user/.m2/repository/org/glassfish/hk2/hk2-locator/2.5.0-b42/hk2-locator-2.5.0-b42.jar:/home/user/.m2/repository/org/javassist/javassist/3.22.0-CR2/javassist-3.22.0-CR2.jar:/home/user/.m2/repository/org/glassfish/hk2/hk2-api/2.5.0/hk2-api-2.5.0.jar:/home/user/.m2/repository/org/glassfish/hk2/external/jakarta.inject/2.5.0/jakarta.inject-2.5.0.jar:/home/user/.m2/repository/org/glassfish/hk2/hk2-utils/2.5.0/hk2-utils-2.5.0.jar:/home/user/.m2/repository/jakarta/annotation/jakarta.annotation-api/1.3.4/jakarta.annotation-api-1.3.4.jar:/home/user/.m2/repository/org/glassfish/hk2/external/aopalliance-repackaged/2.5.0/aopalliance-repackaged-2.5.0.jar:/home/user/.m2/repository/com/fasterxml/jackson/dataformat/jackson-dataformat-xml/2.9.0/jackson-dataformat-xml-2.9.0.jar:/home/user/.m2/repository/com/fasterxml/jackson/core/jackson-core/2.9.9/jackson-core-2.9.9.jar:/home/user/.m2/repository/com/fasterxml/jackson/module/jackson-module-jaxb-annotations/2.9.9/jackson-module-jaxb-annotations-2.9.9.jar:/home/user/.m2/repository/javax/enterprise/cdi-api/1.2/cdi-api-1.2.jar:/home/user/.m2/repository/javax/el/javax.el-api/3.0.0/javax.el-api-3.0.0.jar:/home/user/.m2/repository/javax/interceptor/javax.interceptor-api/1.2/javax.interceptor-api-1.2.jar:/home/user/.m2/repository/javax/inject/javax.inject/1/javax.inject-1.jar:/home/user/.m2/repository/com/sun/xml/bind/jaxb-impl/2.3.0.1/jaxb-impl-2.3.0.1.jar:/home/user/.m2/repository/com/sun/xml/bind/jaxb-core/2.3.0.1/jaxb-core-2.3.0.1.jar:/home/user/.m2/repository/javax/xml/bind/jaxb-api/2.3.0/jaxb-api-2.3.0.jar:/home/user/.m2/repository/javax/activation/activation/1.1.1/activation-1.1.1.jar:/home/user/.m2/repository/org/apache/hadoop/hadoop-ozone-csi/0.5.0-SNAPSHOT/hadoop-ozone-csi-0.5.0-SNAPSHOT.jar:/home/user/.m2/repository/com/google/protobuf/protobuf-java-util/3.5.1/protobuf-java-util-3.5.1.jar:/home/user/.m2/repository/org/apache/hadoop/hadoop-hdds-config/0.5.0-SNAPSHOT/hadoop-hdds-config-0.5.0-SNAPSHOT.jar:/home/user/.m2/repository/io/grpc/grpc-netty/1.17.1/grpc-netty-1.17.1.jar:/home/user/.m2/repository/io/grpc/grpc-core/1.17.1/grpc-core-1.17.1.jar:/home/user/.m2/repository/io/grpc/grpc-context/1.17.1/grpc-context-1.17.1.jar:/home/user/.m2/repository/com/google/errorprone/error_prone_annotations/2.2.0/error_prone_annotations-2.2.0.jar:/home/user/.m2/repository/org/codehaus/mojo/animal-sniffer-annotations/1.17/animal-sniffer-annotations-1.17.jar:/home/user/.m2/repository/io/opencensus/opencensus-api/0.17.0/opencensus-api-0.17.0.jar:/home/user/.m2/repository/io/opencensus/opencensus-contrib-grpc-metrics/0.17.0/opencensus-contrib-grpc-metrics-0.17.0.jar:/home/user/.m2/repository/io/netty/netty-codec-http2/4.1.30.Final/netty-codec-http2-4.1.30.Final.jar:/home/user/.m2/repository/io/netty/netty-codec-http/4.1.30.Final/netty-codec-http-4.1.30.Final.jar:/home/user/.m2/repository/io/netty/netty-codec/4.1.30.Final/netty-codec-4.1.30.Final.jar:/home/user/.m2/repository/io/netty/netty-handler/4.1.30.Final/netty-handler-4.1.30.Final.jar:/home/user/.m2/repository/io/netty/netty-handler-proxy/4.1.30.Final/netty-handler-proxy-4.1.30.Final.jar:/home/user/.m2/repository/io/netty/netty-codec-socks/4.1.30.Final/netty-codec-socks-4.1.30.Final.jar:/home/user/.m2/repository/io/netty/netty-transport-native-epoll/4.1.30.Final/netty-transport-native-epoll-4.1.30.Final.jar:/home/user/.m2/repository/io/netty/netty-common/4.1.30.Final/netty-common-4.1.30.Final.jar:/home/user/.m2/repository/io/netty/netty-buffer/4.1.30.Final/netty-buffer-4.1.30.Final.jar:/home/user/.m2/repository/io/netty/netty-transport/4.1.30.Final/netty-transport-4.1.30.Final.jar:/home/user/.m2/repository/io/netty/netty-resolver/4.1.30.Final/netty-resolver-4.1.30.Final.jar:/home/user/.m2/repository/io/netty/netty-transport-native-unix-common/4.1.30.Final/netty-transport-native-unix-common-4.1.30.Final.jar:/home/user/.m2/repository/io/grpc/grpc-protobuf/1.17.1/grpc-protobuf-1.17.1.jar:/home/user/.m2/repository/com/google/api/grpc/proto-google-common-protos/1.0.0/proto-google-common-protos-1.0.0.jar:/home/user/.m2/repository/io/grpc/grpc-protobuf-lite/1.17.1/grpc-protobuf-lite-1.17.1.jar:/home/user/.m2/repository/io/grpc/grpc-stub/1.17.1/grpc-stub-1.17.1.jar:/home/user/.m2/repository/org/apache/hadoop/hadoop-ozone-recon/0.5.0-SNAPSHOT/hadoop-ozone-recon-0.5.0-SNAPSHOT.jar:/home/user/.m2/repository/org/apache/hadoop/hadoop-ozone-reconcodegen/0.5.0-SNAPSHOT/hadoop-ozone-reconcodegen-0.5.0-SNAPSHOT.jar:/home/user/.m2/repository/com/google/inject/extensions/guice-multibindings/4.0/guice-multibindings-4.0.jar:/home/user/.m2/repository/com/google/inject/guice/4.0/guice-4.0.jar:/home/user/.m2/repository/aopalliance/aopalliance/1.0/aopalliance-1.0.jar:/home/user/.m2/repository/com/google/inject/extensions/guice-servlet/4.0/guice-servlet-4.0.jar:/home/user/.m2/repository/org/glassfish/jersey/containers/jersey-container-servlet/2.27/jersey-container-servlet-2.27.jar:/home/user/.m2/repository/org/glassfish/hk2/guice-bridge/2.5.0/guice-bridge-2.5.0.jar:/home/user/.m2/repository/org/glassfish/jersey/core/jersey-server/2.27/jersey-server-2.27.jar:/home/user/.m2/repository/org/glassfish/jersey/core/jersey-client/2.27/jersey-client-2.27.jar:/home/user/.m2/repository/org/glassfish/jersey/media/jersey-media-jaxb/2.27/jersey-media-jaxb-2.27.jar:/home/user/.m2/repository/javax/validation/validation-api/1.1.0.Final/validation-api-1.1.0.Final.jar:/home/user/.m2/repository/org/glassfish/jersey/media/jersey-media-json-jackson/2.27/jersey-media-json-jackson-2.27.jar:/home/user/.m2/repository/org/glassfish/jersey/ext/jersey-entity-filtering/2.27/jersey-entity-filtering-2.27.jar:/home/user/.m2/repository/com/google/inject/extensions/guice-assistedinject/4.0/guice-assistedinject-4.0.jar:/home/user/.m2/repository/org/jooq/jooq/3.11.10/jooq-3.11.10.jar:/home/user/.m2/repository/org/jooq/jooq-meta/3.11.10/jooq-meta-3.11.10.jar:/home/user/.m2/repository/org/jooq/jooq-codegen/3.11.10/jooq-codegen-3.11.10.jar:/home/user/.m2/repository/com/jolbox/bonecp/0.8.0.RELEASE/bonecp-0.8.0.RELEASE.jar:/home/user/.m2/repository/org/xerial/sqlite-jdbc/3.25.2/sqlite-jdbc-3.25.2.jar:/home/user/.m2/repository/org/springframework/spring-jdbc/5.1.3.RELEASE/spring-jdbc-5.1.3.RELEASE.jar:/home/user/.m2/repository/org/springframework/spring-beans/5.1.3.RELEASE/spring-beans-5.1.3.RELEASE.jar:/home/user/.m2/repository/org/springframework/spring-core/5.1.3.RELEASE/spring-core-5.1.3.RELEASE.jar:/home/user/.m2/repository/org/springframework/spring-jcl/5.1.3.RELEASE/spring-jcl-5.1.3.RELEASE.jar:/home/user/.m2/repository/org/springframework/spring-tx/5.1.3.RELEASE/spring-tx-5.1.3.RELEASE.jar:/home/user/.m2/repository/org/apache/hadoop/hadoop-ozone-client/0.5.0-SNAPSHOT/hadoop-ozone-client-0.5.0-SNAPSHOT.jar:/home/user/.m2/repository/commons-lang/commons-lang/2.6/commons-lang-2.6.jar:/home/user/.m2/repository/org/apache/hadoop/hadoop-ozone-ozone-manager/0.5.0-SNAPSHOT/hadoop-ozone-ozone-manager-0.5.0-SNAPSHOT-tests.jar:/home/user/.m2/repository/junit/junit/4.11/junit-4.11.jar:/home/user/.m2/repository/org/hamcrest/hamcrest-core/1.3/hamcrest-core-1.3.jar:/home/user/.m2/repository/org/openjdk/jmh/jmh-core/1.19/jmh-core-1.19.jar:/home/user/.m2/repository/net/sf/jopt-simple/jopt-simple/4.6/jopt-simple-4.6.jar:/home/user/.m2/repository/org/apache/commons/commons-math3/3.1.1/commons-math3-3.1.1.jar:/home/user/.m2/repository/org/openjdk/jmh/jmh-generator-annprocess/1.19/jmh-generator-annprocess-1.19.jar:/home/user/.m2/repository/org/mockito/mockito-all/1.8.5/mockito-all-1.8.5.jar:/home/user/.m2/repository/org/apache/hadoop/hadoop-kms/3.2.0/hadoop-kms-3.2.0.jar:/home/user/.m2/repository/org/apache/hadoop/hadoop-auth/3.2.0/hadoop-auth-3.2.0.jar:/home/user/.m2/repository/com/nimbusds/nimbus-jose-jwt/4.41.1/nimbus-jose-jwt-4.41.1.jar:/home/user/.m2/repository/com/github/stephenc/jcip/jcip-annotations/1.0-1/jcip-annotations-1.0-1.jar:/home/user/.m2/repository/net/minidev/json-smart/2.3/json-smart-2.3.jar:/home/user/.m2/repository/net/minidev/accessors-smart/1.2/accessors-smart-1.2.jar:/home/user/.m2/repository/org/ow2/asm/asm/5.0.4/asm-5.0.4.jar:/home/user/.m2/repository/org/apache/curator/curator-framework/2.12.0/curator-framework-2.12.0.jar:/home/user/.m2/repository/com/sun/jersey/jersey-core/1.19/jersey-core-1.19.jar:/home/user/.m2/repository/javax/ws/rs/jsr311-api/1.1.1/jsr311-api-1.1.1.jar:/home/user/.m2/repository/com/sun/jersey/jersey-server/1.19/jersey-server-1.19.jar:/home/user/.m2/repository/javax/servlet/javax.servlet-api/3.1.0/javax.servlet-api-3.1.0.jar:/home/user/.m2/repository/org/eclipse/jetty/jetty-server/9.3.25.v20180904/jetty-server-9.3.25.v20180904.jar:/home/user/.m2/repository/org/eclipse/jetty/jetty-http/9.3.25.v20180904/jetty-http-9.3.25.v20180904.jar:/home/user/.m2/repository/org/eclipse/jetty/jetty-io/9.3.25.v20180904/jetty-io-9.3.25.v20180904.jar:/home/user/.m2/repository/org/eclipse/jetty/jetty-webapp/9.3.25.v20180904/jetty-webapp-9.3.25.v20180904.jar:/home/user/.m2/repository/org/eclipse/jetty/jetty-xml/9.3.25.v20180904/jetty-xml-9.3.25.v20180904.jar:/home/user/.m2/repository/log4j/log4j/1.2.17/log4j-1.2.17.jar:/home/user/.m2/repository/org/slf4j/slf4j-api/1.7.25/slf4j-api-1.7.25.jar:/home/user/.m2/repository/org/slf4j/jul-to-slf4j/1.7.25/jul-to-slf4j-1.7.25.jar:/home/user/.m2/repository/org/eclipse/jetty/jetty-util/9.3.25.v20180904/jetty-util-9.3.25.v20180904.jar:/home/user/.m2/repository/com/fasterxml/jackson/core/jackson-databind/2.9.9/jackson-databind-2.9.9.jar:/home/user/.m2/repository/org/apache/hadoop/hadoop-kms/3.2.0/hadoop-kms-3.2.0-tests.jar:/home/user/.m2/repository/org/apache/hadoop/hadoop-hdds-server-scm/0.5.0-SNAPSHOT/hadoop-hdds-server-scm-0.5.0-SNAPSHOT-tests.jar:/home/user/.m2/repository/org/apache/hadoop/hadoop-hdds-container-service/0.5.0-SNAPSHOT/hadoop-hdds-container-service-0.5.0-SNAPSHOT-tests.jar:/home/user/.m2/repository/org/yaml/snakeyaml/1.16/snakeyaml-1.16.jar:/home/user/.m2/repository/org/apache/hadoop/hadoop-common/3.2.0/hadoop-common-3.2.0-tests.jar:/home/user/.m2/repository/org/apache/hadoop/hadoop-annotations/3.2.0/hadoop-annotations-3.2.0.jar:/usr/lib/jvm/java-1.8-openjdk/jre/../lib/tools.jar:/home/user/.m2/repository/commons-cli/commons-cli/1.2/commons-cli-1.2.jar:/home/user/.m2/repository/org/apache/httpcomponents/httpclient/4.5.2/httpclient-4.5.2.jar:/home/user/.m2/repository/org/apache/httpcomponents/httpcore/4.4.4/httpcore-4.4.4.jar:/home/user/.m2/repository/commons-codec/commons-codec/1.11/commons-codec-1.11.jar:/home/user/.m2/repository/commons-net/commons-net/3.6/commons-net-3.6.jar:/home/user/.m2/repository/commons-collections/commons-collections/3.2.2/commons-collections-3.2.2.jar:/home/user/.m2/repository/org/eclipse/jetty/jetty-servlet/9.3.25.v20180904/jetty-servlet-9.3.25.v20180904.jar:/home/user/.m2/repository/org/eclipse/jetty/jetty-security/9.3.25.v20180904/jetty-security-9.3.25.v20180904.jar:/home/user/.m2/repository/javax/servlet/jsp/jsp-api/2.1/jsp-api-2.1.jar:/home/user/.m2/repository/com/sun/jersey/jersey-servlet/1.19/jersey-servlet-1.19.jar:/home/user/.m2/repository/com/sun/jersey/jersey-json/1.19/jersey-json-1.19.jar:/home/user/.m2/repository/org/codehaus/jettison/jettison/1.1/jettison-1.1.jar:/home/user/.m2/repository/org/codehaus/jackson/jackson-core-asl/1.9.13/jackson-core-asl-1.9.13.jar:/home/user/.m2/repository/org/codehaus/jackson/jackson-mapper-asl/1.9.13/jackson-mapper-asl-1.9.13.jar:/home/user/.m2/repository/org/codehaus/jackson/jackson-jaxrs/1.9.13/jackson-jaxrs-1.9.13.jar:/home/user/.m2/repository/org/codehaus/jackson/jackson-xc/1.9.13/jackson-xc-1.9.13.jar:/home/user/.m2/repository/commons-logging/commons-logging/1.1.3/commons-logging-1.1.3.jar:/home/user/.m2/repository/commons-beanutils/commons-beanutils/1.9.4/commons-beanutils-1.9.4.jar:/home/user/.m2/repository/org/apache/commons/commons-configuration2/2.1.1/commons-configuration2-2.1.1.jar:/home/user/.m2/repository/org/apache/commons/commons-lang3/3.7/commons-lang3-3.7.jar:/home/user/.m2/repository/org/apache/commons/commons-text/1.4/commons-text-1.4.jar:/home/user/.m2/repository/org/apache/avro/avro/1.7.7/avro-1.7.7.jar:/home/user/.m2/repository/com/thoughtworks/paranamer/paranamer/2.3/paranamer-2.3.jar:/home/user/.m2/repository/org/xerial/snappy/snappy-java/1.0.5/snappy-java-1.0.5.jar:/home/user/.m2/repository/com/google/re2j/re2j/1.1/re2j-1.1.jar:/home/user/.m2/repository/com/google/code/gson/gson/2.2.4/gson-2.2.4.jar:/home/user/.m2/repository/com/jcraft/jsch/0.1.54/jsch-0.1.54.jar:/home/user/.m2/repository/org/apache/curator/curator-client/2.12.0/curator-client-2.12.0.jar:/home/user/.m2/repository/org/apache/curator/curator-recipes/2.12.0/curator-recipes-2.12.0.jar:/home/user/.m2/repository/com/google/code/findbugs/jsr305/3.0.0/jsr305-3.0.0.jar:/home/user/.m2/repository/org/apache/htrace/htrace-core4/4.1.0-incubating/htrace-core4-4.1.0-incubating.jar:/home/user/.m2/repository/org/apache/zookeeper/zookeeper/3.4.13/zookeeper-3.4.13.jar:/home/user/.m2/repository/jline/jline/0.9.94/jline-0.9.94.jar:/home/user/.m2/repository/org/apache/yetus/audience-annotations/0.5.0/audience-annotations-0.5.0.jar:/home/user/.m2/repository/org/codehaus/woodstox/stax2-api/3.1.4/stax2-api-3.1.4.jar:/home/user/.m2/repository/com/fasterxml/woodstox/woodstox-core/5.0.3/woodstox-core-5.0.3.jar:/home/user/.m2/repository/dnsjava/dnsjava/2.1.7/dnsjava-2.1.7.jar:/home/user/.m2/repository/org/apache/hadoop/hadoop-hdfs/3.2.0/hadoop-hdfs-3.2.0-tests.jar:/home/user/.m2/repository/org/eclipse/jetty/jetty-util-ajax/9.3.25.v20180904/jetty-util-ajax-9.3.25.v20180904.jar:/home/user/.m2/repository/commons-daemon/commons-daemon/1.0.13/commons-daemon-1.0.13.jar:/home/user/.m2/repository/io/netty/netty/3.10.5.Final/netty-3.10.5.Final.jar:/home/user/.m2/repository/io/netty/netty-all/4.0.52.Final/netty-all-4.0.52.Final.jar:/home/user/.m2/repository/org/fusesource/leveldbjni/leveldbjni-all/1.8/leveldbjni-all-1.8.jar:"/>
    <property name="sun.cpu.endian" value="little"/>
    <property name="user.home" value="/home/user"/>
    <property name="user.language" value="en"/>
    <property name="java.specification.vendor" value="Oracle Corporation"/>
    <property name="java.home" value="/usr/lib/jvm/java-1.8-openjdk/jre"/>
    <property name="java.security.krb5.conf" value="/workdir/hadoop-ozone/integration-test/target/test-classes/krb5.conf"/>
    <property name="basedir" value="/workdir/hadoop-ozone/integration-test"/>
    <property name="file.separator" value="/"/>
    <property name="line.separator" value="&#10;"/>
    <property name="java.vm.specification.vendor" value="Oracle Corporation"/>
    <property name="java.specification.name" value="Java Platform API Specification"/>
    <property name="java.awt.graphicsenv" value="sun.awt.X11GraphicsEnvironment"/>
    <property name="surefire.real.class.path" value="/workdir/hadoop-ozone/integration-test/target/surefire/surefirebooter2941861630034696506.jar"/>
    <property name="hadoop.log.dir" value="/workdir/hadoop-ozone/integration-test/target/log"/>
    <property name="sun.boot.class.path" value="/usr/lib/jvm/java-1.8-openjdk/jre/lib/resources.jar:/usr/lib/jvm/java-1.8-openjdk/jre/lib/rt.jar:/usr/lib/jvm/java-1.8-openjdk/jre/lib/sunrsasign.jar:/usr/lib/jvm/java-1.8-openjdk/jre/lib/jsse.jar:/usr/lib/jvm/java-1.8-openjdk/jre/lib/jce.jar:/usr/lib/jvm/java-1.8-openjdk/jre/lib/charsets.jar:/usr/lib/jvm/java-1.8-openjdk/jre/lib/jfr.jar:/usr/lib/jvm/java-1.8-openjdk/jre/classes"/>
    <property name="sun.management.compiler" value="HotSpot 64-Bit Tiered Compilers"/>
    <property name="java.runtime.version" value="1.8.0_212-b04"/>
    <property name="java.net.preferIPv4Stack" value="true"/>
    <property name="user.name" value="jenkins1000"/>
    <property name="path.separator" value=":"/>
    <property name="java.security.egd" value="file:///dev/urandom"/>
    <property name="os.version" value="3.10.0-957.12.2.el7.x86_64"/>
    <property name="java.endorsed.dirs" value="/usr/lib/jvm/java-1.8-openjdk/jre/lib/endorsed"/>
    <property name="java.runtime.name" value="OpenJDK Runtime Environment"/>
    <property name="file.encoding" value="UTF-8"/>
    <property name="java.vm.name" value="OpenJDK 64-Bit Server VM"/>
    <property name="test.build.webapps" value=""/>
    <property name="localRepository" value="/home/user/.m2/repository"/>
    <property name="java.vendor.url.bug" value="https://icedtea.classpath.org/bugzilla"/>
    <property name="java.io.tmpdir" value="/tmp"/>
    <property name="require.test.libhadoop" value=""/>
    <property name="java.version" value="1.8.0_212"/>
    <property name="user.dir" value="/workdir/hadoop-ozone/integration-test"/>
    <property name="os.arch" value="amd64"/>
    <property name="java.vm.specification.name" value="Java Virtual Machine Specification"/>
    <property name="test.build.classes" value="/workdir/hadoop-ozone/integration-test/target/test-classes"/>
    <property name="java.awt.printerjob" value="sun.print.PSPrinterJob"/>
    <property name="sun.os.patch.level" value="unknown"/>
    <property name="hadoop.tmp.dir" value="/workdir/hadoop-ozone/integration-test/target/tmp"/>
    <property name="java.library.path" value="/usr/lib/jvm/java-1.8-openjdk/jre/lib/amd64/server:/usr/lib/jvm/java-1.8-openjdk/jre/lib/amd64:/usr/lib/jvm/java-1.8-openjdk/jre/../lib/amd64:/workdir/hadoop-ozone/integration-test/target/native/target/usr/local/lib:/workdir/hadoop-ozone/integration-test/../../hadoop-common-project/hadoop-common/target/native/target/usr/local/lib:/usr/java/packages/lib/amd64:/usr/lib64:/lib64:/lib:/usr/lib"/>
    <property name="java.vm.info" value="mixed mode"/>
    <property name="java.vendor" value="IcedTea"/>
    <property name="java.vm.version" value="25.212-b04"/>
    <property name="java.ext.dirs" value="/usr/lib/jvm/java-1.8-openjdk/jre/lib/ext:/usr/java/packages/lib/ext"/>
    <property name="sun.io.unicode.encoding" value="UnicodeLittle"/>
    <property name="java.class.version" value="52.0"/>
  </properties>
  <testcase name="testWatchForCommitWithKeyWrite" classname="org.apache.hadoop.ozone.client.rpc.TestWatchForCommit" time="60.716"/>
  <testcase name="testWatchForCommitWithSmallerTimeoutValue" classname="org.apache.hadoop.ozone.client.rpc.TestWatchForCommit" time="42.814"/>
  <testcase name="testWatchForCommitForRetryfailure" classname="org.apache.hadoop.ozone.client.rpc.TestWatchForCommit" time="74.376"/>
  <testcase name="testWatchForCommitForGroupMismatchException" classname="org.apache.hadoop.ozone.client.rpc.TestWatchForCommit" time="32.033"/>
  <testcase name="test2WayCommitForTimeoutException" classname="org.apache.hadoop.ozone.client.rpc.TestWatchForCommit" time="33.175">
    <error type="java.util.concurrent.TimeoutException">java.util.concurrent.TimeoutException
	at java.util.concurrent.CompletableFuture.timedGet(CompletableFuture.java:1771)
	at java.util.concurrent.CompletableFuture.get(CompletableFuture.java:1915)
	at org.apache.hadoop.hdds.scm.XceiverClientRatis.watchForCommit(XceiverClientRatis.java:275)
	at org.apache.hadoop.ozone.client.rpc.TestWatchForCommit.test2WayCommitForTimeoutException(TestWatchForCommit.java:391)
	at sun.reflect.NativeMethodAccessorImpl.invoke0(Native Method)
	at sun.reflect.NativeMethodAccessorImpl.invoke(NativeMethodAccessorImpl.java:62)
	at sun.reflect.DelegatingMethodAccessorImpl.invoke(DelegatingMethodAccessorImpl.java:43)
	at java.lang.reflect.Method.invoke(Method.java:498)
	at org.junit.runners.model.FrameworkMethod$1.runReflectiveCall(FrameworkMethod.java:47)
	at org.junit.internal.runners.model.ReflectiveCallable.run(ReflectiveCallable.java:12)
	at org.junit.runners.model.FrameworkMethod.invokeExplosively(FrameworkMethod.java:44)
	at org.junit.internal.runners.statements.InvokeMethod.evaluate(InvokeMethod.java:17)
	at org.junit.runners.ParentRunner.runLeaf(ParentRunner.java:271)
	at org.junit.runners.BlockJUnit4ClassRunner.runChild(BlockJUnit4ClassRunner.java:70)
	at org.junit.runners.BlockJUnit4ClassRunner.runChild(BlockJUnit4ClassRunner.java:50)
	at org.junit.runners.ParentRunner$3.run(ParentRunner.java:238)
	at org.junit.runners.ParentRunner$1.schedule(ParentRunner.java:63)
	at org.junit.runners.ParentRunner.runChildren(ParentRunner.java:236)
	at org.junit.runners.ParentRunner.access$000(ParentRunner.java:53)
	at org.junit.runners.ParentRunner$2.evaluate(ParentRunner.java:229)
	at org.junit.runners.ParentRunner.run(ParentRunner.java:309)
	at org.apache.maven.surefire.junit4.JUnit4Provider.execute(JUnit4Provider.java:365)
	at org.apache.maven.surefire.junit4.JUnit4Provider.executeWithRerun(JUnit4Provider.java:273)
	at org.apache.maven.surefire.junit4.JUnit4Provider.executeTestSet(JUnit4Provider.java:238)
	at org.apache.maven.surefire.junit4.JUnit4Provider.invoke(JUnit4Provider.java:159)
	at org.apache.maven.surefire.booter.ForkedBooter.invokeProviderInSameClassLoader(ForkedBooter.java:384)
	at org.apache.maven.surefire.booter.ForkedBooter.runSuitesInProcess(ForkedBooter.java:345)
	at org.apache.maven.surefire.booter.ForkedBooter.execute(ForkedBooter.java:126)
	at org.apache.maven.surefire.booter.ForkedBooter.main(ForkedBooter.java:418)
</error>
    <system-out><![CDATA[2019-10-05 03:38:43,706 [main] WARN  server.ServerUtils (ServerUtils.java:getScmDbDir(145)) - ozone.scm.db.dirs is not configured. We recommend adding this setting. Falling back to ozone.metadata.dirs instead.
2019-10-05 03:38:43,733 [main] WARN  server.ServerUtils (ServerUtils.java:getScmDbDir(145)) - ozone.scm.db.dirs is not configured. We recommend adding this setting. Falling back to ozone.metadata.dirs instead.
2019-10-05 03:38:43,733 [main] WARN  server.ServerUtils (ServerUtils.java:getScmDbDir(145)) - ozone.scm.db.dirs is not configured. We recommend adding this setting. Falling back to ozone.metadata.dirs instead.
2019-10-05 03:38:43,734 [main] INFO  db.DBStoreBuilder (DBStoreBuilder.java:addTable(117)) - using custom profile for table: deletedBlocks
2019-10-05 03:38:43,734 [main] INFO  db.DBStoreBuilder (DBStoreBuilder.java:processTables(168)) - Using default column profile:DBProfile.DISK for Table:deletedBlocks
2019-10-05 03:38:43,734 [main] INFO  db.DBStoreBuilder (DBStoreBuilder.java:addTable(117)) - using custom profile for table: validCerts
2019-10-05 03:38:43,735 [main] INFO  db.DBStoreBuilder (DBStoreBuilder.java:processTables(168)) - Using default column profile:DBProfile.DISK for Table:validCerts
2019-10-05 03:38:43,735 [main] INFO  db.DBStoreBuilder (DBStoreBuilder.java:addTable(117)) - using custom profile for table: revokedCerts
2019-10-05 03:38:43,735 [main] INFO  db.DBStoreBuilder (DBStoreBuilder.java:processTables(168)) - Using default column profile:DBProfile.DISK for Table:revokedCerts
2019-10-05 03:38:43,735 [main] INFO  db.DBStoreBuilder (DBStoreBuilder.java:addTable(117)) - using custom profile for table: default
2019-10-05 03:38:43,736 [main] INFO  db.DBStoreBuilder (DBStoreBuilder.java:processTables(174)) - Using default column profile:DBProfile.DISK for Table:default
2019-10-05 03:38:43,736 [main] INFO  db.DBStoreBuilder (DBStoreBuilder.java:getDbProfile(205)) - Using default options. DBProfile.DISK
2019-10-05 03:38:43,946 [main] INFO  net.NodeSchemaLoader (NodeSchemaLoader.java:loadSchemaFromFile(125)) - Loading file from sun.misc.CompoundEnumeration@4b957db0
2019-10-05 03:38:43,946 [main] INFO  net.NodeSchemaLoader (NodeSchemaLoader.java:loadSchema(171)) - Loading network topology layer schema file
2019-10-05 03:38:43,952 [main] WARN  server.ServerUtils (ServerUtils.java:sanitizeUserArgs(70)) - ozone.scm.stale.node.interval value = 300000 is larger than max = 100000 based on the key value of ozone.scm.heartbeat.thread.interval, reset to the max value 100000.
2019-10-05 03:38:43,952 [main] WARN  server.ServerUtils (ServerUtils.java:sanitizeUserArgs(70)) - ozone.scm.stale.node.interval value = 300000 is larger than max = 100000 based on the key value of ozone.scm.heartbeat.thread.interval, reset to the max value 100000.
2019-10-05 03:38:43,952 [main] INFO  node.SCMNodeManager (SCMNodeManager.java:<init>(116)) - Entering startup safe mode.
2019-10-05 03:38:43,953 [main] INFO  algorithms.ContainerPlacementPolicyFactory (ContainerPlacementPolicyFactory.java:getPolicy(57)) - Create container placement policy of type org.apache.hadoop.hdds.scm.container.placement.algorithms.SCMContainerPlacementRandom
2019-10-05 03:38:43,954 [main] WARN  server.ServerUtils (ServerUtils.java:getScmDbDir(145)) - ozone.scm.db.dirs is not configured. We recommend adding this setting. Falling back to ozone.metadata.dirs instead.
2019-10-05 03:38:44,023 [main] INFO  pipeline.SCMPipelineManager (SCMPipelineManager.java:initializePipelineState(132)) - No pipeline exists in current db
2019-10-05 03:38:44,023 [main] WARN  server.ServerUtils (ServerUtils.java:getScmDbDir(145)) - ozone.scm.db.dirs is not configured. We recommend adding this setting. Falling back to ozone.metadata.dirs instead.
2019-10-05 03:38:44,072 [main] WARN  events.EventQueue (EventQueue.java:fireEvent(183)) - No event handler registered for event TypedEvent{payloadType=SafeModeStatus, name='SafeModeStatus'}
2019-10-05 03:38:44,073 [main] INFO  ipc.CallQueueManager (CallQueueManager.java:<init>(84)) - Using callQueue: class java.util.concurrent.LinkedBlockingQueue, queueCapacity: 2000, scheduler: class org.apache.hadoop.ipc.DefaultRpcScheduler, ipcBackoff: false.
2019-10-05 03:38:44,073 [Socket Reader #1 for port 44786] INFO  ipc.Server (Server.java:run(1074)) - Starting Socket Reader #1 for port 44786
2019-10-05 03:38:44,076 [main] INFO  ipc.CallQueueManager (CallQueueManager.java:<init>(84)) - Using callQueue: class java.util.concurrent.LinkedBlockingQueue, queueCapacity: 2000, scheduler: class org.apache.hadoop.ipc.DefaultRpcScheduler, ipcBackoff: false.
2019-10-05 03:38:44,076 [Socket Reader #1 for port 34568] INFO  ipc.Server (Server.java:run(1074)) - Starting Socket Reader #1 for port 34568
2019-10-05 03:38:44,078 [main] INFO  ipc.CallQueueManager (CallQueueManager.java:<init>(84)) - Using callQueue: class java.util.concurrent.LinkedBlockingQueue, queueCapacity: 2000, scheduler: class org.apache.hadoop.ipc.DefaultRpcScheduler, ipcBackoff: false.
2019-10-05 03:38:44,079 [Socket Reader #1 for port 33292] INFO  ipc.Server (Server.java:run(1074)) - Starting Socket Reader #1 for port 33292
2019-10-05 03:38:44,082 [main] INFO  hdfs.DFSUtil (DFSUtil.java:httpServerTemplateForNNAndJN(1641)) - Starting Web-server for scm at: http://0.0.0.0:0
2019-10-05 03:38:44,083 [main] INFO  server.AuthenticationFilter (AuthenticationFilter.java:constructSecretProvider(240)) - Unable to initialize FileSignerSecretProvider, falling back to use random secrets.
2019-10-05 03:38:44,084 [main] WARN  http.HttpRequestLog (HttpRequestLog.java:getRequestLog(97)) - Jetty request log can only be enabled using Log4j
2019-10-05 03:38:44,085 [main] INFO  http.HttpServer2 (HttpServer2.java:addGlobalFilter(975)) - Added global filter 'safety' (class=org.apache.hadoop.http.HttpServer2$QuotingInputFilter)
2019-10-05 03:38:44,086 [main] INFO  http.HttpServer2 (HttpServer2.java:addFilter(948)) - Added filter static_user_filter (class=org.apache.hadoop.http.lib.StaticUserWebFilter$StaticUserFilter) to context scm
2019-10-05 03:38:44,086 [main] INFO  http.HttpServer2 (HttpServer2.java:addFilter(958)) - Added filter static_user_filter (class=org.apache.hadoop.http.lib.StaticUserWebFilter$StaticUserFilter) to context logs
2019-10-05 03:38:44,086 [main] INFO  http.HttpServer2 (HttpServer2.java:addFilter(958)) - Added filter static_user_filter (class=org.apache.hadoop.http.lib.StaticUserWebFilter$StaticUserFilter) to context static
2019-10-05 03:38:44,088 [main] INFO  server.StorageContainerManager (StorageContainerManager.java:start(770)) - StorageContainerLocationProtocol RPC server is listening at /0.0.0.0:33292
2019-10-05 03:38:44,090 [main] WARN  impl.MetricsConfig (MetricsConfig.java:loadFirst(134)) - Cannot locate configuration: tried hadoop-metrics2-storagecontainermanager.properties,hadoop-metrics2.properties
2019-10-05 03:38:44,091 [main] INFO  impl.MetricsSystemImpl (MetricsSystemImpl.java:startTimer(374)) - Scheduled Metric snapshot period at 10 second(s).
2019-10-05 03:38:44,091 [main] INFO  impl.MetricsSystemImpl (MetricsSystemImpl.java:start(191)) - StorageContainerManager metrics system started
2019-10-05 03:38:44,151 [main] WARN  impl.MetricsSystemImpl (MetricsSystemImpl.java:register(276)) - Sink prometheus already exists!
2019-10-05 03:38:44,251 [main] INFO  server.SCMClientProtocolServer (SCMClientProtocolServer.java:start(159)) - RPC server for Client  is listening at /0.0.0.0:33292
2019-10-05 03:38:44,252 [IPC Server Responder] INFO  ipc.Server (Server.java:run(1314)) - IPC Server Responder: starting
2019-10-05 03:38:44,252 [IPC Server listener on 33292] INFO  ipc.Server (Server.java:run(1153)) - IPC Server listener on 33292: starting
2019-10-05 03:38:44,256 [main] INFO  server.StorageContainerManager (StorageContainerManager.java:start(780)) - ScmBlockLocationProtocol RPC server is listening at /0.0.0.0:34568
2019-10-05 03:38:44,256 [main] INFO  server.SCMBlockProtocolServer (SCMBlockProtocolServer.java:start(146)) - RPC server for Block Protocol is listening at /0.0.0.0:34568
2019-10-05 03:38:44,256 [IPC Server Responder] INFO  ipc.Server (Server.java:run(1314)) - IPC Server Responder: starting
2019-10-05 03:38:44,256 [IPC Server listener on 34568] INFO  ipc.Server (Server.java:run(1153)) - IPC Server listener on 34568: starting
2019-10-05 03:38:44,263 [main] INFO  server.StorageContainerManager (StorageContainerManager.java:start(784)) - ScmDatanodeProtocl RPC server is listening at /0.0.0.0:44786
2019-10-05 03:38:44,263 [main] INFO  server.SCMDatanodeProtocolServer (SCMDatanodeProtocolServer.java:start(169)) - RPC server for DataNodes is listening at /0.0.0.0:44786
2019-10-05 03:38:44,264 [IPC Server Responder] INFO  ipc.Server (Server.java:run(1314)) - IPC Server Responder: starting
2019-10-05 03:38:44,264 [IPC Server listener on 44786] INFO  ipc.Server (Server.java:run(1153)) - IPC Server listener on 44786: starting
2019-10-05 03:38:44,268 [main] INFO  http.HttpServer2 (HttpServer2.java:bindListener(1191)) - Jetty bound to port 45511
2019-10-05 03:38:44,268 [main] INFO  server.Server (Server.java:doStart(351)) - jetty-9.3.25.v20180904, build timestamp: 2018-09-04T21:11:46Z, git hash: 3ce520221d0240229c862b122d2b06c12a625732
2019-10-05 03:38:44,269 [main] INFO  handler.ContextHandler (ContextHandler.java:doStart(781)) - Started o.e.j.s.ServletContextHandler@3b435211{/logs,file:///workdir/hadoop-ozone/integration-test/target/log,AVAILABLE}
2019-10-05 03:38:44,270 [main] INFO  handler.ContextHandler (ContextHandler.java:doStart(781)) - Started o.e.j.s.ServletContextHandler@58a765ce{/static,file:///workdir/hadoop-ozone/integration-test/target/test-classes/webapps/static,AVAILABLE}
2019-10-05 03:38:44,273 [main] INFO  handler.ContextHandler (ContextHandler.java:doStart(781)) - Started o.e.j.w.WebAppContext@4d518c66{/,file:///workdir/hadoop-ozone/integration-test/target/test-classes/webapps/scm/,AVAILABLE}{/scm}
2019-10-05 03:38:44,273 [main] INFO  server.AbstractConnector (AbstractConnector.java:doStart(278)) - Started ServerConnector@411fa0ce{HTTP/1.1,[http/1.1]}{0.0.0.0:45511}
2019-10-05 03:38:44,275 [main] INFO  server.Server (Server.java:doStart(419)) - Started @210866ms
2019-10-05 03:38:44,275 [main] WARN  impl.MetricsSystemImpl (MetricsSystemImpl.java:register(276)) - Sink prometheus already exists!
2019-10-05 03:38:44,275 [main] INFO  server.BaseHttpServer (BaseHttpServer.java:updateConnectorAddress(215)) - HTTP server of SCM is listening at http://0.0.0.0:45511
2019-10-05 03:38:44,276 [main] WARN  server.ServerUtils (ServerUtils.java:getDBPath(222)) - ozone.om.db.dirs is not configured. We recommend adding this setting. Falling back to ozone.metadata.dirs instead.
2019-10-05 03:38:44,276 [org.apache.hadoop.util.JvmPauseMonitor$Monitor@78e68401] INFO  util.JvmPauseMonitor (JvmPauseMonitor.java:run(188)) - Starting JVM pause monitor
2019-10-05 03:38:44,300 [main] INFO  ha.OMHANodeDetails (OMHANodeDetails.java:loadOMHAConfig(190)) - Configuration either no ozone.om.address set. Falling back to the default OM address /127.0.0.1:0
2019-10-05 03:38:44,300 [main] INFO  ha.OMHANodeDetails (OMHANodeDetails.java:getOMNodeDetails(220)) - OM Service ID is not set. Setting it to the default ID: omServiceIdDefault
2019-10-05 03:38:44,301 [main] WARN  server.ServerUtils (ServerUtils.java:getDBPath(222)) - ozone.om.db.dirs is not configured. We recommend adding this setting. Falling back to ozone.metadata.dirs instead.
2019-10-05 03:38:44,301 [main] WARN  server.ServerUtils (ServerUtils.java:getDBPath(222)) - ozone.om.db.dirs is not configured. We recommend adding this setting. Falling back to ozone.metadata.dirs instead.
2019-10-05 03:38:44,307 [main] WARN  server.ServerUtils (ServerUtils.java:getDBPath(222)) - ozone.om.db.dirs is not configured. We recommend adding this setting. Falling back to ozone.metadata.dirs instead.
2019-10-05 03:38:44,307 [main] INFO  db.DBStoreBuilder (DBStoreBuilder.java:addTable(117)) - using custom profile for table: userTable
2019-10-05 03:38:44,308 [main] INFO  db.DBStoreBuilder (DBStoreBuilder.java:processTables(168)) - Using default column profile:DBProfile.DISK for Table:userTable
2019-10-05 03:38:44,308 [main] INFO  db.DBStoreBuilder (DBStoreBuilder.java:addTable(117)) - using custom profile for table: volumeTable
2019-10-05 03:38:44,308 [main] INFO  db.DBStoreBuilder (DBStoreBuilder.java:processTables(168)) - Using default column profile:DBProfile.DISK for Table:volumeTable
2019-10-05 03:38:44,308 [main] INFO  db.DBStoreBuilder (DBStoreBuilder.java:addTable(117)) - using custom profile for table: bucketTable
2019-10-05 03:38:44,308 [main] INFO  db.DBStoreBuilder (DBStoreBuilder.java:processTables(168)) - Using default column profile:DBProfile.DISK for Table:bucketTable
2019-10-05 03:38:44,308 [main] INFO  db.DBStoreBuilder (DBStoreBuilder.java:addTable(117)) - using custom profile for table: keyTable
2019-10-05 03:38:44,308 [main] INFO  db.DBStoreBuilder (DBStoreBuilder.java:processTables(168)) - Using default column profile:DBProfile.DISK for Table:keyTable
2019-10-05 03:38:44,309 [main] INFO  db.DBStoreBuilder (DBStoreBuilder.java:addTable(117)) - using custom profile for table: deletedTable
2019-10-05 03:38:44,309 [main] INFO  db.DBStoreBuilder (DBStoreBuilder.java:processTables(168)) - Using default column profile:DBProfile.DISK for Table:deletedTable
2019-10-05 03:38:44,309 [main] INFO  db.DBStoreBuilder (DBStoreBuilder.java:addTable(117)) - using custom profile for table: openKeyTable
2019-10-05 03:38:44,309 [main] INFO  db.DBStoreBuilder (DBStoreBuilder.java:processTables(168)) - Using default column profile:DBProfile.DISK for Table:openKeyTable
2019-10-05 03:38:44,309 [main] INFO  db.DBStoreBuilder (DBStoreBuilder.java:addTable(117)) - using custom profile for table: s3Table
2019-10-05 03:38:44,309 [main] INFO  db.DBStoreBuilder (DBStoreBuilder.java:processTables(168)) - Using default column profile:DBProfile.DISK for Table:s3Table
2019-10-05 03:38:44,309 [main] INFO  db.DBStoreBuilder (DBStoreBuilder.java:addTable(117)) - using custom profile for table: multipartInfoTable
2019-10-05 03:38:44,310 [main] INFO  db.DBStoreBuilder (DBStoreBuilder.java:processTables(168)) - Using default column profile:DBProfile.DISK for Table:multipartInfoTable
2019-10-05 03:38:44,310 [main] INFO  db.DBStoreBuilder (DBStoreBuilder.java:addTable(117)) - using custom profile for table: dTokenTable
2019-10-05 03:38:44,310 [main] INFO  db.DBStoreBuilder (DBStoreBuilder.java:processTables(168)) - Using default column profile:DBProfile.DISK for Table:dTokenTable
2019-10-05 03:38:44,310 [main] INFO  db.DBStoreBuilder (DBStoreBuilder.java:addTable(117)) - using custom profile for table: s3SecretTable
2019-10-05 03:38:44,310 [main] INFO  db.DBStoreBuilder (DBStoreBuilder.java:processTables(168)) - Using default column profile:DBProfile.DISK for Table:s3SecretTable
2019-10-05 03:38:44,310 [main] INFO  db.DBStoreBuilder (DBStoreBuilder.java:addTable(117)) - using custom profile for table: prefixTable
2019-10-05 03:38:44,310 [main] INFO  db.DBStoreBuilder (DBStoreBuilder.java:processTables(168)) - Using default column profile:DBProfile.DISK for Table:prefixTable
2019-10-05 03:38:44,311 [main] INFO  db.DBStoreBuilder (DBStoreBuilder.java:addTable(117)) - using custom profile for table: default
2019-10-05 03:38:44,311 [main] INFO  db.DBStoreBuilder (DBStoreBuilder.java:processTables(174)) - Using default column profile:DBProfile.DISK for Table:default
2019-10-05 03:38:44,311 [main] INFO  db.DBStoreBuilder (DBStoreBuilder.java:getDbProfile(205)) - Using default options. DBProfile.DISK
2019-10-05 03:38:44,916 [main] INFO  ipc.CallQueueManager (CallQueueManager.java:<init>(84)) - Using callQueue: class java.util.concurrent.LinkedBlockingQueue, queueCapacity: 2000, scheduler: class org.apache.hadoop.ipc.DefaultRpcScheduler, ipcBackoff: false.
2019-10-05 03:38:44,917 [Socket Reader #1 for port 35515] INFO  ipc.Server (Server.java:run(1074)) - Starting Socket Reader #1 for port 35515
2019-10-05 03:38:44,932 [main] INFO  om.OzoneManager (OzoneManager.java:start(1069)) - OzoneManager RPC server is listening at localhost/127.0.0.1:35515
2019-10-05 03:38:44,933 [main] INFO  impl.MetricsSystemImpl (MetricsSystemImpl.java:init(158)) - OzoneManager metrics system started (again)
2019-10-05 03:38:44,935 [IPC Server Responder] INFO  ipc.Server (Server.java:run(1314)) - IPC Server Responder: starting
2019-10-05 03:38:44,936 [IPC Server listener on 35515] INFO  ipc.Server (Server.java:run(1153)) - IPC Server listener on 35515: starting
2019-10-05 03:38:44,940 [main] INFO  hdfs.DFSUtil (DFSUtil.java:httpServerTemplateForNNAndJN(1641)) - Starting Web-server for ozoneManager at: http://0.0.0.0:0
2019-10-05 03:38:44,941 [main] INFO  server.AuthenticationFilter (AuthenticationFilter.java:constructSecretProvider(240)) - Unable to initialize FileSignerSecretProvider, falling back to use random secrets.
2019-10-05 03:38:44,941 [main] WARN  http.HttpRequestLog (HttpRequestLog.java:getRequestLog(97)) - Jetty request log can only be enabled using Log4j
2019-10-05 03:38:44,943 [main] INFO  http.HttpServer2 (HttpServer2.java:addGlobalFilter(975)) - Added global filter 'safety' (class=org.apache.hadoop.http.HttpServer2$QuotingInputFilter)
2019-10-05 03:38:44,943 [main] INFO  http.HttpServer2 (HttpServer2.java:addFilter(948)) - Added filter static_user_filter (class=org.apache.hadoop.http.lib.StaticUserWebFilter$StaticUserFilter) to context ozoneManager
2019-10-05 03:38:44,944 [main] INFO  http.HttpServer2 (HttpServer2.java:addFilter(958)) - Added filter static_user_filter (class=org.apache.hadoop.http.lib.StaticUserWebFilter$StaticUserFilter) to context logs
2019-10-05 03:38:44,944 [main] INFO  http.HttpServer2 (HttpServer2.java:addFilter(958)) - Added filter static_user_filter (class=org.apache.hadoop.http.lib.StaticUserWebFilter$StaticUserFilter) to context static
2019-10-05 03:38:44,944 [main] INFO  http.HttpServer2 (HttpServer2.java:bindListener(1191)) - Jetty bound to port 39870
2019-10-05 03:38:44,944 [main] INFO  server.Server (Server.java:doStart(351)) - jetty-9.3.25.v20180904, build timestamp: 2018-09-04T21:11:46Z, git hash: 3ce520221d0240229c862b122d2b06c12a625732
2019-10-05 03:38:44,946 [main] INFO  handler.ContextHandler (ContextHandler.java:doStart(781)) - Started o.e.j.s.ServletContextHandler@3a11c0eb{/logs,file:///workdir/hadoop-ozone/integration-test/target/log,AVAILABLE}
2019-10-05 03:38:44,947 [main] INFO  handler.ContextHandler (ContextHandler.java:doStart(781)) - Started o.e.j.s.ServletContextHandler@2c2c3947{/static,file:///workdir/hadoop-ozone/integration-test/target/test-classes/webapps/static,AVAILABLE}
2019-10-05 03:38:44,950 [main] INFO  handler.ContextHandler (ContextHandler.java:doStart(781)) - Started o.e.j.w.WebAppContext@1e6060f1{/,file:///workdir/hadoop-ozone/integration-test/target/test-classes/webapps/ozoneManager/,AVAILABLE}{/ozoneManager}
2019-10-05 03:38:44,951 [main] INFO  server.AbstractConnector (AbstractConnector.java:doStart(278)) - Started ServerConnector@7e49ded{HTTP/1.1,[http/1.1]}{0.0.0.0:39870}
2019-10-05 03:38:44,952 [main] INFO  server.Server (Server.java:doStart(419)) - Started @211543ms
2019-10-05 03:38:44,952 [main] WARN  impl.MetricsSystemImpl (MetricsSystemImpl.java:register(276)) - Sink prometheus already exists!
2019-10-05 03:38:44,953 [main] INFO  server.BaseHttpServer (BaseHttpServer.java:updateConnectorAddress(215)) - HTTP server of OZONEMANAGER is listening at http://0.0.0.0:39870
2019-10-05 03:38:44,964 [main] INFO  impl.MetricsSystemImpl (MetricsSystemImpl.java:init(158)) - HddsDatanode metrics system started (again)
2019-10-05 03:38:44,967 [main] INFO  ozone.HddsDatanodeService (HddsDatanodeService.java:start(184)) - HddsDatanodeService host:pr-trunk-8bgv9-3736441219 ip:192.168.30.52
2019-10-05 03:38:44,973 [main] INFO  volume.HddsVolume (HddsVolume.java:<init>(176)) - Creating Volume: /workdir/hadoop-ozone/integration-test/target/test-dir/MiniOzoneClusterImpl-488e3676-e8d2-4e8a-b095-27ca3829cd58/datanode-0/data/containers/hdds of  storage type : DISK and capacity : 1482555576320
2019-10-05 03:38:44,973 [main] INFO  volume.VolumeSet (VolumeSet.java:initializeVolumeSet(170)) - Added Volume : /workdir/hadoop-ozone/integration-test/target/test-dir/MiniOzoneClusterImpl-488e3676-e8d2-4e8a-b095-27ca3829cd58/datanode-0/data/containers/hdds to VolumeSet
2019-10-05 03:38:44,974 [main] INFO  volume.ThrottledAsyncChecker (ThrottledAsyncChecker.java:schedule(139)) - Scheduling a check for org.apache.hadoop.ozone.container.common.volume.HddsVolume@391d1e33
2019-10-05 03:38:44,974 [main] INFO  volume.HddsVolumeChecker (HddsVolumeChecker.java:checkAllVolumes(202)) - Scheduled health check for volume org.apache.hadoop.ozone.container.common.volume.HddsVolume@391d1e33
2019-10-05 03:38:44,987 [main] INFO  impl.RaftServerProxy (ConfUtils.java:logGet(43)) - raft.rpc.type = GRPC (default)
2019-10-05 03:38:44,987 [main] INFO  grpc.GrpcFactory (GrpcFactory.java:checkPooledByteBufAllocatorUseCacheForAllThreads(45)) - PERFORMANCE WARNING: useCacheForAllThreads is true that may cause Netty to create a lot garbage objects and, as a result, trigger GC.
	It is recommended to disable useCacheForAllThreads by setting -Dorg.apache.ratis.thirdparty.io.netty.allocator.useCacheForAllThreads=false in command line.
2019-10-05 03:38:44,988 [main] INFO  grpc.GrpcConfigKeys$Server (ConfUtils.java:logGet(43)) - raft.grpc.server.port = 0 (default)
2019-10-05 03:38:44,988 [main] INFO  server.GrpcService (ConfUtils.java:logGet(43)) - raft.grpc.message.size.max = 33570816 (custom)
2019-10-05 03:38:44,988 [main] INFO  server.RaftServerConfigKeys (ConfUtils.java:logGet(43)) - raft.server.log.appender.buffer.byte-limit = 33554432 (custom)
2019-10-05 03:38:44,988 [main] INFO  server.GrpcService (ConfUtils.java:logGet(43)) - raft.grpc.flow.control.window = 1MB (=1048576) (default)
2019-10-05 03:38:44,988 [main] INFO  server.RaftServerConfigKeys (ConfUtils.java:logGet(43)) - raft.server.rpc.request.timeout = 3000ms (default)
2019-10-05 03:38:44,989 [main] INFO  server.RaftServerConfigKeys (ConfUtils.java:logGet(43)) - raft.server.storage.dir = [/workdir/hadoop-ozone/integration-test/target/test-dir/MiniOzoneClusterImpl-488e3676-e8d2-4e8a-b095-27ca3829cd58/datanode-0/data/ratis] (custom)
2019-10-05 03:38:44,990 [main] INFO  hdfs.DFSUtil (DFSUtil.java:httpServerTemplateForNNAndJN(1641)) - Starting Web-server for hddsDatanode at: http://0.0.0.0:0
2019-10-05 03:38:44,991 [main] INFO  server.AuthenticationFilter (AuthenticationFilter.java:constructSecretProvider(240)) - Unable to initialize FileSignerSecretProvider, falling back to use random secrets.
2019-10-05 03:38:44,992 [main] WARN  http.HttpRequestLog (HttpRequestLog.java:getRequestLog(97)) - Jetty request log can only be enabled using Log4j
2019-10-05 03:38:44,993 [main] INFO  http.HttpServer2 (HttpServer2.java:addGlobalFilter(975)) - Added global filter 'safety' (class=org.apache.hadoop.http.HttpServer2$QuotingInputFilter)
2019-10-05 03:38:44,993 [main] INFO  http.HttpServer2 (HttpServer2.java:addFilter(948)) - Added filter static_user_filter (class=org.apache.hadoop.http.lib.StaticUserWebFilter$StaticUserFilter) to context hddsDatanode
2019-10-05 03:38:44,993 [main] INFO  http.HttpServer2 (HttpServer2.java:addFilter(958)) - Added filter static_user_filter (class=org.apache.hadoop.http.lib.StaticUserWebFilter$StaticUserFilter) to context logs
2019-10-05 03:38:44,993 [main] INFO  http.HttpServer2 (HttpServer2.java:addFilter(958)) - Added filter static_user_filter (class=org.apache.hadoop.http.lib.StaticUserWebFilter$StaticUserFilter) to context static
2019-10-05 03:38:44,994 [main] INFO  http.HttpServer2 (HttpServer2.java:bindListener(1191)) - Jetty bound to port 33829
2019-10-05 03:38:44,994 [main] INFO  server.Server (Server.java:doStart(351)) - jetty-9.3.25.v20180904, build timestamp: 2018-09-04T21:11:46Z, git hash: 3ce520221d0240229c862b122d2b06c12a625732
2019-10-05 03:38:44,996 [main] INFO  handler.ContextHandler (ContextHandler.java:doStart(781)) - Started o.e.j.s.ServletContextHandler@48cd319d{/logs,file:///workdir/hadoop-ozone/integration-test/target/log,AVAILABLE}
2019-10-05 03:38:44,996 [main] INFO  handler.ContextHandler (ContextHandler.java:doStart(781)) - Started o.e.j.s.ServletContextHandler@4ef18604{/static,jar:file:/home/user/.m2/repository/org/apache/hadoop/hadoop-hdds-container-service/0.5.0-SNAPSHOT/hadoop-hdds-container-service-0.5.0-SNAPSHOT.jar!/webapps/static,AVAILABLE}
2019-10-05 03:38:45,023 [main] INFO  handler.ContextHandler (ContextHandler.java:doStart(781)) - Started o.e.j.w.WebAppContext@6b2fdffc{/,file:///tmp/jetty-0.0.0.0-33829-hddsDatanode-_-any-5638084627720211760.dir/webapp/,AVAILABLE}{/hddsDatanode}
2019-10-05 03:38:45,024 [main] INFO  server.AbstractConnector (AbstractConnector.java:doStart(278)) - Started ServerConnector@2ca3d826{HTTP/1.1,[http/1.1]}{0.0.0.0:33829}
2019-10-05 03:38:45,025 [main] INFO  server.Server (Server.java:doStart(419)) - Started @211616ms
2019-10-05 03:38:45,026 [main] WARN  impl.MetricsSystemImpl (MetricsSystemImpl.java:register(276)) - Sink prometheus already exists!
2019-10-05 03:38:45,026 [main] INFO  server.BaseHttpServer (BaseHttpServer.java:updateConnectorAddress(215)) - HTTP server of HDDSDATANODE is listening at http://0.0.0.0:33829
2019-10-05 03:38:45,027 [main] INFO  impl.MetricsSystemImpl (MetricsSystemImpl.java:init(158)) - HddsDatanode metrics system started (again)
2019-10-05 03:38:45,031 [org.apache.hadoop.util.JvmPauseMonitor$Monitor@56f81010] INFO  util.JvmPauseMonitor (JvmPauseMonitor.java:run(188)) - Starting JVM pause monitor
2019-10-05 03:38:45,032 [main] INFO  ozone.HddsDatanodeService (HddsDatanodeService.java:start(184)) - HddsDatanodeService host:pr-trunk-8bgv9-3736441219 ip:192.168.30.52
2019-10-05 03:38:45,033 [Datanode State Machine Thread - 0] INFO  datanode.InitDatanodeState (InitDatanodeState.java:persistContainerDatanodeDetails(140)) - DatanodeDetails is persisted to /workdir/hadoop-ozone/integration-test/target/test-dir/MiniOzoneClusterImpl-488e3676-e8d2-4e8a-b095-27ca3829cd58/datanode-0/meta/datanode.id
2019-10-05 03:38:45,039 [main] INFO  volume.HddsVolume (HddsVolume.java:<init>(176)) - Creating Volume: /workdir/hadoop-ozone/integration-test/target/test-dir/MiniOzoneClusterImpl-488e3676-e8d2-4e8a-b095-27ca3829cd58/datanode-1/data/containers/hdds of  storage type : DISK and capacity : 1482555576320
2019-10-05 03:38:45,040 [main] INFO  volume.VolumeSet (VolumeSet.java:initializeVolumeSet(170)) - Added Volume : /workdir/hadoop-ozone/integration-test/target/test-dir/MiniOzoneClusterImpl-488e3676-e8d2-4e8a-b095-27ca3829cd58/datanode-1/data/containers/hdds to VolumeSet
2019-10-05 03:38:45,040 [main] INFO  volume.ThrottledAsyncChecker (ThrottledAsyncChecker.java:schedule(139)) - Scheduling a check for org.apache.hadoop.ozone.container.common.volume.HddsVolume@515ab3f2
2019-10-05 03:38:45,040 [main] INFO  volume.HddsVolumeChecker (HddsVolumeChecker.java:checkAllVolumes(202)) - Scheduled health check for volume org.apache.hadoop.ozone.container.common.volume.HddsVolume@515ab3f2
2019-10-05 03:38:45,058 [main] INFO  impl.RaftServerProxy (ConfUtils.java:logGet(43)) - raft.rpc.type = GRPC (default)
2019-10-05 03:38:45,059 [main] INFO  grpc.GrpcFactory (GrpcFactory.java:checkPooledByteBufAllocatorUseCacheForAllThreads(45)) - PERFORMANCE WARNING: useCacheForAllThreads is true that may cause Netty to create a lot garbage objects and, as a result, trigger GC.
	It is recommended to disable useCacheForAllThreads by setting -Dorg.apache.ratis.thirdparty.io.netty.allocator.useCacheForAllThreads=false in command line.
2019-10-05 03:38:45,059 [main] INFO  grpc.GrpcConfigKeys$Server (ConfUtils.java:logGet(43)) - raft.grpc.server.port = 0 (default)
2019-10-05 03:38:45,059 [main] INFO  server.GrpcService (ConfUtils.java:logGet(43)) - raft.grpc.message.size.max = 33570816 (custom)
2019-10-05 03:38:45,060 [main] INFO  server.RaftServerConfigKeys (ConfUtils.java:logGet(43)) - raft.server.log.appender.buffer.byte-limit = 33554432 (custom)
2019-10-05 03:38:45,060 [main] INFO  server.GrpcService (ConfUtils.java:logGet(43)) - raft.grpc.flow.control.window = 1MB (=1048576) (default)
2019-10-05 03:38:45,060 [main] INFO  server.RaftServerConfigKeys (ConfUtils.java:logGet(43)) - raft.server.rpc.request.timeout = 3000ms (default)
2019-10-05 03:38:45,060 [main] INFO  server.RaftServerConfigKeys (ConfUtils.java:logGet(43)) - raft.server.storage.dir = [/workdir/hadoop-ozone/integration-test/target/test-dir/MiniOzoneClusterImpl-488e3676-e8d2-4e8a-b095-27ca3829cd58/datanode-1/data/ratis] (custom)
2019-10-05 03:38:45,062 [main] INFO  hdfs.DFSUtil (DFSUtil.java:httpServerTemplateForNNAndJN(1641)) - Starting Web-server for hddsDatanode at: http://0.0.0.0:0
2019-10-05 03:38:45,063 [main] INFO  server.AuthenticationFilter (AuthenticationFilter.java:constructSecretProvider(240)) - Unable to initialize FileSignerSecretProvider, falling back to use random secrets.
2019-10-05 03:38:45,064 [main] WARN  http.HttpRequestLog (HttpRequestLog.java:getRequestLog(97)) - Jetty request log can only be enabled using Log4j
2019-10-05 03:38:45,065 [main] INFO  http.HttpServer2 (HttpServer2.java:addGlobalFilter(975)) - Added global filter 'safety' (class=org.apache.hadoop.http.HttpServer2$QuotingInputFilter)
2019-10-05 03:38:45,066 [main] INFO  http.HttpServer2 (HttpServer2.java:addFilter(948)) - Added filter static_user_filter (class=org.apache.hadoop.http.lib.StaticUserWebFilter$StaticUserFilter) to context hddsDatanode
2019-10-05 03:38:45,066 [main] INFO  http.HttpServer2 (HttpServer2.java:addFilter(958)) - Added filter static_user_filter (class=org.apache.hadoop.http.lib.StaticUserWebFilter$StaticUserFilter) to context static
2019-10-05 03:38:45,066 [main] INFO  http.HttpServer2 (HttpServer2.java:addFilter(958)) - Added filter static_user_filter (class=org.apache.hadoop.http.lib.StaticUserWebFilter$StaticUserFilter) to context logs
2019-10-05 03:38:45,067 [main] INFO  http.HttpServer2 (HttpServer2.java:bindListener(1191)) - Jetty bound to port 44536
2019-10-05 03:38:45,067 [main] INFO  server.Server (Server.java:doStart(351)) - jetty-9.3.25.v20180904, build timestamp: 2018-09-04T21:11:46Z, git hash: 3ce520221d0240229c862b122d2b06c12a625732
2019-10-05 03:38:45,069 [main] INFO  handler.ContextHandler (ContextHandler.java:doStart(781)) - Started o.e.j.s.ServletContextHandler@6c951ada{/logs,file:///workdir/hadoop-ozone/integration-test/target/log,AVAILABLE}
2019-10-05 03:38:45,070 [main] INFO  handler.ContextHandler (ContextHandler.java:doStart(781)) - Started o.e.j.s.ServletContextHandler@3b0d3a63{/static,jar:file:/home/user/.m2/repository/org/apache/hadoop/hadoop-hdds-container-service/0.5.0-SNAPSHOT/hadoop-hdds-container-service-0.5.0-SNAPSHOT.jar!/webapps/static,AVAILABLE}
2019-10-05 03:38:45,105 [main] INFO  handler.ContextHandler (ContextHandler.java:doStart(781)) - Started o.e.j.w.WebAppContext@578a5ce8{/,file:///tmp/jetty-0.0.0.0-44536-hddsDatanode-_-any-3790679343687212628.dir/webapp/,AVAILABLE}{/hddsDatanode}
2019-10-05 03:38:45,106 [main] INFO  server.AbstractConnector (AbstractConnector.java:doStart(278)) - Started ServerConnector@7c453c34{HTTP/1.1,[http/1.1]}{0.0.0.0:44536}
2019-10-05 03:38:45,107 [main] INFO  server.Server (Server.java:doStart(419)) - Started @211698ms
2019-10-05 03:38:45,107 [main] WARN  impl.MetricsSystemImpl (MetricsSystemImpl.java:register(276)) - Sink prometheus already exists!
2019-10-05 03:38:45,108 [main] INFO  server.BaseHttpServer (BaseHttpServer.java:updateConnectorAddress(215)) - HTTP server of HDDSDATANODE is listening at http://0.0.0.0:44536
2019-10-05 03:38:45,108 [main] INFO  impl.MetricsSystemImpl (MetricsSystemImpl.java:init(158)) - HddsDatanode metrics system started (again)
2019-10-05 03:38:45,113 [org.apache.hadoop.util.JvmPauseMonitor$Monitor@5cdff0cb] INFO  util.JvmPauseMonitor (JvmPauseMonitor.java:run(188)) - Starting JVM pause monitor
2019-10-05 03:38:45,114 [main] INFO  ozone.HddsDatanodeService (HddsDatanodeService.java:start(184)) - HddsDatanodeService host:pr-trunk-8bgv9-3736441219 ip:192.168.30.52
2019-10-05 03:38:45,115 [Datanode State Machine Thread - 0] INFO  datanode.InitDatanodeState (InitDatanodeState.java:persistContainerDatanodeDetails(140)) - DatanodeDetails is persisted to /workdir/hadoop-ozone/integration-test/target/test-dir/MiniOzoneClusterImpl-488e3676-e8d2-4e8a-b095-27ca3829cd58/datanode-1/meta/datanode.id
2019-10-05 03:38:45,121 [main] INFO  volume.HddsVolume (HddsVolume.java:<init>(176)) - Creating Volume: /workdir/hadoop-ozone/integration-test/target/test-dir/MiniOzoneClusterImpl-488e3676-e8d2-4e8a-b095-27ca3829cd58/datanode-2/data/containers/hdds of  storage type : DISK and capacity : 1482555576320
2019-10-05 03:38:45,121 [main] INFO  volume.VolumeSet (VolumeSet.java:initializeVolumeSet(170)) - Added Volume : /workdir/hadoop-ozone/integration-test/target/test-dir/MiniOzoneClusterImpl-488e3676-e8d2-4e8a-b095-27ca3829cd58/datanode-2/data/containers/hdds to VolumeSet
2019-10-05 03:38:45,121 [main] INFO  volume.ThrottledAsyncChecker (ThrottledAsyncChecker.java:schedule(139)) - Scheduling a check for org.apache.hadoop.ozone.container.common.volume.HddsVolume@216372b7
2019-10-05 03:38:45,122 [main] INFO  volume.HddsVolumeChecker (HddsVolumeChecker.java:checkAllVolumes(202)) - Scheduled health check for volume org.apache.hadoop.ozone.container.common.volume.HddsVolume@216372b7
2019-10-05 03:38:45,140 [main] INFO  impl.RaftServerProxy (ConfUtils.java:logGet(43)) - raft.rpc.type = GRPC (default)
2019-10-05 03:38:45,140 [main] INFO  grpc.GrpcFactory (GrpcFactory.java:checkPooledByteBufAllocatorUseCacheForAllThreads(45)) - PERFORMANCE WARNING: useCacheForAllThreads is true that may cause Netty to create a lot garbage objects and, as a result, trigger GC.
	It is recommended to disable useCacheForAllThreads by setting -Dorg.apache.ratis.thirdparty.io.netty.allocator.useCacheForAllThreads=false in command line.
2019-10-05 03:38:45,140 [main] INFO  grpc.GrpcConfigKeys$Server (ConfUtils.java:logGet(43)) - raft.grpc.server.port = 0 (default)
2019-10-05 03:38:45,140 [main] INFO  server.GrpcService (ConfUtils.java:logGet(43)) - raft.grpc.message.size.max = 33570816 (custom)
2019-10-05 03:38:45,141 [main] INFO  server.RaftServerConfigKeys (ConfUtils.java:logGet(43)) - raft.server.log.appender.buffer.byte-limit = 33554432 (custom)
2019-10-05 03:38:45,141 [main] INFO  server.GrpcService (ConfUtils.java:logGet(43)) - raft.grpc.flow.control.window = 1MB (=1048576) (default)
2019-10-05 03:38:45,141 [main] INFO  server.RaftServerConfigKeys (ConfUtils.java:logGet(43)) - raft.server.rpc.request.timeout = 3000ms (default)
2019-10-05 03:38:45,142 [main] INFO  server.RaftServerConfigKeys (ConfUtils.java:logGet(43)) - raft.server.storage.dir = [/workdir/hadoop-ozone/integration-test/target/test-dir/MiniOzoneClusterImpl-488e3676-e8d2-4e8a-b095-27ca3829cd58/datanode-2/data/ratis] (custom)
2019-10-05 03:38:45,143 [main] INFO  hdfs.DFSUtil (DFSUtil.java:httpServerTemplateForNNAndJN(1641)) - Starting Web-server for hddsDatanode at: http://0.0.0.0:0
2019-10-05 03:38:45,144 [main] INFO  server.AuthenticationFilter (AuthenticationFilter.java:constructSecretProvider(240)) - Unable to initialize FileSignerSecretProvider, falling back to use random secrets.
2019-10-05 03:38:45,144 [main] WARN  http.HttpRequestLog (HttpRequestLog.java:getRequestLog(97)) - Jetty request log can only be enabled using Log4j
2019-10-05 03:38:45,146 [main] INFO  http.HttpServer2 (HttpServer2.java:addGlobalFilter(975)) - Added global filter 'safety' (class=org.apache.hadoop.http.HttpServer2$QuotingInputFilter)
2019-10-05 03:38:45,146 [main] INFO  http.HttpServer2 (HttpServer2.java:addFilter(948)) - Added filter static_user_filter (class=org.apache.hadoop.http.lib.StaticUserWebFilter$StaticUserFilter) to context hddsDatanode
2019-10-05 03:38:45,146 [main] INFO  http.HttpServer2 (HttpServer2.java:addFilter(958)) - Added filter static_user_filter (class=org.apache.hadoop.http.lib.StaticUserWebFilter$StaticUserFilter) to context static
2019-10-05 03:38:45,146 [main] INFO  http.HttpServer2 (HttpServer2.java:addFilter(958)) - Added filter static_user_filter (class=org.apache.hadoop.http.lib.StaticUserWebFilter$StaticUserFilter) to context logs
2019-10-05 03:38:45,147 [main] INFO  http.HttpServer2 (HttpServer2.java:bindListener(1191)) - Jetty bound to port 40263
2019-10-05 03:38:45,147 [main] INFO  server.Server (Server.java:doStart(351)) - jetty-9.3.25.v20180904, build timestamp: 2018-09-04T21:11:46Z, git hash: 3ce520221d0240229c862b122d2b06c12a625732
2019-10-05 03:38:45,148 [main] INFO  handler.ContextHandler (ContextHandler.java:doStart(781)) - Started o.e.j.s.ServletContextHandler@11e9ac24{/logs,file:///workdir/hadoop-ozone/integration-test/target/log,AVAILABLE}
2019-10-05 03:38:45,149 [main] INFO  handler.ContextHandler (ContextHandler.java:doStart(781)) - Started o.e.j.s.ServletContextHandler@675b18ff{/static,jar:file:/home/user/.m2/repository/org/apache/hadoop/hadoop-hdds-container-service/0.5.0-SNAPSHOT/hadoop-hdds-container-service-0.5.0-SNAPSHOT.jar!/webapps/static,AVAILABLE}
2019-10-05 03:38:45,174 [main] INFO  handler.ContextHandler (ContextHandler.java:doStart(781)) - Started o.e.j.w.WebAppContext@4270b142{/,file:///tmp/jetty-0.0.0.0-40263-hddsDatanode-_-any-3312631313921216130.dir/webapp/,AVAILABLE}{/hddsDatanode}
2019-10-05 03:38:45,174 [main] INFO  server.AbstractConnector (AbstractConnector.java:doStart(278)) - Started ServerConnector@2dfa02c1{HTTP/1.1,[http/1.1]}{0.0.0.0:40263}
2019-10-05 03:38:45,176 [main] INFO  server.Server (Server.java:doStart(419)) - Started @211767ms
2019-10-05 03:38:45,176 [main] WARN  impl.MetricsSystemImpl (MetricsSystemImpl.java:register(276)) - Sink prometheus already exists!
2019-10-05 03:38:45,177 [main] INFO  server.BaseHttpServer (BaseHttpServer.java:updateConnectorAddress(215)) - HTTP server of HDDSDATANODE is listening at http://0.0.0.0:40263
2019-10-05 03:38:45,177 [main] INFO  impl.MetricsSystemImpl (MetricsSystemImpl.java:init(158)) - HddsDatanode metrics system started (again)
2019-10-05 03:38:45,181 [org.apache.hadoop.util.JvmPauseMonitor$Monitor@47bdf99a] INFO  util.JvmPauseMonitor (JvmPauseMonitor.java:run(188)) - Starting JVM pause monitor
2019-10-05 03:38:45,182 [main] INFO  ozone.HddsDatanodeService (HddsDatanodeService.java:start(184)) - HddsDatanodeService host:pr-trunk-8bgv9-3736441219 ip:192.168.30.52
2019-10-05 03:38:45,182 [Datanode State Machine Thread - 0] INFO  datanode.InitDatanodeState (InitDatanodeState.java:persistContainerDatanodeDetails(140)) - DatanodeDetails is persisted to /workdir/hadoop-ozone/integration-test/target/test-dir/MiniOzoneClusterImpl-488e3676-e8d2-4e8a-b095-27ca3829cd58/datanode-2/meta/datanode.id
2019-10-05 03:38:45,188 [main] INFO  volume.HddsVolume (HddsVolume.java:<init>(176)) - Creating Volume: /workdir/hadoop-ozone/integration-test/target/test-dir/MiniOzoneClusterImpl-488e3676-e8d2-4e8a-b095-27ca3829cd58/datanode-3/data/containers/hdds of  storage type : DISK and capacity : 1482555576320
2019-10-05 03:38:45,188 [main] INFO  volume.VolumeSet (VolumeSet.java:initializeVolumeSet(170)) - Added Volume : /workdir/hadoop-ozone/integration-test/target/test-dir/MiniOzoneClusterImpl-488e3676-e8d2-4e8a-b095-27ca3829cd58/datanode-3/data/containers/hdds to VolumeSet
2019-10-05 03:38:45,188 [main] INFO  volume.ThrottledAsyncChecker (ThrottledAsyncChecker.java:schedule(139)) - Scheduling a check for org.apache.hadoop.ozone.container.common.volume.HddsVolume@62a6674f
2019-10-05 03:38:45,189 [main] INFO  volume.HddsVolumeChecker (HddsVolumeChecker.java:checkAllVolumes(202)) - Scheduled health check for volume org.apache.hadoop.ozone.container.common.volume.HddsVolume@62a6674f
2019-10-05 03:38:45,200 [main] INFO  impl.RaftServerProxy (ConfUtils.java:logGet(43)) - raft.rpc.type = GRPC (default)
2019-10-05 03:38:45,200 [main] INFO  grpc.GrpcFactory (GrpcFactory.java:checkPooledByteBufAllocatorUseCacheForAllThreads(45)) - PERFORMANCE WARNING: useCacheForAllThreads is true that may cause Netty to create a lot garbage objects and, as a result, trigger GC.
	It is recommended to disable useCacheForAllThreads by setting -Dorg.apache.ratis.thirdparty.io.netty.allocator.useCacheForAllThreads=false in command line.
2019-10-05 03:38:45,200 [main] INFO  grpc.GrpcConfigKeys$Server (ConfUtils.java:logGet(43)) - raft.grpc.server.port = 0 (default)
2019-10-05 03:38:45,201 [main] INFO  server.GrpcService (ConfUtils.java:logGet(43)) - raft.grpc.message.size.max = 33570816 (custom)
2019-10-05 03:38:45,201 [main] INFO  server.RaftServerConfigKeys (ConfUtils.java:logGet(43)) - raft.server.log.appender.buffer.byte-limit = 33554432 (custom)
2019-10-05 03:38:45,201 [main] INFO  server.GrpcService (ConfUtils.java:logGet(43)) - raft.grpc.flow.control.window = 1MB (=1048576) (default)
2019-10-05 03:38:45,201 [main] INFO  server.RaftServerConfigKeys (ConfUtils.java:logGet(43)) - raft.server.rpc.request.timeout = 3000ms (default)
2019-10-05 03:38:45,201 [main] INFO  server.RaftServerConfigKeys (ConfUtils.java:logGet(43)) - raft.server.storage.dir = [/workdir/hadoop-ozone/integration-test/target/test-dir/MiniOzoneClusterImpl-488e3676-e8d2-4e8a-b095-27ca3829cd58/datanode-3/data/ratis] (custom)
2019-10-05 03:38:45,202 [main] INFO  hdfs.DFSUtil (DFSUtil.java:httpServerTemplateForNNAndJN(1641)) - Starting Web-server for hddsDatanode at: http://0.0.0.0:0
2019-10-05 03:38:45,203 [main] INFO  server.AuthenticationFilter (AuthenticationFilter.java:constructSecretProvider(240)) - Unable to initialize FileSignerSecretProvider, falling back to use random secrets.
2019-10-05 03:38:45,204 [main] WARN  http.HttpRequestLog (HttpRequestLog.java:getRequestLog(97)) - Jetty request log can only be enabled using Log4j
2019-10-05 03:38:45,205 [main] INFO  http.HttpServer2 (HttpServer2.java:addGlobalFilter(975)) - Added global filter 'safety' (class=org.apache.hadoop.http.HttpServer2$QuotingInputFilter)
2019-10-05 03:38:45,205 [main] INFO  http.HttpServer2 (HttpServer2.java:addFilter(948)) - Added filter static_user_filter (class=org.apache.hadoop.http.lib.StaticUserWebFilter$StaticUserFilter) to context hddsDatanode
2019-10-05 03:38:45,205 [main] INFO  http.HttpServer2 (HttpServer2.java:addFilter(958)) - Added filter static_user_filter (class=org.apache.hadoop.http.lib.StaticUserWebFilter$StaticUserFilter) to context logs
2019-10-05 03:38:45,205 [main] INFO  http.HttpServer2 (HttpServer2.java:addFilter(958)) - Added filter static_user_filter (class=org.apache.hadoop.http.lib.StaticUserWebFilter$StaticUserFilter) to context static
2019-10-05 03:38:45,206 [main] INFO  http.HttpServer2 (HttpServer2.java:bindListener(1191)) - Jetty bound to port 42824
2019-10-05 03:38:45,206 [main] INFO  server.Server (Server.java:doStart(351)) - jetty-9.3.25.v20180904, build timestamp: 2018-09-04T21:11:46Z, git hash: 3ce520221d0240229c862b122d2b06c12a625732
2019-10-05 03:38:45,208 [main] INFO  handler.ContextHandler (ContextHandler.java:doStart(781)) - Started o.e.j.s.ServletContextHandler@52354202{/logs,file:///workdir/hadoop-ozone/integration-test/target/log,AVAILABLE}
2019-10-05 03:38:45,208 [main] INFO  handler.ContextHandler (ContextHandler.java:doStart(781)) - Started o.e.j.s.ServletContextHandler@342ee097{/static,jar:file:/home/user/.m2/repository/org/apache/hadoop/hadoop-hdds-container-service/0.5.0-SNAPSHOT/hadoop-hdds-container-service-0.5.0-SNAPSHOT.jar!/webapps/static,AVAILABLE}
2019-10-05 03:38:45,233 [main] INFO  handler.ContextHandler (ContextHandler.java:doStart(781)) - Started o.e.j.w.WebAppContext@28d739f1{/,file:///tmp/jetty-0.0.0.0-42824-hddsDatanode-_-any-156199315193042698.dir/webapp/,AVAILABLE}{/hddsDatanode}
2019-10-05 03:38:45,234 [main] INFO  server.AbstractConnector (AbstractConnector.java:doStart(278)) - Started ServerConnector@1c5d3a37{HTTP/1.1,[http/1.1]}{0.0.0.0:42824}
2019-10-05 03:38:45,235 [main] INFO  server.Server (Server.java:doStart(419)) - Started @211826ms
2019-10-05 03:38:45,236 [main] WARN  impl.MetricsSystemImpl (MetricsSystemImpl.java:register(276)) - Sink prometheus already exists!
2019-10-05 03:38:45,236 [main] INFO  server.BaseHttpServer (BaseHttpServer.java:updateConnectorAddress(215)) - HTTP server of HDDSDATANODE is listening at http://0.0.0.0:42824
2019-10-05 03:38:45,236 [main] INFO  impl.MetricsSystemImpl (MetricsSystemImpl.java:init(158)) - HddsDatanode metrics system started (again)
2019-10-05 03:38:45,241 [org.apache.hadoop.util.JvmPauseMonitor$Monitor@3178c21e] INFO  util.JvmPauseMonitor (JvmPauseMonitor.java:run(188)) - Starting JVM pause monitor
2019-10-05 03:38:45,241 [main] INFO  ozone.HddsDatanodeService (HddsDatanodeService.java:start(184)) - HddsDatanodeService host:pr-trunk-8bgv9-3736441219 ip:192.168.30.52
2019-10-05 03:38:45,242 [Datanode State Machine Thread - 0] INFO  datanode.InitDatanodeState (InitDatanodeState.java:persistContainerDatanodeDetails(140)) - DatanodeDetails is persisted to /workdir/hadoop-ozone/integration-test/target/test-dir/MiniOzoneClusterImpl-488e3676-e8d2-4e8a-b095-27ca3829cd58/datanode-3/meta/datanode.id
2019-10-05 03:38:45,248 [main] INFO  volume.HddsVolume (HddsVolume.java:<init>(176)) - Creating Volume: /workdir/hadoop-ozone/integration-test/target/test-dir/MiniOzoneClusterImpl-488e3676-e8d2-4e8a-b095-27ca3829cd58/datanode-4/data/containers/hdds of  storage type : DISK and capacity : 1482555576320
2019-10-05 03:38:45,248 [main] INFO  volume.VolumeSet (VolumeSet.java:initializeVolumeSet(170)) - Added Volume : /workdir/hadoop-ozone/integration-test/target/test-dir/MiniOzoneClusterImpl-488e3676-e8d2-4e8a-b095-27ca3829cd58/datanode-4/data/containers/hdds to VolumeSet
2019-10-05 03:38:45,248 [main] INFO  volume.ThrottledAsyncChecker (ThrottledAsyncChecker.java:schedule(139)) - Scheduling a check for org.apache.hadoop.ozone.container.common.volume.HddsVolume@6889f56f
2019-10-05 03:38:45,249 [main] INFO  volume.HddsVolumeChecker (HddsVolumeChecker.java:checkAllVolumes(202)) - Scheduled health check for volume org.apache.hadoop.ozone.container.common.volume.HddsVolume@6889f56f
2019-10-05 03:38:45,262 [main] INFO  impl.RaftServerProxy (ConfUtils.java:logGet(43)) - raft.rpc.type = GRPC (default)
2019-10-05 03:38:45,262 [main] INFO  grpc.GrpcFactory (GrpcFactory.java:checkPooledByteBufAllocatorUseCacheForAllThreads(45)) - PERFORMANCE WARNING: useCacheForAllThreads is true that may cause Netty to create a lot garbage objects and, as a result, trigger GC.
	It is recommended to disable useCacheForAllThreads by setting -Dorg.apache.ratis.thirdparty.io.netty.allocator.useCacheForAllThreads=false in command line.
2019-10-05 03:38:45,262 [main] INFO  grpc.GrpcConfigKeys$Server (ConfUtils.java:logGet(43)) - raft.grpc.server.port = 0 (default)
2019-10-05 03:38:45,262 [main] INFO  server.GrpcService (ConfUtils.java:logGet(43)) - raft.grpc.message.size.max = 33570816 (custom)
2019-10-05 03:38:45,262 [main] INFO  server.RaftServerConfigKeys (ConfUtils.java:logGet(43)) - raft.server.log.appender.buffer.byte-limit = 33554432 (custom)
2019-10-05 03:38:45,262 [main] INFO  server.GrpcService (ConfUtils.java:logGet(43)) - raft.grpc.flow.control.window = 1MB (=1048576) (default)
2019-10-05 03:38:45,263 [main] INFO  server.RaftServerConfigKeys (ConfUtils.java:logGet(43)) - raft.server.rpc.request.timeout = 3000ms (default)
2019-10-05 03:38:45,263 [main] INFO  server.RaftServerConfigKeys (ConfUtils.java:logGet(43)) - raft.server.storage.dir = [/workdir/hadoop-ozone/integration-test/target/test-dir/MiniOzoneClusterImpl-488e3676-e8d2-4e8a-b095-27ca3829cd58/datanode-4/data/ratis] (custom)
2019-10-05 03:38:45,264 [main] INFO  hdfs.DFSUtil (DFSUtil.java:httpServerTemplateForNNAndJN(1641)) - Starting Web-server for hddsDatanode at: http://0.0.0.0:0
2019-10-05 03:38:45,265 [main] INFO  server.AuthenticationFilter (AuthenticationFilter.java:constructSecretProvider(240)) - Unable to initialize FileSignerSecretProvider, falling back to use random secrets.
2019-10-05 03:38:45,265 [main] WARN  http.HttpRequestLog (HttpRequestLog.java:getRequestLog(97)) - Jetty request log can only be enabled using Log4j
2019-10-05 03:38:45,266 [main] INFO  http.HttpServer2 (HttpServer2.java:addGlobalFilter(975)) - Added global filter 'safety' (class=org.apache.hadoop.http.HttpServer2$QuotingInputFilter)
2019-10-05 03:38:45,267 [main] INFO  http.HttpServer2 (HttpServer2.java:addFilter(948)) - Added filter static_user_filter (class=org.apache.hadoop.http.lib.StaticUserWebFilter$StaticUserFilter) to context hddsDatanode
2019-10-05 03:38:45,267 [main] INFO  http.HttpServer2 (HttpServer2.java:addFilter(958)) - Added filter static_user_filter (class=org.apache.hadoop.http.lib.StaticUserWebFilter$StaticUserFilter) to context logs
2019-10-05 03:38:45,267 [main] INFO  http.HttpServer2 (HttpServer2.java:addFilter(958)) - Added filter static_user_filter (class=org.apache.hadoop.http.lib.StaticUserWebFilter$StaticUserFilter) to context static
2019-10-05 03:38:45,267 [main] INFO  http.HttpServer2 (HttpServer2.java:bindListener(1191)) - Jetty bound to port 38616
2019-10-05 03:38:45,268 [main] INFO  server.Server (Server.java:doStart(351)) - jetty-9.3.25.v20180904, build timestamp: 2018-09-04T21:11:46Z, git hash: 3ce520221d0240229c862b122d2b06c12a625732
2019-10-05 03:38:45,269 [main] INFO  handler.ContextHandler (ContextHandler.java:doStart(781)) - Started o.e.j.s.ServletContextHandler@5d850a25{/logs,file:///workdir/hadoop-ozone/integration-test/target/log,AVAILABLE}
2019-10-05 03:38:45,269 [main] INFO  handler.ContextHandler (ContextHandler.java:doStart(781)) - Started o.e.j.s.ServletContextHandler@3e14d390{/static,jar:file:/home/user/.m2/repository/org/apache/hadoop/hadoop-hdds-container-service/0.5.0-SNAPSHOT/hadoop-hdds-container-service-0.5.0-SNAPSHOT.jar!/webapps/static,AVAILABLE}
2019-10-05 03:38:45,295 [main] INFO  handler.ContextHandler (ContextHandler.java:doStart(781)) - Started o.e.j.w.WebAppContext@4137aab0{/,file:///tmp/jetty-0.0.0.0-38616-hddsDatanode-_-any-8169901585620520301.dir/webapp/,AVAILABLE}{/hddsDatanode}
2019-10-05 03:38:45,295 [main] INFO  server.AbstractConnector (AbstractConnector.java:doStart(278)) - Started ServerConnector@1df9186f{HTTP/1.1,[http/1.1]}{0.0.0.0:38616}
2019-10-05 03:38:45,297 [main] INFO  server.Server (Server.java:doStart(419)) - Started @211888ms
2019-10-05 03:38:45,297 [main] WARN  impl.MetricsSystemImpl (MetricsSystemImpl.java:register(276)) - Sink prometheus already exists!
2019-10-05 03:38:45,298 [main] INFO  server.BaseHttpServer (BaseHttpServer.java:updateConnectorAddress(215)) - HTTP server of HDDSDATANODE is listening at http://0.0.0.0:38616
2019-10-05 03:38:45,298 [main] INFO  impl.MetricsSystemImpl (MetricsSystemImpl.java:init(158)) - HddsDatanode metrics system started (again)
2019-10-05 03:38:45,303 [org.apache.hadoop.util.JvmPauseMonitor$Monitor@5502d139] INFO  util.JvmPauseMonitor (JvmPauseMonitor.java:run(188)) - Starting JVM pause monitor
2019-10-05 03:38:45,303 [main] INFO  ozone.HddsDatanodeService (HddsDatanodeService.java:start(184)) - HddsDatanodeService host:pr-trunk-8bgv9-3736441219 ip:192.168.30.52
2019-10-05 03:38:45,304 [Datanode State Machine Thread - 0] INFO  datanode.InitDatanodeState (InitDatanodeState.java:persistContainerDatanodeDetails(140)) - DatanodeDetails is persisted to /workdir/hadoop-ozone/integration-test/target/test-dir/MiniOzoneClusterImpl-488e3676-e8d2-4e8a-b095-27ca3829cd58/datanode-4/meta/datanode.id
2019-10-05 03:38:45,310 [main] INFO  volume.HddsVolume (HddsVolume.java:<init>(176)) - Creating Volume: /workdir/hadoop-ozone/integration-test/target/test-dir/MiniOzoneClusterImpl-488e3676-e8d2-4e8a-b095-27ca3829cd58/datanode-5/data/containers/hdds of  storage type : DISK and capacity : 1482555576320
2019-10-05 03:38:45,310 [main] INFO  volume.VolumeSet (VolumeSet.java:initializeVolumeSet(170)) - Added Volume : /workdir/hadoop-ozone/integration-test/target/test-dir/MiniOzoneClusterImpl-488e3676-e8d2-4e8a-b095-27ca3829cd58/datanode-5/data/containers/hdds to VolumeSet
2019-10-05 03:38:45,310 [main] INFO  volume.ThrottledAsyncChecker (ThrottledAsyncChecker.java:schedule(139)) - Scheduling a check for org.apache.hadoop.ozone.container.common.volume.HddsVolume@62f9c790
2019-10-05 03:38:45,310 [main] INFO  volume.HddsVolumeChecker (HddsVolumeChecker.java:checkAllVolumes(202)) - Scheduled health check for volume org.apache.hadoop.ozone.container.common.volume.HddsVolume@62f9c790
2019-10-05 03:38:45,324 [main] INFO  impl.RaftServerProxy (ConfUtils.java:logGet(43)) - raft.rpc.type = GRPC (default)
2019-10-05 03:38:45,324 [main] INFO  grpc.GrpcFactory (GrpcFactory.java:checkPooledByteBufAllocatorUseCacheForAllThreads(45)) - PERFORMANCE WARNING: useCacheForAllThreads is true that may cause Netty to create a lot garbage objects and, as a result, trigger GC.
	It is recommended to disable useCacheForAllThreads by setting -Dorg.apache.ratis.thirdparty.io.netty.allocator.useCacheForAllThreads=false in command line.
2019-10-05 03:38:45,324 [main] INFO  grpc.GrpcConfigKeys$Server (ConfUtils.java:logGet(43)) - raft.grpc.server.port = 0 (default)
2019-10-05 03:38:45,325 [main] INFO  server.GrpcService (ConfUtils.java:logGet(43)) - raft.grpc.message.size.max = 33570816 (custom)
2019-10-05 03:38:45,325 [main] INFO  server.RaftServerConfigKeys (ConfUtils.java:logGet(43)) - raft.server.log.appender.buffer.byte-limit = 33554432 (custom)
2019-10-05 03:38:45,325 [main] INFO  server.GrpcService (ConfUtils.java:logGet(43)) - raft.grpc.flow.control.window = 1MB (=1048576) (default)
2019-10-05 03:38:45,325 [main] INFO  server.RaftServerConfigKeys (ConfUtils.java:logGet(43)) - raft.server.rpc.request.timeout = 3000ms (default)
2019-10-05 03:38:45,325 [main] INFO  server.RaftServerConfigKeys (ConfUtils.java:logGet(43)) - raft.server.storage.dir = [/workdir/hadoop-ozone/integration-test/target/test-dir/MiniOzoneClusterImpl-488e3676-e8d2-4e8a-b095-27ca3829cd58/datanode-5/data/ratis] (custom)
2019-10-05 03:38:45,326 [main] INFO  hdfs.DFSUtil (DFSUtil.java:httpServerTemplateForNNAndJN(1641)) - Starting Web-server for hddsDatanode at: http://0.0.0.0:0
2019-10-05 03:38:45,327 [main] INFO  server.AuthenticationFilter (AuthenticationFilter.java:constructSecretProvider(240)) - Unable to initialize FileSignerSecretProvider, falling back to use random secrets.
2019-10-05 03:38:45,328 [main] WARN  http.HttpRequestLog (HttpRequestLog.java:getRequestLog(97)) - Jetty request log can only be enabled using Log4j
2019-10-05 03:38:45,329 [main] INFO  http.HttpServer2 (HttpServer2.java:addGlobalFilter(975)) - Added global filter 'safety' (class=org.apache.hadoop.http.HttpServer2$QuotingInputFilter)
2019-10-05 03:38:45,329 [main] INFO  http.HttpServer2 (HttpServer2.java:addFilter(948)) - Added filter static_user_filter (class=org.apache.hadoop.http.lib.StaticUserWebFilter$StaticUserFilter) to context hddsDatanode
2019-10-05 03:38:45,330 [main] INFO  http.HttpServer2 (HttpServer2.java:addFilter(958)) - Added filter static_user_filter (class=org.apache.hadoop.http.lib.StaticUserWebFilter$StaticUserFilter) to context static
2019-10-05 03:38:45,330 [main] INFO  http.HttpServer2 (HttpServer2.java:addFilter(958)) - Added filter static_user_filter (class=org.apache.hadoop.http.lib.StaticUserWebFilter$StaticUserFilter) to context logs
2019-10-05 03:38:45,330 [main] INFO  http.HttpServer2 (HttpServer2.java:bindListener(1191)) - Jetty bound to port 44033
2019-10-05 03:38:45,330 [main] INFO  server.Server (Server.java:doStart(351)) - jetty-9.3.25.v20180904, build timestamp: 2018-09-04T21:11:46Z, git hash: 3ce520221d0240229c862b122d2b06c12a625732
2019-10-05 03:38:45,332 [main] INFO  handler.ContextHandler (ContextHandler.java:doStart(781)) - Started o.e.j.s.ServletContextHandler@756808cc{/logs,file:///workdir/hadoop-ozone/integration-test/target/log,AVAILABLE}
2019-10-05 03:38:45,332 [main] INFO  handler.ContextHandler (ContextHandler.java:doStart(781)) - Started o.e.j.s.ServletContextHandler@5012c571{/static,jar:file:/home/user/.m2/repository/org/apache/hadoop/hadoop-hdds-container-service/0.5.0-SNAPSHOT/hadoop-hdds-container-service-0.5.0-SNAPSHOT.jar!/webapps/static,AVAILABLE}
2019-10-05 03:38:45,357 [main] INFO  handler.ContextHandler (ContextHandler.java:doStart(781)) - Started o.e.j.w.WebAppContext@2c06b113{/,file:///tmp/jetty-0.0.0.0-44033-hddsDatanode-_-any-1756572882159611089.dir/webapp/,AVAILABLE}{/hddsDatanode}
2019-10-05 03:38:45,358 [main] INFO  server.AbstractConnector (AbstractConnector.java:doStart(278)) - Started ServerConnector@7a64cb0c{HTTP/1.1,[http/1.1]}{0.0.0.0:44033}
2019-10-05 03:38:45,360 [main] INFO  server.Server (Server.java:doStart(419)) - Started @211951ms
2019-10-05 03:38:45,360 [main] WARN  impl.MetricsSystemImpl (MetricsSystemImpl.java:register(276)) - Sink prometheus already exists!
2019-10-05 03:38:45,360 [main] INFO  server.BaseHttpServer (BaseHttpServer.java:updateConnectorAddress(215)) - HTTP server of HDDSDATANODE is listening at http://0.0.0.0:44033
2019-10-05 03:38:45,360 [main] INFO  impl.MetricsSystemImpl (MetricsSystemImpl.java:init(158)) - HddsDatanode metrics system started (again)
2019-10-05 03:38:45,366 [org.apache.hadoop.util.JvmPauseMonitor$Monitor@12e1ecdf] INFO  util.JvmPauseMonitor (JvmPauseMonitor.java:run(188)) - Starting JVM pause monitor
2019-10-05 03:38:45,366 [main] INFO  ozone.HddsDatanodeService (HddsDatanodeService.java:start(184)) - HddsDatanodeService host:pr-trunk-8bgv9-3736441219 ip:192.168.30.52
2019-10-05 03:38:45,367 [Datanode State Machine Thread - 0] INFO  datanode.InitDatanodeState (InitDatanodeState.java:persistContainerDatanodeDetails(140)) - DatanodeDetails is persisted to /workdir/hadoop-ozone/integration-test/target/test-dir/MiniOzoneClusterImpl-488e3676-e8d2-4e8a-b095-27ca3829cd58/datanode-5/meta/datanode.id
2019-10-05 03:38:45,372 [main] INFO  volume.HddsVolume (HddsVolume.java:<init>(176)) - Creating Volume: /workdir/hadoop-ozone/integration-test/target/test-dir/MiniOzoneClusterImpl-488e3676-e8d2-4e8a-b095-27ca3829cd58/datanode-6/data/containers/hdds of  storage type : DISK and capacity : 1482555576320
2019-10-05 03:38:45,373 [main] INFO  volume.VolumeSet (VolumeSet.java:initializeVolumeSet(170)) - Added Volume : /workdir/hadoop-ozone/integration-test/target/test-dir/MiniOzoneClusterImpl-488e3676-e8d2-4e8a-b095-27ca3829cd58/datanode-6/data/containers/hdds to VolumeSet
2019-10-05 03:38:45,373 [main] INFO  volume.ThrottledAsyncChecker (ThrottledAsyncChecker.java:schedule(139)) - Scheduling a check for org.apache.hadoop.ozone.container.common.volume.HddsVolume@32ab408e
2019-10-05 03:38:45,377 [main] INFO  volume.HddsVolumeChecker (HddsVolumeChecker.java:checkAllVolumes(202)) - Scheduled health check for volume org.apache.hadoop.ozone.container.common.volume.HddsVolume@32ab408e
2019-10-05 03:38:45,392 [main] INFO  impl.RaftServerProxy (ConfUtils.java:logGet(43)) - raft.rpc.type = GRPC (default)
2019-10-05 03:38:45,392 [main] INFO  grpc.GrpcFactory (GrpcFactory.java:checkPooledByteBufAllocatorUseCacheForAllThreads(45)) - PERFORMANCE WARNING: useCacheForAllThreads is true that may cause Netty to create a lot garbage objects and, as a result, trigger GC.
	It is recommended to disable useCacheForAllThreads by setting -Dorg.apache.ratis.thirdparty.io.netty.allocator.useCacheForAllThreads=false in command line.
2019-10-05 03:38:45,392 [main] INFO  grpc.GrpcConfigKeys$Server (ConfUtils.java:logGet(43)) - raft.grpc.server.port = 0 (default)
2019-10-05 03:38:45,392 [main] INFO  server.GrpcService (ConfUtils.java:logGet(43)) - raft.grpc.message.size.max = 33570816 (custom)
2019-10-05 03:38:45,392 [main] INFO  server.RaftServerConfigKeys (ConfUtils.java:logGet(43)) - raft.server.log.appender.buffer.byte-limit = 33554432 (custom)
2019-10-05 03:38:45,393 [main] INFO  server.GrpcService (ConfUtils.java:logGet(43)) - raft.grpc.flow.control.window = 1MB (=1048576) (default)
2019-10-05 03:38:45,393 [main] INFO  server.RaftServerConfigKeys (ConfUtils.java:logGet(43)) - raft.server.rpc.request.timeout = 3000ms (default)
2019-10-05 03:38:45,393 [main] INFO  server.RaftServerConfigKeys (ConfUtils.java:logGet(43)) - raft.server.storage.dir = [/workdir/hadoop-ozone/integration-test/target/test-dir/MiniOzoneClusterImpl-488e3676-e8d2-4e8a-b095-27ca3829cd58/datanode-6/data/ratis] (custom)
2019-10-05 03:38:45,394 [main] INFO  hdfs.DFSUtil (DFSUtil.java:httpServerTemplateForNNAndJN(1641)) - Starting Web-server for hddsDatanode at: http://0.0.0.0:0
2019-10-05 03:38:45,396 [main] INFO  server.AuthenticationFilter (AuthenticationFilter.java:constructSecretProvider(240)) - Unable to initialize FileSignerSecretProvider, falling back to use random secrets.
2019-10-05 03:38:45,396 [main] WARN  http.HttpRequestLog (HttpRequestLog.java:getRequestLog(97)) - Jetty request log can only be enabled using Log4j
2019-10-05 03:38:45,398 [main] INFO  http.HttpServer2 (HttpServer2.java:addGlobalFilter(975)) - Added global filter 'safety' (class=org.apache.hadoop.http.HttpServer2$QuotingInputFilter)
2019-10-05 03:38:45,398 [main] INFO  http.HttpServer2 (HttpServer2.java:addFilter(948)) - Added filter static_user_filter (class=org.apache.hadoop.http.lib.StaticUserWebFilter$StaticUserFilter) to context hddsDatanode
2019-10-05 03:38:45,399 [main] INFO  http.HttpServer2 (HttpServer2.java:addFilter(958)) - Added filter static_user_filter (class=org.apache.hadoop.http.lib.StaticUserWebFilter$StaticUserFilter) to context static
2019-10-05 03:38:45,399 [main] INFO  http.HttpServer2 (HttpServer2.java:addFilter(958)) - Added filter static_user_filter (class=org.apache.hadoop.http.lib.StaticUserWebFilter$StaticUserFilter) to context logs
2019-10-05 03:38:45,400 [main] INFO  http.HttpServer2 (HttpServer2.java:bindListener(1191)) - Jetty bound to port 37359
2019-10-05 03:38:45,400 [main] INFO  server.Server (Server.java:doStart(351)) - jetty-9.3.25.v20180904, build timestamp: 2018-09-04T21:11:46Z, git hash: 3ce520221d0240229c862b122d2b06c12a625732
2019-10-05 03:38:45,401 [main] INFO  handler.ContextHandler (ContextHandler.java:doStart(781)) - Started o.e.j.s.ServletContextHandler@2d130ac4{/logs,file:///workdir/hadoop-ozone/integration-test/target/log,AVAILABLE}
2019-10-05 03:38:45,402 [main] INFO  handler.ContextHandler (ContextHandler.java:doStart(781)) - Started o.e.j.s.ServletContextHandler@194012a2{/static,jar:file:/home/user/.m2/repository/org/apache/hadoop/hadoop-hdds-container-service/0.5.0-SNAPSHOT/hadoop-hdds-container-service-0.5.0-SNAPSHOT.jar!/webapps/static,AVAILABLE}
2019-10-05 03:38:45,430 [main] INFO  handler.ContextHandler (ContextHandler.java:doStart(781)) - Started o.e.j.w.WebAppContext@6fbf5db2{/,file:///tmp/jetty-0.0.0.0-37359-hddsDatanode-_-any-2881724215581210878.dir/webapp/,AVAILABLE}{/hddsDatanode}
2019-10-05 03:38:45,431 [main] INFO  server.AbstractConnector (AbstractConnector.java:doStart(278)) - Started ServerConnector@509a6095{HTTP/1.1,[http/1.1]}{0.0.0.0:37359}
2019-10-05 03:38:45,433 [main] INFO  server.Server (Server.java:doStart(419)) - Started @212024ms
2019-10-05 03:38:45,433 [main] WARN  impl.MetricsSystemImpl (MetricsSystemImpl.java:register(276)) - Sink prometheus already exists!
2019-10-05 03:38:45,434 [main] INFO  server.BaseHttpServer (BaseHttpServer.java:updateConnectorAddress(215)) - HTTP server of HDDSDATANODE is listening at http://0.0.0.0:37359
2019-10-05 03:38:45,434 [main] INFO  ozone.MiniOzoneClusterImpl (MiniOzoneClusterImpl.java:lambda$waitForClusterToBeReady$0(147)) - Waiting for cluster to be ready. Got 0 of 7 DN Heartbeats.
2019-10-05 03:38:45,435 [org.apache.hadoop.util.JvmPauseMonitor$Monitor@3f0e91de] INFO  util.JvmPauseMonitor (JvmPauseMonitor.java:run(188)) - Starting JVM pause monitor
2019-10-05 03:38:45,436 [Datanode State Machine Thread - 0] INFO  datanode.InitDatanodeState (InitDatanodeState.java:persistContainerDatanodeDetails(140)) - DatanodeDetails is persisted to /workdir/hadoop-ozone/integration-test/target/test-dir/MiniOzoneClusterImpl-488e3676-e8d2-4e8a-b095-27ca3829cd58/datanode-6/meta/datanode.id
2019-10-05 03:38:46,434 [main] INFO  ozone.MiniOzoneClusterImpl (MiniOzoneClusterImpl.java:lambda$waitForClusterToBeReady$0(147)) - Waiting for cluster to be ready. Got 0 of 7 DN Heartbeats.
2019-10-05 03:38:47,095 [Datanode State Machine Thread - 0] INFO  ozoneimpl.OzoneContainer (OzoneContainer.java:start(217)) - Attempting to start container services.
2019-10-05 03:38:47,095 [Datanode State Machine Thread - 0] INFO  ozoneimpl.OzoneContainer (OzoneContainer.java:startContainerScrub(179)) - Background container scanner has been disabled.
2019-10-05 03:38:47,096 [Datanode State Machine Thread - 0] INFO  ratis.XceiverServerRatis (XceiverServerRatis.java:start(417)) - Starting XceiverServerRatis a8af7fda-8374-44be-a4b2-6d310b3e0e31 at port 0
2019-10-05 03:38:47,101 [Datanode State Machine Thread - 0] INFO  impl.RaftServerProxy (RaftServerProxy.java:lambda$start$3(299)) - a8af7fda-8374-44be-a4b2-6d310b3e0e31: start RPC server
2019-10-05 03:38:47,103 [Datanode State Machine Thread - 0] INFO  server.GrpcService (GrpcService.java:startImpl(158)) - a8af7fda-8374-44be-a4b2-6d310b3e0e31: GrpcService started, listening on 0.0.0.0/0.0.0.0:39680
2019-10-05 03:38:47,103 [Datanode State Machine Thread - 0] INFO  ratis.XceiverServerRatis (XceiverServerRatis.java:start(427)) - XceiverServerRatis a8af7fda-8374-44be-a4b2-6d310b3e0e31 is started using port 39680
2019-10-05 03:38:47,103 [Datanode State Machine Thread - 0] INFO  server.XceiverServerGrpc (XceiverServerGrpc.java:start(149)) - XceiverServerGrpc a8af7fda-8374-44be-a4b2-6d310b3e0e31 is started using port 40139
2019-10-05 03:38:47,140 [Datanode State Machine Thread - 0] INFO  ozoneimpl.OzoneContainer (OzoneContainer.java:start(217)) - Attempting to start container services.
2019-10-05 03:38:47,140 [Datanode State Machine Thread - 0] INFO  ozoneimpl.OzoneContainer (OzoneContainer.java:startContainerScrub(179)) - Background container scanner has been disabled.
2019-10-05 03:38:47,140 [Datanode State Machine Thread - 0] INFO  ratis.XceiverServerRatis (XceiverServerRatis.java:start(417)) - Starting XceiverServerRatis 7dc33f28-0aa5-4ace-bfb8-59fc37fda62f at port 0
2019-10-05 03:38:47,146 [Datanode State Machine Thread - 0] INFO  impl.RaftServerProxy (RaftServerProxy.java:lambda$start$3(299)) - 7dc33f28-0aa5-4ace-bfb8-59fc37fda62f: start RPC server
2019-10-05 03:38:47,148 [Datanode State Machine Thread - 0] INFO  server.GrpcService (GrpcService.java:startImpl(158)) - 7dc33f28-0aa5-4ace-bfb8-59fc37fda62f: GrpcService started, listening on 0.0.0.0/0.0.0.0:34930
2019-10-05 03:38:47,148 [Datanode State Machine Thread - 0] INFO  ratis.XceiverServerRatis (XceiverServerRatis.java:start(427)) - XceiverServerRatis 7dc33f28-0aa5-4ace-bfb8-59fc37fda62f is started using port 34930
2019-10-05 03:38:47,149 [Datanode State Machine Thread - 0] INFO  server.XceiverServerGrpc (XceiverServerGrpc.java:start(149)) - XceiverServerGrpc 7dc33f28-0aa5-4ace-bfb8-59fc37fda62f is started using port 44212
2019-10-05 03:38:47,206 [Datanode State Machine Thread - 0] INFO  ozoneimpl.OzoneContainer (OzoneContainer.java:start(217)) - Attempting to start container services.
2019-10-05 03:38:47,206 [Datanode State Machine Thread - 0] INFO  ozoneimpl.OzoneContainer (OzoneContainer.java:startContainerScrub(179)) - Background container scanner has been disabled.
2019-10-05 03:38:47,206 [Datanode State Machine Thread - 0] INFO  ratis.XceiverServerRatis (XceiverServerRatis.java:start(417)) - Starting XceiverServerRatis e0b36003-af5c-4ac6-a9db-e5286e4b95fb at port 0
2019-10-05 03:38:47,212 [Datanode State Machine Thread - 0] INFO  impl.RaftServerProxy (RaftServerProxy.java:lambda$start$3(299)) - e0b36003-af5c-4ac6-a9db-e5286e4b95fb: start RPC server
2019-10-05 03:38:47,221 [Datanode State Machine Thread - 0] INFO  server.GrpcService (GrpcService.java:startImpl(158)) - e0b36003-af5c-4ac6-a9db-e5286e4b95fb: GrpcService started, listening on 0.0.0.0/0.0.0.0:45949
2019-10-05 03:38:47,221 [Datanode State Machine Thread - 0] INFO  ratis.XceiverServerRatis (XceiverServerRatis.java:start(427)) - XceiverServerRatis e0b36003-af5c-4ac6-a9db-e5286e4b95fb is started using port 45949
2019-10-05 03:38:47,222 [Datanode State Machine Thread - 0] INFO  server.XceiverServerGrpc (XceiverServerGrpc.java:start(149)) - XceiverServerGrpc e0b36003-af5c-4ac6-a9db-e5286e4b95fb is started using port 37070
2019-10-05 03:38:47,267 [Datanode State Machine Thread - 0] INFO  ozoneimpl.OzoneContainer (OzoneContainer.java:start(217)) - Attempting to start container services.
2019-10-05 03:38:47,267 [Datanode State Machine Thread - 0] INFO  ozoneimpl.OzoneContainer (OzoneContainer.java:startContainerScrub(179)) - Background container scanner has been disabled.
2019-10-05 03:38:47,268 [Datanode State Machine Thread - 0] INFO  ratis.XceiverServerRatis (XceiverServerRatis.java:start(417)) - Starting XceiverServerRatis cddde53f-2fb1-4561-af13-bdde606bfb1d at port 0
2019-10-05 03:38:47,274 [Datanode State Machine Thread - 0] INFO  impl.RaftServerProxy (RaftServerProxy.java:lambda$start$3(299)) - cddde53f-2fb1-4561-af13-bdde606bfb1d: start RPC server
2019-10-05 03:38:47,275 [Datanode State Machine Thread - 0] INFO  server.GrpcService (GrpcService.java:startImpl(158)) - cddde53f-2fb1-4561-af13-bdde606bfb1d: GrpcService started, listening on 0.0.0.0/0.0.0.0:43038
2019-10-05 03:38:47,275 [Datanode State Machine Thread - 0] INFO  ratis.XceiverServerRatis (XceiverServerRatis.java:start(427)) - XceiverServerRatis cddde53f-2fb1-4561-af13-bdde606bfb1d is started using port 43038
2019-10-05 03:38:47,275 [Datanode State Machine Thread - 0] INFO  server.XceiverServerGrpc (XceiverServerGrpc.java:start(149)) - XceiverServerGrpc cddde53f-2fb1-4561-af13-bdde606bfb1d is started using port 35998
2019-10-05 03:38:47,328 [Datanode State Machine Thread - 0] INFO  ozoneimpl.OzoneContainer (OzoneContainer.java:start(217)) - Attempting to start container services.
2019-10-05 03:38:47,328 [Datanode State Machine Thread - 0] INFO  ozoneimpl.OzoneContainer (OzoneContainer.java:startContainerScrub(179)) - Background container scanner has been disabled.
2019-10-05 03:38:47,328 [Datanode State Machine Thread - 0] INFO  ratis.XceiverServerRatis (XceiverServerRatis.java:start(417)) - Starting XceiverServerRatis c4a6d2bd-b98c-408d-8a32-d605aee54c38 at port 0
2019-10-05 03:38:47,335 [Datanode State Machine Thread - 0] INFO  impl.RaftServerProxy (RaftServerProxy.java:lambda$start$3(299)) - c4a6d2bd-b98c-408d-8a32-d605aee54c38: start RPC server
2019-10-05 03:38:47,336 [Datanode State Machine Thread - 0] INFO  server.GrpcService (GrpcService.java:startImpl(158)) - c4a6d2bd-b98c-408d-8a32-d605aee54c38: GrpcService started, listening on 0.0.0.0/0.0.0.0:42741
2019-10-05 03:38:47,336 [Datanode State Machine Thread - 0] INFO  ratis.XceiverServerRatis (XceiverServerRatis.java:start(427)) - XceiverServerRatis c4a6d2bd-b98c-408d-8a32-d605aee54c38 is started using port 42741
2019-10-05 03:38:47,338 [Datanode State Machine Thread - 0] INFO  server.XceiverServerGrpc (XceiverServerGrpc.java:start(149)) - XceiverServerGrpc c4a6d2bd-b98c-408d-8a32-d605aee54c38 is started using port 33427
2019-10-05 03:38:47,380 [Datanode State Machine Thread - 0] INFO  ozoneimpl.OzoneContainer (OzoneContainer.java:start(217)) - Attempting to start container services.
2019-10-05 03:38:47,381 [Datanode State Machine Thread - 0] INFO  ozoneimpl.OzoneContainer (OzoneContainer.java:startContainerScrub(179)) - Background container scanner has been disabled.
2019-10-05 03:38:47,381 [Datanode State Machine Thread - 0] INFO  ratis.XceiverServerRatis (XceiverServerRatis.java:start(417)) - Starting XceiverServerRatis 08f811c6-32d9-4092-8b3c-97e0c1fbe276 at port 0
2019-10-05 03:38:47,390 [Datanode State Machine Thread - 0] INFO  impl.RaftServerProxy (RaftServerProxy.java:lambda$start$3(299)) - 08f811c6-32d9-4092-8b3c-97e0c1fbe276: start RPC server
2019-10-05 03:38:47,391 [Datanode State Machine Thread - 0] INFO  server.GrpcService (GrpcService.java:startImpl(158)) - 08f811c6-32d9-4092-8b3c-97e0c1fbe276: GrpcService started, listening on 0.0.0.0/0.0.0.0:44559
2019-10-05 03:38:47,391 [Datanode State Machine Thread - 0] INFO  ratis.XceiverServerRatis (XceiverServerRatis.java:start(427)) - XceiverServerRatis 08f811c6-32d9-4092-8b3c-97e0c1fbe276 is started using port 44559
2019-10-05 03:38:47,391 [Datanode State Machine Thread - 0] INFO  server.XceiverServerGrpc (XceiverServerGrpc.java:start(149)) - XceiverServerGrpc 08f811c6-32d9-4092-8b3c-97e0c1fbe276 is started using port 38858
2019-10-05 03:38:47,435 [main] INFO  ozone.MiniOzoneClusterImpl (MiniOzoneClusterImpl.java:lambda$waitForClusterToBeReady$0(147)) - Waiting for cluster to be ready. Got 0 of 7 DN Heartbeats.
2019-10-05 03:38:47,476 [Datanode State Machine Thread - 0] INFO  ozoneimpl.OzoneContainer (OzoneContainer.java:start(217)) - Attempting to start container services.
2019-10-05 03:38:47,476 [Datanode State Machine Thread - 0] INFO  ozoneimpl.OzoneContainer (OzoneContainer.java:startContainerScrub(179)) - Background container scanner has been disabled.
2019-10-05 03:38:47,476 [Datanode State Machine Thread - 0] INFO  ratis.XceiverServerRatis (XceiverServerRatis.java:start(417)) - Starting XceiverServerRatis 5cf495c0-ae69-47e5-bfe4-5a31d62fb174 at port 0
2019-10-05 03:38:47,481 [Datanode State Machine Thread - 0] INFO  impl.RaftServerProxy (RaftServerProxy.java:lambda$start$3(299)) - 5cf495c0-ae69-47e5-bfe4-5a31d62fb174: start RPC server
2019-10-05 03:38:47,482 [Datanode State Machine Thread - 0] INFO  server.GrpcService (GrpcService.java:startImpl(158)) - 5cf495c0-ae69-47e5-bfe4-5a31d62fb174: GrpcService started, listening on 0.0.0.0/0.0.0.0:45414
2019-10-05 03:38:47,482 [Datanode State Machine Thread - 0] INFO  ratis.XceiverServerRatis (XceiverServerRatis.java:start(427)) - XceiverServerRatis 5cf495c0-ae69-47e5-bfe4-5a31d62fb174 is started using port 45414
2019-10-05 03:38:47,482 [Datanode State Machine Thread - 0] INFO  server.XceiverServerGrpc (XceiverServerGrpc.java:start(149)) - XceiverServerGrpc 5cf495c0-ae69-47e5-bfe4-5a31d62fb174 is started using port 46551
2019-10-05 03:38:48,436 [main] INFO  ozone.MiniOzoneClusterImpl (MiniOzoneClusterImpl.java:lambda$waitForClusterToBeReady$0(147)) - Waiting for cluster to be ready. Got 0 of 7 DN Heartbeats.
2019-10-05 03:38:49,037 [IPC Server handler 4 on 44786] INFO  net.NetworkTopology (NetworkTopologyImpl.java:add(111)) - Added a new node: /default-rack/a8af7fda-8374-44be-a4b2-6d310b3e0e31
2019-10-05 03:38:49,041 [IPC Server handler 4 on 44786] INFO  node.SCMNodeManager (SCMNodeManager.java:register(268)) - Registered Data node : a8af7fda-8374-44be-a4b2-6d310b3e0e31{ip: 192.168.30.52, host: pr-trunk-8bgv9-3736441219, networkLocation: /default-rack, certSerialId: null}
2019-10-05 03:38:49,042 [EventQueue-NodeRegistrationContainerReportForDataNodeSafeModeRule] INFO  safemode.SCMSafeModeManager (DataNodeSafeModeRule.java:process(71)) - SCM in safe mode. 1 DataNodes registered, 1 required.
2019-10-05 03:38:49,045 [EventQueue-NodeRegistrationContainerReportForDataNodeSafeModeRule] INFO  safemode.SCMSafeModeManager (SCMSafeModeManager.java:validateSafeModeExitRules(177)) - ScmSafeModeManager, all rules are successfully validated
2019-10-05 03:38:49,045 [EventQueue-NodeRegistrationContainerReportForDataNodeSafeModeRule] INFO  safemode.SCMSafeModeManager (SCMSafeModeManager.java:exitSafeMode(193)) - SCM exiting safe mode.
2019-10-05 03:38:49,058 [grpc-default-executor-4] INFO  impl.RaftServerProxy (RaftServerProxy.java:addNew(89)) - a8af7fda-8374-44be-a4b2-6d310b3e0e31: addNew group-15FC385F2732:[a8af7fda-8374-44be-a4b2-6d310b3e0e31:192.168.30.52:39680] returns group-15FC385F2732:java.util.concurrent.CompletableFuture@1b06387c[Not completed]
2019-10-05 03:38:49,060 [pool-383-thread-1] INFO  impl.RaftServerImpl (RaftServerImpl.java:<init>(95)) - a8af7fda-8374-44be-a4b2-6d310b3e0e31: new RaftServerImpl for group-15FC385F2732:[a8af7fda-8374-44be-a4b2-6d310b3e0e31:192.168.30.52:39680] with ContainerStateMachine:uninitialized
2019-10-05 03:38:49,060 [pool-383-thread-1] INFO  server.RaftServerConfigKeys (ConfUtils.java:logGet(43)) - raft.server.rpc.timeout.min = 5s (custom)
2019-10-05 03:38:49,061 [pool-383-thread-1] INFO  server.RaftServerConfigKeys (ConfUtils.java:logGet(43)) - raft.server.rpc.timeout.max = 5200ms (custom)
2019-10-05 03:38:49,061 [pool-383-thread-1] INFO  server.RaftServerConfigKeys (ConfUtils.java:logGet(43)) - raft.server.rpcslowness.timeout = 120s (custom)
2019-10-05 03:38:49,061 [pool-383-thread-1] INFO  server.RaftServerConfigKeys (ConfUtils.java:logGet(43)) - raft.server.sleep.deviation.threshold = 300 (default)
2019-10-05 03:38:49,061 [pool-383-thread-1] INFO  server.RaftServerConfigKeys (ConfUtils.java:logGet(43)) - raft.server.log.appender.install.snapshot.enabled = false (custom)
2019-10-05 03:38:49,061 [pool-383-thread-1] INFO  impl.RaftServerImpl (ServerState.java:<init>(103)) - a8af7fda-8374-44be-a4b2-6d310b3e0e31@group-15FC385F2732: ConfigurationManager, init=-1: [a8af7fda-8374-44be-a4b2-6d310b3e0e31:192.168.30.52:39680], old=null, confs=<EMPTY_MAP>
2019-10-05 03:38:49,061 [pool-383-thread-1] INFO  server.RaftServerConfigKeys (ConfUtils.java:logGet(43)) - raft.server.storage.dir = [/workdir/hadoop-ozone/integration-test/target/test-dir/MiniOzoneClusterImpl-488e3676-e8d2-4e8a-b095-27ca3829cd58/datanode-0/data/ratis] (custom)
2019-10-05 03:38:49,062 [pool-383-thread-1] INFO  server.RaftServerConfigKeys (ConfUtils.java:logGet(43)) - raft.server.log.corruption.policy = EXCEPTION (default)
2019-10-05 03:38:49,062 [pool-383-thread-1] INFO  storage.RaftStorageDirectory (RaftStorageDirectory.java:analyzeStorage(246)) - The storage directory /workdir/hadoop-ozone/integration-test/target/test-dir/MiniOzoneClusterImpl-488e3676-e8d2-4e8a-b095-27ca3829cd58/datanode-0/data/ratis/f48f0c66-4f46-4033-91aa-15fc385f2732 does not exist. Creating ...
2019-10-05 03:38:49,085 [pool-383-thread-1] INFO  storage.RaftStorageDirectory (RaftStorageDirectory.java:tryLock(328)) - Lock on /workdir/hadoop-ozone/integration-test/target/test-dir/MiniOzoneClusterImpl-488e3676-e8d2-4e8a-b095-27ca3829cd58/datanode-0/data/ratis/f48f0c66-4f46-4033-91aa-15fc385f2732/in_use.lock acquired by nodename 24595@pr-trunk-8bgv9-3736441219
2019-10-05 03:38:49,100 [pool-383-thread-1] INFO  storage.RaftStorage (RaftStorage.java:format(84)) - Storage directory /workdir/hadoop-ozone/integration-test/target/test-dir/MiniOzoneClusterImpl-488e3676-e8d2-4e8a-b095-27ca3829cd58/datanode-0/data/ratis/f48f0c66-4f46-4033-91aa-15fc385f2732 has been successfully formatted.
2019-10-05 03:38:49,100 [pool-383-thread-1] INFO  ratis.ContainerStateMachine (ContainerStateMachine.java:loadSnapshot(231)) - group-15FC385F2732: The snapshot info is null. Setting the last applied indexto:(t:0, i:~)
2019-10-05 03:38:49,100 [pool-383-thread-1] INFO  server.RaftServerConfigKeys (ConfUtils.java:logGet(43)) - raft.server.notification.no-leader.timeout = 120s (custom)
2019-10-05 03:38:49,100 [pool-383-thread-1] INFO  server.RaftServerConfigKeys (ConfUtils.java:logGet(43)) - raft.server.log.use.memory = false (default)
2019-10-05 03:38:49,101 [pool-383-thread-1] INFO  server.RaftServerConfigKeys (ConfUtils.java:logGet(43)) - raft.server.log.purge.gap = 1000000 (custom)
2019-10-05 03:38:49,101 [pool-383-thread-1] INFO  server.RaftServerConfigKeys (ConfUtils.java:logGet(43)) - raft.server.log.appender.buffer.byte-limit = 33554432 (custom)
2019-10-05 03:38:49,101 [pool-383-thread-1] INFO  server.RaftServerConfigKeys (ConfUtils.java:logGet(43)) - raft.server.log.segment.size.max = 1048576 (custom)
2019-10-05 03:38:49,104 [pool-383-thread-1] INFO  server.RaftServerConfigKeys (ConfUtils.java:logGet(43)) - raft.server.log.segment.cache.num.max = 2 (custom)
2019-10-05 03:38:49,104 [pool-383-thread-1] INFO  segmented.SegmentedRaftLogWorker (SegmentedRaftLogWorker.java:<init>(173)) - new a8af7fda-8374-44be-a4b2-6d310b3e0e31@group-15FC385F2732-SegmentedRaftLogWorker for RaftStorage:Storage Directory /workdir/hadoop-ozone/integration-test/target/test-dir/MiniOzoneClusterImpl-488e3676-e8d2-4e8a-b095-27ca3829cd58/datanode-0/data/ratis/f48f0c66-4f46-4033-91aa-15fc385f2732
2019-10-05 03:38:49,104 [pool-383-thread-1] INFO  server.RaftServerConfigKeys (ConfUtils.java:logGet(43)) - raft.server.log.queue.byte-limit = 2147483647 (custom)
2019-10-05 03:38:49,104 [pool-383-thread-1] INFO  server.RaftServerConfigKeys (ConfUtils.java:logGet(43)) - raft.server.log.queue.element-limit = 1024 (custom)
2019-10-05 03:38:49,104 [pool-383-thread-1] INFO  server.RaftServerConfigKeys (ConfUtils.java:logGet(43)) - raft.server.log.segment.size.max = 1048576 (custom)
2019-10-05 03:38:49,105 [pool-383-thread-1] INFO  server.RaftServerConfigKeys (ConfUtils.java:logGet(43)) - raft.server.log.preallocated.size = 16384 (custom)
2019-10-05 03:38:49,105 [pool-383-thread-1] INFO  server.RaftServerConfigKeys (ConfUtils.java:logGet(43)) - raft.server.log.write.buffer.size = 33554432 (custom)
2019-10-05 03:38:49,105 [pool-383-thread-1] INFO  server.RaftServerConfigKeys (ConfUtils.java:logGet(43)) - raft.server.log.force.sync.num = 128 (default)
2019-10-05 03:38:49,105 [pool-383-thread-1] INFO  server.RaftServerConfigKeys (ConfUtils.java:logGet(43)) - raft.server.log.statemachine.data.sync = true (default)
2019-10-05 03:38:49,105 [pool-383-thread-1] INFO  server.RaftServerConfigKeys (ConfUtils.java:logGet(43)) - raft.server.log.statemachine.data.sync.timeout = 10s (default)
2019-10-05 03:38:49,105 [pool-383-thread-1] INFO  server.RaftServerConfigKeys (ConfUtils.java:logGet(43)) - raft.server.log.statemachine.data.sync.timeout.retry = -1 (default)
2019-10-05 03:38:49,106 [pool-383-thread-1] INFO  server.RaftServerConfigKeys (ConfUtils.java:logGet(43)) - raft.server.log.statemachine.data.caching.enabled = true (custom)
2019-10-05 03:38:49,106 [pool-383-thread-1] INFO  segmented.SegmentedRaftLogWorker (SegmentedRaftLogWorker.java:lambda$new$0(128)) - a8af7fda-8374-44be-a4b2-6d310b3e0e31@group-15FC385F2732-SegmentedRaftLogWorker: flushIndex: setUnconditionally 0 -> -1
2019-10-05 03:38:49,106 [pool-383-thread-1] INFO  server.RaftServerConfigKeys (ConfUtils.java:logGet(43)) - raft.server.snapshot.auto.trigger.enabled = true (custom)
2019-10-05 03:38:49,107 [pool-383-thread-1] INFO  server.RaftServerConfigKeys (ConfUtils.java:logGet(43)) - raft.server.snapshot.auto.trigger.threshold = 10000 (custom)
2019-10-05 03:38:49,107 [pool-383-thread-1] INFO  server.RaftServerConfigKeys (ConfUtils.java:logGet(43)) - raft.server.snapshot.retention.file.num = 5 (custom)
2019-10-05 03:38:49,107 [pool-383-thread-1] INFO  server.RaftServerConfigKeys (ConfUtils.java:logGet(43)) - raft.server.retrycache.expirytime = 600000ms (custom)
2019-10-05 03:38:49,108 [pool-383-thread-1] INFO  impl.RaftServerImpl (RaftServerImpl.java:start(181)) - a8af7fda-8374-44be-a4b2-6d310b3e0e31@group-15FC385F2732: start as a follower, conf=-1: [a8af7fda-8374-44be-a4b2-6d310b3e0e31:192.168.30.52:39680], old=null
2019-10-05 03:38:49,109 [pool-383-thread-1] INFO  impl.RaftServerImpl (RaftServerImpl.java:setRole(170)) - a8af7fda-8374-44be-a4b2-6d310b3e0e31@group-15FC385F2732: changes role from      null to FOLLOWER at term 0 for startAsFollower
2019-10-05 03:38:49,109 [pool-383-thread-1] INFO  impl.RoleInfo (RoleInfo.java:updateAndGet(143)) - a8af7fda-8374-44be-a4b2-6d310b3e0e31: start FollowerState
2019-10-05 03:38:49,109 [pool-383-thread-1] INFO  util.JmxRegister (JmxRegister.java:tryRegister(44)) - Successfully registered JMX Bean with object name Ratis:service=RaftServer,group=group-15FC385F2732,id=a8af7fda-8374-44be-a4b2-6d310b3e0e31
2019-10-05 03:38:49,117 [IPC Server handler 5 on 44786] INFO  net.NetworkTopology (NetworkTopologyImpl.java:add(111)) - Added a new node: /default-rack/7dc33f28-0aa5-4ace-bfb8-59fc37fda62f
2019-10-05 03:38:49,117 [IPC Server handler 5 on 44786] INFO  node.SCMNodeManager (SCMNodeManager.java:register(268)) - Registered Data node : 7dc33f28-0aa5-4ace-bfb8-59fc37fda62f{ip: 192.168.30.52, host: pr-trunk-8bgv9-3736441219, networkLocation: /default-rack, certSerialId: null}
2019-10-05 03:38:49,118 [RatisPipelineUtilsThread] INFO  pipeline.PipelineStateManager (PipelineStateManager.java:addPipeline(56)) - Created pipeline Pipeline[ Id: f48f0c66-4f46-4033-91aa-15fc385f2732, Nodes: a8af7fda-8374-44be-a4b2-6d310b3e0e31{ip: 192.168.30.52, host: pr-trunk-8bgv9-3736441219, networkLocation: /default-rack, certSerialId: null}, Type:RATIS, Factor:ONE, State:OPEN]
2019-10-05 03:38:49,126 [grpc-default-executor-4] INFO  impl.RaftServerProxy (RaftServerProxy.java:addNew(89)) - 7dc33f28-0aa5-4ace-bfb8-59fc37fda62f: addNew group-6AD54A6F31BB:[7dc33f28-0aa5-4ace-bfb8-59fc37fda62f:192.168.30.52:34930] returns group-6AD54A6F31BB:java.util.concurrent.CompletableFuture@424d03ff[Not completed]
2019-10-05 03:38:49,127 [pool-393-thread-1] INFO  impl.RaftServerImpl (RaftServerImpl.java:<init>(95)) - 7dc33f28-0aa5-4ace-bfb8-59fc37fda62f: new RaftServerImpl for group-6AD54A6F31BB:[7dc33f28-0aa5-4ace-bfb8-59fc37fda62f:192.168.30.52:34930] with ContainerStateMachine:uninitialized
2019-10-05 03:38:49,127 [pool-393-thread-1] INFO  server.RaftServerConfigKeys (ConfUtils.java:logGet(43)) - raft.server.rpc.timeout.min = 5s (custom)
2019-10-05 03:38:49,127 [pool-393-thread-1] INFO  server.RaftServerConfigKeys (ConfUtils.java:logGet(43)) - raft.server.rpc.timeout.max = 5200ms (custom)
2019-10-05 03:38:49,127 [pool-393-thread-1] INFO  server.RaftServerConfigKeys (ConfUtils.java:logGet(43)) - raft.server.rpcslowness.timeout = 120s (custom)
2019-10-05 03:38:49,127 [pool-393-thread-1] INFO  server.RaftServerConfigKeys (ConfUtils.java:logGet(43)) - raft.server.sleep.deviation.threshold = 300 (default)
2019-10-05 03:38:49,127 [pool-393-thread-1] INFO  server.RaftServerConfigKeys (ConfUtils.java:logGet(43)) - raft.server.log.appender.install.snapshot.enabled = false (custom)
2019-10-05 03:38:49,128 [pool-393-thread-1] INFO  impl.RaftServerImpl (ServerState.java:<init>(103)) - 7dc33f28-0aa5-4ace-bfb8-59fc37fda62f@group-6AD54A6F31BB: ConfigurationManager, init=-1: [7dc33f28-0aa5-4ace-bfb8-59fc37fda62f:192.168.30.52:34930], old=null, confs=<EMPTY_MAP>
2019-10-05 03:38:49,128 [pool-393-thread-1] INFO  server.RaftServerConfigKeys (ConfUtils.java:logGet(43)) - raft.server.storage.dir = [/workdir/hadoop-ozone/integration-test/target/test-dir/MiniOzoneClusterImpl-488e3676-e8d2-4e8a-b095-27ca3829cd58/datanode-1/data/ratis] (custom)
2019-10-05 03:38:49,128 [pool-393-thread-1] INFO  server.RaftServerConfigKeys (ConfUtils.java:logGet(43)) - raft.server.log.corruption.policy = EXCEPTION (default)
2019-10-05 03:38:49,128 [pool-393-thread-1] INFO  storage.RaftStorageDirectory (RaftStorageDirectory.java:analyzeStorage(246)) - The storage directory /workdir/hadoop-ozone/integration-test/target/test-dir/MiniOzoneClusterImpl-488e3676-e8d2-4e8a-b095-27ca3829cd58/datanode-1/data/ratis/7357b567-8f65-4bd3-8243-6ad54a6f31bb does not exist. Creating ...
2019-10-05 03:38:49,141 [pool-393-thread-1] INFO  storage.RaftStorageDirectory (RaftStorageDirectory.java:tryLock(328)) - Lock on /workdir/hadoop-ozone/integration-test/target/test-dir/MiniOzoneClusterImpl-488e3676-e8d2-4e8a-b095-27ca3829cd58/datanode-1/data/ratis/7357b567-8f65-4bd3-8243-6ad54a6f31bb/in_use.lock acquired by nodename 24595@pr-trunk-8bgv9-3736441219
2019-10-05 03:38:49,159 [pool-393-thread-1] INFO  storage.RaftStorage (RaftStorage.java:format(84)) - Storage directory /workdir/hadoop-ozone/integration-test/target/test-dir/MiniOzoneClusterImpl-488e3676-e8d2-4e8a-b095-27ca3829cd58/datanode-1/data/ratis/7357b567-8f65-4bd3-8243-6ad54a6f31bb has been successfully formatted.
2019-10-05 03:38:49,159 [pool-393-thread-1] INFO  ratis.ContainerStateMachine (ContainerStateMachine.java:loadSnapshot(231)) - group-6AD54A6F31BB: The snapshot info is null. Setting the last applied indexto:(t:0, i:~)
2019-10-05 03:38:49,160 [pool-393-thread-1] INFO  server.RaftServerConfigKeys (ConfUtils.java:logGet(43)) - raft.server.notification.no-leader.timeout = 120s (custom)
2019-10-05 03:38:49,160 [pool-393-thread-1] INFO  server.RaftServerConfigKeys (ConfUtils.java:logGet(43)) - raft.server.log.use.memory = false (default)
2019-10-05 03:38:49,160 [pool-393-thread-1] INFO  server.RaftServerConfigKeys (ConfUtils.java:logGet(43)) - raft.server.log.purge.gap = 1000000 (custom)
2019-10-05 03:38:49,160 [pool-393-thread-1] INFO  server.RaftServerConfigKeys (ConfUtils.java:logGet(43)) - raft.server.log.appender.buffer.byte-limit = 33554432 (custom)
2019-10-05 03:38:49,160 [pool-393-thread-1] INFO  server.RaftServerConfigKeys (ConfUtils.java:logGet(43)) - raft.server.log.segment.size.max = 1048576 (custom)
2019-10-05 03:38:49,162 [pool-393-thread-1] INFO  server.RaftServerConfigKeys (ConfUtils.java:logGet(43)) - raft.server.log.segment.cache.num.max = 2 (custom)
2019-10-05 03:38:49,162 [pool-393-thread-1] INFO  segmented.SegmentedRaftLogWorker (SegmentedRaftLogWorker.java:<init>(173)) - new 7dc33f28-0aa5-4ace-bfb8-59fc37fda62f@group-6AD54A6F31BB-SegmentedRaftLogWorker for RaftStorage:Storage Directory /workdir/hadoop-ozone/integration-test/target/test-dir/MiniOzoneClusterImpl-488e3676-e8d2-4e8a-b095-27ca3829cd58/datanode-1/data/ratis/7357b567-8f65-4bd3-8243-6ad54a6f31bb
2019-10-05 03:38:49,162 [pool-393-thread-1] INFO  server.RaftServerConfigKeys (ConfUtils.java:logGet(43)) - raft.server.log.queue.byte-limit = 2147483647 (custom)
2019-10-05 03:38:49,163 [pool-393-thread-1] INFO  server.RaftServerConfigKeys (ConfUtils.java:logGet(43)) - raft.server.log.queue.element-limit = 1024 (custom)
2019-10-05 03:38:49,163 [pool-393-thread-1] INFO  server.RaftServerConfigKeys (ConfUtils.java:logGet(43)) - raft.server.log.segment.size.max = 1048576 (custom)
2019-10-05 03:38:49,163 [pool-393-thread-1] INFO  server.RaftServerConfigKeys (ConfUtils.java:logGet(43)) - raft.server.log.preallocated.size = 16384 (custom)
2019-10-05 03:38:49,163 [pool-393-thread-1] INFO  server.RaftServerConfigKeys (ConfUtils.java:logGet(43)) - raft.server.log.write.buffer.size = 33554432 (custom)
2019-10-05 03:38:49,163 [pool-393-thread-1] INFO  server.RaftServerConfigKeys (ConfUtils.java:logGet(43)) - raft.server.log.force.sync.num = 128 (default)
2019-10-05 03:38:49,164 [pool-393-thread-1] INFO  server.RaftServerConfigKeys (ConfUtils.java:logGet(43)) - raft.server.log.statemachine.data.sync = true (default)
2019-10-05 03:38:49,164 [pool-393-thread-1] INFO  server.RaftServerConfigKeys (ConfUtils.java:logGet(43)) - raft.server.log.statemachine.data.sync.timeout = 10s (default)
2019-10-05 03:38:49,164 [pool-393-thread-1] INFO  server.RaftServerConfigKeys (ConfUtils.java:logGet(43)) - raft.server.log.statemachine.data.sync.timeout.retry = -1 (default)
2019-10-05 03:38:49,164 [pool-393-thread-1] INFO  server.RaftServerConfigKeys (ConfUtils.java:logGet(43)) - raft.server.log.statemachine.data.caching.enabled = true (custom)
2019-10-05 03:38:49,165 [pool-393-thread-1] INFO  segmented.SegmentedRaftLogWorker (SegmentedRaftLogWorker.java:lambda$new$0(128)) - 7dc33f28-0aa5-4ace-bfb8-59fc37fda62f@group-6AD54A6F31BB-SegmentedRaftLogWorker: flushIndex: setUnconditionally 0 -> -1
2019-10-05 03:38:49,165 [pool-393-thread-1] INFO  server.RaftServerConfigKeys (ConfUtils.java:logGet(43)) - raft.server.snapshot.auto.trigger.enabled = true (custom)
2019-10-05 03:38:49,165 [pool-393-thread-1] INFO  server.RaftServerConfigKeys (ConfUtils.java:logGet(43)) - raft.server.snapshot.auto.trigger.threshold = 10000 (custom)
2019-10-05 03:38:49,165 [pool-393-thread-1] INFO  server.RaftServerConfigKeys (ConfUtils.java:logGet(43)) - raft.server.snapshot.retention.file.num = 5 (custom)
2019-10-05 03:38:49,166 [pool-393-thread-1] INFO  server.RaftServerConfigKeys (ConfUtils.java:logGet(43)) - raft.server.retrycache.expirytime = 600000ms (custom)
2019-10-05 03:38:49,167 [pool-393-thread-1] INFO  impl.RaftServerImpl (RaftServerImpl.java:start(181)) - 7dc33f28-0aa5-4ace-bfb8-59fc37fda62f@group-6AD54A6F31BB: start as a follower, conf=-1: [7dc33f28-0aa5-4ace-bfb8-59fc37fda62f:192.168.30.52:34930], old=null
2019-10-05 03:38:49,168 [pool-393-thread-1] INFO  impl.RaftServerImpl (RaftServerImpl.java:setRole(170)) - 7dc33f28-0aa5-4ace-bfb8-59fc37fda62f@group-6AD54A6F31BB: changes role from      null to FOLLOWER at term 0 for startAsFollower
2019-10-05 03:38:49,168 [pool-393-thread-1] INFO  impl.RoleInfo (RoleInfo.java:updateAndGet(143)) - 7dc33f28-0aa5-4ace-bfb8-59fc37fda62f: start FollowerState
2019-10-05 03:38:49,168 [pool-393-thread-1] INFO  util.JmxRegister (JmxRegister.java:tryRegister(44)) - Successfully registered JMX Bean with object name Ratis:service=RaftServer,group=group-6AD54A6F31BB,id=7dc33f28-0aa5-4ace-bfb8-59fc37fda62f
2019-10-05 03:38:49,175 [RatisPipelineUtilsThread] INFO  pipeline.PipelineStateManager (PipelineStateManager.java:addPipeline(56)) - Created pipeline Pipeline[ Id: 7357b567-8f65-4bd3-8243-6ad54a6f31bb, Nodes: 7dc33f28-0aa5-4ace-bfb8-59fc37fda62f{ip: 192.168.30.52, host: pr-trunk-8bgv9-3736441219, networkLocation: /default-rack, certSerialId: null}, Type:RATIS, Factor:ONE, State:OPEN]
2019-10-05 03:38:49,182 [IPC Server handler 6 on 44786] INFO  net.NetworkTopology (NetworkTopologyImpl.java:add(111)) - Added a new node: /default-rack/e0b36003-af5c-4ac6-a9db-e5286e4b95fb
2019-10-05 03:38:49,183 [IPC Server handler 6 on 44786] INFO  node.SCMNodeManager (SCMNodeManager.java:register(268)) - Registered Data node : e0b36003-af5c-4ac6-a9db-e5286e4b95fb{ip: 192.168.30.52, host: pr-trunk-8bgv9-3736441219, networkLocation: /default-rack, certSerialId: null}
2019-10-05 03:38:49,188 [grpc-default-executor-4] INFO  impl.RaftServerProxy (RaftServerProxy.java:addNew(89)) - e0b36003-af5c-4ac6-a9db-e5286e4b95fb: addNew group-820952249BF6:[e0b36003-af5c-4ac6-a9db-e5286e4b95fb:192.168.30.52:45949] returns group-820952249BF6:java.util.concurrent.CompletableFuture@46399eed[Not completed]
2019-10-05 03:38:49,190 [pool-403-thread-1] INFO  impl.RaftServerImpl (RaftServerImpl.java:<init>(95)) - e0b36003-af5c-4ac6-a9db-e5286e4b95fb: new RaftServerImpl for group-820952249BF6:[e0b36003-af5c-4ac6-a9db-e5286e4b95fb:192.168.30.52:45949] with ContainerStateMachine:uninitialized
2019-10-05 03:38:49,190 [pool-403-thread-1] INFO  server.RaftServerConfigKeys (ConfUtils.java:logGet(43)) - raft.server.rpc.timeout.min = 5s (custom)
2019-10-05 03:38:49,190 [pool-403-thread-1] INFO  server.RaftServerConfigKeys (ConfUtils.java:logGet(43)) - raft.server.rpc.timeout.max = 5200ms (custom)
2019-10-05 03:38:49,190 [pool-403-thread-1] INFO  server.RaftServerConfigKeys (ConfUtils.java:logGet(43)) - raft.server.rpcslowness.timeout = 120s (custom)
2019-10-05 03:38:49,191 [pool-403-thread-1] INFO  server.RaftServerConfigKeys (ConfUtils.java:logGet(43)) - raft.server.sleep.deviation.threshold = 300 (default)
2019-10-05 03:38:49,191 [pool-403-thread-1] INFO  server.RaftServerConfigKeys (ConfUtils.java:logGet(43)) - raft.server.log.appender.install.snapshot.enabled = false (custom)
2019-10-05 03:38:49,191 [pool-403-thread-1] INFO  impl.RaftServerImpl (ServerState.java:<init>(103)) - e0b36003-af5c-4ac6-a9db-e5286e4b95fb@group-820952249BF6: ConfigurationManager, init=-1: [e0b36003-af5c-4ac6-a9db-e5286e4b95fb:192.168.30.52:45949], old=null, confs=<EMPTY_MAP>
2019-10-05 03:38:49,191 [pool-403-thread-1] INFO  server.RaftServerConfigKeys (ConfUtils.java:logGet(43)) - raft.server.storage.dir = [/workdir/hadoop-ozone/integration-test/target/test-dir/MiniOzoneClusterImpl-488e3676-e8d2-4e8a-b095-27ca3829cd58/datanode-2/data/ratis] (custom)
2019-10-05 03:38:49,191 [pool-403-thread-1] INFO  server.RaftServerConfigKeys (ConfUtils.java:logGet(43)) - raft.server.log.corruption.policy = EXCEPTION (default)
2019-10-05 03:38:49,192 [pool-403-thread-1] INFO  storage.RaftStorageDirectory (RaftStorageDirectory.java:analyzeStorage(246)) - The storage directory /workdir/hadoop-ozone/integration-test/target/test-dir/MiniOzoneClusterImpl-488e3676-e8d2-4e8a-b095-27ca3829cd58/datanode-2/data/ratis/82fb00a8-6eec-41d0-8ce3-820952249bf6 does not exist. Creating ...
2019-10-05 03:38:49,215 [pool-403-thread-1] INFO  storage.RaftStorageDirectory (RaftStorageDirectory.java:tryLock(328)) - Lock on /workdir/hadoop-ozone/integration-test/target/test-dir/MiniOzoneClusterImpl-488e3676-e8d2-4e8a-b095-27ca3829cd58/datanode-2/data/ratis/82fb00a8-6eec-41d0-8ce3-820952249bf6/in_use.lock acquired by nodename 24595@pr-trunk-8bgv9-3736441219
2019-10-05 03:38:49,237 [pool-403-thread-1] INFO  storage.RaftStorage (RaftStorage.java:format(84)) - Storage directory /workdir/hadoop-ozone/integration-test/target/test-dir/MiniOzoneClusterImpl-488e3676-e8d2-4e8a-b095-27ca3829cd58/datanode-2/data/ratis/82fb00a8-6eec-41d0-8ce3-820952249bf6 has been successfully formatted.
2019-10-05 03:38:49,238 [pool-403-thread-1] INFO  ratis.ContainerStateMachine (ContainerStateMachine.java:loadSnapshot(231)) - group-820952249BF6: The snapshot info is null. Setting the last applied indexto:(t:0, i:~)
2019-10-05 03:38:49,238 [pool-403-thread-1] INFO  server.RaftServerConfigKeys (ConfUtils.java:logGet(43)) - raft.server.notification.no-leader.timeout = 120s (custom)
2019-10-05 03:38:49,238 [pool-403-thread-1] INFO  server.RaftServerConfigKeys (ConfUtils.java:logGet(43)) - raft.server.log.use.memory = false (default)
2019-10-05 03:38:49,238 [pool-403-thread-1] INFO  server.RaftServerConfigKeys (ConfUtils.java:logGet(43)) - raft.server.log.purge.gap = 1000000 (custom)
2019-10-05 03:38:49,238 [pool-403-thread-1] INFO  server.RaftServerConfigKeys (ConfUtils.java:logGet(43)) - raft.server.log.appender.buffer.byte-limit = 33554432 (custom)
2019-10-05 03:38:49,239 [pool-403-thread-1] INFO  server.RaftServerConfigKeys (ConfUtils.java:logGet(43)) - raft.server.log.segment.size.max = 1048576 (custom)
2019-10-05 03:38:49,241 [pool-403-thread-1] INFO  server.RaftServerConfigKeys (ConfUtils.java:logGet(43)) - raft.server.log.segment.cache.num.max = 2 (custom)
2019-10-05 03:38:49,241 [pool-403-thread-1] INFO  segmented.SegmentedRaftLogWorker (SegmentedRaftLogWorker.java:<init>(173)) - new e0b36003-af5c-4ac6-a9db-e5286e4b95fb@group-820952249BF6-SegmentedRaftLogWorker for RaftStorage:Storage Directory /workdir/hadoop-ozone/integration-test/target/test-dir/MiniOzoneClusterImpl-488e3676-e8d2-4e8a-b095-27ca3829cd58/datanode-2/data/ratis/82fb00a8-6eec-41d0-8ce3-820952249bf6
2019-10-05 03:38:49,241 [pool-403-thread-1] INFO  server.RaftServerConfigKeys (ConfUtils.java:logGet(43)) - raft.server.log.queue.byte-limit = 2147483647 (custom)
2019-10-05 03:38:49,241 [pool-403-thread-1] INFO  server.RaftServerConfigKeys (ConfUtils.java:logGet(43)) - raft.server.log.queue.element-limit = 1024 (custom)
2019-10-05 03:38:49,242 [pool-403-thread-1] INFO  server.RaftServerConfigKeys (ConfUtils.java:logGet(43)) - raft.server.log.segment.size.max = 1048576 (custom)
2019-10-05 03:38:49,242 [pool-403-thread-1] INFO  server.RaftServerConfigKeys (ConfUtils.java:logGet(43)) - raft.server.log.preallocated.size = 16384 (custom)
2019-10-05 03:38:49,242 [pool-403-thread-1] INFO  server.RaftServerConfigKeys (ConfUtils.java:logGet(43)) - raft.server.log.write.buffer.size = 33554432 (custom)
2019-10-05 03:38:49,242 [pool-403-thread-1] INFO  server.RaftServerConfigKeys (ConfUtils.java:logGet(43)) - raft.server.log.force.sync.num = 128 (default)
2019-10-05 03:38:49,242 [pool-403-thread-1] INFO  server.RaftServerConfigKeys (ConfUtils.java:logGet(43)) - raft.server.log.statemachine.data.sync = true (default)
2019-10-05 03:38:49,242 [pool-403-thread-1] INFO  server.RaftServerConfigKeys (ConfUtils.java:logGet(43)) - raft.server.log.statemachine.data.sync.timeout = 10s (default)
2019-10-05 03:38:49,243 [pool-403-thread-1] INFO  server.RaftServerConfigKeys (ConfUtils.java:logGet(43)) - raft.server.log.statemachine.data.sync.timeout.retry = -1 (default)
2019-10-05 03:38:49,243 [IPC Server handler 1 on 44786] INFO  net.NetworkTopology (NetworkTopologyImpl.java:add(111)) - Added a new node: /default-rack/cddde53f-2fb1-4561-af13-bdde606bfb1d
2019-10-05 03:38:49,243 [pool-403-thread-1] INFO  server.RaftServerConfigKeys (ConfUtils.java:logGet(43)) - raft.server.log.statemachine.data.caching.enabled = true (custom)
2019-10-05 03:38:49,243 [IPC Server handler 1 on 44786] INFO  node.SCMNodeManager (SCMNodeManager.java:register(268)) - Registered Data node : cddde53f-2fb1-4561-af13-bdde606bfb1d{ip: 192.168.30.52, host: pr-trunk-8bgv9-3736441219, networkLocation: /default-rack, certSerialId: null}
2019-10-05 03:38:49,243 [pool-403-thread-1] INFO  segmented.SegmentedRaftLogWorker (SegmentedRaftLogWorker.java:lambda$new$0(128)) - e0b36003-af5c-4ac6-a9db-e5286e4b95fb@group-820952249BF6-SegmentedRaftLogWorker: flushIndex: setUnconditionally 0 -> -1
2019-10-05 03:38:49,244 [pool-403-thread-1] INFO  server.RaftServerConfigKeys (ConfUtils.java:logGet(43)) - raft.server.snapshot.auto.trigger.enabled = true (custom)
2019-10-05 03:38:49,244 [pool-403-thread-1] INFO  server.RaftServerConfigKeys (ConfUtils.java:logGet(43)) - raft.server.snapshot.auto.trigger.threshold = 10000 (custom)
2019-10-05 03:38:49,244 [pool-403-thread-1] INFO  server.RaftServerConfigKeys (ConfUtils.java:logGet(43)) - raft.server.snapshot.retention.file.num = 5 (custom)
2019-10-05 03:38:49,244 [pool-403-thread-1] INFO  server.RaftServerConfigKeys (ConfUtils.java:logGet(43)) - raft.server.retrycache.expirytime = 600000ms (custom)
2019-10-05 03:38:49,246 [pool-403-thread-1] INFO  impl.RaftServerImpl (RaftServerImpl.java:start(181)) - e0b36003-af5c-4ac6-a9db-e5286e4b95fb@group-820952249BF6: start as a follower, conf=-1: [e0b36003-af5c-4ac6-a9db-e5286e4b95fb:192.168.30.52:45949], old=null
2019-10-05 03:38:49,247 [pool-403-thread-1] INFO  impl.RaftServerImpl (RaftServerImpl.java:setRole(170)) - e0b36003-af5c-4ac6-a9db-e5286e4b95fb@group-820952249BF6: changes role from      null to FOLLOWER at term 0 for startAsFollower
2019-10-05 03:38:49,247 [pool-403-thread-1] INFO  impl.RoleInfo (RoleInfo.java:updateAndGet(143)) - e0b36003-af5c-4ac6-a9db-e5286e4b95fb: start FollowerState
2019-10-05 03:38:49,247 [pool-403-thread-1] INFO  util.JmxRegister (JmxRegister.java:tryRegister(44)) - Successfully registered JMX Bean with object name Ratis:service=RaftServer,group=group-820952249BF6,id=e0b36003-af5c-4ac6-a9db-e5286e4b95fb
2019-10-05 03:38:49,254 [RatisPipelineUtilsThread] INFO  pipeline.PipelineStateManager (PipelineStateManager.java:addPipeline(56)) - Created pipeline Pipeline[ Id: 82fb00a8-6eec-41d0-8ce3-820952249bf6, Nodes: e0b36003-af5c-4ac6-a9db-e5286e4b95fb{ip: 192.168.30.52, host: pr-trunk-8bgv9-3736441219, networkLocation: /default-rack, certSerialId: null}, Type:RATIS, Factor:ONE, State:OPEN]
2019-10-05 03:38:49,263 [grpc-default-executor-4] INFO  impl.RaftServerProxy (RaftServerProxy.java:addNew(89)) - cddde53f-2fb1-4561-af13-bdde606bfb1d: addNew group-BB7525BB5949:[cddde53f-2fb1-4561-af13-bdde606bfb1d:192.168.30.52:43038] returns group-BB7525BB5949:java.util.concurrent.CompletableFuture@78dc5cab[Not completed]
2019-10-05 03:38:49,264 [pool-413-thread-1] INFO  impl.RaftServerImpl (RaftServerImpl.java:<init>(95)) - cddde53f-2fb1-4561-af13-bdde606bfb1d: new RaftServerImpl for group-BB7525BB5949:[cddde53f-2fb1-4561-af13-bdde606bfb1d:192.168.30.52:43038] with ContainerStateMachine:uninitialized
2019-10-05 03:38:49,265 [pool-413-thread-1] INFO  server.RaftServerConfigKeys (ConfUtils.java:logGet(43)) - raft.server.rpc.timeout.min = 5s (custom)
2019-10-05 03:38:49,265 [pool-413-thread-1] INFO  server.RaftServerConfigKeys (ConfUtils.java:logGet(43)) - raft.server.rpc.timeout.max = 5200ms (custom)
2019-10-05 03:38:49,265 [pool-413-thread-1] INFO  server.RaftServerConfigKeys (ConfUtils.java:logGet(43)) - raft.server.rpcslowness.timeout = 120s (custom)
2019-10-05 03:38:49,265 [pool-413-thread-1] INFO  server.RaftServerConfigKeys (ConfUtils.java:logGet(43)) - raft.server.sleep.deviation.threshold = 300 (default)
2019-10-05 03:38:49,265 [pool-413-thread-1] INFO  server.RaftServerConfigKeys (ConfUtils.java:logGet(43)) - raft.server.log.appender.install.snapshot.enabled = false (custom)
2019-10-05 03:38:49,265 [pool-413-thread-1] INFO  impl.RaftServerImpl (ServerState.java:<init>(103)) - cddde53f-2fb1-4561-af13-bdde606bfb1d@group-BB7525BB5949: ConfigurationManager, init=-1: [cddde53f-2fb1-4561-af13-bdde606bfb1d:192.168.30.52:43038], old=null, confs=<EMPTY_MAP>
2019-10-05 03:38:49,265 [pool-413-thread-1] INFO  server.RaftServerConfigKeys (ConfUtils.java:logGet(43)) - raft.server.storage.dir = [/workdir/hadoop-ozone/integration-test/target/test-dir/MiniOzoneClusterImpl-488e3676-e8d2-4e8a-b095-27ca3829cd58/datanode-3/data/ratis] (custom)
2019-10-05 03:38:49,266 [pool-413-thread-1] INFO  server.RaftServerConfigKeys (ConfUtils.java:logGet(43)) - raft.server.log.corruption.policy = EXCEPTION (default)
2019-10-05 03:38:49,266 [pool-413-thread-1] INFO  storage.RaftStorageDirectory (RaftStorageDirectory.java:analyzeStorage(246)) - The storage directory /workdir/hadoop-ozone/integration-test/target/test-dir/MiniOzoneClusterImpl-488e3676-e8d2-4e8a-b095-27ca3829cd58/datanode-3/data/ratis/ff07cf13-8092-41ed-ae77-bb7525bb5949 does not exist. Creating ...
2019-10-05 03:38:49,277 [pool-413-thread-1] INFO  storage.RaftStorageDirectory (RaftStorageDirectory.java:tryLock(328)) - Lock on /workdir/hadoop-ozone/integration-test/target/test-dir/MiniOzoneClusterImpl-488e3676-e8d2-4e8a-b095-27ca3829cd58/datanode-3/data/ratis/ff07cf13-8092-41ed-ae77-bb7525bb5949/in_use.lock acquired by nodename 24595@pr-trunk-8bgv9-3736441219
2019-10-05 03:38:49,280 [pool-413-thread-1] INFO  storage.RaftStorage (RaftStorage.java:format(84)) - Storage directory /workdir/hadoop-ozone/integration-test/target/test-dir/MiniOzoneClusterImpl-488e3676-e8d2-4e8a-b095-27ca3829cd58/datanode-3/data/ratis/ff07cf13-8092-41ed-ae77-bb7525bb5949 has been successfully formatted.
2019-10-05 03:38:49,280 [pool-413-thread-1] INFO  ratis.ContainerStateMachine (ContainerStateMachine.java:loadSnapshot(231)) - group-BB7525BB5949: The snapshot info is null. Setting the last applied indexto:(t:0, i:~)
2019-10-05 03:38:49,280 [pool-413-thread-1] INFO  server.RaftServerConfigKeys (ConfUtils.java:logGet(43)) - raft.server.notification.no-leader.timeout = 120s (custom)
2019-10-05 03:38:49,280 [pool-413-thread-1] INFO  server.RaftServerConfigKeys (ConfUtils.java:logGet(43)) - raft.server.log.use.memory = false (default)
2019-10-05 03:38:49,280 [pool-413-thread-1] INFO  server.RaftServerConfigKeys (ConfUtils.java:logGet(43)) - raft.server.log.purge.gap = 1000000 (custom)
2019-10-05 03:38:49,281 [pool-413-thread-1] INFO  server.RaftServerConfigKeys (ConfUtils.java:logGet(43)) - raft.server.log.appender.buffer.byte-limit = 33554432 (custom)
2019-10-05 03:38:49,281 [pool-413-thread-1] INFO  server.RaftServerConfigKeys (ConfUtils.java:logGet(43)) - raft.server.log.segment.size.max = 1048576 (custom)
2019-10-05 03:38:49,282 [pool-413-thread-1] INFO  server.RaftServerConfigKeys (ConfUtils.java:logGet(43)) - raft.server.log.segment.cache.num.max = 2 (custom)
2019-10-05 03:38:49,282 [pool-413-thread-1] INFO  segmented.SegmentedRaftLogWorker (SegmentedRaftLogWorker.java:<init>(173)) - new cddde53f-2fb1-4561-af13-bdde606bfb1d@group-BB7525BB5949-SegmentedRaftLogWorker for RaftStorage:Storage Directory /workdir/hadoop-ozone/integration-test/target/test-dir/MiniOzoneClusterImpl-488e3676-e8d2-4e8a-b095-27ca3829cd58/datanode-3/data/ratis/ff07cf13-8092-41ed-ae77-bb7525bb5949
2019-10-05 03:38:49,282 [pool-413-thread-1] INFO  server.RaftServerConfigKeys (ConfUtils.java:logGet(43)) - raft.server.log.queue.byte-limit = 2147483647 (custom)
2019-10-05 03:38:49,282 [pool-413-thread-1] INFO  server.RaftServerConfigKeys (ConfUtils.java:logGet(43)) - raft.server.log.queue.element-limit = 1024 (custom)
2019-10-05 03:38:49,282 [pool-413-thread-1] INFO  server.RaftServerConfigKeys (ConfUtils.java:logGet(43)) - raft.server.log.segment.size.max = 1048576 (custom)
2019-10-05 03:38:49,283 [pool-413-thread-1] INFO  server.RaftServerConfigKeys (ConfUtils.java:logGet(43)) - raft.server.log.preallocated.size = 16384 (custom)
2019-10-05 03:38:49,283 [pool-413-thread-1] INFO  server.RaftServerConfigKeys (ConfUtils.java:logGet(43)) - raft.server.log.write.buffer.size = 33554432 (custom)
2019-10-05 03:38:49,283 [pool-413-thread-1] INFO  server.RaftServerConfigKeys (ConfUtils.java:logGet(43)) - raft.server.log.force.sync.num = 128 (default)
2019-10-05 03:38:49,283 [pool-413-thread-1] INFO  server.RaftServerConfigKeys (ConfUtils.java:logGet(43)) - raft.server.log.statemachine.data.sync = true (default)
2019-10-05 03:38:49,283 [pool-413-thread-1] INFO  server.RaftServerConfigKeys (ConfUtils.java:logGet(43)) - raft.server.log.statemachine.data.sync.timeout = 10s (default)
2019-10-05 03:38:49,283 [pool-413-thread-1] INFO  server.RaftServerConfigKeys (ConfUtils.java:logGet(43)) - raft.server.log.statemachine.data.sync.timeout.retry = -1 (default)
2019-10-05 03:38:49,283 [pool-413-thread-1] INFO  server.RaftServerConfigKeys (ConfUtils.java:logGet(43)) - raft.server.log.statemachine.data.caching.enabled = true (custom)
2019-10-05 03:38:49,284 [pool-413-thread-1] INFO  segmented.SegmentedRaftLogWorker (SegmentedRaftLogWorker.java:lambda$new$0(128)) - cddde53f-2fb1-4561-af13-bdde606bfb1d@group-BB7525BB5949-SegmentedRaftLogWorker: flushIndex: setUnconditionally 0 -> -1
2019-10-05 03:38:49,284 [pool-413-thread-1] INFO  server.RaftServerConfigKeys (ConfUtils.java:logGet(43)) - raft.server.snapshot.auto.trigger.enabled = true (custom)
2019-10-05 03:38:49,284 [pool-413-thread-1] INFO  server.RaftServerConfigKeys (ConfUtils.java:logGet(43)) - raft.server.snapshot.auto.trigger.threshold = 10000 (custom)
2019-10-05 03:38:49,284 [pool-413-thread-1] INFO  server.RaftServerConfigKeys (ConfUtils.java:logGet(43)) - raft.server.snapshot.retention.file.num = 5 (custom)
2019-10-05 03:38:49,284 [pool-413-thread-1] INFO  server.RaftServerConfigKeys (ConfUtils.java:logGet(43)) - raft.server.retrycache.expirytime = 600000ms (custom)
2019-10-05 03:38:49,285 [pool-413-thread-1] INFO  impl.RaftServerImpl (RaftServerImpl.java:start(181)) - cddde53f-2fb1-4561-af13-bdde606bfb1d@group-BB7525BB5949: start as a follower, conf=-1: [cddde53f-2fb1-4561-af13-bdde606bfb1d:192.168.30.52:43038], old=null
2019-10-05 03:38:49,285 [pool-413-thread-1] INFO  impl.RaftServerImpl (RaftServerImpl.java:setRole(170)) - cddde53f-2fb1-4561-af13-bdde606bfb1d@group-BB7525BB5949: changes role from      null to FOLLOWER at term 0 for startAsFollower
2019-10-05 03:38:49,286 [pool-413-thread-1] INFO  impl.RoleInfo (RoleInfo.java:updateAndGet(143)) - cddde53f-2fb1-4561-af13-bdde606bfb1d: start FollowerState
2019-10-05 03:38:49,286 [pool-413-thread-1] INFO  util.JmxRegister (JmxRegister.java:tryRegister(44)) - Successfully registered JMX Bean with object name Ratis:service=RaftServer,group=group-BB7525BB5949,id=cddde53f-2fb1-4561-af13-bdde606bfb1d
2019-10-05 03:38:49,291 [RatisPipelineUtilsThread] INFO  pipeline.PipelineStateManager (PipelineStateManager.java:addPipeline(56)) - Created pipeline Pipeline[ Id: ff07cf13-8092-41ed-ae77-bb7525bb5949, Nodes: cddde53f-2fb1-4561-af13-bdde606bfb1d{ip: 192.168.30.52, host: pr-trunk-8bgv9-3736441219, networkLocation: /default-rack, certSerialId: null}, Type:RATIS, Factor:ONE, State:OPEN]
2019-10-05 03:38:49,302 [grpc-default-executor-1] INFO  impl.RaftServerProxy (RaftServerProxy.java:addNew(89)) - e0b36003-af5c-4ac6-a9db-e5286e4b95fb: addNew group-D7189323903B:[7dc33f28-0aa5-4ace-bfb8-59fc37fda62f:192.168.30.52:34930, a8af7fda-8374-44be-a4b2-6d310b3e0e31:192.168.30.52:39680, e0b36003-af5c-4ac6-a9db-e5286e4b95fb:192.168.30.52:45949] returns group-D7189323903B:java.util.concurrent.CompletableFuture@2a5cafde[Not completed]
2019-10-05 03:38:49,302 [grpc-default-executor-3] INFO  impl.RaftServerProxy (RaftServerProxy.java:addNew(89)) - a8af7fda-8374-44be-a4b2-6d310b3e0e31: addNew group-D7189323903B:[7dc33f28-0aa5-4ace-bfb8-59fc37fda62f:192.168.30.52:34930, a8af7fda-8374-44be-a4b2-6d310b3e0e31:192.168.30.52:39680, e0b36003-af5c-4ac6-a9db-e5286e4b95fb:192.168.30.52:45949] returns group-D7189323903B:java.util.concurrent.CompletableFuture@3857da72[Not completed]
2019-10-05 03:38:49,302 [grpc-default-executor-4] INFO  impl.RaftServerProxy (RaftServerProxy.java:addNew(89)) - 7dc33f28-0aa5-4ace-bfb8-59fc37fda62f: addNew group-D7189323903B:[7dc33f28-0aa5-4ace-bfb8-59fc37fda62f:192.168.30.52:34930, a8af7fda-8374-44be-a4b2-6d310b3e0e31:192.168.30.52:39680, e0b36003-af5c-4ac6-a9db-e5286e4b95fb:192.168.30.52:45949] returns group-D7189323903B:java.util.concurrent.CompletableFuture@17458299[Not completed]
2019-10-05 03:38:49,303 [pool-403-thread-1] INFO  impl.RaftServerImpl (RaftServerImpl.java:<init>(95)) - e0b36003-af5c-4ac6-a9db-e5286e4b95fb: new RaftServerImpl for group-D7189323903B:[7dc33f28-0aa5-4ace-bfb8-59fc37fda62f:192.168.30.52:34930, a8af7fda-8374-44be-a4b2-6d310b3e0e31:192.168.30.52:39680, e0b36003-af5c-4ac6-a9db-e5286e4b95fb:192.168.30.52:45949] with ContainerStateMachine:uninitialized
2019-10-05 03:38:49,303 [pool-403-thread-1] INFO  server.RaftServerConfigKeys (ConfUtils.java:logGet(43)) - raft.server.rpc.timeout.min = 5s (custom)
2019-10-05 03:38:49,303 [pool-403-thread-1] INFO  server.RaftServerConfigKeys (ConfUtils.java:logGet(43)) - raft.server.rpc.timeout.max = 5200ms (custom)
2019-10-05 03:38:49,303 [pool-403-thread-1] INFO  server.RaftServerConfigKeys (ConfUtils.java:logGet(43)) - raft.server.rpcslowness.timeout = 120s (custom)
2019-10-05 03:38:49,303 [pool-403-thread-1] INFO  server.RaftServerConfigKeys (ConfUtils.java:logGet(43)) - raft.server.sleep.deviation.threshold = 300 (default)
2019-10-05 03:38:49,303 [pool-403-thread-1] INFO  server.RaftServerConfigKeys (ConfUtils.java:logGet(43)) - raft.server.log.appender.install.snapshot.enabled = false (custom)
2019-10-05 03:38:49,303 [pool-403-thread-1] INFO  impl.RaftServerImpl (ServerState.java:<init>(103)) - e0b36003-af5c-4ac6-a9db-e5286e4b95fb@group-D7189323903B: ConfigurationManager, init=-1: [7dc33f28-0aa5-4ace-bfb8-59fc37fda62f:192.168.30.52:34930, a8af7fda-8374-44be-a4b2-6d310b3e0e31:192.168.30.52:39680, e0b36003-af5c-4ac6-a9db-e5286e4b95fb:192.168.30.52:45949], old=null, confs=<EMPTY_MAP>
2019-10-05 03:38:49,304 [pool-393-thread-1] INFO  impl.RaftServerImpl (RaftServerImpl.java:<init>(95)) - 7dc33f28-0aa5-4ace-bfb8-59fc37fda62f: new RaftServerImpl for group-D7189323903B:[7dc33f28-0aa5-4ace-bfb8-59fc37fda62f:192.168.30.52:34930, a8af7fda-8374-44be-a4b2-6d310b3e0e31:192.168.30.52:39680, e0b36003-af5c-4ac6-a9db-e5286e4b95fb:192.168.30.52:45949] with ContainerStateMachine:uninitialized
2019-10-05 03:38:49,304 [pool-393-thread-1] INFO  server.RaftServerConfigKeys (ConfUtils.java:logGet(43)) - raft.server.rpc.timeout.min = 5s (custom)
2019-10-05 03:38:49,304 [pool-393-thread-1] INFO  server.RaftServerConfigKeys (ConfUtils.java:logGet(43)) - raft.server.rpc.timeout.max = 5200ms (custom)
2019-10-05 03:38:49,304 [pool-383-thread-1] INFO  impl.RaftServerImpl (RaftServerImpl.java:<init>(95)) - a8af7fda-8374-44be-a4b2-6d310b3e0e31: new RaftServerImpl for group-D7189323903B:[7dc33f28-0aa5-4ace-bfb8-59fc37fda62f:192.168.30.52:34930, a8af7fda-8374-44be-a4b2-6d310b3e0e31:192.168.30.52:39680, e0b36003-af5c-4ac6-a9db-e5286e4b95fb:192.168.30.52:45949] with ContainerStateMachine:uninitialized
2019-10-05 03:38:49,304 [pool-403-thread-1] INFO  server.RaftServerConfigKeys (ConfUtils.java:logGet(43)) - raft.server.storage.dir = [/workdir/hadoop-ozone/integration-test/target/test-dir/MiniOzoneClusterImpl-488e3676-e8d2-4e8a-b095-27ca3829cd58/datanode-2/data/ratis] (custom)
2019-10-05 03:38:49,304 [pool-383-thread-1] INFO  server.RaftServerConfigKeys (ConfUtils.java:logGet(43)) - raft.server.rpc.timeout.min = 5s (custom)
2019-10-05 03:38:49,304 [pool-393-thread-1] INFO  server.RaftServerConfigKeys (ConfUtils.java:logGet(43)) - raft.server.rpcslowness.timeout = 120s (custom)
2019-10-05 03:38:49,304 [pool-403-thread-1] INFO  server.RaftServerConfigKeys (ConfUtils.java:logGet(43)) - raft.server.log.corruption.policy = EXCEPTION (default)
2019-10-05 03:38:49,304 [IPC Server handler 0 on 44786] INFO  net.NetworkTopology (NetworkTopologyImpl.java:add(111)) - Added a new node: /default-rack/c4a6d2bd-b98c-408d-8a32-d605aee54c38
2019-10-05 03:38:49,304 [pool-403-thread-1] INFO  storage.RaftStorageDirectory (RaftStorageDirectory.java:analyzeStorage(246)) - The storage directory /workdir/hadoop-ozone/integration-test/target/test-dir/MiniOzoneClusterImpl-488e3676-e8d2-4e8a-b095-27ca3829cd58/datanode-2/data/ratis/6bff583e-f9ed-4986-a4d0-d7189323903b does not exist. Creating ...
2019-10-05 03:38:49,304 [pool-393-thread-1] INFO  server.RaftServerConfigKeys (ConfUtils.java:logGet(43)) - raft.server.sleep.deviation.threshold = 300 (default)
2019-10-05 03:38:49,304 [pool-383-thread-1] INFO  server.RaftServerConfigKeys (ConfUtils.java:logGet(43)) - raft.server.rpc.timeout.max = 5200ms (custom)
2019-10-05 03:38:49,305 [pool-393-thread-1] INFO  server.RaftServerConfigKeys (ConfUtils.java:logGet(43)) - raft.server.log.appender.install.snapshot.enabled = false (custom)
2019-10-05 03:38:49,305 [IPC Server handler 0 on 44786] INFO  node.SCMNodeManager (SCMNodeManager.java:register(268)) - Registered Data node : c4a6d2bd-b98c-408d-8a32-d605aee54c38{ip: 192.168.30.52, host: pr-trunk-8bgv9-3736441219, networkLocation: /default-rack, certSerialId: null}
2019-10-05 03:38:49,305 [pool-393-thread-1] INFO  impl.RaftServerImpl (ServerState.java:<init>(103)) - 7dc33f28-0aa5-4ace-bfb8-59fc37fda62f@group-D7189323903B: ConfigurationManager, init=-1: [7dc33f28-0aa5-4ace-bfb8-59fc37fda62f:192.168.30.52:34930, a8af7fda-8374-44be-a4b2-6d310b3e0e31:192.168.30.52:39680, e0b36003-af5c-4ac6-a9db-e5286e4b95fb:192.168.30.52:45949], old=null, confs=<EMPTY_MAP>
2019-10-05 03:38:49,305 [pool-383-thread-1] INFO  server.RaftServerConfigKeys (ConfUtils.java:logGet(43)) - raft.server.rpcslowness.timeout = 120s (custom)
2019-10-05 03:38:49,305 [pool-393-thread-1] INFO  server.RaftServerConfigKeys (ConfUtils.java:logGet(43)) - raft.server.storage.dir = [/workdir/hadoop-ozone/integration-test/target/test-dir/MiniOzoneClusterImpl-488e3676-e8d2-4e8a-b095-27ca3829cd58/datanode-1/data/ratis] (custom)
2019-10-05 03:38:49,305 [pool-383-thread-1] INFO  server.RaftServerConfigKeys (ConfUtils.java:logGet(43)) - raft.server.sleep.deviation.threshold = 300 (default)
2019-10-05 03:38:49,306 [pool-383-thread-1] INFO  server.RaftServerConfigKeys (ConfUtils.java:logGet(43)) - raft.server.log.appender.install.snapshot.enabled = false (custom)
2019-10-05 03:38:49,306 [pool-393-thread-1] INFO  server.RaftServerConfigKeys (ConfUtils.java:logGet(43)) - raft.server.log.corruption.policy = EXCEPTION (default)
2019-10-05 03:38:49,306 [pool-383-thread-1] INFO  impl.RaftServerImpl (ServerState.java:<init>(103)) - a8af7fda-8374-44be-a4b2-6d310b3e0e31@group-D7189323903B: ConfigurationManager, init=-1: [7dc33f28-0aa5-4ace-bfb8-59fc37fda62f:192.168.30.52:34930, a8af7fda-8374-44be-a4b2-6d310b3e0e31:192.168.30.52:39680, e0b36003-af5c-4ac6-a9db-e5286e4b95fb:192.168.30.52:45949], old=null, confs=<EMPTY_MAP>
2019-10-05 03:38:49,306 [pool-393-thread-1] INFO  storage.RaftStorageDirectory (RaftStorageDirectory.java:analyzeStorage(246)) - The storage directory /workdir/hadoop-ozone/integration-test/target/test-dir/MiniOzoneClusterImpl-488e3676-e8d2-4e8a-b095-27ca3829cd58/datanode-1/data/ratis/6bff583e-f9ed-4986-a4d0-d7189323903b does not exist. Creating ...
2019-10-05 03:38:49,306 [pool-383-thread-1] INFO  server.RaftServerConfigKeys (ConfUtils.java:logGet(43)) - raft.server.storage.dir = [/workdir/hadoop-ozone/integration-test/target/test-dir/MiniOzoneClusterImpl-488e3676-e8d2-4e8a-b095-27ca3829cd58/datanode-0/data/ratis] (custom)
2019-10-05 03:38:49,306 [pool-383-thread-1] INFO  server.RaftServerConfigKeys (ConfUtils.java:logGet(43)) - raft.server.log.corruption.policy = EXCEPTION (default)
2019-10-05 03:38:49,306 [pool-383-thread-1] INFO  storage.RaftStorageDirectory (RaftStorageDirectory.java:analyzeStorage(246)) - The storage directory /workdir/hadoop-ozone/integration-test/target/test-dir/MiniOzoneClusterImpl-488e3676-e8d2-4e8a-b095-27ca3829cd58/datanode-0/data/ratis/6bff583e-f9ed-4986-a4d0-d7189323903b does not exist. Creating ...
2019-10-05 03:38:49,317 [pool-383-thread-1] INFO  storage.RaftStorageDirectory (RaftStorageDirectory.java:tryLock(328)) - Lock on /workdir/hadoop-ozone/integration-test/target/test-dir/MiniOzoneClusterImpl-488e3676-e8d2-4e8a-b095-27ca3829cd58/datanode-0/data/ratis/6bff583e-f9ed-4986-a4d0-d7189323903b/in_use.lock acquired by nodename 24595@pr-trunk-8bgv9-3736441219
2019-10-05 03:38:49,317 [pool-403-thread-1] INFO  storage.RaftStorageDirectory (RaftStorageDirectory.java:tryLock(328)) - Lock on /workdir/hadoop-ozone/integration-test/target/test-dir/MiniOzoneClusterImpl-488e3676-e8d2-4e8a-b095-27ca3829cd58/datanode-2/data/ratis/6bff583e-f9ed-4986-a4d0-d7189323903b/in_use.lock acquired by nodename 24595@pr-trunk-8bgv9-3736441219
2019-10-05 03:38:49,317 [pool-393-thread-1] INFO  storage.RaftStorageDirectory (RaftStorageDirectory.java:tryLock(328)) - Lock on /workdir/hadoop-ozone/integration-test/target/test-dir/MiniOzoneClusterImpl-488e3676-e8d2-4e8a-b095-27ca3829cd58/datanode-1/data/ratis/6bff583e-f9ed-4986-a4d0-d7189323903b/in_use.lock acquired by nodename 24595@pr-trunk-8bgv9-3736441219
2019-10-05 03:38:49,330 [pool-393-thread-1] INFO  storage.RaftStorage (RaftStorage.java:format(84)) - Storage directory /workdir/hadoop-ozone/integration-test/target/test-dir/MiniOzoneClusterImpl-488e3676-e8d2-4e8a-b095-27ca3829cd58/datanode-1/data/ratis/6bff583e-f9ed-4986-a4d0-d7189323903b has been successfully formatted.
2019-10-05 03:38:49,330 [pool-403-thread-1] INFO  storage.RaftStorage (RaftStorage.java:format(84)) - Storage directory /workdir/hadoop-ozone/integration-test/target/test-dir/MiniOzoneClusterImpl-488e3676-e8d2-4e8a-b095-27ca3829cd58/datanode-2/data/ratis/6bff583e-f9ed-4986-a4d0-d7189323903b has been successfully formatted.
2019-10-05 03:38:49,330 [pool-383-thread-1] INFO  storage.RaftStorage (RaftStorage.java:format(84)) - Storage directory /workdir/hadoop-ozone/integration-test/target/test-dir/MiniOzoneClusterImpl-488e3676-e8d2-4e8a-b095-27ca3829cd58/datanode-0/data/ratis/6bff583e-f9ed-4986-a4d0-d7189323903b has been successfully formatted.
2019-10-05 03:38:49,331 [pool-393-thread-1] INFO  ratis.ContainerStateMachine (ContainerStateMachine.java:loadSnapshot(231)) - group-D7189323903B: The snapshot info is null. Setting the last applied indexto:(t:0, i:~)
2019-10-05 03:38:49,331 [pool-383-thread-1] INFO  ratis.ContainerStateMachine (ContainerStateMachine.java:loadSnapshot(231)) - group-D7189323903B: The snapshot info is null. Setting the last applied indexto:(t:0, i:~)
2019-10-05 03:38:49,331 [pool-393-thread-1] INFO  server.RaftServerConfigKeys (ConfUtils.java:logGet(43)) - raft.server.notification.no-leader.timeout = 120s (custom)
2019-10-05 03:38:49,331 [pool-403-thread-1] INFO  ratis.ContainerStateMachine (ContainerStateMachine.java:loadSnapshot(231)) - group-D7189323903B: The snapshot info is null. Setting the last applied indexto:(t:0, i:~)
2019-10-05 03:38:49,331 [pool-393-thread-1] INFO  server.RaftServerConfigKeys (ConfUtils.java:logGet(43)) - raft.server.log.use.memory = false (default)
2019-10-05 03:38:49,331 [pool-383-thread-1] INFO  server.RaftServerConfigKeys (ConfUtils.java:logGet(43)) - raft.server.notification.no-leader.timeout = 120s (custom)
2019-10-05 03:38:49,331 [pool-393-thread-1] INFO  server.RaftServerConfigKeys (ConfUtils.java:logGet(43)) - raft.server.log.purge.gap = 1000000 (custom)
2019-10-05 03:38:49,331 [pool-403-thread-1] INFO  server.RaftServerConfigKeys (ConfUtils.java:logGet(43)) - raft.server.notification.no-leader.timeout = 120s (custom)
2019-10-05 03:38:49,332 [pool-393-thread-1] INFO  server.RaftServerConfigKeys (ConfUtils.java:logGet(43)) - raft.server.log.appender.buffer.byte-limit = 33554432 (custom)
2019-10-05 03:38:49,332 [pool-383-thread-1] INFO  server.RaftServerConfigKeys (ConfUtils.java:logGet(43)) - raft.server.log.use.memory = false (default)
2019-10-05 03:38:49,332 [pool-393-thread-1] INFO  server.RaftServerConfigKeys (ConfUtils.java:logGet(43)) - raft.server.log.segment.size.max = 1048576 (custom)
2019-10-05 03:38:49,332 [pool-403-thread-1] INFO  server.RaftServerConfigKeys (ConfUtils.java:logGet(43)) - raft.server.log.use.memory = false (default)
2019-10-05 03:38:49,332 [pool-393-thread-1] INFO  server.RaftServerConfigKeys (ConfUtils.java:logGet(43)) - raft.server.log.segment.cache.num.max = 2 (custom)
2019-10-05 03:38:49,332 [pool-383-thread-1] INFO  server.RaftServerConfigKeys (ConfUtils.java:logGet(43)) - raft.server.log.purge.gap = 1000000 (custom)
2019-10-05 03:38:49,332 [pool-393-thread-1] INFO  segmented.SegmentedRaftLogWorker (SegmentedRaftLogWorker.java:<init>(173)) - new 7dc33f28-0aa5-4ace-bfb8-59fc37fda62f@group-D7189323903B-SegmentedRaftLogWorker for RaftStorage:Storage Directory /workdir/hadoop-ozone/integration-test/target/test-dir/MiniOzoneClusterImpl-488e3676-e8d2-4e8a-b095-27ca3829cd58/datanode-1/data/ratis/6bff583e-f9ed-4986-a4d0-d7189323903b
2019-10-05 03:38:49,332 [pool-403-thread-1] INFO  server.RaftServerConfigKeys (ConfUtils.java:logGet(43)) - raft.server.log.purge.gap = 1000000 (custom)
2019-10-05 03:38:49,333 [pool-393-thread-1] INFO  server.RaftServerConfigKeys (ConfUtils.java:logGet(43)) - raft.server.log.queue.byte-limit = 2147483647 (custom)
2019-10-05 03:38:49,332 [pool-383-thread-1] INFO  server.RaftServerConfigKeys (ConfUtils.java:logGet(43)) - raft.server.log.appender.buffer.byte-limit = 33554432 (custom)
2019-10-05 03:38:49,333 [pool-393-thread-1] INFO  server.RaftServerConfigKeys (ConfUtils.java:logGet(43)) - raft.server.log.queue.element-limit = 1024 (custom)
2019-10-05 03:38:49,333 [pool-403-thread-1] INFO  server.RaftServerConfigKeys (ConfUtils.java:logGet(43)) - raft.server.log.appender.buffer.byte-limit = 33554432 (custom)
2019-10-05 03:38:49,333 [pool-393-thread-1] INFO  server.RaftServerConfigKeys (ConfUtils.java:logGet(43)) - raft.server.log.segment.size.max = 1048576 (custom)
2019-10-05 03:38:49,333 [pool-383-thread-1] INFO  server.RaftServerConfigKeys (ConfUtils.java:logGet(43)) - raft.server.log.segment.size.max = 1048576 (custom)
2019-10-05 03:38:49,333 [pool-393-thread-1] INFO  server.RaftServerConfigKeys (ConfUtils.java:logGet(43)) - raft.server.log.preallocated.size = 16384 (custom)
2019-10-05 03:38:49,333 [pool-403-thread-1] INFO  server.RaftServerConfigKeys (ConfUtils.java:logGet(43)) - raft.server.log.segment.size.max = 1048576 (custom)
2019-10-05 03:38:49,334 [pool-393-thread-1] INFO  server.RaftServerConfigKeys (ConfUtils.java:logGet(43)) - raft.server.log.write.buffer.size = 33554432 (custom)
2019-10-05 03:38:49,334 [pool-383-thread-1] INFO  server.RaftServerConfigKeys (ConfUtils.java:logGet(43)) - raft.server.log.segment.cache.num.max = 2 (custom)
2019-10-05 03:38:49,334 [pool-393-thread-1] INFO  server.RaftServerConfigKeys (ConfUtils.java:logGet(43)) - raft.server.log.force.sync.num = 128 (default)
2019-10-05 03:38:49,334 [pool-403-thread-1] INFO  server.RaftServerConfigKeys (ConfUtils.java:logGet(43)) - raft.server.log.segment.cache.num.max = 2 (custom)
2019-10-05 03:38:49,334 [pool-393-thread-1] INFO  server.RaftServerConfigKeys (ConfUtils.java:logGet(43)) - raft.server.log.statemachine.data.sync = true (default)
2019-10-05 03:38:49,334 [pool-383-thread-1] INFO  segmented.SegmentedRaftLogWorker (SegmentedRaftLogWorker.java:<init>(173)) - new a8af7fda-8374-44be-a4b2-6d310b3e0e31@group-D7189323903B-SegmentedRaftLogWorker for RaftStorage:Storage Directory /workdir/hadoop-ozone/integration-test/target/test-dir/MiniOzoneClusterImpl-488e3676-e8d2-4e8a-b095-27ca3829cd58/datanode-0/data/ratis/6bff583e-f9ed-4986-a4d0-d7189323903b
2019-10-05 03:38:49,334 [pool-393-thread-1] INFO  server.RaftServerConfigKeys (ConfUtils.java:logGet(43)) - raft.server.log.statemachine.data.sync.timeout = 10s (default)
2019-10-05 03:38:49,334 [pool-403-thread-1] INFO  segmented.SegmentedRaftLogWorker (SegmentedRaftLogWorker.java:<init>(173)) - new e0b36003-af5c-4ac6-a9db-e5286e4b95fb@group-D7189323903B-SegmentedRaftLogWorker for RaftStorage:Storage Directory /workdir/hadoop-ozone/integration-test/target/test-dir/MiniOzoneClusterImpl-488e3676-e8d2-4e8a-b095-27ca3829cd58/datanode-2/data/ratis/6bff583e-f9ed-4986-a4d0-d7189323903b
2019-10-05 03:38:49,335 [pool-393-thread-1] INFO  server.RaftServerConfigKeys (ConfUtils.java:logGet(43)) - raft.server.log.statemachine.data.sync.timeout.retry = -1 (default)
2019-10-05 03:38:49,334 [pool-383-thread-1] INFO  server.RaftServerConfigKeys (ConfUtils.java:logGet(43)) - raft.server.log.queue.byte-limit = 2147483647 (custom)
2019-10-05 03:38:49,335 [pool-393-thread-1] INFO  server.RaftServerConfigKeys (ConfUtils.java:logGet(43)) - raft.server.log.statemachine.data.caching.enabled = true (custom)
2019-10-05 03:38:49,335 [pool-403-thread-1] INFO  server.RaftServerConfigKeys (ConfUtils.java:logGet(43)) - raft.server.log.queue.byte-limit = 2147483647 (custom)
2019-10-05 03:38:49,335 [pool-393-thread-1] INFO  segmented.SegmentedRaftLogWorker (SegmentedRaftLogWorker.java:lambda$new$0(128)) - 7dc33f28-0aa5-4ace-bfb8-59fc37fda62f@group-D7189323903B-SegmentedRaftLogWorker: flushIndex: setUnconditionally 0 -> -1
2019-10-05 03:38:49,335 [pool-383-thread-1] INFO  server.RaftServerConfigKeys (ConfUtils.java:logGet(43)) - raft.server.log.queue.element-limit = 1024 (custom)
2019-10-05 03:38:49,335 [pool-403-thread-1] INFO  server.RaftServerConfigKeys (ConfUtils.java:logGet(43)) - raft.server.log.queue.element-limit = 1024 (custom)
2019-10-05 03:38:49,335 [pool-393-thread-1] INFO  server.RaftServerConfigKeys (ConfUtils.java:logGet(43)) - raft.server.snapshot.auto.trigger.enabled = true (custom)
2019-10-05 03:38:49,335 [pool-383-thread-1] INFO  server.RaftServerConfigKeys (ConfUtils.java:logGet(43)) - raft.server.log.segment.size.max = 1048576 (custom)
2019-10-05 03:38:49,336 [pool-393-thread-1] INFO  server.RaftServerConfigKeys (ConfUtils.java:logGet(43)) - raft.server.snapshot.auto.trigger.threshold = 10000 (custom)
2019-10-05 03:38:49,336 [pool-403-thread-1] INFO  server.RaftServerConfigKeys (ConfUtils.java:logGet(43)) - raft.server.log.segment.size.max = 1048576 (custom)
2019-10-05 03:38:49,336 [pool-393-thread-1] INFO  server.RaftServerConfigKeys (ConfUtils.java:logGet(43)) - raft.server.snapshot.retention.file.num = 5 (custom)
2019-10-05 03:38:49,336 [pool-383-thread-1] INFO  server.RaftServerConfigKeys (ConfUtils.java:logGet(43)) - raft.server.log.preallocated.size = 16384 (custom)
2019-10-05 03:38:49,336 [pool-393-thread-1] INFO  server.RaftServerConfigKeys (ConfUtils.java:logGet(43)) - raft.server.retrycache.expirytime = 600000ms (custom)
2019-10-05 03:38:49,336 [pool-403-thread-1] INFO  server.RaftServerConfigKeys (ConfUtils.java:logGet(43)) - raft.server.log.preallocated.size = 16384 (custom)
2019-10-05 03:38:49,336 [pool-383-thread-1] INFO  server.RaftServerConfigKeys (ConfUtils.java:logGet(43)) - raft.server.log.write.buffer.size = 33554432 (custom)
2019-10-05 03:38:49,337 [pool-403-thread-1] INFO  server.RaftServerConfigKeys (ConfUtils.java:logGet(43)) - raft.server.log.write.buffer.size = 33554432 (custom)
2019-10-05 03:38:49,337 [pool-383-thread-1] INFO  server.RaftServerConfigKeys (ConfUtils.java:logGet(43)) - raft.server.log.force.sync.num = 128 (default)
2019-10-05 03:38:49,337 [pool-403-thread-1] INFO  server.RaftServerConfigKeys (ConfUtils.java:logGet(43)) - raft.server.log.force.sync.num = 128 (default)
2019-10-05 03:38:49,337 [pool-383-thread-1] INFO  server.RaftServerConfigKeys (ConfUtils.java:logGet(43)) - raft.server.log.statemachine.data.sync = true (default)
2019-10-05 03:38:49,337 [pool-403-thread-1] INFO  server.RaftServerConfigKeys (ConfUtils.java:logGet(43)) - raft.server.log.statemachine.data.sync = true (default)
2019-10-05 03:38:49,337 [pool-383-thread-1] INFO  server.RaftServerConfigKeys (ConfUtils.java:logGet(43)) - raft.server.log.statemachine.data.sync.timeout = 10s (default)
2019-10-05 03:38:49,337 [pool-403-thread-1] INFO  server.RaftServerConfigKeys (ConfUtils.java:logGet(43)) - raft.server.log.statemachine.data.sync.timeout = 10s (default)
2019-10-05 03:38:49,338 [pool-383-thread-1] INFO  server.RaftServerConfigKeys (ConfUtils.java:logGet(43)) - raft.server.log.statemachine.data.sync.timeout.retry = -1 (default)
2019-10-05 03:38:49,338 [pool-403-thread-1] INFO  server.RaftServerConfigKeys (ConfUtils.java:logGet(43)) - raft.server.log.statemachine.data.sync.timeout.retry = -1 (default)
2019-10-05 03:38:49,338 [pool-393-thread-1] INFO  impl.RaftServerImpl (RaftServerImpl.java:start(181)) - 7dc33f28-0aa5-4ace-bfb8-59fc37fda62f@group-D7189323903B: start as a follower, conf=-1: [7dc33f28-0aa5-4ace-bfb8-59fc37fda62f:192.168.30.52:34930, a8af7fda-8374-44be-a4b2-6d310b3e0e31:192.168.30.52:39680, e0b36003-af5c-4ac6-a9db-e5286e4b95fb:192.168.30.52:45949], old=null
2019-10-05 03:38:49,338 [pool-383-thread-1] INFO  server.RaftServerConfigKeys (ConfUtils.java:logGet(43)) - raft.server.log.statemachine.data.caching.enabled = true (custom)
2019-10-05 03:38:49,338 [pool-393-thread-1] INFO  impl.RaftServerImpl (RaftServerImpl.java:setRole(170)) - 7dc33f28-0aa5-4ace-bfb8-59fc37fda62f@group-D7189323903B: changes role from      null to FOLLOWER at term 0 for startAsFollower
2019-10-05 03:38:49,338 [pool-403-thread-1] INFO  server.RaftServerConfigKeys (ConfUtils.java:logGet(43)) - raft.server.log.statemachine.data.caching.enabled = true (custom)
2019-10-05 03:38:49,338 [pool-383-thread-1] INFO  segmented.SegmentedRaftLogWorker (SegmentedRaftLogWorker.java:lambda$new$0(128)) - a8af7fda-8374-44be-a4b2-6d310b3e0e31@group-D7189323903B-SegmentedRaftLogWorker: flushIndex: setUnconditionally 0 -> -1
2019-10-05 03:38:49,338 [pool-393-thread-1] INFO  impl.RoleInfo (RoleInfo.java:updateAndGet(143)) - 7dc33f28-0aa5-4ace-bfb8-59fc37fda62f: start FollowerState
2019-10-05 03:38:49,339 [pool-403-thread-1] INFO  segmented.SegmentedRaftLogWorker (SegmentedRaftLogWorker.java:lambda$new$0(128)) - e0b36003-af5c-4ac6-a9db-e5286e4b95fb@group-D7189323903B-SegmentedRaftLogWorker: flushIndex: setUnconditionally 0 -> -1
2019-10-05 03:38:49,339 [pool-393-thread-1] INFO  util.JmxRegister (JmxRegister.java:tryRegister(44)) - Successfully registered JMX Bean with object name Ratis:service=RaftServer,group=group-D7189323903B,id=7dc33f28-0aa5-4ace-bfb8-59fc37fda62f
2019-10-05 03:38:49,339 [pool-383-thread-1] INFO  server.RaftServerConfigKeys (ConfUtils.java:logGet(43)) - raft.server.snapshot.auto.trigger.enabled = true (custom)
2019-10-05 03:38:49,339 [pool-403-thread-1] INFO  server.RaftServerConfigKeys (ConfUtils.java:logGet(43)) - raft.server.snapshot.auto.trigger.enabled = true (custom)
2019-10-05 03:38:49,339 [pool-383-thread-1] INFO  server.RaftServerConfigKeys (ConfUtils.java:logGet(43)) - raft.server.snapshot.auto.trigger.threshold = 10000 (custom)
2019-10-05 03:38:49,340 [pool-383-thread-1] INFO  server.RaftServerConfigKeys (ConfUtils.java:logGet(43)) - raft.server.snapshot.retention.file.num = 5 (custom)
2019-10-05 03:38:49,340 [pool-383-thread-1] INFO  server.RaftServerConfigKeys (ConfUtils.java:logGet(43)) - raft.server.retrycache.expirytime = 600000ms (custom)
2019-10-05 03:38:49,340 [pool-403-thread-1] INFO  server.RaftServerConfigKeys (ConfUtils.java:logGet(43)) - raft.server.snapshot.auto.trigger.threshold = 10000 (custom)
2019-10-05 03:38:49,345 [pool-403-thread-1] INFO  server.RaftServerConfigKeys (ConfUtils.java:logGet(43)) - raft.server.snapshot.retention.file.num = 5 (custom)
2019-10-05 03:38:49,345 [pool-383-thread-1] INFO  impl.RaftServerImpl (RaftServerImpl.java:start(181)) - a8af7fda-8374-44be-a4b2-6d310b3e0e31@group-D7189323903B: start as a follower, conf=-1: [7dc33f28-0aa5-4ace-bfb8-59fc37fda62f:192.168.30.52:34930, a8af7fda-8374-44be-a4b2-6d310b3e0e31:192.168.30.52:39680, e0b36003-af5c-4ac6-a9db-e5286e4b95fb:192.168.30.52:45949], old=null
2019-10-05 03:38:49,345 [pool-403-thread-1] INFO  server.RaftServerConfigKeys (ConfUtils.java:logGet(43)) - raft.server.retrycache.expirytime = 600000ms (custom)
2019-10-05 03:38:49,345 [pool-383-thread-1] INFO  impl.RaftServerImpl (RaftServerImpl.java:setRole(170)) - a8af7fda-8374-44be-a4b2-6d310b3e0e31@group-D7189323903B: changes role from      null to FOLLOWER at term 0 for startAsFollower
2019-10-05 03:38:49,345 [pool-383-thread-1] INFO  impl.RoleInfo (RoleInfo.java:updateAndGet(143)) - a8af7fda-8374-44be-a4b2-6d310b3e0e31: start FollowerState
2019-10-05 03:38:49,346 [pool-383-thread-1] INFO  util.JmxRegister (JmxRegister.java:tryRegister(44)) - Successfully registered JMX Bean with object name Ratis:service=RaftServer,group=group-D7189323903B,id=a8af7fda-8374-44be-a4b2-6d310b3e0e31
2019-10-05 03:38:49,348 [pool-403-thread-1] INFO  impl.RaftServerImpl (RaftServerImpl.java:start(181)) - e0b36003-af5c-4ac6-a9db-e5286e4b95fb@group-D7189323903B: start as a follower, conf=-1: [7dc33f28-0aa5-4ace-bfb8-59fc37fda62f:192.168.30.52:34930, a8af7fda-8374-44be-a4b2-6d310b3e0e31:192.168.30.52:39680, e0b36003-af5c-4ac6-a9db-e5286e4b95fb:192.168.30.52:45949], old=null
2019-10-05 03:38:49,348 [pool-403-thread-1] INFO  impl.RaftServerImpl (RaftServerImpl.java:setRole(170)) - e0b36003-af5c-4ac6-a9db-e5286e4b95fb@group-D7189323903B: changes role from      null to FOLLOWER at term 0 for startAsFollower
2019-10-05 03:38:49,348 [pool-403-thread-1] INFO  impl.RoleInfo (RoleInfo.java:updateAndGet(143)) - e0b36003-af5c-4ac6-a9db-e5286e4b95fb: start FollowerState
2019-10-05 03:38:49,348 [pool-403-thread-1] INFO  util.JmxRegister (JmxRegister.java:tryRegister(44)) - Successfully registered JMX Bean with object name Ratis:service=RaftServer,group=group-D7189323903B,id=e0b36003-af5c-4ac6-a9db-e5286e4b95fb
2019-10-05 03:38:49,359 [RatisPipelineUtilsThread] INFO  pipeline.PipelineStateManager (PipelineStateManager.java:addPipeline(56)) - Created pipeline Pipeline[ Id: 6bff583e-f9ed-4986-a4d0-d7189323903b, Nodes: a8af7fda-8374-44be-a4b2-6d310b3e0e31{ip: 192.168.30.52, host: pr-trunk-8bgv9-3736441219, networkLocation: /default-rack, certSerialId: null}7dc33f28-0aa5-4ace-bfb8-59fc37fda62f{ip: 192.168.30.52, host: pr-trunk-8bgv9-3736441219, networkLocation: /default-rack, certSerialId: null}e0b36003-af5c-4ac6-a9db-e5286e4b95fb{ip: 192.168.30.52, host: pr-trunk-8bgv9-3736441219, networkLocation: /default-rack, certSerialId: null}, Type:RATIS, Factor:THREE, State:OPEN]
2019-10-05 03:38:49,367 [IPC Server handler 2 on 44786] INFO  net.NetworkTopology (NetworkTopologyImpl.java:add(111)) - Added a new node: /default-rack/08f811c6-32d9-4092-8b3c-97e0c1fbe276
2019-10-05 03:38:49,367 [IPC Server handler 2 on 44786] INFO  node.SCMNodeManager (SCMNodeManager.java:register(268)) - Registered Data node : 08f811c6-32d9-4092-8b3c-97e0c1fbe276{ip: 192.168.30.52, host: pr-trunk-8bgv9-3736441219, networkLocation: /default-rack, certSerialId: null}
2019-10-05 03:38:49,373 [grpc-default-executor-4] INFO  impl.RaftServerProxy (RaftServerProxy.java:addNew(89)) - c4a6d2bd-b98c-408d-8a32-d605aee54c38: addNew group-6A100EDF0117:[c4a6d2bd-b98c-408d-8a32-d605aee54c38:192.168.30.52:42741] returns group-6A100EDF0117:java.util.concurrent.CompletableFuture@75416416[Not completed]
2019-10-05 03:38:49,374 [pool-423-thread-1] INFO  impl.RaftServerImpl (RaftServerImpl.java:<init>(95)) - c4a6d2bd-b98c-408d-8a32-d605aee54c38: new RaftServerImpl for group-6A100EDF0117:[c4a6d2bd-b98c-408d-8a32-d605aee54c38:192.168.30.52:42741] with ContainerStateMachine:uninitialized
2019-10-05 03:38:49,374 [pool-423-thread-1] INFO  server.RaftServerConfigKeys (ConfUtils.java:logGet(43)) - raft.server.rpc.timeout.min = 5s (custom)
2019-10-05 03:38:49,374 [pool-423-thread-1] INFO  server.RaftServerConfigKeys (ConfUtils.java:logGet(43)) - raft.server.rpc.timeout.max = 5200ms (custom)
2019-10-05 03:38:49,374 [pool-423-thread-1] INFO  server.RaftServerConfigKeys (ConfUtils.java:logGet(43)) - raft.server.rpcslowness.timeout = 120s (custom)
2019-10-05 03:38:49,374 [pool-423-thread-1] INFO  server.RaftServerConfigKeys (ConfUtils.java:logGet(43)) - raft.server.sleep.deviation.threshold = 300 (default)
2019-10-05 03:38:49,374 [pool-423-thread-1] INFO  server.RaftServerConfigKeys (ConfUtils.java:logGet(43)) - raft.server.log.appender.install.snapshot.enabled = false (custom)
2019-10-05 03:38:49,375 [pool-423-thread-1] INFO  impl.RaftServerImpl (ServerState.java:<init>(103)) - c4a6d2bd-b98c-408d-8a32-d605aee54c38@group-6A100EDF0117: ConfigurationManager, init=-1: [c4a6d2bd-b98c-408d-8a32-d605aee54c38:192.168.30.52:42741], old=null, confs=<EMPTY_MAP>
2019-10-05 03:38:49,375 [pool-423-thread-1] INFO  server.RaftServerConfigKeys (ConfUtils.java:logGet(43)) - raft.server.storage.dir = [/workdir/hadoop-ozone/integration-test/target/test-dir/MiniOzoneClusterImpl-488e3676-e8d2-4e8a-b095-27ca3829cd58/datanode-4/data/ratis] (custom)
2019-10-05 03:38:49,375 [pool-423-thread-1] INFO  server.RaftServerConfigKeys (ConfUtils.java:logGet(43)) - raft.server.log.corruption.policy = EXCEPTION (default)
2019-10-05 03:38:49,375 [pool-423-thread-1] INFO  storage.RaftStorageDirectory (RaftStorageDirectory.java:analyzeStorage(246)) - The storage directory /workdir/hadoop-ozone/integration-test/target/test-dir/MiniOzoneClusterImpl-488e3676-e8d2-4e8a-b095-27ca3829cd58/datanode-4/data/ratis/94cbfce9-d002-4264-8795-6a100edf0117 does not exist. Creating ...
2019-10-05 03:38:49,388 [pool-423-thread-1] INFO  storage.RaftStorageDirectory (RaftStorageDirectory.java:tryLock(328)) - Lock on /workdir/hadoop-ozone/integration-test/target/test-dir/MiniOzoneClusterImpl-488e3676-e8d2-4e8a-b095-27ca3829cd58/datanode-4/data/ratis/94cbfce9-d002-4264-8795-6a100edf0117/in_use.lock acquired by nodename 24595@pr-trunk-8bgv9-3736441219
2019-10-05 03:38:49,402 [pool-423-thread-1] INFO  storage.RaftStorage (RaftStorage.java:format(84)) - Storage directory /workdir/hadoop-ozone/integration-test/target/test-dir/MiniOzoneClusterImpl-488e3676-e8d2-4e8a-b095-27ca3829cd58/datanode-4/data/ratis/94cbfce9-d002-4264-8795-6a100edf0117 has been successfully formatted.
2019-10-05 03:38:49,402 [pool-423-thread-1] INFO  ratis.ContainerStateMachine (ContainerStateMachine.java:loadSnapshot(231)) - group-6A100EDF0117: The snapshot info is null. Setting the last applied indexto:(t:0, i:~)
2019-10-05 03:38:49,402 [pool-423-thread-1] INFO  server.RaftServerConfigKeys (ConfUtils.java:logGet(43)) - raft.server.notification.no-leader.timeout = 120s (custom)
2019-10-05 03:38:49,402 [pool-423-thread-1] INFO  server.RaftServerConfigKeys (ConfUtils.java:logGet(43)) - raft.server.log.use.memory = false (default)
2019-10-05 03:38:49,402 [pool-423-thread-1] INFO  server.RaftServerConfigKeys (ConfUtils.java:logGet(43)) - raft.server.log.purge.gap = 1000000 (custom)
2019-10-05 03:38:49,402 [pool-423-thread-1] INFO  server.RaftServerConfigKeys (ConfUtils.java:logGet(43)) - raft.server.log.appender.buffer.byte-limit = 33554432 (custom)
2019-10-05 03:38:49,403 [pool-423-thread-1] INFO  server.RaftServerConfigKeys (ConfUtils.java:logGet(43)) - raft.server.log.segment.size.max = 1048576 (custom)
2019-10-05 03:38:49,404 [pool-423-thread-1] INFO  server.RaftServerConfigKeys (ConfUtils.java:logGet(43)) - raft.server.log.segment.cache.num.max = 2 (custom)
2019-10-05 03:38:49,404 [pool-423-thread-1] INFO  segmented.SegmentedRaftLogWorker (SegmentedRaftLogWorker.java:<init>(173)) - new c4a6d2bd-b98c-408d-8a32-d605aee54c38@group-6A100EDF0117-SegmentedRaftLogWorker for RaftStorage:Storage Directory /workdir/hadoop-ozone/integration-test/target/test-dir/MiniOzoneClusterImpl-488e3676-e8d2-4e8a-b095-27ca3829cd58/datanode-4/data/ratis/94cbfce9-d002-4264-8795-6a100edf0117
2019-10-05 03:38:49,404 [pool-423-thread-1] INFO  server.RaftServerConfigKeys (ConfUtils.java:logGet(43)) - raft.server.log.queue.byte-limit = 2147483647 (custom)
2019-10-05 03:38:49,404 [pool-423-thread-1] INFO  server.RaftServerConfigKeys (ConfUtils.java:logGet(43)) - raft.server.log.queue.element-limit = 1024 (custom)
2019-10-05 03:38:49,404 [pool-423-thread-1] INFO  server.RaftServerConfigKeys (ConfUtils.java:logGet(43)) - raft.server.log.segment.size.max = 1048576 (custom)
2019-10-05 03:38:49,404 [pool-423-thread-1] INFO  server.RaftServerConfigKeys (ConfUtils.java:logGet(43)) - raft.server.log.preallocated.size = 16384 (custom)
2019-10-05 03:38:49,404 [pool-423-thread-1] INFO  server.RaftServerConfigKeys (ConfUtils.java:logGet(43)) - raft.server.log.write.buffer.size = 33554432 (custom)
2019-10-05 03:38:49,404 [pool-423-thread-1] INFO  server.RaftServerConfigKeys (ConfUtils.java:logGet(43)) - raft.server.log.force.sync.num = 128 (default)
2019-10-05 03:38:49,404 [pool-423-thread-1] INFO  server.RaftServerConfigKeys (ConfUtils.java:logGet(43)) - raft.server.log.statemachine.data.sync = true (default)
2019-10-05 03:38:49,404 [pool-423-thread-1] INFO  server.RaftServerConfigKeys (ConfUtils.java:logGet(43)) - raft.server.log.statemachine.data.sync.timeout = 10s (default)
2019-10-05 03:38:49,405 [pool-423-thread-1] INFO  server.RaftServerConfigKeys (ConfUtils.java:logGet(43)) - raft.server.log.statemachine.data.sync.timeout.retry = -1 (default)
2019-10-05 03:38:49,405 [pool-423-thread-1] INFO  server.RaftServerConfigKeys (ConfUtils.java:logGet(43)) - raft.server.log.statemachine.data.caching.enabled = true (custom)
2019-10-05 03:38:49,405 [pool-423-thread-1] INFO  segmented.SegmentedRaftLogWorker (SegmentedRaftLogWorker.java:lambda$new$0(128)) - c4a6d2bd-b98c-408d-8a32-d605aee54c38@group-6A100EDF0117-SegmentedRaftLogWorker: flushIndex: setUnconditionally 0 -> -1
2019-10-05 03:38:49,406 [pool-423-thread-1] INFO  server.RaftServerConfigKeys (ConfUtils.java:logGet(43)) - raft.server.snapshot.auto.trigger.enabled = true (custom)
2019-10-05 03:38:49,406 [pool-423-thread-1] INFO  server.RaftServerConfigKeys (ConfUtils.java:logGet(43)) - raft.server.snapshot.auto.trigger.threshold = 10000 (custom)
2019-10-05 03:38:49,406 [pool-423-thread-1] INFO  server.RaftServerConfigKeys (ConfUtils.java:logGet(43)) - raft.server.snapshot.retention.file.num = 5 (custom)
2019-10-05 03:38:49,406 [pool-423-thread-1] INFO  server.RaftServerConfigKeys (ConfUtils.java:logGet(43)) - raft.server.retrycache.expirytime = 600000ms (custom)
2019-10-05 03:38:49,408 [pool-423-thread-1] INFO  impl.RaftServerImpl (RaftServerImpl.java:start(181)) - c4a6d2bd-b98c-408d-8a32-d605aee54c38@group-6A100EDF0117: start as a follower, conf=-1: [c4a6d2bd-b98c-408d-8a32-d605aee54c38:192.168.30.52:42741], old=null
2019-10-05 03:38:49,408 [pool-423-thread-1] INFO  impl.RaftServerImpl (RaftServerImpl.java:setRole(170)) - c4a6d2bd-b98c-408d-8a32-d605aee54c38@group-6A100EDF0117: changes role from      null to FOLLOWER at term 0 for startAsFollower
2019-10-05 03:38:49,408 [pool-423-thread-1] INFO  impl.RoleInfo (RoleInfo.java:updateAndGet(143)) - c4a6d2bd-b98c-408d-8a32-d605aee54c38: start FollowerState
2019-10-05 03:38:49,408 [pool-423-thread-1] INFO  util.JmxRegister (JmxRegister.java:tryRegister(44)) - Successfully registered JMX Bean with object name Ratis:service=RaftServer,group=group-6A100EDF0117,id=c4a6d2bd-b98c-408d-8a32-d605aee54c38
2019-10-05 03:38:49,416 [RatisPipelineUtilsThread] INFO  pipeline.PipelineStateManager (PipelineStateManager.java:addPipeline(56)) - Created pipeline Pipeline[ Id: 94cbfce9-d002-4264-8795-6a100edf0117, Nodes: c4a6d2bd-b98c-408d-8a32-d605aee54c38{ip: 192.168.30.52, host: pr-trunk-8bgv9-3736441219, networkLocation: /default-rack, certSerialId: null}, Type:RATIS, Factor:ONE, State:OPEN]
2019-10-05 03:38:49,423 [grpc-default-executor-4] INFO  impl.RaftServerProxy (RaftServerProxy.java:addNew(89)) - 08f811c6-32d9-4092-8b3c-97e0c1fbe276: addNew group-931F5E71BC92:[08f811c6-32d9-4092-8b3c-97e0c1fbe276:192.168.30.52:44559] returns group-931F5E71BC92:java.util.concurrent.CompletableFuture@4db8a23d[Not completed]
2019-10-05 03:38:49,424 [pool-433-thread-1] INFO  impl.RaftServerImpl (RaftServerImpl.java:<init>(95)) - 08f811c6-32d9-4092-8b3c-97e0c1fbe276: new RaftServerImpl for group-931F5E71BC92:[08f811c6-32d9-4092-8b3c-97e0c1fbe276:192.168.30.52:44559] with ContainerStateMachine:uninitialized
2019-10-05 03:38:49,424 [pool-433-thread-1] INFO  server.RaftServerConfigKeys (ConfUtils.java:logGet(43)) - raft.server.rpc.timeout.min = 5s (custom)
2019-10-05 03:38:49,424 [pool-433-thread-1] INFO  server.RaftServerConfigKeys (ConfUtils.java:logGet(43)) - raft.server.rpc.timeout.max = 5200ms (custom)
2019-10-05 03:38:49,424 [pool-433-thread-1] INFO  server.RaftServerConfigKeys (ConfUtils.java:logGet(43)) - raft.server.rpcslowness.timeout = 120s (custom)
2019-10-05 03:38:49,424 [pool-433-thread-1] INFO  server.RaftServerConfigKeys (ConfUtils.java:logGet(43)) - raft.server.sleep.deviation.threshold = 300 (default)
2019-10-05 03:38:49,424 [pool-433-thread-1] INFO  server.RaftServerConfigKeys (ConfUtils.java:logGet(43)) - raft.server.log.appender.install.snapshot.enabled = false (custom)
2019-10-05 03:38:49,424 [pool-433-thread-1] INFO  impl.RaftServerImpl (ServerState.java:<init>(103)) - 08f811c6-32d9-4092-8b3c-97e0c1fbe276@group-931F5E71BC92: ConfigurationManager, init=-1: [08f811c6-32d9-4092-8b3c-97e0c1fbe276:192.168.30.52:44559], old=null, confs=<EMPTY_MAP>
2019-10-05 03:38:49,424 [pool-433-thread-1] INFO  server.RaftServerConfigKeys (ConfUtils.java:logGet(43)) - raft.server.storage.dir = [/workdir/hadoop-ozone/integration-test/target/test-dir/MiniOzoneClusterImpl-488e3676-e8d2-4e8a-b095-27ca3829cd58/datanode-5/data/ratis] (custom)
2019-10-05 03:38:49,425 [pool-433-thread-1] INFO  server.RaftServerConfigKeys (ConfUtils.java:logGet(43)) - raft.server.log.corruption.policy = EXCEPTION (default)
2019-10-05 03:38:49,425 [pool-433-thread-1] INFO  storage.RaftStorageDirectory (RaftStorageDirectory.java:analyzeStorage(246)) - The storage directory /workdir/hadoop-ozone/integration-test/target/test-dir/MiniOzoneClusterImpl-488e3676-e8d2-4e8a-b095-27ca3829cd58/datanode-5/data/ratis/1b0a4ccc-197e-41f7-8879-931f5e71bc92 does not exist. Creating ...
2019-10-05 03:38:49,435 [IPC Server handler 3 on 44786] INFO  net.NetworkTopology (NetworkTopologyImpl.java:add(111)) - Added a new node: /default-rack/5cf495c0-ae69-47e5-bfe4-5a31d62fb174
2019-10-05 03:38:49,435 [IPC Server handler 3 on 44786] INFO  node.SCMNodeManager (SCMNodeManager.java:register(268)) - Registered Data node : 5cf495c0-ae69-47e5-bfe4-5a31d62fb174{ip: 192.168.30.52, host: pr-trunk-8bgv9-3736441219, networkLocation: /default-rack, certSerialId: null}
2019-10-05 03:38:49,436 [main] INFO  ozone.MiniOzoneClusterImpl (MiniOzoneClusterImpl.java:lambda$waitForClusterToBeReady$0(147)) - Cluster is ready. Got 7 of 7 DN Heartbeats.
2019-10-05 03:38:49,437 [pool-433-thread-1] INFO  storage.RaftStorageDirectory (RaftStorageDirectory.java:tryLock(328)) - Lock on /workdir/hadoop-ozone/integration-test/target/test-dir/MiniOzoneClusterImpl-488e3676-e8d2-4e8a-b095-27ca3829cd58/datanode-5/data/ratis/1b0a4ccc-197e-41f7-8879-931f5e71bc92/in_use.lock acquired by nodename 24595@pr-trunk-8bgv9-3736441219
2019-10-05 03:38:49,450 [pool-433-thread-1] INFO  storage.RaftStorage (RaftStorage.java:format(84)) - Storage directory /workdir/hadoop-ozone/integration-test/target/test-dir/MiniOzoneClusterImpl-488e3676-e8d2-4e8a-b095-27ca3829cd58/datanode-5/data/ratis/1b0a4ccc-197e-41f7-8879-931f5e71bc92 has been successfully formatted.
2019-10-05 03:38:49,450 [pool-433-thread-1] INFO  ratis.ContainerStateMachine (ContainerStateMachine.java:loadSnapshot(231)) - group-931F5E71BC92: The snapshot info is null. Setting the last applied indexto:(t:0, i:~)
2019-10-05 03:38:49,455 [pool-433-thread-1] INFO  server.RaftServerConfigKeys (ConfUtils.java:logGet(43)) - raft.server.notification.no-leader.timeout = 120s (custom)
2019-10-05 03:38:49,463 [pool-433-thread-1] INFO  server.RaftServerConfigKeys (ConfUtils.java:logGet(43)) - raft.server.log.use.memory = false (default)
2019-10-05 03:38:49,463 [pool-433-thread-1] INFO  server.RaftServerConfigKeys (ConfUtils.java:logGet(43)) - raft.server.log.purge.gap = 1000000 (custom)
2019-10-05 03:38:49,464 [pool-433-thread-1] INFO  server.RaftServerConfigKeys (ConfUtils.java:logGet(43)) - raft.server.log.appender.buffer.byte-limit = 33554432 (custom)
2019-10-05 03:38:49,464 [pool-433-thread-1] INFO  server.RaftServerConfigKeys (ConfUtils.java:logGet(43)) - raft.server.log.segment.size.max = 1048576 (custom)
2019-10-05 03:38:49,465 [pool-433-thread-1] INFO  server.RaftServerConfigKeys (ConfUtils.java:logGet(43)) - raft.server.log.segment.cache.num.max = 2 (custom)
2019-10-05 03:38:49,465 [pool-433-thread-1] INFO  segmented.SegmentedRaftLogWorker (SegmentedRaftLogWorker.java:<init>(173)) - new 08f811c6-32d9-4092-8b3c-97e0c1fbe276@group-931F5E71BC92-SegmentedRaftLogWorker for RaftStorage:Storage Directory /workdir/hadoop-ozone/integration-test/target/test-dir/MiniOzoneClusterImpl-488e3676-e8d2-4e8a-b095-27ca3829cd58/datanode-5/data/ratis/1b0a4ccc-197e-41f7-8879-931f5e71bc92
2019-10-05 03:38:49,465 [pool-433-thread-1] INFO  server.RaftServerConfigKeys (ConfUtils.java:logGet(43)) - raft.server.log.queue.byte-limit = 2147483647 (custom)
2019-10-05 03:38:49,466 [pool-433-thread-1] INFO  server.RaftServerConfigKeys (ConfUtils.java:logGet(43)) - raft.server.log.queue.element-limit = 1024 (custom)
2019-10-05 03:38:49,466 [pool-433-thread-1] INFO  server.RaftServerConfigKeys (ConfUtils.java:logGet(43)) - raft.server.log.segment.size.max = 1048576 (custom)
2019-10-05 03:38:49,466 [pool-433-thread-1] INFO  server.RaftServerConfigKeys (ConfUtils.java:logGet(43)) - raft.server.log.preallocated.size = 16384 (custom)
2019-10-05 03:38:49,466 [pool-433-thread-1] INFO  server.RaftServerConfigKeys (ConfUtils.java:logGet(43)) - raft.server.log.write.buffer.size = 33554432 (custom)
2019-10-05 03:38:49,466 [pool-433-thread-1] INFO  server.RaftServerConfigKeys (ConfUtils.java:logGet(43)) - raft.server.log.force.sync.num = 128 (default)
2019-10-05 03:38:49,466 [pool-433-thread-1] INFO  server.RaftServerConfigKeys (ConfUtils.java:logGet(43)) - raft.server.log.statemachine.data.sync = true (default)
2019-10-05 03:38:49,466 [pool-433-thread-1] INFO  server.RaftServerConfigKeys (ConfUtils.java:logGet(43)) - raft.server.log.statemachine.data.sync.timeout = 10s (default)
2019-10-05 03:38:49,466 [pool-433-thread-1] INFO  server.RaftServerConfigKeys (ConfUtils.java:logGet(43)) - raft.server.log.statemachine.data.sync.timeout.retry = -1 (default)
2019-10-05 03:38:49,467 [pool-433-thread-1] INFO  server.RaftServerConfigKeys (ConfUtils.java:logGet(43)) - raft.server.log.statemachine.data.caching.enabled = true (custom)
2019-10-05 03:38:49,467 [pool-433-thread-1] INFO  segmented.SegmentedRaftLogWorker (SegmentedRaftLogWorker.java:lambda$new$0(128)) - 08f811c6-32d9-4092-8b3c-97e0c1fbe276@group-931F5E71BC92-SegmentedRaftLogWorker: flushIndex: setUnconditionally 0 -> -1
2019-10-05 03:38:49,467 [pool-433-thread-1] INFO  server.RaftServerConfigKeys (ConfUtils.java:logGet(43)) - raft.server.snapshot.auto.trigger.enabled = true (custom)
2019-10-05 03:38:49,469 [pool-433-thread-1] INFO  server.RaftServerConfigKeys (ConfUtils.java:logGet(43)) - raft.server.snapshot.auto.trigger.threshold = 10000 (custom)
2019-10-05 03:38:49,469 [pool-433-thread-1] INFO  server.RaftServerConfigKeys (ConfUtils.java:logGet(43)) - raft.server.snapshot.retention.file.num = 5 (custom)
2019-10-05 03:38:49,469 [pool-433-thread-1] INFO  server.RaftServerConfigKeys (ConfUtils.java:logGet(43)) - raft.server.retrycache.expirytime = 600000ms (custom)
2019-10-05 03:38:49,470 [main] INFO  rpc.RpcClient (RpcClient.java:createVolume(277)) - Creating Volume: watchforcommithandlingtest, with jenkins1000 as owner.
2019-10-05 03:38:49,471 [pool-433-thread-1] INFO  impl.RaftServerImpl (RaftServerImpl.java:start(181)) - 08f811c6-32d9-4092-8b3c-97e0c1fbe276@group-931F5E71BC92: start as a follower, conf=-1: [08f811c6-32d9-4092-8b3c-97e0c1fbe276:192.168.30.52:44559], old=null
2019-10-05 03:38:49,471 [pool-433-thread-1] INFO  impl.RaftServerImpl (RaftServerImpl.java:setRole(170)) - 08f811c6-32d9-4092-8b3c-97e0c1fbe276@group-931F5E71BC92: changes role from      null to FOLLOWER at term 0 for startAsFollower
2019-10-05 03:38:49,471 [pool-433-thread-1] INFO  impl.RoleInfo (RoleInfo.java:updateAndGet(143)) - 08f811c6-32d9-4092-8b3c-97e0c1fbe276: start FollowerState
2019-10-05 03:38:49,471 [pool-433-thread-1] INFO  util.JmxRegister (JmxRegister.java:tryRegister(44)) - Successfully registered JMX Bean with object name Ratis:service=RaftServer,group=group-931F5E71BC92,id=08f811c6-32d9-4092-8b3c-97e0c1fbe276
2019-10-05 03:38:49,473 [IPC Server handler 1 on 35515] INFO  volume.OMVolumeCreateRequest (OMVolumeCreateRequest.java:validateAndUpdateCache(193)) - created volume:watchforcommithandlingtest for user:jenkins1000
2019-10-05 03:38:49,479 [RatisPipelineUtilsThread] INFO  pipeline.PipelineStateManager (PipelineStateManager.java:addPipeline(56)) - Created pipeline Pipeline[ Id: 1b0a4ccc-197e-41f7-8879-931f5e71bc92, Nodes: 08f811c6-32d9-4092-8b3c-97e0c1fbe276{ip: 192.168.30.52, host: pr-trunk-8bgv9-3736441219, networkLocation: /default-rack, certSerialId: null}, Type:RATIS, Factor:ONE, State:OPEN]
2019-10-05 03:38:49,487 [main] INFO  rpc.RpcClient (RpcClient.java:createBucket(416)) - Creating Bucket: watchforcommithandlingtest/watchforcommithandlingtest, with Versioning false and Storage Type set to DISK and Encryption set to false 
2019-10-05 03:38:49,491 [main] INFO  ozone.MiniOzoneClusterImpl (MiniOzoneClusterImpl.java:getStorageContainerLocationClient(234)) - Creating StorageContainerLocationProtocol RPC client with address /0.0.0.0:33292
2019-10-05 03:38:49,493 [grpc-default-executor-4] INFO  impl.RaftServerProxy (RaftServerProxy.java:addNew(89)) - 5cf495c0-ae69-47e5-bfe4-5a31d62fb174: addNew group-2C7D6B755FCC:[5cf495c0-ae69-47e5-bfe4-5a31d62fb174:192.168.30.52:45414] returns group-2C7D6B755FCC:java.util.concurrent.CompletableFuture@2f600f12[Not completed]
2019-10-05 03:38:49,494 [pool-443-thread-1] INFO  impl.RaftServerImpl (RaftServerImpl.java:<init>(95)) - 5cf495c0-ae69-47e5-bfe4-5a31d62fb174: new RaftServerImpl for group-2C7D6B755FCC:[5cf495c0-ae69-47e5-bfe4-5a31d62fb174:192.168.30.52:45414] with ContainerStateMachine:uninitialized
2019-10-05 03:38:49,494 [pool-443-thread-1] INFO  server.RaftServerConfigKeys (ConfUtils.java:logGet(43)) - raft.server.rpc.timeout.min = 5s (custom)
2019-10-05 03:38:49,494 [pool-443-thread-1] INFO  server.RaftServerConfigKeys (ConfUtils.java:logGet(43)) - raft.server.rpc.timeout.max = 5200ms (custom)
2019-10-05 03:38:49,494 [pool-443-thread-1] INFO  server.RaftServerConfigKeys (ConfUtils.java:logGet(43)) - raft.server.rpcslowness.timeout = 120s (custom)
2019-10-05 03:38:49,495 [pool-443-thread-1] INFO  server.RaftServerConfigKeys (ConfUtils.java:logGet(43)) - raft.server.sleep.deviation.threshold = 300 (default)
2019-10-05 03:38:49,495 [pool-443-thread-1] INFO  server.RaftServerConfigKeys (ConfUtils.java:logGet(43)) - raft.server.log.appender.install.snapshot.enabled = false (custom)
2019-10-05 03:38:49,495 [pool-443-thread-1] INFO  impl.RaftServerImpl (ServerState.java:<init>(103)) - 5cf495c0-ae69-47e5-bfe4-5a31d62fb174@group-2C7D6B755FCC: ConfigurationManager, init=-1: [5cf495c0-ae69-47e5-bfe4-5a31d62fb174:192.168.30.52:45414], old=null, confs=<EMPTY_MAP>
2019-10-05 03:38:49,495 [pool-443-thread-1] INFO  server.RaftServerConfigKeys (ConfUtils.java:logGet(43)) - raft.server.storage.dir = [/workdir/hadoop-ozone/integration-test/target/test-dir/MiniOzoneClusterImpl-488e3676-e8d2-4e8a-b095-27ca3829cd58/datanode-6/data/ratis] (custom)
2019-10-05 03:38:49,495 [pool-443-thread-1] INFO  server.RaftServerConfigKeys (ConfUtils.java:logGet(43)) - raft.server.log.corruption.policy = EXCEPTION (default)
2019-10-05 03:38:49,495 [pool-443-thread-1] INFO  storage.RaftStorageDirectory (RaftStorageDirectory.java:analyzeStorage(246)) - The storage directory /workdir/hadoop-ozone/integration-test/target/test-dir/MiniOzoneClusterImpl-488e3676-e8d2-4e8a-b095-27ca3829cd58/datanode-6/data/ratis/8a243143-0c9e-48c8-8721-2c7d6b755fcc does not exist. Creating ...
2019-10-05 03:38:49,518 [pool-443-thread-1] INFO  storage.RaftStorageDirectory (RaftStorageDirectory.java:tryLock(328)) - Lock on /workdir/hadoop-ozone/integration-test/target/test-dir/MiniOzoneClusterImpl-488e3676-e8d2-4e8a-b095-27ca3829cd58/datanode-6/data/ratis/8a243143-0c9e-48c8-8721-2c7d6b755fcc/in_use.lock acquired by nodename 24595@pr-trunk-8bgv9-3736441219
2019-10-05 03:38:49,543 [pool-443-thread-1] INFO  storage.RaftStorage (RaftStorage.java:format(84)) - Storage directory /workdir/hadoop-ozone/integration-test/target/test-dir/MiniOzoneClusterImpl-488e3676-e8d2-4e8a-b095-27ca3829cd58/datanode-6/data/ratis/8a243143-0c9e-48c8-8721-2c7d6b755fcc has been successfully formatted.
2019-10-05 03:38:49,543 [pool-443-thread-1] INFO  ratis.ContainerStateMachine (ContainerStateMachine.java:loadSnapshot(231)) - group-2C7D6B755FCC: The snapshot info is null. Setting the last applied indexto:(t:0, i:~)
2019-10-05 03:38:49,543 [pool-443-thread-1] INFO  server.RaftServerConfigKeys (ConfUtils.java:logGet(43)) - raft.server.notification.no-leader.timeout = 120s (custom)
2019-10-05 03:38:49,543 [pool-443-thread-1] INFO  server.RaftServerConfigKeys (ConfUtils.java:logGet(43)) - raft.server.log.use.memory = false (default)
2019-10-05 03:38:49,543 [pool-443-thread-1] INFO  server.RaftServerConfigKeys (ConfUtils.java:logGet(43)) - raft.server.log.purge.gap = 1000000 (custom)
2019-10-05 03:38:49,543 [pool-443-thread-1] INFO  server.RaftServerConfigKeys (ConfUtils.java:logGet(43)) - raft.server.log.appender.buffer.byte-limit = 33554432 (custom)
2019-10-05 03:38:49,543 [pool-443-thread-1] INFO  server.RaftServerConfigKeys (ConfUtils.java:logGet(43)) - raft.server.log.segment.size.max = 1048576 (custom)
2019-10-05 03:38:49,544 [pool-443-thread-1] INFO  server.RaftServerConfigKeys (ConfUtils.java:logGet(43)) - raft.server.log.segment.cache.num.max = 2 (custom)
2019-10-05 03:38:49,545 [pool-443-thread-1] INFO  segmented.SegmentedRaftLogWorker (SegmentedRaftLogWorker.java:<init>(173)) - new 5cf495c0-ae69-47e5-bfe4-5a31d62fb174@group-2C7D6B755FCC-SegmentedRaftLogWorker for RaftStorage:Storage Directory /workdir/hadoop-ozone/integration-test/target/test-dir/MiniOzoneClusterImpl-488e3676-e8d2-4e8a-b095-27ca3829cd58/datanode-6/data/ratis/8a243143-0c9e-48c8-8721-2c7d6b755fcc
2019-10-05 03:38:49,545 [pool-443-thread-1] INFO  server.RaftServerConfigKeys (ConfUtils.java:logGet(43)) - raft.server.log.queue.byte-limit = 2147483647 (custom)
2019-10-05 03:38:49,545 [pool-443-thread-1] INFO  server.RaftServerConfigKeys (ConfUtils.java:logGet(43)) - raft.server.log.queue.element-limit = 1024 (custom)
2019-10-05 03:38:49,545 [pool-443-thread-1] INFO  server.RaftServerConfigKeys (ConfUtils.java:logGet(43)) - raft.server.log.segment.size.max = 1048576 (custom)
2019-10-05 03:38:49,545 [pool-443-thread-1] INFO  server.RaftServerConfigKeys (ConfUtils.java:logGet(43)) - raft.server.log.preallocated.size = 16384 (custom)
2019-10-05 03:38:49,545 [pool-443-thread-1] INFO  server.RaftServerConfigKeys (ConfUtils.java:logGet(43)) - raft.server.log.write.buffer.size = 33554432 (custom)
2019-10-05 03:38:49,545 [pool-443-thread-1] INFO  server.RaftServerConfigKeys (ConfUtils.java:logGet(43)) - raft.server.log.force.sync.num = 128 (default)
2019-10-05 03:38:49,545 [pool-443-thread-1] INFO  server.RaftServerConfigKeys (ConfUtils.java:logGet(43)) - raft.server.log.statemachine.data.sync = true (default)
2019-10-05 03:38:49,545 [pool-443-thread-1] INFO  server.RaftServerConfigKeys (ConfUtils.java:logGet(43)) - raft.server.log.statemachine.data.sync.timeout = 10s (default)
2019-10-05 03:38:49,545 [pool-443-thread-1] INFO  server.RaftServerConfigKeys (ConfUtils.java:logGet(43)) - raft.server.log.statemachine.data.sync.timeout.retry = -1 (default)
2019-10-05 03:38:49,546 [pool-443-thread-1] INFO  server.RaftServerConfigKeys (ConfUtils.java:logGet(43)) - raft.server.log.statemachine.data.caching.enabled = true (custom)
2019-10-05 03:38:49,546 [pool-443-thread-1] INFO  segmented.SegmentedRaftLogWorker (SegmentedRaftLogWorker.java:lambda$new$0(128)) - 5cf495c0-ae69-47e5-bfe4-5a31d62fb174@group-2C7D6B755FCC-SegmentedRaftLogWorker: flushIndex: setUnconditionally 0 -> -1
2019-10-05 03:38:49,546 [pool-443-thread-1] INFO  server.RaftServerConfigKeys (ConfUtils.java:logGet(43)) - raft.server.snapshot.auto.trigger.enabled = true (custom)
2019-10-05 03:38:49,546 [pool-443-thread-1] INFO  server.RaftServerConfigKeys (ConfUtils.java:logGet(43)) - raft.server.snapshot.auto.trigger.threshold = 10000 (custom)
2019-10-05 03:38:49,546 [pool-443-thread-1] INFO  server.RaftServerConfigKeys (ConfUtils.java:logGet(43)) - raft.server.snapshot.retention.file.num = 5 (custom)
2019-10-05 03:38:49,546 [pool-443-thread-1] INFO  server.RaftServerConfigKeys (ConfUtils.java:logGet(43)) - raft.server.retrycache.expirytime = 600000ms (custom)
2019-10-05 03:38:49,547 [pool-443-thread-1] INFO  impl.RaftServerImpl (RaftServerImpl.java:start(181)) - 5cf495c0-ae69-47e5-bfe4-5a31d62fb174@group-2C7D6B755FCC: start as a follower, conf=-1: [5cf495c0-ae69-47e5-bfe4-5a31d62fb174:192.168.30.52:45414], old=null
2019-10-05 03:38:49,547 [pool-443-thread-1] INFO  impl.RaftServerImpl (RaftServerImpl.java:setRole(170)) - 5cf495c0-ae69-47e5-bfe4-5a31d62fb174@group-2C7D6B755FCC: changes role from      null to FOLLOWER at term 0 for startAsFollower
2019-10-05 03:38:49,548 [pool-443-thread-1] INFO  impl.RoleInfo (RoleInfo.java:updateAndGet(143)) - 5cf495c0-ae69-47e5-bfe4-5a31d62fb174: start FollowerState
2019-10-05 03:38:49,548 [pool-443-thread-1] INFO  util.JmxRegister (JmxRegister.java:tryRegister(44)) - Successfully registered JMX Bean with object name Ratis:service=RaftServer,group=group-2C7D6B755FCC,id=5cf495c0-ae69-47e5-bfe4-5a31d62fb174
2019-10-05 03:38:49,554 [RatisPipelineUtilsThread] INFO  pipeline.PipelineStateManager (PipelineStateManager.java:addPipeline(56)) - Created pipeline Pipeline[ Id: 8a243143-0c9e-48c8-8721-2c7d6b755fcc, Nodes: 5cf495c0-ae69-47e5-bfe4-5a31d62fb174{ip: 192.168.30.52, host: pr-trunk-8bgv9-3736441219, networkLocation: /default-rack, certSerialId: null}, Type:RATIS, Factor:ONE, State:OPEN]
2019-10-05 03:38:49,565 [grpc-default-executor-1] INFO  impl.RaftServerProxy (RaftServerProxy.java:addNew(89)) - 5cf495c0-ae69-47e5-bfe4-5a31d62fb174: addNew group-6F0440E6B503:[5cf495c0-ae69-47e5-bfe4-5a31d62fb174:192.168.30.52:45414, c4a6d2bd-b98c-408d-8a32-d605aee54c38:192.168.30.52:42741, 08f811c6-32d9-4092-8b3c-97e0c1fbe276:192.168.30.52:44559] returns group-6F0440E6B503:java.util.concurrent.CompletableFuture@17fe591[Not completed]
2019-10-05 03:38:49,566 [grpc-default-executor-1] INFO  impl.RaftServerProxy (RaftServerProxy.java:addNew(89)) - c4a6d2bd-b98c-408d-8a32-d605aee54c38: addNew group-6F0440E6B503:[5cf495c0-ae69-47e5-bfe4-5a31d62fb174:192.168.30.52:45414, c4a6d2bd-b98c-408d-8a32-d605aee54c38:192.168.30.52:42741, 08f811c6-32d9-4092-8b3c-97e0c1fbe276:192.168.30.52:44559] returns group-6F0440E6B503:java.util.concurrent.CompletableFuture@7c6c3519[Not completed]
2019-10-05 03:38:49,566 [pool-443-thread-1] INFO  impl.RaftServerImpl (RaftServerImpl.java:<init>(95)) - 5cf495c0-ae69-47e5-bfe4-5a31d62fb174: new RaftServerImpl for group-6F0440E6B503:[5cf495c0-ae69-47e5-bfe4-5a31d62fb174:192.168.30.52:45414, c4a6d2bd-b98c-408d-8a32-d605aee54c38:192.168.30.52:42741, 08f811c6-32d9-4092-8b3c-97e0c1fbe276:192.168.30.52:44559] with ContainerStateMachine:uninitialized
2019-10-05 03:38:49,566 [pool-443-thread-1] INFO  server.RaftServerConfigKeys (ConfUtils.java:logGet(43)) - raft.server.rpc.timeout.min = 5s (custom)
2019-10-05 03:38:49,566 [grpc-default-executor-1] INFO  impl.RaftServerProxy (RaftServerProxy.java:addNew(89)) - 08f811c6-32d9-4092-8b3c-97e0c1fbe276: addNew group-6F0440E6B503:[5cf495c0-ae69-47e5-bfe4-5a31d62fb174:192.168.30.52:45414, c4a6d2bd-b98c-408d-8a32-d605aee54c38:192.168.30.52:42741, 08f811c6-32d9-4092-8b3c-97e0c1fbe276:192.168.30.52:44559] returns group-6F0440E6B503:java.util.concurrent.CompletableFuture@33014715[Not completed]
2019-10-05 03:38:49,566 [pool-443-thread-1] INFO  server.RaftServerConfigKeys (ConfUtils.java:logGet(43)) - raft.server.rpc.timeout.max = 5200ms (custom)
2019-10-05 03:38:49,566 [pool-443-thread-1] INFO  server.RaftServerConfigKeys (ConfUtils.java:logGet(43)) - raft.server.rpcslowness.timeout = 120s (custom)
2019-10-05 03:38:49,566 [pool-443-thread-1] INFO  server.RaftServerConfigKeys (ConfUtils.java:logGet(43)) - raft.server.sleep.deviation.threshold = 300 (default)
2019-10-05 03:38:49,566 [pool-423-thread-1] INFO  impl.RaftServerImpl (RaftServerImpl.java:<init>(95)) - c4a6d2bd-b98c-408d-8a32-d605aee54c38: new RaftServerImpl for group-6F0440E6B503:[5cf495c0-ae69-47e5-bfe4-5a31d62fb174:192.168.30.52:45414, c4a6d2bd-b98c-408d-8a32-d605aee54c38:192.168.30.52:42741, 08f811c6-32d9-4092-8b3c-97e0c1fbe276:192.168.30.52:44559] with ContainerStateMachine:uninitialized
2019-10-05 03:38:49,566 [pool-443-thread-1] INFO  server.RaftServerConfigKeys (ConfUtils.java:logGet(43)) - raft.server.log.appender.install.snapshot.enabled = false (custom)
2019-10-05 03:38:49,566 [pool-423-thread-1] INFO  server.RaftServerConfigKeys (ConfUtils.java:logGet(43)) - raft.server.rpc.timeout.min = 5s (custom)
2019-10-05 03:38:49,567 [pool-443-thread-1] INFO  impl.RaftServerImpl (ServerState.java:<init>(103)) - 5cf495c0-ae69-47e5-bfe4-5a31d62fb174@group-6F0440E6B503: ConfigurationManager, init=-1: [5cf495c0-ae69-47e5-bfe4-5a31d62fb174:192.168.30.52:45414, c4a6d2bd-b98c-408d-8a32-d605aee54c38:192.168.30.52:42741, 08f811c6-32d9-4092-8b3c-97e0c1fbe276:192.168.30.52:44559], old=null, confs=<EMPTY_MAP>
2019-10-05 03:38:49,567 [pool-423-thread-1] INFO  server.RaftServerConfigKeys (ConfUtils.java:logGet(43)) - raft.server.rpc.timeout.max = 5200ms (custom)
2019-10-05 03:38:49,567 [pool-443-thread-1] INFO  server.RaftServerConfigKeys (ConfUtils.java:logGet(43)) - raft.server.storage.dir = [/workdir/hadoop-ozone/integration-test/target/test-dir/MiniOzoneClusterImpl-488e3676-e8d2-4e8a-b095-27ca3829cd58/datanode-6/data/ratis] (custom)
2019-10-05 03:38:49,567 [pool-423-thread-1] INFO  server.RaftServerConfigKeys (ConfUtils.java:logGet(43)) - raft.server.rpcslowness.timeout = 120s (custom)
2019-10-05 03:38:49,567 [pool-423-thread-1] INFO  server.RaftServerConfigKeys (ConfUtils.java:logGet(43)) - raft.server.sleep.deviation.threshold = 300 (default)
2019-10-05 03:38:49,567 [pool-443-thread-1] INFO  server.RaftServerConfigKeys (ConfUtils.java:logGet(43)) - raft.server.log.corruption.policy = EXCEPTION (default)
2019-10-05 03:38:49,567 [pool-423-thread-1] INFO  server.RaftServerConfigKeys (ConfUtils.java:logGet(43)) - raft.server.log.appender.install.snapshot.enabled = false (custom)
2019-10-05 03:38:49,567 [pool-443-thread-1] INFO  storage.RaftStorageDirectory (RaftStorageDirectory.java:analyzeStorage(246)) - The storage directory /workdir/hadoop-ozone/integration-test/target/test-dir/MiniOzoneClusterImpl-488e3676-e8d2-4e8a-b095-27ca3829cd58/datanode-6/data/ratis/0abfd58c-9f73-4772-a9f5-6f0440e6b503 does not exist. Creating ...
2019-10-05 03:38:49,567 [pool-423-thread-1] INFO  impl.RaftServerImpl (ServerState.java:<init>(103)) - c4a6d2bd-b98c-408d-8a32-d605aee54c38@group-6F0440E6B503: ConfigurationManager, init=-1: [5cf495c0-ae69-47e5-bfe4-5a31d62fb174:192.168.30.52:45414, c4a6d2bd-b98c-408d-8a32-d605aee54c38:192.168.30.52:42741, 08f811c6-32d9-4092-8b3c-97e0c1fbe276:192.168.30.52:44559], old=null, confs=<EMPTY_MAP>
2019-10-05 03:38:49,568 [pool-423-thread-1] INFO  server.RaftServerConfigKeys (ConfUtils.java:logGet(43)) - raft.server.storage.dir = [/workdir/hadoop-ozone/integration-test/target/test-dir/MiniOzoneClusterImpl-488e3676-e8d2-4e8a-b095-27ca3829cd58/datanode-4/data/ratis] (custom)
2019-10-05 03:38:49,568 [pool-423-thread-1] INFO  server.RaftServerConfigKeys (ConfUtils.java:logGet(43)) - raft.server.log.corruption.policy = EXCEPTION (default)
2019-10-05 03:38:49,568 [pool-433-thread-1] INFO  impl.RaftServerImpl (RaftServerImpl.java:<init>(95)) - 08f811c6-32d9-4092-8b3c-97e0c1fbe276: new RaftServerImpl for group-6F0440E6B503:[5cf495c0-ae69-47e5-bfe4-5a31d62fb174:192.168.30.52:45414, c4a6d2bd-b98c-408d-8a32-d605aee54c38:192.168.30.52:42741, 08f811c6-32d9-4092-8b3c-97e0c1fbe276:192.168.30.52:44559] with ContainerStateMachine:uninitialized
2019-10-05 03:38:49,568 [pool-423-thread-1] INFO  storage.RaftStorageDirectory (RaftStorageDirectory.java:analyzeStorage(246)) - The storage directory /workdir/hadoop-ozone/integration-test/target/test-dir/MiniOzoneClusterImpl-488e3676-e8d2-4e8a-b095-27ca3829cd58/datanode-4/data/ratis/0abfd58c-9f73-4772-a9f5-6f0440e6b503 does not exist. Creating ...
2019-10-05 03:38:49,568 [pool-433-thread-1] INFO  server.RaftServerConfigKeys (ConfUtils.java:logGet(43)) - raft.server.rpc.timeout.min = 5s (custom)
2019-10-05 03:38:49,568 [pool-433-thread-1] INFO  server.RaftServerConfigKeys (ConfUtils.java:logGet(43)) - raft.server.rpc.timeout.max = 5200ms (custom)
2019-10-05 03:38:49,569 [pool-433-thread-1] INFO  server.RaftServerConfigKeys (ConfUtils.java:logGet(43)) - raft.server.rpcslowness.timeout = 120s (custom)
2019-10-05 03:38:49,569 [pool-433-thread-1] INFO  server.RaftServerConfigKeys (ConfUtils.java:logGet(43)) - raft.server.sleep.deviation.threshold = 300 (default)
2019-10-05 03:38:49,569 [pool-433-thread-1] INFO  server.RaftServerConfigKeys (ConfUtils.java:logGet(43)) - raft.server.log.appender.install.snapshot.enabled = false (custom)
2019-10-05 03:38:49,569 [pool-433-thread-1] INFO  impl.RaftServerImpl (ServerState.java:<init>(103)) - 08f811c6-32d9-4092-8b3c-97e0c1fbe276@group-6F0440E6B503: ConfigurationManager, init=-1: [5cf495c0-ae69-47e5-bfe4-5a31d62fb174:192.168.30.52:45414, c4a6d2bd-b98c-408d-8a32-d605aee54c38:192.168.30.52:42741, 08f811c6-32d9-4092-8b3c-97e0c1fbe276:192.168.30.52:44559], old=null, confs=<EMPTY_MAP>
2019-10-05 03:38:49,569 [pool-433-thread-1] INFO  server.RaftServerConfigKeys (ConfUtils.java:logGet(43)) - raft.server.storage.dir = [/workdir/hadoop-ozone/integration-test/target/test-dir/MiniOzoneClusterImpl-488e3676-e8d2-4e8a-b095-27ca3829cd58/datanode-5/data/ratis] (custom)
2019-10-05 03:38:49,569 [pool-433-thread-1] INFO  server.RaftServerConfigKeys (ConfUtils.java:logGet(43)) - raft.server.log.corruption.policy = EXCEPTION (default)
2019-10-05 03:38:49,570 [pool-433-thread-1] INFO  storage.RaftStorageDirectory (RaftStorageDirectory.java:analyzeStorage(246)) - The storage directory /workdir/hadoop-ozone/integration-test/target/test-dir/MiniOzoneClusterImpl-488e3676-e8d2-4e8a-b095-27ca3829cd58/datanode-5/data/ratis/0abfd58c-9f73-4772-a9f5-6f0440e6b503 does not exist. Creating ...
2019-10-05 03:38:49,593 [pool-433-thread-1] INFO  storage.RaftStorageDirectory (RaftStorageDirectory.java:tryLock(328)) - Lock on /workdir/hadoop-ozone/integration-test/target/test-dir/MiniOzoneClusterImpl-488e3676-e8d2-4e8a-b095-27ca3829cd58/datanode-5/data/ratis/0abfd58c-9f73-4772-a9f5-6f0440e6b503/in_use.lock acquired by nodename 24595@pr-trunk-8bgv9-3736441219
2019-10-05 03:38:49,593 [pool-423-thread-1] INFO  storage.RaftStorageDirectory (RaftStorageDirectory.java:tryLock(328)) - Lock on /workdir/hadoop-ozone/integration-test/target/test-dir/MiniOzoneClusterImpl-488e3676-e8d2-4e8a-b095-27ca3829cd58/datanode-4/data/ratis/0abfd58c-9f73-4772-a9f5-6f0440e6b503/in_use.lock acquired by nodename 24595@pr-trunk-8bgv9-3736441219
2019-10-05 03:38:49,593 [pool-443-thread-1] INFO  storage.RaftStorageDirectory (RaftStorageDirectory.java:tryLock(328)) - Lock on /workdir/hadoop-ozone/integration-test/target/test-dir/MiniOzoneClusterImpl-488e3676-e8d2-4e8a-b095-27ca3829cd58/datanode-6/data/ratis/0abfd58c-9f73-4772-a9f5-6f0440e6b503/in_use.lock acquired by nodename 24595@pr-trunk-8bgv9-3736441219
2019-10-05 03:38:49,606 [pool-433-thread-1] INFO  storage.RaftStorage (RaftStorage.java:format(84)) - Storage directory /workdir/hadoop-ozone/integration-test/target/test-dir/MiniOzoneClusterImpl-488e3676-e8d2-4e8a-b095-27ca3829cd58/datanode-5/data/ratis/0abfd58c-9f73-4772-a9f5-6f0440e6b503 has been successfully formatted.
2019-10-05 03:38:49,606 [pool-423-thread-1] INFO  storage.RaftStorage (RaftStorage.java:format(84)) - Storage directory /workdir/hadoop-ozone/integration-test/target/test-dir/MiniOzoneClusterImpl-488e3676-e8d2-4e8a-b095-27ca3829cd58/datanode-4/data/ratis/0abfd58c-9f73-4772-a9f5-6f0440e6b503 has been successfully formatted.
2019-10-05 03:38:49,606 [pool-443-thread-1] INFO  storage.RaftStorage (RaftStorage.java:format(84)) - Storage directory /workdir/hadoop-ozone/integration-test/target/test-dir/MiniOzoneClusterImpl-488e3676-e8d2-4e8a-b095-27ca3829cd58/datanode-6/data/ratis/0abfd58c-9f73-4772-a9f5-6f0440e6b503 has been successfully formatted.
2019-10-05 03:38:49,606 [pool-433-thread-1] INFO  ratis.ContainerStateMachine (ContainerStateMachine.java:loadSnapshot(231)) - group-6F0440E6B503: The snapshot info is null. Setting the last applied indexto:(t:0, i:~)
2019-10-05 03:38:49,607 [pool-443-thread-1] INFO  ratis.ContainerStateMachine (ContainerStateMachine.java:loadSnapshot(231)) - group-6F0440E6B503: The snapshot info is null. Setting the last applied indexto:(t:0, i:~)
2019-10-05 03:38:49,607 [pool-423-thread-1] INFO  ratis.ContainerStateMachine (ContainerStateMachine.java:loadSnapshot(231)) - group-6F0440E6B503: The snapshot info is null. Setting the last applied indexto:(t:0, i:~)
2019-10-05 03:38:49,607 [pool-443-thread-1] INFO  server.RaftServerConfigKeys (ConfUtils.java:logGet(43)) - raft.server.notification.no-leader.timeout = 120s (custom)
2019-10-05 03:38:49,607 [pool-433-thread-1] INFO  server.RaftServerConfigKeys (ConfUtils.java:logGet(43)) - raft.server.notification.no-leader.timeout = 120s (custom)
2019-10-05 03:38:49,607 [pool-443-thread-1] INFO  server.RaftServerConfigKeys (ConfUtils.java:logGet(43)) - raft.server.log.use.memory = false (default)
2019-10-05 03:38:49,607 [pool-423-thread-1] INFO  server.RaftServerConfigKeys (ConfUtils.java:logGet(43)) - raft.server.notification.no-leader.timeout = 120s (custom)
2019-10-05 03:38:49,607 [pool-443-thread-1] INFO  server.RaftServerConfigKeys (ConfUtils.java:logGet(43)) - raft.server.log.purge.gap = 1000000 (custom)
2019-10-05 03:38:49,607 [pool-433-thread-1] INFO  server.RaftServerConfigKeys (ConfUtils.java:logGet(43)) - raft.server.log.use.memory = false (default)
2019-10-05 03:38:49,607 [pool-443-thread-1] INFO  server.RaftServerConfigKeys (ConfUtils.java:logGet(43)) - raft.server.log.appender.buffer.byte-limit = 33554432 (custom)
2019-10-05 03:38:49,607 [pool-423-thread-1] INFO  server.RaftServerConfigKeys (ConfUtils.java:logGet(43)) - raft.server.log.use.memory = false (default)
2019-10-05 03:38:49,608 [pool-443-thread-1] INFO  server.RaftServerConfigKeys (ConfUtils.java:logGet(43)) - raft.server.log.segment.size.max = 1048576 (custom)
2019-10-05 03:38:49,608 [pool-433-thread-1] INFO  server.RaftServerConfigKeys (ConfUtils.java:logGet(43)) - raft.server.log.purge.gap = 1000000 (custom)
2019-10-05 03:38:49,608 [pool-443-thread-1] INFO  server.RaftServerConfigKeys (ConfUtils.java:logGet(43)) - raft.server.log.segment.cache.num.max = 2 (custom)
2019-10-05 03:38:49,608 [pool-423-thread-1] INFO  server.RaftServerConfigKeys (ConfUtils.java:logGet(43)) - raft.server.log.purge.gap = 1000000 (custom)
2019-10-05 03:38:49,608 [pool-443-thread-1] INFO  segmented.SegmentedRaftLogWorker (SegmentedRaftLogWorker.java:<init>(173)) - new 5cf495c0-ae69-47e5-bfe4-5a31d62fb174@group-6F0440E6B503-SegmentedRaftLogWorker for RaftStorage:Storage Directory /workdir/hadoop-ozone/integration-test/target/test-dir/MiniOzoneClusterImpl-488e3676-e8d2-4e8a-b095-27ca3829cd58/datanode-6/data/ratis/0abfd58c-9f73-4772-a9f5-6f0440e6b503
2019-10-05 03:38:49,608 [pool-433-thread-1] INFO  server.RaftServerConfigKeys (ConfUtils.java:logGet(43)) - raft.server.log.appender.buffer.byte-limit = 33554432 (custom)
2019-10-05 03:38:49,608 [pool-443-thread-1] INFO  server.RaftServerConfigKeys (ConfUtils.java:logGet(43)) - raft.server.log.queue.byte-limit = 2147483647 (custom)
2019-10-05 03:38:49,608 [pool-423-thread-1] INFO  server.RaftServerConfigKeys (ConfUtils.java:logGet(43)) - raft.server.log.appender.buffer.byte-limit = 33554432 (custom)
2019-10-05 03:38:49,608 [pool-443-thread-1] INFO  server.RaftServerConfigKeys (ConfUtils.java:logGet(43)) - raft.server.log.queue.element-limit = 1024 (custom)
2019-10-05 03:38:49,608 [pool-433-thread-1] INFO  server.RaftServerConfigKeys (ConfUtils.java:logGet(43)) - raft.server.log.segment.size.max = 1048576 (custom)
2019-10-05 03:38:49,609 [pool-443-thread-1] INFO  server.RaftServerConfigKeys (ConfUtils.java:logGet(43)) - raft.server.log.segment.size.max = 1048576 (custom)
2019-10-05 03:38:49,609 [pool-423-thread-1] INFO  server.RaftServerConfigKeys (ConfUtils.java:logGet(43)) - raft.server.log.segment.size.max = 1048576 (custom)
2019-10-05 03:38:49,609 [pool-443-thread-1] INFO  server.RaftServerConfigKeys (ConfUtils.java:logGet(43)) - raft.server.log.preallocated.size = 16384 (custom)
2019-10-05 03:38:49,609 [pool-433-thread-1] INFO  server.RaftServerConfigKeys (ConfUtils.java:logGet(43)) - raft.server.log.segment.cache.num.max = 2 (custom)
2019-10-05 03:38:49,609 [pool-443-thread-1] INFO  server.RaftServerConfigKeys (ConfUtils.java:logGet(43)) - raft.server.log.write.buffer.size = 33554432 (custom)
2019-10-05 03:38:49,609 [pool-443-thread-1] INFO  server.RaftServerConfigKeys (ConfUtils.java:logGet(43)) - raft.server.log.force.sync.num = 128 (default)
2019-10-05 03:38:49,609 [pool-423-thread-1] INFO  server.RaftServerConfigKeys (ConfUtils.java:logGet(43)) - raft.server.log.segment.cache.num.max = 2 (custom)
2019-10-05 03:38:49,609 [pool-443-thread-1] INFO  server.RaftServerConfigKeys (ConfUtils.java:logGet(43)) - raft.server.log.statemachine.data.sync = true (default)
2019-10-05 03:38:49,609 [pool-433-thread-1] INFO  segmented.SegmentedRaftLogWorker (SegmentedRaftLogWorker.java:<init>(173)) - new 08f811c6-32d9-4092-8b3c-97e0c1fbe276@group-6F0440E6B503-SegmentedRaftLogWorker for RaftStorage:Storage Directory /workdir/hadoop-ozone/integration-test/target/test-dir/MiniOzoneClusterImpl-488e3676-e8d2-4e8a-b095-27ca3829cd58/datanode-5/data/ratis/0abfd58c-9f73-4772-a9f5-6f0440e6b503
2019-10-05 03:38:49,610 [pool-443-thread-1] INFO  server.RaftServerConfigKeys (ConfUtils.java:logGet(43)) - raft.server.log.statemachine.data.sync.timeout = 10s (default)
2019-10-05 03:38:49,610 [pool-423-thread-1] INFO  segmented.SegmentedRaftLogWorker (SegmentedRaftLogWorker.java:<init>(173)) - new c4a6d2bd-b98c-408d-8a32-d605aee54c38@group-6F0440E6B503-SegmentedRaftLogWorker for RaftStorage:Storage Directory /workdir/hadoop-ozone/integration-test/target/test-dir/MiniOzoneClusterImpl-488e3676-e8d2-4e8a-b095-27ca3829cd58/datanode-4/data/ratis/0abfd58c-9f73-4772-a9f5-6f0440e6b503
2019-10-05 03:38:49,610 [pool-443-thread-1] INFO  server.RaftServerConfigKeys (ConfUtils.java:logGet(43)) - raft.server.log.statemachine.data.sync.timeout.retry = -1 (default)
2019-10-05 03:38:49,610 [pool-433-thread-1] INFO  server.RaftServerConfigKeys (ConfUtils.java:logGet(43)) - raft.server.log.queue.byte-limit = 2147483647 (custom)
2019-10-05 03:38:49,610 [pool-443-thread-1] INFO  server.RaftServerConfigKeys (ConfUtils.java:logGet(43)) - raft.server.log.statemachine.data.caching.enabled = true (custom)
2019-10-05 03:38:49,610 [pool-423-thread-1] INFO  server.RaftServerConfigKeys (ConfUtils.java:logGet(43)) - raft.server.log.queue.byte-limit = 2147483647 (custom)
2019-10-05 03:38:49,610 [pool-433-thread-1] INFO  server.RaftServerConfigKeys (ConfUtils.java:logGet(43)) - raft.server.log.queue.element-limit = 1024 (custom)
2019-10-05 03:38:49,610 [pool-443-thread-1] INFO  segmented.SegmentedRaftLogWorker (SegmentedRaftLogWorker.java:lambda$new$0(128)) - 5cf495c0-ae69-47e5-bfe4-5a31d62fb174@group-6F0440E6B503-SegmentedRaftLogWorker: flushIndex: setUnconditionally 0 -> -1
2019-10-05 03:38:49,610 [pool-423-thread-1] INFO  server.RaftServerConfigKeys (ConfUtils.java:logGet(43)) - raft.server.log.queue.element-limit = 1024 (custom)
2019-10-05 03:38:49,610 [pool-433-thread-1] INFO  server.RaftServerConfigKeys (ConfUtils.java:logGet(43)) - raft.server.log.segment.size.max = 1048576 (custom)
2019-10-05 03:38:49,611 [pool-423-thread-1] INFO  server.RaftServerConfigKeys (ConfUtils.java:logGet(43)) - raft.server.log.segment.size.max = 1048576 (custom)
2019-10-05 03:38:49,611 [pool-443-thread-1] INFO  server.RaftServerConfigKeys (ConfUtils.java:logGet(43)) - raft.server.snapshot.auto.trigger.enabled = true (custom)
2019-10-05 03:38:49,611 [pool-423-thread-1] INFO  server.RaftServerConfigKeys (ConfUtils.java:logGet(43)) - raft.server.log.preallocated.size = 16384 (custom)
2019-10-05 03:38:49,611 [pool-433-thread-1] INFO  server.RaftServerConfigKeys (ConfUtils.java:logGet(43)) - raft.server.log.preallocated.size = 16384 (custom)
2019-10-05 03:38:49,611 [pool-423-thread-1] INFO  server.RaftServerConfigKeys (ConfUtils.java:logGet(43)) - raft.server.log.write.buffer.size = 33554432 (custom)
2019-10-05 03:38:49,611 [pool-443-thread-1] INFO  server.RaftServerConfigKeys (ConfUtils.java:logGet(43)) - raft.server.snapshot.auto.trigger.threshold = 10000 (custom)
2019-10-05 03:38:49,611 [pool-423-thread-1] INFO  server.RaftServerConfigKeys (ConfUtils.java:logGet(43)) - raft.server.log.force.sync.num = 128 (default)
2019-10-05 03:38:49,611 [pool-433-thread-1] INFO  server.RaftServerConfigKeys (ConfUtils.java:logGet(43)) - raft.server.log.write.buffer.size = 33554432 (custom)
2019-10-05 03:38:49,611 [pool-423-thread-1] INFO  server.RaftServerConfigKeys (ConfUtils.java:logGet(43)) - raft.server.log.statemachine.data.sync = true (default)
2019-10-05 03:38:49,611 [pool-443-thread-1] INFO  server.RaftServerConfigKeys (ConfUtils.java:logGet(43)) - raft.server.snapshot.retention.file.num = 5 (custom)
2019-10-05 03:38:49,612 [pool-423-thread-1] INFO  server.RaftServerConfigKeys (ConfUtils.java:logGet(43)) - raft.server.log.statemachine.data.sync.timeout = 10s (default)
2019-10-05 03:38:49,612 [pool-433-thread-1] INFO  server.RaftServerConfigKeys (ConfUtils.java:logGet(43)) - raft.server.log.force.sync.num = 128 (default)
2019-10-05 03:38:49,612 [pool-423-thread-1] INFO  server.RaftServerConfigKeys (ConfUtils.java:logGet(43)) - raft.server.log.statemachine.data.sync.timeout.retry = -1 (default)
2019-10-05 03:38:49,612 [pool-443-thread-1] INFO  server.RaftServerConfigKeys (ConfUtils.java:logGet(43)) - raft.server.retrycache.expirytime = 600000ms (custom)
2019-10-05 03:38:49,612 [pool-423-thread-1] INFO  server.RaftServerConfigKeys (ConfUtils.java:logGet(43)) - raft.server.log.statemachine.data.caching.enabled = true (custom)
2019-10-05 03:38:49,612 [pool-433-thread-1] INFO  server.RaftServerConfigKeys (ConfUtils.java:logGet(43)) - raft.server.log.statemachine.data.sync = true (default)
2019-10-05 03:38:49,612 [pool-423-thread-1] INFO  segmented.SegmentedRaftLogWorker (SegmentedRaftLogWorker.java:lambda$new$0(128)) - c4a6d2bd-b98c-408d-8a32-d605aee54c38@group-6F0440E6B503-SegmentedRaftLogWorker: flushIndex: setUnconditionally 0 -> -1
2019-10-05 03:38:49,612 [pool-433-thread-1] INFO  server.RaftServerConfigKeys (ConfUtils.java:logGet(43)) - raft.server.log.statemachine.data.sync.timeout = 10s (default)
2019-10-05 03:38:49,613 [pool-433-thread-1] INFO  server.RaftServerConfigKeys (ConfUtils.java:logGet(43)) - raft.server.log.statemachine.data.sync.timeout.retry = -1 (default)
2019-10-05 03:38:49,613 [pool-423-thread-1] INFO  server.RaftServerConfigKeys (ConfUtils.java:logGet(43)) - raft.server.snapshot.auto.trigger.enabled = true (custom)
2019-10-05 03:38:49,613 [pool-423-thread-1] INFO  server.RaftServerConfigKeys (ConfUtils.java:logGet(43)) - raft.server.snapshot.auto.trigger.threshold = 10000 (custom)
2019-10-05 03:38:49,613 [pool-433-thread-1] INFO  server.RaftServerConfigKeys (ConfUtils.java:logGet(43)) - raft.server.log.statemachine.data.caching.enabled = true (custom)
2019-10-05 03:38:49,613 [pool-423-thread-1] INFO  server.RaftServerConfigKeys (ConfUtils.java:logGet(43)) - raft.server.snapshot.retention.file.num = 5 (custom)
2019-10-05 03:38:49,613 [pool-423-thread-1] INFO  server.RaftServerConfigKeys (ConfUtils.java:logGet(43)) - raft.server.retrycache.expirytime = 600000ms (custom)
2019-10-05 03:38:49,613 [pool-433-thread-1] INFO  segmented.SegmentedRaftLogWorker (SegmentedRaftLogWorker.java:lambda$new$0(128)) - 08f811c6-32d9-4092-8b3c-97e0c1fbe276@group-6F0440E6B503-SegmentedRaftLogWorker: flushIndex: setUnconditionally 0 -> -1
2019-10-05 03:38:49,613 [pool-443-thread-1] INFO  impl.RaftServerImpl (RaftServerImpl.java:start(181)) - 5cf495c0-ae69-47e5-bfe4-5a31d62fb174@group-6F0440E6B503: start as a follower, conf=-1: [5cf495c0-ae69-47e5-bfe4-5a31d62fb174:192.168.30.52:45414, c4a6d2bd-b98c-408d-8a32-d605aee54c38:192.168.30.52:42741, 08f811c6-32d9-4092-8b3c-97e0c1fbe276:192.168.30.52:44559], old=null
2019-10-05 03:38:49,613 [pool-443-thread-1] INFO  impl.RaftServerImpl (RaftServerImpl.java:setRole(170)) - 5cf495c0-ae69-47e5-bfe4-5a31d62fb174@group-6F0440E6B503: changes role from      null to FOLLOWER at term 0 for startAsFollower
2019-10-05 03:38:49,613 [pool-433-thread-1] INFO  server.RaftServerConfigKeys (ConfUtils.java:logGet(43)) - raft.server.snapshot.auto.trigger.enabled = true (custom)
2019-10-05 03:38:49,614 [pool-443-thread-1] INFO  impl.RoleInfo (RoleInfo.java:updateAndGet(143)) - 5cf495c0-ae69-47e5-bfe4-5a31d62fb174: start FollowerState
2019-10-05 03:38:49,614 [pool-433-thread-1] INFO  server.RaftServerConfigKeys (ConfUtils.java:logGet(43)) - raft.server.snapshot.auto.trigger.threshold = 10000 (custom)
2019-10-05 03:38:49,614 [pool-433-thread-1] INFO  server.RaftServerConfigKeys (ConfUtils.java:logGet(43)) - raft.server.snapshot.retention.file.num = 5 (custom)
2019-10-05 03:38:49,614 [pool-443-thread-1] INFO  util.JmxRegister (JmxRegister.java:tryRegister(44)) - Successfully registered JMX Bean with object name Ratis:service=RaftServer,group=group-6F0440E6B503,id=5cf495c0-ae69-47e5-bfe4-5a31d62fb174
2019-10-05 03:38:49,614 [pool-433-thread-1] INFO  server.RaftServerConfigKeys (ConfUtils.java:logGet(43)) - raft.server.retrycache.expirytime = 600000ms (custom)
2019-10-05 03:38:49,614 [pool-423-thread-1] INFO  impl.RaftServerImpl (RaftServerImpl.java:start(181)) - c4a6d2bd-b98c-408d-8a32-d605aee54c38@group-6F0440E6B503: start as a follower, conf=-1: [5cf495c0-ae69-47e5-bfe4-5a31d62fb174:192.168.30.52:45414, c4a6d2bd-b98c-408d-8a32-d605aee54c38:192.168.30.52:42741, 08f811c6-32d9-4092-8b3c-97e0c1fbe276:192.168.30.52:44559], old=null
2019-10-05 03:38:49,614 [pool-423-thread-1] INFO  impl.RaftServerImpl (RaftServerImpl.java:setRole(170)) - c4a6d2bd-b98c-408d-8a32-d605aee54c38@group-6F0440E6B503: changes role from      null to FOLLOWER at term 0 for startAsFollower
2019-10-05 03:38:49,614 [pool-423-thread-1] INFO  impl.RoleInfo (RoleInfo.java:updateAndGet(143)) - c4a6d2bd-b98c-408d-8a32-d605aee54c38: start FollowerState
2019-10-05 03:38:49,615 [pool-423-thread-1] INFO  util.JmxRegister (JmxRegister.java:tryRegister(44)) - Successfully registered JMX Bean with object name Ratis:service=RaftServer,group=group-6F0440E6B503,id=c4a6d2bd-b98c-408d-8a32-d605aee54c38
2019-10-05 03:38:49,620 [pool-433-thread-1] INFO  impl.RaftServerImpl (RaftServerImpl.java:start(181)) - 08f811c6-32d9-4092-8b3c-97e0c1fbe276@group-6F0440E6B503: start as a follower, conf=-1: [5cf495c0-ae69-47e5-bfe4-5a31d62fb174:192.168.30.52:45414, c4a6d2bd-b98c-408d-8a32-d605aee54c38:192.168.30.52:42741, 08f811c6-32d9-4092-8b3c-97e0c1fbe276:192.168.30.52:44559], old=null
2019-10-05 03:38:49,620 [pool-433-thread-1] INFO  impl.RaftServerImpl (RaftServerImpl.java:setRole(170)) - 08f811c6-32d9-4092-8b3c-97e0c1fbe276@group-6F0440E6B503: changes role from      null to FOLLOWER at term 0 for startAsFollower
2019-10-05 03:38:49,621 [pool-433-thread-1] INFO  impl.RoleInfo (RoleInfo.java:updateAndGet(143)) - 08f811c6-32d9-4092-8b3c-97e0c1fbe276: start FollowerState
2019-10-05 03:38:49,623 [pool-433-thread-1] INFO  util.JmxRegister (JmxRegister.java:tryRegister(44)) - Successfully registered JMX Bean with object name Ratis:service=RaftServer,group=group-6F0440E6B503,id=08f811c6-32d9-4092-8b3c-97e0c1fbe276
2019-10-05 03:38:49,629 [RatisPipelineUtilsThread] INFO  pipeline.PipelineStateManager (PipelineStateManager.java:addPipeline(56)) - Created pipeline Pipeline[ Id: 0abfd58c-9f73-4772-a9f5-6f0440e6b503, Nodes: c4a6d2bd-b98c-408d-8a32-d605aee54c38{ip: 192.168.30.52, host: pr-trunk-8bgv9-3736441219, networkLocation: /default-rack, certSerialId: null}08f811c6-32d9-4092-8b3c-97e0c1fbe276{ip: 192.168.30.52, host: pr-trunk-8bgv9-3736441219, networkLocation: /default-rack, certSerialId: null}5cf495c0-ae69-47e5-bfe4-5a31d62fb174{ip: 192.168.30.52, host: pr-trunk-8bgv9-3736441219, networkLocation: /default-rack, certSerialId: null}, Type:RATIS, Factor:THREE, State:OPEN]
2019-10-05 03:38:52,047 [Thread-2391] INFO  container.ReplicationManager (ReplicationManager.java:start(162)) - Starting Replication Monitor Thread.
2019-10-05 03:38:52,052 [ReplicationMonitor] INFO  container.ReplicationManager (ReplicationManager.java:run(225)) - Replication Monitor Thread took 0 milliseconds for processing 1 containers.
2019-10-05 03:38:54,290 [Thread-2402] INFO  impl.FollowerState (FollowerState.java:run(108)) - cddde53f-2fb1-4561-af13-bdde606bfb1d@group-BB7525BB5949-FollowerState: change to CANDIDATE, lastRpcTime:5004ms, electionTimeout:5004ms
2019-10-05 03:38:54,290 [Thread-2402] INFO  impl.RoleInfo (RoleInfo.java:shutdownFollowerState(121)) - cddde53f-2fb1-4561-af13-bdde606bfb1d: shutdown FollowerState
2019-10-05 03:38:54,291 [Thread-2402] INFO  impl.RaftServerImpl (RaftServerImpl.java:setRole(170)) - cddde53f-2fb1-4561-af13-bdde606bfb1d@group-BB7525BB5949: changes role from  FOLLOWER to CANDIDATE at term 0 for changeToCandidate
2019-10-05 03:38:54,291 [Thread-2402] INFO  impl.RoleInfo (RoleInfo.java:updateAndGet(143)) - cddde53f-2fb1-4561-af13-bdde606bfb1d: start LeaderElection
2019-10-05 03:38:54,297 [Thread-2393] INFO  impl.FollowerState (FollowerState.java:run(108)) - a8af7fda-8374-44be-a4b2-6d310b3e0e31@group-15FC385F2732-FollowerState: change to CANDIDATE, lastRpcTime:5188ms, electionTimeout:5186ms
2019-10-05 03:38:54,306 [Thread-2393] INFO  impl.RoleInfo (RoleInfo.java:shutdownFollowerState(121)) - a8af7fda-8374-44be-a4b2-6d310b3e0e31: shutdown FollowerState
2019-10-05 03:38:54,306 [Thread-2393] INFO  impl.RaftServerImpl (RaftServerImpl.java:setRole(170)) - a8af7fda-8374-44be-a4b2-6d310b3e0e31@group-15FC385F2732: changes role from  FOLLOWER to CANDIDATE at term 0 for changeToCandidate
2019-10-05 03:38:54,307 [Thread-2393] INFO  impl.RoleInfo (RoleInfo.java:updateAndGet(143)) - a8af7fda-8374-44be-a4b2-6d310b3e0e31: start LeaderElection
2019-10-05 03:38:54,321 [cddde53f-2fb1-4561-af13-bdde606bfb1d@group-BB7525BB5949-LeaderElection96] INFO  impl.LeaderElection (LeaderElection.java:askForVotes(178)) - cddde53f-2fb1-4561-af13-bdde606bfb1d@group-BB7525BB5949-LeaderElection96: begin an election at term 1 for -1: [cddde53f-2fb1-4561-af13-bdde606bfb1d:192.168.30.52:43038], old=null
2019-10-05 03:38:54,321 [a8af7fda-8374-44be-a4b2-6d310b3e0e31@group-15FC385F2732-LeaderElection97] INFO  impl.LeaderElection (LeaderElection.java:askForVotes(178)) - a8af7fda-8374-44be-a4b2-6d310b3e0e31@group-15FC385F2732-LeaderElection97: begin an election at term 1 for -1: [a8af7fda-8374-44be-a4b2-6d310b3e0e31:192.168.30.52:39680], old=null
2019-10-05 03:38:54,321 [cddde53f-2fb1-4561-af13-bdde606bfb1d@group-BB7525BB5949-LeaderElection96] INFO  impl.RoleInfo (RoleInfo.java:shutdownLeaderElection(134)) - cddde53f-2fb1-4561-af13-bdde606bfb1d: shutdown LeaderElection
2019-10-05 03:38:54,321 [a8af7fda-8374-44be-a4b2-6d310b3e0e31@group-15FC385F2732-LeaderElection97] INFO  impl.RoleInfo (RoleInfo.java:shutdownLeaderElection(134)) - a8af7fda-8374-44be-a4b2-6d310b3e0e31: shutdown LeaderElection
2019-10-05 03:38:54,321 [cddde53f-2fb1-4561-af13-bdde606bfb1d@group-BB7525BB5949-LeaderElection96] INFO  impl.RaftServerImpl (RaftServerImpl.java:setRole(170)) - cddde53f-2fb1-4561-af13-bdde606bfb1d@group-BB7525BB5949: changes role from CANDIDATE to LEADER at term 1 for changeToLeader
2019-10-05 03:38:54,321 [a8af7fda-8374-44be-a4b2-6d310b3e0e31@group-15FC385F2732-LeaderElection97] INFO  impl.RaftServerImpl (RaftServerImpl.java:setRole(170)) - a8af7fda-8374-44be-a4b2-6d310b3e0e31@group-15FC385F2732: changes role from CANDIDATE to LEADER at term 1 for changeToLeader
2019-10-05 03:38:54,321 [cddde53f-2fb1-4561-af13-bdde606bfb1d@group-BB7525BB5949-LeaderElection96] INFO  impl.RaftServerImpl (ServerState.java:setLeader(255)) - cddde53f-2fb1-4561-af13-bdde606bfb1d@group-BB7525BB5949: change Leader from null to cddde53f-2fb1-4561-af13-bdde606bfb1d at term 1 for becomeLeader, leader elected after 5041ms
2019-10-05 03:38:54,321 [a8af7fda-8374-44be-a4b2-6d310b3e0e31@group-15FC385F2732-LeaderElection97] INFO  impl.RaftServerImpl (ServerState.java:setLeader(255)) - a8af7fda-8374-44be-a4b2-6d310b3e0e31@group-15FC385F2732: change Leader from null to a8af7fda-8374-44be-a4b2-6d310b3e0e31 at term 1 for becomeLeader, leader elected after 5221ms
2019-10-05 03:38:54,322 [cddde53f-2fb1-4561-af13-bdde606bfb1d@group-BB7525BB5949-LeaderElection96] INFO  server.RaftServerConfigKeys (ConfUtils.java:logGet(43)) - raft.server.staging.catchup.gap = 1000 (default)
2019-10-05 03:38:54,322 [a8af7fda-8374-44be-a4b2-6d310b3e0e31@group-15FC385F2732-LeaderElection97] INFO  server.RaftServerConfigKeys (ConfUtils.java:logGet(43)) - raft.server.staging.catchup.gap = 1000 (default)
2019-10-05 03:38:54,322 [cddde53f-2fb1-4561-af13-bdde606bfb1d@group-BB7525BB5949-LeaderElection96] INFO  server.RaftServerConfigKeys (ConfUtils.java:logGet(43)) - raft.server.rpc.sleep.time = 25ms (default)
2019-10-05 03:38:54,322 [a8af7fda-8374-44be-a4b2-6d310b3e0e31@group-15FC385F2732-LeaderElection97] INFO  server.RaftServerConfigKeys (ConfUtils.java:logGet(43)) - raft.server.rpc.sleep.time = 25ms (default)
2019-10-05 03:38:54,322 [cddde53f-2fb1-4561-af13-bdde606bfb1d@group-BB7525BB5949-LeaderElection96] INFO  server.RaftServerConfigKeys (ConfUtils.java:logGet(43)) - raft.server.write.element-limit = 4096 (default)
2019-10-05 03:38:54,322 [cddde53f-2fb1-4561-af13-bdde606bfb1d@group-BB7525BB5949-LeaderElection96] INFO  server.RaftServerConfigKeys (ConfUtils.java:logGet(43)) - raft.server.watch.timeout = 10s (default)
2019-10-05 03:38:54,322 [a8af7fda-8374-44be-a4b2-6d310b3e0e31@group-15FC385F2732-LeaderElection97] INFO  server.RaftServerConfigKeys (ConfUtils.java:logGet(43)) - raft.server.write.element-limit = 4096 (default)
2019-10-05 03:38:54,322 [cddde53f-2fb1-4561-af13-bdde606bfb1d@group-BB7525BB5949-LeaderElection96] INFO  server.RaftServerConfigKeys (ConfUtils.java:logGet(43)) - raft.server.watch.timeout.denomination = 1s (default)
2019-10-05 03:38:54,322 [a8af7fda-8374-44be-a4b2-6d310b3e0e31@group-15FC385F2732-LeaderElection97] INFO  server.RaftServerConfigKeys (ConfUtils.java:logGet(43)) - raft.server.watch.timeout = 10s (default)
2019-10-05 03:38:54,322 [cddde53f-2fb1-4561-af13-bdde606bfb1d@group-BB7525BB5949-LeaderElection96] INFO  server.RaftServerConfigKeys (ConfUtils.java:logGet(43)) - raft.server.watch.element-limit = 65536 (default)
2019-10-05 03:38:54,323 [a8af7fda-8374-44be-a4b2-6d310b3e0e31@group-15FC385F2732-LeaderElection97] INFO  server.RaftServerConfigKeys (ConfUtils.java:logGet(43)) - raft.server.watch.timeout.denomination = 1s (default)
2019-10-05 03:38:54,323 [a8af7fda-8374-44be-a4b2-6d310b3e0e31@group-15FC385F2732-LeaderElection97] INFO  server.RaftServerConfigKeys (ConfUtils.java:logGet(43)) - raft.server.watch.element-limit = 65536 (default)
2019-10-05 03:38:54,325 [cddde53f-2fb1-4561-af13-bdde606bfb1d@group-BB7525BB5949-LeaderElection96] INFO  impl.RoleInfo (RoleInfo.java:updateAndGet(143)) - cddde53f-2fb1-4561-af13-bdde606bfb1d: start LeaderState
2019-10-05 03:38:54,325 [cddde53f-2fb1-4561-af13-bdde606bfb1d@group-BB7525BB5949-LeaderElection96] INFO  segmented.SegmentedRaftLogWorker (SegmentedRaftLogWorker.java:startLogSegment(385)) - cddde53f-2fb1-4561-af13-bdde606bfb1d@group-BB7525BB5949-SegmentedRaftLogWorker: Starting segment from index:0
2019-10-05 03:38:54,325 [a8af7fda-8374-44be-a4b2-6d310b3e0e31@group-15FC385F2732-LeaderElection97] INFO  impl.RoleInfo (RoleInfo.java:updateAndGet(143)) - a8af7fda-8374-44be-a4b2-6d310b3e0e31: start LeaderState
2019-10-05 03:38:54,326 [cddde53f-2fb1-4561-af13-bdde606bfb1d@group-BB7525BB5949-LeaderElection96] INFO  impl.RaftServerImpl (ServerState.java:setRaftConf(356)) - cddde53f-2fb1-4561-af13-bdde606bfb1d@group-BB7525BB5949: set configuration 0: [cddde53f-2fb1-4561-af13-bdde606bfb1d:192.168.30.52:43038], old=null at 0
2019-10-05 03:38:54,326 [a8af7fda-8374-44be-a4b2-6d310b3e0e31@group-15FC385F2732-LeaderElection97] INFO  segmented.SegmentedRaftLogWorker (SegmentedRaftLogWorker.java:startLogSegment(385)) - a8af7fda-8374-44be-a4b2-6d310b3e0e31@group-15FC385F2732-SegmentedRaftLogWorker: Starting segment from index:0
2019-10-05 03:38:54,326 [a8af7fda-8374-44be-a4b2-6d310b3e0e31@group-15FC385F2732-LeaderElection97] INFO  impl.RaftServerImpl (ServerState.java:setRaftConf(356)) - a8af7fda-8374-44be-a4b2-6d310b3e0e31@group-15FC385F2732: set configuration 0: [a8af7fda-8374-44be-a4b2-6d310b3e0e31:192.168.30.52:39680], old=null at 0
2019-10-05 03:38:54,348 [Thread-2409] INFO  impl.FollowerState (FollowerState.java:run(108)) - a8af7fda-8374-44be-a4b2-6d310b3e0e31@group-D7189323903B-FollowerState: change to CANDIDATE, lastRpcTime:5002ms, electionTimeout:5002ms
2019-10-05 03:38:54,348 [Thread-2409] INFO  impl.RoleInfo (RoleInfo.java:shutdownFollowerState(121)) - a8af7fda-8374-44be-a4b2-6d310b3e0e31: shutdown FollowerState
2019-10-05 03:38:54,348 [Thread-2409] INFO  impl.RaftServerImpl (RaftServerImpl.java:setRole(170)) - a8af7fda-8374-44be-a4b2-6d310b3e0e31@group-D7189323903B: changes role from  FOLLOWER to CANDIDATE at term 0 for changeToCandidate
2019-10-05 03:38:54,348 [Thread-2409] INFO  impl.RoleInfo (RoleInfo.java:updateAndGet(143)) - a8af7fda-8374-44be-a4b2-6d310b3e0e31: start LeaderElection
2019-10-05 03:38:54,363 [Thread-2396] INFO  impl.FollowerState (FollowerState.java:run(108)) - 7dc33f28-0aa5-4ace-bfb8-59fc37fda62f@group-6AD54A6F31BB-FollowerState: change to CANDIDATE, lastRpcTime:5195ms, electionTimeout:5195ms
2019-10-05 03:38:54,364 [Thread-2396] INFO  impl.RoleInfo (RoleInfo.java:shutdownFollowerState(121)) - 7dc33f28-0aa5-4ace-bfb8-59fc37fda62f: shutdown FollowerState
2019-10-05 03:38:54,364 [Thread-2396] INFO  impl.RaftServerImpl (RaftServerImpl.java:setRole(170)) - 7dc33f28-0aa5-4ace-bfb8-59fc37fda62f@group-6AD54A6F31BB: changes role from  FOLLOWER to CANDIDATE at term 0 for changeToCandidate
2019-10-05 03:38:54,364 [Thread-2396] INFO  impl.RoleInfo (RoleInfo.java:updateAndGet(143)) - 7dc33f28-0aa5-4ace-bfb8-59fc37fda62f: start LeaderElection
2019-10-05 03:38:54,394 [Thread-2405] INFO  impl.FollowerState (FollowerState.java:run(108)) - 7dc33f28-0aa5-4ace-bfb8-59fc37fda62f@group-D7189323903B-FollowerState: change to CANDIDATE, lastRpcTime:5055ms, electionTimeout:5055ms
2019-10-05 03:38:54,394 [Thread-2405] INFO  impl.RoleInfo (RoleInfo.java:shutdownFollowerState(121)) - 7dc33f28-0aa5-4ace-bfb8-59fc37fda62f: shutdown FollowerState
2019-10-05 03:38:54,395 [Thread-2405] INFO  impl.RaftServerImpl (RaftServerImpl.java:setRole(170)) - 7dc33f28-0aa5-4ace-bfb8-59fc37fda62f@group-D7189323903B: changes role from  FOLLOWER to CANDIDATE at term 0 for changeToCandidate
2019-10-05 03:38:54,395 [Thread-2405] INFO  impl.RoleInfo (RoleInfo.java:updateAndGet(143)) - 7dc33f28-0aa5-4ace-bfb8-59fc37fda62f: start LeaderElection
2019-10-05 03:38:54,400 [a8af7fda-8374-44be-a4b2-6d310b3e0e31@group-15FC385F2732-SegmentedRaftLogWorker] INFO  segmented.SegmentedRaftLogWorker (SegmentedRaftLogWorker.java:execute(574)) - a8af7fda-8374-44be-a4b2-6d310b3e0e31@group-15FC385F2732-SegmentedRaftLogWorker: created new log segment /workdir/hadoop-ozone/integration-test/target/test-dir/MiniOzoneClusterImpl-488e3676-e8d2-4e8a-b095-27ca3829cd58/datanode-0/data/ratis/f48f0c66-4f46-4033-91aa-15fc385f2732/current/log_inprogress_0
2019-10-05 03:38:54,400 [7dc33f28-0aa5-4ace-bfb8-59fc37fda62f@group-6AD54A6F31BB-LeaderElection99] INFO  impl.LeaderElection (LeaderElection.java:askForVotes(178)) - 7dc33f28-0aa5-4ace-bfb8-59fc37fda62f@group-6AD54A6F31BB-LeaderElection99: begin an election at term 1 for -1: [7dc33f28-0aa5-4ace-bfb8-59fc37fda62f:192.168.30.52:34930], old=null
2019-10-05 03:38:54,400 [a8af7fda-8374-44be-a4b2-6d310b3e0e31@group-D7189323903B-LeaderElection98] INFO  impl.LeaderElection (LeaderElection.java:askForVotes(178)) - a8af7fda-8374-44be-a4b2-6d310b3e0e31@group-D7189323903B-LeaderElection98: begin an election at term 1 for -1: [7dc33f28-0aa5-4ace-bfb8-59fc37fda62f:192.168.30.52:34930, a8af7fda-8374-44be-a4b2-6d310b3e0e31:192.168.30.52:39680, e0b36003-af5c-4ac6-a9db-e5286e4b95fb:192.168.30.52:45949], old=null
2019-10-05 03:38:54,400 [cddde53f-2fb1-4561-af13-bdde606bfb1d@group-BB7525BB5949-SegmentedRaftLogWorker] INFO  segmented.SegmentedRaftLogWorker (SegmentedRaftLogWorker.java:execute(574)) - cddde53f-2fb1-4561-af13-bdde606bfb1d@group-BB7525BB5949-SegmentedRaftLogWorker: created new log segment /workdir/hadoop-ozone/integration-test/target/test-dir/MiniOzoneClusterImpl-488e3676-e8d2-4e8a-b095-27ca3829cd58/datanode-3/data/ratis/ff07cf13-8092-41ed-ae77-bb7525bb5949/current/log_inprogress_0
2019-10-05 03:38:54,400 [7dc33f28-0aa5-4ace-bfb8-59fc37fda62f@group-6AD54A6F31BB-LeaderElection99] INFO  impl.RoleInfo (RoleInfo.java:shutdownLeaderElection(134)) - 7dc33f28-0aa5-4ace-bfb8-59fc37fda62f: shutdown LeaderElection
2019-10-05 03:38:54,400 [7dc33f28-0aa5-4ace-bfb8-59fc37fda62f@group-6AD54A6F31BB-LeaderElection99] INFO  impl.RaftServerImpl (RaftServerImpl.java:setRole(170)) - 7dc33f28-0aa5-4ace-bfb8-59fc37fda62f@group-6AD54A6F31BB: changes role from CANDIDATE to LEADER at term 1 for changeToLeader
2019-10-05 03:38:54,400 [7dc33f28-0aa5-4ace-bfb8-59fc37fda62f@group-6AD54A6F31BB-LeaderElection99] INFO  impl.RaftServerImpl (ServerState.java:setLeader(255)) - 7dc33f28-0aa5-4ace-bfb8-59fc37fda62f@group-6AD54A6F31BB: change Leader from null to 7dc33f28-0aa5-4ace-bfb8-59fc37fda62f at term 1 for becomeLeader, leader elected after 5240ms
2019-10-05 03:38:54,401 [7dc33f28-0aa5-4ace-bfb8-59fc37fda62f@group-6AD54A6F31BB-LeaderElection99] INFO  server.RaftServerConfigKeys (ConfUtils.java:logGet(43)) - raft.server.staging.catchup.gap = 1000 (default)
2019-10-05 03:38:54,401 [7dc33f28-0aa5-4ace-bfb8-59fc37fda62f@group-6AD54A6F31BB-LeaderElection99] INFO  server.RaftServerConfigKeys (ConfUtils.java:logGet(43)) - raft.server.rpc.sleep.time = 25ms (default)
2019-10-05 03:38:54,401 [7dc33f28-0aa5-4ace-bfb8-59fc37fda62f@group-6AD54A6F31BB-LeaderElection99] INFO  server.RaftServerConfigKeys (ConfUtils.java:logGet(43)) - raft.server.write.element-limit = 4096 (default)
2019-10-05 03:38:54,401 [7dc33f28-0aa5-4ace-bfb8-59fc37fda62f@group-6AD54A6F31BB-LeaderElection99] INFO  server.RaftServerConfigKeys (ConfUtils.java:logGet(43)) - raft.server.watch.timeout = 10s (default)
2019-10-05 03:38:54,401 [7dc33f28-0aa5-4ace-bfb8-59fc37fda62f@group-6AD54A6F31BB-LeaderElection99] INFO  server.RaftServerConfigKeys (ConfUtils.java:logGet(43)) - raft.server.watch.timeout.denomination = 1s (default)
2019-10-05 03:38:54,401 [7dc33f28-0aa5-4ace-bfb8-59fc37fda62f@group-6AD54A6F31BB-LeaderElection99] INFO  server.RaftServerConfigKeys (ConfUtils.java:logGet(43)) - raft.server.watch.element-limit = 65536 (default)
2019-10-05 03:38:54,402 [7dc33f28-0aa5-4ace-bfb8-59fc37fda62f@group-6AD54A6F31BB-LeaderElection99] INFO  impl.RoleInfo (RoleInfo.java:updateAndGet(143)) - 7dc33f28-0aa5-4ace-bfb8-59fc37fda62f: start LeaderState
2019-10-05 03:38:54,402 [7dc33f28-0aa5-4ace-bfb8-59fc37fda62f@group-6AD54A6F31BB-LeaderElection99] INFO  segmented.SegmentedRaftLogWorker (SegmentedRaftLogWorker.java:startLogSegment(385)) - 7dc33f28-0aa5-4ace-bfb8-59fc37fda62f@group-6AD54A6F31BB-SegmentedRaftLogWorker: Starting segment from index:0
2019-10-05 03:38:54,403 [7dc33f28-0aa5-4ace-bfb8-59fc37fda62f@group-6AD54A6F31BB-LeaderElection99] INFO  impl.RaftServerImpl (ServerState.java:setRaftConf(356)) - 7dc33f28-0aa5-4ace-bfb8-59fc37fda62f@group-6AD54A6F31BB: set configuration 0: [7dc33f28-0aa5-4ace-bfb8-59fc37fda62f:192.168.30.52:34930], old=null at 0
2019-10-05 03:38:54,404 [grpc-default-executor-1] INFO  impl.RaftServerImpl (RaftServerImpl.java:setRole(170)) - e0b36003-af5c-4ac6-a9db-e5286e4b95fb@group-D7189323903B: changes role from  FOLLOWER to FOLLOWER at term 1 for recognizeCandidate:a8af7fda-8374-44be-a4b2-6d310b3e0e31
2019-10-05 03:38:54,404 [grpc-default-executor-1] INFO  impl.RoleInfo (RoleInfo.java:shutdownFollowerState(121)) - e0b36003-af5c-4ac6-a9db-e5286e4b95fb: shutdown FollowerState
2019-10-05 03:38:54,405 [grpc-default-executor-1] INFO  impl.RoleInfo (RoleInfo.java:updateAndGet(143)) - e0b36003-af5c-4ac6-a9db-e5286e4b95fb: start FollowerState
2019-10-05 03:38:54,405 [Thread-2410] INFO  impl.FollowerState (FollowerState.java:run(117)) - e0b36003-af5c-4ac6-a9db-e5286e4b95fb@group-D7189323903B-FollowerState was interrupted: java.lang.InterruptedException: sleep interrupted
2019-10-05 03:38:54,429 [7dc33f28-0aa5-4ace-bfb8-59fc37fda62f@group-D7189323903B-LeaderElection100] INFO  impl.LeaderElection (LeaderElection.java:askForVotes(178)) - 7dc33f28-0aa5-4ace-bfb8-59fc37fda62f@group-D7189323903B-LeaderElection100: begin an election at term 1 for -1: [7dc33f28-0aa5-4ace-bfb8-59fc37fda62f:192.168.30.52:34930, a8af7fda-8374-44be-a4b2-6d310b3e0e31:192.168.30.52:39680, e0b36003-af5c-4ac6-a9db-e5286e4b95fb:192.168.30.52:45949], old=null
2019-10-05 03:38:54,455 [Thread-2399] INFO  impl.FollowerState (FollowerState.java:run(108)) - e0b36003-af5c-4ac6-a9db-e5286e4b95fb@group-820952249BF6-FollowerState: change to CANDIDATE, lastRpcTime:5208ms, electionTimeout:5196ms
2019-10-05 03:38:54,455 [7dc33f28-0aa5-4ace-bfb8-59fc37fda62f@group-6AD54A6F31BB-SegmentedRaftLogWorker] INFO  segmented.SegmentedRaftLogWorker (SegmentedRaftLogWorker.java:execute(574)) - 7dc33f28-0aa5-4ace-bfb8-59fc37fda62f@group-6AD54A6F31BB-SegmentedRaftLogWorker: created new log segment /workdir/hadoop-ozone/integration-test/target/test-dir/MiniOzoneClusterImpl-488e3676-e8d2-4e8a-b095-27ca3829cd58/datanode-1/data/ratis/7357b567-8f65-4bd3-8243-6ad54a6f31bb/current/log_inprogress_0
2019-10-05 03:38:54,455 [Thread-2399] INFO  impl.RoleInfo (RoleInfo.java:shutdownFollowerState(121)) - e0b36003-af5c-4ac6-a9db-e5286e4b95fb: shutdown FollowerState
2019-10-05 03:38:54,459 [Thread-2399] INFO  impl.RaftServerImpl (RaftServerImpl.java:setRole(170)) - e0b36003-af5c-4ac6-a9db-e5286e4b95fb@group-820952249BF6: changes role from  FOLLOWER to CANDIDATE at term 0 for changeToCandidate
2019-10-05 03:38:54,459 [Thread-2399] INFO  impl.RoleInfo (RoleInfo.java:updateAndGet(143)) - e0b36003-af5c-4ac6-a9db-e5286e4b95fb: start LeaderElection
2019-10-05 03:38:54,459 [a8af7fda-8374-44be-a4b2-6d310b3e0e31@group-D7189323903B-LeaderElection98] INFO  impl.LeaderElection (LeaderElection.java:logAndReturn(56)) - a8af7fda-8374-44be-a4b2-6d310b3e0e31@group-D7189323903B-LeaderElection98: Election PASSED; received 2 response(s) [a8af7fda-8374-44be-a4b2-6d310b3e0e31<-7dc33f28-0aa5-4ace-bfb8-59fc37fda62f#0:FAIL-t1, a8af7fda-8374-44be-a4b2-6d310b3e0e31<-e0b36003-af5c-4ac6-a9db-e5286e4b95fb#0:OK-t1] and 0 exception(s); a8af7fda-8374-44be-a4b2-6d310b3e0e31@group-D7189323903B:t1, leader=null, voted=a8af7fda-8374-44be-a4b2-6d310b3e0e31, raftlog=a8af7fda-8374-44be-a4b2-6d310b3e0e31@group-D7189323903B-SegmentedRaftLog:OPENED:c-1,f-1,i0, conf=-1: [7dc33f28-0aa5-4ace-bfb8-59fc37fda62f:192.168.30.52:34930, a8af7fda-8374-44be-a4b2-6d310b3e0e31:192.168.30.52:39680, e0b36003-af5c-4ac6-a9db-e5286e4b95fb:192.168.30.52:45949], old=null
2019-10-05 03:38:54,459 [7dc33f28-0aa5-4ace-bfb8-59fc37fda62f@group-D7189323903B-LeaderElection100] INFO  impl.LeaderElection (LeaderElection.java:logAndReturn(56)) - 7dc33f28-0aa5-4ace-bfb8-59fc37fda62f@group-D7189323903B-LeaderElection100: Election REJECTED; received 2 response(s) [7dc33f28-0aa5-4ace-bfb8-59fc37fda62f<-a8af7fda-8374-44be-a4b2-6d310b3e0e31#0:FAIL-t1, 7dc33f28-0aa5-4ace-bfb8-59fc37fda62f<-e0b36003-af5c-4ac6-a9db-e5286e4b95fb#0:FAIL-t1] and 0 exception(s); 7dc33f28-0aa5-4ace-bfb8-59fc37fda62f@group-D7189323903B:t1, leader=null, voted=7dc33f28-0aa5-4ace-bfb8-59fc37fda62f, raftlog=7dc33f28-0aa5-4ace-bfb8-59fc37fda62f@group-D7189323903B-SegmentedRaftLog:OPENED:c-1,f-1,i0, conf=-1: [7dc33f28-0aa5-4ace-bfb8-59fc37fda62f:192.168.30.52:34930, a8af7fda-8374-44be-a4b2-6d310b3e0e31:192.168.30.52:39680, e0b36003-af5c-4ac6-a9db-e5286e4b95fb:192.168.30.52:45949], old=null
2019-10-05 03:38:54,467 [a8af7fda-8374-44be-a4b2-6d310b3e0e31@group-D7189323903B-LeaderElection98] INFO  impl.RoleInfo (RoleInfo.java:shutdownLeaderElection(134)) - a8af7fda-8374-44be-a4b2-6d310b3e0e31: shutdown LeaderElection
2019-10-05 03:38:54,467 [7dc33f28-0aa5-4ace-bfb8-59fc37fda62f@group-D7189323903B-LeaderElection100] INFO  impl.RaftServerImpl (RaftServerImpl.java:setRole(170)) - 7dc33f28-0aa5-4ace-bfb8-59fc37fda62f@group-D7189323903B: changes role from CANDIDATE to FOLLOWER at term 1 for DISCOVERED_A_NEW_TERM
2019-10-05 03:38:54,467 [a8af7fda-8374-44be-a4b2-6d310b3e0e31@group-D7189323903B-LeaderElection98] INFO  impl.RaftServerImpl (RaftServerImpl.java:setRole(170)) - a8af7fda-8374-44be-a4b2-6d310b3e0e31@group-D7189323903B: changes role from CANDIDATE to LEADER at term 1 for changeToLeader
2019-10-05 03:38:54,468 [7dc33f28-0aa5-4ace-bfb8-59fc37fda62f@group-D7189323903B-LeaderElection100] INFO  impl.RoleInfo (RoleInfo.java:shutdownLeaderElection(134)) - 7dc33f28-0aa5-4ace-bfb8-59fc37fda62f: shutdown LeaderElection
2019-10-05 03:38:54,468 [a8af7fda-8374-44be-a4b2-6d310b3e0e31@group-D7189323903B-LeaderElection98] INFO  impl.RaftServerImpl (ServerState.java:setLeader(255)) - a8af7fda-8374-44be-a4b2-6d310b3e0e31@group-D7189323903B: change Leader from null to a8af7fda-8374-44be-a4b2-6d310b3e0e31 at term 1 for becomeLeader, leader elected after 5136ms
2019-10-05 03:38:54,468 [7dc33f28-0aa5-4ace-bfb8-59fc37fda62f@group-D7189323903B-LeaderElection100] INFO  impl.RoleInfo (RoleInfo.java:updateAndGet(143)) - 7dc33f28-0aa5-4ace-bfb8-59fc37fda62f: start FollowerState
2019-10-05 03:38:54,468 [a8af7fda-8374-44be-a4b2-6d310b3e0e31@group-D7189323903B-LeaderElection98] INFO  server.RaftServerConfigKeys (ConfUtils.java:logGet(43)) - raft.server.staging.catchup.gap = 1000 (default)
2019-10-05 03:38:54,468 [a8af7fda-8374-44be-a4b2-6d310b3e0e31@group-D7189323903B-LeaderElection98] INFO  server.RaftServerConfigKeys (ConfUtils.java:logGet(43)) - raft.server.rpc.sleep.time = 25ms (default)
2019-10-05 03:38:54,469 [a8af7fda-8374-44be-a4b2-6d310b3e0e31@group-D7189323903B-LeaderElection98] INFO  server.RaftServerConfigKeys (ConfUtils.java:logGet(43)) - raft.server.write.element-limit = 4096 (default)
2019-10-05 03:38:54,469 [a8af7fda-8374-44be-a4b2-6d310b3e0e31@group-D7189323903B-LeaderElection98] INFO  server.RaftServerConfigKeys (ConfUtils.java:logGet(43)) - raft.server.watch.timeout = 10s (default)
2019-10-05 03:38:54,469 [a8af7fda-8374-44be-a4b2-6d310b3e0e31@group-D7189323903B-LeaderElection98] INFO  server.RaftServerConfigKeys (ConfUtils.java:logGet(43)) - raft.server.watch.timeout.denomination = 1s (default)
2019-10-05 03:38:54,469 [a8af7fda-8374-44be-a4b2-6d310b3e0e31@group-D7189323903B-LeaderElection98] INFO  server.RaftServerConfigKeys (ConfUtils.java:logGet(43)) - raft.server.watch.element-limit = 65536 (default)
2019-10-05 03:38:54,472 [a8af7fda-8374-44be-a4b2-6d310b3e0e31@group-D7189323903B-LeaderElection98] INFO  server.RaftServerConfigKeys (ConfUtils.java:logGet(43)) - raft.server.log.appender.snapshot.chunk.size.max = 16MB (=16777216) (default)
2019-10-05 03:38:54,472 [e0b36003-af5c-4ac6-a9db-e5286e4b95fb@group-820952249BF6-LeaderElection101] INFO  impl.LeaderElection (LeaderElection.java:askForVotes(178)) - e0b36003-af5c-4ac6-a9db-e5286e4b95fb@group-820952249BF6-LeaderElection101: begin an election at term 1 for -1: [e0b36003-af5c-4ac6-a9db-e5286e4b95fb:192.168.30.52:45949], old=null
2019-10-05 03:38:54,472 [a8af7fda-8374-44be-a4b2-6d310b3e0e31@group-D7189323903B-LeaderElection98] INFO  server.RaftServerConfigKeys (ConfUtils.java:logGet(43)) - raft.server.log.appender.buffer.byte-limit = 33554432 (custom)
2019-10-05 03:38:54,472 [e0b36003-af5c-4ac6-a9db-e5286e4b95fb@group-820952249BF6-LeaderElection101] INFO  impl.RoleInfo (RoleInfo.java:shutdownLeaderElection(134)) - e0b36003-af5c-4ac6-a9db-e5286e4b95fb: shutdown LeaderElection
2019-10-05 03:38:54,472 [a8af7fda-8374-44be-a4b2-6d310b3e0e31@group-D7189323903B-LeaderElection98] INFO  server.RaftServerConfigKeys (ConfUtils.java:logGet(43)) - raft.server.log.appender.buffer.element-limit = 1 (custom)
2019-10-05 03:38:54,473 [e0b36003-af5c-4ac6-a9db-e5286e4b95fb@group-820952249BF6-LeaderElection101] INFO  impl.RaftServerImpl (RaftServerImpl.java:setRole(170)) - e0b36003-af5c-4ac6-a9db-e5286e4b95fb@group-820952249BF6: changes role from CANDIDATE to LEADER at term 1 for changeToLeader
2019-10-05 03:38:54,473 [e0b36003-af5c-4ac6-a9db-e5286e4b95fb@group-820952249BF6-LeaderElection101] INFO  impl.RaftServerImpl (ServerState.java:setLeader(255)) - e0b36003-af5c-4ac6-a9db-e5286e4b95fb@group-820952249BF6: change Leader from null to e0b36003-af5c-4ac6-a9db-e5286e4b95fb at term 1 for becomeLeader, leader elected after 5234ms
2019-10-05 03:38:54,473 [a8af7fda-8374-44be-a4b2-6d310b3e0e31@group-D7189323903B-LeaderElection98] INFO  grpc.GrpcConfigKeys$Server (ConfUtils.java:logGet(43)) - raft.grpc.server.leader.outstanding.appends.max = 128 (default)
2019-10-05 03:38:54,473 [e0b36003-af5c-4ac6-a9db-e5286e4b95fb@group-820952249BF6-LeaderElection101] INFO  server.RaftServerConfigKeys (ConfUtils.java:logGet(43)) - raft.server.staging.catchup.gap = 1000 (default)
2019-10-05 03:38:54,473 [a8af7fda-8374-44be-a4b2-6d310b3e0e31@group-D7189323903B-LeaderElection98] INFO  server.RaftServerConfigKeys (ConfUtils.java:logGet(43)) - raft.server.rpc.request.timeout = 3000ms (default)
2019-10-05 03:38:54,473 [e0b36003-af5c-4ac6-a9db-e5286e4b95fb@group-820952249BF6-LeaderElection101] INFO  server.RaftServerConfigKeys (ConfUtils.java:logGet(43)) - raft.server.rpc.sleep.time = 25ms (default)
2019-10-05 03:38:54,474 [a8af7fda-8374-44be-a4b2-6d310b3e0e31@group-D7189323903B-LeaderElection98] INFO  server.RaftServerConfigKeys (ConfUtils.java:logGet(43)) - raft.server.log.appender.install.snapshot.enabled = false (custom)
2019-10-05 03:38:54,474 [e0b36003-af5c-4ac6-a9db-e5286e4b95fb@group-820952249BF6-LeaderElection101] INFO  server.RaftServerConfigKeys (ConfUtils.java:logGet(43)) - raft.server.write.element-limit = 4096 (default)
2019-10-05 03:38:54,474 [a8af7fda-8374-44be-a4b2-6d310b3e0e31@group-D7189323903B-LeaderElection98] INFO  server.RaftServerConfigKeys (ConfUtils.java:logGet(43)) - raft.server.log.appender.snapshot.chunk.size.max = 16MB (=16777216) (default)
2019-10-05 03:38:54,474 [e0b36003-af5c-4ac6-a9db-e5286e4b95fb@group-820952249BF6-LeaderElection101] INFO  server.RaftServerConfigKeys (ConfUtils.java:logGet(43)) - raft.server.watch.timeout = 10s (default)
2019-10-05 03:38:54,474 [a8af7fda-8374-44be-a4b2-6d310b3e0e31@group-D7189323903B-LeaderElection98] INFO  server.RaftServerConfigKeys (ConfUtils.java:logGet(43)) - raft.server.log.appender.buffer.byte-limit = 33554432 (custom)
2019-10-05 03:38:54,474 [e0b36003-af5c-4ac6-a9db-e5286e4b95fb@group-820952249BF6-LeaderElection101] INFO  server.RaftServerConfigKeys (ConfUtils.java:logGet(43)) - raft.server.watch.timeout.denomination = 1s (default)
2019-10-05 03:38:54,475 [a8af7fda-8374-44be-a4b2-6d310b3e0e31@group-D7189323903B-LeaderElection98] INFO  server.RaftServerConfigKeys (ConfUtils.java:logGet(43)) - raft.server.log.appender.buffer.element-limit = 1 (custom)
2019-10-05 03:38:54,475 [e0b36003-af5c-4ac6-a9db-e5286e4b95fb@group-820952249BF6-LeaderElection101] INFO  server.RaftServerConfigKeys (ConfUtils.java:logGet(43)) - raft.server.watch.element-limit = 65536 (default)
2019-10-05 03:38:54,475 [a8af7fda-8374-44be-a4b2-6d310b3e0e31@group-D7189323903B-LeaderElection98] INFO  grpc.GrpcConfigKeys$Server (ConfUtils.java:logGet(43)) - raft.grpc.server.leader.outstanding.appends.max = 128 (default)
2019-10-05 03:38:54,475 [a8af7fda-8374-44be-a4b2-6d310b3e0e31@group-D7189323903B-LeaderElection98] INFO  server.RaftServerConfigKeys (ConfUtils.java:logGet(43)) - raft.server.rpc.request.timeout = 3000ms (default)
2019-10-05 03:38:54,475 [a8af7fda-8374-44be-a4b2-6d310b3e0e31@group-D7189323903B-LeaderElection98] INFO  server.RaftServerConfigKeys (ConfUtils.java:logGet(43)) - raft.server.log.appender.install.snapshot.enabled = false (custom)
2019-10-05 03:38:54,476 [a8af7fda-8374-44be-a4b2-6d310b3e0e31@group-D7189323903B-LeaderElection98] INFO  impl.RoleInfo (RoleInfo.java:updateAndGet(143)) - a8af7fda-8374-44be-a4b2-6d310b3e0e31: start LeaderState
2019-10-05 03:38:54,476 [a8af7fda-8374-44be-a4b2-6d310b3e0e31@group-D7189323903B-LeaderElection98] INFO  segmented.SegmentedRaftLogWorker (SegmentedRaftLogWorker.java:startLogSegment(385)) - a8af7fda-8374-44be-a4b2-6d310b3e0e31@group-D7189323903B-SegmentedRaftLogWorker: Starting segment from index:0
2019-10-05 03:38:54,477 [a8af7fda-8374-44be-a4b2-6d310b3e0e31@group-D7189323903B-LeaderElection98] INFO  impl.RaftServerImpl (ServerState.java:setRaftConf(356)) - a8af7fda-8374-44be-a4b2-6d310b3e0e31@group-D7189323903B: set configuration 0: [7dc33f28-0aa5-4ace-bfb8-59fc37fda62f:192.168.30.52:34930, a8af7fda-8374-44be-a4b2-6d310b3e0e31:192.168.30.52:39680, e0b36003-af5c-4ac6-a9db-e5286e4b95fb:192.168.30.52:45949], old=null at 0
2019-10-05 03:38:54,514 [e0b36003-af5c-4ac6-a9db-e5286e4b95fb@group-820952249BF6-LeaderElection101] INFO  impl.RoleInfo (RoleInfo.java:updateAndGet(143)) - e0b36003-af5c-4ac6-a9db-e5286e4b95fb: start LeaderState
2019-10-05 03:38:54,515 [e0b36003-af5c-4ac6-a9db-e5286e4b95fb@group-820952249BF6-LeaderElection101] INFO  segmented.SegmentedRaftLogWorker (SegmentedRaftLogWorker.java:startLogSegment(385)) - e0b36003-af5c-4ac6-a9db-e5286e4b95fb@group-820952249BF6-SegmentedRaftLogWorker: Starting segment from index:0
2019-10-05 03:38:54,515 [grpc-default-executor-4] INFO  impl.RaftServerImpl (ServerState.java:setLeader(255)) - 7dc33f28-0aa5-4ace-bfb8-59fc37fda62f@group-D7189323903B: change Leader from null to a8af7fda-8374-44be-a4b2-6d310b3e0e31 at term 1 for appendEntries, leader elected after 5184ms
2019-10-05 03:38:54,515 [e0b36003-af5c-4ac6-a9db-e5286e4b95fb@group-820952249BF6-LeaderElection101] INFO  impl.RaftServerImpl (ServerState.java:setRaftConf(356)) - e0b36003-af5c-4ac6-a9db-e5286e4b95fb@group-820952249BF6: set configuration 0: [e0b36003-af5c-4ac6-a9db-e5286e4b95fb:192.168.30.52:45949], old=null at 0
2019-10-05 03:38:54,515 [grpc-default-executor-1] INFO  impl.RaftServerImpl (ServerState.java:setLeader(255)) - e0b36003-af5c-4ac6-a9db-e5286e4b95fb@group-D7189323903B: change Leader from null to a8af7fda-8374-44be-a4b2-6d310b3e0e31 at term 1 for appendEntries, leader elected after 5183ms
2019-10-05 03:38:54,518 [grpc-default-executor-1] INFO  impl.RaftServerImpl (ServerState.java:setRaftConf(356)) - 7dc33f28-0aa5-4ace-bfb8-59fc37fda62f@group-D7189323903B: set configuration 0: [7dc33f28-0aa5-4ace-bfb8-59fc37fda62f:192.168.30.52:34930, a8af7fda-8374-44be-a4b2-6d310b3e0e31:192.168.30.52:39680, e0b36003-af5c-4ac6-a9db-e5286e4b95fb:192.168.30.52:45949], old=null at 0
2019-10-05 03:38:54,518 [grpc-default-executor-4] INFO  impl.RaftServerImpl (ServerState.java:setRaftConf(356)) - e0b36003-af5c-4ac6-a9db-e5286e4b95fb@group-D7189323903B: set configuration 0: [7dc33f28-0aa5-4ace-bfb8-59fc37fda62f:192.168.30.52:34930, a8af7fda-8374-44be-a4b2-6d310b3e0e31:192.168.30.52:39680, e0b36003-af5c-4ac6-a9db-e5286e4b95fb:192.168.30.52:45949], old=null at 0
2019-10-05 03:38:54,518 [grpc-default-executor-1] INFO  segmented.SegmentedRaftLogWorker (SegmentedRaftLogWorker.java:startLogSegment(385)) - 7dc33f28-0aa5-4ace-bfb8-59fc37fda62f@group-D7189323903B-SegmentedRaftLogWorker: Starting segment from index:0
2019-10-05 03:38:54,519 [grpc-default-executor-4] INFO  segmented.SegmentedRaftLogWorker (SegmentedRaftLogWorker.java:startLogSegment(385)) - e0b36003-af5c-4ac6-a9db-e5286e4b95fb@group-D7189323903B-SegmentedRaftLogWorker: Starting segment from index:0
2019-10-05 03:38:54,535 [Thread-2419] INFO  impl.FollowerState (FollowerState.java:run(108)) - 08f811c6-32d9-4092-8b3c-97e0c1fbe276@group-931F5E71BC92-FollowerState: change to CANDIDATE, lastRpcTime:5064ms, electionTimeout:5064ms
2019-10-05 03:38:54,536 [Thread-2419] INFO  impl.RoleInfo (RoleInfo.java:shutdownFollowerState(121)) - 08f811c6-32d9-4092-8b3c-97e0c1fbe276: shutdown FollowerState
2019-10-05 03:38:54,536 [Thread-2419] INFO  impl.RaftServerImpl (RaftServerImpl.java:setRole(170)) - 08f811c6-32d9-4092-8b3c-97e0c1fbe276@group-931F5E71BC92: changes role from  FOLLOWER to CANDIDATE at term 0 for changeToCandidate
2019-10-05 03:38:54,536 [Thread-2419] INFO  impl.RoleInfo (RoleInfo.java:updateAndGet(143)) - 08f811c6-32d9-4092-8b3c-97e0c1fbe276: start LeaderElection
2019-10-05 03:38:54,536 [a8af7fda-8374-44be-a4b2-6d310b3e0e31@group-D7189323903B-SegmentedRaftLogWorker] INFO  segmented.SegmentedRaftLogWorker (SegmentedRaftLogWorker.java:execute(574)) - a8af7fda-8374-44be-a4b2-6d310b3e0e31@group-D7189323903B-SegmentedRaftLogWorker: created new log segment /workdir/hadoop-ozone/integration-test/target/test-dir/MiniOzoneClusterImpl-488e3676-e8d2-4e8a-b095-27ca3829cd58/datanode-0/data/ratis/6bff583e-f9ed-4986-a4d0-d7189323903b/current/log_inprogress_0
2019-10-05 03:38:54,569 [e0b36003-af5c-4ac6-a9db-e5286e4b95fb@group-D7189323903B-SegmentedRaftLogWorker] INFO  segmented.SegmentedRaftLogWorker (SegmentedRaftLogWorker.java:execute(574)) - e0b36003-af5c-4ac6-a9db-e5286e4b95fb@group-D7189323903B-SegmentedRaftLogWorker: created new log segment /workdir/hadoop-ozone/integration-test/target/test-dir/MiniOzoneClusterImpl-488e3676-e8d2-4e8a-b095-27ca3829cd58/datanode-2/data/ratis/6bff583e-f9ed-4986-a4d0-d7189323903b/current/log_inprogress_0
2019-10-05 03:38:54,569 [08f811c6-32d9-4092-8b3c-97e0c1fbe276@group-931F5E71BC92-LeaderElection102] INFO  impl.LeaderElection (LeaderElection.java:askForVotes(178)) - 08f811c6-32d9-4092-8b3c-97e0c1fbe276@group-931F5E71BC92-LeaderElection102: begin an election at term 1 for -1: [08f811c6-32d9-4092-8b3c-97e0c1fbe276:192.168.30.52:44559], old=null
2019-10-05 03:38:54,569 [7dc33f28-0aa5-4ace-bfb8-59fc37fda62f@group-D7189323903B-SegmentedRaftLogWorker] INFO  segmented.SegmentedRaftLogWorker (SegmentedRaftLogWorker.java:execute(574)) - 7dc33f28-0aa5-4ace-bfb8-59fc37fda62f@group-D7189323903B-SegmentedRaftLogWorker: created new log segment /workdir/hadoop-ozone/integration-test/target/test-dir/MiniOzoneClusterImpl-488e3676-e8d2-4e8a-b095-27ca3829cd58/datanode-1/data/ratis/6bff583e-f9ed-4986-a4d0-d7189323903b/current/log_inprogress_0
2019-10-05 03:38:54,569 [e0b36003-af5c-4ac6-a9db-e5286e4b95fb@group-820952249BF6-SegmentedRaftLogWorker] INFO  segmented.SegmentedRaftLogWorker (SegmentedRaftLogWorker.java:execute(574)) - e0b36003-af5c-4ac6-a9db-e5286e4b95fb@group-820952249BF6-SegmentedRaftLogWorker: created new log segment /workdir/hadoop-ozone/integration-test/target/test-dir/MiniOzoneClusterImpl-488e3676-e8d2-4e8a-b095-27ca3829cd58/datanode-2/data/ratis/82fb00a8-6eec-41d0-8ce3-820952249bf6/current/log_inprogress_0
2019-10-05 03:38:54,569 [08f811c6-32d9-4092-8b3c-97e0c1fbe276@group-931F5E71BC92-LeaderElection102] INFO  impl.RoleInfo (RoleInfo.java:shutdownLeaderElection(134)) - 08f811c6-32d9-4092-8b3c-97e0c1fbe276: shutdown LeaderElection
2019-10-05 03:38:54,569 [08f811c6-32d9-4092-8b3c-97e0c1fbe276@group-931F5E71BC92-LeaderElection102] INFO  impl.RaftServerImpl (RaftServerImpl.java:setRole(170)) - 08f811c6-32d9-4092-8b3c-97e0c1fbe276@group-931F5E71BC92: changes role from CANDIDATE to LEADER at term 1 for changeToLeader
2019-10-05 03:38:54,570 [08f811c6-32d9-4092-8b3c-97e0c1fbe276@group-931F5E71BC92-LeaderElection102] INFO  impl.RaftServerImpl (ServerState.java:setLeader(255)) - 08f811c6-32d9-4092-8b3c-97e0c1fbe276@group-931F5E71BC92: change Leader from null to 08f811c6-32d9-4092-8b3c-97e0c1fbe276 at term 1 for becomeLeader, leader elected after 5114ms
2019-10-05 03:38:54,570 [08f811c6-32d9-4092-8b3c-97e0c1fbe276@group-931F5E71BC92-LeaderElection102] INFO  server.RaftServerConfigKeys (ConfUtils.java:logGet(43)) - raft.server.staging.catchup.gap = 1000 (default)
2019-10-05 03:38:54,570 [08f811c6-32d9-4092-8b3c-97e0c1fbe276@group-931F5E71BC92-LeaderElection102] INFO  server.RaftServerConfigKeys (ConfUtils.java:logGet(43)) - raft.server.rpc.sleep.time = 25ms (default)
2019-10-05 03:38:54,570 [08f811c6-32d9-4092-8b3c-97e0c1fbe276@group-931F5E71BC92-LeaderElection102] INFO  server.RaftServerConfigKeys (ConfUtils.java:logGet(43)) - raft.server.write.element-limit = 4096 (default)
2019-10-05 03:38:54,570 [08f811c6-32d9-4092-8b3c-97e0c1fbe276@group-931F5E71BC92-LeaderElection102] INFO  server.RaftServerConfigKeys (ConfUtils.java:logGet(43)) - raft.server.watch.timeout = 10s (default)
2019-10-05 03:38:54,570 [08f811c6-32d9-4092-8b3c-97e0c1fbe276@group-931F5E71BC92-LeaderElection102] INFO  server.RaftServerConfigKeys (ConfUtils.java:logGet(43)) - raft.server.watch.timeout.denomination = 1s (default)
2019-10-05 03:38:54,570 [08f811c6-32d9-4092-8b3c-97e0c1fbe276@group-931F5E71BC92-LeaderElection102] INFO  server.RaftServerConfigKeys (ConfUtils.java:logGet(43)) - raft.server.watch.element-limit = 65536 (default)
2019-10-05 03:38:54,572 [Thread-2422] INFO  impl.FollowerState (FollowerState.java:run(108)) - 5cf495c0-ae69-47e5-bfe4-5a31d62fb174@group-2C7D6B755FCC-FollowerState: change to CANDIDATE, lastRpcTime:5024ms, electionTimeout:5024ms
2019-10-05 03:38:54,572 [Thread-2422] INFO  impl.RoleInfo (RoleInfo.java:shutdownFollowerState(121)) - 5cf495c0-ae69-47e5-bfe4-5a31d62fb174: shutdown FollowerState
2019-10-05 03:38:54,572 [Thread-2422] INFO  impl.RaftServerImpl (RaftServerImpl.java:setRole(170)) - 5cf495c0-ae69-47e5-bfe4-5a31d62fb174@group-2C7D6B755FCC: changes role from  FOLLOWER to CANDIDATE at term 0 for changeToCandidate
2019-10-05 03:38:54,573 [Thread-2422] INFO  impl.RoleInfo (RoleInfo.java:updateAndGet(143)) - 5cf495c0-ae69-47e5-bfe4-5a31d62fb174: start LeaderElection
2019-10-05 03:38:54,573 [08f811c6-32d9-4092-8b3c-97e0c1fbe276@group-931F5E71BC92-LeaderElection102] INFO  impl.RoleInfo (RoleInfo.java:updateAndGet(143)) - 08f811c6-32d9-4092-8b3c-97e0c1fbe276: start LeaderState
2019-10-05 03:38:54,580 [08f811c6-32d9-4092-8b3c-97e0c1fbe276@group-931F5E71BC92-LeaderElection102] INFO  segmented.SegmentedRaftLogWorker (SegmentedRaftLogWorker.java:startLogSegment(385)) - 08f811c6-32d9-4092-8b3c-97e0c1fbe276@group-931F5E71BC92-SegmentedRaftLogWorker: Starting segment from index:0
2019-10-05 03:38:54,581 [08f811c6-32d9-4092-8b3c-97e0c1fbe276@group-931F5E71BC92-LeaderElection102] INFO  impl.RaftServerImpl (ServerState.java:setRaftConf(356)) - 08f811c6-32d9-4092-8b3c-97e0c1fbe276@group-931F5E71BC92: set configuration 0: [08f811c6-32d9-4092-8b3c-97e0c1fbe276:192.168.30.52:44559], old=null at 0
2019-10-05 03:38:54,583 [5cf495c0-ae69-47e5-bfe4-5a31d62fb174@group-2C7D6B755FCC-LeaderElection103] INFO  impl.LeaderElection (LeaderElection.java:askForVotes(178)) - 5cf495c0-ae69-47e5-bfe4-5a31d62fb174@group-2C7D6B755FCC-LeaderElection103: begin an election at term 1 for -1: [5cf495c0-ae69-47e5-bfe4-5a31d62fb174:192.168.30.52:45414], old=null
2019-10-05 03:38:54,583 [5cf495c0-ae69-47e5-bfe4-5a31d62fb174@group-2C7D6B755FCC-LeaderElection103] INFO  impl.RoleInfo (RoleInfo.java:shutdownLeaderElection(134)) - 5cf495c0-ae69-47e5-bfe4-5a31d62fb174: shutdown LeaderElection
2019-10-05 03:38:54,583 [5cf495c0-ae69-47e5-bfe4-5a31d62fb174@group-2C7D6B755FCC-LeaderElection103] INFO  impl.RaftServerImpl (RaftServerImpl.java:setRole(170)) - 5cf495c0-ae69-47e5-bfe4-5a31d62fb174@group-2C7D6B755FCC: changes role from CANDIDATE to LEADER at term 1 for changeToLeader
2019-10-05 03:38:54,583 [5cf495c0-ae69-47e5-bfe4-5a31d62fb174@group-2C7D6B755FCC-LeaderElection103] INFO  impl.RaftServerImpl (ServerState.java:setLeader(255)) - 5cf495c0-ae69-47e5-bfe4-5a31d62fb174@group-2C7D6B755FCC: change Leader from null to 5cf495c0-ae69-47e5-bfe4-5a31d62fb174 at term 1 for becomeLeader, leader elected after 5040ms
2019-10-05 03:38:54,583 [5cf495c0-ae69-47e5-bfe4-5a31d62fb174@group-2C7D6B755FCC-LeaderElection103] INFO  server.RaftServerConfigKeys (ConfUtils.java:logGet(43)) - raft.server.staging.catchup.gap = 1000 (default)
2019-10-05 03:38:54,584 [5cf495c0-ae69-47e5-bfe4-5a31d62fb174@group-2C7D6B755FCC-LeaderElection103] INFO  server.RaftServerConfigKeys (ConfUtils.java:logGet(43)) - raft.server.rpc.sleep.time = 25ms (default)
2019-10-05 03:38:54,584 [5cf495c0-ae69-47e5-bfe4-5a31d62fb174@group-2C7D6B755FCC-LeaderElection103] INFO  server.RaftServerConfigKeys (ConfUtils.java:logGet(43)) - raft.server.write.element-limit = 4096 (default)
2019-10-05 03:38:54,584 [5cf495c0-ae69-47e5-bfe4-5a31d62fb174@group-2C7D6B755FCC-LeaderElection103] INFO  server.RaftServerConfigKeys (ConfUtils.java:logGet(43)) - raft.server.watch.timeout = 10s (default)
2019-10-05 03:38:54,584 [5cf495c0-ae69-47e5-bfe4-5a31d62fb174@group-2C7D6B755FCC-LeaderElection103] INFO  server.RaftServerConfigKeys (ConfUtils.java:logGet(43)) - raft.server.watch.timeout.denomination = 1s (default)
2019-10-05 03:38:54,584 [5cf495c0-ae69-47e5-bfe4-5a31d62fb174@group-2C7D6B755FCC-LeaderElection103] INFO  server.RaftServerConfigKeys (ConfUtils.java:logGet(43)) - raft.server.watch.element-limit = 65536 (default)
2019-10-05 03:38:54,586 [5cf495c0-ae69-47e5-bfe4-5a31d62fb174@group-2C7D6B755FCC-LeaderElection103] INFO  impl.RoleInfo (RoleInfo.java:updateAndGet(143)) - 5cf495c0-ae69-47e5-bfe4-5a31d62fb174: start LeaderState
2019-10-05 03:38:54,586 [5cf495c0-ae69-47e5-bfe4-5a31d62fb174@group-2C7D6B755FCC-LeaderElection103] INFO  segmented.SegmentedRaftLogWorker (SegmentedRaftLogWorker.java:startLogSegment(385)) - 5cf495c0-ae69-47e5-bfe4-5a31d62fb174@group-2C7D6B755FCC-SegmentedRaftLogWorker: Starting segment from index:0
2019-10-05 03:38:54,587 [5cf495c0-ae69-47e5-bfe4-5a31d62fb174@group-2C7D6B755FCC-LeaderElection103] INFO  impl.RaftServerImpl (ServerState.java:setRaftConf(356)) - 5cf495c0-ae69-47e5-bfe4-5a31d62fb174@group-2C7D6B755FCC: set configuration 0: [5cf495c0-ae69-47e5-bfe4-5a31d62fb174:192.168.30.52:45414], old=null at 0
2019-10-05 03:38:54,607 [Thread-2414] INFO  impl.FollowerState (FollowerState.java:run(108)) - c4a6d2bd-b98c-408d-8a32-d605aee54c38@group-6A100EDF0117-FollowerState: change to CANDIDATE, lastRpcTime:5199ms, electionTimeout:5199ms
2019-10-05 03:38:54,608 [Thread-2414] INFO  impl.RoleInfo (RoleInfo.java:shutdownFollowerState(121)) - c4a6d2bd-b98c-408d-8a32-d605aee54c38: shutdown FollowerState
2019-10-05 03:38:54,608 [Thread-2414] INFO  impl.RaftServerImpl (RaftServerImpl.java:setRole(170)) - c4a6d2bd-b98c-408d-8a32-d605aee54c38@group-6A100EDF0117: changes role from  FOLLOWER to CANDIDATE at term 0 for changeToCandidate
2019-10-05 03:38:54,608 [Thread-2414] INFO  impl.RoleInfo (RoleInfo.java:updateAndGet(143)) - c4a6d2bd-b98c-408d-8a32-d605aee54c38: start LeaderElection
2019-10-05 03:38:54,647 [5cf495c0-ae69-47e5-bfe4-5a31d62fb174@group-2C7D6B755FCC-SegmentedRaftLogWorker] INFO  segmented.SegmentedRaftLogWorker (SegmentedRaftLogWorker.java:execute(574)) - 5cf495c0-ae69-47e5-bfe4-5a31d62fb174@group-2C7D6B755FCC-SegmentedRaftLogWorker: created new log segment /workdir/hadoop-ozone/integration-test/target/test-dir/MiniOzoneClusterImpl-488e3676-e8d2-4e8a-b095-27ca3829cd58/datanode-6/data/ratis/8a243143-0c9e-48c8-8721-2c7d6b755fcc/current/log_inprogress_0
2019-10-05 03:38:54,647 [c4a6d2bd-b98c-408d-8a32-d605aee54c38@group-6A100EDF0117-LeaderElection104] INFO  impl.LeaderElection (LeaderElection.java:askForVotes(178)) - c4a6d2bd-b98c-408d-8a32-d605aee54c38@group-6A100EDF0117-LeaderElection104: begin an election at term 1 for -1: [c4a6d2bd-b98c-408d-8a32-d605aee54c38:192.168.30.52:42741], old=null
2019-10-05 03:38:54,647 [08f811c6-32d9-4092-8b3c-97e0c1fbe276@group-931F5E71BC92-SegmentedRaftLogWorker] INFO  segmented.SegmentedRaftLogWorker (SegmentedRaftLogWorker.java:execute(574)) - 08f811c6-32d9-4092-8b3c-97e0c1fbe276@group-931F5E71BC92-SegmentedRaftLogWorker: created new log segment /workdir/hadoop-ozone/integration-test/target/test-dir/MiniOzoneClusterImpl-488e3676-e8d2-4e8a-b095-27ca3829cd58/datanode-5/data/ratis/1b0a4ccc-197e-41f7-8879-931f5e71bc92/current/log_inprogress_0
2019-10-05 03:38:54,647 [c4a6d2bd-b98c-408d-8a32-d605aee54c38@group-6A100EDF0117-LeaderElection104] INFO  impl.RoleInfo (RoleInfo.java:shutdownLeaderElection(134)) - c4a6d2bd-b98c-408d-8a32-d605aee54c38: shutdown LeaderElection
2019-10-05 03:38:54,647 [Thread-2426] INFO  impl.FollowerState (FollowerState.java:run(108)) - 5cf495c0-ae69-47e5-bfe4-5a31d62fb174@group-6F0440E6B503-FollowerState: change to CANDIDATE, lastRpcTime:5033ms, electionTimeout:5033ms
2019-10-05 03:38:54,647 [c4a6d2bd-b98c-408d-8a32-d605aee54c38@group-6A100EDF0117-LeaderElection104] INFO  impl.RaftServerImpl (RaftServerImpl.java:setRole(170)) - c4a6d2bd-b98c-408d-8a32-d605aee54c38@group-6A100EDF0117: changes role from CANDIDATE to LEADER at term 1 for changeToLeader
2019-10-05 03:38:54,648 [Thread-2426] INFO  impl.RoleInfo (RoleInfo.java:shutdownFollowerState(121)) - 5cf495c0-ae69-47e5-bfe4-5a31d62fb174: shutdown FollowerState
2019-10-05 03:38:54,648 [c4a6d2bd-b98c-408d-8a32-d605aee54c38@group-6A100EDF0117-LeaderElection104] INFO  impl.RaftServerImpl (ServerState.java:setLeader(255)) - c4a6d2bd-b98c-408d-8a32-d605aee54c38@group-6A100EDF0117: change Leader from null to c4a6d2bd-b98c-408d-8a32-d605aee54c38 at term 1 for becomeLeader, leader elected after 5245ms
2019-10-05 03:38:54,648 [Thread-2426] INFO  impl.RaftServerImpl (RaftServerImpl.java:setRole(170)) - 5cf495c0-ae69-47e5-bfe4-5a31d62fb174@group-6F0440E6B503: changes role from  FOLLOWER to CANDIDATE at term 0 for changeToCandidate
2019-10-05 03:38:54,648 [c4a6d2bd-b98c-408d-8a32-d605aee54c38@group-6A100EDF0117-LeaderElection104] INFO  server.RaftServerConfigKeys (ConfUtils.java:logGet(43)) - raft.server.staging.catchup.gap = 1000 (default)
2019-10-05 03:38:54,648 [Thread-2426] INFO  impl.RoleInfo (RoleInfo.java:updateAndGet(143)) - 5cf495c0-ae69-47e5-bfe4-5a31d62fb174: start LeaderElection
2019-10-05 03:38:54,648 [c4a6d2bd-b98c-408d-8a32-d605aee54c38@group-6A100EDF0117-LeaderElection104] INFO  server.RaftServerConfigKeys (ConfUtils.java:logGet(43)) - raft.server.rpc.sleep.time = 25ms (default)
2019-10-05 03:38:54,657 [c4a6d2bd-b98c-408d-8a32-d605aee54c38@group-6A100EDF0117-LeaderElection104] INFO  server.RaftServerConfigKeys (ConfUtils.java:logGet(43)) - raft.server.write.element-limit = 4096 (default)
2019-10-05 03:38:54,657 [c4a6d2bd-b98c-408d-8a32-d605aee54c38@group-6A100EDF0117-LeaderElection104] INFO  server.RaftServerConfigKeys (ConfUtils.java:logGet(43)) - raft.server.watch.timeout = 10s (default)
2019-10-05 03:38:54,657 [c4a6d2bd-b98c-408d-8a32-d605aee54c38@group-6A100EDF0117-LeaderElection104] INFO  server.RaftServerConfigKeys (ConfUtils.java:logGet(43)) - raft.server.watch.timeout.denomination = 1s (default)
2019-10-05 03:38:54,657 [c4a6d2bd-b98c-408d-8a32-d605aee54c38@group-6A100EDF0117-LeaderElection104] INFO  server.RaftServerConfigKeys (ConfUtils.java:logGet(43)) - raft.server.watch.element-limit = 65536 (default)
2019-10-05 03:38:54,659 [c4a6d2bd-b98c-408d-8a32-d605aee54c38@group-6A100EDF0117-LeaderElection104] INFO  impl.RoleInfo (RoleInfo.java:updateAndGet(143)) - c4a6d2bd-b98c-408d-8a32-d605aee54c38: start LeaderState
2019-10-05 03:38:54,659 [c4a6d2bd-b98c-408d-8a32-d605aee54c38@group-6A100EDF0117-LeaderElection104] INFO  segmented.SegmentedRaftLogWorker (SegmentedRaftLogWorker.java:startLogSegment(385)) - c4a6d2bd-b98c-408d-8a32-d605aee54c38@group-6A100EDF0117-SegmentedRaftLogWorker: Starting segment from index:0
2019-10-05 03:38:54,660 [c4a6d2bd-b98c-408d-8a32-d605aee54c38@group-6A100EDF0117-LeaderElection104] INFO  impl.RaftServerImpl (ServerState.java:setRaftConf(356)) - c4a6d2bd-b98c-408d-8a32-d605aee54c38@group-6A100EDF0117: set configuration 0: [c4a6d2bd-b98c-408d-8a32-d605aee54c38:192.168.30.52:42741], old=null at 0
2019-10-05 03:38:54,679 [5cf495c0-ae69-47e5-bfe4-5a31d62fb174@group-6F0440E6B503-LeaderElection105] INFO  impl.LeaderElection (LeaderElection.java:askForVotes(178)) - 5cf495c0-ae69-47e5-bfe4-5a31d62fb174@group-6F0440E6B503-LeaderElection105: begin an election at term 1 for -1: [5cf495c0-ae69-47e5-bfe4-5a31d62fb174:192.168.30.52:45414, c4a6d2bd-b98c-408d-8a32-d605aee54c38:192.168.30.52:42741, 08f811c6-32d9-4092-8b3c-97e0c1fbe276:192.168.30.52:44559], old=null
2019-10-05 03:38:54,702 [grpc-default-executor-4] INFO  impl.RaftServerImpl (RaftServerImpl.java:setRole(170)) - c4a6d2bd-b98c-408d-8a32-d605aee54c38@group-6F0440E6B503: changes role from  FOLLOWER to FOLLOWER at term 1 for recognizeCandidate:5cf495c0-ae69-47e5-bfe4-5a31d62fb174
2019-10-05 03:38:54,702 [grpc-default-executor-1] INFO  impl.RaftServerImpl (RaftServerImpl.java:setRole(170)) - 08f811c6-32d9-4092-8b3c-97e0c1fbe276@group-6F0440E6B503: changes role from  FOLLOWER to FOLLOWER at term 1 for recognizeCandidate:5cf495c0-ae69-47e5-bfe4-5a31d62fb174
2019-10-05 03:38:54,702 [grpc-default-executor-4] INFO  impl.RoleInfo (RoleInfo.java:shutdownFollowerState(121)) - c4a6d2bd-b98c-408d-8a32-d605aee54c38: shutdown FollowerState
2019-10-05 03:38:54,702 [grpc-default-executor-1] INFO  impl.RoleInfo (RoleInfo.java:shutdownFollowerState(121)) - 08f811c6-32d9-4092-8b3c-97e0c1fbe276: shutdown FollowerState
2019-10-05 03:38:54,703 [grpc-default-executor-4] INFO  impl.RoleInfo (RoleInfo.java:updateAndGet(143)) - c4a6d2bd-b98c-408d-8a32-d605aee54c38: start FollowerState
2019-10-05 03:38:54,703 [grpc-default-executor-1] INFO  impl.RoleInfo (RoleInfo.java:updateAndGet(143)) - 08f811c6-32d9-4092-8b3c-97e0c1fbe276: start FollowerState
2019-10-05 03:38:54,703 [Thread-2428] INFO  impl.FollowerState (FollowerState.java:run(117)) - c4a6d2bd-b98c-408d-8a32-d605aee54c38@group-6F0440E6B503-FollowerState was interrupted: java.lang.InterruptedException: sleep interrupted
2019-10-05 03:38:54,703 [Thread-2431] INFO  impl.FollowerState (FollowerState.java:run(117)) - 08f811c6-32d9-4092-8b3c-97e0c1fbe276@group-6F0440E6B503-FollowerState was interrupted: java.lang.InterruptedException: sleep interrupted
2019-10-05 03:38:54,729 [c4a6d2bd-b98c-408d-8a32-d605aee54c38@group-6A100EDF0117-SegmentedRaftLogWorker] INFO  segmented.SegmentedRaftLogWorker (SegmentedRaftLogWorker.java:execute(574)) - c4a6d2bd-b98c-408d-8a32-d605aee54c38@group-6A100EDF0117-SegmentedRaftLogWorker: created new log segment /workdir/hadoop-ozone/integration-test/target/test-dir/MiniOzoneClusterImpl-488e3676-e8d2-4e8a-b095-27ca3829cd58/datanode-4/data/ratis/94cbfce9-d002-4264-8795-6a100edf0117/current/log_inprogress_0
2019-10-05 03:38:54,732 [5cf495c0-ae69-47e5-bfe4-5a31d62fb174@group-6F0440E6B503-LeaderElection105] INFO  impl.LeaderElection (LeaderElection.java:logAndReturn(56)) - 5cf495c0-ae69-47e5-bfe4-5a31d62fb174@group-6F0440E6B503-LeaderElection105: Election PASSED; received 1 response(s) [5cf495c0-ae69-47e5-bfe4-5a31d62fb174<-08f811c6-32d9-4092-8b3c-97e0c1fbe276#0:OK-t1] and 0 exception(s); 5cf495c0-ae69-47e5-bfe4-5a31d62fb174@group-6F0440E6B503:t1, leader=null, voted=5cf495c0-ae69-47e5-bfe4-5a31d62fb174, raftlog=5cf495c0-ae69-47e5-bfe4-5a31d62fb174@group-6F0440E6B503-SegmentedRaftLog:OPENED:c-1,f-1,i0, conf=-1: [5cf495c0-ae69-47e5-bfe4-5a31d62fb174:192.168.30.52:45414, c4a6d2bd-b98c-408d-8a32-d605aee54c38:192.168.30.52:42741, 08f811c6-32d9-4092-8b3c-97e0c1fbe276:192.168.30.52:44559], old=null
2019-10-05 03:38:54,732 [5cf495c0-ae69-47e5-bfe4-5a31d62fb174@group-6F0440E6B503-LeaderElection105] INFO  impl.RoleInfo (RoleInfo.java:shutdownLeaderElection(134)) - 5cf495c0-ae69-47e5-bfe4-5a31d62fb174: shutdown LeaderElection
2019-10-05 03:38:54,732 [5cf495c0-ae69-47e5-bfe4-5a31d62fb174@group-6F0440E6B503-LeaderElection105] INFO  impl.RaftServerImpl (RaftServerImpl.java:setRole(170)) - 5cf495c0-ae69-47e5-bfe4-5a31d62fb174@group-6F0440E6B503: changes role from CANDIDATE to LEADER at term 1 for changeToLeader
2019-10-05 03:38:54,732 [5cf495c0-ae69-47e5-bfe4-5a31d62fb174@group-6F0440E6B503-LeaderElection105] INFO  impl.RaftServerImpl (ServerState.java:setLeader(255)) - 5cf495c0-ae69-47e5-bfe4-5a31d62fb174@group-6F0440E6B503: change Leader from null to 5cf495c0-ae69-47e5-bfe4-5a31d62fb174 at term 1 for becomeLeader, leader elected after 5125ms
2019-10-05 03:38:54,732 [5cf495c0-ae69-47e5-bfe4-5a31d62fb174@group-6F0440E6B503-LeaderElection105] INFO  server.RaftServerConfigKeys (ConfUtils.java:logGet(43)) - raft.server.staging.catchup.gap = 1000 (default)
2019-10-05 03:38:54,733 [5cf495c0-ae69-47e5-bfe4-5a31d62fb174@group-6F0440E6B503-LeaderElection105] INFO  server.RaftServerConfigKeys (ConfUtils.java:logGet(43)) - raft.server.rpc.sleep.time = 25ms (default)
2019-10-05 03:38:54,733 [5cf495c0-ae69-47e5-bfe4-5a31d62fb174@group-6F0440E6B503-LeaderElection105] INFO  server.RaftServerConfigKeys (ConfUtils.java:logGet(43)) - raft.server.write.element-limit = 4096 (default)
2019-10-05 03:38:54,733 [5cf495c0-ae69-47e5-bfe4-5a31d62fb174@group-6F0440E6B503-LeaderElection105] INFO  server.RaftServerConfigKeys (ConfUtils.java:logGet(43)) - raft.server.watch.timeout = 10s (default)
2019-10-05 03:38:54,733 [5cf495c0-ae69-47e5-bfe4-5a31d62fb174@group-6F0440E6B503-LeaderElection105] INFO  server.RaftServerConfigKeys (ConfUtils.java:logGet(43)) - raft.server.watch.timeout.denomination = 1s (default)
2019-10-05 03:38:54,733 [5cf495c0-ae69-47e5-bfe4-5a31d62fb174@group-6F0440E6B503-LeaderElection105] INFO  server.RaftServerConfigKeys (ConfUtils.java:logGet(43)) - raft.server.watch.element-limit = 65536 (default)
2019-10-05 03:38:54,735 [5cf495c0-ae69-47e5-bfe4-5a31d62fb174@group-6F0440E6B503-LeaderElection105] INFO  server.RaftServerConfigKeys (ConfUtils.java:logGet(43)) - raft.server.log.appender.snapshot.chunk.size.max = 16MB (=16777216) (default)
2019-10-05 03:38:54,735 [5cf495c0-ae69-47e5-bfe4-5a31d62fb174@group-6F0440E6B503-LeaderElection105] INFO  server.RaftServerConfigKeys (ConfUtils.java:logGet(43)) - raft.server.log.appender.buffer.byte-limit = 33554432 (custom)
2019-10-05 03:38:54,735 [5cf495c0-ae69-47e5-bfe4-5a31d62fb174@group-6F0440E6B503-LeaderElection105] INFO  server.RaftServerConfigKeys (ConfUtils.java:logGet(43)) - raft.server.log.appender.buffer.element-limit = 1 (custom)
2019-10-05 03:38:54,736 [5cf495c0-ae69-47e5-bfe4-5a31d62fb174@group-6F0440E6B503-LeaderElection105] INFO  grpc.GrpcConfigKeys$Server (ConfUtils.java:logGet(43)) - raft.grpc.server.leader.outstanding.appends.max = 128 (default)
2019-10-05 03:38:54,736 [5cf495c0-ae69-47e5-bfe4-5a31d62fb174@group-6F0440E6B503-LeaderElection105] INFO  server.RaftServerConfigKeys (ConfUtils.java:logGet(43)) - raft.server.rpc.request.timeout = 3000ms (default)
2019-10-05 03:38:54,736 [5cf495c0-ae69-47e5-bfe4-5a31d62fb174@group-6F0440E6B503-LeaderElection105] INFO  server.RaftServerConfigKeys (ConfUtils.java:logGet(43)) - raft.server.log.appender.install.snapshot.enabled = false (custom)
2019-10-05 03:38:54,736 [5cf495c0-ae69-47e5-bfe4-5a31d62fb174@group-6F0440E6B503-LeaderElection105] INFO  server.RaftServerConfigKeys (ConfUtils.java:logGet(43)) - raft.server.log.appender.snapshot.chunk.size.max = 16MB (=16777216) (default)
2019-10-05 03:38:54,736 [5cf495c0-ae69-47e5-bfe4-5a31d62fb174@group-6F0440E6B503-LeaderElection105] INFO  server.RaftServerConfigKeys (ConfUtils.java:logGet(43)) - raft.server.log.appender.buffer.byte-limit = 33554432 (custom)
2019-10-05 03:38:54,737 [5cf495c0-ae69-47e5-bfe4-5a31d62fb174@group-6F0440E6B503-LeaderElection105] INFO  server.RaftServerConfigKeys (ConfUtils.java:logGet(43)) - raft.server.log.appender.buffer.element-limit = 1 (custom)
2019-10-05 03:38:54,737 [5cf495c0-ae69-47e5-bfe4-5a31d62fb174@group-6F0440E6B503-LeaderElection105] INFO  grpc.GrpcConfigKeys$Server (ConfUtils.java:logGet(43)) - raft.grpc.server.leader.outstanding.appends.max = 128 (default)
2019-10-05 03:38:54,737 [5cf495c0-ae69-47e5-bfe4-5a31d62fb174@group-6F0440E6B503-LeaderElection105] INFO  server.RaftServerConfigKeys (ConfUtils.java:logGet(43)) - raft.server.rpc.request.timeout = 3000ms (default)
2019-10-05 03:38:54,737 [5cf495c0-ae69-47e5-bfe4-5a31d62fb174@group-6F0440E6B503-LeaderElection105] INFO  server.RaftServerConfigKeys (ConfUtils.java:logGet(43)) - raft.server.log.appender.install.snapshot.enabled = false (custom)
2019-10-05 03:38:54,737 [5cf495c0-ae69-47e5-bfe4-5a31d62fb174@group-6F0440E6B503-LeaderElection105] INFO  impl.RoleInfo (RoleInfo.java:updateAndGet(143)) - 5cf495c0-ae69-47e5-bfe4-5a31d62fb174: start LeaderState
2019-10-05 03:38:54,737 [5cf495c0-ae69-47e5-bfe4-5a31d62fb174@group-6F0440E6B503-LeaderElection105] INFO  segmented.SegmentedRaftLogWorker (SegmentedRaftLogWorker.java:startLogSegment(385)) - 5cf495c0-ae69-47e5-bfe4-5a31d62fb174@group-6F0440E6B503-SegmentedRaftLogWorker: Starting segment from index:0
2019-10-05 03:38:54,738 [5cf495c0-ae69-47e5-bfe4-5a31d62fb174@group-6F0440E6B503-LeaderElection105] INFO  impl.RaftServerImpl (ServerState.java:setRaftConf(356)) - 5cf495c0-ae69-47e5-bfe4-5a31d62fb174@group-6F0440E6B503: set configuration 0: [5cf495c0-ae69-47e5-bfe4-5a31d62fb174:192.168.30.52:45414, c4a6d2bd-b98c-408d-8a32-d605aee54c38:192.168.30.52:42741, 08f811c6-32d9-4092-8b3c-97e0c1fbe276:192.168.30.52:44559], old=null at 0
2019-10-05 03:38:54,778 [grpc-default-executor-1] INFO  impl.RaftServerImpl (ServerState.java:setLeader(255)) - c4a6d2bd-b98c-408d-8a32-d605aee54c38@group-6F0440E6B503: change Leader from null to 5cf495c0-ae69-47e5-bfe4-5a31d62fb174 at term 1 for appendEntries, leader elected after 5170ms
2019-10-05 03:38:54,779 [grpc-default-executor-1] INFO  impl.RaftServerImpl (ServerState.java:setLeader(255)) - 08f811c6-32d9-4092-8b3c-97e0c1fbe276@group-6F0440E6B503: change Leader from null to 5cf495c0-ae69-47e5-bfe4-5a31d62fb174 at term 1 for appendEntries, leader elected after 5172ms
2019-10-05 03:38:54,782 [grpc-default-executor-4] INFO  impl.RaftServerImpl (ServerState.java:setRaftConf(356)) - c4a6d2bd-b98c-408d-8a32-d605aee54c38@group-6F0440E6B503: set configuration 0: [5cf495c0-ae69-47e5-bfe4-5a31d62fb174:192.168.30.52:45414, c4a6d2bd-b98c-408d-8a32-d605aee54c38:192.168.30.52:42741, 08f811c6-32d9-4092-8b3c-97e0c1fbe276:192.168.30.52:44559], old=null at 0
2019-10-05 03:38:54,783 [grpc-default-executor-4] INFO  segmented.SegmentedRaftLogWorker (SegmentedRaftLogWorker.java:startLogSegment(385)) - c4a6d2bd-b98c-408d-8a32-d605aee54c38@group-6F0440E6B503-SegmentedRaftLogWorker: Starting segment from index:0
2019-10-05 03:38:54,784 [grpc-default-executor-3] INFO  impl.RaftServerImpl (ServerState.java:setRaftConf(356)) - 08f811c6-32d9-4092-8b3c-97e0c1fbe276@group-6F0440E6B503: set configuration 0: [5cf495c0-ae69-47e5-bfe4-5a31d62fb174:192.168.30.52:45414, c4a6d2bd-b98c-408d-8a32-d605aee54c38:192.168.30.52:42741, 08f811c6-32d9-4092-8b3c-97e0c1fbe276:192.168.30.52:44559], old=null at 0
2019-10-05 03:38:54,784 [grpc-default-executor-3] INFO  segmented.SegmentedRaftLogWorker (SegmentedRaftLogWorker.java:startLogSegment(385)) - 08f811c6-32d9-4092-8b3c-97e0c1fbe276@group-6F0440E6B503-SegmentedRaftLogWorker: Starting segment from index:0
2019-10-05 03:38:54,791 [5cf495c0-ae69-47e5-bfe4-5a31d62fb174@group-6F0440E6B503-SegmentedRaftLogWorker] INFO  segmented.SegmentedRaftLogWorker (SegmentedRaftLogWorker.java:execute(574)) - 5cf495c0-ae69-47e5-bfe4-5a31d62fb174@group-6F0440E6B503-SegmentedRaftLogWorker: created new log segment /workdir/hadoop-ozone/integration-test/target/test-dir/MiniOzoneClusterImpl-488e3676-e8d2-4e8a-b095-27ca3829cd58/datanode-6/data/ratis/0abfd58c-9f73-4772-a9f5-6f0440e6b503/current/log_inprogress_0
2019-10-05 03:38:54,845 [c4a6d2bd-b98c-408d-8a32-d605aee54c38@group-6F0440E6B503-SegmentedRaftLogWorker] INFO  segmented.SegmentedRaftLogWorker (SegmentedRaftLogWorker.java:execute(574)) - c4a6d2bd-b98c-408d-8a32-d605aee54c38@group-6F0440E6B503-SegmentedRaftLogWorker: created new log segment /workdir/hadoop-ozone/integration-test/target/test-dir/MiniOzoneClusterImpl-488e3676-e8d2-4e8a-b095-27ca3829cd58/datanode-4/data/ratis/0abfd58c-9f73-4772-a9f5-6f0440e6b503/current/log_inprogress_0
2019-10-05 03:38:54,846 [08f811c6-32d9-4092-8b3c-97e0c1fbe276@group-6F0440E6B503-SegmentedRaftLogWorker] INFO  segmented.SegmentedRaftLogWorker (SegmentedRaftLogWorker.java:execute(574)) - 08f811c6-32d9-4092-8b3c-97e0c1fbe276@group-6F0440E6B503-SegmentedRaftLogWorker: created new log segment /workdir/hadoop-ozone/integration-test/target/test-dir/MiniOzoneClusterImpl-488e3676-e8d2-4e8a-b095-27ca3829cd58/datanode-5/data/ratis/0abfd58c-9f73-4772-a9f5-6f0440e6b503/current/log_inprogress_0
2019-10-05 03:38:56,293 [Datanode State Machine Thread - 0] INFO  statemachine.DatanodeStateMachine (DatanodeStateMachine.java:lambda$startDaemon$0(350)) - Ozone container server started.
2019-10-05 03:39:00,310 [main] INFO  ozoneimpl.OzoneContainer (OzoneContainer.java:stop(231)) - Attempting to stop container services.
2019-10-05 03:39:00,312 [main] INFO  impl.RaftServerProxy (RaftServerProxy.java:lambda$close$4(314)) - a8af7fda-8374-44be-a4b2-6d310b3e0e31: close
2019-10-05 03:39:00,314 [main] INFO  impl.RaftServerImpl (RaftServerImpl.java:lambda$shutdown$3(247)) - a8af7fda-8374-44be-a4b2-6d310b3e0e31@group-15FC385F2732: shutdown
2019-10-05 03:39:00,314 [ForkJoinPool.commonPool-worker-0] INFO  impl.RaftServerImpl (RaftServerImpl.java:lambda$shutdown$3(247)) - a8af7fda-8374-44be-a4b2-6d310b3e0e31@group-D7189323903B: shutdown
2019-10-05 03:39:00,314 [main] INFO  util.JmxRegister (JmxRegister.java:unregister(73)) - Successfully un-registered JMX Bean with object name Ratis:service=RaftServer,group=group-15FC385F2732,id=a8af7fda-8374-44be-a4b2-6d310b3e0e31
2019-10-05 03:39:00,314 [ForkJoinPool.commonPool-worker-0] INFO  util.JmxRegister (JmxRegister.java:unregister(73)) - Successfully un-registered JMX Bean with object name Ratis:service=RaftServer,group=group-D7189323903B,id=a8af7fda-8374-44be-a4b2-6d310b3e0e31
2019-10-05 03:39:00,315 [main] INFO  impl.RoleInfo (RoleInfo.java:shutdownLeaderState(104)) - a8af7fda-8374-44be-a4b2-6d310b3e0e31: shutdown LeaderState
2019-10-05 03:39:00,315 [ForkJoinPool.commonPool-worker-0] INFO  impl.RoleInfo (RoleInfo.java:shutdownLeaderState(104)) - a8af7fda-8374-44be-a4b2-6d310b3e0e31: shutdown LeaderState
2019-10-05 03:39:00,316 [main] INFO  impl.PendingRequests (PendingRequests.java:sendNotLeaderResponses(202)) - a8af7fda-8374-44be-a4b2-6d310b3e0e31@group-15FC385F2732-PendingRequests: sendNotLeaderResponses
2019-10-05 03:39:00,321 [org.apache.ratis.server.impl.LogAppender$AppenderDaemon$$Lambda$538/1271321905@134f728] WARN  server.GrpcLogAppender (GrpcLogAppender.java:mayWait(143)) - a8af7fda-8374-44be-a4b2-6d310b3e0e31@group-D7189323903B->7dc33f28-0aa5-4ace-bfb8-59fc37fda62f-GrpcLogAppender: Wait interrupted by java.lang.InterruptedException
2019-10-05 03:39:00,321 [org.apache.ratis.server.impl.LogAppender$AppenderDaemon$$Lambda$538/1271321905@3f91a66e] WARN  server.GrpcLogAppender (GrpcLogAppender.java:mayWait(143)) - a8af7fda-8374-44be-a4b2-6d310b3e0e31@group-D7189323903B->e0b36003-af5c-4ac6-a9db-e5286e4b95fb-GrpcLogAppender: Wait interrupted by java.lang.InterruptedException
2019-10-05 03:39:00,321 [ForkJoinPool.commonPool-worker-0] INFO  impl.PendingRequests (PendingRequests.java:sendNotLeaderResponses(202)) - a8af7fda-8374-44be-a4b2-6d310b3e0e31@group-D7189323903B-PendingRequests: sendNotLeaderResponses
2019-10-05 03:39:00,322 [main] INFO  impl.StateMachineUpdater (StateMachineUpdater.java:stopAndJoin(136)) - a8af7fda-8374-44be-a4b2-6d310b3e0e31@group-15FC385F2732-StateMachineUpdater: set stopIndex = 0
2019-10-05 03:39:00,330 [grpc-default-executor-3] INFO  server.GrpcServerProtocolService (GrpcServerProtocolService.java:onCompleted(113)) - e0b36003-af5c-4ac6-a9db-e5286e4b95fb: Completed APPEND_ENTRIES, lastRequest: a8af7fda-8374-44be-a4b2-6d310b3e0e31->e0b36003-af5c-4ac6-a9db-e5286e4b95fb#5-t1, previous=(t:1, i:2), leaderCommit=2, initializing? false, entries: <empty>
2019-10-05 03:39:00,330 [grpc-default-executor-4] INFO  server.GrpcServerProtocolService (GrpcServerProtocolService.java:onCompleted(113)) - 7dc33f28-0aa5-4ace-bfb8-59fc37fda62f: Completed APPEND_ENTRIES, lastRequest: a8af7fda-8374-44be-a4b2-6d310b3e0e31->7dc33f28-0aa5-4ace-bfb8-59fc37fda62f#5-t1, previous=(t:1, i:2), leaderCommit=2, initializing? false, entries: <empty>
2019-10-05 03:39:00,331 [a8af7fda-8374-44be-a4b2-6d310b3e0e31@group-D7189323903B-StateMachineUpdater] INFO  ratis.ContainerStateMachine (ContainerStateMachine.java:takeSnapshot(294)) - group-D7189323903B: Taking a snapshot at:(t:1, i:2) file /workdir/hadoop-ozone/integration-test/target/test-dir/MiniOzoneClusterImpl-488e3676-e8d2-4e8a-b095-27ca3829cd58/datanode-0/data/ratis/6bff583e-f9ed-4986-a4d0-d7189323903b/sm/snapshot.1_2
2019-10-05 03:39:00,331 [ForkJoinPool.commonPool-worker-0] INFO  impl.StateMachineUpdater (StateMachineUpdater.java:stopAndJoin(136)) - a8af7fda-8374-44be-a4b2-6d310b3e0e31@group-D7189323903B-StateMachineUpdater: set stopIndex = 2
2019-10-05 03:39:00,331 [main] INFO  impl.RaftServerImpl (ServerState.java:close(387)) - a8af7fda-8374-44be-a4b2-6d310b3e0e31@group-15FC385F2732: closes. applyIndex: 0
2019-10-05 03:39:00,332 [grpc-default-executor-3] INFO  server.GrpcLogAppender (GrpcLogAppender.java:onCompleted(293)) - a8af7fda-8374-44be-a4b2-6d310b3e0e31@group-D7189323903B->7dc33f28-0aa5-4ace-bfb8-59fc37fda62f-AppendLogResponseHandler: follower responses appendEntries COMPLETED
2019-10-05 03:39:00,331 [grpc-default-executor-4] INFO  server.GrpcLogAppender (GrpcLogAppender.java:onCompleted(293)) - a8af7fda-8374-44be-a4b2-6d310b3e0e31@group-D7189323903B->e0b36003-af5c-4ac6-a9db-e5286e4b95fb-AppendLogResponseHandler: follower responses appendEntries COMPLETED
2019-10-05 03:39:00,332 [a8af7fda-8374-44be-a4b2-6d310b3e0e31@group-15FC385F2732-SegmentedRaftLogWorker] INFO  segmented.SegmentedRaftLogWorker (SegmentedRaftLogWorker.java:run(316)) - a8af7fda-8374-44be-a4b2-6d310b3e0e31@group-15FC385F2732-SegmentedRaftLogWorker was interrupted, exiting. There are 0 tasks remaining in the queue.
2019-10-05 03:39:00,335 [main] INFO  segmented.SegmentedRaftLogWorker (SegmentedRaftLogWorker.java:close(224)) - a8af7fda-8374-44be-a4b2-6d310b3e0e31@group-15FC385F2732-SegmentedRaftLogWorker close()
2019-10-05 03:39:00,350 [grpc-default-executor-3] INFO  impl.FollowerInfo (FollowerInfo.java:lambda$new$0(51)) - a8af7fda-8374-44be-a4b2-6d310b3e0e31@group-D7189323903B->7dc33f28-0aa5-4ace-bfb8-59fc37fda62f: nextIndex: updateUnconditionally 3 -> 2
2019-10-05 03:39:00,350 [grpc-default-executor-4] INFO  impl.FollowerInfo (FollowerInfo.java:lambda$new$0(51)) - a8af7fda-8374-44be-a4b2-6d310b3e0e31@group-D7189323903B->e0b36003-af5c-4ac6-a9db-e5286e4b95fb: nextIndex: updateUnconditionally 3 -> 2
2019-10-05 03:39:00,354 [a8af7fda-8374-44be-a4b2-6d310b3e0e31@group-D7189323903B-StateMachineUpdater] INFO  ratis.ContainerStateMachine (ContainerStateMachine.java:takeSnapshot(305)) - group-D7189323903B: Finished taking a snapshot at:(t:1, i:2) file:/workdir/hadoop-ozone/integration-test/target/test-dir/MiniOzoneClusterImpl-488e3676-e8d2-4e8a-b095-27ca3829cd58/datanode-0/data/ratis/6bff583e-f9ed-4986-a4d0-d7189323903b/sm/snapshot.1_2 time:23
2019-10-05 03:39:00,355 [a8af7fda-8374-44be-a4b2-6d310b3e0e31@group-D7189323903B-StateMachineUpdater] INFO  impl.StateMachineUpdater (StateMachineUpdater.java:takeSnapshot(269)) - a8af7fda-8374-44be-a4b2-6d310b3e0e31@group-D7189323903B-StateMachineUpdater: Took a snapshot at index 2
2019-10-05 03:39:00,355 [a8af7fda-8374-44be-a4b2-6d310b3e0e31@group-D7189323903B-StateMachineUpdater] INFO  impl.StateMachineUpdater (StateMachineUpdater.java:lambda$new$0(84)) - a8af7fda-8374-44be-a4b2-6d310b3e0e31@group-D7189323903B-StateMachineUpdater: snapshotIndex: updateIncreasingly -1 -> 2
2019-10-05 03:39:00,355 [ForkJoinPool.commonPool-worker-0] INFO  impl.RaftServerImpl (ServerState.java:close(387)) - a8af7fda-8374-44be-a4b2-6d310b3e0e31@group-D7189323903B: closes. applyIndex: 2
2019-10-05 03:39:00,356 [a8af7fda-8374-44be-a4b2-6d310b3e0e31@group-D7189323903B-SegmentedRaftLogWorker] INFO  segmented.SegmentedRaftLogWorker (SegmentedRaftLogWorker.java:run(316)) - a8af7fda-8374-44be-a4b2-6d310b3e0e31@group-D7189323903B-SegmentedRaftLogWorker was interrupted, exiting. There are 0 tasks remaining in the queue.
2019-10-05 03:39:00,356 [ForkJoinPool.commonPool-worker-0] INFO  segmented.SegmentedRaftLogWorker (SegmentedRaftLogWorker.java:close(224)) - a8af7fda-8374-44be-a4b2-6d310b3e0e31@group-D7189323903B-SegmentedRaftLogWorker close()
2019-10-05 03:39:00,359 [main] INFO  server.GrpcService (GrpcService.java:closeImpl(164)) - a8af7fda-8374-44be-a4b2-6d310b3e0e31: shutdown server with port 39680 now
2019-10-05 03:39:00,360 [main] INFO  server.GrpcService (GrpcService.java:closeImpl(172)) - a8af7fda-8374-44be-a4b2-6d310b3e0e31: shutdown server with port 39680 successfully
2019-10-05 03:39:00,366 [refreshUsed-/workdir/hadoop-ozone/integration-test/target/test-dir/MiniOzoneClusterImpl-488e3676-e8d2-4e8a-b095-27ca3829cd58/datanode-0/data/containers] WARN  fs.CachingGetSpaceUsed (CachingGetSpaceUsed.java:run(183)) - Thread Interrupted waiting to refresh disk information: sleep interrupted
2019-10-05 03:39:00,385 [main] INFO  utils.BackgroundService (BackgroundService.java:shutdown(148)) - Shutting down service BlockDeletingService
2019-10-05 03:39:00,392 [main] INFO  statemachine.DatanodeStateMachine (DatanodeStateMachine.java:stopDaemon(395)) - Ozone container server stopped.
2019-10-05 03:39:00,394 [main] INFO  handler.ContextHandler (ContextHandler.java:doStop(910)) - Stopped o.e.j.w.WebAppContext@6b2fdffc{/,null,UNAVAILABLE}{/hddsDatanode}
2019-10-05 03:39:00,395 [main] INFO  server.AbstractConnector (AbstractConnector.java:doStop(318)) - Stopped ServerConnector@2ca3d826{HTTP/1.1,[http/1.1]}{0.0.0.0:0}
2019-10-05 03:39:00,395 [main] INFO  handler.ContextHandler (ContextHandler.java:doStop(910)) - Stopped o.e.j.s.ServletContextHandler@4ef18604{/static,jar:file:/home/user/.m2/repository/org/apache/hadoop/hadoop-hdds-container-service/0.5.0-SNAPSHOT/hadoop-hdds-container-service-0.5.0-SNAPSHOT.jar!/webapps/static,UNAVAILABLE}
2019-10-05 03:39:00,396 [main] INFO  handler.ContextHandler (ContextHandler.java:doStop(910)) - Stopped o.e.j.s.ServletContextHandler@48cd319d{/logs,file:///workdir/hadoop-ozone/integration-test/target/log,UNAVAILABLE}
2019-10-05 03:39:09,643 [Thread-2455] INFO  impl.FollowerState (FollowerState.java:run(108)) - e0b36003-af5c-4ac6-a9db-e5286e4b95fb@group-D7189323903B-FollowerState: change to CANDIDATE, lastRpcTime:9841ms, electionTimeout:5080ms
2019-10-05 03:39:09,644 [Thread-2455] INFO  impl.RoleInfo (RoleInfo.java:shutdownFollowerState(121)) - e0b36003-af5c-4ac6-a9db-e5286e4b95fb: shutdown FollowerState
2019-10-05 03:39:09,644 [Thread-2455] INFO  impl.RaftServerImpl (RaftServerImpl.java:setRole(170)) - e0b36003-af5c-4ac6-a9db-e5286e4b95fb@group-D7189323903B: changes role from  FOLLOWER to CANDIDATE at term 1 for changeToCandidate
2019-10-05 03:39:09,644 [Thread-2455] INFO  impl.RoleInfo (RoleInfo.java:updateAndGet(143)) - e0b36003-af5c-4ac6-a9db-e5286e4b95fb: start LeaderElection
2019-10-05 03:39:09,647 [e0b36003-af5c-4ac6-a9db-e5286e4b95fb@group-D7189323903B-LeaderElection106] INFO  impl.RaftServerImpl (ServerState.java:setLeader(255)) - e0b36003-af5c-4ac6-a9db-e5286e4b95fb@group-D7189323903B: change Leader from a8af7fda-8374-44be-a4b2-6d310b3e0e31 to null at term 1 for initElection
2019-10-05 03:39:09,662 [e0b36003-af5c-4ac6-a9db-e5286e4b95fb@group-D7189323903B-LeaderElection106] INFO  impl.LeaderElection (LeaderElection.java:askForVotes(178)) - e0b36003-af5c-4ac6-a9db-e5286e4b95fb@group-D7189323903B-LeaderElection106: begin an election at term 2 for 0: [7dc33f28-0aa5-4ace-bfb8-59fc37fda62f:192.168.30.52:34930, a8af7fda-8374-44be-a4b2-6d310b3e0e31:192.168.30.52:39680, e0b36003-af5c-4ac6-a9db-e5286e4b95fb:192.168.30.52:45949], old=null
2019-10-05 03:39:09,665 [e0b36003-af5c-4ac6-a9db-e5286e4b95fb@group-D7189323903B-LeaderElection106] INFO  impl.LeaderElection (LogUtils.java:infoOrTrace(149)) - e0b36003-af5c-4ac6-a9db-e5286e4b95fb@group-D7189323903B-LeaderElection106 got exception when requesting votes: {}
java.util.concurrent.ExecutionException: org.apache.ratis.thirdparty.io.grpc.StatusRuntimeException: UNAVAILABLE: io exception
	at java.util.concurrent.FutureTask.report(FutureTask.java:122)
	at java.util.concurrent.FutureTask.get(FutureTask.java:192)
	at org.apache.ratis.server.impl.LeaderElection.waitForResults(LeaderElection.java:259)
	at org.apache.ratis.server.impl.LeaderElection.askForVotes(LeaderElection.java:197)
	at org.apache.ratis.server.impl.LeaderElection.run(LeaderElection.java:133)
	at java.lang.Thread.run(Thread.java:748)
Caused by: org.apache.ratis.thirdparty.io.grpc.StatusRuntimeException: UNAVAILABLE: io exception
	at org.apache.ratis.thirdparty.io.grpc.stub.ClientCalls.toStatusRuntimeException(ClientCalls.java:233)
	at org.apache.ratis.thirdparty.io.grpc.stub.ClientCalls.getUnchecked(ClientCalls.java:214)
	at org.apache.ratis.thirdparty.io.grpc.stub.ClientCalls.blockingUnaryCall(ClientCalls.java:139)
	at org.apache.ratis.proto.grpc.RaftServerProtocolServiceGrpc$RaftServerProtocolServiceBlockingStub.requestVote(RaftServerProtocolServiceGrpc.java:265)
	at org.apache.ratis.grpc.server.GrpcServerProtocolClient.requestVote(GrpcServerProtocolClient.java:99)
	at org.apache.ratis.grpc.server.GrpcService.requestVote(GrpcService.java:204)
	at org.apache.ratis.server.impl.LeaderElection.lambda$submitRequests$1(LeaderElection.java:234)
	at java.util.concurrent.FutureTask.run(FutureTask.java:266)
	at java.util.concurrent.Executors$RunnableAdapter.call(Executors.java:511)
	at java.util.concurrent.FutureTask.run(FutureTask.java:266)
	at java.util.concurrent.ThreadPoolExecutor.runWorker(ThreadPoolExecutor.java:1149)
	at java.util.concurrent.ThreadPoolExecutor$Worker.run(ThreadPoolExecutor.java:624)
	... 1 more
Caused by: org.apache.ratis.thirdparty.io.netty.channel.AbstractChannel$AnnotatedConnectException: Connection refused: /192.168.30.52:39680
	at sun.nio.ch.SocketChannelImpl.checkConnect(Native Method)
	at sun.nio.ch.SocketChannelImpl.finishConnect(SocketChannelImpl.java:717)
	at org.apache.ratis.thirdparty.io.netty.channel.socket.nio.NioSocketChannel.doFinishConnect(NioSocketChannel.java:327)
	at org.apache.ratis.thirdparty.io.netty.channel.nio.AbstractNioChannel$AbstractNioUnsafe.finishConnect(AbstractNioChannel.java:340)
	at org.apache.ratis.thirdparty.io.netty.channel.nio.NioEventLoop.processSelectedKey(NioEventLoop.java:632)
	at org.apache.ratis.thirdparty.io.netty.channel.nio.NioEventLoop.processSelectedKeysOptimized(NioEventLoop.java:579)
	at org.apache.ratis.thirdparty.io.netty.channel.nio.NioEventLoop.processSelectedKeys(NioEventLoop.java:496)
	at org.apache.ratis.thirdparty.io.netty.channel.nio.NioEventLoop.run(NioEventLoop.java:458)
	at org.apache.ratis.thirdparty.io.netty.util.concurrent.SingleThreadEventExecutor$5.run(SingleThreadEventExecutor.java:897)
	at org.apache.ratis.thirdparty.io.netty.util.concurrent.FastThreadLocalRunnable.run(FastThreadLocalRunnable.java:30)
	... 1 more
Caused by: java.net.ConnectException: Connection refused
	... 11 more
2019-10-05 03:39:09,666 [grpc-default-executor-1] INFO  impl.RaftServerImpl (ServerState.java:setLeader(255)) - 7dc33f28-0aa5-4ace-bfb8-59fc37fda62f@group-D7189323903B: change Leader from a8af7fda-8374-44be-a4b2-6d310b3e0e31 to null at term 2 for updateCurrentTerm
2019-10-05 03:39:09,667 [grpc-default-executor-1] INFO  impl.RaftServerImpl (RaftServerImpl.java:setRole(170)) - 7dc33f28-0aa5-4ace-bfb8-59fc37fda62f@group-D7189323903B: changes role from  FOLLOWER to FOLLOWER at term 2 for recognizeCandidate:e0b36003-af5c-4ac6-a9db-e5286e4b95fb
2019-10-05 03:39:09,667 [grpc-default-executor-1] INFO  impl.RoleInfo (RoleInfo.java:shutdownFollowerState(121)) - 7dc33f28-0aa5-4ace-bfb8-59fc37fda62f: shutdown FollowerState
2019-10-05 03:39:09,667 [grpc-default-executor-1] INFO  impl.RoleInfo (RoleInfo.java:updateAndGet(143)) - 7dc33f28-0aa5-4ace-bfb8-59fc37fda62f: start FollowerState
2019-10-05 03:39:09,667 [Thread-2459] INFO  impl.FollowerState (FollowerState.java:run(117)) - 7dc33f28-0aa5-4ace-bfb8-59fc37fda62f@group-D7189323903B-FollowerState was interrupted: java.lang.InterruptedException: sleep interrupted
2019-10-05 03:39:09,696 [e0b36003-af5c-4ac6-a9db-e5286e4b95fb@group-D7189323903B-LeaderElection106] INFO  impl.LeaderElection (LeaderElection.java:logAndReturn(56)) - e0b36003-af5c-4ac6-a9db-e5286e4b95fb@group-D7189323903B-LeaderElection106: Election PASSED; received 1 response(s) [e0b36003-af5c-4ac6-a9db-e5286e4b95fb<-7dc33f28-0aa5-4ace-bfb8-59fc37fda62f#0:OK-t2] and 1 exception(s); e0b36003-af5c-4ac6-a9db-e5286e4b95fb@group-D7189323903B:t2, leader=null, voted=e0b36003-af5c-4ac6-a9db-e5286e4b95fb, raftlog=e0b36003-af5c-4ac6-a9db-e5286e4b95fb@group-D7189323903B-SegmentedRaftLog:OPENED:c2,f2,i2, conf=0: [7dc33f28-0aa5-4ace-bfb8-59fc37fda62f:192.168.30.52:34930, a8af7fda-8374-44be-a4b2-6d310b3e0e31:192.168.30.52:39680, e0b36003-af5c-4ac6-a9db-e5286e4b95fb:192.168.30.52:45949], old=null
2019-10-05 03:39:09,696 [e0b36003-af5c-4ac6-a9db-e5286e4b95fb@group-D7189323903B-LeaderElection106] INFO  impl.LeaderElection (LogUtils.java:infoOrTrace(149)) -   Exception 0: {}
java.util.concurrent.ExecutionException: org.apache.ratis.thirdparty.io.grpc.StatusRuntimeException: UNAVAILABLE: io exception
	at java.util.concurrent.FutureTask.report(FutureTask.java:122)
	at java.util.concurrent.FutureTask.get(FutureTask.java:192)
	at org.apache.ratis.server.impl.LeaderElection.waitForResults(LeaderElection.java:259)
	at org.apache.ratis.server.impl.LeaderElection.askForVotes(LeaderElection.java:197)
	at org.apache.ratis.server.impl.LeaderElection.run(LeaderElection.java:133)
	at java.lang.Thread.run(Thread.java:748)
Caused by: org.apache.ratis.thirdparty.io.grpc.StatusRuntimeException: UNAVAILABLE: io exception
	at org.apache.ratis.thirdparty.io.grpc.stub.ClientCalls.toStatusRuntimeException(ClientCalls.java:233)
	at org.apache.ratis.thirdparty.io.grpc.stub.ClientCalls.getUnchecked(ClientCalls.java:214)
	at org.apache.ratis.thirdparty.io.grpc.stub.ClientCalls.blockingUnaryCall(ClientCalls.java:139)
	at org.apache.ratis.proto.grpc.RaftServerProtocolServiceGrpc$RaftServerProtocolServiceBlockingStub.requestVote(RaftServerProtocolServiceGrpc.java:265)
	at org.apache.ratis.grpc.server.GrpcServerProtocolClient.requestVote(GrpcServerProtocolClient.java:99)
	at org.apache.ratis.grpc.server.GrpcService.requestVote(GrpcService.java:204)
	at org.apache.ratis.server.impl.LeaderElection.lambda$submitRequests$1(LeaderElection.java:234)
	at java.util.concurrent.FutureTask.run(FutureTask.java:266)
	at java.util.concurrent.Executors$RunnableAdapter.call(Executors.java:511)
	at java.util.concurrent.FutureTask.run(FutureTask.java:266)
	at java.util.concurrent.ThreadPoolExecutor.runWorker(ThreadPoolExecutor.java:1149)
	at java.util.concurrent.ThreadPoolExecutor$Worker.run(ThreadPoolExecutor.java:624)
	... 1 more
Caused by: org.apache.ratis.thirdparty.io.netty.channel.AbstractChannel$AnnotatedConnectException: Connection refused: /192.168.30.52:39680
	at sun.nio.ch.SocketChannelImpl.checkConnect(Native Method)
	at sun.nio.ch.SocketChannelImpl.finishConnect(SocketChannelImpl.java:717)
	at org.apache.ratis.thirdparty.io.netty.channel.socket.nio.NioSocketChannel.doFinishConnect(NioSocketChannel.java:327)
	at org.apache.ratis.thirdparty.io.netty.channel.nio.AbstractNioChannel$AbstractNioUnsafe.finishConnect(AbstractNioChannel.java:340)
	at org.apache.ratis.thirdparty.io.netty.channel.nio.NioEventLoop.processSelectedKey(NioEventLoop.java:632)
	at org.apache.ratis.thirdparty.io.netty.channel.nio.NioEventLoop.processSelectedKeysOptimized(NioEventLoop.java:579)
	at org.apache.ratis.thirdparty.io.netty.channel.nio.NioEventLoop.processSelectedKeys(NioEventLoop.java:496)
	at org.apache.ratis.thirdparty.io.netty.channel.nio.NioEventLoop.run(NioEventLoop.java:458)
	at org.apache.ratis.thirdparty.io.netty.util.concurrent.SingleThreadEventExecutor$5.run(SingleThreadEventExecutor.java:897)
	at org.apache.ratis.thirdparty.io.netty.util.concurrent.FastThreadLocalRunnable.run(FastThreadLocalRunnable.java:30)
	... 1 more
Caused by: java.net.ConnectException: Connection refused
	... 11 more
2019-10-05 03:39:09,697 [e0b36003-af5c-4ac6-a9db-e5286e4b95fb@group-D7189323903B-LeaderElection106] INFO  impl.RoleInfo (RoleInfo.java:shutdownLeaderElection(134)) - e0b36003-af5c-4ac6-a9db-e5286e4b95fb: shutdown LeaderElection
2019-10-05 03:39:09,697 [e0b36003-af5c-4ac6-a9db-e5286e4b95fb@group-D7189323903B-LeaderElection106] INFO  impl.RaftServerImpl (RaftServerImpl.java:setRole(170)) - e0b36003-af5c-4ac6-a9db-e5286e4b95fb@group-D7189323903B: changes role from CANDIDATE to LEADER at term 2 for changeToLeader
2019-10-05 03:39:09,697 [e0b36003-af5c-4ac6-a9db-e5286e4b95fb@group-D7189323903B-LeaderElection106] INFO  impl.RaftServerImpl (ServerState.java:setLeader(255)) - e0b36003-af5c-4ac6-a9db-e5286e4b95fb@group-D7189323903B: change Leader from null to e0b36003-af5c-4ac6-a9db-e5286e4b95fb at term 2 for becomeLeader, leader elected after 49ms
2019-10-05 03:39:09,697 [e0b36003-af5c-4ac6-a9db-e5286e4b95fb@group-D7189323903B-LeaderElection106] INFO  server.RaftServerConfigKeys (ConfUtils.java:logGet(43)) - raft.server.staging.catchup.gap = 1000 (default)
2019-10-05 03:39:09,698 [e0b36003-af5c-4ac6-a9db-e5286e4b95fb@group-D7189323903B-LeaderElection106] INFO  server.RaftServerConfigKeys (ConfUtils.java:logGet(43)) - raft.server.rpc.sleep.time = 25ms (default)
2019-10-05 03:39:09,698 [e0b36003-af5c-4ac6-a9db-e5286e4b95fb@group-D7189323903B-LeaderElection106] INFO  server.RaftServerConfigKeys (ConfUtils.java:logGet(43)) - raft.server.write.element-limit = 4096 (default)
2019-10-05 03:39:09,699 [e0b36003-af5c-4ac6-a9db-e5286e4b95fb@group-D7189323903B-LeaderElection106] INFO  server.RaftServerConfigKeys (ConfUtils.java:logGet(43)) - raft.server.watch.timeout = 10s (default)
2019-10-05 03:39:09,699 [e0b36003-af5c-4ac6-a9db-e5286e4b95fb@group-D7189323903B-LeaderElection106] INFO  server.RaftServerConfigKeys (ConfUtils.java:logGet(43)) - raft.server.watch.timeout.denomination = 1s (default)
2019-10-05 03:39:09,699 [e0b36003-af5c-4ac6-a9db-e5286e4b95fb@group-D7189323903B-LeaderElection106] INFO  server.RaftServerConfigKeys (ConfUtils.java:logGet(43)) - raft.server.watch.element-limit = 65536 (default)
2019-10-05 03:39:09,704 [e0b36003-af5c-4ac6-a9db-e5286e4b95fb@group-D7189323903B-LeaderElection106] INFO  server.RaftServerConfigKeys (ConfUtils.java:logGet(43)) - raft.server.log.appender.snapshot.chunk.size.max = 16MB (=16777216) (default)
2019-10-05 03:39:09,705 [e0b36003-af5c-4ac6-a9db-e5286e4b95fb@group-D7189323903B-LeaderElection106] INFO  server.RaftServerConfigKeys (ConfUtils.java:logGet(43)) - raft.server.log.appender.buffer.byte-limit = 33554432 (custom)
2019-10-05 03:39:09,705 [e0b36003-af5c-4ac6-a9db-e5286e4b95fb@group-D7189323903B-LeaderElection106] INFO  server.RaftServerConfigKeys (ConfUtils.java:logGet(43)) - raft.server.log.appender.buffer.element-limit = 1 (custom)
2019-10-05 03:39:09,705 [e0b36003-af5c-4ac6-a9db-e5286e4b95fb@group-D7189323903B-LeaderElection106] INFO  grpc.GrpcConfigKeys$Server (ConfUtils.java:logGet(43)) - raft.grpc.server.leader.outstanding.appends.max = 128 (default)
2019-10-05 03:39:09,706 [e0b36003-af5c-4ac6-a9db-e5286e4b95fb@group-D7189323903B-LeaderElection106] INFO  server.RaftServerConfigKeys (ConfUtils.java:logGet(43)) - raft.server.rpc.request.timeout = 3000ms (default)
2019-10-05 03:39:09,706 [e0b36003-af5c-4ac6-a9db-e5286e4b95fb@group-D7189323903B-LeaderElection106] INFO  server.RaftServerConfigKeys (ConfUtils.java:logGet(43)) - raft.server.log.appender.install.snapshot.enabled = false (custom)
2019-10-05 03:39:09,706 [e0b36003-af5c-4ac6-a9db-e5286e4b95fb@group-D7189323903B-LeaderElection106] INFO  server.RaftServerConfigKeys (ConfUtils.java:logGet(43)) - raft.server.log.appender.snapshot.chunk.size.max = 16MB (=16777216) (default)
2019-10-05 03:39:09,706 [e0b36003-af5c-4ac6-a9db-e5286e4b95fb@group-D7189323903B-LeaderElection106] INFO  server.RaftServerConfigKeys (ConfUtils.java:logGet(43)) - raft.server.log.appender.buffer.byte-limit = 33554432 (custom)
2019-10-05 03:39:09,707 [e0b36003-af5c-4ac6-a9db-e5286e4b95fb@group-D7189323903B-LeaderElection106] INFO  server.RaftServerConfigKeys (ConfUtils.java:logGet(43)) - raft.server.log.appender.buffer.element-limit = 1 (custom)
2019-10-05 03:39:09,707 [e0b36003-af5c-4ac6-a9db-e5286e4b95fb@group-D7189323903B-LeaderElection106] INFO  grpc.GrpcConfigKeys$Server (ConfUtils.java:logGet(43)) - raft.grpc.server.leader.outstanding.appends.max = 128 (default)
2019-10-05 03:39:09,707 [e0b36003-af5c-4ac6-a9db-e5286e4b95fb@group-D7189323903B-LeaderElection106] INFO  server.RaftServerConfigKeys (ConfUtils.java:logGet(43)) - raft.server.rpc.request.timeout = 3000ms (default)
2019-10-05 03:39:09,707 [e0b36003-af5c-4ac6-a9db-e5286e4b95fb@group-D7189323903B-LeaderElection106] INFO  server.RaftServerConfigKeys (ConfUtils.java:logGet(43)) - raft.server.log.appender.install.snapshot.enabled = false (custom)
2019-10-05 03:39:09,708 [e0b36003-af5c-4ac6-a9db-e5286e4b95fb@group-D7189323903B-LeaderElection106] INFO  impl.RoleInfo (RoleInfo.java:updateAndGet(143)) - e0b36003-af5c-4ac6-a9db-e5286e4b95fb: start LeaderState
2019-10-05 03:39:09,709 [e0b36003-af5c-4ac6-a9db-e5286e4b95fb@group-D7189323903B-LeaderElection106] INFO  segmented.SegmentedRaftLogWorker (SegmentedRaftLogWorker.java:rollLogSegment(390)) - e0b36003-af5c-4ac6-a9db-e5286e4b95fb@group-D7189323903B-SegmentedRaftLogWorker: Rolling segment log-0_2 to index:2
2019-10-05 03:39:09,711 [e0b36003-af5c-4ac6-a9db-e5286e4b95fb@group-D7189323903B-LeaderElection106] INFO  impl.RaftServerImpl (ServerState.java:setRaftConf(356)) - e0b36003-af5c-4ac6-a9db-e5286e4b95fb@group-D7189323903B: set configuration 3: [7dc33f28-0aa5-4ace-bfb8-59fc37fda62f:192.168.30.52:34930, a8af7fda-8374-44be-a4b2-6d310b3e0e31:192.168.30.52:39680, e0b36003-af5c-4ac6-a9db-e5286e4b95fb:192.168.30.52:45949], old=null at 3
2019-10-05 03:39:09,711 [e0b36003-af5c-4ac6-a9db-e5286e4b95fb@group-D7189323903B-SegmentedRaftLogWorker] INFO  segmented.SegmentedRaftLogWorker (SegmentedRaftLogWorker.java:execute(531)) - e0b36003-af5c-4ac6-a9db-e5286e4b95fb@group-D7189323903B-SegmentedRaftLogWorker: Rolled log segment from /workdir/hadoop-ozone/integration-test/target/test-dir/MiniOzoneClusterImpl-488e3676-e8d2-4e8a-b095-27ca3829cd58/datanode-2/data/ratis/6bff583e-f9ed-4986-a4d0-d7189323903b/current/log_inprogress_0 to /workdir/hadoop-ozone/integration-test/target/test-dir/MiniOzoneClusterImpl-488e3676-e8d2-4e8a-b095-27ca3829cd58/datanode-2/data/ratis/6bff583e-f9ed-4986-a4d0-d7189323903b/current/log_0-2
2019-10-05 03:39:09,711 [grpc-default-executor-1] WARN  server.GrpcLogAppender (LogUtils.java:warn(134)) - e0b36003-af5c-4ac6-a9db-e5286e4b95fb@group-D7189323903B->a8af7fda-8374-44be-a4b2-6d310b3e0e31-AppendLogResponseHandler: Failed appendEntries: org.apache.ratis.thirdparty.io.grpc.StatusRuntimeException: UNAVAILABLE: io exception
2019-10-05 03:39:09,712 [grpc-default-executor-1] INFO  impl.FollowerInfo (FollowerInfo.java:lambda$new$0(51)) - e0b36003-af5c-4ac6-a9db-e5286e4b95fb@group-D7189323903B->a8af7fda-8374-44be-a4b2-6d310b3e0e31: nextIndex: updateUnconditionally 3 -> 1
2019-10-05 03:39:09,712 [grpc-default-executor-1] INFO  impl.RaftServerImpl (ServerState.java:setLeader(255)) - 7dc33f28-0aa5-4ace-bfb8-59fc37fda62f@group-D7189323903B: change Leader from null to e0b36003-af5c-4ac6-a9db-e5286e4b95fb at term 2 for appendEntries, leader elected after 46ms
2019-10-05 03:39:09,716 [grpc-default-executor-1] INFO  impl.RaftServerImpl (ServerState.java:setRaftConf(356)) - 7dc33f28-0aa5-4ace-bfb8-59fc37fda62f@group-D7189323903B: set configuration 3: [7dc33f28-0aa5-4ace-bfb8-59fc37fda62f:192.168.30.52:34930, a8af7fda-8374-44be-a4b2-6d310b3e0e31:192.168.30.52:39680, e0b36003-af5c-4ac6-a9db-e5286e4b95fb:192.168.30.52:45949], old=null at 3
2019-10-05 03:39:09,716 [grpc-default-executor-1] INFO  segmented.SegmentedRaftLogWorker (SegmentedRaftLogWorker.java:rollLogSegment(390)) - 7dc33f28-0aa5-4ace-bfb8-59fc37fda62f@group-D7189323903B-SegmentedRaftLogWorker: Rolling segment log-0_2 to index:2
2019-10-05 03:39:09,717 [7dc33f28-0aa5-4ace-bfb8-59fc37fda62f@group-D7189323903B-SegmentedRaftLogWorker] INFO  segmented.SegmentedRaftLogWorker (SegmentedRaftLogWorker.java:execute(531)) - 7dc33f28-0aa5-4ace-bfb8-59fc37fda62f@group-D7189323903B-SegmentedRaftLogWorker: Rolled log segment from /workdir/hadoop-ozone/integration-test/target/test-dir/MiniOzoneClusterImpl-488e3676-e8d2-4e8a-b095-27ca3829cd58/datanode-1/data/ratis/6bff583e-f9ed-4986-a4d0-d7189323903b/current/log_inprogress_0 to /workdir/hadoop-ozone/integration-test/target/test-dir/MiniOzoneClusterImpl-488e3676-e8d2-4e8a-b095-27ca3829cd58/datanode-1/data/ratis/6bff583e-f9ed-4986-a4d0-d7189323903b/current/log_0-2
2019-10-05 03:39:09,758 [7dc33f28-0aa5-4ace-bfb8-59fc37fda62f@group-D7189323903B-SegmentedRaftLogWorker] INFO  segmented.SegmentedRaftLogWorker (SegmentedRaftLogWorker.java:execute(574)) - 7dc33f28-0aa5-4ace-bfb8-59fc37fda62f@group-D7189323903B-SegmentedRaftLogWorker: created new log segment /workdir/hadoop-ozone/integration-test/target/test-dir/MiniOzoneClusterImpl-488e3676-e8d2-4e8a-b095-27ca3829cd58/datanode-1/data/ratis/6bff583e-f9ed-4986-a4d0-d7189323903b/current/log_inprogress_3
2019-10-05 03:39:09,758 [e0b36003-af5c-4ac6-a9db-e5286e4b95fb@group-D7189323903B-SegmentedRaftLogWorker] INFO  segmented.SegmentedRaftLogWorker (SegmentedRaftLogWorker.java:execute(574)) - e0b36003-af5c-4ac6-a9db-e5286e4b95fb@group-D7189323903B-SegmentedRaftLogWorker: created new log segment /workdir/hadoop-ozone/integration-test/target/test-dir/MiniOzoneClusterImpl-488e3676-e8d2-4e8a-b095-27ca3829cd58/datanode-2/data/ratis/6bff583e-f9ed-4986-a4d0-d7189323903b/current/log_inprogress_3
2019-10-05 03:39:09,778 [grpc-default-executor-3] WARN  server.GrpcLogAppender (LogUtils.java:warn(134)) - e0b36003-af5c-4ac6-a9db-e5286e4b95fb@group-D7189323903B->a8af7fda-8374-44be-a4b2-6d310b3e0e31-AppendLogResponseHandler: Failed appendEntries: org.apache.ratis.thirdparty.io.grpc.StatusRuntimeException: UNAVAILABLE: io exception
2019-10-05 03:39:09,778 [grpc-default-executor-3] INFO  impl.FollowerInfo (FollowerInfo.java:lambda$new$0(51)) - e0b36003-af5c-4ac6-a9db-e5286e4b95fb@group-D7189323903B->a8af7fda-8374-44be-a4b2-6d310b3e0e31: nextIndex: updateUnconditionally 2 -> 1
2019-10-05 03:39:09,791 [grpc-default-executor-4] WARN  server.GrpcLogAppender (LogUtils.java:warn(134)) - e0b36003-af5c-4ac6-a9db-e5286e4b95fb@group-D7189323903B->a8af7fda-8374-44be-a4b2-6d310b3e0e31-AppendLogResponseHandler: Failed appendEntries: org.apache.ratis.thirdparty.io.grpc.StatusRuntimeException: UNAVAILABLE: io exception
2019-10-05 03:39:09,791 [grpc-default-executor-4] INFO  impl.FollowerInfo (FollowerInfo.java:lambda$new$0(51)) - e0b36003-af5c-4ac6-a9db-e5286e4b95fb@group-D7189323903B->a8af7fda-8374-44be-a4b2-6d310b3e0e31: nextIndex: updateUnconditionally 2 -> 1
2019-10-05 03:39:10,600 [grpc-default-executor-3] WARN  server.GrpcLogAppender (LogUtils.java:warn(134)) - e0b36003-af5c-4ac6-a9db-e5286e4b95fb@group-D7189323903B->a8af7fda-8374-44be-a4b2-6d310b3e0e31-AppendLogResponseHandler: Failed appendEntries: org.apache.ratis.thirdparty.io.grpc.StatusRuntimeException: UNAVAILABLE: io exception
2019-10-05 03:39:10,600 [grpc-default-executor-3] INFO  impl.FollowerInfo (FollowerInfo.java:lambda$new$0(51)) - e0b36003-af5c-4ac6-a9db-e5286e4b95fb@group-D7189323903B->a8af7fda-8374-44be-a4b2-6d310b3e0e31: nextIndex: updateUnconditionally 2 -> 1
2019-10-05 03:39:10,617 [grpc-default-executor-1] WARN  server.GrpcLogAppender (LogUtils.java:warn(134)) - e0b36003-af5c-4ac6-a9db-e5286e4b95fb@group-D7189323903B->a8af7fda-8374-44be-a4b2-6d310b3e0e31-AppendLogResponseHandler: Failed appendEntries: org.apache.ratis.thirdparty.io.grpc.StatusRuntimeException: UNAVAILABLE: io exception
2019-10-05 03:39:10,617 [grpc-default-executor-1] INFO  impl.FollowerInfo (FollowerInfo.java:lambda$new$0(51)) - e0b36003-af5c-4ac6-a9db-e5286e4b95fb@group-D7189323903B->a8af7fda-8374-44be-a4b2-6d310b3e0e31: nextIndex: updateUnconditionally 2 -> 1
2019-10-05 03:39:10,630 [grpc-default-executor-1] WARN  server.GrpcLogAppender (LogUtils.java:warn(134)) - e0b36003-af5c-4ac6-a9db-e5286e4b95fb@group-D7189323903B->a8af7fda-8374-44be-a4b2-6d310b3e0e31-AppendLogResponseHandler: Failed appendEntries: org.apache.ratis.thirdparty.io.grpc.StatusRuntimeException: UNAVAILABLE: io exception
2019-10-05 03:39:10,630 [grpc-default-executor-1] INFO  impl.FollowerInfo (FollowerInfo.java:lambda$new$0(51)) - e0b36003-af5c-4ac6-a9db-e5286e4b95fb@group-D7189323903B->a8af7fda-8374-44be-a4b2-6d310b3e0e31: nextIndex: updateUnconditionally 2 -> 1
2019-10-05 03:39:10,632 [EventQueue-IncrementalContainerReportForIncrementalContainerReportHandler] WARN  container.IncrementalContainerReportHandler (AbstractContainerReportHandler.java:updateContainerState(143)) - Container #1 is in OPEN state, but the datanode e0b36003-af5c-4ac6-a9db-e5286e4b95fb{ip: 192.168.30.52, host: pr-trunk-8bgv9-3736441219, networkLocation: /default-rack, certSerialId: null} reports an CLOSING replica.
2019-10-05 03:39:10,646 [EventQueue-IncrementalContainerReportForIncrementalContainerReportHandler] WARN  container.IncrementalContainerReportHandler (AbstractContainerReportHandler.java:updateContainerState(143)) - Container #1 is in OPEN state, but the datanode 7dc33f28-0aa5-4ace-bfb8-59fc37fda62f{ip: 192.168.30.52, host: pr-trunk-8bgv9-3736441219, networkLocation: /default-rack, certSerialId: null} reports an CLOSING replica.
2019-10-05 03:39:10,717 [RatisApplyTransactionExecutor 1] INFO  interfaces.Container (KeyValueContainer.java:flushAndSyncDB(386)) - Container 1 is synced with bcsId 0.
2019-10-05 03:39:10,794 [RatisApplyTransactionExecutor 1] INFO  interfaces.Container (KeyValueContainer.java:flushAndSyncDB(386)) - Container 1 is synced with bcsId 0.
2019-10-05 03:39:10,809 [RatisApplyTransactionExecutor 1] INFO  interfaces.Container (KeyValueContainer.java:flushAndSyncDB(386)) - Container 1 is synced with bcsId 0.
2019-10-05 03:39:10,809 [RatisApplyTransactionExecutor 1] INFO  interfaces.Container (KeyValueContainer.java:flushAndSyncDB(386)) - Container 1 is synced with bcsId 0.
2019-10-05 03:39:10,823 [RatisApplyTransactionExecutor 1] INFO  interfaces.Container (KeyValueContainer.java:close(335)) - Container 1 is closed with bcsId 0.
2019-10-05 03:39:10,823 [RatisApplyTransactionExecutor 1] INFO  interfaces.Container (KeyValueContainer.java:close(335)) - Container 1 is closed with bcsId 0.
2019-10-05 03:39:10,828 [EventQueue-IncrementalContainerReportForIncrementalContainerReportHandler] WARN  container.IncrementalContainerReportHandler (AbstractContainerReportHandler.java:updateContainerState(143)) - Container #1 is in OPEN state, but the datanode 7dc33f28-0aa5-4ace-bfb8-59fc37fda62f{ip: 192.168.30.52, host: pr-trunk-8bgv9-3736441219, networkLocation: /default-rack, certSerialId: null} reports an CLOSED replica.
2019-10-05 03:39:10,828 [EventQueue-IncrementalContainerReportForIncrementalContainerReportHandler] WARN  container.IncrementalContainerReportHandler (AbstractContainerReportHandler.java:updateContainerState(143)) - Container #1 is in OPEN state, but the datanode e0b36003-af5c-4ac6-a9db-e5286e4b95fb{ip: 192.168.30.52, host: pr-trunk-8bgv9-3736441219, networkLocation: /default-rack, certSerialId: null} reports an CLOSED replica.
2019-10-05 03:39:13,135 [grpc-default-executor-3] WARN  server.GrpcLogAppender (LogUtils.java:warn(134)) - e0b36003-af5c-4ac6-a9db-e5286e4b95fb@group-D7189323903B->a8af7fda-8374-44be-a4b2-6d310b3e0e31-AppendLogResponseHandler: Failed appendEntries: org.apache.ratis.thirdparty.io.grpc.StatusRuntimeException: UNAVAILABLE: io exception
2019-10-05 03:39:13,136 [grpc-default-executor-3] INFO  impl.FollowerInfo (FollowerInfo.java:lambda$new$0(51)) - e0b36003-af5c-4ac6-a9db-e5286e4b95fb@group-D7189323903B->a8af7fda-8374-44be-a4b2-6d310b3e0e31: nextIndex: updateUnconditionally 1 -> 0
2019-10-05 03:39:13,833 [main] WARN  scm.XceiverClientRatis (XceiverClientRatis.java:watchForCommit(269)) - 3 way commit failed on pipeline Pipeline[ Id: 6bff583e-f9ed-4986-a4d0-d7189323903b, Nodes: a8af7fda-8374-44be-a4b2-6d310b3e0e31{ip: 192.168.30.52, host: pr-trunk-8bgv9-3736441219, networkLocation: /default-rack, certSerialId: null}7dc33f28-0aa5-4ace-bfb8-59fc37fda62f{ip: 192.168.30.52, host: pr-trunk-8bgv9-3736441219, networkLocation: /default-rack, certSerialId: null}e0b36003-af5c-4ac6-a9db-e5286e4b95fb{ip: 192.168.30.52, host: pr-trunk-8bgv9-3736441219, networkLocation: /default-rack, certSerialId: null}, Type:RATIS, Factor:THREE, State:OPEN]
java.util.concurrent.TimeoutException
	at java.util.concurrent.CompletableFuture.timedGet(CompletableFuture.java:1771)
	at java.util.concurrent.CompletableFuture.get(CompletableFuture.java:1915)
	at org.apache.hadoop.hdds.scm.XceiverClientRatis.watchForCommit(XceiverClientRatis.java:266)
	at org.apache.hadoop.ozone.client.rpc.TestWatchForCommit.test2WayCommitForTimeoutException(TestWatchForCommit.java:391)
	at sun.reflect.NativeMethodAccessorImpl.invoke0(Native Method)
	at sun.reflect.NativeMethodAccessorImpl.invoke(NativeMethodAccessorImpl.java:62)
	at sun.reflect.DelegatingMethodAccessorImpl.invoke(DelegatingMethodAccessorImpl.java:43)
	at java.lang.reflect.Method.invoke(Method.java:498)
	at org.junit.runners.model.FrameworkMethod$1.runReflectiveCall(FrameworkMethod.java:47)
	at org.junit.internal.runners.model.ReflectiveCallable.run(ReflectiveCallable.java:12)
	at org.junit.runners.model.FrameworkMethod.invokeExplosively(FrameworkMethod.java:44)
	at org.junit.internal.runners.statements.InvokeMethod.evaluate(InvokeMethod.java:17)
	at org.junit.runners.ParentRunner.runLeaf(ParentRunner.java:271)
	at org.junit.runners.BlockJUnit4ClassRunner.runChild(BlockJUnit4ClassRunner.java:70)
	at org.junit.runners.BlockJUnit4ClassRunner.runChild(BlockJUnit4ClassRunner.java:50)
	at org.junit.runners.ParentRunner$3.run(ParentRunner.java:238)
	at org.junit.runners.ParentRunner$1.schedule(ParentRunner.java:63)
	at org.junit.runners.ParentRunner.runChildren(ParentRunner.java:236)
	at org.junit.runners.ParentRunner.access$000(ParentRunner.java:53)
	at org.junit.runners.ParentRunner$2.evaluate(ParentRunner.java:229)
	at org.junit.runners.ParentRunner.run(ParentRunner.java:309)
	at org.apache.maven.surefire.junit4.JUnit4Provider.execute(JUnit4Provider.java:365)
	at org.apache.maven.surefire.junit4.JUnit4Provider.executeWithRerun(JUnit4Provider.java:273)
	at org.apache.maven.surefire.junit4.JUnit4Provider.executeTestSet(JUnit4Provider.java:238)
	at org.apache.maven.surefire.junit4.JUnit4Provider.invoke(JUnit4Provider.java:159)
	at org.apache.maven.surefire.booter.ForkedBooter.invokeProviderInSameClassLoader(ForkedBooter.java:384)
	at org.apache.maven.surefire.booter.ForkedBooter.runSuitesInProcess(ForkedBooter.java:345)
	at org.apache.maven.surefire.booter.ForkedBooter.execute(ForkedBooter.java:126)
	at org.apache.maven.surefire.booter.ForkedBooter.main(ForkedBooter.java:418)
2019-10-05 03:39:13,844 [Thread-2565] INFO  client.GrpcClientProtocolService (GrpcClientProtocolService.java:lambda$processClientRequest$0(278)) - Failed RaftClientRequest:client-69ECFF577C03->7dc33f28-0aa5-4ace-bfb8-59fc37fda62f@group-D7189323903B, cid=106, seq=0, Watch-MAJORITY_COMMITTED(5), Message:<EMPTY>, reply=RaftClientReply:client-69ECFF577C03->7dc33f28-0aa5-4ace-bfb8-59fc37fda62f@group-D7189323903B, cid=106, FAILED org.apache.ratis.protocol.NotLeaderException: Server 7dc33f28-0aa5-4ace-bfb8-59fc37fda62f@group-D7189323903B is not the leader e0b36003-af5c-4ac6-a9db-e5286e4b95fb:192.168.30.52:45949, logIndex=0, commits[7dc33f28-0aa5-4ace-bfb8-59fc37fda62f:c6, a8af7fda-8374-44be-a4b2-6d310b3e0e31:c2, e0b36003-af5c-4ac6-a9db-e5286e4b95fb:c6]
2019-10-05 03:39:15,635 [grpc-default-executor-4] WARN  server.GrpcLogAppender (LogUtils.java:warn(134)) - e0b36003-af5c-4ac6-a9db-e5286e4b95fb@group-D7189323903B->a8af7fda-8374-44be-a4b2-6d310b3e0e31-AppendLogResponseHandler: Failed appendEntries: org.apache.ratis.thirdparty.io.grpc.StatusRuntimeException: UNAVAILABLE: io exception
2019-10-05 03:39:15,636 [grpc-default-executor-4] INFO  impl.FollowerInfo (FollowerInfo.java:lambda$new$0(51)) - e0b36003-af5c-4ac6-a9db-e5286e4b95fb@group-D7189323903B->a8af7fda-8374-44be-a4b2-6d310b3e0e31: nextIndex: updateUnconditionally 0 -> 0
]]></system-out>
  </testcase>
</testsuite>